0.0000e+00 2.3990e-11 1.8848e+00 1.7000e+03 3.4510e+03 4.2000e+03 2.2229e+20 1.9129e+20 1.9129e+20 1.0088e-01 0.0000e+00 4.1989e+04 0.0000e+00
1.0000e+01 2.3855e-11 1.8080e+00 1.7030e+03 3.4571e+03 4.2000e+03 2.0126e+20 1.8428e+20 1.8428e+20 1.0457e-01 0.0000e+00 4.0592e+04 0.0000e+00
2.0000e+01 2.3720e-11 1.7657e+00 1.7058e+03 3.4627e+03 4.2000e+03 1.9219e+20 1.7791e+20 1.7791e+20 1.0647e-01 0.0000e+00 3.9947e+04 0.0000e+00
3.0000e+01 2.3586e-11 1.7287e+00 1.7085e+03 3.4682e+03 4.2000e+03 1.8485e+20 1.7199e+20 1.7199e+20 1.0814e-01 0.0000e+00 3.9407e+04 0.0000e+00
4.0000e+01 2.3454e-11 1.6939e+00 1.7111e+03 3.4735e+03 4.2000e+03 1.7816e+20 1.6647e+20 1.6647e+20 1.0974e-01 0.0000e+00 3.8902e+04 0.0000e+00
5.0000e+01 2.3322e-11 1.6607e+00 1.7136e+03 3.4787e+03 4.2000e+03 1.7197e+20 1.6133e+20 1.6133e+20 1.1131e-01 0.0000e+00 3.8423e+04 0.0000e+00
6.0000e+01 2.3191e-11 1.6290e+00 1.7160e+03 3.4836e+03 4.2000e+03 1.6622e+20 1.5652e+20 1.5652e+20 1.1284e-01 0.0000e+00 3.7968e+04 0.0000e+00
7.0000e+01 2.3062e-11 1.5989e+00 1.7184e+03 3.4884e+03 4.2000e+03 1.6087e+20 1.5203e+20 1.5203e+20 1.1432e-01 0.0000e+00 3.7536e+04 0.0000e+00
8.0000e+01 2.2933e-11 1.5701e+00 1.7207e+03 3.4930e+03 4.2000e+03 1.5590e+20 1.4783e+20 1.4783e+20 1.1577e-01 0.0000e+00 3.7126e+04 0.0000e+00
9.0000e+01 2.2805e-11 1.5426e+00 1.7229e+03 3.4974e+03 4.2000e+03 1.5128e+20 1.4390e+20 1.4390e+20 1.1718e-01 0.0000e+00 3.6736e+04 0.0000e+00
1.0000e+02 2.2678e-11 1.5163e+00 1.7250e+03 3.5017e+03 4.2000e+03 1.4696e+20 1.4022e+20 1.4022e+20 1.1854e-01 0.0000e+00 3.6366e+04 0.0000e+00
1.1000e+02 2.2553e-11 1.4912e+00 1.7270e+03 3.5058e+03 4.2000e+03 1.4295e+20 1.3678e+20 1.3678e+20 1.1987e-01 0.0000e+00 3.6014e+04 0.0000e+00
1.2000e+02 2.2428e-11 1.4672e+00 1.7289e+03 3.5098e+03 4.2000e+03 1.3920e+20 1.3356e+20 1.3356e+20 1.2115e-01 0.0000e+00 3.5681e+04 0.0000e+00
1.3000e+02 2.2304e-11 1.4443e+00 1.7308e+03 3.5136e+03 4.2000e+03 1.3570e+20 1.3053e+20 1.3053e+20 1.2240e-01 0.0000e+00 3.5364e+04 0.0000e+00
1.4000e+02 2.2181e-11 1.4223e+00 1.7326e+03 3.5173e+03 4.2000e+03 1.3243e+20 1.2770e+20 1.2770e+20 1.2360e-01 0.0000e+00 3.5063e+04 0.0000e+00
1.5000e+02 2.2059e-11 1.4013e+00 1.7344e+03 3.5208e+03 4.2000e+03 1.2938e+20 1.2505e+20 1.2505e+20 1.2477e-01 0.0000e+00 3.4777e+04 0.0000e+00
1.6000e+02 2.1937e-11 1.3812e+00 1.7360e+03 3.5242e+03 4.2000e+03 1.2652e+20 1.2256e+20 1.2256e+20 1.2589e-01 0.0000e+00 3.4507e+04 0.0000e+00
1.7000e+02 2.1817e-11 1.3619e+00 1.7376e+03 3.5274e+03 4.2000e+03 1.2385e+20 1.2022e+20 1.2022e+20 1.2697e-01 0.0000e+00 3.4250e+04 0.0000e+00
1.8000e+02 2.1698e-11 1.3434e+00 1.7391e+03 3.5305e+03 4.2000e+03 1.2136e+20 1.1803e+20 1.1803e+20 1.2802e-01 0.0000e+00 3.4006e+04 0.0000e+00
1.9000e+02 2.1579e-11 1.3256e+00 1.7406e+03 3.5334e+03 4.2000e+03 1.1902e+20 1.1597e+20 1.1597e+20 1.2902e-01 0.0000e+00 3.3775e+04 0.0000e+00
2.0000e+02 2.1462e-11 1.3086e+00 1.7420e+03 3.5363e+03 4.2000e+03 1.1684e+20 1.1405e+20 1.1405e+20 1.2999e-01 0.0000e+00 3.3557e+04 0.0000e+00
2.1000e+02 2.1345e-11 1.2923e+00 1.7433e+03 3.5390e+03 4.2000e+03 1.1479e+20 1.1224e+20 1.1224e+20 1.3091e-01 0.0000e+00 3.3350e+04 0.0000e+00
2.2000e+02 2.1229e-11 1.2766e+00 1.7446e+03 3.5415e+03 4.2000e+03 1.1288e+20 1.1054e+20 1.1054e+20 1.3180e-01 0.0000e+00 3.3154e+04 0.0000e+00
2.3000e+02 2.1114e-11 1.2616e+00 1.7458e+03 3.5440e+03 4.2000e+03 1.1109e+20 1.0895e+20 1.0895e+20 1.3265e-01 0.0000e+00 3.2969e+04 0.0000e+00
2.4000e+02 2.1000e-11 1.2471e+00 1.7469e+03 3.5463e+03 4.2000e+03 1.0942e+20 1.0747e+20 1.0747e+20 1.3346e-01 0.0000e+00 3.2794e+04 0.0000e+00
2.5000e+02 2.0886e-11 1.2332e+00 1.7480e+03 3.5486e+03 4.2000e+03 1.0786e+20 1.0607e+20 1.0607e+20 1.3424e-01 0.0000e+00 3.2629e+04 0.0000e+00
2.6000e+02 2.0774e-11 1.2198e+00 1.7491e+03 3.5507e+03 4.2000e+03 1.0640e+20 1.0476e+20 1.0476e+20 1.3498e-01 0.0000e+00 3.2473e+04 0.0000e+00
2.7000e+02 2.0662e-11 1.2070e+00 1.7501e+03 3.5527e+03 4.2000e+03 1.0503e+20 1.0354e+20 1.0354e+20 1.3568e-01 0.0000e+00 3.2326e+04 0.0000e+00
2.8000e+02 2.0551e-11 1.1946e+00 1.7510e+03 3.5545e+03 4.2000e+03 1.0376e+20 1.0240e+20 1.0240e+20 1.3635e-01 0.0000e+00 3.2188e+04 0.0000e+00
2.9000e+02 2.0441e-11 1.1827e+00 1.7519e+03 3.5563e+03 4.2000e+03 1.0257e+20 1.0134e+20 1.0134e+20 1.3699e-01 0.0000e+00 3.2059e+04 0.0000e+00
3.0000e+02 2.0332e-11 1.1713e+00 1.7527e+03 3.5580e+03 4.2000e+03 1.0147e+20 1.0034e+20 1.0034e+20 1.3759e-01 0.0000e+00 3.1937e+04 0.0000e+00
3.1000e+02 2.0224e-11 1.1603e+00 1.7535e+03 3.5596e+03 4.2000e+03 1.0044e+20 9.9415e+19 9.9415e+19 1.3815e-01 0.0000e+00 3.1823e+04 0.0000e+00
3.2000e+02 2.0116e-11 1.1496e+00 1.7542e+03 3.5611e+03 4.2000e+03 9.9481e+19 9.8553e+19 9.8553e+19 1.3869e-01 0.0000e+00 3.1717e+04 0.0000e+00
3.3000e+02 2.0009e-11 1.1394e+00 1.7549e+03 3.5625e+03 4.2000e+03 9.8594e+19 9.7753e+19 9.7753e+19 1.3919e-01 0.0000e+00 3.1617e+04 0.0000e+00
3.4000e+02 1.9903e-11 1.1296e+00 1.7555e+03 3.5638e+03 4.2000e+03 9.7772e+19 9.7011e+19 9.7011e+19 1.3966e-01 0.0000e+00 3.1524e+04 0.0000e+00
3.5000e+02 1.9798e-11 1.1201e+00 1.7561e+03 3.5650e+03 4.2000e+03 9.7013e+19 9.6325e+19 9.6325e+19 1.4010e-01 0.0000e+00 3.1438e+04 0.0000e+00
3.6000e+02 1.9693e-11 1.1109e+00 1.7567e+03 3.5661e+03 4.2000e+03 9.6313e+19 9.5691e+19 9.5691e+19 1.4051e-01 0.0000e+00 3.1359e+04 0.0000e+00
3.7000e+02 1.9589e-11 1.1021e+00 1.7572e+03 3.5672e+03 4.2000e+03 9.5670e+19 9.5109e+19 9.5109e+19 1.4089e-01 0.0000e+00 3.1285e+04 0.0000e+00
3.8000e+02 1.9486e-11 1.0935e+00 1.7577e+03 3.5682e+03 4.2000e+03 9.5080e+19 9.4575e+19 9.4575e+19 1.4124e-01 0.0000e+00 3.1217e+04 0.0000e+00
3.9000e+02 1.9384e-11 1.0853e+00 1.7581e+03 3.5691e+03 4.2000e+03 9.4541e+19 9.4087e+19 9.4087e+19 1.4156e-01 0.0000e+00 3.1155e+04 0.0000e+00
4.0000e+02 1.9283e-11 1.0774e+00 1.7585e+03 3.5699e+03 4.2000e+03 9.4052e+19 9.3643e+19 9.3643e+19 1.4186e-01 0.0000e+00 3.1098e+04 0.0000e+00
4.1000e+02 1.9182e-11 1.0697e+00 1.7589e+03 3.5706e+03 4.2000e+03 9.3609e+19 9.3242e+19 9.3242e+19 1.4213e-01 0.0000e+00 3.1047e+04 0.0000e+00
4.2000e+02 1.9082e-11 1.0623e+00 1.7592e+03 3.5713e+03 4.2000e+03 9.3212e+19 9.2882e+19 9.2882e+19 1.4237e-01 0.0000e+00 3.1001e+04 0.0000e+00
4.3000e+02 1.8983e-11 1.0551e+00 1.7595e+03 3.5719e+03 4.2000e+03 9.2857e+19 9.2561e+19 9.2561e+19 1.4259e-01 0.0000e+00 3.0959e+04 0.0000e+00
4.4000e+02 1.8884e-11 1.0482e+00 1.7598e+03 3.5724e+03 4.2000e+03 9.2543e+19 9.2277e+19 9.2277e+19 1.4279e-01 0.0000e+00 3.0922e+04 0.0000e+00
4.5000e+02 1.8786e-11 1.0416e+00 1.7600e+03 3.5729e+03 4.2000e+03 9.2269e+19 9.2029e+19 9.2029e+19 1.4296e-01 0.0000e+00 3.0890e+04 0.0000e+00
4.6000e+02 1.8689e-11 1.0351e+00 1.7602e+03 3.5733e+03 4.2000e+03 9.2034e+19 9.1816e+19 9.1816e+19 1.4311e-01 0.0000e+00 3.0863e+04 0.0000e+00
4.7000e+02 1.8593e-11 1.0289e+00 1.7604e+03 3.5736e+03 4.2000e+03 9.1834e+19 9.1636e+19 9.1636e+19 1.4323e-01 0.0000e+00 3.0839e+04 0.0000e+00
4.8000e+02 1.8497e-11 1.0228e+00 1.7605e+03 3.5739e+03 4.2000e+03 9.1670e+19 9.1488e+19 9.1488e+19 1.4333e-01 0.0000e+00 3.0820e+04 0.0000e+00
4.9000e+02 1.8402e-11 1.0170e+00 1.7606e+03 3.5741e+03 4.2000e+03 9.1540e+19 9.1371e+19 9.1371e+19 1.4342e-01 0.0000e+00 3.0804e+04 0.0000e+00
5.0000e+02 1.8307e-11 1.0113e+00 1.7607e+03 3.5743e+03 4.2000e+03 9.1442e+19 9.1284e+19 9.1284e+19 1.4348e-01 0.0000e+00 3.0793e+04 0.0000e+00
5.1000e+02 1.8214e-11 1.0059e+00 1.7607e+03 3.5744e+03 4.2000e+03 9.1376e+19 9.1226e+19 9.1226e+19 1.4352e-01 0.0000e+00 3.0785e+04 0.0000e+00
5.2000e+02 1.8121e-11 1.0006e+00 1.7608e+03 3.5744e+03 4.2000e+03 9.1341e+19 9.1196e+19 9.1196e+19 1.4354e-01 0.0000e+00 3.0781e+04 0.0000e+00
5.3000e+02 1.8028e-11 9.9546e-01 1.7608e+03 3.5744e+03 4.2000e+03 9.1335e+19 9.1193e+19 9.1193e+19 1.4354e-01 0.0000e+00 3.0780e+04 0.0000e+00
5.4000e+02 1.7937e-11 9.9050e-01 1.7608e+03 3.5744e+03 4.2000e+03 9.1358e+19 9.1217e+19 9.1217e+19 1.4353e-01 0.0000e+00 3.0783e+04 0.0000e+00
5.5000e+02 1.7846e-11 9.8570e-01 1.7607e+03 3.5743e+03 4.2000e+03 9.1409e+19 9.1265e+19 9.1265e+19 1.4350e-01 0.0000e+00 3.0789e+04 0.0000e+00
5.6000e+02 1.7755e-11 9.8104e-01 1.7606e+03 3.5742e+03 4.2000e+03 9.1486e+19 9.1338e+19 9.1338e+19 1.4345e-01 0.0000e+00 3.0798e+04 0.0000e+00
5.7000e+02 1.7666e-11 9.7653e-01 1.7606e+03 3.5740e+03 4.2000e+03 9.1589e+19 9.1435e+19 9.1435e+19 1.4338e-01 0.0000e+00 3.0810e+04 0.0000e+00
5.8000e+02 1.7577e-11 9.7216e-01 1.7604e+03 3.5737e+03 4.2000e+03 9.1718e+19 9.1555e+19 9.1555e+19 1.4330e-01 0.0000e+00 3.0826e+04 0.0000e+00
5.9000e+02 1.7488e-11 9.6793e-01 1.7603e+03 3.5735e+03 4.2000e+03 9.1871e+19 9.1698e+19 9.1698e+19 1.4320e-01 0.0000e+00 3.0844e+04 0.0000e+00
6.0000e+02 1.7400e-11 9.6382e-01 1.7602e+03 3.5732e+03 4.2000e+03 9.2049e+19 9.1863e+19 9.1863e+19 1.4309e-01 0.0000e+00 3.0865e+04 0.0000e+00
6.1000e+02 1.7313e-11 9.5984e-01 1.7600e+03 3.5728e+03 4.2000e+03 9.2249e+19 9.2048e+19 9.2048e+19 1.4297e-01 0.0000e+00 3.0888e+04 0.0000e+00
6.2000e+02 1.7227e-11 9.5597e-01 1.7598e+03 3.5724e+03 4.2000e+03 9.2473e+19 9.2255e+19 9.2255e+19 1.4283e-01 0.0000e+00 3.0914e+04 0.0000e+00
6.3000e+02 1.7141e-11 9.5223e-01 1.7596e+03 3.5720e+03 4.2000e+03 9.2718e+19 9.2482e+19 9.2482e+19 1.4267e-01 0.0000e+00 3.0943e+04 0.0000e+00
6.4000e+02 1.7055e-11 9.4859e-01 1.7594e+03 3.5716e+03 4.2000e+03 9.2986e+19 9.2729e+19 9.2729e+19 1.4251e-01 0.0000e+00 3.0974e+04 0.0000e+00
6.5000e+02 1.6971e-11 9.4506e-01 1.7591e+03 3.5711e+03 4.2000e+03 9.3274e+19 9.2995e+19 9.2995e+19 1.4233e-01 0.0000e+00 3.1008e+04 0.0000e+00
6.6000e+02 1.6887e-11 9.4164e-01 1.7589e+03 3.5705e+03 4.2000e+03 9.3583e+19 9.3279e+19 9.3279e+19 1.4214e-01 0.0000e+00 3.1044e+04 0.0000e+00
6.7000e+02 1.6803e-11 9.3831e-01 1.7586e+03 3.5700e+03 4.2000e+03 9.3913e+19 9.3582e+19 9.3582e+19 1.4194e-01 0.0000e+00 3.1083e+04 0.0000e+00
6.8000e+02 1.6720e-11 9.3509e-01 1.7583e+03 3.5694e+03 4.2000e+03 9.4262e+19 9.3904e+19 9.3904e+19 1.4172e-01 0.0000e+00 3.1123e+04 0.0000e+00
6.9000e+02 1.6638e-11 9.3195e-01 1.7580e+03 3.5688e+03 4.2000e+03 9.4631e+19 9.4242e+19 9.4242e+19 1.4150e-01 0.0000e+00 3.1166e+04 0.0000e+00
7.0000e+02 1.6556e-11 9.2891e-01 1.7577e+03 3.5681e+03 4.2000e+03 9.5019e+19 9.4598e+19 9.4598e+19 1.4127e-01 0.0000e+00 3.1211e+04 0.0000e+00
7.1000e+02 1.6475e-11 9.2595e-01 1.7573e+03 3.5674e+03 4.2000e+03 9.5425e+19 9.4971e+19 9.4971e+19 1.4102e-01 0.0000e+00 3.1257e+04 0.0000e+00
7.2000e+02 1.6394e-11 9.2307e-01 1.7570e+03 3.5667e+03 4.2000e+03 9.5850e+19 9.5360e+19 9.5360e+19 1.4077e-01 0.0000e+00 3.1306e+04 0.0000e+00
7.3000e+02 1.6314e-11 9.2028e-01 1.7566e+03 3.5660e+03 4.2000e+03 9.6293e+19 9.5766e+19 9.5766e+19 1.4051e-01 0.0000e+00 3.1357e+04 0.0000e+00
7.4000e+02 1.6235e-11 9.1756e-01 1.7563e+03 3.5653e+03 4.2000e+03 9.6754e+19 9.6188e+19 9.6188e+19 1.4024e-01 0.0000e+00 3.1409e+04 0.0000e+00
7.5000e+02 1.6156e-11 9.1493e-01 1.7559e+03 3.5645e+03 4.2000e+03 9.7232e+19 9.6625e+19 9.6625e+19 1.3996e-01 0.0000e+00 3.1464e+04 0.0000e+00
7.6000e+02 1.6078e-11 9.1236e-01 1.7555e+03 3.5637e+03 4.2000e+03 9.7727e+19 9.7077e+19 9.7077e+19 1.3967e-01 0.0000e+00 3.1520e+04 0.0000e+00
7.7000e+02 1.6000e-11 9.0986e-01 1.7551e+03 3.5629e+03 4.2000e+03 9.8239e+19 9.7545e+19 9.7545e+19 1.3938e-01 0.0000e+00 3.1578e+04 0.0000e+00
7.8000e+02 1.5923e-11 9.0744e-01 1.7547e+03 3.5620e+03 4.2000e+03 9.8768e+19 9.8028e+19 9.8028e+19 1.3907e-01 0.0000e+00 3.1637e+04 0.0000e+00
7.9000e+02 1.5846e-11 9.0508e-01 1.7542e+03 3.5611e+03 4.2000e+03 9.9314e+19 9.8525e+19 9.8525e+19 1.3877e-01 0.0000e+00 3.1699e+04 0.0000e+00
8.0000e+02 1.5770e-11 9.0278e-01 1.7538e+03 3.5603e+03 4.2000e+03 9.9876e+19 9.9036e+19 9.9036e+19 1.3845e-01 0.0000e+00 3.1761e+04 0.0000e+00
8.1000e+02 1.5694e-11 9.0054e-01 1.7533e+03 3.5593e+03 4.2000e+03 1.0045e+20 9.9562e+19 9.9562e+19 1.3813e-01 0.0000e+00 3.1826e+04 0.0000e+00
8.2000e+02 1.5619e-11 8.9837e-01 1.7529e+03 3.5584e+03 4.2000e+03 1.0105e+20 1.0010e+20 1.0010e+20 1.3780e-01 0.0000e+00 3.1892e+04 0.0000e+00
8.3000e+02 1.5544e-11 8.9625e-01 1.7524e+03 3.5575e+03 4.2000e+03 1.0166e+20 1.0066e+20 1.0066e+20 1.3747e-01 0.0000e+00 3.1959e+04 0.0000e+00
8.4000e+02 1.5470e-11 8.9419e-01 1.7520e+03 3.5565e+03 4.2000e+03 1.0228e+20 1.0122e+20 1.0122e+20 1.3713e-01 0.0000e+00 3.2028e+04 0.0000e+00
8.5000e+02 1.5397e-11 8.9218e-01 1.7515e+03 3.5555e+03 4.2000e+03 1.0292e+20 1.0180e+20 1.0180e+20 1.3678e-01 0.0000e+00 3.2098e+04 0.0000e+00
8.6000e+02 1.5324e-11 8.9023e-01 1.7510e+03 3.5546e+03 4.2000e+03 1.0358e+20 1.0240e+20 1.0240e+20 1.3643e-01 0.0000e+00 3.2170e+04 0.0000e+00
8.7000e+02 1.5251e-11 8.8832e-01 1.7505e+03 3.5535e+03 4.2000e+03 1.0425e+20 1.0300e+20 1.0300e+20 1.3608e-01 0.0000e+00 3.2242e+04 0.0000e+00
8.8000e+02 1.5179e-11 8.8647e-01 1.7500e+03 3.5525e+03 4.2000e+03 1.0493e+20 1.0362e+20 1.0362e+20 1.3572e-01 0.0000e+00 3.2317e+04 0.0000e+00
8.9000e+02 1.5108e-11 8.8466e-01 1.7495e+03 3.5515e+03 4.2000e+03 1.0563e+20 1.0426e+20 1.0426e+20 1.3535e-01 0.0000e+00 3.2392e+04 0.0000e+00
9.0000e+02 1.5037e-11 8.8290e-01 1.7490e+03 3.5504e+03 4.2000e+03 1.0635e+20 1.0490e+20 1.0490e+20 1.3499e-01 0.0000e+00 3.2469e+04 0.0000e+00
9.1000e+02 1.4966e-11 8.8119e-01 1.7484e+03 3.5494e+03 4.2000e+03 1.0708e+20 1.0556e+20 1.0556e+20 1.3462e-01 0.0000e+00 3.2547e+04 0.0000e+00
9.2000e+02 1.4896e-11 8.7952e-01 1.7479e+03 3.5483e+03 4.2000e+03 1.0782e+20 1.0623e+20 1.0623e+20 1.3424e-01 0.0000e+00 3.2626e+04 0.0000e+00
9.3000e+02 1.4827e-11 8.7789e-01 1.7474e+03 3.5472e+03 4.2000e+03 1.0858e+20 1.0691e+20 1.0691e+20 1.3386e-01 0.0000e+00 3.2706e+04 0.0000e+00
9.4000e+02 1.4757e-11 8.7630e-01 1.7468e+03 3.5461e+03 4.2000e+03 1.0935e+20 1.0761e+20 1.0761e+20 1.3348e-01 0.0000e+00 3.2788e+04 0.0000e+00
9.5000e+02 1.4689e-11 8.7475e-01 1.7463e+03 3.5450e+03 4.2000e+03 1.1014e+20 1.0832e+20 1.0832e+20 1.3309e-01 0.0000e+00 3.2870e+04 0.0000e+00
9.6000e+02 1.4621e-11 8.7324e-01 1.7457e+03 3.5439e+03 4.2000e+03 1.1094e+20 1.0903e+20 1.0903e+20 1.3271e-01 0.0000e+00 3.2954e+04 0.0000e+00
9.7000e+02 1.4553e-11 8.7176e-01 1.7452e+03 3.5427e+03 4.2000e+03 1.1175e+20 1.0977e+20 1.0977e+20 1.3232e-01 0.0000e+00 3.3038e+04 0.0000e+00
9.8000e+02 1.4486e-11 8.7032e-01 1.7446e+03 3.5416e+03 4.2000e+03 1.1258e+20 1.1051e+20 1.1051e+20 1.3192e-01 0.0000e+00 3.3124e+04 0.0000e+00
9.9000e+02 1.4419e-11 8.6892e-01 1.7440e+03 3.5404e+03 4.2000e+03 1.1342e+20 1.1126e+20 1.1126e+20 1.3153e-01 0.0000e+00 3.3211e+04 0.0000e+00
1.0000e+03 1.4353e-11 8.6755e-01 1.7435e+03 3.5393e+03 4.2000e+03 1.1428e+20 1.1203e+20 1.1203e+20 1.3113e-01 0.0000e+00 3.3299e+04 0.0000e+00
1.0100e+03 1.4287e-11 8.6622e-01 1.7429e+03 3.5381e+03 4.2000e+03 1.1515e+20 1.1280e+20 1.1280e+20 1.3073e-01 0.0000e+00 3.3387e+04 0.0000e+00
1.0200e+03 1.4222e-11 8.6491e-01 1.7423e+03 3.5369e+03 4.2000e+03 1.1603e+20 1.1359e+20 1.1359e+20 1.3033e-01 0.0000e+00 3.3477e+04 0.0000e+00
1.0300e+03 1.4157e-11 8.6364e-01 1.7417e+03 3.5358e+03 4.2000e+03 1.1693e+20 1.1439e+20 1.1439e+20 1.2992e-01 0.0000e+00 3.3567e+04 0.0000e+00
1.0400e+03 1.4092e-11 8.6240e-01 1.7411e+03 3.5346e+03 4.2000e+03 1.1784e+20 1.1520e+20 1.1520e+20 1.2952e-01 0.0000e+00 3.3659e+04 0.0000e+00
1.0500e+03 1.4028e-11 8.6119e-01 1.7405e+03 3.5334e+03 4.2000e+03 1.1876e+20 1.1603e+20 1.1603e+20 1.2911e-01 0.0000e+00 3.3751e+04 0.0000e+00
1.0600e+03 1.3965e-11 8.6000e-01 1.7400e+03 3.5322e+03 4.2000e+03 1.1970e+20 1.1686e+20 1.1686e+20 1.2870e-01 0.0000e+00 3.3844e+04 0.0000e+00
1.0700e+03 1.3902e-11 8.5884e-01 1.7394e+03 3.5309e+03 4.2000e+03 1.2065e+20 1.1771e+20 1.1771e+20 1.2829e-01 0.0000e+00 3.3938e+04 0.0000e+00
1.0800e+03 1.3839e-11 8.5772e-01 1.7388e+03 3.5297e+03 4.2000e+03 1.2162e+20 1.1856e+20 1.1856e+20 1.2788e-01 0.0000e+00 3.4033e+04 0.0000e+00
1.0900e+03 1.3777e-11 8.5661e-01 1.7382e+03 3.5285e+03 4.2000e+03 1.2259e+20 1.1943e+20 1.1943e+20 1.2747e-01 0.0000e+00 3.4129e+04 0.0000e+00
1.1000e+03 1.3715e-11 8.5553e-01 1.7375e+03 3.5273e+03 4.2000e+03 1.2359e+20 1.2031e+20 1.2031e+20 1.2706e-01 0.0000e+00 3.4226e+04 0.0000e+00
1.1100e+03 1.3653e-11 8.5448e-01 1.7369e+03 3.5260e+03 4.2000e+03 1.2459e+20 1.2119e+20 1.2119e+20 1.2664e-01 0.0000e+00 3.4323e+04 0.0000e+00
1.1200e+03 1.3592e-11 8.5345e-01 1.7363e+03 3.5248e+03 4.2000e+03 1.2561e+20 1.2209e+20 1.2209e+20 1.2623e-01 0.0000e+00 3.4421e+04 0.0000e+00
1.1300e+03 1.3532e-11 8.5244e-01 1.7357e+03 3.5235e+03 4.2000e+03 1.2664e+20 1.2300e+20 1.2300e+20 1.2582e-01 0.0000e+00 3.4520e+04 0.0000e+00
1.1400e+03 1.3471e-11 8.5146e-01 1.7351e+03 3.5223e+03 4.2000e+03 1.2768e+20 1.2392e+20 1.2392e+20 1.2540e-01 0.0000e+00 3.4619e+04 0.0000e+00
1.1500e+03 1.3412e-11 8.5050e-01 1.7345e+03 3.5210e+03 4.2000e+03 1.2874e+20 1.2485e+20 1.2485e+20 1.2499e-01 0.0000e+00 3.4720e+04 0.0000e+00
1.1600e+03 1.3352e-11 8.4956e-01 1.7339e+03 3.5198e+03 4.2000e+03 1.2981e+20 1.2580e+20 1.2580e+20 1.2457e-01 0.0000e+00 3.4821e+04 0.0000e+00
1.1700e+03 1.3293e-11 8.4864e-01 1.7332e+03 3.5185e+03 4.2000e+03 1.3090e+20 1.2675e+20 1.2675e+20 1.2415e-01 0.0000e+00 3.4922e+04 0.0000e+00
1.1800e+03 1.3235e-11 8.4774e-01 1.7326e+03 3.5173e+03 4.2000e+03 1.3200e+20 1.2771e+20 1.2771e+20 1.2374e-01 0.0000e+00 3.5025e+04 0.0000e+00
1.1900e+03 1.3176e-11 8.4686e-01 1.7320e+03 3.5160e+03 4.2000e+03 1.3311e+20 1.2869e+20 1.2869e+20 1.2332e-01 0.0000e+00 3.5128e+04 0.0000e+00
1.2000e+03 1.3119e-11 8.4601e-01 1.7314e+03 3.5147e+03 4.2000e+03 1.3423e+20 1.2967e+20 1.2967e+20 1.2290e-01 0.0000e+00 3.5232e+04 0.0000e+00
1.2100e+03 1.3061e-11 8.4516e-01 1.7307e+03 3.5134e+03 4.2000e+03 1.3537e+20 1.3066e+20 1.3066e+20 1.2249e-01 0.0000e+00 3.5336e+04 0.0000e+00
1.2200e+03 1.3004e-11 8.4434e-01 1.7301e+03 3.5122e+03 4.2000e+03 1.3652e+20 1.3167e+20 1.3167e+20 1.2207e-01 0.0000e+00 3.5441e+04 0.0000e+00
1.2300e+03 1.2947e-11 8.4354e-01 1.7295e+03 3.5109e+03 4.2000e+03 1.3769e+20 1.3268e+20 1.3268e+20 1.2166e-01 0.0000e+00 3.5547e+04 0.0000e+00
1.2400e+03 1.2891e-11 8.4275e-01 1.7288e+03 3.5096e+03 4.2000e+03 1.3886e+20 1.3371e+20 1.3371e+20 1.2124e-01 0.0000e+00 3.5653e+04 0.0000e+00
1.2500e+03 1.2835e-11 8.4198e-01 1.7282e+03 3.5083e+03 4.2000e+03 1.4005e+20 1.3475e+20 1.3475e+20 1.2082e-01 0.0000e+00 3.5760e+04 0.0000e+00
1.2600e+03 1.2780e-11 8.4123e-01 1.7276e+03 3.5070e+03 4.2000e+03 1.4126e+20 1.3579e+20 1.3579e+20 1.2041e-01 0.0000e+00 3.5867e+04 0.0000e+00
1.2700e+03 1.2725e-11 8.4049e-01 1.7269e+03 3.5058e+03 4.2000e+03 1.4248e+20 1.3685e+20 1.3685e+20 1.1999e-01 0.0000e+00 3.5975e+04 0.0000e+00
1.2800e+03 1.2670e-11 8.3977e-01 1.7263e+03 3.5045e+03 4.2000e+03 1.4371e+20 1.3792e+20 1.3792e+20 1.1958e-01 0.0000e+00 3.6084e+04 0.0000e+00
1.2900e+03 1.2615e-11 8.3906e-01 1.7257e+03 3.5032e+03 4.2000e+03 1.4495e+20 1.3899e+20 1.3899e+20 1.1917e-01 0.0000e+00 3.6193e+04 0.0000e+00
1.3000e+03 1.2561e-11 8.3837e-01 1.7250e+03 3.5019e+03 4.2000e+03 1.4621e+20 1.4008e+20 1.4008e+20 1.1875e-01 0.0000e+00 3.6303e+04 0.0000e+00
1.3100e+03 1.2508e-11 8.3769e-01 1.7244e+03 3.5006e+03 4.2000e+03 1.4748e+20 1.4118e+20 1.4118e+20 1.1834e-01 0.0000e+00 3.6413e+04 0.0000e+00
1.3200e+03 1.2454e-11 8.3703e-01 1.7238e+03 3.4993e+03 4.2000e+03 1.4877e+20 1.4229e+20 1.4229e+20 1.1793e-01 0.0000e+00 3.6524e+04 0.0000e+00
1.3300e+03 1.2401e-11 8.3638e-01 1.7231e+03 3.4980e+03 4.2000e+03 1.5006e+20 1.4341e+20 1.4341e+20 1.1752e-01 0.0000e+00 3.6635e+04 0.0000e+00
1.3400e+03 1.2349e-11 8.3574e-01 1.7225e+03 3.4967e+03 4.2000e+03 1.5138e+20 1.4453e+20 1.4453e+20 1.1711e-01 0.0000e+00 3.6747e+04 0.0000e+00
1.3500e+03 1.2296e-11 8.3512e-01 1.7219e+03 3.4954e+03 4.2000e+03 1.5270e+20 1.4567e+20 1.4567e+20 1.1670e-01 0.0000e+00 3.6860e+04 0.0000e+00
1.3600e+03 1.2244e-11 8.3451e-01 1.7212e+03 3.4941e+03 4.2000e+03 1.5404e+20 1.4682e+20 1.4682e+20 1.1629e-01 0.0000e+00 3.6973e+04 0.0000e+00
1.3700e+03 1.2193e-11 8.3391e-01 1.7206e+03 3.4928e+03 4.2000e+03 1.5539e+20 1.4798e+20 1.4798e+20 1.1589e-01 0.0000e+00 3.7086e+04 0.0000e+00
1.3800e+03 1.2141e-11 8.3332e-01 1.7199e+03 3.4915e+03 4.2000e+03 1.5676e+20 1.4915e+20 1.4915e+20 1.1548e-01 0.0000e+00 3.7200e+04 0.0000e+00
1.3900e+03 1.2090e-11 8.3275e-01 1.7193e+03 3.4902e+03 4.2000e+03 1.5814e+20 1.5033e+20 1.5033e+20 1.1507e-01 0.0000e+00 3.7314e+04 0.0000e+00
1.4000e+03 1.2040e-11 8.3219e-01 1.7187e+03 3.4889e+03 4.2000e+03 1.5953e+20 1.5152e+20 1.5152e+20 1.1467e-01 0.0000e+00 3.7429e+04 0.0000e+00
1.4100e+03 1.1990e-11 8.3164e-01 1.7180e+03 3.4876e+03 4.2000e+03 1.6094e+20 1.5272e+20 1.5272e+20 1.1427e-01 0.0000e+00 3.7544e+04 0.0000e+00
1.4200e+03 1.1940e-11 8.3110e-01 1.7174e+03 3.4864e+03 4.2000e+03 1.6236e+20 1.5392e+20 1.5392e+20 1.1387e-01 0.0000e+00 3.7660e+04 0.0000e+00
1.4300e+03 1.1890e-11 8.3057e-01 1.7168e+03 3.4851e+03 4.2000e+03 1.6379e+20 1.5514e+20 1.5514e+20 1.1346e-01 0.0000e+00 3.7776e+04 0.0000e+00
1.4400e+03 1.1841e-11 8.3005e-01 1.7161e+03 3.4838e+03 4.2000e+03 1.6524e+20 1.5637e+20 1.5637e+20 1.1306e-01 0.0000e+00 3.7893e+04 0.0000e+00
1.4500e+03 1.1792e-11 8.2954e-01 1.7155e+03 3.4825e+03 4.2000e+03 1.6670e+20 1.5761e+20 1.5761e+20 1.1267e-01 0.0000e+00 3.8010e+04 0.0000e+00
1.4600e+03 1.1743e-11 8.2904e-01 1.7148e+03 3.4812e+03 4.2000e+03 1.6818e+20 1.5886e+20 1.5886e+20 1.1227e-01 0.0000e+00 3.8128e+04 0.0000e+00
1.4700e+03 1.1695e-11 8.2856e-01 1.7142e+03 3.4799e+03 4.2000e+03 1.6967e+20 1.6012e+20 1.6012e+20 1.1187e-01 0.0000e+00 3.8246e+04 0.0000e+00
1.4800e+03 1.1647e-11 8.2808e-01 1.7136e+03 3.4786e+03 4.2000e+03 1.7117e+20 1.6139e+20 1.6139e+20 1.1148e-01 0.0000e+00 3.8364e+04 0.0000e+00
1.4900e+03 1.1599e-11 8.2761e-01 1.7129e+03 3.4773e+03 4.2000e+03 1.7269e+20 1.6267e+20 1.6267e+20 1.1108e-01 0.0000e+00 3.8483e+04 0.0000e+00
1.5000e+03 1.1552e-11 8.2715e-01 1.7123e+03 3.4760e+03 4.2000e+03 1.7422e+20 1.6396e+20 1.6396e+20 1.1069e-01 0.0000e+00 3.8602e+04 0.0000e+00
1.5100e+03 1.1505e-11 8.2670e-01 1.7117e+03 3.4747e+03 4.2000e+03 1.7577e+20 1.6526e+20 1.6526e+20 1.1030e-01 0.0000e+00 3.8721e+04 0.0000e+00
1.5200e+03 1.1458e-11 8.2626e-01 1.7110e+03 3.4734e+03 4.2000e+03 1.7733e+20 1.6657e+20 1.6657e+20 1.0991e-01 0.0000e+00 3.8841e+04 0.0000e+00
1.5300e+03 1.1411e-11 8.2582e-01 1.7104e+03 3.4722e+03 4.2000e+03 1.7891e+20 1.6789e+20 1.6789e+20 1.0952e-01 0.0000e+00 3.8962e+04 0.0000e+00
1.5400e+03 1.1365e-11 8.2540e-01 1.7098e+03 3.4709e+03 4.2000e+03 1.8049e+20 1.6922e+20 1.6922e+20 1.0914e-01 0.0000e+00 3.9083e+04 0.0000e+00
1.5500e+03 1.1319e-11 8.2498e-01 1.7091e+03 3.4696e+03 4.2000e+03 1.8210e+20 1.7056e+20 1.7056e+20 1.0875e-01 0.0000e+00 3.9204e+04 0.0000e+00
1.5600e+03 1.1274e-11 8.2457e-01 1.7085e+03 3.4683e+03 4.2000e+03 1.8371e+20 1.7191e+20 1.7191e+20 1.0837e-01 0.0000e+00 3.9325e+04 0.0000e+00
1.5700e+03 1.1228e-11 8.2417e-01 1.7079e+03 3.4670e+03 4.2000e+03 1.8534e+20 1.7327e+20 1.7327e+20 1.0798e-01 0.0000e+00 3.9447e+04 0.0000e+00
1.5800e+03 1.1183e-11 8.2378e-01 1.7072e+03 3.4658e+03 4.2000e+03 1.8699e+20 1.7464e+20 1.7464e+20 1.0760e-01 0.0000e+00 3.9569e+04 0.0000e+00
1.5900e+03 1.1139e-11 8.2339e-01 1.7066e+03 3.4645e+03 4.2000e+03 1.8865e+20 1.7602e+20 1.7602e+20 1.0722e-01 0.0000e+00 3.9692e+04 0.0000e+00
1.6000e+03 1.1094e-11 8.2301e-01 1.7060e+03 3.4632e+03 4.2000e+03 1.9033e+20 1.7741e+20 1.7741e+20 1.0684e-01 0.0000e+00 3.9815e+04 0.0000e+00
1.6100e+03 1.1050e-11 8.2264e-01 1.7054e+03 3.4619e+03 4.2000e+03 1.9201e+20 1.7881e+20 1.7881e+20 1.0647e-01 0.0000e+00 3.9938e+04 0.0000e+00
1.6200e+03 1.1006e-11 8.2228e-01 1.7047e+03 3.4607e+03 4.2000e+03 1.9372e+20 1.8022e+20 1.8022e+20 1.0609e-01 0.0000e+00 4.0062e+04 0.0000e+00
1.6300e+03 1.0963e-11 8.2192e-01 1.7041e+03 3.4594e+03 4.2000e+03 1.9544e+20 1.8164e+20 1.8164e+20 1.0572e-01 0.0000e+00 4.0186e+04 0.0000e+00
1.6400e+03 1.0919e-11 8.2157e-01 1.7035e+03 3.4581e+03 4.2000e+03 1.9717e+20 1.8308e+20 1.8308e+20 1.0534e-01 0.0000e+00 4.0310e+04 0.0000e+00
1.6500e+03 1.0876e-11 8.2123e-01 1.7029e+03 3.4569e+03 4.2000e+03 1.9892e+20 1.8452e+20 1.8452e+20 1.0497e-01 0.0000e+00 4.0435e+04 0.0000e+00
1.6600e+03 1.0834e-11 8.2089e-01 1.7022e+03 3.4556e+03 4.2000e+03 2.0068e+20 1.8597e+20 1.8597e+20 1.0460e-01 0.0000e+00 4.0560e+04 0.0000e+00
1.6700e+03 1.0791e-11 8.2056e-01 1.7016e+03 3.4543e+03 4.2000e+03 2.0246e+20 1.8743e+20 1.8743e+20 1.0423e-01 0.0000e+00 4.0685e+04 0.0000e+00
1.6800e+03 1.0749e-11 8.2024e-01 1.7010e+03 3.4531e+03 4.2000e+03 2.0425e+20 1.8890e+20 1.8890e+20 1.0387e-01 0.0000e+00 4.0811e+04 0.0000e+00
1.6900e+03 1.0707e-11 8.1992e-01 1.7004e+03 3.4518e+03 4.2000e+03 2.0606e+20 1.9038e+20 1.9038e+20 1.0350e-01 0.0000e+00 4.0937e+04 0.0000e+00
1.7000e+03 1.0665e-11 8.1961e-01 1.6998e+03 3.4506e+03 4.2000e+03 2.0788e+20 1.9187e+20 1.9187e+20 1.0314e-01 0.0000e+00 4.1063e+04 0.0000e+00
1.7100e+03 1.0624e-11 8.1930e-01 1.6991e+03 3.4493e+03 4.2000e+03 2.0972e+20 1.9337e+20 1.9337e+20 1.0278e-01 0.0000e+00 4.1190e+04 0.0000e+00
1.7200e+03 1.0583e-11 8.1900e-01 1.6985e+03 3.4481e+03 4.2000e+03 2.1157e+20 1.9488e+20 1.9488e+20 1.0242e-01 0.0000e+00 4.1317e+04 0.0000e+00
1.7300e+03 1.0542e-11 8.1871e-01 1.6979e+03 3.4468e+03 4.2000e+03 2.1344e+20 1.9640e+20 1.9640e+20 1.0206e-01 0.0000e+00 4.1444e+04 0.0000e+00
1.7400e+03 1.0501e-11 8.1842e-01 1.6973e+03 3.4456e+03 4.2000e+03 2.1532e+20 1.9794e+20 1.9794e+20 1.0170e-01 0.0000e+00 4.1572e+04 0.0000e+00
1.7500e+03 1.0461e-11 8.1814e-01 1.6967e+03 3.4443e+03 4.2000e+03 2.1722e+20 1.9948e+20 1.9948e+20 1.0135e-01 0.0000e+00 4.1700e+04 0.0000e+00
1.7600e+03 1.0421e-11 8.1786e-01 1.6961e+03 3.4431e+03 4.2000e+03 2.1913e+20 2.0103e+20 2.0103e+20 1.0099e-01 0.0000e+00 4.1828e+04 0.0000e+00
1.7700e+03 1.0381e-11 8.1758e-01 1.6955e+03 3.4418e+03 4.2000e+03 2.2106e+20 2.0259e+20 2.0259e+20 1.0064e-01 0.0000e+00 4.1956e+04 0.0000e+00
1.7800e+03 1.0342e-11 8.1732e-01 1.6949e+03 3.4406e+03 4.2000e+03 2.2300e+20 2.0416e+20 2.0416e+20 1.0029e-01 0.0000e+00 4.2085e+04 0.0000e+00
1.7900e+03 1.0302e-11 8.1705e-01 1.6942e+03 3.4394e+03 4.2000e+03 2.2496e+20 2.0574e+20 2.0574e+20 9.9938e-02 0.0000e+00 4.2214e+04 0.0000e+00
1.8000e+03 1.0263e-11 8.1680e-01 1.6936e+03 3.4381e+03 4.2000e+03 2.2694e+20 2.0734e+20 2.0734e+20 9.9590e-02 0.0000e+00 4.2343e+04 0.0000e+00
1.8100e+03 1.0224e-11 8.1654e-01 1.6930e+03 3.4369e+03 4.2000e+03 2.2893e+20 2.0894e+20 2.0894e+20 9.9243e-02 0.0000e+00 4.2473e+04 0.0000e+00
1.8200e+03 1.0186e-11 8.1630e-01 1.6924e+03 3.4357e+03 4.2000e+03 2.3093e+20 2.1055e+20 2.1055e+20 9.8898e-02 0.0000e+00 4.2602e+04 0.0000e+00
1.8300e+03 1.0147e-11 8.1605e-01 1.6918e+03 3.4345e+03 4.2000e+03 2.3295e+20 2.1217e+20 2.1217e+20 9.8555e-02 0.0000e+00 4.2732e+04 0.0000e+00
1.8400e+03 1.0109e-11 8.1582e-01 1.6912e+03 3.4332e+03 4.2000e+03 2.3499e+20 2.1380e+20 2.1380e+20 9.8213e-02 0.0000e+00 4.2863e+04 0.0000e+00
1.8500e+03 1.0071e-11 8.1558e-01 1.6906e+03 3.4320e+03 4.2000e+03 2.3705e+20 2.1545e+20 2.1545e+20 9.7873e-02 0.0000e+00 4.2993e+04 0.0000e+00
1.8600e+03 1.0033e-11 8.1535e-01 1.6900e+03 3.4308e+03 4.2000e+03 2.3911e+20 2.1710e+20 2.1710e+20 9.7534e-02 0.0000e+00 4.3124e+04 0.0000e+00
1.8700e+03 9.9960e-12 8.1513e-01 1.6894e+03 3.4296e+03 4.2000e+03 2.4120e+20 2.1876e+20 2.1876e+20 9.7197e-02 0.0000e+00 4.3255e+04 0.0000e+00
1.8800e+03 9.9588e-12 8.1491e-01 1.6888e+03 3.4284e+03 4.2000e+03 2.4330e+20 2.2044e+20 2.2044e+20 9.6862e-02 0.0000e+00 4.3387e+04 0.0000e+00
1.8900e+03 9.9219e-12 8.1469e-01 1.6882e+03 3.4272e+03 4.2000e+03 2.4542e+20 2.2212e+20 2.2212e+20 9.6528e-02 0.0000e+00 4.3518e+04 0.0000e+00
1.9000e+03 9.8851e-12 8.1448e-01 1.6877e+03 3.4260e+03 4.2000e+03 2.4755e+20 2.2381e+20 2.2381e+20 9.6195e-02 0.0000e+00 4.3650e+04 0.0000e+00
1.9100e+03 9.8486e-12 8.1427e-01 1.6871e+03 3.4248e+03 4.2000e+03 2.4970e+20 2.2552e+20 2.2552e+20 9.5865e-02 0.0000e+00 4.3782e+04 0.0000e+00
1.9200e+03 9.8123e-12 8.1407e-01 1.6865e+03 3.4236e+03 4.2000e+03 2.5187e+20 2.2723e+20 2.2723e+20 9.5535e-02 0.0000e+00 4.3915e+04 0.0000e+00
1.9300e+03 9.7763e-12 8.1387e-01 1.6859e+03 3.4224e+03 4.2000e+03 2.5405e+20 2.2895e+20 2.2895e+20 9.5207e-02 0.0000e+00 4.4047e+04 0.0000e+00
1.9400e+03 9.7404e-12 8.1367e-01 1.6853e+03 3.4212e+03 4.2000e+03 2.5625e+20 2.3069e+20 2.3069e+20 9.4881e-02 0.0000e+00 4.4180e+04 0.0000e+00
1.9500e+03 9.7048e-12 8.1348e-01 1.6847e+03 3.4200e+03 4.2000e+03 2.5846e+20 2.3243e+20 2.3243e+20 9.4557e-02 0.0000e+00 4.4313e+04 0.0000e+00
1.9600e+03 9.6694e-12 8.1329e-01 1.6841e+03 3.4188e+03 4.2000e+03 2.6069e+20 2.3419e+20 2.3419e+20 9.4233e-02 0.0000e+00 4.4447e+04 0.0000e+00
1.9700e+03 9.6342e-12 8.1311e-01 1.6835e+03 3.4176e+03 4.2000e+03 2.6294e+20 2.3595e+20 2.3595e+20 9.3912e-02 0.0000e+00 4.4580e+04 0.0000e+00
1.9800e+03 9.5992e-12 8.1293e-01 1.6830e+03 3.4165e+03 4.2000e+03 2.6520e+20 2.3772e+20 2.3772e+20 9.3592e-02 0.0000e+00 4.4714e+04 0.0000e+00
1.9900e+03 9.5645e-12 8.1275e-01 1.6824e+03 3.4153e+03 4.2000e+03 2.6748e+20 2.3951e+20 2.3951e+20 9.3273e-02 0.0000e+00 4.4848e+04 0.0000e+00
2.0000e+03 9.5299e-12 8.1258e-01 1.6818e+03 3.4141e+03 4.2000e+03 2.6978e+20 2.4130e+20 2.4130e+20 9.2956e-02 0.0000e+00 4.4982e+04 0.0000e+00
2.0100e+03 9.4956e-12 8.1241e-01 1.6812e+03 3.4129e+03 4.2000e+03 2.7210e+20 2.4311e+20 2.4311e+20 9.2641e-02 0.0000e+00 4.5117e+04 0.0000e+00
2.0200e+03 9.4615e-12 8.1224e-01 1.6806e+03 3.4118e+03 4.2000e+03 2.7443e+20 2.4493e+20 2.4493e+20 9.2327e-02 0.0000e+00 4.5252e+04 0.0000e+00
2.0300e+03 9.4276e-12 8.1208e-01 1.6801e+03 3.4106e+03 4.2000e+03 2.7678e+20 2.4675e+20 2.4675e+20 9.2014e-02 0.0000e+00 4.5387e+04 0.0000e+00
2.0400e+03 9.3939e-12 8.1192e-01 1.6795e+03 3.4094e+03 4.2000e+03 2.7914e+20 2.4859e+20 2.4859e+20 9.1703e-02 0.0000e+00 4.5522e+04 0.0000e+00
2.0500e+03 9.3604e-12 8.1176e-01 1.6789e+03 3.4083e+03 4.2000e+03 2.8152e+20 2.5043e+20 2.5043e+20 9.1394e-02 0.0000e+00 4.5657e+04 0.0000e+00
2.0600e+03 9.3271e-12 8.1161e-01 1.6784e+03 3.4071e+03 4.2000e+03 2.8392e+20 2.5229e+20 2.5229e+20 9.1086e-02 0.0000e+00 4.5793e+04 0.0000e+00
2.0700e+03 9.2940e-12 8.1146e-01 1.6778e+03 3.4060e+03 4.2000e+03 2.8634e+20 2.5416e+20 2.5416e+20 9.0779e-02 0.0000e+00 4.5928e+04 0.0000e+00
2.0800e+03 9.2611e-12 8.1131e-01 1.6772e+03 3.4048e+03 4.2000e+03 2.8877e+20 2.5603e+20 2.5603e+20 9.0474e-02 0.0000e+00 4.6064e+04 0.0000e+00
2.0900e+03 9.2284e-12 8.1117e-01 1.6767e+03 3.4036e+03 4.2000e+03 2.9122e+20 2.5792e+20 2.5792e+20 9.0171e-02 0.0000e+00 4.6201e+04 0.0000e+00
2.1000e+03 9.1959e-12 8.1103e-01 1.6761e+03 3.4025e+03 4.2000e+03 2.9369e+20 2.5982e+20 2.5982e+20 8.9869e-02 0.0000e+00 4.6337e+04 0.0000e+00
2.1100e+03 9.1636e-12 8.1089e-01 1.6755e+03 3.4014e+03 4.2000e+03 2.9617e+20 2.6173e+20 2.6173e+20 8.9568e-02 0.0000e+00 4.6474e+04 0.0000e+00
2.1200e+03 9.1315e-12 8.1076e-01 1.6750e+03 3.4002e+03 4.2000e+03 2.9868e+20 2.6364e+20 2.6364e+20 8.9269e-02 0.0000e+00 4.6611e+04 0.0000e+00
2.1300e+03 9.0995e-12 8.1063e-01 1.6744e+03 3.3991e+03 4.2000e+03 3.0120e+20 2.6557e+20 2.6557e+20 8.8972e-02 0.0000e+00 4.6748e+04 0.0000e+00
2.1400e+03 9.0678e-12 8.1050e-01 1.6738e+03 3.3979e+03 4.2000e+03 3.0373e+20 2.6751e+20 2.6751e+20 8.8675e-02 0.0000e+00 4.6885e+04 0.0000e+00
2.1500e+03 9.0363e-12 8.1037e-01 1.6733e+03 3.3968e+03 4.2000e+03 3.0629e+20 2.6946e+20 2.6946e+20 8.8381e-02 0.0000e+00 4.7022e+04 0.0000e+00
2.1600e+03 9.0049e-12 8.1025e-01 1.6727e+03 3.3957e+03 4.2000e+03 3.0886e+20 2.7142e+20 2.7142e+20 8.8087e-02 0.0000e+00 4.7160e+04 0.0000e+00
2.1700e+03 8.9738e-12 8.1013e-01 1.6722e+03 3.3946e+03 4.2000e+03 3.1145e+20 2.7339e+20 2.7339e+20 8.7796e-02 0.0000e+00 4.7298e+04 0.0000e+00
2.1800e+03 8.9428e-12 8.1001e-01 1.6716e+03 3.3934e+03 4.2000e+03 3.1406e+20 2.7537e+20 2.7537e+20 8.7505e-02 0.0000e+00 4.7436e+04 0.0000e+00
2.1900e+03 8.9120e-12 8.0990e-01 1.6711e+03 3.3923e+03 4.2000e+03 3.1669e+20 2.7735e+20 2.7735e+20 8.7216e-02 0.0000e+00 4.7574e+04 0.0000e+00
2.2000e+03 8.8814e-12 8.0979e-01 1.6705e+03 3.3912e+03 4.2000e+03 3.1933e+20 2.7935e+20 2.7935e+20 8.6929e-02 0.0000e+00 4.7712e+04 0.0000e+00
2.2100e+03 8.8510e-12 8.0968e-01 1.6700e+03 3.3901e+03 4.2000e+03 3.2200e+20 2.8136e+20 2.8136e+20 8.6643e-02 0.0000e+00 4.7851e+04 0.0000e+00
2.2200e+03 8.8207e-12 8.0957e-01 1.6694e+03 3.3890e+03 4.2000e+03 3.2468e+20 2.8339e+20 2.8339e+20 8.6358e-02 0.0000e+00 4.7989e+04 0.0000e+00
2.2300e+03 8.7907e-12 8.0947e-01 1.6689e+03 3.3879e+03 4.2000e+03 3.2737e+20 2.8542e+20 2.8542e+20 8.6075e-02 0.0000e+00 4.8128e+04 0.0000e+00
2.2400e+03 8.7608e-12 8.0937e-01 1.6683e+03 3.3868e+03 4.2000e+03 3.3009e+20 2.8746e+20 2.8746e+20 8.5793e-02 0.0000e+00 4.8267e+04 0.0000e+00
2.2500e+03 8.7311e-12 8.0927e-01 1.6678e+03 3.3857e+03 4.2000e+03 3.3283e+20 2.8951e+20 2.8951e+20 8.5513e-02 0.0000e+00 4.8407e+04 0.0000e+00
2.2600e+03 8.7016e-12 8.0917e-01 1.6673e+03 3.3846e+03 4.2000e+03 3.3558e+20 2.9157e+20 2.9157e+20 8.5233e-02 0.0000e+00 4.8546e+04 0.0000e+00
2.2700e+03 8.6722e-12 8.0908e-01 1.6667e+03 3.3835e+03 4.2000e+03 3.3835e+20 2.9364e+20 2.9364e+20 8.4956e-02 0.0000e+00 4.8686e+04 0.0000e+00
2.2800e+03 8.6430e-12 8.0898e-01 1.6662e+03 3.3824e+03 4.2000e+03 3.4114e+20 2.9572e+20 2.9572e+20 8.4679e-02 0.0000e+00 4.8826e+04 0.0000e+00
2.2900e+03 8.6140e-12 8.0890e-01 1.6656e+03 3.3813e+03 4.2000e+03 3.4395e+20 2.9782e+20 2.9782e+20 8.4405e-02 0.0000e+00 4.8966e+04 0.0000e+00
2.3000e+03 8.5852e-12 8.0881e-01 1.6651e+03 3.3802e+03 4.2000e+03 3.4678e+20 2.9992e+20 2.9992e+20 8.4131e-02 0.0000e+00 4.9106e+04 0.0000e+00
2.3100e+03 8.5565e-12 8.0872e-01 1.6646e+03 3.3791e+03 4.2000e+03 3.4962e+20 3.0203e+20 3.0203e+20 8.3859e-02 0.0000e+00 4.9246e+04 0.0000e+00
2.3200e+03 8.5280e-12 8.0864e-01 1.6640e+03 3.3781e+03 4.2000e+03 3.5249e+20 3.0415e+20 3.0415e+20 8.3588e-02 0.0000e+00 4.9387e+04 0.0000e+00
2.3300e+03 8.4997e-12 8.0856e-01 1.6635e+03 3.3770e+03 4.2000e+03 3.5537e+20 3.0629e+20 3.0629e+20 8.3318e-02 0.0000e+00 4.9527e+04 0.0000e+00
2.3400e+03 8.4715e-12 8.0849e-01 1.6630e+03 3.3759e+03 4.2000e+03 3.5827e+20 3.0843e+20 3.0843e+20 8.3050e-02 0.0000e+00 4.9668e+04 0.0000e+00
2.3500e+03 8.4435e-12 8.0841e-01 1.6625e+03 3.3748e+03 4.2000e+03 3.6119e+20 3.1059e+20 3.1059e+20 8.2783e-02 0.0000e+00 4.9809e+04 0.0000e+00
2.3600e+03 8.4156e-12 8.0834e-01 1.6619e+03 3.3738e+03 4.2000e+03 3.6413e+20 3.1275e+20 3.1275e+20 8.2518e-02 0.0000e+00 4.9950e+04 0.0000e+00
2.3700e+03 8.3880e-12 8.0827e-01 1.6614e+03 3.3727e+03 4.2000e+03 3.6709e+20 3.1492e+20 3.1492e+20 8.2254e-02 0.0000e+00 5.0092e+04 0.0000e+00
2.3800e+03 8.3604e-12 8.0820e-01 1.6609e+03 3.3716e+03 4.2000e+03 3.7007e+20 3.1711e+20 3.1711e+20 8.1991e-02 0.0000e+00 5.0233e+04 0.0000e+00
2.3900e+03 8.3331e-12 8.0813e-01 1.6604e+03 3.3706e+03 4.2000e+03 3.7307e+20 3.1930e+20 3.1930e+20 8.1729e-02 0.0000e+00 5.0375e+04 0.0000e+00
2.4000e+03 8.3059e-12 8.0807e-01 1.6598e+03 3.3695e+03 4.2000e+03 3.7609e+20 3.2151e+20 3.2151e+20 8.1469e-02 0.0000e+00 5.0516e+04 0.0000e+00
2.4100e+03 8.2788e-12 8.0800e-01 1.6593e+03 3.3685e+03 4.2000e+03 3.7912e+20 3.2373e+20 3.2373e+20 8.1210e-02 0.0000e+00 5.0658e+04 0.0000e+00
2.4200e+03 8.2519e-12 8.0794e-01 1.6588e+03 3.3674e+03 4.2000e+03 3.8218e+20 3.2595e+20 3.2595e+20 8.0952e-02 0.0000e+00 5.0801e+04 0.0000e+00
2.4300e+03 8.2252e-12 8.0788e-01 1.6583e+03 3.3664e+03 4.2000e+03 3.8525e+20 3.2819e+20 3.2819e+20 8.0696e-02 0.0000e+00 5.0943e+04 0.0000e+00
2.4400e+03 8.1986e-12 8.0783e-01 1.6578e+03 3.3653e+03 4.2000e+03 3.8835e+20 3.3043e+20 3.3043e+20 8.0441e-02 0.0000e+00 5.1085e+04 0.0000e+00
2.4500e+03 8.1722e-12 8.0777e-01 1.6573e+03 3.3643e+03 4.2000e+03 3.9146e+20 3.3269e+20 3.3269e+20 8.0187e-02 0.0000e+00 5.1228e+04 0.0000e+00
2.4600e+03 8.1459e-12 8.0772e-01 1.6568e+03 3.3633e+03 4.2000e+03 3.9459e+20 3.3496e+20 3.3496e+20 7.9934e-02 0.0000e+00 5.1370e+04 0.0000e+00
2.4700e+03 8.1198e-12 8.0767e-01 1.6562e+03 3.3622e+03 4.2000e+03 3.9775e+20 3.3724e+20 3.3724e+20 7.9683e-02 0.0000e+00 5.1513e+04 0.0000e+00
2.4800e+03 8.0939e-12 8.0762e-01 1.6557e+03 3.3612e+03 4.2000e+03 4.0092e+20 3.3952e+20 3.3952e+20 7.9433e-02 0.0000e+00 5.1656e+04 0.0000e+00
2.4900e+03 8.0680e-12 8.0758e-01 1.6552e+03 3.3602e+03 4.2000e+03 4.0411e+20 3.4182e+20 3.4182e+20 7.9184e-02 0.0000e+00 5.1799e+04 0.0000e+00
2.5000e+03 8.0424e-12 8.0753e-01 1.6547e+03 3.3591e+03 4.2000e+03 4.0732e+20 3.4413e+20 3.4413e+20 7.8936e-02 0.0000e+00 5.1943e+04 0.0000e+00
2.5100e+03 8.0168e-12 8.0749e-01 1.6542e+03 3.3581e+03 4.2000e+03 4.1056e+20 3.4645e+20 3.4645e+20 7.8690e-02 0.0000e+00 5.2086e+04 0.0000e+00
2.5200e+03 7.9914e-12 8.0745e-01 1.6537e+03 3.3571e+03 4.2000e+03 4.1381e+20 3.4878e+20 3.4878e+20 7.8445e-02 0.0000e+00 5.2230e+04 0.0000e+00
2.5300e+03 7.9662e-12 8.0741e-01 1.6532e+03 3.3561e+03 4.2000e+03 4.1708e+20 3.5111e+20 3.5111e+20 7.8201e-02 0.0000e+00 5.2373e+04 0.0000e+00
2.5400e+03 7.9411e-12 8.0737e-01 1.6527e+03 3.3551e+03 4.2000e+03 4.2037e+20 3.5346e+20 3.5346e+20 7.7958e-02 0.0000e+00 5.2517e+04 0.0000e+00
2.5500e+03 7.9162e-12 8.0734e-01 1.6522e+03 3.3540e+03 4.2000e+03 4.2368e+20 3.5582e+20 3.5582e+20 7.7717e-02 0.0000e+00 5.2661e+04 0.0000e+00
2.5600e+03 7.8914e-12 8.0730e-01 1.6517e+03 3.3530e+03 4.2000e+03 4.2702e+20 3.5819e+20 3.5819e+20 7.7476e-02 0.0000e+00 5.2805e+04 0.0000e+00
2.5700e+03 7.8667e-12 8.0727e-01 1.6512e+03 3.3520e+03 4.2000e+03 4.3037e+20 3.6057e+20 3.6057e+20 7.7237e-02 0.0000e+00 5.2950e+04 0.0000e+00
2.5800e+03 7.8422e-12 8.0724e-01 1.6507e+03 3.3510e+03 4.2000e+03 4.3374e+20 3.6296e+20 3.6296e+20 7.6999e-02 0.0000e+00 5.3094e+04 0.0000e+00
2.5900e+03 7.8178e-12 8.0721e-01 1.6502e+03 3.3500e+03 4.2000e+03 4.3714e+20 3.6536e+20 3.6536e+20 7.6762e-02 0.0000e+00 5.3239e+04 0.0000e+00
2.6000e+03 7.7935e-12 8.0718e-01 1.6497e+03 3.3490e+03 4.2000e+03 4.4055e+20 3.6777e+20 3.6777e+20 7.6527e-02 0.0000e+00 5.3383e+04 0.0000e+00
2.6100e+03 7.7694e-12 8.0716e-01 1.6493e+03 3.3480e+03 4.2000e+03 4.4399e+20 3.7019e+20 3.7019e+20 7.6292e-02 0.0000e+00 5.3528e+04 0.0000e+00
2.6200e+03 7.7454e-12 8.0714e-01 1.6488e+03 3.3471e+03 4.2000e+03 4.4744e+20 3.7262e+20 3.7262e+20 7.6059e-02 0.0000e+00 5.3673e+04 0.0000e+00
2.6300e+03 7.7216e-12 8.0711e-01 1.6483e+03 3.3461e+03 4.2000e+03 4.5092e+20 3.7507e+20 3.7507e+20 7.5827e-02 0.0000e+00 5.3818e+04 0.0000e+00
2.6400e+03 7.6979e-12 8.0709e-01 1.6478e+03 3.3451e+03 4.2000e+03 4.5442e+20 3.7752e+20 3.7752e+20 7.5596e-02 0.0000e+00 5.3963e+04 0.0000e+00
2.6500e+03 7.6743e-12 8.0708e-01 1.6473e+03 3.3441e+03 4.2000e+03 4.5793e+20 3.7998e+20 3.7998e+20 7.5366e-02 0.0000e+00 5.4108e+04 0.0000e+00
2.6600e+03 7.6508e-12 8.0706e-01 1.6468e+03 3.3431e+03 4.2000e+03 4.6147e+20 3.8245e+20 3.8245e+20 7.5138e-02 0.0000e+00 5.4254e+04 0.0000e+00
2.6700e+03 7.6275e-12 8.0704e-01 1.6464e+03 3.3421e+03 4.2000e+03 4.6503e+20 3.8493e+20 3.8493e+20 7.4910e-02 0.0000e+00 5.4399e+04 0.0000e+00
2.6800e+03 7.6043e-12 8.0703e-01 1.6459e+03 3.3412e+03 4.2000e+03 4.6861e+20 3.8742e+20 3.8742e+20 7.4684e-02 0.0000e+00 5.4545e+04 0.0000e+00
2.6900e+03 7.5813e-12 8.0702e-01 1.6454e+03 3.3402e+03 4.2000e+03 4.7221e+20 3.8993e+20 3.8993e+20 7.4458e-02 0.0000e+00 5.4691e+04 0.0000e+00
2.7000e+03 7.5584e-12 8.0701e-01 1.6449e+03 3.3392e+03 4.2000e+03 4.7584e+20 3.9244e+20 3.9244e+20 7.4234e-02 0.0000e+00 5.4837e+04 0.0000e+00
2.7100e+03 7.5356e-12 8.0700e-01 1.6444e+03 3.3383e+03 4.2000e+03 4.7948e+20 3.9496e+20 3.9496e+20 7.4011e-02 0.0000e+00 5.4983e+04 0.0000e+00
2.7200e+03 7.5129e-12 8.0699e-01 1.6440e+03 3.3373e+03 4.2000e+03 4.8315e+20 3.9749e+20 3.9749e+20 7.3789e-02 0.0000e+00 5.5129e+04 0.0000e+00
2.7300e+03 7.4903e-12 8.0698e-01 1.6435e+03 3.3364e+03 4.2000e+03 4.8683e+20 4.0004e+20 4.0004e+20 7.3568e-02 0.0000e+00 5.5275e+04 0.0000e+00
2.7400e+03 7.4679e-12 8.0698e-01 1.6430e+03 3.3354e+03 4.2000e+03 4.9054e+20 4.0259e+20 4.0259e+20 7.3348e-02 0.0000e+00 5.5422e+04 0.0000e+00
2.7500e+03 7.4456e-12 8.0698e-01 1.6426e+03 3.3344e+03 4.2000e+03 4.9427e+20 4.0515e+20 4.0515e+20 7.3130e-02 0.0000e+00 5.5568e+04 0.0000e+00
2.7600e+03 7.4234e-12 8.0697e-01 1.6421e+03 3.3335e+03 4.2000e+03 4.9802e+20 4.0772e+20 4.0772e+20 7.2912e-02 0.0000e+00 5.5715e+04 0.0000e+00
2.7700e+03 7.4014e-12 8.0697e-01 1.6416e+03 3.3325e+03 4.2000e+03 5.0179e+20 4.1031e+20 4.1031e+20 7.2695e-02 0.0000e+00 5.5862e+04 0.0000e+00
2.7800e+03 7.3795e-12 8.0698e-01 1.6412e+03 3.3316e+03 4.2000e+03 5.0559e+20 4.1290e+20 4.1290e+20 7.2480e-02 0.0000e+00 5.6008e+04 0.0000e+00
2.7900e+03 7.3576e-12 8.0698e-01 1.6407e+03 3.3307e+03 4.2000e+03 5.0940e+20 4.1550e+20 4.1550e+20 7.2265e-02 0.0000e+00 5.6155e+04 0.0000e+00
2.8000e+03 7.3360e-12 8.0698e-01 1.6402e+03 3.3297e+03 4.2000e+03 5.1324e+20 4.1812e+20 4.1812e+20 7.2052e-02 0.0000e+00 5.6303e+04 0.0000e+00
2.8100e+03 7.3144e-12 8.0699e-01 1.6398e+03 3.3288e+03 4.2000e+03 5.1710e+20 4.2074e+20 4.2074e+20 7.1840e-02 0.0000e+00 5.6450e+04 0.0000e+00
2.8200e+03 7.2929e-12 8.0699e-01 1.6393e+03 3.3279e+03 4.2000e+03 5.2098e+20 4.2337e+20 4.2337e+20 7.1628e-02 0.0000e+00 5.6597e+04 0.0000e+00
2.8300e+03 7.2716e-12 8.0700e-01 1.6389e+03 3.3269e+03 4.2000e+03 5.2488e+20 4.2602e+20 4.2602e+20 7.1418e-02 0.0000e+00 5.6744e+04 0.0000e+00
2.8400e+03 7.2504e-12 8.0701e-01 1.6384e+03 3.3260e+03 4.2000e+03 5.2881e+20 4.2867e+20 4.2867e+20 7.1209e-02 0.0000e+00 5.6892e+04 0.0000e+00
2.8500e+03 7.2293e-12 8.0702e-01 1.6379e+03 3.3251e+03 4.2000e+03 5.3276e+20 4.3134e+20 4.3134e+20 7.1000e-02 0.0000e+00 5.7040e+04 0.0000e+00
2.8600e+03 7.2083e-12 8.0704e-01 1.6375e+03 3.3241e+03 4.2000e+03 5.3672e+20 4.3401e+20 4.3401e+20 7.0793e-02 0.0000e+00 5.7187e+04 0.0000e+00
2.8700e+03 7.1874e-12 8.0705e-01 1.6370e+03 3.3232e+03 4.2000e+03 5.4072e+20 4.3669e+20 4.3669e+20 7.0587e-02 0.0000e+00 5.7335e+04 0.0000e+00
2.8800e+03 7.1666e-12 8.0706e-01 1.6366e+03 3.3223e+03 4.2000e+03 5.4473e+20 4.3939e+20 4.3939e+20 7.0382e-02 0.0000e+00 5.7483e+04 0.0000e+00
2.8900e+03 7.1460e-12 8.0708e-01 1.6361e+03 3.3214e+03 4.2000e+03 5.4877e+20 4.4209e+20 4.4209e+20 7.0177e-02 0.0000e+00 5.7631e+04 0.0000e+00
2.9000e+03 7.1254e-12 8.0710e-01 1.6357e+03 3.3205e+03 4.2000e+03 5.5282e+20 4.4480e+20 4.4480e+20 6.9974e-02 0.0000e+00 5.7779e+04 0.0000e+00
2.9100e+03 7.1050e-12 8.0712e-01 1.6352e+03 3.3196e+03 4.2000e+03 5.5691e+20 4.4753e+20 4.4753e+20 6.9772e-02 0.0000e+00 5.7927e+04 0.0000e+00
2.9200e+03 7.0847e-12 8.0714e-01 1.6348e+03 3.3187e+03 4.2000e+03 5.6101e+20 4.5026e+20 4.5026e+20 6.9571e-02 0.0000e+00 5.8076e+04 0.0000e+00
2.9300e+03 7.0645e-12 8.0716e-01 1.6343e+03 3.3178e+03 4.2000e+03 5.6513e+20 4.5300e+20 4.5300e+20 6.9370e-02 0.0000e+00 5.8224e+04 0.0000e+00
2.9400e+03 7.0444e-12 8.0718e-01 1.6339e+03 3.3169e+03 4.2000e+03 5.6928e+20 4.5576e+20 4.5576e+20 6.9171e-02 0.0000e+00 5.8373e+04 0.0000e+00
2.9500e+03 7.0244e-12 8.0721e-01 1.6335e+03 3.3160e+03 4.2000e+03 5.7345e+20 4.5852e+20 4.5852e+20 6.8973e-02 0.0000e+00 5.8521e+04 0.0000e+00
2.9600e+03 7.0045e-12 8.0723e-01 1.6330e+03 3.3151e+03 4.2000e+03 5.7765e+20 4.6130e+20 4.6130e+20 6.8775e-02 0.0000e+00 5.8670e+04 0.0000e+00
2.9700e+03 6.9847e-12 8.0726e-01 1.6326e+03 3.3142e+03 4.2000e+03 5.8187e+20 4.6408e+20 4.6408e+20 6.8579e-02 0.0000e+00 5.8819e+04 0.0000e+00
2.9800e+03 6.9651e-12 8.0728e-01 1.6321e+03 3.3133e+03 4.2000e+03 5.8611e+20 4.6687e+20 4.6687e+20 6.8383e-02 0.0000e+00 5.8968e+04 0.0000e+00
2.9900e+03 6.9455e-12 8.0731e-01 1.6317e+03 3.3124e+03 4.2000e+03 5.9037e+20 4.6967e+20 4.6967e+20 6.8189e-02 0.0000e+00 5.9117e+04 0.0000e+00
3.0000e+03 6.9260e-12 8.0734e-01 1.6313e+03 3.3115e+03 4.2000e+03 5.9465e+20 4.7249e+20 4.7249e+20 6.7995e-02 0.0000e+00 5.9266e+04 0.0000e+00
3.0100e+03 6.9067e-12 8.0737e-01 1.6308e+03 3.3106e+03 4.2000e+03 5.9896e+20 4.7531e+20 4.7531e+20 6.7803e-02 0.0000e+00 5.9415e+04 0.0000e+00
3.0200e+03 6.8874e-12 8.0741e-01 1.6304e+03 3.3098e+03 4.2000e+03 6.0329e+20 4.7814e+20 4.7814e+20 6.7611e-02 0.0000e+00 5.9564e+04 0.0000e+00
3.0300e+03 6.8682e-12 8.0744e-01 1.6300e+03 3.3089e+03 4.2000e+03 6.0765e+20 4.8099e+20 4.8099e+20 6.7420e-02 0.0000e+00 5.9714e+04 0.0000e+00
3.0400e+03 6.8492e-12 8.0747e-01 1.6295e+03 3.3080e+03 4.2000e+03 6.1203e+20 4.8384e+20 4.8384e+20 6.7230e-02 0.0000e+00 5.9863e+04 0.0000e+00
3.0500e+03 6.8302e-12 8.0751e-01 1.6291e+03 3.3071e+03 4.2000e+03 6.1643e+20 4.8670e+20 4.8670e+20 6.7041e-02 0.0000e+00 6.0013e+04 0.0000e+00
3.0600e+03 6.8114e-12 8.0755e-01 1.6287e+03 3.3063e+03 4.2000e+03 6.2085e+20 4.8957e+20 4.8957e+20 6.6853e-02 0.0000e+00 6.0163e+04 0.0000e+00
3.0700e+03 6.7926e-12 8.0758e-01 1.6283e+03 3.3054e+03 4.2000e+03 6.2530e+20 4.9245e+20 4.9245e+20 6.6666e-02 0.0000e+00 6.0312e+04 0.0000e+00
3.0800e+03 6.7740e-12 8.0762e-01 1.6278e+03 3.3045e+03 4.2000e+03 6.2977e+20 4.9535e+20 4.9535e+20 6.6480e-02 0.0000e+00 6.0462e+04 0.0000e+00
3.0900e+03 6.7554e-12 8.0766e-01 1.6274e+03 3.3037e+03 4.2000e+03 6.3427e+20 4.9825e+20 4.9825e+20 6.6294e-02 0.0000e+00 6.0612e+04 0.0000e+00
3.1000e+03 6.7370e-12 8.0771e-01 1.6270e+03 3.3028e+03 4.2000e+03 6.3879e+20 5.0116e+20 5.0116e+20 6.6110e-02 0.0000e+00 6.0762e+04 0.0000e+00
3.1100e+03 6.7186e-12 8.0775e-01 1.6266e+03 3.3020e+03 4.2000e+03 6.4333e+20 5.0408e+20 5.0408e+20 6.5926e-02 0.0000e+00 6.0912e+04 0.0000e+00
3.1200e+03 6.7003e-12 8.0779e-01 1.6261e+03 3.3011e+03 4.2000e+03 6.4789e+20 5.0701e+20 5.0701e+20 6.5743e-02 0.0000e+00 6.1062e+04 0.0000e+00
3.1300e+03 6.6822e-12 8.0784e-01 1.6257e+03 3.3003e+03 4.2000e+03 6.5248e+20 5.0995e+20 5.0995e+20 6.5561e-02 0.0000e+00 6.1212e+04 0.0000e+00
3.1400e+03 6.6641e-12 8.0788e-01 1.6253e+03 3.2994e+03 4.2000e+03 6.5710e+20 5.1290e+20 5.1290e+20 6.5380e-02 0.0000e+00 6.1363e+04 0.0000e+00
3.1500e+03 6.6461e-12 8.0793e-01 1.6249e+03 3.2986e+03 4.2000e+03 6.6174e+20 5.1586e+20 5.1586e+20 6.5200e-02 0.0000e+00 6.1513e+04 0.0000e+00
3.1600e+03 6.6282e-12 8.0798e-01 1.6245e+03 3.2977e+03 4.2000e+03 6.6640e+20 5.1883e+20 5.1883e+20 6.5021e-02 0.0000e+00 6.1664e+04 0.0000e+00
3.1700e+03 6.6104e-12 8.0802e-01 1.6241e+03 3.2969e+03 4.2000e+03 6.7108e+20 5.2181e+20 5.2181e+20 6.4842e-02 0.0000e+00 6.1814e+04 0.0000e+00
3.1800e+03 6.5927e-12 8.0807e-01 1.6236e+03 3.2960e+03 4.2000e+03 6.7579e+20 5.2479e+20 5.2479e+20 6.4665e-02 0.0000e+00 6.1965e+04 0.0000e+00
3.1900e+03 6.5751e-12 8.0812e-01 1.6232e+03 3.2952e+03 4.2000e+03 6.8053e+20 5.2779e+20 5.2779e+20 6.4488e-02 0.0000e+00 6.2116e+04 0.0000e+00
3.2000e+03 6.5576e-12 8.0818e-01 1.6228e+03 3.2944e+03 4.2000e+03 6.8528e+20 5.3080e+20 5.3080e+20 6.4312e-02 0.0000e+00 6.2266e+04 0.0000e+00
3.2100e+03 6.5402e-12 8.0823e-01 1.6224e+03 3.2936e+03 4.2000e+03 6.9007e+20 5.3382e+20 5.3382e+20 6.4137e-02 0.0000e+00 6.2417e+04 0.0000e+00
3.2200e+03 6.5228e-12 8.0828e-01 1.6220e+03 3.2927e+03 4.2000e+03 6.9487e+20 5.3684e+20 5.3684e+20 6.3963e-02 0.0000e+00 6.2568e+04 0.0000e+00
3.2300e+03 6.5056e-12 8.0834e-01 1.6216e+03 3.2919e+03 4.2000e+03 6.9970e+20 5.3988e+20 5.3988e+20 6.3789e-02 0.0000e+00 6.2719e+04 0.0000e+00
3.2400e+03 6.4884e-12 8.0839e-01 1.6212e+03 3.2911e+03 4.2000e+03 7.0456e+20 5.4293e+20 5.4293e+20 6.3616e-02 0.0000e+00 6.2870e+04 0.0000e+00
3.2500e+03 6.4713e-12 8.0845e-01 1.6208e+03 3.2903e+03 4.2000e+03 7.0944e+20 5.4598e+20 5.4598e+20 6.3445e-02 0.0000e+00 6.3022e+04 0.0000e+00
3.2600e+03 6.4544e-12 8.0851e-01 1.6204e+03 3.2894e+03 4.2000e+03 7.1434e+20 5.4905e+20 5.4905e+20 6.3274e-02 0.0000e+00 6.3173e+04 0.0000e+00
3.2700e+03 6.4375e-12 8.0857e-01 1.6200e+03 3.2886e+03 4.2000e+03 7.1927e+20 5.5212e+20 5.5212e+20 6.3103e-02 0.0000e+00 6.3324e+04 0.0000e+00
3.2800e+03 6.4206e-12 8.0863e-01 1.6196e+03 3.2878e+03 4.2000e+03 7.2422e+20 5.5520e+20 5.5520e+20 6.2934e-02 0.0000e+00 6.3476e+04 0.0000e+00
3.2900e+03 6.4039e-12 8.0869e-01 1.6192e+03 3.2870e+03 4.2000e+03 7.2920e+20 5.5830e+20 5.5830e+20 6.2765e-02 0.0000e+00 6.3627e+04 0.0000e+00
3.3000e+03 6.3873e-12 8.0875e-01 1.6188e+03 3.2862e+03 4.2000e+03 7.3420e+20 5.6140e+20 5.6140e+20 6.2597e-02 0.0000e+00 6.3779e+04 0.0000e+00
3.3100e+03 6.3707e-12 8.0881e-01 1.6184e+03 3.2854e+03 4.2000e+03 7.3923e+20 5.6451e+20 5.6451e+20 6.2430e-02 0.0000e+00 6.3930e+04 0.0000e+00
3.3200e+03 6.3542e-12 8.0887e-01 1.6180e+03 3.2846e+03 4.2000e+03 7.4428e+20 5.6763e+20 5.6763e+20 6.2264e-02 0.0000e+00 6.4082e+04 0.0000e+00
3.3300e+03 6.3379e-12 8.0894e-01 1.6176e+03 3.2838e+03 4.2000e+03 7.4936e+20 5.7076e+20 5.7076e+20 6.2098e-02 0.0000e+00 6.4234e+04 0.0000e+00
3.3400e+03 6.3216e-12 8.0900e-01 1.6172e+03 3.2830e+03 4.2000e+03 7.5446e+20 5.7390e+20 5.7390e+20 6.1934e-02 0.0000e+00 6.4385e+04 0.0000e+00
3.3500e+03 6.3053e-12 8.0907e-01 1.6168e+03 3.2822e+03 4.2000e+03 7.5959e+20 5.7705e+20 5.7705e+20 6.1770e-02 0.0000e+00 6.4537e+04 0.0000e+00
3.3600e+03 6.2892e-12 8.0913e-01 1.6164e+03 3.2814e+03 4.2000e+03 7.6474e+20 5.8021e+20 5.8021e+20 6.1607e-02 0.0000e+00 6.4689e+04 0.0000e+00
3.3700e+03 6.2731e-12 8.0920e-01 1.6160e+03 3.2806e+03 4.2000e+03 7.6992e+20 5.8338e+20 5.8338e+20 6.1444e-02 0.0000e+00 6.4841e+04 0.0000e+00
3.3800e+03 6.2571e-12 8.0927e-01 1.6156e+03 3.2798e+03 4.2000e+03 7.7512e+20 5.8656e+20 5.8656e+20 6.1282e-02 0.0000e+00 6.4993e+04 0.0000e+00
3.3900e+03 6.2412e-12 8.0934e-01 1.6153e+03 3.2790e+03 4.2000e+03 7.8035e+20 5.8974e+20 5.8974e+20 6.1121e-02 0.0000e+00 6.5145e+04 0.0000e+00
3.4000e+03 6.2254e-12 8.0941e-01 1.6149e+03 3.2782e+03 4.2000e+03 7.8561e+20 5.9294e+20 5.9294e+20 6.0961e-02 0.0000e+00 6.5298e+04 0.0000e+00
3.4100e+03 6.2097e-12 8.0948e-01 1.6145e+03 3.2775e+03 4.2000e+03 7.9088e+20 5.9614e+20 5.9614e+20 6.0802e-02 0.0000e+00 6.5450e+04 0.0000e+00
3.4200e+03 6.1940e-12 8.0955e-01 1.6141e+03 3.2767e+03 4.2000e+03 7.9619e+20 5.9936e+20 5.9936e+20 6.0643e-02 0.0000e+00 6.5602e+04 0.0000e+00
3.4300e+03 6.1784e-12 8.0963e-01 1.6137e+03 3.2759e+03 4.2000e+03 8.0152e+20 6.0258e+20 6.0258e+20 6.0485e-02 0.0000e+00 6.5755e+04 0.0000e+00
3.4400e+03 6.1629e-12 8.0970e-01 1.6133e+03 3.2751e+03 4.2000e+03 8.0687e+20 6.0581e+20 6.0581e+20 6.0328e-02 0.0000e+00 6.5907e+04 0.0000e+00
3.4500e+03 6.1475e-12 8.0977e-01 1.6130e+03 3.2744e+03 4.2000e+03 8.1225e+20 6.0906e+20 6.0906e+20 6.0171e-02 0.0000e+00 6.6059e+04 0.0000e+00
3.4600e+03 6.1322e-12 8.0985e-01 1.6126e+03 3.2736e+03 4.2000e+03 8.1766e+20 6.1231e+20 6.1231e+20 6.0015e-02 0.0000e+00 6.6212e+04 0.0000e+00
3.4700e+03 6.1169e-12 8.0993e-01 1.6122e+03 3.2728e+03 4.2000e+03 8.2309e+20 6.1557e+20 6.1557e+20 5.9860e-02 0.0000e+00 6.6365e+04 0.0000e+00
3.4800e+03 6.1017e-12 8.1000e-01 1.6118e+03 3.2720e+03 4.2000e+03 8.2855e+20 6.1884e+20 6.1884e+20 5.9706e-02 0.0000e+00 6.6517e+04 0.0000e+00
3.4900e+03 6.0866e-12 8.1008e-01 1.6114e+03 3.2713e+03 4.2000e+03 8.3403e+20 6.2211e+20 6.2211e+20 5.9552e-02 0.0000e+00 6.6670e+04 0.0000e+00
3.5000e+03 6.0715e-12 8.1016e-01 1.6111e+03 3.2705e+03 4.2000e+03 8.3954e+20 6.2540e+20 6.2540e+20 5.9399e-02 0.0000e+00 6.6823e+04 0.0000e+00
3.5100e+03 6.0565e-12 8.1024e-01 1.6107e+03 3.2698e+03 4.2000e+03 8.4508e+20 6.2870e+20 6.2870e+20 5.9247e-02 0.0000e+00 6.6976e+04 0.0000e+00
3.5200e+03 6.0416e-12 8.1032e-01 1.6103e+03 3.2690e+03 4.2000e+03 8.5064e+20 6.3200e+20 6.3200e+20 5.9095e-02 0.0000e+00 6.7129e+04 0.0000e+00
3.5300e+03 6.0268e-12 8.1040e-01 1.6100e+03 3.2683e+03 4.2000e+03 8.5623e+20 6.3532e+20 6.3532e+20 5.8944e-02 0.0000e+00 6.7282e+04 0.0000e+00
3.5400e+03 6.0120e-12 8.1048e-01 1.6096e+03 3.2675e+03 4.2000e+03 8.6184e+20 6.3864e+20 6.3864e+20 5.8794e-02 0.0000e+00 6.7435e+04 0.0000e+00
3.5500e+03 5.9974e-12 8.1056e-01 1.6092e+03 3.2667e+03 4.2000e+03 8.6748e+20 6.4197e+20 6.4197e+20 5.8644e-02 0.0000e+00 6.7588e+04 0.0000e+00
3.5600e+03 5.9827e-12 8.1064e-01 1.6088e+03 3.2660e+03 4.2000e+03 8.7315e+20 6.4531e+20 6.4531e+20 5.8496e-02 0.0000e+00 6.7741e+04 0.0000e+00
3.5700e+03 5.9682e-12 8.1073e-01 1.6085e+03 3.2653e+03 4.2000e+03 8.7884e+20 6.4866e+20 6.4866e+20 5.8347e-02 0.0000e+00 6.7894e+04 0.0000e+00
3.5800e+03 5.9537e-12 8.1081e-01 1.6081e+03 3.2645e+03 4.2000e+03 8.8456e+20 6.5202e+20 6.5202e+20 5.8200e-02 0.0000e+00 6.8047e+04 0.0000e+00
3.5900e+03 5.9393e-12 8.1090e-01 1.6077e+03 3.2638e+03 4.2000e+03 8.9030e+20 6.5539e+20 6.5539e+20 5.8053e-02 0.0000e+00 6.8201e+04 0.0000e+00
3.6000e+03 5.9250e-12 8.1098e-01 1.6074e+03 3.2630e+03 4.2000e+03 8.9607e+20 6.5877e+20 6.5877e+20 5.7907e-02 0.0000e+00 6.8354e+04 0.0000e+00
3.6100e+03 5.9107e-12 8.1107e-01 1.6070e+03 3.2623e+03 4.2000e+03 9.0187e+20 6.6215e+20 6.6215e+20 5.7761e-02 0.0000e+00 6.8507e+04 0.0000e+00
3.6200e+03 5.8965e-12 8.1116e-01 1.6067e+03 3.2616e+03 4.2000e+03 9.0770e+20 6.6555e+20 6.6555e+20 5.7616e-02 0.0000e+00 6.8661e+04 0.0000e+00
3.6300e+03 5.8824e-12 8.1125e-01 1.6063e+03 3.2608e+03 4.2000e+03 9.1355e+20 6.6895e+20 6.6895e+20 5.7472e-02 0.0000e+00 6.8814e+04 0.0000e+00
3.6400e+03 5.8684e-12 8.1133e-01 1.6059e+03 3.2601e+03 4.2000e+03 9.1942e+20 6.7236e+20 6.7236e+20 5.7328e-02 0.0000e+00 6.8968e+04 0.0000e+00
3.6500e+03 5.8544e-12 8.1142e-01 1.6056e+03 3.2594e+03 4.2000e+03 9.2533e+20 6.7578e+20 6.7578e+20 5.7186e-02 0.0000e+00 6.9121e+04 0.0000e+00
3.6600e+03 5.8405e-12 8.1151e-01 1.6052e+03 3.2586e+03 4.2000e+03 9.3126e+20 6.7921e+20 6.7921e+20 5.7043e-02 0.0000e+00 6.9275e+04 0.0000e+00
3.6700e+03 5.8266e-12 8.1161e-01 1.6049e+03 3.2579e+03 4.2000e+03 9.3722e+20 6.8265e+20 6.8265e+20 5.6902e-02 0.0000e+00 6.9429e+04 0.0000e+00
3.6800e+03 5.8128e-12 8.1170e-01 1.6045e+03 3.2572e+03 4.2000e+03 9.4320e+20 6.8610e+20 6.8610e+20 5.6761e-02 0.0000e+00 6.9582e+04 0.0000e+00
3.6900e+03 5.7991e-12 8.1179e-01 1.6042e+03 3.2565e+03 4.2000e+03 9.4921e+20 6.8955e+20 6.8955e+20 5.6620e-02 0.0000e+00 6.9736e+04 0.0000e+00
3.7000e+03 5.7855e-12 8.1188e-01 1.6038e+03 3.2558e+03 4.2000e+03 9.5525e+20 6.9301e+20 6.9301e+20 5.6480e-02 0.0000e+00 6.9890e+04 0.0000e+00
3.7100e+03 5.7719e-12 8.1198e-01 1.6034e+03 3.2550e+03 4.2000e+03 9.6131e+20 6.9649e+20 6.9649e+20 5.6341e-02 0.0000e+00 7.0044e+04 0.0000e+00
3.7200e+03 5.7583e-12 8.1207e-01 1.6031e+03 3.2543e+03 4.2000e+03 9.6741e+20 6.9997e+20 6.9997e+20 5.6203e-02 0.0000e+00 7.0198e+04 0.0000e+00
3.7300e+03 5.7449e-12 8.1216e-01 1.6027e+03 3.2536e+03 4.2000e+03 9.7353e+20 7.0346e+20 7.0346e+20 5.6065e-02 0.0000e+00 7.0352e+04 0.0000e+00
3.7400e+03 5.7315e-12 8.1226e-01 1.6024e+03 3.2529e+03 4.2000e+03 9.7967e+20 7.0695e+20 7.0695e+20 5.5927e-02 0.0000e+00 7.0506e+04 0.0000e+00
3.7500e+03 5.7182e-12 8.1236e-01 1.6021e+03 3.2522e+03 4.2000e+03 9.8585e+20 7.1046e+20 7.1046e+20 5.5791e-02 0.0000e+00 7.0660e+04 0.0000e+00
3.7600e+03 5.7049e-12 8.1245e-01 1.6017e+03 3.2515e+03 4.2000e+03 9.9205e+20 7.1398e+20 7.1398e+20 5.5655e-02 0.0000e+00 7.0814e+04 0.0000e+00
3.7700e+03 5.6917e-12 8.1255e-01 1.6014e+03 3.2508e+03 4.2000e+03 9.9827e+20 7.1750e+20 7.1750e+20 5.5519e-02 0.0000e+00 7.0968e+04 0.0000e+00
3.7800e+03 5.6785e-12 8.1265e-01 1.6010e+03 3.2501e+03 4.2000e+03 1.0045e+21 7.2103e+20 7.2103e+20 5.5384e-02 0.0000e+00 7.1122e+04 0.0000e+00
3.7900e+03 5.6655e-12 8.1275e-01 1.6007e+03 3.2494e+03 4.2000e+03 1.0108e+21 7.2457e+20 7.2457e+20 5.5250e-02 0.0000e+00 7.1276e+04 0.0000e+00
3.8000e+03 5.6524e-12 8.1285e-01 1.6003e+03 3.2487e+03 4.2000e+03 1.0171e+21 7.2812e+20 7.2812e+20 5.5116e-02 0.0000e+00 7.1430e+04 0.0000e+00
3.8100e+03 5.6395e-12 8.1295e-01 1.6000e+03 3.2480e+03 4.2000e+03 1.0235e+21 7.3168e+20 7.3168e+20 5.4983e-02 0.0000e+00 7.1585e+04 0.0000e+00
3.8200e+03 5.6266e-12 8.1305e-01 1.5996e+03 3.2473e+03 4.2000e+03 1.0298e+21 7.3524e+20 7.3524e+20 5.4851e-02 0.0000e+00 7.1739e+04 0.0000e+00
3.8300e+03 5.6137e-12 8.1315e-01 1.5993e+03 3.2466e+03 4.2000e+03 1.0362e+21 7.3882e+20 7.3882e+20 5.4719e-02 0.0000e+00 7.1893e+04 0.0000e+00
3.8400e+03 5.6010e-12 8.1325e-01 1.5990e+03 3.2459e+03 4.2000e+03 1.0426e+21 7.4240e+20 7.4240e+20 5.4587e-02 0.0000e+00 7.2048e+04 0.0000e+00
3.8500e+03 5.5882e-12 8.1335e-01 1.5986e+03 3.2453e+03 4.2000e+03 1.0491e+21 7.4599e+20 7.4599e+20 5.4457e-02 0.0000e+00 7.2202e+04 0.0000e+00
3.8600e+03 5.5756e-12 8.1345e-01 1.5983e+03 3.2446e+03 4.2000e+03 1.0556e+21 7.4959e+20 7.4959e+20 5.4326e-02 0.0000e+00 7.2357e+04 0.0000e+00
3.8700e+03 5.5630e-12 8.1356e-01 1.5980e+03 3.2439e+03 4.2000e+03 1.0621e+21 7.5319e+20 7.5319e+20 5.4197e-02 0.0000e+00 7.2511e+04 0.0000e+00
3.8800e+03 5.5504e-12 8.1366e-01 1.5976e+03 3.2432e+03 4.2000e+03 1.0686e+21 7.5681e+20 7.5681e+20 5.4068e-02 0.0000e+00 7.2666e+04 0.0000e+00
3.8900e+03 5.5380e-12 8.1377e-01 1.5973e+03 3.2425e+03 4.2000e+03 1.0752e+21 7.6043e+20 7.6043e+20 5.3939e-02 0.0000e+00 7.2820e+04 0.0000e+00
3.9000e+03 5.5255e-12 8.1387e-01 1.5969e+03 3.2419e+03 4.2000e+03 1.0817e+21 7.6406e+20 7.6406e+20 5.3811e-02 0.0000e+00 7.2975e+04 0.0000e+00
3.9100e+03 5.5132e-12 8.1398e-01 1.5966e+03 3.2412e+03 4.2000e+03 1.0884e+21 7.6770e+20 7.6770e+20 5.3684e-02 0.0000e+00 7.3129e+04 0.0000e+00
3.9200e+03 5.5008e-12 8.1408e-01 1.5963e+03 3.2405e+03 4.2000e+03 1.0950e+21 7.7135e+20 7.7135e+20 5.3557e-02 0.0000e+00 7.3284e+04 0.0000e+00
3.9300e+03 5.4886e-12 8.1419e-01 1.5960e+03 3.2398e+03 4.2000e+03 1.1017e+21 7.7501e+20 7.7501e+20 5.3430e-02 0.0000e+00 7.3439e+04 0.0000e+00
3.9400e+03 5.4764e-12 8.1430e-01 1.5956e+03 3.2392e+03 4.2000e+03 1.1084e+21 7.7867e+20 7.7867e+20 5.3305e-02 0.0000e+00 7.3594e+04 0.0000e+00
3.9500e+03 5.4643e-12 8.1440e-01 1.5953e+03 3.2385e+03 4.2000e+03 1.1151e+21 7.8234e+20 7.8234e+20 5.3179e-02 0.0000e+00 7.3748e+04 0.0000e+00
3.9600e+03 5.4522e-12 8.1451e-01 1.5950e+03 3.2378e+03 4.2000e+03 1.1219e+21 7.8602e+20 7.8602e+20 5.3055e-02 0.0000e+00 7.3903e+04 0.0000e+00
3.9700e+03 5.4401e-12 8.1462e-01 1.5946e+03 3.2372e+03 4.2000e+03 1.1286e+21 7.8971e+20 7.8971e+20 5.2931e-02 0.0000e+00 7.4058e+04 0.0000e+00
3.9800e+03 5.4282e-12 8.1473e-01 1.5943e+03 3.2365e+03 4.2000e+03 1.1355e+21 7.9340e+20 7.9340e+20 5.2807e-02 0.0000e+00 7.4213e+04 0.0000e+00
3.9900e+03 5.4162e-12 8.1484e-01 1.5940e+03 3.2359e+03 4.2000e+03 1.1423e+21 7.9711e+20 7.9711e+20 5.2684e-02 0.0000e+00 7.4368e+04 0.0000e+00
4.0000e+03 5.4044e-12 8.1495e-01 1.5937e+03 3.2352e+03 4.2000e+03 1.1492e+21 8.0082e+20 8.0082e+20 5.2561e-02 0.0000e+00 7.4523e+04 0.0000e+00
4.0100e+03 5.3926e-12 8.1506e-01 1.5933e+03 3.2345e+03 4.2000e+03 1.1561e+21 8.0454e+20 8.0454e+20 5.2439e-02 0.0000e+00 7.4678e+04 0.0000e+00
4.0200e+03 5.3808e-12 8.1517e-01 1.5930e+03 3.2339e+03 4.2000e+03 1.1630e+21 8.0827e+20 8.0827e+20 5.2318e-02 0.0000e+00 7.4833e+04 0.0000e+00
4.0300e+03 5.3691e-12 8.1528e-01 1.5927e+03 3.2332e+03 4.2000e+03 1.1699e+21 8.1200e+20 8.1200e+20 5.2197e-02 0.0000e+00 7.4988e+04 0.0000e+00
4.0400e+03 5.3574e-12 8.1540e-01 1.5924e+03 3.2326e+03 4.2000e+03 1.1769e+21 8.1574e+20 8.1574e+20 5.2076e-02 0.0000e+00 7.5143e+04 0.0000e+00
4.0500e+03 5.3458e-12 8.1551e-01 1.5921e+03 3.2319e+03 4.2000e+03 1.1839e+21 8.1949e+20 8.1949e+20 5.1957e-02 0.0000e+00 7.5298e+04 0.0000e+00
4.0600e+03 5.3343e-12 8.1562e-01 1.5918e+03 3.2313e+03 4.2000e+03 1.1910e+21 8.2325e+20 8.2325e+20 5.1837e-02 0.0000e+00 7.5453e+04 0.0000e+00
4.0700e+03 5.3228e-12 8.1574e-01 1.5914e+03 3.2307e+03 4.2000e+03 1.1981e+21 8.2702e+20 8.2702e+20 5.1718e-02 0.0000e+00 7.5608e+04 0.0000e+00
4.0800e+03 5.3113e-12 8.1585e-01 1.5911e+03 3.2300e+03 4.2000e+03 1.2052e+21 8.3079e+20 8.3079e+20 5.1600e-02 0.0000e+00 7.5763e+04 0.0000e+00
4.0900e+03 5.3000e-12 8.1596e-01 1.5908e+03 3.2294e+03 4.2000e+03 1.2123e+21 8.3457e+20 8.3457e+20 5.1482e-02 0.0000e+00 7.5918e+04 0.0000e+00
4.1000e+03 5.2886e-12 8.1608e-01 1.5905e+03 3.2287e+03 4.2000e+03 1.2194e+21 8.3836e+20 8.3836e+20 5.1364e-02 0.0000e+00 7.6074e+04 0.0000e+00
4.1100e+03 5.2773e-12 8.1619e-01 1.5902e+03 3.2281e+03 4.2000e+03 1.2266e+21 8.4216e+20 8.4216e+20 5.1247e-02 0.0000e+00 7.6229e+04 0.0000e+00
4.1200e+03 5.2661e-12 8.1631e-01 1.5899e+03 3.2275e+03 4.2000e+03 1.2338e+21 8.4596e+20 8.4596e+20 5.1131e-02 0.0000e+00 7.6384e+04 0.0000e+00
4.1300e+03 5.2549e-12 8.1643e-01 1.5896e+03 3.2268e+03 4.2000e+03 1.2411e+21 8.4977e+20 8.4977e+20 5.1015e-02 0.0000e+00 7.6539e+04 0.0000e+00
4.1400e+03 5.2437e-12 8.1654e-01 1.5892e+03 3.2262e+03 4.2000e+03 1.2484e+21 8.5359e+20 8.5359e+20 5.0900e-02 0.0000e+00 7.6695e+04 0.0000e+00
4.1500e+03 5.2326e-12 8.1666e-01 1.5889e+03 3.2256e+03 4.2000e+03 1.2557e+21 8.5742e+20 8.5742e+20 5.0785e-02 0.0000e+00 7.6850e+04 0.0000e+00
4.1600e+03 5.2216e-12 8.1678e-01 1.5886e+03 3.2250e+03 4.2000e+03 1.2630e+21 8.6126e+20 8.6126e+20 5.0670e-02 0.0000e+00 7.7005e+04 0.0000e+00
4.1700e+03 5.2106e-12 8.1690e-01 1.5883e+03 3.2243e+03 4.2000e+03 1.2703e+21 8.6510e+20 8.6510e+20 5.0556e-02 0.0000e+00 7.7161e+04 0.0000e+00
4.1800e+03 5.1997e-12 8.1702e-01 1.5880e+03 3.2237e+03 4.2000e+03 1.2777e+21 8.6895e+20 8.6895e+20 5.0443e-02 0.0000e+00 7.7316e+04 0.0000e+00
4.1900e+03 5.1888e-12 8.1714e-01 1.5877e+03 3.2231e+03 4.2000e+03 1.2852e+21 8.7280e+20 8.7280e+20 5.0330e-02 0.0000e+00 7.7471e+04 0.0000e+00
4.2000e+03 5.1779e-12 8.1725e-01 1.5874e+03 3.2225e+03 4.2000e+03 1.2926e+21 8.7667e+20 8.7667e+20 5.0217e-02 0.0000e+00 7.7627e+04 0.0000e+00
4.2100e+03 5.1671e-12 8.1737e-01 1.5871e+03 3.2218e+03 4.2000e+03 1.3001e+21 8.8054e+20 8.8054e+20 5.0105e-02 0.0000e+00 7.7782e+04 0.0000e+00
4.2200e+03 5.1564e-12 8.1749e-01 1.5868e+03 3.2212e+03 4.2000e+03 1.3076e+21 8.8442e+20 8.8442e+20 4.9993e-02 0.0000e+00 7.7938e+04 0.0000e+00
4.2300e+03 5.1457e-12 8.1762e-01 1.5865e+03 3.2206e+03 4.2000e+03 1.3151e+21 8.8830e+20 8.8830e+20 4.9882e-02 0.0000e+00 7.8093e+04 0.0000e+00
4.2400e+03 5.1350e-12 8.1774e-01 1.5862e+03 3.2200e+03 4.2000e+03 1.3227e+21 8.9220e+20 8.9220e+20 4.9771e-02 0.0000e+00 7.8249e+04 0.0000e+00
4.2500e+03 5.1244e-12 8.1786e-01 1.5859e+03 3.2194e+03 4.2000e+03 1.3303e+21 8.9610e+20 8.9610e+20 4.9661e-02 0.0000e+00 7.8404e+04 0.0000e+00
4.2600e+03 5.1138e-12 8.1798e-01 1.5856e+03 3.2188e+03 4.2000e+03 1.3379e+21 9.0001e+20 9.0001e+20 4.9551e-02 0.0000e+00 7.8560e+04 0.0000e+00
4.2700e+03 5.1033e-12 8.1810e-01 1.5853e+03 3.2182e+03 4.2000e+03 1.3456e+21 9.0392e+20 9.0392e+20 4.9442e-02 0.0000e+00 7.8716e+04 0.0000e+00
4.2800e+03 5.0928e-12 8.1822e-01 1.5850e+03 3.2176e+03 4.2000e+03 1.3532e+21 9.0784e+20 9.0784e+20 4.9333e-02 0.0000e+00 7.8871e+04 0.0000e+00
4.2900e+03 5.0824e-12 8.1835e-01 1.5847e+03 3.2170e+03 4.2000e+03 1.3610e+21 9.1177e+20 9.1177e+20 4.9225e-02 0.0000e+00 7.9027e+04 0.0000e+00
4.3000e+03 5.0720e-12 8.1847e-01 1.5844e+03 3.2164e+03 4.2000e+03 1.3687e+21 9.1571e+20 9.1571e+20 4.9117e-02 0.0000e+00 7.9182e+04 0.0000e+00
4.3100e+03 5.0617e-12 8.1859e-01 1.5841e+03 3.2158e+03 4.2000e+03 1.3765e+21 9.1965e+20 9.1965e+20 4.9009e-02 0.0000e+00 7.9338e+04 0.0000e+00
4.3200e+03 5.0514e-12 8.1872e-01 1.5838e+03 3.2152e+03 4.2000e+03 1.3843e+21 9.2360e+20 9.2360e+20 4.8902e-02 0.0000e+00 7.9494e+04 0.0000e+00
4.3300e+03 5.0411e-12 8.1884e-01 1.5835e+03 3.2146e+03 4.2000e+03 1.3921e+21 9.2756e+20 9.2756e+20 4.8795e-02 0.0000e+00 7.9650e+04 0.0000e+00
4.3400e+03 5.0309e-12 8.1897e-01 1.5832e+03 3.2140e+03 4.2000e+03 1.4000e+21 9.3153e+20 9.3153e+20 4.8689e-02 0.0000e+00 7.9805e+04 0.0000e+00
4.3500e+03 5.0207e-12 8.1909e-01 1.5829e+03 3.2134e+03 4.2000e+03 1.4079e+21 9.3550e+20 9.3550e+20 4.8583e-02 0.0000e+00 7.9961e+04 0.0000e+00
4.3600e+03 5.0106e-12 8.1922e-01 1.5826e+03 3.2128e+03 4.2000e+03 1.4158e+21 9.3948e+20 9.3948e+20 4.8478e-02 0.0000e+00 8.0117e+04 0.0000e+00
4.3700e+03 5.0005e-12 8.1934e-01 1.5823e+03 3.2122e+03 4.2000e+03 1.4237e+21 9.4346e+20 9.4346e+20 4.8373e-02 0.0000e+00 8.0272e+04 0.0000e+00
4.3800e+03 4.9905e-12 8.1947e-01 1.5821e+03 3.2116e+03 4.2000e+03 1.4317e+21 9.4745e+20 9.4745e+20 4.8269e-02 0.0000e+00 8.0428e+04 0.0000e+00
4.3900e+03 4.9805e-12 8.1960e-01 1.5818e+03 3.2110e+03 4.2000e+03 1.4397e+21 9.5145e+20 9.5145e+20 4.8165e-02 0.0000e+00 8.0584e+04 0.0000e+00
4.4000e+03 4.9706e-12 8.1972e-01 1.5815e+03 3.2104e+03 4.2000e+03 1.4478e+21 9.5546e+20 9.5546e+20 4.8061e-02 0.0000e+00 8.0740e+04 0.0000e+00
4.4100e+03 4.9607e-12 8.1985e-01 1.5812e+03 3.2099e+03 4.2000e+03 1.4559e+21 9.5947e+20 9.5947e+20 4.7958e-02 0.0000e+00 8.0896e+04 0.0000e+00
4.4200e+03 4.9508e-12 8.1998e-01 1.5809e+03 3.2093e+03 4.2000e+03 1.4640e+21 9.6349e+20 9.6349e+20 4.7855e-02 0.0000e+00 8.1051e+04 0.0000e+00
4.4300e+03 4.9410e-12 8.2011e-01 1.5806e+03 3.2087e+03 4.2000e+03 1.4721e+21 9.6752e+20 9.6752e+20 4.7752e-02 0.0000e+00 8.1207e+04 0.0000e+00
4.4400e+03 4.9312e-12 8.2023e-01 1.5803e+03 3.2081e+03 4.2000e+03 1.4803e+21 9.7155e+20 9.7155e+20 4.7650e-02 0.0000e+00 8.1363e+04 0.0000e+00
4.4500e+03 4.9215e-12 8.2036e-01 1.5800e+03 3.2075e+03 4.2000e+03 1.4885e+21 9.7559e+20 9.7559e+20 4.7549e-02 0.0000e+00 8.1519e+04 0.0000e+00
4.4600e+03 4.9118e-12 8.2049e-01 1.5798e+03 3.2070e+03 4.2000e+03 1.4967e+21 9.7964e+20 9.7964e+20 4.7448e-02 0.0000e+00 8.1675e+04 0.0000e+00
4.4700e+03 4.9021e-12 8.2062e-01 1.5795e+03 3.2064e+03 4.2000e+03 1.5050e+21 9.8369e+20 9.8369e+20 4.7347e-02 0.0000e+00 8.1831e+04 0.0000e+00
4.4800e+03 4.8925e-12 8.2075e-01 1.5792e+03 3.2058e+03 4.2000e+03 1.5132e+21 9.8775e+20 9.8775e+20 4.7247e-02 0.0000e+00 8.1987e+04 0.0000e+00
4.4900e+03 4.8829e-12 8.2088e-01 1.5789e+03 3.2053e+03 4.2000e+03 1.5216e+21 9.9182e+20 9.9182e+20 4.7147e-02 0.0000e+00 8.2143e+04 0.0000e+00
4.5000e+03 4.8734e-12 8.2101e-01 1.5786e+03 3.2047e+03 4.2000e+03 1.5299e+21 9.9589e+20 9.9589e+20 4.7047e-02 0.0000e+00 8.2299e+04 0.0000e+00
4.5100e+03 4.8639e-12 8.2114e-01 1.5784e+03 3.2041e+03 4.2000e+03 1.5383e+21 9.9997e+20 9.9997e+20 4.6948e-02 0.0000e+00 8.2455e+04 0.0000e+00
4.5200e+03 4.8544e-12 8.2127e-01 1.5781e+03 3.2036e+03 4.2000e+03 1.5467e+21 1.0041e+21 1.0041e+21 4.6849e-02 0.0000e+00 8.2610e+04 0.0000e+00
4.5300e+03 4.8450e-12 8.2140e-01 1.5778e+03 3.2030e+03 4.2000e+03 1.5551e+21 1.0082e+21 1.0082e+21 4.6751e-02 0.0000e+00 8.2766e+04 0.0000e+00
4.5400e+03 4.8356e-12 8.2153e-01 1.5775e+03 3.2024e+03 4.2000e+03 1.5636e+21 1.0123e+21 1.0123e+21 4.6653e-02 0.0000e+00 8.2922e+04 0.0000e+00
4.5500e+03 0.0000e+00 0.0000e+00 1.5773e+03 0.0000e+00 4.2000e+03 0.0000e+00 0.0000e+00 0.0000e+00 0.0000e+00 0.0000e+00 0.0000e+00 0.0000e+00
