0.0000e+00 2.3990e-11 8.7484e-01 1.7000e+03 2.6780e+03 6.0000e+03 2.2229e+19 2.3638e+17 2.0996e+15 2.1735e-01 9.6120e+00 1.9489e+04 1.0368e+03
1.0000e+01 2.3855e-11 3.1338e-01 1.9038e+03 3.0593e+03 5.7076e+03 1.7819e+18 1.9877e+17 3.9514e+15 6.0333e-01 6.3552e+00 8.0342e+03 1.2502e+03
2.0000e+01 2.3720e-11 1.8835e-01 2.0253e+03 3.2878e+03 5.5143e+03 5.2599e+17 1.8575e+17 6.2275e+15 9.9817e-01 4.7600e+00 5.2216e+03 1.4033e+03
3.0000e+01 2.3586e-11 1.4253e-01 2.0998e+03 3.4258e+03 5.3695e+03 2.7420e+17 1.8813e+17 8.9455e+15 1.3117e+00 3.7926e+00 4.1440e+03 1.5375e+03
4.0000e+01 2.3454e-11 1.2196e-01 2.1433e+03 3.5063e+03 5.2542e+03 1.9212e+17 2.0111e+17 1.2110e+16 1.5242e+00 3.1492e+00 3.6517e+03 1.6650e+03
5.0000e+01 2.3322e-11 1.1240e-01 2.1660e+03 3.5484e+03 5.1584e+03 1.6055e+17 2.2316e+17 1.5733e+16 1.6446e+00 2.6983e+00 3.4256e+03 1.7900e+03
6.0000e+01 2.3191e-11 1.0846e-01 2.1750e+03 3.5653e+03 5.0763e+03 1.4958e+17 2.5369e+17 1.9844e+16 1.6947e+00 2.3683e+00 3.3404e+03 1.9140e+03
7.0000e+01 2.3062e-11 1.0772e-01 2.1754e+03 3.5659e+03 5.0043e+03 1.4912e+17 2.9256e+17 2.4482e+16 1.6968e+00 2.1175e+00 3.3368e+03 2.0378e+03
8.0000e+01 2.2933e-11 1.0892e-01 2.1702e+03 3.5565e+03 4.9398e+03 1.5507e+17 3.3992e+17 2.9693e+16 1.6688e+00 1.9199e+00 3.3837e+03 2.1616e+03
9.0000e+01 2.2805e-11 1.1136e-01 2.1618e+03 3.5409e+03 4.8814e+03 1.6551e+17 3.9608e+17 3.5527e+16 1.6232e+00 1.7595e+00 3.4632e+03 2.2856e+03
1.0000e+02 2.2678e-11 1.1461e-01 2.1515e+03 3.5218e+03 4.8279e+03 1.7947e+17 4.6150e+17 4.2034e+16 1.5683e+00 1.6260e+00 3.5645e+03 2.4099e+03
1.1000e+02 2.2553e-11 1.1842e-01 2.1400e+03 3.5007e+03 4.7785e+03 1.9642e+17 5.3670e+17 4.9268e+16 1.5095e+00 1.5125e+00 3.6809e+03 2.5346e+03
1.2000e+02 2.2428e-11 1.2262e-01 2.1281e+03 3.4787e+03 4.7325e+03 2.1605e+17 6.2227e+17 5.7280e+16 1.4497e+00 1.4143e+00 3.8078e+03 2.6596e+03
1.3000e+02 2.2304e-11 1.2708e-01 2.1161e+03 3.4564e+03 4.6894e+03 2.3819e+17 7.1885e+17 6.6123e+16 1.3911e+00 1.3282e+00 3.9423e+03 2.7851e+03
1.4000e+02 2.2181e-11 1.3173e-01 2.1041e+03 3.4343e+03 4.6490e+03 2.6274e+17 8.2712e+17 7.5850e+16 1.3346e+00 1.2519e+00 4.0823e+03 2.9109e+03
1.5000e+02 2.2059e-11 1.3651e-01 2.0923e+03 3.4127e+03 4.6110e+03 2.8963e+17 9.4779e+17 8.6515e+16 1.2808e+00 1.1836e+00 4.2262e+03 3.0371e+03
1.6000e+02 2.1937e-11 1.4137e-01 2.0808e+03 3.3916e+03 4.5750e+03 3.1885e+17 1.0816e+18 9.8172e+16 1.2299e+00 1.1221e+00 4.3731e+03 3.1638e+03
1.7000e+02 2.1817e-11 1.4629e-01 2.0697e+03 3.3712e+03 4.5408e+03 3.5037e+17 1.2293e+18 1.1088e+17 1.1820e+00 1.0663e+00 4.5220e+03 3.2908e+03
1.8000e+02 2.1698e-11 1.5125e-01 2.0590e+03 3.3514e+03 4.5084e+03 3.8419e+17 1.3916e+18 1.2468e+17 1.1371e+00 1.0154e+00 4.6725e+03 3.4181e+03
1.9000e+02 2.1579e-11 1.5622e-01 2.0486e+03 3.3324e+03 4.4775e+03 4.2032e+17 1.5693e+18 1.3964e+17 1.0949e+00 9.6883e-01 4.8241e+03 3.5458e+03
2.0000e+02 2.1462e-11 1.6118e-01 2.0386e+03 3.3141e+03 4.4480e+03 4.5878e+17 1.7633e+18 1.5581e+17 1.0553e+00 9.2597e-01 4.9764e+03 3.6738e+03
2.1000e+02 2.1345e-11 1.6614e-01 2.0289e+03 3.2964e+03 4.4199e+03 4.9957e+17 1.9743e+18 1.7326e+17 1.0183e+00 8.8642e-01 5.1291e+03 3.8022e+03
2.2000e+02 2.1229e-11 1.7108e-01 2.0197e+03 3.2794e+03 4.3929e+03 5.4272e+17 2.2032e+18 1.9203e+17 9.8350e-01 8.4980e-01 5.2821e+03 3.9308e+03
2.3000e+02 2.1114e-11 1.7600e-01 2.0107e+03 3.2631e+03 4.3671e+03 5.8825e+17 2.4508e+18 2.1218e+17 9.5086e-01 8.1579e-01 5.4353e+03 4.0597e+03
2.4000e+02 2.1000e-11 1.8088e-01 2.0021e+03 3.2474e+03 4.3422e+03 6.3617e+17 2.7179e+18 2.3377e+17 9.2020e-01 7.8414e-01 5.5883e+03 4.1888e+03
2.5000e+02 2.0886e-11 1.8572e-01 1.9938e+03 3.2322e+03 4.3184e+03 6.8650e+17 3.0055e+18 2.5686e+17 8.9135e-01 7.5460e-01 5.7413e+03 4.3182e+03
2.6000e+02 2.0774e-11 1.9053e-01 1.9858e+03 3.2176e+03 4.2954e+03 7.3926e+17 3.3142e+18 2.8152e+17 8.6419e-01 7.2697e-01 5.8940e+03 4.4478e+03
2.7000e+02 2.0662e-11 1.9529e-01 1.9781e+03 3.2035e+03 4.2733e+03 7.9448e+17 3.6451e+18 3.0779e+17 8.3858e-01 7.0108e-01 6.0464e+03 4.5777e+03
2.8000e+02 2.0551e-11 2.0001e-01 1.9707e+03 3.1900e+03 4.2520e+03 8.5216e+17 3.9991e+18 3.3574e+17 8.1440e-01 6.7678e-01 6.1984e+03 4.7078e+03
2.9000e+02 2.0441e-11 2.0468e-01 1.9635e+03 3.1768e+03 4.2314e+03 9.1233e+17 4.3768e+18 3.6543e+17 7.9156e-01 6.5393e-01 6.3501e+03 4.8380e+03
3.0000e+02 2.0332e-11 2.0930e-01 1.9565e+03 3.1642e+03 4.2115e+03 9.7501e+17 4.7794e+18 3.9693e+17 7.6994e-01 6.3239e-01 6.5013e+03 4.9685e+03
3.1000e+02 2.0224e-11 2.1388e-01 1.9498e+03 3.1519e+03 4.1923e+03 1.0402e+18 5.2076e+18 4.3028e+17 7.4946e-01 6.1208e-01 6.6520e+03 5.0991e+03
3.2000e+02 2.0116e-11 2.1840e-01 1.9433e+03 3.1401e+03 4.1737e+03 1.1079e+18 5.6624e+18 4.6556e+17 7.3004e-01 5.9289e-01 6.8022e+03 5.2299e+03
3.3000e+02 2.0009e-11 2.2287e-01 1.9370e+03 3.1286e+03 4.1556e+03 1.1782e+18 6.1446e+18 5.0283e+17 7.1160e-01 5.7472e-01 6.9520e+03 5.3608e+03
3.4000e+02 1.9903e-11 2.2728e-01 1.9309e+03 3.1175e+03 4.1381e+03 1.2511e+18 6.6552e+18 5.4215e+17 6.9407e-01 5.5752e-01 7.1012e+03 5.4919e+03
3.5000e+02 1.9798e-11 2.3165e-01 1.9250e+03 3.1068e+03 4.1212e+03 1.3265e+18 7.1951e+18 5.8359e+17 6.7739e-01 5.4120e-01 7.2498e+03 5.6231e+03
3.6000e+02 1.9693e-11 2.3596e-01 1.9193e+03 3.0963e+03 4.1047e+03 1.4046e+18 7.7652e+18 6.2720e+17 6.6151e-01 5.2570e-01 7.3979e+03 5.7545e+03
3.7000e+02 1.9589e-11 2.4022e-01 1.9137e+03 3.0862e+03 4.0887e+03 1.4852e+18 8.3665e+18 6.7306e+17 6.4636e-01 5.1096e-01 7.5455e+03 5.8860e+03
3.8000e+02 1.9486e-11 2.4442e-01 1.9083e+03 3.0764e+03 4.0732e+03 1.5685e+18 8.9997e+18 7.2123e+17 6.3190e-01 4.9694e-01 7.6925e+03 6.0176e+03
3.9000e+02 1.9384e-11 2.4857e-01 1.9030e+03 3.0669e+03 4.0581e+03 1.6544e+18 9.6660e+18 7.7177e+17 6.1809e-01 4.8357e-01 7.8389e+03 6.1493e+03
4.0000e+02 1.9283e-11 2.5267e-01 1.8979e+03 3.0576e+03 4.0434e+03 1.7429e+18 1.0366e+19 8.2475e+17 6.0488e-01 4.7083e-01 7.9847e+03 6.2812e+03
4.1000e+02 1.9182e-11 2.5671e-01 1.8930e+03 3.0486e+03 4.0290e+03 1.8341e+18 1.1101e+19 8.8023e+17 5.9224e-01 4.5866e-01 8.1300e+03 6.4131e+03
4.2000e+02 1.9082e-11 2.6070e-01 1.8881e+03 3.0398e+03 4.0151e+03 1.9280e+18 1.1872e+19 9.3829e+17 5.8013e-01 4.4704e-01 8.2747e+03 6.5451e+03
4.3000e+02 1.8983e-11 2.6464e-01 1.8834e+03 3.0313e+03 4.0015e+03 2.0245e+18 1.2680e+19 9.9899e+17 5.6853e-01 4.3592e-01 8.4188e+03 6.6772e+03
4.4000e+02 1.8884e-11 2.6853e-01 1.8789e+03 3.0229e+03 3.9882e+03 2.1237e+18 1.3525e+19 1.0624e+18 5.5739e-01 4.2528e-01 8.5624e+03 6.8094e+03
4.5000e+02 1.8786e-11 2.7236e-01 1.8744e+03 3.0148e+03 3.9753e+03 2.2257e+18 1.4409e+19 1.1286e+18 5.4670e-01 4.1509e-01 8.7054e+03 6.9417e+03
4.6000e+02 1.8689e-11 2.7614e-01 1.8700e+03 3.0069e+03 3.9627e+03 2.3303e+18 1.5332e+19 1.1976e+18 5.3642e-01 4.0532e-01 8.8478e+03 7.0740e+03
4.7000e+02 1.8593e-11 2.7987e-01 1.8658e+03 2.9992e+03 3.9503e+03 2.4376e+18 1.6296e+19 1.2695e+18 5.2654e-01 3.9595e-01 8.9897e+03 7.2064e+03
4.8000e+02 1.8497e-11 2.8355e-01 1.8617e+03 2.9917e+03 3.9383e+03 2.5477e+18 1.7302e+19 1.3444e+18 5.1703e-01 3.8695e-01 9.1310e+03 7.3389e+03
4.9000e+02 1.8402e-11 2.8718e-01 1.8576e+03 2.9844e+03 3.9265e+03 2.6605e+18 1.8350e+19 1.4224e+18 5.0787e-01 3.7830e-01 9.2717e+03 7.4715e+03
5.0000e+02 1.8307e-11 2.9076e-01 1.8537e+03 2.9772e+03 3.9150e+03 2.7760e+18 1.9441e+19 1.5035e+18 4.9905e-01 3.6999e-01 9.4119e+03 7.6041e+03
5.1000e+02 1.8214e-11 2.9429e-01 1.8498e+03 2.9702e+03 3.9038e+03 2.8943e+18 2.0577e+19 1.5878e+18 4.9054e-01 3.6200e-01 9.5516e+03 7.7367e+03
5.2000e+02 1.8121e-11 2.9777e-01 1.8460e+03 2.9634e+03 3.8928e+03 3.0153e+18 2.1758e+19 1.6753e+18 4.8233e-01 3.5431e-01 9.6907e+03 7.8694e+03
5.3000e+02 1.8028e-11 3.0121e-01 1.8424e+03 2.9567e+03 3.8820e+03 3.1391e+18 2.2986e+19 1.7662e+18 4.7440e-01 3.4690e-01 9.8294e+03 8.0022e+03
5.4000e+02 1.7937e-11 3.0459e-01 1.8388e+03 2.9501e+03 3.8714e+03 3.2657e+18 2.4261e+19 1.8605e+18 4.6675e-01 3.3975e-01 9.9674e+03 8.1350e+03
5.5000e+02 1.7846e-11 3.0793e-01 1.8352e+03 2.9437e+03 3.8611e+03 3.3951e+18 2.5584e+19 1.9582e+18 4.5934e-01 3.3287e-01 1.0105e+04 8.2678e+03
5.6000e+02 1.7755e-11 3.1122e-01 1.8318e+03 2.9375e+03 3.8510e+03 3.5272e+18 2.6957e+19 2.0595e+18 4.5219e-01 3.2622e-01 1.0242e+04 8.4007e+03
5.7000e+02 1.7666e-11 3.1446e-01 1.8284e+03 2.9313e+03 3.8411e+03 3.6621e+18 2.8380e+19 2.1644e+18 4.4526e-01 3.1981e-01 1.0379e+04 8.5336e+03
5.8000e+02 1.7577e-11 3.1766e-01 1.8251e+03 2.9253e+03 3.8313e+03 3.7999e+18 2.9854e+19 2.2730e+18 4.3855e-01 3.1362e-01 1.0515e+04 8.6666e+03
5.9000e+02 1.7488e-11 3.2082e-01 1.8218e+03 2.9194e+03 3.8218e+03 3.9404e+18 3.1381e+19 2.3854e+18 4.3206e-01 3.0763e-01 1.0650e+04 8.7996e+03
6.0000e+02 1.7400e-11 3.2393e-01 1.8187e+03 2.9137e+03 3.8124e+03 4.0838e+18 3.2961e+19 2.5016e+18 4.2576e-01 3.0184e-01 1.0785e+04 8.9326e+03
6.1000e+02 1.7313e-11 3.2699e-01 1.8155e+03 2.9080e+03 3.8032e+03 4.2300e+18 3.4595e+19 2.6217e+18 4.1966e-01 2.9625e-01 1.0920e+04 9.0657e+03
6.2000e+02 1.7227e-11 3.3001e-01 1.8125e+03 2.9025e+03 3.7942e+03 4.3790e+18 3.6284e+19 2.7458e+18 4.1373e-01 2.9083e-01 1.1054e+04 9.1988e+03
6.3000e+02 1.7141e-11 3.3299e-01 1.8095e+03 2.8970e+03 3.7854e+03 4.5309e+18 3.8030e+19 2.8739e+18 4.0799e-01 2.8559e-01 1.1188e+04 9.3319e+03
6.4000e+02 1.7055e-11 3.3593e-01 1.8065e+03 2.8917e+03 3.7767e+03 4.6856e+18 3.9833e+19 3.0062e+18 4.0241e-01 2.8051e-01 1.1321e+04 9.4650e+03
6.5000e+02 1.6971e-11 3.3883e-01 1.8037e+03 2.8864e+03 3.7682e+03 4.8432e+18 4.1694e+19 3.1427e+18 3.9698e-01 2.7559e-01 1.1454e+04 9.5982e+03
6.6000e+02 1.6887e-11 3.4168e-01 1.8008e+03 2.8813e+03 3.7598e+03 5.0036e+18 4.3615e+19 3.2835e+18 3.9172e-01 2.7082e-01 1.1586e+04 9.7314e+03
6.7000e+02 1.6803e-11 3.4450e-01 1.7980e+03 2.8763e+03 3.7515e+03 5.1669e+18 4.5596e+19 3.4287e+18 3.8659e-01 2.6619e-01 1.1718e+04 9.8646e+03
6.8000e+02 1.6720e-11 3.4727e-01 1.7953e+03 2.8713e+03 3.7434e+03 5.3331e+18 4.7639e+19 3.5783e+18 3.8161e-01 2.6171e-01 1.1849e+04 9.9978e+03
6.9000e+02 1.6638e-11 3.5001e-01 1.7926e+03 2.8664e+03 3.7355e+03 5.5022e+18 4.9744e+19 3.7323e+18 3.7677e-01 2.5735e-01 1.1981e+04 1.0131e+04
7.0000e+02 1.6556e-11 3.5271e-01 1.7900e+03 2.8616e+03 3.7277e+03 5.6742e+18 5.1912e+19 3.8910e+18 3.7205e-01 2.5312e-01 1.2111e+04 1.0264e+04
7.1000e+02 1.6475e-11 3.5537e-01 1.7874e+03 2.8569e+03 3.7200e+03 5.8491e+18 5.4145e+19 4.0544e+18 3.6745e-01 2.4902e-01 1.2241e+04 1.0398e+04
7.2000e+02 1.6394e-11 3.5799e-01 1.7848e+03 2.8523e+03 3.7124e+03 6.0269e+18 5.6443e+19 4.2225e+18 3.6298e-01 2.4503e-01 1.2371e+04 1.0531e+04
7.3000e+02 1.6314e-11 3.6057e-01 1.7823e+03 2.8477e+03 3.7049e+03 6.2077e+18 5.8809e+19 4.3954e+18 3.5862e-01 2.4115e-01 1.2501e+04 1.0664e+04
7.4000e+02 1.6235e-11 3.6312e-01 1.7798e+03 2.8432e+03 3.6976e+03 6.3913e+18 6.1241e+19 4.5732e+18 3.5437e-01 2.3738e-01 1.2630e+04 1.0797e+04
7.5000e+02 1.6156e-11 3.6563e-01 1.7774e+03 2.8388e+03 3.6904e+03 6.5780e+18 6.3743e+19 4.7560e+18 3.5022e-01 2.3371e-01 1.2758e+04 1.0931e+04
7.6000e+02 1.6078e-11 3.6811e-01 1.7750e+03 2.8345e+03 3.6833e+03 6.7676e+18 6.6314e+19 4.9438e+18 3.4618e-01 2.3014e-01 1.2887e+04 1.1064e+04
7.7000e+02 1.6000e-11 3.7055e-01 1.7727e+03 2.8302e+03 3.6763e+03 6.9601e+18 6.8956e+19 5.1368e+18 3.4223e-01 2.2667e-01 1.3015e+04 1.1197e+04
7.8000e+02 1.5923e-11 3.7296e-01 1.7704e+03 2.8260e+03 3.6694e+03 7.1556e+18 7.1670e+19 5.3350e+18 3.3838e-01 2.2329e-01 1.3142e+04 1.1331e+04
7.9000e+02 1.5846e-11 3.7533e-01 1.7681e+03 2.8219e+03 3.6626e+03 7.3541e+18 7.4457e+19 5.5384e+18 3.3462e-01 2.2000e-01 1.3269e+04 1.1464e+04
8.0000e+02 1.5770e-11 3.7767e-01 1.7658e+03 2.8178e+03 3.6559e+03 7.5556e+18 7.7318e+19 5.7473e+18 3.3095e-01 2.1680e-01 1.3396e+04 1.1597e+04
8.1000e+02 1.5694e-11 3.7998e-01 1.7636e+03 2.8138e+03 3.6493e+03 7.7601e+18 8.0254e+19 5.9616e+18 3.2736e-01 2.1367e-01 1.3523e+04 1.1731e+04
8.2000e+02 1.5619e-11 3.8226e-01 1.7614e+03 2.8098e+03 3.6428e+03 7.9676e+18 8.3266e+19 6.1814e+18 3.2385e-01 2.1063e-01 1.3649e+04 1.1864e+04
8.3000e+02 1.5544e-11 3.8450e-01 1.7593e+03 2.8059e+03 3.6364e+03 8.1782e+18 8.6355e+19 6.4068e+18 3.2043e-01 2.0766e-01 1.3775e+04 1.1998e+04
8.4000e+02 1.5470e-11 3.8671e-01 1.7572e+03 2.8021e+03 3.6301e+03 8.3918e+18 8.9523e+19 6.6380e+18 3.1708e-01 2.0477e-01 1.3901e+04 1.2131e+04
8.5000e+02 1.5397e-11 3.8889e-01 1.7551e+03 2.7983e+03 3.6238e+03 8.6084e+18 9.2770e+19 6.8749e+18 3.1380e-01 2.0195e-01 1.4026e+04 1.2264e+04
8.6000e+02 1.5324e-11 3.9105e-01 1.7530e+03 2.7945e+03 3.6177e+03 8.8281e+18 9.6098e+19 7.1177e+18 3.1059e-01 1.9919e-01 1.4151e+04 1.2398e+04
8.7000e+02 1.5251e-11 3.9317e-01 1.7510e+03 2.7908e+03 3.6116e+03 9.0508e+18 9.9507e+19 7.3664e+18 3.0745e-01 1.9651e-01 1.4275e+04 1.2531e+04
8.8000e+02 1.5179e-11 3.9526e-01 1.7490e+03 2.7872e+03 3.6057e+03 9.2767e+18 1.0300e+20 7.6211e+18 3.0438e-01 1.9388e-01 1.4400e+04 1.2665e+04
8.9000e+02 1.5108e-11 3.9732e-01 1.7470e+03 2.7836e+03 3.5998e+03 9.5056e+18 1.0658e+20 7.8819e+18 3.0137e-01 1.9132e-01 1.4524e+04 1.2798e+04
9.0000e+02 1.5037e-11 3.9936e-01 1.7451e+03 2.7800e+03 3.5939e+03 9.7376e+18 1.1024e+20 8.1489e+18 2.9843e-01 1.8882e-01 1.4647e+04 1.2931e+04
9.1000e+02 1.4966e-11 4.0137e-01 1.7432e+03 2.7766e+03 3.5882e+03 9.9728e+18 1.1398e+20 8.4222e+18 2.9554e-01 1.8637e-01 1.4771e+04 1.3065e+04
9.2000e+02 1.4896e-11 4.0335e-01 1.7413e+03 2.7731e+03 3.5825e+03 1.0211e+19 1.1782e+20 8.7018e+18 2.9272e-01 1.8399e-01 1.4894e+04 1.3198e+04
9.3000e+02 1.4827e-11 4.0530e-01 1.7394e+03 2.7697e+03 3.5769e+03 1.0453e+19 1.2174e+20 8.9879e+18 2.8995e-01 1.8165e-01 1.5017e+04 1.3332e+04
9.4000e+02 1.4757e-11 4.0723e-01 1.7375e+03 2.7663e+03 3.5714e+03 1.0697e+19 1.2575e+20 9.2805e+18 2.8723e-01 1.7937e-01 1.5140e+04 1.3465e+04
9.5000e+02 1.4689e-11 4.0912e-01 1.7357e+03 2.7630e+03 3.5660e+03 1.0945e+19 1.2986e+20 9.5797e+18 2.8457e-01 1.7714e-01 1.5262e+04 1.3599e+04
9.6000e+02 1.4621e-11 4.1100e-01 1.7339e+03 2.7597e+03 3.5606e+03 1.1196e+19 1.3405e+20 9.8856e+18 2.8196e-01 1.7496e-01 1.5384e+04 1.3732e+04
9.7000e+02 1.4553e-11 4.1285e-01 1.7321e+03 2.7565e+03 3.5552e+03 1.1450e+19 1.3834e+20 1.0198e+19 2.7940e-01 1.7283e-01 1.5506e+04 1.3865e+04
9.8000e+02 1.4486e-11 4.1467e-01 1.7304e+03 2.7533e+03 3.5500e+03 1.1707e+19 1.4272e+20 1.0518e+19 2.7688e-01 1.7074e-01 1.5628e+04 1.3999e+04
9.9000e+02 1.4419e-11 4.1647e-01 1.7286e+03 2.7501e+03 3.5448e+03 1.1968e+19 1.4720e+20 1.0844e+19 2.7442e-01 1.6870e-01 1.5749e+04 1.4132e+04
1.0000e+03 1.4353e-11 4.1824e-01 1.7269e+03 2.7470e+03 3.5397e+03 1.2232e+19 1.5177e+20 1.1178e+19 2.7200e-01 1.6670e-01 1.5870e+04 1.4266e+04
1.0100e+03 1.4287e-11 4.1999e-01 1.7252e+03 2.7439e+03 3.5346e+03 1.2499e+19 1.5644e+20 1.1518e+19 2.6962e-01 1.6474e-01 1.5991e+04 1.4399e+04
1.0200e+03 1.4222e-11 4.2172e-01 1.7235e+03 2.7408e+03 3.5296e+03 1.2769e+19 1.6121e+20 1.1866e+19 2.6729e-01 1.6282e-01 1.6112e+04 1.4533e+04
1.0300e+03 1.4157e-11 4.2342e-01 1.7219e+03 2.7378e+03 3.5246e+03 1.3042e+19 1.6608e+20 1.2221e+19 2.6500e-01 1.6095e-01 1.6233e+04 1.4666e+04
1.0400e+03 1.4092e-11 4.2511e-01 1.7202e+03 2.7348e+03 3.5197e+03 1.3319e+19 1.7105e+20 1.2584e+19 2.6275e-01 1.5911e-01 1.6353e+04 1.4800e+04
1.0500e+03 1.4028e-11 4.2676e-01 1.7186e+03 2.7319e+03 3.5149e+03 1.3599e+19 1.7613e+20 1.2954e+19 2.6054e-01 1.5731e-01 1.6473e+04 1.4933e+04
1.0600e+03 1.3965e-11 4.2840e-01 1.7170e+03 2.7289e+03 3.5101e+03 1.3883e+19 1.8130e+20 1.3331e+19 2.5837e-01 1.5554e-01 1.6593e+04 1.5066e+04
1.0700e+03 1.3902e-11 4.3002e-01 1.7154e+03 2.7261e+03 3.5054e+03 1.4170e+19 1.8659e+20 1.3716e+19 2.5623e-01 1.5381e-01 1.6712e+04 1.5200e+04
1.0800e+03 1.3839e-11 4.3161e-01 1.7139e+03 2.7232e+03 3.5007e+03 1.4460e+19 1.9197e+20 1.4109e+19 2.5413e-01 1.5212e-01 1.6832e+04 1.5333e+04
1.0900e+03 1.3777e-11 4.3318e-01 1.7123e+03 2.7204e+03 3.4961e+03 1.4753e+19 1.9747e+20 1.4510e+19 2.5207e-01 1.5046e-01 1.6951e+04 1.5467e+04
1.1000e+03 1.3715e-11 4.3473e-01 1.7108e+03 2.7176e+03 3.4915e+03 1.5050e+19 2.0307e+20 1.4918e+19 2.5004e-01 1.4883e-01 1.7070e+04 1.5600e+04
1.1100e+03 1.3653e-11 4.3627e-01 1.7093e+03 2.7148e+03 3.4870e+03 1.5351e+19 2.0879e+20 1.5335e+19 2.4805e-01 1.4723e-01 1.7189e+04 1.5734e+04
1.1200e+03 1.3592e-11 4.3778e-01 1.7078e+03 2.7121e+03 3.4825e+03 1.5654e+19 2.1461e+20 1.5759e+19 2.4609e-01 1.4566e-01 1.7308e+04 1.5867e+04
1.1300e+03 1.3532e-11 4.3927e-01 1.7063e+03 2.7094e+03 3.4781e+03 1.5961e+19 2.2054e+20 1.6192e+19 2.4416e-01 1.4413e-01 1.7426e+04 1.6001e+04
1.1400e+03 1.3471e-11 4.4074e-01 1.7048e+03 2.7067e+03 3.4737e+03 1.6272e+19 2.2659e+20 1.6633e+19 2.4226e-01 1.4262e-01 1.7545e+04 1.6134e+04
1.1500e+03 1.3412e-11 4.4220e-01 1.7033e+03 2.7040e+03 3.4693e+03 1.6586e+19 2.3276e+20 1.7083e+19 2.4039e-01 1.4114e-01 1.7663e+04 1.6268e+04
1.1600e+03 1.3352e-11 4.4363e-01 1.7019e+03 2.7014e+03 3.4650e+03 1.6903e+19 2.3904e+20 1.7541e+19 2.3855e-01 1.3969e-01 1.7781e+04 1.6401e+04
1.1700e+03 1.3293e-11 4.4505e-01 1.7005e+03 2.6988e+03 3.4608e+03 1.7224e+19 2.4543e+20 1.8007e+19 2.3674e-01 1.3826e-01 1.7899e+04 1.6534e+04
1.1800e+03 1.3235e-11 4.4644e-01 1.6991e+03 2.6962e+03 3.4566e+03 1.7549e+19 2.5195e+20 1.8482e+19 2.3496e-01 1.3686e-01 1.8017e+04 1.6668e+04
1.1900e+03 1.3176e-11 4.4783e-01 1.6977e+03 2.6936e+03 3.4524e+03 1.7877e+19 2.5858e+20 1.8966e+19 2.3321e-01 1.3549e-01 1.8134e+04 1.6801e+04
1.2000e+03 1.3119e-11 4.4919e-01 1.6963e+03 2.6911e+03 3.4483e+03 1.8208e+19 2.6534e+20 1.9458e+19 2.3148e-01 1.3414e-01 1.8252e+04 1.6935e+04
1.2100e+03 1.3061e-11 4.5053e-01 1.6949e+03 2.6886e+03 3.4442e+03 1.8543e+19 2.7221e+20 1.9960e+19 2.2978e-01 1.3281e-01 1.8369e+04 1.7068e+04
1.2200e+03 1.3004e-11 4.5186e-01 1.6936e+03 2.6861e+03 3.4402e+03 1.8882e+19 2.7921e+20 2.0470e+19 2.2810e-01 1.3151e-01 1.8486e+04 1.7202e+04
1.2300e+03 1.2947e-11 4.5317e-01 1.6922e+03 2.6837e+03 3.4362e+03 1.9224e+19 2.8634e+20 2.0990e+19 2.2645e-01 1.3023e-01 1.8603e+04 1.7335e+04
1.2400e+03 1.2891e-11 4.5447e-01 1.6909e+03 2.6812e+03 3.4322e+03 1.9570e+19 2.9359e+20 2.1518e+19 2.2482e-01 1.2897e-01 1.8720e+04 1.7469e+04
1.2500e+03 1.2835e-11 4.5575e-01 1.6896e+03 2.6788e+03 3.4283e+03 1.9920e+19 3.0097e+20 2.2056e+19 2.2322e-01 1.2774e-01 1.8836e+04 1.7602e+04
1.2600e+03 1.2780e-11 4.5701e-01 1.6882e+03 2.6764e+03 3.4244e+03 2.0273e+19 3.0848e+20 2.2604e+19 2.2164e-01 1.2652e-01 1.8953e+04 1.7736e+04
1.2700e+03 1.2725e-11 4.5825e-01 1.6869e+03 2.6740e+03 3.4206e+03 2.0630e+19 3.1611e+20 2.3160e+19 2.2008e-01 1.2533e-01 1.9069e+04 1.7869e+04
1.2800e+03 1.2670e-11 4.5949e-01 1.6857e+03 2.6717e+03 3.4168e+03 2.0990e+19 3.2388e+20 2.3727e+19 2.1855e-01 1.2416e-01 1.9186e+04 1.8003e+04
1.2900e+03 1.2615e-11 4.6070e-01 1.6844e+03 2.6694e+03 3.4130e+03 2.1354e+19 3.3178e+20 2.4303e+19 2.1704e-01 1.2301e-01 1.9302e+04 1.8136e+04
1.3000e+03 1.2561e-11 4.6190e-01 1.6831e+03 2.6670e+03 3.4092e+03 2.1722e+19 3.3982e+20 2.4888e+19 2.1554e-01 1.2187e-01 1.9418e+04 1.8270e+04
1.3100e+03 1.2508e-11 4.6309e-01 1.6819e+03 2.6648e+03 3.4055e+03 2.2094e+19 3.4799e+20 2.5484e+19 2.1407e-01 1.2076e-01 1.9534e+04 1.8403e+04
1.3200e+03 1.2454e-11 4.6426e-01 1.6806e+03 2.6625e+03 3.4019e+03 2.2469e+19 3.5630e+20 2.6089e+19 2.1262e-01 1.1966e-01 1.9650e+04 1.8537e+04
1.3300e+03 1.2401e-11 4.6542e-01 1.6794e+03 2.6602e+03 3.3982e+03 2.2848e+19 3.6474e+20 2.6705e+19 2.1119e-01 1.1858e-01 1.9765e+04 1.8670e+04
1.3400e+03 1.2349e-11 4.6656e-01 1.6782e+03 2.6580e+03 3.3946e+03 2.3231e+19 3.7332e+20 2.7331e+19 2.0978e-01 1.1752e-01 1.9881e+04 1.8804e+04
1.3500e+03 1.2296e-11 4.6769e-01 1.6770e+03 2.6558e+03 3.3910e+03 2.3617e+19 3.8205e+20 2.7967e+19 2.0839e-01 1.1648e-01 1.9996e+04 1.8938e+04
1.3600e+03 1.2244e-11 4.6880e-01 1.6758e+03 2.6536e+03 3.3875e+03 2.4008e+19 3.9091e+20 2.8613e+19 2.0701e-01 1.1545e-01 2.0112e+04 1.9071e+04
1.3700e+03 1.2193e-11 4.6991e-01 1.6746e+03 2.6514e+03 3.3840e+03 2.4402e+19 3.9992e+20 2.9269e+19 2.0566e-01 1.1444e-01 2.0227e+04 1.9205e+04
1.3800e+03 1.2141e-11 4.7099e-01 1.6734e+03 2.6492e+03 3.3805e+03 2.4800e+19 4.0908e+20 2.9936e+19 2.0432e-01 1.1344e-01 2.0342e+04 1.9338e+04
1.3900e+03 1.2090e-11 4.7207e-01 1.6722e+03 2.6471e+03 3.3770e+03 2.5202e+19 4.1838e+20 3.0614e+19 2.0300e-01 1.1246e-01 2.0457e+04 1.9472e+04
1.4000e+03 1.2040e-11 4.7313e-01 1.6711e+03 2.6450e+03 3.3736e+03 2.5608e+19 4.2782e+20 3.1303e+19 2.0169e-01 1.1150e-01 2.0572e+04 1.9605e+04
1.4100e+03 1.1990e-11 4.7418e-01 1.6699e+03 2.6429e+03 3.3702e+03 2.6018e+19 4.3742e+20 3.2002e+19 2.0041e-01 1.1055e-01 2.0687e+04 1.9739e+04
1.4200e+03 1.1940e-11 4.7522e-01 1.6688e+03 2.6408e+03 3.3669e+03 2.6432e+19 4.4717e+20 3.2712e+19 1.9914e-01 1.0961e-01 2.0802e+04 1.9872e+04
1.4300e+03 1.1890e-11 4.7624e-01 1.6677e+03 2.6387e+03 3.3635e+03 2.6849e+19 4.5707e+20 3.3433e+19 1.9788e-01 1.0869e-01 2.0917e+04 2.0006e+04
1.4400e+03 1.1841e-11 4.7726e-01 1.6665e+03 2.6366e+03 3.3602e+03 2.7271e+19 4.6712e+20 3.4165e+19 1.9664e-01 1.0779e-01 2.1031e+04 2.0140e+04
1.4500e+03 1.1792e-11 4.7826e-01 1.6654e+03 2.6346e+03 3.3570e+03 2.7697e+19 4.7732e+20 3.4909e+19 1.9542e-01 1.0689e-01 2.1146e+04 2.0273e+04
1.4600e+03 1.1743e-11 4.7925e-01 1.6643e+03 2.6326e+03 3.3537e+03 2.8126e+19 4.8768e+20 3.5664e+19 1.9421e-01 1.0601e-01 2.1260e+04 2.0407e+04
1.4700e+03 1.1695e-11 4.8023e-01 1.6632e+03 2.6306e+03 3.3505e+03 2.8560e+19 4.9820e+20 3.6430e+19 1.9302e-01 1.0515e-01 2.1375e+04 2.0540e+04
1.4800e+03 1.1647e-11 4.8119e-01 1.6621e+03 2.6286e+03 3.3473e+03 2.8998e+19 5.0888e+20 3.7207e+19 1.9184e-01 1.0429e-01 2.1489e+04 2.0674e+04
1.4900e+03 1.1599e-11 4.8215e-01 1.6611e+03 2.6266e+03 3.3441e+03 2.9440e+19 5.1972e+20 3.7997e+19 1.9068e-01 1.0345e-01 2.1603e+04 2.0807e+04
1.5000e+03 1.1552e-11 4.8309e-01 1.6600e+03 2.6246e+03 3.3410e+03 2.9885e+19 5.3072e+20 3.8798e+19 1.8953e-01 1.0262e-01 2.1717e+04 2.0941e+04
1.5100e+03 1.1505e-11 4.8403e-01 1.6589e+03 2.6226e+03 3.3378e+03 3.0335e+19 5.4188e+20 3.9610e+19 1.8839e-01 1.0181e-01 2.1831e+04 2.1075e+04
1.5200e+03 1.1458e-11 4.8495e-01 1.6579e+03 2.6207e+03 3.3347e+03 3.0789e+19 5.5321e+20 4.0435e+19 1.8727e-01 1.0100e-01 2.1945e+04 2.1208e+04
1.5300e+03 1.1411e-11 4.8586e-01 1.6568e+03 2.6188e+03 3.3317e+03 3.1248e+19 5.6470e+20 4.1272e+19 1.8616e-01 1.0021e-01 2.2059e+04 2.1342e+04
1.5400e+03 1.1365e-11 4.8676e-01 1.6558e+03 2.6169e+03 3.3286e+03 3.1710e+19 5.7636e+20 4.2120e+19 1.8506e-01 9.9427e-02 2.2173e+04 2.1476e+04
1.5500e+03 1.1319e-11 4.8766e-01 1.6548e+03 2.6150e+03 3.3256e+03 3.2177e+19 5.8819e+20 4.2981e+19 1.8397e-01 9.8656e-02 2.2287e+04 2.1609e+04
1.5600e+03 1.1274e-11 4.8854e-01 1.6537e+03 2.6131e+03 3.3226e+03 3.2647e+19 6.0019e+20 4.3855e+19 1.8290e-01 9.7896e-02 2.2401e+04 2.1743e+04
1.5700e+03 1.1228e-11 4.8941e-01 1.6527e+03 2.6112e+03 3.3196e+03 3.3122e+19 6.1236e+20 4.4740e+19 1.8184e-01 9.7146e-02 2.2515e+04 2.1877e+04
1.5800e+03 1.1183e-11 4.9027e-01 1.6517e+03 2.6093e+03 3.3167e+03 3.3601e+19 6.2470e+20 4.5639e+19 1.8080e-01 9.6407e-02 2.2628e+04 2.2010e+04
1.5900e+03 1.1139e-11 4.9112e-01 1.6507e+03 2.6075e+03 3.3137e+03 3.4085e+19 6.3722e+20 4.6550e+19 1.7976e-01 9.5678e-02 2.2742e+04 2.2144e+04
1.6000e+03 1.1094e-11 4.9197e-01 1.6497e+03 2.6057e+03 3.3108e+03 3.4573e+19 6.4992e+20 4.7473e+19 1.7874e-01 9.4959e-02 2.2855e+04 2.2278e+04
1.6100e+03 1.1050e-11 4.9280e-01 1.6487e+03 2.6038e+03 3.3079e+03 3.5065e+19 6.6279e+20 4.8410e+19 1.7773e-01 9.4250e-02 2.2969e+04 2.2411e+04
1.6200e+03 1.1006e-11 4.9363e-01 1.6477e+03 2.6020e+03 3.3051e+03 3.5561e+19 6.7584e+20 4.9359e+19 1.7672e-01 9.3551e-02 2.3082e+04 2.2545e+04
1.6300e+03 1.0963e-11 4.9444e-01 1.6468e+03 2.6002e+03 3.3022e+03 3.6062e+19 6.8908e+20 5.0321e+19 1.7573e-01 9.2860e-02 2.3196e+04 2.2679e+04
1.6400e+03 1.0919e-11 4.9525e-01 1.6458e+03 2.5984e+03 3.2994e+03 3.6567e+19 7.0249e+20 5.1297e+19 1.7476e-01 9.2180e-02 2.3309e+04 2.2812e+04
1.6500e+03 1.0876e-11 4.9605e-01 1.6448e+03 2.5967e+03 3.2966e+03 3.7076e+19 7.1609e+20 5.2286e+19 1.7379e-01 9.1508e-02 2.3422e+04 2.2946e+04
1.6600e+03 1.0834e-11 4.9684e-01 1.6439e+03 2.5949e+03 3.2938e+03 3.7590e+19 7.2988e+20 5.3288e+19 1.7283e-01 9.0845e-02 2.3535e+04 2.3080e+04
1.6700e+03 1.0791e-11 4.9762e-01 1.6429e+03 2.5932e+03 3.2910e+03 3.8108e+19 7.4385e+20 5.4303e+19 1.7188e-01 9.0191e-02 2.3649e+04 2.3214e+04
1.6800e+03 1.0749e-11 4.9839e-01 1.6420e+03 2.5914e+03 3.2883e+03 3.8631e+19 7.5801e+20 5.5333e+19 1.7094e-01 8.9545e-02 2.3762e+04 2.3347e+04
1.6900e+03 1.0707e-11 4.9915e-01 1.6410e+03 2.5897e+03 3.2856e+03 3.9158e+19 7.7236e+20 5.6375e+19 1.7002e-01 8.8908e-02 2.3875e+04 2.3481e+04
1.7000e+03 1.0665e-11 4.9991e-01 1.6401e+03 2.5880e+03 3.2829e+03 3.9690e+19 7.8690e+20 5.7432e+19 1.6910e-01 8.8279e-02 2.3988e+04 2.3615e+04
1.7100e+03 1.0624e-11 5.0066e-01 1.6392e+03 2.5863e+03 3.2802e+03 4.0226e+19 8.0163e+20 5.8503e+19 1.6819e-01 8.7658e-02 2.4101e+04 2.3749e+04
1.7200e+03 1.0583e-11 5.0140e-01 1.6383e+03 2.5846e+03 3.2775e+03 4.0767e+19 8.1656e+20 5.9587e+19 1.6729e-01 8.7045e-02 2.4214e+04 2.3883e+04
1.7300e+03 1.0542e-11 5.0213e-01 1.6374e+03 2.5829e+03 3.2749e+03 4.1312e+19 8.3169e+20 6.0686e+19 1.6640e-01 8.6440e-02 2.4327e+04 2.4016e+04
1.7400e+03 1.0501e-11 5.0286e-01 1.6365e+03 2.5812e+03 3.2722e+03 4.1862e+19 8.4701e+20 6.1799e+19 1.6552e-01 8.5843e-02 2.4440e+04 2.4150e+04
1.7500e+03 1.0461e-11 5.0357e-01 1.6356e+03 2.5795e+03 3.2696e+03 4.2416e+19 8.6253e+20 6.2926e+19 1.6465e-01 8.5253e-02 2.4553e+04 2.4284e+04
1.7600e+03 1.0421e-11 5.0428e-01 1.6347e+03 2.5779e+03 3.2670e+03 4.2975e+19 8.7826e+20 6.4068e+19 1.6379e-01 8.4670e-02 2.4666e+04 2.4418e+04
1.7700e+03 1.0381e-11 5.0498e-01 1.6338e+03 2.5762e+03 3.2645e+03 4.3539e+19 8.9418e+20 6.5224e+19 1.6294e-01 8.4095e-02 2.4778e+04 2.4552e+04
1.7800e+03 1.0342e-11 5.0568e-01 1.6329e+03 2.5746e+03 3.2619e+03 4.4107e+19 9.1031e+20 6.6395e+19 1.6209e-01 8.3527e-02 2.4891e+04 2.4685e+04
1.7900e+03 1.0302e-11 5.0637e-01 1.6320e+03 2.5730e+03 3.2594e+03 4.4680e+19 9.2665e+20 6.7580e+19 1.6126e-01 8.2966e-02 2.5004e+04 2.4819e+04
1.8000e+03 1.0263e-11 5.0705e-01 1.6311e+03 2.5714e+03 3.2568e+03 4.5258e+19 9.4319e+20 6.8781e+19 1.6043e-01 8.2411e-02 2.5117e+04 2.4953e+04
1.8100e+03 1.0224e-11 5.0772e-01 1.6303e+03 2.5698e+03 3.2543e+03 4.5840e+19 9.5994e+20 6.9996e+19 1.5961e-01 8.1864e-02 2.5229e+04 2.5087e+04
1.8200e+03 1.0186e-11 5.0839e-01 1.6294e+03 2.5682e+03 3.2518e+03 4.6427e+19 9.7691e+20 7.1227e+19 1.5880e-01 8.1323e-02 2.5342e+04 2.5221e+04
1.8300e+03 1.0147e-11 5.0905e-01 1.6286e+03 2.5666e+03 3.2494e+03 4.7019e+19 9.9408e+20 7.2472e+19 1.5799e-01 8.0789e-02 2.5455e+04 2.5355e+04
1.8400e+03 1.0109e-11 5.0971e-01 1.6277e+03 2.5650e+03 3.2469e+03 4.7616e+19 1.0115e+21 7.3733e+19 1.5720e-01 8.0261e-02 2.5567e+04 2.5489e+04
1.8500e+03 1.0071e-11 5.1035e-01 1.6269e+03 2.5634e+03 3.2445e+03 4.8217e+19 1.0291e+21 7.5010e+19 1.5641e-01 7.9739e-02 2.5680e+04 2.5623e+04
1.8600e+03 1.0033e-11 5.1100e-01 1.6260e+03 2.5619e+03 3.2420e+03 4.8823e+19 1.0469e+21 7.6302e+19 1.5563e-01 7.9224e-02 2.5793e+04 2.5757e+04
1.8700e+03 9.9960e-12 5.1163e-01 1.6252e+03 2.5603e+03 3.2396e+03 4.9434e+19 1.0649e+21 7.7610e+19 1.5485e-01 7.8714e-02 2.5905e+04 2.5891e+04
1.8800e+03 9.9588e-12 5.1226e-01 1.6243e+03 2.5588e+03 3.2372e+03 5.0050e+19 1.0832e+21 7.8933e+19 1.5409e-01 7.8211e-02 2.6018e+04 2.6024e+04
1.8900e+03 9.9219e-12 5.1288e-01 1.6235e+03 2.5572e+03 3.2349e+03 5.0671e+19 1.1017e+21 8.0272e+19 1.5333e-01 7.7713e-02 2.6130e+04 2.6158e+04
1.9000e+03 9.8851e-12 5.1350e-01 1.6227e+03 2.5557e+03 3.2325e+03 5.1297e+19 1.1204e+21 8.1628e+19 1.5258e-01 7.7222e-02 2.6243e+04 2.6292e+04
1.9100e+03 9.8486e-12 5.1411e-01 1.6219e+03 2.5542e+03 3.2302e+03 5.1928e+19 1.1393e+21 8.2999e+19 1.5183e-01 7.6736e-02 2.6355e+04 2.6426e+04
1.9200e+03 9.8123e-12 5.1472e-01 1.6211e+03 2.5527e+03 3.2278e+03 5.2563e+19 1.1585e+21 8.4387e+19 1.5110e-01 7.6255e-02 2.6468e+04 2.6560e+04
1.9300e+03 9.7763e-12 5.1531e-01 1.6203e+03 2.5512e+03 3.2255e+03 5.3204e+19 1.1779e+21 8.5791e+19 1.5037e-01 7.5780e-02 2.6580e+04 2.6694e+04
1.9400e+03 9.7404e-12 5.1591e-01 1.6195e+03 2.5497e+03 3.2232e+03 5.3849e+19 1.1975e+21 8.7211e+19 1.4964e-01 7.5311e-02 2.6693e+04 2.6828e+04
1.9500e+03 9.7048e-12 5.1650e-01 1.6187e+03 2.5482e+03 3.2209e+03 5.4500e+19 1.2173e+21 8.8648e+19 1.4893e-01 7.4846e-02 2.6805e+04 2.6962e+04
1.9600e+03 9.6694e-12 5.1708e-01 1.6179e+03 2.5467e+03 3.2186e+03 5.5155e+19 1.2374e+21 9.0102e+19 1.4822e-01 7.4387e-02 2.6917e+04 2.7096e+04
1.9700e+03 9.6342e-12 5.1766e-01 1.6171e+03 2.5453e+03 3.2164e+03 5.5816e+19 1.2577e+21 9.1572e+19 1.4751e-01 7.3934e-02 2.7030e+04 2.7230e+04
1.9800e+03 9.5992e-12 5.1823e-01 1.6163e+03 2.5438e+03 3.2141e+03 5.6482e+19 1.2783e+21 9.3059e+19 1.4681e-01 7.3485e-02 2.7142e+04 2.7365e+04
1.9900e+03 9.5645e-12 5.1879e-01 1.6155e+03 2.5424e+03 3.2119e+03 5.7152e+19 1.2991e+21 9.4564e+19 1.4612e-01 7.3041e-02 2.7254e+04 2.7499e+04
2.0000e+03 9.5299e-12 5.1935e-01 1.6147e+03 2.5409e+03 3.2097e+03 5.7828e+19 1.3201e+21 9.6085e+19 1.4544e-01 7.2602e-02 2.7367e+04 2.7633e+04
2.0100e+03 9.4956e-12 5.1991e-01 1.6140e+03 2.5395e+03 3.2074e+03 5.8509e+19 1.3414e+21 9.7624e+19 1.4476e-01 7.2168e-02 2.7479e+04 2.7767e+04
2.0200e+03 9.4615e-12 5.2046e-01 1.6132e+03 2.5381e+03 3.2053e+03 5.9196e+19 1.3629e+21 9.9180e+19 1.4409e-01 7.1739e-02 2.7592e+04 2.7901e+04
2.0300e+03 9.4276e-12 5.2101e-01 1.6124e+03 2.5366e+03 3.2031e+03 5.9887e+19 1.3847e+21 1.0075e+20 1.4342e-01 7.1314e-02 2.7704e+04 2.8035e+04
2.0400e+03 9.3939e-12 5.2155e-01 1.6117e+03 2.5352e+03 3.2009e+03 6.0584e+19 1.4067e+21 1.0234e+20 1.4276e-01 7.0894e-02 2.7816e+04 2.8169e+04
2.0500e+03 9.3604e-12 5.2208e-01 1.6109e+03 2.5338e+03 3.1987e+03 6.1286e+19 1.4289e+21 1.0395e+20 1.4210e-01 7.0479e-02 2.7928e+04 2.8303e+04
2.0600e+03 9.3271e-12 5.2262e-01 1.6102e+03 2.5324e+03 3.1966e+03 6.1993e+19 1.4514e+21 1.0558e+20 1.4145e-01 7.0068e-02 2.8041e+04 2.8437e+04
2.0700e+03 9.2940e-12 5.2314e-01 1.6094e+03 2.5310e+03 3.1945e+03 6.2705e+19 1.4742e+21 1.0723e+20 1.4081e-01 6.9661e-02 2.8153e+04 2.8572e+04
2.0800e+03 9.2611e-12 5.2366e-01 1.6087e+03 2.5296e+03 3.1924e+03 6.3423e+19 1.4972e+21 1.0889e+20 1.4017e-01 6.9259e-02 2.8265e+04 2.8706e+04
2.0900e+03 9.2284e-12 5.2418e-01 1.6079e+03 2.5283e+03 3.1902e+03 6.4146e+19 1.5205e+21 1.1057e+20 1.3954e-01 6.8861e-02 2.8378e+04 2.8840e+04
2.1000e+03 9.1959e-12 5.2469e-01 1.6072e+03 2.5269e+03 3.1882e+03 6.4874e+19 1.5440e+21 1.1227e+20 1.3891e-01 6.8467e-02 2.8490e+04 2.8974e+04
2.1100e+03 9.1636e-12 5.2520e-01 1.6065e+03 2.5255e+03 3.1861e+03 6.5607e+19 1.5678e+21 1.1399e+20 1.3829e-01 6.8077e-02 2.8602e+04 2.9108e+04
2.1200e+03 9.1315e-12 5.2571e-01 1.6057e+03 2.5242e+03 3.1840e+03 6.6346e+19 1.5919e+21 1.1572e+20 1.3767e-01 6.7691e-02 2.8715e+04 2.9242e+04
2.1300e+03 9.0995e-12 5.2621e-01 1.6050e+03 2.5228e+03 3.1819e+03 6.7091e+19 1.6162e+21 1.1748e+20 1.3706e-01 6.7310e-02 2.8827e+04 2.9377e+04
2.1400e+03 9.0678e-12 5.2670e-01 1.6043e+03 2.5215e+03 3.1799e+03 6.7841e+19 1.6408e+21 1.1925e+20 1.3646e-01 6.6932e-02 2.8939e+04 2.9511e+04
2.1500e+03 9.0363e-12 5.2719e-01 1.6036e+03 2.5201e+03 3.1779e+03 6.8596e+19 1.6656e+21 1.2104e+20 1.3585e-01 6.6558e-02 2.9051e+04 2.9645e+04
2.1600e+03 9.0049e-12 5.2768e-01 1.6029e+03 2.5188e+03 3.1758e+03 6.9357e+19 1.6907e+21 1.2286e+20 1.3526e-01 6.6188e-02 2.9164e+04 2.9779e+04
2.1700e+03 8.9738e-12 5.2816e-01 1.6022e+03 2.5175e+03 3.1738e+03 7.0123e+19 1.7161e+21 1.2469e+20 1.3467e-01 6.5822e-02 2.9276e+04 2.9914e+04
2.1800e+03 8.9428e-12 5.2864e-01 1.6015e+03 2.5162e+03 3.1718e+03 7.0895e+19 1.7418e+21 1.2654e+20 1.3408e-01 6.5460e-02 2.9388e+04 3.0048e+04
2.1900e+03 8.9120e-12 5.2912e-01 1.6008e+03 2.5149e+03 3.1698e+03 7.1672e+19 1.7677e+21 1.2841e+20 1.3350e-01 6.5101e-02 2.9500e+04 3.0182e+04
2.2000e+03 8.8814e-12 5.2959e-01 1.6001e+03 2.5136e+03 3.1678e+03 7.2455e+19 1.7939e+21 1.3030e+20 1.3292e-01 6.4745e-02 2.9613e+04 3.0317e+04
2.2100e+03 8.8510e-12 5.3006e-01 1.5994e+03 2.5123e+03 3.1659e+03 7.3243e+19 1.8204e+21 1.3221e+20 1.3235e-01 6.4394e-02 2.9725e+04 3.0451e+04
2.2200e+03 8.8207e-12 5.3052e-01 1.5987e+03 2.5110e+03 3.1639e+03 7.4037e+19 1.8472e+21 1.3413e+20 1.3178e-01 6.4046e-02 2.9837e+04 3.0585e+04
2.2300e+03 8.7907e-12 5.3098e-01 1.5980e+03 2.5097e+03 3.1620e+03 7.4836e+19 1.8742e+21 1.3608e+20 1.3122e-01 6.3701e-02 2.9949e+04 3.0720e+04
2.2400e+03 8.7608e-12 5.3144e-01 1.5973e+03 2.5084e+03 3.1600e+03 7.5642e+19 1.9015e+21 1.3805e+20 1.3066e-01 6.3360e-02 3.0062e+04 3.0854e+04
2.2500e+03 8.7311e-12 5.3189e-01 1.5966e+03 2.5071e+03 3.1581e+03 7.6452e+19 1.9292e+21 1.4004e+20 1.3011e-01 6.3022e-02 3.0174e+04 3.0988e+04
2.2600e+03 8.7016e-12 5.3234e-01 1.5959e+03 2.5059e+03 3.1562e+03 7.7269e+19 1.9571e+21 1.4205e+20 1.2956e-01 6.2687e-02 3.0286e+04 3.1123e+04
2.2700e+03 8.6722e-12 5.3278e-01 1.5953e+03 2.5046e+03 3.1543e+03 7.8091e+19 1.9852e+21 1.4408e+20 1.2901e-01 6.2356e-02 3.0398e+04 3.1257e+04
2.2800e+03 8.6430e-12 5.3322e-01 1.5946e+03 2.5033e+03 3.1524e+03 7.8919e+19 2.0137e+21 1.4613e+20 1.2847e-01 6.2028e-02 3.0511e+04 3.1392e+04
2.2900e+03 8.6140e-12 5.3366e-01 1.5939e+03 2.5021e+03 3.1505e+03 7.9753e+19 2.0425e+21 1.4820e+20 1.2794e-01 6.1703e-02 3.0623e+04 3.1526e+04
2.3000e+03 8.5852e-12 5.3410e-01 1.5933e+03 2.5008e+03 3.1486e+03 8.0592e+19 2.0715e+21 1.5029e+20 1.2740e-01 6.1381e-02 3.0735e+04 3.1660e+04
2.3100e+03 8.5565e-12 5.3453e-01 1.5926e+03 2.4996e+03 3.1468e+03 8.1437e+19 2.1009e+21 1.5240e+20 1.2688e-01 6.1062e-02 3.0848e+04 3.1795e+04
2.3200e+03 8.5280e-12 5.3496e-01 1.5919e+03 2.4984e+03 3.1449e+03 8.2288e+19 2.1306e+21 1.5454e+20 1.2635e-01 6.0746e-02 3.0960e+04 3.1929e+04
2.3300e+03 8.4997e-12 5.3538e-01 1.5913e+03 2.4971e+03 3.1430e+03 8.3145e+19 2.1605e+21 1.5669e+20 1.2583e-01 6.0434e-02 3.1072e+04 3.2064e+04
2.3400e+03 8.4715e-12 5.3581e-01 1.5906e+03 2.4959e+03 3.1412e+03 8.4008e+19 2.1908e+21 1.5887e+20 1.2532e-01 6.0124e-02 3.1184e+04 3.2198e+04
2.3500e+03 8.4435e-12 5.3622e-01 1.5900e+03 2.4947e+03 3.1394e+03 8.4877e+19 2.2213e+21 1.6106e+20 1.2480e-01 5.9817e-02 3.1297e+04 3.2333e+04
2.3600e+03 8.4156e-12 5.3664e-01 1.5893e+03 2.4935e+03 3.1376e+03 8.5751e+19 2.2522e+21 1.6328e+20 1.2430e-01 5.9513e-02 3.1409e+04 3.2467e+04
2.3700e+03 8.3880e-12 5.3705e-01 1.5887e+03 2.4923e+03 3.1357e+03 8.6631e+19 2.2834e+21 1.6552e+20 1.2379e-01 5.9212e-02 3.1521e+04 3.2602e+04
2.3800e+03 8.3604e-12 5.3746e-01 1.5881e+03 2.4911e+03 3.1339e+03 8.7518e+19 2.3148e+21 1.6778e+20 1.2329e-01 5.8914e-02 3.1634e+04 3.2736e+04
2.3900e+03 8.3331e-12 5.3787e-01 1.5874e+03 2.4899e+03 3.1322e+03 8.8410e+19 2.3466e+21 1.7007e+20 1.2280e-01 5.8618e-02 3.1746e+04 3.2871e+04
2.4000e+03 8.3059e-12 5.3827e-01 1.5868e+03 2.4887e+03 3.1304e+03 8.9308e+19 2.3787e+21 1.7237e+20 1.2230e-01 5.8325e-02 3.1858e+04 3.3005e+04
2.4100e+03 8.2788e-12 5.3867e-01 1.5862e+03 2.4875e+03 3.1286e+03 9.0212e+19 2.4111e+21 1.7470e+20 1.2181e-01 5.8035e-02 3.1971e+04 3.3140e+04
2.4200e+03 8.2519e-12 5.3907e-01 1.5855e+03 2.4863e+03 3.1268e+03 9.1123e+19 2.4439e+21 1.7705e+20 1.2133e-01 5.7748e-02 3.2083e+04 3.3274e+04
2.4300e+03 8.2252e-12 5.3947e-01 1.5849e+03 2.4852e+03 3.1251e+03 9.2039e+19 2.4769e+21 1.7943e+20 1.2085e-01 5.7463e-02 3.2195e+04 3.3409e+04
2.4400e+03 8.1986e-12 5.3986e-01 1.5843e+03 2.4840e+03 3.1233e+03 9.2961e+19 2.5103e+21 1.8182e+20 1.2037e-01 5.7181e-02 3.2308e+04 3.3544e+04
2.4500e+03 8.1722e-12 5.4025e-01 1.5837e+03 2.4828e+03 3.1216e+03 9.3890e+19 2.5440e+21 1.8424e+20 1.1989e-01 5.6901e-02 3.2420e+04 3.3678e+04
2.4600e+03 8.1459e-12 5.4063e-01 1.5830e+03 2.4817e+03 3.1199e+03 9.4824e+19 2.5780e+21 1.8668e+20 1.1942e-01 5.6624e-02 3.2532e+04 3.3813e+04
2.4700e+03 8.1198e-12 5.4102e-01 1.5824e+03 2.4805e+03 3.1181e+03 9.5765e+19 2.6123e+21 1.8914e+20 1.1896e-01 5.6349e-02 3.2645e+04 3.3947e+04
2.4800e+03 8.0939e-12 5.4140e-01 1.5818e+03 2.4794e+03 3.1164e+03 9.6712e+19 2.6470e+21 1.9163e+20 1.1849e-01 5.6077e-02 3.2757e+04 3.4082e+04
2.4900e+03 8.0680e-12 5.4178e-01 1.5812e+03 2.4782e+03 3.1147e+03 9.7665e+19 2.6820e+21 1.9414e+20 1.1803e-01 5.5807e-02 3.2870e+04 3.4217e+04
2.5000e+03 8.0424e-12 5.4216e-01 1.5806e+03 2.4771e+03 3.1130e+03 9.8624e+19 2.7173e+21 1.9668e+20 1.1757e-01 5.5539e-02 3.2982e+04 3.4351e+04
2.5100e+03 8.0168e-12 5.4253e-01 1.5800e+03 2.4759e+03 3.1113e+03 9.9589e+19 2.7530e+21 1.9923e+20 1.1712e-01 5.5274e-02 3.3094e+04 3.4486e+04
2.5200e+03 7.9914e-12 5.4290e-01 1.5794e+03 2.4748e+03 3.1096e+03 1.0056e+20 2.7890e+21 2.0181e+20 1.1667e-01 5.5011e-02 3.3207e+04 3.4621e+04
2.5300e+03 7.9662e-12 5.4327e-01 1.5788e+03 2.4737e+03 3.1080e+03 1.0154e+20 2.8253e+21 2.0442e+20 1.1622e-01 5.4751e-02 3.3319e+04 3.4756e+04
2.5400e+03 7.9411e-12 5.4364e-01 1.5782e+03 2.4726e+03 3.1063e+03 1.0252e+20 2.8620e+21 2.0705e+20 1.1578e-01 5.4493e-02 3.3432e+04 3.4890e+04
2.5500e+03 7.9162e-12 5.4400e-01 1.5776e+03 2.4714e+03 3.1047e+03 1.0351e+20 2.8990e+21 2.0970e+20 1.1534e-01 5.4237e-02 3.3544e+04 3.5025e+04
2.5600e+03 7.8914e-12 5.4436e-01 1.5770e+03 2.4703e+03 3.1030e+03 1.0451e+20 2.9364e+21 2.1238e+20 1.1490e-01 5.3983e-02 3.3657e+04 3.5160e+04
2.5700e+03 7.8667e-12 5.4472e-01 1.5765e+03 2.4692e+03 3.1014e+03 1.0551e+20 2.9741e+21 2.1508e+20 1.1446e-01 5.3732e-02 3.3769e+04 3.5294e+04
2.5800e+03 7.8422e-12 5.4508e-01 1.5759e+03 2.4681e+03 3.0997e+03 1.0652e+20 3.0121e+21 2.1780e+20 1.1403e-01 5.3482e-02 3.3881e+04 3.5429e+04
2.5900e+03 7.8178e-12 5.4543e-01 1.5753e+03 2.4670e+03 3.0981e+03 1.0754e+20 3.0505e+21 2.2055e+20 1.1360e-01 5.3235e-02 3.3994e+04 3.5564e+04
2.6000e+03 7.7935e-12 5.4578e-01 1.5747e+03 2.4659e+03 3.0965e+03 1.0856e+20 3.0893e+21 2.2333e+20 1.1318e-01 5.2990e-02 3.4106e+04 3.5699e+04
2.6100e+03 7.7694e-12 5.4614e-01 1.5741e+03 2.4648e+03 3.0949e+03 1.0959e+20 3.1284e+21 2.2613e+20 1.1276e-01 5.2747e-02 3.4219e+04 3.5834e+04
2.6200e+03 7.7454e-12 5.4648e-01 1.5736e+03 2.4638e+03 3.0933e+03 1.1062e+20 3.1678e+21 2.2895e+20 1.1234e-01 5.2506e-02 3.4331e+04 3.5968e+04
2.6300e+03 7.7216e-12 5.4683e-01 1.5730e+03 2.4627e+03 3.0917e+03 1.1167e+20 3.2076e+21 2.3180e+20 1.1192e-01 5.2267e-02 3.4444e+04 3.6103e+04
2.6400e+03 7.6979e-12 5.4717e-01 1.5724e+03 2.4616e+03 3.0901e+03 1.1271e+20 3.2478e+21 2.3467e+20 1.1151e-01 5.2030e-02 3.4556e+04 3.6238e+04
2.6500e+03 7.6743e-12 5.4752e-01 1.5719e+03 2.4605e+03 3.0885e+03 1.1377e+20 3.2883e+21 2.3757e+20 1.1110e-01 5.1795e-02 3.4669e+04 3.6373e+04
2.6600e+03 7.6508e-12 5.4786e-01 1.5713e+03 2.4595e+03 3.0869e+03 1.1483e+20 3.3292e+21 2.4050e+20 1.1069e-01 5.1562e-02 3.4782e+04 3.6508e+04
2.6700e+03 7.6275e-12 5.4819e-01 1.5707e+03 2.4584e+03 3.0854e+03 1.1590e+20 3.3705e+21 2.4345e+20 1.1028e-01 5.1330e-02 3.4894e+04 3.6642e+04
2.6800e+03 7.6043e-12 5.4853e-01 1.5702e+03 2.4573e+03 3.0838e+03 1.1697e+20 3.4121e+21 2.4643e+20 1.0988e-01 5.1101e-02 3.5007e+04 3.6777e+04
2.6900e+03 7.5813e-12 5.4886e-01 1.5696e+03 2.4563e+03 3.0822e+03 1.1805e+20 3.4541e+21 2.4943e+20 1.0948e-01 5.0874e-02 3.5119e+04 3.6912e+04
2.7000e+03 7.5584e-12 5.4919e-01 1.5691e+03 2.4552e+03 3.0807e+03 1.1914e+20 3.4965e+21 2.5246e+20 1.0908e-01 5.0648e-02 3.5232e+04 3.7047e+04
2.7100e+03 7.5356e-12 5.4952e-01 1.5685e+03 2.4542e+03 3.0791e+03 1.2023e+20 3.5392e+21 2.5551e+20 1.0869e-01 5.0425e-02 3.5344e+04 3.7182e+04
2.7200e+03 7.5129e-12 5.4985e-01 1.5680e+03 2.4531e+03 3.0776e+03 1.2133e+20 3.5823e+21 2.5860e+20 1.0830e-01 5.0203e-02 3.5457e+04 3.7317e+04
2.7300e+03 7.4903e-12 5.5018e-01 1.5674e+03 2.4521e+03 3.0761e+03 1.2244e+20 3.6258e+21 2.6170e+20 1.0791e-01 4.9983e-02 3.5570e+04 3.7452e+04
2.7400e+03 7.4679e-12 5.5050e-01 1.5669e+03 2.4511e+03 3.0746e+03 1.2356e+20 3.6697e+21 2.6484e+20 1.0752e-01 4.9765e-02 3.5682e+04 3.7587e+04
2.7500e+03 7.4456e-12 5.5082e-01 1.5663e+03 2.4500e+03 3.0731e+03 1.2468e+20 3.7139e+21 2.6800e+20 1.0714e-01 4.9548e-02 3.5795e+04 3.7722e+04
2.7600e+03 7.4234e-12 5.5115e-01 1.5658e+03 2.4490e+03 3.0715e+03 1.2580e+20 3.7586e+21 2.7119e+20 1.0676e-01 4.9333e-02 3.5907e+04 3.7857e+04
2.7700e+03 7.4014e-12 5.5146e-01 1.5652e+03 2.4480e+03 3.0700e+03 1.2694e+20 3.8036e+21 2.7440e+20 1.0638e-01 4.9120e-02 3.6020e+04 3.7992e+04
2.7800e+03 7.3795e-12 5.5178e-01 1.5647e+03 2.4470e+03 3.0685e+03 1.2808e+20 3.8490e+21 2.7765e+20 1.0600e-01 4.8909e-02 3.6133e+04 3.8127e+04
2.7900e+03 7.3576e-12 5.5210e-01 1.5642e+03 2.4460e+03 3.0671e+03 1.2923e+20 3.8948e+21 2.8092e+20 1.0563e-01 4.8699e-02 3.6245e+04 3.8262e+04
2.8000e+03 7.3360e-12 5.5241e-01 1.5636e+03 2.4449e+03 3.0656e+03 1.3038e+20 3.9409e+21 2.8421e+20 1.0526e-01 4.8491e-02 3.6358e+04 3.8397e+04
2.8100e+03 7.3144e-12 5.5272e-01 1.5631e+03 2.4439e+03 3.0641e+03 1.3154e+20 3.9875e+21 2.8754e+20 1.0489e-01 4.8285e-02 3.6471e+04 3.8532e+04
2.8200e+03 7.2929e-12 5.5303e-01 1.5626e+03 2.4429e+03 3.0626e+03 1.3271e+20 4.0345e+21 2.9089e+20 1.0452e-01 4.8080e-02 3.6583e+04 3.8667e+04
2.8300e+03 7.2716e-12 5.5334e-01 1.5621e+03 2.4419e+03 3.0612e+03 1.3389e+20 4.0818e+21 2.9427e+20 1.0416e-01 4.7877e-02 3.6696e+04 3.8802e+04
2.8400e+03 7.2504e-12 5.5365e-01 1.5615e+03 2.4409e+03 3.0597e+03 1.3507e+20 4.1296e+21 2.9768e+20 1.0380e-01 4.7676e-02 3.6809e+04 3.8937e+04
2.8500e+03 7.2293e-12 5.5395e-01 1.5610e+03 2.4399e+03 3.0583e+03 1.3626e+20 4.1778e+21 3.0111e+20 1.0344e-01 4.7476e-02 3.6922e+04 3.9072e+04
2.8600e+03 7.2083e-12 5.5426e-01 1.5605e+03 2.4390e+03 3.0568e+03 1.3745e+20 4.2263e+21 3.0458e+20 1.0308e-01 4.7277e-02 3.7034e+04 3.9207e+04
2.8700e+03 7.1874e-12 5.5456e-01 1.5600e+03 2.4380e+03 3.0554e+03 1.3866e+20 4.2753e+21 3.0807e+20 1.0272e-01 4.7080e-02 3.7147e+04 3.9342e+04
2.8800e+03 7.1666e-12 5.5486e-01 1.5595e+03 2.4370e+03 3.0540e+03 1.3987e+20 4.3247e+21 3.1159e+20 1.0237e-01 4.6885e-02 3.7260e+04 3.9477e+04
2.8900e+03 7.1460e-12 5.5516e-01 1.5589e+03 2.4360e+03 3.0525e+03 1.4108e+20 4.3745e+21 3.1514e+20 1.0202e-01 4.6691e-02 3.7373e+04 3.9612e+04
2.9000e+03 7.1254e-12 5.5546e-01 1.5584e+03 2.4350e+03 3.0511e+03 1.4231e+20 4.4246e+21 3.1872e+20 1.0167e-01 4.6498e-02 3.7485e+04 3.9747e+04
2.9100e+03 7.1050e-12 5.5576e-01 1.5579e+03 2.4341e+03 3.0497e+03 1.4354e+20 4.4753e+21 3.2233e+20 1.0133e-01 4.6307e-02 3.7598e+04 3.9882e+04
2.9200e+03 7.0847e-12 5.5605e-01 1.5574e+03 2.4331e+03 3.0483e+03 1.4477e+20 4.5263e+21 3.2597e+20 1.0099e-01 4.6118e-02 3.7711e+04 4.0017e+04
2.9300e+03 7.0645e-12 5.5634e-01 1.5569e+03 2.4321e+03 3.0469e+03 1.4602e+20 4.5777e+21 3.2964e+20 1.0064e-01 4.5930e-02 3.7824e+04 4.0153e+04
2.9400e+03 7.0444e-12 5.5664e-01 1.5564e+03 2.4312e+03 3.0455e+03 1.4727e+20 4.6296e+21 3.3333e+20 1.0031e-01 4.5743e-02 3.7937e+04 4.0288e+04
2.9500e+03 7.0244e-12 5.5693e-01 1.5559e+03 2.4302e+03 3.0441e+03 1.4853e+20 4.6819e+21 3.3706e+20 9.9969e-02 4.5558e-02 3.8049e+04 4.0423e+04
2.9600e+03 7.0045e-12 5.5722e-01 1.5554e+03 2.4293e+03 3.0427e+03 1.4980e+20 4.7346e+21 3.4081e+20 9.9634e-02 4.5374e-02 3.8162e+04 4.0558e+04
2.9700e+03 6.9847e-12 5.5750e-01 1.5549e+03 2.4283e+03 3.0413e+03 1.5107e+20 4.7877e+21 3.4460e+20 9.9301e-02 4.5191e-02 3.8275e+04 4.0693e+04
2.9800e+03 6.9651e-12 5.5779e-01 1.5544e+03 2.4274e+03 3.0400e+03 1.5235e+20 4.8412e+21 3.4842e+20 9.8971e-02 4.5010e-02 3.8388e+04 4.0828e+04
2.9900e+03 6.9455e-12 5.5808e-01 1.5539e+03 2.4264e+03 3.0386e+03 1.5364e+20 4.8952e+21 3.5226e+20 9.8642e-02 4.4830e-02 3.8501e+04 4.0964e+04
3.0000e+03 6.9260e-12 5.5836e-01 1.5534e+03 2.4255e+03 3.0372e+03 1.5493e+20 4.9496e+21 3.5614e+20 9.8316e-02 4.4652e-02 3.8614e+04 4.1099e+04
3.0100e+03 6.9067e-12 5.5864e-01 1.5530e+03 2.4246e+03 3.0359e+03 1.5624e+20 5.0045e+21 3.6004e+20 9.7991e-02 4.4475e-02 3.8727e+04 4.1234e+04
3.0200e+03 6.8874e-12 5.5892e-01 1.5525e+03 2.4236e+03 3.0345e+03 1.5755e+20 5.0598e+21 3.6398e+20 9.7669e-02 4.4299e-02 3.8839e+04 4.1369e+04
3.0300e+03 6.8682e-12 5.5920e-01 1.5520e+03 2.4227e+03 3.0332e+03 1.5886e+20 5.1155e+21 3.6795e+20 9.7348e-02 4.4124e-02 3.8952e+04 4.1504e+04
3.0400e+03 6.8492e-12 5.5948e-01 1.5515e+03 2.4218e+03 3.0318e+03 1.6019e+20 5.1717e+21 3.7195e+20 9.7030e-02 4.3951e-02 3.9065e+04 4.1640e+04
3.0500e+03 6.8302e-12 5.5976e-01 1.5510e+03 2.4209e+03 3.0305e+03 1.6152e+20 5.2283e+21 3.7598e+20 9.6713e-02 4.3779e-02 3.9178e+04 4.1775e+04
3.0600e+03 6.8114e-12 5.6004e-01 1.5505e+03 2.4199e+03 3.0292e+03 1.6286e+20 5.2853e+21 3.8004e+20 9.6399e-02 4.3608e-02 3.9291e+04 4.1910e+04
3.0700e+03 6.7926e-12 5.6031e-01 1.5501e+03 2.4190e+03 3.0278e+03 1.6420e+20 5.3428e+21 3.8413e+20 9.6086e-02 4.3438e-02 3.9404e+04 4.2045e+04
3.0800e+03 6.7740e-12 5.6059e-01 1.5496e+03 2.4181e+03 3.0265e+03 1.6556e+20 5.4008e+21 3.8826e+20 9.5775e-02 4.3270e-02 3.9517e+04 4.2181e+04
3.0900e+03 6.7554e-12 5.6086e-01 1.5491e+03 2.4172e+03 3.0252e+03 1.6692e+20 5.4592e+21 3.9241e+20 9.5467e-02 4.3103e-02 3.9630e+04 4.2316e+04
3.1000e+03 6.7370e-12 5.6113e-01 1.5486e+03 2.4163e+03 3.0239e+03 1.6829e+20 5.5180e+21 3.9660e+20 9.5160e-02 4.2937e-02 3.9743e+04 4.2451e+04
3.1100e+03 6.7186e-12 5.6140e-01 1.5482e+03 2.4154e+03 3.0226e+03 1.6966e+20 5.5773e+21 4.0082e+20 9.4854e-02 4.2772e-02 3.9856e+04 4.2586e+04
3.1200e+03 6.7003e-12 5.6167e-01 1.5477e+03 2.4145e+03 3.0213e+03 1.7105e+20 5.6371e+21 4.0507e+20 9.4551e-02 4.2608e-02 3.9969e+04 4.2722e+04
3.1300e+03 6.6822e-12 5.6194e-01 1.5472e+03 2.4136e+03 3.0200e+03 1.7244e+20 5.6973e+21 4.0936e+20 9.4250e-02 4.2446e-02 4.0082e+04 4.2857e+04
3.1400e+03 6.6641e-12 5.6221e-01 1.5468e+03 2.4127e+03 3.0187e+03 1.7383e+20 5.7580e+21 4.1367e+20 9.3950e-02 4.2284e-02 4.0195e+04 4.2992e+04
3.1500e+03 6.6461e-12 5.6247e-01 1.5463e+03 2.4118e+03 3.0174e+03 1.7524e+20 5.8191e+21 4.1802e+20 9.3652e-02 4.2124e-02 4.0308e+04 4.3128e+04
3.1600e+03 6.6282e-12 5.6274e-01 1.5458e+03 2.4109e+03 3.0161e+03 1.7665e+20 5.8807e+21 4.2240e+20 9.3356e-02 4.1965e-02 4.0421e+04 4.3263e+04
3.1700e+03 6.6104e-12 5.6300e-01 1.5454e+03 2.4101e+03 3.0148e+03 1.7807e+20 5.9428e+21 4.2682e+20 9.3062e-02 4.1807e-02 4.0534e+04 4.3398e+04
3.1800e+03 6.5927e-12 5.6327e-01 1.5449e+03 2.4092e+03 3.0136e+03 1.7950e+20 6.0053e+21 4.3126e+20 9.2769e-02 4.1650e-02 4.0647e+04 4.3534e+04
3.1900e+03 6.5751e-12 5.6353e-01 1.5445e+03 2.4083e+03 3.0123e+03 1.8094e+20 6.0683e+21 4.3575e+20 9.2478e-02 4.1494e-02 4.0760e+04 4.3669e+04
3.2000e+03 6.5576e-12 5.6379e-01 1.5440e+03 2.4074e+03 3.0110e+03 1.8238e+20 6.1318e+21 4.4026e+20 9.2189e-02 4.1339e-02 4.0873e+04 4.3804e+04
3.2100e+03 6.5402e-12 5.6405e-01 1.5436e+03 2.4065e+03 3.0098e+03 1.8383e+20 6.1958e+21 4.4481e+20 9.1902e-02 4.1186e-02 4.0986e+04 4.3940e+04
3.2200e+03 6.5228e-12 5.6431e-01 1.5431e+03 2.4057e+03 3.0085e+03 1.8529e+20 6.2602e+21 4.4939e+20 9.1616e-02 4.1033e-02 4.1099e+04 4.4075e+04
3.2300e+03 6.5056e-12 5.6457e-01 1.5427e+03 2.4048e+03 3.0073e+03 1.8676e+20 6.3251e+21 4.5400e+20 9.1332e-02 4.0881e-02 4.1212e+04 4.4211e+04
3.2400e+03 6.4884e-12 5.6482e-01 1.5422e+03 2.4040e+03 3.0060e+03 1.8823e+20 6.3905e+21 4.5865e+20 9.1050e-02 4.0731e-02 4.1325e+04 4.4346e+04
3.2500e+03 6.4713e-12 5.6508e-01 1.5418e+03 2.4031e+03 3.0048e+03 1.8971e+20 6.4564e+21 4.6334e+20 9.0769e-02 4.0581e-02 4.1438e+04 4.4481e+04
3.2600e+03 6.4544e-12 5.6534e-01 1.5413e+03 2.4022e+03 3.0036e+03 1.9120e+20 6.5228e+21 4.6805e+20 9.0490e-02 4.0433e-02 4.1551e+04 4.4617e+04
3.2700e+03 6.4375e-12 5.6559e-01 1.5409e+03 2.4014e+03 3.0023e+03 1.9270e+20 6.5896e+21 4.7281e+20 9.0212e-02 4.0285e-02 4.1664e+04 4.4752e+04
3.2800e+03 6.4206e-12 5.6584e-01 1.5404e+03 2.4005e+03 3.0011e+03 1.9420e+20 6.6570e+21 4.7759e+20 8.9936e-02 4.0139e-02 4.1777e+04 4.4888e+04
3.2900e+03 6.4039e-12 5.6610e-01 1.5400e+03 2.3997e+03 2.9999e+03 1.9572e+20 6.7248e+21 4.8241e+20 8.9662e-02 3.9993e-02 4.1890e+04 4.5023e+04
3.3000e+03 6.3873e-12 5.6635e-01 1.5396e+03 2.3988e+03 2.9987e+03 1.9724e+20 6.7932e+21 4.8727e+20 8.9389e-02 3.9849e-02 4.2004e+04 4.5159e+04
3.3100e+03 6.3707e-12 5.6660e-01 1.5391e+03 2.3980e+03 2.9975e+03 1.9877e+20 6.8620e+21 4.9216e+20 8.9118e-02 3.9705e-02 4.2117e+04 4.5294e+04
3.3200e+03 6.3542e-12 5.6685e-01 1.5387e+03 2.3971e+03 2.9962e+03 2.0030e+20 6.9313e+21 4.9709e+20 8.8848e-02 3.9562e-02 4.2230e+04 4.5429e+04
3.3300e+03 6.3379e-12 5.6710e-01 1.5382e+03 2.3963e+03 2.9950e+03 2.0185e+20 7.0012e+21 5.0205e+20 8.8580e-02 3.9421e-02 4.2343e+04 4.5565e+04
3.3400e+03 6.3216e-12 5.6735e-01 1.5378e+03 2.3955e+03 2.9938e+03 2.0340e+20 7.0715e+21 5.0704e+20 8.8314e-02 3.9280e-02 4.2456e+04 4.5700e+04
3.3500e+03 6.3053e-12 5.6759e-01 1.5374e+03 2.3946e+03 2.9927e+03 2.0496e+20 7.1423e+21 5.1208e+20 8.8049e-02 3.9140e-02 4.2569e+04 4.5836e+04
3.3600e+03 6.2892e-12 5.6784e-01 1.5370e+03 2.3938e+03 2.9915e+03 2.0653e+20 7.2137e+21 5.1715e+20 8.7785e-02 3.9001e-02 4.2682e+04 4.5971e+04
3.3700e+03 6.2731e-12 5.6809e-01 1.5365e+03 2.3930e+03 2.9903e+03 2.0810e+20 7.2855e+21 5.2225e+20 8.7523e-02 3.8863e-02 4.2795e+04 4.6107e+04
3.3800e+03 6.2571e-12 5.6833e-01 1.5361e+03 2.3922e+03 2.9891e+03 2.0968e+20 7.3579e+21 5.2739e+20 8.7262e-02 3.8726e-02 4.2909e+04 4.6242e+04
3.3900e+03 6.2412e-12 5.6858e-01 1.5357e+03 2.3913e+03 2.9879e+03 2.1128e+20 7.4308e+21 5.3257e+20 8.7003e-02 3.8590e-02 4.3022e+04 4.6378e+04
3.4000e+03 6.2254e-12 5.6882e-01 1.5353e+03 2.3905e+03 2.9867e+03 2.1288e+20 7.5042e+21 5.3778e+20 8.6746e-02 3.8454e-02 4.3135e+04 4.6513e+04
3.4100e+03 6.2097e-12 5.6906e-01 1.5348e+03 2.3897e+03 2.9856e+03 2.1448e+20 7.5781e+21 5.4303e+20 8.6489e-02 3.8320e-02 4.3248e+04 4.6649e+04
3.4200e+03 6.1940e-12 5.6930e-01 1.5344e+03 2.3889e+03 2.9844e+03 2.1610e+20 7.6526e+21 5.4832e+20 8.6235e-02 3.8186e-02 4.3361e+04 4.6784e+04
3.4300e+03 6.1784e-12 5.6954e-01 1.5340e+03 2.3881e+03 2.9832e+03 2.1772e+20 7.7275e+21 5.5364e+20 8.5981e-02 3.8054e-02 4.3474e+04 4.6920e+04
3.4400e+03 6.1629e-12 5.6978e-01 1.5336e+03 2.3873e+03 2.9821e+03 2.1935e+20 7.8030e+21 5.5900e+20 8.5729e-02 3.7922e-02 4.3588e+04 4.7055e+04
3.4500e+03 6.1475e-12 5.7002e-01 1.5332e+03 2.3865e+03 2.9809e+03 2.2099e+20 7.8790e+21 5.6440e+20 8.5479e-02 3.7791e-02 4.3701e+04 4.7191e+04
3.4600e+03 6.1322e-12 5.7026e-01 1.5327e+03 2.3857e+03 2.9798e+03 2.2264e+20 7.9556e+21 5.6984e+20 8.5230e-02 3.7661e-02 4.3814e+04 4.7327e+04
3.4700e+03 6.1169e-12 5.7050e-01 1.5323e+03 2.3849e+03 2.9786e+03 2.2430e+20 8.0326e+21 5.7531e+20 8.4982e-02 3.7531e-02 4.3927e+04 4.7462e+04
3.4800e+03 6.1017e-12 5.7074e-01 1.5319e+03 2.3841e+03 2.9775e+03 2.2596e+20 8.1103e+21 5.8082e+20 8.4735e-02 3.7403e-02 4.4040e+04 4.7598e+04
3.4900e+03 6.0866e-12 5.7098e-01 1.5315e+03 2.3833e+03 2.9764e+03 2.2763e+20 8.1884e+21 5.8637e+20 8.4490e-02 3.7275e-02 4.4154e+04 4.7733e+04
3.5000e+03 6.0715e-12 5.7121e-01 1.5311e+03 2.3825e+03 2.9752e+03 2.2931e+20 8.2671e+21 5.9196e+20 8.4247e-02 3.7148e-02 4.4267e+04 4.7869e+04
3.5100e+03 6.0565e-12 5.7145e-01 1.5307e+03 2.3817e+03 2.9741e+03 2.3100e+20 8.3463e+21 5.9758e+20 8.4004e-02 3.7022e-02 4.4380e+04 4.8004e+04
3.5200e+03 6.0416e-12 5.7168e-01 1.5303e+03 2.3809e+03 2.9730e+03 2.3270e+20 8.4261e+21 6.0325e+20 8.3763e-02 3.6896e-02 4.4493e+04 4.8140e+04
3.5300e+03 6.0268e-12 5.7192e-01 1.5299e+03 2.3801e+03 2.9718e+03 2.3440e+20 8.5064e+21 6.0895e+20 8.3523e-02 3.6772e-02 4.4606e+04 4.8276e+04
3.5400e+03 6.0120e-12 5.7215e-01 1.5295e+03 2.3793e+03 2.9707e+03 2.3611e+20 8.5872e+21 6.1469e+20 8.3285e-02 3.6648e-02 4.4720e+04 4.8411e+04
3.5500e+03 5.9974e-12 5.7238e-01 1.5291e+03 2.3786e+03 2.9696e+03 2.3783e+20 8.6686e+21 6.2047e+20 8.3048e-02 3.6525e-02 4.4833e+04 4.8547e+04
3.5600e+03 5.9827e-12 5.7261e-01 1.5287e+03 2.3778e+03 2.9685e+03 2.3956e+20 8.7506e+21 6.2629e+20 8.2812e-02 3.6403e-02 4.4946e+04 4.8682e+04
3.5700e+03 5.9682e-12 5.7284e-01 1.5283e+03 2.3770e+03 2.9674e+03 2.4130e+20 8.8331e+21 6.3215e+20 8.2577e-02 3.6281e-02 4.5059e+04 4.8818e+04
3.5800e+03 5.9537e-12 5.7307e-01 1.5279e+03 2.3762e+03 2.9663e+03 2.4305e+20 8.9162e+21 6.3804e+20 8.2344e-02 3.6160e-02 4.5173e+04 4.8954e+04
3.5900e+03 5.9393e-12 5.7330e-01 1.5275e+03 2.3755e+03 2.9652e+03 2.4480e+20 8.9998e+21 6.4398e+20 8.2112e-02 3.6040e-02 4.5286e+04 4.9089e+04
3.6000e+03 5.9250e-12 5.7353e-01 1.5271e+03 2.3747e+03 2.9641e+03 2.4656e+20 9.0840e+21 6.4996e+20 8.1881e-02 3.5921e-02 4.5399e+04 4.9225e+04
3.6100e+03 5.9107e-12 5.7376e-01 1.5267e+03 2.3739e+03 2.9630e+03 2.4834e+20 9.1687e+21 6.5597e+20 8.1651e-02 3.5803e-02 4.5512e+04 4.9360e+04
3.6200e+03 5.8965e-12 5.7399e-01 1.5263e+03 2.3732e+03 2.9619e+03 2.5012e+20 9.2540e+21 6.6203e+20 8.1423e-02 3.5685e-02 4.5626e+04 4.9496e+04
3.6300e+03 5.8824e-12 5.7422e-01 1.5259e+03 2.3724e+03 2.9608e+03 2.5190e+20 9.3399e+21 6.6813e+20 8.1196e-02 3.5568e-02 4.5739e+04 4.9632e+04
3.6400e+03 5.8684e-12 5.7445e-01 1.5255e+03 2.3716e+03 2.9597e+03 2.5370e+20 9.4263e+21 6.7426e+20 8.0970e-02 3.5451e-02 4.5852e+04 4.9767e+04
3.6500e+03 5.8544e-12 5.7467e-01 1.5252e+03 2.3709e+03 2.9587e+03 2.5550e+20 9.5133e+21 6.8044e+20 8.0745e-02 3.5335e-02 4.5965e+04 4.9903e+04
3.6600e+03 5.8405e-12 5.7490e-01 1.5248e+03 2.3701e+03 2.9576e+03 2.5732e+20 9.6009e+21 6.8666e+20 8.0521e-02 3.5220e-02 4.6079e+04 5.0039e+04
3.6700e+03 5.8266e-12 5.7512e-01 1.5244e+03 2.3694e+03 2.9565e+03 2.5914e+20 9.6891e+21 6.9292e+20 8.0299e-02 3.5106e-02 4.6192e+04 5.0174e+04
3.6800e+03 5.8128e-12 5.7535e-01 1.5240e+03 2.3686e+03 2.9555e+03 2.6097e+20 9.7778e+21 6.9922e+20 8.0077e-02 3.4992e-02 4.6305e+04 5.0310e+04
3.6900e+03 5.7991e-12 5.7557e-01 1.5236e+03 2.3679e+03 2.9544e+03 2.6281e+20 9.8671e+21 7.0556e+20 7.9857e-02 3.4879e-02 4.6418e+04 5.0446e+04
3.7000e+03 5.7855e-12 5.7580e-01 1.5232e+03 2.3671e+03 2.9533e+03 2.6465e+20 9.9570e+21 7.1194e+20 7.9638e-02 3.4767e-02 4.6532e+04 5.0581e+04
3.7100e+03 5.7719e-12 5.7602e-01 1.5229e+03 2.3664e+03 2.9523e+03 2.6651e+20 1.0047e+22 7.1837e+20 7.9421e-02 3.4656e-02 4.6645e+04 5.0717e+04
3.7200e+03 5.7583e-12 5.7624e-01 1.5225e+03 2.3657e+03 2.9512e+03 2.6837e+20 1.0139e+22 7.2483e+20 7.9204e-02 3.4545e-02 4.6758e+04 5.0853e+04
3.7300e+03 5.7449e-12 5.7646e-01 1.5221e+03 2.3649e+03 2.9502e+03 2.7024e+20 1.0230e+22 7.3134e+20 7.8988e-02 3.4434e-02 4.6871e+04 5.0988e+04
3.7400e+03 5.7315e-12 5.7668e-01 1.5217e+03 2.3642e+03 2.9491e+03 2.7213e+20 1.0322e+22 7.3789e+20 7.8774e-02 3.4325e-02 4.6985e+04 5.1124e+04
3.7500e+03 5.7182e-12 5.7690e-01 1.5213e+03 2.3634e+03 2.9481e+03 2.7401e+20 1.0415e+22 7.4448e+20 7.8561e-02 3.4216e-02 4.7098e+04 5.1260e+04
3.7600e+03 5.7049e-12 5.7713e-01 1.5210e+03 2.3627e+03 2.9470e+03 2.7591e+20 1.0509e+22 7.5112e+20 7.8348e-02 3.4107e-02 4.7211e+04 5.1395e+04
3.7700e+03 5.6917e-12 5.7734e-01 1.5206e+03 2.3620e+03 2.9460e+03 2.7782e+20 1.0603e+22 7.5779e+20 7.8137e-02 3.3999e-02 4.7324e+04 5.1531e+04
3.7800e+03 5.6785e-12 5.7756e-01 1.5202e+03 2.3613e+03 2.9450e+03 2.7974e+20 1.0697e+22 7.6451e+20 7.7927e-02 3.3892e-02 4.7438e+04 5.1667e+04
3.7900e+03 5.6655e-12 5.7778e-01 1.5199e+03 2.3605e+03 2.9439e+03 2.8166e+20 1.0793e+22 7.7128e+20 7.7718e-02 3.3786e-02 4.7551e+04 5.1802e+04
3.8000e+03 5.6524e-12 5.7800e-01 1.5195e+03 2.3598e+03 2.9429e+03 2.8359e+20 1.0888e+22 7.7808e+20 7.7510e-02 3.3680e-02 4.7664e+04 5.1938e+04
3.8100e+03 5.6395e-12 5.7822e-01 1.5191e+03 2.3591e+03 2.9419e+03 2.8553e+20 1.0985e+22 7.8493e+20 7.7303e-02 3.3575e-02 4.7778e+04 5.2074e+04
3.8200e+03 5.6266e-12 5.7844e-01 1.5188e+03 2.3584e+03 2.9409e+03 2.8748e+20 1.1082e+22 7.9182e+20 7.7098e-02 3.3470e-02 4.7891e+04 5.2210e+04
3.8300e+03 5.6137e-12 5.7865e-01 1.5184e+03 2.3577e+03 2.9398e+03 2.8944e+20 1.1180e+22 7.9876e+20 7.6893e-02 3.3366e-02 4.8004e+04 5.2345e+04
3.8400e+03 5.6010e-12 5.7887e-01 1.5180e+03 2.3569e+03 2.9388e+03 2.9141e+20 1.1278e+22 8.0574e+20 7.6689e-02 3.3262e-02 4.8117e+04 5.2481e+04
3.8500e+03 5.5882e-12 5.7909e-01 1.5177e+03 2.3562e+03 2.9378e+03 2.9339e+20 1.1377e+22 8.1276e+20 7.6487e-02 3.3160e-02 4.8231e+04 5.2617e+04
3.8600e+03 5.5756e-12 5.7930e-01 1.5173e+03 2.3555e+03 2.9368e+03 2.9537e+20 1.1476e+22 8.1983e+20 7.6285e-02 3.3057e-02 4.8344e+04 5.2752e+04
3.8700e+03 5.5630e-12 5.7952e-01 1.5169e+03 2.3548e+03 2.9358e+03 2.9737e+20 1.1576e+22 8.2694e+20 7.6084e-02 3.2956e-02 4.8457e+04 5.2888e+04
3.8800e+03 5.5504e-12 5.7973e-01 1.5166e+03 2.3541e+03 2.9348e+03 2.9937e+20 1.1677e+22 8.3410e+20 7.5885e-02 3.2854e-02 4.8570e+04 5.3024e+04
3.8900e+03 5.5380e-12 5.7994e-01 1.5162e+03 2.3534e+03 2.9338e+03 3.0138e+20 1.1778e+22 8.4130e+20 7.5686e-02 3.2754e-02 4.8684e+04 5.3160e+04
3.9000e+03 5.5255e-12 5.8016e-01 1.5159e+03 2.3527e+03 2.9328e+03 3.0340e+20 1.1880e+22 8.4855e+20 7.5489e-02 3.2654e-02 4.8797e+04 5.3295e+04
3.9100e+03 5.5132e-12 5.8037e-01 1.5155e+03 2.3520e+03 2.9318e+03 3.0543e+20 1.1983e+22 8.5584e+20 7.5292e-02 3.2555e-02 4.8910e+04 5.3431e+04
3.9200e+03 5.5008e-12 5.8058e-01 1.5152e+03 2.3513e+03 2.9308e+03 3.0747e+20 1.2086e+22 8.6317e+20 7.5096e-02 3.2456e-02 4.9023e+04 5.3567e+04
3.9300e+03 5.4886e-12 5.8080e-01 1.5148e+03 2.3506e+03 2.9298e+03 3.0951e+20 1.2190e+22 8.7056e+20 7.4902e-02 3.2357e-02 4.9137e+04 5.3703e+04
3.9400e+03 5.4764e-12 5.8101e-01 1.5145e+03 2.3499e+03 2.9288e+03 3.1157e+20 1.2295e+22 8.7798e+20 7.4708e-02 3.2260e-02 4.9250e+04 5.3838e+04
3.9500e+03 5.4643e-12 5.8122e-01 1.5141e+03 2.3492e+03 2.9279e+03 3.1363e+20 1.2400e+22 8.8546e+20 7.4515e-02 3.2162e-02 4.9363e+04 5.3974e+04
3.9600e+03 5.4522e-12 5.8143e-01 1.5138e+03 2.3485e+03 2.9269e+03 3.1571e+20 1.2506e+22 8.9297e+20 7.4323e-02 3.2066e-02 4.9477e+04 5.4110e+04
3.9700e+03 5.4401e-12 5.8164e-01 1.5134e+03 2.3478e+03 2.9259e+03 3.1779e+20 1.2612e+22 9.0054e+20 7.4133e-02 3.1970e-02 4.9590e+04 5.4246e+04
3.9800e+03 5.4282e-12 5.8185e-01 1.5131e+03 2.3472e+03 2.9249e+03 3.1988e+20 1.2719e+22 9.0815e+20 7.3943e-02 3.1874e-02 4.9703e+04 5.4381e+04
3.9900e+03 5.4162e-12 5.8206e-01 1.5127e+03 2.3465e+03 2.9240e+03 3.2198e+20 1.2827e+22 9.1581e+20 7.3754e-02 3.1779e-02 4.9816e+04 5.4517e+04
4.0000e+03 5.4044e-12 5.8227e-01 1.5124e+03 2.3458e+03 2.9230e+03 3.2409e+20 1.2935e+22 9.2351e+20 7.3566e-02 3.1684e-02 4.9930e+04 5.4653e+04
4.0100e+03 5.3926e-12 5.8248e-01 1.5120e+03 2.3451e+03 2.9220e+03 3.2621e+20 1.3044e+22 9.3126e+20 7.3378e-02 3.1590e-02 5.0043e+04 5.4789e+04
4.0200e+03 5.3808e-12 5.8269e-01 1.5117e+03 2.3444e+03 2.9211e+03 3.2834e+20 1.3154e+22 9.3906e+20 7.3192e-02 3.1497e-02 5.0156e+04 5.4924e+04
4.0300e+03 5.3691e-12 5.8289e-01 1.5113e+03 2.3438e+03 2.9201e+03 3.3047e+20 1.3264e+22 9.4690e+20 7.3007e-02 3.1404e-02 5.0269e+04 5.5060e+04
4.0400e+03 5.3574e-12 5.8310e-01 1.5110e+03 2.3431e+03 2.9192e+03 3.3262e+20 1.3375e+22 9.5479e+20 7.2823e-02 3.1311e-02 5.0383e+04 5.5196e+04
4.0500e+03 5.3458e-12 5.8331e-01 1.5107e+03 2.3424e+03 2.9182e+03 3.3477e+20 1.3487e+22 9.6273e+20 7.2639e-02 3.1219e-02 5.0496e+04 5.5332e+04
4.0600e+03 5.3343e-12 5.8352e-01 1.5103e+03 2.3417e+03 2.9173e+03 3.3694e+20 1.3599e+22 9.7072e+20 7.2456e-02 3.1128e-02 5.0609e+04 5.5467e+04
4.0700e+03 5.3228e-12 5.8372e-01 1.5100e+03 2.3411e+03 2.9163e+03 3.3911e+20 1.3712e+22 9.7875e+20 7.2275e-02 3.1037e-02 5.0722e+04 5.5603e+04
4.0800e+03 5.3113e-12 5.8393e-01 1.5096e+03 2.3404e+03 2.9154e+03 3.4129e+20 1.3826e+22 9.8683e+20 7.2094e-02 3.0946e-02 5.0835e+04 5.5739e+04
4.0900e+03 5.3000e-12 5.8413e-01 1.5093e+03 2.3397e+03 2.9144e+03 3.4348e+20 1.3940e+22 9.9497e+20 7.1914e-02 3.0856e-02 5.0949e+04 5.5875e+04
4.1000e+03 5.2886e-12 5.8434e-01 1.5090e+03 2.3391e+03 2.9135e+03 3.4568e+20 1.4055e+22 1.0031e+21 7.1735e-02 3.0766e-02 5.1062e+04 5.6011e+04
4.1100e+03 5.2773e-12 5.8454e-01 1.5086e+03 2.3384e+03 2.9126e+03 3.4789e+20 1.4171e+22 1.0114e+21 7.1557e-02 3.0677e-02 5.1175e+04 5.6146e+04
4.1200e+03 5.2661e-12 5.8475e-01 1.5083e+03 2.3378e+03 2.9116e+03 3.5011e+20 1.4287e+22 1.0196e+21 7.1379e-02 3.0589e-02 5.1288e+04 5.6282e+04
4.1300e+03 5.2549e-12 5.8495e-01 1.5080e+03 2.3371e+03 2.9107e+03 3.5234e+20 1.4404e+22 1.0280e+21 7.1203e-02 3.0501e-02 5.1402e+04 5.6418e+04
4.1400e+03 5.2437e-12 5.8516e-01 1.5076e+03 2.3364e+03 2.9098e+03 3.5458e+20 1.4522e+22 1.0363e+21 7.1027e-02 3.0413e-02 5.1515e+04 5.6554e+04
4.1500e+03 5.2326e-12 5.8536e-01 1.5073e+03 2.3358e+03 2.9088e+03 3.5682e+20 1.4640e+22 1.0448e+21 7.0852e-02 3.0326e-02 5.1628e+04 5.6689e+04
4.1600e+03 5.2216e-12 5.8556e-01 1.5070e+03 2.3351e+03 2.9079e+03 3.5908e+20 1.4759e+22 1.0532e+21 7.0678e-02 3.0239e-02 5.1741e+04 5.6825e+04
4.1700e+03 5.2106e-12 5.8577e-01 1.5067e+03 2.3345e+03 2.9070e+03 3.6134e+20 1.4879e+22 1.0618e+21 7.0505e-02 3.0153e-02 5.1854e+04 5.6961e+04
4.1800e+03 5.1997e-12 5.8597e-01 1.5063e+03 2.3338e+03 2.9061e+03 3.6362e+20 1.4999e+22 1.0703e+21 7.0332e-02 3.0067e-02 5.1968e+04 5.7097e+04
4.1900e+03 5.1888e-12 5.8617e-01 1.5060e+03 2.3332e+03 2.9052e+03 3.6590e+20 1.5120e+22 1.0790e+21 7.0161e-02 2.9982e-02 5.2081e+04 5.7233e+04
4.2000e+03 5.1779e-12 5.8637e-01 1.5057e+03 2.3325e+03 2.9043e+03 3.6819e+20 1.5242e+22 1.0876e+21 6.9990e-02 2.9897e-02 5.2194e+04 5.7368e+04
4.2100e+03 5.1671e-12 5.8657e-01 1.5054e+03 2.3319e+03 2.9033e+03 3.7050e+20 1.5365e+22 1.0964e+21 6.9820e-02 2.9812e-02 5.2307e+04 5.7504e+04
4.2200e+03 5.1564e-12 5.8677e-01 1.5050e+03 2.3313e+03 2.9024e+03 3.7281e+20 1.5488e+22 1.1051e+21 6.9651e-02 2.9728e-02 5.2420e+04 5.7640e+04
4.2300e+03 5.1457e-12 5.8697e-01 1.5047e+03 2.3306e+03 2.9015e+03 3.7513e+20 1.5612e+22 1.1139e+21 6.9482e-02 2.9644e-02 5.2533e+04 5.7776e+04
4.2400e+03 5.1350e-12 5.8717e-01 1.5044e+03 2.3300e+03 2.9006e+03 3.7746e+20 1.5736e+22 1.1228e+21 6.9315e-02 2.9561e-02 5.2647e+04 5.7912e+04
4.2500e+03 5.1244e-12 5.8737e-01 1.5041e+03 2.3293e+03 2.8997e+03 3.7980e+20 1.5862e+22 1.1317e+21 6.9148e-02 2.9479e-02 5.2760e+04 5.8047e+04
4.2600e+03 5.1138e-12 5.8757e-01 1.5038e+03 2.3287e+03 2.8988e+03 3.8215e+20 1.5988e+22 1.1407e+21 6.8982e-02 2.9396e-02 5.2873e+04 5.8183e+04
4.2700e+03 5.1033e-12 5.8777e-01 1.5034e+03 2.3281e+03 2.8979e+03 3.8450e+20 1.6114e+22 1.1498e+21 6.8817e-02 2.9314e-02 5.2986e+04 5.8319e+04
4.2800e+03 5.0928e-12 5.8797e-01 1.5031e+03 2.3274e+03 2.8970e+03 3.8687e+20 1.6242e+22 1.1588e+21 6.8652e-02 2.9233e-02 5.3099e+04 5.8455e+04
4.2900e+03 5.0824e-12 5.8817e-01 1.5028e+03 2.3268e+03 2.8962e+03 3.8925e+20 1.6370e+22 1.1680e+21 6.8488e-02 2.9152e-02 5.3212e+04 5.8590e+04
4.3000e+03 5.0720e-12 5.8837e-01 1.5025e+03 2.3262e+03 2.8953e+03 3.9164e+20 1.6499e+22 1.1771e+21 6.8325e-02 2.9071e-02 5.3325e+04 5.8726e+04
4.3100e+03 5.0617e-12 5.8857e-01 1.5022e+03 2.3256e+03 2.8944e+03 3.9403e+20 1.6628e+22 1.1864e+21 6.8163e-02 2.8991e-02 5.3439e+04 5.8862e+04
4.3200e+03 5.0514e-12 5.8876e-01 1.5019e+03 2.3249e+03 2.8935e+03 3.9644e+20 1.6759e+22 1.1957e+21 6.8002e-02 2.8911e-02 5.3552e+04 5.8998e+04
4.3300e+03 5.0411e-12 5.8896e-01 1.5016e+03 2.3243e+03 2.8926e+03 3.9885e+20 1.6890e+22 1.2050e+21 6.7841e-02 2.8832e-02 5.3665e+04 5.9134e+04
4.3400e+03 5.0309e-12 5.8916e-01 1.5012e+03 2.3237e+03 2.8918e+03 4.0128e+20 1.7021e+22 1.2144e+21 6.7681e-02 2.8753e-02 5.3778e+04 5.9269e+04
4.3500e+03 5.0207e-12 5.8936e-01 1.5009e+03 2.3231e+03 2.8909e+03 4.0371e+20 1.7154e+22 1.2239e+21 6.7522e-02 2.8674e-02 5.3891e+04 5.9405e+04
4.3600e+03 5.0106e-12 5.8955e-01 1.5006e+03 2.3225e+03 2.8900e+03 4.0615e+20 1.7287e+22 1.2334e+21 6.7363e-02 2.8596e-02 5.4004e+04 5.9541e+04
4.3700e+03 5.0005e-12 5.8975e-01 1.5003e+03 2.3218e+03 2.8891e+03 4.0861e+20 1.7421e+22 1.2429e+21 6.7205e-02 2.8518e-02 5.4117e+04 5.9677e+04
4.3800e+03 4.9905e-12 5.8994e-01 1.5000e+03 2.3212e+03 2.8883e+03 4.1107e+20 1.7556e+22 1.2525e+21 6.7048e-02 2.8441e-02 5.4230e+04 5.9812e+04
4.3900e+03 4.9805e-12 5.9014e-01 1.4997e+03 2.3206e+03 2.8874e+03 4.1354e+20 1.7691e+22 1.2622e+21 6.6892e-02 2.8364e-02 5.4343e+04 5.9948e+04
4.4000e+03 4.9706e-12 5.9034e-01 1.4994e+03 2.3200e+03 2.8865e+03 4.1602e+20 1.7827e+22 1.2719e+21 6.6736e-02 2.8287e-02 5.4456e+04 6.0084e+04
4.4100e+03 4.9607e-12 5.9053e-01 1.4991e+03 2.3194e+03 2.8857e+03 4.1852e+20 1.7964e+22 1.2817e+21 6.6581e-02 2.8211e-02 5.4569e+04 6.0220e+04
4.4200e+03 4.9508e-12 5.9072e-01 1.4988e+03 2.3188e+03 2.8848e+03 4.2102e+20 1.8102e+22 1.2915e+21 6.6427e-02 2.8135e-02 5.4683e+04 6.0356e+04
4.4300e+03 4.9410e-12 5.9092e-01 1.4985e+03 2.3182e+03 2.8840e+03 4.2353e+20 1.8240e+22 1.3014e+21 6.6273e-02 2.8059e-02 5.4796e+04 6.0491e+04
4.4400e+03 4.9312e-12 5.9111e-01 1.4982e+03 2.3176e+03 2.8831e+03 4.2605e+20 1.8379e+22 1.3113e+21 6.6120e-02 2.7984e-02 5.4909e+04 6.0627e+04
4.4500e+03 4.9215e-12 5.9131e-01 1.4979e+03 2.3170e+03 2.8823e+03 4.2858e+20 1.8519e+22 1.3213e+21 6.5968e-02 2.7909e-02 5.5022e+04 6.0763e+04
4.4600e+03 4.9118e-12 5.9150e-01 1.4976e+03 2.3164e+03 2.8814e+03 4.3112e+20 1.8659e+22 1.3313e+21 6.5816e-02 2.7835e-02 5.5135e+04 6.0899e+04
4.4700e+03 4.9021e-12 5.9169e-01 1.4973e+03 2.3158e+03 2.8806e+03 4.3367e+20 1.8801e+22 1.3414e+21 6.5666e-02 2.7761e-02 5.5248e+04 6.1034e+04
4.4800e+03 4.8925e-12 5.9189e-01 1.4970e+03 2.3152e+03 2.8797e+03 4.3623e+20 1.8943e+22 1.3516e+21 6.5515e-02 2.7687e-02 5.5361e+04 6.1170e+04
4.4900e+03 4.8829e-12 5.9208e-01 1.4967e+03 2.3146e+03 2.8789e+03 4.3880e+20 1.9086e+22 1.3618e+21 6.5366e-02 2.7614e-02 5.5474e+04 6.1306e+04
4.5000e+03 4.8734e-12 5.9227e-01 1.4964e+03 2.3140e+03 2.8780e+03 4.4137e+20 1.9229e+22 1.3720e+21 6.5217e-02 2.7541e-02 5.5587e+04 6.1442e+04
4.5100e+03 4.8639e-12 5.9246e-01 1.4961e+03 2.3134e+03 2.8772e+03 4.4396e+20 1.9374e+22 1.3823e+21 6.5069e-02 2.7468e-02 5.5700e+04 6.1578e+04
4.5200e+03 4.8544e-12 5.9265e-01 1.4958e+03 2.3128e+03 2.8764e+03 4.4656e+20 1.9519e+22 1.3927e+21 6.4921e-02 2.7396e-02 5.5813e+04 6.1713e+04
4.5300e+03 4.8450e-12 5.9285e-01 1.4955e+03 2.3122e+03 2.8755e+03 4.4917e+20 1.9665e+22 1.4032e+21 6.4774e-02 2.7324e-02 5.5926e+04 6.1849e+04
4.5400e+03 4.8356e-12 5.9304e-01 1.4952e+03 2.3116e+03 2.8747e+03 4.5179e+20 1.9811e+22 1.4136e+21 6.4628e-02 2.7252e-02 5.6039e+04 6.1985e+04
4.5500e+03 0.0000e+00 0.0000e+00 1.4949e+03 0.0000e+00 2.8739e+03 0.0000e+00 0.0000e+00 0.0000e+00 0.0000e+00 0.0000e+00 0.0000e+00 0.0000e+00
