0.0000e+00 2.3852e-11 9.9520e-01 1.7000e+03 1.9603e+03 2.1600e+03 1.5102e+17 1.9219e+17 1.9219e+17 7.9383e-02 0.0000e+00 5.5931e+04 0.0000e+00
1.0000e+01 2.3716e-11 9.8971e-01 1.7000e+03 1.9602e+03 2.1600e+03 1.5108e+17 1.9226e+17 1.9226e+17 7.9369e-02 0.0000e+00 5.5940e+04 0.0000e+00
2.0000e+01 2.3581e-11 9.8446e-01 1.6999e+03 1.9602e+03 2.1600e+03 1.5120e+17 1.9242e+17 1.9242e+17 7.9340e-02 0.0000e+00 5.5958e+04 0.0000e+00
3.0000e+01 2.3448e-11 9.7942e-01 1.6998e+03 1.9600e+03 2.1600e+03 1.5139e+17 1.9266e+17 1.9266e+17 7.9295e-02 0.0000e+00 5.5986e+04 0.0000e+00
4.0000e+01 2.3315e-11 9.7460e-01 1.6997e+03 1.9599e+03 2.1600e+03 1.5163e+17 1.9298e+17 1.9298e+17 7.9236e-02 0.0000e+00 5.6023e+04 0.0000e+00
5.0000e+01 2.3183e-11 9.6998e-01 1.6995e+03 1.9597e+03 2.1600e+03 1.5193e+17 1.9336e+17 1.9336e+17 7.9164e-02 0.0000e+00 5.6068e+04 0.0000e+00
6.0000e+01 2.3052e-11 9.6555e-01 1.6993e+03 1.9595e+03 2.1600e+03 1.5229e+17 1.9383e+17 1.9383e+17 7.9078e-02 0.0000e+00 5.6121e+04 0.0000e+00
7.0000e+01 2.2922e-11 9.6130e-01 1.6991e+03 1.9592e+03 2.1600e+03 1.5271e+17 1.9436e+17 1.9436e+17 7.8980e-02 0.0000e+00 5.6183e+04 0.0000e+00
8.0000e+01 2.2793e-11 9.5722e-01 1.6989e+03 1.9590e+03 2.1600e+03 1.5317e+17 1.9495e+17 1.9495e+17 7.8871e-02 0.0000e+00 5.6252e+04 0.0000e+00
9.0000e+01 2.2665e-11 9.5330e-01 1.6986e+03 1.9587e+03 2.1600e+03 1.5368e+17 1.9561e+17 1.9561e+17 7.8749e-02 0.0000e+00 5.6328e+04 0.0000e+00
1.0000e+02 2.2538e-11 9.4954e-01 1.6983e+03 1.9583e+03 2.1600e+03 1.5424e+17 1.9634e+17 1.9634e+17 7.8618e-02 0.0000e+00 5.6411e+04 0.0000e+00
1.1000e+02 2.2412e-11 9.4593e-01 1.6980e+03 1.9580e+03 2.1600e+03 1.5485e+17 1.9712e+17 1.9712e+17 7.8476e-02 0.0000e+00 5.6501e+04 0.0000e+00
1.2000e+02 2.2286e-11 9.4246e-01 1.6977e+03 1.9576e+03 2.1600e+03 1.5551e+17 1.9796e+17 1.9796e+17 7.8324e-02 0.0000e+00 5.6598e+04 0.0000e+00
1.3000e+02 2.2162e-11 9.3912e-01 1.6973e+03 1.9572e+03 2.1600e+03 1.5620e+17 1.9886e+17 1.9886e+17 7.8163e-02 0.0000e+00 5.6701e+04 0.0000e+00
1.4000e+02 2.2038e-11 9.3591e-01 1.6969e+03 1.9567e+03 2.1600e+03 1.5695e+17 1.9982e+17 1.9982e+17 7.7994e-02 0.0000e+00 5.6809e+04 0.0000e+00
1.5000e+02 2.1915e-11 9.3282e-01 1.6965e+03 1.9563e+03 2.1600e+03 1.5773e+17 2.0082e+17 2.0082e+17 7.7816e-02 0.0000e+00 5.6924e+04 0.0000e+00
1.6000e+02 2.1794e-11 9.2985e-01 1.6961e+03 1.9558e+03 2.1600e+03 1.5855e+17 2.0188e+17 2.0188e+17 7.7631e-02 0.0000e+00 5.7043e+04 0.0000e+00
1.7000e+02 2.1673e-11 9.2699e-01 1.6957e+03 1.9553e+03 2.1600e+03 1.5941e+17 2.0299e+17 2.0299e+17 7.7438e-02 0.0000e+00 5.7169e+04 0.0000e+00
1.8000e+02 2.1552e-11 9.2423e-01 1.6952e+03 1.9548e+03 2.1600e+03 1.6031e+17 2.0415e+17 2.0415e+17 7.7238e-02 0.0000e+00 5.7299e+04 0.0000e+00
1.9000e+02 2.1433e-11 9.2158e-01 1.6948e+03 1.9542e+03 2.1600e+03 1.6125e+17 2.0536e+17 2.0536e+17 7.7032e-02 0.0000e+00 5.7435e+04 0.0000e+00
2.0000e+02 2.1315e-11 9.1902e-01 1.6943e+03 1.9537e+03 2.1600e+03 1.6222e+17 2.0661e+17 2.0661e+17 7.6820e-02 0.0000e+00 5.7575e+04 0.0000e+00
2.1000e+02 2.1197e-11 9.1655e-01 1.6938e+03 1.9531e+03 2.1600e+03 1.6323e+17 2.0791e+17 2.0791e+17 7.6601e-02 0.0000e+00 5.7719e+04 0.0000e+00
2.2000e+02 2.1080e-11 9.1417e-01 1.6933e+03 1.9525e+03 2.1600e+03 1.6428e+17 2.0926e+17 2.0926e+17 7.6378e-02 0.0000e+00 5.7869e+04 0.0000e+00
2.3000e+02 2.0964e-11 9.1188e-01 1.6928e+03 1.9519e+03 2.1600e+03 1.6536e+17 2.1065e+17 2.1065e+17 7.6149e-02 0.0000e+00 5.8022e+04 0.0000e+00
2.4000e+02 2.0849e-11 9.0966e-01 1.6922e+03 1.9513e+03 2.1600e+03 1.6647e+17 2.1208e+17 2.1208e+17 7.5915e-02 0.0000e+00 5.8180e+04 0.0000e+00
2.5000e+02 2.0735e-11 9.0752e-01 1.6917e+03 1.9507e+03 2.1600e+03 1.6762e+17 2.1356e+17 2.1356e+17 7.5677e-02 0.0000e+00 5.8341e+04 0.0000e+00
2.6000e+02 2.0621e-11 9.0545e-01 1.6911e+03 1.9500e+03 2.1600e+03 1.6879e+17 2.1508e+17 2.1508e+17 7.5434e-02 0.0000e+00 5.8507e+04 0.0000e+00
2.7000e+02 2.0508e-11 9.0345e-01 1.6906e+03 1.9494e+03 2.1600e+03 1.7000e+17 2.1664e+17 2.1664e+17 7.5188e-02 0.0000e+00 5.8676e+04 0.0000e+00
2.8000e+02 2.0396e-11 9.0152e-01 1.6900e+03 1.9487e+03 2.1600e+03 1.7124e+17 2.1824e+17 2.1824e+17 7.4937e-02 0.0000e+00 5.8849e+04 0.0000e+00
2.9000e+02 2.0285e-11 8.9965e-01 1.6894e+03 1.9480e+03 2.1600e+03 1.7252e+17 2.1988e+17 2.1988e+17 7.4684e-02 0.0000e+00 5.9025e+04 0.0000e+00
3.0000e+02 2.0175e-11 8.9784e-01 1.6888e+03 1.9474e+03 2.1600e+03 1.7382e+17 2.2155e+17 2.2155e+17 7.4427e-02 0.0000e+00 5.9205e+04 0.0000e+00
3.1000e+02 2.0065e-11 8.9609e-01 1.6882e+03 1.9467e+03 2.1600e+03 1.7515e+17 2.2327e+17 2.2327e+17 7.4167e-02 0.0000e+00 5.9388e+04 0.0000e+00
3.2000e+02 1.9956e-11 8.9439e-01 1.6876e+03 1.9460e+03 2.1600e+03 1.7651e+17 2.2503e+17 2.2503e+17 7.3904e-02 0.0000e+00 5.9574e+04 0.0000e+00
3.3000e+02 1.9848e-11 8.9275e-01 1.6870e+03 1.9452e+03 2.1600e+03 1.7790e+17 2.2682e+17 2.2682e+17 7.3639e-02 0.0000e+00 5.9764e+04 0.0000e+00
3.4000e+02 1.9741e-11 8.9116e-01 1.6864e+03 1.9445e+03 2.1600e+03 1.7932e+17 2.2865e+17 2.2865e+17 7.3372e-02 0.0000e+00 5.9956e+04 0.0000e+00
3.5000e+02 1.9634e-11 8.8961e-01 1.6857e+03 1.9438e+03 2.1600e+03 1.8077e+17 2.3052e+17 2.3052e+17 7.3102e-02 0.0000e+00 6.0151e+04 0.0000e+00
3.6000e+02 1.9528e-11 8.8812e-01 1.6851e+03 1.9431e+03 2.1600e+03 1.8225e+17 2.3242e+17 2.3242e+17 7.2830e-02 0.0000e+00 6.0349e+04 0.0000e+00
3.7000e+02 1.9423e-11 8.8667e-01 1.6844e+03 1.9423e+03 2.1600e+03 1.8375e+17 2.3436e+17 2.3436e+17 7.2557e-02 0.0000e+00 6.0550e+04 0.0000e+00
3.8000e+02 1.9319e-11 8.8526e-01 1.6838e+03 1.9416e+03 2.1600e+03 1.8528e+17 2.3634e+17 2.3634e+17 7.2281e-02 0.0000e+00 6.0753e+04 0.0000e+00
3.9000e+02 1.9215e-11 8.8389e-01 1.6831e+03 1.9408e+03 2.1600e+03 1.8684e+17 2.3835e+17 2.3835e+17 7.2005e-02 0.0000e+00 6.0959e+04 0.0000e+00
4.0000e+02 1.9112e-11 8.8256e-01 1.6825e+03 1.9400e+03 2.1600e+03 1.8843e+17 2.4040e+17 2.4040e+17 7.1727e-02 0.0000e+00 6.1168e+04 0.0000e+00
4.1000e+02 1.9010e-11 8.8127e-01 1.6818e+03 1.9393e+03 2.1600e+03 1.9004e+17 2.4248e+17 2.4248e+17 7.1448e-02 0.0000e+00 6.1379e+04 0.0000e+00
4.2000e+02 1.8908e-11 8.8001e-01 1.6811e+03 1.9385e+03 2.1600e+03 1.9168e+17 2.4459e+17 2.4459e+17 7.1167e-02 0.0000e+00 6.1592e+04 0.0000e+00
4.3000e+02 1.8807e-11 8.7879e-01 1.6804e+03 1.9377e+03 2.1600e+03 1.9335e+17 2.4674e+17 2.4674e+17 7.0886e-02 0.0000e+00 6.1808e+04 0.0000e+00
4.4000e+02 1.8707e-11 8.7760e-01 1.6798e+03 1.9369e+03 2.1600e+03 1.9504e+17 2.4893e+17 2.4893e+17 7.0604e-02 0.0000e+00 6.2026e+04 0.0000e+00
4.5000e+02 1.8608e-11 8.7645e-01 1.6791e+03 1.9361e+03 2.1600e+03 1.9676e+17 2.5114e+17 2.5114e+17 7.0321e-02 0.0000e+00 6.2246e+04 0.0000e+00
4.6000e+02 1.8509e-11 8.7532e-01 1.6784e+03 1.9353e+03 2.1600e+03 1.9850e+17 2.5340e+17 2.5340e+17 7.0038e-02 0.0000e+00 6.2468e+04 0.0000e+00
4.7000e+02 1.8411e-11 8.7422e-01 1.6777e+03 1.9345e+03 2.1600e+03 2.0027e+17 2.5568e+17 2.5568e+17 6.9754e-02 0.0000e+00 6.2693e+04 0.0000e+00
4.8000e+02 1.8313e-11 8.7315e-01 1.6770e+03 1.9337e+03 2.1600e+03 2.0207e+17 2.5800e+17 2.5800e+17 6.9470e-02 0.0000e+00 6.2919e+04 0.0000e+00
4.9000e+02 1.8217e-11 8.7211e-01 1.6763e+03 1.9329e+03 2.1600e+03 2.0389e+17 2.6035e+17 2.6035e+17 6.9185e-02 0.0000e+00 6.3148e+04 0.0000e+00
5.0000e+02 1.8121e-11 8.7109e-01 1.6756e+03 1.9321e+03 2.1600e+03 2.0574e+17 2.6274e+17 2.6274e+17 6.8901e-02 0.0000e+00 6.3378e+04 0.0000e+00
5.1000e+02 1.8025e-11 8.7010e-01 1.6749e+03 1.9313e+03 2.1600e+03 2.0761e+17 2.6516e+17 2.6516e+17 6.8616e-02 0.0000e+00 6.3610e+04 0.0000e+00
5.2000e+02 1.7930e-11 8.6914e-01 1.6742e+03 1.9305e+03 2.1600e+03 2.0951e+17 2.6761e+17 2.6761e+17 6.8331e-02 0.0000e+00 6.3844e+04 0.0000e+00
5.3000e+02 1.7836e-11 8.6819e-01 1.6735e+03 1.9297e+03 2.1600e+03 2.1143e+17 2.7009e+17 2.7009e+17 6.8046e-02 0.0000e+00 6.4080e+04 0.0000e+00
5.4000e+02 1.7743e-11 8.6727e-01 1.6728e+03 1.9289e+03 2.1600e+03 2.1338e+17 2.7261e+17 2.7261e+17 6.7762e-02 0.0000e+00 6.4318e+04 0.0000e+00
5.5000e+02 1.7650e-11 8.6637e-01 1.6720e+03 1.9280e+03 2.1600e+03 2.1535e+17 2.7516e+17 2.7516e+17 6.7477e-02 0.0000e+00 6.4557e+04 0.0000e+00
5.6000e+02 1.7558e-11 8.6549e-01 1.6713e+03 1.9272e+03 2.1600e+03 2.1735e+17 2.7774e+17 2.7774e+17 6.7193e-02 0.0000e+00 6.4798e+04 0.0000e+00
5.7000e+02 1.7466e-11 8.6462e-01 1.6706e+03 1.9264e+03 2.1600e+03 2.1937e+17 2.8036e+17 2.8036e+17 6.6909e-02 0.0000e+00 6.5041e+04 0.0000e+00
5.8000e+02 1.7375e-11 8.6378e-01 1.6699e+03 1.9255e+03 2.1600e+03 2.2142e+17 2.8301e+17 2.8301e+17 6.6626e-02 0.0000e+00 6.5285e+04 0.0000e+00
5.9000e+02 1.7285e-11 8.6296e-01 1.6692e+03 1.9247e+03 2.1600e+03 2.2349e+17 2.8569e+17 2.8569e+17 6.6343e-02 0.0000e+00 6.5531e+04 0.0000e+00
6.0000e+02 1.7195e-11 8.6215e-01 1.6685e+03 1.9239e+03 2.1600e+03 2.2559e+17 2.8840e+17 2.8840e+17 6.6060e-02 0.0000e+00 6.5779e+04 0.0000e+00
6.1000e+02 1.7106e-11 8.6136e-01 1.6677e+03 1.9231e+03 2.1600e+03 2.2772e+17 2.9115e+17 2.9115e+17 6.5778e-02 0.0000e+00 6.6028e+04 0.0000e+00
6.2000e+02 1.7017e-11 8.6058e-01 1.6670e+03 1.9222e+03 2.1600e+03 2.2987e+17 2.9392e+17 2.9392e+17 6.5497e-02 0.0000e+00 6.6278e+04 0.0000e+00
6.3000e+02 1.6929e-11 8.5982e-01 1.6663e+03 1.9214e+03 2.1600e+03 2.3204e+17 2.9674e+17 2.9674e+17 6.5216e-02 0.0000e+00 6.6531e+04 0.0000e+00
6.4000e+02 1.6842e-11 8.5908e-01 1.6656e+03 1.9205e+03 2.1600e+03 2.3424e+17 2.9958e+17 2.9958e+17 6.4936e-02 0.0000e+00 6.6784e+04 0.0000e+00
6.5000e+02 1.6755e-11 8.5835e-01 1.6648e+03 1.9197e+03 2.1600e+03 2.3646e+17 3.0246e+17 3.0246e+17 6.4656e-02 0.0000e+00 6.7039e+04 0.0000e+00
6.6000e+02 1.6669e-11 8.5763e-01 1.6641e+03 1.9189e+03 2.1600e+03 2.3871e+17 3.0536e+17 3.0536e+17 6.4378e-02 0.0000e+00 6.7295e+04 0.0000e+00
6.7000e+02 1.6584e-11 8.5693e-01 1.6634e+03 1.9180e+03 2.1600e+03 2.4098e+17 3.0831e+17 3.0831e+17 6.4100e-02 0.0000e+00 6.7553e+04 0.0000e+00
6.8000e+02 1.6499e-11 8.5624e-01 1.6627e+03 1.9172e+03 2.1600e+03 2.4328e+17 3.1128e+17 3.1128e+17 6.3823e-02 0.0000e+00 6.7812e+04 0.0000e+00
6.9000e+02 1.6414e-11 8.5556e-01 1.6619e+03 1.9164e+03 2.1600e+03 2.4561e+17 3.1429e+17 3.1429e+17 6.3547e-02 0.0000e+00 6.8072e+04 0.0000e+00
7.0000e+02 1.6331e-11 8.5490e-01 1.6612e+03 1.9155e+03 2.1600e+03 2.4795e+17 3.1733e+17 3.1733e+17 6.3271e-02 0.0000e+00 6.8334e+04 0.0000e+00
7.1000e+02 1.6247e-11 8.5424e-01 1.6605e+03 1.9147e+03 2.1600e+03 2.5033e+17 3.2040e+17 3.2040e+17 6.2997e-02 0.0000e+00 6.8597e+04 0.0000e+00
7.2000e+02 1.6165e-11 8.5360e-01 1.6597e+03 1.9138e+03 2.1600e+03 2.5273e+17 3.2351e+17 3.2351e+17 6.2724e-02 0.0000e+00 6.8861e+04 0.0000e+00
7.3000e+02 1.6083e-11 8.5297e-01 1.6590e+03 1.9130e+03 2.1600e+03 2.5515e+17 3.2664e+17 3.2664e+17 6.2451e-02 0.0000e+00 6.9126e+04 0.0000e+00
7.4000e+02 1.6001e-11 8.5235e-01 1.6583e+03 1.9122e+03 2.1600e+03 2.5760e+17 3.2982e+17 3.2982e+17 6.2180e-02 0.0000e+00 6.9393e+04 0.0000e+00
7.5000e+02 1.5920e-11 8.5173e-01 1.6576e+03 1.9113e+03 2.1600e+03 2.6008e+17 3.3302e+17 3.3302e+17 6.1909e-02 0.0000e+00 6.9661e+04 0.0000e+00
7.6000e+02 1.5839e-11 8.5113e-01 1.6568e+03 1.9105e+03 2.1600e+03 2.6258e+17 3.3626e+17 3.3626e+17 6.1640e-02 0.0000e+00 6.9930e+04 0.0000e+00
7.7000e+02 1.5759e-11 8.5054e-01 1.6561e+03 1.9096e+03 2.1600e+03 2.6510e+17 3.3953e+17 3.3953e+17 6.1371e-02 0.0000e+00 7.0200e+04 0.0000e+00
7.8000e+02 1.5680e-11 8.4995e-01 1.6554e+03 1.9088e+03 2.1600e+03 2.6765e+17 3.4284e+17 3.4284e+17 6.1104e-02 0.0000e+00 7.0472e+04 0.0000e+00
7.9000e+02 1.5601e-11 8.4938e-01 1.6546e+03 1.9080e+03 2.1600e+03 2.7023e+17 3.4618e+17 3.4618e+17 6.0838e-02 0.0000e+00 7.0744e+04 0.0000e+00
8.0000e+02 1.5523e-11 8.4881e-01 1.6539e+03 1.9071e+03 2.1600e+03 2.7283e+17 3.4955e+17 3.4955e+17 6.0573e-02 0.0000e+00 7.1018e+04 0.0000e+00
8.1000e+02 1.5445e-11 8.4825e-01 1.6532e+03 1.9063e+03 2.1600e+03 2.7546e+17 3.5295e+17 3.5295e+17 6.0309e-02 0.0000e+00 7.1292e+04 0.0000e+00
8.2000e+02 1.5368e-11 8.4770e-01 1.6525e+03 1.9054e+03 2.1600e+03 2.7812e+17 3.5640e+17 3.5640e+17 6.0046e-02 0.0000e+00 7.1568e+04 0.0000e+00
8.3000e+02 1.5291e-11 8.4716e-01 1.6517e+03 1.9046e+03 2.1600e+03 2.8080e+17 3.5987e+17 3.5987e+17 5.9784e-02 0.0000e+00 7.1845e+04 0.0000e+00
8.4000e+02 1.5215e-11 8.4662e-01 1.6510e+03 1.9038e+03 2.1600e+03 2.8351e+17 3.6338e+17 3.6338e+17 5.9524e-02 0.0000e+00 7.2123e+04 0.0000e+00
8.5000e+02 1.5139e-11 8.4609e-01 1.6503e+03 1.9029e+03 2.1600e+03 2.8624e+17 3.6692e+17 3.6692e+17 5.9264e-02 0.0000e+00 7.2402e+04 0.0000e+00
8.6000e+02 1.5064e-11 8.4557e-01 1.6496e+03 1.9021e+03 2.1600e+03 2.8900e+17 3.7050e+17 3.7050e+17 5.9006e-02 0.0000e+00 7.2682e+04 0.0000e+00
8.7000e+02 1.4989e-11 8.4505e-01 1.6488e+03 1.9013e+03 2.1600e+03 2.9178e+17 3.7411e+17 3.7411e+17 5.8749e-02 0.0000e+00 7.2963e+04 0.0000e+00
8.8000e+02 1.4914e-11 8.4455e-01 1.6481e+03 1.9004e+03 2.1600e+03 2.9459e+17 3.7775e+17 3.7775e+17 5.8493e-02 0.0000e+00 7.3246e+04 0.0000e+00
8.9000e+02 1.4841e-11 8.4404e-01 1.6474e+03 1.8996e+03 2.1600e+03 2.9743e+17 3.8144e+17 3.8144e+17 5.8238e-02 0.0000e+00 7.3529e+04 0.0000e+00
9.0000e+02 1.4767e-11 8.4355e-01 1.6467e+03 1.8988e+03 2.1600e+03 3.0030e+17 3.8515e+17 3.8515e+17 5.7985e-02 0.0000e+00 7.3813e+04 0.0000e+00
9.1000e+02 1.4695e-11 8.4305e-01 1.6460e+03 1.8979e+03 2.1600e+03 3.0319e+17 3.8890e+17 3.8890e+17 5.7733e-02 0.0000e+00 7.4098e+04 0.0000e+00
9.2000e+02 1.4622e-11 8.4257e-01 1.6452e+03 1.8971e+03 2.1600e+03 3.0611e+17 3.9269e+17 3.9269e+17 5.7482e-02 0.0000e+00 7.4384e+04 0.0000e+00
9.3000e+02 1.4550e-11 8.4209e-01 1.6445e+03 1.8963e+03 2.1600e+03 3.0905e+17 3.9651e+17 3.9651e+17 5.7232e-02 0.0000e+00 7.4671e+04 0.0000e+00
9.4000e+02 1.4479e-11 8.4161e-01 1.6438e+03 1.8955e+03 2.1600e+03 3.1202e+17 4.0037e+17 4.0037e+17 5.6983e-02 0.0000e+00 7.4959e+04 0.0000e+00
9.5000e+02 1.4408e-11 8.4114e-01 1.6431e+03 1.8946e+03 2.1600e+03 3.1502e+17 4.0426e+17 4.0426e+17 5.6736e-02 0.0000e+00 7.5248e+04 0.0000e+00
9.6000e+02 1.4338e-11 8.4068e-01 1.6424e+03 1.8938e+03 2.1600e+03 3.1805e+17 4.0819e+17 4.0819e+17 5.6490e-02 0.0000e+00 7.5538e+04 0.0000e+00
9.7000e+02 1.4268e-11 8.4022e-01 1.6417e+03 1.8930e+03 2.1600e+03 3.2110e+17 4.1215e+17 4.1215e+17 5.6245e-02 0.0000e+00 7.5829e+04 0.0000e+00
9.8000e+02 1.4198e-11 8.3977e-01 1.6409e+03 1.8922e+03 2.1600e+03 3.2418e+17 4.1615e+17 4.1615e+17 5.6001e-02 0.0000e+00 7.6121e+04 0.0000e+00
9.9000e+02 1.4129e-11 8.3932e-01 1.6402e+03 1.8913e+03 2.1600e+03 3.2729e+17 4.2019e+17 4.2019e+17 5.5758e-02 0.0000e+00 7.6413e+04 0.0000e+00
1.0000e+03 1.4061e-11 8.3887e-01 1.6395e+03 1.8905e+03 2.1600e+03 3.3043e+17 4.2426e+17 4.2426e+17 5.5517e-02 0.0000e+00 7.6707e+04 0.0000e+00
1.0100e+03 1.3992e-11 8.3843e-01 1.6388e+03 1.8897e+03 2.1600e+03 3.3359e+17 4.2837e+17 4.2837e+17 5.5277e-02 0.0000e+00 7.7001e+04 0.0000e+00
1.0200e+03 1.3925e-11 8.3799e-01 1.6381e+03 1.8889e+03 2.1600e+03 3.3679e+17 4.3252e+17 4.3252e+17 5.5039e-02 0.0000e+00 7.7297e+04 0.0000e+00
1.0300e+03 1.3858e-11 8.3756e-01 1.6374e+03 1.8881e+03 2.1600e+03 3.4001e+17 4.3670e+17 4.3670e+17 5.4801e-02 0.0000e+00 7.7593e+04 0.0000e+00
1.0400e+03 1.3791e-11 8.3713e-01 1.6367e+03 1.8873e+03 2.1600e+03 3.4326e+17 4.4092e+17 4.4092e+17 5.4565e-02 0.0000e+00 7.7890e+04 0.0000e+00
1.0500e+03 1.3724e-11 8.3670e-01 1.6360e+03 1.8864e+03 2.1600e+03 3.4653e+17 4.4518e+17 4.4518e+17 5.4330e-02 0.0000e+00 7.8188e+04 0.0000e+00
1.0600e+03 1.3658e-11 8.3628e-01 1.6353e+03 1.8856e+03 2.1600e+03 3.4984e+17 4.4947e+17 4.4947e+17 5.4096e-02 0.0000e+00 7.8487e+04 0.0000e+00
1.0700e+03 1.3593e-11 8.3586e-01 1.6346e+03 1.8848e+03 2.1600e+03 3.5317e+17 4.5380e+17 4.5380e+17 5.3864e-02 0.0000e+00 7.8787e+04 0.0000e+00
1.0800e+03 1.3528e-11 8.3545e-01 1.6339e+03 1.8840e+03 2.1600e+03 3.5654e+17 4.5817e+17 4.5817e+17 5.3632e-02 0.0000e+00 7.9087e+04 0.0000e+00
1.0900e+03 1.3463e-11 8.3504e-01 1.6332e+03 1.8832e+03 2.1600e+03 3.5993e+17 4.6258e+17 4.6258e+17 5.3402e-02 0.0000e+00 7.9389e+04 0.0000e+00
1.1000e+03 1.3399e-11 8.3463e-01 1.6325e+03 1.8824e+03 2.1600e+03 3.6335e+17 4.6703e+17 4.6703e+17 5.3173e-02 0.0000e+00 7.9691e+04 0.0000e+00
1.1100e+03 1.3335e-11 8.3423e-01 1.6318e+03 1.8816e+03 2.1600e+03 3.6680e+17 4.7151e+17 4.7151e+17 5.2946e-02 0.0000e+00 7.9994e+04 0.0000e+00
1.1200e+03 1.3272e-11 8.3383e-01 1.6311e+03 1.8808e+03 2.1600e+03 3.7028e+17 4.7604e+17 4.7604e+17 5.2719e-02 0.0000e+00 8.0298e+04 0.0000e+00
1.1300e+03 1.3209e-11 8.3343e-01 1.6304e+03 1.8800e+03 2.1600e+03 3.7379e+17 4.8060e+17 4.8060e+17 5.2494e-02 0.0000e+00 8.0603e+04 0.0000e+00
1.1400e+03 1.3146e-11 8.3303e-01 1.6297e+03 1.8792e+03 2.1600e+03 3.7732e+17 4.8520e+17 4.8520e+17 5.2270e-02 0.0000e+00 8.0908e+04 0.0000e+00
1.1500e+03 1.3084e-11 8.3264e-01 1.6290e+03 1.8784e+03 2.1600e+03 3.8089e+17 4.8984e+17 4.8984e+17 5.2047e-02 0.0000e+00 8.1214e+04 0.0000e+00
1.1600e+03 1.3022e-11 8.3225e-01 1.6283e+03 1.8776e+03 2.1600e+03 3.8449e+17 4.9452e+17 4.9452e+17 5.1826e-02 0.0000e+00 8.1522e+04 0.0000e+00
1.1700e+03 1.2961e-11 8.3187e-01 1.6276e+03 1.8768e+03 2.1600e+03 3.8812e+17 4.9924e+17 4.9924e+17 5.1606e-02 0.0000e+00 8.1829e+04 0.0000e+00
1.1800e+03 1.2900e-11 8.3149e-01 1.6269e+03 1.8760e+03 2.1600e+03 3.9178e+17 5.0400e+17 5.0400e+17 5.1386e-02 0.0000e+00 8.2138e+04 0.0000e+00
1.1900e+03 1.2839e-11 8.3110e-01 1.6262e+03 1.8752e+03 2.1600e+03 3.9546e+17 5.0880e+17 5.0880e+17 5.1169e-02 0.0000e+00 8.2448e+04 0.0000e+00
1.2000e+03 1.2779e-11 8.3073e-01 1.6256e+03 1.8744e+03 2.1600e+03 3.9918e+17 5.1364e+17 5.1364e+17 5.0952e-02 0.0000e+00 8.2758e+04 0.0000e+00
1.2100e+03 1.2719e-11 8.3035e-01 1.6249e+03 1.8736e+03 2.1600e+03 4.0293e+17 5.1852e+17 5.1852e+17 5.0736e-02 0.0000e+00 8.3069e+04 0.0000e+00
1.2200e+03 1.2660e-11 8.2998e-01 1.6242e+03 1.8728e+03 2.1600e+03 4.0671e+17 5.2344e+17 5.2344e+17 5.0522e-02 0.0000e+00 8.3381e+04 0.0000e+00
1.2300e+03 1.2601e-11 8.2961e-01 1.6235e+03 1.8721e+03 2.1600e+03 4.1052e+17 5.2840e+17 5.2840e+17 5.0309e-02 0.0000e+00 8.3694e+04 0.0000e+00
1.2400e+03 1.2542e-11 8.2924e-01 1.6228e+03 1.8713e+03 2.1600e+03 4.1436e+17 5.3340e+17 5.3340e+17 5.0097e-02 0.0000e+00 8.4007e+04 0.0000e+00
1.2500e+03 1.2484e-11 8.2888e-01 1.6221e+03 1.8705e+03 2.1600e+03 4.1824e+17 5.3844e+17 5.3844e+17 4.9886e-02 0.0000e+00 8.4321e+04 0.0000e+00
1.2600e+03 1.2426e-11 8.2851e-01 1.6215e+03 1.8697e+03 2.1600e+03 4.2214e+17 5.4352e+17 5.4352e+17 4.9676e-02 0.0000e+00 8.4636e+04 0.0000e+00
1.2700e+03 1.2368e-11 8.2815e-01 1.6208e+03 1.8689e+03 2.1600e+03 4.2608e+17 5.4865e+17 5.4865e+17 4.9468e-02 0.0000e+00 8.4952e+04 0.0000e+00
1.2800e+03 1.2311e-11 8.2779e-01 1.6201e+03 1.8682e+03 2.1600e+03 4.3004e+17 5.5381e+17 5.5381e+17 4.9261e-02 0.0000e+00 8.5268e+04 0.0000e+00
1.2900e+03 1.2255e-11 8.2744e-01 1.6194e+03 1.8674e+03 2.1600e+03 4.3404e+17 5.5902e+17 5.5902e+17 4.9055e-02 0.0000e+00 8.5585e+04 0.0000e+00
1.3000e+03 1.2198e-11 8.2708e-01 1.6188e+03 1.8666e+03 2.1600e+03 4.3807e+17 5.6427e+17 5.6427e+17 4.8850e-02 0.0000e+00 8.5903e+04 0.0000e+00
1.3100e+03 1.2142e-11 8.2673e-01 1.6181e+03 1.8658e+03 2.1600e+03 4.4214e+17 5.6957e+17 5.6957e+17 4.8646e-02 0.0000e+00 8.6222e+04 0.0000e+00
1.3200e+03 1.2086e-11 8.2638e-01 1.6174e+03 1.8651e+03 2.1600e+03 4.4623e+17 5.7490e+17 5.7490e+17 4.8443e-02 0.0000e+00 8.6541e+04 0.0000e+00
1.3300e+03 1.2031e-11 8.2603e-01 1.6168e+03 1.8643e+03 2.1600e+03 4.5036e+17 5.8028e+17 5.8028e+17 4.8241e-02 0.0000e+00 8.6861e+04 0.0000e+00
1.3400e+03 1.1976e-11 8.2569e-01 1.6161e+03 1.8635e+03 2.1600e+03 4.5452e+17 5.8570e+17 5.8570e+17 4.8041e-02 0.0000e+00 8.7182e+04 0.0000e+00
1.3500e+03 1.1921e-11 8.2535e-01 1.6154e+03 1.8628e+03 2.1600e+03 4.5871e+17 5.9117e+17 5.9117e+17 4.7842e-02 0.0000e+00 8.7504e+04 0.0000e+00
1.3600e+03 1.1867e-11 8.2500e-01 1.6148e+03 1.8620e+03 2.1600e+03 4.6294e+17 5.9668e+17 5.9668e+17 4.7643e-02 0.0000e+00 8.7826e+04 0.0000e+00
1.3700e+03 1.1813e-11 8.2466e-01 1.6141e+03 1.8612e+03 2.1600e+03 4.6720e+17 6.0223e+17 6.0223e+17 4.7446e-02 0.0000e+00 8.8149e+04 0.0000e+00
1.3800e+03 1.1759e-11 8.2433e-01 1.6135e+03 1.8605e+03 2.1600e+03 4.7149e+17 6.0782e+17 6.0782e+17 4.7250e-02 0.0000e+00 8.8473e+04 0.0000e+00
1.3900e+03 1.1706e-11 8.2399e-01 1.6128e+03 1.8597e+03 2.1600e+03 4.7581e+17 6.1346e+17 6.1346e+17 4.7056e-02 0.0000e+00 8.8797e+04 0.0000e+00
1.4000e+03 1.1653e-11 8.2365e-01 1.6121e+03 1.8590e+03 2.1600e+03 4.8017e+17 6.1915e+17 6.1915e+17 4.6862e-02 0.0000e+00 8.9122e+04 0.0000e+00
1.4100e+03 1.1601e-11 8.2332e-01 1.6115e+03 1.8582e+03 2.1600e+03 4.8457e+17 6.2488e+17 6.2488e+17 4.6669e-02 0.0000e+00 8.9448e+04 0.0000e+00
1.4200e+03 1.1548e-11 8.2299e-01 1.6108e+03 1.8574e+03 2.1600e+03 4.8899e+17 6.3065e+17 6.3065e+17 4.6477e-02 0.0000e+00 8.9774e+04 0.0000e+00
1.4300e+03 1.1496e-11 8.2266e-01 1.6102e+03 1.8567e+03 2.1600e+03 4.9345e+17 6.3647e+17 6.3647e+17 4.6287e-02 0.0000e+00 9.0102e+04 0.0000e+00
1.4400e+03 1.1445e-11 8.2233e-01 1.6095e+03 1.8559e+03 2.1600e+03 4.9795e+17 6.4233e+17 6.4233e+17 4.6098e-02 0.0000e+00 9.0430e+04 0.0000e+00
1.4500e+03 1.1393e-11 8.2201e-01 1.6089e+03 1.8552e+03 2.1600e+03 5.0248e+17 6.4824e+17 6.4824e+17 4.5909e-02 0.0000e+00 9.0758e+04 0.0000e+00
1.4600e+03 1.1343e-11 8.2168e-01 1.6082e+03 1.8544e+03 2.1600e+03 5.0704e+17 6.5420e+17 6.5420e+17 4.5722e-02 0.0000e+00 9.1087e+04 0.0000e+00
1.4700e+03 1.1292e-11 8.2136e-01 1.6076e+03 1.8537e+03 2.1600e+03 5.1164e+17 6.6020e+17 6.6020e+17 4.5536e-02 0.0000e+00 9.1417e+04 0.0000e+00
1.4800e+03 1.1242e-11 8.2104e-01 1.6069e+03 1.8530e+03 2.1600e+03 5.1627e+17 6.6624e+17 6.6624e+17 4.5350e-02 0.0000e+00 9.1748e+04 0.0000e+00
1.4900e+03 1.1192e-11 8.2072e-01 1.6063e+03 1.8522e+03 2.1600e+03 5.2094e+17 6.7234e+17 6.7234e+17 4.5166e-02 0.0000e+00 9.2079e+04 0.0000e+00
1.5000e+03 1.1142e-11 8.2040e-01 1.6056e+03 1.8515e+03 2.1600e+03 5.2564e+17 6.7847e+17 6.7847e+17 4.4983e-02 0.0000e+00 9.2411e+04 0.0000e+00
1.5100e+03 1.1092e-11 8.2009e-01 1.6050e+03 1.8507e+03 2.1600e+03 5.3038e+17 6.8466e+17 6.8466e+17 4.4801e-02 0.0000e+00 9.2744e+04 0.0000e+00
1.5200e+03 1.1043e-11 8.1977e-01 1.6044e+03 1.8500e+03 2.1600e+03 5.3516e+17 6.9089e+17 6.9089e+17 4.4620e-02 0.0000e+00 9.3077e+04 0.0000e+00
1.5300e+03 1.0995e-11 8.1946e-01 1.6037e+03 1.8493e+03 2.1600e+03 5.3997e+17 6.9717e+17 6.9717e+17 4.4440e-02 0.0000e+00 9.3412e+04 0.0000e+00
1.5400e+03 1.0946e-11 8.1915e-01 1.6031e+03 1.8485e+03 2.1600e+03 5.4481e+17 7.0350e+17 7.0350e+17 4.4261e-02 0.0000e+00 9.3746e+04 0.0000e+00
1.5500e+03 1.0898e-11 8.1884e-01 1.6025e+03 1.8478e+03 2.1600e+03 5.4969e+17 7.0988e+17 7.0988e+17 4.4083e-02 0.0000e+00 9.4082e+04 0.0000e+00
1.5600e+03 1.0850e-11 8.1853e-01 1.6018e+03 1.8471e+03 2.1600e+03 5.5461e+17 7.1630e+17 7.1630e+17 4.3906e-02 0.0000e+00 9.4418e+04 0.0000e+00
1.5700e+03 1.0803e-11 8.1822e-01 1.6012e+03 1.8463e+03 2.1600e+03 5.5957e+17 7.2277e+17 7.2277e+17 4.3730e-02 0.0000e+00 9.4754e+04 0.0000e+00
1.5800e+03 1.0755e-11 8.1792e-01 1.6006e+03 1.8456e+03 2.1600e+03 5.6456e+17 7.2929e+17 7.2929e+17 4.3555e-02 0.0000e+00 9.5092e+04 0.0000e+00
1.5900e+03 1.0708e-11 8.1761e-01 1.5999e+03 1.8449e+03 2.1600e+03 5.6958e+17 7.3586e+17 7.3586e+17 4.3381e-02 0.0000e+00 9.5430e+04 0.0000e+00
1.6000e+03 1.0662e-11 8.1731e-01 1.5993e+03 1.8442e+03 2.1600e+03 5.7465e+17 7.4248e+17 7.4248e+17 4.3208e-02 0.0000e+00 9.5768e+04 0.0000e+00
1.6100e+03 1.0615e-11 8.1701e-01 1.5987e+03 1.8434e+03 2.1600e+03 5.7975e+17 7.4915e+17 7.4915e+17 4.3036e-02 0.0000e+00 9.6107e+04 0.0000e+00
1.6200e+03 1.0569e-11 8.1671e-01 1.5981e+03 1.8427e+03 2.1600e+03 5.8489e+17 7.5586e+17 7.5586e+17 4.2864e-02 0.0000e+00 9.6447e+04 0.0000e+00
1.6300e+03 1.0523e-11 8.1641e-01 1.5974e+03 1.8420e+03 2.1600e+03 5.9007e+17 7.6263e+17 7.6263e+17 4.2694e-02 0.0000e+00 9.6788e+04 0.0000e+00
1.6400e+03 1.0478e-11 8.1611e-01 1.5968e+03 1.8413e+03 2.1600e+03 5.9528e+17 7.6944e+17 7.6944e+17 4.2525e-02 0.0000e+00 9.7129e+04 0.0000e+00
1.6500e+03 1.0433e-11 8.1582e-01 1.5962e+03 1.8406e+03 2.1600e+03 6.0053e+17 7.7631e+17 7.7631e+17 4.2357e-02 0.0000e+00 9.7471e+04 0.0000e+00
1.6600e+03 1.0388e-11 8.1552e-01 1.5956e+03 1.8398e+03 2.1600e+03 6.0582e+17 7.8322e+17 7.8322e+17 4.2190e-02 0.0000e+00 9.7814e+04 0.0000e+00
1.6700e+03 1.0343e-11 8.1523e-01 1.5950e+03 1.8391e+03 2.1600e+03 6.1115e+17 7.9019e+17 7.9019e+17 4.2023e-02 0.0000e+00 9.8157e+04 0.0000e+00
1.6800e+03 1.0299e-11 8.1493e-01 1.5943e+03 1.8384e+03 2.1600e+03 6.1651e+17 7.9721e+17 7.9721e+17 4.1858e-02 0.0000e+00 9.8500e+04 0.0000e+00
1.6900e+03 1.0255e-11 8.1464e-01 1.5937e+03 1.8377e+03 2.1600e+03 6.2192e+17 8.0428e+17 8.0428e+17 4.1693e-02 0.0000e+00 9.8845e+04 0.0000e+00
1.7000e+03 1.0211e-11 8.1435e-01 1.5931e+03 1.8370e+03 2.1600e+03 6.2736e+17 8.1140e+17 8.1140e+17 4.1530e-02 0.0000e+00 9.9190e+04 0.0000e+00
1.7100e+03 1.0167e-11 8.1407e-01 1.5925e+03 1.8363e+03 2.1600e+03 6.3284e+17 8.1857e+17 8.1857e+17 4.1367e-02 0.0000e+00 9.9535e+04 0.0000e+00
1.7200e+03 1.0124e-11 8.1378e-01 1.5919e+03 1.8356e+03 2.1600e+03 6.3836e+17 8.2579e+17 8.2579e+17 4.1205e-02 0.0000e+00 9.9882e+04 0.0000e+00
1.7300e+03 1.0081e-11 8.1349e-01 1.5913e+03 1.8349e+03 2.1600e+03 6.4392e+17 8.3306e+17 8.3306e+17 4.1045e-02 0.0000e+00 1.0023e+05 0.0000e+00
1.7400e+03 1.0038e-11 8.1321e-01 1.5907e+03 1.8342e+03 2.1600e+03 6.4952e+17 8.4039e+17 8.4039e+17 4.0885e-02 0.0000e+00 1.0058e+05 0.0000e+00
1.7500e+03 9.9954e-12 8.1293e-01 1.5901e+03 1.8335e+03 2.1600e+03 6.5516e+17 8.4777e+17 8.4777e+17 4.0726e-02 0.0000e+00 1.0092e+05 0.0000e+00
1.7600e+03 9.9531e-12 8.1264e-01 1.5895e+03 1.8328e+03 2.1600e+03 6.6084e+17 8.5520e+17 8.5520e+17 4.0567e-02 0.0000e+00 1.0127e+05 0.0000e+00
1.7700e+03 9.9111e-12 8.1236e-01 1.5889e+03 1.8321e+03 2.1600e+03 6.6656e+17 8.6269e+17 8.6269e+17 4.0410e-02 0.0000e+00 1.0162e+05 0.0000e+00
1.7800e+03 9.8693e-12 8.1208e-01 1.5883e+03 1.8314e+03 2.1600e+03 6.7232e+17 8.7022e+17 8.7022e+17 4.0254e-02 0.0000e+00 1.0197e+05 0.0000e+00
1.7900e+03 9.8278e-12 8.1180e-01 1.5877e+03 1.8307e+03 2.1600e+03 6.7812e+17 8.7781e+17 8.7781e+17 4.0098e-02 0.0000e+00 1.0232e+05 0.0000e+00
1.8000e+03 9.7866e-12 8.1153e-01 1.5871e+03 1.8300e+03 2.1600e+03 6.8396e+17 8.8546e+17 8.8546e+17 3.9944e-02 0.0000e+00 1.0267e+05 0.0000e+00
1.8100e+03 9.7456e-12 8.1125e-01 1.5865e+03 1.8293e+03 2.1600e+03 6.8984e+17 8.9316e+17 8.9316e+17 3.9790e-02 0.0000e+00 1.0303e+05 0.0000e+00
1.8200e+03 9.7049e-12 8.1098e-01 1.5859e+03 1.8287e+03 2.1600e+03 6.9576e+17 9.0091e+17 9.0091e+17 3.9637e-02 0.0000e+00 1.0338e+05 0.0000e+00
1.8300e+03 9.6644e-12 8.1070e-01 1.5853e+03 1.8280e+03 2.1600e+03 7.0172e+17 9.0872e+17 9.0872e+17 3.9485e-02 0.0000e+00 1.0373e+05 0.0000e+00
1.8400e+03 9.6241e-12 8.1043e-01 1.5847e+03 1.8273e+03 2.1600e+03 7.0772e+17 9.1658e+17 9.1658e+17 3.9334e-02 0.0000e+00 1.0408e+05 0.0000e+00
1.8500e+03 9.5841e-12 8.1016e-01 1.5841e+03 1.8266e+03 2.1600e+03 7.1376e+17 9.2450e+17 9.2450e+17 3.9183e-02 0.0000e+00 1.0444e+05 0.0000e+00
1.8600e+03 9.5444e-12 8.0989e-01 1.5835e+03 1.8259e+03 2.1600e+03 7.1985e+17 9.3247e+17 9.3247e+17 3.9034e-02 0.0000e+00 1.0479e+05 0.0000e+00
1.8700e+03 9.5048e-12 8.0962e-01 1.5829e+03 1.8252e+03 2.1600e+03 7.2598e+17 9.4050e+17 9.4050e+17 3.8885e-02 0.0000e+00 1.0515e+05 0.0000e+00
1.8800e+03 9.4656e-12 8.0935e-01 1.5823e+03 1.8246e+03 2.1600e+03 7.3215e+17 9.4858e+17 9.4858e+17 3.8737e-02 0.0000e+00 1.0550e+05 0.0000e+00
1.8900e+03 9.4265e-12 8.0909e-01 1.5817e+03 1.8239e+03 2.1600e+03 7.3836e+17 9.5672e+17 9.5672e+17 3.8590e-02 0.0000e+00 1.0586e+05 0.0000e+00
1.9000e+03 9.3877e-12 8.0882e-01 1.5811e+03 1.8232e+03 2.1600e+03 7.4461e+17 9.6491e+17 9.6491e+17 3.8444e-02 0.0000e+00 1.0622e+05 0.0000e+00
1.9100e+03 9.3491e-12 8.0856e-01 1.5806e+03 1.8225e+03 2.1600e+03 7.5091e+17 9.7317e+17 9.7317e+17 3.8298e-02 0.0000e+00 1.0658e+05 0.0000e+00
1.9200e+03 9.3108e-12 8.0829e-01 1.5800e+03 1.8219e+03 2.1600e+03 7.5724e+17 9.8147e+17 9.8147e+17 3.8154e-02 0.0000e+00 1.0693e+05 0.0000e+00
1.9300e+03 9.2727e-12 8.0803e-01 1.5794e+03 1.8212e+03 2.1600e+03 7.6362e+17 9.8984e+17 9.8984e+17 3.8010e-02 0.0000e+00 1.0729e+05 0.0000e+00
1.9400e+03 9.2348e-12 8.0777e-01 1.5788e+03 1.8205e+03 2.1600e+03 7.7005e+17 9.9826e+17 9.9826e+17 3.7867e-02 0.0000e+00 1.0765e+05 0.0000e+00
1.9500e+03 9.1972e-12 8.0751e-01 1.5782e+03 1.8199e+03 2.1600e+03 7.7652e+17 1.0067e+18 1.0067e+18 3.7725e-02 0.0000e+00 1.0801e+05 0.0000e+00
1.9600e+03 9.1597e-12 8.0725e-01 1.5777e+03 1.8192e+03 2.1600e+03 7.8303e+17 1.0153e+18 1.0153e+18 3.7583e-02 0.0000e+00 1.0837e+05 0.0000e+00
1.9700e+03 9.1226e-12 8.0699e-01 1.5771e+03 1.8185e+03 2.1600e+03 7.8958e+17 1.0239e+18 1.0239e+18 3.7443e-02 0.0000e+00 1.0873e+05 0.0000e+00
1.9800e+03 9.0856e-12 8.0674e-01 1.5765e+03 1.8179e+03 2.1600e+03 7.9618e+17 1.0325e+18 1.0325e+18 3.7303e-02 0.0000e+00 1.0910e+05 0.0000e+00
1.9900e+03 9.0488e-12 8.0648e-01 1.5759e+03 1.8172e+03 2.1600e+03 8.0282e+17 1.0412e+18 1.0412e+18 3.7164e-02 0.0000e+00 1.0946e+05 0.0000e+00
2.0000e+03 9.0123e-12 8.0623e-01 1.5754e+03 1.8166e+03 2.1600e+03 8.0950e+17 1.0500e+18 1.0500e+18 3.7025e-02 0.0000e+00 1.0982e+05 0.0000e+00
2.0100e+03 8.9760e-12 8.0597e-01 1.5748e+03 1.8159e+03 2.1600e+03 8.1623e+17 1.0588e+18 1.0588e+18 3.6888e-02 0.0000e+00 1.1018e+05 0.0000e+00
2.0200e+03 8.9399e-12 8.0572e-01 1.5742e+03 1.8153e+03 2.1600e+03 8.2301e+17 1.0677e+18 1.0677e+18 3.6751e-02 0.0000e+00 1.1055e+05 0.0000e+00
2.0300e+03 8.9040e-12 8.0547e-01 1.5737e+03 1.8146e+03 2.1600e+03 8.2983e+17 1.0767e+18 1.0767e+18 3.6615e-02 0.0000e+00 1.1091e+05 0.0000e+00
2.0400e+03 8.8683e-12 8.0522e-01 1.5731e+03 1.8139e+03 2.1600e+03 8.3669e+17 1.0857e+18 1.0857e+18 3.6479e-02 0.0000e+00 1.1128e+05 0.0000e+00
2.0500e+03 8.8329e-12 8.0497e-01 1.5725e+03 1.8133e+03 2.1600e+03 8.4360e+17 1.0947e+18 1.0947e+18 3.6345e-02 0.0000e+00 1.1164e+05 0.0000e+00
2.0600e+03 8.7976e-12 8.0472e-01 1.5720e+03 1.8126e+03 2.1600e+03 8.5055e+17 1.1039e+18 1.1039e+18 3.6211e-02 0.0000e+00 1.1201e+05 0.0000e+00
2.0700e+03 8.7626e-12 8.0448e-01 1.5714e+03 1.8120e+03 2.1600e+03 8.5755e+17 1.1131e+18 1.1131e+18 3.6078e-02 0.0000e+00 1.1238e+05 0.0000e+00
2.0800e+03 8.7278e-12 8.0423e-01 1.5709e+03 1.8114e+03 2.1600e+03 8.6460e+17 1.1223e+18 1.1223e+18 3.5945e-02 0.0000e+00 1.1274e+05 0.0000e+00
2.0900e+03 8.6932e-12 8.0399e-01 1.5703e+03 1.8107e+03 2.1600e+03 8.7169e+17 1.1316e+18 1.1316e+18 3.5814e-02 0.0000e+00 1.1311e+05 0.0000e+00
2.1000e+03 8.6587e-12 8.0374e-01 1.5697e+03 1.8101e+03 2.1600e+03 8.7882e+17 1.1410e+18 1.1410e+18 3.5683e-02 0.0000e+00 1.1348e+05 0.0000e+00
2.1100e+03 8.6245e-12 8.0350e-01 1.5692e+03 1.8094e+03 2.1600e+03 8.8600e+17 1.1504e+18 1.1504e+18 3.5552e-02 0.0000e+00 1.1385e+05 0.0000e+00
2.1200e+03 8.5905e-12 8.0326e-01 1.5686e+03 1.8088e+03 2.1600e+03 8.9323e+17 1.1599e+18 1.1599e+18 3.5423e-02 0.0000e+00 1.1422e+05 0.0000e+00
2.1300e+03 8.5567e-12 8.0302e-01 1.5681e+03 1.8082e+03 2.1600e+03 9.0051e+17 1.1695e+18 1.1695e+18 3.5294e-02 0.0000e+00 1.1459e+05 0.0000e+00
2.1400e+03 8.5231e-12 8.0278e-01 1.5675e+03 1.8075e+03 2.1600e+03 9.0783e+17 1.1791e+18 1.1791e+18 3.5166e-02 0.0000e+00 1.1496e+05 0.0000e+00
2.1500e+03 8.4897e-12 8.0254e-01 1.5670e+03 1.8069e+03 2.1600e+03 9.1520e+17 1.1888e+18 1.1888e+18 3.5038e-02 0.0000e+00 1.1533e+05 0.0000e+00
2.1600e+03 8.4565e-12 8.0230e-01 1.5664e+03 1.8062e+03 2.1600e+03 9.2261e+17 1.1985e+18 1.1985e+18 3.4912e-02 0.0000e+00 1.1570e+05 0.0000e+00
2.1700e+03 8.4235e-12 8.0207e-01 1.5659e+03 1.8056e+03 2.1600e+03 9.3007e+17 1.2083e+18 1.2083e+18 3.4786e-02 0.0000e+00 1.1607e+05 0.0000e+00
2.1800e+03 8.3907e-12 8.0183e-01 1.5653e+03 1.8050e+03 2.1600e+03 9.3758e+17 1.2182e+18 1.2182e+18 3.4660e-02 0.0000e+00 1.1645e+05 0.0000e+00
2.1900e+03 8.3580e-12 8.0160e-01 1.5648e+03 1.8044e+03 2.1600e+03 9.4514e+17 1.2281e+18 1.2281e+18 3.4535e-02 0.0000e+00 1.1682e+05 0.0000e+00
2.2000e+03 8.3256e-12 8.0137e-01 1.5643e+03 1.8037e+03 2.1600e+03 9.5274e+17 1.2381e+18 1.2381e+18 3.4411e-02 0.0000e+00 1.1719e+05 0.0000e+00
2.2100e+03 8.2933e-12 8.0113e-01 1.5637e+03 1.8031e+03 2.1600e+03 9.6040e+17 1.2481e+18 1.2481e+18 3.4288e-02 0.0000e+00 1.1757e+05 0.0000e+00
2.2200e+03 8.2613e-12 8.0090e-01 1.5632e+03 1.8025e+03 2.1600e+03 9.6810e+17 1.2583e+18 1.2583e+18 3.4165e-02 0.0000e+00 1.1794e+05 0.0000e+00
2.2300e+03 8.2294e-12 8.0067e-01 1.5626e+03 1.8019e+03 2.1600e+03 9.7584e+17 1.2685e+18 1.2685e+18 3.4043e-02 0.0000e+00 1.1832e+05 0.0000e+00
2.2400e+03 8.1977e-12 8.0045e-01 1.5621e+03 1.8012e+03 2.1600e+03 9.8364e+17 1.2787e+18 1.2787e+18 3.3922e-02 0.0000e+00 1.1869e+05 0.0000e+00
2.2500e+03 8.1662e-12 8.0022e-01 1.5616e+03 1.8006e+03 2.1600e+03 9.9149e+17 1.2890e+18 1.2890e+18 3.3801e-02 0.0000e+00 1.1907e+05 0.0000e+00
2.2600e+03 8.1349e-12 7.9999e-01 1.5610e+03 1.8000e+03 2.1600e+03 9.9938e+17 1.2994e+18 1.2994e+18 3.3681e-02 0.0000e+00 1.1945e+05 0.0000e+00
2.2700e+03 8.1038e-12 7.9977e-01 1.5605e+03 1.7994e+03 2.1600e+03 1.0073e+18 1.3098e+18 1.3098e+18 3.3562e-02 0.0000e+00 1.1982e+05 0.0000e+00
2.2800e+03 8.0728e-12 7.9954e-01 1.5599e+03 1.7988e+03 2.1600e+03 1.0153e+18 1.3204e+18 1.3204e+18 3.3443e-02 0.0000e+00 1.2020e+05 0.0000e+00
2.2900e+03 8.0421e-12 7.9932e-01 1.5594e+03 1.7982e+03 2.1600e+03 1.0234e+18 1.3309e+18 1.3309e+18 3.3325e-02 0.0000e+00 1.2058e+05 0.0000e+00
2.3000e+03 8.0115e-12 7.9910e-01 1.5589e+03 1.7975e+03 2.1600e+03 1.0315e+18 1.3416e+18 1.3416e+18 3.3207e-02 0.0000e+00 1.2096e+05 0.0000e+00
2.3100e+03 7.9811e-12 7.9887e-01 1.5584e+03 1.7969e+03 2.1600e+03 1.0396e+18 1.3523e+18 1.3523e+18 3.3090e-02 0.0000e+00 1.2134e+05 0.0000e+00
2.3200e+03 7.9508e-12 7.9865e-01 1.5578e+03 1.7963e+03 2.1600e+03 1.0478e+18 1.3631e+18 1.3631e+18 3.2974e-02 0.0000e+00 1.2172e+05 0.0000e+00
2.3300e+03 7.9208e-12 7.9843e-01 1.5573e+03 1.7957e+03 2.1600e+03 1.0560e+18 1.3739e+18 1.3739e+18 3.2858e-02 0.0000e+00 1.2210e+05 0.0000e+00
2.3400e+03 7.8909e-12 7.9822e-01 1.5568e+03 1.7951e+03 2.1600e+03 1.0643e+18 1.3848e+18 1.3848e+18 3.2743e-02 0.0000e+00 1.2248e+05 0.0000e+00
2.3500e+03 7.8612e-12 7.9800e-01 1.5563e+03 1.7945e+03 2.1600e+03 1.0727e+18 1.3958e+18 1.3958e+18 3.2629e-02 0.0000e+00 1.2286e+05 0.0000e+00
2.3600e+03 7.8316e-12 7.9778e-01 1.5557e+03 1.7939e+03 2.1600e+03 1.0811e+18 1.4068e+18 1.4068e+18 3.2515e-02 0.0000e+00 1.2324e+05 0.0000e+00
2.3700e+03 7.8023e-12 7.9757e-01 1.5552e+03 1.7933e+03 2.1600e+03 1.0895e+18 1.4180e+18 1.4180e+18 3.2402e-02 0.0000e+00 1.2362e+05 0.0000e+00
2.3800e+03 7.7731e-12 7.9735e-01 1.5547e+03 1.7927e+03 2.1600e+03 1.0980e+18 1.4291e+18 1.4291e+18 3.2289e-02 0.0000e+00 1.2401e+05 0.0000e+00
2.3900e+03 7.7440e-12 7.9714e-01 1.5542e+03 1.7921e+03 2.1600e+03 1.1065e+18 1.4404e+18 1.4404e+18 3.2177e-02 0.0000e+00 1.2439e+05 0.0000e+00
2.4000e+03 7.7151e-12 7.9693e-01 1.5537e+03 1.7915e+03 2.1600e+03 1.1151e+18 1.4517e+18 1.4517e+18 3.2066e-02 0.0000e+00 1.2477e+05 0.0000e+00
2.4100e+03 7.6864e-12 7.9672e-01 1.5531e+03 1.7909e+03 2.1600e+03 1.1238e+18 1.4631e+18 1.4631e+18 3.1955e-02 0.0000e+00 1.2516e+05 0.0000e+00
2.4200e+03 7.6579e-12 7.9651e-01 1.5526e+03 1.7903e+03 2.1600e+03 1.1325e+18 1.4745e+18 1.4745e+18 3.1845e-02 0.0000e+00 1.2554e+05 0.0000e+00
2.4300e+03 7.6295e-12 7.9630e-01 1.5521e+03 1.7897e+03 2.1600e+03 1.1412e+18 1.4861e+18 1.4861e+18 3.1735e-02 0.0000e+00 1.2593e+05 0.0000e+00
2.4400e+03 7.6013e-12 7.9609e-01 1.5516e+03 1.7891e+03 2.1600e+03 1.1500e+18 1.4977e+18 1.4977e+18 3.1626e-02 0.0000e+00 1.2631e+05 0.0000e+00
2.4500e+03 7.5733e-12 7.9588e-01 1.5511e+03 1.7885e+03 2.1600e+03 1.1589e+18 1.5093e+18 1.5093e+18 3.1518e-02 0.0000e+00 1.2670e+05 0.0000e+00
2.4600e+03 7.5454e-12 7.9568e-01 1.5506e+03 1.7880e+03 2.1600e+03 1.1678e+18 1.5211e+18 1.5211e+18 3.1410e-02 0.0000e+00 1.2709e+05 0.0000e+00
2.4700e+03 7.5177e-12 7.9547e-01 1.5501e+03 1.7874e+03 2.1600e+03 1.1768e+18 1.5329e+18 1.5329e+18 3.1302e-02 0.0000e+00 1.2747e+05 0.0000e+00
2.4800e+03 7.4901e-12 7.9527e-01 1.5496e+03 1.7868e+03 2.1600e+03 1.1858e+18 1.5447e+18 1.5447e+18 3.1196e-02 0.0000e+00 1.2786e+05 0.0000e+00
2.4900e+03 7.4627e-12 7.9506e-01 1.5490e+03 1.7862e+03 2.1600e+03 1.1948e+18 1.5567e+18 1.5567e+18 3.1089e-02 0.0000e+00 1.2825e+05 0.0000e+00
2.5000e+03 7.4354e-12 7.9486e-01 1.5485e+03 1.7856e+03 2.1600e+03 1.2040e+18 1.5687e+18 1.5687e+18 3.0984e-02 0.0000e+00 1.2864e+05 0.0000e+00
2.5100e+03 7.4083e-12 7.9466e-01 1.5480e+03 1.7850e+03 2.1600e+03 1.2131e+18 1.5808e+18 1.5808e+18 3.0879e-02 0.0000e+00 1.2903e+05 0.0000e+00
2.5200e+03 7.3814e-12 7.9446e-01 1.5475e+03 1.7845e+03 2.1600e+03 1.2224e+18 1.5930e+18 1.5930e+18 3.0774e-02 0.0000e+00 1.2941e+05 0.0000e+00
2.5300e+03 7.3546e-12 7.9426e-01 1.5470e+03 1.7839e+03 2.1600e+03 1.2316e+18 1.6052e+18 1.6052e+18 3.0670e-02 0.0000e+00 1.2980e+05 0.0000e+00
2.5400e+03 7.3279e-12 7.9406e-01 1.5465e+03 1.7833e+03 2.1600e+03 1.2410e+18 1.6175e+18 1.6175e+18 3.0566e-02 0.0000e+00 1.3019e+05 0.0000e+00
2.5500e+03 7.3014e-12 7.9387e-01 1.5460e+03 1.7827e+03 2.1600e+03 1.2504e+18 1.6299e+18 1.6299e+18 3.0464e-02 0.0000e+00 1.3059e+05 0.0000e+00
2.5600e+03 7.2751e-12 7.9367e-01 1.5455e+03 1.7821e+03 2.1600e+03 1.2598e+18 1.6423e+18 1.6423e+18 3.0361e-02 0.0000e+00 1.3098e+05 0.0000e+00
2.5700e+03 7.2489e-12 7.9348e-01 1.5450e+03 1.7816e+03 2.1600e+03 1.2693e+18 1.6548e+18 1.6548e+18 3.0259e-02 0.0000e+00 1.3137e+05 0.0000e+00
2.5800e+03 7.2229e-12 7.9328e-01 1.5445e+03 1.7810e+03 2.1600e+03 1.2789e+18 1.6674e+18 1.6674e+18 3.0158e-02 0.0000e+00 1.3176e+05 0.0000e+00
2.5900e+03 7.1970e-12 7.9309e-01 1.5440e+03 1.7804e+03 2.1600e+03 1.2885e+18 1.6801e+18 1.6801e+18 3.0057e-02 0.0000e+00 1.3215e+05 0.0000e+00
2.6000e+03 7.1712e-12 7.9290e-01 1.5436e+03 1.7799e+03 2.1600e+03 1.2981e+18 1.6929e+18 1.6929e+18 2.9957e-02 0.0000e+00 1.3255e+05 0.0000e+00
2.6100e+03 7.1456e-12 7.9271e-01 1.5431e+03 1.7793e+03 2.1600e+03 1.3078e+18 1.7057e+18 1.7057e+18 2.9857e-02 0.0000e+00 1.3294e+05 0.0000e+00
2.6200e+03 7.1202e-12 7.9252e-01 1.5426e+03 1.7787e+03 2.1600e+03 1.3176e+18 1.7186e+18 1.7186e+18 2.9758e-02 0.0000e+00 1.3333e+05 0.0000e+00
2.6300e+03 7.0948e-12 7.9233e-01 1.5421e+03 1.7782e+03 2.1600e+03 1.3274e+18 1.7315e+18 1.7315e+18 2.9659e-02 0.0000e+00 1.3373e+05 0.0000e+00
2.6400e+03 7.0697e-12 7.9214e-01 1.5416e+03 1.7776e+03 2.1600e+03 1.3373e+18 1.7446e+18 1.7446e+18 2.9561e-02 0.0000e+00 1.3412e+05 0.0000e+00
2.6500e+03 7.0446e-12 7.9195e-01 1.5411e+03 1.7770e+03 2.1600e+03 1.3473e+18 1.7577e+18 1.7577e+18 2.9463e-02 0.0000e+00 1.3452e+05 0.0000e+00
2.6600e+03 7.0197e-12 7.9177e-01 1.5406e+03 1.7765e+03 2.1600e+03 1.3573e+18 1.7709e+18 1.7709e+18 2.9366e-02 0.0000e+00 1.3491e+05 0.0000e+00
2.6700e+03 6.9950e-12 7.9158e-01 1.5401e+03 1.7759e+03 2.1600e+03 1.3673e+18 1.7841e+18 1.7841e+18 2.9269e-02 0.0000e+00 1.3531e+05 0.0000e+00
2.6800e+03 6.9704e-12 7.9140e-01 1.5396e+03 1.7754e+03 2.1600e+03 1.3774e+18 1.7975e+18 1.7975e+18 2.9173e-02 0.0000e+00 1.3571e+05 0.0000e+00
2.6900e+03 6.9459e-12 7.9122e-01 1.5392e+03 1.7748e+03 2.1600e+03 1.3876e+18 1.8109e+18 1.8109e+18 2.9077e-02 0.0000e+00 1.3610e+05 0.0000e+00
2.7000e+03 6.9215e-12 7.9103e-01 1.5387e+03 1.7742e+03 2.1600e+03 1.3978e+18 1.8244e+18 1.8244e+18 2.8982e-02 0.0000e+00 1.3650e+05 0.0000e+00
2.7100e+03 6.8973e-12 7.9085e-01 1.5382e+03 1.7737e+03 2.1600e+03 1.4081e+18 1.8379e+18 1.8379e+18 2.8887e-02 0.0000e+00 1.3690e+05 0.0000e+00
2.7200e+03 6.8733e-12 7.9067e-01 1.5377e+03 1.7731e+03 2.1600e+03 1.4184e+18 1.8516e+18 1.8516e+18 2.8793e-02 0.0000e+00 1.3730e+05 0.0000e+00
2.7300e+03 6.8493e-12 7.9049e-01 1.5372e+03 1.7726e+03 2.1600e+03 1.4288e+18 1.8653e+18 1.8653e+18 2.8699e-02 0.0000e+00 1.3770e+05 0.0000e+00
2.7400e+03 6.8255e-12 7.9032e-01 1.5368e+03 1.7720e+03 2.1600e+03 1.4393e+18 1.8791e+18 1.8791e+18 2.8606e-02 0.0000e+00 1.3809e+05 0.0000e+00
2.7500e+03 6.8018e-12 7.9014e-01 1.5363e+03 1.7715e+03 2.1600e+03 1.4498e+18 1.8930e+18 1.8930e+18 2.8513e-02 0.0000e+00 1.3849e+05 0.0000e+00
2.7600e+03 6.7783e-12 7.8996e-01 1.5358e+03 1.7709e+03 2.1600e+03 1.4603e+18 1.9069e+18 1.9069e+18 2.8421e-02 0.0000e+00 1.3889e+05 0.0000e+00
2.7700e+03 6.7549e-12 7.8979e-01 1.5353e+03 1.7704e+03 2.1600e+03 1.4709e+18 1.9209e+18 1.9209e+18 2.8329e-02 0.0000e+00 1.3929e+05 0.0000e+00
2.7800e+03 6.7316e-12 7.8961e-01 1.5349e+03 1.7699e+03 2.1600e+03 1.4816e+18 1.9350e+18 1.9350e+18 2.8237e-02 0.0000e+00 1.3970e+05 0.0000e+00
2.7900e+03 6.7084e-12 7.8944e-01 1.5344e+03 1.7693e+03 2.1600e+03 1.4924e+18 1.9492e+18 1.9492e+18 2.8146e-02 0.0000e+00 1.4010e+05 0.0000e+00
2.8000e+03 6.6854e-12 7.8927e-01 1.5339e+03 1.7688e+03 2.1600e+03 1.5032e+18 1.9635e+18 1.9635e+18 2.8056e-02 0.0000e+00 1.4050e+05 0.0000e+00
2.8100e+03 6.6625e-12 7.8910e-01 1.5335e+03 1.7682e+03 2.1600e+03 1.5140e+18 1.9778e+18 1.9778e+18 2.7966e-02 0.0000e+00 1.4090e+05 0.0000e+00
2.8200e+03 6.6397e-12 7.8893e-01 1.5330e+03 1.7677e+03 2.1600e+03 1.5249e+18 1.9923e+18 1.9923e+18 2.7876e-02 0.0000e+00 1.4130e+05 0.0000e+00
2.8300e+03 6.6171e-12 7.8876e-01 1.5325e+03 1.7671e+03 2.1600e+03 1.5359e+18 2.0068e+18 2.0068e+18 2.7787e-02 0.0000e+00 1.4171e+05 0.0000e+00
2.8400e+03 6.5946e-12 7.8859e-01 1.5321e+03 1.7666e+03 2.1600e+03 1.5469e+18 2.0213e+18 2.0213e+18 2.7698e-02 0.0000e+00 1.4211e+05 0.0000e+00
2.8500e+03 6.5722e-12 7.8842e-01 1.5316e+03 1.7661e+03 2.1600e+03 1.5580e+18 2.0360e+18 2.0360e+18 2.7610e-02 0.0000e+00 1.4251e+05 0.0000e+00
2.8600e+03 6.5499e-12 7.8826e-01 1.5311e+03 1.7655e+03 2.1600e+03 1.5692e+18 2.0507e+18 2.0507e+18 2.7522e-02 0.0000e+00 1.4292e+05 0.0000e+00
2.8700e+03 6.5278e-12 7.8809e-01 1.5307e+03 1.7650e+03 2.1600e+03 1.5804e+18 2.0655e+18 2.0655e+18 2.7435e-02 0.0000e+00 1.4332e+05 0.0000e+00
2.8800e+03 6.5057e-12 7.8793e-01 1.5302e+03 1.7645e+03 2.1600e+03 1.5917e+18 2.0804e+18 2.0804e+18 2.7348e-02 0.0000e+00 1.4373e+05 0.0000e+00
2.8900e+03 6.4838e-12 7.8776e-01 1.5297e+03 1.7639e+03 2.1600e+03 1.6030e+18 2.0954e+18 2.0954e+18 2.7262e-02 0.0000e+00 1.4413e+05 0.0000e+00
2.9000e+03 6.4620e-12 7.8760e-01 1.5293e+03 1.7634e+03 2.1600e+03 1.6144e+18 2.1105e+18 2.1105e+18 2.7176e-02 0.0000e+00 1.4454e+05 0.0000e+00
2.9100e+03 6.4403e-12 7.8744e-01 1.5288e+03 1.7629e+03 2.1600e+03 1.6258e+18 2.1256e+18 2.1256e+18 2.7090e-02 0.0000e+00 1.4494e+05 0.0000e+00
2.9200e+03 6.4188e-12 7.8728e-01 1.5284e+03 1.7624e+03 2.1600e+03 1.6373e+18 2.1408e+18 2.1408e+18 2.7005e-02 0.0000e+00 1.4535e+05 0.0000e+00
2.9300e+03 6.3974e-12 7.8712e-01 1.5279e+03 1.7618e+03 2.1600e+03 1.6489e+18 2.1561e+18 2.1561e+18 2.6920e-02 0.0000e+00 1.4575e+05 0.0000e+00
2.9400e+03 6.3760e-12 7.8696e-01 1.5275e+03 1.7613e+03 2.1600e+03 1.6605e+18 2.1715e+18 2.1715e+18 2.6836e-02 0.0000e+00 1.4616e+05 0.0000e+00
2.9500e+03 6.3548e-12 7.8680e-01 1.5270e+03 1.7608e+03 2.1600e+03 1.6722e+18 2.1870e+18 2.1870e+18 2.6752e-02 0.0000e+00 1.4657e+05 0.0000e+00
2.9600e+03 6.3337e-12 7.8665e-01 1.5266e+03 1.7603e+03 2.1600e+03 1.6840e+18 2.2025e+18 2.2025e+18 2.6669e-02 0.0000e+00 1.4698e+05 0.0000e+00
2.9700e+03 6.3128e-12 7.8649e-01 1.5261e+03 1.7597e+03 2.1600e+03 1.6958e+18 2.2182e+18 2.2182e+18 2.6585e-02 0.0000e+00 1.4739e+05 0.0000e+00
2.9800e+03 6.2919e-12 7.8634e-01 1.5257e+03 1.7592e+03 2.1600e+03 1.7077e+18 2.2339e+18 2.2339e+18 2.6503e-02 0.0000e+00 1.4779e+05 0.0000e+00
2.9900e+03 6.2712e-12 7.8618e-01 1.5252e+03 1.7587e+03 2.1600e+03 1.7196e+18 2.2497e+18 2.2497e+18 2.6421e-02 0.0000e+00 1.4820e+05 0.0000e+00
3.0000e+03 6.2505e-12 7.8603e-01 1.5248e+03 1.7582e+03 2.1600e+03 1.7316e+18 2.2656e+18 2.2656e+18 2.6339e-02 0.0000e+00 1.4861e+05 0.0000e+00
3.0100e+03 6.2300e-12 7.8588e-01 1.5243e+03 1.7577e+03 2.1600e+03 1.7437e+18 2.2815e+18 2.2815e+18 2.6257e-02 0.0000e+00 1.4902e+05 0.0000e+00
3.0200e+03 6.2096e-12 7.8573e-01 1.5239e+03 1.7572e+03 2.1600e+03 1.7558e+18 2.2976e+18 2.2976e+18 2.6176e-02 0.0000e+00 1.4943e+05 0.0000e+00
3.0300e+03 6.1893e-12 7.8558e-01 1.5234e+03 1.7566e+03 2.1600e+03 1.7680e+18 2.3137e+18 2.3137e+18 2.6096e-02 0.0000e+00 1.4984e+05 0.0000e+00
3.0400e+03 6.1691e-12 7.8543e-01 1.5230e+03 1.7561e+03 2.1600e+03 1.7802e+18 2.3299e+18 2.3299e+18 2.6015e-02 0.0000e+00 1.5025e+05 0.0000e+00
3.0500e+03 6.1490e-12 7.8528e-01 1.5225e+03 1.7556e+03 2.1600e+03 1.7926e+18 2.3462e+18 2.3462e+18 2.5936e-02 0.0000e+00 1.5067e+05 0.0000e+00
3.0600e+03 6.1290e-12 7.8513e-01 1.5221e+03 1.7551e+03 2.1600e+03 1.8049e+18 2.3626e+18 2.3626e+18 2.5856e-02 0.0000e+00 1.5108e+05 0.0000e+00
3.0700e+03 6.1091e-12 7.8499e-01 1.5216e+03 1.7546e+03 2.1600e+03 1.8174e+18 2.3790e+18 2.3790e+18 2.5777e-02 0.0000e+00 1.5149e+05 0.0000e+00
3.0800e+03 6.0894e-12 7.8484e-01 1.5212e+03 1.7541e+03 2.1600e+03 1.8299e+18 2.3956e+18 2.3956e+18 2.5699e-02 0.0000e+00 1.5190e+05 0.0000e+00
3.0900e+03 6.0697e-12 7.8470e-01 1.5208e+03 1.7536e+03 2.1600e+03 1.8424e+18 2.4122e+18 2.4122e+18 2.5620e-02 0.0000e+00 1.5231e+05 0.0000e+00
3.1000e+03 6.0502e-12 7.8456e-01 1.5203e+03 1.7531e+03 2.1600e+03 1.8551e+18 2.4290e+18 2.4290e+18 2.5542e-02 0.0000e+00 1.5273e+05 0.0000e+00
3.1100e+03 6.0307e-12 7.8441e-01 1.5199e+03 1.7526e+03 2.1600e+03 1.8677e+18 2.4458e+18 2.4458e+18 2.5465e-02 0.0000e+00 1.5314e+05 0.0000e+00
3.1200e+03 6.0114e-12 7.8427e-01 1.5195e+03 1.7521e+03 2.1600e+03 1.8805e+18 2.4627e+18 2.4627e+18 2.5388e-02 0.0000e+00 1.5355e+05 0.0000e+00
3.1300e+03 5.9921e-12 7.8413e-01 1.5190e+03 1.7516e+03 2.1600e+03 1.8933e+18 2.4796e+18 2.4796e+18 2.5311e-02 0.0000e+00 1.5397e+05 0.0000e+00
3.1400e+03 5.9730e-12 7.8399e-01 1.5186e+03 1.7511e+03 2.1600e+03 1.9062e+18 2.4967e+18 2.4967e+18 2.5235e-02 0.0000e+00 1.5438e+05 0.0000e+00
3.1500e+03 5.9539e-12 7.8385e-01 1.5182e+03 1.7506e+03 2.1600e+03 1.9191e+18 2.5138e+18 2.5138e+18 2.5159e-02 0.0000e+00 1.5480e+05 0.0000e+00
3.1600e+03 5.9350e-12 7.8372e-01 1.5177e+03 1.7501e+03 2.1600e+03 1.9322e+18 2.5311e+18 2.5311e+18 2.5083e-02 0.0000e+00 1.5521e+05 0.0000e+00
3.1700e+03 5.9162e-12 7.8358e-01 1.5173e+03 1.7496e+03 2.1600e+03 1.9452e+18 2.5484e+18 2.5484e+18 2.5008e-02 0.0000e+00 1.5563e+05 0.0000e+00
3.1800e+03 5.8974e-12 7.8344e-01 1.5169e+03 1.7491e+03 2.1600e+03 1.9584e+18 2.5658e+18 2.5658e+18 2.4933e-02 0.0000e+00 1.5604e+05 0.0000e+00
3.1900e+03 5.8788e-12 7.8331e-01 1.5164e+03 1.7486e+03 2.1600e+03 1.9716e+18 2.5833e+18 2.5833e+18 2.4858e-02 0.0000e+00 1.5646e+05 0.0000e+00
3.2000e+03 5.8603e-12 7.8318e-01 1.5160e+03 1.7481e+03 2.1600e+03 1.9848e+18 2.6009e+18 2.6009e+18 2.4784e-02 0.0000e+00 1.5688e+05 0.0000e+00
3.2100e+03 5.8418e-12 7.8304e-01 1.5156e+03 1.7476e+03 2.1600e+03 1.9982e+18 2.6186e+18 2.6186e+18 2.4711e-02 0.0000e+00 1.5729e+05 0.0000e+00
3.2200e+03 5.8235e-12 7.8291e-01 1.5152e+03 1.7471e+03 2.1600e+03 2.0116e+18 2.6363e+18 2.6363e+18 2.4637e-02 0.0000e+00 1.5771e+05 0.0000e+00
3.2300e+03 5.8052e-12 7.8278e-01 1.5147e+03 1.7466e+03 2.1600e+03 2.0250e+18 2.6542e+18 2.6542e+18 2.4564e-02 0.0000e+00 1.5813e+05 0.0000e+00
3.2400e+03 5.7871e-12 7.8265e-01 1.5143e+03 1.7461e+03 2.1600e+03 2.0386e+18 2.6721e+18 2.6721e+18 2.4491e-02 0.0000e+00 1.5854e+05 0.0000e+00
3.2500e+03 5.7690e-12 7.8252e-01 1.5139e+03 1.7457e+03 2.1600e+03 2.0522e+18 2.6901e+18 2.6901e+18 2.4419e-02 0.0000e+00 1.5896e+05 0.0000e+00
3.2600e+03 5.7511e-12 7.8239e-01 1.5135e+03 1.7452e+03 2.1600e+03 2.0658e+18 2.7083e+18 2.7083e+18 2.4347e-02 0.0000e+00 1.5938e+05 0.0000e+00
3.2700e+03 5.7332e-12 7.8226e-01 1.5131e+03 1.7447e+03 2.1600e+03 2.0796e+18 2.7265e+18 2.7265e+18 2.4275e-02 0.0000e+00 1.5980e+05 0.0000e+00
3.2800e+03 5.7154e-12 7.8214e-01 1.5126e+03 1.7442e+03 2.1600e+03 2.0934e+18 2.7447e+18 2.7447e+18 2.4204e-02 0.0000e+00 1.6022e+05 0.0000e+00
3.2900e+03 5.6977e-12 7.8201e-01 1.5122e+03 1.7437e+03 2.1600e+03 2.1072e+18 2.7631e+18 2.7631e+18 2.4133e-02 0.0000e+00 1.6064e+05 0.0000e+00
3.3000e+03 5.6802e-12 7.8189e-01 1.5118e+03 1.7432e+03 2.1600e+03 2.1211e+18 2.7816e+18 2.7816e+18 2.4062e-02 0.0000e+00 1.6106e+05 0.0000e+00
3.3100e+03 5.6627e-12 7.8176e-01 1.5114e+03 1.7428e+03 2.1600e+03 2.1351e+18 2.8002e+18 2.8002e+18 2.3992e-02 0.0000e+00 1.6148e+05 0.0000e+00
3.3200e+03 5.6453e-12 7.8164e-01 1.5110e+03 1.7423e+03 2.1600e+03 2.1492e+18 2.8188e+18 2.8188e+18 2.3922e-02 0.0000e+00 1.6190e+05 0.0000e+00
3.3300e+03 5.6279e-12 7.8152e-01 1.5105e+03 1.7418e+03 2.1600e+03 2.1633e+18 2.8375e+18 2.8375e+18 2.3852e-02 0.0000e+00 1.6232e+05 0.0000e+00
3.3400e+03 5.6107e-12 7.8140e-01 1.5101e+03 1.7413e+03 2.1600e+03 2.1775e+18 2.8564e+18 2.8564e+18 2.3783e-02 0.0000e+00 1.6274e+05 0.0000e+00
3.3500e+03 5.5936e-12 7.8128e-01 1.5097e+03 1.7409e+03 2.1600e+03 2.1918e+18 2.8753e+18 2.8753e+18 2.3714e-02 0.0000e+00 1.6316e+05 0.0000e+00
3.3600e+03 5.5765e-12 7.8116e-01 1.5093e+03 1.7404e+03 2.1600e+03 2.2061e+18 2.8943e+18 2.8943e+18 2.3645e-02 0.0000e+00 1.6358e+05 0.0000e+00
3.3700e+03 5.5596e-12 7.8104e-01 1.5089e+03 1.7399e+03 2.1600e+03 2.2205e+18 2.9134e+18 2.9134e+18 2.3577e-02 0.0000e+00 1.6400e+05 0.0000e+00
3.3800e+03 5.5427e-12 7.8092e-01 1.5085e+03 1.7394e+03 2.1600e+03 2.2350e+18 2.9326e+18 2.9326e+18 2.3509e-02 0.0000e+00 1.6443e+05 0.0000e+00
3.3900e+03 5.5259e-12 7.8081e-01 1.5081e+03 1.7390e+03 2.1600e+03 2.2495e+18 2.9519e+18 2.9519e+18 2.3441e-02 0.0000e+00 1.6485e+05 0.0000e+00
3.4000e+03 5.5092e-12 7.8069e-01 1.5077e+03 1.7385e+03 2.1600e+03 2.2641e+18 2.9713e+18 2.9713e+18 2.3374e-02 0.0000e+00 1.6527e+05 0.0000e+00
3.4100e+03 5.4926e-12 7.8058e-01 1.5073e+03 1.7380e+03 2.1600e+03 2.2788e+18 2.9907e+18 2.9907e+18 2.3307e-02 0.0000e+00 1.6569e+05 0.0000e+00
3.4200e+03 5.4761e-12 7.8046e-01 1.5069e+03 1.7376e+03 2.1600e+03 2.2935e+18 3.0103e+18 3.0103e+18 2.3240e-02 0.0000e+00 1.6612e+05 0.0000e+00
3.4300e+03 5.4597e-12 7.8035e-01 1.5065e+03 1.7371e+03 2.1600e+03 2.3083e+18 3.0300e+18 3.0300e+18 2.3174e-02 0.0000e+00 1.6654e+05 0.0000e+00
3.4400e+03 5.4433e-12 7.8024e-01 1.5061e+03 1.7366e+03 2.1600e+03 2.3232e+18 3.0497e+18 3.0497e+18 2.3108e-02 0.0000e+00 1.6696e+05 0.0000e+00
3.4500e+03 5.4271e-12 7.8013e-01 1.5057e+03 1.7362e+03 2.1600e+03 2.3381e+18 3.0695e+18 3.0695e+18 2.3042e-02 0.0000e+00 1.6739e+05 0.0000e+00
3.4600e+03 5.4109e-12 7.8002e-01 1.5052e+03 1.7357e+03 2.1600e+03 2.3531e+18 3.0895e+18 3.0895e+18 2.2976e-02 0.0000e+00 1.6781e+05 0.0000e+00
3.4700e+03 5.3948e-12 7.7991e-01 1.5048e+03 1.7352e+03 2.1600e+03 2.3682e+18 3.1095e+18 3.1095e+18 2.2911e-02 0.0000e+00 1.6824e+05 0.0000e+00
3.4800e+03 5.3788e-12 7.7980e-01 1.5044e+03 1.7348e+03 2.1600e+03 2.3834e+18 3.1296e+18 3.1296e+18 2.2846e-02 0.0000e+00 1.6866e+05 0.0000e+00
3.4900e+03 5.3628e-12 7.7969e-01 1.5040e+03 1.7343e+03 2.1600e+03 2.3986e+18 3.1498e+18 3.1498e+18 2.2782e-02 0.0000e+00 1.6909e+05 0.0000e+00
3.5000e+03 5.3470e-12 7.7958e-01 1.5037e+03 1.7339e+03 2.1600e+03 2.4139e+18 3.1701e+18 3.1701e+18 2.2718e-02 0.0000e+00 1.6951e+05 0.0000e+00
3.5100e+03 5.3312e-12 7.7948e-01 1.5033e+03 1.7334e+03 2.1600e+03 2.4292e+18 3.1905e+18 3.1905e+18 2.2654e-02 0.0000e+00 1.6994e+05 0.0000e+00
3.5200e+03 5.3155e-12 7.7937e-01 1.5029e+03 1.7329e+03 2.1600e+03 2.4447e+18 3.2110e+18 3.2110e+18 2.2590e-02 0.0000e+00 1.7037e+05 0.0000e+00
3.5300e+03 5.2999e-12 7.7927e-01 1.5025e+03 1.7325e+03 2.1600e+03 2.4602e+18 3.2316e+18 3.2316e+18 2.2527e-02 0.0000e+00 1.7079e+05 0.0000e+00
3.5400e+03 5.2844e-12 7.7917e-01 1.5021e+03 1.7320e+03 2.1600e+03 2.4757e+18 3.2523e+18 3.2523e+18 2.2464e-02 0.0000e+00 1.7122e+05 0.0000e+00
3.5500e+03 5.2689e-12 7.7906e-01 1.5017e+03 1.7316e+03 2.1600e+03 2.4914e+18 3.2731e+18 3.2731e+18 2.2401e-02 0.0000e+00 1.7165e+05 0.0000e+00
3.5600e+03 5.2535e-12 7.7896e-01 1.5013e+03 1.7311e+03 2.1600e+03 2.5071e+18 3.2939e+18 3.2939e+18 2.2338e-02 0.0000e+00 1.7207e+05 0.0000e+00
3.5700e+03 5.2382e-12 7.7886e-01 1.5009e+03 1.7307e+03 2.1600e+03 2.5229e+18 3.3149e+18 3.3149e+18 2.2276e-02 0.0000e+00 1.7250e+05 0.0000e+00
3.5800e+03 5.2230e-12 7.7876e-01 1.5005e+03 1.7302e+03 2.1600e+03 2.5387e+18 3.3360e+18 3.3360e+18 2.2214e-02 0.0000e+00 1.7293e+05 0.0000e+00
3.5900e+03 5.2079e-12 7.7866e-01 1.5001e+03 1.7298e+03 2.1600e+03 2.5546e+18 3.3571e+18 3.3571e+18 2.2153e-02 0.0000e+00 1.7336e+05 0.0000e+00
3.6000e+03 5.1928e-12 7.7857e-01 1.4997e+03 1.7293e+03 2.1600e+03 2.5706e+18 3.3784e+18 3.3784e+18 2.2091e-02 0.0000e+00 1.7378e+05 0.0000e+00
3.6100e+03 5.1778e-12 7.7847e-01 1.4993e+03 1.7289e+03 2.1600e+03 2.5867e+18 3.3997e+18 3.3997e+18 2.2030e-02 0.0000e+00 1.7421e+05 0.0000e+00
3.6200e+03 5.1629e-12 7.7837e-01 1.4989e+03 1.7284e+03 2.1600e+03 2.6028e+18 3.4212e+18 3.4212e+18 2.1970e-02 0.0000e+00 1.7464e+05 0.0000e+00
3.6300e+03 5.1480e-12 7.7828e-01 1.4986e+03 1.7280e+03 2.1600e+03 2.6190e+18 3.4427e+18 3.4427e+18 2.1909e-02 0.0000e+00 1.7507e+05 0.0000e+00
3.6400e+03 5.1333e-12 7.7818e-01 1.4982e+03 1.7275e+03 2.1600e+03 2.6353e+18 3.4643e+18 3.4643e+18 2.1849e-02 0.0000e+00 1.7550e+05 0.0000e+00
3.6500e+03 5.1186e-12 7.7809e-01 1.4978e+03 1.7271e+03 2.1600e+03 2.6516e+18 3.4861e+18 3.4861e+18 2.1789e-02 0.0000e+00 1.7593e+05 0.0000e+00
3.6600e+03 5.1040e-12 7.7800e-01 1.4974e+03 1.7266e+03 2.1600e+03 2.6680e+18 3.5079e+18 3.5079e+18 2.1730e-02 0.0000e+00 1.7636e+05 0.0000e+00
3.6700e+03 5.0894e-12 7.7790e-01 1.4970e+03 1.7262e+03 2.1600e+03 2.6845e+18 3.5298e+18 3.5298e+18 2.1670e-02 0.0000e+00 1.7679e+05 0.0000e+00
3.6800e+03 5.0750e-12 7.7781e-01 1.4966e+03 1.7258e+03 2.1600e+03 2.7011e+18 3.5518e+18 3.5518e+18 2.1611e-02 0.0000e+00 1.7722e+05 0.0000e+00
3.6900e+03 5.0606e-12 7.7772e-01 1.4963e+03 1.7253e+03 2.1600e+03 2.7177e+18 3.5740e+18 3.5740e+18 2.1552e-02 0.0000e+00 1.7765e+05 0.0000e+00
3.7000e+03 5.0462e-12 7.7763e-01 1.4959e+03 1.7249e+03 2.1600e+03 2.7344e+18 3.5962e+18 3.5962e+18 2.1494e-02 0.0000e+00 1.7808e+05 0.0000e+00
3.7100e+03 5.0320e-12 7.7754e-01 1.4955e+03 1.7245e+03 2.1600e+03 2.7512e+18 3.6185e+18 3.6185e+18 2.1435e-02 0.0000e+00 1.7851e+05 0.0000e+00
3.7200e+03 5.0178e-12 7.7746e-01 1.4951e+03 1.7240e+03 2.1600e+03 2.7680e+18 3.6409e+18 3.6409e+18 2.1377e-02 0.0000e+00 1.7894e+05 0.0000e+00
3.7300e+03 5.0037e-12 7.7737e-01 1.4947e+03 1.7236e+03 2.1600e+03 2.7850e+18 3.6634e+18 3.6634e+18 2.1320e-02 0.0000e+00 1.7938e+05 0.0000e+00
3.7400e+03 4.9896e-12 7.7728e-01 1.4944e+03 1.7231e+03 2.1600e+03 2.8020e+18 3.6860e+18 3.6860e+18 2.1262e-02 0.0000e+00 1.7981e+05 0.0000e+00
3.7500e+03 4.9757e-12 7.7720e-01 1.4940e+03 1.7227e+03 2.1600e+03 2.8190e+18 3.7087e+18 3.7087e+18 2.1205e-02 0.0000e+00 1.8024e+05 0.0000e+00
3.7600e+03 4.9617e-12 7.7711e-01 1.4936e+03 1.7223e+03 2.1600e+03 2.8362e+18 3.7315e+18 3.7315e+18 2.1148e-02 0.0000e+00 1.8067e+05 0.0000e+00
3.7700e+03 4.9479e-12 7.7703e-01 1.4932e+03 1.7219e+03 2.1600e+03 2.8534e+18 3.7544e+18 3.7544e+18 2.1091e-02 0.0000e+00 1.8110e+05 0.0000e+00
3.7800e+03 4.9341e-12 7.7695e-01 1.4929e+03 1.7214e+03 2.1600e+03 2.8707e+18 3.7774e+18 3.7774e+18 2.1035e-02 0.0000e+00 1.8154e+05 0.0000e+00
3.7900e+03 4.9204e-12 7.7686e-01 1.4925e+03 1.7210e+03 2.1600e+03 2.8880e+18 3.8005e+18 3.8005e+18 2.0979e-02 0.0000e+00 1.8197e+05 0.0000e+00
3.8000e+03 4.9068e-12 7.7678e-01 1.4921e+03 1.7206e+03 2.1600e+03 2.9055e+18 3.8237e+18 3.8237e+18 2.0923e-02 0.0000e+00 1.8240e+05 0.0000e+00
3.8100e+03 4.8933e-12 7.7670e-01 1.4918e+03 1.7201e+03 2.1600e+03 2.9230e+18 3.8470e+18 3.8470e+18 2.0867e-02 0.0000e+00 1.8284e+05 0.0000e+00
3.8200e+03 4.8798e-12 7.7662e-01 1.4914e+03 1.7197e+03 2.1600e+03 2.9405e+18 3.8704e+18 3.8704e+18 2.0812e-02 0.0000e+00 1.8327e+05 0.0000e+00
3.8300e+03 4.8663e-12 7.7654e-01 1.4910e+03 1.7193e+03 2.1600e+03 2.9582e+18 3.8939e+18 3.8939e+18 2.0757e-02 0.0000e+00 1.8370e+05 0.0000e+00
3.8400e+03 4.8530e-12 7.7646e-01 1.4906e+03 1.7189e+03 2.1600e+03 2.9759e+18 3.9175e+18 3.9175e+18 2.0702e-02 0.0000e+00 1.8414e+05 0.0000e+00
3.8500e+03 4.8397e-12 7.7639e-01 1.4903e+03 1.7184e+03 2.1600e+03 2.9937e+18 3.9412e+18 3.9412e+18 2.0647e-02 0.0000e+00 1.8457e+05 0.0000e+00
3.8600e+03 4.8264e-12 7.7631e-01 1.4899e+03 1.7180e+03 2.1600e+03 3.0116e+18 3.9650e+18 3.9650e+18 2.0592e-02 0.0000e+00 1.8501e+05 0.0000e+00
3.8700e+03 4.8133e-12 7.7624e-01 1.4895e+03 1.7176e+03 2.1600e+03 3.0295e+18 3.9889e+18 3.9889e+18 2.0538e-02 0.0000e+00 1.8544e+05 0.0000e+00
3.8800e+03 4.8002e-12 7.7616e-01 1.4892e+03 1.7172e+03 2.1600e+03 3.0476e+18 4.0129e+18 4.0129e+18 2.0484e-02 0.0000e+00 1.8588e+05 0.0000e+00
3.8900e+03 4.7871e-12 7.7609e-01 1.4888e+03 1.7168e+03 2.1600e+03 3.0657e+18 4.0370e+18 4.0370e+18 2.0431e-02 0.0000e+00 1.8631e+05 0.0000e+00
3.9000e+03 4.7741e-12 7.7601e-01 1.4885e+03 1.7163e+03 2.1600e+03 3.0838e+18 4.0612e+18 4.0612e+18 2.0377e-02 0.0000e+00 1.8675e+05 0.0000e+00
3.9100e+03 4.7612e-12 7.7594e-01 1.4881e+03 1.7159e+03 2.1600e+03 3.1021e+18 4.0855e+18 4.0855e+18 2.0324e-02 0.0000e+00 1.8718e+05 0.0000e+00
3.9200e+03 4.7484e-12 7.7587e-01 1.4877e+03 1.7155e+03 2.1600e+03 3.1204e+18 4.1100e+18 4.1100e+18 2.0271e-02 0.0000e+00 1.8762e+05 0.0000e+00
3.9300e+03 4.7356e-12 7.7580e-01 1.4874e+03 1.7151e+03 2.1600e+03 3.1388e+18 4.1345e+18 4.1345e+18 2.0218e-02 0.0000e+00 1.8805e+05 0.0000e+00
3.9400e+03 4.7229e-12 7.7573e-01 1.4870e+03 1.7147e+03 2.1600e+03 3.1573e+18 4.1591e+18 4.1591e+18 2.0166e-02 0.0000e+00 1.8849e+05 0.0000e+00
3.9500e+03 4.7102e-12 7.7566e-01 1.4867e+03 1.7143e+03 2.1600e+03 3.1758e+18 4.1838e+18 4.1838e+18 2.0113e-02 0.0000e+00 1.8893e+05 0.0000e+00
3.9600e+03 4.6976e-12 7.7559e-01 1.4863e+03 1.7138e+03 2.1600e+03 3.1944e+18 4.2086e+18 4.2086e+18 2.0061e-02 0.0000e+00 1.8936e+05 0.0000e+00
3.9700e+03 4.6850e-12 7.7552e-01 1.4859e+03 1.7134e+03 2.1600e+03 3.2131e+18 4.2335e+18 4.2335e+18 2.0010e-02 0.0000e+00 1.8980e+05 0.0000e+00
3.9800e+03 4.6726e-12 7.7546e-01 1.4856e+03 1.7130e+03 2.1600e+03 3.2319e+18 4.2585e+18 4.2585e+18 1.9958e-02 0.0000e+00 1.9024e+05 0.0000e+00
3.9900e+03 4.6601e-12 7.7539e-01 1.4852e+03 1.7126e+03 2.1600e+03 3.2507e+18 4.2836e+18 4.2836e+18 1.9907e-02 0.0000e+00 1.9067e+05 0.0000e+00
4.0000e+03 4.6478e-12 7.7532e-01 1.4849e+03 1.7122e+03 2.1600e+03 3.2697e+18 4.3088e+18 4.3088e+18 1.9856e-02 0.0000e+00 1.9111e+05 0.0000e+00
4.0100e+03 4.6355e-12 7.7526e-01 1.4845e+03 1.7118e+03 2.1600e+03 3.2887e+18 4.3342e+18 4.3342e+18 1.9805e-02 0.0000e+00 1.9155e+05 0.0000e+00
4.0200e+03 4.6232e-12 7.7520e-01 1.4842e+03 1.7114e+03 2.1600e+03 3.3077e+18 4.3596e+18 4.3596e+18 1.9754e-02 0.0000e+00 1.9199e+05 0.0000e+00
4.0300e+03 4.6111e-12 7.7513e-01 1.4838e+03 1.7110e+03 2.1600e+03 3.3269e+18 4.3851e+18 4.3851e+18 1.9703e-02 0.0000e+00 1.9243e+05 0.0000e+00
4.0400e+03 4.5989e-12 7.7507e-01 1.4835e+03 1.7106e+03 2.1600e+03 3.3461e+18 4.4108e+18 4.4108e+18 1.9653e-02 0.0000e+00 1.9286e+05 0.0000e+00
4.0500e+03 4.5869e-12 7.7501e-01 1.4831e+03 1.7102e+03 2.1600e+03 3.3654e+18 4.4365e+18 4.4365e+18 1.9603e-02 0.0000e+00 1.9330e+05 0.0000e+00
4.0600e+03 4.5748e-12 7.7495e-01 1.4828e+03 1.7098e+03 2.1600e+03 3.3848e+18 4.4623e+18 4.4623e+18 1.9553e-02 0.0000e+00 1.9374e+05 0.0000e+00
4.0700e+03 4.5629e-12 7.7489e-01 1.4824e+03 1.7094e+03 2.1600e+03 3.4043e+18 4.4883e+18 4.4883e+18 1.9504e-02 0.0000e+00 1.9418e+05 0.0000e+00
4.0800e+03 4.5510e-12 7.7483e-01 1.4821e+03 1.7090e+03 2.1600e+03 3.4238e+18 4.5143e+18 4.5143e+18 1.9455e-02 0.0000e+00 1.9462e+05 0.0000e+00
4.0900e+03 4.5392e-12 7.7477e-01 1.4817e+03 1.7086e+03 2.1600e+03 3.4434e+18 4.5405e+18 4.5405e+18 1.9405e-02 0.0000e+00 1.9506e+05 0.0000e+00
4.1000e+03 4.5274e-12 7.7471e-01 1.4814e+03 1.7082e+03 2.1600e+03 3.4631e+18 4.5667e+18 4.5667e+18 1.9356e-02 0.0000e+00 1.9550e+05 0.0000e+00
4.1100e+03 4.5157e-12 7.7466e-01 1.4810e+03 1.7078e+03 2.1600e+03 3.4828e+18 4.5931e+18 4.5931e+18 1.9308e-02 0.0000e+00 1.9594e+05 0.0000e+00
4.1200e+03 4.5040e-12 7.7460e-01 1.4807e+03 1.7074e+03 2.1600e+03 3.5027e+18 4.6195e+18 4.6195e+18 1.9259e-02 0.0000e+00 1.9638e+05 0.0000e+00
4.1300e+03 4.4924e-12 7.7454e-01 1.4803e+03 1.7070e+03 2.1600e+03 3.5226e+18 4.6461e+18 4.6461e+18 1.9211e-02 0.0000e+00 1.9681e+05 0.0000e+00
4.1400e+03 4.4808e-12 7.7449e-01 1.4800e+03 1.7066e+03 2.1600e+03 3.5426e+18 4.6728e+18 4.6728e+18 1.9163e-02 0.0000e+00 1.9725e+05 0.0000e+00
4.1500e+03 4.4693e-12 7.7443e-01 1.4796e+03 1.7062e+03 2.1600e+03 3.5627e+18 4.6995e+18 4.6995e+18 1.9115e-02 0.0000e+00 1.9770e+05 0.0000e+00
4.1600e+03 4.4579e-12 7.7438e-01 1.4793e+03 1.7058e+03 2.1600e+03 3.5828e+18 4.7264e+18 4.7264e+18 1.9067e-02 0.0000e+00 1.9814e+05 0.0000e+00
4.1700e+03 4.4465e-12 7.7433e-01 1.4790e+03 1.7054e+03 2.1600e+03 3.6030e+18 4.7534e+18 4.7534e+18 1.9020e-02 0.0000e+00 1.9858e+05 0.0000e+00
4.1800e+03 4.4351e-12 7.7428e-01 1.4786e+03 1.7050e+03 2.1600e+03 3.6233e+18 4.7805e+18 4.7805e+18 1.8973e-02 0.0000e+00 1.9902e+05 0.0000e+00
4.1900e+03 4.4238e-12 7.7423e-01 1.4783e+03 1.7046e+03 2.1600e+03 3.6437e+18 4.8077e+18 4.8077e+18 1.8926e-02 0.0000e+00 1.9946e+05 0.0000e+00
4.2000e+03 4.4126e-12 7.7417e-01 1.4779e+03 1.7042e+03 2.1600e+03 3.6642e+18 4.8350e+18 4.8350e+18 1.8879e-02 0.0000e+00 1.9990e+05 0.0000e+00
4.2100e+03 4.4014e-12 7.7412e-01 1.4776e+03 1.7038e+03 2.1600e+03 3.6847e+18 4.8624e+18 4.8624e+18 1.8832e-02 0.0000e+00 2.0034e+05 0.0000e+00
4.2200e+03 4.3903e-12 7.7408e-01 1.4773e+03 1.7034e+03 2.1600e+03 3.7053e+18 4.8899e+18 4.8899e+18 1.8786e-02 0.0000e+00 2.0078e+05 0.0000e+00
4.2300e+03 4.3792e-12 7.7403e-01 1.4769e+03 1.7030e+03 2.1600e+03 3.7260e+18 4.9175e+18 4.9175e+18 1.8739e-02 0.0000e+00 2.0122e+05 0.0000e+00
4.2400e+03 4.3682e-12 7.7398e-01 1.4766e+03 1.7027e+03 2.1600e+03 3.7468e+18 4.9453e+18 4.9453e+18 1.8693e-02 0.0000e+00 2.0166e+05 0.0000e+00
4.2500e+03 4.3572e-12 7.7393e-01 1.4763e+03 1.7023e+03 2.1600e+03 3.7676e+18 4.9731e+18 4.9731e+18 1.8648e-02 0.0000e+00 2.0211e+05 0.0000e+00
4.2600e+03 4.3463e-12 7.7389e-01 1.4759e+03 1.7019e+03 2.1600e+03 3.7886e+18 5.0010e+18 5.0010e+18 1.8602e-02 0.0000e+00 2.0255e+05 0.0000e+00
4.2700e+03 4.3354e-12 7.7384e-01 1.4756e+03 1.7015e+03 2.1600e+03 3.8096e+18 5.0291e+18 5.0291e+18 1.8557e-02 0.0000e+00 2.0299e+05 0.0000e+00
4.2800e+03 4.3246e-12 7.7380e-01 1.4753e+03 1.7011e+03 2.1600e+03 3.8306e+18 5.0572e+18 5.0572e+18 1.8511e-02 0.0000e+00 2.0343e+05 0.0000e+00
4.2900e+03 4.3138e-12 7.7375e-01 1.4749e+03 1.7007e+03 2.1600e+03 3.8518e+18 5.0855e+18 5.0855e+18 1.8466e-02 0.0000e+00 2.0387e+05 0.0000e+00
4.3000e+03 4.3031e-12 7.7371e-01 1.4746e+03 1.7003e+03 2.1600e+03 3.8731e+18 5.1138e+18 5.1138e+18 1.8421e-02 0.0000e+00 2.0432e+05 0.0000e+00
4.3100e+03 4.2924e-12 7.7367e-01 1.4743e+03 1.7000e+03 2.1600e+03 3.8944e+18 5.1423e+18 5.1423e+18 1.8377e-02 0.0000e+00 2.0476e+05 0.0000e+00
4.3200e+03 4.2818e-12 7.7362e-01 1.4739e+03 1.6996e+03 2.1600e+03 3.9158e+18 5.1709e+18 5.1709e+18 1.8332e-02 0.0000e+00 2.0520e+05 0.0000e+00
4.3300e+03 4.2712e-12 7.7358e-01 1.4736e+03 1.6992e+03 2.1600e+03 3.9372e+18 5.1996e+18 5.1996e+18 1.8288e-02 0.0000e+00 2.0565e+05 0.0000e+00
4.3400e+03 4.2607e-12 7.7354e-01 1.4733e+03 1.6988e+03 2.1600e+03 3.9588e+18 5.2284e+18 5.2284e+18 1.8244e-02 0.0000e+00 2.0609e+05 0.0000e+00
4.3500e+03 4.2502e-12 7.7350e-01 1.4729e+03 1.6985e+03 2.1600e+03 3.9804e+18 5.2573e+18 5.2573e+18 1.8200e-02 0.0000e+00 2.0653e+05 0.0000e+00
4.3600e+03 4.2398e-12 7.7346e-01 1.4726e+03 1.6981e+03 2.1600e+03 4.0022e+18 5.2863e+18 5.2863e+18 1.8156e-02 0.0000e+00 2.0698e+05 0.0000e+00
4.3700e+03 4.2294e-12 7.7342e-01 1.4723e+03 1.6977e+03 2.1600e+03 4.0239e+18 5.3154e+18 5.3154e+18 1.8113e-02 0.0000e+00 2.0742e+05 0.0000e+00
4.3800e+03 4.2191e-12 7.7339e-01 1.4720e+03 1.6973e+03 2.1600e+03 4.0458e+18 5.3446e+18 5.3446e+18 1.8069e-02 0.0000e+00 2.0786e+05 0.0000e+00
4.3900e+03 4.2088e-12 7.7335e-01 1.4716e+03 1.6969e+03 2.1600e+03 4.0678e+18 5.3739e+18 5.3739e+18 1.8026e-02 0.0000e+00 2.0831e+05 0.0000e+00
4.4000e+03 4.1985e-12 7.7331e-01 1.4713e+03 1.6966e+03 2.1600e+03 4.0898e+18 5.4034e+18 5.4034e+18 1.7983e-02 0.0000e+00 2.0875e+05 0.0000e+00
4.4100e+03 4.1884e-12 7.7328e-01 1.4710e+03 1.6962e+03 2.1600e+03 4.1119e+18 5.4329e+18 5.4329e+18 1.7940e-02 0.0000e+00 2.0919e+05 0.0000e+00
4.4200e+03 4.1782e-12 7.7324e-01 1.4707e+03 1.6958e+03 2.1600e+03 4.1341e+18 5.4626e+18 5.4626e+18 1.7898e-02 0.0000e+00 2.0964e+05 0.0000e+00
4.4300e+03 4.1681e-12 7.7321e-01 1.4704e+03 1.6955e+03 2.1600e+03 4.1564e+18 5.4923e+18 5.4923e+18 1.7855e-02 0.0000e+00 2.1008e+05 0.0000e+00
4.4400e+03 4.1581e-12 7.7317e-01 1.4700e+03 1.6951e+03 2.1600e+03 4.1787e+18 5.5222e+18 5.5222e+18 1.7813e-02 0.0000e+00 2.1053e+05 0.0000e+00
4.4500e+03 4.1481e-12 7.7314e-01 1.4697e+03 1.6947e+03 2.1600e+03 4.2012e+18 5.5522e+18 5.5522e+18 1.7771e-02 0.0000e+00 2.1097e+05 0.0000e+00
4.4600e+03 4.1381e-12 7.7311e-01 1.4694e+03 1.6943e+03 2.1600e+03 4.2237e+18 5.5823e+18 5.5823e+18 1.7729e-02 0.0000e+00 2.1142e+05 0.0000e+00
4.4700e+03 4.1282e-12 7.7308e-01 1.4691e+03 1.6940e+03 2.1600e+03 4.2463e+18 5.6125e+18 5.6125e+18 1.7687e-02 0.0000e+00 2.1186e+05 0.0000e+00
4.4800e+03 4.1183e-12 7.7304e-01 1.4688e+03 1.6936e+03 2.1600e+03 4.2689e+18 5.6428e+18 5.6428e+18 1.7646e-02 0.0000e+00 2.1231e+05 0.0000e+00
4.4900e+03 4.1085e-12 7.7301e-01 1.4684e+03 1.6932e+03 2.1600e+03 4.2917e+18 5.6732e+18 5.6732e+18 1.7604e-02 0.0000e+00 2.1275e+05 0.0000e+00
4.5000e+03 4.0987e-12 7.7298e-01 1.4681e+03 1.6929e+03 2.1600e+03 4.3145e+18 5.7037e+18 5.7037e+18 1.7563e-02 0.0000e+00 2.1320e+05 0.0000e+00
4.5100e+03 4.0890e-12 7.7295e-01 1.4678e+03 1.6925e+03 2.1600e+03 4.3374e+18 5.7344e+18 5.7344e+18 1.7522e-02 0.0000e+00 2.1364e+05 0.0000e+00
4.5200e+03 4.0793e-12 7.7293e-01 1.4675e+03 1.6922e+03 2.1600e+03 4.3604e+18 5.7651e+18 5.7651e+18 1.7481e-02 0.0000e+00 2.1409e+05 0.0000e+00
4.5300e+03 4.0696e-12 7.7290e-01 1.4672e+03 1.6918e+03 2.1600e+03 4.3835e+18 5.7960e+18 5.7960e+18 1.7440e-02 0.0000e+00 2.1453e+05 0.0000e+00
4.5400e+03 4.0600e-12 7.7287e-01 1.4669e+03 1.6914e+03 2.1600e+03 4.4067e+18 5.8269e+18 5.8269e+18 1.7400e-02 0.0000e+00 2.1498e+05 0.0000e+00
4.5500e+03 0.0000e+00 0.0000e+00 1.4665e+03 0.0000e+00 2.1600e+03 0.0000e+00 0.0000e+00 0.0000e+00 0.0000e+00 0.0000e+00 0.0000e+00 0.0000e+00
