0.0000e+00 2.3852e-11 4.6193e+00 1.7000e+03 1.9603e+03 2.1600e+03 1.6935e+19 1.9219e+19 1.9219e+19 1.7103e-02 0.0000e+00 2.5961e+05 0.0000e+00
1.0000e+01 2.3716e-11 4.4659e+00 1.7049e+03 1.9659e+03 2.1600e+03 2.5704e+19 1.8067e+19 1.8067e+19 1.7589e-02 0.0000e+00 2.5326e+05 0.0000e+00
2.0000e+01 2.3581e-11 4.3200e+00 1.7097e+03 1.9715e+03 2.1600e+03 2.3822e+19 1.7005e+19 1.7005e+19 1.8080e-02 0.0000e+00 2.4719e+05 0.0000e+00
3.0000e+01 2.3448e-11 4.1813e+00 1.7145e+03 1.9770e+03 2.1600e+03 2.2123e+19 1.6026e+19 1.6026e+19 1.8574e-02 0.0000e+00 2.4139e+05 0.0000e+00
4.0000e+01 2.3315e-11 4.0492e+00 1.7192e+03 1.9824e+03 2.1600e+03 2.0585e+19 1.5123e+19 1.5123e+19 1.9071e-02 0.0000e+00 2.3583e+05 0.0000e+00
5.0000e+01 2.3183e-11 3.9235e+00 1.7238e+03 1.9877e+03 2.1600e+03 1.9189e+19 1.4287e+19 1.4287e+19 1.9571e-02 0.0000e+00 2.3052e+05 0.0000e+00
6.0000e+01 2.3052e-11 3.8037e+00 1.7284e+03 1.9930e+03 2.1600e+03 1.7921e+19 1.3515e+19 1.3515e+19 2.0073e-02 0.0000e+00 2.2543e+05 0.0000e+00
7.0000e+01 2.2922e-11 3.6896e+00 1.7328e+03 1.9981e+03 2.1600e+03 1.6767e+19 1.2799e+19 1.2799e+19 2.0578e-02 0.0000e+00 2.2055e+05 0.0000e+00
8.0000e+01 2.2793e-11 3.5808e+00 1.7372e+03 2.0032e+03 2.1600e+03 1.5715e+19 1.2135e+19 1.2135e+19 2.1084e-02 0.0000e+00 2.1588e+05 0.0000e+00
9.0000e+01 2.2665e-11 3.4770e+00 1.7415e+03 2.0081e+03 2.1600e+03 1.4753e+19 1.1520e+19 1.1520e+19 2.1591e-02 0.0000e+00 2.1141e+05 0.0000e+00
1.0000e+02 2.2538e-11 3.3779e+00 1.7458e+03 2.0130e+03 2.1600e+03 1.3873e+19 1.0948e+19 1.0948e+19 2.2100e-02 0.0000e+00 2.0712e+05 0.0000e+00
1.1000e+02 2.2412e-11 3.2834e+00 1.7499e+03 2.0178e+03 2.1600e+03 1.3066e+19 1.0416e+19 1.0416e+19 2.2609e-02 0.0000e+00 2.0301e+05 0.0000e+00
1.2000e+02 2.2286e-11 3.1930e+00 1.7540e+03 2.0226e+03 2.1600e+03 1.2325e+19 9.9207e+18 9.9207e+18 2.3118e-02 0.0000e+00 1.9907e+05 0.0000e+00
1.3000e+02 2.2162e-11 3.1067e+00 1.7581e+03 2.0272e+03 2.1600e+03 1.1644e+19 9.4595e+18 9.4595e+18 2.3628e-02 0.0000e+00 1.9529e+05 0.0000e+00
1.4000e+02 2.2038e-11 3.0242e+00 1.7620e+03 2.0318e+03 2.1600e+03 1.1017e+19 9.0295e+18 9.0295e+18 2.4137e-02 0.0000e+00 1.9166e+05 0.0000e+00
1.5000e+02 2.1915e-11 2.9454e+00 1.7659e+03 2.0362e+03 2.1600e+03 1.0439e+19 8.6281e+18 8.6281e+18 2.4645e-02 0.0000e+00 1.8818e+05 0.0000e+00
1.6000e+02 2.1794e-11 2.8699e+00 1.7697e+03 2.0406e+03 2.1600e+03 9.9055e+18 8.2533e+18 8.2533e+18 2.5153e-02 0.0000e+00 1.8483e+05 0.0000e+00
1.7000e+02 2.1673e-11 2.7977e+00 1.7734e+03 2.0449e+03 2.1600e+03 9.4119e+18 7.9028e+18 7.9028e+18 2.5659e-02 0.0000e+00 1.8163e+05 0.0000e+00
1.8000e+02 2.1552e-11 2.7285e+00 1.7771e+03 2.0491e+03 2.1600e+03 8.9550e+18 7.5749e+18 7.5749e+18 2.6163e-02 0.0000e+00 1.7854e+05 0.0000e+00
1.9000e+02 2.1433e-11 2.6623e+00 1.7807e+03 2.0533e+03 2.1600e+03 8.5314e+18 7.2679e+18 7.2679e+18 2.6665e-02 0.0000e+00 1.7558e+05 0.0000e+00
2.0000e+02 2.1315e-11 2.5989e+00 1.7842e+03 2.0573e+03 2.1600e+03 8.1383e+18 6.9801e+18 6.9801e+18 2.7165e-02 0.0000e+00 1.7274e+05 0.0000e+00
2.1000e+02 2.1197e-11 2.5381e+00 1.7876e+03 2.0613e+03 2.1600e+03 7.7731e+18 6.7103e+18 6.7103e+18 2.7662e-02 0.0000e+00 1.7001e+05 0.0000e+00
2.2000e+02 2.1080e-11 2.4798e+00 1.7910e+03 2.0652e+03 2.1600e+03 7.4333e+18 6.4570e+18 6.4570e+18 2.8157e-02 0.0000e+00 1.6738e+05 0.0000e+00
2.3000e+02 2.0964e-11 2.4239e+00 1.7943e+03 2.0690e+03 2.1600e+03 7.1170e+18 6.2191e+18 6.2191e+18 2.8648e-02 0.0000e+00 1.6486e+05 0.0000e+00
2.4000e+02 2.0849e-11 2.3702e+00 1.7975e+03 2.0727e+03 2.1600e+03 6.8220e+18 5.9955e+18 5.9955e+18 2.9135e-02 0.0000e+00 1.6244e+05 0.0000e+00
2.5000e+02 2.0735e-11 2.3187e+00 1.8007e+03 2.0764e+03 2.1600e+03 6.5468e+18 5.7852e+18 5.7852e+18 2.9619e-02 0.0000e+00 1.6010e+05 0.0000e+00
2.6000e+02 2.0621e-11 2.2693e+00 1.8038e+03 2.0800e+03 2.1600e+03 6.2897e+18 5.5872e+18 5.5872e+18 3.0099e-02 0.0000e+00 1.5786e+05 0.0000e+00
2.7000e+02 2.0508e-11 2.2218e+00 1.8068e+03 2.0835e+03 2.1600e+03 6.0493e+18 5.4008e+18 5.4008e+18 3.0574e-02 0.0000e+00 1.5571e+05 0.0000e+00
2.8000e+02 2.0396e-11 2.1762e+00 1.8098e+03 2.0869e+03 2.1600e+03 5.8243e+18 5.2251e+18 5.2251e+18 3.1044e-02 0.0000e+00 1.5363e+05 0.0000e+00
2.9000e+02 2.0285e-11 2.1323e+00 1.8127e+03 2.0902e+03 2.1600e+03 5.6136e+18 5.0594e+18 5.0594e+18 3.1510e-02 0.0000e+00 1.5164e+05 0.0000e+00
3.0000e+02 2.0175e-11 2.0902e+00 1.8155e+03 2.0935e+03 2.1600e+03 5.4160e+18 4.9030e+18 4.9030e+18 3.1970e-02 0.0000e+00 1.4972e+05 0.0000e+00
3.1000e+02 2.0065e-11 2.0496e+00 1.8183e+03 2.0967e+03 2.1600e+03 5.2307e+18 4.7554e+18 4.7554e+18 3.2425e-02 0.0000e+00 1.4788e+05 0.0000e+00
3.2000e+02 1.9956e-11 2.0106e+00 1.8210e+03 2.0998e+03 2.1600e+03 5.0566e+18 4.6160e+18 4.6160e+18 3.2875e-02 0.0000e+00 1.4610e+05 0.0000e+00
3.3000e+02 1.9848e-11 1.9731e+00 1.8236e+03 2.1028e+03 2.1600e+03 4.8930e+18 4.4842e+18 4.4842e+18 3.3318e-02 0.0000e+00 1.4439e+05 0.0000e+00
3.4000e+02 1.9741e-11 1.9370e+00 1.8262e+03 2.1058e+03 2.1600e+03 4.7391e+18 4.3596e+18 4.3596e+18 3.3756e-02 0.0000e+00 1.4275e+05 0.0000e+00
3.5000e+02 1.9634e-11 1.9022e+00 1.8287e+03 2.1087e+03 2.1600e+03 4.5943e+18 4.2416e+18 4.2416e+18 3.4187e-02 0.0000e+00 1.4117e+05 0.0000e+00
3.6000e+02 1.9528e-11 1.8687e+00 1.8312e+03 2.1115e+03 2.1600e+03 4.4579e+18 4.1300e+18 4.1300e+18 3.4613e-02 0.0000e+00 1.3965e+05 0.0000e+00
3.7000e+02 1.9423e-11 1.8365e+00 1.8336e+03 2.1143e+03 2.1600e+03 4.3293e+18 4.0243e+18 4.0243e+18 3.5031e-02 0.0000e+00 1.3818e+05 0.0000e+00
3.8000e+02 1.9319e-11 1.8054e+00 1.8359e+03 2.1169e+03 2.1600e+03 4.2081e+18 3.9241e+18 3.9241e+18 3.5443e-02 0.0000e+00 1.3677e+05 0.0000e+00
3.9000e+02 1.9215e-11 1.7754e+00 1.8381e+03 2.1196e+03 2.1600e+03 4.0937e+18 3.8292e+18 3.8292e+18 3.5848e-02 0.0000e+00 1.3542e+05 0.0000e+00
4.0000e+02 1.9112e-11 1.7465e+00 1.8404e+03 2.1221e+03 2.1600e+03 3.9857e+18 3.7392e+18 3.7392e+18 3.6246e-02 0.0000e+00 1.3411e+05 0.0000e+00
4.1000e+02 1.9010e-11 1.7186e+00 1.8425e+03 2.1246e+03 2.1600e+03 3.8837e+18 3.6538e+18 3.6538e+18 3.6636e-02 0.0000e+00 1.3286e+05 0.0000e+00
4.2000e+02 1.8908e-11 1.6917e+00 1.8446e+03 2.1270e+03 2.1600e+03 3.7872e+18 3.5727e+18 3.5727e+18 3.7020e-02 0.0000e+00 1.3165e+05 0.0000e+00
4.3000e+02 1.8807e-11 1.6658e+00 1.8466e+03 2.1293e+03 2.1600e+03 3.6960e+18 3.4958e+18 3.4958e+18 3.7396e-02 0.0000e+00 1.3049e+05 0.0000e+00
4.4000e+02 1.8707e-11 1.6407e+00 1.8486e+03 2.1316e+03 2.1600e+03 3.6097e+18 3.4228e+18 3.4228e+18 3.7765e-02 0.0000e+00 1.2937e+05 0.0000e+00
4.5000e+02 1.8608e-11 1.6166e+00 1.8505e+03 2.1338e+03 2.1600e+03 3.5280e+18 3.3534e+18 3.3534e+18 3.8126e-02 0.0000e+00 1.2830e+05 0.0000e+00
4.6000e+02 1.8509e-11 1.5932e+00 1.8524e+03 2.1360e+03 2.1600e+03 3.4507e+18 3.2875e+18 3.2875e+18 3.8479e-02 0.0000e+00 1.2727e+05 0.0000e+00
4.7000e+02 1.8411e-11 1.5706e+00 1.8542e+03 2.1381e+03 2.1600e+03 3.3774e+18 3.2248e+18 3.2248e+18 3.8825e-02 0.0000e+00 1.2627e+05 0.0000e+00
4.8000e+02 1.8313e-11 1.5488e+00 1.8559e+03 2.1401e+03 2.1600e+03 3.3080e+18 3.1652e+18 3.1652e+18 3.9163e-02 0.0000e+00 1.2532e+05 0.0000e+00
4.9000e+02 1.8217e-11 1.5278e+00 1.8577e+03 2.1421e+03 2.1600e+03 3.2422e+18 3.1086e+18 3.1086e+18 3.9494e-02 0.0000e+00 1.2440e+05 0.0000e+00
5.0000e+02 1.8121e-11 1.5074e+00 1.8593e+03 2.1440e+03 2.1600e+03 3.1798e+18 3.0548e+18 3.0548e+18 3.9816e-02 0.0000e+00 1.2352e+05 0.0000e+00
5.1000e+02 1.8025e-11 1.4877e+00 1.8609e+03 2.1458e+03 2.1600e+03 3.1206e+18 3.0036e+18 3.0036e+18 4.0131e-02 0.0000e+00 1.2267e+05 0.0000e+00
5.2000e+02 1.7930e-11 1.4687e+00 1.8625e+03 2.1476e+03 2.1600e+03 3.0645e+18 2.9549e+18 2.9549e+18 4.0438e-02 0.0000e+00 1.2185e+05 0.0000e+00
5.3000e+02 1.7836e-11 1.4502e+00 1.8640e+03 2.1493e+03 2.1600e+03 3.0112e+18 2.9085e+18 2.9085e+18 4.0736e-02 0.0000e+00 1.2107e+05 0.0000e+00
5.4000e+02 1.7743e-11 1.4324e+00 1.8654e+03 2.1510e+03 2.1600e+03 2.9606e+18 2.8644e+18 2.8644e+18 4.1027e-02 0.0000e+00 1.2032e+05 0.0000e+00
5.5000e+02 1.7650e-11 1.4152e+00 1.8668e+03 2.1526e+03 2.1600e+03 2.9127e+18 2.8225e+18 2.8225e+18 4.1310e-02 0.0000e+00 1.1960e+05 0.0000e+00
5.6000e+02 1.7558e-11 1.3984e+00 1.8682e+03 2.1542e+03 2.1600e+03 2.8671e+18 2.7826e+18 2.7826e+18 4.1585e-02 0.0000e+00 1.1890e+05 0.0000e+00
5.7000e+02 1.7466e-11 1.3823e+00 1.8695e+03 2.1557e+03 2.1600e+03 2.8238e+18 2.7446e+18 2.7446e+18 4.1852e-02 0.0000e+00 1.1824e+05 0.0000e+00
5.8000e+02 1.7375e-11 1.3666e+00 1.8708e+03 2.1572e+03 2.1600e+03 2.7828e+18 2.7085e+18 2.7085e+18 4.2112e-02 0.0000e+00 1.1760e+05 0.0000e+00
5.9000e+02 1.7285e-11 1.3514e+00 1.8720e+03 2.1586e+03 2.1600e+03 2.7438e+18 2.6742e+18 2.6742e+18 4.2363e-02 0.0000e+00 1.1699e+05 0.0000e+00
6.0000e+02 1.7195e-11 1.3367e+00 1.8732e+03 2.1600e+03 2.1600e+03 2.7068e+18 2.6415e+18 2.6415e+18 4.2607e-02 0.0000e+00 1.1640e+05 0.0000e+00
6.1000e+02 1.7106e-11 1.3225e+00 1.8743e+03 2.1613e+03 2.1600e+03 2.6717e+18 2.6104e+18 2.6104e+18 4.2842e-02 0.0000e+00 1.1584e+05 0.0000e+00
6.2000e+02 1.7017e-11 1.3087e+00 1.8754e+03 2.1625e+03 2.1600e+03 2.6383e+18 2.5809e+18 2.5809e+18 4.3070e-02 0.0000e+00 1.1531e+05 0.0000e+00
6.3000e+02 1.6929e-11 1.2953e+00 1.8765e+03 2.1637e+03 2.1600e+03 2.6067e+18 2.5528e+18 2.5528e+18 4.3291e-02 0.0000e+00 1.1479e+05 0.0000e+00
6.4000e+02 1.6842e-11 1.2823e+00 1.8775e+03 2.1649e+03 2.1600e+03 2.5767e+18 2.5261e+18 2.5261e+18 4.3504e-02 0.0000e+00 1.1430e+05 0.0000e+00
6.5000e+02 1.6755e-11 1.2697e+00 1.8785e+03 2.1660e+03 2.1600e+03 2.5482e+18 2.5008e+18 2.5008e+18 4.3709e-02 0.0000e+00 1.1383e+05 0.0000e+00
6.6000e+02 1.6669e-11 1.2575e+00 1.8794e+03 2.1671e+03 2.1600e+03 2.5212e+18 2.4767e+18 2.4767e+18 4.3907e-02 0.0000e+00 1.1338e+05 0.0000e+00
6.7000e+02 1.6584e-11 1.2456e+00 1.8803e+03 2.1682e+03 2.1600e+03 2.4956e+18 2.4539e+18 2.4539e+18 4.4097e-02 0.0000e+00 1.1295e+05 0.0000e+00
6.8000e+02 1.6499e-11 1.2341e+00 1.8811e+03 2.1691e+03 2.1600e+03 2.4714e+18 2.4322e+18 2.4322e+18 4.4280e-02 0.0000e+00 1.1254e+05 0.0000e+00
6.9000e+02 1.6414e-11 1.2230e+00 1.8820e+03 2.1701e+03 2.1600e+03 2.4484e+18 2.4117e+18 2.4117e+18 4.4456e-02 0.0000e+00 1.1215e+05 0.0000e+00
7.0000e+02 1.6331e-11 1.2121e+00 1.8828e+03 2.1710e+03 2.1600e+03 2.4267e+18 2.3922e+18 2.3922e+18 4.4624e-02 0.0000e+00 1.1178e+05 0.0000e+00
7.1000e+02 1.6247e-11 1.2016e+00 1.8835e+03 2.1719e+03 2.1600e+03 2.4061e+18 2.3738e+18 2.3738e+18 4.4786e-02 0.0000e+00 1.1143e+05 0.0000e+00
7.2000e+02 1.6165e-11 1.1914e+00 1.8842e+03 2.1727e+03 2.1600e+03 2.3867e+18 2.3564e+18 2.3564e+18 4.4940e-02 0.0000e+00 1.1110e+05 0.0000e+00
7.3000e+02 1.6083e-11 1.1815e+00 1.8849e+03 2.1735e+03 2.1600e+03 2.3684e+18 2.3399e+18 2.3399e+18 4.5088e-02 0.0000e+00 1.1078e+05 0.0000e+00
7.4000e+02 1.6001e-11 1.1718e+00 1.8856e+03 2.1742e+03 2.1600e+03 2.3511e+18 2.3244e+18 2.3244e+18 4.5228e-02 0.0000e+00 1.1048e+05 0.0000e+00
7.5000e+02 1.5920e-11 1.1624e+00 1.8862e+03 2.1749e+03 2.1600e+03 2.3348e+18 2.3097e+18 2.3097e+18 4.5362e-02 0.0000e+00 1.1019e+05 0.0000e+00
7.6000e+02 1.5839e-11 1.1533e+00 1.8868e+03 2.1756e+03 2.1600e+03 2.3195e+18 2.2959e+18 2.2959e+18 4.5489e-02 0.0000e+00 1.0992e+05 0.0000e+00
7.7000e+02 1.5759e-11 1.1445e+00 1.8873e+03 2.1763e+03 2.1600e+03 2.3051e+18 2.2830e+18 2.2830e+18 4.5610e-02 0.0000e+00 1.0967e+05 0.0000e+00
7.8000e+02 1.5680e-11 1.1358e+00 1.8878e+03 2.1769e+03 2.1600e+03 2.2916e+18 2.2708e+18 2.2708e+18 4.5724e-02 0.0000e+00 1.0943e+05 0.0000e+00
7.9000e+02 1.5601e-11 1.1275e+00 1.8883e+03 2.1774e+03 2.1600e+03 2.2789e+18 2.2593e+18 2.2593e+18 4.5832e-02 0.0000e+00 1.0920e+05 0.0000e+00
8.0000e+02 1.5523e-11 1.1193e+00 1.8888e+03 2.1780e+03 2.1600e+03 2.2671e+18 2.2486e+18 2.2486e+18 4.5934e-02 0.0000e+00 1.0899e+05 0.0000e+00
8.1000e+02 1.5445e-11 1.1114e+00 1.8892e+03 2.1785e+03 2.1600e+03 2.2560e+18 2.2387e+18 2.2387e+18 4.6030e-02 0.0000e+00 1.0879e+05 0.0000e+00
8.2000e+02 1.5368e-11 1.1037e+00 1.8896e+03 2.1789e+03 2.1600e+03 2.2457e+18 2.2294e+18 2.2294e+18 4.6119e-02 0.0000e+00 1.0861e+05 0.0000e+00
8.3000e+02 1.5291e-11 1.0962e+00 1.8900e+03 2.1794e+03 2.1600e+03 2.2362e+18 2.2208e+18 2.2208e+18 4.6203e-02 0.0000e+00 1.0844e+05 0.0000e+00
8.4000e+02 1.5215e-11 1.0889e+00 1.8904e+03 2.1798e+03 2.1600e+03 2.2274e+18 2.2128e+18 2.2128e+18 4.6281e-02 0.0000e+00 1.0828e+05 0.0000e+00
8.5000e+02 1.5139e-11 1.0818e+00 1.8907e+03 2.1801e+03 2.1600e+03 2.2192e+18 2.2054e+18 2.2054e+18 4.6353e-02 0.0000e+00 1.0813e+05 0.0000e+00
8.6000e+02 1.5064e-11 1.0748e+00 1.8910e+03 2.1805e+03 2.1600e+03 2.2118e+18 2.1987e+18 2.1987e+18 4.6420e-02 0.0000e+00 1.0799e+05 0.0000e+00
8.7000e+02 1.4989e-11 1.0681e+00 1.8913e+03 2.1808e+03 2.1600e+03 2.2049e+18 2.1925e+18 2.1925e+18 4.6481e-02 0.0000e+00 1.0787e+05 0.0000e+00
8.8000e+02 1.4914e-11 1.0615e+00 1.8915e+03 2.1811e+03 2.1600e+03 2.1987e+18 2.1869e+18 2.1869e+18 4.6537e-02 0.0000e+00 1.0776e+05 0.0000e+00
8.9000e+02 1.4841e-11 1.0551e+00 1.8917e+03 2.1814e+03 2.1600e+03 2.1931e+18 2.1818e+18 2.1818e+18 4.6587e-02 0.0000e+00 1.0765e+05 0.0000e+00
9.0000e+02 1.4767e-11 1.0489e+00 1.8919e+03 2.1816e+03 2.1600e+03 2.1881e+18 2.1773e+18 2.1773e+18 4.6632e-02 0.0000e+00 1.0756e+05 0.0000e+00
9.1000e+02 1.4695e-11 1.0428e+00 1.8921e+03 2.1818e+03 2.1600e+03 2.1837e+18 2.1733e+18 2.1733e+18 4.6673e-02 0.0000e+00 1.0748e+05 0.0000e+00
9.2000e+02 1.4622e-11 1.0369e+00 1.8923e+03 2.1820e+03 2.1600e+03 2.1798e+18 2.1698e+18 2.1698e+18 4.6708e-02 0.0000e+00 1.0741e+05 0.0000e+00
9.3000e+02 1.4550e-11 1.0311e+00 1.8924e+03 2.1821e+03 2.1600e+03 2.1764e+18 2.1667e+18 2.1667e+18 4.6738e-02 0.0000e+00 1.0735e+05 0.0000e+00
9.4000e+02 1.4479e-11 1.0255e+00 1.8925e+03 2.1823e+03 2.1600e+03 2.1736e+18 2.1642e+18 2.1642e+18 4.6764e-02 0.0000e+00 1.0730e+05 0.0000e+00
9.5000e+02 1.4408e-11 1.0200e+00 1.8926e+03 2.1824e+03 2.1600e+03 2.1713e+18 2.1621e+18 2.1621e+18 4.6785e-02 0.0000e+00 1.0725e+05 0.0000e+00
9.6000e+02 1.4338e-11 1.0147e+00 1.8927e+03 2.1825e+03 2.1600e+03 2.1694e+18 2.1605e+18 2.1605e+18 4.6802e-02 0.0000e+00 1.0722e+05 0.0000e+00
9.7000e+02 1.4268e-11 1.0095e+00 1.8928e+03 2.1825e+03 2.1600e+03 2.1681e+18 2.1593e+18 2.1593e+18 4.6814e-02 0.0000e+00 1.0720e+05 0.0000e+00
9.8000e+02 1.4198e-11 1.0044e+00 1.8928e+03 2.1826e+03 2.1600e+03 2.1672e+18 2.1585e+18 2.1585e+18 4.6822e-02 0.0000e+00 1.0718e+05 0.0000e+00
9.9000e+02 1.4129e-11 9.9943e-01 1.8928e+03 2.1826e+03 2.1600e+03 2.1667e+18 2.1581e+18 2.1581e+18 4.6826e-02 0.0000e+00 1.0717e+05 0.0000e+00
1.0000e+03 1.4061e-11 9.9459e-01 1.8928e+03 2.1826e+03 2.1600e+03 2.1668e+18 2.1582e+18 2.1582e+18 4.6825e-02 0.0000e+00 1.0717e+05 0.0000e+00
1.0100e+03 1.3992e-11 9.8986e-01 1.8928e+03 2.1826e+03 2.1600e+03 2.1672e+18 2.1586e+18 2.1586e+18 4.6821e-02 0.0000e+00 1.0718e+05 0.0000e+00
1.0200e+03 1.3925e-11 9.8525e-01 1.8928e+03 2.1825e+03 2.1600e+03 2.1681e+18 2.1594e+18 2.1594e+18 4.6812e-02 0.0000e+00 1.0720e+05 0.0000e+00
1.0300e+03 1.3858e-11 9.8075e-01 1.8927e+03 2.1825e+03 2.1600e+03 2.1694e+18 2.1606e+18 2.1606e+18 4.6800e-02 0.0000e+00 1.0722e+05 0.0000e+00
1.0400e+03 1.3791e-11 9.7635e-01 1.8926e+03 2.1824e+03 2.1600e+03 2.1711e+18 2.1622e+18 2.1622e+18 4.6784e-02 0.0000e+00 1.0726e+05 0.0000e+00
1.0500e+03 1.3724e-11 9.7206e-01 1.8925e+03 2.1823e+03 2.1600e+03 2.1731e+18 2.1642e+18 2.1642e+18 4.6764e-02 0.0000e+00 1.0730e+05 0.0000e+00
1.0600e+03 1.3658e-11 9.6787e-01 1.8924e+03 2.1822e+03 2.1600e+03 2.1756e+18 2.1664e+18 2.1664e+18 4.6741e-02 0.0000e+00 1.0734e+05 0.0000e+00
1.0700e+03 1.3593e-11 9.6378e-01 1.8923e+03 2.1820e+03 2.1600e+03 2.1785e+18 2.1691e+18 2.1691e+18 4.6715e-02 0.0000e+00 1.0740e+05 0.0000e+00
1.0800e+03 1.3528e-11 9.5977e-01 1.8922e+03 2.1819e+03 2.1600e+03 2.1817e+18 2.1720e+18 2.1720e+18 4.6685e-02 0.0000e+00 1.0746e+05 0.0000e+00
1.0900e+03 1.3463e-11 9.5587e-01 1.8920e+03 2.1817e+03 2.1600e+03 2.1853e+18 2.1753e+18 2.1753e+18 4.6652e-02 0.0000e+00 1.0752e+05 0.0000e+00
1.1000e+03 1.3399e-11 9.5205e-01 1.8919e+03 2.1815e+03 2.1600e+03 2.1892e+18 2.1790e+18 2.1790e+18 4.6615e-02 0.0000e+00 1.0760e+05 0.0000e+00
1.1100e+03 1.3335e-11 9.4832e-01 1.8917e+03 2.1813e+03 2.1600e+03 2.1935e+18 2.1829e+18 2.1829e+18 4.6576e-02 0.0000e+00 1.0768e+05 0.0000e+00
1.1200e+03 1.3272e-11 9.4467e-01 1.8915e+03 2.1811e+03 2.1600e+03 2.1982e+18 2.1872e+18 2.1872e+18 4.6534e-02 0.0000e+00 1.0776e+05 0.0000e+00
1.1300e+03 1.3209e-11 9.4110e-01 1.8913e+03 2.1809e+03 2.1600e+03 2.2031e+18 2.1917e+18 2.1917e+18 4.6488e-02 0.0000e+00 1.0785e+05 0.0000e+00
1.1400e+03 1.3146e-11 9.3761e-01 1.8911e+03 2.1806e+03 2.1600e+03 2.2084e+18 2.1966e+18 2.1966e+18 4.6440e-02 0.0000e+00 1.0795e+05 0.0000e+00
1.1500e+03 1.3084e-11 9.3420e-01 1.8909e+03 2.1803e+03 2.1600e+03 2.2141e+18 2.2018e+18 2.2018e+18 4.6389e-02 0.0000e+00 1.0805e+05 0.0000e+00
1.1600e+03 1.3022e-11 9.3087e-01 1.8906e+03 2.1801e+03 2.1600e+03 2.2200e+18 2.2072e+18 2.2072e+18 4.6336e-02 0.0000e+00 1.0816e+05 0.0000e+00
1.1700e+03 1.2961e-11 9.2761e-01 1.8904e+03 2.1798e+03 2.1600e+03 2.2263e+18 2.2129e+18 2.2129e+18 4.6279e-02 0.0000e+00 1.0828e+05 0.0000e+00
1.1800e+03 1.2900e-11 9.2442e-01 1.8901e+03 2.1795e+03 2.1600e+03 2.2329e+18 2.2190e+18 2.2190e+18 4.6221e-02 0.0000e+00 1.0840e+05 0.0000e+00
1.1900e+03 1.2839e-11 9.2129e-01 1.8898e+03 2.1791e+03 2.1600e+03 2.2398e+18 2.2253e+18 2.2253e+18 4.6159e-02 0.0000e+00 1.0852e+05 0.0000e+00
1.2000e+03 1.2779e-11 9.1824e-01 1.8895e+03 2.1788e+03 2.1600e+03 2.2470e+18 2.2318e+18 2.2318e+18 4.6096e-02 0.0000e+00 1.0866e+05 0.0000e+00
1.2100e+03 1.2719e-11 9.1525e-01 1.8892e+03 2.1785e+03 2.1600e+03 2.2545e+18 2.2386e+18 2.2386e+18 4.6030e-02 0.0000e+00 1.0879e+05 0.0000e+00
1.2200e+03 1.2660e-11 9.1232e-01 1.8889e+03 2.1781e+03 2.1600e+03 2.2622e+18 2.2457e+18 2.2457e+18 4.5962e-02 0.0000e+00 1.0893e+05 0.0000e+00
1.2300e+03 1.2601e-11 9.0946e-01 1.8886e+03 2.1777e+03 2.1600e+03 2.2703e+18 2.2531e+18 2.2531e+18 4.5892e-02 0.0000e+00 1.0908e+05 0.0000e+00
1.2400e+03 1.2542e-11 9.0666e-01 1.8883e+03 2.1774e+03 2.1600e+03 2.2787e+18 2.2607e+18 2.2607e+18 4.5819e-02 0.0000e+00 1.0923e+05 0.0000e+00
1.2500e+03 1.2484e-11 9.0391e-01 1.8879e+03 2.1770e+03 2.1600e+03 2.2873e+18 2.2686e+18 2.2686e+18 4.5745e-02 0.0000e+00 1.0938e+05 0.0000e+00
1.2600e+03 1.2426e-11 9.0122e-01 1.8876e+03 2.1766e+03 2.1600e+03 2.2962e+18 2.2767e+18 2.2767e+18 4.5669e-02 0.0000e+00 1.0954e+05 0.0000e+00
1.2700e+03 1.2368e-11 8.9859e-01 1.8872e+03 2.1761e+03 2.1600e+03 2.3054e+18 2.2851e+18 2.2851e+18 4.5590e-02 0.0000e+00 1.0971e+05 0.0000e+00
1.2800e+03 1.2311e-11 8.9601e-01 1.8869e+03 2.1757e+03 2.1600e+03 2.3149e+18 2.2937e+18 2.2937e+18 4.5510e-02 0.0000e+00 1.0988e+05 0.0000e+00
1.2900e+03 1.2255e-11 8.9348e-01 1.8865e+03 2.1753e+03 2.1600e+03 2.3246e+18 2.3025e+18 2.3025e+18 4.5429e-02 0.0000e+00 1.1005e+05 0.0000e+00
1.3000e+03 1.2198e-11 8.9101e-01 1.8861e+03 2.1748e+03 2.1600e+03 2.3347e+18 2.3116e+18 2.3116e+18 4.5345e-02 0.0000e+00 1.1023e+05 0.0000e+00
1.3100e+03 1.2142e-11 8.8858e-01 1.8857e+03 2.1744e+03 2.1600e+03 2.3449e+18 2.3209e+18 2.3209e+18 4.5260e-02 0.0000e+00 1.1041e+05 0.0000e+00
1.3200e+03 1.2086e-11 8.8620e-01 1.8853e+03 2.1739e+03 2.1600e+03 2.3555e+18 2.3305e+18 2.3305e+18 4.5173e-02 0.0000e+00 1.1059e+05 0.0000e+00
1.3300e+03 1.2031e-11 8.8387e-01 1.8849e+03 2.1735e+03 2.1600e+03 2.3663e+18 2.3403e+18 2.3403e+18 4.5085e-02 0.0000e+00 1.1078e+05 0.0000e+00
1.3400e+03 1.1976e-11 8.8159e-01 1.8845e+03 2.1730e+03 2.1600e+03 2.3773e+18 2.3503e+18 2.3503e+18 4.4995e-02 0.0000e+00 1.1098e+05 0.0000e+00
1.3500e+03 1.1921e-11 8.7935e-01 1.8841e+03 2.1725e+03 2.1600e+03 2.3886e+18 2.3605e+18 2.3605e+18 4.4904e-02 0.0000e+00 1.1118e+05 0.0000e+00
1.3600e+03 1.1867e-11 8.7715e-01 1.8836e+03 2.1720e+03 2.1600e+03 2.4002e+18 2.3710e+18 2.3710e+18 4.4811e-02 0.0000e+00 1.1138e+05 0.0000e+00
1.3700e+03 1.1813e-11 8.7500e-01 1.8832e+03 2.1715e+03 2.1600e+03 2.4120e+18 2.3816e+18 2.3816e+18 4.4717e-02 0.0000e+00 1.1158e+05 0.0000e+00
1.3800e+03 1.1759e-11 8.7289e-01 1.8827e+03 2.1710e+03 2.1600e+03 2.4241e+18 2.3925e+18 2.3925e+18 4.4622e-02 0.0000e+00 1.1179e+05 0.0000e+00
1.3900e+03 1.1706e-11 8.7081e-01 1.8823e+03 2.1705e+03 2.1600e+03 2.4364e+18 2.4036e+18 2.4036e+18 4.4525e-02 0.0000e+00 1.1200e+05 0.0000e+00
1.4000e+03 1.1653e-11 8.6878e-01 1.8818e+03 2.1699e+03 2.1600e+03 2.4490e+18 2.4150e+18 2.4150e+18 4.4428e-02 0.0000e+00 1.1222e+05 0.0000e+00
1.4100e+03 1.1601e-11 8.6679e-01 1.8814e+03 2.1694e+03 2.1600e+03 2.4618e+18 2.4265e+18 2.4265e+18 4.4329e-02 0.0000e+00 1.1244e+05 0.0000e+00
1.4200e+03 1.1548e-11 8.6483e-01 1.8809e+03 2.1689e+03 2.1600e+03 2.4748e+18 2.4383e+18 2.4383e+18 4.4229e-02 0.0000e+00 1.1266e+05 0.0000e+00
1.4300e+03 1.1496e-11 8.6291e-01 1.8804e+03 2.1683e+03 2.1600e+03 2.4881e+18 2.4502e+18 2.4502e+18 4.4128e-02 0.0000e+00 1.1288e+05 0.0000e+00
1.4400e+03 1.1445e-11 8.6103e-01 1.8800e+03 2.1678e+03 2.1600e+03 2.5017e+18 2.4624e+18 2.4624e+18 4.4026e-02 0.0000e+00 1.1311e+05 0.0000e+00
1.4500e+03 1.1393e-11 8.5918e-01 1.8795e+03 2.1672e+03 2.1600e+03 2.5154e+18 2.4748e+18 2.4748e+18 4.3923e-02 0.0000e+00 1.1334e+05 0.0000e+00
1.4600e+03 1.1343e-11 8.5736e-01 1.8790e+03 2.1666e+03 2.1600e+03 2.5295e+18 2.4873e+18 2.4873e+18 4.3819e-02 0.0000e+00 1.1358e+05 0.0000e+00
1.4700e+03 1.1292e-11 8.5558e-01 1.8785e+03 2.1661e+03 2.1600e+03 2.5437e+18 2.5001e+18 2.5001e+18 4.3714e-02 0.0000e+00 1.1382e+05 0.0000e+00
1.4800e+03 1.1242e-11 8.5383e-01 1.8780e+03 2.1655e+03 2.1600e+03 2.5582e+18 2.5131e+18 2.5131e+18 4.3609e-02 0.0000e+00 1.1406e+05 0.0000e+00
1.4900e+03 1.1192e-11 8.5211e-01 1.8775e+03 2.1649e+03 2.1600e+03 2.5729e+18 2.5263e+18 2.5263e+18 4.3502e-02 0.0000e+00 1.1430e+05 0.0000e+00
1.5000e+03 1.1142e-11 8.5043e-01 1.8770e+03 2.1643e+03 2.1600e+03 2.5879e+18 2.5397e+18 2.5397e+18 4.3395e-02 0.0000e+00 1.1455e+05 0.0000e+00
1.5100e+03 1.1092e-11 8.4877e-01 1.8765e+03 2.1637e+03 2.1600e+03 2.6031e+18 2.5533e+18 2.5533e+18 4.3287e-02 0.0000e+00 1.1480e+05 0.0000e+00
1.5200e+03 1.1043e-11 8.4714e-01 1.8759e+03 2.1631e+03 2.1600e+03 2.6185e+18 2.5671e+18 2.5671e+18 4.3178e-02 0.0000e+00 1.1505e+05 0.0000e+00
1.5300e+03 1.0995e-11 8.4554e-01 1.8754e+03 2.1625e+03 2.1600e+03 2.6342e+18 2.5811e+18 2.5811e+18 4.3069e-02 0.0000e+00 1.1531e+05 0.0000e+00
1.5400e+03 1.0946e-11 8.4397e-01 1.8749e+03 2.1619e+03 2.1600e+03 2.6501e+18 2.5952e+18 2.5952e+18 4.2959e-02 0.0000e+00 1.1557e+05 0.0000e+00
1.5500e+03 1.0898e-11 8.4242e-01 1.8743e+03 2.1613e+03 2.1600e+03 2.6662e+18 2.6096e+18 2.6096e+18 4.2849e-02 0.0000e+00 1.1583e+05 0.0000e+00
1.5600e+03 1.0850e-11 8.4090e-01 1.8738e+03 2.1607e+03 2.1600e+03 2.6825e+18 2.6242e+18 2.6242e+18 4.2738e-02 0.0000e+00 1.1609e+05 0.0000e+00
1.5700e+03 1.0803e-11 8.3941e-01 1.8733e+03 2.1601e+03 2.1600e+03 2.6991e+18 2.6389e+18 2.6389e+18 4.2626e-02 0.0000e+00 1.1636e+05 0.0000e+00
1.5800e+03 1.0755e-11 8.3795e-01 1.8727e+03 2.1594e+03 2.1600e+03 2.7159e+18 2.6539e+18 2.6539e+18 4.2514e-02 0.0000e+00 1.1663e+05 0.0000e+00
1.5900e+03 1.0708e-11 8.3650e-01 1.8722e+03 2.1588e+03 2.1600e+03 2.7330e+18 2.6690e+18 2.6690e+18 4.2401e-02 0.0000e+00 1.1690e+05 0.0000e+00
1.6000e+03 1.0662e-11 8.3509e-01 1.8716e+03 2.1582e+03 2.1600e+03 2.7502e+18 2.6844e+18 2.6844e+18 4.2288e-02 0.0000e+00 1.1717e+05 0.0000e+00
1.6100e+03 1.0615e-11 8.3369e-01 1.8711e+03 2.1575e+03 2.1600e+03 2.7677e+18 2.6999e+18 2.6999e+18 4.2174e-02 0.0000e+00 1.1745e+05 0.0000e+00
1.6200e+03 1.0569e-11 8.3232e-01 1.8705e+03 2.1569e+03 2.1600e+03 2.7855e+18 2.7156e+18 2.7156e+18 4.2060e-02 0.0000e+00 1.1773e+05 0.0000e+00
1.6300e+03 1.0523e-11 8.3097e-01 1.8700e+03 2.1562e+03 2.1600e+03 2.8034e+18 2.7315e+18 2.7315e+18 4.1946e-02 0.0000e+00 1.1801e+05 0.0000e+00
1.6400e+03 1.0478e-11 8.2965e-01 1.8694e+03 2.1556e+03 2.1600e+03 2.8216e+18 2.7476e+18 2.7476e+18 4.1831e-02 0.0000e+00 1.1829e+05 0.0000e+00
1.6500e+03 1.0433e-11 8.2834e-01 1.8688e+03 2.1549e+03 2.1600e+03 2.8400e+18 2.7638e+18 2.7638e+18 4.1716e-02 0.0000e+00 1.1857e+05 0.0000e+00
1.6600e+03 1.0388e-11 8.2706e-01 1.8683e+03 2.1543e+03 2.1600e+03 2.8586e+18 2.7803e+18 2.7803e+18 4.1601e-02 0.0000e+00 1.1886e+05 0.0000e+00
1.6700e+03 1.0343e-11 8.2579e-01 1.8677e+03 2.1536e+03 2.1600e+03 2.8775e+18 2.7970e+18 2.7970e+18 4.1485e-02 0.0000e+00 1.1915e+05 0.0000e+00
1.6800e+03 1.0299e-11 8.2455e-01 1.8671e+03 2.1530e+03 2.1600e+03 2.8966e+18 2.8138e+18 2.8138e+18 4.1370e-02 0.0000e+00 1.1944e+05 0.0000e+00
1.6900e+03 1.0255e-11 8.2333e-01 1.8665e+03 2.1523e+03 2.1600e+03 2.9159e+18 2.8308e+18 2.8308e+18 4.1254e-02 0.0000e+00 1.1974e+05 0.0000e+00
1.7000e+03 1.0211e-11 8.2212e-01 1.8660e+03 2.1516e+03 2.1600e+03 2.9355e+18 2.8480e+18 2.8480e+18 4.1137e-02 0.0000e+00 1.2004e+05 0.0000e+00
1.7100e+03 1.0167e-11 8.2094e-01 1.8654e+03 2.1510e+03 2.1600e+03 2.9553e+18 2.8654e+18 2.8654e+18 4.1021e-02 0.0000e+00 1.2033e+05 0.0000e+00
1.7200e+03 1.0124e-11 8.1977e-01 1.8648e+03 2.1503e+03 2.1600e+03 2.9753e+18 2.8830e+18 2.8830e+18 4.0904e-02 0.0000e+00 1.2063e+05 0.0000e+00
1.7300e+03 1.0081e-11 8.1862e-01 1.8642e+03 2.1496e+03 2.1600e+03 2.9955e+18 2.9007e+18 2.9007e+18 4.0787e-02 0.0000e+00 1.2094e+05 0.0000e+00
1.7400e+03 1.0038e-11 8.1749e-01 1.8636e+03 2.1489e+03 2.1600e+03 3.0160e+18 2.9187e+18 2.9187e+18 4.0670e-02 0.0000e+00 1.2124e+05 0.0000e+00
1.7500e+03 9.9954e-12 8.1638e-01 1.8630e+03 2.1483e+03 2.1600e+03 3.0366e+18 2.9368e+18 2.9368e+18 4.0553e-02 0.0000e+00 1.2155e+05 0.0000e+00
1.7600e+03 9.9531e-12 8.1528e-01 1.8625e+03 2.1476e+03 2.1600e+03 3.0576e+18 2.9551e+18 2.9551e+18 4.0436e-02 0.0000e+00 1.2186e+05 0.0000e+00
1.7700e+03 9.9111e-12 8.1420e-01 1.8619e+03 2.1469e+03 2.1600e+03 3.0787e+18 2.9736e+18 2.9736e+18 4.0319e-02 0.0000e+00 1.2217e+05 0.0000e+00
1.7800e+03 9.8693e-12 8.1314e-01 1.8613e+03 2.1462e+03 2.1600e+03 3.1001e+18 2.9922e+18 2.9922e+18 4.0201e-02 0.0000e+00 1.2248e+05 0.0000e+00
1.7900e+03 9.8278e-12 8.1209e-01 1.8607e+03 2.1455e+03 2.1600e+03 3.1217e+18 3.0111e+18 3.0111e+18 4.0084e-02 0.0000e+00 1.2279e+05 0.0000e+00
1.8000e+03 9.7866e-12 8.1106e-01 1.8601e+03 2.1448e+03 2.1600e+03 3.1435e+18 3.0301e+18 3.0301e+18 3.9967e-02 0.0000e+00 1.2311e+05 0.0000e+00
1.8100e+03 9.7456e-12 8.1004e-01 1.8595e+03 2.1442e+03 2.1600e+03 3.1656e+18 3.0493e+18 3.0493e+18 3.9849e-02 0.0000e+00 1.2343e+05 0.0000e+00
1.8200e+03 9.7049e-12 8.0904e-01 1.8589e+03 2.1435e+03 2.1600e+03 3.1879e+18 3.0687e+18 3.0687e+18 3.9732e-02 0.0000e+00 1.2375e+05 0.0000e+00
1.8300e+03 9.6644e-12 8.0805e-01 1.8583e+03 2.1428e+03 2.1600e+03 3.2104e+18 3.0883e+18 3.0883e+18 3.9614e-02 0.0000e+00 1.2407e+05 0.0000e+00
1.8400e+03 9.6241e-12 8.0708e-01 1.8577e+03 2.1421e+03 2.1600e+03 3.2332e+18 3.1081e+18 3.1081e+18 3.9497e-02 0.0000e+00 1.2439e+05 0.0000e+00
1.8500e+03 9.5841e-12 8.0612e-01 1.8571e+03 2.1414e+03 2.1600e+03 3.2562e+18 3.1280e+18 3.1280e+18 3.9380e-02 0.0000e+00 1.2471e+05 0.0000e+00
1.8600e+03 9.5444e-12 8.0517e-01 1.8565e+03 2.1407e+03 2.1600e+03 3.2794e+18 3.1481e+18 3.1481e+18 3.9262e-02 0.0000e+00 1.2504e+05 0.0000e+00
1.8700e+03 9.5048e-12 8.0424e-01 1.8559e+03 2.1400e+03 2.1600e+03 3.3028e+18 3.1684e+18 3.1684e+18 3.9145e-02 0.0000e+00 1.2537e+05 0.0000e+00
1.8800e+03 9.4656e-12 8.0332e-01 1.8552e+03 2.1393e+03 2.1600e+03 3.3265e+18 3.1889e+18 3.1889e+18 3.9028e-02 0.0000e+00 1.2570e+05 0.0000e+00
1.8900e+03 9.4265e-12 8.0242e-01 1.8546e+03 2.1386e+03 2.1600e+03 3.3504e+18 3.2096e+18 3.2096e+18 3.8911e-02 0.0000e+00 1.2603e+05 0.0000e+00
1.9000e+03 9.3877e-12 8.0152e-01 1.8540e+03 2.1379e+03 2.1600e+03 3.3746e+18 3.2304e+18 3.2304e+18 3.8794e-02 0.0000e+00 1.2636e+05 0.0000e+00
1.9100e+03 9.3491e-12 8.0064e-01 1.8534e+03 2.1372e+03 2.1600e+03 3.3990e+18 3.2515e+18 3.2515e+18 3.8677e-02 0.0000e+00 1.2670e+05 0.0000e+00
1.9200e+03 9.3108e-12 7.9977e-01 1.8528e+03 2.1365e+03 2.1600e+03 3.4236e+18 3.2727e+18 3.2727e+18 3.8560e-02 0.0000e+00 1.2703e+05 0.0000e+00
1.9300e+03 9.2727e-12 7.9892e-01 1.8522e+03 2.1358e+03 2.1600e+03 3.4485e+18 3.2941e+18 3.2941e+18 3.8444e-02 0.0000e+00 1.2737e+05 0.0000e+00
1.9400e+03 9.2348e-12 7.9807e-01 1.8516e+03 2.1350e+03 2.1600e+03 3.4736e+18 3.3156e+18 3.3156e+18 3.8327e-02 0.0000e+00 1.2771e+05 0.0000e+00
1.9500e+03 9.1972e-12 7.9724e-01 1.8510e+03 2.1343e+03 2.1600e+03 3.4989e+18 3.3374e+18 3.3374e+18 3.8211e-02 0.0000e+00 1.2805e+05 0.0000e+00
1.9600e+03 9.1597e-12 7.9641e-01 1.8503e+03 2.1336e+03 2.1600e+03 3.5245e+18 3.3593e+18 3.3593e+18 3.8095e-02 0.0000e+00 1.2839e+05 0.0000e+00
1.9700e+03 9.1226e-12 7.9560e-01 1.8497e+03 2.1329e+03 2.1600e+03 3.5503e+18 3.3814e+18 3.3814e+18 3.7979e-02 0.0000e+00 1.2874e+05 0.0000e+00
1.9800e+03 9.0856e-12 7.9480e-01 1.8491e+03 2.1322e+03 2.1600e+03 3.5763e+18 3.4037e+18 3.4037e+18 3.7863e-02 0.0000e+00 1.2908e+05 0.0000e+00
1.9900e+03 9.0488e-12 7.9401e-01 1.8485e+03 2.1315e+03 2.1600e+03 3.6026e+18 3.4262e+18 3.4262e+18 3.7747e-02 0.0000e+00 1.2943e+05 0.0000e+00
2.0000e+03 9.0123e-12 7.9323e-01 1.8479e+03 2.1308e+03 2.1600e+03 3.6292e+18 3.4488e+18 3.4488e+18 3.7632e-02 0.0000e+00 1.2977e+05 0.0000e+00
2.0100e+03 8.9760e-12 7.9246e-01 1.8473e+03 2.1301e+03 2.1600e+03 3.6559e+18 3.4717e+18 3.4717e+18 3.7517e-02 0.0000e+00 1.3012e+05 0.0000e+00
2.0200e+03 8.9399e-12 7.9170e-01 1.8466e+03 2.1294e+03 2.1600e+03 3.6829e+18 3.4947e+18 3.4947e+18 3.7402e-02 0.0000e+00 1.3047e+05 0.0000e+00
2.0300e+03 8.9040e-12 7.9095e-01 1.8460e+03 2.1286e+03 2.1600e+03 3.7102e+18 3.5179e+18 3.5179e+18 3.7287e-02 0.0000e+00 1.3083e+05 0.0000e+00
2.0400e+03 8.8683e-12 7.9021e-01 1.8454e+03 2.1279e+03 2.1600e+03 3.7377e+18 3.5413e+18 3.5413e+18 3.7172e-02 0.0000e+00 1.3118e+05 0.0000e+00
2.0500e+03 8.8329e-12 7.8948e-01 1.8448e+03 2.1272e+03 2.1600e+03 3.7654e+18 3.5648e+18 3.5648e+18 3.7058e-02 0.0000e+00 1.3153e+05 0.0000e+00
2.0600e+03 8.7976e-12 7.8876e-01 1.8442e+03 2.1265e+03 2.1600e+03 3.7934e+18 3.5886e+18 3.5886e+18 3.6944e-02 0.0000e+00 1.3189e+05 0.0000e+00
2.0700e+03 8.7626e-12 7.8804e-01 1.8436e+03 2.1258e+03 2.1600e+03 3.8217e+18 3.6125e+18 3.6125e+18 3.6830e-02 0.0000e+00 1.3225e+05 0.0000e+00
2.0800e+03 8.7278e-12 7.8734e-01 1.8429e+03 2.1251e+03 2.1600e+03 3.8502e+18 3.6366e+18 3.6366e+18 3.6716e-02 0.0000e+00 1.3261e+05 0.0000e+00
2.0900e+03 8.6932e-12 7.8664e-01 1.8423e+03 2.1244e+03 2.1600e+03 3.8789e+18 3.6609e+18 3.6609e+18 3.6603e-02 0.0000e+00 1.3297e+05 0.0000e+00
2.1000e+03 8.6587e-12 7.8596e-01 1.8417e+03 2.1237e+03 2.1600e+03 3.9079e+18 3.6854e+18 3.6854e+18 3.6490e-02 0.0000e+00 1.3333e+05 0.0000e+00
2.1100e+03 8.6245e-12 7.8528e-01 1.8411e+03 2.1229e+03 2.1600e+03 3.9371e+18 3.7101e+18 3.7101e+18 3.6377e-02 0.0000e+00 1.3369e+05 0.0000e+00
2.1200e+03 8.5905e-12 7.8461e-01 1.8405e+03 2.1222e+03 2.1600e+03 3.9666e+18 3.7349e+18 3.7349e+18 3.6265e-02 0.0000e+00 1.3405e+05 0.0000e+00
2.1300e+03 8.5567e-12 7.8395e-01 1.8398e+03 2.1215e+03 2.1600e+03 3.9963e+18 3.7599e+18 3.7599e+18 3.6153e-02 0.0000e+00 1.3442e+05 0.0000e+00
2.1400e+03 8.5231e-12 7.8329e-01 1.8392e+03 2.1208e+03 2.1600e+03 4.0263e+18 3.7852e+18 3.7852e+18 3.6041e-02 0.0000e+00 1.3478e+05 0.0000e+00
2.1500e+03 8.4897e-12 7.8265e-01 1.8386e+03 2.1201e+03 2.1600e+03 4.0566e+18 3.8106e+18 3.8106e+18 3.5929e-02 0.0000e+00 1.3515e+05 0.0000e+00
2.1600e+03 8.4565e-12 7.8201e-01 1.8380e+03 2.1194e+03 2.1600e+03 4.0871e+18 3.8361e+18 3.8361e+18 3.5818e-02 0.0000e+00 1.3552e+05 0.0000e+00
2.1700e+03 8.4235e-12 7.8138e-01 1.8374e+03 2.1186e+03 2.1600e+03 4.1178e+18 3.8619e+18 3.8619e+18 3.5707e-02 0.0000e+00 1.3589e+05 0.0000e+00
2.1800e+03 8.3907e-12 7.8076e-01 1.8367e+03 2.1179e+03 2.1600e+03 4.1488e+18 3.8879e+18 3.8879e+18 3.5596e-02 0.0000e+00 1.3626e+05 0.0000e+00
2.1900e+03 8.3580e-12 7.8014e-01 1.8361e+03 2.1172e+03 2.1600e+03 4.1801e+18 3.9140e+18 3.9140e+18 3.5485e-02 0.0000e+00 1.3663e+05 0.0000e+00
2.2000e+03 8.3256e-12 7.7953e-01 1.8355e+03 2.1165e+03 2.1600e+03 4.2116e+18 3.9403e+18 3.9403e+18 3.5375e-02 0.0000e+00 1.3700e+05 0.0000e+00
2.2100e+03 8.2933e-12 7.7893e-01 1.8349e+03 2.1158e+03 2.1600e+03 4.2434e+18 3.9668e+18 3.9668e+18 3.5265e-02 0.0000e+00 1.3738e+05 0.0000e+00
2.2200e+03 8.2613e-12 7.7834e-01 1.8343e+03 2.1151e+03 2.1600e+03 4.2754e+18 3.9935e+18 3.9935e+18 3.5156e-02 0.0000e+00 1.3775e+05 0.0000e+00
2.2300e+03 8.2294e-12 7.7775e-01 1.8336e+03 2.1144e+03 2.1600e+03 4.3077e+18 4.0204e+18 4.0204e+18 3.5047e-02 0.0000e+00 1.3813e+05 0.0000e+00
2.2400e+03 8.1977e-12 7.7717e-01 1.8330e+03 2.1137e+03 2.1600e+03 4.3403e+18 4.0475e+18 4.0475e+18 3.4938e-02 0.0000e+00 1.3851e+05 0.0000e+00
2.2500e+03 8.1662e-12 7.7660e-01 1.8324e+03 2.1129e+03 2.1600e+03 4.3731e+18 4.0747e+18 4.0747e+18 3.4829e-02 0.0000e+00 1.3888e+05 0.0000e+00
2.2600e+03 8.1349e-12 7.7603e-01 1.8318e+03 2.1122e+03 2.1600e+03 4.4062e+18 4.1022e+18 4.1022e+18 3.4721e-02 0.0000e+00 1.3926e+05 0.0000e+00
2.2700e+03 8.1038e-12 7.7547e-01 1.8312e+03 2.1115e+03 2.1600e+03 4.4396e+18 4.1298e+18 4.1298e+18 3.4613e-02 0.0000e+00 1.3964e+05 0.0000e+00
2.2800e+03 8.0728e-12 7.7491e-01 1.8306e+03 2.1108e+03 2.1600e+03 4.4732e+18 4.1576e+18 4.1576e+18 3.4506e-02 0.0000e+00 1.4002e+05 0.0000e+00
2.2900e+03 8.0421e-12 7.7436e-01 1.8299e+03 2.1101e+03 2.1600e+03 4.5071e+18 4.1856e+18 4.1856e+18 3.4399e-02 0.0000e+00 1.4041e+05 0.0000e+00
2.3000e+03 8.0115e-12 7.7382e-01 1.8293e+03 2.1094e+03 2.1600e+03 4.5413e+18 4.2138e+18 4.2138e+18 3.4292e-02 0.0000e+00 1.4079e+05 0.0000e+00
2.3100e+03 7.9811e-12 7.7328e-01 1.8287e+03 2.1087e+03 2.1600e+03 4.5757e+18 4.2422e+18 4.2422e+18 3.4185e-02 0.0000e+00 1.4117e+05 0.0000e+00
2.3200e+03 7.9508e-12 7.7275e-01 1.8281e+03 2.1080e+03 2.1600e+03 4.6104e+18 4.2708e+18 4.2708e+18 3.4079e-02 0.0000e+00 1.4156e+05 0.0000e+00
2.3300e+03 7.9208e-12 7.7223e-01 1.8275e+03 2.1073e+03 2.1600e+03 4.6454e+18 4.2995e+18 4.2995e+18 3.3974e-02 0.0000e+00 1.4195e+05 0.0000e+00
2.3400e+03 7.8909e-12 7.7171e-01 1.8269e+03 2.1066e+03 2.1600e+03 4.6807e+18 4.3285e+18 4.3285e+18 3.3868e-02 0.0000e+00 1.4233e+05 0.0000e+00
2.3500e+03 7.8612e-12 7.7120e-01 1.8263e+03 2.1058e+03 2.1600e+03 4.7162e+18 4.3576e+18 4.3576e+18 3.3763e-02 0.0000e+00 1.4272e+05 0.0000e+00
2.3600e+03 7.8316e-12 7.7069e-01 1.8256e+03 2.1051e+03 2.1600e+03 4.7520e+18 4.3869e+18 4.3869e+18 3.3658e-02 0.0000e+00 1.4311e+05 0.0000e+00
2.3700e+03 7.8023e-12 7.7018e-01 1.8250e+03 2.1044e+03 2.1600e+03 4.7881e+18 4.4165e+18 4.4165e+18 3.3554e-02 0.0000e+00 1.4350e+05 0.0000e+00
2.3800e+03 7.7731e-12 7.6969e-01 1.8244e+03 2.1037e+03 2.1600e+03 4.8245e+18 4.4462e+18 4.4462e+18 3.3450e-02 0.0000e+00 1.4389e+05 0.0000e+00
2.3900e+03 7.7440e-12 7.6920e-01 1.8238e+03 2.1030e+03 2.1600e+03 4.8611e+18 4.4761e+18 4.4761e+18 3.3346e-02 0.0000e+00 1.4429e+05 0.0000e+00
2.4000e+03 7.7151e-12 7.6871e-01 1.8232e+03 2.1023e+03 2.1600e+03 4.8980e+18 4.5062e+18 4.5062e+18 3.3243e-02 0.0000e+00 1.4468e+05 0.0000e+00
2.4100e+03 7.6864e-12 7.6823e-01 1.8226e+03 2.1016e+03 2.1600e+03 4.9352e+18 4.5365e+18 4.5365e+18 3.3140e-02 0.0000e+00 1.4507e+05 0.0000e+00
2.4200e+03 7.6579e-12 7.6775e-01 1.8220e+03 2.1009e+03 2.1600e+03 4.9727e+18 4.5669e+18 4.5669e+18 3.3038e-02 0.0000e+00 1.4547e+05 0.0000e+00
2.4300e+03 7.6295e-12 7.6728e-01 1.8214e+03 2.1002e+03 2.1600e+03 5.0105e+18 4.5976e+18 4.5976e+18 3.2935e-02 0.0000e+00 1.4586e+05 0.0000e+00
2.4400e+03 7.6013e-12 7.6681e-01 1.8208e+03 2.0995e+03 2.1600e+03 5.0486e+18 4.6285e+18 4.6285e+18 3.2834e-02 0.0000e+00 1.4626e+05 0.0000e+00
2.4500e+03 7.5733e-12 7.6635e-01 1.8202e+03 2.0988e+03 2.1600e+03 5.0869e+18 4.6596e+18 4.6596e+18 3.2732e-02 0.0000e+00 1.4666e+05 0.0000e+00
2.4600e+03 7.5454e-12 7.6589e-01 1.8195e+03 2.0981e+03 2.1600e+03 5.1255e+18 4.6908e+18 4.6908e+18 3.2631e-02 0.0000e+00 1.4706e+05 0.0000e+00
2.4700e+03 7.5177e-12 7.6544e-01 1.8189e+03 2.0974e+03 2.1600e+03 5.1645e+18 4.7223e+18 4.7223e+18 3.2530e-02 0.0000e+00 1.4746e+05 0.0000e+00
2.4800e+03 7.4901e-12 7.6500e-01 1.8183e+03 2.0967e+03 2.1600e+03 5.2037e+18 4.7539e+18 4.7539e+18 3.2430e-02 0.0000e+00 1.4786e+05 0.0000e+00
2.4900e+03 7.4627e-12 7.6455e-01 1.8177e+03 2.0960e+03 2.1600e+03 5.2432e+18 4.7858e+18 4.7858e+18 3.2330e-02 0.0000e+00 1.4826e+05 0.0000e+00
2.5000e+03 7.4354e-12 7.6411e-01 1.8171e+03 2.0953e+03 2.1600e+03 5.2830e+18 4.8178e+18 4.8178e+18 3.2230e-02 0.0000e+00 1.4866e+05 0.0000e+00
2.5100e+03 7.4083e-12 7.6368e-01 1.8165e+03 2.0946e+03 2.1600e+03 5.3231e+18 4.8500e+18 4.8500e+18 3.2131e-02 0.0000e+00 1.4906e+05 0.0000e+00
2.5200e+03 7.3814e-12 7.6325e-01 1.8159e+03 2.0939e+03 2.1600e+03 5.3635e+18 4.8825e+18 4.8825e+18 3.2032e-02 0.0000e+00 1.4947e+05 0.0000e+00
2.5300e+03 7.3546e-12 7.6282e-01 1.8153e+03 2.0932e+03 2.1600e+03 5.4042e+18 4.9151e+18 4.9151e+18 3.1934e-02 0.0000e+00 1.4987e+05 0.0000e+00
2.5400e+03 7.3279e-12 7.6240e-01 1.8147e+03 2.0925e+03 2.1600e+03 5.4452e+18 4.9479e+18 4.9479e+18 3.1836e-02 0.0000e+00 1.5028e+05 0.0000e+00
2.5500e+03 7.3014e-12 7.6199e-01 1.8141e+03 2.0918e+03 2.1600e+03 5.4864e+18 4.9810e+18 4.9810e+18 3.1738e-02 0.0000e+00 1.5068e+05 0.0000e+00
2.5600e+03 7.2751e-12 7.6157e-01 1.8135e+03 2.0912e+03 2.1600e+03 5.5280e+18 5.0142e+18 5.0142e+18 3.1641e-02 0.0000e+00 1.5109e+05 0.0000e+00
2.5700e+03 7.2489e-12 7.6116e-01 1.8129e+03 2.0905e+03 2.1600e+03 5.5699e+18 5.0476e+18 5.0476e+18 3.1544e-02 0.0000e+00 1.5150e+05 0.0000e+00
2.5800e+03 7.2229e-12 7.6076e-01 1.8123e+03 2.0898e+03 2.1600e+03 5.6121e+18 5.0812e+18 5.0812e+18 3.1447e-02 0.0000e+00 1.5190e+05 0.0000e+00
2.5900e+03 7.1970e-12 7.6036e-01 1.8117e+03 2.0891e+03 2.1600e+03 5.6546e+18 5.1150e+18 5.1150e+18 3.1351e-02 0.0000e+00 1.5231e+05 0.0000e+00
2.6000e+03 7.1712e-12 7.5996e-01 1.8111e+03 2.0884e+03 2.1600e+03 5.6974e+18 5.1491e+18 5.1491e+18 3.1255e-02 0.0000e+00 1.5272e+05 0.0000e+00
2.6100e+03 7.1456e-12 7.5957e-01 1.8105e+03 2.0877e+03 2.1600e+03 5.7406e+18 5.1833e+18 5.1833e+18 3.1160e-02 0.0000e+00 1.5313e+05 0.0000e+00
2.6200e+03 7.1202e-12 7.5918e-01 1.8099e+03 2.0870e+03 2.1600e+03 5.7840e+18 5.2177e+18 5.2177e+18 3.1064e-02 0.0000e+00 1.5355e+05 0.0000e+00
2.6300e+03 7.0948e-12 7.5880e-01 1.8093e+03 2.0863e+03 2.1600e+03 5.8277e+18 5.2523e+18 5.2523e+18 3.0970e-02 0.0000e+00 1.5396e+05 0.0000e+00
2.6400e+03 7.0697e-12 7.5841e-01 1.8088e+03 2.0857e+03 2.1600e+03 5.8718e+18 5.2872e+18 5.2872e+18 3.0875e-02 0.0000e+00 1.5437e+05 0.0000e+00
2.6500e+03 7.0446e-12 7.5804e-01 1.8082e+03 2.0850e+03 2.1600e+03 5.9161e+18 5.3222e+18 5.3222e+18 3.0781e-02 0.0000e+00 1.5478e+05 0.0000e+00
2.6600e+03 7.0197e-12 7.5766e-01 1.8076e+03 2.0843e+03 2.1600e+03 5.9608e+18 5.3574e+18 5.3574e+18 3.0688e-02 0.0000e+00 1.5520e+05 0.0000e+00
2.6700e+03 6.9950e-12 7.5729e-01 1.8070e+03 2.0836e+03 2.1600e+03 6.0058e+18 5.3929e+18 5.3929e+18 3.0594e-02 0.0000e+00 1.5561e+05 0.0000e+00
2.6800e+03 6.9704e-12 7.5692e-01 1.8064e+03 2.0829e+03 2.1600e+03 6.0511e+18 5.4285e+18 5.4285e+18 3.0502e-02 0.0000e+00 1.5603e+05 0.0000e+00
2.6900e+03 6.9459e-12 7.5656e-01 1.8058e+03 2.0823e+03 2.1600e+03 6.0968e+18 5.4643e+18 5.4643e+18 3.0409e-02 0.0000e+00 1.5645e+05 0.0000e+00
2.7000e+03 6.9215e-12 7.5620e-01 1.8052e+03 2.0816e+03 2.1600e+03 6.1427e+18 5.5004e+18 5.5004e+18 3.0317e-02 0.0000e+00 1.5686e+05 0.0000e+00
2.7100e+03 6.8973e-12 7.5584e-01 1.8046e+03 2.0809e+03 2.1600e+03 6.1890e+18 5.5366e+18 5.5366e+18 3.0225e-02 0.0000e+00 1.5728e+05 0.0000e+00
2.7200e+03 6.8733e-12 7.5549e-01 1.8040e+03 2.0802e+03 2.1600e+03 6.2356e+18 5.5731e+18 5.5731e+18 3.0134e-02 0.0000e+00 1.5770e+05 0.0000e+00
2.7300e+03 6.8493e-12 7.5514e-01 1.8035e+03 2.0796e+03 2.1600e+03 6.2825e+18 5.6098e+18 5.6098e+18 3.0043e-02 0.0000e+00 1.5812e+05 0.0000e+00
2.7400e+03 6.8255e-12 7.5479e-01 1.8029e+03 2.0789e+03 2.1600e+03 6.3298e+18 5.6466e+18 5.6466e+18 2.9952e-02 0.0000e+00 1.5854e+05 0.0000e+00
2.7500e+03 6.8018e-12 7.5445e-01 1.8023e+03 2.0782e+03 2.1600e+03 6.3774e+18 5.6837e+18 5.6837e+18 2.9862e-02 0.0000e+00 1.5896e+05 0.0000e+00
2.7600e+03 6.7783e-12 7.5411e-01 1.8017e+03 2.0775e+03 2.1600e+03 6.4253e+18 5.7210e+18 5.7210e+18 2.9772e-02 0.0000e+00 1.5938e+05 0.0000e+00
2.7700e+03 6.7549e-12 7.5377e-01 1.8011e+03 2.0769e+03 2.1600e+03 6.4735e+18 5.7585e+18 5.7585e+18 2.9682e-02 0.0000e+00 1.5981e+05 0.0000e+00
2.7800e+03 6.7316e-12 7.5344e-01 1.8005e+03 2.0762e+03 2.1600e+03 6.5221e+18 5.7962e+18 5.7962e+18 2.9593e-02 0.0000e+00 1.6023e+05 0.0000e+00
2.7900e+03 6.7084e-12 7.5311e-01 1.8000e+03 2.0755e+03 2.1600e+03 6.5710e+18 5.8341e+18 5.8341e+18 2.9504e-02 0.0000e+00 1.6065e+05 0.0000e+00
2.8000e+03 6.6854e-12 7.5278e-01 1.7994e+03 2.0749e+03 2.1600e+03 6.6202e+18 5.8722e+18 5.8722e+18 2.9416e-02 0.0000e+00 1.6108e+05 0.0000e+00
2.8100e+03 6.6625e-12 7.5245e-01 1.7988e+03 2.0742e+03 2.1600e+03 6.6698e+18 5.9105e+18 5.9105e+18 2.9328e-02 0.0000e+00 1.6150e+05 0.0000e+00
2.8200e+03 6.6397e-12 7.5213e-01 1.7982e+03 2.0735e+03 2.1600e+03 6.7197e+18 5.9491e+18 5.9491e+18 2.9240e-02 0.0000e+00 1.6193e+05 0.0000e+00
2.8300e+03 6.6171e-12 7.5181e-01 1.7977e+03 2.0729e+03 2.1600e+03 6.7700e+18 5.9878e+18 5.9878e+18 2.9153e-02 0.0000e+00 1.6235e+05 0.0000e+00
2.8400e+03 6.5946e-12 7.5150e-01 1.7971e+03 2.0722e+03 2.1600e+03 6.8206e+18 6.0267e+18 6.0267e+18 2.9066e-02 0.0000e+00 1.6278e+05 0.0000e+00
2.8500e+03 6.5722e-12 7.5118e-01 1.7965e+03 2.0716e+03 2.1600e+03 6.8716e+18 6.0659e+18 6.0659e+18 2.8979e-02 0.0000e+00 1.6321e+05 0.0000e+00
2.8600e+03 6.5499e-12 7.5087e-01 1.7959e+03 2.0709e+03 2.1600e+03 6.9229e+18 6.1053e+18 6.1053e+18 2.8893e-02 0.0000e+00 1.6363e+05 0.0000e+00
2.8700e+03 6.5278e-12 7.5057e-01 1.7954e+03 2.0702e+03 2.1600e+03 6.9745e+18 6.1449e+18 6.1449e+18 2.8807e-02 0.0000e+00 1.6406e+05 0.0000e+00
2.8800e+03 6.5057e-12 7.5026e-01 1.7948e+03 2.0696e+03 2.1600e+03 7.0265e+18 6.1847e+18 6.1847e+18 2.8721e-02 0.0000e+00 1.6449e+05 0.0000e+00
2.8900e+03 6.4838e-12 7.4996e-01 1.7942e+03 2.0689e+03 2.1600e+03 7.0788e+18 6.2247e+18 6.2247e+18 2.8636e-02 0.0000e+00 1.6492e+05 0.0000e+00
2.9000e+03 6.4620e-12 7.4966e-01 1.7937e+03 2.0683e+03 2.1600e+03 7.1315e+18 6.2649e+18 6.2649e+18 2.8551e-02 0.0000e+00 1.6535e+05 0.0000e+00
2.9100e+03 6.4403e-12 7.4936e-01 1.7931e+03 2.0676e+03 2.1600e+03 7.1846e+18 6.3054e+18 6.3054e+18 2.8467e-02 0.0000e+00 1.6578e+05 0.0000e+00
2.9200e+03 6.4188e-12 7.4907e-01 1.7925e+03 2.0670e+03 2.1600e+03 7.2379e+18 6.3460e+18 6.3460e+18 2.8382e-02 0.0000e+00 1.6622e+05 0.0000e+00
2.9300e+03 6.3974e-12 7.4878e-01 1.7920e+03 2.0663e+03 2.1600e+03 7.2917e+18 6.3869e+18 6.3869e+18 2.8299e-02 0.0000e+00 1.6665e+05 0.0000e+00
2.9400e+03 6.3760e-12 7.4849e-01 1.7914e+03 2.0657e+03 2.1600e+03 7.3458e+18 6.4280e+18 6.4280e+18 2.8215e-02 0.0000e+00 1.6708e+05 0.0000e+00
2.9500e+03 6.3548e-12 7.4820e-01 1.7908e+03 2.0650e+03 2.1600e+03 7.4003e+18 6.4693e+18 6.4693e+18 2.8132e-02 0.0000e+00 1.6751e+05 0.0000e+00
2.9600e+03 6.3337e-12 7.4792e-01 1.7903e+03 2.0644e+03 2.1600e+03 7.4551e+18 6.5108e+18 6.5108e+18 2.8049e-02 0.0000e+00 1.6795e+05 0.0000e+00
2.9700e+03 6.3128e-12 7.4764e-01 1.7897e+03 2.0637e+03 2.1600e+03 7.5103e+18 6.5525e+18 6.5525e+18 2.7967e-02 0.0000e+00 1.6838e+05 0.0000e+00
2.9800e+03 6.2919e-12 7.4736e-01 1.7892e+03 2.0631e+03 2.1600e+03 7.5659e+18 6.5945e+18 6.5945e+18 2.7885e-02 0.0000e+00 1.6882e+05 0.0000e+00
2.9900e+03 6.2712e-12 7.4709e-01 1.7886e+03 2.0624e+03 2.1600e+03 7.6218e+18 6.6366e+18 6.6366e+18 2.7803e-02 0.0000e+00 1.6925e+05 0.0000e+00
3.0000e+03 6.2505e-12 7.4681e-01 1.7880e+03 2.0618e+03 2.1600e+03 7.6781e+18 6.6790e+18 6.6790e+18 2.7722e-02 0.0000e+00 1.6969e+05 0.0000e+00
3.0100e+03 6.2300e-12 7.4654e-01 1.7875e+03 2.0611e+03 2.1600e+03 7.7347e+18 6.7216e+18 6.7216e+18 2.7641e-02 0.0000e+00 1.7013e+05 0.0000e+00
3.0200e+03 6.2096e-12 7.4627e-01 1.7869e+03 2.0605e+03 2.1600e+03 7.7918e+18 6.7645e+18 6.7645e+18 2.7560e-02 0.0000e+00 1.7056e+05 0.0000e+00
3.0300e+03 6.1893e-12 7.4601e-01 1.7864e+03 2.0599e+03 2.1600e+03 7.8492e+18 6.8075e+18 6.8075e+18 2.7480e-02 0.0000e+00 1.7100e+05 0.0000e+00
3.0400e+03 6.1691e-12 7.4574e-01 1.7858e+03 2.0592e+03 2.1600e+03 7.9069e+18 6.8508e+18 6.8508e+18 2.7400e-02 0.0000e+00 1.7144e+05 0.0000e+00
3.0500e+03 6.1490e-12 7.4548e-01 1.7853e+03 2.0586e+03 2.1600e+03 7.9651e+18 6.8942e+18 6.8942e+18 2.7320e-02 0.0000e+00 1.7188e+05 0.0000e+00
3.0600e+03 6.1290e-12 7.4522e-01 1.7847e+03 2.0579e+03 2.1600e+03 8.0236e+18 6.9379e+18 6.9379e+18 2.7241e-02 0.0000e+00 1.7232e+05 0.0000e+00
3.0700e+03 6.1091e-12 7.4497e-01 1.7842e+03 2.0573e+03 2.1600e+03 8.0825e+18 6.9819e+18 6.9819e+18 2.7162e-02 0.0000e+00 1.7276e+05 0.0000e+00
3.0800e+03 6.0894e-12 7.4471e-01 1.7836e+03 2.0567e+03 2.1600e+03 8.1418e+18 7.0260e+18 7.0260e+18 2.7083e-02 0.0000e+00 1.7320e+05 0.0000e+00
3.0900e+03 6.0697e-12 7.4446e-01 1.7831e+03 2.0560e+03 2.1600e+03 8.2015e+18 7.0704e+18 7.0704e+18 2.7005e-02 0.0000e+00 1.7364e+05 0.0000e+00
3.1000e+03 6.0502e-12 7.4421e-01 1.7825e+03 2.0554e+03 2.1600e+03 8.2615e+18 7.1150e+18 7.1150e+18 2.6927e-02 0.0000e+00 1.7408e+05 0.0000e+00
3.1100e+03 6.0307e-12 7.4396e-01 1.7820e+03 2.0548e+03 2.1600e+03 8.3220e+18 7.1598e+18 7.1598e+18 2.6850e-02 0.0000e+00 1.7452e+05 0.0000e+00
3.1200e+03 6.0114e-12 7.4372e-01 1.7814e+03 2.0542e+03 2.1600e+03 8.3828e+18 7.2048e+18 7.2048e+18 2.6772e-02 0.0000e+00 1.7497e+05 0.0000e+00
3.1300e+03 5.9921e-12 7.4347e-01 1.7809e+03 2.0535e+03 2.1600e+03 8.4440e+18 7.2501e+18 7.2501e+18 2.6695e-02 0.0000e+00 1.7541e+05 0.0000e+00
3.1400e+03 5.9730e-12 7.4323e-01 1.7803e+03 2.0529e+03 2.1600e+03 8.5056e+18 7.2955e+18 7.2955e+18 2.6619e-02 0.0000e+00 1.7585e+05 0.0000e+00
3.1500e+03 5.9539e-12 7.4299e-01 1.7798e+03 2.0523e+03 2.1600e+03 8.5676e+18 7.3412e+18 7.3412e+18 2.6542e-02 0.0000e+00 1.7630e+05 0.0000e+00
3.1600e+03 5.9350e-12 7.4276e-01 1.7793e+03 2.0516e+03 2.1600e+03 8.6300e+18 7.3872e+18 7.3872e+18 2.6466e-02 0.0000e+00 1.7674e+05 0.0000e+00
3.1700e+03 5.9162e-12 7.4252e-01 1.7787e+03 2.0510e+03 2.1600e+03 8.6928e+18 7.4333e+18 7.4333e+18 2.6391e-02 0.0000e+00 1.7719e+05 0.0000e+00
3.1800e+03 5.8974e-12 7.4229e-01 1.7782e+03 2.0504e+03 2.1600e+03 8.7560e+18 7.4797e+18 7.4797e+18 2.6315e-02 0.0000e+00 1.7763e+05 0.0000e+00
3.1900e+03 5.8788e-12 7.4206e-01 1.7776e+03 2.0498e+03 2.1600e+03 8.8196e+18 7.5263e+18 7.5263e+18 2.6240e-02 0.0000e+00 1.7808e+05 0.0000e+00
3.2000e+03 5.8603e-12 7.4183e-01 1.7771e+03 2.0492e+03 2.1600e+03 8.8836e+18 7.5732e+18 7.5732e+18 2.6166e-02 0.0000e+00 1.7853e+05 0.0000e+00
3.2100e+03 5.8418e-12 7.4160e-01 1.7766e+03 2.0485e+03 2.1600e+03 8.9480e+18 7.6202e+18 7.6202e+18 2.6091e-02 0.0000e+00 1.7897e+05 0.0000e+00
3.2200e+03 5.8235e-12 7.4138e-01 1.7760e+03 2.0479e+03 2.1600e+03 9.0128e+18 7.6675e+18 7.6675e+18 2.6017e-02 0.0000e+00 1.7942e+05 0.0000e+00
3.2300e+03 5.8052e-12 7.4115e-01 1.7755e+03 2.0473e+03 2.1600e+03 9.0780e+18 7.7150e+18 7.7150e+18 2.5944e-02 0.0000e+00 1.7987e+05 0.0000e+00
3.2400e+03 5.7871e-12 7.4093e-01 1.7750e+03 2.0467e+03 2.1600e+03 9.1436e+18 7.7628e+18 7.7628e+18 2.5870e-02 0.0000e+00 1.8032e+05 0.0000e+00
3.2500e+03 5.7690e-12 7.4072e-01 1.7744e+03 2.0461e+03 2.1600e+03 9.2096e+18 7.8107e+18 7.8107e+18 2.5797e-02 0.0000e+00 1.8077e+05 0.0000e+00
3.2600e+03 5.7511e-12 7.4050e-01 1.7739e+03 2.0455e+03 2.1600e+03 9.2761e+18 7.8590e+18 7.8590e+18 2.5724e-02 0.0000e+00 1.8122e+05 0.0000e+00
3.2700e+03 5.7332e-12 7.4028e-01 1.7734e+03 2.0449e+03 2.1600e+03 9.3429e+18 7.9074e+18 7.9074e+18 2.5652e-02 0.0000e+00 1.8167e+05 0.0000e+00
3.2800e+03 5.7154e-12 7.4007e-01 1.7728e+03 2.0443e+03 2.1600e+03 9.4102e+18 7.9561e+18 7.9561e+18 2.5580e-02 0.0000e+00 1.8212e+05 0.0000e+00
3.2900e+03 5.6977e-12 7.3986e-01 1.7723e+03 2.0436e+03 2.1600e+03 9.4779e+18 8.0049e+18 8.0049e+18 2.5508e-02 0.0000e+00 1.8257e+05 0.0000e+00
3.3000e+03 5.6802e-12 7.3965e-01 1.7718e+03 2.0430e+03 2.1600e+03 9.5460e+18 8.0541e+18 8.0541e+18 2.5436e-02 0.0000e+00 1.8302e+05 0.0000e+00
3.3100e+03 5.6627e-12 7.3944e-01 1.7713e+03 2.0424e+03 2.1600e+03 9.6145e+18 8.1034e+18 8.1034e+18 2.5365e-02 0.0000e+00 1.8347e+05 0.0000e+00
3.3200e+03 5.6453e-12 7.3924e-01 1.7707e+03 2.0418e+03 2.1600e+03 9.6834e+18 8.1530e+18 8.1530e+18 2.5294e-02 0.0000e+00 1.8393e+05 0.0000e+00
3.3300e+03 5.6279e-12 7.3904e-01 1.7702e+03 2.0412e+03 2.1600e+03 9.7528e+18 8.2028e+18 8.2028e+18 2.5223e-02 0.0000e+00 1.8438e+05 0.0000e+00
3.3400e+03 5.6107e-12 7.3883e-01 1.7697e+03 2.0406e+03 2.1600e+03 9.8226e+18 8.2529e+18 8.2529e+18 2.5153e-02 0.0000e+00 1.8483e+05 0.0000e+00
3.3500e+03 5.5936e-12 7.3863e-01 1.7692e+03 2.0400e+03 2.1600e+03 9.8928e+18 8.3032e+18 8.3032e+18 2.5083e-02 0.0000e+00 1.8528e+05 0.0000e+00
3.3600e+03 5.5765e-12 7.3844e-01 1.7687e+03 2.0394e+03 2.1600e+03 9.9635e+18 8.3537e+18 8.3537e+18 2.5013e-02 0.0000e+00 1.8574e+05 0.0000e+00
3.3700e+03 5.5596e-12 7.3824e-01 1.7681e+03 2.0388e+03 2.1600e+03 1.0035e+19 8.4045e+18 8.4045e+18 2.4944e-02 0.0000e+00 1.8619e+05 0.0000e+00
3.3800e+03 5.5427e-12 7.3804e-01 1.7676e+03 2.0382e+03 2.1600e+03 1.0106e+19 8.4555e+18 8.4555e+18 2.4875e-02 0.0000e+00 1.8665e+05 0.0000e+00
3.3900e+03 5.5259e-12 7.3785e-01 1.7671e+03 2.0376e+03 2.1600e+03 1.0178e+19 8.5067e+18 8.5067e+18 2.4806e-02 0.0000e+00 1.8710e+05 0.0000e+00
3.4000e+03 5.5092e-12 7.3766e-01 1.7666e+03 2.0370e+03 2.1600e+03 1.0250e+19 8.5581e+18 8.5581e+18 2.4737e-02 0.0000e+00 1.8756e+05 0.0000e+00
3.4100e+03 5.4926e-12 7.3747e-01 1.7661e+03 2.0364e+03 2.1600e+03 1.0323e+19 8.6098e+18 8.6098e+18 2.4669e-02 0.0000e+00 1.8802e+05 0.0000e+00
3.4200e+03 5.4761e-12 7.3728e-01 1.7656e+03 2.0358e+03 2.1600e+03 1.0397e+19 8.6618e+18 8.6618e+18 2.4601e-02 0.0000e+00 1.8847e+05 0.0000e+00
3.4300e+03 5.4597e-12 7.3710e-01 1.7650e+03 2.0353e+03 2.1600e+03 1.0470e+19 8.7139e+18 8.7139e+18 2.4534e-02 0.0000e+00 1.8893e+05 0.0000e+00
3.4400e+03 5.4433e-12 7.3691e-01 1.7645e+03 2.0347e+03 2.1600e+03 1.0544e+19 8.7664e+18 8.7664e+18 2.4466e-02 0.0000e+00 1.8939e+05 0.0000e+00
3.4500e+03 5.4271e-12 7.3673e-01 1.7640e+03 2.0341e+03 2.1600e+03 1.0619e+19 8.8190e+18 8.8190e+18 2.4399e-02 0.0000e+00 1.8984e+05 0.0000e+00
3.4600e+03 5.4109e-12 7.3655e-01 1.7635e+03 2.0335e+03 2.1600e+03 1.0694e+19 8.8719e+18 8.8719e+18 2.4332e-02 0.0000e+00 1.9030e+05 0.0000e+00
3.4700e+03 5.3948e-12 7.3637e-01 1.7630e+03 2.0329e+03 2.1600e+03 1.0770e+19 8.9250e+18 8.9250e+18 2.4266e-02 0.0000e+00 1.9076e+05 0.0000e+00
3.4800e+03 5.3788e-12 7.3619e-01 1.7625e+03 2.0323e+03 2.1600e+03 1.0846e+19 8.9784e+18 8.9784e+18 2.4200e-02 0.0000e+00 1.9122e+05 0.0000e+00
3.4900e+03 5.3628e-12 7.3602e-01 1.7620e+03 2.0317e+03 2.1600e+03 1.0922e+19 9.0320e+18 9.0320e+18 2.4134e-02 0.0000e+00 1.9168e+05 0.0000e+00
3.5000e+03 5.3470e-12 7.3584e-01 1.7615e+03 2.0312e+03 2.1600e+03 1.0999e+19 9.0858e+18 9.0858e+18 2.4068e-02 0.0000e+00 1.9214e+05 0.0000e+00
3.5100e+03 5.3312e-12 7.3567e-01 1.7610e+03 2.0306e+03 2.1600e+03 1.1076e+19 9.1399e+18 9.1399e+18 2.4003e-02 0.0000e+00 1.9260e+05 0.0000e+00
3.5200e+03 5.3155e-12 7.3550e-01 1.7605e+03 2.0300e+03 2.1600e+03 1.1154e+19 9.1942e+18 9.1942e+18 2.3938e-02 0.0000e+00 1.9306e+05 0.0000e+00
3.5300e+03 5.2999e-12 7.3533e-01 1.7600e+03 2.0294e+03 2.1600e+03 1.1232e+19 9.2488e+18 9.2488e+18 2.3873e-02 0.0000e+00 1.9352e+05 0.0000e+00
3.5400e+03 5.2844e-12 7.3516e-01 1.7595e+03 2.0288e+03 2.1600e+03 1.1311e+19 9.3036e+18 9.3036e+18 2.3808e-02 0.0000e+00 1.9398e+05 0.0000e+00
3.5500e+03 5.2689e-12 7.3500e-01 1.7590e+03 2.0283e+03 2.1600e+03 1.1390e+19 9.3586e+18 9.3586e+18 2.3744e-02 0.0000e+00 1.9444e+05 0.0000e+00
3.5600e+03 5.2535e-12 7.3483e-01 1.7585e+03 2.0277e+03 2.1600e+03 1.1470e+19 9.4139e+18 9.4139e+18 2.3680e-02 0.0000e+00 1.9491e+05 0.0000e+00
3.5700e+03 5.2382e-12 7.3467e-01 1.7580e+03 2.0271e+03 2.1600e+03 1.1550e+19 9.4694e+18 9.4694e+18 2.3616e-02 0.0000e+00 1.9537e+05 0.0000e+00
3.5800e+03 5.2230e-12 7.3451e-01 1.7575e+03 2.0265e+03 2.1600e+03 1.1630e+19 9.5252e+18 9.5252e+18 2.3553e-02 0.0000e+00 1.9583e+05 0.0000e+00
3.5900e+03 5.2079e-12 7.3435e-01 1.7570e+03 2.0260e+03 2.1600e+03 1.1711e+19 9.5812e+18 9.5812e+18 2.3490e-02 0.0000e+00 1.9630e+05 0.0000e+00
3.6000e+03 5.1928e-12 7.3419e-01 1.7565e+03 2.0254e+03 2.1600e+03 1.1793e+19 9.6375e+18 9.6375e+18 2.3427e-02 0.0000e+00 1.9676e+05 0.0000e+00
3.6100e+03 5.1778e-12 7.3403e-01 1.7560e+03 2.0248e+03 2.1600e+03 1.1875e+19 9.6940e+18 9.6940e+18 2.3364e-02 0.0000e+00 1.9722e+05 0.0000e+00
3.6200e+03 5.1629e-12 7.3387e-01 1.7555e+03 2.0243e+03 2.1600e+03 1.1958e+19 9.7507e+18 9.7507e+18 2.3302e-02 0.0000e+00 1.9769e+05 0.0000e+00
3.6300e+03 5.1480e-12 7.3372e-01 1.7550e+03 2.0237e+03 2.1600e+03 1.2040e+19 9.8077e+18 9.8077e+18 2.3240e-02 0.0000e+00 1.9815e+05 0.0000e+00
3.6400e+03 5.1333e-12 7.3357e-01 1.7545e+03 2.0231e+03 2.1600e+03 1.2124e+19 9.8649e+18 9.8649e+18 2.3178e-02 0.0000e+00 1.9862e+05 0.0000e+00
3.6500e+03 5.1186e-12 7.3341e-01 1.7540e+03 2.0226e+03 2.1600e+03 1.2208e+19 9.9224e+18 9.9224e+18 2.3116e-02 0.0000e+00 1.9908e+05 0.0000e+00
3.6600e+03 5.1040e-12 7.3326e-01 1.7535e+03 2.0220e+03 2.1600e+03 1.2292e+19 9.9801e+18 9.9801e+18 2.3055e-02 0.0000e+00 1.9955e+05 0.0000e+00
3.6700e+03 5.0894e-12 7.3312e-01 1.7530e+03 2.0214e+03 2.1600e+03 1.2377e+19 1.0038e+19 1.0038e+19 2.2994e-02 0.0000e+00 2.0001e+05 0.0000e+00
3.6800e+03 5.0750e-12 7.3297e-01 1.7526e+03 2.0209e+03 2.1600e+03 1.2463e+19 1.0096e+19 1.0096e+19 2.2933e-02 0.0000e+00 2.0048e+05 0.0000e+00
3.6900e+03 5.0606e-12 7.3282e-01 1.7521e+03 2.0203e+03 2.1600e+03 1.2549e+19 1.0155e+19 1.0155e+19 2.2873e-02 0.0000e+00 2.0095e+05 0.0000e+00
3.7000e+03 5.0462e-12 7.3268e-01 1.7516e+03 2.0197e+03 2.1600e+03 1.2635e+19 1.0214e+19 1.0214e+19 2.2812e-02 0.0000e+00 2.0141e+05 0.0000e+00
3.7100e+03 5.0320e-12 7.3254e-01 1.7511e+03 2.0192e+03 2.1600e+03 1.2722e+19 1.0272e+19 1.0272e+19 2.2752e-02 0.0000e+00 2.0188e+05 0.0000e+00
3.7200e+03 5.0178e-12 7.3240e-01 1.7506e+03 2.0186e+03 2.1600e+03 1.2809e+19 1.0332e+19 1.0332e+19 2.2693e-02 0.0000e+00 2.0235e+05 0.0000e+00
3.7300e+03 5.0037e-12 7.3225e-01 1.7501e+03 2.0181e+03 2.1600e+03 1.2897e+19 1.0391e+19 1.0391e+19 2.2633e-02 0.0000e+00 2.0282e+05 0.0000e+00
3.7400e+03 4.9896e-12 7.3212e-01 1.7497e+03 2.0175e+03 2.1600e+03 1.2986e+19 1.0451e+19 1.0451e+19 2.2574e-02 0.0000e+00 2.0329e+05 0.0000e+00
3.7500e+03 4.9757e-12 7.3198e-01 1.7492e+03 2.0170e+03 2.1600e+03 1.3074e+19 1.0511e+19 1.0511e+19 2.2515e-02 0.0000e+00 2.0376e+05 0.0000e+00
3.7600e+03 4.9617e-12 7.3184e-01 1.7487e+03 2.0164e+03 2.1600e+03 1.3164e+19 1.0571e+19 1.0571e+19 2.2456e-02 0.0000e+00 2.0422e+05 0.0000e+00
3.7700e+03 4.9479e-12 7.3171e-01 1.7482e+03 2.0159e+03 2.1600e+03 1.3254e+19 1.0632e+19 1.0632e+19 2.2398e-02 0.0000e+00 2.0469e+05 0.0000e+00
3.7800e+03 4.9341e-12 7.3158e-01 1.7477e+03 2.0153e+03 2.1600e+03 1.3344e+19 1.0692e+19 1.0692e+19 2.2339e-02 0.0000e+00 2.0516e+05 0.0000e+00
3.7900e+03 4.9204e-12 7.3144e-01 1.7473e+03 2.0148e+03 2.1600e+03 1.3435e+19 1.0753e+19 1.0753e+19 2.2281e-02 0.0000e+00 2.0563e+05 0.0000e+00
3.8000e+03 4.9068e-12 7.3131e-01 1.7468e+03 2.0142e+03 2.1600e+03 1.3527e+19 1.0814e+19 1.0814e+19 2.2224e-02 0.0000e+00 2.0610e+05 0.0000e+00
3.8100e+03 4.8933e-12 7.3118e-01 1.7463e+03 2.0137e+03 2.1600e+03 1.3619e+19 1.0876e+19 1.0876e+19 2.2166e-02 0.0000e+00 2.0657e+05 0.0000e+00
3.8200e+03 4.8798e-12 7.3106e-01 1.7458e+03 2.0131e+03 2.1600e+03 1.3711e+19 1.0938e+19 1.0938e+19 2.2109e-02 0.0000e+00 2.0705e+05 0.0000e+00
3.8300e+03 4.8663e-12 7.3093e-01 1.7454e+03 2.0126e+03 2.1600e+03 1.3804e+19 1.1000e+19 1.1000e+19 2.2052e-02 0.0000e+00 2.0752e+05 0.0000e+00
3.8400e+03 4.8530e-12 7.3080e-01 1.7449e+03 2.0120e+03 2.1600e+03 1.3898e+19 1.1062e+19 1.1062e+19 2.1995e-02 0.0000e+00 2.0799e+05 0.0000e+00
3.8500e+03 4.8397e-12 7.3068e-01 1.7444e+03 2.0115e+03 2.1600e+03 1.3992e+19 1.1124e+19 1.1124e+19 2.1939e-02 0.0000e+00 2.0846e+05 0.0000e+00
3.8600e+03 4.8264e-12 7.3056e-01 1.7440e+03 2.0110e+03 2.1600e+03 1.4086e+19 1.1187e+19 1.1187e+19 2.1882e-02 0.0000e+00 2.0893e+05 0.0000e+00
3.8700e+03 4.8133e-12 7.3043e-01 1.7435e+03 2.0104e+03 2.1600e+03 1.4182e+19 1.1250e+19 1.1250e+19 2.1826e-02 0.0000e+00 2.0940e+05 0.0000e+00
3.8800e+03 4.8002e-12 7.3031e-01 1.7430e+03 2.0099e+03 2.1600e+03 1.4277e+19 1.1313e+19 1.1313e+19 2.1770e-02 0.0000e+00 2.0988e+05 0.0000e+00
3.8900e+03 4.7871e-12 7.3020e-01 1.7426e+03 2.0093e+03 2.1600e+03 1.4373e+19 1.1377e+19 1.1377e+19 2.1715e-02 0.0000e+00 2.1035e+05 0.0000e+00
3.9000e+03 4.7741e-12 7.3008e-01 1.7421e+03 2.0088e+03 2.1600e+03 1.4470e+19 1.1440e+19 1.1440e+19 2.1659e-02 0.0000e+00 2.1082e+05 0.0000e+00
3.9100e+03 4.7612e-12 7.2996e-01 1.7416e+03 2.0083e+03 2.1600e+03 1.4567e+19 1.1504e+19 1.1504e+19 2.1604e-02 0.0000e+00 2.1130e+05 0.0000e+00
3.9200e+03 4.7484e-12 7.2985e-01 1.7412e+03 2.0077e+03 2.1600e+03 1.4665e+19 1.1569e+19 1.1569e+19 2.1549e-02 0.0000e+00 2.1177e+05 0.0000e+00
3.9300e+03 4.7356e-12 7.2973e-01 1.7407e+03 2.0072e+03 2.1600e+03 1.4764e+19 1.1633e+19 1.1633e+19 2.1495e-02 0.0000e+00 2.1225e+05 0.0000e+00
3.9400e+03 4.7229e-12 7.2962e-01 1.7403e+03 2.0067e+03 2.1600e+03 1.4862e+19 1.1698e+19 1.1698e+19 2.1440e-02 0.0000e+00 2.1272e+05 0.0000e+00
3.9500e+03 4.7102e-12 7.2951e-01 1.7398e+03 2.0061e+03 2.1600e+03 1.4962e+19 1.1763e+19 1.1763e+19 2.1386e-02 0.0000e+00 2.1319e+05 0.0000e+00
3.9600e+03 4.6976e-12 7.2940e-01 1.7393e+03 2.0056e+03 2.1600e+03 1.5062e+19 1.1828e+19 1.1828e+19 2.1332e-02 0.0000e+00 2.1367e+05 0.0000e+00
3.9700e+03 4.6850e-12 7.2929e-01 1.7389e+03 2.0051e+03 2.1600e+03 1.5162e+19 1.1894e+19 1.1894e+19 2.1278e-02 0.0000e+00 2.1415e+05 0.0000e+00
3.9800e+03 4.6726e-12 7.2918e-01 1.7384e+03 2.0046e+03 2.1600e+03 1.5264e+19 1.1960e+19 1.1960e+19 2.1225e-02 0.0000e+00 2.1462e+05 0.0000e+00
3.9900e+03 4.6601e-12 7.2907e-01 1.7380e+03 2.0040e+03 2.1600e+03 1.5365e+19 1.2026e+19 1.2026e+19 2.1171e-02 0.0000e+00 2.1510e+05 0.0000e+00
4.0000e+03 4.6478e-12 7.2897e-01 1.7375e+03 2.0035e+03 2.1600e+03 1.5467e+19 1.2092e+19 1.2092e+19 2.1118e-02 0.0000e+00 2.1557e+05 0.0000e+00
4.0100e+03 4.6355e-12 7.2886e-01 1.7371e+03 2.0030e+03 2.1600e+03 1.5570e+19 1.2159e+19 1.2159e+19 2.1065e-02 0.0000e+00 2.1605e+05 0.0000e+00
4.0200e+03 4.6232e-12 7.2876e-01 1.7366e+03 2.0025e+03 2.1600e+03 1.5674e+19 1.2225e+19 1.2225e+19 2.1013e-02 0.0000e+00 2.1653e+05 0.0000e+00
4.0300e+03 4.6111e-12 7.2866e-01 1.7361e+03 2.0019e+03 2.1600e+03 1.5777e+19 1.2293e+19 1.2293e+19 2.0960e-02 0.0000e+00 2.1700e+05 0.0000e+00
4.0400e+03 4.5989e-12 7.2855e-01 1.7357e+03 2.0014e+03 2.1600e+03 1.5882e+19 1.2360e+19 1.2360e+19 2.0908e-02 0.0000e+00 2.1748e+05 0.0000e+00
4.0500e+03 4.5869e-12 7.2845e-01 1.7352e+03 2.0009e+03 2.1600e+03 1.5987e+19 1.2428e+19 1.2428e+19 2.0856e-02 0.0000e+00 2.1796e+05 0.0000e+00
4.0600e+03 4.5748e-12 7.2836e-01 1.7348e+03 2.0004e+03 2.1600e+03 1.6093e+19 1.2495e+19 1.2495e+19 2.0804e-02 0.0000e+00 2.1844e+05 0.0000e+00
4.0700e+03 4.5629e-12 7.2826e-01 1.7343e+03 1.9999e+03 2.1600e+03 1.6199e+19 1.2564e+19 1.2564e+19 2.0753e-02 0.0000e+00 2.1891e+05 0.0000e+00
4.0800e+03 4.5510e-12 7.2816e-01 1.7339e+03 1.9994e+03 2.1600e+03 1.6305e+19 1.2632e+19 1.2632e+19 2.0701e-02 0.0000e+00 2.1939e+05 0.0000e+00
4.0900e+03 4.5392e-12 7.2807e-01 1.7335e+03 1.9988e+03 2.1600e+03 1.6413e+19 1.2701e+19 1.2701e+19 2.0650e-02 0.0000e+00 2.1987e+05 0.0000e+00
4.1000e+03 4.5274e-12 7.2797e-01 1.7330e+03 1.9983e+03 2.1600e+03 1.6521e+19 1.2770e+19 1.2770e+19 2.0599e-02 0.0000e+00 2.2035e+05 0.0000e+00
4.1100e+03 4.5157e-12 7.2788e-01 1.7326e+03 1.9978e+03 2.1600e+03 1.6629e+19 1.2839e+19 1.2839e+19 2.0549e-02 0.0000e+00 2.2083e+05 0.0000e+00
4.1200e+03 4.5040e-12 7.2779e-01 1.7321e+03 1.9973e+03 2.1600e+03 1.6738e+19 1.2908e+19 1.2908e+19 2.0498e-02 0.0000e+00 2.2131e+05 0.0000e+00
4.1300e+03 4.4924e-12 7.2769e-01 1.7317e+03 1.9968e+03 2.1600e+03 1.6848e+19 1.2978e+19 1.2978e+19 2.0448e-02 0.0000e+00 2.2179e+05 0.0000e+00
4.1400e+03 4.4808e-12 7.2760e-01 1.7312e+03 1.9963e+03 2.1600e+03 1.6958e+19 1.3048e+19 1.3048e+19 2.0398e-02 0.0000e+00 2.2227e+05 0.0000e+00
4.1500e+03 4.4693e-12 7.2752e-01 1.7308e+03 1.9958e+03 2.1600e+03 1.7069e+19 1.3118e+19 1.3118e+19 2.0348e-02 0.0000e+00 2.2275e+05 0.0000e+00
4.1600e+03 4.4579e-12 7.2743e-01 1.7304e+03 1.9953e+03 2.1600e+03 1.7180e+19 1.3189e+19 1.3189e+19 2.0298e-02 0.0000e+00 2.2323e+05 0.0000e+00
4.1700e+03 4.4465e-12 7.2734e-01 1.7299e+03 1.9948e+03 2.1600e+03 1.7292e+19 1.3259e+19 1.3259e+19 2.0249e-02 0.0000e+00 2.2371e+05 0.0000e+00
4.1800e+03 4.4351e-12 7.2726e-01 1.7295e+03 1.9943e+03 2.1600e+03 1.7405e+19 1.3330e+19 1.3330e+19 2.0199e-02 0.0000e+00 2.2419e+05 0.0000e+00
4.1900e+03 4.4238e-12 7.2717e-01 1.7290e+03 1.9937e+03 2.1600e+03 1.7518e+19 1.3402e+19 1.3402e+19 2.0150e-02 0.0000e+00 2.2467e+05 0.0000e+00
4.2000e+03 4.4126e-12 7.2709e-01 1.7286e+03 1.9932e+03 2.1600e+03 1.7632e+19 1.3473e+19 1.3473e+19 2.0101e-02 0.0000e+00 2.2515e+05 0.0000e+00
4.2100e+03 4.4014e-12 7.2700e-01 1.7282e+03 1.9927e+03 2.1600e+03 1.7747e+19 1.3545e+19 1.3545e+19 2.0053e-02 0.0000e+00 2.2563e+05 0.0000e+00
4.2200e+03 4.3903e-12 7.2692e-01 1.7277e+03 1.9922e+03 2.1600e+03 1.7862e+19 1.3617e+19 1.3617e+19 2.0004e-02 0.0000e+00 2.2611e+05 0.0000e+00
4.2300e+03 4.3792e-12 7.2684e-01 1.7273e+03 1.9917e+03 2.1600e+03 1.7977e+19 1.3690e+19 1.3690e+19 1.9956e-02 0.0000e+00 2.2659e+05 0.0000e+00
4.2400e+03 4.3682e-12 7.2676e-01 1.7269e+03 1.9912e+03 2.1600e+03 1.8094e+19 1.3762e+19 1.3762e+19 1.9908e-02 0.0000e+00 2.2708e+05 0.0000e+00
4.2500e+03 4.3572e-12 7.2668e-01 1.7264e+03 1.9907e+03 2.1600e+03 1.8210e+19 1.3835e+19 1.3835e+19 1.9860e-02 0.0000e+00 2.2756e+05 0.0000e+00
4.2600e+03 4.3463e-12 7.2661e-01 1.7260e+03 1.9902e+03 2.1600e+03 1.8328e+19 1.3908e+19 1.3908e+19 1.9812e-02 0.0000e+00 2.2804e+05 0.0000e+00
4.2700e+03 4.3354e-12 7.2653e-01 1.7256e+03 1.9898e+03 2.1600e+03 1.8446e+19 1.3982e+19 1.3982e+19 1.9765e-02 0.0000e+00 2.2852e+05 0.0000e+00
4.2800e+03 4.3246e-12 7.2645e-01 1.7251e+03 1.9893e+03 2.1600e+03 1.8565e+19 1.4055e+19 1.4055e+19 1.9718e-02 0.0000e+00 2.2901e+05 0.0000e+00
4.2900e+03 4.3138e-12 7.2638e-01 1.7247e+03 1.9888e+03 2.1600e+03 1.8684e+19 1.4129e+19 1.4129e+19 1.9671e-02 0.0000e+00 2.2949e+05 0.0000e+00
4.3000e+03 4.3031e-12 7.2631e-01 1.7243e+03 1.9883e+03 2.1600e+03 1.8804e+19 1.4204e+19 1.4204e+19 1.9624e-02 0.0000e+00 2.2997e+05 0.0000e+00
4.3100e+03 4.2924e-12 7.2623e-01 1.7239e+03 1.9878e+03 2.1600e+03 1.8925e+19 1.4278e+19 1.4278e+19 1.9577e-02 0.0000e+00 2.3046e+05 0.0000e+00
4.3200e+03 4.2818e-12 7.2616e-01 1.7234e+03 1.9873e+03 2.1600e+03 1.9046e+19 1.4353e+19 1.4353e+19 1.9530e-02 0.0000e+00 2.3094e+05 0.0000e+00
4.3300e+03 4.2712e-12 7.2609e-01 1.7230e+03 1.9868e+03 2.1600e+03 1.9168e+19 1.4428e+19 1.4428e+19 1.9484e-02 0.0000e+00 2.3142e+05 0.0000e+00
4.3400e+03 4.2607e-12 7.2602e-01 1.7226e+03 1.9863e+03 2.1600e+03 1.9290e+19 1.4503e+19 1.4503e+19 1.9438e-02 0.0000e+00 2.3191e+05 0.0000e+00
4.3500e+03 4.2502e-12 7.2595e-01 1.7222e+03 1.9858e+03 2.1600e+03 1.9413e+19 1.4579e+19 1.4579e+19 1.9392e-02 0.0000e+00 2.3239e+05 0.0000e+00
4.3600e+03 4.2398e-12 7.2589e-01 1.7217e+03 1.9853e+03 2.1600e+03 1.9537e+19 1.4655e+19 1.4655e+19 1.9346e-02 0.0000e+00 2.3288e+05 0.0000e+00
4.3700e+03 4.2294e-12 7.2582e-01 1.7213e+03 1.9849e+03 2.1600e+03 1.9661e+19 1.4731e+19 1.4731e+19 1.9301e-02 0.0000e+00 2.3336e+05 0.0000e+00
4.3800e+03 4.2191e-12 7.2575e-01 1.7209e+03 1.9844e+03 2.1600e+03 1.9786e+19 1.4807e+19 1.4807e+19 1.9255e-02 0.0000e+00 2.3385e+05 0.0000e+00
4.3900e+03 4.2088e-12 7.2569e-01 1.7205e+03 1.9839e+03 2.1600e+03 1.9912e+19 1.4884e+19 1.4884e+19 1.9210e-02 0.0000e+00 2.3433e+05 0.0000e+00
4.4000e+03 4.1985e-12 7.2562e-01 1.7201e+03 1.9834e+03 2.1600e+03 2.0038e+19 1.4961e+19 1.4961e+19 1.9165e-02 0.0000e+00 2.3482e+05 0.0000e+00
4.4100e+03 4.1884e-12 7.2556e-01 1.7197e+03 1.9829e+03 2.1600e+03 2.0165e+19 1.5038e+19 1.5038e+19 1.9120e-02 0.0000e+00 2.3530e+05 0.0000e+00
4.4200e+03 4.1782e-12 7.2550e-01 1.7192e+03 1.9824e+03 2.1600e+03 2.0293e+19 1.5115e+19 1.5115e+19 1.9075e-02 0.0000e+00 2.3579e+05 0.0000e+00
4.4300e+03 4.1681e-12 7.2544e-01 1.7188e+03 1.9820e+03 2.1600e+03 2.0421e+19 1.5193e+19 1.5193e+19 1.9031e-02 0.0000e+00 2.3627e+05 0.0000e+00
4.4400e+03 4.1581e-12 7.2538e-01 1.7184e+03 1.9815e+03 2.1600e+03 2.0550e+19 1.5271e+19 1.5271e+19 1.8987e-02 0.0000e+00 2.3676e+05 0.0000e+00
4.4500e+03 4.1481e-12 7.2532e-01 1.7180e+03 1.9810e+03 2.1600e+03 2.0680e+19 1.5349e+19 1.5349e+19 1.8942e-02 0.0000e+00 2.3724e+05 0.0000e+00
4.4600e+03 4.1381e-12 7.2526e-01 1.7176e+03 1.9805e+03 2.1600e+03 2.0810e+19 1.5428e+19 1.5428e+19 1.8898e-02 0.0000e+00 2.3773e+05 0.0000e+00
4.4700e+03 4.1282e-12 7.2520e-01 1.7172e+03 1.9801e+03 2.1600e+03 2.0941e+19 1.5507e+19 1.5507e+19 1.8855e-02 0.0000e+00 2.3822e+05 0.0000e+00
4.4800e+03 4.1183e-12 7.2515e-01 1.7168e+03 1.9796e+03 2.1600e+03 2.1073e+19 1.5586e+19 1.5586e+19 1.8811e-02 0.0000e+00 2.3870e+05 0.0000e+00
4.4900e+03 4.1085e-12 7.2509e-01 1.7163e+03 1.9791e+03 2.1600e+03 2.1205e+19 1.5665e+19 1.5665e+19 1.8768e-02 0.0000e+00 2.3919e+05 0.0000e+00
4.5000e+03 4.0987e-12 7.2504e-01 1.7159e+03 1.9786e+03 2.1600e+03 2.1338e+19 1.5745e+19 1.5745e+19 1.8724e-02 0.0000e+00 2.3968e+05 0.0000e+00
4.5100e+03 4.0890e-12 7.2498e-01 1.7155e+03 1.9782e+03 2.1600e+03 2.1471e+19 1.5825e+19 1.5825e+19 1.8681e-02 0.0000e+00 2.4017e+05 0.0000e+00
4.5200e+03 4.0793e-12 7.2493e-01 1.7151e+03 1.9777e+03 2.1600e+03 2.1606e+19 1.5905e+19 1.5905e+19 1.8638e-02 0.0000e+00 2.4065e+05 0.0000e+00
4.5300e+03 4.0696e-12 7.2488e-01 1.7147e+03 1.9772e+03 2.1600e+03 2.1741e+19 1.5986e+19 1.5986e+19 1.8596e-02 0.0000e+00 2.4114e+05 0.0000e+00
4.5400e+03 4.0600e-12 7.2483e-01 1.7143e+03 1.9768e+03 2.1600e+03 2.1876e+19 1.6066e+19 1.6066e+19 1.8553e-02 0.0000e+00 2.4163e+05 0.0000e+00
4.5500e+03 0.0000e+00 0.0000e+00 1.7139e+03 0.0000e+00 2.1600e+03 0.0000e+00 0.0000e+00 0.0000e+00 0.0000e+00 0.0000e+00 0.0000e+00 0.0000e+00
