0.0000e+00 3.1176e-11 2.1830e+00 1.7000e+03 1.7667e+03 1.9000e+03 1.6822e+19 1.6068e+19 1.6068e+19 1.6428e-02 0.0000e+00 2.3009e+05 0.0000e+00
1.0000e+01 3.0991e-11 2.1156e+00 1.7044e+03 1.7713e+03 1.9000e+03 2.3440e+19 1.5201e+19 1.5201e+19 1.6850e-02 0.0000e+00 2.2512e+05 0.0000e+00
2.0000e+01 3.0807e-11 2.0523e+00 1.7087e+03 1.7758e+03 1.9000e+03 2.1962e+19 1.4411e+19 1.4411e+19 1.7267e-02 0.0000e+00 2.2043e+05 0.0000e+00
3.0000e+01 3.0624e-11 1.9927e+00 1.7129e+03 1.7801e+03 1.9000e+03 2.0634e+19 1.3690e+19 1.3690e+19 1.7678e-02 0.0000e+00 2.1601e+05 0.0000e+00
4.0000e+01 3.0443e-11 1.9366e+00 1.7169e+03 1.7842e+03 1.9000e+03 1.9437e+19 1.3031e+19 1.3031e+19 1.8083e-02 0.0000e+00 2.1184e+05 0.0000e+00
5.0000e+01 3.0264e-11 1.8837e+00 1.7208e+03 1.7883e+03 1.9000e+03 1.8357e+19 1.2428e+19 1.2428e+19 1.8481e-02 0.0000e+00 2.0791e+05 0.0000e+00
6.0000e+01 3.0085e-11 1.8339e+00 1.7245e+03 1.7921e+03 1.9000e+03 1.7380e+19 1.1875e+19 1.1875e+19 1.8871e-02 0.0000e+00 2.0420e+05 0.0000e+00
7.0000e+01 2.9908e-11 1.7869e+00 1.7281e+03 1.7959e+03 1.9000e+03 1.6494e+19 1.1368e+19 1.1368e+19 1.9254e-02 0.0000e+00 2.0070e+05 0.0000e+00
8.0000e+01 2.9732e-11 1.7425e+00 1.7316e+03 1.7995e+03 1.9000e+03 1.5690e+19 1.0902e+19 1.0902e+19 1.9628e-02 0.0000e+00 1.9741e+05 0.0000e+00
9.0000e+01 2.9558e-11 1.7006e+00 1.7349e+03 1.8029e+03 1.9000e+03 1.4958e+19 1.0473e+19 1.0473e+19 1.9993e-02 0.0000e+00 1.9430e+05 0.0000e+00
1.0000e+02 2.9385e-11 1.6610e+00 1.7381e+03 1.8063e+03 1.9000e+03 1.4291e+19 1.0079e+19 1.0079e+19 2.0350e-02 0.0000e+00 1.9136e+05 0.0000e+00
1.1000e+02 2.9213e-11 1.6236e+00 1.7412e+03 1.8095e+03 1.9000e+03 1.3682e+19 9.7150e+18 9.7150e+18 2.0697e-02 0.0000e+00 1.8860e+05 0.0000e+00
1.2000e+02 2.9042e-11 1.5882e+00 1.7441e+03 1.8125e+03 1.9000e+03 1.3125e+19 9.3796e+18 9.3796e+18 2.1035e-02 0.0000e+00 1.8599e+05 0.0000e+00
1.3000e+02 2.8873e-11 1.5547e+00 1.7469e+03 1.8155e+03 1.9000e+03 1.2616e+19 9.0699e+18 9.0699e+18 2.1363e-02 0.0000e+00 1.8353e+05 0.0000e+00
1.4000e+02 2.8704e-11 1.5229e+00 1.7496e+03 1.8183e+03 1.9000e+03 1.2149e+19 8.7839e+18 8.7839e+18 2.1681e-02 0.0000e+00 1.8121e+05 0.0000e+00
1.5000e+02 2.8537e-11 1.4929e+00 1.7522e+03 1.8210e+03 1.9000e+03 1.1720e+19 8.5194e+18 8.5194e+18 2.1989e-02 0.0000e+00 1.7903e+05 0.0000e+00
1.6000e+02 2.8372e-11 1.4644e+00 1.7547e+03 1.8235e+03 1.9000e+03 1.1327e+19 8.2747e+18 8.2747e+18 2.2287e-02 0.0000e+00 1.7697e+05 0.0000e+00
1.7000e+02 2.8207e-11 1.4373e+00 1.7571e+03 1.8260e+03 1.9000e+03 1.0965e+19 8.0482e+18 8.0482e+18 2.2574e-02 0.0000e+00 1.7503e+05 0.0000e+00
1.8000e+02 2.8044e-11 1.4117e+00 1.7593e+03 1.8283e+03 1.9000e+03 1.0632e+19 7.8385e+18 7.8385e+18 2.2851e-02 0.0000e+00 1.7320e+05 0.0000e+00
1.9000e+02 2.7882e-11 1.3873e+00 1.7615e+03 1.8306e+03 1.9000e+03 1.0325e+19 7.6442e+18 7.6442e+18 2.3118e-02 0.0000e+00 1.7149e+05 0.0000e+00
2.0000e+02 2.7721e-11 1.3642e+00 1.7635e+03 1.8327e+03 1.9000e+03 1.0043e+19 7.4642e+18 7.4642e+18 2.3374e-02 0.0000e+00 1.6987e+05 0.0000e+00
2.1000e+02 2.7561e-11 1.3423e+00 1.7655e+03 1.8347e+03 1.9000e+03 9.7822e+18 7.2973e+18 7.2973e+18 2.3620e-02 0.0000e+00 1.6835e+05 0.0000e+00
2.2000e+02 2.7402e-11 1.3214e+00 1.7673e+03 1.8366e+03 1.9000e+03 9.5418e+18 7.1427e+18 7.1427e+18 2.3855e-02 0.0000e+00 1.6692e+05 0.0000e+00
2.3000e+02 2.7245e-11 1.3015e+00 1.7691e+03 1.8385e+03 1.9000e+03 9.3200e+18 6.9994e+18 6.9994e+18 2.4080e-02 0.0000e+00 1.6558e+05 0.0000e+00
2.4000e+02 2.7089e-11 1.2826e+00 1.7707e+03 1.8402e+03 1.9000e+03 9.1154e+18 6.8665e+18 6.8665e+18 2.4294e-02 0.0000e+00 1.6433e+05 0.0000e+00
2.5000e+02 2.6934e-11 1.2646e+00 1.7723e+03 1.8418e+03 1.9000e+03 8.9265e+18 6.7434e+18 6.7434e+18 2.4498e-02 0.0000e+00 1.6315e+05 0.0000e+00
2.6000e+02 2.6779e-11 1.2475e+00 1.7738e+03 1.8434e+03 1.9000e+03 8.7522e+18 6.6294e+18 6.6294e+18 2.4693e-02 0.0000e+00 1.6204e+05 0.0000e+00
2.7000e+02 2.6627e-11 1.2312e+00 1.7752e+03 1.8448e+03 1.9000e+03 8.5914e+18 6.5239e+18 6.5239e+18 2.4877e-02 0.0000e+00 1.6101e+05 0.0000e+00
2.8000e+02 2.6475e-11 1.2157e+00 1.7765e+03 1.8462e+03 1.9000e+03 8.4431e+18 6.4262e+18 6.4262e+18 2.5051e-02 0.0000e+00 1.6005e+05 0.0000e+00
2.9000e+02 2.6324e-11 1.2009e+00 1.7777e+03 1.8475e+03 1.9000e+03 8.3064e+18 6.3360e+18 6.3360e+18 2.5216e-02 0.0000e+00 1.5915e+05 0.0000e+00
3.0000e+02 2.6174e-11 1.1867e+00 1.7789e+03 1.8487e+03 1.9000e+03 8.1805e+18 6.2526e+18 6.2526e+18 2.5371e-02 0.0000e+00 1.5831e+05 0.0000e+00
3.1000e+02 2.6026e-11 1.1732e+00 1.7800e+03 1.8498e+03 1.9000e+03 8.0647e+18 6.1758e+18 6.1758e+18 2.5517e-02 0.0000e+00 1.5754e+05 0.0000e+00
3.2000e+02 2.5878e-11 1.1604e+00 1.7810e+03 1.8508e+03 1.9000e+03 7.9583e+18 6.1050e+18 6.1050e+18 2.5654e-02 0.0000e+00 1.5682e+05 0.0000e+00
3.3000e+02 2.5732e-11 1.1481e+00 1.7819e+03 1.8518e+03 1.9000e+03 7.8607e+18 6.0399e+18 6.0399e+18 2.5781e-02 0.0000e+00 1.5615e+05 0.0000e+00
3.4000e+02 2.5587e-11 1.1364e+00 1.7828e+03 1.8527e+03 1.9000e+03 7.7713e+18 5.9802e+18 5.9802e+18 2.5901e-02 0.0000e+00 1.5553e+05 0.0000e+00
3.5000e+02 2.5442e-11 1.1251e+00 1.7836e+03 1.8536e+03 1.9000e+03 7.6896e+18 5.9255e+18 5.9255e+18 2.6011e-02 0.0000e+00 1.5496e+05 0.0000e+00
3.6000e+02 2.5299e-11 1.1144e+00 1.7843e+03 1.8543e+03 1.9000e+03 7.6151e+18 5.8756e+18 5.8756e+18 2.6113e-02 0.0000e+00 1.5444e+05 0.0000e+00
3.7000e+02 2.5157e-11 1.1042e+00 1.7850e+03 1.8550e+03 1.9000e+03 7.5475e+18 5.8302e+18 5.8302e+18 2.6207e-02 0.0000e+00 1.5397e+05 0.0000e+00
3.8000e+02 2.5015e-11 1.0944e+00 1.7856e+03 1.8557e+03 1.9000e+03 7.4862e+18 5.7891e+18 5.7891e+18 2.6294e-02 0.0000e+00 1.5353e+05 0.0000e+00
3.9000e+02 2.4875e-11 1.0850e+00 1.7862e+03 1.8563e+03 1.9000e+03 7.4310e+18 5.7520e+18 5.7520e+18 2.6372e-02 0.0000e+00 1.5314e+05 0.0000e+00
4.0000e+02 2.4736e-11 1.0760e+00 1.7867e+03 1.8568e+03 1.9000e+03 7.3814e+18 5.7187e+18 5.7187e+18 2.6443e-02 0.0000e+00 1.5278e+05 0.0000e+00
4.1000e+02 2.4598e-11 1.0674e+00 1.7872e+03 1.8573e+03 1.9000e+03 7.3373e+18 5.6890e+18 5.6890e+18 2.6507e-02 0.0000e+00 1.5247e+05 0.0000e+00
4.2000e+02 2.4461e-11 1.0592e+00 1.7876e+03 1.8577e+03 1.9000e+03 7.2983e+18 5.6627e+18 5.6627e+18 2.6564e-02 0.0000e+00 1.5219e+05 0.0000e+00
4.3000e+02 2.4324e-11 1.0513e+00 1.7879e+03 1.8581e+03 1.9000e+03 7.2641e+18 5.6397e+18 5.6397e+18 2.6615e-02 0.0000e+00 1.5194e+05 0.0000e+00
4.4000e+02 2.4189e-11 1.0438e+00 1.7883e+03 1.8584e+03 1.9000e+03 7.2345e+18 5.6198e+18 5.6198e+18 2.6658e-02 0.0000e+00 1.5173e+05 0.0000e+00
4.5000e+02 2.4055e-11 1.0365e+00 1.7885e+03 1.8587e+03 1.9000e+03 7.2093e+18 5.6029e+18 5.6029e+18 2.6696e-02 0.0000e+00 1.5154e+05 0.0000e+00
4.6000e+02 2.3921e-11 1.0296e+00 1.7887e+03 1.8589e+03 1.9000e+03 7.1883e+18 5.5888e+18 5.5888e+18 2.6727e-02 0.0000e+00 1.5139e+05 0.0000e+00
4.7000e+02 2.3789e-11 1.0229e+00 1.7889e+03 1.8591e+03 1.9000e+03 7.1712e+18 5.5774e+18 5.5774e+18 2.6752e-02 0.0000e+00 1.5127e+05 0.0000e+00
4.8000e+02 2.3657e-11 1.0165e+00 1.7891e+03 1.8592e+03 1.9000e+03 7.1579e+18 5.5686e+18 5.5686e+18 2.6772e-02 0.0000e+00 1.5117e+05 0.0000e+00
4.9000e+02 2.3527e-11 1.0104e+00 1.7892e+03 1.8594e+03 1.9000e+03 7.1482e+18 5.5623e+18 5.5623e+18 2.6786e-02 0.0000e+00 1.5110e+05 0.0000e+00
5.0000e+02 2.3397e-11 1.0045e+00 1.7892e+03 1.8594e+03 1.9000e+03 7.1421e+18 5.5583e+18 5.5583e+18 2.6795e-02 0.0000e+00 1.5106e+05 0.0000e+00
5.1000e+02 2.3269e-11 9.9878e-01 1.7893e+03 1.8594e+03 1.9000e+03 7.1392e+18 5.5566e+18 5.5566e+18 2.6799e-02 0.0000e+00 1.5104e+05 0.0000e+00
5.2000e+02 2.3141e-11 9.9334e-01 1.7892e+03 1.8594e+03 1.9000e+03 7.1395e+18 5.5570e+18 5.5570e+18 2.6798e-02 0.0000e+00 1.5105e+05 0.0000e+00
5.3000e+02 2.3014e-11 9.8810e-01 1.7892e+03 1.8594e+03 1.9000e+03 7.1429e+18 5.5596e+18 5.5596e+18 2.6792e-02 0.0000e+00 1.5108e+05 0.0000e+00
5.4000e+02 2.2888e-11 9.8307e-01 1.7891e+03 1.8593e+03 1.9000e+03 7.1493e+18 5.5642e+18 5.5642e+18 2.6782e-02 0.0000e+00 1.5113e+05 0.0000e+00
5.5000e+02 2.2763e-11 9.7823e-01 1.7890e+03 1.8592e+03 1.9000e+03 7.1585e+18 5.5707e+18 5.5707e+18 2.6767e-02 0.0000e+00 1.5120e+05 0.0000e+00
5.6000e+02 2.2639e-11 9.7357e-01 1.7889e+03 1.8591e+03 1.9000e+03 7.1705e+18 5.5791e+18 5.5791e+18 2.6748e-02 0.0000e+00 1.5129e+05 0.0000e+00
5.7000e+02 2.2516e-11 9.6909e-01 1.7887e+03 1.8589e+03 1.9000e+03 7.1851e+18 5.5893e+18 5.5893e+18 2.6726e-02 0.0000e+00 1.5140e+05 0.0000e+00
5.8000e+02 2.2393e-11 9.6478e-01 1.7885e+03 1.8587e+03 1.9000e+03 7.2022e+18 5.6012e+18 5.6012e+18 2.6699e-02 0.0000e+00 1.5153e+05 0.0000e+00
5.9000e+02 2.2272e-11 9.6062e-01 1.7883e+03 1.8585e+03 1.9000e+03 7.2219e+18 5.6149e+18 5.6149e+18 2.6669e-02 0.0000e+00 1.5167e+05 0.0000e+00
6.0000e+02 2.2151e-11 9.5662e-01 1.7881e+03 1.8582e+03 1.9000e+03 7.2440e+18 5.6301e+18 5.6301e+18 2.6636e-02 0.0000e+00 1.5184e+05 0.0000e+00
6.1000e+02 2.2031e-11 9.5276e-01 1.7878e+03 1.8580e+03 1.9000e+03 7.2683e+18 5.6470e+18 5.6470e+18 2.6599e-02 0.0000e+00 1.5202e+05 0.0000e+00
6.2000e+02 2.1912e-11 9.4905e-01 1.7875e+03 1.8577e+03 1.9000e+03 7.2950e+18 5.6654e+18 5.6654e+18 2.6559e-02 0.0000e+00 1.5222e+05 0.0000e+00
6.3000e+02 2.1794e-11 9.4546e-01 1.7872e+03 1.8573e+03 1.9000e+03 7.3239e+18 5.6852e+18 5.6852e+18 2.6515e-02 0.0000e+00 1.5243e+05 0.0000e+00
6.4000e+02 2.1676e-11 9.4201e-01 1.7869e+03 1.8570e+03 1.9000e+03 7.3549e+18 5.7066e+18 5.7066e+18 2.6469e-02 0.0000e+00 1.5266e+05 0.0000e+00
6.5000e+02 2.1560e-11 9.3867e-01 1.7865e+03 1.8566e+03 1.9000e+03 7.3880e+18 5.7293e+18 5.7293e+18 2.6421e-02 0.0000e+00 1.5290e+05 0.0000e+00
6.6000e+02 2.1444e-11 9.3545e-01 1.7862e+03 1.8562e+03 1.9000e+03 7.4232e+18 5.7534e+18 5.7534e+18 2.6369e-02 0.0000e+00 1.5315e+05 0.0000e+00
6.7000e+02 2.1329e-11 9.3235e-01 1.7858e+03 1.8558e+03 1.9000e+03 7.4603e+18 5.7788e+18 5.7788e+18 2.6315e-02 0.0000e+00 1.5342e+05 0.0000e+00
6.8000e+02 2.1215e-11 9.2935e-01 1.7854e+03 1.8554e+03 1.9000e+03 7.4994e+18 5.8056e+18 5.8056e+18 2.6259e-02 0.0000e+00 1.5371e+05 0.0000e+00
6.9000e+02 2.1102e-11 9.2645e-01 1.7850e+03 1.8550e+03 1.9000e+03 7.5404e+18 5.8336e+18 5.8336e+18 2.6200e-02 0.0000e+00 1.5400e+05 0.0000e+00
7.0000e+02 2.0989e-11 9.2365e-01 1.7845e+03 1.8545e+03 1.9000e+03 7.5833e+18 5.8628e+18 5.8628e+18 2.6140e-02 0.0000e+00 1.5431e+05 0.0000e+00
7.1000e+02 2.0877e-11 9.2094e-01 1.7841e+03 1.8541e+03 1.9000e+03 7.6280e+18 5.8933e+18 5.8933e+18 2.6077e-02 0.0000e+00 1.5463e+05 0.0000e+00
7.2000e+02 2.0766e-11 9.1833e-01 1.7836e+03 1.8536e+03 1.9000e+03 7.6746e+18 5.9249e+18 5.9249e+18 2.6012e-02 0.0000e+00 1.5496e+05 0.0000e+00
7.3000e+02 2.0656e-11 9.1580e-01 1.7831e+03 1.8531e+03 1.9000e+03 7.7229e+18 5.9578e+18 5.9578e+18 2.5946e-02 0.0000e+00 1.5530e+05 0.0000e+00
7.4000e+02 2.0547e-11 9.1335e-01 1.7826e+03 1.8525e+03 1.9000e+03 7.7729e+18 5.9917e+18 5.9917e+18 2.5877e-02 0.0000e+00 1.5565e+05 0.0000e+00
7.5000e+02 2.0438e-11 9.1098e-01 1.7821e+03 1.8520e+03 1.9000e+03 7.8246e+18 6.0268e+18 6.0268e+18 2.5808e-02 0.0000e+00 1.5601e+05 0.0000e+00
7.6000e+02 2.0330e-11 9.0869e-01 1.7816e+03 1.8515e+03 1.9000e+03 7.8780e+18 6.0629e+18 6.0629e+18 2.5736e-02 0.0000e+00 1.5638e+05 0.0000e+00
7.7000e+02 2.0223e-11 9.0647e-01 1.7810e+03 1.8509e+03 1.9000e+03 7.9331e+18 6.1002e+18 6.1002e+18 2.5663e-02 0.0000e+00 1.5677e+05 0.0000e+00
7.8000e+02 2.0117e-11 9.0432e-01 1.7805e+03 1.8503e+03 1.9000e+03 7.9898e+18 6.1385e+18 6.1385e+18 2.5589e-02 0.0000e+00 1.5716e+05 0.0000e+00
7.9000e+02 2.0011e-11 9.0223e-01 1.7799e+03 1.8498e+03 1.9000e+03 8.0482e+18 6.1778e+18 6.1778e+18 2.5513e-02 0.0000e+00 1.5756e+05 0.0000e+00
8.0000e+02 1.9906e-11 9.0022e-01 1.7794e+03 1.8492e+03 1.9000e+03 8.1081e+18 6.2181e+18 6.2181e+18 2.5436e-02 0.0000e+00 1.5797e+05 0.0000e+00
8.1000e+02 1.9802e-11 8.9826e-01 1.7788e+03 1.8486e+03 1.9000e+03 8.1697e+18 6.2595e+18 6.2595e+18 2.5358e-02 0.0000e+00 1.5838e+05 0.0000e+00
8.2000e+02 1.9698e-11 8.9636e-01 1.7782e+03 1.8479e+03 1.9000e+03 8.2327e+18 6.3019e+18 6.3019e+18 2.5279e-02 0.0000e+00 1.5881e+05 0.0000e+00
8.3000e+02 1.9596e-11 8.9452e-01 1.7776e+03 1.8473e+03 1.9000e+03 8.2974e+18 6.3452e+18 6.3452e+18 2.5199e-02 0.0000e+00 1.5924e+05 0.0000e+00
8.4000e+02 1.9493e-11 8.9273e-01 1.7770e+03 1.8467e+03 1.9000e+03 8.3636e+18 6.3895e+18 6.3895e+18 2.5118e-02 0.0000e+00 1.5969e+05 0.0000e+00
8.5000e+02 1.9392e-11 8.9100e-01 1.7764e+03 1.8461e+03 1.9000e+03 8.4312e+18 6.4347e+18 6.4347e+18 2.5036e-02 0.0000e+00 1.6013e+05 0.0000e+00
8.6000e+02 1.9291e-11 8.8931e-01 1.7757e+03 1.8454e+03 1.9000e+03 8.5005e+18 6.4809e+18 6.4809e+18 2.4953e-02 0.0000e+00 1.6059e+05 0.0000e+00
8.7000e+02 1.9191e-11 8.8768e-01 1.7751e+03 1.8447e+03 1.9000e+03 8.5712e+18 6.5280e+18 6.5280e+18 2.4869e-02 0.0000e+00 1.6105e+05 0.0000e+00
8.8000e+02 1.9092e-11 8.8609e-01 1.7745e+03 1.8441e+03 1.9000e+03 8.6434e+18 6.5761e+18 6.5761e+18 2.4785e-02 0.0000e+00 1.6153e+05 0.0000e+00
8.9000e+02 1.8994e-11 8.8454e-01 1.7738e+03 1.8434e+03 1.9000e+03 8.7170e+18 6.6250e+18 6.6250e+18 2.4700e-02 0.0000e+00 1.6200e+05 0.0000e+00
9.0000e+02 1.8896e-11 8.8304e-01 1.7732e+03 1.8427e+03 1.9000e+03 8.7922e+18 6.6749e+18 6.6749e+18 2.4615e-02 0.0000e+00 1.6249e+05 0.0000e+00
9.1000e+02 1.8798e-11 8.8158e-01 1.7725e+03 1.8421e+03 1.9000e+03 8.8688e+18 6.7256e+18 6.7256e+18 2.4528e-02 0.0000e+00 1.6298e+05 0.0000e+00
9.2000e+02 1.8702e-11 8.8016e-01 1.7719e+03 1.8414e+03 1.9000e+03 8.9468e+18 6.7772e+18 6.7772e+18 2.4442e-02 0.0000e+00 1.6347e+05 0.0000e+00
9.3000e+02 1.8606e-11 8.7878e-01 1.7712e+03 1.8407e+03 1.9000e+03 9.0264e+18 6.8297e+18 6.8297e+18 2.4355e-02 0.0000e+00 1.6398e+05 0.0000e+00
9.4000e+02 1.8510e-11 8.7743e-01 1.7705e+03 1.8400e+03 1.9000e+03 9.1073e+18 6.8831e+18 6.8831e+18 2.4267e-02 0.0000e+00 1.6448e+05 0.0000e+00
9.5000e+02 1.8416e-11 8.7612e-01 1.7698e+03 1.8393e+03 1.9000e+03 9.1897e+18 6.9373e+18 6.9373e+18 2.4179e-02 0.0000e+00 1.6500e+05 0.0000e+00
9.6000e+02 1.8322e-11 8.7484e-01 1.7691e+03 1.8386e+03 1.9000e+03 9.2736e+18 6.9924e+18 6.9924e+18 2.4091e-02 0.0000e+00 1.6552e+05 0.0000e+00
9.7000e+02 1.8228e-11 8.7360e-01 1.7685e+03 1.8378e+03 1.9000e+03 9.3589e+18 7.0484e+18 7.0484e+18 2.4002e-02 0.0000e+00 1.6604e+05 0.0000e+00
9.8000e+02 1.8136e-11 8.7239e-01 1.7678e+03 1.8371e+03 1.9000e+03 9.4456e+18 7.1051e+18 7.1051e+18 2.3913e-02 0.0000e+00 1.6657e+05 0.0000e+00
9.9000e+02 1.8044e-11 8.7121e-01 1.7671e+03 1.8364e+03 1.9000e+03 9.5338e+18 7.1627e+18 7.1627e+18 2.3824e-02 0.0000e+00 1.6711e+05 0.0000e+00
1.0000e+03 1.7952e-11 8.7006e-01 1.7664e+03 1.8357e+03 1.9000e+03 9.6233e+18 7.2212e+18 7.2212e+18 2.3735e-02 0.0000e+00 1.6765e+05 0.0000e+00
1.0100e+03 1.7861e-11 8.6893e-01 1.7657e+03 1.8349e+03 1.9000e+03 9.7143e+18 7.2805e+18 7.2805e+18 2.3645e-02 0.0000e+00 1.6820e+05 0.0000e+00
1.0200e+03 1.7771e-11 8.6784e-01 1.7650e+03 1.8342e+03 1.9000e+03 9.8068e+18 7.3406e+18 7.3406e+18 2.3555e-02 0.0000e+00 1.6875e+05 0.0000e+00
1.0300e+03 1.7681e-11 8.6677e-01 1.7642e+03 1.8335e+03 1.9000e+03 9.9007e+18 7.4015e+18 7.4015e+18 2.3465e-02 0.0000e+00 1.6930e+05 0.0000e+00
1.0400e+03 1.7592e-11 8.6572e-01 1.7635e+03 1.8327e+03 1.9000e+03 9.9960e+18 7.4632e+18 7.4632e+18 2.3375e-02 0.0000e+00 1.6986e+05 0.0000e+00
1.0500e+03 1.7504e-11 8.6470e-01 1.7628e+03 1.8320e+03 1.9000e+03 1.0093e+19 7.5258e+18 7.5258e+18 2.3285e-02 0.0000e+00 1.7043e+05 0.0000e+00
1.0600e+03 1.7416e-11 8.6370e-01 1.7621e+03 1.8312e+03 1.9000e+03 1.0191e+19 7.5892e+18 7.5892e+18 2.3195e-02 0.0000e+00 1.7099e+05 0.0000e+00
1.0700e+03 1.7329e-11 8.6273e-01 1.7614e+03 1.8305e+03 1.9000e+03 1.0290e+19 7.6534e+18 7.6534e+18 2.3105e-02 0.0000e+00 1.7157e+05 0.0000e+00
1.0800e+03 1.7242e-11 8.6178e-01 1.7606e+03 1.8297e+03 1.9000e+03 1.0391e+19 7.7183e+18 7.7183e+18 2.3015e-02 0.0000e+00 1.7214e+05 0.0000e+00
1.0900e+03 1.7156e-11 8.6085e-01 1.7599e+03 1.8290e+03 1.9000e+03 1.0494e+19 7.7841e+18 7.7841e+18 2.2925e-02 0.0000e+00 1.7273e+05 0.0000e+00
1.1000e+03 1.7071e-11 8.5993e-01 1.7592e+03 1.8282e+03 1.9000e+03 1.0598e+19 7.8507e+18 7.8507e+18 2.2835e-02 0.0000e+00 1.7331e+05 0.0000e+00
1.1100e+03 1.6986e-11 8.5904e-01 1.7585e+03 1.8274e+03 1.9000e+03 1.0703e+19 7.9181e+18 7.9181e+18 2.2745e-02 0.0000e+00 1.7390e+05 0.0000e+00
1.1200e+03 1.6902e-11 8.5817e-01 1.7577e+03 1.8267e+03 1.9000e+03 1.0810e+19 7.9863e+18 7.9863e+18 2.2655e-02 0.0000e+00 1.7449e+05 0.0000e+00
1.1300e+03 1.6818e-11 8.5732e-01 1.7570e+03 1.8259e+03 1.9000e+03 1.0918e+19 8.0553e+18 8.0553e+18 2.2565e-02 0.0000e+00 1.7509e+05 0.0000e+00
1.1400e+03 1.6735e-11 8.5648e-01 1.7563e+03 1.8252e+03 1.9000e+03 1.1028e+19 8.1251e+18 8.1251e+18 2.2476e-02 0.0000e+00 1.7569e+05 0.0000e+00
1.1500e+03 1.6652e-11 8.5566e-01 1.7555e+03 1.8244e+03 1.9000e+03 1.1139e+19 8.1957e+18 8.1957e+18 2.2386e-02 0.0000e+00 1.7630e+05 0.0000e+00
1.1600e+03 1.6570e-11 8.5486e-01 1.7548e+03 1.8236e+03 1.9000e+03 1.1252e+19 8.2671e+18 8.2671e+18 2.2296e-02 0.0000e+00 1.7690e+05 0.0000e+00
1.1700e+03 1.6488e-11 8.5407e-01 1.7540e+03 1.8229e+03 1.9000e+03 1.1366e+19 8.3392e+18 8.3392e+18 2.2207e-02 0.0000e+00 1.7752e+05 0.0000e+00
1.1800e+03 1.6407e-11 8.5330e-01 1.7533e+03 1.8221e+03 1.9000e+03 1.1482e+19 8.4122e+18 8.4122e+18 2.2118e-02 0.0000e+00 1.7813e+05 0.0000e+00
1.1900e+03 1.6327e-11 8.5254e-01 1.7526e+03 1.8213e+03 1.9000e+03 1.1599e+19 8.4860e+18 8.4860e+18 2.2029e-02 0.0000e+00 1.7875e+05 0.0000e+00
1.2000e+03 1.6247e-11 8.5180e-01 1.7518e+03 1.8205e+03 1.9000e+03 1.1717e+19 8.5605e+18 8.5605e+18 2.1940e-02 0.0000e+00 1.7937e+05 0.0000e+00
1.2100e+03 1.6167e-11 8.5107e-01 1.7511e+03 1.8198e+03 1.9000e+03 1.1837e+19 8.6359e+18 8.6359e+18 2.1852e-02 0.0000e+00 1.8000e+05 0.0000e+00
1.2200e+03 1.6089e-11 8.5036e-01 1.7503e+03 1.8190e+03 1.9000e+03 1.1959e+19 8.7120e+18 8.7120e+18 2.1764e-02 0.0000e+00 1.8062e+05 0.0000e+00
1.2300e+03 1.6010e-11 8.4966e-01 1.7496e+03 1.8182e+03 1.9000e+03 1.2082e+19 8.7889e+18 8.7889e+18 2.1675e-02 0.0000e+00 1.8125e+05 0.0000e+00
1.2400e+03 1.5932e-11 8.4897e-01 1.7488e+03 1.8175e+03 1.9000e+03 1.2207e+19 8.8667e+18 8.8667e+18 2.1588e-02 0.0000e+00 1.8189e+05 0.0000e+00
1.2500e+03 1.5855e-11 8.4829e-01 1.7481e+03 1.8167e+03 1.9000e+03 1.2333e+19 8.9452e+18 8.9452e+18 2.1500e-02 0.0000e+00 1.8253e+05 0.0000e+00
1.2600e+03 1.5778e-11 8.4762e-01 1.7474e+03 1.8159e+03 1.9000e+03 1.2461e+19 9.0245e+18 9.0245e+18 2.1413e-02 0.0000e+00 1.8317e+05 0.0000e+00
1.2700e+03 1.5702e-11 8.4697e-01 1.7466e+03 1.8151e+03 1.9000e+03 1.2590e+19 9.1046e+18 9.1046e+18 2.1326e-02 0.0000e+00 1.8381e+05 0.0000e+00
1.2800e+03 1.5626e-11 8.4633e-01 1.7459e+03 1.8144e+03 1.9000e+03 1.2721e+19 9.1855e+18 9.1855e+18 2.1239e-02 0.0000e+00 1.8446e+05 0.0000e+00
1.2900e+03 1.5551e-11 8.4570e-01 1.7451e+03 1.8136e+03 1.9000e+03 1.2853e+19 9.2673e+18 9.2673e+18 2.1152e-02 0.0000e+00 1.8510e+05 0.0000e+00
1.3000e+03 1.5476e-11 8.4507e-01 1.7444e+03 1.8128e+03 1.9000e+03 1.2987e+19 9.3498e+18 9.3498e+18 2.1066e-02 0.0000e+00 1.8576e+05 0.0000e+00
1.3100e+03 1.5402e-11 8.4446e-01 1.7436e+03 1.8120e+03 1.9000e+03 1.3123e+19 9.4331e+18 9.4331e+18 2.0980e-02 0.0000e+00 1.8641e+05 0.0000e+00
1.3200e+03 1.5328e-11 8.4386e-01 1.7429e+03 1.8113e+03 1.9000e+03 1.3260e+19 9.5172e+18 9.5172e+18 2.0894e-02 0.0000e+00 1.8707e+05 0.0000e+00
1.3300e+03 1.5255e-11 8.4327e-01 1.7421e+03 1.8105e+03 1.9000e+03 1.3399e+19 9.6021e+18 9.6021e+18 2.0809e-02 0.0000e+00 1.8773e+05 0.0000e+00
1.3400e+03 1.5182e-11 8.4269e-01 1.7414e+03 1.8097e+03 1.9000e+03 1.3539e+19 9.6878e+18 9.6878e+18 2.0724e-02 0.0000e+00 1.8839e+05 0.0000e+00
1.3500e+03 1.5110e-11 8.4211e-01 1.7406e+03 1.8089e+03 1.9000e+03 1.3681e+19 9.7744e+18 9.7744e+18 2.0639e-02 0.0000e+00 1.8905e+05 0.0000e+00
1.3600e+03 1.5038e-11 8.4155e-01 1.7399e+03 1.8082e+03 1.9000e+03 1.3824e+19 9.8617e+18 9.8617e+18 2.0555e-02 0.0000e+00 1.8972e+05 0.0000e+00
1.3700e+03 1.4966e-11 8.4099e-01 1.7392e+03 1.8074e+03 1.9000e+03 1.3970e+19 9.9498e+18 9.9498e+18 2.0471e-02 0.0000e+00 1.9039e+05 0.0000e+00
1.3800e+03 1.4895e-11 8.4044e-01 1.7384e+03 1.8066e+03 1.9000e+03 1.4116e+19 1.0039e+19 1.0039e+19 2.0387e-02 0.0000e+00 1.9106e+05 0.0000e+00
1.3900e+03 1.4825e-11 8.3990e-01 1.7377e+03 1.8058e+03 1.9000e+03 1.4265e+19 1.0129e+19 1.0129e+19 2.0304e-02 0.0000e+00 1.9174e+05 0.0000e+00
1.4000e+03 1.4755e-11 8.3937e-01 1.7369e+03 1.8051e+03 1.9000e+03 1.4415e+19 1.0219e+19 1.0219e+19 2.0221e-02 0.0000e+00 1.9242e+05 0.0000e+00
1.4100e+03 1.4685e-11 8.3884e-01 1.7362e+03 1.8043e+03 1.9000e+03 1.4567e+19 1.0311e+19 1.0311e+19 2.0138e-02 0.0000e+00 1.9310e+05 0.0000e+00
1.4200e+03 1.4616e-11 8.3832e-01 1.7354e+03 1.8035e+03 1.9000e+03 1.4721e+19 1.0403e+19 1.0403e+19 2.0055e-02 0.0000e+00 1.9378e+05 0.0000e+00
1.4300e+03 1.4547e-11 8.3781e-01 1.7347e+03 1.8028e+03 1.9000e+03 1.4876e+19 1.0496e+19 1.0496e+19 1.9973e-02 0.0000e+00 1.9446e+05 0.0000e+00
1.4400e+03 1.4479e-11 8.3730e-01 1.7340e+03 1.8020e+03 1.9000e+03 1.5033e+19 1.0590e+19 1.0590e+19 1.9892e-02 0.0000e+00 1.9515e+05 0.0000e+00
1.4500e+03 1.4411e-11 8.3681e-01 1.7332e+03 1.8012e+03 1.9000e+03 1.5192e+19 1.0684e+19 1.0684e+19 1.9810e-02 0.0000e+00 1.9584e+05 0.0000e+00
1.4600e+03 1.4344e-11 8.3631e-01 1.7325e+03 1.8004e+03 1.9000e+03 1.5352e+19 1.0780e+19 1.0780e+19 1.9730e-02 0.0000e+00 1.9653e+05 0.0000e+00
1.4700e+03 1.4277e-11 8.3583e-01 1.7317e+03 1.7997e+03 1.9000e+03 1.5515e+19 1.0876e+19 1.0876e+19 1.9649e-02 0.0000e+00 1.9722e+05 0.0000e+00
1.4800e+03 1.4211e-11 8.3535e-01 1.7310e+03 1.7989e+03 1.9000e+03 1.5679e+19 1.0973e+19 1.0973e+19 1.9569e-02 0.0000e+00 1.9792e+05 0.0000e+00
1.4900e+03 1.4145e-11 8.3487e-01 1.7303e+03 1.7982e+03 1.9000e+03 1.5844e+19 1.1072e+19 1.1072e+19 1.9489e-02 0.0000e+00 1.9862e+05 0.0000e+00
1.5000e+03 1.4079e-11 8.3441e-01 1.7295e+03 1.7974e+03 1.9000e+03 1.6012e+19 1.1170e+19 1.1170e+19 1.9409e-02 0.0000e+00 1.9932e+05 0.0000e+00
1.5100e+03 1.4014e-11 8.3394e-01 1.7288e+03 1.7966e+03 1.9000e+03 1.6181e+19 1.1270e+19 1.1270e+19 1.9330e-02 0.0000e+00 2.0002e+05 0.0000e+00
1.5200e+03 1.3949e-11 8.3349e-01 1.7281e+03 1.7959e+03 1.9000e+03 1.6353e+19 1.1371e+19 1.1371e+19 1.9251e-02 0.0000e+00 2.0072e+05 0.0000e+00
1.5300e+03 1.3885e-11 8.3303e-01 1.7273e+03 1.7951e+03 1.9000e+03 1.6526e+19 1.1472e+19 1.1472e+19 1.9173e-02 0.0000e+00 2.0143e+05 0.0000e+00
1.5400e+03 1.3821e-11 8.3259e-01 1.7266e+03 1.7943e+03 1.9000e+03 1.6701e+19 1.1574e+19 1.1574e+19 1.9095e-02 0.0000e+00 2.0214e+05 0.0000e+00
1.5500e+03 1.3757e-11 8.3215e-01 1.7259e+03 1.7936e+03 1.9000e+03 1.6877e+19 1.1677e+19 1.1677e+19 1.9017e-02 0.0000e+00 2.0285e+05 0.0000e+00
1.5600e+03 1.3694e-11 8.3171e-01 1.7251e+03 1.7928e+03 1.9000e+03 1.7056e+19 1.1781e+19 1.1781e+19 1.8940e-02 0.0000e+00 2.0356e+05 0.0000e+00
1.5700e+03 1.3632e-11 8.3128e-01 1.7244e+03 1.7921e+03 1.9000e+03 1.7236e+19 1.1886e+19 1.1886e+19 1.8863e-02 0.0000e+00 2.0428e+05 0.0000e+00
1.5800e+03 1.3569e-11 8.3085e-01 1.7237e+03 1.7913e+03 1.9000e+03 1.7419e+19 1.1992e+19 1.1992e+19 1.8786e-02 0.0000e+00 2.0499e+05 0.0000e+00
1.5900e+03 1.3507e-11 8.3043e-01 1.7230e+03 1.7906e+03 1.9000e+03 1.7603e+19 1.2098e+19 1.2098e+19 1.8710e-02 0.0000e+00 2.0571e+05 0.0000e+00
1.6000e+03 1.3446e-11 8.3001e-01 1.7222e+03 1.7898e+03 1.9000e+03 1.7789e+19 1.2206e+19 1.2206e+19 1.8634e-02 0.0000e+00 2.0643e+05 0.0000e+00
1.6100e+03 1.3385e-11 8.2959e-01 1.7215e+03 1.7891e+03 1.9000e+03 1.7978e+19 1.2314e+19 1.2314e+19 1.8559e-02 0.0000e+00 2.0715e+05 0.0000e+00
1.6200e+03 1.3324e-11 8.2919e-01 1.7208e+03 1.7883e+03 1.9000e+03 1.8168e+19 1.2423e+19 1.2423e+19 1.8484e-02 0.0000e+00 2.0788e+05 0.0000e+00
1.6300e+03 1.3264e-11 8.2878e-01 1.7201e+03 1.7876e+03 1.9000e+03 1.8360e+19 1.2533e+19 1.2533e+19 1.8409e-02 0.0000e+00 2.0860e+05 0.0000e+00
1.6400e+03 1.3204e-11 8.2838e-01 1.7194e+03 1.7868e+03 1.9000e+03 1.8554e+19 1.2644e+19 1.2644e+19 1.8335e-02 0.0000e+00 2.0933e+05 0.0000e+00
1.6500e+03 1.3144e-11 8.2798e-01 1.7186e+03 1.7861e+03 1.9000e+03 1.8750e+19 1.2756e+19 1.2756e+19 1.8261e-02 0.0000e+00 2.1006e+05 0.0000e+00
1.6600e+03 1.3085e-11 8.2759e-01 1.7179e+03 1.7853e+03 1.9000e+03 1.8949e+19 1.2869e+19 1.2869e+19 1.8187e-02 0.0000e+00 2.1079e+05 0.0000e+00
1.6700e+03 1.3026e-11 8.2719e-01 1.7172e+03 1.7846e+03 1.9000e+03 1.9149e+19 1.2982e+19 1.2982e+19 1.8114e-02 0.0000e+00 2.1152e+05 0.0000e+00
1.6800e+03 1.2968e-11 8.2681e-01 1.7165e+03 1.7838e+03 1.9000e+03 1.9351e+19 1.3097e+19 1.3097e+19 1.8041e-02 0.0000e+00 2.1226e+05 0.0000e+00
1.6900e+03 1.2910e-11 8.2642e-01 1.7158e+03 1.7831e+03 1.9000e+03 1.9555e+19 1.3212e+19 1.3212e+19 1.7969e-02 0.0000e+00 2.1300e+05 0.0000e+00
1.7000e+03 1.2852e-11 8.2604e-01 1.7151e+03 1.7823e+03 1.9000e+03 1.9762e+19 1.3329e+19 1.3329e+19 1.7897e-02 0.0000e+00 2.1373e+05 0.0000e+00
1.7100e+03 1.2795e-11 8.2567e-01 1.7143e+03 1.7816e+03 1.9000e+03 1.9970e+19 1.3446e+19 1.3446e+19 1.7825e-02 0.0000e+00 2.1448e+05 0.0000e+00
1.7200e+03 1.2738e-11 8.2530e-01 1.7136e+03 1.7809e+03 1.9000e+03 2.0181e+19 1.3564e+19 1.3564e+19 1.7754e-02 0.0000e+00 2.1522e+05 0.0000e+00
1.7300e+03 1.2681e-11 8.2493e-01 1.7129e+03 1.7801e+03 1.9000e+03 2.0394e+19 1.3683e+19 1.3683e+19 1.7683e-02 0.0000e+00 2.1596e+05 0.0000e+00
1.7400e+03 1.2625e-11 8.2456e-01 1.7122e+03 1.7794e+03 1.9000e+03 2.0609e+19 1.3803e+19 1.3803e+19 1.7612e-02 0.0000e+00 2.1671e+05 0.0000e+00
1.7500e+03 1.2569e-11 8.2420e-01 1.7115e+03 1.7787e+03 1.9000e+03 2.0826e+19 1.3924e+19 1.3924e+19 1.7542e-02 0.0000e+00 2.1745e+05 0.0000e+00
1.7600e+03 1.2513e-11 8.2383e-01 1.7108e+03 1.7779e+03 1.9000e+03 2.1045e+19 1.4045e+19 1.4045e+19 1.7472e-02 0.0000e+00 2.1820e+05 0.0000e+00
1.7700e+03 1.2458e-11 8.2348e-01 1.7101e+03 1.7772e+03 1.9000e+03 2.1266e+19 1.4168e+19 1.4168e+19 1.7402e-02 0.0000e+00 2.1895e+05 0.0000e+00
1.7800e+03 1.2403e-11 8.2312e-01 1.7094e+03 1.7765e+03 1.9000e+03 2.1490e+19 1.4292e+19 1.4292e+19 1.7333e-02 0.0000e+00 2.1970e+05 0.0000e+00
1.7900e+03 1.2349e-11 8.2277e-01 1.7087e+03 1.7757e+03 1.9000e+03 2.1716e+19 1.4416e+19 1.4416e+19 1.7265e-02 0.0000e+00 2.2046e+05 0.0000e+00
1.8000e+03 1.2295e-11 8.2242e-01 1.7080e+03 1.7750e+03 1.9000e+03 2.1944e+19 1.4542e+19 1.4542e+19 1.7196e-02 0.0000e+00 2.2121e+05 0.0000e+00
1.8100e+03 1.2241e-11 8.2208e-01 1.7073e+03 1.7743e+03 1.9000e+03 2.2175e+19 1.4668e+19 1.4668e+19 1.7128e-02 0.0000e+00 2.2197e+05 0.0000e+00
1.8200e+03 1.2187e-11 8.2173e-01 1.7066e+03 1.7736e+03 1.9000e+03 2.2408e+19 1.4796e+19 1.4796e+19 1.7060e-02 0.0000e+00 2.2273e+05 0.0000e+00
1.8300e+03 1.2134e-11 8.2139e-01 1.7059e+03 1.7728e+03 1.9000e+03 2.2643e+19 1.4924e+19 1.4924e+19 1.6993e-02 0.0000e+00 2.2349e+05 0.0000e+00
1.8400e+03 1.2081e-11 8.2105e-01 1.7052e+03 1.7721e+03 1.9000e+03 2.2880e+19 1.5053e+19 1.5053e+19 1.6926e-02 0.0000e+00 2.2425e+05 0.0000e+00
1.8500e+03 1.2029e-11 8.2072e-01 1.7045e+03 1.7714e+03 1.9000e+03 2.3120e+19 1.5183e+19 1.5183e+19 1.6859e-02 0.0000e+00 2.2502e+05 0.0000e+00
1.8600e+03 1.1977e-11 8.2038e-01 1.7038e+03 1.7707e+03 1.9000e+03 2.3362e+19 1.5315e+19 1.5315e+19 1.6793e-02 0.0000e+00 2.2578e+05 0.0000e+00
1.8700e+03 1.1925e-11 8.2005e-01 1.7032e+03 1.7700e+03 1.9000e+03 2.3606e+19 1.5447e+19 1.5447e+19 1.6727e-02 0.0000e+00 2.2655e+05 0.0000e+00
1.8800e+03 1.1873e-11 8.1972e-01 1.7025e+03 1.7693e+03 1.9000e+03 2.3853e+19 1.5580e+19 1.5580e+19 1.6661e-02 0.0000e+00 2.2732e+05 0.0000e+00
1.8900e+03 1.1822e-11 8.1940e-01 1.7018e+03 1.7685e+03 1.9000e+03 2.4103e+19 1.5714e+19 1.5714e+19 1.6596e-02 0.0000e+00 2.2808e+05 0.0000e+00
1.9000e+03 1.1771e-11 8.1907e-01 1.7011e+03 1.7678e+03 1.9000e+03 2.4354e+19 1.5849e+19 1.5849e+19 1.6531e-02 0.0000e+00 2.2886e+05 0.0000e+00
1.9100e+03 1.1721e-11 8.1875e-01 1.7004e+03 1.7671e+03 1.9000e+03 2.4608e+19 1.5985e+19 1.5985e+19 1.6467e-02 0.0000e+00 2.2963e+05 0.0000e+00
1.9200e+03 1.1670e-11 8.1843e-01 1.6997e+03 1.7664e+03 1.9000e+03 2.4865e+19 1.6122e+19 1.6122e+19 1.6403e-02 0.0000e+00 2.3040e+05 0.0000e+00
1.9300e+03 1.1620e-11 8.1812e-01 1.6990e+03 1.7657e+03 1.9000e+03 2.5124e+19 1.6260e+19 1.6260e+19 1.6339e-02 0.0000e+00 2.3118e+05 0.0000e+00
1.9400e+03 1.1571e-11 8.1780e-01 1.6984e+03 1.7650e+03 1.9000e+03 2.5386e+19 1.6399e+19 1.6399e+19 1.6275e-02 0.0000e+00 2.3196e+05 0.0000e+00
1.9500e+03 1.1521e-11 8.1749e-01 1.6977e+03 1.7643e+03 1.9000e+03 2.5650e+19 1.6539e+19 1.6539e+19 1.6212e-02 0.0000e+00 2.3273e+05 0.0000e+00
1.9600e+03 1.1472e-11 8.1718e-01 1.6970e+03 1.7636e+03 1.9000e+03 2.5917e+19 1.6680e+19 1.6680e+19 1.6149e-02 0.0000e+00 2.3351e+05 0.0000e+00
1.9700e+03 1.1424e-11 8.1687e-01 1.6963e+03 1.7629e+03 1.9000e+03 2.6186e+19 1.6822e+19 1.6822e+19 1.6087e-02 0.0000e+00 2.3430e+05 0.0000e+00
1.9800e+03 1.1375e-11 8.1656e-01 1.6957e+03 1.7622e+03 1.9000e+03 2.6458e+19 1.6966e+19 1.6966e+19 1.6024e-02 0.0000e+00 2.3508e+05 0.0000e+00
1.9900e+03 1.1327e-11 8.1626e-01 1.6950e+03 1.7615e+03 1.9000e+03 2.6733e+19 1.7110e+19 1.7110e+19 1.5963e-02 0.0000e+00 2.3586e+05 0.0000e+00
2.0000e+03 1.1279e-11 8.1595e-01 1.6943e+03 1.7608e+03 1.9000e+03 2.7010e+19 1.7255e+19 1.7255e+19 1.5901e-02 0.0000e+00 2.3665e+05 0.0000e+00
2.0100e+03 1.1232e-11 8.1565e-01 1.6937e+03 1.7601e+03 1.9000e+03 2.7290e+19 1.7401e+19 1.7401e+19 1.5840e-02 0.0000e+00 2.3744e+05 0.0000e+00
2.0200e+03 1.1184e-11 8.1535e-01 1.6930e+03 1.7594e+03 1.9000e+03 2.7573e+19 1.7548e+19 1.7548e+19 1.5779e-02 0.0000e+00 2.3823e+05 0.0000e+00
2.0300e+03 1.1137e-11 8.1506e-01 1.6923e+03 1.7587e+03 1.9000e+03 2.7858e+19 1.7696e+19 1.7696e+19 1.5719e-02 0.0000e+00 2.3902e+05 0.0000e+00
2.0400e+03 1.1091e-11 8.1476e-01 1.6917e+03 1.7580e+03 1.9000e+03 2.8146e+19 1.7845e+19 1.7845e+19 1.5658e-02 0.0000e+00 2.3981e+05 0.0000e+00
2.0500e+03 1.1044e-11 8.1447e-01 1.6910e+03 1.7573e+03 1.9000e+03 2.8437e+19 1.7995e+19 1.7995e+19 1.5598e-02 0.0000e+00 2.4060e+05 0.0000e+00
2.0600e+03 1.0998e-11 8.1418e-01 1.6903e+03 1.7566e+03 1.9000e+03 2.8730e+19 1.8147e+19 1.8147e+19 1.5539e-02 0.0000e+00 2.4140e+05 0.0000e+00
2.0700e+03 1.0953e-11 8.1389e-01 1.6897e+03 1.7560e+03 1.9000e+03 2.9027e+19 1.8299e+19 1.8299e+19 1.5480e-02 0.0000e+00 2.4219e+05 0.0000e+00
2.0800e+03 1.0907e-11 8.1360e-01 1.6890e+03 1.7553e+03 1.9000e+03 2.9326e+19 1.8452e+19 1.8452e+19 1.5421e-02 0.0000e+00 2.4299e+05 0.0000e+00
2.0900e+03 1.0862e-11 8.1331e-01 1.6884e+03 1.7546e+03 1.9000e+03 2.9628e+19 1.8607e+19 1.8607e+19 1.5362e-02 0.0000e+00 2.4379e+05 0.0000e+00
2.1000e+03 1.0817e-11 8.1303e-01 1.6877e+03 1.7539e+03 1.9000e+03 2.9933e+19 1.8762e+19 1.8762e+19 1.5304e-02 0.0000e+00 2.4459e+05 0.0000e+00
2.1100e+03 1.0772e-11 8.1275e-01 1.6871e+03 1.7532e+03 1.9000e+03 3.0240e+19 1.8919e+19 1.8919e+19 1.5246e-02 0.0000e+00 2.4539e+05 0.0000e+00
2.1200e+03 1.0728e-11 8.1246e-01 1.6864e+03 1.7526e+03 1.9000e+03 3.0551e+19 1.9076e+19 1.9076e+19 1.5188e-02 0.0000e+00 2.4619e+05 0.0000e+00
2.1300e+03 1.0683e-11 8.1218e-01 1.6858e+03 1.7519e+03 1.9000e+03 3.0864e+19 1.9235e+19 1.9235e+19 1.5131e-02 0.0000e+00 2.4699e+05 0.0000e+00
2.1400e+03 1.0639e-11 8.1191e-01 1.6851e+03 1.7512e+03 1.9000e+03 3.1181e+19 1.9395e+19 1.9395e+19 1.5074e-02 0.0000e+00 2.4780e+05 0.0000e+00
2.1500e+03 1.0596e-11 8.1163e-01 1.6845e+03 1.7505e+03 1.9000e+03 3.1500e+19 1.9556e+19 1.9556e+19 1.5017e-02 0.0000e+00 2.4861e+05 0.0000e+00
2.1600e+03 1.0552e-11 8.1136e-01 1.6838e+03 1.7499e+03 1.9000e+03 3.1823e+19 1.9718e+19 1.9718e+19 1.4961e-02 0.0000e+00 2.4941e+05 0.0000e+00
2.1700e+03 1.0509e-11 8.1108e-01 1.6832e+03 1.7492e+03 1.9000e+03 3.2148e+19 1.9881e+19 1.9881e+19 1.4905e-02 0.0000e+00 2.5022e+05 0.0000e+00
2.1800e+03 1.0466e-11 8.1081e-01 1.6825e+03 1.7485e+03 1.9000e+03 3.2477e+19 2.0045e+19 2.0045e+19 1.4849e-02 0.0000e+00 2.5103e+05 0.0000e+00
2.1900e+03 1.0424e-11 8.1054e-01 1.6819e+03 1.7479e+03 1.9000e+03 3.2808e+19 2.0210e+19 2.0210e+19 1.4793e-02 0.0000e+00 2.5185e+05 0.0000e+00
2.2000e+03 1.0382e-11 8.1027e-01 1.6812e+03 1.7472e+03 1.9000e+03 3.3143e+19 2.0376e+19 2.0376e+19 1.4738e-02 0.0000e+00 2.5266e+05 0.0000e+00
2.2100e+03 1.0339e-11 8.1000e-01 1.6806e+03 1.7465e+03 1.9000e+03 3.3481e+19 2.0544e+19 2.0544e+19 1.4683e-02 0.0000e+00 2.5347e+05 0.0000e+00
2.2200e+03 1.0298e-11 8.0974e-01 1.6800e+03 1.7459e+03 1.9000e+03 3.3822e+19 2.0712e+19 2.0712e+19 1.4629e-02 0.0000e+00 2.5429e+05 0.0000e+00
2.2300e+03 1.0256e-11 8.0947e-01 1.6793e+03 1.7452e+03 1.9000e+03 3.4166e+19 2.0882e+19 2.0882e+19 1.4574e-02 0.0000e+00 2.5511e+05 0.0000e+00
2.2400e+03 1.0215e-11 8.0921e-01 1.6787e+03 1.7445e+03 1.9000e+03 3.4513e+19 2.1052e+19 2.1052e+19 1.4520e-02 0.0000e+00 2.5592e+05 0.0000e+00
2.2500e+03 1.0174e-11 8.0895e-01 1.6781e+03 1.7439e+03 1.9000e+03 3.4864e+19 2.1224e+19 2.1224e+19 1.4467e-02 0.0000e+00 2.5674e+05 0.0000e+00
2.2600e+03 1.0133e-11 8.0869e-01 1.6774e+03 1.7432e+03 1.9000e+03 3.5217e+19 2.1397e+19 2.1397e+19 1.4413e-02 0.0000e+00 2.5756e+05 0.0000e+00
2.2700e+03 1.0092e-11 8.0843e-01 1.6768e+03 1.7426e+03 1.9000e+03 3.5574e+19 2.1571e+19 2.1571e+19 1.4360e-02 0.0000e+00 2.5839e+05 0.0000e+00
2.2800e+03 1.0052e-11 8.0817e-01 1.6762e+03 1.7419e+03 1.9000e+03 3.5935e+19 2.1747e+19 2.1747e+19 1.4307e-02 0.0000e+00 2.5921e+05 0.0000e+00
2.2900e+03 1.0012e-11 8.0792e-01 1.6755e+03 1.7413e+03 1.9000e+03 3.6298e+19 2.1923e+19 2.1923e+19 1.4254e-02 0.0000e+00 2.6003e+05 0.0000e+00
2.3000e+03 9.9717e-12 8.0766e-01 1.6749e+03 1.7406e+03 1.9000e+03 3.6665e+19 2.2101e+19 2.2101e+19 1.4202e-02 0.0000e+00 2.6086e+05 0.0000e+00
2.3100e+03 9.9321e-12 8.0741e-01 1.6743e+03 1.7400e+03 1.9000e+03 3.7036e+19 2.2279e+19 2.2279e+19 1.4150e-02 0.0000e+00 2.6169e+05 0.0000e+00
2.3200e+03 9.8927e-12 8.0716e-01 1.6737e+03 1.7393e+03 1.9000e+03 3.7409e+19 2.2459e+19 2.2459e+19 1.4098e-02 0.0000e+00 2.6251e+05 0.0000e+00
2.3300e+03 9.8535e-12 8.0691e-01 1.6730e+03 1.7387e+03 1.9000e+03 3.7786e+19 2.2640e+19 2.2640e+19 1.4047e-02 0.0000e+00 2.6334e+05 0.0000e+00
2.3400e+03 9.8146e-12 8.0666e-01 1.6724e+03 1.7380e+03 1.9000e+03 3.8167e+19 2.2822e+19 2.2822e+19 1.3996e-02 0.0000e+00 2.6417e+05 0.0000e+00
2.3500e+03 9.7758e-12 8.0641e-01 1.6718e+03 1.7374e+03 1.9000e+03 3.8551e+19 2.3006e+19 2.3006e+19 1.3945e-02 0.0000e+00 2.6501e+05 0.0000e+00
2.3600e+03 9.7374e-12 8.0616e-01 1.6712e+03 1.7368e+03 1.9000e+03 3.8939e+19 2.3190e+19 2.3190e+19 1.3894e-02 0.0000e+00 2.6584e+05 0.0000e+00
2.3700e+03 9.6991e-12 8.0592e-01 1.6706e+03 1.7361e+03 1.9000e+03 3.9330e+19 2.3376e+19 2.3376e+19 1.3844e-02 0.0000e+00 2.6667e+05 0.0000e+00
2.3800e+03 9.6611e-12 8.0567e-01 1.6700e+03 1.7355e+03 1.9000e+03 3.9724e+19 2.3563e+19 2.3563e+19 1.3794e-02 0.0000e+00 2.6751e+05 0.0000e+00
2.3900e+03 9.6232e-12 8.0543e-01 1.6694e+03 1.7348e+03 1.9000e+03 4.0123e+19 2.3751e+19 2.3751e+19 1.3744e-02 0.0000e+00 2.6834e+05 0.0000e+00
2.4000e+03 9.5857e-12 8.0519e-01 1.6687e+03 1.7342e+03 1.9000e+03 4.0524e+19 2.3940e+19 2.3940e+19 1.3694e-02 0.0000e+00 2.6918e+05 0.0000e+00
2.4100e+03 9.5483e-12 8.0495e-01 1.6681e+03 1.7336e+03 1.9000e+03 4.0930e+19 2.4130e+19 2.4130e+19 1.3645e-02 0.0000e+00 2.7002e+05 0.0000e+00
2.4200e+03 9.5111e-12 8.0471e-01 1.6675e+03 1.7329e+03 1.9000e+03 4.1339e+19 2.4322e+19 2.4322e+19 1.3596e-02 0.0000e+00 2.7086e+05 0.0000e+00
2.4300e+03 9.4742e-12 8.0447e-01 1.6669e+03 1.7323e+03 1.9000e+03 4.1752e+19 2.4515e+19 2.4515e+19 1.3547e-02 0.0000e+00 2.7170e+05 0.0000e+00
2.4400e+03 9.4375e-12 8.0424e-01 1.6663e+03 1.7317e+03 1.9000e+03 4.2169e+19 2.4709e+19 2.4709e+19 1.3499e-02 0.0000e+00 2.7254e+05 0.0000e+00
2.4500e+03 9.4010e-12 8.0400e-01 1.6657e+03 1.7311e+03 1.9000e+03 4.2589e+19 2.4904e+19 2.4904e+19 1.3450e-02 0.0000e+00 2.7339e+05 0.0000e+00
2.4600e+03 9.3647e-12 8.0377e-01 1.6651e+03 1.7304e+03 1.9000e+03 4.3013e+19 2.5101e+19 2.5101e+19 1.3402e-02 0.0000e+00 2.7423e+05 0.0000e+00
2.4700e+03 9.3286e-12 8.0353e-01 1.6645e+03 1.7298e+03 1.9000e+03 4.3441e+19 2.5298e+19 2.5298e+19 1.3354e-02 0.0000e+00 2.7508e+05 0.0000e+00
2.4800e+03 9.2928e-12 8.0330e-01 1.6639e+03 1.7292e+03 1.9000e+03 4.3873e+19 2.5497e+19 2.5497e+19 1.3307e-02 0.0000e+00 2.7592e+05 0.0000e+00
2.4900e+03 9.2571e-12 8.0307e-01 1.6633e+03 1.7286e+03 1.9000e+03 4.4308e+19 2.5697e+19 2.5697e+19 1.3260e-02 0.0000e+00 2.7677e+05 0.0000e+00
2.5000e+03 9.2217e-12 8.0284e-01 1.6627e+03 1.7279e+03 1.9000e+03 4.4748e+19 2.5899e+19 2.5899e+19 1.3213e-02 0.0000e+00 2.7762e+05 0.0000e+00
2.5100e+03 9.1864e-12 8.0261e-01 1.6621e+03 1.7273e+03 1.9000e+03 4.5191e+19 2.6101e+19 2.6101e+19 1.3166e-02 0.0000e+00 2.7847e+05 0.0000e+00
2.5200e+03 9.1514e-12 8.0239e-01 1.6615e+03 1.7267e+03 1.9000e+03 4.5639e+19 2.6305e+19 2.6305e+19 1.3119e-02 0.0000e+00 2.7932e+05 0.0000e+00
2.5300e+03 9.1165e-12 8.0216e-01 1.6609e+03 1.7261e+03 1.9000e+03 4.6090e+19 2.6510e+19 2.6510e+19 1.3073e-02 0.0000e+00 2.8018e+05 0.0000e+00
2.5400e+03 9.0819e-12 8.0194e-01 1.6603e+03 1.7255e+03 1.9000e+03 4.6546e+19 2.6717e+19 2.6717e+19 1.3027e-02 0.0000e+00 2.8103e+05 0.0000e+00
2.5500e+03 9.0475e-12 8.0171e-01 1.6597e+03 1.7249e+03 1.9000e+03 4.7005e+19 2.6924e+19 2.6924e+19 1.2981e-02 0.0000e+00 2.8188e+05 0.0000e+00
2.5600e+03 9.0132e-12 8.0149e-01 1.6592e+03 1.7243e+03 1.9000e+03 4.7469e+19 2.7133e+19 2.7133e+19 1.2936e-02 0.0000e+00 2.8274e+05 0.0000e+00
2.5700e+03 8.9792e-12 8.0127e-01 1.6586e+03 1.7236e+03 1.9000e+03 4.7936e+19 2.7343e+19 2.7343e+19 1.2891e-02 0.0000e+00 2.8360e+05 0.0000e+00
2.5800e+03 8.9454e-12 8.0105e-01 1.6580e+03 1.7230e+03 1.9000e+03 4.8408e+19 2.7555e+19 2.7555e+19 1.2846e-02 0.0000e+00 2.8445e+05 0.0000e+00
2.5900e+03 8.9117e-12 8.0083e-01 1.6574e+03 1.7224e+03 1.9000e+03 4.8884e+19 2.7767e+19 2.7767e+19 1.2801e-02 0.0000e+00 2.8531e+05 0.0000e+00
2.6000e+03 8.8783e-12 8.0061e-01 1.6568e+03 1.7218e+03 1.9000e+03 4.9364e+19 2.7981e+19 2.7981e+19 1.2756e-02 0.0000e+00 2.8617e+05 0.0000e+00
2.6100e+03 8.8450e-12 8.0039e-01 1.6562e+03 1.7212e+03 1.9000e+03 4.9849e+19 2.8197e+19 2.8197e+19 1.2712e-02 0.0000e+00 2.8703e+05 0.0000e+00
2.6200e+03 8.8119e-12 8.0018e-01 1.6557e+03 1.7206e+03 1.9000e+03 5.0337e+19 2.8413e+19 2.8413e+19 1.2668e-02 0.0000e+00 2.8790e+05 0.0000e+00
2.6300e+03 8.7790e-12 7.9996e-01 1.6551e+03 1.7200e+03 1.9000e+03 5.0830e+19 2.8631e+19 2.8631e+19 1.2624e-02 0.0000e+00 2.8876e+05 0.0000e+00
2.6400e+03 8.7464e-12 7.9975e-01 1.6545e+03 1.7194e+03 1.9000e+03 5.1328e+19 2.8850e+19 2.8850e+19 1.2580e-02 0.0000e+00 2.8962e+05 0.0000e+00
2.6500e+03 8.7138e-12 7.9954e-01 1.6539e+03 1.7188e+03 1.9000e+03 5.1829e+19 2.9070e+19 2.9070e+19 1.2537e-02 0.0000e+00 2.9049e+05 0.0000e+00
2.6600e+03 8.6815e-12 7.9932e-01 1.6534e+03 1.7182e+03 1.9000e+03 5.2336e+19 2.9292e+19 2.9292e+19 1.2494e-02 0.0000e+00 2.9136e+05 0.0000e+00
2.6700e+03 8.6494e-12 7.9911e-01 1.6528e+03 1.7176e+03 1.9000e+03 5.2846e+19 2.9515e+19 2.9515e+19 1.2451e-02 0.0000e+00 2.9222e+05 0.0000e+00
2.6800e+03 8.6174e-12 7.9890e-01 1.6522e+03 1.7170e+03 1.9000e+03 5.3361e+19 2.9740e+19 2.9740e+19 1.2408e-02 0.0000e+00 2.9309e+05 0.0000e+00
2.6900e+03 8.5857e-12 7.9870e-01 1.6516e+03 1.7164e+03 1.9000e+03 5.3881e+19 2.9965e+19 2.9965e+19 1.2365e-02 0.0000e+00 2.9396e+05 0.0000e+00
2.7000e+03 8.5541e-12 7.9849e-01 1.6511e+03 1.7158e+03 1.9000e+03 5.4405e+19 3.0192e+19 3.0192e+19 1.2323e-02 0.0000e+00 2.9483e+05 0.0000e+00
2.7100e+03 8.5227e-12 7.9828e-01 1.6505e+03 1.7153e+03 1.9000e+03 5.4933e+19 3.0421e+19 3.0421e+19 1.2281e-02 0.0000e+00 2.9570e+05 0.0000e+00
2.7200e+03 8.4914e-12 7.9808e-01 1.6499e+03 1.7147e+03 1.9000e+03 5.5466e+19 3.0650e+19 3.0650e+19 1.2239e-02 0.0000e+00 2.9658e+05 0.0000e+00
2.7300e+03 8.4604e-12 7.9787e-01 1.6494e+03 1.7141e+03 1.9000e+03 5.6004e+19 3.0881e+19 3.0881e+19 1.2197e-02 0.0000e+00 2.9745e+05 0.0000e+00
2.7400e+03 8.4295e-12 7.9767e-01 1.6488e+03 1.7135e+03 1.9000e+03 5.6547e+19 3.1113e+19 3.1113e+19 1.2156e-02 0.0000e+00 2.9832e+05 0.0000e+00
2.7500e+03 8.3988e-12 7.9747e-01 1.6483e+03 1.7129e+03 1.9000e+03 5.7094e+19 3.1347e+19 3.1347e+19 1.2115e-02 0.0000e+00 2.9920e+05 0.0000e+00
2.7600e+03 8.3682e-12 7.9726e-01 1.6477e+03 1.7123e+03 1.9000e+03 5.7646e+19 3.1582e+19 3.1582e+19 1.2074e-02 0.0000e+00 3.0008e+05 0.0000e+00
2.7700e+03 8.3379e-12 7.9706e-01 1.6471e+03 1.7117e+03 1.9000e+03 5.8203e+19 3.1819e+19 3.1819e+19 1.2033e-02 0.0000e+00 3.0095e+05 0.0000e+00
2.7800e+03 8.3077e-12 7.9686e-01 1.6466e+03 1.7112e+03 1.9000e+03 5.8764e+19 3.2056e+19 3.2056e+19 1.1992e-02 0.0000e+00 3.0183e+05 0.0000e+00
2.7900e+03 8.2777e-12 7.9667e-01 1.6460e+03 1.7106e+03 1.9000e+03 5.9331e+19 3.2295e+19 3.2295e+19 1.1952e-02 0.0000e+00 3.0271e+05 0.0000e+00
2.8000e+03 8.2478e-12 7.9647e-01 1.6455e+03 1.7100e+03 1.9000e+03 5.9902e+19 3.2536e+19 3.2536e+19 1.1912e-02 0.0000e+00 3.0359e+05 0.0000e+00
2.8100e+03 8.2181e-12 7.9627e-01 1.6449e+03 1.7094e+03 1.9000e+03 6.0478e+19 3.2778e+19 3.2778e+19 1.1872e-02 0.0000e+00 3.0447e+05 0.0000e+00
2.8200e+03 8.1886e-12 7.9608e-01 1.6444e+03 1.7089e+03 1.9000e+03 6.1060e+19 3.3021e+19 3.3021e+19 1.1832e-02 0.0000e+00 3.0536e+05 0.0000e+00
2.8300e+03 8.1593e-12 7.9588e-01 1.6438e+03 1.7083e+03 1.9000e+03 6.1646e+19 3.3266e+19 3.3266e+19 1.1793e-02 0.0000e+00 3.0624e+05 0.0000e+00
2.8400e+03 8.1301e-12 7.9569e-01 1.6433e+03 1.7077e+03 1.9000e+03 6.2237e+19 3.3511e+19 3.3511e+19 1.1753e-02 0.0000e+00 3.0713e+05 0.0000e+00
2.8500e+03 8.1010e-12 7.9550e-01 1.6427e+03 1.7071e+03 1.9000e+03 6.2833e+19 3.3759e+19 3.3759e+19 1.1714e-02 0.0000e+00 3.0801e+05 0.0000e+00
2.8600e+03 8.0722e-12 7.9531e-01 1.6422e+03 1.7066e+03 1.9000e+03 6.3435e+19 3.4008e+19 3.4008e+19 1.1675e-02 0.0000e+00 3.0890e+05 0.0000e+00
2.8700e+03 8.0435e-12 7.9512e-01 1.6416e+03 1.7060e+03 1.9000e+03 6.4041e+19 3.4258e+19 3.4258e+19 1.1637e-02 0.0000e+00 3.0978e+05 0.0000e+00
2.8800e+03 8.0149e-12 7.9493e-01 1.6411e+03 1.7054e+03 1.9000e+03 6.4653e+19 3.4509e+19 3.4509e+19 1.1598e-02 0.0000e+00 3.1067e+05 0.0000e+00
2.8900e+03 7.9866e-12 7.9474e-01 1.6405e+03 1.7049e+03 1.9000e+03 6.5270e+19 3.4762e+19 3.4762e+19 1.1560e-02 0.0000e+00 3.1156e+05 0.0000e+00
2.9000e+03 7.9583e-12 7.9455e-01 1.6400e+03 1.7043e+03 1.9000e+03 6.5892e+19 3.5017e+19 3.5017e+19 1.1522e-02 0.0000e+00 3.1245e+05 0.0000e+00
2.9100e+03 7.9303e-12 7.9436e-01 1.6394e+03 1.7038e+03 1.9000e+03 6.6519e+19 3.5273e+19 3.5273e+19 1.1484e-02 0.0000e+00 3.1334e+05 0.0000e+00
2.9200e+03 7.9023e-12 7.9418e-01 1.6389e+03 1.7032e+03 1.9000e+03 6.7152e+19 3.5530e+19 3.5530e+19 1.1446e-02 0.0000e+00 3.1423e+05 0.0000e+00
2.9300e+03 7.8746e-12 7.9399e-01 1.6384e+03 1.7026e+03 1.9000e+03 6.7790e+19 3.5788e+19 3.5788e+19 1.1408e-02 0.0000e+00 3.1513e+05 0.0000e+00
2.9400e+03 7.8470e-12 7.9381e-01 1.6378e+03 1.7021e+03 1.9000e+03 6.8434e+19 3.6048e+19 3.6048e+19 1.1371e-02 0.0000e+00 3.1602e+05 0.0000e+00
2.9500e+03 7.8195e-12 7.9363e-01 1.6373e+03 1.7015e+03 1.9000e+03 6.9083e+19 3.6310e+19 3.6310e+19 1.1334e-02 0.0000e+00 3.1692e+05 0.0000e+00
2.9600e+03 7.7922e-12 7.9345e-01 1.6368e+03 1.7010e+03 1.9000e+03 6.9737e+19 3.6573e+19 3.6573e+19 1.1297e-02 0.0000e+00 3.1781e+05 0.0000e+00
2.9700e+03 7.7651e-12 7.9326e-01 1.6362e+03 1.7004e+03 1.9000e+03 7.0397e+19 3.6837e+19 3.6837e+19 1.1260e-02 0.0000e+00 3.1871e+05 0.0000e+00
2.9800e+03 7.7381e-12 7.9308e-01 1.6357e+03 1.6999e+03 1.9000e+03 7.1063e+19 3.7103e+19 3.7103e+19 1.1223e-02 0.0000e+00 3.1961e+05 0.0000e+00
2.9900e+03 7.7112e-12 7.9291e-01 1.6352e+03 1.6993e+03 1.9000e+03 7.1734e+19 3.7371e+19 3.7371e+19 1.1187e-02 0.0000e+00 3.2050e+05 0.0000e+00
3.0000e+03 7.6845e-12 7.9273e-01 1.6346e+03 1.6988e+03 1.9000e+03 7.2411e+19 3.7639e+19 3.7639e+19 1.1151e-02 0.0000e+00 3.2140e+05 0.0000e+00
3.0100e+03 7.6579e-12 7.9255e-01 1.6341e+03 1.6982e+03 1.9000e+03 7.3094e+19 3.7909e+19 3.7909e+19 1.1115e-02 0.0000e+00 3.2230e+05 0.0000e+00
3.0200e+03 7.6315e-12 7.9237e-01 1.6336e+03 1.6977e+03 1.9000e+03 7.3782e+19 3.8181e+19 3.8181e+19 1.1079e-02 0.0000e+00 3.2321e+05 0.0000e+00
3.0300e+03 7.6052e-12 7.9220e-01 1.6331e+03 1.6971e+03 1.9000e+03 7.4476e+19 3.8454e+19 3.8454e+19 1.1043e-02 0.0000e+00 3.2411e+05 0.0000e+00
3.0400e+03 7.5791e-12 7.9202e-01 1.6325e+03 1.6966e+03 1.9000e+03 7.5176e+19 3.8729e+19 3.8729e+19 1.1008e-02 0.0000e+00 3.2501e+05 0.0000e+00
3.0500e+03 7.5531e-12 7.9185e-01 1.6320e+03 1.6960e+03 1.9000e+03 7.5882e+19 3.9005e+19 3.9005e+19 1.0972e-02 0.0000e+00 3.2591e+05 0.0000e+00
3.0600e+03 7.5273e-12 7.9168e-01 1.6315e+03 1.6955e+03 1.9000e+03 7.6594e+19 3.9283e+19 3.9283e+19 1.0937e-02 0.0000e+00 3.2682e+05 0.0000e+00
3.0700e+03 7.5016e-12 7.9151e-01 1.6310e+03 1.6949e+03 1.9000e+03 7.7311e+19 3.9562e+19 3.9562e+19 1.0902e-02 0.0000e+00 3.2772e+05 0.0000e+00
3.0800e+03 7.4760e-12 7.9134e-01 1.6304e+03 1.6944e+03 1.9000e+03 7.8035e+19 3.9842e+19 3.9842e+19 1.0867e-02 0.0000e+00 3.2863e+05 0.0000e+00
3.0900e+03 7.4506e-12 7.9117e-01 1.6299e+03 1.6939e+03 1.9000e+03 7.8764e+19 4.0124e+19 4.0124e+19 1.0833e-02 0.0000e+00 3.2954e+05 0.0000e+00
3.1000e+03 7.4253e-12 7.9100e-01 1.6294e+03 1.6933e+03 1.9000e+03 7.9500e+19 4.0408e+19 4.0408e+19 1.0798e-02 0.0000e+00 3.3045e+05 0.0000e+00
3.1100e+03 7.4001e-12 7.9083e-01 1.6289e+03 1.6928e+03 1.9000e+03 8.0242e+19 4.0693e+19 4.0693e+19 1.0764e-02 0.0000e+00 3.3135e+05 0.0000e+00
3.1200e+03 7.3751e-12 7.9066e-01 1.6284e+03 1.6923e+03 1.9000e+03 8.0990e+19 4.0980e+19 4.0980e+19 1.0730e-02 0.0000e+00 3.3226e+05 0.0000e+00
3.1300e+03 7.3503e-12 7.9050e-01 1.6279e+03 1.6917e+03 1.9000e+03 8.1744e+19 4.1268e+19 4.1268e+19 1.0696e-02 0.0000e+00 3.3318e+05 0.0000e+00
3.1400e+03 7.3255e-12 7.9033e-01 1.6274e+03 1.6912e+03 1.9000e+03 8.2504e+19 4.1557e+19 4.1557e+19 1.0662e-02 0.0000e+00 3.3409e+05 0.0000e+00
3.1500e+03 7.3009e-12 7.9017e-01 1.6268e+03 1.6907e+03 1.9000e+03 8.3271e+19 4.1848e+19 4.1848e+19 1.0628e-02 0.0000e+00 3.3500e+05 0.0000e+00
3.1600e+03 7.2764e-12 7.9000e-01 1.6263e+03 1.6901e+03 1.9000e+03 8.4044e+19 4.2141e+19 4.2141e+19 1.0595e-02 0.0000e+00 3.3591e+05 0.0000e+00
3.1700e+03 7.2521e-12 7.8984e-01 1.6258e+03 1.6896e+03 1.9000e+03 8.4824e+19 4.2435e+19 4.2435e+19 1.0562e-02 0.0000e+00 3.3683e+05 0.0000e+00
3.1800e+03 7.2278e-12 7.8968e-01 1.6253e+03 1.6891e+03 1.9000e+03 8.5610e+19 4.2731e+19 4.2731e+19 1.0529e-02 0.0000e+00 3.3774e+05 0.0000e+00
3.1900e+03 7.2038e-12 7.8952e-01 1.6248e+03 1.6886e+03 1.9000e+03 8.6402e+19 4.3028e+19 4.3028e+19 1.0496e-02 0.0000e+00 3.3866e+05 0.0000e+00
3.2000e+03 7.1798e-12 7.8936e-01 1.6243e+03 1.6880e+03 1.9000e+03 8.7201e+19 4.3327e+19 4.3327e+19 1.0463e-02 0.0000e+00 3.3957e+05 0.0000e+00
3.2100e+03 7.1560e-12 7.8920e-01 1.6238e+03 1.6875e+03 1.9000e+03 8.8006e+19 4.3627e+19 4.3627e+19 1.0430e-02 0.0000e+00 3.4049e+05 0.0000e+00
3.2200e+03 7.1323e-12 7.8904e-01 1.6233e+03 1.6870e+03 1.9000e+03 8.8818e+19 4.3929e+19 4.3929e+19 1.0398e-02 0.0000e+00 3.4141e+05 0.0000e+00
3.2300e+03 7.1087e-12 7.8888e-01 1.6228e+03 1.6865e+03 1.9000e+03 8.9637e+19 4.4233e+19 4.4233e+19 1.0366e-02 0.0000e+00 3.4233e+05 0.0000e+00
3.2400e+03 7.0852e-12 7.8872e-01 1.6223e+03 1.6859e+03 1.9000e+03 9.0462e+19 4.4538e+19 4.4538e+19 1.0333e-02 0.0000e+00 3.4325e+05 0.0000e+00
3.2500e+03 7.0619e-12 7.8857e-01 1.6218e+03 1.6854e+03 1.9000e+03 9.1294e+19 4.4844e+19 4.4844e+19 1.0301e-02 0.0000e+00 3.4417e+05 0.0000e+00
3.2600e+03 7.0387e-12 7.8841e-01 1.6213e+03 1.6849e+03 1.9000e+03 9.2133e+19 4.5152e+19 4.5152e+19 1.0270e-02 0.0000e+00 3.4509e+05 0.0000e+00
3.2700e+03 7.0156e-12 7.8826e-01 1.6208e+03 1.6844e+03 1.9000e+03 9.2979e+19 4.5462e+19 4.5462e+19 1.0238e-02 0.0000e+00 3.4601e+05 0.0000e+00
3.2800e+03 6.9927e-12 7.8811e-01 1.6203e+03 1.6839e+03 1.9000e+03 9.3832e+19 4.5773e+19 4.5773e+19 1.0206e-02 0.0000e+00 3.4693e+05 0.0000e+00
3.2900e+03 6.9698e-12 7.8795e-01 1.6198e+03 1.6834e+03 1.9000e+03 9.4692e+19 4.6086e+19 4.6086e+19 1.0175e-02 0.0000e+00 3.4786e+05 0.0000e+00
3.3000e+03 6.9471e-12 7.8780e-01 1.6193e+03 1.6829e+03 1.9000e+03 9.5558e+19 4.6401e+19 4.6401e+19 1.0144e-02 0.0000e+00 3.4878e+05 0.0000e+00
3.3100e+03 6.9245e-12 7.8765e-01 1.6188e+03 1.6823e+03 1.9000e+03 9.6432e+19 4.6717e+19 4.6717e+19 1.0113e-02 0.0000e+00 3.4971e+05 0.0000e+00
3.3200e+03 6.9021e-12 7.8750e-01 1.6183e+03 1.6818e+03 1.9000e+03 9.7313e+19 4.7035e+19 4.7035e+19 1.0082e-02 0.0000e+00 3.5063e+05 0.0000e+00
3.3300e+03 6.8797e-12 7.8735e-01 1.6179e+03 1.6813e+03 1.9000e+03 9.8201e+19 4.7354e+19 4.7354e+19 1.0051e-02 0.0000e+00 3.5156e+05 0.0000e+00
3.3400e+03 6.8575e-12 7.8720e-01 1.6174e+03 1.6808e+03 1.9000e+03 9.9096e+19 4.7675e+19 4.7675e+19 1.0020e-02 0.0000e+00 3.5249e+05 0.0000e+00
3.3500e+03 6.8353e-12 7.8706e-01 1.6169e+03 1.6803e+03 1.9000e+03 9.9998e+19 4.7997e+19 4.7997e+19 9.9900e-03 0.0000e+00 3.5342e+05 0.0000e+00
3.3600e+03 6.8133e-12 7.8691e-01 1.6164e+03 1.6798e+03 1.9000e+03 1.0091e+20 4.8321e+19 4.8321e+19 9.9597e-03 0.0000e+00 3.5434e+05 0.0000e+00
3.3700e+03 6.7915e-12 7.8676e-01 1.6159e+03 1.6793e+03 1.9000e+03 1.0182e+20 4.8647e+19 4.8647e+19 9.9296e-03 0.0000e+00 3.5527e+05 0.0000e+00
3.3800e+03 6.7697e-12 7.8662e-01 1.6154e+03 1.6788e+03 1.9000e+03 1.0275e+20 4.8974e+19 4.8974e+19 9.8996e-03 0.0000e+00 3.5620e+05 0.0000e+00
3.3900e+03 6.7480e-12 7.8648e-01 1.6149e+03 1.6783e+03 1.9000e+03 1.0368e+20 4.9303e+19 4.9303e+19 9.8697e-03 0.0000e+00 3.5714e+05 0.0000e+00
3.4000e+03 6.7265e-12 7.8633e-01 1.6145e+03 1.6778e+03 1.9000e+03 1.0462e+20 4.9634e+19 4.9634e+19 9.8400e-03 0.0000e+00 3.5807e+05 0.0000e+00
3.4100e+03 6.7050e-12 7.8619e-01 1.6140e+03 1.6773e+03 1.9000e+03 1.0557e+20 4.9966e+19 4.9966e+19 9.8104e-03 0.0000e+00 3.5900e+05 0.0000e+00
3.4200e+03 6.6837e-12 7.8605e-01 1.6135e+03 1.6768e+03 1.9000e+03 1.0652e+20 5.0300e+19 5.0300e+19 9.7810e-03 0.0000e+00 3.5993e+05 0.0000e+00
3.4300e+03 6.6625e-12 7.8591e-01 1.6130e+03 1.6763e+03 1.9000e+03 1.0748e+20 5.0635e+19 5.0635e+19 9.7517e-03 0.0000e+00 3.6087e+05 0.0000e+00
3.4400e+03 6.6414e-12 7.8577e-01 1.6125e+03 1.6758e+03 1.9000e+03 1.0845e+20 5.0972e+19 5.0972e+19 9.7225e-03 0.0000e+00 3.6180e+05 0.0000e+00
3.4500e+03 6.6204e-12 7.8563e-01 1.6121e+03 1.6753e+03 1.9000e+03 1.0943e+20 5.1311e+19 5.1311e+19 9.6935e-03 0.0000e+00 3.6274e+05 0.0000e+00
3.4600e+03 6.5995e-12 7.8549e-01 1.6116e+03 1.6748e+03 1.9000e+03 1.1042e+20 5.1652e+19 5.1652e+19 9.6646e-03 0.0000e+00 3.6368e+05 0.0000e+00
3.4700e+03 6.5787e-12 7.8535e-01 1.6111e+03 1.6743e+03 1.9000e+03 1.1141e+20 5.1994e+19 5.1994e+19 9.6359e-03 0.0000e+00 3.6461e+05 0.0000e+00
3.4800e+03 6.5581e-12 7.8522e-01 1.6106e+03 1.6738e+03 1.9000e+03 1.1241e+20 5.2337e+19 5.2337e+19 9.6073e-03 0.0000e+00 3.6555e+05 0.0000e+00
3.4900e+03 6.5375e-12 7.8508e-01 1.6102e+03 1.6733e+03 1.9000e+03 1.1342e+20 5.2683e+19 5.2683e+19 9.5788e-03 0.0000e+00 3.6649e+05 0.0000e+00
3.5000e+03 6.5171e-12 7.8494e-01 1.6097e+03 1.6729e+03 1.9000e+03 1.1444e+20 5.3030e+19 5.3030e+19 9.5505e-03 0.0000e+00 3.6743e+05 0.0000e+00
3.5100e+03 6.4967e-12 7.8481e-01 1.6092e+03 1.6724e+03 1.9000e+03 1.1546e+20 5.3379e+19 5.3379e+19 9.5223e-03 0.0000e+00 3.6837e+05 0.0000e+00
3.5200e+03 6.4765e-12 7.8468e-01 1.6088e+03 1.6719e+03 1.9000e+03 1.1650e+20 5.3729e+19 5.3729e+19 9.4942e-03 0.0000e+00 3.6931e+05 0.0000e+00
3.5300e+03 6.4563e-12 7.8454e-01 1.6083e+03 1.6714e+03 1.9000e+03 1.1754e+20 5.4081e+19 5.4081e+19 9.4663e-03 0.0000e+00 3.7025e+05 0.0000e+00
3.5400e+03 6.4363e-12 7.8441e-01 1.6078e+03 1.6709e+03 1.9000e+03 1.1859e+20 5.4435e+19 5.4435e+19 9.4385e-03 0.0000e+00 3.7119e+05 0.0000e+00
3.5500e+03 6.4164e-12 7.8428e-01 1.6074e+03 1.6704e+03 1.9000e+03 1.1964e+20 5.4791e+19 5.4791e+19 9.4109e-03 0.0000e+00 3.7213e+05 0.0000e+00
3.5600e+03 6.3965e-12 7.8415e-01 1.6069e+03 1.6699e+03 1.9000e+03 1.2071e+20 5.5148e+19 5.5148e+19 9.3833e-03 0.0000e+00 3.7308e+05 0.0000e+00
3.5700e+03 6.3768e-12 7.8402e-01 1.6064e+03 1.6695e+03 1.9000e+03 1.2179e+20 5.5507e+19 5.5507e+19 9.3559e-03 0.0000e+00 3.7402e+05 0.0000e+00
3.5800e+03 6.3572e-12 7.8389e-01 1.6060e+03 1.6690e+03 1.9000e+03 1.2287e+20 5.5867e+19 5.5867e+19 9.3287e-03 0.0000e+00 3.7497e+05 0.0000e+00
3.5900e+03 6.3376e-12 7.8376e-01 1.6055e+03 1.6685e+03 1.9000e+03 1.2396e+20 5.6229e+19 5.6229e+19 9.3015e-03 0.0000e+00 3.7591e+05 0.0000e+00
3.6000e+03 6.3182e-12 7.8364e-01 1.6051e+03 1.6680e+03 1.9000e+03 1.2506e+20 5.6593e+19 5.6593e+19 9.2745e-03 0.0000e+00 3.7686e+05 0.0000e+00
3.6100e+03 6.2989e-12 7.8351e-01 1.6046e+03 1.6676e+03 1.9000e+03 1.2617e+20 5.6959e+19 5.6959e+19 9.2477e-03 0.0000e+00 3.7781e+05 0.0000e+00
3.6200e+03 6.2796e-12 7.8338e-01 1.6041e+03 1.6671e+03 1.9000e+03 1.2729e+20 5.7327e+19 5.7327e+19 9.2209e-03 0.0000e+00 3.7875e+05 0.0000e+00
3.6300e+03 6.2605e-12 7.8326e-01 1.6037e+03 1.6666e+03 1.9000e+03 1.2842e+20 5.7696e+19 5.7696e+19 9.1943e-03 0.0000e+00 3.7970e+05 0.0000e+00
3.6400e+03 6.2415e-12 7.8313e-01 1.6032e+03 1.6661e+03 1.9000e+03 1.2955e+20 5.8067e+19 5.8067e+19 9.1678e-03 0.0000e+00 3.8065e+05 0.0000e+00
3.6500e+03 6.2225e-12 7.8301e-01 1.6028e+03 1.6657e+03 1.9000e+03 1.3069e+20 5.8439e+19 5.8439e+19 9.1414e-03 0.0000e+00 3.8160e+05 0.0000e+00
3.6600e+03 6.2037e-12 7.8289e-01 1.6023e+03 1.6652e+03 1.9000e+03 1.3185e+20 5.8814e+19 5.8814e+19 9.1151e-03 0.0000e+00 3.8255e+05 0.0000e+00
3.6700e+03 6.1849e-12 7.8277e-01 1.6019e+03 1.6647e+03 1.9000e+03 1.3301e+20 5.9190e+19 5.9190e+19 9.0890e-03 0.0000e+00 3.8350e+05 0.0000e+00
3.6800e+03 6.1663e-12 7.8264e-01 1.6014e+03 1.6642e+03 1.9000e+03 1.3418e+20 5.9568e+19 5.9568e+19 9.0630e-03 0.0000e+00 3.8445e+05 0.0000e+00
3.6900e+03 6.1477e-12 7.8252e-01 1.6010e+03 1.6638e+03 1.9000e+03 1.3536e+20 5.9947e+19 5.9947e+19 9.0371e-03 0.0000e+00 3.8540e+05 0.0000e+00
3.7000e+03 6.1292e-12 7.8240e-01 1.6005e+03 1.6633e+03 1.9000e+03 1.3655e+20 6.0329e+19 6.0329e+19 9.0113e-03 0.0000e+00 3.8636e+05 0.0000e+00
3.7100e+03 6.1109e-12 7.8228e-01 1.6001e+03 1.6628e+03 1.9000e+03 1.3775e+20 6.0712e+19 6.0712e+19 8.9857e-03 0.0000e+00 3.8731e+05 0.0000e+00
3.7200e+03 6.0926e-12 7.8217e-01 1.5996e+03 1.6624e+03 1.9000e+03 1.3896e+20 6.1097e+19 6.1097e+19 8.9601e-03 0.0000e+00 3.8826e+05 0.0000e+00
3.7300e+03 6.0744e-12 7.8205e-01 1.5992e+03 1.6619e+03 1.9000e+03 1.4018e+20 6.1483e+19 6.1483e+19 8.9347e-03 0.0000e+00 3.8922e+05 0.0000e+00
3.7400e+03 6.0563e-12 7.8193e-01 1.5987e+03 1.6615e+03 1.9000e+03 1.4140e+20 6.1872e+19 6.1872e+19 8.9094e-03 0.0000e+00 3.9017e+05 0.0000e+00
3.7500e+03 6.0383e-12 7.8182e-01 1.5983e+03 1.6610e+03 1.9000e+03 1.4264e+20 6.2262e+19 6.2262e+19 8.8843e-03 0.0000e+00 3.9113e+05 0.0000e+00
3.7600e+03 6.0204e-12 7.8170e-01 1.5979e+03 1.6605e+03 1.9000e+03 1.4389e+20 6.2654e+19 6.2654e+19 8.8592e-03 0.0000e+00 3.9208e+05 0.0000e+00
3.7700e+03 6.0025e-12 7.8159e-01 1.5974e+03 1.6601e+03 1.9000e+03 1.4514e+20 6.3047e+19 6.3047e+19 8.8343e-03 0.0000e+00 3.9304e+05 0.0000e+00
3.7800e+03 5.9848e-12 7.8147e-01 1.5970e+03 1.6596e+03 1.9000e+03 1.4641e+20 6.3443e+19 6.3443e+19 8.8094e-03 0.0000e+00 3.9400e+05 0.0000e+00
3.7900e+03 5.9671e-12 7.8136e-01 1.5965e+03 1.6592e+03 1.9000e+03 1.4768e+20 6.3840e+19 6.3840e+19 8.7847e-03 0.0000e+00 3.9496e+05 0.0000e+00
3.8000e+03 5.9496e-12 7.8125e-01 1.5961e+03 1.6587e+03 1.9000e+03 1.4897e+20 6.4239e+19 6.4239e+19 8.7601e-03 0.0000e+00 3.9592e+05 0.0000e+00
3.8100e+03 5.9321e-12 7.8113e-01 1.5957e+03 1.6583e+03 1.9000e+03 1.5026e+20 6.4640e+19 6.4640e+19 8.7356e-03 0.0000e+00 3.9688e+05 0.0000e+00
3.8200e+03 5.9147e-12 7.8102e-01 1.5952e+03 1.6578e+03 1.9000e+03 1.5157e+20 6.5043e+19 6.5043e+19 8.7113e-03 0.0000e+00 3.9784e+05 0.0000e+00
3.8300e+03 5.8974e-12 7.8091e-01 1.5948e+03 1.6573e+03 1.9000e+03 1.5288e+20 6.5447e+19 6.5447e+19 8.6870e-03 0.0000e+00 3.9880e+05 0.0000e+00
3.8400e+03 5.8802e-12 7.8080e-01 1.5943e+03 1.6569e+03 1.9000e+03 1.5421e+20 6.5853e+19 6.5853e+19 8.6629e-03 0.0000e+00 3.9976e+05 0.0000e+00
3.8500e+03 5.8630e-12 7.8069e-01 1.5939e+03 1.6564e+03 1.9000e+03 1.5554e+20 6.6261e+19 6.6261e+19 8.6388e-03 0.0000e+00 4.0072e+05 0.0000e+00
3.8600e+03 5.8460e-12 7.8059e-01 1.5935e+03 1.6560e+03 1.9000e+03 1.5689e+20 6.6671e+19 6.6671e+19 8.6149e-03 0.0000e+00 4.0168e+05 0.0000e+00
3.8700e+03 5.8290e-12 7.8048e-01 1.5930e+03 1.6555e+03 1.9000e+03 1.5824e+20 6.7083e+19 6.7083e+19 8.5911e-03 0.0000e+00 4.0264e+05 0.0000e+00
3.8800e+03 5.8121e-12 7.8037e-01 1.5926e+03 1.6551e+03 1.9000e+03 1.5961e+20 6.7497e+19 6.7497e+19 8.5674e-03 0.0000e+00 4.0361e+05 0.0000e+00
3.8900e+03 5.7953e-12 7.8027e-01 1.5922e+03 1.6546e+03 1.9000e+03 1.6098e+20 6.7912e+19 6.7912e+19 8.5437e-03 0.0000e+00 4.0457e+05 0.0000e+00
3.9000e+03 5.7786e-12 7.8016e-01 1.5918e+03 1.6542e+03 1.9000e+03 1.6237e+20 6.8329e+19 6.8329e+19 8.5203e-03 0.0000e+00 4.0554e+05 0.0000e+00
3.9100e+03 5.7620e-12 7.8006e-01 1.5913e+03 1.6538e+03 1.9000e+03 1.6377e+20 6.8748e+19 6.8748e+19 8.4969e-03 0.0000e+00 4.0650e+05 0.0000e+00
3.9200e+03 5.7454e-12 7.7995e-01 1.5909e+03 1.6533e+03 1.9000e+03 1.6518e+20 6.9169e+19 6.9169e+19 8.4736e-03 0.0000e+00 4.0747e+05 0.0000e+00
3.9300e+03 5.7289e-12 7.7985e-01 1.5905e+03 1.6529e+03 1.9000e+03 1.6659e+20 6.9592e+19 6.9592e+19 8.4504e-03 0.0000e+00 4.0843e+05 0.0000e+00
3.9400e+03 5.7126e-12 7.7975e-01 1.5901e+03 1.6524e+03 1.9000e+03 1.6802e+20 7.0016e+19 7.0016e+19 8.4273e-03 0.0000e+00 4.0940e+05 0.0000e+00
3.9500e+03 5.6962e-12 7.7964e-01 1.5896e+03 1.6520e+03 1.9000e+03 1.6946e+20 7.0442e+19 7.0442e+19 8.4044e-03 0.0000e+00 4.1037e+05 0.0000e+00
3.9600e+03 5.6800e-12 7.7954e-01 1.5892e+03 1.6515e+03 1.9000e+03 1.7091e+20 7.0871e+19 7.0871e+19 8.3815e-03 0.0000e+00 4.1134e+05 0.0000e+00
3.9700e+03 5.6638e-12 7.7944e-01 1.5888e+03 1.6511e+03 1.9000e+03 1.7238e+20 7.1301e+19 7.1301e+19 8.3587e-03 0.0000e+00 4.1230e+05 0.0000e+00
3.9800e+03 5.6478e-12 7.7934e-01 1.5884e+03 1.6507e+03 1.9000e+03 1.7385e+20 7.1733e+19 7.1733e+19 8.3361e-03 0.0000e+00 4.1327e+05 0.0000e+00
3.9900e+03 5.6318e-12 7.7924e-01 1.5879e+03 1.6502e+03 1.9000e+03 1.7533e+20 7.2167e+19 7.2167e+19 8.3135e-03 0.0000e+00 4.1424e+05 0.0000e+00
4.0000e+03 5.6159e-12 7.7914e-01 1.5875e+03 1.6498e+03 1.9000e+03 1.7683e+20 7.2602e+19 7.2602e+19 8.2911e-03 0.0000e+00 4.1521e+05 0.0000e+00
4.0100e+03 5.6000e-12 7.7905e-01 1.5871e+03 1.6494e+03 1.9000e+03 1.7834e+20 7.3040e+19 7.3040e+19 8.2687e-03 0.0000e+00 4.1618e+05 0.0000e+00
4.0200e+03 5.5842e-12 7.7895e-01 1.5867e+03 1.6489e+03 1.9000e+03 1.7985e+20 7.3479e+19 7.3479e+19 8.2465e-03 0.0000e+00 4.1716e+05 0.0000e+00
4.0300e+03 5.5685e-12 7.7885e-01 1.5863e+03 1.6485e+03 1.9000e+03 1.8138e+20 7.3920e+19 7.3920e+19 8.2243e-03 0.0000e+00 4.1813e+05 0.0000e+00
4.0400e+03 5.5529e-12 7.7876e-01 1.5859e+03 1.6481e+03 1.9000e+03 1.8292e+20 7.4364e+19 7.4364e+19 8.2023e-03 0.0000e+00 4.1910e+05 0.0000e+00
4.0500e+03 5.5374e-12 7.7866e-01 1.5854e+03 1.6476e+03 1.9000e+03 1.8448e+20 7.4809e+19 7.4809e+19 8.1803e-03 0.0000e+00 4.2007e+05 0.0000e+00
4.0600e+03 5.5219e-12 7.7857e-01 1.5850e+03 1.6472e+03 1.9000e+03 1.8604e+20 7.5256e+19 7.5256e+19 8.1584e-03 0.0000e+00 4.2105e+05 0.0000e+00
4.0700e+03 5.5065e-12 7.7847e-01 1.5846e+03 1.6468e+03 1.9000e+03 1.8762e+20 7.5704e+19 7.5704e+19 8.1367e-03 0.0000e+00 4.2202e+05 0.0000e+00
4.0800e+03 5.4912e-12 7.7838e-01 1.5842e+03 1.6463e+03 1.9000e+03 1.8920e+20 7.6155e+19 7.6155e+19 8.1150e-03 0.0000e+00 4.2299e+05 0.0000e+00
4.0900e+03 5.4760e-12 7.7829e-01 1.5838e+03 1.6459e+03 1.9000e+03 1.9080e+20 7.6608e+19 7.6608e+19 8.0934e-03 0.0000e+00 4.2397e+05 0.0000e+00
4.1000e+03 5.4608e-12 7.7820e-01 1.5834e+03 1.6455e+03 1.9000e+03 1.9241e+20 7.7062e+19 7.7062e+19 8.0720e-03 0.0000e+00 4.2494e+05 0.0000e+00
4.1100e+03 5.4457e-12 7.7810e-01 1.5830e+03 1.6451e+03 1.9000e+03 1.9404e+20 7.7519e+19 7.7519e+19 8.0506e-03 0.0000e+00 4.2592e+05 0.0000e+00
4.1200e+03 5.4307e-12 7.7801e-01 1.5826e+03 1.6446e+03 1.9000e+03 1.9567e+20 7.7977e+19 7.7977e+19 8.0293e-03 0.0000e+00 4.2690e+05 0.0000e+00
4.1300e+03 5.4157e-12 7.7792e-01 1.5822e+03 1.6442e+03 1.9000e+03 1.9732e+20 7.8437e+19 7.8437e+19 8.0081e-03 0.0000e+00 4.2787e+05 0.0000e+00
4.1400e+03 5.4008e-12 7.7783e-01 1.5818e+03 1.6438e+03 1.9000e+03 1.9898e+20 7.8900e+19 7.8900e+19 7.9870e-03 0.0000e+00 4.2885e+05 0.0000e+00
4.1500e+03 5.3860e-12 7.7775e-01 1.5813e+03 1.6434e+03 1.9000e+03 2.0065e+20 7.9364e+19 7.9364e+19 7.9660e-03 0.0000e+00 4.2983e+05 0.0000e+00
4.1600e+03 5.3713e-12 7.7766e-01 1.5809e+03 1.6430e+03 1.9000e+03 2.0234e+20 7.9830e+19 7.9830e+19 7.9451e-03 0.0000e+00 4.3081e+05 0.0000e+00
4.1700e+03 5.3566e-12 7.7757e-01 1.5805e+03 1.6425e+03 1.9000e+03 2.0403e+20 8.0298e+19 8.0298e+19 7.9243e-03 0.0000e+00 4.3179e+05 0.0000e+00
4.1800e+03 5.3420e-12 7.7748e-01 1.5801e+03 1.6421e+03 1.9000e+03 2.0574e+20 8.0768e+19 8.0768e+19 7.9036e-03 0.0000e+00 4.3277e+05 0.0000e+00
4.1900e+03 5.3274e-12 7.7740e-01 1.5797e+03 1.6417e+03 1.9000e+03 2.0746e+20 8.1239e+19 8.1239e+19 7.8829e-03 0.0000e+00 4.3375e+05 0.0000e+00
4.2000e+03 5.3130e-12 7.7731e-01 1.5793e+03 1.6413e+03 1.9000e+03 2.0920e+20 8.1713e+19 8.1713e+19 7.8624e-03 0.0000e+00 4.3473e+05 0.0000e+00
4.2100e+03 5.2986e-12 7.7723e-01 1.5789e+03 1.6409e+03 1.9000e+03 2.1095e+20 8.2189e+19 8.2189e+19 7.8420e-03 0.0000e+00 4.3571e+05 0.0000e+00
4.2200e+03 5.2842e-12 7.7714e-01 1.5785e+03 1.6405e+03 1.9000e+03 2.1271e+20 8.2667e+19 8.2667e+19 7.8216e-03 0.0000e+00 4.3669e+05 0.0000e+00
4.2300e+03 5.2700e-12 7.7706e-01 1.5781e+03 1.6400e+03 1.9000e+03 2.1448e+20 8.3146e+19 8.3146e+19 7.8013e-03 0.0000e+00 4.3767e+05 0.0000e+00
4.2400e+03 5.2558e-12 7.7698e-01 1.5777e+03 1.6396e+03 1.9000e+03 2.1627e+20 8.3628e+19 8.3628e+19 7.7811e-03 0.0000e+00 4.3865e+05 0.0000e+00
4.2500e+03 5.2416e-12 7.7689e-01 1.5773e+03 1.6392e+03 1.9000e+03 2.1807e+20 8.4111e+19 8.4111e+19 7.7610e-03 0.0000e+00 4.3964e+05 0.0000e+00
4.2600e+03 5.2276e-12 7.7681e-01 1.5769e+03 1.6388e+03 1.9000e+03 2.1988e+20 8.4597e+19 8.4597e+19 7.7410e-03 0.0000e+00 4.4062e+05 0.0000e+00
4.2700e+03 5.2136e-12 7.7673e-01 1.5765e+03 1.6384e+03 1.9000e+03 2.2170e+20 8.5084e+19 8.5084e+19 7.7211e-03 0.0000e+00 4.4160e+05 0.0000e+00
4.2800e+03 5.1996e-12 7.7665e-01 1.5762e+03 1.6380e+03 1.9000e+03 2.2354e+20 8.5574e+19 8.5574e+19 7.7013e-03 0.0000e+00 4.4259e+05 0.0000e+00
4.2900e+03 5.1858e-12 7.7657e-01 1.5758e+03 1.6376e+03 1.9000e+03 2.2540e+20 8.6065e+19 8.6065e+19 7.6815e-03 0.0000e+00 4.4357e+05 0.0000e+00
4.3000e+03 5.1720e-12 7.7649e-01 1.5754e+03 1.6372e+03 1.9000e+03 2.2726e+20 8.6558e+19 8.6558e+19 7.6618e-03 0.0000e+00 4.4456e+05 0.0000e+00
4.3100e+03 5.1582e-12 7.7641e-01 1.5750e+03 1.6368e+03 1.9000e+03 2.2914e+20 8.7054e+19 8.7054e+19 7.6423e-03 0.0000e+00 4.4554e+05 0.0000e+00
4.3200e+03 5.1446e-12 7.7633e-01 1.5746e+03 1.6364e+03 1.9000e+03 2.3104e+20 8.7551e+19 8.7551e+19 7.6228e-03 0.0000e+00 4.4653e+05 0.0000e+00
4.3300e+03 5.1309e-12 7.7626e-01 1.5742e+03 1.6360e+03 1.9000e+03 2.3294e+20 8.8050e+19 8.8050e+19 7.6034e-03 0.0000e+00 4.4751e+05 0.0000e+00
4.3400e+03 5.1174e-12 7.7618e-01 1.5738e+03 1.6356e+03 1.9000e+03 2.3487e+20 8.8551e+19 8.8551e+19 7.5840e-03 0.0000e+00 4.4850e+05 0.0000e+00
4.3500e+03 5.1039e-12 7.7610e-01 1.5734e+03 1.6351e+03 1.9000e+03 2.3680e+20 8.9055e+19 8.9055e+19 7.5648e-03 0.0000e+00 4.4949e+05 0.0000e+00
4.3600e+03 5.0905e-12 7.7603e-01 1.5730e+03 1.6347e+03 1.9000e+03 2.3875e+20 8.9560e+19 8.9560e+19 7.5456e-03 0.0000e+00 4.5047e+05 0.0000e+00
4.3700e+03 5.0771e-12 7.7595e-01 1.5727e+03 1.6343e+03 1.9000e+03 2.4071e+20 9.0067e+19 9.0067e+19 7.5265e-03 0.0000e+00 4.5146e+05 0.0000e+00
4.3800e+03 5.0638e-12 7.7588e-01 1.5723e+03 1.6339e+03 1.9000e+03 2.4269e+20 9.0577e+19 9.0577e+19 7.5075e-03 0.0000e+00 4.5245e+05 0.0000e+00
4.3900e+03 5.0506e-12 7.7580e-01 1.5719e+03 1.6335e+03 1.9000e+03 2.4468e+20 9.1088e+19 9.1088e+19 7.4886e-03 0.0000e+00 4.5344e+05 0.0000e+00
4.4000e+03 5.0374e-12 7.7573e-01 1.5715e+03 1.6331e+03 1.9000e+03 2.4669e+20 9.1601e+19 9.1601e+19 7.4698e-03 0.0000e+00 4.5443e+05 0.0000e+00
4.4100e+03 5.0243e-12 7.7566e-01 1.5711e+03 1.6327e+03 1.9000e+03 2.4871e+20 9.2116e+19 9.2116e+19 7.4510e-03 0.0000e+00 4.5542e+05 0.0000e+00
4.4200e+03 5.0112e-12 7.7558e-01 1.5707e+03 1.6324e+03 1.9000e+03 2.5075e+20 9.2634e+19 9.2634e+19 7.4324e-03 0.0000e+00 4.5641e+05 0.0000e+00
4.4300e+03 4.9982e-12 7.7551e-01 1.5704e+03 1.6320e+03 1.9000e+03 2.5280e+20 9.3153e+19 9.3153e+19 7.4138e-03 0.0000e+00 4.5740e+05 0.0000e+00
4.4400e+03 4.9853e-12 7.7544e-01 1.5700e+03 1.6316e+03 1.9000e+03 2.5486e+20 9.3674e+19 9.3674e+19 7.3952e-03 0.0000e+00 4.5839e+05 0.0000e+00
4.4500e+03 4.9724e-12 7.7537e-01 1.5696e+03 1.6312e+03 1.9000e+03 2.5694e+20 9.4198e+19 9.4198e+19 7.3768e-03 0.0000e+00 4.5938e+05 0.0000e+00
4.4600e+03 4.9596e-12 7.7530e-01 1.5692e+03 1.6308e+03 1.9000e+03 2.5904e+20 9.4723e+19 9.4723e+19 7.3584e-03 0.0000e+00 4.6037e+05 0.0000e+00
4.4700e+03 4.9468e-12 7.7523e-01 1.5688e+03 1.6304e+03 1.9000e+03 2.6115e+20 9.5250e+19 9.5250e+19 7.3402e-03 0.0000e+00 4.6137e+05 0.0000e+00
4.4800e+03 4.9341e-12 7.7516e-01 1.5685e+03 1.6300e+03 1.9000e+03 2.6327e+20 9.5780e+19 9.5780e+19 7.3220e-03 0.0000e+00 4.6236e+05 0.0000e+00
4.4900e+03 4.9214e-12 7.7509e-01 1.5681e+03 1.6296e+03 1.9000e+03 2.6541e+20 9.6311e+19 9.6311e+19 7.3038e-03 0.0000e+00 4.6335e+05 0.0000e+00
4.5000e+03 4.9088e-12 7.7502e-01 1.5677e+03 1.6292e+03 1.9000e+03 2.6757e+20 9.6845e+19 9.6845e+19 7.2858e-03 0.0000e+00 4.6435e+05 0.0000e+00
4.5100e+03 4.8963e-12 7.7496e-01 1.5673e+03 1.6288e+03 1.9000e+03 2.6974e+20 9.7381e+19 9.7381e+19 7.2678e-03 0.0000e+00 4.6534e+05 0.0000e+00
4.5200e+03 4.8838e-12 7.7489e-01 1.5670e+03 1.6284e+03 1.9000e+03 2.7193e+20 9.7918e+19 9.7918e+19 7.2499e-03 0.0000e+00 4.6633e+05 0.0000e+00
4.5300e+03 4.8714e-12 7.7482e-01 1.5666e+03 1.6280e+03 1.9000e+03 2.7413e+20 9.8458e+19 9.8458e+19 7.2321e-03 0.0000e+00 4.6733e+05 0.0000e+00
4.5400e+03 4.8590e-12 7.7476e-01 1.5662e+03 1.6277e+03 1.9000e+03 2.7635e+20 9.9000e+19 9.9000e+19 7.2143e-03 0.0000e+00 4.6832e+05 0.0000e+00
4.5500e+03 0.0000e+00 0.0000e+00 1.5658e+03 0.0000e+00 1.9000e+03 0.0000e+00 0.0000e+00 0.0000e+00 0.0000e+00 0.0000e+00 0.0000e+00 0.0000e+00
