0.0000e+00 2.4000e-11 3.0228e-01 1.7000e+03 3.1619e+03 4.4000e+03 2.4013e+18 1.6120e+18 1.6120e+18 4.7475e-01 0.0000e+00 8.9226e+03 0.0000e+00
1.0000e+01 2.3908e-11 2.8591e-01 1.6854e+03 3.1348e+03 4.4000e+03 1.9720e+18 1.9375e+18 1.9375e+18 5.0000e-01 0.0000e+00 8.3846e+03 0.0000e+00
2.0000e+01 2.3816e-11 3.0875e-01 1.6697e+03 3.1056e+03 4.4000e+03 2.4012e+18 2.3707e+18 2.3707e+18 4.6124e-01 0.0000e+00 8.9871e+03 0.0000e+00
3.0000e+01 2.3725e-11 3.3208e-01 1.6557e+03 3.0796e+03 4.4000e+03 2.9016e+18 2.8481e+18 2.8481e+18 4.2719e-01 0.0000e+00 9.6050e+03 0.0000e+00
4.0000e+01 2.3633e-11 3.5476e-01 1.6432e+03 3.0563e+03 4.4000e+03 3.4492e+18 3.3652e+18 3.3652e+18 3.9835e-01 0.0000e+00 1.0206e+04 0.0000e+00
5.0000e+01 2.3543e-11 3.7674e-01 1.6319e+03 3.0352e+03 4.4000e+03 4.0414e+18 3.9194e+18 3.9194e+18 3.7366e-01 0.0000e+00 1.0790e+04 0.0000e+00
6.0000e+01 2.3452e-11 3.9803e-01 1.6217e+03 3.0162e+03 4.4000e+03 4.6760e+18 4.5083e+18 4.5083e+18 3.5232e-01 0.0000e+00 1.1356e+04 0.0000e+00
7.0000e+01 2.3362e-11 4.1862e-01 1.6123e+03 2.9989e+03 4.4000e+03 5.3506e+18 5.1292e+18 5.1292e+18 3.3371e-01 0.0000e+00 1.1906e+04 0.0000e+00
8.0000e+01 2.3273e-11 4.3851e-01 1.6038e+03 2.9830e+03 4.4000e+03 6.0629e+18 5.7794e+18 5.7794e+18 3.1735e-01 0.0000e+00 1.2439e+04 0.0000e+00
9.0000e+01 2.3183e-11 4.5771e-01 1.5960e+03 2.9684e+03 4.4000e+03 6.8102e+18 6.4561e+18 6.4561e+18 3.0286e-01 0.0000e+00 1.2956e+04 0.0000e+00
1.0000e+02 2.3094e-11 4.7623e-01 1.5888e+03 2.9550e+03 4.4000e+03 7.5900e+18 7.1568e+18 7.1568e+18 2.8997e-01 0.0000e+00 1.3458e+04 0.0000e+00
1.1000e+02 2.3005e-11 4.9408e-01 1.5821e+03 2.9426e+03 4.4000e+03 8.3996e+18 7.8788e+18 7.8788e+18 2.7842e-01 0.0000e+00 1.3944e+04 0.0000e+00
1.2000e+02 2.2917e-11 5.1128e-01 1.5759e+03 2.9311e+03 4.4000e+03 9.2366e+18 8.6196e+18 8.6196e+18 2.6802e-01 0.0000e+00 1.4416e+04 0.0000e+00
1.3000e+02 2.2829e-11 5.2783e-01 1.5701e+03 2.9204e+03 4.4000e+03 1.0098e+19 9.3769e+18 9.3769e+18 2.5862e-01 0.0000e+00 1.4873e+04 0.0000e+00
1.4000e+02 2.2741e-11 5.4375e-01 1.5648e+03 2.9104e+03 4.4000e+03 1.0982e+19 1.0148e+19 1.0148e+19 2.5008e-01 0.0000e+00 1.5316e+04 0.0000e+00
1.5000e+02 2.2654e-11 5.5906e-01 1.5598e+03 2.9011e+03 4.4000e+03 1.1886e+19 1.0932e+19 1.0932e+19 2.4230e-01 0.0000e+00 1.5746e+04 0.0000e+00
1.6000e+02 2.2567e-11 5.7377e-01 1.5551e+03 2.8923e+03 4.4000e+03 1.2808e+19 1.1725e+19 1.1725e+19 2.3518e-01 0.0000e+00 1.6163e+04 0.0000e+00
1.7000e+02 2.2480e-11 5.8790e-01 1.5507e+03 2.8841e+03 4.4000e+03 1.3745e+19 1.2527e+19 1.2527e+19 2.2865e-01 0.0000e+00 1.6567e+04 0.0000e+00
1.8000e+02 2.2394e-11 6.0148e-01 1.5465e+03 2.8764e+03 4.4000e+03 1.4696e+19 1.3335e+19 1.3335e+19 2.2263e-01 0.0000e+00 1.6959e+04 0.0000e+00
1.9000e+02 2.2308e-11 6.1450e-01 1.5426e+03 2.8692e+03 4.4000e+03 1.5658e+19 1.4147e+19 1.4147e+19 2.1707e-01 0.0000e+00 1.7339e+04 0.0000e+00
2.0000e+02 2.2223e-11 6.2700e-01 1.5389e+03 2.8624e+03 4.4000e+03 1.6629e+19 1.4963e+19 1.4963e+19 2.1193e-01 0.0000e+00 1.7708e+04 0.0000e+00
2.1000e+02 2.2137e-11 6.3899e-01 1.5355e+03 2.8559e+03 4.4000e+03 1.7609e+19 1.5781e+19 1.5781e+19 2.0715e-01 0.0000e+00 1.8066e+04 0.0000e+00
2.2000e+02 2.2052e-11 6.5049e-01 1.5322e+03 2.8498e+03 4.4000e+03 1.8595e+19 1.6599e+19 1.6599e+19 2.0271e-01 0.0000e+00 1.8413e+04 0.0000e+00
2.3000e+02 2.1967e-11 6.6151e-01 1.5291e+03 2.8440e+03 4.4000e+03 1.9586e+19 1.7417e+19 1.7417e+19 1.9857e-01 0.0000e+00 1.8750e+04 0.0000e+00
2.4000e+02 2.1883e-11 6.7207e-01 1.5261e+03 2.8385e+03 4.4000e+03 2.0580e+19 1.8234e+19 1.8234e+19 1.9470e-01 0.0000e+00 1.9077e+04 0.0000e+00
2.5000e+02 2.1799e-11 6.8219e-01 1.5233e+03 2.8333e+03 4.4000e+03 2.1577e+19 1.9048e+19 1.9048e+19 1.9107e-01 0.0000e+00 1.9395e+04 0.0000e+00
2.6000e+02 2.1715e-11 6.9188e-01 1.5206e+03 2.8283e+03 4.4000e+03 2.2575e+19 1.9859e+19 1.9859e+19 1.8767e-01 0.0000e+00 1.9704e+04 0.0000e+00
2.7000e+02 2.1632e-11 7.0116e-01 1.5181e+03 2.8236e+03 4.4000e+03 2.3573e+19 2.0667e+19 2.0667e+19 1.8448e-01 0.0000e+00 2.0004e+04 0.0000e+00
2.8000e+02 2.1549e-11 7.1005e-01 1.5157e+03 2.8191e+03 4.4000e+03 2.4571e+19 2.1470e+19 2.1470e+19 1.8147e-01 0.0000e+00 2.0296e+04 0.0000e+00
2.9000e+02 2.1466e-11 7.1856e-01 1.5134e+03 2.8148e+03 4.4000e+03 2.5567e+19 2.2267e+19 2.2267e+19 1.7863e-01 0.0000e+00 2.0579e+04 0.0000e+00
3.0000e+02 2.1384e-11 7.2670e-01 1.5112e+03 2.8107e+03 4.4000e+03 2.6560e+19 2.3060e+19 2.3060e+19 1.7595e-01 0.0000e+00 2.0855e+04 0.0000e+00
3.1000e+02 2.1302e-11 7.3449e-01 1.5090e+03 2.8067e+03 4.4000e+03 2.7551e+19 2.3846e+19 2.3846e+19 1.7342e-01 0.0000e+00 2.1123e+04 0.0000e+00
3.2000e+02 2.1220e-11 7.4195e-01 1.5070e+03 2.8030e+03 4.4000e+03 2.8538e+19 2.4627e+19 2.4627e+19 1.7101e-01 0.0000e+00 2.1384e+04 0.0000e+00
3.3000e+02 2.1138e-11 7.4908e-01 1.5051e+03 2.7994e+03 4.4000e+03 2.9522e+19 2.5401e+19 2.5401e+19 1.6874e-01 0.0000e+00 2.1639e+04 0.0000e+00
3.4000e+02 2.1057e-11 7.5590e-01 1.5032e+03 2.7959e+03 4.4000e+03 3.0501e+19 2.6169e+19 2.6169e+19 1.6657e-01 0.0000e+00 2.1886e+04 0.0000e+00
3.5000e+02 2.0976e-11 7.6243e-01 1.5014e+03 2.7926e+03 4.4000e+03 3.1475e+19 2.6929e+19 2.6929e+19 1.6451e-01 0.0000e+00 2.2128e+04 0.0000e+00
3.6000e+02 2.0896e-11 7.6867e-01 1.4997e+03 2.7894e+03 4.4000e+03 3.2444e+19 2.7683e+19 2.7683e+19 1.6255e-01 0.0000e+00 2.2363e+04 0.0000e+00
3.7000e+02 2.0816e-11 7.7463e-01 1.4981e+03 2.7863e+03 4.4000e+03 3.3408e+19 2.8430e+19 2.8430e+19 1.6068e-01 0.0000e+00 2.2593e+04 0.0000e+00
3.8000e+02 2.0736e-11 7.8034e-01 1.4965e+03 2.7833e+03 4.4000e+03 3.4366e+19 2.9170e+19 2.9170e+19 1.5889e-01 0.0000e+00 2.2817e+04 0.0000e+00
3.9000e+02 2.0656e-11 7.8579e-01 1.4949e+03 2.7805e+03 4.4000e+03 3.5319e+19 2.9903e+19 2.9903e+19 1.5718e-01 0.0000e+00 2.3036e+04 0.0000e+00
4.0000e+02 2.0577e-11 7.9100e-01 1.4935e+03 2.7777e+03 4.4000e+03 3.6266e+19 3.0629e+19 3.0629e+19 1.5555e-01 0.0000e+00 2.3249e+04 0.0000e+00
4.1000e+02 2.0498e-11 7.9598e-01 1.4920e+03 2.7751e+03 4.4000e+03 3.7208e+19 3.1348e+19 3.1348e+19 1.5398e-01 0.0000e+00 2.3458e+04 0.0000e+00
4.2000e+02 2.0419e-11 8.0074e-01 1.4906e+03 2.7725e+03 4.4000e+03 3.8143e+19 3.2061e+19 3.2061e+19 1.5248e-01 0.0000e+00 2.3662e+04 0.0000e+00
4.3000e+02 2.0341e-11 8.0529e-01 1.4893e+03 2.7700e+03 4.4000e+03 3.9073e+19 3.2766e+19 3.2766e+19 1.5104e-01 0.0000e+00 2.3861e+04 0.0000e+00
4.4000e+02 2.0262e-11 8.0963e-01 1.4880e+03 2.7676e+03 4.4000e+03 3.9997e+19 3.3465e+19 3.3465e+19 1.4965e-01 0.0000e+00 2.4057e+04 0.0000e+00
4.5000e+02 2.0185e-11 8.1378e-01 1.4868e+03 2.7653e+03 4.4000e+03 4.0916e+19 3.4158e+19 3.4158e+19 1.4831e-01 0.0000e+00 2.4248e+04 0.0000e+00
4.6000e+02 2.0107e-11 8.1774e-01 1.4855e+03 2.7630e+03 4.4000e+03 4.1829e+19 3.4844e+19 3.4844e+19 1.4703e-01 0.0000e+00 2.4435e+04 0.0000e+00
4.7000e+02 2.0030e-11 8.2153e-01 1.4844e+03 2.7609e+03 4.4000e+03 4.2736e+19 3.5524e+19 3.5524e+19 1.4579e-01 0.0000e+00 2.4619e+04 0.0000e+00
4.8000e+02 1.9953e-11 8.2515e-01 1.4832e+03 2.7587e+03 4.4000e+03 4.3638e+19 3.6198e+19 3.6198e+19 1.4459e-01 0.0000e+00 2.4799e+04 0.0000e+00
4.9000e+02 1.9876e-11 8.2860e-01 1.4821e+03 2.7567e+03 4.4000e+03 4.4535e+19 3.6867e+19 3.6867e+19 1.4344e-01 0.0000e+00 2.4975e+04 0.0000e+00
5.0000e+02 1.9800e-11 8.3189e-01 1.4810e+03 2.7546e+03 4.4000e+03 4.5428e+19 3.7529e+19 3.7529e+19 1.4232e-01 0.0000e+00 2.5148e+04 0.0000e+00
5.1000e+02 1.9724e-11 8.3504e-01 1.4800e+03 2.7527e+03 4.4000e+03 4.6315e+19 3.8186e+19 3.8186e+19 1.4124e-01 0.0000e+00 2.5319e+04 0.0000e+00
5.2000e+02 1.9648e-11 8.3805e-01 1.4790e+03 2.7508e+03 4.4000e+03 4.7198e+19 3.8839e+19 3.8839e+19 1.4019e-01 0.0000e+00 2.5486e+04 0.0000e+00
5.3000e+02 1.9573e-11 8.4091e-01 1.4780e+03 2.7489e+03 4.4000e+03 4.8076e+19 3.9486e+19 3.9486e+19 1.3918e-01 0.0000e+00 2.5650e+04 0.0000e+00
5.4000e+02 1.9498e-11 8.4365e-01 1.4770e+03 2.7471e+03 4.4000e+03 4.8950e+19 4.0128e+19 4.0128e+19 1.3819e-01 0.0000e+00 2.5812e+04 0.0000e+00
5.5000e+02 1.9423e-11 8.4626e-01 1.4760e+03 2.7454e+03 4.4000e+03 4.9820e+19 4.0765e+19 4.0765e+19 1.3724e-01 0.0000e+00 2.5971e+04 0.0000e+00
5.6000e+02 1.9348e-11 8.4875e-01 1.4751e+03 2.7436e+03 4.4000e+03 5.0686e+19 4.1399e+19 4.1399e+19 1.3631e-01 0.0000e+00 2.6127e+04 0.0000e+00
5.7000e+02 1.9274e-11 8.5113e-01 1.4742e+03 2.7419e+03 4.4000e+03 5.1549e+19 4.2028e+19 4.2028e+19 1.3541e-01 0.0000e+00 2.6281e+04 0.0000e+00
5.8000e+02 1.9200e-11 8.5340e-01 1.4733e+03 2.7403e+03 4.4000e+03 5.2408e+19 4.2653e+19 4.2653e+19 1.3453e-01 0.0000e+00 2.6433e+04 0.0000e+00
5.9000e+02 1.9126e-11 8.5556e-01 1.4725e+03 2.7387e+03 4.4000e+03 5.3265e+19 4.3274e+19 4.3274e+19 1.3367e-01 0.0000e+00 2.6583e+04 0.0000e+00
6.0000e+02 1.9053e-11 8.5762e-01 1.4716e+03 2.7371e+03 4.4000e+03 5.4118e+19 4.3892e+19 4.3892e+19 1.3284e-01 0.0000e+00 2.6730e+04 0.0000e+00
6.1000e+02 1.8980e-11 8.5959e-01 1.4708e+03 2.7356e+03 4.4000e+03 5.4969e+19 4.4506e+19 4.4506e+19 1.3203e-01 0.0000e+00 2.6876e+04 0.0000e+00
6.2000e+02 1.8907e-11 8.6146e-01 1.4700e+03 2.7340e+03 4.4000e+03 5.5818e+19 4.5117e+19 4.5117e+19 1.3123e-01 0.0000e+00 2.7020e+04 0.0000e+00
6.3000e+02 1.8834e-11 8.6325e-01 1.4692e+03 2.7326e+03 4.4000e+03 5.6664e+19 4.5726e+19 4.5726e+19 1.3046e-01 0.0000e+00 2.7162e+04 0.0000e+00
6.4000e+02 1.8762e-11 8.6495e-01 1.4684e+03 2.7311e+03 4.4000e+03 5.7509e+19 4.6331e+19 4.6331e+19 1.2970e-01 0.0000e+00 2.7302e+04 0.0000e+00
6.5000e+02 1.8690e-11 8.6657e-01 1.4676e+03 2.7297e+03 4.4000e+03 5.8352e+19 4.6934e+19 4.6934e+19 1.2896e-01 0.0000e+00 2.7441e+04 0.0000e+00
6.6000e+02 1.8618e-11 8.6812e-01 1.4668e+03 2.7283e+03 4.4000e+03 5.9193e+19 4.7534e+19 4.7534e+19 1.2824e-01 0.0000e+00 2.7578e+04 0.0000e+00
6.7000e+02 1.8546e-11 8.6959e-01 1.4661e+03 2.7269e+03 4.4000e+03 6.0033e+19 4.8133e+19 4.8133e+19 1.2753e-01 0.0000e+00 2.7714e+04 0.0000e+00
6.8000e+02 1.8475e-11 8.7099e-01 1.4654e+03 2.7255e+03 4.4000e+03 6.0873e+19 4.8729e+19 4.8729e+19 1.2684e-01 0.0000e+00 2.7848e+04 0.0000e+00
6.9000e+02 1.8404e-11 8.7232e-01 1.4647e+03 2.7242e+03 4.4000e+03 6.1711e+19 4.9324e+19 4.9324e+19 1.2616e-01 0.0000e+00 2.7981e+04 0.0000e+00
7.0000e+02 1.8334e-11 8.7359e-01 1.4639e+03 2.7229e+03 4.4000e+03 6.2549e+19 4.9917e+19 4.9917e+19 1.2549e-01 0.0000e+00 2.8113e+04 0.0000e+00
7.1000e+02 1.8263e-11 8.7479e-01 1.4633e+03 2.7216e+03 4.4000e+03 6.3387e+19 5.0508e+19 5.0508e+19 1.2484e-01 0.0000e+00 2.8243e+04 0.0000e+00
7.2000e+02 1.8193e-11 8.7594e-01 1.4626e+03 2.7203e+03 4.4000e+03 6.4225e+19 5.1098e+19 5.1098e+19 1.2419e-01 0.0000e+00 2.8373e+04 0.0000e+00
7.3000e+02 1.8123e-11 8.7703e-01 1.4619e+03 2.7190e+03 4.4000e+03 6.5063e+19 5.1688e+19 5.1688e+19 1.2356e-01 0.0000e+00 2.8501e+04 0.0000e+00
7.4000e+02 1.8054e-11 8.7806e-01 1.4612e+03 2.7178e+03 4.4000e+03 6.5902e+19 5.2276e+19 5.2276e+19 1.2294e-01 0.0000e+00 2.8628e+04 0.0000e+00
7.5000e+02 1.7984e-11 8.7905e-01 1.4606e+03 2.7166e+03 4.4000e+03 6.6741e+19 5.2863e+19 5.2863e+19 1.2233e-01 0.0000e+00 2.8755e+04 0.0000e+00
7.6000e+02 1.7915e-11 8.7998e-01 1.4599e+03 2.7154e+03 4.4000e+03 6.7581e+19 5.3450e+19 5.3450e+19 1.2174e-01 0.0000e+00 2.8880e+04 0.0000e+00
7.7000e+02 1.7846e-11 8.8086e-01 1.4593e+03 2.7142e+03 4.4000e+03 6.8422e+19 5.4036e+19 5.4036e+19 1.2115e-01 0.0000e+00 2.9005e+04 0.0000e+00
7.8000e+02 1.7778e-11 8.8170e-01 1.4586e+03 2.7130e+03 4.4000e+03 6.9264e+19 5.4622e+19 5.4622e+19 1.2057e-01 0.0000e+00 2.9129e+04 0.0000e+00
7.9000e+02 1.7710e-11 8.8250e-01 1.4580e+03 2.7118e+03 4.4000e+03 7.0108e+19 5.5208e+19 5.5208e+19 1.1999e-01 0.0000e+00 2.9252e+04 0.0000e+00
8.0000e+02 1.7642e-11 8.8326e-01 1.4574e+03 2.7107e+03 4.4000e+03 7.0954e+19 5.5794e+19 5.5794e+19 1.1943e-01 0.0000e+00 2.9374e+04 0.0000e+00
8.1000e+02 1.7574e-11 8.8397e-01 1.4568e+03 2.7095e+03 4.4000e+03 7.1801e+19 5.6380e+19 5.6380e+19 1.1888e-01 0.0000e+00 2.9496e+04 0.0000e+00
8.2000e+02 1.7506e-11 8.8465e-01 1.4562e+03 2.7084e+03 4.4000e+03 7.2650e+19 5.6966e+19 5.6966e+19 1.1833e-01 0.0000e+00 2.9617e+04 0.0000e+00
8.3000e+02 1.7439e-11 8.8529e-01 1.4556e+03 2.7073e+03 4.4000e+03 7.3502e+19 5.7552e+19 5.7552e+19 1.1779e-01 0.0000e+00 2.9737e+04 0.0000e+00
8.4000e+02 1.7372e-11 8.8589e-01 1.4550e+03 2.7062e+03 4.4000e+03 7.4356e+19 5.8139e+19 5.8139e+19 1.1726e-01 0.0000e+00 2.9857e+04 0.0000e+00
8.5000e+02 1.7306e-11 8.8646e-01 1.4544e+03 2.7051e+03 4.4000e+03 7.5213e+19 5.8727e+19 5.8727e+19 1.1673e-01 0.0000e+00 2.9976e+04 0.0000e+00
8.6000e+02 1.7239e-11 8.8700e-01 1.4538e+03 2.7040e+03 4.4000e+03 7.6072e+19 5.9316e+19 5.9316e+19 1.1621e-01 0.0000e+00 3.0095e+04 0.0000e+00
8.7000e+02 1.7173e-11 8.8750e-01 1.4532e+03 2.7029e+03 4.4000e+03 7.6935e+19 5.9905e+19 5.9905e+19 1.1570e-01 0.0000e+00 3.0213e+04 0.0000e+00
8.8000e+02 1.7107e-11 8.8798e-01 1.4527e+03 2.7019e+03 4.4000e+03 7.7801e+19 6.0495e+19 6.0495e+19 1.1519e-01 0.0000e+00 3.0331e+04 0.0000e+00
8.9000e+02 1.7041e-11 8.8843e-01 1.4521e+03 2.7008e+03 4.4000e+03 7.8670e+19 6.1087e+19 6.1087e+19 1.1469e-01 0.0000e+00 3.0448e+04 0.0000e+00
9.0000e+02 1.6976e-11 8.8885e-01 1.4515e+03 2.6998e+03 4.4000e+03 7.9542e+19 6.1680e+19 6.1680e+19 1.1420e-01 0.0000e+00 3.0565e+04 0.0000e+00
9.1000e+02 1.6911e-11 8.8925e-01 1.4510e+03 2.6987e+03 4.4000e+03 8.0419e+19 6.2274e+19 6.2274e+19 1.1371e-01 0.0000e+00 3.0682e+04 0.0000e+00
9.2000e+02 1.6846e-11 8.8962e-01 1.4504e+03 2.6977e+03 4.4000e+03 8.1299e+19 6.2870e+19 6.2870e+19 1.1323e-01 0.0000e+00 3.0799e+04 0.0000e+00
9.3000e+02 1.6781e-11 8.8996e-01 1.4499e+03 2.6967e+03 4.4000e+03 8.2183e+19 6.3467e+19 6.3467e+19 1.1275e-01 0.0000e+00 3.0915e+04 0.0000e+00
9.4000e+02 1.6717e-11 8.9029e-01 1.4493e+03 2.6957e+03 4.4000e+03 8.3072e+19 6.4066e+19 6.4066e+19 1.1227e-01 0.0000e+00 3.1031e+04 0.0000e+00
9.5000e+02 1.6652e-11 8.9059e-01 1.4488e+03 2.6947e+03 4.4000e+03 8.3964e+19 6.4666e+19 6.4666e+19 1.1181e-01 0.0000e+00 3.1146e+04 0.0000e+00
9.6000e+02 1.6588e-11 8.9086e-01 1.4482e+03 2.6937e+03 4.4000e+03 8.4862e+19 6.5269e+19 6.5269e+19 1.1134e-01 0.0000e+00 3.1262e+04 0.0000e+00
9.7000e+02 1.6525e-11 8.9112e-01 1.4477e+03 2.6927e+03 4.4000e+03 8.5764e+19 6.5873e+19 6.5873e+19 1.1088e-01 0.0000e+00 3.1377e+04 0.0000e+00
9.8000e+02 1.6461e-11 8.9136e-01 1.4472e+03 2.6917e+03 4.4000e+03 8.6670e+19 6.6480e+19 6.6480e+19 1.1043e-01 0.0000e+00 3.1492e+04 0.0000e+00
9.9000e+02 1.6398e-11 8.9158e-01 1.4466e+03 2.6907e+03 4.4000e+03 8.7582e+19 6.7089e+19 6.7089e+19 1.0998e-01 0.0000e+00 3.1607e+04 0.0000e+00
1.0000e+03 1.6335e-11 8.9179e-01 1.4461e+03 2.6897e+03 4.4000e+03 8.8499e+19 6.7700e+19 6.7700e+19 1.0953e-01 0.0000e+00 3.1721e+04 0.0000e+00
1.0100e+03 1.6272e-11 8.9197e-01 1.4456e+03 2.6887e+03 4.4000e+03 8.9421e+19 6.8313e+19 6.8313e+19 1.0908e-01 0.0000e+00 3.1836e+04 0.0000e+00
1.0200e+03 1.6210e-11 8.9214e-01 1.4451e+03 2.6878e+03 4.4000e+03 9.0349e+19 6.8929e+19 6.8929e+19 1.0865e-01 0.0000e+00 3.1950e+04 0.0000e+00
1.0300e+03 1.6148e-11 8.9229e-01 1.4446e+03 2.6868e+03 4.4000e+03 9.1282e+19 6.9547e+19 6.9547e+19 1.0821e-01 0.0000e+00 3.2065e+04 0.0000e+00
1.0400e+03 1.6086e-11 8.9243e-01 1.4441e+03 2.6859e+03 4.4000e+03 9.2221e+19 7.0168e+19 7.0168e+19 1.0778e-01 0.0000e+00 3.2179e+04 0.0000e+00
1.0500e+03 1.6024e-11 8.9255e-01 1.4435e+03 2.6849e+03 4.4000e+03 9.3166e+19 7.0791e+19 7.0791e+19 1.0735e-01 0.0000e+00 3.2293e+04 0.0000e+00
1.0600e+03 1.5962e-11 8.9266e-01 1.4430e+03 2.6840e+03 4.4000e+03 9.4116e+19 7.1417e+19 7.1417e+19 1.0692e-01 0.0000e+00 3.2407e+04 0.0000e+00
1.0700e+03 1.5901e-11 8.9276e-01 1.4425e+03 2.6830e+03 4.4000e+03 9.5073e+19 7.2047e+19 7.2047e+19 1.0650e-01 0.0000e+00 3.2522e+04 0.0000e+00
1.0800e+03 1.5840e-11 8.9284e-01 1.4420e+03 2.6821e+03 4.4000e+03 9.6036e+19 7.2678e+19 7.2678e+19 1.0608e-01 0.0000e+00 3.2636e+04 0.0000e+00
1.0900e+03 1.5779e-11 8.9291e-01 1.4415e+03 2.6812e+03 4.4000e+03 9.7006e+19 7.3313e+19 7.3313e+19 1.0567e-01 0.0000e+00 3.2750e+04 0.0000e+00
1.1000e+03 1.5719e-11 8.9297e-01 1.4410e+03 2.6803e+03 4.4000e+03 9.7982e+19 7.3951e+19 7.3951e+19 1.0525e-01 0.0000e+00 3.2864e+04 0.0000e+00
1.1100e+03 1.5658e-11 8.9301e-01 1.4405e+03 2.6793e+03 4.4000e+03 9.8964e+19 7.4593e+19 7.4593e+19 1.0485e-01 0.0000e+00 3.2978e+04 0.0000e+00
1.1200e+03 1.5598e-11 8.9305e-01 1.4401e+03 2.6784e+03 4.4000e+03 9.9954e+19 7.5237e+19 7.5237e+19 1.0444e-01 0.0000e+00 3.3093e+04 0.0000e+00
1.1300e+03 1.5538e-11 8.9307e-01 1.4396e+03 2.6775e+03 4.4000e+03 1.0095e+20 7.5885e+19 7.5885e+19 1.0403e-01 0.0000e+00 3.3207e+04 0.0000e+00
1.1400e+03 1.5478e-11 8.9309e-01 1.4391e+03 2.6766e+03 4.4000e+03 1.0195e+20 7.6536e+19 7.6536e+19 1.0363e-01 0.0000e+00 3.3321e+04 0.0000e+00
1.1500e+03 1.5419e-11 8.9309e-01 1.4386e+03 2.6757e+03 4.4000e+03 1.0296e+20 7.7190e+19 7.7190e+19 1.0323e-01 0.0000e+00 3.3436e+04 0.0000e+00
1.1600e+03 1.5360e-11 8.9309e-01 1.4381e+03 2.6748e+03 4.4000e+03 1.0398e+20 7.7848e+19 7.7848e+19 1.0284e-01 0.0000e+00 3.3550e+04 0.0000e+00
1.1700e+03 1.5301e-11 8.9307e-01 1.4376e+03 2.6739e+03 4.4000e+03 1.0501e+20 7.8509e+19 7.8509e+19 1.0245e-01 0.0000e+00 3.3665e+04 0.0000e+00
1.1800e+03 1.5242e-11 8.9305e-01 1.4371e+03 2.6730e+03 4.4000e+03 1.0604e+20 7.9174e+19 7.9174e+19 1.0206e-01 0.0000e+00 3.3780e+04 0.0000e+00
1.1900e+03 1.5184e-11 8.9302e-01 1.4367e+03 2.6721e+03 4.4000e+03 1.0708e+20 7.9843e+19 7.9843e+19 1.0167e-01 0.0000e+00 3.3895e+04 0.0000e+00
1.2000e+03 1.5125e-11 8.9298e-01 1.4362e+03 2.6712e+03 4.4000e+03 1.0813e+20 8.0515e+19 8.0515e+19 1.0128e-01 0.0000e+00 3.4010e+04 0.0000e+00
1.2100e+03 1.5067e-11 8.9293e-01 1.4357e+03 2.6703e+03 4.4000e+03 1.0919e+20 8.1191e+19 8.1191e+19 1.0090e-01 0.0000e+00 3.4125e+04 0.0000e+00
1.2200e+03 1.5009e-11 8.9288e-01 1.4352e+03 2.6694e+03 4.4000e+03 1.1025e+20 8.1871e+19 8.1871e+19 1.0052e-01 0.0000e+00 3.4240e+04 0.0000e+00
1.2300e+03 1.4952e-11 8.9281e-01 1.4348e+03 2.6686e+03 4.4000e+03 1.1132e+20 8.2555e+19 8.2555e+19 1.0014e-01 0.0000e+00 3.4355e+04 0.0000e+00
1.2400e+03 1.4894e-11 8.9274e-01 1.4343e+03 2.6677e+03 4.4000e+03 1.1240e+20 8.3243e+19 8.3243e+19 9.9760e-02 0.0000e+00 3.4471e+04 0.0000e+00
1.2500e+03 1.4837e-11 8.9267e-01 1.4338e+03 2.6668e+03 4.4000e+03 1.1349e+20 8.3934e+19 8.3934e+19 9.9386e-02 0.0000e+00 3.4587e+04 0.0000e+00
1.2600e+03 1.4780e-11 8.9259e-01 1.4333e+03 2.6659e+03 4.4000e+03 1.1459e+20 8.4630e+19 8.4630e+19 9.9013e-02 0.0000e+00 3.4703e+04 0.0000e+00
1.2700e+03 1.4723e-11 8.9250e-01 1.4329e+03 2.6651e+03 4.4000e+03 1.1570e+20 8.5330e+19 8.5330e+19 9.8643e-02 0.0000e+00 3.4819e+04 0.0000e+00
1.2800e+03 1.4667e-11 8.9240e-01 1.4324e+03 2.6642e+03 4.4000e+03 1.1681e+20 8.6034e+19 8.6034e+19 9.8274e-02 0.0000e+00 3.4935e+04 0.0000e+00
1.2900e+03 1.4610e-11 8.9230e-01 1.4319e+03 2.6633e+03 4.4000e+03 1.1794e+20 8.6743e+19 8.6743e+19 9.7908e-02 0.0000e+00 3.5052e+04 0.0000e+00
1.3000e+03 1.4554e-11 8.9220e-01 1.4315e+03 2.6625e+03 4.4000e+03 1.1907e+20 8.7456e+19 8.7456e+19 9.7544e-02 0.0000e+00 3.5168e+04 0.0000e+00
1.3100e+03 1.4499e-11 8.9208e-01 1.4310e+03 2.6616e+03 4.4000e+03 1.2021e+20 8.8173e+19 8.8173e+19 9.7181e-02 0.0000e+00 3.5285e+04 0.0000e+00
1.3200e+03 1.4443e-11 8.9197e-01 1.4306e+03 2.6608e+03 4.4000e+03 1.2137e+20 8.8894e+19 8.8894e+19 9.6821e-02 0.0000e+00 3.5402e+04 0.0000e+00
1.3300e+03 1.4387e-11 8.9185e-01 1.4301e+03 2.6599e+03 4.4000e+03 1.2253e+20 8.9620e+19 8.9620e+19 9.6462e-02 0.0000e+00 3.5520e+04 0.0000e+00
1.3400e+03 1.4332e-11 8.9172e-01 1.4296e+03 2.6591e+03 4.4000e+03 1.2370e+20 9.0350e+19 9.0350e+19 9.6105e-02 0.0000e+00 3.5637e+04 0.0000e+00
1.3500e+03 1.4277e-11 8.9159e-01 1.4292e+03 2.6582e+03 4.4000e+03 1.2488e+20 9.1085e+19 9.1085e+19 9.5750e-02 0.0000e+00 3.5755e+04 0.0000e+00
1.3600e+03 1.4222e-11 8.9145e-01 1.4287e+03 2.6574e+03 4.4000e+03 1.2607e+20 9.1825e+19 9.1825e+19 9.5397e-02 0.0000e+00 3.5873e+04 0.0000e+00
1.3700e+03 1.4168e-11 8.9131e-01 1.4283e+03 2.6565e+03 4.4000e+03 1.2727e+20 9.2569e+19 9.2569e+19 9.5046e-02 0.0000e+00 3.5991e+04 0.0000e+00
1.3800e+03 1.4113e-11 8.9117e-01 1.4278e+03 2.6557e+03 4.4000e+03 1.2848e+20 9.3318e+19 9.3318e+19 9.4696e-02 0.0000e+00 3.6110e+04 0.0000e+00
1.3900e+03 1.4059e-11 8.9102e-01 1.4274e+03 2.6548e+03 4.4000e+03 1.2970e+20 9.4072e+19 9.4072e+19 9.4348e-02 0.0000e+00 3.6229e+04 0.0000e+00
1.4000e+03 1.4005e-11 8.9087e-01 1.4269e+03 2.6540e+03 4.4000e+03 1.3093e+20 9.4830e+19 9.4830e+19 9.4002e-02 0.0000e+00 3.6348e+04 0.0000e+00
1.4100e+03 1.3951e-11 8.9072e-01 1.4265e+03 2.6531e+03 4.4000e+03 1.3217e+20 9.5593e+19 9.5593e+19 9.3657e-02 0.0000e+00 3.6467e+04 0.0000e+00
1.4200e+03 1.3898e-11 8.9056e-01 1.4260e+03 2.6523e+03 4.4000e+03 1.3342e+20 9.6361e+19 9.6361e+19 9.3314e-02 0.0000e+00 3.6586e+04 0.0000e+00
1.4300e+03 1.3844e-11 8.9039e-01 1.4256e+03 2.6515e+03 4.4000e+03 1.3469e+20 9.7135e+19 9.7135e+19 9.2973e-02 0.0000e+00 3.6706e+04 0.0000e+00
1.4400e+03 1.3791e-11 8.9023e-01 1.4251e+03 2.6506e+03 4.4000e+03 1.3596e+20 9.7913e+19 9.7913e+19 9.2633e-02 0.0000e+00 3.6826e+04 0.0000e+00
1.4500e+03 1.3738e-11 8.9006e-01 1.4247e+03 2.6498e+03 4.4000e+03 1.3724e+20 9.8696e+19 9.8696e+19 9.2295e-02 0.0000e+00 3.6947e+04 0.0000e+00
1.4600e+03 1.3685e-11 8.8989e-01 1.4242e+03 2.6490e+03 4.4000e+03 1.3854e+20 9.9484e+19 9.9484e+19 9.1958e-02 0.0000e+00 3.7067e+04 0.0000e+00
1.4700e+03 1.3633e-11 8.8971e-01 1.4238e+03 2.6481e+03 4.4000e+03 1.3985e+20 1.0028e+20 1.0028e+20 9.1623e-02 0.0000e+00 3.7188e+04 0.0000e+00
1.4800e+03 1.3581e-11 8.8953e-01 1.4233e+03 2.6473e+03 4.4000e+03 1.4116e+20 1.0108e+20 1.0108e+20 9.1290e-02 0.0000e+00 3.7310e+04 0.0000e+00
1.4900e+03 1.3528e-11 8.8935e-01 1.4229e+03 2.6465e+03 4.4000e+03 1.4249e+20 1.0188e+20 1.0188e+20 9.0958e-02 0.0000e+00 3.7431e+04 0.0000e+00
1.5000e+03 1.3476e-11 8.8917e-01 1.4224e+03 2.6457e+03 4.4000e+03 1.4383e+20 1.0269e+20 1.0269e+20 9.0627e-02 0.0000e+00 3.7553e+04 0.0000e+00
1.5100e+03 1.3425e-11 8.8898e-01 1.4220e+03 2.6449e+03 4.4000e+03 1.4518e+20 1.0350e+20 1.0350e+20 9.0298e-02 0.0000e+00 3.7675e+04 0.0000e+00
1.5200e+03 1.3373e-11 8.8879e-01 1.4216e+03 2.6440e+03 4.4000e+03 1.4655e+20 1.0432e+20 1.0432e+20 8.9971e-02 0.0000e+00 3.7798e+04 0.0000e+00
1.5300e+03 1.3322e-11 8.8860e-01 1.4211e+03 2.6432e+03 4.4000e+03 1.4792e+20 1.0515e+20 1.0515e+20 8.9644e-02 0.0000e+00 3.7921e+04 0.0000e+00
1.5400e+03 1.3271e-11 8.8840e-01 1.4207e+03 2.6424e+03 4.4000e+03 1.4931e+20 1.0598e+20 1.0598e+20 8.9320e-02 0.0000e+00 3.8044e+04 0.0000e+00
1.5500e+03 1.3220e-11 8.8821e-01 1.4202e+03 2.6416e+03 4.4000e+03 1.5071e+20 1.0681e+20 1.0681e+20 8.8996e-02 0.0000e+00 3.8167e+04 0.0000e+00
1.5600e+03 1.3169e-11 8.8801e-01 1.4198e+03 2.6408e+03 4.4000e+03 1.5212e+20 1.0766e+20 1.0766e+20 8.8675e-02 0.0000e+00 3.8291e+04 0.0000e+00
1.5700e+03 1.3118e-11 8.8781e-01 1.4194e+03 2.6400e+03 4.4000e+03 1.5355e+20 1.0850e+20 1.0850e+20 8.8354e-02 0.0000e+00 3.8415e+04 0.0000e+00
1.5800e+03 1.3068e-11 8.8760e-01 1.4189e+03 2.6391e+03 4.4000e+03 1.5498e+20 1.0936e+20 1.0936e+20 8.8035e-02 0.0000e+00 3.8539e+04 0.0000e+00
1.5900e+03 1.3018e-11 8.8740e-01 1.4185e+03 2.6383e+03 4.4000e+03 1.5643e+20 1.1021e+20 1.1021e+20 8.7717e-02 0.0000e+00 3.8664e+04 0.0000e+00
1.6000e+03 1.2968e-11 8.8719e-01 1.4181e+03 2.6375e+03 4.4000e+03 1.5789e+20 1.1108e+20 1.1108e+20 8.7401e-02 0.0000e+00 3.8789e+04 0.0000e+00
1.6100e+03 1.2918e-11 8.8698e-01 1.4176e+03 2.6367e+03 4.4000e+03 1.5937e+20 1.1195e+20 1.1195e+20 8.7086e-02 0.0000e+00 3.8915e+04 0.0000e+00
1.6200e+03 1.2868e-11 8.8677e-01 1.4172e+03 2.6359e+03 4.4000e+03 1.6086e+20 1.1282e+20 1.1282e+20 8.6772e-02 0.0000e+00 3.9040e+04 0.0000e+00
1.6300e+03 1.2819e-11 8.8656e-01 1.4168e+03 2.6351e+03 4.4000e+03 1.6236e+20 1.1371e+20 1.1371e+20 8.6460e-02 0.0000e+00 3.9166e+04 0.0000e+00
1.6400e+03 1.2770e-11 8.8634e-01 1.4163e+03 2.6343e+03 4.4000e+03 1.6387e+20 1.1459e+20 1.1459e+20 8.6148e-02 0.0000e+00 3.9293e+04 0.0000e+00
1.6500e+03 1.2721e-11 8.8613e-01 1.4159e+03 2.6335e+03 4.4000e+03 1.6540e+20 1.1549e+20 1.1549e+20 8.5839e-02 0.0000e+00 3.9420e+04 0.0000e+00
1.6600e+03 1.2672e-11 8.8591e-01 1.4155e+03 2.6327e+03 4.4000e+03 1.6695e+20 1.1639e+20 1.1639e+20 8.5530e-02 0.0000e+00 3.9547e+04 0.0000e+00
1.6700e+03 1.2623e-11 8.8569e-01 1.4151e+03 2.6319e+03 4.4000e+03 1.6850e+20 1.1729e+20 1.1729e+20 8.5223e-02 0.0000e+00 3.9674e+04 0.0000e+00
1.6800e+03 1.2575e-11 8.8547e-01 1.4146e+03 2.6311e+03 4.4000e+03 1.7007e+20 1.1820e+20 1.1820e+20 8.4917e-02 0.0000e+00 3.9802e+04 0.0000e+00
1.6900e+03 1.2526e-11 8.8524e-01 1.4142e+03 2.6303e+03 4.4000e+03 1.7165e+20 1.1912e+20 1.1912e+20 8.4612e-02 0.0000e+00 3.9930e+04 0.0000e+00
1.7000e+03 1.2478e-11 8.8502e-01 1.4138e+03 2.6295e+03 4.4000e+03 1.7325e+20 1.2005e+20 1.2005e+20 8.4308e-02 0.0000e+00 4.0059e+04 0.0000e+00
1.7100e+03 1.2430e-11 8.8479e-01 1.4133e+03 2.6287e+03 4.4000e+03 1.7486e+20 1.2098e+20 1.2098e+20 8.4006e-02 0.0000e+00 4.0188e+04 0.0000e+00
1.7200e+03 1.2383e-11 8.8457e-01 1.4129e+03 2.6280e+03 4.4000e+03 1.7649e+20 1.2191e+20 1.2191e+20 8.3705e-02 0.0000e+00 4.0317e+04 0.0000e+00
1.7300e+03 1.2335e-11 8.8434e-01 1.4125e+03 2.6272e+03 4.4000e+03 1.7813e+20 1.2285e+20 1.2285e+20 8.3405e-02 0.0000e+00 4.0447e+04 0.0000e+00
1.7400e+03 1.2288e-11 8.8411e-01 1.4121e+03 2.6264e+03 4.4000e+03 1.7979e+20 1.2380e+20 1.2380e+20 8.3106e-02 0.0000e+00 4.0577e+04 0.0000e+00
1.7500e+03 1.2241e-11 8.8388e-01 1.4116e+03 2.6256e+03 4.4000e+03 1.8146e+20 1.2476e+20 1.2476e+20 8.2809e-02 0.0000e+00 4.0707e+04 0.0000e+00
1.7600e+03 1.2194e-11 8.8364e-01 1.4112e+03 2.6248e+03 4.4000e+03 1.8314e+20 1.2572e+20 1.2572e+20 8.2513e-02 0.0000e+00 4.0838e+04 0.0000e+00
1.7700e+03 1.2147e-11 8.8341e-01 1.4108e+03 2.6240e+03 4.4000e+03 1.8485e+20 1.2669e+20 1.2669e+20 8.2218e-02 0.0000e+00 4.0969e+04 0.0000e+00
1.7800e+03 1.2100e-11 8.8317e-01 1.4104e+03 2.6232e+03 4.4000e+03 1.8656e+20 1.2766e+20 1.2766e+20 8.1924e-02 0.0000e+00 4.1101e+04 0.0000e+00
1.7900e+03 1.2054e-11 8.8294e-01 1.4100e+03 2.6224e+03 4.4000e+03 1.8829e+20 1.2864e+20 1.2864e+20 8.1631e-02 0.0000e+00 4.1233e+04 0.0000e+00
1.8000e+03 1.2007e-11 8.8270e-01 1.4095e+03 2.6217e+03 4.4000e+03 1.9004e+20 1.2963e+20 1.2963e+20 8.1339e-02 0.0000e+00 4.1365e+04 0.0000e+00
1.8100e+03 1.1961e-11 8.8246e-01 1.4091e+03 2.6209e+03 4.4000e+03 1.9180e+20 1.3063e+20 1.3063e+20 8.1049e-02 0.0000e+00 4.1498e+04 0.0000e+00
1.8200e+03 1.1915e-11 8.8222e-01 1.4087e+03 2.6201e+03 4.4000e+03 1.9358e+20 1.3163e+20 1.3163e+20 8.0760e-02 0.0000e+00 4.1631e+04 0.0000e+00
1.8300e+03 1.1870e-11 8.8198e-01 1.4083e+03 2.6193e+03 4.4000e+03 1.9538e+20 1.3263e+20 1.3263e+20 8.0472e-02 0.0000e+00 4.1764e+04 0.0000e+00
1.8400e+03 1.1824e-11 8.8174e-01 1.4079e+03 2.6186e+03 4.4000e+03 1.9719e+20 1.3365e+20 1.3365e+20 8.0184e-02 0.0000e+00 4.1898e+04 0.0000e+00
1.8500e+03 1.1779e-11 8.8150e-01 1.4074e+03 2.6178e+03 4.4000e+03 1.9902e+20 1.3467e+20 1.3467e+20 7.9899e-02 0.0000e+00 4.2033e+04 0.0000e+00
1.8600e+03 1.1733e-11 8.8125e-01 1.4070e+03 2.6170e+03 4.4000e+03 2.0086e+20 1.3570e+20 1.3570e+20 7.9614e-02 0.0000e+00 4.2167e+04 0.0000e+00
1.8700e+03 1.1688e-11 8.8101e-01 1.4066e+03 2.6162e+03 4.4000e+03 2.0272e+20 1.3673e+20 1.3673e+20 7.9330e-02 0.0000e+00 4.2302e+04 0.0000e+00
1.8800e+03 1.1643e-11 8.8076e-01 1.4062e+03 2.6155e+03 4.4000e+03 2.0460e+20 1.3777e+20 1.3777e+20 7.9047e-02 0.0000e+00 4.2438e+04 0.0000e+00
1.8900e+03 1.1599e-11 8.8052e-01 1.4058e+03 2.6147e+03 4.4000e+03 2.0650e+20 1.3882e+20 1.3882e+20 7.8766e-02 0.0000e+00 4.2574e+04 0.0000e+00
1.9000e+03 1.1554e-11 8.8027e-01 1.4054e+03 2.6139e+03 4.4000e+03 2.0841e+20 1.3988e+20 1.3988e+20 7.8486e-02 0.0000e+00 4.2710e+04 0.0000e+00
1.9100e+03 1.1510e-11 8.8002e-01 1.4050e+03 2.6132e+03 4.4000e+03 2.1034e+20 1.4094e+20 1.4094e+20 7.8206e-02 0.0000e+00 4.2847e+04 0.0000e+00
1.9200e+03 1.1466e-11 8.7977e-01 1.4045e+03 2.6124e+03 4.4000e+03 2.1229e+20 1.4201e+20 1.4201e+20 7.7928e-02 0.0000e+00 4.2984e+04 0.0000e+00
1.9300e+03 1.1422e-11 8.7952e-01 1.4041e+03 2.6116e+03 4.4000e+03 2.1425e+20 1.4309e+20 1.4309e+20 7.7651e-02 0.0000e+00 4.3121e+04 0.0000e+00
1.9400e+03 1.1378e-11 8.7927e-01 1.4037e+03 2.6109e+03 4.4000e+03 2.1624e+20 1.4417e+20 1.4417e+20 7.7375e-02 0.0000e+00 4.3259e+04 0.0000e+00
1.9500e+03 1.1334e-11 8.7902e-01 1.4033e+03 2.6101e+03 4.4000e+03 2.1824e+20 1.4527e+20 1.4527e+20 7.7100e-02 0.0000e+00 4.3398e+04 0.0000e+00
1.9600e+03 1.1291e-11 8.7877e-01 1.4029e+03 2.6093e+03 4.4000e+03 2.2026e+20 1.4637e+20 1.4637e+20 7.6826e-02 0.0000e+00 4.3536e+04 0.0000e+00
1.9700e+03 1.1247e-11 8.7851e-01 1.4025e+03 2.6086e+03 4.4000e+03 2.2229e+20 1.4747e+20 1.4747e+20 7.6553e-02 0.0000e+00 4.3676e+04 0.0000e+00
1.9800e+03 1.1204e-11 8.7826e-01 1.4021e+03 2.6078e+03 4.4000e+03 2.2435e+20 1.4858e+20 1.4858e+20 7.6281e-02 0.0000e+00 4.3815e+04 0.0000e+00
1.9900e+03 1.1161e-11 8.7801e-01 1.4017e+03 2.6070e+03 4.4000e+03 2.2643e+20 1.4971e+20 1.4971e+20 7.6010e-02 0.0000e+00 4.3955e+04 0.0000e+00
2.0000e+03 1.1118e-11 8.7775e-01 1.4013e+03 2.6063e+03 4.4000e+03 2.2852e+20 1.5083e+20 1.5083e+20 7.5740e-02 0.0000e+00 4.4096e+04 0.0000e+00
2.0100e+03 1.1075e-11 8.7749e-01 1.4009e+03 2.6055e+03 4.4000e+03 2.3063e+20 1.5197e+20 1.5197e+20 7.5471e-02 0.0000e+00 4.4237e+04 0.0000e+00
2.0200e+03 1.1033e-11 8.7724e-01 1.4005e+03 2.6048e+03 4.4000e+03 2.3276e+20 1.5311e+20 1.5311e+20 7.5203e-02 0.0000e+00 4.4378e+04 0.0000e+00
2.0300e+03 1.0991e-11 8.7698e-01 1.4001e+03 2.6040e+03 4.4000e+03 2.3492e+20 1.5427e+20 1.5427e+20 7.4937e-02 0.0000e+00 4.4520e+04 0.0000e+00
2.0400e+03 1.0948e-11 8.7672e-01 1.3996e+03 2.6033e+03 4.4000e+03 2.3709e+20 1.5542e+20 1.5542e+20 7.4671e-02 0.0000e+00 4.4662e+04 0.0000e+00
2.0500e+03 1.0906e-11 8.7646e-01 1.3992e+03 2.6025e+03 4.4000e+03 2.3928e+20 1.5659e+20 1.5659e+20 7.4406e-02 0.0000e+00 4.4805e+04 0.0000e+00
2.0600e+03 1.0864e-11 8.7620e-01 1.3988e+03 2.6018e+03 4.4000e+03 2.4149e+20 1.5776e+20 1.5776e+20 7.4142e-02 0.0000e+00 4.4948e+04 0.0000e+00
2.0700e+03 1.0823e-11 8.7594e-01 1.3984e+03 2.6010e+03 4.4000e+03 2.4372e+20 1.5895e+20 1.5895e+20 7.3879e-02 0.0000e+00 4.5091e+04 0.0000e+00
2.0800e+03 1.0781e-11 8.7568e-01 1.3980e+03 2.6003e+03 4.4000e+03 2.4598e+20 1.6014e+20 1.6014e+20 7.3618e-02 0.0000e+00 4.5235e+04 0.0000e+00
2.0900e+03 1.0740e-11 8.7542e-01 1.3976e+03 2.5995e+03 4.4000e+03 2.4825e+20 1.6133e+20 1.6133e+20 7.3357e-02 0.0000e+00 4.5379e+04 0.0000e+00
2.1000e+03 1.0698e-11 8.7516e-01 1.3972e+03 2.5988e+03 4.4000e+03 2.5054e+20 1.6254e+20 1.6254e+20 7.3097e-02 0.0000e+00 4.5524e+04 0.0000e+00
2.1100e+03 1.0657e-11 8.7490e-01 1.3968e+03 2.5980e+03 4.4000e+03 2.5286e+20 1.6375e+20 1.6375e+20 7.2838e-02 0.0000e+00 4.5670e+04 0.0000e+00
2.1200e+03 1.0616e-11 8.7464e-01 1.3964e+03 2.5973e+03 4.4000e+03 2.5519e+20 1.6497e+20 1.6497e+20 7.2580e-02 0.0000e+00 4.5815e+04 0.0000e+00
2.1300e+03 1.0576e-11 8.7437e-01 1.3960e+03 2.5965e+03 4.4000e+03 2.5755e+20 1.6620e+20 1.6620e+20 7.2323e-02 0.0000e+00 4.5961e+04 0.0000e+00
2.1400e+03 1.0535e-11 8.7411e-01 1.3956e+03 2.5958e+03 4.4000e+03 2.5993e+20 1.6744e+20 1.6744e+20 7.2067e-02 0.0000e+00 4.6108e+04 0.0000e+00
2.1500e+03 1.0495e-11 8.7384e-01 1.3952e+03 2.5951e+03 4.4000e+03 2.6233e+20 1.6869e+20 1.6869e+20 7.1812e-02 0.0000e+00 4.6255e+04 0.0000e+00
2.1600e+03 1.0454e-11 8.7358e-01 1.3948e+03 2.5943e+03 4.4000e+03 2.6475e+20 1.6994e+20 1.6994e+20 7.1558e-02 0.0000e+00 4.6403e+04 0.0000e+00
2.1700e+03 1.0414e-11 8.7331e-01 1.3944e+03 2.5936e+03 4.4000e+03 2.6720e+20 1.7120e+20 1.7120e+20 7.1305e-02 0.0000e+00 4.6551e+04 0.0000e+00
2.1800e+03 1.0374e-11 8.7305e-01 1.3940e+03 2.5928e+03 4.4000e+03 2.6967e+20 1.7247e+20 1.7247e+20 7.1053e-02 0.0000e+00 4.6699e+04 0.0000e+00
2.1900e+03 1.0334e-11 8.7278e-01 1.3936e+03 2.5921e+03 4.4000e+03 2.7216e+20 1.7375e+20 1.7375e+20 7.0802e-02 0.0000e+00 4.6848e+04 0.0000e+00
2.2000e+03 1.0295e-11 8.7251e-01 1.3932e+03 2.5914e+03 4.4000e+03 2.7467e+20 1.7504e+20 1.7504e+20 7.0551e-02 0.0000e+00 4.6997e+04 0.0000e+00
2.2100e+03 1.0255e-11 8.7225e-01 1.3928e+03 2.5906e+03 4.4000e+03 2.7721e+20 1.7633e+20 1.7633e+20 7.0302e-02 0.0000e+00 4.7147e+04 0.0000e+00
2.2200e+03 1.0216e-11 8.7198e-01 1.3925e+03 2.5899e+03 4.4000e+03 2.7976e+20 1.7764e+20 1.7764e+20 7.0054e-02 0.0000e+00 4.7298e+04 0.0000e+00
2.2300e+03 1.0177e-11 8.7171e-01 1.3921e+03 2.5892e+03 4.4000e+03 2.8235e+20 1.7895e+20 1.7895e+20 6.9806e-02 0.0000e+00 4.7448e+04 0.0000e+00
2.2400e+03 1.0137e-11 8.7144e-01 1.3917e+03 2.5884e+03 4.4000e+03 2.8495e+20 1.8027e+20 1.8027e+20 6.9559e-02 0.0000e+00 4.7600e+04 0.0000e+00
2.2500e+03 1.0099e-11 8.7117e-01 1.3913e+03 2.5877e+03 4.4000e+03 2.8759e+20 1.8160e+20 1.8160e+20 6.9314e-02 0.0000e+00 4.7751e+04 0.0000e+00
2.2600e+03 1.0060e-11 8.7090e-01 1.3909e+03 2.5870e+03 4.4000e+03 2.9024e+20 1.8294e+20 1.8294e+20 6.9069e-02 0.0000e+00 4.7903e+04 0.0000e+00
2.2700e+03 1.0021e-11 8.7063e-01 1.3905e+03 2.5862e+03 4.4000e+03 2.9292e+20 1.8428e+20 1.8428e+20 6.8825e-02 0.0000e+00 4.8056e+04 0.0000e+00
2.2800e+03 9.9826e-12 8.7036e-01 1.3901e+03 2.5855e+03 4.4000e+03 2.9562e+20 1.8564e+20 1.8564e+20 6.8582e-02 0.0000e+00 4.8209e+04 0.0000e+00
2.2900e+03 9.9443e-12 8.7009e-01 1.3897e+03 2.5848e+03 4.4000e+03 2.9835e+20 1.8700e+20 1.8700e+20 6.8340e-02 0.0000e+00 4.8363e+04 0.0000e+00
2.3000e+03 9.9061e-12 8.6982e-01 1.3893e+03 2.5841e+03 4.4000e+03 3.0111e+20 1.8837e+20 1.8837e+20 6.8099e-02 0.0000e+00 4.8517e+04 0.0000e+00
2.3100e+03 9.8681e-12 8.6955e-01 1.3889e+03 2.5833e+03 4.4000e+03 3.0389e+20 1.8976e+20 1.8976e+20 6.7859e-02 0.0000e+00 4.8671e+04 0.0000e+00
2.3200e+03 9.8302e-12 8.6927e-01 1.3885e+03 2.5826e+03 4.4000e+03 3.0669e+20 1.9115e+20 1.9115e+20 6.7619e-02 0.0000e+00 4.8826e+04 0.0000e+00
2.3300e+03 9.7924e-12 8.6900e-01 1.3881e+03 2.5819e+03 4.4000e+03 3.0952e+20 1.9255e+20 1.9255e+20 6.7381e-02 0.0000e+00 4.8982e+04 0.0000e+00
2.3400e+03 9.7548e-12 8.6873e-01 1.3878e+03 2.5812e+03 4.4000e+03 3.1238e+20 1.9396e+20 1.9396e+20 6.7143e-02 0.0000e+00 4.9138e+04 0.0000e+00
2.3500e+03 9.7174e-12 8.6845e-01 1.3874e+03 2.5804e+03 4.4000e+03 3.1526e+20 1.9537e+20 1.9537e+20 6.6906e-02 0.0000e+00 4.9295e+04 0.0000e+00
2.3600e+03 9.6801e-12 8.6818e-01 1.3870e+03 2.5797e+03 4.4000e+03 3.1817e+20 1.9680e+20 1.9680e+20 6.6670e-02 0.0000e+00 4.9452e+04 0.0000e+00
2.3700e+03 9.6429e-12 8.6791e-01 1.3866e+03 2.5790e+03 4.4000e+03 3.2111e+20 1.9823e+20 1.9823e+20 6.6435e-02 0.0000e+00 4.9609e+04 0.0000e+00
2.3800e+03 9.6059e-12 8.6763e-01 1.3862e+03 2.5783e+03 4.4000e+03 3.2407e+20 1.9968e+20 1.9968e+20 6.6201e-02 0.0000e+00 4.9767e+04 0.0000e+00
2.3900e+03 9.5690e-12 8.6736e-01 1.3858e+03 2.5776e+03 4.4000e+03 3.2707e+20 2.0113e+20 2.0113e+20 6.5968e-02 0.0000e+00 4.9926e+04 0.0000e+00
2.4000e+03 9.5322e-12 8.6708e-01 1.3854e+03 2.5769e+03 4.4000e+03 3.3008e+20 2.0260e+20 2.0260e+20 6.5736e-02 0.0000e+00 5.0085e+04 0.0000e+00
2.4100e+03 9.4956e-12 8.6681e-01 1.3851e+03 2.5761e+03 4.4000e+03 3.3313e+20 2.0407e+20 2.0407e+20 6.5504e-02 0.0000e+00 5.0244e+04 0.0000e+00
2.4200e+03 9.4592e-12 8.6653e-01 1.3847e+03 2.5754e+03 4.4000e+03 3.3621e+20 2.0555e+20 2.0555e+20 6.5273e-02 0.0000e+00 5.0404e+04 0.0000e+00
2.4300e+03 9.4228e-12 8.6625e-01 1.3843e+03 2.5747e+03 4.4000e+03 3.3931e+20 2.0704e+20 2.0704e+20 6.5043e-02 0.0000e+00 5.0565e+04 0.0000e+00
2.4400e+03 9.3867e-12 8.6598e-01 1.3839e+03 2.5740e+03 4.4000e+03 3.4244e+20 2.0854e+20 2.0854e+20 6.4814e-02 0.0000e+00 5.0726e+04 0.0000e+00
2.4500e+03 9.3506e-12 8.6570e-01 1.3835e+03 2.5733e+03 4.4000e+03 3.4560e+20 2.1005e+20 2.1005e+20 6.4586e-02 0.0000e+00 5.0887e+04 0.0000e+00
2.4600e+03 9.3147e-12 8.6542e-01 1.3831e+03 2.5726e+03 4.4000e+03 3.4879e+20 2.1157e+20 2.1157e+20 6.4359e-02 0.0000e+00 5.1049e+04 0.0000e+00
2.4700e+03 9.2789e-12 8.6514e-01 1.3828e+03 2.5719e+03 4.4000e+03 3.5201e+20 2.1310e+20 2.1310e+20 6.4132e-02 0.0000e+00 5.1212e+04 0.0000e+00
2.4800e+03 9.2433e-12 8.6487e-01 1.3824e+03 2.5712e+03 4.4000e+03 3.5526e+20 2.1464e+20 2.1464e+20 6.3906e-02 0.0000e+00 5.1375e+04 0.0000e+00
2.4900e+03 9.2078e-12 8.6459e-01 1.3820e+03 2.5705e+03 4.4000e+03 3.5854e+20 2.1619e+20 2.1619e+20 6.3681e-02 0.0000e+00 5.1538e+04 0.0000e+00
2.5000e+03 9.1725e-12 8.6431e-01 1.3816e+03 2.5698e+03 4.4000e+03 3.6185e+20 2.1775e+20 2.1775e+20 6.3457e-02 0.0000e+00 5.1702e+04 0.0000e+00
2.5100e+03 9.1372e-12 8.6403e-01 1.3813e+03 2.5691e+03 4.4000e+03 3.6519e+20 2.1932e+20 2.1932e+20 6.3234e-02 0.0000e+00 5.1867e+04 0.0000e+00
2.5200e+03 9.1022e-12 8.6375e-01 1.3809e+03 2.5684e+03 4.4000e+03 3.6856e+20 2.2090e+20 2.2090e+20 6.3012e-02 0.0000e+00 5.2032e+04 0.0000e+00
2.5300e+03 9.0672e-12 8.6347e-01 1.3805e+03 2.5677e+03 4.4000e+03 3.7197e+20 2.2249e+20 2.2249e+20 6.2790e-02 0.0000e+00 5.2198e+04 0.0000e+00
2.5400e+03 9.0324e-12 8.6319e-01 1.3801e+03 2.5670e+03 4.4000e+03 3.7540e+20 2.2408e+20 2.2408e+20 6.2569e-02 0.0000e+00 5.2364e+04 0.0000e+00
2.5500e+03 8.9977e-12 8.6291e-01 1.3797e+03 2.5663e+03 4.4000e+03 3.7887e+20 2.2569e+20 2.2569e+20 6.2349e-02 0.0000e+00 5.2530e+04 0.0000e+00
2.5600e+03 8.9631e-12 8.6263e-01 1.3794e+03 2.5656e+03 4.4000e+03 3.8236e+20 2.2731e+20 2.2731e+20 6.2130e-02 0.0000e+00 5.2698e+04 0.0000e+00
2.5700e+03 8.9287e-12 8.6235e-01 1.3790e+03 2.5649e+03 4.4000e+03 3.8589e+20 2.2894e+20 2.2894e+20 6.1911e-02 0.0000e+00 5.2865e+04 0.0000e+00
2.5800e+03 8.8944e-12 8.6207e-01 1.3786e+03 2.5642e+03 4.4000e+03 3.8946e+20 2.3058e+20 2.3058e+20 6.1694e-02 0.0000e+00 5.3034e+04 0.0000e+00
2.5900e+03 8.8603e-12 8.6179e-01 1.3782e+03 2.5635e+03 4.4000e+03 3.9305e+20 2.3223e+20 2.3223e+20 6.1477e-02 0.0000e+00 5.3203e+04 0.0000e+00
2.6000e+03 8.8263e-12 8.6151e-01 1.3779e+03 2.5628e+03 4.4000e+03 3.9668e+20 2.3388e+20 2.3388e+20 6.1261e-02 0.0000e+00 5.3372e+04 0.0000e+00
2.6100e+03 8.7924e-12 8.6122e-01 1.3775e+03 2.5621e+03 4.4000e+03 4.0035e+20 2.3555e+20 2.3555e+20 6.1046e-02 0.0000e+00 5.3542e+04 0.0000e+00
2.6200e+03 8.7586e-12 8.6094e-01 1.3771e+03 2.5614e+03 4.4000e+03 4.0404e+20 2.3723e+20 2.3723e+20 6.0831e-02 0.0000e+00 5.3712e+04 0.0000e+00
2.6300e+03 8.7250e-12 8.6066e-01 1.3768e+03 2.5607e+03 4.4000e+03 4.0777e+20 2.3892e+20 2.3892e+20 6.0617e-02 0.0000e+00 5.3883e+04 0.0000e+00
2.6400e+03 8.6915e-12 8.6038e-01 1.3764e+03 2.5600e+03 4.4000e+03 4.1154e+20 2.4062e+20 2.4062e+20 6.0405e-02 0.0000e+00 5.4055e+04 0.0000e+00
2.6500e+03 8.6581e-12 8.6009e-01 1.3760e+03 2.5593e+03 4.4000e+03 4.1534e+20 2.4233e+20 2.4233e+20 6.0192e-02 0.0000e+00 5.4227e+04 0.0000e+00
2.6600e+03 8.6248e-12 8.5981e-01 1.3756e+03 2.5586e+03 4.4000e+03 4.1918e+20 2.4405e+20 2.4405e+20 5.9981e-02 0.0000e+00 5.4399e+04 0.0000e+00
2.6700e+03 8.5917e-12 8.5953e-01 1.3753e+03 2.5579e+03 4.4000e+03 4.2305e+20 2.4579e+20 2.4579e+20 5.9770e-02 0.0000e+00 5.4573e+04 0.0000e+00
2.6800e+03 8.5587e-12 8.5924e-01 1.3749e+03 2.5572e+03 4.4000e+03 4.2696e+20 2.4753e+20 2.4753e+20 5.9560e-02 0.0000e+00 5.4746e+04 0.0000e+00
2.6900e+03 8.5259e-12 8.5896e-01 1.3745e+03 2.5566e+03 4.4000e+03 4.3090e+20 2.4928e+20 2.4928e+20 5.9351e-02 0.0000e+00 5.4920e+04 0.0000e+00
2.7000e+03 8.4931e-12 8.5868e-01 1.3742e+03 2.5559e+03 4.4000e+03 4.3488e+20 2.5104e+20 2.5104e+20 5.9143e-02 0.0000e+00 5.5095e+04 0.0000e+00
2.7100e+03 8.4605e-12 8.5839e-01 1.3738e+03 2.5552e+03 4.4000e+03 4.3890e+20 2.5282e+20 2.5282e+20 5.8935e-02 0.0000e+00 5.5271e+04 0.0000e+00
2.7200e+03 8.4280e-12 8.5811e-01 1.3734e+03 2.5545e+03 4.4000e+03 4.4295e+20 2.5460e+20 2.5460e+20 5.8729e-02 0.0000e+00 5.5447e+04 0.0000e+00
2.7300e+03 8.3957e-12 8.5782e-01 1.3731e+03 2.5538e+03 4.4000e+03 4.4705e+20 2.5640e+20 2.5640e+20 5.8522e-02 0.0000e+00 5.5623e+04 0.0000e+00
2.7400e+03 8.3634e-12 8.5754e-01 1.3727e+03 2.5532e+03 4.4000e+03 4.5118e+20 2.5821e+20 2.5821e+20 5.8317e-02 0.0000e+00 5.5800e+04 0.0000e+00
2.7500e+03 8.3313e-12 8.5725e-01 1.3723e+03 2.5525e+03 4.4000e+03 4.5535e+20 2.6002e+20 2.6002e+20 5.8112e-02 0.0000e+00 5.5978e+04 0.0000e+00
2.7600e+03 8.2993e-12 8.5697e-01 1.3720e+03 2.5518e+03 4.4000e+03 4.5955e+20 2.6185e+20 2.6185e+20 5.7909e-02 0.0000e+00 5.6156e+04 0.0000e+00
2.7700e+03 8.2675e-12 8.5668e-01 1.3716e+03 2.5511e+03 4.4000e+03 4.6380e+20 2.6369e+20 2.6369e+20 5.7705e-02 0.0000e+00 5.6335e+04 0.0000e+00
2.7800e+03 8.2357e-12 8.5640e-01 1.3712e+03 2.5504e+03 4.4000e+03 4.6809e+20 2.6554e+20 2.6554e+20 5.7503e-02 0.0000e+00 5.6514e+04 0.0000e+00
2.7900e+03 8.2041e-12 8.5611e-01 1.3709e+03 2.5498e+03 4.4000e+03 4.7241e+20 2.6740e+20 2.6740e+20 5.7301e-02 0.0000e+00 5.6694e+04 0.0000e+00
2.8000e+03 8.1726e-12 8.5583e-01 1.3705e+03 2.5491e+03 4.4000e+03 4.7678e+20 2.6928e+20 2.6928e+20 5.7100e-02 0.0000e+00 5.6874e+04 0.0000e+00
2.8100e+03 8.1412e-12 8.5554e-01 1.3702e+03 2.5484e+03 4.4000e+03 4.8119e+20 2.7116e+20 2.7116e+20 5.6900e-02 0.0000e+00 5.7056e+04 0.0000e+00
2.8200e+03 8.1099e-12 8.5525e-01 1.3698e+03 2.5477e+03 4.4000e+03 4.8564e+20 2.7306e+20 2.7306e+20 5.6701e-02 0.0000e+00 5.7237e+04 0.0000e+00
2.8300e+03 8.0788e-12 8.5497e-01 1.3694e+03 2.5471e+03 4.4000e+03 4.9013e+20 2.7496e+20 2.7496e+20 5.6502e-02 0.0000e+00 5.7419e+04 0.0000e+00
2.8400e+03 8.0478e-12 8.5468e-01 1.3691e+03 2.5464e+03 4.4000e+03 4.9466e+20 2.7688e+20 2.7688e+20 5.6304e-02 0.0000e+00 5.7602e+04 0.0000e+00
2.8500e+03 8.0169e-12 8.5439e-01 1.3687e+03 2.5457e+03 4.4000e+03 4.9923e+20 2.7881e+20 2.7881e+20 5.6106e-02 0.0000e+00 5.7786e+04 0.0000e+00
2.8600e+03 7.9861e-12 8.5411e-01 1.3684e+03 2.5451e+03 4.4000e+03 5.0385e+20 2.8075e+20 2.8075e+20 5.5910e-02 0.0000e+00 5.7970e+04 0.0000e+00
2.8700e+03 7.9554e-12 8.5382e-01 1.3680e+03 2.5444e+03 4.4000e+03 5.0851e+20 2.8271e+20 2.8271e+20 5.5714e-02 0.0000e+00 5.8154e+04 0.0000e+00
2.8800e+03 7.9249e-12 8.5353e-01 1.3676e+03 2.5437e+03 4.4000e+03 5.1321e+20 2.8467e+20 2.8467e+20 5.5519e-02 0.0000e+00 5.8339e+04 0.0000e+00
2.8900e+03 7.8944e-12 8.5324e-01 1.3673e+03 2.5431e+03 4.4000e+03 5.1796e+20 2.8665e+20 2.8665e+20 5.5324e-02 0.0000e+00 5.8525e+04 0.0000e+00
2.9000e+03 7.8641e-12 8.5296e-01 1.3669e+03 2.5424e+03 4.4000e+03 5.2275e+20 2.8864e+20 2.8864e+20 5.5130e-02 0.0000e+00 5.8712e+04 0.0000e+00
2.9100e+03 7.8339e-12 8.5267e-01 1.3666e+03 2.5417e+03 4.4000e+03 5.2758e+20 2.9063e+20 2.9063e+20 5.4937e-02 0.0000e+00 5.8899e+04 0.0000e+00
2.9200e+03 7.8038e-12 8.5238e-01 1.3662e+03 2.5411e+03 4.4000e+03 5.3247e+20 2.9265e+20 2.9265e+20 5.4744e-02 0.0000e+00 5.9086e+04 0.0000e+00
2.9300e+03 7.7739e-12 8.5209e-01 1.3659e+03 2.5404e+03 4.4000e+03 5.3739e+20 2.9467e+20 2.9467e+20 5.4553e-02 0.0000e+00 5.9274e+04 0.0000e+00
2.9400e+03 7.7440e-12 8.5180e-01 1.3655e+03 2.5398e+03 4.4000e+03 5.4236e+20 2.9670e+20 2.9670e+20 5.4362e-02 0.0000e+00 5.9463e+04 0.0000e+00
2.9500e+03 7.7143e-12 8.5151e-01 1.3651e+03 2.5391e+03 4.4000e+03 5.4738e+20 2.9875e+20 2.9875e+20 5.4171e-02 0.0000e+00 5.9652e+04 0.0000e+00
2.9600e+03 7.6847e-12 8.5123e-01 1.3648e+03 2.5384e+03 4.4000e+03 5.5245e+20 3.0081e+20 3.0081e+20 5.3982e-02 0.0000e+00 5.9842e+04 0.0000e+00
2.9700e+03 7.6551e-12 8.5094e-01 1.3644e+03 2.5378e+03 4.4000e+03 5.5756e+20 3.0288e+20 3.0288e+20 5.3792e-02 0.0000e+00 6.0033e+04 0.0000e+00
2.9800e+03 7.6258e-12 8.5065e-01 1.3641e+03 2.5371e+03 4.4000e+03 5.6272e+20 3.0496e+20 3.0496e+20 5.3604e-02 0.0000e+00 6.0224e+04 0.0000e+00
2.9900e+03 7.5965e-12 8.5036e-01 1.3637e+03 2.5365e+03 4.4000e+03 5.6793e+20 3.0706e+20 3.0706e+20 5.3416e-02 0.0000e+00 6.0416e+04 0.0000e+00
3.0000e+03 7.5673e-12 8.5007e-01 1.3634e+03 2.5358e+03 4.4000e+03 5.7319e+20 3.0916e+20 3.0916e+20 5.3229e-02 0.0000e+00 6.0609e+04 0.0000e+00
3.0100e+03 7.5382e-12 8.4978e-01 1.3630e+03 2.5352e+03 4.4000e+03 5.7850e+20 3.1128e+20 3.1128e+20 5.3043e-02 0.0000e+00 6.0802e+04 0.0000e+00
3.0200e+03 7.5093e-12 8.4949e-01 1.3627e+03 2.5345e+03 4.4000e+03 5.8386e+20 3.1341e+20 3.1341e+20 5.2857e-02 0.0000e+00 6.0995e+04 0.0000e+00
3.0300e+03 7.4805e-12 8.4920e-01 1.3623e+03 2.5339e+03 4.4000e+03 5.8926e+20 3.1556e+20 3.1556e+20 5.2672e-02 0.0000e+00 6.1190e+04 0.0000e+00
3.0400e+03 7.4517e-12 8.4891e-01 1.3620e+03 2.5332e+03 4.4000e+03 5.9472e+20 3.1771e+20 3.1771e+20 5.2488e-02 0.0000e+00 6.1385e+04 0.0000e+00
3.0500e+03 7.4231e-12 8.4862e-01 1.3616e+03 2.5326e+03 4.4000e+03 6.0023e+20 3.1988e+20 3.1988e+20 5.2304e-02 0.0000e+00 6.1580e+04 0.0000e+00
3.0600e+03 7.3946e-12 8.4833e-01 1.3613e+03 2.5319e+03 4.4000e+03 6.0579e+20 3.2206e+20 3.2206e+20 5.2121e-02 0.0000e+00 6.1777e+04 0.0000e+00
3.0700e+03 7.3662e-12 8.4804e-01 1.3609e+03 2.5313e+03 4.4000e+03 6.1140e+20 3.2426e+20 3.2426e+20 5.1939e-02 0.0000e+00 6.1974e+04 0.0000e+00
3.0800e+03 7.3379e-12 8.4775e-01 1.3606e+03 2.5306e+03 4.4000e+03 6.1707e+20 3.2646e+20 3.2646e+20 5.1757e-02 0.0000e+00 6.2171e+04 0.0000e+00
3.0900e+03 7.3098e-12 8.4746e-01 1.3603e+03 2.5300e+03 4.4000e+03 6.2279e+20 3.2868e+20 3.2868e+20 5.1576e-02 0.0000e+00 6.2369e+04 0.0000e+00
3.1000e+03 7.2817e-12 8.4717e-01 1.3599e+03 2.5294e+03 4.4000e+03 6.2856e+20 3.3091e+20 3.3091e+20 5.1395e-02 0.0000e+00 6.2568e+04 0.0000e+00
3.1100e+03 7.2537e-12 8.4688e-01 1.3596e+03 2.5287e+03 4.4000e+03 6.3438e+20 3.3316e+20 3.3316e+20 5.1216e-02 0.0000e+00 6.2768e+04 0.0000e+00
3.1200e+03 7.2259e-12 8.4659e-01 1.3592e+03 2.5281e+03 4.4000e+03 6.4026e+20 3.3541e+20 3.3541e+20 5.1036e-02 0.0000e+00 6.2968e+04 0.0000e+00
3.1300e+03 7.1981e-12 8.4630e-01 1.3589e+03 2.5274e+03 4.4000e+03 6.4620e+20 3.3768e+20 3.3768e+20 5.0858e-02 0.0000e+00 6.3168e+04 0.0000e+00
3.1400e+03 7.1705e-12 8.4601e-01 1.3585e+03 2.5268e+03 4.4000e+03 6.5219e+20 3.3996e+20 3.3996e+20 5.0680e-02 0.0000e+00 6.3370e+04 0.0000e+00
3.1500e+03 7.1429e-12 8.4572e-01 1.3582e+03 2.5262e+03 4.4000e+03 6.5824e+20 3.4226e+20 3.4226e+20 5.0503e-02 0.0000e+00 6.3572e+04 0.0000e+00
3.1600e+03 7.1155e-12 8.4543e-01 1.3578e+03 2.5255e+03 4.4000e+03 6.6435e+20 3.4457e+20 3.4457e+20 5.0326e-02 0.0000e+00 6.3775e+04 0.0000e+00
3.1700e+03 7.0882e-12 8.4514e-01 1.3575e+03 2.5249e+03 4.4000e+03 6.7051e+20 3.4689e+20 3.4689e+20 5.0150e-02 0.0000e+00 6.3978e+04 0.0000e+00
3.1800e+03 7.0610e-12 8.4485e-01 1.3572e+03 2.5242e+03 4.4000e+03 6.7673e+20 3.4922e+20 3.4922e+20 4.9975e-02 0.0000e+00 6.4182e+04 0.0000e+00
3.1900e+03 7.0339e-12 8.4456e-01 1.3568e+03 2.5236e+03 4.4000e+03 6.8301e+20 3.5157e+20 3.5157e+20 4.9800e-02 0.0000e+00 6.4387e+04 0.0000e+00
3.2000e+03 7.0069e-12 8.4427e-01 1.3565e+03 2.5230e+03 4.4000e+03 6.8934e+20 3.5393e+20 3.5393e+20 4.9626e-02 0.0000e+00 6.4592e+04 0.0000e+00
3.2100e+03 6.9799e-12 8.4398e-01 1.3561e+03 2.5223e+03 4.4000e+03 6.9574e+20 3.5630e+20 3.5630e+20 4.9452e-02 0.0000e+00 6.4798e+04 0.0000e+00
3.2200e+03 6.9531e-12 8.4369e-01 1.3558e+03 2.5217e+03 4.4000e+03 7.0220e+20 3.5869e+20 3.5869e+20 4.9279e-02 0.0000e+00 6.5005e+04 0.0000e+00
3.2300e+03 6.9264e-12 8.4340e-01 1.3555e+03 2.5211e+03 4.4000e+03 7.0872e+20 3.6109e+20 3.6109e+20 4.9107e-02 0.0000e+00 6.5212e+04 0.0000e+00
3.2400e+03 6.8998e-12 8.4311e-01 1.3551e+03 2.5205e+03 4.4000e+03 7.1530e+20 3.6350e+20 3.6350e+20 4.8935e-02 0.0000e+00 6.5421e+04 0.0000e+00
3.2500e+03 6.8733e-12 8.4282e-01 1.3548e+03 2.5198e+03 4.4000e+03 7.2194e+20 3.6593e+20 3.6593e+20 4.8764e-02 0.0000e+00 6.5629e+04 0.0000e+00
3.2600e+03 6.8470e-12 8.4253e-01 1.3544e+03 2.5192e+03 4.4000e+03 7.2864e+20 3.6837e+20 3.6837e+20 4.8594e-02 0.0000e+00 6.5839e+04 0.0000e+00
3.2700e+03 6.8207e-12 8.4224e-01 1.3541e+03 2.5186e+03 4.4000e+03 7.3541e+20 3.7082e+20 3.7082e+20 4.8424e-02 0.0000e+00 6.6049e+04 0.0000e+00
3.2800e+03 6.7945e-12 8.4194e-01 1.3538e+03 2.5180e+03 4.4000e+03 7.4224e+20 3.7329e+20 3.7329e+20 4.8254e-02 0.0000e+00 6.6260e+04 0.0000e+00
3.2900e+03 6.7684e-12 8.4165e-01 1.3534e+03 2.5173e+03 4.4000e+03 7.4914e+20 3.7576e+20 3.7576e+20 4.8086e-02 0.0000e+00 6.6471e+04 0.0000e+00
3.3000e+03 6.7424e-12 8.4136e-01 1.3531e+03 2.5167e+03 4.4000e+03 7.5610e+20 3.7826e+20 3.7826e+20 4.7918e-02 0.0000e+00 6.6684e+04 0.0000e+00
3.3100e+03 6.7165e-12 8.4107e-01 1.3528e+03 2.5161e+03 4.4000e+03 7.6313e+20 3.8077e+20 3.8077e+20 4.7750e-02 0.0000e+00 6.6896e+04 0.0000e+00
3.3200e+03 6.6907e-12 8.4078e-01 1.3524e+03 2.5155e+03 4.4000e+03 7.7022e+20 3.8329e+20 3.8329e+20 4.7583e-02 0.0000e+00 6.7110e+04 0.0000e+00
3.3300e+03 6.6650e-12 8.4049e-01 1.3521e+03 2.5148e+03 4.4000e+03 7.7738e+20 3.8582e+20 3.8582e+20 4.7417e-02 0.0000e+00 6.7324e+04 0.0000e+00
3.3400e+03 6.6394e-12 8.4020e-01 1.3518e+03 2.5142e+03 4.4000e+03 7.8461e+20 3.8837e+20 3.8837e+20 4.7251e-02 0.0000e+00 6.7539e+04 0.0000e+00
3.3500e+03 6.6139e-12 8.3991e-01 1.3514e+03 2.5136e+03 4.4000e+03 7.9190e+20 3.9093e+20 3.9093e+20 4.7086e-02 0.0000e+00 6.7755e+04 0.0000e+00
3.3600e+03 6.5885e-12 8.3962e-01 1.3511e+03 2.5130e+03 4.4000e+03 7.9927e+20 3.9351e+20 3.9351e+20 4.6921e-02 0.0000e+00 6.7972e+04 0.0000e+00
3.3700e+03 6.5632e-12 8.3933e-01 1.3508e+03 2.5124e+03 4.4000e+03 8.0670e+20 3.9610e+20 3.9610e+20 4.6757e-02 0.0000e+00 6.8189e+04 0.0000e+00
3.3800e+03 6.5380e-12 8.3904e-01 1.3504e+03 2.5118e+03 4.4000e+03 8.1421e+20 3.9870e+20 3.9870e+20 4.6594e-02 0.0000e+00 6.8407e+04 0.0000e+00
3.3900e+03 6.5129e-12 8.3875e-01 1.3501e+03 2.5112e+03 4.4000e+03 8.2179e+20 4.0132e+20 4.0132e+20 4.6431e-02 0.0000e+00 6.8625e+04 0.0000e+00
3.4000e+03 6.4879e-12 8.3846e-01 1.3498e+03 2.5105e+03 4.4000e+03 8.2943e+20 4.0395e+20 4.0395e+20 4.6269e-02 0.0000e+00 6.8845e+04 0.0000e+00
3.4100e+03 6.4630e-12 8.3817e-01 1.3495e+03 2.5099e+03 4.4000e+03 8.3715e+20 4.0659e+20 4.0659e+20 4.6107e-02 0.0000e+00 6.9065e+04 0.0000e+00
3.4200e+03 6.4382e-12 8.3788e-01 1.3491e+03 2.5093e+03 4.4000e+03 8.4495e+20 4.0925e+20 4.0925e+20 4.5946e-02 0.0000e+00 6.9286e+04 0.0000e+00
3.4300e+03 6.4135e-12 8.3759e-01 1.3488e+03 2.5087e+03 4.4000e+03 8.5282e+20 4.1193e+20 4.1193e+20 4.5785e-02 0.0000e+00 6.9507e+04 0.0000e+00
3.4400e+03 6.3888e-12 8.3730e-01 1.3485e+03 2.5081e+03 4.4000e+03 8.6076e+20 4.1461e+20 4.1461e+20 4.5625e-02 0.0000e+00 6.9729e+04 0.0000e+00
3.4500e+03 6.3643e-12 8.3701e-01 1.3482e+03 2.5075e+03 4.4000e+03 8.6878e+20 4.1731e+20 4.1731e+20 4.5466e-02 0.0000e+00 6.9952e+04 0.0000e+00
3.4600e+03 6.3399e-12 8.3672e-01 1.3478e+03 2.5069e+03 4.4000e+03 8.7687e+20 4.2003e+20 4.2003e+20 4.5307e-02 0.0000e+00 7.0176e+04 0.0000e+00
3.4700e+03 6.3155e-12 8.3643e-01 1.3475e+03 2.5063e+03 4.4000e+03 8.8504e+20 4.2276e+20 4.2276e+20 4.5149e-02 0.0000e+00 7.0401e+04 0.0000e+00
3.4800e+03 6.2913e-12 8.3614e-01 1.3472e+03 2.5057e+03 4.4000e+03 8.9329e+20 4.2551e+20 4.2551e+20 4.4991e-02 0.0000e+00 7.0626e+04 0.0000e+00
3.4900e+03 6.2671e-12 8.3585e-01 1.3469e+03 2.5051e+03 4.4000e+03 9.0162e+20 4.2826e+20 4.2826e+20 4.4834e-02 0.0000e+00 7.0852e+04 0.0000e+00
3.5000e+03 6.2430e-12 8.3556e-01 1.3465e+03 2.5045e+03 4.4000e+03 9.1002e+20 4.3104e+20 4.3104e+20 4.4677e-02 0.0000e+00 7.1079e+04 0.0000e+00
3.5100e+03 6.2191e-12 8.3527e-01 1.3462e+03 2.5039e+03 4.4000e+03 9.1851e+20 4.3383e+20 4.3383e+20 4.4521e-02 0.0000e+00 7.1306e+04 0.0000e+00
3.5200e+03 6.1952e-12 8.3498e-01 1.3459e+03 2.5033e+03 4.4000e+03 9.2708e+20 4.3663e+20 4.3663e+20 4.4365e-02 0.0000e+00 7.1534e+04 0.0000e+00
3.5300e+03 6.1714e-12 8.3469e-01 1.3456e+03 2.5027e+03 4.4000e+03 9.3572e+20 4.3945e+20 4.3945e+20 4.4210e-02 0.0000e+00 7.1764e+04 0.0000e+00
3.5400e+03 6.1477e-12 8.3440e-01 1.3452e+03 2.5021e+03 4.4000e+03 9.4446e+20 4.4228e+20 4.4228e+20 4.4056e-02 0.0000e+00 7.1993e+04 0.0000e+00
3.5500e+03 6.1241e-12 8.3411e-01 1.3449e+03 2.5015e+03 4.4000e+03 9.5327e+20 4.4512e+20 4.4512e+20 4.3902e-02 0.0000e+00 7.2224e+04 0.0000e+00
3.5600e+03 6.1006e-12 8.3382e-01 1.3446e+03 2.5009e+03 4.4000e+03 9.6217e+20 4.4798e+20 4.4798e+20 4.3748e-02 0.0000e+00 7.2455e+04 0.0000e+00
3.5700e+03 6.0771e-12 8.3353e-01 1.3443e+03 2.5003e+03 4.4000e+03 9.7115e+20 4.5086e+20 4.5086e+20 4.3596e-02 0.0000e+00 7.2687e+04 0.0000e+00
3.5800e+03 6.0538e-12 8.3324e-01 1.3440e+03 2.4997e+03 4.4000e+03 9.8022e+20 4.5375e+20 4.5375e+20 4.3443e-02 0.0000e+00 7.2920e+04 0.0000e+00
3.5900e+03 6.0306e-12 8.3296e-01 1.3436e+03 2.4991e+03 4.4000e+03 9.8938e+20 4.5665e+20 4.5665e+20 4.3291e-02 0.0000e+00 7.3154e+04 0.0000e+00
3.6000e+03 6.0074e-12 8.3267e-01 1.3433e+03 2.4985e+03 4.4000e+03 9.9862e+20 4.5957e+20 4.5957e+20 4.3140e-02 0.0000e+00 7.3388e+04 0.0000e+00
3.6100e+03 5.9843e-12 8.3238e-01 1.3430e+03 2.4979e+03 4.4000e+03 1.0080e+21 4.6251e+20 4.6251e+20 4.2989e-02 0.0000e+00 7.3624e+04 0.0000e+00
3.6200e+03 5.9614e-12 8.3209e-01 1.3427e+03 2.4973e+03 4.4000e+03 1.0174e+21 4.6546e+20 4.6546e+20 4.2839e-02 0.0000e+00 7.3860e+04 0.0000e+00
3.6300e+03 5.9385e-12 8.3180e-01 1.3424e+03 2.4968e+03 4.4000e+03 1.0269e+21 4.6842e+20 4.6842e+20 4.2689e-02 0.0000e+00 7.4097e+04 0.0000e+00
3.6400e+03 5.9157e-12 8.3151e-01 1.3421e+03 2.4962e+03 4.4000e+03 1.0365e+21 4.7140e+20 4.7140e+20 4.2540e-02 0.0000e+00 7.4334e+04 0.0000e+00
3.6500e+03 5.8929e-12 8.3123e-01 1.3417e+03 2.4956e+03 4.4000e+03 1.0462e+21 4.7439e+20 4.7439e+20 4.2391e-02 0.0000e+00 7.4573e+04 0.0000e+00
3.6600e+03 5.8703e-12 8.3094e-01 1.3414e+03 2.4950e+03 4.4000e+03 1.0560e+21 4.7740e+20 4.7740e+20 4.2243e-02 0.0000e+00 7.4812e+04 0.0000e+00
3.6700e+03 5.8478e-12 8.3065e-01 1.3411e+03 2.4944e+03 4.4000e+03 1.0658e+21 4.8043e+20 4.8043e+20 4.2096e-02 0.0000e+00 7.5052e+04 0.0000e+00
3.6800e+03 5.8253e-12 8.3037e-01 1.3408e+03 2.4938e+03 4.4000e+03 1.0758e+21 4.8347e+20 4.8347e+20 4.1948e-02 0.0000e+00 7.5293e+04 0.0000e+00
3.6900e+03 5.8029e-12 8.3008e-01 1.3405e+03 2.4932e+03 4.4000e+03 1.0859e+21 4.8652e+20 4.8652e+20 4.1802e-02 0.0000e+00 7.5535e+04 0.0000e+00
3.7000e+03 5.7807e-12 8.2979e-01 1.3402e+03 2.4927e+03 4.4000e+03 1.0961e+21 4.8959e+20 4.8959e+20 4.1656e-02 0.0000e+00 7.5777e+04 0.0000e+00
3.7100e+03 5.7585e-12 8.2951e-01 1.3399e+03 2.4921e+03 4.4000e+03 1.1063e+21 4.9268e+20 4.9268e+20 4.1510e-02 0.0000e+00 7.6020e+04 0.0000e+00
3.7200e+03 5.7364e-12 8.2922e-01 1.3396e+03 2.4915e+03 4.4000e+03 1.1167e+21 4.9578e+20 4.9578e+20 4.1365e-02 0.0000e+00 7.6265e+04 0.0000e+00
3.7300e+03 5.7143e-12 8.2893e-01 1.3392e+03 2.4909e+03 4.4000e+03 1.1271e+21 4.9889e+20 4.9889e+20 4.1220e-02 0.0000e+00 7.6510e+04 0.0000e+00
3.7400e+03 5.6924e-12 8.2865e-01 1.3389e+03 2.4904e+03 4.4000e+03 1.1377e+21 5.0202e+20 5.0202e+20 4.1076e-02 0.0000e+00 7.6755e+04 0.0000e+00
3.7500e+03 5.6705e-12 8.2836e-01 1.3386e+03 2.4898e+03 4.4000e+03 1.1484e+21 5.0517e+20 5.0517e+20 4.0932e-02 0.0000e+00 7.7002e+04 0.0000e+00
3.7600e+03 5.6488e-12 8.2808e-01 1.3383e+03 2.4892e+03 4.4000e+03 1.1591e+21 5.0833e+20 5.0833e+20 4.0789e-02 0.0000e+00 7.7250e+04 0.0000e+00
3.7700e+03 5.6271e-12 8.2779e-01 1.3380e+03 2.4886e+03 4.4000e+03 1.1700e+21 5.1150e+20 5.1150e+20 4.0647e-02 0.0000e+00 7.7498e+04 0.0000e+00
3.7800e+03 5.6055e-12 8.2751e-01 1.3377e+03 2.4881e+03 4.4000e+03 1.1810e+21 5.1470e+20 5.1470e+20 4.0505e-02 0.0000e+00 7.7747e+04 0.0000e+00
3.7900e+03 5.5839e-12 8.2722e-01 1.3374e+03 2.4875e+03 4.4000e+03 1.1921e+21 5.1790e+20 5.1790e+20 4.0363e-02 0.0000e+00 7.7997e+04 0.0000e+00
3.8000e+03 5.5625e-12 8.2694e-01 1.3371e+03 2.4869e+03 4.4000e+03 1.2033e+21 5.2113e+20 5.2113e+20 4.0222e-02 0.0000e+00 7.8248e+04 0.0000e+00
3.8100e+03 5.5411e-12 8.2666e-01 1.3368e+03 2.4863e+03 4.4000e+03 1.2146e+21 5.2436e+20 5.2436e+20 4.0081e-02 0.0000e+00 7.8500e+04 0.0000e+00
3.8200e+03 5.5198e-12 8.2637e-01 1.3365e+03 2.4858e+03 4.4000e+03 1.2260e+21 5.2762e+20 5.2762e+20 3.9941e-02 0.0000e+00 7.8752e+04 0.0000e+00
3.8300e+03 5.4987e-12 8.2609e-01 1.3362e+03 2.4852e+03 4.4000e+03 1.2375e+21 5.3089e+20 5.3089e+20 3.9801e-02 0.0000e+00 7.9006e+04 0.0000e+00
3.8400e+03 5.4775e-12 8.2581e-01 1.3359e+03 2.4846e+03 4.4000e+03 1.2491e+21 5.3417e+20 5.3417e+20 3.9662e-02 0.0000e+00 7.9260e+04 0.0000e+00
3.8500e+03 5.4565e-12 8.2552e-01 1.3356e+03 2.4841e+03 4.4000e+03 1.2609e+21 5.3747e+20 5.3747e+20 3.9523e-02 0.0000e+00 7.9516e+04 0.0000e+00
3.8600e+03 5.4355e-12 8.2524e-01 1.3353e+03 2.4835e+03 4.4000e+03 1.2727e+21 5.4079e+20 5.4079e+20 3.9385e-02 0.0000e+00 7.9772e+04 0.0000e+00
3.8700e+03 5.4147e-12 8.2496e-01 1.3350e+03 2.4830e+03 4.4000e+03 1.2847e+21 5.4412e+20 5.4412e+20 3.9247e-02 0.0000e+00 8.0029e+04 0.0000e+00
3.8800e+03 5.3939e-12 8.2468e-01 1.3347e+03 2.4824e+03 4.4000e+03 1.2968e+21 5.4747e+20 5.4747e+20 3.9110e-02 0.0000e+00 8.0287e+04 0.0000e+00
3.8900e+03 5.3732e-12 8.2440e-01 1.3344e+03 2.4818e+03 4.4000e+03 1.3090e+21 5.5083e+20 5.5083e+20 3.8973e-02 0.0000e+00 8.0545e+04 0.0000e+00
3.9000e+03 5.3525e-12 8.2412e-01 1.3341e+03 2.4813e+03 4.4000e+03 1.3213e+21 5.5421e+20 5.5421e+20 3.8836e-02 0.0000e+00 8.0805e+04 0.0000e+00
3.9100e+03 5.3320e-12 8.2383e-01 1.3338e+03 2.4807e+03 4.4000e+03 1.3337e+21 5.5760e+20 5.5760e+20 3.8700e-02 0.0000e+00 8.1066e+04 0.0000e+00
3.9200e+03 5.3115e-12 8.2355e-01 1.3335e+03 2.4802e+03 4.4000e+03 1.3463e+21 5.6102e+20 5.6102e+20 3.8565e-02 0.0000e+00 8.1327e+04 0.0000e+00
3.9300e+03 5.2911e-12 8.2327e-01 1.3332e+03 2.4796e+03 4.4000e+03 1.3590e+21 5.6444e+20 5.6444e+20 3.8430e-02 0.0000e+00 8.1590e+04 0.0000e+00
3.9400e+03 5.2708e-12 8.2299e-01 1.3329e+03 2.4790e+03 4.4000e+03 1.3718e+21 5.6788e+20 5.6788e+20 3.8295e-02 0.0000e+00 8.1853e+04 0.0000e+00
3.9500e+03 5.2506e-12 8.2272e-01 1.3326e+03 2.4785e+03 4.4000e+03 1.3847e+21 5.7134e+20 5.7134e+20 3.8161e-02 0.0000e+00 8.2117e+04 0.0000e+00
3.9600e+03 5.2304e-12 8.2244e-01 1.3323e+03 2.4779e+03 4.4000e+03 1.3978e+21 5.7482e+20 5.7482e+20 3.8027e-02 0.0000e+00 8.2382e+04 0.0000e+00
3.9700e+03 5.2103e-12 8.2216e-01 1.3320e+03 2.4774e+03 4.4000e+03 1.4110e+21 5.7831e+20 5.7831e+20 3.7894e-02 0.0000e+00 8.2648e+04 0.0000e+00
3.9800e+03 5.1903e-12 8.2188e-01 1.3317e+03 2.4768e+03 4.4000e+03 1.4243e+21 5.8181e+20 5.8181e+20 3.7762e-02 0.0000e+00 8.2915e+04 0.0000e+00
3.9900e+03 5.1704e-12 8.2160e-01 1.3314e+03 2.4763e+03 4.4000e+03 1.4377e+21 5.8533e+20 5.8533e+20 3.7629e-02 0.0000e+00 8.3183e+04 0.0000e+00
4.0000e+03 5.1505e-12 8.2133e-01 1.3311e+03 2.4757e+03 4.4000e+03 1.4513e+21 5.8887e+20 5.8887e+20 3.7497e-02 0.0000e+00 8.3452e+04 0.0000e+00
4.0100e+03 5.1307e-12 8.2105e-01 1.3308e+03 2.4752e+03 4.4000e+03 1.4650e+21 5.9242e+20 5.9242e+20 3.7366e-02 0.0000e+00 8.3722e+04 0.0000e+00
4.0200e+03 5.1110e-12 8.2077e-01 1.3305e+03 2.4746e+03 4.4000e+03 1.4789e+21 5.9599e+20 5.9599e+20 3.7235e-02 0.0000e+00 8.3993e+04 0.0000e+00
4.0300e+03 5.0914e-12 8.2050e-01 1.3302e+03 2.4741e+03 4.4000e+03 1.4928e+21 5.9958e+20 5.9958e+20 3.7105e-02 0.0000e+00 8.4264e+04 0.0000e+00
4.0400e+03 5.0719e-12 8.2022e-01 1.3299e+03 2.4736e+03 4.4000e+03 1.5070e+21 6.0318e+20 6.0318e+20 3.6974e-02 0.0000e+00 8.4537e+04 0.0000e+00
4.0500e+03 5.0524e-12 8.1995e-01 1.3296e+03 2.4730e+03 4.4000e+03 1.5212e+21 6.0680e+20 6.0680e+20 3.6845e-02 0.0000e+00 8.4811e+04 0.0000e+00
4.0600e+03 5.0330e-12 8.1967e-01 1.3293e+03 2.4725e+03 4.4000e+03 1.5356e+21 6.1043e+20 6.1043e+20 3.6716e-02 0.0000e+00 8.5085e+04 0.0000e+00
4.0700e+03 5.0137e-12 8.1940e-01 1.3290e+03 2.4719e+03 4.4000e+03 1.5501e+21 6.1408e+20 6.1408e+20 3.6587e-02 0.0000e+00 8.5361e+04 0.0000e+00
4.0800e+03 4.9944e-12 8.1912e-01 1.3287e+03 2.4714e+03 4.4000e+03 1.5648e+21 6.1775e+20 6.1775e+20 3.6459e-02 0.0000e+00 8.5637e+04 0.0000e+00
4.0900e+03 4.9752e-12 8.1885e-01 1.3284e+03 2.4708e+03 4.4000e+03 1.5796e+21 6.2143e+20 6.2143e+20 3.6331e-02 0.0000e+00 8.5915e+04 0.0000e+00
4.1000e+03 4.9561e-12 8.1858e-01 1.3282e+03 2.4703e+03 4.4000e+03 1.5946e+21 6.2513e+20 6.2513e+20 3.6203e-02 0.0000e+00 8.6194e+04 0.0000e+00
4.1100e+03 4.9371e-12 8.1831e-01 1.3279e+03 2.4698e+03 4.4000e+03 1.6097e+21 6.2884e+20 6.2884e+20 3.6076e-02 0.0000e+00 8.6473e+04 0.0000e+00
4.1200e+03 4.9181e-12 8.1803e-01 1.3276e+03 2.4692e+03 4.4000e+03 1.6250e+21 6.3257e+20 6.3257e+20 3.5950e-02 0.0000e+00 8.6753e+04 0.0000e+00
4.1300e+03 4.8992e-12 8.1776e-01 1.3273e+03 2.4687e+03 4.4000e+03 1.6404e+21 6.3632e+20 6.3632e+20 3.5823e-02 0.0000e+00 8.7035e+04 0.0000e+00
4.1400e+03 4.8804e-12 8.1749e-01 1.3270e+03 2.4682e+03 4.4000e+03 1.6560e+21 6.4008e+20 6.4008e+20 3.5698e-02 0.0000e+00 8.7317e+04 0.0000e+00
4.1500e+03 4.8617e-12 8.1722e-01 1.3267e+03 2.4676e+03 4.4000e+03 1.6717e+21 6.4386e+20 6.4386e+20 3.5572e-02 0.0000e+00 8.7601e+04 0.0000e+00
4.1600e+03 4.8430e-12 8.1695e-01 1.3264e+03 2.4671e+03 4.4000e+03 1.6876e+21 6.4766e+20 6.4766e+20 3.5447e-02 0.0000e+00 8.7885e+04 0.0000e+00
4.1700e+03 4.8244e-12 8.1668e-01 1.3262e+03 2.4666e+03 4.4000e+03 1.7036e+21 6.5147e+20 6.5147e+20 3.5323e-02 0.0000e+00 8.8171e+04 0.0000e+00
4.1800e+03 4.8059e-12 8.1642e-01 1.3259e+03 2.4660e+03 4.4000e+03 1.7198e+21 6.5529e+20 6.5529e+20 3.5199e-02 0.0000e+00 8.8458e+04 0.0000e+00
4.1900e+03 4.7874e-12 8.1615e-01 1.3256e+03 2.4655e+03 4.4000e+03 1.7361e+21 6.5914e+20 6.5914e+20 3.5075e-02 0.0000e+00 8.8745e+04 0.0000e+00
4.2000e+03 4.7691e-12 8.1588e-01 1.3253e+03 2.4650e+03 4.4000e+03 1.7527e+21 6.6300e+20 6.6300e+20 3.4952e-02 0.0000e+00 8.9034e+04 0.0000e+00
4.2100e+03 4.7507e-12 8.1561e-01 1.3250e+03 2.4645e+03 4.4000e+03 1.7693e+21 6.6687e+20 6.6687e+20 3.4829e-02 0.0000e+00 8.9323e+04 0.0000e+00
4.2200e+03 4.7325e-12 8.1535e-01 1.3247e+03 2.4639e+03 4.4000e+03 1.7862e+21 6.7077e+20 6.7077e+20 3.4707e-02 0.0000e+00 8.9614e+04 0.0000e+00
4.2300e+03 4.7143e-12 8.1508e-01 1.3245e+03 2.4634e+03 4.4000e+03 1.8032e+21 6.7467e+20 6.7467e+20 3.4585e-02 0.0000e+00 8.9906e+04 0.0000e+00
4.2400e+03 4.6962e-12 8.1482e-01 1.3242e+03 2.4629e+03 4.4000e+03 1.8204e+21 6.7860e+20 6.7860e+20 3.4463e-02 0.0000e+00 9.0199e+04 0.0000e+00
4.2500e+03 4.6782e-12 8.1455e-01 1.3239e+03 2.4624e+03 4.4000e+03 1.8377e+21 6.8254e+20 6.8254e+20 3.4342e-02 0.0000e+00 9.0492e+04 0.0000e+00
4.2600e+03 4.6602e-12 8.1429e-01 1.3236e+03 2.4618e+03 4.4000e+03 1.8553e+21 6.8650e+20 6.8650e+20 3.4221e-02 0.0000e+00 9.0787e+04 0.0000e+00
4.2700e+03 4.6423e-12 8.1403e-01 1.3233e+03 2.4613e+03 4.4000e+03 1.8730e+21 6.9047e+20 6.9047e+20 3.4101e-02 0.0000e+00 9.1083e+04 0.0000e+00
4.2800e+03 4.6245e-12 8.1377e-01 1.3231e+03 2.4608e+03 4.4000e+03 1.8908e+21 6.9446e+20 6.9446e+20 3.3981e-02 0.0000e+00 9.1380e+04 0.0000e+00
4.2900e+03 4.6068e-12 8.1350e-01 1.3228e+03 2.4603e+03 4.4000e+03 1.9089e+21 6.9847e+20 6.9847e+20 3.3861e-02 0.0000e+00 9.1679e+04 0.0000e+00
4.3000e+03 4.5891e-12 8.1324e-01 1.3225e+03 2.4598e+03 4.4000e+03 1.9271e+21 7.0249e+20 7.0249e+20 3.3742e-02 0.0000e+00 9.1978e+04 0.0000e+00
4.3100e+03 4.5714e-12 8.1298e-01 1.3222e+03 2.4593e+03 4.4000e+03 1.9455e+21 7.0653e+20 7.0653e+20 3.3623e-02 0.0000e+00 9.2278e+04 0.0000e+00
4.3200e+03 4.5539e-12 8.1272e-01 1.3219e+03 2.4587e+03 4.4000e+03 1.9641e+21 7.1058e+20 7.1058e+20 3.3505e-02 0.0000e+00 9.2580e+04 0.0000e+00
4.3300e+03 4.5364e-12 8.1247e-01 1.3217e+03 2.4582e+03 4.4000e+03 1.9829e+21 7.1465e+20 7.1465e+20 3.3386e-02 0.0000e+00 9.2882e+04 0.0000e+00
4.3400e+03 4.5190e-12 8.1221e-01 1.3214e+03 2.4577e+03 4.4000e+03 2.0019e+21 7.1874e+20 7.1874e+20 3.3269e-02 0.0000e+00 9.3186e+04 0.0000e+00
4.3500e+03 4.5016e-12 8.1195e-01 1.3211e+03 2.4572e+03 4.4000e+03 2.0211e+21 7.2284e+20 7.2284e+20 3.3152e-02 0.0000e+00 9.3490e+04 0.0000e+00
4.3600e+03 4.4843e-12 8.1170e-01 1.3208e+03 2.4567e+03 4.4000e+03 2.0404e+21 7.2696e+20 7.2696e+20 3.3035e-02 0.0000e+00 9.3796e+04 0.0000e+00
4.3700e+03 4.4671e-12 8.1144e-01 1.3206e+03 2.4562e+03 4.4000e+03 2.0600e+21 7.3110e+20 7.3110e+20 3.2918e-02 0.0000e+00 9.4103e+04 0.0000e+00
4.3800e+03 4.4500e-12 8.1118e-01 1.3203e+03 2.4557e+03 4.4000e+03 2.0798e+21 7.3525e+20 7.3525e+20 3.2802e-02 0.0000e+00 9.4412e+04 0.0000e+00
4.3900e+03 4.4329e-12 8.1093e-01 1.3200e+03 2.4552e+03 4.4000e+03 2.0997e+21 7.3942e+20 7.3942e+20 3.2686e-02 0.0000e+00 9.4721e+04 0.0000e+00
4.4000e+03 4.4159e-12 8.1068e-01 1.3198e+03 2.4547e+03 4.4000e+03 2.1199e+21 7.4360e+20 7.4360e+20 3.2571e-02 0.0000e+00 9.5031e+04 0.0000e+00
4.4100e+03 4.3989e-12 8.1043e-01 1.3195e+03 2.4542e+03 4.4000e+03 2.1402e+21 7.4780e+20 7.4780e+20 3.2456e-02 0.0000e+00 9.5343e+04 0.0000e+00
4.4200e+03 4.3820e-12 8.1017e-01 1.3192e+03 2.4537e+03 4.4000e+03 2.1608e+21 7.5202e+20 7.5202e+20 3.2341e-02 0.0000e+00 9.5656e+04 0.0000e+00
4.4300e+03 4.3652e-12 8.0992e-01 1.3189e+03 2.4532e+03 4.4000e+03 2.1815e+21 7.5625e+20 7.5625e+20 3.2227e-02 0.0000e+00 9.5969e+04 0.0000e+00
4.4400e+03 4.3484e-12 8.0967e-01 1.3187e+03 2.4527e+03 4.4000e+03 2.2025e+21 7.6050e+20 7.6050e+20 3.2113e-02 0.0000e+00 9.6285e+04 0.0000e+00
4.4500e+03 4.3317e-12 8.0942e-01 1.3184e+03 2.4522e+03 4.4000e+03 2.2237e+21 7.6477e+20 7.6477e+20 3.2000e-02 0.0000e+00 9.6601e+04 0.0000e+00
4.4600e+03 4.3151e-12 8.0918e-01 1.3181e+03 2.4517e+03 4.4000e+03 2.2451e+21 7.6905e+20 7.6905e+20 3.1887e-02 0.0000e+00 9.6918e+04 0.0000e+00
4.4700e+03 4.2985e-12 8.0893e-01 1.3179e+03 2.4512e+03 4.4000e+03 2.2668e+21 7.7334e+20 7.7334e+20 3.1774e-02 0.0000e+00 9.7237e+04 0.0000e+00
4.4800e+03 4.2820e-12 8.0868e-01 1.3176e+03 2.4507e+03 4.4000e+03 2.2886e+21 7.7766e+20 7.7766e+20 3.1662e-02 0.0000e+00 9.7557e+04 0.0000e+00
4.4900e+03 4.2656e-12 8.0844e-01 1.3173e+03 2.4502e+03 4.4000e+03 2.3107e+21 7.8198e+20 7.8198e+20 3.1550e-02 0.0000e+00 9.7878e+04 0.0000e+00
4.5000e+03 4.2492e-12 8.0819e-01 1.3171e+03 2.4497e+03 4.4000e+03 2.3330e+21 7.8633e+20 7.8633e+20 3.1438e-02 0.0000e+00 9.8200e+04 0.0000e+00
4.5100e+03 4.2329e-12 8.0795e-01 1.3168e+03 2.4492e+03 4.4000e+03 2.3555e+21 7.9069e+20 7.9069e+20 3.1327e-02 0.0000e+00 9.8523e+04 0.0000e+00
4.5200e+03 4.2166e-12 8.0771e-01 1.3165e+03 2.4487e+03 4.4000e+03 2.3783e+21 7.9507e+20 7.9507e+20 3.1216e-02 0.0000e+00 9.8848e+04 0.0000e+00
4.5300e+03 4.2004e-12 8.0747e-01 1.3163e+03 2.4482e+03 4.4000e+03 2.4012e+21 7.9946e+20 7.9946e+20 3.1105e-02 0.0000e+00 9.9174e+04 0.0000e+00
4.5400e+03 4.1843e-12 8.0723e-01 1.3160e+03 2.4477e+03 4.4000e+03 2.4245e+21 8.0387e+20 8.0387e+20 3.0995e-02 0.0000e+00 9.9501e+04 0.0000e+00
4.5500e+03 0.0000e+00 0.0000e+00 1.3158e+03 0.0000e+00 4.4000e+03 0.0000e+00 0.0000e+00 0.0000e+00 0.0000e+00 0.0000e+00 0.0000e+00 0.0000e+00
