0.0000e+00 2.4000e-11 1.9437e-01 1.7000e+03 2.7670e+03 4.4000e+03 2.4633e+18 8.3065e+17 8.3065e+17 4.5503e-01 0.0000e+00 9.3093e+03 0.0000e+00
1.0000e+01 2.3908e-11 1.9423e-01 1.6739e+03 2.7244e+03 4.4000e+03 2.3077e+18 1.1464e+18 1.1464e+18 4.5359e-01 0.0000e+00 9.1660e+03 0.0000e+00
2.0000e+01 2.3816e-11 2.2234e-01 1.6478e+03 2.6820e+03 4.4000e+03 3.2455e+18 1.5968e+18 1.5968e+18 3.9473e-01 0.0000e+00 1.0335e+04 0.0000e+00
3.0000e+01 2.3725e-11 2.5080e-01 1.6259e+03 2.6464e+03 4.4000e+03 4.4162e+18 2.1266e+18 2.1266e+18 3.4859e-01 0.0000e+00 1.1514e+04 0.0000e+00
4.0000e+01 2.3633e-11 2.7858e-01 1.6073e+03 2.6161e+03 4.4000e+03 5.7885e+18 2.7303e+18 2.7303e+18 3.1263e-01 0.0000e+00 1.2660e+04 0.0000e+00
5.0000e+01 2.3543e-11 3.0559e-01 1.5912e+03 2.5899e+03 4.4000e+03 7.3594e+18 3.4040e+18 3.4040e+18 2.8390e-01 0.0000e+00 1.3771e+04 0.0000e+00
6.0000e+01 2.3452e-11 3.3180e-01 1.5771e+03 2.5670e+03 4.4000e+03 9.1250e+18 4.1429e+18 4.1429e+18 2.6047e-01 0.0000e+00 1.4848e+04 0.0000e+00
7.0000e+01 2.3362e-11 3.5720e-01 1.5647e+03 2.5468e+03 4.4000e+03 1.1079e+19 4.9419e+18 4.9419e+18 2.4102e-01 0.0000e+00 1.5891e+04 0.0000e+00
8.0000e+01 2.3273e-11 3.8176e-01 1.5537e+03 2.5288e+03 4.4000e+03 1.3215e+19 5.7957e+18 5.7957e+18 2.2465e-01 0.0000e+00 1.6902e+04 0.0000e+00
9.0000e+01 2.3183e-11 4.0548e-01 1.5438e+03 2.5127e+03 4.4000e+03 1.5523e+19 6.6988e+18 6.6988e+18 2.1069e-01 0.0000e+00 1.7881e+04 0.0000e+00
1.0000e+02 2.3094e-11 4.2837e-01 1.5348e+03 2.4982e+03 4.4000e+03 1.7994e+19 7.6456e+18 7.6456e+18 1.9867e-01 0.0000e+00 1.8828e+04 0.0000e+00
1.1000e+02 2.3005e-11 4.5042e-01 1.5267e+03 2.4850e+03 4.4000e+03 2.0617e+19 8.6306e+18 8.6306e+18 1.8822e-01 0.0000e+00 1.9744e+04 0.0000e+00
1.2000e+02 2.2917e-11 4.7164e-01 1.5194e+03 2.4730e+03 4.4000e+03 2.3380e+19 9.6488e+18 9.6488e+18 1.7906e-01 0.0000e+00 2.0630e+04 0.0000e+00
1.3000e+02 2.2829e-11 4.9205e-01 1.5126e+03 2.4620e+03 4.4000e+03 2.6272e+19 1.0695e+19 1.0695e+19 1.7097e-01 0.0000e+00 2.1488e+04 0.0000e+00
1.4000e+02 2.2741e-11 5.1165e-01 1.5064e+03 2.4519e+03 4.4000e+03 2.9282e+19 1.1765e+19 1.1765e+19 1.6379e-01 0.0000e+00 2.2317e+04 0.0000e+00
1.5000e+02 2.2654e-11 5.3047e-01 1.5007e+03 2.4426e+03 4.4000e+03 3.2399e+19 1.2853e+19 1.2853e+19 1.5737e-01 0.0000e+00 2.3118e+04 0.0000e+00
1.6000e+02 2.2567e-11 5.4852e-01 1.4954e+03 2.4340e+03 4.4000e+03 3.5610e+19 1.3956e+19 1.3956e+19 1.5161e-01 0.0000e+00 2.3892e+04 0.0000e+00
1.7000e+02 2.2480e-11 5.6582e-01 1.4906e+03 2.4261e+03 4.4000e+03 3.8905e+19 1.5070e+19 1.5070e+19 1.4641e-01 0.0000e+00 2.4641e+04 0.0000e+00
1.8000e+02 2.2394e-11 5.8239e-01 1.4860e+03 2.4187e+03 4.4000e+03 4.2274e+19 1.6191e+19 1.6191e+19 1.4170e-01 0.0000e+00 2.5364e+04 0.0000e+00
1.9000e+02 2.2308e-11 5.9826e-01 1.4818e+03 2.4119e+03 4.4000e+03 4.5706e+19 1.7317e+19 1.7317e+19 1.3741e-01 0.0000e+00 2.6064e+04 0.0000e+00
2.0000e+02 2.2223e-11 6.1344e-01 1.4779e+03 2.4054e+03 4.4000e+03 4.9191e+19 1.8443e+19 1.8443e+19 1.3350e-01 0.0000e+00 2.6739e+04 0.0000e+00
2.1000e+02 2.2137e-11 6.2795e-01 1.4742e+03 2.3995e+03 4.4000e+03 5.2722e+19 1.9569e+19 1.9569e+19 1.2991e-01 0.0000e+00 2.7393e+04 0.0000e+00
2.2000e+02 2.2052e-11 6.4182e-01 1.4707e+03 2.3938e+03 4.4000e+03 5.6288e+19 2.0691e+19 2.0691e+19 1.2661e-01 0.0000e+00 2.8024e+04 0.0000e+00
2.3000e+02 2.1967e-11 6.5508e-01 1.4675e+03 2.3886e+03 4.4000e+03 5.9883e+19 2.1807e+19 2.1807e+19 1.2358e-01 0.0000e+00 2.8634e+04 0.0000e+00
2.4000e+02 2.1883e-11 6.6773e-01 1.4645e+03 2.3836e+03 4.4000e+03 6.3498e+19 2.2916e+19 2.2916e+19 1.2077e-01 0.0000e+00 2.9225e+04 0.0000e+00
2.5000e+02 2.1799e-11 6.7981e-01 1.4616e+03 2.3790e+03 4.4000e+03 6.7128e+19 2.4015e+19 2.4015e+19 1.1817e-01 0.0000e+00 2.9796e+04 0.0000e+00
2.6000e+02 2.1715e-11 6.9134e-01 1.4589e+03 2.3746e+03 4.4000e+03 7.0767e+19 2.5105e+19 2.5105e+19 1.1575e-01 0.0000e+00 3.0348e+04 0.0000e+00
2.7000e+02 2.1632e-11 7.0234e-01 1.4564e+03 2.3704e+03 4.4000e+03 7.4407e+19 2.6183e+19 2.6183e+19 1.1350e-01 0.0000e+00 3.0882e+04 0.0000e+00
2.8000e+02 2.1549e-11 7.1282e-01 1.4540e+03 2.3665e+03 4.4000e+03 7.8046e+19 2.7249e+19 2.7249e+19 1.1140e-01 0.0000e+00 3.1399e+04 0.0000e+00
2.9000e+02 2.1466e-11 7.2282e-01 1.4517e+03 2.3628e+03 4.4000e+03 8.1677e+19 2.8302e+19 2.8302e+19 1.0944e-01 0.0000e+00 3.1899e+04 0.0000e+00
3.0000e+02 2.1384e-11 7.3234e-01 1.4495e+03 2.3593e+03 4.4000e+03 8.5298e+19 2.9341e+19 2.9341e+19 1.0760e-01 0.0000e+00 3.2384e+04 0.0000e+00
3.1000e+02 2.1302e-11 7.4142e-01 1.4475e+03 2.3559e+03 4.4000e+03 8.8904e+19 3.0365e+19 3.0365e+19 1.0588e-01 0.0000e+00 3.2853e+04 0.0000e+00
3.2000e+02 2.1220e-11 7.5006e-01 1.4455e+03 2.3528e+03 4.4000e+03 9.2493e+19 3.1375e+19 3.1375e+19 1.0425e-01 0.0000e+00 3.3308e+04 0.0000e+00
3.3000e+02 2.1138e-11 7.5829e-01 1.4436e+03 2.3497e+03 4.4000e+03 9.6062e+19 3.2370e+19 3.2370e+19 1.0273e-01 0.0000e+00 3.3749e+04 0.0000e+00
3.4000e+02 2.1057e-11 7.6613e-01 1.4419e+03 2.3469e+03 4.4000e+03 9.9609e+19 3.3351e+19 3.3351e+19 1.0128e-01 0.0000e+00 3.4177e+04 0.0000e+00
3.5000e+02 2.0976e-11 7.7359e-01 1.4402e+03 2.3441e+03 4.4000e+03 1.0313e+20 3.4316e+19 3.4316e+19 9.9923e-02 0.0000e+00 3.4592e+04 0.0000e+00
3.6000e+02 2.0896e-11 7.8069e-01 1.4386e+03 2.3415e+03 4.4000e+03 1.0663e+20 3.5266e+19 3.5266e+19 9.8634e-02 0.0000e+00 3.4995e+04 0.0000e+00
3.7000e+02 2.0816e-11 7.8744e-01 1.4370e+03 2.3390e+03 4.4000e+03 1.1010e+20 3.6201e+19 3.6201e+19 9.7413e-02 0.0000e+00 3.5387e+04 0.0000e+00
3.8000e+02 2.0736e-11 7.9387e-01 1.4356e+03 2.3366e+03 4.4000e+03 1.1354e+20 3.7121e+19 3.7121e+19 9.6253e-02 0.0000e+00 3.5767e+04 0.0000e+00
3.9000e+02 2.0656e-11 7.9998e-01 1.4341e+03 2.3343e+03 4.4000e+03 1.1695e+20 3.8026e+19 3.8026e+19 9.5151e-02 0.0000e+00 3.6136e+04 0.0000e+00
4.0000e+02 2.0577e-11 8.0579e-01 1.4328e+03 2.3321e+03 4.4000e+03 1.2033e+20 3.8917e+19 3.8917e+19 9.4102e-02 0.0000e+00 3.6496e+04 0.0000e+00
4.1000e+02 2.0498e-11 8.1132e-01 1.4315e+03 2.3299e+03 4.4000e+03 1.2369e+20 3.9794e+19 3.9794e+19 9.3102e-02 0.0000e+00 3.6846e+04 0.0000e+00
4.2000e+02 2.0419e-11 8.1657e-01 1.4302e+03 2.3279e+03 4.4000e+03 1.2701e+20 4.0657e+19 4.0657e+19 9.2148e-02 0.0000e+00 3.7187e+04 0.0000e+00
4.3000e+02 2.0341e-11 8.2156e-01 1.4290e+03 2.3259e+03 4.4000e+03 1.3031e+20 4.1507e+19 4.1507e+19 9.1236e-02 0.0000e+00 3.7519e+04 0.0000e+00
4.4000e+02 2.0262e-11 8.2631e-01 1.4279e+03 2.3240e+03 4.4000e+03 1.3357e+20 4.2343e+19 4.2343e+19 9.0364e-02 0.0000e+00 3.7842e+04 0.0000e+00
4.5000e+02 2.0185e-11 8.3082e-01 1.4267e+03 2.3222e+03 4.4000e+03 1.3681e+20 4.3167e+19 4.3167e+19 8.9528e-02 0.0000e+00 3.8158e+04 0.0000e+00
4.6000e+02 2.0107e-11 8.3510e-01 1.4257e+03 2.3205e+03 4.4000e+03 1.4002e+20 4.3978e+19 4.3978e+19 8.8727e-02 0.0000e+00 3.8466e+04 0.0000e+00
4.7000e+02 2.0030e-11 8.3918e-01 1.4246e+03 2.3188e+03 4.4000e+03 1.4320e+20 4.4778e+19 4.4778e+19 8.7957e-02 0.0000e+00 3.8767e+04 0.0000e+00
4.8000e+02 1.9953e-11 8.4304e-01 1.4236e+03 2.3171e+03 4.4000e+03 1.4635e+20 4.5566e+19 4.5566e+19 8.7218e-02 0.0000e+00 3.9061e+04 0.0000e+00
4.9000e+02 1.9876e-11 8.4671e-01 1.4226e+03 2.3155e+03 4.4000e+03 1.4948e+20 4.6342e+19 4.6342e+19 8.6506e-02 0.0000e+00 3.9349e+04 0.0000e+00
5.0000e+02 1.9800e-11 8.5020e-01 1.4217e+03 2.3140e+03 4.4000e+03 1.5258e+20 4.7108e+19 4.7108e+19 8.5820e-02 0.0000e+00 3.9630e+04 0.0000e+00
5.1000e+02 1.9724e-11 8.5351e-01 1.4208e+03 2.3125e+03 4.4000e+03 1.5566e+20 4.7864e+19 4.7864e+19 8.5159e-02 0.0000e+00 3.9905e+04 0.0000e+00
5.2000e+02 1.9648e-11 8.5666e-01 1.4199e+03 2.3111e+03 4.4000e+03 1.5871e+20 4.8610e+19 4.8610e+19 8.4521e-02 0.0000e+00 4.0175e+04 0.0000e+00
5.3000e+02 1.9573e-11 8.5964e-01 1.4190e+03 2.3096e+03 4.4000e+03 1.6174e+20 4.9346e+19 4.9346e+19 8.3904e-02 0.0000e+00 4.0440e+04 0.0000e+00
5.4000e+02 1.9498e-11 8.6247e-01 1.4182e+03 2.3083e+03 4.4000e+03 1.6475e+20 5.0074e+19 5.0074e+19 8.3307e-02 0.0000e+00 4.0699e+04 0.0000e+00
5.5000e+02 1.9423e-11 8.6516e-01 1.4174e+03 2.3070e+03 4.4000e+03 1.6774e+20 5.0793e+19 5.0793e+19 8.2730e-02 0.0000e+00 4.0954e+04 0.0000e+00
5.6000e+02 1.9348e-11 8.6771e-01 1.4166e+03 2.3057e+03 4.4000e+03 1.7071e+20 5.1503e+19 5.1503e+19 8.2170e-02 0.0000e+00 4.1204e+04 0.0000e+00
5.7000e+02 1.9274e-11 8.7013e-01 1.4158e+03 2.3044e+03 4.4000e+03 1.7366e+20 5.2206e+19 5.2206e+19 8.1627e-02 0.0000e+00 4.1449e+04 0.0000e+00
5.8000e+02 1.9200e-11 8.7243e-01 1.4150e+03 2.3032e+03 4.4000e+03 1.7660e+20 5.2902e+19 5.2902e+19 8.1099e-02 0.0000e+00 4.1691e+04 0.0000e+00
5.9000e+02 1.9126e-11 8.7460e-01 1.4143e+03 2.3020e+03 4.4000e+03 1.7952e+20 5.3590e+19 5.3590e+19 8.0587e-02 0.0000e+00 4.1929e+04 0.0000e+00
6.0000e+02 1.9053e-11 8.7667e-01 1.4136e+03 2.3008e+03 4.4000e+03 1.8242e+20 5.4272e+19 5.4272e+19 8.0088e-02 0.0000e+00 4.2162e+04 0.0000e+00
6.1000e+02 1.8980e-11 8.7862e-01 1.4129e+03 2.2996e+03 4.4000e+03 1.8532e+20 5.4947e+19 5.4947e+19 7.9603e-02 0.0000e+00 4.2393e+04 0.0000e+00
6.2000e+02 1.8907e-11 8.8048e-01 1.4122e+03 2.2985e+03 4.4000e+03 1.8819e+20 5.5616e+19 5.5616e+19 7.9130e-02 0.0000e+00 4.2620e+04 0.0000e+00
6.3000e+02 1.8834e-11 8.8224e-01 1.4115e+03 2.2974e+03 4.4000e+03 1.9106e+20 5.6280e+19 5.6280e+19 7.8669e-02 0.0000e+00 4.2844e+04 0.0000e+00
6.4000e+02 1.8762e-11 8.8390e-01 1.4108e+03 2.2963e+03 4.4000e+03 1.9392e+20 5.6939e+19 5.6939e+19 7.8220e-02 0.0000e+00 4.3065e+04 0.0000e+00
6.5000e+02 1.8690e-11 8.8548e-01 1.4102e+03 2.2953e+03 4.4000e+03 1.9677e+20 5.7593e+19 5.7593e+19 7.7780e-02 0.0000e+00 4.3283e+04 0.0000e+00
6.6000e+02 1.8618e-11 8.8697e-01 1.4096e+03 2.2943e+03 4.4000e+03 1.9961e+20 5.8242e+19 5.8242e+19 7.7351e-02 0.0000e+00 4.3499e+04 0.0000e+00
6.7000e+02 1.8546e-11 8.8839e-01 1.4089e+03 2.2932e+03 4.4000e+03 2.0244e+20 5.8886e+19 5.8886e+19 7.6932e-02 0.0000e+00 4.3712e+04 0.0000e+00
6.8000e+02 1.8475e-11 8.8973e-01 1.4083e+03 2.2922e+03 4.4000e+03 2.0527e+20 5.9527e+19 5.9527e+19 7.6521e-02 0.0000e+00 4.3922e+04 0.0000e+00
6.9000e+02 1.8404e-11 8.9099e-01 1.4077e+03 2.2913e+03 4.4000e+03 2.0810e+20 6.0164e+19 6.0164e+19 7.6119e-02 0.0000e+00 4.4131e+04 0.0000e+00
7.0000e+02 1.8334e-11 8.9219e-01 1.4071e+03 2.2903e+03 4.4000e+03 2.1092e+20 6.0797e+19 6.0797e+19 7.5724e-02 0.0000e+00 4.4337e+04 0.0000e+00
7.1000e+02 1.8263e-11 8.9332e-01 1.4066e+03 2.2894e+03 4.4000e+03 2.1373e+20 6.1428e+19 6.1428e+19 7.5338e-02 0.0000e+00 4.4541e+04 0.0000e+00
7.2000e+02 1.8193e-11 8.9440e-01 1.4060e+03 2.2884e+03 4.4000e+03 2.1655e+20 6.2055e+19 6.2055e+19 7.4959e-02 0.0000e+00 4.4744e+04 0.0000e+00
7.3000e+02 1.8123e-11 8.9541e-01 1.4054e+03 2.2875e+03 4.4000e+03 2.1936e+20 6.2680e+19 6.2680e+19 7.4587e-02 0.0000e+00 4.4944e+04 0.0000e+00
7.4000e+02 1.8054e-11 8.9636e-01 1.4049e+03 2.2866e+03 4.4000e+03 2.2218e+20 6.3302e+19 6.3302e+19 7.4221e-02 0.0000e+00 4.5143e+04 0.0000e+00
7.5000e+02 1.7984e-11 8.9727e-01 1.4043e+03 2.2857e+03 4.4000e+03 2.2500e+20 6.3923e+19 6.3923e+19 7.3861e-02 0.0000e+00 4.5341e+04 0.0000e+00
7.6000e+02 1.7915e-11 8.9812e-01 1.4038e+03 2.2848e+03 4.4000e+03 2.2781e+20 6.4541e+19 6.4541e+19 7.3508e-02 0.0000e+00 4.5536e+04 0.0000e+00
7.7000e+02 1.7846e-11 8.9892e-01 1.4032e+03 2.2840e+03 4.4000e+03 2.3064e+20 6.5157e+19 6.5157e+19 7.3160e-02 0.0000e+00 4.5731e+04 0.0000e+00
7.8000e+02 1.7778e-11 8.9968e-01 1.4027e+03 2.2831e+03 4.4000e+03 2.3346e+20 6.5772e+19 6.5772e+19 7.2818e-02 0.0000e+00 4.5924e+04 0.0000e+00
7.9000e+02 1.7710e-11 9.0039e-01 1.4022e+03 2.2823e+03 4.4000e+03 2.3629e+20 6.6386e+19 6.6386e+19 7.2481e-02 0.0000e+00 4.6116e+04 0.0000e+00
8.0000e+02 1.7642e-11 9.0107e-01 1.4017e+03 2.2814e+03 4.4000e+03 2.3913e+20 6.6999e+19 6.6999e+19 7.2149e-02 0.0000e+00 4.6307e+04 0.0000e+00
8.1000e+02 1.7574e-11 9.0170e-01 1.4012e+03 2.2806e+03 4.4000e+03 2.4197e+20 6.7611e+19 6.7611e+19 7.1821e-02 0.0000e+00 4.6497e+04 0.0000e+00
8.2000e+02 1.7506e-11 9.0229e-01 1.4007e+03 2.2798e+03 4.4000e+03 2.4482e+20 6.8222e+19 6.8222e+19 7.1498e-02 0.0000e+00 4.6686e+04 0.0000e+00
8.3000e+02 1.7439e-11 9.0285e-01 1.4002e+03 2.2790e+03 4.4000e+03 2.4768e+20 6.8832e+19 6.8832e+19 7.1180e-02 0.0000e+00 4.6874e+04 0.0000e+00
8.4000e+02 1.7372e-11 9.0337e-01 1.3997e+03 2.2782e+03 4.4000e+03 2.5055e+20 6.9442e+19 6.9442e+19 7.0865e-02 0.0000e+00 4.7061e+04 0.0000e+00
8.5000e+02 1.7306e-11 9.0387e-01 1.3992e+03 2.2774e+03 4.4000e+03 2.5342e+20 7.0052e+19 7.0052e+19 7.0555e-02 0.0000e+00 4.7247e+04 0.0000e+00
8.6000e+02 1.7239e-11 9.0433e-01 1.3987e+03 2.2766e+03 4.4000e+03 2.5631e+20 7.0662e+19 7.0662e+19 7.0248e-02 0.0000e+00 4.7433e+04 0.0000e+00
8.7000e+02 1.7173e-11 9.0476e-01 1.3982e+03 2.2758e+03 4.4000e+03 2.5921e+20 7.1271e+19 7.1271e+19 6.9945e-02 0.0000e+00 4.7618e+04 0.0000e+00
8.8000e+02 1.7107e-11 9.0516e-01 1.3977e+03 2.2750e+03 4.4000e+03 2.6212e+20 7.1882e+19 7.1882e+19 6.9646e-02 0.0000e+00 4.7802e+04 0.0000e+00
8.9000e+02 1.7041e-11 9.0553e-01 1.3973e+03 2.2743e+03 4.4000e+03 2.6504e+20 7.2492e+19 7.2492e+19 6.9349e-02 0.0000e+00 4.7986e+04 0.0000e+00
9.0000e+02 1.6976e-11 9.0588e-01 1.3968e+03 2.2735e+03 4.4000e+03 2.6798e+20 7.3103e+19 7.3103e+19 6.9056e-02 0.0000e+00 4.8169e+04 0.0000e+00
9.1000e+02 1.6911e-11 9.0621e-01 1.3963e+03 2.2727e+03 4.4000e+03 2.7093e+20 7.3715e+19 7.3715e+19 6.8766e-02 0.0000e+00 4.8352e+04 0.0000e+00
9.2000e+02 1.6846e-11 9.0651e-01 1.3959e+03 2.2720e+03 4.4000e+03 2.7389e+20 7.4327e+19 7.4327e+19 6.8480e-02 0.0000e+00 4.8535e+04 0.0000e+00
9.3000e+02 1.6781e-11 9.0679e-01 1.3954e+03 2.2712e+03 4.4000e+03 2.7687e+20 7.4941e+19 7.4941e+19 6.8195e-02 0.0000e+00 4.8717e+04 0.0000e+00
9.4000e+02 1.6717e-11 9.0705e-01 1.3950e+03 2.2705e+03 4.4000e+03 2.7987e+20 7.5555e+19 7.5555e+19 6.7914e-02 0.0000e+00 4.8898e+04 0.0000e+00
9.5000e+02 1.6652e-11 9.0729e-01 1.3945e+03 2.2698e+03 4.4000e+03 2.8288e+20 7.6171e+19 7.6171e+19 6.7636e-02 0.0000e+00 4.9080e+04 0.0000e+00
9.6000e+02 1.6588e-11 9.0751e-01 1.3941e+03 2.2690e+03 4.4000e+03 2.8591e+20 7.6788e+19 7.6788e+19 6.7360e-02 0.0000e+00 4.9261e+04 0.0000e+00
9.7000e+02 1.6525e-11 9.0771e-01 1.3936e+03 2.2683e+03 4.4000e+03 2.8895e+20 7.7406e+19 7.7406e+19 6.7086e-02 0.0000e+00 4.9442e+04 0.0000e+00
9.8000e+02 1.6461e-11 9.0790e-01 1.3932e+03 2.2676e+03 4.4000e+03 2.9202e+20 7.8026e+19 7.8026e+19 6.6815e-02 0.0000e+00 4.9623e+04 0.0000e+00
9.9000e+02 1.6398e-11 9.0806e-01 1.3927e+03 2.2669e+03 4.4000e+03 2.9510e+20 7.8647e+19 7.8647e+19 6.6546e-02 0.0000e+00 4.9804e+04 0.0000e+00
1.0000e+03 1.6335e-11 9.0822e-01 1.3923e+03 2.2662e+03 4.4000e+03 2.9821e+20 7.9270e+19 7.9270e+19 6.6279e-02 0.0000e+00 4.9984e+04 0.0000e+00
1.0100e+03 1.6272e-11 9.0835e-01 1.3919e+03 2.2655e+03 4.4000e+03 3.0133e+20 7.9895e+19 7.9895e+19 6.6015e-02 0.0000e+00 5.0165e+04 0.0000e+00
1.0200e+03 1.6210e-11 9.0847e-01 1.3914e+03 2.2648e+03 4.4000e+03 3.0448e+20 8.0521e+19 8.0521e+19 6.5753e-02 0.0000e+00 5.0345e+04 0.0000e+00
1.0300e+03 1.6148e-11 9.0858e-01 1.3910e+03 2.2641e+03 4.4000e+03 3.0764e+20 8.1150e+19 8.1150e+19 6.5492e-02 0.0000e+00 5.0526e+04 0.0000e+00
1.0400e+03 1.6086e-11 9.0868e-01 1.3906e+03 2.2634e+03 4.4000e+03 3.1083e+20 8.1780e+19 8.1780e+19 6.5234e-02 0.0000e+00 5.0706e+04 0.0000e+00
1.0500e+03 1.6024e-11 9.0876e-01 1.3902e+03 2.2627e+03 4.4000e+03 3.1404e+20 8.2413e+19 8.2413e+19 6.4978e-02 0.0000e+00 5.0887e+04 0.0000e+00
1.0600e+03 1.5962e-11 9.0883e-01 1.3897e+03 2.2620e+03 4.4000e+03 3.1727e+20 8.3048e+19 8.3048e+19 6.4723e-02 0.0000e+00 5.1067e+04 0.0000e+00
1.0700e+03 1.5901e-11 9.0889e-01 1.3893e+03 2.2613e+03 4.4000e+03 3.2053e+20 8.3685e+19 8.3685e+19 6.4470e-02 0.0000e+00 5.1248e+04 0.0000e+00
1.0800e+03 1.5840e-11 9.0894e-01 1.3889e+03 2.2606e+03 4.4000e+03 3.2381e+20 8.4324e+19 8.4324e+19 6.4219e-02 0.0000e+00 5.1428e+04 0.0000e+00
1.0900e+03 1.5779e-11 9.0898e-01 1.3885e+03 2.2600e+03 4.4000e+03 3.2711e+20 8.4966e+19 8.4966e+19 6.3970e-02 0.0000e+00 5.1609e+04 0.0000e+00
1.1000e+03 1.5719e-11 9.0900e-01 1.3881e+03 2.2593e+03 4.4000e+03 3.3044e+20 8.5611e+19 8.5611e+19 6.3722e-02 0.0000e+00 5.1790e+04 0.0000e+00
1.1100e+03 1.5658e-11 9.0902e-01 1.3877e+03 2.2586e+03 4.4000e+03 3.3380e+20 8.6258e+19 8.6258e+19 6.3476e-02 0.0000e+00 5.1971e+04 0.0000e+00
1.1200e+03 1.5598e-11 9.0903e-01 1.3872e+03 2.2579e+03 4.4000e+03 3.3718e+20 8.6907e+19 8.6907e+19 6.3232e-02 0.0000e+00 5.2153e+04 0.0000e+00
1.1300e+03 1.5538e-11 9.0903e-01 1.3868e+03 2.2573e+03 4.4000e+03 3.4058e+20 8.7559e+19 8.7559e+19 6.2989e-02 0.0000e+00 5.2334e+04 0.0000e+00
1.1400e+03 1.5478e-11 9.0903e-01 1.3864e+03 2.2566e+03 4.4000e+03 3.4402e+20 8.8214e+19 8.8214e+19 6.2748e-02 0.0000e+00 5.2516e+04 0.0000e+00
1.1500e+03 1.5419e-11 9.0901e-01 1.3860e+03 2.2559e+03 4.4000e+03 3.4748e+20 8.8872e+19 8.8872e+19 6.2508e-02 0.0000e+00 5.2698e+04 0.0000e+00
1.1600e+03 1.5360e-11 9.0899e-01 1.3856e+03 2.2553e+03 4.4000e+03 3.5097e+20 8.9533e+19 8.9533e+19 6.2269e-02 0.0000e+00 5.2881e+04 0.0000e+00
1.1700e+03 1.5301e-11 9.0896e-01 1.3852e+03 2.2546e+03 4.4000e+03 3.5448e+20 9.0196e+19 9.0196e+19 6.2032e-02 0.0000e+00 5.3063e+04 0.0000e+00
1.1800e+03 1.5242e-11 9.0892e-01 1.3848e+03 2.2540e+03 4.4000e+03 3.5803e+20 9.0863e+19 9.0863e+19 6.1796e-02 0.0000e+00 5.3246e+04 0.0000e+00
1.1900e+03 1.5184e-11 9.0888e-01 1.3844e+03 2.2533e+03 4.4000e+03 3.6160e+20 9.1532e+19 9.1532e+19 6.1562e-02 0.0000e+00 5.3429e+04 0.0000e+00
1.2000e+03 1.5125e-11 9.0883e-01 1.3840e+03 2.2527e+03 4.4000e+03 3.6521e+20 9.2205e+19 9.2205e+19 6.1329e-02 0.0000e+00 5.3613e+04 0.0000e+00
1.2100e+03 1.5067e-11 9.0878e-01 1.3836e+03 2.2520e+03 4.4000e+03 3.6884e+20 9.2880e+19 9.2880e+19 6.1097e-02 0.0000e+00 5.3796e+04 0.0000e+00
1.2200e+03 1.5009e-11 9.0872e-01 1.3832e+03 2.2514e+03 4.4000e+03 3.7251e+20 9.3559e+19 9.3559e+19 6.0867e-02 0.0000e+00 5.3981e+04 0.0000e+00
1.2300e+03 1.4952e-11 9.0865e-01 1.3828e+03 2.2507e+03 4.4000e+03 3.7621e+20 9.4241e+19 9.4241e+19 6.0637e-02 0.0000e+00 5.4165e+04 0.0000e+00
1.2400e+03 1.4894e-11 9.0858e-01 1.3824e+03 2.2501e+03 4.4000e+03 3.7994e+20 9.4927e+19 9.4927e+19 6.0409e-02 0.0000e+00 5.4350e+04 0.0000e+00
1.2500e+03 1.4837e-11 9.0850e-01 1.3820e+03 2.2494e+03 4.4000e+03 3.8370e+20 9.5616e+19 9.5616e+19 6.0182e-02 0.0000e+00 5.4535e+04 0.0000e+00
1.2600e+03 1.4780e-11 9.0842e-01 1.3816e+03 2.2488e+03 4.4000e+03 3.8749e+20 9.6308e+19 9.6308e+19 5.9957e-02 0.0000e+00 5.4721e+04 0.0000e+00
1.2700e+03 1.4723e-11 9.0833e-01 1.3812e+03 2.2482e+03 4.4000e+03 3.9132e+20 9.7003e+19 9.7003e+19 5.9732e-02 0.0000e+00 5.4907e+04 0.0000e+00
1.2800e+03 1.4667e-11 9.0824e-01 1.3808e+03 2.2475e+03 4.4000e+03 3.9518e+20 9.7702e+19 9.7702e+19 5.9509e-02 0.0000e+00 5.5094e+04 0.0000e+00
1.2900e+03 1.4610e-11 9.0815e-01 1.3805e+03 2.2469e+03 4.4000e+03 3.9907e+20 9.8404e+19 9.8404e+19 5.9286e-02 0.0000e+00 5.5280e+04 0.0000e+00
1.3000e+03 1.4554e-11 9.0805e-01 1.3801e+03 2.2463e+03 4.4000e+03 4.0300e+20 9.9110e+19 9.9110e+19 5.9065e-02 0.0000e+00 5.5468e+04 0.0000e+00
1.3100e+03 1.4499e-11 9.0795e-01 1.3797e+03 2.2456e+03 4.4000e+03 4.0696e+20 9.9820e+19 9.9820e+19 5.8845e-02 0.0000e+00 5.5656e+04 0.0000e+00
1.3200e+03 1.4443e-11 9.0784e-01 1.3793e+03 2.2450e+03 4.4000e+03 4.1096e+20 1.0053e+20 1.0053e+20 5.8626e-02 0.0000e+00 5.5844e+04 0.0000e+00
1.3300e+03 1.4387e-11 9.0773e-01 1.3789e+03 2.2444e+03 4.4000e+03 4.1499e+20 1.0125e+20 1.0125e+20 5.8408e-02 0.0000e+00 5.6033e+04 0.0000e+00
1.3400e+03 1.4332e-11 9.0762e-01 1.3785e+03 2.2437e+03 4.4000e+03 4.1906e+20 1.0197e+20 1.0197e+20 5.8191e-02 0.0000e+00 5.6222e+04 0.0000e+00
1.3500e+03 1.4277e-11 9.0750e-01 1.3781e+03 2.2431e+03 4.4000e+03 4.2317e+20 1.0269e+20 1.0269e+20 5.7975e-02 0.0000e+00 5.6411e+04 0.0000e+00
1.3600e+03 1.4222e-11 9.0739e-01 1.3778e+03 2.2425e+03 4.4000e+03 4.2731e+20 1.0342e+20 1.0342e+20 5.7759e-02 0.0000e+00 5.6602e+04 0.0000e+00
1.3700e+03 1.4168e-11 9.0726e-01 1.3774e+03 2.2419e+03 4.4000e+03 4.3150e+20 1.0415e+20 1.0415e+20 5.7545e-02 0.0000e+00 5.6792e+04 0.0000e+00
1.3800e+03 1.4113e-11 9.0714e-01 1.3770e+03 2.2413e+03 4.4000e+03 4.3572e+20 1.0489e+20 1.0489e+20 5.7332e-02 0.0000e+00 5.6983e+04 0.0000e+00
1.3900e+03 1.4059e-11 9.0701e-01 1.3766e+03 2.2406e+03 4.4000e+03 4.3997e+20 1.0563e+20 1.0563e+20 5.7120e-02 0.0000e+00 5.7175e+04 0.0000e+00
1.4000e+03 1.4005e-11 9.0688e-01 1.3762e+03 2.2400e+03 4.4000e+03 4.4427e+20 1.0637e+20 1.0637e+20 5.6909e-02 0.0000e+00 5.7367e+04 0.0000e+00
1.4100e+03 1.3951e-11 9.0675e-01 1.3759e+03 2.2394e+03 4.4000e+03 4.4861e+20 1.0712e+20 1.0712e+20 5.6699e-02 0.0000e+00 5.7560e+04 0.0000e+00
1.4200e+03 1.3898e-11 9.0661e-01 1.3755e+03 2.2388e+03 4.4000e+03 4.5299e+20 1.0787e+20 1.0787e+20 5.6489e-02 0.0000e+00 5.7753e+04 0.0000e+00
1.4300e+03 1.3844e-11 9.0648e-01 1.3751e+03 2.2382e+03 4.4000e+03 4.5740e+20 1.0862e+20 1.0862e+20 5.6281e-02 0.0000e+00 5.7947e+04 0.0000e+00
1.4400e+03 1.3791e-11 9.0634e-01 1.3747e+03 2.2376e+03 4.4000e+03 4.6186e+20 1.0938e+20 1.0938e+20 5.6073e-02 0.0000e+00 5.8142e+04 0.0000e+00
1.4500e+03 1.3738e-11 9.0620e-01 1.3744e+03 2.2370e+03 4.4000e+03 4.6636e+20 1.1015e+20 1.1015e+20 5.5867e-02 0.0000e+00 5.8336e+04 0.0000e+00
1.4600e+03 1.3685e-11 9.0605e-01 1.3740e+03 2.2364e+03 4.4000e+03 4.7090e+20 1.1091e+20 1.1091e+20 5.5661e-02 0.0000e+00 5.8532e+04 0.0000e+00
1.4700e+03 1.3633e-11 9.0591e-01 1.3736e+03 2.2357e+03 4.4000e+03 4.7549e+20 1.1168e+20 1.1168e+20 5.5456e-02 0.0000e+00 5.8728e+04 0.0000e+00
1.4800e+03 1.3581e-11 9.0576e-01 1.3732e+03 2.2351e+03 4.4000e+03 4.8012e+20 1.1246e+20 1.1246e+20 5.5252e-02 0.0000e+00 5.8925e+04 0.0000e+00
1.4900e+03 1.3528e-11 9.0561e-01 1.3729e+03 2.2345e+03 4.4000e+03 4.8479e+20 1.1324e+20 1.1324e+20 5.5049e-02 0.0000e+00 5.9122e+04 0.0000e+00
1.5000e+03 1.3476e-11 9.0546e-01 1.3725e+03 2.2339e+03 4.4000e+03 4.8950e+20 1.1402e+20 1.1402e+20 5.4847e-02 0.0000e+00 5.9320e+04 0.0000e+00
1.5100e+03 1.3425e-11 9.0531e-01 1.3721e+03 2.2333e+03 4.4000e+03 4.9426e+20 1.1481e+20 1.1481e+20 5.4645e-02 0.0000e+00 5.9518e+04 0.0000e+00
1.5200e+03 1.3373e-11 9.0516e-01 1.3718e+03 2.2327e+03 4.4000e+03 4.9907e+20 1.1560e+20 1.1560e+20 5.4445e-02 0.0000e+00 5.9717e+04 0.0000e+00
1.5300e+03 1.3322e-11 9.0500e-01 1.3714e+03 2.2321e+03 4.4000e+03 5.0391e+20 1.1640e+20 1.1640e+20 5.4245e-02 0.0000e+00 5.9917e+04 0.0000e+00
1.5400e+03 1.3271e-11 9.0485e-01 1.3710e+03 2.2315e+03 4.4000e+03 5.0881e+20 1.1720e+20 1.1720e+20 5.4046e-02 0.0000e+00 6.0117e+04 0.0000e+00
1.5500e+03 1.3220e-11 9.0469e-01 1.3707e+03 2.2309e+03 4.4000e+03 5.1375e+20 1.1800e+20 1.1800e+20 5.3848e-02 0.0000e+00 6.0318e+04 0.0000e+00
1.5600e+03 1.3169e-11 9.0453e-01 1.3703e+03 2.2303e+03 4.4000e+03 5.1874e+20 1.1881e+20 1.1881e+20 5.3650e-02 0.0000e+00 6.0519e+04 0.0000e+00
1.5700e+03 1.3118e-11 9.0437e-01 1.3699e+03 2.2297e+03 4.4000e+03 5.2378e+20 1.1963e+20 1.1963e+20 5.3454e-02 0.0000e+00 6.0721e+04 0.0000e+00
1.5800e+03 1.3068e-11 9.0421e-01 1.3696e+03 2.2292e+03 4.4000e+03 5.2886e+20 1.2044e+20 1.2044e+20 5.3258e-02 0.0000e+00 6.0924e+04 0.0000e+00
1.5900e+03 1.3018e-11 9.0405e-01 1.3692e+03 2.2286e+03 4.4000e+03 5.3399e+20 1.2127e+20 1.2127e+20 5.3063e-02 0.0000e+00 6.1127e+04 0.0000e+00
1.6000e+03 1.2968e-11 9.0389e-01 1.3688e+03 2.2280e+03 4.4000e+03 5.3918e+20 1.2209e+20 1.2209e+20 5.2869e-02 0.0000e+00 6.1331e+04 0.0000e+00
1.6100e+03 1.2918e-11 9.0372e-01 1.3685e+03 2.2274e+03 4.4000e+03 5.4441e+20 1.2292e+20 1.2292e+20 5.2675e-02 0.0000e+00 6.1536e+04 0.0000e+00
1.6200e+03 1.2868e-11 9.0356e-01 1.3681e+03 2.2268e+03 4.4000e+03 5.4969e+20 1.2376e+20 1.2376e+20 5.2483e-02 0.0000e+00 6.1741e+04 0.0000e+00
1.6300e+03 1.2819e-11 9.0339e-01 1.3677e+03 2.2262e+03 4.4000e+03 5.5502e+20 1.2460e+20 1.2460e+20 5.2291e-02 0.0000e+00 6.1947e+04 0.0000e+00
1.6400e+03 1.2770e-11 9.0322e-01 1.3674e+03 2.2256e+03 4.4000e+03 5.6041e+20 1.2544e+20 1.2544e+20 5.2100e-02 0.0000e+00 6.2153e+04 0.0000e+00
1.6500e+03 1.2721e-11 9.0306e-01 1.3670e+03 2.2250e+03 4.4000e+03 5.6584e+20 1.2629e+20 1.2629e+20 5.1909e-02 0.0000e+00 6.2361e+04 0.0000e+00
1.6600e+03 1.2672e-11 9.0289e-01 1.3667e+03 2.2244e+03 4.4000e+03 5.7133e+20 1.2715e+20 1.2715e+20 5.1719e-02 0.0000e+00 6.2569e+04 0.0000e+00
1.6700e+03 1.2623e-11 9.0272e-01 1.3663e+03 2.2239e+03 4.4000e+03 5.7687e+20 1.2800e+20 1.2800e+20 5.1531e-02 0.0000e+00 6.2777e+04 0.0000e+00
1.6800e+03 1.2575e-11 9.0255e-01 1.3660e+03 2.2233e+03 4.4000e+03 5.8246e+20 1.2887e+20 1.2887e+20 5.1342e-02 0.0000e+00 6.2986e+04 0.0000e+00
1.6900e+03 1.2526e-11 9.0238e-01 1.3656e+03 2.2227e+03 4.4000e+03 5.8811e+20 1.2973e+20 1.2973e+20 5.1155e-02 0.0000e+00 6.3196e+04 0.0000e+00
1.7000e+03 1.2478e-11 9.0221e-01 1.3652e+03 2.2221e+03 4.4000e+03 5.9381e+20 1.3061e+20 1.3061e+20 5.0968e-02 0.0000e+00 6.3407e+04 0.0000e+00
1.7100e+03 1.2430e-11 9.0203e-01 1.3649e+03 2.2215e+03 4.4000e+03 5.9957e+20 1.3148e+20 1.3148e+20 5.0782e-02 0.0000e+00 6.3618e+04 0.0000e+00
1.7200e+03 1.2383e-11 9.0186e-01 1.3645e+03 2.2210e+03 4.4000e+03 6.0539e+20 1.3236e+20 1.3236e+20 5.0597e-02 0.0000e+00 6.3830e+04 0.0000e+00
1.7300e+03 1.2335e-11 9.0169e-01 1.3642e+03 2.2204e+03 4.4000e+03 6.1126e+20 1.3325e+20 1.3325e+20 5.0412e-02 0.0000e+00 6.4043e+04 0.0000e+00
1.7400e+03 1.2288e-11 9.0152e-01 1.3638e+03 2.2198e+03 4.4000e+03 6.1718e+20 1.3414e+20 1.3414e+20 5.0228e-02 0.0000e+00 6.4256e+04 0.0000e+00
1.7500e+03 1.2241e-11 9.0134e-01 1.3635e+03 2.2192e+03 4.4000e+03 6.2317e+20 1.3504e+20 1.3504e+20 5.0045e-02 0.0000e+00 6.4470e+04 0.0000e+00
1.7600e+03 1.2194e-11 9.0117e-01 1.3631e+03 2.2187e+03 4.4000e+03 6.2921e+20 1.3594e+20 1.3594e+20 4.9862e-02 0.0000e+00 6.4685e+04 0.0000e+00
1.7700e+03 1.2147e-11 9.0099e-01 1.3628e+03 2.2181e+03 4.4000e+03 6.3531e+20 1.3684e+20 1.3684e+20 4.9681e-02 0.0000e+00 6.4901e+04 0.0000e+00
1.7800e+03 1.2100e-11 9.0082e-01 1.3624e+03 2.2175e+03 4.4000e+03 6.4148e+20 1.3775e+20 1.3775e+20 4.9500e-02 0.0000e+00 6.5117e+04 0.0000e+00
1.7900e+03 1.2054e-11 9.0064e-01 1.3621e+03 2.2170e+03 4.4000e+03 6.4770e+20 1.3866e+20 1.3866e+20 4.9319e-02 0.0000e+00 6.5334e+04 0.0000e+00
1.8000e+03 1.2007e-11 9.0046e-01 1.3617e+03 2.2164e+03 4.4000e+03 6.5398e+20 1.3958e+20 1.3958e+20 4.9139e-02 0.0000e+00 6.5551e+04 0.0000e+00
1.8100e+03 1.1961e-11 9.0029e-01 1.3614e+03 2.2158e+03 4.4000e+03 6.6032e+20 1.4051e+20 1.4051e+20 4.8960e-02 0.0000e+00 6.5770e+04 0.0000e+00
1.8200e+03 1.1915e-11 9.0011e-01 1.3610e+03 2.2153e+03 4.4000e+03 6.6673e+20 1.4144e+20 1.4144e+20 4.8782e-02 0.0000e+00 6.5989e+04 0.0000e+00
1.8300e+03 1.1870e-11 8.9993e-01 1.3607e+03 2.2147e+03 4.4000e+03 6.7320e+20 1.4237e+20 1.4237e+20 4.8604e-02 0.0000e+00 6.6209e+04 0.0000e+00
1.8400e+03 1.1824e-11 8.9975e-01 1.3603e+03 2.2141e+03 4.4000e+03 6.7973e+20 1.4331e+20 1.4331e+20 4.8427e-02 0.0000e+00 6.6429e+04 0.0000e+00
1.8500e+03 1.1779e-11 8.9958e-01 1.3600e+03 2.2136e+03 4.4000e+03 6.8632e+20 1.4425e+20 1.4425e+20 4.8251e-02 0.0000e+00 6.6651e+04 0.0000e+00
1.8600e+03 1.1733e-11 8.9940e-01 1.3596e+03 2.2130e+03 4.4000e+03 6.9298e+20 1.4520e+20 1.4520e+20 4.8075e-02 0.0000e+00 6.6873e+04 0.0000e+00
1.8700e+03 1.1688e-11 8.9922e-01 1.3593e+03 2.2124e+03 4.4000e+03 6.9971e+20 1.4615e+20 1.4615e+20 4.7900e-02 0.0000e+00 6.7096e+04 0.0000e+00
1.8800e+03 1.1643e-11 8.9904e-01 1.3589e+03 2.2119e+03 4.4000e+03 7.0650e+20 1.4711e+20 1.4711e+20 4.7725e-02 0.0000e+00 6.7319e+04 0.0000e+00
1.8900e+03 1.1599e-11 8.9886e-01 1.3586e+03 2.2113e+03 4.4000e+03 7.1336e+20 1.4808e+20 1.4808e+20 4.7552e-02 0.0000e+00 6.7544e+04 0.0000e+00
1.9000e+03 1.1554e-11 8.9868e-01 1.3583e+03 2.2108e+03 4.4000e+03 7.2029e+20 1.4904e+20 1.4904e+20 4.7378e-02 0.0000e+00 6.7769e+04 0.0000e+00
1.9100e+03 1.1510e-11 8.9850e-01 1.3579e+03 2.2102e+03 4.4000e+03 7.2728e+20 1.5002e+20 1.5002e+20 4.7206e-02 0.0000e+00 6.7995e+04 0.0000e+00
1.9200e+03 1.1466e-11 8.9832e-01 1.3576e+03 2.2096e+03 4.4000e+03 7.3434e+20 1.5100e+20 1.5100e+20 4.7034e-02 0.0000e+00 6.8221e+04 0.0000e+00
1.9300e+03 1.1422e-11 8.9814e-01 1.3572e+03 2.2091e+03 4.4000e+03 7.4148e+20 1.5198e+20 1.5198e+20 4.6863e-02 0.0000e+00 6.8449e+04 0.0000e+00
1.9400e+03 1.1378e-11 8.9796e-01 1.3569e+03 2.2085e+03 4.4000e+03 7.4868e+20 1.5297e+20 1.5297e+20 4.6692e-02 0.0000e+00 6.8677e+04 0.0000e+00
1.9500e+03 1.1334e-11 8.9778e-01 1.3566e+03 2.2080e+03 4.4000e+03 7.5595e+20 1.5396e+20 1.5396e+20 4.6522e-02 0.0000e+00 6.8906e+04 0.0000e+00
1.9600e+03 1.1291e-11 8.9760e-01 1.3562e+03 2.2074e+03 4.4000e+03 7.6330e+20 1.5496e+20 1.5496e+20 4.6353e-02 0.0000e+00 6.9136e+04 0.0000e+00
1.9700e+03 1.1247e-11 8.9742e-01 1.3559e+03 2.2069e+03 4.4000e+03 7.7072e+20 1.5596e+20 1.5596e+20 4.6184e-02 0.0000e+00 6.9366e+04 0.0000e+00
1.9800e+03 1.1204e-11 8.9724e-01 1.3555e+03 2.2063e+03 4.4000e+03 7.7821e+20 1.5697e+20 1.5697e+20 4.6016e-02 0.0000e+00 6.9598e+04 0.0000e+00
1.9900e+03 1.1161e-11 8.9706e-01 1.3552e+03 2.2058e+03 4.4000e+03 7.8578e+20 1.5798e+20 1.5798e+20 4.5849e-02 0.0000e+00 6.9830e+04 0.0000e+00
2.0000e+03 1.1118e-11 8.9688e-01 1.3549e+03 2.2052e+03 4.4000e+03 7.9342e+20 1.5900e+20 1.5900e+20 4.5682e-02 0.0000e+00 7.0063e+04 0.0000e+00
2.0100e+03 1.1075e-11 8.9670e-01 1.3545e+03 2.2047e+03 4.4000e+03 8.0113e+20 1.6003e+20 1.6003e+20 4.5515e-02 0.0000e+00 7.0297e+04 0.0000e+00
2.0200e+03 1.1033e-11 8.9652e-01 1.3542e+03 2.2041e+03 4.4000e+03 8.0893e+20 1.6106e+20 1.6106e+20 4.5350e-02 0.0000e+00 7.0531e+04 0.0000e+00
2.0300e+03 1.0991e-11 8.9634e-01 1.3539e+03 2.2036e+03 4.4000e+03 8.1680e+20 1.6209e+20 1.6209e+20 4.5185e-02 0.0000e+00 7.0767e+04 0.0000e+00
2.0400e+03 1.0948e-11 8.9616e-01 1.3535e+03 2.2031e+03 4.4000e+03 8.2474e+20 1.6313e+20 1.6313e+20 4.5020e-02 0.0000e+00 7.1003e+04 0.0000e+00
2.0500e+03 1.0906e-11 8.9598e-01 1.3532e+03 2.2025e+03 4.4000e+03 8.3277e+20 1.6417e+20 1.6417e+20 4.4857e-02 0.0000e+00 7.1240e+04 0.0000e+00
2.0600e+03 1.0864e-11 8.9580e-01 1.3529e+03 2.2020e+03 4.4000e+03 8.4088e+20 1.6522e+20 1.6522e+20 4.4693e-02 0.0000e+00 7.1478e+04 0.0000e+00
2.0700e+03 1.0823e-11 8.9562e-01 1.3525e+03 2.2014e+03 4.4000e+03 8.4907e+20 1.6628e+20 1.6628e+20 4.4531e-02 0.0000e+00 7.1716e+04 0.0000e+00
2.0800e+03 1.0781e-11 8.9544e-01 1.3522e+03 2.2009e+03 4.4000e+03 8.5733e+20 1.6734e+20 1.6734e+20 4.4369e-02 0.0000e+00 7.1956e+04 0.0000e+00
2.0900e+03 1.0740e-11 8.9526e-01 1.3519e+03 2.2003e+03 4.4000e+03 8.6569e+20 1.6840e+20 1.6840e+20 4.4207e-02 0.0000e+00 7.2196e+04 0.0000e+00
2.1000e+03 1.0698e-11 8.9508e-01 1.3515e+03 2.1998e+03 4.4000e+03 8.7412e+20 1.6948e+20 1.6948e+20 4.4046e-02 0.0000e+00 7.2438e+04 0.0000e+00
2.1100e+03 1.0657e-11 8.9490e-01 1.3512e+03 2.1993e+03 4.4000e+03 8.8264e+20 1.7055e+20 1.7055e+20 4.3886e-02 0.0000e+00 7.2680e+04 0.0000e+00
2.1200e+03 1.0616e-11 8.9472e-01 1.3509e+03 2.1987e+03 4.4000e+03 8.9124e+20 1.7163e+20 1.7163e+20 4.3726e-02 0.0000e+00 7.2922e+04 0.0000e+00
2.1300e+03 1.0576e-11 8.9454e-01 1.3505e+03 2.1982e+03 4.4000e+03 8.9993e+20 1.7272e+20 1.7272e+20 4.3567e-02 0.0000e+00 7.3166e+04 0.0000e+00
2.1400e+03 1.0535e-11 8.9436e-01 1.3502e+03 2.1977e+03 4.4000e+03 9.0871e+20 1.7381e+20 1.7381e+20 4.3408e-02 0.0000e+00 7.3411e+04 0.0000e+00
2.1500e+03 1.0495e-11 8.9418e-01 1.3499e+03 2.1971e+03 4.4000e+03 9.1757e+20 1.7491e+20 1.7491e+20 4.3251e-02 0.0000e+00 7.3656e+04 0.0000e+00
2.1600e+03 1.0454e-11 8.9400e-01 1.3496e+03 2.1966e+03 4.4000e+03 9.2652e+20 1.7601e+20 1.7601e+20 4.3093e-02 0.0000e+00 7.3903e+04 0.0000e+00
2.1700e+03 1.0414e-11 8.9382e-01 1.3492e+03 2.1961e+03 4.4000e+03 9.3557e+20 1.7712e+20 1.7712e+20 4.2936e-02 0.0000e+00 7.4150e+04 0.0000e+00
2.1800e+03 1.0374e-11 8.9364e-01 1.3489e+03 2.1955e+03 4.4000e+03 9.4470e+20 1.7823e+20 1.7823e+20 4.2780e-02 0.0000e+00 7.4398e+04 0.0000e+00
2.1900e+03 1.0334e-11 8.9346e-01 1.3486e+03 2.1950e+03 4.4000e+03 9.5392e+20 1.7935e+20 1.7935e+20 4.2624e-02 0.0000e+00 7.4647e+04 0.0000e+00
2.2000e+03 1.0295e-11 8.9328e-01 1.3483e+03 2.1945e+03 4.4000e+03 9.6324e+20 1.8047e+20 1.8047e+20 4.2469e-02 0.0000e+00 7.4897e+04 0.0000e+00
2.2100e+03 1.0255e-11 8.9310e-01 1.3479e+03 2.1940e+03 4.4000e+03 9.7265e+20 1.8160e+20 1.8160e+20 4.2314e-02 0.0000e+00 7.5148e+04 0.0000e+00
2.2200e+03 1.0216e-11 8.9292e-01 1.3476e+03 2.1934e+03 4.4000e+03 9.8215e+20 1.8274e+20 1.8274e+20 4.2160e-02 0.0000e+00 7.5399e+04 0.0000e+00
2.2300e+03 1.0177e-11 8.9274e-01 1.3473e+03 2.1929e+03 4.4000e+03 9.9175e+20 1.8388e+20 1.8388e+20 4.2007e-02 0.0000e+00 7.5652e+04 0.0000e+00
2.2400e+03 1.0137e-11 8.9256e-01 1.3470e+03 2.1924e+03 4.4000e+03 1.0014e+21 1.8502e+20 1.8502e+20 4.1854e-02 0.0000e+00 7.5905e+04 0.0000e+00
2.2500e+03 1.0099e-11 8.9238e-01 1.3467e+03 2.1919e+03 4.4000e+03 1.0112e+21 1.8617e+20 1.8617e+20 4.1702e-02 0.0000e+00 7.6159e+04 0.0000e+00
2.2600e+03 1.0060e-11 8.9221e-01 1.3463e+03 2.1914e+03 4.4000e+03 1.0211e+21 1.8733e+20 1.8733e+20 4.1550e-02 0.0000e+00 7.6415e+04 0.0000e+00
2.2700e+03 1.0021e-11 8.9203e-01 1.3460e+03 2.1908e+03 4.4000e+03 1.0311e+21 1.8849e+20 1.8849e+20 4.1398e-02 0.0000e+00 7.6671e+04 0.0000e+00
2.2800e+03 9.9826e-12 8.9185e-01 1.3457e+03 2.1903e+03 4.4000e+03 1.0412e+21 1.8966e+20 1.8966e+20 4.1248e-02 0.0000e+00 7.6928e+04 0.0000e+00
2.2900e+03 9.9443e-12 8.9167e-01 1.3454e+03 2.1898e+03 4.4000e+03 1.0514e+21 1.9083e+20 1.9083e+20 4.1097e-02 0.0000e+00 7.7186e+04 0.0000e+00
2.3000e+03 9.9061e-12 8.9150e-01 1.3451e+03 2.1893e+03 4.4000e+03 1.0617e+21 1.9201e+20 1.9201e+20 4.0948e-02 0.0000e+00 7.7445e+04 0.0000e+00
2.3100e+03 9.8681e-12 8.9132e-01 1.3447e+03 2.1888e+03 4.4000e+03 1.0721e+21 1.9319e+20 1.9319e+20 4.0799e-02 0.0000e+00 7.7704e+04 0.0000e+00
2.3200e+03 9.8302e-12 8.9114e-01 1.3444e+03 2.1882e+03 4.4000e+03 1.0826e+21 1.9438e+20 1.9438e+20 4.0650e-02 0.0000e+00 7.7965e+04 0.0000e+00
2.3300e+03 9.7924e-12 8.9097e-01 1.3441e+03 2.1877e+03 4.4000e+03 1.0932e+21 1.9557e+20 1.9557e+20 4.0502e-02 0.0000e+00 7.8227e+04 0.0000e+00
2.3400e+03 9.7548e-12 8.9079e-01 1.3438e+03 2.1872e+03 4.4000e+03 1.1039e+21 1.9677e+20 1.9677e+20 4.0354e-02 0.0000e+00 7.8489e+04 0.0000e+00
2.3500e+03 9.7174e-12 8.9062e-01 1.3435e+03 2.1867e+03 4.4000e+03 1.1148e+21 1.9798e+20 1.9798e+20 4.0207e-02 0.0000e+00 7.8753e+04 0.0000e+00
2.3600e+03 9.6801e-12 8.9044e-01 1.3432e+03 2.1862e+03 4.4000e+03 1.1257e+21 1.9919e+20 1.9919e+20 4.0061e-02 0.0000e+00 7.9018e+04 0.0000e+00
2.3700e+03 9.6429e-12 8.9026e-01 1.3429e+03 2.1857e+03 4.4000e+03 1.1367e+21 2.0040e+20 2.0040e+20 3.9915e-02 0.0000e+00 7.9283e+04 0.0000e+00
2.3800e+03 9.6059e-12 8.9009e-01 1.3425e+03 2.1852e+03 4.4000e+03 1.1479e+21 2.0162e+20 2.0162e+20 3.9769e-02 0.0000e+00 7.9549e+04 0.0000e+00
2.3900e+03 9.5690e-12 8.8992e-01 1.3422e+03 2.1847e+03 4.4000e+03 1.1592e+21 2.0285e+20 2.0285e+20 3.9624e-02 0.0000e+00 7.9817e+04 0.0000e+00
2.4000e+03 9.5322e-12 8.8974e-01 1.3419e+03 2.1842e+03 4.4000e+03 1.1706e+21 2.0408e+20 2.0408e+20 3.9480e-02 0.0000e+00 8.0085e+04 0.0000e+00
2.4100e+03 9.4956e-12 8.8957e-01 1.3416e+03 2.1837e+03 4.4000e+03 1.1821e+21 2.0532e+20 2.0532e+20 3.9336e-02 0.0000e+00 8.0355e+04 0.0000e+00
2.4200e+03 9.4592e-12 8.8939e-01 1.3413e+03 2.1832e+03 4.4000e+03 1.1937e+21 2.0656e+20 2.0656e+20 3.9193e-02 0.0000e+00 8.0625e+04 0.0000e+00
2.4300e+03 9.4228e-12 8.8922e-01 1.3410e+03 2.1827e+03 4.4000e+03 1.2054e+21 2.0781e+20 2.0781e+20 3.9050e-02 0.0000e+00 8.0896e+04 0.0000e+00
2.4400e+03 9.3867e-12 8.8905e-01 1.3407e+03 2.1822e+03 4.4000e+03 1.2173e+21 2.0907e+20 2.0907e+20 3.8907e-02 0.0000e+00 8.1168e+04 0.0000e+00
2.4500e+03 9.3506e-12 8.8888e-01 1.3404e+03 2.1817e+03 4.4000e+03 1.2293e+21 2.1033e+20 2.1033e+20 3.8765e-02 0.0000e+00 8.1442e+04 0.0000e+00
2.4600e+03 9.3147e-12 8.8870e-01 1.3401e+03 2.1812e+03 4.4000e+03 1.2414e+21 2.1159e+20 2.1159e+20 3.8624e-02 0.0000e+00 8.1716e+04 0.0000e+00
2.4700e+03 9.2789e-12 8.8853e-01 1.3398e+03 2.1807e+03 4.4000e+03 1.2536e+21 2.1286e+20 2.1286e+20 3.8483e-02 0.0000e+00 8.1991e+04 0.0000e+00
2.4800e+03 9.2433e-12 8.8836e-01 1.3395e+03 2.1802e+03 4.4000e+03 1.2659e+21 2.1414e+20 2.1414e+20 3.8343e-02 0.0000e+00 8.2268e+04 0.0000e+00
2.4900e+03 9.2078e-12 8.8819e-01 1.3392e+03 2.1797e+03 4.4000e+03 1.2784e+21 2.1542e+20 2.1542e+20 3.8203e-02 0.0000e+00 8.2545e+04 0.0000e+00
2.5000e+03 9.1725e-12 8.8802e-01 1.3388e+03 2.1792e+03 4.4000e+03 1.2910e+21 2.1671e+20 2.1671e+20 3.8064e-02 0.0000e+00 8.2823e+04 0.0000e+00
2.5100e+03 9.1372e-12 8.8785e-01 1.3385e+03 2.1787e+03 4.4000e+03 1.3037e+21 2.1800e+20 2.1800e+20 3.7925e-02 0.0000e+00 8.3103e+04 0.0000e+00
2.5200e+03 9.1022e-12 8.8768e-01 1.3382e+03 2.1782e+03 4.4000e+03 1.3166e+21 2.1930e+20 2.1930e+20 3.7786e-02 0.0000e+00 8.3383e+04 0.0000e+00
2.5300e+03 9.0672e-12 8.8751e-01 1.3379e+03 2.1777e+03 4.4000e+03 1.3296e+21 2.2060e+20 2.2060e+20 3.7648e-02 0.0000e+00 8.3664e+04 0.0000e+00
2.5400e+03 9.0324e-12 8.8735e-01 1.3376e+03 2.1772e+03 4.4000e+03 1.3427e+21 2.2191e+20 2.2191e+20 3.7511e-02 0.0000e+00 8.3947e+04 0.0000e+00
2.5500e+03 8.9977e-12 8.8718e-01 1.3373e+03 2.1767e+03 4.4000e+03 1.3560e+21 2.2323e+20 2.2323e+20 3.7374e-02 0.0000e+00 8.4230e+04 0.0000e+00
2.5600e+03 8.9631e-12 8.8701e-01 1.3370e+03 2.1762e+03 4.4000e+03 1.3694e+21 2.2455e+20 2.2455e+20 3.7237e-02 0.0000e+00 8.4515e+04 0.0000e+00
2.5700e+03 8.9287e-12 8.8684e-01 1.3367e+03 2.1757e+03 4.4000e+03 1.3829e+21 2.2587e+20 2.2587e+20 3.7101e-02 0.0000e+00 8.4800e+04 0.0000e+00
2.5800e+03 8.8944e-12 8.8668e-01 1.3364e+03 2.1752e+03 4.4000e+03 1.3966e+21 2.2720e+20 2.2720e+20 3.6966e-02 0.0000e+00 8.5087e+04 0.0000e+00
2.5900e+03 8.8603e-12 8.8651e-01 1.3361e+03 2.1747e+03 4.4000e+03 1.4104e+21 2.2854e+20 2.2854e+20 3.6831e-02 0.0000e+00 8.5374e+04 0.0000e+00
2.6000e+03 8.8263e-12 8.8635e-01 1.3358e+03 2.1743e+03 4.4000e+03 1.4243e+21 2.2988e+20 2.2988e+20 3.6696e-02 0.0000e+00 8.5663e+04 0.0000e+00
2.6100e+03 8.7924e-12 8.8618e-01 1.3355e+03 2.1738e+03 4.4000e+03 1.4384e+21 2.3123e+20 2.3123e+20 3.6562e-02 0.0000e+00 8.5953e+04 0.0000e+00
2.6200e+03 8.7586e-12 8.8602e-01 1.3352e+03 2.1733e+03 4.4000e+03 1.4527e+21 2.3258e+20 2.3258e+20 3.6428e-02 0.0000e+00 8.6244e+04 0.0000e+00
2.6300e+03 8.7250e-12 8.8585e-01 1.3349e+03 2.1728e+03 4.4000e+03 1.4670e+21 2.3394e+20 2.3394e+20 3.6295e-02 0.0000e+00 8.6536e+04 0.0000e+00
2.6400e+03 8.6915e-12 8.8569e-01 1.3347e+03 2.1723e+03 4.4000e+03 1.4816e+21 2.3531e+20 2.3531e+20 3.6162e-02 0.0000e+00 8.6829e+04 0.0000e+00
2.6500e+03 8.6581e-12 8.8553e-01 1.3344e+03 2.1719e+03 4.4000e+03 1.4963e+21 2.3668e+20 2.3668e+20 3.6030e-02 0.0000e+00 8.7123e+04 0.0000e+00
2.6600e+03 8.6248e-12 8.8536e-01 1.3341e+03 2.1714e+03 4.4000e+03 1.5111e+21 2.3805e+20 2.3805e+20 3.5898e-02 0.0000e+00 8.7418e+04 0.0000e+00
2.6700e+03 8.5917e-12 8.8520e-01 1.3338e+03 2.1709e+03 4.4000e+03 1.5261e+21 2.3943e+20 2.3943e+20 3.5767e-02 0.0000e+00 8.7715e+04 0.0000e+00
2.6800e+03 8.5587e-12 8.8504e-01 1.3335e+03 2.1704e+03 4.4000e+03 1.5412e+21 2.4082e+20 2.4082e+20 3.5636e-02 0.0000e+00 8.8012e+04 0.0000e+00
2.6900e+03 8.5259e-12 8.8488e-01 1.3332e+03 2.1699e+03 4.4000e+03 1.5566e+21 2.4221e+20 2.4221e+20 3.5506e-02 0.0000e+00 8.8311e+04 0.0000e+00
2.7000e+03 8.4931e-12 8.8472e-01 1.3329e+03 2.1695e+03 4.4000e+03 1.5720e+21 2.4361e+20 2.4361e+20 3.5376e-02 0.0000e+00 8.8611e+04 0.0000e+00
2.7100e+03 8.4605e-12 8.8456e-01 1.3326e+03 2.1690e+03 4.4000e+03 1.5876e+21 2.4501e+20 2.4501e+20 3.5246e-02 0.0000e+00 8.8911e+04 0.0000e+00
2.7200e+03 8.4280e-12 8.8440e-01 1.3323e+03 2.1685e+03 4.4000e+03 1.6034e+21 2.4642e+20 2.4642e+20 3.5117e-02 0.0000e+00 8.9213e+04 0.0000e+00
2.7300e+03 8.3957e-12 8.8425e-01 1.3320e+03 2.1681e+03 4.4000e+03 1.6194e+21 2.4783e+20 2.4783e+20 3.4989e-02 0.0000e+00 8.9516e+04 0.0000e+00
2.7400e+03 8.3634e-12 8.8409e-01 1.3317e+03 2.1676e+03 4.4000e+03 1.6355e+21 2.4925e+20 2.4925e+20 3.4861e-02 0.0000e+00 8.9821e+04 0.0000e+00
2.7500e+03 8.3313e-12 8.8393e-01 1.3314e+03 2.1671e+03 4.4000e+03 1.6518e+21 2.5067e+20 2.5067e+20 3.4733e-02 0.0000e+00 9.0126e+04 0.0000e+00
2.7600e+03 8.2993e-12 8.8378e-01 1.3312e+03 2.1666e+03 4.4000e+03 1.6682e+21 2.5210e+20 2.5210e+20 3.4606e-02 0.0000e+00 9.0433e+04 0.0000e+00
2.7700e+03 8.2675e-12 8.8362e-01 1.3309e+03 2.1662e+03 4.4000e+03 1.6849e+21 2.5354e+20 2.5354e+20 3.4479e-02 0.0000e+00 9.0740e+04 0.0000e+00
2.7800e+03 8.2357e-12 8.8347e-01 1.3306e+03 2.1657e+03 4.4000e+03 1.7016e+21 2.5498e+20 2.5498e+20 3.4352e-02 0.0000e+00 9.1049e+04 0.0000e+00
2.7900e+03 8.2041e-12 8.8331e-01 1.3303e+03 2.1652e+03 4.4000e+03 1.7186e+21 2.5643e+20 2.5643e+20 3.4226e-02 0.0000e+00 9.1359e+04 0.0000e+00
2.8000e+03 8.1726e-12 8.8316e-01 1.3300e+03 2.1648e+03 4.4000e+03 1.7358e+21 2.5788e+20 2.5788e+20 3.4101e-02 0.0000e+00 9.1671e+04 0.0000e+00
2.8100e+03 8.1412e-12 8.8301e-01 1.3297e+03 2.1643e+03 4.4000e+03 1.7531e+21 2.5934e+20 2.5934e+20 3.3976e-02 0.0000e+00 9.1983e+04 0.0000e+00
2.8200e+03 8.1099e-12 8.8286e-01 1.3294e+03 2.1639e+03 4.4000e+03 1.7706e+21 2.6080e+20 2.6080e+20 3.3851e-02 0.0000e+00 9.2297e+04 0.0000e+00
2.8300e+03 8.0788e-12 8.8271e-01 1.3292e+03 2.1634e+03 4.4000e+03 1.7883e+21 2.6227e+20 2.6227e+20 3.3727e-02 0.0000e+00 9.2611e+04 0.0000e+00
2.8400e+03 8.0478e-12 8.8256e-01 1.3289e+03 2.1629e+03 4.4000e+03 1.8062e+21 2.6374e+20 2.6374e+20 3.3603e-02 0.0000e+00 9.2928e+04 0.0000e+00
2.8500e+03 8.0169e-12 8.8241e-01 1.3286e+03 2.1625e+03 4.4000e+03 1.8243e+21 2.6522e+20 2.6522e+20 3.3480e-02 0.0000e+00 9.3245e+04 0.0000e+00
2.8600e+03 7.9861e-12 8.8226e-01 1.3283e+03 2.1620e+03 4.4000e+03 1.8425e+21 2.6670e+20 2.6670e+20 3.3357e-02 0.0000e+00 9.3563e+04 0.0000e+00
2.8700e+03 7.9554e-12 8.8211e-01 1.3280e+03 2.1616e+03 4.4000e+03 1.8610e+21 2.6819e+20 2.6819e+20 3.3234e-02 0.0000e+00 9.3883e+04 0.0000e+00
2.8800e+03 7.9249e-12 8.8197e-01 1.3278e+03 2.1611e+03 4.4000e+03 1.8796e+21 2.6968e+20 2.6968e+20 3.3112e-02 0.0000e+00 9.4204e+04 0.0000e+00
2.8900e+03 7.8944e-12 8.8182e-01 1.3275e+03 2.1607e+03 4.4000e+03 1.8985e+21 2.7118e+20 2.7118e+20 3.2990e-02 0.0000e+00 9.4526e+04 0.0000e+00
2.9000e+03 7.8641e-12 8.8168e-01 1.3272e+03 2.1602e+03 4.4000e+03 1.9175e+21 2.7269e+20 2.7269e+20 3.2869e-02 0.0000e+00 9.4849e+04 0.0000e+00
2.9100e+03 7.8339e-12 8.8153e-01 1.3269e+03 2.1598e+03 4.4000e+03 1.9367e+21 2.7420e+20 2.7420e+20 3.2748e-02 0.0000e+00 9.5174e+04 0.0000e+00
2.9200e+03 7.8038e-12 8.8139e-01 1.3266e+03 2.1593e+03 4.4000e+03 1.9562e+21 2.7571e+20 2.7571e+20 3.2628e-02 0.0000e+00 9.5500e+04 0.0000e+00
2.9300e+03 7.7739e-12 8.8125e-01 1.3264e+03 2.1589e+03 4.4000e+03 1.9758e+21 2.7723e+20 2.7723e+20 3.2508e-02 0.0000e+00 9.5827e+04 0.0000e+00
2.9400e+03 7.7440e-12 8.8111e-01 1.3261e+03 2.1584e+03 4.4000e+03 1.9957e+21 2.7876e+20 2.7876e+20 3.2388e-02 0.0000e+00 9.6156e+04 0.0000e+00
2.9500e+03 7.7143e-12 8.8097e-01 1.3258e+03 2.1580e+03 4.4000e+03 2.0158e+21 2.8029e+20 2.8029e+20 3.2269e-02 0.0000e+00 9.6485e+04 0.0000e+00
2.9600e+03 7.6847e-12 8.8083e-01 1.3255e+03 2.1575e+03 4.4000e+03 2.0360e+21 2.8183e+20 2.8183e+20 3.2150e-02 0.0000e+00 9.6816e+04 0.0000e+00
2.9700e+03 7.6551e-12 8.8069e-01 1.3253e+03 2.1571e+03 4.4000e+03 2.0565e+21 2.8337e+20 2.8337e+20 3.2032e-02 0.0000e+00 9.7149e+04 0.0000e+00
2.9800e+03 7.6258e-12 8.8055e-01 1.3250e+03 2.1566e+03 4.4000e+03 2.0773e+21 2.8491e+20 2.8491e+20 3.1914e-02 0.0000e+00 9.7482e+04 0.0000e+00
2.9900e+03 7.5965e-12 8.8041e-01 1.3247e+03 2.1562e+03 4.4000e+03 2.0982e+21 2.8647e+20 2.8647e+20 3.1796e-02 0.0000e+00 9.7817e+04 0.0000e+00
3.0000e+03 7.5673e-12 8.8028e-01 1.3245e+03 2.1557e+03 4.4000e+03 2.1193e+21 2.8802e+20 2.8802e+20 3.1679e-02 0.0000e+00 9.8154e+04 0.0000e+00
3.0100e+03 7.5382e-12 8.8014e-01 1.3242e+03 2.1553e+03 4.4000e+03 2.1407e+21 2.8958e+20 2.8958e+20 3.1562e-02 0.0000e+00 9.8491e+04 0.0000e+00
3.0200e+03 7.5093e-12 8.8001e-01 1.3239e+03 2.1549e+03 4.4000e+03 2.1623e+21 2.9115e+20 2.9115e+20 3.1445e-02 0.0000e+00 9.8830e+04 0.0000e+00
3.0300e+03 7.4805e-12 8.7988e-01 1.3237e+03 2.1544e+03 4.4000e+03 2.1842e+21 2.9272e+20 2.9272e+20 3.1329e-02 0.0000e+00 9.9170e+04 0.0000e+00
3.0400e+03 7.4517e-12 8.7975e-01 1.3234e+03 2.1540e+03 4.4000e+03 2.2063e+21 2.9430e+20 2.9430e+20 3.1214e-02 0.0000e+00 9.9512e+04 0.0000e+00
3.0500e+03 7.4231e-12 8.7962e-01 1.3231e+03 2.1536e+03 4.4000e+03 2.2286e+21 2.9588e+20 2.9588e+20 3.1099e-02 0.0000e+00 9.9855e+04 0.0000e+00
3.0600e+03 7.3946e-12 8.7949e-01 1.3228e+03 2.1531e+03 4.4000e+03 2.2511e+21 2.9747e+20 2.9747e+20 3.0984e-02 0.0000e+00 1.0020e+05 0.0000e+00
3.0700e+03 7.3662e-12 8.7936e-01 1.3226e+03 2.1527e+03 4.4000e+03 2.2739e+21 2.9906e+20 2.9906e+20 3.0869e-02 0.0000e+00 1.0055e+05 0.0000e+00
3.0800e+03 7.3379e-12 8.7923e-01 1.3223e+03 2.1523e+03 4.4000e+03 2.2970e+21 3.0066e+20 3.0066e+20 3.0755e-02 0.0000e+00 1.0089e+05 0.0000e+00
3.0900e+03 7.3098e-12 8.7910e-01 1.3221e+03 2.1518e+03 4.4000e+03 2.3203e+21 3.0226e+20 3.0226e+20 3.0641e-02 0.0000e+00 1.0124e+05 0.0000e+00
3.1000e+03 7.2817e-12 8.7898e-01 1.3218e+03 2.1514e+03 4.4000e+03 2.3438e+21 3.0387e+20 3.0387e+20 3.0528e-02 0.0000e+00 1.0159e+05 0.0000e+00
3.1100e+03 7.2537e-12 8.7886e-01 1.3215e+03 2.1510e+03 4.4000e+03 2.3676e+21 3.0548e+20 3.0548e+20 3.0415e-02 0.0000e+00 1.0194e+05 0.0000e+00
3.1200e+03 7.2259e-12 8.7873e-01 1.3213e+03 2.1505e+03 4.4000e+03 2.3916e+21 3.0709e+20 3.0709e+20 3.0303e-02 0.0000e+00 1.0229e+05 0.0000e+00
3.1300e+03 7.1981e-12 8.7861e-01 1.3210e+03 2.1501e+03 4.4000e+03 2.4159e+21 3.0871e+20 3.0871e+20 3.0190e-02 0.0000e+00 1.0265e+05 0.0000e+00
3.1400e+03 7.1705e-12 8.7849e-01 1.3207e+03 2.1497e+03 4.4000e+03 2.4405e+21 3.1034e+20 3.1034e+20 3.0079e-02 0.0000e+00 1.0300e+05 0.0000e+00
3.1500e+03 7.1429e-12 8.7837e-01 1.3205e+03 2.1493e+03 4.4000e+03 2.4654e+21 3.1197e+20 3.1197e+20 2.9967e-02 0.0000e+00 1.0336e+05 0.0000e+00
3.1600e+03 7.1155e-12 8.7825e-01 1.3202e+03 2.1488e+03 4.4000e+03 2.4905e+21 3.1361e+20 3.1361e+20 2.9856e-02 0.0000e+00 1.0372e+05 0.0000e+00
3.1700e+03 7.0882e-12 8.7814e-01 1.3200e+03 2.1484e+03 4.4000e+03 2.5158e+21 3.1525e+20 3.1525e+20 2.9745e-02 0.0000e+00 1.0408e+05 0.0000e+00
3.1800e+03 7.0610e-12 8.7802e-01 1.3197e+03 2.1480e+03 4.4000e+03 2.5415e+21 3.1689e+20 3.1689e+20 2.9635e-02 0.0000e+00 1.0444e+05 0.0000e+00
3.1900e+03 7.0339e-12 8.7791e-01 1.3194e+03 2.1476e+03 4.4000e+03 2.5674e+21 3.1854e+20 3.1854e+20 2.9525e-02 0.0000e+00 1.0480e+05 0.0000e+00
3.2000e+03 7.0069e-12 8.7780e-01 1.3192e+03 2.1472e+03 4.4000e+03 2.5937e+21 3.2019e+20 3.2019e+20 2.9415e-02 0.0000e+00 1.0517e+05 0.0000e+00
3.2100e+03 6.9799e-12 8.7769e-01 1.3189e+03 2.1467e+03 4.4000e+03 2.6202e+21 3.2185e+20 3.2185e+20 2.9306e-02 0.0000e+00 1.0553e+05 0.0000e+00
3.2200e+03 6.9531e-12 8.7758e-01 1.3187e+03 2.1463e+03 4.4000e+03 2.6470e+21 3.2352e+20 3.2352e+20 2.9197e-02 0.0000e+00 1.0590e+05 0.0000e+00
3.2300e+03 6.9264e-12 8.7747e-01 1.3184e+03 2.1459e+03 4.4000e+03 2.6740e+21 3.2518e+20 3.2518e+20 2.9089e-02 0.0000e+00 1.0627e+05 0.0000e+00
3.2400e+03 6.8998e-12 8.7736e-01 1.3182e+03 2.1455e+03 4.4000e+03 2.7014e+21 3.2686e+20 3.2686e+20 2.8981e-02 0.0000e+00 1.0664e+05 0.0000e+00
3.2500e+03 6.8733e-12 8.7725e-01 1.3179e+03 2.1451e+03 4.4000e+03 2.7291e+21 3.2853e+20 3.2853e+20 2.8873e-02 0.0000e+00 1.0701e+05 0.0000e+00
3.2600e+03 6.8470e-12 8.7715e-01 1.3177e+03 2.1447e+03 4.4000e+03 2.7571e+21 3.3021e+20 3.3021e+20 2.8765e-02 0.0000e+00 1.0739e+05 0.0000e+00
3.2700e+03 6.8207e-12 8.7705e-01 1.3174e+03 2.1443e+03 4.4000e+03 2.7854e+21 3.3190e+20 3.3190e+20 2.8658e-02 0.0000e+00 1.0776e+05 0.0000e+00
3.2800e+03 6.7945e-12 8.7695e-01 1.3172e+03 2.1439e+03 4.4000e+03 2.8140e+21 3.3359e+20 3.3359e+20 2.8552e-02 0.0000e+00 1.0814e+05 0.0000e+00
3.2900e+03 6.7684e-12 8.7685e-01 1.3169e+03 2.1434e+03 4.4000e+03 2.8429e+21 3.3528e+20 3.3528e+20 2.8445e-02 0.0000e+00 1.0851e+05 0.0000e+00
3.3000e+03 6.7424e-12 8.7675e-01 1.3167e+03 2.1430e+03 4.4000e+03 2.8722e+21 3.3698e+20 3.3698e+20 2.8339e-02 0.0000e+00 1.0889e+05 0.0000e+00
3.3100e+03 6.7165e-12 8.7665e-01 1.3164e+03 2.1426e+03 4.4000e+03 2.9018e+21 3.3868e+20 3.3868e+20 2.8233e-02 0.0000e+00 1.0928e+05 0.0000e+00
3.3200e+03 6.6907e-12 8.7656e-01 1.3162e+03 2.1422e+03 4.4000e+03 2.9316e+21 3.4039e+20 3.4039e+20 2.8128e-02 0.0000e+00 1.0966e+05 0.0000e+00
3.3300e+03 6.6650e-12 8.7646e-01 1.3159e+03 2.1418e+03 4.4000e+03 2.9619e+21 3.4210e+20 3.4210e+20 2.8023e-02 0.0000e+00 1.1004e+05 0.0000e+00
3.3400e+03 6.6394e-12 8.7637e-01 1.3157e+03 2.1414e+03 4.4000e+03 2.9924e+21 3.4382e+20 3.4382e+20 2.7918e-02 0.0000e+00 1.1043e+05 0.0000e+00
3.3500e+03 6.6139e-12 8.7628e-01 1.3154e+03 2.1410e+03 4.4000e+03 3.0233e+21 3.4553e+20 3.4553e+20 2.7814e-02 0.0000e+00 1.1082e+05 0.0000e+00
3.3600e+03 6.5885e-12 8.7619e-01 1.3152e+03 2.1406e+03 4.4000e+03 3.0546e+21 3.4726e+20 3.4726e+20 2.7710e-02 0.0000e+00 1.1121e+05 0.0000e+00
3.3700e+03 6.5632e-12 8.7610e-01 1.3149e+03 2.1402e+03 4.4000e+03 3.0862e+21 3.4898e+20 3.4898e+20 2.7606e-02 0.0000e+00 1.1160e+05 0.0000e+00
3.3800e+03 6.5380e-12 8.7602e-01 1.3147e+03 2.1398e+03 4.4000e+03 3.1181e+21 3.5072e+20 3.5072e+20 2.7503e-02 0.0000e+00 1.1199e+05 0.0000e+00
3.3900e+03 6.5129e-12 8.7593e-01 1.3144e+03 2.1394e+03 4.4000e+03 3.1504e+21 3.5245e+20 3.5245e+20 2.7400e-02 0.0000e+00 1.1238e+05 0.0000e+00
3.4000e+03 6.4879e-12 8.7585e-01 1.3142e+03 2.1390e+03 4.4000e+03 3.1831e+21 3.5419e+20 3.5419e+20 2.7297e-02 0.0000e+00 1.1278e+05 0.0000e+00
3.4100e+03 6.4630e-12 8.7577e-01 1.3140e+03 2.1386e+03 4.4000e+03 3.2161e+21 3.5593e+20 3.5593e+20 2.7195e-02 0.0000e+00 1.1318e+05 0.0000e+00
3.4200e+03 6.4382e-12 8.7569e-01 1.3137e+03 2.1383e+03 4.4000e+03 3.2495e+21 3.5768e+20 3.5768e+20 2.7093e-02 0.0000e+00 1.1358e+05 0.0000e+00
3.4300e+03 6.4135e-12 8.7562e-01 1.3135e+03 2.1379e+03 4.4000e+03 3.2833e+21 3.5943e+20 3.5943e+20 2.6991e-02 0.0000e+00 1.1398e+05 0.0000e+00
3.4400e+03 6.3888e-12 8.7554e-01 1.3132e+03 2.1375e+03 4.4000e+03 3.3175e+21 3.6118e+20 3.6118e+20 2.6890e-02 0.0000e+00 1.1438e+05 0.0000e+00
3.4500e+03 6.3643e-12 8.7547e-01 1.3130e+03 2.1371e+03 4.4000e+03 3.3520e+21 3.6294e+20 3.6294e+20 2.6789e-02 0.0000e+00 1.1479e+05 0.0000e+00
3.4600e+03 6.3399e-12 8.7540e-01 1.3128e+03 2.1367e+03 4.4000e+03 3.3870e+21 3.6470e+20 3.6470e+20 2.6688e-02 0.0000e+00 1.1519e+05 0.0000e+00
3.4700e+03 6.3155e-12 8.7533e-01 1.3125e+03 2.1363e+03 4.4000e+03 3.4223e+21 3.6646e+20 3.6646e+20 2.6588e-02 0.0000e+00 1.1560e+05 0.0000e+00
3.4800e+03 6.2913e-12 8.7526e-01 1.3123e+03 2.1359e+03 4.4000e+03 3.4581e+21 3.6823e+20 3.6823e+20 2.6488e-02 0.0000e+00 1.1601e+05 0.0000e+00
3.4900e+03 6.2671e-12 8.7520e-01 1.3120e+03 2.1355e+03 4.4000e+03 3.4942e+21 3.7000e+20 3.7000e+20 2.6388e-02 0.0000e+00 1.1642e+05 0.0000e+00
3.5000e+03 6.2430e-12 8.7513e-01 1.3118e+03 2.1352e+03 4.4000e+03 3.5308e+21 3.7178e+20 3.7178e+20 2.6289e-02 0.0000e+00 1.1684e+05 0.0000e+00
3.5100e+03 6.2191e-12 8.7507e-01 1.3116e+03 2.1348e+03 4.4000e+03 3.5677e+21 3.7356e+20 3.7356e+20 2.6190e-02 0.0000e+00 1.1725e+05 0.0000e+00
3.5200e+03 6.1952e-12 8.7501e-01 1.3113e+03 2.1344e+03 4.4000e+03 3.6051e+21 3.7534e+20 3.7534e+20 2.6091e-02 0.0000e+00 1.1767e+05 0.0000e+00
3.5300e+03 6.1714e-12 8.7495e-01 1.3111e+03 2.1340e+03 4.4000e+03 3.6430e+21 3.7712e+20 3.7712e+20 2.5992e-02 0.0000e+00 1.1809e+05 0.0000e+00
3.5400e+03 6.1477e-12 8.7490e-01 1.3109e+03 2.1336e+03 4.4000e+03 3.6812e+21 3.7891e+20 3.7891e+20 2.5894e-02 0.0000e+00 1.1851e+05 0.0000e+00
3.5500e+03 6.1241e-12 8.7485e-01 1.3106e+03 2.1333e+03 4.4000e+03 3.7199e+21 3.8070e+20 3.8070e+20 2.5796e-02 0.0000e+00 1.1893e+05 0.0000e+00
3.5600e+03 6.1006e-12 8.7480e-01 1.3104e+03 2.1329e+03 4.4000e+03 3.7591e+21 3.8249e+20 3.8249e+20 2.5699e-02 0.0000e+00 1.1935e+05 0.0000e+00
3.5700e+03 6.0771e-12 8.7475e-01 1.3102e+03 2.1325e+03 4.4000e+03 3.7987e+21 3.8429e+20 3.8429e+20 2.5601e-02 0.0000e+00 1.1978e+05 0.0000e+00
3.5800e+03 6.0538e-12 8.7470e-01 1.3100e+03 2.1321e+03 4.4000e+03 3.8387e+21 3.8609e+20 3.8609e+20 2.5504e-02 0.0000e+00 1.2021e+05 0.0000e+00
3.5900e+03 6.0306e-12 8.7466e-01 1.3097e+03 2.1318e+03 4.4000e+03 3.8792e+21 3.8789e+20 3.8789e+20 2.5408e-02 0.0000e+00 1.2064e+05 0.0000e+00
3.6000e+03 6.0074e-12 8.7462e-01 1.3095e+03 2.1314e+03 4.4000e+03 3.9202e+21 3.8970e+20 3.8970e+20 2.5311e-02 0.0000e+00 1.2107e+05 0.0000e+00
3.6100e+03 5.9843e-12 8.7458e-01 1.3093e+03 2.1310e+03 4.4000e+03 3.9617e+21 3.9151e+20 3.9151e+20 2.5215e-02 0.0000e+00 1.2151e+05 0.0000e+00
3.6200e+03 5.9614e-12 8.7454e-01 1.3091e+03 2.1307e+03 4.4000e+03 4.0036e+21 3.9332e+20 3.9332e+20 2.5120e-02 0.0000e+00 1.2194e+05 0.0000e+00
3.6300e+03 5.9385e-12 8.7450e-01 1.3088e+03 2.1303e+03 4.4000e+03 4.0461e+21 3.9513e+20 3.9513e+20 2.5024e-02 0.0000e+00 1.2238e+05 0.0000e+00
3.6400e+03 5.9157e-12 8.7447e-01 1.3086e+03 2.1299e+03 4.4000e+03 4.0890e+21 3.9695e+20 3.9695e+20 2.4929e-02 0.0000e+00 1.2282e+05 0.0000e+00
3.6500e+03 5.8929e-12 8.7444e-01 1.3084e+03 2.1296e+03 4.4000e+03 4.1324e+21 3.9877e+20 3.9877e+20 2.4834e-02 0.0000e+00 1.2326e+05 0.0000e+00
3.6600e+03 5.8703e-12 8.7442e-01 1.3082e+03 2.1292e+03 4.4000e+03 4.1764e+21 4.0059e+20 4.0059e+20 2.4739e-02 0.0000e+00 1.2371e+05 0.0000e+00
3.6700e+03 5.8478e-12 8.7439e-01 1.3079e+03 2.1289e+03 4.4000e+03 4.2208e+21 4.0241e+20 4.0241e+20 2.4645e-02 0.0000e+00 1.2416e+05 0.0000e+00
3.6800e+03 5.8253e-12 8.7437e-01 1.3077e+03 2.1285e+03 4.4000e+03 4.2658e+21 4.0423e+20 4.0423e+20 2.4551e-02 0.0000e+00 1.2460e+05 0.0000e+00
3.6900e+03 5.8029e-12 8.7435e-01 1.3075e+03 2.1281e+03 4.4000e+03 4.3113e+21 4.0606e+20 4.0606e+20 2.4457e-02 0.0000e+00 1.2505e+05 0.0000e+00
3.7000e+03 5.7807e-12 8.7433e-01 1.3073e+03 2.1278e+03 4.4000e+03 4.3574e+21 4.0789e+20 4.0789e+20 2.4364e-02 0.0000e+00 1.2551e+05 0.0000e+00
3.7100e+03 5.7585e-12 8.7432e-01 1.3071e+03 2.1274e+03 4.4000e+03 4.4040e+21 4.0972e+20 4.0972e+20 2.4271e-02 0.0000e+00 1.2596e+05 0.0000e+00
3.7200e+03 5.7364e-12 8.7431e-01 1.3068e+03 2.1271e+03 4.4000e+03 4.4511e+21 4.1156e+20 4.1156e+20 2.4178e-02 0.0000e+00 1.2642e+05 0.0000e+00
3.7300e+03 5.7143e-12 8.7430e-01 1.3066e+03 2.1267e+03 4.4000e+03 4.4989e+21 4.1339e+20 4.1339e+20 2.4085e-02 0.0000e+00 1.2688e+05 0.0000e+00
3.7400e+03 5.6924e-12 8.7430e-01 1.3064e+03 2.1264e+03 4.4000e+03 4.5471e+21 4.1523e+20 4.1523e+20 2.3993e-02 0.0000e+00 1.2734e+05 0.0000e+00
3.7500e+03 5.6705e-12 8.7429e-01 1.3062e+03 2.1260e+03 4.4000e+03 4.5960e+21 4.1707e+20 4.1707e+20 2.3901e-02 0.0000e+00 1.2780e+05 0.0000e+00
3.7600e+03 5.6488e-12 8.7429e-01 1.3060e+03 2.1257e+03 4.4000e+03 4.6454e+21 4.1891e+20 4.1891e+20 2.3809e-02 0.0000e+00 1.2827e+05 0.0000e+00
3.7700e+03 5.6271e-12 8.7430e-01 1.3058e+03 2.1253e+03 4.4000e+03 4.6955e+21 4.2075e+20 4.2075e+20 2.3717e-02 0.0000e+00 1.2874e+05 0.0000e+00
3.7800e+03 5.6055e-12 8.7430e-01 1.3056e+03 2.1250e+03 4.4000e+03 4.7461e+21 4.2260e+20 4.2260e+20 2.3626e-02 0.0000e+00 1.2921e+05 0.0000e+00
3.7900e+03 5.5839e-12 8.7431e-01 1.3053e+03 2.1246e+03 4.4000e+03 4.7974e+21 4.2444e+20 4.2444e+20 2.3535e-02 0.0000e+00 1.2968e+05 0.0000e+00
3.8000e+03 5.5625e-12 8.7433e-01 1.3051e+03 2.1243e+03 4.4000e+03 4.8493e+21 4.2629e+20 4.2629e+20 2.3445e-02 0.0000e+00 1.3015e+05 0.0000e+00
3.8100e+03 5.5411e-12 8.7434e-01 1.3049e+03 2.1239e+03 4.4000e+03 4.9018e+21 4.2814e+20 4.2814e+20 2.3354e-02 0.0000e+00 1.3063e+05 0.0000e+00
3.8200e+03 5.5198e-12 8.7436e-01 1.3047e+03 2.1236e+03 4.4000e+03 4.9549e+21 4.2999e+20 4.2999e+20 2.3264e-02 0.0000e+00 1.3111e+05 0.0000e+00
3.8300e+03 5.4987e-12 8.7438e-01 1.3045e+03 2.1233e+03 4.4000e+03 5.0087e+21 4.3184e+20 4.3184e+20 2.3174e-02 0.0000e+00 1.3159e+05 0.0000e+00
3.8400e+03 5.4775e-12 8.7441e-01 1.3043e+03 2.1229e+03 4.4000e+03 5.0632e+21 4.3369e+20 4.3369e+20 2.3084e-02 0.0000e+00 1.3208e+05 0.0000e+00
3.8500e+03 5.4565e-12 8.7444e-01 1.3041e+03 2.1226e+03 4.4000e+03 5.1183e+21 4.3554e+20 4.3554e+20 2.2995e-02 0.0000e+00 1.3256e+05 0.0000e+00
3.8600e+03 5.4355e-12 8.7447e-01 1.3039e+03 2.1223e+03 4.4000e+03 5.1741e+21 4.3740e+20 4.3740e+20 2.2906e-02 0.0000e+00 1.3305e+05 0.0000e+00
3.8700e+03 5.4147e-12 8.7450e-01 1.3037e+03 2.1219e+03 4.4000e+03 5.2306e+21 4.3925e+20 4.3925e+20 2.2817e-02 0.0000e+00 1.3354e+05 0.0000e+00
3.8800e+03 5.3939e-12 8.7454e-01 1.3035e+03 2.1216e+03 4.4000e+03 5.2878e+21 4.4110e+20 4.4110e+20 2.2728e-02 0.0000e+00 1.3404e+05 0.0000e+00
3.8900e+03 5.3732e-12 8.7459e-01 1.3033e+03 2.1213e+03 4.4000e+03 5.3456e+21 4.4296e+20 4.4296e+20 2.2640e-02 0.0000e+00 1.3453e+05 0.0000e+00
3.9000e+03 5.3525e-12 8.7463e-01 1.3031e+03 2.1209e+03 4.4000e+03 5.4043e+21 4.4482e+20 4.4482e+20 2.2552e-02 0.0000e+00 1.3503e+05 0.0000e+00
3.9100e+03 5.3320e-12 8.7468e-01 1.3029e+03 2.1206e+03 4.4000e+03 5.4636e+21 4.4667e+20 4.4667e+20 2.2464e-02 0.0000e+00 1.3553e+05 0.0000e+00
3.9200e+03 5.3115e-12 8.7474e-01 1.3027e+03 2.1203e+03 4.4000e+03 5.5237e+21 4.4853e+20 4.4853e+20 2.2376e-02 0.0000e+00 1.3604e+05 0.0000e+00
3.9300e+03 5.2911e-12 8.7480e-01 1.3025e+03 2.1199e+03 4.4000e+03 5.5845e+21 4.5039e+20 4.5039e+20 2.2289e-02 0.0000e+00 1.3654e+05 0.0000e+00
3.9400e+03 5.2708e-12 8.7486e-01 1.3023e+03 2.1196e+03 4.4000e+03 5.6461e+21 4.5224e+20 4.5224e+20 2.2202e-02 0.0000e+00 1.3705e+05 0.0000e+00
3.9500e+03 5.2506e-12 8.7492e-01 1.3021e+03 2.1193e+03 4.4000e+03 5.7085e+21 4.5410e+20 4.5410e+20 2.2115e-02 0.0000e+00 1.3756e+05 0.0000e+00
3.9600e+03 5.2304e-12 8.7499e-01 1.3019e+03 2.1190e+03 4.4000e+03 5.7716e+21 4.5596e+20 4.5596e+20 2.2028e-02 0.0000e+00 1.3808e+05 0.0000e+00
3.9700e+03 5.2103e-12 8.7507e-01 1.3017e+03 2.1187e+03 4.4000e+03 5.8356e+21 4.5781e+20 4.5781e+20 2.1942e-02 0.0000e+00 1.3860e+05 0.0000e+00
3.9800e+03 5.1903e-12 8.7514e-01 1.3015e+03 2.1183e+03 4.4000e+03 5.9003e+21 4.5967e+20 4.5967e+20 2.1855e-02 0.0000e+00 1.3912e+05 0.0000e+00
3.9900e+03 5.1704e-12 8.7523e-01 1.3013e+03 2.1180e+03 4.4000e+03 5.9659e+21 4.6152e+20 4.6152e+20 2.1769e-02 0.0000e+00 1.3964e+05 0.0000e+00
4.0000e+03 5.1505e-12 8.7531e-01 1.3011e+03 2.1177e+03 4.4000e+03 6.0324e+21 4.6338e+20 4.6338e+20 2.1684e-02 0.0000e+00 1.4016e+05 0.0000e+00
4.0100e+03 5.1307e-12 8.7540e-01 1.3009e+03 2.1174e+03 4.4000e+03 6.0997e+21 4.6523e+20 4.6523e+20 2.1598e-02 0.0000e+00 1.4069e+05 0.0000e+00
4.0200e+03 5.1110e-12 8.7550e-01 1.3007e+03 2.1171e+03 4.4000e+03 6.1678e+21 4.6709e+20 4.6709e+20 2.1513e-02 0.0000e+00 1.4122e+05 0.0000e+00
4.0300e+03 5.0914e-12 8.7560e-01 1.3005e+03 2.1168e+03 4.4000e+03 6.2368e+21 4.6894e+20 4.6894e+20 2.1428e-02 0.0000e+00 1.4176e+05 0.0000e+00
4.0400e+03 5.0719e-12 8.7570e-01 1.3003e+03 2.1165e+03 4.4000e+03 6.3068e+21 4.7079e+20 4.7079e+20 2.1343e-02 0.0000e+00 1.4229e+05 0.0000e+00
4.0500e+03 5.0524e-12 8.7581e-01 1.3001e+03 2.1162e+03 4.4000e+03 6.3776e+21 4.7265e+20 4.7265e+20 2.1258e-02 0.0000e+00 1.4283e+05 0.0000e+00
4.0600e+03 5.0330e-12 8.7593e-01 1.2999e+03 2.1159e+03 4.4000e+03 6.4493e+21 4.7449e+20 4.7449e+20 2.1174e-02 0.0000e+00 1.4338e+05 0.0000e+00
4.0700e+03 5.0137e-12 8.7604e-01 1.2998e+03 2.1155e+03 4.4000e+03 6.5220e+21 4.7634e+20 4.7634e+20 2.1090e-02 0.0000e+00 1.4392e+05 0.0000e+00
4.0800e+03 4.9944e-12 8.7617e-01 1.2996e+03 2.1152e+03 4.4000e+03 6.5957e+21 4.7819e+20 4.7819e+20 2.1006e-02 0.0000e+00 1.4447e+05 0.0000e+00
4.0900e+03 4.9752e-12 8.7630e-01 1.2994e+03 2.1149e+03 4.4000e+03 6.6703e+21 4.8004e+20 4.8004e+20 2.0922e-02 0.0000e+00 1.4502e+05 0.0000e+00
4.1000e+03 4.9561e-12 8.7643e-01 1.2992e+03 2.1146e+03 4.4000e+03 6.7459e+21 4.8188e+20 4.8188e+20 2.0839e-02 0.0000e+00 1.4558e+05 0.0000e+00
4.1100e+03 4.9371e-12 8.7657e-01 1.2990e+03 2.1143e+03 4.4000e+03 6.8225e+21 4.8372e+20 4.8372e+20 2.0755e-02 0.0000e+00 1.4613e+05 0.0000e+00
4.1200e+03 4.9181e-12 8.7671e-01 1.2988e+03 2.1140e+03 4.4000e+03 6.9001e+21 4.8556e+20 4.8556e+20 2.0672e-02 0.0000e+00 1.4669e+05 0.0000e+00
4.1300e+03 4.8992e-12 8.7686e-01 1.2987e+03 2.1137e+03 4.4000e+03 6.9788e+21 4.8740e+20 4.8740e+20 2.0589e-02 0.0000e+00 1.4726e+05 0.0000e+00
4.1400e+03 4.8804e-12 8.7702e-01 1.2985e+03 2.1135e+03 4.4000e+03 7.0585e+21 4.8924e+20 4.8924e+20 2.0507e-02 0.0000e+00 1.4783e+05 0.0000e+00
4.1500e+03 4.8617e-12 8.7718e-01 1.2983e+03 2.1132e+03 4.4000e+03 7.1393e+21 4.9107e+20 4.9107e+20 2.0424e-02 0.0000e+00 1.4840e+05 0.0000e+00
4.1600e+03 4.8430e-12 8.7735e-01 1.2981e+03 2.1129e+03 4.4000e+03 7.2211e+21 4.9290e+20 4.9290e+20 2.0342e-02 0.0000e+00 1.4897e+05 0.0000e+00
4.1700e+03 4.8244e-12 8.7752e-01 1.2979e+03 2.1126e+03 4.4000e+03 7.3041e+21 4.9473e+20 4.9473e+20 2.0260e-02 0.0000e+00 1.4955e+05 0.0000e+00
4.1800e+03 4.8059e-12 8.7770e-01 1.2978e+03 2.1123e+03 4.4000e+03 7.3882e+21 4.9656e+20 4.9656e+20 2.0178e-02 0.0000e+00 1.5013e+05 0.0000e+00
4.1900e+03 4.7874e-12 8.7788e-01 1.2976e+03 2.1120e+03 4.4000e+03 7.4735e+21 4.9838e+20 4.9838e+20 2.0096e-02 0.0000e+00 1.5071e+05 0.0000e+00
4.2000e+03 4.7691e-12 8.7807e-01 1.2974e+03 2.1117e+03 4.4000e+03 7.5599e+21 5.0020e+20 5.0020e+20 2.0015e-02 0.0000e+00 1.5130e+05 0.0000e+00
4.2100e+03 4.7507e-12 8.7827e-01 1.2972e+03 2.1114e+03 4.4000e+03 7.6476e+21 5.0202e+20 5.0202e+20 1.9933e-02 0.0000e+00 1.5189e+05 0.0000e+00
4.2200e+03 4.7325e-12 8.7847e-01 1.2971e+03 2.1112e+03 4.4000e+03 7.7364e+21 5.0383e+20 5.0383e+20 1.9852e-02 0.0000e+00 1.5249e+05 0.0000e+00
4.2300e+03 4.7143e-12 8.7868e-01 1.2969e+03 2.1109e+03 4.4000e+03 7.8265e+21 5.0564e+20 5.0564e+20 1.9771e-02 0.0000e+00 1.5308e+05 0.0000e+00
4.2400e+03 4.6962e-12 8.7890e-01 1.2967e+03 2.1106e+03 4.4000e+03 7.9178e+21 5.0745e+20 5.0745e+20 1.9691e-02 0.0000e+00 1.5369e+05 0.0000e+00
4.2500e+03 4.6782e-12 8.7912e-01 1.2966e+03 2.1103e+03 4.4000e+03 8.0104e+21 5.0925e+20 5.0925e+20 1.9610e-02 0.0000e+00 1.5429e+05 0.0000e+00
4.2600e+03 4.6602e-12 8.7935e-01 1.2964e+03 2.1100e+03 4.4000e+03 8.1043e+21 5.1105e+20 5.1105e+20 1.9530e-02 0.0000e+00 1.5490e+05 0.0000e+00
4.2700e+03 4.6423e-12 8.7959e-01 1.2962e+03 2.1098e+03 4.4000e+03 8.1996e+21 5.1284e+20 5.1284e+20 1.9449e-02 0.0000e+00 1.5551e+05 0.0000e+00
4.2800e+03 4.6245e-12 8.7983e-01 1.2960e+03 2.1095e+03 4.4000e+03 8.2962e+21 5.1464e+20 5.1464e+20 1.9369e-02 0.0000e+00 1.5613e+05 0.0000e+00
4.2900e+03 4.6068e-12 8.8008e-01 1.2959e+03 2.1092e+03 4.4000e+03 8.3942e+21 5.1642e+20 5.1642e+20 1.9289e-02 0.0000e+00 1.5675e+05 0.0000e+00
4.3000e+03 4.5891e-12 8.8034e-01 1.2957e+03 2.1090e+03 4.4000e+03 8.4935e+21 5.1820e+20 5.1820e+20 1.9210e-02 0.0000e+00 1.5738e+05 0.0000e+00
4.3100e+03 4.5714e-12 8.8061e-01 1.2956e+03 2.1087e+03 4.4000e+03 8.5944e+21 5.1998e+20 5.1998e+20 1.9130e-02 0.0000e+00 1.5801e+05 0.0000e+00
4.3200e+03 4.5539e-12 8.8088e-01 1.2954e+03 2.1084e+03 4.4000e+03 8.6966e+21 5.2175e+20 5.2175e+20 1.9051e-02 0.0000e+00 1.5864e+05 0.0000e+00
4.3300e+03 4.5364e-12 8.8116e-01 1.2952e+03 2.1082e+03 4.4000e+03 8.8004e+21 5.2352e+20 5.2352e+20 1.8971e-02 0.0000e+00 1.5928e+05 0.0000e+00
4.3400e+03 4.5190e-12 8.8146e-01 1.2951e+03 2.1079e+03 4.4000e+03 8.9057e+21 5.2528e+20 5.2528e+20 1.8892e-02 0.0000e+00 1.5992e+05 0.0000e+00
4.3500e+03 4.5016e-12 8.8175e-01 1.2949e+03 2.1076e+03 4.4000e+03 9.0125e+21 5.2704e+20 5.2704e+20 1.8813e-02 0.0000e+00 1.6056e+05 0.0000e+00
4.3600e+03 4.4843e-12 8.8206e-01 1.2947e+03 2.1074e+03 4.4000e+03 9.1210e+21 5.2879e+20 5.2879e+20 1.8735e-02 0.0000e+00 1.6121e+05 0.0000e+00
4.3700e+03 4.4671e-12 8.8238e-01 1.2946e+03 2.1071e+03 4.4000e+03 9.2310e+21 5.3054e+20 5.3054e+20 1.8656e-02 0.0000e+00 1.6187e+05 0.0000e+00
4.3800e+03 4.4500e-12 8.8270e-01 1.2944e+03 2.1069e+03 4.4000e+03 9.3427e+21 5.3228e+20 5.3228e+20 1.8578e-02 0.0000e+00 1.6252e+05 0.0000e+00
4.3900e+03 4.4329e-12 8.8304e-01 1.2943e+03 2.1066e+03 4.4000e+03 9.4561e+21 5.3401e+20 5.3401e+20 1.8499e-02 0.0000e+00 1.6319e+05 0.0000e+00
4.4000e+03 4.4159e-12 8.8338e-01 1.2941e+03 2.1064e+03 4.4000e+03 9.5711e+21 5.3574e+20 5.3574e+20 1.8421e-02 0.0000e+00 1.6386e+05 0.0000e+00
4.4100e+03 4.3989e-12 8.8374e-01 1.2940e+03 2.1061e+03 4.4000e+03 9.6880e+21 5.3746e+20 5.3746e+20 1.8343e-02 0.0000e+00 1.6453e+05 0.0000e+00
4.4200e+03 4.3820e-12 8.8410e-01 1.2938e+03 2.1059e+03 4.4000e+03 9.8066e+21 5.3918e+20 5.3918e+20 1.8265e-02 0.0000e+00 1.6520e+05 0.0000e+00
4.4300e+03 4.3652e-12 8.8447e-01 1.2937e+03 2.1056e+03 4.4000e+03 9.9270e+21 5.4089e+20 5.4089e+20 1.8187e-02 0.0000e+00 1.6589e+05 0.0000e+00
4.4400e+03 4.3484e-12 8.8486e-01 1.2935e+03 2.1054e+03 4.4000e+03 1.0049e+22 5.4259e+20 5.4259e+20 1.8109e-02 0.0000e+00 1.6657e+05 0.0000e+00
4.4500e+03 4.3317e-12 8.8525e-01 1.2934e+03 2.1051e+03 4.4000e+03 1.0174e+22 5.4428e+20 5.4428e+20 1.8032e-02 0.0000e+00 1.6727e+05 0.0000e+00
4.4600e+03 4.3151e-12 8.8565e-01 1.2932e+03 2.1049e+03 4.4000e+03 1.0300e+22 5.4597e+20 5.4597e+20 1.7954e-02 0.0000e+00 1.6796e+05 0.0000e+00
4.4700e+03 4.2985e-12 8.8607e-01 1.2931e+03 2.1047e+03 4.4000e+03 1.0428e+22 5.4765e+20 5.4765e+20 1.7877e-02 0.0000e+00 1.6866e+05 0.0000e+00
4.4800e+03 4.2820e-12 8.8650e-01 1.2929e+03 2.1044e+03 4.4000e+03 1.0558e+22 5.4932e+20 5.4932e+20 1.7800e-02 0.0000e+00 1.6937e+05 0.0000e+00
4.4900e+03 4.2656e-12 8.8694e-01 1.2928e+03 2.1042e+03 4.4000e+03 1.0690e+22 5.5098e+20 5.5098e+20 1.7723e-02 0.0000e+00 1.7008e+05 0.0000e+00
4.5000e+03 4.2492e-12 8.8739e-01 1.2926e+03 2.1040e+03 4.4000e+03 1.0825e+22 5.5263e+20 5.5263e+20 1.7646e-02 0.0000e+00 1.7080e+05 0.0000e+00
4.5100e+03 4.2329e-12 8.8785e-01 1.2925e+03 2.1037e+03 4.4000e+03 1.0961e+22 5.5428e+20 5.5428e+20 1.7569e-02 0.0000e+00 1.7153e+05 0.0000e+00
4.5200e+03 4.2166e-12 8.8832e-01 1.2924e+03 2.1035e+03 4.4000e+03 1.1100e+22 5.5592e+20 5.5592e+20 1.7492e-02 0.0000e+00 1.7226e+05 0.0000e+00
4.5300e+03 4.2004e-12 8.8881e-01 1.2922e+03 2.1033e+03 4.4000e+03 1.1242e+22 5.5755e+20 5.5755e+20 1.7415e-02 0.0000e+00 1.7299e+05 0.0000e+00
4.5400e+03 4.1843e-12 8.8931e-01 1.2921e+03 2.1030e+03 4.4000e+03 1.1385e+22 5.5917e+20 5.5917e+20 1.7339e-02 0.0000e+00 1.7373e+05 0.0000e+00
4.5500e+03 0.0000e+00 0.0000e+00 1.2919e+03 0.0000e+00 4.4000e+03 0.0000e+00 0.0000e+00 0.0000e+00 0.0000e+00 0.0000e+00 0.0000e+00 0.0000e+00
