0.0000e+00 2.4000e-11 2.3022e+00 1.7000e+03 3.1619e+03 4.4000e+03 2.4013e+18 1.6120e+18 1.6120e+18 6.2334e-02 0.0000e+00 6.7956e+04 0.0000e+00
1.0000e+01 2.3908e-11 2.2471e+00 1.7036e+03 3.1685e+03 4.4000e+03 2.7095e+18 1.5418e+18 1.5418e+18 6.3620e-02 0.0000e+00 6.6752e+04 0.0000e+00
2.0000e+01 2.3816e-11 2.1944e+00 1.7071e+03 3.1750e+03 4.4000e+03 2.5628e+18 1.4763e+18 1.4763e+18 6.4897e-02 0.0000e+00 6.5599e+04 0.0000e+00
3.0000e+01 2.3725e-11 2.1441e+00 1.7105e+03 3.1814e+03 4.4000e+03 2.4282e+18 1.4152e+18 1.4152e+18 6.6164e-02 0.0000e+00 6.4497e+04 0.0000e+00
4.0000e+01 2.3633e-11 2.0960e+00 1.7138e+03 3.1876e+03 4.4000e+03 2.3045e+18 1.3583e+18 1.3583e+18 6.7422e-02 0.0000e+00 6.3441e+04 0.0000e+00
5.0000e+01 2.3543e-11 2.0500e+00 1.7170e+03 3.1936e+03 4.4000e+03 2.1908e+18 1.3051e+18 1.3051e+18 6.8669e-02 0.0000e+00 6.2431e+04 0.0000e+00
6.0000e+01 2.3452e-11 2.0061e+00 1.7202e+03 3.1995e+03 4.4000e+03 2.0859e+18 1.2554e+18 1.2554e+18 6.9904e-02 0.0000e+00 6.1465e+04 0.0000e+00
7.0000e+01 2.3362e-11 1.9641e+00 1.7233e+03 3.2052e+03 4.4000e+03 1.9892e+18 1.2089e+18 1.2089e+18 7.1126e-02 0.0000e+00 6.0539e+04 0.0000e+00
8.0000e+01 2.3273e-11 1.9238e+00 1.7263e+03 3.2108e+03 4.4000e+03 1.8998e+18 1.1654e+18 1.1654e+18 7.2334e-02 0.0000e+00 5.9653e+04 0.0000e+00
9.0000e+01 2.3183e-11 1.8853e+00 1.7292e+03 3.2163e+03 4.4000e+03 1.8170e+18 1.1246e+18 1.1246e+18 7.3527e-02 0.0000e+00 5.8805e+04 0.0000e+00
1.0000e+02 2.3094e-11 1.8485e+00 1.7321e+03 3.2216e+03 4.4000e+03 1.7404e+18 1.0864e+18 1.0864e+18 7.4705e-02 0.0000e+00 5.7992e+04 0.0000e+00
1.1000e+02 2.3005e-11 1.8132e+00 1.7349e+03 3.2268e+03 4.4000e+03 1.6693e+18 1.0505e+18 1.0505e+18 7.5868e-02 0.0000e+00 5.7214e+04 0.0000e+00
1.2000e+02 2.2917e-11 1.7794e+00 1.7376e+03 3.2319e+03 4.4000e+03 1.6033e+18 1.0169e+18 1.0169e+18 7.7013e-02 0.0000e+00 5.6469e+04 0.0000e+00
1.3000e+02 2.2829e-11 1.7469e+00 1.7402e+03 3.2368e+03 4.4000e+03 1.5420e+18 9.8529e+17 9.8529e+17 7.8140e-02 0.0000e+00 5.5755e+04 0.0000e+00
1.4000e+02 2.2741e-11 1.7159e+00 1.7428e+03 3.2415e+03 4.4000e+03 1.4849e+18 9.5559e+17 9.5559e+17 7.9250e-02 0.0000e+00 5.5071e+04 0.0000e+00
1.5000e+02 2.2654e-11 1.6861e+00 1.7453e+03 3.2462e+03 4.4000e+03 1.4317e+18 9.2765e+17 9.2765e+17 8.0341e-02 0.0000e+00 5.4417e+04 0.0000e+00
1.6000e+02 2.2567e-11 1.6575e+00 1.7477e+03 3.2507e+03 4.4000e+03 1.3821e+18 9.0137e+17 9.0137e+17 8.1413e-02 0.0000e+00 5.3790e+04 0.0000e+00
1.7000e+02 2.2480e-11 1.6301e+00 1.7501e+03 3.2550e+03 4.4000e+03 1.3358e+18 8.7662e+17 8.7662e+17 8.2465e-02 0.0000e+00 5.3189e+04 0.0000e+00
1.8000e+02 2.2394e-11 1.6037e+00 1.7524e+03 3.2593e+03 4.4000e+03 1.2926e+18 8.5331e+17 8.5331e+17 8.3496e-02 0.0000e+00 5.2614e+04 0.0000e+00
1.9000e+02 2.2308e-11 1.5785e+00 1.7546e+03 3.2634e+03 4.4000e+03 1.2522e+18 8.3135e+17 8.3135e+17 8.4507e-02 0.0000e+00 5.2063e+04 0.0000e+00
2.0000e+02 2.2223e-11 1.5542e+00 1.7567e+03 3.2674e+03 4.4000e+03 1.2144e+18 8.1064e+17 8.1064e+17 8.5497e-02 0.0000e+00 5.1536e+04 0.0000e+00
2.1000e+02 2.2137e-11 1.5309e+00 1.7588e+03 3.2713e+03 4.4000e+03 1.1789e+18 7.9110e+17 7.9110e+17 8.6466e-02 0.0000e+00 5.1031e+04 0.0000e+00
2.2000e+02 2.2052e-11 1.5085e+00 1.7608e+03 3.2750e+03 4.4000e+03 1.1457e+18 7.7267e+17 7.7267e+17 8.7413e-02 0.0000e+00 5.0547e+04 0.0000e+00
2.3000e+02 2.1967e-11 1.4870e+00 1.7628e+03 3.2787e+03 4.4000e+03 1.1146e+18 7.5527e+17 7.5527e+17 8.8338e-02 0.0000e+00 5.0084e+04 0.0000e+00
2.4000e+02 2.1883e-11 1.4663e+00 1.7647e+03 3.2822e+03 4.4000e+03 1.0854e+18 7.3883e+17 7.3883e+17 8.9241e-02 0.0000e+00 4.9641e+04 0.0000e+00
2.5000e+02 2.1799e-11 1.4464e+00 1.7665e+03 3.2856e+03 4.4000e+03 1.0580e+18 7.2331e+17 7.2331e+17 9.0121e-02 0.0000e+00 4.9217e+04 0.0000e+00
2.6000e+02 2.1715e-11 1.4272e+00 1.7683e+03 3.2889e+03 4.4000e+03 1.0322e+18 7.0864e+17 7.0864e+17 9.0979e-02 0.0000e+00 4.8811e+04 0.0000e+00
2.7000e+02 2.1632e-11 1.4088e+00 1.7700e+03 3.2921e+03 4.4000e+03 1.0080e+18 6.9478e+17 6.9478e+17 9.1814e-02 0.0000e+00 4.8423e+04 0.0000e+00
2.8000e+02 2.1549e-11 1.3911e+00 1.7716e+03 3.2951e+03 4.4000e+03 9.8527e+17 6.8168e+17 6.8168e+17 9.2627e-02 0.0000e+00 4.8051e+04 0.0000e+00
2.9000e+02 2.1466e-11 1.3740e+00 1.7732e+03 3.2981e+03 4.4000e+03 9.6385e+17 6.6929e+17 6.6929e+17 9.3417e-02 0.0000e+00 4.7696e+04 0.0000e+00
3.0000e+02 2.1384e-11 1.3576e+00 1.7748e+03 3.3009e+03 4.4000e+03 9.4370e+17 6.5757e+17 6.5757e+17 9.4184e-02 0.0000e+00 4.7357e+04 0.0000e+00
3.1000e+02 2.1302e-11 1.3418e+00 1.7762e+03 3.3037e+03 4.4000e+03 9.2472e+17 6.4649e+17 6.4649e+17 9.4928e-02 0.0000e+00 4.7032e+04 0.0000e+00
3.2000e+02 2.1220e-11 1.3266e+00 1.7777e+03 3.3063e+03 4.4000e+03 9.0686e+17 6.3601e+17 6.3601e+17 9.5650e-02 0.0000e+00 4.6722e+04 0.0000e+00
3.3000e+02 2.1138e-11 1.3119e+00 1.7790e+03 3.3089e+03 4.4000e+03 8.9003e+17 6.2610e+17 6.2610e+17 9.6348e-02 0.0000e+00 4.6426e+04 0.0000e+00
3.4000e+02 2.1057e-11 1.2977e+00 1.7803e+03 3.3114e+03 4.4000e+03 8.7417e+17 6.1672e+17 6.1672e+17 9.7025e-02 0.0000e+00 4.6143e+04 0.0000e+00
3.5000e+02 2.0976e-11 1.2841e+00 1.7816e+03 3.3137e+03 4.4000e+03 8.5923e+17 6.0785e+17 6.0785e+17 9.7678e-02 0.0000e+00 4.5874e+04 0.0000e+00
3.6000e+02 2.0896e-11 1.2709e+00 1.7828e+03 3.3160e+03 4.4000e+03 8.4516e+17 5.9946e+17 5.9946e+17 9.8310e-02 0.0000e+00 4.5616e+04 0.0000e+00
3.7000e+02 2.0816e-11 1.2583e+00 1.7840e+03 3.3182e+03 4.4000e+03 8.3189e+17 5.9153e+17 5.9153e+17 9.8919e-02 0.0000e+00 4.5371e+04 0.0000e+00
3.8000e+02 2.0736e-11 1.2460e+00 1.7851e+03 3.3203e+03 4.4000e+03 8.1939e+17 5.8403e+17 5.8403e+17 9.9506e-02 0.0000e+00 4.5137e+04 0.0000e+00
3.9000e+02 2.0656e-11 1.2342e+00 1.7862e+03 3.3223e+03 4.4000e+03 8.0761e+17 5.7694e+17 5.7694e+17 1.0007e-01 0.0000e+00 4.4914e+04 0.0000e+00
4.0000e+02 2.0577e-11 1.2229e+00 1.7872e+03 3.3242e+03 4.4000e+03 7.9651e+17 5.7024e+17 5.7024e+17 1.0062e-01 0.0000e+00 4.4702e+04 0.0000e+00
4.1000e+02 2.0498e-11 1.2119e+00 1.7882e+03 3.3260e+03 4.4000e+03 7.8605e+17 5.6391e+17 5.6391e+17 1.0114e-01 0.0000e+00 4.4500e+04 0.0000e+00
4.2000e+02 2.0419e-11 1.2013e+00 1.7892e+03 3.3278e+03 4.4000e+03 7.7620e+17 5.5793e+17 5.5793e+17 1.0164e-01 0.0000e+00 4.4309e+04 0.0000e+00
4.3000e+02 2.0341e-11 1.1910e+00 1.7901e+03 3.3294e+03 4.4000e+03 7.6693e+17 5.5229e+17 5.5229e+17 1.0212e-01 0.0000e+00 4.4127e+04 0.0000e+00
4.4000e+02 2.0262e-11 1.1811e+00 1.7909e+03 3.3310e+03 4.4000e+03 7.5821e+17 5.4697e+17 5.4697e+17 1.0258e-01 0.0000e+00 4.3954e+04 0.0000e+00
4.5000e+02 2.0185e-11 1.1716e+00 1.7917e+03 3.3325e+03 4.4000e+03 7.5001e+17 5.4196e+17 5.4196e+17 1.0302e-01 0.0000e+00 4.3790e+04 0.0000e+00
4.6000e+02 2.0107e-11 1.1623e+00 1.7925e+03 3.3340e+03 4.4000e+03 7.4230e+17 5.3724e+17 5.3724e+17 1.0344e-01 0.0000e+00 4.3635e+04 0.0000e+00
4.7000e+02 2.0030e-11 1.1534e+00 1.7933e+03 3.3354e+03 4.4000e+03 7.3505e+17 5.3279e+17 5.3279e+17 1.0384e-01 0.0000e+00 4.3488e+04 0.0000e+00
4.8000e+02 1.9953e-11 1.1448e+00 1.7940e+03 3.3367e+03 4.4000e+03 7.2825e+17 5.2861e+17 5.2861e+17 1.0422e-01 0.0000e+00 4.3350e+04 0.0000e+00
4.9000e+02 1.9876e-11 1.1365e+00 1.7946e+03 3.3379e+03 4.4000e+03 7.2188e+17 5.2468e+17 5.2468e+17 1.0458e-01 0.0000e+00 4.3219e+04 0.0000e+00
5.0000e+02 1.9800e-11 1.1284e+00 1.7952e+03 3.3391e+03 4.4000e+03 7.1591e+17 5.2100e+17 5.2100e+17 1.0492e-01 0.0000e+00 4.3096e+04 0.0000e+00
5.1000e+02 1.9724e-11 1.1206e+00 1.7958e+03 3.3402e+03 4.4000e+03 7.1032e+17 5.1755e+17 5.1755e+17 1.0525e-01 0.0000e+00 4.2980e+04 0.0000e+00
5.2000e+02 1.9648e-11 1.1130e+00 1.7964e+03 3.3412e+03 4.4000e+03 7.0510e+17 5.1432e+17 5.1432e+17 1.0555e-01 0.0000e+00 4.2871e+04 0.0000e+00
5.3000e+02 1.9573e-11 1.1057e+00 1.7969e+03 3.3422e+03 4.4000e+03 7.0023e+17 5.1130e+17 5.1130e+17 1.0584e-01 0.0000e+00 4.2768e+04 0.0000e+00
5.4000e+02 1.9498e-11 1.0987e+00 1.7974e+03 3.3431e+03 4.4000e+03 6.9570e+17 5.0849e+17 5.0849e+17 1.0611e-01 0.0000e+00 4.2673e+04 0.0000e+00
5.5000e+02 1.9423e-11 1.0918e+00 1.7979e+03 3.3439e+03 4.4000e+03 6.9149e+17 5.0588e+17 5.0588e+17 1.0637e-01 0.0000e+00 4.2584e+04 0.0000e+00
5.6000e+02 1.9348e-11 1.0852e+00 1.7983e+03 3.3447e+03 4.4000e+03 6.8758e+17 5.0345e+17 5.0345e+17 1.0661e-01 0.0000e+00 4.2501e+04 0.0000e+00
5.7000e+02 1.9274e-11 1.0788e+00 1.7987e+03 3.3455e+03 4.4000e+03 6.8397e+17 5.0121e+17 5.0121e+17 1.0683e-01 0.0000e+00 4.2424e+04 0.0000e+00
5.8000e+02 1.9200e-11 1.0726e+00 1.7991e+03 3.3462e+03 4.4000e+03 6.8065e+17 4.9914e+17 4.9914e+17 1.0703e-01 0.0000e+00 4.2353e+04 0.0000e+00
5.9000e+02 1.9126e-11 1.0666e+00 1.7994e+03 3.3468e+03 4.4000e+03 6.7759e+17 4.9724e+17 4.9724e+17 1.0722e-01 0.0000e+00 4.2287e+04 0.0000e+00
6.0000e+02 1.9053e-11 1.0608e+00 1.7997e+03 3.3474e+03 4.4000e+03 6.7479e+17 4.9550e+17 4.9550e+17 1.0740e-01 0.0000e+00 4.2227e+04 0.0000e+00
6.1000e+02 1.8980e-11 1.0551e+00 1.8000e+03 3.3479e+03 4.4000e+03 6.7225e+17 4.9391e+17 4.9391e+17 1.0756e-01 0.0000e+00 4.2172e+04 0.0000e+00
6.2000e+02 1.8907e-11 1.0496e+00 1.8003e+03 3.3484e+03 4.4000e+03 6.6994e+17 4.9248e+17 4.9248e+17 1.0771e-01 0.0000e+00 4.2122e+04 0.0000e+00
6.3000e+02 1.8834e-11 1.0443e+00 1.8005e+03 3.3488e+03 4.4000e+03 6.6787e+17 4.9118e+17 4.9118e+17 1.0784e-01 0.0000e+00 4.2078e+04 0.0000e+00
6.4000e+02 1.8762e-11 1.0392e+00 1.8007e+03 3.3492e+03 4.4000e+03 6.6602e+17 4.9003e+17 4.9003e+17 1.0795e-01 0.0000e+00 4.2038e+04 0.0000e+00
6.5000e+02 1.8690e-11 1.0342e+00 1.8009e+03 3.3496e+03 4.4000e+03 6.6438e+17 4.8902e+17 4.8902e+17 1.0806e-01 0.0000e+00 4.2002e+04 0.0000e+00
6.6000e+02 1.8618e-11 1.0294e+00 1.8011e+03 3.3499e+03 4.4000e+03 6.6296e+17 4.8813e+17 4.8813e+17 1.0815e-01 0.0000e+00 4.1971e+04 0.0000e+00
6.7000e+02 1.8546e-11 1.0247e+00 1.8012e+03 3.3501e+03 4.4000e+03 6.6173e+17 4.8737e+17 4.8737e+17 1.0823e-01 0.0000e+00 4.1945e+04 0.0000e+00
6.8000e+02 1.8475e-11 1.0201e+00 1.8013e+03 3.3504e+03 4.4000e+03 6.6070e+17 4.8674e+17 4.8674e+17 1.0829e-01 0.0000e+00 4.1923e+04 0.0000e+00
6.9000e+02 1.8404e-11 1.0157e+00 1.8014e+03 3.3505e+03 4.4000e+03 6.5985e+17 4.8622e+17 4.8622e+17 1.0835e-01 0.0000e+00 4.1904e+04 0.0000e+00
7.0000e+02 1.8334e-11 1.0114e+00 1.8015e+03 3.3507e+03 4.4000e+03 6.5919e+17 4.8581e+17 4.8581e+17 1.0839e-01 0.0000e+00 4.1890e+04 0.0000e+00
7.1000e+02 1.8263e-11 1.0072e+00 1.8015e+03 3.3508e+03 4.4000e+03 6.5870e+17 4.8552e+17 4.8552e+17 1.0842e-01 0.0000e+00 4.1880e+04 0.0000e+00
7.2000e+02 1.8193e-11 1.0032e+00 1.8016e+03 3.3508e+03 4.4000e+03 6.5839e+17 4.8533e+17 4.8533e+17 1.0844e-01 0.0000e+00 4.1873e+04 0.0000e+00
7.3000e+02 1.8123e-11 9.9926e-01 1.8016e+03 3.3509e+03 4.4000e+03 6.5824e+17 4.8525e+17 4.8525e+17 1.0845e-01 0.0000e+00 4.1870e+04 0.0000e+00
7.4000e+02 1.8054e-11 9.9544e-01 1.8016e+03 3.3509e+03 4.4000e+03 6.5825e+17 4.8527e+17 4.8527e+17 1.0845e-01 0.0000e+00 4.1871e+04 0.0000e+00
7.5000e+02 1.7984e-11 9.9173e-01 1.8016e+03 3.3508e+03 4.4000e+03 6.5841e+17 4.8538e+17 4.8538e+17 1.0843e-01 0.0000e+00 4.1875e+04 0.0000e+00
7.6000e+02 1.7915e-11 9.8812e-01 1.8015e+03 3.3508e+03 4.4000e+03 6.5873e+17 4.8560e+17 4.8560e+17 1.0841e-01 0.0000e+00 4.1883e+04 0.0000e+00
7.7000e+02 1.7846e-11 9.8462e-01 1.8015e+03 3.3507e+03 4.4000e+03 6.5919e+17 4.8590e+17 4.8590e+17 1.0838e-01 0.0000e+00 4.1893e+04 0.0000e+00
7.8000e+02 1.7778e-11 9.8121e-01 1.8014e+03 3.3505e+03 4.4000e+03 6.5980e+17 4.8630e+17 4.8630e+17 1.0834e-01 0.0000e+00 4.1907e+04 0.0000e+00
7.9000e+02 1.7710e-11 9.7789e-01 1.8013e+03 3.3503e+03 4.4000e+03 6.6055e+17 4.8679e+17 4.8679e+17 1.0829e-01 0.0000e+00 4.1924e+04 0.0000e+00
8.0000e+02 1.7642e-11 9.7467e-01 1.8012e+03 3.3502e+03 4.4000e+03 6.6144e+17 4.8736e+17 4.8736e+17 1.0823e-01 0.0000e+00 4.1944e+04 0.0000e+00
8.1000e+02 1.7574e-11 9.7153e-01 1.8011e+03 3.3499e+03 4.4000e+03 6.6246e+17 4.8801e+17 4.8801e+17 1.0816e-01 0.0000e+00 4.1967e+04 0.0000e+00
8.2000e+02 1.7506e-11 9.6848e-01 1.8010e+03 3.3497e+03 4.4000e+03 6.6361e+17 4.8875e+17 4.8875e+17 1.0809e-01 0.0000e+00 4.1993e+04 0.0000e+00
8.3000e+02 1.7439e-11 9.6551e-01 1.8008e+03 3.3494e+03 4.4000e+03 6.6488e+17 4.8957e+17 4.8957e+17 1.0800e-01 0.0000e+00 4.2021e+04 0.0000e+00
8.4000e+02 1.7372e-11 9.6262e-01 1.8006e+03 3.3491e+03 4.4000e+03 6.6628e+17 4.9046e+17 4.9046e+17 1.0791e-01 0.0000e+00 4.2053e+04 0.0000e+00
8.5000e+02 1.7306e-11 9.5981e-01 1.8005e+03 3.3488e+03 4.4000e+03 6.6781e+17 4.9144e+17 4.9144e+17 1.0781e-01 0.0000e+00 4.2086e+04 0.0000e+00
8.6000e+02 1.7239e-11 9.5707e-01 1.8003e+03 3.3484e+03 4.4000e+03 6.6945e+17 4.9248e+17 4.9248e+17 1.0770e-01 0.0000e+00 4.2123e+04 0.0000e+00
8.7000e+02 1.7173e-11 9.5440e-01 1.8001e+03 3.3480e+03 4.4000e+03 6.7120e+17 4.9360e+17 4.9360e+17 1.0759e-01 0.0000e+00 4.2161e+04 0.0000e+00
8.8000e+02 1.7107e-11 9.5180e-01 1.7999e+03 3.3476e+03 4.4000e+03 6.7308e+17 4.9479e+17 4.9479e+17 1.0747e-01 0.0000e+00 4.2203e+04 0.0000e+00
8.9000e+02 1.7041e-11 9.4927e-01 1.7996e+03 3.3472e+03 4.4000e+03 6.7506e+17 4.9605e+17 4.9605e+17 1.0734e-01 0.0000e+00 4.2246e+04 0.0000e+00
9.0000e+02 1.6976e-11 9.4680e-01 1.7994e+03 3.3468e+03 4.4000e+03 6.7716e+17 4.9738e+17 4.9738e+17 1.0721e-01 0.0000e+00 4.2292e+04 0.0000e+00
9.1000e+02 1.6911e-11 9.4439e-01 1.7991e+03 3.3463e+03 4.4000e+03 6.7936e+17 4.9878e+17 4.9878e+17 1.0707e-01 0.0000e+00 4.2340e+04 0.0000e+00
9.2000e+02 1.6846e-11 9.4205e-01 1.7989e+03 3.3458e+03 4.4000e+03 6.8167e+17 5.0024e+17 5.0024e+17 1.0693e-01 0.0000e+00 4.2391e+04 0.0000e+00
9.3000e+02 1.6781e-11 9.3976e-01 1.7986e+03 3.3453e+03 4.4000e+03 6.8408e+17 5.0176e+17 5.0176e+17 1.0677e-01 0.0000e+00 4.2443e+04 0.0000e+00
9.4000e+02 1.6717e-11 9.3753e-01 1.7983e+03 3.3448e+03 4.4000e+03 6.8660e+17 5.0335e+17 5.0335e+17 1.0662e-01 0.0000e+00 4.2497e+04 0.0000e+00
9.5000e+02 1.6652e-11 9.3535e-01 1.7980e+03 3.3442e+03 4.4000e+03 6.8921e+17 5.0501e+17 5.0501e+17 1.0645e-01 0.0000e+00 4.2554e+04 0.0000e+00
9.6000e+02 1.6588e-11 9.3323e-01 1.7977e+03 3.3437e+03 4.4000e+03 6.9193e+17 5.0672e+17 5.0672e+17 1.0629e-01 0.0000e+00 4.2612e+04 0.0000e+00
9.7000e+02 1.6525e-11 9.3116e-01 1.7974e+03 3.3431e+03 4.4000e+03 6.9475e+17 5.0849e+17 5.0849e+17 1.0611e-01 0.0000e+00 4.2673e+04 0.0000e+00
9.8000e+02 1.6461e-11 9.2913e-01 1.7971e+03 3.3425e+03 4.4000e+03 6.9766e+17 5.1033e+17 5.1033e+17 1.0594e-01 0.0000e+00 4.2735e+04 0.0000e+00
9.9000e+02 1.6398e-11 9.2716e-01 1.7968e+03 3.3419e+03 4.4000e+03 7.0067e+17 5.1222e+17 5.1222e+17 1.0576e-01 0.0000e+00 4.2799e+04 0.0000e+00
1.0000e+03 1.6335e-11 9.2523e-01 1.7964e+03 3.3412e+03 4.4000e+03 7.0377e+17 5.1416e+17 5.1416e+17 1.0557e-01 0.0000e+00 4.2865e+04 0.0000e+00
1.0100e+03 1.6272e-11 9.2334e-01 1.7961e+03 3.3406e+03 4.4000e+03 7.0697e+17 5.1617e+17 5.1617e+17 1.0538e-01 0.0000e+00 4.2933e+04 0.0000e+00
1.0200e+03 1.6210e-11 9.2150e-01 1.7957e+03 3.3399e+03 4.4000e+03 7.1026e+17 5.1823e+17 5.1823e+17 1.0518e-01 0.0000e+00 4.3002e+04 0.0000e+00
1.0300e+03 1.6148e-11 9.1970e-01 1.7954e+03 3.3393e+03 4.4000e+03 7.1364e+17 5.2035e+17 5.2035e+17 1.0498e-01 0.0000e+00 4.3074e+04 0.0000e+00
1.0400e+03 1.6086e-11 9.1794e-01 1.7950e+03 3.3386e+03 4.4000e+03 7.1711e+17 5.2251e+17 5.2251e+17 1.0478e-01 0.0000e+00 4.3146e+04 0.0000e+00
1.0500e+03 1.6024e-11 9.1622e-01 1.7946e+03 3.3379e+03 4.4000e+03 7.2066e+17 5.2474e+17 5.2474e+17 1.0458e-01 0.0000e+00 4.3221e+04 0.0000e+00
1.0600e+03 1.5962e-11 9.1454e-01 1.7942e+03 3.3372e+03 4.4000e+03 7.2431e+17 5.2701e+17 5.2701e+17 1.0437e-01 0.0000e+00 4.3297e+04 0.0000e+00
1.0700e+03 1.5901e-11 9.1290e-01 1.7938e+03 3.3364e+03 4.4000e+03 7.2805e+17 5.2934e+17 5.2934e+17 1.0415e-01 0.0000e+00 4.3374e+04 0.0000e+00
1.0800e+03 1.5840e-11 9.1129e-01 1.7934e+03 3.3357e+03 4.4000e+03 7.3187e+17 5.3172e+17 5.3172e+17 1.0394e-01 0.0000e+00 4.3453e+04 0.0000e+00
1.0900e+03 1.5779e-11 9.0971e-01 1.7930e+03 3.3349e+03 4.4000e+03 7.3578e+17 5.3415e+17 5.3415e+17 1.0372e-01 0.0000e+00 4.3533e+04 0.0000e+00
1.1000e+03 1.5719e-11 9.0817e-01 1.7926e+03 3.3342e+03 4.4000e+03 7.3978e+17 5.3663e+17 5.3663e+17 1.0349e-01 0.0000e+00 4.3615e+04 0.0000e+00
1.1100e+03 1.5658e-11 9.0666e-01 1.7922e+03 3.3334e+03 4.4000e+03 7.4386e+17 5.3916e+17 5.3916e+17 1.0327e-01 0.0000e+00 4.3699e+04 0.0000e+00
1.1200e+03 1.5598e-11 9.0519e-01 1.7918e+03 3.3326e+03 4.4000e+03 7.4802e+17 5.4174e+17 5.4174e+17 1.0304e-01 0.0000e+00 4.3783e+04 0.0000e+00
1.1300e+03 1.5538e-11 9.0374e-01 1.7913e+03 3.3318e+03 4.4000e+03 7.5227e+17 5.4437e+17 5.4437e+17 1.0281e-01 0.0000e+00 4.3869e+04 0.0000e+00
1.1400e+03 1.5478e-11 9.0232e-01 1.7909e+03 3.3310e+03 4.4000e+03 7.5660e+17 5.4705e+17 5.4705e+17 1.0257e-01 0.0000e+00 4.3956e+04 0.0000e+00
1.1500e+03 1.5419e-11 9.0094e-01 1.7905e+03 3.3302e+03 4.4000e+03 7.6102e+17 5.4978e+17 5.4978e+17 1.0234e-01 0.0000e+00 4.4045e+04 0.0000e+00
1.1600e+03 1.5360e-11 8.9957e-01 1.7900e+03 3.3294e+03 4.4000e+03 7.6552e+17 5.5255e+17 5.5255e+17 1.0210e-01 0.0000e+00 4.4135e+04 0.0000e+00
1.1700e+03 1.5301e-11 8.9824e-01 1.7896e+03 3.3285e+03 4.4000e+03 7.7010e+17 5.5537e+17 5.5537e+17 1.0186e-01 0.0000e+00 4.4226e+04 0.0000e+00
1.1800e+03 1.5242e-11 8.9693e-01 1.7891e+03 3.3277e+03 4.4000e+03 7.7476e+17 5.5824e+17 5.5824e+17 1.0161e-01 0.0000e+00 4.4319e+04 0.0000e+00
1.1900e+03 1.5184e-11 8.9565e-01 1.7887e+03 3.3268e+03 4.4000e+03 7.7950e+17 5.6115e+17 5.6115e+17 1.0137e-01 0.0000e+00 4.4412e+04 0.0000e+00
1.2000e+03 1.5125e-11 8.9439e-01 1.7882e+03 3.3259e+03 4.4000e+03 7.8433e+17 5.6411e+17 5.6411e+17 1.0112e-01 0.0000e+00 4.4507e+04 0.0000e+00
1.2100e+03 1.5067e-11 8.9316e-01 1.7877e+03 3.3251e+03 4.4000e+03 7.8923e+17 5.6712e+17 5.6712e+17 1.0087e-01 0.0000e+00 4.4603e+04 0.0000e+00
1.2200e+03 1.5009e-11 8.9194e-01 1.7872e+03 3.3242e+03 4.4000e+03 7.9422e+17 5.7017e+17 5.7017e+17 1.0062e-01 0.0000e+00 4.4700e+04 0.0000e+00
1.2300e+03 1.4952e-11 8.9076e-01 1.7868e+03 3.3233e+03 4.4000e+03 7.9929e+17 5.7326e+17 5.7326e+17 1.0037e-01 0.0000e+00 4.4798e+04 0.0000e+00
1.2400e+03 1.4894e-11 8.8959e-01 1.7863e+03 3.3224e+03 4.4000e+03 8.0444e+17 5.7641e+17 5.7641e+17 1.0011e-01 0.0000e+00 4.4897e+04 0.0000e+00
1.2500e+03 1.4837e-11 8.8844e-01 1.7858e+03 3.3215e+03 4.4000e+03 8.0967e+17 5.7959e+17 5.7959e+17 9.9859e-02 0.0000e+00 4.4998e+04 0.0000e+00
1.2600e+03 1.4780e-11 8.8731e-01 1.7853e+03 3.3206e+03 4.4000e+03 8.1498e+17 5.8282e+17 5.8282e+17 9.9602e-02 0.0000e+00 4.5099e+04 0.0000e+00
1.2700e+03 1.4723e-11 8.8621e-01 1.7848e+03 3.3197e+03 4.4000e+03 8.2037e+17 5.8610e+17 5.8610e+17 9.9343e-02 0.0000e+00 4.5202e+04 0.0000e+00
1.2800e+03 1.4667e-11 8.8512e-01 1.7843e+03 3.3187e+03 4.4000e+03 8.2584e+17 5.8942e+17 5.8942e+17 9.9083e-02 0.0000e+00 4.5305e+04 0.0000e+00
1.2900e+03 1.4610e-11 8.8405e-01 1.7838e+03 3.3178e+03 4.4000e+03 8.3139e+17 5.9278e+17 5.9278e+17 9.8822e-02 0.0000e+00 4.5410e+04 0.0000e+00
1.3000e+03 1.4554e-11 8.8300e-01 1.7833e+03 3.3169e+03 4.4000e+03 8.3702e+17 5.9618e+17 5.9618e+17 9.8560e-02 0.0000e+00 4.5515e+04 0.0000e+00
1.3100e+03 1.4499e-11 8.8196e-01 1.7828e+03 3.3159e+03 4.4000e+03 8.4273e+17 5.9963e+17 5.9963e+17 9.8297e-02 0.0000e+00 4.5622e+04 0.0000e+00
1.3200e+03 1.4443e-11 8.8094e-01 1.7823e+03 3.3150e+03 4.4000e+03 8.4852e+17 6.0313e+17 6.0313e+17 9.8032e-02 0.0000e+00 4.5729e+04 0.0000e+00
1.3300e+03 1.4387e-11 8.7994e-01 1.7818e+03 3.3140e+03 4.4000e+03 8.5439e+17 6.0666e+17 6.0666e+17 9.7767e-02 0.0000e+00 4.5837e+04 0.0000e+00
1.3400e+03 1.4332e-11 8.7896e-01 1.7813e+03 3.3131e+03 4.4000e+03 8.6034e+17 6.1024e+17 6.1024e+17 9.7501e-02 0.0000e+00 4.5947e+04 0.0000e+00
1.3500e+03 1.4277e-11 8.7799e-01 1.7808e+03 3.3121e+03 4.4000e+03 8.6637e+17 6.1386e+17 6.1386e+17 9.7234e-02 0.0000e+00 4.6057e+04 0.0000e+00
1.3600e+03 1.4222e-11 8.7703e-01 1.7802e+03 3.3111e+03 4.4000e+03 8.7248e+17 6.1753e+17 6.1753e+17 9.6966e-02 0.0000e+00 4.6168e+04 0.0000e+00
1.3700e+03 1.4168e-11 8.7609e-01 1.7797e+03 3.3102e+03 4.4000e+03 8.7868e+17 6.2124e+17 6.2124e+17 9.6697e-02 0.0000e+00 4.6280e+04 0.0000e+00
1.3800e+03 1.4113e-11 8.7517e-01 1.7792e+03 3.3092e+03 4.4000e+03 8.8495e+17 6.2499e+17 6.2499e+17 9.6428e-02 0.0000e+00 4.6393e+04 0.0000e+00
1.3900e+03 1.4059e-11 8.7425e-01 1.7787e+03 3.3082e+03 4.4000e+03 8.9130e+17 6.2878e+17 6.2878e+17 9.6158e-02 0.0000e+00 4.6507e+04 0.0000e+00
1.4000e+03 1.4005e-11 8.7335e-01 1.7781e+03 3.3072e+03 4.4000e+03 8.9774e+17 6.3262e+17 6.3262e+17 9.5887e-02 0.0000e+00 4.6621e+04 0.0000e+00
1.4100e+03 1.3951e-11 8.7247e-01 1.7776e+03 3.3062e+03 4.4000e+03 9.0426e+17 6.3650e+17 6.3650e+17 9.5616e-02 0.0000e+00 4.6737e+04 0.0000e+00
1.4200e+03 1.3898e-11 8.7159e-01 1.7771e+03 3.3052e+03 4.4000e+03 9.1085e+17 6.4042e+17 6.4042e+17 9.5344e-02 0.0000e+00 4.6853e+04 0.0000e+00
1.4300e+03 1.3844e-11 8.7073e-01 1.7765e+03 3.3042e+03 4.4000e+03 9.1753e+17 6.4438e+17 6.4438e+17 9.5072e-02 0.0000e+00 4.6970e+04 0.0000e+00
1.4400e+03 1.3791e-11 8.6988e-01 1.7760e+03 3.3032e+03 4.4000e+03 9.2430e+17 6.4838e+17 6.4838e+17 9.4800e-02 0.0000e+00 4.7088e+04 0.0000e+00
1.4500e+03 1.3738e-11 8.6904e-01 1.7754e+03 3.3022e+03 4.4000e+03 9.3114e+17 6.5243e+17 6.5243e+17 9.4527e-02 0.0000e+00 4.7207e+04 0.0000e+00
1.4600e+03 1.3685e-11 8.6821e-01 1.7749e+03 3.3012e+03 4.4000e+03 9.3807e+17 6.5652e+17 6.5652e+17 9.4254e-02 0.0000e+00 4.7326e+04 0.0000e+00
1.4700e+03 1.3633e-11 8.6739e-01 1.7743e+03 3.3002e+03 4.4000e+03 9.4508e+17 6.6065e+17 6.6065e+17 9.3980e-02 0.0000e+00 4.7446e+04 0.0000e+00
1.4800e+03 1.3581e-11 8.6659e-01 1.7738e+03 3.2992e+03 4.4000e+03 9.5217e+17 6.6483e+17 6.6483e+17 9.3707e-02 0.0000e+00 4.7567e+04 0.0000e+00
1.4900e+03 1.3528e-11 8.6579e-01 1.7732e+03 3.2981e+03 4.4000e+03 9.5935e+17 6.6904e+17 6.6904e+17 9.3433e-02 0.0000e+00 4.7689e+04 0.0000e+00
1.5000e+03 1.3476e-11 8.6500e-01 1.7727e+03 3.2971e+03 4.4000e+03 9.6661e+17 6.7330e+17 6.7330e+17 9.3159e-02 0.0000e+00 4.7812e+04 0.0000e+00
1.5100e+03 1.3425e-11 8.6423e-01 1.7721e+03 3.2961e+03 4.4000e+03 9.7396e+17 6.7760e+17 6.7760e+17 9.2885e-02 0.0000e+00 4.7935e+04 0.0000e+00
1.5200e+03 1.3373e-11 8.6346e-01 1.7716e+03 3.2951e+03 4.4000e+03 9.8139e+17 6.8195e+17 6.8195e+17 9.2610e-02 0.0000e+00 4.8059e+04 0.0000e+00
1.5300e+03 1.3322e-11 8.6270e-01 1.7710e+03 3.2940e+03 4.4000e+03 9.8891e+17 6.8633e+17 6.8633e+17 9.2336e-02 0.0000e+00 4.8184e+04 0.0000e+00
1.5400e+03 1.3271e-11 8.6195e-01 1.7705e+03 3.2930e+03 4.4000e+03 9.9651e+17 6.9076e+17 6.9076e+17 9.2061e-02 0.0000e+00 4.8309e+04 0.0000e+00
1.5500e+03 1.3220e-11 8.6120e-01 1.7699e+03 3.2920e+03 4.4000e+03 1.0042e+18 6.9523e+17 6.9523e+17 9.1787e-02 0.0000e+00 4.8436e+04 0.0000e+00
1.5600e+03 1.3169e-11 8.6047e-01 1.7694e+03 3.2909e+03 4.4000e+03 1.0120e+18 6.9975e+17 6.9975e+17 9.1513e-02 0.0000e+00 4.8562e+04 0.0000e+00
1.5700e+03 1.3118e-11 8.5974e-01 1.7688e+03 3.2899e+03 4.4000e+03 1.0198e+18 7.0430e+17 7.0430e+17 9.1238e-02 0.0000e+00 4.8690e+04 0.0000e+00
1.5800e+03 1.3068e-11 8.5902e-01 1.7682e+03 3.2888e+03 4.4000e+03 1.0278e+18 7.0890e+17 7.0890e+17 9.0964e-02 0.0000e+00 4.8818e+04 0.0000e+00
1.5900e+03 1.3018e-11 8.5831e-01 1.7677e+03 3.2878e+03 4.4000e+03 1.0358e+18 7.1354e+17 7.1354e+17 9.0690e-02 0.0000e+00 4.8947e+04 0.0000e+00
1.6000e+03 1.2968e-11 8.5761e-01 1.7671e+03 3.2867e+03 4.4000e+03 1.0439e+18 7.1823e+17 7.1823e+17 9.0416e-02 0.0000e+00 4.9077e+04 0.0000e+00
1.6100e+03 1.2918e-11 8.5691e-01 1.7665e+03 3.2857e+03 4.4000e+03 1.0522e+18 7.2295e+17 7.2295e+17 9.0142e-02 0.0000e+00 4.9207e+04 0.0000e+00
1.6200e+03 1.2868e-11 8.5622e-01 1.7660e+03 3.2846e+03 4.4000e+03 1.0605e+18 7.2772e+17 7.2772e+17 8.9868e-02 0.0000e+00 4.9338e+04 0.0000e+00
1.6300e+03 1.2819e-11 8.5554e-01 1.7654e+03 3.2836e+03 4.4000e+03 1.0689e+18 7.3254e+17 7.3254e+17 8.9594e-02 0.0000e+00 4.9470e+04 0.0000e+00
1.6400e+03 1.2770e-11 8.5486e-01 1.7648e+03 3.2825e+03 4.4000e+03 1.0773e+18 7.3739e+17 7.3739e+17 8.9321e-02 0.0000e+00 4.9602e+04 0.0000e+00
1.6500e+03 1.2721e-11 8.5419e-01 1.7643e+03 3.2814e+03 4.4000e+03 1.0859e+18 7.4229e+17 7.4229e+17 8.9048e-02 0.0000e+00 4.9735e+04 0.0000e+00
1.6600e+03 1.2672e-11 8.5352e-01 1.7637e+03 3.2804e+03 4.4000e+03 1.0946e+18 7.4724e+17 7.4724e+17 8.8775e-02 0.0000e+00 4.9868e+04 0.0000e+00
1.6700e+03 1.2623e-11 8.5286e-01 1.7631e+03 3.2793e+03 4.4000e+03 1.1033e+18 7.5223e+17 7.5223e+17 8.8503e-02 0.0000e+00 5.0003e+04 0.0000e+00
1.6800e+03 1.2575e-11 8.5221e-01 1.7626e+03 3.2783e+03 4.4000e+03 1.1122e+18 7.5726e+17 7.5726e+17 8.8230e-02 0.0000e+00 5.0137e+04 0.0000e+00
1.6900e+03 1.2526e-11 8.5156e-01 1.7620e+03 3.2772e+03 4.4000e+03 1.1211e+18 7.6233e+17 7.6233e+17 8.7959e-02 0.0000e+00 5.0273e+04 0.0000e+00
1.7000e+03 1.2478e-11 8.5092e-01 1.7614e+03 3.2761e+03 4.4000e+03 1.1302e+18 7.6745e+17 7.6745e+17 8.7687e-02 0.0000e+00 5.0409e+04 0.0000e+00
1.7100e+03 1.2430e-11 8.5028e-01 1.7608e+03 3.2751e+03 4.4000e+03 1.1393e+18 7.7261e+17 7.7261e+17 8.7416e-02 0.0000e+00 5.0546e+04 0.0000e+00
1.7200e+03 1.2383e-11 8.4965e-01 1.7603e+03 3.2740e+03 4.4000e+03 1.1485e+18 7.7782e+17 7.7782e+17 8.7145e-02 0.0000e+00 5.0683e+04 0.0000e+00
1.7300e+03 1.2335e-11 8.4902e-01 1.7597e+03 3.2729e+03 4.4000e+03 1.1579e+18 7.8307e+17 7.8307e+17 8.6874e-02 0.0000e+00 5.0821e+04 0.0000e+00
1.7400e+03 1.2288e-11 8.4840e-01 1.7591e+03 3.2718e+03 4.4000e+03 1.1673e+18 7.8837e+17 7.8837e+17 8.6604e-02 0.0000e+00 5.0959e+04 0.0000e+00
1.7500e+03 1.2241e-11 8.4778e-01 1.7585e+03 3.2708e+03 4.4000e+03 1.1768e+18 7.9371e+17 7.9371e+17 8.6335e-02 0.0000e+00 5.1099e+04 0.0000e+00
1.7600e+03 1.2194e-11 8.4717e-01 1.7579e+03 3.2697e+03 4.4000e+03 1.1864e+18 7.9909e+17 7.9909e+17 8.6065e-02 0.0000e+00 5.1238e+04 0.0000e+00
1.7700e+03 1.2147e-11 8.4656e-01 1.7574e+03 3.2686e+03 4.4000e+03 1.1961e+18 8.0452e+17 8.0452e+17 8.5797e-02 0.0000e+00 5.1379e+04 0.0000e+00
1.7800e+03 1.2100e-11 8.4595e-01 1.7568e+03 3.2675e+03 4.4000e+03 1.2059e+18 8.1000e+17 8.1000e+17 8.5528e-02 0.0000e+00 5.1519e+04 0.0000e+00
1.7900e+03 1.2054e-11 8.4535e-01 1.7562e+03 3.2665e+03 4.4000e+03 1.2159e+18 8.1552e+17 8.1552e+17 8.5261e-02 0.0000e+00 5.1661e+04 0.0000e+00
1.8000e+03 1.2007e-11 8.4475e-01 1.7556e+03 3.2654e+03 4.4000e+03 1.2259e+18 8.2108e+17 8.2108e+17 8.4993e-02 0.0000e+00 5.1803e+04 0.0000e+00
1.8100e+03 1.1961e-11 8.4416e-01 1.7551e+03 3.2643e+03 4.4000e+03 1.2360e+18 8.2670e+17 8.2670e+17 8.4726e-02 0.0000e+00 5.1946e+04 0.0000e+00
1.8200e+03 1.1915e-11 8.4357e-01 1.7545e+03 3.2632e+03 4.4000e+03 1.2462e+18 8.3236e+17 8.3236e+17 8.4460e-02 0.0000e+00 5.2089e+04 0.0000e+00
1.8300e+03 1.1870e-11 8.4298e-01 1.7539e+03 3.2621e+03 4.4000e+03 1.2565e+18 8.3806e+17 8.3806e+17 8.4194e-02 0.0000e+00 5.2233e+04 0.0000e+00
1.8400e+03 1.1824e-11 8.4240e-01 1.7533e+03 3.2611e+03 4.4000e+03 1.2670e+18 8.4381e+17 8.4381e+17 8.3929e-02 0.0000e+00 5.2377e+04 0.0000e+00
1.8500e+03 1.1779e-11 8.4182e-01 1.7527e+03 3.2600e+03 4.4000e+03 1.2775e+18 8.4961e+17 8.4961e+17 8.3664e-02 0.0000e+00 5.2522e+04 0.0000e+00
1.8600e+03 1.1733e-11 8.4125e-01 1.7521e+03 3.2589e+03 4.4000e+03 1.2881e+18 8.5545e+17 8.5545e+17 8.3400e-02 0.0000e+00 5.2667e+04 0.0000e+00
1.8700e+03 1.1688e-11 8.4067e-01 1.7516e+03 3.2578e+03 4.4000e+03 1.2989e+18 8.6134e+17 8.6134e+17 8.3136e-02 0.0000e+00 5.2813e+04 0.0000e+00
1.8800e+03 1.1643e-11 8.4010e-01 1.7510e+03 3.2567e+03 4.4000e+03 1.3097e+18 8.6728e+17 8.6728e+17 8.2873e-02 0.0000e+00 5.2960e+04 0.0000e+00
1.8900e+03 1.1599e-11 8.3954e-01 1.7504e+03 3.2557e+03 4.4000e+03 1.3207e+18 8.7326e+17 8.7326e+17 8.2611e-02 0.0000e+00 5.3107e+04 0.0000e+00
1.9000e+03 1.1554e-11 8.3897e-01 1.7498e+03 3.2546e+03 4.4000e+03 1.3318e+18 8.7930e+17 8.7930e+17 8.2349e-02 0.0000e+00 5.3255e+04 0.0000e+00
1.9100e+03 1.1510e-11 8.3841e-01 1.7492e+03 3.2535e+03 4.4000e+03 1.3430e+18 8.8538e+17 8.8538e+17 8.2087e-02 0.0000e+00 5.3403e+04 0.0000e+00
1.9200e+03 1.1466e-11 8.3785e-01 1.7487e+03 3.2524e+03 4.4000e+03 1.3543e+18 8.9151e+17 8.9151e+17 8.1827e-02 0.0000e+00 5.3552e+04 0.0000e+00
1.9300e+03 1.1422e-11 8.3730e-01 1.7481e+03 3.2513e+03 4.4000e+03 1.3657e+18 8.9768e+17 8.9768e+17 8.1567e-02 0.0000e+00 5.3701e+04 0.0000e+00
1.9400e+03 1.1378e-11 8.3674e-01 1.7475e+03 3.2502e+03 4.4000e+03 1.3772e+18 9.0391e+17 9.0391e+17 8.1307e-02 0.0000e+00 5.3851e+04 0.0000e+00
1.9500e+03 1.1334e-11 8.3619e-01 1.7469e+03 3.2491e+03 4.4000e+03 1.3888e+18 9.1018e+17 9.1018e+17 8.1048e-02 0.0000e+00 5.4001e+04 0.0000e+00
1.9600e+03 1.1291e-11 8.3565e-01 1.7463e+03 3.2481e+03 4.4000e+03 1.4006e+18 9.1650e+17 9.1650e+17 8.0790e-02 0.0000e+00 5.4152e+04 0.0000e+00
1.9700e+03 1.1247e-11 8.3510e-01 1.7457e+03 3.2470e+03 4.4000e+03 1.4124e+18 9.2288e+17 9.2288e+17 8.0532e-02 0.0000e+00 5.4304e+04 0.0000e+00
1.9800e+03 1.1204e-11 8.3456e-01 1.7452e+03 3.2459e+03 4.4000e+03 1.4244e+18 9.2930e+17 9.2930e+17 8.0276e-02 0.0000e+00 5.4456e+04 0.0000e+00
1.9900e+03 1.1161e-11 8.3401e-01 1.7446e+03 3.2448e+03 4.4000e+03 1.4365e+18 9.3577e+17 9.3577e+17 8.0019e-02 0.0000e+00 5.4608e+04 0.0000e+00
2.0000e+03 1.1118e-11 8.3347e-01 1.7440e+03 3.2437e+03 4.4000e+03 1.4487e+18 9.4229e+17 9.4229e+17 7.9764e-02 0.0000e+00 5.4761e+04 0.0000e+00
2.0100e+03 1.1075e-11 8.3294e-01 1.7434e+03 3.2426e+03 4.4000e+03 1.4610e+18 9.4886e+17 9.4886e+17 7.9509e-02 0.0000e+00 5.4915e+04 0.0000e+00
2.0200e+03 1.1033e-11 8.3240e-01 1.7428e+03 3.2415e+03 4.4000e+03 1.4735e+18 9.5548e+17 9.5548e+17 7.9254e-02 0.0000e+00 5.5069e+04 0.0000e+00
2.0300e+03 1.0991e-11 8.3187e-01 1.7422e+03 3.2405e+03 4.4000e+03 1.4861e+18 9.6215e+17 9.6215e+17 7.9001e-02 0.0000e+00 5.5224e+04 0.0000e+00
2.0400e+03 1.0948e-11 8.3133e-01 1.7416e+03 3.2394e+03 4.4000e+03 1.4988e+18 9.6888e+17 9.6888e+17 7.8748e-02 0.0000e+00 5.5379e+04 0.0000e+00
2.0500e+03 1.0906e-11 8.3080e-01 1.7411e+03 3.2383e+03 4.4000e+03 1.5116e+18 9.7565e+17 9.7565e+17 7.8495e-02 0.0000e+00 5.5535e+04 0.0000e+00
2.0600e+03 1.0864e-11 8.3028e-01 1.7405e+03 3.2372e+03 4.4000e+03 1.5245e+18 9.8247e+17 9.8247e+17 7.8244e-02 0.0000e+00 5.5691e+04 0.0000e+00
2.0700e+03 1.0823e-11 8.2975e-01 1.7399e+03 3.2361e+03 4.4000e+03 1.5376e+18 9.8935e+17 9.8935e+17 7.7993e-02 0.0000e+00 5.5848e+04 0.0000e+00
2.0800e+03 1.0781e-11 8.2922e-01 1.7393e+03 3.2350e+03 4.4000e+03 1.5508e+18 9.9628e+17 9.9628e+17 7.7742e-02 0.0000e+00 5.6005e+04 0.0000e+00
2.0900e+03 1.0740e-11 8.2870e-01 1.7387e+03 3.2339e+03 4.4000e+03 1.5641e+18 1.0033e+18 1.0033e+18 7.7493e-02 0.0000e+00 5.6163e+04 0.0000e+00
2.1000e+03 1.0698e-11 8.2818e-01 1.7381e+03 3.2329e+03 4.4000e+03 1.5776e+18 1.0103e+18 1.0103e+18 7.7244e-02 0.0000e+00 5.6321e+04 0.0000e+00
2.1100e+03 1.0657e-11 8.2766e-01 1.7376e+03 3.2318e+03 4.4000e+03 1.5912e+18 1.0174e+18 1.0174e+18 7.6996e-02 0.0000e+00 5.6480e+04 0.0000e+00
2.1200e+03 1.0616e-11 8.2714e-01 1.7370e+03 3.2307e+03 4.4000e+03 1.6049e+18 1.0245e+18 1.0245e+18 7.6748e-02 0.0000e+00 5.6639e+04 0.0000e+00
2.1300e+03 1.0576e-11 8.2662e-01 1.7364e+03 3.2296e+03 4.4000e+03 1.6188e+18 1.0317e+18 1.0317e+18 7.6501e-02 0.0000e+00 5.6799e+04 0.0000e+00
2.1400e+03 1.0535e-11 8.2610e-01 1.7358e+03 3.2285e+03 4.4000e+03 1.6327e+18 1.0390e+18 1.0390e+18 7.6255e-02 0.0000e+00 5.6959e+04 0.0000e+00
2.1500e+03 1.0495e-11 8.2558e-01 1.7352e+03 3.2274e+03 4.4000e+03 1.6469e+18 1.0463e+18 1.0463e+18 7.6010e-02 0.0000e+00 5.7120e+04 0.0000e+00
2.1600e+03 1.0454e-11 8.2507e-01 1.7346e+03 3.2264e+03 4.4000e+03 1.6611e+18 1.0536e+18 1.0536e+18 7.5765e-02 0.0000e+00 5.7281e+04 0.0000e+00
2.1700e+03 1.0414e-11 8.2456e-01 1.7341e+03 3.2253e+03 4.4000e+03 1.6755e+18 1.0610e+18 1.0610e+18 7.5522e-02 0.0000e+00 5.7443e+04 0.0000e+00
2.1800e+03 1.0374e-11 8.2404e-01 1.7335e+03 3.2242e+03 4.4000e+03 1.6901e+18 1.0685e+18 1.0685e+18 7.5278e-02 0.0000e+00 5.7606e+04 0.0000e+00
2.1900e+03 1.0334e-11 8.2353e-01 1.7329e+03 3.2231e+03 4.4000e+03 1.7047e+18 1.0760e+18 1.0760e+18 7.5036e-02 0.0000e+00 5.7769e+04 0.0000e+00
2.2000e+03 1.0295e-11 8.2302e-01 1.7323e+03 3.2220e+03 4.4000e+03 1.7195e+18 1.0836e+18 1.0836e+18 7.4794e-02 0.0000e+00 5.7932e+04 0.0000e+00
2.2100e+03 1.0255e-11 8.2251e-01 1.7317e+03 3.2209e+03 4.4000e+03 1.7345e+18 1.0912e+18 1.0912e+18 7.4553e-02 0.0000e+00 5.8096e+04 0.0000e+00
2.2200e+03 1.0216e-11 8.2200e-01 1.7312e+03 3.2199e+03 4.4000e+03 1.7496e+18 1.0989e+18 1.0989e+18 7.4313e-02 0.0000e+00 5.8260e+04 0.0000e+00
2.2300e+03 1.0177e-11 8.2150e-01 1.7306e+03 3.2188e+03 4.4000e+03 1.7649e+18 1.1067e+18 1.1067e+18 7.4073e-02 0.0000e+00 5.8425e+04 0.0000e+00
2.2400e+03 1.0137e-11 8.2099e-01 1.7300e+03 3.2177e+03 4.4000e+03 1.7802e+18 1.1145e+18 1.1145e+18 7.3834e-02 0.0000e+00 5.8591e+04 0.0000e+00
2.2500e+03 1.0099e-11 8.2048e-01 1.7294e+03 3.2166e+03 4.4000e+03 1.7958e+18 1.1223e+18 1.1223e+18 7.3596e-02 0.0000e+00 5.8756e+04 0.0000e+00
2.2600e+03 1.0060e-11 8.1998e-01 1.7288e+03 3.2155e+03 4.4000e+03 1.8115e+18 1.1302e+18 1.1302e+18 7.3359e-02 0.0000e+00 5.8923e+04 0.0000e+00
2.2700e+03 1.0021e-11 8.1947e-01 1.7283e+03 3.2145e+03 4.4000e+03 1.8273e+18 1.1382e+18 1.1382e+18 7.3122e-02 0.0000e+00 5.9090e+04 0.0000e+00
2.2800e+03 9.9826e-12 8.1897e-01 1.7277e+03 3.2134e+03 4.4000e+03 1.8433e+18 1.1462e+18 1.1462e+18 7.2886e-02 0.0000e+00 5.9257e+04 0.0000e+00
2.2900e+03 9.9443e-12 8.1847e-01 1.7271e+03 3.2123e+03 4.4000e+03 1.8595e+18 1.1543e+18 1.1543e+18 7.2651e-02 0.0000e+00 5.9425e+04 0.0000e+00
2.3000e+03 9.9061e-12 8.1796e-01 1.7265e+03 3.2112e+03 4.4000e+03 1.8758e+18 1.1625e+18 1.1625e+18 7.2416e-02 0.0000e+00 5.9594e+04 0.0000e+00
2.3100e+03 9.8681e-12 8.1746e-01 1.7259e+03 3.2101e+03 4.4000e+03 1.8922e+18 1.1707e+18 1.1707e+18 7.2182e-02 0.0000e+00 5.9763e+04 0.0000e+00
2.3200e+03 9.8302e-12 8.1696e-01 1.7254e+03 3.2091e+03 4.4000e+03 1.9088e+18 1.1790e+18 1.1790e+18 7.1949e-02 0.0000e+00 5.9932e+04 0.0000e+00
2.3300e+03 9.7924e-12 8.1646e-01 1.7248e+03 3.2080e+03 4.4000e+03 1.9256e+18 1.1873e+18 1.1873e+18 7.1717e-02 0.0000e+00 6.0102e+04 0.0000e+00
2.3400e+03 9.7548e-12 8.1596e-01 1.7242e+03 3.2069e+03 4.4000e+03 1.9426e+18 1.1957e+18 1.1957e+18 7.1485e-02 0.0000e+00 6.0272e+04 0.0000e+00
2.3500e+03 9.7174e-12 8.1546e-01 1.7236e+03 3.2058e+03 4.4000e+03 1.9597e+18 1.2041e+18 1.2041e+18 7.1255e-02 0.0000e+00 6.0443e+04 0.0000e+00
2.3600e+03 9.6801e-12 8.1496e-01 1.7230e+03 3.2048e+03 4.4000e+03 1.9769e+18 1.2126e+18 1.2126e+18 7.1024e-02 0.0000e+00 6.0615e+04 0.0000e+00
2.3700e+03 9.6429e-12 8.1446e-01 1.7225e+03 3.2037e+03 4.4000e+03 1.9943e+18 1.2212e+18 1.2212e+18 7.0795e-02 0.0000e+00 6.0787e+04 0.0000e+00
2.3800e+03 9.6059e-12 8.1396e-01 1.7219e+03 3.2026e+03 4.4000e+03 2.0119e+18 1.2298e+18 1.2298e+18 7.0566e-02 0.0000e+00 6.0959e+04 0.0000e+00
2.3900e+03 9.5690e-12 8.1346e-01 1.7213e+03 3.2015e+03 4.4000e+03 2.0297e+18 1.2385e+18 1.2385e+18 7.0339e-02 0.0000e+00 6.1132e+04 0.0000e+00
2.4000e+03 9.5322e-12 8.1297e-01 1.7207e+03 3.2005e+03 4.4000e+03 2.0476e+18 1.2473e+18 1.2473e+18 7.0111e-02 0.0000e+00 6.1305e+04 0.0000e+00
2.4100e+03 9.4956e-12 8.1247e-01 1.7202e+03 3.1994e+03 4.4000e+03 2.0657e+18 1.2561e+18 1.2561e+18 6.9885e-02 0.0000e+00 6.1479e+04 0.0000e+00
2.4200e+03 9.4592e-12 8.1197e-01 1.7196e+03 3.1983e+03 4.4000e+03 2.0840e+18 1.2650e+18 1.2650e+18 6.9659e-02 0.0000e+00 6.1654e+04 0.0000e+00
2.4300e+03 9.4228e-12 8.1147e-01 1.7190e+03 3.1973e+03 4.4000e+03 2.1025e+18 1.2740e+18 1.2740e+18 6.9434e-02 0.0000e+00 6.1829e+04 0.0000e+00
2.4400e+03 9.3867e-12 8.1098e-01 1.7184e+03 3.1962e+03 4.4000e+03 2.1211e+18 1.2830e+18 1.2830e+18 6.9210e-02 0.0000e+00 6.2004e+04 0.0000e+00
2.4500e+03 9.3506e-12 8.1048e-01 1.7179e+03 3.1951e+03 4.4000e+03 2.1399e+18 1.2920e+18 1.2920e+18 6.8986e-02 0.0000e+00 6.2180e+04 0.0000e+00
2.4600e+03 9.3147e-12 8.0998e-01 1.7173e+03 3.1941e+03 4.4000e+03 2.1589e+18 1.3012e+18 1.3012e+18 6.8764e-02 0.0000e+00 6.2356e+04 0.0000e+00
2.4700e+03 9.2789e-12 8.0949e-01 1.7167e+03 3.1930e+03 4.4000e+03 2.1781e+18 1.3104e+18 1.3104e+18 6.8541e-02 0.0000e+00 6.2533e+04 0.0000e+00
2.4800e+03 9.2433e-12 8.0899e-01 1.7161e+03 3.1919e+03 4.4000e+03 2.1974e+18 1.3197e+18 1.3197e+18 6.8320e-02 0.0000e+00 6.2711e+04 0.0000e+00
2.4900e+03 9.2078e-12 8.0850e-01 1.7156e+03 3.1908e+03 4.4000e+03 2.2169e+18 1.3290e+18 1.3290e+18 6.8100e-02 0.0000e+00 6.2888e+04 0.0000e+00
2.5000e+03 9.1725e-12 8.0800e-01 1.7150e+03 3.1898e+03 4.4000e+03 2.2367e+18 1.3384e+18 1.3384e+18 6.7880e-02 0.0000e+00 6.3067e+04 0.0000e+00
2.5100e+03 9.1372e-12 8.0750e-01 1.7144e+03 3.1887e+03 4.4000e+03 2.2566e+18 1.3479e+18 1.3479e+18 6.7660e-02 0.0000e+00 6.3246e+04 0.0000e+00
2.5200e+03 9.1022e-12 8.0701e-01 1.7138e+03 3.1877e+03 4.4000e+03 2.2767e+18 1.3574e+18 1.3574e+18 6.7442e-02 0.0000e+00 6.3425e+04 0.0000e+00
2.5300e+03 9.0672e-12 8.0651e-01 1.7133e+03 3.1866e+03 4.4000e+03 2.2970e+18 1.3670e+18 1.3670e+18 6.7224e-02 0.0000e+00 6.3605e+04 0.0000e+00
2.5400e+03 9.0324e-12 8.0602e-01 1.7127e+03 3.1855e+03 4.4000e+03 2.3175e+18 1.3767e+18 1.3767e+18 6.7007e-02 0.0000e+00 6.3785e+04 0.0000e+00
2.5500e+03 8.9977e-12 8.0552e-01 1.7121e+03 3.1845e+03 4.4000e+03 2.3382e+18 1.3864e+18 1.3864e+18 6.6791e-02 0.0000e+00 6.3966e+04 0.0000e+00
2.5600e+03 8.9631e-12 8.0503e-01 1.7116e+03 3.1834e+03 4.4000e+03 2.3590e+18 1.3962e+18 1.3962e+18 6.6576e-02 0.0000e+00 6.4148e+04 0.0000e+00
2.5700e+03 8.9287e-12 8.0453e-01 1.7110e+03 3.1823e+03 4.4000e+03 2.3801e+18 1.4061e+18 1.4061e+18 6.6361e-02 0.0000e+00 6.4329e+04 0.0000e+00
2.5800e+03 8.8944e-12 8.0404e-01 1.7104e+03 3.1813e+03 4.4000e+03 2.4014e+18 1.4161e+18 1.4161e+18 6.6147e-02 0.0000e+00 6.4512e+04 0.0000e+00
2.5900e+03 8.8603e-12 8.0354e-01 1.7098e+03 3.1802e+03 4.4000e+03 2.4229e+18 1.4261e+18 1.4261e+18 6.5933e-02 0.0000e+00 6.4695e+04 0.0000e+00
2.6000e+03 8.8263e-12 8.0305e-01 1.7093e+03 3.1792e+03 4.4000e+03 2.4446e+18 1.4362e+18 1.4362e+18 6.5721e-02 0.0000e+00 6.4878e+04 0.0000e+00
2.6100e+03 8.7924e-12 8.0255e-01 1.7087e+03 3.1781e+03 4.4000e+03 2.4665e+18 1.4463e+18 1.4463e+18 6.5509e-02 0.0000e+00 6.5062e+04 0.0000e+00
2.6200e+03 8.7586e-12 8.0206e-01 1.7081e+03 3.1770e+03 4.4000e+03 2.4886e+18 1.4566e+18 1.4566e+18 6.5297e-02 0.0000e+00 6.5246e+04 0.0000e+00
2.6300e+03 8.7250e-12 8.0156e-01 1.7076e+03 3.1760e+03 4.4000e+03 2.5109e+18 1.4669e+18 1.4669e+18 6.5087e-02 0.0000e+00 6.5431e+04 0.0000e+00
2.6400e+03 8.6915e-12 8.0107e-01 1.7070e+03 3.1749e+03 4.4000e+03 2.5334e+18 1.4772e+18 1.4772e+18 6.4877e-02 0.0000e+00 6.5617e+04 0.0000e+00
2.6500e+03 8.6581e-12 8.0057e-01 1.7064e+03 3.1739e+03 4.4000e+03 2.5562e+18 1.4877e+18 1.4877e+18 6.4668e-02 0.0000e+00 6.5802e+04 0.0000e+00
2.6600e+03 8.6248e-12 8.0007e-01 1.7059e+03 3.1728e+03 4.4000e+03 2.5792e+18 1.4982e+18 1.4982e+18 6.4459e-02 0.0000e+00 6.5989e+04 0.0000e+00
2.6700e+03 8.5917e-12 7.9958e-01 1.7053e+03 3.1718e+03 4.4000e+03 2.6024e+18 1.5088e+18 1.5088e+18 6.4252e-02 0.0000e+00 6.6176e+04 0.0000e+00
2.6800e+03 8.5587e-12 7.9908e-01 1.7047e+03 3.1707e+03 4.4000e+03 2.6258e+18 1.5195e+18 1.5195e+18 6.4045e-02 0.0000e+00 6.6363e+04 0.0000e+00
2.6900e+03 8.5259e-12 7.9859e-01 1.7042e+03 3.1697e+03 4.4000e+03 2.6494e+18 1.5302e+18 1.5302e+18 6.3839e-02 0.0000e+00 6.6551e+04 0.0000e+00
2.7000e+03 8.4931e-12 7.9809e-01 1.7036e+03 3.1686e+03 4.4000e+03 2.6733e+18 1.5410e+18 1.5410e+18 6.3633e-02 0.0000e+00 6.6739e+04 0.0000e+00
2.7100e+03 8.4605e-12 7.9759e-01 1.7030e+03 3.1676e+03 4.4000e+03 2.6973e+18 1.5519e+18 1.5519e+18 6.3428e-02 0.0000e+00 6.6928e+04 0.0000e+00
2.7200e+03 8.4280e-12 7.9710e-01 1.7025e+03 3.1665e+03 4.4000e+03 2.7217e+18 1.5629e+18 1.5629e+18 6.3224e-02 0.0000e+00 6.7117e+04 0.0000e+00
2.7300e+03 8.3957e-12 7.9660e-01 1.7019e+03 3.1655e+03 4.4000e+03 2.7462e+18 1.5740e+18 1.5740e+18 6.3020e-02 0.0000e+00 6.7307e+04 0.0000e+00
2.7400e+03 8.3634e-12 7.9610e-01 1.7013e+03 3.1644e+03 4.4000e+03 2.7710e+18 1.5851e+18 1.5851e+18 6.2818e-02 0.0000e+00 6.7498e+04 0.0000e+00
2.7500e+03 8.3313e-12 7.9560e-01 1.7008e+03 3.1634e+03 4.4000e+03 2.7960e+18 1.5963e+18 1.5963e+18 6.2616e-02 0.0000e+00 6.7689e+04 0.0000e+00
2.7600e+03 8.2993e-12 7.9511e-01 1.7002e+03 3.1623e+03 4.4000e+03 2.8213e+18 1.6076e+18 1.6076e+18 6.2414e-02 0.0000e+00 6.7880e+04 0.0000e+00
2.7700e+03 8.2675e-12 7.9461e-01 1.6997e+03 3.1613e+03 4.4000e+03 2.8468e+18 1.6189e+18 1.6189e+18 6.2213e-02 0.0000e+00 6.8072e+04 0.0000e+00
2.7800e+03 8.2357e-12 7.9411e-01 1.6991e+03 3.1602e+03 4.4000e+03 2.8726e+18 1.6303e+18 1.6303e+18 6.2013e-02 0.0000e+00 6.8264e+04 0.0000e+00
2.7900e+03 8.2041e-12 7.9361e-01 1.6985e+03 3.1592e+03 4.4000e+03 2.8986e+18 1.6419e+18 1.6419e+18 6.1814e-02 0.0000e+00 6.8457e+04 0.0000e+00
2.8000e+03 8.1726e-12 7.9311e-01 1.6980e+03 3.1581e+03 4.4000e+03 2.9248e+18 1.6535e+18 1.6535e+18 6.1615e-02 0.0000e+00 6.8651e+04 0.0000e+00
2.8100e+03 8.1412e-12 7.9261e-01 1.6974e+03 3.1571e+03 4.4000e+03 2.9513e+18 1.6651e+18 1.6651e+18 6.1417e-02 0.0000e+00 6.8844e+04 0.0000e+00
2.8200e+03 8.1099e-12 7.9211e-01 1.6969e+03 3.1561e+03 4.4000e+03 2.9781e+18 1.6769e+18 1.6769e+18 6.1220e-02 0.0000e+00 6.9039e+04 0.0000e+00
2.8300e+03 8.0788e-12 7.9161e-01 1.6963e+03 3.1550e+03 4.4000e+03 3.0051e+18 1.6887e+18 1.6887e+18 6.1024e-02 0.0000e+00 6.9234e+04 0.0000e+00
2.8400e+03 8.0478e-12 7.9111e-01 1.6957e+03 3.1540e+03 4.4000e+03 3.0324e+18 1.7006e+18 1.7006e+18 6.0828e-02 0.0000e+00 6.9429e+04 0.0000e+00
2.8500e+03 8.0169e-12 7.9061e-01 1.6952e+03 3.1529e+03 4.4000e+03 3.0599e+18 1.7126e+18 1.7126e+18 6.0632e-02 0.0000e+00 6.9625e+04 0.0000e+00
2.8600e+03 7.9861e-12 7.9011e-01 1.6946e+03 3.1519e+03 4.4000e+03 3.0877e+18 1.7247e+18 1.7247e+18 6.0438e-02 0.0000e+00 6.9822e+04 0.0000e+00
2.8700e+03 7.9554e-12 7.8961e-01 1.6941e+03 3.1509e+03 4.4000e+03 3.1158e+18 1.7369e+18 1.7369e+18 6.0244e-02 0.0000e+00 7.0019e+04 0.0000e+00
2.8800e+03 7.9249e-12 7.8911e-01 1.6935e+03 3.1498e+03 4.4000e+03 3.1441e+18 1.7491e+18 1.7491e+18 6.0051e-02 0.0000e+00 7.0216e+04 0.0000e+00
2.8900e+03 7.8944e-12 7.8861e-01 1.6930e+03 3.1488e+03 4.4000e+03 3.1727e+18 1.7615e+18 1.7615e+18 5.9858e-02 0.0000e+00 7.0414e+04 0.0000e+00
2.9000e+03 7.8641e-12 7.8811e-01 1.6924e+03 3.1478e+03 4.4000e+03 3.2016e+18 1.7739e+18 1.7739e+18 5.9666e-02 0.0000e+00 7.0612e+04 0.0000e+00
2.9100e+03 7.8339e-12 7.8761e-01 1.6918e+03 3.1467e+03 4.4000e+03 3.2307e+18 1.7864e+18 1.7864e+18 5.9475e-02 0.0000e+00 7.0811e+04 0.0000e+00
2.9200e+03 7.8038e-12 7.8710e-01 1.6913e+03 3.1457e+03 4.4000e+03 3.2602e+18 1.7990e+18 1.7990e+18 5.9285e-02 0.0000e+00 7.1011e+04 0.0000e+00
2.9300e+03 7.7739e-12 7.8660e-01 1.6907e+03 3.1447e+03 4.4000e+03 3.2899e+18 1.8116e+18 1.8116e+18 5.9095e-02 0.0000e+00 7.1211e+04 0.0000e+00
2.9400e+03 7.7440e-12 7.8610e-01 1.6902e+03 3.1436e+03 4.4000e+03 3.3199e+18 1.8244e+18 1.8244e+18 5.8906e-02 0.0000e+00 7.1411e+04 0.0000e+00
2.9500e+03 7.7143e-12 7.8559e-01 1.6896e+03 3.1426e+03 4.4000e+03 3.3502e+18 1.8373e+18 1.8373e+18 5.8717e-02 0.0000e+00 7.1612e+04 0.0000e+00
2.9600e+03 7.6847e-12 7.8509e-01 1.6891e+03 3.1416e+03 4.4000e+03 3.3808e+18 1.8502e+18 1.8502e+18 5.8529e-02 0.0000e+00 7.1814e+04 0.0000e+00
2.9700e+03 7.6551e-12 7.8458e-01 1.6885e+03 3.1406e+03 4.4000e+03 3.4117e+18 1.8632e+18 1.8632e+18 5.8342e-02 0.0000e+00 7.2016e+04 0.0000e+00
2.9800e+03 7.6258e-12 7.8408e-01 1.6880e+03 3.1395e+03 4.4000e+03 3.4429e+18 1.8763e+18 1.8763e+18 5.8155e-02 0.0000e+00 7.2219e+04 0.0000e+00
2.9900e+03 7.5965e-12 7.8357e-01 1.6874e+03 3.1385e+03 4.4000e+03 3.4744e+18 1.8895e+18 1.8895e+18 5.7969e-02 0.0000e+00 7.2422e+04 0.0000e+00
3.0000e+03 7.5673e-12 7.8307e-01 1.6869e+03 3.1375e+03 4.4000e+03 3.5062e+18 1.9028e+18 1.9028e+18 5.7784e-02 0.0000e+00 7.2625e+04 0.0000e+00
3.0100e+03 7.5382e-12 7.8256e-01 1.6863e+03 3.1364e+03 4.4000e+03 3.5383e+18 1.9162e+18 1.9162e+18 5.7599e-02 0.0000e+00 7.2829e+04 0.0000e+00
3.0200e+03 7.5093e-12 7.8205e-01 1.6858e+03 3.1354e+03 4.4000e+03 3.5707e+18 1.9297e+18 1.9297e+18 5.7415e-02 0.0000e+00 7.3034e+04 0.0000e+00
3.0300e+03 7.4805e-12 7.8155e-01 1.6852e+03 3.1344e+03 4.4000e+03 3.6034e+18 1.9433e+18 1.9433e+18 5.7232e-02 0.0000e+00 7.3239e+04 0.0000e+00
3.0400e+03 7.4517e-12 7.8104e-01 1.6847e+03 3.1334e+03 4.4000e+03 3.6364e+18 1.9569e+18 1.9569e+18 5.7049e-02 0.0000e+00 7.3445e+04 0.0000e+00
3.0500e+03 7.4231e-12 7.8053e-01 1.6841e+03 3.1324e+03 4.4000e+03 3.6698e+18 1.9707e+18 1.9707e+18 5.6867e-02 0.0000e+00 7.3651e+04 0.0000e+00
3.0600e+03 7.3946e-12 7.8002e-01 1.6836e+03 3.1313e+03 4.4000e+03 3.7035e+18 1.9845e+18 1.9845e+18 5.6686e-02 0.0000e+00 7.3858e+04 0.0000e+00
3.0700e+03 7.3662e-12 7.7951e-01 1.6830e+03 3.1303e+03 4.4000e+03 3.7375e+18 1.9985e+18 1.9985e+18 5.6505e-02 0.0000e+00 7.4065e+04 0.0000e+00
3.0800e+03 7.3379e-12 7.7900e-01 1.6825e+03 3.1293e+03 4.4000e+03 3.7718e+18 2.0125e+18 2.0125e+18 5.6325e-02 0.0000e+00 7.4273e+04 0.0000e+00
3.0900e+03 7.3098e-12 7.7849e-01 1.6819e+03 3.1283e+03 4.4000e+03 3.8065e+18 2.0266e+18 2.0266e+18 5.6145e-02 0.0000e+00 7.4481e+04 0.0000e+00
3.1000e+03 7.2817e-12 7.7798e-01 1.6814e+03 3.1273e+03 4.4000e+03 3.8415e+18 2.0409e+18 2.0409e+18 5.5966e-02 0.0000e+00 7.4690e+04 0.0000e+00
3.1100e+03 7.2537e-12 7.7747e-01 1.6808e+03 3.1262e+03 4.4000e+03 3.8768e+18 2.0552e+18 2.0552e+18 5.5788e-02 0.0000e+00 7.4899e+04 0.0000e+00
3.1200e+03 7.2259e-12 7.7696e-01 1.6803e+03 3.1252e+03 4.4000e+03 3.9125e+18 2.0696e+18 2.0696e+18 5.5611e-02 0.0000e+00 7.5109e+04 0.0000e+00
3.1300e+03 7.1981e-12 7.7645e-01 1.6797e+03 3.1242e+03 4.4000e+03 3.9485e+18 2.0841e+18 2.0841e+18 5.5433e-02 0.0000e+00 7.5319e+04 0.0000e+00
3.1400e+03 7.1705e-12 7.7594e-01 1.6792e+03 3.1232e+03 4.4000e+03 3.9849e+18 2.0987e+18 2.0987e+18 5.5257e-02 0.0000e+00 7.5530e+04 0.0000e+00
3.1500e+03 7.1429e-12 7.7542e-01 1.6786e+03 3.1222e+03 4.4000e+03 4.0216e+18 2.1135e+18 2.1135e+18 5.5081e-02 0.0000e+00 7.5741e+04 0.0000e+00
3.1600e+03 7.1155e-12 7.7491e-01 1.6781e+03 3.1212e+03 4.4000e+03 4.0587e+18 2.1283e+18 2.1283e+18 5.4906e-02 0.0000e+00 7.5953e+04 0.0000e+00
3.1700e+03 7.0882e-12 7.7439e-01 1.6776e+03 3.1202e+03 4.4000e+03 4.0962e+18 2.1432e+18 2.1432e+18 5.4732e-02 0.0000e+00 7.6166e+04 0.0000e+00
3.1800e+03 7.0610e-12 7.7388e-01 1.6770e+03 3.1192e+03 4.4000e+03 4.1340e+18 2.1582e+18 2.1582e+18 5.4558e-02 0.0000e+00 7.6379e+04 0.0000e+00
3.1900e+03 7.0339e-12 7.7337e-01 1.6765e+03 3.1182e+03 4.4000e+03 4.1722e+18 2.1733e+18 2.1733e+18 5.4384e-02 0.0000e+00 7.6592e+04 0.0000e+00
3.2000e+03 7.0069e-12 7.7285e-01 1.6759e+03 3.1171e+03 4.4000e+03 4.2107e+18 2.1885e+18 2.1885e+18 5.4212e-02 0.0000e+00 7.6806e+04 0.0000e+00
3.2100e+03 6.9799e-12 7.7233e-01 1.6754e+03 3.1161e+03 4.4000e+03 4.2496e+18 2.2039e+18 2.2039e+18 5.4040e-02 0.0000e+00 7.7021e+04 0.0000e+00
3.2200e+03 6.9531e-12 7.7182e-01 1.6749e+03 3.1151e+03 4.4000e+03 4.2889e+18 2.2193e+18 2.2193e+18 5.3868e-02 0.0000e+00 7.7236e+04 0.0000e+00
3.2300e+03 6.9264e-12 7.7130e-01 1.6743e+03 3.1141e+03 4.4000e+03 4.3286e+18 2.2348e+18 2.2348e+18 5.3697e-02 0.0000e+00 7.7452e+04 0.0000e+00
3.2400e+03 6.8998e-12 7.7078e-01 1.6738e+03 3.1131e+03 4.4000e+03 4.3687e+18 2.2504e+18 2.2504e+18 5.3527e-02 0.0000e+00 7.7668e+04 0.0000e+00
3.2500e+03 6.8733e-12 7.7027e-01 1.6732e+03 3.1121e+03 4.4000e+03 4.4092e+18 2.2662e+18 2.2662e+18 5.3357e-02 0.0000e+00 7.7884e+04 0.0000e+00
3.2600e+03 6.8470e-12 7.6975e-01 1.6727e+03 3.1111e+03 4.4000e+03 4.4500e+18 2.2820e+18 2.2820e+18 5.3188e-02 0.0000e+00 7.8102e+04 0.0000e+00
3.2700e+03 6.8207e-12 7.6923e-01 1.6722e+03 3.1101e+03 4.4000e+03 4.4913e+18 2.2980e+18 2.2980e+18 5.3020e-02 0.0000e+00 7.8319e+04 0.0000e+00
3.2800e+03 6.7945e-12 7.6871e-01 1.6716e+03 3.1091e+03 4.4000e+03 4.5329e+18 2.3140e+18 2.3140e+18 5.2852e-02 0.0000e+00 7.8538e+04 0.0000e+00
3.2900e+03 6.7684e-12 7.6819e-01 1.6711e+03 3.1081e+03 4.4000e+03 4.5750e+18 2.3302e+18 2.3302e+18 5.2684e-02 0.0000e+00 7.8756e+04 0.0000e+00
3.3000e+03 6.7424e-12 7.6767e-01 1.6705e+03 3.1071e+03 4.4000e+03 4.6175e+18 2.3465e+18 2.3465e+18 5.2518e-02 0.0000e+00 7.8976e+04 0.0000e+00
3.3100e+03 6.7165e-12 7.6715e-01 1.6700e+03 3.1061e+03 4.4000e+03 4.6604e+18 2.3628e+18 2.3628e+18 5.2352e-02 0.0000e+00 7.9196e+04 0.0000e+00
3.3200e+03 6.6907e-12 7.6662e-01 1.6695e+03 3.1051e+03 4.4000e+03 4.7037e+18 2.3793e+18 2.3793e+18 5.2186e-02 0.0000e+00 7.9416e+04 0.0000e+00
3.3300e+03 6.6650e-12 7.6610e-01 1.6689e+03 3.1041e+03 4.4000e+03 4.7474e+18 2.3959e+18 2.3959e+18 5.2021e-02 0.0000e+00 7.9637e+04 0.0000e+00
3.3400e+03 6.6394e-12 7.6558e-01 1.6684e+03 3.1031e+03 4.4000e+03 4.7916e+18 2.4126e+18 2.4126e+18 5.1857e-02 0.0000e+00 7.9858e+04 0.0000e+00
3.3500e+03 6.6139e-12 7.6505e-01 1.6679e+03 3.1021e+03 4.4000e+03 4.8361e+18 2.4295e+18 2.4295e+18 5.1693e-02 0.0000e+00 8.0080e+04 0.0000e+00
3.3600e+03 6.5885e-12 7.6453e-01 1.6673e+03 3.1012e+03 4.4000e+03 4.8812e+18 2.4464e+18 2.4464e+18 5.1530e-02 0.0000e+00 8.0303e+04 0.0000e+00
3.3700e+03 6.5632e-12 7.6401e-01 1.6668e+03 3.1002e+03 4.4000e+03 4.9266e+18 2.4635e+18 2.4635e+18 5.1367e-02 0.0000e+00 8.0526e+04 0.0000e+00
3.3800e+03 6.5380e-12 7.6348e-01 1.6663e+03 3.0992e+03 4.4000e+03 4.9725e+18 2.4806e+18 2.4806e+18 5.1205e-02 0.0000e+00 8.0750e+04 0.0000e+00
3.3900e+03 6.5129e-12 7.6295e-01 1.6657e+03 3.0982e+03 4.4000e+03 5.0189e+18 2.4979e+18 2.4979e+18 5.1044e-02 0.0000e+00 8.0974e+04 0.0000e+00
3.4000e+03 6.4879e-12 7.6243e-01 1.6652e+03 3.0972e+03 4.4000e+03 5.0657e+18 2.5153e+18 2.5153e+18 5.0883e-02 0.0000e+00 8.1199e+04 0.0000e+00
3.4100e+03 6.4630e-12 7.6190e-01 1.6647e+03 3.0962e+03 4.4000e+03 5.1130e+18 2.5328e+18 2.5328e+18 5.0722e-02 0.0000e+00 8.1424e+04 0.0000e+00
3.4200e+03 6.4382e-12 7.6137e-01 1.6641e+03 3.0952e+03 4.4000e+03 5.1607e+18 2.5504e+18 2.5504e+18 5.0563e-02 0.0000e+00 8.1650e+04 0.0000e+00
3.4300e+03 6.4135e-12 7.6085e-01 1.6636e+03 3.0942e+03 4.4000e+03 5.2089e+18 2.5682e+18 2.5682e+18 5.0403e-02 0.0000e+00 8.1876e+04 0.0000e+00
3.4400e+03 6.3888e-12 7.6032e-01 1.6631e+03 3.0932e+03 4.4000e+03 5.2576e+18 2.5860e+18 2.5860e+18 5.0245e-02 0.0000e+00 8.2103e+04 0.0000e+00
3.4500e+03 6.3643e-12 7.5979e-01 1.6626e+03 3.0923e+03 4.4000e+03 5.3068e+18 2.6040e+18 2.6040e+18 5.0087e-02 0.0000e+00 8.2330e+04 0.0000e+00
3.4600e+03 6.3399e-12 7.5926e-01 1.6620e+03 3.0913e+03 4.4000e+03 5.3564e+18 2.6221e+18 2.6221e+18 4.9929e-02 0.0000e+00 8.2558e+04 0.0000e+00
3.4700e+03 6.3155e-12 7.5873e-01 1.6615e+03 3.0903e+03 4.4000e+03 5.4065e+18 2.6403e+18 2.6403e+18 4.9772e-02 0.0000e+00 8.2787e+04 0.0000e+00
3.4800e+03 6.2913e-12 7.5820e-01 1.6610e+03 3.0893e+03 4.4000e+03 5.4571e+18 2.6587e+18 2.6587e+18 4.9616e-02 0.0000e+00 8.3016e+04 0.0000e+00
3.4900e+03 6.2671e-12 7.5767e-01 1.6604e+03 3.0883e+03 4.4000e+03 5.5082e+18 2.6771e+18 2.6771e+18 4.9460e-02 0.0000e+00 8.3245e+04 0.0000e+00
3.5000e+03 6.2430e-12 7.5713e-01 1.6599e+03 3.0874e+03 4.4000e+03 5.5599e+18 2.6957e+18 2.6957e+18 4.9305e-02 0.0000e+00 8.3476e+04 0.0000e+00
3.5100e+03 6.2191e-12 7.5660e-01 1.6594e+03 3.0864e+03 4.4000e+03 5.6120e+18 2.7144e+18 2.7144e+18 4.9150e-02 0.0000e+00 8.3706e+04 0.0000e+00
3.5200e+03 6.1952e-12 7.5607e-01 1.6589e+03 3.0854e+03 4.4000e+03 5.6646e+18 2.7332e+18 2.7332e+18 4.8996e-02 0.0000e+00 8.3938e+04 0.0000e+00
3.5300e+03 6.1714e-12 7.5553e-01 1.6583e+03 3.0844e+03 4.4000e+03 5.7178e+18 2.7522e+18 2.7522e+18 4.8842e-02 0.0000e+00 8.4169e+04 0.0000e+00
3.5400e+03 6.1477e-12 7.5500e-01 1.6578e+03 3.0834e+03 4.4000e+03 5.7715e+18 2.7713e+18 2.7713e+18 4.8689e-02 0.0000e+00 8.4402e+04 0.0000e+00
3.5500e+03 6.1241e-12 7.5446e-01 1.6573e+03 3.0825e+03 4.4000e+03 5.8257e+18 2.7905e+18 2.7905e+18 4.8536e-02 0.0000e+00 8.4635e+04 0.0000e+00
3.5600e+03 6.1006e-12 7.5393e-01 1.6568e+03 3.0815e+03 4.4000e+03 5.8804e+18 2.8098e+18 2.8098e+18 4.8384e-02 0.0000e+00 8.4868e+04 0.0000e+00
3.5700e+03 6.0771e-12 7.5339e-01 1.6562e+03 3.0805e+03 4.4000e+03 5.9357e+18 2.8293e+18 2.8293e+18 4.8233e-02 0.0000e+00 8.5102e+04 0.0000e+00
3.5800e+03 6.0538e-12 7.5286e-01 1.6557e+03 3.0795e+03 4.4000e+03 5.9915e+18 2.8489e+18 2.8489e+18 4.8082e-02 0.0000e+00 8.5337e+04 0.0000e+00
3.5900e+03 6.0306e-12 7.5232e-01 1.6552e+03 3.0786e+03 4.4000e+03 6.0479e+18 2.8686e+18 2.8686e+18 4.7932e-02 0.0000e+00 8.5572e+04 0.0000e+00
3.6000e+03 6.0074e-12 7.5178e-01 1.6547e+03 3.0776e+03 4.4000e+03 6.1049e+18 2.8884e+18 2.8884e+18 4.7782e-02 0.0000e+00 8.5807e+04 0.0000e+00
3.6100e+03 5.9843e-12 7.5124e-01 1.6542e+03 3.0766e+03 4.4000e+03 6.1624e+18 2.9084e+18 2.9084e+18 4.7632e-02 0.0000e+00 8.6044e+04 0.0000e+00
3.6200e+03 5.9614e-12 7.5070e-01 1.6536e+03 3.0757e+03 4.4000e+03 6.2204e+18 2.9285e+18 2.9285e+18 4.7483e-02 0.0000e+00 8.6280e+04 0.0000e+00
3.6300e+03 5.9385e-12 7.5016e-01 1.6531e+03 3.0747e+03 4.4000e+03 6.2791e+18 2.9488e+18 2.9488e+18 4.7335e-02 0.0000e+00 8.6518e+04 0.0000e+00
3.6400e+03 5.9157e-12 7.4962e-01 1.6526e+03 3.0737e+03 4.4000e+03 6.3383e+18 2.9691e+18 2.9691e+18 4.7187e-02 0.0000e+00 8.6756e+04 0.0000e+00
3.6500e+03 5.8929e-12 7.4908e-01 1.6521e+03 3.0728e+03 4.4000e+03 6.3981e+18 2.9896e+18 2.9896e+18 4.7040e-02 0.0000e+00 8.6994e+04 0.0000e+00
3.6600e+03 5.8703e-12 7.4854e-01 1.6516e+03 3.0718e+03 4.4000e+03 6.4585e+18 3.0103e+18 3.0103e+18 4.6893e-02 0.0000e+00 8.7233e+04 0.0000e+00
3.6700e+03 5.8478e-12 7.4800e-01 1.6510e+03 3.0708e+03 4.4000e+03 6.5195e+18 3.0311e+18 3.0311e+18 4.6747e-02 0.0000e+00 8.7473e+04 0.0000e+00
3.6800e+03 5.8253e-12 7.4746e-01 1.6505e+03 3.0699e+03 4.4000e+03 6.5811e+18 3.0520e+18 3.0520e+18 4.6601e-02 0.0000e+00 8.7713e+04 0.0000e+00
3.6900e+03 5.8029e-12 7.4691e-01 1.6500e+03 3.0689e+03 4.4000e+03 6.6434e+18 3.0730e+18 3.0730e+18 4.6456e-02 0.0000e+00 8.7954e+04 0.0000e+00
3.7000e+03 5.7807e-12 7.4637e-01 1.6495e+03 3.0680e+03 4.4000e+03 6.7062e+18 3.0942e+18 3.0942e+18 4.6312e-02 0.0000e+00 8.8195e+04 0.0000e+00
3.7100e+03 5.7585e-12 7.4582e-01 1.6490e+03 3.0670e+03 4.4000e+03 6.7697e+18 3.1155e+18 3.1155e+18 4.6167e-02 0.0000e+00 8.8437e+04 0.0000e+00
3.7200e+03 5.7364e-12 7.4528e-01 1.6485e+03 3.0660e+03 4.4000e+03 6.8337e+18 3.1370e+18 3.1370e+18 4.6024e-02 0.0000e+00 8.8679e+04 0.0000e+00
3.7300e+03 5.7143e-12 7.4473e-01 1.6479e+03 3.0651e+03 4.4000e+03 6.8985e+18 3.1586e+18 3.1586e+18 4.5881e-02 0.0000e+00 8.8922e+04 0.0000e+00
3.7400e+03 5.6924e-12 7.4419e-01 1.6474e+03 3.0641e+03 4.4000e+03 6.9638e+18 3.1804e+18 3.1804e+18 4.5738e-02 0.0000e+00 8.9166e+04 0.0000e+00
3.7500e+03 5.6705e-12 7.4364e-01 1.6469e+03 3.0632e+03 4.4000e+03 7.0299e+18 3.2023e+18 3.2023e+18 4.5596e-02 0.0000e+00 8.9410e+04 0.0000e+00
3.7600e+03 5.6488e-12 7.4309e-01 1.6464e+03 3.0622e+03 4.4000e+03 7.0965e+18 3.2243e+18 3.2243e+18 4.5454e-02 0.0000e+00 8.9654e+04 0.0000e+00
3.7700e+03 5.6271e-12 7.4254e-01 1.6459e+03 3.0612e+03 4.4000e+03 7.1639e+18 3.2465e+18 3.2465e+18 4.5313e-02 0.0000e+00 8.9900e+04 0.0000e+00
3.7800e+03 5.6055e-12 7.4199e-01 1.6454e+03 3.0603e+03 4.4000e+03 7.2319e+18 3.2688e+18 3.2688e+18 4.5173e-02 0.0000e+00 9.0145e+04 0.0000e+00
3.7900e+03 5.5839e-12 7.4145e-01 1.6449e+03 3.0593e+03 4.4000e+03 7.3006e+18 3.2913e+18 3.2913e+18 4.5032e-02 0.0000e+00 9.0392e+04 0.0000e+00
3.8000e+03 5.5625e-12 7.4090e-01 1.6443e+03 3.0584e+03 4.4000e+03 7.3700e+18 3.3139e+18 3.3139e+18 4.4893e-02 0.0000e+00 9.0639e+04 0.0000e+00
3.8100e+03 5.5411e-12 7.4034e-01 1.6438e+03 3.0574e+03 4.4000e+03 7.4400e+18 3.3366e+18 3.3366e+18 4.4754e-02 0.0000e+00 9.0886e+04 0.0000e+00
3.8200e+03 5.5198e-12 7.3979e-01 1.6433e+03 3.0565e+03 4.4000e+03 7.5108e+18 3.3596e+18 3.3596e+18 4.4615e-02 0.0000e+00 9.1134e+04 0.0000e+00
3.8300e+03 5.4987e-12 7.3924e-01 1.6428e+03 3.0555e+03 4.4000e+03 7.5823e+18 3.3826e+18 3.3826e+18 4.4477e-02 0.0000e+00 9.1383e+04 0.0000e+00
3.8400e+03 5.4775e-12 7.3869e-01 1.6423e+03 3.0546e+03 4.4000e+03 7.6545e+18 3.4058e+18 3.4058e+18 4.4339e-02 0.0000e+00 9.1632e+04 0.0000e+00
3.8500e+03 5.4565e-12 7.3814e-01 1.6418e+03 3.0536e+03 4.4000e+03 7.7274e+18 3.4292e+18 3.4292e+18 4.4202e-02 0.0000e+00 9.1882e+04 0.0000e+00
3.8600e+03 5.4355e-12 7.3758e-01 1.6413e+03 3.0527e+03 4.4000e+03 7.8010e+18 3.4527e+18 3.4527e+18 4.4065e-02 0.0000e+00 9.2132e+04 0.0000e+00
3.8700e+03 5.4147e-12 7.3703e-01 1.6408e+03 3.0518e+03 4.4000e+03 7.8754e+18 3.4764e+18 3.4764e+18 4.3929e-02 0.0000e+00 9.2383e+04 0.0000e+00
3.8800e+03 5.3939e-12 7.3647e-01 1.6403e+03 3.0508e+03 4.4000e+03 7.9505e+18 3.5002e+18 3.5002e+18 4.3794e-02 0.0000e+00 9.2635e+04 0.0000e+00
3.8900e+03 5.3732e-12 7.3592e-01 1.6398e+03 3.0499e+03 4.4000e+03 8.0264e+18 3.5241e+18 3.5241e+18 4.3658e-02 0.0000e+00 9.2887e+04 0.0000e+00
3.9000e+03 5.3525e-12 7.3536e-01 1.6393e+03 3.0489e+03 4.4000e+03 8.1030e+18 3.5483e+18 3.5483e+18 4.3524e-02 0.0000e+00 9.3140e+04 0.0000e+00
3.9100e+03 5.3320e-12 7.3480e-01 1.6387e+03 3.0480e+03 4.4000e+03 8.1804e+18 3.5726e+18 3.5726e+18 4.3389e-02 0.0000e+00 9.3393e+04 0.0000e+00
3.9200e+03 5.3115e-12 7.3425e-01 1.6382e+03 3.0470e+03 4.4000e+03 8.2586e+18 3.5970e+18 3.5970e+18 4.3255e-02 0.0000e+00 9.3647e+04 0.0000e+00
3.9300e+03 5.2911e-12 7.3369e-01 1.6377e+03 3.0461e+03 4.4000e+03 8.3375e+18 3.6216e+18 3.6216e+18 4.3122e-02 0.0000e+00 9.3901e+04 0.0000e+00
3.9400e+03 5.2708e-12 7.3313e-01 1.6372e+03 3.0452e+03 4.4000e+03 8.4173e+18 3.6463e+18 3.6463e+18 4.2989e-02 0.0000e+00 9.4156e+04 0.0000e+00
3.9500e+03 5.2506e-12 7.3257e-01 1.6367e+03 3.0442e+03 4.4000e+03 8.4978e+18 3.6713e+18 3.6713e+18 4.2857e-02 0.0000e+00 9.4412e+04 0.0000e+00
3.9600e+03 5.2304e-12 7.3201e-01 1.6362e+03 3.0433e+03 4.4000e+03 8.5792e+18 3.6963e+18 3.6963e+18 4.2725e-02 0.0000e+00 9.4668e+04 0.0000e+00
3.9700e+03 5.2103e-12 7.3145e-01 1.6357e+03 3.0424e+03 4.4000e+03 8.6614e+18 3.7216e+18 3.7216e+18 4.2593e-02 0.0000e+00 9.4924e+04 0.0000e+00
3.9800e+03 5.1903e-12 7.3089e-01 1.6352e+03 3.0414e+03 4.4000e+03 8.7444e+18 3.7470e+18 3.7470e+18 4.2462e-02 0.0000e+00 9.5182e+04 0.0000e+00
3.9900e+03 5.1704e-12 7.3033e-01 1.6347e+03 3.0405e+03 4.4000e+03 8.8282e+18 3.7725e+18 3.7725e+18 4.2332e-02 0.0000e+00 9.5440e+04 0.0000e+00
4.0000e+03 5.1505e-12 7.2977e-01 1.6342e+03 3.0396e+03 4.4000e+03 8.9129e+18 3.7983e+18 3.7983e+18 4.2202e-02 0.0000e+00 9.5698e+04 0.0000e+00
4.0100e+03 5.1307e-12 7.2920e-01 1.6337e+03 3.0386e+03 4.4000e+03 8.9984e+18 3.8242e+18 3.8242e+18 4.2072e-02 0.0000e+00 9.5957e+04 0.0000e+00
4.0200e+03 5.1110e-12 7.2864e-01 1.6332e+03 3.0377e+03 4.4000e+03 9.0848e+18 3.8502e+18 3.8502e+18 4.1943e-02 0.0000e+00 9.6217e+04 0.0000e+00
4.0300e+03 5.0914e-12 7.2808e-01 1.6327e+03 3.0368e+03 4.4000e+03 9.1721e+18 3.8765e+18 3.8765e+18 4.1814e-02 0.0000e+00 9.6477e+04 0.0000e+00
4.0400e+03 5.0719e-12 7.2751e-01 1.6322e+03 3.0358e+03 4.4000e+03 9.2603e+18 3.9029e+18 3.9029e+18 4.1686e-02 0.0000e+00 9.6738e+04 0.0000e+00
4.0500e+03 5.0524e-12 7.2695e-01 1.6317e+03 3.0349e+03 4.4000e+03 9.3493e+18 3.9294e+18 3.9294e+18 4.1558e-02 0.0000e+00 9.6999e+04 0.0000e+00
4.0600e+03 5.0330e-12 7.2638e-01 1.6312e+03 3.0340e+03 4.4000e+03 9.4392e+18 3.9562e+18 3.9562e+18 4.1431e-02 0.0000e+00 9.7261e+04 0.0000e+00
4.0700e+03 5.0137e-12 7.2582e-01 1.6307e+03 3.0330e+03 4.4000e+03 9.5301e+18 3.9831e+18 3.9831e+18 4.1304e-02 0.0000e+00 9.7524e+04 0.0000e+00
4.0800e+03 4.9944e-12 7.2525e-01 1.6302e+03 3.0321e+03 4.4000e+03 9.6218e+18 4.0102e+18 4.0102e+18 4.1178e-02 0.0000e+00 9.7787e+04 0.0000e+00
4.0900e+03 4.9752e-12 7.2468e-01 1.6297e+03 3.0312e+03 4.4000e+03 9.7145e+18 4.0374e+18 4.0374e+18 4.1052e-02 0.0000e+00 9.8051e+04 0.0000e+00
4.1000e+03 4.9561e-12 7.2411e-01 1.6292e+03 3.0303e+03 4.4000e+03 9.8082e+18 4.0648e+18 4.0648e+18 4.0926e-02 0.0000e+00 9.8315e+04 0.0000e+00
4.1100e+03 4.9371e-12 7.2354e-01 1.6287e+03 3.0293e+03 4.4000e+03 9.9027e+18 4.0925e+18 4.0925e+18 4.0801e-02 0.0000e+00 9.8580e+04 0.0000e+00
4.1200e+03 4.9181e-12 7.2297e-01 1.6282e+03 3.0284e+03 4.4000e+03 9.9983e+18 4.1202e+18 4.1202e+18 4.0676e-02 0.0000e+00 9.8846e+04 0.0000e+00
4.1300e+03 4.8992e-12 7.2240e-01 1.6277e+03 3.0275e+03 4.4000e+03 1.0095e+19 4.1482e+18 4.1482e+18 4.0552e-02 0.0000e+00 9.9112e+04 0.0000e+00
4.1400e+03 4.8804e-12 7.2183e-01 1.6272e+03 3.0266e+03 4.4000e+03 1.0192e+19 4.1763e+18 4.1763e+18 4.0428e-02 0.0000e+00 9.9379e+04 0.0000e+00
4.1500e+03 4.8617e-12 7.2126e-01 1.6267e+03 3.0257e+03 4.4000e+03 1.0291e+19 4.2047e+18 4.2047e+18 4.0305e-02 0.0000e+00 9.9646e+04 0.0000e+00
4.1600e+03 4.8430e-12 7.2069e-01 1.6263e+03 3.0247e+03 4.4000e+03 1.0390e+19 4.2332e+18 4.2332e+18 4.0182e-02 0.0000e+00 9.9914e+04 0.0000e+00
4.1700e+03 4.8244e-12 7.2012e-01 1.6258e+03 3.0238e+03 4.4000e+03 1.0491e+19 4.2618e+18 4.2618e+18 4.0060e-02 0.0000e+00 1.0018e+05 0.0000e+00
4.1800e+03 4.8059e-12 7.1955e-01 1.6253e+03 3.0229e+03 4.4000e+03 1.0592e+19 4.2907e+18 4.2907e+18 3.9938e-02 0.0000e+00 1.0045e+05 0.0000e+00
4.1900e+03 4.7874e-12 7.1897e-01 1.6248e+03 3.0220e+03 4.4000e+03 1.0695e+19 4.3197e+18 4.3197e+18 3.9816e-02 0.0000e+00 1.0072e+05 0.0000e+00
4.2000e+03 4.7691e-12 7.1840e-01 1.6243e+03 3.0211e+03 4.4000e+03 1.0798e+19 4.3490e+18 4.3490e+18 3.9695e-02 0.0000e+00 1.0099e+05 0.0000e+00
4.2100e+03 4.7507e-12 7.1782e-01 1.6238e+03 3.0202e+03 4.4000e+03 1.0903e+19 4.3784e+18 4.3784e+18 3.9574e-02 0.0000e+00 1.0126e+05 0.0000e+00
4.2200e+03 4.7325e-12 7.1725e-01 1.6233e+03 3.0193e+03 4.4000e+03 1.1009e+19 4.4080e+18 4.4080e+18 3.9454e-02 0.0000e+00 1.0153e+05 0.0000e+00
4.2300e+03 4.7143e-12 7.1667e-01 1.6228e+03 3.0183e+03 4.4000e+03 1.1115e+19 4.4378e+18 4.4378e+18 3.9334e-02 0.0000e+00 1.0181e+05 0.0000e+00
4.2400e+03 4.6962e-12 7.1610e-01 1.6223e+03 3.0174e+03 4.4000e+03 1.1223e+19 4.4678e+18 4.4678e+18 3.9214e-02 0.0000e+00 1.0208e+05 0.0000e+00
4.2500e+03 4.6782e-12 7.1552e-01 1.6218e+03 3.0165e+03 4.4000e+03 1.1332e+19 4.4979e+18 4.4979e+18 3.9095e-02 0.0000e+00 1.0235e+05 0.0000e+00
4.2600e+03 4.6602e-12 7.1494e-01 1.6213e+03 3.0156e+03 4.4000e+03 1.1442e+19 4.5283e+18 4.5283e+18 3.8977e-02 0.0000e+00 1.0263e+05 0.0000e+00
4.2700e+03 4.6423e-12 7.1436e-01 1.6209e+03 3.0147e+03 4.4000e+03 1.1553e+19 4.5589e+18 4.5589e+18 3.8858e-02 0.0000e+00 1.0290e+05 0.0000e+00
4.2800e+03 4.6245e-12 7.1378e-01 1.6204e+03 3.0138e+03 4.4000e+03 1.1666e+19 4.5896e+18 4.5896e+18 3.8740e-02 0.0000e+00 1.0318e+05 0.0000e+00
4.2900e+03 4.6068e-12 7.1320e-01 1.6199e+03 3.0129e+03 4.4000e+03 1.1779e+19 4.6206e+18 4.6206e+18 3.8623e-02 0.0000e+00 1.0345e+05 0.0000e+00
4.3000e+03 4.5891e-12 7.1262e-01 1.6194e+03 3.0120e+03 4.4000e+03 1.1894e+19 4.6517e+18 4.6517e+18 3.8506e-02 0.0000e+00 1.0373e+05 0.0000e+00
4.3100e+03 4.5714e-12 7.1204e-01 1.6189e+03 3.0111e+03 4.4000e+03 1.2009e+19 4.6830e+18 4.6830e+18 3.8389e-02 0.0000e+00 1.0401e+05 0.0000e+00
4.3200e+03 4.5539e-12 7.1146e-01 1.6184e+03 3.0102e+03 4.4000e+03 1.2126e+19 4.7146e+18 4.7146e+18 3.8273e-02 0.0000e+00 1.0428e+05 0.0000e+00
4.3300e+03 4.5364e-12 7.1088e-01 1.6179e+03 3.0093e+03 4.4000e+03 1.2245e+19 4.7463e+18 4.7463e+18 3.8158e-02 0.0000e+00 1.0456e+05 0.0000e+00
4.3400e+03 4.5190e-12 7.1030e-01 1.6175e+03 3.0084e+03 4.4000e+03 1.2364e+19 4.7782e+18 4.7782e+18 3.8042e-02 0.0000e+00 1.0484e+05 0.0000e+00
4.3500e+03 4.5016e-12 7.0971e-01 1.6170e+03 3.0075e+03 4.4000e+03 1.2485e+19 4.8104e+18 4.8104e+18 3.7927e-02 0.0000e+00 1.0512e+05 0.0000e+00
4.3600e+03 4.4843e-12 7.0913e-01 1.6165e+03 3.0066e+03 4.4000e+03 1.2606e+19 4.8427e+18 4.8427e+18 3.7813e-02 0.0000e+00 1.0540e+05 0.0000e+00
4.3700e+03 4.4671e-12 7.0855e-01 1.6160e+03 3.0057e+03 4.4000e+03 1.2729e+19 4.8753e+18 4.8753e+18 3.7699e-02 0.0000e+00 1.0568e+05 0.0000e+00
4.3800e+03 4.4500e-12 7.0796e-01 1.6155e+03 3.0048e+03 4.4000e+03 1.2854e+19 4.9080e+18 4.9080e+18 3.7585e-02 0.0000e+00 1.0596e+05 0.0000e+00
4.3900e+03 4.4329e-12 7.0738e-01 1.6150e+03 3.0039e+03 4.4000e+03 1.2979e+19 4.9410e+18 4.9410e+18 3.7471e-02 0.0000e+00 1.0624e+05 0.0000e+00
4.4000e+03 4.4159e-12 7.0679e-01 1.6146e+03 3.0030e+03 4.4000e+03 1.3106e+19 4.9741e+18 4.9741e+18 3.7359e-02 0.0000e+00 1.0653e+05 0.0000e+00
4.4100e+03 4.3989e-12 7.0620e-01 1.6141e+03 3.0021e+03 4.4000e+03 1.3235e+19 5.0075e+18 5.0075e+18 3.7246e-02 0.0000e+00 1.0681e+05 0.0000e+00
4.4200e+03 4.3820e-12 7.0562e-01 1.6136e+03 3.0012e+03 4.4000e+03 1.3364e+19 5.0411e+18 5.0411e+18 3.7134e-02 0.0000e+00 1.0709e+05 0.0000e+00
4.4300e+03 4.3652e-12 7.0503e-01 1.6131e+03 3.0003e+03 4.4000e+03 1.3495e+19 5.0749e+18 5.0749e+18 3.7022e-02 0.0000e+00 1.0738e+05 0.0000e+00
4.4400e+03 4.3484e-12 7.0444e-01 1.6126e+03 2.9994e+03 4.4000e+03 1.3627e+19 5.1089e+18 5.1089e+18 3.6911e-02 0.0000e+00 1.0766e+05 0.0000e+00
4.4500e+03 4.3317e-12 7.0385e-01 1.6121e+03 2.9985e+03 4.4000e+03 1.3761e+19 5.1431e+18 5.1431e+18 3.6800e-02 0.0000e+00 1.0795e+05 0.0000e+00
4.4600e+03 4.3151e-12 7.0326e-01 1.6117e+03 2.9976e+03 4.4000e+03 1.3896e+19 5.1775e+18 5.1775e+18 3.6689e-02 0.0000e+00 1.0823e+05 0.0000e+00
4.4700e+03 4.2985e-12 7.0267e-01 1.6112e+03 2.9967e+03 4.4000e+03 1.4032e+19 5.2122e+18 5.2122e+18 3.6579e-02 0.0000e+00 1.0852e+05 0.0000e+00
4.4800e+03 4.2820e-12 7.0208e-01 1.6107e+03 2.9958e+03 4.4000e+03 1.4170e+19 5.2470e+18 5.2470e+18 3.6469e-02 0.0000e+00 1.0881e+05 0.0000e+00
4.4900e+03 4.2656e-12 7.0149e-01 1.6102e+03 2.9950e+03 4.4000e+03 1.4309e+19 5.2821e+18 5.2821e+18 3.6360e-02 0.0000e+00 1.0910e+05 0.0000e+00
4.5000e+03 4.2492e-12 7.0090e-01 1.6098e+03 2.9941e+03 4.4000e+03 1.4449e+19 5.3174e+18 5.3174e+18 3.6251e-02 0.0000e+00 1.0938e+05 0.0000e+00
4.5100e+03 4.2329e-12 7.0031e-01 1.6093e+03 2.9932e+03 4.4000e+03 1.4591e+19 5.3529e+18 5.3529e+18 3.6142e-02 0.0000e+00 1.0967e+05 0.0000e+00
4.5200e+03 4.2166e-12 6.9971e-01 1.6088e+03 2.9923e+03 4.4000e+03 1.4735e+19 5.3887e+18 5.3887e+18 3.6034e-02 0.0000e+00 1.0996e+05 0.0000e+00
4.5300e+03 4.2004e-12 6.9912e-01 1.6083e+03 2.9914e+03 4.4000e+03 1.4880e+19 5.4246e+18 5.4246e+18 3.5926e-02 0.0000e+00 1.1025e+05 0.0000e+00
4.5400e+03 4.1843e-12 6.9853e-01 1.6079e+03 2.9905e+03 4.4000e+03 1.5026e+19 5.4608e+18 5.4608e+18 3.5818e-02 0.0000e+00 1.1055e+05 0.0000e+00
4.5500e+03 0.0000e+00 0.0000e+00 1.6074e+03 0.0000e+00 4.4000e+03 0.0000e+00 0.0000e+00 0.0000e+00 0.0000e+00 0.0000e+00 0.0000e+00 0.0000e+00
