0.0000e+00 2.4000e-11 4.4655e-01 1.7000e+03 3.6837e+03 4.4000e+03 2.0704e+18 6.2415e+17 6.2415e+17 4.3841e-01 0.0000e+00 9.6623e+03 0.0000e+00
1.0000e+01 2.3908e-11 4.2541e-01 1.6922e+03 3.6668e+03 4.4000e+03 1.7710e+18 6.8565e+17 6.8565e+17 4.5843e-01 0.0000e+00 9.1891e+03 0.0000e+00
2.0000e+01 2.3816e-11 4.4240e-01 1.6837e+03 3.6484e+03 4.4000e+03 1.9666e+18 7.6003e+17 7.6003e+17 4.3913e-01 0.0000e+00 9.5350e+03 0.0000e+00
3.0000e+01 2.3725e-11 4.5961e-01 1.6758e+03 3.6313e+03 4.4000e+03 2.1808e+18 8.3718e+17 8.3718e+17 4.2106e-01 0.0000e+00 9.8879e+03 0.0000e+00
4.0000e+01 2.3633e-11 4.7626e-01 1.6685e+03 3.6154e+03 4.4000e+03 2.4033e+18 9.1663e+17 9.1663e+17 4.0478e-01 0.0000e+00 1.0231e+04 0.0000e+00
5.0000e+01 2.3543e-11 4.9235e-01 1.6616e+03 3.6006e+03 4.4000e+03 2.6332e+18 9.9814e+17 9.9814e+17 3.9005e-01 0.0000e+00 1.0565e+04 0.0000e+00
6.0000e+01 2.3452e-11 5.0788e-01 1.6553e+03 3.5868e+03 4.4000e+03 2.8700e+18 1.0815e+18 1.0815e+18 3.7667e-01 0.0000e+00 1.0890e+04 0.0000e+00
7.0000e+01 2.3362e-11 5.2287e-01 1.6493e+03 3.5739e+03 4.4000e+03 3.1130e+18 1.1665e+18 1.1665e+18 3.6447e-01 0.0000e+00 1.1205e+04 0.0000e+00
8.0000e+01 2.3273e-11 5.3733e-01 1.6437e+03 3.5617e+03 4.4000e+03 3.3617e+18 1.2529e+18 1.2529e+18 3.5330e-01 0.0000e+00 1.1512e+04 0.0000e+00
9.0000e+01 2.3183e-11 5.5127e-01 1.6384e+03 3.5503e+03 4.4000e+03 3.6156e+18 1.3405e+18 1.3405e+18 3.4304e-01 0.0000e+00 1.1810e+04 0.0000e+00
1.0000e+02 2.3094e-11 5.6470e-01 1.6335e+03 3.5396e+03 4.4000e+03 3.8741e+18 1.4292e+18 1.4292e+18 3.3360e-01 0.0000e+00 1.2100e+04 0.0000e+00
1.1000e+02 2.3005e-11 5.7764e-01 1.6288e+03 3.5294e+03 4.4000e+03 4.1366e+18 1.5189e+18 1.5189e+18 3.2487e-01 0.0000e+00 1.2381e+04 0.0000e+00
1.2000e+02 2.2917e-11 5.9010e-01 1.6244e+03 3.5198e+03 4.4000e+03 4.4028e+18 1.6092e+18 1.6092e+18 3.1679e-01 0.0000e+00 1.2655e+04 0.0000e+00
1.3000e+02 2.2829e-11 6.0210e-01 1.6202e+03 3.5108e+03 4.4000e+03 4.6722e+18 1.7001e+18 1.7001e+18 3.0929e-01 0.0000e+00 1.2922e+04 0.0000e+00
1.4000e+02 2.2741e-11 6.1364e-01 1.6162e+03 3.5022e+03 4.4000e+03 4.9443e+18 1.7915e+18 1.7915e+18 3.0230e-01 0.0000e+00 1.3181e+04 0.0000e+00
1.5000e+02 2.2654e-11 6.2475e-01 1.6125e+03 3.4940e+03 4.4000e+03 5.2187e+18 1.8832e+18 1.8832e+18 2.9578e-01 0.0000e+00 1.3433e+04 0.0000e+00
1.6000e+02 2.2567e-11 6.3544e-01 1.6089e+03 3.4863e+03 4.4000e+03 5.4952e+18 1.9752e+18 1.9752e+18 2.8969e-01 0.0000e+00 1.3679e+04 0.0000e+00
1.7000e+02 2.2480e-11 6.4572e-01 1.6055e+03 3.4789e+03 4.4000e+03 5.7732e+18 2.0672e+18 2.0672e+18 2.8399e-01 0.0000e+00 1.3918e+04 0.0000e+00
1.8000e+02 2.2394e-11 6.5560e-01 1.6022e+03 3.4719e+03 4.4000e+03 6.0525e+18 2.1593e+18 2.1593e+18 2.7863e-01 0.0000e+00 1.4150e+04 0.0000e+00
1.9000e+02 2.2308e-11 6.6510e-01 1.5991e+03 3.4652e+03 4.4000e+03 6.3329e+18 2.2513e+18 2.2513e+18 2.7360e-01 0.0000e+00 1.4377e+04 0.0000e+00
2.0000e+02 2.2223e-11 6.7423e-01 1.5962e+03 3.4588e+03 4.4000e+03 6.6139e+18 2.3431e+18 2.3431e+18 2.6886e-01 0.0000e+00 1.4597e+04 0.0000e+00
2.1000e+02 2.2137e-11 6.8300e-01 1.5934e+03 3.4527e+03 4.4000e+03 6.8955e+18 2.4348e+18 2.4348e+18 2.6439e-01 0.0000e+00 1.4812e+04 0.0000e+00
2.2000e+02 2.2052e-11 6.9143e-01 1.5907e+03 3.4468e+03 4.4000e+03 7.1773e+18 2.5261e+18 2.5261e+18 2.6016e-01 0.0000e+00 1.5022e+04 0.0000e+00
2.3000e+02 2.1967e-11 6.9953e-01 1.5881e+03 3.4412e+03 4.4000e+03 7.4592e+18 2.6172e+18 2.6172e+18 2.5616e-01 0.0000e+00 1.5226e+04 0.0000e+00
2.4000e+02 2.1883e-11 7.0730e-01 1.5856e+03 3.4358e+03 4.4000e+03 7.7409e+18 2.7078e+18 2.7078e+18 2.5237e-01 0.0000e+00 1.5425e+04 0.0000e+00
2.5000e+02 2.1799e-11 7.1477e-01 1.5832e+03 3.4307e+03 4.4000e+03 8.0223e+18 2.7981e+18 2.7981e+18 2.4878e-01 0.0000e+00 1.5619e+04 0.0000e+00
2.6000e+02 2.1715e-11 7.2194e-01 1.5809e+03 3.4257e+03 4.4000e+03 8.3033e+18 2.8879e+18 2.8879e+18 2.4536e-01 0.0000e+00 1.5809e+04 0.0000e+00
2.7000e+02 2.1632e-11 7.2883e-01 1.5787e+03 3.4210e+03 4.4000e+03 8.5837e+18 2.9772e+18 2.9772e+18 2.4211e-01 0.0000e+00 1.5994e+04 0.0000e+00
2.8000e+02 2.1549e-11 7.3544e-01 1.5766e+03 3.4164e+03 4.4000e+03 8.8634e+18 3.0659e+18 3.0659e+18 2.3901e-01 0.0000e+00 1.6175e+04 0.0000e+00
2.9000e+02 2.1466e-11 7.4178e-01 1.5746e+03 3.4120e+03 4.4000e+03 9.1422e+18 3.1542e+18 3.1542e+18 2.3606e-01 0.0000e+00 1.6351e+04 0.0000e+00
3.0000e+02 2.1384e-11 7.4787e-01 1.5726e+03 3.4077e+03 4.4000e+03 9.4203e+18 3.2419e+18 3.2419e+18 2.3324e-01 0.0000e+00 1.6524e+04 0.0000e+00
3.1000e+02 2.1302e-11 7.5371e-01 1.5707e+03 3.4036e+03 4.4000e+03 9.6973e+18 3.3290e+18 3.3290e+18 2.3054e-01 0.0000e+00 1.6692e+04 0.0000e+00
3.2000e+02 2.1220e-11 7.5932e-01 1.5689e+03 3.3997e+03 4.4000e+03 9.9734e+18 3.4156e+18 3.4156e+18 2.2796e-01 0.0000e+00 1.6857e+04 0.0000e+00
3.3000e+02 2.1138e-11 7.6470e-01 1.5671e+03 3.3958e+03 4.4000e+03 1.0248e+19 3.5016e+18 3.5016e+18 2.2548e-01 0.0000e+00 1.7018e+04 0.0000e+00
3.4000e+02 2.1057e-11 7.6986e-01 1.5654e+03 3.3921e+03 4.4000e+03 1.0522e+19 3.5869e+18 3.5869e+18 2.2311e-01 0.0000e+00 1.7176e+04 0.0000e+00
3.5000e+02 2.0976e-11 7.7481e-01 1.5638e+03 3.3885e+03 4.4000e+03 1.0795e+19 3.6717e+18 3.6717e+18 2.2084e-01 0.0000e+00 1.7331e+04 0.0000e+00
3.6000e+02 2.0896e-11 7.7956e-01 1.5622e+03 3.3851e+03 4.4000e+03 1.1067e+19 3.7560e+18 3.7560e+18 2.1865e-01 0.0000e+00 1.7482e+04 0.0000e+00
3.7000e+02 2.0816e-11 7.8411e-01 1.5606e+03 3.3817e+03 4.4000e+03 1.1337e+19 3.8396e+18 3.8396e+18 2.1654e-01 0.0000e+00 1.7631e+04 0.0000e+00
3.8000e+02 2.0736e-11 7.8848e-01 1.5591e+03 3.3784e+03 4.4000e+03 1.1606e+19 3.9227e+18 3.9227e+18 2.1452e-01 0.0000e+00 1.7776e+04 0.0000e+00
3.9000e+02 2.0656e-11 7.9267e-01 1.5576e+03 3.3753e+03 4.4000e+03 1.1874e+19 4.0052e+18 4.0052e+18 2.1256e-01 0.0000e+00 1.7919e+04 0.0000e+00
4.0000e+02 2.0577e-11 7.9669e-01 1.5562e+03 3.3722e+03 4.4000e+03 1.2141e+19 4.0871e+18 4.0871e+18 2.1068e-01 0.0000e+00 1.8059e+04 0.0000e+00
4.1000e+02 2.0498e-11 8.0054e-01 1.5548e+03 3.3692e+03 4.4000e+03 1.2407e+19 4.1685e+18 4.1685e+18 2.0886e-01 0.0000e+00 1.8197e+04 0.0000e+00
4.2000e+02 2.0419e-11 8.0423e-01 1.5535e+03 3.3663e+03 4.4000e+03 1.2672e+19 4.2494e+18 4.2494e+18 2.0710e-01 0.0000e+00 1.8331e+04 0.0000e+00
4.3000e+02 2.0341e-11 8.0777e-01 1.5522e+03 3.3635e+03 4.4000e+03 1.2935e+19 4.3298e+18 4.3298e+18 2.0540e-01 0.0000e+00 1.8464e+04 0.0000e+00
4.4000e+02 2.0262e-11 8.1116e-01 1.5509e+03 3.3607e+03 4.4000e+03 1.3198e+19 4.4096e+18 4.4096e+18 2.0376e-01 0.0000e+00 1.8594e+04 0.0000e+00
4.5000e+02 2.0185e-11 8.1441e-01 1.5497e+03 3.3580e+03 4.4000e+03 1.3459e+19 4.4890e+18 4.4890e+18 2.0217e-01 0.0000e+00 1.8722e+04 0.0000e+00
4.6000e+02 2.0107e-11 8.1753e-01 1.5485e+03 3.3554e+03 4.4000e+03 1.3719e+19 4.5678e+18 4.5678e+18 2.0062e-01 0.0000e+00 1.8848e+04 0.0000e+00
4.7000e+02 2.0030e-11 8.2051e-01 1.5473e+03 3.3528e+03 4.4000e+03 1.3979e+19 4.6463e+18 4.6463e+18 1.9913e-01 0.0000e+00 1.8972e+04 0.0000e+00
4.8000e+02 1.9953e-11 8.2338e-01 1.5461e+03 3.3503e+03 4.4000e+03 1.4237e+19 4.7242e+18 4.7242e+18 1.9767e-01 0.0000e+00 1.9094e+04 0.0000e+00
4.9000e+02 1.9876e-11 8.2612e-01 1.5450e+03 3.3479e+03 4.4000e+03 1.4495e+19 4.8018e+18 4.8018e+18 1.9626e-01 0.0000e+00 1.9215e+04 0.0000e+00
5.0000e+02 1.9800e-11 8.2874e-01 1.5439e+03 3.3455e+03 4.4000e+03 1.4752e+19 4.8789e+18 4.8789e+18 1.9489e-01 0.0000e+00 1.9333e+04 0.0000e+00
5.1000e+02 1.9724e-11 8.3126e-01 1.5428e+03 3.3432e+03 4.4000e+03 1.5008e+19 4.9557e+18 4.9557e+18 1.9355e-01 0.0000e+00 1.9450e+04 0.0000e+00
5.2000e+02 1.9648e-11 8.3366e-01 1.5418e+03 3.3409e+03 4.4000e+03 1.5263e+19 5.0321e+18 5.0321e+18 1.9225e-01 0.0000e+00 1.9565e+04 0.0000e+00
5.3000e+02 1.9573e-11 8.3597e-01 1.5408e+03 3.3387e+03 4.4000e+03 1.5517e+19 5.1081e+18 5.1081e+18 1.9099e-01 0.0000e+00 1.9679e+04 0.0000e+00
5.4000e+02 1.9498e-11 8.3818e-01 1.5398e+03 3.3365e+03 4.4000e+03 1.5771e+19 5.1838e+18 5.1838e+18 1.8975e-01 0.0000e+00 1.9791e+04 0.0000e+00
5.5000e+02 1.9423e-11 8.4029e-01 1.5388e+03 3.3344e+03 4.4000e+03 1.6025e+19 5.2592e+18 5.2592e+18 1.8855e-01 0.0000e+00 1.9901e+04 0.0000e+00
5.6000e+02 1.9348e-11 8.4231e-01 1.5378e+03 3.3323e+03 4.4000e+03 1.6278e+19 5.3343e+18 5.3343e+18 1.8737e-01 0.0000e+00 2.0010e+04 0.0000e+00
5.7000e+02 1.9274e-11 8.4425e-01 1.5368e+03 3.3302e+03 4.4000e+03 1.6530e+19 5.4091e+18 5.4091e+18 1.8622e-01 0.0000e+00 2.0118e+04 0.0000e+00
5.8000e+02 1.9200e-11 8.4610e-01 1.5359e+03 3.3282e+03 4.4000e+03 1.6782e+19 5.4837e+18 5.4837e+18 1.8510e-01 0.0000e+00 2.0225e+04 0.0000e+00
5.9000e+02 1.9126e-11 8.4787e-01 1.5350e+03 3.3262e+03 4.4000e+03 1.7033e+19 5.5580e+18 5.5580e+18 1.8401e-01 0.0000e+00 2.0331e+04 0.0000e+00
6.0000e+02 1.9053e-11 8.4957e-01 1.5341e+03 3.3242e+03 4.4000e+03 1.7284e+19 5.6321e+18 5.6321e+18 1.8293e-01 0.0000e+00 2.0435e+04 0.0000e+00
6.1000e+02 1.8980e-11 8.5119e-01 1.5332e+03 3.3223e+03 4.4000e+03 1.7535e+19 5.7060e+18 5.7060e+18 1.8188e-01 0.0000e+00 2.0538e+04 0.0000e+00
6.2000e+02 1.8907e-11 8.5274e-01 1.5323e+03 3.3204e+03 4.4000e+03 1.7786e+19 5.7797e+18 5.7797e+18 1.8086e-01 0.0000e+00 2.0641e+04 0.0000e+00
6.3000e+02 1.8834e-11 8.5422e-01 1.5315e+03 3.3186e+03 4.4000e+03 1.8037e+19 5.8532e+18 5.8532e+18 1.7985e-01 0.0000e+00 2.0742e+04 0.0000e+00
6.4000e+02 1.8762e-11 8.5564e-01 1.5306e+03 3.3167e+03 4.4000e+03 1.8287e+19 5.9266e+18 5.9266e+18 1.7886e-01 0.0000e+00 2.0842e+04 0.0000e+00
6.5000e+02 1.8690e-11 8.5699e-01 1.5298e+03 3.3149e+03 4.4000e+03 1.8538e+19 5.9999e+18 5.9999e+18 1.7790e-01 0.0000e+00 2.0942e+04 0.0000e+00
6.6000e+02 1.8618e-11 8.5828e-01 1.5290e+03 3.3131e+03 4.4000e+03 1.8788e+19 6.0730e+18 6.0730e+18 1.7695e-01 0.0000e+00 2.1040e+04 0.0000e+00
6.7000e+02 1.8546e-11 8.5951e-01 1.5282e+03 3.3114e+03 4.4000e+03 1.9038e+19 6.1461e+18 6.1461e+18 1.7601e-01 0.0000e+00 2.1138e+04 0.0000e+00
6.8000e+02 1.8475e-11 8.6069e-01 1.5274e+03 3.3097e+03 4.4000e+03 1.9289e+19 6.2190e+18 6.2190e+18 1.7510e-01 0.0000e+00 2.1235e+04 0.0000e+00
6.9000e+02 1.8404e-11 8.6181e-01 1.5266e+03 3.3080e+03 4.4000e+03 1.9540e+19 6.2919e+18 6.2919e+18 1.7420e-01 0.0000e+00 2.1331e+04 0.0000e+00
7.0000e+02 1.8334e-11 8.6289e-01 1.5258e+03 3.3063e+03 4.4000e+03 1.9791e+19 6.3648e+18 6.3648e+18 1.7331e-01 0.0000e+00 2.1426e+04 0.0000e+00
7.1000e+02 1.8263e-11 8.6391e-01 1.5250e+03 3.3046e+03 4.4000e+03 2.0042e+19 6.4376e+18 6.4376e+18 1.7244e-01 0.0000e+00 2.1521e+04 0.0000e+00
7.2000e+02 1.8193e-11 8.6488e-01 1.5243e+03 3.3030e+03 4.4000e+03 2.0294e+19 6.5104e+18 6.5104e+18 1.7159e-01 0.0000e+00 2.1615e+04 0.0000e+00
7.3000e+02 1.8123e-11 8.6581e-01 1.5235e+03 3.3014e+03 4.4000e+03 2.0546e+19 6.5833e+18 6.5833e+18 1.7075e-01 0.0000e+00 2.1709e+04 0.0000e+00
7.4000e+02 1.8054e-11 8.6669e-01 1.5228e+03 3.2998e+03 4.4000e+03 2.0798e+19 6.6561e+18 6.6561e+18 1.6992e-01 0.0000e+00 2.1801e+04 0.0000e+00
7.5000e+02 1.7984e-11 8.6753e-01 1.5221e+03 3.2982e+03 4.4000e+03 2.1051e+19 6.7289e+18 6.7289e+18 1.6910e-01 0.0000e+00 2.1894e+04 0.0000e+00
7.6000e+02 1.7915e-11 8.6833e-01 1.5214e+03 3.2966e+03 4.4000e+03 2.1305e+19 6.8019e+18 6.8019e+18 1.6830e-01 0.0000e+00 2.1986e+04 0.0000e+00
7.7000e+02 1.7846e-11 8.6910e-01 1.5206e+03 3.2951e+03 4.4000e+03 2.1559e+19 6.8748e+18 6.8748e+18 1.6750e-01 0.0000e+00 2.2077e+04 0.0000e+00
7.8000e+02 1.7778e-11 8.6982e-01 1.5199e+03 3.2935e+03 4.4000e+03 2.1813e+19 6.9479e+18 6.9479e+18 1.6672e-01 0.0000e+00 2.2168e+04 0.0000e+00
7.9000e+02 1.7710e-11 8.7051e-01 1.5192e+03 3.2920e+03 4.4000e+03 2.2069e+19 7.0210e+18 7.0210e+18 1.6595e-01 0.0000e+00 2.2258e+04 0.0000e+00
8.0000e+02 1.7642e-11 8.7116e-01 1.5185e+03 3.2905e+03 4.4000e+03 2.2325e+19 7.0942e+18 7.0942e+18 1.6519e-01 0.0000e+00 2.2348e+04 0.0000e+00
8.1000e+02 1.7574e-11 8.7178e-01 1.5179e+03 3.2890e+03 4.4000e+03 2.2582e+19 7.1676e+18 7.1676e+18 1.6444e-01 0.0000e+00 2.2438e+04 0.0000e+00
8.2000e+02 1.7506e-11 8.7236e-01 1.5172e+03 3.2876e+03 4.4000e+03 2.2840e+19 7.2411e+18 7.2411e+18 1.6370e-01 0.0000e+00 2.2527e+04 0.0000e+00
8.3000e+02 1.7439e-11 8.7292e-01 1.5165e+03 3.2861e+03 4.4000e+03 2.3098e+19 7.3147e+18 7.3147e+18 1.6296e-01 0.0000e+00 2.2616e+04 0.0000e+00
8.4000e+02 1.7372e-11 8.7344e-01 1.5158e+03 3.2847e+03 4.4000e+03 2.3358e+19 7.3885e+18 7.3885e+18 1.6224e-01 0.0000e+00 2.2704e+04 0.0000e+00
8.5000e+02 1.7306e-11 8.7394e-01 1.5152e+03 3.2832e+03 4.4000e+03 2.3618e+19 7.4625e+18 7.4625e+18 1.6153e-01 0.0000e+00 2.2792e+04 0.0000e+00
8.6000e+02 1.7239e-11 8.7440e-01 1.5145e+03 3.2818e+03 4.4000e+03 2.3879e+19 7.5366e+18 7.5366e+18 1.6082e-01 0.0000e+00 2.2880e+04 0.0000e+00
8.7000e+02 1.7173e-11 8.7485e-01 1.5139e+03 3.2804e+03 4.4000e+03 2.4142e+19 7.6109e+18 7.6109e+18 1.6012e-01 0.0000e+00 2.2968e+04 0.0000e+00
8.8000e+02 1.7107e-11 8.7526e-01 1.5132e+03 3.2790e+03 4.4000e+03 2.4406e+19 7.6855e+18 7.6855e+18 1.5943e-01 0.0000e+00 2.3055e+04 0.0000e+00
8.9000e+02 1.7041e-11 8.7565e-01 1.5126e+03 3.2776e+03 4.4000e+03 2.4670e+19 7.7602e+18 7.7602e+18 1.5875e-01 0.0000e+00 2.3142e+04 0.0000e+00
9.0000e+02 1.6976e-11 8.7602e-01 1.5119e+03 3.2762e+03 4.4000e+03 2.4936e+19 7.8352e+18 7.8352e+18 1.5807e-01 0.0000e+00 2.3229e+04 0.0000e+00
9.1000e+02 1.6911e-11 8.7636e-01 1.5113e+03 3.2749e+03 4.4000e+03 2.5203e+19 7.9104e+18 7.9104e+18 1.5740e-01 0.0000e+00 2.3316e+04 0.0000e+00
9.2000e+02 1.6846e-11 8.7668e-01 1.5107e+03 3.2735e+03 4.4000e+03 2.5472e+19 7.9859e+18 7.9859e+18 1.5674e-01 0.0000e+00 2.3402e+04 0.0000e+00
9.3000e+02 1.6781e-11 8.7698e-01 1.5101e+03 3.2722e+03 4.4000e+03 2.5741e+19 8.0616e+18 8.0616e+18 1.5609e-01 0.0000e+00 2.3488e+04 0.0000e+00
9.4000e+02 1.6717e-11 8.7726e-01 1.5094e+03 3.2708e+03 4.4000e+03 2.6012e+19 8.1377e+18 8.1377e+18 1.5544e-01 0.0000e+00 2.3575e+04 0.0000e+00
9.5000e+02 1.6652e-11 8.7752e-01 1.5088e+03 3.2695e+03 4.4000e+03 2.6285e+19 8.2140e+18 8.2140e+18 1.5479e-01 0.0000e+00 2.3661e+04 0.0000e+00
9.6000e+02 1.6588e-11 8.7776e-01 1.5082e+03 3.2682e+03 4.4000e+03 2.6559e+19 8.2905e+18 8.2905e+18 1.5416e-01 0.0000e+00 2.3746e+04 0.0000e+00
9.7000e+02 1.6525e-11 8.7799e-01 1.5076e+03 3.2668e+03 4.4000e+03 2.6834e+19 8.3674e+18 8.3674e+18 1.5353e-01 0.0000e+00 2.3832e+04 0.0000e+00
9.8000e+02 1.6461e-11 8.7819e-01 1.5070e+03 3.2655e+03 4.4000e+03 2.7111e+19 8.4446e+18 8.4446e+18 1.5290e-01 0.0000e+00 2.3918e+04 0.0000e+00
9.9000e+02 1.6398e-11 8.7838e-01 1.5064e+03 3.2642e+03 4.4000e+03 2.7389e+19 8.5222e+18 8.5222e+18 1.5228e-01 0.0000e+00 2.4003e+04 0.0000e+00
1.0000e+03 1.6335e-11 8.7855e-01 1.5058e+03 3.2629e+03 4.4000e+03 2.7669e+19 8.6001e+18 8.6001e+18 1.5167e-01 0.0000e+00 2.4089e+04 0.0000e+00
1.0100e+03 1.6272e-11 8.7871e-01 1.5052e+03 3.2617e+03 4.4000e+03 2.7950e+19 8.6783e+18 8.6783e+18 1.5106e-01 0.0000e+00 2.4174e+04 0.0000e+00
1.0200e+03 1.6210e-11 8.7885e-01 1.5046e+03 3.2604e+03 4.4000e+03 2.8234e+19 8.7568e+18 8.7568e+18 1.5045e-01 0.0000e+00 2.4259e+04 0.0000e+00
1.0300e+03 1.6148e-11 8.7897e-01 1.5040e+03 3.2591e+03 4.4000e+03 2.8518e+19 8.8358e+18 8.8358e+18 1.4985e-01 0.0000e+00 2.4344e+04 0.0000e+00
1.0400e+03 1.6086e-11 8.7908e-01 1.5035e+03 3.2578e+03 4.4000e+03 2.8805e+19 8.9151e+18 8.9151e+18 1.4926e-01 0.0000e+00 2.4430e+04 0.0000e+00
1.0500e+03 1.6024e-11 8.7918e-01 1.5029e+03 3.2566e+03 4.4000e+03 2.9093e+19 8.9948e+18 8.9948e+18 1.4867e-01 0.0000e+00 2.4515e+04 0.0000e+00
1.0600e+03 1.5962e-11 8.7926e-01 1.5023e+03 3.2553e+03 4.4000e+03 2.9384e+19 9.0748e+18 9.0748e+18 1.4809e-01 0.0000e+00 2.4600e+04 0.0000e+00
1.0700e+03 1.5901e-11 8.7934e-01 1.5017e+03 3.2541e+03 4.4000e+03 2.9676e+19 9.1553e+18 9.1553e+18 1.4750e-01 0.0000e+00 2.4685e+04 0.0000e+00
1.0800e+03 1.5840e-11 8.7939e-01 1.5011e+03 3.2528e+03 4.4000e+03 2.9969e+19 9.2362e+18 9.2362e+18 1.4693e-01 0.0000e+00 2.4770e+04 0.0000e+00
1.0900e+03 1.5779e-11 8.7944e-01 1.5006e+03 3.2516e+03 4.4000e+03 3.0265e+19 9.3175e+18 9.3175e+18 1.4636e-01 0.0000e+00 2.4855e+04 0.0000e+00
1.1000e+03 1.5719e-11 8.7948e-01 1.5000e+03 3.2504e+03 4.4000e+03 3.0563e+19 9.3992e+18 9.3992e+18 1.4579e-01 0.0000e+00 2.4940e+04 0.0000e+00
1.1100e+03 1.5658e-11 8.7950e-01 1.4994e+03 3.2491e+03 4.4000e+03 3.0863e+19 9.4814e+18 9.4814e+18 1.4522e-01 0.0000e+00 2.5026e+04 0.0000e+00
1.1200e+03 1.5598e-11 8.7952e-01 1.4989e+03 3.2479e+03 4.4000e+03 3.1164e+19 9.5640e+18 9.5640e+18 1.4466e-01 0.0000e+00 2.5111e+04 0.0000e+00
1.1300e+03 1.5538e-11 8.7952e-01 1.4983e+03 3.2467e+03 4.4000e+03 3.1468e+19 9.6471e+18 9.6471e+18 1.4411e-01 0.0000e+00 2.5196e+04 0.0000e+00
1.1400e+03 1.5478e-11 8.7951e-01 1.4978e+03 3.2455e+03 4.4000e+03 3.1774e+19 9.7306e+18 9.7306e+18 1.4356e-01 0.0000e+00 2.5281e+04 0.0000e+00
1.1500e+03 1.5419e-11 8.7950e-01 1.4972e+03 3.2443e+03 4.4000e+03 3.2082e+19 9.8145e+18 9.8145e+18 1.4301e-01 0.0000e+00 2.5367e+04 0.0000e+00
1.1600e+03 1.5360e-11 8.7947e-01 1.4966e+03 3.2431e+03 4.4000e+03 3.2392e+19 9.8990e+18 9.8990e+18 1.4246e-01 0.0000e+00 2.5452e+04 0.0000e+00
1.1700e+03 1.5301e-11 8.7944e-01 1.4961e+03 3.2419e+03 4.4000e+03 3.2704e+19 9.9839e+18 9.9839e+18 1.4192e-01 0.0000e+00 2.5537e+04 0.0000e+00
1.1800e+03 1.5242e-11 8.7939e-01 1.4955e+03 3.2407e+03 4.4000e+03 3.3018e+19 1.0069e+19 1.0069e+19 1.4138e-01 0.0000e+00 2.5623e+04 0.0000e+00
1.1900e+03 1.5184e-11 8.7934e-01 1.4950e+03 3.2395e+03 4.4000e+03 3.3335e+19 1.0155e+19 1.0155e+19 1.4085e-01 0.0000e+00 2.5708e+04 0.0000e+00
1.2000e+03 1.5125e-11 8.7928e-01 1.4944e+03 3.2383e+03 4.4000e+03 3.3654e+19 1.0242e+19 1.0242e+19 1.4032e-01 0.0000e+00 2.5794e+04 0.0000e+00
1.2100e+03 1.5067e-11 8.7922e-01 1.4939e+03 3.2371e+03 4.4000e+03 3.3975e+19 1.0329e+19 1.0329e+19 1.3979e-01 0.0000e+00 2.5880e+04 0.0000e+00
1.2200e+03 1.5009e-11 8.7914e-01 1.4934e+03 3.2360e+03 4.4000e+03 3.4299e+19 1.0416e+19 1.0416e+19 1.3926e-01 0.0000e+00 2.5966e+04 0.0000e+00
1.2300e+03 1.4952e-11 8.7906e-01 1.4928e+03 3.2348e+03 4.4000e+03 3.4625e+19 1.0504e+19 1.0504e+19 1.3874e-01 0.0000e+00 2.6051e+04 0.0000e+00
1.2400e+03 1.4894e-11 8.7897e-01 1.4923e+03 3.2336e+03 4.4000e+03 3.4954e+19 1.0593e+19 1.0593e+19 1.3822e-01 0.0000e+00 2.6137e+04 0.0000e+00
1.2500e+03 1.4837e-11 8.7887e-01 1.4917e+03 3.2324e+03 4.4000e+03 3.5284e+19 1.0682e+19 1.0682e+19 1.3771e-01 0.0000e+00 2.6224e+04 0.0000e+00
1.2600e+03 1.4780e-11 8.7877e-01 1.4912e+03 3.2313e+03 4.4000e+03 3.5618e+19 1.0771e+19 1.0771e+19 1.3720e-01 0.0000e+00 2.6310e+04 0.0000e+00
1.2700e+03 1.4723e-11 8.7866e-01 1.4907e+03 3.2301e+03 4.4000e+03 3.5954e+19 1.0861e+19 1.0861e+19 1.3669e-01 0.0000e+00 2.6396e+04 0.0000e+00
1.2800e+03 1.4667e-11 8.7854e-01 1.4901e+03 3.2290e+03 4.4000e+03 3.6292e+19 1.0952e+19 1.0952e+19 1.3618e-01 0.0000e+00 2.6483e+04 0.0000e+00
1.2900e+03 1.4610e-11 8.7842e-01 1.4896e+03 3.2278e+03 4.4000e+03 3.6633e+19 1.1043e+19 1.1043e+19 1.3567e-01 0.0000e+00 2.6569e+04 0.0000e+00
1.3000e+03 1.4554e-11 8.7829e-01 1.4891e+03 3.2266e+03 4.4000e+03 3.6977e+19 1.1135e+19 1.1135e+19 1.3517e-01 0.0000e+00 2.6656e+04 0.0000e+00
1.3100e+03 1.4499e-11 8.7816e-01 1.4885e+03 3.2255e+03 4.4000e+03 3.7323e+19 1.1228e+19 1.1228e+19 1.3467e-01 0.0000e+00 2.6743e+04 0.0000e+00
1.3200e+03 1.4443e-11 8.7802e-01 1.4880e+03 3.2244e+03 4.4000e+03 3.7672e+19 1.1321e+19 1.1321e+19 1.3418e-01 0.0000e+00 2.6830e+04 0.0000e+00
1.3300e+03 1.4387e-11 8.7788e-01 1.4875e+03 3.2232e+03 4.4000e+03 3.8024e+19 1.1414e+19 1.1414e+19 1.3369e-01 0.0000e+00 2.6917e+04 0.0000e+00
1.3400e+03 1.4332e-11 8.7773e-01 1.4870e+03 3.2221e+03 4.4000e+03 3.8378e+19 1.1509e+19 1.1509e+19 1.3319e-01 0.0000e+00 2.7004e+04 0.0000e+00
1.3500e+03 1.4277e-11 8.7757e-01 1.4864e+03 3.2209e+03 4.4000e+03 3.8735e+19 1.1604e+19 1.1604e+19 1.3271e-01 0.0000e+00 2.7092e+04 0.0000e+00
1.3600e+03 1.4222e-11 8.7742e-01 1.4859e+03 3.2198e+03 4.4000e+03 3.9095e+19 1.1699e+19 1.1699e+19 1.3222e-01 0.0000e+00 2.7180e+04 0.0000e+00
1.3700e+03 1.4168e-11 8.7725e-01 1.4854e+03 3.2187e+03 4.4000e+03 3.9458e+19 1.1795e+19 1.1795e+19 1.3174e-01 0.0000e+00 2.7267e+04 0.0000e+00
1.3800e+03 1.4113e-11 8.7708e-01 1.4849e+03 3.2175e+03 4.4000e+03 3.9824e+19 1.1892e+19 1.1892e+19 1.3126e-01 0.0000e+00 2.7355e+04 0.0000e+00
1.3900e+03 1.4059e-11 8.7691e-01 1.4843e+03 3.2164e+03 4.4000e+03 4.0193e+19 1.1989e+19 1.1989e+19 1.3078e-01 0.0000e+00 2.7443e+04 0.0000e+00
1.4000e+03 1.4005e-11 8.7673e-01 1.4838e+03 3.2153e+03 4.4000e+03 4.0564e+19 1.2087e+19 1.2087e+19 1.3030e-01 0.0000e+00 2.7532e+04 0.0000e+00
1.4100e+03 1.3951e-11 8.7655e-01 1.4833e+03 3.2142e+03 4.4000e+03 4.0939e+19 1.2186e+19 1.2186e+19 1.2983e-01 0.0000e+00 2.7620e+04 0.0000e+00
1.4200e+03 1.3898e-11 8.7637e-01 1.4828e+03 3.2130e+03 4.4000e+03 4.1316e+19 1.2285e+19 1.2285e+19 1.2936e-01 0.0000e+00 2.7709e+04 0.0000e+00
1.4300e+03 1.3844e-11 8.7618e-01 1.4823e+03 3.2119e+03 4.4000e+03 4.1697e+19 1.2385e+19 1.2385e+19 1.2889e-01 0.0000e+00 2.7798e+04 0.0000e+00
1.4400e+03 1.3791e-11 8.7599e-01 1.4818e+03 3.2108e+03 4.4000e+03 4.2080e+19 1.2486e+19 1.2486e+19 1.2842e-01 0.0000e+00 2.7887e+04 0.0000e+00
1.4500e+03 1.3738e-11 8.7579e-01 1.4812e+03 3.2097e+03 4.4000e+03 4.2467e+19 1.2587e+19 1.2587e+19 1.2796e-01 0.0000e+00 2.7976e+04 0.0000e+00
1.4600e+03 1.3685e-11 8.7559e-01 1.4807e+03 3.2086e+03 4.4000e+03 4.2857e+19 1.2689e+19 1.2689e+19 1.2750e-01 0.0000e+00 2.8065e+04 0.0000e+00
1.4700e+03 1.3633e-11 8.7538e-01 1.4802e+03 3.2075e+03 4.4000e+03 4.3250e+19 1.2792e+19 1.2792e+19 1.2704e-01 0.0000e+00 2.8155e+04 0.0000e+00
1.4800e+03 1.3581e-11 8.7518e-01 1.4797e+03 3.2064e+03 4.4000e+03 4.3647e+19 1.2895e+19 1.2895e+19 1.2658e-01 0.0000e+00 2.8245e+04 0.0000e+00
1.4900e+03 1.3528e-11 8.7497e-01 1.4792e+03 3.2053e+03 4.4000e+03 4.4046e+19 1.3000e+19 1.3000e+19 1.2612e-01 0.0000e+00 2.8334e+04 0.0000e+00
1.5000e+03 1.3476e-11 8.7475e-01 1.4787e+03 3.2042e+03 4.4000e+03 4.4449e+19 1.3104e+19 1.3104e+19 1.2567e-01 0.0000e+00 2.8425e+04 0.0000e+00
1.5100e+03 1.3425e-11 8.7454e-01 1.4782e+03 3.2031e+03 4.4000e+03 4.4855e+19 1.3210e+19 1.3210e+19 1.2522e-01 0.0000e+00 2.8515e+04 0.0000e+00
1.5200e+03 1.3373e-11 8.7432e-01 1.4777e+03 3.2020e+03 4.4000e+03 4.5265e+19 1.3316e+19 1.3316e+19 1.2477e-01 0.0000e+00 2.8606e+04 0.0000e+00
1.5300e+03 1.3322e-11 8.7410e-01 1.4772e+03 3.2009e+03 4.4000e+03 4.5677e+19 1.3423e+19 1.3423e+19 1.2432e-01 0.0000e+00 2.8696e+04 0.0000e+00
1.5400e+03 1.3271e-11 8.7387e-01 1.4767e+03 3.1998e+03 4.4000e+03 4.6094e+19 1.3531e+19 1.3531e+19 1.2387e-01 0.0000e+00 2.8787e+04 0.0000e+00
1.5500e+03 1.3220e-11 8.7364e-01 1.4762e+03 3.1987e+03 4.4000e+03 4.6513e+19 1.3639e+19 1.3639e+19 1.2343e-01 0.0000e+00 2.8879e+04 0.0000e+00
1.5600e+03 1.3169e-11 8.7341e-01 1.4757e+03 3.1976e+03 4.4000e+03 4.6937e+19 1.3749e+19 1.3749e+19 1.2299e-01 0.0000e+00 2.8970e+04 0.0000e+00
1.5700e+03 1.3118e-11 8.7318e-01 1.4752e+03 3.1965e+03 4.4000e+03 4.7363e+19 1.3859e+19 1.3859e+19 1.2255e-01 0.0000e+00 2.9062e+04 0.0000e+00
1.5800e+03 1.3068e-11 8.7294e-01 1.4747e+03 3.1954e+03 4.4000e+03 4.7793e+19 1.3969e+19 1.3969e+19 1.2211e-01 0.0000e+00 2.9153e+04 0.0000e+00
1.5900e+03 1.3018e-11 8.7270e-01 1.4742e+03 3.1944e+03 4.4000e+03 4.8227e+19 1.4081e+19 1.4081e+19 1.2168e-01 0.0000e+00 2.9245e+04 0.0000e+00
1.6000e+03 1.2968e-11 8.7246e-01 1.4737e+03 3.1933e+03 4.4000e+03 4.8665e+19 1.4193e+19 1.4193e+19 1.2124e-01 0.0000e+00 2.9338e+04 0.0000e+00
1.6100e+03 1.2918e-11 8.7222e-01 1.4732e+03 3.1922e+03 4.4000e+03 4.9106e+19 1.4306e+19 1.4306e+19 1.2081e-01 0.0000e+00 2.9430e+04 0.0000e+00
1.6200e+03 1.2868e-11 8.7197e-01 1.4727e+03 3.1911e+03 4.4000e+03 4.9551e+19 1.4420e+19 1.4420e+19 1.2038e-01 0.0000e+00 2.9523e+04 0.0000e+00
1.6300e+03 1.2819e-11 8.7172e-01 1.4722e+03 3.1900e+03 4.4000e+03 4.9999e+19 1.4535e+19 1.4535e+19 1.1995e-01 0.0000e+00 2.9616e+04 0.0000e+00
1.6400e+03 1.2770e-11 8.7147e-01 1.4717e+03 3.1890e+03 4.4000e+03 5.0452e+19 1.4650e+19 1.4650e+19 1.1953e-01 0.0000e+00 2.9709e+04 0.0000e+00
1.6500e+03 1.2721e-11 8.7122e-01 1.4712e+03 3.1879e+03 4.4000e+03 5.0908e+19 1.4767e+19 1.4767e+19 1.1910e-01 0.0000e+00 2.9802e+04 0.0000e+00
1.6600e+03 1.2672e-11 8.7097e-01 1.4707e+03 3.1868e+03 4.4000e+03 5.1368e+19 1.4884e+19 1.4884e+19 1.1868e-01 0.0000e+00 2.9896e+04 0.0000e+00
1.6700e+03 1.2623e-11 8.7071e-01 1.4702e+03 3.1858e+03 4.4000e+03 5.1832e+19 1.5002e+19 1.5002e+19 1.1826e-01 0.0000e+00 2.9990e+04 0.0000e+00
1.6800e+03 1.2575e-11 8.7045e-01 1.4697e+03 3.1847e+03 4.4000e+03 5.2299e+19 1.5120e+19 1.5120e+19 1.1784e-01 0.0000e+00 3.0084e+04 0.0000e+00
1.6900e+03 1.2526e-11 8.7019e-01 1.4692e+03 3.1836e+03 4.4000e+03 5.2771e+19 1.5240e+19 1.5240e+19 1.1742e-01 0.0000e+00 3.0178e+04 0.0000e+00
1.7000e+03 1.2478e-11 8.6993e-01 1.4687e+03 3.1826e+03 4.4000e+03 5.3247e+19 1.5360e+19 1.5360e+19 1.1701e-01 0.0000e+00 3.0273e+04 0.0000e+00
1.7100e+03 1.2430e-11 8.6966e-01 1.4682e+03 3.1815e+03 4.4000e+03 5.3726e+19 1.5481e+19 1.5481e+19 1.1659e-01 0.0000e+00 3.0368e+04 0.0000e+00
1.7200e+03 1.2383e-11 8.6940e-01 1.4677e+03 3.1804e+03 4.4000e+03 5.4210e+19 1.5604e+19 1.5604e+19 1.1618e-01 0.0000e+00 3.0463e+04 0.0000e+00
1.7300e+03 1.2335e-11 8.6913e-01 1.4672e+03 3.1794e+03 4.4000e+03 5.4698e+19 1.5727e+19 1.5727e+19 1.1577e-01 0.0000e+00 3.0558e+04 0.0000e+00
1.7400e+03 1.2288e-11 8.6886e-01 1.4668e+03 3.1783e+03 4.4000e+03 5.5190e+19 1.5850e+19 1.5850e+19 1.1536e-01 0.0000e+00 3.0654e+04 0.0000e+00
1.7500e+03 1.2241e-11 8.6859e-01 1.4663e+03 3.1773e+03 4.4000e+03 5.5686e+19 1.5975e+19 1.5975e+19 1.1495e-01 0.0000e+00 3.0750e+04 0.0000e+00
1.7600e+03 1.2194e-11 8.6832e-01 1.4658e+03 3.1762e+03 4.4000e+03 5.6187e+19 1.6101e+19 1.6101e+19 1.1455e-01 0.0000e+00 3.0846e+04 0.0000e+00
1.7700e+03 1.2147e-11 8.6804e-01 1.4653e+03 3.1752e+03 4.4000e+03 5.6691e+19 1.6227e+19 1.6227e+19 1.1415e-01 0.0000e+00 3.0942e+04 0.0000e+00
1.7800e+03 1.2100e-11 8.6776e-01 1.4648e+03 3.1741e+03 4.4000e+03 5.7200e+19 1.6355e+19 1.6355e+19 1.1374e-01 0.0000e+00 3.1039e+04 0.0000e+00
1.7900e+03 1.2054e-11 8.6749e-01 1.4643e+03 3.1731e+03 4.4000e+03 5.7714e+19 1.6483e+19 1.6483e+19 1.1334e-01 0.0000e+00 3.1136e+04 0.0000e+00
1.8000e+03 1.2007e-11 8.6721e-01 1.4638e+03 3.1720e+03 4.4000e+03 5.8231e+19 1.6612e+19 1.6612e+19 1.1294e-01 0.0000e+00 3.1233e+04 0.0000e+00
1.8100e+03 1.1961e-11 8.6693e-01 1.4634e+03 3.1710e+03 4.4000e+03 5.8753e+19 1.6742e+19 1.6742e+19 1.1255e-01 0.0000e+00 3.1330e+04 0.0000e+00
1.8200e+03 1.1915e-11 8.6664e-01 1.4629e+03 3.1699e+03 4.4000e+03 5.9280e+19 1.6873e+19 1.6873e+19 1.1215e-01 0.0000e+00 3.1428e+04 0.0000e+00
1.8300e+03 1.1870e-11 8.6636e-01 1.4624e+03 3.1689e+03 4.4000e+03 5.9811e+19 1.7005e+19 1.7005e+19 1.1176e-01 0.0000e+00 3.1526e+04 0.0000e+00
1.8400e+03 1.1824e-11 8.6607e-01 1.4619e+03 3.1678e+03 4.4000e+03 6.0347e+19 1.7138e+19 1.7138e+19 1.1136e-01 0.0000e+00 3.1624e+04 0.0000e+00
1.8500e+03 1.1779e-11 8.6579e-01 1.4614e+03 3.1668e+03 4.4000e+03 6.0887e+19 1.7272e+19 1.7272e+19 1.1097e-01 0.0000e+00 3.1722e+04 0.0000e+00
1.8600e+03 1.1733e-11 8.6550e-01 1.4610e+03 3.1657e+03 4.4000e+03 6.1432e+19 1.7406e+19 1.7406e+19 1.1058e-01 0.0000e+00 3.1821e+04 0.0000e+00
1.8700e+03 1.1688e-11 8.6521e-01 1.4605e+03 3.1647e+03 4.4000e+03 6.1981e+19 1.7542e+19 1.7542e+19 1.1020e-01 0.0000e+00 3.1920e+04 0.0000e+00
1.8800e+03 1.1643e-11 8.6492e-01 1.4600e+03 3.1637e+03 4.4000e+03 6.2535e+19 1.7679e+19 1.7679e+19 1.0981e-01 0.0000e+00 3.2019e+04 0.0000e+00
1.8900e+03 1.1599e-11 8.6463e-01 1.4595e+03 3.1626e+03 4.4000e+03 6.3094e+19 1.7816e+19 1.7816e+19 1.0943e-01 0.0000e+00 3.2118e+04 0.0000e+00
1.9000e+03 1.1554e-11 8.6433e-01 1.4590e+03 3.1616e+03 4.4000e+03 6.3658e+19 1.7955e+19 1.7955e+19 1.0904e-01 0.0000e+00 3.2218e+04 0.0000e+00
1.9100e+03 1.1510e-11 8.6404e-01 1.4586e+03 3.1606e+03 4.4000e+03 6.4226e+19 1.8095e+19 1.8095e+19 1.0866e-01 0.0000e+00 3.2318e+04 0.0000e+00
1.9200e+03 1.1466e-11 8.6374e-01 1.4581e+03 3.1595e+03 4.4000e+03 6.4800e+19 1.8235e+19 1.8235e+19 1.0828e-01 0.0000e+00 3.2418e+04 0.0000e+00
1.9300e+03 1.1422e-11 8.6345e-01 1.4576e+03 3.1585e+03 4.4000e+03 6.5378e+19 1.8377e+19 1.8377e+19 1.0790e-01 0.0000e+00 3.2519e+04 0.0000e+00
1.9400e+03 1.1378e-11 8.6315e-01 1.4571e+03 3.1575e+03 4.4000e+03 6.5961e+19 1.8519e+19 1.8519e+19 1.0752e-01 0.0000e+00 3.2620e+04 0.0000e+00
1.9500e+03 1.1334e-11 8.6285e-01 1.4567e+03 3.1565e+03 4.4000e+03 6.6550e+19 1.8663e+19 1.8663e+19 1.0715e-01 0.0000e+00 3.2721e+04 0.0000e+00
1.9600e+03 1.1291e-11 8.6255e-01 1.4562e+03 3.1554e+03 4.4000e+03 6.7143e+19 1.8807e+19 1.8807e+19 1.0677e-01 0.0000e+00 3.2822e+04 0.0000e+00
1.9700e+03 1.1247e-11 8.6225e-01 1.4557e+03 3.1544e+03 4.4000e+03 6.7741e+19 1.8953e+19 1.8953e+19 1.0640e-01 0.0000e+00 3.2924e+04 0.0000e+00
1.9800e+03 1.1204e-11 8.6194e-01 1.4553e+03 3.1534e+03 4.4000e+03 6.8345e+19 1.9100e+19 1.9100e+19 1.0603e-01 0.0000e+00 3.3026e+04 0.0000e+00
1.9900e+03 1.1161e-11 8.6164e-01 1.4548e+03 3.1524e+03 4.4000e+03 6.8954e+19 1.9247e+19 1.9247e+19 1.0566e-01 0.0000e+00 3.3128e+04 0.0000e+00
2.0000e+03 1.1118e-11 8.6134e-01 1.4543e+03 3.1513e+03 4.4000e+03 6.9568e+19 1.9396e+19 1.9396e+19 1.0529e-01 0.0000e+00 3.3231e+04 0.0000e+00
2.0100e+03 1.1075e-11 8.6103e-01 1.4538e+03 3.1503e+03 4.4000e+03 7.0187e+19 1.9546e+19 1.9546e+19 1.0492e-01 0.0000e+00 3.3334e+04 0.0000e+00
2.0200e+03 1.1033e-11 8.6072e-01 1.4534e+03 3.1493e+03 4.4000e+03 7.0812e+19 1.9697e+19 1.9697e+19 1.0456e-01 0.0000e+00 3.3437e+04 0.0000e+00
2.0300e+03 1.0991e-11 8.6041e-01 1.4529e+03 3.1483e+03 4.4000e+03 7.1442e+19 1.9849e+19 1.9849e+19 1.0419e-01 0.0000e+00 3.3540e+04 0.0000e+00
2.0400e+03 1.0948e-11 8.6011e-01 1.4524e+03 3.1473e+03 4.4000e+03 7.2077e+19 2.0002e+19 2.0002e+19 1.0383e-01 0.0000e+00 3.3644e+04 0.0000e+00
2.0500e+03 1.0906e-11 8.5980e-01 1.4520e+03 3.1463e+03 4.4000e+03 7.2718e+19 2.0156e+19 2.0156e+19 1.0347e-01 0.0000e+00 3.3748e+04 0.0000e+00
2.0600e+03 1.0864e-11 8.5948e-01 1.4515e+03 3.1452e+03 4.4000e+03 7.3364e+19 2.0311e+19 2.0311e+19 1.0311e-01 0.0000e+00 3.3852e+04 0.0000e+00
2.0700e+03 1.0823e-11 8.5917e-01 1.4510e+03 3.1442e+03 4.4000e+03 7.4016e+19 2.0467e+19 2.0467e+19 1.0275e-01 0.0000e+00 3.3956e+04 0.0000e+00
2.0800e+03 1.0781e-11 8.5886e-01 1.4506e+03 3.1432e+03 4.4000e+03 7.4674e+19 2.0625e+19 2.0625e+19 1.0239e-01 0.0000e+00 3.4061e+04 0.0000e+00
2.0900e+03 1.0740e-11 8.5854e-01 1.4501e+03 3.1422e+03 4.4000e+03 7.5337e+19 2.0783e+19 2.0783e+19 1.0204e-01 0.0000e+00 3.4166e+04 0.0000e+00
2.1000e+03 1.0698e-11 8.5823e-01 1.4496e+03 3.1412e+03 4.4000e+03 7.6006e+19 2.0943e+19 2.0943e+19 1.0168e-01 0.0000e+00 3.4272e+04 0.0000e+00
2.1100e+03 1.0657e-11 8.5791e-01 1.4492e+03 3.1402e+03 4.4000e+03 7.6681e+19 2.1103e+19 2.1103e+19 1.0133e-01 0.0000e+00 3.4377e+04 0.0000e+00
2.1200e+03 1.0616e-11 8.5760e-01 1.4487e+03 3.1392e+03 4.4000e+03 7.7361e+19 2.1265e+19 2.1265e+19 1.0098e-01 0.0000e+00 3.4483e+04 0.0000e+00
2.1300e+03 1.0576e-11 8.5728e-01 1.4482e+03 3.1382e+03 4.4000e+03 7.8048e+19 2.1428e+19 2.1428e+19 1.0063e-01 0.0000e+00 3.4590e+04 0.0000e+00
2.1400e+03 1.0535e-11 8.5696e-01 1.4478e+03 3.1372e+03 4.4000e+03 7.8740e+19 2.1592e+19 2.1592e+19 1.0028e-01 0.0000e+00 3.4696e+04 0.0000e+00
2.1500e+03 1.0495e-11 8.5664e-01 1.4473e+03 3.1362e+03 4.4000e+03 7.9439e+19 2.1758e+19 2.1758e+19 9.9932e-02 0.0000e+00 3.4803e+04 0.0000e+00
2.1600e+03 1.0454e-11 8.5632e-01 1.4469e+03 3.1352e+03 4.4000e+03 8.0143e+19 2.1924e+19 2.1924e+19 9.9586e-02 0.0000e+00 3.4910e+04 0.0000e+00
2.1700e+03 1.0414e-11 8.5600e-01 1.4464e+03 3.1342e+03 4.4000e+03 8.0853e+19 2.2092e+19 2.2092e+19 9.9240e-02 0.0000e+00 3.5018e+04 0.0000e+00
2.1800e+03 1.0374e-11 8.5568e-01 1.4459e+03 3.1332e+03 4.4000e+03 8.1570e+19 2.2261e+19 2.2261e+19 9.8896e-02 0.0000e+00 3.5126e+04 0.0000e+00
2.1900e+03 1.0334e-11 8.5535e-01 1.4455e+03 3.1322e+03 4.4000e+03 8.2292e+19 2.2431e+19 2.2431e+19 9.8554e-02 0.0000e+00 3.5234e+04 0.0000e+00
2.2000e+03 1.0295e-11 8.5503e-01 1.4450e+03 3.1312e+03 4.4000e+03 8.3021e+19 2.2602e+19 2.2602e+19 9.8213e-02 0.0000e+00 3.5342e+04 0.0000e+00
2.2100e+03 1.0255e-11 8.5471e-01 1.4446e+03 3.1302e+03 4.4000e+03 8.3757e+19 2.2774e+19 2.2774e+19 9.7873e-02 0.0000e+00 3.5451e+04 0.0000e+00
2.2200e+03 1.0216e-11 8.5438e-01 1.4441e+03 3.1292e+03 4.4000e+03 8.4498e+19 2.2948e+19 2.2948e+19 9.7534e-02 0.0000e+00 3.5560e+04 0.0000e+00
2.2300e+03 1.0177e-11 8.5405e-01 1.4436e+03 3.1282e+03 4.4000e+03 8.5246e+19 2.3123e+19 2.3123e+19 9.7197e-02 0.0000e+00 3.5669e+04 0.0000e+00
2.2400e+03 1.0137e-11 8.5373e-01 1.4432e+03 3.1272e+03 4.4000e+03 8.6001e+19 2.3299e+19 2.3299e+19 9.6860e-02 0.0000e+00 3.5779e+04 0.0000e+00
2.2500e+03 1.0099e-11 8.5340e-01 1.4427e+03 3.1262e+03 4.4000e+03 8.6762e+19 2.3476e+19 2.3476e+19 9.6526e-02 0.0000e+00 3.5889e+04 0.0000e+00
2.2600e+03 1.0060e-11 8.5307e-01 1.4423e+03 3.1253e+03 4.4000e+03 8.7529e+19 2.3655e+19 2.3655e+19 9.6192e-02 0.0000e+00 3.5999e+04 0.0000e+00
2.2700e+03 1.0021e-11 8.5274e-01 1.4418e+03 3.1243e+03 4.4000e+03 8.8303e+19 2.3834e+19 2.3834e+19 9.5860e-02 0.0000e+00 3.6110e+04 0.0000e+00
2.2800e+03 9.9826e-12 8.5241e-01 1.4414e+03 3.1233e+03 4.4000e+03 8.9084e+19 2.4015e+19 2.4015e+19 9.5528e-02 0.0000e+00 3.6220e+04 0.0000e+00
2.2900e+03 9.9443e-12 8.5208e-01 1.4409e+03 3.1223e+03 4.4000e+03 8.9871e+19 2.4198e+19 2.4198e+19 9.5199e-02 0.0000e+00 3.6332e+04 0.0000e+00
2.3000e+03 9.9061e-12 8.5175e-01 1.4405e+03 3.1213e+03 4.4000e+03 9.0666e+19 2.4381e+19 2.4381e+19 9.4870e-02 0.0000e+00 3.6443e+04 0.0000e+00
2.3100e+03 9.8681e-12 8.5142e-01 1.4400e+03 3.1203e+03 4.4000e+03 9.1467e+19 2.4566e+19 2.4566e+19 9.4543e-02 0.0000e+00 3.6555e+04 0.0000e+00
2.3200e+03 9.8302e-12 8.5108e-01 1.4395e+03 3.1193e+03 4.4000e+03 9.2275e+19 2.4752e+19 2.4752e+19 9.4216e-02 0.0000e+00 3.6667e+04 0.0000e+00
2.3300e+03 9.7924e-12 8.5075e-01 1.4391e+03 3.1184e+03 4.4000e+03 9.3090e+19 2.4940e+19 2.4940e+19 9.3891e-02 0.0000e+00 3.6780e+04 0.0000e+00
2.3400e+03 9.7548e-12 8.5041e-01 1.4386e+03 3.1174e+03 4.4000e+03 9.3912e+19 2.5129e+19 2.5129e+19 9.3568e-02 0.0000e+00 3.6892e+04 0.0000e+00
2.3500e+03 9.7174e-12 8.5008e-01 1.4382e+03 3.1164e+03 4.4000e+03 9.4741e+19 2.5319e+19 2.5319e+19 9.3245e-02 0.0000e+00 3.7005e+04 0.0000e+00
2.3600e+03 9.6801e-12 8.4974e-01 1.4377e+03 3.1154e+03 4.4000e+03 9.5578e+19 2.5510e+19 2.5510e+19 9.2924e-02 0.0000e+00 3.7119e+04 0.0000e+00
2.3700e+03 9.6429e-12 8.4941e-01 1.4373e+03 3.1145e+03 4.4000e+03 9.6421e+19 2.5703e+19 2.5703e+19 9.2604e-02 0.0000e+00 3.7233e+04 0.0000e+00
2.3800e+03 9.6059e-12 8.4907e-01 1.4368e+03 3.1135e+03 4.4000e+03 9.7272e+19 2.5897e+19 2.5897e+19 9.2285e-02 0.0000e+00 3.7347e+04 0.0000e+00
2.3900e+03 9.5690e-12 8.4873e-01 1.4364e+03 3.1125e+03 4.4000e+03 9.8130e+19 2.6092e+19 2.6092e+19 9.1967e-02 0.0000e+00 3.7461e+04 0.0000e+00
2.4000e+03 9.5322e-12 8.4839e-01 1.4359e+03 3.1115e+03 4.4000e+03 9.8996e+19 2.6289e+19 2.6289e+19 9.1651e-02 0.0000e+00 3.7576e+04 0.0000e+00
2.4100e+03 9.4956e-12 8.4805e-01 1.4355e+03 3.1106e+03 4.4000e+03 9.9869e+19 2.6487e+19 2.6487e+19 9.1335e-02 0.0000e+00 3.7691e+04 0.0000e+00
2.4200e+03 9.4592e-12 8.4771e-01 1.4350e+03 3.1096e+03 4.4000e+03 1.0075e+20 2.6687e+19 2.6687e+19 9.1021e-02 0.0000e+00 3.7806e+04 0.0000e+00
2.4300e+03 9.4228e-12 8.4737e-01 1.4346e+03 3.1086e+03 4.4000e+03 1.0164e+20 2.6888e+19 2.6888e+19 9.0708e-02 0.0000e+00 3.7922e+04 0.0000e+00
2.4400e+03 9.3867e-12 8.4703e-01 1.4342e+03 3.1077e+03 4.4000e+03 1.0253e+20 2.7090e+19 2.7090e+19 9.0396e-02 0.0000e+00 3.8038e+04 0.0000e+00
2.4500e+03 9.3506e-12 8.4669e-01 1.4337e+03 3.1067e+03 4.4000e+03 1.0344e+20 2.7294e+19 2.7294e+19 9.0085e-02 0.0000e+00 3.8154e+04 0.0000e+00
2.4600e+03 9.3147e-12 8.4634e-01 1.4333e+03 3.1057e+03 4.4000e+03 1.0435e+20 2.7499e+19 2.7499e+19 8.9776e-02 0.0000e+00 3.8271e+04 0.0000e+00
2.4700e+03 9.2789e-12 8.4600e-01 1.4328e+03 3.1048e+03 4.4000e+03 1.0527e+20 2.7706e+19 2.7706e+19 8.9467e-02 0.0000e+00 3.8388e+04 0.0000e+00
2.4800e+03 9.2433e-12 8.4565e-01 1.4324e+03 3.1038e+03 4.4000e+03 1.0620e+20 2.7914e+19 2.7914e+19 8.9160e-02 0.0000e+00 3.8505e+04 0.0000e+00
2.4900e+03 9.2078e-12 8.4531e-01 1.4319e+03 3.1029e+03 4.4000e+03 1.0713e+20 2.8123e+19 2.8123e+19 8.8854e-02 0.0000e+00 3.8623e+04 0.0000e+00
2.5000e+03 9.1725e-12 8.4496e-01 1.4315e+03 3.1019e+03 4.4000e+03 1.0807e+20 2.8334e+19 2.8334e+19 8.8549e-02 0.0000e+00 3.8741e+04 0.0000e+00
2.5100e+03 9.1372e-12 8.4462e-01 1.4310e+03 3.1009e+03 4.4000e+03 1.0902e+20 2.8546e+19 2.8546e+19 8.8245e-02 0.0000e+00 3.8859e+04 0.0000e+00
2.5200e+03 9.1022e-12 8.4427e-01 1.4306e+03 3.1000e+03 4.4000e+03 1.0998e+20 2.8760e+19 2.8760e+19 8.7943e-02 0.0000e+00 3.8978e+04 0.0000e+00
2.5300e+03 9.0672e-12 8.4392e-01 1.4302e+03 3.0990e+03 4.4000e+03 1.1095e+20 2.8975e+19 2.8975e+19 8.7641e-02 0.0000e+00 3.9097e+04 0.0000e+00
2.5400e+03 9.0324e-12 8.4357e-01 1.4297e+03 3.0981e+03 4.4000e+03 1.1193e+20 2.9192e+19 2.9192e+19 8.7341e-02 0.0000e+00 3.9216e+04 0.0000e+00
2.5500e+03 8.9977e-12 8.4322e-01 1.4293e+03 3.0971e+03 4.4000e+03 1.1291e+20 2.9410e+19 2.9410e+19 8.7041e-02 0.0000e+00 3.9336e+04 0.0000e+00
2.5600e+03 8.9631e-12 8.4287e-01 1.4288e+03 3.0962e+03 4.4000e+03 1.1391e+20 2.9630e+19 2.9630e+19 8.6743e-02 0.0000e+00 3.9456e+04 0.0000e+00
2.5700e+03 8.9287e-12 8.4252e-01 1.4284e+03 3.0952e+03 4.4000e+03 1.1491e+20 2.9851e+19 2.9851e+19 8.6446e-02 0.0000e+00 3.9577e+04 0.0000e+00
2.5800e+03 8.8944e-12 8.4217e-01 1.4280e+03 3.0943e+03 4.4000e+03 1.1592e+20 3.0074e+19 3.0074e+19 8.6150e-02 0.0000e+00 3.9697e+04 0.0000e+00
2.5900e+03 8.8603e-12 8.4182e-01 1.4275e+03 3.0933e+03 4.4000e+03 1.1694e+20 3.0298e+19 3.0298e+19 8.5855e-02 0.0000e+00 3.9818e+04 0.0000e+00
2.6000e+03 8.8263e-12 8.4147e-01 1.4271e+03 3.0924e+03 4.4000e+03 1.1796e+20 3.0524e+19 3.0524e+19 8.5561e-02 0.0000e+00 3.9940e+04 0.0000e+00
2.6100e+03 8.7924e-12 8.4112e-01 1.4267e+03 3.0914e+03 4.4000e+03 1.1900e+20 3.0752e+19 3.0752e+19 8.5268e-02 0.0000e+00 4.0062e+04 0.0000e+00
2.6200e+03 8.7586e-12 8.4076e-01 1.4262e+03 3.0905e+03 4.4000e+03 1.2005e+20 3.0981e+19 3.0981e+19 8.4976e-02 0.0000e+00 4.0184e+04 0.0000e+00
2.6300e+03 8.7250e-12 8.4041e-01 1.4258e+03 3.0895e+03 4.4000e+03 1.2110e+20 3.1211e+19 3.1211e+19 8.4686e-02 0.0000e+00 4.0306e+04 0.0000e+00
2.6400e+03 8.6915e-12 8.4005e-01 1.4253e+03 3.0886e+03 4.4000e+03 1.2216e+20 3.1443e+19 3.1443e+19 8.4396e-02 0.0000e+00 4.0429e+04 0.0000e+00
2.6500e+03 8.6581e-12 8.3970e-01 1.4249e+03 3.0876e+03 4.4000e+03 1.2324e+20 3.1677e+19 3.1677e+19 8.4108e-02 0.0000e+00 4.0552e+04 0.0000e+00
2.6600e+03 8.6248e-12 8.3934e-01 1.4245e+03 3.0867e+03 4.4000e+03 1.2432e+20 3.1912e+19 3.1912e+19 8.3820e-02 0.0000e+00 4.0676e+04 0.0000e+00
2.6700e+03 8.5917e-12 8.3899e-01 1.4240e+03 3.0858e+03 4.4000e+03 1.2541e+20 3.2149e+19 3.2149e+19 8.3534e-02 0.0000e+00 4.0800e+04 0.0000e+00
2.6800e+03 8.5587e-12 8.3863e-01 1.4236e+03 3.0848e+03 4.4000e+03 1.2651e+20 3.2388e+19 3.2388e+19 8.3248e-02 0.0000e+00 4.0924e+04 0.0000e+00
2.6900e+03 8.5259e-12 8.3827e-01 1.4232e+03 3.0839e+03 4.4000e+03 1.2762e+20 3.2628e+19 3.2628e+19 8.2964e-02 0.0000e+00 4.1048e+04 0.0000e+00
2.7000e+03 8.4931e-12 8.3791e-01 1.4227e+03 3.0829e+03 4.4000e+03 1.2874e+20 3.2869e+19 3.2869e+19 8.2681e-02 0.0000e+00 4.1173e+04 0.0000e+00
2.7100e+03 8.4605e-12 8.3755e-01 1.4223e+03 3.0820e+03 4.4000e+03 1.2987e+20 3.3113e+19 3.3113e+19 8.2399e-02 0.0000e+00 4.1299e+04 0.0000e+00
2.7200e+03 8.4280e-12 8.3719e-01 1.4219e+03 3.0811e+03 4.4000e+03 1.3101e+20 3.3358e+19 3.3358e+19 8.2117e-02 0.0000e+00 4.1424e+04 0.0000e+00
2.7300e+03 8.3957e-12 8.3683e-01 1.4215e+03 3.0801e+03 4.4000e+03 1.3216e+20 3.3605e+19 3.3605e+19 8.1837e-02 0.0000e+00 4.1550e+04 0.0000e+00
2.7400e+03 8.3634e-12 8.3647e-01 1.4210e+03 3.0792e+03 4.4000e+03 1.3332e+20 3.3853e+19 3.3853e+19 8.1558e-02 0.0000e+00 4.1677e+04 0.0000e+00
2.7500e+03 8.3313e-12 8.3611e-01 1.4206e+03 3.0783e+03 4.4000e+03 1.3449e+20 3.4103e+19 3.4103e+19 8.1280e-02 0.0000e+00 4.1803e+04 0.0000e+00
2.7600e+03 8.2993e-12 8.3575e-01 1.4202e+03 3.0774e+03 4.4000e+03 1.3567e+20 3.4355e+19 3.4355e+19 8.1003e-02 0.0000e+00 4.1930e+04 0.0000e+00
2.7700e+03 8.2675e-12 8.3539e-01 1.4197e+03 3.0764e+03 4.4000e+03 1.3686e+20 3.4608e+19 3.4608e+19 8.0727e-02 0.0000e+00 4.2058e+04 0.0000e+00
2.7800e+03 8.2357e-12 8.3503e-01 1.4193e+03 3.0755e+03 4.4000e+03 1.3805e+20 3.4864e+19 3.4864e+19 8.0452e-02 0.0000e+00 4.2186e+04 0.0000e+00
2.7900e+03 8.2041e-12 8.3466e-01 1.4189e+03 3.0746e+03 4.4000e+03 1.3926e+20 3.5121e+19 3.5121e+19 8.0178e-02 0.0000e+00 4.2314e+04 0.0000e+00
2.8000e+03 8.1726e-12 8.3430e-01 1.4185e+03 3.0736e+03 4.4000e+03 1.4048e+20 3.5379e+19 3.5379e+19 7.9905e-02 0.0000e+00 4.2442e+04 0.0000e+00
2.8100e+03 8.1412e-12 8.3393e-01 1.4180e+03 3.0727e+03 4.4000e+03 1.4171e+20 3.5640e+19 3.5640e+19 7.9633e-02 0.0000e+00 4.2571e+04 0.0000e+00
2.8200e+03 8.1099e-12 8.3357e-01 1.4176e+03 3.0718e+03 4.4000e+03 1.4296e+20 3.5902e+19 3.5902e+19 7.9362e-02 0.0000e+00 4.2701e+04 0.0000e+00
2.8300e+03 8.0788e-12 8.3320e-01 1.4172e+03 3.0709e+03 4.4000e+03 1.4421e+20 3.6166e+19 3.6166e+19 7.9092e-02 0.0000e+00 4.2830e+04 0.0000e+00
2.8400e+03 8.0478e-12 8.3284e-01 1.4167e+03 3.0700e+03 4.4000e+03 1.4547e+20 3.6431e+19 3.6431e+19 7.8823e-02 0.0000e+00 4.2960e+04 0.0000e+00
2.8500e+03 8.0169e-12 8.3247e-01 1.4163e+03 3.0690e+03 4.4000e+03 1.4674e+20 3.6699e+19 3.6699e+19 7.8555e-02 0.0000e+00 4.3091e+04 0.0000e+00
2.8600e+03 7.9861e-12 8.3210e-01 1.4159e+03 3.0681e+03 4.4000e+03 1.4803e+20 3.6968e+19 3.6968e+19 7.8288e-02 0.0000e+00 4.3221e+04 0.0000e+00
2.8700e+03 7.9554e-12 8.3173e-01 1.4155e+03 3.0672e+03 4.4000e+03 1.4932e+20 3.7239e+19 3.7239e+19 7.8022e-02 0.0000e+00 4.3353e+04 0.0000e+00
2.8800e+03 7.9249e-12 8.3136e-01 1.4151e+03 3.0663e+03 4.4000e+03 1.5063e+20 3.7512e+19 3.7512e+19 7.7756e-02 0.0000e+00 4.3484e+04 0.0000e+00
2.8900e+03 7.8944e-12 8.3099e-01 1.4146e+03 3.0654e+03 4.4000e+03 1.5195e+20 3.7787e+19 3.7787e+19 7.7492e-02 0.0000e+00 4.3616e+04 0.0000e+00
2.9000e+03 7.8641e-12 8.3063e-01 1.4142e+03 3.0645e+03 4.4000e+03 1.5328e+20 3.8064e+19 3.8064e+19 7.7229e-02 0.0000e+00 4.3748e+04 0.0000e+00
2.9100e+03 7.8339e-12 8.3025e-01 1.4138e+03 3.0635e+03 4.4000e+03 1.5462e+20 3.8342e+19 3.8342e+19 7.6967e-02 0.0000e+00 4.3881e+04 0.0000e+00
2.9200e+03 7.8038e-12 8.2988e-01 1.4134e+03 3.0626e+03 4.4000e+03 1.5597e+20 3.8622e+19 3.8622e+19 7.6706e-02 0.0000e+00 4.4014e+04 0.0000e+00
2.9300e+03 7.7739e-12 8.2951e-01 1.4129e+03 3.0617e+03 4.4000e+03 1.5733e+20 3.8904e+19 3.8904e+19 7.6445e-02 0.0000e+00 4.4147e+04 0.0000e+00
2.9400e+03 7.7440e-12 8.2914e-01 1.4125e+03 3.0608e+03 4.4000e+03 1.5871e+20 3.9189e+19 3.9189e+19 7.6186e-02 0.0000e+00 4.4281e+04 0.0000e+00
2.9500e+03 7.7143e-12 8.2877e-01 1.4121e+03 3.0599e+03 4.4000e+03 1.6009e+20 3.9474e+19 3.9474e+19 7.5927e-02 0.0000e+00 4.4415e+04 0.0000e+00
2.9600e+03 7.6847e-12 8.2839e-01 1.4117e+03 3.0590e+03 4.4000e+03 1.6149e+20 3.9762e+19 3.9762e+19 7.5670e-02 0.0000e+00 4.4550e+04 0.0000e+00
2.9700e+03 7.6551e-12 8.2802e-01 1.4113e+03 3.0581e+03 4.4000e+03 1.6290e+20 4.0052e+19 4.0052e+19 7.5413e-02 0.0000e+00 4.4685e+04 0.0000e+00
2.9800e+03 7.6258e-12 8.2765e-01 1.4109e+03 3.0572e+03 4.4000e+03 1.6433e+20 4.0344e+19 4.0344e+19 7.5158e-02 0.0000e+00 4.4820e+04 0.0000e+00
2.9900e+03 7.5965e-12 8.2727e-01 1.4104e+03 3.0563e+03 4.4000e+03 1.6576e+20 4.0637e+19 4.0637e+19 7.4903e-02 0.0000e+00 4.4956e+04 0.0000e+00
3.0000e+03 7.5673e-12 8.2690e-01 1.4100e+03 3.0554e+03 4.4000e+03 1.6721e+20 4.0933e+19 4.0933e+19 7.4649e-02 0.0000e+00 4.5092e+04 0.0000e+00
3.0100e+03 7.5382e-12 8.2652e-01 1.4096e+03 3.0545e+03 4.4000e+03 1.6867e+20 4.1231e+19 4.1231e+19 7.4396e-02 0.0000e+00 4.5228e+04 0.0000e+00
3.0200e+03 7.5093e-12 8.2614e-01 1.4092e+03 3.0536e+03 4.4000e+03 1.7014e+20 4.1530e+19 4.1530e+19 7.4145e-02 0.0000e+00 4.5365e+04 0.0000e+00
3.0300e+03 7.4805e-12 8.2577e-01 1.4088e+03 3.0527e+03 4.4000e+03 1.7163e+20 4.1832e+19 4.1832e+19 7.3894e-02 0.0000e+00 4.5502e+04 0.0000e+00
3.0400e+03 7.4517e-12 8.2539e-01 1.4084e+03 3.0518e+03 4.4000e+03 1.7313e+20 4.2135e+19 4.2135e+19 7.3643e-02 0.0000e+00 4.5640e+04 0.0000e+00
3.0500e+03 7.4231e-12 8.2501e-01 1.4079e+03 3.0509e+03 4.4000e+03 1.7464e+20 4.2441e+19 4.2441e+19 7.3394e-02 0.0000e+00 4.5778e+04 0.0000e+00
3.0600e+03 7.3946e-12 8.2463e-01 1.4075e+03 3.0500e+03 4.4000e+03 1.7616e+20 4.2748e+19 4.2748e+19 7.3146e-02 0.0000e+00 4.5916e+04 0.0000e+00
3.0700e+03 7.3662e-12 8.2426e-01 1.4071e+03 3.0491e+03 4.4000e+03 1.7770e+20 4.3058e+19 4.3058e+19 7.2899e-02 0.0000e+00 4.6055e+04 0.0000e+00
3.0800e+03 7.3379e-12 8.2388e-01 1.4067e+03 3.0482e+03 4.4000e+03 1.7925e+20 4.3369e+19 4.3369e+19 7.2652e-02 0.0000e+00 4.6194e+04 0.0000e+00
3.0900e+03 7.3098e-12 8.2350e-01 1.4063e+03 3.0473e+03 4.4000e+03 1.8081e+20 4.3683e+19 4.3683e+19 7.2407e-02 0.0000e+00 4.6334e+04 0.0000e+00
3.1000e+03 7.2817e-12 8.2312e-01 1.4059e+03 3.0464e+03 4.4000e+03 1.8239e+20 4.3999e+19 4.3999e+19 7.2162e-02 0.0000e+00 4.6474e+04 0.0000e+00
3.1100e+03 7.2537e-12 8.2273e-01 1.4055e+03 3.0455e+03 4.4000e+03 1.8398e+20 4.4317e+19 4.4317e+19 7.1918e-02 0.0000e+00 4.6614e+04 0.0000e+00
3.1200e+03 7.2259e-12 8.2235e-01 1.4051e+03 3.0446e+03 4.4000e+03 1.8558e+20 4.4636e+19 4.4636e+19 7.1675e-02 0.0000e+00 4.6755e+04 0.0000e+00
3.1300e+03 7.1981e-12 8.2197e-01 1.4046e+03 3.0437e+03 4.4000e+03 1.8720e+20 4.4958e+19 4.4958e+19 7.1433e-02 0.0000e+00 4.6896e+04 0.0000e+00
3.1400e+03 7.1705e-12 8.2159e-01 1.4042e+03 3.0428e+03 4.4000e+03 1.8883e+20 4.5283e+19 4.5283e+19 7.1192e-02 0.0000e+00 4.7038e+04 0.0000e+00
3.1500e+03 7.1429e-12 8.2120e-01 1.4038e+03 3.0420e+03 4.4000e+03 1.9048e+20 4.5609e+19 4.5609e+19 7.0952e-02 0.0000e+00 4.7180e+04 0.0000e+00
3.1600e+03 7.1155e-12 8.2082e-01 1.4034e+03 3.0411e+03 4.4000e+03 1.9214e+20 4.5937e+19 4.5937e+19 7.0712e-02 0.0000e+00 4.7322e+04 0.0000e+00
3.1700e+03 7.0882e-12 8.2044e-01 1.4030e+03 3.0402e+03 4.4000e+03 1.9381e+20 4.6268e+19 4.6268e+19 7.0474e-02 0.0000e+00 4.7465e+04 0.0000e+00
3.1800e+03 7.0610e-12 8.2005e-01 1.4026e+03 3.0393e+03 4.4000e+03 1.9550e+20 4.6600e+19 4.6600e+19 7.0236e-02 0.0000e+00 4.7608e+04 0.0000e+00
3.1900e+03 7.0339e-12 8.1967e-01 1.4022e+03 3.0384e+03 4.4000e+03 1.9720e+20 4.6935e+19 4.6935e+19 6.9999e-02 0.0000e+00 4.7752e+04 0.0000e+00
3.2000e+03 7.0069e-12 8.1928e-01 1.4018e+03 3.0375e+03 4.4000e+03 1.9892e+20 4.7272e+19 4.7272e+19 6.9763e-02 0.0000e+00 4.7896e+04 0.0000e+00
3.2100e+03 6.9799e-12 8.1890e-01 1.4014e+03 3.0367e+03 4.4000e+03 2.0065e+20 4.7611e+19 4.7611e+19 6.9528e-02 0.0000e+00 4.8040e+04 0.0000e+00
3.2200e+03 6.9531e-12 8.1851e-01 1.4010e+03 3.0358e+03 4.4000e+03 2.0240e+20 4.7953e+19 4.7953e+19 6.9294e-02 0.0000e+00 4.8185e+04 0.0000e+00
3.2300e+03 6.9264e-12 8.1812e-01 1.4006e+03 3.0349e+03 4.4000e+03 2.0416e+20 4.8296e+19 4.8296e+19 6.9060e-02 0.0000e+00 4.8330e+04 0.0000e+00
3.2400e+03 6.8998e-12 8.1773e-01 1.4002e+03 3.0340e+03 4.4000e+03 2.0593e+20 4.8642e+19 4.8642e+19 6.8828e-02 0.0000e+00 4.8476e+04 0.0000e+00
3.2500e+03 6.8733e-12 8.1735e-01 1.3998e+03 3.0331e+03 4.4000e+03 2.0773e+20 4.8990e+19 4.8990e+19 6.8596e-02 0.0000e+00 4.8622e+04 0.0000e+00
3.2600e+03 6.8470e-12 8.1696e-01 1.3994e+03 3.0323e+03 4.4000e+03 2.0953e+20 4.9341e+19 4.9341e+19 6.8365e-02 0.0000e+00 4.8769e+04 0.0000e+00
3.2700e+03 6.8207e-12 8.1657e-01 1.3990e+03 3.0314e+03 4.4000e+03 2.1136e+20 4.9693e+19 4.9693e+19 6.8135e-02 0.0000e+00 4.8916e+04 0.0000e+00
3.2800e+03 6.7945e-12 8.1618e-01 1.3986e+03 3.0305e+03 4.4000e+03 2.1319e+20 5.0048e+19 5.0048e+19 6.7906e-02 0.0000e+00 4.9063e+04 0.0000e+00
3.2900e+03 6.7684e-12 8.1579e-01 1.3982e+03 3.0297e+03 4.4000e+03 2.1505e+20 5.0405e+19 5.0405e+19 6.7677e-02 0.0000e+00 4.9211e+04 0.0000e+00
3.3000e+03 6.7424e-12 8.1540e-01 1.3977e+03 3.0288e+03 4.4000e+03 2.1692e+20 5.0765e+19 5.0765e+19 6.7450e-02 0.0000e+00 4.9359e+04 0.0000e+00
3.3100e+03 6.7165e-12 8.1501e-01 1.3973e+03 3.0279e+03 4.4000e+03 2.1880e+20 5.1127e+19 5.1127e+19 6.7223e-02 0.0000e+00 4.9508e+04 0.0000e+00
3.3200e+03 6.6907e-12 8.1461e-01 1.3969e+03 3.0270e+03 4.4000e+03 2.2071e+20 5.1491e+19 5.1491e+19 6.6997e-02 0.0000e+00 4.9657e+04 0.0000e+00
3.3300e+03 6.6650e-12 8.1422e-01 1.3965e+03 3.0262e+03 4.4000e+03 2.2263e+20 5.1857e+19 5.1857e+19 6.6772e-02 0.0000e+00 4.9806e+04 0.0000e+00
3.3400e+03 6.6394e-12 8.1383e-01 1.3961e+03 3.0253e+03 4.4000e+03 2.2456e+20 5.2226e+19 5.2226e+19 6.6548e-02 0.0000e+00 4.9956e+04 0.0000e+00
3.3500e+03 6.6139e-12 8.1344e-01 1.3957e+03 3.0244e+03 4.4000e+03 2.2651e+20 5.2597e+19 5.2597e+19 6.6324e-02 0.0000e+00 5.0106e+04 0.0000e+00
3.3600e+03 6.5885e-12 8.1304e-01 1.3954e+03 3.0236e+03 4.4000e+03 2.2848e+20 5.2971e+19 5.2971e+19 6.6101e-02 0.0000e+00 5.0257e+04 0.0000e+00
3.3700e+03 6.5632e-12 8.1265e-01 1.3950e+03 3.0227e+03 4.4000e+03 2.3046e+20 5.3347e+19 5.3347e+19 6.5880e-02 0.0000e+00 5.0408e+04 0.0000e+00
3.3800e+03 6.5380e-12 8.1225e-01 1.3946e+03 3.0219e+03 4.4000e+03 2.3247e+20 5.3725e+19 5.3725e+19 6.5658e-02 0.0000e+00 5.0560e+04 0.0000e+00
3.3900e+03 6.5129e-12 8.1186e-01 1.3942e+03 3.0210e+03 4.4000e+03 2.3448e+20 5.4106e+19 5.4106e+19 6.5438e-02 0.0000e+00 5.0712e+04 0.0000e+00
3.4000e+03 6.4879e-12 8.1146e-01 1.3938e+03 3.0201e+03 4.4000e+03 2.3652e+20 5.4490e+19 5.4490e+19 6.5219e-02 0.0000e+00 5.0864e+04 0.0000e+00
3.4100e+03 6.4630e-12 8.1107e-01 1.3934e+03 3.0193e+03 4.4000e+03 2.3857e+20 5.4875e+19 5.4875e+19 6.5000e-02 0.0000e+00 5.1017e+04 0.0000e+00
3.4200e+03 6.4382e-12 8.1067e-01 1.3930e+03 3.0184e+03 4.4000e+03 2.4065e+20 5.5264e+19 5.5264e+19 6.4782e-02 0.0000e+00 5.1170e+04 0.0000e+00
3.4300e+03 6.4135e-12 8.1027e-01 1.3926e+03 3.0176e+03 4.4000e+03 2.4273e+20 5.5654e+19 5.5654e+19 6.4565e-02 0.0000e+00 5.1324e+04 0.0000e+00
3.4400e+03 6.3888e-12 8.0988e-01 1.3922e+03 3.0167e+03 4.4000e+03 2.4484e+20 5.6047e+19 5.6047e+19 6.4348e-02 0.0000e+00 5.1478e+04 0.0000e+00
3.4500e+03 6.3643e-12 8.0948e-01 1.3918e+03 3.0159e+03 4.4000e+03 2.4697e+20 5.6443e+19 5.6443e+19 6.4133e-02 0.0000e+00 5.1633e+04 0.0000e+00
3.4600e+03 6.3399e-12 8.0908e-01 1.3914e+03 3.0150e+03 4.4000e+03 2.4911e+20 5.6841e+19 5.6841e+19 6.3918e-02 0.0000e+00 5.1788e+04 0.0000e+00
3.4700e+03 6.3155e-12 8.0868e-01 1.3910e+03 3.0142e+03 4.4000e+03 2.5127e+20 5.7242e+19 5.7242e+19 6.3704e-02 0.0000e+00 5.1943e+04 0.0000e+00
3.4800e+03 6.2913e-12 8.0828e-01 1.3906e+03 3.0133e+03 4.4000e+03 2.5345e+20 5.7645e+19 5.7645e+19 6.3491e-02 0.0000e+00 5.2099e+04 0.0000e+00
3.4900e+03 6.2671e-12 8.0788e-01 1.3902e+03 3.0125e+03 4.4000e+03 2.5565e+20 5.8051e+19 5.8051e+19 6.3278e-02 0.0000e+00 5.2256e+04 0.0000e+00
3.5000e+03 6.2430e-12 8.0748e-01 1.3898e+03 3.0116e+03 4.4000e+03 2.5786e+20 5.8459e+19 5.8459e+19 6.3066e-02 0.0000e+00 5.2412e+04 0.0000e+00
3.5100e+03 6.2191e-12 8.0708e-01 1.3894e+03 3.0108e+03 4.4000e+03 2.6010e+20 5.8870e+19 5.8870e+19 6.2855e-02 0.0000e+00 5.2570e+04 0.0000e+00
3.5200e+03 6.1952e-12 8.0668e-01 1.3890e+03 3.0099e+03 4.4000e+03 2.6235e+20 5.9284e+19 5.9284e+19 6.2645e-02 0.0000e+00 5.2727e+04 0.0000e+00
3.5300e+03 6.1714e-12 8.0628e-01 1.3886e+03 3.0091e+03 4.4000e+03 2.6463e+20 5.9700e+19 5.9700e+19 6.2436e-02 0.0000e+00 5.2886e+04 0.0000e+00
3.5400e+03 6.1477e-12 8.0588e-01 1.3883e+03 3.0082e+03 4.4000e+03 2.6692e+20 6.0118e+19 6.0118e+19 6.2227e-02 0.0000e+00 5.3044e+04 0.0000e+00
3.5500e+03 6.1241e-12 8.0548e-01 1.3879e+03 3.0074e+03 4.4000e+03 2.6923e+20 6.0540e+19 6.0540e+19 6.2019e-02 0.0000e+00 5.3203e+04 0.0000e+00
3.5600e+03 6.1006e-12 8.0507e-01 1.3875e+03 3.0065e+03 4.4000e+03 2.7157e+20 6.0964e+19 6.0964e+19 6.1812e-02 0.0000e+00 5.3363e+04 0.0000e+00
3.5700e+03 6.0771e-12 8.0467e-01 1.3871e+03 3.0057e+03 4.4000e+03 2.7392e+20 6.1390e+19 6.1390e+19 6.1605e-02 0.0000e+00 5.3523e+04 0.0000e+00
3.5800e+03 6.0538e-12 8.0427e-01 1.3867e+03 3.0049e+03 4.4000e+03 2.7629e+20 6.1820e+19 6.1820e+19 6.1400e-02 0.0000e+00 5.3683e+04 0.0000e+00
3.5900e+03 6.0306e-12 8.0386e-01 1.3863e+03 3.0040e+03 4.4000e+03 2.7869e+20 6.2252e+19 6.2252e+19 6.1195e-02 0.0000e+00 5.3844e+04 0.0000e+00
3.6000e+03 6.0074e-12 8.0346e-01 1.3859e+03 3.0032e+03 4.4000e+03 2.8110e+20 6.2687e+19 6.2687e+19 6.0990e-02 0.0000e+00 5.4005e+04 0.0000e+00
3.6100e+03 5.9843e-12 8.0305e-01 1.3855e+03 3.0023e+03 4.4000e+03 2.8353e+20 6.3124e+19 6.3124e+19 6.0787e-02 0.0000e+00 5.4167e+04 0.0000e+00
3.6200e+03 5.9614e-12 8.0265e-01 1.3852e+03 3.0015e+03 4.4000e+03 2.8599e+20 6.3564e+19 6.3564e+19 6.0584e-02 0.0000e+00 5.4329e+04 0.0000e+00
3.6300e+03 5.9385e-12 8.0224e-01 1.3848e+03 3.0007e+03 4.4000e+03 2.8846e+20 6.4007e+19 6.4007e+19 6.0382e-02 0.0000e+00 5.4492e+04 0.0000e+00
3.6400e+03 5.9157e-12 8.0183e-01 1.3844e+03 2.9998e+03 4.4000e+03 2.9096e+20 6.4453e+19 6.4453e+19 6.0180e-02 0.0000e+00 5.4655e+04 0.0000e+00
3.6500e+03 5.8929e-12 8.0143e-01 1.3840e+03 2.9990e+03 4.4000e+03 2.9348e+20 6.4902e+19 6.4902e+19 5.9980e-02 0.0000e+00 5.4819e+04 0.0000e+00
3.6600e+03 5.8703e-12 8.0102e-01 1.3836e+03 2.9982e+03 4.4000e+03 2.9602e+20 6.5353e+19 6.5353e+19 5.9780e-02 0.0000e+00 5.4983e+04 0.0000e+00
3.6700e+03 5.8478e-12 8.0061e-01 1.3832e+03 2.9973e+03 4.4000e+03 2.9858e+20 6.5807e+19 6.5807e+19 5.9581e-02 0.0000e+00 5.5147e+04 0.0000e+00
3.6800e+03 5.8253e-12 8.0020e-01 1.3829e+03 2.9965e+03 4.4000e+03 3.0116e+20 6.6264e+19 6.6264e+19 5.9382e-02 0.0000e+00 5.5312e+04 0.0000e+00
3.6900e+03 5.8029e-12 7.9979e-01 1.3825e+03 2.9957e+03 4.4000e+03 3.0377e+20 6.6723e+19 6.6723e+19 5.9184e-02 0.0000e+00 5.5478e+04 0.0000e+00
3.7000e+03 5.7807e-12 7.9938e-01 1.3821e+03 2.9949e+03 4.4000e+03 3.0639e+20 6.7186e+19 6.7186e+19 5.8987e-02 0.0000e+00 5.5644e+04 0.0000e+00
3.7100e+03 5.7585e-12 7.9897e-01 1.3817e+03 2.9940e+03 4.4000e+03 3.0904e+20 6.7652e+19 6.7652e+19 5.8791e-02 0.0000e+00 5.5810e+04 0.0000e+00
3.7200e+03 5.7364e-12 7.9856e-01 1.3813e+03 2.9932e+03 4.4000e+03 3.1172e+20 6.8120e+19 6.8120e+19 5.8595e-02 0.0000e+00 5.5977e+04 0.0000e+00
3.7300e+03 5.7143e-12 7.9815e-01 1.3810e+03 2.9924e+03 4.4000e+03 3.1441e+20 6.8591e+19 6.8591e+19 5.8400e-02 0.0000e+00 5.6145e+04 0.0000e+00
3.7400e+03 5.6924e-12 7.9774e-01 1.3806e+03 2.9916e+03 4.4000e+03 3.1713e+20 6.9065e+19 6.9065e+19 5.8206e-02 0.0000e+00 5.6312e+04 0.0000e+00
3.7500e+03 5.6705e-12 7.9733e-01 1.3802e+03 2.9907e+03 4.4000e+03 3.1987e+20 6.9542e+19 6.9542e+19 5.8012e-02 0.0000e+00 5.6481e+04 0.0000e+00
3.7600e+03 5.6488e-12 7.9692e-01 1.3798e+03 2.9899e+03 4.4000e+03 3.2264e+20 7.0022e+19 7.0022e+19 5.7819e-02 0.0000e+00 5.6649e+04 0.0000e+00
3.7700e+03 5.6271e-12 7.9651e-01 1.3794e+03 2.9891e+03 4.4000e+03 3.2542e+20 7.0505e+19 7.0505e+19 5.7627e-02 0.0000e+00 5.6819e+04 0.0000e+00
3.7800e+03 5.6055e-12 7.9610e-01 1.3791e+03 2.9883e+03 4.4000e+03 3.2823e+20 7.0991e+19 7.0991e+19 5.7436e-02 0.0000e+00 5.6989e+04 0.0000e+00
3.7900e+03 5.5839e-12 7.9568e-01 1.3787e+03 2.9875e+03 4.4000e+03 3.3107e+20 7.1480e+19 7.1480e+19 5.7245e-02 0.0000e+00 5.7159e+04 0.0000e+00
3.8000e+03 5.5625e-12 7.9527e-01 1.3783e+03 2.9866e+03 4.4000e+03 3.3393e+20 7.1972e+19 7.1972e+19 5.7055e-02 0.0000e+00 5.7329e+04 0.0000e+00
3.8100e+03 5.5411e-12 7.9486e-01 1.3779e+03 2.9858e+03 4.4000e+03 3.3681e+20 7.2466e+19 7.2466e+19 5.6865e-02 0.0000e+00 5.7501e+04 0.0000e+00
3.8200e+03 5.5198e-12 7.9444e-01 1.3776e+03 2.9850e+03 4.4000e+03 3.3972e+20 7.2964e+19 7.2964e+19 5.6676e-02 0.0000e+00 5.7672e+04 0.0000e+00
3.8300e+03 5.4987e-12 7.9403e-01 1.3772e+03 2.9842e+03 4.4000e+03 3.4266e+20 7.3465e+19 7.3465e+19 5.6488e-02 0.0000e+00 5.7844e+04 0.0000e+00
3.8400e+03 5.4775e-12 7.9361e-01 1.3768e+03 2.9834e+03 4.4000e+03 3.4561e+20 7.3969e+19 7.3969e+19 5.6301e-02 0.0000e+00 5.8017e+04 0.0000e+00
3.8500e+03 5.4565e-12 7.9320e-01 1.3764e+03 2.9826e+03 4.4000e+03 3.4860e+20 7.4476e+19 7.4476e+19 5.6114e-02 0.0000e+00 5.8190e+04 0.0000e+00
3.8600e+03 5.4355e-12 7.9278e-01 1.3761e+03 2.9818e+03 4.4000e+03 3.5161e+20 7.4986e+19 7.4986e+19 5.5928e-02 0.0000e+00 5.8364e+04 0.0000e+00
3.8700e+03 5.4147e-12 7.9236e-01 1.3757e+03 2.9810e+03 4.4000e+03 3.5464e+20 7.5499e+19 7.5499e+19 5.5742e-02 0.0000e+00 5.8538e+04 0.0000e+00
3.8800e+03 5.3939e-12 7.9195e-01 1.3753e+03 2.9801e+03 4.4000e+03 3.5770e+20 7.6016e+19 7.6016e+19 5.5557e-02 0.0000e+00 5.8713e+04 0.0000e+00
3.8900e+03 5.3732e-12 7.9153e-01 1.3749e+03 2.9793e+03 4.4000e+03 3.6079e+20 7.6535e+19 7.6535e+19 5.5373e-02 0.0000e+00 5.8888e+04 0.0000e+00
3.9000e+03 5.3525e-12 7.9111e-01 1.3746e+03 2.9785e+03 4.4000e+03 3.6390e+20 7.7058e+19 7.7058e+19 5.5190e-02 0.0000e+00 5.9063e+04 0.0000e+00
3.9100e+03 5.3320e-12 7.9070e-01 1.3742e+03 2.9777e+03 4.4000e+03 3.6704e+20 7.7583e+19 7.7583e+19 5.5007e-02 0.0000e+00 5.9239e+04 0.0000e+00
3.9200e+03 5.3115e-12 7.9028e-01 1.3738e+03 2.9769e+03 4.4000e+03 3.7021e+20 7.8112e+19 7.8112e+19 5.4825e-02 0.0000e+00 5.9416e+04 0.0000e+00
3.9300e+03 5.2911e-12 7.8986e-01 1.3734e+03 2.9761e+03 4.4000e+03 3.7340e+20 7.8644e+19 7.8644e+19 5.4643e-02 0.0000e+00 5.9593e+04 0.0000e+00
3.9400e+03 5.2708e-12 7.8944e-01 1.3731e+03 2.9753e+03 4.4000e+03 3.7662e+20 7.9180e+19 7.9180e+19 5.4462e-02 0.0000e+00 5.9771e+04 0.0000e+00
3.9500e+03 5.2506e-12 7.8902e-01 1.3727e+03 2.9745e+03 4.4000e+03 3.7987e+20 7.9718e+19 7.9718e+19 5.4282e-02 0.0000e+00 5.9949e+04 0.0000e+00
3.9600e+03 5.2304e-12 7.8860e-01 1.3723e+03 2.9737e+03 4.4000e+03 3.8314e+20 8.0260e+19 8.0260e+19 5.4102e-02 0.0000e+00 6.0127e+04 0.0000e+00
3.9700e+03 5.2103e-12 7.8818e-01 1.3720e+03 2.9729e+03 4.4000e+03 3.8645e+20 8.0805e+19 8.0805e+19 5.3923e-02 0.0000e+00 6.0307e+04 0.0000e+00
3.9800e+03 5.1903e-12 7.8776e-01 1.3716e+03 2.9721e+03 4.4000e+03 3.8978e+20 8.1353e+19 8.1353e+19 5.3745e-02 0.0000e+00 6.0486e+04 0.0000e+00
3.9900e+03 5.1704e-12 7.8734e-01 1.3712e+03 2.9713e+03 4.4000e+03 3.9314e+20 8.1905e+19 8.1905e+19 5.3567e-02 0.0000e+00 6.0666e+04 0.0000e+00
4.0000e+03 5.1505e-12 7.8692e-01 1.3709e+03 2.9705e+03 4.4000e+03 3.9652e+20 8.2460e+19 8.2460e+19 5.3390e-02 0.0000e+00 6.0847e+04 0.0000e+00
4.0100e+03 5.1307e-12 7.8649e-01 1.3705e+03 2.9697e+03 4.4000e+03 3.9994e+20 8.3018e+19 8.3018e+19 5.3213e-02 0.0000e+00 6.1028e+04 0.0000e+00
4.0200e+03 5.1110e-12 7.8607e-01 1.3701e+03 2.9689e+03 4.4000e+03 4.0339e+20 8.3579e+19 8.3579e+19 5.3037e-02 0.0000e+00 6.1210e+04 0.0000e+00
4.0300e+03 5.0914e-12 7.8565e-01 1.3698e+03 2.9682e+03 4.4000e+03 4.0686e+20 8.4144e+19 8.4144e+19 5.2862e-02 0.0000e+00 6.1392e+04 0.0000e+00
4.0400e+03 5.0719e-12 7.8523e-01 1.3694e+03 2.9674e+03 4.4000e+03 4.1037e+20 8.4712e+19 8.4712e+19 5.2688e-02 0.0000e+00 6.1575e+04 0.0000e+00
4.0500e+03 5.0524e-12 7.8480e-01 1.3690e+03 2.9666e+03 4.4000e+03 4.1390e+20 8.5284e+19 8.5284e+19 5.2514e-02 0.0000e+00 6.1758e+04 0.0000e+00
4.0600e+03 5.0330e-12 7.8438e-01 1.3687e+03 2.9658e+03 4.4000e+03 4.1746e+20 8.5859e+19 8.5859e+19 5.2340e-02 0.0000e+00 6.1942e+04 0.0000e+00
4.0700e+03 5.0137e-12 7.8396e-01 1.3683e+03 2.9650e+03 4.4000e+03 4.2106e+20 8.6437e+19 8.6437e+19 5.2167e-02 0.0000e+00 6.2126e+04 0.0000e+00
4.0800e+03 4.9944e-12 7.8353e-01 1.3680e+03 2.9642e+03 4.4000e+03 4.2468e+20 8.7019e+19 8.7019e+19 5.1995e-02 0.0000e+00 6.2311e+04 0.0000e+00
4.0900e+03 4.9752e-12 7.8311e-01 1.3676e+03 2.9634e+03 4.4000e+03 4.2834e+20 8.7604e+19 8.7604e+19 5.1824e-02 0.0000e+00 6.2496e+04 0.0000e+00
4.1000e+03 4.9561e-12 7.8268e-01 1.3672e+03 2.9626e+03 4.4000e+03 4.3203e+20 8.8193e+19 8.8193e+19 5.1653e-02 0.0000e+00 6.2682e+04 0.0000e+00
4.1100e+03 4.9371e-12 7.8226e-01 1.3669e+03 2.9619e+03 4.4000e+03 4.3575e+20 8.8785e+19 8.8785e+19 5.1482e-02 0.0000e+00 6.2868e+04 0.0000e+00
4.1200e+03 4.9181e-12 7.8183e-01 1.3665e+03 2.9611e+03 4.4000e+03 4.3950e+20 8.9380e+19 8.9380e+19 5.1313e-02 0.0000e+00 6.3055e+04 0.0000e+00
4.1300e+03 4.8992e-12 7.8140e-01 1.3661e+03 2.9603e+03 4.4000e+03 4.4328e+20 8.9980e+19 8.9980e+19 5.1143e-02 0.0000e+00 6.3242e+04 0.0000e+00
4.1400e+03 4.8804e-12 7.8098e-01 1.3658e+03 2.9595e+03 4.4000e+03 4.4709e+20 9.0582e+19 9.0582e+19 5.0975e-02 0.0000e+00 6.3430e+04 0.0000e+00
4.1500e+03 4.8617e-12 7.8055e-01 1.3654e+03 2.9587e+03 4.4000e+03 4.5094e+20 9.1188e+19 9.1188e+19 5.0807e-02 0.0000e+00 6.3619e+04 0.0000e+00
4.1600e+03 4.8430e-12 7.8012e-01 1.3651e+03 2.9580e+03 4.4000e+03 4.5482e+20 9.1798e+19 9.1798e+19 5.0639e-02 0.0000e+00 6.3808e+04 0.0000e+00
4.1700e+03 4.8244e-12 7.7970e-01 1.3647e+03 2.9572e+03 4.4000e+03 4.5873e+20 9.2411e+19 9.2411e+19 5.0473e-02 0.0000e+00 6.3997e+04 0.0000e+00
4.1800e+03 4.8059e-12 7.7927e-01 1.3643e+03 2.9564e+03 4.4000e+03 4.6268e+20 9.3028e+19 9.3028e+19 5.0306e-02 0.0000e+00 6.4187e+04 0.0000e+00
4.1900e+03 4.7874e-12 7.7884e-01 1.3640e+03 2.9556e+03 4.4000e+03 4.6665e+20 9.3649e+19 9.3649e+19 5.0141e-02 0.0000e+00 6.4378e+04 0.0000e+00
4.2000e+03 4.7691e-12 7.7841e-01 1.3636e+03 2.9549e+03 4.4000e+03 4.7067e+20 9.4273e+19 9.4273e+19 4.9976e-02 0.0000e+00 6.4569e+04 0.0000e+00
4.2100e+03 4.7507e-12 7.7798e-01 1.3633e+03 2.9541e+03 4.4000e+03 4.7471e+20 9.4901e+19 9.4901e+19 4.9811e-02 0.0000e+00 6.4761e+04 0.0000e+00
4.2200e+03 4.7325e-12 7.7755e-01 1.3629e+03 2.9533e+03 4.4000e+03 4.7879e+20 9.5532e+19 9.5532e+19 4.9648e-02 0.0000e+00 6.4953e+04 0.0000e+00
4.2300e+03 4.7143e-12 7.7712e-01 1.3626e+03 2.9525e+03 4.4000e+03 4.8291e+20 9.6167e+19 9.6167e+19 4.9484e-02 0.0000e+00 6.5146e+04 0.0000e+00
4.2400e+03 4.6962e-12 7.7669e-01 1.3622e+03 2.9518e+03 4.4000e+03 4.8706e+20 9.6806e+19 9.6806e+19 4.9321e-02 0.0000e+00 6.5339e+04 0.0000e+00
4.2500e+03 4.6782e-12 7.7626e-01 1.3619e+03 2.9510e+03 4.4000e+03 4.9125e+20 9.7448e+19 9.7448e+19 4.9159e-02 0.0000e+00 6.5533e+04 0.0000e+00
4.2600e+03 4.6602e-12 7.7583e-01 1.3615e+03 2.9502e+03 4.4000e+03 4.9547e+20 9.8094e+19 9.8094e+19 4.8998e-02 0.0000e+00 6.5727e+04 0.0000e+00
4.2700e+03 4.6423e-12 7.7540e-01 1.3611e+03 2.9495e+03 4.4000e+03 4.9973e+20 9.8744e+19 9.8744e+19 4.8837e-02 0.0000e+00 6.5922e+04 0.0000e+00
4.2800e+03 4.6245e-12 7.7497e-01 1.3608e+03 2.9487e+03 4.4000e+03 5.0402e+20 9.9398e+19 9.9398e+19 4.8676e-02 0.0000e+00 6.6118e+04 0.0000e+00
4.2900e+03 4.6068e-12 7.7454e-01 1.3604e+03 2.9479e+03 4.4000e+03 5.0835e+20 1.0006e+20 1.0006e+20 4.8516e-02 0.0000e+00 6.6314e+04 0.0000e+00
4.3000e+03 4.5891e-12 7.7411e-01 1.3601e+03 2.9472e+03 4.4000e+03 5.1272e+20 1.0072e+20 1.0072e+20 4.8357e-02 0.0000e+00 6.6511e+04 0.0000e+00
4.3100e+03 4.5714e-12 7.7367e-01 1.3597e+03 2.9464e+03 4.4000e+03 5.1712e+20 1.0138e+20 1.0138e+20 4.8198e-02 0.0000e+00 6.6708e+04 0.0000e+00
4.3200e+03 4.5539e-12 7.7324e-01 1.3594e+03 2.9456e+03 4.4000e+03 5.2156e+20 1.0205e+20 1.0205e+20 4.8040e-02 0.0000e+00 6.6906e+04 0.0000e+00
4.3300e+03 4.5364e-12 7.7281e-01 1.3590e+03 2.9449e+03 4.4000e+03 5.2604e+20 1.0272e+20 1.0272e+20 4.7882e-02 0.0000e+00 6.7104e+04 0.0000e+00
4.3400e+03 4.5190e-12 7.7237e-01 1.3587e+03 2.9441e+03 4.4000e+03 5.3056e+20 1.0340e+20 1.0340e+20 4.7725e-02 0.0000e+00 6.7303e+04 0.0000e+00
4.3500e+03 4.5016e-12 7.7194e-01 1.3583e+03 2.9434e+03 4.4000e+03 5.3511e+20 1.0408e+20 1.0408e+20 4.7569e-02 0.0000e+00 6.7502e+04 0.0000e+00
4.3600e+03 4.4843e-12 7.7151e-01 1.3580e+03 2.9426e+03 4.4000e+03 5.3971e+20 1.0476e+20 1.0476e+20 4.7413e-02 0.0000e+00 6.7702e+04 0.0000e+00
4.3700e+03 4.4671e-12 7.7107e-01 1.3576e+03 2.9419e+03 4.4000e+03 5.4434e+20 1.0545e+20 1.0545e+20 4.7257e-02 0.0000e+00 6.7903e+04 0.0000e+00
4.3800e+03 4.4500e-12 7.7064e-01 1.3573e+03 2.9411e+03 4.4000e+03 5.4901e+20 1.0614e+20 1.0614e+20 4.7102e-02 0.0000e+00 6.8104e+04 0.0000e+00
4.3900e+03 4.4329e-12 7.7020e-01 1.3569e+03 2.9403e+03 4.4000e+03 5.5373e+20 1.0684e+20 1.0684e+20 4.6948e-02 0.0000e+00 6.8306e+04 0.0000e+00
4.4000e+03 4.4159e-12 7.6977e-01 1.3566e+03 2.9396e+03 4.4000e+03 5.5848e+20 1.0754e+20 1.0754e+20 4.6794e-02 0.0000e+00 6.8508e+04 0.0000e+00
4.4100e+03 4.3989e-12 7.6933e-01 1.3562e+03 2.9388e+03 4.4000e+03 5.6327e+20 1.0824e+20 1.0824e+20 4.6641e-02 0.0000e+00 6.8711e+04 0.0000e+00
4.4200e+03 4.3820e-12 7.6890e-01 1.3559e+03 2.9381e+03 4.4000e+03 5.6810e+20 1.0895e+20 1.0895e+20 4.6488e-02 0.0000e+00 6.8914e+04 0.0000e+00
4.4300e+03 4.3652e-12 7.6846e-01 1.3555e+03 2.9373e+03 4.4000e+03 5.7298e+20 1.0966e+20 1.0966e+20 4.6336e-02 0.0000e+00 6.9118e+04 0.0000e+00
4.4400e+03 4.3484e-12 7.6802e-01 1.3552e+03 2.9366e+03 4.4000e+03 5.7789e+20 1.1038e+20 1.1038e+20 4.6184e-02 0.0000e+00 6.9323e+04 0.0000e+00
4.4500e+03 4.3317e-12 7.6759e-01 1.3549e+03 2.9358e+03 4.4000e+03 5.8285e+20 1.1110e+20 1.1110e+20 4.6033e-02 0.0000e+00 6.9528e+04 0.0000e+00
4.4600e+03 4.3151e-12 7.6715e-01 1.3545e+03 2.9351e+03 4.4000e+03 5.8785e+20 1.1182e+20 1.1182e+20 4.5882e-02 0.0000e+00 6.9734e+04 0.0000e+00
4.4700e+03 4.2985e-12 7.6671e-01 1.3542e+03 2.9343e+03 4.4000e+03 5.9289e+20 1.1255e+20 1.1255e+20 4.5732e-02 0.0000e+00 6.9940e+04 0.0000e+00
4.4800e+03 4.2820e-12 7.6627e-01 1.3538e+03 2.9336e+03 4.4000e+03 5.9798e+20 1.1328e+20 1.1328e+20 4.5583e-02 0.0000e+00 7.0147e+04 0.0000e+00
4.4900e+03 4.2656e-12 7.6584e-01 1.3535e+03 2.9329e+03 4.4000e+03 6.0311e+20 1.1402e+20 1.1402e+20 4.5434e-02 0.0000e+00 7.0354e+04 0.0000e+00
4.5000e+03 4.2492e-12 7.6540e-01 1.3531e+03 2.9321e+03 4.4000e+03 6.0828e+20 1.1476e+20 1.1476e+20 4.5285e-02 0.0000e+00 7.0562e+04 0.0000e+00
4.5100e+03 4.2329e-12 7.6496e-01 1.3528e+03 2.9314e+03 4.4000e+03 6.1349e+20 1.1550e+20 1.1550e+20 4.5137e-02 0.0000e+00 7.0771e+04 0.0000e+00
4.5200e+03 4.2166e-12 7.6452e-01 1.3525e+03 2.9306e+03 4.4000e+03 6.1875e+20 1.1625e+20 1.1625e+20 4.4989e-02 0.0000e+00 7.0980e+04 0.0000e+00
4.5300e+03 4.2004e-12 7.6408e-01 1.3521e+03 2.9299e+03 4.4000e+03 6.2406e+20 1.1700e+20 1.1700e+20 4.4842e-02 0.0000e+00 7.1190e+04 0.0000e+00
4.5400e+03 4.1843e-12 7.6364e-01 1.3518e+03 2.9292e+03 4.4000e+03 6.2941e+20 1.1776e+20 1.1776e+20 4.4696e-02 0.0000e+00 7.1401e+04 0.0000e+00
4.5500e+03 0.0000e+00 0.0000e+00 1.3514e+03 0.0000e+00 4.4000e+03 0.0000e+00 0.0000e+00 0.0000e+00 0.0000e+00 0.0000e+00 0.0000e+00 0.0000e+00
