0.0000e+00 2.3990e-11 8.7484e-01 1.7000e+03 2.6768e+03 4.2000e+03 2.2229e+19 2.0471e+19 4.1654e+17 2.1735e-01 7.9426e-01 1.9489e+04 5.7531e+03
1.0000e+01 2.3855e-11 7.4118e-01 1.7160e+03 2.7273e+03 4.1758e+03 1.4384e+19 1.8855e+19 4.6128e+17 2.5509e-01 7.4159e-01 1.6794e+04 5.8599e+03
2.0000e+01 2.3720e-11 6.8376e-01 1.7296e+03 2.7531e+03 4.1533e+03 1.1930e+19 1.8664e+19 5.0792e+17 2.7496e-01 7.0255e-01 1.5729e+04 5.9791e+03
3.0000e+01 2.3586e-11 6.3884e-01 1.7417e+03 2.7750e+03 4.1319e+03 1.0232e+19 1.8628e+19 5.5700e+17 2.9263e-01 6.6748e-01 1.4903e+04 6.0987e+03
4.0000e+01 2.3454e-11 6.0168e-01 1.7524e+03 2.7944e+03 4.1116e+03 8.9532e+18 1.8677e+19 6.0855e+17 3.0896e-01 6.3551e-01 1.4219e+04 6.2182e+03
5.0000e+01 2.3322e-11 5.7066e-01 1.7618e+03 2.8115e+03 4.0923e+03 7.9714e+18 1.8804e+19 6.6259e+17 3.2392e-01 6.0629e-01 1.3650e+04 6.3377e+03
6.0000e+01 2.3191e-11 5.4463e-01 1.7701e+03 2.8264e+03 4.0738e+03 7.2076e+18 1.9002e+19 7.1917e+17 3.3750e-01 5.7951e-01 1.3175e+04 6.4575e+03
7.0000e+01 2.3062e-11 5.2270e-01 1.7774e+03 2.8395e+03 4.0562e+03 6.6070e+18 1.9269e+19 7.7829e+17 3.4970e-01 5.5492e-01 1.2777e+04 6.5777e+03
8.0000e+01 2.2933e-11 5.0415e-01 1.7837e+03 2.8509e+03 4.0393e+03 6.1311e+18 1.9600e+19 8.4000e+17 3.6054e-01 5.3229e-01 1.2445e+04 6.6982e+03
9.0000e+01 2.2805e-11 4.8843e-01 1.7891e+03 2.8606e+03 4.0231e+03 5.7519e+18 1.9993e+19 9.0433e+17 3.7007e-01 5.1143e-01 1.2169e+04 6.8193e+03
1.0000e+02 2.2678e-11 4.7508e-01 1.7937e+03 2.8689e+03 4.0076e+03 5.4488e+18 2.0446e+19 9.7132e+17 3.7835e-01 4.9216e-01 1.1939e+04 6.9408e+03
1.1000e+02 2.2553e-11 4.6374e-01 1.7976e+03 2.8759e+03 3.9926e+03 5.2067e+18 2.0957e+19 1.0410e+18 3.8545e-01 4.7431e-01 1.1749e+04 7.0629e+03
1.2000e+02 2.2428e-11 4.5411e-01 1.8008e+03 2.8818e+03 3.9782e+03 5.0140e+18 2.1525e+19 1.1135e+18 3.9145e-01 4.5776e-01 1.1594e+04 7.1854e+03
1.3000e+02 2.2304e-11 4.4594e-01 1.8035e+03 2.8866e+03 3.9643e+03 4.8618e+18 2.2149e+19 1.1887e+18 3.9642e-01 4.4237e-01 1.1469e+04 7.3085e+03
1.4000e+02 2.2181e-11 4.3902e-01 1.8056e+03 2.8904e+03 3.9508e+03 4.7432e+18 2.2826e+19 1.2668e+18 4.0045e-01 4.2804e-01 1.1369e+04 7.4320e+03
1.5000e+02 2.2059e-11 4.3318e-01 1.8073e+03 2.8934e+03 3.9378e+03 4.6529e+18 2.3558e+19 1.3478e+18 4.0361e-01 4.1466e-01 1.1293e+04 7.5559e+03
1.6000e+02 2.1937e-11 4.2828e-01 1.8085e+03 2.8956e+03 3.9252e+03 4.5867e+18 2.4343e+19 1.4318e+18 4.0599e-01 4.0215e-01 1.1236e+04 7.6803e+03
1.7000e+02 2.1817e-11 4.2419e-01 1.8094e+03 2.8972e+03 3.9129e+03 4.5410e+18 2.5180e+19 1.5188e+18 4.0765e-01 3.9043e-01 1.1196e+04 7.8050e+03
1.8000e+02 2.1698e-11 4.2081e-01 1.8099e+03 2.8981e+03 3.9011e+03 4.5131e+18 2.6070e+19 1.6089e+18 4.0868e-01 3.7943e-01 1.1172e+04 7.9301e+03
1.9000e+02 2.1579e-11 4.1804e-01 1.8102e+03 2.8985e+03 3.8895e+03 4.5008e+18 2.7013e+19 1.7021e+18 4.0913e-01 3.6907e-01 1.1161e+04 8.0556e+03
2.0000e+02 2.1462e-11 4.1582e-01 1.8101e+03 2.8984e+03 3.8783e+03 4.5023e+18 2.8008e+19 1.7985e+18 4.0908e-01 3.5932e-01 1.1163e+04 8.1813e+03
2.1000e+02 2.1345e-11 4.1408e-01 1.8099e+03 2.8979e+03 3.8674e+03 4.5159e+18 2.9055e+19 1.8983e+18 4.0857e-01 3.5011e-01 1.1175e+04 8.3073e+03
2.2000e+02 2.1229e-11 4.1275e-01 1.8094e+03 2.8970e+03 3.8567e+03 4.5405e+18 3.0155e+19 2.0014e+18 4.0766e-01 3.4140e-01 1.1196e+04 8.4336e+03
2.3000e+02 2.1114e-11 4.1179e-01 1.8087e+03 2.8957e+03 3.8463e+03 4.5750e+18 3.1308e+19 2.1079e+18 4.0639e-01 3.3314e-01 1.1226e+04 8.5602e+03
2.4000e+02 2.1000e-11 4.1115e-01 1.8079e+03 2.8942e+03 3.8362e+03 4.6184e+18 3.2514e+19 2.2178e+18 4.0482e-01 3.2531e-01 1.1263e+04 8.6870e+03
2.5000e+02 2.0886e-11 4.1080e-01 1.8069e+03 2.8924e+03 3.8263e+03 4.6700e+18 3.3773e+19 2.3314e+18 4.0298e-01 3.1786e-01 1.1308e+04 8.8139e+03
2.6000e+02 2.0774e-11 4.1070e-01 1.8058e+03 2.8904e+03 3.8166e+03 4.7291e+18 3.5086e+19 2.4486e+18 4.0090e-01 3.1078e-01 1.1358e+04 8.9411e+03
2.7000e+02 2.0662e-11 4.1083e-01 1.8046e+03 2.8882e+03 3.8072e+03 4.7952e+18 3.6454e+19 2.5694e+18 3.9862e-01 3.0402e-01 1.1414e+04 9.0684e+03
2.8000e+02 2.0551e-11 4.1115e-01 1.8033e+03 2.8858e+03 3.7979e+03 4.8679e+18 3.7876e+19 2.6941e+18 3.9617e-01 2.9757e-01 1.1474e+04 9.1959e+03
2.9000e+02 2.0441e-11 4.1165e-01 1.8019e+03 2.8832e+03 3.7889e+03 4.9466e+18 3.9353e+19 2.8225e+18 3.9358e-01 2.9141e-01 1.1539e+04 9.3236e+03
3.0000e+02 2.0332e-11 4.1230e-01 1.8004e+03 2.8805e+03 3.7800e+03 5.0310e+18 4.0886e+19 2.9549e+18 3.9085e-01 2.8550e-01 1.1608e+04 9.4514e+03
3.1000e+02 2.0224e-11 4.1309e-01 1.7988e+03 2.8777e+03 3.7713e+03 5.1209e+18 4.2475e+19 3.0913e+18 3.8803e-01 2.7985e-01 1.1681e+04 9.5793e+03
3.2000e+02 2.0116e-11 4.1400e-01 1.7973e+03 2.8748e+03 3.7628e+03 5.2159e+18 4.4121e+19 3.2317e+18 3.8512e-01 2.7442e-01 1.1757e+04 9.7073e+03
3.3000e+02 2.0009e-11 4.1501e-01 1.7956e+03 2.8719e+03 3.7545e+03 5.3157e+18 4.5824e+19 3.3763e+18 3.8213e-01 2.6921e-01 1.1836e+04 9.8355e+03
3.4000e+02 1.9903e-11 4.1612e-01 1.7939e+03 2.8688e+03 3.7463e+03 5.4203e+18 4.7586e+19 3.5251e+18 3.7910e-01 2.6420e-01 1.1917e+04 9.9637e+03
3.5000e+02 1.9798e-11 4.1731e-01 1.7922e+03 2.8657e+03 3.7382e+03 5.5293e+18 4.9406e+19 3.6781e+18 3.7602e-01 2.5938e-01 1.2001e+04 1.0092e+04
3.6000e+02 1.9693e-11 4.1857e-01 1.7905e+03 2.8625e+03 3.7304e+03 5.6426e+18 5.1286e+19 3.8355e+18 3.7291e-01 2.5474e-01 1.2087e+04 1.0220e+04
3.7000e+02 1.9589e-11 4.1989e-01 1.7887e+03 2.8593e+03 3.7226e+03 5.7601e+18 5.3226e+19 3.9974e+18 3.6978e-01 2.5026e-01 1.2175e+04 1.0349e+04
3.8000e+02 1.9486e-11 4.2127e-01 1.7869e+03 2.8561e+03 3.7150e+03 5.8816e+18 5.5227e+19 4.1637e+18 3.6663e-01 2.4594e-01 1.2265e+04 1.0477e+04
3.9000e+02 1.9384e-11 4.2269e-01 1.7851e+03 2.8528e+03 3.7075e+03 6.0070e+18 5.7289e+19 4.3346e+18 3.6348e-01 2.4177e-01 1.2357e+04 1.0606e+04
4.0000e+02 1.9283e-11 4.2415e-01 1.7833e+03 2.8495e+03 3.7002e+03 6.1361e+18 5.9413e+19 4.5101e+18 3.6033e-01 2.3773e-01 1.2450e+04 1.0735e+04
4.1000e+02 1.9182e-11 4.2565e-01 1.7815e+03 2.8462e+03 3.6929e+03 6.2690e+18 6.1601e+19 4.6904e+18 3.5718e-01 2.3383e-01 1.2544e+04 1.0864e+04
4.2000e+02 1.9082e-11 4.2718e-01 1.7797e+03 2.8429e+03 3.6858e+03 6.4055e+18 6.3852e+19 4.8755e+18 3.5405e-01 2.3006e-01 1.2640e+04 1.0992e+04
4.3000e+02 1.8983e-11 4.2873e-01 1.7779e+03 2.8395e+03 3.6788e+03 6.5455e+18 6.6168e+19 5.0655e+18 3.5094e-01 2.2640e-01 1.2736e+04 1.1121e+04
4.4000e+02 1.8884e-11 4.3030e-01 1.7760e+03 2.8362e+03 3.6719e+03 6.6890e+18 6.8549e+19 5.2604e+18 3.4784e-01 2.2286e-01 1.2834e+04 1.1250e+04
4.5000e+02 1.8786e-11 4.3189e-01 1.7742e+03 2.8329e+03 3.6652e+03 6.8359e+18 7.0996e+19 5.4603e+18 3.4476e-01 2.1942e-01 1.2932e+04 1.1379e+04
4.6000e+02 1.8689e-11 4.3349e-01 1.7724e+03 2.8296e+03 3.6585e+03 6.9861e+18 7.3510e+19 5.6654e+18 3.4172e-01 2.1609e-01 1.3032e+04 1.1508e+04
4.7000e+02 1.8593e-11 4.3510e-01 1.7706e+03 2.8263e+03 3.6519e+03 7.1397e+18 7.6092e+19 5.8756e+18 3.3870e-01 2.1285e-01 1.3132e+04 1.1637e+04
4.8000e+02 1.8497e-11 4.3671e-01 1.7688e+03 2.8230e+03 3.6454e+03 7.2964e+18 7.8743e+19 6.0911e+18 3.3570e-01 2.0970e-01 1.3233e+04 1.1766e+04
4.9000e+02 1.8402e-11 4.3833e-01 1.7669e+03 2.8197e+03 3.6391e+03 7.4564e+18 8.1463e+19 6.3119e+18 3.3274e-01 2.0665e-01 1.3334e+04 1.1895e+04
5.0000e+02 1.8307e-11 4.3995e-01 1.7652e+03 2.8164e+03 3.6328e+03 7.6195e+18 8.4254e+19 6.5382e+18 3.2982e-01 2.0368e-01 1.3436e+04 1.2024e+04
5.1000e+02 1.8214e-11 4.4158e-01 1.7634e+03 2.8132e+03 3.6266e+03 7.7857e+18 8.7115e+19 6.7699e+18 3.2693e-01 2.0079e-01 1.3539e+04 1.2153e+04
5.2000e+02 1.8121e-11 4.4319e-01 1.7616e+03 2.8099e+03 3.6205e+03 7.9551e+18 9.0049e+19 7.0072e+18 3.2407e-01 1.9797e-01 1.3641e+04 1.2282e+04
5.3000e+02 1.8028e-11 4.4481e-01 1.7598e+03 2.8067e+03 3.6144e+03 8.1275e+18 9.3055e+19 7.2501e+18 3.2124e-01 1.9523e-01 1.3745e+04 1.2412e+04
5.4000e+02 1.7937e-11 4.4642e-01 1.7581e+03 2.8035e+03 3.6085e+03 8.3030e+18 9.6135e+19 7.4988e+18 3.1846e-01 1.9257e-01 1.3849e+04 1.2541e+04
5.5000e+02 1.7846e-11 4.4803e-01 1.7563e+03 2.8003e+03 3.6026e+03 8.4815e+18 9.9290e+19 7.7533e+18 3.1571e-01 1.8997e-01 1.3953e+04 1.2670e+04
5.6000e+02 1.7755e-11 4.4962e-01 1.7546e+03 2.7972e+03 3.5969e+03 8.6630e+18 1.0252e+20 8.0136e+18 3.1299e-01 1.8744e-01 1.4057e+04 1.2799e+04
5.7000e+02 1.7666e-11 4.5121e-01 1.7529e+03 2.7941e+03 3.5912e+03 8.8475e+18 1.0583e+20 8.2799e+18 3.1032e-01 1.8497e-01 1.4162e+04 1.2928e+04
5.8000e+02 1.7577e-11 4.5279e-01 1.7512e+03 2.7909e+03 3.5855e+03 9.0350e+18 1.0921e+20 8.5522e+18 3.0768e-01 1.8256e-01 1.4266e+04 1.3058e+04
5.9000e+02 1.7488e-11 4.5435e-01 1.7495e+03 2.7879e+03 3.5800e+03 9.2254e+18 1.1267e+20 8.8307e+18 3.0507e-01 1.8021e-01 1.4372e+04 1.3187e+04
6.0000e+02 1.7400e-11 4.5591e-01 1.7478e+03 2.7848e+03 3.5745e+03 9.4188e+18 1.1622e+20 9.1153e+18 3.0251e-01 1.7791e-01 1.4477e+04 1.3316e+04
6.1000e+02 1.7313e-11 4.5745e-01 1.7461e+03 2.7818e+03 3.5691e+03 9.6151e+18 1.1984e+20 9.4063e+18 2.9997e-01 1.7567e-01 1.4582e+04 1.3446e+04
6.2000e+02 1.7227e-11 4.5898e-01 1.7445e+03 2.7787e+03 3.5638e+03 9.8144e+18 1.2354e+20 9.7035e+18 2.9748e-01 1.7348e-01 1.4688e+04 1.3575e+04
6.3000e+02 1.7141e-11 4.6050e-01 1.7428e+03 2.7758e+03 3.5585e+03 1.0017e+19 1.2733e+20 1.0007e+19 2.9502e-01 1.7135e-01 1.4794e+04 1.3704e+04
6.4000e+02 1.7055e-11 4.6200e-01 1.7412e+03 2.7728e+03 3.5533e+03 1.0222e+19 1.3120e+20 1.0317e+19 2.9260e-01 1.6926e-01 1.4900e+04 1.3834e+04
6.5000e+02 1.6971e-11 4.6349e-01 1.7396e+03 2.7698e+03 3.5481e+03 1.0430e+19 1.3515e+20 1.0634e+19 2.9021e-01 1.6721e-01 1.5005e+04 1.3963e+04
6.6000e+02 1.6887e-11 4.6497e-01 1.7380e+03 2.7669e+03 3.5430e+03 1.0641e+19 1.3919e+20 1.0958e+19 2.8785e-01 1.6522e-01 1.5112e+04 1.4092e+04
6.7000e+02 1.6803e-11 4.6643e-01 1.7364e+03 2.7640e+03 3.5380e+03 1.0855e+19 1.4331e+20 1.1288e+19 2.8553e-01 1.6327e-01 1.5218e+04 1.4222e+04
6.8000e+02 1.6720e-11 4.6788e-01 1.7348e+03 2.7612e+03 3.5330e+03 1.1071e+19 1.4752e+20 1.1625e+19 2.8324e-01 1.6136e-01 1.5324e+04 1.4351e+04
6.9000e+02 1.6638e-11 4.6931e-01 1.7332e+03 2.7583e+03 3.5281e+03 1.1291e+19 1.5182e+20 1.1969e+19 2.8099e-01 1.5949e-01 1.5430e+04 1.4480e+04
7.0000e+02 1.6556e-11 4.7072e-01 1.7317e+03 2.7555e+03 3.5233e+03 1.1514e+19 1.5620e+20 1.2320e+19 2.7877e-01 1.5766e-01 1.5536e+04 1.4610e+04
7.1000e+02 1.6475e-11 4.7212e-01 1.7302e+03 2.7527e+03 3.5185e+03 1.1739e+19 1.6068e+20 1.2678e+19 2.7658e-01 1.5587e-01 1.5643e+04 1.4739e+04
7.2000e+02 1.6394e-11 4.7351e-01 1.7286e+03 2.7499e+03 3.5137e+03 1.1968e+19 1.6525e+20 1.3043e+19 2.7442e-01 1.5411e-01 1.5749e+04 1.4869e+04
7.3000e+02 1.6314e-11 4.7488e-01 1.7271e+03 2.7472e+03 3.5091e+03 1.2199e+19 1.6991e+20 1.3416e+19 2.7229e-01 1.5240e-01 1.5856e+04 1.4998e+04
7.4000e+02 1.6235e-11 4.7623e-01 1.7256e+03 2.7444e+03 3.5044e+03 1.2433e+19 1.7466e+20 1.3796e+19 2.7020e-01 1.5071e-01 1.5962e+04 1.5127e+04
7.5000e+02 1.6156e-11 4.7757e-01 1.7241e+03 2.7417e+03 3.4998e+03 1.2671e+19 1.7951e+20 1.4183e+19 2.6813e-01 1.4907e-01 1.6068e+04 1.5257e+04
7.6000e+02 1.6078e-11 4.7889e-01 1.7227e+03 2.7391e+03 3.4953e+03 1.2911e+19 1.8445e+20 1.4578e+19 2.6609e-01 1.4745e-01 1.6175e+04 1.5386e+04
7.7000e+02 1.6000e-11 4.8020e-01 1.7212e+03 2.7364e+03 3.4908e+03 1.3154e+19 1.8949e+20 1.4980e+19 2.6409e-01 1.4587e-01 1.6281e+04 1.5516e+04
7.8000e+02 1.5923e-11 4.8149e-01 1.7198e+03 2.7338e+03 3.4864e+03 1.3400e+19 1.9463e+20 1.5390e+19 2.6211e-01 1.4432e-01 1.6388e+04 1.5645e+04
7.9000e+02 1.5846e-11 4.8277e-01 1.7183e+03 2.7311e+03 3.4820e+03 1.3649e+19 1.9986e+20 1.5808e+19 2.6015e-01 1.4279e-01 1.6494e+04 1.5775e+04
8.0000e+02 1.5770e-11 4.8403e-01 1.7169e+03 2.7285e+03 3.4776e+03 1.3901e+19 2.0520e+20 1.6233e+19 2.5823e-01 1.4130e-01 1.6601e+04 1.5904e+04
8.1000e+02 1.5694e-11 4.8527e-01 1.7155e+03 2.7260e+03 3.4733e+03 1.4156e+19 2.1063e+20 1.6667e+19 2.5633e-01 1.3984e-01 1.6707e+04 1.6034e+04
8.2000e+02 1.5619e-11 4.8650e-01 1.7141e+03 2.7234e+03 3.4691e+03 1.4414e+19 2.1616e+20 1.7108e+19 2.5446e-01 1.3840e-01 1.6813e+04 1.6163e+04
8.3000e+02 1.5544e-11 4.8772e-01 1.7127e+03 2.7209e+03 3.4649e+03 1.4676e+19 2.2180e+20 1.7558e+19 2.5262e-01 1.3699e-01 1.6920e+04 1.6293e+04
8.4000e+02 1.5470e-11 4.8891e-01 1.7114e+03 2.7184e+03 3.4607e+03 1.4940e+19 2.2754e+20 1.8016e+19 2.5080e-01 1.3561e-01 1.7026e+04 1.6422e+04
8.5000e+02 1.5397e-11 4.9010e-01 1.7100e+03 2.7159e+03 3.4566e+03 1.5207e+19 2.3339e+20 1.8482e+19 2.4900e-01 1.3425e-01 1.7132e+04 1.6552e+04
8.6000e+02 1.5324e-11 4.9127e-01 1.7086e+03 2.7134e+03 3.4525e+03 1.5477e+19 2.3934e+20 1.8956e+19 2.4723e-01 1.3292e-01 1.7239e+04 1.6681e+04
8.7000e+02 1.5251e-11 4.9242e-01 1.7073e+03 2.7110e+03 3.4485e+03 1.5750e+19 2.4540e+20 1.9439e+19 2.4548e-01 1.3161e-01 1.7345e+04 1.6811e+04
8.8000e+02 1.5179e-11 4.9356e-01 1.7060e+03 2.7086e+03 3.4445e+03 1.6026e+19 2.5157e+20 1.9930e+19 2.4376e-01 1.3032e-01 1.7451e+04 1.6940e+04
8.9000e+02 1.5108e-11 4.9469e-01 1.7046e+03 2.7061e+03 3.4405e+03 1.6306e+19 2.5785e+20 2.0430e+19 2.4206e-01 1.2906e-01 1.7558e+04 1.7070e+04
9.0000e+02 1.5037e-11 4.9580e-01 1.7033e+03 2.7038e+03 3.4366e+03 1.6588e+19 2.6424e+20 2.0939e+19 2.4038e-01 1.2782e-01 1.7664e+04 1.7199e+04
9.1000e+02 1.4966e-11 4.9689e-01 1.7020e+03 2.7014e+03 3.4327e+03 1.6873e+19 2.7074e+20 2.1456e+19 2.3873e-01 1.2660e-01 1.7770e+04 1.7329e+04
9.2000e+02 1.4896e-11 4.9798e-01 1.7008e+03 2.6990e+03 3.4288e+03 1.7162e+19 2.7735e+20 2.1983e+19 2.3709e-01 1.2541e-01 1.7876e+04 1.7458e+04
9.3000e+02 1.4827e-11 4.9905e-01 1.6995e+03 2.6967e+03 3.4250e+03 1.7454e+19 2.8407e+20 2.2518e+19 2.3548e-01 1.2423e-01 1.7982e+04 1.7588e+04
9.4000e+02 1.4757e-11 5.0010e-01 1.6982e+03 2.6944e+03 3.4212e+03 1.7749e+19 2.9091e+20 2.3062e+19 2.3389e-01 1.2307e-01 1.8088e+04 1.7718e+04
9.5000e+02 1.4689e-11 5.0114e-01 1.6970e+03 2.6921e+03 3.4175e+03 1.8047e+19 2.9787e+20 2.3616e+19 2.3232e-01 1.2194e-01 1.8194e+04 1.7847e+04
9.6000e+02 1.4621e-11 5.0217e-01 1.6957e+03 2.6898e+03 3.4138e+03 1.8348e+19 3.0495e+20 2.4178e+19 2.3077e-01 1.2082e-01 1.8301e+04 1.7977e+04
9.7000e+02 1.4553e-11 5.0319e-01 1.6945e+03 2.6875e+03 3.4101e+03 1.8652e+19 3.1214e+20 2.4750e+19 2.2924e-01 1.1972e-01 1.8407e+04 1.8106e+04
9.8000e+02 1.4486e-11 5.0419e-01 1.6932e+03 2.6853e+03 3.4065e+03 1.8960e+19 3.1945e+20 2.5332e+19 2.2772e-01 1.1864e-01 1.8513e+04 1.8236e+04
9.9000e+02 1.4419e-11 5.0518e-01 1.6920e+03 2.6831e+03 3.4029e+03 1.9271e+19 3.2689e+20 2.5923e+19 2.2623e-01 1.1758e-01 1.8619e+04 1.8366e+04
1.0000e+03 1.4353e-11 5.0615e-01 1.6908e+03 2.6809e+03 3.3993e+03 1.9585e+19 3.3444e+20 2.6523e+19 2.2476e-01 1.1653e-01 1.8725e+04 1.8495e+04
1.0100e+03 1.4287e-11 5.0711e-01 1.6896e+03 2.6787e+03 3.3957e+03 1.9902e+19 3.4212e+20 2.7133e+19 2.2330e-01 1.1550e-01 1.8830e+04 1.8625e+04
1.0200e+03 1.4222e-11 5.0807e-01 1.6884e+03 2.6765e+03 3.3922e+03 2.0223e+19 3.4992e+20 2.7753e+19 2.2186e-01 1.1449e-01 1.8936e+04 1.8754e+04
1.0300e+03 1.4157e-11 5.0900e-01 1.6873e+03 2.6743e+03 3.3887e+03 2.0546e+19 3.5785e+20 2.8383e+19 2.2044e-01 1.1350e-01 1.9042e+04 1.8884e+04
1.0400e+03 1.4092e-11 5.0993e-01 1.6861e+03 2.6722e+03 3.3853e+03 2.0874e+19 3.6591e+20 2.9022e+19 2.1904e-01 1.1252e-01 1.9148e+04 1.9014e+04
1.0500e+03 1.4028e-11 5.1084e-01 1.6849e+03 2.6700e+03 3.3819e+03 2.1204e+19 3.7410e+20 2.9672e+19 2.1766e-01 1.1155e-01 1.9254e+04 1.9143e+04
1.0600e+03 1.3965e-11 5.1175e-01 1.6838e+03 2.6679e+03 3.3785e+03 2.1538e+19 3.8241e+20 3.0332e+19 2.1629e-01 1.1060e-01 1.9360e+04 1.9273e+04
1.0700e+03 1.3902e-11 5.1264e-01 1.6826e+03 2.6658e+03 3.3751e+03 2.1875e+19 3.9086e+20 3.1002e+19 2.1494e-01 1.0967e-01 1.9466e+04 1.9403e+04
1.0800e+03 1.3839e-11 5.1352e-01 1.6815e+03 2.6637e+03 3.3718e+03 2.2215e+19 3.9943e+20 3.1683e+19 2.1360e-01 1.0875e-01 1.9571e+04 1.9533e+04
1.0900e+03 1.3777e-11 5.1439e-01 1.6803e+03 2.6617e+03 3.3685e+03 2.2559e+19 4.0814e+20 3.2373e+19 2.1228e-01 1.0784e-01 1.9677e+04 1.9662e+04
1.1000e+03 1.3715e-11 5.1524e-01 1.6792e+03 2.6596e+03 3.3652e+03 2.2906e+19 4.1699e+20 3.3075e+19 2.1097e-01 1.0695e-01 1.9783e+04 1.9792e+04
1.1100e+03 1.3653e-11 5.1609e-01 1.6781e+03 2.6576e+03 3.3619e+03 2.3257e+19 4.2597e+20 3.3787e+19 2.0968e-01 1.0607e-01 1.9889e+04 1.9922e+04
1.1200e+03 1.3592e-11 5.1692e-01 1.6770e+03 2.6555e+03 3.3587e+03 2.3611e+19 4.3509e+20 3.4509e+19 2.0841e-01 1.0520e-01 1.9994e+04 2.0052e+04
1.1300e+03 1.3532e-11 5.1775e-01 1.6759e+03 2.6535e+03 3.3555e+03 2.3969e+19 4.4434e+20 3.5243e+19 2.0715e-01 1.0435e-01 2.0100e+04 2.0181e+04
1.1400e+03 1.3471e-11 5.1856e-01 1.6748e+03 2.6515e+03 3.3523e+03 2.4330e+19 4.5374e+20 3.5987e+19 2.0590e-01 1.0351e-01 2.0206e+04 2.0311e+04
1.1500e+03 1.3412e-11 5.1937e-01 1.6737e+03 2.6495e+03 3.3492e+03 2.4694e+19 4.6328e+20 3.6742e+19 2.0467e-01 1.0268e-01 2.0312e+04 2.0441e+04
1.1600e+03 1.3352e-11 5.2016e-01 1.6727e+03 2.6476e+03 3.3461e+03 2.5062e+19 4.7295e+20 3.7509e+19 2.0345e-01 1.0187e-01 2.0417e+04 2.0571e+04
1.1700e+03 1.3293e-11 5.2094e-01 1.6716e+03 2.6456e+03 3.3430e+03 2.5434e+19 4.8278e+20 3.8286e+19 2.0225e-01 1.0106e-01 2.0523e+04 2.0701e+04
1.1800e+03 1.3235e-11 5.2172e-01 1.6705e+03 2.6437e+03 3.3399e+03 2.5809e+19 4.9274e+20 3.9075e+19 2.0106e-01 1.0027e-01 2.0629e+04 2.0830e+04
1.1900e+03 1.3176e-11 5.2248e-01 1.6695e+03 2.6417e+03 3.3368e+03 2.6187e+19 5.0286e+20 3.9875e+19 1.9988e-01 9.9491e-02 2.0734e+04 2.0960e+04
1.2000e+03 1.3119e-11 5.2323e-01 1.6684e+03 2.6398e+03 3.3338e+03 2.6569e+19 5.1312e+20 4.0686e+19 1.9872e-01 9.8721e-02 2.0840e+04 2.1090e+04
1.2100e+03 1.3061e-11 5.2398e-01 1.6674e+03 2.6379e+03 3.3308e+03 2.6955e+19 5.2353e+20 4.1510e+19 1.9757e-01 9.7962e-02 2.0945e+04 2.1220e+04
1.2200e+03 1.3004e-11 5.2471e-01 1.6664e+03 2.6360e+03 3.3278e+03 2.7345e+19 5.3409e+20 4.2344e+19 1.9643e-01 9.7214e-02 2.1051e+04 2.1350e+04
1.2300e+03 1.2947e-11 5.2544e-01 1.6653e+03 2.6341e+03 3.3249e+03 2.7738e+19 5.4480e+20 4.3191e+19 1.9530e-01 9.6477e-02 2.1157e+04 2.1480e+04
1.2400e+03 1.2891e-11 5.2616e-01 1.6643e+03 2.6322e+03 3.3219e+03 2.8134e+19 5.5567e+20 4.4049e+19 1.9419e-01 9.5749e-02 2.1262e+04 2.1610e+04
1.2500e+03 1.2835e-11 5.2686e-01 1.6633e+03 2.6304e+03 3.3190e+03 2.8535e+19 5.6668e+20 4.4919e+19 1.9309e-01 9.5032e-02 2.1368e+04 2.1740e+04
1.2600e+03 1.2780e-11 5.2756e-01 1.6623e+03 2.6285e+03 3.3161e+03 2.8939e+19 5.7786e+20 4.5802e+19 1.9200e-01 9.4324e-02 2.1474e+04 2.1870e+04
1.2700e+03 1.2725e-11 5.2825e-01 1.6613e+03 2.6267e+03 3.3133e+03 2.9346e+19 5.8919e+20 4.6696e+19 1.9092e-01 9.3626e-02 2.1579e+04 2.2000e+04
1.2800e+03 1.2670e-11 5.2894e-01 1.6603e+03 2.6249e+03 3.3104e+03 2.9758e+19 6.0068e+20 4.7603e+19 1.8985e-01 9.2938e-02 2.1685e+04 2.2129e+04
1.2900e+03 1.2615e-11 5.2961e-01 1.6593e+03 2.6230e+03 3.3076e+03 3.0173e+19 6.1233e+20 4.8522e+19 1.8880e-01 9.2259e-02 2.1790e+04 2.2259e+04
1.3000e+03 1.2561e-11 5.3027e-01 1.6583e+03 2.6212e+03 3.3048e+03 3.0592e+19 6.2414e+20 4.9453e+19 1.8775e-01 9.1589e-02 2.1896e+04 2.2389e+04
1.3100e+03 1.2508e-11 5.3093e-01 1.6574e+03 2.6194e+03 3.3020e+03 3.1015e+19 6.3611e+20 5.0397e+19 1.8672e-01 9.0928e-02 2.2002e+04 2.2520e+04
1.3200e+03 1.2454e-11 5.3158e-01 1.6564e+03 2.6177e+03 3.2992e+03 3.1441e+19 6.4825e+20 5.1354e+19 1.8569e-01 9.0275e-02 2.2107e+04 2.2650e+04
1.3300e+03 1.2401e-11 5.3222e-01 1.6554e+03 2.6159e+03 3.2965e+03 3.1872e+19 6.6055e+20 5.2323e+19 1.8468e-01 8.9632e-02 2.2213e+04 2.2780e+04
1.3400e+03 1.2349e-11 5.3286e-01 1.6545e+03 2.6141e+03 3.2938e+03 3.2306e+19 6.7302e+20 5.3305e+19 1.8368e-01 8.8996e-02 2.2319e+04 2.2910e+04
1.3500e+03 1.2296e-11 5.3348e-01 1.6535e+03 2.6124e+03 3.2911e+03 3.2744e+19 6.8566e+20 5.4300e+19 1.8269e-01 8.8369e-02 2.2424e+04 2.3040e+04
1.3600e+03 1.2244e-11 5.3410e-01 1.6526e+03 2.6106e+03 3.2884e+03 3.3186e+19 6.9846e+20 5.5309e+19 1.8170e-01 8.7750e-02 2.2530e+04 2.3170e+04
1.3700e+03 1.2193e-11 5.3471e-01 1.6516e+03 2.6089e+03 3.2857e+03 3.3632e+19 7.1144e+20 5.6330e+19 1.8073e-01 8.7139e-02 2.2636e+04 2.3300e+04
1.3800e+03 1.2141e-11 5.3531e-01 1.6507e+03 2.6072e+03 3.2830e+03 3.4082e+19 7.2459e+20 5.7364e+19 1.7977e-01 8.6536e-02 2.2741e+04 2.3430e+04
1.3900e+03 1.2090e-11 5.3591e-01 1.6498e+03 2.6055e+03 3.2804e+03 3.4536e+19 7.3792e+20 5.8412e+19 1.7881e-01 8.5940e-02 2.2847e+04 2.3560e+04
1.4000e+03 1.2040e-11 5.3650e-01 1.6489e+03 2.6038e+03 3.2778e+03 3.4994e+19 7.5141e+20 5.9473e+19 1.7787e-01 8.5352e-02 2.2953e+04 2.3690e+04
1.4100e+03 1.1990e-11 5.3708e-01 1.6479e+03 2.6021e+03 3.2752e+03 3.5456e+19 7.6509e+20 6.0548e+19 1.7694e-01 8.4772e-02 2.3058e+04 2.3821e+04
1.4200e+03 1.1940e-11 5.3765e-01 1.6470e+03 2.6004e+03 3.2726e+03 3.5922e+19 7.7895e+20 6.1637e+19 1.7601e-01 8.4198e-02 2.3164e+04 2.3951e+04
1.4300e+03 1.1890e-11 5.3822e-01 1.6461e+03 2.5987e+03 3.2701e+03 3.6391e+19 7.9298e+20 6.2739e+19 1.7509e-01 8.3632e-02 2.3270e+04 2.4081e+04
1.4400e+03 1.1841e-11 5.3878e-01 1.6452e+03 2.5971e+03 3.2675e+03 3.6865e+19 8.0719e+20 6.3855e+19 1.7419e-01 8.3073e-02 2.3375e+04 2.4211e+04
1.4500e+03 1.1792e-11 5.3934e-01 1.6443e+03 2.5954e+03 3.2650e+03 3.7343e+19 8.2159e+20 6.4985e+19 1.7329e-01 8.2521e-02 2.3481e+04 2.4342e+04
1.4600e+03 1.1743e-11 5.3989e-01 1.6434e+03 2.5938e+03 3.2625e+03 3.7825e+19 8.3617e+20 6.6129e+19 1.7240e-01 8.1975e-02 2.3587e+04 2.4472e+04
1.4700e+03 1.1695e-11 5.4043e-01 1.6426e+03 2.5922e+03 3.2600e+03 3.8311e+19 8.5094e+20 6.7288e+19 1.7152e-01 8.1436e-02 2.3693e+04 2.4602e+04
1.4800e+03 1.1647e-11 5.4097e-01 1.6417e+03 2.5905e+03 3.2575e+03 3.8802e+19 8.6590e+20 6.8460e+19 1.7064e-01 8.0904e-02 2.3799e+04 2.4732e+04
1.4900e+03 1.1599e-11 5.4150e-01 1.6408e+03 2.5889e+03 3.2551e+03 3.9296e+19 8.8104e+20 6.9647e+19 1.6978e-01 8.0377e-02 2.3904e+04 2.4863e+04
1.5000e+03 1.1552e-11 5.4202e-01 1.6399e+03 2.5873e+03 3.2526e+03 3.9795e+19 8.9637e+20 7.0849e+19 1.6892e-01 7.9858e-02 2.4010e+04 2.4993e+04
1.5100e+03 1.1505e-11 5.4254e-01 1.6391e+03 2.5857e+03 3.2502e+03 4.0298e+19 9.1190e+20 7.2065e+19 1.6807e-01 7.9344e-02 2.4116e+04 2.5123e+04
1.5200e+03 1.1458e-11 5.4305e-01 1.6382e+03 2.5841e+03 3.2478e+03 4.0805e+19 9.2762e+20 7.3295e+19 1.6723e-01 7.8837e-02 2.4222e+04 2.5254e+04
1.5300e+03 1.1411e-11 5.4356e-01 1.6374e+03 2.5825e+03 3.2454e+03 4.1316e+19 9.4353e+20 7.4541e+19 1.6640e-01 7.8335e-02 2.4328e+04 2.5384e+04
1.5400e+03 1.1365e-11 5.4406e-01 1.6365e+03 2.5810e+03 3.2430e+03 4.1832e+19 9.5964e+20 7.5801e+19 1.6557e-01 7.7839e-02 2.4434e+04 2.5515e+04
1.5500e+03 1.1319e-11 5.4455e-01 1.6357e+03 2.5794e+03 3.2406e+03 4.2352e+19 9.7594e+20 7.7077e+19 1.6475e-01 7.7349e-02 2.4540e+04 2.5645e+04
1.5600e+03 1.1274e-11 5.4504e-01 1.6348e+03 2.5778e+03 3.2383e+03 4.2876e+19 9.9245e+20 7.8367e+19 1.6394e-01 7.6865e-02 2.4646e+04 2.5776e+04
1.5700e+03 1.1228e-11 5.4552e-01 1.6340e+03 2.5763e+03 3.2359e+03 4.3404e+19 1.0092e+21 7.9673e+19 1.6314e-01 7.6387e-02 2.4752e+04 2.5906e+04
1.5800e+03 1.1183e-11 5.4600e-01 1.6332e+03 2.5748e+03 3.2336e+03 4.3937e+19 1.0261e+21 8.0994e+19 1.6234e-01 7.5913e-02 2.4858e+04 2.6037e+04
1.5900e+03 1.1139e-11 5.4647e-01 1.6323e+03 2.5732e+03 3.2313e+03 4.4474e+19 1.0432e+21 8.2331e+19 1.6155e-01 7.5446e-02 2.4964e+04 2.6167e+04
1.6000e+03 1.1094e-11 5.4694e-01 1.6315e+03 2.5717e+03 3.2290e+03 4.5016e+19 1.0605e+21 8.3683e+19 1.6077e-01 7.4983e-02 2.5070e+04 2.6298e+04
1.6100e+03 1.1050e-11 5.4741e-01 1.6307e+03 2.5702e+03 3.2267e+03 4.5562e+19 1.0780e+21 8.5051e+19 1.6000e-01 7.4526e-02 2.5176e+04 2.6428e+04
1.6200e+03 1.1006e-11 5.4786e-01 1.6299e+03 2.5687e+03 3.2244e+03 4.6113e+19 1.0958e+21 8.6434e+19 1.5923e-01 7.4074e-02 2.5282e+04 2.6559e+04
1.6300e+03 1.0963e-11 5.4832e-01 1.6291e+03 2.5672e+03 3.2222e+03 4.6668e+19 1.1137e+21 8.7834e+19 1.5847e-01 7.3627e-02 2.5388e+04 2.6689e+04
1.6400e+03 1.0919e-11 5.4876e-01 1.6283e+03 2.5657e+03 3.2200e+03 4.7227e+19 1.1319e+21 8.9249e+19 1.5771e-01 7.3185e-02 2.5494e+04 2.6820e+04
1.6500e+03 1.0876e-11 5.4921e-01 1.6275e+03 2.5642e+03 3.2177e+03 4.7791e+19 1.1502e+21 9.0681e+19 1.5697e-01 7.2748e-02 2.5600e+04 2.6951e+04
1.6600e+03 1.0834e-11 5.4964e-01 1.6267e+03 2.5627e+03 3.2155e+03 4.8359e+19 1.1688e+21 9.2129e+19 1.5622e-01 7.2315e-02 2.5706e+04 2.7081e+04
1.6700e+03 1.0791e-11 5.5008e-01 1.6259e+03 2.5613e+03 3.2133e+03 4.8932e+19 1.1876e+21 9.3593e+19 1.5549e-01 7.1888e-02 2.5813e+04 2.7212e+04
1.6800e+03 1.0749e-11 5.5051e-01 1.6251e+03 2.5598e+03 3.2111e+03 4.9510e+19 1.2066e+21 9.5073e+19 1.5476e-01 7.1465e-02 2.5919e+04 2.7343e+04
1.6900e+03 1.0707e-11 5.5093e-01 1.6243e+03 2.5583e+03 3.2090e+03 5.0092e+19 1.2259e+21 9.6570e+19 1.5404e-01 7.1046e-02 2.6025e+04 2.7473e+04
1.7000e+03 1.0665e-11 5.5135e-01 1.6235e+03 2.5569e+03 3.2068e+03 5.0679e+19 1.2453e+21 9.8084e+19 1.5332e-01 7.0632e-02 2.6132e+04 2.7604e+04
1.7100e+03 1.0624e-11 5.5177e-01 1.6227e+03 2.5554e+03 3.2046e+03 5.1270e+19 1.2650e+21 9.9615e+19 1.5261e-01 7.0223e-02 2.6238e+04 2.7735e+04
1.7200e+03 1.0583e-11 5.5218e-01 1.6220e+03 2.5540e+03 3.2025e+03 5.1866e+19 1.2849e+21 1.0116e+20 1.5191e-01 6.9818e-02 2.6344e+04 2.7866e+04
1.7300e+03 1.0542e-11 5.5259e-01 1.6212e+03 2.5526e+03 3.2004e+03 5.2467e+19 1.3051e+21 1.0273e+20 1.5121e-01 6.9417e-02 2.6451e+04 2.7996e+04
1.7400e+03 1.0501e-11 5.5299e-01 1.6204e+03 2.5512e+03 3.1983e+03 5.3072e+19 1.3254e+21 1.0431e+20 1.5052e-01 6.9021e-02 2.6557e+04 2.8127e+04
1.7500e+03 1.0461e-11 5.5339e-01 1.6197e+03 2.5497e+03 3.1962e+03 5.3682e+19 1.3460e+21 1.0591e+20 1.4983e-01 6.8629e-02 2.6663e+04 2.8258e+04
1.7600e+03 1.0421e-11 5.5378e-01 1.6189e+03 2.5483e+03 3.1941e+03 5.4297e+19 1.3668e+21 1.0752e+20 1.4915e-01 6.8240e-02 2.6770e+04 2.8389e+04
1.7700e+03 1.0381e-11 5.5417e-01 1.6182e+03 2.5469e+03 3.1920e+03 5.4917e+19 1.3879e+21 1.0916e+20 1.4847e-01 6.7856e-02 2.6876e+04 2.8520e+04
1.7800e+03 1.0342e-11 5.5456e-01 1.6174e+03 2.5455e+03 3.1899e+03 5.5541e+19 1.4092e+21 1.1081e+20 1.4780e-01 6.7476e-02 2.6983e+04 2.8651e+04
1.7900e+03 1.0302e-11 5.5494e-01 1.6167e+03 2.5442e+03 3.1879e+03 5.6170e+19 1.4307e+21 1.1248e+20 1.4714e-01 6.7100e-02 2.7090e+04 2.8782e+04
1.8000e+03 1.0263e-11 5.5532e-01 1.6159e+03 2.5428e+03 3.1859e+03 5.6804e+19 1.4525e+21 1.1416e+20 1.4648e-01 6.6728e-02 2.7196e+04 2.8913e+04
1.8100e+03 1.0224e-11 5.5570e-01 1.6152e+03 2.5414e+03 3.1838e+03 5.7443e+19 1.4745e+21 1.1587e+20 1.4583e-01 6.6359e-02 2.7303e+04 2.9043e+04
1.8200e+03 1.0186e-11 5.5607e-01 1.6144e+03 2.5400e+03 3.1818e+03 5.8087e+19 1.4967e+21 1.1759e+20 1.4518e-01 6.5994e-02 2.7410e+04 2.9174e+04
1.8300e+03 1.0147e-11 5.5644e-01 1.6137e+03 2.5387e+03 3.1798e+03 5.8735e+19 1.5192e+21 1.1933e+20 1.4454e-01 6.5633e-02 2.7516e+04 2.9305e+04
1.8400e+03 1.0109e-11 5.5680e-01 1.6130e+03 2.5373e+03 3.1778e+03 5.9389e+19 1.5419e+21 1.2109e+20 1.4390e-01 6.5276e-02 2.7623e+04 2.9436e+04
1.8500e+03 1.0071e-11 5.5717e-01 1.6123e+03 2.5360e+03 3.1758e+03 6.0047e+19 1.5649e+21 1.2287e+20 1.4327e-01 6.4922e-02 2.7730e+04 2.9568e+04
1.8600e+03 1.0033e-11 5.5752e-01 1.6115e+03 2.5346e+03 3.1738e+03 6.0711e+19 1.5882e+21 1.2466e+20 1.4264e-01 6.4572e-02 2.7837e+04 2.9699e+04
1.8700e+03 9.9960e-12 5.5788e-01 1.6108e+03 2.5333e+03 3.1719e+03 6.1379e+19 1.6116e+21 1.2648e+20 1.4202e-01 6.4225e-02 2.7943e+04 2.9830e+04
1.8800e+03 9.9588e-12 5.5823e-01 1.6101e+03 2.5319e+03 3.1699e+03 6.2052e+19 1.6354e+21 1.2831e+20 1.4140e-01 6.3882e-02 2.8050e+04 2.9961e+04
1.8900e+03 9.9219e-12 5.5858e-01 1.6094e+03 2.5306e+03 3.1680e+03 6.2731e+19 1.6593e+21 1.3016e+20 1.4079e-01 6.3542e-02 2.8157e+04 3.0092e+04
1.9000e+03 9.8851e-12 5.5892e-01 1.6087e+03 2.5293e+03 3.1660e+03 6.3414e+19 1.6836e+21 1.3203e+20 1.4018e-01 6.3205e-02 2.8264e+04 3.0223e+04
1.9100e+03 9.8486e-12 5.5926e-01 1.6080e+03 2.5280e+03 3.1641e+03 6.4103e+19 1.7081e+21 1.3392e+20 1.3958e-01 6.2872e-02 2.8371e+04 3.0354e+04
1.9200e+03 9.8123e-12 5.5960e-01 1.6073e+03 2.5267e+03 3.1622e+03 6.4797e+19 1.7328e+21 1.3583e+20 1.3898e-01 6.2542e-02 2.8478e+04 3.0485e+04
1.9300e+03 9.7763e-12 5.5993e-01 1.6066e+03 2.5254e+03 3.1603e+03 6.5495e+19 1.7578e+21 1.3776e+20 1.3838e-01 6.2215e-02 2.8585e+04 3.0617e+04
1.9400e+03 9.7404e-12 5.6027e-01 1.6059e+03 2.5241e+03 3.1584e+03 6.6199e+19 1.7831e+21 1.3971e+20 1.3780e-01 6.1891e-02 2.8692e+04 3.0748e+04
1.9500e+03 9.7048e-12 5.6060e-01 1.6052e+03 2.5228e+03 3.1565e+03 6.6908e+19 1.8086e+21 1.4168e+20 1.3721e-01 6.1570e-02 2.8799e+04 3.0879e+04
1.9600e+03 9.6694e-12 5.6092e-01 1.6045e+03 2.5215e+03 3.1547e+03 6.7622e+19 1.8344e+21 1.4367e+20 1.3663e-01 6.1253e-02 2.8906e+04 3.1010e+04
1.9700e+03 9.6342e-12 5.6124e-01 1.6038e+03 2.5202e+03 3.1528e+03 6.8342e+19 1.8605e+21 1.4567e+20 1.3606e-01 6.0938e-02 2.9014e+04 3.1142e+04
1.9800e+03 9.5992e-12 5.6156e-01 1.6031e+03 2.5190e+03 3.1509e+03 6.9066e+19 1.8869e+21 1.4770e+20 1.3548e-01 6.0627e-02 2.9121e+04 3.1273e+04
1.9900e+03 9.5645e-12 5.6188e-01 1.6025e+03 2.5177e+03 3.1491e+03 6.9796e+19 1.9135e+21 1.4975e+20 1.3492e-01 6.0318e-02 2.9228e+04 3.1404e+04
2.0000e+03 9.5299e-12 5.6220e-01 1.6018e+03 2.5164e+03 3.1473e+03 7.0531e+19 1.9403e+21 1.5181e+20 1.3436e-01 6.0013e-02 2.9335e+04 3.1536e+04
2.0100e+03 9.4956e-12 5.6251e-01 1.6011e+03 2.5152e+03 3.1454e+03 7.1272e+19 1.9675e+21 1.5390e+20 1.3380e-01 5.9710e-02 2.9443e+04 3.1667e+04
2.0200e+03 9.4615e-12 5.6282e-01 1.6004e+03 2.5139e+03 3.1436e+03 7.2017e+19 1.9949e+21 1.5601e+20 1.3324e-01 5.9410e-02 2.9550e+04 3.1798e+04
2.0300e+03 9.4276e-12 5.6312e-01 1.5998e+03 2.5127e+03 3.1418e+03 7.2768e+19 2.0226e+21 1.5814e+20 1.3269e-01 5.9113e-02 2.9657e+04 3.1930e+04
2.0400e+03 9.3939e-12 5.6343e-01 1.5991e+03 2.5114e+03 3.1400e+03 7.3525e+19 2.0506e+21 1.6029e+20 1.3215e-01 5.8818e-02 2.9765e+04 3.2061e+04
2.0500e+03 9.3604e-12 5.6373e-01 1.5985e+03 2.5102e+03 3.1382e+03 7.4287e+19 2.0789e+21 1.6246e+20 1.3161e-01 5.8526e-02 2.9872e+04 3.2193e+04
2.0600e+03 9.3271e-12 5.6403e-01 1.5978e+03 2.5090e+03 3.1365e+03 7.5054e+19 2.1074e+21 1.6465e+20 1.3107e-01 5.8237e-02 2.9980e+04 3.2324e+04
2.0700e+03 9.2940e-12 5.6433e-01 1.5971e+03 2.5077e+03 3.1347e+03 7.5826e+19 2.1363e+21 1.6686e+20 1.3053e-01 5.7951e-02 3.0087e+04 3.2456e+04
2.0800e+03 9.2611e-12 5.6462e-01 1.5965e+03 2.5065e+03 3.1329e+03 7.6604e+19 2.1654e+21 1.6909e+20 1.3000e-01 5.7667e-02 3.0195e+04 3.2587e+04
2.0900e+03 9.2284e-12 5.6491e-01 1.5958e+03 2.5053e+03 3.1312e+03 7.7388e+19 2.1948e+21 1.7135e+20 1.2948e-01 5.7386e-02 3.0302e+04 3.2719e+04
2.1000e+03 9.1959e-12 5.6520e-01 1.5952e+03 2.5041e+03 3.1294e+03 7.8177e+19 2.2245e+21 1.7362e+20 1.2896e-01 5.7107e-02 3.0410e+04 3.2850e+04
2.1100e+03 9.1636e-12 5.6549e-01 1.5946e+03 2.5029e+03 3.1277e+03 7.8971e+19 2.2545e+21 1.7592e+20 1.2844e-01 5.6831e-02 3.0518e+04 3.2982e+04
2.1200e+03 9.1315e-12 5.6577e-01 1.5939e+03 2.5017e+03 3.1260e+03 7.9771e+19 2.2848e+21 1.7824e+20 1.2792e-01 5.6557e-02 3.0625e+04 3.3113e+04
2.1300e+03 9.0995e-12 5.6605e-01 1.5933e+03 2.5005e+03 3.1242e+03 8.0577e+19 2.3154e+21 1.8058e+20 1.2741e-01 5.6286e-02 3.0733e+04 3.3245e+04
2.1400e+03 9.0678e-12 5.6633e-01 1.5926e+03 2.4993e+03 3.1225e+03 8.1388e+19 2.3463e+21 1.8294e+20 1.2691e-01 5.6017e-02 3.0841e+04 3.3377e+04
2.1500e+03 9.0363e-12 5.6661e-01 1.5920e+03 2.4981e+03 3.1208e+03 8.2205e+19 2.3774e+21 1.8533e+20 1.2640e-01 5.5750e-02 3.0949e+04 3.3508e+04
2.1600e+03 9.0049e-12 5.6689e-01 1.5914e+03 2.4969e+03 3.1191e+03 8.3027e+19 2.4089e+21 1.8773e+20 1.2590e-01 5.5486e-02 3.1057e+04 3.3640e+04
2.1700e+03 8.9738e-12 5.6716e-01 1.5908e+03 2.4958e+03 3.1174e+03 8.3855e+19 2.4407e+21 1.9016e+20 1.2541e-01 5.5224e-02 3.1165e+04 3.3772e+04
2.1800e+03 8.9428e-12 5.6743e-01 1.5901e+03 2.4946e+03 3.1158e+03 8.4689e+19 2.4728e+21 1.9261e+20 1.2491e-01 5.4965e-02 3.1273e+04 3.3904e+04
2.1900e+03 8.9120e-12 5.6770e-01 1.5895e+03 2.4934e+03 3.1141e+03 8.5528e+19 2.5052e+21 1.9509e+20 1.2443e-01 5.4708e-02 3.1380e+04 3.4035e+04
2.2000e+03 8.8814e-12 5.6797e-01 1.5889e+03 2.4923e+03 3.1124e+03 8.6373e+19 2.5379e+21 1.9758e+20 1.2394e-01 5.4452e-02 3.1488e+04 3.4167e+04
2.2100e+03 8.8510e-12 5.6824e-01 1.5883e+03 2.4911e+03 3.1108e+03 8.7224e+19 2.5709e+21 2.0010e+20 1.2346e-01 5.4200e-02 3.1596e+04 3.4299e+04
2.2200e+03 8.8207e-12 5.6850e-01 1.5877e+03 2.4899e+03 3.1091e+03 8.8080e+19 2.6042e+21 2.0265e+20 1.2298e-01 5.3949e-02 3.1705e+04 3.4431e+04
2.2300e+03 8.7907e-12 5.6876e-01 1.5870e+03 2.4888e+03 3.1075e+03 8.8943e+19 2.6379e+21 2.0521e+20 1.2250e-01 5.3700e-02 3.1813e+04 3.4563e+04
2.2400e+03 8.7608e-12 5.6902e-01 1.5864e+03 2.4877e+03 3.1058e+03 8.9811e+19 2.6718e+21 2.0780e+20 1.2203e-01 5.3454e-02 3.1921e+04 3.4694e+04
2.2500e+03 8.7311e-12 5.6928e-01 1.5858e+03 2.4865e+03 3.1042e+03 9.0684e+19 2.7061e+21 2.1041e+20 1.2156e-01 5.3209e-02 3.2029e+04 3.4826e+04
2.2600e+03 8.7016e-12 5.6953e-01 1.5852e+03 2.4854e+03 3.1026e+03 9.1564e+19 2.7407e+21 2.1305e+20 1.2110e-01 5.2967e-02 3.2137e+04 3.4958e+04
2.2700e+03 8.6722e-12 5.6979e-01 1.5846e+03 2.4843e+03 3.1010e+03 9.2450e+19 2.7756e+21 2.1570e+20 1.2063e-01 5.2727e-02 3.2245e+04 3.5090e+04
2.2800e+03 8.6430e-12 5.7004e-01 1.5840e+03 2.4831e+03 3.0994e+03 9.3341e+19 2.8108e+21 2.1839e+20 1.2017e-01 5.2489e-02 3.2354e+04 3.5222e+04
2.2900e+03 8.6140e-12 5.7029e-01 1.5834e+03 2.4820e+03 3.0978e+03 9.4238e+19 2.8464e+21 2.2109e+20 1.1972e-01 5.2252e-02 3.2462e+04 3.5354e+04
2.3000e+03 8.5852e-12 5.7054e-01 1.5828e+03 2.4809e+03 3.0962e+03 9.5142e+19 2.8823e+21 2.2382e+20 1.1927e-01 5.2018e-02 3.2570e+04 3.5486e+04
2.3100e+03 8.5565e-12 5.7079e-01 1.5823e+03 2.4798e+03 3.0946e+03 9.6051e+19 2.9185e+21 2.2658e+20 1.1882e-01 5.1786e-02 3.2679e+04 3.5618e+04
2.3200e+03 8.5280e-12 5.7103e-01 1.5817e+03 2.4787e+03 3.0930e+03 9.6966e+19 2.9551e+21 2.2936e+20 1.1837e-01 5.1555e-02 3.2787e+04 3.5750e+04
2.3300e+03 8.4997e-12 5.7128e-01 1.5811e+03 2.4776e+03 3.0915e+03 9.7887e+19 2.9919e+21 2.3216e+20 1.1793e-01 5.1327e-02 3.2896e+04 3.5882e+04
2.3400e+03 8.4715e-12 5.7152e-01 1.5805e+03 2.4765e+03 3.0899e+03 9.8814e+19 3.0292e+21 2.3499e+20 1.1748e-01 5.1100e-02 3.3004e+04 3.6014e+04
2.3500e+03 8.4435e-12 5.7176e-01 1.5799e+03 2.4754e+03 3.0884e+03 9.9747e+19 3.0667e+21 2.3784e+20 1.1705e-01 5.0876e-02 3.3113e+04 3.6146e+04
2.3600e+03 8.4156e-12 5.7200e-01 1.5793e+03 2.4743e+03 3.0868e+03 1.0069e+20 3.1046e+21 2.4072e+20 1.1661e-01 5.0653e-02 3.3221e+04 3.6278e+04
2.3700e+03 8.3880e-12 5.7224e-01 1.5788e+03 2.4732e+03 3.0853e+03 1.0163e+20 3.1429e+21 2.4362e+20 1.1618e-01 5.0431e-02 3.3330e+04 3.6410e+04
2.3800e+03 8.3604e-12 5.7247e-01 1.5782e+03 2.4721e+03 3.0837e+03 1.0258e+20 3.1814e+21 2.4654e+20 1.1575e-01 5.0212e-02 3.3439e+04 3.6542e+04
2.3900e+03 8.3331e-12 5.7271e-01 1.5776e+03 2.4710e+03 3.0822e+03 1.0354e+20 3.2204e+21 2.4950e+20 1.1533e-01 4.9994e-02 3.3547e+04 3.6675e+04
2.4000e+03 8.3059e-12 5.7294e-01 1.5770e+03 2.4700e+03 3.0807e+03 1.0450e+20 3.2596e+21 2.5247e+20 1.1490e-01 4.9779e-02 3.3656e+04 3.6807e+04
2.4100e+03 8.2788e-12 5.7317e-01 1.5765e+03 2.4689e+03 3.0792e+03 1.0547e+20 3.2992e+21 2.5547e+20 1.1448e-01 4.9564e-02 3.3765e+04 3.6939e+04
2.4200e+03 8.2519e-12 5.7340e-01 1.5759e+03 2.4678e+03 3.0777e+03 1.0645e+20 3.3392e+21 2.5850e+20 1.1406e-01 4.9352e-02 3.3873e+04 3.7071e+04
2.4300e+03 8.2252e-12 5.7363e-01 1.5753e+03 2.4668e+03 3.0762e+03 1.0743e+20 3.3795e+21 2.6156e+20 1.1365e-01 4.9141e-02 3.3982e+04 3.7203e+04
2.4400e+03 8.1986e-12 5.7386e-01 1.5748e+03 2.4657e+03 3.0747e+03 1.0842e+20 3.4202e+21 2.6464e+20 1.1324e-01 4.8932e-02 3.4091e+04 3.7336e+04
2.4500e+03 8.1722e-12 5.7409e-01 1.5742e+03 2.4646e+03 3.0732e+03 1.0942e+20 3.4612e+21 2.6774e+20 1.1283e-01 4.8725e-02 3.4200e+04 3.7468e+04
2.4600e+03 8.1459e-12 5.7431e-01 1.5737e+03 2.4636e+03 3.0717e+03 1.1042e+20 3.5026e+21 2.7087e+20 1.1242e-01 4.8519e-02 3.4309e+04 3.7600e+04
2.4700e+03 8.1198e-12 5.7454e-01 1.5731e+03 2.4625e+03 3.0702e+03 1.1142e+20 3.5444e+21 2.7403e+20 1.1202e-01 4.8315e-02 3.4418e+04 3.7732e+04
2.4800e+03 8.0939e-12 5.7476e-01 1.5726e+03 2.4615e+03 3.0687e+03 1.1244e+20 3.5865e+21 2.7721e+20 1.1162e-01 4.8112e-02 3.4527e+04 3.7865e+04
2.4900e+03 8.0680e-12 5.7498e-01 1.5720e+03 2.4605e+03 3.0673e+03 1.1346e+20 3.6290e+21 2.8043e+20 1.1122e-01 4.7911e-02 3.4636e+04 3.7997e+04
2.5000e+03 8.0424e-12 5.7520e-01 1.5715e+03 2.4594e+03 3.0658e+03 1.1448e+20 3.6718e+21 2.8366e+20 1.1082e-01 4.7712e-02 3.4745e+04 3.8129e+04
2.5100e+03 8.0168e-12 5.7542e-01 1.5709e+03 2.4584e+03 3.0644e+03 1.1552e+20 3.7150e+21 2.8693e+20 1.1043e-01 4.7514e-02 3.4854e+04 3.8262e+04
2.5200e+03 7.9914e-12 5.7563e-01 1.5704e+03 2.4574e+03 3.0629e+03 1.1655e+20 3.7586e+21 2.9022e+20 1.1004e-01 4.7317e-02 3.4963e+04 3.8394e+04
2.5300e+03 7.9662e-12 5.7585e-01 1.5698e+03 2.4563e+03 3.0615e+03 1.1760e+20 3.8025e+21 2.9354e+20 1.0965e-01 4.7122e-02 3.5072e+04 3.8527e+04
2.5400e+03 7.9411e-12 5.7607e-01 1.5693e+03 2.4553e+03 3.0601e+03 1.1865e+20 3.8468e+21 2.9688e+20 1.0926e-01 4.6929e-02 3.5181e+04 3.8659e+04
2.5500e+03 7.9162e-12 5.7628e-01 1.5688e+03 2.4543e+03 3.0586e+03 1.1971e+20 3.8915e+21 3.0025e+20 1.0888e-01 4.6737e-02 3.5290e+04 3.8792e+04
2.5600e+03 7.8914e-12 5.7649e-01 1.5682e+03 2.4533e+03 3.0572e+03 1.2077e+20 3.9366e+21 3.0365e+20 1.0850e-01 4.6546e-02 3.5400e+04 3.8924e+04
2.5700e+03 7.8667e-12 5.7670e-01 1.5677e+03 2.4523e+03 3.0558e+03 1.2185e+20 3.9821e+21 3.0708e+20 1.0812e-01 4.6357e-02 3.5509e+04 3.9057e+04
2.5800e+03 7.8422e-12 5.7692e-01 1.5672e+03 2.4513e+03 3.0544e+03 1.2292e+20 4.0279e+21 3.1054e+20 1.0774e-01 4.6170e-02 3.5618e+04 3.9189e+04
2.5900e+03 7.8178e-12 5.7712e-01 1.5666e+03 2.4503e+03 3.0530e+03 1.2401e+20 4.0741e+21 3.1402e+20 1.0737e-01 4.5983e-02 3.5728e+04 3.9322e+04
2.6000e+03 7.7935e-12 5.7733e-01 1.5661e+03 2.4493e+03 3.0516e+03 1.2510e+20 4.1207e+21 3.1753e+20 1.0699e-01 4.5798e-02 3.5837e+04 3.9454e+04
2.6100e+03 7.7694e-12 5.7754e-01 1.5656e+03 2.4483e+03 3.0502e+03 1.2620e+20 4.1677e+21 3.2107e+20 1.0662e-01 4.5615e-02 3.5946e+04 3.9587e+04
2.6200e+03 7.7454e-12 5.7775e-01 1.5651e+03 2.4473e+03 3.0488e+03 1.2730e+20 4.2151e+21 3.2464e+20 1.0626e-01 4.5433e-02 3.6056e+04 3.9719e+04
2.6300e+03 7.7216e-12 5.7795e-01 1.5646e+03 2.4463e+03 3.0474e+03 1.2841e+20 4.2629e+21 3.2823e+20 1.0589e-01 4.5252e-02 3.6165e+04 3.9852e+04
2.6400e+03 7.6979e-12 5.7816e-01 1.5640e+03 2.4453e+03 3.0460e+03 1.2953e+20 4.3111e+21 3.3186e+20 1.0553e-01 4.5073e-02 3.6275e+04 3.9985e+04
2.6500e+03 7.6743e-12 5.7836e-01 1.5635e+03 2.4443e+03 3.0447e+03 1.3065e+20 4.3596e+21 3.3551e+20 1.0517e-01 4.4894e-02 3.6384e+04 4.0117e+04
2.6600e+03 7.6508e-12 5.7856e-01 1.5630e+03 2.4433e+03 3.0433e+03 1.3178e+20 4.4086e+21 3.3919e+20 1.0481e-01 4.4718e-02 3.6494e+04 4.0250e+04
2.6700e+03 7.6275e-12 5.7876e-01 1.5625e+03 2.4424e+03 3.0419e+03 1.3292e+20 4.4580e+21 3.4291e+20 1.0446e-01 4.4542e-02 3.6603e+04 4.0382e+04
2.6800e+03 7.6043e-12 5.7896e-01 1.5620e+03 2.4414e+03 3.0406e+03 1.3406e+20 4.5077e+21 3.4665e+20 1.0410e-01 4.4368e-02 3.6713e+04 4.0515e+04
2.6900e+03 7.5813e-12 5.7916e-01 1.5615e+03 2.4404e+03 3.0392e+03 1.3521e+20 4.5579e+21 3.5042e+20 1.0375e-01 4.4195e-02 3.6823e+04 4.0648e+04
2.7000e+03 7.5584e-12 5.7936e-01 1.5610e+03 2.4395e+03 3.0379e+03 1.3637e+20 4.6085e+21 3.5421e+20 1.0340e-01 4.4023e-02 3.6932e+04 4.0781e+04
2.7100e+03 7.5356e-12 5.7956e-01 1.5605e+03 2.4385e+03 3.0366e+03 1.3754e+20 4.6595e+21 3.5804e+20 1.0306e-01 4.3852e-02 3.7042e+04 4.0913e+04
2.7200e+03 7.5129e-12 5.7976e-01 1.5600e+03 2.4375e+03 3.0352e+03 1.3871e+20 4.7108e+21 3.6190e+20 1.0271e-01 4.3683e-02 3.7152e+04 4.1046e+04
2.7300e+03 7.4903e-12 5.7995e-01 1.5595e+03 2.4366e+03 3.0339e+03 1.3988e+20 4.7627e+21 3.6579e+20 1.0237e-01 4.3515e-02 3.7262e+04 4.1179e+04
2.7400e+03 7.4679e-12 5.8015e-01 1.5590e+03 2.4356e+03 3.0326e+03 1.4107e+20 4.8149e+21 3.6971e+20 1.0203e-01 4.3348e-02 3.7371e+04 4.1312e+04
2.7500e+03 7.4456e-12 5.8034e-01 1.5585e+03 2.4347e+03 3.0313e+03 1.4226e+20 4.8675e+21 3.7366e+20 1.0169e-01 4.3182e-02 3.7481e+04 4.1445e+04
2.7600e+03 7.4234e-12 5.8054e-01 1.5580e+03 2.4338e+03 3.0299e+03 1.4346e+20 4.9206e+21 3.7764e+20 1.0135e-01 4.3018e-02 3.7591e+04 4.1577e+04
2.7700e+03 7.4014e-12 5.8073e-01 1.5575e+03 2.4328e+03 3.0286e+03 1.4466e+20 4.9740e+21 3.8165e+20 1.0102e-01 4.2854e-02 3.7701e+04 4.1710e+04
2.7800e+03 7.3795e-12 5.8092e-01 1.5570e+03 2.4319e+03 3.0273e+03 1.4588e+20 5.0279e+21 3.8569e+20 1.0068e-01 4.2692e-02 3.7811e+04 4.1843e+04
2.7900e+03 7.3576e-12 5.8111e-01 1.5565e+03 2.4309e+03 3.0260e+03 1.4710e+20 5.0822e+21 3.8976e+20 1.0035e-01 4.2531e-02 3.7921e+04 4.1976e+04
2.8000e+03 7.3360e-12 5.8131e-01 1.5560e+03 2.4300e+03 3.0247e+03 1.4832e+20 5.1370e+21 3.9386e+20 1.0002e-01 4.2371e-02 3.8031e+04 4.2109e+04
2.8100e+03 7.3144e-12 5.8150e-01 1.5555e+03 2.4291e+03 3.0234e+03 1.4956e+20 5.1922e+21 3.9799e+20 9.9697e-02 4.2212e-02 3.8141e+04 4.2242e+04
2.8200e+03 7.2929e-12 5.8168e-01 1.5550e+03 2.4281e+03 3.0222e+03 1.5080e+20 5.2478e+21 4.0215e+20 9.9373e-02 4.2054e-02 3.8251e+04 4.2375e+04
2.8300e+03 7.2716e-12 5.8187e-01 1.5545e+03 2.4272e+03 3.0209e+03 1.5204e+20 5.3038e+21 4.0635e+20 9.9050e-02 4.1898e-02 3.8361e+04 4.2508e+04
2.8400e+03 7.2504e-12 5.8206e-01 1.5541e+03 2.4263e+03 3.0196e+03 1.5330e+20 5.3603e+21 4.1057e+20 9.8729e-02 4.1742e-02 3.8471e+04 4.2641e+04
2.8500e+03 7.2293e-12 5.8225e-01 1.5536e+03 2.4254e+03 3.0183e+03 1.5456e+20 5.4172e+21 4.1483e+20 9.8410e-02 4.1587e-02 3.8581e+04 4.2774e+04
2.8600e+03 7.2083e-12 5.8243e-01 1.5531e+03 2.4245e+03 3.0171e+03 1.5583e+20 5.4745e+21 4.1912e+20 9.8093e-02 4.1434e-02 3.8691e+04 4.2907e+04
2.8700e+03 7.1874e-12 5.8262e-01 1.5526e+03 2.4236e+03 3.0158e+03 1.5710e+20 5.5323e+21 4.2344e+20 9.7777e-02 4.1281e-02 3.8801e+04 4.3040e+04
2.8800e+03 7.1666e-12 5.8281e-01 1.5522e+03 2.4227e+03 3.0146e+03 1.5839e+20 5.5905e+21 4.2780e+20 9.7464e-02 4.1130e-02 3.8911e+04 4.3173e+04
2.8900e+03 7.1460e-12 5.8299e-01 1.5517e+03 2.4218e+03 3.0133e+03 1.5968e+20 5.6492e+21 4.3218e+20 9.7152e-02 4.0980e-02 3.9022e+04 4.3306e+04
2.9000e+03 7.1254e-12 5.8317e-01 1.5512e+03 2.4209e+03 3.0121e+03 1.6097e+20 5.7083e+21 4.3660e+20 9.6843e-02 4.0830e-02 3.9132e+04 4.3439e+04
2.9100e+03 7.1050e-12 5.8336e-01 1.5507e+03 2.4200e+03 3.0108e+03 1.6228e+20 5.7679e+21 4.4105e+20 9.6535e-02 4.0682e-02 3.9242e+04 4.3572e+04
2.9200e+03 7.0847e-12 5.8354e-01 1.5503e+03 2.4191e+03 3.0096e+03 1.6359e+20 5.8279e+21 4.4554e+20 9.6229e-02 4.0535e-02 3.9352e+04 4.3705e+04
2.9300e+03 7.0645e-12 5.8372e-01 1.5498e+03 2.4182e+03 3.0083e+03 1.6491e+20 5.8884e+21 4.5005e+20 9.5924e-02 4.0388e-02 3.9463e+04 4.3838e+04
2.9400e+03 7.0444e-12 5.8390e-01 1.5493e+03 2.4173e+03 3.0071e+03 1.6623e+20 5.9493e+21 4.5460e+20 9.5622e-02 4.0243e-02 3.9573e+04 4.3971e+04
2.9500e+03 7.0244e-12 5.8408e-01 1.5489e+03 2.4164e+03 3.0059e+03 1.6757e+20 6.0107e+21 4.5919e+20 9.5321e-02 4.0098e-02 3.9683e+04 4.4104e+04
2.9600e+03 7.0045e-12 5.8426e-01 1.5484e+03 2.4155e+03 3.0047e+03 1.6891e+20 6.0726e+21 4.6380e+20 9.5021e-02 3.9955e-02 3.9794e+04 4.4237e+04
2.9700e+03 6.9847e-12 5.8444e-01 1.5480e+03 2.4146e+03 3.0035e+03 1.7026e+20 6.1349e+21 4.6845e+20 9.4724e-02 3.9812e-02 3.9904e+04 4.4370e+04
2.9800e+03 6.9651e-12 5.8462e-01 1.5475e+03 2.4137e+03 3.0022e+03 1.7161e+20 6.1976e+21 4.7313e+20 9.4428e-02 3.9671e-02 4.0015e+04 4.4504e+04
2.9900e+03 6.9455e-12 5.8480e-01 1.5471e+03 2.4129e+03 3.0010e+03 1.7297e+20 6.2609e+21 4.7785e+20 9.4134e-02 3.9530e-02 4.0125e+04 4.4637e+04
3.0000e+03 6.9260e-12 5.8498e-01 1.5466e+03 2.4120e+03 2.9998e+03 1.7434e+20 6.3246e+21 4.8260e+20 9.3842e-02 3.9390e-02 4.0236e+04 4.4770e+04
3.0100e+03 6.9067e-12 5.8516e-01 1.5461e+03 2.4111e+03 2.9986e+03 1.7572e+20 6.3887e+21 4.8739e+20 9.3551e-02 3.9251e-02 4.0346e+04 4.4903e+04
3.0200e+03 6.8874e-12 5.8533e-01 1.5457e+03 2.4103e+03 2.9974e+03 1.7711e+20 6.4534e+21 4.9220e+20 9.3262e-02 3.9114e-02 4.0457e+04 4.5037e+04
3.0300e+03 6.8682e-12 5.8551e-01 1.5452e+03 2.4094e+03 2.9963e+03 1.7850e+20 6.5185e+21 4.9706e+20 9.2975e-02 3.8977e-02 4.0567e+04 4.5170e+04
3.0400e+03 6.8492e-12 5.8568e-01 1.5448e+03 2.4085e+03 2.9951e+03 1.7990e+20 6.5841e+21 5.0194e+20 9.2689e-02 3.8840e-02 4.0678e+04 4.5303e+04
3.0500e+03 6.8302e-12 5.8586e-01 1.5444e+03 2.4077e+03 2.9939e+03 1.8130e+20 6.6502e+21 5.0687e+20 9.2405e-02 3.8705e-02 4.0788e+04 4.5436e+04
3.0600e+03 6.8114e-12 5.8604e-01 1.5439e+03 2.4068e+03 2.9927e+03 1.8272e+20 6.7167e+21 5.1182e+20 9.2122e-02 3.8571e-02 4.0899e+04 4.5570e+04
3.0700e+03 6.7926e-12 5.8621e-01 1.5435e+03 2.4060e+03 2.9915e+03 1.8414e+20 6.7838e+21 5.1682e+20 9.1841e-02 3.8437e-02 4.1010e+04 4.5703e+04
3.0800e+03 6.7740e-12 5.8638e-01 1.5430e+03 2.4051e+03 2.9904e+03 1.8557e+20 6.8513e+21 5.2184e+20 9.1562e-02 3.8304e-02 4.1120e+04 4.5836e+04
3.0900e+03 6.7554e-12 5.8656e-01 1.5426e+03 2.4043e+03 2.9892e+03 1.8701e+20 6.9193e+21 5.2690e+20 9.1284e-02 3.8173e-02 4.1231e+04 4.5970e+04
3.1000e+03 6.7370e-12 5.8673e-01 1.5421e+03 2.4034e+03 2.9880e+03 1.8845e+20 6.9878e+21 5.3200e+20 9.1008e-02 3.8042e-02 4.1342e+04 4.6103e+04
3.1100e+03 6.7186e-12 5.8690e-01 1.5417e+03 2.4026e+03 2.9869e+03 1.8990e+20 7.0568e+21 5.3713e+20 9.0733e-02 3.7911e-02 4.1453e+04 4.6236e+04
3.1200e+03 6.7003e-12 5.8708e-01 1.5413e+03 2.4018e+03 2.9857e+03 1.9136e+20 7.1263e+21 5.4230e+20 9.0460e-02 3.7782e-02 4.1563e+04 4.6370e+04
3.1300e+03 6.6822e-12 5.8725e-01 1.5408e+03 2.4009e+03 2.9846e+03 1.9283e+20 7.1962e+21 5.4751e+20 9.0188e-02 3.7654e-02 4.1674e+04 4.6503e+04
3.1400e+03 6.6641e-12 5.8742e-01 1.5404e+03 2.4001e+03 2.9834e+03 1.9431e+20 7.2667e+21 5.5275e+20 8.9918e-02 3.7526e-02 4.1785e+04 4.6636e+04
3.1500e+03 6.6461e-12 5.8759e-01 1.5400e+03 2.3992e+03 2.9823e+03 1.9579e+20 7.3377e+21 5.5803e+20 8.9649e-02 3.7399e-02 4.1896e+04 4.6770e+04
3.1600e+03 6.6282e-12 5.8776e-01 1.5395e+03 2.3984e+03 2.9812e+03 1.9728e+20 7.4092e+21 5.6334e+20 8.9382e-02 3.7273e-02 4.2007e+04 4.6903e+04
3.1700e+03 6.6104e-12 5.8793e-01 1.5391e+03 2.3976e+03 2.9800e+03 1.9878e+20 7.4811e+21 5.6869e+20 8.9116e-02 3.7147e-02 4.2117e+04 4.7037e+04
3.1800e+03 6.5927e-12 5.8810e-01 1.5387e+03 2.3968e+03 2.9789e+03 2.0028e+20 7.5536e+21 5.7408e+20 8.8852e-02 3.7023e-02 4.2228e+04 4.7170e+04
3.1900e+03 6.5751e-12 5.8827e-01 1.5383e+03 2.3959e+03 2.9778e+03 2.0180e+20 7.6266e+21 5.7950e+20 8.8589e-02 3.6899e-02 4.2339e+04 4.7304e+04
3.2000e+03 6.5576e-12 5.8844e-01 1.5378e+03 2.3951e+03 2.9766e+03 2.0332e+20 7.7001e+21 5.8496e+20 8.8328e-02 3.6776e-02 4.2450e+04 4.7437e+04
3.2100e+03 6.5402e-12 5.8861e-01 1.5374e+03 2.3943e+03 2.9755e+03 2.0485e+20 7.7741e+21 5.9046e+20 8.8068e-02 3.6654e-02 4.2561e+04 4.7571e+04
3.2200e+03 6.5228e-12 5.8877e-01 1.5370e+03 2.3935e+03 2.9744e+03 2.0638e+20 7.8487e+21 5.9599e+20 8.7809e-02 3.6532e-02 4.2672e+04 4.7704e+04
3.2300e+03 6.5056e-12 5.8894e-01 1.5366e+03 2.3927e+03 2.9733e+03 2.0793e+20 7.9237e+21 6.0156e+20 8.7552e-02 3.6411e-02 4.2783e+04 4.7838e+04
3.2400e+03 6.4884e-12 5.8911e-01 1.5362e+03 2.3919e+03 2.9722e+03 2.0948e+20 7.9993e+21 6.0717e+20 8.7296e-02 3.6291e-02 4.2894e+04 4.7971e+04
3.2500e+03 6.4713e-12 5.8928e-01 1.5357e+03 2.3911e+03 2.9711e+03 2.1104e+20 8.0754e+21 6.1282e+20 8.7042e-02 3.6172e-02 4.3005e+04 4.8105e+04
3.2600e+03 6.4544e-12 5.8944e-01 1.5353e+03 2.3903e+03 2.9700e+03 2.1261e+20 8.1520e+21 6.1851e+20 8.6789e-02 3.6053e-02 4.3116e+04 4.8238e+04
3.2700e+03 6.4375e-12 5.8961e-01 1.5349e+03 2.3895e+03 2.9689e+03 2.1418e+20 8.2291e+21 6.2423e+20 8.6537e-02 3.5936e-02 4.3227e+04 4.8372e+04
3.2800e+03 6.4206e-12 5.8978e-01 1.5345e+03 2.3887e+03 2.9678e+03 2.1577e+20 8.3068e+21 6.2999e+20 8.6287e-02 3.5818e-02 4.3338e+04 4.8505e+04
3.2900e+03 6.4039e-12 5.8994e-01 1.5341e+03 2.3879e+03 2.9667e+03 2.1736e+20 8.3850e+21 6.3579e+20 8.6038e-02 3.5702e-02 4.3449e+04 4.8639e+04
3.3000e+03 6.3873e-12 5.9011e-01 1.5337e+03 2.3871e+03 2.9656e+03 2.1896e+20 8.4637e+21 6.4163e+20 8.5790e-02 3.5586e-02 4.3560e+04 4.8773e+04
3.3100e+03 6.3707e-12 5.9027e-01 1.5333e+03 2.3863e+03 2.9645e+03 2.2057e+20 8.5429e+21 6.4751e+20 8.5544e-02 3.5471e-02 4.3671e+04 4.8906e+04
3.3200e+03 6.3542e-12 5.9044e-01 1.5329e+03 2.3855e+03 2.9635e+03 2.2218e+20 8.6227e+21 6.5343e+20 8.5299e-02 3.5357e-02 4.3783e+04 4.9040e+04
3.3300e+03 6.3379e-12 5.9060e-01 1.5325e+03 2.3847e+03 2.9624e+03 2.2381e+20 8.7031e+21 6.5938e+20 8.5055e-02 3.5243e-02 4.3894e+04 4.9173e+04
3.3400e+03 6.3216e-12 5.9077e-01 1.5321e+03 2.3839e+03 2.9613e+03 2.2544e+20 8.7839e+21 6.6538e+20 8.4813e-02 3.5130e-02 4.4005e+04 4.9307e+04
3.3500e+03 6.3053e-12 5.9093e-01 1.5317e+03 2.3831e+03 2.9602e+03 2.2708e+20 8.8654e+21 6.7141e+20 8.4571e-02 3.5018e-02 4.4116e+04 4.9441e+04
3.3600e+03 6.2892e-12 5.9109e-01 1.5313e+03 2.3824e+03 2.9592e+03 2.2872e+20 8.9473e+21 6.7748e+20 8.4332e-02 3.4906e-02 4.4227e+04 4.9574e+04
3.3700e+03 6.2731e-12 5.9126e-01 1.5309e+03 2.3816e+03 2.9581e+03 2.3038e+20 9.0298e+21 6.8360e+20 8.4093e-02 3.4795e-02 4.4338e+04 4.9708e+04
3.3800e+03 6.2571e-12 5.9142e-01 1.5305e+03 2.3808e+03 2.9571e+03 2.3204e+20 9.1129e+21 6.8975e+20 8.3856e-02 3.4684e-02 4.4450e+04 4.9842e+04
3.3900e+03 6.2412e-12 5.9158e-01 1.5301e+03 2.3800e+03 2.9560e+03 2.3372e+20 9.1965e+21 6.9594e+20 8.3619e-02 3.4575e-02 4.4561e+04 4.9976e+04
3.4000e+03 6.2254e-12 5.9175e-01 1.5297e+03 2.3793e+03 2.9550e+03 2.3540e+20 9.2806e+21 7.0218e+20 8.3385e-02 3.4466e-02 4.4672e+04 5.0109e+04
3.4100e+03 6.2097e-12 5.9191e-01 1.5293e+03 2.3785e+03 2.9539e+03 2.3708e+20 9.3653e+21 7.0845e+20 8.3151e-02 3.4357e-02 4.4783e+04 5.0243e+04
3.4200e+03 6.1940e-12 5.9207e-01 1.5289e+03 2.3777e+03 2.9529e+03 2.3878e+20 9.4506e+21 7.1477e+20 8.2919e-02 3.4249e-02 4.4895e+04 5.0377e+04
3.4300e+03 6.1784e-12 5.9223e-01 1.5285e+03 2.3770e+03 2.9518e+03 2.4048e+20 9.5364e+21 7.2112e+20 8.2687e-02 3.4142e-02 4.5006e+04 5.0510e+04
3.4400e+03 6.1629e-12 5.9240e-01 1.5281e+03 2.3762e+03 2.9508e+03 2.4220e+20 9.6228e+21 7.2752e+20 8.2457e-02 3.4035e-02 4.5117e+04 5.0644e+04
3.4500e+03 6.1475e-12 5.9256e-01 1.5277e+03 2.3755e+03 2.9497e+03 2.4392e+20 9.7098e+21 7.3396e+20 8.2228e-02 3.3929e-02 4.5229e+04 5.0778e+04
3.4600e+03 6.1322e-12 5.9272e-01 1.5273e+03 2.3747e+03 2.9487e+03 2.4565e+20 9.7973e+21 7.4043e+20 8.2001e-02 3.3824e-02 4.5340e+04 5.0912e+04
3.4700e+03 6.1169e-12 5.9288e-01 1.5269e+03 2.3739e+03 2.9477e+03 2.4738e+20 9.8854e+21 7.4695e+20 8.1774e-02 3.3719e-02 4.5451e+04 5.1046e+04
3.4800e+03 6.1017e-12 5.9304e-01 1.5265e+03 2.3732e+03 2.9467e+03 2.4913e+20 9.9741e+21 7.5352e+20 8.1549e-02 3.3615e-02 4.5563e+04 5.1179e+04
3.4900e+03 6.0866e-12 5.9320e-01 1.5262e+03 2.3724e+03 2.9456e+03 2.5088e+20 1.0063e+22 7.6012e+20 8.1325e-02 3.3511e-02 4.5674e+04 5.1313e+04
3.5000e+03 6.0715e-12 5.9336e-01 1.5258e+03 2.3717e+03 2.9446e+03 2.5265e+20 1.0153e+22 7.6676e+20 8.1102e-02 3.3408e-02 4.5786e+04 5.1447e+04
3.5100e+03 6.0565e-12 5.9352e-01 1.5254e+03 2.3710e+03 2.9436e+03 2.5442e+20 1.0244e+22 7.7345e+20 8.0880e-02 3.3306e-02 4.5897e+04 5.1581e+04
3.5200e+03 6.0416e-12 5.9368e-01 1.5250e+03 2.3702e+03 2.9426e+03 2.5619e+20 1.0334e+22 7.8018e+20 8.0659e-02 3.3204e-02 4.6008e+04 5.1715e+04
3.5300e+03 6.0268e-12 5.9384e-01 1.5246e+03 2.3695e+03 2.9416e+03 2.5798e+20 1.0426e+22 7.8695e+20 8.0440e-02 3.3103e-02 4.6120e+04 5.1848e+04
3.5400e+03 6.0120e-12 5.9400e-01 1.5242e+03 2.3687e+03 2.9406e+03 2.5978e+20 1.0518e+22 7.9376e+20 8.0221e-02 3.3002e-02 4.6231e+04 5.1982e+04
3.5500e+03 5.9974e-12 5.9416e-01 1.5239e+03 2.3680e+03 2.9396e+03 2.6158e+20 1.0611e+22 8.0062e+20 8.0004e-02 3.2902e-02 4.6343e+04 5.2116e+04
3.5600e+03 5.9827e-12 5.9432e-01 1.5235e+03 2.3673e+03 2.9386e+03 2.6339e+20 1.0704e+22 8.0752e+20 7.9788e-02 3.2802e-02 4.6454e+04 5.2250e+04
3.5700e+03 5.9682e-12 5.9448e-01 1.5231e+03 2.3665e+03 2.9376e+03 2.6521e+20 1.0798e+22 8.1446e+20 7.9572e-02 3.2703e-02 4.6566e+04 5.2384e+04
3.5800e+03 5.9537e-12 5.9463e-01 1.5227e+03 2.3658e+03 2.9366e+03 2.6704e+20 1.0893e+22 8.2145e+20 7.9358e-02 3.2605e-02 4.6677e+04 5.2518e+04
3.5900e+03 5.9393e-12 5.9479e-01 1.5224e+03 2.3651e+03 2.9356e+03 2.6888e+20 1.0988e+22 8.2848e+20 7.9145e-02 3.2507e-02 4.6789e+04 5.2652e+04
3.6000e+03 5.9250e-12 5.9495e-01 1.5220e+03 2.3643e+03 2.9346e+03 2.7073e+20 1.1083e+22 8.3555e+20 7.8933e-02 3.2410e-02 4.6900e+04 5.2786e+04
3.6100e+03 5.9107e-12 5.9511e-01 1.5216e+03 2.3636e+03 2.9336e+03 2.7258e+20 1.1180e+22 8.4267e+20 7.8722e-02 3.2313e-02 4.7012e+04 5.2919e+04
3.6200e+03 5.8965e-12 5.9527e-01 1.5213e+03 2.3629e+03 2.9326e+03 2.7444e+20 1.1276e+22 8.4983e+20 7.8513e-02 3.2216e-02 4.7123e+04 5.3053e+04
3.6300e+03 5.8824e-12 5.9542e-01 1.5209e+03 2.3622e+03 2.9316e+03 2.7631e+20 1.1374e+22 8.5703e+20 7.8304e-02 3.2121e-02 4.7235e+04 5.3187e+04
3.6400e+03 5.8684e-12 5.9558e-01 1.5205e+03 2.3615e+03 2.9307e+03 2.7819e+20 1.1472e+22 8.6428e+20 7.8096e-02 3.2025e-02 4.7347e+04 5.3321e+04
3.6500e+03 5.8544e-12 5.9574e-01 1.5202e+03 2.3607e+03 2.9297e+03 2.8008e+20 1.1571e+22 8.7158e+20 7.7889e-02 3.1931e-02 4.7458e+04 5.3455e+04
3.6600e+03 5.8405e-12 5.9590e-01 1.5198e+03 2.3600e+03 2.9287e+03 2.8198e+20 1.1670e+22 8.7891e+20 7.7684e-02 3.1836e-02 4.7570e+04 5.3589e+04
3.6700e+03 5.8266e-12 5.9605e-01 1.5194e+03 2.3593e+03 2.9278e+03 2.8388e+20 1.1770e+22 8.8630e+20 7.7479e-02 3.1743e-02 4.7681e+04 5.3723e+04
3.6800e+03 5.8128e-12 5.9621e-01 1.5191e+03 2.3586e+03 2.9268e+03 2.8580e+20 1.1871e+22 8.9372e+20 7.7275e-02 3.1650e-02 4.7793e+04 5.3857e+04
3.6900e+03 5.7991e-12 5.9637e-01 1.5187e+03 2.3579e+03 2.9258e+03 2.8772e+20 1.1972e+22 9.0120e+20 7.7073e-02 3.1557e-02 4.7905e+04 5.3991e+04
3.7000e+03 5.7855e-12 5.9652e-01 1.5184e+03 2.3572e+03 2.9249e+03 2.8965e+20 1.2073e+22 9.0871e+20 7.6871e-02 3.1465e-02 4.8016e+04 5.4125e+04
3.7100e+03 5.7719e-12 5.9668e-01 1.5180e+03 2.3565e+03 2.9239e+03 2.9159e+20 1.2176e+22 9.1628e+20 7.6670e-02 3.1373e-02 4.8128e+04 5.4259e+04
3.7200e+03 5.7583e-12 5.9684e-01 1.5176e+03 2.3558e+03 2.9230e+03 2.9354e+20 1.2279e+22 9.2389e+20 7.6471e-02 3.1282e-02 4.8239e+04 5.4393e+04
3.7300e+03 5.7449e-12 5.9699e-01 1.5173e+03 2.3551e+03 2.9220e+03 2.9550e+20 1.2382e+22 9.3154e+20 7.6272e-02 3.1191e-02 4.8351e+04 5.4527e+04
3.7400e+03 5.7315e-12 5.9715e-01 1.5169e+03 2.3544e+03 2.9211e+03 2.9746e+20 1.2487e+22 9.3924e+20 7.6074e-02 3.1101e-02 4.8463e+04 5.4661e+04
3.7500e+03 5.7182e-12 5.9730e-01 1.5166e+03 2.3537e+03 2.9201e+03 2.9944e+20 1.2592e+22 9.4699e+20 7.5878e-02 3.1011e-02 4.8574e+04 5.4795e+04
3.7600e+03 5.7049e-12 5.9746e-01 1.5162e+03 2.3530e+03 2.9192e+03 3.0142e+20 1.2697e+22 9.5478e+20 7.5682e-02 3.0922e-02 4.8686e+04 5.4929e+04
3.7700e+03 5.6917e-12 5.9761e-01 1.5159e+03 2.3523e+03 2.9182e+03 3.0342e+20 1.2803e+22 9.6262e+20 7.5487e-02 3.0833e-02 4.8798e+04 5.5063e+04
3.7800e+03 5.6785e-12 5.9777e-01 1.5155e+03 2.3516e+03 2.9173e+03 3.0542e+20 1.2910e+22 9.7051e+20 7.5293e-02 3.0745e-02 4.8910e+04 5.5197e+04
3.7900e+03 5.6655e-12 5.9792e-01 1.5152e+03 2.3509e+03 2.9164e+03 3.0743e+20 1.3018e+22 9.7844e+20 7.5100e-02 3.0657e-02 4.9021e+04 5.5331e+04
3.8000e+03 5.6524e-12 5.9808e-01 1.5148e+03 2.3502e+03 2.9154e+03 3.0944e+20 1.3126e+22 9.8642e+20 7.4908e-02 3.0569e-02 4.9133e+04 5.5465e+04
3.8100e+03 5.6395e-12 5.9823e-01 1.5145e+03 2.3496e+03 2.9145e+03 3.1147e+20 1.3234e+22 9.9445e+20 7.4717e-02 3.0482e-02 4.9245e+04 5.5599e+04
3.8200e+03 5.6266e-12 5.9839e-01 1.5141e+03 2.3489e+03 2.9136e+03 3.1351e+20 1.3344e+22 1.0025e+21 7.4527e-02 3.0396e-02 4.9356e+04 5.5734e+04
3.8300e+03 5.6137e-12 5.9854e-01 1.5138e+03 2.3482e+03 2.9126e+03 3.1555e+20 1.3454e+22 1.0106e+21 7.4338e-02 3.0310e-02 4.9468e+04 5.5868e+04
3.8400e+03 5.6010e-12 5.9870e-01 1.5134e+03 2.3475e+03 2.9117e+03 3.1761e+20 1.3564e+22 1.0188e+21 7.4149e-02 3.0224e-02 4.9580e+04 5.6002e+04
3.8500e+03 5.5882e-12 5.9885e-01 1.5131e+03 2.3468e+03 2.9108e+03 3.1967e+20 1.3676e+22 1.0270e+21 7.3962e-02 3.0139e-02 4.9692e+04 5.6136e+04
3.8600e+03 5.5756e-12 5.9901e-01 1.5128e+03 2.3462e+03 2.9099e+03 3.2174e+20 1.3788e+22 1.0353e+21 7.3775e-02 3.0054e-02 4.9803e+04 5.6270e+04
3.8700e+03 5.5630e-12 5.9916e-01 1.5124e+03 2.3455e+03 2.9090e+03 3.2382e+20 1.3900e+22 1.0436e+21 7.3590e-02 2.9970e-02 4.9915e+04 5.6404e+04
3.8800e+03 5.5504e-12 5.9932e-01 1.5121e+03 2.3448e+03 2.9081e+03 3.2591e+20 1.4014e+22 1.0520e+21 7.3405e-02 2.9886e-02 5.0027e+04 5.6538e+04
3.8900e+03 5.5380e-12 5.9947e-01 1.5117e+03 2.3441e+03 2.9071e+03 3.2801e+20 1.4128e+22 1.0604e+21 7.3221e-02 2.9803e-02 5.0139e+04 5.6672e+04
3.9000e+03 5.5255e-12 5.9962e-01 1.5114e+03 2.3435e+03 2.9062e+03 3.3012e+20 1.4242e+22 1.0688e+21 7.3038e-02 2.9720e-02 5.0250e+04 5.6806e+04
3.9100e+03 5.5132e-12 5.9978e-01 1.5111e+03 2.3428e+03 2.9053e+03 3.3223e+20 1.4357e+22 1.0774e+21 7.2856e-02 2.9637e-02 5.0362e+04 5.6941e+04
3.9200e+03 5.5008e-12 5.9993e-01 1.5107e+03 2.3422e+03 2.9044e+03 3.3436e+20 1.4473e+22 1.0859e+21 7.2674e-02 2.9555e-02 5.0474e+04 5.7075e+04
3.9300e+03 5.4886e-12 6.0008e-01 1.5104e+03 2.3415e+03 2.9035e+03 3.3649e+20 1.4590e+22 1.0945e+21 7.2494e-02 2.9473e-02 5.0586e+04 5.7209e+04
3.9400e+03 5.4764e-12 6.0024e-01 1.5101e+03 2.3408e+03 2.9026e+03 3.3864e+20 1.4707e+22 1.1032e+21 7.2314e-02 2.9392e-02 5.0697e+04 5.7343e+04
3.9500e+03 5.4643e-12 6.0039e-01 1.5097e+03 2.3402e+03 2.9017e+03 3.4079e+20 1.4825e+22 1.1119e+21 7.2136e-02 2.9311e-02 5.0809e+04 5.7477e+04
3.9600e+03 5.4522e-12 6.0054e-01 1.5094e+03 2.3395e+03 2.9009e+03 3.4295e+20 1.4944e+22 1.1206e+21 7.1958e-02 2.9231e-02 5.0921e+04 5.7611e+04
3.9700e+03 5.4401e-12 6.0070e-01 1.5091e+03 2.3389e+03 2.9000e+03 3.4512e+20 1.5063e+22 1.1294e+21 7.1781e-02 2.9151e-02 5.1033e+04 5.7745e+04
3.9800e+03 5.4282e-12 6.0085e-01 1.5087e+03 2.3382e+03 2.8991e+03 3.4730e+20 1.5183e+22 1.1383e+21 7.1604e-02 2.9071e-02 5.1145e+04 5.7880e+04
3.9900e+03 5.4162e-12 6.0100e-01 1.5084e+03 2.3376e+03 2.8982e+03 3.4949e+20 1.5304e+22 1.1472e+21 7.1429e-02 2.8992e-02 5.1256e+04 5.8014e+04
4.0000e+03 5.4044e-12 6.0115e-01 1.5081e+03 2.3369e+03 2.8973e+03 3.5169e+20 1.5425e+22 1.1562e+21 7.1254e-02 2.8913e-02 5.1368e+04 5.8148e+04
4.0100e+03 5.3926e-12 6.0131e-01 1.5077e+03 2.3363e+03 2.8964e+03 3.5389e+20 1.5547e+22 1.1652e+21 7.1081e-02 2.8834e-02 5.1480e+04 5.8282e+04
4.0200e+03 5.3808e-12 6.0146e-01 1.5074e+03 2.3356e+03 2.8956e+03 3.5611e+20 1.5670e+22 1.1742e+21 7.0908e-02 2.8756e-02 5.1592e+04 5.8416e+04
4.0300e+03 5.3691e-12 6.0161e-01 1.5071e+03 2.3350e+03 2.8947e+03 3.5833e+20 1.5793e+22 1.1834e+21 7.0735e-02 2.8678e-02 5.1704e+04 5.8551e+04
4.0400e+03 5.3574e-12 6.0176e-01 1.5068e+03 2.3343e+03 2.8938e+03 3.6057e+20 1.5918e+22 1.1925e+21 7.0564e-02 2.8601e-02 5.1816e+04 5.8685e+04
4.0500e+03 5.3458e-12 6.0192e-01 1.5064e+03 2.3337e+03 2.8929e+03 3.6281e+20 1.6042e+22 1.2017e+21 7.0393e-02 2.8524e-02 5.1927e+04 5.8819e+04
4.0600e+03 5.3343e-12 6.0207e-01 1.5061e+03 2.3330e+03 2.8921e+03 3.6506e+20 1.6168e+22 1.2110e+21 7.0224e-02 2.8448e-02 5.2039e+04 5.8953e+04
4.0700e+03 5.3228e-12 6.0222e-01 1.5058e+03 2.3324e+03 2.8912e+03 3.6733e+20 1.6294e+22 1.2203e+21 7.0055e-02 2.8372e-02 5.2151e+04 5.9087e+04
4.0800e+03 5.3113e-12 6.0237e-01 1.5055e+03 2.3318e+03 2.8903e+03 3.6960e+20 1.6421e+22 1.2297e+21 6.9886e-02 2.8296e-02 5.2263e+04 5.9222e+04
4.0900e+03 5.3000e-12 6.0252e-01 1.5052e+03 2.3311e+03 2.8895e+03 3.7188e+20 1.6549e+22 1.2391e+21 6.9719e-02 2.8220e-02 5.2375e+04 5.9356e+04
4.1000e+03 5.2886e-12 6.0268e-01 1.5048e+03 2.3305e+03 2.8886e+03 3.7417e+20 1.6677e+22 1.2486e+21 6.9552e-02 2.8145e-02 5.2487e+04 5.9490e+04
4.1100e+03 5.2773e-12 6.0283e-01 1.5045e+03 2.3299e+03 2.8878e+03 3.7647e+20 1.6806e+22 1.2581e+21 6.9386e-02 2.8071e-02 5.2598e+04 5.9624e+04
4.1200e+03 5.2661e-12 6.0298e-01 1.5042e+03 2.3292e+03 2.8869e+03 3.7877e+20 1.6936e+22 1.2677e+21 6.9221e-02 2.7996e-02 5.2710e+04 5.9758e+04
4.1300e+03 5.2549e-12 6.0313e-01 1.5039e+03 2.3286e+03 2.8861e+03 3.8109e+20 1.7066e+22 1.2773e+21 6.9056e-02 2.7922e-02 5.2822e+04 5.9893e+04
4.1400e+03 5.2437e-12 6.0328e-01 1.5036e+03 2.3280e+03 2.8852e+03 3.8342e+20 1.7198e+22 1.2870e+21 6.8893e-02 2.7849e-02 5.2934e+04 6.0027e+04
4.1500e+03 5.2326e-12 6.0343e-01 1.5033e+03 2.3274e+03 2.8844e+03 3.8575e+20 1.7329e+22 1.2967e+21 6.8730e-02 2.7775e-02 5.3046e+04 6.0161e+04
4.1600e+03 5.2216e-12 6.0359e-01 1.5030e+03 2.3267e+03 2.8835e+03 3.8810e+20 1.7462e+22 1.3065e+21 6.8567e-02 2.7703e-02 5.3158e+04 6.0295e+04
4.1700e+03 5.2106e-12 6.0374e-01 1.5026e+03 2.3261e+03 2.8827e+03 3.9045e+20 1.7595e+22 1.3164e+21 6.8406e-02 2.7630e-02 5.3269e+04 6.0430e+04
4.1800e+03 5.1997e-12 6.0389e-01 1.5023e+03 2.3255e+03 2.8818e+03 3.9282e+20 1.7730e+22 1.3263e+21 6.8245e-02 2.7558e-02 5.3381e+04 6.0564e+04
4.1900e+03 5.1888e-12 6.0404e-01 1.5020e+03 2.3249e+03 2.8810e+03 3.9519e+20 1.7864e+22 1.3362e+21 6.8085e-02 2.7486e-02 5.3493e+04 6.0698e+04
4.2000e+03 5.1779e-12 6.0419e-01 1.5017e+03 2.3243e+03 2.8802e+03 3.9757e+20 1.8000e+22 1.3462e+21 6.7926e-02 2.7414e-02 5.3605e+04 6.0832e+04
4.2100e+03 5.1671e-12 6.0434e-01 1.5014e+03 2.3237e+03 2.8793e+03 3.9997e+20 1.8136e+22 1.3563e+21 6.7767e-02 2.7343e-02 5.3717e+04 6.0967e+04
4.2200e+03 5.1564e-12 6.0449e-01 1.5011e+03 2.3230e+03 2.8785e+03 4.0237e+20 1.8273e+22 1.3664e+21 6.7609e-02 2.7272e-02 5.3829e+04 6.1101e+04
4.2300e+03 5.1457e-12 6.0464e-01 1.5008e+03 2.3224e+03 2.8777e+03 4.0478e+20 1.8411e+22 1.3766e+21 6.7452e-02 2.7202e-02 5.3941e+04 6.1235e+04
4.2400e+03 5.1350e-12 6.0479e-01 1.5005e+03 2.3218e+03 2.8768e+03 4.0720e+20 1.8549e+22 1.3868e+21 6.7296e-02 2.7132e-02 5.4052e+04 6.1370e+04
4.2500e+03 5.1244e-12 6.0494e-01 1.5002e+03 2.3212e+03 2.8760e+03 4.0963e+20 1.8689e+22 1.3971e+21 6.7140e-02 2.7062e-02 5.4164e+04 6.1504e+04
4.2600e+03 5.1138e-12 6.0509e-01 1.4999e+03 2.3206e+03 2.8752e+03 4.1207e+20 1.8829e+22 1.4074e+21 6.6985e-02 2.6993e-02 5.4276e+04 6.1638e+04
4.2700e+03 5.1033e-12 6.0524e-01 1.4996e+03 2.3200e+03 2.8744e+03 4.1452e+20 1.8969e+22 1.4178e+21 6.6830e-02 2.6923e-02 5.4388e+04 6.1772e+04
4.2800e+03 5.0928e-12 6.0539e-01 1.4993e+03 2.3194e+03 2.8735e+03 4.1698e+20 1.9111e+22 1.4283e+21 6.6676e-02 2.6855e-02 5.4500e+04 6.1907e+04
4.2900e+03 5.0824e-12 6.0554e-01 1.4990e+03 2.3188e+03 2.8727e+03 4.1945e+20 1.9253e+22 1.4388e+21 6.6523e-02 2.6786e-02 5.4612e+04 6.2041e+04
4.3000e+03 5.0720e-12 6.0569e-01 1.4987e+03 2.3182e+03 2.8719e+03 4.2193e+20 1.9396e+22 1.4494e+21 6.6371e-02 2.6718e-02 5.4723e+04 6.2175e+04
4.3100e+03 5.0617e-12 6.0584e-01 1.4984e+03 2.3176e+03 2.8711e+03 4.2441e+20 1.9540e+22 1.4600e+21 6.6219e-02 2.6650e-02 5.4835e+04 6.2310e+04
4.3200e+03 5.0514e-12 6.0599e-01 1.4981e+03 2.3170e+03 2.8703e+03 4.2691e+20 1.9684e+22 1.4707e+21 6.6068e-02 2.6582e-02 5.4947e+04 6.2444e+04
4.3300e+03 5.0411e-12 6.0614e-01 1.4978e+03 2.3164e+03 2.8695e+03 4.2942e+20 1.9829e+22 1.4814e+21 6.5918e-02 2.6515e-02 5.5059e+04 6.2578e+04
4.3400e+03 5.0309e-12 6.0629e-01 1.4975e+03 2.3158e+03 2.8687e+03 4.3193e+20 1.9975e+22 1.4922e+21 6.5768e-02 2.6448e-02 5.5171e+04 6.2712e+04
4.3500e+03 5.0207e-12 6.0644e-01 1.4972e+03 2.3152e+03 2.8679e+03 4.3446e+20 2.0122e+22 1.5030e+21 6.5619e-02 2.6382e-02 5.5283e+04 6.2847e+04
4.3600e+03 5.0106e-12 6.0659e-01 1.4969e+03 2.3146e+03 2.8671e+03 4.3699e+20 2.0270e+22 1.5139e+21 6.5471e-02 2.6315e-02 5.5394e+04 6.2981e+04
4.3700e+03 5.0005e-12 6.0674e-01 1.4966e+03 2.3140e+03 2.8663e+03 4.3954e+20 2.0418e+22 1.5249e+21 6.5323e-02 2.6249e-02 5.5506e+04 6.3115e+04
4.3800e+03 4.9905e-12 6.0689e-01 1.4963e+03 2.3134e+03 2.8655e+03 4.4209e+20 2.0567e+22 1.5359e+21 6.5176e-02 2.6184e-02 5.5618e+04 6.3250e+04
4.3900e+03 4.9805e-12 6.0704e-01 1.4960e+03 2.3129e+03 2.8647e+03 4.4466e+20 2.0717e+22 1.5470e+21 6.5029e-02 2.6118e-02 5.5730e+04 6.3384e+04
4.4000e+03 4.9706e-12 6.0719e-01 1.4957e+03 2.3123e+03 2.8639e+03 4.4723e+20 2.0867e+22 1.5581e+21 6.4883e-02 2.6053e-02 5.5842e+04 6.3518e+04
4.4100e+03 4.9607e-12 6.0734e-01 1.4954e+03 2.3117e+03 2.8631e+03 4.4982e+20 2.1019e+22 1.5693e+21 6.4738e-02 2.5988e-02 5.5954e+04 6.3653e+04
4.4200e+03 4.9508e-12 6.0749e-01 1.4952e+03 2.3111e+03 2.8623e+03 4.5241e+20 2.1171e+22 1.5806e+21 6.4593e-02 2.5924e-02 5.6065e+04 6.3787e+04
4.4300e+03 4.9410e-12 6.0764e-01 1.4949e+03 2.3105e+03 2.8615e+03 4.5501e+20 2.1324e+22 1.5919e+21 6.4450e-02 2.5860e-02 5.6177e+04 6.3921e+04
4.4400e+03 4.9312e-12 6.0779e-01 1.4946e+03 2.3099e+03 2.8607e+03 4.5763e+20 2.1478e+22 1.6032e+21 6.4306e-02 2.5796e-02 5.6289e+04 6.4056e+04
4.4500e+03 4.9215e-12 6.0794e-01 1.4943e+03 2.3094e+03 2.8599e+03 4.6025e+20 2.1632e+22 1.6147e+21 6.4163e-02 2.5732e-02 5.6401e+04 6.4190e+04
4.4600e+03 4.9118e-12 6.0809e-01 1.4940e+03 2.3088e+03 2.8592e+03 4.6288e+20 2.1787e+22 1.6262e+21 6.4021e-02 2.5669e-02 5.6513e+04 6.4324e+04
4.4700e+03 4.9021e-12 6.0824e-01 1.4937e+03 2.3082e+03 2.8584e+03 4.6553e+20 2.1944e+22 1.6377e+21 6.3880e-02 2.5606e-02 5.6625e+04 6.4458e+04
4.4800e+03 4.8925e-12 6.0838e-01 1.4934e+03 2.3076e+03 2.8576e+03 4.6818e+20 2.2100e+22 1.6493e+21 6.3739e-02 2.5543e-02 5.6736e+04 6.4593e+04
4.4900e+03 4.8829e-12 6.0853e-01 1.4932e+03 2.3071e+03 2.8568e+03 4.7084e+20 2.2258e+22 1.6610e+21 6.3598e-02 2.5480e-02 5.6848e+04 6.4727e+04
4.5000e+03 4.8734e-12 6.0868e-01 1.4929e+03 2.3065e+03 2.8560e+03 4.7351e+20 2.2417e+22 1.6727e+21 6.3459e-02 2.5418e-02 5.6960e+04 6.4861e+04
4.5100e+03 4.8639e-12 6.0883e-01 1.4926e+03 2.3059e+03 2.8553e+03 4.7619e+20 2.2576e+22 1.6845e+21 6.3320e-02 2.5356e-02 5.7072e+04 6.4996e+04
4.5200e+03 4.8544e-12 6.0898e-01 1.4923e+03 2.3054e+03 2.8545e+03 4.7889e+20 2.2736e+22 1.6963e+21 6.3181e-02 2.5295e-02 5.7183e+04 6.5130e+04
4.5300e+03 4.8450e-12 6.0913e-01 1.4920e+03 2.3048e+03 2.8537e+03 4.8159e+20 2.2897e+22 1.7082e+21 6.3043e-02 2.5233e-02 5.7295e+04 6.5264e+04
4.5400e+03 4.8356e-12 6.0928e-01 1.4917e+03 2.3042e+03 2.8530e+03 4.8430e+20 2.3058e+22 1.7202e+21 6.2906e-02 2.5172e-02 5.7407e+04 6.5399e+04
4.5500e+03 0.0000e+00 0.0000e+00 1.4915e+03 0.0000e+00 2.8522e+03 0.0000e+00 0.0000e+00 0.0000e+00 0.0000e+00 0.0000e+00 0.0000e+00 0.0000e+00
