0.0000e+00 2.3990e-11 8.7484e-01 1.7000e+03 2.6764e+03 4.0000e+03 2.2229e+19 3.8940e+19 1.0059e+18 2.1735e-01 5.3419e-01 1.9489e+04 7.4332e+03
1.0000e+01 2.3855e-11 7.6225e-01 1.7105e+03 2.7172e+03 3.9838e+03 1.5404e+19 3.5895e+19 1.0849e+18 2.4804e-01 5.0506e-01 1.7204e+04 7.5230e+03
2.0000e+01 2.3720e-11 7.2078e-01 1.7193e+03 2.7343e+03 3.9684e+03 1.3578e+19 3.5688e+19 1.1658e+18 2.6084e-01 4.8484e-01 1.6462e+04 7.6362e+03
3.0000e+01 2.3586e-11 6.8760e-01 1.7272e+03 2.7486e+03 3.9536e+03 1.2257e+19 3.5727e+19 1.2499e+18 2.7188e-01 4.6640e-01 1.5880e+04 7.7510e+03
4.0000e+01 2.3454e-11 6.5905e-01 1.7343e+03 2.7615e+03 3.9395e+03 1.1195e+19 3.5876e+19 1.3371e+18 2.8206e-01 4.4925e-01 1.5383e+04 7.8663e+03
5.0000e+01 2.3322e-11 6.3428e-01 1.7407e+03 2.7730e+03 3.9258e+03 1.0330e+19 3.6123e+19 1.4275e+18 2.9143e-01 4.3327e-01 1.4954e+04 7.9821e+03
6.0000e+01 2.3191e-11 6.1274e-01 1.7464e+03 2.7833e+03 3.9126e+03 9.6206e+18 3.6463e+19 1.5212e+18 2.9999e-01 4.1836e-01 1.4584e+04 8.0985e+03
7.0000e+01 2.3062e-11 5.9396e-01 1.7514e+03 2.7924e+03 3.8999e+03 9.0355e+18 3.6892e+19 1.6181e+18 3.0774e-01 4.0442e-01 1.4266e+04 8.2155e+03
8.0000e+01 2.2933e-11 5.7754e-01 1.7559e+03 2.8004e+03 3.8876e+03 8.5513e+18 3.7406e+19 1.7183e+18 3.1472e-01 3.9139e-01 1.3992e+04 8.3331e+03
9.0000e+01 2.2805e-11 5.6318e-01 1.7598e+03 2.8075e+03 3.8757e+03 8.1496e+18 3.8001e+19 1.8219e+18 3.2095e-01 3.7918e-01 1.3757e+04 8.4513e+03
1.0000e+02 2.2678e-11 5.5059e-01 1.7632e+03 2.8137e+03 3.8641e+03 7.8161e+18 3.8674e+19 1.9288e+18 3.2646e-01 3.6773e-01 1.3557e+04 8.5701e+03
1.1000e+02 2.2553e-11 5.3956e-01 1.7662e+03 2.8190e+03 3.8530e+03 7.5395e+18 3.9424e+19 2.0392e+18 3.3129e-01 3.5697e-01 1.3386e+04 8.6895e+03
1.2000e+02 2.2428e-11 5.2987e-01 1.7687e+03 2.8236e+03 3.8421e+03 7.3110e+18 4.0249e+19 2.1530e+18 3.3548e-01 3.4686e-01 1.3241e+04 8.8094e+03
1.3000e+02 2.2304e-11 5.2138e-01 1.7709e+03 2.8274e+03 3.8315e+03 7.1231e+18 4.1146e+19 2.2704e+18 3.3906e-01 3.3734e-01 1.3121e+04 8.9298e+03
1.4000e+02 2.2181e-11 5.1393e-01 1.7727e+03 2.8307e+03 3.8213e+03 6.9702e+18 4.2114e+19 2.3914e+18 3.4207e-01 3.2836e-01 1.3021e+04 9.0507e+03
1.5000e+02 2.2059e-11 5.0741e-01 1.7742e+03 2.8333e+03 3.8113e+03 6.8473e+18 4.3152e+19 2.5160e+18 3.4457e-01 3.1988e-01 1.2940e+04 9.1721e+03
1.6000e+02 2.1937e-11 5.0170e-01 1.7754e+03 2.8354e+03 3.8016e+03 6.7506e+18 4.4259e+19 2.6443e+18 3.4657e-01 3.1187e-01 1.2875e+04 9.2939e+03
1.7000e+02 2.1817e-11 4.9672e-01 1.7763e+03 2.8370e+03 3.7921e+03 6.6768e+18 4.5434e+19 2.7763e+18 3.4813e-01 3.0428e-01 1.2825e+04 9.4162e+03
1.8000e+02 2.1698e-11 4.9238e-01 1.7769e+03 2.8382e+03 3.7828e+03 6.6233e+18 4.6676e+19 2.9122e+18 3.4927e-01 2.9708e-01 1.2789e+04 9.5388e+03
1.9000e+02 2.1579e-11 4.8861e-01 1.7774e+03 2.8390e+03 3.7738e+03 6.5876e+18 4.7985e+19 3.0520e+18 3.5004e-01 2.9025e-01 1.2765e+04 9.6618e+03
2.0000e+02 2.1462e-11 4.8536e-01 1.7776e+03 2.8394e+03 3.7650e+03 6.5679e+18 4.9360e+19 3.1958e+18 3.5047e-01 2.8376e-01 1.2751e+04 9.7851e+03
2.1000e+02 2.1345e-11 4.8256e-01 1.7777e+03 2.8395e+03 3.7563e+03 6.5626e+18 5.0802e+19 3.3435e+18 3.5058e-01 2.7758e-01 1.2748e+04 9.9087e+03
2.2000e+02 2.1229e-11 4.8018e-01 1.7776e+03 2.8393e+03 3.7479e+03 6.5703e+18 5.2310e+19 3.4954e+18 3.5041e-01 2.7169e-01 1.2753e+04 1.0033e+04
2.3000e+02 2.1114e-11 4.7815e-01 1.7773e+03 2.8388e+03 3.7396e+03 6.5898e+18 5.3883e+19 3.6514e+18 3.4999e-01 2.6607e-01 1.2766e+04 1.0157e+04
2.4000e+02 2.1000e-11 4.7646e-01 1.7770e+03 2.8381e+03 3.7315e+03 6.6201e+18 5.5522e+19 3.8117e+18 3.4933e-01 2.6070e-01 1.2787e+04 1.0281e+04
2.5000e+02 2.0886e-11 4.7506e-01 1.7764e+03 2.8371e+03 3.7236e+03 6.6602e+18 5.7227e+19 3.9763e+18 3.4847e-01 2.5557e-01 1.2814e+04 1.0406e+04
2.6000e+02 2.0774e-11 4.7393e-01 1.7758e+03 2.8360e+03 3.7158e+03 6.7094e+18 5.8999e+19 4.1452e+18 3.4742e-01 2.5065e-01 1.2847e+04 1.0531e+04
2.7000e+02 2.0662e-11 4.7304e-01 1.7751e+03 2.8346e+03 3.7082e+03 6.7671e+18 6.0836e+19 4.3186e+18 3.4620e-01 2.4594e-01 1.2886e+04 1.0656e+04
2.8000e+02 2.0551e-11 4.7236e-01 1.7743e+03 2.8331e+03 3.7007e+03 6.8326e+18 6.2739e+19 4.4965e+18 3.4484e-01 2.4141e-01 1.2930e+04 1.0781e+04
2.9000e+02 2.0441e-11 4.7187e-01 1.7734e+03 2.8315e+03 3.6934e+03 6.9055e+18 6.4710e+19 4.6791e+18 3.4335e-01 2.3707e-01 1.2978e+04 1.0907e+04
3.0000e+02 2.0332e-11 4.7156e-01 1.7724e+03 2.8297e+03 3.6862e+03 6.9853e+18 6.6747e+19 4.8663e+18 3.4174e-01 2.3289e-01 1.3031e+04 1.1032e+04
3.1000e+02 2.0224e-11 4.7140e-01 1.7714e+03 2.8279e+03 3.6791e+03 7.0716e+18 6.8852e+19 5.0582e+18 3.4003e-01 2.2887e-01 1.3088e+04 1.1158e+04
3.2000e+02 2.0116e-11 4.7138e-01 1.7703e+03 2.8259e+03 3.6721e+03 7.1639e+18 7.1024e+19 5.2550e+18 3.3823e-01 2.2499e-01 1.3147e+04 1.1284e+04
3.3000e+02 2.0009e-11 4.7150e-01 1.7692e+03 2.8238e+03 3.6653e+03 7.2621e+18 7.3265e+19 5.4567e+18 3.3636e-01 2.2125e-01 1.3211e+04 1.1410e+04
3.4000e+02 1.9903e-11 4.7172e-01 1.7680e+03 2.8216e+03 3.6585e+03 7.3659e+18 7.5574e+19 5.6633e+18 3.3441e-01 2.1765e-01 1.3277e+04 1.1536e+04
3.5000e+02 1.9798e-11 4.7205e-01 1.7668e+03 2.8194e+03 3.6519e+03 7.4749e+18 7.7953e+19 5.8750e+18 3.3241e-01 2.1416e-01 1.3346e+04 1.1662e+04
3.6000e+02 1.9693e-11 4.7247e-01 1.7655e+03 2.8171e+03 3.6454e+03 7.5890e+18 8.0401e+19 6.0918e+18 3.3036e-01 2.1079e-01 1.3417e+04 1.1788e+04
3.7000e+02 1.9589e-11 4.7297e-01 1.7642e+03 2.8147e+03 3.6390e+03 7.7079e+18 8.2920e+19 6.3139e+18 3.2827e-01 2.0754e-01 1.3491e+04 1.1915e+04
3.8000e+02 1.9486e-11 4.7355e-01 1.7629e+03 2.8123e+03 3.6327e+03 7.8315e+18 8.5510e+19 6.5412e+18 3.2615e-01 2.0438e-01 1.3566e+04 1.2041e+04
3.9000e+02 1.9384e-11 4.7420e-01 1.7616e+03 2.8099e+03 3.6265e+03 7.9596e+18 8.8171e+19 6.7738e+18 3.2400e-01 2.0133e-01 1.3644e+04 1.2168e+04
4.0000e+02 1.9283e-11 4.7490e-01 1.7602e+03 2.8074e+03 3.6203e+03 8.0921e+18 9.0904e+19 7.0119e+18 3.2182e-01 1.9836e-01 1.3724e+04 1.2295e+04
4.1000e+02 1.9182e-11 4.7566e-01 1.7588e+03 2.8049e+03 3.6143e+03 8.2288e+18 9.3710e+19 7.2555e+18 3.1963e-01 1.9549e-01 1.3805e+04 1.2421e+04
4.2000e+02 1.9082e-11 4.7647e-01 1.7574e+03 2.8023e+03 3.6084e+03 8.3696e+18 9.6590e+19 7.5047e+18 3.1743e-01 1.9270e-01 1.3888e+04 1.2548e+04
4.3000e+02 1.8983e-11 4.7731e-01 1.7560e+03 2.7998e+03 3.6025e+03 8.5144e+18 9.9543e+19 7.7596e+18 3.1521e-01 1.8999e-01 1.3972e+04 1.2675e+04
4.4000e+02 1.8884e-11 4.7820e-01 1.7546e+03 2.7972e+03 3.5967e+03 8.6631e+18 1.0257e+20 8.0202e+18 3.1300e-01 1.8736e-01 1.4057e+04 1.2802e+04
4.5000e+02 1.8786e-11 4.7912e-01 1.7532e+03 2.7946e+03 3.5910e+03 8.8156e+18 1.0568e+20 8.2866e+18 3.1078e-01 1.8480e-01 1.4144e+04 1.2929e+04
4.6000e+02 1.8689e-11 4.8007e-01 1.7517e+03 2.7920e+03 3.5854e+03 8.9718e+18 1.0886e+20 8.5590e+18 3.0856e-01 1.8231e-01 1.4231e+04 1.3056e+04
4.7000e+02 1.8593e-11 4.8104e-01 1.7503e+03 2.7894e+03 3.5799e+03 9.1317e+18 1.1211e+20 8.8373e+18 3.0635e-01 1.7989e-01 1.4320e+04 1.3183e+04
4.8000e+02 1.8497e-11 4.8203e-01 1.7489e+03 2.7867e+03 3.5744e+03 9.2951e+18 1.1545e+20 9.1216e+18 3.0414e-01 1.7753e-01 1.4410e+04 1.3310e+04
4.9000e+02 1.8402e-11 4.8305e-01 1.7474e+03 2.7841e+03 3.5690e+03 9.4621e+18 1.1886e+20 9.4121e+18 3.0194e-01 1.7523e-01 1.4500e+04 1.3438e+04
5.0000e+02 1.8307e-11 4.8408e-01 1.7460e+03 2.7815e+03 3.5637e+03 9.6326e+18 1.2236e+20 9.7088e+18 2.9976e-01 1.7299e-01 1.4592e+04 1.3565e+04
5.1000e+02 1.8214e-11 4.8512e-01 1.7445e+03 2.7788e+03 3.5584e+03 9.8064e+18 1.2593e+20 1.0012e+19 2.9758e-01 1.7081e-01 1.4684e+04 1.3692e+04
5.2000e+02 1.8121e-11 4.8618e-01 1.7431e+03 2.7762e+03 3.5532e+03 9.9836e+18 1.2958e+20 1.0321e+19 2.9542e-01 1.6868e-01 1.4777e+04 1.3819e+04
5.3000e+02 1.8028e-11 4.8724e-01 1.7416e+03 2.7736e+03 3.5481e+03 1.0164e+19 1.3332e+20 1.0637e+19 2.9327e-01 1.6660e-01 1.4870e+04 1.3947e+04
5.4000e+02 1.7937e-11 4.8831e-01 1.7402e+03 2.7710e+03 3.5430e+03 1.0348e+19 1.3714e+20 1.0959e+19 2.9114e-01 1.6457e-01 1.4964e+04 1.4074e+04
5.5000e+02 1.7846e-11 4.8939e-01 1.7388e+03 2.7683e+03 3.5380e+03 1.0535e+19 1.4104e+20 1.1288e+19 2.8902e-01 1.6259e-01 1.5059e+04 1.4201e+04
5.6000e+02 1.7755e-11 4.9047e-01 1.7373e+03 2.7657e+03 3.5331e+03 1.0725e+19 1.4503e+20 1.1624e+19 2.8693e-01 1.6065e-01 1.5154e+04 1.4329e+04
5.7000e+02 1.7666e-11 4.9156e-01 1.7359e+03 2.7631e+03 3.5282e+03 1.0919e+19 1.4910e+20 1.1967e+19 2.8485e-01 1.5876e-01 1.5249e+04 1.4456e+04
5.8000e+02 1.7577e-11 4.9264e-01 1.7345e+03 2.7605e+03 3.5233e+03 1.1116e+19 1.5326e+20 1.2316e+19 2.8279e-01 1.5692e-01 1.5345e+04 1.4584e+04
5.9000e+02 1.7488e-11 4.9373e-01 1.7331e+03 2.7579e+03 3.5186e+03 1.1316e+19 1.5750e+20 1.2672e+19 2.8074e-01 1.5511e-01 1.5442e+04 1.4711e+04
6.0000e+02 1.7400e-11 4.9481e-01 1.7317e+03 2.7554e+03 3.5138e+03 1.1519e+19 1.6184e+20 1.3035e+19 2.7872e-01 1.5334e-01 1.5539e+04 1.4839e+04
6.1000e+02 1.7313e-11 4.9590e-01 1.7303e+03 2.7528e+03 3.5092e+03 1.1725e+19 1.6626e+20 1.3406e+19 2.7672e-01 1.5161e-01 1.5636e+04 1.4966e+04
6.2000e+02 1.7227e-11 4.9698e-01 1.7289e+03 2.7503e+03 3.5046e+03 1.1934e+19 1.7077e+20 1.3783e+19 2.7474e-01 1.4992e-01 1.5733e+04 1.5094e+04
6.3000e+02 1.7141e-11 4.9805e-01 1.7275e+03 2.7477e+03 3.5000e+03 1.2146e+19 1.7537e+20 1.4168e+19 2.7278e-01 1.4827e-01 1.5831e+04 1.5221e+04
6.4000e+02 1.7055e-11 4.9912e-01 1.7261e+03 2.7452e+03 3.4955e+03 1.2361e+19 1.8007e+20 1.4560e+19 2.7084e-01 1.4665e-01 1.5929e+04 1.5349e+04
6.5000e+02 1.6971e-11 5.0019e-01 1.7247e+03 2.7427e+03 3.4910e+03 1.2580e+19 1.8485e+20 1.4960e+19 2.6892e-01 1.4506e-01 1.6028e+04 1.5477e+04
6.6000e+02 1.6887e-11 5.0125e-01 1.7233e+03 2.7402e+03 3.4866e+03 1.2801e+19 1.8973e+20 1.5367e+19 2.6702e-01 1.4350e-01 1.6126e+04 1.5604e+04
6.7000e+02 1.6803e-11 5.0231e-01 1.7220e+03 2.7377e+03 3.4823e+03 1.3026e+19 1.9471e+20 1.5782e+19 2.6514e-01 1.4198e-01 1.6225e+04 1.5732e+04
6.8000e+02 1.6720e-11 5.0335e-01 1.7206e+03 2.7352e+03 3.4779e+03 1.3253e+19 1.9978e+20 1.6204e+19 2.6328e-01 1.4049e-01 1.6324e+04 1.5860e+04
6.9000e+02 1.6638e-11 5.0439e-01 1.7193e+03 2.7328e+03 3.4737e+03 1.3484e+19 2.0495e+20 1.6634e+19 2.6144e-01 1.3902e-01 1.6424e+04 1.5987e+04
7.0000e+02 1.6556e-11 5.0543e-01 1.7180e+03 2.7304e+03 3.4694e+03 1.3718e+19 2.1021e+20 1.7072e+19 2.5963e-01 1.3759e-01 1.6523e+04 1.6115e+04
7.1000e+02 1.6475e-11 5.0645e-01 1.7166e+03 2.7279e+03 3.4653e+03 1.3954e+19 2.1557e+20 1.7518e+19 2.5783e-01 1.3618e-01 1.6623e+04 1.6243e+04
7.2000e+02 1.6394e-11 5.0747e-01 1.7153e+03 2.7255e+03 3.4611e+03 1.4194e+19 2.2104e+20 1.7972e+19 2.5606e-01 1.3480e-01 1.6723e+04 1.6371e+04
7.3000e+02 1.6314e-11 5.0848e-01 1.7140e+03 2.7231e+03 3.4570e+03 1.4437e+19 2.2660e+20 1.8434e+19 2.5430e-01 1.3345e-01 1.6822e+04 1.6498e+04
7.4000e+02 1.6235e-11 5.0948e-01 1.7127e+03 2.7207e+03 3.4530e+03 1.4683e+19 2.3226e+20 1.8904e+19 2.5257e-01 1.3212e-01 1.6923e+04 1.6626e+04
7.5000e+02 1.6156e-11 5.1047e-01 1.7114e+03 2.7184e+03 3.4489e+03 1.4931e+19 2.3803e+20 1.9382e+19 2.5085e-01 1.3081e-01 1.7023e+04 1.6754e+04
7.6000e+02 1.6078e-11 5.1145e-01 1.7101e+03 2.7160e+03 3.4450e+03 1.5183e+19 2.4390e+20 1.9869e+19 2.4916e-01 1.2953e-01 1.7123e+04 1.6882e+04
7.7000e+02 1.6000e-11 5.1242e-01 1.7088e+03 2.7137e+03 3.4410e+03 1.5438e+19 2.4988e+20 2.0364e+19 2.4748e-01 1.2828e-01 1.7224e+04 1.7010e+04
7.8000e+02 1.5923e-11 5.1338e-01 1.7076e+03 2.7114e+03 3.4371e+03 1.5696e+19 2.5596e+20 2.0868e+19 2.4582e-01 1.2704e-01 1.7324e+04 1.7137e+04
7.9000e+02 1.5846e-11 5.1433e-01 1.7063e+03 2.7091e+03 3.4332e+03 1.5957e+19 2.6215e+20 2.1380e+19 2.4419e-01 1.2583e-01 1.7425e+04 1.7265e+04
8.0000e+02 1.5770e-11 5.1528e-01 1.7050e+03 2.7068e+03 3.4294e+03 1.6221e+19 2.6844e+20 2.1901e+19 2.4257e-01 1.2464e-01 1.7525e+04 1.7393e+04
8.1000e+02 1.5694e-11 5.1621e-01 1.7038e+03 2.7045e+03 3.4256e+03 1.6488e+19 2.7485e+20 2.2431e+19 2.4097e-01 1.2347e-01 1.7626e+04 1.7521e+04
8.2000e+02 1.5619e-11 5.1713e-01 1.7026e+03 2.7022e+03 3.4219e+03 1.6758e+19 2.8136e+20 2.2970e+19 2.3939e-01 1.2232e-01 1.7727e+04 1.7649e+04
8.3000e+02 1.5544e-11 5.1804e-01 1.7013e+03 2.7000e+03 3.4182e+03 1.7032e+19 2.8799e+20 2.3517e+19 2.3783e-01 1.2119e-01 1.7828e+04 1.7777e+04
8.4000e+02 1.5470e-11 5.1895e-01 1.7001e+03 2.6978e+03 3.4145e+03 1.7308e+19 2.9473e+20 2.4074e+19 2.3628e-01 1.2009e-01 1.7929e+04 1.7905e+04
8.5000e+02 1.5397e-11 5.1984e-01 1.6989e+03 2.6955e+03 3.4108e+03 1.7588e+19 3.0158e+20 2.4640e+19 2.3475e-01 1.1899e-01 1.8030e+04 1.8033e+04
8.6000e+02 1.5324e-11 5.2072e-01 1.6977e+03 2.6933e+03 3.4072e+03 1.7870e+19 3.0854e+20 2.5215e+19 2.3324e-01 1.1792e-01 1.8132e+04 1.8161e+04
8.7000e+02 1.5251e-11 5.2160e-01 1.6965e+03 2.6912e+03 3.4036e+03 1.8156e+19 3.1563e+20 2.5799e+19 2.3175e-01 1.1687e-01 1.8233e+04 1.8289e+04
8.8000e+02 1.5179e-11 5.2246e-01 1.6953e+03 2.6890e+03 3.4001e+03 1.8445e+19 3.2283e+20 2.6393e+19 2.3028e-01 1.1583e-01 1.8334e+04 1.8417e+04
8.9000e+02 1.5108e-11 5.2331e-01 1.6941e+03 2.6868e+03 3.3965e+03 1.8737e+19 3.3014e+20 2.6996e+19 2.2882e-01 1.1481e-01 1.8436e+04 1.8545e+04
9.0000e+02 1.5037e-11 5.2416e-01 1.6930e+03 2.6847e+03 3.3930e+03 1.9032e+19 3.3758e+20 2.7609e+19 2.2738e-01 1.1381e-01 1.8537e+04 1.8673e+04
9.1000e+02 1.4966e-11 5.2499e-01 1.6918e+03 2.6825e+03 3.3896e+03 1.9330e+19 3.4513e+20 2.8231e+19 2.2595e-01 1.1282e-01 1.8639e+04 1.8801e+04
9.2000e+02 1.4896e-11 5.2581e-01 1.6906e+03 2.6804e+03 3.3861e+03 1.9632e+19 3.5281e+20 2.8863e+19 2.2454e-01 1.1185e-01 1.8740e+04 1.8929e+04
9.3000e+02 1.4827e-11 5.2663e-01 1.6895e+03 2.6783e+03 3.3827e+03 1.9936e+19 3.6061e+20 2.9505e+19 2.2315e-01 1.1089e-01 1.8842e+04 1.9057e+04
9.4000e+02 1.4757e-11 5.2743e-01 1.6884e+03 2.6762e+03 3.3794e+03 2.0244e+19 3.6853e+20 3.0157e+19 2.2177e-01 1.0995e-01 1.8943e+04 1.9185e+04
9.5000e+02 1.4689e-11 5.2822e-01 1.6872e+03 2.6742e+03 3.3760e+03 2.0555e+19 3.7658e+20 3.0819e+19 2.2041e-01 1.0902e-01 1.9045e+04 1.9313e+04
9.6000e+02 1.4621e-11 5.2901e-01 1.6861e+03 2.6721e+03 3.3727e+03 2.0870e+19 3.8476e+20 3.1491e+19 2.1906e-01 1.0811e-01 1.9147e+04 1.9441e+04
9.7000e+02 1.4553e-11 5.2978e-01 1.6850e+03 2.6700e+03 3.3694e+03 2.1187e+19 3.9306e+20 3.2173e+19 2.1773e-01 1.0721e-01 1.9249e+04 1.9569e+04
9.8000e+02 1.4486e-11 5.3055e-01 1.6839e+03 2.6680e+03 3.3662e+03 2.1508e+19 4.0149e+20 3.2866e+19 2.1641e-01 1.0633e-01 1.9350e+04 1.9698e+04
9.9000e+02 1.4419e-11 5.3131e-01 1.6828e+03 2.6660e+03 3.3629e+03 2.1832e+19 4.1005e+20 3.3568e+19 2.1510e-01 1.0546e-01 1.9452e+04 1.9826e+04
1.0000e+03 1.4353e-11 5.3205e-01 1.6817e+03 2.6640e+03 3.3597e+03 2.2160e+19 4.1874e+20 3.4282e+19 2.1382e-01 1.0460e-01 1.9554e+04 1.9954e+04
1.0100e+03 1.4287e-11 5.3279e-01 1.6806e+03 2.6620e+03 3.3565e+03 2.2490e+19 4.2756e+20 3.5006e+19 2.1254e-01 1.0376e-01 1.9656e+04 2.0082e+04
1.0200e+03 1.4222e-11 5.3352e-01 1.6795e+03 2.6600e+03 3.3534e+03 2.2824e+19 4.3652e+20 3.5740e+19 2.1128e-01 1.0293e-01 1.9758e+04 2.0210e+04
1.0300e+03 1.4157e-11 5.3424e-01 1.6784e+03 2.6580e+03 3.3502e+03 2.3162e+19 4.4561e+20 3.6486e+19 2.1003e-01 1.0211e-01 1.9860e+04 2.0339e+04
1.0400e+03 1.4092e-11 5.3495e-01 1.6773e+03 2.6560e+03 3.3471e+03 2.3503e+19 4.5484e+20 3.7242e+19 2.0880e-01 1.0130e-01 1.9962e+04 2.0467e+04
1.0500e+03 1.4028e-11 5.3565e-01 1.6763e+03 2.6541e+03 3.3441e+03 2.3847e+19 4.6420e+20 3.8009e+19 2.0758e-01 1.0050e-01 2.0064e+04 2.0595e+04
1.0600e+03 1.3965e-11 5.3635e-01 1.6752e+03 2.6522e+03 3.3410e+03 2.4194e+19 4.7370e+20 3.8787e+19 2.0637e-01 9.9720e-02 2.0166e+04 2.0723e+04
1.0700e+03 1.3902e-11 5.3703e-01 1.6742e+03 2.6502e+03 3.3380e+03 2.4545e+19 4.8335e+20 3.9576e+19 2.0517e-01 9.8947e-02 2.0268e+04 2.0852e+04
1.0800e+03 1.3839e-11 5.3771e-01 1.6731e+03 2.6483e+03 3.3350e+03 2.4899e+19 4.9313e+20 4.0377e+19 2.0399e-01 9.8185e-02 2.0371e+04 2.0980e+04
1.0900e+03 1.3777e-11 5.3837e-01 1.6721e+03 2.6464e+03 3.3320e+03 2.5257e+19 5.0305e+20 4.1188e+19 2.0282e-01 9.7434e-02 2.0473e+04 2.1108e+04
1.1000e+03 1.3715e-11 5.3903e-01 1.6711e+03 2.6445e+03 3.3290e+03 2.5618e+19 5.1312e+20 4.2012e+19 2.0166e-01 9.6694e-02 2.0575e+04 2.1237e+04
1.1100e+03 1.3653e-11 5.3969e-01 1.6700e+03 2.6426e+03 3.3261e+03 2.5983e+19 5.2334e+20 4.2846e+19 2.0052e-01 9.5964e-02 2.0677e+04 2.1365e+04
1.1200e+03 1.3592e-11 5.4033e-01 1.6690e+03 2.6408e+03 3.3231e+03 2.6351e+19 5.3370e+20 4.3693e+19 1.9938e-01 9.5244e-02 2.0780e+04 2.1493e+04
1.1300e+03 1.3532e-11 5.4096e-01 1.6680e+03 2.6389e+03 3.3203e+03 2.6723e+19 5.4420e+20 4.4551e+19 1.9826e-01 9.4534e-02 2.0882e+04 2.1622e+04
1.1400e+03 1.3471e-11 5.4159e-01 1.6670e+03 2.6371e+03 3.3174e+03 2.7098e+19 5.5486e+20 4.5420e+19 1.9715e-01 9.3834e-02 2.0984e+04 2.1750e+04
1.1500e+03 1.3412e-11 5.4221e-01 1.6660e+03 2.6352e+03 3.3145e+03 2.7477e+19 5.6566e+20 4.6302e+19 1.9605e-01 9.3143e-02 2.1087e+04 2.1879e+04
1.1600e+03 1.3352e-11 5.4282e-01 1.6650e+03 2.6334e+03 3.3117e+03 2.7859e+19 5.7662e+20 4.7196e+19 1.9496e-01 9.2462e-02 2.1189e+04 2.2007e+04
1.1700e+03 1.3293e-11 5.4343e-01 1.6640e+03 2.6316e+03 3.3089e+03 2.8245e+19 5.8773e+20 4.8102e+19 1.9388e-01 9.1790e-02 2.1292e+04 2.2136e+04
1.1800e+03 1.3235e-11 5.4402e-01 1.6631e+03 2.6298e+03 3.3061e+03 2.8634e+19 5.9899e+20 4.9019e+19 1.9282e-01 9.1127e-02 2.1394e+04 2.2264e+04
1.1900e+03 1.3176e-11 5.4461e-01 1.6621e+03 2.6280e+03 3.3033e+03 2.9028e+19 6.1041e+20 4.9950e+19 1.9176e-01 9.0473e-02 2.1497e+04 2.2393e+04
1.2000e+03 1.3119e-11 5.4519e-01 1.6611e+03 2.6262e+03 3.3006e+03 2.9424e+19 6.2199e+20 5.0892e+19 1.9072e-01 8.9827e-02 2.1599e+04 2.2521e+04
1.2100e+03 1.3061e-11 5.4577e-01 1.6601e+03 2.6244e+03 3.2978e+03 2.9825e+19 6.3372e+20 5.1847e+19 1.8968e-01 8.9190e-02 2.1702e+04 2.2650e+04
1.2200e+03 1.3004e-11 5.4634e-01 1.6592e+03 2.6227e+03 3.2951e+03 3.0229e+19 6.4562e+20 5.2815e+19 1.8866e-01 8.8562e-02 2.1804e+04 2.2778e+04
1.2300e+03 1.2947e-11 5.4690e-01 1.6582e+03 2.6209e+03 3.2924e+03 3.0636e+19 6.5767e+20 5.3795e+19 1.8764e-01 8.7941e-02 2.1907e+04 2.2907e+04
1.2400e+03 1.2891e-11 5.4745e-01 1.6573e+03 2.6192e+03 3.2897e+03 3.1048e+19 6.6989e+20 5.4788e+19 1.8664e-01 8.7329e-02 2.2010e+04 2.3036e+04
1.2500e+03 1.2835e-11 5.4800e-01 1.6564e+03 2.6175e+03 3.2871e+03 3.1463e+19 6.8226e+20 5.5794e+19 1.8564e-01 8.6724e-02 2.2113e+04 2.3164e+04
1.2600e+03 1.2780e-11 5.4854e-01 1.6554e+03 2.6157e+03 3.2845e+03 3.1882e+19 6.9481e+20 5.6813e+19 1.8466e-01 8.6127e-02 2.2215e+04 2.3293e+04
1.2700e+03 1.2725e-11 5.4907e-01 1.6545e+03 2.6140e+03 3.2818e+03 3.2305e+19 7.0752e+20 5.7845e+19 1.8368e-01 8.5538e-02 2.2318e+04 2.3422e+04
1.2800e+03 1.2670e-11 5.4960e-01 1.6536e+03 2.6123e+03 3.2792e+03 3.2731e+19 7.2040e+20 5.8890e+19 1.8272e-01 8.4956e-02 2.2421e+04 2.3550e+04
1.2900e+03 1.2615e-11 5.5012e-01 1.6526e+03 2.6106e+03 3.2766e+03 3.3161e+19 7.3345e+20 5.9948e+19 1.8176e-01 8.4382e-02 2.2524e+04 2.3679e+04
1.3000e+03 1.2561e-11 5.5063e-01 1.6517e+03 2.6089e+03 3.2741e+03 3.3596e+19 7.4666e+20 6.1020e+19 1.8081e-01 8.3815e-02 2.2627e+04 2.3808e+04
1.3100e+03 1.2508e-11 5.5114e-01 1.6508e+03 2.6073e+03 3.2715e+03 3.4034e+19 7.6005e+20 6.2105e+19 1.7987e-01 8.3254e-02 2.2730e+04 2.3937e+04
1.3200e+03 1.2454e-11 5.5164e-01 1.6499e+03 2.6056e+03 3.2690e+03 3.4475e+19 7.7362e+20 6.3204e+19 1.7894e-01 8.2701e-02 2.2833e+04 2.4065e+04
1.3300e+03 1.2401e-11 5.5214e-01 1.6490e+03 2.6039e+03 3.2665e+03 3.4921e+19 7.8736e+20 6.4317e+19 1.7802e-01 8.2154e-02 2.2936e+04 2.4194e+04
1.3400e+03 1.2349e-11 5.5262e-01 1.6481e+03 2.6023e+03 3.2640e+03 3.5371e+19 8.0127e+20 6.5443e+19 1.7711e-01 8.1614e-02 2.3039e+04 2.4323e+04
1.3500e+03 1.2296e-11 5.5311e-01 1.6472e+03 2.6006e+03 3.2615e+03 3.5824e+19 8.1536e+20 6.6583e+19 1.7620e-01 8.1081e-02 2.3142e+04 2.4452e+04
1.3600e+03 1.2244e-11 5.5359e-01 1.6463e+03 2.5990e+03 3.2590e+03 3.6282e+19 8.2963e+20 6.7737e+19 1.7531e-01 8.0554e-02 2.3245e+04 2.4581e+04
1.3700e+03 1.2193e-11 5.5406e-01 1.6455e+03 2.5974e+03 3.2566e+03 3.6743e+19 8.4408e+20 6.8905e+19 1.7442e-01 8.0034e-02 2.3348e+04 2.4710e+04
1.3800e+03 1.2141e-11 5.5452e-01 1.6446e+03 2.5958e+03 3.2541e+03 3.7209e+19 8.5872e+20 7.0088e+19 1.7354e-01 7.9519e-02 2.3451e+04 2.4839e+04
1.3900e+03 1.2090e-11 5.5499e-01 1.6437e+03 2.5942e+03 3.2517e+03 3.7678e+19 8.7354e+20 7.1284e+19 1.7267e-01 7.9011e-02 2.3555e+04 2.4968e+04
1.4000e+03 1.2040e-11 5.5544e-01 1.6429e+03 2.5926e+03 3.2493e+03 3.8152e+19 8.8854e+20 7.2495e+19 1.7180e-01 7.8509e-02 2.3658e+04 2.5097e+04
1.4100e+03 1.1990e-11 5.5589e-01 1.6420e+03 2.5910e+03 3.2469e+03 3.8629e+19 9.0373e+20 7.3721e+19 1.7095e-01 7.8012e-02 2.3761e+04 2.5226e+04
1.4200e+03 1.1940e-11 5.5634e-01 1.6411e+03 2.5894e+03 3.2446e+03 3.9111e+19 9.1910e+20 7.4961e+19 1.7010e-01 7.7522e-02 2.3865e+04 2.5355e+04
1.4300e+03 1.1890e-11 5.5678e-01 1.6403e+03 2.5878e+03 3.2422e+03 3.9596e+19 9.3467e+20 7.6216e+19 1.6926e-01 7.7037e-02 2.3968e+04 2.5484e+04
1.4400e+03 1.1841e-11 5.5721e-01 1.6394e+03 2.5862e+03 3.2399e+03 4.0086e+19 9.5043e+20 7.7486e+19 1.6843e-01 7.6558e-02 2.4072e+04 2.5613e+04
1.4500e+03 1.1792e-11 5.5764e-01 1.6386e+03 2.5847e+03 3.2375e+03 4.0580e+19 9.6638e+20 7.8770e+19 1.6760e-01 7.6084e-02 2.4175e+04 2.5742e+04
1.4600e+03 1.1743e-11 5.5806e-01 1.6378e+03 2.5831e+03 3.2352e+03 4.1078e+19 9.8252e+20 8.0070e+19 1.6678e-01 7.5616e-02 2.4279e+04 2.5871e+04
1.4700e+03 1.1695e-11 5.5848e-01 1.6369e+03 2.5816e+03 3.2329e+03 4.1581e+19 9.9886e+20 8.1385e+19 1.6597e-01 7.5153e-02 2.4382e+04 2.6000e+04
1.4800e+03 1.1647e-11 5.5890e-01 1.6361e+03 2.5801e+03 3.2306e+03 4.2087e+19 1.0154e+21 8.2715e+19 1.6517e-01 7.4695e-02 2.4486e+04 2.6129e+04
1.4900e+03 1.1599e-11 5.5931e-01 1.6353e+03 2.5785e+03 3.2284e+03 4.2598e+19 1.0321e+21 8.4060e+19 1.6437e-01 7.4242e-02 2.4589e+04 2.6258e+04
1.5000e+03 1.1552e-11 5.5971e-01 1.6344e+03 2.5770e+03 3.2261e+03 4.3113e+19 1.0491e+21 8.5421e+19 1.6358e-01 7.3795e-02 2.4693e+04 2.6388e+04
1.5100e+03 1.1505e-11 5.6011e-01 1.6336e+03 2.5755e+03 3.2239e+03 4.3632e+19 1.0662e+21 8.6797e+19 1.6280e-01 7.3352e-02 2.4797e+04 2.6517e+04
1.5200e+03 1.1458e-11 5.6051e-01 1.6328e+03 2.5740e+03 3.2216e+03 4.4155e+19 1.0835e+21 8.8189e+19 1.6202e-01 7.2915e-02 2.4901e+04 2.6646e+04
1.5300e+03 1.1411e-11 5.6090e-01 1.6320e+03 2.5725e+03 3.2194e+03 4.4683e+19 1.1011e+21 8.9597e+19 1.6125e-01 7.2482e-02 2.5005e+04 2.6775e+04
1.5400e+03 1.1365e-11 5.6129e-01 1.6312e+03 2.5710e+03 3.2172e+03 4.5215e+19 1.1188e+21 9.1021e+19 1.6049e-01 7.2054e-02 2.5108e+04 2.6905e+04
1.5500e+03 1.1319e-11 5.6167e-01 1.6304e+03 2.5695e+03 3.2150e+03 4.5752e+19 1.1368e+21 9.2460e+19 1.5973e-01 7.1631e-02 2.5212e+04 2.7034e+04
1.5600e+03 1.1274e-11 5.6205e-01 1.6296e+03 2.5681e+03 3.2128e+03 4.6292e+19 1.1550e+21 9.3916e+19 1.5898e-01 7.1212e-02 2.5316e+04 2.7163e+04
1.5700e+03 1.1228e-11 5.6242e-01 1.6288e+03 2.5666e+03 3.2107e+03 4.6838e+19 1.1733e+21 9.5388e+19 1.5824e-01 7.0798e-02 2.5420e+04 2.7293e+04
1.5800e+03 1.1183e-11 5.6279e-01 1.6280e+03 2.5651e+03 3.2085e+03 4.7387e+19 1.1919e+21 9.6877e+19 1.5750e-01 7.0388e-02 2.5524e+04 2.7422e+04
1.5900e+03 1.1139e-11 5.6316e-01 1.6272e+03 2.5637e+03 3.2064e+03 4.7941e+19 1.2107e+21 9.8382e+19 1.5677e-01 6.9983e-02 2.5628e+04 2.7551e+04
1.6000e+03 1.1094e-11 5.6352e-01 1.6265e+03 2.5622e+03 3.2042e+03 4.8500e+19 1.2298e+21 9.9903e+19 1.5604e-01 6.9581e-02 2.5733e+04 2.7681e+04
1.6100e+03 1.1050e-11 5.6388e-01 1.6257e+03 2.5608e+03 3.2021e+03 4.9063e+19 1.2490e+21 1.0144e+20 1.5532e-01 6.9185e-02 2.5837e+04 2.7810e+04
1.6200e+03 1.1006e-11 5.6423e-01 1.6249e+03 2.5593e+03 3.2000e+03 4.9630e+19 1.2684e+21 1.0300e+20 1.5461e-01 6.8792e-02 2.5941e+04 2.7940e+04
1.6300e+03 1.0963e-11 5.6458e-01 1.6241e+03 2.5579e+03 3.1979e+03 5.0202e+19 1.2881e+21 1.0457e+20 1.5390e-01 6.8404e-02 2.6045e+04 2.8069e+04
1.6400e+03 1.0919e-11 5.6493e-01 1.6234e+03 2.5565e+03 3.1959e+03 5.0779e+19 1.3080e+21 1.0616e+20 1.5320e-01 6.8019e-02 2.6150e+04 2.8199e+04
1.6500e+03 1.0876e-11 5.6527e-01 1.6226e+03 2.5551e+03 3.1938e+03 5.1360e+19 1.3281e+21 1.0776e+20 1.5251e-01 6.7639e-02 2.6254e+04 2.8328e+04
1.6600e+03 1.0834e-11 5.6561e-01 1.6219e+03 2.5537e+03 3.1917e+03 5.1945e+19 1.3485e+21 1.0938e+20 1.5181e-01 6.7262e-02 2.6358e+04 2.8458e+04
1.6700e+03 1.0791e-11 5.6594e-01 1.6211e+03 2.5523e+03 3.1897e+03 5.2535e+19 1.3691e+21 1.1102e+20 1.5113e-01 6.6890e-02 2.6463e+04 2.8588e+04
1.6800e+03 1.0749e-11 5.6628e-01 1.6204e+03 2.5509e+03 3.1876e+03 5.3130e+19 1.3899e+21 1.1268e+20 1.5045e-01 6.6521e-02 2.6567e+04 2.8717e+04
1.6900e+03 1.0707e-11 5.6660e-01 1.6196e+03 2.5495e+03 3.1856e+03 5.3730e+19 1.4109e+21 1.1436e+20 1.4978e-01 6.6156e-02 2.6672e+04 2.8847e+04
1.7000e+03 1.0665e-11 5.6693e-01 1.6189e+03 2.5481e+03 3.1836e+03 5.4334e+19 1.4322e+21 1.1605e+20 1.4911e-01 6.5795e-02 2.6776e+04 2.8977e+04
1.7100e+03 1.0624e-11 5.6725e-01 1.6181e+03 2.5467e+03 3.1816e+03 5.4943e+19 1.4537e+21 1.1776e+20 1.4845e-01 6.5437e-02 2.6881e+04 2.9106e+04
1.7200e+03 1.0583e-11 5.6757e-01 1.6174e+03 2.5454e+03 3.1796e+03 5.5556e+19 1.4754e+21 1.1949e+20 1.4779e-01 6.5083e-02 2.6986e+04 2.9236e+04
1.7300e+03 1.0542e-11 5.6788e-01 1.6167e+03 2.5440e+03 3.1776e+03 5.6175e+19 1.4974e+21 1.2124e+20 1.4714e-01 6.4732e-02 2.7090e+04 2.9366e+04
1.7400e+03 1.0501e-11 5.6820e-01 1.6159e+03 2.5426e+03 3.1757e+03 5.6798e+19 1.5196e+21 1.2300e+20 1.4649e-01 6.4385e-02 2.7195e+04 2.9495e+04
1.7500e+03 1.0461e-11 5.6851e-01 1.6152e+03 2.5413e+03 3.1737e+03 5.7426e+19 1.5420e+21 1.2478e+20 1.4585e-01 6.4042e-02 2.7300e+04 2.9625e+04
1.7600e+03 1.0421e-11 5.6881e-01 1.6145e+03 2.5399e+03 3.1718e+03 5.8058e+19 1.5647e+21 1.2659e+20 1.4521e-01 6.3702e-02 2.7405e+04 2.9755e+04
1.7700e+03 1.0381e-11 5.6911e-01 1.6138e+03 2.5386e+03 3.1698e+03 5.8696e+19 1.5877e+21 1.2841e+20 1.4458e-01 6.3365e-02 2.7510e+04 2.9885e+04
1.7800e+03 1.0342e-11 5.6941e-01 1.6130e+03 2.5373e+03 3.1679e+03 5.9338e+19 1.6108e+21 1.3024e+20 1.4395e-01 6.3031e-02 2.7615e+04 3.0015e+04
1.7900e+03 1.0302e-11 5.6971e-01 1.6123e+03 2.5359e+03 3.1660e+03 5.9985e+19 1.6343e+21 1.3210e+20 1.4333e-01 6.2701e-02 2.7720e+04 3.0145e+04
1.8000e+03 1.0263e-11 5.7000e-01 1.6116e+03 2.5346e+03 3.1641e+03 6.0637e+19 1.6579e+21 1.3398e+20 1.4271e-01 6.2374e-02 2.7825e+04 3.0275e+04
1.8100e+03 1.0224e-11 5.7029e-01 1.6109e+03 2.5333e+03 3.1622e+03 6.1294e+19 1.6819e+21 1.3587e+20 1.4210e-01 6.2050e-02 2.7930e+04 3.0405e+04
1.8200e+03 1.0186e-11 5.7058e-01 1.6102e+03 2.5320e+03 3.1603e+03 6.1956e+19 1.7061e+21 1.3779e+20 1.4149e-01 6.1729e-02 2.8035e+04 3.0535e+04
1.8300e+03 1.0147e-11 5.7087e-01 1.6095e+03 2.5307e+03 3.1584e+03 6.2623e+19 1.7305e+21 1.3972e+20 1.4088e-01 6.1412e-02 2.8140e+04 3.0665e+04
1.8400e+03 1.0109e-11 5.7115e-01 1.6088e+03 2.5294e+03 3.1565e+03 6.3295e+19 1.7552e+21 1.4167e+20 1.4029e-01 6.1097e-02 2.8245e+04 3.0795e+04
1.8500e+03 1.0071e-11 5.7143e-01 1.6081e+03 2.5281e+03 3.1547e+03 6.3972e+19 1.7801e+21 1.4364e+20 1.3969e-01 6.0785e-02 2.8351e+04 3.0925e+04
1.8600e+03 1.0033e-11 5.7171e-01 1.6074e+03 2.5268e+03 3.1528e+03 6.4653e+19 1.8053e+21 1.4564e+20 1.3910e-01 6.0477e-02 2.8456e+04 3.1055e+04
1.8700e+03 9.9960e-12 5.7198e-01 1.6067e+03 2.5255e+03 3.1510e+03 6.5340e+19 1.8308e+21 1.4765e+20 1.3852e-01 6.0171e-02 2.8561e+04 3.1185e+04
1.8800e+03 9.9588e-12 5.7225e-01 1.6061e+03 2.5242e+03 3.1492e+03 6.6032e+19 1.8565e+21 1.4968e+20 1.3793e-01 5.9868e-02 2.8667e+04 3.1315e+04
1.8900e+03 9.9219e-12 5.7252e-01 1.6054e+03 2.5230e+03 3.1473e+03 6.6729e+19 1.8825e+21 1.5173e+20 1.3736e-01 5.9568e-02 2.8772e+04 3.1445e+04
1.9000e+03 9.8851e-12 5.7279e-01 1.6047e+03 2.5217e+03 3.1455e+03 6.7431e+19 1.9087e+21 1.5380e+20 1.3679e-01 5.9270e-02 2.8878e+04 3.1575e+04
1.9100e+03 9.8486e-12 5.7305e-01 1.6040e+03 2.5204e+03 3.1437e+03 6.8139e+19 1.9353e+21 1.5589e+20 1.3622e-01 5.8976e-02 2.8983e+04 3.1705e+04
1.9200e+03 9.8123e-12 5.7332e-01 1.6033e+03 2.5192e+03 3.1419e+03 6.8851e+19 1.9621e+21 1.5800e+20 1.3565e-01 5.8684e-02 2.9089e+04 3.1836e+04
1.9300e+03 9.7763e-12 5.7357e-01 1.6027e+03 2.5179e+03 3.1402e+03 6.9569e+19 1.9891e+21 1.6013e+20 1.3509e-01 5.8395e-02 2.9195e+04 3.1966e+04
1.9400e+03 9.7404e-12 5.7383e-01 1.6020e+03 2.5167e+03 3.1384e+03 7.0291e+19 2.0165e+21 1.6228e+20 1.3454e-01 5.8108e-02 2.9300e+04 3.2096e+04
1.9500e+03 9.7048e-12 5.7409e-01 1.6013e+03 2.5155e+03 3.1366e+03 7.1019e+19 2.0441e+21 1.6446e+20 1.3399e-01 5.7824e-02 2.9406e+04 3.2226e+04
1.9600e+03 9.6694e-12 5.7434e-01 1.6007e+03 2.5142e+03 3.1348e+03 7.1752e+19 2.0720e+21 1.6665e+20 1.3344e-01 5.7543e-02 2.9512e+04 3.2357e+04
1.9700e+03 9.6342e-12 5.7459e-01 1.6000e+03 2.5130e+03 3.1331e+03 7.2491e+19 2.1001e+21 1.6886e+20 1.3290e-01 5.7264e-02 2.9618e+04 3.2487e+04
1.9800e+03 9.5992e-12 5.7484e-01 1.5994e+03 2.5118e+03 3.1314e+03 7.3235e+19 2.1286e+21 1.7110e+20 1.3236e-01 5.6988e-02 2.9724e+04 3.2617e+04
1.9900e+03 9.5645e-12 5.7509e-01 1.5987e+03 2.5105e+03 3.1296e+03 7.3984e+19 2.1573e+21 1.7335e+20 1.3182e-01 5.6714e-02 2.9830e+04 3.2748e+04
2.0000e+03 9.5299e-12 5.7533e-01 1.5981e+03 2.5093e+03 3.1279e+03 7.4738e+19 2.1863e+21 1.7563e+20 1.3129e-01 5.6442e-02 2.9936e+04 3.2878e+04
2.0100e+03 9.4956e-12 5.7557e-01 1.5974e+03 2.5081e+03 3.1262e+03 7.5498e+19 2.2156e+21 1.7793e+20 1.3076e-01 5.6173e-02 3.0042e+04 3.3009e+04
2.0200e+03 9.4615e-12 5.7581e-01 1.5968e+03 2.5069e+03 3.1245e+03 7.6263e+19 2.2452e+21 1.8025e+20 1.3024e-01 5.5907e-02 3.0148e+04 3.3139e+04
2.0300e+03 9.4276e-12 5.7605e-01 1.5961e+03 2.5057e+03 3.1228e+03 7.7034e+19 2.2750e+21 1.8259e+20 1.2972e-01 5.5642e-02 3.0254e+04 3.3270e+04
2.0400e+03 9.3939e-12 5.7629e-01 1.5955e+03 2.5045e+03 3.1211e+03 7.7809e+19 2.3052e+21 1.8496e+20 1.2920e-01 5.5380e-02 3.0360e+04 3.3400e+04
2.0500e+03 9.3604e-12 5.7652e-01 1.5949e+03 2.5033e+03 3.1194e+03 7.8591e+19 2.3357e+21 1.8734e+20 1.2869e-01 5.5121e-02 3.0466e+04 3.3531e+04
2.0600e+03 9.3271e-12 5.7675e-01 1.5942e+03 2.5021e+03 3.1177e+03 7.9378e+19 2.3664e+21 1.8975e+20 1.2818e-01 5.4863e-02 3.0573e+04 3.3661e+04
2.0700e+03 9.2940e-12 5.7698e-01 1.5936e+03 2.5009e+03 3.1160e+03 8.0170e+19 2.3974e+21 1.9218e+20 1.2767e-01 5.4608e-02 3.0679e+04 3.3792e+04
2.0800e+03 9.2611e-12 5.7721e-01 1.5930e+03 2.4998e+03 3.1144e+03 8.0968e+19 2.4288e+21 1.9463e+20 1.2717e-01 5.4355e-02 3.0785e+04 3.3923e+04
2.0900e+03 9.2284e-12 5.7744e-01 1.5923e+03 2.4986e+03 3.1127e+03 8.1771e+19 2.4604e+21 1.9710e+20 1.2667e-01 5.4104e-02 3.0892e+04 3.4053e+04
2.1000e+03 9.1959e-12 5.7766e-01 1.5917e+03 2.4974e+03 3.1111e+03 8.2580e+19 2.4924e+21 1.9960e+20 1.2617e-01 5.3855e-02 3.0998e+04 3.4184e+04
2.1100e+03 9.1636e-12 5.7789e-01 1.5911e+03 2.4963e+03 3.1095e+03 8.3394e+19 2.5246e+21 2.0212e+20 1.2568e-01 5.3609e-02 3.1105e+04 3.4315e+04
2.1200e+03 9.1315e-12 5.7811e-01 1.5905e+03 2.4951e+03 3.1078e+03 8.4214e+19 2.5572e+21 2.0466e+20 1.2519e-01 5.3364e-02 3.1211e+04 3.4445e+04
2.1300e+03 9.0995e-12 5.7833e-01 1.5899e+03 2.4940e+03 3.1062e+03 8.5040e+19 2.5900e+21 2.0723e+20 1.2471e-01 5.3122e-02 3.1318e+04 3.4576e+04
2.1400e+03 9.0678e-12 5.7855e-01 1.5893e+03 2.4928e+03 3.1046e+03 8.5871e+19 2.6232e+21 2.0981e+20 1.2423e-01 5.2881e-02 3.1424e+04 3.4707e+04
2.1500e+03 9.0363e-12 5.7876e-01 1.5886e+03 2.4917e+03 3.1030e+03 8.6708e+19 2.6567e+21 2.1243e+20 1.2375e-01 5.2643e-02 3.1531e+04 3.4837e+04
2.1600e+03 9.0049e-12 5.7898e-01 1.5880e+03 2.4905e+03 3.1014e+03 8.7551e+19 2.6905e+21 2.1506e+20 1.2327e-01 5.2407e-02 3.1638e+04 3.4968e+04
2.1700e+03 8.9738e-12 5.7919e-01 1.5874e+03 2.4894e+03 3.0998e+03 8.8399e+19 2.7246e+21 2.1772e+20 1.2280e-01 5.2172e-02 3.1745e+04 3.5099e+04
2.1800e+03 8.9428e-12 5.7940e-01 1.5868e+03 2.4882e+03 3.0982e+03 8.9253e+19 2.7590e+21 2.2040e+20 1.2233e-01 5.1940e-02 3.1851e+04 3.5230e+04
2.1900e+03 8.9120e-12 5.7961e-01 1.5862e+03 2.4871e+03 3.0966e+03 9.0113e+19 2.7937e+21 2.2310e+20 1.2187e-01 5.1709e-02 3.1958e+04 3.5361e+04
2.2000e+03 8.8814e-12 5.7982e-01 1.5856e+03 2.4860e+03 3.0950e+03 9.0978e+19 2.8288e+21 2.2583e+20 1.2141e-01 5.1481e-02 3.2065e+04 3.5492e+04
2.2100e+03 8.8510e-12 5.8003e-01 1.5850e+03 2.4849e+03 3.0935e+03 9.1850e+19 2.8642e+21 2.2858e+20 1.2095e-01 5.1254e-02 3.2172e+04 3.5623e+04
2.2200e+03 8.8207e-12 5.8024e-01 1.5844e+03 2.4838e+03 3.0919e+03 9.2727e+19 2.8999e+21 2.3136e+20 1.2049e-01 5.1029e-02 3.2279e+04 3.5754e+04
2.2300e+03 8.7907e-12 5.8044e-01 1.5839e+03 2.4826e+03 3.0904e+03 9.3610e+19 2.9359e+21 2.3416e+20 1.2004e-01 5.0806e-02 3.2386e+04 3.5885e+04
2.2400e+03 8.7608e-12 5.8064e-01 1.5833e+03 2.4815e+03 3.0888e+03 9.4498e+19 2.9722e+21 2.3698e+20 1.1959e-01 5.0585e-02 3.2493e+04 3.6016e+04
2.2500e+03 8.7311e-12 5.8085e-01 1.5827e+03 2.4804e+03 3.0873e+03 9.5393e+19 3.0089e+21 2.3983e+20 1.1914e-01 5.0365e-02 3.2600e+04 3.6147e+04
2.2600e+03 8.7016e-12 5.8105e-01 1.5821e+03 2.4793e+03 3.0857e+03 9.6294e+19 3.0459e+21 2.4271e+20 1.1870e-01 5.0147e-02 3.2708e+04 3.6278e+04
2.2700e+03 8.6722e-12 5.8125e-01 1.5815e+03 2.4782e+03 3.0842e+03 9.7200e+19 3.0833e+21 2.4560e+20 1.1826e-01 4.9931e-02 3.2815e+04 3.6409e+04
2.2800e+03 8.6430e-12 5.8144e-01 1.5809e+03 2.4771e+03 3.0827e+03 9.8112e+19 3.1210e+21 2.4853e+20 1.1782e-01 4.9717e-02 3.2922e+04 3.6540e+04
2.2900e+03 8.6140e-12 5.8164e-01 1.5804e+03 2.4761e+03 3.0812e+03 9.9031e+19 3.1590e+21 2.5148e+20 1.1738e-01 4.9504e-02 3.3029e+04 3.6671e+04
2.3000e+03 8.5852e-12 5.8184e-01 1.5798e+03 2.4750e+03 3.0797e+03 9.9955e+19 3.1974e+21 2.5445e+20 1.1695e-01 4.9294e-02 3.3137e+04 3.6802e+04
2.3100e+03 8.5565e-12 5.8203e-01 1.5792e+03 2.4739e+03 3.0782e+03 1.0089e+20 3.2361e+21 2.5745e+20 1.1652e-01 4.9084e-02 3.3244e+04 3.6933e+04
2.3200e+03 8.5280e-12 5.8222e-01 1.5786e+03 2.4728e+03 3.0767e+03 1.0182e+20 3.2751e+21 2.6047e+20 1.1609e-01 4.8877e-02 3.3352e+04 3.7064e+04
2.3300e+03 8.4997e-12 5.8241e-01 1.5781e+03 2.4718e+03 3.0752e+03 1.0276e+20 3.3145e+21 2.6352e+20 1.1567e-01 4.8671e-02 3.3459e+04 3.7196e+04
2.3400e+03 8.4715e-12 5.8260e-01 1.5775e+03 2.4707e+03 3.0737e+03 1.0371e+20 3.3543e+21 2.6659e+20 1.1525e-01 4.8467e-02 3.3567e+04 3.7327e+04
2.3500e+03 8.4435e-12 5.8279e-01 1.5769e+03 2.4696e+03 3.0722e+03 1.0467e+20 3.3943e+21 2.6969e+20 1.1483e-01 4.8264e-02 3.3674e+04 3.7458e+04
2.3600e+03 8.4156e-12 5.8298e-01 1.5764e+03 2.4686e+03 3.0708e+03 1.0563e+20 3.4348e+21 2.7282e+20 1.1442e-01 4.8063e-02 3.3782e+04 3.7589e+04
2.3700e+03 8.3880e-12 5.8317e-01 1.5758e+03 2.4675e+03 3.0693e+03 1.0659e+20 3.4756e+21 2.7597e+20 1.1400e-01 4.7863e-02 3.3889e+04 3.7721e+04
2.3800e+03 8.3604e-12 5.8336e-01 1.5753e+03 2.4665e+03 3.0679e+03 1.0757e+20 3.5167e+21 2.7915e+20 1.1359e-01 4.7665e-02 3.3997e+04 3.7852e+04
2.3900e+03 8.3331e-12 5.8354e-01 1.5747e+03 2.4654e+03 3.0664e+03 1.0855e+20 3.5582e+21 2.8236e+20 1.1318e-01 4.7468e-02 3.4105e+04 3.7983e+04
2.4000e+03 8.3059e-12 5.8372e-01 1.5742e+03 2.4644e+03 3.0650e+03 1.0953e+20 3.6001e+21 2.8559e+20 1.1278e-01 4.7273e-02 3.4213e+04 3.8115e+04
2.4100e+03 8.2788e-12 5.8391e-01 1.5736e+03 2.4633e+03 3.0635e+03 1.1052e+20 3.6423e+21 2.8885e+20 1.1238e-01 4.7080e-02 3.4321e+04 3.8246e+04
2.4200e+03 8.2519e-12 5.8409e-01 1.5731e+03 2.4623e+03 3.0621e+03 1.1152e+20 3.6849e+21 2.9213e+20 1.1198e-01 4.6888e-02 3.4428e+04 3.8377e+04
2.4300e+03 8.2252e-12 5.8427e-01 1.5725e+03 2.4613e+03 3.0607e+03 1.1253e+20 3.7278e+21 2.9544e+20 1.1158e-01 4.6697e-02 3.4536e+04 3.8509e+04
2.4400e+03 8.1986e-12 5.8445e-01 1.5720e+03 2.4602e+03 3.0593e+03 1.1354e+20 3.7711e+21 2.9878e+20 1.1119e-01 4.6508e-02 3.4644e+04 3.8640e+04
2.4500e+03 8.1722e-12 5.8463e-01 1.5714e+03 2.4592e+03 3.0578e+03 1.1455e+20 3.8148e+21 3.0214e+20 1.1079e-01 4.6320e-02 3.4752e+04 3.8772e+04
2.4600e+03 8.1459e-12 5.8481e-01 1.5709e+03 2.4582e+03 3.0564e+03 1.1558e+20 3.8588e+21 3.0554e+20 1.1040e-01 4.6133e-02 3.4860e+04 3.8903e+04
2.4700e+03 8.1198e-12 5.8498e-01 1.5704e+03 2.4572e+03 3.0550e+03 1.1661e+20 3.9033e+21 3.0896e+20 1.1002e-01 4.5948e-02 3.4968e+04 3.9035e+04
2.4800e+03 8.0939e-12 5.8516e-01 1.5698e+03 2.4561e+03 3.0536e+03 1.1764e+20 3.9481e+21 3.1240e+20 1.0963e-01 4.5765e-02 3.5076e+04 3.9166e+04
2.4900e+03 8.0680e-12 5.8533e-01 1.5693e+03 2.4551e+03 3.0522e+03 1.1868e+20 3.9932e+21 3.1588e+20 1.0925e-01 4.5582e-02 3.5185e+04 3.9298e+04
2.5000e+03 8.0424e-12 5.8551e-01 1.5688e+03 2.4541e+03 3.0508e+03 1.1973e+20 4.0388e+21 3.1938e+20 1.0887e-01 4.5401e-02 3.5293e+04 3.9429e+04
2.5100e+03 8.0168e-12 5.8568e-01 1.5682e+03 2.4531e+03 3.0495e+03 1.2079e+20 4.0847e+21 3.2291e+20 1.0849e-01 4.5222e-02 3.5401e+04 3.9561e+04
2.5200e+03 7.9914e-12 5.8585e-01 1.5677e+03 2.4521e+03 3.0481e+03 1.2185e+20 4.1310e+21 3.2647e+20 1.0812e-01 4.5044e-02 3.5509e+04 3.9693e+04
2.5300e+03 7.9662e-12 5.8603e-01 1.5672e+03 2.4511e+03 3.0467e+03 1.2292e+20 4.1777e+21 3.3006e+20 1.0774e-01 4.4867e-02 3.5618e+04 3.9824e+04
2.5400e+03 7.9411e-12 5.8620e-01 1.5667e+03 2.4501e+03 3.0454e+03 1.2399e+20 4.2248e+21 3.3367e+20 1.0737e-01 4.4691e-02 3.5726e+04 3.9956e+04
2.5500e+03 7.9162e-12 5.8637e-01 1.5661e+03 2.4491e+03 3.0440e+03 1.2507e+20 4.2723e+21 3.3732e+20 1.0700e-01 4.4516e-02 3.5834e+04 4.0088e+04
2.5600e+03 7.8914e-12 5.8654e-01 1.5656e+03 2.4482e+03 3.0426e+03 1.2616e+20 4.3201e+21 3.4099e+20 1.0664e-01 4.4343e-02 3.5943e+04 4.0219e+04
2.5700e+03 7.8667e-12 5.8671e-01 1.5651e+03 2.4472e+03 3.0413e+03 1.2725e+20 4.3684e+21 3.4469e+20 1.0627e-01 4.4171e-02 3.6051e+04 4.0351e+04
2.5800e+03 7.8422e-12 5.8687e-01 1.5646e+03 2.4462e+03 3.0400e+03 1.2835e+20 4.4170e+21 3.4842e+20 1.0591e-01 4.4001e-02 3.6160e+04 4.0483e+04
2.5900e+03 7.8178e-12 5.8704e-01 1.5641e+03 2.4452e+03 3.0386e+03 1.2946e+20 4.4661e+21 3.5218e+20 1.0555e-01 4.3831e-02 3.6268e+04 4.0615e+04
2.6000e+03 7.7935e-12 5.8721e-01 1.5636e+03 2.4442e+03 3.0373e+03 1.3057e+20 4.5155e+21 3.5597e+20 1.0520e-01 4.3663e-02 3.6377e+04 4.0746e+04
2.6100e+03 7.7694e-12 5.8737e-01 1.5630e+03 2.4433e+03 3.0360e+03 1.3169e+20 4.5653e+21 3.5978e+20 1.0484e-01 4.3496e-02 3.6485e+04 4.0878e+04
2.6200e+03 7.7454e-12 5.8754e-01 1.5625e+03 2.4423e+03 3.0346e+03 1.3282e+20 4.6156e+21 3.6363e+20 1.0449e-01 4.3330e-02 3.6594e+04 4.1010e+04
2.6300e+03 7.7216e-12 5.8770e-01 1.5620e+03 2.4413e+03 3.0333e+03 1.3395e+20 4.6662e+21 3.6751e+20 1.0414e-01 4.3165e-02 3.6703e+04 4.1142e+04
2.6400e+03 7.6979e-12 5.8787e-01 1.5615e+03 2.4404e+03 3.0320e+03 1.3509e+20 4.7173e+21 3.7141e+20 1.0379e-01 4.3002e-02 3.6811e+04 4.1274e+04
2.6500e+03 7.6743e-12 5.8803e-01 1.5610e+03 2.4394e+03 3.0307e+03 1.3624e+20 4.7687e+21 3.7535e+20 1.0344e-01 4.2839e-02 3.6920e+04 4.1406e+04
2.6600e+03 7.6508e-12 5.8819e-01 1.5605e+03 2.4385e+03 3.0294e+03 1.3740e+20 4.8206e+21 3.7932e+20 1.0310e-01 4.2678e-02 3.7029e+04 4.1538e+04
2.6700e+03 7.6275e-12 5.8835e-01 1.5600e+03 2.4375e+03 3.0281e+03 1.3856e+20 4.8729e+21 3.8331e+20 1.0275e-01 4.2518e-02 3.7138e+04 4.1669e+04
2.6800e+03 7.6043e-12 5.8851e-01 1.5595e+03 2.4366e+03 3.0268e+03 1.3972e+20 4.9255e+21 3.8734e+20 1.0241e-01 4.2359e-02 3.7247e+04 4.1801e+04
2.6900e+03 7.5813e-12 5.8867e-01 1.5590e+03 2.4356e+03 3.0255e+03 1.4090e+20 4.9787e+21 3.9140e+20 1.0208e-01 4.2201e-02 3.7356e+04 4.1933e+04
2.7000e+03 7.5584e-12 5.8883e-01 1.5585e+03 2.4347e+03 3.0242e+03 1.4208e+20 5.0322e+21 3.9549e+20 1.0174e-01 4.2044e-02 3.7464e+04 4.2065e+04
2.7100e+03 7.5356e-12 5.8899e-01 1.5580e+03 2.4338e+03 3.0229e+03 1.4327e+20 5.0861e+21 3.9961e+20 1.0140e-01 4.1888e-02 3.7573e+04 4.2197e+04
2.7200e+03 7.5129e-12 5.8915e-01 1.5576e+03 2.4328e+03 3.0217e+03 1.4446e+20 5.1405e+21 4.0375e+20 1.0107e-01 4.1733e-02 3.7682e+04 4.2329e+04
2.7300e+03 7.4903e-12 5.8931e-01 1.5571e+03 2.4319e+03 3.0204e+03 1.4566e+20 5.1953e+21 4.0794e+20 1.0074e-01 4.1580e-02 3.7791e+04 4.2461e+04
2.7400e+03 7.4679e-12 5.8947e-01 1.5566e+03 2.4310e+03 3.0191e+03 1.4687e+20 5.2505e+21 4.1215e+20 1.0041e-01 4.1427e-02 3.7901e+04 4.2594e+04
2.7500e+03 7.4456e-12 5.8962e-01 1.5561e+03 2.4300e+03 3.0179e+03 1.4809e+20 5.3062e+21 4.1639e+20 1.0009e-01 4.1275e-02 3.8010e+04 4.2726e+04
2.7600e+03 7.4234e-12 5.8978e-01 1.5556e+03 2.4291e+03 3.0166e+03 1.4931e+20 5.3622e+21 4.2067e+20 9.9763e-02 4.1125e-02 3.8119e+04 4.2858e+04
2.7700e+03 7.4014e-12 5.8994e-01 1.5551e+03 2.4282e+03 3.0154e+03 1.5054e+20 5.4188e+21 4.2497e+20 9.9440e-02 4.0975e-02 3.8228e+04 4.2990e+04
2.7800e+03 7.3795e-12 5.9009e-01 1.5546e+03 2.4273e+03 3.0141e+03 1.5178e+20 5.4757e+21 4.2931e+20 9.9119e-02 4.0827e-02 3.8337e+04 4.3122e+04
2.7900e+03 7.3576e-12 5.9025e-01 1.5542e+03 2.4264e+03 3.0129e+03 1.5302e+20 5.5331e+21 4.3368e+20 9.8800e-02 4.0679e-02 3.8446e+04 4.3254e+04
2.8000e+03 7.3360e-12 5.9040e-01 1.5537e+03 2.4255e+03 3.0116e+03 1.5427e+20 5.5909e+21 4.3808e+20 9.8483e-02 4.0533e-02 3.8556e+04 4.3386e+04
2.8100e+03 7.3144e-12 5.9056e-01 1.5532e+03 2.4245e+03 3.0104e+03 1.5553e+20 5.6492e+21 4.4252e+20 9.8168e-02 4.0387e-02 3.8665e+04 4.3518e+04
2.8200e+03 7.2929e-12 5.9071e-01 1.5527e+03 2.4236e+03 3.0092e+03 1.5679e+20 5.7079e+21 4.4698e+20 9.7855e-02 4.0243e-02 3.8774e+04 4.3651e+04
2.8300e+03 7.2716e-12 5.9086e-01 1.5523e+03 2.4227e+03 3.0080e+03 1.5806e+20 5.7670e+21 4.5148e+20 9.7543e-02 4.0099e-02 3.8884e+04 4.3783e+04
2.8400e+03 7.2504e-12 5.9101e-01 1.5518e+03 2.4218e+03 3.0067e+03 1.5934e+20 5.8266e+21 4.5602e+20 9.7233e-02 3.9956e-02 3.8993e+04 4.3915e+04
2.8500e+03 7.2293e-12 5.9117e-01 1.5513e+03 2.4209e+03 3.0055e+03 1.6063e+20 5.8867e+21 4.6058e+20 9.6925e-02 3.9814e-02 3.9103e+04 4.4047e+04
2.8600e+03 7.2083e-12 5.9132e-01 1.5509e+03 2.4201e+03 3.0043e+03 1.6192e+20 5.9472e+21 4.6518e+20 9.6619e-02 3.9674e-02 3.9212e+04 4.4180e+04
2.8700e+03 7.1874e-12 5.9147e-01 1.5504e+03 2.4192e+03 3.0031e+03 1.6322e+20 6.0081e+21 4.6981e+20 9.6314e-02 3.9534e-02 3.9321e+04 4.4312e+04
2.8800e+03 7.1666e-12 5.9162e-01 1.5499e+03 2.4183e+03 3.0019e+03 1.6453e+20 6.0695e+21 4.7448e+20 9.6012e-02 3.9395e-02 3.9431e+04 4.4444e+04
2.8900e+03 7.1460e-12 5.9177e-01 1.5495e+03 2.4174e+03 3.0007e+03 1.6584e+20 6.1314e+21 4.7917e+20 9.5711e-02 3.9257e-02 3.9541e+04 4.4577e+04
2.9000e+03 7.1254e-12 5.9192e-01 1.5490e+03 2.4165e+03 2.9995e+03 1.6716e+20 6.1937e+21 4.8390e+20 9.5411e-02 3.9119e-02 3.9650e+04 4.4709e+04
2.9100e+03 7.1050e-12 5.9207e-01 1.5486e+03 2.4156e+03 2.9983e+03 1.6849e+20 6.2565e+21 4.8867e+20 9.5114e-02 3.8983e-02 3.9760e+04 4.4841e+04
2.9200e+03 7.0847e-12 5.9222e-01 1.5481e+03 2.4148e+03 2.9971e+03 1.6983e+20 6.3197e+21 4.9347e+20 9.4818e-02 3.8848e-02 3.9869e+04 4.4974e+04
2.9300e+03 7.0645e-12 5.9237e-01 1.5477e+03 2.4139e+03 2.9960e+03 1.7117e+20 6.3834e+21 4.9830e+20 9.4524e-02 3.8713e-02 3.9979e+04 4.5106e+04
2.9400e+03 7.0444e-12 5.9252e-01 1.5472e+03 2.4130e+03 2.9948e+03 1.7252e+20 6.4476e+21 5.0317e+20 9.4231e-02 3.8579e-02 4.0089e+04 4.5239e+04
2.9500e+03 7.0244e-12 5.9267e-01 1.5468e+03 2.4121e+03 2.9936e+03 1.7388e+20 6.5123e+21 5.0807e+20 9.3940e-02 3.8446e-02 4.0198e+04 4.5371e+04
2.9600e+03 7.0045e-12 5.9281e-01 1.5463e+03 2.4113e+03 2.9924e+03 1.7525e+20 6.5774e+21 5.1301e+20 9.3651e-02 3.8314e-02 4.0308e+04 4.5504e+04
2.9700e+03 6.9847e-12 5.9296e-01 1.5459e+03 2.4104e+03 2.9913e+03 1.7662e+20 6.6430e+21 5.1798e+20 9.3363e-02 3.8183e-02 4.0418e+04 4.5636e+04
2.9800e+03 6.9651e-12 5.9311e-01 1.5454e+03 2.4096e+03 2.9901e+03 1.7800e+20 6.7090e+21 5.2298e+20 9.3077e-02 3.8053e-02 4.0528e+04 4.5769e+04
2.9900e+03 6.9455e-12 5.9326e-01 1.5450e+03 2.4087e+03 2.9889e+03 1.7939e+20 6.7756e+21 5.2802e+20 9.2793e-02 3.7923e-02 4.0638e+04 4.5901e+04
3.0000e+03 6.9260e-12 5.9340e-01 1.5445e+03 2.4079e+03 2.9878e+03 1.8078e+20 6.8426e+21 5.3310e+20 9.2510e-02 3.7795e-02 4.0748e+04 4.6034e+04
3.0100e+03 6.9067e-12 5.9355e-01 1.5441e+03 2.4070e+03 2.9866e+03 1.8219e+20 6.9101e+21 5.3821e+20 9.2228e-02 3.7667e-02 4.0857e+04 4.6166e+04
3.0200e+03 6.8874e-12 5.9369e-01 1.5436e+03 2.4062e+03 2.9855e+03 1.8360e+20 6.9781e+21 5.4336e+20 9.1949e-02 3.7539e-02 4.0967e+04 4.6299e+04
3.0300e+03 6.8682e-12 5.9384e-01 1.5432e+03 2.4053e+03 2.9844e+03 1.8501e+20 7.0466e+21 5.4854e+20 9.1670e-02 3.7413e-02 4.1077e+04 4.6431e+04
3.0400e+03 6.8492e-12 5.9399e-01 1.5428e+03 2.4045e+03 2.9832e+03 1.8644e+20 7.1156e+21 5.5376e+20 9.1394e-02 3.7288e-02 4.1187e+04 4.6564e+04
3.0500e+03 6.8302e-12 5.9413e-01 1.5423e+03 2.4036e+03 2.9821e+03 1.8787e+20 7.1851e+21 5.5901e+20 9.1119e-02 3.7163e-02 4.1297e+04 4.6697e+04
3.0600e+03 6.8114e-12 5.9428e-01 1.5419e+03 2.4028e+03 2.9810e+03 1.8931e+20 7.2550e+21 5.6430e+20 9.0845e-02 3.7039e-02 4.1407e+04 4.6829e+04
3.0700e+03 6.7926e-12 5.9442e-01 1.5415e+03 2.4020e+03 2.9798e+03 1.9076e+20 7.3255e+21 5.6963e+20 9.0573e-02 3.6916e-02 4.1517e+04 4.6962e+04
3.0800e+03 6.7740e-12 5.9456e-01 1.5410e+03 2.4011e+03 2.9787e+03 1.9221e+20 7.3964e+21 5.7499e+20 9.0302e-02 3.6793e-02 4.1627e+04 4.7094e+04
3.0900e+03 6.7554e-12 5.9471e-01 1.5406e+03 2.4003e+03 2.9776e+03 1.9368e+20 7.4679e+21 5.8039e+20 9.0033e-02 3.6671e-02 4.1738e+04 4.7227e+04
3.1000e+03 6.7370e-12 5.9485e-01 1.5402e+03 2.3995e+03 2.9765e+03 1.9515e+20 7.5398e+21 5.8582e+20 8.9765e-02 3.6550e-02 4.1848e+04 4.7360e+04
3.1100e+03 6.7186e-12 5.9499e-01 1.5397e+03 2.3986e+03 2.9754e+03 1.9662e+20 7.6123e+21 5.9130e+20 8.9499e-02 3.6430e-02 4.1958e+04 4.7493e+04
3.1200e+03 6.7003e-12 5.9514e-01 1.5393e+03 2.3978e+03 2.9743e+03 1.9811e+20 7.6852e+21 5.9680e+20 8.9234e-02 3.6311e-02 4.2068e+04 4.7625e+04
3.1300e+03 6.6822e-12 5.9528e-01 1.5389e+03 2.3970e+03 2.9731e+03 1.9960e+20 7.7587e+21 6.0235e+20 8.8971e-02 3.6192e-02 4.2178e+04 4.7758e+04
3.1400e+03 6.6641e-12 5.9542e-01 1.5385e+03 2.3962e+03 2.9720e+03 2.0110e+20 7.8327e+21 6.0793e+20 8.8709e-02 3.6074e-02 4.2288e+04 4.7891e+04
3.1500e+03 6.6461e-12 5.9557e-01 1.5380e+03 2.3954e+03 2.9709e+03 2.0261e+20 7.9072e+21 6.1356e+20 8.8448e-02 3.5956e-02 4.2399e+04 4.8023e+04
3.1600e+03 6.6282e-12 5.9571e-01 1.5376e+03 2.3946e+03 2.9699e+03 2.0413e+20 7.9822e+21 6.1921e+20 8.8189e-02 3.5840e-02 4.2509e+04 4.8156e+04
3.1700e+03 6.6104e-12 5.9585e-01 1.5372e+03 2.3937e+03 2.9688e+03 2.0565e+20 8.0577e+21 6.2491e+20 8.7932e-02 3.5724e-02 4.2619e+04 4.8289e+04
3.1800e+03 6.5927e-12 5.9599e-01 1.5368e+03 2.3929e+03 2.9677e+03 2.0718e+20 8.1337e+21 6.3065e+20 8.7675e-02 3.5608e-02 4.2730e+04 4.8422e+04
3.1900e+03 6.5751e-12 5.9613e-01 1.5364e+03 2.3921e+03 2.9666e+03 2.0872e+20 8.2103e+21 6.3642e+20 8.7420e-02 3.5494e-02 4.2840e+04 4.8555e+04
3.2000e+03 6.5576e-12 5.9628e-01 1.5359e+03 2.3913e+03 2.9655e+03 2.1027e+20 8.2874e+21 6.4223e+20 8.7167e-02 3.5380e-02 4.2950e+04 4.8688e+04
3.2100e+03 6.5402e-12 5.9642e-01 1.5355e+03 2.3905e+03 2.9644e+03 2.1183e+20 8.3650e+21 6.4808e+20 8.6914e-02 3.5267e-02 4.3061e+04 4.8820e+04
3.2200e+03 6.5228e-12 5.9656e-01 1.5351e+03 2.3897e+03 2.9634e+03 2.1339e+20 8.4431e+21 6.5397e+20 8.6663e-02 3.5154e-02 4.3171e+04 4.8953e+04
3.2300e+03 6.5056e-12 5.9670e-01 1.5347e+03 2.3889e+03 2.9623e+03 2.1496e+20 8.5218e+21 6.5989e+20 8.6414e-02 3.5042e-02 4.3282e+04 4.9086e+04
3.2400e+03 6.4884e-12 5.9684e-01 1.5343e+03 2.3881e+03 2.9612e+03 2.1654e+20 8.6010e+21 6.6586e+20 8.6166e-02 3.4931e-02 4.3392e+04 4.9219e+04
3.2500e+03 6.4713e-12 5.9698e-01 1.5339e+03 2.3873e+03 2.9602e+03 2.1813e+20 8.6807e+21 6.7186e+20 8.5919e-02 3.4820e-02 4.3503e+04 4.9352e+04
3.2600e+03 6.4544e-12 5.9712e-01 1.5335e+03 2.3866e+03 2.9591e+03 2.1972e+20 8.7610e+21 6.7791e+20 8.5673e-02 3.4710e-02 4.3613e+04 4.9485e+04
3.2700e+03 6.4375e-12 5.9726e-01 1.5331e+03 2.3858e+03 2.9581e+03 2.2132e+20 8.8418e+21 6.8399e+20 8.5429e-02 3.4601e-02 4.3724e+04 4.9618e+04
3.2800e+03 6.4206e-12 5.9740e-01 1.5327e+03 2.3850e+03 2.9570e+03 2.2293e+20 8.9231e+21 6.9011e+20 8.5185e-02 3.4492e-02 4.3834e+04 4.9751e+04
3.2900e+03 6.4039e-12 5.9754e-01 1.5323e+03 2.3842e+03 2.9560e+03 2.2455e+20 9.0050e+21 6.9628e+20 8.4944e-02 3.4384e-02 4.3945e+04 4.9884e+04
3.3000e+03 6.3873e-12 5.9768e-01 1.5319e+03 2.3834e+03 2.9549e+03 2.2618e+20 9.0874e+21 7.0248e+20 8.4703e-02 3.4277e-02 4.4055e+04 5.0017e+04
3.3100e+03 6.3707e-12 5.9782e-01 1.5315e+03 2.3827e+03 2.9539e+03 2.2781e+20 9.1704e+21 7.0872e+20 8.4464e-02 3.4170e-02 4.4166e+04 5.0150e+04
3.3200e+03 6.3542e-12 5.9796e-01 1.5311e+03 2.3819e+03 2.9528e+03 2.2946e+20 9.2539e+21 7.1500e+20 8.4226e-02 3.4064e-02 4.4276e+04 5.0283e+04
3.3300e+03 6.3379e-12 5.9810e-01 1.5307e+03 2.3811e+03 2.9518e+03 2.3111e+20 9.3380e+21 7.2133e+20 8.3989e-02 3.3958e-02 4.4387e+04 5.0416e+04
3.3400e+03 6.3216e-12 5.9824e-01 1.5303e+03 2.3803e+03 2.9508e+03 2.3277e+20 9.4226e+21 7.2769e+20 8.3753e-02 3.3853e-02 4.4498e+04 5.0549e+04
3.3500e+03 6.3053e-12 5.9838e-01 1.5299e+03 2.3796e+03 2.9497e+03 2.3443e+20 9.5078e+21 7.3409e+20 8.3519e-02 3.3749e-02 4.4608e+04 5.0682e+04
3.3600e+03 6.2892e-12 5.9852e-01 1.5295e+03 2.3788e+03 2.9487e+03 2.3611e+20 9.5936e+21 7.4054e+20 8.3286e-02 3.3645e-02 4.4719e+04 5.0815e+04
3.3700e+03 6.2731e-12 5.9866e-01 1.5291e+03 2.3780e+03 2.9477e+03 2.3779e+20 9.6799e+21 7.4703e+20 8.3054e-02 3.3542e-02 4.4830e+04 5.0948e+04
3.3800e+03 6.2571e-12 5.9879e-01 1.5287e+03 2.3773e+03 2.9467e+03 2.3948e+20 9.7667e+21 7.5355e+20 8.2823e-02 3.3439e-02 4.4941e+04 5.1081e+04
3.3900e+03 6.2412e-12 5.9893e-01 1.5283e+03 2.3765e+03 2.9456e+03 2.4118e+20 9.8542e+21 7.6012e+20 8.2594e-02 3.3337e-02 4.5051e+04 5.1214e+04
3.4000e+03 6.2254e-12 5.9907e-01 1.5279e+03 2.3758e+03 2.9446e+03 2.4289e+20 9.9422e+21 7.6673e+20 8.2365e-02 3.3236e-02 4.5162e+04 5.1347e+04
3.4100e+03 6.2097e-12 5.9921e-01 1.5275e+03 2.3750e+03 2.9436e+03 2.4460e+20 1.0031e+22 7.7338e+20 8.2138e-02 3.3135e-02 4.5273e+04 5.1480e+04
3.4200e+03 6.1940e-12 5.9935e-01 1.5272e+03 2.3743e+03 2.9426e+03 2.4633e+20 1.0120e+22 7.8008e+20 8.1912e-02 3.3035e-02 4.5384e+04 5.1613e+04
3.4300e+03 6.1784e-12 5.9949e-01 1.5268e+03 2.3735e+03 2.9416e+03 2.4806e+20 1.0210e+22 7.8681e+20 8.1687e-02 3.2935e-02 4.5495e+04 5.1747e+04
3.4400e+03 6.1629e-12 5.9962e-01 1.5264e+03 2.3728e+03 2.9406e+03 2.4980e+20 1.0300e+22 7.9359e+20 8.1463e-02 3.2836e-02 4.5605e+04 5.1880e+04
3.4500e+03 6.1475e-12 5.9976e-01 1.5260e+03 2.3720e+03 2.9396e+03 2.5155e+20 1.0391e+22 8.0041e+20 8.1241e-02 3.2737e-02 4.5716e+04 5.2013e+04
3.4600e+03 6.1322e-12 5.9990e-01 1.5256e+03 2.3713e+03 2.9386e+03 2.5330e+20 1.0482e+22 8.0727e+20 8.1019e-02 3.2639e-02 4.5827e+04 5.2146e+04
3.4700e+03 6.1169e-12 6.0004e-01 1.5252e+03 2.3705e+03 2.9376e+03 2.5507e+20 1.0574e+22 8.1418e+20 8.0799e-02 3.2541e-02 4.5938e+04 5.2279e+04
3.4800e+03 6.1017e-12 6.0017e-01 1.5249e+03 2.3698e+03 2.9366e+03 2.5684e+20 1.0667e+22 8.2113e+20 8.0580e-02 3.2444e-02 4.6049e+04 5.2412e+04
3.4900e+03 6.0866e-12 6.0031e-01 1.5245e+03 2.3691e+03 2.9356e+03 2.5862e+20 1.0760e+22 8.2812e+20 8.0361e-02 3.2348e-02 4.6160e+04 5.2546e+04
3.5000e+03 6.0715e-12 6.0045e-01 1.5241e+03 2.3683e+03 2.9346e+03 2.6041e+20 1.0854e+22 8.3515e+20 8.0144e-02 3.2252e-02 4.6271e+04 5.2679e+04
3.5100e+03 6.0565e-12 6.0059e-01 1.5237e+03 2.3676e+03 2.9337e+03 2.6221e+20 1.0948e+22 8.4223e+20 7.9928e-02 3.2156e-02 4.6382e+04 5.2812e+04
3.5200e+03 6.0416e-12 6.0072e-01 1.5234e+03 2.3669e+03 2.9327e+03 2.6402e+20 1.1043e+22 8.4935e+20 7.9713e-02 3.2061e-02 4.6493e+04 5.2945e+04
3.5300e+03 6.0268e-12 6.0086e-01 1.5230e+03 2.3661e+03 2.9317e+03 2.6583e+20 1.1139e+22 8.5652e+20 7.9500e-02 3.1967e-02 4.6604e+04 5.3079e+04
3.5400e+03 6.0120e-12 6.0100e-01 1.5226e+03 2.3654e+03 2.9307e+03 2.6766e+20 1.1235e+22 8.6373e+20 7.9287e-02 3.1873e-02 4.6715e+04 5.3212e+04
3.5500e+03 5.9974e-12 6.0114e-01 1.5222e+03 2.3647e+03 2.9298e+03 2.6949e+20 1.1331e+22 8.7098e+20 7.9075e-02 3.1779e-02 4.6826e+04 5.3345e+04
3.5600e+03 5.9827e-12 6.0127e-01 1.5219e+03 2.3640e+03 2.9288e+03 2.7133e+20 1.1429e+22 8.7828e+20 7.8865e-02 3.1686e-02 4.6937e+04 5.3478e+04
3.5700e+03 5.9682e-12 6.0141e-01 1.5215e+03 2.3632e+03 2.9278e+03 2.7318e+20 1.1527e+22 8.8562e+20 7.8655e-02 3.1594e-02 4.7048e+04 5.3612e+04
3.5800e+03 5.9537e-12 6.0155e-01 1.5211e+03 2.3625e+03 2.9269e+03 2.7503e+20 1.1625e+22 8.9301e+20 7.8446e-02 3.1502e-02 4.7159e+04 5.3745e+04
3.5900e+03 5.9393e-12 6.0168e-01 1.5208e+03 2.3618e+03 2.9259e+03 2.7690e+20 1.1725e+22 9.0044e+20 7.8239e-02 3.1411e-02 4.7270e+04 5.3878e+04
3.6000e+03 5.9250e-12 6.0182e-01 1.5204e+03 2.3611e+03 2.9250e+03 2.7877e+20 1.1824e+22 9.0791e+20 7.8032e-02 3.1320e-02 4.7381e+04 5.4012e+04
3.6100e+03 5.9107e-12 6.0196e-01 1.5201e+03 2.3604e+03 2.9240e+03 2.8066e+20 1.1925e+22 9.1544e+20 7.7827e-02 3.1229e-02 4.7492e+04 5.4145e+04
3.6200e+03 5.8965e-12 6.0209e-01 1.5197e+03 2.3597e+03 2.9231e+03 2.8255e+20 1.2026e+22 9.2300e+20 7.7622e-02 3.1139e-02 4.7603e+04 5.4278e+04
3.6300e+03 5.8824e-12 6.0223e-01 1.5193e+03 2.3590e+03 2.9221e+03 2.8445e+20 1.2127e+22 9.3061e+20 7.7419e-02 3.1050e-02 4.7714e+04 5.4412e+04
3.6400e+03 5.8684e-12 6.0237e-01 1.5190e+03 2.3583e+03 2.9212e+03 2.8636e+20 1.2230e+22 9.3827e+20 7.7217e-02 3.0961e-02 4.7825e+04 5.4545e+04
3.6500e+03 5.8544e-12 6.0250e-01 1.5186e+03 2.3576e+03 2.9202e+03 2.8827e+20 1.2332e+22 9.4597e+20 7.7015e-02 3.0872e-02 4.7936e+04 5.4678e+04
3.6600e+03 5.8405e-12 6.0264e-01 1.5183e+03 2.3568e+03 2.9193e+03 2.9020e+20 1.2436e+22 9.5372e+20 7.6815e-02 3.0784e-02 4.8048e+04 5.4812e+04
3.6700e+03 5.8266e-12 6.0277e-01 1.5179e+03 2.3561e+03 2.9184e+03 2.9213e+20 1.2540e+22 9.6152e+20 7.6615e-02 3.0696e-02 4.8159e+04 5.4945e+04
3.6800e+03 5.8128e-12 6.0291e-01 1.5175e+03 2.3555e+03 2.9174e+03 2.9407e+20 1.2645e+22 9.6936e+20 7.6417e-02 3.0609e-02 4.8270e+04 5.5079e+04
3.6900e+03 5.7991e-12 6.0305e-01 1.5172e+03 2.3548e+03 2.9165e+03 2.9603e+20 1.2750e+22 9.7725e+20 7.6219e-02 3.0523e-02 4.8381e+04 5.5212e+04
3.7000e+03 5.7855e-12 6.0318e-01 1.5168e+03 2.3541e+03 2.9156e+03 2.9799e+20 1.2856e+22 9.8518e+20 7.6022e-02 3.0436e-02 4.8492e+04 5.5345e+04
3.7100e+03 5.7719e-12 6.0332e-01 1.5165e+03 2.3534e+03 2.9146e+03 2.9996e+20 1.2963e+22 9.9316e+20 7.5827e-02 3.0351e-02 4.8604e+04 5.5479e+04
3.7200e+03 5.7583e-12 6.0346e-01 1.5161e+03 2.3527e+03 2.9137e+03 3.0193e+20 1.3070e+22 1.0012e+21 7.5632e-02 3.0265e-02 4.8715e+04 5.5612e+04
3.7300e+03 5.7449e-12 6.0359e-01 1.5158e+03 2.3520e+03 2.9128e+03 3.0392e+20 1.3178e+22 1.0093e+21 7.5438e-02 3.0180e-02 4.8826e+04 5.5746e+04
3.7400e+03 5.7315e-12 6.0373e-01 1.5154e+03 2.3513e+03 2.9119e+03 3.0591e+20 1.3286e+22 1.0174e+21 7.5245e-02 3.0096e-02 4.8937e+04 5.5879e+04
3.7500e+03 5.7182e-12 6.0386e-01 1.5151e+03 2.3506e+03 2.9110e+03 3.0792e+20 1.3396e+22 1.0256e+21 7.5053e-02 3.0012e-02 4.9048e+04 5.6013e+04
3.7600e+03 5.7049e-12 6.0400e-01 1.5147e+03 2.3499e+03 2.9100e+03 3.0993e+20 1.3505e+22 1.0338e+21 7.4862e-02 2.9928e-02 4.9160e+04 5.6146e+04
3.7700e+03 5.6917e-12 6.0414e-01 1.5144e+03 2.3493e+03 2.9091e+03 3.1195e+20 1.3616e+22 1.0420e+21 7.4672e-02 2.9845e-02 4.9271e+04 5.6280e+04
3.7800e+03 5.6785e-12 6.0427e-01 1.5140e+03 2.3486e+03 2.9082e+03 3.1398e+20 1.3727e+22 1.0504e+21 7.4483e-02 2.9762e-02 4.9382e+04 5.6413e+04
3.7900e+03 5.6655e-12 6.0441e-01 1.5137e+03 2.3479e+03 2.9073e+03 3.1602e+20 1.3839e+22 1.0587e+21 7.4295e-02 2.9680e-02 4.9494e+04 5.6546e+04
3.8000e+03 5.6524e-12 6.0454e-01 1.5134e+03 2.3472e+03 2.9064e+03 3.1807e+20 1.3951e+22 1.0671e+21 7.4107e-02 2.9598e-02 4.9605e+04 5.6680e+04
3.8100e+03 5.6395e-12 6.0468e-01 1.5130e+03 2.3465e+03 2.9055e+03 3.2012e+20 1.4064e+22 1.0756e+21 7.3921e-02 2.9516e-02 4.9716e+04 5.6814e+04
3.8200e+03 5.6266e-12 6.0481e-01 1.5127e+03 2.3459e+03 2.9046e+03 3.2219e+20 1.4178e+22 1.0841e+21 7.3735e-02 2.9435e-02 4.9827e+04 5.6947e+04
3.8300e+03 5.6137e-12 6.0495e-01 1.5123e+03 2.3452e+03 2.9037e+03 3.2426e+20 1.4292e+22 1.0927e+21 7.3550e-02 2.9354e-02 4.9939e+04 5.7081e+04
3.8400e+03 5.6010e-12 6.0509e-01 1.5120e+03 2.3445e+03 2.9028e+03 3.2635e+20 1.4408e+22 1.1013e+21 7.3367e-02 2.9274e-02 5.0050e+04 5.7214e+04
3.8500e+03 5.5882e-12 6.0522e-01 1.5117e+03 2.3439e+03 2.9019e+03 3.2844e+20 1.4523e+22 1.1099e+21 7.3183e-02 2.9194e-02 5.0161e+04 5.7348e+04
3.8600e+03 5.5756e-12 6.0536e-01 1.5113e+03 2.3432e+03 2.9011e+03 3.3054e+20 1.4640e+22 1.1186e+21 7.3001e-02 2.9115e-02 5.0273e+04 5.7481e+04
3.8700e+03 5.5630e-12 6.0549e-01 1.5110e+03 2.3425e+03 2.9002e+03 3.3265e+20 1.4757e+22 1.1274e+21 7.2820e-02 2.9036e-02 5.0384e+04 5.7615e+04
3.8800e+03 5.5504e-12 6.0563e-01 1.5107e+03 2.3419e+03 2.8993e+03 3.3477e+20 1.4874e+22 1.1362e+21 7.2640e-02 2.8957e-02 5.0495e+04 5.7748e+04
3.8900e+03 5.5380e-12 6.0576e-01 1.5103e+03 2.3412e+03 2.8984e+03 3.3690e+20 1.4993e+22 1.1450e+21 7.2460e-02 2.8879e-02 5.0607e+04 5.7882e+04
3.9000e+03 5.5255e-12 6.0590e-01 1.5100e+03 2.3406e+03 2.8975e+03 3.3903e+20 1.5112e+22 1.1539e+21 7.2281e-02 2.8801e-02 5.0718e+04 5.8015e+04
3.9100e+03 5.5132e-12 6.0604e-01 1.5097e+03 2.3399e+03 2.8967e+03 3.4118e+20 1.5232e+22 1.1629e+21 7.2103e-02 2.8723e-02 5.0830e+04 5.8149e+04
3.9200e+03 5.5008e-12 6.0617e-01 1.5093e+03 2.3393e+03 2.8958e+03 3.4334e+20 1.5352e+22 1.1719e+21 7.1926e-02 2.8646e-02 5.0941e+04 5.8283e+04
3.9300e+03 5.4886e-12 6.0631e-01 1.5090e+03 2.3386e+03 2.8949e+03 3.4550e+20 1.5473e+22 1.1810e+21 7.1750e-02 2.8569e-02 5.1052e+04 5.8416e+04
3.9400e+03 5.4764e-12 6.0644e-01 1.5087e+03 2.3380e+03 2.8940e+03 3.4767e+20 1.5595e+22 1.1901e+21 7.1574e-02 2.8493e-02 5.1164e+04 5.8550e+04
3.9500e+03 5.4643e-12 6.0658e-01 1.5083e+03 2.3373e+03 2.8932e+03 3.4985e+20 1.5718e+22 1.1992e+21 7.1400e-02 2.8417e-02 5.1275e+04 5.8683e+04
3.9600e+03 5.4522e-12 6.0671e-01 1.5080e+03 2.3367e+03 2.8923e+03 3.5205e+20 1.5841e+22 1.2084e+21 7.1226e-02 2.8341e-02 5.1387e+04 5.8817e+04
3.9700e+03 5.4401e-12 6.0685e-01 1.5077e+03 2.3360e+03 2.8914e+03 3.5425e+20 1.5965e+22 1.2177e+21 7.1053e-02 2.8266e-02 5.1498e+04 5.8951e+04
3.9800e+03 5.4282e-12 6.0698e-01 1.5074e+03 2.3354e+03 2.8906e+03 3.5646e+20 1.6089e+22 1.2270e+21 7.0881e-02 2.8191e-02 5.1609e+04 5.9084e+04
3.9900e+03 5.4162e-12 6.0712e-01 1.5070e+03 2.3347e+03 2.8897e+03 3.5867e+20 1.6215e+22 1.2364e+21 7.0709e-02 2.8117e-02 5.1721e+04 5.9218e+04
4.0000e+03 5.4044e-12 6.0726e-01 1.5067e+03 2.3341e+03 2.8889e+03 3.6090e+20 1.6341e+22 1.2458e+21 7.0539e-02 2.8042e-02 5.1832e+04 5.9352e+04
4.0100e+03 5.3926e-12 6.0739e-01 1.5064e+03 2.3334e+03 2.8880e+03 3.6314e+20 1.6467e+22 1.2553e+21 7.0369e-02 2.7969e-02 5.1944e+04 5.9485e+04
4.0200e+03 5.3808e-12 6.0753e-01 1.5061e+03 2.3328e+03 2.8872e+03 3.6538e+20 1.6595e+22 1.2648e+21 7.0200e-02 2.7895e-02 5.2055e+04 5.9619e+04
4.0300e+03 5.3691e-12 6.0766e-01 1.5058e+03 2.3322e+03 2.8863e+03 3.6764e+20 1.6723e+22 1.2744e+21 7.0031e-02 2.7822e-02 5.2167e+04 5.9753e+04
4.0400e+03 5.3574e-12 6.0780e-01 1.5054e+03 2.3315e+03 2.8855e+03 3.6990e+20 1.6851e+22 1.2840e+21 6.9864e-02 2.7749e-02 5.2278e+04 5.9886e+04
4.0500e+03 5.3458e-12 6.0793e-01 1.5051e+03 2.3309e+03 2.8846e+03 3.7218e+20 1.6981e+22 1.2937e+21 6.9697e-02 2.7677e-02 5.2389e+04 6.0020e+04
4.0600e+03 5.3343e-12 6.0807e-01 1.5048e+03 2.3303e+03 2.8838e+03 3.7446e+20 1.7111e+22 1.3034e+21 6.9531e-02 2.7605e-02 5.2501e+04 6.0154e+04
4.0700e+03 5.3228e-12 6.0820e-01 1.5045e+03 2.3297e+03 2.8829e+03 3.7675e+20 1.7242e+22 1.3132e+21 6.9365e-02 2.7533e-02 5.2612e+04 6.0287e+04
4.0800e+03 5.3113e-12 6.0834e-01 1.5042e+03 2.3290e+03 2.8821e+03 3.7905e+20 1.7374e+22 1.3230e+21 6.9201e-02 2.7462e-02 5.2724e+04 6.0421e+04
4.0900e+03 5.3000e-12 6.0847e-01 1.5039e+03 2.3284e+03 2.8813e+03 3.8136e+20 1.7506e+22 1.3329e+21 6.9037e-02 2.7391e-02 5.2835e+04 6.0555e+04
4.1000e+03 5.2886e-12 6.0861e-01 1.5036e+03 2.3278e+03 2.8804e+03 3.8368e+20 1.7639e+22 1.3429e+21 6.8874e-02 2.7320e-02 5.2947e+04 6.0688e+04
4.1100e+03 5.2773e-12 6.0875e-01 1.5032e+03 2.3272e+03 2.8796e+03 3.8601e+20 1.7773e+22 1.3529e+21 6.8712e-02 2.7250e-02 5.3058e+04 6.0822e+04
4.1200e+03 5.2661e-12 6.0888e-01 1.5029e+03 2.3265e+03 2.8788e+03 3.8835e+20 1.7908e+22 1.3629e+21 6.8550e-02 2.7180e-02 5.3170e+04 6.0956e+04
4.1300e+03 5.2549e-12 6.0902e-01 1.5026e+03 2.3259e+03 2.8780e+03 3.9070e+20 1.8043e+22 1.3730e+21 6.8389e-02 2.7110e-02 5.3281e+04 6.1089e+04
4.1400e+03 5.2437e-12 6.0915e-01 1.5023e+03 2.3253e+03 2.8771e+03 3.9306e+20 1.8179e+22 1.3832e+21 6.8229e-02 2.7040e-02 5.3393e+04 6.1223e+04
4.1500e+03 5.2326e-12 6.0929e-01 1.5020e+03 2.3247e+03 2.8763e+03 3.9542e+20 1.8315e+22 1.3934e+21 6.8070e-02 2.6971e-02 5.3504e+04 6.1357e+04
4.1600e+03 5.2216e-12 6.0942e-01 1.5017e+03 2.3241e+03 2.8755e+03 3.9780e+20 1.8453e+22 1.4037e+21 6.7911e-02 2.6903e-02 5.3616e+04 6.1491e+04
4.1700e+03 5.2106e-12 6.0956e-01 1.5014e+03 2.3235e+03 2.8747e+03 4.0019e+20 1.8591e+22 1.4140e+21 6.7753e-02 2.6834e-02 5.3727e+04 6.1624e+04
4.1800e+03 5.1997e-12 6.0969e-01 1.5011e+03 2.3228e+03 2.8739e+03 4.0258e+20 1.8730e+22 1.4244e+21 6.7595e-02 2.6766e-02 5.3839e+04 6.1758e+04
4.1900e+03 5.1888e-12 6.0983e-01 1.5008e+03 2.3222e+03 2.8730e+03 4.0499e+20 1.8870e+22 1.4348e+21 6.7439e-02 2.6698e-02 5.3950e+04 6.1892e+04
4.2000e+03 5.1779e-12 6.0996e-01 1.5005e+03 2.3216e+03 2.8722e+03 4.0740e+20 1.9010e+22 1.4453e+21 6.7283e-02 2.6631e-02 5.4062e+04 6.2026e+04
4.2100e+03 5.1671e-12 6.1010e-01 1.5002e+03 2.3210e+03 2.8714e+03 4.0982e+20 1.9151e+22 1.4559e+21 6.7128e-02 2.6564e-02 5.4173e+04 6.2159e+04
4.2200e+03 5.1564e-12 6.1023e-01 1.4999e+03 2.3204e+03 2.8706e+03 4.1226e+20 1.9293e+22 1.4665e+21 6.6973e-02 2.6497e-02 5.4285e+04 6.2293e+04
4.2300e+03 5.1457e-12 6.1037e-01 1.4996e+03 2.3198e+03 2.8698e+03 4.1470e+20 1.9436e+22 1.4772e+21 6.6819e-02 2.6431e-02 5.4396e+04 6.2427e+04
4.2400e+03 5.1350e-12 6.1050e-01 1.4993e+03 2.3192e+03 2.8690e+03 4.1715e+20 1.9579e+22 1.4879e+21 6.6666e-02 2.6364e-02 5.4508e+04 6.2561e+04
4.2500e+03 5.1244e-12 6.1064e-01 1.4990e+03 2.3186e+03 2.8682e+03 4.1961e+20 1.9723e+22 1.4987e+21 6.6513e-02 2.6298e-02 5.4619e+04 6.2694e+04
4.2600e+03 5.1138e-12 6.1078e-01 1.4987e+03 2.3180e+03 2.8674e+03 4.2208e+20 1.9868e+22 1.5095e+21 6.6361e-02 2.6233e-02 5.4730e+04 6.2828e+04
4.2700e+03 5.1033e-12 6.1091e-01 1.4984e+03 2.3174e+03 2.8666e+03 4.2456e+20 2.0014e+22 1.5204e+21 6.6210e-02 2.6167e-02 5.4842e+04 6.2962e+04
4.2800e+03 5.0928e-12 6.1105e-01 1.4981e+03 2.3168e+03 2.8658e+03 4.2705e+20 2.0160e+22 1.5313e+21 6.6060e-02 2.6102e-02 5.4953e+04 6.3096e+04
4.2900e+03 5.0824e-12 6.1118e-01 1.4978e+03 2.3162e+03 2.8650e+03 4.2955e+20 2.0308e+22 1.5424e+21 6.5910e-02 2.6038e-02 5.5065e+04 6.3229e+04
4.3000e+03 5.0720e-12 6.1132e-01 1.4975e+03 2.3156e+03 2.8642e+03 4.3206e+20 2.0455e+22 1.5534e+21 6.5761e-02 2.5973e-02 5.5176e+04 6.3363e+04
4.3100e+03 5.0617e-12 6.1145e-01 1.4972e+03 2.3150e+03 2.8634e+03 4.3458e+20 2.0604e+22 1.5645e+21 6.5612e-02 2.5909e-02 5.5288e+04 6.3497e+04
4.3200e+03 5.0514e-12 6.1159e-01 1.4969e+03 2.3145e+03 2.8626e+03 4.3711e+20 2.0754e+22 1.5757e+21 6.5464e-02 2.5845e-02 5.5399e+04 6.3631e+04
4.3300e+03 5.0411e-12 6.1172e-01 1.4966e+03 2.3139e+03 2.8619e+03 4.3965e+20 2.0904e+22 1.5870e+21 6.5317e-02 2.5782e-02 5.5511e+04 6.3765e+04
4.3400e+03 5.0309e-12 6.1186e-01 1.4963e+03 2.3133e+03 2.8611e+03 4.4219e+20 2.1055e+22 1.5983e+21 6.5170e-02 2.5719e-02 5.5622e+04 6.3898e+04
4.3500e+03 5.0207e-12 6.1199e-01 1.4960e+03 2.3127e+03 2.8603e+03 4.4475e+20 2.1207e+22 1.6096e+21 6.5024e-02 2.5656e-02 5.5734e+04 6.4032e+04
4.3600e+03 5.0106e-12 6.1213e-01 1.4957e+03 2.3121e+03 2.8595e+03 4.4732e+20 2.1359e+22 1.6210e+21 6.4879e-02 2.5593e-02 5.5845e+04 6.4166e+04
4.3700e+03 5.0005e-12 6.1226e-01 1.4954e+03 2.3115e+03 2.8587e+03 4.4989e+20 2.1513e+22 1.6325e+21 6.4734e-02 2.5530e-02 5.5957e+04 6.4300e+04
4.3800e+03 4.9905e-12 6.1240e-01 1.4951e+03 2.3109e+03 2.8580e+03 4.5248e+20 2.1667e+22 1.6440e+21 6.4590e-02 2.5468e-02 5.6068e+04 6.4434e+04
4.3900e+03 4.9805e-12 6.1253e-01 1.4949e+03 2.3104e+03 2.8572e+03 4.5508e+20 2.1822e+22 1.6556e+21 6.4446e-02 2.5406e-02 5.6180e+04 6.4567e+04
4.4000e+03 4.9706e-12 6.1267e-01 1.4946e+03 2.3098e+03 2.8564e+03 4.5768e+20 2.1978e+22 1.6673e+21 6.4303e-02 2.5345e-02 5.6291e+04 6.4701e+04
4.4100e+03 4.9607e-12 6.1280e-01 1.4943e+03 2.3092e+03 2.8556e+03 4.6030e+20 2.2134e+22 1.6790e+21 6.4161e-02 2.5284e-02 5.6403e+04 6.4835e+04
4.4200e+03 4.9508e-12 6.1294e-01 1.4940e+03 2.3086e+03 2.8549e+03 4.6292e+20 2.2291e+22 1.6908e+21 6.4019e-02 2.5223e-02 5.6514e+04 6.4969e+04
4.4300e+03 4.9410e-12 6.1308e-01 1.4937e+03 2.3081e+03 2.8541e+03 4.6556e+20 2.2450e+22 1.7026e+21 6.3878e-02 2.5162e-02 5.6626e+04 6.5103e+04
4.4400e+03 4.9312e-12 6.1321e-01 1.4934e+03 2.3075e+03 2.8533e+03 4.6820e+20 2.2608e+22 1.7145e+21 6.3737e-02 2.5101e-02 5.6737e+04 6.5236e+04
4.4500e+03 4.9215e-12 6.1335e-01 1.4931e+03 2.3069e+03 2.8526e+03 4.7086e+20 2.2768e+22 1.7264e+21 6.3598e-02 2.5041e-02 5.6849e+04 6.5370e+04
4.4600e+03 4.9118e-12 6.1348e-01 1.4929e+03 2.3064e+03 2.8518e+03 4.7352e+20 2.2929e+22 1.7385e+21 6.3458e-02 2.4981e-02 5.6960e+04 6.5504e+04
4.4700e+03 4.9021e-12 6.1362e-01 1.4926e+03 2.3058e+03 2.8510e+03 4.7620e+20 2.3090e+22 1.7505e+21 6.3320e-02 2.4921e-02 5.7072e+04 6.5638e+04
4.4800e+03 4.8925e-12 6.1375e-01 1.4923e+03 2.3052e+03 2.8503e+03 4.7888e+20 2.3252e+22 1.7627e+21 6.3181e-02 2.4862e-02 5.7183e+04 6.5772e+04
4.4900e+03 4.8829e-12 6.1389e-01 1.4920e+03 2.3047e+03 2.8495e+03 4.8157e+20 2.3415e+22 1.7749e+21 6.3044e-02 2.4803e-02 5.7295e+04 6.5906e+04
4.5000e+03 4.8734e-12 6.1402e-01 1.4917e+03 2.3041e+03 2.8488e+03 4.8428e+20 2.3579e+22 1.7871e+21 6.2907e-02 2.4744e-02 5.7406e+04 6.6039e+04
4.5100e+03 4.8639e-12 6.1416e-01 1.4915e+03 2.3035e+03 2.8480e+03 4.8699e+20 2.3743e+22 1.7994e+21 6.2770e-02 2.4685e-02 5.7518e+04 6.6173e+04
4.5200e+03 4.8544e-12 6.1429e-01 1.4912e+03 2.3030e+03 2.8473e+03 4.8972e+20 2.3909e+22 1.8118e+21 6.2635e-02 2.4627e-02 5.7629e+04 6.6307e+04
4.5300e+03 4.8450e-12 6.1443e-01 1.4909e+03 2.3024e+03 2.8465e+03 4.9245e+20 2.4075e+22 1.8243e+21 6.2499e-02 2.4569e-02 5.7741e+04 6.6441e+04
4.5400e+03 4.8356e-12 6.1456e-01 1.4906e+03 2.3018e+03 2.8458e+03 4.9519e+20 2.4242e+22 1.8368e+21 6.2365e-02 2.4511e-02 5.7852e+04 6.6575e+04
4.5500e+03 0.0000e+00 0.0000e+00 1.4904e+03 0.0000e+00 2.8450e+03 0.0000e+00 0.0000e+00 0.0000e+00 0.0000e+00 0.0000e+00 0.0000e+00 0.0000e+00
