0.0000e+00 2.3990e-11 5.2821e+01 1.5000e+03 2.3336e+03 4.0000e+03 3.9658e+21 1.2748e+21 1.0059e+19 3.5998e-03 3.2517e-01 1.0101e+06 1.5374e+04
1.0000e+01 2.3855e-11 4.7874e+01 1.5131e+03 1.9098e+03 3.9901e+03 1.3415e+25 7.0913e+21 1.0532e+19 3.9494e-03 4.3150e-01 9.3061e+05 1.4463e+04
2.0000e+01 2.3720e-11 4.2791e+01 1.5284e+03 1.9579e+03 3.9770e+03 4.8855e+24 6.1127e+21 1.1197e+19 4.3935e-03 4.0636e-01 8.4700e+05 1.4906e+04
3.0000e+01 2.3586e-11 3.8472e+01 1.5432e+03 2.0088e+03 3.9646e+03 1.7722e+24 5.1996e+21 1.1867e+19 4.8593e-03 3.8328e-01 7.7491e+05 1.5308e+04
4.0000e+01 2.3454e-11 3.4772e+01 1.5574e+03 2.0567e+03 3.9530e+03 7.2979e+23 4.4752e+21 1.2539e+19 5.3461e-03 3.6374e-01 7.1232e+05 1.5640e+04
5.0000e+01 2.3322e-11 3.1572e+01 1.5711e+03 2.1019e+03 3.9419e+03 3.3345e+23 3.8925e+21 1.3216e+19 5.8549e-03 3.4685e-01 6.5746e+05 1.5915e+04
6.0000e+01 2.3191e-11 2.8783e+01 1.5844e+03 2.1447e+03 3.9313e+03 1.6588e+23 3.4171e+21 1.3899e+19 6.3862e-03 3.3200e-01 6.0901e+05 1.6145e+04
7.0000e+01 2.3062e-11 2.6335e+01 1.5974e+03 2.1853e+03 3.9213e+03 8.8571e+22 3.0242e+21 1.4590e+19 6.9407e-03 3.1874e-01 5.6595e+05 1.6339e+04
8.0000e+01 2.2933e-11 2.4175e+01 1.6100e+03 2.2240e+03 3.9116e+03 5.0203e+22 2.6959e+21 1.5290e+19 7.5187e-03 3.0675e-01 5.2748e+05 1.6504e+04
9.0000e+01 2.2805e-11 2.2259e+01 1.6223e+03 2.2610e+03 3.9022e+03 2.9944e+22 2.4189e+21 1.5998e+19 8.1204e-03 2.9581e-01 4.9294e+05 1.6645e+04
1.0000e+02 2.2678e-11 2.0552e+01 1.6343e+03 2.2964e+03 3.8932e+03 1.8663e+22 2.1831e+21 1.6715e+19 8.7461e-03 2.8572e-01 4.6180e+05 1.6766e+04
1.1000e+02 2.2553e-11 1.9025e+01 1.6461e+03 2.3303e+03 3.8845e+03 1.2085e+22 1.9809e+21 1.7442e+19 9.3958e-03 2.7635e-01 4.3362e+05 1.6872e+04
1.2000e+02 2.2428e-11 1.7653e+01 1.6576e+03 2.3629e+03 3.8761e+03 8.0920e+21 1.8060e+21 1.8178e+19 1.0070e-02 2.6759e-01 4.0803e+05 1.6965e+04
1.3000e+02 2.2304e-11 1.6418e+01 1.6688e+03 2.3942e+03 3.8680e+03 5.5808e+21 1.6539e+21 1.8924e+19 1.0767e-02 2.5936e-01 3.8473e+05 1.7047e+04
1.4000e+02 2.2181e-11 1.5302e+01 1.6799e+03 2.4244e+03 3.8601e+03 3.9511e+21 1.5208e+21 1.9679e+19 1.1489e-02 2.5159e-01 3.6344e+05 1.7119e+04
1.5000e+02 2.2059e-11 1.4291e+01 1.6907e+03 2.4535e+03 3.8524e+03 2.8634e+21 1.4037e+21 2.0444e+19 1.2234e-02 2.4422e-01 3.4395e+05 1.7185e+04
1.6000e+02 2.1937e-11 1.3372e+01 1.7013e+03 2.4816e+03 3.8450e+03 2.1191e+21 1.3000e+21 2.1217e+19 1.3003e-02 2.3720e-01 3.2606e+05 1.7244e+04
1.7000e+02 2.1817e-11 1.2535e+01 1.7116e+03 2.5087e+03 3.8378e+03 1.5981e+21 1.2079e+21 2.2000e+19 1.3795e-02 2.3049e-01 3.0960e+05 1.7299e+04
1.8000e+02 2.1698e-11 1.1771e+01 1.7218e+03 2.5350e+03 3.8308e+03 1.2259e+21 1.1256e+21 2.2791e+19 1.4610e-02 2.2407e-01 2.9443e+05 1.7349e+04
1.9000e+02 2.1579e-11 1.1073e+01 1.7318e+03 2.5604e+03 3.8240e+03 9.5509e+20 1.0519e+21 2.3590e+19 1.5447e-02 2.1791e-01 2.8041e+05 1.7396e+04
2.0000e+02 2.1462e-11 1.0432e+01 1.7416e+03 2.5850e+03 3.8173e+03 7.5465e+20 9.8551e+20 2.4397e+19 1.6306e-02 2.1198e-01 2.6744e+05 1.7440e+04
2.1000e+02 2.1345e-11 9.8438e+00 1.7512e+03 2.6089e+03 3.8109e+03 6.0401e+20 9.2555e+20 2.5211e+19 1.7186e-02 2.0626e-01 2.5542e+05 1.7483e+04
2.2000e+02 2.1229e-11 9.3025e+00 1.7607e+03 2.6320e+03 3.8046e+03 4.8918e+20 8.7122e+20 2.6032e+19 1.8087e-02 2.0075e-01 2.4426e+05 1.7523e+04
2.3000e+02 2.1114e-11 8.8036e+00 1.7699e+03 2.6545e+03 3.7985e+03 4.0050e+20 8.2182e+20 2.6859e+19 1.9009e-02 1.9541e-01 2.3388e+05 1.7563e+04
2.4000e+02 2.1000e-11 8.3429e+00 1.7790e+03 2.6763e+03 3.7926e+03 3.3120e+20 7.7677e+20 2.7693e+19 1.9950e-02 1.9025e-01 2.2421e+05 1.7602e+04
2.5000e+02 2.0886e-11 7.9169e+00 1.7879e+03 2.6976e+03 3.7868e+03 2.7644e+20 7.3559e+20 2.8532e+19 2.0910e-02 1.8524e-01 2.1519e+05 1.7640e+04
2.6000e+02 2.0774e-11 7.5222e+00 1.7966e+03 2.7182e+03 3.7812e+03 2.3272e+20 6.9783e+20 2.9376e+19 2.1889e-02 1.8039e-01 2.0677e+05 1.7678e+04
2.7000e+02 2.0662e-11 7.1562e+00 1.8052e+03 2.7382e+03 3.7757e+03 1.9749e+20 6.6314e+20 3.0224e+19 2.2885e-02 1.7568e-01 1.9890e+05 1.7716e+04
2.8000e+02 2.0551e-11 6.8162e+00 1.8136e+03 2.7578e+03 3.7703e+03 1.6884e+20 6.3118e+20 3.1076e+19 2.3897e-02 1.7110e-01 1.9152e+05 1.7754e+04
2.9000e+02 2.0441e-11 6.4999e+00 1.8219e+03 2.7768e+03 3.7651e+03 1.4535e+20 6.0168e+20 3.1931e+19 2.4926e-02 1.6665e-01 1.8461e+05 1.7792e+04
3.0000e+02 2.0332e-11 6.2054e+00 1.8300e+03 2.7953e+03 3.7601e+03 1.2594e+20 5.7440e+20 3.2789e+19 2.5970e-02 1.6232e-01 1.7813e+05 1.7831e+04
3.1000e+02 2.0224e-11 5.9307e+00 1.8379e+03 2.8133e+03 3.7551e+03 1.0979e+20 5.4911e+20 3.3650e+19 2.7027e-02 1.5811e-01 1.7204e+05 1.7870e+04
3.2000e+02 2.0116e-11 5.6742e+00 1.8457e+03 2.8309e+03 3.7503e+03 9.6253e+19 5.2564e+20 3.4512e+19 2.8099e-02 1.5401e-01 1.6631e+05 1.7910e+04
3.3000e+02 2.0009e-11 5.4344e+00 1.8533e+03 2.8480e+03 3.7456e+03 8.4842e+19 5.0380e+20 3.5375e+19 2.9183e-02 1.5001e-01 1.6092e+05 1.7951e+04
3.4000e+02 1.9903e-11 5.2100e+00 1.8608e+03 2.8646e+03 3.7411e+03 7.5162e+19 4.8346e+20 3.6238e+19 3.0278e-02 1.4612e-01 1.5584e+05 1.7993e+04
3.5000e+02 1.9798e-11 4.9998e+00 1.8682e+03 2.8809e+03 3.7366e+03 6.6905e+19 4.6448e+20 3.7102e+19 3.1384e-02 1.4233e-01 1.5105e+05 1.8036e+04
3.6000e+02 1.9693e-11 4.8026e+00 1.8753e+03 2.8967e+03 3.7323e+03 5.9825e+19 4.4675e+20 3.7965e+19 3.2500e-02 1.3864e-01 1.4652e+05 1.8080e+04
3.7000e+02 1.9589e-11 4.6175e+00 1.8824e+03 2.9122e+03 3.7281e+03 5.3722e+19 4.3016e+20 3.8826e+19 3.3625e-02 1.3504e-01 1.4225e+05 1.8125e+04
3.8000e+02 1.9486e-11 4.4436e+00 1.8893e+03 2.9273e+03 3.7240e+03 4.8437e+19 4.1462e+20 3.9687e+19 3.4758e-02 1.3153e-01 1.3821e+05 1.8172e+04
3.9000e+02 1.9384e-11 4.2799e+00 1.8961e+03 2.9420e+03 3.7200e+03 4.3841e+19 4.0003e+20 4.0545e+19 3.5898e-02 1.2810e-01 1.3439e+05 1.8219e+04
4.0000e+02 1.9283e-11 4.1258e+00 1.9027e+03 2.9563e+03 3.7161e+03 3.9825e+19 3.8634e+20 4.1400e+19 3.7043e-02 1.2477e-01 1.3077e+05 1.8268e+04
4.1000e+02 1.9182e-11 3.9806e+00 1.9092e+03 2.9703e+03 3.7123e+03 3.6303e+19 3.7346e+20 4.2252e+19 3.8194e-02 1.2151e-01 1.2734e+05 1.8318e+04
4.2000e+02 1.9082e-11 3.8436e+00 1.9156e+03 2.9839e+03 3.7086e+03 3.3202e+19 3.6134e+20 4.3101e+19 3.9349e-02 1.1834e-01 1.2409e+05 1.8370e+04
4.3000e+02 1.8983e-11 3.7143e+00 1.9218e+03 2.9972e+03 3.7050e+03 3.0462e+19 3.4992e+20 4.3945e+19 4.0508e-02 1.1525e-01 1.2100e+05 1.8423e+04
4.4000e+02 1.8884e-11 3.5920e+00 1.9279e+03 3.0102e+03 3.7015e+03 2.8032e+19 3.3914e+20 4.4785e+19 4.1668e-02 1.1223e-01 1.1807e+05 1.8477e+04
4.5000e+02 1.8786e-11 3.4765e+00 1.9339e+03 3.0229e+03 3.6981e+03 2.5870e+19 3.2897e+20 4.5620e+19 4.2831e-02 1.0929e-01 1.1528e+05 1.8533e+04
4.6000e+02 1.8689e-11 3.3671e+00 1.9397e+03 3.0353e+03 3.6947e+03 2.3941e+19 3.1936e+20 4.6450e+19 4.3993e-02 1.0642e-01 1.1263e+05 1.8590e+04
4.7000e+02 1.8593e-11 3.2635e+00 1.9454e+03 3.0473e+03 3.6915e+03 2.2214e+19 3.1028e+20 4.7273e+19 4.5156e-02 1.0363e-01 1.1011e+05 1.8648e+04
4.8000e+02 1.8497e-11 3.1653e+00 1.9510e+03 3.0591e+03 3.6883e+03 2.0664e+19 3.0167e+20 4.8091e+19 4.6317e-02 1.0090e-01 1.0772e+05 1.8709e+04
4.9000e+02 1.8402e-11 3.0721e+00 1.9565e+03 3.0705e+03 3.6853e+03 1.9268e+19 2.9352e+20 4.8902e+19 4.7476e-02 9.8250e-02 1.0543e+05 1.8770e+04
5.0000e+02 1.8307e-11 2.9837e+00 1.9618e+03 3.0817e+03 3.6823e+03 1.8009e+19 2.8580e+20 4.9706e+19 4.8632e-02 9.5662e-02 1.0326e+05 1.8833e+04
5.1000e+02 1.8214e-11 2.8997e+00 1.9671e+03 3.0927e+03 3.6794e+03 1.6869e+19 2.7847e+20 5.0503e+19 4.9785e-02 9.3141e-02 1.0118e+05 1.8898e+04
5.2000e+02 1.8121e-11 2.8199e+00 1.9722e+03 3.1033e+03 3.6765e+03 1.5835e+19 2.7152e+20 5.1293e+19 5.0933e-02 9.0685e-02 9.9201e+04 1.8963e+04
5.3000e+02 1.8028e-11 2.7439e+00 1.9772e+03 3.1137e+03 3.6738e+03 1.4896e+19 2.6491e+20 5.2074e+19 5.2076e-02 8.8292e-02 9.7312e+04 1.9031e+04
5.4000e+02 1.7937e-11 2.6717e+00 1.9821e+03 3.1238e+03 3.6711e+03 1.4040e+19 2.5863e+20 5.2848e+19 5.3213e-02 8.5961e-02 9.5509e+04 1.9100e+04
5.5000e+02 1.7846e-11 2.6028e+00 1.9869e+03 3.1337e+03 3.6685e+03 1.3258e+19 2.5266e+20 5.3613e+19 5.4343e-02 8.3691e-02 9.3786e+04 1.9170e+04
5.6000e+02 1.7755e-11 2.5372e+00 1.9915e+03 3.1433e+03 3.6659e+03 1.2543e+19 2.4698e+20 5.4370e+19 5.5466e-02 8.1481e-02 9.2140e+04 1.9242e+04
5.7000e+02 1.7666e-11 2.4746e+00 1.9961e+03 3.1527e+03 3.6635e+03 1.1888e+19 2.4157e+20 5.5119e+19 5.6581e-02 7.9330e-02 9.0566e+04 1.9315e+04
5.8000e+02 1.7577e-11 2.4149e+00 2.0006e+03 3.1618e+03 3.6610e+03 1.1286e+19 2.3641e+20 5.5858e+19 5.7688e-02 7.7235e-02 8.9060e+04 1.9390e+04
5.9000e+02 1.7488e-11 2.3579e+00 2.0049e+03 3.1708e+03 3.6587e+03 1.0732e+19 2.3150e+20 5.6588e+19 5.8785e-02 7.5197e-02 8.7620e+04 1.9466e+04
6.0000e+02 1.7400e-11 2.3035e+00 2.0092e+03 3.1795e+03 3.6564e+03 1.0222e+19 2.2682e+20 5.7309e+19 5.9872e-02 7.3214e-02 8.6242e+04 1.9543e+04
6.1000e+02 1.7313e-11 2.2515e+00 2.0133e+03 3.1879e+03 3.6542e+03 9.7513e+18 2.2235e+20 5.8021e+19 6.0949e-02 7.1284e-02 8.4922e+04 1.9622e+04
6.2000e+02 1.7227e-11 2.2017e+00 2.0174e+03 3.1962e+03 3.6520e+03 9.3159e+18 2.1809e+20 5.8724e+19 6.2015e-02 6.9407e-02 8.3658e+04 1.9702e+04
6.3000e+02 1.7141e-11 2.1541e+00 2.0213e+03 3.2042e+03 3.6499e+03 8.9128e+18 2.1402e+20 5.9417e+19 6.3070e-02 6.7582e-02 8.2447e+04 1.9784e+04
6.4000e+02 1.7055e-11 2.1085e+00 2.0252e+03 3.2121e+03 3.6478e+03 8.5389e+18 2.1013e+20 6.0100e+19 6.4112e-02 6.5807e-02 8.1287e+04 1.9866e+04
6.5000e+02 1.6971e-11 2.0648e+00 2.0289e+03 3.2197e+03 3.6458e+03 8.1918e+18 2.0642e+20 6.0774e+19 6.5143e-02 6.4081e-02 8.0174e+04 1.9950e+04
6.6000e+02 1.6887e-11 2.0230e+00 2.0326e+03 3.2271e+03 3.6439e+03 7.8690e+18 2.0287e+20 6.1438e+19 6.6160e-02 6.2404e-02 7.9107e+04 2.0036e+04
6.7000e+02 1.6803e-11 1.9829e+00 2.0362e+03 3.2344e+03 3.6420e+03 7.5684e+18 1.9947e+20 6.2092e+19 6.7164e-02 6.0774e-02 7.8084e+04 2.0122e+04
6.8000e+02 1.6720e-11 1.9444e+00 2.0396e+03 3.2414e+03 3.6401e+03 7.2882e+18 1.9623e+20 6.2737e+19 6.8155e-02 5.9190e-02 7.7102e+04 2.0210e+04
6.9000e+02 1.6638e-11 1.9075e+00 2.0430e+03 3.2483e+03 3.6383e+03 7.0267e+18 1.9313e+20 6.3371e+19 6.9132e-02 5.7652e-02 7.6160e+04 2.0299e+04
7.0000e+02 1.6556e-11 1.8721e+00 2.0463e+03 3.2549e+03 3.6366e+03 6.7823e+18 1.9016e+20 6.3997e+19 7.0095e-02 5.6158e-02 7.5255e+04 2.0389e+04
7.1000e+02 1.6475e-11 1.8380e+00 2.0496e+03 3.2614e+03 3.6349e+03 6.5536e+18 1.8731e+20 6.4612e+19 7.1043e-02 5.4706e-02 7.4387e+04 2.0480e+04
7.2000e+02 1.6394e-11 1.8053e+00 2.0527e+03 3.2677e+03 3.6332e+03 6.3395e+18 1.8459e+20 6.5218e+19 7.1977e-02 5.3297e-02 7.3553e+04 2.0572e+04
7.3000e+02 1.6314e-11 1.7739e+00 2.0558e+03 3.2739e+03 3.6316e+03 6.1388e+18 1.8199e+20 6.5814e+19 7.2895e-02 5.1930e-02 7.2752e+04 2.0665e+04
7.4000e+02 1.6235e-11 1.7436e+00 2.0587e+03 3.2799e+03 3.6300e+03 5.9504e+18 1.7949e+20 6.6401e+19 7.3798e-02 5.0602e-02 7.1983e+04 2.0759e+04
7.5000e+02 1.6156e-11 1.7145e+00 2.0616e+03 3.2857e+03 3.6285e+03 5.7735e+18 1.7710e+20 6.6978e+19 7.4686e-02 4.9314e-02 7.1243e+04 2.0855e+04
7.6000e+02 1.6078e-11 1.6865e+00 2.0645e+03 3.2913e+03 3.6270e+03 5.6071e+18 1.7481e+20 6.7546e+19 7.5559e-02 4.8064e-02 7.0533e+04 2.0951e+04
7.7000e+02 1.6000e-11 1.6595e+00 2.0672e+03 3.2968e+03 3.6255e+03 5.4506e+18 1.7262e+20 6.8104e+19 7.6415e-02 4.6851e-02 6.9850e+04 2.1047e+04
7.8000e+02 1.5923e-11 1.6336e+00 2.0699e+03 3.3022e+03 3.6241e+03 5.3032e+18 1.7052e+20 6.8653e+19 7.7256e-02 4.5675e-02 6.9193e+04 2.1145e+04
7.9000e+02 1.5846e-11 1.6085e+00 2.0725e+03 3.3073e+03 3.6227e+03 5.1642e+18 1.6850e+20 6.9194e+19 7.8081e-02 4.4535e-02 6.8562e+04 2.1244e+04
8.0000e+02 1.5770e-11 1.5844e+00 2.0750e+03 3.3124e+03 3.6213e+03 5.0332e+18 1.6657e+20 6.9725e+19 7.8889e-02 4.3429e-02 6.7955e+04 2.1343e+04
8.1000e+02 1.5694e-11 1.5611e+00 2.0774e+03 3.3173e+03 3.6200e+03 4.9095e+18 1.6472e+20 7.0247e+19 7.9682e-02 4.2358e-02 6.7372e+04 2.1442e+04
8.2000e+02 1.5619e-11 1.5386e+00 2.0798e+03 3.3220e+03 3.6187e+03 4.7926e+18 1.6295e+20 7.0761e+19 8.0458e-02 4.1319e-02 6.6811e+04 2.1543e+04
8.3000e+02 1.5544e-11 1.5170e+00 2.0821e+03 3.3266e+03 3.6175e+03 4.6821e+18 1.6125e+20 7.1266e+19 8.1218e-02 4.0312e-02 6.6271e+04 2.1644e+04
8.4000e+02 1.5470e-11 1.4960e+00 2.0844e+03 3.3311e+03 3.6163e+03 4.5776e+18 1.5962e+20 7.1762e+19 8.1962e-02 3.9337e-02 6.5752e+04 2.1745e+04
8.5000e+02 1.5397e-11 1.4758e+00 2.0866e+03 3.3355e+03 3.6151e+03 4.4788e+18 1.5806e+20 7.2250e+19 8.2690e-02 3.8393e-02 6.5252e+04 2.1847e+04
8.6000e+02 1.5324e-11 1.4563e+00 2.0887e+03 3.3397e+03 3.6139e+03 4.3851e+18 1.5656e+20 7.2730e+19 8.3401e-02 3.7478e-02 6.4772e+04 2.1950e+04
8.7000e+02 1.5251e-11 1.4374e+00 2.0908e+03 3.3438e+03 3.6127e+03 4.2964e+18 1.5512e+20 7.3202e+19 8.4096e-02 3.6591e-02 6.4310e+04 2.2053e+04
8.8000e+02 1.5179e-11 1.4192e+00 2.0928e+03 3.3477e+03 3.6116e+03 4.2123e+18 1.5375e+20 7.3666e+19 8.4776e-02 3.5734e-02 6.3866e+04 2.2156e+04
8.9000e+02 1.5108e-11 1.4015e+00 2.0947e+03 3.3516e+03 3.6105e+03 4.1325e+18 1.5243e+20 7.4122e+19 8.5439e-02 3.4903e-02 6.3438e+04 2.2259e+04
9.0000e+02 1.5037e-11 1.3844e+00 2.0966e+03 3.3553e+03 3.6095e+03 4.0568e+18 1.5117e+20 7.4571e+19 8.6085e-02 3.4099e-02 6.3027e+04 2.2363e+04
9.1000e+02 1.4966e-11 1.3679e+00 2.0984e+03 3.3589e+03 3.6085e+03 3.9849e+18 1.4996e+20 7.5012e+19 8.6716e-02 3.3322e-02 6.2632e+04 2.2467e+04
9.2000e+02 1.4896e-11 1.3519e+00 2.1002e+03 3.3624e+03 3.6074e+03 3.9166e+18 1.4880e+20 7.5446e+19 8.7332e-02 3.2569e-02 6.2251e+04 2.2570e+04
9.3000e+02 1.4827e-11 1.3364e+00 2.1019e+03 3.3658e+03 3.6064e+03 3.8518e+18 1.4769e+20 7.5872e+19 8.7931e-02 3.1841e-02 6.1885e+04 2.2674e+04
9.4000e+02 1.4757e-11 1.3214e+00 2.1035e+03 3.3691e+03 3.6055e+03 3.7902e+18 1.4663e+20 7.6292e+19 8.8515e-02 3.1137e-02 6.1533e+04 2.2778e+04
9.5000e+02 1.4689e-11 1.3069e+00 2.1051e+03 3.3722e+03 3.6045e+03 3.7316e+18 1.4562e+20 7.6705e+19 8.9083e-02 3.0456e-02 6.1195e+04 2.2882e+04
9.6000e+02 1.4621e-11 1.2928e+00 2.1067e+03 3.3753e+03 3.6036e+03 3.6758e+18 1.4465e+20 7.7111e+19 8.9636e-02 2.9797e-02 6.0870e+04 2.2985e+04
9.7000e+02 1.4553e-11 1.2792e+00 2.1082e+03 3.3783e+03 3.6027e+03 3.6228e+18 1.4372e+20 7.7511e+19 9.0173e-02 2.9161e-02 6.0557e+04 2.3089e+04
9.8000e+02 1.4486e-11 1.2659e+00 2.1097e+03 3.3811e+03 3.6018e+03 3.5724e+18 1.4283e+20 7.7904e+19 9.0696e-02 2.8545e-02 6.0256e+04 2.3192e+04
9.9000e+02 1.4419e-11 1.2531e+00 2.1111e+03 3.3839e+03 3.6009e+03 3.5244e+18 1.4198e+20 7.8292e+19 9.1203e-02 2.7951e-02 5.9967e+04 2.3295e+04
1.0000e+03 1.4353e-11 1.2406e+00 2.1124e+03 3.3866e+03 3.6001e+03 3.4787e+18 1.4117e+20 7.8673e+19 9.1696e-02 2.7376e-02 5.9689e+04 2.3398e+04
1.0100e+03 1.4287e-11 1.2285e+00 2.1137e+03 3.3892e+03 3.5993e+03 3.4352e+18 1.4040e+20 7.9048e+19 9.2174e-02 2.6821e-02 5.9423e+04 2.3500e+04
1.0200e+03 1.4222e-11 1.2168e+00 2.1150e+03 3.3917e+03 3.5984e+03 3.3938e+18 1.3966e+20 7.9418e+19 9.2637e-02 2.6285e-02 5.9166e+04 2.3601e+04
1.0300e+03 1.4157e-11 1.2054e+00 2.1162e+03 3.3941e+03 3.5976e+03 3.3544e+18 1.3896e+20 7.9782e+19 9.3087e-02 2.5767e-02 5.8920e+04 2.3702e+04
1.0400e+03 1.4092e-11 1.1943e+00 2.1174e+03 3.3964e+03 3.5969e+03 3.3168e+18 1.3829e+20 8.0141e+19 9.3522e-02 2.5267e-02 5.8684e+04 2.3803e+04
1.0500e+03 1.4028e-11 1.1836e+00 2.1186e+03 3.3986e+03 3.5961e+03 3.2811e+18 1.3765e+20 8.0494e+19 9.3943e-02 2.4784e-02 5.8457e+04 2.3903e+04
1.0600e+03 1.3965e-11 1.1731e+00 2.1197e+03 3.4008e+03 3.5953e+03 3.2470e+18 1.3704e+20 8.0842e+19 9.4351e-02 2.4319e-02 5.8240e+04 2.4002e+04
1.0700e+03 1.3902e-11 1.1630e+00 2.1207e+03 3.4028e+03 3.5946e+03 3.2146e+18 1.3647e+20 8.1186e+19 9.4745e-02 2.3869e-02 5.8031e+04 2.4100e+04
1.0800e+03 1.3839e-11 1.1531e+00 2.1217e+03 3.4048e+03 3.5939e+03 3.1838e+18 1.3592e+20 8.1525e+19 9.5125e-02 2.3435e-02 5.7831e+04 2.4198e+04
1.0900e+03 1.3777e-11 1.1435e+00 2.1227e+03 3.4068e+03 3.5932e+03 3.1544e+18 1.3540e+20 8.1858e+19 9.5493e-02 2.3017e-02 5.7640e+04 2.4295e+04
1.1000e+03 1.3715e-11 1.1341e+00 2.1237e+03 3.4086e+03 3.5925e+03 3.1264e+18 1.3491e+20 8.2188e+19 9.5847e-02 2.2613e-02 5.7456e+04 2.4391e+04
1.1100e+03 1.3653e-11 1.1250e+00 2.1246e+03 3.4104e+03 3.5918e+03 3.0998e+18 1.3445e+20 8.2513e+19 9.6189e-02 2.2224e-02 5.7280e+04 2.4486e+04
1.1200e+03 1.3592e-11 1.1162e+00 2.1254e+03 3.4121e+03 3.5911e+03 3.0745e+18 1.3401e+20 8.2834e+19 9.6518e-02 2.1849e-02 5.7112e+04 2.4580e+04
1.1300e+03 1.3532e-11 1.1076e+00 2.1263e+03 3.4137e+03 3.5904e+03 3.0504e+18 1.3359e+20 8.3151e+19 9.6835e-02 2.1488e-02 5.6951e+04 2.4673e+04
1.1400e+03 1.3471e-11 1.0992e+00 2.1271e+03 3.4153e+03 3.5898e+03 3.0275e+18 1.3320e+20 8.3464e+19 9.7140e-02 2.1139e-02 5.6797e+04 2.4764e+04
1.1500e+03 1.3412e-11 1.0910e+00 2.1279e+03 3.4168e+03 3.5891e+03 3.0058e+18 1.3284e+20 8.3773e+19 9.7433e-02 2.0804e-02 5.6650e+04 2.4855e+04
1.1600e+03 1.3352e-11 1.0831e+00 2.1286e+03 3.4182e+03 3.5885e+03 2.9851e+18 1.3250e+20 8.4078e+19 9.7714e-02 2.0480e-02 5.6510e+04 2.4945e+04
1.1700e+03 1.3293e-11 1.0753e+00 2.1293e+03 3.4196e+03 3.5879e+03 2.9655e+18 1.3218e+20 8.4380e+19 9.7983e-02 2.0169e-02 5.6376e+04 2.5033e+04
1.1800e+03 1.3235e-11 1.0677e+00 2.1300e+03 3.4209e+03 3.5873e+03 2.9469e+18 1.3188e+20 8.4678e+19 9.8241e-02 1.9870e-02 5.6248e+04 2.5120e+04
1.1900e+03 1.3176e-11 1.0604e+00 2.1306e+03 3.4221e+03 3.5867e+03 2.9292e+18 1.3160e+20 8.4974e+19 9.8488e-02 1.9581e-02 5.6127e+04 2.5206e+04
1.2000e+03 1.3119e-11 1.0532e+00 2.1312e+03 3.4233e+03 3.5861e+03 2.9125e+18 1.3135e+20 8.5266e+19 9.8725e-02 1.9304e-02 5.6011e+04 2.5291e+04
1.2100e+03 1.3061e-11 1.0462e+00 2.1318e+03 3.4245e+03 3.5855e+03 2.8966e+18 1.3111e+20 8.5554e+19 9.8950e-02 1.9037e-02 5.5901e+04 2.5374e+04
1.2200e+03 1.3004e-11 1.0394e+00 2.1324e+03 3.4255e+03 3.5849e+03 2.8816e+18 1.3089e+20 8.5840e+19 9.9165e-02 1.8780e-02 5.5797e+04 2.5456e+04
1.2300e+03 1.2947e-11 1.0327e+00 2.1329e+03 3.4266e+03 3.5843e+03 2.8675e+18 1.3070e+20 8.6123e+19 9.9370e-02 1.8534e-02 5.5698e+04 2.5536e+04
1.2400e+03 1.2891e-11 1.0262e+00 2.1334e+03 3.4275e+03 3.5838e+03 2.8541e+18 1.3052e+20 8.6404e+19 9.9564e-02 1.8297e-02 5.5604e+04 2.5615e+04
1.2500e+03 1.2835e-11 1.0199e+00 2.1339e+03 3.4285e+03 3.5832e+03 2.8415e+18 1.3036e+20 8.6682e+19 9.9749e-02 1.8069e-02 5.5516e+04 2.5693e+04
1.2600e+03 1.2780e-11 1.0137e+00 2.1343e+03 3.4293e+03 3.5827e+03 2.8296e+18 1.3021e+20 8.6957e+19 9.9924e-02 1.7851e-02 5.5432e+04 2.5769e+04
1.2700e+03 1.2725e-11 1.0076e+00 2.1348e+03 3.4301e+03 3.5821e+03 2.8185e+18 1.3009e+20 8.7230e+19 1.0009e-01 1.7641e-02 5.5353e+04 2.5844e+04
1.2800e+03 1.2670e-11 1.0017e+00 2.1352e+03 3.4309e+03 3.5816e+03 2.8080e+18 1.2998e+20 8.7500e+19 1.0025e-01 1.7440e-02 5.5279e+04 2.5917e+04
1.2900e+03 1.2615e-11 9.9598e-01 2.1355e+03 3.4316e+03 3.5810e+03 2.7982e+18 1.2988e+20 8.7769e+19 1.0039e-01 1.7247e-02 5.5209e+04 2.5989e+04
1.3000e+03 1.2561e-11 9.9034e-01 2.1359e+03 3.4323e+03 3.5805e+03 2.7890e+18 1.2981e+20 8.8035e+19 1.0053e-01 1.7062e-02 5.5144e+04 2.6059e+04
1.3100e+03 1.2508e-11 9.8484e-01 2.1362e+03 3.4330e+03 3.5800e+03 2.7804e+18 1.2974e+20 8.8300e+19 1.0066e-01 1.6884e-02 5.5083e+04 2.6128e+04
1.3200e+03 1.2454e-11 9.7947e-01 2.1365e+03 3.4335e+03 3.5795e+03 2.7725e+18 1.2970e+20 8.8562e+19 1.0078e-01 1.6714e-02 5.5026e+04 2.6195e+04
1.3300e+03 1.2401e-11 9.7421e-01 2.1368e+03 3.4341e+03 3.5790e+03 2.7651e+18 1.2967e+20 8.8823e+19 1.0089e-01 1.6552e-02 5.4973e+04 2.6261e+04
1.3400e+03 1.2349e-11 9.6907e-01 2.1371e+03 3.4346e+03 3.5785e+03 2.7583e+18 1.2965e+20 8.9082e+19 1.0100e-01 1.6396e-02 5.4924e+04 2.6325e+04
1.3500e+03 1.2296e-11 9.6405e-01 2.1373e+03 3.4351e+03 3.5780e+03 2.7520e+18 1.2965e+20 8.9339e+19 1.0109e-01 1.6248e-02 5.4879e+04 2.6387e+04
1.3600e+03 1.2244e-11 9.5914e-01 2.1375e+03 3.4355e+03 3.5775e+03 2.7462e+18 1.2966e+20 8.9595e+19 1.0118e-01 1.6106e-02 5.4838e+04 2.6448e+04
1.3700e+03 1.2193e-11 9.5433e-01 2.1378e+03 3.4359e+03 3.5770e+03 2.7410e+18 1.2968e+20 8.9849e+19 1.0126e-01 1.5970e-02 5.4800e+04 2.6508e+04
1.3800e+03 1.2141e-11 9.4963e-01 2.1379e+03 3.4362e+03 3.5765e+03 2.7362e+18 1.2972e+20 9.0102e+19 1.0134e-01 1.5841e-02 5.4766e+04 2.6565e+04
1.3900e+03 1.2090e-11 9.4503e-01 2.1381e+03 3.4366e+03 3.5760e+03 2.7320e+18 1.2977e+20 9.0354e+19 1.0140e-01 1.5717e-02 5.4736e+04 2.6622e+04
1.4000e+03 1.2040e-11 9.4053e-01 2.1383e+03 3.4368e+03 3.5755e+03 2.7282e+18 1.2983e+20 9.0605e+19 1.0146e-01 1.5600e-02 5.4708e+04 2.6677e+04
1.4100e+03 1.1990e-11 9.3612e-01 2.1384e+03 3.4371e+03 3.5751e+03 2.7248e+18 1.2991e+20 9.0854e+19 1.0151e-01 1.5488e-02 5.4684e+04 2.6730e+04
1.4200e+03 1.1940e-11 9.3181e-01 2.1385e+03 3.4373e+03 3.5746e+03 2.7219e+18 1.3000e+20 9.1103e+19 1.0156e-01 1.5381e-02 5.4663e+04 2.6782e+04
1.4300e+03 1.1890e-11 9.2758e-01 2.1386e+03 3.4375e+03 3.5741e+03 2.7194e+18 1.3010e+20 9.1350e+19 1.0160e-01 1.5280e-02 5.4645e+04 2.6832e+04
1.4400e+03 1.1841e-11 9.2345e-01 2.1387e+03 3.4376e+03 3.5737e+03 2.7173e+18 1.3021e+20 9.1597e+19 1.0163e-01 1.5184e-02 5.4630e+04 2.6881e+04
1.4500e+03 1.1792e-11 9.1940e-01 2.1387e+03 3.4377e+03 3.5732e+03 2.7156e+18 1.3034e+20 9.1842e+19 1.0166e-01 1.5093e-02 5.4619e+04 2.6928e+04
1.4600e+03 1.1743e-11 9.1543e-01 2.1388e+03 3.4378e+03 3.5728e+03 2.7144e+18 1.3047e+20 9.2087e+19 1.0167e-01 1.5007e-02 5.4609e+04 2.6974e+04
1.4700e+03 1.1695e-11 9.1154e-01 2.1388e+03 3.4379e+03 3.5723e+03 2.7135e+18 1.3062e+20 9.2332e+19 1.0169e-01 1.4925e-02 5.4603e+04 2.7019e+04
1.4800e+03 1.1647e-11 9.0773e-01 2.1389e+03 3.4379e+03 3.5718e+03 2.7129e+18 1.3078e+20 9.2575e+19 1.0170e-01 1.4848e-02 5.4600e+04 2.7062e+04
1.4900e+03 1.1599e-11 9.0399e-01 2.1389e+03 3.4379e+03 3.5714e+03 2.7128e+18 1.3094e+20 9.2818e+19 1.0170e-01 1.4776e-02 5.4599e+04 2.7103e+04
1.5000e+03 1.1552e-11 9.0033e-01 2.1388e+03 3.4379e+03 3.5709e+03 2.7129e+18 1.3112e+20 9.3061e+19 1.0169e-01 1.4707e-02 5.4600e+04 2.7144e+04
1.5100e+03 1.1505e-11 8.9674e-01 2.1388e+03 3.4378e+03 3.5705e+03 2.7135e+18 1.3131e+20 9.3303e+19 1.0169e-01 1.4643e-02 5.4605e+04 2.7183e+04
1.5200e+03 1.1458e-11 8.9322e-01 2.1388e+03 3.4377e+03 3.5700e+03 2.7143e+18 1.3151e+20 9.3545e+19 1.0167e-01 1.4583e-02 5.4611e+04 2.7220e+04
1.5300e+03 1.1411e-11 8.8977e-01 2.1387e+03 3.4376e+03 3.5696e+03 2.7155e+18 1.3172e+20 9.3786e+19 1.0165e-01 1.4527e-02 5.4620e+04 2.7257e+04
1.5400e+03 1.1365e-11 8.8638e-01 2.1387e+03 3.4375e+03 3.5692e+03 2.7170e+18 1.3194e+20 9.4027e+19 1.0163e-01 1.4474e-02 5.4632e+04 2.7292e+04
1.5500e+03 1.1319e-11 8.8306e-01 2.1386e+03 3.4373e+03 3.5687e+03 2.7189e+18 1.3217e+20 9.4268e+19 1.0160e-01 1.4425e-02 5.4645e+04 2.7325e+04
1.5600e+03 1.1274e-11 8.7980e-01 2.1385e+03 3.4372e+03 3.5683e+03 2.7210e+18 1.3241e+20 9.4509e+19 1.0156e-01 1.4379e-02 5.4661e+04 2.7358e+04
1.5700e+03 1.1228e-11 8.7660e-01 2.1384e+03 3.4369e+03 3.5678e+03 2.7234e+18 1.3266e+20 9.4750e+19 1.0152e-01 1.4337e-02 5.4679e+04 2.7389e+04
1.5800e+03 1.1183e-11 8.7346e-01 2.1383e+03 3.4367e+03 3.5674e+03 2.7261e+18 1.3291e+20 9.4991e+19 1.0148e-01 1.4299e-02 5.4699e+04 2.7419e+04
1.5900e+03 1.1139e-11 8.7038e-01 2.1382e+03 3.4365e+03 3.5670e+03 2.7291e+18 1.3318e+20 9.5232e+19 1.0143e-01 1.4263e-02 5.4721e+04 2.7448e+04
1.6000e+03 1.1094e-11 8.6735e-01 2.1381e+03 3.4362e+03 3.5665e+03 2.7324e+18 1.3346e+20 9.5472e+19 1.0138e-01 1.4230e-02 5.4745e+04 2.7476e+04
1.6100e+03 1.1050e-11 8.6438e-01 2.1379e+03 3.4359e+03 3.5661e+03 2.7360e+18 1.3374e+20 9.5713e+19 1.0133e-01 1.4201e-02 5.4771e+04 2.7503e+04
1.6200e+03 1.1006e-11 8.6146e-01 2.1378e+03 3.4356e+03 3.5657e+03 2.7398e+18 1.3403e+20 9.5955e+19 1.0127e-01 1.4174e-02 5.4800e+04 2.7529e+04
1.6300e+03 1.0963e-11 8.5860e-01 2.1376e+03 3.4353e+03 3.5652e+03 2.7439e+18 1.3433e+20 9.6196e+19 1.0120e-01 1.4151e-02 5.4829e+04 2.7554e+04
1.6400e+03 1.0919e-11 8.5578e-01 2.1374e+03 3.4349e+03 3.5648e+03 2.7482e+18 1.3464e+20 9.6437e+19 1.0113e-01 1.4129e-02 5.4861e+04 2.7577e+04
1.6500e+03 1.0876e-11 8.5301e-01 2.1372e+03 3.4346e+03 3.5644e+03 2.7528e+18 1.3496e+20 9.6679e+19 1.0106e-01 1.4111e-02 5.4895e+04 2.7600e+04
1.6600e+03 1.0834e-11 8.5030e-01 2.1370e+03 3.4342e+03 3.5640e+03 2.7576e+18 1.3529e+20 9.6922e+19 1.0099e-01 1.4095e-02 5.4930e+04 2.7622e+04
1.6700e+03 1.0791e-11 8.4762e-01 2.1368e+03 3.4338e+03 3.5635e+03 2.7627e+18 1.3562e+20 9.7164e+19 1.0091e-01 1.4082e-02 5.4967e+04 2.7642e+04
1.6800e+03 1.0749e-11 8.4500e-01 2.1366e+03 3.4334e+03 3.5631e+03 2.7680e+18 1.3597e+20 9.7407e+19 1.0082e-01 1.4071e-02 5.5005e+04 2.7662e+04
1.6900e+03 1.0707e-11 8.4242e-01 2.1364e+03 3.4329e+03 3.5627e+03 2.7735e+18 1.3632e+20 9.7651e+19 1.0074e-01 1.4062e-02 5.5046e+04 2.7681e+04
1.7000e+03 1.0665e-11 8.3988e-01 2.1362e+03 3.4325e+03 3.5622e+03 2.7793e+18 1.3667e+20 9.7895e+19 1.0065e-01 1.4055e-02 5.5087e+04 2.7700e+04
1.7100e+03 1.0624e-11 8.3738e-01 2.1360e+03 3.4320e+03 3.5618e+03 2.7853e+18 1.3704e+20 9.8139e+19 1.0056e-01 1.4051e-02 5.5131e+04 2.7717e+04
1.7200e+03 1.0583e-11 8.3493e-01 2.1357e+03 3.4315e+03 3.5614e+03 2.7915e+18 1.3741e+20 9.8385e+19 1.0046e-01 1.4049e-02 5.5175e+04 2.7734e+04
1.7300e+03 1.0542e-11 8.3251e-01 2.1355e+03 3.4310e+03 3.5610e+03 2.7979e+18 1.3780e+20 9.8631e+19 1.0037e-01 1.4049e-02 5.5222e+04 2.7750e+04
1.7400e+03 1.0501e-11 8.3014e-01 2.1352e+03 3.4305e+03 3.5605e+03 2.8046e+18 1.3818e+20 9.8877e+19 1.0027e-01 1.4050e-02 5.5269e+04 2.7765e+04
1.7500e+03 1.0461e-11 8.2780e-01 2.1349e+03 3.4300e+03 3.5601e+03 2.8114e+18 1.3858e+20 9.9124e+19 1.0016e-01 1.4054e-02 5.5319e+04 2.7779e+04
1.7600e+03 1.0421e-11 8.2550e-01 2.1347e+03 3.4294e+03 3.5597e+03 2.8185e+18 1.3898e+20 9.9372e+19 1.0006e-01 1.4059e-02 5.5369e+04 2.7793e+04
1.7700e+03 1.0381e-11 8.2324e-01 2.1344e+03 3.4289e+03 3.5592e+03 2.8257e+18 1.3939e+20 9.9621e+19 9.9947e-02 1.4066e-02 5.5421e+04 2.7806e+04
1.7800e+03 1.0342e-11 8.2101e-01 2.1341e+03 3.4283e+03 3.5588e+03 2.8332e+18 1.3981e+20 9.9870e+19 9.9836e-02 1.4075e-02 5.5474e+04 2.7818e+04
1.7900e+03 1.0302e-11 8.1882e-01 2.1338e+03 3.4277e+03 3.5584e+03 2.8408e+18 1.4024e+20 1.0012e+20 9.9722e-02 1.4086e-02 5.5529e+04 2.7830e+04
1.8000e+03 1.0263e-11 8.1666e-01 2.1335e+03 3.4271e+03 3.5580e+03 2.8486e+18 1.4067e+20 1.0037e+20 9.9606e-02 1.4098e-02 5.5584e+04 2.7842e+04
1.8100e+03 1.0224e-11 8.1454e-01 2.1332e+03 3.4265e+03 3.5575e+03 2.8567e+18 1.4111e+20 1.0062e+20 9.9488e-02 1.4111e-02 5.5641e+04 2.7852e+04
1.8200e+03 1.0186e-11 8.1245e-01 2.1329e+03 3.4259e+03 3.5571e+03 2.8649e+18 1.4155e+20 1.0088e+20 9.9367e-02 1.4127e-02 5.5699e+04 2.7863e+04
1.8300e+03 1.0147e-11 8.1038e-01 2.1326e+03 3.4253e+03 3.5567e+03 2.8733e+18 1.4201e+20 1.0113e+20 9.9245e-02 1.4143e-02 5.5758e+04 2.7872e+04
1.8400e+03 1.0109e-11 8.0835e-01 2.1323e+03 3.4246e+03 3.5562e+03 2.8818e+18 1.4246e+20 1.0139e+20 9.9120e-02 1.4161e-02 5.5819e+04 2.7882e+04
1.8500e+03 1.0071e-11 8.0635e-01 2.1319e+03 3.4240e+03 3.5558e+03 2.8906e+18 1.4293e+20 1.0164e+20 9.8993e-02 1.4180e-02 5.5880e+04 2.7890e+04
1.8600e+03 1.0033e-11 8.0438e-01 2.1316e+03 3.4233e+03 3.5554e+03 2.8995e+18 1.4340e+20 1.0190e+20 9.8864e-02 1.4201e-02 5.5943e+04 2.7899e+04
1.8700e+03 9.9960e-12 8.0244e-01 2.1312e+03 3.4227e+03 3.5550e+03 2.9086e+18 1.4388e+20 1.0216e+20 9.8734e-02 1.4222e-02 5.6007e+04 2.7907e+04
1.8800e+03 9.9588e-12 8.0053e-01 2.1309e+03 3.4220e+03 3.5545e+03 2.9179e+18 1.4437e+20 1.0242e+20 9.8602e-02 1.4245e-02 5.6071e+04 2.7914e+04
1.8900e+03 9.9219e-12 7.9864e-01 2.1306e+03 3.4213e+03 3.5541e+03 2.9273e+18 1.4486e+20 1.0268e+20 9.8468e-02 1.4269e-02 5.6137e+04 2.7921e+04
1.9000e+03 9.8851e-12 7.9678e-01 2.1302e+03 3.4206e+03 3.5537e+03 2.9369e+18 1.4536e+20 1.0294e+20 9.8332e-02 1.4294e-02 5.6204e+04 2.7928e+04
1.9100e+03 9.8486e-12 7.9495e-01 2.1298e+03 3.4199e+03 3.5532e+03 2.9467e+18 1.4586e+20 1.0320e+20 9.8194e-02 1.4321e-02 5.6271e+04 2.7935e+04
1.9200e+03 9.8123e-12 7.9315e-01 2.1295e+03 3.4192e+03 3.5528e+03 2.9566e+18 1.4637e+20 1.0347e+20 9.8056e-02 1.4348e-02 5.6340e+04 2.7941e+04
1.9300e+03 9.7763e-12 7.9136e-01 2.1291e+03 3.4184e+03 3.5523e+03 2.9667e+18 1.4689e+20 1.0373e+20 9.7915e-02 1.4376e-02 5.6410e+04 2.7947e+04
1.9400e+03 9.7404e-12 7.8961e-01 2.1287e+03 3.4177e+03 3.5519e+03 2.9769e+18 1.4741e+20 1.0400e+20 9.7773e-02 1.4405e-02 5.6480e+04 2.7952e+04
1.9500e+03 9.7048e-12 7.8787e-01 2.1284e+03 3.4169e+03 3.5515e+03 2.9873e+18 1.4794e+20 1.0427e+20 9.7630e-02 1.4435e-02 5.6551e+04 2.7958e+04
1.9600e+03 9.6694e-12 7.8616e-01 2.1280e+03 3.4162e+03 3.5510e+03 2.9978e+18 1.4848e+20 1.0454e+20 9.7485e-02 1.4466e-02 5.6624e+04 2.7963e+04
1.9700e+03 9.6342e-12 7.8448e-01 2.1276e+03 3.4154e+03 3.5506e+03 3.0085e+18 1.4902e+20 1.0481e+20 9.7339e-02 1.4497e-02 5.6697e+04 2.7968e+04
1.9800e+03 9.5992e-12 7.8281e-01 2.1272e+03 3.4147e+03 3.5502e+03 3.0194e+18 1.4957e+20 1.0508e+20 9.7192e-02 1.4530e-02 5.6771e+04 2.7972e+04
1.9900e+03 9.5645e-12 7.8117e-01 2.1268e+03 3.4139e+03 3.5497e+03 3.0304e+18 1.5012e+20 1.0535e+20 9.7044e-02 1.4563e-02 5.6845e+04 2.7977e+04
2.0000e+03 9.5299e-12 7.7955e-01 2.1264e+03 3.4131e+03 3.5493e+03 3.0415e+18 1.5068e+20 1.0563e+20 9.6894e-02 1.4597e-02 5.6921e+04 2.7981e+04
2.0100e+03 9.4956e-12 7.7795e-01 2.1260e+03 3.4123e+03 3.5488e+03 3.0528e+18 1.5124e+20 1.0590e+20 9.6744e-02 1.4632e-02 5.6997e+04 2.7985e+04
2.0200e+03 9.4615e-12 7.7637e-01 2.1256e+03 3.4115e+03 3.5484e+03 3.0643e+18 1.5181e+20 1.0618e+20 9.6592e-02 1.4667e-02 5.7074e+04 2.7989e+04
2.0300e+03 9.4276e-12 7.7482e-01 2.1252e+03 3.4107e+03 3.5479e+03 3.0758e+18 1.5239e+20 1.0646e+20 9.6439e-02 1.4703e-02 5.7152e+04 2.7993e+04
2.0400e+03 9.3939e-12 7.7328e-01 2.1248e+03 3.4099e+03 3.5475e+03 3.0875e+18 1.5297e+20 1.0674e+20 9.6286e-02 1.4739e-02 5.7231e+04 2.7997e+04
2.0500e+03 9.3604e-12 7.7176e-01 2.1244e+03 3.4091e+03 3.5470e+03 3.0994e+18 1.5356e+20 1.0702e+20 9.6131e-02 1.4776e-02 5.7310e+04 2.8001e+04
2.0600e+03 9.3271e-12 7.7026e-01 2.1240e+03 3.4083e+03 3.5466e+03 3.1114e+18 1.5416e+20 1.0730e+20 9.5975e-02 1.4814e-02 5.7390e+04 2.8004e+04
2.0700e+03 9.2940e-12 7.6878e-01 2.1236e+03 3.4075e+03 3.5461e+03 3.1235e+18 1.5476e+20 1.0759e+20 9.5819e-02 1.4852e-02 5.7470e+04 2.8008e+04
2.0800e+03 9.2611e-12 7.6732e-01 2.1232e+03 3.4067e+03 3.5457e+03 3.1358e+18 1.5536e+20 1.0788e+20 9.5662e-02 1.4890e-02 5.7552e+04 2.8011e+04
2.0900e+03 9.2284e-12 7.6587e-01 2.1227e+03 3.4058e+03 3.5452e+03 3.1482e+18 1.5597e+20 1.0817e+20 9.5504e-02 1.4929e-02 5.7634e+04 2.8014e+04
2.1000e+03 9.1959e-12 7.6444e-01 2.1223e+03 3.4050e+03 3.5448e+03 3.1607e+18 1.5659e+20 1.0845e+20 9.5345e-02 1.4969e-02 5.7716e+04 2.8018e+04
2.1100e+03 9.1636e-12 7.6303e-01 2.1219e+03 3.4041e+03 3.5443e+03 3.1733e+18 1.5721e+20 1.0875e+20 9.5186e-02 1.5009e-02 5.7799e+04 2.8021e+04
2.1200e+03 9.1315e-12 7.6164e-01 2.1215e+03 3.4033e+03 3.5439e+03 3.1861e+18 1.5784e+20 1.0904e+20 9.5026e-02 1.5049e-02 5.7883e+04 2.8024e+04
2.1300e+03 9.0995e-12 7.6026e-01 2.1210e+03 3.4024e+03 3.5434e+03 3.1990e+18 1.5848e+20 1.0933e+20 9.4865e-02 1.5089e-02 5.7968e+04 2.8027e+04
2.1400e+03 9.0678e-12 7.5890e-01 2.1206e+03 3.4016e+03 3.5429e+03 3.2121e+18 1.5912e+20 1.0963e+20 9.4704e-02 1.5130e-02 5.8053e+04 2.8031e+04
2.1500e+03 9.0363e-12 7.5756e-01 2.1202e+03 3.4007e+03 3.5425e+03 3.2252e+18 1.5976e+20 1.0993e+20 9.4542e-02 1.5172e-02 5.8138e+04 2.8034e+04
2.1600e+03 9.0049e-12 7.5623e-01 2.1197e+03 3.3998e+03 3.5420e+03 3.2385e+18 1.6041e+20 1.1023e+20 9.4380e-02 1.5213e-02 5.8224e+04 2.8037e+04
2.1700e+03 8.9738e-12 7.5492e-01 2.1193e+03 3.3990e+03 3.5416e+03 3.2519e+18 1.6107e+20 1.1053e+20 9.4217e-02 1.5255e-02 5.8311e+04 2.8040e+04
2.1800e+03 8.9428e-12 7.5362e-01 2.1189e+03 3.3981e+03 3.5411e+03 3.2655e+18 1.6173e+20 1.1083e+20 9.4054e-02 1.5297e-02 5.8398e+04 2.8044e+04
2.1900e+03 8.9120e-12 7.5233e-01 2.1184e+03 3.3972e+03 3.5406e+03 3.2791e+18 1.6240e+20 1.1114e+20 9.3890e-02 1.5339e-02 5.8486e+04 2.8047e+04
2.2000e+03 8.8814e-12 7.5106e-01 2.1180e+03 3.3963e+03 3.5402e+03 3.2929e+18 1.6307e+20 1.1145e+20 9.3726e-02 1.5382e-02 5.8574e+04 2.8050e+04
2.2100e+03 8.8510e-12 7.4981e-01 2.1175e+03 3.3955e+03 3.5397e+03 3.3068e+18 1.6375e+20 1.1175e+20 9.3561e-02 1.5424e-02 5.8663e+04 2.8054e+04
2.2200e+03 8.8207e-12 7.4857e-01 2.1171e+03 3.3946e+03 3.5392e+03 3.3209e+18 1.6443e+20 1.1206e+20 9.3396e-02 1.5467e-02 5.8752e+04 2.8057e+04
2.2300e+03 8.7907e-12 7.4734e-01 2.1166e+03 3.3937e+03 3.5388e+03 3.3350e+18 1.6512e+20 1.1238e+20 9.3231e-02 1.5510e-02 5.8842e+04 2.8061e+04
2.2400e+03 8.7608e-12 7.4612e-01 2.1162e+03 3.3928e+03 3.5383e+03 3.3493e+18 1.6581e+20 1.1269e+20 9.3065e-02 1.5553e-02 5.8932e+04 2.8065e+04
2.2500e+03 8.7311e-12 7.4492e-01 2.1157e+03 3.3919e+03 3.5378e+03 3.3636e+18 1.6651e+20 1.1301e+20 9.2899e-02 1.5597e-02 5.9023e+04 2.8068e+04
2.2600e+03 8.7016e-12 7.4373e-01 2.1153e+03 3.3910e+03 3.5373e+03 3.3781e+18 1.6722e+20 1.1332e+20 9.2733e-02 1.5640e-02 5.9114e+04 2.8072e+04
2.2700e+03 8.6722e-12 7.4256e-01 2.1148e+03 3.3901e+03 3.5369e+03 3.3927e+18 1.6792e+20 1.1364e+20 9.2566e-02 1.5683e-02 5.9206e+04 2.8076e+04
2.2800e+03 8.6430e-12 7.4139e-01 2.1144e+03 3.3892e+03 3.5364e+03 3.4074e+18 1.6864e+20 1.1397e+20 9.2400e-02 1.5727e-02 5.9298e+04 2.8080e+04
2.2900e+03 8.6140e-12 7.4024e-01 2.1139e+03 3.3883e+03 3.5359e+03 3.4223e+18 1.6936e+20 1.1429e+20 9.2233e-02 1.5771e-02 5.9390e+04 2.8084e+04
2.3000e+03 8.5852e-12 7.3910e-01 2.1134e+03 3.3874e+03 3.5354e+03 3.4372e+18 1.7009e+20 1.1461e+20 9.2066e-02 1.5814e-02 5.9483e+04 2.8088e+04
2.3100e+03 8.5565e-12 7.3797e-01 2.1130e+03 3.3865e+03 3.5349e+03 3.4523e+18 1.7082e+20 1.1494e+20 9.1898e-02 1.5858e-02 5.9576e+04 2.8092e+04
2.3200e+03 8.5280e-12 7.3686e-01 2.1125e+03 3.3855e+03 3.5345e+03 3.4675e+18 1.7155e+20 1.1527e+20 9.1731e-02 1.5902e-02 5.9670e+04 2.8097e+04
2.3300e+03 8.4997e-12 7.3575e-01 2.1121e+03 3.3846e+03 3.5340e+03 3.4827e+18 1.7230e+20 1.1560e+20 9.1563e-02 1.5945e-02 5.9764e+04 2.8101e+04
2.3400e+03 8.4715e-12 7.3466e-01 2.1116e+03 3.3837e+03 3.5335e+03 3.4981e+18 1.7304e+20 1.1593e+20 9.1396e-02 1.5989e-02 5.9858e+04 2.8106e+04
2.3500e+03 8.4435e-12 7.3358e-01 2.1111e+03 3.3828e+03 3.5330e+03 3.5136e+18 1.7380e+20 1.1627e+20 9.1228e-02 1.6033e-02 5.9953e+04 2.8111e+04
2.3600e+03 8.4156e-12 7.3250e-01 2.1107e+03 3.3819e+03 3.5325e+03 3.5293e+18 1.7455e+20 1.1661e+20 9.1060e-02 1.6076e-02 6.0048e+04 2.8116e+04
2.3700e+03 8.3880e-12 7.3144e-01 2.1102e+03 3.3809e+03 3.5320e+03 3.5450e+18 1.7532e+20 1.1695e+20 9.0893e-02 1.6120e-02 6.0144e+04 2.8121e+04
2.3800e+03 8.3604e-12 7.3039e-01 2.1097e+03 3.3800e+03 3.5315e+03 3.5608e+18 1.7608e+20 1.1729e+20 9.0725e-02 1.6163e-02 6.0239e+04 2.8126e+04
2.3900e+03 8.3331e-12 7.2935e-01 2.1093e+03 3.3791e+03 3.5311e+03 3.5767e+18 1.7686e+20 1.1763e+20 9.0557e-02 1.6207e-02 6.0336e+04 2.8131e+04
2.4000e+03 8.3059e-12 7.2832e-01 2.1088e+03 3.3781e+03 3.5306e+03 3.5928e+18 1.7763e+20 1.1797e+20 9.0389e-02 1.6250e-02 6.0432e+04 2.8137e+04
2.4100e+03 8.2788e-12 7.2730e-01 2.1083e+03 3.3772e+03 3.5301e+03 3.6089e+18 1.7842e+20 1.1832e+20 9.0221e-02 1.6294e-02 6.0529e+04 2.8142e+04
2.4200e+03 8.2519e-12 7.2629e-01 2.1079e+03 3.3763e+03 3.5296e+03 3.6252e+18 1.7921e+20 1.1867e+20 9.0053e-02 1.6337e-02 6.0626e+04 2.8148e+04
2.4300e+03 8.2252e-12 7.2529e-01 2.1074e+03 3.3754e+03 3.5291e+03 3.6416e+18 1.8000e+20 1.1902e+20 8.9886e-02 1.6380e-02 6.0724e+04 2.8154e+04
2.4400e+03 8.1986e-12 7.2430e-01 2.1069e+03 3.3744e+03 3.5286e+03 3.6580e+18 1.8080e+20 1.1937e+20 8.9718e-02 1.6423e-02 6.0822e+04 2.8160e+04
2.4500e+03 8.1722e-12 7.2331e-01 2.1065e+03 3.3735e+03 3.5281e+03 3.6746e+18 1.8161e+20 1.1973e+20 8.9550e-02 1.6466e-02 6.0920e+04 2.8166e+04
2.4600e+03 8.1459e-12 7.2234e-01 2.1060e+03 3.3725e+03 3.5276e+03 3.6913e+18 1.8242e+20 1.2009e+20 8.9383e-02 1.6508e-02 6.1018e+04 2.8172e+04
2.4700e+03 8.1198e-12 7.2137e-01 2.1055e+03 3.3716e+03 3.5271e+03 3.7080e+18 1.8323e+20 1.2045e+20 8.9215e-02 1.6551e-02 6.1117e+04 2.8179e+04
2.4800e+03 8.0939e-12 7.2042e-01 2.1050e+03 3.3707e+03 3.5266e+03 3.7249e+18 1.8405e+20 1.2081e+20 8.9048e-02 1.6593e-02 6.1216e+04 2.8186e+04
2.4900e+03 8.0680e-12 7.1947e-01 2.1046e+03 3.3697e+03 3.5261e+03 3.7419e+18 1.8488e+20 1.2117e+20 8.8880e-02 1.6636e-02 6.1315e+04 2.8193e+04
2.5000e+03 8.0424e-12 7.1853e-01 2.1041e+03 3.3688e+03 3.5256e+03 3.7590e+18 1.8571e+20 1.2154e+20 8.8713e-02 1.6678e-02 6.1415e+04 2.8200e+04
2.5100e+03 8.0168e-12 7.1760e-01 2.1036e+03 3.3678e+03 3.5250e+03 3.7762e+18 1.8654e+20 1.2191e+20 8.8546e-02 1.6720e-02 6.1514e+04 2.8207e+04
2.5200e+03 7.9914e-12 7.1668e-01 2.1032e+03 3.3669e+03 3.5245e+03 3.7935e+18 1.8738e+20 1.2228e+20 8.8380e-02 1.6761e-02 6.1614e+04 2.8214e+04
2.5300e+03 7.9662e-12 7.1577e-01 2.1027e+03 3.3660e+03 3.5240e+03 3.8109e+18 1.8823e+20 1.2265e+20 8.8213e-02 1.6803e-02 6.1715e+04 2.8222e+04
2.5400e+03 7.9411e-12 7.1486e-01 2.1022e+03 3.3650e+03 3.5235e+03 3.8284e+18 1.8908e+20 1.2302e+20 8.8046e-02 1.6844e-02 6.1815e+04 2.8229e+04
2.5500e+03 7.9162e-12 7.1397e-01 2.1017e+03 3.3641e+03 3.5230e+03 3.8460e+18 1.8994e+20 1.2340e+20 8.7880e-02 1.6886e-02 6.1916e+04 2.8237e+04
2.5600e+03 7.8914e-12 7.1308e-01 2.1013e+03 3.3631e+03 3.5225e+03 3.8636e+18 1.9080e+20 1.2378e+20 8.7714e-02 1.6926e-02 6.2017e+04 2.8245e+04
2.5700e+03 7.8667e-12 7.1219e-01 2.1008e+03 3.3622e+03 3.5220e+03 3.8814e+18 1.9167e+20 1.2416e+20 8.7548e-02 1.6967e-02 6.2118e+04 2.8253e+04
2.5800e+03 7.8422e-12 7.1132e-01 2.1003e+03 3.3612e+03 3.5215e+03 3.8993e+18 1.9254e+20 1.2454e+20 8.7382e-02 1.7008e-02 6.2220e+04 2.8262e+04
2.5900e+03 7.8178e-12 7.1045e-01 2.0998e+03 3.3603e+03 3.5209e+03 3.9173e+18 1.9342e+20 1.2493e+20 8.7217e-02 1.7048e-02 6.2322e+04 2.8270e+04
2.6000e+03 7.7935e-12 7.0959e-01 2.0994e+03 3.3593e+03 3.5204e+03 3.9354e+18 1.9430e+20 1.2532e+20 8.7052e-02 1.7088e-02 6.2424e+04 2.8279e+04
2.6100e+03 7.7694e-12 7.0874e-01 2.0989e+03 3.3584e+03 3.5199e+03 3.9536e+18 1.9519e+20 1.2571e+20 8.6887e-02 1.7128e-02 6.2526e+04 2.8288e+04
2.6200e+03 7.7454e-12 7.0790e-01 2.0984e+03 3.3575e+03 3.5194e+03 3.9719e+18 1.9608e+20 1.2610e+20 8.6722e-02 1.7168e-02 6.2628e+04 2.8297e+04
2.6300e+03 7.7216e-12 7.0706e-01 2.0979e+03 3.3565e+03 3.5189e+03 3.9903e+18 1.9698e+20 1.2649e+20 8.6557e-02 1.7207e-02 6.2731e+04 2.8306e+04
2.6400e+03 7.6979e-12 7.0623e-01 2.0975e+03 3.3556e+03 3.5183e+03 4.0088e+18 1.9788e+20 1.2689e+20 8.6393e-02 1.7246e-02 6.2834e+04 2.8316e+04
2.6500e+03 7.6743e-12 7.0540e-01 2.0970e+03 3.3546e+03 3.5178e+03 4.0273e+18 1.9879e+20 1.2729e+20 8.6229e-02 1.7285e-02 6.2937e+04 2.8325e+04
2.6600e+03 7.6508e-12 7.0459e-01 2.0965e+03 3.3537e+03 3.5173e+03 4.0460e+18 1.9971e+20 1.2769e+20 8.6065e-02 1.7323e-02 6.3040e+04 2.8335e+04
2.6700e+03 7.6275e-12 7.0378e-01 2.0960e+03 3.3527e+03 3.5168e+03 4.0648e+18 2.0062e+20 1.2809e+20 8.5902e-02 1.7362e-02 6.3143e+04 2.8345e+04
2.6800e+03 7.6043e-12 7.0297e-01 2.0956e+03 3.3518e+03 3.5162e+03 4.0837e+18 2.0155e+20 1.2850e+20 8.5739e-02 1.7400e-02 6.3247e+04 2.8355e+04
2.6900e+03 7.5813e-12 7.0217e-01 2.0951e+03 3.3508e+03 3.5157e+03 4.1026e+18 2.0248e+20 1.2891e+20 8.5576e-02 1.7438e-02 6.3351e+04 2.8365e+04
2.7000e+03 7.5584e-12 7.0138e-01 2.0946e+03 3.3499e+03 3.5152e+03 4.1217e+18 2.0341e+20 1.2932e+20 8.5413e-02 1.7475e-02 6.3454e+04 2.8376e+04
2.7100e+03 7.5356e-12 7.0060e-01 2.0941e+03 3.3489e+03 3.5146e+03 4.1408e+18 2.0435e+20 1.2973e+20 8.5251e-02 1.7512e-02 6.3559e+04 2.8387e+04
2.7200e+03 7.5129e-12 6.9982e-01 2.0937e+03 3.3480e+03 3.5141e+03 4.1601e+18 2.0530e+20 1.3015e+20 8.5089e-02 1.7549e-02 6.3663e+04 2.8397e+04
2.7300e+03 7.4903e-12 6.9905e-01 2.0932e+03 3.3470e+03 3.5136e+03 4.1795e+18 2.0625e+20 1.3056e+20 8.4927e-02 1.7586e-02 6.3767e+04 2.8408e+04
2.7400e+03 7.4679e-12 6.9828e-01 2.0927e+03 3.3461e+03 3.5130e+03 4.1989e+18 2.0721e+20 1.3098e+20 8.4766e-02 1.7622e-02 6.3872e+04 2.8420e+04
2.7500e+03 7.4456e-12 6.9752e-01 2.0923e+03 3.3452e+03 3.5125e+03 4.2185e+18 2.0817e+20 1.3140e+20 8.4605e-02 1.7658e-02 6.3977e+04 2.8431e+04
2.7600e+03 7.4234e-12 6.9677e-01 2.0918e+03 3.3442e+03 3.5120e+03 4.2381e+18 2.0914e+20 1.3183e+20 8.4444e-02 1.7694e-02 6.4082e+04 2.8443e+04
2.7700e+03 7.4014e-12 6.9602e-01 2.0913e+03 3.3433e+03 3.5114e+03 4.2578e+18 2.1011e+20 1.3226e+20 8.4284e-02 1.7730e-02 6.4187e+04 2.8454e+04
2.7800e+03 7.3795e-12 6.9528e-01 2.0908e+03 3.3423e+03 3.5109e+03 4.2777e+18 2.1109e+20 1.3268e+20 8.4124e-02 1.7765e-02 6.4292e+04 2.8466e+04
2.7900e+03 7.3576e-12 6.9454e-01 2.0904e+03 3.3414e+03 3.5104e+03 4.2976e+18 2.1207e+20 1.3312e+20 8.3964e-02 1.7800e-02 6.4397e+04 2.8478e+04
2.8000e+03 7.3360e-12 6.9381e-01 2.0899e+03 3.3404e+03 3.5098e+03 4.3176e+18 2.1306e+20 1.3355e+20 8.3805e-02 1.7834e-02 6.4503e+04 2.8491e+04
2.8100e+03 7.3144e-12 6.9308e-01 2.0894e+03 3.3395e+03 3.5093e+03 4.3377e+18 2.1405e+20 1.3399e+20 8.3646e-02 1.7869e-02 6.4609e+04 2.8503e+04
2.8200e+03 7.2929e-12 6.9236e-01 2.0889e+03 3.3386e+03 3.5087e+03 4.3579e+18 2.1505e+20 1.3443e+20 8.3487e-02 1.7903e-02 6.4714e+04 2.8516e+04
2.8300e+03 7.2716e-12 6.9165e-01 2.0885e+03 3.3376e+03 3.5082e+03 4.3782e+18 2.1605e+20 1.3487e+20 8.3329e-02 1.7936e-02 6.4820e+04 2.8528e+04
2.8400e+03 7.2504e-12 6.9094e-01 2.0880e+03 3.3367e+03 3.5076e+03 4.3986e+18 2.1706e+20 1.3531e+20 8.3171e-02 1.7970e-02 6.4927e+04 2.8541e+04
2.8500e+03 7.2293e-12 6.9023e-01 2.0875e+03 3.3357e+03 3.5071e+03 4.4191e+18 2.1808e+20 1.3576e+20 8.3014e-02 1.8003e-02 6.5033e+04 2.8555e+04
2.8600e+03 7.2083e-12 6.8954e-01 2.0871e+03 3.3348e+03 3.5065e+03 4.4397e+18 2.1910e+20 1.3620e+20 8.2857e-02 1.8036e-02 6.5139e+04 2.8568e+04
2.8700e+03 7.1874e-12 6.8884e-01 2.0866e+03 3.3339e+03 3.5060e+03 4.4604e+18 2.2013e+20 1.3666e+20 8.2700e-02 1.8068e-02 6.5246e+04 2.8581e+04
2.8800e+03 7.1666e-12 6.8815e-01 2.0861e+03 3.3329e+03 3.5054e+03 4.4811e+18 2.2116e+20 1.3711e+20 8.2543e-02 1.8100e-02 6.5352e+04 2.8595e+04
2.8900e+03 7.1460e-12 6.8747e-01 2.0857e+03 3.3320e+03 3.5049e+03 4.5020e+18 2.2219e+20 1.3756e+20 8.2387e-02 1.8132e-02 6.5459e+04 2.8609e+04
2.9000e+03 7.1254e-12 6.8679e-01 2.0852e+03 3.3310e+03 3.5043e+03 4.5230e+18 2.2324e+20 1.3802e+20 8.2232e-02 1.8164e-02 6.5566e+04 2.8623e+04
2.9100e+03 7.1050e-12 6.8612e-01 2.0847e+03 3.3301e+03 3.5038e+03 4.5440e+18 2.2428e+20 1.3848e+20 8.2076e-02 1.8195e-02 6.5673e+04 2.8637e+04
2.9200e+03 7.0847e-12 6.8545e-01 2.0843e+03 3.3292e+03 3.5032e+03 4.5652e+18 2.2534e+20 1.3895e+20 8.1921e-02 1.8226e-02 6.5780e+04 2.8651e+04
2.9300e+03 7.0645e-12 6.8479e-01 2.0838e+03 3.3282e+03 3.5027e+03 4.5864e+18 2.2640e+20 1.3941e+20 8.1767e-02 1.8257e-02 6.5887e+04 2.8666e+04
2.9400e+03 7.0444e-12 6.8413e-01 2.0833e+03 3.3273e+03 3.5021e+03 4.6078e+18 2.2746e+20 1.3988e+20 8.1613e-02 1.8287e-02 6.5994e+04 2.8681e+04
2.9500e+03 7.0244e-12 6.8347e-01 2.0829e+03 3.3264e+03 3.5016e+03 4.6292e+18 2.2853e+20 1.4035e+20 8.1459e-02 1.8317e-02 6.6102e+04 2.8695e+04
2.9600e+03 7.0045e-12 6.8282e-01 2.0824e+03 3.3254e+03 3.5010e+03 4.6507e+18 2.2960e+20 1.4082e+20 8.1306e-02 1.8346e-02 6.6209e+04 2.8710e+04
2.9700e+03 6.9847e-12 6.8218e-01 2.0819e+03 3.3245e+03 3.5005e+03 4.6723e+18 2.3068e+20 1.4130e+20 8.1153e-02 1.8376e-02 6.6317e+04 2.8726e+04
2.9800e+03 6.9651e-12 6.8154e-01 2.0815e+03 3.3236e+03 3.4999e+03 4.6940e+18 2.3177e+20 1.4178e+20 8.1000e-02 1.8405e-02 6.6425e+04 2.8741e+04
2.9900e+03 6.9455e-12 6.8090e-01 2.0810e+03 3.3226e+03 3.4993e+03 4.7158e+18 2.3286e+20 1.4226e+20 8.0848e-02 1.8433e-02 6.6533e+04 2.8757e+04
3.0000e+03 6.9260e-12 6.8027e-01 2.0805e+03 3.3217e+03 3.4988e+03 4.7377e+18 2.3396e+20 1.4274e+20 8.0696e-02 1.8462e-02 6.6641e+04 2.8772e+04
3.0100e+03 6.9067e-12 6.7965e-01 2.0801e+03 3.3208e+03 3.4982e+03 4.7597e+18 2.3506e+20 1.4323e+20 8.0545e-02 1.8490e-02 6.6749e+04 2.8788e+04
3.0200e+03 6.8874e-12 6.7902e-01 2.0796e+03 3.3199e+03 3.4976e+03 4.7818e+18 2.3617e+20 1.4372e+20 8.0394e-02 1.8518e-02 6.6857e+04 2.8804e+04
3.0300e+03 6.8682e-12 6.7841e-01 2.0792e+03 3.3189e+03 3.4971e+03 4.8040e+18 2.3728e+20 1.4421e+20 8.0243e-02 1.8545e-02 6.6965e+04 2.8820e+04
3.0400e+03 6.8492e-12 6.7779e-01 2.0787e+03 3.3180e+03 3.4965e+03 4.8262e+18 2.3840e+20 1.4470e+20 8.0093e-02 1.8572e-02 6.7073e+04 2.8837e+04
3.0500e+03 6.8302e-12 6.7718e-01 2.0782e+03 3.3171e+03 3.4960e+03 4.8486e+18 2.3953e+20 1.4520e+20 7.9943e-02 1.8599e-02 6.7182e+04 2.8853e+04
3.0600e+03 6.8114e-12 6.7658e-01 2.0778e+03 3.3162e+03 3.4954e+03 4.8711e+18 2.4066e+20 1.4570e+20 7.9794e-02 1.8625e-02 6.7290e+04 2.8870e+04
3.0700e+03 6.7926e-12 6.7598e-01 2.0773e+03 3.3152e+03 3.4948e+03 4.8936e+18 2.4180e+20 1.4620e+20 7.9645e-02 1.8651e-02 6.7399e+04 2.8886e+04
3.0800e+03 6.7740e-12 6.7538e-01 2.0769e+03 3.3143e+03 3.4943e+03 4.9162e+18 2.4294e+20 1.4670e+20 7.9496e-02 1.8677e-02 6.7507e+04 2.8903e+04
3.0900e+03 6.7554e-12 6.7479e-01 2.0764e+03 3.3134e+03 3.4937e+03 4.9390e+18 2.4409e+20 1.4721e+20 7.9348e-02 1.8703e-02 6.7616e+04 2.8921e+04
3.1000e+03 6.7370e-12 6.7420e-01 2.0759e+03 3.3125e+03 3.4931e+03 4.9618e+18 2.4524e+20 1.4772e+20 7.9201e-02 1.8728e-02 6.7725e+04 2.8938e+04
3.1100e+03 6.7186e-12 6.7362e-01 2.0755e+03 3.3116e+03 3.4926e+03 4.9847e+18 2.4640e+20 1.4823e+20 7.9053e-02 1.8753e-02 6.7834e+04 2.8955e+04
3.1200e+03 6.7003e-12 6.7304e-01 2.0750e+03 3.3106e+03 3.4920e+03 5.0077e+18 2.4756e+20 1.4874e+20 7.8906e-02 1.8777e-02 6.7943e+04 2.8973e+04
3.1300e+03 6.6822e-12 6.7246e-01 2.0746e+03 3.3097e+03 3.4914e+03 5.0308e+18 2.4873e+20 1.4926e+20 7.8760e-02 1.8802e-02 6.8052e+04 2.8991e+04
3.1400e+03 6.6641e-12 6.7189e-01 2.0741e+03 3.3088e+03 3.4908e+03 5.0540e+18 2.4991e+20 1.4978e+20 7.8614e-02 1.8826e-02 6.8161e+04 2.9008e+04
3.1500e+03 6.6461e-12 6.7132e-01 2.0737e+03 3.3079e+03 3.4903e+03 5.0773e+18 2.5109e+20 1.5030e+20 7.8468e-02 1.8849e-02 6.8270e+04 2.9026e+04
3.1600e+03 6.6282e-12 6.7075e-01 2.0732e+03 3.3070e+03 3.4897e+03 5.1007e+18 2.5228e+20 1.5083e+20 7.8323e-02 1.8873e-02 6.8379e+04 2.9045e+04
3.1700e+03 6.6104e-12 6.7019e-01 2.0728e+03 3.3061e+03 3.4891e+03 5.1242e+18 2.5347e+20 1.5136e+20 7.8178e-02 1.8896e-02 6.8489e+04 2.9063e+04
3.1800e+03 6.5927e-12 6.6963e-01 2.0723e+03 3.3052e+03 3.4885e+03 5.1478e+18 2.5467e+20 1.5189e+20 7.8033e-02 1.8918e-02 6.8598e+04 2.9081e+04
3.1900e+03 6.5751e-12 6.6908e-01 2.0719e+03 3.3042e+03 3.4880e+03 5.1714e+18 2.5588e+20 1.5242e+20 7.7889e-02 1.8941e-02 6.8707e+04 2.9100e+04
3.2000e+03 6.5576e-12 6.6853e-01 2.0714e+03 3.3033e+03 3.4874e+03 5.1952e+18 2.5709e+20 1.5295e+20 7.7746e-02 1.8963e-02 6.8817e+04 2.9119e+04
3.2100e+03 6.5402e-12 6.6798e-01 2.0710e+03 3.3024e+03 3.4868e+03 5.2190e+18 2.5830e+20 1.5349e+20 7.7602e-02 1.8984e-02 6.8927e+04 2.9138e+04
3.2200e+03 6.5228e-12 6.6744e-01 2.0705e+03 3.3015e+03 3.4862e+03 5.2430e+18 2.5953e+20 1.5403e+20 7.7460e-02 1.9006e-02 6.9036e+04 2.9157e+04
3.2300e+03 6.5056e-12 6.6690e-01 2.0701e+03 3.3006e+03 3.4857e+03 5.2670e+18 2.6075e+20 1.5458e+20 7.7317e-02 1.9027e-02 6.9146e+04 2.9176e+04
3.2400e+03 6.4884e-12 6.6637e-01 2.0696e+03 3.2997e+03 3.4851e+03 5.2912e+18 2.6199e+20 1.5512e+20 7.7175e-02 1.9048e-02 6.9256e+04 2.9195e+04
3.2500e+03 6.4713e-12 6.6584e-01 2.0692e+03 3.2988e+03 3.4845e+03 5.3154e+18 2.6323e+20 1.5567e+20 7.7034e-02 1.9068e-02 6.9365e+04 2.9215e+04
3.2600e+03 6.4544e-12 6.6531e-01 2.0687e+03 3.2979e+03 3.4839e+03 5.3397e+18 2.6447e+20 1.5622e+20 7.6893e-02 1.9089e-02 6.9475e+04 2.9235e+04
3.2700e+03 6.4375e-12 6.6478e-01 2.0683e+03 3.2970e+03 3.4833e+03 5.3641e+18 2.6573e+20 1.5678e+20 7.6752e-02 1.9109e-02 6.9585e+04 2.9254e+04
3.2800e+03 6.4206e-12 6.6426e-01 2.0678e+03 3.2961e+03 3.4828e+03 5.3886e+18 2.6698e+20 1.5734e+20 7.6611e-02 1.9128e-02 6.9695e+04 2.9274e+04
3.2900e+03 6.4039e-12 6.6374e-01 2.0674e+03 3.2952e+03 3.4822e+03 5.4132e+18 2.6825e+20 1.5790e+20 7.6471e-02 1.9148e-02 6.9805e+04 2.9294e+04
3.3000e+03 6.3873e-12 6.6323e-01 2.0669e+03 3.2943e+03 3.4816e+03 5.4379e+18 2.6952e+20 1.5846e+20 7.6332e-02 1.9167e-02 6.9915e+04 2.9315e+04
3.3100e+03 6.3707e-12 6.6272e-01 2.0665e+03 3.2934e+03 3.4810e+03 5.4627e+18 2.7079e+20 1.5902e+20 7.6193e-02 1.9185e-02 7.0026e+04 2.9335e+04
3.3200e+03 6.3542e-12 6.6221e-01 2.0660e+03 3.2925e+03 3.4804e+03 5.4876e+18 2.7207e+20 1.5959e+20 7.6054e-02 1.9204e-02 7.0136e+04 2.9355e+04
3.3300e+03 6.3379e-12 6.6170e-01 2.0656e+03 3.2916e+03 3.4798e+03 5.5126e+18 2.7336e+20 1.6016e+20 7.5916e-02 1.9222e-02 7.0246e+04 2.9376e+04
3.3400e+03 6.3216e-12 6.6120e-01 2.0652e+03 3.2907e+03 3.4793e+03 5.5377e+18 2.7465e+20 1.6074e+20 7.5778e-02 1.9240e-02 7.0356e+04 2.9397e+04
3.3500e+03 6.3053e-12 6.6070e-01 2.0647e+03 3.2898e+03 3.4787e+03 5.5628e+18 2.7595e+20 1.6131e+20 7.5640e-02 1.9257e-02 7.0467e+04 2.9418e+04
3.3600e+03 6.2892e-12 6.6021e-01 2.0643e+03 3.2889e+03 3.4781e+03 5.5881e+18 2.7726e+20 1.6189e+20 7.5503e-02 1.9275e-02 7.0577e+04 2.9439e+04
3.3700e+03 6.2731e-12 6.5972e-01 2.0638e+03 3.2881e+03 3.4775e+03 5.6134e+18 2.7857e+20 1.6248e+20 7.5367e-02 1.9292e-02 7.0688e+04 2.9460e+04
3.3800e+03 6.2571e-12 6.5923e-01 2.0634e+03 3.2872e+03 3.4769e+03 5.6389e+18 2.7989e+20 1.6306e+20 7.5230e-02 1.9308e-02 7.0798e+04 2.9481e+04
3.3900e+03 6.2412e-12 6.5874e-01 2.0630e+03 3.2863e+03 3.4763e+03 5.6644e+18 2.8121e+20 1.6365e+20 7.5095e-02 1.9325e-02 7.0909e+04 2.9503e+04
3.4000e+03 6.2254e-12 6.5826e-01 2.0625e+03 3.2854e+03 3.4757e+03 5.6901e+18 2.8254e+20 1.6424e+20 7.4959e-02 1.9341e-02 7.1019e+04 2.9524e+04
3.4100e+03 6.2097e-12 6.5778e-01 2.0621e+03 3.2845e+03 3.4752e+03 5.7158e+18 2.8388e+20 1.6483e+20 7.4824e-02 1.9357e-02 7.1130e+04 2.9546e+04
3.4200e+03 6.1940e-12 6.5730e-01 2.0616e+03 3.2836e+03 3.4746e+03 5.7416e+18 2.8522e+20 1.6543e+20 7.4690e-02 1.9372e-02 7.1241e+04 2.9568e+04
3.4300e+03 6.1784e-12 6.5683e-01 2.0612e+03 3.2827e+03 3.4740e+03 5.7676e+18 2.8657e+20 1.6603e+20 7.4555e-02 1.9388e-02 7.1351e+04 2.9590e+04
3.4400e+03 6.1629e-12 6.5636e-01 2.0608e+03 3.2819e+03 3.4734e+03 5.7936e+18 2.8793e+20 1.6663e+20 7.4421e-02 1.9403e-02 7.1462e+04 2.9612e+04
3.4500e+03 6.1475e-12 6.5589e-01 2.0603e+03 3.2810e+03 3.4728e+03 5.8197e+18 2.8929e+20 1.6724e+20 7.4288e-02 1.9417e-02 7.1573e+04 2.9634e+04
3.4600e+03 6.1322e-12 6.5543e-01 2.0599e+03 3.2801e+03 3.4722e+03 5.8459e+18 2.9065e+20 1.6784e+20 7.4155e-02 1.9432e-02 7.1684e+04 2.9656e+04
3.4700e+03 6.1169e-12 6.5497e-01 2.0595e+03 3.2792e+03 3.4716e+03 5.8722e+18 2.9203e+20 1.6845e+20 7.4022e-02 1.9446e-02 7.1795e+04 2.9678e+04
3.4800e+03 6.1017e-12 6.5451e-01 2.0590e+03 3.2784e+03 3.4710e+03 5.8986e+18 2.9341e+20 1.6907e+20 7.3890e-02 1.9460e-02 7.1905e+04 2.9701e+04
3.4900e+03 6.0866e-12 6.5405e-01 2.0586e+03 3.2775e+03 3.4704e+03 5.9251e+18 2.9479e+20 1.6968e+20 7.3758e-02 1.9474e-02 7.2016e+04 2.9724e+04
3.5000e+03 6.0715e-12 6.5360e-01 2.0582e+03 3.2766e+03 3.4698e+03 5.9517e+18 2.9618e+20 1.7030e+20 7.3627e-02 1.9487e-02 7.2127e+04 2.9747e+04
3.5100e+03 6.0565e-12 6.5315e-01 2.0577e+03 3.2757e+03 3.4692e+03 5.9784e+18 2.9758e+20 1.7093e+20 7.3496e-02 1.9500e-02 7.2238e+04 2.9769e+04
3.5200e+03 6.0416e-12 6.5270e-01 2.0573e+03 3.2749e+03 3.4686e+03 6.0052e+18 2.9899e+20 1.7155e+20 7.3365e-02 1.9513e-02 7.2349e+04 2.9792e+04
3.5300e+03 6.0268e-12 6.5226e-01 2.0569e+03 3.2740e+03 3.4681e+03 6.0321e+18 3.0040e+20 1.7218e+20 7.3235e-02 1.9526e-02 7.2460e+04 2.9816e+04
3.5400e+03 6.0120e-12 6.5182e-01 2.0565e+03 3.2731e+03 3.4675e+03 6.0591e+18 3.0182e+20 1.7281e+20 7.3105e-02 1.9538e-02 7.2572e+04 2.9839e+04
3.5500e+03 5.9974e-12 6.5138e-01 2.0560e+03 3.2723e+03 3.4669e+03 6.0861e+18 3.0324e+20 1.7344e+20 7.2976e-02 1.9550e-02 7.2683e+04 2.9862e+04
3.5600e+03 5.9827e-12 6.5094e-01 2.0556e+03 3.2714e+03 3.4663e+03 6.1133e+18 3.0467e+20 1.7408e+20 7.2847e-02 1.9562e-02 7.2794e+04 2.9886e+04
3.5700e+03 5.9682e-12 6.5051e-01 2.0552e+03 3.2705e+03 3.4657e+03 6.1406e+18 3.0611e+20 1.7472e+20 7.2718e-02 1.9573e-02 7.2905e+04 2.9909e+04
3.5800e+03 5.9537e-12 6.5008e-01 2.0547e+03 3.2697e+03 3.4651e+03 6.1680e+18 3.0755e+20 1.7536e+20 7.2590e-02 1.9585e-02 7.3016e+04 2.9933e+04
3.5900e+03 5.9393e-12 6.4965e-01 2.0543e+03 3.2688e+03 3.4645e+03 6.1954e+18 3.0900e+20 1.7601e+20 7.2462e-02 1.9596e-02 7.3128e+04 2.9957e+04
3.6000e+03 5.9250e-12 6.4923e-01 2.0539e+03 3.2679e+03 3.4639e+03 6.2230e+18 3.1045e+20 1.7666e+20 7.2334e-02 1.9607e-02 7.3239e+04 2.9981e+04
3.6100e+03 5.9107e-12 6.4881e-01 2.0535e+03 3.2671e+03 3.4633e+03 6.2506e+18 3.1192e+20 1.7731e+20 7.2207e-02 1.9617e-02 7.3350e+04 3.0005e+04
3.6200e+03 5.8965e-12 6.4839e-01 2.0530e+03 3.2662e+03 3.4627e+03 6.2784e+18 3.1339e+20 1.7796e+20 7.2080e-02 1.9627e-02 7.3462e+04 3.0029e+04
3.6300e+03 5.8824e-12 6.4797e-01 2.0526e+03 3.2654e+03 3.4621e+03 6.3062e+18 3.1486e+20 1.7862e+20 7.1954e-02 1.9637e-02 7.3573e+04 3.0054e+04
3.6400e+03 5.8684e-12 6.4755e-01 2.0522e+03 3.2645e+03 3.4615e+03 6.3342e+18 3.1634e+20 1.7928e+20 7.1828e-02 1.9647e-02 7.3684e+04 3.0078e+04
3.6500e+03 5.8544e-12 6.4714e-01 2.0518e+03 3.2637e+03 3.4609e+03 6.3622e+18 3.1783e+20 1.7995e+20 7.1703e-02 1.9657e-02 7.3796e+04 3.0103e+04
3.6600e+03 5.8405e-12 6.4673e-01 2.0514e+03 3.2628e+03 3.4603e+03 6.3904e+18 3.1933e+20 1.8061e+20 7.1577e-02 1.9666e-02 7.3907e+04 3.0127e+04
3.6700e+03 5.8266e-12 6.4633e-01 2.0509e+03 3.2620e+03 3.4597e+03 6.4186e+18 3.2083e+20 1.8128e+20 7.1453e-02 1.9675e-02 7.4019e+04 3.0152e+04
3.6800e+03 5.8128e-12 6.4592e-01 2.0505e+03 3.2611e+03 3.4591e+03 6.4470e+18 3.2234e+20 1.8196e+20 7.1328e-02 1.9684e-02 7.4130e+04 3.0177e+04
3.6900e+03 5.7991e-12 6.4552e-01 2.0501e+03 3.2603e+03 3.4585e+03 6.4754e+18 3.2385e+20 1.8263e+20 7.1204e-02 1.9693e-02 7.4242e+04 3.0202e+04
3.7000e+03 5.7855e-12 6.4512e-01 2.0497e+03 3.2594e+03 3.4579e+03 6.5040e+18 3.2537e+20 1.8331e+20 7.1080e-02 1.9701e-02 7.4353e+04 3.0227e+04
3.7100e+03 5.7719e-12 6.4472e-01 2.0493e+03 3.2586e+03 3.4573e+03 6.5326e+18 3.2690e+20 1.8399e+20 7.0957e-02 1.9709e-02 7.4465e+04 3.0252e+04
3.7200e+03 5.7583e-12 6.4433e-01 2.0489e+03 3.2577e+03 3.4567e+03 6.5613e+18 3.2844e+20 1.8468e+20 7.0834e-02 1.9717e-02 7.4577e+04 3.0278e+04
3.7300e+03 5.7449e-12 6.4394e-01 2.0484e+03 3.2569e+03 3.4561e+03 6.5902e+18 3.2998e+20 1.8536e+20 7.0712e-02 1.9725e-02 7.4688e+04 3.0303e+04
3.7400e+03 5.7315e-12 6.4355e-01 2.0480e+03 3.2560e+03 3.4555e+03 6.6191e+18 3.3153e+20 1.8606e+20 7.0589e-02 1.9732e-02 7.4800e+04 3.0328e+04
3.7500e+03 5.7182e-12 6.4316e-01 2.0476e+03 3.2552e+03 3.4549e+03 6.6481e+18 3.3308e+20 1.8675e+20 7.0468e-02 1.9739e-02 7.4911e+04 3.0354e+04
3.7600e+03 5.7049e-12 6.4278e-01 2.0472e+03 3.2544e+03 3.4543e+03 6.6773e+18 3.3464e+20 1.8745e+20 7.0346e-02 1.9746e-02 7.5023e+04 3.0380e+04
3.7700e+03 5.6917e-12 6.4239e-01 2.0468e+03 3.2535e+03 3.4537e+03 6.7065e+18 3.3621e+20 1.8815e+20 7.0225e-02 1.9753e-02 7.5135e+04 3.0406e+04
3.7800e+03 5.6785e-12 6.4201e-01 2.0464e+03 3.2527e+03 3.4531e+03 6.7358e+18 3.3779e+20 1.8885e+20 7.0104e-02 1.9760e-02 7.5247e+04 3.0431e+04
3.7900e+03 5.6655e-12 6.4164e-01 2.0460e+03 3.2518e+03 3.4525e+03 6.7653e+18 3.3937e+20 1.8956e+20 6.9984e-02 1.9766e-02 7.5358e+04 3.0458e+04
3.8000e+03 5.6524e-12 6.4126e-01 2.0455e+03 3.2510e+03 3.4519e+03 6.7948e+18 3.4096e+20 1.9027e+20 6.9864e-02 1.9772e-02 7.5470e+04 3.0484e+04
3.8100e+03 5.6395e-12 6.4089e-01 2.0451e+03 3.2502e+03 3.4513e+03 6.8244e+18 3.4255e+20 1.9098e+20 6.9745e-02 1.9778e-02 7.5582e+04 3.0510e+04
3.8200e+03 5.6266e-12 6.4052e-01 2.0447e+03 3.2493e+03 3.4507e+03 6.8542e+18 3.4416e+20 1.9169e+20 6.9625e-02 1.9784e-02 7.5694e+04 3.0536e+04
3.8300e+03 5.6137e-12 6.4015e-01 2.0443e+03 3.2485e+03 3.4501e+03 6.8840e+18 3.4577e+20 1.9241e+20 6.9506e-02 1.9789e-02 7.5805e+04 3.0563e+04
3.8400e+03 5.6010e-12 6.3978e-01 2.0439e+03 3.2477e+03 3.4495e+03 6.9139e+18 3.4738e+20 1.9314e+20 6.9388e-02 1.9794e-02 7.5917e+04 3.0589e+04
3.8500e+03 5.5882e-12 6.3942e-01 2.0435e+03 3.2468e+03 3.4489e+03 6.9440e+18 3.4901e+20 1.9386e+20 6.9270e-02 1.9799e-02 7.6029e+04 3.0616e+04
3.8600e+03 5.5756e-12 6.3906e-01 2.0431e+03 3.2460e+03 3.4483e+03 6.9741e+18 3.5064e+20 1.9459e+20 6.9152e-02 1.9804e-02 7.6141e+04 3.0642e+04
3.8700e+03 5.5630e-12 6.3870e-01 2.0427e+03 3.2452e+03 3.4477e+03 7.0043e+18 3.5227e+20 1.9532e+20 6.9035e-02 1.9809e-02 7.6253e+04 3.0669e+04
3.8800e+03 5.5504e-12 6.3834e-01 2.0423e+03 3.2444e+03 3.4471e+03 7.0347e+18 3.5392e+20 1.9606e+20 6.8917e-02 1.9813e-02 7.6365e+04 3.0696e+04
3.8900e+03 5.5380e-12 6.3798e-01 2.0419e+03 3.2435e+03 3.4465e+03 7.0651e+18 3.5557e+20 1.9679e+20 6.8801e-02 1.9817e-02 7.6477e+04 3.0723e+04
3.9000e+03 5.5255e-12 6.3763e-01 2.0415e+03 3.2427e+03 3.4459e+03 7.0957e+18 3.5723e+20 1.9754e+20 6.8684e-02 1.9821e-02 7.6589e+04 3.0750e+04
3.9100e+03 5.5132e-12 6.3728e-01 2.0411e+03 3.2419e+03 3.4453e+03 7.1263e+18 3.5889e+20 1.9828e+20 6.8568e-02 1.9825e-02 7.6701e+04 3.0777e+04
3.9200e+03 5.5008e-12 6.3693e-01 2.0407e+03 3.2411e+03 3.4447e+03 7.1571e+18 3.6056e+20 1.9903e+20 6.8453e-02 1.9829e-02 7.6813e+04 3.0805e+04
3.9300e+03 5.4886e-12 6.3658e-01 2.0403e+03 3.2403e+03 3.4441e+03 7.1879e+18 3.6224e+20 1.9978e+20 6.8337e-02 1.9832e-02 7.6925e+04 3.0832e+04
3.9400e+03 5.4764e-12 6.3624e-01 2.0399e+03 3.2394e+03 3.4435e+03 7.2189e+18 3.6393e+20 2.0053e+20 6.8222e-02 1.9835e-02 7.7037e+04 3.0860e+04
3.9500e+03 5.4643e-12 6.3590e-01 2.0395e+03 3.2386e+03 3.4429e+03 7.2499e+18 3.6562e+20 2.0129e+20 6.8108e-02 1.9838e-02 7.7149e+04 3.0887e+04
3.9600e+03 5.4522e-12 6.3556e-01 2.0391e+03 3.2378e+03 3.4423e+03 7.2811e+18 3.6733e+20 2.0205e+20 6.7994e-02 1.9841e-02 7.7261e+04 3.0915e+04
3.9700e+03 5.4401e-12 6.3522e-01 2.0387e+03 3.2370e+03 3.4417e+03 7.3123e+18 3.6903e+20 2.0281e+20 6.7880e-02 1.9844e-02 7.7373e+04 3.0942e+04
3.9800e+03 5.4282e-12 6.3488e-01 2.0383e+03 3.2362e+03 3.4411e+03 7.3437e+18 3.7075e+20 2.0358e+20 6.7766e-02 1.9846e-02 7.7485e+04 3.0970e+04
3.9900e+03 5.4162e-12 6.3455e-01 2.0379e+03 3.2354e+03 3.4405e+03 7.3751e+18 3.7247e+20 2.0435e+20 6.7653e-02 1.9849e-02 7.7597e+04 3.0998e+04
4.0000e+03 5.4044e-12 6.3422e-01 2.0375e+03 3.2346e+03 3.4399e+03 7.4067e+18 3.7420e+20 2.0512e+20 6.7540e-02 1.9851e-02 7.7709e+04 3.1026e+04
4.0100e+03 5.3926e-12 6.3389e-01 2.0371e+03 3.2337e+03 3.4393e+03 7.4384e+18 3.7594e+20 2.0590e+20 6.7427e-02 1.9852e-02 7.7821e+04 3.1054e+04
4.0200e+03 5.3808e-12 6.3356e-01 2.0367e+03 3.2329e+03 3.4386e+03 7.4702e+18 3.7768e+20 2.0668e+20 6.7315e-02 1.9854e-02 7.7933e+04 3.1082e+04
4.0300e+03 5.3691e-12 6.3323e-01 2.0363e+03 3.2321e+03 3.4380e+03 7.5020e+18 3.7943e+20 2.0746e+20 6.7203e-02 1.9856e-02 7.8045e+04 3.1111e+04
4.0400e+03 5.3574e-12 6.3291e-01 2.0359e+03 3.2313e+03 3.4374e+03 7.5340e+18 3.8119e+20 2.0825e+20 6.7092e-02 1.9857e-02 7.8157e+04 3.1139e+04
4.0500e+03 5.3458e-12 6.3259e-01 2.0355e+03 3.2305e+03 3.4368e+03 7.5661e+18 3.8296e+20 2.0904e+20 6.6981e-02 1.9858e-02 7.8269e+04 3.1167e+04
4.0600e+03 5.3343e-12 6.3227e-01 2.0351e+03 3.2297e+03 3.4362e+03 7.5983e+18 3.8473e+20 2.0983e+20 6.6870e-02 1.9859e-02 7.8381e+04 3.1196e+04
4.0700e+03 5.3228e-12 6.3195e-01 2.0347e+03 3.2289e+03 3.4356e+03 7.6306e+18 3.8651e+20 2.1063e+20 6.6759e-02 1.9860e-02 7.8493e+04 3.1225e+04
4.0800e+03 5.3113e-12 6.3163e-01 2.0343e+03 3.2281e+03 3.4350e+03 7.6630e+18 3.8830e+20 2.1143e+20 6.6649e-02 1.9861e-02 7.8606e+04 3.1253e+04
4.0900e+03 5.3000e-12 6.3132e-01 2.0339e+03 3.2273e+03 3.4344e+03 7.6955e+18 3.9010e+20 2.1224e+20 6.6539e-02 1.9861e-02 7.8718e+04 3.1282e+04
4.1000e+03 5.2886e-12 6.3101e-01 2.0335e+03 3.2265e+03 3.4338e+03 7.7281e+18 3.9190e+20 2.1304e+20 6.6430e-02 1.9861e-02 7.8830e+04 3.1311e+04
4.1100e+03 5.2773e-12 6.3070e-01 2.0332e+03 3.2257e+03 3.4332e+03 7.7609e+18 3.9371e+20 2.1385e+20 6.6320e-02 1.9861e-02 7.8942e+04 3.1340e+04
4.1200e+03 5.2661e-12 6.3039e-01 2.0328e+03 3.2249e+03 3.4326e+03 7.7937e+18 3.9553e+20 2.1467e+20 6.6211e-02 1.9861e-02 7.9054e+04 3.1369e+04
4.1300e+03 5.2549e-12 6.3008e-01 2.0324e+03 3.2241e+03 3.4320e+03 7.8266e+18 3.9735e+20 2.1548e+20 6.6103e-02 1.9861e-02 7.9166e+04 3.1398e+04
4.1400e+03 5.2437e-12 6.2978e-01 2.0320e+03 3.2233e+03 3.4314e+03 7.8596e+18 3.9919e+20 2.1630e+20 6.5995e-02 1.9861e-02 7.9279e+04 3.1427e+04
4.1500e+03 5.2326e-12 6.2947e-01 2.0316e+03 3.2226e+03 3.4308e+03 7.8928e+18 4.0103e+20 2.1713e+20 6.5887e-02 1.9860e-02 7.9391e+04 3.1456e+04
4.1600e+03 5.2216e-12 6.2917e-01 2.0312e+03 3.2218e+03 3.4302e+03 7.9260e+18 4.0287e+20 2.1795e+20 6.5779e-02 1.9860e-02 7.9503e+04 3.1486e+04
4.1700e+03 5.2106e-12 6.2887e-01 2.0308e+03 3.2210e+03 3.4296e+03 7.9594e+18 4.0473e+20 2.1878e+20 6.5672e-02 1.9859e-02 7.9615e+04 3.1515e+04
4.1800e+03 5.1997e-12 6.2857e-01 2.0304e+03 3.2202e+03 3.4290e+03 7.9929e+18 4.0659e+20 2.1962e+20 6.5565e-02 1.9858e-02 7.9728e+04 3.1545e+04
4.1900e+03 5.1888e-12 6.2828e-01 2.0301e+03 3.2194e+03 3.4284e+03 8.0264e+18 4.0846e+20 2.2046e+20 6.5458e-02 1.9856e-02 7.9840e+04 3.1574e+04
4.2000e+03 5.1779e-12 6.2798e-01 2.0297e+03 3.2186e+03 3.4278e+03 8.0601e+18 4.1034e+20 2.2130e+20 6.5352e-02 1.9855e-02 7.9952e+04 3.1604e+04
4.2100e+03 5.1671e-12 6.2769e-01 2.0293e+03 3.2178e+03 3.4272e+03 8.0939e+18 4.1223e+20 2.2214e+20 6.5246e-02 1.9854e-02 8.0064e+04 3.1634e+04
4.2200e+03 5.1564e-12 6.2740e-01 2.0289e+03 3.2170e+03 3.4266e+03 8.1278e+18 4.1412e+20 2.2299e+20 6.5140e-02 1.9852e-02 8.0177e+04 3.1663e+04
4.2300e+03 5.1457e-12 6.2711e-01 2.0285e+03 3.2163e+03 3.4260e+03 8.1618e+18 4.1602e+20 2.2384e+20 6.5035e-02 1.9850e-02 8.0289e+04 3.1693e+04
4.2400e+03 5.1350e-12 6.2683e-01 2.0281e+03 3.2155e+03 3.4254e+03 8.1959e+18 4.1793e+20 2.2469e+20 6.4930e-02 1.9848e-02 8.0401e+04 3.1723e+04
4.2500e+03 5.1244e-12 6.2654e-01 2.0278e+03 3.2147e+03 3.4248e+03 8.2301e+18 4.1985e+20 2.2555e+20 6.4825e-02 1.9846e-02 8.0513e+04 3.1753e+04
4.2600e+03 5.1138e-12 6.2626e-01 2.0274e+03 3.2139e+03 3.4242e+03 8.2644e+18 4.2178e+20 2.2641e+20 6.4721e-02 1.9844e-02 8.0626e+04 3.1784e+04
4.2700e+03 5.1033e-12 6.2598e-01 2.0270e+03 3.2131e+03 3.4235e+03 8.2989e+18 4.2371e+20 2.2728e+20 6.4617e-02 1.9841e-02 8.0738e+04 3.1814e+04
4.2800e+03 5.0928e-12 6.2570e-01 2.0266e+03 3.2124e+03 3.4229e+03 8.3334e+18 4.2565e+20 2.2815e+20 6.4513e-02 1.9839e-02 8.0850e+04 3.1844e+04
4.2900e+03 5.0824e-12 6.2542e-01 2.0262e+03 3.2116e+03 3.4223e+03 8.3680e+18 4.2760e+20 2.2902e+20 6.4409e-02 1.9836e-02 8.0962e+04 3.1874e+04
4.3000e+03 5.0720e-12 6.2514e-01 2.0259e+03 3.2108e+03 3.4217e+03 8.4028e+18 4.2955e+20 2.2989e+20 6.4306e-02 1.9833e-02 8.1075e+04 3.1905e+04
4.3100e+03 5.0617e-12 6.2487e-01 2.0255e+03 3.2100e+03 3.4211e+03 8.4377e+18 4.3152e+20 2.3077e+20 6.4203e-02 1.9830e-02 8.1187e+04 3.1935e+04
4.3200e+03 5.0514e-12 6.2459e-01 2.0251e+03 3.2093e+03 3.4205e+03 8.4727e+18 4.3349e+20 2.3166e+20 6.4101e-02 1.9827e-02 8.1299e+04 3.1966e+04
4.3300e+03 5.0411e-12 6.2432e-01 2.0247e+03 3.2085e+03 3.4199e+03 8.5077e+18 4.3547e+20 2.3254e+20 6.3998e-02 1.9824e-02 8.1412e+04 3.1996e+04
4.3400e+03 5.0309e-12 6.2405e-01 2.0244e+03 3.2077e+03 3.4193e+03 8.5429e+18 4.3746e+20 2.3343e+20 6.3896e-02 1.9820e-02 8.1524e+04 3.2027e+04
4.3500e+03 5.0207e-12 6.2379e-01 2.0240e+03 3.2070e+03 3.4187e+03 8.5783e+18 4.3945e+20 2.3433e+20 6.3795e-02 1.9817e-02 8.1636e+04 3.2058e+04
4.3600e+03 5.0106e-12 6.2352e-01 2.0236e+03 3.2062e+03 3.4181e+03 8.6137e+18 4.4146e+20 2.3522e+20 6.3693e-02 1.9813e-02 8.1749e+04 3.2089e+04
4.3700e+03 5.0005e-12 6.2325e-01 2.0232e+03 3.2054e+03 3.4175e+03 8.6492e+18 4.4347e+20 2.3612e+20 6.3592e-02 1.9809e-02 8.1861e+04 3.2120e+04
4.3800e+03 4.9905e-12 6.2299e-01 2.0229e+03 3.2047e+03 3.4169e+03 8.6848e+18 4.4549e+20 2.3703e+20 6.3492e-02 1.9805e-02 8.1973e+04 3.2151e+04
4.3900e+03 4.9805e-12 6.2273e-01 2.0225e+03 3.2039e+03 3.4163e+03 8.7206e+18 4.4752e+20 2.3794e+20 6.3391e-02 1.9801e-02 8.2086e+04 3.2182e+04
4.4000e+03 4.9706e-12 6.2247e-01 2.0221e+03 3.2031e+03 3.4157e+03 8.7565e+18 4.4955e+20 2.3885e+20 6.3291e-02 1.9797e-02 8.2198e+04 3.2213e+04
4.4100e+03 4.9607e-12 6.2221e-01 2.0218e+03 3.2024e+03 3.4151e+03 8.7924e+18 4.5160e+20 2.3976e+20 6.3191e-02 1.9793e-02 8.2310e+04 3.2244e+04
4.4200e+03 4.9508e-12 6.2195e-01 2.0214e+03 3.2016e+03 3.4145e+03 8.8285e+18 4.5365e+20 2.4068e+20 6.3091e-02 1.9788e-02 8.2423e+04 3.2275e+04
4.4300e+03 4.9410e-12 6.2170e-01 2.0210e+03 3.2009e+03 3.4139e+03 8.8647e+18 4.5571e+20 2.4160e+20 6.2992e-02 1.9784e-02 8.2535e+04 3.2307e+04
4.4400e+03 4.9312e-12 6.2144e-01 2.0206e+03 3.2001e+03 3.4133e+03 8.9010e+18 4.5778e+20 2.4253e+20 6.2893e-02 1.9779e-02 8.2647e+04 3.2338e+04
4.4500e+03 4.9215e-12 6.2119e-01 2.0203e+03 3.1993e+03 3.4127e+03 8.9375e+18 4.5985e+20 2.4346e+20 6.2794e-02 1.9774e-02 8.2760e+04 3.2369e+04
4.4600e+03 4.9118e-12 6.2094e-01 2.0199e+03 3.1986e+03 3.4121e+03 8.9740e+18 4.6194e+20 2.4439e+20 6.2696e-02 1.9769e-02 8.2872e+04 3.2401e+04
4.4700e+03 4.9021e-12 6.2069e-01 2.0195e+03 3.1978e+03 3.4115e+03 9.0106e+18 4.6403e+20 2.4533e+20 6.2598e-02 1.9764e-02 8.2984e+04 3.2433e+04
4.4800e+03 4.8925e-12 6.2044e-01 2.0192e+03 3.1971e+03 3.4109e+03 9.0474e+18 4.6613e+20 2.4627e+20 6.2500e-02 1.9759e-02 8.3097e+04 3.2464e+04
4.4900e+03 4.8829e-12 6.2020e-01 2.0188e+03 3.1963e+03 3.4103e+03 9.0843e+18 4.6824e+20 2.4721e+20 6.2402e-02 1.9754e-02 8.3209e+04 3.2496e+04
4.5000e+03 4.8734e-12 6.1995e-01 2.0184e+03 3.1956e+03 3.4097e+03 9.1213e+18 4.7036e+20 2.4816e+20 6.2305e-02 1.9748e-02 8.3322e+04 3.2528e+04
4.5100e+03 4.8639e-12 6.1971e-01 2.0181e+03 3.1948e+03 3.4091e+03 9.1584e+18 4.7249e+20 2.4911e+20 6.2208e-02 1.9743e-02 8.3434e+04 3.2560e+04
4.5200e+03 4.8544e-12 6.1947e-01 2.0177e+03 3.1941e+03 3.4085e+03 9.1956e+18 4.7462e+20 2.5007e+20 6.2111e-02 1.9737e-02 8.3546e+04 3.2592e+04
4.5300e+03 4.8450e-12 6.1923e-01 2.0174e+03 3.1933e+03 3.4079e+03 9.2329e+18 4.7676e+20 2.5103e+20 6.2015e-02 1.9731e-02 8.3659e+04 3.2624e+04
4.5400e+03 4.8356e-12 6.1899e-01 2.0170e+03 3.1926e+03 3.4073e+03 9.2704e+18 4.7891e+20 2.5199e+20 6.1919e-02 1.9725e-02 8.3771e+04 3.2656e+04
4.5500e+03 0.0000e+00 0.0000e+00 2.0166e+03 0.0000e+00 3.4067e+03 0.0000e+00 0.0000e+00 0.0000e+00 0.0000e+00 0.0000e+00 0.0000e+00 0.0000e+00
