0.0000e+00 2.3990e-11 6.8366e+00 1.7000e+03 2.6764e+03 4.0000e+03 2.2229e+19 3.8936e+19 1.0059e+18 2.7813e-02 5.3422e-01 1.5230e+05 7.4329e+03
1.0000e+01 2.3855e-11 6.1806e+00 1.7168e+03 2.6321e+03 3.9838e+03 3.9393e+19 4.7689e+19 1.0849e+18 3.0591e-02 5.3384e-01 1.4011e+05 7.5958e+03
2.0000e+01 2.3720e-11 5.6006e+00 1.7334e+03 2.6684e+03 3.9675e+03 2.9034e+19 4.4563e+19 1.1706e+18 3.3569e-02 5.0745e-01 1.2917e+05 7.6803e+03
3.0000e+01 2.3586e-11 5.1022e+00 1.7493e+03 2.7030e+03 3.9521e+03 2.1913e+19 4.1789e+19 1.2592e+18 3.6640e-02 4.8283e-01 1.1965e+05 7.7613e+03
4.0000e+01 2.3454e-11 4.6710e+00 1.7646e+03 2.7356e+03 3.9374e+03 1.6934e+19 3.9348e+19 1.3503e+18 3.9797e-02 4.5988e-01 1.1131e+05 7.8396e+03
5.0000e+01 2.3322e-11 4.2959e+00 1.7792e+03 2.7666e+03 3.9234e+03 1.3359e+19 3.7186e+19 1.4440e+18 4.3029e-02 4.3840e-01 1.0397e+05 7.9158e+03
6.0000e+01 2.3191e-11 3.9676e+00 1.7932e+03 2.7960e+03 3.9101e+03 1.0732e+19 3.5259e+19 1.5400e+18 4.6328e-02 4.1826e-01 9.7472e+04 7.9904e+03
7.0000e+01 2.3062e-11 3.6790e+00 1.8067e+03 2.8240e+03 3.8973e+03 8.7611e+18 3.3533e+19 1.6383e+18 4.9684e-02 3.9931e-01 9.1702e+04 8.0638e+03
8.0000e+01 2.2933e-11 3.4239e+00 1.8196e+03 2.8506e+03 3.8852e+03 7.2562e+18 3.1980e+19 1.7385e+18 5.3087e-02 3.8147e-01 8.6553e+04 8.1363e+03
9.0000e+01 2.2805e-11 3.1976e+00 1.8320e+03 2.8760e+03 3.8736e+03 6.0882e+18 3.0577e+19 1.8407e+18 5.6528e-02 3.6463e-01 8.1943e+04 8.2080e+03
1.0000e+02 2.2678e-11 2.9960e+00 1.8439e+03 2.9001e+03 3.8625e+03 5.1684e+18 2.9305e+19 1.9446e+18 5.9996e-02 3.4872e-01 7.7800e+04 8.2792e+03
1.1000e+02 2.2553e-11 2.8157e+00 1.8553e+03 2.9231e+03 3.8519e+03 4.4346e+18 2.8149e+19 2.0500e+18 6.3483e-02 3.3368e-01 7.4065e+04 8.3502e+03
1.2000e+02 2.2428e-11 2.6540e+00 1.8662e+03 2.9451e+03 3.8417e+03 3.8422e+18 2.7094e+19 2.1569e+18 6.6980e-02 3.1943e-01 7.0688e+04 8.4210e+03
1.3000e+02 2.2304e-11 2.5083e+00 1.8767e+03 2.9661e+03 3.8320e+03 3.3587e+18 2.6130e+19 2.2649e+18 7.0477e-02 3.0593e-01 6.7626e+04 8.4918e+03
1.4000e+02 2.2181e-11 2.3768e+00 1.8867e+03 2.9861e+03 3.8227e+03 2.9603e+18 2.5248e+19 2.3740e+18 7.3966e-02 2.9312e-01 6.4843e+04 8.5627e+03
1.5000e+02 2.2059e-11 2.2577e+00 1.8963e+03 3.0052e+03 3.8138e+03 2.6291e+18 2.4438e+19 2.4840e+18 7.7440e-02 2.8098e-01 6.2307e+04 8.6337e+03
1.6000e+02 2.1937e-11 2.1495e+00 1.9056e+03 3.0234e+03 3.8053e+03 2.3513e+18 2.3694e+19 2.5948e+18 8.0889e-02 2.6945e-01 5.9991e+04 8.7050e+03
1.7000e+02 2.1817e-11 2.0511e+00 1.9144e+03 3.0408e+03 3.7971e+03 2.1167e+18 2.3009e+19 2.7061e+18 8.4308e-02 2.5850e-01 5.7873e+04 8.7766e+03
1.8000e+02 2.1698e-11 1.9612e+00 1.9228e+03 3.0574e+03 3.7892e+03 1.9171e+18 2.2379e+19 2.8179e+18 8.7689e-02 2.4810e-01 5.5930e+04 8.8485e+03
1.9000e+02 2.1579e-11 1.8790e+00 1.9309e+03 3.0733e+03 3.7817e+03 1.7462e+18 2.1797e+19 2.9300e+18 9.1026e-02 2.3822e-01 5.4146e+04 8.9208e+03
2.0000e+02 2.1462e-11 1.8036e+00 1.9386e+03 3.0884e+03 3.7744e+03 1.5990e+18 2.1260e+19 3.0422e+18 9.4312e-02 2.2884e-01 5.2505e+04 8.9935e+03
2.1000e+02 2.1345e-11 1.7344e+00 1.9460e+03 3.1028e+03 3.7674e+03 1.4715e+18 2.0765e+19 3.1546e+18 9.7543e-02 2.1991e-01 5.0993e+04 9.0666e+03
2.2000e+02 2.1229e-11 1.6707e+00 1.9531e+03 3.1166e+03 3.7608e+03 1.3604e+18 2.0307e+19 3.2668e+18 1.0071e-01 2.1143e-01 4.9598e+04 9.1401e+03
2.3000e+02 2.1114e-11 1.6119e+00 1.9598e+03 3.1297e+03 3.7543e+03 1.2633e+18 1.9883e+19 3.3789e+18 1.0382e-01 2.0337e-01 4.8309e+04 9.2140e+03
2.4000e+02 2.1000e-11 1.5576e+00 1.9662e+03 3.1422e+03 3.7481e+03 1.1779e+18 1.9492e+19 3.4907e+18 1.0686e-01 1.9570e-01 4.7117e+04 9.2882e+03
2.5000e+02 2.0886e-11 1.5074e+00 1.9724e+03 3.1541e+03 3.7422e+03 1.1026e+18 1.9130e+19 3.6022e+18 1.0982e-01 1.8842e-01 4.6012e+04 9.3629e+03
2.6000e+02 2.0774e-11 1.4608e+00 1.9782e+03 3.1655e+03 3.7365e+03 1.0358e+18 1.8796e+19 3.7132e+18 1.1271e-01 1.8149e-01 4.4989e+04 9.4378e+03
2.7000e+02 2.0662e-11 1.4176e+00 1.9838e+03 3.1763e+03 3.7309e+03 9.7647e+17 1.8487e+19 3.8237e+18 1.1552e-01 1.7490e-01 4.4039e+04 9.5131e+03
2.8000e+02 2.0551e-11 1.3774e+00 1.9892e+03 3.1866e+03 3.7256e+03 9.2352e+17 1.8202e+19 3.9337e+18 1.1825e-01 1.6864e-01 4.3157e+04 9.5887e+03
2.9000e+02 2.0441e-11 1.3400e+00 1.9942e+03 3.1964e+03 3.7205e+03 8.7614e+17 1.7938e+19 4.0430e+18 1.2091e-01 1.6268e-01 4.2336e+04 9.6646e+03
3.0000e+02 2.0332e-11 1.3052e+00 1.9991e+03 3.2057e+03 3.7155e+03 8.3360e+17 1.7695e+19 4.1516e+18 1.2347e-01 1.5702e-01 4.1573e+04 9.7406e+03
3.1000e+02 2.0224e-11 1.2726e+00 2.0036e+03 3.2146e+03 3.7108e+03 7.9532e+17 1.7471e+19 4.2595e+18 1.2596e-01 1.5164e-01 4.0863e+04 9.8168e+03
3.2000e+02 2.0116e-11 1.2422e+00 2.0080e+03 3.2230e+03 3.7062e+03 7.6077e+17 1.7265e+19 4.3666e+18 1.2835e-01 1.4652e-01 4.0202e+04 9.8932e+03
3.3000e+02 2.0009e-11 1.2137e+00 2.0122e+03 3.2310e+03 3.7017e+03 7.2953e+17 1.7076e+19 4.4730e+18 1.3067e-01 1.4165e-01 3.9586e+04 9.9696e+03
3.4000e+02 1.9903e-11 1.1870e+00 2.0161e+03 3.2385e+03 3.6974e+03 7.0121e+17 1.6903e+19 4.5785e+18 1.3289e-01 1.3702e-01 3.9011e+04 1.0046e+04
3.5000e+02 1.9798e-11 1.1620e+00 2.0198e+03 3.2457e+03 3.6932e+03 6.7549e+17 1.6744e+19 4.6832e+18 1.3504e-01 1.3262e-01 3.8475e+04 1.0122e+04
3.6000e+02 1.9693e-11 1.1385e+00 2.0234e+03 3.2525e+03 3.6892e+03 6.5209e+17 1.6599e+19 4.7870e+18 1.3710e-01 1.2844e-01 3.7975e+04 1.0199e+04
3.7000e+02 1.9589e-11 1.1165e+00 2.0268e+03 3.2590e+03 3.6853e+03 6.3076e+17 1.6467e+19 4.8899e+18 1.3907e-01 1.2446e-01 3.7509e+04 1.0275e+04
3.8000e+02 1.9486e-11 1.0957e+00 2.0299e+03 3.2651e+03 3.6815e+03 6.1128e+17 1.6348e+19 4.9921e+18 1.4096e-01 1.2067e-01 3.7073e+04 1.0351e+04
3.9000e+02 1.9384e-11 1.0761e+00 2.0330e+03 3.2709e+03 3.6778e+03 5.9348e+17 1.6240e+19 5.0933e+18 1.4277e-01 1.1708e-01 3.6667e+04 1.0427e+04
4.0000e+02 1.9283e-11 1.0577e+00 2.0358e+03 3.2764e+03 3.6743e+03 5.7719e+17 1.6144e+19 5.1937e+18 1.4450e-01 1.1365e-01 3.6288e+04 1.0503e+04
4.1000e+02 1.9182e-11 1.0403e+00 2.0385e+03 3.2815e+03 3.6708e+03 5.6227e+17 1.6057e+19 5.2932e+18 1.4615e-01 1.1040e-01 3.5934e+04 1.0578e+04
4.2000e+02 1.9082e-11 1.0239e+00 2.0411e+03 3.2864e+03 3.6674e+03 5.4858e+17 1.5981e+19 5.3919e+18 1.4772e-01 1.0731e-01 3.5603e+04 1.0653e+04
4.3000e+02 1.8983e-11 1.0083e+00 2.0435e+03 3.2910e+03 3.6642e+03 5.3601e+17 1.5914e+19 5.4898e+18 1.4921e-01 1.0436e-01 3.5295e+04 1.0728e+04
4.4000e+02 1.8884e-11 9.9366e-01 2.0457e+03 3.2953e+03 3.6610e+03 5.2447e+17 1.5856e+19 5.5869e+18 1.5063e-01 1.0156e-01 3.5008e+04 1.0802e+04
4.5000e+02 1.8786e-11 9.7976e-01 2.0479e+03 3.2994e+03 3.6579e+03 5.1386e+17 1.5806e+19 5.6831e+18 1.5197e-01 9.8898e-02 3.4740e+04 1.0876e+04
4.6000e+02 1.8689e-11 9.6659e-01 2.0499e+03 3.3032e+03 3.6549e+03 5.0411e+17 1.5765e+19 5.7786e+18 1.5325e-01 9.6364e-02 3.4490e+04 1.0949e+04
4.7000e+02 1.8593e-11 9.5411e-01 2.0517e+03 3.3068e+03 3.6520e+03 4.9514e+17 1.5731e+19 5.8734e+18 1.5445e-01 9.3952e-02 3.4258e+04 1.1022e+04
4.8000e+02 1.8497e-11 9.4226e-01 2.0535e+03 3.3102e+03 3.6491e+03 4.8689e+17 1.5704e+19 5.9674e+18 1.5559e-01 9.1658e-02 3.4042e+04 1.1094e+04
4.9000e+02 1.8402e-11 9.3101e-01 2.0552e+03 3.3133e+03 3.6463e+03 4.7931e+17 1.5685e+19 6.0608e+18 1.5666e-01 8.9475e-02 3.3840e+04 1.1166e+04
5.0000e+02 1.8307e-11 9.2032e-01 2.0567e+03 3.3163e+03 3.6436e+03 4.7234e+17 1.5672e+19 6.1534e+18 1.5767e-01 8.7396e-02 3.3654e+04 1.1237e+04
5.1000e+02 1.8214e-11 9.1015e-01 2.0582e+03 3.3190e+03 3.6410e+03 4.6593e+17 1.5665e+19 6.2454e+18 1.5861e-01 8.5418e-02 3.3481e+04 1.1307e+04
5.2000e+02 1.8121e-11 9.0048e-01 2.0595e+03 3.3216e+03 3.6384e+03 4.6005e+17 1.5665e+19 6.3368e+18 1.5950e-01 8.3535e-02 3.3320e+04 1.1377e+04
5.3000e+02 1.8028e-11 8.9127e-01 2.0608e+03 3.3239e+03 3.6358e+03 4.5465e+17 1.5671e+19 6.4276e+18 1.6032e-01 8.1742e-02 3.3172e+04 1.1446e+04
5.4000e+02 1.7937e-11 8.8250e-01 2.0619e+03 3.3262e+03 3.6333e+03 4.4971e+17 1.5682e+19 6.5178e+18 1.6110e-01 8.0034e-02 3.3035e+04 1.1514e+04
5.5000e+02 1.7846e-11 8.7413e-01 2.0630e+03 3.3282e+03 3.6309e+03 4.4518e+17 1.5699e+19 6.6075e+18 1.6181e-01 7.8408e-02 3.2908e+04 1.1582e+04
5.6000e+02 1.7755e-11 8.6616e-01 2.0640e+03 3.3301e+03 3.6285e+03 4.4105e+17 1.5721e+19 6.6967e+18 1.6248e-01 7.6858e-02 3.2792e+04 1.1648e+04
5.7000e+02 1.7666e-11 8.5854e-01 2.0649e+03 3.3318e+03 3.6262e+03 4.3728e+17 1.5748e+19 6.7854e+18 1.6309e-01 7.5382e-02 3.2686e+04 1.1714e+04
5.8000e+02 1.7577e-11 8.5127e-01 2.0657e+03 3.3334e+03 3.6239e+03 4.3385e+17 1.5780e+19 6.8737e+18 1.6365e-01 7.3976e-02 3.2589e+04 1.1780e+04
5.9000e+02 1.7488e-11 8.4432e-01 2.0665e+03 3.3349e+03 3.6216e+03 4.3074e+17 1.5816e+19 6.9615e+18 1.6417e-01 7.2636e-02 3.2500e+04 1.1844e+04
6.0000e+02 1.7400e-11 8.3767e-01 2.0672e+03 3.3362e+03 3.6194e+03 4.2794e+17 1.5857e+19 7.0490e+18 1.6464e-01 7.1358e-02 3.2420e+04 1.1908e+04
6.1000e+02 1.7313e-11 8.3131e-01 2.0678e+03 3.3374e+03 3.6172e+03 4.2541e+17 1.5903e+19 7.1360e+18 1.6507e-01 7.0140e-02 3.2347e+04 1.1970e+04
6.2000e+02 1.7227e-11 8.2522e-01 2.0684e+03 3.3385e+03 3.6151e+03 4.2315e+17 1.5952e+19 7.2228e+18 1.6546e-01 6.8979e-02 3.2282e+04 1.2032e+04
6.3000e+02 1.7141e-11 8.1939e-01 2.0689e+03 3.3394e+03 3.6130e+03 4.2114e+17 1.6006e+19 7.3092e+18 1.6580e-01 6.7871e-02 3.2224e+04 1.2094e+04
6.4000e+02 1.7055e-11 8.1380e-01 2.0694e+03 3.3403e+03 3.6109e+03 4.1936e+17 1.6064e+19 7.3954e+18 1.6611e-01 6.6814e-02 3.2172e+04 1.2154e+04
6.5000e+02 1.6971e-11 8.0844e-01 2.0698e+03 3.3410e+03 3.6089e+03 4.1781e+17 1.6126e+19 7.4813e+18 1.6638e-01 6.5806e-02 3.2127e+04 1.2214e+04
6.6000e+02 1.6887e-11 8.0330e-01 2.0701e+03 3.3416e+03 3.6069e+03 4.1646e+17 1.6191e+19 7.5670e+18 1.6662e-01 6.4844e-02 3.2088e+04 1.2272e+04
6.7000e+02 1.6803e-11 7.9837e-01 2.0704e+03 3.3422e+03 3.6049e+03 4.1532e+17 1.6260e+19 7.6525e+18 1.6682e-01 6.3926e-02 3.2055e+04 1.2330e+04
6.8000e+02 1.6720e-11 7.9363e-01 2.0707e+03 3.3427e+03 3.6030e+03 4.1436e+17 1.6333e+19 7.7378e+18 1.6698e-01 6.3049e-02 3.2027e+04 1.2388e+04
6.9000e+02 1.6638e-11 7.8908e-01 2.0709e+03 3.3430e+03 3.6011e+03 4.1359e+17 1.6409e+19 7.8230e+18 1.6712e-01 6.2212e-02 3.2004e+04 1.2444e+04
7.0000e+02 1.6556e-11 7.8470e-01 2.0710e+03 3.3433e+03 3.5992e+03 4.1298e+17 1.6489e+19 7.9081e+18 1.6723e-01 6.1413e-02 3.1987e+04 1.2500e+04
7.1000e+02 1.6475e-11 7.8049e-01 2.0711e+03 3.3435e+03 3.5973e+03 4.1253e+17 1.6571e+19 7.9930e+18 1.6731e-01 6.0649e-02 3.1974e+04 1.2555e+04
7.2000e+02 1.6394e-11 7.7644e-01 2.0712e+03 3.3436e+03 3.5955e+03 4.1224e+17 1.6657e+19 8.0779e+18 1.6736e-01 5.9919e-02 3.1965e+04 1.2609e+04
7.3000e+02 1.6314e-11 7.7253e-01 2.0712e+03 3.3437e+03 3.5937e+03 4.1210e+17 1.6746e+19 8.1627e+18 1.6738e-01 5.9221e-02 3.1961e+04 1.2663e+04
7.4000e+02 1.6235e-11 7.6878e-01 2.0712e+03 3.3437e+03 3.5919e+03 4.1209e+17 1.6839e+19 8.2475e+18 1.6738e-01 5.8554e-02 3.1962e+04 1.2715e+04
7.5000e+02 1.6156e-11 7.6515e-01 2.0712e+03 3.3436e+03 3.5901e+03 4.1222e+17 1.6934e+19 8.3324e+18 1.6735e-01 5.7917e-02 3.1966e+04 1.2767e+04
7.6000e+02 1.6078e-11 7.6166e-01 2.0711e+03 3.3434e+03 3.5883e+03 4.1247e+17 1.7032e+19 8.4172e+18 1.6731e-01 5.7307e-02 3.1974e+04 1.2819e+04
7.7000e+02 1.6000e-11 7.5829e-01 2.0710e+03 3.3432e+03 3.5866e+03 4.1285e+17 1.7133e+19 8.5020e+18 1.6724e-01 5.6723e-02 3.1985e+04 1.2869e+04
7.8000e+02 1.5923e-11 7.5504e-01 2.0709e+03 3.3430e+03 3.5848e+03 4.1335e+17 1.7237e+19 8.5870e+18 1.6715e-01 5.6165e-02 3.2000e+04 1.2919e+04
7.9000e+02 1.5846e-11 7.5190e-01 2.0707e+03 3.3426e+03 3.5831e+03 4.1396e+17 1.7343e+19 8.6720e+18 1.6704e-01 5.5630e-02 3.2018e+04 1.2969e+04
8.0000e+02 1.5770e-11 7.4887e-01 2.0705e+03 3.3423e+03 3.5814e+03 4.1467e+17 1.7453e+19 8.7571e+18 1.6691e-01 5.5118e-02 3.2040e+04 1.3018e+04
8.1000e+02 1.5694e-11 7.4594e-01 2.0703e+03 3.3418e+03 3.5798e+03 4.1550e+17 1.7565e+19 8.8423e+18 1.6676e-01 5.4628e-02 3.2064e+04 1.3066e+04
8.2000e+02 1.5619e-11 7.4310e-01 2.0701e+03 3.3414e+03 3.5781e+03 4.1642e+17 1.7680e+19 8.9277e+18 1.6659e-01 5.4158e-02 3.2092e+04 1.3113e+04
8.3000e+02 1.5544e-11 7.4036e-01 2.0698e+03 3.3408e+03 3.5765e+03 4.1743e+17 1.7797e+19 9.0132e+18 1.6641e-01 5.3708e-02 3.2122e+04 1.3160e+04
8.4000e+02 1.5470e-11 7.3770e-01 2.0695e+03 3.3403e+03 3.5748e+03 4.1854e+17 1.7917e+19 9.0989e+18 1.6621e-01 5.3276e-02 3.2155e+04 1.3207e+04
8.5000e+02 1.5397e-11 7.3513e-01 2.0692e+03 3.3397e+03 3.5732e+03 4.1974e+17 1.8039e+19 9.1848e+18 1.6600e-01 5.2862e-02 3.2190e+04 1.3253e+04
8.6000e+02 1.5324e-11 7.3264e-01 2.0689e+03 3.3390e+03 3.5716e+03 4.2103e+17 1.8164e+19 9.2709e+18 1.6578e-01 5.2465e-02 3.2228e+04 1.3298e+04
8.7000e+02 1.5251e-11 7.3023e-01 2.0685e+03 3.3383e+03 3.5700e+03 4.2240e+17 1.8291e+19 9.3572e+18 1.6554e-01 5.2084e-02 3.2268e+04 1.3343e+04
8.8000e+02 1.5179e-11 7.2789e-01 2.0682e+03 3.3376e+03 3.5684e+03 4.2385e+17 1.8421e+19 9.4438e+18 1.6529e-01 5.1719e-02 3.2311e+04 1.3387e+04
8.9000e+02 1.5108e-11 7.2562e-01 2.0678e+03 3.3369e+03 3.5668e+03 4.2537e+17 1.8553e+19 9.5307e+18 1.6502e-01 5.1367e-02 3.2355e+04 1.3431e+04
9.0000e+02 1.5037e-11 7.2342e-01 2.0674e+03 3.3361e+03 3.5653e+03 4.2698e+17 1.8688e+19 9.6178e+18 1.6475e-01 5.1030e-02 3.2402e+04 1.3474e+04
9.1000e+02 1.4966e-11 7.2128e-01 2.0669e+03 3.3353e+03 3.5637e+03 4.2866e+17 1.8824e+19 9.7052e+18 1.6446e-01 5.0706e-02 3.2451e+04 1.3517e+04
9.2000e+02 1.4896e-11 7.1921e-01 2.0665e+03 3.3344e+03 3.5622e+03 4.3041e+17 1.8964e+19 9.7929e+18 1.6416e-01 5.0394e-02 3.2501e+04 1.3560e+04
9.3000e+02 1.4827e-11 7.1719e-01 2.0660e+03 3.3335e+03 3.5606e+03 4.3222e+17 1.9105e+19 9.8810e+18 1.6386e-01 5.0095e-02 3.2554e+04 1.3602e+04
9.4000e+02 1.4757e-11 7.1523e-01 2.0656e+03 3.3326e+03 3.5591e+03 4.3411e+17 1.9249e+19 9.9694e+18 1.6354e-01 4.9807e-02 3.2608e+04 1.3643e+04
9.5000e+02 1.4689e-11 7.1332e-01 2.0651e+03 3.3317e+03 3.5576e+03 4.3606e+17 1.9395e+19 1.0058e+19 1.6321e-01 4.9529e-02 3.2664e+04 1.3685e+04
9.6000e+02 1.4621e-11 7.1146e-01 2.0646e+03 3.3307e+03 3.5561e+03 4.3808e+17 1.9543e+19 1.0147e+19 1.6288e-01 4.9262e-02 3.2722e+04 1.3726e+04
9.7000e+02 1.4553e-11 7.0966e-01 2.0641e+03 3.3297e+03 3.5546e+03 4.4015e+17 1.9693e+19 1.0237e+19 1.6254e-01 4.9005e-02 3.2781e+04 1.3766e+04
9.8000e+02 1.4486e-11 7.0790e-01 2.0636e+03 3.3287e+03 3.5531e+03 4.4229e+17 1.9846e+19 1.0327e+19 1.6219e-01 4.8757e-02 3.2842e+04 1.3806e+04
9.9000e+02 1.4419e-11 7.0618e-01 2.0630e+03 3.3277e+03 3.5516e+03 4.4449e+17 2.0001e+19 1.0417e+19 1.6184e-01 4.8518e-02 3.2904e+04 1.3846e+04
1.0000e+03 1.4353e-11 7.0451e-01 2.0625e+03 3.3266e+03 3.5502e+03 4.4675e+17 2.0158e+19 1.0508e+19 1.6147e-01 4.8288e-02 3.2968e+04 1.3886e+04
1.0100e+03 1.4287e-11 7.0289e-01 2.0619e+03 3.3256e+03 3.5487e+03 4.4906e+17 2.0317e+19 1.0599e+19 1.6111e-01 4.8066e-02 3.3033e+04 1.3925e+04
1.0200e+03 1.4222e-11 7.0130e-01 2.0614e+03 3.3245e+03 3.5472e+03 4.5142e+17 2.0479e+19 1.0690e+19 1.6073e-01 4.7851e-02 3.3099e+04 1.3964e+04
1.0300e+03 1.4157e-11 6.9975e-01 2.0608e+03 3.3234e+03 3.5458e+03 4.5385e+17 2.0642e+19 1.0782e+19 1.6035e-01 4.7644e-02 3.3167e+04 1.4003e+04
1.0400e+03 1.4092e-11 6.9824e-01 2.0602e+03 3.3223e+03 3.5443e+03 4.5632e+17 2.0808e+19 1.0875e+19 1.5997e-01 4.7444e-02 3.3236e+04 1.4041e+04
1.0500e+03 1.4028e-11 6.9676e-01 2.0596e+03 3.3211e+03 3.5429e+03 4.5885e+17 2.0976e+19 1.0968e+19 1.5958e-01 4.7250e-02 3.3306e+04 1.4080e+04
1.0600e+03 1.3965e-11 6.9532e-01 2.0590e+03 3.3200e+03 3.5414e+03 4.6142e+17 2.1146e+19 1.1061e+19 1.5918e-01 4.7063e-02 3.3377e+04 1.4117e+04
1.0700e+03 1.3902e-11 6.9391e-01 2.0584e+03 3.3188e+03 3.5400e+03 4.6405e+17 2.1318e+19 1.1155e+19 1.5879e-01 4.6882e-02 3.3449e+04 1.4155e+04
1.0800e+03 1.3839e-11 6.9254e-01 2.0578e+03 3.3176e+03 3.5386e+03 4.6672e+17 2.1492e+19 1.1250e+19 1.5838e-01 4.6707e-02 3.3522e+04 1.4193e+04
1.0900e+03 1.3777e-11 6.9119e-01 2.0572e+03 3.3164e+03 3.5372e+03 4.6945e+17 2.1668e+19 1.1344e+19 1.5798e-01 4.6537e-02 3.3597e+04 1.4230e+04
1.1000e+03 1.3715e-11 6.8987e-01 2.0566e+03 3.3152e+03 3.5357e+03 4.7222e+17 2.1846e+19 1.1440e+19 1.5757e-01 4.6372e-02 3.3672e+04 1.4267e+04
1.1100e+03 1.3653e-11 6.8858e-01 2.0559e+03 3.3140e+03 3.5343e+03 4.7504e+17 2.2027e+19 1.1536e+19 1.5716e-01 4.6212e-02 3.3748e+04 1.4304e+04
1.1200e+03 1.3592e-11 6.8732e-01 2.0553e+03 3.3128e+03 3.5329e+03 4.7790e+17 2.2209e+19 1.1633e+19 1.5674e-01 4.6058e-02 3.3825e+04 1.4341e+04
1.1300e+03 1.3532e-11 6.8609e-01 2.0546e+03 3.3115e+03 3.5315e+03 4.8081e+17 2.2394e+19 1.1730e+19 1.5632e-01 4.5907e-02 3.3904e+04 1.4377e+04
1.1400e+03 1.3471e-11 6.8488e-01 2.0540e+03 3.3103e+03 3.5301e+03 4.8376e+17 2.2580e+19 1.1827e+19 1.5590e-01 4.5761e-02 3.3983e+04 1.4414e+04
1.1500e+03 1.3412e-11 6.8369e-01 2.0533e+03 3.3090e+03 3.5287e+03 4.8676e+17 2.2769e+19 1.1926e+19 1.5548e-01 4.5620e-02 3.4062e+04 1.4450e+04
1.1600e+03 1.3352e-11 6.8253e-01 2.0527e+03 3.3077e+03 3.5274e+03 4.8980e+17 2.2960e+19 1.2025e+19 1.5505e-01 4.5482e-02 3.4143e+04 1.4486e+04
1.1700e+03 1.3293e-11 6.8139e-01 2.0520e+03 3.3065e+03 3.5260e+03 4.9288e+17 2.3153e+19 1.2124e+19 1.5463e-01 4.5347e-02 3.4224e+04 1.4522e+04
1.1800e+03 1.3235e-11 6.8027e-01 2.0513e+03 3.3052e+03 3.5246e+03 4.9600e+17 2.3348e+19 1.2224e+19 1.5420e-01 4.5217e-02 3.4307e+04 1.4558e+04
1.1900e+03 1.3176e-11 6.7917e-01 2.0507e+03 3.3039e+03 3.5232e+03 4.9917e+17 2.3545e+19 1.2325e+19 1.5377e-01 4.5090e-02 3.4389e+04 1.4594e+04
1.2000e+03 1.3119e-11 6.7810e-01 2.0500e+03 3.3026e+03 3.5218e+03 5.0237e+17 2.3744e+19 1.2426e+19 1.5334e-01 4.4966e-02 3.4473e+04 1.4629e+04
1.2100e+03 1.3061e-11 6.7704e-01 2.0493e+03 3.3013e+03 3.5205e+03 5.0562e+17 2.3945e+19 1.2528e+19 1.5290e-01 4.4845e-02 3.4557e+04 1.4665e+04
1.2200e+03 1.3004e-11 6.7600e-01 2.0486e+03 3.2999e+03 3.5191e+03 5.0891e+17 2.4148e+19 1.2631e+19 1.5247e-01 4.4727e-02 3.4642e+04 1.4700e+04
1.2300e+03 1.2947e-11 6.7498e-01 2.0480e+03 3.2986e+03 3.5177e+03 5.1223e+17 2.4354e+19 1.2734e+19 1.5203e-01 4.4612e-02 3.4728e+04 1.4736e+04
1.2400e+03 1.2891e-11 6.7398e-01 2.0473e+03 3.2973e+03 3.5164e+03 5.1560e+17 2.4561e+19 1.2838e+19 1.5160e-01 4.4499e-02 3.4814e+04 1.4771e+04
1.2500e+03 1.2835e-11 6.7300e-01 2.0466e+03 3.2960e+03 3.5150e+03 5.1901e+17 2.4771e+19 1.2942e+19 1.5116e-01 4.4389e-02 3.4901e+04 1.4806e+04
1.2600e+03 1.2780e-11 6.7203e-01 2.0459e+03 3.2946e+03 3.5137e+03 5.2245e+17 2.4982e+19 1.3048e+19 1.5072e-01 4.4281e-02 3.4989e+04 1.4841e+04
1.2700e+03 1.2725e-11 6.7108e-01 2.0452e+03 3.2933e+03 3.5123e+03 5.2593e+17 2.5196e+19 1.3153e+19 1.5029e-01 4.4176e-02 3.5077e+04 1.4876e+04
1.2800e+03 1.2670e-11 6.7014e-01 2.0445e+03 3.2919e+03 3.5110e+03 5.2945e+17 2.5412e+19 1.3260e+19 1.4985e-01 4.4073e-02 3.5165e+04 1.4911e+04
1.2900e+03 1.2615e-11 6.6922e-01 2.0438e+03 3.2906e+03 3.5097e+03 5.3301e+17 2.5630e+19 1.3367e+19 1.4941e-01 4.3972e-02 3.5254e+04 1.4946e+04
1.3000e+03 1.2561e-11 6.6831e-01 2.0431e+03 3.2892e+03 3.5083e+03 5.3660e+17 2.5850e+19 1.3475e+19 1.4897e-01 4.3873e-02 3.5344e+04 1.4981e+04
1.3100e+03 1.2508e-11 6.6742e-01 2.0424e+03 3.2879e+03 3.5070e+03 5.4023e+17 2.6072e+19 1.3584e+19 1.4853e-01 4.3776e-02 3.5434e+04 1.5016e+04
1.3200e+03 1.2454e-11 6.6654e-01 2.0417e+03 3.2865e+03 3.5057e+03 5.4390e+17 2.6296e+19 1.3693e+19 1.4809e-01 4.3681e-02 3.5525e+04 1.5050e+04
1.3300e+03 1.2401e-11 6.6568e-01 2.0410e+03 3.2852e+03 3.5043e+03 5.4760e+17 2.6522e+19 1.3804e+19 1.4766e-01 4.3587e-02 3.5616e+04 1.5085e+04
1.3400e+03 1.2349e-11 6.6483e-01 2.0403e+03 3.2838e+03 3.5030e+03 5.5134e+17 2.6751e+19 1.3914e+19 1.4722e-01 4.3495e-02 3.5707e+04 1.5120e+04
1.3500e+03 1.2296e-11 6.6399e-01 2.0395e+03 3.2824e+03 3.5017e+03 5.5512e+17 2.6981e+19 1.4026e+19 1.4678e-01 4.3405e-02 3.5800e+04 1.5154e+04
1.3600e+03 1.2244e-11 6.6316e-01 2.0388e+03 3.2810e+03 3.5004e+03 5.5893e+17 2.7214e+19 1.4138e+19 1.4634e-01 4.3316e-02 3.5892e+04 1.5189e+04
1.3700e+03 1.2193e-11 6.6234e-01 2.0381e+03 3.2797e+03 3.4990e+03 5.6278e+17 2.7449e+19 1.4251e+19 1.4590e-01 4.3228e-02 3.5985e+04 1.5224e+04
1.3800e+03 1.2141e-11 6.6154e-01 2.0374e+03 3.2783e+03 3.4977e+03 5.6666e+17 2.7686e+19 1.4365e+19 1.4547e-01 4.3142e-02 3.6078e+04 1.5258e+04
1.3900e+03 1.2090e-11 6.6074e-01 2.0367e+03 3.2769e+03 3.4964e+03 5.7058e+17 2.7925e+19 1.4480e+19 1.4503e-01 4.3057e-02 3.6172e+04 1.5293e+04
1.4000e+03 1.2040e-11 6.5996e-01 2.0360e+03 3.2755e+03 3.4951e+03 5.7454e+17 2.8166e+19 1.4595e+19 1.4460e-01 4.2974e-02 3.6266e+04 1.5327e+04
1.4100e+03 1.1990e-11 6.5919e-01 2.0353e+03 3.2742e+03 3.4938e+03 5.7852e+17 2.8409e+19 1.4711e+19 1.4416e-01 4.2891e-02 3.6361e+04 1.5362e+04
1.4200e+03 1.1940e-11 6.5843e-01 2.0345e+03 3.2728e+03 3.4925e+03 5.8255e+17 2.8655e+19 1.4828e+19 1.4373e-01 4.2810e-02 3.6456e+04 1.5396e+04
1.4300e+03 1.1890e-11 6.5767e-01 2.0338e+03 3.2714e+03 3.4912e+03 5.8661e+17 2.8903e+19 1.4946e+19 1.4329e-01 4.2729e-02 3.6551e+04 1.5431e+04
1.4400e+03 1.1841e-11 6.5693e-01 2.0331e+03 3.2700e+03 3.4899e+03 5.9070e+17 2.9153e+19 1.5065e+19 1.4286e-01 4.2650e-02 3.6647e+04 1.5465e+04
1.4500e+03 1.1792e-11 6.5620e-01 2.0324e+03 3.2686e+03 3.4886e+03 5.9482e+17 2.9405e+19 1.5184e+19 1.4243e-01 4.2572e-02 3.6743e+04 1.5500e+04
1.4600e+03 1.1743e-11 6.5547e-01 2.0317e+03 3.2673e+03 3.4873e+03 5.9899e+17 2.9659e+19 1.5304e+19 1.4200e-01 4.2494e-02 3.6839e+04 1.5535e+04
1.4700e+03 1.1695e-11 6.5476e-01 2.0310e+03 3.2659e+03 3.4860e+03 6.0318e+17 2.9916e+19 1.5425e+19 1.4157e-01 4.2417e-02 3.6936e+04 1.5569e+04
1.4800e+03 1.1647e-11 6.5405e-01 2.0302e+03 3.2645e+03 3.4847e+03 6.0741e+17 3.0175e+19 1.5547e+19 1.4114e-01 4.2342e-02 3.7033e+04 1.5604e+04
1.4900e+03 1.1599e-11 6.5335e-01 2.0295e+03 3.2631e+03 3.4834e+03 6.1167e+17 3.0436e+19 1.5670e+19 1.4071e-01 4.2266e-02 3.7130e+04 1.5638e+04
1.5000e+03 1.1552e-11 6.5267e-01 2.0288e+03 3.2617e+03 3.4821e+03 6.1597e+17 3.0699e+19 1.5793e+19 1.4028e-01 4.2192e-02 3.7228e+04 1.5673e+04
1.5100e+03 1.1505e-11 6.5198e-01 2.0281e+03 3.2603e+03 3.4809e+03 6.2030e+17 3.0965e+19 1.5918e+19 1.3986e-01 4.2118e-02 3.7326e+04 1.5707e+04
1.5200e+03 1.1458e-11 6.5131e-01 2.0274e+03 3.2589e+03 3.4796e+03 6.2467e+17 3.1233e+19 1.6043e+19 1.3943e-01 4.2045e-02 3.7424e+04 1.5742e+04
1.5300e+03 1.1411e-11 6.5064e-01 2.0267e+03 3.2576e+03 3.4783e+03 6.2907e+17 3.1503e+19 1.6169e+19 1.3901e-01 4.1973e-02 3.7522e+04 1.5777e+04
1.5400e+03 1.1365e-11 6.4999e-01 2.0259e+03 3.2562e+03 3.4770e+03 6.3350e+17 3.1775e+19 1.6296e+19 1.3859e-01 4.1901e-02 3.7621e+04 1.5811e+04
1.5500e+03 1.1319e-11 6.4933e-01 2.0252e+03 3.2548e+03 3.4757e+03 6.3797e+17 3.2050e+19 1.6424e+19 1.3817e-01 4.1830e-02 3.7720e+04 1.5846e+04
1.5600e+03 1.1274e-11 6.4869e-01 2.0245e+03 3.2534e+03 3.4745e+03 6.4247e+17 3.2327e+19 1.6552e+19 1.3775e-01 4.1759e-02 3.7820e+04 1.5881e+04
1.5700e+03 1.1228e-11 6.4805e-01 2.0238e+03 3.2520e+03 3.4732e+03 6.4700e+17 3.2606e+19 1.6682e+19 1.3733e-01 4.1689e-02 3.7919e+04 1.5916e+04
1.5800e+03 1.1183e-11 6.4742e-01 2.0231e+03 3.2507e+03 3.4719e+03 6.5157e+17 3.2887e+19 1.6812e+19 1.3691e-01 4.1619e-02 3.8019e+04 1.5950e+04
1.5900e+03 1.1139e-11 6.4680e-01 2.0224e+03 3.2493e+03 3.4707e+03 6.5617e+17 3.3171e+19 1.6943e+19 1.3650e-01 4.1550e-02 3.8119e+04 1.5985e+04
1.6000e+03 1.1094e-11 6.4618e-01 2.0217e+03 3.2479e+03 3.4694e+03 6.6080e+17 3.3457e+19 1.7076e+19 1.3608e-01 4.1481e-02 3.8220e+04 1.6020e+04
1.6100e+03 1.1050e-11 6.4557e-01 2.0209e+03 3.2465e+03 3.4681e+03 6.6547e+17 3.3746e+19 1.7209e+19 1.3567e-01 4.1413e-02 3.8320e+04 1.6055e+04
1.6200e+03 1.1006e-11 6.4497e-01 2.0202e+03 3.2451e+03 3.4669e+03 6.7017e+17 3.4037e+19 1.7343e+19 1.3526e-01 4.1345e-02 3.8421e+04 1.6090e+04
1.6300e+03 1.0963e-11 6.4437e-01 2.0195e+03 3.2438e+03 3.4656e+03 6.7490e+17 3.4330e+19 1.7478e+19 1.3485e-01 4.1277e-02 3.8522e+04 1.6125e+04
1.6400e+03 1.0919e-11 6.4378e-01 2.0188e+03 3.2424e+03 3.4644e+03 6.7967e+17 3.4626e+19 1.7614e+19 1.3444e-01 4.1210e-02 3.8623e+04 1.6160e+04
1.6500e+03 1.0876e-11 6.4319e-01 2.0181e+03 3.2410e+03 3.4631e+03 6.8447e+17 3.4924e+19 1.7751e+19 1.3403e-01 4.1143e-02 3.8725e+04 1.6195e+04
1.6600e+03 1.0834e-11 6.4261e-01 2.0174e+03 3.2396e+03 3.4619e+03 6.8931e+17 3.5224e+19 1.7888e+19 1.3362e-01 4.1076e-02 3.8827e+04 1.6230e+04
1.6700e+03 1.0791e-11 6.4203e-01 2.0167e+03 3.2383e+03 3.4606e+03 6.9418e+17 3.5527e+19 1.8027e+19 1.3322e-01 4.1010e-02 3.8929e+04 1.6265e+04
1.6800e+03 1.0749e-11 6.4147e-01 2.0160e+03 3.2369e+03 3.4594e+03 6.9908e+17 3.5833e+19 1.8167e+19 1.3282e-01 4.0944e-02 3.9031e+04 1.6300e+04
1.6900e+03 1.0707e-11 6.4090e-01 2.0153e+03 3.2355e+03 3.4581e+03 7.0401e+17 3.6140e+19 1.8307e+19 1.3241e-01 4.0878e-02 3.9133e+04 1.6335e+04
1.7000e+03 1.0665e-11 6.4034e-01 2.0146e+03 3.2342e+03 3.4569e+03 7.0898e+17 3.6451e+19 1.8449e+19 1.3201e-01 4.0813e-02 3.9236e+04 1.6370e+04
1.7100e+03 1.0624e-11 6.3979e-01 2.0139e+03 3.2328e+03 3.4556e+03 7.1399e+17 3.6763e+19 1.8591e+19 1.3162e-01 4.0747e-02 3.9339e+04 1.6406e+04
1.7200e+03 1.0583e-11 6.3924e-01 2.0131e+03 3.2314e+03 3.4544e+03 7.1902e+17 3.7078e+19 1.8735e+19 1.3122e-01 4.0682e-02 3.9441e+04 1.6441e+04
1.7300e+03 1.0542e-11 6.3870e-01 2.0124e+03 3.2301e+03 3.4532e+03 7.2409e+17 3.7396e+19 1.8879e+19 1.3082e-01 4.0617e-02 3.9545e+04 1.6476e+04
1.7400e+03 1.0501e-11 6.3816e-01 2.0117e+03 3.2287e+03 3.4519e+03 7.2920e+17 3.7716e+19 1.9025e+19 1.3043e-01 4.0553e-02 3.9648e+04 1.6512e+04
1.7500e+03 1.0461e-11 6.3763e-01 2.0110e+03 3.2274e+03 3.4507e+03 7.3433e+17 3.8039e+19 1.9171e+19 1.3004e-01 4.0488e-02 3.9752e+04 1.6547e+04
1.7600e+03 1.0421e-11 6.3710e-01 2.0103e+03 3.2260e+03 3.4495e+03 7.3950e+17 3.8364e+19 1.9319e+19 1.2964e-01 4.0424e-02 3.9855e+04 1.6582e+04
1.7700e+03 1.0381e-11 6.3657e-01 2.0096e+03 3.2247e+03 3.4482e+03 7.4471e+17 3.8692e+19 1.9467e+19 1.2926e-01 4.0360e-02 3.9959e+04 1.6618e+04
1.7800e+03 1.0342e-11 6.3606e-01 2.0089e+03 3.2233e+03 3.4470e+03 7.4995e+17 3.9022e+19 1.9617e+19 1.2887e-01 4.0296e-02 4.0063e+04 1.6653e+04
1.7900e+03 1.0302e-11 6.3554e-01 2.0082e+03 3.2220e+03 3.4458e+03 7.5522e+17 3.9355e+19 1.9767e+19 1.2848e-01 4.0232e-02 4.0167e+04 1.6689e+04
1.8000e+03 1.0263e-11 6.3503e-01 2.0075e+03 3.2206e+03 3.4446e+03 7.6053e+17 3.9690e+19 1.9919e+19 1.2810e-01 4.0169e-02 4.0272e+04 1.6725e+04
1.8100e+03 1.0224e-11 6.3452e-01 2.0069e+03 3.2193e+03 3.4433e+03 7.6587e+17 4.0028e+19 2.0072e+19 1.2771e-01 4.0105e-02 4.0376e+04 1.6760e+04
1.8200e+03 1.0186e-11 6.3402e-01 2.0062e+03 3.2179e+03 3.4421e+03 7.7124e+17 4.0369e+19 2.0225e+19 1.2733e-01 4.0042e-02 4.0481e+04 1.6796e+04
1.8300e+03 1.0147e-11 6.3353e-01 2.0055e+03 3.2166e+03 3.4409e+03 7.7665e+17 4.0712e+19 2.0380e+19 1.2695e-01 3.9978e-02 4.0586e+04 1.6832e+04
1.8400e+03 1.0109e-11 6.3303e-01 2.0048e+03 3.2152e+03 3.4397e+03 7.8209e+17 4.1058e+19 2.0535e+19 1.2657e-01 3.9915e-02 4.0691e+04 1.6868e+04
1.8500e+03 1.0071e-11 6.3254e-01 2.0041e+03 3.2139e+03 3.4385e+03 7.8757e+17 4.1406e+19 2.0692e+19 1.2619e-01 3.9852e-02 4.0796e+04 1.6904e+04
1.8600e+03 1.0033e-11 6.3206e-01 2.0034e+03 3.2126e+03 3.4373e+03 7.9308e+17 4.1757e+19 2.0850e+19 1.2582e-01 3.9789e-02 4.0902e+04 1.6940e+04
1.8700e+03 9.9960e-12 6.3158e-01 2.0027e+03 3.2112e+03 3.4360e+03 7.9863e+17 4.2111e+19 2.1009e+19 1.2544e-01 3.9726e-02 4.1007e+04 1.6976e+04
1.8800e+03 9.9588e-12 6.3110e-01 2.0020e+03 3.2099e+03 3.4348e+03 8.0421e+17 4.2467e+19 2.1169e+19 1.2507e-01 3.9664e-02 4.1113e+04 1.7012e+04
1.8900e+03 9.9219e-12 6.3063e-01 2.0013e+03 3.2086e+03 3.4336e+03 8.0982e+17 4.2827e+19 2.1330e+19 1.2470e-01 3.9601e-02 4.1219e+04 1.7048e+04
1.9000e+03 9.8851e-12 6.3016e-01 2.0007e+03 3.2073e+03 3.4324e+03 8.1547e+17 4.3188e+19 2.1492e+19 1.2433e-01 3.9538e-02 4.1325e+04 1.7084e+04
1.9100e+03 9.8486e-12 6.2970e-01 2.0000e+03 3.2059e+03 3.4312e+03 8.2115e+17 4.3553e+19 2.1655e+19 1.2396e-01 3.9476e-02 4.1431e+04 1.7120e+04
1.9200e+03 9.8123e-12 6.2924e-01 1.9993e+03 3.2046e+03 3.4300e+03 8.2687e+17 4.3920e+19 2.1819e+19 1.2360e-01 3.9414e-02 4.1537e+04 1.7156e+04
1.9300e+03 9.7763e-12 6.2878e-01 1.9986e+03 3.2033e+03 3.4288e+03 8.3263e+17 4.4290e+19 2.1985e+19 1.2323e-01 3.9351e-02 4.1643e+04 1.7193e+04
1.9400e+03 9.7404e-12 6.2832e-01 1.9979e+03 3.2020e+03 3.4276e+03 8.3841e+17 4.4663e+19 2.2151e+19 1.2287e-01 3.9289e-02 4.1750e+04 1.7229e+04
1.9500e+03 9.7048e-12 6.2787e-01 1.9973e+03 3.2007e+03 3.4264e+03 8.4424e+17 4.5039e+19 2.2319e+19 1.2251e-01 3.9227e-02 4.1856e+04 1.7266e+04
1.9600e+03 9.6694e-12 6.2743e-01 1.9966e+03 3.1994e+03 3.4252e+03 8.5009e+17 4.5417e+19 2.2487e+19 1.2215e-01 3.9165e-02 4.1963e+04 1.7302e+04
1.9700e+03 9.6342e-12 6.2698e-01 1.9959e+03 3.1980e+03 3.4240e+03 8.5599e+17 4.5798e+19 2.2657e+19 1.2179e-01 3.9102e-02 4.2070e+04 1.7339e+04
1.9800e+03 9.5992e-12 6.2655e-01 1.9952e+03 3.1967e+03 3.4229e+03 8.6191e+17 4.6182e+19 2.2828e+19 1.2143e-01 3.9040e-02 4.2177e+04 1.7375e+04
1.9900e+03 9.5645e-12 6.2611e-01 1.9946e+03 3.1954e+03 3.4217e+03 8.6788e+17 4.6569e+19 2.3000e+19 1.2108e-01 3.8978e-02 4.2284e+04 1.7412e+04
2.0000e+03 9.5299e-12 6.2568e-01 1.9939e+03 3.1941e+03 3.4205e+03 8.7388e+17 4.6959e+19 2.3173e+19 1.2072e-01 3.8917e-02 4.2391e+04 1.7448e+04
2.0100e+03 9.4956e-12 6.2525e-01 1.9932e+03 3.1928e+03 3.4193e+03 8.7991e+17 4.7351e+19 2.3348e+19 1.2037e-01 3.8855e-02 4.2499e+04 1.7485e+04
2.0200e+03 9.4615e-12 6.2482e-01 1.9925e+03 3.1915e+03 3.4181e+03 8.8598e+17 4.7747e+19 2.3523e+19 1.2002e-01 3.8793e-02 4.2606e+04 1.7522e+04
2.0300e+03 9.4276e-12 6.2440e-01 1.9919e+03 3.1902e+03 3.4169e+03 8.9209e+17 4.8145e+19 2.3700e+19 1.1967e-01 3.8731e-02 4.2714e+04 1.7559e+04
2.0400e+03 9.3939e-12 6.2398e-01 1.9912e+03 3.1890e+03 3.4158e+03 8.9823e+17 4.8546e+19 2.3878e+19 1.1932e-01 3.8669e-02 4.2822e+04 1.7596e+04
2.0500e+03 9.3604e-12 6.2356e-01 1.9905e+03 3.1877e+03 3.4146e+03 9.0440e+17 4.8950e+19 2.4057e+19 1.1898e-01 3.8608e-02 4.2929e+04 1.7633e+04
2.0600e+03 9.3271e-12 6.2315e-01 1.9899e+03 3.1864e+03 3.4134e+03 9.1062e+17 4.9357e+19 2.4237e+19 1.1863e-01 3.8546e-02 4.3037e+04 1.7670e+04
2.0700e+03 9.2940e-12 6.2274e-01 1.9892e+03 3.1851e+03 3.4122e+03 9.1686e+17 4.9767e+19 2.4418e+19 1.1829e-01 3.8484e-02 4.3146e+04 1.7707e+04
2.0800e+03 9.2611e-12 6.2233e-01 1.9886e+03 3.1838e+03 3.4111e+03 9.2315e+17 5.0180e+19 2.4601e+19 1.1795e-01 3.8423e-02 4.3254e+04 1.7744e+04
2.0900e+03 9.2284e-12 6.2193e-01 1.9879e+03 3.1825e+03 3.4099e+03 9.2947e+17 5.0596e+19 2.4785e+19 1.1761e-01 3.8361e-02 4.3362e+04 1.7781e+04
2.1000e+03 9.1959e-12 6.2153e-01 1.9872e+03 3.1813e+03 3.4087e+03 9.3583e+17 5.1015e+19 2.4970e+19 1.1727e-01 3.8300e-02 4.3470e+04 1.7818e+04
2.1100e+03 9.1636e-12 6.2113e-01 1.9866e+03 3.1800e+03 3.4076e+03 9.4222e+17 5.1437e+19 2.5156e+19 1.1693e-01 3.8238e-02 4.3579e+04 1.7855e+04
2.1200e+03 9.1315e-12 6.2074e-01 1.9859e+03 3.1787e+03 3.4064e+03 9.4865e+17 5.1862e+19 2.5343e+19 1.1660e-01 3.8177e-02 4.3688e+04 1.7893e+04
2.1300e+03 9.0995e-12 6.2035e-01 1.9853e+03 3.1774e+03 3.4052e+03 9.5512e+17 5.2290e+19 2.5532e+19 1.1626e-01 3.8115e-02 4.3796e+04 1.7930e+04
2.1400e+03 9.0678e-12 6.1996e-01 1.9846e+03 3.1762e+03 3.4041e+03 9.6162e+17 5.2721e+19 2.5722e+19 1.1593e-01 3.8054e-02 4.3905e+04 1.7967e+04
2.1500e+03 9.0363e-12 6.1957e-01 1.9840e+03 3.1749e+03 3.4029e+03 9.6816e+17 5.3155e+19 2.5913e+19 1.1560e-01 3.7992e-02 4.4014e+04 1.8005e+04
2.1600e+03 9.0049e-12 6.1919e-01 1.9833e+03 3.1736e+03 3.4018e+03 9.7473e+17 5.3592e+19 2.6105e+19 1.1527e-01 3.7931e-02 4.4123e+04 1.8042e+04
2.1700e+03 8.9738e-12 6.1881e-01 1.9827e+03 3.1724e+03 3.4006e+03 9.8135e+17 5.4033e+19 2.6298e+19 1.1494e-01 3.7870e-02 4.4232e+04 1.8080e+04
2.1800e+03 8.9428e-12 6.1843e-01 1.9820e+03 3.1711e+03 3.3995e+03 9.8800e+17 5.4476e+19 2.6493e+19 1.1461e-01 3.7809e-02 4.4341e+04 1.8118e+04
2.1900e+03 8.9120e-12 6.1806e-01 1.9814e+03 3.1699e+03 3.3983e+03 9.9469e+17 5.4923e+19 2.6689e+19 1.1429e-01 3.7747e-02 4.4451e+04 1.8155e+04
2.2000e+03 8.8814e-12 6.1769e-01 1.9807e+03 3.1686e+03 3.3972e+03 1.0014e+18 5.5372e+19 2.6887e+19 1.1396e-01 3.7686e-02 4.4560e+04 1.8193e+04
2.2100e+03 8.8510e-12 6.1732e-01 1.9801e+03 3.1674e+03 3.3960e+03 1.0082e+18 5.5825e+19 2.7085e+19 1.1364e-01 3.7625e-02 4.4670e+04 1.8231e+04
2.2200e+03 8.8207e-12 6.1695e-01 1.9795e+03 3.1661e+03 3.3949e+03 1.0150e+18 5.6281e+19 2.7285e+19 1.1332e-01 3.7564e-02 4.4779e+04 1.8269e+04
2.2300e+03 8.7907e-12 6.1659e-01 1.9788e+03 3.1649e+03 3.3937e+03 1.0218e+18 5.6740e+19 2.7486e+19 1.1300e-01 3.7503e-02 4.4889e+04 1.8306e+04
2.2400e+03 8.7608e-12 6.1623e-01 1.9782e+03 3.1636e+03 3.3926e+03 1.0287e+18 5.7203e+19 2.7689e+19 1.1268e-01 3.7442e-02 4.4999e+04 1.8344e+04
2.2500e+03 8.7311e-12 6.1587e-01 1.9776e+03 3.1624e+03 3.3914e+03 1.0356e+18 5.7668e+19 2.7892e+19 1.1237e-01 3.7381e-02 4.5109e+04 1.8382e+04
2.2600e+03 8.7016e-12 6.1551e-01 1.9769e+03 3.1612e+03 3.3903e+03 1.0425e+18 5.8137e+19 2.8097e+19 1.1205e-01 3.7320e-02 4.5219e+04 1.8420e+04
2.2700e+03 8.6722e-12 6.1516e-01 1.9763e+03 3.1599e+03 3.3892e+03 1.0495e+18 5.8610e+19 2.8304e+19 1.1174e-01 3.7259e-02 4.5329e+04 1.8458e+04
2.2800e+03 8.6430e-12 6.1481e-01 1.9757e+03 3.1587e+03 3.3880e+03 1.0566e+18 5.9085e+19 2.8511e+19 1.1142e-01 3.7198e-02 4.5439e+04 1.8497e+04
2.2900e+03 8.6140e-12 6.1446e-01 1.9750e+03 3.1575e+03 3.3869e+03 1.0636e+18 5.9564e+19 2.8720e+19 1.1111e-01 3.7137e-02 4.5549e+04 1.8535e+04
2.3000e+03 8.5852e-12 6.1412e-01 1.9744e+03 3.1562e+03 3.3858e+03 1.0707e+18 6.0046e+19 2.8931e+19 1.1080e-01 3.7076e-02 4.5659e+04 1.8573e+04
2.3100e+03 8.5565e-12 6.1378e-01 1.9738e+03 3.1550e+03 3.3847e+03 1.0779e+18 6.0531e+19 2.9142e+19 1.1049e-01 3.7015e-02 4.5770e+04 1.8611e+04
2.3200e+03 8.5280e-12 6.1344e-01 1.9731e+03 3.1538e+03 3.3835e+03 1.0851e+18 6.1020e+19 2.9355e+19 1.1019e-01 3.6954e-02 4.5880e+04 1.8650e+04
2.3300e+03 8.4997e-12 6.1310e-01 1.9725e+03 3.1526e+03 3.3824e+03 1.0923e+18 6.1512e+19 2.9570e+19 1.0988e-01 3.6894e-02 4.5991e+04 1.8688e+04
2.3400e+03 8.4715e-12 6.1276e-01 1.9719e+03 3.1514e+03 3.3813e+03 1.0995e+18 6.2007e+19 2.9785e+19 1.0958e-01 3.6833e-02 4.6102e+04 1.8727e+04
2.3500e+03 8.4435e-12 6.1243e-01 1.9713e+03 3.1502e+03 3.3802e+03 1.1068e+18 6.2506e+19 3.0002e+19 1.0927e-01 3.6772e-02 4.6212e+04 1.8765e+04
2.3600e+03 8.4156e-12 6.1210e-01 1.9706e+03 3.1489e+03 3.3790e+03 1.1142e+18 6.3008e+19 3.0221e+19 1.0897e-01 3.6712e-02 4.6323e+04 1.8804e+04
2.3700e+03 8.3880e-12 6.1177e-01 1.9700e+03 3.1477e+03 3.3779e+03 1.1215e+18 6.3514e+19 3.0441e+19 1.0867e-01 3.6651e-02 4.6434e+04 1.8842e+04
2.3800e+03 8.3604e-12 6.1145e-01 1.9694e+03 3.1465e+03 3.3768e+03 1.1290e+18 6.4023e+19 3.0662e+19 1.0837e-01 3.6590e-02 4.6545e+04 1.8881e+04
2.3900e+03 8.3331e-12 6.1113e-01 1.9688e+03 3.1453e+03 3.3757e+03 1.1364e+18 6.4536e+19 3.0884e+19 1.0808e-01 3.6530e-02 4.6656e+04 1.8919e+04
2.4000e+03 8.3059e-12 6.1081e-01 1.9682e+03 3.1441e+03 3.3746e+03 1.1439e+18 6.5052e+19 3.1108e+19 1.0778e-01 3.6469e-02 4.6767e+04 1.8958e+04
2.4100e+03 8.2788e-12 6.1049e-01 1.9676e+03 3.1429e+03 3.3735e+03 1.1514e+18 6.5571e+19 3.1333e+19 1.0748e-01 3.6409e-02 4.6878e+04 1.8997e+04
2.4200e+03 8.2519e-12 6.1017e-01 1.9669e+03 3.1417e+03 3.3724e+03 1.1590e+18 6.6094e+19 3.1560e+19 1.0719e-01 3.6348e-02 4.6989e+04 1.9036e+04
2.4300e+03 8.2252e-12 6.0986e-01 1.9663e+03 3.1405e+03 3.3713e+03 1.1666e+18 6.6621e+19 3.1788e+19 1.0690e-01 3.6288e-02 4.7101e+04 1.9075e+04
2.4400e+03 8.1986e-12 6.0955e-01 1.9657e+03 3.1393e+03 3.3702e+03 1.1743e+18 6.7151e+19 3.2018e+19 1.0661e-01 3.6228e-02 4.7212e+04 1.9114e+04
2.4500e+03 8.1722e-12 6.0924e-01 1.9651e+03 3.1382e+03 3.3691e+03 1.1820e+18 6.7685e+19 3.2249e+19 1.0632e-01 3.6167e-02 4.7324e+04 1.9153e+04
2.4600e+03 8.1459e-12 6.0893e-01 1.9645e+03 3.1370e+03 3.3680e+03 1.1897e+18 6.8222e+19 3.2481e+19 1.0603e-01 3.6107e-02 4.7435e+04 1.9192e+04
2.4700e+03 8.1198e-12 6.0863e-01 1.9639e+03 3.1358e+03 3.3669e+03 1.1975e+18 6.8763e+19 3.2715e+19 1.0574e-01 3.6047e-02 4.7547e+04 1.9231e+04
2.4800e+03 8.0939e-12 6.0833e-01 1.9633e+03 3.1346e+03 3.3658e+03 1.2053e+18 6.9307e+19 3.2950e+19 1.0546e-01 3.5987e-02 4.7659e+04 1.9270e+04
2.4900e+03 8.0680e-12 6.0803e-01 1.9627e+03 3.1334e+03 3.3647e+03 1.2131e+18 6.9855e+19 3.3187e+19 1.0517e-01 3.5927e-02 4.7770e+04 1.9309e+04
2.5000e+03 8.0424e-12 6.0773e-01 1.9621e+03 3.1323e+03 3.3636e+03 1.2210e+18 7.0407e+19 3.3425e+19 1.0489e-01 3.5867e-02 4.7882e+04 1.9348e+04
2.5100e+03 8.0168e-12 6.0743e-01 1.9615e+03 3.1311e+03 3.3625e+03 1.2290e+18 7.0962e+19 3.3665e+19 1.0461e-01 3.5807e-02 4.7994e+04 1.9388e+04
2.5200e+03 7.9914e-12 6.0714e-01 1.9609e+03 3.1299e+03 3.3614e+03 1.2369e+18 7.1521e+19 3.3906e+19 1.0433e-01 3.5747e-02 4.8106e+04 1.9427e+04
2.5300e+03 7.9662e-12 6.0685e-01 1.9603e+03 3.1287e+03 3.3603e+03 1.2449e+18 7.2084e+19 3.4149e+19 1.0405e-01 3.5687e-02 4.8218e+04 1.9466e+04
2.5400e+03 7.9411e-12 6.0656e-01 1.9597e+03 3.1276e+03 3.3592e+03 1.2530e+18 7.2650e+19 3.4393e+19 1.0377e-01 3.5627e-02 4.8330e+04 1.9506e+04
2.5500e+03 7.9162e-12 6.0627e-01 1.9591e+03 3.1264e+03 3.3581e+03 1.2611e+18 7.3220e+19 3.4638e+19 1.0349e-01 3.5567e-02 4.8442e+04 1.9545e+04
2.5600e+03 7.8914e-12 6.0599e-01 1.9585e+03 3.1253e+03 3.3571e+03 1.2692e+18 7.3794e+19 3.4885e+19 1.0321e-01 3.5507e-02 4.8555e+04 1.9585e+04
2.5700e+03 7.8667e-12 6.0571e-01 1.9579e+03 3.1241e+03 3.3560e+03 1.2774e+18 7.4372e+19 3.5134e+19 1.0294e-01 3.5448e-02 4.8667e+04 1.9624e+04
2.5800e+03 7.8422e-12 6.0543e-01 1.9573e+03 3.1229e+03 3.3549e+03 1.2857e+18 7.4953e+19 3.5384e+19 1.0267e-01 3.5388e-02 4.8779e+04 1.9664e+04
2.5900e+03 7.8178e-12 6.0515e-01 1.9567e+03 3.1218e+03 3.3538e+03 1.2939e+18 7.5539e+19 3.5636e+19 1.0239e-01 3.5328e-02 4.8892e+04 1.9704e+04
2.6000e+03 7.7935e-12 6.0487e-01 1.9561e+03 3.1206e+03 3.3527e+03 1.3022e+18 7.6128e+19 3.5889e+19 1.0212e-01 3.5269e-02 4.9004e+04 1.9743e+04
2.6100e+03 7.7694e-12 6.0460e-01 1.9556e+03 3.1195e+03 3.3517e+03 1.3106e+18 7.6721e+19 3.6143e+19 1.0185e-01 3.5209e-02 4.9117e+04 1.9783e+04
2.6200e+03 7.7454e-12 6.0433e-01 1.9550e+03 3.1183e+03 3.3506e+03 1.3190e+18 7.7317e+19 3.6400e+19 1.0158e-01 3.5150e-02 4.9229e+04 1.9823e+04
2.6300e+03 7.7216e-12 6.0406e-01 1.9544e+03 3.1172e+03 3.3495e+03 1.3274e+18 7.7918e+19 3.6657e+19 1.0132e-01 3.5090e-02 4.9342e+04 1.9863e+04
2.6400e+03 7.6979e-12 6.0379e-01 1.9538e+03 3.1161e+03 3.3485e+03 1.3359e+18 7.8522e+19 3.6917e+19 1.0105e-01 3.5031e-02 4.9455e+04 1.9903e+04
2.6500e+03 7.6743e-12 6.0352e-01 1.9532e+03 3.1149e+03 3.3474e+03 1.3444e+18 7.9131e+19 3.7178e+19 1.0079e-01 3.4972e-02 4.9567e+04 1.9943e+04
2.6600e+03 7.6508e-12 6.0326e-01 1.9526e+03 3.1138e+03 3.3463e+03 1.3530e+18 7.9743e+19 3.7440e+19 1.0052e-01 3.4913e-02 4.9680e+04 1.9983e+04
2.6700e+03 7.6275e-12 6.0300e-01 1.9521e+03 3.1127e+03 3.3453e+03 1.3616e+18 8.0360e+19 3.7704e+19 1.0026e-01 3.4854e-02 4.9793e+04 2.0023e+04
2.6800e+03 7.6043e-12 6.0274e-01 1.9515e+03 3.1115e+03 3.3442e+03 1.3702e+18 8.0980e+19 3.7969e+19 9.9997e-02 3.4794e-02 4.9906e+04 2.0063e+04
2.6900e+03 7.5813e-12 6.0248e-01 1.9509e+03 3.1104e+03 3.3432e+03 1.3789e+18 8.1604e+19 3.8237e+19 9.9737e-02 3.4735e-02 5.0019e+04 2.0103e+04
2.7000e+03 7.5584e-12 6.0222e-01 1.9503e+03 3.1093e+03 3.3421e+03 1.3876e+18 8.2232e+19 3.8505e+19 9.9477e-02 3.4677e-02 5.0132e+04 2.0143e+04
2.7100e+03 7.5356e-12 6.0197e-01 1.9498e+03 3.1081e+03 3.3410e+03 1.3964e+18 8.2865e+19 3.8776e+19 9.9219e-02 3.4618e-02 5.0245e+04 2.0183e+04
2.7200e+03 7.5129e-12 6.0172e-01 1.9492e+03 3.1070e+03 3.3400e+03 1.4052e+18 8.3501e+19 3.9048e+19 9.8962e-02 3.4559e-02 5.0358e+04 2.0224e+04
2.7300e+03 7.4903e-12 6.0146e-01 1.9486e+03 3.1059e+03 3.3389e+03 1.4141e+18 8.4141e+19 3.9321e+19 9.8706e-02 3.4500e-02 5.0472e+04 2.0264e+04
2.7400e+03 7.4679e-12 6.0122e-01 1.9480e+03 3.1048e+03 3.3379e+03 1.4230e+18 8.4786e+19 3.9596e+19 9.8451e-02 3.4441e-02 5.0585e+04 2.0304e+04
2.7500e+03 7.4456e-12 6.0097e-01 1.9475e+03 3.1037e+03 3.3368e+03 1.4319e+18 8.5434e+19 3.9873e+19 9.8198e-02 3.4383e-02 5.0698e+04 2.0345e+04
2.7600e+03 7.4234e-12 6.0073e-01 1.9469e+03 3.1026e+03 3.3358e+03 1.4409e+18 8.6087e+19 4.0152e+19 9.7945e-02 3.4324e-02 5.0812e+04 2.0385e+04
2.7700e+03 7.4014e-12 6.0048e-01 1.9463e+03 3.1015e+03 3.3348e+03 1.4500e+18 8.6744e+19 4.0432e+19 9.7694e-02 3.4266e-02 5.0925e+04 2.0426e+04
2.7800e+03 7.3795e-12 6.0024e-01 1.9458e+03 3.1003e+03 3.3337e+03 1.4591e+18 8.7405e+19 4.0713e+19 9.7443e-02 3.4207e-02 5.1038e+04 2.0466e+04
2.7900e+03 7.3576e-12 6.0000e-01 1.9452e+03 3.0992e+03 3.3327e+03 1.4682e+18 8.8070e+19 4.0997e+19 9.7194e-02 3.4149e-02 5.1152e+04 2.0507e+04
2.8000e+03 7.3360e-12 5.9977e-01 1.9447e+03 3.0981e+03 3.3316e+03 1.4774e+18 8.8739e+19 4.1282e+19 9.6946e-02 3.4091e-02 5.1266e+04 2.0547e+04
2.8100e+03 7.3144e-12 5.9953e-01 1.9441e+03 3.0970e+03 3.3306e+03 1.4866e+18 8.9412e+19 4.1569e+19 9.6698e-02 3.4032e-02 5.1379e+04 2.0588e+04
2.8200e+03 7.2929e-12 5.9930e-01 1.9435e+03 3.0959e+03 3.3296e+03 1.4958e+18 9.0090e+19 4.1857e+19 9.6452e-02 3.3974e-02 5.1493e+04 2.0629e+04
2.8300e+03 7.2716e-12 5.9906e-01 1.9430e+03 3.0949e+03 3.3285e+03 1.5051e+18 9.0772e+19 4.2147e+19 9.6207e-02 3.3916e-02 5.1607e+04 2.0669e+04
2.8400e+03 7.2504e-12 5.9883e-01 1.9424e+03 3.0938e+03 3.3275e+03 1.5145e+18 9.1458e+19 4.2439e+19 9.5963e-02 3.3858e-02 5.1720e+04 2.0710e+04
2.8500e+03 7.2293e-12 5.9861e-01 1.9419e+03 3.0927e+03 3.3265e+03 1.5239e+18 9.2149e+19 4.2732e+19 9.5721e-02 3.3800e-02 5.1834e+04 2.0751e+04
2.8600e+03 7.2083e-12 5.9838e-01 1.9413e+03 3.0916e+03 3.3254e+03 1.5333e+18 9.2843e+19 4.3027e+19 9.5479e-02 3.3743e-02 5.1948e+04 2.0792e+04
2.8700e+03 7.1874e-12 5.9816e-01 1.9408e+03 3.0905e+03 3.3244e+03 1.5428e+18 9.3543e+19 4.3324e+19 9.5238e-02 3.3685e-02 5.2062e+04 2.0833e+04
2.8800e+03 7.1666e-12 5.9793e-01 1.9402e+03 3.0894e+03 3.3234e+03 1.5523e+18 9.4246e+19 4.3623e+19 9.4998e-02 3.3627e-02 5.2176e+04 2.0874e+04
2.8900e+03 7.1460e-12 5.9771e-01 1.9397e+03 3.0883e+03 3.3224e+03 1.5619e+18 9.4954e+19 4.3923e+19 9.4760e-02 3.3570e-02 5.2290e+04 2.0915e+04
2.9000e+03 7.1254e-12 5.9749e-01 1.9391e+03 3.0873e+03 3.3213e+03 1.5715e+18 9.5666e+19 4.4225e+19 9.4522e-02 3.3512e-02 5.2404e+04 2.0956e+04
2.9100e+03 7.1050e-12 5.9727e-01 1.9386e+03 3.0862e+03 3.3203e+03 1.5812e+18 9.6383e+19 4.4529e+19 9.4285e-02 3.3455e-02 5.2518e+04 2.0997e+04
2.9200e+03 7.0847e-12 5.9706e-01 1.9380e+03 3.0851e+03 3.3193e+03 1.5909e+18 9.7104e+19 4.4835e+19 9.4050e-02 3.3397e-02 5.2632e+04 2.1038e+04
2.9300e+03 7.0645e-12 5.9684e-01 1.9375e+03 3.0840e+03 3.3183e+03 1.6007e+18 9.7829e+19 4.5142e+19 9.3815e-02 3.3340e-02 5.2746e+04 2.1079e+04
2.9400e+03 7.0444e-12 5.9663e-01 1.9369e+03 3.0830e+03 3.3173e+03 1.6105e+18 9.8559e+19 4.5451e+19 9.3581e-02 3.3283e-02 5.2861e+04 2.1121e+04
2.9500e+03 7.0244e-12 5.9642e-01 1.9364e+03 3.0819e+03 3.3163e+03 1.6203e+18 9.9293e+19 4.5762e+19 9.3349e-02 3.3225e-02 5.2975e+04 2.1162e+04
2.9600e+03 7.0045e-12 5.9621e-01 1.9358e+03 3.0808e+03 3.3153e+03 1.6302e+18 1.0003e+20 4.6074e+19 9.3117e-02 3.3168e-02 5.3089e+04 2.1203e+04
2.9700e+03 6.9847e-12 5.9600e-01 1.9353e+03 3.0798e+03 3.3142e+03 1.6402e+18 1.0078e+20 4.6389e+19 9.2887e-02 3.3111e-02 5.3204e+04 2.1244e+04
2.9800e+03 6.9651e-12 5.9580e-01 1.9348e+03 3.0787e+03 3.3132e+03 1.6502e+18 1.0152e+20 4.6705e+19 9.2657e-02 3.3055e-02 5.3318e+04 2.1286e+04
2.9900e+03 6.9455e-12 5.9559e-01 1.9342e+03 3.0776e+03 3.3122e+03 1.6602e+18 1.0228e+20 4.7023e+19 9.2428e-02 3.2998e-02 5.3432e+04 2.1327e+04
3.0000e+03 6.9260e-12 5.9539e-01 1.9337e+03 3.0766e+03 3.3112e+03 1.6703e+18 1.0303e+20 4.7343e+19 9.2201e-02 3.2941e-02 5.3547e+04 2.1369e+04
3.0100e+03 6.9067e-12 5.9519e-01 1.9332e+03 3.0755e+03 3.3102e+03 1.6804e+18 1.0379e+20 4.7665e+19 9.1974e-02 3.2884e-02 5.3661e+04 2.1410e+04
3.0200e+03 6.8874e-12 5.9499e-01 1.9326e+03 3.0745e+03 3.3092e+03 1.6906e+18 1.0456e+20 4.7988e+19 9.1748e-02 3.2828e-02 5.3776e+04 2.1452e+04
3.0300e+03 6.8682e-12 5.9479e-01 1.9321e+03 3.0734e+03 3.3082e+03 1.7008e+18 1.0533e+20 4.8313e+19 9.1524e-02 3.2771e-02 5.3891e+04 2.1493e+04
3.0400e+03 6.8492e-12 5.9460e-01 1.9316e+03 3.0724e+03 3.3072e+03 1.7111e+18 1.0611e+20 4.8640e+19 9.1300e-02 3.2715e-02 5.4005e+04 2.1535e+04
3.0500e+03 6.8302e-12 5.9440e-01 1.9310e+03 3.0713e+03 3.3062e+03 1.7214e+18 1.0689e+20 4.8969e+19 9.1077e-02 3.2659e-02 5.4120e+04 2.1577e+04
3.0600e+03 6.8114e-12 5.9421e-01 1.9305e+03 3.0703e+03 3.3052e+03 1.7318e+18 1.0767e+20 4.9300e+19 9.0855e-02 3.2602e-02 5.4234e+04 2.1618e+04
3.0700e+03 6.7926e-12 5.9402e-01 1.9300e+03 3.0693e+03 3.3043e+03 1.7422e+18 1.0846e+20 4.9633e+19 9.0634e-02 3.2546e-02 5.4349e+04 2.1660e+04
3.0800e+03 6.7740e-12 5.9383e-01 1.9294e+03 3.0682e+03 3.3033e+03 1.7527e+18 1.0926e+20 4.9967e+19 9.0414e-02 3.2490e-02 5.4464e+04 2.1702e+04
3.0900e+03 6.7554e-12 5.9364e-01 1.9289e+03 3.0672e+03 3.3023e+03 1.7632e+18 1.1005e+20 5.0304e+19 9.0195e-02 3.2434e-02 5.4579e+04 2.1744e+04
3.1000e+03 6.7370e-12 5.9345e-01 1.9284e+03 3.0662e+03 3.3013e+03 1.7737e+18 1.1086e+20 5.0642e+19 8.9977e-02 3.2378e-02 5.4694e+04 2.1786e+04
3.1100e+03 6.7186e-12 5.9327e-01 1.9279e+03 3.0651e+03 3.3003e+03 1.7844e+18 1.1167e+20 5.0982e+19 8.9759e-02 3.2323e-02 5.4809e+04 2.1827e+04
3.1200e+03 6.7003e-12 5.9309e-01 1.9273e+03 3.0641e+03 3.2993e+03 1.7950e+18 1.1248e+20 5.1324e+19 8.9543e-02 3.2267e-02 5.4923e+04 2.1869e+04
3.1300e+03 6.6822e-12 5.9290e-01 1.9268e+03 3.0631e+03 3.2983e+03 1.8057e+18 1.1330e+20 5.1668e+19 8.9328e-02 3.2211e-02 5.5038e+04 2.1911e+04
3.1400e+03 6.6641e-12 5.9272e-01 1.9263e+03 3.0620e+03 3.2974e+03 1.8165e+18 1.1412e+20 5.2014e+19 8.9113e-02 3.2156e-02 5.5153e+04 2.1953e+04
3.1500e+03 6.6461e-12 5.9254e-01 1.9258e+03 3.0610e+03 3.2964e+03 1.8273e+18 1.1495e+20 5.2362e+19 8.8900e-02 3.2100e-02 5.5268e+04 2.1995e+04
3.1600e+03 6.6282e-12 5.9237e-01 1.9253e+03 3.0600e+03 3.2954e+03 1.8381e+18 1.1578e+20 5.2712e+19 8.8687e-02 3.2045e-02 5.5383e+04 2.2038e+04
3.1700e+03 6.6104e-12 5.9219e-01 1.9247e+03 3.0590e+03 3.2944e+03 1.8490e+18 1.1662e+20 5.3063e+19 8.8475e-02 3.1990e-02 5.5499e+04 2.2080e+04
3.1800e+03 6.5927e-12 5.9202e-01 1.9242e+03 3.0580e+03 3.2935e+03 1.8600e+18 1.1746e+20 5.3417e+19 8.8264e-02 3.1935e-02 5.5614e+04 2.2122e+04
3.1900e+03 6.5751e-12 5.9184e-01 1.9237e+03 3.0570e+03 3.2925e+03 1.8710e+18 1.1831e+20 5.3773e+19 8.8054e-02 3.1880e-02 5.5729e+04 2.2164e+04
3.2000e+03 6.5576e-12 5.9167e-01 1.9232e+03 3.0559e+03 3.2915e+03 1.8821e+18 1.1916e+20 5.4130e+19 8.7845e-02 3.1825e-02 5.5844e+04 2.2206e+04
3.2100e+03 6.5402e-12 5.9150e-01 1.9227e+03 3.0549e+03 3.2905e+03 1.8932e+18 1.2002e+20 5.4490e+19 8.7637e-02 3.1770e-02 5.5959e+04 2.2249e+04
3.2200e+03 6.5228e-12 5.9133e-01 1.9222e+03 3.0539e+03 3.2896e+03 1.9043e+18 1.2088e+20 5.4851e+19 8.7429e-02 3.1715e-02 5.6074e+04 2.2291e+04
3.2300e+03 6.5056e-12 5.9117e-01 1.9217e+03 3.0529e+03 3.2886e+03 1.9155e+18 1.2175e+20 5.5215e+19 8.7223e-02 3.1660e-02 5.6190e+04 2.2333e+04
3.2400e+03 6.4884e-12 5.9100e-01 1.9212e+03 3.0519e+03 3.2877e+03 1.9268e+18 1.2262e+20 5.5580e+19 8.7017e-02 3.1606e-02 5.6305e+04 2.2376e+04
3.2500e+03 6.4713e-12 5.9084e-01 1.9207e+03 3.0509e+03 3.2867e+03 1.9381e+18 1.2350e+20 5.5948e+19 8.6812e-02 3.1551e-02 5.6420e+04 2.2418e+04
3.2600e+03 6.4544e-12 5.9067e-01 1.9202e+03 3.0499e+03 3.2857e+03 1.9494e+18 1.2438e+20 5.6317e+19 8.6608e-02 3.1497e-02 5.6536e+04 2.2461e+04
3.2700e+03 6.4375e-12 5.9051e-01 1.9196e+03 3.0489e+03 3.2848e+03 1.9608e+18 1.2527e+20 5.6688e+19 8.6405e-02 3.1443e-02 5.6651e+04 2.2503e+04
3.2800e+03 6.4206e-12 5.9035e-01 1.9191e+03 3.0479e+03 3.2838e+03 1.9723e+18 1.2617e+20 5.7062e+19 8.6203e-02 3.1388e-02 5.6767e+04 2.2546e+04
3.2900e+03 6.4039e-12 5.9019e-01 1.9186e+03 3.0469e+03 3.2829e+03 1.9838e+18 1.2706e+20 5.7438e+19 8.6001e-02 3.1334e-02 5.6882e+04 2.2588e+04
3.3000e+03 6.3873e-12 5.9004e-01 1.9181e+03 3.0459e+03 3.2819e+03 1.9953e+18 1.2797e+20 5.7815e+19 8.5801e-02 3.1280e-02 5.6997e+04 2.2631e+04
3.3100e+03 6.3707e-12 5.8988e-01 1.9176e+03 3.0450e+03 3.2810e+03 2.0069e+18 1.2888e+20 5.8195e+19 8.5601e-02 3.1226e-02 5.7113e+04 2.2673e+04
3.3200e+03 6.3542e-12 5.8973e-01 1.9171e+03 3.0440e+03 3.2800e+03 2.0186e+18 1.2979e+20 5.8576e+19 8.5402e-02 3.1172e-02 5.7228e+04 2.2716e+04
3.3300e+03 6.3379e-12 5.8957e-01 1.9166e+03 3.0430e+03 3.2791e+03 2.0303e+18 1.3071e+20 5.8960e+19 8.5204e-02 3.1119e-02 5.7344e+04 2.2759e+04
3.3400e+03 6.3216e-12 5.8942e-01 1.9161e+03 3.0420e+03 3.2781e+03 2.0421e+18 1.3163e+20 5.9346e+19 8.5006e-02 3.1065e-02 5.7460e+04 2.2802e+04
3.3500e+03 6.3053e-12 5.8927e-01 1.9156e+03 3.0410e+03 3.2772e+03 2.0539e+18 1.3256e+20 5.9734e+19 8.4810e-02 3.1012e-02 5.7575e+04 2.2844e+04
3.3600e+03 6.2892e-12 5.8912e-01 1.9152e+03 3.0400e+03 3.2762e+03 2.0658e+18 1.3350e+20 6.0124e+19 8.4614e-02 3.0958e-02 5.7691e+04 2.2887e+04
3.3700e+03 6.2731e-12 5.8897e-01 1.9147e+03 3.0391e+03 3.2753e+03 2.0777e+18 1.3444e+20 6.0516e+19 8.4419e-02 3.0905e-02 5.7807e+04 2.2930e+04
3.3800e+03 6.2571e-12 5.8883e-01 1.9142e+03 3.0381e+03 3.2743e+03 2.0896e+18 1.3539e+20 6.0910e+19 8.4225e-02 3.0852e-02 5.7922e+04 2.2973e+04
3.3900e+03 6.2412e-12 5.8868e-01 1.9137e+03 3.0371e+03 3.2734e+03 2.1017e+18 1.3634e+20 6.1306e+19 8.4032e-02 3.0798e-02 5.8038e+04 2.3016e+04
3.4000e+03 6.2254e-12 5.8854e-01 1.9132e+03 3.0361e+03 3.2725e+03 2.1137e+18 1.3729e+20 6.1705e+19 8.3839e-02 3.0745e-02 5.8154e+04 2.3059e+04
3.4100e+03 6.2097e-12 5.8840e-01 1.9127e+03 3.0352e+03 3.2715e+03 2.1259e+18 1.3825e+20 6.2105e+19 8.3648e-02 3.0692e-02 5.8269e+04 2.3102e+04
3.4200e+03 6.1940e-12 5.8825e-01 1.9122e+03 3.0342e+03 3.2706e+03 2.1380e+18 1.3922e+20 6.2508e+19 8.3457e-02 3.0640e-02 5.8385e+04 2.3145e+04
3.4300e+03 6.1784e-12 5.8811e-01 1.9117e+03 3.0332e+03 3.2697e+03 2.1503e+18 1.4020e+20 6.2912e+19 8.3266e-02 3.0587e-02 5.8501e+04 2.3188e+04
3.4400e+03 6.1629e-12 5.8798e-01 1.9112e+03 3.0323e+03 3.2687e+03 2.1626e+18 1.4117e+20 6.3319e+19 8.3077e-02 3.0534e-02 5.8617e+04 2.3231e+04
3.4500e+03 6.1475e-12 5.8784e-01 1.9108e+03 3.0313e+03 3.2678e+03 2.1749e+18 1.4216e+20 6.3728e+19 8.2888e-02 3.0482e-02 5.8733e+04 2.3274e+04
3.4600e+03 6.1322e-12 5.8770e-01 1.9103e+03 3.0304e+03 3.2669e+03 2.1873e+18 1.4315e+20 6.4140e+19 8.2700e-02 3.0429e-02 5.8849e+04 2.3317e+04
3.4700e+03 6.1169e-12 5.8757e-01 1.9098e+03 3.0294e+03 3.2660e+03 2.1997e+18 1.4414e+20 6.4553e+19 8.2513e-02 3.0377e-02 5.8964e+04 2.3361e+04
3.4800e+03 6.1017e-12 5.8743e-01 1.9093e+03 3.0285e+03 3.2650e+03 2.2122e+18 1.4514e+20 6.4969e+19 8.2327e-02 3.0324e-02 5.9080e+04 2.3404e+04
3.4900e+03 6.0866e-12 5.8730e-01 1.9088e+03 3.0275e+03 3.2641e+03 2.2248e+18 1.4615e+20 6.5387e+19 8.2141e-02 3.0272e-02 5.9196e+04 2.3447e+04
3.5000e+03 6.0715e-12 5.8717e-01 1.9083e+03 3.0266e+03 3.2632e+03 2.2374e+18 1.4716e+20 6.5807e+19 8.1957e-02 3.0220e-02 5.9312e+04 2.3491e+04
3.5100e+03 6.0565e-12 5.8704e-01 1.9079e+03 3.0256e+03 3.2623e+03 2.2500e+18 1.4818e+20 6.6229e+19 8.1772e-02 3.0168e-02 5.9428e+04 2.3534e+04
3.5200e+03 6.0416e-12 5.8691e-01 1.9074e+03 3.0247e+03 3.2613e+03 2.2627e+18 1.4920e+20 6.6653e+19 8.1589e-02 3.0116e-02 5.9544e+04 2.3577e+04
3.5300e+03 6.0268e-12 5.8679e-01 1.9069e+03 3.0237e+03 3.2604e+03 2.2755e+18 1.5023e+20 6.7080e+19 8.1407e-02 3.0065e-02 5.9660e+04 2.3621e+04
3.5400e+03 6.0120e-12 5.8666e-01 1.9064e+03 3.0228e+03 3.2595e+03 2.2883e+18 1.5126e+20 6.7509e+19 8.1225e-02 3.0013e-02 5.9776e+04 2.3664e+04
3.5500e+03 5.9974e-12 5.8654e-01 1.9060e+03 3.0218e+03 3.2586e+03 2.3012e+18 1.5230e+20 6.7940e+19 8.1044e-02 2.9961e-02 5.9892e+04 2.3708e+04
3.5600e+03 5.9827e-12 5.8641e-01 1.9055e+03 3.0209e+03 3.2577e+03 2.3141e+18 1.5335e+20 6.8373e+19 8.0863e-02 2.9910e-02 6.0008e+04 2.3751e+04
3.5700e+03 5.9682e-12 5.8629e-01 1.9050e+03 3.0200e+03 3.2568e+03 2.3271e+18 1.5440e+20 6.8809e+19 8.0683e-02 2.9859e-02 6.0125e+04 2.3795e+04
3.5800e+03 5.9537e-12 5.8617e-01 1.9045e+03 3.0190e+03 3.2559e+03 2.3402e+18 1.5546e+20 6.9247e+19 8.0504e-02 2.9807e-02 6.0241e+04 2.3838e+04
3.5900e+03 5.9393e-12 5.8605e-01 1.9041e+03 3.0181e+03 3.2550e+03 2.3533e+18 1.5652e+20 6.9687e+19 8.0326e-02 2.9756e-02 6.0357e+04 2.3882e+04
3.6000e+03 5.9250e-12 5.8593e-01 1.9036e+03 3.0172e+03 3.2541e+03 2.3664e+18 1.5759e+20 7.0129e+19 8.0149e-02 2.9705e-02 6.0473e+04 2.3925e+04
3.6100e+03 5.9107e-12 5.8581e-01 1.9031e+03 3.0162e+03 3.2532e+03 2.3796e+18 1.5867e+20 7.0574e+19 7.9972e-02 2.9654e-02 6.0589e+04 2.3969e+04
3.6200e+03 5.8965e-12 5.8570e-01 1.9027e+03 3.0153e+03 3.2523e+03 2.3929e+18 1.5975e+20 7.1021e+19 7.9796e-02 2.9603e-02 6.0705e+04 2.4013e+04
3.6300e+03 5.8824e-12 5.8558e-01 1.9022e+03 3.0144e+03 3.2514e+03 2.4062e+18 1.6083e+20 7.1470e+19 7.9620e-02 2.9553e-02 6.0822e+04 2.4057e+04
3.6400e+03 5.8684e-12 5.8547e-01 1.9017e+03 3.0135e+03 3.2505e+03 2.4196e+18 1.6193e+20 7.1922e+19 7.9445e-02 2.9502e-02 6.0938e+04 2.4100e+04
3.6500e+03 5.8544e-12 5.8535e-01 1.9013e+03 3.0125e+03 3.2496e+03 2.4330e+18 1.6302e+20 7.2376e+19 7.9271e-02 2.9451e-02 6.1054e+04 2.4144e+04
3.6600e+03 5.8405e-12 5.8524e-01 1.9008e+03 3.0116e+03 3.2487e+03 2.4465e+18 1.6413e+20 7.2832e+19 7.9098e-02 2.9401e-02 6.1170e+04 2.4188e+04
3.6700e+03 5.8266e-12 5.8513e-01 1.9004e+03 3.0107e+03 3.2478e+03 2.4600e+18 1.6524e+20 7.3291e+19 7.8925e-02 2.9351e-02 6.1286e+04 2.4232e+04
3.6800e+03 5.8128e-12 5.8502e-01 1.8999e+03 3.0098e+03 3.2469e+03 2.4736e+18 1.6636e+20 7.3752e+19 7.8753e-02 2.9300e-02 6.1403e+04 2.4276e+04
3.6900e+03 5.7991e-12 5.8491e-01 1.8994e+03 3.0089e+03 3.2460e+03 2.4873e+18 1.6748e+20 7.4215e+19 7.8582e-02 2.9250e-02 6.1519e+04 2.4320e+04
3.7000e+03 5.7855e-12 5.8480e-01 1.8990e+03 3.0080e+03 3.2451e+03 2.5010e+18 1.6861e+20 7.4681e+19 7.8412e-02 2.9200e-02 6.1635e+04 2.4364e+04
3.7100e+03 5.7719e-12 5.8470e-01 1.8985e+03 3.0070e+03 3.2442e+03 2.5147e+18 1.6974e+20 7.5149e+19 7.8242e-02 2.9150e-02 6.1752e+04 2.4408e+04
3.7200e+03 5.7583e-12 5.8459e-01 1.8981e+03 3.0061e+03 3.2433e+03 2.5285e+18 1.7088e+20 7.5620e+19 7.8072e-02 2.9101e-02 6.1868e+04 2.4452e+04
3.7300e+03 5.7449e-12 5.8449e-01 1.8976e+03 3.0052e+03 3.2424e+03 2.5424e+18 1.7203e+20 7.6093e+19 7.7904e-02 2.9051e-02 6.1984e+04 2.4496e+04
3.7400e+03 5.7315e-12 5.8439e-01 1.8971e+03 3.0043e+03 3.2416e+03 2.5564e+18 1.7318e+20 7.6568e+19 7.7736e-02 2.9001e-02 6.2101e+04 2.4540e+04
3.7500e+03 5.7182e-12 5.8428e-01 1.8967e+03 3.0034e+03 3.2407e+03 2.5704e+18 1.7434e+20 7.7046e+19 7.7568e-02 2.8952e-02 6.2217e+04 2.4584e+04
3.7600e+03 5.7049e-12 5.8418e-01 1.8962e+03 3.0025e+03 3.2398e+03 2.5844e+18 1.7551e+20 7.7526e+19 7.7402e-02 2.8902e-02 6.2334e+04 2.4628e+04
3.7700e+03 5.6917e-12 5.8408e-01 1.8958e+03 3.0016e+03 3.2389e+03 2.5985e+18 1.7668e+20 7.8008e+19 7.7236e-02 2.8853e-02 6.2450e+04 2.4672e+04
3.7800e+03 5.6785e-12 5.8398e-01 1.8953e+03 3.0007e+03 3.2380e+03 2.6127e+18 1.7786e+20 7.8493e+19 7.7070e-02 2.8804e-02 6.2566e+04 2.4717e+04
3.7900e+03 5.6655e-12 5.8389e-01 1.8949e+03 2.9998e+03 3.2372e+03 2.6269e+18 1.7904e+20 7.8981e+19 7.6906e-02 2.8755e-02 6.2683e+04 2.4761e+04
3.8000e+03 5.6524e-12 5.8379e-01 1.8944e+03 2.9989e+03 3.2363e+03 2.6412e+18 1.8023e+20 7.9471e+19 7.6742e-02 2.8706e-02 6.2799e+04 2.4805e+04
3.8100e+03 5.6395e-12 5.8369e-01 1.8940e+03 2.9980e+03 3.2354e+03 2.6555e+18 1.8143e+20 7.9963e+19 7.6578e-02 2.8657e-02 6.2916e+04 2.4849e+04
3.8200e+03 5.6266e-12 5.8360e-01 1.8935e+03 2.9972e+03 3.2345e+03 2.6699e+18 1.8263e+20 8.0458e+19 7.6416e-02 2.8608e-02 6.3032e+04 2.4894e+04
3.8300e+03 5.6137e-12 5.8351e-01 1.8931e+03 2.9963e+03 3.2337e+03 2.6844e+18 1.8384e+20 8.0955e+19 7.6253e-02 2.8559e-02 6.3149e+04 2.4938e+04
3.8400e+03 5.6010e-12 5.8341e-01 1.8927e+03 2.9954e+03 3.2328e+03 2.6989e+18 1.8506e+20 8.1455e+19 7.6092e-02 2.8511e-02 6.3265e+04 2.4983e+04
3.8500e+03 5.5882e-12 5.8332e-01 1.8922e+03 2.9945e+03 3.2319e+03 2.7135e+18 1.8628e+20 8.1957e+19 7.5931e-02 2.8462e-02 6.3382e+04 2.5027e+04
3.8600e+03 5.5756e-12 5.8323e-01 1.8918e+03 2.9936e+03 3.2311e+03 2.7281e+18 1.8751e+20 8.2462e+19 7.5771e-02 2.8414e-02 6.3498e+04 2.5071e+04
3.8700e+03 5.5630e-12 5.8314e-01 1.8913e+03 2.9927e+03 3.2302e+03 2.7428e+18 1.8875e+20 8.2969e+19 7.5611e-02 2.8366e-02 6.3615e+04 2.5116e+04
3.8800e+03 5.5504e-12 5.8305e-01 1.8909e+03 2.9918e+03 3.2293e+03 2.7575e+18 1.8999e+20 8.3479e+19 7.5452e-02 2.8317e-02 6.3731e+04 2.5160e+04
3.8900e+03 5.5380e-12 5.8297e-01 1.8904e+03 2.9910e+03 3.2285e+03 2.7723e+18 1.9124e+20 8.3991e+19 7.5294e-02 2.8269e-02 6.3848e+04 2.5205e+04
3.9000e+03 5.5255e-12 5.8288e-01 1.8900e+03 2.9901e+03 3.2276e+03 2.7872e+18 1.9249e+20 8.4506e+19 7.5136e-02 2.8221e-02 6.3964e+04 2.5250e+04
3.9100e+03 5.5132e-12 5.8280e-01 1.8896e+03 2.9892e+03 3.2268e+03 2.8021e+18 1.9375e+20 8.5024e+19 7.4979e-02 2.8173e-02 6.4081e+04 2.5294e+04
3.9200e+03 5.5008e-12 5.8271e-01 1.8891e+03 2.9883e+03 3.2259e+03 2.8171e+18 1.9502e+20 8.5544e+19 7.4822e-02 2.8126e-02 6.4198e+04 2.5339e+04
3.9300e+03 5.4886e-12 5.8263e-01 1.8887e+03 2.9875e+03 3.2250e+03 2.8322e+18 1.9630e+20 8.6066e+19 7.4666e-02 2.8078e-02 6.4314e+04 2.5383e+04
3.9400e+03 5.4764e-12 5.8254e-01 1.8883e+03 2.9866e+03 3.2242e+03 2.8473e+18 1.9758e+20 8.6592e+19 7.4511e-02 2.8030e-02 6.4431e+04 2.5428e+04
3.9500e+03 5.4643e-12 5.8246e-01 1.8878e+03 2.9857e+03 3.2233e+03 2.8624e+18 1.9887e+20 8.7119e+19 7.4356e-02 2.7983e-02 6.4547e+04 2.5473e+04
3.9600e+03 5.4522e-12 5.8238e-01 1.8874e+03 2.9849e+03 3.2225e+03 2.8777e+18 2.0016e+20 8.7650e+19 7.4202e-02 2.7936e-02 6.4664e+04 2.5518e+04
3.9700e+03 5.4401e-12 5.8230e-01 1.8870e+03 2.9840e+03 3.2216e+03 2.8930e+18 2.0146e+20 8.8183e+19 7.4048e-02 2.7888e-02 6.4781e+04 2.5562e+04
3.9800e+03 5.4282e-12 5.8222e-01 1.8865e+03 2.9831e+03 3.2208e+03 2.9083e+18 2.0277e+20 8.8718e+19 7.3895e-02 2.7841e-02 6.4897e+04 2.5607e+04
3.9900e+03 5.4162e-12 5.8215e-01 1.8861e+03 2.9823e+03 3.2199e+03 2.9237e+18 2.0408e+20 8.9256e+19 7.3743e-02 2.7794e-02 6.5014e+04 2.5652e+04
4.0000e+03 5.4044e-12 5.8207e-01 1.8857e+03 2.9814e+03 3.2191e+03 2.9392e+18 2.0541e+20 8.9797e+19 7.3591e-02 2.7747e-02 6.5131e+04 2.5697e+04
4.0100e+03 5.3926e-12 5.8199e-01 1.8852e+03 2.9806e+03 3.2183e+03 2.9547e+18 2.0673e+20 9.0341e+19 7.3439e-02 2.7700e-02 6.5247e+04 2.5742e+04
4.0200e+03 5.3808e-12 5.8192e-01 1.8848e+03 2.9797e+03 3.2174e+03 2.9703e+18 2.0807e+20 9.0887e+19 7.3289e-02 2.7654e-02 6.5364e+04 2.5787e+04
4.0300e+03 5.3691e-12 5.8185e-01 1.8844e+03 2.9789e+03 3.2166e+03 2.9860e+18 2.0941e+20 9.1436e+19 7.3139e-02 2.7607e-02 6.5481e+04 2.5832e+04
4.0400e+03 5.3574e-12 5.8177e-01 1.8840e+03 2.9780e+03 3.2157e+03 3.0017e+18 2.1076e+20 9.1987e+19 7.2989e-02 2.7560e-02 6.5597e+04 2.5877e+04
4.0500e+03 5.3458e-12 5.8170e-01 1.8835e+03 2.9772e+03 3.2149e+03 3.0175e+18 2.1212e+20 9.2541e+19 7.2840e-02 2.7514e-02 6.5714e+04 2.5922e+04
4.0600e+03 5.3343e-12 5.8163e-01 1.8831e+03 2.9763e+03 3.2141e+03 3.0333e+18 2.1348e+20 9.3098e+19 7.2691e-02 2.7468e-02 6.5831e+04 2.5967e+04
4.0700e+03 5.3228e-12 5.8156e-01 1.8827e+03 2.9755e+03 3.2132e+03 3.0492e+18 2.1485e+20 9.3657e+19 7.2544e-02 2.7421e-02 6.5947e+04 2.6012e+04
4.0800e+03 5.3113e-12 5.8149e-01 1.8823e+03 2.9746e+03 3.2124e+03 3.0652e+18 2.1622e+20 9.4220e+19 7.2396e-02 2.7375e-02 6.6064e+04 2.6057e+04
4.0900e+03 5.3000e-12 5.8142e-01 1.8818e+03 2.9738e+03 3.2116e+03 3.0812e+18 2.1761e+20 9.4784e+19 7.2249e-02 2.7329e-02 6.6181e+04 2.6102e+04
4.1000e+03 5.2886e-12 5.8135e-01 1.8814e+03 2.9729e+03 3.2107e+03 3.0973e+18 2.1900e+20 9.5352e+19 7.2103e-02 2.7283e-02 6.6297e+04 2.6147e+04
4.1100e+03 5.2773e-12 5.8129e-01 1.8810e+03 2.9721e+03 3.2099e+03 3.1134e+18 2.2040e+20 9.5922e+19 7.1958e-02 2.7237e-02 6.6414e+04 2.6192e+04
4.1200e+03 5.2661e-12 5.8122e-01 1.8806e+03 2.9713e+03 3.2091e+03 3.1296e+18 2.2180e+20 9.6496e+19 7.1812e-02 2.7192e-02 6.6531e+04 2.6237e+04
4.1300e+03 5.2549e-12 5.8115e-01 1.8802e+03 2.9704e+03 3.2082e+03 3.1459e+18 2.2321e+20 9.7071e+19 7.1668e-02 2.7146e-02 6.6647e+04 2.6283e+04
4.1400e+03 5.2437e-12 5.8109e-01 1.8797e+03 2.9696e+03 3.2074e+03 3.1622e+18 2.2463e+20 9.7650e+19 7.1524e-02 2.7101e-02 6.6764e+04 2.6328e+04
4.1500e+03 5.2326e-12 5.8103e-01 1.8793e+03 2.9687e+03 3.2066e+03 3.1786e+18 2.2606e+20 9.8231e+19 7.1380e-02 2.7055e-02 6.6881e+04 2.6373e+04
4.1600e+03 5.2216e-12 5.8096e-01 1.8789e+03 2.9679e+03 3.2058e+03 3.1951e+18 2.2749e+20 9.8816e+19 7.1237e-02 2.7010e-02 6.6998e+04 2.6418e+04
4.1700e+03 5.2106e-12 5.8090e-01 1.8785e+03 2.9671e+03 3.2049e+03 3.2116e+18 2.2893e+20 9.9403e+19 7.1095e-02 2.6965e-02 6.7114e+04 2.6464e+04
4.1800e+03 5.1997e-12 5.8084e-01 1.8781e+03 2.9663e+03 3.2041e+03 3.2282e+18 2.3038e+20 9.9992e+19 7.0953e-02 2.6920e-02 6.7231e+04 2.6509e+04
4.1900e+03 5.1888e-12 5.8078e-01 1.8777e+03 2.9654e+03 3.2033e+03 3.2449e+18 2.3183e+20 1.0058e+20 7.0812e-02 2.6875e-02 6.7348e+04 2.6555e+04
4.2000e+03 5.1779e-12 5.8072e-01 1.8773e+03 2.9646e+03 3.2025e+03 3.2616e+18 2.3330e+20 1.0118e+20 7.0671e-02 2.6830e-02 6.7465e+04 2.6600e+04
4.2100e+03 5.1671e-12 5.8066e-01 1.8768e+03 2.9638e+03 3.2017e+03 3.2784e+18 2.3477e+20 1.0178e+20 7.0530e-02 2.6785e-02 6.7581e+04 2.6645e+04
4.2200e+03 5.1564e-12 5.8061e-01 1.8764e+03 2.9630e+03 3.2009e+03 3.2952e+18 2.3624e+20 1.0238e+20 7.0391e-02 2.6740e-02 6.7698e+04 2.6691e+04
4.2300e+03 5.1457e-12 5.8055e-01 1.8760e+03 2.9621e+03 3.2000e+03 3.3121e+18 2.3773e+20 1.0298e+20 7.0251e-02 2.6695e-02 6.7815e+04 2.6736e+04
4.2400e+03 5.1350e-12 5.8049e-01 1.8756e+03 2.9613e+03 3.1992e+03 3.3291e+18 2.3922e+20 1.0359e+20 7.0112e-02 2.6651e-02 6.7932e+04 2.6782e+04
4.2500e+03 5.1244e-12 5.8044e-01 1.8752e+03 2.9605e+03 3.1984e+03 3.3461e+18 2.4072e+20 1.0420e+20 6.9974e-02 2.6607e-02 6.8048e+04 2.6827e+04
4.2600e+03 5.1138e-12 5.8038e-01 1.8748e+03 2.9597e+03 3.1976e+03 3.3632e+18 2.4222e+20 1.0481e+20 6.9836e-02 2.6562e-02 6.8165e+04 2.6873e+04
4.2700e+03 5.1033e-12 5.8033e-01 1.8744e+03 2.9589e+03 3.1968e+03 3.3804e+18 2.4374e+20 1.0543e+20 6.9699e-02 2.6518e-02 6.8282e+04 2.6919e+04
4.2800e+03 5.0928e-12 5.8028e-01 1.8740e+03 2.9580e+03 3.1960e+03 3.3976e+18 2.4526e+20 1.0605e+20 6.9562e-02 2.6474e-02 6.8399e+04 2.6964e+04
4.2900e+03 5.0824e-12 5.8023e-01 1.8736e+03 2.9572e+03 3.1952e+03 3.4149e+18 2.4679e+20 1.0667e+20 6.9426e-02 2.6430e-02 6.8515e+04 2.7010e+04
4.3000e+03 5.0720e-12 5.8018e-01 1.8732e+03 2.9564e+03 3.1944e+03 3.4323e+18 2.4832e+20 1.0729e+20 6.9290e-02 2.6386e-02 6.8632e+04 2.7055e+04
4.3100e+03 5.0617e-12 5.8012e-01 1.8728e+03 2.9556e+03 3.1936e+03 3.4497e+18 2.4987e+20 1.0792e+20 6.9155e-02 2.6342e-02 6.8749e+04 2.7101e+04
4.3200e+03 5.0514e-12 5.8008e-01 1.8724e+03 2.9548e+03 3.1928e+03 3.4672e+18 2.5142e+20 1.0855e+20 6.9020e-02 2.6298e-02 6.8866e+04 2.7147e+04
4.3300e+03 5.0411e-12 5.8003e-01 1.8720e+03 2.9540e+03 3.1920e+03 3.4848e+18 2.5298e+20 1.0918e+20 6.8886e-02 2.6255e-02 6.8983e+04 2.7193e+04
4.3400e+03 5.0309e-12 5.7998e-01 1.8716e+03 2.9532e+03 3.1912e+03 3.5024e+18 2.5455e+20 1.0982e+20 6.8752e-02 2.6211e-02 6.9099e+04 2.7238e+04
4.3500e+03 5.0207e-12 5.7993e-01 1.8712e+03 2.9524e+03 3.1904e+03 3.5201e+18 2.5612e+20 1.1046e+20 6.8619e-02 2.6168e-02 6.9216e+04 2.7284e+04
4.3600e+03 5.0106e-12 5.7988e-01 1.8708e+03 2.9516e+03 3.1896e+03 3.5378e+18 2.5770e+20 1.1110e+20 6.8486e-02 2.6125e-02 6.9333e+04 2.7330e+04
4.3700e+03 5.0005e-12 5.7984e-01 1.8704e+03 2.9508e+03 3.1888e+03 3.5557e+18 2.5929e+20 1.1174e+20 6.8354e-02 2.6081e-02 6.9450e+04 2.7376e+04
4.3800e+03 4.9905e-12 5.7979e-01 1.8700e+03 2.9500e+03 3.1880e+03 3.5736e+18 2.6089e+20 1.1239e+20 6.8222e-02 2.6038e-02 6.9566e+04 2.7422e+04
4.3900e+03 4.9805e-12 5.7975e-01 1.8696e+03 2.9492e+03 3.1872e+03 3.5915e+18 2.6249e+20 1.1304e+20 6.8091e-02 2.5995e-02 6.9683e+04 2.7468e+04
4.4000e+03 4.9706e-12 5.7971e-01 1.8692e+03 2.9484e+03 3.1864e+03 3.6095e+18 2.6411e+20 1.1369e+20 6.7960e-02 2.5952e-02 6.9800e+04 2.7514e+04
4.4100e+03 4.9607e-12 5.7966e-01 1.8688e+03 2.9476e+03 3.1856e+03 3.6276e+18 2.6573e+20 1.1435e+20 6.7829e-02 2.5910e-02 6.9917e+04 2.7560e+04
4.4200e+03 4.9508e-12 5.7962e-01 1.8684e+03 2.9468e+03 3.1848e+03 3.6458e+18 2.6736e+20 1.1501e+20 6.7699e-02 2.5867e-02 7.0034e+04 2.7605e+04
4.4300e+03 4.9410e-12 5.7958e-01 1.8680e+03 2.9460e+03 3.1841e+03 3.6640e+18 2.6899e+20 1.1567e+20 6.7570e-02 2.5824e-02 7.0150e+04 2.7651e+04
4.4400e+03 4.9312e-12 5.7954e-01 1.8676e+03 2.9452e+03 3.1833e+03 3.6823e+18 2.7064e+20 1.1634e+20 6.7441e-02 2.5782e-02 7.0267e+04 2.7698e+04
4.4500e+03 4.9215e-12 5.7950e-01 1.8672e+03 2.9445e+03 3.1825e+03 3.7007e+18 2.7229e+20 1.1701e+20 6.7312e-02 2.5739e-02 7.0384e+04 2.7744e+04
4.4600e+03 4.9118e-12 5.7946e-01 1.8668e+03 2.9437e+03 3.1817e+03 3.7191e+18 2.7395e+20 1.1768e+20 6.7184e-02 2.5697e-02 7.0501e+04 2.7790e+04
4.4700e+03 4.9021e-12 5.7942e-01 1.8665e+03 2.9429e+03 3.1809e+03 3.7376e+18 2.7562e+20 1.1836e+20 6.7057e-02 2.5655e-02 7.0617e+04 2.7836e+04
4.4800e+03 4.8925e-12 5.7938e-01 1.8661e+03 2.9421e+03 3.1801e+03 3.7561e+18 2.7729e+20 1.1903e+20 6.6929e-02 2.5613e-02 7.0734e+04 2.7882e+04
4.4900e+03 4.8829e-12 5.7934e-01 1.8657e+03 2.9413e+03 3.1794e+03 3.7748e+18 2.7898e+20 1.1971e+20 6.6803e-02 2.5571e-02 7.0851e+04 2.7928e+04
4.5000e+03 4.8734e-12 5.7931e-01 1.8653e+03 2.9405e+03 3.1786e+03 3.7935e+18 2.8067e+20 1.2040e+20 6.6676e-02 2.5529e-02 7.0968e+04 2.7974e+04
4.5100e+03 4.8639e-12 5.7927e-01 1.8649e+03 2.9398e+03 3.1778e+03 3.8122e+18 2.8237e+20 1.2109e+20 6.6551e-02 2.5487e-02 7.1084e+04 2.8020e+04
4.5200e+03 4.8544e-12 5.7924e-01 1.8645e+03 2.9390e+03 3.1770e+03 3.8311e+18 2.8408e+20 1.2178e+20 6.6425e-02 2.5445e-02 7.1201e+04 2.8067e+04
4.5300e+03 4.8450e-12 5.7920e-01 1.8641e+03 2.9382e+03 3.1763e+03 3.8500e+18 2.8580e+20 1.2247e+20 6.6300e-02 2.5403e-02 7.1318e+04 2.8113e+04
4.5400e+03 4.8356e-12 5.7917e-01 1.8637e+03 2.9374e+03 3.1755e+03 3.8689e+18 2.8752e+20 1.2317e+20 6.6176e-02 2.5362e-02 7.1435e+04 2.8159e+04
4.5500e+03 0.0000e+00 0.0000e+00 1.8634e+03 0.0000e+00 3.1747e+03 0.0000e+00 0.0000e+00 0.0000e+00 0.0000e+00 0.0000e+00 0.0000e+00 0.0000e+00
