0.0000e+00 2.3990e-11 6.0373e+00 1.5000e+03 2.3333e+03 4.0000e+03 3.9658e+21 1.2730e+21 1.0059e+19 3.1495e-02 3.2539e-01 1.1545e+05 1.5366e+04
1.0000e+01 2.3855e-11 6.7042e+00 1.5122e+03 2.3139e+03 3.9901e+03 5.7493e+21 1.4190e+21 1.0532e+19 2.8202e-02 3.2438e-01 1.3023e+05 1.5502e+04
2.0000e+01 2.3720e-11 6.4220e+00 1.5244e+03 2.3252e+03 3.9802e+03 5.3486e+21 1.4108e+21 1.1028e+19 2.9275e-02 3.1799e-01 1.2671e+05 1.5614e+04
3.0000e+01 2.3586e-11 5.8498e+00 1.5365e+03 2.3472e+03 3.9706e+03 4.2740e+21 1.3475e+21 1.1540e+19 3.1957e-02 3.0993e-01 1.1720e+05 1.5713e+04
4.0000e+01 2.3454e-11 5.2557e+00 1.5482e+03 2.3725e+03 3.9611e+03 3.2726e+21 1.2707e+21 1.2063e+19 3.5370e-02 3.0157e-01 1.0689e+05 1.5804e+04
5.0000e+01 2.3322e-11 4.7276e+00 1.5596e+03 2.3978e+03 3.9520e+03 2.5115e+21 1.1969e+21 1.2599e+19 3.9100e-02 2.9343e-01 9.7566e+04 1.5889e+04
6.0000e+01 2.3191e-11 4.2790e+00 1.5707e+03 2.4222e+03 3.9430e+03 1.9608e+21 1.1309e+21 1.3144e+19 4.2957e-02 2.8569e-01 8.9579e+04 1.5970e+04
7.0000e+01 2.3062e-11 3.8998e+00 1.5814e+03 2.4454e+03 3.9343e+03 1.5608e+21 1.0727e+21 1.3701e+19 4.6870e-02 2.7834e-01 8.2789e+04 1.6048e+04
8.0000e+01 2.2933e-11 3.5768e+00 1.5919e+03 2.4673e+03 3.9259e+03 1.2646e+21 1.0214e+21 1.4269e+19 5.0818e-02 2.7136e-01 7.6974e+04 1.6125e+04
9.0000e+01 2.2805e-11 3.2986e+00 1.6020e+03 2.4882e+03 3.9176e+03 1.0403e+21 9.7561e+20 1.4848e+19 5.4797e-02 2.6471e-01 7.1939e+04 1.6200e+04
1.0000e+02 2.2678e-11 3.0567e+00 1.6118e+03 2.5082e+03 3.9096e+03 8.6720e+20 9.3459e+20 1.5437e+19 5.8805e-02 2.5834e-01 6.7536e+04 1.6274e+04
1.1000e+02 2.2553e-11 2.8446e+00 1.6213e+03 2.5273e+03 3.9017e+03 7.3130e+20 8.9758e+20 1.6037e+19 6.2839e-02 2.5224e-01 6.3654e+04 1.6347e+04
1.2000e+02 2.2428e-11 2.6573e+00 1.6305e+03 2.5456e+03 3.8940e+03 6.2308e+20 8.6402e+20 1.6649e+19 6.6896e-02 2.4638e-01 6.0207e+04 1.6419e+04
1.3000e+02 2.2304e-11 2.4909e+00 1.6395e+03 2.5631e+03 3.8865e+03 5.3583e+20 8.3347e+20 1.7271e+19 7.0970e-02 2.4075e-01 5.7128e+04 1.6492e+04
1.4000e+02 2.2181e-11 2.3424e+00 1.6481e+03 2.5800e+03 3.8792e+03 4.6472e+20 8.0560e+20 1.7903e+19 7.5054e-02 2.3532e-01 5.4364e+04 1.6564e+04
1.5000e+02 2.2059e-11 2.2091e+00 1.6564e+03 2.5962e+03 3.8721e+03 4.0620e+20 7.8010e+20 1.8546e+19 7.9142e-02 2.3008e-01 5.1873e+04 1.6636e+04
1.6000e+02 2.1937e-11 2.0892e+00 1.6645e+03 2.6118e+03 3.8651e+03 3.5761e+20 7.5673e+20 1.9200e+19 8.3225e-02 2.2503e-01 4.9619e+04 1.6708e+04
1.7000e+02 2.1817e-11 1.9809e+00 1.6723e+03 2.6267e+03 3.8582e+03 3.1696e+20 7.3528e+20 1.9864e+19 8.7296e-02 2.2016e-01 4.7573e+04 1.6781e+04
1.8000e+02 2.1698e-11 1.8826e+00 1.6798e+03 2.6411e+03 3.8515e+03 2.8268e+20 7.1559e+20 2.0538e+19 9.1349e-02 2.1545e-01 4.5710e+04 1.6854e+04
1.9000e+02 2.1579e-11 1.7933e+00 1.6871e+03 2.6549e+03 3.8450e+03 2.5360e+20 6.9748e+20 2.1222e+19 9.5374e-02 2.1090e-01 4.4009e+04 1.6928e+04
2.0000e+02 2.1462e-11 1.7119e+00 1.6941e+03 2.6682e+03 3.8386e+03 2.2878e+20 6.8084e+20 2.1917e+19 9.9365e-02 2.0650e-01 4.2453e+04 1.7002e+04
2.1000e+02 2.1345e-11 1.6375e+00 1.7008e+03 2.6810e+03 3.8323e+03 2.0746e+20 6.6554e+20 2.2621e+19 1.0332e-01 2.0225e-01 4.1025e+04 1.7077e+04
2.2000e+02 2.1229e-11 1.5693e+00 1.7073e+03 2.6932e+03 3.8261e+03 1.8906e+20 6.5147e+20 2.3335e+19 1.0722e-01 1.9814e-01 3.9714e+04 1.7153e+04
2.3000e+02 2.1114e-11 1.5068e+00 1.7136e+03 2.7050e+03 3.8201e+03 1.7310e+20 6.3855e+20 2.4058e+19 1.1106e-01 1.9417e-01 3.8507e+04 1.7229e+04
2.4000e+02 2.1000e-11 1.4492e+00 1.7196e+03 2.7162e+03 3.8142e+03 1.5919e+20 6.2668e+20 2.4792e+19 1.1485e-01 1.9033e-01 3.7394e+04 1.7307e+04
2.5000e+02 2.0886e-11 1.3962e+00 1.7253e+03 2.7270e+03 3.8084e+03 1.4702e+20 6.1580e+20 2.5534e+19 1.1857e-01 1.8661e-01 3.6367e+04 1.7385e+04
2.6000e+02 2.0774e-11 1.3472e+00 1.7309e+03 2.7374e+03 3.8027e+03 1.3632e+20 6.0584e+20 2.6286e+19 1.2222e-01 1.8301e-01 3.5417e+04 1.7464e+04
2.7000e+02 2.0662e-11 1.3019e+00 1.7362e+03 2.7473e+03 3.7972e+03 1.2689e+20 5.9674e+20 2.7048e+19 1.2579e-01 1.7953e-01 3.4538e+04 1.7544e+04
2.8000e+02 2.0551e-11 1.2600e+00 1.7413e+03 2.7567e+03 3.7917e+03 1.1854e+20 5.8844e+20 2.7818e+19 1.2928e-01 1.7617e-01 3.3724e+04 1.7625e+04
2.9000e+02 2.0441e-11 1.2211e+00 1.7461e+03 2.7658e+03 3.7863e+03 1.1112e+20 5.8089e+20 2.8598e+19 1.3268e-01 1.7291e-01 3.2969e+04 1.7706e+04
3.0000e+02 2.0332e-11 1.1850e+00 1.7508e+03 2.7744e+03 3.7811e+03 1.0452e+20 5.7404e+20 2.9387e+19 1.3600e-01 1.6976e-01 3.2268e+04 1.7789e+04
3.1000e+02 2.0224e-11 1.1514e+00 1.7552e+03 2.7827e+03 3.7759e+03 9.8616e+19 5.6786e+20 3.0185e+19 1.3922e-01 1.6672e-01 3.1617e+04 1.7872e+04
3.2000e+02 2.0116e-11 1.1201e+00 1.7595e+03 2.7906e+03 3.7708e+03 9.3331e+19 5.6231e+20 3.0992e+19 1.4235e-01 1.6377e-01 3.1012e+04 1.7957e+04
3.3000e+02 2.0009e-11 1.0909e+00 1.7635e+03 2.7981e+03 3.7659e+03 8.8585e+19 5.5735e+20 3.1807e+19 1.4538e-01 1.6092e-01 3.0449e+04 1.8042e+04
3.4000e+02 1.9903e-11 1.0637e+00 1.7674e+03 2.8053e+03 3.7610e+03 8.4313e+19 5.5296e+20 3.2632e+19 1.4831e-01 1.5816e-01 2.9926e+04 1.8128e+04
3.5000e+02 1.9798e-11 1.0382e+00 1.7711e+03 2.8121e+03 3.7562e+03 8.0459e+19 5.4909e+20 3.3466e+19 1.5114e-01 1.5549e-01 2.9438e+04 1.8215e+04
3.6000e+02 1.9693e-11 1.0144e+00 1.7746e+03 2.8185e+03 3.7514e+03 7.6976e+19 5.4572e+20 3.4308e+19 1.5387e-01 1.5291e-01 2.8984e+04 1.8303e+04
3.7000e+02 1.9589e-11 9.9214e-01 1.7779e+03 2.8247e+03 3.7468e+03 7.3821e+19 5.4284e+20 3.5159e+19 1.5649e-01 1.5041e-01 2.8561e+04 1.8391e+04
3.8000e+02 1.9486e-11 9.7126e-01 1.7811e+03 2.8305e+03 3.7422e+03 7.0960e+19 5.4040e+20 3.6019e+19 1.5902e-01 1.4800e-01 2.8168e+04 1.8480e+04
3.9000e+02 1.9384e-11 9.5167e-01 1.7841e+03 2.8360e+03 3.7377e+03 6.8361e+19 5.3841e+20 3.6888e+19 1.6144e-01 1.4566e-01 2.7801e+04 1.8571e+04
4.0000e+02 1.9283e-11 9.3328e-01 1.7869e+03 2.8413e+03 3.7333e+03 6.5996e+19 5.3683e+20 3.7766e+19 1.6376e-01 1.4340e-01 2.7459e+04 1.8661e+04
4.1000e+02 1.9182e-11 9.1600e-01 1.7896e+03 2.8462e+03 3.7289e+03 6.3843e+19 5.3564e+20 3.8653e+19 1.6598e-01 1.4121e-01 2.7141e+04 1.8753e+04
4.2000e+02 1.9082e-11 8.9975e-01 1.7921e+03 2.8509e+03 3.7246e+03 6.1879e+19 5.3484e+20 3.9548e+19 1.6810e-01 1.3909e-01 2.6845e+04 1.8845e+04
4.3000e+02 1.8983e-11 8.8445e-01 1.7945e+03 2.8553e+03 3.7204e+03 6.0086e+19 5.3440e+20 4.0453e+19 1.7011e-01 1.3703e-01 2.6569e+04 1.8938e+04
4.4000e+02 1.8884e-11 8.7005e-01 1.7968e+03 2.8595e+03 3.7162e+03 5.8449e+19 5.3431e+20 4.1366e+19 1.7203e-01 1.3505e-01 2.6312e+04 1.9031e+04
4.5000e+02 1.8786e-11 8.5648e-01 1.7989e+03 2.8634e+03 3.7121e+03 5.6953e+19 5.3455e+20 4.2288e+19 1.7385e-01 1.3313e-01 2.6073e+04 1.9125e+04
4.6000e+02 1.8689e-11 8.4368e-01 1.8010e+03 2.8671e+03 3.7081e+03 5.5585e+19 5.3512e+20 4.3220e+19 1.7558e-01 1.3126e-01 2.5851e+04 1.9220e+04
4.7000e+02 1.8593e-11 8.3160e-01 1.8028e+03 2.8706e+03 3.7041e+03 5.4334e+19 5.3601e+20 4.4161e+19 1.7721e-01 1.2946e-01 2.5645e+04 1.9315e+04
4.8000e+02 1.8497e-11 8.2019e-01 1.8046e+03 2.8738e+03 3.7001e+03 5.3190e+19 5.3719e+20 4.5110e+19 1.7875e-01 1.2771e-01 2.5454e+04 1.9411e+04
4.9000e+02 1.8402e-11 8.0941e-01 1.8063e+03 2.8768e+03 3.6962e+03 5.2144e+19 5.3866e+20 4.6069e+19 1.8020e-01 1.2602e-01 2.5277e+04 1.9507e+04
5.0000e+02 1.8307e-11 7.9922e-01 1.8078e+03 2.8796e+03 3.6924e+03 5.1187e+19 5.4042e+20 4.7038e+19 1.8156e-01 1.2438e-01 2.5113e+04 1.9604e+04
5.1000e+02 1.8214e-11 7.8959e-01 1.8092e+03 2.8823e+03 3.6886e+03 5.0313e+19 5.4245e+20 4.8015e+19 1.8283e-01 1.2279e-01 2.4961e+04 1.9701e+04
5.2000e+02 1.8121e-11 7.8046e-01 1.8106e+03 2.8847e+03 3.6849e+03 4.9516e+19 5.4475e+20 4.9003e+19 1.8402e-01 1.2124e-01 2.4821e+04 1.9799e+04
5.3000e+02 1.8028e-11 7.7183e-01 1.8118e+03 2.8870e+03 3.6812e+03 4.8788e+19 5.4730e+20 4.9999e+19 1.8514e-01 1.1975e-01 2.4693e+04 1.9897e+04
5.4000e+02 1.7937e-11 7.6364e-01 1.8130e+03 2.8891e+03 3.6776e+03 4.8126e+19 5.5011e+20 5.1006e+19 1.8617e-01 1.1830e-01 2.4574e+04 1.9996e+04
5.5000e+02 1.7846e-11 7.5589e-01 1.8140e+03 2.8910e+03 3.6740e+03 4.7524e+19 5.5316e+20 5.2022e+19 1.8713e-01 1.1689e-01 2.4465e+04 2.0095e+04
5.6000e+02 1.7755e-11 7.4853e-01 1.8150e+03 2.8928e+03 3.6704e+03 4.6977e+19 5.5645e+20 5.3048e+19 1.8801e-01 1.1553e-01 2.4366e+04 2.0194e+04
5.7000e+02 1.7666e-11 7.4155e-01 1.8159e+03 2.8944e+03 3.6669e+03 4.6483e+19 5.5997e+20 5.4083e+19 1.8882e-01 1.1420e-01 2.4276e+04 2.0293e+04
5.8000e+02 1.7577e-11 7.3492e-01 1.8167e+03 2.8959e+03 3.6634e+03 4.6038e+19 5.6371e+20 5.5129e+19 1.8956e-01 1.1291e-01 2.4194e+04 2.0393e+04
5.9000e+02 1.7488e-11 7.2863e-01 1.8175e+03 2.8972e+03 3.6600e+03 4.5638e+19 5.6768e+20 5.6185e+19 1.9023e-01 1.1166e-01 2.4119e+04 2.0494e+04
6.0000e+02 1.7400e-11 7.2265e-01 1.8181e+03 2.8984e+03 3.6566e+03 4.5280e+19 5.7187e+20 5.7251e+19 1.9085e-01 1.1045e-01 2.4053e+04 2.0594e+04
6.1000e+02 1.7313e-11 7.1697e-01 1.8187e+03 2.8995e+03 3.6532e+03 4.4962e+19 5.7627e+20 5.8328e+19 1.9139e-01 1.0926e-01 2.3993e+04 2.0695e+04
6.2000e+02 1.7227e-11 7.1157e-01 1.8192e+03 2.9004e+03 3.6499e+03 4.4681e+19 5.8088e+20 5.9414e+19 1.9188e-01 1.0812e-01 2.3940e+04 2.0796e+04
6.3000e+02 1.7141e-11 7.0643e-01 1.8197e+03 2.9013e+03 3.6466e+03 4.4435e+19 5.8569e+20 6.0512e+19 1.9231e-01 1.0700e-01 2.3894e+04 2.0898e+04
6.4000e+02 1.7055e-11 7.0155e-01 1.8201e+03 2.9020e+03 3.6434e+03 4.4222e+19 5.9071e+20 6.1620e+19 1.9269e-01 1.0591e-01 2.3854e+04 2.0999e+04
6.5000e+02 1.6971e-11 6.9689e-01 1.8205e+03 2.9026e+03 3.6401e+03 4.4041e+19 5.9593e+20 6.2738e+19 1.9301e-01 1.0486e-01 2.3819e+04 2.1101e+04
6.6000e+02 1.6887e-11 6.9246e-01 1.8208e+03 2.9031e+03 3.6369e+03 4.3888e+19 6.0134e+20 6.3868e+19 1.9329e-01 1.0383e-01 2.3790e+04 2.1203e+04
6.7000e+02 1.6803e-11 6.8824e-01 1.8210e+03 2.9035e+03 3.6338e+03 4.3764e+19 6.0694e+20 6.5008e+19 1.9351e-01 1.0283e-01 2.3766e+04 2.1306e+04
6.8000e+02 1.6720e-11 6.8422e-01 1.8212e+03 2.9039e+03 3.6307e+03 4.3666e+19 6.1274e+20 6.6160e+19 1.9369e-01 1.0185e-01 2.3748e+04 2.1408e+04
6.9000e+02 1.6638e-11 6.8039e-01 1.8213e+03 2.9041e+03 3.6276e+03 4.3592e+19 6.1872e+20 6.7322e+19 1.9382e-01 1.0090e-01 2.3734e+04 2.1511e+04
7.0000e+02 1.6556e-11 6.7673e-01 1.8214e+03 2.9042e+03 3.6245e+03 4.3543e+19 6.2489e+20 6.8496e+19 1.9391e-01 9.9971e-02 2.3724e+04 2.1614e+04
7.1000e+02 1.6475e-11 6.7325e-01 1.8215e+03 2.9043e+03 3.6215e+03 4.3516e+19 6.3124e+20 6.9682e+19 1.9396e-01 9.9067e-02 2.3719e+04 2.1717e+04
7.2000e+02 1.6394e-11 6.6992e-01 1.8215e+03 2.9043e+03 3.6184e+03 4.3510e+19 6.3777e+20 7.0879e+19 1.9397e-01 9.8185e-02 2.3718e+04 2.1820e+04
7.3000e+02 1.6314e-11 6.6675e-01 1.8215e+03 2.9042e+03 3.6155e+03 4.3525e+19 6.4448e+20 7.2087e+19 1.9394e-01 9.7324e-02 2.3721e+04 2.1924e+04
7.4000e+02 1.6235e-11 6.6371e-01 1.8214e+03 2.9041e+03 3.6125e+03 4.3560e+19 6.5137e+20 7.3308e+19 1.9387e-01 9.6484e-02 2.3727e+04 2.2028e+04
7.5000e+02 1.6156e-11 6.6082e-01 1.8213e+03 2.9038e+03 3.6096e+03 4.3613e+19 6.5844e+20 7.4540e+19 1.9378e-01 9.5664e-02 2.3738e+04 2.2131e+04
7.6000e+02 1.6078e-11 6.5806e-01 1.8211e+03 2.9035e+03 3.6067e+03 4.3685e+19 6.6568e+20 7.5784e+19 1.9365e-01 9.4863e-02 2.3751e+04 2.2235e+04
7.7000e+02 1.6000e-11 6.5541e-01 1.8210e+03 2.9032e+03 3.6038e+03 4.3773e+19 6.7309e+20 7.7041e+19 1.9349e-01 9.4081e-02 2.3768e+04 2.2339e+04
7.8000e+02 1.5923e-11 6.5289e-01 1.8207e+03 2.9028e+03 3.6009e+03 4.3879e+19 6.8068e+20 7.8309e+19 1.9330e-01 9.3316e-02 2.3788e+04 2.2444e+04
7.9000e+02 1.5846e-11 6.5048e-01 1.8205e+03 2.9023e+03 3.5981e+03 4.4000e+19 6.8844e+20 7.9590e+19 1.9308e-01 9.2568e-02 2.3812e+04 2.2548e+04
8.0000e+02 1.5770e-11 6.4817e-01 1.8202e+03 2.9018e+03 3.5952e+03 4.4136e+19 6.9637e+20 8.0884e+19 1.9284e-01 9.1836e-02 2.3838e+04 2.2652e+04
8.1000e+02 1.5694e-11 6.4596e-01 1.8199e+03 2.9012e+03 3.5925e+03 4.4287e+19 7.0447e+20 8.2190e+19 1.9257e-01 9.1121e-02 2.3866e+04 2.2757e+04
8.2000e+02 1.5619e-11 6.4385e-01 1.8196e+03 2.9006e+03 3.5897e+03 4.4453e+19 7.1274e+20 8.3508e+19 1.9227e-01 9.0420e-02 2.3898e+04 2.2862e+04
8.3000e+02 1.5544e-11 6.4183e-01 1.8193e+03 2.9000e+03 3.5869e+03 4.4632e+19 7.2117e+20 8.4840e+19 1.9196e-01 8.9735e-02 2.3931e+04 2.2967e+04
8.4000e+02 1.5470e-11 6.3989e-01 1.8189e+03 2.8993e+03 3.5842e+03 4.4824e+19 7.2978e+20 8.6185e+19 1.9162e-01 8.9063e-02 2.3968e+04 2.3072e+04
8.5000e+02 1.5397e-11 6.3804e-01 1.8185e+03 2.8985e+03 3.5815e+03 4.5030e+19 7.3855e+20 8.7542e+19 1.9127e-01 8.8405e-02 2.4006e+04 2.3177e+04
8.6000e+02 1.5324e-11 6.3626e-01 1.8181e+03 2.8977e+03 3.5788e+03 4.5248e+19 7.4748e+20 8.8913e+19 1.9089e-01 8.7761e-02 2.4047e+04 2.3282e+04
8.7000e+02 1.5251e-11 6.3456e-01 1.8177e+03 2.8969e+03 3.5761e+03 4.5478e+19 7.5659e+20 9.0298e+19 1.9049e-01 8.7129e-02 2.4090e+04 2.3387e+04
8.8000e+02 1.5179e-11 6.3293e-01 1.8172e+03 2.8960e+03 3.5735e+03 4.5719e+19 7.6585e+20 9.1695e+19 1.9008e-01 8.6509e-02 2.4135e+04 2.3493e+04
8.9000e+02 1.5108e-11 6.3137e-01 1.8168e+03 2.8952e+03 3.5709e+03 4.5973e+19 7.7529e+20 9.3106e+19 1.8966e-01 8.5902e-02 2.4182e+04 2.3598e+04
9.0000e+02 1.5037e-11 6.2988e-01 1.8163e+03 2.8942e+03 3.5682e+03 4.6237e+19 7.8489e+20 9.4531e+19 1.8921e-01 8.5306e-02 2.4231e+04 2.3704e+04
9.1000e+02 1.4966e-11 6.2844e-01 1.8158e+03 2.8933e+03 3.5656e+03 4.6512e+19 7.9465e+20 9.5970e+19 1.8876e-01 8.4721e-02 2.4282e+04 2.3809e+04
9.2000e+02 1.4896e-11 6.2706e-01 1.8152e+03 2.8923e+03 3.5631e+03 4.6798e+19 8.0458e+20 9.7423e+19 1.8828e-01 8.4146e-02 2.4334e+04 2.3915e+04
9.3000e+02 1.4827e-11 6.2574e-01 1.8147e+03 2.8913e+03 3.5605e+03 4.7094e+19 8.1467e+20 9.8889e+19 1.8780e-01 8.3582e-02 2.4388e+04 2.4021e+04
9.4000e+02 1.4757e-11 6.2447e-01 1.8141e+03 2.8902e+03 3.5580e+03 4.7400e+19 8.2493e+20 1.0037e+20 1.8731e-01 8.3029e-02 2.4444e+04 2.4127e+04
9.5000e+02 1.4689e-11 6.2326e-01 1.8136e+03 2.8892e+03 3.5554e+03 4.7716e+19 8.3535e+20 1.0187e+20 1.8680e-01 8.2485e-02 2.4501e+04 2.4233e+04
9.6000e+02 1.4621e-11 6.2209e-01 1.8130e+03 2.8881e+03 3.5529e+03 4.8042e+19 8.4594e+20 1.0337e+20 1.8628e-01 8.1950e-02 2.4560e+04 2.4339e+04
9.7000e+02 1.4553e-11 6.2097e-01 1.8124e+03 2.8870e+03 3.5504e+03 4.8378e+19 8.5669e+20 1.0490e+20 1.8575e-01 8.1424e-02 2.4620e+04 2.4445e+04
9.8000e+02 1.4486e-11 6.1989e-01 1.8118e+03 2.8858e+03 3.5480e+03 4.8722e+19 8.6761e+20 1.0644e+20 1.8522e-01 8.0908e-02 2.4681e+04 2.4551e+04
9.9000e+02 1.4419e-11 6.1886e-01 1.8112e+03 2.8847e+03 3.5455e+03 4.9076e+19 8.7869e+20 1.0799e+20 1.8467e-01 8.0399e-02 2.4744e+04 2.4658e+04
1.0000e+03 1.4353e-11 6.1786e-01 1.8106e+03 2.8835e+03 3.5431e+03 4.9438e+19 8.8994e+20 1.0956e+20 1.8412e-01 7.9900e-02 2.4808e+04 2.4764e+04
1.0100e+03 1.4287e-11 6.1691e-01 1.8100e+03 2.8823e+03 3.5406e+03 4.9810e+19 9.0135e+20 1.1114e+20 1.8356e-01 7.9408e-02 2.4874e+04 2.4871e+04
1.0200e+03 1.4222e-11 6.1599e-01 1.8093e+03 2.8811e+03 3.5382e+03 5.0190e+19 9.1293e+20 1.1274e+20 1.8299e-01 7.8924e-02 2.4940e+04 2.4977e+04
1.0300e+03 1.4157e-11 6.1510e-01 1.8087e+03 2.8799e+03 3.5358e+03 5.0578e+19 9.2467e+20 1.1436e+20 1.8242e-01 7.8447e-02 2.5008e+04 2.5084e+04
1.0400e+03 1.4092e-11 6.1425e-01 1.8080e+03 2.8787e+03 3.5334e+03 5.0975e+19 9.3658e+20 1.1598e+20 1.8184e-01 7.7978e-02 2.5077e+04 2.5191e+04
1.0500e+03 1.4028e-11 6.1344e-01 1.8073e+03 2.8774e+03 3.5311e+03 5.1380e+19 9.4866e+20 1.1763e+20 1.8126e-01 7.7516e-02 2.5147e+04 2.5298e+04
1.0600e+03 1.3965e-11 6.1265e-01 1.8067e+03 2.8761e+03 3.5287e+03 5.1793e+19 9.6091e+20 1.1929e+20 1.8067e-01 7.7061e-02 2.5218e+04 2.5404e+04
1.0700e+03 1.3902e-11 6.1189e-01 1.8060e+03 2.8749e+03 3.5264e+03 5.2214e+19 9.7332e+20 1.2097e+20 1.8007e-01 7.6612e-02 2.5290e+04 2.5511e+04
1.0800e+03 1.3839e-11 6.1116e-01 1.8053e+03 2.8736e+03 3.5240e+03 5.2643e+19 9.8591e+20 1.2266e+20 1.7947e-01 7.6170e-02 2.5363e+04 2.5618e+04
1.0900e+03 1.3777e-11 6.1046e-01 1.8046e+03 2.8723e+03 3.5217e+03 5.3080e+19 9.9866e+20 1.2436e+20 1.7887e-01 7.5735e-02 2.5437e+04 2.5725e+04
1.1000e+03 1.3715e-11 6.0979e-01 1.8039e+03 2.8710e+03 3.5194e+03 5.3525e+19 1.0116e+21 1.2609e+20 1.7826e-01 7.5306e-02 2.5511e+04 2.5833e+04
1.1100e+03 1.3653e-11 6.0914e-01 1.8032e+03 2.8696e+03 3.5171e+03 5.3977e+19 1.0247e+21 1.2783e+20 1.7765e-01 7.4882e-02 2.5587e+04 2.5940e+04
1.1200e+03 1.3592e-11 6.0851e-01 1.8025e+03 2.8683e+03 3.5148e+03 5.4437e+19 1.0379e+21 1.2958e+20 1.7704e-01 7.4465e-02 2.5663e+04 2.6047e+04
1.1300e+03 1.3532e-11 6.0791e-01 1.8018e+03 2.8670e+03 3.5126e+03 5.4905e+19 1.0514e+21 1.3136e+20 1.7643e-01 7.4053e-02 2.5741e+04 2.6154e+04
1.1400e+03 1.3471e-11 6.0732e-01 1.8011e+03 2.8656e+03 3.5103e+03 5.5379e+19 1.0650e+21 1.3315e+20 1.7581e-01 7.3647e-02 2.5819e+04 2.6262e+04
1.1500e+03 1.3412e-11 6.0676e-01 1.8003e+03 2.8643e+03 3.5081e+03 5.5861e+19 1.0787e+21 1.3495e+20 1.7519e-01 7.3246e-02 2.5898e+04 2.6369e+04
1.1600e+03 1.3352e-11 6.0622e-01 1.7996e+03 2.8629e+03 3.5058e+03 5.6351e+19 1.0927e+21 1.3678e+20 1.7457e-01 7.2850e-02 2.5977e+04 2.6477e+04
1.1700e+03 1.3293e-11 6.0570e-01 1.7989e+03 2.8615e+03 3.5036e+03 5.6847e+19 1.1068e+21 1.3862e+20 1.7395e-01 7.2460e-02 2.6057e+04 2.6584e+04
1.1800e+03 1.3235e-11 6.0519e-01 1.7982e+03 2.8602e+03 3.5014e+03 5.7351e+19 1.1211e+21 1.4047e+20 1.7333e-01 7.2074e-02 2.6138e+04 2.6692e+04
1.1900e+03 1.3176e-11 6.0471e-01 1.7974e+03 2.8588e+03 3.4992e+03 5.7862e+19 1.1356e+21 1.4235e+20 1.7270e-01 7.1693e-02 2.6220e+04 2.6800e+04
1.2000e+03 1.3119e-11 6.0424e-01 1.7967e+03 2.8574e+03 3.4971e+03 5.8380e+19 1.1503e+21 1.4424e+20 1.7208e-01 7.1318e-02 2.6302e+04 2.6908e+04
1.2100e+03 1.3061e-11 6.0379e-01 1.7960e+03 2.8560e+03 3.4949e+03 5.8904e+19 1.1651e+21 1.4615e+20 1.7146e-01 7.0946e-02 2.6385e+04 2.7015e+04
1.2200e+03 1.3004e-11 6.0335e-01 1.7952e+03 2.8546e+03 3.4927e+03 5.9436e+19 1.1801e+21 1.4807e+20 1.7083e-01 7.0579e-02 2.6469e+04 2.7123e+04
1.2300e+03 1.2947e-11 6.0293e-01 1.7945e+03 2.8532e+03 3.4906e+03 5.9975e+19 1.1953e+21 1.5002e+20 1.7020e-01 7.0217e-02 2.6553e+04 2.7231e+04
1.2400e+03 1.2891e-11 6.0252e-01 1.7937e+03 2.8518e+03 3.4884e+03 6.0521e+19 1.2106e+21 1.5198e+20 1.6958e-01 6.9859e-02 2.6637e+04 2.7339e+04
1.2500e+03 1.2835e-11 6.0212e-01 1.7930e+03 2.8504e+03 3.4863e+03 6.1073e+19 1.2262e+21 1.5396e+20 1.6896e-01 6.9505e-02 2.6723e+04 2.7447e+04
1.2600e+03 1.2780e-11 6.0174e-01 1.7922e+03 2.8490e+03 3.4842e+03 6.1633e+19 1.2419e+21 1.5595e+20 1.6833e-01 6.9156e-02 2.6808e+04 2.7556e+04
1.2700e+03 1.2725e-11 6.0137e-01 1.7915e+03 2.8476e+03 3.4821e+03 6.2199e+19 1.2578e+21 1.5797e+20 1.6771e-01 6.8810e-02 2.6895e+04 2.7664e+04
1.2800e+03 1.2670e-11 6.0102e-01 1.7907e+03 2.8462e+03 3.4800e+03 6.2772e+19 1.2739e+21 1.6000e+20 1.6708e-01 6.8468e-02 2.6982e+04 2.7772e+04
1.2900e+03 1.2615e-11 6.0067e-01 1.7900e+03 2.8448e+03 3.4779e+03 6.3351e+19 1.2902e+21 1.6206e+20 1.6646e-01 6.8130e-02 2.7069e+04 2.7880e+04
1.3000e+03 1.2561e-11 6.0034e-01 1.7892e+03 2.8433e+03 3.4759e+03 6.3937e+19 1.3066e+21 1.6413e+20 1.6584e-01 6.7796e-02 2.7157e+04 2.7989e+04
1.3100e+03 1.2508e-11 6.0001e-01 1.7885e+03 2.8419e+03 3.4738e+03 6.4530e+19 1.3233e+21 1.6622e+20 1.6522e-01 6.7465e-02 2.7245e+04 2.8097e+04
1.3200e+03 1.2454e-11 5.9970e-01 1.7877e+03 2.8405e+03 3.4717e+03 6.5130e+19 1.3401e+21 1.6832e+20 1.6460e-01 6.7139e-02 2.7334e+04 2.8206e+04
1.3300e+03 1.2401e-11 5.9940e-01 1.7870e+03 2.8391e+03 3.4697e+03 6.5736e+19 1.3571e+21 1.7045e+20 1.6398e-01 6.6815e-02 2.7423e+04 2.8314e+04
1.3400e+03 1.2349e-11 5.9911e-01 1.7862e+03 2.8377e+03 3.4677e+03 6.6349e+19 1.3743e+21 1.7260e+20 1.6337e-01 6.6495e-02 2.7512e+04 2.8423e+04
1.3500e+03 1.2296e-11 5.9882e-01 1.7854e+03 2.8362e+03 3.4656e+03 6.6969e+19 1.3917e+21 1.7476e+20 1.6275e-01 6.6179e-02 2.7602e+04 2.8531e+04
1.3600e+03 1.2244e-11 5.9855e-01 1.7847e+03 2.8348e+03 3.4636e+03 6.7595e+19 1.4093e+21 1.7695e+20 1.6214e-01 6.5866e-02 2.7693e+04 2.8640e+04
1.3700e+03 1.2193e-11 5.9828e-01 1.7839e+03 2.8334e+03 3.4616e+03 6.8228e+19 1.4271e+21 1.7915e+20 1.6153e-01 6.5556e-02 2.7784e+04 2.8749e+04
1.3800e+03 1.2141e-11 5.9802e-01 1.7832e+03 2.8320e+03 3.4596e+03 6.8867e+19 1.4451e+21 1.8137e+20 1.6092e-01 6.5249e-02 2.7875e+04 2.8858e+04
1.3900e+03 1.2090e-11 5.9777e-01 1.7824e+03 2.8306e+03 3.4576e+03 6.9513e+19 1.4632e+21 1.8362e+20 1.6031e-01 6.4945e-02 2.7966e+04 2.8967e+04
1.4000e+03 1.2040e-11 5.9753e-01 1.7817e+03 2.8291e+03 3.4557e+03 7.0166e+19 1.4816e+21 1.8588e+20 1.5970e-01 6.4645e-02 2.8058e+04 2.9076e+04
1.4100e+03 1.1990e-11 5.9730e-01 1.7809e+03 2.8277e+03 3.4537e+03 7.0825e+19 1.5001e+21 1.8816e+20 1.5910e-01 6.4347e-02 2.8151e+04 2.9185e+04
1.4200e+03 1.1940e-11 5.9707e-01 1.7802e+03 2.8263e+03 3.4517e+03 7.1490e+19 1.5189e+21 1.9046e+20 1.5850e-01 6.4052e-02 2.8243e+04 2.9294e+04
1.4300e+03 1.1890e-11 5.9685e-01 1.7794e+03 2.8249e+03 3.4498e+03 7.2162e+19 1.5378e+21 1.9278e+20 1.5790e-01 6.3761e-02 2.8336e+04 2.9403e+04
1.4400e+03 1.1841e-11 5.9663e-01 1.7786e+03 2.8235e+03 3.4479e+03 7.2841e+19 1.5570e+21 1.9513e+20 1.5730e-01 6.3472e-02 2.8430e+04 2.9512e+04
1.4500e+03 1.1792e-11 5.9642e-01 1.7779e+03 2.8221e+03 3.4459e+03 7.3526e+19 1.5763e+21 1.9749e+20 1.5670e-01 6.3185e-02 2.8523e+04 2.9621e+04
1.4600e+03 1.1743e-11 5.9622e-01 1.7771e+03 2.8206e+03 3.4440e+03 7.4218e+19 1.5959e+21 1.9987e+20 1.5611e-01 6.2902e-02 2.8617e+04 2.9730e+04
1.4700e+03 1.1695e-11 5.9602e-01 1.7764e+03 2.8192e+03 3.4421e+03 7.4916e+19 1.6156e+21 2.0227e+20 1.5552e-01 6.2621e-02 2.8712e+04 2.9840e+04
1.4800e+03 1.1647e-11 5.9583e-01 1.7756e+03 2.8178e+03 3.4402e+03 7.5621e+19 1.6356e+21 2.0470e+20 1.5493e-01 6.2343e-02 2.8806e+04 2.9949e+04
1.4900e+03 1.1599e-11 5.9565e-01 1.7749e+03 2.8164e+03 3.4383e+03 7.6332e+19 1.6557e+21 2.0714e+20 1.5434e-01 6.2068e-02 2.8901e+04 3.0059e+04
1.5000e+03 1.1552e-11 5.9547e-01 1.7741e+03 2.8150e+03 3.4364e+03 7.7050e+19 1.6761e+21 2.0961e+20 1.5376e-01 6.1795e-02 2.8996e+04 3.0168e+04
1.5100e+03 1.1505e-11 5.9529e-01 1.7734e+03 2.8136e+03 3.4345e+03 7.7774e+19 1.6967e+21 2.1210e+20 1.5318e-01 6.1524e-02 2.9092e+04 3.0278e+04
1.5200e+03 1.1458e-11 5.9512e-01 1.7727e+03 2.8122e+03 3.4327e+03 7.8505e+19 1.7174e+21 2.1461e+20 1.5260e-01 6.1256e-02 2.9187e+04 3.0387e+04
1.5300e+03 1.1411e-11 5.9495e-01 1.7719e+03 2.8108e+03 3.4308e+03 7.9243e+19 1.7384e+21 2.1713e+20 1.5202e-01 6.0991e-02 2.9283e+04 3.0497e+04
1.5400e+03 1.1365e-11 5.9479e-01 1.7712e+03 2.8094e+03 3.4289e+03 7.9987e+19 1.7596e+21 2.1969e+20 1.5145e-01 6.0727e-02 2.9380e+04 3.0607e+04
1.5500e+03 1.1319e-11 5.9463e-01 1.7704e+03 2.8080e+03 3.4271e+03 8.0738e+19 1.7810e+21 2.2226e+20 1.5088e-01 6.0467e-02 2.9476e+04 3.0716e+04
1.5600e+03 1.1274e-11 5.9448e-01 1.7697e+03 2.8066e+03 3.4252e+03 8.1495e+19 1.8026e+21 2.2485e+20 1.5031e-01 6.0208e-02 2.9573e+04 3.0826e+04
1.5700e+03 1.1228e-11 5.9433e-01 1.7689e+03 2.8052e+03 3.4234e+03 8.2259e+19 1.8245e+21 2.2747e+20 1.4974e-01 5.9952e-02 2.9670e+04 3.0936e+04
1.5800e+03 1.1183e-11 5.9419e-01 1.7682e+03 2.8038e+03 3.4216e+03 8.3029e+19 1.8465e+21 2.3011e+20 1.4918e-01 5.9698e-02 2.9767e+04 3.1046e+04
1.5900e+03 1.1139e-11 5.9405e-01 1.7675e+03 2.8024e+03 3.4198e+03 8.3806e+19 1.8688e+21 2.3277e+20 1.4862e-01 5.9446e-02 2.9865e+04 3.1156e+04
1.6000e+03 1.1094e-11 5.9391e-01 1.7667e+03 2.8010e+03 3.4180e+03 8.4589e+19 1.8913e+21 2.3545e+20 1.4806e-01 5.9196e-02 2.9963e+04 3.1266e+04
1.6100e+03 1.1050e-11 5.9378e-01 1.7660e+03 2.7996e+03 3.4162e+03 8.5380e+19 1.9140e+21 2.3815e+20 1.4750e-01 5.8948e-02 3.0061e+04 3.1376e+04
1.6200e+03 1.1006e-11 5.9365e-01 1.7653e+03 2.7983e+03 3.4144e+03 8.6176e+19 1.9369e+21 2.4088e+20 1.4695e-01 5.8703e-02 3.0159e+04 3.1486e+04
1.6300e+03 1.0963e-11 5.9352e-01 1.7645e+03 2.7969e+03 3.4126e+03 8.6980e+19 1.9600e+21 2.4363e+20 1.4640e-01 5.8459e-02 3.0257e+04 3.1596e+04
1.6400e+03 1.0919e-11 5.9339e-01 1.7638e+03 2.7955e+03 3.4108e+03 8.7790e+19 1.9834e+21 2.4640e+20 1.4585e-01 5.8218e-02 3.0356e+04 3.1706e+04
1.6500e+03 1.0876e-11 5.9327e-01 1.7631e+03 2.7941e+03 3.4090e+03 8.8607e+19 2.0070e+21 2.4920e+20 1.4531e-01 5.7979e-02 3.0455e+04 3.1817e+04
1.6600e+03 1.0834e-11 5.9316e-01 1.7624e+03 2.7928e+03 3.4073e+03 8.9430e+19 2.0308e+21 2.5202e+20 1.4476e-01 5.7741e-02 3.0554e+04 3.1927e+04
1.6700e+03 1.0791e-11 5.9304e-01 1.7616e+03 2.7914e+03 3.4055e+03 9.0260e+19 2.0548e+21 2.5486e+20 1.4422e-01 5.7506e-02 3.0653e+04 3.2037e+04
1.6800e+03 1.0749e-11 5.9293e-01 1.7609e+03 2.7900e+03 3.4038e+03 9.1097e+19 2.0791e+21 2.5772e+20 1.4369e-01 5.7272e-02 3.0752e+04 3.2148e+04
1.6900e+03 1.0707e-11 5.9282e-01 1.7602e+03 2.7887e+03 3.4020e+03 9.1940e+19 2.1036e+21 2.6061e+20 1.4315e-01 5.7040e-02 3.0852e+04 3.2258e+04
1.7000e+03 1.0665e-11 5.9271e-01 1.7595e+03 2.7873e+03 3.4003e+03 9.2791e+19 2.1283e+21 2.6352e+20 1.4262e-01 5.6811e-02 3.0952e+04 3.2369e+04
1.7100e+03 1.0624e-11 5.9261e-01 1.7588e+03 2.7860e+03 3.3986e+03 9.3647e+19 2.1533e+21 2.6645e+20 1.4209e-01 5.6583e-02 3.1052e+04 3.2479e+04
1.7200e+03 1.0583e-11 5.9251e-01 1.7581e+03 2.7846e+03 3.3968e+03 9.4511e+19 2.1785e+21 2.6941e+20 1.4157e-01 5.6356e-02 3.1152e+04 3.2590e+04
1.7300e+03 1.0542e-11 5.9241e-01 1.7573e+03 2.7833e+03 3.3951e+03 9.5382e+19 2.2039e+21 2.7240e+20 1.4104e-01 5.6132e-02 3.1253e+04 3.2700e+04
1.7400e+03 1.0501e-11 5.9231e-01 1.7566e+03 2.7819e+03 3.3934e+03 9.6259e+19 2.2295e+21 2.7540e+20 1.4052e-01 5.5909e-02 3.1353e+04 3.2811e+04
1.7500e+03 1.0461e-11 5.9222e-01 1.7559e+03 2.7806e+03 3.3917e+03 9.7143e+19 2.2554e+21 2.7843e+20 1.4001e-01 5.5688e-02 3.1454e+04 3.2922e+04
1.7600e+03 1.0421e-11 5.9213e-01 1.7552e+03 2.7793e+03 3.3900e+03 9.8034e+19 2.2816e+21 2.8149e+20 1.3949e-01 5.5469e-02 3.1555e+04 3.3033e+04
1.7700e+03 1.0381e-11 5.9204e-01 1.7545e+03 2.7779e+03 3.3883e+03 9.8932e+19 2.3079e+21 2.8457e+20 1.3898e-01 5.5252e-02 3.1656e+04 3.3143e+04
1.7800e+03 1.0342e-11 5.9195e-01 1.7538e+03 2.7766e+03 3.3867e+03 9.9836e+19 2.3346e+21 2.8767e+20 1.3847e-01 5.5036e-02 3.1757e+04 3.3254e+04
1.7900e+03 1.0302e-11 5.9186e-01 1.7531e+03 2.7753e+03 3.3850e+03 1.0075e+20 2.3614e+21 2.9080e+20 1.3796e-01 5.4822e-02 3.1859e+04 3.3365e+04
1.8000e+03 1.0263e-11 5.9178e-01 1.7524e+03 2.7739e+03 3.3833e+03 1.0167e+20 2.3885e+21 2.9395e+20 1.3746e-01 5.4609e-02 3.1960e+04 3.3476e+04
1.8100e+03 1.0224e-11 5.9169e-01 1.7517e+03 2.7726e+03 3.3817e+03 1.0259e+20 2.4158e+21 2.9713e+20 1.3696e-01 5.4398e-02 3.2062e+04 3.3587e+04
1.8200e+03 1.0186e-11 5.9161e-01 1.7510e+03 2.7713e+03 3.3800e+03 1.0352e+20 2.4434e+21 3.0033e+20 1.3646e-01 5.4189e-02 3.2164e+04 3.3698e+04
1.8300e+03 1.0147e-11 5.9154e-01 1.7503e+03 2.7700e+03 3.3784e+03 1.0446e+20 2.4713e+21 3.0356e+20 1.3596e-01 5.3981e-02 3.2266e+04 3.3810e+04
1.8400e+03 1.0109e-11 5.9146e-01 1.7496e+03 2.7687e+03 3.3767e+03 1.0541e+20 2.4993e+21 3.0681e+20 1.3547e-01 5.3775e-02 3.2368e+04 3.3921e+04
1.8500e+03 1.0071e-11 5.9138e-01 1.7489e+03 2.7674e+03 3.3751e+03 1.0636e+20 2.5277e+21 3.1009e+20 1.3498e-01 5.3570e-02 3.2471e+04 3.4032e+04
1.8600e+03 1.0033e-11 5.9131e-01 1.7482e+03 2.7661e+03 3.3734e+03 1.0732e+20 2.5563e+21 3.1340e+20 1.3449e-01 5.3367e-02 3.2573e+04 3.4143e+04
1.8700e+03 9.9960e-12 5.9124e-01 1.7476e+03 2.7648e+03 3.3718e+03 1.0829e+20 2.5851e+21 3.1673e+20 1.3400e-01 5.3165e-02 3.2676e+04 3.4254e+04
1.8800e+03 9.9588e-12 5.9117e-01 1.7469e+03 2.7635e+03 3.3702e+03 1.0926e+20 2.6142e+21 3.2008e+20 1.3352e-01 5.2964e-02 3.2779e+04 3.4366e+04
1.8900e+03 9.9219e-12 5.9110e-01 1.7462e+03 2.7622e+03 3.3686e+03 1.1024e+20 2.6435e+21 3.2346e+20 1.3304e-01 5.2766e-02 3.2881e+04 3.4477e+04
1.9000e+03 9.8851e-12 5.9103e-01 1.7455e+03 2.7609e+03 3.3670e+03 1.1123e+20 2.6731e+21 3.2687e+20 1.3256e-01 5.2568e-02 3.2985e+04 3.4589e+04
1.9100e+03 9.8486e-12 5.9097e-01 1.7448e+03 2.7596e+03 3.3654e+03 1.1223e+20 2.7030e+21 3.3031e+20 1.3209e-01 5.2372e-02 3.3088e+04 3.4700e+04
1.9200e+03 9.8123e-12 5.9091e-01 1.7442e+03 2.7583e+03 3.3638e+03 1.1323e+20 2.7331e+21 3.3377e+20 1.3162e-01 5.2177e-02 3.3191e+04 3.4812e+04
1.9300e+03 9.7763e-12 5.9084e-01 1.7435e+03 2.7571e+03 3.3622e+03 1.1424e+20 2.7635e+21 3.3725e+20 1.3115e-01 5.1984e-02 3.3295e+04 3.4923e+04
1.9400e+03 9.7404e-12 5.9078e-01 1.7428e+03 2.7558e+03 3.3606e+03 1.1526e+20 2.7942e+21 3.4077e+20 1.3068e-01 5.1792e-02 3.3398e+04 3.5035e+04
1.9500e+03 9.7048e-12 5.9072e-01 1.7421e+03 2.7545e+03 3.3591e+03 1.1628e+20 2.8251e+21 3.4431e+20 1.3021e-01 5.1602e-02 3.3502e+04 3.5147e+04
1.9600e+03 9.6694e-12 5.9066e-01 1.7415e+03 2.7532e+03 3.3575e+03 1.1731e+20 2.8563e+21 3.4787e+20 1.2975e-01 5.1413e-02 3.3606e+04 3.5258e+04
1.9700e+03 9.6342e-12 5.9061e-01 1.7408e+03 2.7520e+03 3.3559e+03 1.1835e+20 2.8877e+21 3.5147e+20 1.2929e-01 5.1225e-02 3.3710e+04 3.5370e+04
1.9800e+03 9.5992e-12 5.9055e-01 1.7401e+03 2.7507e+03 3.3544e+03 1.1939e+20 2.9194e+21 3.5509e+20 1.2883e-01 5.1038e-02 3.3814e+04 3.5482e+04
1.9900e+03 9.5645e-12 5.9050e-01 1.7395e+03 2.7495e+03 3.3528e+03 1.2045e+20 2.9514e+21 3.5874e+20 1.2838e-01 5.0853e-02 3.3918e+04 3.5594e+04
2.0000e+03 9.5299e-12 5.9044e-01 1.7388e+03 2.7482e+03 3.3513e+03 1.2151e+20 2.9836e+21 3.6242e+20 1.2793e-01 5.0669e-02 3.4023e+04 3.5706e+04
2.0100e+03 9.4956e-12 5.9039e-01 1.7382e+03 2.7470e+03 3.3497e+03 1.2257e+20 3.0162e+21 3.6612e+20 1.2748e-01 5.0486e-02 3.4127e+04 3.5818e+04
2.0200e+03 9.4615e-12 5.9034e-01 1.7375e+03 2.7457e+03 3.3482e+03 1.2365e+20 3.0490e+21 3.6985e+20 1.2703e-01 5.0305e-02 3.4232e+04 3.5930e+04
2.0300e+03 9.4276e-12 5.9029e-01 1.7368e+03 2.7445e+03 3.3467e+03 1.2473e+20 3.0820e+21 3.7361e+20 1.2659e-01 5.0124e-02 3.4336e+04 3.6042e+04
2.0400e+03 9.3939e-12 5.9024e-01 1.7362e+03 2.7432e+03 3.3451e+03 1.2582e+20 3.1154e+21 3.7740e+20 1.2614e-01 4.9945e-02 3.4441e+04 3.6154e+04
2.0500e+03 9.3604e-12 5.9019e-01 1.7355e+03 2.7420e+03 3.3436e+03 1.2692e+20 3.1490e+21 3.8121e+20 1.2570e-01 4.9767e-02 3.4546e+04 3.6266e+04
2.0600e+03 9.3271e-12 5.9015e-01 1.7349e+03 2.7408e+03 3.3421e+03 1.2802e+20 3.1829e+21 3.8506e+20 1.2527e-01 4.9591e-02 3.4651e+04 3.6378e+04
2.0700e+03 9.2940e-12 5.9010e-01 1.7343e+03 2.7395e+03 3.3406e+03 1.2913e+20 3.2171e+21 3.8893e+20 1.2483e-01 4.9415e-02 3.4757e+04 3.6490e+04
2.0800e+03 9.2611e-12 5.9006e-01 1.7336e+03 2.7383e+03 3.3391e+03 1.3025e+20 3.2516e+21 3.9283e+20 1.2440e-01 4.9241e-02 3.4862e+04 3.6603e+04
2.0900e+03 9.2284e-12 5.9001e-01 1.7330e+03 2.7371e+03 3.3376e+03 1.3138e+20 3.2864e+21 3.9676e+20 1.2397e-01 4.9068e-02 3.4967e+04 3.6715e+04
2.1000e+03 9.1959e-12 5.8997e-01 1.7323e+03 2.7359e+03 3.3361e+03 1.3251e+20 3.3214e+21 4.0072e+20 1.2354e-01 4.8896e-02 3.5073e+04 3.6827e+04
2.1100e+03 9.1636e-12 5.8993e-01 1.7317e+03 2.7346e+03 3.3346e+03 1.3365e+20 3.3567e+21 4.0471e+20 1.2312e-01 4.8725e-02 3.5178e+04 3.6940e+04
2.1200e+03 9.1315e-12 5.8989e-01 1.7310e+03 2.7334e+03 3.3331e+03 1.3480e+20 3.3924e+21 4.0872e+20 1.2269e-01 4.8555e-02 3.5284e+04 3.7052e+04
2.1300e+03 9.0995e-12 5.8985e-01 1.7304e+03 2.7322e+03 3.3317e+03 1.3596e+20 3.4283e+21 4.1277e+20 1.2227e-01 4.8386e-02 3.5390e+04 3.7165e+04
2.1400e+03 9.0678e-12 5.8981e-01 1.7298e+03 2.7310e+03 3.3302e+03 1.3712e+20 3.4645e+21 4.1685e+20 1.2185e-01 4.8219e-02 3.5496e+04 3.7277e+04
2.1500e+03 9.0363e-12 5.8977e-01 1.7292e+03 2.7298e+03 3.3287e+03 1.3830e+20 3.5010e+21 4.2095e+20 1.2144e-01 4.8052e-02 3.5602e+04 3.7390e+04
2.1600e+03 9.0049e-12 5.8974e-01 1.7285e+03 2.7286e+03 3.3273e+03 1.3948e+20 3.5378e+21 4.2509e+20 1.2103e-01 4.7887e-02 3.5708e+04 3.7502e+04
2.1700e+03 8.9738e-12 5.8970e-01 1.7279e+03 2.7274e+03 3.3258e+03 1.4066e+20 3.5749e+21 4.2925e+20 1.2061e-01 4.7723e-02 3.5814e+04 3.7615e+04
2.1800e+03 8.9428e-12 5.8967e-01 1.7273e+03 2.7262e+03 3.3243e+03 1.4186e+20 3.6123e+21 4.3344e+20 1.2020e-01 4.7559e-02 3.5921e+04 3.7728e+04
2.1900e+03 8.9120e-12 5.8963e-01 1.7266e+03 2.7251e+03 3.3229e+03 1.4306e+20 3.6500e+21 4.3767e+20 1.1980e-01 4.7397e-02 3.6027e+04 3.7840e+04
2.2000e+03 8.8814e-12 5.8960e-01 1.7260e+03 2.7239e+03 3.3215e+03 1.4427e+20 3.6879e+21 4.4192e+20 1.1939e-01 4.7236e-02 3.6133e+04 3.7953e+04
2.2100e+03 8.8510e-12 5.8957e-01 1.7254e+03 2.7227e+03 3.3200e+03 1.4549e+20 3.7262e+21 4.4621e+20 1.1899e-01 4.7076e-02 3.6240e+04 3.8066e+04
2.2200e+03 8.8207e-12 5.8953e-01 1.7248e+03 2.7215e+03 3.3186e+03 1.4672e+20 3.7648e+21 4.5053e+20 1.1859e-01 4.6916e-02 3.6347e+04 3.8179e+04
2.2300e+03 8.7907e-12 5.8950e-01 1.7242e+03 2.7203e+03 3.3172e+03 1.4795e+20 3.8037e+21 4.5487e+20 1.1819e-01 4.6758e-02 3.6454e+04 3.8292e+04
2.2400e+03 8.7608e-12 5.8947e-01 1.7236e+03 2.7192e+03 3.3157e+03 1.4919e+20 3.8429e+21 4.5925e+20 1.1780e-01 4.6601e-02 3.6560e+04 3.8404e+04
2.2500e+03 8.7311e-12 5.8945e-01 1.7230e+03 2.7180e+03 3.3143e+03 1.5044e+20 3.8825e+21 4.6366e+20 1.1740e-01 4.6445e-02 3.6667e+04 3.8517e+04
2.2600e+03 8.7016e-12 5.8942e-01 1.7223e+03 2.7168e+03 3.3129e+03 1.5170e+20 3.9223e+21 4.6810e+20 1.1701e-01 4.6289e-02 3.6775e+04 3.8630e+04
2.2700e+03 8.6722e-12 5.8939e-01 1.7217e+03 2.7157e+03 3.3115e+03 1.5296e+20 3.9624e+21 4.7257e+20 1.1662e-01 4.6135e-02 3.6882e+04 3.8744e+04
2.2800e+03 8.6430e-12 5.8936e-01 1.7211e+03 2.7145e+03 3.3101e+03 1.5424e+20 4.0029e+21 4.7707e+20 1.1623e-01 4.5982e-02 3.6989e+04 3.8857e+04
2.2900e+03 8.6140e-12 5.8934e-01 1.7205e+03 2.7134e+03 3.3087e+03 1.5552e+20 4.0437e+21 4.8160e+20 1.1585e-01 4.5829e-02 3.7096e+04 3.8970e+04
2.3000e+03 8.5852e-12 5.8931e-01 1.7199e+03 2.7122e+03 3.3073e+03 1.5681e+20 4.0847e+21 4.8617e+20 1.1547e-01 4.5678e-02 3.7204e+04 3.9083e+04
2.3100e+03 8.5565e-12 5.8929e-01 1.7193e+03 2.7111e+03 3.3059e+03 1.5810e+20 4.1261e+21 4.9077e+20 1.1509e-01 4.5527e-02 3.7311e+04 3.9196e+04
2.3200e+03 8.5280e-12 5.8927e-01 1.7187e+03 2.7099e+03 3.3045e+03 1.5941e+20 4.1679e+21 4.9540e+20 1.1471e-01 4.5378e-02 3.7419e+04 3.9309e+04
2.3300e+03 8.4997e-12 5.8924e-01 1.7181e+03 2.7088e+03 3.3031e+03 1.6072e+20 4.2099e+21 5.0006e+20 1.1433e-01 4.5229e-02 3.7526e+04 3.9423e+04
2.3400e+03 8.4715e-12 5.8922e-01 1.7175e+03 2.7077e+03 3.3018e+03 1.6204e+20 4.2523e+21 5.0475e+20 1.1396e-01 4.5081e-02 3.7634e+04 3.9536e+04
2.3500e+03 8.4435e-12 5.8920e-01 1.7169e+03 2.7065e+03 3.3004e+03 1.6337e+20 4.2950e+21 5.0948e+20 1.1358e-01 4.4934e-02 3.7742e+04 3.9649e+04
2.3600e+03 8.4156e-12 5.8918e-01 1.7164e+03 2.7054e+03 3.2990e+03 1.6471e+20 4.3380e+21 5.1424e+20 1.1321e-01 4.4788e-02 3.7850e+04 3.9763e+04
2.3700e+03 8.3880e-12 5.8916e-01 1.7158e+03 2.7043e+03 3.2977e+03 1.6605e+20 4.3813e+21 5.1903e+20 1.1284e-01 4.4643e-02 3.7958e+04 3.9876e+04
2.3800e+03 8.3604e-12 5.8914e-01 1.7152e+03 2.7032e+03 3.2963e+03 1.6741e+20 4.4250e+21 5.2385e+20 1.1248e-01 4.4498e-02 3.8066e+04 3.9990e+04
2.3900e+03 8.3331e-12 5.8912e-01 1.7146e+03 2.7020e+03 3.2950e+03 1.6877e+20 4.4690e+21 5.2871e+20 1.1211e-01 4.4355e-02 3.8174e+04 4.0103e+04
2.4000e+03 8.3059e-12 5.8911e-01 1.7140e+03 2.7009e+03 3.2936e+03 1.7014e+20 4.5134e+21 5.3360e+20 1.1175e-01 4.4212e-02 3.8282e+04 4.0217e+04
2.4100e+03 8.2788e-12 5.8909e-01 1.7134e+03 2.6998e+03 3.2923e+03 1.7152e+20 4.5580e+21 5.3852e+20 1.1139e-01 4.4070e-02 3.8391e+04 4.0330e+04
2.4200e+03 8.2519e-12 5.8907e-01 1.7129e+03 2.6987e+03 3.2909e+03 1.7291e+20 4.6030e+21 5.4348e+20 1.1103e-01 4.3929e-02 3.8499e+04 4.0444e+04
2.4300e+03 8.2252e-12 5.8906e-01 1.7123e+03 2.6976e+03 3.2896e+03 1.7430e+20 4.6484e+21 5.4847e+20 1.1067e-01 4.3789e-02 3.8608e+04 4.0558e+04
2.4400e+03 8.1986e-12 5.8904e-01 1.7117e+03 2.6965e+03 3.2883e+03 1.7570e+20 4.6941e+21 5.5350e+20 1.1032e-01 4.3650e-02 3.8716e+04 4.0671e+04
2.4500e+03 8.1722e-12 5.8903e-01 1.7111e+03 2.6954e+03 3.2869e+03 1.7711e+20 4.7401e+21 5.5856e+20 1.0997e-01 4.3511e-02 3.8825e+04 4.0785e+04
2.4600e+03 8.1459e-12 5.8902e-01 1.7106e+03 2.6943e+03 3.2856e+03 1.7853e+20 4.7865e+21 5.6365e+20 1.0961e-01 4.3374e-02 3.8933e+04 4.0899e+04
2.4700e+03 8.1198e-12 5.8900e-01 1.7100e+03 2.6932e+03 3.2843e+03 1.7996e+20 4.8332e+21 5.6878e+20 1.0926e-01 4.3237e-02 3.9042e+04 4.1013e+04
2.4800e+03 8.0939e-12 5.8899e-01 1.7094e+03 2.6921e+03 3.2830e+03 1.8140e+20 4.8802e+21 5.7394e+20 1.0892e-01 4.3101e-02 3.9151e+04 4.1127e+04
2.4900e+03 8.0680e-12 5.8898e-01 1.7088e+03 2.6910e+03 3.2817e+03 1.8284e+20 4.9276e+21 5.7913e+20 1.0857e-01 4.2965e-02 3.9260e+04 4.1240e+04
2.5000e+03 8.0424e-12 5.8897e-01 1.7083e+03 2.6899e+03 3.2804e+03 1.8430e+20 4.9754e+21 5.8436e+20 1.0823e-01 4.2831e-02 3.9369e+04 4.1354e+04
2.5100e+03 8.0168e-12 5.8896e-01 1.7077e+03 2.6889e+03 3.2790e+03 1.8576e+20 5.0235e+21 5.8963e+20 1.0789e-01 4.2697e-02 3.9478e+04 4.1468e+04
2.5200e+03 7.9914e-12 5.8895e-01 1.7072e+03 2.6878e+03 3.2778e+03 1.8723e+20 5.0719e+21 5.9493e+20 1.0755e-01 4.2564e-02 3.9587e+04 4.1582e+04
2.5300e+03 7.9662e-12 5.8894e-01 1.7066e+03 2.6867e+03 3.2765e+03 1.8871e+20 5.1207e+21 6.0027e+20 1.0721e-01 4.2432e-02 3.9696e+04 4.1696e+04
2.5400e+03 7.9411e-12 5.8894e-01 1.7060e+03 2.6856e+03 3.2752e+03 1.9020e+20 5.1699e+21 6.0564e+20 1.0687e-01 4.2300e-02 3.9806e+04 4.1810e+04
2.5500e+03 7.9162e-12 5.8893e-01 1.7055e+03 2.6846e+03 3.2739e+03 1.9169e+20 5.2194e+21 6.1104e+20 1.0654e-01 4.2169e-02 3.9915e+04 4.1925e+04
2.5600e+03 7.8914e-12 5.8892e-01 1.7049e+03 2.6835e+03 3.2726e+03 1.9320e+20 5.2693e+21 6.1649e+20 1.0621e-01 4.2039e-02 4.0024e+04 4.2039e+04
2.5700e+03 7.8667e-12 5.8892e-01 1.7044e+03 2.6824e+03 3.2713e+03 1.9471e+20 5.3195e+21 6.2196e+20 1.0587e-01 4.1910e-02 4.0134e+04 4.2153e+04
2.5800e+03 7.8422e-12 5.8891e-01 1.7038e+03 2.6814e+03 3.2700e+03 1.9623e+20 5.3701e+21 6.2748e+20 1.0555e-01 4.1781e-02 4.0243e+04 4.2267e+04
2.5900e+03 7.8178e-12 5.8891e-01 1.7033e+03 2.6803e+03 3.2688e+03 1.9777e+20 5.4211e+21 6.3303e+20 1.0522e-01 4.1654e-02 4.0353e+04 4.2381e+04
2.6000e+03 7.7935e-12 5.8890e-01 1.7027e+03 2.6793e+03 3.2675e+03 1.9930e+20 5.4724e+21 6.3861e+20 1.0489e-01 4.1526e-02 4.0463e+04 4.2496e+04
2.6100e+03 7.7694e-12 5.8890e-01 1.7022e+03 2.6782e+03 3.2662e+03 2.0085e+20 5.5241e+21 6.4424e+20 1.0457e-01 4.1400e-02 4.0572e+04 4.2610e+04
2.6200e+03 7.7454e-12 5.8890e-01 1.7016e+03 2.6772e+03 3.2650e+03 2.0241e+20 5.5761e+21 6.4990e+20 1.0425e-01 4.1274e-02 4.0682e+04 4.2724e+04
2.6300e+03 7.7216e-12 5.8890e-01 1.7011e+03 2.6761e+03 3.2637e+03 2.0398e+20 5.6286e+21 6.5559e+20 1.0393e-01 4.1149e-02 4.0792e+04 4.2839e+04
2.6400e+03 7.6979e-12 5.8889e-01 1.7006e+03 2.6751e+03 3.2625e+03 2.0555e+20 5.6814e+21 6.6132e+20 1.0361e-01 4.1025e-02 4.0902e+04 4.2953e+04
2.6500e+03 7.6743e-12 5.8889e-01 1.7000e+03 2.6741e+03 3.2612e+03 2.0713e+20 5.7345e+21 6.6709e+20 1.0329e-01 4.0901e-02 4.1012e+04 4.3068e+04
2.6600e+03 7.6508e-12 5.8889e-01 1.6995e+03 2.6730e+03 3.2600e+03 2.0873e+20 5.7881e+21 6.7290e+20 1.0297e-01 4.0778e-02 4.1122e+04 4.3182e+04
2.6700e+03 7.6275e-12 5.8889e-01 1.6989e+03 2.6720e+03 3.2587e+03 2.1033e+20 5.8420e+21 6.7875e+20 1.0266e-01 4.0656e-02 4.1232e+04 4.3297e+04
2.6800e+03 7.6043e-12 5.8890e-01 1.6984e+03 2.6710e+03 3.2575e+03 2.1194e+20 5.8963e+21 6.8463e+20 1.0235e-01 4.0534e-02 4.1342e+04 4.3411e+04
2.6900e+03 7.5813e-12 5.8890e-01 1.6979e+03 2.6699e+03 3.2563e+03 2.1356e+20 5.9510e+21 6.9055e+20 1.0204e-01 4.0413e-02 4.1452e+04 4.3526e+04
2.7000e+03 7.5584e-12 5.8890e-01 1.6974e+03 2.6689e+03 3.2550e+03 2.1518e+20 6.0060e+21 6.9650e+20 1.0173e-01 4.0293e-02 4.1562e+04 4.3640e+04
2.7100e+03 7.5356e-12 5.8890e-01 1.6968e+03 2.6679e+03 3.2538e+03 2.1682e+20 6.0615e+21 7.0250e+20 1.0142e-01 4.0173e-02 4.1673e+04 4.3755e+04
2.7200e+03 7.5129e-12 5.8891e-01 1.6963e+03 2.6669e+03 3.2526e+03 2.1847e+20 6.1173e+21 7.0853e+20 1.0111e-01 4.0054e-02 4.1783e+04 4.3870e+04
2.7300e+03 7.4903e-12 5.8891e-01 1.6958e+03 2.6659e+03 3.2514e+03 2.2012e+20 6.1735e+21 7.1460e+20 1.0081e-01 3.9935e-02 4.1894e+04 4.3985e+04
2.7400e+03 7.4679e-12 5.8891e-01 1.6952e+03 2.6649e+03 3.2502e+03 2.2178e+20 6.2301e+21 7.2071e+20 1.0051e-01 3.9818e-02 4.2004e+04 4.4099e+04
2.7500e+03 7.4456e-12 5.8892e-01 1.6947e+03 2.6638e+03 3.2490e+03 2.2346e+20 6.2871e+21 7.2686e+20 1.0021e-01 3.9700e-02 4.2115e+04 4.4214e+04
2.7600e+03 7.4234e-12 5.8893e-01 1.6942e+03 2.6628e+03 3.2477e+03 2.2514e+20 6.3445e+21 7.3305e+20 9.9907e-02 3.9584e-02 4.2225e+04 4.4329e+04
2.7700e+03 7.4014e-12 5.8893e-01 1.6937e+03 2.6618e+03 3.2465e+03 2.2683e+20 6.4023e+21 7.3927e+20 9.9609e-02 3.9468e-02 4.2336e+04 4.4444e+04
2.7800e+03 7.3795e-12 5.8894e-01 1.6932e+03 2.6608e+03 3.2453e+03 2.2853e+20 6.4605e+21 7.4554e+20 9.9313e-02 3.9353e-02 4.2447e+04 4.4559e+04
2.7900e+03 7.3576e-12 5.8895e-01 1.6927e+03 2.6598e+03 3.2441e+03 2.3024e+20 6.5190e+21 7.5184e+20 9.9018e-02 3.9238e-02 4.2557e+04 4.4674e+04
2.8000e+03 7.3360e-12 5.8896e-01 1.6921e+03 2.6588e+03 3.2429e+03 2.3196e+20 6.5780e+21 7.5819e+20 9.8725e-02 3.9124e-02 4.2668e+04 4.4789e+04
2.8100e+03 7.3144e-12 5.8897e-01 1.6916e+03 2.6579e+03 3.2418e+03 2.3369e+20 6.6374e+21 7.6457e+20 9.8433e-02 3.9010e-02 4.2779e+04 4.4904e+04
2.8200e+03 7.2929e-12 5.8897e-01 1.6911e+03 2.6569e+03 3.2406e+03 2.3542e+20 6.6971e+21 7.7099e+20 9.8143e-02 3.8897e-02 4.2890e+04 4.5019e+04
2.8300e+03 7.2716e-12 5.8899e-01 1.6906e+03 2.6559e+03 3.2394e+03 2.3717e+20 6.7573e+21 7.7746e+20 9.7854e-02 3.8785e-02 4.3001e+04 4.5134e+04
2.8400e+03 7.2504e-12 5.8900e-01 1.6901e+03 2.6549e+03 3.2382e+03 2.3892e+20 6.8179e+21 7.8396e+20 9.7566e-02 3.8673e-02 4.3112e+04 4.5249e+04
2.8500e+03 7.2293e-12 5.8901e-01 1.6896e+03 2.6539e+03 3.2370e+03 2.4069e+20 6.8789e+21 7.9050e+20 9.7281e-02 3.8562e-02 4.3223e+04 4.5364e+04
2.8600e+03 7.2083e-12 5.8902e-01 1.6891e+03 2.6529e+03 3.2359e+03 2.4246e+20 6.9403e+21 7.9709e+20 9.6996e-02 3.8452e-02 4.3334e+04 4.5479e+04
2.8700e+03 7.1874e-12 5.8903e-01 1.6886e+03 2.6520e+03 3.2347e+03 2.4425e+20 7.0021e+21 8.0371e+20 9.6713e-02 3.8342e-02 4.3446e+04 4.5594e+04
2.8800e+03 7.1666e-12 5.8904e-01 1.6881e+03 2.6510e+03 3.2335e+03 2.4604e+20 7.0643e+21 8.1038e+20 9.6432e-02 3.8232e-02 4.3557e+04 4.5709e+04
2.8900e+03 7.1460e-12 5.8906e-01 1.6876e+03 2.6500e+03 3.2324e+03 2.4784e+20 7.1269e+21 8.1708e+20 9.6152e-02 3.8123e-02 4.3668e+04 4.5825e+04
2.9000e+03 7.1254e-12 5.8907e-01 1.6871e+03 2.6491e+03 3.2312e+03 2.4965e+20 7.1899e+21 8.2383e+20 9.5873e-02 3.8015e-02 4.3779e+04 4.5940e+04
2.9100e+03 7.1050e-12 5.8909e-01 1.6866e+03 2.6481e+03 3.2300e+03 2.5147e+20 7.2534e+21 8.3062e+20 9.5596e-02 3.7907e-02 4.3891e+04 4.6055e+04
2.9200e+03 7.0847e-12 5.8910e-01 1.6861e+03 2.6471e+03 3.2289e+03 2.5331e+20 7.3173e+21 8.3744e+20 9.5320e-02 3.7800e-02 4.4002e+04 4.6171e+04
2.9300e+03 7.0645e-12 5.8912e-01 1.6856e+03 2.6462e+03 3.2277e+03 2.5515e+20 7.3816e+21 8.4432e+20 9.5045e-02 3.7693e-02 4.4114e+04 4.6286e+04
2.9400e+03 7.0444e-12 5.8914e-01 1.6851e+03 2.6452e+03 3.2266e+03 2.5700e+20 7.4463e+21 8.5123e+20 9.4772e-02 3.7587e-02 4.4225e+04 4.6401e+04
2.9500e+03 7.0244e-12 5.8915e-01 1.6846e+03 2.6443e+03 3.2255e+03 2.5885e+20 7.5114e+21 8.5818e+20 9.4500e-02 3.7482e-02 4.4337e+04 4.6517e+04
2.9600e+03 7.0045e-12 5.8917e-01 1.6841e+03 2.6433e+03 3.2243e+03 2.6072e+20 7.5770e+21 8.6518e+20 9.4230e-02 3.7376e-02 4.4448e+04 4.6632e+04
2.9700e+03 6.9847e-12 5.8919e-01 1.6836e+03 2.6424e+03 3.2232e+03 2.6260e+20 7.6430e+21 8.7222e+20 9.3961e-02 3.7272e-02 4.4560e+04 4.6748e+04
2.9800e+03 6.9651e-12 5.8921e-01 1.6832e+03 2.6414e+03 3.2220e+03 2.6449e+20 7.7094e+21 8.7930e+20 9.3693e-02 3.7168e-02 4.4672e+04 4.6863e+04
2.9900e+03 6.9455e-12 5.8923e-01 1.6827e+03 2.6405e+03 3.2209e+03 2.6639e+20 7.7763e+21 8.8642e+20 9.3427e-02 3.7064e-02 4.4784e+04 4.6979e+04
3.0000e+03 6.9260e-12 5.8925e-01 1.6822e+03 2.6396e+03 3.2198e+03 2.6829e+20 7.8435e+21 8.9359e+20 9.3162e-02 3.6962e-02 4.4895e+04 4.7094e+04
3.0100e+03 6.9067e-12 5.8927e-01 1.6817e+03 2.6386e+03 3.2187e+03 2.7021e+20 7.9113e+21 9.0080e+20 9.2899e-02 3.6859e-02 4.5007e+04 4.7210e+04
3.0200e+03 6.8874e-12 5.8929e-01 1.6812e+03 2.6377e+03 3.2175e+03 2.7214e+20 7.9794e+21 9.0805e+20 9.2636e-02 3.6757e-02 4.5119e+04 4.7325e+04
3.0300e+03 6.8682e-12 5.8931e-01 1.6807e+03 2.6368e+03 3.2164e+03 2.7407e+20 8.0480e+21 9.1534e+20 9.2375e-02 3.6656e-02 4.5231e+04 4.7441e+04
3.0400e+03 6.8492e-12 5.8933e-01 1.6803e+03 2.6358e+03 3.2153e+03 2.7602e+20 8.1170e+21 9.2268e+20 9.2116e-02 3.6555e-02 4.5343e+04 4.7557e+04
3.0500e+03 6.8302e-12 5.8935e-01 1.6798e+03 2.6349e+03 3.2142e+03 2.7798e+20 8.1865e+21 9.3006e+20 9.1857e-02 3.6454e-02 4.5455e+04 4.7672e+04
3.0600e+03 6.8114e-12 5.8938e-01 1.6793e+03 2.6340e+03 3.2131e+03 2.7994e+20 8.2564e+21 9.3749e+20 9.1600e-02 3.6354e-02 4.5567e+04 4.7788e+04
3.0700e+03 6.7926e-12 5.8940e-01 1.6788e+03 2.6331e+03 3.2120e+03 2.8192e+20 8.3268e+21 9.4496e+20 9.1344e-02 3.6255e-02 4.5679e+04 4.7904e+04
3.0800e+03 6.7740e-12 5.8943e-01 1.6784e+03 2.6321e+03 3.2109e+03 2.8390e+20 8.3976e+21 9.5247e+20 9.1089e-02 3.6156e-02 4.5791e+04 4.8020e+04
3.0900e+03 6.7554e-12 5.8945e-01 1.6779e+03 2.6312e+03 3.2098e+03 2.8590e+20 8.4688e+21 9.6003e+20 9.0836e-02 3.6057e-02 4.5904e+04 4.8136e+04
3.1000e+03 6.7370e-12 5.8948e-01 1.6774e+03 2.6303e+03 3.2087e+03 2.8790e+20 8.5405e+21 9.6763e+20 9.0584e-02 3.5959e-02 4.6016e+04 4.8251e+04
3.1100e+03 6.7186e-12 5.8950e-01 1.6770e+03 2.6294e+03 3.2076e+03 2.8992e+20 8.6127e+21 9.7528e+20 9.0333e-02 3.5862e-02 4.6128e+04 4.8367e+04
3.1200e+03 6.7003e-12 5.8953e-01 1.6765e+03 2.6285e+03 3.2065e+03 2.9194e+20 8.6853e+21 9.8297e+20 9.0083e-02 3.5765e-02 4.6240e+04 4.8483e+04
3.1300e+03 6.6822e-12 5.8956e-01 1.6760e+03 2.6276e+03 3.2054e+03 2.9398e+20 8.7584e+21 9.9070e+20 8.9835e-02 3.5668e-02 4.6353e+04 4.8599e+04
3.1400e+03 6.6641e-12 5.8958e-01 1.6756e+03 2.6267e+03 3.2043e+03 2.9602e+20 8.8319e+21 9.9848e+20 8.9588e-02 3.5572e-02 4.6465e+04 4.8715e+04
3.1500e+03 6.6461e-12 5.8961e-01 1.6751e+03 2.6258e+03 3.2032e+03 2.9808e+20 8.9059e+21 1.0063e+21 8.9342e-02 3.5477e-02 4.6578e+04 4.8831e+04
3.1600e+03 6.6282e-12 5.8964e-01 1.6746e+03 2.6249e+03 3.2022e+03 3.0014e+20 8.9803e+21 1.0142e+21 8.9097e-02 3.5381e-02 4.6690e+04 4.8947e+04
3.1700e+03 6.6104e-12 5.8967e-01 1.6742e+03 2.6240e+03 3.2011e+03 3.0222e+20 9.0552e+21 1.0221e+21 8.8854e-02 3.5287e-02 4.6803e+04 4.9063e+04
3.1800e+03 6.5927e-12 5.8970e-01 1.6737e+03 2.6231e+03 3.2000e+03 3.0430e+20 9.1305e+21 1.0301e+21 8.8611e-02 3.5192e-02 4.6915e+04 4.9179e+04
3.1900e+03 6.5751e-12 5.8973e-01 1.6733e+03 2.6222e+03 3.1989e+03 3.0640e+20 9.2064e+21 1.0381e+21 8.8370e-02 3.5099e-02 4.7028e+04 4.9295e+04
3.2000e+03 6.5576e-12 5.8976e-01 1.6728e+03 2.6213e+03 3.1979e+03 3.0850e+20 9.2827e+21 1.0461e+21 8.8130e-02 3.5005e-02 4.7140e+04 4.9411e+04
3.2100e+03 6.5402e-12 5.8979e-01 1.6724e+03 2.6204e+03 3.1968e+03 3.1062e+20 9.3594e+21 1.0542e+21 8.7891e-02 3.4912e-02 4.7253e+04 4.9528e+04
3.2200e+03 6.5228e-12 5.8982e-01 1.6719e+03 2.6196e+03 3.1957e+03 3.1274e+20 9.4367e+21 1.0624e+21 8.7653e-02 3.4820e-02 4.7366e+04 4.9644e+04
3.2300e+03 6.5056e-12 5.8985e-01 1.6715e+03 2.6187e+03 3.1947e+03 3.1488e+20 9.5144e+21 1.0706e+21 8.7417e-02 3.4728e-02 4.7478e+04 4.9760e+04
3.2400e+03 6.4884e-12 5.8989e-01 1.6710e+03 2.6178e+03 3.1936e+03 3.1702e+20 9.5925e+21 1.0788e+21 8.7181e-02 3.4636e-02 4.7591e+04 4.9876e+04
3.2500e+03 6.4713e-12 5.8992e-01 1.6706e+03 2.6169e+03 3.1926e+03 3.1918e+20 9.6712e+21 1.0871e+21 8.6947e-02 3.4545e-02 4.7704e+04 4.9992e+04
3.2600e+03 6.4544e-12 5.8995e-01 1.6701e+03 2.6160e+03 3.1915e+03 3.2134e+20 9.7503e+21 1.0954e+21 8.6714e-02 3.4454e-02 4.7817e+04 5.0109e+04
3.2700e+03 6.4375e-12 5.8999e-01 1.6697e+03 2.6152e+03 3.1905e+03 3.2352e+20 9.8299e+21 1.1038e+21 8.6482e-02 3.4364e-02 4.7930e+04 5.0225e+04
3.2800e+03 6.4206e-12 5.9002e-01 1.6692e+03 2.6143e+03 3.1894e+03 3.2571e+20 9.9100e+21 1.1122e+21 8.6251e-02 3.4274e-02 4.8043e+04 5.0341e+04
3.2900e+03 6.4039e-12 5.9006e-01 1.6688e+03 2.6134e+03 3.1884e+03 3.2791e+20 9.9906e+21 1.1207e+21 8.6021e-02 3.4184e-02 4.8155e+04 5.0458e+04
3.3000e+03 6.3873e-12 5.9009e-01 1.6683e+03 2.6126e+03 3.1874e+03 3.3011e+20 1.0072e+22 1.1292e+21 8.5792e-02 3.4095e-02 4.8268e+04 5.0574e+04
3.3100e+03 6.3707e-12 5.9013e-01 1.6679e+03 2.6117e+03 3.1863e+03 3.3233e+20 1.0153e+22 1.1378e+21 8.5564e-02 3.4007e-02 4.8381e+04 5.0690e+04
3.3200e+03 6.3542e-12 5.9017e-01 1.6675e+03 2.6108e+03 3.1853e+03 3.3456e+20 1.0235e+22 1.1464e+21 8.5338e-02 3.3919e-02 4.8494e+04 5.0807e+04
3.3300e+03 6.3379e-12 5.9020e-01 1.6670e+03 2.6100e+03 3.1842e+03 3.3680e+20 1.0318e+22 1.1551e+21 8.5112e-02 3.3831e-02 4.8608e+04 5.0923e+04
3.3400e+03 6.3216e-12 5.9024e-01 1.6666e+03 2.6091e+03 3.1832e+03 3.3905e+20 1.0401e+22 1.1638e+21 8.4888e-02 3.3743e-02 4.8721e+04 5.1040e+04
3.3500e+03 6.3053e-12 5.9028e-01 1.6662e+03 2.6083e+03 3.1822e+03 3.4131e+20 1.0484e+22 1.1726e+21 8.4665e-02 3.3656e-02 4.8834e+04 5.1156e+04
3.3600e+03 6.2892e-12 5.9032e-01 1.6657e+03 2.6074e+03 3.1812e+03 3.4358e+20 1.0568e+22 1.1814e+21 8.4442e-02 3.3570e-02 4.8947e+04 5.1273e+04
3.3700e+03 6.2731e-12 5.9036e-01 1.6653e+03 2.6066e+03 3.1801e+03 3.4586e+20 1.0653e+22 1.1903e+21 8.4221e-02 3.3483e-02 4.9060e+04 5.1389e+04
3.3800e+03 6.2571e-12 5.9040e-01 1.6649e+03 2.6057e+03 3.1791e+03 3.4815e+20 1.0738e+22 1.1992e+21 8.4001e-02 3.3398e-02 4.9173e+04 5.1506e+04
3.3900e+03 6.2412e-12 5.9044e-01 1.6644e+03 2.6049e+03 3.1781e+03 3.5045e+20 1.0823e+22 1.2082e+21 8.3782e-02 3.3312e-02 4.9287e+04 5.1622e+04
3.4000e+03 6.2254e-12 5.9048e-01 1.6640e+03 2.6041e+03 3.1771e+03 3.5276e+20 1.0909e+22 1.2172e+21 8.3563e-02 3.3227e-02 4.9400e+04 5.1739e+04
3.4100e+03 6.2097e-12 5.9052e-01 1.6636e+03 2.6032e+03 3.1761e+03 3.5508e+20 1.0996e+22 1.2262e+21 8.3346e-02 3.3142e-02 4.9513e+04 5.1856e+04
3.4200e+03 6.1940e-12 5.9056e-01 1.6632e+03 2.6024e+03 3.1751e+03 3.5742e+20 1.1083e+22 1.2353e+21 8.3130e-02 3.3058e-02 4.9626e+04 5.1972e+04
3.4300e+03 6.1784e-12 5.9061e-01 1.6627e+03 2.6015e+03 3.1741e+03 3.5976e+20 1.1170e+22 1.2445e+21 8.2915e-02 3.2974e-02 4.9740e+04 5.2089e+04
3.4400e+03 6.1629e-12 5.9065e-01 1.6623e+03 2.6007e+03 3.1731e+03 3.6212e+20 1.1258e+22 1.2537e+21 8.2701e-02 3.2891e-02 4.9853e+04 5.2206e+04
3.4500e+03 6.1475e-12 5.9069e-01 1.6619e+03 2.5999e+03 3.1721e+03 3.6448e+20 1.1347e+22 1.2630e+21 8.2488e-02 3.2808e-02 4.9967e+04 5.2322e+04
3.4600e+03 6.1322e-12 5.9074e-01 1.6615e+03 2.5991e+03 3.1711e+03 3.6686e+20 1.1436e+22 1.2723e+21 8.2276e-02 3.2725e-02 5.0080e+04 5.2439e+04
3.4700e+03 6.1169e-12 5.9078e-01 1.6610e+03 2.5982e+03 3.1701e+03 3.6924e+20 1.1526e+22 1.2817e+21 8.2065e-02 3.2643e-02 5.0194e+04 5.2556e+04
3.4800e+03 6.1017e-12 5.9082e-01 1.6606e+03 2.5974e+03 3.1691e+03 3.7164e+20 1.1616e+22 1.2911e+21 8.1855e-02 3.2560e-02 5.0307e+04 5.2673e+04
3.4900e+03 6.0866e-12 5.9087e-01 1.6602e+03 2.5966e+03 3.1681e+03 3.7405e+20 1.1706e+22 1.3005e+21 8.1646e-02 3.2479e-02 5.0421e+04 5.2789e+04
3.5000e+03 6.0715e-12 5.9091e-01 1.6598e+03 2.5958e+03 3.1671e+03 3.7647e+20 1.1797e+22 1.3101e+21 8.1437e-02 3.2398e-02 5.0534e+04 5.2906e+04
3.5100e+03 6.0565e-12 5.9096e-01 1.6594e+03 2.5949e+03 3.1661e+03 3.7890e+20 1.1889e+22 1.3196e+21 8.1230e-02 3.2317e-02 5.0648e+04 5.3023e+04
3.5200e+03 6.0416e-12 5.9101e-01 1.6590e+03 2.5941e+03 3.1651e+03 3.8134e+20 1.1981e+22 1.3293e+21 8.1024e-02 3.2236e-02 5.0761e+04 5.3140e+04
3.5300e+03 6.0268e-12 5.9105e-01 1.6586e+03 2.5933e+03 3.1642e+03 3.8379e+20 1.2074e+22 1.3389e+21 8.0819e-02 3.2156e-02 5.0875e+04 5.3257e+04
3.5400e+03 6.0120e-12 5.9110e-01 1.6581e+03 2.5925e+03 3.1632e+03 3.8625e+20 1.2167e+22 1.3487e+21 8.0614e-02 3.2076e-02 5.0989e+04 5.3374e+04
3.5500e+03 5.9974e-12 5.9115e-01 1.6577e+03 2.5917e+03 3.1622e+03 3.8873e+20 1.2261e+22 1.3584e+21 8.0411e-02 3.1997e-02 5.1102e+04 5.3491e+04
3.5600e+03 5.9827e-12 5.9120e-01 1.6573e+03 2.5909e+03 3.1612e+03 3.9121e+20 1.2355e+22 1.3683e+21 8.0208e-02 3.1917e-02 5.1216e+04 5.3608e+04
3.5700e+03 5.9682e-12 5.9125e-01 1.6569e+03 2.5901e+03 3.1603e+03 3.9370e+20 1.2450e+22 1.3781e+21 8.0007e-02 3.1839e-02 5.1330e+04 5.3725e+04
3.5800e+03 5.9537e-12 5.9130e-01 1.6565e+03 2.5893e+03 3.1593e+03 3.9621e+20 1.2545e+22 1.3881e+21 7.9806e-02 3.1760e-02 5.1444e+04 5.3842e+04
3.5900e+03 5.9393e-12 5.9135e-01 1.6561e+03 2.5885e+03 3.1583e+03 3.9873e+20 1.2641e+22 1.3981e+21 7.9607e-02 3.1682e-02 5.1557e+04 5.3959e+04
3.6000e+03 5.9250e-12 5.9140e-01 1.6557e+03 2.5877e+03 3.1574e+03 4.0125e+20 1.2738e+22 1.4081e+21 7.9408e-02 3.1604e-02 5.1671e+04 5.4076e+04
3.6100e+03 5.9107e-12 5.9145e-01 1.6553e+03 2.5869e+03 3.1564e+03 4.0379e+20 1.2835e+22 1.4182e+21 7.9210e-02 3.1527e-02 5.1785e+04 5.4193e+04
3.6200e+03 5.8965e-12 5.9150e-01 1.6549e+03 2.5861e+03 3.1554e+03 4.0634e+20 1.2932e+22 1.4284e+21 7.9013e-02 3.1450e-02 5.1899e+04 5.4310e+04
3.6300e+03 5.8824e-12 5.9155e-01 1.6545e+03 2.5853e+03 3.1545e+03 4.0890e+20 1.3030e+22 1.4386e+21 7.8817e-02 3.1373e-02 5.2013e+04 5.4427e+04
3.6400e+03 5.8684e-12 5.9160e-01 1.6541e+03 2.5845e+03 3.1535e+03 4.1148e+20 1.3129e+22 1.4488e+21 7.8622e-02 3.1297e-02 5.2127e+04 5.4544e+04
3.6500e+03 5.8544e-12 5.9165e-01 1.6537e+03 2.5837e+03 3.1526e+03 4.1406e+20 1.3228e+22 1.4591e+21 7.8427e-02 3.1220e-02 5.2241e+04 5.4661e+04
3.6600e+03 5.8405e-12 5.9171e-01 1.6533e+03 2.5829e+03 3.1516e+03 4.1665e+20 1.3327e+22 1.4695e+21 7.8234e-02 3.1145e-02 5.2355e+04 5.4778e+04
3.6700e+03 5.8266e-12 5.9176e-01 1.6529e+03 2.5822e+03 3.1507e+03 4.1926e+20 1.3428e+22 1.4799e+21 7.8041e-02 3.1069e-02 5.2469e+04 5.4896e+04
3.6800e+03 5.8128e-12 5.9181e-01 1.6525e+03 2.5814e+03 3.1497e+03 4.2188e+20 1.3528e+22 1.4904e+21 7.7849e-02 3.0994e-02 5.2583e+04 5.5013e+04
3.6900e+03 5.7991e-12 5.9187e-01 1.6521e+03 2.5806e+03 3.1488e+03 4.2450e+20 1.3630e+22 1.5009e+21 7.7659e-02 3.0919e-02 5.2697e+04 5.5130e+04
3.7000e+03 5.7855e-12 5.9192e-01 1.6517e+03 2.5798e+03 3.1479e+03 4.2714e+20 1.3732e+22 1.5115e+21 7.7469e-02 3.0845e-02 5.2811e+04 5.5247e+04
3.7100e+03 5.7719e-12 5.9198e-01 1.6513e+03 2.5790e+03 3.1469e+03 4.2979e+20 1.3834e+22 1.5221e+21 7.7279e-02 3.0771e-02 5.2925e+04 5.5365e+04
3.7200e+03 5.7583e-12 5.9203e-01 1.6509e+03 2.5783e+03 3.1460e+03 4.3245e+20 1.3937e+22 1.5328e+21 7.7091e-02 3.0697e-02 5.3039e+04 5.5482e+04
3.7300e+03 5.7449e-12 5.9209e-01 1.6505e+03 2.5775e+03 3.1450e+03 4.3513e+20 1.4041e+22 1.5436e+21 7.6904e-02 3.0623e-02 5.3153e+04 5.5599e+04
3.7400e+03 5.7315e-12 5.9214e-01 1.6502e+03 2.5767e+03 3.1441e+03 4.3781e+20 1.4145e+22 1.5544e+21 7.6717e-02 3.0550e-02 5.3267e+04 5.5717e+04
3.7500e+03 5.7182e-12 5.9220e-01 1.6498e+03 2.5760e+03 3.1432e+03 4.4050e+20 1.4250e+22 1.5653e+21 7.6531e-02 3.0477e-02 5.3381e+04 5.5834e+04
3.7600e+03 5.7049e-12 5.9226e-01 1.6494e+03 2.5752e+03 3.1423e+03 4.4321e+20 1.4355e+22 1.5762e+21 7.6346e-02 3.0405e-02 5.3495e+04 5.5951e+04
3.7700e+03 5.6917e-12 5.9232e-01 1.6490e+03 2.5744e+03 3.1413e+03 4.4593e+20 1.4461e+22 1.5872e+21 7.6162e-02 3.0333e-02 5.3609e+04 5.6069e+04
3.7800e+03 5.6785e-12 5.9237e-01 1.6486e+03 2.5737e+03 3.1404e+03 4.4866e+20 1.4567e+22 1.5982e+21 7.5979e-02 3.0261e-02 5.3724e+04 5.6186e+04
3.7900e+03 5.6655e-12 5.9243e-01 1.6482e+03 2.5729e+03 3.1395e+03 4.5140e+20 1.4674e+22 1.6093e+21 7.5796e-02 3.0189e-02 5.3838e+04 5.6303e+04
3.8000e+03 5.6524e-12 5.9249e-01 1.6479e+03 2.5722e+03 3.1386e+03 4.5415e+20 1.4782e+22 1.6204e+21 7.5615e-02 3.0118e-02 5.3952e+04 5.6421e+04
3.8100e+03 5.6395e-12 5.9255e-01 1.6475e+03 2.5714e+03 3.1377e+03 4.5691e+20 1.4890e+22 1.6316e+21 7.5434e-02 3.0047e-02 5.4066e+04 5.6538e+04
3.8200e+03 5.6266e-12 5.9261e-01 1.6471e+03 2.5706e+03 3.1367e+03 4.5969e+20 1.4999e+22 1.6429e+21 7.5254e-02 2.9976e-02 5.4181e+04 5.6656e+04
3.8300e+03 5.6137e-12 5.9267e-01 1.6467e+03 2.5699e+03 3.1358e+03 4.6248e+20 1.5108e+22 1.6542e+21 7.5074e-02 2.9905e-02 5.4295e+04 5.6773e+04
3.8400e+03 5.6010e-12 5.9273e-01 1.6463e+03 2.5691e+03 3.1349e+03 4.6527e+20 1.5218e+22 1.6656e+21 7.4896e-02 2.9835e-02 5.4409e+04 5.6891e+04
3.8500e+03 5.5882e-12 5.9279e-01 1.6460e+03 2.5684e+03 3.1340e+03 4.6808e+20 1.5328e+22 1.6770e+21 7.4718e-02 2.9765e-02 5.4523e+04 5.7008e+04
3.8600e+03 5.5756e-12 5.9285e-01 1.6456e+03 2.5676e+03 3.1331e+03 4.7090e+20 1.5439e+22 1.6885e+21 7.4541e-02 2.9696e-02 5.4638e+04 5.7126e+04
3.8700e+03 5.5630e-12 5.9291e-01 1.6452e+03 2.5669e+03 3.1322e+03 4.7374e+20 1.5551e+22 1.7001e+21 7.4365e-02 2.9626e-02 5.4752e+04 5.7243e+04
3.8800e+03 5.5504e-12 5.9298e-01 1.6448e+03 2.5662e+03 3.1313e+03 4.7658e+20 1.5663e+22 1.7117e+21 7.4190e-02 2.9557e-02 5.4866e+04 5.7361e+04
3.8900e+03 5.5380e-12 5.9304e-01 1.6445e+03 2.5654e+03 3.1304e+03 4.7944e+20 1.5776e+22 1.7233e+21 7.4015e-02 2.9489e-02 5.4981e+04 5.7479e+04
3.9000e+03 5.5255e-12 5.9310e-01 1.6441e+03 2.5647e+03 3.1295e+03 4.8230e+20 1.5889e+22 1.7351e+21 7.3841e-02 2.9420e-02 5.5095e+04 5.7596e+04
3.9100e+03 5.5132e-12 5.9316e-01 1.6437e+03 2.5639e+03 3.1286e+03 4.8518e+20 1.6003e+22 1.7468e+21 7.3668e-02 2.9352e-02 5.5210e+04 5.7714e+04
3.9200e+03 5.5008e-12 5.9323e-01 1.6434e+03 2.5632e+03 3.1277e+03 4.8807e+20 1.6118e+22 1.7587e+21 7.3496e-02 2.9284e-02 5.5324e+04 5.7831e+04
3.9300e+03 5.4886e-12 5.9329e-01 1.6430e+03 2.5625e+03 3.1268e+03 4.9097e+20 1.6233e+22 1.7706e+21 7.3324e-02 2.9217e-02 5.5439e+04 5.7949e+04
3.9400e+03 5.4764e-12 5.9335e-01 1.6426e+03 2.5617e+03 3.1259e+03 4.9389e+20 1.6349e+22 1.7826e+21 7.3153e-02 2.9149e-02 5.5553e+04 5.8067e+04
3.9500e+03 5.4643e-12 5.9342e-01 1.6423e+03 2.5610e+03 3.1251e+03 4.9681e+20 1.6465e+22 1.7946e+21 7.2983e-02 2.9082e-02 5.5668e+04 5.8184e+04
3.9600e+03 5.4522e-12 5.9348e-01 1.6419e+03 2.5603e+03 3.1242e+03 4.9975e+20 1.6582e+22 1.8067e+21 7.2814e-02 2.9015e-02 5.5782e+04 5.8302e+04
3.9700e+03 5.4401e-12 5.9355e-01 1.6415e+03 2.5596e+03 3.1233e+03 5.0270e+20 1.6700e+22 1.8188e+21 7.2645e-02 2.8949e-02 5.5897e+04 5.8420e+04
3.9800e+03 5.4282e-12 5.9362e-01 1.6412e+03 2.5588e+03 3.1224e+03 5.0566e+20 1.6818e+22 1.8310e+21 7.2477e-02 2.8883e-02 5.6011e+04 5.8538e+04
3.9900e+03 5.4162e-12 5.9368e-01 1.6408e+03 2.5581e+03 3.1215e+03 5.0863e+20 1.6937e+22 1.8433e+21 7.2310e-02 2.8817e-02 5.6126e+04 5.8655e+04
4.0000e+03 5.4044e-12 5.9375e-01 1.6404e+03 2.5574e+03 3.1207e+03 5.1162e+20 1.7056e+22 1.8556e+21 7.2143e-02 2.8751e-02 5.6240e+04 5.8773e+04
4.0100e+03 5.3926e-12 5.9381e-01 1.6401e+03 2.5567e+03 3.1198e+03 5.1461e+20 1.7176e+22 1.8680e+21 7.1977e-02 2.8686e-02 5.6355e+04 5.8891e+04
4.0200e+03 5.3808e-12 5.9388e-01 1.6397e+03 2.5560e+03 3.1189e+03 5.1762e+20 1.7297e+22 1.8804e+21 7.1812e-02 2.8620e-02 5.6469e+04 5.9009e+04
4.0300e+03 5.3691e-12 5.9395e-01 1.6394e+03 2.5552e+03 3.1180e+03 5.2064e+20 1.7418e+22 1.8929e+21 7.1648e-02 2.8556e-02 5.6584e+04 5.9127e+04
4.0400e+03 5.3574e-12 5.9402e-01 1.6390e+03 2.5545e+03 3.1172e+03 5.2367e+20 1.7540e+22 1.9055e+21 7.1484e-02 2.8491e-02 5.6698e+04 5.9244e+04
4.0500e+03 5.3458e-12 5.9409e-01 1.6387e+03 2.5538e+03 3.1163e+03 5.2671e+20 1.7663e+22 1.9182e+21 7.1321e-02 2.8427e-02 5.6813e+04 5.9362e+04
4.0600e+03 5.3343e-12 5.9415e-01 1.6383e+03 2.5531e+03 3.1154e+03 5.2977e+20 1.7786e+22 1.9308e+21 7.1159e-02 2.8362e-02 5.6928e+04 5.9480e+04
4.0700e+03 5.3228e-12 5.9422e-01 1.6380e+03 2.5524e+03 3.1146e+03 5.3284e+20 1.7909e+22 1.9436e+21 7.0997e-02 2.8299e-02 5.7042e+04 5.9598e+04
4.0800e+03 5.3113e-12 5.9429e-01 1.6376e+03 2.5517e+03 3.1137e+03 5.3592e+20 1.8034e+22 1.9564e+21 7.0836e-02 2.8235e-02 5.7157e+04 5.9716e+04
4.0900e+03 5.3000e-12 5.9436e-01 1.6372e+03 2.5510e+03 3.1129e+03 5.3901e+20 1.8159e+22 1.9693e+21 7.0676e-02 2.8172e-02 5.7272e+04 5.9834e+04
4.1000e+03 5.2886e-12 5.9443e-01 1.6369e+03 2.5503e+03 3.1120e+03 5.4211e+20 1.8284e+22 1.9822e+21 7.0517e-02 2.8109e-02 5.7386e+04 5.9952e+04
4.1100e+03 5.2773e-12 5.9450e-01 1.6365e+03 2.5496e+03 3.1111e+03 5.4523e+20 1.8411e+22 1.9953e+21 7.0358e-02 2.8046e-02 5.7501e+04 6.0070e+04
4.1200e+03 5.2661e-12 5.9457e-01 1.6362e+03 2.5489e+03 3.1103e+03 5.4835e+20 1.8538e+22 2.0083e+21 7.0200e-02 2.7983e-02 5.7616e+04 6.0188e+04
4.1300e+03 5.2549e-12 5.9464e-01 1.6359e+03 2.5482e+03 3.1094e+03 5.5149e+20 1.8665e+22 2.0215e+21 7.0042e-02 2.7921e-02 5.7730e+04 6.0306e+04
4.1400e+03 5.2437e-12 5.9472e-01 1.6355e+03 2.5475e+03 3.1086e+03 5.5464e+20 1.8793e+22 2.0347e+21 6.9885e-02 2.7859e-02 5.7845e+04 6.0424e+04
4.1500e+03 5.2326e-12 5.9479e-01 1.6352e+03 2.5468e+03 3.1077e+03 5.5781e+20 1.8922e+22 2.0479e+21 6.9729e-02 2.7797e-02 5.7960e+04 6.0542e+04
4.1600e+03 5.2216e-12 5.9486e-01 1.6348e+03 2.5461e+03 3.1069e+03 5.6098e+20 1.9051e+22 2.0612e+21 6.9573e-02 2.7735e-02 5.8075e+04 6.0660e+04
4.1700e+03 5.2106e-12 5.9493e-01 1.6345e+03 2.5454e+03 3.1060e+03 5.6417e+20 1.9182e+22 2.0746e+21 6.9418e-02 2.7674e-02 5.8189e+04 6.0778e+04
4.1800e+03 5.1997e-12 5.9500e-01 1.6341e+03 2.5447e+03 3.1052e+03 5.6737e+20 1.9312e+22 2.0881e+21 6.9264e-02 2.7613e-02 5.8304e+04 6.0896e+04
4.1900e+03 5.1888e-12 5.9508e-01 1.6338e+03 2.5440e+03 3.1044e+03 5.7058e+20 1.9444e+22 2.1016e+21 6.9110e-02 2.7552e-02 5.8419e+04 6.1014e+04
4.2000e+03 5.1779e-12 5.9515e-01 1.6334e+03 2.5433e+03 3.1035e+03 5.7381e+20 1.9576e+22 2.1152e+21 6.8957e-02 2.7491e-02 5.8534e+04 6.1132e+04
4.2100e+03 5.1671e-12 5.9522e-01 1.6331e+03 2.5427e+03 3.1027e+03 5.7704e+20 1.9708e+22 2.1288e+21 6.8805e-02 2.7431e-02 5.8648e+04 6.1250e+04
4.2200e+03 5.1564e-12 5.9530e-01 1.6328e+03 2.5420e+03 3.1019e+03 5.8029e+20 1.9842e+22 2.1425e+21 6.8653e-02 2.7370e-02 5.8763e+04 6.1368e+04
4.2300e+03 5.1457e-12 5.9537e-01 1.6324e+03 2.5413e+03 3.1010e+03 5.8355e+20 1.9976e+22 2.1563e+21 6.8502e-02 2.7311e-02 5.8878e+04 6.1486e+04
4.2400e+03 5.1350e-12 5.9545e-01 1.6321e+03 2.5406e+03 3.1002e+03 5.8683e+20 2.0110e+22 2.1702e+21 6.8352e-02 2.7251e-02 5.8993e+04 6.1604e+04
4.2500e+03 5.1244e-12 5.9552e-01 1.6318e+03 2.5399e+03 3.0994e+03 5.9011e+20 2.0246e+22 2.1841e+21 6.8202e-02 2.7191e-02 5.9108e+04 6.1722e+04
4.2600e+03 5.1138e-12 5.9560e-01 1.6314e+03 2.5393e+03 3.0985e+03 5.9341e+20 2.0381e+22 2.1981e+21 6.8053e-02 2.7132e-02 5.9223e+04 6.1840e+04
4.2700e+03 5.1033e-12 5.9567e-01 1.6311e+03 2.5386e+03 3.0977e+03 5.9672e+20 2.0518e+22 2.2121e+21 6.7904e-02 2.7073e-02 5.9337e+04 6.1959e+04
4.2800e+03 5.0928e-12 5.9575e-01 1.6307e+03 2.5379e+03 3.0969e+03 6.0004e+20 2.0655e+22 2.2262e+21 6.7756e-02 2.7014e-02 5.9452e+04 6.2077e+04
4.2900e+03 5.0824e-12 5.9583e-01 1.6304e+03 2.5372e+03 3.0961e+03 6.0338e+20 2.0793e+22 2.2404e+21 6.7608e-02 2.6956e-02 5.9567e+04 6.2195e+04
4.3000e+03 5.0720e-12 5.9590e-01 1.6301e+03 2.5366e+03 3.0952e+03 6.0672e+20 2.0932e+22 2.2546e+21 6.7462e-02 2.6897e-02 5.9682e+04 6.2313e+04
4.3100e+03 5.0617e-12 5.9598e-01 1.6297e+03 2.5359e+03 3.0944e+03 6.1008e+20 2.1071e+22 2.2689e+21 6.7315e-02 2.6839e-02 5.9797e+04 6.2431e+04
4.3200e+03 5.0514e-12 5.9606e-01 1.6294e+03 2.5352e+03 3.0936e+03 6.1346e+20 2.1211e+22 2.2833e+21 6.7170e-02 2.6781e-02 5.9912e+04 6.2550e+04
4.3300e+03 5.0411e-12 5.9613e-01 1.6291e+03 2.5346e+03 3.0928e+03 6.1684e+20 2.1352e+22 2.2978e+21 6.7025e-02 2.6724e-02 6.0027e+04 6.2668e+04
4.3400e+03 5.0309e-12 5.9621e-01 1.6288e+03 2.5339e+03 3.0920e+03 6.2024e+20 2.1493e+22 2.3123e+21 6.6880e-02 2.6666e-02 6.0141e+04 6.2786e+04
4.3500e+03 5.0207e-12 5.9629e-01 1.6284e+03 2.5332e+03 3.0912e+03 6.2365e+20 2.1635e+22 2.3268e+21 6.6737e-02 2.6609e-02 6.0256e+04 6.2904e+04
4.3600e+03 5.0106e-12 5.9637e-01 1.6281e+03 2.5326e+03 3.0904e+03 6.2707e+20 2.1777e+22 2.3415e+21 6.6593e-02 2.6552e-02 6.0371e+04 6.3023e+04
4.3700e+03 5.0005e-12 5.9645e-01 1.6278e+03 2.5319e+03 3.0896e+03 6.3050e+20 2.1921e+22 2.3562e+21 6.6451e-02 2.6495e-02 6.0486e+04 6.3141e+04
4.3800e+03 4.9905e-12 5.9652e-01 1.6275e+03 2.5313e+03 3.0888e+03 6.3395e+20 2.2065e+22 2.3710e+21 6.6308e-02 2.6439e-02 6.0601e+04 6.3259e+04
4.3900e+03 4.9805e-12 5.9660e-01 1.6271e+03 2.5306e+03 3.0879e+03 6.3741e+20 2.2209e+22 2.3858e+21 6.6167e-02 2.6382e-02 6.0716e+04 6.3377e+04
4.4000e+03 4.9706e-12 5.9668e-01 1.6268e+03 2.5299e+03 3.0871e+03 6.4088e+20 2.2355e+22 2.4008e+21 6.6026e-02 2.6326e-02 6.0831e+04 6.3496e+04
4.4100e+03 4.9607e-12 5.9676e-01 1.6265e+03 2.5293e+03 3.0863e+03 6.4437e+20 2.2501e+22 2.4158e+21 6.5886e-02 2.6270e-02 6.0946e+04 6.3614e+04
4.4200e+03 4.9508e-12 5.9684e-01 1.6262e+03 2.5286e+03 3.0855e+03 6.4786e+20 2.2647e+22 2.4308e+21 6.5746e-02 2.6214e-02 6.1061e+04 6.3732e+04
4.4300e+03 4.9410e-12 5.9692e-01 1.6258e+03 2.5280e+03 3.0847e+03 6.5137e+20 2.2795e+22 2.4459e+21 6.5607e-02 2.6159e-02 6.1176e+04 6.3851e+04
4.4400e+03 4.9312e-12 5.9700e-01 1.6255e+03 2.5273e+03 3.0840e+03 6.5489e+20 2.2943e+22 2.4611e+21 6.5468e-02 2.6104e-02 6.1291e+04 6.3969e+04
4.4500e+03 4.9215e-12 5.9708e-01 1.6252e+03 2.5267e+03 3.0832e+03 6.5843e+20 2.3092e+22 2.4764e+21 6.5330e-02 2.6048e-02 6.1406e+04 6.4088e+04
4.4600e+03 4.9118e-12 5.9717e-01 1.6249e+03 2.5261e+03 3.0824e+03 6.6198e+20 2.3241e+22 2.4918e+21 6.5192e-02 2.5994e-02 6.1521e+04 6.4206e+04
4.4700e+03 4.9021e-12 5.9725e-01 1.6246e+03 2.5254e+03 3.0816e+03 6.6554e+20 2.3391e+22 2.5072e+21 6.5055e-02 2.5939e-02 6.1636e+04 6.4324e+04
4.4800e+03 4.8925e-12 5.9733e-01 1.6243e+03 2.5248e+03 3.0808e+03 6.6911e+20 2.3542e+22 2.5226e+21 6.4918e-02 2.5884e-02 6.1751e+04 6.4443e+04
4.4900e+03 4.8829e-12 5.9741e-01 1.6239e+03 2.5241e+03 3.0800e+03 6.7270e+20 2.3694e+22 2.5382e+21 6.4783e-02 2.5830e-02 6.1866e+04 6.4561e+04
4.5000e+03 4.8734e-12 5.9749e-01 1.6236e+03 2.5235e+03 3.0792e+03 6.7630e+20 2.3846e+22 2.5538e+21 6.4647e-02 2.5776e-02 6.1981e+04 6.4680e+04
4.5100e+03 4.8639e-12 5.9757e-01 1.6233e+03 2.5228e+03 3.0784e+03 6.7991e+20 2.3999e+22 2.5695e+21 6.4512e-02 2.5722e-02 6.2096e+04 6.4798e+04
4.5200e+03 4.8544e-12 5.9766e-01 1.6230e+03 2.5222e+03 3.0776e+03 6.8353e+20 2.4153e+22 2.5853e+21 6.4378e-02 2.5668e-02 6.2211e+04 6.4917e+04
4.5300e+03 4.8450e-12 5.9774e-01 1.6227e+03 2.5216e+03 3.0769e+03 6.8717e+20 2.4307e+22 2.6011e+21 6.4244e-02 2.5615e-02 6.2326e+04 6.5035e+04
4.5400e+03 4.8356e-12 5.9782e-01 1.6224e+03 2.5209e+03 3.0761e+03 6.9082e+20 2.4462e+22 2.6170e+21 6.4111e-02 2.5562e-02 6.2441e+04 6.5153e+04
4.5500e+03 0.0000e+00 0.0000e+00 1.6221e+03 0.0000e+00 3.0753e+03 0.0000e+00 0.0000e+00 0.0000e+00 0.0000e+00 0.0000e+00 0.0000e+00 0.0000e+00
