0.0000e+00 2.3990e-11 5.2821e+01 1.5000e+03 2.3169e+03 3.0000e+03 3.9658e+21 9.1756e+22 4.8196e+21 3.5998e-03 2.4510e-02 1.0101e+06 8.3609e+04
1.0000e+01 2.3855e-11 5.0081e+01 1.5067e+03 1.8885e+03 2.9993e+03 1.5409e+25 1.0394e+24 4.8492e+21 3.7753e-03 3.6685e-02 9.6844e+05 9.0836e+04
2.0000e+01 2.3720e-11 4.7429e+01 1.5136e+03 1.9117e+03 2.9981e+03 9.2424e+24 9.0814e+23 4.8940e+21 3.9639e-03 3.5963e-02 9.2760e+05 9.0625e+04
3.0000e+01 2.3586e-11 4.4953e+01 1.5205e+03 1.9352e+03 2.9970e+03 5.6135e+24 7.9360e+23 4.9383e+21 4.1586e-03 3.5255e-02 8.8912e+05 9.0357e+04
4.0000e+01 2.3454e-11 4.2640e+01 1.5273e+03 1.9582e+03 2.9960e+03 3.4988e+24 6.9604e+23 4.9822e+21 4.3596e-03 3.4575e-02 8.5281e+05 9.0041e+04
5.0000e+01 2.3322e-11 4.0476e+01 1.5341e+03 1.9809e+03 2.9949e+03 2.2338e+24 6.1264e+23 5.0257e+21 4.5669e-03 3.3920e-02 8.1855e+05 8.9685e+04
6.0000e+01 2.3191e-11 3.8451e+01 1.5408e+03 2.0031e+03 2.9939e+03 1.4585e+24 5.4108e+23 5.0687e+21 4.7805e-03 3.3286e-02 7.8618e+05 8.9297e+04
7.0000e+01 2.3062e-11 3.6554e+01 1.5474e+03 2.0249e+03 2.9929e+03 9.7231e+23 4.7946e+23 5.1113e+21 5.0005e-03 3.2670e-02 7.5557e+05 8.8883e+04
8.0000e+01 2.2933e-11 3.4775e+01 1.5540e+03 2.0464e+03 2.9919e+03 6.6093e+23 4.2623e+23 5.1535e+21 5.2270e-03 3.2069e-02 7.2662e+05 8.8449e+04
9.0000e+01 2.2805e-11 3.3105e+01 1.5605e+03 2.0674e+03 2.9909e+03 4.5750e+23 3.8009e+23 5.1952e+21 5.4600e-03 3.1482e-02 6.9920e+05 8.8001e+04
1.0000e+02 2.2678e-11 3.1538e+01 1.5670e+03 2.0881e+03 2.9899e+03 3.2211e+23 3.3995e+23 5.2366e+21 5.6995e-03 3.0905e-02 6.7323e+05 8.7543e+04
1.1000e+02 2.2553e-11 3.0064e+01 1.5734e+03 2.1084e+03 2.9890e+03 2.3042e+23 3.0494e+23 5.2775e+21 5.9456e-03 3.0339e-02 6.4860e+05 8.7079e+04
1.2000e+02 2.2428e-11 2.8679e+01 1.5798e+03 2.1283e+03 2.9881e+03 1.6730e+23 2.7430e+23 5.3181e+21 6.1984e-03 2.9780e-02 6.2524e+05 8.6613e+04
1.3000e+02 2.2304e-11 2.7375e+01 1.5861e+03 2.1479e+03 2.9872e+03 1.2318e+23 2.4741e+23 5.3582e+21 6.4578e-03 2.9228e-02 6.0306e+05 8.6146e+04
1.4000e+02 2.2181e-11 2.6146e+01 1.5924e+03 2.1671e+03 2.9863e+03 9.1898e+22 2.2373e+23 5.3979e+21 6.7239e-03 2.8683e-02 5.8199e+05 8.5683e+04
1.5000e+02 2.2059e-11 2.4989e+01 1.5986e+03 2.1859e+03 2.9854e+03 6.9410e+22 2.0284e+23 5.4372e+21 6.9966e-03 2.8142e-02 5.6197e+05 8.5225e+04
1.6000e+02 2.1937e-11 2.3897e+01 1.6048e+03 2.2045e+03 2.9846e+03 5.3037e+22 1.8434e+23 5.4760e+21 7.2760e-03 2.7606e-02 5.4293e+05 8.4774e+04
1.7000e+02 2.1817e-11 2.2867e+01 1.6109e+03 2.2226e+03 2.9837e+03 4.0972e+22 1.6792e+23 5.5144e+21 7.5622e-03 2.7074e-02 5.2481e+05 8.4332e+04
1.8000e+02 2.1698e-11 2.1894e+01 1.6170e+03 2.2405e+03 2.9829e+03 3.1979e+22 1.5332e+23 5.5523e+21 7.8550e-03 2.6546e-02 5.0757e+05 8.3901e+04
1.9000e+02 2.1579e-11 2.0975e+01 1.6230e+03 2.2580e+03 2.9821e+03 2.5205e+22 1.4029e+23 5.5898e+21 8.1545e-03 2.6020e-02 4.9113e+05 8.3481e+04
2.0000e+02 2.1462e-11 2.0105e+01 1.6289e+03 2.2753e+03 2.9813e+03 2.0049e+22 1.2864e+23 5.6267e+21 8.4606e-03 2.5497e-02 4.7547e+05 8.3073e+04
2.1000e+02 2.1345e-11 1.9283e+01 1.6348e+03 2.2922e+03 2.9805e+03 1.6087e+22 1.1820e+23 5.6632e+21 8.7734e-03 2.4977e-02 4.6054e+05 8.2680e+04
2.2000e+02 2.1229e-11 1.8505e+01 1.6407e+03 2.3088e+03 2.9798e+03 1.3014e+22 1.0882e+23 5.6992e+21 9.0928e-03 2.4459e-02 4.4629e+05 8.2300e+04
2.3000e+02 2.1114e-11 1.7767e+01 1.6465e+03 2.3251e+03 2.9790e+03 1.0611e+22 1.0038e+23 5.7347e+21 9.4188e-03 2.3943e-02 4.3269e+05 8.1936e+04
2.4000e+02 2.1000e-11 1.7069e+01 1.6522e+03 2.3411e+03 2.9783e+03 8.7156e+21 9.2759e+22 5.7697e+21 9.7513e-03 2.3429e-02 4.1971e+05 8.1588e+04
2.5000e+02 2.0886e-11 1.6406e+01 1.6579e+03 2.3569e+03 2.9776e+03 7.2091e+21 8.5873e+22 5.8041e+21 1.0090e-02 2.2917e-02 4.0730e+05 8.1256e+04
2.6000e+02 2.0774e-11 1.5778e+01 1.6636e+03 2.3724e+03 2.9769e+03 6.0027e+21 7.9636e+22 5.8380e+21 1.0436e-02 2.2406e-02 3.9544e+05 8.0940e+04
2.7000e+02 2.0662e-11 1.5181e+01 1.6692e+03 2.3876e+03 2.9762e+03 5.0299e+21 7.3975e+22 5.8714e+21 1.0788e-02 2.1898e-02 3.8409e+05 8.0642e+04
2.8000e+02 2.0551e-11 1.4614e+01 1.6747e+03 2.4025e+03 2.9755e+03 4.2401e+21 6.8827e+22 5.9042e+21 1.1146e-02 2.1392e-02 3.7324e+05 8.0362e+04
2.9000e+02 2.0441e-11 1.4076e+01 1.6802e+03 2.4172e+03 2.9749e+03 3.5948e+21 6.4137e+22 5.9364e+21 1.1510e-02 2.0888e-02 3.6285e+05 8.0099e+04
3.0000e+02 2.0332e-11 1.3564e+01 1.6856e+03 2.4316e+03 2.9742e+03 3.0644e+21 5.9858e+22 5.9681e+21 1.1881e-02 2.0385e-02 3.5290e+05 7.9854e+04
3.1000e+02 2.0224e-11 1.3077e+01 1.6910e+03 2.4458e+03 2.9736e+03 2.6258e+21 5.5946e+22 5.9991e+21 1.2258e-02 1.9885e-02 3.4338e+05 7.9628e+04
3.2000e+02 2.0116e-11 1.2613e+01 1.6963e+03 2.4598e+03 2.9730e+03 2.2612e+21 5.2363e+22 6.0296e+21 1.2640e-02 1.9388e-02 3.3424e+05 7.9421e+04
3.3000e+02 2.0009e-11 1.2172e+01 1.7016e+03 2.4735e+03 2.9724e+03 1.9563e+21 4.9078e+22 6.0595e+21 1.3029e-02 1.8892e-02 3.2549e+05 7.9233e+04
3.4000e+02 1.9903e-11 1.1752e+01 1.7068e+03 2.4870e+03 2.9719e+03 1.7003e+21 4.6060e+22 6.0888e+21 1.3424e-02 1.8399e-02 3.1709e+05 7.9064e+04
3.5000e+02 1.9798e-11 1.1351e+01 1.7120e+03 2.5002e+03 2.9713e+03 1.4841e+21 4.3283e+22 6.1174e+21 1.3824e-02 1.7909e-02 3.0903e+05 7.8914e+04
3.6000e+02 1.9693e-11 1.0969e+01 1.7171e+03 2.5132e+03 2.9708e+03 1.3008e+21 4.0725e+22 6.1454e+21 1.4230e-02 1.7421e-02 3.0129e+05 7.8785e+04
3.7000e+02 1.9589e-11 1.0604e+01 1.7222e+03 2.5261e+03 2.9702e+03 1.1446e+21 3.8364e+22 6.1728e+21 1.4642e-02 1.6937e-02 2.9387e+05 7.8675e+04
3.8000e+02 1.9486e-11 1.0257e+01 1.7272e+03 2.5387e+03 2.9697e+03 1.0110e+21 3.6183e+22 6.1996e+21 1.5058e-02 1.6455e-02 2.8673e+05 7.8586e+04
3.9000e+02 1.9384e-11 9.9246e+00 1.7322e+03 2.5511e+03 2.9692e+03 8.9619e+20 3.4165e+22 6.2257e+21 1.5481e-02 1.5977e-02 2.7987e+05 7.8518e+04
4.0000e+02 1.9283e-11 9.6073e+00 1.7371e+03 2.5633e+03 2.9687e+03 7.9720e+20 3.2295e+22 6.2512e+21 1.5908e-02 1.5502e-02 2.7328e+05 7.8471e+04
4.1000e+02 1.9182e-11 9.3042e+00 1.7420e+03 2.5752e+03 2.9683e+03 7.1151e+20 3.0561e+22 6.2760e+21 1.6341e-02 1.5030e-02 2.6694e+05 7.8446e+04
4.2000e+02 1.9082e-11 9.0144e+00 1.7468e+03 2.5870e+03 2.9678e+03 6.3707e+20 2.8950e+22 6.3002e+21 1.6778e-02 1.4562e-02 2.6085e+05 7.8442e+04
4.3000e+02 1.8983e-11 8.7372e+00 1.7516e+03 2.5986e+03 2.9674e+03 5.7216e+20 2.7452e+22 6.3237e+21 1.7220e-02 1.4098e-02 2.5498e+05 7.8462e+04
4.4000e+02 1.8884e-11 8.4720e+00 1.7563e+03 2.6100e+03 2.9669e+03 5.1539e+20 2.6057e+22 6.3465e+21 1.7667e-02 1.3638e-02 2.4933e+05 7.8504e+04
4.5000e+02 1.8786e-11 8.2182e+00 1.7610e+03 2.6213e+03 2.9665e+03 4.6557e+20 2.4757e+22 6.3687e+21 1.8118e-02 1.3183e-02 2.4389e+05 7.8570e+04
4.6000e+02 1.8689e-11 7.9751e+00 1.7656e+03 2.6323e+03 2.9661e+03 4.2172e+20 2.3544e+22 6.3903e+21 1.8574e-02 1.2731e-02 2.3865e+05 7.8660e+04
4.7000e+02 1.8593e-11 7.7422e+00 1.7702e+03 2.6431e+03 2.9657e+03 3.8300e+20 2.2411e+22 6.4111e+21 1.9034e-02 1.2285e-02 2.3361e+05 7.8775e+04
4.8000e+02 1.8497e-11 7.5190e+00 1.7747e+03 2.6538e+03 2.9653e+03 3.4872e+20 2.1351e+22 6.4313e+21 1.9498e-02 1.1843e-02 2.2874e+05 7.8915e+04
4.9000e+02 1.8402e-11 7.3050e+00 1.7791e+03 2.6643e+03 2.9650e+03 3.1829e+20 2.0359e+22 6.4509e+21 1.9966e-02 1.1405e-02 2.2405e+05 7.9083e+04
5.0000e+02 1.8307e-11 7.0998e+00 1.7836e+03 2.6747e+03 2.9646e+03 2.9119e+20 1.9430e+22 6.4698e+21 2.0438e-02 1.0973e-02 2.1953e+05 7.9277e+04
5.1000e+02 1.8214e-11 6.9029e+00 1.7879e+03 2.6848e+03 2.9643e+03 2.6701e+20 1.8558e+22 6.4880e+21 2.0913e-02 1.0547e-02 2.1516e+05 7.9501e+04
5.2000e+02 1.8121e-11 6.7139e+00 1.7922e+03 2.6948e+03 2.9640e+03 2.4537e+20 1.7740e+22 6.5056e+21 2.1392e-02 1.0125e-02 2.1095e+05 7.9754e+04
5.3000e+02 1.8028e-11 6.5325e+00 1.7965e+03 2.7046e+03 2.9637e+03 2.2597e+20 1.6970e+22 6.5225e+21 2.1874e-02 9.7093e-03 2.0689e+05 8.0038e+04
5.4000e+02 1.7937e-11 6.3582e+00 1.8007e+03 2.7143e+03 2.9634e+03 2.0853e+20 1.6247e+22 6.5387e+21 2.2359e-02 9.2992e-03 2.0297e+05 8.0354e+04
5.5000e+02 1.7846e-11 6.1908e+00 1.8049e+03 2.7238e+03 2.9631e+03 1.9281e+20 1.5566e+22 6.5544e+21 2.2848e-02 8.8950e-03 1.9918e+05 8.0704e+04
5.6000e+02 1.7755e-11 6.0298e+00 1.8090e+03 2.7332e+03 2.9628e+03 1.7862e+20 1.4924e+22 6.5693e+21 2.3339e-02 8.4969e-03 1.9551e+05 8.1089e+04
5.7000e+02 1.7666e-11 5.8751e+00 1.8131e+03 2.7423e+03 2.9626e+03 1.6578e+20 1.4318e+22 6.5837e+21 2.3832e-02 8.1051e-03 1.9198e+05 8.1512e+04
5.8000e+02 1.7577e-11 5.7262e+00 1.8171e+03 2.7514e+03 2.9623e+03 1.5414e+20 1.3747e+22 6.5974e+21 2.4329e-02 7.7197e-03 1.8856e+05 8.1975e+04
5.9000e+02 1.7488e-11 5.5830e+00 1.8211e+03 2.7603e+03 2.9621e+03 1.4356e+20 1.3207e+22 6.6105e+21 2.4827e-02 7.3410e-03 1.8525e+05 8.2480e+04
6.0000e+02 1.7400e-11 5.4452e+00 1.8250e+03 2.7690e+03 2.9619e+03 1.3394e+20 1.2696e+22 6.6230e+21 2.5328e-02 6.9690e-03 1.8206e+05 8.3029e+04
6.1000e+02 1.7313e-11 5.3125e+00 1.8289e+03 2.7776e+03 2.9617e+03 1.2517e+20 1.2213e+22 6.6348e+21 2.5831e-02 6.6039e-03 1.7896e+05 8.3626e+04
6.2000e+02 1.7227e-11 5.1847e+00 1.8327e+03 2.7860e+03 2.9615e+03 1.1715e+20 1.1756e+22 6.6461e+21 2.6335e-02 6.2460e-03 1.7597e+05 8.4273e+04
6.3000e+02 1.7141e-11 5.0615e+00 1.8365e+03 2.7943e+03 2.9613e+03 1.0982e+20 1.1322e+22 6.6568e+21 2.6841e-02 5.8955e-03 1.7308e+05 8.4975e+04
6.4000e+02 1.7055e-11 4.9429e+00 1.8403e+03 2.8024e+03 2.9611e+03 1.0309e+20 1.0911e+22 6.6668e+21 2.7349e-02 5.5524e-03 1.7028e+05 8.5736e+04
6.5000e+02 1.6971e-11 4.8285e+00 1.8440e+03 2.8104e+03 2.9609e+03 9.6924e+19 1.0520e+22 6.6764e+21 2.7858e-02 5.2170e-03 1.6756e+05 8.6560e+04
6.6000e+02 1.6887e-11 4.7181e+00 1.8476e+03 2.8182e+03 2.9608e+03 9.1250e+19 1.0149e+22 6.6853e+21 2.8368e-02 4.8895e-03 1.6494e+05 8.7454e+04
6.7000e+02 1.6803e-11 4.6117e+00 1.8512e+03 2.8259e+03 2.9606e+03 8.6025e+19 9.7967e+21 6.6937e+21 2.8879e-02 4.5701e-03 1.6239e+05 8.8422e+04
6.8000e+02 1.6720e-11 4.5090e+00 1.8548e+03 2.8334e+03 2.9605e+03 8.1207e+19 9.4610e+21 6.7016e+21 2.9391e-02 4.2590e-03 1.5992e+05 8.9472e+04
6.9000e+02 1.6638e-11 4.4099e+00 1.8583e+03 2.8408e+03 2.9603e+03 7.6757e+19 9.1412e+21 6.7089e+21 2.9903e-02 3.9564e-03 1.5754e+05 9.0612e+04
7.0000e+02 1.6556e-11 4.3142e+00 1.8617e+03 2.8481e+03 2.9602e+03 7.2641e+19 8.8364e+21 6.7158e+21 3.0417e-02 3.6626e-03 1.5522e+05 9.1852e+04
7.1000e+02 1.6475e-11 4.2218e+00 1.8652e+03 2.8552e+03 2.9601e+03 6.8829e+19 8.5455e+21 6.7221e+21 3.0930e-02 3.3778e-03 1.5297e+05 9.3201e+04
7.2000e+02 1.6394e-11 4.1325e+00 1.8685e+03 2.8621e+03 2.9600e+03 6.5295e+19 8.2678e+21 6.7279e+21 3.1444e-02 3.1022e-03 1.5080e+05 9.4673e+04
7.3000e+02 1.6314e-11 4.0462e+00 1.8719e+03 2.8689e+03 2.9599e+03 6.2012e+19 8.0022e+21 6.7333e+21 3.1958e-02 2.8361e-03 1.4869e+05 9.6282e+04
7.4000e+02 1.6235e-11 3.9628e+00 1.8752e+03 2.8755e+03 2.9598e+03 5.8961e+19 7.7480e+21 6.7382e+21 3.2471e-02 2.5799e-03 1.4664e+05 9.8044e+04
7.5000e+02 1.6156e-11 3.8821e+00 1.8784e+03 2.8820e+03 2.9597e+03 5.6121e+19 7.5045e+21 6.7427e+21 3.2985e-02 2.3339e-03 1.4465e+05 9.9981e+04
7.6000e+02 1.6078e-11 3.8041e+00 1.8816e+03 2.8882e+03 2.9597e+03 5.3474e+19 7.2709e+21 6.7467e+21 3.3498e-02 2.0984e-03 1.4272e+05 1.0211e+05
7.7000e+02 1.6000e-11 3.7287e+00 1.8848e+03 2.8944e+03 2.9596e+03 5.1004e+19 7.0465e+21 6.7504e+21 3.4011e-02 1.8739e-03 1.4085e+05 1.0447e+05
7.8000e+02 1.5923e-11 3.6556e+00 1.8879e+03 2.9003e+03 2.9596e+03 4.8697e+19 6.8306e+21 6.7536e+21 3.4523e-02 1.6607e-03 1.3903e+05 1.0709e+05
7.9000e+02 1.5846e-11 3.5849e+00 1.8910e+03 2.9060e+03 2.9595e+03 4.6540e+19 6.6225e+21 6.7565e+21 3.5034e-02 1.4593e-03 1.3726e+05 1.1001e+05
8.0000e+02 1.5770e-11 3.5165e+00 1.8940e+03 2.9115e+03 2.9595e+03 4.4520e+19 6.4215e+21 6.7590e+21 3.5544e-02 1.2704e-03 1.3555e+05 1.1327e+05
8.1000e+02 1.5694e-11 3.4502e+00 1.8970e+03 2.9168e+03 2.9594e+03 4.2628e+19 6.2270e+21 6.7613e+21 3.6054e-02 1.0943e-03 1.3388e+05 1.1693e+05
8.2000e+02 1.5619e-11 3.3859e+00 1.8999e+03 2.9218e+03 2.9594e+03 4.0852e+19 6.0383e+21 6.7632e+21 3.6562e-02 9.3173e-04 1.3226e+05 1.2106e+05
8.3000e+02 1.5544e-11 3.3237e+00 1.9029e+03 2.9265e+03 2.9594e+03 3.9185e+19 5.8546e+21 6.7648e+21 3.7069e-02 7.8328e-04 1.3069e+05 1.2572e+05
8.4000e+02 1.5470e-11 3.2633e+00 1.9057e+03 2.9310e+03 2.9593e+03 3.7618e+19 5.6755e+21 6.7661e+21 3.7575e-02 6.4952e-04 1.2916e+05 1.3100e+05
8.5000e+02 1.5397e-11 3.2048e+00 1.9086e+03 2.9351e+03 2.9593e+03 3.6144e+19 5.5002e+21 6.7673e+21 3.8079e-02 5.3091e-04 1.2767e+05 1.3698e+05
8.6000e+02 1.5324e-11 3.1480e+00 1.9114e+03 2.9388e+03 2.9593e+03 3.4755e+19 5.3281e+21 6.7682e+21 3.8582e-02 4.2774e-04 1.2623e+05 1.4373e+05
8.7000e+02 1.5251e-11 3.0929e+00 1.9141e+03 2.9421e+03 2.9593e+03 3.3447e+19 5.1590e+21 6.7689e+21 3.9083e-02 3.3998e-04 1.2482e+05 1.5130e+05
8.8000e+02 1.5179e-11 3.0395e+00 1.9168e+03 2.9451e+03 2.9593e+03 3.2212e+19 4.9925e+21 6.7695e+21 3.9582e-02 2.6714e-04 1.2345e+05 1.5970e+05
8.9000e+02 1.5108e-11 2.9876e+00 1.9195e+03 2.9475e+03 2.9593e+03 3.1046e+19 4.8288e+21 6.7700e+21 4.0080e-02 2.0823e-04 1.2212e+05 1.6888e+05
9.0000e+02 1.5037e-11 2.9372e+00 1.9222e+03 2.9496e+03 2.9593e+03 2.9943e+19 4.6682e+21 6.7704e+21 4.0576e-02 1.6174e-04 1.2082e+05 1.7872e+05
9.1000e+02 1.4966e-11 2.8883e+00 1.9248e+03 2.9513e+03 2.9593e+03 2.8901e+19 4.5113e+21 6.7706e+21 4.1070e-02 1.2584e-04 1.1956e+05 1.8903e+05
9.2000e+02 1.4896e-11 2.8407e+00 1.9273e+03 2.9732e+03 2.9593e+03 2.7914e+19 4.6454e+21 6.7709e+21 4.1562e-02 -2.6353e-04 1.1833e+05 1.5848e+05
9.3000e+02 1.4827e-11 2.7946e+00 1.9299e+03 2.9817e+03 2.9593e+03 2.6981e+19 4.5905e+21 6.7704e+21 4.2051e-02 -4.9755e-04 1.1714e+05 1.3502e+05
9.4000e+02 1.4757e-11 2.7498e+00 1.9324e+03 2.9912e+03 2.9593e+03 2.6098e+19 4.5546e+21 6.7695e+21 4.2536e-02 -7.9911e-04 1.1597e+05 1.1988e+05
9.5000e+02 1.4689e-11 2.7064e+00 1.9348e+03 2.9988e+03 2.9593e+03 2.5262e+19 4.4937e+21 6.7681e+21 4.3018e-02 -1.0634e-03 1.1485e+05 1.1141e+05
9.6000e+02 1.4621e-11 2.6642e+00 1.9372e+03 3.0056e+03 2.9593e+03 2.4470e+19 4.4254e+21 6.7663e+21 4.3496e-02 -1.3174e-03 1.1375e+05 1.0536e+05
9.7000e+02 1.4553e-11 2.6233e+00 1.9396e+03 3.0119e+03 2.9594e+03 2.3720e+19 4.3544e+21 6.7640e+21 4.3971e-02 -1.5673e-03 1.1268e+05 1.0063e+05
9.8000e+02 1.4486e-11 2.5835e+00 1.9419e+03 3.0180e+03 2.9594e+03 2.3007e+19 4.2828e+21 6.7613e+21 4.4442e-02 -1.8154e-03 1.1165e+05 9.6741e+04
9.9000e+02 1.4419e-11 2.5448e+00 1.9442e+03 3.0237e+03 2.9595e+03 2.2331e+19 4.2114e+21 6.7581e+21 4.4909e-02 -2.0626e-03 1.1064e+05 9.3445e+04
1.0000e+03 1.4353e-11 2.5073e+00 1.9465e+03 3.0293e+03 2.9595e+03 2.1688e+19 4.1410e+21 6.7545e+21 4.5373e-02 -2.3093e-03 1.0966e+05 9.0590e+04
1.0100e+03 1.4287e-11 2.4708e+00 1.9487e+03 3.0346e+03 2.9596e+03 2.1078e+19 4.0718e+21 6.7505e+21 4.5832e-02 -2.5557e-03 1.0870e+05 8.8075e+04
1.0200e+03 1.4222e-11 2.4353e+00 1.9509e+03 3.0398e+03 2.9597e+03 2.0497e+19 4.0042e+21 6.7461e+21 4.6287e-02 -2.8017e-03 1.0778e+05 8.5832e+04
1.0300e+03 1.4157e-11 2.4008e+00 1.9530e+03 3.0449e+03 2.9598e+03 1.9944e+19 3.9381e+21 6.7412e+21 4.6738e-02 -3.0473e-03 1.0687e+05 8.3811e+04
1.0400e+03 1.4092e-11 2.3672e+00 1.9551e+03 3.0498e+03 2.9599e+03 1.9418e+19 3.8737e+21 6.7360e+21 4.7184e-02 -3.2923e-03 1.0600e+05 8.1975e+04
1.0500e+03 1.4028e-11 2.3346e+00 1.9572e+03 3.0546e+03 2.9600e+03 1.8916e+19 3.8110e+21 6.7303e+21 4.7626e-02 -3.5367e-03 1.0514e+05 8.0297e+04
1.0600e+03 1.3965e-11 2.3029e+00 1.9592e+03 3.0593e+03 2.9601e+03 1.8438e+19 3.7501e+21 6.7241e+21 4.8064e-02 -3.7802e-03 1.0431e+05 7.8752e+04
1.0700e+03 1.3902e-11 2.2720e+00 1.9612e+03 3.0639e+03 2.9602e+03 1.7983e+19 3.6909e+21 6.7176e+21 4.8496e-02 -4.0227e-03 1.0351e+05 7.7325e+04
1.0800e+03 1.3839e-11 2.2420e+00 1.9632e+03 3.0683e+03 2.9603e+03 1.7548e+19 3.6334e+21 6.7107e+21 4.8924e-02 -4.2640e-03 1.0272e+05 7.6000e+04
1.0900e+03 1.3777e-11 2.2127e+00 1.9651e+03 3.0727e+03 2.9604e+03 1.7133e+19 3.5776e+21 6.7033e+21 4.9347e-02 -4.5040e-03 1.0196e+05 7.4765e+04
1.1000e+03 1.3715e-11 2.1843e+00 1.9670e+03 3.0769e+03 2.9606e+03 1.6737e+19 3.5234e+21 6.6955e+21 4.9766e-02 -4.7424e-03 1.0121e+05 7.3611e+04
1.1100e+03 1.3653e-11 2.1566e+00 1.9689e+03 3.0811e+03 2.9607e+03 1.6359e+19 3.4708e+21 6.6874e+21 5.0179e-02 -4.9792e-03 1.0049e+05 7.2529e+04
1.1200e+03 1.3592e-11 2.1296e+00 1.9707e+03 3.0852e+03 2.9609e+03 1.5997e+19 3.4199e+21 6.6788e+21 5.0587e-02 -5.2142e-03 9.9789e+04 7.1512e+04
1.1300e+03 1.3532e-11 2.1034e+00 1.9725e+03 3.0891e+03 2.9610e+03 1.5652e+19 3.3704e+21 6.6699e+21 5.0989e-02 -5.4472e-03 9.9106e+04 7.0553e+04
1.1400e+03 1.3471e-11 2.0778e+00 1.9742e+03 3.0930e+03 2.9612e+03 1.5321e+19 3.3225e+21 6.6606e+21 5.1387e-02 -5.6782e-03 9.8441e+04 6.9648e+04
1.1500e+03 1.3412e-11 2.0529e+00 1.9759e+03 3.0968e+03 2.9614e+03 1.5005e+19 3.2760e+21 6.6509e+21 5.1779e-02 -5.9069e-03 9.7795e+04 6.8792e+04
1.1600e+03 1.3352e-11 2.0287e+00 1.9776e+03 3.1005e+03 2.9615e+03 1.4702e+19 3.2309e+21 6.6408e+21 5.2166e-02 -6.1334e-03 9.7166e+04 6.7981e+04
1.1700e+03 1.3293e-11 2.0051e+00 1.9792e+03 3.1042e+03 2.9617e+03 1.4412e+19 3.1871e+21 6.6303e+21 5.2548e-02 -6.3573e-03 9.6555e+04 6.7211e+04
1.1800e+03 1.3235e-11 1.9820e+00 1.9809e+03 3.1077e+03 2.9619e+03 1.4134e+19 3.1447e+21 6.6195e+21 5.2924e-02 -6.5787e-03 9.5960e+04 6.6480e+04
1.1900e+03 1.3176e-11 1.9596e+00 1.9824e+03 3.1112e+03 2.9621e+03 1.3868e+19 3.1036e+21 6.6083e+21 5.3295e-02 -6.7974e-03 9.5382e+04 6.5783e+04
1.2000e+03 1.3119e-11 1.9377e+00 1.9840e+03 3.1146e+03 2.9623e+03 1.3613e+19 3.0637e+21 6.5968e+21 5.3660e-02 -7.0134e-03 9.4819e+04 6.5120e+04
1.2100e+03 1.3061e-11 1.9164e+00 1.9855e+03 3.1179e+03 2.9625e+03 1.3369e+19 3.0250e+21 6.5849e+21 5.4020e-02 -7.2265e-03 9.4272e+04 6.4487e+04
1.2200e+03 1.3004e-11 1.8956e+00 1.9870e+03 3.1211e+03 2.9628e+03 1.3134e+19 2.9875e+21 6.5727e+21 5.4374e-02 -7.4367e-03 9.3741e+04 6.3883e+04
1.2300e+03 1.2947e-11 1.8753e+00 1.9885e+03 3.1243e+03 2.9630e+03 1.2910e+19 2.9511e+21 6.5602e+21 5.4722e-02 -7.6439e-03 9.3224e+04 6.3306e+04
1.2400e+03 1.2891e-11 1.8555e+00 1.9899e+03 3.1274e+03 2.9632e+03 1.2694e+19 2.9158e+21 6.5474e+21 5.5065e-02 -7.8479e-03 9.2721e+04 6.2754e+04
1.2500e+03 1.2835e-11 1.8363e+00 1.9913e+03 3.1304e+03 2.9635e+03 1.2487e+19 2.8816e+21 6.5342e+21 5.5402e-02 -8.0489e-03 9.2233e+04 6.2226e+04
1.2600e+03 1.2780e-11 1.8174e+00 1.9926e+03 3.1334e+03 2.9637e+03 1.2288e+19 2.8483e+21 6.5207e+21 5.5733e-02 -8.2465e-03 9.1758e+04 6.1719e+04
1.2700e+03 1.2725e-11 1.7991e+00 1.9940e+03 3.1363e+03 2.9640e+03 1.2097e+19 2.8161e+21 6.5069e+21 5.6059e-02 -8.4409e-03 9.1296e+04 6.1234e+04
1.2800e+03 1.2670e-11 1.7812e+00 1.9953e+03 3.1391e+03 2.9642e+03 1.1914e+19 2.7848e+21 6.4929e+21 5.6379e-02 -8.6320e-03 9.0847e+04 6.0769e+04
1.2900e+03 1.2615e-11 1.7637e+00 1.9966e+03 3.1418e+03 2.9645e+03 1.1737e+19 2.7545e+21 6.4785e+21 5.6693e-02 -8.8197e-03 9.0411e+04 6.0322e+04
1.3000e+03 1.2561e-11 1.7466e+00 1.9978e+03 3.1445e+03 2.9647e+03 1.1568e+19 2.7250e+21 6.4639e+21 5.7002e-02 -9.0039e-03 8.9987e+04 5.9893e+04
1.3100e+03 1.2508e-11 1.7300e+00 1.9990e+03 3.1471e+03 2.9650e+03 1.1405e+19 2.6964e+21 6.4490e+21 5.7305e-02 -9.1847e-03 8.9576e+04 5.9481e+04
1.3200e+03 1.2454e-11 1.7137e+00 2.0002e+03 3.1497e+03 2.9653e+03 1.1249e+19 2.6687e+21 6.4338e+21 5.7602e-02 -9.3620e-03 8.9176e+04 5.9085e+04
1.3300e+03 1.2401e-11 1.6978e+00 2.0014e+03 3.1522e+03 2.9656e+03 1.1099e+19 2.6417e+21 6.4184e+21 5.7893e-02 -9.5357e-03 8.8787e+04 5.8705e+04
1.3400e+03 1.2349e-11 1.6823e+00 2.0025e+03 3.1546e+03 2.9659e+03 1.0954e+19 2.6156e+21 6.4028e+21 5.8179e-02 -9.7059e-03 8.8409e+04 5.8339e+04
1.3500e+03 1.2296e-11 1.6671e+00 2.0036e+03 3.1570e+03 2.9662e+03 1.0815e+19 2.5902e+21 6.3869e+21 5.8459e-02 -9.8725e-03 8.8043e+04 5.7987e+04
1.3600e+03 1.2244e-11 1.6523e+00 2.0047e+03 3.1593e+03 2.9665e+03 1.0681e+19 2.5656e+21 6.3707e+21 5.8734e-02 -1.0035e-02 8.7687e+04 5.7648e+04
1.3700e+03 1.2193e-11 1.6379e+00 2.0058e+03 3.1616e+03 2.9668e+03 1.0552e+19 2.5416e+21 6.3544e+21 5.9002e-02 -1.0195e-02 8.7341e+04 5.7322e+04
1.3800e+03 1.2141e-11 1.6237e+00 2.0068e+03 3.1638e+03 2.9671e+03 1.0429e+19 2.5184e+21 6.3378e+21 5.9265e-02 -1.0350e-02 8.7005e+04 5.7007e+04
1.3900e+03 1.2090e-11 1.6099e+00 2.0078e+03 3.1659e+03 2.9674e+03 1.0310e+19 2.4959e+21 6.3211e+21 5.9523e-02 -1.0503e-02 8.6679e+04 5.6705e+04
1.4000e+03 1.2040e-11 1.5964e+00 2.0088e+03 3.1680e+03 2.9677e+03 1.0195e+19 2.4740e+21 6.3041e+21 5.9775e-02 -1.0651e-02 8.6363e+04 5.6414e+04
1.4100e+03 1.1990e-11 1.5833e+00 2.0097e+03 3.1700e+03 2.9680e+03 1.0085e+19 2.4527e+21 6.2870e+21 6.0021e-02 -1.0796e-02 8.6056e+04 5.6133e+04
1.4200e+03 1.1940e-11 1.5704e+00 2.0107e+03 3.1720e+03 2.9684e+03 9.9786e+18 2.4320e+21 6.2696e+21 6.0262e-02 -1.0937e-02 8.5759e+04 5.5862e+04
1.4300e+03 1.1890e-11 1.5577e+00 2.0116e+03 3.1740e+03 2.9687e+03 9.8765e+18 2.4120e+21 6.2521e+21 6.0498e-02 -1.1074e-02 8.5470e+04 5.5602e+04
1.4400e+03 1.1841e-11 1.5454e+00 2.0125e+03 3.1758e+03 2.9690e+03 9.7782e+18 2.3925e+21 6.2345e+21 6.0728e-02 -1.1208e-02 8.5190e+04 5.5351e+04
1.4500e+03 1.1792e-11 1.5334e+00 2.0133e+03 3.1777e+03 2.9694e+03 9.6836e+18 2.3735e+21 6.2166e+21 6.0952e-02 -1.1338e-02 8.4919e+04 5.5109e+04
1.4600e+03 1.1743e-11 1.5216e+00 2.0142e+03 3.1794e+03 2.9697e+03 9.5926e+18 2.3552e+21 6.1986e+21 6.1171e-02 -1.1464e-02 8.4655e+04 5.4875e+04
1.4700e+03 1.1695e-11 1.5100e+00 2.0150e+03 3.1812e+03 2.9701e+03 9.5049e+18 2.3373e+21 6.1805e+21 6.1385e-02 -1.1587e-02 8.4400e+04 5.4651e+04
1.4800e+03 1.1647e-11 1.4987e+00 2.0158e+03 3.1828e+03 2.9704e+03 9.4206e+18 2.3200e+21 6.1623e+21 6.1594e-02 -1.1706e-02 8.4153e+04 5.4434e+04
1.4900e+03 1.1599e-11 1.4877e+00 2.0165e+03 3.1845e+03 2.9708e+03 9.3395e+18 2.3031e+21 6.1439e+21 6.1797e-02 -1.1822e-02 8.3914e+04 5.4225e+04
1.5000e+03 1.1552e-11 1.4769e+00 2.0173e+03 3.1861e+03 2.9711e+03 9.2615e+18 2.2867e+21 6.1254e+21 6.1995e-02 -1.1934e-02 8.3682e+04 5.4024e+04
1.5100e+03 1.1505e-11 1.4663e+00 2.0180e+03 3.1876e+03 2.9715e+03 9.1863e+18 2.2708e+21 6.1067e+21 6.2188e-02 -1.2043e-02 8.3458e+04 5.3830e+04
1.5200e+03 1.1458e-11 1.4559e+00 2.0187e+03 3.1891e+03 2.9719e+03 9.1141e+18 2.2554e+21 6.0880e+21 6.2375e-02 -1.2147e-02 8.3240e+04 5.3643e+04
1.5300e+03 1.1411e-11 1.4458e+00 2.0194e+03 3.1905e+03 2.9722e+03 9.0446e+18 2.2404e+21 6.0692e+21 6.2558e-02 -1.2249e-02 8.3030e+04 5.3464e+04
1.5400e+03 1.1365e-11 1.4359e+00 2.0201e+03 3.1919e+03 2.9726e+03 8.9778e+18 2.2258e+21 6.0503e+21 6.2735e-02 -1.2347e-02 8.2827e+04 5.3290e+04
1.5500e+03 1.1319e-11 1.4262e+00 2.0207e+03 3.1933e+03 2.9730e+03 8.9135e+18 2.2116e+21 6.0312e+21 6.2908e-02 -1.2441e-02 8.2631e+04 5.3124e+04
1.5600e+03 1.1274e-11 1.4166e+00 2.0213e+03 3.1946e+03 2.9734e+03 8.8517e+18 2.1979e+21 6.0121e+21 6.3075e-02 -1.2532e-02 8.2441e+04 5.2963e+04
1.5700e+03 1.1228e-11 1.4073e+00 2.0219e+03 3.1959e+03 2.9738e+03 8.7923e+18 2.1845e+21 5.9930e+21 6.3238e-02 -1.2620e-02 8.2257e+04 5.2808e+04
1.5800e+03 1.1183e-11 1.3982e+00 2.0225e+03 3.1971e+03 2.9741e+03 8.7353e+18 2.1715e+21 5.9737e+21 6.3396e-02 -1.2704e-02 8.2080e+04 5.2660e+04
1.5900e+03 1.1139e-11 1.3892e+00 2.0231e+03 3.1983e+03 2.9745e+03 8.6804e+18 2.1589e+21 5.9545e+21 6.3549e-02 -1.2785e-02 8.1909e+04 5.2517e+04
1.6000e+03 1.1094e-11 1.3805e+00 2.0236e+03 3.1995e+03 2.9749e+03 8.6278e+18 2.1467e+21 5.9351e+21 6.3698e-02 -1.2862e-02 8.1744e+04 5.2379e+04
1.6100e+03 1.1050e-11 1.3719e+00 2.0242e+03 3.2006e+03 2.9753e+03 8.5772e+18 2.1348e+21 5.9157e+21 6.3841e-02 -1.2937e-02 8.1585e+04 5.2247e+04
1.6200e+03 1.1006e-11 1.3635e+00 2.0247e+03 3.2017e+03 2.9757e+03 8.5287e+18 2.1233e+21 5.8963e+21 6.3980e-02 -1.3008e-02 8.1432e+04 5.2120e+04
1.6300e+03 1.0963e-11 1.3552e+00 2.0252e+03 3.2027e+03 2.9761e+03 8.4822e+18 2.1120e+21 5.8768e+21 6.4115e-02 -1.3075e-02 8.1284e+04 5.1998e+04
1.6400e+03 1.0919e-11 1.3472e+00 2.0256e+03 3.2037e+03 2.9765e+03 8.4375e+18 2.1011e+21 5.8573e+21 6.4245e-02 -1.3140e-02 8.1142e+04 5.1881e+04
1.6500e+03 1.0876e-11 1.3392e+00 2.0261e+03 3.2047e+03 2.9769e+03 8.3947e+18 2.0906e+21 5.8377e+21 6.4370e-02 -1.3201e-02 8.1005e+04 5.1769e+04
1.6600e+03 1.0834e-11 1.3315e+00 2.0265e+03 3.2056e+03 2.9773e+03 8.3537e+18 2.0803e+21 5.8182e+21 6.4491e-02 -1.3260e-02 8.0873e+04 5.1661e+04
1.6700e+03 1.0791e-11 1.3238e+00 2.0270e+03 3.2065e+03 2.9777e+03 8.3145e+18 2.0703e+21 5.7986e+21 6.4608e-02 -1.3315e-02 8.0747e+04 5.1558e+04
1.6800e+03 1.0749e-11 1.3164e+00 2.0274e+03 3.2074e+03 2.9781e+03 8.2769e+18 2.0607e+21 5.7790e+21 6.4721e-02 -1.3367e-02 8.0626e+04 5.1460e+04
1.6900e+03 1.0707e-11 1.3090e+00 2.0278e+03 3.2082e+03 2.9785e+03 8.2410e+18 2.0513e+21 5.7594e+21 6.4829e-02 -1.3417e-02 8.0509e+04 5.1365e+04
1.7000e+03 1.0665e-11 1.3019e+00 2.0282e+03 3.2090e+03 2.9789e+03 8.2067e+18 2.0422e+21 5.7399e+21 6.4933e-02 -1.3463e-02 8.0397e+04 5.1275e+04
1.7100e+03 1.0624e-11 1.2948e+00 2.0285e+03 3.2098e+03 2.9793e+03 8.1739e+18 2.0333e+21 5.7203e+21 6.5033e-02 -1.3507e-02 8.0291e+04 5.1189e+04
1.7200e+03 1.0583e-11 1.2879e+00 2.0289e+03 3.2105e+03 2.9797e+03 8.1426e+18 2.0247e+21 5.7007e+21 6.5129e-02 -1.3547e-02 8.0188e+04 5.1107e+04
1.7300e+03 1.0542e-11 1.2811e+00 2.0292e+03 3.2112e+03 2.9801e+03 8.1128e+18 2.0164e+21 5.6811e+21 6.5221e-02 -1.3585e-02 8.0090e+04 5.1029e+04
1.7400e+03 1.0501e-11 1.2745e+00 2.0295e+03 3.2119e+03 2.9806e+03 8.0844e+18 2.0083e+21 5.6616e+21 6.5309e-02 -1.3620e-02 7.9997e+04 5.0954e+04
1.7500e+03 1.0461e-11 1.2679e+00 2.0298e+03 3.2125e+03 2.9810e+03 8.0574e+18 2.0005e+21 5.6421e+21 6.5394e-02 -1.3652e-02 7.9908e+04 5.0884e+04
1.7600e+03 1.0421e-11 1.2615e+00 2.0301e+03 3.2131e+03 2.9814e+03 8.0317e+18 1.9929e+21 5.6226e+21 6.5474e-02 -1.3682e-02 7.9823e+04 5.0816e+04
1.7700e+03 1.0381e-11 1.2552e+00 2.0304e+03 3.2137e+03 2.9818e+03 8.0074e+18 1.9856e+21 5.6031e+21 6.5551e-02 -1.3709e-02 7.9743e+04 5.0753e+04
1.7800e+03 1.0342e-11 1.2490e+00 2.0307e+03 3.2143e+03 2.9822e+03 7.9843e+18 1.9784e+21 5.5837e+21 6.5623e-02 -1.3733e-02 7.9666e+04 5.0693e+04
1.7900e+03 1.0302e-11 1.2430e+00 2.0309e+03 3.2148e+03 2.9826e+03 7.9624e+18 1.9715e+21 5.5643e+21 6.5693e-02 -1.3755e-02 7.9593e+04 5.0636e+04
1.8000e+03 1.0263e-11 1.2370e+00 2.0311e+03 3.2153e+03 2.9831e+03 7.9417e+18 1.9648e+21 5.5450e+21 6.5758e-02 -1.3774e-02 7.9525e+04 5.0582e+04
1.8100e+03 1.0224e-11 1.2312e+00 2.0314e+03 3.2158e+03 2.9835e+03 7.9223e+18 1.9583e+21 5.5257e+21 6.5821e-02 -1.3791e-02 7.9460e+04 5.0532e+04
1.8200e+03 1.0186e-11 1.2254e+00 2.0316e+03 3.2162e+03 2.9839e+03 7.9039e+18 1.9521e+21 5.5064e+21 6.5879e-02 -1.3805e-02 7.9399e+04 5.0485e+04
1.8300e+03 1.0147e-11 1.2198e+00 2.0318e+03 3.2166e+03 2.9843e+03 7.8867e+18 1.9460e+21 5.4872e+21 6.5935e-02 -1.3817e-02 7.9341e+04 5.0440e+04
1.8400e+03 1.0109e-11 1.2142e+00 2.0320e+03 3.2170e+03 2.9847e+03 7.8706e+18 1.9401e+21 5.4681e+21 6.5987e-02 -1.3827e-02 7.9287e+04 5.0399e+04
1.8500e+03 1.0071e-11 1.2088e+00 2.0321e+03 3.2174e+03 2.9852e+03 7.8555e+18 1.9344e+21 5.4490e+21 6.6035e-02 -1.3834e-02 7.9237e+04 5.0361e+04
1.8600e+03 1.0033e-11 1.2035e+00 2.0323e+03 3.2177e+03 2.9856e+03 7.8415e+18 1.9289e+21 5.4300e+21 6.6081e-02 -1.3839e-02 7.9190e+04 5.0326e+04
1.8700e+03 9.9960e-12 1.1982e+00 2.0324e+03 3.2181e+03 2.9860e+03 7.8284e+18 1.9236e+21 5.4110e+21 6.6123e-02 -1.3842e-02 7.9146e+04 5.0293e+04
1.8800e+03 9.9588e-12 1.1930e+00 2.0326e+03 3.2183e+03 2.9864e+03 7.8164e+18 1.9184e+21 5.3921e+21 6.6162e-02 -1.3842e-02 7.9106e+04 5.0264e+04
1.8900e+03 9.9219e-12 1.1880e+00 2.0327e+03 3.2186e+03 2.9868e+03 7.8053e+18 1.9134e+21 5.3733e+21 6.6198e-02 -1.3841e-02 7.9068e+04 5.0237e+04
1.9000e+03 9.8851e-12 1.1830e+00 2.0328e+03 3.2189e+03 2.9873e+03 7.7952e+18 1.9086e+21 5.3546e+21 6.6231e-02 -1.3837e-02 7.9034e+04 5.0212e+04
1.9100e+03 9.8486e-12 1.1781e+00 2.0329e+03 3.2191e+03 2.9877e+03 7.7860e+18 1.9040e+21 5.3359e+21 6.6261e-02 -1.3832e-02 7.9003e+04 5.0191e+04
1.9200e+03 9.8123e-12 1.1733e+00 2.0330e+03 3.2193e+03 2.9881e+03 7.7777e+18 1.8995e+21 5.3173e+21 6.6288e-02 -1.3824e-02 7.8976e+04 5.0172e+04
1.9300e+03 9.7763e-12 1.1685e+00 2.0331e+03 3.2195e+03 2.9885e+03 7.7702e+18 1.8952e+21 5.2988e+21 6.6312e-02 -1.3814e-02 7.8951e+04 5.0155e+04
1.9400e+03 9.7404e-12 1.1639e+00 2.0332e+03 3.2196e+03 2.9889e+03 7.7637e+18 1.8911e+21 5.2804e+21 6.6333e-02 -1.3803e-02 7.8929e+04 5.0141e+04
1.9500e+03 9.7048e-12 1.1593e+00 2.0333e+03 3.2198e+03 2.9894e+03 7.7579e+18 1.8871e+21 5.2620e+21 6.6352e-02 -1.3789e-02 7.8910e+04 5.0129e+04
1.9600e+03 9.6694e-12 1.1548e+00 2.0333e+03 3.2199e+03 2.9898e+03 7.7530e+18 1.8832e+21 5.2438e+21 6.6368e-02 -1.3774e-02 7.8893e+04 5.0120e+04
1.9700e+03 9.6342e-12 1.1503e+00 2.0334e+03 3.2200e+03 2.9902e+03 7.7489e+18 1.8795e+21 5.2256e+21 6.6381e-02 -1.3757e-02 7.8880e+04 5.0113e+04
1.9800e+03 9.5992e-12 1.1460e+00 2.0334e+03 3.2201e+03 2.9906e+03 7.7456e+18 1.8760e+21 5.2075e+21 6.6392e-02 -1.3738e-02 7.8869e+04 5.0108e+04
1.9900e+03 9.5645e-12 1.1417e+00 2.0334e+03 3.2201e+03 2.9910e+03 7.7430e+18 1.8725e+21 5.1895e+21 6.6400e-02 -1.3717e-02 7.8860e+04 5.0105e+04
2.0000e+03 9.5299e-12 1.1375e+00 2.0335e+03 3.2202e+03 2.9915e+03 7.7412e+18 1.8692e+21 5.1716e+21 6.6405e-02 -1.3695e-02 7.8855e+04 5.0105e+04
2.0100e+03 9.4956e-12 1.1333e+00 2.0335e+03 3.2202e+03 2.9919e+03 7.7402e+18 1.8661e+21 5.1538e+21 6.6408e-02 -1.3671e-02 7.8851e+04 5.0107e+04
2.0200e+03 9.4615e-12 1.1292e+00 2.0335e+03 3.2202e+03 2.9923e+03 7.7398e+18 1.8631e+21 5.1361e+21 6.6409e-02 -1.3645e-02 7.8851e+04 5.0111e+04
2.0300e+03 9.4276e-12 1.1252e+00 2.0335e+03 3.2202e+03 2.9927e+03 7.7402e+18 1.8602e+21 5.1185e+21 6.6408e-02 -1.3618e-02 7.8852e+04 5.0117e+04
2.0400e+03 9.3939e-12 1.1213e+00 2.0335e+03 3.2202e+03 2.9931e+03 7.7413e+18 1.8574e+21 5.1010e+21 6.6404e-02 -1.3589e-02 7.8857e+04 5.0125e+04
2.0500e+03 9.3604e-12 1.1174e+00 2.0334e+03 3.2201e+03 2.9935e+03 7.7431e+18 1.8548e+21 5.0836e+21 6.6397e-02 -1.3559e-02 7.8863e+04 5.0136e+04
2.0600e+03 9.3271e-12 1.1135e+00 2.0334e+03 3.2201e+03 2.9939e+03 7.7455e+18 1.8522e+21 5.0663e+21 6.6389e-02 -1.3527e-02 7.8872e+04 5.0148e+04
2.0700e+03 9.2940e-12 1.1098e+00 2.0334e+03 3.2200e+03 2.9944e+03 7.7486e+18 1.8498e+21 5.0492e+21 6.6378e-02 -1.3494e-02 7.8883e+04 5.0162e+04
2.0800e+03 9.2611e-12 1.1060e+00 2.0333e+03 3.2199e+03 2.9948e+03 7.7523e+18 1.8476e+21 5.0321e+21 6.6365e-02 -1.3459e-02 7.8896e+04 5.0179e+04
2.0900e+03 9.2284e-12 1.1024e+00 2.0333e+03 3.2198e+03 2.9952e+03 7.7567e+18 1.8454e+21 5.0151e+21 6.6350e-02 -1.3423e-02 7.8911e+04 5.0197e+04
2.1000e+03 9.1959e-12 1.0988e+00 2.0332e+03 3.2196e+03 2.9956e+03 7.7617e+18 1.8433e+21 4.9982e+21 6.6333e-02 -1.3386e-02 7.8929e+04 5.0217e+04
2.1100e+03 9.1636e-12 1.0952e+00 2.0331e+03 3.2195e+03 2.9960e+03 7.7673e+18 1.8414e+21 4.9814e+21 6.6314e-02 -1.3347e-02 7.8948e+04 5.0239e+04
2.1200e+03 9.1315e-12 1.0917e+00 2.0331e+03 3.2193e+03 2.9964e+03 7.7735e+18 1.8395e+21 4.9648e+21 6.6294e-02 -1.3307e-02 7.8970e+04 5.0262e+04
2.1300e+03 9.0995e-12 1.0883e+00 2.0330e+03 3.2192e+03 2.9968e+03 7.7802e+18 1.8378e+21 4.9482e+21 6.6271e-02 -1.3266e-02 7.8993e+04 5.0288e+04
2.1400e+03 9.0678e-12 1.0849e+00 2.0329e+03 3.2190e+03 2.9972e+03 7.7876e+18 1.8361e+21 4.9318e+21 6.6246e-02 -1.3224e-02 7.9019e+04 5.0315e+04
2.1500e+03 9.0363e-12 1.0816e+00 2.0328e+03 3.2188e+03 2.9976e+03 7.7956e+18 1.8346e+21 4.9155e+21 6.6219e-02 -1.3180e-02 7.9046e+04 5.0344e+04
2.1600e+03 9.0049e-12 1.0783e+00 2.0327e+03 3.2186e+03 2.9980e+03 7.8040e+18 1.8332e+21 4.8993e+21 6.6191e-02 -1.3136e-02 7.9075e+04 5.0375e+04
2.1700e+03 8.9738e-12 1.0750e+00 2.0326e+03 3.2184e+03 2.9984e+03 7.8131e+18 1.8318e+21 4.8832e+21 6.6161e-02 -1.3090e-02 7.9107e+04 5.0408e+04
2.1800e+03 8.9428e-12 1.0719e+00 2.0325e+03 3.2181e+03 2.9988e+03 7.8227e+18 1.8306e+21 4.8672e+21 6.6129e-02 -1.3043e-02 7.9139e+04 5.0442e+04
2.1900e+03 8.9120e-12 1.0687e+00 2.0323e+03 3.2179e+03 2.9992e+03 7.8328e+18 1.8294e+21 4.8513e+21 6.6095e-02 -1.2995e-02 7.9174e+04 5.0478e+04
2.2000e+03 8.8814e-12 1.0656e+00 2.0322e+03 3.2176e+03 2.9996e+03 7.8435e+18 1.8284e+21 4.8355e+21 6.6060e-02 -1.2946e-02 7.9211e+04 5.0516e+04
2.2100e+03 8.8510e-12 1.0625e+00 2.0321e+03 3.2173e+03 3.0000e+03 7.8546e+18 1.8274e+21 4.8199e+21 6.6023e-02 -1.2897e-02 7.9249e+04 5.0555e+04
2.2200e+03 8.8207e-12 1.0595e+00 2.0320e+03 3.2170e+03 3.0004e+03 7.8663e+18 1.8265e+21 4.8044e+21 6.5985e-02 -1.2846e-02 7.9289e+04 5.0596e+04
2.2300e+03 8.7907e-12 1.0566e+00 2.0318e+03 3.2167e+03 3.0008e+03 7.8785e+18 1.8258e+21 4.7889e+21 6.5945e-02 -1.2794e-02 7.9330e+04 5.0638e+04
2.2400e+03 8.7608e-12 1.0536e+00 2.0317e+03 3.2164e+03 3.0012e+03 7.8911e+18 1.8251e+21 4.7736e+21 6.5904e-02 -1.2741e-02 7.9373e+04 5.0682e+04
2.2500e+03 8.7311e-12 1.0507e+00 2.0315e+03 3.2161e+03 3.0016e+03 7.9043e+18 1.8244e+21 4.7584e+21 6.5861e-02 -1.2688e-02 7.9418e+04 5.0728e+04
2.2600e+03 8.7016e-12 1.0479e+00 2.0313e+03 3.2158e+03 3.0019e+03 7.9179e+18 1.8239e+21 4.7434e+21 6.5816e-02 -1.2633e-02 7.9464e+04 5.0775e+04
2.2700e+03 8.6722e-12 1.0451e+00 2.0312e+03 3.2154e+03 3.0023e+03 7.9320e+18 1.8234e+21 4.7284e+21 6.5771e-02 -1.2578e-02 7.9512e+04 5.0824e+04
2.2800e+03 8.6430e-12 1.0423e+00 2.0310e+03 3.2151e+03 3.0027e+03 7.9466e+18 1.8231e+21 4.7136e+21 6.5723e-02 -1.2522e-02 7.9561e+04 5.0874e+04
2.2900e+03 8.6140e-12 1.0396e+00 2.0308e+03 3.2147e+03 3.0031e+03 7.9616e+18 1.8228e+21 4.6989e+21 6.5675e-02 -1.2465e-02 7.9612e+04 5.0926e+04
2.3000e+03 8.5852e-12 1.0369e+00 2.0307e+03 3.2143e+03 3.0035e+03 7.9771e+18 1.8226e+21 4.6843e+21 6.5625e-02 -1.2408e-02 7.9664e+04 5.0979e+04
2.3100e+03 8.5565e-12 1.0342e+00 2.0305e+03 3.2139e+03 3.0038e+03 7.9930e+18 1.8224e+21 4.6698e+21 6.5574e-02 -1.2350e-02 7.9718e+04 5.1034e+04
2.3200e+03 8.5280e-12 1.0316e+00 2.0303e+03 3.2135e+03 3.0042e+03 8.0094e+18 1.8224e+21 4.6554e+21 6.5522e-02 -1.2291e-02 7.9773e+04 5.1090e+04
2.3300e+03 8.4997e-12 1.0290e+00 2.0301e+03 3.2131e+03 3.0046e+03 8.0261e+18 1.8224e+21 4.6411e+21 6.5468e-02 -1.2231e-02 7.9829e+04 5.1147e+04
2.3400e+03 8.4715e-12 1.0265e+00 2.0299e+03 3.2127e+03 3.0050e+03 8.0434e+18 1.8224e+21 4.6270e+21 6.5414e-02 -1.2171e-02 7.9887e+04 5.1207e+04
2.3500e+03 8.4435e-12 1.0239e+00 2.0297e+03 3.2123e+03 3.0053e+03 8.0610e+18 1.8226e+21 4.6130e+21 6.5358e-02 -1.2110e-02 7.9946e+04 5.1267e+04
2.3600e+03 8.4156e-12 1.0215e+00 2.0295e+03 3.2118e+03 3.0057e+03 8.0791e+18 1.8228e+21 4.5990e+21 6.5301e-02 -1.2048e-02 8.0006e+04 5.1329e+04
2.3700e+03 8.3880e-12 1.0190e+00 2.0293e+03 3.2114e+03 3.0061e+03 8.0976e+18 1.8231e+21 4.5853e+21 6.5243e-02 -1.1986e-02 8.0068e+04 5.1392e+04
2.3800e+03 8.3604e-12 1.0166e+00 2.0291e+03 3.2109e+03 3.0064e+03 8.1164e+18 1.8234e+21 4.5716e+21 6.5184e-02 -1.1924e-02 8.0130e+04 5.1457e+04
2.3900e+03 8.3331e-12 1.0142e+00 2.0288e+03 3.2105e+03 3.0068e+03 8.1357e+18 1.8239e+21 4.5580e+21 6.5124e-02 -1.1860e-02 8.0194e+04 5.1523e+04
2.4000e+03 8.3059e-12 1.0118e+00 2.0286e+03 3.2100e+03 3.0072e+03 8.1554e+18 1.8244e+21 4.5446e+21 6.5062e-02 -1.1797e-02 8.0260e+04 5.1590e+04
2.4100e+03 8.2788e-12 1.0095e+00 2.0284e+03 3.2095e+03 3.0075e+03 8.1755e+18 1.8249e+21 4.5312e+21 6.5000e-02 -1.1732e-02 8.0326e+04 5.1659e+04
2.4200e+03 8.2519e-12 1.0072e+00 2.0282e+03 3.2091e+03 3.0079e+03 8.1960e+18 1.8255e+21 4.5180e+21 6.4937e-02 -1.1668e-02 8.0394e+04 5.1729e+04
2.4300e+03 8.2252e-12 1.0049e+00 2.0279e+03 3.2086e+03 3.0082e+03 8.2168e+18 1.8262e+21 4.5049e+21 6.4873e-02 -1.1603e-02 8.0462e+04 5.1801e+04
2.4400e+03 8.1986e-12 1.0027e+00 2.0277e+03 3.2081e+03 3.0086e+03 8.2380e+18 1.8270e+21 4.4919e+21 6.4808e-02 -1.1537e-02 8.0532e+04 5.1873e+04
2.4500e+03 8.1722e-12 1.0005e+00 2.0275e+03 3.2076e+03 3.0089e+03 8.2596e+18 1.8278e+21 4.4790e+21 6.4742e-02 -1.1471e-02 8.0603e+04 5.1948e+04
2.4600e+03 8.1459e-12 9.9829e-01 2.0272e+03 3.2070e+03 3.0093e+03 8.2816e+18 1.8286e+21 4.4663e+21 6.4675e-02 -1.1405e-02 8.0675e+04 5.2023e+04
2.4700e+03 8.1198e-12 9.9613e-01 2.0270e+03 3.2065e+03 3.0096e+03 8.3040e+18 1.8295e+21 4.4536e+21 6.4608e-02 -1.1338e-02 8.0748e+04 5.2100e+04
2.4800e+03 8.0939e-12 9.9400e-01 2.0267e+03 3.2060e+03 3.0100e+03 8.3267e+18 1.8305e+21 4.4411e+21 6.4539e-02 -1.1271e-02 8.0822e+04 5.2178e+04
2.4900e+03 8.0680e-12 9.9189e-01 2.0265e+03 3.2055e+03 3.0103e+03 8.3497e+18 1.8315e+21 4.4286e+21 6.4470e-02 -1.1203e-02 8.0897e+04 5.2257e+04
2.5000e+03 8.0424e-12 9.8981e-01 2.0262e+03 3.2049e+03 3.0107e+03 8.3732e+18 1.8326e+21 4.4163e+21 6.4400e-02 -1.1135e-02 8.0973e+04 5.2338e+04
2.5100e+03 8.0168e-12 9.8775e-01 2.0260e+03 3.2044e+03 3.0110e+03 8.3969e+18 1.8338e+21 4.4041e+21 6.4329e-02 -1.1067e-02 8.1050e+04 5.2420e+04
2.5200e+03 7.9914e-12 9.8572e-01 2.0257e+03 3.2038e+03 3.0113e+03 8.4211e+18 1.8350e+21 4.3920e+21 6.4258e-02 -1.0999e-02 8.1128e+04 5.2503e+04
2.5300e+03 7.9662e-12 9.8371e-01 2.0254e+03 3.2033e+03 3.0117e+03 8.4455e+18 1.8362e+21 4.3800e+21 6.4186e-02 -1.0930e-02 8.1206e+04 5.2587e+04
2.5400e+03 7.9411e-12 9.8173e-01 2.0252e+03 3.2027e+03 3.0120e+03 8.4703e+18 1.8376e+21 4.3682e+21 6.4113e-02 -1.0861e-02 8.1286e+04 5.2673e+04
2.5500e+03 7.9162e-12 9.7977e-01 2.0249e+03 3.2021e+03 3.0123e+03 8.4955e+18 1.8389e+21 4.3564e+21 6.4039e-02 -1.0792e-02 8.1367e+04 5.2760e+04
2.5600e+03 7.8914e-12 9.7783e-01 2.0246e+03 3.2015e+03 3.0127e+03 8.5210e+18 1.8403e+21 4.3448e+21 6.3965e-02 -1.0722e-02 8.1449e+04 5.2848e+04
2.5700e+03 7.8667e-12 9.7591e-01 2.0243e+03 3.2010e+03 3.0130e+03 8.5468e+18 1.8418e+21 4.3332e+21 6.3890e-02 -1.0652e-02 8.1531e+04 5.2938e+04
2.5800e+03 7.8422e-12 9.7402e-01 2.0241e+03 3.2004e+03 3.0133e+03 8.5729e+18 1.8433e+21 4.3218e+21 6.3815e-02 -1.0582e-02 8.1614e+04 5.3029e+04
2.5900e+03 7.8178e-12 9.7215e-01 2.0238e+03 3.1998e+03 3.0136e+03 8.5994e+18 1.8449e+21 4.3104e+21 6.3739e-02 -1.0512e-02 8.1699e+04 5.3121e+04
2.6000e+03 7.7935e-12 9.7030e-01 2.0235e+03 3.1992e+03 3.0139e+03 8.6262e+18 1.8465e+21 4.2992e+21 6.3662e-02 -1.0442e-02 8.1784e+04 5.3214e+04
2.6100e+03 7.7694e-12 9.6847e-01 2.0232e+03 3.1986e+03 3.0143e+03 8.6533e+18 1.8482e+21 4.2881e+21 6.3585e-02 -1.0372e-02 8.1869e+04 5.3308e+04
2.6200e+03 7.7454e-12 9.6666e-01 2.0229e+03 3.1980e+03 3.0146e+03 8.6808e+18 1.8499e+21 4.2771e+21 6.3507e-02 -1.0301e-02 8.1956e+04 5.3404e+04
2.6300e+03 7.7216e-12 9.6488e-01 2.0226e+03 3.1973e+03 3.0149e+03 8.7085e+18 1.8516e+21 4.2662e+21 6.3429e-02 -1.0230e-02 8.2043e+04 5.3501e+04
2.6400e+03 7.6979e-12 9.6311e-01 2.0223e+03 3.1967e+03 3.0152e+03 8.7366e+18 1.8534e+21 4.2554e+21 6.3350e-02 -1.0159e-02 8.2132e+04 5.3600e+04
2.6500e+03 7.6743e-12 9.6136e-01 2.0221e+03 3.1961e+03 3.0155e+03 8.7650e+18 1.8553e+21 4.2447e+21 6.3271e-02 -1.0088e-02 8.2220e+04 5.3699e+04
2.6600e+03 7.6508e-12 9.5963e-01 2.0218e+03 3.1955e+03 3.0158e+03 8.7937e+18 1.8572e+21 4.2341e+21 6.3191e-02 -1.0017e-02 8.2310e+04 5.3800e+04
2.6700e+03 7.6275e-12 9.5792e-01 2.0215e+03 3.1948e+03 3.0161e+03 8.8227e+18 1.8591e+21 4.2236e+21 6.3111e-02 -9.9459e-03 8.2401e+04 5.3902e+04
2.6800e+03 7.6043e-12 9.5623e-01 2.0212e+03 3.1942e+03 3.0164e+03 8.8520e+18 1.8611e+21 4.2132e+21 6.3030e-02 -9.8746e-03 8.2492e+04 5.4005e+04
2.6900e+03 7.5813e-12 9.5456e-01 2.0209e+03 3.1935e+03 3.0167e+03 8.8815e+18 1.8631e+21 4.2029e+21 6.2949e-02 -9.8032e-03 8.2583e+04 5.4109e+04
2.7000e+03 7.5584e-12 9.5291e-01 2.0206e+03 3.1929e+03 3.0170e+03 8.9114e+18 1.8652e+21 4.1927e+21 6.2868e-02 -9.7318e-03 8.2676e+04 5.4215e+04
2.7100e+03 7.5356e-12 9.5127e-01 2.0203e+03 3.1922e+03 3.0173e+03 8.9416e+18 1.8673e+21 4.1826e+21 6.2786e-02 -9.6604e-03 8.2769e+04 5.4322e+04
2.7200e+03 7.5129e-12 9.4965e-01 2.0199e+03 3.1916e+03 3.0176e+03 8.9721e+18 1.8694e+21 4.1727e+21 6.2704e-02 -9.5889e-03 8.2863e+04 5.4430e+04
2.7300e+03 7.4903e-12 9.4805e-01 2.0196e+03 3.1909e+03 3.0179e+03 9.0029e+18 1.8716e+21 4.1628e+21 6.2621e-02 -9.5173e-03 8.2958e+04 5.4539e+04
2.7400e+03 7.4679e-12 9.4647e-01 2.0193e+03 3.1903e+03 3.0182e+03 9.0340e+18 1.8739e+21 4.1530e+21 6.2538e-02 -9.4458e-03 8.3053e+04 5.4650e+04
2.7500e+03 7.4456e-12 9.4490e-01 2.0190e+03 3.1896e+03 3.0185e+03 9.0653e+18 1.8762e+21 4.1433e+21 6.2455e-02 -9.3742e-03 8.3148e+04 5.4762e+04
2.7600e+03 7.4234e-12 9.4335e-01 2.0187e+03 3.1889e+03 3.0188e+03 9.0970e+18 1.8785e+21 4.1337e+21 6.2371e-02 -9.3027e-03 8.3245e+04 5.4875e+04
2.7700e+03 7.4014e-12 9.4182e-01 2.0184e+03 3.1883e+03 3.0191e+03 9.1289e+18 1.8808e+21 4.1242e+21 6.2287e-02 -9.2311e-03 8.3342e+04 5.4989e+04
2.7800e+03 7.3795e-12 9.4030e-01 2.0181e+03 3.1876e+03 3.0193e+03 9.1611e+18 1.8832e+21 4.1148e+21 6.2203e-02 -9.1596e-03 8.3440e+04 5.5105e+04
2.7900e+03 7.3576e-12 9.3879e-01 2.0177e+03 3.1869e+03 3.0196e+03 9.1936e+18 1.8857e+21 4.1055e+21 6.2119e-02 -9.0881e-03 8.3538e+04 5.5221e+04
2.8000e+03 7.3360e-12 9.3731e-01 2.0174e+03 3.1862e+03 3.0199e+03 9.2264e+18 1.8881e+21 4.0963e+21 6.2034e-02 -9.0167e-03 8.3637e+04 5.5339e+04
2.8100e+03 7.3144e-12 9.3583e-01 2.0171e+03 3.1855e+03 3.0202e+03 9.2594e+18 1.8906e+21 4.0872e+21 6.1949e-02 -8.9452e-03 8.3736e+04 5.5459e+04
2.8200e+03 7.2929e-12 9.3438e-01 2.0168e+03 3.1848e+03 3.0204e+03 9.2928e+18 1.8932e+21 4.0782e+21 6.1863e-02 -8.8739e-03 8.3836e+04 5.5579e+04
2.8300e+03 7.2716e-12 9.3293e-01 2.0165e+03 3.1841e+03 3.0207e+03 9.3264e+18 1.8958e+21 4.0692e+21 6.1778e-02 -8.8026e-03 8.3936e+04 5.5701e+04
2.8400e+03 7.2504e-12 9.3151e-01 2.0161e+03 3.1834e+03 3.0210e+03 9.3602e+18 1.8984e+21 4.0604e+21 6.1692e-02 -8.7313e-03 8.4037e+04 5.5824e+04
2.8500e+03 7.2293e-12 9.3009e-01 2.0158e+03 3.1827e+03 3.0212e+03 9.3944e+18 1.9010e+21 4.0517e+21 6.1606e-02 -8.6602e-03 8.4139e+04 5.5949e+04
2.8600e+03 7.2083e-12 9.2869e-01 2.0155e+03 3.1820e+03 3.0215e+03 9.4288e+18 1.9037e+21 4.0430e+21 6.1519e-02 -8.5891e-03 8.4241e+04 5.6074e+04
2.8700e+03 7.1874e-12 9.2730e-01 2.0152e+03 3.1813e+03 3.0218e+03 9.4635e+18 1.9065e+21 4.0345e+21 6.1433e-02 -8.5181e-03 8.4343e+04 5.6201e+04
2.8800e+03 7.1666e-12 9.2593e-01 2.0148e+03 3.1806e+03 3.0220e+03 9.4984e+18 1.9092e+21 4.0260e+21 6.1346e-02 -8.4473e-03 8.4446e+04 5.6329e+04
2.8900e+03 7.1460e-12 9.2457e-01 2.0145e+03 3.1799e+03 3.0223e+03 9.5337e+18 1.9120e+21 4.0176e+21 6.1259e-02 -8.3765e-03 8.4550e+04 5.6459e+04
2.9000e+03 7.1254e-12 9.2323e-01 2.0142e+03 3.1792e+03 3.0225e+03 9.5691e+18 1.9148e+21 4.0093e+21 6.1172e-02 -8.3058e-03 8.4654e+04 5.6590e+04
2.9100e+03 7.1050e-12 9.2189e-01 2.0138e+03 3.1785e+03 3.0228e+03 9.6049e+18 1.9177e+21 4.0011e+21 6.1085e-02 -8.2353e-03 8.4759e+04 5.6722e+04
2.9200e+03 7.0847e-12 9.2057e-01 2.0135e+03 3.1778e+03 3.0230e+03 9.6409e+18 1.9206e+21 3.9930e+21 6.0998e-02 -8.1648e-03 8.4863e+04 5.6855e+04
2.9300e+03 7.0645e-12 9.1927e-01 2.0132e+03 3.1771e+03 3.0233e+03 9.6772e+18 1.9235e+21 3.9850e+21 6.0910e-02 -8.0945e-03 8.4969e+04 5.6990e+04
2.9400e+03 7.0444e-12 9.1797e-01 2.0128e+03 3.1763e+03 3.0235e+03 9.7137e+18 1.9265e+21 3.9770e+21 6.0823e-02 -8.0244e-03 8.5075e+04 5.7126e+04
2.9500e+03 7.0244e-12 9.1669e-01 2.0125e+03 3.1756e+03 3.0238e+03 9.7505e+18 1.9295e+21 3.9692e+21 6.0735e-02 -7.9544e-03 8.5181e+04 5.7263e+04
2.9600e+03 7.0045e-12 9.1542e-01 2.0122e+03 3.1749e+03 3.0240e+03 9.7875e+18 1.9325e+21 3.9614e+21 6.0647e-02 -7.8845e-03 8.5288e+04 5.7402e+04
2.9700e+03 6.9847e-12 9.1416e-01 2.0118e+03 3.1742e+03 3.0243e+03 9.8248e+18 1.9356e+21 3.9537e+21 6.0559e-02 -7.8148e-03 8.5395e+04 5.7542e+04
2.9800e+03 6.9651e-12 9.1291e-01 2.0115e+03 3.1734e+03 3.0245e+03 9.8623e+18 1.9386e+21 3.9461e+21 6.0471e-02 -7.7452e-03 8.5503e+04 5.7684e+04
2.9900e+03 6.9455e-12 9.1168e-01 2.0111e+03 3.1727e+03 3.0247e+03 9.9002e+18 1.9418e+21 3.9386e+21 6.0383e-02 -7.6758e-03 8.5611e+04 5.7826e+04
3.0000e+03 6.9260e-12 9.1046e-01 2.0108e+03 3.1720e+03 3.0250e+03 9.9382e+18 1.9449e+21 3.9312e+21 6.0295e-02 -7.6066e-03 8.5719e+04 5.7970e+04
3.0100e+03 6.9067e-12 9.0924e-01 2.0105e+03 3.1712e+03 3.0252e+03 9.9765e+18 1.9481e+21 3.9238e+21 6.0206e-02 -7.5375e-03 8.5828e+04 5.8116e+04
3.0200e+03 6.8874e-12 9.0804e-01 2.0101e+03 3.1705e+03 3.0254e+03 1.0015e+19 1.9513e+21 3.9165e+21 6.0118e-02 -7.4686e-03 8.5937e+04 5.8263e+04
3.0300e+03 6.8682e-12 9.0685e-01 2.0098e+03 3.1697e+03 3.0257e+03 1.0054e+19 1.9545e+21 3.9093e+21 6.0029e-02 -7.3999e-03 8.6047e+04 5.8411e+04
3.0400e+03 6.8492e-12 9.0567e-01 2.0094e+03 3.1690e+03 3.0259e+03 1.0093e+19 1.9578e+21 3.9022e+21 5.9941e-02 -7.3314e-03 8.6157e+04 5.8561e+04
3.0500e+03 6.8302e-12 9.0450e-01 2.0091e+03 3.1682e+03 3.0261e+03 1.0132e+19 1.9611e+21 3.8952e+21 5.9852e-02 -7.2631e-03 8.6267e+04 5.8712e+04
3.0600e+03 6.8114e-12 9.0335e-01 2.0087e+03 3.1675e+03 3.0263e+03 1.0172e+19 1.9644e+21 3.8882e+21 5.9763e-02 -7.1949e-03 8.6378e+04 5.8865e+04
3.0700e+03 6.7926e-12 9.0220e-01 2.0084e+03 3.1668e+03 3.0265e+03 1.0212e+19 1.9678e+21 3.8814e+21 5.9675e-02 -7.1270e-03 8.6489e+04 5.9019e+04
3.0800e+03 6.7740e-12 9.0106e-01 2.0081e+03 3.1660e+03 3.0268e+03 1.0252e+19 1.9712e+21 3.8746e+21 5.9586e-02 -7.0592e-03 8.6600e+04 5.9174e+04
3.0900e+03 6.7554e-12 8.9993e-01 2.0077e+03 3.1652e+03 3.0270e+03 1.0292e+19 1.9746e+21 3.8678e+21 5.9497e-02 -6.9917e-03 8.6712e+04 5.9331e+04
3.1000e+03 6.7370e-12 8.9881e-01 2.0074e+03 3.1645e+03 3.0272e+03 1.0332e+19 1.9780e+21 3.8612e+21 5.9408e-02 -6.9244e-03 8.6824e+04 5.9490e+04
3.1100e+03 6.7186e-12 8.9771e-01 2.0070e+03 3.1637e+03 3.0274e+03 1.0373e+19 1.9815e+21 3.8546e+21 5.9320e-02 -6.8573e-03 8.6937e+04 5.9650e+04
3.1200e+03 6.7003e-12 8.9661e-01 2.0067e+03 3.1630e+03 3.0276e+03 1.0414e+19 1.9850e+21 3.8481e+21 5.9231e-02 -6.7904e-03 8.7049e+04 5.9812e+04
3.1300e+03 6.6822e-12 8.9552e-01 2.0063e+03 3.1622e+03 3.0278e+03 1.0455e+19 1.9885e+21 3.8417e+21 5.9142e-02 -6.7237e-03 8.7162e+04 5.9975e+04
3.1400e+03 6.6641e-12 8.9444e-01 2.0060e+03 3.1615e+03 3.0280e+03 1.0497e+19 1.9920e+21 3.8354e+21 5.9053e-02 -6.6573e-03 8.7276e+04 6.0139e+04
3.1500e+03 6.6461e-12 8.9337e-01 2.0056e+03 3.1607e+03 3.0282e+03 1.0539e+19 1.9956e+21 3.8291e+21 5.8964e-02 -6.5910e-03 8.7390e+04 6.0305e+04
3.1600e+03 6.6282e-12 8.9231e-01 2.0053e+03 3.1599e+03 3.0284e+03 1.0581e+19 1.9992e+21 3.8229e+21 5.8876e-02 -6.5250e-03 8.7504e+04 6.0473e+04
3.1700e+03 6.6104e-12 8.9126e-01 2.0049e+03 3.1592e+03 3.0286e+03 1.0623e+19 2.0028e+21 3.8168e+21 5.8787e-02 -6.4593e-03 8.7618e+04 6.0643e+04
3.1800e+03 6.5927e-12 8.9021e-01 2.0046e+03 3.1584e+03 3.0288e+03 1.0665e+19 2.0065e+21 3.8108e+21 5.8698e-02 -6.3937e-03 8.7733e+04 6.0814e+04
3.1900e+03 6.5751e-12 8.8918e-01 2.0042e+03 3.1577e+03 3.0290e+03 1.0708e+19 2.0101e+21 3.8048e+21 5.8609e-02 -6.3284e-03 8.7847e+04 6.0986e+04
3.2000e+03 6.5576e-12 8.8815e-01 2.0039e+03 3.1569e+03 3.0292e+03 1.0751e+19 2.0138e+21 3.7989e+21 5.8521e-02 -6.2633e-03 8.7963e+04 6.1160e+04
3.2100e+03 6.5402e-12 8.8714e-01 2.0035e+03 3.1561e+03 3.0294e+03 1.0794e+19 2.0176e+21 3.7930e+21 5.8432e-02 -6.1985e-03 8.8078e+04 6.1336e+04
3.2200e+03 6.5228e-12 8.8613e-01 2.0032e+03 3.1554e+03 3.0296e+03 1.0837e+19 2.0213e+21 3.7873e+21 5.8343e-02 -6.1339e-03 8.8194e+04 6.1514e+04
3.2300e+03 6.5056e-12 8.8513e-01 2.0028e+03 3.1546e+03 3.0298e+03 1.0881e+19 2.0251e+21 3.7816e+21 5.8255e-02 -6.0696e-03 8.8310e+04 6.1693e+04
3.2400e+03 6.4884e-12 8.8414e-01 2.0025e+03 3.1538e+03 3.0300e+03 1.0925e+19 2.0289e+21 3.7759e+21 5.8166e-02 -6.0055e-03 8.8426e+04 6.1874e+04
3.2500e+03 6.4713e-12 8.8315e-01 2.0021e+03 3.1530e+03 3.0301e+03 1.0969e+19 2.0327e+21 3.7704e+21 5.8078e-02 -5.9417e-03 8.8543e+04 6.2057e+04
3.2600e+03 6.4544e-12 8.8218e-01 2.0018e+03 3.1523e+03 3.0303e+03 1.1013e+19 2.0365e+21 3.7649e+21 5.7989e-02 -5.8781e-03 8.8659e+04 6.2242e+04
3.2700e+03 6.4375e-12 8.8121e-01 2.0014e+03 3.1515e+03 3.0305e+03 1.1058e+19 2.0404e+21 3.7595e+21 5.7901e-02 -5.8148e-03 8.8776e+04 6.2428e+04
3.2800e+03 6.4206e-12 8.8025e-01 2.0011e+03 3.1507e+03 3.0307e+03 1.1103e+19 2.0443e+21 3.7541e+21 5.7813e-02 -5.7517e-03 8.8894e+04 6.2616e+04
3.2900e+03 6.4039e-12 8.7930e-01 2.0007e+03 3.1499e+03 3.0308e+03 1.1148e+19 2.0482e+21 3.7488e+21 5.7725e-02 -5.6889e-03 8.9011e+04 6.2806e+04
3.3000e+03 6.3873e-12 8.7836e-01 2.0004e+03 3.1492e+03 3.0310e+03 1.1193e+19 2.0522e+21 3.7436e+21 5.7637e-02 -5.6263e-03 8.9129e+04 6.2998e+04
3.3100e+03 6.3707e-12 8.7742e-01 2.0000e+03 3.1484e+03 3.0312e+03 1.1238e+19 2.0561e+21 3.7384e+21 5.7548e-02 -5.5640e-03 8.9247e+04 6.3192e+04
3.3200e+03 6.3542e-12 8.7649e-01 1.9997e+03 3.1476e+03 3.0314e+03 1.1284e+19 2.0601e+21 3.7333e+21 5.7461e-02 -5.5020e-03 8.9365e+04 6.3388e+04
3.3300e+03 6.3379e-12 8.7557e-01 1.9993e+03 3.1468e+03 3.0315e+03 1.1330e+19 2.0641e+21 3.7283e+21 5.7373e-02 -5.4402e-03 8.9484e+04 6.3586e+04
3.3400e+03 6.3216e-12 8.7465e-01 1.9990e+03 3.1461e+03 3.0317e+03 1.1376e+19 2.0681e+21 3.7233e+21 5.7285e-02 -5.3787e-03 8.9602e+04 6.3785e+04
3.3500e+03 6.3053e-12 8.7375e-01 1.9986e+03 3.1453e+03 3.0319e+03 1.1422e+19 2.0722e+21 3.7184e+21 5.7197e-02 -5.3175e-03 8.9721e+04 6.3987e+04
3.3600e+03 6.2892e-12 8.7285e-01 1.9982e+03 3.1445e+03 3.0320e+03 1.1469e+19 2.0762e+21 3.7136e+21 5.7110e-02 -5.2565e-03 8.9840e+04 6.4191e+04
3.3700e+03 6.2731e-12 8.7195e-01 1.9979e+03 3.1437e+03 3.0322e+03 1.1516e+19 2.0803e+21 3.7088e+21 5.7022e-02 -5.1958e-03 8.9960e+04 6.4397e+04
3.3800e+03 6.2571e-12 8.7107e-01 1.9975e+03 3.1429e+03 3.0323e+03 1.1563e+19 2.0844e+21 3.7041e+21 5.6935e-02 -5.1353e-03 9.0079e+04 6.4604e+04
3.3900e+03 6.2412e-12 8.7019e-01 1.9972e+03 3.1421e+03 3.0325e+03 1.1610e+19 2.0885e+21 3.6994e+21 5.6847e-02 -5.0752e-03 9.0199e+04 6.4814e+04
3.4000e+03 6.2254e-12 8.6932e-01 1.9968e+03 3.1414e+03 3.0326e+03 1.1658e+19 2.0927e+21 3.6948e+21 5.6760e-02 -5.0153e-03 9.0319e+04 6.5027e+04
3.4100e+03 6.2097e-12 8.6845e-01 1.9965e+03 3.1406e+03 3.0328e+03 1.1705e+19 2.0969e+21 3.6903e+21 5.6673e-02 -4.9556e-03 9.0439e+04 6.5241e+04
3.4200e+03 6.1940e-12 8.6759e-01 1.9961e+03 3.1398e+03 3.0329e+03 1.1753e+19 2.1010e+21 3.6858e+21 5.6586e-02 -4.8963e-03 9.0559e+04 6.5458e+04
3.4300e+03 6.1784e-12 8.6674e-01 1.9958e+03 3.1390e+03 3.0331e+03 1.1802e+19 2.1052e+21 3.6814e+21 5.6499e-02 -4.8372e-03 9.0679e+04 6.5677e+04
3.4400e+03 6.1629e-12 8.6589e-01 1.9954e+03 3.1382e+03 3.0332e+03 1.1850e+19 2.1095e+21 3.6770e+21 5.6413e-02 -4.7784e-03 9.0800e+04 6.5898e+04
3.4500e+03 6.1475e-12 8.6505e-01 1.9951e+03 3.1374e+03 3.0334e+03 1.1899e+19 2.1137e+21 3.6727e+21 5.6326e-02 -4.7199e-03 9.0921e+04 6.6122e+04
3.4600e+03 6.1322e-12 8.6422e-01 1.9947e+03 3.1366e+03 3.0335e+03 1.1947e+19 2.1180e+21 3.6685e+21 5.6240e-02 -4.6616e-03 9.1042e+04 6.6348e+04
3.4700e+03 6.1169e-12 8.6339e-01 1.9944e+03 3.1358e+03 3.0337e+03 1.1997e+19 2.1223e+21 3.6643e+21 5.6153e-02 -4.6036e-03 9.1163e+04 6.6576e+04
3.4800e+03 6.1017e-12 8.6257e-01 1.9940e+03 3.1350e+03 3.0338e+03 1.2046e+19 2.1266e+21 3.6602e+21 5.6067e-02 -4.5459e-03 9.1285e+04 6.6807e+04
3.4900e+03 6.0866e-12 8.6176e-01 1.9937e+03 3.1343e+03 3.0340e+03 1.2095e+19 2.1309e+21 3.6561e+21 5.5981e-02 -4.4885e-03 9.1406e+04 6.7041e+04
3.5000e+03 6.0715e-12 8.6095e-01 1.9933e+03 3.1335e+03 3.0341e+03 1.2145e+19 2.1352e+21 3.6521e+21 5.5895e-02 -4.4314e-03 9.1528e+04 6.7277e+04
3.5100e+03 6.0565e-12 8.6015e-01 1.9930e+03 3.1327e+03 3.0342e+03 1.2195e+19 2.1396e+21 3.6481e+21 5.5809e-02 -4.3745e-03 9.1650e+04 6.7515e+04
3.5200e+03 6.0416e-12 8.5935e-01 1.9926e+03 3.1319e+03 3.0344e+03 1.2245e+19 2.1439e+21 3.6442e+21 5.5723e-02 -4.3179e-03 9.1772e+04 6.7757e+04
3.5300e+03 6.0268e-12 8.5856e-01 1.9923e+03 3.1311e+03 3.0345e+03 1.2296e+19 2.1483e+21 3.6404e+21 5.5638e-02 -4.2616e-03 9.1894e+04 6.8001e+04
3.5400e+03 6.0120e-12 8.5777e-01 1.9919e+03 3.1303e+03 3.0346e+03 1.2346e+19 2.1527e+21 3.6366e+21 5.5552e-02 -4.2055e-03 9.2016e+04 6.8248e+04
3.5500e+03 5.9974e-12 8.5699e-01 1.9916e+03 3.1295e+03 3.0347e+03 1.2397e+19 2.1572e+21 3.6329e+21 5.5467e-02 -4.1498e-03 9.2139e+04 6.8497e+04
3.5600e+03 5.9827e-12 8.5622e-01 1.9912e+03 3.1287e+03 3.0349e+03 1.2448e+19 2.1616e+21 3.6292e+21 5.5382e-02 -4.0943e-03 9.2261e+04 6.8750e+04
3.5700e+03 5.9682e-12 8.5545e-01 1.9908e+03 3.1279e+03 3.0350e+03 1.2500e+19 2.1660e+21 3.6255e+21 5.5297e-02 -4.0391e-03 9.2384e+04 6.9006e+04
3.5800e+03 5.9537e-12 8.5469e-01 1.9905e+03 3.1271e+03 3.0351e+03 1.2551e+19 2.1705e+21 3.6220e+21 5.5212e-02 -3.9842e-03 9.2507e+04 6.9264e+04
3.5900e+03 5.9393e-12 8.5393e-01 1.9901e+03 3.1263e+03 3.0352e+03 1.2603e+19 2.1750e+21 3.6184e+21 5.5127e-02 -3.9295e-03 9.2630e+04 6.9526e+04
3.6000e+03 5.9250e-12 8.5318e-01 1.9898e+03 3.1255e+03 3.0354e+03 1.2655e+19 2.1795e+21 3.6150e+21 5.5043e-02 -3.8751e-03 9.2753e+04 6.9791e+04
3.6100e+03 5.9107e-12 8.5243e-01 1.9894e+03 3.1247e+03 3.0355e+03 1.2707e+19 2.1840e+21 3.6115e+21 5.4958e-02 -3.8210e-03 9.2876e+04 7.0059e+04
3.6200e+03 5.8965e-12 8.5169e-01 1.9891e+03 3.1239e+03 3.0356e+03 1.2760e+19 2.1885e+21 3.6082e+21 5.4874e-02 -3.7672e-03 9.3000e+04 7.0330e+04
3.6300e+03 5.8824e-12 8.5096e-01 1.9887e+03 3.1231e+03 3.0357e+03 1.2812e+19 2.1931e+21 3.6048e+21 5.4790e-02 -3.7137e-03 9.3123e+04 7.0605e+04
3.6400e+03 5.8684e-12 8.5023e-01 1.9884e+03 3.1223e+03 3.0358e+03 1.2865e+19 2.1976e+21 3.6016e+21 5.4706e-02 -3.6604e-03 9.3247e+04 7.0883e+04
3.6500e+03 5.8544e-12 8.4950e-01 1.9880e+03 3.1215e+03 3.0359e+03 1.2918e+19 2.2022e+21 3.5984e+21 5.4622e-02 -3.6074e-03 9.3371e+04 7.1165e+04
3.6600e+03 5.8405e-12 8.4878e-01 1.9877e+03 3.1207e+03 3.0360e+03 1.2971e+19 2.2068e+21 3.5952e+21 5.4539e-02 -3.5547e-03 9.3495e+04 7.1451e+04
3.6700e+03 5.8266e-12 8.4807e-01 1.9873e+03 3.1199e+03 3.0362e+03 1.3025e+19 2.2114e+21 3.5921e+21 5.4455e-02 -3.5023e-03 9.3619e+04 7.1740e+04
3.6800e+03 5.8128e-12 8.4736e-01 1.9870e+03 3.1191e+03 3.0363e+03 1.3079e+19 2.2160e+21 3.5890e+21 5.4372e-02 -3.4501e-03 9.3743e+04 7.2033e+04
3.6900e+03 5.7991e-12 8.4665e-01 1.9866e+03 3.1183e+03 3.0364e+03 1.3133e+19 2.2206e+21 3.5860e+21 5.4289e-02 -3.3982e-03 9.3867e+04 7.2329e+04
3.7000e+03 5.7855e-12 8.4595e-01 1.9863e+03 3.1175e+03 3.0365e+03 1.3187e+19 2.2253e+21 3.5830e+21 5.4206e-02 -3.3466e-03 9.3992e+04 7.2630e+04
3.7100e+03 5.7719e-12 8.4525e-01 1.9860e+03 3.1167e+03 3.0366e+03 1.3241e+19 2.2299e+21 3.5801e+21 5.4123e-02 -3.2952e-03 9.4116e+04 7.2935e+04
3.7200e+03 5.7583e-12 8.4456e-01 1.9856e+03 3.1159e+03 3.0367e+03 1.3296e+19 2.2346e+21 3.5772e+21 5.4040e-02 -3.2442e-03 9.4241e+04 7.3244e+04
3.7300e+03 5.7449e-12 8.4388e-01 1.9853e+03 3.1151e+03 3.0368e+03 1.3351e+19 2.2392e+21 3.5743e+21 5.3958e-02 -3.1934e-03 9.4366e+04 7.3558e+04
3.7400e+03 5.7315e-12 8.4320e-01 1.9849e+03 3.1143e+03 3.0369e+03 1.3406e+19 2.2439e+21 3.5716e+21 5.3876e-02 -3.1428e-03 9.4491e+04 7.3876e+04
3.7500e+03 5.7182e-12 8.4252e-01 1.9846e+03 3.1134e+03 3.0370e+03 1.3461e+19 2.2486e+21 3.5688e+21 5.3793e-02 -3.0926e-03 9.4615e+04 7.4198e+04
3.7600e+03 5.7049e-12 8.4185e-01 1.9842e+03 3.1126e+03 3.0371e+03 1.3516e+19 2.2533e+21 3.5661e+21 5.3711e-02 -3.0426e-03 9.4740e+04 7.4525e+04
3.7700e+03 5.6917e-12 8.4118e-01 1.9839e+03 3.1118e+03 3.0371e+03 1.3572e+19 2.2580e+21 3.5635e+21 5.3630e-02 -2.9928e-03 9.4866e+04 7.4857e+04
3.7800e+03 5.6785e-12 8.4052e-01 1.9835e+03 3.1110e+03 3.0372e+03 1.3628e+19 2.2627e+21 3.5609e+21 5.3548e-02 -2.9434e-03 9.4991e+04 7.5194e+04
3.7900e+03 5.6655e-12 8.3986e-01 1.9832e+03 3.1102e+03 3.0373e+03 1.3684e+19 2.2675e+21 3.5583e+21 5.3467e-02 -2.8942e-03 9.5116e+04 7.5536e+04
3.8000e+03 5.6524e-12 8.3920e-01 1.9828e+03 3.1094e+03 3.0374e+03 1.3741e+19 2.2722e+21 3.5558e+21 5.3385e-02 -2.8452e-03 9.5242e+04 7.5883e+04
3.8100e+03 5.6395e-12 8.3855e-01 1.9825e+03 3.1086e+03 3.0375e+03 1.3797e+19 2.2769e+21 3.5533e+21 5.3304e-02 -2.7965e-03 9.5367e+04 7.6236e+04
3.8200e+03 5.6266e-12 8.3791e-01 1.9821e+03 3.1078e+03 3.0376e+03 1.3854e+19 2.2817e+21 3.5509e+21 5.3223e-02 -2.7481e-03 9.5493e+04 7.6594e+04
3.8300e+03 5.6137e-12 8.3726e-01 1.9818e+03 3.1069e+03 3.0377e+03 1.3911e+19 2.2865e+21 3.5485e+21 5.3142e-02 -2.7000e-03 9.5618e+04 7.6958e+04
3.8400e+03 5.6010e-12 8.3663e-01 1.9815e+03 3.1061e+03 3.0378e+03 1.3968e+19 2.2912e+21 3.5462e+21 5.3062e-02 -2.6521e-03 9.5744e+04 7.7329e+04
3.8500e+03 5.5882e-12 8.3599e-01 1.9811e+03 3.1053e+03 3.0378e+03 1.4026e+19 2.2960e+21 3.5439e+21 5.2981e-02 -2.6044e-03 9.5870e+04 7.7705e+04
3.8600e+03 5.5756e-12 8.3537e-01 1.9808e+03 3.1045e+03 3.0379e+03 1.4083e+19 2.3007e+21 3.5416e+21 5.2901e-02 -2.5570e-03 9.5996e+04 7.8088e+04
3.8700e+03 5.5630e-12 8.3474e-01 1.9804e+03 3.1036e+03 3.0380e+03 1.4141e+19 2.3055e+21 3.5394e+21 5.2821e-02 -2.5099e-03 9.6122e+04 7.8477e+04
3.8800e+03 5.5504e-12 8.3412e-01 1.9801e+03 3.1028e+03 3.0381e+03 1.4199e+19 2.3103e+21 3.5373e+21 5.2741e-02 -2.4630e-03 9.6248e+04 7.8873e+04
3.8900e+03 5.5380e-12 8.3350e-01 1.9797e+03 3.1020e+03 3.0381e+03 1.4258e+19 2.3151e+21 3.5351e+21 5.2662e-02 -2.4164e-03 9.6374e+04 7.9276e+04
3.9000e+03 5.5255e-12 8.3289e-01 1.9794e+03 3.1012e+03 3.0382e+03 1.4316e+19 2.3199e+21 3.5330e+21 5.2582e-02 -2.3700e-03 9.6500e+04 7.9687e+04
3.9100e+03 5.5132e-12 8.3228e-01 1.9791e+03 3.1003e+03 3.0383e+03 1.4375e+19 2.3246e+21 3.5310e+21 5.2503e-02 -2.3238e-03 9.6627e+04 8.0105e+04
3.9200e+03 5.5008e-12 8.3168e-01 1.9787e+03 3.0995e+03 3.0384e+03 1.4434e+19 2.3294e+21 3.5290e+21 5.2424e-02 -2.2779e-03 9.6753e+04 8.0531e+04
3.9300e+03 5.4886e-12 8.3108e-01 1.9784e+03 3.0987e+03 3.0384e+03 1.4493e+19 2.3342e+21 3.5270e+21 5.2345e-02 -2.2322e-03 9.6879e+04 8.0965e+04
3.9400e+03 5.4764e-12 8.3048e-01 1.9780e+03 3.0978e+03 3.0385e+03 1.4553e+19 2.3390e+21 3.5251e+21 5.2266e-02 -2.1868e-03 9.7006e+04 8.1408e+04
3.9500e+03 5.4643e-12 8.2989e-01 1.9777e+03 3.0970e+03 3.0386e+03 1.4612e+19 2.3438e+21 3.5232e+21 5.2187e-02 -2.1416e-03 9.7132e+04 8.1860e+04
3.9600e+03 5.4522e-12 8.2930e-01 1.9774e+03 3.0962e+03 3.0386e+03 1.4672e+19 2.3486e+21 3.5214e+21 5.2109e-02 -2.0966e-03 9.7259e+04 8.2322e+04
3.9700e+03 5.4401e-12 8.2871e-01 1.9770e+03 3.0953e+03 3.0387e+03 1.4732e+19 2.3533e+21 3.5196e+21 5.2031e-02 -2.0519e-03 9.7386e+04 8.2792e+04
3.9800e+03 5.4282e-12 8.2813e-01 1.9767e+03 3.0945e+03 3.0388e+03 1.4793e+19 2.3581e+21 3.5178e+21 5.1952e-02 -2.0073e-03 9.7512e+04 8.3274e+04
3.9900e+03 5.4162e-12 8.2755e-01 1.9763e+03 3.0936e+03 3.0388e+03 1.4853e+19 2.3628e+21 3.5161e+21 5.1875e-02 -1.9630e-03 9.7639e+04 8.3765e+04
4.0000e+03 5.4044e-12 8.2698e-01 1.9760e+03 3.0928e+03 3.0389e+03 1.4914e+19 2.3676e+21 3.5144e+21 5.1797e-02 -1.9189e-03 9.7766e+04 8.4268e+04
4.0100e+03 5.3926e-12 8.2641e-01 1.9757e+03 3.0919e+03 3.0389e+03 1.4975e+19 2.3723e+21 3.5128e+21 5.1719e-02 -1.8751e-03 9.7893e+04 8.4783e+04
4.0200e+03 5.3808e-12 8.2584e-01 1.9753e+03 3.0911e+03 3.0390e+03 1.5036e+19 2.3771e+21 3.5112e+21 5.1642e-02 -1.8314e-03 9.8020e+04 8.5309e+04
4.0300e+03 5.3691e-12 8.2528e-01 1.9750e+03 3.0902e+03 3.0390e+03 1.5097e+19 2.3818e+21 3.5096e+21 5.1565e-02 -1.7879e-03 9.8147e+04 8.5849e+04
4.0400e+03 5.3574e-12 8.2472e-01 1.9746e+03 3.0893e+03 3.0391e+03 1.5159e+19 2.3865e+21 3.5081e+21 5.1488e-02 -1.7447e-03 9.8274e+04 8.6402e+04
4.0500e+03 5.3458e-12 8.2416e-01 1.9743e+03 3.0885e+03 3.0392e+03 1.5221e+19 2.3912e+21 3.5066e+21 5.1411e-02 -1.7016e-03 9.8401e+04 8.6970e+04
4.0600e+03 5.3343e-12 8.2360e-01 1.9740e+03 3.0876e+03 3.0392e+03 1.5283e+19 2.3958e+21 3.5051e+21 5.1335e-02 -1.6587e-03 9.8528e+04 8.7552e+04
4.0700e+03 5.3228e-12 8.2305e-01 1.9736e+03 3.0867e+03 3.0393e+03 1.5345e+19 2.4005e+21 3.5037e+21 5.1258e-02 -1.6160e-03 9.8656e+04 8.8151e+04
4.0800e+03 5.3113e-12 8.2251e-01 1.9733e+03 3.0859e+03 3.0393e+03 1.5408e+19 2.4051e+21 3.5023e+21 5.1182e-02 -1.5734e-03 9.8783e+04 8.8766e+04
4.0900e+03 5.3000e-12 8.2196e-01 1.9730e+03 3.0850e+03 3.0394e+03 1.5470e+19 2.4097e+21 3.5010e+21 5.1106e-02 -1.5310e-03 9.8910e+04 8.9399e+04
4.1000e+03 5.2886e-12 8.2142e-01 1.9726e+03 3.0841e+03 3.0394e+03 1.5533e+19 2.4143e+21 3.4997e+21 5.1030e-02 -1.4888e-03 9.9037e+04 9.0052e+04
4.1100e+03 5.2773e-12 8.2089e-01 1.9723e+03 3.0832e+03 3.0394e+03 1.5596e+19 2.4188e+21 3.4984e+21 5.0955e-02 -1.4467e-03 9.9165e+04 9.0725e+04
4.1200e+03 5.2661e-12 8.2035e-01 1.9720e+03 3.0823e+03 3.0395e+03 1.5660e+19 2.4233e+21 3.4972e+21 5.0879e-02 -1.4047e-03 9.9292e+04 9.1420e+04
4.1300e+03 5.2549e-12 8.1982e-01 1.9716e+03 3.0814e+03 3.0395e+03 1.5723e+19 2.4277e+21 3.4960e+21 5.0804e-02 -1.3629e-03 9.9420e+04 9.2138e+04
4.1400e+03 5.2437e-12 8.1929e-01 1.9713e+03 3.0805e+03 3.0396e+03 1.5787e+19 2.4322e+21 3.4948e+21 5.0729e-02 -1.3211e-03 9.9547e+04 9.2882e+04
4.1500e+03 5.2326e-12 8.1877e-01 1.9710e+03 3.0796e+03 3.0396e+03 1.5851e+19 2.4365e+21 3.4937e+21 5.0654e-02 -1.2795e-03 9.9675e+04 9.3653e+04
4.1600e+03 5.2216e-12 8.1825e-01 1.9706e+03 3.0786e+03 3.0397e+03 1.5915e+19 2.4408e+21 3.4926e+21 5.0579e-02 -1.2379e-03 9.9802e+04 9.4453e+04
4.1700e+03 5.2106e-12 8.1773e-01 1.9703e+03 3.0777e+03 3.0397e+03 1.5980e+19 2.4451e+21 3.4915e+21 5.0505e-02 -1.1963e-03 9.9930e+04 9.5286e+04
4.1800e+03 5.1997e-12 8.1721e-01 1.9700e+03 3.0767e+03 3.0397e+03 1.6044e+19 2.4493e+21 3.4905e+21 5.0430e-02 -1.1548e-03 1.0006e+05 9.6154e+04
4.1900e+03 5.1888e-12 8.1670e-01 1.9696e+03 3.0758e+03 3.0398e+03 1.6109e+19 2.4534e+21 3.4895e+21 5.0356e-02 -1.1133e-03 1.0018e+05 9.7060e+04
4.2000e+03 5.1779e-12 8.1619e-01 1.9693e+03 3.0748e+03 3.0398e+03 1.6174e+19 2.4574e+21 3.4886e+21 5.0282e-02 -1.0718e-03 1.0031e+05 9.8009e+04
4.2100e+03 5.1671e-12 8.1569e-01 1.9690e+03 3.0738e+03 3.0398e+03 1.6240e+19 2.4613e+21 3.4877e+21 5.0209e-02 -1.0301e-03 1.0044e+05 9.9005e+04
4.2200e+03 5.1564e-12 8.1518e-01 1.9687e+03 3.0728e+03 3.0399e+03 1.6305e+19 2.4651e+21 3.4868e+21 5.0135e-02 -9.8837e-04 1.0057e+05 1.0005e+05
4.2300e+03 5.1457e-12 8.1468e-01 1.9683e+03 3.0718e+03 3.0399e+03 1.6371e+19 2.4688e+21 3.4860e+21 5.0062e-02 -9.4644e-04 1.0070e+05 1.0116e+05
4.2400e+03 5.1350e-12 8.1418e-01 1.9680e+03 3.0708e+03 3.0399e+03 1.6437e+19 2.4723e+21 3.4852e+21 4.9989e-02 -9.0426e-04 1.0082e+05 1.0234e+05
4.2500e+03 5.1244e-12 8.1369e-01 1.9677e+03 3.0697e+03 3.0399e+03 1.6503e+19 2.4756e+21 3.4844e+21 4.9916e-02 -8.6174e-04 1.0095e+05 1.0360e+05
4.2600e+03 5.1138e-12 8.1319e-01 1.9673e+03 3.0686e+03 3.0400e+03 1.6569e+19 2.4788e+21 3.4837e+21 4.9843e-02 -8.1877e-04 1.0108e+05 1.0494e+05
4.2700e+03 5.1033e-12 8.1270e-01 1.9670e+03 3.0675e+03 3.0400e+03 1.6636e+19 2.4817e+21 3.4830e+21 4.9771e-02 -7.7521e-04 1.0121e+05 1.0640e+05
4.2800e+03 5.0928e-12 8.1221e-01 1.9667e+03 3.0663e+03 3.0400e+03 1.6702e+19 2.4843e+21 3.4823e+21 4.9698e-02 -7.3085e-04 1.0133e+05 1.0799e+05
4.2900e+03 5.0824e-12 8.1173e-01 1.9664e+03 3.0651e+03 3.0400e+03 1.6769e+19 2.4865e+21 3.4817e+21 4.9626e-02 -6.8542e-04 1.0146e+05 1.0974e+05
4.3000e+03 5.0720e-12 8.1124e-01 1.9660e+03 3.0638e+03 3.0401e+03 1.6836e+19 2.4883e+21 3.4811e+21 4.9554e-02 -6.3849e-04 1.0159e+05 1.1170e+05
4.3100e+03 5.0617e-12 8.1076e-01 1.9657e+03 3.0625e+03 3.0401e+03 1.6903e+19 2.4893e+21 3.4806e+21 4.9483e-02 -5.8941e-04 1.0172e+05 1.1395e+05
4.3200e+03 5.0514e-12 8.1028e-01 1.9654e+03 3.0610e+03 3.0401e+03 1.6971e+19 2.4894e+21 3.4801e+21 4.9411e-02 -5.3700e-04 1.0184e+05 1.1661e+05
4.3300e+03 5.0411e-12 8.0980e-01 1.9651e+03 3.0593e+03 3.0401e+03 1.7038e+19 2.4879e+21 3.4796e+21 4.9340e-02 -4.7877e-04 1.0197e+05 1.1997e+05
4.3400e+03 5.0309e-12 8.0932e-01 1.9648e+03 3.0571e+03 3.0401e+03 1.7106e+19 2.4828e+21 3.4792e+21 4.9269e-02 -4.0705e-04 1.0210e+05 1.2486e+05
4.3500e+03 5.0207e-12 8.0885e-01 1.9644e+03 3.0537e+03 3.0401e+03 1.7174e+19 2.4691e+21 3.4789e+21 4.9199e-02 -3.0320e-04 1.0222e+05 1.3419e+05
4.3600e+03 5.0106e-12 8.0837e-01 1.9641e+03 3.0537e+03 3.0402e+03 1.7242e+19 2.4803e+21 3.4786e+21 4.9129e-02 -3.0293e-04 1.0235e+05 1.3435e+05
4.3700e+03 5.0005e-12 8.0789e-01 1.9638e+03 3.0537e+03 3.0402e+03 1.7310e+19 2.4915e+21 3.4784e+21 4.9059e-02 -3.0267e-04 1.0248e+05 1.3450e+05
4.3800e+03 4.9905e-12 8.0742e-01 1.9635e+03 3.0537e+03 3.0402e+03 1.7378e+19 2.5028e+21 3.4781e+21 4.8989e-02 -3.0241e-04 1.0260e+05 1.3465e+05
4.3900e+03 4.9805e-12 8.0696e-01 1.9632e+03 3.0538e+03 3.0402e+03 1.7447e+19 2.5142e+21 3.4778e+21 4.8919e-02 -3.0216e-04 1.0273e+05 1.3480e+05
4.4000e+03 4.9706e-12 8.0650e-01 1.9628e+03 3.0538e+03 3.0402e+03 1.7516e+19 2.5256e+21 3.4776e+21 4.8849e-02 -3.0190e-04 1.0286e+05 1.3495e+05
4.4100e+03 4.9607e-12 8.0605e-01 1.9625e+03 3.0538e+03 3.0402e+03 1.7586e+19 2.5371e+21 3.4773e+21 4.8779e-02 -3.0165e-04 1.0299e+05 1.3511e+05
4.4200e+03 4.9508e-12 8.0560e-01 1.9622e+03 3.0538e+03 3.0402e+03 1.7655e+19 2.5487e+21 3.4771e+21 4.8709e-02 -3.0139e-04 1.0311e+05 1.3526e+05
4.4300e+03 4.9410e-12 8.0516e-01 1.9619e+03 3.0538e+03 3.0402e+03 1.7726e+19 2.5604e+21 3.4768e+21 4.8639e-02 -3.0113e-04 1.0324e+05 1.3541e+05
4.4400e+03 4.9312e-12 8.0472e-01 1.9616e+03 3.0538e+03 3.0402e+03 1.7796e+19 2.5721e+21 3.4766e+21 4.8569e-02 -3.0087e-04 1.0337e+05 1.3557e+05
4.4500e+03 4.9215e-12 8.0429e-01 1.9612e+03 3.0538e+03 3.0402e+03 1.7867e+19 2.5840e+21 3.4763e+21 4.8499e-02 -3.0062e-04 1.0350e+05 1.3572e+05
4.4600e+03 4.9118e-12 8.0386e-01 1.9609e+03 3.0538e+03 3.0402e+03 1.7939e+19 2.5959e+21 3.4761e+21 4.8429e-02 -3.0036e-04 1.0363e+05 1.3588e+05
4.4700e+03 4.9021e-12 8.0344e-01 1.9606e+03 3.0539e+03 3.0403e+03 1.8011e+19 2.6079e+21 3.4758e+21 4.8360e-02 -3.0010e-04 1.0376e+05 1.3604e+05
4.4800e+03 4.8925e-12 8.0302e-01 1.9603e+03 3.0539e+03 3.0403e+03 1.8083e+19 2.6199e+21 3.4755e+21 4.8290e-02 -2.9983e-04 1.0389e+05 1.3619e+05
4.4900e+03 4.8829e-12 8.0261e-01 1.9600e+03 3.0539e+03 3.0403e+03 1.8156e+19 2.6321e+21 3.4753e+21 4.8220e-02 -2.9958e-04 1.0402e+05 1.3635e+05
4.5000e+03 4.8734e-12 8.0220e-01 1.9596e+03 3.0539e+03 3.0403e+03 1.8229e+19 2.6443e+21 3.4750e+21 4.8150e-02 -2.9932e-04 1.0415e+05 1.3651e+05
4.5100e+03 4.8639e-12 8.0180e-01 1.9593e+03 3.0539e+03 3.0403e+03 1.8302e+19 2.6566e+21 3.4748e+21 4.8081e-02 -2.9906e-04 1.0428e+05 1.3666e+05
4.5200e+03 4.8544e-12 8.0140e-01 1.9590e+03 3.0539e+03 3.0403e+03 1.8376e+19 2.6690e+21 3.4745e+21 4.8011e-02 -2.9879e-04 1.0441e+05 1.3682e+05
4.5300e+03 4.8450e-12 8.0100e-01 1.9587e+03 3.0539e+03 3.0403e+03 1.8450e+19 2.6815e+21 3.4743e+21 4.7942e-02 -2.9853e-04 1.0454e+05 1.3698e+05
4.5400e+03 4.8356e-12 8.0061e-01 1.9583e+03 3.0326e+03 3.0403e+03 1.8524e+19 2.5260e+21 3.4740e+21 4.7872e-02 1.4282e-04 1.0468e+05 1.6234e+05
4.5500e+03 0.0000e+00 0.0000e+00 1.9580e+03 0.0000e+00 3.0403e+03 0.0000e+00 0.0000e+00 0.0000e+00 0.0000e+00 0.0000e+00 0.0000e+00 0.0000e+00
