0.0000e+00 2.3990e-11 1.4729e+01 1.7000e+03 2.6593e+03 3.0000e+03 2.2229e+20 1.7915e+22 4.8196e+21 1.2910e-02 1.3735e-02 3.2813e+05 7.4422e+04
1.0000e+01 2.3855e-11 1.4139e+01 1.7062e+03 2.4854e+03 2.9996e+03 1.7514e+21 4.0952e+22 4.8362e+21 1.3373e-02 2.0711e-02 3.1815e+05 7.4478e+04
2.0000e+01 2.3720e-11 1.3567e+01 1.7124e+03 2.5013e+03 2.9990e+03 1.4877e+21 3.8025e+22 4.8613e+21 1.3857e-02 2.0099e-02 3.0839e+05 7.4273e+04
3.0000e+01 2.3586e-11 1.3027e+01 1.7186e+03 2.5171e+03 2.9983e+03 1.2684e+21 3.5340e+22 4.8859e+21 1.4350e-02 1.9484e-02 2.9908e+05 7.4092e+04
4.0000e+01 2.3454e-11 1.2516e+01 1.7248e+03 2.5326e+03 2.9977e+03 1.0873e+21 3.2898e+22 4.9098e+21 1.4853e-02 1.8872e-02 2.9021e+05 7.3936e+04
5.0000e+01 2.3322e-11 1.2031e+01 1.7308e+03 2.5479e+03 2.9972e+03 9.3699e+20 3.0674e+22 4.9331e+21 1.5364e-02 1.8263e-02 2.8173e+05 7.3806e+04
6.0000e+01 2.3191e-11 1.1572e+01 1.7369e+03 2.5628e+03 2.9966e+03 8.1146e+20 2.8644e+22 4.9557e+21 1.5884e-02 1.7658e-02 2.7365e+05 7.3702e+04
7.0000e+01 2.3062e-11 1.1137e+01 1.7428e+03 2.5775e+03 2.9961e+03 7.0608e+20 2.6789e+22 4.9777e+21 1.6412e-02 1.7057e-02 2.6592e+05 7.3626e+04
8.0000e+01 2.2933e-11 1.0724e+01 1.7487e+03 2.5919e+03 2.9956e+03 6.1716e+20 2.5089e+22 4.9991e+21 1.6949e-02 1.6459e-02 2.5854e+05 7.3577e+04
9.0000e+01 2.2805e-11 1.0332e+01 1.7545e+03 2.6060e+03 2.9951e+03 5.4176e+20 2.3530e+22 5.0198e+21 1.7494e-02 1.5867e-02 2.5148e+05 7.3557e+04
1.0000e+02 2.2678e-11 9.9600e+00 1.7602e+03 2.6199e+03 2.9946e+03 4.7752e+20 2.2098e+22 5.0398e+21 1.8047e-02 1.5278e-02 2.4473e+05 7.3567e+04
1.1000e+02 2.2553e-11 9.6062e+00 1.7659e+03 2.6336e+03 2.9941e+03 4.2255e+20 2.0780e+22 5.0592e+21 1.8608e-02 1.4695e-02 2.3827e+05 7.3606e+04
1.2000e+02 2.2428e-11 9.2698e+00 1.7716e+03 2.6470e+03 2.9937e+03 3.7531e+20 1.9565e+22 5.0779e+21 1.9176e-02 1.4117e-02 2.3209e+05 7.3677e+04
1.3000e+02 2.2304e-11 8.9497e+00 1.7771e+03 2.6601e+03 2.9932e+03 3.3455e+20 1.8444e+22 5.0960e+21 1.9752e-02 1.3545e-02 2.2617e+05 7.3780e+04
1.4000e+02 2.2181e-11 8.6451e+00 1.7826e+03 2.6731e+03 2.9928e+03 2.9924e+20 1.7408e+22 5.1134e+21 2.0336e-02 1.2978e-02 2.2049e+05 7.3916e+04
1.5000e+02 2.2059e-11 8.3551e+00 1.7880e+03 2.6858e+03 2.9924e+03 2.6854e+20 1.6448e+22 5.1301e+21 2.0926e-02 1.2418e-02 2.1505e+05 7.4088e+04
1.6000e+02 2.1937e-11 8.0787e+00 1.7934e+03 2.6982e+03 2.9921e+03 2.4174e+20 1.5559e+22 5.1462e+21 2.1523e-02 1.1865e-02 2.0984e+05 7.4296e+04
1.7000e+02 2.1817e-11 7.8153e+00 1.7987e+03 2.7105e+03 2.9917e+03 2.1828e+20 1.4734e+22 5.1615e+21 2.2126e-02 1.1318e-02 2.0483e+05 7.4543e+04
1.8000e+02 2.1698e-11 7.5641e+00 1.8040e+03 2.7225e+03 2.9913e+03 1.9767e+20 1.3967e+22 5.1763e+21 2.2736e-02 1.0778e-02 2.0003e+05 7.4830e+04
1.9000e+02 2.1579e-11 7.3244e+00 1.8091e+03 2.7343e+03 2.9910e+03 1.7951e+20 1.3254e+22 5.1903e+21 2.3352e-02 1.0247e-02 1.9542e+05 7.5160e+04
2.0000e+02 2.1462e-11 7.0956e+00 1.8142e+03 2.7459e+03 2.9907e+03 1.6345e+20 1.2589e+22 5.2038e+21 2.3973e-02 9.7227e-03 1.9099e+05 7.5535e+04
2.1000e+02 2.1345e-11 6.8771e+00 1.8193e+03 2.7573e+03 2.9904e+03 1.4921e+20 1.1969e+22 5.2165e+21 2.4600e-02 9.2070e-03 1.8674e+05 7.5958e+04
2.2000e+02 2.1229e-11 6.6683e+00 1.8243e+03 2.7685e+03 2.9901e+03 1.3655e+20 1.1390e+22 5.2286e+21 2.5233e-02 8.7000e-03 1.8265e+05 7.6433e+04
2.3000e+02 2.1114e-11 6.4687e+00 1.8292e+03 2.7795e+03 2.9899e+03 1.2526e+20 1.0849e+22 5.2401e+21 2.5870e-02 8.2019e-03 1.7872e+05 7.6963e+04
2.4000e+02 2.1000e-11 6.2778e+00 1.8341e+03 2.7902e+03 2.9896e+03 1.1517e+20 1.0343e+22 5.2509e+21 2.6513e-02 7.7131e-03 1.7494e+05 7.7553e+04
2.5000e+02 2.0886e-11 6.0952e+00 1.8389e+03 2.8008e+03 2.9894e+03 1.0613e+20 9.8682e+21 5.2612e+21 2.7160e-02 7.2341e-03 1.7131e+05 7.8207e+04
2.6000e+02 2.0774e-11 5.9204e+00 1.8436e+03 2.8112e+03 2.9892e+03 9.8011e+19 9.4232e+21 5.2708e+21 2.7811e-02 6.7651e-03 1.6781e+05 7.8932e+04
2.7000e+02 2.0662e-11 5.7531e+00 1.8483e+03 2.8213e+03 2.9890e+03 9.0698e+19 9.0053e+21 5.2798e+21 2.8466e-02 6.3065e-03 1.6444e+05 7.9734e+04
2.8000e+02 2.0551e-11 5.5927e+00 1.8529e+03 2.8313e+03 2.9888e+03 8.4099e+19 8.6125e+21 5.2882e+21 2.9125e-02 5.8589e-03 1.6119e+05 8.0620e+04
2.9000e+02 2.0441e-11 5.4391e+00 1.8575e+03 2.8411e+03 2.9886e+03 7.8130e+19 8.2429e+21 5.2960e+21 2.9787e-02 5.4225e-03 1.5807e+05 8.1600e+04
3.0000e+02 2.0332e-11 5.2918e+00 1.8620e+03 2.8507e+03 2.9884e+03 7.2720e+19 7.8947e+21 5.3032e+21 3.0453e-02 4.9979e-03 1.5506e+05 8.2685e+04
3.1000e+02 2.0224e-11 5.1505e+00 1.8664e+03 2.8601e+03 2.9883e+03 6.7806e+19 7.5663e+21 5.3099e+21 3.1122e-02 4.5855e-03 1.5215e+05 8.3886e+04
3.2000e+02 2.0116e-11 5.0149e+00 1.8708e+03 2.8692e+03 2.9881e+03 6.3335e+19 7.2562e+21 5.3161e+21 3.1793e-02 4.1858e-03 1.4936e+05 8.5219e+04
3.3000e+02 2.0009e-11 4.8848e+00 1.8751e+03 2.8782e+03 2.9880e+03 5.9258e+19 6.9630e+21 5.3217e+21 3.2467e-02 3.7994e-03 1.4666e+05 8.6701e+04
3.4000e+02 1.9903e-11 4.7598e+00 1.8794e+03 2.8870e+03 2.9879e+03 5.5535e+19 6.6855e+21 5.3268e+21 3.3142e-02 3.4269e-03 1.4405e+05 8.8355e+04
3.5000e+02 1.9798e-11 4.6397e+00 1.8836e+03 2.8955e+03 2.9878e+03 5.2127e+19 6.4224e+21 5.3314e+21 3.3820e-02 3.0689e-03 1.4154e+05 9.0207e+04
3.6000e+02 1.9693e-11 4.5243e+00 1.8877e+03 2.9038e+03 2.9877e+03 4.9004e+19 6.1726e+21 5.3355e+21 3.4500e-02 2.7261e-03 1.3911e+05 9.2287e+04
3.7000e+02 1.9589e-11 4.4134e+00 1.8918e+03 2.9119e+03 2.9876e+03 4.6136e+19 5.9351e+21 5.3392e+21 3.5181e-02 2.3993e-03 1.3677e+05 9.4638e+04
3.8000e+02 1.9486e-11 4.3067e+00 1.8959e+03 2.9198e+03 2.9875e+03 4.3498e+19 5.7088e+21 5.3424e+21 3.5863e-02 2.0895e-03 1.3450e+05 9.7307e+04
3.9000e+02 1.9384e-11 4.2040e+00 1.8998e+03 2.9273e+03 2.9875e+03 4.1069e+19 5.4927e+21 5.3453e+21 3.6546e-02 1.7976e-03 1.3232e+05 1.0036e+05
4.0000e+02 1.9283e-11 4.1052e+00 1.9038e+03 2.9346e+03 2.9874e+03 3.8827e+19 5.2857e+21 5.3477e+21 3.7229e-02 1.5249e-03 1.3020e+05 1.0387e+05
4.1000e+02 1.9182e-11 4.0101e+00 1.9076e+03 2.9416e+03 2.9874e+03 3.6756e+19 5.0870e+21 5.3498e+21 3.7913e-02 1.2727e-03 1.2816e+05 1.0793e+05
4.2000e+02 1.9082e-11 3.9184e+00 1.9114e+03 2.9482e+03 2.9873e+03 3.4839e+19 4.8953e+21 5.3515e+21 3.8598e-02 1.0423e-03 1.2618e+05 1.1268e+05
4.3000e+02 1.8983e-11 3.8301e+00 1.9152e+03 2.9544e+03 2.9873e+03 3.3063e+19 4.7098e+21 5.3529e+21 3.9282e-02 8.3557e-04 1.2427e+05 1.1825e+05
4.4000e+02 1.8884e-11 3.7450e+00 1.9189e+03 2.9601e+03 2.9873e+03 3.1415e+19 4.5292e+21 5.3540e+21 3.9967e-02 6.5397e-04 1.2242e+05 1.2483e+05
4.5000e+02 1.8786e-11 3.6629e+00 1.9226e+03 2.9652e+03 2.9873e+03 2.9884e+19 4.3526e+21 5.3549e+21 4.0651e-02 4.9893e-04 1.2063e+05 1.3259e+05
4.6000e+02 1.8689e-11 3.5836e+00 1.9262e+03 2.9697e+03 2.9872e+03 2.8459e+19 4.1791e+21 5.3556e+21 4.1335e-02 3.7123e-04 1.1889e+05 1.4167e+05
4.7000e+02 1.8593e-11 3.5072e+00 1.9297e+03 2.9735e+03 2.9872e+03 2.7131e+19 4.0081e+21 5.3561e+21 4.2018e-02 2.7046e-04 1.1721e+05 1.5213e+05
4.8000e+02 1.8497e-11 3.4334e+00 1.9332e+03 2.9766e+03 2.9872e+03 2.5892e+19 3.8399e+21 5.3564e+21 4.2700e-02 1.9454e-04 1.1559e+05 1.6383e+05
4.9000e+02 1.8402e-11 3.3621e+00 1.9367e+03 3.0004e+03 2.9872e+03 2.4736e+19 3.9268e+21 5.3567e+21 4.3382e-02 -2.5565e-04 1.1401e+05 1.5415e+05
5.0000e+02 1.8307e-11 3.2933e+00 1.9400e+03 3.0004e+03 2.9872e+03 2.3656e+19 3.7319e+21 5.3564e+21 4.4061e-02 -2.5912e-04 1.1248e+05 1.5206e+05
5.1000e+02 1.8214e-11 3.2268e+00 1.9434e+03 3.0139e+03 2.9872e+03 2.2645e+19 3.7031e+21 5.3560e+21 4.4738e-02 -6.6791e-04 1.1100e+05 1.2001e+05
5.2000e+02 1.8121e-11 3.1626e+00 1.9467e+03 3.0245e+03 2.9873e+03 2.1700e+19 3.6433e+21 5.3551e+21 4.5413e-02 -1.0436e-03 1.0957e+05 1.0712e+05
5.3000e+02 1.8028e-11 3.1007e+00 1.9499e+03 3.0335e+03 2.9873e+03 2.0815e+19 3.5702e+21 5.3537e+21 4.6084e-02 -1.3978e-03 1.0819e+05 9.9267e+04
5.4000e+02 1.7937e-11 3.0408e+00 1.9531e+03 3.0418e+03 2.9873e+03 1.9986e+19 3.4937e+21 5.3518e+21 4.6752e-02 -1.7478e-03 1.0685e+05 9.3551e+04
5.5000e+02 1.7846e-11 2.9830e+00 1.9562e+03 3.0497e+03 2.9874e+03 1.9208e+19 3.4168e+21 5.3494e+21 4.7416e-02 -2.0979e-03 1.0555e+05 8.9053e+04
5.6000e+02 1.7755e-11 2.9272e+00 1.9593e+03 3.0571e+03 2.9874e+03 1.8477e+19 3.3407e+21 5.3466e+21 4.8077e-02 -2.4494e-03 1.0429e+05 8.5350e+04
5.7000e+02 1.7666e-11 2.8732e+00 1.9623e+03 3.0643e+03 2.9875e+03 1.7791e+19 3.2662e+21 5.3433e+21 4.8733e-02 -2.8029e-03 1.0307e+05 8.2210e+04
5.8000e+02 1.7577e-11 2.8210e+00 1.9653e+03 3.0713e+03 2.9876e+03 1.7146e+19 3.1936e+21 5.3395e+21 4.9384e-02 -3.1581e-03 1.0189e+05 7.9490e+04
5.9000e+02 1.7488e-11 2.7705e+00 1.9682e+03 3.0780e+03 2.9877e+03 1.6538e+19 3.1232e+21 5.3353e+21 5.0031e-02 -3.5150e-03 1.0075e+05 7.7097e+04
6.0000e+02 1.7400e-11 2.7217e+00 1.9711e+03 3.0846e+03 2.9878e+03 1.5965e+19 3.0550e+21 5.3305e+21 5.0673e-02 -3.8730e-03 9.9642e+04 7.4966e+04
6.1000e+02 1.7313e-11 2.6744e+00 1.9739e+03 3.0910e+03 2.9879e+03 1.5426e+19 2.9891e+21 5.3253e+21 5.1310e-02 -4.2319e-03 9.8570e+04 7.3048e+04
6.2000e+02 1.7227e-11 2.6287e+00 1.9766e+03 3.0972e+03 2.9881e+03 1.4917e+19 2.9254e+21 5.3196e+21 5.1941e-02 -4.5913e-03 9.7531e+04 7.1308e+04
6.3000e+02 1.7141e-11 2.5845e+00 1.9793e+03 3.1032e+03 2.9882e+03 1.4436e+19 2.8639e+21 5.3135e+21 5.2567e-02 -4.9507e-03 9.6525e+04 6.9718e+04
6.4000e+02 1.7055e-11 2.5416e+00 1.9820e+03 3.1092e+03 2.9883e+03 1.3982e+19 2.8046e+21 5.3069e+21 5.3186e-02 -5.3098e-03 9.5550e+04 6.8259e+04
6.5000e+02 1.6971e-11 2.5002e+00 1.9846e+03 3.1149e+03 2.9885e+03 1.3552e+19 2.7474e+21 5.2998e+21 5.3800e-02 -5.6681e-03 9.4605e+04 6.6911e+04
6.6000e+02 1.6887e-11 2.4600e+00 1.9871e+03 3.1206e+03 2.9887e+03 1.3146e+19 2.6923e+21 5.2922e+21 5.4407e-02 -6.0255e-03 9.3690e+04 6.5662e+04
6.7000e+02 1.6803e-11 2.4211e+00 1.9897e+03 3.1261e+03 2.9889e+03 1.2761e+19 2.6392e+21 5.2841e+21 5.5008e-02 -6.3813e-03 9.2804e+04 6.4499e+04
6.8000e+02 1.6720e-11 2.3834e+00 1.9921e+03 3.1314e+03 2.9891e+03 1.2397e+19 2.5880e+21 5.2756e+21 5.5602e-02 -6.7355e-03 9.1945e+04 6.3414e+04
6.9000e+02 1.6638e-11 2.3469e+00 1.9945e+03 3.1367e+03 2.9893e+03 1.2051e+19 2.5386e+21 5.2667e+21 5.6190e-02 -7.0875e-03 9.1112e+04 6.2397e+04
7.0000e+02 1.6556e-11 2.3115e+00 1.9969e+03 3.1418e+03 2.9895e+03 1.1724e+19 2.4911e+21 5.2573e+21 5.6770e-02 -7.4372e-03 9.0306e+04 6.1443e+04
7.1000e+02 1.6475e-11 2.2772e+00 1.9992e+03 3.1468e+03 2.9897e+03 1.1413e+19 2.4452e+21 5.2474e+21 5.7343e-02 -7.7843e-03 8.9524e+04 6.0546e+04
7.2000e+02 1.6394e-11 2.2439e+00 2.0014e+03 3.1517e+03 2.9899e+03 1.1118e+19 2.4010e+21 5.2372e+21 5.7909e-02 -8.1284e-03 8.8767e+04 5.9699e+04
7.3000e+02 1.6314e-11 2.2116e+00 2.0037e+03 3.1565e+03 2.9902e+03 1.0837e+19 2.3584e+21 5.2264e+21 5.8467e-02 -8.4693e-03 8.8033e+04 5.8899e+04
7.4000e+02 1.6235e-11 2.1803e+00 2.0058e+03 3.1611e+03 2.9904e+03 1.0571e+19 2.3173e+21 5.2153e+21 5.9017e-02 -8.8068e-03 8.7322e+04 5.8143e+04
7.5000e+02 1.6156e-11 2.1499e+00 2.0080e+03 3.1657e+03 2.9907e+03 1.0317e+19 2.2777e+21 5.2038e+21 5.9560e-02 -9.1406e-03 8.6632e+04 5.7426e+04
7.6000e+02 1.6078e-11 2.1205e+00 2.0100e+03 3.1701e+03 2.9910e+03 1.0076e+19 2.2395e+21 5.1918e+21 6.0095e-02 -9.4706e-03 8.5965e+04 5.6745e+04
7.7000e+02 1.6000e-11 2.0919e+00 2.0121e+03 3.1745e+03 2.9913e+03 9.8463e+18 2.2027e+21 5.1794e+21 6.0622e-02 -9.7965e-03 8.5318e+04 5.6098e+04
7.8000e+02 1.5923e-11 2.0641e+00 2.0140e+03 3.1787e+03 2.9916e+03 9.6276e+18 2.1671e+21 5.1667e+21 6.1142e-02 -1.0118e-02 8.4691e+04 5.5483e+04
7.9000e+02 1.5846e-11 2.0371e+00 2.0160e+03 3.1828e+03 2.9919e+03 9.4192e+18 2.1328e+21 5.1535e+21 6.1652e-02 -1.0435e-02 8.4084e+04 5.4897e+04
8.0000e+02 1.5770e-11 2.0109e+00 2.0179e+03 3.1869e+03 2.9922e+03 9.2207e+18 2.0997e+21 5.1400e+21 6.2155e-02 -1.0748e-02 8.3495e+04 5.4338e+04
8.1000e+02 1.5694e-11 1.9855e+00 2.0197e+03 3.1908e+03 2.9925e+03 9.0313e+18 2.0678e+21 5.1261e+21 6.2650e-02 -1.1056e-02 8.2925e+04 5.3805e+04
8.2000e+02 1.5619e-11 1.9608e+00 2.0216e+03 3.1947e+03 2.9929e+03 8.8507e+18 2.0370e+21 5.1119e+21 6.3136e-02 -1.1359e-02 8.2373e+04 5.3295e+04
8.3000e+02 1.5544e-11 1.9368e+00 2.0233e+03 3.1984e+03 2.9932e+03 8.6783e+18 2.0072e+21 5.0973e+21 6.3613e-02 -1.1657e-02 8.1838e+04 5.2808e+04
8.4000e+02 1.5470e-11 1.9134e+00 2.0250e+03 3.2021e+03 2.9936e+03 8.5137e+18 1.9785e+21 5.0824e+21 6.4082e-02 -1.1949e-02 8.1320e+04 5.2343e+04
8.5000e+02 1.5397e-11 1.8908e+00 2.0267e+03 3.2056e+03 2.9939e+03 8.3566e+18 1.9507e+21 5.0671e+21 6.4543e-02 -1.2237e-02 8.0818e+04 5.1897e+04
8.6000e+02 1.5324e-11 1.8687e+00 2.0284e+03 3.2091e+03 2.9943e+03 8.2065e+18 1.9239e+21 5.0516e+21 6.4995e-02 -1.2519e-02 8.0332e+04 5.1470e+04
8.7000e+02 1.5251e-11 1.8472e+00 2.0300e+03 3.2125e+03 2.9947e+03 8.0631e+18 1.8980e+21 5.0357e+21 6.5438e-02 -1.2796e-02 7.9861e+04 5.1062e+04
8.8000e+02 1.5179e-11 1.8264e+00 2.0316e+03 3.2158e+03 2.9951e+03 7.9260e+18 1.8730e+21 5.0196e+21 6.5873e-02 -1.3067e-02 7.9405e+04 5.0670e+04
8.9000e+02 1.5108e-11 1.8061e+00 2.0331e+03 3.2190e+03 2.9955e+03 7.7950e+18 1.8488e+21 5.0031e+21 6.6299e-02 -1.3332e-02 7.8964e+04 5.0294e+04
9.0000e+02 1.5037e-11 1.7864e+00 2.0346e+03 3.2221e+03 2.9959e+03 7.6697e+18 1.8254e+21 4.9864e+21 6.6717e-02 -1.3592e-02 7.8536e+04 4.9933e+04
9.1000e+02 1.4966e-11 1.7672e+00 2.0360e+03 3.2251e+03 2.9963e+03 7.5498e+18 1.8028e+21 4.9694e+21 6.7126e-02 -1.3846e-02 7.8123e+04 4.9587e+04
9.2000e+02 1.4896e-11 1.7485e+00 2.0374e+03 3.2281e+03 2.9967e+03 7.4351e+18 1.7810e+21 4.9522e+21 6.7526e-02 -1.4095e-02 7.7722e+04 4.9254e+04
9.3000e+02 1.4827e-11 1.7303e+00 2.0388e+03 3.2310e+03 2.9971e+03 7.3254e+18 1.7599e+21 4.9347e+21 6.7918e-02 -1.4337e-02 7.7335e+04 4.8935e+04
9.4000e+02 1.4757e-11 1.7125e+00 2.0401e+03 3.2338e+03 2.9976e+03 7.2204e+18 1.7394e+21 4.9170e+21 6.8301e-02 -1.4573e-02 7.6960e+04 4.8628e+04
9.5000e+02 1.4689e-11 1.6953e+00 2.0414e+03 3.2365e+03 2.9980e+03 7.1198e+18 1.7197e+21 4.8991e+21 6.8675e-02 -1.4804e-02 7.6598e+04 4.8334e+04
9.6000e+02 1.4621e-11 1.6785e+00 2.0427e+03 3.2392e+03 2.9985e+03 7.0236e+18 1.7006e+21 4.8809e+21 6.9041e-02 -1.5029e-02 7.6247e+04 4.8051e+04
9.7000e+02 1.4553e-11 1.6621e+00 2.0439e+03 3.2418e+03 2.9989e+03 6.9314e+18 1.6821e+21 4.8626e+21 6.9398e-02 -1.5248e-02 7.5908e+04 4.7778e+04
9.8000e+02 1.4486e-11 1.6462e+00 2.0451e+03 3.2443e+03 2.9994e+03 6.8431e+18 1.6642e+21 4.8441e+21 6.9747e-02 -1.5460e-02 7.5580e+04 4.7517e+04
9.9000e+02 1.4419e-11 1.6306e+00 2.0463e+03 3.2467e+03 2.9999e+03 6.7586e+18 1.6469e+21 4.8253e+21 7.0087e-02 -1.5667e-02 7.5262e+04 4.7265e+04
1.0000e+03 1.4353e-11 1.6155e+00 2.0474e+03 3.2491e+03 3.0003e+03 6.6776e+18 1.6302e+21 4.8065e+21 7.0419e-02 -1.5868e-02 7.4956e+04 4.7023e+04
1.0100e+03 1.4287e-11 1.6007e+00 2.0485e+03 3.2513e+03 3.0008e+03 6.6001e+18 1.6140e+21 4.7874e+21 7.0743e-02 -1.6063e-02 7.4660e+04 4.6790e+04
1.0200e+03 1.4222e-11 1.5863e+00 2.0496e+03 3.2536e+03 3.0013e+03 6.5258e+18 1.5983e+21 4.7682e+21 7.1058e-02 -1.6252e-02 7.4374e+04 4.6567e+04
1.0300e+03 1.4157e-11 1.5723e+00 2.0506e+03 3.2557e+03 3.0018e+03 6.4546e+18 1.5831e+21 4.7489e+21 7.1365e-02 -1.6435e-02 7.4097e+04 4.6351e+04
1.0400e+03 1.4092e-11 1.5586e+00 2.0517e+03 3.2578e+03 3.0023e+03 6.3865e+18 1.5684e+21 4.7294e+21 7.1663e-02 -1.6612e-02 7.3831e+04 4.6145e+04
1.0500e+03 1.4028e-11 1.5453e+00 2.0526e+03 3.2598e+03 3.0028e+03 6.3212e+18 1.5542e+21 4.7098e+21 7.1954e-02 -1.6783e-02 7.3573e+04 4.5946e+04
1.0600e+03 1.3965e-11 1.5323e+00 2.0536e+03 3.2618e+03 3.0033e+03 6.2587e+18 1.5404e+21 4.6901e+21 7.2236e-02 -1.6949e-02 7.3325e+04 4.5754e+04
1.0700e+03 1.3902e-11 1.5196e+00 2.0545e+03 3.2637e+03 3.0038e+03 6.1988e+18 1.5271e+21 4.6703e+21 7.2511e-02 -1.7108e-02 7.3085e+04 4.5570e+04
1.0800e+03 1.3839e-11 1.5072e+00 2.0554e+03 3.2655e+03 3.0043e+03 6.1414e+18 1.5142e+21 4.6504e+21 7.2777e-02 -1.7262e-02 7.2854e+04 4.5394e+04
1.0900e+03 1.3777e-11 1.4951e+00 2.0562e+03 3.2673e+03 3.0049e+03 6.0865e+18 1.5017e+21 4.6304e+21 7.3036e-02 -1.7410e-02 7.2631e+04 4.5224e+04
1.1000e+03 1.3715e-11 1.4833e+00 2.0571e+03 3.2690e+03 3.0054e+03 6.0339e+18 1.4896e+21 4.6103e+21 7.3287e-02 -1.7552e-02 7.2416e+04 4.5061e+04
1.1100e+03 1.3653e-11 1.4717e+00 2.0579e+03 3.2707e+03 3.0059e+03 5.9836e+18 1.4779e+21 4.5902e+21 7.3530e-02 -1.7689e-02 7.2209e+04 4.4904e+04
1.1200e+03 1.3592e-11 1.4605e+00 2.0586e+03 3.2723e+03 3.0065e+03 5.9354e+18 1.4665e+21 4.5700e+21 7.3765e-02 -1.7820e-02 7.2010e+04 4.4753e+04
1.1300e+03 1.3532e-11 1.4495e+00 2.0594e+03 3.2739e+03 3.0070e+03 5.8894e+18 1.4555e+21 4.5498e+21 7.3993e-02 -1.7946e-02 7.1819e+04 4.4609e+04
1.1400e+03 1.3471e-11 1.4387e+00 2.0601e+03 3.2754e+03 3.0076e+03 5.8453e+18 1.4449e+21 4.5295e+21 7.4214e-02 -1.8066e-02 7.1634e+04 4.4470e+04
1.1500e+03 1.3412e-11 1.4282e+00 2.0608e+03 3.2768e+03 3.0081e+03 5.8031e+18 1.4346e+21 4.5091e+21 7.4427e-02 -1.8180e-02 7.1457e+04 4.4337e+04
1.1600e+03 1.3352e-11 1.4180e+00 2.0615e+03 3.2782e+03 3.0087e+03 5.7629e+18 1.4246e+21 4.4888e+21 7.4633e-02 -1.8289e-02 7.1287e+04 4.4209e+04
1.1700e+03 1.3293e-11 1.4080e+00 2.0621e+03 3.2795e+03 3.0092e+03 5.7244e+18 1.4149e+21 4.4684e+21 7.4832e-02 -1.8393e-02 7.1124e+04 4.4087e+04
1.1800e+03 1.3235e-11 1.3982e+00 2.0627e+03 3.2808e+03 3.0098e+03 5.6876e+18 1.4055e+21 4.4480e+21 7.5023e-02 -1.8492e-02 7.0967e+04 4.3969e+04
1.1900e+03 1.3176e-11 1.3886e+00 2.0633e+03 3.2820e+03 3.0103e+03 5.6525e+18 1.3965e+21 4.4276e+21 7.5208e-02 -1.8585e-02 7.0816e+04 4.3857e+04
1.2000e+03 1.3119e-11 1.3793e+00 2.0639e+03 3.2832e+03 3.0109e+03 5.6190e+18 1.3877e+21 4.4072e+21 7.5386e-02 -1.8674e-02 7.0672e+04 4.3750e+04
1.2100e+03 1.3061e-11 1.3701e+00 2.0644e+03 3.2844e+03 3.0115e+03 5.5871e+18 1.3792e+21 4.3868e+21 7.5557e-02 -1.8757e-02 7.0534e+04 4.3647e+04
1.2200e+03 1.3004e-11 1.3612e+00 2.0650e+03 3.2855e+03 3.0120e+03 5.5567e+18 1.3709e+21 4.3664e+21 7.5721e-02 -1.8835e-02 7.0402e+04 4.3549e+04
1.2300e+03 1.2947e-11 1.3524e+00 2.0655e+03 3.2865e+03 3.0126e+03 5.5277e+18 1.3630e+21 4.3460e+21 7.5878e-02 -1.8909e-02 7.0276e+04 4.3455e+04
1.2400e+03 1.2891e-11 1.3439e+00 2.0660e+03 3.2875e+03 3.0132e+03 5.5001e+18 1.3553e+21 4.3257e+21 7.6030e-02 -1.8977e-02 7.0155e+04 4.3366e+04
1.2500e+03 1.2835e-11 1.3355e+00 2.0664e+03 3.2885e+03 3.0138e+03 5.4739e+18 1.3478e+21 4.3054e+21 7.6174e-02 -1.9041e-02 7.0040e+04 4.3280e+04
1.2600e+03 1.2780e-11 1.3273e+00 2.0669e+03 3.2894e+03 3.0144e+03 5.4490e+18 1.3405e+21 4.2851e+21 7.6313e-02 -1.9100e-02 6.9931e+04 4.3199e+04
1.2700e+03 1.2725e-11 1.3193e+00 2.0673e+03 3.2903e+03 3.0149e+03 5.4253e+18 1.3335e+21 4.2648e+21 7.6445e-02 -1.9155e-02 6.9826e+04 4.3122e+04
1.2800e+03 1.2670e-11 1.3115e+00 2.0677e+03 3.2911e+03 3.0155e+03 5.4029e+18 1.3268e+21 4.2446e+21 7.6571e-02 -1.9205e-02 6.9727e+04 4.3049e+04
1.2900e+03 1.2615e-11 1.3038e+00 2.0681e+03 3.2919e+03 3.0161e+03 5.3817e+18 1.3202e+21 4.2245e+21 7.6691e-02 -1.9250e-02 6.9633e+04 4.2979e+04
1.3000e+03 1.2561e-11 1.2963e+00 2.0684e+03 3.2926e+03 3.0167e+03 5.3617e+18 1.3139e+21 4.2044e+21 7.6805e-02 -1.9291e-02 6.9544e+04 4.2913e+04
1.3100e+03 1.2508e-11 1.2889e+00 2.0688e+03 3.2933e+03 3.0173e+03 5.3427e+18 1.3077e+21 4.1844e+21 7.6913e-02 -1.9328e-02 6.9459e+04 4.2851e+04
1.3200e+03 1.2454e-11 1.2817e+00 2.0691e+03 3.2940e+03 3.0179e+03 5.3249e+18 1.3018e+21 4.1644e+21 7.7016e-02 -1.9361e-02 6.9379e+04 4.2792e+04
1.3300e+03 1.2401e-11 1.2746e+00 2.0694e+03 3.2947e+03 3.0184e+03 5.3081e+18 1.2960e+21 4.1445e+21 7.7113e-02 -1.9389e-02 6.9304e+04 4.2736e+04
1.3400e+03 1.2349e-11 1.2677e+00 2.0697e+03 3.2953e+03 3.0190e+03 5.2923e+18 1.2905e+21 4.1247e+21 7.7204e-02 -1.9414e-02 6.9233e+04 4.2684e+04
1.3500e+03 1.2296e-11 1.2610e+00 2.0700e+03 3.2958e+03 3.0196e+03 5.2775e+18 1.2851e+21 4.1050e+21 7.7290e-02 -1.9434e-02 6.9167e+04 4.2635e+04
1.3600e+03 1.2244e-11 1.2543e+00 2.0702e+03 3.2963e+03 3.0202e+03 5.2637e+18 1.2799e+21 4.0853e+21 7.7371e-02 -1.9450e-02 6.9104e+04 4.2589e+04
1.3700e+03 1.2193e-11 1.2478e+00 2.0705e+03 3.2968e+03 3.0208e+03 5.2508e+18 1.2749e+21 4.0657e+21 7.7447e-02 -1.9463e-02 6.9046e+04 4.2547e+04
1.3800e+03 1.2141e-11 1.2414e+00 2.0707e+03 3.2973e+03 3.0214e+03 5.2388e+18 1.2701e+21 4.0463e+21 7.7517e-02 -1.9472e-02 6.8992e+04 4.2507e+04
1.3900e+03 1.2090e-11 1.2352e+00 2.0709e+03 3.2977e+03 3.0220e+03 5.2277e+18 1.2654e+21 4.0269e+21 7.7582e-02 -1.9477e-02 6.8942e+04 4.2470e+04
1.4000e+03 1.2040e-11 1.2291e+00 2.0711e+03 3.2981e+03 3.0226e+03 5.2175e+18 1.2609e+21 4.0076e+21 7.7643e-02 -1.9479e-02 6.8896e+04 4.2436e+04
1.4100e+03 1.1990e-11 1.2231e+00 2.0713e+03 3.2985e+03 3.0232e+03 5.2081e+18 1.2565e+21 3.9884e+21 7.7698e-02 -1.9477e-02 6.8853e+04 4.2405e+04
1.4200e+03 1.1940e-11 1.2172e+00 2.0714e+03 3.2988e+03 3.0238e+03 5.1995e+18 1.2523e+21 3.9693e+21 7.7749e-02 -1.9471e-02 6.8814e+04 4.2377e+04
1.4300e+03 1.1890e-11 1.2114e+00 2.0716e+03 3.2991e+03 3.0244e+03 5.1917e+18 1.2482e+21 3.9503e+21 7.7795e-02 -1.9463e-02 6.8779e+04 4.2351e+04
1.4400e+03 1.1841e-11 1.2057e+00 2.0717e+03 3.2994e+03 3.0250e+03 5.1847e+18 1.2443e+21 3.9314e+21 7.7837e-02 -1.9450e-02 6.8747e+04 4.2328e+04
1.4500e+03 1.1792e-11 1.2002e+00 2.0718e+03 3.2996e+03 3.0255e+03 5.1784e+18 1.2406e+21 3.9126e+21 7.7874e-02 -1.9435e-02 6.8719e+04 4.2308e+04
1.4600e+03 1.1743e-11 1.1947e+00 2.0719e+03 3.2999e+03 3.0261e+03 5.1729e+18 1.2369e+21 3.8939e+21 7.7907e-02 -1.9417e-02 6.8694e+04 4.2290e+04
1.4700e+03 1.1695e-11 1.1893e+00 2.0720e+03 3.3000e+03 3.0267e+03 5.1681e+18 1.2334e+21 3.8754e+21 7.7936e-02 -1.9395e-02 6.8672e+04 4.2275e+04
1.4800e+03 1.1647e-11 1.1841e+00 2.0721e+03 3.3002e+03 3.0273e+03 5.1640e+18 1.2300e+21 3.8570e+21 7.7960e-02 -1.9370e-02 6.8654e+04 4.2262e+04
1.4900e+03 1.1599e-11 1.1789e+00 2.0721e+03 3.3003e+03 3.0279e+03 5.1606e+18 1.2268e+21 3.8386e+21 7.7980e-02 -1.9343e-02 6.8638e+04 4.2251e+04
1.5000e+03 1.1552e-11 1.1739e+00 2.0722e+03 3.3004e+03 3.0285e+03 5.1578e+18 1.2237e+21 3.8204e+21 7.7996e-02 -1.9313e-02 6.8626e+04 4.2243e+04
1.5100e+03 1.1505e-11 1.1689e+00 2.0722e+03 3.3005e+03 3.0291e+03 5.1557e+18 1.2207e+21 3.8024e+21 7.8009e-02 -1.9279e-02 6.8617e+04 4.2237e+04
1.5200e+03 1.1458e-11 1.1640e+00 2.0723e+03 3.3006e+03 3.0297e+03 5.1542e+18 1.2178e+21 3.7844e+21 7.8017e-02 -1.9244e-02 6.8610e+04 4.2233e+04
1.5300e+03 1.1411e-11 1.1592e+00 2.0723e+03 3.3006e+03 3.0303e+03 5.1534e+18 1.2150e+21 3.7666e+21 7.8022e-02 -1.9205e-02 6.8607e+04 4.2231e+04
1.5400e+03 1.1365e-11 1.1545e+00 2.0723e+03 3.3006e+03 3.0308e+03 5.1531e+18 1.2124e+21 3.7489e+21 7.8023e-02 -1.9164e-02 6.8606e+04 4.2232e+04
1.5500e+03 1.1319e-11 1.1499e+00 2.0723e+03 3.3006e+03 3.0314e+03 5.1535e+18 1.2099e+21 3.7313e+21 7.8020e-02 -1.9120e-02 6.8608e+04 4.2234e+04
1.5600e+03 1.1274e-11 1.1454e+00 2.0722e+03 3.3006e+03 3.0320e+03 5.1544e+18 1.2074e+21 3.7139e+21 7.8014e-02 -1.9074e-02 6.8613e+04 4.2239e+04
1.5700e+03 1.1228e-11 1.1409e+00 2.0722e+03 3.3005e+03 3.0326e+03 5.1559e+18 1.2051e+21 3.6965e+21 7.8004e-02 -1.9025e-02 6.8620e+04 4.2246e+04
1.5800e+03 1.1183e-11 1.1365e+00 2.0722e+03 3.3004e+03 3.0332e+03 5.1579e+18 1.2029e+21 3.6794e+21 7.7991e-02 -1.8975e-02 6.8630e+04 4.2255e+04
1.5900e+03 1.1139e-11 1.1322e+00 2.0721e+03 3.3003e+03 3.0337e+03 5.1605e+18 1.2007e+21 3.6623e+21 7.7975e-02 -1.8922e-02 6.8642e+04 4.2265e+04
1.6000e+03 1.1094e-11 1.1280e+00 2.0721e+03 3.3002e+03 3.0343e+03 5.1636e+18 1.1987e+21 3.6454e+21 7.7956e-02 -1.8866e-02 6.8657e+04 4.2278e+04
1.6100e+03 1.1050e-11 1.1238e+00 2.0720e+03 3.3001e+03 3.0349e+03 5.1673e+18 1.1968e+21 3.6286e+21 7.7933e-02 -1.8809e-02 6.8674e+04 4.2293e+04
1.6200e+03 1.1006e-11 1.1197e+00 2.0719e+03 3.2999e+03 3.0355e+03 5.1714e+18 1.1950e+21 3.6119e+21 7.7907e-02 -1.8749e-02 6.8694e+04 4.2309e+04
1.6300e+03 1.0963e-11 1.1157e+00 2.0718e+03 3.2997e+03 3.0360e+03 5.1761e+18 1.1932e+21 3.5954e+21 7.7879e-02 -1.8688e-02 6.8716e+04 4.2328e+04
1.6400e+03 1.0919e-11 1.1118e+00 2.0717e+03 3.2995e+03 3.0366e+03 5.1812e+18 1.1916e+21 3.5791e+21 7.7847e-02 -1.8624e-02 6.8740e+04 4.2348e+04
1.6500e+03 1.0876e-11 1.1079e+00 2.0716e+03 3.2993e+03 3.0372e+03 5.1868e+18 1.1900e+21 3.5628e+21 7.7813e-02 -1.8559e-02 6.8766e+04 4.2370e+04
1.6600e+03 1.0834e-11 1.1040e+00 2.0715e+03 3.2990e+03 3.0377e+03 5.1929e+18 1.1885e+21 3.5467e+21 7.7776e-02 -1.8492e-02 6.8794e+04 4.2393e+04
1.6700e+03 1.0791e-11 1.1003e+00 2.0714e+03 3.2988e+03 3.0383e+03 5.1995e+18 1.1871e+21 3.5307e+21 7.7736e-02 -1.8423e-02 6.8825e+04 4.2419e+04
1.6800e+03 1.0749e-11 1.0966e+00 2.0712e+03 3.2985e+03 3.0389e+03 5.2065e+18 1.1858e+21 3.5149e+21 7.7693e-02 -1.8352e-02 6.8857e+04 4.2446e+04
1.6900e+03 1.0707e-11 1.0929e+00 2.0711e+03 3.2982e+03 3.0394e+03 5.2139e+18 1.1846e+21 3.4992e+21 7.7648e-02 -1.8279e-02 6.8892e+04 4.2474e+04
1.7000e+03 1.0665e-11 1.0894e+00 2.0709e+03 3.2979e+03 3.0400e+03 5.2218e+18 1.1834e+21 3.4836e+21 7.7600e-02 -1.8205e-02 6.8928e+04 4.2505e+04
1.7100e+03 1.0624e-11 1.0858e+00 2.0708e+03 3.2976e+03 3.0405e+03 5.2301e+18 1.1823e+21 3.4682e+21 7.7550e-02 -1.8130e-02 6.8967e+04 4.2537e+04
1.7200e+03 1.0583e-11 1.0824e+00 2.0706e+03 3.2972e+03 3.0411e+03 5.2389e+18 1.1813e+21 3.4529e+21 7.7498e-02 -1.8053e-02 6.9007e+04 4.2571e+04
1.7300e+03 1.0542e-11 1.0789e+00 2.0705e+03 3.2969e+03 3.0416e+03 5.2480e+18 1.1804e+21 3.4378e+21 7.7443e-02 -1.7974e-02 6.9049e+04 4.2606e+04
1.7400e+03 1.0501e-11 1.0756e+00 2.0703e+03 3.2965e+03 3.0422e+03 5.2576e+18 1.1795e+21 3.4228e+21 7.7386e-02 -1.7894e-02 6.9093e+04 4.2643e+04
1.7500e+03 1.0461e-11 1.0723e+00 2.0701e+03 3.2961e+03 3.0427e+03 5.2676e+18 1.1788e+21 3.4079e+21 7.7327e-02 -1.7813e-02 6.9139e+04 4.2681e+04
1.7600e+03 1.0421e-11 1.0690e+00 2.0699e+03 3.2957e+03 3.0433e+03 5.2779e+18 1.1780e+21 3.3932e+21 7.7265e-02 -1.7730e-02 6.9186e+04 4.2721e+04
1.7700e+03 1.0381e-11 1.0658e+00 2.0697e+03 3.2953e+03 3.0438e+03 5.2887e+18 1.1774e+21 3.3786e+21 7.7202e-02 -1.7646e-02 6.9235e+04 4.2762e+04
1.7800e+03 1.0342e-11 1.0626e+00 2.0695e+03 3.2949e+03 3.0443e+03 5.2998e+18 1.1768e+21 3.3641e+21 7.7136e-02 -1.7561e-02 6.9286e+04 4.2805e+04
1.7900e+03 1.0302e-11 1.0595e+00 2.0693e+03 3.2945e+03 3.0449e+03 5.3113e+18 1.1763e+21 3.3498e+21 7.7069e-02 -1.7474e-02 6.9338e+04 4.2850e+04
1.8000e+03 1.0263e-11 1.0564e+00 2.0691e+03 3.2940e+03 3.0454e+03 5.3232e+18 1.1759e+21 3.3356e+21 7.6999e-02 -1.7387e-02 6.9392e+04 4.2895e+04
1.8100e+03 1.0224e-11 1.0534e+00 2.0688e+03 3.2935e+03 3.0459e+03 5.3354e+18 1.1755e+21 3.3215e+21 7.6928e-02 -1.7298e-02 6.9448e+04 4.2943e+04
1.8200e+03 1.0186e-11 1.0504e+00 2.0686e+03 3.2931e+03 3.0465e+03 5.3480e+18 1.1751e+21 3.3076e+21 7.6855e-02 -1.7208e-02 6.9505e+04 4.2991e+04
1.8300e+03 1.0147e-11 1.0475e+00 2.0684e+03 3.2926e+03 3.0470e+03 5.3610e+18 1.1749e+21 3.2938e+21 7.6780e-02 -1.7118e-02 6.9563e+04 4.3042e+04
1.8400e+03 1.0109e-11 1.0446e+00 2.0681e+03 3.2921e+03 3.0475e+03 5.3743e+18 1.1747e+21 3.2802e+21 7.6703e-02 -1.7026e-02 6.9623e+04 4.3093e+04
1.8500e+03 1.0071e-11 1.0417e+00 2.0679e+03 3.2916e+03 3.0480e+03 5.3879e+18 1.1745e+21 3.2666e+21 7.6625e-02 -1.6933e-02 6.9685e+04 4.3146e+04
1.8600e+03 1.0033e-11 1.0389e+00 2.0676e+03 3.2910e+03 3.0485e+03 5.4019e+18 1.1744e+21 3.2533e+21 7.6545e-02 -1.6840e-02 6.9748e+04 4.3200e+04
1.8700e+03 9.9960e-12 1.0362e+00 2.0673e+03 3.2905e+03 3.0490e+03 5.4162e+18 1.1744e+21 3.2400e+21 7.6463e-02 -1.6745e-02 6.9812e+04 4.3256e+04
1.8800e+03 9.9588e-12 1.0334e+00 2.0671e+03 3.2899e+03 3.0496e+03 5.4309e+18 1.1744e+21 3.2269e+21 7.6380e-02 -1.6650e-02 6.9877e+04 4.3313e+04
1.8900e+03 9.9219e-12 1.0307e+00 2.0668e+03 3.2894e+03 3.0501e+03 5.4459e+18 1.1745e+21 3.2139e+21 7.6296e-02 -1.6554e-02 6.9944e+04 4.3371e+04
1.9000e+03 9.8851e-12 1.0281e+00 2.0665e+03 3.2888e+03 3.0506e+03 5.4612e+18 1.1746e+21 3.2010e+21 7.6210e-02 -1.6458e-02 7.0012e+04 4.3431e+04
1.9100e+03 9.8486e-12 1.0255e+00 2.0663e+03 3.2882e+03 3.0511e+03 5.4768e+18 1.1748e+21 3.1883e+21 7.6122e-02 -1.6360e-02 7.0082e+04 4.3491e+04
1.9200e+03 9.8123e-12 1.0229e+00 2.0660e+03 3.2877e+03 3.0516e+03 5.4927e+18 1.1751e+21 3.1757e+21 7.6033e-02 -1.6262e-02 7.0152e+04 4.3554e+04
1.9300e+03 9.7763e-12 1.0203e+00 2.0657e+03 3.2871e+03 3.0521e+03 5.5089e+18 1.1754e+21 3.1633e+21 7.5943e-02 -1.6163e-02 7.0224e+04 4.3617e+04
1.9400e+03 9.7404e-12 1.0178e+00 2.0654e+03 3.2865e+03 3.0525e+03 5.5255e+18 1.1757e+21 3.1509e+21 7.5852e-02 -1.6064e-02 7.0297e+04 4.3682e+04
1.9500e+03 9.7048e-12 1.0153e+00 2.0651e+03 3.2858e+03 3.0530e+03 5.5423e+18 1.1761e+21 3.1387e+21 7.5759e-02 -1.5964e-02 7.0371e+04 4.3748e+04
1.9600e+03 9.6694e-12 1.0129e+00 2.0648e+03 3.2852e+03 3.0535e+03 5.5595e+18 1.1765e+21 3.1266e+21 7.5665e-02 -1.5864e-02 7.0447e+04 4.3815e+04
1.9700e+03 9.6342e-12 1.0105e+00 2.0645e+03 3.2846e+03 3.0540e+03 5.5769e+18 1.1770e+21 3.1147e+21 7.5570e-02 -1.5763e-02 7.0523e+04 4.3883e+04
1.9800e+03 9.5992e-12 1.0081e+00 2.0642e+03 3.2839e+03 3.0545e+03 5.5946e+18 1.1775e+21 3.1028e+21 7.5474e-02 -1.5661e-02 7.0601e+04 4.3953e+04
1.9900e+03 9.5645e-12 1.0057e+00 2.0639e+03 3.2833e+03 3.0550e+03 5.6127e+18 1.1781e+21 3.0911e+21 7.5377e-02 -1.5559e-02 7.0679e+04 4.4024e+04
2.0000e+03 9.5299e-12 1.0034e+00 2.0635e+03 3.2826e+03 3.0554e+03 5.6310e+18 1.1787e+21 3.0795e+21 7.5279e-02 -1.5457e-02 7.0759e+04 4.4096e+04
2.0100e+03 9.4956e-12 1.0011e+00 2.0632e+03 3.2820e+03 3.0559e+03 5.6495e+18 1.1794e+21 3.0681e+21 7.5179e-02 -1.5354e-02 7.0840e+04 4.4170e+04
2.0200e+03 9.4615e-12 9.9883e-01 2.0629e+03 3.2813e+03 3.0564e+03 5.6684e+18 1.1801e+21 3.0567e+21 7.5079e-02 -1.5251e-02 7.0921e+04 4.4244e+04
2.0300e+03 9.4276e-12 9.9660e-01 2.0626e+03 3.2806e+03 3.0568e+03 5.6875e+18 1.1808e+21 3.0455e+21 7.4978e-02 -1.5147e-02 7.1004e+04 4.4320e+04
2.0400e+03 9.3939e-12 9.9439e-01 2.0622e+03 3.2799e+03 3.0573e+03 5.7070e+18 1.1816e+21 3.0344e+21 7.4876e-02 -1.5044e-02 7.1088e+04 4.4397e+04
2.0500e+03 9.3604e-12 9.9221e-01 2.0619e+03 3.2792e+03 3.0578e+03 5.7266e+18 1.1825e+21 3.0234e+21 7.4773e-02 -1.4940e-02 7.1172e+04 4.4475e+04
2.0600e+03 9.3271e-12 9.9006e-01 2.0616e+03 3.2785e+03 3.0582e+03 5.7466e+18 1.1833e+21 3.0126e+21 7.4669e-02 -1.4835e-02 7.1258e+04 4.4555e+04
2.0700e+03 9.2940e-12 9.8793e-01 2.0612e+03 3.2778e+03 3.0587e+03 5.7668e+18 1.1842e+21 3.0018e+21 7.4564e-02 -1.4731e-02 7.1344e+04 4.4635e+04
2.0800e+03 9.2611e-12 9.8583e-01 2.0609e+03 3.2771e+03 3.0591e+03 5.7873e+18 1.1852e+21 2.9912e+21 7.4458e-02 -1.4626e-02 7.1431e+04 4.4717e+04
2.0900e+03 9.2284e-12 9.8375e-01 2.0605e+03 3.2764e+03 3.0596e+03 5.8080e+18 1.1862e+21 2.9807e+21 7.4352e-02 -1.4521e-02 7.1520e+04 4.4800e+04
2.1000e+03 9.1959e-12 9.8170e-01 2.0602e+03 3.2757e+03 3.0600e+03 5.8290e+18 1.1872e+21 2.9703e+21 7.4245e-02 -1.4415e-02 7.1609e+04 4.4884e+04
2.1100e+03 9.1636e-12 9.7968e-01 2.0598e+03 3.2749e+03 3.0604e+03 5.8503e+18 1.1883e+21 2.9600e+21 7.4137e-02 -1.4310e-02 7.1699e+04 4.4969e+04
2.1200e+03 9.1315e-12 9.7767e-01 2.0595e+03 3.2742e+03 3.0609e+03 5.8718e+18 1.1894e+21 2.9498e+21 7.4029e-02 -1.4204e-02 7.1789e+04 4.5055e+04
2.1300e+03 9.0995e-12 9.7569e-01 2.0591e+03 3.2735e+03 3.0613e+03 5.8935e+18 1.1905e+21 2.9398e+21 7.3919e-02 -1.4099e-02 7.1881e+04 4.5143e+04
2.1400e+03 9.0678e-12 9.7374e-01 2.0588e+03 3.2727e+03 3.0617e+03 5.9155e+18 1.1917e+21 2.9298e+21 7.3810e-02 -1.3993e-02 7.1973e+04 4.5232e+04
2.1500e+03 9.0363e-12 9.7181e-01 2.0584e+03 3.2720e+03 3.0622e+03 5.9378e+18 1.1929e+21 2.9200e+21 7.3699e-02 -1.3887e-02 7.2066e+04 4.5321e+04
2.1600e+03 9.0049e-12 9.6990e-01 2.0580e+03 3.2712e+03 3.0626e+03 5.9603e+18 1.1942e+21 2.9103e+21 7.3588e-02 -1.3781e-02 7.2160e+04 4.5412e+04
2.1700e+03 8.9738e-12 9.6801e-01 2.0577e+03 3.2704e+03 3.0630e+03 5.9830e+18 1.1955e+21 2.9007e+21 7.3477e-02 -1.3675e-02 7.2255e+04 4.5504e+04
2.1800e+03 8.9428e-12 9.6614e-01 2.0573e+03 3.2697e+03 3.0634e+03 6.0060e+18 1.1968e+21 2.8911e+21 7.3364e-02 -1.3569e-02 7.2350e+04 4.5598e+04
2.1900e+03 8.9120e-12 9.6430e-01 2.0569e+03 3.2689e+03 3.0638e+03 6.0292e+18 1.1982e+21 2.8817e+21 7.3252e-02 -1.3463e-02 7.2446e+04 4.5692e+04
2.2000e+03 8.8814e-12 9.6247e-01 2.0566e+03 3.2681e+03 3.0642e+03 6.0526e+18 1.1996e+21 2.8724e+21 7.3139e-02 -1.3357e-02 7.2543e+04 4.5788e+04
2.2100e+03 8.8510e-12 9.6067e-01 2.0562e+03 3.2673e+03 3.0646e+03 6.0763e+18 1.2010e+21 2.8633e+21 7.3025e-02 -1.3252e-02 7.2640e+04 4.5884e+04
2.2200e+03 8.8207e-12 9.5888e-01 2.0558e+03 3.2665e+03 3.0650e+03 6.1003e+18 1.2024e+21 2.8542e+21 7.2911e-02 -1.3146e-02 7.2738e+04 4.5982e+04
2.2300e+03 8.7907e-12 9.5712e-01 2.0554e+03 3.2657e+03 3.0654e+03 6.1244e+18 1.2039e+21 2.8452e+21 7.2796e-02 -1.3040e-02 7.2837e+04 4.6081e+04
2.2400e+03 8.7608e-12 9.5537e-01 2.0550e+03 3.2649e+03 3.0658e+03 6.1488e+18 1.2055e+21 2.8363e+21 7.2682e-02 -1.2934e-02 7.2937e+04 4.6181e+04
2.2500e+03 8.7311e-12 9.5365e-01 2.0547e+03 3.2641e+03 3.0662e+03 6.1734e+18 1.2070e+21 2.8275e+21 7.2566e-02 -1.2828e-02 7.3037e+04 4.6282e+04
2.2600e+03 8.7016e-12 9.5194e-01 2.0543e+03 3.2633e+03 3.0666e+03 6.1983e+18 1.2086e+21 2.8189e+21 7.2451e-02 -1.2723e-02 7.3137e+04 4.6385e+04
2.2700e+03 8.6722e-12 9.5025e-01 2.0539e+03 3.2625e+03 3.0670e+03 6.2233e+18 1.2102e+21 2.8103e+21 7.2335e-02 -1.2617e-02 7.3239e+04 4.6488e+04
2.2800e+03 8.6430e-12 9.4858e-01 2.0535e+03 3.2617e+03 3.0674e+03 6.2486e+18 1.2118e+21 2.8018e+21 7.2218e-02 -1.2512e-02 7.3341e+04 4.6593e+04
2.2900e+03 8.6140e-12 9.4692e-01 2.0531e+03 3.2609e+03 3.0678e+03 6.2741e+18 1.2135e+21 2.7934e+21 7.2101e-02 -1.2407e-02 7.3443e+04 4.6699e+04
2.3000e+03 8.5852e-12 9.4529e-01 2.0527e+03 3.2601e+03 3.0682e+03 6.2999e+18 1.2152e+21 2.7851e+21 7.1984e-02 -1.2302e-02 7.3546e+04 4.6806e+04
2.3100e+03 8.5565e-12 9.4367e-01 2.0523e+03 3.2593e+03 3.0685e+03 6.3258e+18 1.2170e+21 2.7770e+21 7.1867e-02 -1.2197e-02 7.3650e+04 4.6914e+04
2.3200e+03 8.5280e-12 9.4206e-01 2.0519e+03 3.2584e+03 3.0689e+03 6.3520e+18 1.2187e+21 2.7689e+21 7.1750e-02 -1.2092e-02 7.3754e+04 4.7023e+04
2.3300e+03 8.4997e-12 9.4048e-01 2.0515e+03 3.2576e+03 3.0693e+03 6.3784e+18 1.2205e+21 2.7609e+21 7.1632e-02 -1.1988e-02 7.3859e+04 4.7134e+04
2.3400e+03 8.4715e-12 9.3891e-01 2.0511e+03 3.2568e+03 3.0696e+03 6.4050e+18 1.2223e+21 2.7530e+21 7.1514e-02 -1.1884e-02 7.3964e+04 4.7245e+04
2.3500e+03 8.4435e-12 9.3735e-01 2.0508e+03 3.2559e+03 3.0700e+03 6.4318e+18 1.2242e+21 2.7452e+21 7.1395e-02 -1.1780e-02 7.4070e+04 4.7358e+04
2.3600e+03 8.4156e-12 9.3582e-01 2.0504e+03 3.2551e+03 3.0704e+03 6.4589e+18 1.2261e+21 2.7374e+21 7.1277e-02 -1.1676e-02 7.4176e+04 4.7472e+04
2.3700e+03 8.3880e-12 9.3429e-01 2.0500e+03 3.2543e+03 3.0707e+03 6.4861e+18 1.2280e+21 2.7298e+21 7.1158e-02 -1.1572e-02 7.4283e+04 4.7587e+04
2.3800e+03 8.3604e-12 9.3279e-01 2.0495e+03 3.2534e+03 3.0711e+03 6.5136e+18 1.2299e+21 2.7223e+21 7.1040e-02 -1.1469e-02 7.4390e+04 4.7703e+04
2.3900e+03 8.3331e-12 9.3129e-01 2.0491e+03 3.2526e+03 3.0714e+03 6.5413e+18 1.2318e+21 2.7148e+21 7.0921e-02 -1.1366e-02 7.4498e+04 4.7821e+04
2.4000e+03 8.3059e-12 9.2982e-01 2.0487e+03 3.2517e+03 3.0718e+03 6.5692e+18 1.2338e+21 2.7075e+21 7.0801e-02 -1.1263e-02 7.4606e+04 4.7939e+04
2.4100e+03 8.2788e-12 9.2835e-01 2.0483e+03 3.2509e+03 3.0721e+03 6.5973e+18 1.2358e+21 2.7002e+21 7.0682e-02 -1.1160e-02 7.4715e+04 4.8059e+04
2.4200e+03 8.2519e-12 9.2690e-01 2.0479e+03 3.2500e+03 3.0724e+03 6.6256e+18 1.2379e+21 2.6930e+21 7.0563e-02 -1.1058e-02 7.4824e+04 4.8180e+04
2.4300e+03 8.2252e-12 9.2547e-01 2.0475e+03 3.2492e+03 3.0728e+03 6.6541e+18 1.2399e+21 2.6859e+21 7.0443e-02 -1.0956e-02 7.4934e+04 4.8302e+04
2.4400e+03 8.1986e-12 9.2405e-01 2.0471e+03 3.2483e+03 3.0731e+03 6.6828e+18 1.2420e+21 2.6789e+21 7.0324e-02 -1.0854e-02 7.5044e+04 4.8426e+04
2.4500e+03 8.1722e-12 9.2264e-01 2.0467e+03 3.2475e+03 3.0734e+03 6.7117e+18 1.2441e+21 2.6720e+21 7.0204e-02 -1.0753e-02 7.5154e+04 4.8550e+04
2.4600e+03 8.1459e-12 9.2124e-01 2.0463e+03 3.2466e+03 3.0738e+03 6.7408e+18 1.2462e+21 2.6651e+21 7.0084e-02 -1.0652e-02 7.5265e+04 4.8676e+04
2.4700e+03 8.1198e-12 9.1986e-01 2.0459e+03 3.2457e+03 3.0741e+03 6.7701e+18 1.2484e+21 2.6584e+21 6.9964e-02 -1.0551e-02 7.5377e+04 4.8803e+04
2.4800e+03 8.0939e-12 9.1850e-01 2.0455e+03 3.2449e+03 3.0744e+03 6.7997e+18 1.2506e+21 2.6517e+21 6.9844e-02 -1.0450e-02 7.5489e+04 4.8931e+04
2.4900e+03 8.0680e-12 9.1714e-01 2.0451e+03 3.2440e+03 3.0747e+03 6.8294e+18 1.2528e+21 2.6451e+21 6.9724e-02 -1.0350e-02 7.5601e+04 4.9061e+04
2.5000e+03 8.0424e-12 9.1580e-01 2.0447e+03 3.2431e+03 3.0750e+03 6.8593e+18 1.2550e+21 2.6386e+21 6.9604e-02 -1.0251e-02 7.5713e+04 4.9192e+04
2.5100e+03 8.0168e-12 9.1447e-01 2.0442e+03 3.2422e+03 3.0754e+03 6.8895e+18 1.2573e+21 2.6322e+21 6.9484e-02 -1.0151e-02 7.5826e+04 4.9324e+04
2.5200e+03 7.9914e-12 9.1315e-01 2.0438e+03 3.2414e+03 3.0757e+03 6.9198e+18 1.2596e+21 2.6258e+21 6.9364e-02 -1.0052e-02 7.5939e+04 4.9457e+04
2.5300e+03 7.9662e-12 9.1184e-01 2.0434e+03 3.2405e+03 3.0760e+03 6.9503e+18 1.2619e+21 2.6195e+21 6.9244e-02 -9.9534e-03 7.6053e+04 4.9592e+04
2.5400e+03 7.9411e-12 9.1055e-01 2.0430e+03 3.2396e+03 3.0763e+03 6.9811e+18 1.2642e+21 2.6133e+21 6.9124e-02 -9.8550e-03 7.6167e+04 4.9727e+04
2.5500e+03 7.9162e-12 9.0927e-01 2.0426e+03 3.2387e+03 3.0766e+03 7.0120e+18 1.2665e+21 2.6072e+21 6.9004e-02 -9.7571e-03 7.6282e+04 4.9865e+04
2.5600e+03 7.8914e-12 9.0799e-01 2.0422e+03 3.2379e+03 3.0769e+03 7.0431e+18 1.2689e+21 2.6011e+21 6.8885e-02 -9.6595e-03 7.6396e+04 5.0003e+04
2.5700e+03 7.8667e-12 9.0673e-01 2.0418e+03 3.2370e+03 3.0772e+03 7.0744e+18 1.2713e+21 2.5952e+21 6.8765e-02 -9.5622e-03 7.6511e+04 5.0143e+04
2.5800e+03 7.8422e-12 9.0549e-01 2.0413e+03 3.2361e+03 3.0774e+03 7.1059e+18 1.2737e+21 2.5893e+21 6.8645e-02 -9.4654e-03 7.6627e+04 5.0284e+04
2.5900e+03 7.8178e-12 9.0425e-01 2.0409e+03 3.2352e+03 3.0777e+03 7.1377e+18 1.2761e+21 2.5835e+21 6.8525e-02 -9.3689e-03 7.6743e+04 5.0426e+04
2.6000e+03 7.7935e-12 9.0302e-01 2.0405e+03 3.2343e+03 3.0780e+03 7.1696e+18 1.2786e+21 2.5777e+21 6.8405e-02 -9.2729e-03 7.6859e+04 5.0570e+04
2.6100e+03 7.7694e-12 9.0181e-01 2.0401e+03 3.2334e+03 3.0783e+03 7.2017e+18 1.2810e+21 2.5720e+21 6.8285e-02 -9.1772e-03 7.6975e+04 5.0715e+04
2.6200e+03 7.7454e-12 9.0060e-01 2.0397e+03 3.2326e+03 3.0786e+03 7.2339e+18 1.2835e+21 2.5664e+21 6.8166e-02 -9.0820e-03 7.7092e+04 5.0862e+04
2.6300e+03 7.7216e-12 8.9940e-01 2.0393e+03 3.2317e+03 3.0789e+03 7.2664e+18 1.2861e+21 2.5609e+21 6.8046e-02 -8.9871e-03 7.7209e+04 5.1010e+04
2.6400e+03 7.6979e-12 8.9822e-01 2.0388e+03 3.2308e+03 3.0791e+03 7.2991e+18 1.2886e+21 2.5554e+21 6.7927e-02 -8.8927e-03 7.7326e+04 5.1159e+04
2.6500e+03 7.6743e-12 8.9704e-01 2.0384e+03 3.2299e+03 3.0794e+03 7.3320e+18 1.2912e+21 2.5500e+21 6.7807e-02 -8.7986e-03 7.7444e+04 5.1310e+04
2.6600e+03 7.6508e-12 8.9588e-01 2.0380e+03 3.2290e+03 3.0797e+03 7.3650e+18 1.2937e+21 2.5447e+21 6.7688e-02 -8.7050e-03 7.7562e+04 5.1462e+04
2.6700e+03 7.6275e-12 8.9473e-01 2.0376e+03 3.2281e+03 3.0799e+03 7.3983e+18 1.2963e+21 2.5395e+21 6.7569e-02 -8.6118e-03 7.7680e+04 5.1616e+04
2.6800e+03 7.6043e-12 8.9358e-01 2.0372e+03 3.2272e+03 3.0802e+03 7.4317e+18 1.2990e+21 2.5343e+21 6.7450e-02 -8.5191e-03 7.7798e+04 5.1771e+04
2.6900e+03 7.5813e-12 8.9244e-01 2.0367e+03 3.2263e+03 3.0805e+03 7.4653e+18 1.3016e+21 2.5291e+21 6.7331e-02 -8.4267e-03 7.7917e+04 5.1927e+04
2.7000e+03 7.5584e-12 8.9132e-01 2.0363e+03 3.2254e+03 3.0807e+03 7.4992e+18 1.3043e+21 2.5241e+21 6.7212e-02 -8.3348e-03 7.8036e+04 5.2085e+04
2.7100e+03 7.5356e-12 8.9020e-01 2.0359e+03 3.2245e+03 3.0810e+03 7.5332e+18 1.3069e+21 2.5191e+21 6.7094e-02 -8.2433e-03 7.8155e+04 5.2245e+04
2.7200e+03 7.5129e-12 8.8909e-01 2.0355e+03 3.2236e+03 3.0812e+03 7.5674e+18 1.3096e+21 2.5142e+21 6.6975e-02 -8.1523e-03 7.8275e+04 5.2406e+04
2.7300e+03 7.4903e-12 8.8799e-01 2.0351e+03 3.2227e+03 3.0815e+03 7.6017e+18 1.3123e+21 2.5093e+21 6.6857e-02 -8.0617e-03 7.8395e+04 5.2568e+04
2.7400e+03 7.4679e-12 8.8690e-01 2.0346e+03 3.2218e+03 3.0817e+03 7.6363e+18 1.3151e+21 2.5045e+21 6.6738e-02 -7.9715e-03 7.8515e+04 5.2733e+04
2.7500e+03 7.4456e-12 8.8582e-01 2.0342e+03 3.2209e+03 3.0820e+03 7.6711e+18 1.3178e+21 2.4998e+21 6.6620e-02 -7.8817e-03 7.8635e+04 5.2898e+04
2.7600e+03 7.4234e-12 8.8475e-01 2.0338e+03 3.2200e+03 3.0822e+03 7.7060e+18 1.3206e+21 2.4951e+21 6.6502e-02 -7.7924e-03 7.8755e+04 5.3066e+04
2.7700e+03 7.4014e-12 8.8369e-01 2.0334e+03 3.2191e+03 3.0824e+03 7.7411e+18 1.3234e+21 2.4905e+21 6.6385e-02 -7.7036e-03 7.8876e+04 5.3235e+04
2.7800e+03 7.3795e-12 8.8263e-01 2.0330e+03 3.2182e+03 3.0827e+03 7.7765e+18 1.3262e+21 2.4860e+21 6.6267e-02 -7.6152e-03 7.8997e+04 5.3405e+04
2.7900e+03 7.3576e-12 8.8159e-01 2.0325e+03 3.2173e+03 3.0829e+03 7.8120e+18 1.3290e+21 2.4815e+21 6.6150e-02 -7.5272e-03 7.9118e+04 5.3578e+04
2.8000e+03 7.3360e-12 8.8055e-01 2.0321e+03 3.2164e+03 3.0831e+03 7.8477e+18 1.3319e+21 2.4771e+21 6.6032e-02 -7.4397e-03 7.9240e+04 5.3752e+04
2.8100e+03 7.3144e-12 8.7952e-01 2.0317e+03 3.2155e+03 3.0834e+03 7.8835e+18 1.3347e+21 2.4727e+21 6.5915e-02 -7.3527e-03 7.9361e+04 5.3927e+04
2.8200e+03 7.2929e-12 8.7850e-01 2.0313e+03 3.2146e+03 3.0836e+03 7.9196e+18 1.3376e+21 2.4684e+21 6.5798e-02 -7.2660e-03 7.9483e+04 5.4105e+04
2.8300e+03 7.2716e-12 8.7748e-01 2.0309e+03 3.2137e+03 3.0838e+03 7.9558e+18 1.3405e+21 2.4642e+21 6.5682e-02 -7.1799e-03 7.9605e+04 5.4284e+04
2.8400e+03 7.2504e-12 8.7648e-01 2.0304e+03 3.2128e+03 3.0840e+03 7.9923e+18 1.3434e+21 2.4600e+21 6.5565e-02 -7.0942e-03 7.9727e+04 5.4465e+04
2.8500e+03 7.2293e-12 8.7548e-01 2.0300e+03 3.2119e+03 3.0842e+03 8.0289e+18 1.3464e+21 2.4558e+21 6.5449e-02 -7.0089e-03 7.9850e+04 5.4648e+04
2.8600e+03 7.2083e-12 8.7449e-01 2.0296e+03 3.2110e+03 3.0844e+03 8.0657e+18 1.3493e+21 2.4518e+21 6.5333e-02 -6.9241e-03 7.9972e+04 5.4832e+04
2.8700e+03 7.1874e-12 8.7350e-01 2.0292e+03 3.2101e+03 3.0847e+03 8.1027e+18 1.3523e+21 2.4477e+21 6.5217e-02 -6.8398e-03 8.0095e+04 5.5019e+04
2.8800e+03 7.1666e-12 8.7253e-01 2.0288e+03 3.2092e+03 3.0849e+03 8.1398e+18 1.3553e+21 2.4438e+21 6.5101e-02 -6.7559e-03 8.0218e+04 5.5207e+04
2.8900e+03 7.1460e-12 8.7156e-01 2.0283e+03 3.2083e+03 3.0851e+03 8.1772e+18 1.3583e+21 2.4399e+21 6.4986e-02 -6.6725e-03 8.0341e+04 5.5397e+04
2.9000e+03 7.1254e-12 8.7060e-01 2.0279e+03 3.2074e+03 3.0853e+03 8.2147e+18 1.3613e+21 2.4360e+21 6.4870e-02 -6.5895e-03 8.0465e+04 5.5590e+04
2.9100e+03 7.1050e-12 8.6964e-01 2.0275e+03 3.2065e+03 3.0855e+03 8.2524e+18 1.3643e+21 2.4322e+21 6.4755e-02 -6.5070e-03 8.0588e+04 5.5784e+04
2.9200e+03 7.0847e-12 8.6870e-01 2.0271e+03 3.2056e+03 3.0857e+03 8.2903e+18 1.3674e+21 2.4285e+21 6.4641e-02 -6.4250e-03 8.0712e+04 5.5980e+04
2.9300e+03 7.0645e-12 8.6776e-01 2.0267e+03 3.2047e+03 3.0859e+03 8.3284e+18 1.3704e+21 2.4248e+21 6.4526e-02 -6.3434e-03 8.0836e+04 5.6178e+04
2.9400e+03 7.0444e-12 8.6683e-01 2.0263e+03 3.2037e+03 3.0861e+03 8.3667e+18 1.3735e+21 2.4212e+21 6.4412e-02 -6.2623e-03 8.0960e+04 5.6379e+04
2.9500e+03 7.0244e-12 8.6590e-01 2.0258e+03 3.2028e+03 3.0862e+03 8.4051e+18 1.3766e+21 2.4176e+21 6.4297e-02 -6.1816e-03 8.1084e+04 5.6581e+04
2.9600e+03 7.0045e-12 8.6498e-01 2.0254e+03 3.2019e+03 3.0864e+03 8.4438e+18 1.3797e+21 2.4141e+21 6.4183e-02 -6.1014e-03 8.1209e+04 5.6786e+04
2.9700e+03 6.9847e-12 8.6407e-01 2.0250e+03 3.2010e+03 3.0866e+03 8.4826e+18 1.3828e+21 2.4106e+21 6.4070e-02 -6.0216e-03 8.1333e+04 5.6993e+04
2.9800e+03 6.9651e-12 8.6317e-01 2.0246e+03 3.2001e+03 3.0868e+03 8.5216e+18 1.3860e+21 2.4071e+21 6.3956e-02 -5.9424e-03 8.1458e+04 5.7202e+04
2.9900e+03 6.9455e-12 8.6227e-01 2.0242e+03 3.1992e+03 3.0870e+03 8.5608e+18 1.3891e+21 2.4038e+21 6.3843e-02 -5.8635e-03 8.1583e+04 5.7413e+04
3.0000e+03 6.9260e-12 8.6137e-01 2.0238e+03 3.1983e+03 3.0872e+03 8.6001e+18 1.3923e+21 2.4004e+21 6.3730e-02 -5.7851e-03 8.1708e+04 5.7627e+04
3.0100e+03 6.9067e-12 8.6049e-01 2.0233e+03 3.1974e+03 3.0873e+03 8.6397e+18 1.3955e+21 2.3972e+21 6.3617e-02 -5.7072e-03 8.1833e+04 5.7843e+04
3.0200e+03 6.8874e-12 8.5961e-01 2.0229e+03 3.1965e+03 3.0875e+03 8.6794e+18 1.3987e+21 2.3939e+21 6.3505e-02 -5.6298e-03 8.1959e+04 5.8061e+04
3.0300e+03 6.8682e-12 8.5874e-01 2.0225e+03 3.1956e+03 3.0877e+03 8.7193e+18 1.4019e+21 2.3907e+21 6.3393e-02 -5.5528e-03 8.2084e+04 5.8282e+04
3.0400e+03 6.8492e-12 8.5787e-01 2.0221e+03 3.1946e+03 3.0879e+03 8.7594e+18 1.4051e+21 2.3876e+21 6.3281e-02 -5.4762e-03 8.2210e+04 5.8506e+04
3.0500e+03 6.8302e-12 8.5701e-01 2.0217e+03 3.1937e+03 3.0880e+03 8.7997e+18 1.4084e+21 2.3845e+21 6.3169e-02 -5.4001e-03 8.2335e+04 5.8732e+04
3.0600e+03 6.8114e-12 8.5616e-01 2.0213e+03 3.1928e+03 3.0882e+03 8.8401e+18 1.4116e+21 2.3815e+21 6.3057e-02 -5.3245e-03 8.2461e+04 5.8960e+04
3.0700e+03 6.7926e-12 8.5531e-01 2.0208e+03 3.1919e+03 3.0883e+03 8.8808e+18 1.4149e+21 2.3785e+21 6.2946e-02 -5.2493e-03 8.2587e+04 5.9191e+04
3.0800e+03 6.7740e-12 8.5447e-01 2.0204e+03 3.1910e+03 3.0885e+03 8.9216e+18 1.4182e+21 2.3755e+21 6.2835e-02 -5.1746e-03 8.2713e+04 5.9425e+04
3.0900e+03 6.7554e-12 8.5363e-01 2.0200e+03 3.1901e+03 3.0887e+03 8.9626e+18 1.4215e+21 2.3726e+21 6.2724e-02 -5.1003e-03 8.2840e+04 5.9662e+04
3.1000e+03 6.7370e-12 8.5280e-01 2.0196e+03 3.1892e+03 3.0888e+03 9.0038e+18 1.4248e+21 2.3698e+21 6.2614e-02 -5.0265e-03 8.2966e+04 5.9902e+04
3.1100e+03 6.7186e-12 8.5197e-01 2.0192e+03 3.1883e+03 3.0890e+03 9.0451e+18 1.4281e+21 2.3670e+21 6.2504e-02 -4.9531e-03 8.3092e+04 6.0144e+04
3.1200e+03 6.7003e-12 8.5116e-01 2.0188e+03 3.1874e+03 3.0891e+03 9.0867e+18 1.4314e+21 2.3642e+21 6.2394e-02 -4.8802e-03 8.3219e+04 6.0389e+04
3.1300e+03 6.6822e-12 8.5034e-01 2.0184e+03 3.1864e+03 3.0893e+03 9.1284e+18 1.4348e+21 2.3615e+21 6.2284e-02 -4.8077e-03 8.3346e+04 6.0638e+04
3.1400e+03 6.6641e-12 8.4953e-01 2.0180e+03 3.1855e+03 3.0894e+03 9.1703e+18 1.4381e+21 2.3588e+21 6.2175e-02 -4.7357e-03 8.3473e+04 6.0889e+04
3.1500e+03 6.6461e-12 8.4873e-01 2.0175e+03 3.1846e+03 3.0896e+03 9.2124e+18 1.4415e+21 2.3562e+21 6.2065e-02 -4.6641e-03 8.3600e+04 6.1144e+04
3.1600e+03 6.6282e-12 8.4794e-01 2.0171e+03 3.1837e+03 3.0897e+03 9.2547e+18 1.4449e+21 2.3536e+21 6.1957e-02 -4.5930e-03 8.3727e+04 6.1402e+04
3.1700e+03 6.6104e-12 8.4715e-01 2.0167e+03 3.1828e+03 3.0898e+03 9.2972e+18 1.4483e+21 2.3510e+21 6.1848e-02 -4.5223e-03 8.3854e+04 6.1663e+04
3.1800e+03 6.5927e-12 8.4636e-01 2.0163e+03 3.1819e+03 3.0900e+03 9.3398e+18 1.4517e+21 2.3485e+21 6.1739e-02 -4.4521e-03 8.3981e+04 6.1928e+04
3.1900e+03 6.5751e-12 8.4558e-01 2.0159e+03 3.1810e+03 3.0901e+03 9.3826e+18 1.4551e+21 2.3461e+21 6.1631e-02 -4.3823e-03 8.4109e+04 6.2196e+04
3.2000e+03 6.5576e-12 8.4480e-01 2.0155e+03 3.1801e+03 3.0902e+03 9.4256e+18 1.4586e+21 2.3436e+21 6.1524e-02 -4.3129e-03 8.4236e+04 6.2467e+04
3.2100e+03 6.5402e-12 8.4403e-01 2.0151e+03 3.1791e+03 3.0904e+03 9.4688e+18 1.4620e+21 2.3412e+21 6.1416e-02 -4.2440e-03 8.4364e+04 6.2743e+04
3.2200e+03 6.5228e-12 8.4327e-01 2.0147e+03 3.1782e+03 3.0905e+03 9.5122e+18 1.4655e+21 2.3389e+21 6.1309e-02 -4.1755e-03 8.4491e+04 6.3022e+04
3.2300e+03 6.5056e-12 8.4251e-01 2.0143e+03 3.1773e+03 3.0906e+03 9.5557e+18 1.4689e+21 2.3366e+21 6.1202e-02 -4.1074e-03 8.4619e+04 6.3305e+04
3.2400e+03 6.4884e-12 8.4176e-01 2.0139e+03 3.1764e+03 3.0908e+03 9.5994e+18 1.4724e+21 2.3343e+21 6.1095e-02 -4.0398e-03 8.4747e+04 6.3591e+04
3.2500e+03 6.4713e-12 8.4101e-01 2.0135e+03 3.1755e+03 3.0909e+03 9.6434e+18 1.4759e+21 2.3321e+21 6.0988e-02 -3.9726e-03 8.4875e+04 6.3882e+04
3.2600e+03 6.4544e-12 8.4026e-01 2.0131e+03 3.1746e+03 3.0910e+03 9.6874e+18 1.4794e+21 2.3299e+21 6.0882e-02 -3.9059e-03 8.5003e+04 6.4177e+04
3.2700e+03 6.4375e-12 8.3952e-01 2.0126e+03 3.1736e+03 3.0911e+03 9.7317e+18 1.4829e+21 2.3278e+21 6.0776e-02 -3.8395e-03 8.5131e+04 6.4477e+04
3.2800e+03 6.4206e-12 8.3879e-01 2.0122e+03 3.1727e+03 3.0912e+03 9.7762e+18 1.4864e+21 2.3257e+21 6.0671e-02 -3.7736e-03 8.5259e+04 6.4781e+04
3.2900e+03 6.4039e-12 8.3806e-01 2.0118e+03 3.1718e+03 3.0914e+03 9.8208e+18 1.4899e+21 2.3236e+21 6.0565e-02 -3.7082e-03 8.5388e+04 6.5089e+04
3.3000e+03 6.3873e-12 8.3734e-01 2.0114e+03 3.1709e+03 3.0915e+03 9.8656e+18 1.4934e+21 2.3216e+21 6.0460e-02 -3.6431e-03 8.5516e+04 6.5402e+04
3.3100e+03 6.3707e-12 8.3662e-01 2.0110e+03 3.1700e+03 3.0916e+03 9.9107e+18 1.4970e+21 2.3196e+21 6.0355e-02 -3.5785e-03 8.5644e+04 6.5720e+04
3.3200e+03 6.3542e-12 8.3590e-01 2.0106e+03 3.1691e+03 3.0917e+03 9.9558e+18 1.5005e+21 2.3176e+21 6.0251e-02 -3.5143e-03 8.5773e+04 6.6043e+04
3.3300e+03 6.3379e-12 8.3519e-01 2.0102e+03 3.1681e+03 3.0918e+03 1.0001e+19 1.5041e+21 2.3157e+21 6.0146e-02 -3.4505e-03 8.5902e+04 6.6371e+04
3.3400e+03 6.3216e-12 8.3448e-01 2.0098e+03 3.1672e+03 3.0919e+03 1.0047e+19 1.5076e+21 2.3138e+21 6.0042e-02 -3.3871e-03 8.6030e+04 6.6704e+04
3.3500e+03 6.3053e-12 8.3378e-01 2.0094e+03 3.1663e+03 3.0920e+03 1.0093e+19 1.5112e+21 2.3120e+21 5.9939e-02 -3.3241e-03 8.6159e+04 6.7042e+04
3.3600e+03 6.2892e-12 8.3309e-01 2.0090e+03 3.1654e+03 3.0921e+03 1.0138e+19 1.5148e+21 2.3102e+21 5.9835e-02 -3.2615e-03 8.6288e+04 6.7387e+04
3.3700e+03 6.2731e-12 8.3239e-01 2.0086e+03 3.1644e+03 3.0922e+03 1.0185e+19 1.5184e+21 2.3084e+21 5.9732e-02 -3.1994e-03 8.6417e+04 6.7737e+04
3.3800e+03 6.2571e-12 8.3171e-01 2.0082e+03 3.1635e+03 3.0923e+03 1.0231e+19 1.5220e+21 2.3067e+21 5.9629e-02 -3.1376e-03 8.6546e+04 6.8093e+04
3.3900e+03 6.2412e-12 8.3102e-01 2.0078e+03 3.1626e+03 3.0924e+03 1.0277e+19 1.5256e+21 2.3050e+21 5.9527e-02 -3.0763e-03 8.6675e+04 6.8456e+04
3.4000e+03 6.2254e-12 8.3034e-01 2.0074e+03 3.1617e+03 3.0925e+03 1.0324e+19 1.5292e+21 2.3033e+21 5.9424e-02 -3.0153e-03 8.6804e+04 6.8824e+04
3.4100e+03 6.2097e-12 8.2967e-01 2.0070e+03 3.1607e+03 3.0926e+03 1.0371e+19 1.5328e+21 2.3017e+21 5.9322e-02 -2.9548e-03 8.6933e+04 6.9200e+04
3.4200e+03 6.1940e-12 8.2900e-01 2.0066e+03 3.1598e+03 3.0927e+03 1.0418e+19 1.5364e+21 2.3001e+21 5.9220e-02 -2.8946e-03 8.7062e+04 6.9583e+04
3.4300e+03 6.1784e-12 8.2833e-01 2.0062e+03 3.1589e+03 3.0928e+03 1.0465e+19 1.5400e+21 2.2985e+21 5.9119e-02 -2.8348e-03 8.7192e+04 6.9972e+04
3.4400e+03 6.1629e-12 8.2767e-01 2.0058e+03 3.1579e+03 3.0928e+03 1.0512e+19 1.5436e+21 2.2970e+21 5.9018e-02 -2.7754e-03 8.7321e+04 7.0370e+04
3.4500e+03 6.1475e-12 8.2701e-01 2.0054e+03 3.1570e+03 3.0929e+03 1.0560e+19 1.5472e+21 2.2955e+21 5.8917e-02 -2.7164e-03 8.7451e+04 7.0775e+04
3.4600e+03 6.1322e-12 8.2636e-01 2.0050e+03 3.1561e+03 3.0930e+03 1.0608e+19 1.5509e+21 2.2940e+21 5.8816e-02 -2.6578e-03 8.7580e+04 7.1188e+04
3.4700e+03 6.1169e-12 8.2571e-01 2.0046e+03 3.1551e+03 3.0931e+03 1.0656e+19 1.5545e+21 2.2925e+21 5.8716e-02 -2.5996e-03 8.7710e+04 7.1610e+04
3.4800e+03 6.1017e-12 8.2507e-01 2.0042e+03 3.1542e+03 3.0932e+03 1.0704e+19 1.5581e+21 2.2911e+21 5.8616e-02 -2.5417e-03 8.7839e+04 7.2040e+04
3.4900e+03 6.0866e-12 8.2443e-01 2.0039e+03 3.1533e+03 3.0932e+03 1.0752e+19 1.5617e+21 2.2898e+21 5.8516e-02 -2.4842e-03 8.7969e+04 7.2480e+04
3.5000e+03 6.0715e-12 8.2379e-01 2.0035e+03 3.1523e+03 3.0933e+03 1.0801e+19 1.5654e+21 2.2884e+21 5.8416e-02 -2.4270e-03 8.8099e+04 7.2930e+04
3.5100e+03 6.0565e-12 8.2316e-01 2.0031e+03 3.1514e+03 3.0934e+03 1.0849e+19 1.5690e+21 2.2871e+21 5.8317e-02 -2.3702e-03 8.8228e+04 7.3389e+04
3.5200e+03 6.0416e-12 8.2253e-01 2.0027e+03 3.1504e+03 3.0935e+03 1.0898e+19 1.5726e+21 2.2859e+21 5.8218e-02 -2.3138e-03 8.8358e+04 7.3859e+04
3.5300e+03 6.0268e-12 8.2190e-01 2.0023e+03 3.1495e+03 3.0935e+03 1.0947e+19 1.5762e+21 2.2846e+21 5.8119e-02 -2.2577e-03 8.8488e+04 7.4340e+04
3.5400e+03 6.0120e-12 8.2128e-01 2.0019e+03 3.1485e+03 3.0936e+03 1.0997e+19 1.5798e+21 2.2834e+21 5.8021e-02 -2.2020e-03 8.8618e+04 7.4833e+04
3.5500e+03 5.9974e-12 8.2066e-01 2.0015e+03 3.1476e+03 3.0937e+03 1.1046e+19 1.5834e+21 2.2822e+21 5.7923e-02 -2.1466e-03 8.8748e+04 7.5338e+04
3.5600e+03 5.9827e-12 8.2005e-01 2.0011e+03 3.1466e+03 3.0937e+03 1.1096e+19 1.5870e+21 2.2811e+21 5.7825e-02 -2.0915e-03 8.8878e+04 7.5856e+04
3.5700e+03 5.9682e-12 8.1944e-01 2.0007e+03 3.1457e+03 3.0938e+03 1.1145e+19 1.5906e+21 2.2799e+21 5.7727e-02 -2.0368e-03 8.9008e+04 7.6387e+04
3.5800e+03 5.9537e-12 8.1883e-01 2.0003e+03 3.1447e+03 3.0939e+03 1.1195e+19 1.5942e+21 2.2788e+21 5.7630e-02 -1.9824e-03 8.9138e+04 7.6933e+04
3.5900e+03 5.9393e-12 8.1823e-01 1.9999e+03 3.1437e+03 3.0939e+03 1.1246e+19 1.5978e+21 2.2778e+21 5.7533e-02 -1.9283e-03 8.9268e+04 7.7494e+04
3.6000e+03 5.9250e-12 8.1763e-01 1.9996e+03 3.1428e+03 3.0940e+03 1.1296e+19 1.6014e+21 2.2767e+21 5.7436e-02 -1.8744e-03 8.9398e+04 7.8071e+04
3.6100e+03 5.9107e-12 8.1704e-01 1.9992e+03 3.1418e+03 3.0940e+03 1.1346e+19 1.6049e+21 2.2757e+21 5.7339e-02 -1.8209e-03 8.9528e+04 7.8665e+04
3.6200e+03 5.8965e-12 8.1644e-01 1.9988e+03 3.1408e+03 3.0941e+03 1.1397e+19 1.6085e+21 2.2748e+21 5.7243e-02 -1.7677e-03 8.9659e+04 7.9277e+04
3.6300e+03 5.8824e-12 8.1586e-01 1.9984e+03 3.1398e+03 3.0942e+03 1.1448e+19 1.6120e+21 2.2738e+21 5.7147e-02 -1.7147e-03 8.9789e+04 7.9909e+04
3.6400e+03 5.8684e-12 8.1527e-01 1.9980e+03 3.1388e+03 3.0942e+03 1.1499e+19 1.6155e+21 2.2729e+21 5.7052e-02 -1.6620e-03 8.9919e+04 8.0562e+04
3.6500e+03 5.8544e-12 8.1469e-01 1.9976e+03 3.1378e+03 3.0943e+03 1.1550e+19 1.6190e+21 2.2720e+21 5.6956e-02 -1.6096e-03 9.0050e+04 8.1237e+04
3.6600e+03 5.8405e-12 8.1411e-01 1.9972e+03 3.1368e+03 3.0943e+03 1.1602e+19 1.6224e+21 2.2712e+21 5.6861e-02 -1.5573e-03 9.0180e+04 8.1936e+04
3.6700e+03 5.8266e-12 8.1354e-01 1.9969e+03 3.1358e+03 3.0944e+03 1.1654e+19 1.6259e+21 2.2703e+21 5.6766e-02 -1.5053e-03 9.0310e+04 8.2661e+04
3.6800e+03 5.8128e-12 8.1297e-01 1.9965e+03 3.1348e+03 3.0944e+03 1.1705e+19 1.6292e+21 2.2695e+21 5.6672e-02 -1.4535e-03 9.0441e+04 8.3413e+04
3.6900e+03 5.7991e-12 8.1240e-01 1.9961e+03 3.1338e+03 3.0944e+03 1.1757e+19 1.6326e+21 2.2687e+21 5.6577e-02 -1.4019e-03 9.0571e+04 8.4197e+04
3.7000e+03 5.7855e-12 8.1184e-01 1.9957e+03 3.1328e+03 3.0945e+03 1.1810e+19 1.6359e+21 2.2680e+21 5.6484e-02 -1.3504e-03 9.0701e+04 8.5013e+04
3.7100e+03 5.7719e-12 8.1128e-01 1.9953e+03 3.1317e+03 3.0945e+03 1.1862e+19 1.6392e+21 2.2673e+21 5.6390e-02 -1.2990e-03 9.0832e+04 8.5867e+04
3.7200e+03 5.7583e-12 8.1072e-01 1.9950e+03 3.1306e+03 3.0946e+03 1.1915e+19 1.6424e+21 2.2666e+21 5.6296e-02 -1.2477e-03 9.0962e+04 8.6760e+04
3.7300e+03 5.7449e-12 8.1016e-01 1.9946e+03 3.1296e+03 3.0946e+03 1.1967e+19 1.6456e+21 2.2659e+21 5.6203e-02 -1.1965e-03 9.1093e+04 8.7698e+04
3.7400e+03 5.7315e-12 8.0961e-01 1.9942e+03 3.1285e+03 3.0946e+03 1.2020e+19 1.6487e+21 2.2653e+21 5.6110e-02 -1.1452e-03 9.1223e+04 8.8687e+04
3.7500e+03 5.7182e-12 8.0906e-01 1.9938e+03 3.1274e+03 3.0947e+03 1.2073e+19 1.6517e+21 2.2647e+21 5.6018e-02 -1.0939e-03 9.1354e+04 8.9731e+04
3.7600e+03 5.7049e-12 8.0852e-01 1.9934e+03 3.1263e+03 3.0947e+03 1.2127e+19 1.6546e+21 2.2641e+21 5.5925e-02 -1.0425e-03 9.1484e+04 9.0839e+04
3.7700e+03 5.6917e-12 8.0798e-01 1.9931e+03 3.1251e+03 3.0947e+03 1.2180e+19 1.6575e+21 2.2635e+21 5.5833e-02 -9.9085e-04 9.1615e+04 9.2021e+04
3.7800e+03 5.6785e-12 8.0744e-01 1.9927e+03 3.1240e+03 3.0948e+03 1.2234e+19 1.6602e+21 2.2630e+21 5.5742e-02 -9.3887e-04 9.1745e+04 9.3288e+04
3.7900e+03 5.6655e-12 8.0690e-01 1.9923e+03 3.1228e+03 3.0948e+03 1.2288e+19 1.6627e+21 2.2625e+21 5.5650e-02 -8.8642e-04 9.1876e+04 9.4655e+04
3.8000e+03 5.6524e-12 8.0637e-01 1.9919e+03 3.1215e+03 3.0948e+03 1.2342e+19 1.6651e+21 2.2620e+21 5.5559e-02 -8.3330e-04 9.2006e+04 9.6144e+04
3.8100e+03 5.6395e-12 8.0584e-01 1.9916e+03 3.1202e+03 3.0948e+03 1.2396e+19 1.6673e+21 2.2616e+21 5.5468e-02 -7.7926e-04 9.2137e+04 9.7781e+04
3.8200e+03 5.6266e-12 8.0531e-01 1.9912e+03 3.1189e+03 3.0949e+03 1.2450e+19 1.6691e+21 2.2612e+21 5.5378e-02 -7.2388e-04 9.2267e+04 9.9608e+04
3.8300e+03 5.6137e-12 8.0478e-01 1.9908e+03 3.1175e+03 3.0949e+03 1.2505e+19 1.6706e+21 2.2608e+21 5.5287e-02 -6.6658e-04 9.2398e+04 1.0169e+05
3.8400e+03 5.6010e-12 8.0426e-01 1.9904e+03 3.1160e+03 3.0949e+03 1.2559e+19 1.6715e+21 2.2604e+21 5.5198e-02 -6.0634e-04 9.2528e+04 1.0412e+05
3.8500e+03 5.5882e-12 8.0374e-01 1.9901e+03 3.1143e+03 3.0949e+03 1.2614e+19 1.6716e+21 2.2601e+21 5.5108e-02 -5.4116e-04 9.2658e+04 1.0710e+05
3.8600e+03 5.5756e-12 8.0322e-01 1.9897e+03 3.1122e+03 3.0950e+03 1.2669e+19 1.6701e+21 2.2598e+21 5.5019e-02 -4.6604e-04 9.2788e+04 1.1113e+05
3.8700e+03 5.5630e-12 8.0270e-01 1.9893e+03 3.1089e+03 3.0950e+03 1.2724e+19 1.6624e+21 2.2596e+21 5.4930e-02 -3.5017e-04 9.2918e+04 1.1921e+05
3.8800e+03 5.5504e-12 8.0217e-01 1.9890e+03 3.1077e+03 3.0950e+03 1.2779e+19 1.6649e+21 2.2594e+21 5.4842e-02 -3.1002e-04 9.3047e+04 1.2292e+05
3.8900e+03 5.5380e-12 8.0166e-01 1.9886e+03 3.1077e+03 3.0950e+03 1.2834e+19 1.6731e+21 2.2592e+21 5.4754e-02 -3.0972e-04 9.3177e+04 1.2307e+05
3.9000e+03 5.5255e-12 8.0114e-01 1.9882e+03 3.1077e+03 3.0950e+03 1.2890e+19 1.6815e+21 2.2591e+21 5.4666e-02 -3.0943e-04 9.3307e+04 1.2322e+05
3.9100e+03 5.5132e-12 8.0064e-01 1.9879e+03 3.1077e+03 3.0950e+03 1.2946e+19 1.6899e+21 2.2589e+21 5.4578e-02 -3.0914e-04 9.3437e+04 1.2338e+05
3.9200e+03 5.5008e-12 8.0014e-01 1.9875e+03 3.1077e+03 3.0950e+03 1.3002e+19 1.6984e+21 2.2587e+21 5.4490e-02 -3.0884e-04 9.3567e+04 1.2353e+05
3.9300e+03 5.4886e-12 7.9964e-01 1.9871e+03 3.1077e+03 3.0950e+03 1.3058e+19 1.7069e+21 2.2586e+21 5.4402e-02 -3.0856e-04 9.3698e+04 1.2368e+05
3.9400e+03 5.4764e-12 7.9916e-01 1.9868e+03 3.1078e+03 3.0950e+03 1.3115e+19 1.7155e+21 2.2584e+21 5.4314e-02 -3.0827e-04 9.3829e+04 1.2384e+05
3.9500e+03 5.4643e-12 7.9868e-01 1.9864e+03 3.1078e+03 3.0950e+03 1.3172e+19 1.7241e+21 2.2582e+21 5.4227e-02 -3.0798e-04 9.3960e+04 1.2399e+05
3.9600e+03 5.4522e-12 7.9820e-01 1.9860e+03 3.1078e+03 3.0951e+03 1.3230e+19 1.7328e+21 2.2581e+21 5.4139e-02 -3.0768e-04 9.4092e+04 1.2415e+05
3.9700e+03 5.4401e-12 7.9773e-01 1.9857e+03 3.1078e+03 3.0951e+03 1.3288e+19 1.7416e+21 2.2579e+21 5.4051e-02 -3.0739e-04 9.4224e+04 1.2431e+05
3.9800e+03 5.4282e-12 7.9726e-01 1.9853e+03 3.1078e+03 3.0951e+03 1.3346e+19 1.7504e+21 2.2578e+21 5.3964e-02 -3.0710e-04 9.4357e+04 1.2446e+05
3.9900e+03 5.4162e-12 7.9681e-01 1.9849e+03 3.1078e+03 3.0951e+03 1.3405e+19 1.7593e+21 2.2576e+21 5.3876e-02 -3.0681e-04 9.4489e+04 1.2462e+05
4.0000e+03 5.4044e-12 7.9635e-01 1.9845e+03 3.1078e+03 3.0951e+03 1.3463e+19 1.7683e+21 2.2574e+21 5.3789e-02 -3.0651e-04 9.4622e+04 1.2478e+05
4.0100e+03 5.3926e-12 7.9591e-01 1.9842e+03 3.1079e+03 3.0951e+03 1.3523e+19 1.7773e+21 2.2573e+21 5.3701e-02 -3.0623e-04 9.4756e+04 1.2494e+05
4.0200e+03 5.3808e-12 7.9546e-01 1.9838e+03 3.1079e+03 3.0951e+03 1.3582e+19 1.7864e+21 2.2571e+21 5.3614e-02 -3.0592e-04 9.4889e+04 1.2510e+05
4.0300e+03 5.3691e-12 7.9503e-01 1.9834e+03 3.0879e+03 3.0951e+03 1.3642e+19 1.6944e+21 2.2569e+21 5.3527e-02 1.4536e-04 9.5023e+04 1.4875e+05
4.0400e+03 5.3574e-12 7.9456e-01 1.9831e+03 3.0877e+03 3.0951e+03 1.3701e+19 1.7015e+21 2.2570e+21 5.3442e-02 1.5206e-04 9.5154e+04 1.4721e+05
4.0500e+03 5.3458e-12 7.9410e-01 1.9827e+03 3.0874e+03 3.0951e+03 1.3760e+19 1.7086e+21 2.2571e+21 5.3357e-02 1.5894e-04 9.5285e+04 1.4571e+05
4.0600e+03 5.3343e-12 7.9365e-01 1.9824e+03 3.0871e+03 3.0951e+03 1.3819e+19 1.7157e+21 2.2572e+21 5.3272e-02 1.6610e-04 9.5416e+04 1.4423e+05
4.0700e+03 5.3228e-12 7.9320e-01 1.9820e+03 3.0868e+03 3.0951e+03 1.3879e+19 1.7228e+21 2.2573e+21 5.3188e-02 1.7353e-04 9.5548e+04 1.4277e+05
4.0800e+03 5.3113e-12 7.9275e-01 1.9816e+03 3.0866e+03 3.0951e+03 1.3938e+19 1.7299e+21 2.2574e+21 5.3103e-02 1.8125e-04 9.5680e+04 1.4134e+05
4.0900e+03 5.3000e-12 7.9231e-01 1.9813e+03 3.0863e+03 3.0951e+03 1.3999e+19 1.7370e+21 2.2575e+21 5.3019e-02 1.8926e-04 9.5812e+04 1.3993e+05
4.1000e+03 5.2886e-12 7.9188e-01 1.9809e+03 3.0860e+03 3.0951e+03 1.4059e+19 1.7441e+21 2.2576e+21 5.2934e-02 1.9756e-04 9.5944e+04 1.3855e+05
4.1100e+03 5.2773e-12 7.9145e-01 1.9805e+03 3.0856e+03 3.0951e+03 1.4120e+19 1.7511e+21 2.2577e+21 5.2850e-02 2.0616e-04 9.6076e+04 1.3719e+05
4.1200e+03 5.2661e-12 7.9102e-01 1.9802e+03 3.0853e+03 3.0951e+03 1.4181e+19 1.7582e+21 2.2578e+21 5.2766e-02 2.1505e-04 9.6209e+04 1.3585e+05
4.1300e+03 5.2549e-12 7.9060e-01 1.9798e+03 3.0850e+03 3.0951e+03 1.4242e+19 1.7653e+21 2.2579e+21 5.2682e-02 2.2426e-04 9.6342e+04 1.3454e+05
4.1400e+03 5.2437e-12 7.9018e-01 1.9795e+03 3.0847e+03 3.0951e+03 1.4304e+19 1.7724e+21 2.2580e+21 5.2598e-02 2.3377e-04 9.6475e+04 1.3325e+05
4.1500e+03 5.2326e-12 7.8977e-01 1.9791e+03 3.0843e+03 3.0950e+03 1.4366e+19 1.7794e+21 2.2581e+21 5.2514e-02 2.4359e-04 9.6608e+04 1.3199e+05
4.1600e+03 5.2216e-12 7.8936e-01 1.9787e+03 3.0840e+03 3.0950e+03 1.4428e+19 1.7865e+21 2.2583e+21 5.2430e-02 2.5372e-04 9.6742e+04 1.3075e+05
4.1700e+03 5.2106e-12 7.8895e-01 1.9784e+03 3.0836e+03 3.0950e+03 1.4491e+19 1.7935e+21 2.2584e+21 5.2347e-02 2.6416e-04 9.6876e+04 1.2954e+05
4.1800e+03 5.1997e-12 7.8855e-01 1.9780e+03 3.0833e+03 3.0950e+03 1.4554e+19 1.8006e+21 2.2585e+21 5.2263e-02 2.7492e-04 9.7010e+04 1.2835e+05
4.1900e+03 5.1888e-12 7.8815e-01 1.9777e+03 3.0829e+03 3.0950e+03 1.4617e+19 1.8076e+21 2.2587e+21 5.2180e-02 2.8600e-04 9.7144e+04 1.2718e+05
4.2000e+03 5.1779e-12 7.8776e-01 1.9773e+03 3.0825e+03 3.0950e+03 1.4681e+19 1.8147e+21 2.2588e+21 5.2097e-02 2.9740e-04 9.7278e+04 1.2604e+05
4.2100e+03 5.1671e-12 7.8737e-01 1.9769e+03 3.0821e+03 3.0950e+03 1.4744e+19 1.8217e+21 2.2590e+21 5.2014e-02 3.0911e-04 9.7412e+04 1.2492e+05
4.2200e+03 5.1564e-12 7.8699e-01 1.9766e+03 3.0817e+03 3.0950e+03 1.4808e+19 1.8287e+21 2.2592e+21 5.1931e-02 3.2114e-04 9.7547e+04 1.2382e+05
4.2300e+03 5.1457e-12 7.8661e-01 1.9762e+03 3.0813e+03 3.0950e+03 1.4873e+19 1.8357e+21 2.2593e+21 5.1848e-02 3.3348e-04 9.7682e+04 1.2275e+05
4.2400e+03 5.1350e-12 7.8623e-01 1.9759e+03 3.0809e+03 3.0950e+03 1.4937e+19 1.8427e+21 2.2595e+21 5.1766e-02 3.4614e-04 9.7817e+04 1.2170e+05
4.2500e+03 5.1244e-12 7.8585e-01 1.9755e+03 3.0805e+03 3.0950e+03 1.5002e+19 1.8497e+21 2.2597e+21 5.1684e-02 3.5912e-04 9.7952e+04 1.2067e+05
4.2600e+03 5.1138e-12 7.8548e-01 1.9751e+03 3.0801e+03 3.0949e+03 1.5068e+19 1.8567e+21 2.2599e+21 5.1601e-02 3.7240e-04 9.8087e+04 1.1967e+05
4.2700e+03 5.1033e-12 7.8512e-01 1.9748e+03 3.0797e+03 3.0949e+03 1.5133e+19 1.8637e+21 2.2601e+21 5.1519e-02 3.8600e-04 9.8223e+04 1.1869e+05
4.2800e+03 5.0928e-12 7.8475e-01 1.9744e+03 3.0792e+03 3.0949e+03 1.5199e+19 1.8707e+21 2.2603e+21 5.1437e-02 3.9990e-04 9.8358e+04 1.1772e+05
4.2900e+03 5.0824e-12 7.8439e-01 1.9741e+03 3.0788e+03 3.0949e+03 1.5265e+19 1.8777e+21 2.2605e+21 5.1355e-02 4.1411e-04 9.8494e+04 1.1678e+05
4.3000e+03 5.0720e-12 7.8404e-01 1.9737e+03 3.0783e+03 3.0949e+03 1.5332e+19 1.8846e+21 2.2607e+21 5.1274e-02 4.2862e-04 9.8629e+04 1.1586e+05
4.3100e+03 5.0617e-12 7.8368e-01 1.9733e+03 3.0779e+03 3.0949e+03 1.5398e+19 1.8916e+21 2.2609e+21 5.1192e-02 4.4343e-04 9.8765e+04 1.1496e+05
4.3200e+03 5.0514e-12 7.8333e-01 1.9730e+03 3.0774e+03 3.0949e+03 1.5465e+19 1.8986e+21 2.2612e+21 5.1111e-02 4.5854e-04 9.8901e+04 1.1408e+05
4.3300e+03 5.0411e-12 7.8298e-01 1.9726e+03 3.0770e+03 3.0949e+03 1.5532e+19 1.9055e+21 2.2614e+21 5.1030e-02 4.7394e-04 9.9038e+04 1.1322e+05
4.3400e+03 5.0309e-12 7.8264e-01 1.9723e+03 3.0765e+03 3.0948e+03 1.5600e+19 1.9125e+21 2.2617e+21 5.0949e-02 4.8962e-04 9.9174e+04 1.1238e+05
4.3500e+03 5.0207e-12 7.8230e-01 1.9719e+03 3.0760e+03 3.0948e+03 1.5668e+19 1.9194e+21 2.2619e+21 5.0868e-02 5.0559e-04 9.9310e+04 1.1156e+05
4.3600e+03 5.0106e-12 7.8196e-01 1.9716e+03 3.0755e+03 3.0948e+03 1.5736e+19 1.9263e+21 2.2622e+21 5.0788e-02 5.2184e-04 9.9447e+04 1.1076e+05
4.3700e+03 5.0005e-12 7.8162e-01 1.9712e+03 3.0751e+03 3.0948e+03 1.5804e+19 1.9332e+21 2.2625e+21 5.0708e-02 5.3836e-04 9.9583e+04 1.0997e+05
4.3800e+03 4.9905e-12 7.8129e-01 1.9709e+03 3.0746e+03 3.0948e+03 1.5873e+19 1.9402e+21 2.2628e+21 5.0627e-02 5.5516e-04 9.9720e+04 1.0920e+05
4.3900e+03 4.9805e-12 7.8096e-01 1.9705e+03 3.0741e+03 3.0948e+03 1.5942e+19 1.9471e+21 2.2631e+21 5.0547e-02 5.7222e-04 9.9856e+04 1.0845e+05
4.4000e+03 4.9706e-12 7.8063e-01 1.9701e+03 3.0736e+03 3.0947e+03 1.6011e+19 1.9540e+21 2.2634e+21 5.0468e-02 5.8954e-04 9.9993e+04 1.0772e+05
4.4100e+03 4.9607e-12 7.8031e-01 1.9698e+03 3.0731e+03 3.0947e+03 1.6080e+19 1.9609e+21 2.2637e+21 5.0388e-02 6.0712e-04 1.0013e+05 1.0700e+05
4.4200e+03 4.9508e-12 7.7998e-01 1.9694e+03 3.0726e+03 3.0947e+03 1.6150e+19 1.9678e+21 2.2640e+21 5.0309e-02 6.2494e-04 1.0027e+05 1.0630e+05
4.4300e+03 4.9410e-12 7.7966e-01 1.9691e+03 3.0721e+03 3.0947e+03 1.6220e+19 1.9747e+21 2.2643e+21 5.0229e-02 6.4302e-04 1.0040e+05 1.0561e+05
4.4400e+03 4.9312e-12 7.7935e-01 1.9687e+03 3.0715e+03 3.0947e+03 1.6290e+19 1.9816e+21 2.2647e+21 5.0150e-02 6.6133e-04 1.0054e+05 1.0494e+05
4.4500e+03 4.9215e-12 7.7903e-01 1.9684e+03 3.0710e+03 3.0947e+03 1.6361e+19 1.9885e+21 2.2650e+21 5.0072e-02 6.7988e-04 1.0068e+05 1.0428e+05
4.4600e+03 4.9118e-12 7.7872e-01 1.9680e+03 3.0705e+03 3.0946e+03 1.6432e+19 1.9954e+21 2.2654e+21 4.9993e-02 6.9866e-04 1.0082e+05 1.0364e+05
4.4700e+03 4.9021e-12 7.7841e-01 1.9677e+03 3.0700e+03 3.0946e+03 1.6503e+19 2.0023e+21 2.2658e+21 4.9914e-02 7.1767e-04 1.0095e+05 1.0302e+05
4.4800e+03 4.8925e-12 7.7810e-01 1.9673e+03 3.0694e+03 3.0946e+03 1.6574e+19 2.0092e+21 2.2661e+21 4.9836e-02 7.3689e-04 1.0109e+05 1.0240e+05
4.4900e+03 4.8829e-12 7.7780e-01 1.9670e+03 3.0689e+03 3.0946e+03 1.6646e+19 2.0161e+21 2.2665e+21 4.9758e-02 7.5633e-04 1.0123e+05 1.0180e+05
4.5000e+03 4.8734e-12 7.7749e-01 1.9666e+03 3.0684e+03 3.0945e+03 1.6718e+19 2.0230e+21 2.2669e+21 4.9680e-02 7.7598e-04 1.0136e+05 1.0122e+05
4.5100e+03 4.8639e-12 7.7719e-01 1.9663e+03 3.0678e+03 3.0945e+03 1.6790e+19 2.0299e+21 2.2674e+21 4.9603e-02 7.9584e-04 1.0150e+05 1.0064e+05
4.5200e+03 4.8544e-12 7.7689e-01 1.9659e+03 3.0673e+03 3.0945e+03 1.6862e+19 2.0367e+21 2.2678e+21 4.9525e-02 8.1589e-04 1.0164e+05 1.0008e+05
4.5300e+03 4.8450e-12 7.7659e-01 1.9656e+03 3.0667e+03 3.0945e+03 1.6935e+19 2.0436e+21 2.2682e+21 4.9448e-02 8.3613e-04 1.0178e+05 9.9531e+04
4.5400e+03 4.8356e-12 7.7630e-01 1.9652e+03 3.0662e+03 3.0944e+03 1.7008e+19 2.0505e+21 2.2687e+21 4.9371e-02 8.5657e-04 1.0191e+05 9.8994e+04
4.5500e+03 0.0000e+00 0.0000e+00 1.9649e+03 0.0000e+00 3.0944e+03 0.0000e+00 0.0000e+00 0.0000e+00 0.0000e+00 0.0000e+00 0.0000e+00 0.0000e+00
