0.0000e+00 2.3990e-11 1.4729e+01 1.7000e+03 2.6748e+03 4.0000e+03 2.2229e+20 3.8657e+20 1.0059e+19 1.2910e-02 2.9249e-01 3.2813e+05 1.3592e+04
1.0000e+01 2.3855e-11 1.3670e+01 1.7121e+03 2.5090e+03 3.9911e+03 1.6134e+21 7.0127e+20 1.0483e+19 1.3831e-02 3.1851e-01 3.0889e+05 1.3960e+04
2.0000e+01 2.3720e-11 1.2663e+01 1.7247e+03 2.5408e+03 3.9814e+03 1.1730e+21 6.4913e+20 1.0968e+19 1.4846e-02 3.0796e-01 2.9032e+05 1.4034e+04
3.0000e+01 2.3586e-11 1.1760e+01 1.7370e+03 2.5721e+03 3.9720e+03 8.6432e+20 6.0152e+20 1.1459e+19 1.5896e-02 2.9782e-01 2.7346e+05 1.4102e+04
4.0000e+01 2.3454e-11 1.0948e+01 1.7490e+03 2.6022e+03 3.9630e+03 6.5038e+20 5.5938e+20 1.1958e+19 1.6979e-02 2.8819e-01 2.5814e+05 1.4166e+04
5.0000e+01 2.3322e-11 1.0215e+01 1.7607e+03 2.6312e+03 3.9542e+03 4.9867e+20 5.2190e+20 1.2464e+19 1.8096e-02 2.7902e-01 2.4416e+05 1.4225e+04
6.0000e+01 2.3191e-11 9.5517e+00 1.7722e+03 2.6591e+03 3.9457e+03 3.8884e+20 4.8840e+20 1.2977e+19 1.9244e-02 2.7025e-01 2.3138e+05 1.4282e+04
7.0000e+01 2.3062e-11 8.9499e+00 1.7834e+03 2.6861e+03 3.9375e+03 3.0785e+20 4.5832e+20 1.3495e+19 2.0423e-02 2.6186e-01 2.1966e+05 1.4337e+04
8.0000e+01 2.2933e-11 8.4024e+00 1.7944e+03 2.7122e+03 3.9295e+03 2.4711e+20 4.3121e+20 1.4020e+19 2.1633e-02 2.5381e-01 2.0890e+05 1.4389e+04
9.0000e+01 2.2805e-11 7.9033e+00 1.8051e+03 2.7374e+03 3.9218e+03 2.0086e+20 4.0668e+20 1.4550e+19 2.2871e-02 2.4607e-01 1.9900e+05 1.4440e+04
1.0000e+02 2.2678e-11 7.4472e+00 1.8156e+03 2.7618e+03 3.9143e+03 1.6515e+20 3.8441e+20 1.5085e+19 2.4137e-02 2.3862e-01 1.8987e+05 1.4490e+04
1.1000e+02 2.2553e-11 7.0295e+00 1.8258e+03 2.7854e+03 3.9071e+03 1.3721e+20 3.6412e+20 1.5624e+19 2.5429e-02 2.3144e-01 1.8143e+05 1.4540e+04
1.2000e+02 2.2428e-11 6.6463e+00 1.8358e+03 2.8083e+03 3.9000e+03 1.1511e+20 3.4558e+20 1.6168e+19 2.6746e-02 2.2451e-01 1.7361e+05 1.4589e+04
1.3000e+02 2.2304e-11 6.2940e+00 1.8456e+03 2.8304e+03 3.8932e+03 9.7431e+19 3.2859e+20 1.6716e+19 2.8087e-02 2.1782e-01 1.6637e+05 1.4637e+04
1.4000e+02 2.2181e-11 5.9695e+00 1.8552e+03 2.8519e+03 3.8866e+03 8.3148e+19 3.1298e+20 1.7267e+19 2.9450e-02 2.1136e-01 1.5964e+05 1.4686e+04
1.5000e+02 2.2059e-11 5.6701e+00 1.8645e+03 2.8728e+03 3.8802e+03 7.1502e+19 2.9861e+20 1.7821e+19 3.0835e-02 2.0510e-01 1.5339e+05 1.4735e+04
1.6000e+02 2.1937e-11 5.3934e+00 1.8737e+03 2.8930e+03 3.8739e+03 6.1926e+19 2.8535e+20 1.8377e+19 3.2238e-02 1.9905e-01 1.4756e+05 1.4784e+04
1.7000e+02 2.1817e-11 5.1373e+00 1.8826e+03 2.9127e+03 3.8679e+03 5.3988e+19 2.7308e+20 1.8935e+19 3.3660e-02 1.9318e-01 1.4212e+05 1.4834e+04
1.8000e+02 2.1698e-11 4.8999e+00 1.8913e+03 2.9318e+03 3.8620e+03 4.7359e+19 2.6171e+20 1.9495e+19 3.5098e-02 1.8750e-01 1.3705e+05 1.4884e+04
1.9000e+02 2.1579e-11 4.6795e+00 1.8999e+03 2.9503e+03 3.8563e+03 4.1786e+19 2.5116e+20 2.0056e+19 3.6550e-02 1.8199e-01 1.3230e+05 1.4935e+04
2.0000e+02 2.1462e-11 4.4745e+00 1.9082e+03 2.9683e+03 3.8508e+03 3.7069e+19 2.4134e+20 2.0618e+19 3.8016e-02 1.7665e-01 1.2786e+05 1.4986e+04
2.1000e+02 2.1345e-11 4.2837e+00 1.9163e+03 2.9858e+03 3.8454e+03 3.3053e+19 2.3220e+20 2.1179e+19 3.9494e-02 1.7147e-01 1.2369e+05 1.5039e+04
2.2000e+02 2.1229e-11 4.1058e+00 1.9243e+03 3.0028e+03 3.8402e+03 2.9614e+19 2.2366e+20 2.1741e+19 4.0981e-02 1.6644e-01 1.1978e+05 1.5092e+04
2.3000e+02 2.1114e-11 3.9397e+00 1.9321e+03 3.0194e+03 3.8351e+03 2.6653e+19 2.1569e+20 2.2301e+19 4.2477e-02 1.6157e-01 1.1611e+05 1.5146e+04
2.4000e+02 2.1000e-11 3.7845e+00 1.9396e+03 3.0355e+03 3.8302e+03 2.4092e+19 2.0823e+20 2.2861e+19 4.3980e-02 1.5684e-01 1.1266e+05 1.5202e+04
2.5000e+02 2.0886e-11 3.6392e+00 1.9470e+03 3.0511e+03 3.8254e+03 2.1865e+19 2.0124e+20 2.3419e+19 4.5489e-02 1.5225e-01 1.0941e+05 1.5258e+04
2.6000e+02 2.0774e-11 3.5032e+00 1.9543e+03 3.0663e+03 3.8208e+03 1.9920e+19 1.9468e+20 2.3975e+19 4.7001e-02 1.4779e-01 1.0636e+05 1.5316e+04
2.7000e+02 2.0662e-11 3.3756e+00 1.9613e+03 3.0811e+03 3.8163e+03 1.8215e+19 1.8853e+20 2.4528e+19 4.8515e-02 1.4346e-01 1.0347e+05 1.5374e+04
2.8000e+02 2.0551e-11 3.2558e+00 1.9682e+03 3.0954e+03 3.8119e+03 1.6714e+19 1.8274e+20 2.5080e+19 5.0031e-02 1.3927e-01 1.0075e+05 1.5434e+04
2.9000e+02 2.0441e-11 3.1432e+00 1.9749e+03 3.1094e+03 3.8077e+03 1.5387e+19 1.7729e+20 2.5628e+19 5.1545e-02 1.3519e-01 9.8179e+04 1.5495e+04
3.0000e+02 2.0332e-11 3.0373e+00 1.9814e+03 3.1230e+03 3.8036e+03 1.4210e+19 1.7216e+20 2.6172e+19 5.3058e-02 1.3124e-01 9.5750e+04 1.5557e+04
3.1000e+02 2.0224e-11 2.9375e+00 1.9878e+03 3.1362e+03 3.7996e+03 1.3162e+19 1.6732e+20 2.6713e+19 5.4567e-02 1.2740e-01 9.3453e+04 1.5621e+04
3.2000e+02 2.0116e-11 2.8435e+00 1.9940e+03 3.1490e+03 3.7957e+03 1.2227e+19 1.6276e+20 2.7250e+19 5.6072e-02 1.2368e-01 9.1278e+04 1.5686e+04
3.3000e+02 2.0009e-11 2.7548e+00 2.0001e+03 3.1615e+03 3.7919e+03 1.1389e+19 1.5845e+20 2.7783e+19 5.7570e-02 1.2007e-01 8.9218e+04 1.5752e+04
3.4000e+02 1.9903e-11 2.6710e+00 2.0060e+03 3.1737e+03 3.7883e+03 1.0636e+19 1.5437e+20 2.8311e+19 5.9061e-02 1.1656e-01 8.7266e+04 1.5819e+04
3.5000e+02 1.9798e-11 2.5918e+00 2.0118e+03 3.1855e+03 3.7848e+03 9.9583e+18 1.5052e+20 2.8834e+19 6.0543e-02 1.1316e-01 8.5415e+04 1.5887e+04
3.6000e+02 1.9693e-11 2.5169e+00 2.0174e+03 3.1969e+03 3.7813e+03 9.3458e+18 1.4687e+20 2.9352e+19 6.2015e-02 1.0986e-01 8.3658e+04 1.5957e+04
3.7000e+02 1.9589e-11 2.4460e+00 2.0228e+03 3.2081e+03 3.7780e+03 8.7912e+18 1.4342e+20 2.9865e+19 6.3477e-02 1.0667e-01 8.1990e+04 1.6028e+04
3.8000e+02 1.9486e-11 2.3788e+00 2.0281e+03 3.2189e+03 3.7747e+03 8.2877e+18 1.4014e+20 3.0373e+19 6.4926e-02 1.0357e-01 8.0405e+04 1.6101e+04
3.9000e+02 1.9384e-11 2.3151e+00 2.0333e+03 3.2294e+03 3.7716e+03 7.8296e+18 1.3704e+20 3.0875e+19 6.6363e-02 1.0056e-01 7.8898e+04 1.6174e+04
4.0000e+02 1.9283e-11 2.2547e+00 2.0383e+03 3.2396e+03 3.7685e+03 7.4118e+18 1.3409e+20 3.1371e+19 6.7785e-02 9.7646e-02 7.7466e+04 1.6249e+04
4.1000e+02 1.9182e-11 2.1973e+00 2.0432e+03 3.2496e+03 3.7655e+03 7.0301e+18 1.3130e+20 3.1861e+19 6.9192e-02 9.4821e-02 7.6103e+04 1.6325e+04
4.2000e+02 1.9082e-11 2.1427e+00 2.0480e+03 3.2592e+03 3.7627e+03 6.6805e+18 1.2864e+20 3.2345e+19 7.0584e-02 9.2085e-02 7.4805e+04 1.6402e+04
4.3000e+02 1.8983e-11 2.0909e+00 2.0526e+03 3.2686e+03 3.7599e+03 6.3599e+18 1.2612e+20 3.2823e+19 7.1959e-02 8.9433e-02 7.3569e+04 1.6480e+04
4.4000e+02 1.8884e-11 2.0415e+00 2.0571e+03 3.2777e+03 3.7571e+03 6.0651e+18 1.2372e+20 3.3294e+19 7.3316e-02 8.6865e-02 7.2391e+04 1.6559e+04
4.5000e+02 1.8786e-11 1.9945e+00 2.0615e+03 3.2865e+03 3.7545e+03 5.7937e+18 1.2144e+20 3.3759e+19 7.4655e-02 8.4377e-02 7.1269e+04 1.6640e+04
4.6000e+02 1.8689e-11 1.9497e+00 2.0658e+03 3.2951e+03 3.7519e+03 5.5433e+18 1.1927e+20 3.4218e+19 7.5975e-02 8.1968e-02 7.0199e+04 1.6721e+04
4.7000e+02 1.8593e-11 1.9070e+00 2.0699e+03 3.3034e+03 3.7494e+03 5.3121e+18 1.1720e+20 3.4670e+19 7.7276e-02 7.9636e-02 6.9178e+04 1.6804e+04
4.8000e+02 1.8497e-11 1.8663e+00 2.0739e+03 3.3114e+03 3.7470e+03 5.0981e+18 1.1523e+20 3.5116e+19 7.8556e-02 7.7379e-02 6.8204e+04 1.6888e+04
4.9000e+02 1.8402e-11 1.8274e+00 2.0778e+03 3.3193e+03 3.7447e+03 4.8998e+18 1.1336e+20 3.5555e+19 7.9816e-02 7.5194e-02 6.7274e+04 1.6972e+04
5.0000e+02 1.8307e-11 1.7902e+00 2.0816e+03 3.3268e+03 3.7424e+03 4.7158e+18 1.1158e+20 3.5987e+19 8.1055e-02 7.3080e-02 6.6386e+04 1.7058e+04
5.1000e+02 1.8214e-11 1.7547e+00 2.0853e+03 3.3342e+03 3.7401e+03 4.5448e+18 1.0988e+20 3.6413e+19 8.2272e-02 7.1035e-02 6.5538e+04 1.7144e+04
5.2000e+02 1.8121e-11 1.7207e+00 2.0889e+03 3.3413e+03 3.7380e+03 4.3857e+18 1.0826e+20 3.6832e+19 8.3467e-02 6.9057e-02 6.4728e+04 1.7232e+04
5.3000e+02 1.8028e-11 1.6882e+00 2.0924e+03 3.3482e+03 3.7359e+03 4.2375e+18 1.0672e+20 3.7245e+19 8.4640e-02 6.7144e-02 6.3954e+04 1.7320e+04
5.4000e+02 1.7937e-11 1.6571e+00 2.0957e+03 3.3549e+03 3.7338e+03 4.0993e+18 1.0524e+20 3.7651e+19 8.5791e-02 6.5294e-02 6.3214e+04 1.7409e+04
5.5000e+02 1.7846e-11 1.6273e+00 2.0990e+03 3.3614e+03 3.7319e+03 3.9702e+18 1.0384e+20 3.8050e+19 8.6918e-02 6.3505e-02 6.2506e+04 1.7499e+04
5.6000e+02 1.7755e-11 1.5988e+00 2.1021e+03 3.3677e+03 3.7299e+03 3.8495e+18 1.0250e+20 3.8443e+19 8.8022e-02 6.1777e-02 6.1830e+04 1.7589e+04
5.7000e+02 1.7666e-11 1.5714e+00 2.1052e+03 3.3738e+03 3.7280e+03 3.7366e+18 1.0123e+20 3.8830e+19 8.9104e-02 6.0107e-02 6.1183e+04 1.7680e+04
5.8000e+02 1.7577e-11 1.5451e+00 2.1082e+03 3.3797e+03 3.7262e+03 3.6309e+18 1.0001e+20 3.9210e+19 9.0161e-02 5.8493e-02 6.0564e+04 1.7772e+04
5.9000e+02 1.7488e-11 1.5199e+00 2.1110e+03 3.3854e+03 3.7244e+03 3.5318e+18 9.8853e+19 3.9584e+19 9.1195e-02 5.6934e-02 5.9972e+04 1.7864e+04
6.0000e+02 1.7400e-11 1.4957e+00 2.1138e+03 3.3909e+03 3.7227e+03 3.4387e+18 9.7747e+19 3.9952e+19 9.2206e-02 5.5428e-02 5.9405e+04 1.7957e+04
6.1000e+02 1.7313e-11 1.4725e+00 2.1165e+03 3.3963e+03 3.7210e+03 3.3514e+18 9.6692e+19 4.0314e+19 9.3193e-02 5.3973e-02 5.8863e+04 1.8050e+04
6.2000e+02 1.7227e-11 1.4501e+00 2.1191e+03 3.4014e+03 3.7194e+03 3.2693e+18 9.5687e+19 4.0670e+19 9.4156e-02 5.2569e-02 5.8344e+04 1.8144e+04
6.3000e+02 1.7141e-11 1.4286e+00 2.1217e+03 3.4064e+03 3.7178e+03 3.1920e+18 9.4728e+19 4.1020e+19 9.5095e-02 5.1213e-02 5.7847e+04 1.8238e+04
6.4000e+02 1.7055e-11 1.4080e+00 2.1241e+03 3.4113e+03 3.7162e+03 3.1193e+18 9.3814e+19 4.1364e+19 9.6011e-02 4.9905e-02 5.7371e+04 1.8332e+04
6.5000e+02 1.6971e-11 1.3881e+00 2.1265e+03 3.4159e+03 3.7147e+03 3.0508e+18 9.2942e+19 4.1702e+19 9.6903e-02 4.8642e-02 5.6916e+04 1.8427e+04
6.6000e+02 1.6887e-11 1.3689e+00 2.1287e+03 3.4204e+03 3.7132e+03 2.9863e+18 9.2112e+19 4.2035e+19 9.7772e-02 4.7424e-02 5.6481e+04 1.8522e+04
6.7000e+02 1.6803e-11 1.3505e+00 2.1309e+03 3.4248e+03 3.7118e+03 2.9254e+18 9.1321e+19 4.2362e+19 9.8618e-02 4.6249e-02 5.6063e+04 1.8617e+04
6.8000e+02 1.6720e-11 1.3327e+00 2.1331e+03 3.4290e+03 3.7104e+03 2.8680e+18 9.0568e+19 4.2683e+19 9.9440e-02 4.5115e-02 5.5664e+04 1.8712e+04
6.9000e+02 1.6638e-11 1.3156e+00 2.1351e+03 3.4330e+03 3.7090e+03 2.8137e+18 8.9851e+19 4.3000e+19 1.0024e-01 4.4021e-02 5.5282e+04 1.8807e+04
7.0000e+02 1.6556e-11 1.2990e+00 2.1371e+03 3.4370e+03 3.7077e+03 2.7625e+18 8.9168e+19 4.3311e+19 1.0102e-01 4.2967e-02 5.4916e+04 1.8902e+04
7.1000e+02 1.6475e-11 1.2831e+00 2.1390e+03 3.4407e+03 3.7064e+03 2.7141e+18 8.8519e+19 4.3617e+19 1.0177e-01 4.1951e-02 5.4566e+04 1.8997e+04
7.2000e+02 1.6394e-11 1.2677e+00 2.1409e+03 3.4444e+03 3.7051e+03 2.6683e+18 8.7901e+19 4.3918e+19 1.0250e-01 4.0971e-02 5.4231e+04 1.9091e+04
7.3000e+02 1.6314e-11 1.2529e+00 2.1427e+03 3.4479e+03 3.7038e+03 2.6251e+18 8.7315e+19 4.4215e+19 1.0321e-01 4.0026e-02 5.3910e+04 1.9186e+04
7.4000e+02 1.6235e-11 1.2385e+00 2.1444e+03 3.4512e+03 3.7026e+03 2.5841e+18 8.6757e+19 4.4506e+19 1.0390e-01 3.9116e-02 5.3603e+04 1.9280e+04
7.5000e+02 1.6156e-11 1.2247e+00 2.1460e+03 3.4545e+03 3.7014e+03 2.5454e+18 8.6229e+19 4.4793e+19 1.0456e-01 3.8240e-02 5.3310e+04 1.9374e+04
7.6000e+02 1.6078e-11 1.2113e+00 2.1476e+03 3.4576e+03 3.7003e+03 2.5087e+18 8.5727e+19 4.5076e+19 1.0520e-01 3.7395e-02 5.3029e+04 1.9468e+04
7.7000e+02 1.6000e-11 1.1983e+00 2.1492e+03 3.4606e+03 3.6991e+03 2.4740e+18 8.5252e+19 4.5354e+19 1.0583e-01 3.6582e-02 5.2761e+04 1.9561e+04
7.8000e+02 1.5923e-11 1.1858e+00 2.1506e+03 3.4635e+03 3.6980e+03 2.4411e+18 8.4802e+19 4.5628e+19 1.0643e-01 3.5798e-02 5.2504e+04 1.9654e+04
7.9000e+02 1.5846e-11 1.1737e+00 2.1521e+03 3.4663e+03 3.6969e+03 2.4100e+18 8.4376e+19 4.5898e+19 1.0701e-01 3.5044e-02 5.2259e+04 1.9746e+04
8.0000e+02 1.5770e-11 1.1619e+00 2.1534e+03 3.4689e+03 3.6959e+03 2.3805e+18 8.3974e+19 4.6164e+19 1.0757e-01 3.4318e-02 5.2025e+04 1.9837e+04
8.1000e+02 1.5694e-11 1.1506e+00 2.1547e+03 3.4715e+03 3.6948e+03 2.3526e+18 8.3595e+19 4.6427e+19 1.0811e-01 3.3619e-02 5.1801e+04 1.9928e+04
8.2000e+02 1.5619e-11 1.1396e+00 2.1560e+03 3.4739e+03 3.6938e+03 2.3262e+18 8.3237e+19 4.6685e+19 1.0863e-01 3.2947e-02 5.1587e+04 2.0018e+04
8.3000e+02 1.5544e-11 1.1290e+00 2.1572e+03 3.4763e+03 3.6928e+03 2.3011e+18 8.2901e+19 4.6940e+19 1.0913e-01 3.2299e-02 5.1384e+04 2.0108e+04
8.4000e+02 1.5470e-11 1.1186e+00 2.1583e+03 3.4786e+03 3.6918e+03 2.2774e+18 8.2585e+19 4.7191e+19 1.0961e-01 3.1677e-02 5.1189e+04 2.0197e+04
8.5000e+02 1.5397e-11 1.1086e+00 2.1595e+03 3.4807e+03 3.6908e+03 2.2550e+18 8.2289e+19 4.7439e+19 1.1008e-01 3.1078e-02 5.1004e+04 2.0285e+04
8.6000e+02 1.5324e-11 1.0989e+00 2.1605e+03 3.4828e+03 3.6899e+03 2.2337e+18 8.2012e+19 4.7683e+19 1.1052e-01 3.0503e-02 5.0827e+04 2.0372e+04
8.7000e+02 1.5251e-11 1.0895e+00 2.1615e+03 3.4847e+03 3.6890e+03 2.2136e+18 8.1754e+19 4.7924e+19 1.1095e-01 2.9949e-02 5.0659e+04 2.0458e+04
8.8000e+02 1.5179e-11 1.0804e+00 2.1625e+03 3.4866e+03 3.6881e+03 2.1946e+18 8.1513e+19 4.8163e+19 1.1136e-01 2.9417e-02 5.0499e+04 2.0543e+04
8.9000e+02 1.5108e-11 1.0715e+00 2.1634e+03 3.4884e+03 3.6872e+03 2.1766e+18 8.1290e+19 4.8398e+19 1.1175e-01 2.8906e-02 5.0347e+04 2.0627e+04
9.0000e+02 1.5037e-11 1.0629e+00 2.1643e+03 3.4901e+03 3.6863e+03 2.1597e+18 8.1084e+19 4.8630e+19 1.1212e-01 2.8415e-02 5.0202e+04 2.0710e+04
9.1000e+02 1.4966e-11 1.0546e+00 2.1651e+03 3.4918e+03 3.6854e+03 2.1436e+18 8.0894e+19 4.8860e+19 1.1248e-01 2.7943e-02 5.0065e+04 2.0792e+04
9.2000e+02 1.4896e-11 1.0465e+00 2.1659e+03 3.4933e+03 3.6846e+03 2.1285e+18 8.0719e+19 4.9087e+19 1.1282e-01 2.7490e-02 4.9934e+04 2.0873e+04
9.3000e+02 1.4827e-11 1.0386e+00 2.1667e+03 3.4948e+03 3.6837e+03 2.1142e+18 8.0560e+19 4.9312e+19 1.1315e-01 2.7054e-02 4.9811e+04 2.0952e+04
9.4000e+02 1.4757e-11 1.0309e+00 2.1674e+03 3.4962e+03 3.6829e+03 2.1007e+18 8.0416e+19 4.9534e+19 1.1346e-01 2.6637e-02 4.9694e+04 2.1031e+04
9.5000e+02 1.4689e-11 1.0235e+00 2.1681e+03 3.4975e+03 3.6821e+03 2.0881e+18 8.0286e+19 4.9753e+19 1.1375e-01 2.6236e-02 4.9583e+04 2.1108e+04
9.6000e+02 1.4621e-11 1.0162e+00 2.1687e+03 3.4988e+03 3.6813e+03 2.0761e+18 8.0170e+19 4.9971e+19 1.1403e-01 2.5851e-02 4.9479e+04 2.1184e+04
9.7000e+02 1.4553e-11 1.0092e+00 2.1694e+03 3.4999e+03 3.6805e+03 2.0649e+18 8.0068e+19 5.0186e+19 1.1430e-01 2.5482e-02 4.9381e+04 2.1259e+04
9.8000e+02 1.4486e-11 1.0023e+00 2.1699e+03 3.5011e+03 3.6797e+03 2.0544e+18 7.9979e+19 5.0399e+19 1.1455e-01 2.5129e-02 4.9288e+04 2.1332e+04
9.9000e+02 1.4419e-11 9.9567e-01 2.1705e+03 3.5021e+03 3.6790e+03 2.0446e+18 7.9903e+19 5.0610e+19 1.1478e-01 2.4790e-02 4.9201e+04 2.1405e+04
1.0000e+03 1.4353e-11 9.8918e-01 2.1710e+03 3.5031e+03 3.6782e+03 2.0354e+18 7.9840e+19 5.0820e+19 1.1501e-01 2.4465e-02 4.9119e+04 2.1475e+04
1.0100e+03 1.4287e-11 9.8287e-01 2.1715e+03 3.5040e+03 3.6775e+03 2.0268e+18 7.9788e+19 5.1027e+19 1.1521e-01 2.4154e-02 4.9043e+04 2.1545e+04
1.0200e+03 1.4222e-11 9.7671e-01 2.1719e+03 3.5049e+03 3.6767e+03 2.0188e+18 7.9749e+19 5.1233e+19 1.1541e-01 2.3855e-02 4.8971e+04 2.1613e+04
1.0300e+03 1.4157e-11 9.7072e-01 2.1723e+03 3.5057e+03 3.6760e+03 2.0113e+18 7.9721e+19 5.1437e+19 1.1559e-01 2.3570e-02 4.8905e+04 2.1680e+04
1.0400e+03 1.4092e-11 9.6488e-01 2.1727e+03 3.5064e+03 3.6753e+03 2.0044e+18 7.9705e+19 5.1640e+19 1.1576e-01 2.3297e-02 4.8843e+04 2.1745e+04
1.0500e+03 1.4028e-11 9.5918e-01 2.1731e+03 3.5071e+03 3.6746e+03 1.9981e+18 7.9699e+19 5.1841e+19 1.1592e-01 2.3036e-02 4.8786e+04 2.1809e+04
1.0600e+03 1.3965e-11 9.5363e-01 2.1734e+03 3.5078e+03 3.6739e+03 1.9922e+18 7.9704e+19 5.2040e+19 1.1607e-01 2.2786e-02 4.8733e+04 2.1872e+04
1.0700e+03 1.3902e-11 9.4822e-01 2.1737e+03 3.5084e+03 3.6732e+03 1.9868e+18 7.9720e+19 5.2239e+19 1.1620e-01 2.2548e-02 4.8685e+04 2.1933e+04
1.0800e+03 1.3839e-11 9.4295e-01 2.1740e+03 3.5089e+03 3.6725e+03 1.9819e+18 7.9746e+19 5.2436e+19 1.1632e-01 2.2320e-02 4.8640e+04 2.1993e+04
1.0900e+03 1.3777e-11 9.3780e-01 2.1743e+03 3.5094e+03 3.6718e+03 1.9775e+18 7.9781e+19 5.2632e+19 1.1644e-01 2.2102e-02 4.8600e+04 2.2052e+04
1.1000e+03 1.3715e-11 9.3278e-01 2.1745e+03 3.5098e+03 3.6712e+03 1.9734e+18 7.9827e+19 5.2826e+19 1.1654e-01 2.1895e-02 4.8564e+04 2.2109e+04
1.1100e+03 1.3653e-11 9.2787e-01 2.1747e+03 3.5102e+03 3.6705e+03 1.9698e+18 7.9882e+19 5.3020e+19 1.1663e-01 2.1697e-02 4.8531e+04 2.2164e+04
1.1200e+03 1.3592e-11 9.2309e-01 2.1749e+03 3.5105e+03 3.6698e+03 1.9667e+18 7.9947e+19 5.3213e+19 1.1671e-01 2.1508e-02 4.8503e+04 2.2219e+04
1.1300e+03 1.3532e-11 9.1842e-01 2.1750e+03 3.5108e+03 3.6692e+03 1.9639e+18 8.0020e+19 5.3405e+19 1.1678e-01 2.1329e-02 4.8477e+04 2.2272e+04
1.1400e+03 1.3471e-11 9.1385e-01 2.1752e+03 3.5111e+03 3.6685e+03 1.9615e+18 8.0102e+19 5.3596e+19 1.1684e-01 2.1158e-02 4.8456e+04 2.2323e+04
1.1500e+03 1.3412e-11 9.0940e-01 2.1753e+03 3.5113e+03 3.6679e+03 1.9594e+18 8.0194e+19 5.3786e+19 1.1689e-01 2.0995e-02 4.8437e+04 2.2374e+04
1.1600e+03 1.3352e-11 9.0504e-01 2.1754e+03 3.5115e+03 3.6673e+03 1.9578e+18 8.0293e+19 5.3975e+19 1.1693e-01 2.0840e-02 4.8422e+04 2.2423e+04
1.1700e+03 1.3293e-11 9.0078e-01 2.1755e+03 3.5116e+03 3.6666e+03 1.9564e+18 8.0401e+19 5.4164e+19 1.1697e-01 2.0693e-02 4.8410e+04 2.2470e+04
1.1800e+03 1.3235e-11 8.9662e-01 2.1755e+03 3.5117e+03 3.6660e+03 1.9555e+18 8.0518e+19 5.4352e+19 1.1699e-01 2.0554e-02 4.8402e+04 2.2517e+04
1.1900e+03 1.3176e-11 8.9256e-01 2.1756e+03 3.5118e+03 3.6654e+03 1.9548e+18 8.0642e+19 5.4540e+19 1.1701e-01 2.0422e-02 4.8396e+04 2.2562e+04
1.2000e+03 1.3119e-11 8.8858e-01 2.1756e+03 3.5118e+03 3.6647e+03 1.9545e+18 8.0774e+19 5.4727e+19 1.1702e-01 2.0297e-02 4.8393e+04 2.2605e+04
1.2100e+03 1.3061e-11 8.8469e-01 2.1756e+03 3.5118e+03 3.6641e+03 1.9544e+18 8.0914e+19 5.4914e+19 1.1701e-01 2.0179e-02 4.8393e+04 2.2648e+04
1.2200e+03 1.3004e-11 8.8089e-01 2.1756e+03 3.5117e+03 3.6635e+03 1.9547e+18 8.1061e+19 5.5100e+19 1.1701e-01 2.0067e-02 4.8396e+04 2.2689e+04
1.2300e+03 1.2947e-11 8.7716e-01 2.1755e+03 3.5117e+03 3.6629e+03 1.9553e+18 8.1216e+19 5.5286e+19 1.1699e-01 1.9962e-02 4.8401e+04 2.2729e+04
1.2400e+03 1.2891e-11 8.7352e-01 2.1755e+03 3.5116e+03 3.6623e+03 1.9561e+18 8.1378e+19 5.5472e+19 1.1697e-01 1.9863e-02 4.8409e+04 2.2768e+04
1.2500e+03 1.2835e-11 8.6995e-01 2.1754e+03 3.5114e+03 3.6617e+03 1.9572e+18 8.1548e+19 5.5657e+19 1.1694e-01 1.9769e-02 4.8420e+04 2.2806e+04
1.2600e+03 1.2780e-11 8.6646e-01 2.1753e+03 3.5112e+03 3.6611e+03 1.9586e+18 8.1724e+19 5.5842e+19 1.1690e-01 1.9681e-02 4.8433e+04 2.2842e+04
1.2700e+03 1.2725e-11 8.6304e-01 2.1752e+03 3.5110e+03 3.6605e+03 1.9603e+18 8.1908e+19 5.6027e+19 1.1686e-01 1.9599e-02 4.8449e+04 2.2878e+04
1.2800e+03 1.2670e-11 8.5969e-01 2.1751e+03 3.5108e+03 3.6599e+03 1.9622e+18 8.2098e+19 5.6212e+19 1.1681e-01 1.9522e-02 4.8466e+04 2.2912e+04
1.2900e+03 1.2615e-11 8.5641e-01 2.1750e+03 3.5105e+03 3.6593e+03 1.9643e+18 8.2295e+19 5.6397e+19 1.1675e-01 1.9450e-02 4.8486e+04 2.2945e+04
1.3000e+03 1.2561e-11 8.5319e-01 2.1748e+03 3.5102e+03 3.6587e+03 1.9667e+18 8.2498e+19 5.6582e+19 1.1669e-01 1.9383e-02 4.8509e+04 2.2978e+04
1.3100e+03 1.2508e-11 8.5004e-01 2.1747e+03 3.5099e+03 3.6581e+03 1.9694e+18 8.2708e+19 5.6767e+19 1.1662e-01 1.9321e-02 4.8533e+04 2.3009e+04
1.3200e+03 1.2454e-11 8.4696e-01 2.1745e+03 3.5096e+03 3.6575e+03 1.9722e+18 8.2925e+19 5.6952e+19 1.1655e-01 1.9263e-02 4.8560e+04 2.3039e+04
1.3300e+03 1.2401e-11 8.4393e-01 2.1743e+03 3.5092e+03 3.6569e+03 1.9753e+18 8.3148e+19 5.7137e+19 1.1647e-01 1.9210e-02 4.8588e+04 2.3068e+04
1.3400e+03 1.2349e-11 8.4096e-01 2.1741e+03 3.5088e+03 3.6564e+03 1.9786e+18 8.3377e+19 5.7322e+19 1.1638e-01 1.9161e-02 4.8619e+04 2.3097e+04
1.3500e+03 1.2296e-11 8.3805e-01 2.1739e+03 3.5084e+03 3.6558e+03 1.9822e+18 8.3612e+19 5.7508e+19 1.1629e-01 1.9116e-02 4.8651e+04 2.3124e+04
1.3600e+03 1.2244e-11 8.3519e-01 2.1737e+03 3.5080e+03 3.6552e+03 1.9859e+18 8.3853e+19 5.7693e+19 1.1620e-01 1.9076e-02 4.8685e+04 2.3151e+04
1.3700e+03 1.2193e-11 8.3239e-01 2.1735e+03 3.5075e+03 3.6546e+03 1.9899e+18 8.4100e+19 5.7879e+19 1.1610e-01 1.9038e-02 4.8721e+04 2.3176e+04
1.3800e+03 1.2141e-11 8.2964e-01 2.1732e+03 3.5071e+03 3.6540e+03 1.9940e+18 8.4353e+19 5.8065e+19 1.1599e-01 1.9005e-02 4.8759e+04 2.3201e+04
1.3900e+03 1.2090e-11 8.2694e-01 2.1730e+03 3.5066e+03 3.6535e+03 1.9984e+18 8.4611e+19 5.8252e+19 1.1588e-01 1.8975e-02 4.8799e+04 2.3225e+04
1.4000e+03 1.2040e-11 8.2429e-01 2.1727e+03 3.5060e+03 3.6529e+03 2.0029e+18 8.4876e+19 5.8439e+19 1.1577e-01 1.8949e-02 4.8840e+04 2.3248e+04
1.4100e+03 1.1990e-11 8.2169e-01 2.1725e+03 3.5055e+03 3.6523e+03 2.0076e+18 8.5146e+19 5.8626e+19 1.1565e-01 1.8926e-02 4.8883e+04 2.3271e+04
1.4200e+03 1.1940e-11 8.1913e-01 2.1722e+03 3.5049e+03 3.6517e+03 2.0125e+18 8.5421e+19 5.8814e+19 1.1553e-01 1.8906e-02 4.8928e+04 2.3293e+04
1.4300e+03 1.1890e-11 8.1663e-01 2.1719e+03 3.5044e+03 3.6512e+03 2.0176e+18 8.5703e+19 5.9002e+19 1.1540e-01 1.8889e-02 4.8974e+04 2.3314e+04
1.4400e+03 1.1841e-11 8.1416e-01 2.1716e+03 3.5038e+03 3.6506e+03 2.0229e+18 8.5989e+19 5.9191e+19 1.1527e-01 1.8875e-02 4.9022e+04 2.3334e+04
1.4500e+03 1.1792e-11 8.1174e-01 2.1713e+03 3.5032e+03 3.6500e+03 2.0284e+18 8.6281e+19 5.9380e+19 1.1514e-01 1.8864e-02 4.9071e+04 2.3354e+04
1.4600e+03 1.1743e-11 8.0936e-01 2.1710e+03 3.5025e+03 3.6494e+03 2.0340e+18 8.6578e+19 5.9570e+19 1.1500e-01 1.8855e-02 4.9121e+04 2.3373e+04
1.4700e+03 1.1695e-11 8.0702e-01 2.1706e+03 3.5019e+03 3.6489e+03 2.0398e+18 8.6881e+19 5.9760e+19 1.1486e-01 1.8850e-02 4.9173e+04 2.3392e+04
1.4800e+03 1.1647e-11 8.0472e-01 2.1703e+03 3.5012e+03 3.6483e+03 2.0457e+18 8.7189e+19 5.9951e+19 1.1471e-01 1.8846e-02 4.9227e+04 2.3410e+04
1.4900e+03 1.1599e-11 8.0246e-01 2.1700e+03 3.5005e+03 3.6477e+03 2.0519e+18 8.7502e+19 6.0142e+19 1.1456e-01 1.8846e-02 4.9281e+04 2.3427e+04
1.5000e+03 1.1552e-11 8.0024e-01 2.1696e+03 3.4999e+03 3.6471e+03 2.0581e+18 8.7820e+19 6.0335e+19 1.1441e-01 1.8847e-02 4.9337e+04 2.3444e+04
1.5100e+03 1.1505e-11 7.9805e-01 2.1693e+03 3.4992e+03 3.6466e+03 2.0646e+18 8.8143e+19 6.0528e+19 1.1426e-01 1.8851e-02 4.9395e+04 2.3460e+04
1.5200e+03 1.1458e-11 7.9590e-01 2.1689e+03 3.4984e+03 3.6460e+03 2.0712e+18 8.8471e+19 6.0721e+19 1.1410e-01 1.8857e-02 4.9453e+04 2.3476e+04
1.5300e+03 1.1411e-11 7.9379e-01 2.1685e+03 3.4977e+03 3.6454e+03 2.0779e+18 8.8804e+19 6.0916e+19 1.1394e-01 1.8865e-02 4.9513e+04 2.3492e+04
1.5400e+03 1.1365e-11 7.9171e-01 2.1682e+03 3.4970e+03 3.6448e+03 2.0848e+18 8.9142e+19 6.1111e+19 1.1378e-01 1.8875e-02 4.9574e+04 2.3507e+04
1.5500e+03 1.1319e-11 7.8966e-01 2.1678e+03 3.4962e+03 3.6443e+03 2.0918e+18 8.9484e+19 6.1307e+19 1.1361e-01 1.8887e-02 4.9636e+04 2.3521e+04
1.5600e+03 1.1274e-11 7.8765e-01 2.1674e+03 3.4954e+03 3.6437e+03 2.0990e+18 8.9832e+19 6.1504e+19 1.1345e-01 1.8900e-02 4.9699e+04 2.3535e+04
1.5700e+03 1.1228e-11 7.8566e-01 2.1670e+03 3.4946e+03 3.6431e+03 2.1063e+18 9.0184e+19 6.1701e+19 1.1328e-01 1.8916e-02 4.9763e+04 2.3549e+04
1.5800e+03 1.1183e-11 7.8371e-01 2.1666e+03 3.4938e+03 3.6425e+03 2.1138e+18 9.0541e+19 6.1900e+19 1.1310e-01 1.8933e-02 4.9828e+04 2.3563e+04
1.5900e+03 1.1139e-11 7.8178e-01 2.1662e+03 3.4930e+03 3.6420e+03 2.1214e+18 9.0903e+19 6.2099e+19 1.1293e-01 1.8952e-02 4.9895e+04 2.3576e+04
1.6000e+03 1.1094e-11 7.7989e-01 2.1658e+03 3.4922e+03 3.6414e+03 2.1291e+18 9.1270e+19 6.2299e+19 1.1275e-01 1.8972e-02 4.9962e+04 2.3588e+04
1.6100e+03 1.1050e-11 7.7802e-01 2.1653e+03 3.4914e+03 3.6408e+03 2.1370e+18 9.1641e+19 6.2500e+19 1.1257e-01 1.8994e-02 5.0030e+04 2.3601e+04
1.6200e+03 1.1006e-11 7.7618e-01 2.1649e+03 3.4906e+03 3.6402e+03 2.1450e+18 9.2017e+19 6.2702e+19 1.1239e-01 1.9017e-02 5.0100e+04 2.3613e+04
1.6300e+03 1.0963e-11 7.7437e-01 2.1645e+03 3.4897e+03 3.6397e+03 2.1531e+18 9.2397e+19 6.2906e+19 1.1221e-01 1.9042e-02 5.0170e+04 2.3625e+04
1.6400e+03 1.0919e-11 7.7259e-01 2.1641e+03 3.4888e+03 3.6391e+03 2.1614e+18 9.2782e+19 6.3110e+19 1.1202e-01 1.9068e-02 5.0241e+04 2.3637e+04
1.6500e+03 1.0876e-11 7.7083e-01 2.1636e+03 3.4880e+03 3.6385e+03 2.1698e+18 9.3171e+19 6.3315e+19 1.1184e-01 1.9095e-02 5.0313e+04 2.3648e+04
1.6600e+03 1.0834e-11 7.6910e-01 2.1632e+03 3.4871e+03 3.6379e+03 2.1783e+18 9.3565e+19 6.3521e+19 1.1165e-01 1.9123e-02 5.0386e+04 2.3659e+04
1.6700e+03 1.0791e-11 7.6739e-01 2.1627e+03 3.4862e+03 3.6373e+03 2.1869e+18 9.3964e+19 6.3728e+19 1.1146e-01 1.9153e-02 5.0460e+04 2.3670e+04
1.6800e+03 1.0749e-11 7.6570e-01 2.1623e+03 3.4853e+03 3.6368e+03 2.1957e+18 9.4366e+19 6.3936e+19 1.1127e-01 1.9183e-02 5.0535e+04 2.3681e+04
1.6900e+03 1.0707e-11 7.6404e-01 2.1618e+03 3.4844e+03 3.6362e+03 2.2046e+18 9.4774e+19 6.4145e+19 1.1107e-01 1.9215e-02 5.0610e+04 2.3692e+04
1.7000e+03 1.0665e-11 7.6240e-01 2.1614e+03 3.4835e+03 3.6356e+03 2.2136e+18 9.5185e+19 6.4356e+19 1.1088e-01 1.9247e-02 5.0686e+04 2.3703e+04
1.7100e+03 1.0624e-11 7.6078e-01 2.1609e+03 3.4826e+03 3.6350e+03 2.2227e+18 9.5601e+19 6.4567e+19 1.1068e-01 1.9280e-02 5.0763e+04 2.3713e+04
1.7200e+03 1.0583e-11 7.5919e-01 2.1604e+03 3.4817e+03 3.6344e+03 2.2320e+18 9.6022e+19 6.4780e+19 1.1049e-01 1.9315e-02 5.0841e+04 2.3723e+04
1.7300e+03 1.0542e-11 7.5761e-01 2.1600e+03 3.4808e+03 3.6338e+03 2.2413e+18 9.6446e+19 6.4994e+19 1.1029e-01 1.9350e-02 5.0920e+04 2.3733e+04
1.7400e+03 1.0501e-11 7.5606e-01 2.1595e+03 3.4798e+03 3.6332e+03 2.2508e+18 9.6875e+19 6.5209e+19 1.1009e-01 1.9386e-02 5.0999e+04 2.3743e+04
1.7500e+03 1.0461e-11 7.5453e-01 2.1590e+03 3.4789e+03 3.6327e+03 2.2604e+18 9.7308e+19 6.5425e+19 1.0989e-01 1.9422e-02 5.1079e+04 2.3753e+04
1.7600e+03 1.0421e-11 7.5302e-01 2.1585e+03 3.4779e+03 3.6321e+03 2.2701e+18 9.7746e+19 6.5642e+19 1.0969e-01 1.9459e-02 5.1160e+04 2.3763e+04
1.7700e+03 1.0381e-11 7.5152e-01 2.1580e+03 3.4770e+03 3.6315e+03 2.2799e+18 9.8187e+19 6.5861e+19 1.0948e-01 1.9497e-02 5.1241e+04 2.3773e+04
1.7800e+03 1.0342e-11 7.5005e-01 2.1575e+03 3.4760e+03 3.6309e+03 2.2898e+18 9.8633e+19 6.6080e+19 1.0928e-01 1.9536e-02 5.1323e+04 2.3783e+04
1.7900e+03 1.0302e-11 7.4860e-01 2.1571e+03 3.4750e+03 3.6303e+03 2.2998e+18 9.9083e+19 6.6301e+19 1.0908e-01 1.9575e-02 5.1406e+04 2.3792e+04
1.8000e+03 1.0263e-11 7.4716e-01 2.1566e+03 3.4741e+03 3.6297e+03 2.3099e+18 9.9538e+19 6.6524e+19 1.0887e-01 1.9615e-02 5.1489e+04 2.3802e+04
1.8100e+03 1.0224e-11 7.4574e-01 2.1561e+03 3.4731e+03 3.6291e+03 2.3202e+18 9.9996e+19 6.6747e+19 1.0867e-01 1.9655e-02 5.1573e+04 2.3811e+04
1.8200e+03 1.0186e-11 7.4434e-01 2.1556e+03 3.4721e+03 3.6285e+03 2.3305e+18 1.0046e+20 6.6972e+19 1.0846e-01 1.9696e-02 5.1657e+04 2.3821e+04
1.8300e+03 1.0147e-11 7.4295e-01 2.1551e+03 3.4711e+03 3.6279e+03 2.3409e+18 1.0093e+20 6.7198e+19 1.0825e-01 1.9737e-02 5.1742e+04 2.3830e+04
1.8400e+03 1.0109e-11 7.4159e-01 2.1546e+03 3.4701e+03 3.6273e+03 2.3515e+18 1.0140e+20 6.7426e+19 1.0804e-01 1.9778e-02 5.1828e+04 2.3840e+04
1.8500e+03 1.0071e-11 7.4023e-01 2.1541e+03 3.4691e+03 3.6267e+03 2.3621e+18 1.0187e+20 6.7654e+19 1.0784e-01 1.9820e-02 5.1914e+04 2.3850e+04
1.8600e+03 1.0033e-11 7.3890e-01 2.1536e+03 3.4681e+03 3.6261e+03 2.3729e+18 1.0235e+20 6.7884e+19 1.0763e-01 1.9862e-02 5.2001e+04 2.3859e+04
1.8700e+03 9.9960e-12 7.3758e-01 2.1531e+03 3.4671e+03 3.6255e+03 2.3838e+18 1.0283e+20 6.8116e+19 1.0742e-01 1.9905e-02 5.2088e+04 2.3869e+04
1.8800e+03 9.9588e-12 7.3627e-01 2.1525e+03 3.4661e+03 3.6249e+03 2.3947e+18 1.0332e+20 6.8349e+19 1.0721e-01 1.9947e-02 5.2176e+04 2.3878e+04
1.8900e+03 9.9219e-12 7.3498e-01 2.1520e+03 3.4651e+03 3.6243e+03 2.4058e+18 1.0381e+20 6.8583e+19 1.0700e-01 1.9990e-02 5.2264e+04 2.3888e+04
1.9000e+03 9.8851e-12 7.3371e-01 2.1515e+03 3.4641e+03 3.6237e+03 2.4169e+18 1.0431e+20 6.8819e+19 1.0679e-01 2.0034e-02 5.2353e+04 2.3898e+04
1.9100e+03 9.8486e-12 7.3245e-01 2.1510e+03 3.4631e+03 3.6231e+03 2.4282e+18 1.0481e+20 6.9056e+19 1.0657e-01 2.0077e-02 5.2443e+04 2.3907e+04
1.9200e+03 9.8123e-12 7.3120e-01 2.1505e+03 3.4620e+03 3.6224e+03 2.4395e+18 1.0531e+20 6.9294e+19 1.0636e-01 2.0121e-02 5.2532e+04 2.3917e+04
1.9300e+03 9.7763e-12 7.2997e-01 2.1500e+03 3.4610e+03 3.6218e+03 2.4510e+18 1.0582e+20 6.9534e+19 1.0615e-01 2.0165e-02 5.2623e+04 2.3927e+04
1.9400e+03 9.7404e-12 7.2875e-01 2.1494e+03 3.4600e+03 3.6212e+03 2.4625e+18 1.0633e+20 6.9775e+19 1.0594e-01 2.0209e-02 5.2713e+04 2.3937e+04
1.9500e+03 9.7048e-12 7.2755e-01 2.1489e+03 3.4589e+03 3.6206e+03 2.4741e+18 1.0685e+20 7.0018e+19 1.0572e-01 2.0253e-02 5.2805e+04 2.3947e+04
1.9600e+03 9.6694e-12 7.2636e-01 2.1484e+03 3.4579e+03 3.6200e+03 2.4859e+18 1.0737e+20 7.0262e+19 1.0551e-01 2.0297e-02 5.2896e+04 2.3957e+04
1.9700e+03 9.6342e-12 7.2518e-01 2.1479e+03 3.4569e+03 3.6194e+03 2.4977e+18 1.0789e+20 7.0508e+19 1.0530e-01 2.0341e-02 5.2988e+04 2.3967e+04
1.9800e+03 9.5992e-12 7.2401e-01 2.1473e+03 3.4558e+03 3.6188e+03 2.5096e+18 1.0842e+20 7.0755e+19 1.0509e-01 2.0385e-02 5.3081e+04 2.3977e+04
1.9900e+03 9.5645e-12 7.2286e-01 2.1468e+03 3.4548e+03 3.6181e+03 2.5216e+18 1.0895e+20 7.1003e+19 1.0487e-01 2.0430e-02 5.3173e+04 2.3987e+04
2.0000e+03 9.5299e-12 7.2171e-01 2.1463e+03 3.4537e+03 3.6175e+03 2.5337e+18 1.0949e+20 7.1253e+19 1.0466e-01 2.0474e-02 5.3267e+04 2.3998e+04
2.0100e+03 9.4956e-12 7.2058e-01 2.1458e+03 3.4527e+03 3.6169e+03 2.5459e+18 1.1003e+20 7.1505e+19 1.0445e-01 2.0518e-02 5.3360e+04 2.4008e+04
2.0200e+03 9.4615e-12 7.1947e-01 2.1452e+03 3.4516e+03 3.6163e+03 2.5582e+18 1.1057e+20 7.1758e+19 1.0423e-01 2.0563e-02 5.3454e+04 2.4019e+04
2.0300e+03 9.4276e-12 7.1836e-01 2.1447e+03 3.4506e+03 3.6156e+03 2.5706e+18 1.1112e+20 7.2013e+19 1.0402e-01 2.0607e-02 5.3549e+04 2.4029e+04
2.0400e+03 9.3939e-12 7.1726e-01 2.1442e+03 3.4495e+03 3.6150e+03 2.5831e+18 1.1167e+20 7.2269e+19 1.0381e-01 2.0651e-02 5.3644e+04 2.4040e+04
2.0500e+03 9.3604e-12 7.1618e-01 2.1436e+03 3.4485e+03 3.6144e+03 2.5956e+18 1.1223e+20 7.2527e+19 1.0359e-01 2.0695e-02 5.3739e+04 2.4051e+04
2.0600e+03 9.3271e-12 7.1510e-01 2.1431e+03 3.4474e+03 3.6138e+03 2.6083e+18 1.1279e+20 7.2786e+19 1.0338e-01 2.0739e-02 5.3834e+04 2.4062e+04
2.0700e+03 9.2940e-12 7.1404e-01 2.1426e+03 3.4464e+03 3.6131e+03 2.6210e+18 1.1336e+20 7.3047e+19 1.0316e-01 2.0783e-02 5.3930e+04 2.4073e+04
2.0800e+03 9.2611e-12 7.1299e-01 2.1420e+03 3.4453e+03 3.6125e+03 2.6338e+18 1.1392e+20 7.3310e+19 1.0295e-01 2.0826e-02 5.4026e+04 2.4084e+04
2.0900e+03 9.2284e-12 7.1195e-01 2.1415e+03 3.4442e+03 3.6119e+03 2.6467e+18 1.1450e+20 7.3574e+19 1.0274e-01 2.0870e-02 5.4123e+04 2.4096e+04
2.1000e+03 9.1959e-12 7.1091e-01 2.1409e+03 3.4432e+03 3.6112e+03 2.6598e+18 1.1507e+20 7.3839e+19 1.0252e-01 2.0914e-02 5.4220e+04 2.4107e+04
2.1100e+03 9.1636e-12 7.0989e-01 2.1404e+03 3.4421e+03 3.6106e+03 2.6728e+18 1.1565e+20 7.4107e+19 1.0231e-01 2.0957e-02 5.4317e+04 2.4119e+04
2.1200e+03 9.1315e-12 7.0888e-01 2.1399e+03 3.4410e+03 3.6099e+03 2.6860e+18 1.1624e+20 7.4376e+19 1.0210e-01 2.1000e-02 5.4414e+04 2.4130e+04
2.1300e+03 9.0995e-12 7.0788e-01 2.1393e+03 3.4400e+03 3.6093e+03 2.6993e+18 1.1683e+20 7.4646e+19 1.0189e-01 2.1043e-02 5.4512e+04 2.4142e+04
2.1400e+03 9.0678e-12 7.0688e-01 2.1388e+03 3.4389e+03 3.6087e+03 2.7126e+18 1.1742e+20 7.4918e+19 1.0167e-01 2.1086e-02 5.4610e+04 2.4154e+04
2.1500e+03 9.0363e-12 7.0590e-01 2.1383e+03 3.4378e+03 3.6080e+03 2.7261e+18 1.1802e+20 7.5192e+19 1.0146e-01 2.1128e-02 5.4708e+04 2.4166e+04
2.1600e+03 9.0049e-12 7.0492e-01 2.1377e+03 3.4368e+03 3.6074e+03 2.7396e+18 1.1862e+20 7.5468e+19 1.0125e-01 2.1170e-02 5.4807e+04 2.4178e+04
2.1700e+03 8.9738e-12 7.0396e-01 2.1372e+03 3.4357e+03 3.6067e+03 2.7532e+18 1.1922e+20 7.5745e+19 1.0104e-01 2.1212e-02 5.4906e+04 2.4191e+04
2.1800e+03 8.9428e-12 7.0300e-01 2.1366e+03 3.4346e+03 3.6061e+03 2.7669e+18 1.1983e+20 7.6024e+19 1.0083e-01 2.1254e-02 5.5005e+04 2.4203e+04
2.1900e+03 8.9120e-12 7.0205e-01 2.1361e+03 3.4335e+03 3.6054e+03 2.7807e+18 1.2044e+20 7.6304e+19 1.0061e-01 2.1296e-02 5.5104e+04 2.4216e+04
2.2000e+03 8.8814e-12 7.0111e-01 2.1356e+03 3.4325e+03 3.6048e+03 2.7945e+18 1.2106e+20 7.6586e+19 1.0040e-01 2.1337e-02 5.5204e+04 2.4229e+04
2.2100e+03 8.8510e-12 7.0018e-01 2.1350e+03 3.4314e+03 3.6042e+03 2.8085e+18 1.2168e+20 7.6870e+19 1.0019e-01 2.1378e-02 5.5304e+04 2.4242e+04
2.2200e+03 8.8207e-12 6.9926e-01 2.1345e+03 3.4303e+03 3.6035e+03 2.8225e+18 1.2231e+20 7.7156e+19 9.9982e-02 2.1419e-02 5.5404e+04 2.4255e+04
2.2300e+03 8.7907e-12 6.9834e-01 2.1339e+03 3.4293e+03 3.6029e+03 2.8366e+18 1.2294e+20 7.7443e+19 9.9772e-02 2.1460e-02 5.5505e+04 2.4268e+04
2.2400e+03 8.7608e-12 6.9743e-01 2.1334e+03 3.4282e+03 3.6022e+03 2.8508e+18 1.2357e+20 7.7732e+19 9.9562e-02 2.1500e-02 5.5605e+04 2.4281e+04
2.2500e+03 8.7311e-12 6.9653e-01 2.1329e+03 3.4271e+03 3.6015e+03 2.8651e+18 1.2421e+20 7.8023e+19 9.9353e-02 2.1540e-02 5.5706e+04 2.4295e+04
2.2600e+03 8.7016e-12 6.9564e-01 2.1323e+03 3.4260e+03 3.6009e+03 2.8795e+18 1.2485e+20 7.8315e+19 9.9143e-02 2.1579e-02 5.5807e+04 2.4309e+04
2.2700e+03 8.6722e-12 6.9476e-01 2.1318e+03 3.4250e+03 3.6002e+03 2.8939e+18 1.2549e+20 7.8610e+19 9.8935e-02 2.1619e-02 5.5909e+04 2.4323e+04
2.2800e+03 8.6430e-12 6.9388e-01 2.1312e+03 3.4239e+03 3.5996e+03 2.9085e+18 1.2614e+20 7.8906e+19 9.8726e-02 2.1658e-02 5.6010e+04 2.4336e+04
2.2900e+03 8.6140e-12 6.9301e-01 2.1307e+03 3.4228e+03 3.5989e+03 2.9231e+18 1.2680e+20 7.9203e+19 9.8518e-02 2.1696e-02 5.6112e+04 2.4351e+04
2.3000e+03 8.5852e-12 6.9215e-01 2.1301e+03 3.4217e+03 3.5983e+03 2.9378e+18 1.2745e+20 7.9503e+19 9.8311e-02 2.1735e-02 5.6214e+04 2.4365e+04
2.3100e+03 8.5565e-12 6.9130e-01 2.1296e+03 3.4207e+03 3.5976e+03 2.9525e+18 1.2812e+20 7.9804e+19 9.8103e-02 2.1773e-02 5.6316e+04 2.4379e+04
2.3200e+03 8.5280e-12 6.9045e-01 2.1291e+03 3.4196e+03 3.5969e+03 2.9674e+18 1.2878e+20 8.0107e+19 9.7896e-02 2.1810e-02 5.6419e+04 2.4394e+04
2.3300e+03 8.4997e-12 6.8961e-01 2.1285e+03 3.4185e+03 3.5963e+03 2.9823e+18 1.2945e+20 8.0412e+19 9.7690e-02 2.1847e-02 5.6521e+04 2.4409e+04
2.3400e+03 8.4715e-12 6.8878e-01 2.1280e+03 3.4174e+03 3.5956e+03 2.9974e+18 1.3013e+20 8.0719e+19 9.7484e-02 2.1884e-02 5.6624e+04 2.4423e+04
2.3500e+03 8.4435e-12 6.8795e-01 2.1274e+03 3.4164e+03 3.5949e+03 3.0125e+18 1.3080e+20 8.1027e+19 9.7278e-02 2.1921e-02 5.6727e+04 2.4438e+04
2.3600e+03 8.4156e-12 6.8713e-01 2.1269e+03 3.4153e+03 3.5943e+03 3.0277e+18 1.3149e+20 8.1337e+19 9.7073e-02 2.1957e-02 5.6831e+04 2.4454e+04
2.3700e+03 8.3880e-12 6.8632e-01 2.1264e+03 3.4142e+03 3.5936e+03 3.0429e+18 1.3217e+20 8.1649e+19 9.6868e-02 2.1993e-02 5.6934e+04 2.4469e+04
2.3800e+03 8.3604e-12 6.8551e-01 2.1258e+03 3.4131e+03 3.5929e+03 3.0583e+18 1.3286e+20 8.1963e+19 9.6664e-02 2.2029e-02 5.7038e+04 2.4484e+04
2.3900e+03 8.3331e-12 6.8471e-01 2.1253e+03 3.4121e+03 3.5923e+03 3.0737e+18 1.3356e+20 8.2279e+19 9.6460e-02 2.2064e-02 5.7141e+04 2.4500e+04
2.4000e+03 8.3059e-12 6.8392e-01 2.1248e+03 3.4110e+03 3.5916e+03 3.0892e+18 1.3426e+20 8.2597e+19 9.6257e-02 2.2099e-02 5.7245e+04 2.4516e+04
2.4100e+03 8.2788e-12 6.8313e-01 2.1242e+03 3.4099e+03 3.5909e+03 3.1048e+18 1.3496e+20 8.2916e+19 9.6054e-02 2.2133e-02 5.7349e+04 2.4532e+04
2.4200e+03 8.2519e-12 6.8235e-01 2.1237e+03 3.4089e+03 3.5902e+03 3.1205e+18 1.3567e+20 8.3238e+19 9.5852e-02 2.2167e-02 5.7454e+04 2.4548e+04
2.4300e+03 8.2252e-12 6.8158e-01 2.1231e+03 3.4078e+03 3.5896e+03 3.1363e+18 1.3638e+20 8.3561e+19 9.5650e-02 2.2201e-02 5.7558e+04 2.4564e+04
2.4400e+03 8.1986e-12 6.8081e-01 2.1226e+03 3.4067e+03 3.5889e+03 3.1521e+18 1.3710e+20 8.3886e+19 9.5448e-02 2.2234e-02 5.7663e+04 2.4580e+04
2.4500e+03 8.1722e-12 6.8005e-01 2.1221e+03 3.4057e+03 3.5882e+03 3.1680e+18 1.3782e+20 8.4213e+19 9.5247e-02 2.2267e-02 5.7767e+04 2.4597e+04
2.4600e+03 8.1459e-12 6.7929e-01 2.1215e+03 3.4046e+03 3.5875e+03 3.1840e+18 1.3854e+20 8.4541e+19 9.5047e-02 2.2300e-02 5.7872e+04 2.4614e+04
2.4700e+03 8.1198e-12 6.7854e-01 2.1210e+03 3.4035e+03 3.5869e+03 3.2001e+18 1.3927e+20 8.4872e+19 9.4847e-02 2.2332e-02 5.7977e+04 2.4630e+04
2.4800e+03 8.0939e-12 6.7780e-01 2.1205e+03 3.4025e+03 3.5862e+03 3.2163e+18 1.4000e+20 8.5205e+19 9.4647e-02 2.2363e-02 5.8083e+04 2.4647e+04
2.4900e+03 8.0680e-12 6.7706e-01 2.1199e+03 3.4014e+03 3.5855e+03 3.2325e+18 1.4074e+20 8.5539e+19 9.4449e-02 2.2395e-02 5.8188e+04 2.4664e+04
2.5000e+03 8.0424e-12 6.7632e-01 2.1194e+03 3.4003e+03 3.5848e+03 3.2488e+18 1.4148e+20 8.5876e+19 9.4250e-02 2.2426e-02 5.8293e+04 2.4682e+04
2.5100e+03 8.0168e-12 6.7560e-01 2.1189e+03 3.3993e+03 3.5841e+03 3.2652e+18 1.4223e+20 8.6214e+19 9.4052e-02 2.2456e-02 5.8399e+04 2.4699e+04
2.5200e+03 7.9914e-12 6.7487e-01 2.1183e+03 3.3982e+03 3.5835e+03 3.2817e+18 1.4298e+20 8.6554e+19 9.3855e-02 2.2486e-02 5.8505e+04 2.4717e+04
2.5300e+03 7.9662e-12 6.7416e-01 2.1178e+03 3.3971e+03 3.5828e+03 3.2983e+18 1.4373e+20 8.6896e+19 9.3658e-02 2.2516e-02 5.8611e+04 2.4734e+04
2.5400e+03 7.9411e-12 6.7344e-01 2.1173e+03 3.3961e+03 3.5821e+03 3.3149e+18 1.4449e+20 8.7241e+19 9.3462e-02 2.2546e-02 5.8717e+04 2.4752e+04
2.5500e+03 7.9162e-12 6.7274e-01 2.1167e+03 3.3950e+03 3.5814e+03 3.3316e+18 1.4525e+20 8.7587e+19 9.3266e-02 2.2575e-02 5.8823e+04 2.4770e+04
2.5600e+03 7.8914e-12 6.7204e-01 2.1162e+03 3.3940e+03 3.5807e+03 3.3484e+18 1.4602e+20 8.7935e+19 9.3070e-02 2.2603e-02 5.8929e+04 2.4789e+04
2.5700e+03 7.8667e-12 6.7134e-01 2.1157e+03 3.3929e+03 3.5800e+03 3.3653e+18 1.4679e+20 8.8285e+19 9.2876e-02 2.2631e-02 5.9036e+04 2.4807e+04
2.5800e+03 7.8422e-12 6.7065e-01 2.1151e+03 3.3918e+03 3.5793e+03 3.3823e+18 1.4757e+20 8.8637e+19 9.2681e-02 2.2659e-02 5.9142e+04 2.4825e+04
2.5900e+03 7.8178e-12 6.6996e-01 2.1146e+03 3.3908e+03 3.5787e+03 3.3993e+18 1.4835e+20 8.8991e+19 9.2488e-02 2.2687e-02 5.9249e+04 2.4844e+04
2.6000e+03 7.7935e-12 6.6928e-01 2.1141e+03 3.3897e+03 3.5780e+03 3.4165e+18 1.4914e+20 8.9347e+19 9.2295e-02 2.2714e-02 5.9356e+04 2.4863e+04
2.6100e+03 7.7694e-12 6.6861e-01 2.1135e+03 3.3887e+03 3.5773e+03 3.4337e+18 1.4993e+20 8.9704e+19 9.2102e-02 2.2740e-02 5.9463e+04 2.4881e+04
2.6200e+03 7.7454e-12 6.6794e-01 2.1130e+03 3.3876e+03 3.5766e+03 3.4510e+18 1.5072e+20 9.0064e+19 9.1910e-02 2.2766e-02 5.9570e+04 2.4901e+04
2.6300e+03 7.7216e-12 6.6727e-01 2.1125e+03 3.3866e+03 3.5759e+03 3.4683e+18 1.5152e+20 9.0426e+19 9.1718e-02 2.2792e-02 5.9677e+04 2.4920e+04
2.6400e+03 7.6979e-12 6.6661e-01 2.1120e+03 3.3855e+03 3.5752e+03 3.4858e+18 1.5232e+20 9.0790e+19 9.1527e-02 2.2818e-02 5.9784e+04 2.4939e+04
2.6500e+03 7.6743e-12 6.6595e-01 2.1114e+03 3.3845e+03 3.5745e+03 3.5033e+18 1.5313e+20 9.1156e+19 9.1337e-02 2.2843e-02 5.9891e+04 2.4958e+04
2.6600e+03 7.6508e-12 6.6530e-01 2.1109e+03 3.3834e+03 3.5738e+03 3.5209e+18 1.5394e+20 9.1524e+19 9.1147e-02 2.2867e-02 5.9999e+04 2.4978e+04
2.6700e+03 7.6275e-12 6.6466e-01 2.1104e+03 3.3824e+03 3.5731e+03 3.5386e+18 1.5476e+20 9.1894e+19 9.0958e-02 2.2891e-02 6.0106e+04 2.4998e+04
2.6800e+03 7.6043e-12 6.6401e-01 2.1099e+03 3.3813e+03 3.5724e+03 3.5564e+18 1.5558e+20 9.2266e+19 9.0769e-02 2.2915e-02 6.0214e+04 2.5018e+04
2.6900e+03 7.5813e-12 6.6338e-01 2.1093e+03 3.3803e+03 3.5717e+03 3.5742e+18 1.5640e+20 9.2640e+19 9.0581e-02 2.2939e-02 6.0322e+04 2.5038e+04
2.7000e+03 7.5584e-12 6.6274e-01 2.1088e+03 3.3792e+03 3.5710e+03 3.5921e+18 1.5723e+20 9.3016e+19 9.0393e-02 2.2962e-02 6.0430e+04 2.5058e+04
2.7100e+03 7.5356e-12 6.6211e-01 2.1083e+03 3.3782e+03 3.5703e+03 3.6101e+18 1.5806e+20 9.3394e+19 9.0206e-02 2.2984e-02 6.0538e+04 2.5078e+04
2.7200e+03 7.5129e-12 6.6149e-01 2.1078e+03 3.3771e+03 3.5696e+03 3.6282e+18 1.5890e+20 9.3775e+19 9.0020e-02 2.3007e-02 6.0646e+04 2.5098e+04
2.7300e+03 7.4903e-12 6.6087e-01 2.1073e+03 3.3761e+03 3.5689e+03 3.6464e+18 1.5975e+20 9.4157e+19 8.9834e-02 2.3029e-02 6.0754e+04 2.5119e+04
2.7400e+03 7.4679e-12 6.6025e-01 2.1067e+03 3.3751e+03 3.5682e+03 3.6647e+18 1.6059e+20 9.4541e+19 8.9648e-02 2.3050e-02 6.0862e+04 2.5140e+04
2.7500e+03 7.4456e-12 6.5964e-01 2.1062e+03 3.3740e+03 3.5675e+03 3.6830e+18 1.6145e+20 9.4928e+19 8.9463e-02 2.3071e-02 6.0971e+04 2.5161e+04
2.7600e+03 7.4234e-12 6.5904e-01 2.1057e+03 3.3730e+03 3.5668e+03 3.7014e+18 1.6230e+20 9.5316e+19 8.9279e-02 2.3092e-02 6.1079e+04 2.5182e+04
2.7700e+03 7.4014e-12 6.5843e-01 2.1052e+03 3.3720e+03 3.5661e+03 3.7199e+18 1.6317e+20 9.5707e+19 8.9095e-02 2.3112e-02 6.1188e+04 2.5203e+04
2.7800e+03 7.3795e-12 6.5783e-01 2.1047e+03 3.3709e+03 3.5654e+03 3.7385e+18 1.6403e+20 9.6100e+19 8.8912e-02 2.3132e-02 6.1296e+04 2.5224e+04
2.7900e+03 7.3576e-12 6.5724e-01 2.1041e+03 3.3699e+03 3.5647e+03 3.7571e+18 1.6490e+20 9.6494e+19 8.8730e-02 2.3152e-02 6.1405e+04 2.5245e+04
2.8000e+03 7.3360e-12 6.5665e-01 2.1036e+03 3.3689e+03 3.5640e+03 3.7759e+18 1.6578e+20 9.6891e+19 8.8547e-02 2.3171e-02 6.1514e+04 2.5267e+04
2.8100e+03 7.3144e-12 6.5606e-01 2.1031e+03 3.3678e+03 3.5633e+03 3.7947e+18 1.6666e+20 9.7290e+19 8.8366e-02 2.3190e-02 6.1623e+04 2.5288e+04
2.8200e+03 7.2929e-12 6.5548e-01 2.1026e+03 3.3668e+03 3.5626e+03 3.8136e+18 1.6754e+20 9.7692e+19 8.8185e-02 2.3208e-02 6.1732e+04 2.5310e+04
2.8300e+03 7.2716e-12 6.5490e-01 2.1021e+03 3.3658e+03 3.5619e+03 3.8326e+18 1.6843e+20 9.8095e+19 8.8005e-02 2.3226e-02 6.1841e+04 2.5332e+04
2.8400e+03 7.2504e-12 6.5433e-01 2.1016e+03 3.3647e+03 3.5612e+03 3.8516e+18 1.6933e+20 9.8500e+19 8.7825e-02 2.3244e-02 6.1950e+04 2.5354e+04
2.8500e+03 7.2293e-12 6.5376e-01 2.1011e+03 3.3637e+03 3.5605e+03 3.8708e+18 1.7023e+20 9.8908e+19 8.7646e-02 2.3261e-02 6.2059e+04 2.5376e+04
2.8600e+03 7.2083e-12 6.5319e-01 2.1006e+03 3.3627e+03 3.5598e+03 3.8900e+18 1.7113e+20 9.9318e+19 8.7467e-02 2.3278e-02 6.2168e+04 2.5398e+04
2.8700e+03 7.1874e-12 6.5263e-01 2.1000e+03 3.3617e+03 3.5591e+03 3.9093e+18 1.7204e+20 9.9730e+19 8.7289e-02 2.3294e-02 6.2277e+04 2.5421e+04
2.8800e+03 7.1666e-12 6.5207e-01 2.0995e+03 3.3607e+03 3.5584e+03 3.9287e+18 1.7295e+20 1.0014e+20 8.7111e-02 2.3311e-02 6.2387e+04 2.5443e+04
2.8900e+03 7.1460e-12 6.5151e-01 2.0990e+03 3.3596e+03 3.5576e+03 3.9482e+18 1.7387e+20 1.0056e+20 8.6934e-02 2.3326e-02 6.2496e+04 2.5466e+04
2.9000e+03 7.1254e-12 6.5096e-01 2.0985e+03 3.3586e+03 3.5569e+03 3.9677e+18 1.7479e+20 1.0098e+20 8.6758e-02 2.3342e-02 6.2606e+04 2.5489e+04
2.9100e+03 7.1050e-12 6.5042e-01 2.0980e+03 3.3576e+03 3.5562e+03 3.9873e+18 1.7572e+20 1.0140e+20 8.6582e-02 2.3357e-02 6.2715e+04 2.5511e+04
2.9200e+03 7.0847e-12 6.4987e-01 2.0975e+03 3.3566e+03 3.5555e+03 4.0071e+18 1.7665e+20 1.0182e+20 8.6407e-02 2.3372e-02 6.2825e+04 2.5534e+04
2.9300e+03 7.0645e-12 6.4933e-01 2.0970e+03 3.3556e+03 3.5548e+03 4.0269e+18 1.7759e+20 1.0225e+20 8.6232e-02 2.3386e-02 6.2935e+04 2.5558e+04
2.9400e+03 7.0444e-12 6.4879e-01 2.0965e+03 3.3546e+03 3.5541e+03 4.0467e+18 1.7853e+20 1.0267e+20 8.6057e-02 2.3400e-02 6.3045e+04 2.5581e+04
2.9500e+03 7.0244e-12 6.4826e-01 2.0960e+03 3.3536e+03 3.5534e+03 4.0667e+18 1.7948e+20 1.0310e+20 8.5884e-02 2.3414e-02 6.3155e+04 2.5604e+04
2.9600e+03 7.0045e-12 6.4773e-01 2.0955e+03 3.3525e+03 3.5527e+03 4.0867e+18 1.8043e+20 1.0354e+20 8.5711e-02 2.3427e-02 6.3265e+04 2.5628e+04
2.9700e+03 6.9847e-12 6.4721e-01 2.0950e+03 3.3515e+03 3.5520e+03 4.1069e+18 1.8139e+20 1.0397e+20 8.5538e-02 2.3440e-02 6.3375e+04 2.5651e+04
2.9800e+03 6.9651e-12 6.4668e-01 2.0945e+03 3.3505e+03 3.5512e+03 4.1271e+18 1.8235e+20 1.0441e+20 8.5366e-02 2.3453e-02 6.3485e+04 2.5675e+04
2.9900e+03 6.9455e-12 6.4616e-01 2.0940e+03 3.3495e+03 3.5505e+03 4.1474e+18 1.8331e+20 1.0484e+20 8.5195e-02 2.3465e-02 6.3595e+04 2.5699e+04
3.0000e+03 6.9260e-12 6.4565e-01 2.0935e+03 3.3485e+03 3.5498e+03 4.1678e+18 1.8429e+20 1.0528e+20 8.5024e-02 2.3477e-02 6.3705e+04 2.5723e+04
3.0100e+03 6.9067e-12 6.4514e-01 2.0930e+03 3.3475e+03 3.5491e+03 4.1882e+18 1.8526e+20 1.0573e+20 8.4853e-02 2.3488e-02 6.3815e+04 2.5747e+04
3.0200e+03 6.8874e-12 6.4463e-01 2.0925e+03 3.3465e+03 3.5484e+03 4.2088e+18 1.8624e+20 1.0617e+20 8.4684e-02 2.3500e-02 6.3926e+04 2.5771e+04
3.0300e+03 6.8682e-12 6.4412e-01 2.0920e+03 3.3455e+03 3.5477e+03 4.2294e+18 1.8723e+20 1.0662e+20 8.4514e-02 2.3511e-02 6.4036e+04 2.5795e+04
3.0400e+03 6.8492e-12 6.4362e-01 2.0915e+03 3.3445e+03 3.5470e+03 4.2501e+18 1.8822e+20 1.0707e+20 8.4346e-02 2.3521e-02 6.4146e+04 2.5820e+04
3.0500e+03 6.8302e-12 6.4312e-01 2.0910e+03 3.3435e+03 3.5462e+03 4.2709e+18 1.8922e+20 1.0752e+20 8.4177e-02 2.3531e-02 6.4257e+04 2.5844e+04
3.0600e+03 6.8114e-12 6.4263e-01 2.0905e+03 3.3425e+03 3.5455e+03 4.2918e+18 1.9022e+20 1.0798e+20 8.4010e-02 2.3541e-02 6.4367e+04 2.5869e+04
3.0700e+03 6.7926e-12 6.4213e-01 2.0900e+03 3.3415e+03 3.5448e+03 4.3127e+18 1.9123e+20 1.0843e+20 8.3843e-02 2.3551e-02 6.4478e+04 2.5894e+04
3.0800e+03 6.7740e-12 6.4165e-01 2.0895e+03 3.3405e+03 3.5441e+03 4.3338e+18 1.9224e+20 1.0889e+20 8.3676e-02 2.3560e-02 6.4589e+04 2.5919e+04
3.0900e+03 6.7554e-12 6.4116e-01 2.0890e+03 3.3396e+03 3.5434e+03 4.3549e+18 1.9325e+20 1.0935e+20 8.3510e-02 2.3569e-02 6.4699e+04 2.5943e+04
3.1000e+03 6.7370e-12 6.4068e-01 2.0885e+03 3.3386e+03 3.5427e+03 4.3761e+18 1.9428e+20 1.0982e+20 8.3345e-02 2.3578e-02 6.4810e+04 2.5969e+04
3.1100e+03 6.7186e-12 6.4020e-01 2.0880e+03 3.3376e+03 3.5419e+03 4.3974e+18 1.9530e+20 1.1028e+20 8.3180e-02 2.3586e-02 6.4921e+04 2.5994e+04
3.1200e+03 6.7003e-12 6.3972e-01 2.0875e+03 3.3366e+03 3.5412e+03 4.4188e+18 1.9634e+20 1.1075e+20 8.3015e-02 2.3594e-02 6.5032e+04 2.6019e+04
3.1300e+03 6.6822e-12 6.3925e-01 2.0871e+03 3.3356e+03 3.5405e+03 4.4403e+18 1.9737e+20 1.1122e+20 8.2851e-02 2.3602e-02 6.5143e+04 2.6044e+04
3.1400e+03 6.6641e-12 6.3878e-01 2.0866e+03 3.3346e+03 3.5398e+03 4.4618e+18 1.9842e+20 1.1169e+20 8.2688e-02 2.3609e-02 6.5254e+04 2.6070e+04
3.1500e+03 6.6461e-12 6.3831e-01 2.0861e+03 3.3336e+03 3.5391e+03 4.4834e+18 1.9946e+20 1.1217e+20 8.2525e-02 2.3616e-02 6.5365e+04 2.6096e+04
3.1600e+03 6.6282e-12 6.3785e-01 2.0856e+03 3.3327e+03 3.5384e+03 4.5052e+18 2.0052e+20 1.1265e+20 8.2363e-02 2.3623e-02 6.5476e+04 2.6121e+04
3.1700e+03 6.6104e-12 6.3739e-01 2.0851e+03 3.3317e+03 3.5376e+03 4.5270e+18 2.0157e+20 1.1313e+20 8.2201e-02 2.3629e-02 6.5587e+04 2.6147e+04
3.1800e+03 6.5927e-12 6.3693e-01 2.0846e+03 3.3307e+03 3.5369e+03 4.5489e+18 2.0264e+20 1.1361e+20 8.2040e-02 2.3635e-02 6.5698e+04 2.6173e+04
3.1900e+03 6.5751e-12 6.3648e-01 2.0841e+03 3.3297e+03 3.5362e+03 4.5708e+18 2.0371e+20 1.1409e+20 8.1879e-02 2.3641e-02 6.5809e+04 2.6199e+04
3.2000e+03 6.5576e-12 6.3602e-01 2.0837e+03 3.3288e+03 3.5355e+03 4.5929e+18 2.0478e+20 1.1458e+20 8.1719e-02 2.3647e-02 6.5920e+04 2.6225e+04
3.2100e+03 6.5402e-12 6.3557e-01 2.0832e+03 3.3278e+03 3.5348e+03 4.6150e+18 2.0586e+20 1.1507e+20 8.1560e-02 2.3652e-02 6.6032e+04 2.6251e+04
3.2200e+03 6.5228e-12 6.3513e-01 2.0827e+03 3.3268e+03 3.5340e+03 4.6373e+18 2.0694e+20 1.1556e+20 8.1400e-02 2.3657e-02 6.6143e+04 2.6278e+04
3.2300e+03 6.5056e-12 6.3469e-01 2.0822e+03 3.3259e+03 3.5333e+03 4.6596e+18 2.0803e+20 1.1606e+20 8.1242e-02 2.3662e-02 6.6254e+04 2.6304e+04
3.2400e+03 6.4884e-12 6.3425e-01 2.0817e+03 3.3249e+03 3.5326e+03 4.6820e+18 2.0913e+20 1.1655e+20 8.1084e-02 2.3666e-02 6.6366e+04 2.6331e+04
3.2500e+03 6.4713e-12 6.3381e-01 2.0812e+03 3.3239e+03 3.5319e+03 4.7045e+18 2.1023e+20 1.1705e+20 8.0926e-02 2.3670e-02 6.6477e+04 2.6357e+04
3.2600e+03 6.4544e-12 6.3337e-01 2.0808e+03 3.3230e+03 3.5312e+03 4.7271e+18 2.1133e+20 1.1755e+20 8.0769e-02 2.3674e-02 6.6589e+04 2.6384e+04
3.2700e+03 6.4375e-12 6.3294e-01 2.0803e+03 3.3220e+03 3.5304e+03 4.7497e+18 2.1244e+20 1.1806e+20 8.0613e-02 2.3677e-02 6.6700e+04 2.6411e+04
3.2800e+03 6.4206e-12 6.3251e-01 2.0798e+03 3.3210e+03 3.5297e+03 4.7725e+18 2.1356e+20 1.1856e+20 8.0457e-02 2.3681e-02 6.6812e+04 2.6438e+04
3.2900e+03 6.4039e-12 6.3209e-01 2.0793e+03 3.3201e+03 3.5290e+03 4.7953e+18 2.1468e+20 1.1907e+20 8.0301e-02 2.3684e-02 6.6923e+04 2.6465e+04
3.3000e+03 6.3873e-12 6.3166e-01 2.0789e+03 3.3191e+03 3.5283e+03 4.8182e+18 2.1581e+20 1.1958e+20 8.0146e-02 2.3686e-02 6.7035e+04 2.6492e+04
3.3100e+03 6.3707e-12 6.3124e-01 2.0784e+03 3.3182e+03 3.5276e+03 4.8413e+18 2.1694e+20 1.2010e+20 7.9992e-02 2.3689e-02 6.7147e+04 2.6519e+04
3.3200e+03 6.3542e-12 6.3083e-01 2.0779e+03 3.3172e+03 3.5268e+03 4.8644e+18 2.1808e+20 1.2061e+20 7.9838e-02 2.3691e-02 6.7258e+04 2.6547e+04
3.3300e+03 6.3379e-12 6.3041e-01 2.0774e+03 3.3162e+03 3.5261e+03 4.8875e+18 2.1923e+20 1.2113e+20 7.9684e-02 2.3693e-02 6.7370e+04 2.6574e+04
3.3400e+03 6.3216e-12 6.3000e-01 2.0770e+03 3.3153e+03 3.5254e+03 4.9108e+18 2.2038e+20 1.2165e+20 7.9531e-02 2.3694e-02 6.7482e+04 2.6601e+04
3.3500e+03 6.3053e-12 6.2959e-01 2.0765e+03 3.3143e+03 3.5247e+03 4.9342e+18 2.2153e+20 1.2218e+20 7.9379e-02 2.3696e-02 6.7594e+04 2.6629e+04
3.3600e+03 6.2892e-12 6.2918e-01 2.0760e+03 3.3134e+03 3.5240e+03 4.9576e+18 2.2269e+20 1.2270e+20 7.9227e-02 2.3697e-02 6.7705e+04 2.6657e+04
3.3700e+03 6.2731e-12 6.2878e-01 2.0756e+03 3.3124e+03 3.5232e+03 4.9812e+18 2.2386e+20 1.2323e+20 7.9075e-02 2.3698e-02 6.7817e+04 2.6685e+04
3.3800e+03 6.2571e-12 6.2837e-01 2.0751e+03 3.3115e+03 3.5225e+03 5.0048e+18 2.2503e+20 1.2376e+20 7.8924e-02 2.3698e-02 6.7929e+04 2.6712e+04
3.3900e+03 6.2412e-12 6.2798e-01 2.0746e+03 3.3106e+03 3.5218e+03 5.0285e+18 2.2621e+20 1.2430e+20 7.8774e-02 2.3699e-02 6.8041e+04 2.6740e+04
3.4000e+03 6.2254e-12 6.2758e-01 2.0742e+03 3.3096e+03 3.5211e+03 5.0523e+18 2.2739e+20 1.2483e+20 7.8624e-02 2.3699e-02 6.8153e+04 2.6768e+04
3.4100e+03 6.2097e-12 6.2718e-01 2.0737e+03 3.3087e+03 3.5204e+03 5.0762e+18 2.2858e+20 1.2537e+20 7.8474e-02 2.3699e-02 6.8265e+04 2.6797e+04
3.4200e+03 6.1940e-12 6.2679e-01 2.0732e+03 3.3077e+03 3.5196e+03 5.1002e+18 2.2977e+20 1.2592e+20 7.8325e-02 2.3698e-02 6.8377e+04 2.6825e+04
3.4300e+03 6.1784e-12 6.2640e-01 2.0728e+03 3.3068e+03 3.5189e+03 5.1243e+18 2.3097e+20 1.2646e+20 7.8177e-02 2.3698e-02 6.8489e+04 2.6853e+04
3.4400e+03 6.1629e-12 6.2602e-01 2.0723e+03 3.3059e+03 3.5182e+03 5.1484e+18 2.3218e+20 1.2701e+20 7.8029e-02 2.3697e-02 6.8601e+04 2.6882e+04
3.4500e+03 6.1475e-12 6.2563e-01 2.0718e+03 3.3049e+03 3.5175e+03 5.1727e+18 2.3339e+20 1.2755e+20 7.7881e-02 2.3695e-02 6.8714e+04 2.6910e+04
3.4600e+03 6.1322e-12 6.2525e-01 2.0714e+03 3.3040e+03 3.5167e+03 5.1970e+18 2.3460e+20 1.2811e+20 7.7734e-02 2.3694e-02 6.8826e+04 2.6939e+04
3.4700e+03 6.1169e-12 6.2487e-01 2.0709e+03 3.3031e+03 3.5160e+03 5.2215e+18 2.3583e+20 1.2866e+20 7.7587e-02 2.3692e-02 6.8938e+04 2.6967e+04
3.4800e+03 6.1017e-12 6.2450e-01 2.0704e+03 3.3021e+03 3.5153e+03 5.2460e+18 2.3705e+20 1.2922e+20 7.7441e-02 2.3691e-02 6.9050e+04 2.6996e+04
3.4900e+03 6.0866e-12 6.2412e-01 2.0700e+03 3.3012e+03 3.5146e+03 5.2706e+18 2.3829e+20 1.2978e+20 7.7296e-02 2.3689e-02 6.9162e+04 2.7025e+04
3.5000e+03 6.0715e-12 6.2375e-01 2.0695e+03 3.3003e+03 3.5139e+03 5.2953e+18 2.3953e+20 1.3034e+20 7.7151e-02 2.3686e-02 6.9275e+04 2.7054e+04
3.5100e+03 6.0565e-12 6.2338e-01 2.0691e+03 3.2993e+03 3.5131e+03 5.3201e+18 2.4077e+20 1.3090e+20 7.7006e-02 2.3684e-02 6.9387e+04 2.7083e+04
3.5200e+03 6.0416e-12 6.2301e-01 2.0686e+03 3.2984e+03 3.5124e+03 5.3450e+18 2.4203e+20 1.3147e+20 7.6862e-02 2.3681e-02 6.9499e+04 2.7112e+04
3.5300e+03 6.0268e-12 6.2265e-01 2.0682e+03 3.2975e+03 3.5117e+03 5.3699e+18 2.4328e+20 1.3204e+20 7.6718e-02 2.3678e-02 6.9612e+04 2.7141e+04
3.5400e+03 6.0120e-12 6.2229e-01 2.0677e+03 3.2966e+03 3.5110e+03 5.3950e+18 2.4455e+20 1.3261e+20 7.6575e-02 2.3675e-02 6.9724e+04 2.7170e+04
3.5500e+03 5.9974e-12 6.2193e-01 2.0672e+03 3.2956e+03 3.5103e+03 5.4202e+18 2.4582e+20 1.3319e+20 7.6432e-02 2.3671e-02 6.9837e+04 2.7200e+04
3.5600e+03 5.9827e-12 6.2157e-01 2.0668e+03 3.2947e+03 3.5095e+03 5.4454e+18 2.4709e+20 1.3377e+20 7.6289e-02 2.3668e-02 6.9949e+04 2.7229e+04
3.5700e+03 5.9682e-12 6.2121e-01 2.0663e+03 3.2938e+03 3.5088e+03 5.4707e+18 2.4837e+20 1.3435e+20 7.6148e-02 2.3664e-02 7.0062e+04 2.7259e+04
3.5800e+03 5.9537e-12 6.2086e-01 2.0659e+03 3.2929e+03 3.5081e+03 5.4962e+18 2.4966e+20 1.3493e+20 7.6006e-02 2.3660e-02 7.0174e+04 2.7288e+04
3.5900e+03 5.9393e-12 6.2051e-01 2.0654e+03 3.2920e+03 3.5074e+03 5.5217e+18 2.5095e+20 1.3552e+20 7.5865e-02 2.3656e-02 7.0287e+04 2.7318e+04
3.6000e+03 5.9250e-12 6.2016e-01 2.0650e+03 3.2911e+03 3.5067e+03 5.5473e+18 2.5225e+20 1.3610e+20 7.5725e-02 2.3651e-02 7.0399e+04 2.7348e+04
3.6100e+03 5.9107e-12 6.1981e-01 2.0645e+03 3.2902e+03 3.5059e+03 5.5730e+18 2.5356e+20 1.3669e+20 7.5585e-02 2.3646e-02 7.0512e+04 2.7377e+04
3.6200e+03 5.8965e-12 6.1947e-01 2.0641e+03 3.2892e+03 3.5052e+03 5.5988e+18 2.5487e+20 1.3729e+20 7.5445e-02 2.3642e-02 7.0624e+04 2.7407e+04
3.6300e+03 5.8824e-12 6.1913e-01 2.0636e+03 3.2883e+03 3.5045e+03 5.6247e+18 2.5618e+20 1.3789e+20 7.5306e-02 2.3636e-02 7.0737e+04 2.7437e+04
3.6400e+03 5.8684e-12 6.1879e-01 2.0632e+03 3.2874e+03 3.5038e+03 5.6507e+18 2.5751e+20 1.3848e+20 7.5167e-02 2.3631e-02 7.0850e+04 2.7467e+04
3.6500e+03 5.8544e-12 6.1845e-01 2.0627e+03 3.2865e+03 3.5031e+03 5.6768e+18 2.5884e+20 1.3909e+20 7.5029e-02 2.3626e-02 7.0962e+04 2.7497e+04
3.6600e+03 5.8405e-12 6.1812e-01 2.0623e+03 3.2856e+03 3.5023e+03 5.7030e+18 2.6017e+20 1.3969e+20 7.4891e-02 2.3620e-02 7.1075e+04 2.7528e+04
3.6700e+03 5.8266e-12 6.1778e-01 2.0618e+03 3.2847e+03 3.5016e+03 5.7292e+18 2.6151e+20 1.4030e+20 7.4754e-02 2.3614e-02 7.1188e+04 2.7558e+04
3.6800e+03 5.8128e-12 6.1745e-01 2.0614e+03 3.2838e+03 3.5009e+03 5.7556e+18 2.6286e+20 1.4091e+20 7.4617e-02 2.3608e-02 7.1300e+04 2.7588e+04
3.6900e+03 5.7991e-12 6.1712e-01 2.0610e+03 3.2829e+03 3.5002e+03 5.7820e+18 2.6421e+20 1.4152e+20 7.4480e-02 2.3602e-02 7.1413e+04 2.7619e+04
3.7000e+03 5.7855e-12 6.1680e-01 2.0605e+03 3.2820e+03 3.4995e+03 5.8086e+18 2.6557e+20 1.4214e+20 7.4344e-02 2.3595e-02 7.1526e+04 2.7649e+04
3.7100e+03 5.7719e-12 6.1647e-01 2.0601e+03 3.2811e+03 3.4988e+03 5.8352e+18 2.6694e+20 1.4276e+20 7.4209e-02 2.3589e-02 7.1639e+04 2.7680e+04
3.7200e+03 5.7583e-12 6.1615e-01 2.0596e+03 3.2802e+03 3.4980e+03 5.8620e+18 2.6831e+20 1.4338e+20 7.4074e-02 2.3582e-02 7.1752e+04 2.7711e+04
3.7300e+03 5.7449e-12 6.1583e-01 2.0592e+03 3.2793e+03 3.4973e+03 5.8888e+18 2.6969e+20 1.4400e+20 7.3939e-02 2.3575e-02 7.1864e+04 2.7741e+04
3.7400e+03 5.7315e-12 6.1551e-01 2.0588e+03 3.2784e+03 3.4966e+03 5.9157e+18 2.7108e+20 1.4463e+20 7.3805e-02 2.3568e-02 7.1977e+04 2.7772e+04
3.7500e+03 5.7182e-12 6.1519e-01 2.0583e+03 3.2775e+03 3.4959e+03 5.9427e+18 2.7247e+20 1.4526e+20 7.3671e-02 2.3560e-02 7.2090e+04 2.7803e+04
3.7600e+03 5.7049e-12 6.1488e-01 2.0579e+03 3.2766e+03 3.4952e+03 5.9698e+18 2.7386e+20 1.4589e+20 7.3538e-02 2.3553e-02 7.2203e+04 2.7834e+04
3.7700e+03 5.6917e-12 6.1457e-01 2.0574e+03 3.2758e+03 3.4945e+03 5.9971e+18 2.7527e+20 1.4652e+20 7.3405e-02 2.3545e-02 7.2316e+04 2.7865e+04
3.7800e+03 5.6785e-12 6.1426e-01 2.0570e+03 3.2749e+03 3.4937e+03 6.0244e+18 2.7668e+20 1.4716e+20 7.3272e-02 2.3537e-02 7.2429e+04 2.7896e+04
3.7900e+03 5.6655e-12 6.1395e-01 2.0566e+03 3.2740e+03 3.4930e+03 6.0518e+18 2.7809e+20 1.4780e+20 7.3140e-02 2.3529e-02 7.2542e+04 2.7927e+04
3.8000e+03 5.6524e-12 6.1364e-01 2.0561e+03 3.2731e+03 3.4923e+03 6.0793e+18 2.7952e+20 1.4845e+20 7.3008e-02 2.3521e-02 7.2655e+04 2.7958e+04
3.8100e+03 5.6395e-12 6.1334e-01 2.0557e+03 3.2722e+03 3.4916e+03 6.1069e+18 2.8095e+20 1.4909e+20 7.2877e-02 2.3513e-02 7.2768e+04 2.7990e+04
3.8200e+03 5.6266e-12 6.1304e-01 2.0553e+03 3.2713e+03 3.4909e+03 6.1345e+18 2.8238e+20 1.4974e+20 7.2746e-02 2.3504e-02 7.2881e+04 2.8021e+04
3.8300e+03 5.6137e-12 6.1274e-01 2.0548e+03 3.2705e+03 3.4902e+03 6.1623e+18 2.8382e+20 1.5040e+20 7.2616e-02 2.3495e-02 7.2994e+04 2.8053e+04
3.8400e+03 5.6010e-12 6.1244e-01 2.0544e+03 3.2696e+03 3.4894e+03 6.1902e+18 2.8527e+20 1.5105e+20 7.2486e-02 2.3487e-02 7.3107e+04 2.8084e+04
3.8500e+03 5.5882e-12 6.1214e-01 2.0540e+03 3.2687e+03 3.4887e+03 6.2182e+18 2.8673e+20 1.5171e+20 7.2356e-02 2.3478e-02 7.3220e+04 2.8116e+04
3.8600e+03 5.5756e-12 6.1185e-01 2.0535e+03 3.2678e+03 3.4880e+03 6.2463e+18 2.8819e+20 1.5237e+20 7.2227e-02 2.3468e-02 7.3333e+04 2.8147e+04
3.8700e+03 5.5630e-12 6.1156e-01 2.0531e+03 3.2670e+03 3.4873e+03 6.2744e+18 2.8966e+20 1.5303e+20 7.2098e-02 2.3459e-02 7.3446e+04 2.8179e+04
3.8800e+03 5.5504e-12 6.1127e-01 2.0527e+03 3.2661e+03 3.4866e+03 6.3027e+18 2.9113e+20 1.5370e+20 7.1970e-02 2.3450e-02 7.3559e+04 2.8211e+04
3.8900e+03 5.5380e-12 6.1098e-01 2.0522e+03 3.2652e+03 3.4859e+03 6.3311e+18 2.9261e+20 1.5437e+20 7.1842e-02 2.3440e-02 7.3672e+04 2.8243e+04
3.9000e+03 5.5255e-12 6.1069e-01 2.0518e+03 3.2643e+03 3.4852e+03 6.3596e+18 2.9410e+20 1.5504e+20 7.1714e-02 2.3430e-02 7.3785e+04 2.8275e+04
3.9100e+03 5.5132e-12 6.1041e-01 2.0514e+03 3.2635e+03 3.4845e+03 6.3881e+18 2.9559e+20 1.5572e+20 7.1587e-02 2.3420e-02 7.3899e+04 2.8307e+04
3.9200e+03 5.5008e-12 6.1012e-01 2.0510e+03 3.2626e+03 3.4837e+03 6.4168e+18 2.9709e+20 1.5639e+20 7.1460e-02 2.3410e-02 7.4012e+04 2.8339e+04
3.9300e+03 5.4886e-12 6.0984e-01 2.0505e+03 3.2617e+03 3.4830e+03 6.4456e+18 2.9860e+20 1.5708e+20 7.1334e-02 2.3400e-02 7.4125e+04 2.8371e+04
3.9400e+03 5.4764e-12 6.0956e-01 2.0501e+03 3.2609e+03 3.4823e+03 6.4744e+18 3.0011e+20 1.5776e+20 7.1208e-02 2.3389e-02 7.4238e+04 2.8403e+04
3.9500e+03 5.4643e-12 6.0929e-01 2.0497e+03 3.2600e+03 3.4816e+03 6.5034e+18 3.0164e+20 1.5845e+20 7.1083e-02 2.3379e-02 7.4351e+04 2.8435e+04
3.9600e+03 5.4522e-12 6.0901e-01 2.0493e+03 3.2592e+03 3.4809e+03 6.5324e+18 3.0316e+20 1.5914e+20 7.0957e-02 2.3368e-02 7.4465e+04 2.8468e+04
3.9700e+03 5.4401e-12 6.0874e-01 2.0488e+03 3.2583e+03 3.4802e+03 6.5616e+18 3.0470e+20 1.5983e+20 7.0833e-02 2.3357e-02 7.4578e+04 2.8500e+04
3.9800e+03 5.4282e-12 6.0846e-01 2.0484e+03 3.2574e+03 3.4795e+03 6.5909e+18 3.0624e+20 1.6053e+20 7.0708e-02 2.3346e-02 7.4691e+04 2.8532e+04
3.9900e+03 5.4162e-12 6.0819e-01 2.0480e+03 3.2566e+03 3.4788e+03 6.6202e+18 3.0779e+20 1.6123e+20 7.0584e-02 2.3335e-02 7.4804e+04 2.8565e+04
4.0000e+03 5.4044e-12 6.0793e-01 2.0476e+03 3.2557e+03 3.4781e+03 6.6497e+18 3.0934e+20 1.6193e+20 7.0461e-02 2.3324e-02 7.4918e+04 2.8597e+04
4.0100e+03 5.3926e-12 6.0766e-01 2.0472e+03 3.2549e+03 3.4773e+03 6.6792e+18 3.1090e+20 1.6263e+20 7.0338e-02 2.3313e-02 7.5031e+04 2.8630e+04
4.0200e+03 5.3808e-12 6.0739e-01 2.0467e+03 3.2540e+03 3.4766e+03 6.7089e+18 3.1247e+20 1.6334e+20 7.0215e-02 2.3301e-02 7.5144e+04 2.8663e+04
4.0300e+03 5.3691e-12 6.0713e-01 2.0463e+03 3.2532e+03 3.4759e+03 6.7387e+18 3.1404e+20 1.6405e+20 7.0093e-02 2.3290e-02 7.5258e+04 2.8695e+04
4.0400e+03 5.3574e-12 6.0687e-01 2.0459e+03 3.2523e+03 3.4752e+03 6.7685e+18 3.1563e+20 1.6477e+20 6.9971e-02 2.3278e-02 7.5371e+04 2.8728e+04
4.0500e+03 5.3458e-12 6.0661e-01 2.0455e+03 3.2515e+03 3.4745e+03 6.7985e+18 3.1721e+20 1.6548e+20 6.9849e-02 2.3266e-02 7.5484e+04 2.8761e+04
4.0600e+03 5.3343e-12 6.0635e-01 2.0451e+03 3.2506e+03 3.4738e+03 6.8285e+18 3.1881e+20 1.6620e+20 6.9728e-02 2.3254e-02 7.5598e+04 2.8794e+04
4.0700e+03 5.3228e-12 6.0609e-01 2.0447e+03 3.2498e+03 3.4731e+03 6.8587e+18 3.2041e+20 1.6693e+20 6.9607e-02 2.3242e-02 7.5711e+04 2.8827e+04
4.0800e+03 5.3113e-12 6.0584e-01 2.0443e+03 3.2489e+03 3.4724e+03 6.8890e+18 3.2202e+20 1.6765e+20 6.9486e-02 2.3230e-02 7.5824e+04 2.8860e+04
4.0900e+03 5.3000e-12 6.0559e-01 2.0438e+03 3.2481e+03 3.4717e+03 6.9193e+18 3.2364e+20 1.6838e+20 6.9366e-02 2.3217e-02 7.5938e+04 2.8893e+04
4.1000e+03 5.2886e-12 6.0534e-01 2.0434e+03 3.2472e+03 3.4710e+03 6.9498e+18 3.2526e+20 1.6911e+20 6.9247e-02 2.3205e-02 7.6051e+04 2.8926e+04
4.1100e+03 5.2773e-12 6.0509e-01 2.0430e+03 3.2464e+03 3.4703e+03 6.9804e+18 3.2689e+20 1.6985e+20 6.9127e-02 2.3192e-02 7.6165e+04 2.8960e+04
4.1200e+03 5.2661e-12 6.0484e-01 2.0426e+03 3.2456e+03 3.4696e+03 7.0111e+18 3.2853e+20 1.7059e+20 6.9008e-02 2.3179e-02 7.6278e+04 2.8993e+04
4.1300e+03 5.2549e-12 6.0459e-01 2.0422e+03 3.2447e+03 3.4689e+03 7.0418e+18 3.3017e+20 1.7133e+20 6.8890e-02 2.3166e-02 7.6391e+04 2.9026e+04
4.1400e+03 5.2437e-12 6.0435e-01 2.0418e+03 3.2439e+03 3.4682e+03 7.0727e+18 3.3183e+20 1.7208e+20 6.8771e-02 2.3154e-02 7.6505e+04 2.9060e+04
4.1500e+03 5.2326e-12 6.0410e-01 2.0414e+03 3.2430e+03 3.4674e+03 7.1037e+18 3.3348e+20 1.7282e+20 6.8654e-02 2.3140e-02 7.6618e+04 2.9093e+04
4.1600e+03 5.2216e-12 6.0386e-01 2.0410e+03 3.2422e+03 3.4667e+03 7.1348e+18 3.3515e+20 1.7357e+20 6.8536e-02 2.3127e-02 7.6732e+04 2.9127e+04
4.1700e+03 5.2106e-12 6.0362e-01 2.0406e+03 3.2414e+03 3.4660e+03 7.1660e+18 3.3682e+20 1.7433e+20 6.8419e-02 2.3114e-02 7.6845e+04 2.9160e+04
4.1800e+03 5.1997e-12 6.0338e-01 2.0402e+03 3.2405e+03 3.4653e+03 7.1973e+18 3.3850e+20 1.7509e+20 6.8302e-02 2.3101e-02 7.6959e+04 2.9194e+04
4.1900e+03 5.1888e-12 6.0315e-01 2.0397e+03 3.2397e+03 3.4646e+03 7.2287e+18 3.4019e+20 1.7585e+20 6.8186e-02 2.3087e-02 7.7072e+04 2.9228e+04
4.2000e+03 5.1779e-12 6.0291e-01 2.0393e+03 3.2389e+03 3.4639e+03 7.2602e+18 3.4188e+20 1.7661e+20 6.8070e-02 2.3073e-02 7.7186e+04 2.9261e+04
4.2100e+03 5.1671e-12 6.0268e-01 2.0389e+03 3.2381e+03 3.4632e+03 7.2918e+18 3.4359e+20 1.7738e+20 6.7954e-02 2.3060e-02 7.7299e+04 2.9295e+04
4.2200e+03 5.1564e-12 6.0245e-01 2.0385e+03 3.2372e+03 3.4625e+03 7.3235e+18 3.4530e+20 1.7815e+20 6.7839e-02 2.3046e-02 7.7413e+04 2.9329e+04
4.2300e+03 5.1457e-12 6.0222e-01 2.0381e+03 3.2364e+03 3.4618e+03 7.3553e+18 3.4701e+20 1.7892e+20 6.7724e-02 2.3032e-02 7.7526e+04 2.9363e+04
4.2400e+03 5.1350e-12 6.0199e-01 2.0377e+03 3.2356e+03 3.4611e+03 7.3872e+18 3.4873e+20 1.7970e+20 6.7609e-02 2.3018e-02 7.7640e+04 2.9397e+04
4.2500e+03 5.1244e-12 6.0176e-01 2.0373e+03 3.2348e+03 3.4604e+03 7.4193e+18 3.5047e+20 1.8048e+20 6.7495e-02 2.3004e-02 7.7753e+04 2.9431e+04
4.2600e+03 5.1138e-12 6.0153e-01 2.0369e+03 3.2339e+03 3.4597e+03 7.4514e+18 3.5220e+20 1.8126e+20 6.7381e-02 2.2990e-02 7.7867e+04 2.9465e+04
4.2700e+03 5.1033e-12 6.0131e-01 2.0365e+03 3.2331e+03 3.4590e+03 7.4836e+18 3.5395e+20 1.8205e+20 6.7268e-02 2.2975e-02 7.7981e+04 2.9499e+04
4.2800e+03 5.0928e-12 6.0109e-01 2.0361e+03 3.2323e+03 3.4583e+03 7.5160e+18 3.5570e+20 1.8284e+20 6.7154e-02 2.2961e-02 7.8094e+04 2.9533e+04
4.2900e+03 5.0824e-12 6.0086e-01 2.0357e+03 3.2315e+03 3.4576e+03 7.5484e+18 3.5746e+20 1.8363e+20 6.7041e-02 2.2946e-02 7.8208e+04 2.9568e+04
4.3000e+03 5.0720e-12 6.0064e-01 2.0353e+03 3.2307e+03 3.4569e+03 7.5810e+18 3.5923e+20 1.8442e+20 6.6929e-02 2.2932e-02 7.8321e+04 2.9602e+04
4.3100e+03 5.0617e-12 6.0043e-01 2.0349e+03 3.2298e+03 3.4562e+03 7.6136e+18 3.6101e+20 1.8522e+20 6.6817e-02 2.2917e-02 7.8435e+04 2.9636e+04
4.3200e+03 5.0514e-12 6.0021e-01 2.0345e+03 3.2290e+03 3.4555e+03 7.6464e+18 3.6279e+20 1.8603e+20 6.6705e-02 2.2902e-02 7.8548e+04 2.9671e+04
4.3300e+03 5.0411e-12 5.9999e-01 2.0341e+03 3.2282e+03 3.4548e+03 7.6793e+18 3.6458e+20 1.8683e+20 6.6594e-02 2.2887e-02 7.8662e+04 2.9705e+04
4.3400e+03 5.0309e-12 5.9978e-01 2.0337e+03 3.2274e+03 3.4541e+03 7.7123e+18 3.6638e+20 1.8764e+20 6.6482e-02 2.2872e-02 7.8776e+04 2.9739e+04
4.3500e+03 5.0207e-12 5.9957e-01 2.0333e+03 3.2266e+03 3.4535e+03 7.7454e+18 3.6818e+20 1.8845e+20 6.6372e-02 2.2857e-02 7.8889e+04 2.9774e+04
4.3600e+03 5.0106e-12 5.9936e-01 2.0329e+03 3.2258e+03 3.4528e+03 7.7786e+18 3.6999e+20 1.8927e+20 6.6261e-02 2.2842e-02 7.9003e+04 2.9809e+04
4.3700e+03 5.0005e-12 5.9915e-01 2.0325e+03 3.2250e+03 3.4521e+03 7.8119e+18 3.7181e+20 1.9009e+20 6.6151e-02 2.2827e-02 7.9117e+04 2.9843e+04
4.3800e+03 4.9905e-12 5.9894e-01 2.0322e+03 3.2242e+03 3.4514e+03 7.8453e+18 3.7364e+20 1.9091e+20 6.6041e-02 2.2812e-02 7.9230e+04 2.9878e+04
4.3900e+03 4.9805e-12 5.9873e-01 2.0318e+03 3.2234e+03 3.4507e+03 7.8788e+18 3.7548e+20 1.9174e+20 6.5932e-02 2.2796e-02 7.9344e+04 2.9913e+04
4.4000e+03 4.9706e-12 5.9853e-01 2.0314e+03 3.2226e+03 3.4500e+03 7.9124e+18 3.7732e+20 1.9256e+20 6.5823e-02 2.2781e-02 7.9458e+04 2.9948e+04
4.4100e+03 4.9607e-12 5.9832e-01 2.0310e+03 3.2218e+03 3.4493e+03 7.9462e+18 3.7917e+20 1.9340e+20 6.5714e-02 2.2765e-02 7.9571e+04 2.9982e+04
4.4200e+03 4.9508e-12 5.9812e-01 2.0306e+03 3.2210e+03 3.4486e+03 7.9800e+18 3.8103e+20 1.9423e+20 6.5606e-02 2.2749e-02 7.9685e+04 3.0017e+04
4.4300e+03 4.9410e-12 5.9792e-01 2.0302e+03 3.2202e+03 3.4479e+03 8.0140e+18 3.8289e+20 1.9507e+20 6.5497e-02 2.2734e-02 7.9799e+04 3.0052e+04
4.4400e+03 4.9312e-12 5.9772e-01 2.0298e+03 3.2194e+03 3.4472e+03 8.0481e+18 3.8477e+20 1.9591e+20 6.5390e-02 2.2718e-02 7.9912e+04 3.0087e+04
4.4500e+03 4.9215e-12 5.9752e-01 2.0294e+03 3.2186e+03 3.4465e+03 8.0822e+18 3.8665e+20 1.9676e+20 6.5282e-02 2.2702e-02 8.0026e+04 3.0122e+04
4.4600e+03 4.9118e-12 5.9732e-01 2.0290e+03 3.2178e+03 3.4458e+03 8.1165e+18 3.8854e+20 1.9761e+20 6.5175e-02 2.2686e-02 8.0140e+04 3.0157e+04
4.4700e+03 4.9021e-12 5.9712e-01 2.0286e+03 3.2170e+03 3.4451e+03 8.1509e+18 3.9044e+20 1.9846e+20 6.5068e-02 2.2670e-02 8.0253e+04 3.0193e+04
4.4800e+03 4.8925e-12 5.9693e-01 2.0283e+03 3.2162e+03 3.4445e+03 8.1854e+18 3.9234e+20 1.9932e+20 6.4962e-02 2.2654e-02 8.0367e+04 3.0228e+04
4.4900e+03 4.8829e-12 5.9674e-01 2.0279e+03 3.2154e+03 3.4438e+03 8.2201e+18 3.9425e+20 2.0018e+20 6.4856e-02 2.2638e-02 8.0481e+04 3.0263e+04
4.5000e+03 4.8734e-12 5.9654e-01 2.0275e+03 3.2146e+03 3.4431e+03 8.2548e+18 3.9618e+20 2.0104e+20 6.4750e-02 2.2622e-02 8.0594e+04 3.0298e+04
4.5100e+03 4.8639e-12 5.9635e-01 2.0271e+03 3.2138e+03 3.4424e+03 8.2896e+18 3.9810e+20 2.0191e+20 6.4644e-02 2.2605e-02 8.0708e+04 3.0334e+04
4.5200e+03 4.8544e-12 5.9616e-01 2.0267e+03 3.2130e+03 3.4417e+03 8.3246e+18 4.0004e+20 2.0278e+20 6.4539e-02 2.2589e-02 8.0822e+04 3.0369e+04
4.5300e+03 4.8450e-12 5.9598e-01 2.0263e+03 3.2122e+03 3.4410e+03 8.3596e+18 4.0199e+20 2.0365e+20 6.4434e-02 2.2572e-02 8.0936e+04 3.0405e+04
4.5400e+03 4.8356e-12 5.9579e-01 2.0260e+03 3.2115e+03 3.4403e+03 8.3948e+18 4.0394e+20 2.0452e+20 6.4330e-02 2.2556e-02 8.1049e+04 3.0440e+04
4.5500e+03 0.0000e+00 0.0000e+00 2.0256e+03 0.0000e+00 3.4396e+03 0.0000e+00 0.0000e+00 0.0000e+00 0.0000e+00 0.0000e+00 0.0000e+00 0.0000e+00
