0.0000e+00 2.3990e-11 5.1992e+00 1.9000e+03 3.0254e+03 5.0000e+03 2.2853e+19 9.4218e+18 2.4792e+17 3.6573e-02 1.4366e+00 1.3223e+05 4.1233e+03
1.0000e+01 2.3855e-11 4.3777e+00 1.9357e+03 3.0185e+03 4.9563e+03 2.7965e+19 1.0591e+19 2.8251e+17 4.3190e-02 1.3667e+00 1.1445e+05 4.2535e+03
2.0000e+01 2.3720e-11 3.7339e+00 1.9696e+03 3.0919e+03 4.9147e+03 1.7737e+19 9.8365e+18 3.2058e+17 5.0351e-02 1.2526e+00 1.0019e+05 4.3656e+03
3.0000e+01 2.3586e-11 3.2366e+00 2.0009e+03 3.1585e+03 4.8766e+03 1.1991e+19 9.2101e+18 3.6063e+17 5.7760e-02 1.1530e+00 8.8964e+04 4.4704e+03
4.0000e+01 2.3454e-11 2.8443e+00 2.0297e+03 3.2190e+03 4.8416e+03 8.5495e+18 8.6888e+18 4.0257e+17 6.5356e-02 1.0652e+00 7.9948e+04 4.5696e+03
5.0000e+01 2.3322e-11 2.5294e+00 2.0564e+03 3.2742e+03 4.8092e+03 6.3608e+18 8.2480e+18 4.4628e+17 7.3079e-02 9.8717e-01 7.2594e+04 4.6646e+03
6.0000e+01 2.3191e-11 2.2728e+00 2.0811e+03 3.3249e+03 4.7791e+03 4.8997e+18 7.8707e+18 4.9162e+17 8.0875e-02 9.1724e-01 6.6513e+04 4.7563e+03
7.0000e+01 2.3062e-11 2.0609e+00 2.1040e+03 3.3715e+03 4.7512e+03 3.8850e+18 7.5448e+18 5.3846e+17 8.8692e-02 8.5422e-01 6.1427e+04 4.8455e+03
8.0000e+01 2.2933e-11 1.8840e+00 2.1253e+03 3.4146e+03 4.7252e+03 3.1569e+18 7.2613e+18 5.8665e+17 9.6481e-02 7.9717e-01 5.7131e+04 4.9325e+03
9.0000e+01 2.2805e-11 1.7347e+00 2.1451e+03 3.4543e+03 4.7010e+03 2.6197e+18 7.0132e+18 6.3605e+17 1.0420e-01 7.4532e-01 5.3469e+04 5.0180e+03
1.0000e+02 2.2678e-11 1.6076e+00 2.1636e+03 3.4911e+03 4.6783e+03 2.2138e+18 6.7954e+18 6.8651e+17 1.1181e-01 6.9806e-01 5.0323e+04 5.1021e+03
1.1000e+02 2.2553e-11 1.4986e+00 2.1807e+03 3.5252e+03 4.6571e+03 1.9009e+18 6.6036e+18 7.3790e+17 1.1928e-01 6.5486e-01 4.7603e+04 5.1852e+03
1.2000e+02 2.2428e-11 1.4044e+00 2.1966e+03 3.5568e+03 4.6372e+03 1.6552e+18 6.4345e+18 7.9007e+17 1.2657e-01 6.1528e-01 4.5237e+04 5.2675e+03
1.3000e+02 2.2304e-11 1.3225e+00 2.2114e+03 3.5862e+03 4.6185e+03 1.4595e+18 6.2852e+18 8.4289e+17 1.3367e-01 5.7896e-01 4.3168e+04 5.3490e+03
1.4000e+02 2.2181e-11 1.2509e+00 2.2251e+03 3.6134e+03 4.6008e+03 1.3012e+18 6.1534e+18 8.9625e+17 1.4054e-01 5.4557e-01 4.1350e+04 5.4300e+03
1.5000e+02 2.2059e-11 1.1879e+00 2.2379e+03 3.6386e+03 4.5842e+03 1.1718e+18 6.0373e+18 9.5003e+17 1.4718e-01 5.1484e-01 3.9745e+04 5.5105e+03
1.6000e+02 2.1937e-11 1.1322e+00 2.2498e+03 3.6620e+03 4.5686e+03 1.0647e+18 5.9351e+18 1.0041e+18 1.5357e-01 4.8650e-01 3.8324e+04 5.5905e+03
1.7000e+02 2.1817e-11 1.0828e+00 2.2608e+03 3.6837e+03 4.5538e+03 9.7539e+17 5.8454e+18 1.0584e+18 1.5970e-01 4.6036e-01 3.7060e+04 5.6701e+03
1.8000e+02 2.1698e-11 1.0387e+00 2.2711e+03 3.7038e+03 4.5398e+03 9.0015e+17 5.7672e+18 1.1129e+18 1.6556e-01 4.3621e-01 3.5934e+04 5.7493e+03
1.9000e+02 2.1579e-11 9.9934e-01 2.2806e+03 3.7225e+03 4.5265e+03 8.3630e+17 5.6992e+18 1.1674e+18 1.7115e-01 4.1387e-01 3.4927e+04 5.8281e+03
2.0000e+02 2.1462e-11 9.6397e-01 2.2894e+03 3.7398e+03 4.5139e+03 7.8175e+17 5.6407e+18 1.2219e+18 1.7646e-01 3.9321e-01 3.4025e+04 5.9066e+03
2.1000e+02 2.1345e-11 9.3211e-01 2.2975e+03 3.7558e+03 4.5020e+03 7.3486e+17 5.5907e+18 1.2764e+18 1.8150e-01 3.7406e-01 3.3216e+04 5.9846e+03
2.2000e+02 2.1229e-11 9.0333e-01 2.3051e+03 3.7706e+03 4.4906e+03 6.9433e+17 5.5486e+18 1.3307e+18 1.8626e-01 3.5632e-01 3.2488e+04 6.0622e+03
2.3000e+02 2.1114e-11 8.7727e-01 2.3121e+03 3.7843e+03 4.4798e+03 6.5913e+17 5.5137e+18 1.3849e+18 1.9076e-01 3.3986e-01 3.1832e+04 6.1393e+03
2.4000e+02 2.1000e-11 8.5359e-01 2.3186e+03 3.7969e+03 4.4694e+03 6.2842e+17 5.4856e+18 1.4388e+18 1.9499e-01 3.2458e-01 3.1241e+04 6.2160e+03
2.5000e+02 2.0886e-11 8.3204e-01 2.3245e+03 3.8086e+03 4.4595e+03 6.0152e+17 5.4637e+18 1.4926e+18 1.9896e-01 3.1038e-01 3.0707e+04 6.2921e+03
2.6000e+02 2.0774e-11 8.1237e-01 2.3300e+03 3.8193e+03 4.4501e+03 5.7790e+17 5.4475e+18 1.5461e+18 2.0268e-01 2.9718e-01 3.0225e+04 6.3677e+03
2.7000e+02 2.0662e-11 7.9439e-01 2.3351e+03 3.8292e+03 4.4411e+03 5.5708e+17 5.4367e+18 1.5994e+18 2.0615e-01 2.8490e-01 2.9790e+04 6.4427e+03
2.8000e+02 2.0551e-11 7.7792e-01 2.3397e+03 3.8383e+03 4.4324e+03 5.3869e+17 5.4309e+18 1.6524e+18 2.0939e-01 2.7347e-01 2.9396e+04 6.5170e+03
2.9000e+02 2.0441e-11 7.6279e-01 2.3440e+03 3.8467e+03 4.4241e+03 5.2241e+17 5.4298e+18 1.7052e+18 2.1240e-01 2.6282e-01 2.9040e+04 6.5907e+03
3.0000e+02 2.0332e-11 7.4889e-01 2.3480e+03 3.8543e+03 4.4161e+03 5.0799e+17 5.4331e+18 1.7576e+18 2.1519e-01 2.5290e-01 2.8719e+04 6.6637e+03
3.1000e+02 2.0224e-11 7.3608e-01 2.3515e+03 3.8614e+03 4.4084e+03 4.9518e+17 5.4404e+18 1.8098e+18 2.1776e-01 2.4363e-01 2.8428e+04 6.7359e+03
3.2000e+02 2.0116e-11 7.2426e-01 2.3548e+03 3.8678e+03 4.4010e+03 4.8381e+17 5.4517e+18 1.8618e+18 2.2014e-01 2.3499e-01 2.8166e+04 6.8074e+03
3.3000e+02 2.0009e-11 7.1334e-01 2.3578e+03 3.8736e+03 4.3938e+03 4.7371e+17 5.4667e+18 1.9134e+18 2.2232e-01 2.2691e-01 2.7930e+04 6.8781e+03
3.4000e+02 1.9903e-11 7.0324e-01 2.3605e+03 3.8789e+03 4.3869e+03 4.6474e+17 5.4851e+18 1.9649e+18 2.2432e-01 2.1936e-01 2.7718e+04 6.9480e+03
3.5000e+02 1.9798e-11 6.9388e-01 2.3630e+03 3.8837e+03 4.3803e+03 4.5678e+17 5.5068e+18 2.0161e+18 2.2614e-01 2.1230e-01 2.7527e+04 7.0171e+03
3.6000e+02 1.9693e-11 6.8520e-01 2.3652e+03 3.8880e+03 4.3738e+03 4.4972e+17 5.5317e+18 2.0670e+18 2.2780e-01 2.0568e-01 2.7356e+04 7.0854e+03
3.7000e+02 1.9589e-11 6.7714e-01 2.3672e+03 3.8919e+03 4.3675e+03 4.4348e+17 5.5595e+18 2.1178e+18 2.2930e-01 1.9949e-01 2.7204e+04 7.1528e+03
3.8000e+02 1.9486e-11 6.6964e-01 2.3690e+03 3.8954e+03 4.3615e+03 4.3797e+17 5.5901e+18 2.1683e+18 2.3065e-01 1.9368e-01 2.7068e+04 7.2193e+03
3.9000e+02 1.9384e-11 6.6266e-01 2.3706e+03 3.8985e+03 4.3556e+03 4.3313e+17 5.6234e+18 2.2187e+18 2.3185e-01 1.8823e-01 2.6948e+04 7.2849e+03
4.0000e+02 1.9283e-11 6.5615e-01 2.3720e+03 3.9013e+03 4.3499e+03 4.2889e+17 5.6594e+18 2.2689e+18 2.3292e-01 1.8311e-01 2.6842e+04 7.3497e+03
4.1000e+02 1.9182e-11 6.5008e-01 2.3733e+03 3.9037e+03 4.3443e+03 4.2521e+17 5.6978e+18 2.3190e+18 2.3387e-01 1.7830e-01 2.6749e+04 7.4136e+03
4.2000e+02 1.9082e-11 6.4442e-01 2.3744e+03 3.9058e+03 4.3389e+03 4.2202e+17 5.7386e+18 2.3689e+18 2.3470e-01 1.7378e-01 2.6669e+04 7.4767e+03
4.3000e+02 1.8983e-11 6.3912e-01 2.3753e+03 3.9076e+03 4.3336e+03 4.1930e+17 5.7817e+18 2.4188e+18 2.3541e-01 1.6952e-01 2.6600e+04 7.5388e+03
4.4000e+02 1.8884e-11 6.3416e-01 2.3761e+03 3.9091e+03 4.3284e+03 4.1700e+17 5.8270e+18 2.4685e+18 2.3602e-01 1.6552e-01 2.6541e+04 7.6001e+03
4.5000e+02 1.8786e-11 6.2952e-01 2.3767e+03 3.9104e+03 4.3234e+03 4.1509e+17 5.8744e+18 2.5182e+18 2.3653e-01 1.6174e-01 2.6493e+04 7.6606e+03
4.6000e+02 1.8689e-11 6.2517e-01 2.3773e+03 3.9114e+03 4.3185e+03 4.1354e+17 5.9239e+18 2.5678e+18 2.3694e-01 1.5818e-01 2.6453e+04 7.7201e+03
4.7000e+02 1.8593e-11 6.2109e-01 2.3777e+03 3.9122e+03 4.3137e+03 4.1233e+17 5.9754e+18 2.6174e+18 2.3727e-01 1.5481e-01 2.6422e+04 7.7789e+03
4.8000e+02 1.8497e-11 6.1726e-01 2.3780e+03 3.9128e+03 4.3089e+03 4.1142e+17 6.0288e+18 2.6670e+18 2.3751e-01 1.5164e-01 2.6399e+04 7.8368e+03
4.9000e+02 1.8402e-11 6.1366e-01 2.3782e+03 3.9132e+03 4.3043e+03 4.1080e+17 6.0841e+18 2.7166e+18 2.3768e-01 1.4863e-01 2.6383e+04 7.8939e+03
5.0000e+02 1.8307e-11 6.1027e-01 2.3784e+03 3.9135e+03 4.2998e+03 4.1044e+17 6.1412e+18 2.7662e+18 2.3777e-01 1.4579e-01 2.6375e+04 7.9503e+03
5.1000e+02 1.8214e-11 6.0709e-01 2.3784e+03 3.9135e+03 4.2954e+03 4.1034e+17 6.2001e+18 2.8158e+18 2.3779e-01 1.4310e-01 2.6372e+04 8.0058e+03
5.2000e+02 1.8121e-11 6.0409e-01 2.3783e+03 3.9134e+03 4.2910e+03 4.1047e+17 6.2607e+18 2.8655e+18 2.3775e-01 1.4055e-01 2.6376e+04 8.0606e+03
5.3000e+02 1.8028e-11 6.0126e-01 2.3782e+03 3.9131e+03 4.2867e+03 4.1082e+17 6.3230e+18 2.9153e+18 2.3766e-01 1.3813e-01 2.6385e+04 8.1146e+03
5.4000e+02 1.7937e-11 5.9859e-01 2.3780e+03 3.9127e+03 4.2825e+03 4.1137e+17 6.3870e+18 2.9651e+18 2.3750e-01 1.3584e-01 2.6400e+04 8.1680e+03
5.5000e+02 1.7846e-11 5.9608e-01 2.3777e+03 3.9122e+03 4.2784e+03 4.1212e+17 6.4526e+18 3.0150e+18 2.3729e-01 1.3366e-01 2.6420e+04 8.2206e+03
5.6000e+02 1.7755e-11 5.9370e-01 2.3774e+03 3.9115e+03 4.2743e+03 4.1304e+17 6.5198e+18 3.0651e+18 2.3704e-01 1.3158e-01 2.6444e+04 8.2725e+03
5.7000e+02 1.7666e-11 5.9145e-01 2.3770e+03 3.9107e+03 4.2703e+03 4.1414e+17 6.5885e+18 3.1153e+18 2.3674e-01 1.2961e-01 2.6473e+04 8.3238e+03
5.8000e+02 1.7577e-11 5.8932e-01 2.3766e+03 3.9098e+03 4.2664e+03 4.1541e+17 6.6587e+18 3.1656e+18 2.3639e-01 1.2773e-01 2.6506e+04 8.3745e+03
5.9000e+02 1.7488e-11 5.8731e-01 2.3761e+03 3.9089e+03 4.2625e+03 4.1682e+17 6.7305e+18 3.2161e+18 2.3601e-01 1.2594e-01 2.6542e+04 8.4245e+03
6.0000e+02 1.7400e-11 5.8541e-01 2.3755e+03 3.9078e+03 4.2587e+03 4.1838e+17 6.8037e+18 3.2668e+18 2.3559e-01 1.2423e-01 2.6583e+04 8.4739e+03
6.1000e+02 1.7313e-11 5.8360e-01 2.3749e+03 3.9066e+03 4.2549e+03 4.2008e+17 6.8784e+18 3.3176e+18 2.3513e-01 1.2260e-01 2.6626e+04 8.5228e+03
6.2000e+02 1.7227e-11 5.8189e-01 2.3743e+03 3.9053e+03 4.2512e+03 4.2191e+17 6.9545e+18 3.3687e+18 2.3465e-01 1.2105e-01 2.6674e+04 8.5711e+03
6.3000e+02 1.7141e-11 5.8026e-01 2.3736e+03 3.9040e+03 4.2475e+03 4.2387e+17 7.0320e+18 3.4199e+18 2.3413e-01 1.1956e-01 2.6724e+04 8.6188e+03
6.4000e+02 1.7055e-11 5.7871e-01 2.3729e+03 3.9026e+03 4.2439e+03 4.2595e+17 7.1109e+18 3.4714e+18 2.3359e-01 1.1813e-01 2.6777e+04 8.6661e+03
6.5000e+02 1.6971e-11 5.7724e-01 2.3722e+03 3.9011e+03 4.2403e+03 4.2814e+17 7.1912e+18 3.5231e+18 2.3302e-01 1.1677e-01 2.6832e+04 8.7128e+03
6.6000e+02 1.6887e-11 5.7585e-01 2.3714e+03 3.8996e+03 4.2367e+03 4.3044e+17 7.2729e+18 3.5751e+18 2.3243e-01 1.1546e-01 2.6891e+04 8.7591e+03
6.7000e+02 1.6803e-11 5.7452e-01 2.3706e+03 3.8980e+03 4.2332e+03 4.3285e+17 7.3559e+18 3.6273e+18 2.3181e-01 1.1421e-01 2.6951e+04 8.8049e+03
6.8000e+02 1.6720e-11 5.7325e-01 2.3697e+03 3.8964e+03 4.2297e+03 4.3535e+17 7.4403e+18 3.6798e+18 2.3118e-01 1.1301e-01 2.7014e+04 8.8503e+03
6.9000e+02 1.6638e-11 5.7204e-01 2.3689e+03 3.8947e+03 4.2263e+03 4.3796e+17 7.5260e+18 3.7326e+18 2.3053e-01 1.1185e-01 2.7080e+04 8.8952e+03
7.0000e+02 1.6556e-11 5.7089e-01 2.3680e+03 3.8929e+03 4.2229e+03 4.4066e+17 7.6130e+18 3.7857e+18 2.2986e-01 1.1074e-01 2.7147e+04 8.9397e+03
7.1000e+02 1.6475e-11 5.6979e-01 2.3671e+03 3.8911e+03 4.2195e+03 4.4344e+17 7.7013e+18 3.8390e+18 2.2917e-01 1.0967e-01 2.7216e+04 8.9839e+03
7.2000e+02 1.6394e-11 5.6874e-01 2.3661e+03 3.8893e+03 4.2162e+03 4.4632e+17 7.7910e+18 3.8927e+18 2.2847e-01 1.0864e-01 2.7287e+04 9.0277e+03
7.3000e+02 1.6314e-11 5.6773e-01 2.3652e+03 3.8874e+03 4.2129e+03 4.4928e+17 7.8819e+18 3.9467e+18 2.2776e-01 1.0764e-01 2.7360e+04 9.0711e+03
7.4000e+02 1.6235e-11 5.6677e-01 2.3642e+03 3.8855e+03 4.2096e+03 4.5232e+17 7.9741e+18 4.0011e+18 2.2703e-01 1.0669e-01 2.7435e+04 9.1141e+03
7.5000e+02 1.6156e-11 5.6585e-01 2.3632e+03 3.8835e+03 4.2064e+03 4.5543e+17 8.0676e+18 4.0558e+18 2.2630e-01 1.0576e-01 2.7511e+04 9.1569e+03
7.6000e+02 1.6078e-11 5.6497e-01 2.3622e+03 3.8816e+03 4.2031e+03 4.5863e+17 8.1624e+18 4.1108e+18 2.2555e-01 1.0487e-01 2.7588e+04 9.1993e+03
7.7000e+02 1.6000e-11 5.6412e-01 2.3612e+03 3.8796e+03 4.2000e+03 4.6189e+17 8.2585e+18 4.1662e+18 2.2480e-01 1.0401e-01 2.7667e+04 9.2415e+03
7.8000e+02 1.5923e-11 5.6331e-01 2.3602e+03 3.8775e+03 4.1968e+03 4.6523e+17 8.3558e+18 4.2219e+18 2.2403e-01 1.0317e-01 2.7748e+04 9.2833e+03
7.9000e+02 1.5846e-11 5.6253e-01 2.3591e+03 3.8755e+03 4.1937e+03 4.6864e+17 8.4544e+18 4.2780e+18 2.2326e-01 1.0236e-01 2.7829e+04 9.3249e+03
8.0000e+02 1.5770e-11 5.6179e-01 2.3580e+03 3.8734e+03 4.1905e+03 4.7212e+17 8.5543e+18 4.3346e+18 2.2249e-01 1.0158e-01 2.7912e+04 9.3662e+03
8.1000e+02 1.5694e-11 5.6107e-01 2.3570e+03 3.8713e+03 4.1875e+03 4.7567e+17 8.6554e+18 4.3915e+18 2.2170e-01 1.0082e-01 2.7996e+04 9.4073e+03
8.2000e+02 1.5619e-11 5.6037e-01 2.3559e+03 3.8692e+03 4.1844e+03 4.7927e+17 8.7578e+18 4.4487e+18 2.2092e-01 1.0008e-01 2.8082e+04 9.4481e+03
8.3000e+02 1.5544e-11 5.5971e-01 2.3548e+03 3.8670e+03 4.1813e+03 4.8295e+17 8.8614e+18 4.5064e+18 2.2012e-01 9.9368e-02 2.8168e+04 9.4887e+03
8.4000e+02 1.5470e-11 5.5906e-01 2.3537e+03 3.8649e+03 4.1783e+03 4.8668e+17 8.9663e+18 4.5646e+18 2.1933e-01 9.8673e-02 2.8255e+04 9.5291e+03
8.5000e+02 1.5397e-11 5.5844e-01 2.3526e+03 3.8627e+03 4.1753e+03 4.9047e+17 9.0725e+18 4.6231e+18 2.1853e-01 9.7998e-02 2.8343e+04 9.5693e+03
8.6000e+02 1.5324e-11 5.5784e-01 2.3515e+03 3.8605e+03 4.1723e+03 4.9433e+17 9.1799e+18 4.6821e+18 2.1772e-01 9.7341e-02 2.8433e+04 9.6093e+03
8.7000e+02 1.5251e-11 5.5726e-01 2.3504e+03 3.8583e+03 4.1694e+03 4.9824e+17 9.2886e+18 4.7415e+18 2.1692e-01 9.6702e-02 2.8523e+04 9.6492e+03
8.8000e+02 1.5179e-11 5.5670e-01 2.3492e+03 3.8561e+03 4.1664e+03 5.0221e+17 9.3986e+18 4.8013e+18 2.1611e-01 9.6079e-02 2.8614e+04 9.6888e+03
8.9000e+02 1.5108e-11 5.5616e-01 2.3481e+03 3.8539e+03 4.1635e+03 5.0623e+17 9.5098e+18 4.8616e+18 2.1530e-01 9.5472e-02 2.8705e+04 9.7283e+03
9.0000e+02 1.5037e-11 5.5564e-01 2.3470e+03 3.8517e+03 4.1606e+03 5.1031e+17 9.6223e+18 4.9223e+18 2.1449e-01 9.4880e-02 2.8798e+04 9.7676e+03
9.1000e+02 1.4966e-11 5.5513e-01 2.3458e+03 3.8495e+03 4.1577e+03 5.1444e+17 9.7360e+18 4.9835e+18 2.1368e-01 9.4302e-02 2.8891e+04 9.8067e+03
9.2000e+02 1.4896e-11 5.5464e-01 2.3447e+03 3.8472e+03 4.1549e+03 5.1863e+17 9.8511e+18 5.0452e+18 2.1287e-01 9.3738e-02 2.8985e+04 9.8458e+03
9.3000e+02 1.4827e-11 5.5416e-01 2.3435e+03 3.8450e+03 4.1520e+03 5.2287e+17 9.9673e+18 5.1073e+18 2.1206e-01 9.3187e-02 2.9080e+04 9.8847e+03
9.4000e+02 1.4757e-11 5.5369e-01 2.3424e+03 3.8427e+03 4.1492e+03 5.2716e+17 1.0085e+19 5.1699e+18 2.1125e-01 9.2649e-02 2.9175e+04 9.9234e+03
9.5000e+02 1.4689e-11 5.5324e-01 2.3412e+03 3.8404e+03 4.1463e+03 5.3150e+17 1.0204e+19 5.2330e+18 2.1044e-01 9.2122e-02 2.9271e+04 9.9620e+03
9.6000e+02 1.4621e-11 5.5280e-01 2.3401e+03 3.8382e+03 4.1435e+03 5.3590e+17 1.0324e+19 5.2966e+18 2.0963e-01 9.1607e-02 2.9367e+04 1.0001e+04
9.7000e+02 1.4553e-11 5.5237e-01 2.3389e+03 3.8359e+03 4.1408e+03 5.4034e+17 1.0445e+19 5.3607e+18 2.0882e-01 9.1102e-02 2.9464e+04 1.0039e+04
9.8000e+02 1.4486e-11 5.5196e-01 2.3378e+03 3.8336e+03 4.1380e+03 5.4483e+17 1.0568e+19 5.4253e+18 2.0801e-01 9.0608e-02 2.9562e+04 1.0077e+04
9.9000e+02 1.4419e-11 5.5155e-01 2.3366e+03 3.8313e+03 4.1352e+03 5.4937e+17 1.0692e+19 5.4904e+18 2.0721e-01 9.0124e-02 2.9660e+04 1.0115e+04
1.0000e+03 1.4353e-11 5.5116e-01 2.3354e+03 3.8291e+03 4.1325e+03 5.5396e+17 1.0817e+19 5.5561e+18 2.0640e-01 8.9649e-02 2.9759e+04 1.0154e+04
1.0100e+03 1.4287e-11 5.5077e-01 2.3343e+03 3.8268e+03 4.1298e+03 5.5860e+17 1.0944e+19 5.6222e+18 2.0560e-01 8.9183e-02 2.9858e+04 1.0192e+04
1.0200e+03 1.4222e-11 5.5039e-01 2.3331e+03 3.8245e+03 4.1271e+03 5.6328e+17 1.1072e+19 5.6889e+18 2.0480e-01 8.8726e-02 2.9957e+04 1.0230e+04
1.0300e+03 1.4157e-11 5.5002e-01 2.3320e+03 3.8222e+03 4.1244e+03 5.6801e+17 1.1201e+19 5.7561e+18 2.0400e-01 8.8277e-02 3.0058e+04 1.0267e+04
1.0400e+03 1.4092e-11 5.4966e-01 2.3308e+03 3.8199e+03 4.1217e+03 5.7279e+17 1.1332e+19 5.8238e+18 2.0321e-01 8.7837e-02 3.0158e+04 1.0305e+04
1.0500e+03 1.4028e-11 5.4931e-01 2.3296e+03 3.8177e+03 4.1190e+03 5.7762e+17 1.1464e+19 5.8921e+18 2.0242e-01 8.7404e-02 3.0259e+04 1.0343e+04
1.0600e+03 1.3965e-11 5.4896e-01 2.3285e+03 3.8154e+03 4.1163e+03 5.8249e+17 1.1597e+19 5.9609e+18 2.0163e-01 8.6978e-02 3.0360e+04 1.0381e+04
1.0700e+03 1.3902e-11 5.4862e-01 2.3273e+03 3.8131e+03 4.1137e+03 5.8740e+17 1.1731e+19 6.0303e+18 2.0084e-01 8.6559e-02 3.0462e+04 1.0418e+04
1.0800e+03 1.3839e-11 5.4829e-01 2.3261e+03 3.8108e+03 4.1111e+03 5.9236e+17 1.1867e+19 6.1002e+18 2.0005e-01 8.6148e-02 3.0564e+04 1.0456e+04
1.0900e+03 1.3777e-11 5.4796e-01 2.3250e+03 3.8085e+03 4.1084e+03 5.9737e+17 1.2005e+19 6.1707e+18 1.9927e-01 8.5742e-02 3.0666e+04 1.0493e+04
1.1000e+03 1.3715e-11 5.4764e-01 2.3238e+03 3.8063e+03 4.1058e+03 6.0242e+17 1.2143e+19 6.2418e+18 1.9849e-01 8.5344e-02 3.0769e+04 1.0531e+04
1.1100e+03 1.3653e-11 5.4733e-01 2.3227e+03 3.8040e+03 4.1032e+03 6.0751e+17 1.2283e+19 6.3134e+18 1.9772e-01 8.4951e-02 3.0872e+04 1.0568e+04
1.1200e+03 1.3592e-11 5.4702e-01 2.3215e+03 3.8017e+03 4.1006e+03 6.1265e+17 1.2424e+19 6.3857e+18 1.9694e-01 8.4564e-02 3.0976e+04 1.0605e+04
1.1300e+03 1.3532e-11 5.4671e-01 2.3203e+03 3.7994e+03 4.0981e+03 6.1784e+17 1.2567e+19 6.4585e+18 1.9617e-01 8.4182e-02 3.1080e+04 1.0643e+04
1.1400e+03 1.3471e-11 5.4642e-01 2.3192e+03 3.7972e+03 4.0955e+03 6.2307e+17 1.2711e+19 6.5318e+18 1.9541e-01 8.3806e-02 3.1184e+04 1.0680e+04
1.1500e+03 1.3412e-11 5.4612e-01 2.3180e+03 3.7949e+03 4.0930e+03 6.2834e+17 1.2857e+19 6.6058e+18 1.9465e-01 8.3436e-02 3.1288e+04 1.0717e+04
1.1600e+03 1.3352e-11 5.4583e-01 2.3169e+03 3.7926e+03 4.0904e+03 6.3365e+17 1.3004e+19 6.6804e+18 1.9389e-01 8.3070e-02 3.1393e+04 1.0754e+04
1.1700e+03 1.3293e-11 5.4554e-01 2.3157e+03 3.7904e+03 4.0879e+03 6.3901e+17 1.3152e+19 6.7556e+18 1.9313e-01 8.2709e-02 3.1498e+04 1.0791e+04
1.1800e+03 1.3235e-11 5.4526e-01 2.3146e+03 3.7881e+03 4.0854e+03 6.4442e+17 1.3302e+19 6.8314e+18 1.9238e-01 8.2353e-02 3.1603e+04 1.0829e+04
1.1900e+03 1.3176e-11 5.4499e-01 2.3134e+03 3.7859e+03 4.0829e+03 6.4986e+17 1.3453e+19 6.9078e+18 1.9163e-01 8.2002e-02 3.1708e+04 1.0866e+04
1.2000e+03 1.3119e-11 5.4471e-01 2.3123e+03 3.7836e+03 4.0804e+03 6.5535e+17 1.3605e+19 6.9848e+18 1.9089e-01 8.1655e-02 3.1814e+04 1.0903e+04
1.2100e+03 1.3061e-11 5.4444e-01 2.3111e+03 3.7814e+03 4.0779e+03 6.6088e+17 1.3759e+19 7.0625e+18 1.9014e-01 8.1313e-02 3.1920e+04 1.0940e+04
1.2200e+03 1.3004e-11 5.4417e-01 2.3100e+03 3.7792e+03 4.0754e+03 6.6646e+17 1.3915e+19 7.1408e+18 1.8941e-01 8.0974e-02 3.2026e+04 1.0977e+04
1.2300e+03 1.2947e-11 5.4391e-01 2.3089e+03 3.7769e+03 4.0730e+03 6.7208e+17 1.4072e+19 7.2197e+18 1.8867e-01 8.0640e-02 3.2133e+04 1.1014e+04
1.2400e+03 1.2891e-11 5.4365e-01 2.3077e+03 3.7747e+03 4.0705e+03 6.7774e+17 1.4230e+19 7.2992e+18 1.8794e-01 8.0309e-02 3.2240e+04 1.1051e+04
1.2500e+03 1.2835e-11 5.4339e-01 2.3066e+03 3.7725e+03 4.0681e+03 6.8345e+17 1.4390e+19 7.3794e+18 1.8722e-01 7.9982e-02 3.2346e+04 1.1088e+04
1.2600e+03 1.2780e-11 5.4314e-01 2.3055e+03 3.7702e+03 4.0656e+03 6.8920e+17 1.4551e+19 7.4602e+18 1.8649e-01 7.9659e-02 3.2454e+04 1.1125e+04
1.2700e+03 1.2725e-11 5.4288e-01 2.3043e+03 3.7680e+03 4.0632e+03 6.9499e+17 1.4714e+19 7.5417e+18 1.8577e-01 7.9340e-02 3.2561e+04 1.1162e+04
1.2800e+03 1.2670e-11 5.4264e-01 2.3032e+03 3.7658e+03 4.0608e+03 7.0082e+17 1.4878e+19 7.6239e+18 1.8506e-01 7.9024e-02 3.2669e+04 1.1199e+04
1.2900e+03 1.2615e-11 5.4239e-01 2.3021e+03 3.7636e+03 4.0584e+03 7.0670e+17 1.5044e+19 7.7067e+18 1.8435e-01 7.8711e-02 3.2776e+04 1.1236e+04
1.3000e+03 1.2561e-11 5.4214e-01 2.3010e+03 3.7614e+03 4.0560e+03 7.1262e+17 1.5211e+19 7.7901e+18 1.8364e-01 7.8402e-02 3.2884e+04 1.1272e+04
1.3100e+03 1.2508e-11 5.4190e-01 2.2998e+03 3.7592e+03 4.0536e+03 7.1859e+17 1.5380e+19 7.8743e+18 1.8294e-01 7.8096e-02 3.2992e+04 1.1309e+04
1.3200e+03 1.2454e-11 5.4166e-01 2.2987e+03 3.7570e+03 4.0512e+03 7.2459e+17 1.5550e+19 7.9591e+18 1.8224e-01 7.7793e-02 3.3101e+04 1.1346e+04
1.3300e+03 1.2401e-11 5.4143e-01 2.2976e+03 3.7548e+03 4.0489e+03 7.3064e+17 1.5722e+19 8.0446e+18 1.8154e-01 7.7493e-02 3.3209e+04 1.1383e+04
1.3400e+03 1.2349e-11 5.4119e-01 2.2965e+03 3.7527e+03 4.0465e+03 7.3674e+17 1.5895e+19 8.1308e+18 1.8085e-01 7.7196e-02 3.3318e+04 1.1420e+04
1.3500e+03 1.2296e-11 5.4096e-01 2.2954e+03 3.7505e+03 4.0442e+03 7.4287e+17 1.6070e+19 8.2176e+18 1.8016e-01 7.6902e-02 3.3427e+04 1.1457e+04
1.3600e+03 1.2244e-11 5.4073e-01 2.2943e+03 3.7483e+03 4.0418e+03 7.4905e+17 1.6247e+19 8.3052e+18 1.7948e-01 7.6610e-02 3.3536e+04 1.1494e+04
1.3700e+03 1.2193e-11 5.4050e-01 2.2932e+03 3.7462e+03 4.0395e+03 7.5528e+17 1.6425e+19 8.3934e+18 1.7880e-01 7.6322e-02 3.3645e+04 1.1531e+04
1.3800e+03 1.2141e-11 5.4027e-01 2.2921e+03 3.7440e+03 4.0372e+03 7.6154e+17 1.6605e+19 8.4824e+18 1.7812e-01 7.6036e-02 3.3754e+04 1.1568e+04
1.3900e+03 1.2090e-11 5.4004e-01 2.2910e+03 3.7418e+03 4.0349e+03 7.6785e+17 1.6786e+19 8.5721e+18 1.7745e-01 7.5752e-02 3.3864e+04 1.1605e+04
1.4000e+03 1.2040e-11 5.3982e-01 2.2899e+03 3.7397e+03 4.0326e+03 7.7421e+17 1.6969e+19 8.6625e+18 1.7678e-01 7.5472e-02 3.3973e+04 1.1642e+04
1.4100e+03 1.1990e-11 5.3960e-01 2.2888e+03 3.7376e+03 4.0303e+03 7.8060e+17 1.7153e+19 8.7536e+18 1.7611e-01 7.5194e-02 3.4083e+04 1.1678e+04
1.4200e+03 1.1940e-11 5.3938e-01 2.2877e+03 3.7354e+03 4.0280e+03 7.8704e+17 1.7339e+19 8.8454e+18 1.7545e-01 7.4918e-02 3.4193e+04 1.1715e+04
1.4300e+03 1.1890e-11 5.3916e-01 2.2866e+03 3.7333e+03 4.0257e+03 7.9353e+17 1.7527e+19 8.9379e+18 1.7479e-01 7.4644e-02 3.4303e+04 1.1752e+04
1.4400e+03 1.1841e-11 5.3894e-01 2.2856e+03 3.7312e+03 4.0234e+03 8.0005e+17 1.7716e+19 9.0312e+18 1.7414e-01 7.4373e-02 3.4414e+04 1.1789e+04
1.4500e+03 1.1792e-11 5.3872e-01 2.2845e+03 3.7290e+03 4.0212e+03 8.0663e+17 1.7907e+19 9.1252e+18 1.7349e-01 7.4105e-02 3.4524e+04 1.1826e+04
1.4600e+03 1.1743e-11 5.3851e-01 2.2834e+03 3.7269e+03 4.0189e+03 8.1324e+17 1.8100e+19 9.2200e+18 1.7284e-01 7.3838e-02 3.4635e+04 1.1863e+04
1.4700e+03 1.1695e-11 5.3830e-01 2.2823e+03 3.7248e+03 4.0167e+03 8.1990e+17 1.8294e+19 9.3155e+18 1.7220e-01 7.3574e-02 3.4745e+04 1.1900e+04
1.4800e+03 1.1647e-11 5.3808e-01 2.2813e+03 3.7227e+03 4.0144e+03 8.2660e+17 1.8490e+19 9.4117e+18 1.7156e-01 7.3312e-02 3.4856e+04 1.1937e+04
1.4900e+03 1.1599e-11 5.3787e-01 2.2802e+03 3.7206e+03 4.0122e+03 8.3335e+17 1.8688e+19 9.5087e+18 1.7092e-01 7.3051e-02 3.4967e+04 1.1974e+04
1.5000e+03 1.1552e-11 5.3766e-01 2.2791e+03 3.7185e+03 4.0100e+03 8.4014e+17 1.8888e+19 9.6065e+18 1.7029e-01 7.2793e-02 3.5078e+04 1.2011e+04
1.5100e+03 1.1505e-11 5.3746e-01 2.2781e+03 3.7165e+03 4.0078e+03 8.4698e+17 1.9089e+19 9.7050e+18 1.6966e-01 7.2538e-02 3.5189e+04 1.2048e+04
1.5200e+03 1.1458e-11 5.3725e-01 2.2770e+03 3.7144e+03 4.0056e+03 8.5386e+17 1.9291e+19 9.8043e+18 1.6904e-01 7.2284e-02 3.5301e+04 1.2085e+04
1.5300e+03 1.1411e-11 5.3705e-01 2.2760e+03 3.7123e+03 4.0034e+03 8.6079e+17 1.9496e+19 9.9044e+18 1.6841e-01 7.2032e-02 3.5412e+04 1.2122e+04
1.5400e+03 1.1365e-11 5.3684e-01 2.2749e+03 3.7102e+03 4.0012e+03 8.6776e+17 1.9702e+19 1.0005e+19 1.6780e-01 7.1781e-02 3.5524e+04 1.2159e+04
1.5500e+03 1.1319e-11 5.3664e-01 2.2739e+03 3.7082e+03 3.9990e+03 8.7477e+17 1.9910e+19 1.0107e+19 1.6718e-01 7.1533e-02 3.5635e+04 1.2196e+04
1.5600e+03 1.1274e-11 5.3644e-01 2.2728e+03 3.7061e+03 3.9968e+03 8.8184e+17 2.0120e+19 1.0209e+19 1.6657e-01 7.1287e-02 3.5747e+04 1.2233e+04
1.5700e+03 1.1228e-11 5.3624e-01 2.2718e+03 3.7041e+03 3.9946e+03 8.8894e+17 2.0332e+19 1.0312e+19 1.6596e-01 7.1042e-02 3.5859e+04 1.2270e+04
1.5800e+03 1.1183e-11 5.3604e-01 2.2707e+03 3.7020e+03 3.9925e+03 8.9609e+17 2.0545e+19 1.0417e+19 1.6536e-01 7.0800e-02 3.5971e+04 1.2307e+04
1.5900e+03 1.1139e-11 5.3584e-01 2.2697e+03 3.7000e+03 3.9903e+03 9.0329e+17 2.0760e+19 1.0521e+19 1.6476e-01 7.0559e-02 3.6083e+04 1.2344e+04
1.6000e+03 1.1094e-11 5.3564e-01 2.2687e+03 3.6980e+03 3.9882e+03 9.1053e+17 2.0977e+19 1.0627e+19 1.6416e-01 7.0319e-02 3.6195e+04 1.2381e+04
1.6100e+03 1.1050e-11 5.3545e-01 2.2676e+03 3.6959e+03 3.9860e+03 9.1782e+17 2.1196e+19 1.0733e+19 1.6357e-01 7.0082e-02 3.6308e+04 1.2419e+04
1.6200e+03 1.1006e-11 5.3525e-01 2.2666e+03 3.6939e+03 3.9839e+03 9.2515e+17 2.1416e+19 1.0841e+19 1.6298e-01 6.9846e-02 3.6420e+04 1.2456e+04
1.6300e+03 1.0963e-11 5.3506e-01 2.2656e+03 3.6919e+03 3.9818e+03 9.3253e+17 2.1639e+19 1.0949e+19 1.6239e-01 6.9612e-02 3.6533e+04 1.2493e+04
1.6400e+03 1.0919e-11 5.3487e-01 2.2646e+03 3.6899e+03 3.9797e+03 9.3996e+17 2.1863e+19 1.1058e+19 1.6181e-01 6.9379e-02 3.6646e+04 1.2530e+04
1.6500e+03 1.0876e-11 5.3467e-01 2.2635e+03 3.6879e+03 3.9776e+03 9.4743e+17 2.2089e+19 1.1167e+19 1.6123e-01 6.9148e-02 3.6758e+04 1.2567e+04
1.6600e+03 1.0834e-11 5.3448e-01 2.2625e+03 3.6859e+03 3.9755e+03 9.5495e+17 2.2317e+19 1.1278e+19 1.6066e-01 6.8919e-02 3.6871e+04 1.2605e+04
1.6700e+03 1.0791e-11 5.3429e-01 2.2615e+03 3.6839e+03 3.9734e+03 9.6251e+17 2.2547e+19 1.1389e+19 1.6008e-01 6.8691e-02 3.6984e+04 1.2642e+04
1.6800e+03 1.0749e-11 5.3410e-01 2.2605e+03 3.6819e+03 3.9713e+03 9.7012e+17 2.2779e+19 1.1501e+19 1.5951e-01 6.8464e-02 3.7097e+04 1.2679e+04
1.6900e+03 1.0707e-11 5.3392e-01 2.2595e+03 3.6799e+03 3.9692e+03 9.7778e+17 2.3012e+19 1.1615e+19 1.5895e-01 6.8240e-02 3.7211e+04 1.2716e+04
1.7000e+03 1.0665e-11 5.3373e-01 2.2585e+03 3.6780e+03 3.9671e+03 9.8548e+17 2.3248e+19 1.1729e+19 1.5838e-01 6.8016e-02 3.7324e+04 1.2754e+04
1.7100e+03 1.0624e-11 5.3354e-01 2.2575e+03 3.6760e+03 3.9650e+03 9.9324e+17 2.3485e+19 1.1843e+19 1.5782e-01 6.7794e-02 3.7437e+04 1.2791e+04
1.7200e+03 1.0583e-11 5.3336e-01 2.2565e+03 3.6740e+03 3.9630e+03 1.0010e+18 2.3725e+19 1.1959e+19 1.5727e-01 6.7574e-02 3.7551e+04 1.2828e+04
1.7300e+03 1.0542e-11 5.3318e-01 2.2555e+03 3.6721e+03 3.9609e+03 1.0089e+18 2.3966e+19 1.2076e+19 1.5671e-01 6.7355e-02 3.7664e+04 1.2866e+04
1.7400e+03 1.0501e-11 5.3299e-01 2.2545e+03 3.6701e+03 3.9589e+03 1.0168e+18 2.4209e+19 1.2193e+19 1.5616e-01 6.7137e-02 3.7778e+04 1.2903e+04
1.7500e+03 1.0461e-11 5.3281e-01 2.2535e+03 3.6682e+03 3.9568e+03 1.0247e+18 2.4454e+19 1.2311e+19 1.5562e-01 6.6921e-02 3.7892e+04 1.2940e+04
1.7600e+03 1.0421e-11 5.3263e-01 2.2525e+03 3.6662e+03 3.9548e+03 1.0327e+18 2.4702e+19 1.2430e+19 1.5507e-01 6.6706e-02 3.8006e+04 1.2978e+04
1.7700e+03 1.0381e-11 5.3245e-01 2.2516e+03 3.6643e+03 3.9528e+03 1.0407e+18 2.4951e+19 1.2551e+19 1.5453e-01 6.6492e-02 3.8120e+04 1.3015e+04
1.7800e+03 1.0342e-11 5.3227e-01 2.2506e+03 3.6624e+03 3.9507e+03 1.0488e+18 2.5202e+19 1.2672e+19 1.5399e-01 6.6280e-02 3.8234e+04 1.3052e+04
1.7900e+03 1.0302e-11 5.3209e-01 2.2496e+03 3.6604e+03 3.9487e+03 1.0570e+18 2.5455e+19 1.2793e+19 1.5346e-01 6.6069e-02 3.8348e+04 1.3090e+04
1.8000e+03 1.0263e-11 5.3192e-01 2.2486e+03 3.6585e+03 3.9467e+03 1.0651e+18 2.5710e+19 1.2916e+19 1.5293e-01 6.5860e-02 3.8462e+04 1.3127e+04
1.8100e+03 1.0224e-11 5.3174e-01 2.2477e+03 3.6566e+03 3.9447e+03 1.0734e+18 2.5968e+19 1.3040e+19 1.5240e-01 6.5652e-02 3.8576e+04 1.3165e+04
1.8200e+03 1.0186e-11 5.3157e-01 2.2467e+03 3.6547e+03 3.9427e+03 1.0817e+18 2.6227e+19 1.3164e+19 1.5187e-01 6.5445e-02 3.8691e+04 1.3202e+04
1.8300e+03 1.0147e-11 5.3139e-01 2.2457e+03 3.6528e+03 3.9407e+03 1.0900e+18 2.6488e+19 1.3290e+19 1.5135e-01 6.5239e-02 3.8805e+04 1.3240e+04
1.8400e+03 1.0109e-11 5.3122e-01 2.2448e+03 3.6509e+03 3.9387e+03 1.0984e+18 2.6752e+19 1.3416e+19 1.5083e-01 6.5034e-02 3.8920e+04 1.3278e+04
1.8500e+03 1.0071e-11 5.3105e-01 2.2438e+03 3.6490e+03 3.9368e+03 1.1068e+18 2.7017e+19 1.3544e+19 1.5031e-01 6.4831e-02 3.9034e+04 1.3315e+04
1.8600e+03 1.0033e-11 5.3088e-01 2.2428e+03 3.6471e+03 3.9348e+03 1.1153e+18 2.7285e+19 1.3672e+19 1.4980e-01 6.4629e-02 3.9149e+04 1.3353e+04
1.8700e+03 9.9960e-12 5.3070e-01 2.2419e+03 3.6453e+03 3.9328e+03 1.1238e+18 2.7555e+19 1.3801e+19 1.4929e-01 6.4428e-02 3.9264e+04 1.3390e+04
1.8800e+03 9.9588e-12 5.3053e-01 2.2409e+03 3.6434e+03 3.9309e+03 1.1324e+18 2.7826e+19 1.3931e+19 1.4878e-01 6.4228e-02 3.9379e+04 1.3428e+04
1.8900e+03 9.9219e-12 5.3037e-01 2.2400e+03 3.6415e+03 3.9289e+03 1.1410e+18 2.8100e+19 1.4063e+19 1.4828e-01 6.4030e-02 3.9494e+04 1.3466e+04
1.9000e+03 9.8851e-12 5.3020e-01 2.2390e+03 3.6397e+03 3.9270e+03 1.1497e+18 2.8377e+19 1.4195e+19 1.4777e-01 6.3832e-02 3.9609e+04 1.3503e+04
1.9100e+03 9.8486e-12 5.3003e-01 2.2381e+03 3.6378e+03 3.9250e+03 1.1584e+18 2.8655e+19 1.4328e+19 1.4727e-01 6.3636e-02 3.9724e+04 1.3541e+04
1.9200e+03 9.8123e-12 5.2987e-01 2.2372e+03 3.6359e+03 3.9231e+03 1.1672e+18 2.8935e+19 1.4462e+19 1.4678e-01 6.3441e-02 3.9839e+04 1.3579e+04
1.9300e+03 9.7763e-12 5.2970e-01 2.2362e+03 3.6341e+03 3.9212e+03 1.1760e+18 2.9218e+19 1.4597e+19 1.4628e-01 6.3247e-02 3.9954e+04 1.3616e+04
1.9400e+03 9.7404e-12 5.2954e-01 2.2353e+03 3.6323e+03 3.9192e+03 1.1849e+18 2.9503e+19 1.4733e+19 1.4579e-01 6.3054e-02 4.0070e+04 1.3654e+04
1.9500e+03 9.7048e-12 5.2937e-01 2.2344e+03 3.6304e+03 3.9173e+03 1.1938e+18 2.9790e+19 1.4870e+19 1.4530e-01 6.2862e-02 4.0185e+04 1.3692e+04
1.9600e+03 9.6694e-12 5.2921e-01 2.2334e+03 3.6286e+03 3.9154e+03 1.2028e+18 3.0079e+19 1.5008e+19 1.4482e-01 6.2671e-02 4.0301e+04 1.3730e+04
1.9700e+03 9.6342e-12 5.2905e-01 2.2325e+03 3.6268e+03 3.9135e+03 1.2118e+18 3.0370e+19 1.5147e+19 1.4434e-01 6.2482e-02 4.0416e+04 1.3768e+04
1.9800e+03 9.5992e-12 5.2889e-01 2.2316e+03 3.6249e+03 3.9116e+03 1.2209e+18 3.0664e+19 1.5286e+19 1.4386e-01 6.2293e-02 4.0532e+04 1.3806e+04
1.9900e+03 9.5645e-12 5.2873e-01 2.2307e+03 3.6231e+03 3.9097e+03 1.2300e+18 3.0960e+19 1.5427e+19 1.4338e-01 6.2105e-02 4.0648e+04 1.3843e+04
2.0000e+03 9.5299e-12 5.2857e-01 2.2297e+03 3.6213e+03 3.9078e+03 1.2392e+18 3.1258e+19 1.5569e+19 1.4290e-01 6.1919e-02 4.0763e+04 1.3881e+04
2.0100e+03 9.4956e-12 5.2841e-01 2.2288e+03 3.6195e+03 3.9059e+03 1.2485e+18 3.1558e+19 1.5712e+19 1.4243e-01 6.1733e-02 4.0879e+04 1.3919e+04
2.0200e+03 9.4615e-12 5.2825e-01 2.2279e+03 3.6177e+03 3.9041e+03 1.2577e+18 3.1861e+19 1.5856e+19 1.4196e-01 6.1549e-02 4.0995e+04 1.3957e+04
2.0300e+03 9.4276e-12 5.2810e-01 2.2270e+03 3.6159e+03 3.9022e+03 1.2671e+18 3.2166e+19 1.6001e+19 1.4149e-01 6.1366e-02 4.1111e+04 1.3995e+04
2.0400e+03 9.3939e-12 5.2794e-01 2.2261e+03 3.6141e+03 3.9003e+03 1.2765e+18 3.2474e+19 1.6147e+19 1.4103e-01 6.1183e-02 4.1227e+04 1.4033e+04
2.0500e+03 9.3604e-12 5.2779e-01 2.2252e+03 3.6123e+03 3.8985e+03 1.2859e+18 3.2783e+19 1.6294e+19 1.4057e-01 6.1002e-02 4.1344e+04 1.4071e+04
2.0600e+03 9.3271e-12 5.2764e-01 2.2243e+03 3.6106e+03 3.8966e+03 1.2954e+18 3.3095e+19 1.6442e+19 1.4011e-01 6.0821e-02 4.1460e+04 1.4109e+04
2.0700e+03 9.2940e-12 5.2748e-01 2.2234e+03 3.6088e+03 3.8947e+03 1.3050e+18 3.3410e+19 1.6591e+19 1.3965e-01 6.0642e-02 4.1576e+04 1.4147e+04
2.0800e+03 9.2611e-12 5.2733e-01 2.2225e+03 3.6070e+03 3.8929e+03 1.3146e+18 3.3726e+19 1.6742e+19 1.3920e-01 6.0463e-02 4.1692e+04 1.4185e+04
2.0900e+03 9.2284e-12 5.2718e-01 2.2216e+03 3.6052e+03 3.8911e+03 1.3242e+18 3.4045e+19 1.6893e+19 1.3875e-01 6.0285e-02 4.1809e+04 1.4223e+04
2.1000e+03 9.1959e-12 5.2703e-01 2.2207e+03 3.6035e+03 3.8892e+03 1.3340e+18 3.4367e+19 1.7045e+19 1.3830e-01 6.0109e-02 4.1925e+04 1.4262e+04
2.1100e+03 9.1636e-12 5.2688e-01 2.2198e+03 3.6017e+03 3.8874e+03 1.3437e+18 3.4691e+19 1.7198e+19 1.3785e-01 5.9933e-02 4.2042e+04 1.4300e+04
2.1200e+03 9.1315e-12 5.2673e-01 2.2189e+03 3.6000e+03 3.8856e+03 1.3535e+18 3.5017e+19 1.7353e+19 1.3740e-01 5.9758e-02 4.2159e+04 1.4338e+04
2.1300e+03 9.0995e-12 5.2659e-01 2.2180e+03 3.5982e+03 3.8838e+03 1.3634e+18 3.5346e+19 1.7508e+19 1.3696e-01 5.9584e-02 4.2275e+04 1.4376e+04
2.1400e+03 9.0678e-12 5.2644e-01 2.2172e+03 3.5965e+03 3.8819e+03 1.3734e+18 3.5677e+19 1.7665e+19 1.3652e-01 5.9411e-02 4.2392e+04 1.4414e+04
2.1500e+03 9.0363e-12 5.2629e-01 2.2163e+03 3.5948e+03 3.8801e+03 1.3833e+18 3.6011e+19 1.7823e+19 1.3609e-01 5.9239e-02 4.2509e+04 1.4453e+04
2.1600e+03 9.0049e-12 5.2615e-01 2.2154e+03 3.5930e+03 3.8783e+03 1.3934e+18 3.6347e+19 1.7981e+19 1.3565e-01 5.9068e-02 4.2626e+04 1.4491e+04
2.1700e+03 8.9738e-12 5.2601e-01 2.2145e+03 3.5913e+03 3.8765e+03 1.4035e+18 3.6685e+19 1.8141e+19 1.3522e-01 5.8898e-02 4.2743e+04 1.4529e+04
2.1800e+03 8.9428e-12 5.2586e-01 2.2137e+03 3.5896e+03 3.8748e+03 1.4136e+18 3.7026e+19 1.8302e+19 1.3479e-01 5.8728e-02 4.2860e+04 1.4567e+04
2.1900e+03 8.9120e-12 5.2572e-01 2.2128e+03 3.5879e+03 3.8730e+03 1.4238e+18 3.7370e+19 1.8464e+19 1.3436e-01 5.8560e-02 4.2977e+04 1.4606e+04
2.2000e+03 8.8814e-12 5.2558e-01 2.2119e+03 3.5862e+03 3.8712e+03 1.4341e+18 3.7716e+19 1.8627e+19 1.3394e-01 5.8392e-02 4.3094e+04 1.4644e+04
2.2100e+03 8.8510e-12 5.2544e-01 2.2111e+03 3.5844e+03 3.8694e+03 1.4444e+18 3.8065e+19 1.8792e+19 1.3351e-01 5.8225e-02 4.3211e+04 1.4682e+04
2.2200e+03 8.8207e-12 5.2530e-01 2.2102e+03 3.5827e+03 3.8676e+03 1.4548e+18 3.8416e+19 1.8957e+19 1.3309e-01 5.8059e-02 4.3328e+04 1.4721e+04
2.2300e+03 8.7907e-12 5.2516e-01 2.2093e+03 3.5810e+03 3.8659e+03 1.4652e+18 3.8770e+19 1.9124e+19 1.3267e-01 5.7894e-02 4.3446e+04 1.4759e+04
2.2400e+03 8.7608e-12 5.2503e-01 2.2085e+03 3.5794e+03 3.8641e+03 1.4757e+18 3.9126e+19 1.9291e+19 1.3226e-01 5.7730e-02 4.3563e+04 1.4798e+04
2.2500e+03 8.7311e-12 5.2489e-01 2.2076e+03 3.5777e+03 3.8624e+03 1.4862e+18 3.9485e+19 1.9460e+19 1.3184e-01 5.7566e-02 4.3680e+04 1.4836e+04
2.2600e+03 8.7016e-12 5.2475e-01 2.2068e+03 3.5760e+03 3.8606e+03 1.4968e+18 3.9846e+19 1.9630e+19 1.3143e-01 5.7403e-02 4.3798e+04 1.4875e+04
2.2700e+03 8.6722e-12 5.2462e-01 2.2059e+03 3.5743e+03 3.8589e+03 1.5075e+18 4.0210e+19 1.9801e+19 1.3102e-01 5.7242e-02 4.3916e+04 1.4913e+04
2.2800e+03 8.6430e-12 5.2449e-01 2.2051e+03 3.5726e+03 3.8571e+03 1.5182e+18 4.0577e+19 1.9974e+19 1.3061e-01 5.7081e-02 4.4033e+04 1.4952e+04
2.2900e+03 8.6140e-12 5.2435e-01 2.2042e+03 3.5710e+03 3.8554e+03 1.5289e+18 4.0946e+19 2.0147e+19 1.3021e-01 5.6920e-02 4.4151e+04 1.4990e+04
2.3000e+03 8.5852e-12 5.2422e-01 2.2034e+03 3.5693e+03 3.8536e+03 1.5398e+18 4.1319e+19 2.0322e+19 1.2980e-01 5.6761e-02 4.4269e+04 1.5029e+04
2.3100e+03 8.5565e-12 5.2409e-01 2.2026e+03 3.5676e+03 3.8519e+03 1.5506e+18 4.1693e+19 2.0498e+19 1.2940e-01 5.6602e-02 4.4386e+04 1.5067e+04
2.3200e+03 8.5280e-12 5.2396e-01 2.2017e+03 3.5660e+03 3.8502e+03 1.5616e+18 4.2071e+19 2.0675e+19 1.2900e-01 5.6444e-02 4.4504e+04 1.5106e+04
2.3300e+03 8.4997e-12 5.2383e-01 2.2009e+03 3.5643e+03 3.8485e+03 1.5726e+18 4.2451e+19 2.0853e+19 1.2861e-01 5.6287e-02 4.4622e+04 1.5145e+04
2.3400e+03 8.4715e-12 5.2370e-01 2.2001e+03 3.5627e+03 3.8468e+03 1.5836e+18 4.2833e+19 2.1032e+19 1.2821e-01 5.6131e-02 4.4740e+04 1.5183e+04
2.3500e+03 8.4435e-12 5.2358e-01 2.1992e+03 3.5610e+03 3.8451e+03 1.5947e+18 4.3219e+19 2.1213e+19 1.2782e-01 5.5975e-02 4.4858e+04 1.5222e+04
2.3600e+03 8.4156e-12 5.2345e-01 2.1984e+03 3.5594e+03 3.8434e+03 1.6059e+18 4.3607e+19 2.1395e+19 1.2743e-01 5.5820e-02 4.4976e+04 1.5261e+04
2.3700e+03 8.3880e-12 5.2332e-01 2.1976e+03 3.5578e+03 3.8417e+03 1.6171e+18 4.3998e+19 2.1578e+19 1.2704e-01 5.5666e-02 4.5094e+04 1.5300e+04
2.3800e+03 8.3604e-12 5.2320e-01 2.1968e+03 3.5561e+03 3.8400e+03 1.6284e+18 4.4392e+19 2.1762e+19 1.2665e-01 5.5513e-02 4.5212e+04 1.5338e+04
2.3900e+03 8.3331e-12 5.2307e-01 2.1959e+03 3.5545e+03 3.8383e+03 1.6398e+18 4.4788e+19 2.1947e+19 1.2627e-01 5.5360e-02 4.5331e+04 1.5377e+04
2.4000e+03 8.3059e-12 5.2295e-01 2.1951e+03 3.5529e+03 3.8366e+03 1.6512e+18 4.5188e+19 2.2134e+19 1.2589e-01 5.5208e-02 4.5449e+04 1.5416e+04
2.4100e+03 8.2788e-12 5.2283e-01 2.1943e+03 3.5513e+03 3.8349e+03 1.6626e+18 4.5590e+19 2.2322e+19 1.2551e-01 5.5057e-02 4.5567e+04 1.5455e+04
2.4200e+03 8.2519e-12 5.2271e-01 2.1935e+03 3.5497e+03 3.8332e+03 1.6742e+18 4.5995e+19 2.2511e+19 1.2513e-01 5.4907e-02 4.5685e+04 1.5494e+04
2.4300e+03 8.2252e-12 5.2259e-01 2.1927e+03 3.5481e+03 3.8316e+03 1.6857e+18 4.6403e+19 2.2701e+19 1.2475e-01 5.4757e-02 4.5804e+04 1.5533e+04
2.4400e+03 8.1986e-12 5.2247e-01 2.1919e+03 3.5465e+03 3.8299e+03 1.6974e+18 4.6813e+19 2.2893e+19 1.2438e-01 5.4608e-02 4.5922e+04 1.5571e+04
2.4500e+03 8.1722e-12 5.2235e-01 2.1911e+03 3.5449e+03 3.8282e+03 1.7091e+18 4.7227e+19 2.3086e+19 1.2400e-01 5.4459e-02 4.6041e+04 1.5610e+04
2.4600e+03 8.1459e-12 5.2223e-01 2.1903e+03 3.5433e+03 3.8266e+03 1.7209e+18 4.7643e+19 2.3280e+19 1.2363e-01 5.4312e-02 4.6159e+04 1.5649e+04
2.4700e+03 8.1198e-12 5.2212e-01 2.1895e+03 3.5417e+03 3.8249e+03 1.7327e+18 4.8062e+19 2.3476e+19 1.2326e-01 5.4165e-02 4.6278e+04 1.5688e+04
2.4800e+03 8.0939e-12 5.2200e-01 2.1887e+03 3.5401e+03 3.8233e+03 1.7446e+18 4.8485e+19 2.3672e+19 1.2290e-01 5.4019e-02 4.6397e+04 1.5727e+04
2.4900e+03 8.0680e-12 5.2189e-01 2.1879e+03 3.5385e+03 3.8216e+03 1.7565e+18 4.8910e+19 2.3870e+19 1.2253e-01 5.3873e-02 4.6516e+04 1.5766e+04
2.5000e+03 8.0424e-12 5.2177e-01 2.1871e+03 3.5369e+03 3.8200e+03 1.7685e+18 4.9338e+19 2.4069e+19 1.2217e-01 5.3728e-02 4.6634e+04 1.5805e+04
2.5100e+03 8.0168e-12 5.2166e-01 2.1863e+03 3.5354e+03 3.8184e+03 1.7806e+18 4.9769e+19 2.4270e+19 1.2181e-01 5.3584e-02 4.6753e+04 1.5844e+04
2.5200e+03 7.9914e-12 5.2155e-01 2.1855e+03 3.5338e+03 3.8167e+03 1.7927e+18 5.0203e+19 2.4472e+19 1.2145e-01 5.3440e-02 4.6872e+04 1.5884e+04
2.5300e+03 7.9662e-12 5.2143e-01 2.1847e+03 3.5322e+03 3.8151e+03 1.8049e+18 5.0640e+19 2.4675e+19 1.2109e-01 5.3298e-02 4.6991e+04 1.5923e+04
2.5400e+03 7.9411e-12 5.2132e-01 2.1839e+03 3.5307e+03 3.8135e+03 1.8172e+18 5.1080e+19 2.4880e+19 1.2073e-01 5.3155e-02 4.7110e+04 1.5962e+04
2.5500e+03 7.9162e-12 5.2121e-01 2.1831e+03 3.5291e+03 3.8119e+03 1.8295e+18 5.1522e+19 2.5085e+19 1.2038e-01 5.3014e-02 4.7229e+04 1.6001e+04
2.5600e+03 7.8914e-12 5.2111e-01 2.1823e+03 3.5276e+03 3.8103e+03 1.8418e+18 5.1968e+19 2.5292e+19 1.2003e-01 5.2873e-02 4.7348e+04 1.6040e+04
2.5700e+03 7.8667e-12 5.2100e-01 2.1816e+03 3.5260e+03 3.8087e+03 1.8543e+18 5.2417e+19 2.5501e+19 1.1968e-01 5.2733e-02 4.7467e+04 1.6079e+04
2.5800e+03 7.8422e-12 5.2089e-01 2.1808e+03 3.5245e+03 3.8071e+03 1.8668e+18 5.2869e+19 2.5711e+19 1.1933e-01 5.2593e-02 4.7586e+04 1.6119e+04
2.5900e+03 7.8178e-12 5.2078e-01 2.1800e+03 3.5229e+03 3.8055e+03 1.8794e+18 5.3325e+19 2.5922e+19 1.1898e-01 5.2454e-02 4.7705e+04 1.6158e+04
2.6000e+03 7.7935e-12 5.2068e-01 2.1792e+03 3.5214e+03 3.8039e+03 1.8920e+18 5.3783e+19 2.6134e+19 1.1864e-01 5.2316e-02 4.7825e+04 1.6197e+04
2.6100e+03 7.7694e-12 5.2058e-01 2.1785e+03 3.5199e+03 3.8023e+03 1.9047e+18 5.4244e+19 2.6348e+19 1.1829e-01 5.2178e-02 4.7944e+04 1.6236e+04
2.6200e+03 7.7454e-12 5.2047e-01 2.1777e+03 3.5183e+03 3.8007e+03 1.9174e+18 5.4708e+19 2.6563e+19 1.1795e-01 5.2041e-02 4.8063e+04 1.6276e+04
2.6300e+03 7.7216e-12 5.2037e-01 2.1769e+03 3.5168e+03 3.7991e+03 1.9302e+18 5.5176e+19 2.6780e+19 1.1761e-01 5.1904e-02 4.8182e+04 1.6315e+04
2.6400e+03 7.6979e-12 5.2027e-01 2.1762e+03 3.5153e+03 3.7975e+03 1.9431e+18 5.5647e+19 2.6998e+19 1.1727e-01 5.1768e-02 4.8302e+04 1.6354e+04
2.6500e+03 7.6743e-12 5.2017e-01 2.1754e+03 3.5138e+03 3.7959e+03 1.9561e+18 5.6120e+19 2.7217e+19 1.1694e-01 5.1633e-02 4.8421e+04 1.6394e+04
2.6600e+03 7.6508e-12 5.2007e-01 2.1746e+03 3.5123e+03 3.7944e+03 1.9691e+18 5.6597e+19 2.7438e+19 1.1660e-01 5.1498e-02 4.8541e+04 1.6433e+04
2.6700e+03 7.6275e-12 5.1997e-01 2.1739e+03 3.5108e+03 3.7928e+03 1.9821e+18 5.7078e+19 2.7660e+19 1.1627e-01 5.1364e-02 4.8660e+04 1.6473e+04
2.6800e+03 7.6043e-12 5.1987e-01 2.1731e+03 3.5093e+03 3.7912e+03 1.9953e+18 5.7561e+19 2.7883e+19 1.1594e-01 5.1231e-02 4.8780e+04 1.6512e+04
2.6900e+03 7.5813e-12 5.1977e-01 2.1724e+03 3.5078e+03 3.7897e+03 2.0085e+18 5.8047e+19 2.8108e+19 1.1561e-01 5.1098e-02 4.8899e+04 1.6552e+04
2.7000e+03 7.5584e-12 5.1968e-01 2.1716e+03 3.5063e+03 3.7881e+03 2.0218e+18 5.8537e+19 2.8335e+19 1.1528e-01 5.0966e-02 4.9019e+04 1.6591e+04
2.7100e+03 7.5356e-12 5.1958e-01 2.1709e+03 3.5048e+03 3.7866e+03 2.0351e+18 5.9030e+19 2.8562e+19 1.1495e-01 5.0834e-02 4.9139e+04 1.6631e+04
2.7200e+03 7.5129e-12 5.1949e-01 2.1701e+03 3.5033e+03 3.7850e+03 2.0485e+18 5.9527e+19 2.8791e+19 1.1463e-01 5.0703e-02 4.9259e+04 1.6670e+04
2.7300e+03 7.4903e-12 5.1939e-01 2.1694e+03 3.5018e+03 3.7835e+03 2.0619e+18 6.0026e+19 2.9022e+19 1.1430e-01 5.0572e-02 4.9378e+04 1.6710e+04
2.7400e+03 7.4679e-12 5.1930e-01 2.1686e+03 3.5003e+03 3.7820e+03 2.0755e+18 6.0529e+19 2.9254e+19 1.1398e-01 5.0442e-02 4.9498e+04 1.6749e+04
2.7500e+03 7.4456e-12 5.1921e-01 2.1679e+03 3.4989e+03 3.7804e+03 2.0891e+18 6.1035e+19 2.9487e+19 1.1366e-01 5.0313e-02 4.9618e+04 1.6789e+04
2.7600e+03 7.4234e-12 5.1912e-01 2.1671e+03 3.4974e+03 3.7789e+03 2.1027e+18 6.1545e+19 2.9722e+19 1.1334e-01 5.0184e-02 4.9738e+04 1.6828e+04
2.7700e+03 7.4014e-12 5.1903e-01 2.1664e+03 3.4959e+03 3.7774e+03 2.1165e+18 6.2058e+19 2.9959e+19 1.1303e-01 5.0056e-02 4.9858e+04 1.6868e+04
2.7800e+03 7.3795e-12 5.1894e-01 2.1657e+03 3.4945e+03 3.7758e+03 2.1302e+18 6.2574e+19 3.0197e+19 1.1271e-01 4.9928e-02 4.9978e+04 1.6908e+04
2.7900e+03 7.3576e-12 5.1885e-01 2.1649e+03 3.4930e+03 3.7743e+03 2.1441e+18 6.3094e+19 3.0436e+19 1.1240e-01 4.9801e-02 5.0098e+04 1.6947e+04
2.8000e+03 7.3360e-12 5.1876e-01 2.1642e+03 3.4915e+03 3.7728e+03 2.1580e+18 6.3617e+19 3.0677e+19 1.1208e-01 4.9674e-02 5.0218e+04 1.6987e+04
2.8100e+03 7.3144e-12 5.1867e-01 2.1635e+03 3.4901e+03 3.7713e+03 2.1720e+18 6.4143e+19 3.0919e+19 1.1177e-01 4.9548e-02 5.0338e+04 1.7027e+04
2.8200e+03 7.2929e-12 5.1859e-01 2.1627e+03 3.4886e+03 3.7698e+03 2.1861e+18 6.4673e+19 3.1162e+19 1.1146e-01 4.9423e-02 5.0458e+04 1.7067e+04
2.8300e+03 7.2716e-12 5.1850e-01 2.1620e+03 3.4872e+03 3.7683e+03 2.2002e+18 6.5206e+19 3.1408e+19 1.1116e-01 4.9298e-02 5.0578e+04 1.7107e+04
2.8400e+03 7.2504e-12 5.1842e-01 2.1613e+03 3.4857e+03 3.7668e+03 2.2144e+18 6.5743e+19 3.1654e+19 1.1085e-01 4.9173e-02 5.0698e+04 1.7146e+04
2.8500e+03 7.2293e-12 5.1834e-01 2.1606e+03 3.4843e+03 3.7653e+03 2.2287e+18 6.6283e+19 3.1903e+19 1.1054e-01 4.9049e-02 5.0818e+04 1.7186e+04
2.8600e+03 7.2083e-12 5.1825e-01 2.1598e+03 3.4829e+03 3.7638e+03 2.2430e+18 6.6826e+19 3.2152e+19 1.1024e-01 4.8926e-02 5.0939e+04 1.7226e+04
2.8700e+03 7.1874e-12 5.1817e-01 2.1591e+03 3.4814e+03 3.7623e+03 2.2574e+18 6.7374e+19 3.2404e+19 1.0994e-01 4.8803e-02 5.1059e+04 1.7266e+04
2.8800e+03 7.1666e-12 5.1809e-01 2.1584e+03 3.4800e+03 3.7608e+03 2.2719e+18 6.7924e+19 3.2656e+19 1.0964e-01 4.8681e-02 5.1179e+04 1.7306e+04
2.8900e+03 7.1460e-12 5.1801e-01 2.1577e+03 3.4786e+03 3.7593e+03 2.2864e+18 6.8478e+19 3.2911e+19 1.0934e-01 4.8559e-02 5.1300e+04 1.7346e+04
2.9000e+03 7.1254e-12 5.1793e-01 2.1570e+03 3.4772e+03 3.7579e+03 2.3010e+18 6.9036e+19 3.3166e+19 1.0904e-01 4.8438e-02 5.1420e+04 1.7386e+04
2.9100e+03 7.1050e-12 5.1785e-01 2.1563e+03 3.4757e+03 3.7564e+03 2.3157e+18 6.9597e+19 3.3424e+19 1.0875e-01 4.8317e-02 5.1540e+04 1.7426e+04
2.9200e+03 7.0847e-12 5.1778e-01 2.1556e+03 3.4743e+03 3.7549e+03 2.3304e+18 7.0162e+19 3.3683e+19 1.0845e-01 4.8197e-02 5.1661e+04 1.7466e+04
2.9300e+03 7.0645e-12 5.1770e-01 2.1548e+03 3.4729e+03 3.7535e+03 2.3452e+18 7.0731e+19 3.3943e+19 1.0816e-01 4.8077e-02 5.1781e+04 1.7506e+04
2.9400e+03 7.0444e-12 5.1762e-01 2.1541e+03 3.4715e+03 3.7520e+03 2.3601e+18 7.1303e+19 3.4205e+19 1.0787e-01 4.7958e-02 5.1902e+04 1.7546e+04
2.9500e+03 7.0244e-12 5.1755e-01 2.1534e+03 3.4701e+03 3.7505e+03 2.3751e+18 7.1878e+19 3.4469e+19 1.0757e-01 4.7839e-02 5.2022e+04 1.7586e+04
2.9600e+03 7.0045e-12 5.1747e-01 2.1527e+03 3.4687e+03 3.7491e+03 2.3901e+18 7.2458e+19 3.4734e+19 1.0729e-01 4.7721e-02 5.2143e+04 1.7626e+04
2.9700e+03 6.9847e-12 5.1740e-01 2.1520e+03 3.4673e+03 3.7476e+03 2.4052e+18 7.3041e+19 3.5001e+19 1.0700e-01 4.7603e-02 5.2264e+04 1.7666e+04
2.9800e+03 6.9651e-12 5.1733e-01 2.1513e+03 3.4659e+03 3.7462e+03 2.4204e+18 7.3627e+19 3.5269e+19 1.0671e-01 4.7486e-02 5.2384e+04 1.7706e+04
2.9900e+03 6.9455e-12 5.1726e-01 2.1506e+03 3.4645e+03 3.7447e+03 2.4356e+18 7.4218e+19 3.5539e+19 1.0643e-01 4.7369e-02 5.2505e+04 1.7746e+04
3.0000e+03 6.9260e-12 5.1719e-01 2.1499e+03 3.4632e+03 3.7433e+03 2.4509e+18 7.4812e+19 3.5811e+19 1.0614e-01 4.7252e-02 5.2626e+04 1.7786e+04
3.0100e+03 6.9067e-12 5.1712e-01 2.1493e+03 3.4618e+03 3.7419e+03 2.4663e+18 7.5409e+19 3.6084e+19 1.0586e-01 4.7137e-02 5.2746e+04 1.7826e+04
3.0200e+03 6.8874e-12 5.1705e-01 2.1486e+03 3.4604e+03 3.7404e+03 2.4817e+18 7.6011e+19 3.6359e+19 1.0558e-01 4.7021e-02 5.2867e+04 1.7867e+04
3.0300e+03 6.8682e-12 5.1698e-01 2.1479e+03 3.4590e+03 3.7390e+03 2.4972e+18 7.6616e+19 3.6635e+19 1.0530e-01 4.6906e-02 5.2988e+04 1.7907e+04
3.0400e+03 6.8492e-12 5.1691e-01 2.1472e+03 3.4576e+03 3.7376e+03 2.5128e+18 7.7225e+19 3.6913e+19 1.0502e-01 4.6792e-02 5.3109e+04 1.7947e+04
3.0500e+03 6.8302e-12 5.1684e-01 2.1465e+03 3.4563e+03 3.7361e+03 2.5285e+18 7.7838e+19 3.7193e+19 1.0474e-01 4.6678e-02 5.3230e+04 1.7987e+04
3.0600e+03 6.8114e-12 5.1678e-01 2.1458e+03 3.4549e+03 3.7347e+03 2.5442e+18 7.8454e+19 3.7475e+19 1.0447e-01 4.6565e-02 5.3350e+04 1.8028e+04
3.0700e+03 6.7926e-12 5.1671e-01 2.1451e+03 3.4536e+03 3.7333e+03 2.5600e+18 7.9075e+19 3.7758e+19 1.0419e-01 4.6452e-02 5.3471e+04 1.8068e+04
3.0800e+03 6.7740e-12 5.1665e-01 2.1444e+03 3.4522e+03 3.7319e+03 2.5759e+18 7.9699e+19 3.8042e+19 1.0392e-01 4.6339e-02 5.3592e+04 1.8108e+04
3.0900e+03 6.7554e-12 5.1658e-01 2.1438e+03 3.4508e+03 3.7305e+03 2.5918e+18 8.0327e+19 3.8329e+19 1.0365e-01 4.6227e-02 5.3713e+04 1.8149e+04
3.1000e+03 6.7370e-12 5.1652e-01 2.1431e+03 3.4495e+03 3.7291e+03 2.6079e+18 8.0959e+19 3.8617e+19 1.0338e-01 4.6115e-02 5.3834e+04 1.8189e+04
3.1100e+03 6.7186e-12 5.1646e-01 2.1424e+03 3.4481e+03 3.7277e+03 2.6240e+18 8.1595e+19 3.8906e+19 1.0311e-01 4.6004e-02 5.3955e+04 1.8229e+04
3.1200e+03 6.7003e-12 5.1640e-01 2.1417e+03 3.4468e+03 3.7263e+03 2.6401e+18 8.2235e+19 3.9198e+19 1.0284e-01 4.5893e-02 5.4076e+04 1.8270e+04
3.1300e+03 6.6822e-12 5.1634e-01 2.1411e+03 3.4455e+03 3.7249e+03 2.6564e+18 8.2879e+19 3.9491e+19 1.0257e-01 4.5783e-02 5.4197e+04 1.8310e+04
3.1400e+03 6.6641e-12 5.1628e-01 2.1404e+03 3.4441e+03 3.7235e+03 2.6727e+18 8.3526e+19 3.9785e+19 1.0231e-01 4.5673e-02 5.4318e+04 1.8351e+04
3.1500e+03 6.6461e-12 5.1622e-01 2.1397e+03 3.4428e+03 3.7221e+03 2.6891e+18 8.4178e+19 4.0082e+19 1.0204e-01 4.5564e-02 5.4440e+04 1.8391e+04
3.1600e+03 6.6282e-12 5.1616e-01 2.1391e+03 3.4414e+03 3.7207e+03 2.7055e+18 8.4833e+19 4.0380e+19 1.0178e-01 4.5455e-02 5.4561e+04 1.8432e+04
3.1700e+03 6.6104e-12 5.1611e-01 2.1384e+03 3.4401e+03 3.7193e+03 2.7221e+18 8.5493e+19 4.0680e+19 1.0152e-01 4.5346e-02 5.4682e+04 1.8472e+04
3.1800e+03 6.5927e-12 5.1605e-01 2.1377e+03 3.4388e+03 3.7180e+03 2.7387e+18 8.6156e+19 4.0982e+19 1.0126e-01 4.5238e-02 5.4803e+04 1.8513e+04
3.1900e+03 6.5751e-12 5.1599e-01 2.1371e+03 3.4375e+03 3.7166e+03 2.7554e+18 8.6824e+19 4.1285e+19 1.0100e-01 4.5131e-02 5.4924e+04 1.8553e+04
3.2000e+03 6.5576e-12 5.1594e-01 2.1364e+03 3.4362e+03 3.7152e+03 2.7721e+18 8.7496e+19 4.1590e+19 1.0074e-01 4.5024e-02 5.5045e+04 1.8594e+04
3.2100e+03 6.5402e-12 5.1588e-01 2.1358e+03 3.4348e+03 3.7138e+03 2.7890e+18 8.8171e+19 4.1897e+19 1.0048e-01 4.4917e-02 5.5167e+04 1.8634e+04
3.2200e+03 6.5228e-12 5.1583e-01 2.1351e+03 3.4335e+03 3.7125e+03 2.8059e+18 8.8851e+19 4.2206e+19 1.0023e-01 4.4810e-02 5.5288e+04 1.8675e+04
3.2300e+03 6.5056e-12 5.1578e-01 2.1344e+03 3.4322e+03 3.7111e+03 2.8229e+18 8.9535e+19 4.2516e+19 9.9971e-02 4.4705e-02 5.5409e+04 1.8716e+04
3.2400e+03 6.4884e-12 5.1573e-01 2.1338e+03 3.4309e+03 3.7097e+03 2.8399e+18 9.0223e+19 4.2828e+19 9.9718e-02 4.4599e-02 5.5531e+04 1.8756e+04
3.2500e+03 6.4713e-12 5.1568e-01 2.1331e+03 3.4296e+03 3.7084e+03 2.8571e+18 9.0915e+19 4.3142e+19 9.9465e-02 4.4494e-02 5.5652e+04 1.8797e+04
3.2600e+03 6.4544e-12 5.1563e-01 2.1325e+03 3.4283e+03 3.7070e+03 2.8743e+18 9.1611e+19 4.3458e+19 9.9214e-02 4.4389e-02 5.5773e+04 1.8838e+04
3.2700e+03 6.4375e-12 5.1558e-01 2.1318e+03 3.4270e+03 3.7057e+03 2.8916e+18 9.2311e+19 4.3775e+19 9.8963e-02 4.4285e-02 5.5895e+04 1.8879e+04
3.2800e+03 6.4206e-12 5.1553e-01 2.1312e+03 3.4257e+03 3.7043e+03 2.9089e+18 9.3016e+19 4.4095e+19 9.8714e-02 4.4181e-02 5.6016e+04 1.8919e+04
3.2900e+03 6.4039e-12 5.1548e-01 2.1306e+03 3.4244e+03 3.7030e+03 2.9264e+18 9.3725e+19 4.4416e+19 9.8466e-02 4.4078e-02 5.6138e+04 1.8960e+04
3.3000e+03 6.3873e-12 5.1543e-01 2.1299e+03 3.4231e+03 3.7017e+03 2.9439e+18 9.4438e+19 4.4739e+19 9.8219e-02 4.3975e-02 5.6259e+04 1.9001e+04
3.3100e+03 6.3707e-12 5.1539e-01 2.1293e+03 3.4219e+03 3.7003e+03 2.9615e+18 9.5155e+19 4.5064e+19 9.7974e-02 4.3872e-02 5.6381e+04 1.9042e+04
3.3200e+03 6.3542e-12 5.1534e-01 2.1286e+03 3.4206e+03 3.6990e+03 2.9792e+18 9.5876e+19 4.5390e+19 9.7729e-02 4.3770e-02 5.6502e+04 1.9082e+04
3.3300e+03 6.3379e-12 5.1530e-01 2.1280e+03 3.4193e+03 3.6977e+03 2.9969e+18 9.6602e+19 4.5719e+19 9.7485e-02 4.3668e-02 5.6624e+04 1.9123e+04
3.3400e+03 6.3216e-12 5.1525e-01 2.1274e+03 3.4180e+03 3.6963e+03 3.0148e+18 9.7332e+19 4.6049e+19 9.7243e-02 4.3567e-02 5.6745e+04 1.9164e+04
3.3500e+03 6.3053e-12 5.1521e-01 2.1267e+03 3.4167e+03 3.6950e+03 3.0327e+18 9.8066e+19 4.6381e+19 9.7001e-02 4.3465e-02 5.6867e+04 1.9205e+04
3.3600e+03 6.2892e-12 5.1517e-01 2.1261e+03 3.4155e+03 3.6937e+03 3.0506e+18 9.8805e+19 4.6715e+19 9.6761e-02 4.3365e-02 5.6988e+04 1.9246e+04
3.3700e+03 6.2731e-12 5.1512e-01 2.1255e+03 3.4142e+03 3.6924e+03 3.0687e+18 9.9548e+19 4.7051e+19 9.6522e-02 4.3265e-02 5.7110e+04 1.9287e+04
3.3800e+03 6.2571e-12 5.1508e-01 2.1248e+03 3.4129e+03 3.6910e+03 3.0869e+18 1.0030e+20 4.7388e+19 9.6284e-02 4.3165e-02 5.7232e+04 1.9328e+04
3.3900e+03 6.2412e-12 5.1504e-01 2.1242e+03 3.4117e+03 3.6897e+03 3.1051e+18 1.0105e+20 4.7728e+19 9.6047e-02 4.3065e-02 5.7353e+04 1.9369e+04
3.4000e+03 6.2254e-12 5.1500e-01 2.1236e+03 3.4104e+03 3.6884e+03 3.1234e+18 1.0180e+20 4.8069e+19 9.5811e-02 4.2966e-02 5.7475e+04 1.9410e+04
3.4100e+03 6.2097e-12 5.1496e-01 2.1229e+03 3.4092e+03 3.6871e+03 3.1418e+18 1.0256e+20 4.8413e+19 9.5576e-02 4.2867e-02 5.7596e+04 1.9451e+04
3.4200e+03 6.1940e-12 5.1492e-01 2.1223e+03 3.4079e+03 3.6858e+03 3.1602e+18 1.0333e+20 4.8758e+19 9.5342e-02 4.2769e-02 5.7718e+04 1.9492e+04
3.4300e+03 6.1784e-12 5.1489e-01 2.1217e+03 3.4067e+03 3.6845e+03 3.1788e+18 1.0410e+20 4.9105e+19 9.5109e-02 4.2671e-02 5.7840e+04 1.9533e+04
3.4400e+03 6.1629e-12 5.1485e-01 2.1211e+03 3.4054e+03 3.6832e+03 3.1974e+18 1.0487e+20 4.9454e+19 9.4877e-02 4.2574e-02 5.7962e+04 1.9574e+04
3.4500e+03 6.1475e-12 5.1481e-01 2.1205e+03 3.4042e+03 3.6819e+03 3.2161e+18 1.0565e+20 4.9805e+19 9.4646e-02 4.2476e-02 5.8083e+04 1.9615e+04
3.4600e+03 6.1322e-12 5.1478e-01 2.1198e+03 3.4029e+03 3.6806e+03 3.2348e+18 1.0643e+20 5.0158e+19 9.4416e-02 4.2379e-02 5.8205e+04 1.9656e+04
3.4700e+03 6.1169e-12 5.1474e-01 2.1192e+03 3.4017e+03 3.6793e+03 3.2537e+18 1.0722e+20 5.0513e+19 9.4187e-02 4.2283e-02 5.8327e+04 1.9697e+04
3.4800e+03 6.1017e-12 5.1471e-01 2.1186e+03 3.4005e+03 3.6780e+03 3.2726e+18 1.0801e+20 5.0870e+19 9.3959e-02 4.2187e-02 5.8449e+04 1.9739e+04
3.4900e+03 6.0866e-12 5.1468e-01 2.1180e+03 3.3992e+03 3.6768e+03 3.2917e+18 1.0881e+20 5.1229e+19 9.3733e-02 4.2091e-02 5.8571e+04 1.9780e+04
3.5000e+03 6.0715e-12 5.1464e-01 2.1174e+03 3.3980e+03 3.6755e+03 3.3108e+18 1.0961e+20 5.1589e+19 9.3507e-02 4.1996e-02 5.8692e+04 1.9821e+04
3.5100e+03 6.0565e-12 5.1461e-01 2.1168e+03 3.3968e+03 3.6742e+03 3.3299e+18 1.1041e+20 5.1952e+19 9.3282e-02 4.1901e-02 5.8814e+04 1.9862e+04
3.5200e+03 6.0416e-12 5.1458e-01 2.1162e+03 3.3956e+03 3.6729e+03 3.3492e+18 1.1122e+20 5.2317e+19 9.3058e-02 4.1806e-02 5.8936e+04 1.9903e+04
3.5300e+03 6.0268e-12 5.1455e-01 2.1155e+03 3.3944e+03 3.6717e+03 3.3685e+18 1.1204e+20 5.2683e+19 9.2835e-02 4.1712e-02 5.9058e+04 1.9945e+04
3.5400e+03 6.0120e-12 5.1452e-01 2.1149e+03 3.3931e+03 3.6704e+03 3.3880e+18 1.1286e+20 5.3052e+19 9.2613e-02 4.1618e-02 5.9180e+04 1.9986e+04
3.5500e+03 5.9974e-12 5.1449e-01 2.1143e+03 3.3919e+03 3.6691e+03 3.4075e+18 1.1368e+20 5.3423e+19 9.2392e-02 4.1524e-02 5.9302e+04 2.0027e+04
3.5600e+03 5.9827e-12 5.1446e-01 2.1137e+03 3.3907e+03 3.6679e+03 3.4271e+18 1.1451e+20 5.3795e+19 9.2172e-02 4.1431e-02 5.9424e+04 2.0068e+04
3.5700e+03 5.9682e-12 5.1443e-01 2.1131e+03 3.3895e+03 3.6666e+03 3.4467e+18 1.1534e+20 5.4170e+19 9.1953e-02 4.1338e-02 5.9546e+04 2.0110e+04
3.5800e+03 5.9537e-12 5.1441e-01 2.1125e+03 3.3883e+03 3.6653e+03 3.4665e+18 1.1618e+20 5.4547e+19 9.1735e-02 4.1246e-02 5.9668e+04 2.0151e+04
3.5900e+03 5.9393e-12 5.1438e-01 2.1119e+03 3.3871e+03 3.6641e+03 3.4863e+18 1.1703e+20 5.4925e+19 9.1518e-02 4.1153e-02 5.9789e+04 2.0192e+04
3.6000e+03 5.9250e-12 5.1436e-01 2.1113e+03 3.3859e+03 3.6628e+03 3.5063e+18 1.1787e+20 5.5306e+19 9.1302e-02 4.1062e-02 5.9911e+04 2.0234e+04
3.6100e+03 5.9107e-12 5.1433e-01 2.1107e+03 3.3847e+03 3.6616e+03 3.5263e+18 1.1873e+20 5.5689e+19 9.1086e-02 4.0970e-02 6.0033e+04 2.0275e+04
3.6200e+03 5.8965e-12 5.1431e-01 2.1101e+03 3.3835e+03 3.6603e+03 3.5463e+18 1.1958e+20 5.6074e+19 9.0872e-02 4.0879e-02 6.0155e+04 2.0317e+04
3.6300e+03 5.8824e-12 5.1428e-01 2.1096e+03 3.3823e+03 3.6591e+03 3.5665e+18 1.2044e+20 5.6461e+19 9.0658e-02 4.0788e-02 6.0277e+04 2.0358e+04
3.6400e+03 5.8684e-12 5.1426e-01 2.1090e+03 3.3811e+03 3.6579e+03 3.5868e+18 1.2131e+20 5.6850e+19 9.0446e-02 4.0698e-02 6.0399e+04 2.0400e+04
3.6500e+03 5.8544e-12 5.1424e-01 2.1084e+03 3.3799e+03 3.6566e+03 3.6071e+18 1.2218e+20 5.7241e+19 9.0234e-02 4.0608e-02 6.0521e+04 2.0441e+04
3.6600e+03 5.8405e-12 5.1421e-01 2.1078e+03 3.3787e+03 3.6554e+03 3.6275e+18 1.2306e+20 5.7634e+19 9.0024e-02 4.0518e-02 6.0644e+04 2.0483e+04
3.6700e+03 5.8266e-12 5.1419e-01 2.1072e+03 3.3776e+03 3.6542e+03 3.6480e+18 1.2394e+20 5.8029e+19 8.9814e-02 4.0428e-02 6.0766e+04 2.0524e+04
3.6800e+03 5.8128e-12 5.1417e-01 2.1066e+03 3.3764e+03 3.6529e+03 3.6686e+18 1.2483e+20 5.8426e+19 8.9605e-02 4.0339e-02 6.0888e+04 2.0566e+04
3.6900e+03 5.7991e-12 5.1415e-01 2.1060e+03 3.3752e+03 3.6517e+03 3.6893e+18 1.2572e+20 5.8826e+19 8.9397e-02 4.0250e-02 6.1010e+04 2.0607e+04
3.7000e+03 5.7855e-12 5.1413e-01 2.1054e+03 3.3740e+03 3.6505e+03 3.7101e+18 1.2662e+20 5.9227e+19 8.9190e-02 4.0162e-02 6.1132e+04 2.0649e+04
3.7100e+03 5.7719e-12 5.1412e-01 2.1049e+03 3.3729e+03 3.6493e+03 3.7309e+18 1.2752e+20 5.9631e+19 8.8983e-02 4.0074e-02 6.1254e+04 2.0690e+04
3.7200e+03 5.7583e-12 5.1410e-01 2.1043e+03 3.3717e+03 3.6480e+03 3.7519e+18 1.2842e+20 6.0036e+19 8.8778e-02 3.9986e-02 6.1376e+04 2.0732e+04
3.7300e+03 5.7449e-12 5.1408e-01 2.1037e+03 3.3705e+03 3.6468e+03 3.7729e+18 1.2933e+20 6.0444e+19 8.8573e-02 3.9898e-02 6.1498e+04 2.0774e+04
3.7400e+03 5.7315e-12 5.1406e-01 2.1031e+03 3.3694e+03 3.6456e+03 3.7940e+18 1.3025e+20 6.0854e+19 8.8370e-02 3.9811e-02 6.1620e+04 2.0815e+04
3.7500e+03 5.7182e-12 5.1405e-01 2.1025e+03 3.3682e+03 3.6444e+03 3.8152e+18 1.3117e+20 6.1267e+19 8.8167e-02 3.9724e-02 6.1742e+04 2.0857e+04
3.7600e+03 5.7049e-12 5.1403e-01 2.1020e+03 3.3671e+03 3.6432e+03 3.8364e+18 1.3210e+20 6.1681e+19 8.7965e-02 3.9638e-02 6.1865e+04 2.0899e+04
3.7700e+03 5.6917e-12 5.1402e-01 2.1014e+03 3.3659e+03 3.6420e+03 3.8578e+18 1.3303e+20 6.2097e+19 8.7764e-02 3.9551e-02 6.1987e+04 2.0940e+04
3.7800e+03 5.6785e-12 5.1400e-01 2.1008e+03 3.3648e+03 3.6408e+03 3.8793e+18 1.3396e+20 6.2516e+19 8.7564e-02 3.9465e-02 6.2109e+04 2.0982e+04
3.7900e+03 5.6655e-12 5.1399e-01 2.1003e+03 3.3636e+03 3.6396e+03 3.9008e+18 1.3491e+20 6.2937e+19 8.7364e-02 3.9380e-02 6.2231e+04 2.1024e+04
3.8000e+03 5.6524e-12 5.1398e-01 2.0997e+03 3.3625e+03 3.6384e+03 3.9224e+18 1.3585e+20 6.3360e+19 8.7166e-02 3.9294e-02 6.2353e+04 2.1066e+04
3.8100e+03 5.6395e-12 5.1396e-01 2.0991e+03 3.3613e+03 3.6372e+03 3.9441e+18 1.3681e+20 6.3785e+19 8.6968e-02 3.9209e-02 6.2476e+04 2.1107e+04
3.8200e+03 5.6266e-12 5.1395e-01 2.0986e+03 3.3602e+03 3.6360e+03 3.9659e+18 1.3776e+20 6.4213e+19 8.6771e-02 3.9125e-02 6.2598e+04 2.1149e+04
3.8300e+03 5.6137e-12 5.1394e-01 2.0980e+03 3.3590e+03 3.6348e+03 3.9878e+18 1.3872e+20 6.4642e+19 8.6575e-02 3.9040e-02 6.2720e+04 2.1191e+04
3.8400e+03 5.6010e-12 5.1393e-01 2.0974e+03 3.3579e+03 3.6336e+03 4.0098e+18 1.3969e+20 6.5074e+19 8.6379e-02 3.8956e-02 6.2842e+04 2.1233e+04
3.8500e+03 5.5882e-12 5.1392e-01 2.0969e+03 3.3568e+03 3.6324e+03 4.0319e+18 1.4066e+20 6.5509e+19 8.6185e-02 3.8872e-02 6.2964e+04 2.1275e+04
3.8600e+03 5.5756e-12 5.1391e-01 2.0963e+03 3.3556e+03 3.6312e+03 4.0540e+18 1.4164e+20 6.5945e+19 8.5991e-02 3.8789e-02 6.3087e+04 2.1317e+04
3.8700e+03 5.5630e-12 5.1390e-01 2.0957e+03 3.3545e+03 3.6301e+03 4.0763e+18 1.4263e+20 6.6384e+19 8.5798e-02 3.8706e-02 6.3209e+04 2.1358e+04
3.8800e+03 5.5504e-12 5.1390e-01 2.0952e+03 3.3534e+03 3.6289e+03 4.0986e+18 1.4361e+20 6.6824e+19 8.5606e-02 3.8623e-02 6.3331e+04 2.1400e+04
3.8900e+03 5.5380e-12 5.1389e-01 2.0946e+03 3.3522e+03 3.6277e+03 4.1210e+18 1.4461e+20 6.7268e+19 8.5415e-02 3.8540e-02 6.3453e+04 2.1442e+04
3.9000e+03 5.5255e-12 5.1388e-01 2.0941e+03 3.3511e+03 3.6265e+03 4.1435e+18 1.4561e+20 6.7713e+19 8.5224e-02 3.8458e-02 6.3576e+04 2.1484e+04
3.9100e+03 5.5132e-12 5.1387e-01 2.0935e+03 3.3500e+03 3.6254e+03 4.1661e+18 1.4661e+20 6.8161e+19 8.5035e-02 3.8376e-02 6.3698e+04 2.1526e+04
3.9200e+03 5.5008e-12 5.1387e-01 2.0930e+03 3.3489e+03 3.6242e+03 4.1888e+18 1.4762e+20 6.8611e+19 8.4846e-02 3.8294e-02 6.3820e+04 2.1568e+04
3.9300e+03 5.4886e-12 5.1386e-01 2.0924e+03 3.3478e+03 3.6230e+03 4.2116e+18 1.4864e+20 6.9063e+19 8.4658e-02 3.8213e-02 6.3943e+04 2.1610e+04
3.9400e+03 5.4764e-12 5.1386e-01 2.0919e+03 3.3467e+03 3.6219e+03 4.2345e+18 1.4966e+20 6.9517e+19 8.4470e-02 3.8132e-02 6.4065e+04 2.1652e+04
3.9500e+03 5.4643e-12 5.1386e-01 2.0913e+03 3.3456e+03 3.6207e+03 4.2574e+18 1.5068e+20 6.9974e+19 8.4284e-02 3.8051e-02 6.4187e+04 2.1694e+04
3.9600e+03 5.4522e-12 5.1385e-01 2.0908e+03 3.3444e+03 3.6196e+03 4.2805e+18 1.5171e+20 7.0434e+19 8.4098e-02 3.7970e-02 6.4309e+04 2.1736e+04
3.9700e+03 5.4401e-12 5.1385e-01 2.0902e+03 3.3433e+03 3.6184e+03 4.3036e+18 1.5275e+20 7.0895e+19 8.3913e-02 3.7890e-02 6.4432e+04 2.1778e+04
3.9800e+03 5.4282e-12 5.1385e-01 2.0897e+03 3.3422e+03 3.6172e+03 4.3268e+18 1.5379e+20 7.1359e+19 8.3728e-02 3.7810e-02 6.4554e+04 2.1820e+04
3.9900e+03 5.4162e-12 5.1385e-01 2.0891e+03 3.3411e+03 3.6161e+03 4.3502e+18 1.5484e+20 7.1825e+19 8.3545e-02 3.7730e-02 6.4676e+04 2.1863e+04
4.0000e+03 5.4044e-12 5.1384e-01 2.0886e+03 3.3400e+03 3.6150e+03 4.3736e+18 1.5589e+20 7.2294e+19 8.3362e-02 3.7651e-02 6.4799e+04 2.1905e+04
4.0100e+03 5.3926e-12 5.1384e-01 2.0880e+03 3.3389e+03 3.6138e+03 4.3971e+18 1.5695e+20 7.2765e+19 8.3180e-02 3.7572e-02 6.4921e+04 2.1947e+04
4.0200e+03 5.3808e-12 5.1384e-01 2.0875e+03 3.3379e+03 3.6127e+03 4.4207e+18 1.5802e+20 7.3238e+19 8.2998e-02 3.7493e-02 6.5043e+04 2.1989e+04
4.0300e+03 5.3691e-12 5.1384e-01 2.0870e+03 3.3368e+03 3.6115e+03 4.4444e+18 1.5909e+20 7.3714e+19 8.2818e-02 3.7414e-02 6.5166e+04 2.2031e+04
4.0400e+03 5.3574e-12 5.1384e-01 2.0864e+03 3.3357e+03 3.6104e+03 4.4682e+18 1.6016e+20 7.4192e+19 8.2638e-02 3.7336e-02 6.5288e+04 2.2073e+04
4.0500e+03 5.3458e-12 5.1385e-01 2.0859e+03 3.3346e+03 3.6092e+03 4.4920e+18 1.6125e+20 7.4672e+19 8.2458e-02 3.7258e-02 6.5410e+04 2.2116e+04
4.0600e+03 5.3343e-12 5.1385e-01 2.0853e+03 3.3335e+03 3.6081e+03 4.5160e+18 1.6233e+20 7.5155e+19 8.2280e-02 3.7180e-02 6.5533e+04 2.2158e+04
4.0700e+03 5.3228e-12 5.1385e-01 2.0848e+03 3.3324e+03 3.6070e+03 4.5401e+18 1.6343e+20 7.5640e+19 8.2102e-02 3.7103e-02 6.5655e+04 2.2200e+04
4.0800e+03 5.3113e-12 5.1385e-01 2.0843e+03 3.3313e+03 3.6059e+03 4.5642e+18 1.6452e+20 7.6128e+19 8.1925e-02 3.7026e-02 6.5777e+04 2.2242e+04
4.0900e+03 5.3000e-12 5.1386e-01 2.0837e+03 3.3303e+03 3.6047e+03 4.5885e+18 1.6563e+20 7.6618e+19 8.1749e-02 3.6949e-02 6.5900e+04 2.2285e+04
4.1000e+03 5.2886e-12 5.1386e-01 2.0832e+03 3.3292e+03 3.6036e+03 4.6128e+18 1.6674e+20 7.7111e+19 8.1573e-02 3.6872e-02 6.6022e+04 2.2327e+04
4.1100e+03 5.2773e-12 5.1387e-01 2.0827e+03 3.3281e+03 3.6025e+03 4.6373e+18 1.6785e+20 7.7606e+19 8.1398e-02 3.6795e-02 6.6144e+04 2.2369e+04
4.1200e+03 5.2661e-12 5.1387e-01 2.0822e+03 3.3271e+03 3.6014e+03 4.6618e+18 1.6897e+20 7.8103e+19 8.1224e-02 3.6719e-02 6.6267e+04 2.2412e+04
4.1300e+03 5.2549e-12 5.1388e-01 2.0816e+03 3.3260e+03 3.6002e+03 4.6864e+18 1.7010e+20 7.8603e+19 8.1050e-02 3.6643e-02 6.6389e+04 2.2454e+04
4.1400e+03 5.2437e-12 5.1388e-01 2.0811e+03 3.3249e+03 3.5991e+03 4.7111e+18 1.7123e+20 7.9105e+19 8.0878e-02 3.6568e-02 6.6512e+04 2.2496e+04
4.1500e+03 5.2326e-12 5.1389e-01 2.0806e+03 3.3239e+03 3.5980e+03 4.7360e+18 1.7237e+20 7.9610e+19 8.0705e-02 3.6492e-02 6.6634e+04 2.2539e+04
4.1600e+03 5.2216e-12 5.1390e-01 2.0801e+03 3.3228e+03 3.5969e+03 4.7609e+18 1.7352e+20 8.0117e+19 8.0534e-02 3.6417e-02 6.6756e+04 2.2581e+04
4.1700e+03 5.2106e-12 5.1391e-01 2.0795e+03 3.3217e+03 3.5958e+03 4.7859e+18 1.7467e+20 8.0627e+19 8.0363e-02 3.6342e-02 6.6879e+04 2.2624e+04
4.1800e+03 5.1997e-12 5.1392e-01 2.0790e+03 3.3207e+03 3.5947e+03 4.8110e+18 1.7583e+20 8.1140e+19 8.0193e-02 3.6268e-02 6.7001e+04 2.2666e+04
4.1900e+03 5.1888e-12 5.1392e-01 2.0785e+03 3.3196e+03 3.5936e+03 4.8362e+18 1.7699e+20 8.1654e+19 8.0024e-02 3.6194e-02 6.7123e+04 2.2708e+04
4.2000e+03 5.1779e-12 5.1393e-01 2.0780e+03 3.3186e+03 3.5925e+03 4.8615e+18 1.7816e+20 8.2172e+19 7.9855e-02 3.6119e-02 6.7246e+04 2.2751e+04
4.2100e+03 5.1671e-12 5.1394e-01 2.0774e+03 3.3175e+03 3.5914e+03 4.8868e+18 1.7933e+20 8.2692e+19 7.9687e-02 3.6046e-02 6.7368e+04 2.2793e+04
4.2200e+03 5.1564e-12 5.1395e-01 2.0769e+03 3.3165e+03 3.5903e+03 4.9123e+18 1.8051e+20 8.3214e+19 7.9519e-02 3.5972e-02 6.7491e+04 2.2836e+04
4.2300e+03 5.1457e-12 5.1397e-01 2.0764e+03 3.3154e+03 3.5892e+03 4.9379e+18 1.8170e+20 8.3739e+19 7.9352e-02 3.5899e-02 6.7613e+04 2.2878e+04
4.2400e+03 5.1350e-12 5.1398e-01 2.0759e+03 3.3144e+03 3.5881e+03 4.9636e+18 1.8289e+20 8.4266e+19 7.9186e-02 3.5826e-02 6.7735e+04 2.2921e+04
4.2500e+03 5.1244e-12 5.1399e-01 2.0754e+03 3.3134e+03 3.5870e+03 4.9894e+18 1.8409e+20 8.4797e+19 7.9021e-02 3.5753e-02 6.7858e+04 2.2964e+04
4.2600e+03 5.1138e-12 5.1400e-01 2.0749e+03 3.3123e+03 3.5859e+03 5.0152e+18 1.8529e+20 8.5329e+19 7.8856e-02 3.5680e-02 6.7980e+04 2.3006e+04
4.2700e+03 5.1033e-12 5.1401e-01 2.0744e+03 3.3113e+03 3.5848e+03 5.0412e+18 1.8650e+20 8.5864e+19 7.8692e-02 3.5608e-02 6.8103e+04 2.3049e+04
4.2800e+03 5.0928e-12 5.1403e-01 2.0739e+03 3.3102e+03 3.5838e+03 5.0673e+18 1.8772e+20 8.6402e+19 7.8528e-02 3.5536e-02 6.8225e+04 2.3091e+04
4.2900e+03 5.0824e-12 5.1404e-01 2.0733e+03 3.3092e+03 3.5827e+03 5.0934e+18 1.8894e+20 8.6943e+19 7.8365e-02 3.5464e-02 6.8347e+04 2.3134e+04
4.3000e+03 5.0720e-12 5.1406e-01 2.0728e+03 3.3082e+03 3.5816e+03 5.1197e+18 1.9017e+20 8.7486e+19 7.8203e-02 3.5392e-02 6.8470e+04 2.3177e+04
4.3100e+03 5.0617e-12 5.1407e-01 2.0723e+03 3.3072e+03 3.5805e+03 5.1461e+18 1.9140e+20 8.8031e+19 7.8041e-02 3.5321e-02 6.8592e+04 2.3219e+04
4.3200e+03 5.0514e-12 5.1409e-01 2.0718e+03 3.3061e+03 3.5795e+03 5.1725e+18 1.9265e+20 8.8580e+19 7.7880e-02 3.5250e-02 6.8714e+04 2.3262e+04
4.3300e+03 5.0411e-12 5.1410e-01 2.0713e+03 3.3051e+03 3.5784e+03 5.1991e+18 1.9389e+20 8.9130e+19 7.7720e-02 3.5179e-02 6.8837e+04 2.3305e+04
4.3400e+03 5.0309e-12 5.1412e-01 2.0708e+03 3.3041e+03 3.5773e+03 5.2258e+18 1.9515e+20 8.9684e+19 7.7560e-02 3.5109e-02 6.8959e+04 2.3347e+04
4.3500e+03 5.0207e-12 5.1413e-01 2.0703e+03 3.3031e+03 3.5762e+03 5.2525e+18 1.9641e+20 9.0240e+19 7.7401e-02 3.5038e-02 6.9082e+04 2.3390e+04
4.3600e+03 5.0106e-12 5.1415e-01 2.0698e+03 3.3020e+03 3.5752e+03 5.2794e+18 1.9767e+20 9.0799e+19 7.7242e-02 3.4968e-02 6.9204e+04 2.3433e+04
4.3700e+03 5.0005e-12 5.1417e-01 2.0693e+03 3.3010e+03 3.5741e+03 5.3063e+18 1.9895e+20 9.1361e+19 7.7084e-02 3.4898e-02 6.9326e+04 2.3476e+04
4.3800e+03 4.9905e-12 5.1419e-01 2.0688e+03 3.3000e+03 3.5731e+03 5.3334e+18 2.0022e+20 9.1925e+19 7.6927e-02 3.4828e-02 6.9449e+04 2.3518e+04
4.3900e+03 4.9805e-12 5.1420e-01 2.0683e+03 3.2990e+03 3.5720e+03 5.3605e+18 2.0151e+20 9.2492e+19 7.6770e-02 3.4759e-02 6.9571e+04 2.3561e+04
4.4000e+03 4.9706e-12 5.1422e-01 2.0678e+03 3.2980e+03 3.5709e+03 5.3878e+18 2.0280e+20 9.3061e+19 7.6614e-02 3.4690e-02 6.9693e+04 2.3604e+04
4.4100e+03 4.9607e-12 5.1424e-01 2.0673e+03 3.2970e+03 3.5699e+03 5.4152e+18 2.0410e+20 9.3633e+19 7.6458e-02 3.4621e-02 6.9816e+04 2.3647e+04
4.4200e+03 4.9508e-12 5.1426e-01 2.0668e+03 3.2960e+03 3.5688e+03 5.4426e+18 2.0540e+20 9.4208e+19 7.6303e-02 3.4552e-02 6.9938e+04 2.3690e+04
4.4300e+03 4.9410e-12 5.1428e-01 2.0663e+03 3.2950e+03 3.5678e+03 5.4702e+18 2.0671e+20 9.4786e+19 7.6149e-02 3.4483e-02 7.0061e+04 2.3732e+04
4.4400e+03 4.9312e-12 5.1430e-01 2.0659e+03 3.2940e+03 3.5667e+03 5.4978e+18 2.0803e+20 9.5366e+19 7.5995e-02 3.4415e-02 7.0183e+04 2.3775e+04
4.4500e+03 4.9215e-12 5.1432e-01 2.0654e+03 3.2930e+03 3.5657e+03 5.5256e+18 2.0935e+20 9.5950e+19 7.5842e-02 3.4347e-02 7.0305e+04 2.3818e+04
4.4600e+03 4.9118e-12 5.1435e-01 2.0649e+03 3.2920e+03 3.5646e+03 5.5535e+18 2.1068e+20 9.6536e+19 7.5689e-02 3.4279e-02 7.0428e+04 2.3861e+04
4.4700e+03 4.9021e-12 5.1437e-01 2.0644e+03 3.2910e+03 3.5636e+03 5.5814e+18 2.1202e+20 9.7124e+19 7.5537e-02 3.4212e-02 7.0550e+04 2.3904e+04
4.4800e+03 4.8925e-12 5.1439e-01 2.0639e+03 3.2900e+03 3.5626e+03 5.6095e+18 2.1336e+20 9.7716e+19 7.5386e-02 3.4144e-02 7.0672e+04 2.3947e+04
4.4900e+03 4.8829e-12 5.1441e-01 2.0634e+03 3.2890e+03 3.5615e+03 5.6377e+18 2.1471e+20 9.8310e+19 7.5235e-02 3.4077e-02 7.0795e+04 2.3990e+04
4.5000e+03 4.8734e-12 5.1444e-01 2.0629e+03 3.2880e+03 3.5605e+03 5.6660e+18 2.1607e+20 9.8907e+19 7.5084e-02 3.4010e-02 7.0917e+04 2.4033e+04
4.5100e+03 4.8639e-12 5.1446e-01 2.0624e+03 3.2870e+03 3.5594e+03 5.6943e+18 2.1743e+20 9.9507e+19 7.4935e-02 3.3943e-02 7.1039e+04 2.4076e+04
4.5200e+03 4.8544e-12 5.1448e-01 2.0620e+03 3.2861e+03 3.5584e+03 5.7228e+18 2.1880e+20 1.0011e+20 7.4785e-02 3.3877e-02 7.1162e+04 2.4119e+04
4.5300e+03 4.8450e-12 5.1451e-01 2.0615e+03 3.2851e+03 3.5574e+03 5.7514e+18 2.2018e+20 1.0071e+20 7.4637e-02 3.3811e-02 7.1284e+04 2.4162e+04
4.5400e+03 4.8356e-12 5.1453e-01 2.0610e+03 3.2841e+03 3.5564e+03 5.7801e+18 2.2156e+20 1.0132e+20 7.4489e-02 3.3745e-02 7.1406e+04 2.4205e+04
4.5500e+03 0.0000e+00 0.0000e+00 2.0605e+03 0.0000e+00 3.5553e+03 0.0000e+00 0.0000e+00 0.0000e+00 0.0000e+00 0.0000e+00 0.0000e+00 0.0000e+00
