0.0000e+00 2.3990e-11 1.4729e+01 1.7000e+03 2.6783e+03 4.2000e+03 2.2229e+20 9.3507e+22 9.3507e+22 1.2910e-02 0.0000e+00 3.2813e+05 0.0000e+00
1.0000e+01 2.3855e-11 1.4162e+01 1.7059e+03 2.5024e+03 4.2000e+03 1.7586e+21 6.5322e+23 6.5322e+23 1.3350e-02 0.0000e+00 3.1861e+05 0.0000e+00
2.0000e+01 2.3720e-11 1.3624e+01 1.7117e+03 2.5174e+03 4.2000e+03 1.5081e+21 5.4738e+23 5.4738e+23 1.3800e-02 0.0000e+00 3.0951e+05 0.0000e+00
3.0000e+01 2.3586e-11 1.3112e+01 1.7175e+03 2.5322e+03 4.2000e+03 1.2996e+21 4.6093e+23 4.6093e+23 1.4257e-02 0.0000e+00 3.0079e+05 0.0000e+00
4.0000e+01 2.3454e-11 1.2626e+01 1.7232e+03 2.5468e+03 4.2000e+03 1.1251e+21 3.8995e+23 3.8995e+23 1.4723e-02 0.0000e+00 2.9245e+05 0.0000e+00
5.0000e+01 2.3322e-11 1.2164e+01 1.7289e+03 2.5611e+03 4.2000e+03 9.7842e+20 3.3139e+23 3.3139e+23 1.5197e-02 0.0000e+00 2.8445e+05 0.0000e+00
6.0000e+01 2.3191e-11 1.1724e+01 1.7345e+03 2.5752e+03 4.2000e+03 8.5443e+20 2.8284e+23 2.8284e+23 1.5679e-02 0.0000e+00 2.7678e+05 0.0000e+00
7.0000e+01 2.3062e-11 1.1305e+01 1.7401e+03 2.5891e+03 4.2000e+03 7.4917e+20 2.4240e+23 2.4240e+23 1.6169e-02 0.0000e+00 2.6943e+05 0.0000e+00
8.0000e+01 2.2933e-11 1.0906e+01 1.7456e+03 2.6028e+03 4.2000e+03 6.5943e+20 2.0858e+23 2.0858e+23 1.6666e-02 0.0000e+00 2.6237e+05 0.0000e+00
9.0000e+01 2.2805e-11 1.0526e+01 1.7511e+03 2.6162e+03 4.2000e+03 5.8258e+20 1.8017e+23 1.8017e+23 1.7172e-02 0.0000e+00 2.5560e+05 0.0000e+00
1.0000e+02 2.2678e-11 1.0164e+01 1.7565e+03 2.6295e+03 4.2000e+03 5.1652e+20 1.5620e+23 1.5620e+23 1.7685e-02 0.0000e+00 2.4910e+05 0.0000e+00
1.1000e+02 2.2553e-11 9.8180e+00 1.7619e+03 2.6426e+03 4.2000e+03 4.5950e+20 1.3591e+23 1.3591e+23 1.8206e-02 0.0000e+00 2.4286e+05 0.0000e+00
1.2000e+02 2.2428e-11 9.4883e+00 1.7672e+03 2.6554e+03 4.2000e+03 4.1012e+20 1.1866e+23 1.1866e+23 1.8735e-02 0.0000e+00 2.3686e+05 0.0000e+00
1.3000e+02 2.2304e-11 9.1736e+00 1.7725e+03 2.6681e+03 4.2000e+03 3.6719e+20 1.0394e+23 1.0394e+23 1.9270e-02 0.0000e+00 2.3110e+05 0.0000e+00
1.4000e+02 2.2181e-11 8.8730e+00 1.7777e+03 2.6806e+03 4.2000e+03 3.2974e+20 9.1343e+22 9.1343e+22 1.9813e-02 0.0000e+00 2.2556e+05 0.0000e+00
1.5000e+02 2.2059e-11 8.5859e+00 1.7829e+03 2.6929e+03 4.2000e+03 2.9697e+20 8.0520e+22 8.0520e+22 2.0363e-02 0.0000e+00 2.2023e+05 0.0000e+00
1.6000e+02 2.1937e-11 8.3115e+00 1.7880e+03 2.7050e+03 4.2000e+03 2.6819e+20 7.1192e+22 7.1192e+22 2.0920e-02 0.0000e+00 2.1510e+05 0.0000e+00
1.7000e+02 2.1817e-11 8.0491e+00 1.7931e+03 2.7169e+03 4.2000e+03 2.4286e+20 6.3127e+22 6.3127e+22 2.1483e-02 0.0000e+00 2.1017e+05 0.0000e+00
1.8000e+02 2.1698e-11 7.7981e+00 1.7981e+03 2.7287e+03 4.2000e+03 2.2048e+20 5.6132e+22 5.6132e+22 2.2053e-02 0.0000e+00 2.0542e+05 0.0000e+00
1.9000e+02 2.1579e-11 7.5580e+00 1.8031e+03 2.7402e+03 4.2000e+03 2.0067e+20 5.0048e+22 5.0048e+22 2.2630e-02 0.0000e+00 2.0085e+05 0.0000e+00
2.0000e+02 2.1462e-11 7.3281e+00 1.8080e+03 2.7516e+03 4.2000e+03 1.8307e+20 4.4741e+22 4.4741e+22 2.3213e-02 0.0000e+00 1.9644e+05 0.0000e+00
2.1000e+02 2.1345e-11 7.1079e+00 1.8128e+03 2.7629e+03 4.2000e+03 1.6740e+20 4.0098e+22 4.0098e+22 2.3801e-02 0.0000e+00 1.9220e+05 0.0000e+00
2.2000e+02 2.1229e-11 6.8970e+00 1.8177e+03 2.7740e+03 4.2000e+03 1.5341e+20 3.6026e+22 3.6026e+22 2.4396e-02 0.0000e+00 1.8810e+05 0.0000e+00
2.3000e+02 2.1114e-11 6.6949e+00 1.8224e+03 2.7849e+03 4.2000e+03 1.4090e+20 3.2444e+22 3.2444e+22 2.4996e-02 0.0000e+00 1.8416e+05 0.0000e+00
2.4000e+02 2.1000e-11 6.5012e+00 1.8272e+03 2.7957e+03 4.2000e+03 1.2967e+20 2.9287e+22 2.9287e+22 2.5602e-02 0.0000e+00 1.8036e+05 0.0000e+00
2.5000e+02 2.0886e-11 6.3153e+00 1.8318e+03 2.8063e+03 4.2000e+03 1.1958e+20 2.6497e+22 2.6497e+22 2.6213e-02 0.0000e+00 1.7669e+05 0.0000e+00
2.6000e+02 2.0774e-11 6.1371e+00 1.8364e+03 2.8167e+03 4.2000e+03 1.1049e+20 2.4025e+22 2.4025e+22 2.6829e-02 0.0000e+00 1.7314e+05 0.0000e+00
2.7000e+02 2.0662e-11 5.9660e+00 1.8410e+03 2.8270e+03 4.2000e+03 1.0228e+20 2.1830e+22 2.1830e+22 2.7450e-02 0.0000e+00 1.6973e+05 0.0000e+00
2.8000e+02 2.0551e-11 5.8017e+00 1.8455e+03 2.8372e+03 4.2000e+03 9.4856e+19 1.9876e+22 1.9876e+22 2.8076e-02 0.0000e+00 1.6643e+05 0.0000e+00
2.9000e+02 2.0441e-11 5.6440e+00 1.8500e+03 2.8472e+03 4.2000e+03 8.8126e+19 1.8134e+22 1.8134e+22 2.8706e-02 0.0000e+00 1.6324e+05 0.0000e+00
3.0000e+02 2.0332e-11 5.4924e+00 1.8544e+03 2.8570e+03 4.2000e+03 8.2013e+19 1.6577e+22 1.6577e+22 2.9341e-02 0.0000e+00 1.6016e+05 0.0000e+00
3.1000e+02 2.0224e-11 5.3468e+00 1.8588e+03 2.8668e+03 4.2000e+03 7.6451e+19 1.5183e+22 1.5183e+22 2.9979e-02 0.0000e+00 1.5719e+05 0.0000e+00
3.2000e+02 2.0116e-11 5.2068e+00 1.8631e+03 2.8763e+03 4.2000e+03 7.1381e+19 1.3931e+22 1.3931e+22 3.0621e-02 0.0000e+00 1.5432e+05 0.0000e+00
3.3000e+02 2.0009e-11 5.0721e+00 1.8674e+03 2.8858e+03 4.2000e+03 6.6751e+19 1.2806e+22 1.2806e+22 3.1267e-02 0.0000e+00 1.5154e+05 0.0000e+00
3.4000e+02 1.9903e-11 4.9426e+00 1.8716e+03 2.8951e+03 4.2000e+03 6.2517e+19 1.1793e+22 1.1793e+22 3.1916e-02 0.0000e+00 1.4885e+05 0.0000e+00
3.5000e+02 1.9798e-11 4.8180e+00 1.8758e+03 2.9042e+03 4.2000e+03 5.8637e+19 1.0878e+22 1.0878e+22 3.2569e-02 0.0000e+00 1.4626e+05 0.0000e+00
3.6000e+02 1.9693e-11 4.6981e+00 1.8799e+03 2.9133e+03 4.2000e+03 5.5078e+19 1.0052e+22 1.0052e+22 3.3224e-02 0.0000e+00 1.4374e+05 0.0000e+00
3.7000e+02 1.9589e-11 4.5826e+00 1.8840e+03 2.9222e+03 4.2000e+03 5.1806e+19 9.3028e+21 9.3028e+21 3.3882e-02 0.0000e+00 1.4131e+05 0.0000e+00
3.8000e+02 1.9486e-11 4.4714e+00 1.8880e+03 2.9309e+03 4.2000e+03 4.8795e+19 8.6236e+21 8.6236e+21 3.4542e-02 0.0000e+00 1.3896e+05 0.0000e+00
3.9000e+02 1.9384e-11 4.3642e+00 1.8920e+03 2.9396e+03 4.2000e+03 4.6019e+19 8.0064e+21 8.0064e+21 3.5204e-02 0.0000e+00 1.3669e+05 0.0000e+00
4.0000e+02 1.9283e-11 4.2609e+00 1.8959e+03 2.9481e+03 4.2000e+03 4.3458e+19 7.4446e+21 7.4446e+21 3.5869e-02 0.0000e+00 1.3448e+05 0.0000e+00
4.1000e+02 1.9182e-11 4.1614e+00 1.8998e+03 2.9565e+03 4.2000e+03 4.1090e+19 6.9326e+21 6.9326e+21 3.6535e-02 0.0000e+00 1.3235e+05 0.0000e+00
4.2000e+02 1.9082e-11 4.0654e+00 1.9036e+03 2.9647e+03 4.2000e+03 3.8898e+19 6.4652e+21 6.4652e+21 3.7202e-02 0.0000e+00 1.3028e+05 0.0000e+00
4.3000e+02 1.8983e-11 3.9729e+00 1.9074e+03 2.9729e+03 4.2000e+03 3.6867e+19 6.0378e+21 6.0378e+21 3.7871e-02 0.0000e+00 1.2828e+05 0.0000e+00
4.4000e+02 1.8884e-11 3.8835e+00 1.9111e+03 2.9809e+03 4.2000e+03 3.4983e+19 5.6465e+21 5.6465e+21 3.8541e-02 0.0000e+00 1.2634e+05 0.0000e+00
4.5000e+02 1.8786e-11 3.7974e+00 1.9148e+03 2.9888e+03 4.2000e+03 3.3232e+19 5.2878e+21 5.2878e+21 3.9211e-02 0.0000e+00 1.2446e+05 0.0000e+00
4.6000e+02 1.8689e-11 3.7142e+00 1.9184e+03 2.9966e+03 4.2000e+03 3.1604e+19 4.9584e+21 4.9584e+21 3.9882e-02 0.0000e+00 1.2264e+05 0.0000e+00
4.7000e+02 1.8593e-11 3.6338e+00 1.9220e+03 3.0042e+03 4.2000e+03 3.0088e+19 4.6556e+21 4.6556e+21 4.0554e-02 0.0000e+00 1.2088e+05 0.0000e+00
4.8000e+02 1.8497e-11 3.5563e+00 1.9256e+03 3.0118e+03 4.2000e+03 2.8675e+19 4.3768e+21 4.3768e+21 4.1225e-02 0.0000e+00 1.1917e+05 0.0000e+00
4.9000e+02 1.8402e-11 3.4813e+00 1.9291e+03 3.0192e+03 4.2000e+03 2.7356e+19 4.1198e+21 4.1198e+21 4.1896e-02 0.0000e+00 1.1751e+05 0.0000e+00
5.0000e+02 1.8307e-11 3.4089e+00 1.9325e+03 3.0265e+03 4.2000e+03 2.6124e+19 3.8827e+21 3.8827e+21 4.2567e-02 0.0000e+00 1.1590e+05 0.0000e+00
5.1000e+02 1.8214e-11 3.3389e+00 1.9359e+03 3.0337e+03 4.2000e+03 2.4971e+19 3.6635e+21 3.6635e+21 4.3237e-02 0.0000e+00 1.1434e+05 0.0000e+00
5.2000e+02 1.8121e-11 3.2712e+00 1.9393e+03 3.0408e+03 4.2000e+03 2.3893e+19 3.4608e+21 3.4608e+21 4.3906e-02 0.0000e+00 1.1283e+05 0.0000e+00
5.3000e+02 1.8028e-11 3.2058e+00 1.9426e+03 3.0478e+03 4.2000e+03 2.2882e+19 3.2730e+21 3.2730e+21 4.4574e-02 0.0000e+00 1.1136e+05 0.0000e+00
5.4000e+02 1.7937e-11 3.1425e+00 1.9458e+03 3.0546e+03 4.2000e+03 2.1934e+19 3.0989e+21 3.0989e+21 4.5240e-02 0.0000e+00 1.0994e+05 0.0000e+00
5.5000e+02 1.7846e-11 3.0812e+00 1.9491e+03 3.0614e+03 4.2000e+03 2.1044e+19 2.9373e+21 2.9373e+21 4.5905e-02 0.0000e+00 1.0855e+05 0.0000e+00
5.6000e+02 1.7755e-11 3.0220e+00 1.9522e+03 3.0681e+03 4.2000e+03 2.0208e+19 2.7871e+21 2.7871e+21 4.6568e-02 0.0000e+00 1.0721e+05 0.0000e+00
5.7000e+02 1.7666e-11 2.9646e+00 1.9553e+03 3.0746e+03 4.2000e+03 1.9421e+19 2.6474e+21 2.6474e+21 4.7230e-02 0.0000e+00 1.0591e+05 0.0000e+00
5.8000e+02 1.7577e-11 2.9091e+00 1.9584e+03 3.0811e+03 4.2000e+03 1.8681e+19 2.5173e+21 2.5173e+21 4.7889e-02 0.0000e+00 1.0464e+05 0.0000e+00
5.9000e+02 1.7488e-11 2.8553e+00 1.9614e+03 3.0874e+03 4.2000e+03 1.7983e+19 2.3960e+21 2.3960e+21 4.8545e-02 0.0000e+00 1.0342e+05 0.0000e+00
6.0000e+02 1.7400e-11 2.8032e+00 1.9644e+03 3.0936e+03 4.2000e+03 1.7326e+19 2.2829e+21 2.2829e+21 4.9199e-02 0.0000e+00 1.0222e+05 0.0000e+00
6.1000e+02 1.7313e-11 2.7528e+00 1.9674e+03 3.0998e+03 4.2000e+03 1.6706e+19 2.1772e+21 2.1772e+21 4.9850e-02 0.0000e+00 1.0107e+05 0.0000e+00
6.2000e+02 1.7227e-11 2.7038e+00 1.9703e+03 3.1058e+03 4.2000e+03 1.6120e+19 2.0784e+21 2.0784e+21 5.0498e-02 0.0000e+00 9.9942e+04 0.0000e+00
6.3000e+02 1.7141e-11 2.6565e+00 1.9731e+03 3.1118e+03 4.2000e+03 1.5566e+19 1.9859e+21 1.9859e+21 5.1142e-02 0.0000e+00 9.8849e+04 0.0000e+00
6.4000e+02 1.7055e-11 2.6105e+00 1.9759e+03 3.1176e+03 4.2000e+03 1.5043e+19 1.8993e+21 1.8993e+21 5.1783e-02 0.0000e+00 9.7788e+04 0.0000e+00
6.5000e+02 1.6971e-11 2.5659e+00 1.9787e+03 3.1233e+03 4.2000e+03 1.4547e+19 1.8182e+21 1.8182e+21 5.2421e-02 0.0000e+00 9.6757e+04 0.0000e+00
6.6000e+02 1.6887e-11 2.5227e+00 1.9814e+03 3.1290e+03 4.2000e+03 1.4078e+19 1.7420e+21 1.7420e+21 5.3055e-02 0.0000e+00 9.5755e+04 0.0000e+00
6.7000e+02 1.6803e-11 2.4808e+00 1.9841e+03 3.1345e+03 4.2000e+03 1.3634e+19 1.6705e+21 1.6705e+21 5.3684e-02 0.0000e+00 9.4782e+04 0.0000e+00
6.8000e+02 1.6720e-11 2.4401e+00 1.9867e+03 3.1400e+03 4.2000e+03 1.3212e+19 1.6034e+21 1.6034e+21 5.4310e-02 0.0000e+00 9.3836e+04 0.0000e+00
6.9000e+02 1.6638e-11 2.4007e+00 1.9893e+03 3.1453e+03 4.2000e+03 1.2812e+19 1.5402e+21 1.5402e+21 5.4931e-02 0.0000e+00 9.2917e+04 0.0000e+00
7.0000e+02 1.6556e-11 2.3624e+00 1.9919e+03 3.1506e+03 4.2000e+03 1.2433e+19 1.4807e+21 1.4807e+21 5.5547e-02 0.0000e+00 9.2023e+04 0.0000e+00
7.1000e+02 1.6475e-11 2.3252e+00 1.9944e+03 3.1558e+03 4.2000e+03 1.2072e+19 1.4247e+21 1.4247e+21 5.6159e-02 0.0000e+00 9.1155e+04 0.0000e+00
7.2000e+02 1.6394e-11 2.2891e+00 1.9969e+03 3.1609e+03 4.2000e+03 1.1729e+19 1.3719e+21 1.3719e+21 5.6766e-02 0.0000e+00 9.0311e+04 0.0000e+00
7.3000e+02 1.6314e-11 2.2540e+00 1.9993e+03 3.1659e+03 4.2000e+03 1.1403e+19 1.3221e+21 1.3221e+21 5.7368e-02 0.0000e+00 8.9490e+04 0.0000e+00
7.4000e+02 1.6235e-11 2.2199e+00 2.0017e+03 3.1708e+03 4.2000e+03 1.1092e+19 1.2751e+21 1.2751e+21 5.7965e-02 0.0000e+00 8.8692e+04 0.0000e+00
7.5000e+02 1.6156e-11 2.1868e+00 2.0040e+03 3.1756e+03 4.2000e+03 1.0797e+19 1.2306e+21 1.2306e+21 5.8556e-02 0.0000e+00 8.7917e+04 0.0000e+00
7.6000e+02 1.6078e-11 2.1547e+00 2.0063e+03 3.1803e+03 4.2000e+03 1.0515e+19 1.1887e+21 1.1887e+21 5.9142e-02 0.0000e+00 8.7162e+04 0.0000e+00
7.7000e+02 1.6000e-11 2.1234e+00 2.0086e+03 3.1850e+03 4.2000e+03 1.0247e+19 1.1490e+21 1.1490e+21 5.9722e-02 0.0000e+00 8.6429e+04 0.0000e+00
7.8000e+02 1.5923e-11 2.0930e+00 2.0108e+03 3.1895e+03 4.2000e+03 9.9906e+18 1.1114e+21 1.1114e+21 6.0297e-02 0.0000e+00 8.5716e+04 0.0000e+00
7.9000e+02 1.5846e-11 2.0635e+00 2.0130e+03 3.1940e+03 4.2000e+03 9.7464e+18 1.0758e+21 1.0758e+21 6.0866e-02 0.0000e+00 8.5023e+04 0.0000e+00
8.0000e+02 1.5770e-11 2.0347e+00 2.0151e+03 3.1984e+03 4.2000e+03 9.5133e+18 1.0420e+21 1.0420e+21 6.1429e-02 0.0000e+00 8.4348e+04 0.0000e+00
8.1000e+02 1.5694e-11 2.0068e+00 2.0172e+03 3.2027e+03 4.2000e+03 9.2907e+18 1.0100e+21 1.0100e+21 6.1985e-02 0.0000e+00 8.3693e+04 0.0000e+00
8.2000e+02 1.5619e-11 1.9796e+00 2.0193e+03 3.2070e+03 4.2000e+03 9.0780e+18 9.7969e+20 9.7969e+20 6.2536e-02 0.0000e+00 8.3055e+04 0.0000e+00
8.3000e+02 1.5544e-11 1.9531e+00 2.0213e+03 3.2111e+03 4.2000e+03 8.8747e+18 9.5088e+20 9.5088e+20 6.3080e-02 0.0000e+00 8.2435e+04 0.0000e+00
8.4000e+02 1.5470e-11 1.9274e+00 2.0233e+03 3.2152e+03 4.2000e+03 8.6803e+18 9.2351e+20 9.2351e+20 6.3618e-02 0.0000e+00 8.1832e+04 0.0000e+00
8.5000e+02 1.5397e-11 1.9023e+00 2.0253e+03 3.2192e+03 4.2000e+03 8.4944e+18 8.9750e+20 8.9750e+20 6.4150e-02 0.0000e+00 8.1246e+04 0.0000e+00
8.6000e+02 1.5324e-11 1.8780e+00 2.0272e+03 3.2231e+03 4.2000e+03 8.3164e+18 8.7277e+20 8.7277e+20 6.4675e-02 0.0000e+00 8.0675e+04 0.0000e+00
8.7000e+02 1.5251e-11 1.8542e+00 2.0291e+03 3.2269e+03 4.2000e+03 8.1461e+18 8.4924e+20 8.4924e+20 6.5193e-02 0.0000e+00 8.0121e+04 0.0000e+00
8.8000e+02 1.5179e-11 1.8311e+00 2.0309e+03 3.2307e+03 4.2000e+03 7.9829e+18 8.2685e+20 8.2685e+20 6.5704e-02 0.0000e+00 7.9582e+04 0.0000e+00
8.9000e+02 1.5108e-11 1.8086e+00 2.0328e+03 3.2344e+03 4.2000e+03 7.8266e+18 8.0552e+20 8.0552e+20 6.6209e-02 0.0000e+00 7.9057e+04 0.0000e+00
9.0000e+02 1.5037e-11 1.7866e+00 2.0345e+03 3.2380e+03 4.2000e+03 7.6768e+18 7.8521e+20 7.8521e+20 6.6706e-02 0.0000e+00 7.8547e+04 0.0000e+00
9.1000e+02 1.4966e-11 1.7653e+00 2.0363e+03 3.2415e+03 4.2000e+03 7.5333e+18 7.6584e+20 7.6584e+20 6.7197e-02 0.0000e+00 7.8051e+04 0.0000e+00
9.2000e+02 1.4896e-11 1.7445e+00 2.0380e+03 3.2450e+03 4.2000e+03 7.3956e+18 7.4738e+20 7.4738e+20 6.7681e-02 0.0000e+00 7.7569e+04 0.0000e+00
9.3000e+02 1.4827e-11 1.7242e+00 2.0396e+03 3.2484e+03 4.2000e+03 7.2635e+18 7.2977e+20 7.2977e+20 6.8158e-02 0.0000e+00 7.7100e+04 0.0000e+00
9.4000e+02 1.4757e-11 1.7044e+00 2.0413e+03 3.2517e+03 4.2000e+03 7.1367e+18 7.1296e+20 7.1296e+20 6.8627e-02 0.0000e+00 7.6644e+04 0.0000e+00
9.5000e+02 1.4689e-11 1.6851e+00 2.0429e+03 3.2550e+03 4.2000e+03 7.0151e+18 6.9691e+20 6.9691e+20 6.9090e-02 0.0000e+00 7.6200e+04 0.0000e+00
9.6000e+02 1.4621e-11 1.6663e+00 2.0445e+03 3.2581e+03 4.2000e+03 6.8983e+18 6.8158e+20 6.8158e+20 6.9545e-02 0.0000e+00 7.5769e+04 0.0000e+00
9.7000e+02 1.4553e-11 1.6480e+00 2.0460e+03 3.2613e+03 4.2000e+03 6.7862e+18 6.6694e+20 6.6694e+20 6.9993e-02 0.0000e+00 7.5350e+04 0.0000e+00
9.8000e+02 1.4486e-11 1.6301e+00 2.0475e+03 3.2643e+03 4.2000e+03 6.6784e+18 6.5294e+20 6.5294e+20 7.0434e-02 0.0000e+00 7.4943e+04 0.0000e+00
9.9000e+02 1.4419e-11 1.6127e+00 2.0490e+03 3.2673e+03 4.2000e+03 6.5750e+18 6.3956e+20 6.3956e+20 7.0867e-02 0.0000e+00 7.4546e+04 0.0000e+00
1.0000e+03 1.4353e-11 1.5957e+00 2.0504e+03 3.2702e+03 4.2000e+03 6.4755e+18 6.2676e+20 6.2676e+20 7.1293e-02 0.0000e+00 7.4162e+04 0.0000e+00
1.0100e+03 1.4287e-11 1.5791e+00 2.0518e+03 3.2731e+03 4.2000e+03 6.3799e+18 6.1452e+20 6.1452e+20 7.1712e-02 0.0000e+00 7.3787e+04 0.0000e+00
1.0200e+03 1.4222e-11 1.5629e+00 2.0532e+03 3.2758e+03 4.2000e+03 6.2881e+18 6.0280e+20 6.0280e+20 7.2123e-02 0.0000e+00 7.3424e+04 0.0000e+00
1.0300e+03 1.4157e-11 1.5471e+00 2.0545e+03 3.2786e+03 4.2000e+03 6.1997e+18 5.9159e+20 5.9159e+20 7.2527e-02 0.0000e+00 7.3071e+04 0.0000e+00
1.0400e+03 1.4092e-11 1.5317e+00 2.0559e+03 3.2812e+03 4.2000e+03 6.1148e+18 5.8085e+20 5.8085e+20 7.2924e-02 0.0000e+00 7.2727e+04 0.0000e+00
1.0500e+03 1.4028e-11 1.5166e+00 2.0571e+03 3.2838e+03 4.2000e+03 6.0330e+18 5.7056e+20 5.7056e+20 7.3313e-02 0.0000e+00 7.2394e+04 0.0000e+00
1.0600e+03 1.3965e-11 1.5019e+00 2.0584e+03 3.2864e+03 4.2000e+03 5.9544e+18 5.6071e+20 5.6071e+20 7.3695e-02 0.0000e+00 7.2070e+04 0.0000e+00
1.0700e+03 1.3902e-11 1.4876e+00 2.0596e+03 3.2888e+03 4.2000e+03 5.8788e+18 5.5127e+20 5.5127e+20 7.4069e-02 0.0000e+00 7.1755e+04 0.0000e+00
1.0800e+03 1.3839e-11 1.4736e+00 2.0608e+03 3.2913e+03 4.2000e+03 5.8061e+18 5.4222e+20 5.4222e+20 7.4436e-02 0.0000e+00 7.1450e+04 0.0000e+00
1.0900e+03 1.3777e-11 1.4599e+00 2.0620e+03 3.2936e+03 4.2000e+03 5.7361e+18 5.3355e+20 5.3355e+20 7.4796e-02 0.0000e+00 7.1153e+04 0.0000e+00
1.1000e+03 1.3715e-11 1.4465e+00 2.0631e+03 3.2959e+03 4.2000e+03 5.6687e+18 5.2523e+20 5.2523e+20 7.5148e-02 0.0000e+00 7.0865e+04 0.0000e+00
1.1100e+03 1.3653e-11 1.4334e+00 2.0642e+03 3.2982e+03 4.2000e+03 5.6038e+18 5.1726e+20 5.1726e+20 7.5493e-02 0.0000e+00 7.0585e+04 0.0000e+00
1.1200e+03 1.3592e-11 1.4207e+00 2.0653e+03 3.3004e+03 4.2000e+03 5.5414e+18 5.0961e+20 5.0961e+20 7.5831e-02 0.0000e+00 7.0314e+04 0.0000e+00
1.1300e+03 1.3532e-11 1.4082e+00 2.0664e+03 3.3025e+03 4.2000e+03 5.4814e+18 5.0227e+20 5.0227e+20 7.6161e-02 0.0000e+00 7.0051e+04 0.0000e+00
1.1400e+03 1.3471e-11 1.3960e+00 2.0674e+03 3.3046e+03 4.2000e+03 5.4236e+18 4.9524e+20 4.9524e+20 7.6484e-02 0.0000e+00 6.9795e+04 0.0000e+00
1.1500e+03 1.3412e-11 1.3841e+00 2.0684e+03 3.3066e+03 4.2000e+03 5.3679e+18 4.8849e+20 4.8849e+20 7.6800e-02 0.0000e+00 6.9548e+04 0.0000e+00
1.1600e+03 1.3352e-11 1.3725e+00 2.0694e+03 3.3086e+03 4.2000e+03 5.3144e+18 4.8201e+20 4.8201e+20 7.7109e-02 0.0000e+00 6.9307e+04 0.0000e+00
1.1700e+03 1.3293e-11 1.3611e+00 2.0703e+03 3.3105e+03 4.2000e+03 5.2628e+18 4.7579e+20 4.7579e+20 7.7410e-02 0.0000e+00 6.9074e+04 0.0000e+00
1.1800e+03 1.3235e-11 1.3500e+00 2.0713e+03 3.3124e+03 4.2000e+03 5.2132e+18 4.6983e+20 4.6983e+20 7.7704e-02 0.0000e+00 6.8849e+04 0.0000e+00
1.1900e+03 1.3176e-11 1.3391e+00 2.0722e+03 3.3142e+03 4.2000e+03 5.1654e+18 4.6411e+20 4.6411e+20 7.7991e-02 0.0000e+00 6.8630e+04 0.0000e+00
1.2000e+03 1.3119e-11 1.3284e+00 2.0731e+03 3.3159e+03 4.2000e+03 5.1195e+18 4.5862e+20 4.5862e+20 7.8271e-02 0.0000e+00 6.8418e+04 0.0000e+00
1.2100e+03 1.3061e-11 1.3180e+00 2.0739e+03 3.3177e+03 4.2000e+03 5.0753e+18 4.5335e+20 4.5335e+20 7.8544e-02 0.0000e+00 6.8213e+04 0.0000e+00
1.2200e+03 1.3004e-11 1.3078e+00 2.0747e+03 3.3193e+03 4.2000e+03 5.0327e+18 4.4829e+20 4.4829e+20 7.8810e-02 0.0000e+00 6.8014e+04 0.0000e+00
1.2300e+03 1.2947e-11 1.2979e+00 2.0755e+03 3.3209e+03 4.2000e+03 4.9918e+18 4.4344e+20 4.4344e+20 7.9069e-02 0.0000e+00 6.7822e+04 0.0000e+00
1.2400e+03 1.2891e-11 1.2881e+00 2.0763e+03 3.3225e+03 4.2000e+03 4.9524e+18 4.3879e+20 4.3879e+20 7.9321e-02 0.0000e+00 6.7636e+04 0.0000e+00
1.2500e+03 1.2835e-11 1.2786e+00 2.0771e+03 3.3240e+03 4.2000e+03 4.9146e+18 4.3432e+20 4.3432e+20 7.9566e-02 0.0000e+00 6.7456e+04 0.0000e+00
1.2600e+03 1.2780e-11 1.2692e+00 2.0778e+03 3.3255e+03 4.2000e+03 4.8782e+18 4.3004e+20 4.3004e+20 7.9804e-02 0.0000e+00 6.7283e+04 0.0000e+00
1.2700e+03 1.2725e-11 1.2601e+00 2.0785e+03 3.3270e+03 4.2000e+03 4.8432e+18 4.2593e+20 4.2593e+20 8.0036e-02 0.0000e+00 6.7114e+04 0.0000e+00
1.2800e+03 1.2670e-11 1.2512e+00 2.0792e+03 3.3283e+03 4.2000e+03 4.8096e+18 4.2199e+20 4.2199e+20 8.0261e-02 0.0000e+00 6.6952e+04 0.0000e+00
1.2900e+03 1.2615e-11 1.2424e+00 2.0799e+03 3.3297e+03 4.2000e+03 4.7773e+18 4.1822e+20 4.1822e+20 8.0479e-02 0.0000e+00 6.6796e+04 0.0000e+00
1.3000e+03 1.2561e-11 1.2338e+00 2.0805e+03 3.3310e+03 4.2000e+03 4.7463e+18 4.1460e+20 4.1460e+20 8.0691e-02 0.0000e+00 6.6644e+04 0.0000e+00
1.3100e+03 1.2508e-11 1.2255e+00 2.0812e+03 3.3322e+03 4.2000e+03 4.7165e+18 4.1114e+20 4.1114e+20 8.0896e-02 0.0000e+00 6.6498e+04 0.0000e+00
1.3200e+03 1.2454e-11 1.2172e+00 2.0818e+03 3.3335e+03 4.2000e+03 4.6879e+18 4.0781e+20 4.0781e+20 8.1095e-02 0.0000e+00 6.6358e+04 0.0000e+00
1.3300e+03 1.2401e-11 1.2092e+00 2.0823e+03 3.3346e+03 4.2000e+03 4.6605e+18 4.0464e+20 4.0464e+20 8.1287e-02 0.0000e+00 6.6222e+04 0.0000e+00
1.3400e+03 1.2349e-11 1.2013e+00 2.0829e+03 3.3358e+03 4.2000e+03 4.6342e+18 4.0159e+20 4.0159e+20 8.1473e-02 0.0000e+00 6.6092e+04 0.0000e+00
1.3500e+03 1.2296e-11 1.1936e+00 2.0835e+03 3.3369e+03 4.2000e+03 4.6090e+18 3.9868e+20 3.9868e+20 8.1653e-02 0.0000e+00 6.5967e+04 0.0000e+00
1.3600e+03 1.2244e-11 1.1860e+00 2.0840e+03 3.3379e+03 4.2000e+03 4.5848e+18 3.9590e+20 3.9590e+20 8.1826e-02 0.0000e+00 6.5846e+04 0.0000e+00
1.3700e+03 1.2193e-11 1.1786e+00 2.0845e+03 3.3389e+03 4.2000e+03 4.5617e+18 3.9324e+20 3.9324e+20 8.1994e-02 0.0000e+00 6.5730e+04 0.0000e+00
1.3800e+03 1.2141e-11 1.1713e+00 2.0850e+03 3.3399e+03 4.2000e+03 4.5396e+18 3.9070e+20 3.9070e+20 8.2155e-02 0.0000e+00 6.5619e+04 0.0000e+00
1.3900e+03 1.2090e-11 1.1642e+00 2.0854e+03 3.3408e+03 4.2000e+03 4.5185e+18 3.8827e+20 3.8827e+20 8.2310e-02 0.0000e+00 6.5512e+04 0.0000e+00
1.4000e+03 1.2040e-11 1.1573e+00 2.0859e+03 3.3417e+03 4.2000e+03 4.4983e+18 3.8596e+20 3.8596e+20 8.2460e-02 0.0000e+00 6.5410e+04 0.0000e+00
1.4100e+03 1.1990e-11 1.1504e+00 2.0863e+03 3.3426e+03 4.2000e+03 4.4790e+18 3.8375e+20 3.8375e+20 8.2603e-02 0.0000e+00 6.5312e+04 0.0000e+00
1.4200e+03 1.1940e-11 1.1437e+00 2.0867e+03 3.3434e+03 4.2000e+03 4.4606e+18 3.8165e+20 3.8165e+20 8.2741e-02 0.0000e+00 6.5218e+04 0.0000e+00
1.4300e+03 1.1890e-11 1.1372e+00 2.0871e+03 3.3442e+03 4.2000e+03 4.4431e+18 3.7965e+20 3.7965e+20 8.2872e-02 0.0000e+00 6.5128e+04 0.0000e+00
1.4400e+03 1.1841e-11 1.1307e+00 2.0875e+03 3.3450e+03 4.2000e+03 4.4264e+18 3.7775e+20 3.7775e+20 8.2999e-02 0.0000e+00 6.5043e+04 0.0000e+00
1.4500e+03 1.1792e-11 1.1244e+00 2.0879e+03 3.3457e+03 4.2000e+03 4.4106e+18 3.7595e+20 3.7595e+20 8.3119e-02 0.0000e+00 6.4962e+04 0.0000e+00
1.4600e+03 1.1743e-11 1.1182e+00 2.0882e+03 3.3464e+03 4.2000e+03 4.3955e+18 3.7423e+20 3.7423e+20 8.3234e-02 0.0000e+00 6.4884e+04 0.0000e+00
1.4700e+03 1.1695e-11 1.1122e+00 2.0885e+03 3.3471e+03 4.2000e+03 4.3813e+18 3.7261e+20 3.7261e+20 8.3344e-02 0.0000e+00 6.4810e+04 0.0000e+00
1.4800e+03 1.1647e-11 1.1062e+00 2.0888e+03 3.3477e+03 4.2000e+03 4.3677e+18 3.7108e+20 3.7108e+20 8.3448e-02 0.0000e+00 6.4741e+04 0.0000e+00
1.4900e+03 1.1599e-11 1.1004e+00 2.0891e+03 3.3483e+03 4.2000e+03 4.3550e+18 3.6964e+20 3.6964e+20 8.3547e-02 0.0000e+00 6.4675e+04 0.0000e+00
1.5000e+03 1.1552e-11 1.0947e+00 2.0894e+03 3.3488e+03 4.2000e+03 4.3429e+18 3.6827e+20 3.6827e+20 8.3641e-02 0.0000e+00 6.4612e+04 0.0000e+00
1.5100e+03 1.1505e-11 1.0890e+00 2.0897e+03 3.3494e+03 4.2000e+03 4.3316e+18 3.6699e+20 3.6699e+20 8.3730e-02 0.0000e+00 6.4553e+04 0.0000e+00
1.5200e+03 1.1458e-11 1.0835e+00 2.0899e+03 3.3499e+03 4.2000e+03 4.3210e+18 3.6579e+20 3.6579e+20 8.3813e-02 0.0000e+00 6.4498e+04 0.0000e+00
1.5300e+03 1.1411e-11 1.0781e+00 2.0901e+03 3.3503e+03 4.2000e+03 4.3110e+18 3.6466e+20 3.6466e+20 8.3891e-02 0.0000e+00 6.4446e+04 0.0000e+00
1.5400e+03 1.1365e-11 1.0728e+00 2.0904e+03 3.3508e+03 4.2000e+03 4.3017e+18 3.6361e+20 3.6361e+20 8.3965e-02 0.0000e+00 6.4397e+04 0.0000e+00
1.5500e+03 1.1319e-11 1.0676e+00 2.0906e+03 3.3512e+03 4.2000e+03 4.2930e+18 3.6263e+20 3.6263e+20 8.4034e-02 0.0000e+00 6.4352e+04 0.0000e+00
1.5600e+03 1.1274e-11 1.0625e+00 2.0908e+03 3.3516e+03 4.2000e+03 4.2849e+18 3.6172e+20 3.6172e+20 8.4097e-02 0.0000e+00 6.4310e+04 0.0000e+00
1.5700e+03 1.1228e-11 1.0575e+00 2.0909e+03 3.3519e+03 4.2000e+03 4.2775e+18 3.6089e+20 3.6089e+20 8.4156e-02 0.0000e+00 6.4271e+04 0.0000e+00
1.5800e+03 1.1183e-11 1.0526e+00 2.0911e+03 3.3522e+03 4.2000e+03 4.2707e+18 3.6012e+20 3.6012e+20 8.4211e-02 0.0000e+00 6.4235e+04 0.0000e+00
1.5900e+03 1.1139e-11 1.0478e+00 2.0912e+03 3.3525e+03 4.2000e+03 4.2644e+18 3.5941e+20 3.5941e+20 8.4261e-02 0.0000e+00 6.4202e+04 0.0000e+00
1.6000e+03 1.1094e-11 1.0430e+00 2.0914e+03 3.3528e+03 4.2000e+03 4.2587e+18 3.5878e+20 3.5878e+20 8.4306e-02 0.0000e+00 6.4172e+04 0.0000e+00
1.6100e+03 1.1050e-11 1.0384e+00 2.0915e+03 3.3530e+03 4.2000e+03 4.2536e+18 3.5820e+20 3.5820e+20 8.4347e-02 0.0000e+00 6.4146e+04 0.0000e+00
1.6200e+03 1.1006e-11 1.0338e+00 2.0916e+03 3.3533e+03 4.2000e+03 4.2491e+18 3.5769e+20 3.5769e+20 8.4383e-02 0.0000e+00 6.4122e+04 0.0000e+00
1.6300e+03 1.0963e-11 1.0293e+00 2.0917e+03 3.3534e+03 4.2000e+03 4.2450e+18 3.5724e+20 3.5724e+20 8.4415e-02 0.0000e+00 6.4101e+04 0.0000e+00
1.6400e+03 1.0919e-11 1.0249e+00 2.0918e+03 3.3536e+03 4.2000e+03 4.2415e+18 3.5685e+20 3.5685e+20 8.4443e-02 0.0000e+00 6.4082e+04 0.0000e+00
1.6500e+03 1.0876e-11 1.0206e+00 2.0918e+03 3.3538e+03 4.2000e+03 4.2385e+18 3.5651e+20 3.5651e+20 8.4467e-02 0.0000e+00 6.4067e+04 0.0000e+00
1.6600e+03 1.0834e-11 1.0164e+00 2.0919e+03 3.3539e+03 4.2000e+03 4.2361e+18 3.5624e+20 3.5624e+20 8.4486e-02 0.0000e+00 6.4054e+04 0.0000e+00
1.6700e+03 1.0791e-11 1.0122e+00 2.0919e+03 3.3540e+03 4.2000e+03 4.2341e+18 3.5601e+20 3.5601e+20 8.4502e-02 0.0000e+00 6.4044e+04 0.0000e+00
1.6800e+03 1.0749e-11 1.0081e+00 2.0920e+03 3.3540e+03 4.2000e+03 4.2326e+18 3.5585e+20 3.5585e+20 8.4514e-02 0.0000e+00 6.4036e+04 0.0000e+00
1.6900e+03 1.0707e-11 1.0041e+00 2.0920e+03 3.3541e+03 4.2000e+03 4.2316e+18 3.5574e+20 3.5574e+20 8.4521e-02 0.0000e+00 6.4031e+04 0.0000e+00
1.7000e+03 1.0665e-11 1.0001e+00 2.0920e+03 3.3541e+03 4.2000e+03 4.2310e+18 3.5568e+20 3.5568e+20 8.4525e-02 0.0000e+00 6.4029e+04 0.0000e+00
1.7100e+03 1.0624e-11 9.9622e-01 2.0920e+03 3.3541e+03 4.2000e+03 4.2310e+18 3.5567e+20 3.5567e+20 8.4525e-02 0.0000e+00 6.4029e+04 0.0000e+00
1.7200e+03 1.0583e-11 9.9241e-01 2.0920e+03 3.3541e+03 4.2000e+03 4.2313e+18 3.5572e+20 3.5572e+20 8.4522e-02 0.0000e+00 6.4031e+04 0.0000e+00
1.7300e+03 1.0542e-11 9.8866e-01 2.0920e+03 3.3541e+03 4.2000e+03 4.2322e+18 3.5581e+20 3.5581e+20 8.4514e-02 0.0000e+00 6.4036e+04 0.0000e+00
1.7400e+03 1.0501e-11 9.8498e-01 2.0920e+03 3.3540e+03 4.2000e+03 4.2334e+18 3.5595e+20 3.5595e+20 8.4504e-02 0.0000e+00 6.4043e+04 0.0000e+00
1.7500e+03 1.0461e-11 9.8136e-01 2.0919e+03 3.3539e+03 4.2000e+03 4.2351e+18 3.5615e+20 3.5615e+20 8.4489e-02 0.0000e+00 6.4052e+04 0.0000e+00
1.7600e+03 1.0421e-11 9.7780e-01 2.0919e+03 3.3538e+03 4.2000e+03 4.2372e+18 3.5638e+20 3.5638e+20 8.4472e-02 0.0000e+00 6.4064e+04 0.0000e+00
1.7700e+03 1.0381e-11 9.7430e-01 2.0918e+03 3.3537e+03 4.2000e+03 4.2398e+18 3.5667e+20 3.5667e+20 8.4450e-02 0.0000e+00 6.4078e+04 0.0000e+00
1.7800e+03 1.0342e-11 9.7087e-01 2.0917e+03 3.3535e+03 4.2000e+03 4.2427e+18 3.5700e+20 3.5700e+20 8.4426e-02 0.0000e+00 6.4094e+04 0.0000e+00
1.7900e+03 1.0302e-11 9.6749e-01 2.0916e+03 3.3534e+03 4.2000e+03 4.2461e+18 3.5738e+20 3.5738e+20 8.4398e-02 0.0000e+00 6.4112e+04 0.0000e+00
1.8000e+03 1.0263e-11 9.6417e-01 2.0916e+03 3.3532e+03 4.2000e+03 4.2498e+18 3.5781e+20 3.5781e+20 8.4367e-02 0.0000e+00 6.4132e+04 0.0000e+00
1.8100e+03 1.0224e-11 9.6091e-01 2.0915e+03 3.3530e+03 4.2000e+03 4.2539e+18 3.5827e+20 3.5827e+20 8.4333e-02 0.0000e+00 6.4154e+04 0.0000e+00
1.8200e+03 1.0186e-11 9.5770e-01 2.0913e+03 3.3528e+03 4.2000e+03 4.2585e+18 3.5879e+20 3.5879e+20 8.4296e-02 0.0000e+00 6.4179e+04 0.0000e+00
1.8300e+03 1.0147e-11 9.5454e-01 2.0912e+03 3.3526e+03 4.2000e+03 4.2634e+18 3.5934e+20 3.5934e+20 8.4256e-02 0.0000e+00 6.4205e+04 0.0000e+00
1.8400e+03 1.0109e-11 9.5144e-01 2.0911e+03 3.3523e+03 4.2000e+03 4.2687e+18 3.5994e+20 3.5994e+20 8.4213e-02 0.0000e+00 6.4233e+04 0.0000e+00
1.8500e+03 1.0071e-11 9.4839e-01 2.0910e+03 3.3520e+03 4.2000e+03 4.2743e+18 3.6058e+20 3.6058e+20 8.4167e-02 0.0000e+00 6.4264e+04 0.0000e+00
1.8600e+03 1.0033e-11 9.4539e-01 2.0908e+03 3.3517e+03 4.2000e+03 4.2803e+18 3.6126e+20 3.6126e+20 8.4118e-02 0.0000e+00 6.4296e+04 0.0000e+00
1.8700e+03 9.9960e-12 9.4244e-01 2.0907e+03 3.3514e+03 4.2000e+03 4.2867e+18 3.6198e+20 3.6198e+20 8.4067e-02 0.0000e+00 6.4330e+04 0.0000e+00
1.8800e+03 9.9588e-12 9.3954e-01 2.0905e+03 3.3511e+03 4.2000e+03 4.2934e+18 3.6274e+20 3.6274e+20 8.4013e-02 0.0000e+00 6.4366e+04 0.0000e+00
1.8900e+03 9.9219e-12 9.3669e-01 2.0903e+03 3.3508e+03 4.2000e+03 4.3005e+18 3.6354e+20 3.6354e+20 8.3956e-02 0.0000e+00 6.4403e+04 0.0000e+00
1.9000e+03 9.8851e-12 9.3389e-01 2.0902e+03 3.3504e+03 4.2000e+03 4.3079e+18 3.6438e+20 3.6438e+20 8.3896e-02 0.0000e+00 6.4443e+04 0.0000e+00
1.9100e+03 9.8486e-12 9.3113e-01 2.0900e+03 3.3501e+03 4.2000e+03 4.3157e+18 3.6527e+20 3.6527e+20 8.3834e-02 0.0000e+00 6.4484e+04 0.0000e+00
1.9200e+03 9.8123e-12 9.2841e-01 2.0898e+03 3.3497e+03 4.2000e+03 4.3238e+18 3.6619e+20 3.6619e+20 8.3769e-02 0.0000e+00 6.4527e+04 0.0000e+00
1.9300e+03 9.7763e-12 9.2574e-01 2.0896e+03 3.3493e+03 4.2000e+03 4.3323e+18 3.6714e+20 3.6714e+20 8.3702e-02 0.0000e+00 6.4571e+04 0.0000e+00
1.9400e+03 9.7404e-12 9.2311e-01 2.0894e+03 3.3489e+03 4.2000e+03 4.3411e+18 3.6814e+20 3.6814e+20 8.3633e-02 0.0000e+00 6.4618e+04 0.0000e+00
1.9500e+03 9.7048e-12 9.2053e-01 2.0892e+03 3.3485e+03 4.2000e+03 4.3502e+18 3.6917e+20 3.6917e+20 8.3561e-02 0.0000e+00 6.4666e+04 0.0000e+00
1.9600e+03 9.6694e-12 9.1799e-01 2.0889e+03 3.3480e+03 4.2000e+03 4.3596e+18 3.7025e+20 3.7025e+20 8.3487e-02 0.0000e+00 6.4715e+04 0.0000e+00
1.9700e+03 9.6342e-12 9.1548e-01 2.0887e+03 3.3476e+03 4.2000e+03 4.3693e+18 3.7135e+20 3.7135e+20 8.3410e-02 0.0000e+00 6.4766e+04 0.0000e+00
1.9800e+03 9.5992e-12 9.1302e-01 2.0885e+03 3.3471e+03 4.2000e+03 4.3794e+18 3.7250e+20 3.7250e+20 8.3332e-02 0.0000e+00 6.4819e+04 0.0000e+00
1.9900e+03 9.5645e-12 9.1060e-01 2.0882e+03 3.3466e+03 4.2000e+03 4.3898e+18 3.7368e+20 3.7368e+20 8.3251e-02 0.0000e+00 6.4873e+04 0.0000e+00
2.0000e+03 9.5299e-12 9.0821e-01 2.0880e+03 3.3461e+03 4.2000e+03 4.4005e+18 3.7490e+20 3.7490e+20 8.3168e-02 0.0000e+00 6.4929e+04 0.0000e+00
2.0100e+03 9.4956e-12 9.0587e-01 2.0877e+03 3.3456e+03 4.2000e+03 4.4115e+18 3.7615e+20 3.7615e+20 8.3083e-02 0.0000e+00 6.4986e+04 0.0000e+00
2.0200e+03 9.4615e-12 9.0356e-01 2.0875e+03 3.3451e+03 4.2000e+03 4.4228e+18 3.7744e+20 3.7744e+20 8.2996e-02 0.0000e+00 6.5045e+04 0.0000e+00
2.0300e+03 9.4276e-12 9.0128e-01 2.0872e+03 3.3446e+03 4.2000e+03 4.4344e+18 3.7877e+20 3.7877e+20 8.2907e-02 0.0000e+00 6.5105e+04 0.0000e+00
2.0400e+03 9.3939e-12 8.9904e-01 2.0870e+03 3.3440e+03 4.2000e+03 4.4463e+18 3.8013e+20 3.8013e+20 8.2816e-02 0.0000e+00 6.5167e+04 0.0000e+00
2.0500e+03 9.3604e-12 8.9684e-01 2.0867e+03 3.3435e+03 4.2000e+03 4.4584e+18 3.8153e+20 3.8153e+20 8.2724e-02 0.0000e+00 6.5229e+04 0.0000e+00
2.0600e+03 9.3271e-12 8.9467e-01 2.0864e+03 3.3429e+03 4.2000e+03 4.4709e+18 3.8296e+20 3.8296e+20 8.2629e-02 0.0000e+00 6.5294e+04 0.0000e+00
2.0700e+03 9.2940e-12 8.9254e-01 2.0861e+03 3.3423e+03 4.2000e+03 4.4837e+18 3.8442e+20 3.8442e+20 8.2533e-02 0.0000e+00 6.5360e+04 0.0000e+00
2.0800e+03 9.2611e-12 8.9044e-01 2.0858e+03 3.3418e+03 4.2000e+03 4.4968e+18 3.8592e+20 3.8592e+20 8.2435e-02 0.0000e+00 6.5427e+04 0.0000e+00
2.0900e+03 9.2284e-12 8.8837e-01 2.0855e+03 3.3412e+03 4.2000e+03 4.5101e+18 3.8745e+20 3.8745e+20 8.2335e-02 0.0000e+00 6.5495e+04 0.0000e+00
2.1000e+03 9.1959e-12 8.8633e-01 2.0852e+03 3.3406e+03 4.2000e+03 4.5238e+18 3.8902e+20 3.8902e+20 8.2234e-02 0.0000e+00 6.5565e+04 0.0000e+00
2.1100e+03 9.1636e-12 8.8433e-01 2.0849e+03 3.3399e+03 4.2000e+03 4.5377e+18 3.9062e+20 3.9062e+20 8.2131e-02 0.0000e+00 6.5636e+04 0.0000e+00
2.1200e+03 9.1315e-12 8.8235e-01 2.0846e+03 3.3393e+03 4.2000e+03 4.5519e+18 3.9226e+20 3.9226e+20 8.2026e-02 0.0000e+00 6.5708e+04 0.0000e+00
2.1300e+03 9.0995e-12 8.8041e-01 2.0843e+03 3.3387e+03 4.2000e+03 4.5664e+18 3.9393e+20 3.9393e+20 8.1920e-02 0.0000e+00 6.5781e+04 0.0000e+00
2.1400e+03 9.0678e-12 8.7849e-01 2.0839e+03 3.3380e+03 4.2000e+03 4.5811e+18 3.9563e+20 3.9563e+20 8.1812e-02 0.0000e+00 6.5856e+04 0.0000e+00
2.1500e+03 9.0363e-12 8.7661e-01 2.0836e+03 3.3374e+03 4.2000e+03 4.5962e+18 3.9737e+20 3.9737e+20 8.1703e-02 0.0000e+00 6.5932e+04 0.0000e+00
2.1600e+03 9.0049e-12 8.7475e-01 2.0833e+03 3.3367e+03 4.2000e+03 4.6115e+18 3.9914e+20 3.9914e+20 8.1592e-02 0.0000e+00 6.6009e+04 0.0000e+00
2.1700e+03 8.9738e-12 8.7292e-01 2.0829e+03 3.3360e+03 4.2000e+03 4.6270e+18 4.0094e+20 4.0094e+20 8.1480e-02 0.0000e+00 6.6087e+04 0.0000e+00
2.1800e+03 8.9428e-12 8.7112e-01 2.0826e+03 3.3353e+03 4.2000e+03 4.6429e+18 4.0278e+20 4.0278e+20 8.1367e-02 0.0000e+00 6.6166e+04 0.0000e+00
2.1900e+03 8.9120e-12 8.6934e-01 2.0822e+03 3.3346e+03 4.2000e+03 4.6590e+18 4.0465e+20 4.0465e+20 8.1253e-02 0.0000e+00 6.6247e+04 0.0000e+00
2.2000e+03 8.8814e-12 8.6760e-01 2.0819e+03 3.3339e+03 4.2000e+03 4.6754e+18 4.0655e+20 4.0655e+20 8.1137e-02 0.0000e+00 6.6328e+04 0.0000e+00
2.2100e+03 8.8510e-12 8.6587e-01 2.0815e+03 3.3332e+03 4.2000e+03 4.6920e+18 4.0848e+20 4.0848e+20 8.1019e-02 0.0000e+00 6.6411e+04 0.0000e+00
2.2200e+03 8.8207e-12 8.6418e-01 2.0812e+03 3.3325e+03 4.2000e+03 4.7089e+18 4.1045e+20 4.1045e+20 8.0901e-02 0.0000e+00 6.6495e+04 0.0000e+00
2.2300e+03 8.7907e-12 8.6251e-01 2.0808e+03 3.3318e+03 4.2000e+03 4.7261e+18 4.1245e+20 4.1245e+20 8.0782e-02 0.0000e+00 6.6580e+04 0.0000e+00
2.2400e+03 8.7608e-12 8.6086e-01 2.0804e+03 3.3310e+03 4.2000e+03 4.7435e+18 4.1448e+20 4.1448e+20 8.0661e-02 0.0000e+00 6.6666e+04 0.0000e+00
2.2500e+03 8.7311e-12 8.5924e-01 2.0801e+03 3.3303e+03 4.2000e+03 4.7612e+18 4.1655e+20 4.1655e+20 8.0539e-02 0.0000e+00 6.6753e+04 0.0000e+00
2.2600e+03 8.7016e-12 8.5764e-01 2.0797e+03 3.3295e+03 4.2000e+03 4.7791e+18 4.1865e+20 4.1865e+20 8.0416e-02 0.0000e+00 6.6841e+04 0.0000e+00
2.2700e+03 8.6722e-12 8.5607e-01 2.0793e+03 3.3288e+03 4.2000e+03 4.7973e+18 4.2078e+20 4.2078e+20 8.0292e-02 0.0000e+00 6.6930e+04 0.0000e+00
2.2800e+03 8.6430e-12 8.5452e-01 2.0789e+03 3.3280e+03 4.2000e+03 4.8158e+18 4.2294e+20 4.2294e+20 8.0167e-02 0.0000e+00 6.7020e+04 0.0000e+00
2.2900e+03 8.6140e-12 8.5299e-01 2.0785e+03 3.3272e+03 4.2000e+03 4.8345e+18 4.2514e+20 4.2514e+20 8.0041e-02 0.0000e+00 6.7111e+04 0.0000e+00
2.3000e+03 8.5852e-12 8.5148e-01 2.0782e+03 3.3265e+03 4.2000e+03 4.8534e+18 4.2736e+20 4.2736e+20 7.9914e-02 0.0000e+00 6.7203e+04 0.0000e+00
2.3100e+03 8.5565e-12 8.5000e-01 2.0778e+03 3.3257e+03 4.2000e+03 4.8726e+18 4.2962e+20 4.2962e+20 7.9787e-02 0.0000e+00 6.7295e+04 0.0000e+00
2.3200e+03 8.5280e-12 8.4854e-01 2.0774e+03 3.3249e+03 4.2000e+03 4.8921e+18 4.3192e+20 4.3192e+20 7.9658e-02 0.0000e+00 6.7389e+04 0.0000e+00
2.3300e+03 8.4997e-12 8.4710e-01 2.0770e+03 3.3241e+03 4.2000e+03 4.9118e+18 4.3424e+20 4.3424e+20 7.9528e-02 0.0000e+00 6.7484e+04 0.0000e+00
2.3400e+03 8.4715e-12 8.4568e-01 2.0766e+03 3.3233e+03 4.2000e+03 4.9318e+18 4.3660e+20 4.3660e+20 7.9398e-02 0.0000e+00 6.7580e+04 0.0000e+00
2.3500e+03 8.4435e-12 8.4428e-01 2.0762e+03 3.3224e+03 4.2000e+03 4.9520e+18 4.3899e+20 4.3899e+20 7.9266e-02 0.0000e+00 6.7676e+04 0.0000e+00
2.3600e+03 8.4156e-12 8.4290e-01 2.0757e+03 3.3216e+03 4.2000e+03 4.9724e+18 4.4141e+20 4.4141e+20 7.9134e-02 0.0000e+00 6.7774e+04 0.0000e+00
2.3700e+03 8.3880e-12 8.4154e-01 2.0753e+03 3.3208e+03 4.2000e+03 4.9931e+18 4.4387e+20 4.4387e+20 7.9001e-02 0.0000e+00 6.7872e+04 0.0000e+00
2.3800e+03 8.3604e-12 8.4020e-01 2.0749e+03 3.3200e+03 4.2000e+03 5.0141e+18 4.4635e+20 4.4635e+20 7.8868e-02 0.0000e+00 6.7971e+04 0.0000e+00
2.3900e+03 8.3331e-12 8.3888e-01 2.0745e+03 3.3191e+03 4.2000e+03 5.0353e+18 4.4887e+20 4.4887e+20 7.8733e-02 0.0000e+00 6.8071e+04 0.0000e+00
2.4000e+03 8.3059e-12 8.3758e-01 2.0741e+03 3.3183e+03 4.2000e+03 5.0567e+18 4.5143e+20 4.5143e+20 7.8598e-02 0.0000e+00 6.8172e+04 0.0000e+00
2.4100e+03 8.2788e-12 8.3629e-01 2.0737e+03 3.3174e+03 4.2000e+03 5.0784e+18 4.5401e+20 4.5401e+20 7.8463e-02 0.0000e+00 6.8274e+04 0.0000e+00
2.4200e+03 8.2519e-12 8.3503e-01 2.0732e+03 3.3166e+03 4.2000e+03 5.1003e+18 4.5663e+20 4.5663e+20 7.8326e-02 0.0000e+00 6.8376e+04 0.0000e+00
2.4300e+03 8.2252e-12 8.3378e-01 2.0728e+03 3.3157e+03 4.2000e+03 5.1225e+18 4.5928e+20 4.5928e+20 7.8189e-02 0.0000e+00 6.8480e+04 0.0000e+00
2.4400e+03 8.1986e-12 8.3255e-01 2.0724e+03 3.3149e+03 4.2000e+03 5.1449e+18 4.6196e+20 4.6196e+20 7.8052e-02 0.0000e+00 6.8584e+04 0.0000e+00
2.4500e+03 8.1722e-12 8.3134e-01 2.0719e+03 3.3140e+03 4.2000e+03 5.1676e+18 4.6467e+20 4.6467e+20 7.7914e-02 0.0000e+00 6.8689e+04 0.0000e+00
2.4600e+03 8.1459e-12 8.3015e-01 2.0715e+03 3.3131e+03 4.2000e+03 5.1905e+18 4.6742e+20 4.6742e+20 7.7775e-02 0.0000e+00 6.8795e+04 0.0000e+00
2.4700e+03 8.1198e-12 8.2897e-01 2.0711e+03 3.3122e+03 4.2000e+03 5.2136e+18 4.7020e+20 4.7020e+20 7.7636e-02 0.0000e+00 6.8901e+04 0.0000e+00
2.4800e+03 8.0939e-12 8.2781e-01 2.0706e+03 3.3114e+03 4.2000e+03 5.2370e+18 4.7301e+20 4.7301e+20 7.7496e-02 0.0000e+00 6.9008e+04 0.0000e+00
2.4900e+03 8.0680e-12 8.2666e-01 2.0702e+03 3.3105e+03 4.2000e+03 5.2606e+18 4.7586e+20 4.7586e+20 7.7356e-02 0.0000e+00 6.9116e+04 0.0000e+00
2.5000e+03 8.0424e-12 8.2553e-01 2.0697e+03 3.3096e+03 4.2000e+03 5.2844e+18 4.7874e+20 4.7874e+20 7.7215e-02 0.0000e+00 6.9225e+04 0.0000e+00
2.5100e+03 8.0168e-12 8.2442e-01 2.0693e+03 3.3087e+03 4.2000e+03 5.3085e+18 4.8165e+20 4.8165e+20 7.7074e-02 0.0000e+00 6.9334e+04 0.0000e+00
2.5200e+03 7.9914e-12 8.2332e-01 2.0688e+03 3.3078e+03 4.2000e+03 5.3328e+18 4.8459e+20 4.8459e+20 7.6932e-02 0.0000e+00 6.9444e+04 0.0000e+00
2.5300e+03 7.9662e-12 8.2224e-01 2.0684e+03 3.3069e+03 4.2000e+03 5.3574e+18 4.8757e+20 4.8757e+20 7.6790e-02 0.0000e+00 6.9555e+04 0.0000e+00
2.5400e+03 7.9411e-12 8.2117e-01 2.0679e+03 3.3060e+03 4.2000e+03 5.3822e+18 4.9058e+20 4.9058e+20 7.6648e-02 0.0000e+00 6.9667e+04 0.0000e+00
2.5500e+03 7.9162e-12 8.2012e-01 2.0675e+03 3.3051e+03 4.2000e+03 5.4072e+18 4.9363e+20 4.9363e+20 7.6505e-02 0.0000e+00 6.9779e+04 0.0000e+00
2.5600e+03 7.8914e-12 8.1908e-01 2.0670e+03 3.3041e+03 4.2000e+03 5.4325e+18 4.9670e+20 4.9670e+20 7.6362e-02 0.0000e+00 6.9892e+04 0.0000e+00
2.5700e+03 7.8667e-12 8.1806e-01 2.0666e+03 3.3032e+03 4.2000e+03 5.4580e+18 4.9982e+20 4.9982e+20 7.6218e-02 0.0000e+00 7.0005e+04 0.0000e+00
2.5800e+03 7.8422e-12 8.1705e-01 2.0661e+03 3.3023e+03 4.2000e+03 5.4838e+18 5.0296e+20 5.0296e+20 7.6075e-02 0.0000e+00 7.0120e+04 0.0000e+00
2.5900e+03 7.8178e-12 8.1606e-01 2.0656e+03 3.3014e+03 4.2000e+03 5.5098e+18 5.0614e+20 5.0614e+20 7.5931e-02 0.0000e+00 7.0234e+04 0.0000e+00
2.6000e+03 7.7935e-12 8.1507e-01 2.0652e+03 3.3004e+03 4.2000e+03 5.5360e+18 5.0935e+20 5.0935e+20 7.5786e-02 0.0000e+00 7.0350e+04 0.0000e+00
2.6100e+03 7.7694e-12 8.1411e-01 2.0647e+03 3.2995e+03 4.2000e+03 5.5624e+18 5.1259e+20 5.1259e+20 7.5641e-02 0.0000e+00 7.0466e+04 0.0000e+00
2.6200e+03 7.7454e-12 8.1315e-01 2.0643e+03 3.2986e+03 4.2000e+03 5.5891e+18 5.1587e+20 5.1587e+20 7.5496e-02 0.0000e+00 7.0583e+04 0.0000e+00
2.6300e+03 7.7216e-12 8.1221e-01 2.0638e+03 3.2976e+03 4.2000e+03 5.6161e+18 5.1919e+20 5.1919e+20 7.5351e-02 0.0000e+00 7.0700e+04 0.0000e+00
2.6400e+03 7.6979e-12 8.1128e-01 2.0633e+03 3.2967e+03 4.2000e+03 5.6432e+18 5.2253e+20 5.2253e+20 7.5206e-02 0.0000e+00 7.0818e+04 0.0000e+00
2.6500e+03 7.6743e-12 8.1037e-01 2.0628e+03 3.2957e+03 4.2000e+03 5.6706e+18 5.2591e+20 5.2591e+20 7.5060e-02 0.0000e+00 7.0937e+04 0.0000e+00
2.6600e+03 7.6508e-12 8.0946e-01 2.0624e+03 3.2948e+03 4.2000e+03 5.6983e+18 5.2933e+20 5.2933e+20 7.4915e-02 0.0000e+00 7.1056e+04 0.0000e+00
2.6700e+03 7.6275e-12 8.0857e-01 2.0619e+03 3.2938e+03 4.2000e+03 5.7261e+18 5.3278e+20 5.3278e+20 7.4769e-02 0.0000e+00 7.1176e+04 0.0000e+00
2.6800e+03 7.6043e-12 8.0769e-01 2.0614e+03 3.2929e+03 4.2000e+03 5.7542e+18 5.3626e+20 5.3626e+20 7.4622e-02 0.0000e+00 7.1296e+04 0.0000e+00
2.6900e+03 7.5813e-12 8.0682e-01 2.0609e+03 3.2919e+03 4.2000e+03 5.7826e+18 5.3978e+20 5.3978e+20 7.4476e-02 0.0000e+00 7.1417e+04 0.0000e+00
2.7000e+03 7.5584e-12 8.0597e-01 2.0605e+03 3.2910e+03 4.2000e+03 5.8112e+18 5.4333e+20 5.4333e+20 7.4330e-02 0.0000e+00 7.1538e+04 0.0000e+00
2.7100e+03 7.5356e-12 8.0513e-01 2.0600e+03 3.2900e+03 4.2000e+03 5.8400e+18 5.4692e+20 5.4692e+20 7.4183e-02 0.0000e+00 7.1660e+04 0.0000e+00
2.7200e+03 7.5129e-12 8.0429e-01 2.0595e+03 3.2890e+03 4.2000e+03 5.8690e+18 5.5054e+20 5.5054e+20 7.4036e-02 0.0000e+00 7.1783e+04 0.0000e+00
2.7300e+03 7.4903e-12 8.0347e-01 2.0590e+03 3.2881e+03 4.2000e+03 5.8983e+18 5.5420e+20 5.5420e+20 7.3890e-02 0.0000e+00 7.1906e+04 0.0000e+00
2.7400e+03 7.4679e-12 8.0266e-01 2.0586e+03 3.2871e+03 4.2000e+03 5.9278e+18 5.5790e+20 5.5790e+20 7.3743e-02 0.0000e+00 7.2030e+04 0.0000e+00
2.7500e+03 7.4456e-12 8.0187e-01 2.0581e+03 3.2861e+03 4.2000e+03 5.9576e+18 5.6162e+20 5.6162e+20 7.3596e-02 0.0000e+00 7.2154e+04 0.0000e+00
2.7600e+03 7.4234e-12 8.0108e-01 2.0576e+03 3.2852e+03 4.2000e+03 5.9876e+18 5.6539e+20 5.6539e+20 7.3449e-02 0.0000e+00 7.2278e+04 0.0000e+00
2.7700e+03 7.4014e-12 8.0030e-01 2.0571e+03 3.2842e+03 4.2000e+03 6.0178e+18 5.6919e+20 5.6919e+20 7.3302e-02 0.0000e+00 7.2404e+04 0.0000e+00
2.7800e+03 7.3795e-12 7.9953e-01 2.0566e+03 3.2832e+03 4.2000e+03 6.0482e+18 5.7302e+20 5.7302e+20 7.3154e-02 0.0000e+00 7.2529e+04 0.0000e+00
2.7900e+03 7.3576e-12 7.9878e-01 2.0561e+03 3.2822e+03 4.2000e+03 6.0789e+18 5.7689e+20 5.7689e+20 7.3007e-02 0.0000e+00 7.2656e+04 0.0000e+00
2.8000e+03 7.3360e-12 7.9803e-01 2.0556e+03 3.2812e+03 4.2000e+03 6.1099e+18 5.8080e+20 5.8080e+20 7.2860e-02 0.0000e+00 7.2782e+04 0.0000e+00
2.8100e+03 7.3144e-12 7.9729e-01 2.0552e+03 3.2803e+03 4.2000e+03 6.1410e+18 5.8474e+20 5.8474e+20 7.2713e-02 0.0000e+00 7.2909e+04 0.0000e+00
2.8200e+03 7.2929e-12 7.9657e-01 2.0547e+03 3.2793e+03 4.2000e+03 6.1724e+18 5.8872e+20 5.8872e+20 7.2566e-02 0.0000e+00 7.3037e+04 0.0000e+00
2.8300e+03 7.2716e-12 7.9585e-01 2.0542e+03 3.2783e+03 4.2000e+03 6.2041e+18 5.9273e+20 5.9273e+20 7.2419e-02 0.0000e+00 7.3165e+04 0.0000e+00
2.8400e+03 7.2504e-12 7.9514e-01 2.0537e+03 3.2773e+03 4.2000e+03 6.2359e+18 5.9678e+20 5.9678e+20 7.2271e-02 0.0000e+00 7.3294e+04 0.0000e+00
2.8500e+03 7.2293e-12 7.9445e-01 2.0532e+03 3.2763e+03 4.2000e+03 6.2680e+18 6.0087e+20 6.0087e+20 7.2124e-02 0.0000e+00 7.3423e+04 0.0000e+00
2.8600e+03 7.2083e-12 7.9376e-01 2.0527e+03 3.2753e+03 4.2000e+03 6.3004e+18 6.0499e+20 6.0499e+20 7.1977e-02 0.0000e+00 7.3553e+04 0.0000e+00
2.8700e+03 7.1874e-12 7.9308e-01 2.0522e+03 3.2743e+03 4.2000e+03 6.3330e+18 6.0915e+20 6.0915e+20 7.1830e-02 0.0000e+00 7.3683e+04 0.0000e+00
2.8800e+03 7.1666e-12 7.9241e-01 2.0517e+03 3.2733e+03 4.2000e+03 6.3658e+18 6.1335e+20 6.1335e+20 7.1683e-02 0.0000e+00 7.3813e+04 0.0000e+00
2.8900e+03 7.1460e-12 7.9175e-01 2.0512e+03 3.2723e+03 4.2000e+03 6.3988e+18 6.1759e+20 6.1759e+20 7.1536e-02 0.0000e+00 7.3944e+04 0.0000e+00
2.9000e+03 7.1254e-12 7.9110e-01 2.0507e+03 3.2713e+03 4.2000e+03 6.4321e+18 6.2186e+20 6.2186e+20 7.1390e-02 0.0000e+00 7.4075e+04 0.0000e+00
2.9100e+03 7.1050e-12 7.9045e-01 2.0502e+03 3.2703e+03 4.2000e+03 6.4657e+18 6.2617e+20 6.2617e+20 7.1243e-02 0.0000e+00 7.4207e+04 0.0000e+00
2.9200e+03 7.0847e-12 7.8982e-01 2.0497e+03 3.2693e+03 4.2000e+03 6.4994e+18 6.3052e+20 6.3052e+20 7.1096e-02 0.0000e+00 7.4339e+04 0.0000e+00
2.9300e+03 7.0645e-12 7.8919e-01 2.0492e+03 3.2683e+03 4.2000e+03 6.5335e+18 6.3490e+20 6.3490e+20 7.0950e-02 0.0000e+00 7.4472e+04 0.0000e+00
2.9400e+03 7.0444e-12 7.8858e-01 2.0487e+03 3.2673e+03 4.2000e+03 6.5677e+18 6.3933e+20 6.3933e+20 7.0803e-02 0.0000e+00 7.4605e+04 0.0000e+00
2.9500e+03 7.0244e-12 7.8797e-01 2.0483e+03 3.2663e+03 4.2000e+03 6.6022e+18 6.4379e+20 6.4379e+20 7.0657e-02 0.0000e+00 7.4738e+04 0.0000e+00
2.9600e+03 7.0045e-12 7.8736e-01 2.0478e+03 3.2653e+03 4.2000e+03 6.6369e+18 6.4829e+20 6.4829e+20 7.0511e-02 0.0000e+00 7.4872e+04 0.0000e+00
2.9700e+03 6.9847e-12 7.8677e-01 2.0473e+03 3.2643e+03 4.2000e+03 6.6719e+18 6.5282e+20 6.5282e+20 7.0365e-02 0.0000e+00 7.5006e+04 0.0000e+00
2.9800e+03 6.9651e-12 7.8618e-01 2.0468e+03 3.2633e+03 4.2000e+03 6.7071e+18 6.5740e+20 6.5740e+20 7.0219e-02 0.0000e+00 7.5141e+04 0.0000e+00
2.9900e+03 6.9455e-12 7.8561e-01 2.0463e+03 3.2623e+03 4.2000e+03 6.7425e+18 6.6201e+20 6.6201e+20 7.0073e-02 0.0000e+00 7.5276e+04 0.0000e+00
3.0000e+03 6.9260e-12 7.8504e-01 2.0458e+03 3.2613e+03 4.2000e+03 6.7782e+18 6.6667e+20 6.6667e+20 6.9927e-02 0.0000e+00 7.5411e+04 0.0000e+00
3.0100e+03 6.9067e-12 7.8447e-01 2.0453e+03 3.2603e+03 4.2000e+03 6.8141e+18 6.7136e+20 6.7136e+20 6.9782e-02 0.0000e+00 7.5547e+04 0.0000e+00
3.0200e+03 6.8874e-12 7.8392e-01 2.0448e+03 3.2593e+03 4.2000e+03 6.8503e+18 6.7609e+20 6.7609e+20 6.9636e-02 0.0000e+00 7.5683e+04 0.0000e+00
3.0300e+03 6.8682e-12 7.8337e-01 2.0443e+03 3.2583e+03 4.2000e+03 6.8867e+18 6.8086e+20 6.8086e+20 6.9491e-02 0.0000e+00 7.5820e+04 0.0000e+00
3.0400e+03 6.8492e-12 7.8283e-01 2.0438e+03 3.2573e+03 4.2000e+03 6.9233e+18 6.8567e+20 6.8567e+20 6.9346e-02 0.0000e+00 7.5957e+04 0.0000e+00
3.0500e+03 6.8302e-12 7.8230e-01 2.0433e+03 3.2563e+03 4.2000e+03 6.9602e+18 6.9052e+20 6.9052e+20 6.9202e-02 0.0000e+00 7.6094e+04 0.0000e+00
3.0600e+03 6.8114e-12 7.8177e-01 2.0428e+03 3.2553e+03 4.2000e+03 6.9974e+18 6.9541e+20 6.9541e+20 6.9057e-02 0.0000e+00 7.6231e+04 0.0000e+00
3.0700e+03 6.7926e-12 7.8125e-01 2.0423e+03 3.2543e+03 4.2000e+03 7.0347e+18 7.0034e+20 7.0034e+20 6.8913e-02 0.0000e+00 7.6369e+04 0.0000e+00
3.0800e+03 6.7740e-12 7.8074e-01 2.0418e+03 3.2532e+03 4.2000e+03 7.0723e+18 7.0531e+20 7.0531e+20 6.8769e-02 0.0000e+00 7.6508e+04 0.0000e+00
3.0900e+03 6.7554e-12 7.8024e-01 2.0413e+03 3.2522e+03 4.2000e+03 7.1102e+18 7.1032e+20 7.1032e+20 6.8625e-02 0.0000e+00 7.6646e+04 0.0000e+00
3.1000e+03 6.7370e-12 7.7974e-01 2.0408e+03 3.2512e+03 4.2000e+03 7.1483e+18 7.1537e+20 7.1537e+20 6.8481e-02 0.0000e+00 7.6785e+04 0.0000e+00
3.1100e+03 6.7186e-12 7.7925e-01 2.0403e+03 3.2502e+03 4.2000e+03 7.1867e+18 7.2047e+20 7.2047e+20 6.8337e-02 0.0000e+00 7.6925e+04 0.0000e+00
3.1200e+03 6.7003e-12 7.7876e-01 2.0398e+03 3.2492e+03 4.2000e+03 7.2253e+18 7.2560e+20 7.2560e+20 6.8194e-02 0.0000e+00 7.7064e+04 0.0000e+00
3.1300e+03 6.6822e-12 7.7828e-01 2.0393e+03 3.2482e+03 4.2000e+03 7.2641e+18 7.3077e+20 7.3077e+20 6.8051e-02 0.0000e+00 7.7204e+04 0.0000e+00
3.1400e+03 6.6641e-12 7.7781e-01 2.0388e+03 3.2472e+03 4.2000e+03 7.3032e+18 7.3599e+20 7.3599e+20 6.7908e-02 0.0000e+00 7.7345e+04 0.0000e+00
3.1500e+03 6.6461e-12 7.7734e-01 2.0383e+03 3.2462e+03 4.2000e+03 7.3425e+18 7.4124e+20 7.4124e+20 6.7765e-02 0.0000e+00 7.7485e+04 0.0000e+00
3.1600e+03 6.6282e-12 7.7688e-01 2.0378e+03 3.2451e+03 4.2000e+03 7.3821e+18 7.4654e+20 7.4654e+20 6.7623e-02 0.0000e+00 7.7626e+04 0.0000e+00
3.1700e+03 6.6104e-12 7.7643e-01 2.0373e+03 3.2441e+03 4.2000e+03 7.4219e+18 7.5188e+20 7.5188e+20 6.7481e-02 0.0000e+00 7.7767e+04 0.0000e+00
3.1800e+03 6.5927e-12 7.7598e-01 2.0368e+03 3.2431e+03 4.2000e+03 7.4620e+18 7.5726e+20 7.5726e+20 6.7339e-02 0.0000e+00 7.7909e+04 0.0000e+00
3.1900e+03 6.5751e-12 7.7554e-01 2.0363e+03 3.2421e+03 4.2000e+03 7.5023e+18 7.6269e+20 7.6269e+20 6.7197e-02 0.0000e+00 7.8051e+04 0.0000e+00
3.2000e+03 6.5576e-12 7.7510e-01 2.0358e+03 3.2411e+03 4.2000e+03 7.5429e+18 7.6815e+20 7.6815e+20 6.7056e-02 0.0000e+00 7.8193e+04 0.0000e+00
3.2100e+03 6.5402e-12 7.7467e-01 2.0353e+03 3.2401e+03 4.2000e+03 7.5837e+18 7.7366e+20 7.7366e+20 6.6915e-02 0.0000e+00 7.8336e+04 0.0000e+00
3.2200e+03 6.5228e-12 7.7425e-01 2.0348e+03 3.2391e+03 4.2000e+03 7.6247e+18 7.7921e+20 7.7921e+20 6.6774e-02 0.0000e+00 7.8478e+04 0.0000e+00
3.2300e+03 6.5056e-12 7.7383e-01 2.0343e+03 3.2381e+03 4.2000e+03 7.6660e+18 7.8481e+20 7.8481e+20 6.6633e-02 0.0000e+00 7.8621e+04 0.0000e+00
3.2400e+03 6.4884e-12 7.7342e-01 2.0338e+03 3.2370e+03 4.2000e+03 7.7076e+18 7.9044e+20 7.9044e+20 6.6493e-02 0.0000e+00 7.8765e+04 0.0000e+00
3.2500e+03 6.4713e-12 7.7301e-01 2.0333e+03 3.2360e+03 4.2000e+03 7.7494e+18 7.9613e+20 7.9613e+20 6.6353e-02 0.0000e+00 7.8908e+04 0.0000e+00
3.2600e+03 6.4544e-12 7.7261e-01 2.0328e+03 3.2350e+03 4.2000e+03 7.7915e+18 8.0185e+20 8.0185e+20 6.6213e-02 0.0000e+00 7.9052e+04 0.0000e+00
3.2700e+03 6.4375e-12 7.7221e-01 2.0323e+03 3.2340e+03 4.2000e+03 7.8338e+18 8.0762e+20 8.0762e+20 6.6074e-02 0.0000e+00 7.9196e+04 0.0000e+00
3.2800e+03 6.4206e-12 7.7182e-01 2.0318e+03 3.2330e+03 4.2000e+03 7.8764e+18 8.1343e+20 8.1343e+20 6.5935e-02 0.0000e+00 7.9341e+04 0.0000e+00
3.2900e+03 6.4039e-12 7.7144e-01 2.0313e+03 3.2320e+03 4.2000e+03 7.9192e+18 8.1929e+20 8.1929e+20 6.5796e-02 0.0000e+00 7.9486e+04 0.0000e+00
3.3000e+03 6.3873e-12 7.7106e-01 2.0308e+03 3.2310e+03 4.2000e+03 7.9622e+18 8.2519e+20 8.2519e+20 6.5657e-02 0.0000e+00 7.9631e+04 0.0000e+00
3.3100e+03 6.3707e-12 7.7068e-01 2.0303e+03 3.2300e+03 4.2000e+03 8.0056e+18 8.3113e+20 8.3113e+20 6.5519e-02 0.0000e+00 7.9776e+04 0.0000e+00
3.3200e+03 6.3542e-12 7.7031e-01 2.0298e+03 3.2289e+03 4.2000e+03 8.0492e+18 8.3712e+20 8.3712e+20 6.5381e-02 0.0000e+00 7.9921e+04 0.0000e+00
3.3300e+03 6.3379e-12 7.6994e-01 2.0293e+03 3.2279e+03 4.2000e+03 8.0930e+18 8.4316e+20 8.4316e+20 6.5243e-02 0.0000e+00 8.0067e+04 0.0000e+00
3.3400e+03 6.3216e-12 7.6958e-01 2.0288e+03 3.2269e+03 4.2000e+03 8.1371e+18 8.4923e+20 8.4923e+20 6.5106e-02 0.0000e+00 8.0213e+04 0.0000e+00
3.3500e+03 6.3053e-12 7.6923e-01 2.0283e+03 3.2259e+03 4.2000e+03 8.1814e+18 8.5536e+20 8.5536e+20 6.4969e-02 0.0000e+00 8.0359e+04 0.0000e+00
3.3600e+03 6.2892e-12 7.6888e-01 2.0278e+03 3.2249e+03 4.2000e+03 8.2260e+18 8.6153e+20 8.6153e+20 6.4832e-02 0.0000e+00 8.0506e+04 0.0000e+00
3.3700e+03 6.2731e-12 7.6853e-01 2.0273e+03 3.2239e+03 4.2000e+03 8.2709e+18 8.6775e+20 8.6775e+20 6.4696e-02 0.0000e+00 8.0653e+04 0.0000e+00
3.3800e+03 6.2571e-12 7.6819e-01 2.0268e+03 3.2229e+03 4.2000e+03 8.3160e+18 8.7401e+20 8.7401e+20 6.4560e-02 0.0000e+00 8.0800e+04 0.0000e+00
3.3900e+03 6.2412e-12 7.6785e-01 2.0263e+03 3.2219e+03 4.2000e+03 8.3614e+18 8.8032e+20 8.8032e+20 6.4424e-02 0.0000e+00 8.0947e+04 0.0000e+00
3.4000e+03 6.2254e-12 7.6752e-01 2.0258e+03 3.2209e+03 4.2000e+03 8.4070e+18 8.8667e+20 8.8667e+20 6.4288e-02 0.0000e+00 8.1094e+04 0.0000e+00
3.4100e+03 6.2097e-12 7.6719e-01 2.0253e+03 3.2199e+03 4.2000e+03 8.4529e+18 8.9307e+20 8.9307e+20 6.4153e-02 0.0000e+00 8.1242e+04 0.0000e+00
3.4200e+03 6.1940e-12 7.6687e-01 2.0248e+03 3.2189e+03 4.2000e+03 8.4990e+18 8.9952e+20 8.9952e+20 6.4018e-02 0.0000e+00 8.1390e+04 0.0000e+00
3.4300e+03 6.1784e-12 7.6655e-01 2.0243e+03 3.2179e+03 4.2000e+03 8.5454e+18 9.0601e+20 9.0601e+20 6.3884e-02 0.0000e+00 8.1538e+04 0.0000e+00
3.4400e+03 6.1629e-12 7.6624e-01 2.0238e+03 3.2168e+03 4.2000e+03 8.5921e+18 9.1255e+20 9.1255e+20 6.3749e-02 0.0000e+00 8.1687e+04 0.0000e+00
3.4500e+03 6.1475e-12 7.6593e-01 2.0233e+03 3.2158e+03 4.2000e+03 8.6390e+18 9.1914e+20 9.1914e+20 6.3615e-02 0.0000e+00 8.1835e+04 0.0000e+00
3.4600e+03 6.1322e-12 7.6562e-01 2.0228e+03 3.2148e+03 4.2000e+03 8.6862e+18 9.2578e+20 9.2578e+20 6.3482e-02 0.0000e+00 8.1984e+04 0.0000e+00
3.4700e+03 6.1169e-12 7.6532e-01 2.0223e+03 3.2138e+03 4.2000e+03 8.7337e+18 9.3247e+20 9.3247e+20 6.3349e-02 0.0000e+00 8.2133e+04 0.0000e+00
3.4800e+03 6.1017e-12 7.6503e-01 2.0219e+03 3.2128e+03 4.2000e+03 8.7814e+18 9.3920e+20 9.3920e+20 6.3216e-02 0.0000e+00 8.2282e+04 0.0000e+00
3.4900e+03 6.0866e-12 7.6473e-01 2.0214e+03 3.2118e+03 4.2000e+03 8.8294e+18 9.4598e+20 9.4598e+20 6.3083e-02 0.0000e+00 8.2432e+04 0.0000e+00
3.5000e+03 6.0715e-12 7.6444e-01 2.0209e+03 3.2108e+03 4.2000e+03 8.8776e+18 9.5281e+20 9.5281e+20 6.2951e-02 0.0000e+00 8.2582e+04 0.0000e+00
3.5100e+03 6.0565e-12 7.6416e-01 2.0204e+03 3.2098e+03 4.2000e+03 8.9261e+18 9.5969e+20 9.5969e+20 6.2819e-02 0.0000e+00 8.2731e+04 0.0000e+00
3.5200e+03 6.0416e-12 7.6388e-01 2.0199e+03 3.2088e+03 4.2000e+03 8.9749e+18 9.6661e+20 9.6661e+20 6.2688e-02 0.0000e+00 8.2882e+04 0.0000e+00
3.5300e+03 6.0268e-12 7.6360e-01 2.0194e+03 3.2078e+03 4.2000e+03 9.0239e+18 9.7359e+20 9.7359e+20 6.2556e-02 0.0000e+00 8.3032e+04 0.0000e+00
3.5400e+03 6.0120e-12 7.6333e-01 2.0189e+03 3.2068e+03 4.2000e+03 9.0732e+18 9.8061e+20 9.8061e+20 6.2426e-02 0.0000e+00 8.3182e+04 0.0000e+00
3.5500e+03 5.9974e-12 7.6306e-01 2.0184e+03 3.2058e+03 4.2000e+03 9.1228e+18 9.8769e+20 9.8769e+20 6.2295e-02 0.0000e+00 8.3333e+04 0.0000e+00
3.5600e+03 5.9827e-12 7.6280e-01 2.0179e+03 3.2048e+03 4.2000e+03 9.1726e+18 9.9481e+20 9.9481e+20 6.2165e-02 0.0000e+00 8.3484e+04 0.0000e+00
3.5700e+03 5.9682e-12 7.6253e-01 2.0174e+03 3.2038e+03 4.2000e+03 9.2227e+18 1.0020e+21 1.0020e+21 6.2035e-02 0.0000e+00 8.3635e+04 0.0000e+00
3.5800e+03 5.9537e-12 7.6228e-01 2.0169e+03 3.2028e+03 4.2000e+03 9.2731e+18 1.0092e+21 1.0092e+21 6.1906e-02 0.0000e+00 8.3786e+04 0.0000e+00
3.5900e+03 5.9393e-12 7.6202e-01 2.0165e+03 3.2018e+03 4.2000e+03 9.3238e+18 1.0165e+21 1.0165e+21 6.1776e-02 0.0000e+00 8.3938e+04 0.0000e+00
3.6000e+03 5.9250e-12 7.6177e-01 2.0160e+03 3.2009e+03 4.2000e+03 9.3747e+18 1.0238e+21 1.0238e+21 6.1648e-02 0.0000e+00 8.4089e+04 0.0000e+00
3.6100e+03 5.9107e-12 7.6153e-01 2.0155e+03 3.1999e+03 4.2000e+03 9.4259e+18 1.0312e+21 1.0312e+21 6.1519e-02 0.0000e+00 8.4241e+04 0.0000e+00
3.6200e+03 5.8965e-12 7.6128e-01 2.0150e+03 3.1989e+03 4.2000e+03 9.4773e+18 1.0386e+21 1.0386e+21 6.1391e-02 0.0000e+00 8.4393e+04 0.0000e+00
3.6300e+03 5.8824e-12 7.6104e-01 2.0145e+03 3.1979e+03 4.2000e+03 9.5291e+18 1.0461e+21 1.0461e+21 6.1263e-02 0.0000e+00 8.4545e+04 0.0000e+00
3.6400e+03 5.8684e-12 7.6081e-01 2.0140e+03 3.1969e+03 4.2000e+03 9.5811e+18 1.0536e+21 1.0536e+21 6.1136e-02 0.0000e+00 8.4698e+04 0.0000e+00
3.6500e+03 5.8544e-12 7.6057e-01 2.0135e+03 3.1959e+03 4.2000e+03 9.6333e+18 1.0612e+21 1.0612e+21 6.1009e-02 0.0000e+00 8.4850e+04 0.0000e+00
3.6600e+03 5.8405e-12 7.6034e-01 2.0131e+03 3.1949e+03 4.2000e+03 9.6859e+18 1.0688e+21 1.0688e+21 6.0882e-02 0.0000e+00 8.5003e+04 0.0000e+00
3.6700e+03 5.8266e-12 7.6012e-01 2.0126e+03 3.1939e+03 4.2000e+03 9.7387e+18 1.0765e+21 1.0765e+21 6.0756e-02 0.0000e+00 8.5156e+04 0.0000e+00
3.6800e+03 5.8128e-12 7.5989e-01 2.0121e+03 3.1929e+03 4.2000e+03 9.7918e+18 1.0843e+21 1.0843e+21 6.0630e-02 0.0000e+00 8.5309e+04 0.0000e+00
3.6900e+03 5.7991e-12 7.5967e-01 2.0116e+03 3.1919e+03 4.2000e+03 9.8452e+18 1.0921e+21 1.0921e+21 6.0504e-02 0.0000e+00 8.5462e+04 0.0000e+00
3.7000e+03 5.7855e-12 7.5946e-01 2.0111e+03 3.1910e+03 4.2000e+03 9.8988e+18 1.0999e+21 1.0999e+21 6.0379e-02 0.0000e+00 8.5615e+04 0.0000e+00
3.7100e+03 5.7719e-12 7.5925e-01 2.0106e+03 3.1900e+03 4.2000e+03 9.9528e+18 1.1078e+21 1.1078e+21 6.0254e-02 0.0000e+00 8.5769e+04 0.0000e+00
3.7200e+03 5.7583e-12 7.5904e-01 2.0102e+03 3.1890e+03 4.2000e+03 1.0007e+19 1.1158e+21 1.1158e+21 6.0130e-02 0.0000e+00 8.5923e+04 0.0000e+00
3.7300e+03 5.7449e-12 7.5883e-01 2.0097e+03 3.1880e+03 4.2000e+03 1.0061e+19 1.1238e+21 1.1238e+21 6.0005e-02 0.0000e+00 8.6076e+04 0.0000e+00
3.7400e+03 5.7315e-12 7.5863e-01 2.0092e+03 3.1870e+03 4.2000e+03 1.0116e+19 1.1318e+21 1.1318e+21 5.9882e-02 0.0000e+00 8.6230e+04 0.0000e+00
3.7500e+03 5.7182e-12 7.5842e-01 2.0087e+03 3.1861e+03 4.2000e+03 1.0171e+19 1.1399e+21 1.1399e+21 5.9758e-02 0.0000e+00 8.6384e+04 0.0000e+00
3.7600e+03 5.7049e-12 7.5823e-01 2.0082e+03 3.1851e+03 4.2000e+03 1.0227e+19 1.1481e+21 1.1481e+21 5.9635e-02 0.0000e+00 8.6539e+04 0.0000e+00
3.7700e+03 5.6917e-12 7.5803e-01 2.0078e+03 3.1841e+03 4.2000e+03 1.0282e+19 1.1563e+21 1.1563e+21 5.9512e-02 0.0000e+00 8.6693e+04 0.0000e+00
3.7800e+03 5.6785e-12 7.5784e-01 2.0073e+03 3.1831e+03 4.2000e+03 1.0338e+19 1.1646e+21 1.1646e+21 5.9390e-02 0.0000e+00 8.6848e+04 0.0000e+00
3.7900e+03 5.6655e-12 7.5765e-01 2.0068e+03 3.1822e+03 4.2000e+03 1.0394e+19 1.1730e+21 1.1730e+21 5.9268e-02 0.0000e+00 8.7002e+04 0.0000e+00
3.8000e+03 5.6524e-12 7.5747e-01 2.0063e+03 3.1812e+03 4.2000e+03 1.0451e+19 1.1813e+21 1.1813e+21 5.9146e-02 0.0000e+00 8.7157e+04 0.0000e+00
3.8100e+03 5.6395e-12 7.5728e-01 2.0059e+03 3.1802e+03 4.2000e+03 1.0507e+19 1.1898e+21 1.1898e+21 5.9025e-02 0.0000e+00 8.7312e+04 0.0000e+00
3.8200e+03 5.6266e-12 7.5710e-01 2.0054e+03 3.1792e+03 4.2000e+03 1.0564e+19 1.1983e+21 1.1983e+21 5.8904e-02 0.0000e+00 8.7467e+04 0.0000e+00
3.8300e+03 5.6137e-12 7.5693e-01 2.0049e+03 3.1783e+03 4.2000e+03 1.0622e+19 1.2068e+21 1.2068e+21 5.8783e-02 0.0000e+00 8.7623e+04 0.0000e+00
3.8400e+03 5.6010e-12 7.5675e-01 2.0044e+03 3.1773e+03 4.2000e+03 1.0679e+19 1.2155e+21 1.2155e+21 5.8663e-02 0.0000e+00 8.7778e+04 0.0000e+00
3.8500e+03 5.5882e-12 7.5658e-01 2.0040e+03 3.1763e+03 4.2000e+03 1.0737e+19 1.2241e+21 1.2241e+21 5.8543e-02 0.0000e+00 8.7934e+04 0.0000e+00
3.8600e+03 5.5756e-12 7.5641e-01 2.0035e+03 3.1754e+03 4.2000e+03 1.0795e+19 1.2329e+21 1.2329e+21 5.8423e-02 0.0000e+00 8.8089e+04 0.0000e+00
3.8700e+03 5.5630e-12 7.5624e-01 2.0030e+03 3.1744e+03 4.2000e+03 1.0854e+19 1.2416e+21 1.2416e+21 5.8304e-02 0.0000e+00 8.8245e+04 0.0000e+00
3.8800e+03 5.5504e-12 7.5608e-01 2.0025e+03 3.1734e+03 4.2000e+03 1.0913e+19 1.2505e+21 1.2505e+21 5.8185e-02 0.0000e+00 8.8401e+04 0.0000e+00
3.8900e+03 5.5380e-12 7.5592e-01 2.0021e+03 3.1725e+03 4.2000e+03 1.0972e+19 1.2594e+21 1.2594e+21 5.8067e-02 0.0000e+00 8.8557e+04 0.0000e+00
3.9000e+03 5.5255e-12 7.5576e-01 2.0016e+03 3.1715e+03 4.2000e+03 1.1031e+19 1.2683e+21 1.2683e+21 5.7949e-02 0.0000e+00 8.8713e+04 0.0000e+00
3.9100e+03 5.5132e-12 7.5560e-01 2.0011e+03 3.1705e+03 4.2000e+03 1.1091e+19 1.2773e+21 1.2773e+21 5.7831e-02 0.0000e+00 8.8870e+04 0.0000e+00
3.9200e+03 5.5008e-12 7.5545e-01 2.0007e+03 3.1696e+03 4.2000e+03 1.1150e+19 1.2864e+21 1.2864e+21 5.7713e-02 0.0000e+00 8.9026e+04 0.0000e+00
3.9300e+03 5.4886e-12 7.5530e-01 2.0002e+03 3.1686e+03 4.2000e+03 1.1211e+19 1.2956e+21 1.2956e+21 5.7596e-02 0.0000e+00 8.9183e+04 0.0000e+00
3.9400e+03 5.4764e-12 7.5515e-01 1.9997e+03 3.1677e+03 4.2000e+03 1.1271e+19 1.3047e+21 1.3047e+21 5.7480e-02 0.0000e+00 8.9339e+04 0.0000e+00
3.9500e+03 5.4643e-12 7.5500e-01 1.9993e+03 3.1667e+03 4.2000e+03 1.1332e+19 1.3140e+21 1.3140e+21 5.7363e-02 0.0000e+00 8.9496e+04 0.0000e+00
3.9600e+03 5.4522e-12 7.5486e-01 1.9988e+03 3.1657e+03 4.2000e+03 1.1393e+19 1.3233e+21 1.3233e+21 5.7247e-02 0.0000e+00 8.9653e+04 0.0000e+00
3.9700e+03 5.4401e-12 7.5472e-01 1.9983e+03 3.1648e+03 4.2000e+03 1.1454e+19 1.3327e+21 1.3327e+21 5.7132e-02 0.0000e+00 8.9810e+04 0.0000e+00
3.9800e+03 5.4282e-12 7.5458e-01 1.9979e+03 3.1638e+03 4.2000e+03 1.1516e+19 1.3421e+21 1.3421e+21 5.7016e-02 0.0000e+00 8.9967e+04 0.0000e+00
3.9900e+03 5.4162e-12 7.5444e-01 1.9974e+03 3.1629e+03 4.2000e+03 1.1578e+19 1.3516e+21 1.3516e+21 5.6901e-02 0.0000e+00 9.0125e+04 0.0000e+00
4.0000e+03 5.4044e-12 7.5431e-01 1.9969e+03 3.1619e+03 4.2000e+03 1.1640e+19 1.3611e+21 1.3611e+21 5.6787e-02 0.0000e+00 9.0282e+04 0.0000e+00
4.0100e+03 5.3926e-12 7.5418e-01 1.9965e+03 3.1610e+03 4.2000e+03 1.1703e+19 1.3708e+21 1.3708e+21 5.6673e-02 0.0000e+00 9.0439e+04 0.0000e+00
4.0200e+03 5.3808e-12 7.5405e-01 1.9960e+03 3.1600e+03 4.2000e+03 1.1766e+19 1.3804e+21 1.3804e+21 5.6559e-02 0.0000e+00 9.0597e+04 0.0000e+00
4.0300e+03 5.3691e-12 7.5392e-01 1.9956e+03 3.1591e+03 4.2000e+03 1.1829e+19 1.3902e+21 1.3902e+21 5.6445e-02 0.0000e+00 9.0755e+04 0.0000e+00
4.0400e+03 5.3574e-12 7.5380e-01 1.9951e+03 3.1581e+03 4.2000e+03 1.1892e+19 1.3999e+21 1.3999e+21 5.6332e-02 0.0000e+00 9.0912e+04 0.0000e+00
4.0500e+03 5.3458e-12 7.5367e-01 1.9946e+03 3.1572e+03 4.2000e+03 1.1956e+19 1.4098e+21 1.4098e+21 5.6219e-02 0.0000e+00 9.1070e+04 0.0000e+00
4.0600e+03 5.3343e-12 7.5355e-01 1.9942e+03 3.1563e+03 4.2000e+03 1.2020e+19 1.4197e+21 1.4197e+21 5.6107e-02 0.0000e+00 9.1228e+04 0.0000e+00
4.0700e+03 5.3228e-12 7.5343e-01 1.9937e+03 3.1553e+03 4.2000e+03 1.2084e+19 1.4297e+21 1.4297e+21 5.5995e-02 0.0000e+00 9.1386e+04 0.0000e+00
4.0800e+03 5.3113e-12 7.5332e-01 1.9933e+03 3.1544e+03 4.2000e+03 1.2149e+19 1.4397e+21 1.4397e+21 5.5883e-02 0.0000e+00 9.1545e+04 0.0000e+00
4.0900e+03 5.3000e-12 7.5320e-01 1.9928e+03 3.1534e+03 4.2000e+03 1.2214e+19 1.4499e+21 1.4499e+21 5.5772e-02 0.0000e+00 9.1703e+04 0.0000e+00
4.1000e+03 5.2886e-12 7.5309e-01 1.9923e+03 3.1525e+03 4.2000e+03 1.2279e+19 1.4600e+21 1.4600e+21 5.5661e-02 0.0000e+00 9.1861e+04 0.0000e+00
4.1100e+03 5.2773e-12 7.5298e-01 1.9919e+03 3.1516e+03 4.2000e+03 1.2345e+19 1.4703e+21 1.4703e+21 5.5550e-02 0.0000e+00 9.2020e+04 0.0000e+00
4.1200e+03 5.2661e-12 7.5287e-01 1.9914e+03 3.1506e+03 4.2000e+03 1.2411e+19 1.4805e+21 1.4805e+21 5.5439e-02 0.0000e+00 9.2178e+04 0.0000e+00
4.1300e+03 5.2549e-12 7.5276e-01 1.9910e+03 3.1497e+03 4.2000e+03 1.2477e+19 1.4909e+21 1.4909e+21 5.5329e-02 0.0000e+00 9.2337e+04 0.0000e+00
4.1400e+03 5.2437e-12 7.5266e-01 1.9905e+03 3.1488e+03 4.2000e+03 1.2544e+19 1.5013e+21 1.5013e+21 5.5220e-02 0.0000e+00 9.2496e+04 0.0000e+00
4.1500e+03 5.2326e-12 7.5256e-01 1.9901e+03 3.1478e+03 4.2000e+03 1.2610e+19 1.5118e+21 1.5118e+21 5.5110e-02 0.0000e+00 9.2654e+04 0.0000e+00
4.1600e+03 5.2216e-12 7.5246e-01 1.9896e+03 3.1469e+03 4.2000e+03 1.2677e+19 1.5224e+21 1.5224e+21 5.5002e-02 0.0000e+00 9.2813e+04 0.0000e+00
4.1700e+03 5.2106e-12 7.5236e-01 1.9892e+03 3.1460e+03 4.2000e+03 1.2745e+19 1.5330e+21 1.5330e+21 5.4893e-02 0.0000e+00 9.2972e+04 0.0000e+00
4.1800e+03 5.1997e-12 7.5226e-01 1.9887e+03 3.1450e+03 4.2000e+03 1.2813e+19 1.5437e+21 1.5437e+21 5.4785e-02 0.0000e+00 9.3131e+04 0.0000e+00
4.1900e+03 5.1888e-12 7.5217e-01 1.9883e+03 3.1441e+03 4.2000e+03 1.2881e+19 1.5544e+21 1.5544e+21 5.4677e-02 0.0000e+00 9.3291e+04 0.0000e+00
4.2000e+03 5.1779e-12 7.5208e-01 1.9878e+03 3.1432e+03 4.2000e+03 1.2949e+19 1.5652e+21 1.5652e+21 5.4569e-02 0.0000e+00 9.3450e+04 0.0000e+00
4.2100e+03 5.1671e-12 7.5199e-01 1.9874e+03 3.1423e+03 4.2000e+03 1.3018e+19 1.5761e+21 1.5761e+21 5.4462e-02 0.0000e+00 9.3609e+04 0.0000e+00
4.2200e+03 5.1564e-12 7.5190e-01 1.9869e+03 3.1413e+03 4.2000e+03 1.3087e+19 1.5871e+21 1.5871e+21 5.4355e-02 0.0000e+00 9.3769e+04 0.0000e+00
4.2300e+03 5.1457e-12 7.5181e-01 1.9865e+03 3.1404e+03 4.2000e+03 1.3156e+19 1.5981e+21 1.5981e+21 5.4248e-02 0.0000e+00 9.3928e+04 0.0000e+00
4.2400e+03 5.1350e-12 7.5172e-01 1.9860e+03 3.1395e+03 4.2000e+03 1.3226e+19 1.6092e+21 1.6092e+21 5.4142e-02 0.0000e+00 9.4088e+04 0.0000e+00
4.2500e+03 5.1244e-12 7.5164e-01 1.9856e+03 3.1386e+03 4.2000e+03 1.3296e+19 1.6203e+21 1.6203e+21 5.4036e-02 0.0000e+00 9.4247e+04 0.0000e+00
4.2600e+03 5.1138e-12 7.5156e-01 1.9851e+03 3.1377e+03 4.2000e+03 1.3366e+19 1.6315e+21 1.6315e+21 5.3931e-02 0.0000e+00 9.4407e+04 0.0000e+00
4.2700e+03 5.1033e-12 7.5148e-01 1.9847e+03 3.1367e+03 4.2000e+03 1.3436e+19 1.6428e+21 1.6428e+21 5.3825e-02 0.0000e+00 9.4567e+04 0.0000e+00
4.2800e+03 5.0928e-12 7.5140e-01 1.9843e+03 3.1358e+03 4.2000e+03 1.3507e+19 1.6542e+21 1.6542e+21 5.3720e-02 0.0000e+00 9.4727e+04 0.0000e+00
4.2900e+03 5.0824e-12 7.5132e-01 1.9838e+03 3.1349e+03 4.2000e+03 1.3578e+19 1.6656e+21 1.6656e+21 5.3616e-02 0.0000e+00 9.4887e+04 0.0000e+00
4.3000e+03 5.0720e-12 7.5125e-01 1.9834e+03 3.1340e+03 4.2000e+03 1.3650e+19 1.6771e+21 1.6771e+21 5.3512e-02 0.0000e+00 9.5047e+04 0.0000e+00
4.3100e+03 5.0617e-12 7.5117e-01 1.9829e+03 3.1331e+03 4.2000e+03 1.3722e+19 1.6886e+21 1.6886e+21 5.3408e-02 0.0000e+00 9.5207e+04 0.0000e+00
4.3200e+03 5.0514e-12 7.5110e-01 1.9825e+03 3.1322e+03 4.2000e+03 1.3794e+19 1.7003e+21 1.7003e+21 5.3304e-02 0.0000e+00 9.5367e+04 0.0000e+00
4.3300e+03 5.0411e-12 7.5103e-01 1.9820e+03 3.1313e+03 4.2000e+03 1.3866e+19 1.7119e+21 1.7119e+21 5.3201e-02 0.0000e+00 9.5527e+04 0.0000e+00
4.3400e+03 5.0309e-12 7.5096e-01 1.9816e+03 3.1304e+03 4.2000e+03 1.3939e+19 1.7237e+21 1.7237e+21 5.3098e-02 0.0000e+00 9.5687e+04 0.0000e+00
4.3500e+03 5.0207e-12 7.5090e-01 1.9812e+03 3.1295e+03 4.2000e+03 1.4012e+19 1.7356e+21 1.7356e+21 5.2996e-02 0.0000e+00 9.5848e+04 0.0000e+00
4.3600e+03 5.0106e-12 7.5083e-01 1.9807e+03 3.1286e+03 4.2000e+03 1.4086e+19 1.7475e+21 1.7475e+21 5.2893e-02 0.0000e+00 9.6008e+04 0.0000e+00
4.3700e+03 5.0005e-12 7.5077e-01 1.9803e+03 3.1277e+03 4.2000e+03 1.4160e+19 1.7594e+21 1.7594e+21 5.2791e-02 0.0000e+00 9.6169e+04 0.0000e+00
4.3800e+03 4.9905e-12 7.5071e-01 1.9799e+03 3.1268e+03 4.2000e+03 1.4234e+19 1.7715e+21 1.7715e+21 5.2690e-02 0.0000e+00 9.6329e+04 0.0000e+00
4.3900e+03 4.9805e-12 7.5065e-01 1.9794e+03 3.1259e+03 4.2000e+03 1.4308e+19 1.7836e+21 1.7836e+21 5.2589e-02 0.0000e+00 9.6490e+04 0.0000e+00
4.4000e+03 4.9706e-12 7.5059e-01 1.9790e+03 3.1250e+03 4.2000e+03 1.4383e+19 1.7958e+21 1.7958e+21 5.2488e-02 0.0000e+00 9.6650e+04 0.0000e+00
4.4100e+03 4.9607e-12 7.5053e-01 1.9786e+03 3.1241e+03 4.2000e+03 1.4458e+19 1.8081e+21 1.8081e+21 5.2387e-02 0.0000e+00 9.6811e+04 0.0000e+00
4.4200e+03 4.9508e-12 7.5047e-01 1.9781e+03 3.1232e+03 4.2000e+03 1.4534e+19 1.8204e+21 1.8204e+21 5.2287e-02 0.0000e+00 9.6972e+04 0.0000e+00
4.4300e+03 4.9410e-12 7.5042e-01 1.9777e+03 3.1223e+03 4.2000e+03 1.4609e+19 1.8328e+21 1.8328e+21 5.2187e-02 0.0000e+00 9.7133e+04 0.0000e+00
4.4400e+03 4.9312e-12 7.5036e-01 1.9773e+03 3.1214e+03 4.2000e+03 1.4685e+19 1.8453e+21 1.8453e+21 5.2087e-02 0.0000e+00 9.7294e+04 0.0000e+00
4.4500e+03 4.9215e-12 7.5031e-01 1.9768e+03 3.1205e+03 4.2000e+03 1.4762e+19 1.8578e+21 1.8578e+21 5.1988e-02 0.0000e+00 9.7455e+04 0.0000e+00
4.4600e+03 4.9118e-12 7.5026e-01 1.9764e+03 3.1196e+03 4.2000e+03 1.4839e+19 1.8705e+21 1.8705e+21 5.1889e-02 0.0000e+00 9.7616e+04 0.0000e+00
4.4700e+03 4.9021e-12 7.5021e-01 1.9760e+03 3.1187e+03 4.2000e+03 1.4916e+19 1.8832e+21 1.8832e+21 5.1790e-02 0.0000e+00 9.7777e+04 0.0000e+00
4.4800e+03 4.8925e-12 7.5017e-01 1.9755e+03 3.1178e+03 4.2000e+03 1.4993e+19 1.8959e+21 1.8959e+21 5.1692e-02 0.0000e+00 9.7938e+04 0.0000e+00
4.4900e+03 4.8829e-12 7.5012e-01 1.9751e+03 3.1169e+03 4.2000e+03 1.5071e+19 1.9088e+21 1.9088e+21 5.1594e-02 0.0000e+00 9.8099e+04 0.0000e+00
4.5000e+03 4.8734e-12 7.5007e-01 1.9747e+03 3.1161e+03 4.2000e+03 1.5149e+19 1.9217e+21 1.9217e+21 5.1496e-02 0.0000e+00 9.8260e+04 0.0000e+00
4.5100e+03 4.8639e-12 7.5003e-01 1.9743e+03 3.1152e+03 4.2000e+03 1.5227e+19 1.9347e+21 1.9347e+21 5.1399e-02 0.0000e+00 9.8421e+04 0.0000e+00
4.5200e+03 4.8544e-12 7.4999e-01 1.9738e+03 3.1143e+03 4.2000e+03 1.5306e+19 1.9478e+21 1.9478e+21 5.1302e-02 0.0000e+00 9.8583e+04 0.0000e+00
4.5300e+03 4.8450e-12 7.4995e-01 1.9734e+03 3.1134e+03 4.2000e+03 1.5385e+19 1.9609e+21 1.9609e+21 5.1205e-02 0.0000e+00 9.8744e+04 0.0000e+00
4.5400e+03 4.8356e-12 7.4991e-01 1.9730e+03 3.1125e+03 4.2000e+03 1.5465e+19 1.9741e+21 1.9741e+21 5.1109e-02 0.0000e+00 9.8906e+04 0.0000e+00
4.5500e+03 0.0000e+00 0.0000e+00 1.9726e+03 0.0000e+00 4.2000e+03 0.0000e+00 0.0000e+00 0.0000e+00 0.0000e+00 0.0000e+00 0.0000e+00 0.0000e+00
