0.0000e+00 2.3990e-11 1.8848e+00 1.7000e+03 2.6593e+03 3.0000e+03 2.2229e+20 1.7919e+22 4.8196e+21 1.0088e-01 1.3732e-02 4.1989e+04 7.4430e+04
1.0000e+01 2.3855e-11 1.8053e+00 1.7033e+03 2.6707e+03 2.9996e+03 2.0052e+20 1.7037e+22 4.8362e+21 1.0473e-01 1.3232e-02 4.0539e+04 7.4564e+04
2.0000e+01 2.3720e-11 1.7603e+00 1.7063e+03 2.6770e+03 2.9992e+03 1.9074e+20 1.6579e+22 4.8522e+21 1.0680e-01 1.2947e-02 3.9841e+04 7.4650e+04
3.0000e+01 2.3586e-11 1.7209e+00 1.7093e+03 2.6826e+03 2.9988e+03 1.8278e+20 1.6187e+22 4.8680e+21 1.0863e-01 1.2692e-02 3.9251e+04 7.4735e+04
4.0000e+01 2.3454e-11 1.6838e+00 1.7122e+03 2.6879e+03 2.9984e+03 1.7555e+20 1.5823e+22 4.8835e+21 1.1040e-01 1.2447e-02 3.8701e+04 7.4826e+04
5.0000e+01 2.3322e-11 1.6486e+00 1.7149e+03 2.6931e+03 2.9980e+03 1.6888e+20 1.5481e+22 4.8987e+21 1.1212e-01 1.2210e-02 3.8179e+04 7.4923e+04
6.0000e+01 2.3191e-11 1.6152e+00 1.7176e+03 2.6980e+03 2.9976e+03 1.6272e+20 1.5159e+22 4.9138e+21 1.1380e-01 1.1981e-02 3.7686e+04 7.5024e+04
7.0000e+01 2.3062e-11 1.5834e+00 1.7202e+03 2.7028e+03 2.9973e+03 1.5702e+20 1.4855e+22 4.9285e+21 1.1544e-01 1.1759e-02 3.7218e+04 7.5131e+04
8.0000e+01 2.2933e-11 1.5531e+00 1.7227e+03 2.7074e+03 2.9969e+03 1.5173e+20 1.4570e+22 4.9431e+21 1.1704e-01 1.1544e-02 3.6775e+04 7.5242e+04
9.0000e+01 2.2805e-11 1.5242e+00 1.7251e+03 2.7118e+03 2.9966e+03 1.4683e+20 1.4301e+22 4.9574e+21 1.1859e-01 1.1336e-02 3.6354e+04 7.5356e+04
1.0000e+02 2.2678e-11 1.4967e+00 1.7274e+03 2.7161e+03 2.9962e+03 1.4229e+20 1.4047e+22 4.9716e+21 1.2009e-01 1.1136e-02 3.5956e+04 7.5474e+04
1.1000e+02 2.2553e-11 1.4705e+00 1.7296e+03 2.7201e+03 2.9959e+03 1.3806e+20 1.3808e+22 4.9855e+21 1.2155e-01 1.0943e-02 3.5578e+04 7.5596e+04
1.2000e+02 2.2428e-11 1.4456e+00 1.7317e+03 2.7241e+03 2.9956e+03 1.3414e+20 1.3583e+22 4.9992e+21 1.2297e-01 1.0756e-02 3.5221e+04 7.5720e+04
1.3000e+02 2.2304e-11 1.4217e+00 1.7337e+03 2.7278e+03 2.9952e+03 1.3048e+20 1.3372e+22 5.0127e+21 1.2434e-01 1.0577e-02 3.4881e+04 7.5846e+04
1.4000e+02 2.2181e-11 1.3989e+00 1.7357e+03 2.7314e+03 2.9949e+03 1.2708e+20 1.3172e+22 5.0260e+21 1.2567e-01 1.0404e-02 3.4560e+04 7.5974e+04
1.5000e+02 2.2059e-11 1.3772e+00 1.7376e+03 2.7349e+03 2.9946e+03 1.2391e+20 1.2984e+22 5.0392e+21 1.2695e-01 1.0237e-02 3.4255e+04 7.6104e+04
1.6000e+02 2.1937e-11 1.3564e+00 1.7394e+03 2.7382e+03 2.9943e+03 1.2096e+20 1.2807e+22 5.0522e+21 1.2819e-01 1.0077e-02 3.3967e+04 7.6235e+04
1.7000e+02 2.1817e-11 1.3365e+00 1.7411e+03 2.7414e+03 2.9940e+03 1.1820e+20 1.2640e+22 5.0650e+21 1.2938e-01 9.9235e-03 3.3694e+04 7.6366e+04
1.8000e+02 2.1698e-11 1.3175e+00 1.7428e+03 2.7444e+03 2.9937e+03 1.1563e+20 1.2483e+22 5.0776e+21 1.3053e-01 9.7757e-03 3.3435e+04 7.6499e+04
1.9000e+02 2.1579e-11 1.2993e+00 1.7444e+03 2.7473e+03 2.9934e+03 1.1324e+20 1.2336e+22 5.0901e+21 1.3164e-01 9.6340e-03 3.3190e+04 7.6631e+04
2.0000e+02 2.1462e-11 1.2819e+00 1.7459e+03 2.7501e+03 2.9931e+03 1.1100e+20 1.2197e+22 5.1025e+21 1.3270e-01 9.4980e-03 3.2959e+04 7.6763e+04
2.1000e+02 2.1345e-11 1.2652e+00 1.7473e+03 2.7527e+03 2.9928e+03 1.0891e+20 1.2066e+22 5.1147e+21 1.3372e-01 9.3678e-03 3.2740e+04 7.6895e+04
2.2000e+02 2.1229e-11 1.2492e+00 1.7487e+03 2.7552e+03 2.9925e+03 1.0696e+20 1.1944e+22 5.1267e+21 1.3470e-01 9.2431e-03 3.2533e+04 7.7027e+04
2.3000e+02 2.1114e-11 1.2338e+00 1.7500e+03 2.7576e+03 2.9922e+03 1.0513e+20 1.1829e+22 5.1387e+21 1.3563e-01 9.1238e-03 3.2337e+04 7.7157e+04
2.4000e+02 2.1000e-11 1.2191e+00 1.7513e+03 2.7598e+03 2.9920e+03 1.0343e+20 1.1721e+22 5.1505e+21 1.3653e-01 9.0097e-03 3.2153e+04 7.7286e+04
2.5000e+02 2.0886e-11 1.2050e+00 1.7524e+03 2.7620e+03 2.9917e+03 1.0185e+20 1.1621e+22 5.1622e+21 1.3738e-01 8.9008e-03 3.1979e+04 7.7414e+04
2.6000e+02 2.0774e-11 1.1914e+00 1.7536e+03 2.7640e+03 2.9914e+03 1.0037e+20 1.1526e+22 5.1738e+21 1.3820e-01 8.7969e-03 3.1815e+04 7.7541e+04
2.7000e+02 2.0662e-11 1.1784e+00 1.7546e+03 2.7660e+03 2.9911e+03 9.8984e+19 1.1438e+22 5.1852e+21 1.3897e-01 8.6978e-03 3.1661e+04 7.7665e+04
2.8000e+02 2.0551e-11 1.1659e+00 1.7556e+03 2.7678e+03 2.9909e+03 9.7697e+19 1.1356e+22 5.1966e+21 1.3971e-01 8.6034e-03 3.1516e+04 7.7788e+04
2.9000e+02 2.0441e-11 1.1539e+00 1.7566e+03 2.7695e+03 2.9906e+03 9.6498e+19 1.1279e+22 5.2079e+21 1.4040e-01 8.5136e-03 3.1379e+04 7.7908e+04
3.0000e+02 2.0332e-11 1.1424e+00 1.7575e+03 2.7711e+03 2.9904e+03 9.5382e+19 1.1208e+22 5.2191e+21 1.4106e-01 8.4282e-03 3.1252e+04 7.8027e+04
3.1000e+02 2.0224e-11 1.1313e+00 1.7583e+03 2.7727e+03 2.9901e+03 9.4344e+19 1.1142e+22 5.2301e+21 1.4169e-01 8.3472e-03 3.1132e+04 7.8143e+04
3.2000e+02 2.0116e-11 1.1206e+00 1.7591e+03 2.7741e+03 2.9898e+03 9.3380e+19 1.1081e+22 5.2412e+21 1.4228e-01 8.2703e-03 3.1020e+04 7.8256e+04
3.3000e+02 2.0009e-11 1.1104e+00 1.7599e+03 2.7755e+03 2.9896e+03 9.2486e+19 1.1025e+22 5.2521e+21 1.4283e-01 8.1974e-03 3.0915e+04 7.8367e+04
3.4000e+02 1.9903e-11 1.1005e+00 1.7606e+03 2.7767e+03 2.9893e+03 9.1658e+19 1.0973e+22 5.2630e+21 1.4335e-01 8.1285e-03 3.0818e+04 7.8475e+04
3.5000e+02 1.9798e-11 1.0910e+00 1.7612e+03 2.7779e+03 2.9891e+03 9.0893e+19 1.0926e+22 5.2738e+21 1.4383e-01 8.0634e-03 3.0727e+04 7.8581e+04
3.6000e+02 1.9693e-11 1.0818e+00 1.7618e+03 2.7790e+03 2.9889e+03 9.0187e+19 1.0882e+22 5.2845e+21 1.4429e-01 8.0020e-03 3.0644e+04 7.8684e+04
3.7000e+02 1.9589e-11 1.0730e+00 1.7624e+03 2.7800e+03 2.9886e+03 8.9538e+19 1.0843e+22 5.2952e+21 1.4471e-01 7.9441e-03 3.0566e+04 7.8783e+04
3.8000e+02 1.9486e-11 1.0644e+00 1.7629e+03 2.7809e+03 2.9884e+03 8.8942e+19 1.0808e+22 5.3058e+21 1.4510e-01 7.8897e-03 3.0494e+04 7.8880e+04
3.9000e+02 1.9384e-11 1.0562e+00 1.7634e+03 2.7818e+03 2.9881e+03 8.8398e+19 1.0776e+22 5.3164e+21 1.4546e-01 7.8387e-03 3.0429e+04 7.8974e+04
4.0000e+02 1.9283e-11 1.0483e+00 1.7638e+03 2.7826e+03 2.9879e+03 8.7901e+19 1.0748e+22 5.3269e+21 1.4579e-01 7.7908e-03 3.0369e+04 7.9066e+04
4.1000e+02 1.9182e-11 1.0407e+00 1.7642e+03 2.7833e+03 2.9877e+03 8.7452e+19 1.0723e+22 5.3374e+21 1.4609e-01 7.7461e-03 3.0314e+04 7.9154e+04
4.2000e+02 1.9082e-11 1.0333e+00 1.7646e+03 2.7839e+03 2.9874e+03 8.7046e+19 1.0702e+22 5.3478e+21 1.4637e-01 7.7044e-03 3.0265e+04 7.9239e+04
4.3000e+02 1.8983e-11 1.0262e+00 1.7649e+03 2.7845e+03 2.9872e+03 8.6683e+19 1.0683e+22 5.3582e+21 1.4661e-01 7.6656e-03 3.0220e+04 7.9321e+04
4.4000e+02 1.8884e-11 1.0193e+00 1.7652e+03 2.7850e+03 2.9869e+03 8.6360e+19 1.0668e+22 5.3686e+21 1.4684e-01 7.6297e-03 3.0181e+04 7.9401e+04
4.5000e+02 1.8786e-11 1.0127e+00 1.7655e+03 2.7855e+03 2.9867e+03 8.6075e+19 1.0656e+22 5.3790e+21 1.4703e-01 7.5964e-03 3.0146e+04 7.9477e+04
4.6000e+02 1.8689e-11 1.0063e+00 1.7657e+03 2.7859e+03 2.9865e+03 8.5828e+19 1.0646e+22 5.3893e+21 1.4720e-01 7.5658e-03 3.0115e+04 7.9551e+04
4.7000e+02 1.8593e-11 1.0001e+00 1.7659e+03 2.7862e+03 2.9863e+03 8.5616e+19 1.0640e+22 5.3996e+21 1.4735e-01 7.5377e-03 3.0089e+04 7.9622e+04
4.8000e+02 1.8497e-11 9.9413e-01 1.7660e+03 2.7865e+03 2.9860e+03 8.5438e+19 1.0636e+22 5.4099e+21 1.4747e-01 7.5121e-03 3.0067e+04 7.9690e+04
4.9000e+02 1.8402e-11 9.8834e-01 1.7662e+03 2.7867e+03 2.9858e+03 8.5293e+19 1.0634e+22 5.4202e+21 1.4757e-01 7.4888e-03 3.0049e+04 7.9755e+04
5.0000e+02 1.8307e-11 9.8275e-01 1.7663e+03 2.7869e+03 2.9856e+03 8.5180e+19 1.0635e+22 5.4304e+21 1.4765e-01 7.4678e-03 3.0035e+04 7.9818e+04
5.1000e+02 1.8214e-11 9.7734e-01 1.7663e+03 2.7870e+03 2.9853e+03 8.5097e+19 1.0639e+22 5.4407e+21 1.4771e-01 7.4491e-03 3.0025e+04 7.9878e+04
5.2000e+02 1.8121e-11 9.7210e-01 1.7664e+03 2.7871e+03 2.9851e+03 8.5043e+19 1.0644e+22 5.4510e+21 1.4775e-01 7.4324e-03 3.0018e+04 7.9935e+04
5.3000e+02 1.8028e-11 9.6703e-01 1.7664e+03 2.7871e+03 2.9849e+03 8.5017e+19 1.0652e+22 5.4612e+21 1.4777e-01 7.4177e-03 3.0015e+04 7.9991e+04
5.4000e+02 1.7937e-11 9.6212e-01 1.7664e+03 2.7871e+03 2.9847e+03 8.5019e+19 1.0662e+22 5.4715e+21 1.4776e-01 7.4051e-03 3.0016e+04 8.0043e+04
5.5000e+02 1.7846e-11 9.5737e-01 1.7664e+03 2.7870e+03 2.9844e+03 8.5047e+19 1.0675e+22 5.4817e+21 1.4774e-01 7.3943e-03 3.0019e+04 8.0094e+04
5.6000e+02 1.7755e-11 9.5276e-01 1.7663e+03 2.7869e+03 2.9842e+03 8.5100e+19 1.0689e+22 5.4920e+21 1.4771e-01 7.3854e-03 3.0026e+04 8.0142e+04
5.7000e+02 1.7666e-11 9.4830e-01 1.7662e+03 2.7868e+03 2.9840e+03 8.5178e+19 1.0706e+22 5.5023e+21 1.4765e-01 7.3782e-03 3.0035e+04 8.0188e+04
5.8000e+02 1.7577e-11 9.4398e-01 1.7662e+03 2.7866e+03 2.9838e+03 8.5280e+19 1.0724e+22 5.5125e+21 1.4758e-01 7.3727e-03 3.0048e+04 8.0232e+04
5.9000e+02 1.7488e-11 9.3979e-01 1.7660e+03 2.7864e+03 2.9835e+03 8.5405e+19 1.0744e+22 5.5228e+21 1.4749e-01 7.3689e-03 3.0063e+04 8.0273e+04
6.0000e+02 1.7400e-11 9.3572e-01 1.7659e+03 2.7861e+03 2.9833e+03 8.5552e+19 1.0766e+22 5.5331e+21 1.4739e-01 7.3666e-03 3.0082e+04 8.0313e+04
6.1000e+02 1.7313e-11 9.3178e-01 1.7657e+03 2.7858e+03 2.9831e+03 8.5721e+19 1.0790e+22 5.5435e+21 1.4727e-01 7.3658e-03 3.0102e+04 8.0351e+04
6.2000e+02 1.7227e-11 9.2795e-01 1.7656e+03 2.7855e+03 2.9829e+03 8.5912e+19 1.0816e+22 5.5538e+21 1.4714e-01 7.3665e-03 3.0126e+04 8.0388e+04
6.3000e+02 1.7141e-11 9.2424e-01 1.7654e+03 2.7851e+03 2.9826e+03 8.6123e+19 1.0843e+22 5.5642e+21 1.4699e-01 7.3685e-03 3.0152e+04 8.0422e+04
6.4000e+02 1.7055e-11 9.2064e-01 1.7652e+03 2.7847e+03 2.9824e+03 8.6354e+19 1.0872e+22 5.5746e+21 1.4683e-01 7.3720e-03 3.0180e+04 8.0455e+04
6.5000e+02 1.6971e-11 9.1714e-01 1.7649e+03 2.7843e+03 2.9822e+03 8.6604e+19 1.0903e+22 5.5850e+21 1.4666e-01 7.3767e-03 3.0211e+04 8.0487e+04
6.6000e+02 1.6887e-11 9.1375e-01 1.7647e+03 2.7838e+03 2.9820e+03 8.6874e+19 1.0935e+22 5.5954e+21 1.4648e-01 7.3826e-03 3.0244e+04 8.0517e+04
6.7000e+02 1.6803e-11 9.1045e-01 1.7644e+03 2.7833e+03 2.9817e+03 8.7162e+19 1.0969e+22 5.6059e+21 1.4628e-01 7.3897e-03 3.0279e+04 8.0545e+04
6.8000e+02 1.6720e-11 9.0724e-01 1.7641e+03 2.7828e+03 2.9815e+03 8.7468e+19 1.1004e+22 5.6164e+21 1.4607e-01 7.3980e-03 3.0317e+04 8.0572e+04
6.9000e+02 1.6638e-11 9.0413e-01 1.7639e+03 2.7823e+03 2.9813e+03 8.7792e+19 1.1040e+22 5.6270e+21 1.4585e-01 7.4074e-03 3.0356e+04 8.0598e+04
7.0000e+02 1.6556e-11 9.0110e-01 1.7635e+03 2.7817e+03 2.9811e+03 8.8134e+19 1.1079e+22 5.6375e+21 1.4563e-01 7.4178e-03 3.0397e+04 8.0623e+04
7.1000e+02 1.6475e-11 8.9815e-01 1.7632e+03 2.7811e+03 2.9808e+03 8.8492e+19 1.1118e+22 5.6482e+21 1.4539e-01 7.4292e-03 3.0441e+04 8.0647e+04
7.2000e+02 1.6394e-11 8.9529e-01 1.7629e+03 2.7805e+03 2.9806e+03 8.8867e+19 1.1159e+22 5.6588e+21 1.4514e-01 7.4416e-03 3.0486e+04 8.0670e+04
7.3000e+02 1.6314e-11 8.9250e-01 1.7625e+03 2.7799e+03 2.9804e+03 8.9259e+19 1.1201e+22 5.6695e+21 1.4488e-01 7.4549e-03 3.0533e+04 8.0692e+04
7.4000e+02 1.6235e-11 8.8979e-01 1.7622e+03 2.7792e+03 2.9802e+03 8.9666e+19 1.1245e+22 5.6802e+21 1.4461e-01 7.4691e-03 3.0582e+04 8.0713e+04
7.5000e+02 1.6156e-11 8.8715e-01 1.7618e+03 2.7785e+03 2.9799e+03 9.0089e+19 1.1290e+22 5.6910e+21 1.4434e-01 7.4842e-03 3.0632e+04 8.0733e+04
7.6000e+02 1.6078e-11 8.8459e-01 1.7614e+03 2.7778e+03 2.9797e+03 9.0527e+19 1.1336e+22 5.7018e+21 1.4406e-01 7.5000e-03 3.0685e+04 8.0752e+04
7.7000e+02 1.6000e-11 8.8209e-01 1.7610e+03 2.7771e+03 2.9795e+03 9.0980e+19 1.1384e+22 5.7127e+21 1.4377e-01 7.5167e-03 3.0738e+04 8.0771e+04
7.8000e+02 1.5923e-11 8.7965e-01 1.7606e+03 2.7764e+03 2.9793e+03 9.1448e+19 1.1432e+22 5.7236e+21 1.4347e-01 7.5340e-03 3.0794e+04 8.0789e+04
7.9000e+02 1.5846e-11 8.7728e-01 1.7602e+03 2.7756e+03 2.9790e+03 9.1931e+19 1.1482e+22 5.7345e+21 1.4316e-01 7.5521e-03 3.0851e+04 8.0806e+04
8.0000e+02 1.5770e-11 8.7497e-01 1.7598e+03 2.7748e+03 2.9788e+03 9.2428e+19 1.1533e+22 5.7455e+21 1.4285e-01 7.5709e-03 3.0909e+04 8.0823e+04
8.1000e+02 1.5694e-11 8.7271e-01 1.7594e+03 2.7740e+03 2.9786e+03 9.2940e+19 1.1585e+22 5.7566e+21 1.4253e-01 7.5903e-03 3.0969e+04 8.0840e+04
8.2000e+02 1.5619e-11 8.7052e-01 1.7589e+03 2.7732e+03 2.9783e+03 9.3465e+19 1.1639e+22 5.7677e+21 1.4221e-01 7.6103e-03 3.1031e+04 8.0856e+04
8.3000e+02 1.5544e-11 8.6837e-01 1.7585e+03 2.7724e+03 2.9781e+03 9.4004e+19 1.1693e+22 5.7789e+21 1.4188e-01 7.6309e-03 3.1093e+04 8.0872e+04
8.4000e+02 1.5470e-11 8.6629e-01 1.7580e+03 2.7716e+03 2.9779e+03 9.4556e+19 1.1749e+22 5.7901e+21 1.4154e-01 7.6521e-03 3.1157e+04 8.0887e+04
8.5000e+02 1.5397e-11 8.6425e-01 1.7576e+03 2.7707e+03 2.9776e+03 9.5122e+19 1.1806e+22 5.8013e+21 1.4120e-01 7.6738e-03 3.1223e+04 8.0902e+04
8.6000e+02 1.5324e-11 8.6226e-01 1.7571e+03 2.7698e+03 2.9774e+03 9.5701e+19 1.1863e+22 5.8127e+21 1.4086e-01 7.6960e-03 3.1289e+04 8.0917e+04
8.7000e+02 1.5251e-11 8.6032e-01 1.7566e+03 2.7689e+03 2.9772e+03 9.6293e+19 1.1922e+22 5.8240e+21 1.4051e-01 7.7187e-03 3.1357e+04 8.0932e+04
8.8000e+02 1.5179e-11 8.5843e-01 1.7561e+03 2.7680e+03 2.9769e+03 9.6897e+19 1.1982e+22 5.8355e+21 1.4015e-01 7.7419e-03 3.1426e+04 8.0946e+04
8.9000e+02 1.5108e-11 8.5658e-01 1.7556e+03 2.7671e+03 2.9767e+03 9.7515e+19 1.2043e+22 5.8470e+21 1.3979e-01 7.7654e-03 3.1496e+04 8.0961e+04
9.0000e+02 1.5037e-11 8.5477e-01 1.7551e+03 2.7662e+03 2.9765e+03 9.8145e+19 1.2105e+22 5.8585e+21 1.3943e-01 7.7894e-03 3.1567e+04 8.0975e+04
9.1000e+02 1.4966e-11 8.5300e-01 1.7546e+03 2.7653e+03 2.9762e+03 9.8788e+19 1.2168e+22 5.8702e+21 1.3906e-01 7.8138e-03 3.1640e+04 8.0990e+04
9.2000e+02 1.4896e-11 8.5128e-01 1.7541e+03 2.7643e+03 2.9760e+03 9.9442e+19 1.2232e+22 5.8818e+21 1.3869e-01 7.8385e-03 3.1713e+04 8.1004e+04
9.3000e+02 1.4827e-11 8.4959e-01 1.7536e+03 2.7634e+03 2.9758e+03 1.0011e+20 1.2296e+22 5.8936e+21 1.3832e-01 7.8636e-03 3.1788e+04 8.1018e+04
9.4000e+02 1.4757e-11 8.4795e-01 1.7531e+03 2.7624e+03 2.9755e+03 1.0079e+20 1.2362e+22 5.9054e+21 1.3794e-01 7.8890e-03 3.1863e+04 8.1033e+04
9.5000e+02 1.4689e-11 8.4634e-01 1.7526e+03 2.7614e+03 2.9753e+03 1.0148e+20 1.2429e+22 5.9172e+21 1.3756e-01 7.9147e-03 3.1940e+04 8.1048e+04
9.6000e+02 1.4621e-11 8.4476e-01 1.7520e+03 2.7605e+03 2.9750e+03 1.0218e+20 1.2497e+22 5.9292e+21 1.3718e-01 7.9407e-03 3.2017e+04 8.1062e+04
9.7000e+02 1.4553e-11 8.4322e-01 1.7515e+03 2.7595e+03 2.9748e+03 1.0290e+20 1.2565e+22 5.9412e+21 1.3679e-01 7.9670e-03 3.2095e+04 8.1077e+04
9.8000e+02 1.4486e-11 8.4171e-01 1.7509e+03 2.7585e+03 2.9745e+03 1.0362e+20 1.2635e+22 5.9532e+21 1.3641e-01 7.9935e-03 3.2175e+04 8.1093e+04
9.9000e+02 1.4419e-11 8.4024e-01 1.7504e+03 2.7575e+03 2.9743e+03 1.0436e+20 1.2705e+22 5.9654e+21 1.3602e-01 8.0203e-03 3.2255e+04 8.1108e+04
1.0000e+03 1.4353e-11 8.3879e-01 1.7499e+03 2.7565e+03 2.9741e+03 1.0511e+20 1.2777e+22 5.9776e+21 1.3562e-01 8.0472e-03 3.2336e+04 8.1124e+04
1.0100e+03 1.4287e-11 8.3738e-01 1.7493e+03 2.7554e+03 2.9738e+03 1.0587e+20 1.2849e+22 5.9898e+21 1.3523e-01 8.0744e-03 3.2418e+04 8.1139e+04
1.0200e+03 1.4222e-11 8.3600e-01 1.7487e+03 2.7544e+03 2.9736e+03 1.0664e+20 1.2922e+22 6.0022e+21 1.3484e-01 8.1018e-03 3.2501e+04 8.1156e+04
1.0300e+03 1.4157e-11 8.3464e-01 1.7482e+03 2.7534e+03 2.9733e+03 1.0743e+20 1.2996e+22 6.0146e+21 1.3444e-01 8.1293e-03 3.2584e+04 8.1172e+04
1.0400e+03 1.4092e-11 8.3331e-01 1.7476e+03 2.7523e+03 2.9731e+03 1.0822e+20 1.3071e+22 6.0270e+21 1.3404e-01 8.1570e-03 3.2668e+04 8.1189e+04
1.0500e+03 1.4028e-11 8.3201e-01 1.7470e+03 2.7513e+03 2.9728e+03 1.0903e+20 1.3147e+22 6.0396e+21 1.3364e-01 8.1848e-03 3.2754e+04 8.1206e+04
1.0600e+03 1.3965e-11 8.3073e-01 1.7465e+03 2.7502e+03 2.9726e+03 1.0984e+20 1.3223e+22 6.0522e+21 1.3324e-01 8.2128e-03 3.2839e+04 8.1223e+04
1.0700e+03 1.3902e-11 8.2948e-01 1.7459e+03 2.7492e+03 2.9723e+03 1.1067e+20 1.3301e+22 6.0649e+21 1.3283e-01 8.2409e-03 3.2926e+04 8.1241e+04
1.0800e+03 1.3839e-11 8.2826e-01 1.7453e+03 2.7481e+03 2.9721e+03 1.1151e+20 1.3379e+22 6.0776e+21 1.3243e-01 8.2691e-03 3.3013e+04 8.1259e+04
1.0900e+03 1.3777e-11 8.2705e-01 1.7448e+03 2.7470e+03 2.9718e+03 1.1236e+20 1.3458e+22 6.0905e+21 1.3203e-01 8.2973e-03 3.3101e+04 8.1278e+04
1.1000e+03 1.3715e-11 8.2587e-01 1.7442e+03 2.7460e+03 2.9716e+03 1.1322e+20 1.3538e+22 6.1034e+21 1.3162e-01 8.3257e-03 3.3190e+04 8.1297e+04
1.1100e+03 1.3653e-11 8.2472e-01 1.7436e+03 2.7449e+03 2.9713e+03 1.1409e+20 1.3619e+22 6.1164e+21 1.3122e-01 8.3541e-03 3.3279e+04 8.1316e+04
1.1200e+03 1.3592e-11 8.2358e-01 1.7430e+03 2.7438e+03 2.9711e+03 1.1497e+20 1.3700e+22 6.1294e+21 1.3081e-01 8.3826e-03 3.3369e+04 8.1336e+04
1.1300e+03 1.3532e-11 8.2246e-01 1.7424e+03 2.7427e+03 2.9708e+03 1.1586e+20 1.3783e+22 6.1425e+21 1.3040e-01 8.4112e-03 3.3460e+04 8.1356e+04
1.1400e+03 1.3471e-11 8.2137e-01 1.7418e+03 2.7416e+03 2.9706e+03 1.1677e+20 1.3866e+22 6.1557e+21 1.2999e-01 8.4398e-03 3.3551e+04 8.1377e+04
1.1500e+03 1.3412e-11 8.2030e-01 1.7412e+03 2.7405e+03 2.9703e+03 1.1768e+20 1.3950e+22 6.1690e+21 1.2959e-01 8.4684e-03 3.3643e+04 8.1399e+04
1.1600e+03 1.3352e-11 8.1924e-01 1.7406e+03 2.7394e+03 2.9700e+03 1.1861e+20 1.4034e+22 6.1824e+21 1.2918e-01 8.4970e-03 3.3736e+04 8.1420e+04
1.1700e+03 1.3293e-11 8.1820e-01 1.7401e+03 2.7383e+03 2.9698e+03 1.1954e+20 1.4120e+22 6.1958e+21 1.2877e-01 8.5257e-03 3.3829e+04 8.1442e+04
1.1800e+03 1.3235e-11 8.1718e-01 1.7395e+03 2.7372e+03 2.9695e+03 1.2049e+20 1.4206e+22 6.2093e+21 1.2836e-01 8.5543e-03 3.3922e+04 8.1465e+04
1.1900e+03 1.3176e-11 8.1618e-01 1.7389e+03 2.7361e+03 2.9693e+03 1.2144e+20 1.4293e+22 6.2229e+21 1.2796e-01 8.5830e-03 3.4016e+04 8.1488e+04
1.2000e+03 1.3119e-11 8.1520e-01 1.7383e+03 2.7350e+03 2.9690e+03 1.2241e+20 1.4381e+22 6.2366e+21 1.2755e-01 8.6116e-03 3.4111e+04 8.1512e+04
1.2100e+03 1.3061e-11 8.1423e-01 1.7377e+03 2.7339e+03 2.9687e+03 1.2339e+20 1.4470e+22 6.2503e+21 1.2714e-01 8.6402e-03 3.4206e+04 8.1536e+04
1.2200e+03 1.3004e-11 8.1328e-01 1.7371e+03 2.7328e+03 2.9685e+03 1.2437e+20 1.4559e+22 6.2641e+21 1.2673e-01 8.6688e-03 3.4302e+04 8.1561e+04
1.2300e+03 1.2947e-11 8.1235e-01 1.7365e+03 2.7317e+03 2.9682e+03 1.2537e+20 1.4649e+22 6.2780e+21 1.2633e-01 8.6974e-03 3.4398e+04 8.1586e+04
1.2400e+03 1.2891e-11 8.1143e-01 1.7359e+03 2.7306e+03 2.9679e+03 1.2638e+20 1.4740e+22 6.2920e+21 1.2592e-01 8.7259e-03 3.4495e+04 8.1612e+04
1.2500e+03 1.2835e-11 8.1052e-01 1.7353e+03 2.7295e+03 2.9677e+03 1.2740e+20 1.4832e+22 6.3061e+21 1.2551e-01 8.7544e-03 3.4592e+04 8.1638e+04
1.2600e+03 1.2780e-11 8.0963e-01 1.7347e+03 2.7283e+03 2.9674e+03 1.2843e+20 1.4924e+22 6.3202e+21 1.2511e-01 8.7828e-03 3.4690e+04 8.1665e+04
1.2700e+03 1.2725e-11 8.0875e-01 1.7341e+03 2.7272e+03 2.9672e+03 1.2947e+20 1.5017e+22 6.3344e+21 1.2470e-01 8.8111e-03 3.4788e+04 8.1692e+04
1.2800e+03 1.2670e-11 8.0789e-01 1.7335e+03 2.7261e+03 2.9669e+03 1.3052e+20 1.5111e+22 6.3487e+21 1.2430e-01 8.8394e-03 3.4887e+04 8.1720e+04
1.2900e+03 1.2615e-11 8.0704e-01 1.7329e+03 2.7250e+03 2.9666e+03 1.3158e+20 1.5206e+22 6.3631e+21 1.2390e-01 8.8676e-03 3.4986e+04 8.1748e+04
1.3000e+03 1.2561e-11 8.0620e-01 1.7323e+03 2.7239e+03 2.9663e+03 1.3265e+20 1.5301e+22 6.3776e+21 1.2349e-01 8.8958e-03 3.5085e+04 8.1777e+04
1.3100e+03 1.2508e-11 8.0538e-01 1.7316e+03 2.7227e+03 2.9661e+03 1.3373e+20 1.5397e+22 6.3921e+21 1.2309e-01 8.9238e-03 3.5185e+04 8.1807e+04
1.3200e+03 1.2454e-11 8.0457e-01 1.7310e+03 2.7216e+03 2.9658e+03 1.3482e+20 1.5494e+22 6.4067e+21 1.2269e-01 8.9518e-03 3.5286e+04 8.1837e+04
1.3300e+03 1.2401e-11 8.0377e-01 1.7304e+03 2.7205e+03 2.9655e+03 1.3592e+20 1.5592e+22 6.4214e+21 1.2229e-01 8.9797e-03 3.5386e+04 8.1867e+04
1.3400e+03 1.2349e-11 8.0298e-01 1.7298e+03 2.7194e+03 2.9653e+03 1.3703e+20 1.5690e+22 6.4362e+21 1.2189e-01 9.0075e-03 3.5487e+04 8.1898e+04
1.3500e+03 1.2296e-11 8.0220e-01 1.7292e+03 2.7182e+03 2.9650e+03 1.3815e+20 1.5789e+22 6.4511e+21 1.2149e-01 9.0352e-03 3.5589e+04 8.1930e+04
1.3600e+03 1.2244e-11 8.0144e-01 1.7286e+03 2.7171e+03 2.9647e+03 1.3929e+20 1.5889e+22 6.4661e+21 1.2109e-01 9.0627e-03 3.5691e+04 8.1962e+04
1.3700e+03 1.2193e-11 8.0068e-01 1.7280e+03 2.7160e+03 2.9644e+03 1.4043e+20 1.5990e+22 6.4811e+21 1.2069e-01 9.0902e-03 3.5793e+04 8.1995e+04
1.3800e+03 1.2141e-11 7.9994e-01 1.7274e+03 2.7149e+03 2.9642e+03 1.4158e+20 1.6091e+22 6.4962e+21 1.2030e-01 9.1176e-03 3.5896e+04 8.2028e+04
1.3900e+03 1.2090e-11 7.9921e-01 1.7268e+03 2.7137e+03 2.9639e+03 1.4274e+20 1.6193e+22 6.5114e+21 1.1990e-01 9.1448e-03 3.5999e+04 8.2062e+04
1.4000e+03 1.2040e-11 7.9848e-01 1.7262e+03 2.7126e+03 2.9636e+03 1.4392e+20 1.6296e+22 6.5267e+21 1.1951e-01 9.1719e-03 3.6102e+04 8.2096e+04
1.4100e+03 1.1990e-11 7.9777e-01 1.7256e+03 2.7115e+03 2.9633e+03 1.4510e+20 1.6399e+22 6.5421e+21 1.1912e-01 9.1989e-03 3.6206e+04 8.2131e+04
1.4200e+03 1.1940e-11 7.9707e-01 1.7250e+03 2.7104e+03 2.9630e+03 1.4630e+20 1.6503e+22 6.5576e+21 1.1873e-01 9.2258e-03 3.6310e+04 8.2166e+04
1.4300e+03 1.1890e-11 7.9637e-01 1.7244e+03 2.7092e+03 2.9628e+03 1.4750e+20 1.6608e+22 6.5731e+21 1.1834e-01 9.2525e-03 3.6415e+04 8.2202e+04
1.4400e+03 1.1841e-11 7.9568e-01 1.7238e+03 2.7081e+03 2.9625e+03 1.4871e+20 1.6714e+22 6.5887e+21 1.1795e-01 9.2791e-03 3.6520e+04 8.2239e+04
1.4500e+03 1.1792e-11 7.9501e-01 1.7232e+03 2.7070e+03 2.9622e+03 1.4994e+20 1.6820e+22 6.6044e+21 1.1756e-01 9.3056e-03 3.6625e+04 8.2276e+04
1.4600e+03 1.1743e-11 7.9434e-01 1.7226e+03 2.7059e+03 2.9619e+03 1.5117e+20 1.6927e+22 6.6202e+21 1.1717e-01 9.3319e-03 3.6730e+04 8.2313e+04
1.4700e+03 1.1695e-11 7.9368e-01 1.7220e+03 2.7047e+03 2.9616e+03 1.5242e+20 1.7035e+22 6.6361e+21 1.1679e-01 9.3581e-03 3.6836e+04 8.2351e+04
1.4800e+03 1.1647e-11 7.9303e-01 1.7214e+03 2.7036e+03 2.9613e+03 1.5368e+20 1.7143e+22 6.6521e+21 1.1640e-01 9.3841e-03 3.6942e+04 8.2390e+04
1.4900e+03 1.1599e-11 7.9238e-01 1.7208e+03 2.7025e+03 2.9611e+03 1.5494e+20 1.7252e+22 6.6682e+21 1.1602e-01 9.4100e-03 3.7048e+04 8.2429e+04
1.5000e+03 1.1552e-11 7.9175e-01 1.7202e+03 2.7014e+03 2.9608e+03 1.5622e+20 1.7362e+22 6.6843e+21 1.1564e-01 9.4357e-03 3.7155e+04 8.2469e+04
1.5100e+03 1.1505e-11 7.9112e-01 1.7196e+03 2.7003e+03 2.9605e+03 1.5750e+20 1.7472e+22 6.7005e+21 1.1526e-01 9.4613e-03 3.7262e+04 8.2509e+04
1.5200e+03 1.1458e-11 7.9050e-01 1.7190e+03 2.6992e+03 2.9602e+03 1.5880e+20 1.7584e+22 6.7168e+21 1.1488e-01 9.4868e-03 3.7369e+04 8.2549e+04
1.5300e+03 1.1411e-11 7.8989e-01 1.7184e+03 2.6980e+03 2.9599e+03 1.6011e+20 1.7696e+22 6.7333e+21 1.1451e-01 9.5120e-03 3.7476e+04 8.2591e+04
1.5400e+03 1.1365e-11 7.8928e-01 1.7178e+03 2.6969e+03 2.9596e+03 1.6143e+20 1.7808e+22 6.7497e+21 1.1413e-01 9.5372e-03 3.7584e+04 8.2632e+04
1.5500e+03 1.1319e-11 7.8868e-01 1.7172e+03 2.6958e+03 2.9593e+03 1.6275e+20 1.7922e+22 6.7663e+21 1.1376e-01 9.5621e-03 3.7692e+04 8.2674e+04
1.5600e+03 1.1274e-11 7.8809e-01 1.7166e+03 2.6947e+03 2.9590e+03 1.6409e+20 1.8036e+22 6.7830e+21 1.1338e-01 9.5869e-03 3.7800e+04 8.2717e+04
1.5700e+03 1.1228e-11 7.8750e-01 1.7160e+03 2.6936e+03 2.9587e+03 1.6544e+20 1.8151e+22 6.7997e+21 1.1301e-01 9.6116e-03 3.7909e+04 8.2760e+04
1.5800e+03 1.1183e-11 7.8693e-01 1.7154e+03 2.6925e+03 2.9585e+03 1.6680e+20 1.8266e+22 6.8166e+21 1.1264e-01 9.6361e-03 3.8018e+04 8.2804e+04
1.5900e+03 1.1139e-11 7.8635e-01 1.7149e+03 2.6914e+03 2.9582e+03 1.6817e+20 1.8383e+22 6.8335e+21 1.1227e-01 9.6604e-03 3.8127e+04 8.2848e+04
1.6000e+03 1.1094e-11 7.8579e-01 1.7143e+03 2.6903e+03 2.9579e+03 1.6955e+20 1.8500e+22 6.8505e+21 1.1190e-01 9.6845e-03 3.8236e+04 8.2893e+04
1.6100e+03 1.1050e-11 7.8523e-01 1.7137e+03 2.6892e+03 2.9576e+03 1.7094e+20 1.8617e+22 6.8676e+21 1.1154e-01 9.7085e-03 3.8345e+04 8.2938e+04
1.6200e+03 1.1006e-11 7.8467e-01 1.7131e+03 2.6881e+03 2.9573e+03 1.7234e+20 1.8736e+22 6.8848e+21 1.1117e-01 9.7323e-03 3.8455e+04 8.2984e+04
1.6300e+03 1.0963e-11 7.8413e-01 1.7125e+03 2.6870e+03 2.9570e+03 1.7375e+20 1.8855e+22 6.9021e+21 1.1081e-01 9.7560e-03 3.8565e+04 8.3030e+04
1.6400e+03 1.0919e-11 7.8358e-01 1.7119e+03 2.6859e+03 2.9567e+03 1.7518e+20 1.8974e+22 6.9195e+21 1.1045e-01 9.7794e-03 3.8675e+04 8.3076e+04
1.6500e+03 1.0876e-11 7.8305e-01 1.7113e+03 2.6848e+03 2.9564e+03 1.7661e+20 1.9095e+22 6.9369e+21 1.1009e-01 9.8028e-03 3.8786e+04 8.3123e+04
1.6600e+03 1.0834e-11 7.8252e-01 1.7107e+03 2.6837e+03 2.9561e+03 1.7805e+20 1.9216e+22 6.9545e+21 1.0973e-01 9.8259e-03 3.8897e+04 8.3171e+04
1.6700e+03 1.0791e-11 7.8199e-01 1.7102e+03 2.6826e+03 2.9558e+03 1.7950e+20 1.9338e+22 6.9721e+21 1.0938e-01 9.8488e-03 3.9007e+04 8.3219e+04
1.6800e+03 1.0749e-11 7.8147e-01 1.7096e+03 2.6815e+03 2.9555e+03 1.8097e+20 1.9461e+22 6.9899e+21 1.0902e-01 9.8716e-03 3.9119e+04 8.3267e+04
1.6900e+03 1.0707e-11 7.8095e-01 1.7090e+03 2.6804e+03 2.9552e+03 1.8244e+20 1.9584e+22 7.0077e+21 1.0867e-01 9.8942e-03 3.9230e+04 8.3316e+04
1.7000e+03 1.0665e-11 7.8044e-01 1.7084e+03 2.6793e+03 2.9549e+03 1.8393e+20 1.9708e+22 7.0256e+21 1.0832e-01 9.9167e-03 3.9341e+04 8.3366e+04
1.7100e+03 1.0624e-11 7.7994e-01 1.7078e+03 2.6782e+03 2.9546e+03 1.8542e+20 1.9833e+22 7.0436e+21 1.0796e-01 9.9389e-03 3.9453e+04 8.3416e+04
1.7200e+03 1.0583e-11 7.7944e-01 1.7073e+03 2.6772e+03 2.9543e+03 1.8693e+20 1.9958e+22 7.0617e+21 1.0762e-01 9.9610e-03 3.9565e+04 8.3466e+04
1.7300e+03 1.0542e-11 7.7895e-01 1.7067e+03 2.6761e+03 2.9540e+03 1.8845e+20 2.0084e+22 7.0799e+21 1.0727e-01 9.9829e-03 3.9677e+04 8.3517e+04
1.7400e+03 1.0501e-11 7.7845e-01 1.7061e+03 2.6750e+03 2.9537e+03 1.8998e+20 2.0211e+22 7.0982e+21 1.0692e-01 1.0005e-02 3.9789e+04 8.3568e+04
1.7500e+03 1.0461e-11 7.7797e-01 1.7056e+03 2.6739e+03 2.9534e+03 1.9151e+20 2.0339e+22 7.1165e+21 1.0658e-01 1.0026e-02 3.9902e+04 8.3620e+04
1.7600e+03 1.0421e-11 7.7749e-01 1.7050e+03 2.6728e+03 2.9531e+03 1.9306e+20 2.0467e+22 7.1350e+21 1.0623e-01 1.0048e-02 4.0015e+04 8.3672e+04
1.7700e+03 1.0381e-11 7.7701e-01 1.7044e+03 2.6718e+03 2.9528e+03 1.9462e+20 2.0596e+22 7.1535e+21 1.0589e-01 1.0069e-02 4.0127e+04 8.3724e+04
1.7800e+03 1.0342e-11 7.7654e-01 1.7038e+03 2.6707e+03 2.9525e+03 1.9619e+20 2.0726e+22 7.1722e+21 1.0555e-01 1.0090e-02 4.0240e+04 8.3777e+04
1.7900e+03 1.0302e-11 7.7607e-01 1.7033e+03 2.6696e+03 2.9522e+03 1.9778e+20 2.0856e+22 7.1909e+21 1.0522e-01 1.0111e-02 4.0354e+04 8.3831e+04
1.8000e+03 1.0263e-11 7.7561e-01 1.7027e+03 2.6686e+03 2.9518e+03 1.9937e+20 2.0988e+22 7.2097e+21 1.0488e-01 1.0131e-02 4.0467e+04 8.3885e+04
1.8100e+03 1.0224e-11 7.7515e-01 1.7021e+03 2.6675e+03 2.9515e+03 2.0097e+20 2.1119e+22 7.2286e+21 1.0454e-01 1.0152e-02 4.0581e+04 8.3939e+04
1.8200e+03 1.0186e-11 7.7469e-01 1.7016e+03 2.6664e+03 2.9512e+03 2.0258e+20 2.1252e+22 7.2476e+21 1.0421e-01 1.0172e-02 4.0694e+04 8.3993e+04
1.8300e+03 1.0147e-11 7.7424e-01 1.7010e+03 2.6654e+03 2.9509e+03 2.0421e+20 2.1385e+22 7.2667e+21 1.0388e-01 1.0192e-02 4.0808e+04 8.4049e+04
1.8400e+03 1.0109e-11 7.7379e-01 1.7005e+03 2.6643e+03 2.9506e+03 2.0584e+20 2.1519e+22 7.2859e+21 1.0355e-01 1.0212e-02 4.0922e+04 8.4104e+04
1.8500e+03 1.0071e-11 7.7335e-01 1.6999e+03 2.6633e+03 2.9503e+03 2.0749e+20 2.1654e+22 7.3052e+21 1.0322e-01 1.0232e-02 4.1036e+04 8.4160e+04
1.8600e+03 1.0033e-11 7.7291e-01 1.6993e+03 2.6622e+03 2.9500e+03 2.0915e+20 2.1790e+22 7.3246e+21 1.0289e-01 1.0252e-02 4.1151e+04 8.4216e+04
1.8700e+03 9.9960e-12 7.7248e-01 1.6988e+03 2.6612e+03 2.9497e+03 2.1082e+20 2.1926e+22 7.3440e+21 1.0256e-01 1.0271e-02 4.1265e+04 8.4273e+04
1.8800e+03 9.9588e-12 7.7204e-01 1.6982e+03 2.6601e+03 2.9494e+03 2.1249e+20 2.2063e+22 7.3636e+21 1.0224e-01 1.0290e-02 4.1380e+04 8.4330e+04
1.8900e+03 9.9219e-12 7.7161e-01 1.6977e+03 2.6591e+03 2.9490e+03 2.1418e+20 2.2200e+22 7.3832e+21 1.0192e-01 1.0309e-02 4.1495e+04 8.4388e+04
1.9000e+03 9.8851e-12 7.7119e-01 1.6971e+03 2.6580e+03 2.9487e+03 2.1588e+20 2.2339e+22 7.4030e+21 1.0160e-01 1.0328e-02 4.1610e+04 8.4445e+04
1.9100e+03 9.8486e-12 7.7077e-01 1.6966e+03 2.6570e+03 2.9484e+03 2.1760e+20 2.2478e+22 7.4228e+21 1.0128e-01 1.0347e-02 4.1725e+04 8.4504e+04
1.9200e+03 9.8123e-12 7.7035e-01 1.6960e+03 2.6559e+03 2.9481e+03 2.1932e+20 2.2618e+22 7.4428e+21 1.0096e-01 1.0365e-02 4.1840e+04 8.4562e+04
1.9300e+03 9.7763e-12 7.6994e-01 1.6955e+03 2.6549e+03 2.9478e+03 2.2105e+20 2.2758e+22 7.4628e+21 1.0064e-01 1.0384e-02 4.1956e+04 8.4621e+04
1.9400e+03 9.7404e-12 7.6952e-01 1.6949e+03 2.6539e+03 2.9475e+03 2.2280e+20 2.2899e+22 7.4829e+21 1.0032e-01 1.0402e-02 4.2071e+04 8.4681e+04
1.9500e+03 9.7048e-12 7.6912e-01 1.6944e+03 2.6528e+03 2.9472e+03 2.2455e+20 2.3041e+22 7.5031e+21 1.0001e-01 1.0420e-02 4.2187e+04 8.4741e+04
1.9600e+03 9.6694e-12 7.6871e-01 1.6938e+03 2.6518e+03 2.9468e+03 2.2632e+20 2.3184e+22 7.5234e+21 9.9698e-02 1.0438e-02 4.2303e+04 8.4801e+04
1.9700e+03 9.6342e-12 7.6831e-01 1.6933e+03 2.6508e+03 2.9465e+03 2.2810e+20 2.3327e+22 7.5438e+21 9.9388e-02 1.0455e-02 4.2419e+04 8.4861e+04
1.9800e+03 9.5992e-12 7.6791e-01 1.6928e+03 2.6497e+03 2.9462e+03 2.2989e+20 2.3472e+22 7.5643e+21 9.9078e-02 1.0473e-02 4.2535e+04 8.4922e+04
1.9900e+03 9.5645e-12 7.6752e-01 1.6922e+03 2.6487e+03 2.9459e+03 2.3169e+20 2.3617e+22 7.5849e+21 9.8770e-02 1.0490e-02 4.2651e+04 8.4984e+04
2.0000e+03 9.5299e-12 7.6713e-01 1.6917e+03 2.6477e+03 2.9456e+03 2.3350e+20 2.3762e+22 7.6056e+21 9.8464e-02 1.0507e-02 4.2767e+04 8.5045e+04
2.0100e+03 9.4956e-12 7.6674e-01 1.6911e+03 2.6467e+03 2.9452e+03 2.3532e+20 2.3909e+22 7.6264e+21 9.8159e-02 1.0524e-02 4.2884e+04 8.5107e+04
2.0200e+03 9.4615e-12 7.6635e-01 1.6906e+03 2.6457e+03 2.9449e+03 2.3716e+20 2.4056e+22 7.6473e+21 9.7855e-02 1.0541e-02 4.3000e+04 8.5170e+04
2.0300e+03 9.4276e-12 7.6597e-01 1.6901e+03 2.6447e+03 2.9446e+03 2.3900e+20 2.4203e+22 7.6682e+21 9.7553e-02 1.0558e-02 4.3117e+04 8.5232e+04
2.0400e+03 9.3939e-12 7.6559e-01 1.6895e+03 2.6436e+03 2.9443e+03 2.4086e+20 2.4352e+22 7.6893e+21 9.7253e-02 1.0574e-02 4.3234e+04 8.5295e+04
2.0500e+03 9.3604e-12 7.6521e-01 1.6890e+03 2.6426e+03 2.9440e+03 2.4273e+20 2.4501e+22 7.7104e+21 9.6954e-02 1.0590e-02 4.3351e+04 8.5359e+04
2.0600e+03 9.3271e-12 7.6484e-01 1.6885e+03 2.6416e+03 2.9436e+03 2.4461e+20 2.4651e+22 7.7317e+21 9.6656e-02 1.0607e-02 4.3468e+04 8.5423e+04
2.0700e+03 9.2940e-12 7.6446e-01 1.6880e+03 2.6406e+03 2.9433e+03 2.4650e+20 2.4802e+22 7.7531e+21 9.6360e-02 1.0623e-02 4.3585e+04 8.5487e+04
2.0800e+03 9.2611e-12 7.6410e-01 1.6874e+03 2.6396e+03 2.9430e+03 2.4840e+20 2.4954e+22 7.7745e+21 9.6065e-02 1.0638e-02 4.3702e+04 8.5551e+04
2.0900e+03 9.2284e-12 7.6373e-01 1.6869e+03 2.6386e+03 2.9427e+03 2.5031e+20 2.5106e+22 7.7961e+21 9.5772e-02 1.0654e-02 4.3820e+04 8.5616e+04
2.1000e+03 9.1959e-12 7.6337e-01 1.6864e+03 2.6376e+03 2.9424e+03 2.5224e+20 2.5259e+22 7.8177e+21 9.5480e-02 1.0669e-02 4.3937e+04 8.5681e+04
2.1100e+03 9.1636e-12 7.6301e-01 1.6859e+03 2.6366e+03 2.9420e+03 2.5417e+20 2.5413e+22 7.8394e+21 9.5190e-02 1.0685e-02 4.4055e+04 8.5746e+04
2.1200e+03 9.1315e-12 7.6265e-01 1.6853e+03 2.6356e+03 2.9417e+03 2.5612e+20 2.5567e+22 7.8613e+21 9.4901e-02 1.0700e-02 4.4173e+04 8.5812e+04
2.1300e+03 9.0995e-12 7.6229e-01 1.6848e+03 2.6347e+03 2.9414e+03 2.5808e+20 2.5723e+22 7.8832e+21 9.4613e-02 1.0715e-02 4.4290e+04 8.5878e+04
2.1400e+03 9.0678e-12 7.6194e-01 1.6843e+03 2.6337e+03 2.9410e+03 2.6005e+20 2.5879e+22 7.9052e+21 9.4327e-02 1.0729e-02 4.4408e+04 8.5944e+04
2.1500e+03 9.0363e-12 7.6159e-01 1.6838e+03 2.6327e+03 2.9407e+03 2.6203e+20 2.6035e+22 7.9273e+21 9.4042e-02 1.0744e-02 4.4526e+04 8.6011e+04
2.1600e+03 9.0049e-12 7.6124e-01 1.6833e+03 2.6317e+03 2.9404e+03 2.6403e+20 2.6193e+22 7.9496e+21 9.3759e-02 1.0758e-02 4.4644e+04 8.6078e+04
2.1700e+03 8.9738e-12 7.6090e-01 1.6828e+03 2.6307e+03 2.9401e+03 2.6603e+20 2.6351e+22 7.9719e+21 9.3477e-02 1.0773e-02 4.4763e+04 8.6145e+04
2.1800e+03 8.9428e-12 7.6055e-01 1.6822e+03 2.6298e+03 2.9397e+03 2.6805e+20 2.6510e+22 7.9943e+21 9.3196e-02 1.0787e-02 4.4881e+04 8.6213e+04
2.1900e+03 8.9120e-12 7.6021e-01 1.6817e+03 2.6288e+03 2.9394e+03 2.7008e+20 2.6670e+22 8.0168e+21 9.2917e-02 1.0801e-02 4.4999e+04 8.6281e+04
2.2000e+03 8.8814e-12 7.5987e-01 1.6812e+03 2.6278e+03 2.9391e+03 2.7212e+20 2.6830e+22 8.0394e+21 9.2639e-02 1.0814e-02 4.5118e+04 8.6349e+04
2.2100e+03 8.8510e-12 7.5954e-01 1.6807e+03 2.6268e+03 2.9388e+03 2.7417e+20 2.6992e+22 8.0621e+21 9.2362e-02 1.0828e-02 4.5237e+04 8.6418e+04
2.2200e+03 8.8207e-12 7.5920e-01 1.6802e+03 2.6259e+03 2.9384e+03 2.7623e+20 2.7154e+22 8.0849e+21 9.2087e-02 1.0842e-02 4.5355e+04 8.6487e+04
2.2300e+03 8.7907e-12 7.5887e-01 1.6797e+03 2.6249e+03 2.9381e+03 2.7830e+20 2.7317e+22 8.1078e+21 9.1813e-02 1.0855e-02 4.5474e+04 8.6556e+04
2.2400e+03 8.7608e-12 7.5854e-01 1.6792e+03 2.6240e+03 2.9378e+03 2.8039e+20 2.7480e+22 8.1309e+21 9.1541e-02 1.0868e-02 4.5593e+04 8.6625e+04
2.2500e+03 8.7311e-12 7.5822e-01 1.6787e+03 2.6230e+03 2.9374e+03 2.8249e+20 2.7644e+22 8.1540e+21 9.1270e-02 1.0881e-02 4.5712e+04 8.6695e+04
2.2600e+03 8.7016e-12 7.5789e-01 1.6782e+03 2.6220e+03 2.9371e+03 2.8460e+20 2.7810e+22 8.1772e+21 9.1000e-02 1.0894e-02 4.5831e+04 8.6765e+04
2.2700e+03 8.6722e-12 7.5757e-01 1.6777e+03 2.6211e+03 2.9368e+03 2.8672e+20 2.7975e+22 8.2005e+21 9.0732e-02 1.0907e-02 4.5950e+04 8.6835e+04
2.2800e+03 8.6430e-12 7.5725e-01 1.6772e+03 2.6201e+03 2.9364e+03 2.8885e+20 2.8142e+22 8.2239e+21 9.0465e-02 1.0919e-02 4.6069e+04 8.6906e+04
2.2900e+03 8.6140e-12 7.5693e-01 1.6767e+03 2.6192e+03 2.9361e+03 2.9100e+20 2.8309e+22 8.2473e+21 9.0199e-02 1.0931e-02 4.6188e+04 8.6976e+04
2.3000e+03 8.5852e-12 7.5662e-01 1.6762e+03 2.6182e+03 2.9358e+03 2.9316e+20 2.8478e+22 8.2709e+21 8.9934e-02 1.0944e-02 4.6308e+04 8.7048e+04
2.3100e+03 8.5565e-12 7.5630e-01 1.6757e+03 2.6173e+03 2.9354e+03 2.9533e+20 2.8647e+22 8.2946e+21 8.9671e-02 1.0956e-02 4.6427e+04 8.7119e+04
2.3200e+03 8.5280e-12 7.5599e-01 1.6752e+03 2.6164e+03 2.9351e+03 2.9751e+20 2.8816e+22 8.3184e+21 8.9409e-02 1.0968e-02 4.6547e+04 8.7191e+04
2.3300e+03 8.4997e-12 7.5568e-01 1.6747e+03 2.6154e+03 2.9348e+03 2.9970e+20 2.8987e+22 8.3423e+21 8.9149e-02 1.0979e-02 4.6666e+04 8.7263e+04
2.3400e+03 8.4715e-12 7.5538e-01 1.6743e+03 2.6145e+03 2.9344e+03 3.0191e+20 2.9158e+22 8.3663e+21 8.8889e-02 1.0991e-02 4.6786e+04 8.7335e+04
2.3500e+03 8.4435e-12 7.5507e-01 1.6738e+03 2.6135e+03 2.9341e+03 3.0412e+20 2.9330e+22 8.3904e+21 8.8631e-02 1.1002e-02 4.6906e+04 8.7407e+04
2.3600e+03 8.4156e-12 7.5477e-01 1.6733e+03 2.6126e+03 2.9338e+03 3.0635e+20 2.9503e+22 8.4146e+21 8.8375e-02 1.1014e-02 4.7025e+04 8.7480e+04
2.3700e+03 8.3880e-12 7.5447e-01 1.6728e+03 2.6117e+03 2.9334e+03 3.0859e+20 2.9676e+22 8.4389e+21 8.8119e-02 1.1025e-02 4.7145e+04 8.7553e+04
2.3800e+03 8.3604e-12 7.5417e-01 1.6723e+03 2.6108e+03 2.9331e+03 3.1085e+20 2.9851e+22 8.4633e+21 8.7865e-02 1.1036e-02 4.7265e+04 8.7626e+04
2.3900e+03 8.3331e-12 7.5387e-01 1.6718e+03 2.6098e+03 2.9328e+03 3.1311e+20 3.0026e+22 8.4878e+21 8.7612e-02 1.1047e-02 4.7385e+04 8.7700e+04
2.4000e+03 8.3059e-12 7.5357e-01 1.6714e+03 2.6089e+03 2.9324e+03 3.1539e+20 3.0202e+22 8.5124e+21 8.7360e-02 1.1058e-02 4.7505e+04 8.7774e+04
2.4100e+03 8.2788e-12 7.5328e-01 1.6709e+03 2.6080e+03 2.9321e+03 3.1768e+20 3.0379e+22 8.5371e+21 8.7110e-02 1.1068e-02 4.7625e+04 8.7848e+04
2.4200e+03 8.2519e-12 7.5299e-01 1.6704e+03 2.6071e+03 2.9318e+03 3.1998e+20 3.0556e+22 8.5619e+21 8.6860e-02 1.1079e-02 4.7746e+04 8.7922e+04
2.4300e+03 8.2252e-12 7.5270e-01 1.6699e+03 2.6062e+03 2.9314e+03 3.2229e+20 3.0734e+22 8.5868e+21 8.6612e-02 1.1089e-02 4.7866e+04 8.7996e+04
2.4400e+03 8.1986e-12 7.5241e-01 1.6694e+03 2.6053e+03 2.9311e+03 3.2462e+20 3.0914e+22 8.6118e+21 8.6365e-02 1.1099e-02 4.7986e+04 8.8071e+04
2.4500e+03 8.1722e-12 7.5212e-01 1.6690e+03 2.6043e+03 2.9307e+03 3.2695e+20 3.1093e+22 8.6369e+21 8.6120e-02 1.1109e-02 4.8107e+04 8.8146e+04
2.4600e+03 8.1459e-12 7.5184e-01 1.6685e+03 2.6034e+03 2.9304e+03 3.2930e+20 3.1274e+22 8.6621e+21 8.5875e-02 1.1119e-02 4.8227e+04 8.8221e+04
2.4700e+03 8.1198e-12 7.5156e-01 1.6680e+03 2.6025e+03 2.9301e+03 3.3167e+20 3.1456e+22 8.6874e+21 8.5632e-02 1.1129e-02 4.8348e+04 8.8297e+04
2.4800e+03 8.0939e-12 7.5128e-01 1.6676e+03 2.6016e+03 2.9297e+03 3.3404e+20 3.1638e+22 8.7128e+21 8.5390e-02 1.1138e-02 4.8468e+04 8.8373e+04
2.4900e+03 8.0680e-12 7.5100e-01 1.6671e+03 2.6007e+03 2.9294e+03 3.3643e+20 3.1821e+22 8.7383e+21 8.5149e-02 1.1148e-02 4.8589e+04 8.8449e+04
2.5000e+03 8.0424e-12 7.5072e-01 1.6666e+03 2.5998e+03 2.9291e+03 3.3882e+20 3.2005e+22 8.7639e+21 8.4910e-02 1.1157e-02 4.8710e+04 8.8525e+04
2.5100e+03 8.0168e-12 7.5045e-01 1.6662e+03 2.5989e+03 2.9287e+03 3.4124e+20 3.2189e+22 8.7897e+21 8.4671e-02 1.1166e-02 4.8830e+04 8.8601e+04
2.5200e+03 7.9914e-12 7.5017e-01 1.6657e+03 2.5980e+03 2.9284e+03 3.4366e+20 3.2375e+22 8.8155e+21 8.4434e-02 1.1175e-02 4.8951e+04 8.8678e+04
2.5300e+03 7.9662e-12 7.4990e-01 1.6652e+03 2.5972e+03 2.9280e+03 3.4610e+20 3.2561e+22 8.8414e+21 8.4198e-02 1.1184e-02 4.9072e+04 8.8755e+04
2.5400e+03 7.9411e-12 7.4963e-01 1.6648e+03 2.5963e+03 2.9277e+03 3.4854e+20 3.2748e+22 8.8674e+21 8.3963e-02 1.1193e-02 4.9193e+04 8.8832e+04
2.5500e+03 7.9162e-12 7.4936e-01 1.6643e+03 2.5954e+03 2.9274e+03 3.5100e+20 3.2936e+22 8.8936e+21 8.3729e-02 1.1202e-02 4.9314e+04 8.8909e+04
2.5600e+03 7.8914e-12 7.4910e-01 1.6639e+03 2.5945e+03 2.9270e+03 3.5348e+20 3.3125e+22 8.9198e+21 8.3496e-02 1.1210e-02 4.9435e+04 8.8987e+04
2.5700e+03 7.8667e-12 7.4883e-01 1.6634e+03 2.5936e+03 2.9267e+03 3.5596e+20 3.3314e+22 8.9461e+21 8.3264e-02 1.1218e-02 4.9556e+04 8.9065e+04
2.5800e+03 7.8422e-12 7.4857e-01 1.6630e+03 2.5927e+03 2.9263e+03 3.5846e+20 3.3504e+22 8.9726e+21 8.3034e-02 1.1227e-02 4.9677e+04 8.9143e+04
2.5900e+03 7.8178e-12 7.4831e-01 1.6625e+03 2.5919e+03 2.9260e+03 3.6097e+20 3.3695e+22 8.9991e+21 8.2805e-02 1.1235e-02 4.9798e+04 8.9221e+04
2.6000e+03 7.7935e-12 7.4805e-01 1.6621e+03 2.5910e+03 2.9256e+03 3.6349e+20 3.3887e+22 9.0258e+21 8.2576e-02 1.1243e-02 4.9919e+04 8.9299e+04
2.6100e+03 7.7694e-12 7.4779e-01 1.6616e+03 2.5901e+03 2.9253e+03 3.6603e+20 3.4080e+22 9.0525e+21 8.2349e-02 1.1251e-02 5.0041e+04 8.9378e+04
2.6200e+03 7.7454e-12 7.4754e-01 1.6612e+03 2.5893e+03 2.9250e+03 3.6858e+20 3.4274e+22 9.0794e+21 8.2123e-02 1.1258e-02 5.0162e+04 8.9457e+04
2.6300e+03 7.7216e-12 7.4728e-01 1.6607e+03 2.5884e+03 2.9246e+03 3.7114e+20 3.4468e+22 9.1063e+21 8.1898e-02 1.1266e-02 5.0283e+04 8.9536e+04
2.6400e+03 7.6979e-12 7.4703e-01 1.6603e+03 2.5875e+03 2.9243e+03 3.7371e+20 3.4663e+22 9.1334e+21 8.1675e-02 1.1273e-02 5.0405e+04 8.9615e+04
2.6500e+03 7.6743e-12 7.4678e-01 1.6598e+03 2.5867e+03 2.9239e+03 3.7630e+20 3.4859e+22 9.1606e+21 8.1452e-02 1.1281e-02 5.0526e+04 8.9695e+04
2.6600e+03 7.6508e-12 7.4653e-01 1.6594e+03 2.5858e+03 2.9236e+03 3.7889e+20 3.5056e+22 9.1878e+21 8.1230e-02 1.1288e-02 5.0648e+04 8.9775e+04
2.6700e+03 7.6275e-12 7.4628e-01 1.6589e+03 2.5849e+03 2.9233e+03 3.8150e+20 3.5254e+22 9.2152e+21 8.1010e-02 1.1295e-02 5.0769e+04 8.9855e+04
2.6800e+03 7.6043e-12 7.4603e-01 1.6585e+03 2.5841e+03 2.9229e+03 3.8413e+20 3.5452e+22 9.2427e+21 8.0790e-02 1.1302e-02 5.0891e+04 8.9935e+04
2.6900e+03 7.5813e-12 7.4578e-01 1.6580e+03 2.5832e+03 2.9226e+03 3.8676e+20 3.5651e+22 9.2703e+21 8.0572e-02 1.1309e-02 5.1012e+04 9.0015e+04
2.7000e+03 7.5584e-12 7.4554e-01 1.6576e+03 2.5824e+03 2.9222e+03 3.8941e+20 3.5852e+22 9.2980e+21 8.0354e-02 1.1316e-02 5.1134e+04 9.0095e+04
2.7100e+03 7.5356e-12 7.4530e-01 1.6572e+03 2.5815e+03 2.9219e+03 3.9207e+20 3.6053e+22 9.3258e+21 8.0138e-02 1.1322e-02 5.1256e+04 9.0176e+04
2.7200e+03 7.5129e-12 7.4506e-01 1.6567e+03 2.5807e+03 2.9215e+03 3.9475e+20 3.6254e+22 9.3537e+21 7.9923e-02 1.1329e-02 5.1377e+04 9.0257e+04
2.7300e+03 7.4903e-12 7.4482e-01 1.6563e+03 2.5798e+03 2.9212e+03 3.9744e+20 3.6457e+22 9.3817e+21 7.9708e-02 1.1335e-02 5.1499e+04 9.0338e+04
2.7400e+03 7.4679e-12 7.4458e-01 1.6559e+03 2.5790e+03 2.9208e+03 4.0014e+20 3.6660e+22 9.4098e+21 7.9495e-02 1.1342e-02 5.1621e+04 9.0419e+04
2.7500e+03 7.4456e-12 7.4434e-01 1.6554e+03 2.5782e+03 2.9205e+03 4.0285e+20 3.6865e+22 9.4380e+21 7.9283e-02 1.1348e-02 5.1743e+04 9.0501e+04
2.7600e+03 7.4234e-12 7.4411e-01 1.6550e+03 2.5773e+03 2.9202e+03 4.0557e+20 3.7070e+22 9.4664e+21 7.9072e-02 1.1354e-02 5.1865e+04 9.0583e+04
2.7700e+03 7.4014e-12 7.4388e-01 1.6546e+03 2.5765e+03 2.9198e+03 4.0831e+20 3.7276e+22 9.4948e+21 7.8862e-02 1.1360e-02 5.1987e+04 9.0664e+04
2.7800e+03 7.3795e-12 7.4364e-01 1.6542e+03 2.5757e+03 2.9195e+03 4.1106e+20 3.7483e+22 9.5234e+21 7.8652e-02 1.1366e-02 5.2108e+04 9.0746e+04
2.7900e+03 7.3576e-12 7.4341e-01 1.6537e+03 2.5748e+03 2.9191e+03 4.1383e+20 3.7690e+22 9.5520e+21 7.8444e-02 1.1371e-02 5.2230e+04 9.0829e+04
2.8000e+03 7.3360e-12 7.4319e-01 1.6533e+03 2.5740e+03 2.9188e+03 4.1660e+20 3.7899e+22 9.5808e+21 7.8237e-02 1.1377e-02 5.2352e+04 9.0911e+04
2.8100e+03 7.3144e-12 7.4296e-01 1.6529e+03 2.5732e+03 2.9184e+03 4.1939e+20 3.8108e+22 9.6097e+21 7.8031e-02 1.1382e-02 5.2475e+04 9.0994e+04
2.8200e+03 7.2929e-12 7.4273e-01 1.6525e+03 2.5724e+03 2.9181e+03 4.2220e+20 3.8318e+22 9.6386e+21 7.7826e-02 1.1388e-02 5.2597e+04 9.1076e+04
2.8300e+03 7.2716e-12 7.4251e-01 1.6520e+03 2.5715e+03 2.9177e+03 4.2501e+20 3.8529e+22 9.6677e+21 7.7621e-02 1.1393e-02 5.2719e+04 9.1159e+04
2.8400e+03 7.2504e-12 7.4228e-01 1.6516e+03 2.5707e+03 2.9174e+03 4.2784e+20 3.8741e+22 9.6969e+21 7.7418e-02 1.1398e-02 5.2841e+04 9.1243e+04
2.8500e+03 7.2293e-12 7.4206e-01 1.6512e+03 2.5699e+03 2.9170e+03 4.3068e+20 3.8954e+22 9.7262e+21 7.7216e-02 1.1403e-02 5.2963e+04 9.1326e+04
2.8600e+03 7.2083e-12 7.4184e-01 1.6508e+03 2.5691e+03 2.9167e+03 4.3354e+20 3.9167e+22 9.7556e+21 7.7015e-02 1.1408e-02 5.3085e+04 9.1409e+04
2.8700e+03 7.1874e-12 7.4162e-01 1.6504e+03 2.5683e+03 2.9163e+03 4.3641e+20 3.9382e+22 9.7852e+21 7.6814e-02 1.1413e-02 5.3207e+04 9.1493e+04
2.8800e+03 7.1666e-12 7.4140e-01 1.6499e+03 2.5675e+03 2.9160e+03 4.3929e+20 3.9597e+22 9.8148e+21 7.6615e-02 1.1418e-02 5.3330e+04 9.1577e+04
2.8900e+03 7.1460e-12 7.4119e-01 1.6495e+03 2.5667e+03 2.9156e+03 4.4218e+20 3.9813e+22 9.8445e+21 7.6416e-02 1.1422e-02 5.3452e+04 9.1661e+04
2.9000e+03 7.1254e-12 7.4097e-01 1.6491e+03 2.5659e+03 2.9153e+03 4.4509e+20 4.0030e+22 9.8744e+21 7.6219e-02 1.1427e-02 5.3574e+04 9.1745e+04
2.9100e+03 7.1050e-12 7.4076e-01 1.6487e+03 2.5651e+03 2.9150e+03 4.4801e+20 4.0248e+22 9.9043e+21 7.6022e-02 1.1431e-02 5.3696e+04 9.1829e+04
2.9200e+03 7.0847e-12 7.4055e-01 1.6483e+03 2.5643e+03 2.9146e+03 4.5094e+20 4.0467e+22 9.9344e+21 7.5826e-02 1.1435e-02 5.3819e+04 9.1914e+04
2.9300e+03 7.0645e-12 7.4034e-01 1.6479e+03 2.5635e+03 2.9143e+03 4.5389e+20 4.0686e+22 9.9646e+21 7.5632e-02 1.1440e-02 5.3941e+04 9.1998e+04
2.9400e+03 7.0444e-12 7.4013e-01 1.6475e+03 2.5627e+03 2.9139e+03 4.5685e+20 4.0907e+22 9.9949e+21 7.5438e-02 1.1444e-02 5.4064e+04 9.2083e+04
2.9500e+03 7.0244e-12 7.3992e-01 1.6471e+03 2.5619e+03 2.9136e+03 4.5982e+20 4.1128e+22 1.0025e+22 7.5245e-02 1.1448e-02 5.4186e+04 9.2168e+04
2.9600e+03 7.0045e-12 7.3971e-01 1.6467e+03 2.5611e+03 2.9132e+03 4.6281e+20 4.1350e+22 1.0056e+22 7.5053e-02 1.1451e-02 5.4308e+04 9.2253e+04
2.9700e+03 6.9847e-12 7.3951e-01 1.6463e+03 2.5603e+03 2.9129e+03 4.6581e+20 4.1573e+22 1.0086e+22 7.4862e-02 1.1455e-02 5.4431e+04 9.2339e+04
2.9800e+03 6.9651e-12 7.3930e-01 1.6459e+03 2.5595e+03 2.9125e+03 4.6882e+20 4.1797e+22 1.0117e+22 7.4672e-02 1.1459e-02 5.4553e+04 9.2424e+04
2.9900e+03 6.9455e-12 7.3910e-01 1.6455e+03 2.5587e+03 2.9122e+03 4.7184e+20 4.2022e+22 1.0148e+22 7.4482e-02 1.1463e-02 5.4676e+04 9.2510e+04
3.0000e+03 6.9260e-12 7.3890e-01 1.6451e+03 2.5579e+03 2.9118e+03 4.7488e+20 4.2248e+22 1.0179e+22 7.4294e-02 1.1466e-02 5.4798e+04 9.2596e+04
3.0100e+03 6.9067e-12 7.3870e-01 1.6447e+03 2.5571e+03 2.9115e+03 4.7793e+20 4.2474e+22 1.0210e+22 7.4106e-02 1.1469e-02 5.4921e+04 9.2681e+04
3.0200e+03 6.8874e-12 7.3850e-01 1.6443e+03 2.5564e+03 2.9111e+03 4.8100e+20 4.2702e+22 1.0241e+22 7.3920e-02 1.1473e-02 5.5043e+04 9.2768e+04
3.0300e+03 6.8682e-12 7.3830e-01 1.6439e+03 2.5556e+03 2.9108e+03 4.8408e+20 4.2930e+22 1.0272e+22 7.3734e-02 1.1476e-02 5.5166e+04 9.2854e+04
3.0400e+03 6.8492e-12 7.3810e-01 1.6435e+03 2.5548e+03 2.9104e+03 4.8717e+20 4.3159e+22 1.0304e+22 7.3549e-02 1.1479e-02 5.5289e+04 9.2940e+04
3.0500e+03 6.8302e-12 7.3791e-01 1.6431e+03 2.5540e+03 2.9101e+03 4.9028e+20 4.3389e+22 1.0335e+22 7.3365e-02 1.1482e-02 5.5411e+04 9.3027e+04
3.0600e+03 6.8114e-12 7.3771e-01 1.6427e+03 2.5533e+03 2.9097e+03 4.9340e+20 4.3620e+22 1.0367e+22 7.3182e-02 1.1485e-02 5.5534e+04 9.3113e+04
3.0700e+03 6.7926e-12 7.3752e-01 1.6423e+03 2.5525e+03 2.9094e+03 4.9653e+20 4.3852e+22 1.0399e+22 7.2999e-02 1.1488e-02 5.5656e+04 9.3200e+04
3.0800e+03 6.7740e-12 7.3733e-01 1.6419e+03 2.5517e+03 2.9090e+03 4.9967e+20 4.4085e+22 1.0431e+22 7.2818e-02 1.1491e-02 5.5779e+04 9.3287e+04
3.0900e+03 6.7554e-12 7.3714e-01 1.6415e+03 2.5510e+03 2.9087e+03 5.0283e+20 4.4318e+22 1.0462e+22 7.2637e-02 1.1493e-02 5.5902e+04 9.3374e+04
3.1000e+03 6.7370e-12 7.3695e-01 1.6411e+03 2.5502e+03 2.9083e+03 5.0601e+20 4.4553e+22 1.0495e+22 7.2457e-02 1.1496e-02 5.6024e+04 9.3462e+04
3.1100e+03 6.7186e-12 7.3676e-01 1.6407e+03 2.5494e+03 2.9080e+03 5.0919e+20 4.4788e+22 1.0527e+22 7.2278e-02 1.1498e-02 5.6147e+04 9.3549e+04
3.1200e+03 6.7003e-12 7.3657e-01 1.6404e+03 2.5487e+03 2.9076e+03 5.1239e+20 4.5024e+22 1.0559e+22 7.2100e-02 1.1501e-02 5.6270e+04 9.3637e+04
3.1300e+03 6.6822e-12 7.3639e-01 1.6400e+03 2.5479e+03 2.9073e+03 5.1560e+20 4.5261e+22 1.0591e+22 7.1922e-02 1.1503e-02 5.6393e+04 9.3724e+04
3.1400e+03 6.6641e-12 7.3620e-01 1.6396e+03 2.5472e+03 2.9069e+03 5.1883e+20 4.5500e+22 1.0624e+22 7.1746e-02 1.1505e-02 5.6515e+04 9.3812e+04
3.1500e+03 6.6461e-12 7.3602e-01 1.6392e+03 2.5464e+03 2.9066e+03 5.2207e+20 4.5738e+22 1.0657e+22 7.1570e-02 1.1507e-02 5.6638e+04 9.3900e+04
3.1600e+03 6.6282e-12 7.3584e-01 1.6388e+03 2.5457e+03 2.9062e+03 5.2532e+20 4.5978e+22 1.0689e+22 7.1395e-02 1.1509e-02 5.6761e+04 9.3988e+04
3.1700e+03 6.6104e-12 7.3565e-01 1.6384e+03 2.5449e+03 2.9059e+03 5.2859e+20 4.6219e+22 1.0722e+22 7.1221e-02 1.1511e-02 5.6884e+04 9.4076e+04
3.1800e+03 6.5927e-12 7.3547e-01 1.6381e+03 2.5442e+03 2.9055e+03 5.3187e+20 4.6461e+22 1.0755e+22 7.1048e-02 1.1513e-02 5.7006e+04 9.4165e+04
3.1900e+03 6.5751e-12 7.3530e-01 1.6377e+03 2.5434e+03 2.9052e+03 5.3517e+20 4.6703e+22 1.0788e+22 7.0875e-02 1.1515e-02 5.7129e+04 9.4253e+04
3.2000e+03 6.5576e-12 7.3512e-01 1.6373e+03 2.5427e+03 2.9048e+03 5.3848e+20 4.6947e+22 1.0822e+22 7.0703e-02 1.1516e-02 5.7252e+04 9.4342e+04
3.2100e+03 6.5402e-12 7.3494e-01 1.6369e+03 2.5419e+03 2.9045e+03 5.4180e+20 4.7191e+22 1.0855e+22 7.0532e-02 1.1518e-02 5.7375e+04 9.4431e+04
3.2200e+03 6.5228e-12 7.3477e-01 1.6366e+03 2.5412e+03 2.9041e+03 5.4513e+20 4.7436e+22 1.0888e+22 7.0362e-02 1.1520e-02 5.7498e+04 9.4520e+04
3.2300e+03 6.5056e-12 7.3459e-01 1.6362e+03 2.5404e+03 2.9038e+03 5.4848e+20 4.7683e+22 1.0922e+22 7.0193e-02 1.1521e-02 5.7620e+04 9.4609e+04
3.2400e+03 6.4884e-12 7.3442e-01 1.6358e+03 2.5397e+03 2.9034e+03 5.5184e+20 4.7930e+22 1.0956e+22 7.0024e-02 1.1522e-02 5.7743e+04 9.4698e+04
3.2500e+03 6.4713e-12 7.3425e-01 1.6354e+03 2.5390e+03 2.9031e+03 5.5522e+20 4.8178e+22 1.0989e+22 6.9856e-02 1.1524e-02 5.7866e+04 9.4787e+04
3.2600e+03 6.4544e-12 7.3408e-01 1.6351e+03 2.5382e+03 2.9027e+03 5.5861e+20 4.8426e+22 1.1023e+22 6.9689e-02 1.1525e-02 5.7989e+04 9.4877e+04
3.2700e+03 6.4375e-12 7.3391e-01 1.6347e+03 2.5375e+03 2.9024e+03 5.6201e+20 4.8676e+22 1.1057e+22 6.9523e-02 1.1526e-02 5.8112e+04 9.4966e+04
3.2800e+03 6.4206e-12 7.3374e-01 1.6343e+03 2.5368e+03 2.9020e+03 5.6543e+20 4.8927e+22 1.1091e+22 6.9357e-02 1.1527e-02 5.8235e+04 9.5056e+04
3.2900e+03 6.4039e-12 7.3357e-01 1.6340e+03 2.5361e+03 2.9017e+03 5.6886e+20 4.9179e+22 1.1126e+22 6.9192e-02 1.1528e-02 5.8358e+04 9.5146e+04
3.3000e+03 6.3873e-12 7.3340e-01 1.6336e+03 2.5353e+03 2.9013e+03 5.7231e+20 4.9431e+22 1.1160e+22 6.9028e-02 1.1529e-02 5.8480e+04 9.5236e+04
3.3100e+03 6.3707e-12 7.3324e-01 1.6332e+03 2.5346e+03 2.9010e+03 5.7577e+20 4.9685e+22 1.1195e+22 6.8865e-02 1.1530e-02 5.8603e+04 9.5326e+04
3.3200e+03 6.3542e-12 7.3307e-01 1.6329e+03 2.5339e+03 2.9006e+03 5.7924e+20 4.9939e+22 1.1229e+22 6.8702e-02 1.1530e-02 5.8726e+04 9.5416e+04
3.3300e+03 6.3379e-12 7.3291e-01 1.6325e+03 2.5332e+03 2.9003e+03 5.8273e+20 5.0195e+22 1.1264e+22 6.8540e-02 1.1531e-02 5.8849e+04 9.5506e+04
3.3400e+03 6.3216e-12 7.3275e-01 1.6321e+03 2.5325e+03 2.8999e+03 5.8623e+20 5.0451e+22 1.1299e+22 6.8379e-02 1.1532e-02 5.8972e+04 9.5597e+04
3.3500e+03 6.3053e-12 7.3259e-01 1.6318e+03 2.5317e+03 2.8996e+03 5.8974e+20 5.0708e+22 1.1334e+22 6.8218e-02 1.1532e-02 5.9095e+04 9.5687e+04
3.3600e+03 6.2892e-12 7.3243e-01 1.6314e+03 2.5310e+03 2.8992e+03 5.9327e+20 5.0966e+22 1.1369e+22 6.8059e-02 1.1533e-02 5.9218e+04 9.5778e+04
3.3700e+03 6.2731e-12 7.3227e-01 1.6311e+03 2.5303e+03 2.8989e+03 5.9681e+20 5.1225e+22 1.1404e+22 6.7900e-02 1.1533e-02 5.9341e+04 9.5869e+04
3.3800e+03 6.2571e-12 7.3211e-01 1.6307e+03 2.5296e+03 2.8985e+03 6.0037e+20 5.1485e+22 1.1439e+22 6.7741e-02 1.1533e-02 5.9463e+04 9.5960e+04
3.3900e+03 6.2412e-12 7.3195e-01 1.6304e+03 2.5289e+03 2.8982e+03 6.0394e+20 5.1746e+22 1.1475e+22 6.7584e-02 1.1533e-02 5.9586e+04 9.6051e+04
3.4000e+03 6.2254e-12 7.3180e-01 1.6300e+03 2.5282e+03 2.8978e+03 6.0752e+20 5.2008e+22 1.1510e+22 6.7427e-02 1.1534e-02 5.9709e+04 9.6142e+04
3.4100e+03 6.2097e-12 7.3164e-01 1.6296e+03 2.5275e+03 2.8975e+03 6.1112e+20 5.2271e+22 1.1546e+22 6.7270e-02 1.1534e-02 5.9832e+04 9.6233e+04
3.4200e+03 6.1940e-12 7.3149e-01 1.6293e+03 2.5268e+03 2.8971e+03 6.1473e+20 5.2535e+22 1.1582e+22 6.7115e-02 1.1534e-02 5.9955e+04 9.6324e+04
3.4300e+03 6.1784e-12 7.3134e-01 1.6289e+03 2.5261e+03 2.8968e+03 6.1836e+20 5.2799e+22 1.1618e+22 6.6960e-02 1.1534e-02 6.0078e+04 9.6416e+04
3.4400e+03 6.1629e-12 7.3118e-01 1.6286e+03 2.5254e+03 2.8964e+03 6.2199e+20 5.3065e+22 1.1654e+22 6.6806e-02 1.1533e-02 6.0201e+04 9.6507e+04
3.4500e+03 6.1475e-12 7.3103e-01 1.6282e+03 2.5247e+03 2.8961e+03 6.2565e+20 5.3331e+22 1.1690e+22 6.6652e-02 1.1533e-02 6.0324e+04 9.6599e+04
3.4600e+03 6.1322e-12 7.3088e-01 1.6279e+03 2.5240e+03 2.8957e+03 6.2932e+20 5.3599e+22 1.1726e+22 6.6499e-02 1.1533e-02 6.0447e+04 9.6691e+04
3.4700e+03 6.1169e-12 7.3073e-01 1.6275e+03 2.5233e+03 2.8954e+03 6.3300e+20 5.3867e+22 1.1763e+22 6.6347e-02 1.1533e-02 6.0569e+04 9.6783e+04
3.4800e+03 6.1017e-12 7.3059e-01 1.6272e+03 2.5226e+03 2.8950e+03 6.3669e+20 5.4137e+22 1.1799e+22 6.6196e-02 1.1532e-02 6.0692e+04 9.6875e+04
3.4900e+03 6.0866e-12 7.3044e-01 1.6268e+03 2.5219e+03 2.8947e+03 6.4040e+20 5.4407e+22 1.1836e+22 6.6045e-02 1.1532e-02 6.0815e+04 9.6967e+04
3.5000e+03 6.0715e-12 7.3029e-01 1.6265e+03 2.5212e+03 2.8943e+03 6.4413e+20 5.4678e+22 1.1872e+22 6.5895e-02 1.1531e-02 6.0938e+04 9.7059e+04
3.5100e+03 6.0565e-12 7.3015e-01 1.6262e+03 2.5206e+03 2.8940e+03 6.4786e+20 5.4951e+22 1.1909e+22 6.5745e-02 1.1530e-02 6.1061e+04 9.7152e+04
3.5200e+03 6.0416e-12 7.3000e-01 1.6258e+03 2.5199e+03 2.8936e+03 6.5162e+20 5.5224e+22 1.1946e+22 6.5597e-02 1.1530e-02 6.1184e+04 9.7244e+04
3.5300e+03 6.0268e-12 7.2986e-01 1.6255e+03 2.5192e+03 2.8933e+03 6.5538e+20 5.5498e+22 1.1983e+22 6.5448e-02 1.1529e-02 6.1307e+04 9.7337e+04
3.5400e+03 6.0120e-12 7.2972e-01 1.6251e+03 2.5185e+03 2.8929e+03 6.5916e+20 5.5773e+22 1.2021e+22 6.5301e-02 1.1528e-02 6.1430e+04 9.7429e+04
3.5500e+03 5.9974e-12 7.2958e-01 1.6248e+03 2.5178e+03 2.8926e+03 6.6296e+20 5.6049e+22 1.2058e+22 6.5154e-02 1.1527e-02 6.1552e+04 9.7522e+04
3.5600e+03 5.9827e-12 7.2944e-01 1.6245e+03 2.5172e+03 2.8922e+03 6.6677e+20 5.6326e+22 1.2096e+22 6.5008e-02 1.1526e-02 6.1675e+04 9.7615e+04
3.5700e+03 5.9682e-12 7.2930e-01 1.6241e+03 2.5165e+03 2.8919e+03 6.7059e+20 5.6604e+22 1.2133e+22 6.4862e-02 1.1525e-02 6.1798e+04 9.7708e+04
3.5800e+03 5.9537e-12 7.2916e-01 1.6238e+03 2.5158e+03 2.8915e+03 6.7443e+20 5.6883e+22 1.2171e+22 6.4717e-02 1.1524e-02 6.1921e+04 9.7801e+04
3.5900e+03 5.9393e-12 7.2902e-01 1.6234e+03 2.5151e+03 2.8912e+03 6.7828e+20 5.7163e+22 1.2209e+22 6.4573e-02 1.1523e-02 6.2044e+04 9.7894e+04
3.6000e+03 5.9250e-12 7.2889e-01 1.6231e+03 2.5145e+03 2.8908e+03 6.8214e+20 5.7444e+22 1.2247e+22 6.4429e-02 1.1522e-02 6.2167e+04 9.7987e+04
3.6100e+03 5.9107e-12 7.2875e-01 1.6228e+03 2.5138e+03 2.8905e+03 6.8602e+20 5.7726e+22 1.2285e+22 6.4286e-02 1.1521e-02 6.2290e+04 9.8081e+04
3.6200e+03 5.8965e-12 7.2862e-01 1.6224e+03 2.5131e+03 2.8901e+03 6.8992e+20 5.8009e+22 1.2323e+22 6.4143e-02 1.1519e-02 6.2412e+04 9.8174e+04
3.6300e+03 5.8824e-12 7.2848e-01 1.6221e+03 2.5125e+03 2.8897e+03 6.9382e+20 5.8292e+22 1.2361e+22 6.4001e-02 1.1518e-02 6.2535e+04 9.8268e+04
3.6400e+03 5.8684e-12 7.2835e-01 1.6218e+03 2.5118e+03 2.8894e+03 6.9775e+20 5.8577e+22 1.2400e+22 6.3860e-02 1.1517e-02 6.2658e+04 9.8361e+04
3.6500e+03 5.8544e-12 7.2822e-01 1.6215e+03 2.5111e+03 2.8890e+03 7.0168e+20 5.8863e+22 1.2438e+22 6.3719e-02 1.1515e-02 6.2781e+04 9.8455e+04
3.6600e+03 5.8405e-12 7.2809e-01 1.6211e+03 2.5105e+03 2.8887e+03 7.0563e+20 5.9150e+22 1.2477e+22 6.3579e-02 1.1514e-02 6.2904e+04 9.8549e+04
3.6700e+03 5.8266e-12 7.2796e-01 1.6208e+03 2.5098e+03 2.8883e+03 7.0960e+20 5.9437e+22 1.2516e+22 6.3440e-02 1.1512e-02 6.3026e+04 9.8643e+04
3.6800e+03 5.8128e-12 7.2783e-01 1.6205e+03 2.5092e+03 2.8880e+03 7.1358e+20 5.9726e+22 1.2555e+22 6.3301e-02 1.1510e-02 6.3149e+04 9.8737e+04
3.6900e+03 5.7991e-12 7.2770e-01 1.6201e+03 2.5085e+03 2.8876e+03 7.1757e+20 6.0016e+22 1.2594e+22 6.3163e-02 1.1509e-02 6.3272e+04 9.8831e+04
3.7000e+03 5.7855e-12 7.2757e-01 1.6198e+03 2.5079e+03 2.8873e+03 7.2158e+20 6.0306e+22 1.2633e+22 6.3025e-02 1.1507e-02 6.3395e+04 9.8925e+04
3.7100e+03 5.7719e-12 7.2745e-01 1.6195e+03 2.5072e+03 2.8869e+03 7.2560e+20 6.0598e+22 1.2673e+22 6.2888e-02 1.1505e-02 6.3517e+04 9.9020e+04
3.7200e+03 5.7583e-12 7.2732e-01 1.6192e+03 2.5066e+03 2.8866e+03 7.2964e+20 6.0890e+22 1.2712e+22 6.2751e-02 1.1503e-02 6.3640e+04 9.9114e+04
3.7300e+03 5.7449e-12 7.2720e-01 1.6188e+03 2.5059e+03 2.8862e+03 7.3369e+20 6.1184e+22 1.2752e+22 6.2616e-02 1.1501e-02 6.3763e+04 9.9209e+04
3.7400e+03 5.7315e-12 7.2707e-01 1.6185e+03 2.5053e+03 2.8859e+03 7.3776e+20 6.1478e+22 1.2791e+22 6.2480e-02 1.1499e-02 6.3885e+04 9.9303e+04
3.7500e+03 5.7182e-12 7.2695e-01 1.6182e+03 2.5046e+03 2.8855e+03 7.4184e+20 6.1774e+22 1.2831e+22 6.2345e-02 1.1497e-02 6.4008e+04 9.9398e+04
3.7600e+03 5.7049e-12 7.2683e-01 1.6179e+03 2.5040e+03 2.8852e+03 7.4593e+20 6.2071e+22 1.2871e+22 6.2211e-02 1.1495e-02 6.4131e+04 9.9493e+04
3.7700e+03 5.6917e-12 7.2671e-01 1.6176e+03 2.5033e+03 2.8848e+03 7.5004e+20 6.2368e+22 1.2911e+22 6.2077e-02 1.1493e-02 6.4254e+04 9.9588e+04
3.7800e+03 5.6785e-12 7.2659e-01 1.6172e+03 2.5027e+03 2.8845e+03 7.5416e+20 6.2667e+22 1.2952e+22 6.1944e-02 1.1491e-02 6.4376e+04 9.9682e+04
3.7900e+03 5.6655e-12 7.2647e-01 1.6169e+03 2.5020e+03 2.8841e+03 7.5830e+20 6.2966e+22 1.2992e+22 6.1812e-02 1.1489e-02 6.4499e+04 9.9778e+04
3.8000e+03 5.6524e-12 7.2635e-01 1.6166e+03 2.5014e+03 2.8838e+03 7.6246e+20 6.3267e+22 1.3033e+22 6.1680e-02 1.1486e-02 6.4621e+04 9.9873e+04
3.8100e+03 5.6395e-12 7.2623e-01 1.6163e+03 2.5008e+03 2.8835e+03 7.6662e+20 6.3568e+22 1.3073e+22 6.1548e-02 1.1484e-02 6.4744e+04 9.9968e+04
3.8200e+03 5.6266e-12 7.2611e-01 1.6160e+03 2.5001e+03 2.8831e+03 7.7080e+20 6.3871e+22 1.3114e+22 6.1418e-02 1.1482e-02 6.4867e+04 1.0006e+05
3.8300e+03 5.6137e-12 7.2600e-01 1.6157e+03 2.4995e+03 2.8828e+03 7.7500e+20 6.4174e+22 1.3155e+22 6.1287e-02 1.1479e-02 6.4989e+04 1.0016e+05
3.8400e+03 5.6010e-12 7.2588e-01 1.6154e+03 2.4989e+03 2.8824e+03 7.7921e+20 6.4479e+22 1.3196e+22 6.1157e-02 1.1477e-02 6.5112e+04 1.0025e+05
3.8500e+03 5.5882e-12 7.2577e-01 1.6150e+03 2.4982e+03 2.8821e+03 7.8344e+20 6.4784e+22 1.3237e+22 6.1028e-02 1.1474e-02 6.5234e+04 1.0035e+05
3.8600e+03 5.5756e-12 7.2565e-01 1.6147e+03 2.4976e+03 2.8817e+03 7.8767e+20 6.5091e+22 1.3278e+22 6.0900e-02 1.1471e-02 6.5357e+04 1.0045e+05
3.8700e+03 5.5630e-12 7.2554e-01 1.6144e+03 2.4970e+03 2.8814e+03 7.9193e+20 6.5398e+22 1.3320e+22 6.0771e-02 1.1469e-02 6.5480e+04 1.0054e+05
3.8800e+03 5.5504e-12 7.2543e-01 1.6141e+03 2.4964e+03 2.8810e+03 7.9620e+20 6.5707e+22 1.3361e+22 6.0644e-02 1.1466e-02 6.5602e+04 1.0064e+05
3.8900e+03 5.5380e-12 7.2532e-01 1.6138e+03 2.4957e+03 2.8807e+03 8.0048e+20 6.6016e+22 1.3403e+22 6.0517e-02 1.1463e-02 6.5725e+04 1.0073e+05
3.9000e+03 5.5255e-12 7.2521e-01 1.6135e+03 2.4951e+03 2.8803e+03 8.0478e+20 6.6327e+22 1.3445e+22 6.0390e-02 1.1461e-02 6.5847e+04 1.0083e+05
3.9100e+03 5.5132e-12 7.2510e-01 1.6132e+03 2.4945e+03 2.8800e+03 8.0909e+20 6.6638e+22 1.3486e+22 6.0264e-02 1.1458e-02 6.5970e+04 1.0092e+05
3.9200e+03 5.5008e-12 7.2499e-01 1.6129e+03 2.4939e+03 2.8796e+03 8.1342e+20 6.6951e+22 1.3528e+22 6.0138e-02 1.1455e-02 6.6092e+04 1.0102e+05
3.9300e+03 5.4886e-12 7.2488e-01 1.6126e+03 2.4933e+03 2.8793e+03 8.1776e+20 6.7265e+22 1.3571e+22 6.0013e-02 1.1452e-02 6.6215e+04 1.0112e+05
3.9400e+03 5.4764e-12 7.2477e-01 1.6123e+03 2.4927e+03 2.8789e+03 8.2212e+20 6.7579e+22 1.3613e+22 5.9889e-02 1.1449e-02 6.6337e+04 1.0121e+05
3.9500e+03 5.4643e-12 7.2466e-01 1.6120e+03 2.4920e+03 2.8786e+03 8.2649e+20 6.7895e+22 1.3655e+22 5.9765e-02 1.1446e-02 6.6459e+04 1.0131e+05
3.9600e+03 5.4522e-12 7.2456e-01 1.6117e+03 2.4914e+03 2.8782e+03 8.3087e+20 6.8212e+22 1.3698e+22 5.9641e-02 1.1443e-02 6.6582e+04 1.0141e+05
3.9700e+03 5.4401e-12 7.2445e-01 1.6114e+03 2.4908e+03 2.8779e+03 8.3527e+20 6.8529e+22 1.3741e+22 5.9519e-02 1.1440e-02 6.6704e+04 1.0150e+05
3.9800e+03 5.4282e-12 7.2435e-01 1.6111e+03 2.4902e+03 2.8775e+03 8.3969e+20 6.8848e+22 1.3783e+22 5.9396e-02 1.1437e-02 6.6827e+04 1.0160e+05
3.9900e+03 5.4162e-12 7.2425e-01 1.6108e+03 2.4896e+03 2.8772e+03 8.4412e+20 6.9168e+22 1.3826e+22 5.9274e-02 1.1433e-02 6.6949e+04 1.0170e+05
4.0000e+03 5.4044e-12 7.2414e-01 1.6105e+03 2.4890e+03 2.8768e+03 8.4856e+20 6.9488e+22 1.3870e+22 5.9153e-02 1.1430e-02 6.7071e+04 1.0179e+05
4.0100e+03 5.3926e-12 7.2404e-01 1.6102e+03 2.4884e+03 2.8765e+03 8.5302e+20 6.9810e+22 1.3913e+22 5.9032e-02 1.1427e-02 6.7194e+04 1.0189e+05
4.0200e+03 5.3808e-12 7.2394e-01 1.6099e+03 2.4878e+03 2.8761e+03 8.5750e+20 7.0133e+22 1.3956e+22 5.8911e-02 1.1423e-02 6.7316e+04 1.0199e+05
4.0300e+03 5.3691e-12 7.2384e-01 1.6096e+03 2.4872e+03 2.8758e+03 8.6199e+20 7.0457e+22 1.4000e+22 5.8791e-02 1.1420e-02 6.7438e+04 1.0208e+05
4.0400e+03 5.3574e-12 7.2374e-01 1.6093e+03 2.4866e+03 2.8754e+03 8.6649e+20 7.0782e+22 1.4043e+22 5.8672e-02 1.1417e-02 6.7561e+04 1.0218e+05
4.0500e+03 5.3458e-12 7.2364e-01 1.6090e+03 2.4860e+03 2.8751e+03 8.7101e+20 7.1108e+22 1.4087e+22 5.8553e-02 1.1413e-02 6.7683e+04 1.0228e+05
4.0600e+03 5.3343e-12 7.2354e-01 1.6087e+03 2.4854e+03 2.8747e+03 8.7554e+20 7.1435e+22 1.4131e+22 5.8434e-02 1.1410e-02 6.7805e+04 1.0237e+05
4.0700e+03 5.3228e-12 7.2344e-01 1.6084e+03 2.4848e+03 2.8744e+03 8.8009e+20 7.1763e+22 1.4175e+22 5.8316e-02 1.1406e-02 6.7927e+04 1.0247e+05
4.0800e+03 5.3113e-12 7.2335e-01 1.6081e+03 2.4842e+03 2.8740e+03 8.8465e+20 7.2092e+22 1.4219e+22 5.8198e-02 1.1403e-02 6.8049e+04 1.0257e+05
4.0900e+03 5.3000e-12 7.2325e-01 1.6078e+03 2.4836e+03 2.8737e+03 8.8923e+20 7.2422e+22 1.4263e+22 5.8081e-02 1.1399e-02 6.8172e+04 1.0267e+05
4.1000e+03 5.2886e-12 7.2315e-01 1.6075e+03 2.4830e+03 2.8734e+03 8.9382e+20 7.2753e+22 1.4308e+22 5.7965e-02 1.1395e-02 6.8294e+04 1.0276e+05
4.1100e+03 5.2773e-12 7.2306e-01 1.6073e+03 2.4824e+03 2.8730e+03 8.9843e+20 7.3085e+22 1.4352e+22 5.7848e-02 1.1392e-02 6.8416e+04 1.0286e+05
4.1200e+03 5.2661e-12 7.2297e-01 1.6070e+03 2.4818e+03 2.8727e+03 9.0305e+20 7.3418e+22 1.4397e+22 5.7733e-02 1.1388e-02 6.8538e+04 1.0296e+05
4.1300e+03 5.2549e-12 7.2287e-01 1.6067e+03 2.4812e+03 2.8723e+03 9.0769e+20 7.3752e+22 1.4442e+22 5.7618e-02 1.1384e-02 6.8660e+04 1.0306e+05
4.1400e+03 5.2437e-12 7.2278e-01 1.6064e+03 2.4807e+03 2.8720e+03 9.1234e+20 7.4088e+22 1.4487e+22 5.7503e-02 1.1380e-02 6.8782e+04 1.0315e+05
4.1500e+03 5.2326e-12 7.2269e-01 1.6061e+03 2.4801e+03 2.8716e+03 9.1701e+20 7.4424e+22 1.4532e+22 5.7388e-02 1.1377e-02 6.8904e+04 1.0325e+05
4.1600e+03 5.2216e-12 7.2260e-01 1.6058e+03 2.4795e+03 2.8713e+03 9.2169e+20 7.4761e+22 1.4577e+22 5.7275e-02 1.1373e-02 6.9026e+04 1.0335e+05
4.1700e+03 5.2106e-12 7.2251e-01 1.6055e+03 2.4789e+03 2.8709e+03 9.2638e+20 7.5100e+22 1.4623e+22 5.7161e-02 1.1369e-02 6.9148e+04 1.0345e+05
4.1800e+03 5.1997e-12 7.2242e-01 1.6052e+03 2.4783e+03 2.8706e+03 9.3110e+20 7.5439e+22 1.4668e+22 5.7048e-02 1.1365e-02 6.9270e+04 1.0355e+05
4.1900e+03 5.1888e-12 7.2233e-01 1.6050e+03 2.4778e+03 2.8702e+03 9.3582e+20 7.5780e+22 1.4714e+22 5.6936e-02 1.1361e-02 6.9392e+04 1.0364e+05
4.2000e+03 5.1779e-12 7.2224e-01 1.6047e+03 2.4772e+03 2.8699e+03 9.4056e+20 7.6121e+22 1.4760e+22 5.6824e-02 1.1357e-02 6.9514e+04 1.0374e+05
4.2100e+03 5.1671e-12 7.2215e-01 1.6044e+03 2.4766e+03 2.8695e+03 9.4532e+20 7.6464e+22 1.4805e+22 5.6712e-02 1.1353e-02 6.9636e+04 1.0384e+05
4.2200e+03 5.1564e-12 7.2206e-01 1.6041e+03 2.4760e+03 2.8692e+03 9.5009e+20 7.6808e+22 1.4852e+22 5.6601e-02 1.1349e-02 6.9758e+04 1.0394e+05
4.2300e+03 5.1457e-12 7.2198e-01 1.6038e+03 2.4754e+03 2.8689e+03 9.5488e+20 7.7153e+22 1.4898e+22 5.6490e-02 1.1344e-02 6.9880e+04 1.0404e+05
4.2400e+03 5.1350e-12 7.2189e-01 1.6036e+03 2.4749e+03 2.8685e+03 9.5968e+20 7.7499e+22 1.4944e+22 5.6380e-02 1.1340e-02 7.0002e+04 1.0413e+05
4.2500e+03 5.1244e-12 7.2180e-01 1.6033e+03 2.4743e+03 2.8682e+03 9.6450e+20 7.7845e+22 1.4991e+22 5.6270e-02 1.1336e-02 7.0124e+04 1.0423e+05
4.2600e+03 5.1138e-12 7.2172e-01 1.6030e+03 2.4737e+03 2.8678e+03 9.6933e+20 7.8193e+22 1.5037e+22 5.6160e-02 1.1332e-02 7.0246e+04 1.0433e+05
4.2700e+03 5.1033e-12 7.2164e-01 1.6027e+03 2.4732e+03 2.8675e+03 9.7417e+20 7.8542e+22 1.5084e+22 5.6051e-02 1.1328e-02 7.0367e+04 1.0443e+05
4.2800e+03 5.0928e-12 7.2155e-01 1.6025e+03 2.4726e+03 2.8671e+03 9.7903e+20 7.8893e+22 1.5131e+22 5.5943e-02 1.1323e-02 7.0489e+04 1.0453e+05
4.2900e+03 5.0824e-12 7.2147e-01 1.6022e+03 2.4720e+03 2.8668e+03 9.8391e+20 7.9244e+22 1.5178e+22 5.5834e-02 1.1319e-02 7.0611e+04 1.0463e+05
4.3000e+03 5.0720e-12 7.2139e-01 1.6019e+03 2.4715e+03 2.8664e+03 9.8880e+20 7.9596e+22 1.5225e+22 5.5727e-02 1.1315e-02 7.0733e+04 1.0473e+05
4.3100e+03 5.0617e-12 7.2131e-01 1.6016e+03 2.4709e+03 2.8661e+03 9.9371e+20 7.9949e+22 1.5272e+22 5.5619e-02 1.1310e-02 7.0855e+04 1.0483e+05
4.3200e+03 5.0514e-12 7.2122e-01 1.6014e+03 2.4703e+03 2.8658e+03 9.9863e+20 8.0304e+22 1.5320e+22 5.5512e-02 1.1306e-02 7.0976e+04 1.0492e+05
4.3300e+03 5.0411e-12 7.2114e-01 1.6011e+03 2.4698e+03 2.8654e+03 1.0036e+21 8.0659e+22 1.5367e+22 5.5406e-02 1.1301e-02 7.1098e+04 1.0502e+05
4.3400e+03 5.0309e-12 7.2106e-01 1.6008e+03 2.4692e+03 2.8651e+03 1.0085e+21 8.1016e+22 1.5415e+22 5.5300e-02 1.1297e-02 7.1220e+04 1.0512e+05
4.3500e+03 5.0207e-12 7.2099e-01 1.6005e+03 2.4687e+03 2.8647e+03 1.0135e+21 8.1374e+22 1.5463e+22 5.5194e-02 1.1292e-02 7.1341e+04 1.0522e+05
4.3600e+03 5.0106e-12 7.2091e-01 1.6003e+03 2.4681e+03 2.8644e+03 1.0185e+21 8.1732e+22 1.5511e+22 5.5089e-02 1.1288e-02 7.1463e+04 1.0532e+05
4.3700e+03 5.0005e-12 7.2083e-01 1.6000e+03 2.4676e+03 2.8640e+03 1.0235e+21 8.2092e+22 1.5559e+22 5.4984e-02 1.1283e-02 7.1584e+04 1.0542e+05
4.3800e+03 4.9905e-12 7.2075e-01 1.5997e+03 2.4670e+03 2.8637e+03 1.0285e+21 8.2453e+22 1.5607e+22 5.4880e-02 1.1278e-02 7.1706e+04 1.0552e+05
4.3900e+03 4.9805e-12 7.2068e-01 1.5995e+03 2.4664e+03 2.8634e+03 1.0335e+21 8.2815e+22 1.5656e+22 5.4776e-02 1.1274e-02 7.1827e+04 1.0562e+05
4.4000e+03 4.9706e-12 7.2060e-01 1.5992e+03 2.4659e+03 2.8630e+03 1.0385e+21 8.3178e+22 1.5704e+22 5.4672e-02 1.1269e-02 7.1949e+04 1.0572e+05
4.4100e+03 4.9607e-12 7.2052e-01 1.5989e+03 2.4653e+03 2.8627e+03 1.0436e+21 8.3542e+22 1.5753e+22 5.4569e-02 1.1264e-02 7.2070e+04 1.0582e+05
4.4200e+03 4.9508e-12 7.2045e-01 1.5987e+03 2.4648e+03 2.8623e+03 1.0487e+21 8.3908e+22 1.5802e+22 5.4466e-02 1.1260e-02 7.2192e+04 1.0592e+05
4.4300e+03 4.9410e-12 7.2038e-01 1.5984e+03 2.4643e+03 2.8620e+03 1.0538e+21 8.4274e+22 1.5851e+22 5.4363e-02 1.1255e-02 7.2313e+04 1.0602e+05
4.4400e+03 4.9312e-12 7.2030e-01 1.5981e+03 2.4637e+03 2.8616e+03 1.0589e+21 8.4641e+22 1.5900e+22 5.4261e-02 1.1250e-02 7.2435e+04 1.0612e+05
4.4500e+03 4.9215e-12 7.2023e-01 1.5979e+03 2.4632e+03 2.8613e+03 1.0640e+21 8.5010e+22 1.5949e+22 5.4160e-02 1.1245e-02 7.2556e+04 1.0621e+05
4.4600e+03 4.9118e-12 7.2016e-01 1.5976e+03 2.4626e+03 2.8610e+03 1.0691e+21 8.5380e+22 1.5999e+22 5.4058e-02 1.1240e-02 7.2678e+04 1.0631e+05
4.4700e+03 4.9021e-12 7.2009e-01 1.5973e+03 2.4621e+03 2.8606e+03 1.0743e+21 8.5750e+22 1.6048e+22 5.3957e-02 1.1235e-02 7.2799e+04 1.0641e+05
4.4800e+03 4.8925e-12 7.2001e-01 1.5971e+03 2.4615e+03 2.8603e+03 1.0794e+21 8.6122e+22 1.6098e+22 5.3857e-02 1.1231e-02 7.2920e+04 1.0651e+05
4.4900e+03 4.8829e-12 7.1994e-01 1.5968e+03 2.4610e+03 2.8599e+03 1.0846e+21 8.6495e+22 1.6148e+22 5.3757e-02 1.1226e-02 7.3042e+04 1.0661e+05
4.5000e+03 4.8734e-12 7.1987e-01 1.5966e+03 2.4605e+03 2.8596e+03 1.0898e+21 8.6869e+22 1.6198e+22 5.3657e-02 1.1221e-02 7.3163e+04 1.0671e+05
4.5100e+03 4.8639e-12 7.1980e-01 1.5963e+03 2.4599e+03 2.8592e+03 1.0950e+21 8.7244e+22 1.6248e+22 5.3557e-02 1.1216e-02 7.3284e+04 1.0681e+05
4.5200e+03 4.8544e-12 7.1973e-01 1.5960e+03 2.4594e+03 2.8589e+03 1.1002e+21 8.7620e+22 1.6299e+22 5.3458e-02 1.1211e-02 7.3405e+04 1.0691e+05
4.5300e+03 4.8450e-12 7.1967e-01 1.5958e+03 2.4588e+03 2.8586e+03 1.1055e+21 8.7998e+22 1.6349e+22 5.3360e-02 1.1206e-02 7.3527e+04 1.0701e+05
4.5400e+03 4.8356e-12 7.1960e-01 1.5955e+03 2.4583e+03 2.8582e+03 1.1107e+21 8.8376e+22 1.6400e+22 5.3262e-02 1.1201e-02 7.3648e+04 1.0711e+05
4.5500e+03 0.0000e+00 0.0000e+00 1.5953e+03 0.0000e+00 2.8579e+03 0.0000e+00 0.0000e+00 0.0000e+00 0.0000e+00 0.0000e+00 0.0000e+00 0.0000e+00
