0.0000e+00 2.3990e-11 7.4001e-01 1.9000e+03 3.0255e+03 5.0000e+03 2.2853e+19 9.4220e+18 2.4792e+17 2.5695e-01 1.4366e+00 1.8821e+04 4.1233e+03
1.0000e+01 2.3855e-11 6.0914e-01 1.9284e+03 3.1028e+03 4.9563e+03 1.3903e+19 8.7220e+18 2.8251e+17 3.1039e-01 1.3109e+00 1.5855e+04 4.2417e+03
2.0000e+01 2.3720e-11 5.4654e-01 1.9523e+03 3.1481e+03 4.9164e+03 1.0822e+19 8.6134e+18 3.1891e+17 3.4399e-01 1.2164e+00 1.4514e+04 4.3613e+03
3.0000e+01 2.3586e-11 4.9939e-01 1.9730e+03 3.1864e+03 4.8794e+03 8.8230e+18 8.5859e+18 3.5750e+17 3.7435e-01 1.1340e+00 1.3503e+04 4.4789e+03
4.0000e+01 2.3454e-11 4.6230e-01 1.9909e+03 3.2195e+03 4.8449e+03 7.4268e+18 8.6116e+18 3.9830e+17 4.0211e-01 1.0612e+00 1.2705e+04 4.5950e+03
5.0000e+01 2.3322e-11 4.3274e-01 2.0064e+03 3.2480e+03 4.8127e+03 6.4227e+18 8.6850e+18 4.4131e+17 4.2716e-01 9.9659e-01 1.2068e+04 4.7101e+03
6.0000e+01 2.3191e-11 4.0896e-01 2.0195e+03 3.2723e+03 4.7823e+03 5.6844e+18 8.8026e+18 4.8653e+17 4.4947e-01 9.3899e-01 1.1557e+04 4.8245e+03
7.0000e+01 2.3062e-11 3.8970e-01 2.0307e+03 3.2929e+03 4.7538e+03 5.1324e+18 8.9617e+18 5.3397e+17 4.6904e-01 8.8744e-01 1.1146e+04 4.9384e+03
8.0000e+01 2.2933e-11 3.7402e-01 2.0401e+03 3.3103e+03 4.7268e+03 4.7147e+18 9.1599e+18 5.8366e+17 4.8598e-01 8.4114e-01 1.0816e+04 5.0520e+03
9.0000e+01 2.2805e-11 3.6121e-01 2.0480e+03 3.3247e+03 4.7012e+03 4.3961e+18 9.3956e+18 6.3562e+17 5.0041e-01 7.9943e-01 1.0551e+04 5.1654e+03
1.0000e+02 2.2678e-11 3.5074e-01 2.0544e+03 3.3366e+03 4.6769e+03 4.1526e+18 9.6674e+18 6.8987e+17 5.1249e-01 7.6171e-01 1.0340e+04 5.2788e+03
1.1000e+02 2.2553e-11 3.4217e-01 2.0596e+03 3.3461e+03 4.6537e+03 3.9669e+18 9.9741e+18 7.4646e+17 5.2240e-01 7.2750e-01 1.0174e+04 5.3920e+03
1.2000e+02 2.2428e-11 3.3519e-01 2.0637e+03 3.3537e+03 4.6316e+03 3.8268e+18 1.0315e+19 8.0544e+17 5.3033e-01 6.9636e-01 1.0045e+04 5.5053e+03
1.3000e+02 2.2304e-11 3.2952e-01 2.0668e+03 3.3595e+03 4.6104e+03 3.7232e+18 1.0689e+19 8.6684e+17 5.3647e-01 6.6793e-01 9.9472e+03 5.6186e+03
1.4000e+02 2.2181e-11 3.2496e-01 2.0691e+03 3.3637e+03 4.5901e+03 3.6492e+18 1.1097e+19 9.3072e+17 5.4100e-01 6.4188e-01 9.8767e+03 5.7318e+03
1.5000e+02 2.2059e-11 3.2133e-01 2.0706e+03 3.3666e+03 4.5706e+03 3.5998e+18 1.1537e+19 9.9714e+17 5.4410e-01 6.1795e-01 9.8291e+03 5.8451e+03
1.6000e+02 2.1937e-11 3.1850e-01 2.0716e+03 3.3682e+03 4.5518e+03 3.5711e+18 1.2009e+19 1.0661e+18 5.4592e-01 5.9590e-01 9.8011e+03 5.9584e+03
1.7000e+02 2.1817e-11 3.1633e-01 2.0719e+03 3.3689e+03 4.5336e+03 3.5599e+18 1.2515e+19 1.1378e+18 5.4664e-01 5.7551e-01 9.7902e+03 6.0718e+03
1.8000e+02 2.1698e-11 3.1475e-01 2.0718e+03 3.3686e+03 4.5161e+03 3.5638e+18 1.3052e+19 1.2122e+18 5.4639e-01 5.5660e-01 9.7940e+03 6.1851e+03
1.9000e+02 2.1579e-11 3.1366e-01 2.0712e+03 3.3675e+03 4.4992e+03 3.5808e+18 1.3622e+19 1.2894e+18 5.4529e-01 5.3902e-01 9.8106e+03 6.2985e+03
2.0000e+02 2.1462e-11 3.1300e-01 2.0703e+03 3.3658e+03 4.4828e+03 3.6095e+18 1.4225e+19 1.3694e+18 5.4346e-01 5.2264e-01 9.8385e+03 6.4119e+03
2.1000e+02 2.1345e-11 3.1271e-01 2.0690e+03 3.3634e+03 4.4669e+03 3.6485e+18 1.4861e+19 1.4523e+18 5.4101e-01 5.0732e-01 9.8761e+03 6.5254e+03
2.2000e+02 2.1229e-11 3.1273e-01 2.0675e+03 3.3606e+03 4.4515e+03 3.6968e+18 1.5530e+19 1.5382e+18 5.3803e-01 4.9296e-01 9.9224e+03 6.6388e+03
2.3000e+02 2.1114e-11 3.1304e-01 2.0657e+03 3.3573e+03 4.4365e+03 3.7537e+18 1.6233e+19 1.6272e+18 5.3459e-01 4.7947e-01 9.9763e+03 6.7523e+03
2.4000e+02 2.1000e-11 3.1358e-01 2.0638e+03 3.3536e+03 4.4219e+03 3.8182e+18 1.6969e+19 1.7193e+18 5.3078e-01 4.6677e-01 1.0037e+04 6.8658e+03
2.5000e+02 2.0886e-11 3.1434e-01 2.0616e+03 3.3497e+03 4.4077e+03 3.8900e+18 1.7740e+19 1.8146e+18 5.2665e-01 4.5478e-01 1.0103e+04 6.9794e+03
2.6000e+02 2.0774e-11 3.1527e-01 2.0593e+03 3.3454e+03 4.3939e+03 3.9684e+18 1.8546e+19 1.9132e+18 5.2225e-01 4.4345e-01 1.0175e+04 7.0930e+03
2.7000e+02 2.0662e-11 3.1637e-01 2.0569e+03 3.3409e+03 4.3804e+03 4.0530e+18 1.9386e+19 2.0151e+18 5.1765e-01 4.3271e-01 1.0252e+04 7.2066e+03
2.8000e+02 2.0551e-11 3.1760e-01 2.0544e+03 3.3363e+03 4.3672e+03 4.1435e+18 2.0262e+19 2.1205e+18 5.1288e-01 4.2251e-01 1.0332e+04 7.3202e+03
2.9000e+02 2.0441e-11 3.1895e-01 2.0518e+03 3.3314e+03 4.3544e+03 4.2396e+18 2.1175e+19 2.2293e+18 5.0797e-01 4.1282e-01 1.0417e+04 7.4339e+03
3.0000e+02 2.0332e-11 3.2040e-01 2.0491e+03 3.3264e+03 4.3418e+03 4.3410e+18 2.2124e+19 2.3417e+18 5.0296e-01 4.0358e-01 1.0504e+04 7.5476e+03
3.1000e+02 2.0224e-11 3.2195e-01 2.0464e+03 3.3214e+03 4.3295e+03 4.4475e+18 2.3109e+19 2.4578e+18 4.9788e-01 3.9478e-01 1.0595e+04 7.6613e+03
3.2000e+02 2.0116e-11 3.2357e-01 2.0436e+03 3.3162e+03 4.3175e+03 4.5588e+18 2.4133e+19 2.5775e+18 4.9275e-01 3.8636e-01 1.0688e+04 7.7751e+03
3.3000e+02 2.0009e-11 3.2525e-01 2.0408e+03 3.3110e+03 4.3058e+03 4.6749e+18 2.5195e+19 2.7011e+18 4.8759e-01 3.7831e-01 1.0784e+04 7.8889e+03
3.4000e+02 1.9903e-11 3.2700e-01 2.0379e+03 3.3057e+03 4.2943e+03 4.7955e+18 2.6295e+19 2.8285e+18 4.8242e-01 3.7060e-01 1.0882e+04 8.0027e+03
3.5000e+02 1.9798e-11 3.2879e-01 2.0350e+03 3.3003e+03 4.2830e+03 4.9205e+18 2.7435e+19 2.9598e+18 4.7725e-01 3.6320e-01 1.0982e+04 8.1166e+03
3.6000e+02 1.9693e-11 3.3062e-01 2.0321e+03 3.2950e+03 4.2719e+03 5.0498e+18 2.8615e+19 3.0952e+18 4.7210e-01 3.5610e-01 1.1083e+04 8.2305e+03
3.7000e+02 1.9589e-11 3.3249e-01 2.0293e+03 3.2896e+03 4.2611e+03 5.1833e+18 2.9835e+19 3.2347e+18 4.6698e-01 3.4927e-01 1.1186e+04 8.3444e+03
3.8000e+02 1.9486e-11 3.3439e-01 2.0264e+03 3.2843e+03 4.2505e+03 5.3210e+18 3.1096e+19 3.3783e+18 4.6189e-01 3.4270e-01 1.1291e+04 8.4584e+03
3.9000e+02 1.9384e-11 3.3631e-01 2.0235e+03 3.2789e+03 4.2401e+03 5.4626e+18 3.2399e+19 3.5262e+18 4.5684e-01 3.3637e-01 1.1396e+04 8.5724e+03
4.0000e+02 1.9283e-11 3.3824e-01 2.0206e+03 3.2735e+03 4.2298e+03 5.6082e+18 3.3745e+19 3.6783e+18 4.5185e-01 3.3027e-01 1.1503e+04 8.6864e+03
4.1000e+02 1.9182e-11 3.4019e-01 2.0177e+03 3.2682e+03 4.2198e+03 5.7577e+18 3.5133e+19 3.8349e+18 4.4691e-01 3.2438e-01 1.1611e+04 8.8005e+03
4.2000e+02 1.9082e-11 3.4215e-01 2.0148e+03 3.2629e+03 4.2099e+03 5.9111e+18 3.6565e+19 3.9960e+18 4.4203e-01 3.1870e-01 1.1720e+04 8.9146e+03
4.3000e+02 1.8983e-11 3.4412e-01 2.0120e+03 3.2576e+03 4.2002e+03 6.0682e+18 3.8042e+19 4.1615e+18 4.3722e-01 3.1320e-01 1.1829e+04 9.0288e+03
4.4000e+02 1.8884e-11 3.4609e-01 2.0091e+03 3.2523e+03 4.1907e+03 6.2291e+18 3.9563e+19 4.3318e+18 4.3247e-01 3.0789e-01 1.1939e+04 9.1429e+03
4.5000e+02 1.8786e-11 3.4807e-01 2.0063e+03 3.2471e+03 4.1813e+03 6.3937e+18 4.1130e+19 4.5067e+18 4.2779e-01 3.0275e-01 1.2050e+04 9.2571e+03
4.6000e+02 1.8689e-11 3.5004e-01 2.0035e+03 3.2419e+03 4.1721e+03 6.5620e+18 4.2743e+19 4.6863e+18 4.2318e-01 2.9777e-01 1.2161e+04 9.3714e+03
4.7000e+02 1.8593e-11 3.5201e-01 2.0007e+03 3.2368e+03 4.1631e+03 6.7339e+18 4.4404e+19 4.8709e+18 4.1864e-01 2.9295e-01 1.2273e+04 9.4857e+03
4.8000e+02 1.8497e-11 3.5397e-01 1.9980e+03 3.2317e+03 4.1542e+03 6.9094e+18 4.6111e+19 5.0604e+18 4.1417e-01 2.8827e-01 1.2386e+04 9.6000e+03
4.9000e+02 1.8402e-11 3.5593e-01 1.9952e+03 3.2266e+03 4.1454e+03 7.0885e+18 4.7868e+19 5.2548e+18 4.0978e-01 2.8373e-01 1.2499e+04 9.7143e+03
5.0000e+02 1.8307e-11 3.5788e-01 1.9925e+03 3.2216e+03 4.1368e+03 7.2713e+18 4.9673e+19 5.4544e+18 4.0546e-01 2.7932e-01 1.2612e+04 9.8287e+03
5.1000e+02 1.8214e-11 3.5982e-01 1.9898e+03 3.2167e+03 4.1283e+03 7.4575e+18 5.1528e+19 5.6591e+18 4.0121e-01 2.7504e-01 1.2725e+04 9.9431e+03
5.2000e+02 1.8121e-11 3.6174e-01 1.9872e+03 3.2117e+03 4.1199e+03 7.6473e+18 5.3433e+19 5.8691e+18 3.9704e-01 2.7089e-01 1.2839e+04 1.0058e+04
5.3000e+02 1.8028e-11 3.6366e-01 1.9845e+03 3.2069e+03 4.1116e+03 7.8407e+18 5.5390e+19 6.0844e+18 3.9293e-01 2.6685e-01 1.2953e+04 1.0172e+04
5.4000e+02 1.7937e-11 3.6556e-01 1.9819e+03 3.2020e+03 4.1035e+03 8.0375e+18 5.7398e+19 6.3051e+18 3.8890e-01 2.6292e-01 1.3067e+04 1.0286e+04
5.5000e+02 1.7846e-11 3.6745e-01 1.9793e+03 3.1973e+03 4.0955e+03 8.2379e+18 5.9459e+19 6.5313e+18 3.8493e-01 2.5909e-01 1.3182e+04 1.0401e+04
5.6000e+02 1.7755e-11 3.6933e-01 1.9768e+03 3.1925e+03 4.0877e+03 8.4418e+18 6.1574e+19 6.7630e+18 3.8104e-01 2.5537e-01 1.3296e+04 1.0516e+04
5.7000e+02 1.7666e-11 3.7119e-01 1.9743e+03 3.1879e+03 4.0799e+03 8.6492e+18 6.3742e+19 7.0004e+18 3.7722e-01 2.5175e-01 1.3411e+04 1.0630e+04
5.8000e+02 1.7577e-11 3.7303e-01 1.9718e+03 3.1832e+03 4.0722e+03 8.8601e+18 6.5965e+19 7.2435e+18 3.7346e-01 2.4822e-01 1.3526e+04 1.0745e+04
5.9000e+02 1.7488e-11 3.7486e-01 1.9693e+03 3.1786e+03 4.0647e+03 9.0745e+18 6.8244e+19 7.4924e+18 3.6977e-01 2.4478e-01 1.3641e+04 1.0859e+04
6.0000e+02 1.7400e-11 3.7667e-01 1.9668e+03 3.1741e+03 4.0572e+03 9.2924e+18 7.0579e+19 7.7471e+18 3.6614e-01 2.4142e-01 1.3756e+04 1.0974e+04
6.1000e+02 1.7313e-11 3.7847e-01 1.9644e+03 3.1696e+03 4.0499e+03 9.5138e+18 7.2971e+19 8.0079e+18 3.6258e-01 2.3815e-01 1.3871e+04 1.1089e+04
6.2000e+02 1.7227e-11 3.8025e-01 1.9620e+03 3.1652e+03 4.0426e+03 9.7386e+18 7.5421e+19 8.2746e+18 3.5908e-01 2.3497e-01 1.3986e+04 1.1203e+04
6.3000e+02 1.7141e-11 3.8201e-01 1.9596e+03 3.1608e+03 4.0355e+03 9.9670e+18 7.7929e+19 8.5475e+18 3.5564e-01 2.3185e-01 1.4101e+04 1.1318e+04
6.4000e+02 1.7055e-11 3.8375e-01 1.9573e+03 3.1564e+03 4.0284e+03 1.0199e+19 8.0497e+19 8.8266e+18 3.5226e-01 2.2882e-01 1.4216e+04 1.1433e+04
6.5000e+02 1.6971e-11 3.8548e-01 1.9549e+03 3.1521e+03 4.0215e+03 1.0434e+19 8.3124e+19 9.1120e+18 3.4894e-01 2.2585e-01 1.4331e+04 1.1548e+04
6.6000e+02 1.6887e-11 3.8718e-01 1.9526e+03 3.1479e+03 4.0146e+03 1.0673e+19 8.5813e+19 9.4037e+18 3.4568e-01 2.2296e-01 1.4447e+04 1.1663e+04
6.7000e+02 1.6803e-11 3.8887e-01 1.9504e+03 3.1437e+03 4.0078e+03 1.0916e+19 8.8563e+19 9.7019e+18 3.4248e-01 2.2013e-01 1.4562e+04 1.1777e+04
6.8000e+02 1.6720e-11 3.9054e-01 1.9481e+03 3.1395e+03 4.0011e+03 1.1162e+19 9.1376e+19 1.0007e+19 3.3933e-01 2.1736e-01 1.4677e+04 1.1892e+04
6.9000e+02 1.6638e-11 3.9220e-01 1.9459e+03 3.1354e+03 3.9945e+03 1.1411e+19 9.4251e+19 1.0318e+19 3.3624e-01 2.1466e-01 1.4792e+04 1.2007e+04
7.0000e+02 1.6556e-11 3.9383e-01 1.9437e+03 3.1313e+03 3.9880e+03 1.1664e+19 9.7191e+19 1.0636e+19 3.3320e-01 2.1202e-01 1.4907e+04 1.2122e+04
7.1000e+02 1.6475e-11 3.9545e-01 1.9415e+03 3.1273e+03 3.9815e+03 1.1921e+19 1.0020e+20 1.0961e+19 3.3021e-01 2.0944e-01 1.5022e+04 1.2237e+04
7.2000e+02 1.6394e-11 3.9705e-01 1.9393e+03 3.1233e+03 3.9752e+03 1.2181e+19 1.0327e+20 1.1292e+19 3.2727e-01 2.0691e-01 1.5137e+04 1.2352e+04
7.3000e+02 1.6314e-11 3.9863e-01 1.9372e+03 3.1193e+03 3.9689e+03 1.2444e+19 1.0640e+20 1.1631e+19 3.2438e-01 2.0444e-01 1.5252e+04 1.2467e+04
7.4000e+02 1.6235e-11 4.0019e-01 1.9351e+03 3.1154e+03 3.9627e+03 1.2712e+19 1.0961e+20 1.1977e+19 3.2154e-01 2.0202e-01 1.5367e+04 1.2582e+04
7.5000e+02 1.6156e-11 4.0173e-01 1.9330e+03 3.1115e+03 3.9565e+03 1.2983e+19 1.1288e+20 1.2329e+19 3.1875e-01 1.9965e-01 1.5482e+04 1.2697e+04
7.6000e+02 1.6078e-11 4.0326e-01 1.9309e+03 3.1077e+03 3.9504e+03 1.3257e+19 1.1622e+20 1.2689e+19 3.1600e-01 1.9734e-01 1.5597e+04 1.2812e+04
7.7000e+02 1.6000e-11 4.0477e-01 1.9289e+03 3.1039e+03 3.9444e+03 1.3535e+19 1.1963e+20 1.3057e+19 3.1330e-01 1.9507e-01 1.5712e+04 1.2927e+04
7.8000e+02 1.5923e-11 4.0626e-01 1.9268e+03 3.1001e+03 3.9385e+03 1.3817e+19 1.2311e+20 1.3431e+19 3.1064e-01 1.9284e-01 1.5827e+04 1.3042e+04
7.9000e+02 1.5846e-11 4.0774e-01 1.9248e+03 3.0964e+03 3.9326e+03 1.4102e+19 1.2666e+20 1.3813e+19 3.0803e-01 1.9067e-01 1.5942e+04 1.3157e+04
8.0000e+02 1.5770e-11 4.0919e-01 1.9228e+03 3.0927e+03 3.9268e+03 1.4391e+19 1.3029e+20 1.4203e+19 3.0546e-01 1.8853e-01 1.6056e+04 1.3273e+04
8.1000e+02 1.5694e-11 4.1063e-01 1.9209e+03 3.0891e+03 3.9211e+03 1.4684e+19 1.3398e+20 1.4600e+19 3.0293e-01 1.8644e-01 1.6171e+04 1.3388e+04
8.2000e+02 1.5619e-11 4.1205e-01 1.9189e+03 3.0855e+03 3.9154e+03 1.4980e+19 1.3776e+20 1.5005e+19 3.0044e-01 1.8440e-01 1.6286e+04 1.3503e+04
8.3000e+02 1.5544e-11 4.1346e-01 1.9170e+03 3.0819e+03 3.9098e+03 1.5281e+19 1.4160e+20 1.5418e+19 2.9798e-01 1.8239e-01 1.6400e+04 1.3618e+04
8.4000e+02 1.5470e-11 4.1485e-01 1.9151e+03 3.0784e+03 3.9043e+03 1.5584e+19 1.4552e+20 1.5839e+19 2.9557e-01 1.8042e-01 1.6514e+04 1.3733e+04
8.5000e+02 1.5397e-11 4.1622e-01 1.9132e+03 3.0749e+03 3.8988e+03 1.5892e+19 1.4952e+20 1.6267e+19 2.9320e-01 1.7849e-01 1.6629e+04 1.3849e+04
8.6000e+02 1.5324e-11 4.1757e-01 1.9113e+03 3.0714e+03 3.8934e+03 1.6203e+19 1.5360e+20 1.6704e+19 2.9086e-01 1.7659e-01 1.6743e+04 1.3964e+04
8.7000e+02 1.5251e-11 4.1891e-01 1.9095e+03 3.0680e+03 3.8880e+03 1.6518e+19 1.5775e+20 1.7149e+19 2.8856e-01 1.7473e-01 1.6857e+04 1.4079e+04
8.8000e+02 1.5179e-11 4.2023e-01 1.9076e+03 3.0646e+03 3.8827e+03 1.6837e+19 1.6198e+20 1.7602e+19 2.8629e-01 1.7291e-01 1.6972e+04 1.4194e+04
8.9000e+02 1.5108e-11 4.2154e-01 1.9058e+03 3.0612e+03 3.8774e+03 1.7160e+19 1.6630e+20 1.8063e+19 2.8406e-01 1.7112e-01 1.7086e+04 1.4310e+04
9.0000e+02 1.5037e-11 4.2283e-01 1.9040e+03 3.0578e+03 3.8722e+03 1.7486e+19 1.7069e+20 1.8533e+19 2.8186e-01 1.6937e-01 1.7200e+04 1.4425e+04
9.1000e+02 1.4966e-11 4.2411e-01 1.9022e+03 3.0545e+03 3.8671e+03 1.7816e+19 1.7517e+20 1.9011e+19 2.7970e-01 1.6764e-01 1.7314e+04 1.4541e+04
9.2000e+02 1.4896e-11 4.2537e-01 1.9004e+03 3.0512e+03 3.8620e+03 1.8150e+19 1.7972e+20 1.9498e+19 2.7756e-01 1.6595e-01 1.7428e+04 1.4656e+04
9.3000e+02 1.4827e-11 4.2661e-01 1.8987e+03 3.0480e+03 3.8569e+03 1.8488e+19 1.8437e+20 1.9994e+19 2.7546e-01 1.6429e-01 1.7542e+04 1.4771e+04
9.4000e+02 1.4757e-11 4.2784e-01 1.8969e+03 3.0448e+03 3.8519e+03 1.8830e+19 1.8909e+20 2.0498e+19 2.7339e-01 1.6266e-01 1.7655e+04 1.4887e+04
9.5000e+02 1.4689e-11 4.2906e-01 1.8952e+03 3.0416e+03 3.8470e+03 1.9176e+19 1.9390e+20 2.1011e+19 2.7135e-01 1.6105e-01 1.7769e+04 1.5002e+04
9.6000e+02 1.4621e-11 4.3025e-01 1.8935e+03 3.0384e+03 3.8421e+03 1.9526e+19 1.9880e+20 2.1533e+19 2.6934e-01 1.5948e-01 1.7883e+04 1.5118e+04
9.7000e+02 1.4553e-11 4.3144e-01 1.8918e+03 3.0353e+03 3.8372e+03 1.9879e+19 2.0379e+20 2.2065e+19 2.6736e-01 1.5793e-01 1.7996e+04 1.5233e+04
9.8000e+02 1.4486e-11 4.3261e-01 1.8901e+03 3.0322e+03 3.8324e+03 2.0237e+19 2.0886e+20 2.2605e+19 2.6540e-01 1.5641e-01 1.8110e+04 1.5349e+04
9.9000e+02 1.4419e-11 4.3377e-01 1.8885e+03 3.0291e+03 3.8277e+03 2.0598e+19 2.1402e+20 2.3155e+19 2.6347e-01 1.5492e-01 1.8223e+04 1.5464e+04
1.0000e+03 1.4353e-11 4.3491e-01 1.8868e+03 3.0260e+03 3.8229e+03 2.0964e+19 2.1927e+20 2.3713e+19 2.6157e-01 1.5345e-01 1.8337e+04 1.5580e+04
1.0100e+03 1.4287e-11 4.3604e-01 1.8852e+03 3.0230e+03 3.8183e+03 2.1333e+19 2.2461e+20 2.4282e+19 2.5970e-01 1.5201e-01 1.8450e+04 1.5696e+04
1.0200e+03 1.4222e-11 4.3715e-01 1.8836e+03 3.0200e+03 3.8137e+03 2.1707e+19 2.3005e+20 2.4860e+19 2.5785e-01 1.5059e-01 1.8564e+04 1.5811e+04
1.0300e+03 1.4157e-11 4.3825e-01 1.8820e+03 3.0170e+03 3.8091e+03 2.2084e+19 2.3558e+20 2.5447e+19 2.5603e-01 1.4919e-01 1.8677e+04 1.5927e+04
1.0400e+03 1.4092e-11 4.3934e-01 1.8804e+03 3.0141e+03 3.8045e+03 2.2466e+19 2.4120e+20 2.6044e+19 2.5423e-01 1.4782e-01 1.8790e+04 1.6042e+04
1.0500e+03 1.4028e-11 4.4042e-01 1.8788e+03 3.0112e+03 3.8000e+03 2.2852e+19 2.4691e+20 2.6651e+19 2.5246e-01 1.4647e-01 1.8903e+04 1.6158e+04
1.0600e+03 1.3965e-11 4.4148e-01 1.8772e+03 3.0082e+03 3.7956e+03 2.3242e+19 2.5272e+20 2.7268e+19 2.5071e-01 1.4514e-01 1.9017e+04 1.6274e+04
1.0700e+03 1.3902e-11 4.4253e-01 1.8757e+03 3.0054e+03 3.7912e+03 2.3636e+19 2.5863e+20 2.7894e+19 2.4899e-01 1.4384e-01 1.9130e+04 1.6390e+04
1.0800e+03 1.3839e-11 4.4357e-01 1.8741e+03 3.0025e+03 3.7868e+03 2.4034e+19 2.6464e+20 2.8531e+19 2.4728e-01 1.4255e-01 1.9243e+04 1.6505e+04
1.0900e+03 1.3777e-11 4.4459e-01 1.8726e+03 2.9997e+03 3.7825e+03 2.4436e+19 2.7074e+20 2.9178e+19 2.4560e-01 1.4129e-01 1.9356e+04 1.6621e+04
1.1000e+03 1.3715e-11 4.4560e-01 1.8711e+03 2.9969e+03 3.7782e+03 2.4843e+19 2.7695e+20 2.9835e+19 2.4395e-01 1.4004e-01 1.9469e+04 1.6737e+04
1.1100e+03 1.3653e-11 4.4660e-01 1.8696e+03 2.9941e+03 3.7739e+03 2.5253e+19 2.8325e+20 3.0503e+19 2.4231e-01 1.3882e-01 1.9582e+04 1.6853e+04
1.1200e+03 1.3592e-11 4.4759e-01 1.8681e+03 2.9913e+03 3.7697e+03 2.5668e+19 2.8966e+20 3.1181e+19 2.4069e-01 1.3761e-01 1.9694e+04 1.6969e+04
1.1300e+03 1.3532e-11 4.4857e-01 1.8666e+03 2.9886e+03 3.7655e+03 2.6088e+19 2.9617e+20 3.1869e+19 2.3910e-01 1.3643e-01 1.9807e+04 1.7084e+04
1.1400e+03 1.3471e-11 4.4953e-01 1.8652e+03 2.9858e+03 3.7613e+03 2.6511e+19 3.0278e+20 3.2568e+19 2.3752e-01 1.3526e-01 1.9920e+04 1.7200e+04
1.1500e+03 1.3412e-11 4.5048e-01 1.8637e+03 2.9831e+03 3.7572e+03 2.6939e+19 3.0949e+20 3.3278e+19 2.3597e-01 1.3411e-01 2.0033e+04 1.7316e+04
1.1600e+03 1.3352e-11 4.5143e-01 1.8623e+03 2.9805e+03 3.7531e+03 2.7371e+19 3.1632e+20 3.3999e+19 2.3443e-01 1.3298e-01 2.0146e+04 1.7432e+04
1.1700e+03 1.3293e-11 4.5236e-01 1.8608e+03 2.9778e+03 3.7491e+03 2.7808e+19 3.2324e+20 3.4730e+19 2.3292e-01 1.3186e-01 2.0258e+04 1.7548e+04
1.1800e+03 1.3235e-11 4.5328e-01 1.8594e+03 2.9752e+03 3.7451e+03 2.8249e+19 3.3028e+20 3.5473e+19 2.3142e-01 1.3076e-01 2.0371e+04 1.7664e+04
1.1900e+03 1.3176e-11 4.5418e-01 1.8580e+03 2.9725e+03 3.7411e+03 2.8694e+19 3.3742e+20 3.6227e+19 2.2994e-01 1.2968e-01 2.0483e+04 1.7780e+04
1.2000e+03 1.3119e-11 4.5508e-01 1.8566e+03 2.9699e+03 3.7372e+03 2.9144e+19 3.4468e+20 3.6992e+19 2.2848e-01 1.2862e-01 2.0596e+04 1.7896e+04
1.2100e+03 1.3061e-11 4.5597e-01 1.8552e+03 2.9674e+03 3.7333e+03 2.9598e+19 3.5204e+20 3.7768e+19 2.2704e-01 1.2757e-01 2.0709e+04 1.8012e+04
1.2200e+03 1.3004e-11 4.5685e-01 1.8538e+03 2.9648e+03 3.7294e+03 3.0056e+19 3.5952e+20 3.8556e+19 2.2561e-01 1.2653e-01 2.0821e+04 1.8128e+04
1.2300e+03 1.2947e-11 4.5771e-01 1.8525e+03 2.9623e+03 3.7255e+03 3.0520e+19 3.6711e+20 3.9355e+19 2.2420e-01 1.2551e-01 2.0934e+04 1.8244e+04
1.2400e+03 1.2891e-11 4.5857e-01 1.8511e+03 2.9597e+03 3.7217e+03 3.0987e+19 3.7481e+20 4.0166e+19 2.2281e-01 1.2451e-01 2.1046e+04 1.8360e+04
1.2500e+03 1.2835e-11 4.5942e-01 1.8497e+03 2.9572e+03 3.7179e+03 3.1459e+19 3.8263e+20 4.0988e+19 2.2144e-01 1.2352e-01 2.1158e+04 1.8476e+04
1.2600e+03 1.2780e-11 4.6026e-01 1.8484e+03 2.9547e+03 3.7142e+03 3.1936e+19 3.9056e+20 4.1822e+19 2.2008e-01 1.2254e-01 2.1271e+04 1.8592e+04
1.2700e+03 1.2725e-11 4.6108e-01 1.8471e+03 2.9523e+03 3.7104e+03 3.2417e+19 3.9861e+20 4.2669e+19 2.1873e-01 1.2158e-01 2.1383e+04 1.8708e+04
1.2800e+03 1.2670e-11 4.6190e-01 1.8458e+03 2.9498e+03 3.7067e+03 3.2903e+19 4.0678e+20 4.3527e+19 2.1741e-01 1.2063e-01 2.1496e+04 1.8825e+04
1.2900e+03 1.2615e-11 4.6271e-01 1.8444e+03 2.9474e+03 3.7031e+03 3.3394e+19 4.1507e+20 4.4397e+19 2.1609e-01 1.1969e-01 2.1608e+04 1.8941e+04
1.3000e+03 1.2561e-11 4.6351e-01 1.8431e+03 2.9449e+03 3.6994e+03 3.3889e+19 4.2348e+20 4.5280e+19 2.1480e-01 1.1877e-01 2.1720e+04 1.9057e+04
1.3100e+03 1.2508e-11 4.6430e-01 1.8419e+03 2.9425e+03 3.6958e+03 3.4389e+19 4.3201e+20 4.6175e+19 2.1351e-01 1.1786e-01 2.1833e+04 1.9173e+04
1.3200e+03 1.2454e-11 4.6508e-01 1.8406e+03 2.9402e+03 3.6922e+03 3.4893e+19 4.4066e+20 4.7082e+19 2.1225e-01 1.1697e-01 2.1945e+04 1.9290e+04
1.3300e+03 1.2401e-11 4.6585e-01 1.8393e+03 2.9378e+03 3.6887e+03 3.5402e+19 4.4943e+20 4.8002e+19 2.1099e-01 1.1608e-01 2.2057e+04 1.9406e+04
1.3400e+03 1.2349e-11 4.6662e-01 1.8380e+03 2.9354e+03 3.6851e+03 3.5916e+19 4.5833e+20 4.8934e+19 2.0975e-01 1.1521e-01 2.2169e+04 1.9522e+04
1.3500e+03 1.2296e-11 4.6737e-01 1.8368e+03 2.9331e+03 3.6816e+03 3.6435e+19 4.6736e+20 4.9879e+19 2.0853e-01 1.1435e-01 2.2282e+04 1.9638e+04
1.3600e+03 1.2244e-11 4.6812e-01 1.8355e+03 2.9308e+03 3.6782e+03 3.6958e+19 4.7651e+20 5.0837e+19 2.0731e-01 1.1350e-01 2.2394e+04 1.9755e+04
1.3700e+03 1.2193e-11 4.6886e-01 1.8343e+03 2.9285e+03 3.6747e+03 3.7487e+19 4.8579e+20 5.1808e+19 2.0612e-01 1.1266e-01 2.2506e+04 1.9871e+04
1.3800e+03 1.2141e-11 4.6958e-01 1.8331e+03 2.9262e+03 3.6713e+03 3.8020e+19 4.9519e+20 5.2792e+19 2.0493e-01 1.1184e-01 2.2618e+04 1.9988e+04
1.3900e+03 1.2090e-11 4.7031e-01 1.8318e+03 2.9239e+03 3.6679e+03 3.8558e+19 5.0473e+20 5.3789e+19 2.0376e-01 1.1102e-01 2.2731e+04 2.0104e+04
1.4000e+03 1.2040e-11 4.7102e-01 1.8306e+03 2.9216e+03 3.6645e+03 3.9101e+19 5.1440e+20 5.4800e+19 2.0260e-01 1.1022e-01 2.2843e+04 2.0220e+04
1.4100e+03 1.1990e-11 4.7173e-01 1.8294e+03 2.9194e+03 3.6612e+03 3.9649e+19 5.2420e+20 5.5823e+19 2.0145e-01 1.0942e-01 2.2955e+04 2.0337e+04
1.4200e+03 1.1940e-11 4.7242e-01 1.8282e+03 2.9171e+03 3.6578e+03 4.0202e+19 5.3414e+20 5.6860e+19 2.0031e-01 1.0864e-01 2.3067e+04 2.0453e+04
1.4300e+03 1.1890e-11 4.7311e-01 1.8270e+03 2.9149e+03 3.6545e+03 4.0759e+19 5.4421e+20 5.7911e+19 1.9919e-01 1.0787e-01 2.3179e+04 2.0570e+04
1.4400e+03 1.1841e-11 4.7380e-01 1.8258e+03 2.9127e+03 3.6512e+03 4.1322e+19 5.5441e+20 5.8975e+19 1.9808e-01 1.0710e-01 2.3291e+04 2.0686e+04
1.4500e+03 1.1792e-11 4.7447e-01 1.8247e+03 2.9105e+03 3.6480e+03 4.1890e+19 5.6475e+20 6.0053e+19 1.9698e-01 1.0635e-01 2.3404e+04 2.0803e+04
1.4600e+03 1.1743e-11 4.7514e-01 1.8235e+03 2.9084e+03 3.6447e+03 4.2462e+19 5.7523e+20 6.1145e+19 1.9589e-01 1.0560e-01 2.3516e+04 2.0919e+04
1.4700e+03 1.1695e-11 4.7580e-01 1.8223e+03 2.9062e+03 3.6415e+03 4.3040e+19 5.8585e+20 6.2251e+19 1.9481e-01 1.0487e-01 2.3628e+04 2.1036e+04
1.4800e+03 1.1647e-11 4.7645e-01 1.8212e+03 2.9040e+03 3.6383e+03 4.3623e+19 5.9661e+20 6.3371e+19 1.9375e-01 1.0414e-01 2.3740e+04 2.1153e+04
1.4900e+03 1.1599e-11 4.7710e-01 1.8200e+03 2.9019e+03 3.6352e+03 4.4211e+19 6.0751e+20 6.4505e+19 1.9269e-01 1.0343e-01 2.3852e+04 2.1269e+04
1.5000e+03 1.1552e-11 4.7774e-01 1.8189e+03 2.8998e+03 3.6320e+03 4.4804e+19 6.1855e+20 6.5654e+19 1.9165e-01 1.0272e-01 2.3964e+04 2.1386e+04
1.5100e+03 1.1505e-11 4.7837e-01 1.8178e+03 2.8977e+03 3.6289e+03 4.5403e+19 6.2974e+20 6.6817e+19 1.9061e-01 1.0202e-01 2.4076e+04 2.1503e+04
1.5200e+03 1.1458e-11 4.7900e-01 1.8166e+03 2.8956e+03 3.6258e+03 4.6006e+19 6.4107e+20 6.7994e+19 1.8959e-01 1.0133e-01 2.4188e+04 2.1619e+04
1.5300e+03 1.1411e-11 4.7962e-01 1.8155e+03 2.8935e+03 3.6227e+03 4.6615e+19 6.5255e+20 6.9186e+19 1.8858e-01 1.0065e-01 2.4301e+04 2.1736e+04
1.5400e+03 1.1365e-11 4.8023e-01 1.8144e+03 2.8914e+03 3.6197e+03 4.7229e+19 6.6417e+20 7.0393e+19 1.8758e-01 9.9976e-02 2.4413e+04 2.1853e+04
1.5500e+03 1.1319e-11 4.8084e-01 1.8133e+03 2.8893e+03 3.6166e+03 4.7848e+19 6.7595e+20 7.1614e+19 1.8658e-01 9.9311e-02 2.4525e+04 2.1970e+04
1.5600e+03 1.1274e-11 4.8144e-01 1.8122e+03 2.8873e+03 3.6136e+03 4.8473e+19 6.8787e+20 7.2851e+19 1.8560e-01 9.8654e-02 2.4637e+04 2.2086e+04
1.5700e+03 1.1228e-11 4.8203e-01 1.8111e+03 2.8853e+03 3.6106e+03 4.9103e+19 6.9994e+20 7.4103e+19 1.8463e-01 9.8004e-02 2.4749e+04 2.2203e+04
1.5800e+03 1.1183e-11 4.8262e-01 1.8100e+03 2.8832e+03 3.6076e+03 4.9738e+19 7.1217e+20 7.5369e+19 1.8366e-01 9.7363e-02 2.4861e+04 2.2320e+04
1.5900e+03 1.1139e-11 4.8320e-01 1.8090e+03 2.8812e+03 3.6047e+03 5.0378e+19 7.2455e+20 7.6651e+19 1.8271e-01 9.6729e-02 2.4974e+04 2.2437e+04
1.6000e+03 1.1094e-11 4.8378e-01 1.8079e+03 2.8792e+03 3.6017e+03 5.1024e+19 7.3708e+20 7.7949e+19 1.8176e-01 9.6103e-02 2.5086e+04 2.2554e+04
1.6100e+03 1.1050e-11 4.8435e-01 1.8068e+03 2.8772e+03 3.5988e+03 5.1676e+19 7.4977e+20 7.9262e+19 1.8083e-01 9.5484e-02 2.5198e+04 2.2671e+04
1.6200e+03 1.1006e-11 4.8491e-01 1.8058e+03 2.8753e+03 3.5959e+03 5.2333e+19 7.6262e+20 8.0590e+19 1.7990e-01 9.4872e-02 2.5310e+04 2.2788e+04
1.6300e+03 1.0963e-11 4.8547e-01 1.8047e+03 2.8733e+03 3.5930e+03 5.2995e+19 7.7562e+20 8.1934e+19 1.7898e-01 9.4267e-02 2.5422e+04 2.2904e+04
1.6400e+03 1.0919e-11 4.8602e-01 1.8037e+03 2.8713e+03 3.5901e+03 5.3663e+19 7.8879e+20 8.3295e+19 1.7807e-01 9.3669e-02 2.5535e+04 2.3021e+04
1.6500e+03 1.0876e-11 4.8657e-01 1.8026e+03 2.8694e+03 3.5873e+03 5.4336e+19 8.0211e+20 8.4671e+19 1.7717e-01 9.3079e-02 2.5647e+04 2.3138e+04
1.6600e+03 1.0834e-11 4.8711e-01 1.8016e+03 2.8674e+03 3.5844e+03 5.5015e+19 8.1560e+20 8.6063e+19 1.7628e-01 9.2495e-02 2.5759e+04 2.3255e+04
1.6700e+03 1.0791e-11 4.8765e-01 1.8006e+03 2.8655e+03 3.5816e+03 5.5699e+19 8.2925e+20 8.7471e+19 1.7540e-01 9.1917e-02 2.5871e+04 2.3373e+04
1.6800e+03 1.0749e-11 4.8818e-01 1.7995e+03 2.8636e+03 3.5788e+03 5.6389e+19 8.4306e+20 8.8896e+19 1.7452e-01 9.1346e-02 2.5983e+04 2.3490e+04
1.6900e+03 1.0707e-11 4.8870e-01 1.7985e+03 2.8617e+03 3.5761e+03 5.7085e+19 8.5704e+20 9.0337e+19 1.7365e-01 9.0782e-02 2.6096e+04 2.3607e+04
1.7000e+03 1.0665e-11 4.8922e-01 1.7975e+03 2.8598e+03 3.5733e+03 5.7786e+19 8.7119e+20 9.1794e+19 1.7279e-01 9.0224e-02 2.6208e+04 2.3724e+04
1.7100e+03 1.0624e-11 4.8974e-01 1.7965e+03 2.8579e+03 3.5706e+03 5.8493e+19 8.8550e+20 9.3268e+19 1.7194e-01 8.9672e-02 2.6320e+04 2.3841e+04
1.7200e+03 1.0583e-11 4.9025e-01 1.7955e+03 2.8561e+03 3.5678e+03 5.9206e+19 8.9998e+20 9.4759e+19 1.7110e-01 8.9127e-02 2.6433e+04 2.3958e+04
1.7300e+03 1.0542e-11 4.9075e-01 1.7945e+03 2.8542e+03 3.5651e+03 5.9925e+19 9.1464e+20 9.6267e+19 1.7026e-01 8.8587e-02 2.6545e+04 2.4075e+04
1.7400e+03 1.0501e-11 4.9125e-01 1.7935e+03 2.8523e+03 3.5624e+03 6.0649e+19 9.2946e+20 9.7791e+19 1.6943e-01 8.8053e-02 2.6657e+04 2.4192e+04
1.7500e+03 1.0461e-11 4.9175e-01 1.7925e+03 2.8505e+03 3.5597e+03 6.1379e+19 9.4446e+20 9.9333e+19 1.6861e-01 8.7525e-02 2.6770e+04 2.4310e+04
1.7600e+03 1.0421e-11 4.9224e-01 1.7916e+03 2.8487e+03 3.5571e+03 6.2115e+19 9.5964e+20 1.0089e+20 1.6780e-01 8.7003e-02 2.6882e+04 2.4427e+04
1.7700e+03 1.0381e-11 4.9273e-01 1.7906e+03 2.8468e+03 3.5544e+03 6.2856e+19 9.7499e+20 1.0247e+20 1.6699e-01 8.6487e-02 2.6994e+04 2.4544e+04
1.7800e+03 1.0342e-11 4.9321e-01 1.7896e+03 2.8450e+03 3.5518e+03 6.3604e+19 9.9051e+20 1.0406e+20 1.6619e-01 8.5976e-02 2.7107e+04 2.4662e+04
1.7900e+03 1.0302e-11 4.9369e-01 1.7887e+03 2.8432e+03 3.5492e+03 6.4357e+19 1.0062e+21 1.0567e+20 1.6540e-01 8.5471e-02 2.7219e+04 2.4779e+04
1.8000e+03 1.0263e-11 4.9416e-01 1.7877e+03 2.8414e+03 3.5466e+03 6.5116e+19 1.0221e+21 1.0730e+20 1.6461e-01 8.4971e-02 2.7332e+04 2.4896e+04
1.8100e+03 1.0224e-11 4.9463e-01 1.7868e+03 2.8397e+03 3.5440e+03 6.5882e+19 1.0382e+21 1.0895e+20 1.6383e-01 8.4476e-02 2.7444e+04 2.5014e+04
1.8200e+03 1.0186e-11 4.9509e-01 1.7858e+03 2.8379e+03 3.5414e+03 6.6653e+19 1.0544e+21 1.1061e+20 1.6306e-01 8.3987e-02 2.7557e+04 2.5131e+04
1.8300e+03 1.0147e-11 4.9555e-01 1.7849e+03 2.8361e+03 3.5389e+03 6.7430e+19 1.0708e+21 1.1230e+20 1.6230e-01 8.3503e-02 2.7669e+04 2.5248e+04
1.8400e+03 1.0109e-11 4.9601e-01 1.7839e+03 2.8344e+03 3.5363e+03 6.8213e+19 1.0875e+21 1.1400e+20 1.6154e-01 8.3024e-02 2.7782e+04 2.5366e+04
1.8500e+03 1.0071e-11 4.9646e-01 1.7830e+03 2.8326e+03 3.5338e+03 6.9003e+19 1.1043e+21 1.1572e+20 1.6079e-01 8.2549e-02 2.7894e+04 2.5483e+04
1.8600e+03 1.0033e-11 4.9690e-01 1.7821e+03 2.8309e+03 3.5313e+03 6.9798e+19 1.1213e+21 1.1745e+20 1.6004e-01 8.2080e-02 2.8007e+04 2.5601e+04
1.8700e+03 9.9960e-12 4.9735e-01 1.7812e+03 2.8291e+03 3.5288e+03 7.0599e+19 1.1384e+21 1.1921e+20 1.5930e-01 8.1616e-02 2.8119e+04 2.5718e+04
1.8800e+03 9.9588e-12 4.9779e-01 1.7802e+03 2.8274e+03 3.5263e+03 7.1407e+19 1.1558e+21 1.2098e+20 1.5857e-01 8.1156e-02 2.8232e+04 2.5836e+04
1.8900e+03 9.9219e-12 4.9822e-01 1.7793e+03 2.8257e+03 3.5239e+03 7.2221e+19 1.1734e+21 1.2278e+20 1.5784e-01 8.0702e-02 2.8344e+04 2.5953e+04
1.9000e+03 9.8851e-12 4.9865e-01 1.7784e+03 2.8240e+03 3.5214e+03 7.3041e+19 1.1911e+21 1.2459e+20 1.5712e-01 8.0251e-02 2.8457e+04 2.6071e+04
1.9100e+03 9.8486e-12 4.9908e-01 1.7775e+03 2.8223e+03 3.5190e+03 7.3867e+19 1.2091e+21 1.2642e+20 1.5641e-01 7.9806e-02 2.8570e+04 2.6189e+04
1.9200e+03 9.8123e-12 4.9950e-01 1.7766e+03 2.8206e+03 3.5165e+03 7.4699e+19 1.2272e+21 1.2827e+20 1.5570e-01 7.9365e-02 2.8682e+04 2.6306e+04
1.9300e+03 9.7763e-12 4.9992e-01 1.7757e+03 2.8189e+03 3.5141e+03 7.5538e+19 1.2455e+21 1.3014e+20 1.5500e-01 7.8928e-02 2.8795e+04 2.6424e+04
1.9400e+03 9.7404e-12 5.0034e-01 1.7748e+03 2.8173e+03 3.5117e+03 7.6383e+19 1.2641e+21 1.3203e+20 1.5430e-01 7.8496e-02 2.8908e+04 2.6541e+04
1.9500e+03 9.7048e-12 5.0075e-01 1.7739e+03 2.8156e+03 3.5093e+03 7.7234e+19 1.2828e+21 1.3394e+20 1.5361e-01 7.8068e-02 2.9021e+04 2.6659e+04
1.9600e+03 9.6694e-12 5.0116e-01 1.7731e+03 2.8139e+03 3.5070e+03 7.8092e+19 1.3017e+21 1.3586e+20 1.5292e-01 7.7644e-02 2.9133e+04 2.6777e+04
1.9700e+03 9.6342e-12 5.0157e-01 1.7722e+03 2.8123e+03 3.5046e+03 7.8956e+19 1.3209e+21 1.3781e+20 1.5224e-01 7.7225e-02 2.9246e+04 2.6895e+04
1.9800e+03 9.5992e-12 5.0197e-01 1.7713e+03 2.8106e+03 3.5022e+03 7.9826e+19 1.3402e+21 1.3978e+20 1.5157e-01 7.6809e-02 2.9359e+04 2.7012e+04
1.9900e+03 9.5645e-12 5.0237e-01 1.7705e+03 2.8090e+03 3.4999e+03 8.0703e+19 1.3598e+21 1.4177e+20 1.5090e-01 7.6398e-02 2.9472e+04 2.7130e+04
2.0000e+03 9.5299e-12 5.0276e-01 1.7696e+03 2.8074e+03 3.4976e+03 8.1586e+19 1.3795e+21 1.4377e+20 1.5024e-01 7.5991e-02 2.9585e+04 2.7248e+04
2.0100e+03 9.4956e-12 5.0315e-01 1.7687e+03 2.8058e+03 3.4953e+03 8.2476e+19 1.3995e+21 1.4580e+20 1.4958e-01 7.5587e-02 2.9698e+04 2.7366e+04
2.0200e+03 9.4615e-12 5.0354e-01 1.7679e+03 2.8042e+03 3.4930e+03 8.3372e+19 1.4197e+21 1.4785e+20 1.4893e-01 7.5188e-02 2.9811e+04 2.7484e+04
2.0300e+03 9.4276e-12 5.0393e-01 1.7670e+03 2.8026e+03 3.4907e+03 8.4275e+19 1.4401e+21 1.4992e+20 1.4828e-01 7.4793e-02 2.9924e+04 2.7602e+04
2.0400e+03 9.3939e-12 5.0431e-01 1.7662e+03 2.8010e+03 3.4884e+03 8.5185e+19 1.4606e+21 1.5201e+20 1.4764e-01 7.4401e-02 3.0037e+04 2.7719e+04
2.0500e+03 9.3604e-12 5.0469e-01 1.7653e+03 2.7994e+03 3.4861e+03 8.6100e+19 1.4815e+21 1.5412e+20 1.4700e-01 7.4013e-02 3.0150e+04 2.7837e+04
2.0600e+03 9.3271e-12 5.0507e-01 1.7645e+03 2.7978e+03 3.4839e+03 8.7023e+19 1.5025e+21 1.5625e+20 1.4637e-01 7.3628e-02 3.0263e+04 2.7955e+04
2.0700e+03 9.2940e-12 5.0544e-01 1.7637e+03 2.7962e+03 3.4817e+03 8.7952e+19 1.5237e+21 1.5840e+20 1.4574e-01 7.3248e-02 3.0376e+04 2.8073e+04
2.0800e+03 9.2611e-12 5.0581e-01 1.7628e+03 2.7947e+03 3.4794e+03 8.8888e+19 1.5452e+21 1.6057e+20 1.4512e-01 7.2871e-02 3.0489e+04 2.8191e+04
2.0900e+03 9.2284e-12 5.0618e-01 1.7620e+03 2.7931e+03 3.4772e+03 8.9831e+19 1.5669e+21 1.6276e+20 1.4450e-01 7.2497e-02 3.0602e+04 2.8309e+04
2.1000e+03 9.1959e-12 5.0654e-01 1.7612e+03 2.7915e+03 3.4750e+03 9.0780e+19 1.5887e+21 1.6498e+20 1.4389e-01 7.2127e-02 3.0715e+04 2.8427e+04
2.1100e+03 9.1636e-12 5.0691e-01 1.7604e+03 2.7900e+03 3.4728e+03 9.1736e+19 1.6109e+21 1.6721e+20 1.4328e-01 7.1760e-02 3.0828e+04 2.8545e+04
2.1200e+03 9.1315e-12 5.0726e-01 1.7596e+03 2.7885e+03 3.4706e+03 9.2699e+19 1.6332e+21 1.6947e+20 1.4268e-01 7.1397e-02 3.0941e+04 2.8664e+04
2.1300e+03 9.0995e-12 5.0762e-01 1.7587e+03 2.7869e+03 3.4685e+03 9.3668e+19 1.6558e+21 1.7175e+20 1.4208e-01 7.1037e-02 3.1054e+04 2.8782e+04
2.1400e+03 9.0678e-12 5.0797e-01 1.7579e+03 2.7854e+03 3.4663e+03 9.4645e+19 1.6786e+21 1.7405e+20 1.4149e-01 7.0681e-02 3.1168e+04 2.8900e+04
2.1500e+03 9.0363e-12 5.0832e-01 1.7571e+03 2.7839e+03 3.4641e+03 9.5628e+19 1.7016e+21 1.7638e+20 1.4090e-01 7.0328e-02 3.1281e+04 2.9018e+04
2.1600e+03 9.0049e-12 5.0867e-01 1.7563e+03 2.7824e+03 3.4620e+03 9.6618e+19 1.7248e+21 1.7872e+20 1.4031e-01 6.9978e-02 3.1394e+04 2.9136e+04
2.1700e+03 8.9738e-12 5.0902e-01 1.7555e+03 2.7809e+03 3.4599e+03 9.7615e+19 1.7483e+21 1.8109e+20 1.3973e-01 6.9631e-02 3.1508e+04 2.9254e+04
2.1800e+03 8.9428e-12 5.0936e-01 1.7547e+03 2.7794e+03 3.4578e+03 9.8619e+19 1.7720e+21 1.8348e+20 1.3916e-01 6.9287e-02 3.1621e+04 2.9372e+04
2.1900e+03 8.9120e-12 5.0970e-01 1.7540e+03 2.7779e+03 3.4557e+03 9.9630e+19 1.7960e+21 1.8589e+20 1.3858e-01 6.8946e-02 3.1734e+04 2.9491e+04
2.2000e+03 8.8814e-12 5.1004e-01 1.7532e+03 2.7764e+03 3.4536e+03 1.0065e+20 1.8201e+21 1.8833e+20 1.3802e-01 6.8609e-02 3.1848e+04 2.9609e+04
2.2100e+03 8.8510e-12 5.1038e-01 1.7524e+03 2.7749e+03 3.4515e+03 1.0167e+20 1.8446e+21 1.9079e+20 1.3745e-01 6.8274e-02 3.1961e+04 2.9727e+04
2.2200e+03 8.8207e-12 5.1071e-01 1.7516e+03 2.7735e+03 3.4494e+03 1.0271e+20 1.8692e+21 1.9327e+20 1.3689e-01 6.7943e-02 3.2075e+04 2.9846e+04
2.2300e+03 8.7907e-12 5.1104e-01 1.7508e+03 2.7720e+03 3.4473e+03 1.0374e+20 1.8941e+21 1.9577e+20 1.3634e-01 6.7614e-02 3.2188e+04 2.9964e+04
2.2400e+03 8.7608e-12 5.1137e-01 1.7501e+03 2.7705e+03 3.4453e+03 1.0479e+20 1.9192e+21 1.9830e+20 1.3579e-01 6.7288e-02 3.2302e+04 3.0082e+04
2.2500e+03 8.7311e-12 5.1169e-01 1.7493e+03 2.7691e+03 3.4432e+03 1.0584e+20 1.9446e+21 2.0085e+20 1.3524e-01 6.6966e-02 3.2415e+04 3.0201e+04
2.2600e+03 8.7016e-12 5.1202e-01 1.7485e+03 2.7676e+03 3.4412e+03 1.0690e+20 1.9702e+21 2.0342e+20 1.3470e-01 6.6646e-02 3.2529e+04 3.0319e+04
2.2700e+03 8.6722e-12 5.1234e-01 1.7478e+03 2.7662e+03 3.4392e+03 1.0797e+20 1.9961e+21 2.0602e+20 1.3416e-01 6.6328e-02 3.2642e+04 3.0437e+04
2.2800e+03 8.6430e-12 5.1266e-01 1.7470e+03 2.7648e+03 3.4371e+03 1.0905e+20 2.0222e+21 2.0864e+20 1.3363e-01 6.6014e-02 3.2756e+04 3.0556e+04
2.2900e+03 8.6140e-12 5.1297e-01 1.7463e+03 2.7633e+03 3.4351e+03 1.1013e+20 2.0486e+21 2.1128e+20 1.3310e-01 6.5702e-02 3.2870e+04 3.0674e+04
2.3000e+03 8.5852e-12 5.1329e-01 1.7455e+03 2.7619e+03 3.4331e+03 1.1122e+20 2.0752e+21 2.1395e+20 1.3257e-01 6.5393e-02 3.2983e+04 3.0793e+04
2.3100e+03 8.5565e-12 5.1360e-01 1.7448e+03 2.7605e+03 3.4311e+03 1.1232e+20 2.1020e+21 2.1665e+20 1.3205e-01 6.5087e-02 3.3097e+04 3.0911e+04
2.3200e+03 8.5280e-12 5.1391e-01 1.7440e+03 2.7591e+03 3.4292e+03 1.1342e+20 2.1291e+21 2.1936e+20 1.3153e-01 6.4783e-02 3.3211e+04 3.1030e+04
2.3300e+03 8.4997e-12 5.1422e-01 1.7433e+03 2.7577e+03 3.4272e+03 1.1453e+20 2.1565e+21 2.2210e+20 1.3101e-01 6.4482e-02 3.3324e+04 3.1148e+04
2.3400e+03 8.4715e-12 5.1453e-01 1.7425e+03 2.7563e+03 3.4252e+03 1.1565e+20 2.1841e+21 2.2487e+20 1.3050e-01 6.4183e-02 3.3438e+04 3.1267e+04
2.3500e+03 8.4435e-12 5.1483e-01 1.7418e+03 2.7549e+03 3.4233e+03 1.1678e+20 2.2120e+21 2.2766e+20 1.2999e-01 6.3887e-02 3.3552e+04 3.1386e+04
2.3600e+03 8.4156e-12 5.1513e-01 1.7411e+03 2.7535e+03 3.4213e+03 1.1791e+20 2.2401e+21 2.3047e+20 1.2949e-01 6.3593e-02 3.3666e+04 3.1504e+04
2.3700e+03 8.3880e-12 5.1543e-01 1.7404e+03 2.7521e+03 3.4194e+03 1.1905e+20 2.2685e+21 2.3331e+20 1.2898e-01 6.3302e-02 3.3780e+04 3.1623e+04
2.3800e+03 8.3604e-12 5.1573e-01 1.7396e+03 2.7508e+03 3.4175e+03 1.2020e+20 2.2972e+21 2.3618e+20 1.2849e-01 6.3014e-02 3.3894e+04 3.1742e+04
2.3900e+03 8.3331e-12 5.1603e-01 1.7389e+03 2.7494e+03 3.4156e+03 1.2135e+20 2.3261e+21 2.3907e+20 1.2799e-01 6.2727e-02 3.4008e+04 3.1860e+04
2.4000e+03 8.3059e-12 5.1632e-01 1.7382e+03 2.7480e+03 3.4137e+03 1.2252e+20 2.3553e+21 2.4198e+20 1.2750e-01 6.2443e-02 3.4122e+04 3.1979e+04
2.4100e+03 8.2788e-12 5.1662e-01 1.7375e+03 2.7467e+03 3.4118e+03 1.2369e+20 2.3847e+21 2.4492e+20 1.2701e-01 6.2162e-02 3.4236e+04 3.2098e+04
2.4200e+03 8.2519e-12 5.1691e-01 1.7368e+03 2.7453e+03 3.4099e+03 1.2487e+20 2.4144e+21 2.4789e+20 1.2653e-01 6.1883e-02 3.4350e+04 3.2216e+04
2.4300e+03 8.2252e-12 5.1720e-01 1.7361e+03 2.7440e+03 3.4080e+03 1.2605e+20 2.4444e+21 2.5088e+20 1.2605e-01 6.1606e-02 3.4464e+04 3.2335e+04
2.4400e+03 8.1986e-12 5.1749e-01 1.7353e+03 2.7426e+03 3.4061e+03 1.2725e+20 2.4747e+21 2.5390e+20 1.2557e-01 6.1331e-02 3.4578e+04 3.2454e+04
2.4500e+03 8.1722e-12 5.1777e-01 1.7346e+03 2.7413e+03 3.4042e+03 1.2845e+20 2.5052e+21 2.5694e+20 1.2510e-01 6.1058e-02 3.4692e+04 3.2573e+04
2.4600e+03 8.1459e-12 5.1806e-01 1.7339e+03 2.7400e+03 3.4024e+03 1.2966e+20 2.5360e+21 2.6001e+20 1.2463e-01 6.0788e-02 3.4806e+04 3.2692e+04
2.4700e+03 8.1198e-12 5.1834e-01 1.7332e+03 2.7386e+03 3.4005e+03 1.3087e+20 2.5671e+21 2.6311e+20 1.2416e-01 6.0520e-02 3.4920e+04 3.2811e+04
2.4800e+03 8.0939e-12 5.1862e-01 1.7326e+03 2.7373e+03 3.3987e+03 1.3210e+20 2.5985e+21 2.6623e+20 1.2370e-01 6.0254e-02 3.5034e+04 3.2929e+04
2.4900e+03 8.0680e-12 5.1890e-01 1.7319e+03 2.7360e+03 3.3969e+03 1.3333e+20 2.6301e+21 2.6938e+20 1.2324e-01 5.9990e-02 3.5149e+04 3.3048e+04
2.5000e+03 8.0424e-12 5.1918e-01 1.7312e+03 2.7347e+03 3.3950e+03 1.3457e+20 2.6620e+21 2.7255e+20 1.2278e-01 5.9729e-02 3.5263e+04 3.3167e+04
2.5100e+03 8.0168e-12 5.1945e-01 1.7305e+03 2.7334e+03 3.3932e+03 1.3582e+20 2.6942e+21 2.7576e+20 1.2232e-01 5.9469e-02 3.5377e+04 3.3286e+04
2.5200e+03 7.9914e-12 5.1973e-01 1.7298e+03 2.7321e+03 3.3914e+03 1.3708e+20 2.7267e+21 2.7899e+20 1.2187e-01 5.9212e-02 3.5491e+04 3.3405e+04
2.5300e+03 7.9662e-12 5.2000e-01 1.7291e+03 2.7308e+03 3.3896e+03 1.3834e+20 2.7594e+21 2.8224e+20 1.2142e-01 5.8956e-02 3.5606e+04 3.3524e+04
2.5400e+03 7.9411e-12 5.2027e-01 1.7284e+03 2.7295e+03 3.3878e+03 1.3961e+20 2.7925e+21 2.8553e+20 1.2098e-01 5.8703e-02 3.5720e+04 3.3643e+04
2.5500e+03 7.9162e-12 5.2054e-01 1.7278e+03 2.7282e+03 3.3860e+03 1.4089e+20 2.8258e+21 2.8884e+20 1.2053e-01 5.8451e-02 3.5835e+04 3.3762e+04
2.5600e+03 7.8914e-12 5.2081e-01 1.7271e+03 2.7269e+03 3.3843e+03 1.4218e+20 2.8595e+21 2.9217e+20 1.2010e-01 5.8202e-02 3.5949e+04 3.3881e+04
2.5700e+03 7.8667e-12 5.2108e-01 1.7264e+03 2.7257e+03 3.3825e+03 1.4347e+20 2.8934e+21 2.9554e+20 1.1966e-01 5.7954e-02 3.6063e+04 3.4000e+04
2.5800e+03 7.8422e-12 5.2134e-01 1.7258e+03 2.7244e+03 3.3807e+03 1.4478e+20 2.9276e+21 2.9893e+20 1.1922e-01 5.7709e-02 3.6178e+04 3.4119e+04
2.5900e+03 7.8178e-12 5.2161e-01 1.7251e+03 2.7231e+03 3.3790e+03 1.4609e+20 2.9621e+21 3.0236e+20 1.1879e-01 5.7465e-02 3.6292e+04 3.4238e+04
2.6000e+03 7.7935e-12 5.2187e-01 1.7244e+03 2.7219e+03 3.3772e+03 1.4741e+20 2.9969e+21 3.0581e+20 1.1837e-01 5.7223e-02 3.6407e+04 3.4358e+04
2.6100e+03 7.7694e-12 5.2213e-01 1.7238e+03 2.7206e+03 3.3755e+03 1.4874e+20 3.0320e+21 3.0928e+20 1.1794e-01 5.6983e-02 3.6521e+04 3.4477e+04
2.6200e+03 7.7454e-12 5.2239e-01 1.7231e+03 2.7194e+03 3.3737e+03 1.5007e+20 3.0674e+21 3.1279e+20 1.1752e-01 5.6745e-02 3.6636e+04 3.4596e+04
2.6300e+03 7.7216e-12 5.2265e-01 1.7225e+03 2.7181e+03 3.3720e+03 1.5142e+20 3.1031e+21 3.1632e+20 1.1710e-01 5.6509e-02 3.6751e+04 3.4715e+04
2.6400e+03 7.6979e-12 5.2291e-01 1.7218e+03 2.7169e+03 3.3703e+03 1.5277e+20 3.1391e+21 3.1989e+20 1.1668e-01 5.6274e-02 3.6865e+04 3.4834e+04
2.6500e+03 7.6743e-12 5.2316e-01 1.7212e+03 2.7156e+03 3.3686e+03 1.5413e+20 3.1754e+21 3.2348e+20 1.1627e-01 5.6041e-02 3.6980e+04 3.4954e+04
2.6600e+03 7.6508e-12 5.2342e-01 1.7205e+03 2.7144e+03 3.3669e+03 1.5550e+20 3.2120e+21 3.2710e+20 1.1585e-01 5.5811e-02 3.7095e+04 3.5073e+04
2.6700e+03 7.6275e-12 5.2367e-01 1.7199e+03 2.7132e+03 3.3652e+03 1.5687e+20 3.2489e+21 3.3075e+20 1.1545e-01 5.5581e-02 3.7209e+04 3.5192e+04
2.6800e+03 7.6043e-12 5.2392e-01 1.7192e+03 2.7120e+03 3.3635e+03 1.5826e+20 3.2861e+21 3.3443e+20 1.1504e-01 5.5354e-02 3.7324e+04 3.5311e+04
2.6900e+03 7.5813e-12 5.2417e-01 1.7186e+03 2.7107e+03 3.3618e+03 1.5965e+20 3.3236e+21 3.3814e+20 1.1464e-01 5.5128e-02 3.7439e+04 3.5431e+04
2.7000e+03 7.5584e-12 5.2442e-01 1.7180e+03 2.7095e+03 3.3601e+03 1.6105e+20 3.3615e+21 3.4188e+20 1.1423e-01 5.4904e-02 3.7554e+04 3.5550e+04
2.7100e+03 7.5356e-12 5.2467e-01 1.7173e+03 2.7083e+03 3.3585e+03 1.6246e+20 3.3996e+21 3.4564e+20 1.1384e-01 5.4681e-02 3.7669e+04 3.5669e+04
2.7200e+03 7.5129e-12 5.2492e-01 1.7167e+03 2.7071e+03 3.3568e+03 1.6388e+20 3.4381e+21 3.4944e+20 1.1344e-01 5.4460e-02 3.7783e+04 3.5789e+04
2.7300e+03 7.4903e-12 5.2517e-01 1.7161e+03 2.7059e+03 3.3551e+03 1.6531e+20 3.4769e+21 3.5327e+20 1.1305e-01 5.4241e-02 3.7898e+04 3.5908e+04
2.7400e+03 7.4679e-12 5.2541e-01 1.7155e+03 2.7047e+03 3.3535e+03 1.6674e+20 3.5160e+21 3.5713e+20 1.1266e-01 5.4024e-02 3.8013e+04 3.6027e+04
2.7500e+03 7.4456e-12 5.2566e-01 1.7148e+03 2.7035e+03 3.3519e+03 1.6819e+20 3.5554e+21 3.6102e+20 1.1227e-01 5.3808e-02 3.8128e+04 3.6147e+04
2.7600e+03 7.4234e-12 5.2590e-01 1.7142e+03 2.7023e+03 3.3502e+03 1.6964e+20 3.5952e+21 3.6493e+20 1.1188e-01 5.3593e-02 3.8243e+04 3.6266e+04
2.7700e+03 7.4014e-12 5.2614e-01 1.7136e+03 2.7012e+03 3.3486e+03 1.7110e+20 3.6352e+21 3.6888e+20 1.1150e-01 5.3380e-02 3.8358e+04 3.6386e+04
2.7800e+03 7.3795e-12 5.2638e-01 1.7130e+03 2.7000e+03 3.3470e+03 1.7257e+20 3.6756e+21 3.7286e+20 1.1112e-01 5.3169e-02 3.8473e+04 3.6505e+04
2.7900e+03 7.3576e-12 5.2662e-01 1.7124e+03 2.6988e+03 3.3453e+03 1.7405e+20 3.7163e+21 3.7687e+20 1.1074e-01 5.2959e-02 3.8588e+04 3.6625e+04
2.8000e+03 7.3360e-12 5.2686e-01 1.7118e+03 2.6976e+03 3.3437e+03 1.7553e+20 3.7574e+21 3.8091e+20 1.1036e-01 5.2751e-02 3.8703e+04 3.6744e+04
2.8100e+03 7.3144e-12 5.2710e-01 1.7112e+03 2.6965e+03 3.3421e+03 1.7703e+20 3.7988e+21 3.8499e+20 1.0999e-01 5.2544e-02 3.8818e+04 3.6864e+04
2.8200e+03 7.2929e-12 5.2734e-01 1.7106e+03 2.6953e+03 3.3405e+03 1.7853e+20 3.8405e+21 3.8909e+20 1.0961e-01 5.2339e-02 3.8933e+04 3.6983e+04
2.8300e+03 7.2716e-12 5.2757e-01 1.7099e+03 2.6941e+03 3.3389e+03 1.8004e+20 3.8825e+21 3.9322e+20 1.0924e-01 5.2135e-02 3.9048e+04 3.7103e+04
2.8400e+03 7.2504e-12 5.2781e-01 1.7093e+03 2.6930e+03 3.3374e+03 1.8156e+20 3.9249e+21 3.9739e+20 1.0888e-01 5.1933e-02 3.9164e+04 3.7223e+04
2.8500e+03 7.2293e-12 5.2804e-01 1.7087e+03 2.6918e+03 3.3358e+03 1.8309e+20 3.9676e+21 4.0159e+20 1.0851e-01 5.1732e-02 3.9279e+04 3.7342e+04
2.8600e+03 7.2083e-12 5.2827e-01 1.7082e+03 2.6907e+03 3.3342e+03 1.8463e+20 4.0106e+21 4.0582e+20 1.0815e-01 5.1532e-02 3.9394e+04 3.7462e+04
2.8700e+03 7.1874e-12 5.2850e-01 1.7076e+03 2.6896e+03 3.3326e+03 1.8618e+20 4.0540e+21 4.1008e+20 1.0779e-01 5.1334e-02 3.9509e+04 3.7581e+04
2.8800e+03 7.1666e-12 5.2874e-01 1.7070e+03 2.6884e+03 3.3311e+03 1.8774e+20 4.0978e+21 4.1438e+20 1.0743e-01 5.1138e-02 3.9624e+04 3.7701e+04
2.8900e+03 7.1460e-12 5.2897e-01 1.7064e+03 2.6873e+03 3.3295e+03 1.8930e+20 4.1418e+21 4.1870e+20 1.0707e-01 5.0942e-02 3.9740e+04 3.7821e+04
2.9000e+03 7.1254e-12 5.2919e-01 1.7058e+03 2.6862e+03 3.3280e+03 1.9087e+20 4.1862e+21 4.2306e+20 1.0672e-01 5.0748e-02 3.9855e+04 3.7941e+04
2.9100e+03 7.1050e-12 5.2942e-01 1.7052e+03 2.6850e+03 3.3264e+03 1.9246e+20 4.2310e+21 4.2745e+20 1.0637e-01 5.0556e-02 3.9970e+04 3.8060e+04
2.9200e+03 7.0847e-12 5.2965e-01 1.7046e+03 2.6839e+03 3.3249e+03 1.9405e+20 4.2761e+21 4.3188e+20 1.0602e-01 5.0364e-02 4.0086e+04 3.8180e+04
2.9300e+03 7.0645e-12 5.2988e-01 1.7040e+03 2.6828e+03 3.3234e+03 1.9565e+20 4.3216e+21 4.3634e+20 1.0567e-01 5.0174e-02 4.0201e+04 3.8300e+04
2.9400e+03 7.0444e-12 5.3010e-01 1.7035e+03 2.6817e+03 3.3218e+03 1.9726e+20 4.3674e+21 4.4083e+20 1.0533e-01 4.9986e-02 4.0316e+04 3.8420e+04
2.9500e+03 7.0244e-12 5.3033e-01 1.7029e+03 2.6806e+03 3.3203e+03 1.9887e+20 4.4135e+21 4.4535e+20 1.0498e-01 4.9798e-02 4.0432e+04 3.8539e+04
2.9600e+03 7.0045e-12 5.3055e-01 1.7023e+03 2.6795e+03 3.3188e+03 2.0050e+20 4.4601e+21 4.4991e+20 1.0464e-01 4.9612e-02 4.0547e+04 3.8659e+04
2.9700e+03 6.9847e-12 5.3078e-01 1.7017e+03 2.6784e+03 3.3173e+03 2.0214e+20 4.5069e+21 4.5450e+20 1.0430e-01 4.9427e-02 4.0663e+04 3.8779e+04
2.9800e+03 6.9651e-12 5.3100e-01 1.7012e+03 2.6773e+03 3.3158e+03 2.0378e+20 4.5541e+21 4.5912e+20 1.0396e-01 4.9244e-02 4.0778e+04 3.8899e+04
2.9900e+03 6.9455e-12 5.3122e-01 1.7006e+03 2.6762e+03 3.3143e+03 2.0544e+20 4.6017e+21 4.6378e+20 1.0363e-01 4.9062e-02 4.0894e+04 3.9019e+04
3.0000e+03 6.9260e-12 5.3144e-01 1.7000e+03 2.6751e+03 3.3128e+03 2.0710e+20 4.6497e+21 4.6847e+20 1.0330e-01 4.8880e-02 4.1009e+04 3.9139e+04
3.0100e+03 6.9067e-12 5.3166e-01 1.6995e+03 2.6740e+03 3.3113e+03 2.0877e+20 4.6980e+21 4.7320e+20 1.0296e-01 4.8701e-02 4.1125e+04 3.9259e+04
3.0200e+03 6.8874e-12 5.3188e-01 1.6989e+03 2.6729e+03 3.3098e+03 2.1045e+20 4.7467e+21 4.7796e+20 1.0263e-01 4.8522e-02 4.1241e+04 3.9378e+04
3.0300e+03 6.8682e-12 5.3210e-01 1.6983e+03 2.6718e+03 3.3083e+03 2.1214e+20 4.7957e+21 4.8276e+20 1.0231e-01 4.8344e-02 4.1356e+04 3.9498e+04
3.0400e+03 6.8492e-12 5.3232e-01 1.6978e+03 2.6708e+03 3.3069e+03 2.1384e+20 4.8451e+21 4.8759e+20 1.0198e-01 4.8168e-02 4.1472e+04 3.9618e+04
3.0500e+03 6.8302e-12 5.3253e-01 1.6972e+03 2.6697e+03 3.3054e+03 2.1555e+20 4.8949e+21 4.9245e+20 1.0166e-01 4.7993e-02 4.1587e+04 3.9738e+04
3.0600e+03 6.8114e-12 5.3275e-01 1.6967e+03 2.6686e+03 3.3039e+03 2.1727e+20 4.9450e+21 4.9735e+20 1.0134e-01 4.7819e-02 4.1703e+04 3.9858e+04
3.0700e+03 6.7926e-12 5.3297e-01 1.6961e+03 2.6676e+03 3.3025e+03 2.1900e+20 4.9956e+21 5.0228e+20 1.0102e-01 4.7646e-02 4.1819e+04 3.9978e+04
3.0800e+03 6.7740e-12 5.3318e-01 1.6956e+03 2.6665e+03 3.3010e+03 2.2073e+20 5.0465e+21 5.0725e+20 1.0070e-01 4.7475e-02 4.1934e+04 4.0098e+04
3.0900e+03 6.7554e-12 5.3340e-01 1.6950e+03 2.6654e+03 3.2996e+03 2.2248e+20 5.0977e+21 5.1226e+20 1.0038e-01 4.7304e-02 4.2050e+04 4.0218e+04
3.1000e+03 6.7370e-12 5.3361e-01 1.6945e+03 2.6644e+03 3.2982e+03 2.2424e+20 5.1494e+21 5.1730e+20 1.0007e-01 4.7135e-02 4.2166e+04 4.0338e+04
3.1100e+03 6.7186e-12 5.3382e-01 1.6939e+03 2.6633e+03 3.2967e+03 2.2600e+20 5.2014e+21 5.2238e+20 9.9755e-02 4.6967e-02 4.2282e+04 4.0458e+04
3.1200e+03 6.7003e-12 5.3404e-01 1.6934e+03 2.6623e+03 3.2953e+03 2.2777e+20 5.2538e+21 5.2749e+20 9.9444e-02 4.6799e-02 4.2398e+04 4.0579e+04
3.1300e+03 6.6822e-12 5.3425e-01 1.6929e+03 2.6612e+03 3.2939e+03 2.2956e+20 5.3066e+21 5.3264e+20 9.9135e-02 4.6633e-02 4.2513e+04 4.0699e+04
3.1400e+03 6.6641e-12 5.3446e-01 1.6923e+03 2.6602e+03 3.2925e+03 2.3135e+20 5.3598e+21 5.3782e+20 9.8828e-02 4.6468e-02 4.2629e+04 4.0819e+04
3.1500e+03 6.6461e-12 5.3467e-01 1.6918e+03 2.6592e+03 3.2910e+03 2.3315e+20 5.4134e+21 5.4304e+20 9.8522e-02 4.6304e-02 4.2745e+04 4.0939e+04
3.1600e+03 6.6282e-12 5.3488e-01 1.6912e+03 2.6581e+03 3.2896e+03 2.3496e+20 5.4673e+21 5.4830e+20 9.8219e-02 4.6141e-02 4.2861e+04 4.1059e+04
3.1700e+03 6.6104e-12 5.3509e-01 1.6907e+03 2.6571e+03 3.2882e+03 2.3679e+20 5.5217e+21 5.5360e+20 9.7917e-02 4.5979e-02 4.2977e+04 4.1179e+04
3.1800e+03 6.5927e-12 5.3530e-01 1.6902e+03 2.6561e+03 3.2868e+03 2.3862e+20 5.5764e+21 5.5893e+20 9.7616e-02 4.5819e-02 4.3093e+04 4.1299e+04
3.1900e+03 6.5751e-12 5.3551e-01 1.6897e+03 2.6550e+03 3.2854e+03 2.4046e+20 5.6315e+21 5.6430e+20 9.7318e-02 4.5659e-02 4.3209e+04 4.1420e+04
3.2000e+03 6.5576e-12 5.3571e-01 1.6891e+03 2.6540e+03 3.2840e+03 2.4231e+20 5.6871e+21 5.6970e+20 9.7021e-02 4.5500e-02 4.3325e+04 4.1540e+04
3.2100e+03 6.5402e-12 5.3592e-01 1.6886e+03 2.6530e+03 3.2827e+03 2.4417e+20 5.7430e+21 5.7514e+20 9.6726e-02 4.5342e-02 4.3441e+04 4.1660e+04
3.2200e+03 6.5228e-12 5.3613e-01 1.6881e+03 2.6520e+03 3.2813e+03 2.4604e+20 5.7993e+21 5.8063e+20 9.6432e-02 4.5185e-02 4.3557e+04 4.1780e+04
3.2300e+03 6.5056e-12 5.3633e-01 1.6876e+03 2.6510e+03 3.2799e+03 2.4791e+20 5.8560e+21 5.8614e+20 9.6140e-02 4.5030e-02 4.3673e+04 4.1901e+04
3.2400e+03 6.4884e-12 5.3654e-01 1.6870e+03 2.6500e+03 3.2785e+03 2.4980e+20 5.9131e+21 5.9170e+20 9.5850e-02 4.4875e-02 4.3789e+04 4.2021e+04
3.2500e+03 6.4713e-12 5.3674e-01 1.6865e+03 2.6490e+03 3.2772e+03 2.5170e+20 5.9707e+21 5.9729e+20 9.5561e-02 4.4721e-02 4.3905e+04 4.2141e+04
3.2600e+03 6.4544e-12 5.3695e-01 1.6860e+03 2.6480e+03 3.2758e+03 2.5361e+20 6.0286e+21 6.0292e+20 9.5274e-02 4.4568e-02 4.4021e+04 4.2261e+04
3.2700e+03 6.4375e-12 5.3715e-01 1.6855e+03 2.6470e+03 3.2745e+03 2.5553e+20 6.0869e+21 6.0859e+20 9.4988e-02 4.4416e-02 4.4137e+04 4.2382e+04
3.2800e+03 6.4206e-12 5.3735e-01 1.6850e+03 2.6460e+03 3.2731e+03 2.5745e+20 6.1457e+21 6.1430e+20 9.4704e-02 4.4265e-02 4.4253e+04 4.2502e+04
3.2900e+03 6.4039e-12 5.3756e-01 1.6845e+03 2.6450e+03 3.2718e+03 2.5939e+20 6.2048e+21 6.2005e+20 9.4422e-02 4.4115e-02 4.4369e+04 4.2622e+04
3.3000e+03 6.3873e-12 5.3776e-01 1.6840e+03 2.6440e+03 3.2704e+03 2.6134e+20 6.2644e+21 6.2584e+20 9.4141e-02 4.3966e-02 4.4485e+04 4.2743e+04
3.3100e+03 6.3707e-12 5.3796e-01 1.6835e+03 2.6430e+03 3.2691e+03 2.6330e+20 6.3244e+21 6.3166e+20 9.3862e-02 4.3818e-02 4.4601e+04 4.2863e+04
3.3200e+03 6.3542e-12 5.3816e-01 1.6830e+03 2.6420e+03 3.2678e+03 2.6526e+20 6.3848e+21 6.3752e+20 9.3584e-02 4.3671e-02 4.4717e+04 4.2984e+04
3.3300e+03 6.3379e-12 5.3836e-01 1.6824e+03 2.6411e+03 3.2664e+03 2.6724e+20 6.4456e+21 6.4343e+20 9.3308e-02 4.3524e-02 4.4834e+04 4.3104e+04
3.3400e+03 6.3216e-12 5.3856e-01 1.6819e+03 2.6401e+03 3.2651e+03 2.6923e+20 6.5068e+21 6.4937e+20 9.3033e-02 4.3379e-02 4.4950e+04 4.3224e+04
3.3500e+03 6.3053e-12 5.3876e-01 1.6814e+03 2.6391e+03 3.2638e+03 2.7122e+20 6.5685e+21 6.5535e+20 9.2760e-02 4.3234e-02 4.5066e+04 4.3345e+04
3.3600e+03 6.2892e-12 5.3896e-01 1.6810e+03 2.6382e+03 3.2625e+03 2.7323e+20 6.6305e+21 6.6138e+20 9.2489e-02 4.3090e-02 4.5182e+04 4.3465e+04
3.3700e+03 6.2731e-12 5.3916e-01 1.6805e+03 2.6372e+03 3.2612e+03 2.7525e+20 6.6931e+21 6.6744e+20 9.2218e-02 4.2947e-02 4.5299e+04 4.3586e+04
3.3800e+03 6.2571e-12 5.3936e-01 1.6800e+03 2.6362e+03 3.2598e+03 2.7727e+20 6.7560e+21 6.7354e+20 9.1950e-02 4.2805e-02 4.5415e+04 4.3706e+04
3.3900e+03 6.2412e-12 5.3956e-01 1.6795e+03 2.6353e+03 3.2585e+03 2.7931e+20 6.8193e+21 6.7968e+20 9.1682e-02 4.2664e-02 4.5531e+04 4.3827e+04
3.4000e+03 6.2254e-12 5.3976e-01 1.6790e+03 2.6343e+03 3.2572e+03 2.8135e+20 6.8831e+21 6.8587e+20 9.1416e-02 4.2524e-02 4.5647e+04 4.3947e+04
3.4100e+03 6.2097e-12 5.3995e-01 1.6785e+03 2.6334e+03 3.2560e+03 2.8341e+20 6.9473e+21 6.9209e+20 9.1152e-02 4.2385e-02 4.5764e+04 4.4068e+04
3.4200e+03 6.1940e-12 5.4015e-01 1.6780e+03 2.6324e+03 3.2547e+03 2.8548e+20 7.0120e+21 6.9835e+20 9.0889e-02 4.2246e-02 4.5880e+04 4.4188e+04
3.4300e+03 6.1784e-12 5.4035e-01 1.6775e+03 2.6315e+03 3.2534e+03 2.8755e+20 7.0771e+21 7.0466e+20 9.0627e-02 4.2108e-02 4.5997e+04 4.4309e+04
3.4400e+03 6.1629e-12 5.4054e-01 1.6770e+03 2.6305e+03 3.2521e+03 2.8964e+20 7.1426e+21 7.1100e+20 9.0367e-02 4.1971e-02 4.6113e+04 4.4430e+04
3.4500e+03 6.1475e-12 5.4074e-01 1.6765e+03 2.6296e+03 3.2508e+03 2.9174e+20 7.2086e+21 7.1739e+20 9.0108e-02 4.1835e-02 4.6229e+04 4.4550e+04
3.4600e+03 6.1322e-12 5.4093e-01 1.6761e+03 2.6286e+03 3.2495e+03 2.9385e+20 7.2750e+21 7.2382e+20 8.9851e-02 4.1700e-02 4.6346e+04 4.4671e+04
3.4700e+03 6.1169e-12 5.4113e-01 1.6756e+03 2.6277e+03 3.2483e+03 2.9596e+20 7.3418e+21 7.3029e+20 8.9595e-02 4.1565e-02 4.6462e+04 4.4791e+04
3.4800e+03 6.1017e-12 5.4132e-01 1.6751e+03 2.6268e+03 3.2470e+03 2.9809e+20 7.4091e+21 7.3680e+20 8.9340e-02 4.1431e-02 4.6578e+04 4.4912e+04
3.4900e+03 6.0866e-12 5.4152e-01 1.6746e+03 2.6258e+03 3.2458e+03 3.0023e+20 7.4768e+21 7.4336e+20 8.9086e-02 4.1298e-02 4.6695e+04 4.5033e+04
3.5000e+03 6.0715e-12 5.4171e-01 1.6742e+03 2.6249e+03 3.2445e+03 3.0238e+20 7.5450e+21 7.4996e+20 8.8834e-02 4.1166e-02 4.6811e+04 4.5153e+04
3.5100e+03 6.0565e-12 5.4190e-01 1.6737e+03 2.6240e+03 3.2432e+03 3.0454e+20 7.6136e+21 7.5659e+20 8.8584e-02 4.1035e-02 4.6928e+04 4.5274e+04
3.5200e+03 6.0416e-12 5.4210e-01 1.6732e+03 2.6231e+03 3.2420e+03 3.0671e+20 7.6827e+21 7.6328e+20 8.8334e-02 4.0904e-02 4.7044e+04 4.5395e+04
3.5300e+03 6.0268e-12 5.4229e-01 1.6727e+03 2.6221e+03 3.2408e+03 3.0888e+20 7.7523e+21 7.7000e+20 8.8086e-02 4.0774e-02 4.7161e+04 4.5515e+04
3.5400e+03 6.0120e-12 5.4248e-01 1.6723e+03 2.6212e+03 3.2395e+03 3.1107e+20 7.8222e+21 7.7677e+20 8.7839e-02 4.0645e-02 4.7277e+04 4.5636e+04
3.5500e+03 5.9974e-12 5.4267e-01 1.6718e+03 2.6203e+03 3.2383e+03 3.1327e+20 7.8927e+21 7.8358e+20 8.7594e-02 4.0517e-02 4.7394e+04 4.5757e+04
3.5600e+03 5.9827e-12 5.4287e-01 1.6713e+03 2.6194e+03 3.2370e+03 3.1549e+20 7.9636e+21 7.9043e+20 8.7349e-02 4.0389e-02 4.7510e+04 4.5877e+04
3.5700e+03 5.9682e-12 5.4306e-01 1.6709e+03 2.6185e+03 3.2358e+03 3.1771e+20 8.0349e+21 7.9733e+20 8.7106e-02 4.0262e-02 4.7627e+04 4.5998e+04
3.5800e+03 5.9537e-12 5.4325e-01 1.6704e+03 2.6176e+03 3.2346e+03 3.1994e+20 8.1068e+21 8.0427e+20 8.6865e-02 4.0136e-02 4.7744e+04 4.6119e+04
3.5900e+03 5.9393e-12 5.4344e-01 1.6699e+03 2.6167e+03 3.2334e+03 3.2218e+20 8.1791e+21 8.1125e+20 8.6624e-02 4.0010e-02 4.7860e+04 4.6240e+04
3.6000e+03 5.9250e-12 5.4363e-01 1.6695e+03 2.6158e+03 3.2322e+03 3.2443e+20 8.2518e+21 8.1828e+20 8.6385e-02 3.9886e-02 4.7977e+04 4.6360e+04
3.6100e+03 5.9107e-12 5.4382e-01 1.6690e+03 2.6149e+03 3.2309e+03 3.2669e+20 8.3250e+21 8.2535e+20 8.6147e-02 3.9762e-02 4.8093e+04 4.6481e+04
3.6200e+03 5.8965e-12 5.4401e-01 1.6686e+03 2.6140e+03 3.2297e+03 3.2897e+20 8.3987e+21 8.3246e+20 8.5910e-02 3.9638e-02 4.8210e+04 4.6602e+04
3.6300e+03 5.8824e-12 5.4420e-01 1.6681e+03 2.6131e+03 3.2285e+03 3.3125e+20 8.4729e+21 8.3962e+20 8.5675e-02 3.9515e-02 4.8327e+04 4.6723e+04
3.6400e+03 5.8684e-12 5.4439e-01 1.6677e+03 2.6122e+03 3.2273e+03 3.3355e+20 8.5475e+21 8.4683e+20 8.5440e-02 3.9394e-02 4.8443e+04 4.6844e+04
3.6500e+03 5.8544e-12 5.4458e-01 1.6672e+03 2.6113e+03 3.2261e+03 3.3585e+20 8.6226e+21 8.5408e+20 8.5207e-02 3.9272e-02 4.8560e+04 4.6965e+04
3.6600e+03 5.8405e-12 5.4476e-01 1.6668e+03 2.6104e+03 3.2249e+03 3.3817e+20 8.6982e+21 8.6137e+20 8.4975e-02 3.9152e-02 4.8676e+04 4.7085e+04
3.6700e+03 5.8266e-12 5.4495e-01 1.6663e+03 2.6096e+03 3.2237e+03 3.4049e+20 8.7742e+21 8.6871e+20 8.4744e-02 3.9032e-02 4.8793e+04 4.7206e+04
3.6800e+03 5.8128e-12 5.4514e-01 1.6659e+03 2.6087e+03 3.2226e+03 3.4283e+20 8.8508e+21 8.7609e+20 8.4515e-02 3.8912e-02 4.8910e+04 4.7327e+04
3.6900e+03 5.7991e-12 5.4533e-01 1.6654e+03 2.6078e+03 3.2214e+03 3.4518e+20 8.9278e+21 8.8352e+20 8.4286e-02 3.8794e-02 4.9027e+04 4.7448e+04
3.7000e+03 5.7855e-12 5.4551e-01 1.6650e+03 2.6069e+03 3.2202e+03 3.4754e+20 9.0053e+21 8.9100e+20 8.4059e-02 3.8676e-02 4.9143e+04 4.7569e+04
3.7100e+03 5.7719e-12 5.4570e-01 1.6645e+03 2.6061e+03 3.2190e+03 3.4991e+20 9.0833e+21 8.9852e+20 8.3833e-02 3.8559e-02 4.9260e+04 4.7690e+04
3.7200e+03 5.7583e-12 5.4589e-01 1.6641e+03 2.6052e+03 3.2178e+03 3.5229e+20 9.1618e+21 9.0608e+20 8.3608e-02 3.8442e-02 4.9377e+04 4.7811e+04
3.7300e+03 5.7449e-12 5.4607e-01 1.6637e+03 2.6043e+03 3.2167e+03 3.5468e+20 9.2407e+21 9.1370e+20 8.3384e-02 3.8326e-02 4.9493e+04 4.7932e+04
3.7400e+03 5.7315e-12 5.4626e-01 1.6632e+03 2.6035e+03 3.2155e+03 3.5708e+20 9.3202e+21 9.2136e+20 8.3161e-02 3.8211e-02 4.9610e+04 4.8053e+04
3.7500e+03 5.7182e-12 5.4645e-01 1.6628e+03 2.6026e+03 3.2143e+03 3.5949e+20 9.4001e+21 9.2906e+20 8.2939e-02 3.8096e-02 4.9727e+04 4.8174e+04
3.7600e+03 5.7049e-12 5.4663e-01 1.6623e+03 2.6017e+03 3.2132e+03 3.6192e+20 9.4806e+21 9.3681e+20 8.2719e-02 3.7982e-02 4.9844e+04 4.8295e+04
3.7700e+03 5.6917e-12 5.4682e-01 1.6619e+03 2.6009e+03 3.2120e+03 3.6435e+20 9.5615e+21 9.4461e+20 8.2499e-02 3.7868e-02 4.9960e+04 4.8415e+04
3.7800e+03 5.6785e-12 5.4700e-01 1.6615e+03 2.6000e+03 3.2109e+03 3.6680e+20 9.6429e+21 9.5246e+20 8.2281e-02 3.7755e-02 5.0077e+04 4.8536e+04
3.7900e+03 5.6655e-12 5.4719e-01 1.6610e+03 2.5992e+03 3.2097e+03 3.6925e+20 9.7249e+21 9.6035e+20 8.2064e-02 3.7643e-02 5.0194e+04 4.8657e+04
3.8000e+03 5.6524e-12 5.4737e-01 1.6606e+03 2.5983e+03 3.2086e+03 3.7172e+20 9.8073e+21 9.6829e+20 8.1848e-02 3.7531e-02 5.0311e+04 4.8778e+04
3.8100e+03 5.6395e-12 5.4756e-01 1.6602e+03 2.5975e+03 3.2074e+03 3.7420e+20 9.8902e+21 9.7628e+20 8.1633e-02 3.7420e-02 5.0428e+04 4.8899e+04
3.8200e+03 5.6266e-12 5.4774e-01 1.6598e+03 2.5967e+03 3.2063e+03 3.7669e+20 9.9737e+21 9.8432e+20 8.1418e-02 3.7310e-02 5.0545e+04 4.9021e+04
3.8300e+03 5.6137e-12 5.4792e-01 1.6593e+03 2.5958e+03 3.2052e+03 3.7919e+20 1.0058e+22 9.9240e+20 8.1205e-02 3.7200e-02 5.0661e+04 4.9142e+04
3.8400e+03 5.6010e-12 5.4811e-01 1.6589e+03 2.5950e+03 3.2040e+03 3.8170e+20 1.0142e+22 1.0005e+21 8.0993e-02 3.7091e-02 5.0778e+04 4.9263e+04
3.8500e+03 5.5882e-12 5.4829e-01 1.6585e+03 2.5941e+03 3.2029e+03 3.8422e+20 1.0227e+22 1.0087e+21 8.0783e-02 3.6982e-02 5.0895e+04 4.9384e+04
3.8600e+03 5.5756e-12 5.4847e-01 1.6581e+03 2.5933e+03 3.2018e+03 3.8676e+20 1.0313e+22 1.0169e+21 8.0573e-02 3.6874e-02 5.1012e+04 4.9505e+04
3.8700e+03 5.5630e-12 5.4866e-01 1.6576e+03 2.5925e+03 3.2007e+03 3.8930e+20 1.0398e+22 1.0252e+21 8.0364e-02 3.6767e-02 5.1129e+04 4.9626e+04
3.8800e+03 5.5504e-12 5.4884e-01 1.6572e+03 2.5916e+03 3.1995e+03 3.9186e+20 1.0485e+22 1.0335e+21 8.0156e-02 3.6660e-02 5.1246e+04 4.9747e+04
3.8900e+03 5.5380e-12 5.4902e-01 1.6568e+03 2.5908e+03 3.1984e+03 3.9442e+20 1.0572e+22 1.0419e+21 7.9949e-02 3.6553e-02 5.1363e+04 4.9868e+04
3.9000e+03 5.5255e-12 5.4920e-01 1.6564e+03 2.5900e+03 3.1973e+03 3.9700e+20 1.0660e+22 1.0503e+21 7.9743e-02 3.6447e-02 5.1479e+04 4.9989e+04
3.9100e+03 5.5132e-12 5.4939e-01 1.6560e+03 2.5892e+03 3.1962e+03 3.9959e+20 1.0748e+22 1.0588e+21 7.9538e-02 3.6342e-02 5.1596e+04 5.0110e+04
3.9200e+03 5.5008e-12 5.4957e-01 1.6555e+03 2.5884e+03 3.1951e+03 4.0219e+20 1.0836e+22 1.0673e+21 7.9334e-02 3.6237e-02 5.1713e+04 5.0231e+04
3.9300e+03 5.4886e-12 5.4975e-01 1.6551e+03 2.5875e+03 3.1940e+03 4.0480e+20 1.0925e+22 1.0759e+21 7.9132e-02 3.6133e-02 5.1830e+04 5.0353e+04
3.9400e+03 5.4764e-12 5.4993e-01 1.6547e+03 2.5867e+03 3.1929e+03 4.0742e+20 1.1015e+22 1.0845e+21 7.8930e-02 3.6030e-02 5.1947e+04 5.0474e+04
3.9500e+03 5.4643e-12 5.5011e-01 1.6543e+03 2.5859e+03 3.1918e+03 4.1006e+20 1.1105e+22 1.0932e+21 7.8729e-02 3.5927e-02 5.2064e+04 5.0595e+04
3.9600e+03 5.4522e-12 5.5029e-01 1.6539e+03 2.5851e+03 3.1907e+03 4.1270e+20 1.1196e+22 1.1019e+21 7.8529e-02 3.5824e-02 5.2181e+04 5.0716e+04
3.9700e+03 5.4401e-12 5.5047e-01 1.6535e+03 2.5843e+03 3.1896e+03 4.1536e+20 1.1287e+22 1.1107e+21 7.8330e-02 3.5722e-02 5.2298e+04 5.0837e+04
3.9800e+03 5.4282e-12 5.5065e-01 1.6531e+03 2.5835e+03 3.1885e+03 4.1803e+20 1.1379e+22 1.1195e+21 7.8132e-02 3.5621e-02 5.2415e+04 5.0958e+04
3.9900e+03 5.4162e-12 5.5083e-01 1.6527e+03 2.5827e+03 3.1875e+03 4.2071e+20 1.1471e+22 1.1284e+21 7.7935e-02 3.5520e-02 5.2532e+04 5.1080e+04
4.0000e+03 5.4044e-12 5.5101e-01 1.6523e+03 2.5819e+03 3.1864e+03 4.2340e+20 1.1564e+22 1.1373e+21 7.7738e-02 3.5419e-02 5.2649e+04 5.1201e+04
4.0100e+03 5.3926e-12 5.5119e-01 1.6519e+03 2.5811e+03 3.1853e+03 4.2610e+20 1.1657e+22 1.1463e+21 7.7543e-02 3.5319e-02 5.2766e+04 5.1322e+04
4.0200e+03 5.3808e-12 5.5137e-01 1.6515e+03 2.5803e+03 3.1842e+03 4.2881e+20 1.1751e+22 1.1553e+21 7.7349e-02 3.5220e-02 5.2883e+04 5.1443e+04
4.0300e+03 5.3691e-12 5.5155e-01 1.6511e+03 2.5795e+03 3.1832e+03 4.3154e+20 1.1846e+22 1.1644e+21 7.7156e-02 3.5121e-02 5.3000e+04 5.1564e+04
4.0400e+03 5.3574e-12 5.5173e-01 1.6507e+03 2.5787e+03 3.1821e+03 4.3428e+20 1.1941e+22 1.1735e+21 7.6963e-02 3.5022e-02 5.3117e+04 5.1686e+04
4.0500e+03 5.3458e-12 5.5191e-01 1.6503e+03 2.5779e+03 3.1810e+03 4.3702e+20 1.2036e+22 1.1827e+21 7.6771e-02 3.4925e-02 5.3234e+04 5.1807e+04
4.0600e+03 5.3343e-12 5.5209e-01 1.6499e+03 2.5771e+03 3.1800e+03 4.3978e+20 1.2132e+22 1.1920e+21 7.6581e-02 3.4827e-02 5.3351e+04 5.1928e+04
4.0700e+03 5.3228e-12 5.5227e-01 1.6495e+03 2.5763e+03 3.1789e+03 4.4255e+20 1.2229e+22 1.2012e+21 7.6391e-02 3.4730e-02 5.3468e+04 5.2049e+04
4.0800e+03 5.3113e-12 5.5245e-01 1.6491e+03 2.5755e+03 3.1778e+03 4.4534e+20 1.2326e+22 1.2106e+21 7.6202e-02 3.4634e-02 5.3585e+04 5.2171e+04
4.0900e+03 5.3000e-12 5.5262e-01 1.6487e+03 2.5748e+03 3.1768e+03 4.4813e+20 1.2424e+22 1.2200e+21 7.6014e-02 3.4538e-02 5.3702e+04 5.2292e+04
4.1000e+03 5.2886e-12 5.5280e-01 1.6483e+03 2.5740e+03 3.1757e+03 4.5094e+20 1.2522e+22 1.2294e+21 7.5827e-02 3.4442e-02 5.3819e+04 5.2413e+04
4.1100e+03 5.2773e-12 5.5298e-01 1.6479e+03 2.5732e+03 3.1747e+03 4.5375e+20 1.2621e+22 1.2389e+21 7.5641e-02 3.4348e-02 5.3936e+04 5.2535e+04
4.1200e+03 5.2661e-12 5.5316e-01 1.6475e+03 2.5724e+03 3.1736e+03 4.5658e+20 1.2721e+22 1.2485e+21 7.5455e-02 3.4253e-02 5.4053e+04 5.2656e+04
4.1300e+03 5.2549e-12 5.5334e-01 1.6471e+03 2.5717e+03 3.1726e+03 4.5942e+20 1.2821e+22 1.2581e+21 7.5271e-02 3.4159e-02 5.4170e+04 5.2777e+04
4.1400e+03 5.2437e-12 5.5351e-01 1.6467e+03 2.5709e+03 3.1716e+03 4.6228e+20 1.2921e+22 1.2677e+21 7.5087e-02 3.4065e-02 5.4287e+04 5.2899e+04
4.1500e+03 5.2326e-12 5.5369e-01 1.6464e+03 2.5701e+03 3.1705e+03 4.6514e+20 1.3022e+22 1.2775e+21 7.4904e-02 3.3972e-02 5.4404e+04 5.3020e+04
4.1600e+03 5.2216e-12 5.5387e-01 1.6460e+03 2.5694e+03 3.1695e+03 4.6802e+20 1.3124e+22 1.2872e+21 7.4722e-02 3.3880e-02 5.4521e+04 5.3141e+04
4.1700e+03 5.2106e-12 5.5405e-01 1.6456e+03 2.5686e+03 3.1685e+03 4.7090e+20 1.3226e+22 1.2970e+21 7.4541e-02 3.3788e-02 5.4638e+04 5.3263e+04
4.1800e+03 5.1997e-12 5.5422e-01 1.6452e+03 2.5678e+03 3.1674e+03 4.7380e+20 1.3329e+22 1.3069e+21 7.4361e-02 3.3696e-02 5.4755e+04 5.3384e+04
4.1900e+03 5.1888e-12 5.5440e-01 1.6448e+03 2.5671e+03 3.1664e+03 4.7671e+20 1.3432e+22 1.3168e+21 7.4181e-02 3.3605e-02 5.4872e+04 5.3505e+04
4.2000e+03 5.1779e-12 5.5458e-01 1.6444e+03 2.5663e+03 3.1654e+03 4.7964e+20 1.3536e+22 1.3268e+21 7.4003e-02 3.3514e-02 5.4989e+04 5.3627e+04
4.2100e+03 5.1671e-12 5.5475e-01 1.6441e+03 2.5656e+03 3.1644e+03 4.8257e+20 1.3641e+22 1.3369e+21 7.3825e-02 3.3424e-02 5.5106e+04 5.3748e+04
4.2200e+03 5.1564e-12 5.5493e-01 1.6437e+03 2.5648e+03 3.1634e+03 4.8552e+20 1.3746e+22 1.3470e+21 7.3648e-02 3.3334e-02 5.5223e+04 5.3869e+04
4.2300e+03 5.1457e-12 5.5510e-01 1.6433e+03 2.5640e+03 3.1623e+03 4.8848e+20 1.3852e+22 1.3571e+21 7.3472e-02 3.3244e-02 5.5340e+04 5.3991e+04
4.2400e+03 5.1350e-12 5.5528e-01 1.6429e+03 2.5633e+03 3.1613e+03 4.9145e+20 1.3958e+22 1.3673e+21 7.3296e-02 3.3155e-02 5.5457e+04 5.4112e+04
4.2500e+03 5.1244e-12 5.5545e-01 1.6426e+03 2.5625e+03 3.1603e+03 4.9443e+20 1.4065e+22 1.3776e+21 7.3122e-02 3.3066e-02 5.5574e+04 5.4234e+04
4.2600e+03 5.1138e-12 5.5563e-01 1.6422e+03 2.5618e+03 3.1593e+03 4.9742e+20 1.4172e+22 1.3879e+21 7.2948e-02 3.2978e-02 5.5691e+04 5.4355e+04
4.2700e+03 5.1033e-12 5.5581e-01 1.6418e+03 2.5611e+03 3.1583e+03 5.0043e+20 1.4280e+22 1.3983e+21 7.2775e-02 3.2891e-02 5.5808e+04 5.4477e+04
4.2800e+03 5.0928e-12 5.5598e-01 1.6414e+03 2.5603e+03 3.1573e+03 5.0344e+20 1.4389e+22 1.4087e+21 7.2602e-02 3.2803e-02 5.5925e+04 5.4598e+04
4.2900e+03 5.0824e-12 5.5616e-01 1.6411e+03 2.5596e+03 3.1563e+03 5.0647e+20 1.4498e+22 1.4192e+21 7.2431e-02 3.2716e-02 5.6043e+04 5.4719e+04
4.3000e+03 5.0720e-12 5.5633e-01 1.6407e+03 2.5588e+03 3.1553e+03 5.0952e+20 1.4608e+22 1.4297e+21 7.2260e-02 3.2630e-02 5.6160e+04 5.4841e+04
4.3100e+03 5.0617e-12 5.5651e-01 1.6403e+03 2.5581e+03 3.1543e+03 5.1257e+20 1.4718e+22 1.4403e+21 7.2090e-02 3.2544e-02 5.6277e+04 5.4962e+04
4.3200e+03 5.0514e-12 5.5668e-01 1.6400e+03 2.5574e+03 3.1533e+03 5.1564e+20 1.4829e+22 1.4510e+21 7.1921e-02 3.2458e-02 5.6394e+04 5.5084e+04
4.3300e+03 5.0411e-12 5.5685e-01 1.6396e+03 2.5566e+03 3.1523e+03 5.1871e+20 1.4941e+22 1.4617e+21 7.1753e-02 3.2373e-02 5.6511e+04 5.5205e+04
4.3400e+03 5.0309e-12 5.5703e-01 1.6392e+03 2.5559e+03 3.1514e+03 5.2180e+20 1.5053e+22 1.4725e+21 7.1585e-02 3.2288e-02 5.6628e+04 5.5327e+04
4.3500e+03 5.0207e-12 5.5720e-01 1.6389e+03 2.5552e+03 3.1504e+03 5.2491e+20 1.5166e+22 1.4833e+21 7.1418e-02 3.2204e-02 5.6745e+04 5.5448e+04
4.3600e+03 5.0106e-12 5.5738e-01 1.6385e+03 2.5544e+03 3.1494e+03 5.2802e+20 1.5279e+22 1.4942e+21 7.1252e-02 3.2120e-02 5.6862e+04 5.5570e+04
4.3700e+03 5.0005e-12 5.5755e-01 1.6381e+03 2.5537e+03 3.1484e+03 5.3115e+20 1.5393e+22 1.5051e+21 7.1086e-02 3.2036e-02 5.6979e+04 5.5691e+04
4.3800e+03 4.9905e-12 5.5772e-01 1.6378e+03 2.5530e+03 3.1474e+03 5.3428e+20 1.5508e+22 1.5161e+21 7.0922e-02 3.1953e-02 5.7096e+04 5.5813e+04
4.3900e+03 4.9805e-12 5.5790e-01 1.6374e+03 2.5523e+03 3.1465e+03 5.3743e+20 1.5623e+22 1.5272e+21 7.0757e-02 3.1870e-02 5.7213e+04 5.5934e+04
4.4000e+03 4.9706e-12 5.5807e-01 1.6371e+03 2.5516e+03 3.1455e+03 5.4060e+20 1.5739e+22 1.5383e+21 7.0594e-02 3.1787e-02 5.7330e+04 5.6056e+04
4.4100e+03 4.9607e-12 5.5824e-01 1.6367e+03 2.5508e+03 3.1445e+03 5.4377e+20 1.5856e+22 1.5495e+21 7.0432e-02 3.1705e-02 5.7448e+04 5.6177e+04
4.4200e+03 4.9508e-12 5.5842e-01 1.6364e+03 2.5501e+03 3.1436e+03 5.4696e+20 1.5973e+22 1.5607e+21 7.0270e-02 3.1624e-02 5.7565e+04 5.6299e+04
4.4300e+03 4.9410e-12 5.5859e-01 1.6360e+03 2.5494e+03 3.1426e+03 5.5016e+20 1.6090e+22 1.5720e+21 7.0109e-02 3.1542e-02 5.7682e+04 5.6420e+04
4.4400e+03 4.9312e-12 5.5876e-01 1.6356e+03 2.5487e+03 3.1417e+03 5.5337e+20 1.6209e+22 1.5834e+21 6.9948e-02 3.1461e-02 5.7799e+04 5.6542e+04
4.4500e+03 4.9215e-12 5.5894e-01 1.6353e+03 2.5480e+03 3.1407e+03 5.5659e+20 1.6328e+22 1.5948e+21 6.9789e-02 3.1381e-02 5.7916e+04 5.6663e+04
4.4600e+03 4.9118e-12 5.5911e-01 1.6349e+03 2.5473e+03 3.1397e+03 5.5983e+20 1.6447e+22 1.6063e+21 6.9629e-02 3.1301e-02 5.8033e+04 5.6785e+04
4.4700e+03 4.9021e-12 5.5928e-01 1.6346e+03 2.5466e+03 3.1388e+03 5.6308e+20 1.6567e+22 1.6178e+21 6.9471e-02 3.1221e-02 5.8150e+04 5.6906e+04
4.4800e+03 4.8925e-12 5.5945e-01 1.6342e+03 2.5459e+03 3.1378e+03 5.6634e+20 1.6688e+22 1.6294e+21 6.9313e-02 3.1142e-02 5.8267e+04 5.7028e+04
4.4900e+03 4.8829e-12 5.5963e-01 1.6339e+03 2.5452e+03 3.1369e+03 5.6961e+20 1.6810e+22 1.6410e+21 6.9157e-02 3.1062e-02 5.8384e+04 5.7149e+04
4.5000e+03 4.8734e-12 5.5980e-01 1.6335e+03 2.5445e+03 3.1359e+03 5.7290e+20 1.6932e+22 1.6528e+21 6.9000e-02 3.0984e-02 5.8501e+04 5.7271e+04
4.5100e+03 4.8639e-12 5.5997e-01 1.6332e+03 2.5438e+03 3.1350e+03 5.7620e+20 1.7054e+22 1.6645e+21 6.8845e-02 3.0905e-02 5.8618e+04 5.7393e+04
4.5200e+03 4.8544e-12 5.6014e-01 1.6328e+03 2.5431e+03 3.1341e+03 5.7951e+20 1.7178e+22 1.6764e+21 6.8690e-02 3.0827e-02 5.8736e+04 5.7514e+04
4.5300e+03 4.8450e-12 5.6031e-01 1.6325e+03 2.5424e+03 3.1331e+03 5.8283e+20 1.7302e+22 1.6883e+21 6.8535e-02 3.0750e-02 5.8853e+04 5.7636e+04
4.5400e+03 4.8356e-12 5.6048e-01 1.6322e+03 2.5417e+03 3.1322e+03 5.8617e+20 1.7426e+22 1.7002e+21 6.8382e-02 3.0673e-02 5.8970e+04 5.7757e+04
4.5500e+03 0.0000e+00 0.0000e+00 1.6318e+03 0.0000e+00 3.1313e+03 0.0000e+00 0.0000e+00 0.0000e+00 0.0000e+00 0.0000e+00 0.0000e+00 0.0000e+00
