0.0000e+00 2.3990e-11 5.1992e+00 1.9000e+03 3.0230e+03 4.0000e+03 2.2853e+19 1.2918e+20 1.0059e+19 3.6573e-02 2.4032e-01 1.3223e+05 1.2196e+04
1.0000e+01 2.3855e-11 4.9269e+00 1.9102e+03 2.9726e+03 3.9927e+03 3.6289e+19 1.5384e+20 1.0406e+19 3.8376e-02 2.4772e-01 1.2682e+05 1.2354e+04
2.0000e+01 2.3720e-11 4.6696e+00 1.9205e+03 2.9945e+03 3.9852e+03 3.1455e+19 1.4722e+20 1.0778e+19 4.0261e-02 2.3946e-01 1.2164e+05 1.2411e+04
3.0000e+01 2.3586e-11 4.4333e+00 1.9305e+03 3.0159e+03 3.9779e+03 2.7427e+19 1.4104e+20 1.1151e+19 4.2168e-02 2.3146e-01 1.1685e+05 1.2468e+04
4.0000e+01 2.3454e-11 4.2159e+00 1.9402e+03 3.0366e+03 3.9708e+03 2.4076e+19 1.3533e+20 1.1525e+19 4.4094e-02 2.2375e-01 1.1241e+05 1.2526e+04
5.0000e+01 2.3322e-11 4.0155e+00 1.9497e+03 3.0566e+03 3.9640e+03 2.1267e+19 1.3003e+20 1.1900e+19 4.6035e-02 2.1632e-01 1.0829e+05 1.2584e+04
6.0000e+01 2.3191e-11 3.8304e+00 1.9589e+03 3.0760e+03 3.9574e+03 1.8896e+19 1.2512e+20 1.2276e+19 4.7988e-02 2.0915e-01 1.0446e+05 1.2643e+04
7.0000e+01 2.3062e-11 3.6592e+00 1.9678e+03 3.0948e+03 3.9511e+03 1.6881e+19 1.2055e+20 1.2651e+19 4.9952e-02 2.0223e-01 1.0089e+05 1.2702e+04
8.0000e+01 2.2933e-11 3.5006e+00 1.9765e+03 3.1130e+03 3.9449e+03 1.5159e+19 1.1630e+20 1.3026e+19 5.1924e-02 1.9556e-01 9.7559e+04 1.2763e+04
9.0000e+01 2.2805e-11 3.3535e+00 1.9850e+03 3.1306e+03 3.9390e+03 1.3678e+19 1.1234e+20 1.3401e+19 5.3901e-02 1.8911e-01 9.4452e+04 1.2824e+04
1.0000e+02 2.2678e-11 3.2167e+00 1.9932e+03 3.1477e+03 3.9332e+03 1.2399e+19 1.0863e+20 1.3775e+19 5.5880e-02 1.8289e-01 9.1549e+04 1.2886e+04
1.1000e+02 2.2553e-11 3.0894e+00 2.0013e+03 3.1642e+03 3.9277e+03 1.1287e+19 1.0517e+20 1.4147e+19 5.7859e-02 1.7688e-01 8.8832e+04 1.2949e+04
1.2000e+02 2.2428e-11 2.9708e+00 2.0090e+03 3.1802e+03 3.9223e+03 1.0317e+19 1.0193e+20 1.4518e+19 5.9836e-02 1.7108e-01 8.6287e+04 1.3013e+04
1.3000e+02 2.2304e-11 2.8601e+00 2.0166e+03 3.1957e+03 3.9171e+03 9.4664e+18 9.8887e+19 1.4887e+19 6.1808e-02 1.6548e-01 8.3900e+04 1.3078e+04
1.4000e+02 2.2181e-11 2.7567e+00 2.0239e+03 3.2107e+03 3.9120e+03 8.7178e+18 9.6035e+19 1.5253e+19 6.3774e-02 1.6007e-01 8.1660e+04 1.3144e+04
1.5000e+02 2.2059e-11 2.6599e+00 2.0310e+03 3.2252e+03 3.9072e+03 8.0562e+18 9.3358e+19 1.5617e+19 6.5730e-02 1.5485e-01 7.9555e+04 1.3211e+04
1.6000e+02 2.1937e-11 2.5693e+00 2.0380e+03 3.2393e+03 3.9025e+03 7.4692e+18 9.0841e+19 1.5979e+19 6.7674e-02 1.4981e-01 7.7575e+04 1.3280e+04
1.7000e+02 2.1817e-11 2.4843e+00 2.0447e+03 3.2529e+03 3.8979e+03 6.9467e+18 8.8472e+19 1.6337e+19 6.9606e-02 1.4495e-01 7.5712e+04 1.3349e+04
1.8000e+02 2.1698e-11 2.4045e+00 2.0512e+03 3.2661e+03 3.8935e+03 6.4800e+18 8.6242e+19 1.6693e+19 7.1522e-02 1.4025e-01 7.3957e+04 1.3419e+04
1.9000e+02 2.1579e-11 2.3295e+00 2.0575e+03 3.2789e+03 3.8892e+03 6.0619e+18 8.4141e+19 1.7044e+19 7.3420e-02 1.3572e-01 7.2302e+04 1.3491e+04
2.0000e+02 2.1462e-11 2.2590e+00 2.0636e+03 3.2913e+03 3.8851e+03 5.6860e+18 8.2160e+19 1.7393e+19 7.5300e-02 1.3134e-01 7.0741e+04 1.3564e+04
2.1000e+02 2.1345e-11 2.1926e+00 2.0696e+03 3.3032e+03 3.8811e+03 5.3473e+18 8.0291e+19 1.7738e+19 7.7160e-02 1.2712e-01 6.9268e+04 1.3637e+04
2.2000e+02 2.1229e-11 2.1299e+00 2.0753e+03 3.3148e+03 3.8772e+03 5.0412e+18 7.8526e+19 1.8078e+19 7.8997e-02 1.2305e-01 6.7875e+04 1.3712e+04
2.3000e+02 2.1114e-11 2.0709e+00 2.0809e+03 3.3260e+03 3.8735e+03 4.7638e+18 7.6858e+19 1.8415e+19 8.0811e-02 1.1912e-01 6.6559e+04 1.3788e+04
2.4000e+02 2.1000e-11 2.0151e+00 2.0863e+03 3.3369e+03 3.8699e+03 4.5119e+18 7.5282e+19 1.8748e+19 8.2600e-02 1.1533e-01 6.5314e+04 1.3864e+04
2.5000e+02 2.0886e-11 1.9623e+00 2.0915e+03 3.3474e+03 3.8664e+03 4.2826e+18 7.3792e+19 1.9076e+19 8.4362e-02 1.1168e-01 6.4136e+04 1.3942e+04
2.6000e+02 2.0774e-11 1.9124e+00 2.0966e+03 3.3575e+03 3.8630e+03 4.0733e+18 7.2382e+19 1.9400e+19 8.6097e-02 1.0816e-01 6.3020e+04 1.4021e+04
2.7000e+02 2.0662e-11 1.8651e+00 2.1015e+03 3.3673e+03 3.8597e+03 3.8820e+18 7.1048e+19 1.9720e+19 8.7804e-02 1.0476e-01 6.1962e+04 1.4100e+04
2.8000e+02 2.0551e-11 1.8204e+00 2.1063e+03 3.3768e+03 3.8565e+03 3.7068e+18 6.9785e+19 2.0035e+19 8.9482e-02 1.0149e-01 6.0960e+04 1.4181e+04
2.9000e+02 2.0441e-11 1.7779e+00 2.1109e+03 3.3859e+03 3.8534e+03 3.5459e+18 6.8589e+19 2.0346e+19 9.1129e-02 9.8333e-02 6.0009e+04 1.4262e+04
3.0000e+02 2.0332e-11 1.7376e+00 2.1153e+03 3.3948e+03 3.8504e+03 3.3979e+18 6.7456e+19 2.0652e+19 9.2745e-02 9.5294e-02 5.9107e+04 1.4345e+04
3.1000e+02 2.0224e-11 1.6993e+00 2.1196e+03 3.4033e+03 3.8475e+03 3.2617e+18 6.6382e+19 2.0953e+19 9.4329e-02 9.2366e-02 5.8251e+04 1.4428e+04
3.2000e+02 2.0116e-11 1.6629e+00 2.1238e+03 3.4116e+03 3.8447e+03 3.1359e+18 6.5365e+19 2.1250e+19 9.5881e-02 8.9546e-02 5.7438e+04 1.4512e+04
3.3000e+02 2.0009e-11 1.6282e+00 2.1278e+03 3.4195e+03 3.8420e+03 3.0198e+18 6.4400e+19 2.1542e+19 9.7401e-02 8.6831e-02 5.6666e+04 1.4596e+04
3.4000e+02 1.9903e-11 1.5953e+00 2.1316e+03 3.4272e+03 3.8393e+03 2.9122e+18 6.3486e+19 2.1830e+19 9.8886e-02 8.4217e-02 5.5932e+04 1.4681e+04
3.5000e+02 1.9798e-11 1.5639e+00 2.1354e+03 3.4346e+03 3.8368e+03 2.8126e+18 6.2619e+19 2.2113e+19 1.0034e-01 8.1700e-02 5.5235e+04 1.4767e+04
3.6000e+02 1.9693e-11 1.5339e+00 2.1390e+03 3.4418e+03 3.8343e+03 2.7201e+18 6.1798e+19 2.2391e+19 1.0176e-01 7.9278e-02 5.4572e+04 1.4854e+04
3.7000e+02 1.9589e-11 1.5054e+00 2.1425e+03 3.4487e+03 3.8319e+03 2.6342e+18 6.1018e+19 2.2665e+19 1.0314e-01 7.6947e-02 5.3941e+04 1.4941e+04
3.8000e+02 1.9486e-11 1.4781e+00 2.1459e+03 3.4553e+03 3.8295e+03 2.5543e+18 6.0280e+19 2.2934e+19 1.0449e-01 7.4704e-02 5.3342e+04 1.5028e+04
3.9000e+02 1.9384e-11 1.4521e+00 2.1491e+03 3.4617e+03 3.8273e+03 2.4799e+18 5.9580e+19 2.3199e+19 1.0580e-01 7.2547e-02 5.2771e+04 1.5116e+04
4.0000e+02 1.9283e-11 1.4273e+00 2.1522e+03 3.4679e+03 3.8251e+03 2.4105e+18 5.8916e+19 2.3460e+19 1.0708e-01 7.0472e-02 5.2228e+04 1.5204e+04
4.1000e+02 1.9182e-11 1.4035e+00 2.1553e+03 3.4739e+03 3.8229e+03 2.3457e+18 5.8287e+19 2.3716e+19 1.0833e-01 6.8477e-02 5.1711e+04 1.5293e+04
4.2000e+02 1.9082e-11 1.3807e+00 2.1582e+03 3.4796e+03 3.8208e+03 2.2852e+18 5.7691e+19 2.3968e+19 1.0954e-01 6.6558e-02 5.1220e+04 1.5381e+04
4.3000e+02 1.8983e-11 1.3590e+00 2.1610e+03 3.4851e+03 3.8188e+03 2.2287e+18 5.7126e+19 2.4215e+19 1.1071e-01 6.4714e-02 5.0751e+04 1.5470e+04
4.4000e+02 1.8884e-11 1.3381e+00 2.1637e+03 3.4904e+03 3.8169e+03 2.1757e+18 5.6592e+19 2.4459e+19 1.1186e-01 6.2941e-02 5.0306e+04 1.5560e+04
4.5000e+02 1.8786e-11 1.3181e+00 2.1663e+03 3.4955e+03 3.8149e+03 2.1262e+18 5.6086e+19 2.4698e+19 1.1296e-01 6.1238e-02 4.9881e+04 1.5649e+04
4.6000e+02 1.8689e-11 1.2990e+00 2.1687e+03 3.5004e+03 3.8131e+03 2.0797e+18 5.5607e+19 2.4933e+19 1.1404e-01 5.9601e-02 4.9477e+04 1.5738e+04
4.7000e+02 1.8593e-11 1.2806e+00 2.1711e+03 3.5051e+03 3.8113e+03 2.0362e+18 5.5155e+19 2.5165e+19 1.1508e-01 5.8028e-02 4.9093e+04 1.5827e+04
4.8000e+02 1.8497e-11 1.2629e+00 2.1735e+03 3.5096e+03 3.8095e+03 1.9953e+18 5.4727e+19 2.5392e+19 1.1608e-01 5.6518e-02 4.8727e+04 1.5916e+04
4.9000e+02 1.8402e-11 1.2460e+00 2.1757e+03 3.5140e+03 3.8078e+03 1.9569e+18 5.4323e+19 2.5616e+19 1.1706e-01 5.5067e-02 4.8378e+04 1.6005e+04
5.0000e+02 1.8307e-11 1.2297e+00 2.1778e+03 3.5182e+03 3.8061e+03 1.9209e+18 5.3942e+19 2.5836e+19 1.1800e-01 5.3674e-02 4.8047e+04 1.6094e+04
5.1000e+02 1.8214e-11 1.2141e+00 2.1798e+03 3.5222e+03 3.8045e+03 1.8870e+18 5.3583e+19 2.6053e+19 1.1891e-01 5.2336e-02 4.7731e+04 1.6183e+04
5.2000e+02 1.8121e-11 1.1990e+00 2.1818e+03 3.5260e+03 3.8029e+03 1.8552e+18 5.3245e+19 2.6266e+19 1.1978e-01 5.1052e-02 4.7431e+04 1.6271e+04
5.3000e+02 1.8028e-11 1.1846e+00 2.1837e+03 3.5297e+03 3.8013e+03 1.8252e+18 5.2926e+19 2.6476e+19 1.2063e-01 4.9819e-02 4.7145e+04 1.6359e+04
5.4000e+02 1.7937e-11 1.1706e+00 2.1855e+03 3.5332e+03 3.7998e+03 1.7971e+18 5.2627e+19 2.6683e+19 1.2144e-01 4.8636e-02 4.6873e+04 1.6446e+04
5.5000e+02 1.7846e-11 1.1572e+00 2.1872e+03 3.5365e+03 3.7983e+03 1.7705e+18 5.2347e+19 2.6886e+19 1.2223e-01 4.7501e-02 4.6615e+04 1.6533e+04
5.6000e+02 1.7755e-11 1.1443e+00 2.1888e+03 3.5398e+03 3.7969e+03 1.7456e+18 5.2084e+19 2.7086e+19 1.2298e-01 4.6412e-02 4.6369e+04 1.6620e+04
5.7000e+02 1.7666e-11 1.1319e+00 2.1904e+03 3.5428e+03 3.7955e+03 1.7221e+18 5.1838e+19 2.7283e+19 1.2371e-01 4.5368e-02 4.6136e+04 1.6705e+04
5.8000e+02 1.7577e-11 1.1199e+00 2.1919e+03 3.5458e+03 3.7941e+03 1.7000e+18 5.1609e+19 2.7478e+19 1.2440e-01 4.4366e-02 4.5914e+04 1.6791e+04
5.9000e+02 1.7488e-11 1.1083e+00 2.1934e+03 3.5486e+03 3.7927e+03 1.6792e+18 5.1395e+19 2.7669e+19 1.2507e-01 4.3405e-02 4.5704e+04 1.6875e+04
6.0000e+02 1.7400e-11 1.0971e+00 2.1947e+03 3.5513e+03 3.7914e+03 1.6597e+18 5.1197e+19 2.7858e+19 1.2571e-01 4.2484e-02 4.5504e+04 1.6959e+04
6.1000e+02 1.7313e-11 1.0863e+00 2.1961e+03 3.5538e+03 3.7901e+03 1.6412e+18 5.1013e+19 2.8044e+19 1.2632e-01 4.1601e-02 4.5314e+04 1.7042e+04
6.2000e+02 1.7227e-11 1.0759e+00 2.1973e+03 3.5562e+03 3.7889e+03 1.6239e+18 5.0843e+19 2.8228e+19 1.2691e-01 4.0755e-02 4.5135e+04 1.7124e+04
6.3000e+02 1.7141e-11 1.0658e+00 2.1985e+03 3.5586e+03 3.7876e+03 1.6076e+18 5.0687e+19 2.8409e+19 1.2747e-01 3.9943e-02 4.4965e+04 1.7205e+04
6.4000e+02 1.7055e-11 1.0561e+00 2.1996e+03 3.5607e+03 3.7864e+03 1.5923e+18 5.0544e+19 2.8588e+19 1.2800e-01 3.9166e-02 4.4804e+04 1.7285e+04
6.5000e+02 1.6971e-11 1.0467e+00 2.2007e+03 3.5628e+03 3.7852e+03 1.5779e+18 5.0413e+19 2.8764e+19 1.2851e-01 3.8422e-02 4.4652e+04 1.7364e+04
6.6000e+02 1.6887e-11 1.0376e+00 2.2017e+03 3.5648e+03 3.7841e+03 1.5644e+18 5.0295e+19 2.8939e+19 1.2899e-01 3.7709e-02 4.4508e+04 1.7442e+04
6.7000e+02 1.6803e-11 1.0288e+00 2.2027e+03 3.5667e+03 3.7829e+03 1.5517e+18 5.0188e+19 2.9111e+19 1.2945e-01 3.7026e-02 4.4372e+04 1.7520e+04
6.8000e+02 1.6720e-11 1.0203e+00 2.2036e+03 3.5684e+03 3.7818e+03 1.5398e+18 5.0093e+19 2.9281e+19 1.2989e-01 3.6372e-02 4.4244e+04 1.7596e+04
6.9000e+02 1.6638e-11 1.0121e+00 2.2044e+03 3.5701e+03 3.7807e+03 1.5286e+18 5.0009e+19 2.9449e+19 1.3030e-01 3.5746e-02 4.4124e+04 1.7671e+04
7.0000e+02 1.6556e-11 1.0041e+00 2.2053e+03 3.5717e+03 3.7796e+03 1.5182e+18 4.9936e+19 2.9616e+19 1.3069e-01 3.5147e-02 4.4010e+04 1.7745e+04
7.1000e+02 1.6475e-11 9.9634e-01 2.2060e+03 3.5732e+03 3.7785e+03 1.5084e+18 4.9873e+19 2.9781e+19 1.3106e-01 3.4574e-02 4.3904e+04 1.7817e+04
7.2000e+02 1.6394e-11 9.8884e-01 2.2067e+03 3.5746e+03 3.7775e+03 1.4993e+18 4.9820e+19 2.9944e+19 1.3141e-01 3.4026e-02 4.3804e+04 1.7889e+04
7.3000e+02 1.6314e-11 9.8157e-01 2.2074e+03 3.5759e+03 3.7764e+03 1.4908e+18 4.9777e+19 3.0105e+19 1.3173e-01 3.3502e-02 4.3711e+04 1.7959e+04
7.4000e+02 1.6235e-11 9.7452e-01 2.2080e+03 3.5771e+03 3.7754e+03 1.4829e+18 4.9743e+19 3.0265e+19 1.3204e-01 3.3001e-02 4.3624e+04 1.8028e+04
7.5000e+02 1.6156e-11 9.6768e-01 2.2086e+03 3.5782e+03 3.7744e+03 1.4756e+18 4.9719e+19 3.0423e+19 1.3233e-01 3.2522e-02 4.3543e+04 1.8096e+04
7.6000e+02 1.6078e-11 9.6104e-01 2.2092e+03 3.5793e+03 3.7734e+03 1.4688e+18 4.9703e+19 3.0580e+19 1.3260e-01 3.2064e-02 4.3467e+04 1.8163e+04
7.7000e+02 1.6000e-11 9.5460e-01 2.2097e+03 3.5803e+03 3.7724e+03 1.4625e+18 4.9696e+19 3.0735e+19 1.3285e-01 3.1627e-02 4.3397e+04 1.8228e+04
7.8000e+02 1.5923e-11 9.4834e-01 2.2102e+03 3.5812e+03 3.7715e+03 1.4567e+18 4.9698e+19 3.0890e+19 1.3308e-01 3.1209e-02 4.3332e+04 1.8292e+04
7.9000e+02 1.5846e-11 9.4226e-01 2.2106e+03 3.5820e+03 3.7705e+03 1.4514e+18 4.9707e+19 3.1043e+19 1.3329e-01 3.0810e-02 4.3273e+04 1.8355e+04
8.0000e+02 1.5770e-11 9.3636e-01 2.2110e+03 3.5828e+03 3.7696e+03 1.4465e+18 4.9725e+19 3.1195e+19 1.3349e-01 3.0430e-02 4.3218e+04 1.8416e+04
8.1000e+02 1.5694e-11 9.3061e-01 2.2114e+03 3.5835e+03 3.7687e+03 1.4421e+18 4.9750e+19 3.1346e+19 1.3367e-01 3.0067e-02 4.3169e+04 1.8476e+04
8.2000e+02 1.5619e-11 9.2503e-01 2.2117e+03 3.5841e+03 3.7678e+03 1.4381e+18 4.9783e+19 3.1496e+19 1.3383e-01 2.9721e-02 4.3123e+04 1.8535e+04
8.3000e+02 1.5544e-11 9.1960e-01 2.2120e+03 3.5847e+03 3.7668e+03 1.4344e+18 4.9823e+19 3.1645e+19 1.3398e-01 2.9391e-02 4.3083e+04 1.8592e+04
8.4000e+02 1.5470e-11 9.1432e-01 2.2123e+03 3.5852e+03 3.7660e+03 1.4312e+18 4.9870e+19 3.1793e+19 1.3411e-01 2.9076e-02 4.3046e+04 1.8648e+04
8.5000e+02 1.5397e-11 9.0918e-01 2.2125e+03 3.5857e+03 3.7651e+03 1.4284e+18 4.9925e+19 3.1940e+19 1.3422e-01 2.8777e-02 4.3014e+04 1.8703e+04
8.6000e+02 1.5324e-11 9.0418e-01 2.2127e+03 3.5861e+03 3.7642e+03 1.4259e+18 4.9986e+19 3.2086e+19 1.3433e-01 2.8492e-02 4.2986e+04 1.8757e+04
8.7000e+02 1.5251e-11 8.9931e-01 2.2129e+03 3.5864e+03 3.7633e+03 1.4237e+18 5.0054e+19 3.2232e+19 1.3442e-01 2.8220e-02 4.2962e+04 1.8809e+04
8.8000e+02 1.5179e-11 8.9456e-01 2.2131e+03 3.5867e+03 3.7625e+03 1.4219e+18 5.0128e+19 3.2377e+19 1.3449e-01 2.7962e-02 4.2941e+04 1.8860e+04
8.9000e+02 1.5108e-11 8.8994e-01 2.2132e+03 3.5869e+03 3.7616e+03 1.4204e+18 5.0209e+19 3.2521e+19 1.3455e-01 2.7717e-02 4.2924e+04 1.8910e+04
9.0000e+02 1.5037e-11 8.8544e-01 2.2133e+03 3.5871e+03 3.7608e+03 1.4192e+18 5.0296e+19 3.2665e+19 1.3460e-01 2.7484e-02 4.2911e+04 1.8958e+04
9.1000e+02 1.4966e-11 8.8104e-01 2.2134e+03 3.5872e+03 3.7599e+03 1.4183e+18 5.0389e+19 3.2809e+19 1.3464e-01 2.7263e-02 4.2901e+04 1.9006e+04
9.2000e+02 1.4896e-11 8.7676e-01 2.2134e+03 3.5873e+03 3.7591e+03 1.4177e+18 5.0487e+19 3.2952e+19 1.3466e-01 2.7054e-02 4.2894e+04 1.9052e+04
9.3000e+02 1.4827e-11 8.7259e-01 2.2134e+03 3.5873e+03 3.7583e+03 1.4173e+18 5.0592e+19 3.3094e+19 1.3467e-01 2.6855e-02 4.2891e+04 1.9097e+04
9.4000e+02 1.4757e-11 8.6851e-01 2.2134e+03 3.5873e+03 3.7575e+03 1.4173e+18 5.0703e+19 3.3236e+19 1.3468e-01 2.6667e-02 4.2890e+04 1.9140e+04
9.5000e+02 1.4689e-11 8.6454e-01 2.2134e+03 3.5873e+03 3.7567e+03 1.4175e+18 5.0819e+19 3.3378e+19 1.3467e-01 2.6489e-02 4.2893e+04 1.9183e+04
9.6000e+02 1.4621e-11 8.6066e-01 2.2134e+03 3.5872e+03 3.7559e+03 1.4179e+18 5.0940e+19 3.3519e+19 1.3465e-01 2.6320e-02 4.2899e+04 1.9224e+04
9.7000e+02 1.4553e-11 8.5687e-01 2.2133e+03 3.5871e+03 3.7551e+03 1.4186e+18 5.1067e+19 3.3661e+19 1.3462e-01 2.6161e-02 4.2907e+04 1.9265e+04
9.8000e+02 1.4486e-11 8.5317e-01 2.2132e+03 3.5869e+03 3.7543e+03 1.4196e+18 5.1199e+19 3.3802e+19 1.3458e-01 2.6011e-02 4.2918e+04 1.9304e+04
9.9000e+02 1.4419e-11 8.4955e-01 2.2131e+03 3.5867e+03 3.7535e+03 1.4208e+18 5.1336e+19 3.3942e+19 1.3453e-01 2.5870e-02 4.2932e+04 1.9342e+04
1.0000e+03 1.4353e-11 8.4602e-01 2.2130e+03 3.5864e+03 3.7527e+03 1.4221e+18 5.1479e+19 3.4083e+19 1.3447e-01 2.5736e-02 4.2948e+04 1.9379e+04
1.0100e+03 1.4287e-11 8.4257e-01 2.2129e+03 3.5861e+03 3.7519e+03 1.4238e+18 5.1626e+19 3.4224e+19 1.3440e-01 2.5611e-02 4.2967e+04 1.9415e+04
1.0200e+03 1.4222e-11 8.3919e-01 2.2127e+03 3.5858e+03 3.7511e+03 1.4256e+18 5.1779e+19 3.4364e+19 1.3432e-01 2.5494e-02 4.2988e+04 1.9450e+04
1.0300e+03 1.4157e-11 8.3589e-01 2.2125e+03 3.5855e+03 3.7503e+03 1.4276e+18 5.1936e+19 3.4505e+19 1.3424e-01 2.5384e-02 4.3011e+04 1.9484e+04
1.0400e+03 1.4092e-11 8.3267e-01 2.2124e+03 3.5851e+03 3.7496e+03 1.4298e+18 5.2097e+19 3.4646e+19 1.3414e-01 2.5280e-02 4.3037e+04 1.9517e+04
1.0500e+03 1.4028e-11 8.2951e-01 2.2121e+03 3.5847e+03 3.7488e+03 1.4323e+18 5.2264e+19 3.4786e+19 1.3404e-01 2.5184e-02 4.3065e+04 1.9549e+04
1.0600e+03 1.3965e-11 8.2642e-01 2.2119e+03 3.5842e+03 3.7480e+03 1.4349e+18 5.2435e+19 3.4927e+19 1.3393e-01 2.5094e-02 4.3095e+04 1.9581e+04
1.0700e+03 1.3902e-11 8.2339e-01 2.2117e+03 3.5838e+03 3.7473e+03 1.4377e+18 5.2611e+19 3.5068e+19 1.3382e-01 2.5011e-02 4.3127e+04 1.9611e+04
1.0800e+03 1.3839e-11 8.2043e-01 2.2114e+03 3.5833e+03 3.7465e+03 1.4407e+18 5.2791e+19 3.5209e+19 1.3369e-01 2.4933e-02 4.3161e+04 1.9641e+04
1.0900e+03 1.3777e-11 8.1753e-01 2.2112e+03 3.5827e+03 3.7458e+03 1.4438e+18 5.2975e+19 3.5350e+19 1.3356e-01 2.4862e-02 4.3197e+04 1.9670e+04
1.1000e+03 1.3715e-11 8.1469e-01 2.2109e+03 3.5822e+03 3.7450e+03 1.4472e+18 5.3164e+19 3.5491e+19 1.3343e-01 2.4796e-02 4.3235e+04 1.9698e+04
1.1100e+03 1.3653e-11 8.1191e-01 2.2106e+03 3.5816e+03 3.7442e+03 1.4506e+18 5.3357e+19 3.5633e+19 1.3328e-01 2.4735e-02 4.3274e+04 1.9725e+04
1.1200e+03 1.3592e-11 8.0919e-01 2.2103e+03 3.5810e+03 3.7435e+03 1.4543e+18 5.3555e+19 3.5775e+19 1.3314e-01 2.4679e-02 4.3316e+04 1.9751e+04
1.1300e+03 1.3532e-11 8.0651e-01 2.2100e+03 3.5804e+03 3.7427e+03 1.4581e+18 5.3756e+19 3.5917e+19 1.3298e-01 2.4628e-02 4.3359e+04 1.9777e+04
1.1400e+03 1.3471e-11 8.0389e-01 2.2097e+03 3.5797e+03 3.7420e+03 1.4621e+18 5.3962e+19 3.6060e+19 1.3282e-01 2.4582e-02 4.3404e+04 1.9802e+04
1.1500e+03 1.3412e-11 8.0133e-01 2.2093e+03 3.5791e+03 3.7412e+03 1.4662e+18 5.4171e+19 3.6203e+19 1.3266e-01 2.4541e-02 4.3451e+04 1.9827e+04
1.1600e+03 1.3352e-11 7.9881e-01 2.2090e+03 3.5784e+03 3.7405e+03 1.4705e+18 5.4385e+19 3.6346e+19 1.3248e-01 2.4504e-02 4.3499e+04 1.9850e+04
1.1700e+03 1.3293e-11 7.9633e-01 2.2086e+03 3.5776e+03 3.7397e+03 1.4749e+18 5.4603e+19 3.6490e+19 1.3231e-01 2.4471e-02 4.3548e+04 1.9874e+04
1.1800e+03 1.3235e-11 7.9391e-01 2.2082e+03 3.5769e+03 3.7390e+03 1.4795e+18 5.4824e+19 3.6634e+19 1.3213e-01 2.4442e-02 4.3599e+04 1.9896e+04
1.1900e+03 1.3176e-11 7.9153e-01 2.2078e+03 3.5761e+03 3.7383e+03 1.4842e+18 5.5050e+19 3.6779e+19 1.3194e-01 2.4417e-02 4.3652e+04 1.9918e+04
1.2000e+03 1.3119e-11 7.8919e-01 2.2075e+03 3.5754e+03 3.7375e+03 1.4891e+18 5.5279e+19 3.6924e+19 1.3175e-01 2.4395e-02 4.3706e+04 1.9940e+04
1.2100e+03 1.3061e-11 7.8690e-01 2.2071e+03 3.5746e+03 3.7368e+03 1.4941e+18 5.5512e+19 3.7069e+19 1.3156e-01 2.4377e-02 4.3762e+04 1.9961e+04
1.2200e+03 1.3004e-11 7.8464e-01 2.2066e+03 3.5738e+03 3.7360e+03 1.4992e+18 5.5749e+19 3.7215e+19 1.3136e-01 2.4362e-02 4.3818e+04 1.9981e+04
1.2300e+03 1.2947e-11 7.8243e-01 2.2062e+03 3.5729e+03 3.7353e+03 1.5044e+18 5.5989e+19 3.7362e+19 1.3116e-01 2.4351e-02 4.3876e+04 2.0001e+04
1.2400e+03 1.2891e-11 7.8026e-01 2.2058e+03 3.5721e+03 3.7346e+03 1.5098e+18 5.6234e+19 3.7509e+19 1.3095e-01 2.4343e-02 4.3936e+04 2.0021e+04
1.2500e+03 1.2835e-11 7.7812e-01 2.2054e+03 3.5712e+03 3.7338e+03 1.5153e+18 5.6481e+19 3.7657e+19 1.3074e-01 2.4337e-02 4.3996e+04 2.0040e+04
1.2600e+03 1.2780e-11 7.7602e-01 2.2049e+03 3.5704e+03 3.7331e+03 1.5209e+18 5.6733e+19 3.7806e+19 1.3053e-01 2.4335e-02 4.4058e+04 2.0059e+04
1.2700e+03 1.2725e-11 7.7396e-01 2.2045e+03 3.5695e+03 3.7323e+03 1.5267e+18 5.6988e+19 3.7955e+19 1.3031e-01 2.4335e-02 4.4121e+04 2.0077e+04
1.2800e+03 1.2670e-11 7.7193e-01 2.2040e+03 3.5686e+03 3.7316e+03 1.5325e+18 5.7247e+19 3.8104e+19 1.3009e-01 2.4337e-02 4.4185e+04 2.0095e+04
1.2900e+03 1.2615e-11 7.6993e-01 2.2035e+03 3.5677e+03 3.7309e+03 1.5385e+18 5.7509e+19 3.8255e+19 1.2987e-01 2.4342e-02 4.4250e+04 2.0113e+04
1.3000e+03 1.2561e-11 7.6797e-01 2.2031e+03 3.5667e+03 3.7301e+03 1.5446e+18 5.7775e+19 3.8406e+19 1.2964e-01 2.4350e-02 4.4316e+04 2.0130e+04
1.3100e+03 1.2508e-11 7.6604e-01 2.2026e+03 3.5658e+03 3.7294e+03 1.5508e+18 5.8044e+19 3.8557e+19 1.2941e-01 2.4360e-02 4.4384e+04 2.0147e+04
1.3200e+03 1.2454e-11 7.6414e-01 2.2021e+03 3.5648e+03 3.7286e+03 1.5572e+18 5.8317e+19 3.8710e+19 1.2918e-01 2.4371e-02 4.4452e+04 2.0164e+04
1.3300e+03 1.2401e-11 7.6226e-01 2.2016e+03 3.5639e+03 3.7279e+03 1.5636e+18 5.8593e+19 3.8863e+19 1.2895e-01 2.4385e-02 4.4521e+04 2.0180e+04
1.3400e+03 1.2349e-11 7.6042e-01 2.2011e+03 3.5629e+03 3.7271e+03 1.5701e+18 5.8872e+19 3.9017e+19 1.2871e-01 2.4401e-02 4.4591e+04 2.0197e+04
1.3500e+03 1.2296e-11 7.5861e-01 2.2006e+03 3.5619e+03 3.7264e+03 1.5768e+18 5.9155e+19 3.9172e+19 1.2847e-01 2.4419e-02 4.4663e+04 2.0212e+04
1.3600e+03 1.2244e-11 7.5683e-01 2.2001e+03 3.5609e+03 3.7257e+03 1.5835e+18 5.9441e+19 3.9327e+19 1.2823e-01 2.4438e-02 4.4735e+04 2.0228e+04
1.3700e+03 1.2193e-11 7.5507e-01 2.1996e+03 3.5599e+03 3.7249e+03 1.5904e+18 5.9731e+19 3.9484e+19 1.2799e-01 2.4459e-02 4.4808e+04 2.0244e+04
1.3800e+03 1.2141e-11 7.5334e-01 2.1991e+03 3.5588e+03 3.7242e+03 1.5974e+18 6.0024e+19 3.9641e+19 1.2774e-01 2.4482e-02 4.4881e+04 2.0259e+04
1.3900e+03 1.2090e-11 7.5163e-01 2.1985e+03 3.5578e+03 3.7234e+03 1.6044e+18 6.0320e+19 3.9799e+19 1.2749e-01 2.4506e-02 4.4956e+04 2.0274e+04
1.4000e+03 1.2040e-11 7.4995e-01 2.1980e+03 3.5568e+03 3.7227e+03 1.6116e+18 6.0620e+19 3.9958e+19 1.2724e-01 2.4531e-02 4.5032e+04 2.0289e+04
1.4100e+03 1.1990e-11 7.4829e-01 2.1975e+03 3.5557e+03 3.7219e+03 1.6189e+18 6.0923e+19 4.0117e+19 1.2699e-01 2.4558e-02 4.5108e+04 2.0304e+04
1.4200e+03 1.1940e-11 7.4666e-01 2.1969e+03 3.5547e+03 3.7212e+03 1.6262e+18 6.1229e+19 4.0278e+19 1.2674e-01 2.4586e-02 4.5185e+04 2.0319e+04
1.4300e+03 1.1890e-11 7.4505e-01 2.1964e+03 3.5536e+03 3.7204e+03 1.6337e+18 6.1538e+19 4.0439e+19 1.2649e-01 2.4616e-02 4.5263e+04 2.0333e+04
1.4400e+03 1.1841e-11 7.4346e-01 2.1959e+03 3.5525e+03 3.7197e+03 1.6412e+18 6.1851e+19 4.0602e+19 1.2623e-01 2.4646e-02 4.5342e+04 2.0348e+04
1.4500e+03 1.1792e-11 7.4190e-01 2.1953e+03 3.5515e+03 3.7189e+03 1.6489e+18 6.2167e+19 4.0765e+19 1.2598e-01 2.4677e-02 4.5421e+04 2.0362e+04
1.4600e+03 1.1743e-11 7.4036e-01 2.1948e+03 3.5504e+03 3.7182e+03 1.6566e+18 6.2486e+19 4.0929e+19 1.2572e-01 2.4710e-02 4.5501e+04 2.0376e+04
1.4700e+03 1.1695e-11 7.3883e-01 2.1942e+03 3.5493e+03 3.7174e+03 1.6644e+18 6.2808e+19 4.1094e+19 1.2546e-01 2.4743e-02 4.5582e+04 2.0391e+04
1.4800e+03 1.1647e-11 7.3733e-01 2.1936e+03 3.5482e+03 3.7167e+03 1.6724e+18 6.3134e+19 4.1260e+19 1.2520e-01 2.4778e-02 4.5663e+04 2.0405e+04
1.4900e+03 1.1599e-11 7.3585e-01 2.1931e+03 3.5471e+03 3.7159e+03 1.6804e+18 6.3463e+19 4.1428e+19 1.2494e-01 2.4813e-02 4.5745e+04 2.0419e+04
1.5000e+03 1.1552e-11 7.3438e-01 2.1925e+03 3.5459e+03 3.7152e+03 1.6885e+18 6.3794e+19 4.1596e+19 1.2467e-01 2.4849e-02 4.5828e+04 2.0433e+04
1.5100e+03 1.1505e-11 7.3294e-01 2.1919e+03 3.5448e+03 3.7144e+03 1.6967e+18 6.4130e+19 4.1765e+19 1.2441e-01 2.4885e-02 4.5911e+04 2.0447e+04
1.5200e+03 1.1458e-11 7.3151e-01 2.1914e+03 3.5437e+03 3.7137e+03 1.7049e+18 6.4468e+19 4.1935e+19 1.2415e-01 2.4922e-02 4.5995e+04 2.0461e+04
1.5300e+03 1.1411e-11 7.3011e-01 2.1908e+03 3.5426e+03 3.7129e+03 1.7133e+18 6.4809e+19 4.2106e+19 1.2388e-01 2.4960e-02 4.6080e+04 2.0474e+04
1.5400e+03 1.1365e-11 7.2872e-01 2.1902e+03 3.5414e+03 3.7122e+03 1.7217e+18 6.5154e+19 4.2278e+19 1.2361e-01 2.4999e-02 4.6165e+04 2.0488e+04
1.5500e+03 1.1319e-11 7.2734e-01 2.1896e+03 3.5403e+03 3.7114e+03 1.7303e+18 6.5502e+19 4.2451e+19 1.2335e-01 2.5038e-02 4.6251e+04 2.0502e+04
1.5600e+03 1.1274e-11 7.2599e-01 2.1891e+03 3.5391e+03 3.7106e+03 1.7389e+18 6.5852e+19 4.2625e+19 1.2308e-01 2.5077e-02 4.6337e+04 2.0516e+04
1.5700e+03 1.1228e-11 7.2465e-01 2.1885e+03 3.5380e+03 3.7099e+03 1.7476e+18 6.6206e+19 4.2801e+19 1.2281e-01 2.5117e-02 4.6424e+04 2.0530e+04
1.5800e+03 1.1183e-11 7.2333e-01 2.1879e+03 3.5368e+03 3.7091e+03 1.7564e+18 6.6564e+19 4.2977e+19 1.2254e-01 2.5157e-02 4.6511e+04 2.0544e+04
1.5900e+03 1.1139e-11 7.2202e-01 2.1873e+03 3.5357e+03 3.7083e+03 1.7653e+18 6.6924e+19 4.3155e+19 1.2228e-01 2.5198e-02 4.6599e+04 2.0558e+04
1.6000e+03 1.1094e-11 7.2073e-01 2.1867e+03 3.5345e+03 3.7076e+03 1.7742e+18 6.7287e+19 4.3333e+19 1.2201e-01 2.5239e-02 4.6687e+04 2.0572e+04
1.6100e+03 1.1050e-11 7.1945e-01 2.1861e+03 3.5333e+03 3.7068e+03 1.7832e+18 6.7654e+19 4.3513e+19 1.2174e-01 2.5280e-02 4.6776e+04 2.0586e+04
1.6200e+03 1.1006e-11 7.1819e-01 2.1855e+03 3.5322e+03 3.7060e+03 1.7924e+18 6.8023e+19 4.3694e+19 1.2147e-01 2.5321e-02 4.6865e+04 2.0600e+04
1.6300e+03 1.0963e-11 7.1694e-01 2.1849e+03 3.5310e+03 3.7053e+03 1.8016e+18 6.8396e+19 4.3875e+19 1.2120e-01 2.5363e-02 4.6955e+04 2.0614e+04
1.6400e+03 1.0919e-11 7.1571e-01 2.1843e+03 3.5298e+03 3.7045e+03 1.8108e+18 6.8772e+19 4.4058e+19 1.2093e-01 2.5404e-02 4.7045e+04 2.0628e+04
1.6500e+03 1.0876e-11 7.1449e-01 2.1837e+03 3.5286e+03 3.7037e+03 1.8202e+18 6.9151e+19 4.4243e+19 1.2065e-01 2.5446e-02 4.7136e+04 2.0642e+04
1.6600e+03 1.0834e-11 7.1328e-01 2.1831e+03 3.5274e+03 3.7029e+03 1.8296e+18 6.9533e+19 4.4428e+19 1.2038e-01 2.5488e-02 4.7227e+04 2.0656e+04
1.6700e+03 1.0791e-11 7.1209e-01 2.1825e+03 3.5263e+03 3.7022e+03 1.8391e+18 6.9918e+19 4.4614e+19 1.2011e-01 2.5530e-02 4.7319e+04 2.0671e+04
1.6800e+03 1.0749e-11 7.1091e-01 2.1819e+03 3.5251e+03 3.7014e+03 1.8487e+18 7.0306e+19 4.4802e+19 1.1984e-01 2.5573e-02 4.7411e+04 2.0685e+04
1.6900e+03 1.0707e-11 7.0974e-01 2.1813e+03 3.5239e+03 3.7006e+03 1.8584e+18 7.0698e+19 4.4991e+19 1.1957e-01 2.5615e-02 4.7503e+04 2.0699e+04
1.7000e+03 1.0665e-11 7.0859e-01 2.1807e+03 3.5227e+03 3.6998e+03 1.8681e+18 7.1092e+19 4.5181e+19 1.1930e-01 2.5657e-02 4.7596e+04 2.0714e+04
1.7100e+03 1.0624e-11 7.0745e-01 2.1801e+03 3.5215e+03 3.6991e+03 1.8779e+18 7.1490e+19 4.5372e+19 1.1903e-01 2.5699e-02 4.7689e+04 2.0728e+04
1.7200e+03 1.0583e-11 7.0632e-01 2.1795e+03 3.5203e+03 3.6983e+03 1.8878e+18 7.1891e+19 4.5565e+19 1.1876e-01 2.5741e-02 4.7783e+04 2.0743e+04
1.7300e+03 1.0542e-11 7.0520e-01 2.1789e+03 3.5191e+03 3.6975e+03 1.8978e+18 7.2295e+19 4.5758e+19 1.1849e-01 2.5783e-02 4.7876e+04 2.0758e+04
1.7400e+03 1.0501e-11 7.0409e-01 2.1783e+03 3.5179e+03 3.6967e+03 1.9078e+18 7.2702e+19 4.5953e+19 1.1822e-01 2.5825e-02 4.7971e+04 2.0773e+04
1.7500e+03 1.0461e-11 7.0299e-01 2.1777e+03 3.5167e+03 3.6959e+03 1.9179e+18 7.3112e+19 4.6149e+19 1.1794e-01 2.5867e-02 4.8065e+04 2.0788e+04
1.7600e+03 1.0421e-11 7.0191e-01 2.1771e+03 3.5155e+03 3.6951e+03 1.9281e+18 7.3525e+19 4.6347e+19 1.1767e-01 2.5908e-02 4.8160e+04 2.0803e+04
1.7700e+03 1.0381e-11 7.0084e-01 2.1765e+03 3.5143e+03 3.6943e+03 1.9384e+18 7.3941e+19 4.6545e+19 1.1740e-01 2.5950e-02 4.8256e+04 2.0818e+04
1.7800e+03 1.0342e-11 6.9977e-01 2.1758e+03 3.5131e+03 3.6936e+03 1.9487e+18 7.4361e+19 4.6745e+19 1.1713e-01 2.5991e-02 4.8351e+04 2.0833e+04
1.7900e+03 1.0302e-11 6.9872e-01 2.1752e+03 3.5119e+03 3.6928e+03 1.9592e+18 7.4784e+19 4.6946e+19 1.1686e-01 2.6032e-02 4.8447e+04 2.0849e+04
1.8000e+03 1.0263e-11 6.9768e-01 2.1746e+03 3.5106e+03 3.6920e+03 1.9697e+18 7.5209e+19 4.7148e+19 1.1659e-01 2.6073e-02 4.8544e+04 2.0864e+04
1.8100e+03 1.0224e-11 6.9665e-01 2.1740e+03 3.5094e+03 3.6912e+03 1.9802e+18 7.5638e+19 4.7352e+19 1.1632e-01 2.6114e-02 4.8640e+04 2.0880e+04
1.8200e+03 1.0186e-11 6.9562e-01 2.1734e+03 3.5082e+03 3.6904e+03 1.9908e+18 7.6070e+19 4.7557e+19 1.1605e-01 2.6154e-02 4.8737e+04 2.0895e+04
1.8300e+03 1.0147e-11 6.9461e-01 2.1728e+03 3.5070e+03 3.6896e+03 2.0016e+18 7.6506e+19 4.7763e+19 1.1579e-01 2.6195e-02 4.8834e+04 2.0911e+04
1.8400e+03 1.0109e-11 6.9361e-01 2.1722e+03 3.5058e+03 3.6888e+03 2.0123e+18 7.6944e+19 4.7971e+19 1.1552e-01 2.6235e-02 4.8932e+04 2.0927e+04
1.8500e+03 1.0071e-11 6.9261e-01 2.1715e+03 3.5046e+03 3.6880e+03 2.0232e+18 7.7385e+19 4.8180e+19 1.1525e-01 2.6274e-02 4.9030e+04 2.0943e+04
1.8600e+03 1.0033e-11 6.9163e-01 2.1709e+03 3.5034e+03 3.6872e+03 2.0341e+18 7.7830e+19 4.8390e+19 1.1498e-01 2.6314e-02 4.9128e+04 2.0959e+04
1.8700e+03 9.9960e-12 6.9066e-01 2.1703e+03 3.5021e+03 3.6864e+03 2.0451e+18 7.8278e+19 4.8601e+19 1.1471e-01 2.6353e-02 4.9226e+04 2.0975e+04
1.8800e+03 9.9588e-12 6.8969e-01 2.1697e+03 3.5009e+03 3.6856e+03 2.0562e+18 7.8729e+19 4.8814e+19 1.1445e-01 2.6391e-02 4.9325e+04 2.0992e+04
1.8900e+03 9.9219e-12 6.8873e-01 2.1691e+03 3.4997e+03 3.6848e+03 2.0673e+18 7.9183e+19 4.9028e+19 1.1418e-01 2.6430e-02 4.9424e+04 2.1008e+04
1.9000e+03 9.8851e-12 6.8778e-01 2.1685e+03 3.4985e+03 3.6840e+03 2.0785e+18 7.9641e+19 4.9244e+19 1.1392e-01 2.6468e-02 4.9523e+04 2.1025e+04
1.9100e+03 9.8486e-12 6.8684e-01 2.1679e+03 3.4973e+03 3.6832e+03 2.0898e+18 8.0101e+19 4.9461e+19 1.1365e-01 2.6505e-02 4.9622e+04 2.1042e+04
1.9200e+03 9.8123e-12 6.8591e-01 2.1672e+03 3.4961e+03 3.6824e+03 2.1011e+18 8.0565e+19 4.9679e+19 1.1339e-01 2.6543e-02 4.9722e+04 2.1059e+04
1.9300e+03 9.7763e-12 6.8499e-01 2.1666e+03 3.4948e+03 3.6816e+03 2.1126e+18 8.1032e+19 4.9899e+19 1.1312e-01 2.6580e-02 4.9822e+04 2.1076e+04
1.9400e+03 9.7404e-12 6.8407e-01 2.1660e+03 3.4936e+03 3.6808e+03 2.1241e+18 8.1502e+19 5.0120e+19 1.1286e-01 2.6616e-02 4.9922e+04 2.1093e+04
1.9500e+03 9.7048e-12 6.8316e-01 2.1654e+03 3.4924e+03 3.6800e+03 2.1356e+18 8.1976e+19 5.0342e+19 1.1259e-01 2.6652e-02 5.0022e+04 2.1110e+04
1.9600e+03 9.6694e-12 6.8226e-01 2.1648e+03 3.4912e+03 3.6791e+03 2.1472e+18 8.2453e+19 5.0566e+19 1.1233e-01 2.6688e-02 5.0123e+04 2.1127e+04
1.9700e+03 9.6342e-12 6.8137e-01 2.1642e+03 3.4900e+03 3.6783e+03 2.1589e+18 8.2932e+19 5.0791e+19 1.1207e-01 2.6724e-02 5.0223e+04 2.1145e+04
1.9800e+03 9.5992e-12 6.8049e-01 2.1635e+03 3.4888e+03 3.6775e+03 2.1707e+18 8.3416e+19 5.1017e+19 1.1181e-01 2.6759e-02 5.0325e+04 2.1163e+04
1.9900e+03 9.5645e-12 6.7961e-01 2.1629e+03 3.4875e+03 3.6767e+03 2.1826e+18 8.3902e+19 5.1245e+19 1.1155e-01 2.6793e-02 5.0426e+04 2.1180e+04
2.0000e+03 9.5299e-12 6.7874e-01 2.1623e+03 3.4863e+03 3.6759e+03 2.1945e+18 8.4392e+19 5.1475e+19 1.1129e-01 2.6827e-02 5.0527e+04 2.1198e+04
2.0100e+03 9.4956e-12 6.7788e-01 2.1617e+03 3.4851e+03 3.6751e+03 2.2065e+18 8.4885e+19 5.1706e+19 1.1103e-01 2.6861e-02 5.0629e+04 2.1216e+04
2.0200e+03 9.4615e-12 6.7702e-01 2.1611e+03 3.4839e+03 3.6743e+03 2.2185e+18 8.5381e+19 5.1938e+19 1.1077e-01 2.6894e-02 5.0731e+04 2.1234e+04
2.0300e+03 9.4276e-12 6.7618e-01 2.1605e+03 3.4827e+03 3.6734e+03 2.2306e+18 8.5880e+19 5.2171e+19 1.1051e-01 2.6927e-02 5.0833e+04 2.1253e+04
2.0400e+03 9.3939e-12 6.7534e-01 2.1599e+03 3.4815e+03 3.6726e+03 2.2428e+18 8.6383e+19 5.2407e+19 1.1025e-01 2.6959e-02 5.0935e+04 2.1271e+04
2.0500e+03 9.3604e-12 6.7450e-01 2.1592e+03 3.4803e+03 3.6718e+03 2.2551e+18 8.6889e+19 5.2643e+19 1.0999e-01 2.6991e-02 5.1038e+04 2.1290e+04
2.0600e+03 9.3271e-12 6.7367e-01 2.1586e+03 3.4790e+03 3.6710e+03 2.2674e+18 8.7399e+19 5.2881e+19 1.0974e-01 2.7023e-02 5.1140e+04 2.1309e+04
2.0700e+03 9.2940e-12 6.7285e-01 2.1580e+03 3.4778e+03 3.6702e+03 2.2798e+18 8.7912e+19 5.3121e+19 1.0948e-01 2.7054e-02 5.1243e+04 2.1327e+04
2.0800e+03 9.2611e-12 6.7204e-01 2.1574e+03 3.4766e+03 3.6693e+03 2.2923e+18 8.8428e+19 5.3362e+19 1.0922e-01 2.7084e-02 5.1346e+04 2.1346e+04
2.0900e+03 9.2284e-12 6.7123e-01 2.1568e+03 3.4754e+03 3.6685e+03 2.3048e+18 8.8947e+19 5.3604e+19 1.0897e-01 2.7114e-02 5.1449e+04 2.1365e+04
2.1000e+03 9.1959e-12 6.7043e-01 2.1562e+03 3.4742e+03 3.6677e+03 2.3174e+18 8.9470e+19 5.3848e+19 1.0872e-01 2.7144e-02 5.1553e+04 2.1385e+04
2.1100e+03 9.1636e-12 6.6964e-01 2.1556e+03 3.4730e+03 3.6669e+03 2.3301e+18 8.9996e+19 5.4093e+19 1.0846e-01 2.7173e-02 5.1656e+04 2.1404e+04
2.1200e+03 9.1315e-12 6.6885e-01 2.1550e+03 3.4718e+03 3.6660e+03 2.3428e+18 9.0526e+19 5.4340e+19 1.0821e-01 2.7202e-02 5.1760e+04 2.1424e+04
2.1300e+03 9.0995e-12 6.6807e-01 2.1544e+03 3.4706e+03 3.6652e+03 2.3556e+18 9.1058e+19 5.4589e+19 1.0796e-01 2.7230e-02 5.1864e+04 2.1443e+04
2.1400e+03 9.0678e-12 6.6729e-01 2.1538e+03 3.4694e+03 3.6644e+03 2.3685e+18 9.1595e+19 5.4839e+19 1.0771e-01 2.7258e-02 5.1968e+04 2.1463e+04
2.1500e+03 9.0363e-12 6.6652e-01 2.1531e+03 3.4682e+03 3.6635e+03 2.3815e+18 9.2134e+19 5.5090e+19 1.0746e-01 2.7285e-02 5.2072e+04 2.1483e+04
2.1600e+03 9.0049e-12 6.6576e-01 2.1525e+03 3.4670e+03 3.6627e+03 2.3945e+18 9.2677e+19 5.5343e+19 1.0721e-01 2.7312e-02 5.2176e+04 2.1503e+04
2.1700e+03 8.9738e-12 6.6500e-01 2.1519e+03 3.4658e+03 3.6619e+03 2.4076e+18 9.3224e+19 5.5597e+19 1.0696e-01 2.7338e-02 5.2281e+04 2.1523e+04
2.1800e+03 8.9428e-12 6.6424e-01 2.1513e+03 3.4646e+03 3.6611e+03 2.4208e+18 9.3774e+19 5.5853e+19 1.0671e-01 2.7364e-02 5.2386e+04 2.1543e+04
2.1900e+03 8.9120e-12 6.6350e-01 2.1507e+03 3.4633e+03 3.6602e+03 2.4340e+18 9.4327e+19 5.6111e+19 1.0646e-01 2.7389e-02 5.2490e+04 2.1564e+04
2.2000e+03 8.8814e-12 6.6276e-01 2.1501e+03 3.4621e+03 3.6594e+03 2.4473e+18 9.4884e+19 5.6370e+19 1.0621e-01 2.7414e-02 5.2595e+04 2.1584e+04
2.2100e+03 8.8510e-12 6.6202e-01 2.1495e+03 3.4610e+03 3.6586e+03 2.4606e+18 9.5445e+19 5.6631e+19 1.0597e-01 2.7439e-02 5.2700e+04 2.1605e+04
2.2200e+03 8.8207e-12 6.6129e-01 2.1489e+03 3.4598e+03 3.6577e+03 2.4741e+18 9.6008e+19 5.6893e+19 1.0572e-01 2.7463e-02 5.2806e+04 2.1626e+04
2.2300e+03 8.7907e-12 6.6057e-01 2.1483e+03 3.4586e+03 3.6569e+03 2.4876e+18 9.6576e+19 5.7157e+19 1.0548e-01 2.7486e-02 5.2911e+04 2.1647e+04
2.2400e+03 8.7608e-12 6.5985e-01 2.1477e+03 3.4574e+03 3.6560e+03 2.5012e+18 9.7146e+19 5.7422e+19 1.0523e-01 2.7509e-02 5.3017e+04 2.1668e+04
2.2500e+03 8.7311e-12 6.5913e-01 2.1471e+03 3.4562e+03 3.6552e+03 2.5148e+18 9.7721e+19 5.7689e+19 1.0499e-01 2.7531e-02 5.3122e+04 2.1689e+04
2.2600e+03 8.7016e-12 6.5843e-01 2.1465e+03 3.4550e+03 3.6544e+03 2.5285e+18 9.8299e+19 5.7957e+19 1.0475e-01 2.7553e-02 5.3228e+04 2.1710e+04
2.2700e+03 8.6722e-12 6.5772e-01 2.1459e+03 3.4538e+03 3.6535e+03 2.5423e+18 9.8880e+19 5.8227e+19 1.0451e-01 2.7575e-02 5.3334e+04 2.1732e+04
2.2800e+03 8.6430e-12 6.5702e-01 2.1453e+03 3.4526e+03 3.6527e+03 2.5562e+18 9.9465e+19 5.8499e+19 1.0426e-01 2.7596e-02 5.3440e+04 2.1753e+04
2.2900e+03 8.6140e-12 6.5633e-01 2.1447e+03 3.4514e+03 3.6519e+03 2.5701e+18 1.0005e+20 5.8772e+19 1.0402e-01 2.7616e-02 5.3546e+04 2.1775e+04
2.3000e+03 8.5852e-12 6.5564e-01 2.1441e+03 3.4502e+03 3.6510e+03 2.5841e+18 1.0065e+20 5.9047e+19 1.0378e-01 2.7636e-02 5.3653e+04 2.1797e+04
2.3100e+03 8.5565e-12 6.5496e-01 2.1435e+03 3.4490e+03 3.6502e+03 2.5981e+18 1.0124e+20 5.9324e+19 1.0355e-01 2.7656e-02 5.3759e+04 2.1819e+04
2.3200e+03 8.5280e-12 6.5428e-01 2.1429e+03 3.4479e+03 3.6493e+03 2.6123e+18 1.0184e+20 5.9602e+19 1.0331e-01 2.7675e-02 5.3866e+04 2.1841e+04
2.3300e+03 8.4997e-12 6.5361e-01 2.1423e+03 3.4467e+03 3.6485e+03 2.6265e+18 1.0244e+20 5.9882e+19 1.0307e-01 2.7694e-02 5.3972e+04 2.1863e+04
2.3400e+03 8.4715e-12 6.5294e-01 2.1417e+03 3.4455e+03 3.6477e+03 2.6407e+18 1.0305e+20 6.0163e+19 1.0283e-01 2.7712e-02 5.4079e+04 2.1885e+04
2.3500e+03 8.4435e-12 6.5228e-01 2.1411e+03 3.4443e+03 3.6468e+03 2.6551e+18 1.0366e+20 6.0446e+19 1.0260e-01 2.7730e-02 5.4186e+04 2.1908e+04
2.3600e+03 8.4156e-12 6.5162e-01 2.1405e+03 3.4431e+03 3.6460e+03 2.6695e+18 1.0427e+20 6.0731e+19 1.0236e-01 2.7747e-02 5.4293e+04 2.1930e+04
2.3700e+03 8.3880e-12 6.5097e-01 2.1400e+03 3.4420e+03 3.6451e+03 2.6840e+18 1.0489e+20 6.1017e+19 1.0213e-01 2.7764e-02 5.4400e+04 2.1953e+04
2.3800e+03 8.3604e-12 6.5032e-01 2.1394e+03 3.4408e+03 3.6443e+03 2.6985e+18 1.0551e+20 6.1305e+19 1.0190e-01 2.7780e-02 5.4507e+04 2.1976e+04
2.3900e+03 8.3331e-12 6.4967e-01 2.1388e+03 3.4396e+03 3.6434e+03 2.7131e+18 1.0614e+20 6.1595e+19 1.0166e-01 2.7796e-02 5.4615e+04 2.1999e+04
2.4000e+03 8.3059e-12 6.4903e-01 2.1382e+03 3.4384e+03 3.6426e+03 2.7278e+18 1.0676e+20 6.1886e+19 1.0143e-01 2.7811e-02 5.4722e+04 2.2022e+04
2.4100e+03 8.2788e-12 6.4840e-01 2.1376e+03 3.4373e+03 3.6417e+03 2.7426e+18 1.0740e+20 6.2179e+19 1.0120e-01 2.7826e-02 5.4830e+04 2.2045e+04
2.4200e+03 8.2519e-12 6.4776e-01 2.1370e+03 3.4361e+03 3.6409e+03 2.7574e+18 1.0803e+20 6.2474e+19 1.0097e-01 2.7840e-02 5.4937e+04 2.2068e+04
2.4300e+03 8.2252e-12 6.4714e-01 2.1364e+03 3.4349e+03 3.6400e+03 2.7723e+18 1.0867e+20 6.2770e+19 1.0074e-01 2.7854e-02 5.5045e+04 2.2092e+04
2.4400e+03 8.1986e-12 6.4652e-01 2.1358e+03 3.4338e+03 3.6392e+03 2.7873e+18 1.0932e+20 6.3068e+19 1.0051e-01 2.7868e-02 5.5153e+04 2.2115e+04
2.4500e+03 8.1722e-12 6.4590e-01 2.1352e+03 3.4326e+03 3.6384e+03 2.8023e+18 1.0996e+20 6.3368e+19 1.0028e-01 2.7881e-02 5.5261e+04 2.2139e+04
2.4600e+03 8.1459e-12 6.4528e-01 2.1347e+03 3.4314e+03 3.6375e+03 2.8174e+18 1.1061e+20 6.3669e+19 1.0006e-01 2.7894e-02 5.5369e+04 2.2163e+04
2.4700e+03 8.1198e-12 6.4467e-01 2.1341e+03 3.4303e+03 3.6367e+03 2.8326e+18 1.1127e+20 6.3972e+19 9.9829e-02 2.7906e-02 5.5477e+04 2.2187e+04
2.4800e+03 8.0939e-12 6.4407e-01 2.1335e+03 3.4291e+03 3.6358e+03 2.8479e+18 1.1193e+20 6.4277e+19 9.9604e-02 2.7917e-02 5.5585e+04 2.2211e+04
2.4900e+03 8.0680e-12 6.4347e-01 2.1329e+03 3.4280e+03 3.6350e+03 2.8632e+18 1.1259e+20 6.4584e+19 9.9379e-02 2.7929e-02 5.5694e+04 2.2235e+04
2.5000e+03 8.0424e-12 6.4287e-01 2.1323e+03 3.4268e+03 3.6341e+03 2.8786e+18 1.1326e+20 6.4892e+19 9.9154e-02 2.7940e-02 5.5802e+04 2.2259e+04
2.5100e+03 8.0168e-12 6.4228e-01 2.1318e+03 3.4257e+03 3.6333e+03 2.8941e+18 1.1393e+20 6.5202e+19 9.8931e-02 2.7950e-02 5.5911e+04 2.2283e+04
2.5200e+03 7.9914e-12 6.4169e-01 2.1312e+03 3.4245e+03 3.6324e+03 2.9096e+18 1.1460e+20 6.5514e+19 9.8708e-02 2.7960e-02 5.6019e+04 2.2308e+04
2.5300e+03 7.9662e-12 6.4111e-01 2.1306e+03 3.4233e+03 3.6316e+03 2.9252e+18 1.1528e+20 6.5828e+19 9.8486e-02 2.7970e-02 5.6128e+04 2.2332e+04
2.5400e+03 7.9411e-12 6.4053e-01 2.1300e+03 3.4222e+03 3.6307e+03 2.9409e+18 1.1596e+20 6.6143e+19 9.8265e-02 2.7979e-02 5.6237e+04 2.2357e+04
2.5500e+03 7.9162e-12 6.3995e-01 2.1295e+03 3.4211e+03 3.6299e+03 2.9567e+18 1.1664e+20 6.6460e+19 9.8044e-02 2.7987e-02 5.6346e+04 2.2382e+04
2.5600e+03 7.8914e-12 6.3938e-01 2.1289e+03 3.4199e+03 3.6290e+03 2.9725e+18 1.1733e+20 6.6779e+19 9.7824e-02 2.7996e-02 5.6455e+04 2.2407e+04
2.5700e+03 7.8667e-12 6.3881e-01 2.1283e+03 3.4188e+03 3.6282e+03 2.9884e+18 1.1803e+20 6.7100e+19 9.7605e-02 2.8004e-02 5.6564e+04 2.2432e+04
2.5800e+03 7.8422e-12 6.3824e-01 2.1277e+03 3.4176e+03 3.6273e+03 3.0044e+18 1.1872e+20 6.7422e+19 9.7387e-02 2.8011e-02 5.6673e+04 2.2457e+04
2.5900e+03 7.8178e-12 6.3768e-01 2.1272e+03 3.4165e+03 3.6265e+03 3.0204e+18 1.1942e+20 6.7746e+19 9.7170e-02 2.8018e-02 5.6782e+04 2.2482e+04
2.6000e+03 7.7935e-12 6.3713e-01 2.1266e+03 3.4153e+03 3.6256e+03 3.0365e+18 1.2013e+20 6.8072e+19 9.6953e-02 2.8025e-02 5.6891e+04 2.2507e+04
2.6100e+03 7.7694e-12 6.3657e-01 2.1260e+03 3.4142e+03 3.6247e+03 3.0527e+18 1.2084e+20 6.8400e+19 9.6737e-02 2.8031e-02 5.7001e+04 2.2533e+04
2.6200e+03 7.7454e-12 6.3602e-01 2.1255e+03 3.4131e+03 3.6239e+03 3.0690e+18 1.2155e+20 6.8730e+19 9.6522e-02 2.8037e-02 5.7110e+04 2.2558e+04
2.6300e+03 7.7216e-12 6.3548e-01 2.1249e+03 3.4119e+03 3.6230e+03 3.0853e+18 1.2227e+20 6.9061e+19 9.6307e-02 2.8042e-02 5.7220e+04 2.2584e+04
2.6400e+03 7.6979e-12 6.3494e-01 2.1243e+03 3.4108e+03 3.6222e+03 3.1017e+18 1.2299e+20 6.9394e+19 9.6093e-02 2.8047e-02 5.7329e+04 2.2610e+04
2.6500e+03 7.6743e-12 6.3440e-01 2.1238e+03 3.4097e+03 3.6213e+03 3.1182e+18 1.2372e+20 6.9730e+19 9.5880e-02 2.8052e-02 5.7439e+04 2.2636e+04
2.6600e+03 7.6508e-12 6.3386e-01 2.1232e+03 3.4086e+03 3.6205e+03 3.1347e+18 1.2444e+20 7.0066e+19 9.5668e-02 2.8056e-02 5.7549e+04 2.2662e+04
2.6700e+03 7.6275e-12 6.3333e-01 2.1226e+03 3.4074e+03 3.6196e+03 3.1514e+18 1.2518e+20 7.0405e+19 9.5457e-02 2.8060e-02 5.7658e+04 2.2688e+04
2.6800e+03 7.6043e-12 6.3280e-01 2.1221e+03 3.4063e+03 3.6188e+03 3.1681e+18 1.2592e+20 7.0746e+19 9.5246e-02 2.8063e-02 5.7768e+04 2.2714e+04
2.6900e+03 7.5813e-12 6.3228e-01 2.1215e+03 3.4052e+03 3.6179e+03 3.1848e+18 1.2666e+20 7.1088e+19 9.5036e-02 2.8066e-02 5.7878e+04 2.2740e+04
2.7000e+03 7.5584e-12 6.3176e-01 2.1209e+03 3.4041e+03 3.6171e+03 3.2017e+18 1.2740e+20 7.1433e+19 9.4826e-02 2.8069e-02 5.7988e+04 2.2767e+04
2.7100e+03 7.5356e-12 6.3124e-01 2.1204e+03 3.4029e+03 3.6162e+03 3.2186e+18 1.2815e+20 7.1779e+19 9.4618e-02 2.8071e-02 5.8098e+04 2.2793e+04
2.7200e+03 7.5129e-12 6.3073e-01 2.1198e+03 3.4018e+03 3.6154e+03 3.2356e+18 1.2891e+20 7.2127e+19 9.4410e-02 2.8073e-02 5.8208e+04 2.2820e+04
2.7300e+03 7.4903e-12 6.3022e-01 2.1193e+03 3.4007e+03 3.6145e+03 3.2527e+18 1.2966e+20 7.2477e+19 9.4203e-02 2.8075e-02 5.8319e+04 2.2846e+04
2.7400e+03 7.4679e-12 6.2971e-01 2.1187e+03 3.3996e+03 3.6137e+03 3.2698e+18 1.3043e+20 7.2829e+19 9.3996e-02 2.8076e-02 5.8429e+04 2.2873e+04
2.7500e+03 7.4456e-12 6.2921e-01 2.1181e+03 3.3985e+03 3.6128e+03 3.2870e+18 1.3119e+20 7.3182e+19 9.3790e-02 2.8077e-02 5.8539e+04 2.2900e+04
2.7600e+03 7.4234e-12 6.2871e-01 2.1176e+03 3.3974e+03 3.6119e+03 3.3043e+18 1.3196e+20 7.3538e+19 9.3585e-02 2.8077e-02 5.8650e+04 2.2927e+04
2.7700e+03 7.4014e-12 6.2821e-01 2.1170e+03 3.3963e+03 3.6111e+03 3.3217e+18 1.3274e+20 7.3895e+19 9.3381e-02 2.8077e-02 5.8760e+04 2.2954e+04
2.7800e+03 7.3795e-12 6.2772e-01 2.1165e+03 3.3952e+03 3.6102e+03 3.3391e+18 1.3352e+20 7.4255e+19 9.3178e-02 2.8077e-02 5.8871e+04 2.2981e+04
2.7900e+03 7.3576e-12 6.2723e-01 2.1159e+03 3.3941e+03 3.6094e+03 3.3566e+18 1.3430e+20 7.4616e+19 9.2975e-02 2.8076e-02 5.8981e+04 2.3008e+04
2.8000e+03 7.3360e-12 6.2674e-01 2.1154e+03 3.3929e+03 3.6085e+03 3.3742e+18 1.3509e+20 7.4979e+19 9.2773e-02 2.8075e-02 5.9092e+04 2.3036e+04
2.8100e+03 7.3144e-12 6.2626e-01 2.1148e+03 3.3918e+03 3.6077e+03 3.3919e+18 1.3588e+20 7.5344e+19 9.2571e-02 2.8074e-02 5.9203e+04 2.3063e+04
2.8200e+03 7.2929e-12 6.2578e-01 2.1143e+03 3.3907e+03 3.6068e+03 3.4096e+18 1.3668e+20 7.5712e+19 9.2371e-02 2.8073e-02 5.9314e+04 2.3091e+04
2.8300e+03 7.2716e-12 6.2530e-01 2.1137e+03 3.3896e+03 3.6060e+03 3.4274e+18 1.3748e+20 7.6081e+19 9.2171e-02 2.8071e-02 5.9425e+04 2.3118e+04
2.8400e+03 7.2504e-12 6.2483e-01 2.1132e+03 3.3886e+03 3.6051e+03 3.4453e+18 1.3828e+20 7.6452e+19 9.1971e-02 2.8068e-02 5.9535e+04 2.3146e+04
2.8500e+03 7.2293e-12 6.2436e-01 2.1126e+03 3.3875e+03 3.6043e+03 3.4633e+18 1.3909e+20 7.6825e+19 9.1773e-02 2.8066e-02 5.9646e+04 2.3174e+04
2.8600e+03 7.2083e-12 6.2389e-01 2.1121e+03 3.3864e+03 3.6034e+03 3.4814e+18 1.3991e+20 7.7199e+19 9.1575e-02 2.8063e-02 5.9757e+04 2.3202e+04
2.8700e+03 7.1874e-12 6.2343e-01 2.1115e+03 3.3853e+03 3.6025e+03 3.4995e+18 1.4072e+20 7.7576e+19 9.1377e-02 2.8059e-02 5.9869e+04 2.3230e+04
2.8800e+03 7.1666e-12 6.2296e-01 2.1110e+03 3.3842e+03 3.6017e+03 3.5177e+18 1.4155e+20 7.7955e+19 9.1181e-02 2.8056e-02 5.9980e+04 2.3258e+04
2.8900e+03 7.1460e-12 6.2251e-01 2.1105e+03 3.3831e+03 3.6008e+03 3.5359e+18 1.4237e+20 7.8336e+19 9.0985e-02 2.8052e-02 6.0091e+04 2.3286e+04
2.9000e+03 7.1254e-12 6.2205e-01 2.1099e+03 3.3820e+03 3.6000e+03 3.5543e+18 1.4320e+20 7.8719e+19 9.0790e-02 2.8048e-02 6.0202e+04 2.3314e+04
2.9100e+03 7.1050e-12 6.2160e-01 2.1094e+03 3.3809e+03 3.5991e+03 3.5727e+18 1.4404e+20 7.9104e+19 9.0596e-02 2.8043e-02 6.0313e+04 2.3343e+04
2.9200e+03 7.0847e-12 6.2115e-01 2.1088e+03 3.3799e+03 3.5983e+03 3.5912e+18 1.4488e+20 7.9490e+19 9.0402e-02 2.8038e-02 6.0425e+04 2.3371e+04
2.9300e+03 7.0645e-12 6.2070e-01 2.1083e+03 3.3788e+03 3.5974e+03 3.6098e+18 1.4572e+20 7.9879e+19 9.0209e-02 2.8033e-02 6.0536e+04 2.3400e+04
2.9400e+03 7.0444e-12 6.2026e-01 2.1078e+03 3.3777e+03 3.5966e+03 3.6285e+18 1.4657e+20 8.0270e+19 9.0016e-02 2.8027e-02 6.0648e+04 2.3428e+04
2.9500e+03 7.0244e-12 6.1982e-01 2.1072e+03 3.3766e+03 3.5957e+03 3.6472e+18 1.4743e+20 8.0663e+19 8.9825e-02 2.8022e-02 6.0759e+04 2.3457e+04
2.9600e+03 7.0045e-12 6.1938e-01 2.1067e+03 3.3755e+03 3.5949e+03 3.6660e+18 1.4829e+20 8.1058e+19 8.9634e-02 2.8016e-02 6.0871e+04 2.3486e+04
2.9700e+03 6.9847e-12 6.1895e-01 2.1062e+03 3.3745e+03 3.5940e+03 3.6849e+18 1.4915e+20 8.1455e+19 8.9443e-02 2.8009e-02 6.0982e+04 2.3515e+04
2.9800e+03 6.9651e-12 6.1852e-01 2.1056e+03 3.3734e+03 3.5932e+03 3.7039e+18 1.5002e+20 8.1854e+19 8.9253e-02 2.8003e-02 6.1094e+04 2.3544e+04
2.9900e+03 6.9455e-12 6.1809e-01 2.1051e+03 3.3723e+03 3.5923e+03 3.7229e+18 1.5089e+20 8.2255e+19 8.9064e-02 2.7996e-02 6.1206e+04 2.3573e+04
3.0000e+03 6.9260e-12 6.1766e-01 2.1046e+03 3.3713e+03 3.5915e+03 3.7421e+18 1.5176e+20 8.2658e+19 8.8876e-02 2.7988e-02 6.1318e+04 2.3602e+04
3.0100e+03 6.9067e-12 6.1724e-01 2.1040e+03 3.3702e+03 3.5906e+03 3.7613e+18 1.5264e+20 8.3063e+19 8.8688e-02 2.7981e-02 6.1429e+04 2.3631e+04
3.0200e+03 6.8874e-12 6.1682e-01 2.1035e+03 3.3691e+03 3.5898e+03 3.7806e+18 1.5353e+20 8.3470e+19 8.8501e-02 2.7973e-02 6.1541e+04 2.3660e+04
3.0300e+03 6.8682e-12 6.1640e-01 2.1030e+03 3.3681e+03 3.5889e+03 3.7999e+18 1.5442e+20 8.3880e+19 8.8315e-02 2.7965e-02 6.1653e+04 2.3690e+04
3.0400e+03 6.8492e-12 6.1599e-01 2.1024e+03 3.3670e+03 3.5881e+03 3.8194e+18 1.5532e+20 8.4291e+19 8.8129e-02 2.7957e-02 6.1765e+04 2.3719e+04
3.0500e+03 6.8302e-12 6.1558e-01 2.1019e+03 3.3660e+03 3.5872e+03 3.8389e+18 1.5622e+20 8.4704e+19 8.7944e-02 2.7948e-02 6.1877e+04 2.3749e+04
3.0600e+03 6.8114e-12 6.1517e-01 2.1014e+03 3.3649e+03 3.5864e+03 3.8585e+18 1.5712e+20 8.5120e+19 8.7760e-02 2.7939e-02 6.1989e+04 2.3778e+04
3.0700e+03 6.7926e-12 6.1476e-01 2.1009e+03 3.3639e+03 3.5855e+03 3.8782e+18 1.5803e+20 8.5538e+19 8.7576e-02 2.7930e-02 6.2101e+04 2.3808e+04
3.0800e+03 6.7740e-12 6.1436e-01 2.1003e+03 3.3628e+03 3.5847e+03 3.8979e+18 1.5894e+20 8.5958e+19 8.7393e-02 2.7920e-02 6.2213e+04 2.3838e+04
3.0900e+03 6.7554e-12 6.1396e-01 2.0998e+03 3.3618e+03 3.5838e+03 3.9178e+18 1.5986e+20 8.6379e+19 8.7210e-02 2.7911e-02 6.2326e+04 2.3868e+04
3.1000e+03 6.7370e-12 6.1356e-01 2.0993e+03 3.3607e+03 3.5830e+03 3.9377e+18 1.6078e+20 8.6803e+19 8.7029e-02 2.7901e-02 6.2438e+04 2.3898e+04
3.1100e+03 6.7186e-12 6.1316e-01 2.0988e+03 3.3597e+03 3.5821e+03 3.9577e+18 1.6171e+20 8.7230e+19 8.6847e-02 2.7891e-02 6.2550e+04 2.3928e+04
3.1200e+03 6.7003e-12 6.1277e-01 2.0983e+03 3.3586e+03 3.5813e+03 3.9778e+18 1.6265e+20 8.7658e+19 8.6667e-02 2.7880e-02 6.2663e+04 2.3958e+04
3.1300e+03 6.6822e-12 6.1238e-01 2.0977e+03 3.3576e+03 3.5804e+03 3.9979e+18 1.6358e+20 8.8088e+19 8.6487e-02 2.7870e-02 6.2775e+04 2.3988e+04
3.1400e+03 6.6641e-12 6.1199e-01 2.0972e+03 3.3565e+03 3.5796e+03 4.0182e+18 1.6453e+20 8.8521e+19 8.6308e-02 2.7859e-02 6.2887e+04 2.4018e+04
3.1500e+03 6.6461e-12 6.1161e-01 2.0967e+03 3.3555e+03 3.5787e+03 4.0385e+18 1.6547e+20 8.8956e+19 8.6129e-02 2.7847e-02 6.3000e+04 2.4049e+04
3.1600e+03 6.6282e-12 6.1122e-01 2.0962e+03 3.3545e+03 3.5779e+03 4.0589e+18 1.6642e+20 8.9393e+19 8.5951e-02 2.7836e-02 6.3112e+04 2.4079e+04
3.1700e+03 6.6104e-12 6.1084e-01 2.0957e+03 3.3534e+03 3.5770e+03 4.0794e+18 1.6738e+20 8.9832e+19 8.5773e-02 2.7824e-02 6.3225e+04 2.4110e+04
3.1800e+03 6.5927e-12 6.1047e-01 2.0952e+03 3.3524e+03 3.5762e+03 4.1000e+18 1.6834e+20 9.0273e+19 8.5597e-02 2.7812e-02 6.3337e+04 2.4140e+04
3.1900e+03 6.5751e-12 6.1009e-01 2.0946e+03 3.3514e+03 3.5753e+03 4.1206e+18 1.6931e+20 9.0716e+19 8.5420e-02 2.7800e-02 6.3450e+04 2.4171e+04
3.2000e+03 6.5576e-12 6.0972e-01 2.0941e+03 3.3503e+03 3.5745e+03 4.1414e+18 1.7028e+20 9.1162e+19 8.5245e-02 2.7788e-02 6.3563e+04 2.4202e+04
3.2100e+03 6.5402e-12 6.0935e-01 2.0936e+03 3.3493e+03 3.5736e+03 4.1622e+18 1.7126e+20 9.1610e+19 8.5070e-02 2.7775e-02 6.3675e+04 2.4232e+04
3.2200e+03 6.5228e-12 6.0898e-01 2.0931e+03 3.3483e+03 3.5728e+03 4.1831e+18 1.7224e+20 9.2060e+19 8.4896e-02 2.7763e-02 6.3788e+04 2.4263e+04
3.2300e+03 6.5056e-12 6.0862e-01 2.0926e+03 3.3472e+03 3.5720e+03 4.2040e+18 1.7323e+20 9.2512e+19 8.4722e-02 2.7750e-02 6.3901e+04 2.4294e+04
3.2400e+03 6.4884e-12 6.0825e-01 2.0921e+03 3.3462e+03 3.5711e+03 4.2251e+18 1.7422e+20 9.2967e+19 8.4549e-02 2.7736e-02 6.4013e+04 2.4325e+04
3.2500e+03 6.4713e-12 6.0789e-01 2.0916e+03 3.3452e+03 3.5703e+03 4.2462e+18 1.7522e+20 9.3423e+19 8.4376e-02 2.7723e-02 6.4126e+04 2.4356e+04
3.2600e+03 6.4544e-12 6.0753e-01 2.0911e+03 3.3442e+03 3.5694e+03 4.2675e+18 1.7622e+20 9.3882e+19 8.4204e-02 2.7709e-02 6.4239e+04 2.4387e+04
3.2700e+03 6.4375e-12 6.0718e-01 2.0906e+03 3.3432e+03 3.5686e+03 4.2888e+18 1.7722e+20 9.4344e+19 8.4033e-02 2.7695e-02 6.4352e+04 2.4419e+04
3.2800e+03 6.4206e-12 6.0683e-01 2.0901e+03 3.3421e+03 3.5677e+03 4.3102e+18 1.7824e+20 9.4807e+19 8.3862e-02 2.7681e-02 6.4465e+04 2.4450e+04
3.2900e+03 6.4039e-12 6.0648e-01 2.0896e+03 3.3411e+03 3.5669e+03 4.3317e+18 1.7925e+20 9.5273e+19 8.3692e-02 2.7667e-02 6.4578e+04 2.4481e+04
3.3000e+03 6.3873e-12 6.0613e-01 2.0891e+03 3.3401e+03 3.5661e+03 4.3532e+18 1.8028e+20 9.5741e+19 8.3523e-02 2.7652e-02 6.4691e+04 2.4513e+04
3.3100e+03 6.3707e-12 6.0578e-01 2.0886e+03 3.3391e+03 3.5652e+03 4.3749e+18 1.8130e+20 9.6211e+19 8.3354e-02 2.7638e-02 6.4804e+04 2.4544e+04
3.3200e+03 6.3542e-12 6.0544e-01 2.0881e+03 3.3381e+03 3.5644e+03 4.3966e+18 1.8234e+20 9.6684e+19 8.3185e-02 2.7623e-02 6.4917e+04 2.4576e+04
3.3300e+03 6.3379e-12 6.0510e-01 2.0876e+03 3.3371e+03 3.5635e+03 4.4184e+18 1.8337e+20 9.7159e+19 8.3018e-02 2.7608e-02 6.5030e+04 2.4607e+04
3.3400e+03 6.3216e-12 6.0476e-01 2.0871e+03 3.3361e+03 3.5627e+03 4.4403e+18 1.8442e+20 9.7636e+19 8.2851e-02 2.7592e-02 6.5143e+04 2.4639e+04
3.3500e+03 6.3053e-12 6.0442e-01 2.0866e+03 3.3351e+03 3.5619e+03 4.4623e+18 1.8546e+20 9.8115e+19 8.2684e-02 2.7577e-02 6.5256e+04 2.4671e+04
3.3600e+03 6.2892e-12 6.0409e-01 2.0861e+03 3.3341e+03 3.5610e+03 4.4844e+18 1.8652e+20 9.8597e+19 8.2518e-02 2.7561e-02 6.5370e+04 2.4703e+04
3.3700e+03 6.2731e-12 6.0375e-01 2.0856e+03 3.3331e+03 3.5602e+03 4.5065e+18 1.8758e+20 9.9081e+19 8.2352e-02 2.7545e-02 6.5483e+04 2.4735e+04
3.3800e+03 6.2571e-12 6.0342e-01 2.0851e+03 3.3321e+03 3.5593e+03 4.5288e+18 1.8864e+20 9.9567e+19 8.2188e-02 2.7529e-02 6.5596e+04 2.4767e+04
3.3900e+03 6.2412e-12 6.0310e-01 2.0846e+03 3.3311e+03 3.5585e+03 4.5511e+18 1.8971e+20 1.0006e+20 8.2023e-02 2.7513e-02 6.5710e+04 2.4799e+04
3.4000e+03 6.2254e-12 6.0277e-01 2.0841e+03 3.3301e+03 3.5577e+03 4.5735e+18 1.9078e+20 1.0055e+20 8.1860e-02 2.7497e-02 6.5823e+04 2.4831e+04
3.4100e+03 6.2097e-12 6.0245e-01 2.0836e+03 3.3291e+03 3.5568e+03 4.5960e+18 1.9186e+20 1.0104e+20 8.1696e-02 2.7480e-02 6.5936e+04 2.4863e+04
3.4200e+03 6.1940e-12 6.0213e-01 2.0831e+03 3.3281e+03 3.5560e+03 4.6186e+18 1.9295e+20 1.0154e+20 8.1534e-02 2.7463e-02 6.6050e+04 2.4895e+04
3.4300e+03 6.1784e-12 6.0181e-01 2.0826e+03 3.3271e+03 3.5552e+03 4.6412e+18 1.9404e+20 1.0203e+20 8.1372e-02 2.7447e-02 6.6163e+04 2.4928e+04
3.4400e+03 6.1629e-12 6.0149e-01 2.0821e+03 3.3261e+03 3.5543e+03 4.6640e+18 1.9513e+20 1.0254e+20 8.1210e-02 2.7429e-02 6.6276e+04 2.4960e+04
3.4500e+03 6.1475e-12 6.0118e-01 2.0816e+03 3.3251e+03 3.5535e+03 4.6868e+18 1.9623e+20 1.0304e+20 8.1049e-02 2.7412e-02 6.6390e+04 2.4992e+04
3.4600e+03 6.1322e-12 6.0086e-01 2.0811e+03 3.3241e+03 3.5527e+03 4.7098e+18 1.9734e+20 1.0354e+20 8.0889e-02 2.7395e-02 6.6503e+04 2.5025e+04
3.4700e+03 6.1169e-12 6.0055e-01 2.0806e+03 3.3232e+03 3.5518e+03 4.7328e+18 1.9845e+20 1.0405e+20 8.0729e-02 2.7377e-02 6.6617e+04 2.5057e+04
3.4800e+03 6.1017e-12 6.0025e-01 2.0802e+03 3.3222e+03 3.5510e+03 4.7559e+18 1.9957e+20 1.0456e+20 8.0570e-02 2.7359e-02 6.6731e+04 2.5090e+04
3.4900e+03 6.0866e-12 5.9994e-01 2.0797e+03 3.3212e+03 3.5502e+03 4.7791e+18 2.0069e+20 1.0507e+20 8.0411e-02 2.7341e-02 6.6844e+04 2.5123e+04
3.5000e+03 6.0715e-12 5.9963e-01 2.0792e+03 3.3202e+03 3.5493e+03 4.8023e+18 2.0182e+20 1.0559e+20 8.0253e-02 2.7323e-02 6.6958e+04 2.5156e+04
3.5100e+03 6.0565e-12 5.9933e-01 2.0787e+03 3.3192e+03 3.5485e+03 4.8257e+18 2.0295e+20 1.0611e+20 8.0096e-02 2.7305e-02 6.7071e+04 2.5188e+04
3.5200e+03 6.0416e-12 5.9903e-01 2.0782e+03 3.3183e+03 3.5477e+03 4.8492e+18 2.0409e+20 1.0663e+20 7.9938e-02 2.7287e-02 6.7185e+04 2.5221e+04
3.5300e+03 6.0268e-12 5.9874e-01 2.0777e+03 3.3173e+03 3.5468e+03 4.8727e+18 2.0524e+20 1.0715e+20 7.9782e-02 2.7268e-02 6.7299e+04 2.5254e+04
3.5400e+03 6.0120e-12 5.9844e-01 2.0773e+03 3.3163e+03 3.5460e+03 4.8963e+18 2.0639e+20 1.0767e+20 7.9626e-02 2.7250e-02 6.7413e+04 2.5287e+04
3.5500e+03 5.9974e-12 5.9815e-01 2.0768e+03 3.3153e+03 3.5452e+03 4.9201e+18 2.0754e+20 1.0820e+20 7.9470e-02 2.7231e-02 6.7526e+04 2.5320e+04
3.5600e+03 5.9827e-12 5.9785e-01 2.0763e+03 3.3144e+03 3.5443e+03 4.9439e+18 2.0870e+20 1.0873e+20 7.9316e-02 2.7212e-02 6.7640e+04 2.5353e+04
3.5700e+03 5.9682e-12 5.9756e-01 2.0758e+03 3.3134e+03 3.5435e+03 4.9678e+18 2.0987e+20 1.0926e+20 7.9161e-02 2.7193e-02 6.7754e+04 2.5386e+04
3.5800e+03 5.9537e-12 5.9728e-01 2.0753e+03 3.3124e+03 3.5427e+03 4.9917e+18 2.1104e+20 1.0980e+20 7.9007e-02 2.7173e-02 6.7868e+04 2.5420e+04
3.5900e+03 5.9393e-12 5.9699e-01 2.0749e+03 3.3115e+03 3.5419e+03 5.0158e+18 2.1222e+20 1.1033e+20 7.8854e-02 2.7154e-02 6.7982e+04 2.5453e+04
3.6000e+03 5.9250e-12 5.9671e-01 2.0744e+03 3.3105e+03 3.5410e+03 5.0400e+18 2.1341e+20 1.1087e+20 7.8701e-02 2.7135e-02 6.8095e+04 2.5486e+04
3.6100e+03 5.9107e-12 5.9642e-01 2.0739e+03 3.3096e+03 3.5402e+03 5.0642e+18 2.1460e+20 1.1141e+20 7.8549e-02 2.7115e-02 6.8209e+04 2.5520e+04
3.6200e+03 5.8965e-12 5.9614e-01 2.0734e+03 3.3086e+03 3.5394e+03 5.0886e+18 2.1579e+20 1.1196e+20 7.8397e-02 2.7095e-02 6.8323e+04 2.5553e+04
3.6300e+03 5.8824e-12 5.9587e-01 2.0730e+03 3.3076e+03 3.5386e+03 5.1130e+18 2.1699e+20 1.1251e+20 7.8246e-02 2.7075e-02 6.8437e+04 2.5587e+04
3.6400e+03 5.8684e-12 5.9559e-01 2.0725e+03 3.3067e+03 3.5377e+03 5.1375e+18 2.1820e+20 1.1305e+20 7.8095e-02 2.7055e-02 6.8551e+04 2.5620e+04
3.6500e+03 5.8544e-12 5.9532e-01 2.0720e+03 3.3057e+03 3.5369e+03 5.1622e+18 2.1941e+20 1.1361e+20 7.7945e-02 2.7035e-02 6.8665e+04 2.5654e+04
3.6600e+03 5.8405e-12 5.9504e-01 2.0716e+03 3.3048e+03 3.5361e+03 5.1869e+18 2.2063e+20 1.1416e+20 7.7795e-02 2.7015e-02 6.8779e+04 2.5688e+04
3.6700e+03 5.8266e-12 5.9477e-01 2.0711e+03 3.3038e+03 3.5353e+03 5.2117e+18 2.2185e+20 1.1472e+20 7.7646e-02 2.6994e-02 6.8893e+04 2.5721e+04
3.6800e+03 5.8128e-12 5.9450e-01 2.0706e+03 3.3029e+03 3.5345e+03 5.2366e+18 2.2308e+20 1.1528e+20 7.7497e-02 2.6974e-02 6.9007e+04 2.5755e+04
3.6900e+03 5.7991e-12 5.9424e-01 2.0702e+03 3.3019e+03 3.5336e+03 5.2615e+18 2.2432e+20 1.1584e+20 7.7349e-02 2.6953e-02 6.9122e+04 2.5789e+04
3.7000e+03 5.7855e-12 5.9397e-01 2.0697e+03 3.3010e+03 3.5328e+03 5.2866e+18 2.2556e+20 1.1641e+20 7.7201e-02 2.6932e-02 6.9236e+04 2.5823e+04
3.7100e+03 5.7719e-12 5.9371e-01 2.0692e+03 3.3000e+03 3.5320e+03 5.3118e+18 2.2681e+20 1.1697e+20 7.7054e-02 2.6911e-02 6.9350e+04 2.5857e+04
3.7200e+03 5.7583e-12 5.9345e-01 2.0688e+03 3.2991e+03 3.5312e+03 5.3370e+18 2.2806e+20 1.1754e+20 7.6907e-02 2.6890e-02 6.9464e+04 2.5891e+04
3.7300e+03 5.7449e-12 5.9319e-01 2.0683e+03 3.2982e+03 3.5304e+03 5.3624e+18 2.2932e+20 1.1812e+20 7.6761e-02 2.6869e-02 6.9578e+04 2.5925e+04
3.7400e+03 5.7315e-12 5.9293e-01 2.0678e+03 3.2972e+03 3.5295e+03 5.3878e+18 2.3059e+20 1.1869e+20 7.6615e-02 2.6848e-02 6.9692e+04 2.5959e+04
3.7500e+03 5.7182e-12 5.9268e-01 2.0674e+03 3.2963e+03 3.5287e+03 5.4133e+18 2.3186e+20 1.1927e+20 7.6470e-02 2.6826e-02 6.9807e+04 2.5994e+04
3.7600e+03 5.7049e-12 5.9242e-01 2.0669e+03 3.2954e+03 3.5279e+03 5.4390e+18 2.3314e+20 1.1985e+20 7.6325e-02 2.6805e-02 6.9921e+04 2.6028e+04
3.7700e+03 5.6917e-12 5.9217e-01 2.0664e+03 3.2944e+03 3.5271e+03 5.4647e+18 2.3442e+20 1.2043e+20 7.6181e-02 2.6783e-02 7.0035e+04 2.6062e+04
3.7800e+03 5.6785e-12 5.9192e-01 2.0660e+03 3.2935e+03 3.5263e+03 5.4905e+18 2.3571e+20 1.2102e+20 7.6037e-02 2.6762e-02 7.0149e+04 2.6096e+04
3.7900e+03 5.6655e-12 5.9167e-01 2.0655e+03 3.2926e+03 3.5255e+03 5.5164e+18 2.3700e+20 1.2161e+20 7.5894e-02 2.6740e-02 7.0264e+04 2.6131e+04
3.8000e+03 5.6524e-12 5.9142e-01 2.0651e+03 3.2916e+03 3.5247e+03 5.5424e+18 2.3830e+20 1.2220e+20 7.5751e-02 2.6718e-02 7.0378e+04 2.6165e+04
3.8100e+03 5.6395e-12 5.9118e-01 2.0646e+03 3.2907e+03 3.5238e+03 5.5685e+18 2.3961e+20 1.2279e+20 7.5609e-02 2.6696e-02 7.0492e+04 2.6200e+04
3.8200e+03 5.6266e-12 5.9094e-01 2.0642e+03 3.2898e+03 3.5230e+03 5.5947e+18 2.4093e+20 1.2339e+20 7.5467e-02 2.6674e-02 7.0607e+04 2.6234e+04
3.8300e+03 5.6137e-12 5.9069e-01 2.0637e+03 3.2888e+03 3.5222e+03 5.6210e+18 2.4225e+20 1.2399e+20 7.5326e-02 2.6652e-02 7.0721e+04 2.6269e+04
3.8400e+03 5.6010e-12 5.9045e-01 2.0632e+03 3.2879e+03 3.5214e+03 5.6474e+18 2.4357e+20 1.2459e+20 7.5185e-02 2.6629e-02 7.0835e+04 2.6304e+04
3.8500e+03 5.5882e-12 5.9022e-01 2.0628e+03 3.2870e+03 3.5206e+03 5.6738e+18 2.4490e+20 1.2519e+20 7.5044e-02 2.6607e-02 7.0950e+04 2.6338e+04
3.8600e+03 5.5756e-12 5.8998e-01 2.0623e+03 3.2861e+03 3.5198e+03 5.7004e+18 2.4624e+20 1.2580e+20 7.4904e-02 2.6584e-02 7.1064e+04 2.6373e+04
3.8700e+03 5.5630e-12 5.8974e-01 2.0619e+03 3.2852e+03 3.5190e+03 5.7271e+18 2.4759e+20 1.2641e+20 7.4765e-02 2.6562e-02 7.1179e+04 2.6408e+04
3.8800e+03 5.5504e-12 5.8951e-01 2.0614e+03 3.2842e+03 3.5182e+03 5.7538e+18 2.4894e+20 1.2702e+20 7.4626e-02 2.6539e-02 7.1293e+04 2.6443e+04
3.8900e+03 5.5380e-12 5.8928e-01 2.0610e+03 3.2833e+03 3.5174e+03 5.7807e+18 2.5029e+20 1.2764e+20 7.4487e-02 2.6516e-02 7.1408e+04 2.6478e+04
3.9000e+03 5.5255e-12 5.8905e-01 2.0605e+03 3.2824e+03 3.5166e+03 5.8076e+18 2.5166e+20 1.2825e+20 7.4349e-02 2.6494e-02 7.1522e+04 2.6513e+04
3.9100e+03 5.5132e-12 5.8882e-01 2.0601e+03 3.2815e+03 3.5157e+03 5.8347e+18 2.5302e+20 1.2887e+20 7.4211e-02 2.6471e-02 7.1637e+04 2.6548e+04
3.9200e+03 5.5008e-12 5.8859e-01 2.0596e+03 3.2806e+03 3.5149e+03 5.8618e+18 2.5440e+20 1.2950e+20 7.4074e-02 2.6448e-02 7.1751e+04 2.6583e+04
3.9300e+03 5.4886e-12 5.8837e-01 2.0592e+03 3.2797e+03 3.5141e+03 5.8890e+18 2.5578e+20 1.3012e+20 7.3937e-02 2.6424e-02 7.1866e+04 2.6618e+04
3.9400e+03 5.4764e-12 5.8814e-01 2.0587e+03 3.2788e+03 3.5133e+03 5.9164e+18 2.5717e+20 1.3075e+20 7.3801e-02 2.6401e-02 7.1980e+04 2.6653e+04
3.9500e+03 5.4643e-12 5.8792e-01 2.0583e+03 3.2779e+03 3.5125e+03 5.9438e+18 2.5857e+20 1.3138e+20 7.3665e-02 2.6378e-02 7.2095e+04 2.6688e+04
3.9600e+03 5.4522e-12 5.8770e-01 2.0579e+03 3.2770e+03 3.5117e+03 5.9713e+18 2.5997e+20 1.3202e+20 7.3530e-02 2.6355e-02 7.2209e+04 2.6724e+04
3.9700e+03 5.4401e-12 5.8748e-01 2.0574e+03 3.2761e+03 3.5109e+03 5.9989e+18 2.6137e+20 1.3266e+20 7.3395e-02 2.6331e-02 7.2324e+04 2.6759e+04
3.9800e+03 5.4282e-12 5.8727e-01 2.0570e+03 3.2752e+03 3.5101e+03 6.0267e+18 2.6279e+20 1.3330e+20 7.3261e-02 2.6308e-02 7.2439e+04 2.6794e+04
3.9900e+03 5.4162e-12 5.8705e-01 2.0565e+03 3.2743e+03 3.5093e+03 6.0545e+18 2.6421e+20 1.3394e+20 7.3126e-02 2.6284e-02 7.2553e+04 2.6830e+04
4.0000e+03 5.4044e-12 5.8684e-01 2.0561e+03 3.2734e+03 3.5085e+03 6.0824e+18 2.6563e+20 1.3458e+20 7.2993e-02 2.6261e-02 7.2668e+04 2.6865e+04
4.0100e+03 5.3926e-12 5.8662e-01 2.0556e+03 3.2725e+03 3.5077e+03 6.1104e+18 2.6707e+20 1.3523e+20 7.2860e-02 2.6237e-02 7.2783e+04 2.6901e+04
4.0200e+03 5.3808e-12 5.8641e-01 2.0552e+03 3.2716e+03 3.5069e+03 6.1385e+18 2.6851e+20 1.3588e+20 7.2727e-02 2.6213e-02 7.2897e+04 2.6936e+04
4.0300e+03 5.3691e-12 5.8620e-01 2.0548e+03 3.2707e+03 3.5061e+03 6.1667e+18 2.6995e+20 1.3654e+20 7.2595e-02 2.6189e-02 7.3012e+04 2.6972e+04
4.0400e+03 5.3574e-12 5.8600e-01 2.0543e+03 3.2698e+03 3.5053e+03 6.1951e+18 2.7141e+20 1.3720e+20 7.2463e-02 2.6165e-02 7.3127e+04 2.7008e+04
4.0500e+03 5.3458e-12 5.8579e-01 2.0539e+03 3.2689e+03 3.5045e+03 6.2235e+18 2.7287e+20 1.3786e+20 7.2331e-02 2.6141e-02 7.3241e+04 2.7043e+04
4.0600e+03 5.3343e-12 5.8558e-01 2.0534e+03 3.2680e+03 3.5037e+03 6.2520e+18 2.7433e+20 1.3852e+20 7.2200e-02 2.6117e-02 7.3356e+04 2.7079e+04
4.0700e+03 5.3228e-12 5.8538e-01 2.0530e+03 3.2671e+03 3.5030e+03 6.2806e+18 2.7580e+20 1.3918e+20 7.2070e-02 2.6093e-02 7.3471e+04 2.7115e+04
4.0800e+03 5.3113e-12 5.8518e-01 2.0526e+03 3.2662e+03 3.5022e+03 6.3093e+18 2.7728e+20 1.3985e+20 7.1940e-02 2.6069e-02 7.3586e+04 2.7151e+04
4.0900e+03 5.3000e-12 5.8498e-01 2.0521e+03 3.2653e+03 3.5014e+03 6.3381e+18 2.7877e+20 1.4052e+20 7.1810e-02 2.6045e-02 7.3700e+04 2.7186e+04
4.1000e+03 5.2886e-12 5.8478e-01 2.0517e+03 3.2645e+03 3.5006e+03 6.3670e+18 2.8026e+20 1.4120e+20 7.1681e-02 2.6020e-02 7.3815e+04 2.7222e+04
4.1100e+03 5.2773e-12 5.8458e-01 2.0513e+03 3.2636e+03 3.4998e+03 6.3960e+18 2.8176e+20 1.4188e+20 7.1552e-02 2.5996e-02 7.3930e+04 2.7258e+04
4.1200e+03 5.2661e-12 5.8439e-01 2.0508e+03 3.2627e+03 3.4990e+03 6.4251e+18 2.8327e+20 1.4256e+20 7.1423e-02 2.5972e-02 7.4045e+04 2.7294e+04
4.1300e+03 5.2549e-12 5.8419e-01 2.0504e+03 3.2618e+03 3.4982e+03 6.4543e+18 2.8478e+20 1.4324e+20 7.1295e-02 2.5947e-02 7.4160e+04 2.7330e+04
4.1400e+03 5.2437e-12 5.8400e-01 2.0500e+03 3.2609e+03 3.4974e+03 6.4837e+18 2.8630e+20 1.4393e+20 7.1168e-02 2.5923e-02 7.4275e+04 2.7367e+04
4.1500e+03 5.2326e-12 5.8381e-01 2.0496e+03 3.2601e+03 3.4966e+03 6.5131e+18 2.8783e+20 1.4461e+20 7.1040e-02 2.5898e-02 7.4389e+04 2.7403e+04
4.1600e+03 5.2216e-12 5.8362e-01 2.0491e+03 3.2592e+03 3.4958e+03 6.5426e+18 2.8936e+20 1.4531e+20 7.0914e-02 2.5873e-02 7.4504e+04 2.7439e+04
4.1700e+03 5.2106e-12 5.8343e-01 2.0487e+03 3.2583e+03 3.4950e+03 6.5722e+18 2.9090e+20 1.4600e+20 7.0787e-02 2.5849e-02 7.4619e+04 2.7475e+04
4.1800e+03 5.1997e-12 5.8324e-01 2.0483e+03 3.2574e+03 3.4943e+03 6.6019e+18 2.9244e+20 1.4670e+20 7.0661e-02 2.5824e-02 7.4734e+04 2.7511e+04
4.1900e+03 5.1888e-12 5.8305e-01 2.0478e+03 3.2566e+03 3.4935e+03 6.6317e+18 2.9400e+20 1.4740e+20 7.0536e-02 2.5799e-02 7.4849e+04 2.7548e+04
4.2000e+03 5.1779e-12 5.8287e-01 2.0474e+03 3.2557e+03 3.4927e+03 6.6616e+18 2.9556e+20 1.4810e+20 7.0411e-02 2.5774e-02 7.4964e+04 2.7584e+04
4.2100e+03 5.1671e-12 5.8268e-01 2.0470e+03 3.2548e+03 3.4919e+03 6.6917e+18 2.9713e+20 1.4881e+20 7.0286e-02 2.5749e-02 7.5079e+04 2.7620e+04
4.2200e+03 5.1564e-12 5.8250e-01 2.0466e+03 3.2540e+03 3.4911e+03 6.7218e+18 2.9870e+20 1.4952e+20 7.0161e-02 2.5724e-02 7.5194e+04 2.7657e+04
4.2300e+03 5.1457e-12 5.8232e-01 2.0461e+03 3.2531e+03 3.4903e+03 6.7520e+18 3.0028e+20 1.5023e+20 7.0038e-02 2.5699e-02 7.5309e+04 2.7693e+04
4.2400e+03 5.1350e-12 5.8214e-01 2.0457e+03 3.2522e+03 3.4896e+03 6.7824e+18 3.0187e+20 1.5095e+20 6.9914e-02 2.5674e-02 7.5424e+04 2.7730e+04
4.2500e+03 5.1244e-12 5.8196e-01 2.0453e+03 3.2514e+03 3.4888e+03 6.8128e+18 3.0346e+20 1.5167e+20 6.9791e-02 2.5649e-02 7.5539e+04 2.7766e+04
4.2600e+03 5.1138e-12 5.8179e-01 2.0449e+03 3.2505e+03 3.4880e+03 6.8433e+18 3.0507e+20 1.5239e+20 6.9668e-02 2.5624e-02 7.5653e+04 2.7803e+04
4.2700e+03 5.1033e-12 5.8161e-01 2.0445e+03 3.2497e+03 3.4872e+03 6.8740e+18 3.0668e+20 1.5311e+20 6.9546e-02 2.5599e-02 7.5768e+04 2.7840e+04
4.2800e+03 5.0928e-12 5.8144e-01 2.0440e+03 3.2488e+03 3.4864e+03 6.9047e+18 3.0829e+20 1.5384e+20 6.9424e-02 2.5574e-02 7.5883e+04 2.7876e+04
4.2900e+03 5.0824e-12 5.8126e-01 2.0436e+03 3.2479e+03 3.4857e+03 6.9356e+18 3.0992e+20 1.5457e+20 6.9302e-02 2.5549e-02 7.5998e+04 2.7913e+04
4.3000e+03 5.0720e-12 5.8109e-01 2.0432e+03 3.2471e+03 3.4849e+03 6.9665e+18 3.1155e+20 1.5531e+20 6.9181e-02 2.5523e-02 7.6113e+04 2.7950e+04
4.3100e+03 5.0617e-12 5.8092e-01 2.0428e+03 3.2462e+03 3.4841e+03 6.9976e+18 3.1318e+20 1.5604e+20 6.9060e-02 2.5498e-02 7.6228e+04 2.7987e+04
4.3200e+03 5.0514e-12 5.8075e-01 2.0424e+03 3.2454e+03 3.4833e+03 7.0287e+18 3.1483e+20 1.5678e+20 6.8940e-02 2.5473e-02 7.6343e+04 2.8024e+04
4.3300e+03 5.0411e-12 5.8059e-01 2.0420e+03 3.2445e+03 3.4826e+03 7.0600e+18 3.1648e+20 1.5753e+20 6.8820e-02 2.5447e-02 7.6459e+04 2.8060e+04
4.3400e+03 5.0309e-12 5.8042e-01 2.0415e+03 3.2437e+03 3.4818e+03 7.0914e+18 3.1814e+20 1.5827e+20 6.8700e-02 2.5422e-02 7.6574e+04 2.8097e+04
4.3500e+03 5.0207e-12 5.8025e-01 2.0411e+03 3.2428e+03 3.4810e+03 7.1229e+18 3.1981e+20 1.5902e+20 6.8581e-02 2.5396e-02 7.6689e+04 2.8134e+04
4.3600e+03 5.0106e-12 5.8009e-01 2.0407e+03 3.2420e+03 3.4802e+03 7.1545e+18 3.2148e+20 1.5978e+20 6.8462e-02 2.5371e-02 7.6804e+04 2.8171e+04
4.3700e+03 5.0005e-12 5.7993e-01 2.0403e+03 3.2412e+03 3.4795e+03 7.1862e+18 3.2316e+20 1.6053e+20 6.8343e-02 2.5345e-02 7.6919e+04 2.8208e+04
4.3800e+03 4.9905e-12 5.7977e-01 2.0399e+03 3.2403e+03 3.4787e+03 7.2180e+18 3.2485e+20 1.6129e+20 6.8225e-02 2.5320e-02 7.7034e+04 2.8246e+04
4.3900e+03 4.9805e-12 5.7961e-01 2.0395e+03 3.2395e+03 3.4779e+03 7.2499e+18 3.2654e+20 1.6205e+20 6.8107e-02 2.5294e-02 7.7149e+04 2.8283e+04
4.4000e+03 4.9706e-12 5.7945e-01 2.0391e+03 3.2386e+03 3.4772e+03 7.2819e+18 3.2825e+20 1.6282e+20 6.7990e-02 2.5268e-02 7.7264e+04 2.8320e+04
4.4100e+03 4.9607e-12 5.7929e-01 2.0386e+03 3.2378e+03 3.4764e+03 7.3140e+18 3.2996e+20 1.6359e+20 6.7873e-02 2.5243e-02 7.7379e+04 2.8357e+04
4.4200e+03 4.9508e-12 5.7913e-01 2.0382e+03 3.2369e+03 3.4756e+03 7.3462e+18 3.3167e+20 1.6436e+20 6.7756e-02 2.5217e-02 7.7494e+04 2.8394e+04
4.4300e+03 4.9410e-12 5.7898e-01 2.0378e+03 3.2361e+03 3.4749e+03 7.3785e+18 3.3340e+20 1.6514e+20 6.7640e-02 2.5191e-02 7.7609e+04 2.8432e+04
4.4400e+03 4.9312e-12 5.7882e-01 2.0374e+03 3.2353e+03 3.4741e+03 7.4110e+18 3.3513e+20 1.6591e+20 6.7524e-02 2.5165e-02 7.7724e+04 2.8469e+04
4.4500e+03 4.9215e-12 5.7867e-01 2.0370e+03 3.2344e+03 3.4733e+03 7.4435e+18 3.3687e+20 1.6669e+20 6.7409e-02 2.5140e-02 7.7839e+04 2.8506e+04
4.4600e+03 4.9118e-12 5.7852e-01 2.0366e+03 3.2336e+03 3.4726e+03 7.4762e+18 3.3862e+20 1.6748e+20 6.7293e-02 2.5114e-02 7.7955e+04 2.8544e+04
4.4700e+03 4.9021e-12 5.7837e-01 2.0362e+03 3.2328e+03 3.4718e+03 7.5090e+18 3.4037e+20 1.6827e+20 6.7179e-02 2.5088e-02 7.8070e+04 2.8581e+04
4.4800e+03 4.8925e-12 5.7822e-01 2.0358e+03 3.2319e+03 3.4710e+03 7.5418e+18 3.4213e+20 1.6906e+20 6.7064e-02 2.5062e-02 7.8185e+04 2.8619e+04
4.4900e+03 4.8829e-12 5.7807e-01 2.0354e+03 3.2311e+03 3.4703e+03 7.5748e+18 3.4390e+20 1.6985e+20 6.6950e-02 2.5036e-02 7.8300e+04 2.8656e+04
4.5000e+03 4.8734e-12 5.7792e-01 2.0350e+03 3.2303e+03 3.4695e+03 7.6079e+18 3.4568e+20 1.7065e+20 6.6836e-02 2.5010e-02 7.8415e+04 2.8694e+04
4.5100e+03 4.8639e-12 5.7778e-01 2.0346e+03 3.2295e+03 3.4687e+03 7.6411e+18 3.4747e+20 1.7145e+20 6.6723e-02 2.4984e-02 7.8530e+04 2.8731e+04
4.5200e+03 4.8544e-12 5.7763e-01 2.0342e+03 3.2286e+03 3.4680e+03 7.6744e+18 3.4926e+20 1.7226e+20 6.6610e-02 2.4959e-02 7.8645e+04 2.8769e+04
4.5300e+03 4.8450e-12 5.7749e-01 2.0338e+03 3.2278e+03 3.4672e+03 7.7078e+18 3.5106e+20 1.7306e+20 6.6497e-02 2.4933e-02 7.8761e+04 2.8807e+04
4.5400e+03 4.8356e-12 5.7734e-01 2.0334e+03 3.2270e+03 3.4665e+03 7.7414e+18 3.5287e+20 1.7387e+20 6.6385e-02 2.4907e-02 7.8876e+04 2.8844e+04
4.5500e+03 0.0000e+00 0.0000e+00 2.0330e+03 0.0000e+00 3.4657e+03 0.0000e+00 0.0000e+00 0.0000e+00 0.0000e+00 0.0000e+00 0.0000e+00 0.0000e+00
