0.0000e+00 2.3990e-11 6.8366e+00 1.7000e+03 2.6678e+03 3.0000e+03 2.2229e+19 1.8615e+21 4.8196e+20 2.7813e-02 2.4044e-02 1.5230e+05 4.1443e+04
1.0000e+01 2.3855e-11 6.5728e+00 1.7059e+03 2.6057e+03 2.9993e+03 4.5370e+19 2.4932e+21 4.8487e+20 2.8765e-02 2.8676e-02 1.4787e+05 4.1176e+04
2.0000e+01 2.3720e-11 6.3194e+00 1.7118e+03 2.6186e+03 2.9984e+03 4.0592e+19 2.3567e+21 4.8836e+20 2.9750e-02 2.7658e-02 1.4358e+05 4.1199e+04
3.0000e+01 2.3586e-11 6.0802e+00 1.7177e+03 2.6312e+03 2.9976e+03 3.6424e+19 2.2298e+21 4.9176e+20 3.0747e-02 2.6650e-02 1.3949e+05 4.1237e+04
4.0000e+01 2.3454e-11 5.8541e+00 1.7234e+03 2.6436e+03 2.9967e+03 3.2798e+19 2.1125e+21 4.9506e+20 3.1754e-02 2.5655e-02 1.3561e+05 4.1290e+04
5.0000e+01 2.3322e-11 5.6403e+00 1.7291e+03 2.6558e+03 2.9960e+03 2.9633e+19 2.0037e+21 4.9826e+20 3.2773e-02 2.4674e-02 1.3191e+05 4.1358e+04
6.0000e+01 2.3191e-11 5.4380e+00 1.7346e+03 2.6677e+03 2.9952e+03 2.6858e+19 1.9029e+21 5.0135e+20 3.3801e-02 2.3708e-02 1.2839e+05 4.1442e+04
7.0000e+01 2.3062e-11 5.2466e+00 1.7401e+03 2.6794e+03 2.9945e+03 2.4419e+19 1.8092e+21 5.0435e+20 3.4839e-02 2.2757e-02 1.2504e+05 4.1542e+04
8.0000e+01 2.2933e-11 5.0652e+00 1.7455e+03 2.6908e+03 2.9938e+03 2.2267e+19 1.7221e+21 5.0724e+20 3.5886e-02 2.1821e-02 1.2185e+05 4.1659e+04
9.0000e+01 2.2805e-11 4.8932e+00 1.7508e+03 2.7020e+03 2.9931e+03 2.0362e+19 1.6409e+21 5.1003e+20 3.6940e-02 2.0901e-02 1.1880e+05 4.1793e+04
1.0000e+02 2.2678e-11 4.7301e+00 1.7560e+03 2.7129e+03 2.9925e+03 1.8671e+19 1.5653e+21 5.1272e+20 3.8001e-02 1.9997e-02 1.1589e+05 4.1944e+04
1.1000e+02 2.2553e-11 4.5753e+00 1.7611e+03 2.7236e+03 2.9919e+03 1.7165e+19 1.4947e+21 5.1530e+20 3.9069e-02 1.9109e-02 1.1312e+05 4.2114e+04
1.2000e+02 2.2428e-11 4.4283e+00 1.7662e+03 2.7341e+03 2.9913e+03 1.5821e+19 1.4287e+21 5.1779e+20 4.0142e-02 1.8239e-02 1.1047e+05 4.2302e+04
1.3000e+02 2.2304e-11 4.2887e+00 1.7711e+03 2.7444e+03 2.9908e+03 1.4617e+19 1.3670e+21 5.2017e+20 4.1220e-02 1.7385e-02 1.0794e+05 4.2511e+04
1.4000e+02 2.2181e-11 4.1559e+00 1.7760e+03 2.7545e+03 2.9902e+03 1.3537e+19 1.3092e+21 5.2245e+20 4.2302e-02 1.6549e-02 1.0553e+05 4.2740e+04
1.5000e+02 2.2059e-11 4.0296e+00 1.7808e+03 2.7643e+03 2.9897e+03 1.2565e+19 1.2551e+21 5.2464e+20 4.3388e-02 1.5731e-02 1.0322e+05 4.2991e+04
1.6000e+02 2.1937e-11 3.9094e+00 1.7855e+03 2.7739e+03 2.9892e+03 1.1689e+19 1.2042e+21 5.2672e+20 4.4476e-02 1.4931e-02 1.0101e+05 4.3265e+04
1.7000e+02 2.1817e-11 3.7950e+00 1.7901e+03 2.7833e+03 2.9888e+03 1.0896e+19 1.1565e+21 5.2871e+20 4.5566e-02 1.4149e-02 9.8894e+04 4.3563e+04
1.8000e+02 2.1698e-11 3.6859e+00 1.7946e+03 2.7925e+03 2.9884e+03 1.0179e+19 1.1116e+21 5.3060e+20 4.6657e-02 1.3386e-02 9.6872e+04 4.3886e+04
1.9000e+02 2.1579e-11 3.5820e+00 1.7990e+03 2.8016e+03 2.9880e+03 9.5267e+18 1.0694e+21 5.3239e+20 4.7749e-02 1.2641e-02 9.4936e+04 4.4236e+04
2.0000e+02 2.1462e-11 3.4828e+00 1.8034e+03 2.8104e+03 2.9876e+03 8.9337e+18 1.0297e+21 5.3410e+20 4.8841e-02 1.1916e-02 9.3082e+04 4.4615e+04
2.1000e+02 2.1345e-11 3.3882e+00 1.8077e+03 2.8190e+03 2.9872e+03 8.3930e+18 9.9221e+20 5.3570e+20 4.9931e-02 1.1210e-02 9.1305e+04 4.5024e+04
2.2000e+02 2.1229e-11 3.2979e+00 1.8119e+03 2.8274e+03 2.9869e+03 7.8992e+18 9.5686e+20 5.3722e+20 5.1020e-02 1.0524e-02 8.9603e+04 4.5466e+04
2.3000e+02 2.1114e-11 3.2116e+00 1.8160e+03 2.8356e+03 2.9865e+03 7.4474e+18 9.2349e+20 5.3865e+20 5.2107e-02 9.8569e-03 8.7972e+04 4.5944e+04
2.4000e+02 2.1000e-11 3.1292e+00 1.8200e+03 2.8436e+03 2.9862e+03 7.0331e+18 8.9195e+20 5.4000e+20 5.3190e-02 9.2101e-03 8.6407e+04 4.6459e+04
2.5000e+02 2.0886e-11 3.0504e+00 1.8240e+03 2.8515e+03 2.9860e+03 6.6528e+18 8.6212e+20 5.4125e+20 5.4270e-02 8.5832e-03 8.4906e+04 4.7015e+04
2.6000e+02 2.0774e-11 2.9750e+00 1.8278e+03 2.8591e+03 2.9857e+03 6.3029e+18 8.3389e+20 5.4243e+20 5.5346e-02 7.9766e-03 8.3466e+04 4.7617e+04
2.7000e+02 2.0662e-11 2.9028e+00 1.8316e+03 2.8666e+03 2.9855e+03 5.9806e+18 8.0714e+20 5.4352e+20 5.6416e-02 7.3903e-03 8.2084e+04 4.8267e+04
2.8000e+02 2.0551e-11 2.8338e+00 1.8353e+03 2.8738e+03 2.9852e+03 5.6833e+18 7.8178e+20 5.4454e+20 5.7482e-02 6.8246e-03 8.0757e+04 4.8971e+04
2.9000e+02 2.0441e-11 2.7676e+00 1.8390e+03 2.8809e+03 2.9850e+03 5.4084e+18 7.5771e+20 5.4548e+20 5.8541e-02 6.2795e-03 7.9482e+04 4.9735e+04
3.0000e+02 2.0332e-11 2.7042e+00 1.8425e+03 2.8878e+03 2.9848e+03 5.1541e+18 7.3486e+20 5.4635e+20 5.9593e-02 5.7553e-03 7.8258e+04 5.0565e+04
3.1000e+02 2.0224e-11 2.6434e+00 1.8460e+03 2.8946e+03 2.9847e+03 4.9184e+18 7.1313e+20 5.4714e+20 6.0638e-02 5.2521e-03 7.7082e+04 5.1469e+04
3.2000e+02 2.0116e-11 2.5851e+00 1.8494e+03 2.9011e+03 2.9845e+03 4.6997e+18 6.9245e+20 5.4787e+20 6.1675e-02 4.7701e-03 7.5951e+04 5.2456e+04
3.3000e+02 2.0009e-11 2.5292e+00 1.8528e+03 2.9075e+03 2.9844e+03 4.4965e+18 6.7276e+20 5.4853e+20 6.2705e-02 4.3094e-03 7.4865e+04 5.3537e+04
3.4000e+02 1.9903e-11 2.4755e+00 1.8561e+03 2.9136e+03 2.9842e+03 4.3074e+18 6.5398e+20 5.4913e+20 6.3725e-02 3.8704e-03 7.3820e+04 5.4725e+04
3.5000e+02 1.9798e-11 2.4239e+00 1.8593e+03 2.9196e+03 2.9841e+03 4.1312e+18 6.3606e+20 5.4967e+20 6.4737e-02 3.4532e-03 7.2815e+04 5.6035e+04
3.6000e+02 1.9693e-11 2.3744e+00 1.8624e+03 2.9254e+03 2.9840e+03 3.9669e+18 6.1893e+20 5.5015e+20 6.5738e-02 3.0582e-03 7.1848e+04 5.7487e+04
3.7000e+02 1.9589e-11 2.3268e+00 1.8655e+03 2.9310e+03 2.9839e+03 3.8135e+18 6.0253e+20 5.5057e+20 6.6730e-02 2.6858e-03 7.0918e+04 5.9105e+04
3.8000e+02 1.9486e-11 2.2810e+00 1.8684e+03 2.9364e+03 2.9838e+03 3.6701e+18 5.8680e+20 5.5095e+20 6.7712e-02 2.3362e-03 7.0022e+04 6.0916e+04
3.9000e+02 1.9384e-11 2.2369e+00 1.8714e+03 2.9416e+03 2.9838e+03 3.5358e+18 5.7169e+20 5.5127e+20 6.8683e-02 2.0100e-03 6.9160e+04 6.2956e+04
4.0000e+02 1.9283e-11 2.1946e+00 1.8742e+03 2.9465e+03 2.9837e+03 3.4101e+18 5.5714e+20 5.5155e+20 6.9642e-02 1.7079e-03 6.8330e+04 6.5271e+04
4.1000e+02 1.9182e-11 2.1538e+00 1.8770e+03 2.9513e+03 2.9836e+03 3.2921e+18 5.4309e+20 5.5179e+20 7.0591e-02 1.4304e-03 6.7531e+04 6.7916e+04
4.2000e+02 1.9082e-11 2.1145e+00 1.8798e+03 2.9557e+03 2.9836e+03 3.1814e+18 5.2947e+20 5.5199e+20 7.1528e-02 1.1784e-03 6.6761e+04 7.0961e+04
4.3000e+02 1.8983e-11 2.0766e+00 1.8824e+03 2.9599e+03 2.9836e+03 3.0774e+18 5.1623e+20 5.5216e+20 7.2453e-02 9.5261e-04 6.6019e+04 7.4489e+04
4.4000e+02 1.8884e-11 2.0401e+00 1.8850e+03 2.9638e+03 2.9835e+03 2.9795e+18 5.0329e+20 5.5229e+20 7.3366e-02 7.5401e-04 6.5304e+04 7.8603e+04
4.5000e+02 1.8786e-11 2.0049e+00 1.8876e+03 2.9673e+03 2.9835e+03 2.8873e+18 4.9057e+20 5.5240e+20 7.4267e-02 5.8324e-04 6.4614e+04 8.3415e+04
4.6000e+02 1.8689e-11 1.9710e+00 1.8901e+03 2.9704e+03 2.9835e+03 2.8005e+18 4.7802e+20 5.5248e+20 7.5156e-02 4.4059e-04 6.3949e+04 8.9037e+04
4.7000e+02 1.8593e-11 1.9382e+00 1.8925e+03 2.9731e+03 2.9835e+03 2.7185e+18 4.6558e+20 5.5254e+20 7.6032e-02 3.2554e-04 6.3308e+04 9.5552e+04
4.8000e+02 1.8497e-11 1.9065e+00 1.8949e+03 2.9754e+03 2.9835e+03 2.6412e+18 4.5323e+20 5.5258e+20 7.6896e-02 2.3637e-04 6.2690e+04 1.0298e+05
4.9000e+02 1.8402e-11 1.8760e+00 1.8972e+03 2.9772e+03 2.9835e+03 2.5681e+18 4.4098e+20 5.5262e+20 7.7747e-02 1.7002e-04 6.2093e+04 1.1122e+05
5.0000e+02 1.8307e-11 1.8465e+00 1.8994e+03 2.9786e+03 2.9835e+03 2.4989e+18 4.2892e+20 5.5264e+20 7.8586e-02 1.2239e-04 6.1517e+04 1.2009e+05
5.1000e+02 1.8214e-11 1.8179e+00 1.9017e+03 2.9924e+03 2.9835e+03 2.4335e+18 4.3452e+20 5.5266e+20 7.9411e-02 -2.7177e-04 6.0961e+04 9.8793e+04
5.2000e+02 1.8121e-11 1.7904e+00 1.9038e+03 3.0007e+03 2.9835e+03 2.3717e+18 4.3280e+20 5.5262e+20 8.0221e-02 -6.5181e-04 6.0426e+04 7.9399e+04
5.3000e+02 1.8028e-11 1.7638e+00 1.9059e+03 3.0071e+03 2.9835e+03 2.3133e+18 4.2880e+20 5.5253e+20 8.1015e-02 -9.9320e-04 5.9911e+04 7.1381e+04
5.4000e+02 1.7937e-11 1.7381e+00 1.9079e+03 3.0125e+03 2.9835e+03 2.2581e+18 4.2377e+20 5.5239e+20 8.1793e-02 -1.3071e-03 5.9416e+04 6.6526e+04
5.5000e+02 1.7846e-11 1.7134e+00 1.9099e+03 3.0174e+03 2.9836e+03 2.2059e+18 4.1845e+20 5.5221e+20 8.2555e-02 -1.6105e-03 5.8939e+04 6.3015e+04
5.6000e+02 1.7755e-11 1.6894e+00 1.9118e+03 3.0219e+03 2.9836e+03 2.1566e+18 4.1309e+20 5.5198e+20 8.3301e-02 -1.9080e-03 5.8480e+04 6.0273e+04
5.7000e+02 1.7666e-11 1.6663e+00 1.9137e+03 3.0262e+03 2.9837e+03 2.1098e+18 4.0777e+20 5.5172e+20 8.4031e-02 -2.2008e-03 5.8039e+04 5.8033e+04
5.8000e+02 1.7577e-11 1.6439e+00 1.9155e+03 3.0303e+03 2.9837e+03 2.0655e+18 4.0255e+20 5.5141e+20 8.4744e-02 -2.4896e-03 5.7614e+04 5.6149e+04
5.9000e+02 1.7488e-11 1.6223e+00 1.9172e+03 3.0342e+03 2.9838e+03 2.0235e+18 3.9745e+20 5.5106e+20 8.5442e-02 -2.7742e-03 5.7205e+04 5.4532e+04
6.0000e+02 1.7400e-11 1.6014e+00 1.9189e+03 3.0380e+03 2.9839e+03 1.9837e+18 3.9251e+20 5.5067e+20 8.6123e-02 -3.0545e-03 5.6812e+04 5.3121e+04
6.1000e+02 1.7313e-11 1.5812e+00 1.9206e+03 3.0416e+03 2.9840e+03 1.9460e+18 3.8771e+20 5.5025e+20 8.6787e-02 -3.3303e-03 5.6434e+04 5.1874e+04
6.2000e+02 1.7227e-11 1.5616e+00 1.9222e+03 3.0450e+03 2.9841e+03 1.9102e+18 3.8308e+20 5.4979e+20 8.7435e-02 -3.6013e-03 5.6071e+04 5.0763e+04
6.3000e+02 1.7141e-11 1.5427e+00 1.9237e+03 3.0483e+03 2.9842e+03 1.8763e+18 3.7860e+20 5.4929e+20 8.8067e-02 -3.8672e-03 5.5722e+04 4.9765e+04
6.4000e+02 1.7055e-11 1.5243e+00 1.9253e+03 3.0515e+03 2.9843e+03 1.8441e+18 3.7428e+20 5.4875e+20 8.8682e-02 -4.1278e-03 5.5386e+04 4.8862e+04
6.5000e+02 1.6971e-11 1.5066e+00 1.9267e+03 3.0546e+03 2.9844e+03 1.8135e+18 3.7011e+20 5.4818e+20 8.9281e-02 -4.3828e-03 5.5064e+04 4.8040e+04
6.6000e+02 1.6887e-11 1.4894e+00 1.9281e+03 3.0576e+03 2.9846e+03 1.7845e+18 3.6610e+20 5.4757e+20 8.9863e-02 -4.6319e-03 5.4754e+04 4.7290e+04
6.7000e+02 1.6803e-11 1.4728e+00 1.9295e+03 3.0604e+03 2.9847e+03 1.7569e+18 3.6224e+20 5.4693e+20 9.0428e-02 -4.8751e-03 5.4456e+04 4.6601e+04
6.8000e+02 1.6720e-11 1.4567e+00 1.9308e+03 3.0632e+03 2.9849e+03 1.7307e+18 3.5852e+20 5.4625e+20 9.0978e-02 -5.1120e-03 5.4171e+04 4.5967e+04
6.9000e+02 1.6638e-11 1.4410e+00 1.9321e+03 3.0658e+03 2.9850e+03 1.7059e+18 3.5494e+20 5.4555e+20 9.1511e-02 -5.3426e-03 5.3897e+04 4.5381e+04
7.0000e+02 1.6556e-11 1.4259e+00 1.9333e+03 3.0684e+03 2.9852e+03 1.6823e+18 3.5150e+20 5.4481e+20 9.2028e-02 -5.5666e-03 5.3634e+04 4.4839e+04
7.1000e+02 1.6475e-11 1.4112e+00 1.9345e+03 3.0708e+03 2.9853e+03 1.6599e+18 3.4819e+20 5.4405e+20 9.2528e-02 -5.7841e-03 5.3382e+04 4.4337e+04
7.2000e+02 1.6394e-11 1.3970e+00 1.9356e+03 3.0732e+03 2.9855e+03 1.6387e+18 3.4501e+20 5.4325e+20 9.3013e-02 -5.9948e-03 5.3141e+04 4.3869e+04
7.3000e+02 1.6314e-11 1.3832e+00 1.9367e+03 3.0754e+03 2.9857e+03 1.6185e+18 3.4195e+20 5.4243e+20 9.3482e-02 -6.1986e-03 5.2909e+04 4.3434e+04
7.4000e+02 1.6235e-11 1.3698e+00 1.9377e+03 3.0776e+03 2.9859e+03 1.5993e+18 3.3902e+20 5.4158e+20 9.3936e-02 -6.3956e-03 5.2688e+04 4.3029e+04
7.5000e+02 1.6156e-11 1.3569e+00 1.9388e+03 3.0797e+03 2.9861e+03 1.5811e+18 3.3620e+20 5.4070e+20 9.4373e-02 -6.5857e-03 5.2476e+04 4.2650e+04
7.6000e+02 1.6078e-11 1.3443e+00 1.9397e+03 3.0817e+03 2.9863e+03 1.5638e+18 3.3349e+20 5.3981e+20 9.4796e-02 -6.7688e-03 5.2273e+04 4.2296e+04
7.7000e+02 1.6000e-11 1.3320e+00 1.9407e+03 3.0836e+03 2.9865e+03 1.5474e+18 3.3090e+20 5.3888e+20 9.5203e-02 -6.9450e-03 5.2079e+04 4.1966e+04
7.8000e+02 1.5923e-11 1.3202e+00 1.9416e+03 3.0855e+03 2.9867e+03 1.5319e+18 3.2840e+20 5.3794e+20 9.5595e-02 -7.1142e-03 5.1893e+04 4.1656e+04
7.9000e+02 1.5846e-11 1.3086e+00 1.9424e+03 3.0873e+03 2.9869e+03 1.5171e+18 3.2601e+20 5.3697e+20 9.5972e-02 -7.2764e-03 5.1716e+04 4.1366e+04
8.0000e+02 1.5770e-11 1.2975e+00 1.9433e+03 3.0889e+03 2.9871e+03 1.5032e+18 3.2372e+20 5.3599e+20 9.6335e-02 -7.4316e-03 5.1547e+04 4.1095e+04
8.1000e+02 1.5694e-11 1.2866e+00 1.9441e+03 3.0906e+03 2.9874e+03 1.4899e+18 3.2152e+20 5.3498e+20 9.6683e-02 -7.5799e-03 5.1386e+04 4.0841e+04
8.2000e+02 1.5619e-11 1.2760e+00 1.9448e+03 3.0921e+03 2.9876e+03 1.4774e+18 3.1941e+20 5.3396e+20 9.7017e-02 -7.7214e-03 5.1233e+04 4.0603e+04
8.3000e+02 1.5544e-11 1.2658e+00 1.9455e+03 3.0936e+03 2.9878e+03 1.4655e+18 3.1739e+20 5.3292e+20 9.7337e-02 -7.8560e-03 5.1087e+04 4.0381e+04
8.4000e+02 1.5470e-11 1.2558e+00 1.9462e+03 3.0950e+03 2.9881e+03 1.4543e+18 3.1546e+20 5.3187e+20 9.7643e-02 -7.9838e-03 5.0948e+04 4.0172e+04
8.5000e+02 1.5397e-11 1.2461e+00 1.9469e+03 3.0963e+03 2.9883e+03 1.4437e+18 3.1361e+20 5.3080e+20 9.7935e-02 -8.1049e-03 5.0816e+04 3.9977e+04
8.6000e+02 1.5324e-11 1.2366e+00 1.9475e+03 3.0976e+03 2.9886e+03 1.4337e+18 3.1184e+20 5.2971e+20 9.8214e-02 -8.2194e-03 5.0691e+04 3.9795e+04
8.7000e+02 1.5251e-11 1.2275e+00 1.9481e+03 3.0988e+03 2.9888e+03 1.4242e+18 3.1014e+20 5.2861e+20 9.8480e-02 -8.3273e-03 5.0572e+04 3.9625e+04
8.8000e+02 1.5179e-11 1.2185e+00 1.9487e+03 3.0999e+03 2.9891e+03 1.4153e+18 3.0852e+20 5.2751e+20 9.8733e-02 -8.4288e-03 5.0460e+04 3.9466e+04
8.9000e+02 1.5108e-11 1.2099e+00 1.9492e+03 3.1010e+03 2.9893e+03 1.4069e+18 3.0698e+20 5.2639e+20 9.8973e-02 -8.5239e-03 5.0353e+04 3.9318e+04
9.0000e+02 1.5037e-11 1.2014e+00 1.9497e+03 3.1021e+03 2.9896e+03 1.3990e+18 3.0550e+20 5.2526e+20 9.9201e-02 -8.6127e-03 5.0253e+04 3.9180e+04
9.1000e+02 1.4966e-11 1.1932e+00 1.9502e+03 3.1030e+03 2.9898e+03 1.3916e+18 3.0409e+20 5.2412e+20 9.9417e-02 -8.6953e-03 5.0159e+04 3.9052e+04
9.2000e+02 1.4896e-11 1.1852e+00 1.9507e+03 3.1039e+03 2.9901e+03 1.3847e+18 3.0274e+20 5.2297e+20 9.9620e-02 -8.7718e-03 5.0070e+04 3.8933e+04
9.3000e+02 1.4827e-11 1.1774e+00 1.9511e+03 3.1048e+03 2.9904e+03 1.3782e+18 3.0146e+20 5.2182e+20 9.9812e-02 -8.8424e-03 4.9986e+04 3.8823e+04
9.4000e+02 1.4757e-11 1.1698e+00 1.9515e+03 3.1056e+03 2.9906e+03 1.3721e+18 3.0024e+20 5.2065e+20 9.9992e-02 -8.9071e-03 4.9908e+04 3.8722e+04
9.5000e+02 1.4689e-11 1.1624e+00 1.9518e+03 3.1064e+03 2.9909e+03 1.3665e+18 2.9908e+20 5.1949e+20 1.0016e-01 -8.9660e-03 4.9835e+04 3.8629e+04
9.6000e+02 1.4621e-11 1.1552e+00 1.9522e+03 3.1071e+03 2.9912e+03 1.3612e+18 2.9798e+20 5.1832e+20 1.0032e-01 -9.0193e-03 4.9767e+04 3.8544e+04
9.7000e+02 1.4553e-11 1.1481e+00 1.9525e+03 3.1077e+03 2.9915e+03 1.3564e+18 2.9694e+20 5.1714e+20 1.0047e-01 -9.0671e-03 4.9704e+04 3.8467e+04
9.8000e+02 1.4486e-11 1.1413e+00 1.9528e+03 3.1083e+03 2.9917e+03 1.3519e+18 2.9594e+20 5.1596e+20 1.0060e-01 -9.1095e-03 4.9645e+04 3.8396e+04
9.9000e+02 1.4419e-11 1.1346e+00 1.9531e+03 3.1089e+03 2.9920e+03 1.3477e+18 2.9500e+20 5.1478e+20 1.0073e-01 -9.1466e-03 4.9592e+04 3.8333e+04
1.0000e+03 1.4353e-11 1.1281e+00 1.9534e+03 3.1094e+03 2.9923e+03 1.3439e+18 2.9411e+20 5.1360e+20 1.0084e-01 -9.1786e-03 4.9542e+04 3.8276e+04
1.0100e+03 1.4287e-11 1.1217e+00 1.9536e+03 3.1099e+03 2.9926e+03 1.3405e+18 2.9327e+20 5.1241e+20 1.0095e-01 -9.2055e-03 4.9497e+04 3.8226e+04
1.0200e+03 1.4222e-11 1.1155e+00 1.9538e+03 3.1103e+03 2.9929e+03 1.3374e+18 2.9248e+20 5.1123e+20 1.0105e-01 -9.2275e-03 4.9456e+04 3.8182e+04
1.0300e+03 1.4157e-11 1.1095e+00 1.9540e+03 3.1107e+03 2.9931e+03 1.3345e+18 2.9174e+20 5.1004e+20 1.0113e-01 -9.2447e-03 4.9419e+04 3.8145e+04
1.0400e+03 1.4092e-11 1.1036e+00 1.9542e+03 3.1110e+03 2.9934e+03 1.3320e+18 2.9104e+20 5.0886e+20 1.0121e-01 -9.2572e-03 4.9386e+04 3.8113e+04
1.0500e+03 1.4028e-11 1.0978e+00 1.9543e+03 3.1113e+03 2.9937e+03 1.3298e+18 2.9038e+20 5.0767e+20 1.0128e-01 -9.2652e-03 4.9357e+04 3.8087e+04
1.0600e+03 1.3965e-11 1.0922e+00 1.9544e+03 3.1116e+03 2.9940e+03 1.3279e+18 2.8977e+20 5.0649e+20 1.0134e-01 -9.2687e-03 4.9332e+04 3.8066e+04
1.0700e+03 1.3902e-11 1.0867e+00 1.9546e+03 3.1118e+03 2.9943e+03 1.3262e+18 2.8920e+20 5.0532e+20 1.0139e-01 -9.2679e-03 4.9310e+04 3.8051e+04
1.0800e+03 1.3839e-11 1.0813e+00 1.9546e+03 3.1120e+03 2.9945e+03 1.3248e+18 2.8867e+20 5.0414e+20 1.0144e-01 -9.2630e-03 4.9292e+04 3.8041e+04
1.0900e+03 1.3777e-11 1.0761e+00 1.9547e+03 3.1121e+03 2.9948e+03 1.3237e+18 2.8817e+20 5.0297e+20 1.0147e-01 -9.2539e-03 4.9277e+04 3.8036e+04
1.1000e+03 1.3715e-11 1.0710e+00 1.9548e+03 3.1123e+03 2.9951e+03 1.3228e+18 2.8772e+20 5.0180e+20 1.0150e-01 -9.2409e-03 4.9266e+04 3.8036e+04
1.1100e+03 1.3653e-11 1.0660e+00 1.9548e+03 3.1123e+03 2.9954e+03 1.3222e+18 2.8730e+20 5.0064e+20 1.0152e-01 -9.2241e-03 4.9258e+04 3.8040e+04
1.1200e+03 1.3592e-11 1.0611e+00 1.9549e+03 3.1124e+03 2.9957e+03 1.3218e+18 2.8692e+20 4.9948e+20 1.0153e-01 -9.2036e-03 4.9253e+04 3.8050e+04
1.1300e+03 1.3532e-11 1.0563e+00 1.9549e+03 3.1124e+03 2.9959e+03 1.3216e+18 2.8658e+20 4.9833e+20 1.0153e-01 -9.1795e-03 4.9251e+04 3.8064e+04
1.1400e+03 1.3471e-11 1.0516e+00 1.9549e+03 3.1124e+03 2.9962e+03 1.3217e+18 2.8626e+20 4.9718e+20 1.0153e-01 -9.1518e-03 4.9252e+04 3.8083e+04
1.1500e+03 1.3412e-11 1.0471e+00 1.9548e+03 3.1124e+03 2.9965e+03 1.3219e+18 2.8599e+20 4.9604e+20 1.0152e-01 -9.1208e-03 4.9256e+04 3.8106e+04
1.1600e+03 1.3352e-11 1.0426e+00 1.9548e+03 3.1123e+03 2.9968e+03 1.3224e+18 2.8574e+20 4.9491e+20 1.0150e-01 -9.0866e-03 4.9263e+04 3.8133e+04
1.1700e+03 1.3293e-11 1.0382e+00 1.9547e+03 3.1122e+03 2.9971e+03 1.3231e+18 2.8552e+20 4.9378e+20 1.0148e-01 -9.0491e-03 4.9273e+04 3.8165e+04
1.1800e+03 1.3235e-11 1.0340e+00 1.9547e+03 3.1120e+03 2.9973e+03 1.3240e+18 2.8534e+20 4.9266e+20 1.0145e-01 -9.0087e-03 4.9285e+04 3.8200e+04
1.1900e+03 1.3176e-11 1.0298e+00 1.9546e+03 3.1119e+03 2.9976e+03 1.3251e+18 2.8519e+20 4.9155e+20 1.0142e-01 -8.9652e-03 4.9300e+04 3.8240e+04
1.2000e+03 1.3119e-11 1.0257e+00 1.9545e+03 3.1117e+03 2.9979e+03 1.3264e+18 2.8506e+20 4.9044e+20 1.0137e-01 -8.9190e-03 4.9317e+04 3.8284e+04
1.2100e+03 1.3061e-11 1.0217e+00 1.9544e+03 3.1115e+03 2.9982e+03 1.3279e+18 2.8497e+20 4.8935e+20 1.0133e-01 -8.8700e-03 4.9337e+04 3.8332e+04
1.2200e+03 1.3004e-11 1.0177e+00 1.9543e+03 3.1112e+03 2.9984e+03 1.3295e+18 2.8490e+20 4.8826e+20 1.0127e-01 -8.8183e-03 4.9360e+04 3.8384e+04
1.2300e+03 1.2947e-11 1.0139e+00 1.9542e+03 3.1110e+03 2.9987e+03 1.3314e+18 2.8486e+20 4.8719e+20 1.0122e-01 -8.7641e-03 4.9385e+04 3.8439e+04
1.2400e+03 1.2891e-11 1.0101e+00 1.9540e+03 3.1107e+03 2.9990e+03 1.3334e+18 2.8485e+20 4.8612e+20 1.0115e-01 -8.7075e-03 4.9412e+04 3.8498e+04
1.2500e+03 1.2835e-11 1.0064e+00 1.9539e+03 3.1104e+03 2.9992e+03 1.3356e+18 2.8486e+20 4.8506e+20 1.0108e-01 -8.6485e-03 4.9441e+04 3.8562e+04
1.2600e+03 1.2780e-11 1.0028e+00 1.9537e+03 3.1101e+03 2.9995e+03 1.3379e+18 2.8490e+20 4.8401e+20 1.0101e-01 -8.5873e-03 4.9472e+04 3.8628e+04
1.2700e+03 1.2725e-11 9.9925e-01 1.9535e+03 3.1097e+03 2.9997e+03 1.3405e+18 2.8496e+20 4.8297e+20 1.0093e-01 -8.5238e-03 4.9506e+04 3.8699e+04
1.2800e+03 1.2670e-11 9.9578e-01 1.9534e+03 3.1093e+03 3.0000e+03 1.3431e+18 2.8504e+20 4.8194e+20 1.0085e-01 -8.4583e-03 4.9542e+04 3.8773e+04
1.2900e+03 1.2615e-11 9.9237e-01 1.9532e+03 3.1089e+03 3.0003e+03 1.3460e+18 2.8515e+20 4.8092e+20 1.0076e-01 -8.3909e-03 4.9579e+04 3.8851e+04
1.3000e+03 1.2561e-11 9.8903e-01 1.9530e+03 3.1085e+03 3.0005e+03 1.3490e+18 2.8529e+20 4.7991e+20 1.0066e-01 -8.3215e-03 4.9619e+04 3.8932e+04
1.3100e+03 1.2508e-11 9.8575e-01 1.9527e+03 3.1081e+03 3.0008e+03 1.3521e+18 2.8544e+20 4.7891e+20 1.0057e-01 -8.2503e-03 4.9661e+04 3.9017e+04
1.3200e+03 1.2454e-11 9.8254e-01 1.9525e+03 3.1076e+03 3.0010e+03 1.3554e+18 2.8562e+20 4.7793e+20 1.0047e-01 -8.1773e-03 4.9704e+04 3.9106e+04
1.3300e+03 1.2401e-11 9.7938e-01 1.9523e+03 3.1071e+03 3.0013e+03 1.3588e+18 2.8582e+20 4.7695e+20 1.0036e-01 -8.1027e-03 4.9749e+04 3.9198e+04
1.3400e+03 1.2349e-11 9.7629e-01 1.9520e+03 3.1066e+03 3.0015e+03 1.3624e+18 2.8604e+20 4.7598e+20 1.0025e-01 -8.0265e-03 4.9797e+04 3.9293e+04
1.3500e+03 1.2296e-11 9.7325e-01 1.9518e+03 3.1061e+03 3.0018e+03 1.3661e+18 2.8628e+20 4.7503e+20 1.0014e-01 -7.9487e-03 4.9845e+04 3.9392e+04
1.3600e+03 1.2244e-11 9.7027e-01 1.9515e+03 3.1056e+03 3.0020e+03 1.3700e+18 2.8655e+20 4.7409e+20 1.0002e-01 -7.8696e-03 4.9896e+04 3.9495e+04
1.3700e+03 1.2193e-11 9.6735e-01 1.9513e+03 3.1051e+03 3.0022e+03 1.3740e+18 2.8683e+20 4.7316e+20 9.9900e-02 -7.7890e-03 4.9948e+04 3.9601e+04
1.3800e+03 1.2141e-11 9.6448e-01 1.9510e+03 3.1045e+03 3.0025e+03 1.3781e+18 2.8713e+20 4.7223e+20 9.9777e-02 -7.7072e-03 5.0002e+04 3.9710e+04
1.3900e+03 1.2090e-11 9.6165e-01 1.9507e+03 3.1039e+03 3.0027e+03 1.3824e+18 2.8745e+20 4.7133e+20 9.9650e-02 -7.6241e-03 5.0057e+04 3.9823e+04
1.4000e+03 1.2040e-11 9.5888e-01 1.9504e+03 3.1033e+03 3.0029e+03 1.3867e+18 2.8779e+20 4.7043e+20 9.9519e-02 -7.5399e-03 5.0114e+04 3.9940e+04
1.4100e+03 1.1990e-11 9.5616e-01 1.9501e+03 3.1027e+03 3.0032e+03 1.3912e+18 2.8814e+20 4.6954e+20 9.9386e-02 -7.4546e-03 5.0172e+04 4.0060e+04
1.4200e+03 1.1940e-11 9.5349e-01 1.9498e+03 3.1021e+03 3.0034e+03 1.3959e+18 2.8852e+20 4.6867e+20 9.9249e-02 -7.3682e-03 5.0232e+04 4.0184e+04
1.4300e+03 1.1890e-11 9.5086e-01 1.9495e+03 3.1015e+03 3.0036e+03 1.4006e+18 2.8891e+20 4.6781e+20 9.9110e-02 -7.2809e-03 5.0293e+04 4.0311e+04
1.4400e+03 1.1841e-11 9.4828e-01 1.9492e+03 3.1008e+03 3.0038e+03 1.4055e+18 2.8932e+20 4.6696e+20 9.8968e-02 -7.1927e-03 5.0356e+04 4.0442e+04
1.4500e+03 1.1792e-11 9.4574e-01 1.9489e+03 3.1001e+03 3.0041e+03 1.4105e+18 2.8975e+20 4.6612e+20 9.8823e-02 -7.1036e-03 5.0420e+04 4.0576e+04
1.4600e+03 1.1743e-11 9.4325e-01 1.9486e+03 3.0995e+03 3.0043e+03 1.4156e+18 2.9019e+20 4.6530e+20 9.8676e-02 -7.0137e-03 5.0485e+04 4.0714e+04
1.4700e+03 1.1695e-11 9.4079e-01 1.9482e+03 3.0988e+03 3.0045e+03 1.4208e+18 2.9065e+20 4.6448e+20 9.8526e-02 -6.9230e-03 5.0552e+04 4.0856e+04
1.4800e+03 1.1647e-11 9.3838e-01 1.9479e+03 3.0981e+03 3.0047e+03 1.4262e+18 2.9113e+20 4.6368e+20 9.8374e-02 -6.8317e-03 5.0620e+04 4.1001e+04
1.4900e+03 1.1599e-11 9.3601e-01 1.9475e+03 3.0974e+03 3.0049e+03 1.4316e+18 2.9162e+20 4.6289e+20 9.8219e-02 -6.7397e-03 5.0689e+04 4.1150e+04
1.5000e+03 1.1552e-11 9.3368e-01 1.9472e+03 3.0966e+03 3.0051e+03 1.4372e+18 2.9213e+20 4.6211e+20 9.8062e-02 -6.6471e-03 5.0759e+04 4.1303e+04
1.5100e+03 1.1505e-11 9.3138e-01 1.9468e+03 3.0959e+03 3.0053e+03 1.4428e+18 2.9265e+20 4.6135e+20 9.7903e-02 -6.5540e-03 5.0830e+04 4.1460e+04
1.5200e+03 1.1458e-11 9.2912e-01 1.9465e+03 3.0951e+03 3.0055e+03 1.4486e+18 2.9318e+20 4.6059e+20 9.7742e-02 -6.4603e-03 5.0903e+04 4.1620e+04
1.5300e+03 1.1411e-11 9.2690e-01 1.9461e+03 3.0944e+03 3.0057e+03 1.4545e+18 2.9373e+20 4.5985e+20 9.7579e-02 -6.3663e-03 5.0977e+04 4.1785e+04
1.5400e+03 1.1365e-11 9.2471e-01 1.9457e+03 3.0936e+03 3.0059e+03 1.4605e+18 2.9430e+20 4.5912e+20 9.7414e-02 -6.2718e-03 5.1052e+04 4.1953e+04
1.5500e+03 1.1319e-11 9.2256e-01 1.9453e+03 3.0928e+03 3.0061e+03 1.4666e+18 2.9488e+20 4.5841e+20 9.7247e-02 -6.1769e-03 5.1128e+04 4.2126e+04
1.5600e+03 1.1274e-11 9.2044e-01 1.9450e+03 3.0920e+03 3.0063e+03 1.4728e+18 2.9547e+20 4.5770e+20 9.7079e-02 -6.0818e-03 5.1205e+04 4.2302e+04
1.5700e+03 1.1228e-11 9.1835e-01 1.9446e+03 3.0912e+03 3.0065e+03 1.4791e+18 2.9608e+20 4.5701e+20 9.6909e-02 -5.9863e-03 5.1283e+04 4.2483e+04
1.5800e+03 1.1183e-11 9.1630e-01 1.9442e+03 3.0904e+03 3.0067e+03 1.4855e+18 2.9670e+20 4.5633e+20 9.6737e-02 -5.8906e-03 5.1362e+04 4.2668e+04
1.5900e+03 1.1139e-11 9.1427e-01 1.9438e+03 3.0896e+03 3.0068e+03 1.4920e+18 2.9733e+20 4.5566e+20 9.6564e-02 -5.7947e-03 5.1442e+04 4.2857e+04
1.6000e+03 1.1094e-11 9.1228e-01 1.9434e+03 3.0888e+03 3.0070e+03 1.4986e+18 2.9798e+20 4.5500e+20 9.6389e-02 -5.6987e-03 5.1522e+04 4.3051e+04
1.6100e+03 1.1050e-11 9.1031e-01 1.9430e+03 3.0880e+03 3.0072e+03 1.5053e+18 2.9864e+20 4.5435e+20 9.6212e-02 -5.6025e-03 5.1604e+04 4.3249e+04
1.6200e+03 1.1006e-11 9.0838e-01 1.9426e+03 3.0871e+03 3.0074e+03 1.5121e+18 2.9931e+20 4.5372e+20 9.6035e-02 -5.5062e-03 5.1687e+04 4.3452e+04
1.6300e+03 1.0963e-11 9.0647e-01 1.9422e+03 3.0863e+03 3.0075e+03 1.5189e+18 2.9999e+20 4.5310e+20 9.5856e-02 -5.4098e-03 5.1771e+04 4.3660e+04
1.6400e+03 1.0919e-11 9.0459e-01 1.9418e+03 3.0854e+03 3.0077e+03 1.5259e+18 3.0069e+20 4.5249e+20 9.5676e-02 -5.3134e-03 5.1855e+04 4.3872e+04
1.6500e+03 1.0876e-11 9.0274e-01 1.9413e+03 3.0845e+03 3.0078e+03 1.5330e+18 3.0139e+20 4.5189e+20 9.5494e-02 -5.2170e-03 5.1941e+04 4.4090e+04
1.6600e+03 1.0834e-11 9.0092e-01 1.9409e+03 3.0836e+03 3.0080e+03 1.5402e+18 3.0211e+20 4.5130e+20 9.5312e-02 -5.1206e-03 5.2027e+04 4.4312e+04
1.6700e+03 1.0791e-11 8.9912e-01 1.9405e+03 3.0828e+03 3.0082e+03 1.5474e+18 3.0284e+20 4.5073e+20 9.5128e-02 -5.0242e-03 5.2114e+04 4.4540e+04
1.6800e+03 1.0749e-11 8.9734e-01 1.9401e+03 3.0819e+03 3.0083e+03 1.5548e+18 3.0358e+20 4.5016e+20 9.4943e-02 -4.9280e-03 5.2202e+04 4.4773e+04
1.6900e+03 1.0707e-11 8.9559e-01 1.9397e+03 3.0810e+03 3.0085e+03 1.5622e+18 3.0433e+20 4.4961e+20 9.4758e-02 -4.8318e-03 5.2291e+04 4.5011e+04
1.7000e+03 1.0665e-11 8.9387e-01 1.9392e+03 3.0801e+03 3.0086e+03 1.5698e+18 3.0509e+20 4.4907e+20 9.4571e-02 -4.7358e-03 5.2380e+04 4.5256e+04
1.7100e+03 1.0624e-11 8.9217e-01 1.9388e+03 3.0791e+03 3.0088e+03 1.5774e+18 3.0587e+20 4.4854e+20 9.4384e-02 -4.6400e-03 5.2471e+04 4.5506e+04
1.7200e+03 1.0583e-11 8.9049e-01 1.9384e+03 3.0782e+03 3.0089e+03 1.5851e+18 3.0665e+20 4.4803e+20 9.4196e-02 -4.5443e-03 5.2561e+04 4.5762e+04
1.7300e+03 1.0542e-11 8.8883e-01 1.9379e+03 3.0773e+03 3.0090e+03 1.5929e+18 3.0744e+20 4.4752e+20 9.4007e-02 -4.4488e-03 5.2653e+04 4.6024e+04
1.7400e+03 1.0501e-11 8.8720e-01 1.9375e+03 3.0764e+03 3.0092e+03 1.6008e+18 3.0824e+20 4.4702e+20 9.3817e-02 -4.3536e-03 5.2746e+04 4.6293e+04
1.7500e+03 1.0461e-11 8.8559e-01 1.9370e+03 3.0754e+03 3.0093e+03 1.6088e+18 3.0905e+20 4.4654e+20 9.3626e-02 -4.2586e-03 5.2839e+04 4.6568e+04
1.7600e+03 1.0421e-11 8.8400e-01 1.9366e+03 3.0745e+03 3.0094e+03 1.6169e+18 3.0988e+20 4.4607e+20 9.3435e-02 -4.1639e-03 5.2932e+04 4.6851e+04
1.7700e+03 1.0381e-11 8.8243e-01 1.9361e+03 3.0735e+03 3.0096e+03 1.6250e+18 3.1071e+20 4.4561e+20 9.3244e-02 -4.0695e-03 5.3027e+04 4.7140e+04
1.7800e+03 1.0342e-11 8.8088e-01 1.9357e+03 3.0725e+03 3.0097e+03 1.6333e+18 3.1155e+20 4.4515e+20 9.3051e-02 -3.9753e-03 5.3122e+04 4.7437e+04
1.7900e+03 1.0302e-11 8.7935e-01 1.9352e+03 3.0716e+03 3.0098e+03 1.6416e+18 3.1239e+20 4.4472e+20 9.2858e-02 -3.8815e-03 5.3218e+04 4.7742e+04
1.8000e+03 1.0263e-11 8.7784e-01 1.9348e+03 3.0706e+03 3.0099e+03 1.6500e+18 3.1325e+20 4.4429e+20 9.2665e-02 -3.7880e-03 5.3314e+04 4.8055e+04
1.8100e+03 1.0224e-11 8.7634e-01 1.9343e+03 3.0696e+03 3.0100e+03 1.6585e+18 3.1411e+20 4.4387e+20 9.2471e-02 -3.6949e-03 5.3411e+04 4.8376e+04
1.8200e+03 1.0186e-11 8.7487e-01 1.9339e+03 3.0686e+03 3.0102e+03 1.6671e+18 3.1499e+20 4.4346e+20 9.2277e-02 -3.6022e-03 5.3509e+04 4.8706e+04
1.8300e+03 1.0147e-11 8.7342e-01 1.9334e+03 3.0676e+03 3.0103e+03 1.6758e+18 3.1587e+20 4.4306e+20 9.2082e-02 -3.5098e-03 5.3607e+04 4.9045e+04
1.8400e+03 1.0109e-11 8.7198e-01 1.9329e+03 3.0666e+03 3.0104e+03 1.6845e+18 3.1676e+20 4.4268e+20 9.1887e-02 -3.4179e-03 5.3705e+04 4.9394e+04
1.8500e+03 1.0071e-11 8.7056e-01 1.9325e+03 3.0656e+03 3.0105e+03 1.6933e+18 3.1765e+20 4.4230e+20 9.1692e-02 -3.3263e-03 5.3805e+04 4.9753e+04
1.8600e+03 1.0033e-11 8.6916e-01 1.9320e+03 3.0646e+03 3.0106e+03 1.7022e+18 3.1855e+20 4.4194e+20 9.1496e-02 -3.2352e-03 5.3905e+04 5.0123e+04
1.8700e+03 9.9960e-12 8.6778e-01 1.9316e+03 3.0636e+03 3.0107e+03 1.7112e+18 3.1946e+20 4.4158e+20 9.1300e-02 -3.1445e-03 5.4005e+04 5.0503e+04
1.8800e+03 9.9588e-12 8.6641e-01 1.9311e+03 3.0626e+03 3.0108e+03 1.7203e+18 3.2038e+20 4.4124e+20 9.1104e-02 -3.0542e-03 5.4106e+04 5.0896e+04
1.8900e+03 9.9219e-12 8.6506e-01 1.9306e+03 3.0616e+03 3.0109e+03 1.7295e+18 3.2130e+20 4.4090e+20 9.0907e-02 -2.9644e-03 5.4207e+04 5.1301e+04
1.9000e+03 9.8851e-12 8.6373e-01 1.9301e+03 3.0605e+03 3.0109e+03 1.7387e+18 3.2223e+20 4.4058e+20 9.0711e-02 -2.8750e-03 5.4309e+04 5.1719e+04
1.9100e+03 9.8486e-12 8.6241e-01 1.9297e+03 3.0595e+03 3.0110e+03 1.7481e+18 3.2316e+20 4.4026e+20 9.0514e-02 -2.7861e-03 5.4412e+04 5.2150e+04
1.9200e+03 9.8123e-12 8.6110e-01 1.9292e+03 3.0584e+03 3.0111e+03 1.7575e+18 3.2410e+20 4.3996e+20 9.0317e-02 -2.6977e-03 5.4515e+04 5.2597e+04
1.9300e+03 9.7763e-12 8.5982e-01 1.9287e+03 3.0574e+03 3.0112e+03 1.7669e+18 3.2504e+20 4.3966e+20 9.0120e-02 -2.6098e-03 5.4618e+04 5.3059e+04
1.9400e+03 9.7404e-12 8.5854e-01 1.9283e+03 3.0563e+03 3.0113e+03 1.7765e+18 3.2598e+20 4.3938e+20 8.9923e-02 -2.5223e-03 5.4722e+04 5.3538e+04
1.9500e+03 9.7048e-12 8.5728e-01 1.9278e+03 3.0552e+03 3.0114e+03 1.7862e+18 3.2693e+20 4.3910e+20 8.9725e-02 -2.4353e-03 5.4827e+04 5.4035e+04
1.9600e+03 9.6694e-12 8.5604e-01 1.9273e+03 3.0541e+03 3.0114e+03 1.7959e+18 3.2788e+20 4.3884e+20 8.9528e-02 -2.3488e-03 5.4931e+04 5.4551e+04
1.9700e+03 9.6342e-12 8.5481e-01 1.9268e+03 3.0531e+03 3.0115e+03 1.8057e+18 3.2884e+20 4.3858e+20 8.9331e-02 -2.2628e-03 5.5037e+04 5.5088e+04
1.9800e+03 9.5992e-12 8.5359e-01 1.9263e+03 3.0520e+03 3.0116e+03 1.8156e+18 3.2980e+20 4.3833e+20 8.9133e-02 -2.1772e-03 5.5143e+04 5.5647e+04
1.9900e+03 9.5645e-12 8.5239e-01 1.9259e+03 3.0509e+03 3.0116e+03 1.8255e+18 3.3075e+20 4.3810e+20 8.8936e-02 -2.0921e-03 5.5249e+04 5.6231e+04
2.0000e+03 9.5299e-12 8.5120e-01 1.9254e+03 3.0497e+03 3.0117e+03 1.8356e+18 3.3171e+20 4.3787e+20 8.8739e-02 -2.0074e-03 5.5355e+04 5.6841e+04
2.0100e+03 9.4956e-12 8.5002e-01 1.9249e+03 3.0486e+03 3.0118e+03 1.8457e+18 3.3267e+20 4.3765e+20 8.8542e-02 -1.9232e-03 5.5462e+04 5.7479e+04
2.0200e+03 9.4615e-12 8.4885e-01 1.9244e+03 3.0475e+03 3.0118e+03 1.8559e+18 3.3362e+20 4.3744e+20 8.8344e-02 -1.8394e-03 5.5570e+04 5.8149e+04
2.0300e+03 9.4276e-12 8.4770e-01 1.9239e+03 3.0463e+03 3.0119e+03 1.8662e+18 3.3457e+20 4.3724e+20 8.8147e-02 -1.7560e-03 5.5678e+04 5.8854e+04
2.0400e+03 9.3939e-12 8.4656e-01 1.9235e+03 3.0452e+03 3.0119e+03 1.8766e+18 3.3552e+20 4.3705e+20 8.7950e-02 -1.6729e-03 5.5786e+04 5.9597e+04
2.0500e+03 9.3604e-12 8.4544e-01 1.9230e+03 3.0440e+03 3.0120e+03 1.8870e+18 3.3646e+20 4.3687e+20 8.7753e-02 -1.5902e-03 5.5895e+04 6.0383e+04
2.0600e+03 9.3271e-12 8.4432e-01 1.9225e+03 3.0428e+03 3.0120e+03 1.8975e+18 3.3740e+20 4.3670e+20 8.7557e-02 -1.5078e-03 5.6004e+04 6.1218e+04
2.0700e+03 9.2940e-12 8.4322e-01 1.9220e+03 3.0416e+03 3.0121e+03 1.9081e+18 3.3832e+20 4.3653e+20 8.7360e-02 -1.4256e-03 5.6113e+04 6.2108e+04
2.0800e+03 9.2611e-12 8.4213e-01 1.9215e+03 3.0404e+03 3.0121e+03 1.9188e+18 3.3923e+20 4.3638e+20 8.7164e-02 -1.3436e-03 5.6223e+04 6.3061e+04
2.0900e+03 9.2284e-12 8.4105e-01 1.9210e+03 3.0391e+03 3.0122e+03 1.9295e+18 3.4013e+20 4.3623e+20 8.6968e-02 -1.2616e-03 5.6333e+04 6.4086e+04
2.1000e+03 9.1959e-12 8.3998e-01 1.9206e+03 3.0378e+03 3.0122e+03 1.9404e+18 3.4100e+20 4.3610e+20 8.6772e-02 -1.1795e-03 5.6443e+04 6.5198e+04
2.1100e+03 9.1636e-12 8.3892e-01 1.9201e+03 3.0365e+03 3.0122e+03 1.9513e+18 3.4184e+20 4.3597e+20 8.6576e-02 -1.0972e-03 5.6554e+04 6.6412e+04
2.1200e+03 9.1315e-12 8.3787e-01 1.9196e+03 3.0352e+03 3.0123e+03 1.9622e+18 3.4265e+20 4.3585e+20 8.6381e-02 -1.0143e-03 5.6665e+04 6.7751e+04
2.1300e+03 9.0995e-12 8.3683e-01 1.9191e+03 3.0338e+03 3.0123e+03 1.9733e+18 3.4342e+20 4.3574e+20 8.6186e-02 -9.3052e-04 5.6776e+04 6.9246e+04
2.1400e+03 9.0678e-12 8.3580e-01 1.9186e+03 3.0323e+03 3.0123e+03 1.9844e+18 3.4412e+20 4.3564e+20 8.5991e-02 -8.4534e-04 5.6888e+04 7.0946e+04
2.1500e+03 9.0363e-12 8.3478e-01 1.9181e+03 3.0308e+03 3.0124e+03 1.9956e+18 3.4474e+20 4.3555e+20 8.5796e-02 -7.5781e-04 5.7000e+04 7.2925e+04
2.1600e+03 9.0049e-12 8.3378e-01 1.9176e+03 3.0291e+03 3.0124e+03 2.0069e+18 3.4522e+20 4.3547e+20 8.5602e-02 -6.6632e-04 5.7112e+04 7.5316e+04
2.1700e+03 8.9738e-12 8.3277e-01 1.9172e+03 3.0272e+03 3.0124e+03 2.0183e+18 3.4547e+20 4.3539e+20 8.5408e-02 -5.6729e-04 5.7225e+04 7.8402e+04
2.1800e+03 8.9428e-12 8.3178e-01 1.9167e+03 3.0249e+03 3.0124e+03 2.0297e+18 3.4520e+20 4.3533e+20 8.5215e-02 -4.4930e-04 5.7337e+04 8.3073e+04
2.1900e+03 8.9120e-12 8.3080e-01 1.9162e+03 3.0216e+03 3.0124e+03 2.0411e+18 3.4395e+20 4.3528e+20 8.5023e-02 -2.9889e-04 5.7450e+04 9.1882e+04
2.2000e+03 8.8814e-12 8.2981e-01 1.9157e+03 3.0216e+03 3.0124e+03 2.0527e+18 3.4627e+20 4.3525e+20 8.4831e-02 -2.9852e-04 5.7563e+04 9.2037e+04
2.2100e+03 8.8510e-12 8.2885e-01 1.9152e+03 3.0216e+03 3.0124e+03 2.0643e+18 3.4862e+20 4.3522e+20 8.4639e-02 -2.9817e-04 5.7676e+04 9.2191e+04
2.2200e+03 8.8207e-12 8.2790e-01 1.9147e+03 3.0216e+03 3.0125e+03 2.0760e+18 3.5100e+20 4.3519e+20 8.4447e-02 -2.9782e-04 5.7790e+04 9.2346e+04
2.2300e+03 8.7907e-12 8.2696e-01 1.9142e+03 3.0216e+03 3.0125e+03 2.0879e+18 3.5341e+20 4.3516e+20 8.4254e-02 -2.9746e-04 5.7905e+04 9.2502e+04
2.2400e+03 8.7608e-12 8.2604e-01 1.9138e+03 3.0217e+03 3.0125e+03 2.0998e+18 3.5584e+20 4.3512e+20 8.4061e-02 -2.9711e-04 5.8020e+04 9.2660e+04
2.2500e+03 8.7311e-12 8.2513e-01 1.9133e+03 3.0217e+03 3.0125e+03 2.1119e+18 3.5831e+20 4.3509e+20 8.3868e-02 -2.9675e-04 5.8136e+04 9.2818e+04
2.2600e+03 8.7016e-12 8.2424e-01 1.9128e+03 3.0217e+03 3.0125e+03 2.1241e+18 3.6080e+20 4.3506e+20 8.3675e-02 -2.9639e-04 5.8253e+04 9.2978e+04
2.2700e+03 8.6722e-12 8.2336e-01 1.9123e+03 3.0217e+03 3.0125e+03 2.1364e+18 3.6332e+20 4.3503e+20 8.3482e-02 -2.9604e-04 5.8370e+04 9.3138e+04
2.2800e+03 8.6430e-12 8.2249e-01 1.9118e+03 3.0073e+03 3.0125e+03 2.1488e+18 3.4943e+20 4.3500e+20 8.3289e-02 1.4209e-04 5.8487e+04 1.1083e+05
2.2900e+03 8.6140e-12 8.2161e-01 1.9113e+03 3.0069e+03 3.0125e+03 2.1611e+18 3.5144e+20 4.3501e+20 8.3099e-02 1.5390e-04 5.8604e+04 1.0876e+05
2.3000e+03 8.5852e-12 8.2073e-01 1.9108e+03 3.0066e+03 3.0125e+03 2.1735e+18 3.5346e+20 4.3503e+20 8.2909e-02 1.6652e-04 5.8720e+04 1.0676e+05
2.3100e+03 8.5565e-12 8.1987e-01 1.9103e+03 3.0062e+03 3.0125e+03 2.1861e+18 3.5547e+20 4.3505e+20 8.2719e-02 1.8003e-04 5.8837e+04 1.0481e+05
2.3200e+03 8.5280e-12 8.1902e-01 1.9098e+03 3.0058e+03 3.0125e+03 2.1987e+18 3.5748e+20 4.3506e+20 8.2529e-02 1.9449e-04 5.8955e+04 1.0292e+05
2.3300e+03 8.4997e-12 8.1819e-01 1.9093e+03 3.0054e+03 3.0125e+03 2.2114e+18 3.5949e+20 4.3509e+20 8.2338e-02 2.0991e-04 5.9073e+04 1.0109e+05
2.3400e+03 8.4715e-12 8.1736e-01 1.9088e+03 3.0050e+03 3.0125e+03 2.2243e+18 3.6149e+20 4.3511e+20 8.2148e-02 2.2632e-04 5.9192e+04 9.9312e+04
2.3500e+03 8.4435e-12 8.1655e-01 1.9083e+03 3.0045e+03 3.0125e+03 2.2372e+18 3.6349e+20 4.3513e+20 8.1958e-02 2.4374e-04 5.9311e+04 9.7592e+04
2.3600e+03 8.4156e-12 8.1574e-01 1.9079e+03 3.0041e+03 3.0125e+03 2.2502e+18 3.6549e+20 4.3516e+20 8.1769e-02 2.6220e-04 5.9431e+04 9.5929e+04
2.3700e+03 8.3880e-12 8.1495e-01 1.9074e+03 3.0036e+03 3.0125e+03 2.2634e+18 3.6749e+20 4.3519e+20 8.1579e-02 2.8171e-04 5.9551e+04 9.4323e+04
2.3800e+03 8.3604e-12 8.1417e-01 1.9069e+03 3.0031e+03 3.0124e+03 2.2767e+18 3.6947e+20 4.3522e+20 8.1389e-02 3.0228e-04 5.9671e+04 9.2773e+04
2.3900e+03 8.3331e-12 8.1340e-01 1.9064e+03 3.0026e+03 3.0124e+03 2.2900e+18 3.7146e+20 4.3525e+20 8.1200e-02 3.2391e-04 5.9792e+04 9.1277e+04
2.4000e+03 8.3059e-12 8.1264e-01 1.9059e+03 3.0020e+03 3.0124e+03 2.3035e+18 3.7344e+20 4.3529e+20 8.1011e-02 3.4661e-04 5.9914e+04 8.9837e+04
2.4100e+03 8.2788e-12 8.1189e-01 1.9054e+03 3.0015e+03 3.0124e+03 2.3170e+18 3.7541e+20 4.3532e+20 8.0822e-02 3.7037e-04 6.0035e+04 8.8449e+04
2.4200e+03 8.2519e-12 8.1114e-01 1.9049e+03 3.0009e+03 3.0124e+03 2.3307e+18 3.7738e+20 4.3536e+20 8.0633e-02 3.9520e-04 6.0157e+04 8.7113e+04
2.4300e+03 8.2252e-12 8.1041e-01 1.9044e+03 3.0003e+03 3.0124e+03 2.3445e+18 3.7935e+20 4.3541e+20 8.0444e-02 4.2108e-04 6.0280e+04 8.5828e+04
2.4400e+03 8.1986e-12 8.0969e-01 1.9039e+03 2.9997e+03 3.0124e+03 2.3583e+18 3.8131e+20 4.3545e+20 8.0256e-02 4.4801e-04 6.0403e+04 8.4591e+04
2.4500e+03 8.1722e-12 8.0897e-01 1.9034e+03 2.9991e+03 3.0124e+03 2.3723e+18 3.8327e+20 4.3550e+20 8.0068e-02 4.7596e-04 6.0526e+04 8.3402e+04
2.4600e+03 8.1459e-12 8.0827e-01 1.9029e+03 2.9985e+03 3.0124e+03 2.3864e+18 3.8522e+20 4.3555e+20 7.9880e-02 5.0492e-04 6.0649e+04 8.2259e+04
2.4700e+03 8.1198e-12 8.0757e-01 1.9024e+03 2.9979e+03 3.0123e+03 2.4005e+18 3.8717e+20 4.3561e+20 7.9693e-02 5.3488e-04 6.0773e+04 8.1159e+04
2.4800e+03 8.0939e-12 8.0688e-01 1.9019e+03 2.9972e+03 3.0123e+03 2.4148e+18 3.8912e+20 4.3566e+20 7.9506e-02 5.6582e-04 6.0898e+04 8.0102e+04
2.4900e+03 8.0680e-12 8.0620e-01 1.9014e+03 2.9965e+03 3.0123e+03 2.4291e+18 3.9107e+20 4.3573e+20 7.9319e-02 5.9770e-04 6.1022e+04 7.9086e+04
2.5000e+03 8.0424e-12 8.0552e-01 1.9009e+03 2.9959e+03 3.0123e+03 2.4436e+18 3.9301e+20 4.3579e+20 7.9133e-02 6.3052e-04 6.1147e+04 7.8109e+04
2.5100e+03 8.0168e-12 8.0486e-01 1.9004e+03 2.9952e+03 3.0123e+03 2.4581e+18 3.9495e+20 4.3586e+20 7.8947e-02 6.6424e-04 6.1272e+04 7.7170e+04
2.5200e+03 7.9914e-12 8.0420e-01 1.8999e+03 2.9945e+03 3.0122e+03 2.4728e+18 3.9689e+20 4.3593e+20 7.8762e-02 6.9884e-04 6.1397e+04 7.6266e+04
2.5300e+03 7.9662e-12 8.0355e-01 1.8994e+03 2.9938e+03 3.0122e+03 2.4875e+18 3.9882e+20 4.3601e+20 7.8577e-02 7.3430e-04 6.1523e+04 7.5397e+04
2.5400e+03 7.9411e-12 8.0290e-01 1.8989e+03 2.9931e+03 3.0122e+03 2.5024e+18 4.0076e+20 4.3609e+20 7.8392e-02 7.7058e-04 6.1649e+04 7.4561e+04
2.5500e+03 7.9162e-12 8.0226e-01 1.8984e+03 2.9923e+03 3.0122e+03 2.5173e+18 4.0269e+20 4.3617e+20 7.8208e-02 8.0766e-04 6.1775e+04 7.3756e+04
2.5600e+03 7.8914e-12 8.0163e-01 1.8979e+03 2.9916e+03 3.0122e+03 2.5323e+18 4.0463e+20 4.3626e+20 7.8025e-02 8.4552e-04 6.1901e+04 7.2982e+04
2.5700e+03 7.8667e-12 8.0100e-01 1.8974e+03 2.9908e+03 3.0121e+03 2.5474e+18 4.0656e+20 4.3635e+20 7.7841e-02 8.8413e-04 6.2028e+04 7.2236e+04
2.5800e+03 7.8422e-12 8.0038e-01 1.8969e+03 2.9901e+03 3.0121e+03 2.5626e+18 4.0850e+20 4.3644e+20 7.7659e-02 9.2346e-04 6.2154e+04 7.1517e+04
2.5900e+03 7.8178e-12 7.9977e-01 1.8964e+03 2.9893e+03 3.0121e+03 2.5779e+18 4.1043e+20 4.3654e+20 7.7477e-02 9.6348e-04 6.2281e+04 7.0824e+04
2.6000e+03 7.7935e-12 7.9916e-01 1.8960e+03 2.9886e+03 3.0120e+03 2.5933e+18 4.1237e+20 4.3665e+20 7.7295e-02 1.0042e-03 6.2408e+04 7.0157e+04
2.6100e+03 7.7694e-12 7.9856e-01 1.8955e+03 2.9878e+03 3.0120e+03 2.6087e+18 4.1431e+20 4.3676e+20 7.7114e-02 1.0455e-03 6.2536e+04 6.9513e+04
2.6200e+03 7.7454e-12 7.9796e-01 1.8950e+03 2.9870e+03 3.0120e+03 2.6243e+18 4.1624e+20 4.3687e+20 7.6934e-02 1.0875e-03 6.2663e+04 6.8892e+04
2.6300e+03 7.7216e-12 7.9737e-01 1.8945e+03 2.9862e+03 3.0119e+03 2.6399e+18 4.1818e+20 4.3699e+20 7.6754e-02 1.1300e-03 6.2791e+04 6.8293e+04
2.6400e+03 7.6979e-12 7.9678e-01 1.8940e+03 2.9854e+03 3.0119e+03 2.6557e+18 4.2013e+20 4.3711e+20 7.6574e-02 1.1731e-03 6.2919e+04 6.7715e+04
2.6500e+03 7.6743e-12 7.9620e-01 1.8935e+03 2.9846e+03 3.0119e+03 2.6715e+18 4.2207e+20 4.3724e+20 7.6395e-02 1.2168e-03 6.3047e+04 6.7156e+04
2.6600e+03 7.6508e-12 7.9563e-01 1.8930e+03 2.9838e+03 3.0118e+03 2.6874e+18 4.2402e+20 4.3737e+20 7.6217e-02 1.2609e-03 6.3175e+04 6.6617e+04
2.6700e+03 7.6275e-12 7.9506e-01 1.8925e+03 2.9830e+03 3.0118e+03 2.7034e+18 4.2596e+20 4.3751e+20 7.6039e-02 1.3056e-03 6.3303e+04 6.6095e+04
2.6800e+03 7.6043e-12 7.9449e-01 1.8920e+03 2.9822e+03 3.0118e+03 2.7195e+18 4.2792e+20 4.3765e+20 7.5862e-02 1.3507e-03 6.3432e+04 6.5591e+04
2.6900e+03 7.5813e-12 7.9393e-01 1.8915e+03 2.9814e+03 3.0117e+03 2.7357e+18 4.2987e+20 4.3780e+20 7.5686e-02 1.3963e-03 6.3560e+04 6.5103e+04
2.7000e+03 7.5584e-12 7.9337e-01 1.8910e+03 2.9806e+03 3.0117e+03 2.7519e+18 4.3183e+20 4.3795e+20 7.5510e-02 1.4424e-03 6.3689e+04 6.4632e+04
2.7100e+03 7.5356e-12 7.9282e-01 1.8906e+03 2.9798e+03 3.0116e+03 2.7682e+18 4.3379e+20 4.3810e+20 7.5335e-02 1.4888e-03 6.3818e+04 6.4175e+04
2.7200e+03 7.5129e-12 7.9227e-01 1.8901e+03 2.9790e+03 3.0116e+03 2.7847e+18 4.3575e+20 4.3827e+20 7.5160e-02 1.5356e-03 6.3946e+04 6.3733e+04
2.7300e+03 7.4903e-12 7.9172e-01 1.8896e+03 2.9781e+03 3.0115e+03 2.8012e+18 4.3772e+20 4.3843e+20 7.4986e-02 1.5828e-03 6.4075e+04 6.3305e+04
2.7400e+03 7.4679e-12 7.9118e-01 1.8891e+03 2.9773e+03 3.0115e+03 2.8178e+18 4.3969e+20 4.3861e+20 7.4813e-02 1.6303e-03 6.4204e+04 6.2890e+04
2.7500e+03 7.4456e-12 7.9064e-01 1.8886e+03 2.9765e+03 3.0114e+03 2.8344e+18 4.4167e+20 4.3878e+20 7.4640e-02 1.6782e-03 6.4334e+04 6.2488e+04
2.7600e+03 7.4234e-12 7.9011e-01 1.8881e+03 2.9757e+03 3.0114e+03 2.8512e+18 4.4365e+20 4.3897e+20 7.4468e-02 1.7263e-03 6.4463e+04 6.2098e+04
2.7700e+03 7.4014e-12 7.8958e-01 1.8877e+03 2.9748e+03 3.0113e+03 2.8680e+18 4.4563e+20 4.3916e+20 7.4297e-02 1.7748e-03 6.4592e+04 6.1720e+04
2.7800e+03 7.3795e-12 7.8906e-01 1.8872e+03 2.9740e+03 3.0113e+03 2.8849e+18 4.4762e+20 4.3935e+20 7.4126e-02 1.8235e-03 6.4721e+04 6.1354e+04
2.7900e+03 7.3576e-12 7.8853e-01 1.8867e+03 2.9732e+03 3.0112e+03 2.9019e+18 4.4961e+20 4.3955e+20 7.3956e-02 1.8725e-03 6.4851e+04 6.0998e+04
2.8000e+03 7.3360e-12 7.8801e-01 1.8862e+03 2.9723e+03 3.0112e+03 2.9190e+18 4.5161e+20 4.3975e+20 7.3786e-02 1.9217e-03 6.4980e+04 6.0653e+04
2.8100e+03 7.3144e-12 7.8750e-01 1.8857e+03 2.9715e+03 3.0111e+03 2.9362e+18 4.5361e+20 4.3996e+20 7.3617e-02 1.9712e-03 6.5110e+04 6.0317e+04
2.8200e+03 7.2929e-12 7.8699e-01 1.8853e+03 2.9706e+03 3.0111e+03 2.9534e+18 4.5562e+20 4.4018e+20 7.3449e-02 2.0209e-03 6.5240e+04 5.9991e+04
2.8300e+03 7.2716e-12 7.8648e-01 1.8848e+03 2.9698e+03 3.0110e+03 2.9708e+18 4.5763e+20 4.4040e+20 7.3282e-02 2.0707e-03 6.5369e+04 5.9675e+04
2.8400e+03 7.2504e-12 7.8597e-01 1.8843e+03 2.9690e+03 3.0109e+03 2.9882e+18 4.5965e+20 4.4063e+20 7.3115e-02 2.1208e-03 6.5499e+04 5.9367e+04
2.8500e+03 7.2293e-12 7.8547e-01 1.8838e+03 2.9681e+03 3.0109e+03 3.0057e+18 4.6167e+20 4.4086e+20 7.2949e-02 2.1710e-03 6.5629e+04 5.9069e+04
2.8600e+03 7.2083e-12 7.8497e-01 1.8834e+03 2.9673e+03 3.0108e+03 3.0232e+18 4.6369e+20 4.4110e+20 7.2783e-02 2.2213e-03 6.5758e+04 5.8778e+04
2.8700e+03 7.1874e-12 7.8447e-01 1.8829e+03 2.9664e+03 3.0107e+03 3.0409e+18 4.6573e+20 4.4134e+20 7.2618e-02 2.2718e-03 6.5888e+04 5.8495e+04
2.8800e+03 7.1666e-12 7.8398e-01 1.8824e+03 2.9656e+03 3.0107e+03 3.0586e+18 4.6776e+20 4.4159e+20 7.2454e-02 2.3224e-03 6.6018e+04 5.8220e+04
2.8900e+03 7.1460e-12 7.8349e-01 1.8820e+03 2.9648e+03 3.0106e+03 3.0764e+18 4.6981e+20 4.4184e+20 7.2291e-02 2.3731e-03 6.6148e+04 5.7953e+04
2.9000e+03 7.1254e-12 7.8300e-01 1.8815e+03 2.9639e+03 3.0105e+03 3.0943e+18 4.7185e+20 4.4210e+20 7.2128e-02 2.4239e-03 6.6278e+04 5.7692e+04
2.9100e+03 7.1050e-12 7.8251e-01 1.8810e+03 2.9631e+03 3.0105e+03 3.1122e+18 4.7391e+20 4.4237e+20 7.1966e-02 2.4749e-03 6.6408e+04 5.7439e+04
2.9200e+03 7.0847e-12 7.8203e-01 1.8806e+03 2.9622e+03 3.0104e+03 3.1303e+18 4.7597e+20 4.4264e+20 7.1804e-02 2.5258e-03 6.6537e+04 5.7192e+04
2.9300e+03 7.0645e-12 7.8155e-01 1.8801e+03 2.9614e+03 3.0103e+03 3.1484e+18 4.7803e+20 4.4292e+20 7.1643e-02 2.5769e-03 6.6667e+04 5.6951e+04
2.9400e+03 7.0444e-12 7.8107e-01 1.8796e+03 2.9605e+03 3.0102e+03 3.1666e+18 4.8011e+20 4.4321e+20 7.1483e-02 2.6280e-03 6.6797e+04 5.6717e+04
2.9500e+03 7.0244e-12 7.8060e-01 1.8792e+03 2.9597e+03 3.0101e+03 3.1848e+18 4.8218e+20 4.4350e+20 7.1324e-02 2.6791e-03 6.6927e+04 5.6489e+04
2.9600e+03 7.0045e-12 7.8012e-01 1.8787e+03 2.9589e+03 3.0101e+03 3.2032e+18 4.8427e+20 4.4379e+20 7.1165e-02 2.7303e-03 6.7057e+04 5.6266e+04
2.9700e+03 6.9847e-12 7.7965e-01 1.8782e+03 2.9580e+03 3.0100e+03 3.2216e+18 4.8635e+20 4.4409e+20 7.1007e-02 2.7815e-03 6.7187e+04 5.6050e+04
2.9800e+03 6.9651e-12 7.7919e-01 1.8778e+03 2.9572e+03 3.0099e+03 3.2401e+18 4.8845e+20 4.4440e+20 7.0849e-02 2.8327e-03 6.7317e+04 5.5838e+04
2.9900e+03 6.9455e-12 7.7872e-01 1.8773e+03 2.9563e+03 3.0098e+03 3.2587e+18 4.9055e+20 4.4471e+20 7.0693e-02 2.8839e-03 6.7446e+04 5.5632e+04
3.0000e+03 6.9260e-12 7.7826e-01 1.8769e+03 2.9555e+03 3.0097e+03 3.2773e+18 4.9266e+20 4.4503e+20 7.0537e-02 2.9352e-03 6.7576e+04 5.5431e+04
3.0100e+03 6.9067e-12 7.7779e-01 1.8764e+03 2.9546e+03 3.0096e+03 3.2960e+18 4.9477e+20 4.4536e+20 7.0381e-02 2.9864e-03 6.7706e+04 5.5235e+04
3.0200e+03 6.8874e-12 7.7733e-01 1.8760e+03 2.9538e+03 3.0095e+03 3.3148e+18 4.9689e+20 4.4569e+20 7.0226e-02 3.0375e-03 6.7836e+04 5.5044e+04
3.0300e+03 6.8682e-12 7.7688e-01 1.8755e+03 2.9530e+03 3.0094e+03 3.3337e+18 4.9902e+20 4.4602e+20 7.0072e-02 3.0887e-03 6.7965e+04 5.4857e+04
3.0400e+03 6.8492e-12 7.7642e-01 1.8750e+03 2.9521e+03 3.0094e+03 3.3527e+18 5.0115e+20 4.4637e+20 6.9919e-02 3.1398e-03 6.8095e+04 5.4675e+04
3.0500e+03 6.8302e-12 7.7597e-01 1.8746e+03 2.9513e+03 3.0093e+03 3.3717e+18 5.0329e+20 4.4672e+20 6.9766e-02 3.1908e-03 6.8225e+04 5.4498e+04
3.0600e+03 6.8114e-12 7.7552e-01 1.8741e+03 2.9505e+03 3.0092e+03 3.3908e+18 5.0544e+20 4.4707e+20 6.9614e-02 3.2418e-03 6.8355e+04 5.4324e+04
3.0700e+03 6.7926e-12 7.7507e-01 1.8737e+03 2.9496e+03 3.0091e+03 3.4100e+18 5.0759e+20 4.4743e+20 6.9463e-02 3.2928e-03 6.8484e+04 5.4155e+04
3.0800e+03 6.7740e-12 7.7462e-01 1.8732e+03 2.9488e+03 3.0090e+03 3.4292e+18 5.0975e+20 4.4780e+20 6.9312e-02 3.3437e-03 6.8614e+04 5.3989e+04
3.0900e+03 6.7554e-12 7.7417e-01 1.8728e+03 2.9480e+03 3.0089e+03 3.4485e+18 5.1191e+20 4.4817e+20 6.9162e-02 3.3944e-03 6.8743e+04 5.3828e+04
3.1000e+03 6.7370e-12 7.7373e-01 1.8724e+03 2.9471e+03 3.0088e+03 3.4679e+18 5.1408e+20 4.4855e+20 6.9012e-02 3.4452e-03 6.8873e+04 5.3670e+04
3.1100e+03 6.7186e-12 7.7329e-01 1.8719e+03 2.9463e+03 3.0087e+03 3.4874e+18 5.1626e+20 4.4893e+20 6.8864e-02 3.4958e-03 6.9002e+04 5.3516e+04
3.1200e+03 6.7003e-12 7.7285e-01 1.8715e+03 2.9455e+03 3.0085e+03 3.5069e+18 5.1845e+20 4.4933e+20 6.8716e-02 3.5463e-03 6.9131e+04 5.3366e+04
3.1300e+03 6.6822e-12 7.7241e-01 1.8710e+03 2.9446e+03 3.0084e+03 3.5266e+18 5.2064e+20 4.4972e+20 6.8568e-02 3.5967e-03 6.9261e+04 5.3219e+04
3.1400e+03 6.6641e-12 7.7197e-01 1.8706e+03 2.9438e+03 3.0083e+03 3.5462e+18 5.2284e+20 4.5012e+20 6.8421e-02 3.6471e-03 6.9390e+04 5.3075e+04
3.1500e+03 6.6461e-12 7.7154e-01 1.8701e+03 2.9430e+03 3.0082e+03 3.5660e+18 5.2504e+20 4.5053e+20 6.8275e-02 3.6973e-03 6.9519e+04 5.2934e+04
3.1600e+03 6.6282e-12 7.7111e-01 1.8697e+03 2.9422e+03 3.0081e+03 3.5858e+18 5.2725e+20 4.5095e+20 6.8130e-02 3.7474e-03 6.9648e+04 5.2797e+04
3.1700e+03 6.6104e-12 7.7067e-01 1.8693e+03 2.9413e+03 3.0080e+03 3.6058e+18 5.2947e+20 4.5137e+20 6.7985e-02 3.7973e-03 6.9778e+04 5.2663e+04
3.1800e+03 6.5927e-12 7.7024e-01 1.8688e+03 2.9405e+03 3.0079e+03 3.6257e+18 5.3170e+20 4.5180e+20 6.7841e-02 3.8472e-03 6.9907e+04 5.2532e+04
3.1900e+03 6.5751e-12 7.6982e-01 1.8684e+03 2.9397e+03 3.0078e+03 3.6458e+18 5.3393e+20 4.5223e+20 6.7697e-02 3.8969e-03 7.0036e+04 5.2404e+04
3.2000e+03 6.5576e-12 7.6939e-01 1.8680e+03 2.9389e+03 3.0076e+03 3.6659e+18 5.3617e+20 4.5267e+20 6.7554e-02 3.9465e-03 7.0165e+04 5.2279e+04
3.2100e+03 6.5402e-12 7.6896e-01 1.8675e+03 2.9380e+03 3.0075e+03 3.6861e+18 5.3842e+20 4.5311e+20 6.7412e-02 3.9959e-03 7.0293e+04 5.2156e+04
3.2200e+03 6.5228e-12 7.6854e-01 1.8671e+03 2.9372e+03 3.0074e+03 3.7064e+18 5.4068e+20 4.5356e+20 6.7270e-02 4.0452e-03 7.0422e+04 5.2036e+04
3.2300e+03 6.5056e-12 7.6812e-01 1.8667e+03 2.9364e+03 3.0073e+03 3.7267e+18 5.4294e+20 4.5402e+20 6.7129e-02 4.0943e-03 7.0551e+04 5.1919e+04
3.2400e+03 6.4884e-12 7.6770e-01 1.8662e+03 2.9356e+03 3.0071e+03 3.7471e+18 5.4521e+20 4.5449e+20 6.6989e-02 4.1433e-03 7.0680e+04 5.1805e+04
3.2500e+03 6.4713e-12 7.6728e-01 1.8658e+03 2.9348e+03 3.0070e+03 3.7676e+18 5.4748e+20 4.5495e+20 6.6849e-02 4.1921e-03 7.0808e+04 5.1693e+04
3.2600e+03 6.4544e-12 7.6686e-01 1.8654e+03 2.9340e+03 3.0069e+03 3.7882e+18 5.4977e+20 4.5543e+20 6.6710e-02 4.2408e-03 7.0937e+04 5.1583e+04
3.2700e+03 6.4375e-12 7.6644e-01 1.8650e+03 2.9332e+03 3.0068e+03 3.8088e+18 5.5206e+20 4.5591e+20 6.6571e-02 4.2892e-03 7.1065e+04 5.1476e+04
3.2800e+03 6.4206e-12 7.6603e-01 1.8645e+03 2.9324e+03 3.0066e+03 3.8295e+18 5.5435e+20 4.5640e+20 6.6433e-02 4.3376e-03 7.1194e+04 5.1371e+04
3.2900e+03 6.4039e-12 7.6562e-01 1.8641e+03 2.9316e+03 3.0065e+03 3.8503e+18 5.5666e+20 4.5689e+20 6.6296e-02 4.3857e-03 7.1322e+04 5.1268e+04
3.3000e+03 6.3873e-12 7.6520e-01 1.8637e+03 2.9307e+03 3.0064e+03 3.8711e+18 5.5897e+20 4.5739e+20 6.6159e-02 4.4337e-03 7.1450e+04 5.1168e+04
3.3100e+03 6.3707e-12 7.6479e-01 1.8633e+03 2.9299e+03 3.0062e+03 3.8921e+18 5.6129e+20 4.5790e+20 6.6023e-02 4.4815e-03 7.1578e+04 5.1070e+04
3.3200e+03 6.3542e-12 7.6439e-01 1.8629e+03 2.9291e+03 3.0061e+03 3.9131e+18 5.6362e+20 4.5841e+20 6.5888e-02 4.5291e-03 7.1706e+04 5.0974e+04
3.3300e+03 6.3379e-12 7.6398e-01 1.8624e+03 2.9283e+03 3.0060e+03 3.9341e+18 5.6595e+20 4.5893e+20 6.5753e-02 4.5765e-03 7.1834e+04 5.0880e+04
3.3400e+03 6.3216e-12 7.6357e-01 1.8620e+03 2.9275e+03 3.0058e+03 3.9552e+18 5.6830e+20 4.5945e+20 6.5619e-02 4.6237e-03 7.1962e+04 5.0788e+04
3.3500e+03 6.3053e-12 7.6317e-01 1.8616e+03 2.9267e+03 3.0057e+03 3.9764e+18 5.7065e+20 4.5998e+20 6.5485e-02 4.6707e-03 7.2090e+04 5.0698e+04
3.3600e+03 6.2892e-12 7.6276e-01 1.8612e+03 2.9260e+03 3.0055e+03 3.9977e+18 5.7300e+20 4.6052e+20 6.5352e-02 4.7176e-03 7.2218e+04 5.0610e+04
3.3700e+03 6.2731e-12 7.6236e-01 1.8608e+03 2.9252e+03 3.0054e+03 4.0191e+18 5.7537e+20 4.6106e+20 6.5219e-02 4.7642e-03 7.2345e+04 5.0524e+04
3.3800e+03 6.2571e-12 7.6196e-01 1.8604e+03 2.9244e+03 3.0053e+03 4.0405e+18 5.7774e+20 4.6161e+20 6.5088e-02 4.8107e-03 7.2473e+04 5.0440e+04
3.3900e+03 6.2412e-12 7.6156e-01 1.8600e+03 2.9236e+03 3.0051e+03 4.0620e+18 5.8012e+20 4.6216e+20 6.4956e-02 4.8569e-03 7.2600e+04 5.0358e+04
3.4000e+03 6.2254e-12 7.6116e-01 1.8595e+03 2.9228e+03 3.0050e+03 4.0835e+18 5.8251e+20 4.6272e+20 6.4826e-02 4.9030e-03 7.2728e+04 5.0277e+04
3.4100e+03 6.2097e-12 7.6076e-01 1.8591e+03 2.9220e+03 3.0048e+03 4.1051e+18 5.8491e+20 4.6329e+20 6.4695e-02 4.9488e-03 7.2855e+04 5.0198e+04
3.4200e+03 6.1940e-12 7.6037e-01 1.8587e+03 2.9212e+03 3.0047e+03 4.1268e+18 5.8731e+20 4.6386e+20 6.4566e-02 4.9944e-03 7.2982e+04 5.0121e+04
3.4300e+03 6.1784e-12 7.5997e-01 1.8583e+03 2.9204e+03 3.0045e+03 4.1486e+18 5.8972e+20 4.6444e+20 6.4437e-02 5.0398e-03 7.3110e+04 5.0045e+04
3.4400e+03 6.1629e-12 7.5958e-01 1.8579e+03 2.9196e+03 3.0044e+03 4.1704e+18 5.9214e+20 4.6503e+20 6.4309e-02 5.0850e-03 7.3237e+04 4.9972e+04
3.4500e+03 6.1475e-12 7.5918e-01 1.8575e+03 2.9189e+03 3.0042e+03 4.1923e+18 5.9457e+20 4.6562e+20 6.4181e-02 5.1300e-03 7.3364e+04 4.9899e+04
3.4600e+03 6.1322e-12 7.5879e-01 1.8571e+03 2.9181e+03 3.0040e+03 4.2143e+18 5.9700e+20 4.6621e+20 6.4053e-02 5.1748e-03 7.3490e+04 4.9829e+04
3.4700e+03 6.1169e-12 7.5840e-01 1.8567e+03 2.9173e+03 3.0039e+03 4.2364e+18 5.9945e+20 4.6682e+20 6.3927e-02 5.2194e-03 7.3617e+04 4.9759e+04
3.4800e+03 6.1017e-12 7.5801e-01 1.8563e+03 2.9165e+03 3.0037e+03 4.2585e+18 6.0190e+20 4.6742e+20 6.3801e-02 5.2637e-03 7.3744e+04 4.9692e+04
3.4900e+03 6.0866e-12 7.5763e-01 1.8559e+03 2.9158e+03 3.0036e+03 4.2807e+18 6.0435e+20 4.6804e+20 6.3675e-02 5.3078e-03 7.3871e+04 4.9625e+04
3.5000e+03 6.0715e-12 7.5724e-01 1.8555e+03 2.9150e+03 3.0034e+03 4.3029e+18 6.0682e+20 4.6866e+20 6.3550e-02 5.3517e-03 7.3997e+04 4.9561e+04
3.5100e+03 6.0565e-12 7.5685e-01 1.8551e+03 2.9142e+03 3.0032e+03 4.3253e+18 6.0930e+20 4.6929e+20 6.3425e-02 5.3954e-03 7.4123e+04 4.9497e+04
3.5200e+03 6.0416e-12 7.5647e-01 1.8547e+03 2.9135e+03 3.0031e+03 4.3477e+18 6.1178e+20 4.6992e+20 6.3302e-02 5.4389e-03 7.4250e+04 4.9435e+04
3.5300e+03 6.0268e-12 7.5609e-01 1.8543e+03 2.9127e+03 3.0029e+03 4.3701e+18 6.1427e+20 4.7056e+20 6.3178e-02 5.4821e-03 7.4376e+04 4.9375e+04
3.5400e+03 6.0120e-12 7.5571e-01 1.8539e+03 2.9119e+03 3.0027e+03 4.3927e+18 6.1677e+20 4.7120e+20 6.3055e-02 5.5251e-03 7.4502e+04 4.9315e+04
3.5500e+03 5.9974e-12 7.5532e-01 1.8535e+03 2.9112e+03 3.0026e+03 4.4153e+18 6.1927e+20 4.7185e+20 6.2933e-02 5.5679e-03 7.4628e+04 4.9257e+04
3.5600e+03 5.9827e-12 7.5494e-01 1.8531e+03 2.9104e+03 3.0024e+03 4.4380e+18 6.2179e+20 4.7251e+20 6.2811e-02 5.6104e-03 7.4754e+04 4.9201e+04
3.5700e+03 5.9682e-12 7.5457e-01 1.8527e+03 2.9096e+03 3.0022e+03 4.4607e+18 6.2431e+20 4.7317e+20 6.2690e-02 5.6527e-03 7.4880e+04 4.9145e+04
3.5800e+03 5.9537e-12 7.5419e-01 1.8524e+03 2.9089e+03 3.0021e+03 4.4835e+18 6.2684e+20 4.7384e+20 6.2569e-02 5.6948e-03 7.5006e+04 4.9091e+04
3.5900e+03 5.9393e-12 7.5381e-01 1.8520e+03 2.9081e+03 3.0019e+03 4.5064e+18 6.2938e+20 4.7452e+20 6.2449e-02 5.7367e-03 7.5131e+04 4.9038e+04
3.6000e+03 5.9250e-12 7.5344e-01 1.8516e+03 2.9074e+03 3.0017e+03 4.5294e+18 6.3193e+20 4.7520e+20 6.2330e-02 5.7783e-03 7.5257e+04 4.8986e+04
3.6100e+03 5.9107e-12 7.5306e-01 1.8512e+03 2.9066e+03 3.0015e+03 4.5524e+18 6.3449e+20 4.7589e+20 6.2210e-02 5.8197e-03 7.5382e+04 4.8935e+04
3.6200e+03 5.8965e-12 7.5269e-01 1.8508e+03 2.9059e+03 3.0014e+03 4.5755e+18 6.3705e+20 4.7658e+20 6.2092e-02 5.8608e-03 7.5508e+04 4.8886e+04
3.6300e+03 5.8824e-12 7.5232e-01 1.8504e+03 2.9051e+03 3.0012e+03 4.5987e+18 6.3963e+20 4.7728e+20 6.1974e-02 5.9017e-03 7.5633e+04 4.8837e+04
3.6400e+03 5.8684e-12 7.5195e-01 1.8500e+03 2.9044e+03 3.0010e+03 4.6219e+18 6.4221e+20 4.7798e+20 6.1856e-02 5.9424e-03 7.5758e+04 4.8790e+04
3.6500e+03 5.8544e-12 7.5158e-01 1.8497e+03 2.9036e+03 3.0008e+03 4.6452e+18 6.4480e+20 4.7869e+20 6.1739e-02 5.9829e-03 7.5883e+04 4.8744e+04
3.6600e+03 5.8405e-12 7.5121e-01 1.8493e+03 2.9029e+03 3.0006e+03 4.6686e+18 6.4740e+20 4.7941e+20 6.1623e-02 6.0231e-03 7.6008e+04 4.8699e+04
3.6700e+03 5.8266e-12 7.5084e-01 1.8489e+03 2.9021e+03 3.0005e+03 4.6921e+18 6.5000e+20 4.8013e+20 6.1506e-02 6.0631e-03 7.6133e+04 4.8654e+04
3.6800e+03 5.8128e-12 7.5048e-01 1.8485e+03 2.9014e+03 3.0003e+03 4.7156e+18 6.5262e+20 4.8086e+20 6.1391e-02 6.1029e-03 7.6258e+04 4.8611e+04
3.6900e+03 5.7991e-12 7.5011e-01 1.8481e+03 2.9006e+03 3.0001e+03 4.7392e+18 6.5524e+20 4.8160e+20 6.1276e-02 6.1424e-03 7.6383e+04 4.8569e+04
3.7000e+03 5.7855e-12 7.4975e-01 1.8478e+03 2.8999e+03 2.9999e+03 4.7628e+18 6.5788e+20 4.8234e+20 6.1161e-02 6.1816e-03 7.6507e+04 4.8528e+04
3.7100e+03 5.7719e-12 7.4938e-01 1.8474e+03 2.8992e+03 2.9997e+03 4.7866e+18 6.6052e+20 4.8309e+20 6.1047e-02 6.2207e-03 7.6632e+04 4.8488e+04
3.7200e+03 5.7583e-12 7.4902e-01 1.8470e+03 2.8984e+03 2.9995e+03 4.8104e+18 6.6317e+20 4.8384e+20 6.0934e-02 6.2595e-03 7.6756e+04 4.8449e+04
3.7300e+03 5.7449e-12 7.4866e-01 1.8466e+03 2.8977e+03 2.9993e+03 4.8342e+18 6.6582e+20 4.8460e+20 6.0821e-02 6.2981e-03 7.6880e+04 4.8410e+04
3.7400e+03 5.7315e-12 7.4830e-01 1.8463e+03 2.8970e+03 2.9991e+03 4.8582e+18 6.6849e+20 4.8536e+20 6.0708e-02 6.3364e-03 7.7005e+04 4.8373e+04
3.7500e+03 5.7182e-12 7.4794e-01 1.8459e+03 2.8962e+03 2.9990e+03 4.8822e+18 6.7117e+20 4.8613e+20 6.0596e-02 6.3745e-03 7.7129e+04 4.8337e+04
3.7600e+03 5.7049e-12 7.4758e-01 1.8455e+03 2.8955e+03 2.9988e+03 4.9063e+18 6.7385e+20 4.8691e+20 6.0484e-02 6.4124e-03 7.7253e+04 4.8301e+04
3.7700e+03 5.6917e-12 7.4722e-01 1.8452e+03 2.8948e+03 2.9986e+03 4.9304e+18 6.7654e+20 4.8769e+20 6.0373e-02 6.4500e-03 7.7377e+04 4.8266e+04
3.7800e+03 5.6785e-12 7.4687e-01 1.8448e+03 2.8941e+03 2.9984e+03 4.9546e+18 6.7925e+20 4.8848e+20 6.0262e-02 6.4874e-03 7.7500e+04 4.8233e+04
3.7900e+03 5.6655e-12 7.4651e-01 1.8444e+03 2.8933e+03 2.9982e+03 4.9789e+18 6.8196e+20 4.8928e+20 6.0152e-02 6.5245e-03 7.7624e+04 4.8200e+04
3.8000e+03 5.6524e-12 7.4616e-01 1.8440e+03 2.8926e+03 2.9980e+03 5.0033e+18 6.8468e+20 4.9008e+20 6.0042e-02 6.5614e-03 7.7748e+04 4.8168e+04
3.8100e+03 5.6395e-12 7.4581e-01 1.8437e+03 2.8919e+03 2.9978e+03 5.0277e+18 6.8741e+20 4.9089e+20 5.9933e-02 6.5981e-03 7.7871e+04 4.8136e+04
3.8200e+03 5.6266e-12 7.4545e-01 1.8433e+03 2.8912e+03 2.9976e+03 5.0522e+18 6.9014e+20 4.9170e+20 5.9824e-02 6.6345e-03 7.7995e+04 4.8106e+04
3.8300e+03 5.6137e-12 7.4510e-01 1.8430e+03 2.8905e+03 2.9974e+03 5.0768e+18 6.9289e+20 4.9252e+20 5.9716e-02 6.6707e-03 7.8118e+04 4.8076e+04
3.8400e+03 5.6010e-12 7.4475e-01 1.8426e+03 2.8898e+03 2.9972e+03 5.1014e+18 6.9565e+20 4.9334e+20 5.9608e-02 6.7067e-03 7.8241e+04 4.8047e+04
3.8500e+03 5.5882e-12 7.4441e-01 1.8422e+03 2.8890e+03 2.9970e+03 5.1262e+18 6.9841e+20 4.9417e+20 5.9500e-02 6.7424e-03 7.8364e+04 4.8019e+04
3.8600e+03 5.5756e-12 7.4406e-01 1.8419e+03 2.8883e+03 2.9968e+03 5.1509e+18 7.0118e+20 4.9501e+20 5.9393e-02 6.7779e-03 7.8487e+04 4.7992e+04
3.8700e+03 5.5630e-12 7.4371e-01 1.8415e+03 2.8876e+03 2.9966e+03 5.1758e+18 7.0397e+20 4.9585e+20 5.9287e-02 6.8132e-03 7.8610e+04 4.7965e+04
3.8800e+03 5.5504e-12 7.4337e-01 1.8412e+03 2.8869e+03 2.9963e+03 5.2007e+18 7.0676e+20 4.9670e+20 5.9180e-02 6.8482e-03 7.8733e+04 4.7939e+04
3.8900e+03 5.5380e-12 7.4302e-01 1.8408e+03 2.8862e+03 2.9961e+03 5.2257e+18 7.0956e+20 4.9755e+20 5.9075e-02 6.8830e-03 7.8856e+04 4.7914e+04
3.9000e+03 5.5255e-12 7.4268e-01 1.8404e+03 2.8855e+03 2.9959e+03 5.2508e+18 7.1237e+20 4.9841e+20 5.8969e-02 6.9176e-03 7.8978e+04 4.7889e+04
3.9100e+03 5.5132e-12 7.4233e-01 1.8401e+03 2.8848e+03 2.9957e+03 5.2759e+18 7.1519e+20 4.9928e+20 5.8865e-02 6.9519e-03 7.9101e+04 4.7866e+04
3.9200e+03 5.5008e-12 7.4199e-01 1.8397e+03 2.8841e+03 2.9955e+03 5.3011e+18 7.1802e+20 5.0015e+20 5.8760e-02 6.9860e-03 7.9223e+04 4.7843e+04
3.9300e+03 5.4886e-12 7.4165e-01 1.8394e+03 2.8834e+03 2.9953e+03 5.3264e+18 7.2085e+20 5.0103e+20 5.8656e-02 7.0199e-03 7.9346e+04 4.7820e+04
3.9400e+03 5.4764e-12 7.4131e-01 1.8390e+03 2.8827e+03 2.9951e+03 5.3518e+18 7.2370e+20 5.0191e+20 5.8553e-02 7.0535e-03 7.9468e+04 4.7798e+04
3.9500e+03 5.4643e-12 7.4097e-01 1.8387e+03 2.8820e+03 2.9949e+03 5.3772e+18 7.2656e+20 5.0280e+20 5.8450e-02 7.0869e-03 7.9590e+04 4.7777e+04
3.9600e+03 5.4522e-12 7.4064e-01 1.8383e+03 2.8813e+03 2.9946e+03 5.4027e+18 7.2942e+20 5.0370e+20 5.8347e-02 7.1200e-03 7.9712e+04 4.7757e+04
3.9700e+03 5.4401e-12 7.4030e-01 1.8380e+03 2.8806e+03 2.9944e+03 5.4282e+18 7.3230e+20 5.0460e+20 5.8245e-02 7.1530e-03 7.9834e+04 4.7737e+04
3.9800e+03 5.4282e-12 7.3996e-01 1.8376e+03 2.8799e+03 2.9942e+03 5.4539e+18 7.3518e+20 5.0551e+20 5.8143e-02 7.1857e-03 7.9956e+04 4.7718e+04
3.9900e+03 5.4162e-12 7.3963e-01 1.8373e+03 2.8792e+03 2.9940e+03 5.4796e+18 7.3807e+20 5.0642e+20 5.8041e-02 7.2182e-03 8.0078e+04 4.7699e+04
4.0000e+03 5.4044e-12 7.3929e-01 1.8369e+03 2.8785e+03 2.9938e+03 5.5053e+18 7.4098e+20 5.0734e+20 5.7940e-02 7.2504e-03 8.0199e+04 4.7682e+04
4.0100e+03 5.3926e-12 7.3896e-01 1.8366e+03 2.8779e+03 2.9936e+03 5.5312e+18 7.4389e+20 5.0827e+20 5.7840e-02 7.2824e-03 8.0321e+04 4.7664e+04
4.0200e+03 5.3808e-12 7.3863e-01 1.8362e+03 2.8772e+03 2.9933e+03 5.5571e+18 7.4681e+20 5.0920e+20 5.7739e-02 7.3142e-03 8.0442e+04 4.7648e+04
4.0300e+03 5.3691e-12 7.3830e-01 1.8359e+03 2.8765e+03 2.9931e+03 5.5831e+18 7.4974e+20 5.1014e+20 5.7640e-02 7.3458e-03 8.0564e+04 4.7631e+04
4.0400e+03 5.3574e-12 7.3797e-01 1.8355e+03 2.8758e+03 2.9929e+03 5.6092e+18 7.5268e+20 5.1108e+20 5.7540e-02 7.3771e-03 8.0685e+04 4.7616e+04
4.0500e+03 5.3458e-12 7.3764e-01 1.8352e+03 2.8751e+03 2.9927e+03 5.6353e+18 7.5564e+20 5.1203e+20 5.7441e-02 7.4082e-03 8.0806e+04 4.7601e+04
4.0600e+03 5.3343e-12 7.3731e-01 1.8349e+03 2.8744e+03 2.9924e+03 5.6615e+18 7.5860e+20 5.1299e+20 5.7343e-02 7.4391e-03 8.0927e+04 4.7587e+04
4.0700e+03 5.3228e-12 7.3699e-01 1.8345e+03 2.8738e+03 2.9922e+03 5.6878e+18 7.6157e+20 5.1395e+20 5.7244e-02 7.4698e-03 8.1048e+04 4.7573e+04
4.0800e+03 5.3113e-12 7.3666e-01 1.8342e+03 2.8731e+03 2.9920e+03 5.7141e+18 7.6455e+20 5.1491e+20 5.7147e-02 7.5002e-03 8.1169e+04 4.7559e+04
4.0900e+03 5.3000e-12 7.3634e-01 1.8338e+03 2.8724e+03 2.9918e+03 5.7406e+18 7.6753e+20 5.1589e+20 5.7049e-02 7.5304e-03 8.1290e+04 4.7547e+04
4.1000e+03 5.2886e-12 7.3601e-01 1.8335e+03 2.8717e+03 2.9915e+03 5.7670e+18 7.7053e+20 5.1686e+20 5.6952e-02 7.5604e-03 8.1410e+04 4.7534e+04
4.1100e+03 5.2773e-12 7.3569e-01 1.8332e+03 2.8711e+03 2.9913e+03 5.7936e+18 7.7354e+20 5.1785e+20 5.6855e-02 7.5902e-03 8.1531e+04 4.7523e+04
4.1200e+03 5.2661e-12 7.3537e-01 1.8328e+03 2.8704e+03 2.9911e+03 5.8203e+18 7.7656e+20 5.1884e+20 5.6759e-02 7.6198e-03 8.1652e+04 4.7511e+04
4.1300e+03 5.2549e-12 7.3505e-01 1.8325e+03 2.8697e+03 2.9908e+03 5.8470e+18 7.7959e+20 5.1984e+20 5.6663e-02 7.6491e-03 8.1772e+04 4.7501e+04
4.1400e+03 5.2437e-12 7.3473e-01 1.8322e+03 2.8691e+03 2.9906e+03 5.8737e+18 7.8263e+20 5.2084e+20 5.6568e-02 7.6782e-03 8.1892e+04 4.7491e+04
4.1500e+03 5.2326e-12 7.3441e-01 1.8318e+03 2.8684e+03 2.9904e+03 5.9006e+18 7.8568e+20 5.2185e+20 5.6473e-02 7.7071e-03 8.2012e+04 4.7481e+04
4.1600e+03 5.2216e-12 7.3409e-01 1.8315e+03 2.8677e+03 2.9901e+03 5.9275e+18 7.8873e+20 5.2286e+20 5.6378e-02 7.7358e-03 8.2133e+04 4.7472e+04
4.1700e+03 5.2106e-12 7.3377e-01 1.8312e+03 2.8671e+03 2.9899e+03 5.9545e+18 7.9180e+20 5.2388e+20 5.6283e-02 7.7643e-03 8.2253e+04 4.7463e+04
4.1800e+03 5.1997e-12 7.3346e-01 1.8308e+03 2.8664e+03 2.9897e+03 5.9816e+18 7.9488e+20 5.2491e+20 5.6189e-02 7.7925e-03 8.2373e+04 4.7455e+04
4.1900e+03 5.1888e-12 7.3314e-01 1.8305e+03 2.8657e+03 2.9894e+03 6.0087e+18 7.9797e+20 5.2594e+20 5.6096e-02 7.8206e-03 8.2492e+04 4.7447e+04
4.2000e+03 5.1779e-12 7.3283e-01 1.8302e+03 2.8651e+03 2.9892e+03 6.0360e+18 8.0107e+20 5.2698e+20 5.6002e-02 7.8484e-03 8.2612e+04 4.7440e+04
4.2100e+03 5.1671e-12 7.3251e-01 1.8298e+03 2.8644e+03 2.9889e+03 6.0633e+18 8.0418e+20 5.2802e+20 5.5909e-02 7.8760e-03 8.2732e+04 4.7433e+04
4.2200e+03 5.1564e-12 7.3220e-01 1.8295e+03 2.8638e+03 2.9887e+03 6.0906e+18 8.0729e+20 5.2907e+20 5.5817e-02 7.9034e-03 8.2851e+04 4.7427e+04
4.2300e+03 5.1457e-12 7.3189e-01 1.8292e+03 2.8631e+03 2.9885e+03 6.1181e+18 8.1042e+20 5.3013e+20 5.5725e-02 7.9306e-03 8.2971e+04 4.7421e+04
4.2400e+03 5.1350e-12 7.3158e-01 1.8288e+03 2.8625e+03 2.9882e+03 6.1456e+18 8.1356e+20 5.3119e+20 5.5633e-02 7.9575e-03 8.3090e+04 4.7415e+04
4.2500e+03 5.1244e-12 7.3127e-01 1.8285e+03 2.8618e+03 2.9880e+03 6.1732e+18 8.1671e+20 5.3226e+20 5.5541e-02 7.9843e-03 8.3210e+04 4.7410e+04
4.2600e+03 5.1138e-12 7.3096e-01 1.8282e+03 2.8612e+03 2.9877e+03 6.2008e+18 8.1987e+20 5.3333e+20 5.5450e-02 8.0109e-03 8.3329e+04 4.7406e+04
4.2700e+03 5.1033e-12 7.3066e-01 1.8279e+03 2.8605e+03 2.9875e+03 6.2285e+18 8.2304e+20 5.3441e+20 5.5359e-02 8.0372e-03 8.3448e+04 4.7401e+04
4.2800e+03 5.0928e-12 7.3035e-01 1.8276e+03 2.8599e+03 2.9873e+03 6.2564e+18 8.2622e+20 5.3550e+20 5.5269e-02 8.0633e-03 8.3567e+04 4.7398e+04
4.2900e+03 5.0824e-12 7.3004e-01 1.8272e+03 2.8592e+03 2.9870e+03 6.2842e+18 8.2941e+20 5.3659e+20 5.5179e-02 8.0893e-03 8.3686e+04 4.7394e+04
4.3000e+03 5.0720e-12 7.2974e-01 1.8269e+03 2.8586e+03 2.9868e+03 6.3122e+18 8.3261e+20 5.3768e+20 5.5089e-02 8.1150e-03 8.3805e+04 4.7391e+04
4.3100e+03 5.0617e-12 7.2944e-01 1.8266e+03 2.8579e+03 2.9865e+03 6.3402e+18 8.3582e+20 5.3879e+20 5.4999e-02 8.1405e-03 8.3924e+04 4.7389e+04
4.3200e+03 5.0514e-12 7.2913e-01 1.8263e+03 2.8573e+03 2.9863e+03 6.3683e+18 8.3904e+20 5.3990e+20 5.4910e-02 8.1659e-03 8.4042e+04 4.7387e+04
4.3300e+03 5.0411e-12 7.2883e-01 1.8259e+03 2.8566e+03 2.9860e+03 6.3965e+18 8.4227e+20 5.4101e+20 5.4822e-02 8.1910e-03 8.4161e+04 4.7385e+04
4.3400e+03 5.0309e-12 7.2853e-01 1.8256e+03 2.8560e+03 2.9858e+03 6.4247e+18 8.4551e+20 5.4213e+20 5.4733e-02 8.2159e-03 8.4280e+04 4.7384e+04
4.3500e+03 5.0207e-12 7.2823e-01 1.8253e+03 2.8554e+03 2.9855e+03 6.4531e+18 8.4876e+20 5.4326e+20 5.4645e-02 8.2406e-03 8.4398e+04 4.7383e+04
4.3600e+03 5.0106e-12 7.2793e-01 1.8250e+03 2.8547e+03 2.9853e+03 6.4815e+18 8.5203e+20 5.4439e+20 5.4557e-02 8.2651e-03 8.4516e+04 4.7382e+04
4.3700e+03 5.0005e-12 7.2764e-01 1.8247e+03 2.8541e+03 2.9850e+03 6.5099e+18 8.5530e+20 5.4553e+20 5.4470e-02 8.2895e-03 8.4635e+04 4.7382e+04
4.3800e+03 4.9905e-12 7.2734e-01 1.8244e+03 2.8535e+03 2.9848e+03 6.5385e+18 8.5859e+20 5.4667e+20 5.4383e-02 8.3136e-03 8.4753e+04 4.7382e+04
4.3900e+03 4.9805e-12 7.2704e-01 1.8240e+03 2.8528e+03 2.9845e+03 6.5671e+18 8.6188e+20 5.4783e+20 5.4296e-02 8.3375e-03 8.4871e+04 4.7383e+04
4.4000e+03 4.9706e-12 7.2675e-01 1.8237e+03 2.8522e+03 2.9843e+03 6.5958e+18 8.6518e+20 5.4898e+20 5.4209e-02 8.3612e-03 8.4989e+04 4.7384e+04
4.4100e+03 4.9607e-12 7.2645e-01 1.8234e+03 2.8516e+03 2.9840e+03 6.6246e+18 8.6850e+20 5.5014e+20 5.4123e-02 8.3848e-03 8.5107e+04 4.7385e+04
4.4200e+03 4.9508e-12 7.2616e-01 1.8231e+03 2.8509e+03 2.9838e+03 6.6534e+18 8.7183e+20 5.5131e+20 5.4038e-02 8.4081e-03 8.5225e+04 4.7387e+04
4.4300e+03 4.9410e-12 7.2587e-01 1.8228e+03 2.8503e+03 2.9835e+03 6.6824e+18 8.7517e+20 5.5249e+20 5.3952e-02 8.4313e-03 8.5342e+04 4.7389e+04
4.4400e+03 4.9312e-12 7.2558e-01 1.8225e+03 2.8497e+03 2.9832e+03 6.7114e+18 8.7851e+20 5.5367e+20 5.3867e-02 8.4542e-03 8.5460e+04 4.7391e+04
4.4500e+03 4.9215e-12 7.2529e-01 1.8222e+03 2.8491e+03 2.9830e+03 6.7404e+18 8.8187e+20 5.5485e+20 5.3782e-02 8.4770e-03 8.5578e+04 4.7394e+04
4.4600e+03 4.9118e-12 7.2500e-01 1.8219e+03 2.8484e+03 2.9827e+03 6.7696e+18 8.8524e+20 5.5605e+20 5.3697e-02 8.4996e-03 8.5695e+04 4.7397e+04
4.4700e+03 4.9021e-12 7.2471e-01 1.8216e+03 2.8478e+03 2.9825e+03 6.7988e+18 8.8862e+20 5.5724e+20 5.3613e-02 8.5219e-03 8.5812e+04 4.7400e+04
4.4800e+03 4.8925e-12 7.2442e-01 1.8212e+03 2.8472e+03 2.9822e+03 6.8281e+18 8.9201e+20 5.5845e+20 5.3529e-02 8.5441e-03 8.5930e+04 4.7404e+04
4.4900e+03 4.8829e-12 7.2413e-01 1.8209e+03 2.8466e+03 2.9819e+03 6.8575e+18 8.9542e+20 5.5966e+20 5.3446e-02 8.5662e-03 8.6047e+04 4.7408e+04
4.5000e+03 4.8734e-12 7.2385e-01 1.8206e+03 2.8460e+03 2.9817e+03 6.8869e+18 8.9883e+20 5.6087e+20 5.3362e-02 8.5880e-03 8.6164e+04 4.7412e+04
4.5100e+03 4.8639e-12 7.2356e-01 1.8203e+03 2.8453e+03 2.9814e+03 6.9165e+18 9.0225e+20 5.6210e+20 5.3279e-02 8.6096e-03 8.6281e+04 4.7417e+04
4.5200e+03 4.8544e-12 7.2328e-01 1.8200e+03 2.8447e+03 2.9812e+03 6.9461e+18 9.0569e+20 5.6332e+20 5.3196e-02 8.6311e-03 8.6398e+04 4.7422e+04
4.5300e+03 4.8450e-12 7.2300e-01 1.8197e+03 2.8441e+03 2.9809e+03 6.9758e+18 9.0914e+20 5.6456e+20 5.3114e-02 8.6523e-03 8.6515e+04 4.7427e+04
4.5400e+03 4.8356e-12 7.2272e-01 1.8194e+03 2.8435e+03 2.9806e+03 7.0055e+18 9.1259e+20 5.6580e+20 5.3032e-02 8.6734e-03 8.6632e+04 4.7433e+04
4.5500e+03 0.0000e+00 0.0000e+00 1.8191e+03 0.0000e+00 2.9804e+03 0.0000e+00 0.0000e+00 0.0000e+00 0.0000e+00 0.0000e+00 0.0000e+00 0.0000e+00
