0.0000e+00 2.3990e-11 1.8848e+00 1.7000e+03 2.6756e+03 4.2000e+03 2.2229e+20 2.0362e+20 4.1654e+18 1.0088e-01 4.3436e-01 4.1989e+04 1.0528e+04
1.0000e+01 2.3855e-11 1.7243e+00 1.7122e+03 2.7026e+03 4.1868e+03 1.7918e+20 1.9503e+20 4.4038e+18 1.0965e-01 4.1915e-01 3.8965e+04 1.0623e+04
2.0000e+01 2.3720e-11 1.6046e+00 1.7238e+03 2.7248e+03 4.1740e+03 1.5170e+20 1.8931e+20 4.6483e+18 1.1717e-01 4.0555e-01 3.6762e+04 1.0720e+04
3.0000e+01 2.3586e-11 1.5018e+00 1.7348e+03 2.7455e+03 4.1617e+03 1.3042e+20 1.8443e+20 4.8993e+18 1.2448e-01 3.9275e-01 3.4868e+04 1.0817e+04
4.0000e+01 2.3454e-11 1.4116e+00 1.7452e+03 2.7651e+03 4.1498e+03 1.1335e+20 1.8010e+20 5.1568e+18 1.3169e-01 3.8062e-01 3.3195e+04 1.0914e+04
5.0000e+01 2.3322e-11 1.3318e+00 1.7551e+03 2.7836e+03 4.1382e+03 9.9468e+19 1.7626e+20 5.4209e+18 1.3880e-01 3.6910e-01 3.1709e+04 1.1010e+04
6.0000e+01 2.3191e-11 1.2609e+00 1.7645e+03 2.8011e+03 4.1270e+03 8.8066e+19 1.7285e+20 5.6913e+18 1.4578e-01 3.5815e-01 3.0383e+04 1.1106e+04
7.0000e+01 2.3062e-11 1.1976e+00 1.7734e+03 2.8176e+03 4.1161e+03 7.8618e+19 1.6985e+20 5.9682e+18 1.5262e-01 3.4774e-01 2.9197e+04 1.1202e+04
8.0000e+01 2.2933e-11 1.1411e+00 1.7818e+03 2.8332e+03 4.1055e+03 7.0726e+19 1.6722e+20 6.2514e+18 1.5929e-01 3.3783e-01 2.8132e+04 1.1298e+04
9.0000e+01 2.2805e-11 1.0903e+00 1.7897e+03 2.8479e+03 4.0952e+03 6.4086e+19 1.6493e+20 6.5409e+18 1.6578e-01 3.2840e-01 2.7175e+04 1.1394e+04
1.0000e+02 2.2678e-11 1.0446e+00 1.7972e+03 2.8617e+03 4.0852e+03 5.8460e+19 1.6295e+20 6.8366e+18 1.7208e-01 3.1942e-01 2.6311e+04 1.1491e+04
1.1000e+02 2.2553e-11 1.0033e+00 1.8042e+03 2.8748e+03 4.0755e+03 5.3666e+19 1.6127e+20 7.1386e+18 1.7816e-01 3.1086e-01 2.5532e+04 1.1588e+04
1.2000e+02 2.2428e-11 9.6597e-01 1.8109e+03 2.8870e+03 4.0660e+03 4.9556e+19 1.5987e+20 7.4467e+18 1.8402e-01 3.0270e-01 2.4826e+04 1.1685e+04
1.3000e+02 2.2304e-11 9.3209e-01 1.8171e+03 2.8985e+03 4.0568e+03 4.6015e+19 1.5872e+20 7.7610e+18 1.8966e-01 2.9492e-01 2.4187e+04 1.1782e+04
1.4000e+02 2.2181e-11 9.0129e-01 1.8230e+03 2.9093e+03 4.0479e+03 4.2950e+19 1.5781e+20 8.0815e+18 1.9506e-01 2.8750e-01 2.3608e+04 1.1880e+04
1.5000e+02 2.2059e-11 8.7324e-01 1.8285e+03 2.9194e+03 4.0391e+03 4.0285e+19 1.5713e+20 8.4080e+18 2.0022e-01 2.8041e-01 2.3082e+04 1.1979e+04
1.6000e+02 2.1937e-11 8.4763e-01 1.8336e+03 2.9289e+03 4.0306e+03 3.7960e+19 1.5667e+20 8.7407e+18 2.0513e-01 2.7365e-01 2.2604e+04 1.2078e+04
1.7000e+02 2.1817e-11 8.2423e-01 1.8384e+03 2.9377e+03 4.0223e+03 3.5924e+19 1.5640e+20 9.0795e+18 2.0980e-01 2.6720e-01 2.2170e+04 1.2177e+04
1.8000e+02 2.1698e-11 8.0280e-01 1.8428e+03 2.9459e+03 4.0141e+03 3.4136e+19 1.5634e+20 9.4244e+18 2.1422e-01 2.6103e-01 2.1774e+04 1.2277e+04
1.9000e+02 2.1579e-11 7.8315e-01 1.8470e+03 2.9535e+03 4.0062e+03 3.2561e+19 1.5645e+20 9.7754e+18 2.1840e-01 2.5514e-01 2.1415e+04 1.2378e+04
2.0000e+02 2.1462e-11 7.6510e-01 1.8509e+03 2.9606e+03 3.9984e+03 3.1171e+19 1.5674e+20 1.0133e+19 2.2233e-01 2.4951e-01 2.1089e+04 1.2479e+04
2.1000e+02 2.1345e-11 7.4851e-01 1.8544e+03 2.9672e+03 3.9908e+03 2.9941e+19 1.5720e+20 1.0496e+19 2.2602e-01 2.4412e-01 2.0792e+04 1.2580e+04
2.2000e+02 2.1229e-11 7.3323e-01 1.8578e+03 2.9732e+03 3.9834e+03 2.8851e+19 1.5783e+20 1.0865e+19 2.2948e-01 2.3897e-01 2.0522e+04 1.2682e+04
2.3000e+02 2.1114e-11 7.1916e-01 1.8608e+03 2.9788e+03 3.9762e+03 2.7885e+19 1.5860e+20 1.1241e+19 2.3270e-01 2.3404e-01 2.0277e+04 1.2784e+04
2.4000e+02 2.1000e-11 7.0617e-01 1.8636e+03 2.9840e+03 3.9690e+03 2.7027e+19 1.5952e+20 1.1623e+19 2.3570e-01 2.2932e-01 2.0055e+04 1.2887e+04
2.5000e+02 2.0886e-11 6.9417e-01 1.8662e+03 2.9887e+03 3.9621e+03 2.6265e+19 1.6059e+20 1.2011e+19 2.3848e-01 2.2479e-01 1.9854e+04 1.2990e+04
2.6000e+02 2.0774e-11 6.8309e-01 1.8686e+03 2.9931e+03 3.9552e+03 2.5589e+19 1.6180e+20 1.2406e+19 2.4104e-01 2.2046e-01 1.9672e+04 1.3093e+04
2.7000e+02 2.0662e-11 6.7283e-01 1.8707e+03 2.9970e+03 3.9485e+03 2.4988e+19 1.6314e+20 1.2806e+19 2.4340e-01 2.1631e-01 1.9508e+04 1.3197e+04
2.8000e+02 2.0551e-11 6.6334e-01 1.8727e+03 3.0006e+03 3.9419e+03 2.4456e+19 1.6461e+20 1.3214e+19 2.4556e-01 2.1232e-01 1.9360e+04 1.3301e+04
2.9000e+02 2.0441e-11 6.5454e-01 1.8745e+03 3.0038e+03 3.9355e+03 2.3984e+19 1.6621e+20 1.3627e+19 2.4753e-01 2.0849e-01 1.9228e+04 1.3405e+04
3.0000e+02 2.0332e-11 6.4638e-01 1.8761e+03 3.0068e+03 3.9291e+03 2.3568e+19 1.6793e+20 1.4048e+19 2.4931e-01 2.0482e-01 1.9110e+04 1.3510e+04
3.1000e+02 2.0224e-11 6.3882e-01 1.8775e+03 3.0094e+03 3.9229e+03 2.3202e+19 1.6978e+20 1.4475e+19 2.5092e-01 2.0129e-01 1.9005e+04 1.3615e+04
3.2000e+02 2.0116e-11 6.3179e-01 1.8788e+03 3.0117e+03 3.9168e+03 2.2881e+19 1.7174e+20 1.4908e+19 2.5236e-01 1.9790e-01 1.8911e+04 1.3720e+04
3.3000e+02 2.0009e-11 6.2527e-01 1.8799e+03 3.0138e+03 3.9108e+03 2.2601e+19 1.7382e+20 1.5348e+19 2.5364e-01 1.9464e-01 1.8830e+04 1.3826e+04
3.4000e+02 1.9903e-11 6.1921e-01 1.8809e+03 3.0156e+03 3.9048e+03 2.2359e+19 1.7601e+20 1.5796e+19 2.5476e-01 1.9150e-01 1.8758e+04 1.3931e+04
3.5000e+02 1.9798e-11 6.1358e-01 1.8818e+03 3.0171e+03 3.8990e+03 2.2151e+19 1.7831e+20 1.6250e+19 2.5574e-01 1.8847e-01 1.8697e+04 1.4037e+04
3.6000e+02 1.9693e-11 6.0835e-01 1.8825e+03 3.0185e+03 3.8933e+03 2.1975e+19 1.8072e+20 1.6710e+19 2.5658e-01 1.8556e-01 1.8644e+04 1.4144e+04
3.7000e+02 1.9589e-11 6.0348e-01 1.8832e+03 3.0196e+03 3.8876e+03 2.1828e+19 1.8324e+20 1.7178e+19 2.5729e-01 1.8275e-01 1.8600e+04 1.4250e+04
3.8000e+02 1.9486e-11 5.9895e-01 1.8837e+03 3.0205e+03 3.8821e+03 2.1708e+19 1.8586e+20 1.7654e+19 2.5787e-01 1.8005e-01 1.8564e+04 1.4356e+04
3.9000e+02 1.9384e-11 5.9473e-01 1.8841e+03 3.0212e+03 3.8766e+03 2.1613e+19 1.8860e+20 1.8136e+19 2.5833e-01 1.7743e-01 1.8535e+04 1.4463e+04
4.0000e+02 1.9283e-11 5.9081e-01 1.8844e+03 3.0217e+03 3.8712e+03 2.1541e+19 1.9143e+20 1.8625e+19 2.5869e-01 1.7491e-01 1.8513e+04 1.4570e+04
4.1000e+02 1.9182e-11 5.8716e-01 1.8846e+03 3.0221e+03 3.8659e+03 2.1491e+19 1.9437e+20 1.9122e+19 2.5894e-01 1.7247e-01 1.8498e+04 1.4677e+04
4.2000e+02 1.9082e-11 5.8376e-01 1.8847e+03 3.0223e+03 3.8606e+03 2.1460e+19 1.9741e+20 1.9627e+19 2.5909e-01 1.7011e-01 1.8489e+04 1.4785e+04
4.3000e+02 1.8983e-11 5.8059e-01 1.8848e+03 3.0224e+03 3.8555e+03 2.1449e+19 2.0055e+20 2.0138e+19 2.5914e-01 1.6783e-01 1.8485e+04 1.4892e+04
4.4000e+02 1.8884e-11 5.7765e-01 1.8847e+03 3.0223e+03 3.8504e+03 2.1455e+19 2.0379e+20 2.0658e+19 2.5911e-01 1.6562e-01 1.8487e+04 1.4999e+04
4.5000e+02 1.8786e-11 5.7491e-01 1.8846e+03 3.0221e+03 3.8453e+03 2.1477e+19 2.0713e+20 2.1185e+19 2.5900e-01 1.6349e-01 1.8494e+04 1.5107e+04
4.6000e+02 1.8689e-11 5.7235e-01 1.8845e+03 3.0217e+03 3.8404e+03 2.1516e+19 2.1057e+20 2.1720e+19 2.5881e-01 1.6141e-01 1.8506e+04 1.5215e+04
4.7000e+02 1.8593e-11 5.6998e-01 1.8842e+03 3.0213e+03 3.8354e+03 2.1569e+19 2.1410e+20 2.2263e+19 2.5854e-01 1.5941e-01 1.8522e+04 1.5323e+04
4.8000e+02 1.8497e-11 5.6777e-01 1.8839e+03 3.0207e+03 3.8306e+03 2.1636e+19 2.1774e+20 2.2814e+19 2.5821e-01 1.5746e-01 1.8542e+04 1.5431e+04
4.9000e+02 1.8402e-11 5.6571e-01 1.8836e+03 3.0200e+03 3.8258e+03 2.1716e+19 2.2147e+20 2.3373e+19 2.5782e-01 1.5557e-01 1.8566e+04 1.5539e+04
5.0000e+02 1.8307e-11 5.6380e-01 1.8832e+03 3.0193e+03 3.8211e+03 2.1809e+19 2.2530e+20 2.3940e+19 2.5737e-01 1.5373e-01 1.8594e+04 1.5647e+04
5.1000e+02 1.8214e-11 5.6202e-01 1.8827e+03 3.0184e+03 3.8164e+03 2.1914e+19 2.2923e+20 2.4515e+19 2.5686e-01 1.5195e-01 1.8626e+04 1.5755e+04
5.2000e+02 1.8121e-11 5.6037e-01 1.8822e+03 3.0175e+03 3.8118e+03 2.2030e+19 2.3325e+20 2.5099e+19 2.5630e-01 1.5021e-01 1.8661e+04 1.5863e+04
5.3000e+02 1.8028e-11 5.5884e-01 1.8817e+03 3.0165e+03 3.8072e+03 2.2157e+19 2.3737e+20 2.5691e+19 2.5570e-01 1.4852e-01 1.8699e+04 1.5972e+04
5.4000e+02 1.7937e-11 5.5742e-01 1.8811e+03 3.0154e+03 3.8027e+03 2.2295e+19 2.4159e+20 2.6292e+19 2.5504e-01 1.4688e-01 1.8739e+04 1.6080e+04
5.5000e+02 1.7846e-11 5.5610e-01 1.8805e+03 3.0142e+03 3.7982e+03 2.2443e+19 2.4591e+20 2.6901e+19 2.5435e-01 1.4528e-01 1.8783e+04 1.6189e+04
5.6000e+02 1.7755e-11 5.5487e-01 1.8799e+03 3.0130e+03 3.7938e+03 2.2600e+19 2.5032e+20 2.7519e+19 2.5362e-01 1.4373e-01 1.8830e+04 1.6297e+04
5.7000e+02 1.7666e-11 5.5374e-01 1.8792e+03 3.0117e+03 3.7894e+03 2.2767e+19 2.5483e+20 2.8146e+19 2.5286e-01 1.4221e-01 1.8878e+04 1.6406e+04
5.8000e+02 1.7577e-11 5.5269e-01 1.8785e+03 3.0104e+03 3.7851e+03 2.2942e+19 2.5943e+20 2.8782e+19 2.5206e-01 1.4073e-01 1.8930e+04 1.6515e+04
5.9000e+02 1.7488e-11 5.5172e-01 1.8777e+03 3.0090e+03 3.7808e+03 2.3127e+19 2.6414e+20 2.9427e+19 2.5123e-01 1.3929e-01 1.8983e+04 1.6624e+04
6.0000e+02 1.7400e-11 5.5083e-01 1.8770e+03 3.0076e+03 3.7766e+03 2.3319e+19 2.6894e+20 3.0080e+19 2.5038e-01 1.3788e-01 1.9039e+04 1.6732e+04
6.1000e+02 1.7313e-11 5.5000e-01 1.8762e+03 3.0061e+03 3.7724e+03 2.3520e+19 2.7384e+20 3.0743e+19 2.4950e-01 1.3650e-01 1.9096e+04 1.6841e+04
6.2000e+02 1.7227e-11 5.4924e-01 1.8754e+03 3.0046e+03 3.7682e+03 2.3729e+19 2.7883e+20 3.1416e+19 2.4859e-01 1.3516e-01 1.9156e+04 1.6950e+04
6.3000e+02 1.7141e-11 5.4854e-01 1.8745e+03 3.0030e+03 3.7641e+03 2.3945e+19 2.8393e+20 3.2097e+19 2.4767e-01 1.3385e-01 1.9217e+04 1.7059e+04
6.4000e+02 1.7055e-11 5.4790e-01 1.8737e+03 3.0014e+03 3.7601e+03 2.4169e+19 2.8912e+20 3.2789e+19 2.4672e-01 1.3257e-01 1.9281e+04 1.7169e+04
6.5000e+02 1.6971e-11 5.4732e-01 1.8728e+03 2.9998e+03 3.7560e+03 2.4400e+19 2.9441e+20 3.3489e+19 2.4576e-01 1.3131e-01 1.9345e+04 1.7278e+04
6.6000e+02 1.6887e-11 5.4678e-01 1.8719e+03 2.9981e+03 3.7520e+03 2.4638e+19 2.9980e+20 3.4200e+19 2.4478e-01 1.3009e-01 1.9412e+04 1.7387e+04
6.7000e+02 1.6803e-11 5.4629e-01 1.8710e+03 2.9964e+03 3.7481e+03 2.4883e+19 3.0530e+20 3.4920e+19 2.4379e-01 1.2889e-01 1.9480e+04 1.7496e+04
6.8000e+02 1.6720e-11 5.4585e-01 1.8701e+03 2.9947e+03 3.7442e+03 2.5134e+19 3.1089e+20 3.5650e+19 2.4279e-01 1.2771e-01 1.9549e+04 1.7605e+04
6.9000e+02 1.6638e-11 5.4544e-01 1.8691e+03 2.9929e+03 3.7403e+03 2.5393e+19 3.1658e+20 3.6390e+19 2.4177e-01 1.2656e-01 1.9619e+04 1.7715e+04
7.0000e+02 1.6556e-11 5.4508e-01 1.8682e+03 2.9912e+03 3.7364e+03 2.5657e+19 3.2237e+20 3.7140e+19 2.4074e-01 1.2544e-01 1.9691e+04 1.7824e+04
7.1000e+02 1.6475e-11 5.4475e-01 1.8672e+03 2.9894e+03 3.7326e+03 2.5928e+19 3.2827e+20 3.7900e+19 2.3971e-01 1.2433e-01 1.9764e+04 1.7934e+04
7.2000e+02 1.6394e-11 5.4446e-01 1.8662e+03 2.9875e+03 3.7288e+03 2.6206e+19 3.3427e+20 3.8671e+19 2.3866e-01 1.2325e-01 1.9839e+04 1.8043e+04
7.3000e+02 1.6314e-11 5.4420e-01 1.8653e+03 2.9857e+03 3.7251e+03 2.6489e+19 3.4037e+20 3.9452e+19 2.3761e-01 1.2219e-01 1.9914e+04 1.8153e+04
7.4000e+02 1.6235e-11 5.4397e-01 1.8643e+03 2.9839e+03 3.7214e+03 2.6779e+19 3.4657e+20 4.0243e+19 2.3655e-01 1.2115e-01 1.9991e+04 1.8262e+04
7.5000e+02 1.6156e-11 5.4377e-01 1.8633e+03 2.9820e+03 3.7177e+03 2.7074e+19 3.5288e+20 4.1045e+19 2.3549e-01 1.2013e-01 2.0068e+04 1.8372e+04
7.6000e+02 1.6078e-11 5.4359e-01 1.8623e+03 2.9801e+03 3.7140e+03 2.7376e+19 3.5929e+20 4.1857e+19 2.3442e-01 1.1912e-01 2.0147e+04 1.8482e+04
7.7000e+02 1.6000e-11 5.4344e-01 1.8613e+03 2.9783e+03 3.7104e+03 2.7683e+19 3.6581e+20 4.2680e+19 2.3335e-01 1.1814e-01 2.0226e+04 1.8591e+04
7.8000e+02 1.5923e-11 5.4332e-01 1.8602e+03 2.9764e+03 3.7068e+03 2.7996e+19 3.7243e+20 4.3514e+19 2.3228e-01 1.1717e-01 2.0306e+04 1.8701e+04
7.9000e+02 1.5846e-11 5.4321e-01 1.8592e+03 2.9745e+03 3.7032e+03 2.8314e+19 3.7916e+20 4.4359e+19 2.3121e-01 1.1623e-01 2.0387e+04 1.8811e+04
8.0000e+02 1.5770e-11 5.4313e-01 1.8582e+03 2.9725e+03 3.6997e+03 2.8638e+19 3.8600e+20 4.5215e+19 2.3013e-01 1.1529e-01 2.0469e+04 1.8921e+04
8.1000e+02 1.5694e-11 5.4307e-01 1.8572e+03 2.9706e+03 3.6962e+03 2.8968e+19 3.9294e+20 4.6082e+19 2.2905e-01 1.1438e-01 2.0552e+04 1.9031e+04
8.2000e+02 1.5619e-11 5.4302e-01 1.8561e+03 2.9687e+03 3.6927e+03 2.9303e+19 3.9999e+20 4.6960e+19 2.2798e-01 1.1348e-01 2.0635e+04 1.9140e+04
8.3000e+02 1.5544e-11 5.4299e-01 1.8551e+03 2.9668e+03 3.6893e+03 2.9643e+19 4.0715e+20 4.7850e+19 2.2690e-01 1.1259e-01 2.0720e+04 1.9250e+04
8.4000e+02 1.5470e-11 5.4298e-01 1.8540e+03 2.9648e+03 3.6858e+03 2.9989e+19 4.1443e+20 4.8751e+19 2.2582e-01 1.1172e-01 2.0804e+04 1.9360e+04
8.5000e+02 1.5397e-11 5.4298e-01 1.8530e+03 2.9629e+03 3.6824e+03 3.0340e+19 4.2181e+20 4.9663e+19 2.2475e-01 1.1087e-01 2.0890e+04 1.9470e+04
8.6000e+02 1.5324e-11 5.4300e-01 1.8520e+03 2.9609e+03 3.6791e+03 3.0696e+19 4.2930e+20 5.0587e+19 2.2368e-01 1.1003e-01 2.0976e+04 1.9581e+04
8.7000e+02 1.5251e-11 5.4302e-01 1.8509e+03 2.9590e+03 3.6757e+03 3.1058e+19 4.3691e+20 5.1523e+19 2.2261e-01 1.0920e-01 2.1063e+04 1.9691e+04
8.8000e+02 1.5179e-11 5.4307e-01 1.8499e+03 2.9570e+03 3.6724e+03 3.1425e+19 4.4463e+20 5.2471e+19 2.2154e-01 1.0838e-01 2.1150e+04 1.9801e+04
8.9000e+02 1.5108e-11 5.4312e-01 1.8488e+03 2.9551e+03 3.6691e+03 3.1797e+19 4.5246e+20 5.3430e+19 2.2047e-01 1.0758e-01 2.1238e+04 1.9911e+04
9.0000e+02 1.5037e-11 5.4318e-01 1.8478e+03 2.9531e+03 3.6658e+03 3.2174e+19 4.6041e+20 5.4402e+19 2.1941e-01 1.0679e-01 2.1327e+04 2.0021e+04
9.1000e+02 1.4966e-11 5.4325e-01 1.8467e+03 2.9512e+03 3.6626e+03 3.2556e+19 4.6847e+20 5.5385e+19 2.1835e-01 1.0602e-01 2.1415e+04 2.0131e+04
9.2000e+02 1.4896e-11 5.4333e-01 1.8457e+03 2.9492e+03 3.6594e+03 3.2944e+19 4.7665e+20 5.6381e+19 2.1730e-01 1.0525e-01 2.1505e+04 2.0242e+04
9.3000e+02 1.4827e-11 5.4343e-01 1.8446e+03 2.9473e+03 3.6562e+03 3.3336e+19 4.8494e+20 5.7389e+19 2.1625e-01 1.0450e-01 2.1595e+04 2.0352e+04
9.4000e+02 1.4757e-11 5.4352e-01 1.8436e+03 2.9453e+03 3.6530e+03 3.3734e+19 4.9336e+20 5.8410e+19 2.1520e-01 1.0375e-01 2.1685e+04 2.0463e+04
9.5000e+02 1.4689e-11 5.4363e-01 1.8425e+03 2.9433e+03 3.6498e+03 3.4136e+19 5.0189e+20 5.9443e+19 2.1416e-01 1.0302e-01 2.1776e+04 2.0573e+04
9.6000e+02 1.4621e-11 5.4374e-01 1.8415e+03 2.9414e+03 3.6467e+03 3.4544e+19 5.1054e+20 6.0488e+19 2.1312e-01 1.0230e-01 2.1867e+04 2.0683e+04
9.7000e+02 1.4553e-11 5.4386e-01 1.8404e+03 2.9394e+03 3.6436e+03 3.4957e+19 5.1931e+20 6.1547e+19 2.1209e-01 1.0159e-01 2.1959e+04 2.0794e+04
9.8000e+02 1.4486e-11 5.4399e-01 1.8394e+03 2.9375e+03 3.6405e+03 3.5374e+19 5.2820e+20 6.2618e+19 2.1106e-01 1.0089e-01 2.2051e+04 2.0904e+04
9.9000e+02 1.4419e-11 5.4412e-01 1.8383e+03 2.9355e+03 3.6374e+03 3.5797e+19 5.3722e+20 6.3702e+19 2.1004e-01 1.0019e-01 2.2143e+04 2.1015e+04
1.0000e+03 1.4353e-11 5.4425e-01 1.8373e+03 2.9336e+03 3.6344e+03 3.6225e+19 5.4636e+20 6.4799e+19 2.0902e-01 9.9513e-02 2.2236e+04 2.1126e+04
1.0100e+03 1.4287e-11 5.4439e-01 1.8363e+03 2.9317e+03 3.6313e+03 3.6657e+19 5.5562e+20 6.5909e+19 2.0801e-01 9.8841e-02 2.2329e+04 2.1236e+04
1.0200e+03 1.4222e-11 5.4454e-01 1.8352e+03 2.9297e+03 3.6283e+03 3.7095e+19 5.6501e+20 6.7032e+19 2.0700e-01 9.8178e-02 2.2423e+04 2.1347e+04
1.0300e+03 1.4157e-11 5.4468e-01 1.8342e+03 2.9278e+03 3.6253e+03 3.7538e+19 5.7452e+20 6.8169e+19 2.0600e-01 9.7524e-02 2.2517e+04 2.1458e+04
1.0400e+03 1.4092e-11 5.4484e-01 1.8332e+03 2.9259e+03 3.6224e+03 3.7985e+19 5.8416e+20 6.9319e+19 2.0501e-01 9.6878e-02 2.2611e+04 2.1568e+04
1.0500e+03 1.4028e-11 5.4499e-01 1.8321e+03 2.9239e+03 3.6194e+03 3.8438e+19 5.9393e+20 7.0483e+19 2.0402e-01 9.6242e-02 2.2706e+04 2.1679e+04
1.0600e+03 1.3965e-11 5.4515e-01 1.8311e+03 2.9220e+03 3.6165e+03 3.8895e+19 6.0382e+20 7.1660e+19 2.0304e-01 9.5613e-02 2.2800e+04 2.1790e+04
1.0700e+03 1.3902e-11 5.4531e-01 1.8301e+03 2.9201e+03 3.6136e+03 3.9358e+19 6.1385e+20 7.2851e+19 2.0206e-01 9.4993e-02 2.2895e+04 2.1901e+04
1.0800e+03 1.3839e-11 5.4547e-01 1.8290e+03 2.9182e+03 3.6107e+03 3.9826e+19 6.2401e+20 7.4055e+19 2.0109e-01 9.4381e-02 2.2991e+04 2.2012e+04
1.0900e+03 1.3777e-11 5.4564e-01 1.8280e+03 2.9163e+03 3.6078e+03 4.0298e+19 6.3429e+20 7.5274e+19 2.0012e-01 9.3777e-02 2.3086e+04 2.2123e+04
1.1000e+03 1.3715e-11 5.4581e-01 1.8270e+03 2.9144e+03 3.6050e+03 4.0776e+19 6.4471e+20 7.6507e+19 1.9916e-01 9.3180e-02 2.3182e+04 2.2234e+04
1.1100e+03 1.3653e-11 5.4598e-01 1.8260e+03 2.9125e+03 3.6021e+03 4.1258e+19 6.5527e+20 7.7754e+19 1.9821e-01 9.2591e-02 2.3279e+04 2.2345e+04
1.1200e+03 1.3592e-11 5.4615e-01 1.8250e+03 2.9106e+03 3.5993e+03 4.1746e+19 6.6596e+20 7.9015e+19 1.9726e-01 9.2009e-02 2.3375e+04 2.2456e+04
1.1300e+03 1.3532e-11 5.4632e-01 1.8240e+03 2.9087e+03 3.5965e+03 4.2238e+19 6.7678e+20 8.0290e+19 1.9632e-01 9.1434e-02 2.3472e+04 2.2567e+04
1.1400e+03 1.3471e-11 5.4649e-01 1.8230e+03 2.9069e+03 3.5938e+03 4.2736e+19 6.8774e+20 8.1580e+19 1.9538e-01 9.0867e-02 2.3569e+04 2.2678e+04
1.1500e+03 1.3412e-11 5.4667e-01 1.8220e+03 2.9050e+03 3.5910e+03 4.3238e+19 6.9884e+20 8.2884e+19 1.9445e-01 9.0306e-02 2.3666e+04 2.2789e+04
1.1600e+03 1.3352e-11 5.4684e-01 1.8210e+03 2.9031e+03 3.5882e+03 4.3746e+19 7.1007e+20 8.4203e+19 1.9353e-01 8.9752e-02 2.3763e+04 2.2901e+04
1.1700e+03 1.3293e-11 5.4702e-01 1.8200e+03 2.9013e+03 3.5855e+03 4.4258e+19 7.2145e+20 8.5537e+19 1.9261e-01 8.9205e-02 2.3861e+04 2.3012e+04
1.1800e+03 1.3235e-11 5.4719e-01 1.8190e+03 2.8994e+03 3.5828e+03 4.4776e+19 7.3297e+20 8.6886e+19 1.9170e-01 8.8665e-02 2.3959e+04 2.3123e+04
1.1900e+03 1.3176e-11 5.4737e-01 1.8180e+03 2.8975e+03 3.5801e+03 4.5299e+19 7.4463e+20 8.8249e+19 1.9080e-01 8.8130e-02 2.4057e+04 2.3235e+04
1.2000e+03 1.3119e-11 5.4755e-01 1.8170e+03 2.8957e+03 3.5774e+03 4.5826e+19 7.5643e+20 8.9628e+19 1.8990e-01 8.7602e-02 2.4155e+04 2.3346e+04
1.2100e+03 1.3061e-11 5.4772e-01 1.8160e+03 2.8939e+03 3.5748e+03 4.6359e+19 7.6837e+20 9.1022e+19 1.8900e-01 8.7081e-02 2.4254e+04 2.3457e+04
1.2200e+03 1.3004e-11 5.4790e-01 1.8150e+03 2.8920e+03 3.5721e+03 4.6897e+19 7.8046e+20 9.2431e+19 1.8812e-01 8.6565e-02 2.4352e+04 2.3569e+04
1.2300e+03 1.2947e-11 5.4808e-01 1.8140e+03 2.8902e+03 3.5695e+03 4.7440e+19 7.9270e+20 9.3856e+19 1.8724e-01 8.6055e-02 2.4451e+04 2.3680e+04
1.2400e+03 1.2891e-11 5.4826e-01 1.8131e+03 2.8884e+03 3.5669e+03 4.7988e+19 8.0508e+20 9.5296e+19 1.8636e-01 8.5551e-02 2.4550e+04 2.3792e+04
1.2500e+03 1.2835e-11 5.4843e-01 1.8121e+03 2.8866e+03 3.5643e+03 4.8542e+19 8.1761e+20 9.6752e+19 1.8549e-01 8.5053e-02 2.4649e+04 2.3903e+04
1.2600e+03 1.2780e-11 5.4861e-01 1.8111e+03 2.8848e+03 3.5617e+03 4.9100e+19 8.3029e+20 9.8223e+19 1.8463e-01 8.4560e-02 2.4749e+04 2.4015e+04
1.2700e+03 1.2725e-11 5.4879e-01 1.8102e+03 2.8830e+03 3.5591e+03 4.9664e+19 8.4312e+20 9.9710e+19 1.8378e-01 8.4073e-02 2.4848e+04 2.4127e+04
1.2800e+03 1.2670e-11 5.4896e-01 1.8092e+03 2.8812e+03 3.5565e+03 5.0232e+19 8.5611e+20 1.0121e+20 1.8293e-01 8.3591e-02 2.4948e+04 2.4238e+04
1.2900e+03 1.2615e-11 5.4914e-01 1.8083e+03 2.8794e+03 3.5540e+03 5.0806e+19 8.6924e+20 1.0273e+20 1.8208e-01 8.3114e-02 2.5048e+04 2.4350e+04
1.3000e+03 1.2561e-11 5.4931e-01 1.8073e+03 2.8776e+03 3.5515e+03 5.1386e+19 8.8253e+20 1.0427e+20 1.8124e-01 8.2643e-02 2.5148e+04 2.4462e+04
1.3100e+03 1.2508e-11 5.4949e-01 1.8064e+03 2.8758e+03 3.5490e+03 5.1970e+19 8.9597e+20 1.0582e+20 1.8041e-01 8.2177e-02 2.5248e+04 2.4573e+04
1.3200e+03 1.2454e-11 5.4966e-01 1.8054e+03 2.8741e+03 3.5465e+03 5.2560e+19 9.0957e+20 1.0739e+20 1.7959e-01 8.1716e-02 2.5349e+04 2.4685e+04
1.3300e+03 1.2401e-11 5.4984e-01 1.8045e+03 2.8723e+03 3.5440e+03 5.3155e+19 9.2333e+20 1.0897e+20 1.7876e-01 8.1260e-02 2.5449e+04 2.4797e+04
1.3400e+03 1.2349e-11 5.5001e-01 1.8035e+03 2.8705e+03 3.5415e+03 5.3755e+19 9.3724e+20 1.1057e+20 1.7795e-01 8.0808e-02 2.5550e+04 2.4909e+04
1.3500e+03 1.2296e-11 5.5018e-01 1.8026e+03 2.8688e+03 3.5390e+03 5.4360e+19 9.5132e+20 1.1219e+20 1.7714e-01 8.0362e-02 2.5651e+04 2.5021e+04
1.3600e+03 1.2244e-11 5.5035e-01 1.8017e+03 2.8671e+03 3.5366e+03 5.4971e+19 9.6555e+20 1.1383e+20 1.7634e-01 7.9920e-02 2.5752e+04 2.5133e+04
1.3700e+03 1.2193e-11 5.5052e-01 1.8007e+03 2.8653e+03 3.5342e+03 5.5587e+19 9.7994e+20 1.1548e+20 1.7554e-01 7.9483e-02 2.5853e+04 2.5245e+04
1.3800e+03 1.2141e-11 5.5069e-01 1.7998e+03 2.8636e+03 3.5317e+03 5.6209e+19 9.9450e+20 1.1715e+20 1.7475e-01 7.9050e-02 2.5954e+04 2.5357e+04
1.3900e+03 1.2090e-11 5.5086e-01 1.7989e+03 2.8619e+03 3.5293e+03 5.6836e+19 1.0092e+21 1.1883e+20 1.7396e-01 7.8622e-02 2.6056e+04 2.5469e+04
1.4000e+03 1.2040e-11 5.5102e-01 1.7980e+03 2.8601e+03 3.5269e+03 5.7468e+19 1.0241e+21 1.2053e+20 1.7318e-01 7.8198e-02 2.6157e+04 2.5581e+04
1.4100e+03 1.1990e-11 5.5119e-01 1.7971e+03 2.8584e+03 3.5246e+03 5.8106e+19 1.0392e+21 1.2225e+20 1.7241e-01 7.7779e-02 2.6259e+04 2.5693e+04
1.4200e+03 1.1940e-11 5.5135e-01 1.7962e+03 2.8567e+03 3.5222e+03 5.8749e+19 1.0544e+21 1.2399e+20 1.7164e-01 7.7364e-02 2.6361e+04 2.5806e+04
1.4300e+03 1.1890e-11 5.5152e-01 1.7953e+03 2.8550e+03 3.5199e+03 5.9398e+19 1.0698e+21 1.2575e+20 1.7087e-01 7.6953e-02 2.6463e+04 2.5918e+04
1.4400e+03 1.1841e-11 5.5168e-01 1.7944e+03 2.8533e+03 3.5175e+03 6.0052e+19 1.0853e+21 1.2752e+20 1.7012e-01 7.6546e-02 2.6565e+04 2.6030e+04
1.4500e+03 1.1792e-11 5.5184e-01 1.7935e+03 2.8517e+03 3.5152e+03 6.0711e+19 1.1011e+21 1.2931e+20 1.6936e-01 7.6144e-02 2.6667e+04 2.6142e+04
1.4600e+03 1.1743e-11 5.5200e-01 1.7926e+03 2.8500e+03 3.5129e+03 6.1376e+19 1.1170e+21 1.3112e+20 1.6861e-01 7.5745e-02 2.6769e+04 2.6255e+04
1.4700e+03 1.1695e-11 5.5216e-01 1.7917e+03 2.8483e+03 3.5106e+03 6.2047e+19 1.1331e+21 1.3295e+20 1.6787e-01 7.5350e-02 2.6872e+04 2.6367e+04
1.4800e+03 1.1647e-11 5.5232e-01 1.7908e+03 2.8466e+03 3.5083e+03 6.2723e+19 1.1493e+21 1.3479e+20 1.6713e-01 7.4959e-02 2.6974e+04 2.6480e+04
1.4900e+03 1.1599e-11 5.5248e-01 1.7899e+03 2.8450e+03 3.5060e+03 6.3405e+19 1.1657e+21 1.3666e+20 1.6640e-01 7.4572e-02 2.7077e+04 2.6592e+04
1.5000e+03 1.1552e-11 5.5264e-01 1.7890e+03 2.8433e+03 3.5037e+03 6.4092e+19 1.1823e+21 1.3854e+20 1.6568e-01 7.4189e-02 2.7180e+04 2.6705e+04
1.5100e+03 1.1505e-11 5.5279e-01 1.7881e+03 2.8417e+03 3.5015e+03 6.4785e+19 1.1991e+21 1.4044e+20 1.6495e-01 7.3809e-02 2.7283e+04 2.6817e+04
1.5200e+03 1.1458e-11 5.5294e-01 1.7873e+03 2.8400e+03 3.4992e+03 6.5484e+19 1.2161e+21 1.4236e+20 1.6424e-01 7.3434e-02 2.7386e+04 2.6930e+04
1.5300e+03 1.1411e-11 5.5310e-01 1.7864e+03 2.8384e+03 3.4970e+03 6.6188e+19 1.2332e+21 1.4429e+20 1.6353e-01 7.3061e-02 2.7489e+04 2.7042e+04
1.5400e+03 1.1365e-11 5.5325e-01 1.7855e+03 2.8368e+03 3.4948e+03 6.6898e+19 1.2506e+21 1.4625e+20 1.6282e-01 7.2693e-02 2.7592e+04 2.7155e+04
1.5500e+03 1.1319e-11 5.5340e-01 1.7847e+03 2.8352e+03 3.4926e+03 6.7614e+19 1.2681e+21 1.4823e+20 1.6212e-01 7.2327e-02 2.7696e+04 2.7268e+04
1.5600e+03 1.1274e-11 5.5355e-01 1.7838e+03 2.8335e+03 3.4904e+03 6.8335e+19 1.2858e+21 1.5022e+20 1.6142e-01 7.1966e-02 2.7799e+04 2.7380e+04
1.5700e+03 1.1228e-11 5.5370e-01 1.7829e+03 2.8319e+03 3.4882e+03 6.9063e+19 1.3036e+21 1.5224e+20 1.6073e-01 7.1607e-02 2.7903e+04 2.7493e+04
1.5800e+03 1.1183e-11 5.5384e-01 1.7821e+03 2.8303e+03 3.4860e+03 6.9796e+19 1.3217e+21 1.5427e+20 1.6004e-01 7.1252e-02 2.8006e+04 2.7606e+04
1.5900e+03 1.1139e-11 5.5399e-01 1.7812e+03 2.8287e+03 3.4838e+03 7.0535e+19 1.3400e+21 1.5632e+20 1.5936e-01 7.0901e-02 2.8110e+04 2.7719e+04
1.6000e+03 1.1094e-11 5.5414e-01 1.7804e+03 2.8271e+03 3.4817e+03 7.1279e+19 1.3584e+21 1.5839e+20 1.5869e-01 7.0552e-02 2.8214e+04 2.7832e+04
1.6100e+03 1.1050e-11 5.5428e-01 1.7795e+03 2.8256e+03 3.4795e+03 7.2030e+19 1.3770e+21 1.6048e+20 1.5801e-01 7.0207e-02 2.8318e+04 2.7945e+04
1.6200e+03 1.1006e-11 5.5442e-01 1.7787e+03 2.8240e+03 3.4774e+03 7.2786e+19 1.3959e+21 1.6260e+20 1.5735e-01 6.9865e-02 2.8422e+04 2.8057e+04
1.6300e+03 1.0963e-11 5.5456e-01 1.7779e+03 2.8224e+03 3.4753e+03 7.3548e+19 1.4149e+21 1.6473e+20 1.5668e-01 6.9526e-02 2.8526e+04 2.8170e+04
1.6400e+03 1.0919e-11 5.5470e-01 1.7770e+03 2.8208e+03 3.4731e+03 7.4317e+19 1.4341e+21 1.6688e+20 1.5602e-01 6.9190e-02 2.8631e+04 2.8283e+04
1.6500e+03 1.0876e-11 5.5484e-01 1.7762e+03 2.8193e+03 3.4710e+03 7.5091e+19 1.4535e+21 1.6905e+20 1.5537e-01 6.8857e-02 2.8735e+04 2.8397e+04
1.6600e+03 1.0834e-11 5.5498e-01 1.7754e+03 2.8177e+03 3.4689e+03 7.5871e+19 1.4731e+21 1.7124e+20 1.5472e-01 6.8527e-02 2.8840e+04 2.8510e+04
1.6700e+03 1.0791e-11 5.5512e-01 1.7746e+03 2.8162e+03 3.4669e+03 7.6657e+19 1.4929e+21 1.7346e+20 1.5408e-01 6.8200e-02 2.8944e+04 2.8623e+04
1.6800e+03 1.0749e-11 5.5526e-01 1.7737e+03 2.8146e+03 3.4648e+03 7.7449e+19 1.5130e+21 1.7569e+20 1.5344e-01 6.7876e-02 2.9049e+04 2.8736e+04
1.6900e+03 1.0707e-11 5.5539e-01 1.7729e+03 2.8131e+03 3.4627e+03 7.8247e+19 1.5332e+21 1.7794e+20 1.5280e-01 6.7555e-02 2.9154e+04 2.8849e+04
1.7000e+03 1.0665e-11 5.5552e-01 1.7721e+03 2.8115e+03 3.4607e+03 7.9052e+19 1.5536e+21 1.8022e+20 1.5217e-01 6.7237e-02 2.9259e+04 2.8962e+04
1.7100e+03 1.0624e-11 5.5566e-01 1.7713e+03 2.8100e+03 3.4586e+03 7.9862e+19 1.5742e+21 1.8251e+20 1.5154e-01 6.6922e-02 2.9364e+04 2.9076e+04
1.7200e+03 1.0583e-11 5.5579e-01 1.7705e+03 2.8085e+03 3.4566e+03 8.0679e+19 1.5950e+21 1.8483e+20 1.5092e-01 6.6609e-02 2.9469e+04 2.9189e+04
1.7300e+03 1.0542e-11 5.5592e-01 1.7697e+03 2.8070e+03 3.4546e+03 8.1501e+19 1.6161e+21 1.8717e+20 1.5030e-01 6.6299e-02 2.9574e+04 2.9302e+04
1.7400e+03 1.0501e-11 5.5605e-01 1.7689e+03 2.8055e+03 3.4525e+03 8.2330e+19 1.6373e+21 1.8952e+20 1.4969e-01 6.5992e-02 2.9679e+04 2.9416e+04
1.7500e+03 1.0461e-11 5.5618e-01 1.7681e+03 2.8040e+03 3.4505e+03 8.3165e+19 1.6587e+21 1.9190e+20 1.4908e-01 6.5687e-02 2.9785e+04 2.9529e+04
1.7600e+03 1.0421e-11 5.5631e-01 1.7673e+03 2.8025e+03 3.4485e+03 8.4006e+19 1.6804e+21 1.9431e+20 1.4847e-01 6.5385e-02 2.9890e+04 2.9643e+04
1.7700e+03 1.0381e-11 5.5643e-01 1.7665e+03 2.8010e+03 3.4465e+03 8.4854e+19 1.7023e+21 1.9673e+20 1.4787e-01 6.5086e-02 2.9996e+04 2.9756e+04
1.7800e+03 1.0342e-11 5.5656e-01 1.7657e+03 2.7995e+03 3.4446e+03 8.5708e+19 1.7244e+21 1.9917e+20 1.4727e-01 6.4789e-02 3.0101e+04 2.9870e+04
1.7900e+03 1.0302e-11 5.5669e-01 1.7649e+03 2.7980e+03 3.4426e+03 8.6568e+19 1.7467e+21 2.0164e+20 1.4668e-01 6.4494e-02 3.0207e+04 2.9983e+04
1.8000e+03 1.0263e-11 5.5681e-01 1.7641e+03 2.7965e+03 3.4406e+03 8.7434e+19 1.7692e+21 2.0413e+20 1.4609e-01 6.4202e-02 3.0313e+04 3.0097e+04
1.8100e+03 1.0224e-11 5.5693e-01 1.7634e+03 2.7951e+03 3.4387e+03 8.8307e+19 1.7919e+21 2.0664e+20 1.4551e-01 6.3913e-02 3.0419e+04 3.0210e+04
1.8200e+03 1.0186e-11 5.5706e-01 1.7626e+03 2.7936e+03 3.4367e+03 8.9186e+19 1.8149e+21 2.0917e+20 1.4492e-01 6.3626e-02 3.0524e+04 3.0324e+04
1.8300e+03 1.0147e-11 5.5718e-01 1.7618e+03 2.7921e+03 3.4348e+03 9.0072e+19 1.8380e+21 2.1173e+20 1.4435e-01 6.3341e-02 3.0631e+04 3.0438e+04
1.8400e+03 1.0109e-11 5.5730e-01 1.7610e+03 2.7907e+03 3.4329e+03 9.0963e+19 1.8614e+21 2.1431e+20 1.4377e-01 6.3059e-02 3.0737e+04 3.0552e+04
1.8500e+03 1.0071e-11 5.5742e-01 1.7603e+03 2.7892e+03 3.4310e+03 9.1862e+19 1.8850e+21 2.1691e+20 1.4320e-01 6.2779e-02 3.0843e+04 3.0665e+04
1.8600e+03 1.0033e-11 5.5754e-01 1.7595e+03 2.7878e+03 3.4290e+03 9.2767e+19 1.9089e+21 2.1953e+20 1.4264e-01 6.2502e-02 3.0949e+04 3.0779e+04
1.8700e+03 9.9960e-12 5.5765e-01 1.7587e+03 2.7864e+03 3.4271e+03 9.3678e+19 1.9330e+21 2.2218e+20 1.4207e-01 6.2226e-02 3.1056e+04 3.0893e+04
1.8800e+03 9.9588e-12 5.5777e-01 1.7580e+03 2.7849e+03 3.4253e+03 9.4596e+19 1.9572e+21 2.2484e+20 1.4152e-01 6.1953e-02 3.1162e+04 3.1007e+04
1.8900e+03 9.9219e-12 5.5789e-01 1.7572e+03 2.7835e+03 3.4234e+03 9.5520e+19 1.9818e+21 2.2754e+20 1.4096e-01 6.1683e-02 3.1269e+04 3.1121e+04
1.9000e+03 9.8851e-12 5.5800e-01 1.7565e+03 2.7821e+03 3.4215e+03 9.6451e+19 2.0065e+21 2.3025e+20 1.4041e-01 6.1414e-02 3.1375e+04 3.1235e+04
1.9100e+03 9.8486e-12 5.5812e-01 1.7557e+03 2.7807e+03 3.4196e+03 9.7389e+19 2.0315e+21 2.3299e+20 1.3986e-01 6.1147e-02 3.1482e+04 3.1349e+04
1.9200e+03 9.8123e-12 5.5823e-01 1.7550e+03 2.7792e+03 3.4178e+03 9.8333e+19 2.0567e+21 2.3575e+20 1.3932e-01 6.0883e-02 3.1589e+04 3.1463e+04
1.9300e+03 9.7763e-12 5.5834e-01 1.7542e+03 2.7778e+03 3.4159e+03 9.9284e+19 2.0822e+21 2.3854e+20 1.3878e-01 6.0621e-02 3.1696e+04 3.1577e+04
1.9400e+03 9.7404e-12 5.5846e-01 1.7535e+03 2.7764e+03 3.4141e+03 1.0024e+20 2.1079e+21 2.4135e+20 1.3824e-01 6.0361e-02 3.1802e+04 3.1691e+04
1.9500e+03 9.7048e-12 5.5857e-01 1.7527e+03 2.7750e+03 3.4122e+03 1.0121e+20 2.1338e+21 2.4418e+20 1.3771e-01 6.0103e-02 3.1910e+04 3.1805e+04
1.9600e+03 9.6694e-12 5.5868e-01 1.7520e+03 2.7736e+03 3.4104e+03 1.0218e+20 2.1600e+21 2.4704e+20 1.3718e-01 5.9847e-02 3.2017e+04 3.1919e+04
1.9700e+03 9.6342e-12 5.5879e-01 1.7513e+03 2.7723e+03 3.4086e+03 1.0316e+20 2.1864e+21 2.4992e+20 1.3665e-01 5.9593e-02 3.2124e+04 3.2034e+04
1.9800e+03 9.5992e-12 5.5890e-01 1.7505e+03 2.7709e+03 3.4068e+03 1.0414e+20 2.2130e+21 2.5283e+20 1.3613e-01 5.9341e-02 3.2231e+04 3.2148e+04
1.9900e+03 9.5645e-12 5.5901e-01 1.7498e+03 2.7695e+03 3.4050e+03 1.0513e+20 2.2399e+21 2.5576e+20 1.3561e-01 5.9091e-02 3.2338e+04 3.2262e+04
2.0000e+03 9.5299e-12 5.5911e-01 1.7491e+03 2.7681e+03 3.4032e+03 1.0613e+20 2.2670e+21 2.5872e+20 1.3510e-01 5.8843e-02 3.2446e+04 3.2376e+04
2.0100e+03 9.4956e-12 5.5922e-01 1.7484e+03 2.7668e+03 3.4014e+03 1.0713e+20 2.2944e+21 2.6170e+20 1.3458e-01 5.8596e-02 3.2553e+04 3.2491e+04
2.0200e+03 9.4615e-12 5.5933e-01 1.7477e+03 2.7654e+03 3.3996e+03 1.0815e+20 2.3220e+21 2.6470e+20 1.3407e-01 5.8352e-02 3.2661e+04 3.2605e+04
2.0300e+03 9.4276e-12 5.5943e-01 1.7469e+03 2.7640e+03 3.3978e+03 1.0917e+20 2.3499e+21 2.6773e+20 1.3357e-01 5.8110e-02 3.2768e+04 3.2720e+04
2.0400e+03 9.3939e-12 5.5954e-01 1.7462e+03 2.7627e+03 3.3961e+03 1.1019e+20 2.3780e+21 2.7078e+20 1.3307e-01 5.7869e-02 3.2876e+04 3.2834e+04
2.0500e+03 9.3604e-12 5.5965e-01 1.7455e+03 2.7613e+03 3.3943e+03 1.1122e+20 2.4064e+21 2.7386e+20 1.3257e-01 5.7631e-02 3.2984e+04 3.2948e+04
2.0600e+03 9.3271e-12 5.5975e-01 1.7448e+03 2.7600e+03 3.3925e+03 1.1226e+20 2.4350e+21 2.7697e+20 1.3207e-01 5.7394e-02 3.3092e+04 3.3063e+04
2.0700e+03 9.2940e-12 5.5985e-01 1.7441e+03 2.7587e+03 3.3908e+03 1.1331e+20 2.4639e+21 2.8010e+20 1.3158e-01 5.7159e-02 3.3200e+04 3.3178e+04
2.0800e+03 9.2611e-12 5.5996e-01 1.7434e+03 2.7573e+03 3.3891e+03 1.1436e+20 2.4931e+21 2.8326e+20 1.3109e-01 5.6925e-02 3.3308e+04 3.3292e+04
2.0900e+03 9.2284e-12 5.6006e-01 1.7427e+03 2.7560e+03 3.3873e+03 1.1543e+20 2.5225e+21 2.8644e+20 1.3060e-01 5.6694e-02 3.3416e+04 3.3407e+04
2.1000e+03 9.1959e-12 5.6016e-01 1.7420e+03 2.7547e+03 3.3856e+03 1.1649e+20 2.5521e+21 2.8965e+20 1.3012e-01 5.6464e-02 3.3524e+04 3.3521e+04
2.1100e+03 9.1636e-12 5.6026e-01 1.7413e+03 2.7534e+03 3.3839e+03 1.1757e+20 2.5820e+21 2.9288e+20 1.2964e-01 5.6236e-02 3.3632e+04 3.3636e+04
2.1200e+03 9.1315e-12 5.6036e-01 1.7406e+03 2.7520e+03 3.3822e+03 1.1865e+20 2.6122e+21 2.9614e+20 1.2916e-01 5.6010e-02 3.3740e+04 3.3751e+04
2.1300e+03 9.0995e-12 5.6046e-01 1.7399e+03 2.7507e+03 3.3805e+03 1.1974e+20 2.6427e+21 2.9943e+20 1.2868e-01 5.5785e-02 3.3848e+04 3.3866e+04
2.1400e+03 9.0678e-12 5.6056e-01 1.7392e+03 2.7494e+03 3.3788e+03 1.2084e+20 2.6734e+21 3.0274e+20 1.2821e-01 5.5562e-02 3.3957e+04 3.3980e+04
2.1500e+03 9.0363e-12 5.6066e-01 1.7385e+03 2.7481e+03 3.3771e+03 1.2194e+20 2.7043e+21 3.0608e+20 1.2774e-01 5.5341e-02 3.4065e+04 3.4095e+04
2.1600e+03 9.0049e-12 5.6076e-01 1.7379e+03 2.7468e+03 3.3754e+03 1.2305e+20 2.7356e+21 3.0944e+20 1.2728e-01 5.5121e-02 3.4174e+04 3.4210e+04
2.1700e+03 8.9738e-12 5.6086e-01 1.7372e+03 2.7455e+03 3.3737e+03 1.2417e+20 2.7671e+21 3.1284e+20 1.2682e-01 5.4903e-02 3.4282e+04 3.4325e+04
2.1800e+03 8.9428e-12 5.6096e-01 1.7365e+03 2.7443e+03 3.3721e+03 1.2530e+20 2.7989e+21 3.1626e+20 1.2636e-01 5.4686e-02 3.4391e+04 3.4440e+04
2.1900e+03 8.9120e-12 5.6106e-01 1.7358e+03 2.7430e+03 3.3704e+03 1.2643e+20 2.8309e+21 3.1970e+20 1.2590e-01 5.4471e-02 3.4500e+04 3.4555e+04
2.2000e+03 8.8814e-12 5.6115e-01 1.7352e+03 2.7417e+03 3.3687e+03 1.2757e+20 2.8633e+21 3.2318e+20 1.2544e-01 5.4258e-02 3.4609e+04 3.4670e+04
2.2100e+03 8.8510e-12 5.6125e-01 1.7345e+03 2.7404e+03 3.3671e+03 1.2872e+20 2.8959e+21 3.2668e+20 1.2499e-01 5.4046e-02 3.4717e+04 3.4785e+04
2.2200e+03 8.8207e-12 5.6135e-01 1.7338e+03 2.7392e+03 3.3654e+03 1.2987e+20 2.9288e+21 3.3021e+20 1.2455e-01 5.3835e-02 3.4826e+04 3.4900e+04
2.2300e+03 8.7907e-12 5.6144e-01 1.7332e+03 2.7379e+03 3.3638e+03 1.3104e+20 2.9619e+21 3.3377e+20 1.2410e-01 5.3626e-02 3.4935e+04 3.5015e+04
2.2400e+03 8.7608e-12 5.6154e-01 1.7325e+03 2.7366e+03 3.3622e+03 1.3221e+20 2.9954e+21 3.3735e+20 1.2366e-01 5.3419e-02 3.5044e+04 3.5130e+04
2.2500e+03 8.7311e-12 5.6163e-01 1.7318e+03 2.7354e+03 3.3605e+03 1.3339e+20 3.0291e+21 3.4096e+20 1.2322e-01 5.3213e-02 3.5154e+04 3.5245e+04
2.2600e+03 8.7016e-12 5.6173e-01 1.7312e+03 2.7341e+03 3.3589e+03 1.3457e+20 3.0631e+21 3.4460e+20 1.2278e-01 5.3009e-02 3.5263e+04 3.5360e+04
2.2700e+03 8.6722e-12 5.6182e-01 1.7305e+03 2.7329e+03 3.3573e+03 1.3576e+20 3.0974e+21 3.4827e+20 1.2234e-01 5.2806e-02 3.5372e+04 3.5476e+04
2.2800e+03 8.6430e-12 5.6192e-01 1.7299e+03 2.7316e+03 3.3557e+03 1.3696e+20 3.1320e+21 3.5197e+20 1.2191e-01 5.2604e-02 3.5481e+04 3.5591e+04
2.2900e+03 8.6140e-12 5.6201e-01 1.7292e+03 2.7304e+03 3.3541e+03 1.3817e+20 3.1668e+21 3.5569e+20 1.2148e-01 5.2404e-02 3.5591e+04 3.5706e+04
2.3000e+03 8.5852e-12 5.6210e-01 1.7286e+03 2.7292e+03 3.3525e+03 1.3939e+20 3.2020e+21 3.5945e+20 1.2106e-01 5.2205e-02 3.5700e+04 3.5822e+04
2.3100e+03 8.5565e-12 5.6220e-01 1.7279e+03 2.7279e+03 3.3509e+03 1.4061e+20 3.2374e+21 3.6323e+20 1.2063e-01 5.2008e-02 3.5810e+04 3.5937e+04
2.3200e+03 8.5280e-12 5.6229e-01 1.7273e+03 2.7267e+03 3.3493e+03 1.4184e+20 3.2732e+21 3.6704e+20 1.2021e-01 5.1812e-02 3.5919e+04 3.6052e+04
2.3300e+03 8.4997e-12 5.6238e-01 1.7266e+03 2.7255e+03 3.3478e+03 1.4308e+20 3.3092e+21 3.7088e+20 1.1979e-01 5.1617e-02 3.6029e+04 3.6168e+04
2.3400e+03 8.4715e-12 5.6247e-01 1.7260e+03 2.7243e+03 3.3462e+03 1.4433e+20 3.3455e+21 3.7475e+20 1.1937e-01 5.1424e-02 3.6138e+04 3.6283e+04
2.3500e+03 8.4435e-12 5.6257e-01 1.7254e+03 2.7230e+03 3.3446e+03 1.4558e+20 3.3821e+21 3.7865e+20 1.1896e-01 5.1232e-02 3.6248e+04 3.6399e+04
2.3600e+03 8.4156e-12 5.6266e-01 1.7247e+03 2.7218e+03 3.3431e+03 1.4684e+20 3.4191e+21 3.8258e+20 1.1855e-01 5.1041e-02 3.6358e+04 3.6514e+04
2.3700e+03 8.3880e-12 5.6275e-01 1.7241e+03 2.7206e+03 3.3415e+03 1.4811e+20 3.4563e+21 3.8654e+20 1.1814e-01 5.0852e-02 3.6468e+04 3.6630e+04
2.3800e+03 8.3604e-12 5.6284e-01 1.7235e+03 2.7194e+03 3.3400e+03 1.4939e+20 3.4938e+21 3.9053e+20 1.1773e-01 5.0664e-02 3.6578e+04 3.6745e+04
2.3900e+03 8.3331e-12 5.6293e-01 1.7228e+03 2.7182e+03 3.3384e+03 1.5068e+20 3.5316e+21 3.9455e+20 1.1733e-01 5.0477e-02 3.6688e+04 3.6861e+04
2.4000e+03 8.3059e-12 5.6302e-01 1.7222e+03 2.7170e+03 3.3369e+03 1.5197e+20 3.5698e+21 3.9859e+20 1.1693e-01 5.0291e-02 3.6798e+04 3.6976e+04
2.4100e+03 8.2788e-12 5.6311e-01 1.7216e+03 2.7158e+03 3.3354e+03 1.5327e+20 3.6082e+21 4.0267e+20 1.1653e-01 5.0107e-02 3.6908e+04 3.7092e+04
2.4200e+03 8.2519e-12 5.6320e-01 1.7210e+03 2.7147e+03 3.3338e+03 1.5458e+20 3.6469e+21 4.0678e+20 1.1613e-01 4.9924e-02 3.7018e+04 3.7208e+04
2.4300e+03 8.2252e-12 5.6329e-01 1.7203e+03 2.7135e+03 3.3323e+03 1.5590e+20 3.6860e+21 4.1092e+20 1.1574e-01 4.9742e-02 3.7128e+04 3.7323e+04
2.4400e+03 8.1986e-12 5.6338e-01 1.7197e+03 2.7123e+03 3.3308e+03 1.5722e+20 3.7254e+21 4.1509e+20 1.1534e-01 4.9562e-02 3.7238e+04 3.7439e+04
2.4500e+03 8.1722e-12 5.6347e-01 1.7191e+03 2.7111e+03 3.3293e+03 1.5856e+20 3.7650e+21 4.1929e+20 1.1495e-01 4.9382e-02 3.7349e+04 3.7555e+04
2.4600e+03 8.1459e-12 5.6356e-01 1.7185e+03 2.7100e+03 3.3278e+03 1.5990e+20 3.8050e+21 4.2352e+20 1.1457e-01 4.9204e-02 3.7459e+04 3.7671e+04
2.4700e+03 8.1198e-12 5.6365e-01 1.7179e+03 2.7088e+03 3.3263e+03 1.6125e+20 3.8453e+21 4.2778e+20 1.1418e-01 4.9027e-02 3.7569e+04 3.7787e+04
2.4800e+03 8.0939e-12 5.6374e-01 1.7173e+03 2.7076e+03 3.3248e+03 1.6260e+20 3.8860e+21 4.3208e+20 1.1380e-01 4.8851e-02 3.7680e+04 3.7903e+04
2.4900e+03 8.0680e-12 5.6383e-01 1.7167e+03 2.7065e+03 3.3233e+03 1.6397e+20 3.9269e+21 4.3640e+20 1.1342e-01 4.8676e-02 3.7790e+04 3.8018e+04
2.5000e+03 8.0424e-12 5.6392e-01 1.7161e+03 2.7053e+03 3.3218e+03 1.6534e+20 3.9682e+21 4.4076e+20 1.1304e-01 4.8503e-02 3.7901e+04 3.8134e+04
2.5100e+03 8.0168e-12 5.6401e-01 1.7155e+03 2.7042e+03 3.3204e+03 1.6673e+20 4.0098e+21 4.4515e+20 1.1266e-01 4.8330e-02 3.8012e+04 3.8250e+04
2.5200e+03 7.9914e-12 5.6409e-01 1.7149e+03 2.7030e+03 3.3189e+03 1.6812e+20 4.0517e+21 4.4957e+20 1.1229e-01 4.8159e-02 3.8122e+04 3.8366e+04
2.5300e+03 7.9662e-12 5.6418e-01 1.7143e+03 2.7019e+03 3.3174e+03 1.6951e+20 4.0939e+21 4.5402e+20 1.1191e-01 4.7989e-02 3.8233e+04 3.8482e+04
2.5400e+03 7.9411e-12 5.6427e-01 1.7137e+03 2.7007e+03 3.3160e+03 1.7092e+20 4.1365e+21 4.5850e+20 1.1154e-01 4.7820e-02 3.8344e+04 3.8598e+04
2.5500e+03 7.9162e-12 5.6436e-01 1.7131e+03 2.6996e+03 3.3145e+03 1.7234e+20 4.1794e+21 4.6302e+20 1.1118e-01 4.7652e-02 3.8455e+04 3.8715e+04
2.5600e+03 7.8914e-12 5.6445e-01 1.7125e+03 2.6985e+03 3.3131e+03 1.7376e+20 4.2226e+21 4.6757e+20 1.1081e-01 4.7485e-02 3.8566e+04 3.8831e+04
2.5700e+03 7.8667e-12 5.6453e-01 1.7119e+03 2.6973e+03 3.3116e+03 1.7519e+20 4.2662e+21 4.7215e+20 1.1045e-01 4.7319e-02 3.8677e+04 3.8947e+04
2.5800e+03 7.8422e-12 5.6462e-01 1.7113e+03 2.6962e+03 3.3102e+03 1.7663e+20 4.3101e+21 4.7676e+20 1.1009e-01 4.7154e-02 3.8788e+04 3.9063e+04
2.5900e+03 7.8178e-12 5.6471e-01 1.7107e+03 2.6951e+03 3.3088e+03 1.7808e+20 4.3543e+21 4.8141e+20 1.0973e-01 4.6990e-02 3.8899e+04 3.9179e+04
2.6000e+03 7.7935e-12 5.6480e-01 1.7102e+03 2.6940e+03 3.3073e+03 1.7954e+20 4.3989e+21 4.8609e+20 1.0937e-01 4.6827e-02 3.9010e+04 3.9295e+04
2.6100e+03 7.7694e-12 5.6489e-01 1.7096e+03 2.6928e+03 3.3059e+03 1.8100e+20 4.4438e+21 4.9080e+20 1.0901e-01 4.6666e-02 3.9121e+04 3.9412e+04
2.6200e+03 7.7454e-12 5.6497e-01 1.7090e+03 2.6917e+03 3.3045e+03 1.8247e+20 4.4890e+21 4.9555e+20 1.0866e-01 4.6505e-02 3.9232e+04 3.9528e+04
2.6300e+03 7.7216e-12 5.6506e-01 1.7084e+03 2.6906e+03 3.3031e+03 1.8396e+20 4.5346e+21 5.0033e+20 1.0831e-01 4.6345e-02 3.9343e+04 3.9644e+04
2.6400e+03 7.6979e-12 5.6515e-01 1.7078e+03 2.6895e+03 3.3017e+03 1.8545e+20 4.5805e+21 5.0514e+20 1.0796e-01 4.6187e-02 3.9455e+04 3.9761e+04
2.6500e+03 7.6743e-12 5.6523e-01 1.7073e+03 2.6884e+03 3.3003e+03 1.8695e+20 4.6268e+21 5.0999e+20 1.0761e-01 4.6029e-02 3.9566e+04 3.9877e+04
2.6600e+03 7.6508e-12 5.6532e-01 1.7067e+03 2.6873e+03 3.2989e+03 1.8845e+20 4.6734e+21 5.1487e+20 1.0727e-01 4.5872e-02 3.9677e+04 3.9993e+04
2.6700e+03 7.6275e-12 5.6541e-01 1.7061e+03 2.6862e+03 3.2975e+03 1.8997e+20 4.7204e+21 5.1978e+20 1.0692e-01 4.5717e-02 3.9789e+04 4.0110e+04
2.6800e+03 7.6043e-12 5.6550e-01 1.7056e+03 2.6851e+03 3.2961e+03 1.9149e+20 4.7677e+21 5.2473e+20 1.0658e-01 4.5562e-02 3.9900e+04 4.0226e+04
2.6900e+03 7.5813e-12 5.6558e-01 1.7050e+03 2.6841e+03 3.2947e+03 1.9303e+20 4.8154e+21 5.2972e+20 1.0624e-01 4.5408e-02 4.0012e+04 4.0343e+04
2.7000e+03 7.5584e-12 5.6567e-01 1.7044e+03 2.6830e+03 3.2933e+03 1.9457e+20 4.8634e+21 5.3473e+20 1.0591e-01 4.5255e-02 4.0124e+04 4.0459e+04
2.7100e+03 7.5356e-12 5.6576e-01 1.7039e+03 2.6819e+03 3.2919e+03 1.9612e+20 4.9118e+21 5.3979e+20 1.0557e-01 4.5103e-02 4.0235e+04 4.0576e+04
2.7200e+03 7.5129e-12 5.6585e-01 1.7033e+03 2.6808e+03 3.2906e+03 1.9768e+20 4.9605e+21 5.4487e+20 1.0524e-01 4.4952e-02 4.0347e+04 4.0692e+04
2.7300e+03 7.4903e-12 5.6593e-01 1.7028e+03 2.6797e+03 3.2892e+03 1.9925e+20 5.0096e+21 5.5000e+20 1.0490e-01 4.4802e-02 4.0459e+04 4.0809e+04
2.7400e+03 7.4679e-12 5.6602e-01 1.7022e+03 2.6787e+03 3.2878e+03 2.0083e+20 5.0591e+21 5.5515e+20 1.0457e-01 4.4653e-02 4.0570e+04 4.0925e+04
2.7500e+03 7.4456e-12 5.6611e-01 1.7016e+03 2.6776e+03 3.2865e+03 2.0241e+20 5.1089e+21 5.6035e+20 1.0425e-01 4.4505e-02 4.0682e+04 4.1042e+04
2.7600e+03 7.4234e-12 5.6619e-01 1.7011e+03 2.6765e+03 3.2851e+03 2.0401e+20 5.1591e+21 5.6557e+20 1.0392e-01 4.4357e-02 4.0794e+04 4.1159e+04
2.7700e+03 7.4014e-12 5.6628e-01 1.7005e+03 2.6755e+03 3.2838e+03 2.0561e+20 5.2096e+21 5.7084e+20 1.0359e-01 4.4211e-02 4.0906e+04 4.1276e+04
2.7800e+03 7.3795e-12 5.6637e-01 1.7000e+03 2.6744e+03 3.2824e+03 2.0722e+20 5.2605e+21 5.7614e+20 1.0327e-01 4.4065e-02 4.1018e+04 4.1392e+04
2.7900e+03 7.3576e-12 5.6646e-01 1.6994e+03 2.6734e+03 3.2811e+03 2.0884e+20 5.3118e+21 5.8147e+20 1.0295e-01 4.3921e-02 4.1130e+04 4.1509e+04
2.8000e+03 7.3360e-12 5.6654e-01 1.6989e+03 2.6723e+03 3.2797e+03 2.1047e+20 5.3634e+21 5.8684e+20 1.0263e-01 4.3777e-02 4.1242e+04 4.1626e+04
2.8100e+03 7.3144e-12 5.6663e-01 1.6984e+03 2.6713e+03 3.2784e+03 2.1211e+20 5.4155e+21 5.9225e+20 1.0231e-01 4.3634e-02 4.1354e+04 4.1743e+04
2.8200e+03 7.2929e-12 5.6672e-01 1.6978e+03 2.6702e+03 3.2771e+03 2.1376e+20 5.4678e+21 5.9769e+20 1.0200e-01 4.3492e-02 4.1466e+04 4.1859e+04
2.8300e+03 7.2716e-12 5.6680e-01 1.6973e+03 2.6692e+03 3.2758e+03 2.1542e+20 5.5206e+21 6.0317e+20 1.0168e-01 4.3350e-02 4.1578e+04 4.1976e+04
2.8400e+03 7.2504e-12 5.6689e-01 1.6967e+03 2.6682e+03 3.2744e+03 2.1709e+20 5.5738e+21 6.0869e+20 1.0137e-01 4.3210e-02 4.1691e+04 4.2093e+04
2.8500e+03 7.2293e-12 5.6698e-01 1.6962e+03 2.6671e+03 3.2731e+03 2.1876e+20 5.6273e+21 6.1424e+20 1.0106e-01 4.3070e-02 4.1803e+04 4.2210e+04
2.8600e+03 7.2083e-12 5.6707e-01 1.6957e+03 2.6661e+03 3.2718e+03 2.2045e+20 5.6812e+21 6.1984e+20 1.0075e-01 4.2931e-02 4.1915e+04 4.2327e+04
2.8700e+03 7.1874e-12 5.6715e-01 1.6951e+03 2.6651e+03 3.2705e+03 2.2214e+20 5.7355e+21 6.2546e+20 1.0044e-01 4.2793e-02 4.2028e+04 4.2444e+04
2.8800e+03 7.1666e-12 5.6724e-01 1.6946e+03 2.6640e+03 3.2692e+03 2.2384e+20 5.7901e+21 6.3113e+20 1.0014e-01 4.2656e-02 4.2140e+04 4.2561e+04
2.8900e+03 7.1460e-12 5.6733e-01 1.6941e+03 2.6630e+03 3.2679e+03 2.2555e+20 5.8452e+21 6.3683e+20 9.9834e-02 4.2520e-02 4.2252e+04 4.2678e+04
2.9000e+03 7.1254e-12 5.6742e-01 1.6935e+03 2.6620e+03 3.2666e+03 2.2727e+20 5.9006e+21 6.4257e+20 9.9532e-02 4.2384e-02 4.2365e+04 4.2795e+04
2.9100e+03 7.1050e-12 5.6751e-01 1.6930e+03 2.6610e+03 3.2653e+03 2.2900e+20 5.9565e+21 6.4835e+20 9.9231e-02 4.2249e-02 4.2477e+04 4.2912e+04
2.9200e+03 7.0847e-12 5.6759e-01 1.6925e+03 2.6600e+03 3.2640e+03 2.3074e+20 6.0127e+21 6.5416e+20 9.8932e-02 4.2115e-02 4.2590e+04 4.3029e+04
2.9300e+03 7.0645e-12 5.6768e-01 1.6920e+03 2.6590e+03 3.2628e+03 2.3249e+20 6.0693e+21 6.6002e+20 9.8634e-02 4.1982e-02 4.2703e+04 4.3146e+04
2.9400e+03 7.0444e-12 5.6777e-01 1.6915e+03 2.6580e+03 3.2615e+03 2.3425e+20 6.1263e+21 6.6591e+20 9.8339e-02 4.1850e-02 4.2815e+04 4.3263e+04
2.9500e+03 7.0244e-12 5.6786e-01 1.6909e+03 2.6570e+03 3.2602e+03 2.3602e+20 6.1837e+21 6.7184e+20 9.8044e-02 4.1718e-02 4.2928e+04 4.3381e+04
2.9600e+03 7.0045e-12 5.6795e-01 1.6904e+03 2.6560e+03 3.2589e+03 2.3779e+20 6.2415e+21 6.7781e+20 9.7751e-02 4.1587e-02 4.3041e+04 4.3498e+04
2.9700e+03 6.9847e-12 5.6803e-01 1.6899e+03 2.6550e+03 3.2577e+03 2.3958e+20 6.2997e+21 6.8382e+20 9.7460e-02 4.1457e-02 4.3153e+04 4.3615e+04
2.9800e+03 6.9651e-12 5.6812e-01 1.6894e+03 2.6540e+03 3.2564e+03 2.4137e+20 6.3583e+21 6.8987e+20 9.7171e-02 4.1327e-02 4.3266e+04 4.3732e+04
2.9900e+03 6.9455e-12 5.6821e-01 1.6889e+03 2.6530e+03 3.2552e+03 2.4318e+20 6.4173e+21 6.9595e+20 9.6883e-02 4.1198e-02 4.3379e+04 4.3849e+04
3.0000e+03 6.9260e-12 5.6830e-01 1.6884e+03 2.6520e+03 3.2539e+03 2.4499e+20 6.4767e+21 7.0208e+20 9.6596e-02 4.1070e-02 4.3492e+04 4.3967e+04
3.0100e+03 6.9067e-12 5.6839e-01 1.6879e+03 2.6510e+03 3.2527e+03 2.4681e+20 6.5365e+21 7.0824e+20 9.6311e-02 4.0943e-02 4.3605e+04 4.4084e+04
3.0200e+03 6.8874e-12 5.6848e-01 1.6874e+03 2.6500e+03 3.2514e+03 2.4865e+20 6.5967e+21 7.1445e+20 9.6027e-02 4.0817e-02 4.3718e+04 4.4201e+04
3.0300e+03 6.8682e-12 5.6857e-01 1.6869e+03 2.6490e+03 3.2502e+03 2.5049e+20 6.6573e+21 7.2069e+20 9.5745e-02 4.0691e-02 4.3831e+04 4.4319e+04
3.0400e+03 6.8492e-12 5.6866e-01 1.6864e+03 2.6481e+03 3.2489e+03 2.5234e+20 6.7184e+21 7.2697e+20 9.5465e-02 4.0565e-02 4.3944e+04 4.4436e+04
3.0500e+03 6.8302e-12 5.6875e-01 1.6859e+03 2.6471e+03 3.2477e+03 2.5420e+20 6.7798e+21 7.3330e+20 9.5186e-02 4.0441e-02 4.4057e+04 4.4554e+04
3.0600e+03 6.8114e-12 5.6883e-01 1.6854e+03 2.6461e+03 3.2465e+03 2.5607e+20 6.8417e+21 7.3966e+20 9.4908e-02 4.0317e-02 4.4170e+04 4.4671e+04
3.0700e+03 6.7926e-12 5.6892e-01 1.6849e+03 2.6452e+03 3.2452e+03 2.5795e+20 6.9039e+21 7.4606e+20 9.4632e-02 4.0194e-02 4.4283e+04 4.4788e+04
3.0800e+03 6.7740e-12 5.6901e-01 1.6844e+03 2.6442e+03 3.2440e+03 2.5984e+20 6.9666e+21 7.5251e+20 9.4357e-02 4.0072e-02 4.4396e+04 4.4906e+04
3.0900e+03 6.7554e-12 5.6910e-01 1.6839e+03 2.6432e+03 3.2428e+03 2.6174e+20 7.0297e+21 7.5899e+20 9.4084e-02 3.9950e-02 4.4509e+04 4.5023e+04
3.1000e+03 6.7370e-12 5.6919e-01 1.6834e+03 2.6423e+03 3.2416e+03 2.6365e+20 7.0933e+21 7.6552e+20 9.3812e-02 3.9829e-02 4.4622e+04 4.5141e+04
3.1100e+03 6.7186e-12 5.6928e-01 1.6829e+03 2.6413e+03 3.2404e+03 2.6557e+20 7.1572e+21 7.7209e+20 9.3541e-02 3.9708e-02 4.4736e+04 4.5258e+04
3.1200e+03 6.7003e-12 5.6937e-01 1.6824e+03 2.6404e+03 3.2392e+03 2.6750e+20 7.2216e+21 7.7870e+20 9.3272e-02 3.9589e-02 4.4849e+04 4.5376e+04
3.1300e+03 6.6822e-12 5.6946e-01 1.6819e+03 2.6394e+03 3.2380e+03 2.6944e+20 7.2864e+21 7.8535e+20 9.3005e-02 3.9470e-02 4.4962e+04 4.5494e+04
3.1400e+03 6.6641e-12 5.6955e-01 1.6814e+03 2.6385e+03 3.2368e+03 2.7139e+20 7.3517e+21 7.9204e+20 9.2738e-02 3.9351e-02 4.5076e+04 4.5611e+04
3.1500e+03 6.6461e-12 5.6965e-01 1.6809e+03 2.6375e+03 3.2356e+03 2.7334e+20 7.4173e+21 7.9877e+20 9.2473e-02 3.9233e-02 4.5189e+04 4.5729e+04
3.1600e+03 6.6282e-12 5.6974e-01 1.6804e+03 2.6366e+03 3.2344e+03 2.7531e+20 7.4834e+21 8.0555e+20 9.2210e-02 3.9116e-02 4.5302e+04 4.5846e+04
3.1700e+03 6.6104e-12 5.6983e-01 1.6800e+03 2.6356e+03 3.2332e+03 2.7729e+20 7.5500e+21 8.1236e+20 9.1947e-02 3.9000e-02 4.5416e+04 4.5964e+04
3.1800e+03 6.5927e-12 5.6992e-01 1.6795e+03 2.6347e+03 3.2320e+03 2.7928e+20 7.6169e+21 8.1922e+20 9.1687e-02 3.8884e-02 4.5529e+04 4.6082e+04
3.1900e+03 6.5751e-12 5.7001e-01 1.6790e+03 2.6338e+03 3.2308e+03 2.8127e+20 7.6843e+21 8.2612e+20 9.1427e-02 3.8769e-02 4.5643e+04 4.6200e+04
3.2000e+03 6.5576e-12 5.7010e-01 1.6785e+03 2.6328e+03 3.2296e+03 2.8328e+20 7.7522e+21 8.3307e+20 9.1169e-02 3.8654e-02 4.5756e+04 4.6317e+04
3.2100e+03 6.5402e-12 5.7019e-01 1.6780e+03 2.6319e+03 3.2285e+03 2.8530e+20 7.8204e+21 8.4005e+20 9.0912e-02 3.8540e-02 4.5870e+04 4.6435e+04
3.2200e+03 6.5228e-12 5.7028e-01 1.6776e+03 2.6310e+03 3.2273e+03 2.8732e+20 7.8892e+21 8.4708e+20 9.0656e-02 3.8426e-02 4.5984e+04 4.6553e+04
3.2300e+03 6.5056e-12 5.7038e-01 1.6771e+03 2.6301e+03 3.2261e+03 2.8936e+20 7.9583e+21 8.5416e+20 9.0402e-02 3.8314e-02 4.6097e+04 4.6671e+04
3.2400e+03 6.4884e-12 5.7047e-01 1.6766e+03 2.6292e+03 3.2249e+03 2.9141e+20 8.0279e+21 8.6127e+20 9.0149e-02 3.8201e-02 4.6211e+04 4.6788e+04
3.2500e+03 6.4713e-12 5.7056e-01 1.6762e+03 2.6282e+03 3.2238e+03 2.9346e+20 8.0980e+21 8.6843e+20 8.9897e-02 3.8090e-02 4.6325e+04 4.6906e+04
3.2600e+03 6.4544e-12 5.7065e-01 1.6757e+03 2.6273e+03 3.2226e+03 2.9553e+20 8.1685e+21 8.7563e+20 8.9647e-02 3.7979e-02 4.6438e+04 4.7024e+04
3.2700e+03 6.4375e-12 5.7074e-01 1.6752e+03 2.6264e+03 3.2215e+03 2.9761e+20 8.2395e+21 8.8288e+20 8.9398e-02 3.7868e-02 4.6552e+04 4.7142e+04
3.2800e+03 6.4206e-12 5.7084e-01 1.6747e+03 2.6255e+03 3.2203e+03 2.9970e+20 8.3109e+21 8.9017e+20 8.9150e-02 3.7758e-02 4.6666e+04 4.7260e+04
3.2900e+03 6.4039e-12 5.7093e-01 1.6743e+03 2.6246e+03 3.2192e+03 3.0179e+20 8.3827e+21 8.9751e+20 8.8903e-02 3.7649e-02 4.6780e+04 4.7378e+04
3.3000e+03 6.3873e-12 5.7102e-01 1.6738e+03 2.6237e+03 3.2180e+03 3.0390e+20 8.4550e+21 9.0488e+20 8.8657e-02 3.7540e-02 4.6894e+04 4.7496e+04
3.3100e+03 6.3707e-12 5.7112e-01 1.6734e+03 2.6228e+03 3.2169e+03 3.0602e+20 8.5278e+21 9.1231e+20 8.8413e-02 3.7432e-02 4.7007e+04 4.7614e+04
3.3200e+03 6.3542e-12 5.7121e-01 1.6729e+03 2.6219e+03 3.2157e+03 3.0814e+20 8.6011e+21 9.1977e+20 8.8170e-02 3.7325e-02 4.7121e+04 4.7732e+04
3.3300e+03 6.3379e-12 5.7130e-01 1.6724e+03 2.6210e+03 3.2146e+03 3.1028e+20 8.6748e+21 9.2729e+20 8.7928e-02 3.7218e-02 4.7235e+04 4.7850e+04
3.3400e+03 6.3216e-12 5.7140e-01 1.6720e+03 2.6201e+03 3.2135e+03 3.1243e+20 8.7489e+21 9.3484e+20 8.7688e-02 3.7111e-02 4.7349e+04 4.7968e+04
3.3500e+03 6.3053e-12 5.7149e-01 1.6715e+03 2.6192e+03 3.2124e+03 3.1459e+20 8.8235e+21 9.4245e+20 8.7448e-02 3.7005e-02 4.7463e+04 4.8086e+04
3.3600e+03 6.2892e-12 5.7158e-01 1.6711e+03 2.6183e+03 3.2112e+03 3.1676e+20 8.8986e+21 9.5009e+20 8.7210e-02 3.6900e-02 4.7577e+04 4.8204e+04
3.3700e+03 6.2731e-12 5.7168e-01 1.6706e+03 2.6174e+03 3.2101e+03 3.1894e+20 8.9742e+21 9.5779e+20 8.6973e-02 3.6795e-02 4.7691e+04 4.8322e+04
3.3800e+03 6.2571e-12 5.7177e-01 1.6702e+03 2.6165e+03 3.2090e+03 3.2112e+20 9.0502e+21 9.6552e+20 8.6737e-02 3.6691e-02 4.7805e+04 4.8440e+04
3.3900e+03 6.2412e-12 5.7187e-01 1.6697e+03 2.6157e+03 3.2079e+03 3.2332e+20 9.1267e+21 9.7331e+20 8.6503e-02 3.6587e-02 4.7919e+04 4.8558e+04
3.4000e+03 6.2254e-12 5.7196e-01 1.6693e+03 2.6148e+03 3.2068e+03 3.2553e+20 9.2037e+21 9.8114e+20 8.6269e-02 3.6484e-02 4.8034e+04 4.8677e+04
3.4100e+03 6.2097e-12 5.7206e-01 1.6688e+03 2.6139e+03 3.2056e+03 3.2775e+20 9.2812e+21 9.8901e+20 8.6037e-02 3.6381e-02 4.8148e+04 4.8795e+04
3.4200e+03 6.1940e-12 5.7215e-01 1.6684e+03 2.6130e+03 3.2045e+03 3.2998e+20 9.3591e+21 9.9694e+20 8.5805e-02 3.6279e-02 4.8262e+04 4.8913e+04
3.4300e+03 6.1784e-12 5.7225e-01 1.6679e+03 2.6122e+03 3.2034e+03 3.3222e+20 9.4375e+21 1.0049e+21 8.5575e-02 3.6177e-02 4.8376e+04 4.9031e+04
3.4400e+03 6.1629e-12 5.7234e-01 1.6675e+03 2.6113e+03 3.2023e+03 3.3448e+20 9.5164e+21 1.0129e+21 8.5346e-02 3.6076e-02 4.8490e+04 4.9149e+04
3.4500e+03 6.1475e-12 5.7244e-01 1.6670e+03 2.6104e+03 3.2012e+03 3.3674e+20 9.5957e+21 1.0210e+21 8.5118e-02 3.5976e-02 4.8604e+04 4.9268e+04
3.4600e+03 6.1322e-12 5.7253e-01 1.6666e+03 2.6096e+03 3.2001e+03 3.3901e+20 9.6756e+21 1.0291e+21 8.4892e-02 3.5875e-02 4.8719e+04 4.9386e+04
3.4700e+03 6.1169e-12 5.7263e-01 1.6662e+03 2.6087e+03 3.1991e+03 3.4129e+20 9.7559e+21 1.0372e+21 8.4666e-02 3.5776e-02 4.8833e+04 4.9504e+04
3.4800e+03 6.1017e-12 5.7273e-01 1.6657e+03 2.6078e+03 3.1980e+03 3.4359e+20 9.8368e+21 1.0455e+21 8.4441e-02 3.5677e-02 4.8947e+04 4.9622e+04
3.4900e+03 6.0866e-12 5.7282e-01 1.6653e+03 2.6070e+03 3.1969e+03 3.4589e+20 9.9181e+21 1.0537e+21 8.4218e-02 3.5578e-02 4.9062e+04 4.9741e+04
3.5000e+03 6.0715e-12 5.7292e-01 1.6649e+03 2.6061e+03 3.1958e+03 3.4820e+20 9.9999e+21 1.0620e+21 8.3995e-02 3.5480e-02 4.9176e+04 4.9859e+04
3.5100e+03 6.0565e-12 5.7302e-01 1.6644e+03 2.6053e+03 3.1947e+03 3.5053e+20 1.0082e+22 1.0704e+21 8.3774e-02 3.5382e-02 4.9290e+04 4.9977e+04
3.5200e+03 6.0416e-12 5.7311e-01 1.6640e+03 2.6044e+03 3.1936e+03 3.5286e+20 1.0165e+22 1.0787e+21 8.3554e-02 3.5285e-02 4.9405e+04 5.0096e+04
3.5300e+03 6.0268e-12 5.7321e-01 1.6636e+03 2.6036e+03 3.1926e+03 3.5521e+20 1.0248e+22 1.0872e+21 8.3335e-02 3.5188e-02 4.9519e+04 5.0214e+04
3.5400e+03 6.0120e-12 5.7331e-01 1.6631e+03 2.6027e+03 3.1915e+03 3.5757e+20 1.0332e+22 1.0957e+21 8.3116e-02 3.5092e-02 4.9634e+04 5.0333e+04
3.5500e+03 5.9974e-12 5.7341e-01 1.6627e+03 2.6019e+03 3.1904e+03 3.5994e+20 1.0416e+22 1.1042e+21 8.2899e-02 3.4996e-02 4.9748e+04 5.0451e+04
3.5600e+03 5.9827e-12 5.7350e-01 1.6623e+03 2.6011e+03 3.1894e+03 3.6231e+20 1.0501e+22 1.1128e+21 8.2683e-02 3.4901e-02 4.9863e+04 5.0570e+04
3.5700e+03 5.9682e-12 5.7360e-01 1.6618e+03 2.6002e+03 3.1883e+03 3.6470e+20 1.0586e+22 1.1214e+21 8.2468e-02 3.4806e-02 4.9977e+04 5.0688e+04
3.5800e+03 5.9537e-12 5.7370e-01 1.6614e+03 2.5994e+03 3.1872e+03 3.6710e+20 1.0672e+22 1.1301e+21 8.2254e-02 3.4712e-02 5.0092e+04 5.0807e+04
3.5900e+03 5.9393e-12 5.7380e-01 1.6610e+03 2.5985e+03 3.1862e+03 3.6951e+20 1.0759e+22 1.1389e+21 8.2041e-02 3.4618e-02 5.0206e+04 5.0925e+04
3.6000e+03 5.9250e-12 5.7390e-01 1.6606e+03 2.5977e+03 3.1851e+03 3.7193e+20 1.0845e+22 1.1477e+21 8.1829e-02 3.4525e-02 5.0321e+04 5.1044e+04
3.6100e+03 5.9107e-12 5.7399e-01 1.6602e+03 2.5969e+03 3.1841e+03 3.7437e+20 1.0933e+22 1.1565e+21 8.1618e-02 3.4432e-02 5.0436e+04 5.1162e+04
3.6200e+03 5.8965e-12 5.7409e-01 1.6597e+03 2.5961e+03 3.1830e+03 3.7681e+20 1.1021e+22 1.1654e+21 8.1408e-02 3.4339e-02 5.0550e+04 5.1281e+04
3.6300e+03 5.8824e-12 5.7419e-01 1.6593e+03 2.5952e+03 3.1820e+03 3.7926e+20 1.1109e+22 1.1743e+21 8.1199e-02 3.4247e-02 5.0665e+04 5.1399e+04
3.6400e+03 5.8684e-12 5.7429e-01 1.6589e+03 2.5944e+03 3.1810e+03 3.8173e+20 1.1198e+22 1.1833e+21 8.0991e-02 3.4156e-02 5.0779e+04 5.1518e+04
3.6500e+03 5.8544e-12 5.7439e-01 1.6585e+03 2.5936e+03 3.1799e+03 3.8420e+20 1.1287e+22 1.1923e+21 8.0784e-02 3.4065e-02 5.0894e+04 5.1636e+04
3.6600e+03 5.8405e-12 5.7449e-01 1.6581e+03 2.5928e+03 3.1789e+03 3.8669e+20 1.1377e+22 1.2014e+21 8.0578e-02 3.3974e-02 5.1009e+04 5.1755e+04
3.6700e+03 5.8266e-12 5.7459e-01 1.6577e+03 2.5920e+03 3.1778e+03 3.8919e+20 1.1468e+22 1.2106e+21 8.0373e-02 3.3884e-02 5.1124e+04 5.1874e+04
3.6800e+03 5.8128e-12 5.7469e-01 1.6572e+03 2.5911e+03 3.1768e+03 3.9170e+20 1.1558e+22 1.2197e+21 8.0169e-02 3.3794e-02 5.1238e+04 5.1992e+04
3.6900e+03 5.7991e-12 5.7479e-01 1.6568e+03 2.5903e+03 3.1758e+03 3.9421e+20 1.1650e+22 1.2290e+21 7.9966e-02 3.3704e-02 5.1353e+04 5.2111e+04
3.7000e+03 5.7855e-12 5.7489e-01 1.6564e+03 2.5895e+03 3.1748e+03 3.9675e+20 1.1742e+22 1.2383e+21 7.9764e-02 3.3615e-02 5.1468e+04 5.2230e+04
3.7100e+03 5.7719e-12 5.7499e-01 1.6560e+03 2.5887e+03 3.1737e+03 3.9929e+20 1.1835e+22 1.2476e+21 7.9562e-02 3.3527e-02 5.1583e+04 5.2348e+04
3.7200e+03 5.7583e-12 5.7509e-01 1.6556e+03 2.5879e+03 3.1727e+03 4.0184e+20 1.1928e+22 1.2570e+21 7.9362e-02 3.3439e-02 5.1697e+04 5.2467e+04
3.7300e+03 5.7449e-12 5.7519e-01 1.6552e+03 2.5871e+03 3.1717e+03 4.0440e+20 1.2021e+22 1.2665e+21 7.9163e-02 3.3351e-02 5.1812e+04 5.2586e+04
3.7400e+03 5.7315e-12 5.7529e-01 1.6548e+03 2.5863e+03 3.1707e+03 4.0698e+20 1.2115e+22 1.2760e+21 7.8964e-02 3.3264e-02 5.1927e+04 5.2705e+04
3.7500e+03 5.7182e-12 5.7540e-01 1.6544e+03 2.5855e+03 3.1697e+03 4.0956e+20 1.2210e+22 1.2855e+21 7.8767e-02 3.3177e-02 5.2042e+04 5.2823e+04
3.7600e+03 5.7049e-12 5.7550e-01 1.6540e+03 2.5847e+03 3.1687e+03 4.1216e+20 1.2305e+22 1.2951e+21 7.8570e-02 3.3090e-02 5.2157e+04 5.2942e+04
3.7700e+03 5.6917e-12 5.7560e-01 1.6536e+03 2.5839e+03 3.1677e+03 4.1477e+20 1.2401e+22 1.3048e+21 7.8374e-02 3.3004e-02 5.2272e+04 5.3061e+04
3.7800e+03 5.6785e-12 5.7570e-01 1.6532e+03 2.5831e+03 3.1667e+03 4.1739e+20 1.2497e+22 1.3145e+21 7.8179e-02 3.2918e-02 5.2387e+04 5.3180e+04
3.7900e+03 5.6655e-12 5.7580e-01 1.6528e+03 2.5823e+03 3.1657e+03 4.2002e+20 1.2594e+22 1.3242e+21 7.7985e-02 3.2833e-02 5.2502e+04 5.3299e+04
3.8000e+03 5.6524e-12 5.7591e-01 1.6524e+03 2.5815e+03 3.1647e+03 4.2266e+20 1.2691e+22 1.3340e+21 7.7792e-02 3.2748e-02 5.2617e+04 5.3417e+04
3.8100e+03 5.6395e-12 5.7601e-01 1.6520e+03 2.5808e+03 3.1637e+03 4.2531e+20 1.2789e+22 1.3439e+21 7.7600e-02 3.2664e-02 5.2732e+04 5.3536e+04
3.8200e+03 5.6266e-12 5.7611e-01 1.6516e+03 2.5800e+03 3.1627e+03 4.2798e+20 1.2888e+22 1.3538e+21 7.7409e-02 3.2580e-02 5.2847e+04 5.3655e+04
3.8300e+03 5.6137e-12 5.7621e-01 1.6512e+03 2.5792e+03 3.1617e+03 4.3065e+20 1.2987e+22 1.3638e+21 7.7218e-02 3.2496e-02 5.2962e+04 5.3774e+04
3.8400e+03 5.6010e-12 5.7632e-01 1.6508e+03 2.5784e+03 3.1607e+03 4.3334e+20 1.3087e+22 1.3738e+21 7.7029e-02 3.2413e-02 5.3077e+04 5.3893e+04
3.8500e+03 5.5882e-12 5.7642e-01 1.6504e+03 2.5776e+03 3.1597e+03 4.3604e+20 1.3187e+22 1.3839e+21 7.6840e-02 3.2330e-02 5.3192e+04 5.4012e+04
3.8600e+03 5.5756e-12 5.7652e-01 1.6500e+03 2.5769e+03 3.1587e+03 4.3875e+20 1.3287e+22 1.3940e+21 7.6652e-02 3.2247e-02 5.3307e+04 5.4131e+04
3.8700e+03 5.5630e-12 5.7663e-01 1.6496e+03 2.5761e+03 3.1577e+03 4.4147e+20 1.3389e+22 1.4042e+21 7.6465e-02 3.2165e-02 5.3422e+04 5.4250e+04
3.8800e+03 5.5504e-12 5.7673e-01 1.6492e+03 2.5753e+03 3.1568e+03 4.4420e+20 1.3490e+22 1.4145e+21 7.6279e-02 3.2083e-02 5.3537e+04 5.4369e+04
3.8900e+03 5.5380e-12 5.7684e-01 1.6489e+03 2.5745e+03 3.1558e+03 4.4694e+20 1.3593e+22 1.4248e+21 7.6094e-02 3.2002e-02 5.3652e+04 5.4488e+04
3.9000e+03 5.5255e-12 5.7694e-01 1.6485e+03 2.5738e+03 3.1548e+03 4.4970e+20 1.3696e+22 1.4351e+21 7.5910e-02 3.1921e-02 5.3767e+04 5.4607e+04
3.9100e+03 5.5132e-12 5.7704e-01 1.6481e+03 2.5730e+03 3.1538e+03 4.5246e+20 1.3799e+22 1.4455e+21 7.5726e-02 3.1840e-02 5.3882e+04 5.4726e+04
3.9200e+03 5.5008e-12 5.7715e-01 1.6477e+03 2.5723e+03 3.1529e+03 4.5524e+20 1.3903e+22 1.4560e+21 7.5543e-02 3.1760e-02 5.3997e+04 5.4845e+04
3.9300e+03 5.4886e-12 5.7725e-01 1.6473e+03 2.5715e+03 3.1519e+03 4.5803e+20 1.4008e+22 1.4665e+21 7.5361e-02 3.1680e-02 5.4112e+04 5.4964e+04
3.9400e+03 5.4764e-12 5.7736e-01 1.6469e+03 2.5707e+03 3.1509e+03 4.6083e+20 1.4113e+22 1.4771e+21 7.5180e-02 3.1600e-02 5.4227e+04 5.5083e+04
3.9500e+03 5.4643e-12 5.7746e-01 1.6466e+03 2.5700e+03 3.1500e+03 4.6364e+20 1.4219e+22 1.4877e+21 7.5000e-02 3.1521e-02 5.4343e+04 5.5202e+04
3.9600e+03 5.4522e-12 5.7757e-01 1.6462e+03 2.5692e+03 3.1490e+03 4.6647e+20 1.4325e+22 1.4984e+21 7.4820e-02 3.1442e-02 5.4458e+04 5.5321e+04
3.9700e+03 5.4401e-12 5.7767e-01 1.6458e+03 2.5685e+03 3.1481e+03 4.6930e+20 1.4432e+22 1.5092e+21 7.4641e-02 3.1363e-02 5.4573e+04 5.5440e+04
3.9800e+03 5.4282e-12 5.7778e-01 1.6454e+03 2.5677e+03 3.1471e+03 4.7215e+20 1.4540e+22 1.5200e+21 7.4464e-02 3.1285e-02 5.4688e+04 5.5559e+04
3.9900e+03 5.4162e-12 5.7788e-01 1.6450e+03 2.5670e+03 3.1462e+03 4.7501e+20 1.4648e+22 1.5308e+21 7.4286e-02 3.1207e-02 5.4803e+04 5.5678e+04
4.0000e+03 5.4044e-12 5.7799e-01 1.6447e+03 2.5662e+03 3.1452e+03 4.7788e+20 1.4756e+22 1.5418e+21 7.4110e-02 3.1130e-02 5.4919e+04 5.5797e+04
4.0100e+03 5.3926e-12 5.7810e-01 1.6443e+03 2.5655e+03 3.1443e+03 4.8076e+20 1.4866e+22 1.5527e+21 7.3934e-02 3.1053e-02 5.5034e+04 5.5916e+04
4.0200e+03 5.3808e-12 5.7820e-01 1.6439e+03 2.5647e+03 3.1433e+03 4.8365e+20 1.4976e+22 1.5638e+21 7.3760e-02 3.0976e-02 5.5149e+04 5.6036e+04
4.0300e+03 5.3691e-12 5.7831e-01 1.6436e+03 2.5640e+03 3.1424e+03 4.8656e+20 1.5086e+22 1.5748e+21 7.3586e-02 3.0900e-02 5.5264e+04 5.6155e+04
4.0400e+03 5.3574e-12 5.7842e-01 1.6432e+03 2.5632e+03 3.1414e+03 4.8948e+20 1.5197e+22 1.5860e+21 7.3412e-02 3.0824e-02 5.5380e+04 5.6274e+04
4.0500e+03 5.3458e-12 5.7852e-01 1.6428e+03 2.5625e+03 3.1405e+03 4.9241e+20 1.5309e+22 1.5972e+21 7.3240e-02 3.0748e-02 5.5495e+04 5.6393e+04
4.0600e+03 5.3343e-12 5.7863e-01 1.6424e+03 2.5618e+03 3.1396e+03 4.9535e+20 1.5421e+22 1.6084e+21 7.3068e-02 3.0672e-02 5.5610e+04 5.6512e+04
4.0700e+03 5.3228e-12 5.7874e-01 1.6421e+03 2.5610e+03 3.1386e+03 4.9830e+20 1.5534e+22 1.6198e+21 7.2897e-02 3.0597e-02 5.5725e+04 5.6632e+04
4.0800e+03 5.3113e-12 5.7885e-01 1.6417e+03 2.5603e+03 3.1377e+03 5.0126e+20 1.5647e+22 1.6311e+21 7.2727e-02 3.0523e-02 5.5841e+04 5.6751e+04
4.0900e+03 5.3000e-12 5.7895e-01 1.6413e+03 2.5596e+03 3.1368e+03 5.0424e+20 1.5761e+22 1.6426e+21 7.2557e-02 3.0448e-02 5.5956e+04 5.6870e+04
4.1000e+03 5.2886e-12 5.7906e-01 1.6410e+03 2.5588e+03 3.1358e+03 5.0723e+20 1.5876e+22 1.6541e+21 7.2389e-02 3.0374e-02 5.6071e+04 5.6989e+04
4.1100e+03 5.2773e-12 5.7917e-01 1.6406e+03 2.5581e+03 3.1349e+03 5.1023e+20 1.5991e+22 1.6656e+21 7.2221e-02 3.0300e-02 5.6187e+04 5.7109e+04
4.1200e+03 5.2661e-12 5.7928e-01 1.6403e+03 2.5574e+03 3.1340e+03 5.1324e+20 1.6107e+22 1.6772e+21 7.2053e-02 3.0227e-02 5.6302e+04 5.7228e+04
4.1300e+03 5.2549e-12 5.7938e-01 1.6399e+03 2.5567e+03 3.1331e+03 5.1626e+20 1.6223e+22 1.6889e+21 7.1887e-02 3.0154e-02 5.6418e+04 5.7347e+04
4.1400e+03 5.2437e-12 5.7949e-01 1.6395e+03 2.5559e+03 3.1322e+03 5.1930e+20 1.6340e+22 1.7006e+21 7.1721e-02 3.0081e-02 5.6533e+04 5.7466e+04
4.1500e+03 5.2326e-12 5.7960e-01 1.6392e+03 2.5552e+03 3.1312e+03 5.2234e+20 1.6458e+22 1.7124e+21 7.1556e-02 3.0008e-02 5.6648e+04 5.7586e+04
4.1600e+03 5.2216e-12 5.7971e-01 1.6388e+03 2.5545e+03 3.1303e+03 5.2540e+20 1.6576e+22 1.7243e+21 7.1391e-02 2.9936e-02 5.6764e+04 5.7705e+04
4.1700e+03 5.2106e-12 5.7982e-01 1.6385e+03 2.5538e+03 3.1294e+03 5.2847e+20 1.6695e+22 1.7362e+21 7.1228e-02 2.9864e-02 5.6879e+04 5.7824e+04
4.1800e+03 5.1997e-12 5.7993e-01 1.6381e+03 2.5531e+03 3.1285e+03 5.3156e+20 1.6814e+22 1.7482e+21 7.1065e-02 2.9793e-02 5.6994e+04 5.7944e+04
4.1900e+03 5.1888e-12 5.8004e-01 1.6377e+03 2.5524e+03 3.1276e+03 5.3465e+20 1.6934e+22 1.7602e+21 7.0902e-02 2.9722e-02 5.7110e+04 5.8063e+04
4.2000e+03 5.1779e-12 5.8015e-01 1.6374e+03 2.5517e+03 3.1267e+03 5.3776e+20 1.7055e+22 1.7723e+21 7.0741e-02 2.9651e-02 5.7225e+04 5.8182e+04
4.2100e+03 5.1671e-12 5.8026e-01 1.6370e+03 2.5509e+03 3.1258e+03 5.4088e+20 1.7176e+22 1.7845e+21 7.0580e-02 2.9580e-02 5.7341e+04 5.8302e+04
4.2200e+03 5.1564e-12 5.8037e-01 1.6367e+03 2.5502e+03 3.1249e+03 5.4401e+20 1.7298e+22 1.7967e+21 7.0420e-02 2.9510e-02 5.7456e+04 5.8421e+04
4.2300e+03 5.1457e-12 5.8048e-01 1.6363e+03 2.5495e+03 3.1240e+03 5.4715e+20 1.7421e+22 1.8089e+21 7.0260e-02 2.9440e-02 5.7572e+04 5.8541e+04
4.2400e+03 5.1350e-12 5.8059e-01 1.6360e+03 2.5488e+03 3.1231e+03 5.5031e+20 1.7544e+22 1.8213e+21 7.0101e-02 2.9370e-02 5.7687e+04 5.8660e+04
4.2500e+03 5.1244e-12 5.8070e-01 1.6356e+03 2.5481e+03 3.1222e+03 5.5347e+20 1.7668e+22 1.8337e+21 6.9943e-02 2.9300e-02 5.7803e+04 5.8779e+04
4.2600e+03 5.1138e-12 5.8081e-01 1.6353e+03 2.5474e+03 3.1213e+03 5.5665e+20 1.7792e+22 1.8461e+21 6.9786e-02 2.9231e-02 5.7918e+04 5.8899e+04
4.2700e+03 5.1033e-12 5.8092e-01 1.6349e+03 2.5467e+03 3.1204e+03 5.5984e+20 1.7917e+22 1.8587e+21 6.9629e-02 2.9162e-02 5.8034e+04 5.9018e+04
4.2800e+03 5.0928e-12 5.8103e-01 1.6346e+03 2.5460e+03 3.1195e+03 5.6305e+20 1.8043e+22 1.8713e+21 6.9473e-02 2.9094e-02 5.8149e+04 5.9138e+04
4.2900e+03 5.0824e-12 5.8114e-01 1.6342e+03 2.5453e+03 3.1187e+03 5.6626e+20 1.8169e+22 1.8839e+21 6.9317e-02 2.9026e-02 5.8264e+04 5.9257e+04
4.3000e+03 5.0720e-12 5.8125e-01 1.6339e+03 2.5446e+03 3.1178e+03 5.6949e+20 1.8296e+22 1.8966e+21 6.9162e-02 2.8958e-02 5.8380e+04 5.9377e+04
4.3100e+03 5.0617e-12 5.8136e-01 1.6336e+03 2.5440e+03 3.1169e+03 5.7273e+20 1.8424e+22 1.9094e+21 6.9008e-02 2.8890e-02 5.8495e+04 5.9496e+04
4.3200e+03 5.0514e-12 5.8147e-01 1.6332e+03 2.5433e+03 3.1160e+03 5.7599e+20 1.8552e+22 1.9222e+21 6.8855e-02 2.8822e-02 5.8611e+04 5.9616e+04
4.3300e+03 5.0411e-12 5.8158e-01 1.6329e+03 2.5426e+03 3.1151e+03 5.7925e+20 1.8681e+22 1.9351e+21 6.8702e-02 2.8755e-02 5.8727e+04 5.9735e+04
4.3400e+03 5.0309e-12 5.8169e-01 1.6325e+03 2.5419e+03 3.1143e+03 5.8253e+20 1.8810e+22 1.9481e+21 6.8549e-02 2.8688e-02 5.8842e+04 5.9855e+04
4.3500e+03 5.0207e-12 5.8181e-01 1.6322e+03 2.5412e+03 3.1134e+03 5.8582e+20 1.8941e+22 1.9611e+21 6.8398e-02 2.8622e-02 5.8958e+04 5.9974e+04
4.3600e+03 5.0106e-12 5.8192e-01 1.6319e+03 2.5405e+03 3.1125e+03 5.8912e+20 1.9071e+22 1.9742e+21 6.8247e-02 2.8556e-02 5.9073e+04 6.0094e+04
4.3700e+03 5.0005e-12 5.8203e-01 1.6315e+03 2.5398e+03 3.1117e+03 5.9244e+20 1.9203e+22 1.9874e+21 6.8097e-02 2.8490e-02 5.9189e+04 6.0213e+04
4.3800e+03 4.9905e-12 5.8214e-01 1.6312e+03 2.5392e+03 3.1108e+03 5.9576e+20 1.9335e+22 2.0006e+21 6.7947e-02 2.8424e-02 5.9304e+04 6.0333e+04
4.3900e+03 4.9805e-12 5.8225e-01 1.6308e+03 2.5385e+03 3.1099e+03 5.9910e+20 1.9468e+22 2.0139e+21 6.7798e-02 2.8358e-02 5.9420e+04 6.0452e+04
4.4000e+03 4.9706e-12 5.8237e-01 1.6305e+03 2.5378e+03 3.1091e+03 6.0245e+20 1.9601e+22 2.0272e+21 6.7649e-02 2.8293e-02 5.9535e+04 6.0572e+04
4.4100e+03 4.9607e-12 5.8248e-01 1.6302e+03 2.5371e+03 3.1082e+03 6.0582e+20 1.9735e+22 2.0407e+21 6.7501e-02 2.8228e-02 5.9651e+04 6.0692e+04
4.4200e+03 4.9508e-12 5.8259e-01 1.6298e+03 2.5365e+03 3.1073e+03 6.0919e+20 1.9870e+22 2.0541e+21 6.7354e-02 2.8164e-02 5.9766e+04 6.0811e+04
4.4300e+03 4.9410e-12 5.8270e-01 1.6295e+03 2.5358e+03 3.1065e+03 6.1258e+20 2.0006e+22 2.0677e+21 6.7207e-02 2.8099e-02 5.9882e+04 6.0931e+04
4.4400e+03 4.9312e-12 5.8282e-01 1.6292e+03 2.5351e+03 3.1056e+03 6.1598e+20 2.0142e+22 2.0813e+21 6.7061e-02 2.8035e-02 5.9998e+04 6.1050e+04
4.4500e+03 4.9215e-12 5.8293e-01 1.6288e+03 2.5344e+03 3.1048e+03 6.1940e+20 2.0278e+22 2.0950e+21 6.6916e-02 2.7971e-02 6.0113e+04 6.1170e+04
4.4600e+03 4.9118e-12 5.8304e-01 1.6285e+03 2.5338e+03 3.1039e+03 6.2282e+20 2.0416e+22 2.1087e+21 6.6771e-02 2.7908e-02 6.0229e+04 6.1290e+04
4.4700e+03 4.9021e-12 5.8316e-01 1.6282e+03 2.5331e+03 3.1031e+03 6.2626e+20 2.0554e+22 2.1225e+21 6.6627e-02 2.7844e-02 6.0344e+04 6.1409e+04
4.4800e+03 4.8925e-12 5.8327e-01 1.6279e+03 2.5324e+03 3.1022e+03 6.2971e+20 2.0693e+22 2.1364e+21 6.6483e-02 2.7781e-02 6.0460e+04 6.1529e+04
4.4900e+03 4.8829e-12 5.8338e-01 1.6275e+03 2.5318e+03 3.1014e+03 6.3318e+20 2.0832e+22 2.1503e+21 6.6340e-02 2.7718e-02 6.0575e+04 6.1649e+04
4.5000e+03 4.8734e-12 5.8350e-01 1.6272e+03 2.5311e+03 3.1005e+03 6.3666e+20 2.0972e+22 2.1644e+21 6.6198e-02 2.7656e-02 6.0691e+04 6.1768e+04
4.5100e+03 4.8639e-12 5.8361e-01 1.6269e+03 2.5305e+03 3.0997e+03 6.4015e+20 2.1113e+22 2.1784e+21 6.6056e-02 2.7593e-02 6.0807e+04 6.1888e+04
4.5200e+03 4.8544e-12 5.8373e-01 1.6266e+03 2.5298e+03 3.0989e+03 6.4365e+20 2.1254e+22 2.1926e+21 6.5914e-02 2.7531e-02 6.0922e+04 6.2008e+04
4.5300e+03 4.8450e-12 5.8384e-01 1.6262e+03 2.5292e+03 3.0980e+03 6.4716e+20 2.1397e+22 2.2068e+21 6.5774e-02 2.7470e-02 6.1038e+04 6.2127e+04
4.5400e+03 4.8356e-12 5.8395e-01 1.6259e+03 2.5285e+03 3.0972e+03 6.5069e+20 2.1539e+22 2.2211e+21 6.5634e-02 2.7408e-02 6.1153e+04 6.2247e+04
4.5500e+03 0.0000e+00 0.0000e+00 1.6256e+03 0.0000e+00 3.0964e+03 0.0000e+00 0.0000e+00 0.0000e+00 0.0000e+00 0.0000e+00 0.0000e+00 0.0000e+00
