0.0000e+00 3.1176e-11 1.0138e+01 1.7000e+03 1.7570e+03 1.9000e+03 1.6822e+20 7.7094e+19 3.6085e+19 3.5373e-03 2.6205e-02 1.0686e+06 1.6375e+04
1.0000e+01 3.0991e-11 8.5190e+00 1.7088e+03 1.6109e+03 1.8979e+03 1.3395e+21 1.8354e+20 3.6873e+19 4.1846e-03 5.7018e-02 9.0965e+05 1.5101e+04
2.0000e+01 3.0807e-11 7.3242e+00 1.7192e+03 1.6428e+03 1.8934e+03 8.2901e+20 1.5548e+20 3.8656e+19 4.8384e-03 4.8701e-02 7.9314e+05 1.5441e+04
3.0000e+01 3.0624e-11 6.4969e+00 1.7289e+03 1.6688e+03 1.8896e+03 5.6949e+20 1.3615e+20 4.0253e+19 5.4221e-03 4.1907e-02 7.1311e+05 1.5806e+04
4.0000e+01 3.0443e-11 5.8684e+00 1.7380e+03 1.6894e+03 1.8862e+03 4.2729e+20 1.2288e+20 4.1686e+19 5.9674e-03 3.6500e-02 6.5254e+05 1.6182e+04
5.0000e+01 3.0264e-11 5.3655e+00 1.7467e+03 1.7069e+03 1.8834e+03 3.3696e+20 1.1275e+20 4.2980e+19 6.4882e-03 3.1946e-02 6.0417e+05 1.6572e+04
6.0000e+01 3.0085e-11 4.9500e+00 1.7549e+03 1.7223e+03 1.8808e+03 2.7465e+20 1.0457e+20 4.4149e+19 6.9913e-03 2.8001e-02 5.6423e+05 1.6983e+04
7.0000e+01 2.9908e-11 4.5992e+00 1.7628e+03 1.7362e+03 1.8786e+03 2.2933e+20 9.7718e+19 4.5202e+19 7.4803e-03 2.4529e-02 5.3049e+05 1.7419e+04
8.0000e+01 2.9732e-11 4.2980e+00 1.7703e+03 1.7488e+03 1.8767e+03 1.9509e+20 9.1851e+19 4.6148e+19 7.9575e-03 2.1442e-02 5.0151e+05 1.7885e+04
9.0000e+01 2.9558e-11 4.0360e+00 1.7775e+03 1.7605e+03 1.8750e+03 1.6849e+20 8.6737e+19 4.6992e+19 8.4243e-03 1.8680e-02 4.7628e+05 1.8386e+04
1.0000e+02 2.9385e-11 3.8059e+00 1.7843e+03 1.7713e+03 1.8735e+03 1.4735e+20 8.2224e+19 4.7741e+19 8.8814e-03 1.6197e-02 4.5410e+05 1.8929e+04
1.1000e+02 2.9213e-11 3.6019e+00 1.7909e+03 1.7814e+03 1.8722e+03 1.3024e+20 7.8199e+19 4.8402e+19 9.3293e-03 1.3960e-02 4.3441e+05 1.9524e+04
1.2000e+02 2.9042e-11 3.4199e+00 1.7972e+03 1.7908e+03 1.8711e+03 1.1618e+20 7.4581e+19 4.8979e+19 9.7686e-03 1.1942e-02 4.1682e+05 2.0179e+04
1.3000e+02 2.8873e-11 3.2563e+00 1.8033e+03 1.7996e+03 1.8702e+03 1.0447e+20 7.1306e+19 4.9479e+19 1.0199e-02 1.0121e-02 4.0100e+05 2.0911e+04
1.4000e+02 2.8704e-11 3.1087e+00 1.8091e+03 1.8079e+03 1.8694e+03 9.4614e+19 6.8327e+19 4.9907e+19 1.0622e-02 8.4786e-03 3.8670e+05 2.1735e+04
1.5000e+02 2.8537e-11 2.9746e+00 1.8147e+03 1.8158e+03 1.8687e+03 8.6230e+19 6.5603e+19 5.0268e+19 1.1036e-02 7.0014e-03 3.7371e+05 2.2678e+04
1.6000e+02 2.8372e-11 2.8525e+00 1.8201e+03 1.8232e+03 1.8681e+03 7.9038e+19 6.3102e+19 5.0569e+19 1.1441e-02 5.6770e-03 3.6186e+05 2.3773e+04
1.7000e+02 2.8207e-11 2.7407e+00 1.8252e+03 1.8301e+03 1.8677e+03 7.2821e+19 6.0799e+19 5.0815e+19 1.1839e-02 4.4963e-03 3.5102e+05 2.5072e+04
1.8000e+02 2.8044e-11 2.6380e+00 1.8302e+03 1.8367e+03 1.8673e+03 6.7408e+19 5.8671e+19 5.1010e+19 1.2228e-02 3.4523e-03 3.4105e+05 2.6653e+04
1.9000e+02 2.7882e-11 2.5434e+00 1.8350e+03 1.8428e+03 1.8671e+03 6.2666e+19 5.6699e+19 5.1160e+19 1.2610e-02 2.5407e-03 3.3187e+05 2.8639e+04
2.0000e+02 2.7721e-11 2.4560e+00 1.8395e+03 1.8485e+03 1.8669e+03 5.8486e+19 5.4867e+19 5.1271e+19 1.2983e-02 1.7609e-03 3.2338e+05 3.1243e+04
2.1000e+02 2.7561e-11 2.3749e+00 1.8440e+03 1.8538e+03 1.8667e+03 5.4781e+19 5.3161e+19 5.1349e+19 1.3349e-02 1.1172e-03 3.1551e+05 3.4850e+04
2.2000e+02 2.7402e-11 2.2996e+00 1.8482e+03 1.8583e+03 1.8666e+03 5.1481e+19 5.1567e+19 5.1398e+19 1.3707e-02 6.2176e-04 3.0820e+05 4.0173e+04
2.3000e+02 2.7245e-11 2.2293e+00 1.8523e+03 1.8619e+03 1.8666e+03 4.8526e+19 5.0072e+19 5.1425e+19 1.4058e-02 2.9405e-04 3.0138e+05 4.8238e+04
2.4000e+02 2.7089e-11 2.1635e+00 1.8563e+03 1.8686e+03 1.8666e+03 4.5866e+19 4.8714e+19 5.1438e+19 1.4403e-02 -9.8012e-05 2.9500e+05 6.3231e+04
2.5000e+02 2.6934e-11 2.1019e+00 1.8601e+03 1.8746e+03 1.8666e+03 4.3466e+19 4.7435e+19 5.1433e+19 1.4740e-02 -6.0494e-04 2.8904e+05 3.9960e+04
2.6000e+02 2.6779e-11 2.0443e+00 1.8638e+03 1.8804e+03 1.8666e+03 4.1299e+19 4.6236e+19 5.1407e+19 1.5068e-02 -1.2482e-03 2.8347e+05 3.3215e+04
2.7000e+02 2.6627e-11 1.9905e+00 1.8673e+03 1.8856e+03 1.8667e+03 3.9341e+19 4.5104e+19 5.1352e+19 1.5388e-02 -1.8948e-03 2.7827e+05 2.9813e+04
2.8000e+02 2.6475e-11 1.9400e+00 1.8707e+03 1.8903e+03 1.8669e+03 3.7569e+19 4.4039e+19 5.1269e+19 1.5698e-02 -2.5430e-03 2.7342e+05 2.7599e+04
2.9000e+02 2.6324e-11 1.8928e+00 1.8739e+03 1.8947e+03 1.8671e+03 3.5964e+19 4.3036e+19 5.1158e+19 1.5998e-02 -3.1858e-03 2.6890e+05 2.5996e+04
3.0000e+02 2.6174e-11 1.8485e+00 1.8770e+03 1.8988e+03 1.8673e+03 3.4506e+19 4.2090e+19 5.1019e+19 1.6288e-02 -3.8172e-03 2.6467e+05 2.4763e+04
3.1000e+02 2.6026e-11 1.8069e+00 1.8799e+03 1.9028e+03 1.8676e+03 3.3180e+19 4.1199e+19 5.0853e+19 1.6568e-02 -4.4322e-03 2.6073e+05 2.3776e+04
3.2000e+02 2.5878e-11 1.7679e+00 1.8828e+03 1.9065e+03 1.8680e+03 3.1972e+19 4.0356e+19 5.0661e+19 1.6838e-02 -5.0270e-03 2.5705e+05 2.2965e+04
3.3000e+02 2.5732e-11 1.7312e+00 1.8854e+03 1.9100e+03 1.8684e+03 3.0870e+19 3.9561e+19 5.0445e+19 1.7098e-02 -5.5986e-03 2.5361e+05 2.2284e+04
3.4000e+02 2.5587e-11 1.6966e+00 1.8880e+03 1.9133e+03 1.8688e+03 2.9863e+19 3.8808e+19 5.0205e+19 1.7348e-02 -6.1448e-03 2.5040e+05 2.1705e+04
3.5000e+02 2.5442e-11 1.6640e+00 1.8904e+03 1.9164e+03 1.8693e+03 2.8942e+19 3.8096e+19 4.9943e+19 1.7588e-02 -6.6640e-03 2.4740e+05 2.1205e+04
3.6000e+02 2.5299e-11 1.6333e+00 1.8927e+03 1.9194e+03 1.8698e+03 2.8099e+19 3.7421e+19 4.9660e+19 1.7817e-02 -7.1551e-03 2.4460e+05 2.0771e+04
3.7000e+02 2.5157e-11 1.6044e+00 1.8949e+03 1.9222e+03 1.8704e+03 2.7325e+19 3.6782e+19 4.9359e+19 1.8037e-02 -7.6173e-03 2.4198e+05 2.0390e+04
3.8000e+02 2.5015e-11 1.5770e+00 1.8969e+03 1.9248e+03 1.8710e+03 2.6615e+19 3.6175e+19 4.9040e+19 1.8247e-02 -8.0503e-03 2.3954e+05 2.0055e+04
3.9000e+02 2.4875e-11 1.5511e+00 1.8989e+03 1.9273e+03 1.8716e+03 2.5962e+19 3.5599e+19 4.8706e+19 1.8447e-02 -8.4539e-03 2.3725e+05 1.9758e+04
4.0000e+02 2.4736e-11 1.5266e+00 1.9008e+03 1.9297e+03 1.8723e+03 2.5362e+19 3.5052e+19 4.8358e+19 1.8638e-02 -8.8282e-03 2.3512e+05 1.9493e+04
4.1000e+02 2.4598e-11 1.5034e+00 1.9025e+03 1.9319e+03 1.8730e+03 2.4809e+19 3.4532e+19 4.7997e+19 1.8820e-02 -9.1735e-03 2.3313e+05 1.9258e+04
4.2000e+02 2.4461e-11 1.4814e+00 1.9042e+03 1.9340e+03 1.8737e+03 2.4300e+19 3.4037e+19 4.7625e+19 1.8993e-02 -9.4904e-03 2.3127e+05 1.9047e+04
4.3000e+02 2.4324e-11 1.4605e+00 1.9057e+03 1.9360e+03 1.8745e+03 2.3831e+19 3.3567e+19 4.7244e+19 1.9157e-02 -9.7794e-03 2.2953e+05 1.8858e+04
4.4000e+02 2.4189e-11 1.4407e+00 1.9072e+03 1.9378e+03 1.8753e+03 2.3398e+19 3.3119e+19 4.6854e+19 1.9313e-02 -1.0041e-02 2.2791e+05 1.8690e+04
4.5000e+02 2.4055e-11 1.4219e+00 1.9086e+03 1.9396e+03 1.8760e+03 2.2999e+19 3.2692e+19 4.6458e+19 1.9460e-02 -1.0277e-02 2.2640e+05 1.8539e+04
4.6000e+02 2.3921e-11 1.4039e+00 1.9099e+03 1.9412e+03 1.8769e+03 2.2631e+19 3.2286e+19 4.6056e+19 1.9600e-02 -1.0486e-02 2.2499e+05 1.8404e+04
4.7000e+02 2.3789e-11 1.3868e+00 1.9111e+03 1.9427e+03 1.8777e+03 2.2292e+19 3.1898e+19 4.5650e+19 1.9731e-02 -1.0672e-02 2.2367e+05 1.8283e+04
4.8000e+02 2.3657e-11 1.3706e+00 1.9123e+03 1.9442e+03 1.8785e+03 2.1978e+19 3.1529e+19 4.5241e+19 1.9856e-02 -1.0833e-02 2.2245e+05 1.8175e+04
4.9000e+02 2.3527e-11 1.3550e+00 1.9134e+03 1.9455e+03 1.8794e+03 2.1689e+19 3.1176e+19 4.4830e+19 1.9972e-02 -1.0972e-02 2.2131e+05 1.8080e+04
5.0000e+02 2.3397e-11 1.3402e+00 1.9144e+03 1.9468e+03 1.8803e+03 2.1422e+19 3.0840e+19 4.4418e+19 2.0082e-02 -1.1089e-02 2.2025e+05 1.7995e+04
5.1000e+02 2.3269e-11 1.3260e+00 1.9153e+03 1.9480e+03 1.8811e+03 2.1176e+19 3.0519e+19 4.4006e+19 2.0185e-02 -1.1185e-02 2.1927e+05 1.7920e+04
5.2000e+02 2.3141e-11 1.3124e+00 1.9162e+03 1.9491e+03 1.8820e+03 2.0949e+19 3.0212e+19 4.3594e+19 2.0282e-02 -1.1262e-02 2.1835e+05 1.7855e+04
5.3000e+02 2.3014e-11 1.2995e+00 1.9170e+03 1.9501e+03 1.8829e+03 2.0740e+19 2.9919e+19 4.3184e+19 2.0372e-02 -1.1320e-02 2.1750e+05 1.7799e+04
5.4000e+02 2.2888e-11 1.2870e+00 1.9178e+03 1.9510e+03 1.8838e+03 2.0548e+19 2.9640e+19 4.2776e+19 2.0457e-02 -1.1360e-02 2.1672e+05 1.7751e+04
5.5000e+02 2.2763e-11 1.2751e+00 1.9185e+03 1.9519e+03 1.8847e+03 2.0371e+19 2.9372e+19 4.2370e+19 2.0535e-02 -1.1383e-02 2.1600e+05 1.7710e+04
5.6000e+02 2.2639e-11 1.2636e+00 1.9192e+03 1.9527e+03 1.8856e+03 2.0209e+19 2.9117e+19 4.1969e+19 2.0608e-02 -1.1390e-02 2.1533e+05 1.7677e+04
5.7000e+02 2.2516e-11 1.2527e+00 1.9198e+03 1.9535e+03 1.8865e+03 2.0060e+19 2.8873e+19 4.1571e+19 2.0676e-02 -1.1382e-02 2.1471e+05 1.7650e+04
5.8000e+02 2.2393e-11 1.2421e+00 1.9203e+03 1.9542e+03 1.8874e+03 1.9924e+19 2.8640e+19 4.1177e+19 2.0738e-02 -1.1360e-02 2.1415e+05 1.7629e+04
5.9000e+02 2.2272e-11 1.2319e+00 1.9209e+03 1.9548e+03 1.8883e+03 1.9800e+19 2.8418e+19 4.0789e+19 2.0796e-02 -1.1325e-02 2.1363e+05 1.7615e+04
6.0000e+02 2.2151e-11 1.2221e+00 1.9213e+03 1.9554e+03 1.8892e+03 1.9687e+19 2.8205e+19 4.0405e+19 2.0849e-02 -1.1278e-02 2.1315e+05 1.7606e+04
6.1000e+02 2.2031e-11 1.2127e+00 1.9218e+03 1.9559e+03 1.8901e+03 1.9584e+19 2.8001e+19 4.0027e+19 2.0897e-02 -1.1218e-02 2.1272e+05 1.7603e+04
6.2000e+02 2.1912e-11 1.2036e+00 1.9222e+03 1.9564e+03 1.8910e+03 1.9491e+19 2.7807e+19 3.9655e+19 2.0941e-02 -1.1148e-02 2.1233e+05 1.7605e+04
6.3000e+02 2.1794e-11 1.1948e+00 1.9225e+03 1.9568e+03 1.8919e+03 1.9407e+19 2.7621e+19 3.9289e+19 2.0981e-02 -1.1068e-02 2.1198e+05 1.7611e+04
6.4000e+02 2.1676e-11 1.1864e+00 1.9228e+03 1.9572e+03 1.8927e+03 1.9332e+19 2.7444e+19 3.8930e+19 2.1017e-02 -1.0979e-02 2.1166e+05 1.7623e+04
6.5000e+02 2.1560e-11 1.1782e+00 1.9231e+03 1.9576e+03 1.8936e+03 1.9266e+19 2.7275e+19 3.8576e+19 2.1050e-02 -1.0880e-02 2.1138e+05 1.7639e+04
6.6000e+02 2.1444e-11 1.1703e+00 1.9234e+03 1.9579e+03 1.8945e+03 1.9206e+19 2.7113e+19 3.8230e+19 2.1078e-02 -1.0774e-02 2.1113e+05 1.7659e+04
6.7000e+02 2.1329e-11 1.1626e+00 1.9236e+03 1.9582e+03 1.8953e+03 1.9155e+19 2.6959e+19 3.7890e+19 2.1103e-02 -1.0660e-02 2.1091e+05 1.7684e+04
6.8000e+02 2.1215e-11 1.1552e+00 1.9238e+03 1.9584e+03 1.8962e+03 1.9110e+19 2.6811e+19 3.7557e+19 2.1125e-02 -1.0540e-02 2.1072e+05 1.7713e+04
6.9000e+02 2.1102e-11 1.1480e+00 1.9240e+03 1.9586e+03 1.8970e+03 1.9071e+19 2.6671e+19 3.7231e+19 2.1144e-02 -1.0413e-02 2.1056e+05 1.7746e+04
7.0000e+02 2.0989e-11 1.1411e+00 1.9241e+03 1.9588e+03 1.8978e+03 1.9039e+19 2.6537e+19 3.6912e+19 2.1159e-02 -1.0280e-02 2.1042e+05 1.7782e+04
7.1000e+02 2.0877e-11 1.1343e+00 1.9242e+03 1.9589e+03 1.8986e+03 1.9013e+19 2.6409e+19 3.6600e+19 2.1172e-02 -1.0143e-02 2.1031e+05 1.7823e+04
7.2000e+02 2.0766e-11 1.1277e+00 1.9243e+03 1.9590e+03 1.8994e+03 1.8992e+19 2.6288e+19 3.6295e+19 2.1182e-02 -1.0000e-02 2.1022e+05 1.7867e+04
7.3000e+02 2.0656e-11 1.1214e+00 1.9244e+03 1.9591e+03 1.9002e+03 1.8977e+19 2.6172e+19 3.5997e+19 2.1189e-02 -9.8531e-03 2.1016e+05 1.7915e+04
7.4000e+02 2.0547e-11 1.1152e+00 1.9244e+03 1.9591e+03 1.9010e+03 1.8967e+19 2.6062e+19 3.5706e+19 2.1194e-02 -9.7023e-03 2.1012e+05 1.7966e+04
7.5000e+02 2.0438e-11 1.1092e+00 1.9244e+03 1.9591e+03 1.9018e+03 1.8961e+19 2.5958e+19 3.5422e+19 2.1196e-02 -9.5481e-03 2.1010e+05 1.8021e+04
7.6000e+02 2.0330e-11 1.1033e+00 1.9244e+03 1.9591e+03 1.9025e+03 1.8961e+19 2.5859e+19 3.5145e+19 2.1196e-02 -9.3908e-03 2.1010e+05 1.8079e+04
7.7000e+02 2.0223e-11 1.0976e+00 1.9244e+03 1.9591e+03 1.9033e+03 1.8965e+19 2.5765e+19 3.4875e+19 2.1194e-02 -9.2308e-03 2.1012e+05 1.8141e+04
7.8000e+02 2.0117e-11 1.0921e+00 1.9244e+03 1.9590e+03 1.9040e+03 1.8972e+19 2.5676e+19 3.4612e+19 2.1190e-02 -9.0685e-03 2.1016e+05 1.8206e+04
7.9000e+02 2.0011e-11 1.0867e+00 1.9243e+03 1.9590e+03 1.9047e+03 1.8985e+19 2.5591e+19 3.4355e+19 2.1183e-02 -8.9041e-03 2.1021e+05 1.8274e+04
8.0000e+02 1.9906e-11 1.0814e+00 1.9242e+03 1.9589e+03 1.9054e+03 1.9000e+19 2.5512e+19 3.4106e+19 2.1175e-02 -8.7379e-03 2.1028e+05 1.8346e+04
8.1000e+02 1.9802e-11 1.0762e+00 1.9242e+03 1.9587e+03 1.9061e+03 1.9020e+19 2.5437e+19 3.3862e+19 2.1165e-02 -8.5703e-03 2.1037e+05 1.8421e+04
8.2000e+02 1.9698e-11 1.0712e+00 1.9240e+03 1.9586e+03 1.9068e+03 1.9043e+19 2.5366e+19 3.3626e+19 2.1153e-02 -8.4015e-03 2.1048e+05 1.8499e+04
8.3000e+02 1.9596e-11 1.0663e+00 1.9239e+03 1.9584e+03 1.9075e+03 1.9070e+19 2.5300e+19 3.3395e+19 2.1139e-02 -8.2317e-03 2.1059e+05 1.8580e+04
8.4000e+02 1.9493e-11 1.0615e+00 1.9238e+03 1.9583e+03 1.9081e+03 1.9100e+19 2.5237e+19 3.3171e+19 2.1124e-02 -8.0612e-03 2.1073e+05 1.8665e+04
8.5000e+02 1.9392e-11 1.0568e+00 1.9236e+03 1.9581e+03 1.9088e+03 1.9134e+19 2.5179e+19 3.2954e+19 2.1107e-02 -7.8902e-03 2.1087e+05 1.8754e+04
8.6000e+02 1.9291e-11 1.0523e+00 1.9235e+03 1.9579e+03 1.9094e+03 1.9170e+19 2.5125e+19 3.2742e+19 2.1089e-02 -7.7189e-03 2.1103e+05 1.8845e+04
8.7000e+02 1.9191e-11 1.0478e+00 1.9233e+03 1.9576e+03 1.9100e+03 1.9209e+19 2.5074e+19 3.2537e+19 2.1069e-02 -7.5475e-03 2.1121e+05 1.8940e+04
8.8000e+02 1.9092e-11 1.0434e+00 1.9231e+03 1.9574e+03 1.9106e+03 1.9252e+19 2.5027e+19 3.2337e+19 2.1048e-02 -7.3762e-03 2.1139e+05 1.9038e+04
8.9000e+02 1.8994e-11 1.0391e+00 1.9229e+03 1.9571e+03 1.9112e+03 1.9297e+19 2.4984e+19 3.2143e+19 2.1025e-02 -7.2051e-03 2.1159e+05 1.9140e+04
9.0000e+02 1.8896e-11 1.0349e+00 1.9227e+03 1.9569e+03 1.9117e+03 1.9345e+19 2.4944e+19 3.1955e+19 2.1002e-02 -7.0344e-03 2.1180e+05 1.9246e+04
9.1000e+02 1.8798e-11 1.0308e+00 1.9225e+03 1.9566e+03 1.9123e+03 1.9395e+19 2.4907e+19 3.1773e+19 2.0977e-02 -6.8643e-03 2.1202e+05 1.9354e+04
9.2000e+02 1.8702e-11 1.0268e+00 1.9222e+03 1.9563e+03 1.9128e+03 1.9448e+19 2.4874e+19 3.1596e+19 2.0951e-02 -6.6948e-03 2.1225e+05 1.9467e+04
9.3000e+02 1.8606e-11 1.0229e+00 1.9220e+03 1.9560e+03 1.9134e+03 1.9504e+19 2.4844e+19 3.1424e+19 2.0924e-02 -6.5260e-03 2.1249e+05 1.9583e+04
9.4000e+02 1.8510e-11 1.0190e+00 1.9218e+03 1.9556e+03 1.9139e+03 1.9562e+19 2.4818e+19 3.1258e+19 2.0896e-02 -6.3582e-03 2.1274e+05 1.9703e+04
9.5000e+02 1.8416e-11 1.0152e+00 1.9215e+03 1.9553e+03 1.9144e+03 1.9623e+19 2.4794e+19 3.1097e+19 2.0866e-02 -6.1914e-03 2.1300e+05 1.9827e+04
9.6000e+02 1.8322e-11 1.0115e+00 1.9212e+03 1.9550e+03 1.9149e+03 1.9685e+19 2.4773e+19 3.0941e+19 2.0836e-02 -6.0257e-03 2.1327e+05 1.9955e+04
9.7000e+02 1.8228e-11 1.0078e+00 1.9209e+03 1.9546e+03 1.9154e+03 1.9751e+19 2.4756e+19 3.0791e+19 2.0805e-02 -5.8612e-03 2.1354e+05 2.0087e+04
9.8000e+02 1.8136e-11 1.0043e+00 1.9207e+03 1.9542e+03 1.9158e+03 1.9818e+19 2.4741e+19 3.0645e+19 2.0773e-02 -5.6979e-03 2.1383e+05 2.0223e+04
9.9000e+02 1.8044e-11 1.0007e+00 1.9204e+03 1.9538e+03 1.9163e+03 1.9887e+19 2.4729e+19 3.0503e+19 2.0740e-02 -5.5360e-03 2.1413e+05 2.0364e+04
1.0000e+03 1.7952e-11 9.9728e-01 1.9201e+03 1.9535e+03 1.9167e+03 1.9959e+19 2.4720e+19 3.0367e+19 2.0707e-02 -5.3755e-03 2.1443e+05 2.0508e+04
1.0100e+03 1.7861e-11 9.9389e-01 1.9197e+03 1.9531e+03 1.9171e+03 2.0033e+19 2.4714e+19 3.0235e+19 2.0672e-02 -5.2165e-03 2.1474e+05 2.0658e+04
1.0200e+03 1.7771e-11 9.9056e-01 1.9194e+03 1.9526e+03 1.9175e+03 2.0108e+19 2.4710e+19 3.0108e+19 2.0637e-02 -5.0590e-03 2.1506e+05 2.0812e+04
1.0300e+03 1.7681e-11 9.8728e-01 1.9191e+03 1.9522e+03 1.9179e+03 2.0186e+19 2.4709e+19 2.9985e+19 2.0601e-02 -4.9030e-03 2.1539e+05 2.0972e+04
1.0400e+03 1.7592e-11 9.8406e-01 1.9188e+03 1.9518e+03 1.9183e+03 2.0266e+19 2.4710e+19 2.9866e+19 2.0564e-02 -4.7488e-03 2.1573e+05 2.1136e+04
1.0500e+03 1.7504e-11 9.8089e-01 1.9184e+03 1.9513e+03 1.9187e+03 2.0348e+19 2.4714e+19 2.9752e+19 2.0527e-02 -4.5961e-03 2.1607e+05 2.1306e+04
1.0600e+03 1.7416e-11 9.7778e-01 1.9181e+03 1.9509e+03 1.9191e+03 2.0431e+19 2.4720e+19 2.9641e+19 2.0489e-02 -4.4452e-03 2.1642e+05 2.1482e+04
1.0700e+03 1.7329e-11 9.7472e-01 1.9177e+03 1.9504e+03 1.9194e+03 2.0517e+19 2.4729e+19 2.9535e+19 2.0451e-02 -4.2960e-03 2.1678e+05 2.1664e+04
1.0800e+03 1.7242e-11 9.7171e-01 1.9174e+03 1.9500e+03 1.9198e+03 2.0604e+19 2.4740e+19 2.9433e+19 2.0411e-02 -4.1486e-03 2.1714e+05 2.1852e+04
1.0900e+03 1.7156e-11 9.6874e-01 1.9170e+03 1.9495e+03 1.9201e+03 2.0694e+19 2.4753e+19 2.9334e+19 2.0372e-02 -4.0030e-03 2.1751e+05 2.2046e+04
1.1000e+03 1.7071e-11 9.6583e-01 1.9167e+03 1.9490e+03 1.9204e+03 2.0785e+19 2.4769e+19 2.9240e+19 2.0331e-02 -3.8592e-03 2.1789e+05 2.2247e+04
1.1100e+03 1.6986e-11 9.6295e-01 1.9163e+03 1.9485e+03 1.9207e+03 2.0878e+19 2.4787e+19 2.9149e+19 2.0291e-02 -3.7173e-03 2.1827e+05 2.2456e+04
1.1200e+03 1.6902e-11 9.6013e-01 1.9159e+03 1.9480e+03 1.9210e+03 2.0973e+19 2.4807e+19 2.9062e+19 2.0249e-02 -3.5772e-03 2.1866e+05 2.2672e+04
1.1300e+03 1.6818e-11 9.5735e-01 1.9155e+03 1.9475e+03 1.9213e+03 2.1069e+19 2.4829e+19 2.8978e+19 2.0207e-02 -3.4389e-03 2.1906e+05 2.2897e+04
1.1400e+03 1.6735e-11 9.5461e-01 1.9151e+03 1.9470e+03 1.9216e+03 2.1167e+19 2.4854e+19 2.8898e+19 2.0165e-02 -3.3025e-03 2.1946e+05 2.3130e+04
1.1500e+03 1.6652e-11 9.5191e-01 1.9147e+03 1.9465e+03 1.9218e+03 2.1267e+19 2.4880e+19 2.8821e+19 2.0122e-02 -3.1681e-03 2.1987e+05 2.3372e+04
1.1600e+03 1.6570e-11 9.4925e-01 1.9143e+03 1.9460e+03 1.9221e+03 2.1369e+19 2.4909e+19 2.8748e+19 2.0079e-02 -3.0355e-03 2.2028e+05 2.3625e+04
1.1700e+03 1.6488e-11 9.4663e-01 1.9139e+03 1.9454e+03 1.9223e+03 2.1472e+19 2.4940e+19 2.8677e+19 2.0036e-02 -2.9048e-03 2.2070e+05 2.3888e+04
1.1800e+03 1.6407e-11 9.4405e-01 1.9135e+03 1.9449e+03 1.9225e+03 2.1577e+19 2.4972e+19 2.8610e+19 1.9992e-02 -2.7760e-03 2.2112e+05 2.4162e+04
1.1900e+03 1.6327e-11 9.4151e-01 1.9131e+03 1.9444e+03 1.9228e+03 2.1684e+19 2.5007e+19 2.8547e+19 1.9948e-02 -2.6490e-03 2.2155e+05 2.4449e+04
1.2000e+03 1.6247e-11 9.3900e-01 1.9127e+03 1.9438e+03 1.9230e+03 2.1793e+19 2.5043e+19 2.8486e+19 1.9903e-02 -2.5240e-03 2.2199e+05 2.4749e+04
1.2100e+03 1.6167e-11 9.3653e-01 1.9123e+03 1.9432e+03 1.9232e+03 2.1903e+19 2.5082e+19 2.8428e+19 1.9858e-02 -2.4009e-03 2.2243e+05 2.5064e+04
1.2200e+03 1.6089e-11 9.3410e-01 1.9119e+03 1.9427e+03 1.9234e+03 2.2015e+19 2.5122e+19 2.8373e+19 1.9812e-02 -2.2796e-03 2.2287e+05 2.5394e+04
1.2300e+03 1.6010e-11 9.3170e-01 1.9115e+03 1.9421e+03 1.9235e+03 2.2128e+19 2.5164e+19 2.8321e+19 1.9767e-02 -2.1602e-03 2.2332e+05 2.5742e+04
1.2400e+03 1.5932e-11 9.2933e-01 1.9110e+03 1.9415e+03 1.9237e+03 2.2243e+19 2.5208e+19 2.8272e+19 1.9721e-02 -2.0426e-03 2.2378e+05 2.6110e+04
1.2500e+03 1.5855e-11 9.2700e-01 1.9106e+03 1.9409e+03 1.9239e+03 2.2360e+19 2.5254e+19 2.8226e+19 1.9674e-02 -1.9268e-03 2.2424e+05 2.6498e+04
1.2600e+03 1.5778e-11 9.2470e-01 1.9102e+03 1.9403e+03 1.9240e+03 2.2478e+19 2.5301e+19 2.8182e+19 1.9628e-02 -1.8129e-03 2.2471e+05 2.6911e+04
1.2700e+03 1.5702e-11 9.2243e-01 1.9097e+03 1.9397e+03 1.9242e+03 2.2598e+19 2.5351e+19 2.8141e+19 1.9581e-02 -1.7007e-03 2.2518e+05 2.7350e+04
1.2800e+03 1.5626e-11 9.2019e-01 1.9093e+03 1.9391e+03 1.9243e+03 2.2720e+19 2.5402e+19 2.8103e+19 1.9534e-02 -1.5902e-03 2.2565e+05 2.7819e+04
1.2900e+03 1.5551e-11 9.1799e-01 1.9088e+03 1.9384e+03 1.9244e+03 2.2843e+19 2.5454e+19 2.8067e+19 1.9486e-02 -1.4815e-03 2.2613e+05 2.8323e+04
1.3000e+03 1.5476e-11 9.1581e-01 1.9084e+03 1.9378e+03 1.9245e+03 2.2968e+19 2.5509e+19 2.8033e+19 1.9439e-02 -1.3744e-03 2.2662e+05 2.8867e+04
1.3100e+03 1.5402e-11 9.1366e-01 1.9079e+03 1.9371e+03 1.9247e+03 2.3095e+19 2.5565e+19 2.8002e+19 1.9391e-02 -1.2688e-03 2.2711e+05 2.9458e+04
1.3200e+03 1.5328e-11 9.1154e-01 1.9075e+03 1.9364e+03 1.9248e+03 2.3223e+19 2.5623e+19 2.7974e+19 1.9343e-02 -1.1647e-03 2.2760e+05 3.0104e+04
1.3300e+03 1.5255e-11 9.0944e-01 1.9070e+03 1.9358e+03 1.9248e+03 2.3353e+19 2.5682e+19 2.7948e+19 1.9295e-02 -1.0620e-03 2.2810e+05 3.0816e+04
1.3400e+03 1.5182e-11 9.0738e-01 1.9066e+03 1.9351e+03 1.9249e+03 2.3484e+19 2.5743e+19 2.7924e+19 1.9246e-02 -9.6035e-04 2.2860e+05 3.1610e+04
1.3500e+03 1.5110e-11 9.0534e-01 1.9061e+03 1.9343e+03 1.9250e+03 2.3617e+19 2.5805e+19 2.7902e+19 1.9198e-02 -8.5964e-04 2.2911e+05 3.2509e+04
1.3600e+03 1.5038e-11 9.0333e-01 1.9057e+03 1.9336e+03 1.9251e+03 2.3751e+19 2.5869e+19 2.7883e+19 1.9149e-02 -7.5941e-04 2.2962e+05 3.3543e+04
1.3700e+03 1.4966e-11 9.0134e-01 1.9052e+03 1.9328e+03 1.9251e+03 2.3887e+19 2.5934e+19 2.7866e+19 1.9100e-02 -6.5897e-04 2.3013e+05 3.4766e+04
1.3800e+03 1.4895e-11 8.9938e-01 1.9047e+03 1.9319e+03 1.9252e+03 2.4025e+19 2.6001e+19 2.7851e+19 1.9051e-02 -5.5706e-04 2.3065e+05 3.6270e+04
1.3900e+03 1.4825e-11 8.9743e-01 1.9043e+03 1.9310e+03 1.9252e+03 2.4164e+19 2.6069e+19 2.7839e+19 1.9002e-02 -4.5087e-04 2.3117e+05 3.8254e+04
1.4000e+03 1.4755e-11 8.9551e-01 1.9038e+03 1.9298e+03 1.9253e+03 2.4304e+19 2.6137e+19 2.7829e+19 1.8953e-02 -3.3109e-04 2.3170e+05 4.1339e+04
1.4100e+03 1.4685e-11 8.9361e-01 1.9033e+03 1.9283e+03 1.9253e+03 2.4446e+19 2.6206e+19 2.7822e+19 1.8904e-02 -1.9011e-04 2.3223e+05 4.7508e+04
1.4200e+03 1.4616e-11 8.9172e-01 1.9028e+03 1.9283e+03 1.9253e+03 2.4589e+19 2.6283e+19 2.7817e+19 1.8855e-02 -1.9006e-04 2.3276e+05 4.7531e+04
1.4300e+03 1.4547e-11 8.8987e-01 1.9024e+03 1.9283e+03 1.9253e+03 2.4734e+19 2.6361e+19 2.7813e+19 1.8805e-02 -1.9014e-04 2.3329e+05 4.7545e+04
1.4400e+03 1.4479e-11 8.8807e-01 1.9019e+03 1.9284e+03 1.9253e+03 2.4882e+19 2.6440e+19 2.7809e+19 1.8755e-02 -1.9022e-04 2.3384e+05 4.7561e+04
1.4500e+03 1.4411e-11 8.8632e-01 1.9014e+03 1.9284e+03 1.9254e+03 2.5033e+19 2.6522e+19 2.7805e+19 1.8704e-02 -1.9029e-04 2.3440e+05 4.7576e+04
1.4600e+03 1.4344e-11 8.8460e-01 1.9009e+03 1.9236e+03 1.9254e+03 2.5188e+19 2.6581e+19 2.7800e+19 1.8652e-02 9.0166e-05 2.3497e+05 5.7366e+04
1.4700e+03 1.4277e-11 8.8286e-01 1.9004e+03 1.9234e+03 1.9254e+03 2.5341e+19 2.6665e+19 2.7802e+19 1.8602e-02 1.0575e-04 2.3552e+05 5.5150e+04
1.4800e+03 1.4211e-11 8.8115e-01 1.8999e+03 1.9232e+03 1.9254e+03 2.5496e+19 2.6749e+19 2.7805e+19 1.8551e-02 1.2343e-04 2.3609e+05 5.3084e+04
1.4900e+03 1.4145e-11 8.7948e-01 1.8994e+03 1.9229e+03 1.9253e+03 2.5654e+19 2.6834e+19 2.7807e+19 1.8500e-02 1.4359e-04 2.3666e+05 5.1137e+04
1.5000e+03 1.4079e-11 8.7785e-01 1.8989e+03 1.9226e+03 1.9253e+03 2.5815e+19 2.6921e+19 2.7811e+19 1.8449e-02 1.6639e-04 2.3724e+05 4.9310e+04
1.5100e+03 1.4014e-11 8.7625e-01 1.8984e+03 1.9223e+03 1.9253e+03 2.5978e+19 2.7009e+19 2.7814e+19 1.8397e-02 1.9194e-04 2.3782e+05 4.7603e+04
1.5200e+03 1.3949e-11 8.7468e-01 1.8979e+03 1.9219e+03 1.9253e+03 2.6144e+19 2.7098e+19 2.7819e+19 1.8345e-02 2.2030e-04 2.3842e+05 4.6014e+04
1.5300e+03 1.3885e-11 8.7314e-01 1.8974e+03 1.9216e+03 1.9253e+03 2.6312e+19 2.7189e+19 2.7824e+19 1.8292e-02 2.5149e-04 2.3902e+05 4.4537e+04
1.5400e+03 1.3821e-11 8.7163e-01 1.8969e+03 1.9212e+03 1.9253e+03 2.6482e+19 2.7280e+19 2.7829e+19 1.8240e-02 2.8551e-04 2.3962e+05 4.3168e+04
1.5500e+03 1.3757e-11 8.7014e-01 1.8964e+03 1.9207e+03 1.9252e+03 2.6655e+19 2.7373e+19 2.7836e+19 1.8187e-02 3.2231e-04 2.4023e+05 4.1900e+04
1.5600e+03 1.3694e-11 8.6868e-01 1.8958e+03 1.9203e+03 1.9252e+03 2.6830e+19 2.7467e+19 2.7843e+19 1.8134e-02 3.6181e-04 2.4085e+05 4.0727e+04
1.5700e+03 1.3632e-11 8.6725e-01 1.8953e+03 1.9199e+03 1.9252e+03 2.7007e+19 2.7562e+19 2.7851e+19 1.8081e-02 4.0392e-04 2.4147e+05 3.9642e+04
1.5800e+03 1.3569e-11 8.6583e-01 1.8948e+03 1.9194e+03 1.9252e+03 2.7186e+19 2.7658e+19 2.7860e+19 1.8027e-02 4.4850e-04 2.4209e+05 3.8638e+04
1.5900e+03 1.3507e-11 8.6444e-01 1.8943e+03 1.9189e+03 1.9251e+03 2.7368e+19 2.7756e+19 2.7870e+19 1.7974e-02 4.9545e-04 2.4272e+05 3.7708e+04
1.6000e+03 1.3446e-11 8.6306e-01 1.8937e+03 1.9184e+03 1.9251e+03 2.7551e+19 2.7855e+19 2.7881e+19 1.7921e-02 5.4460e-04 2.4336e+05 3.6847e+04
1.6100e+03 1.3385e-11 8.6171e-01 1.8932e+03 1.9179e+03 1.9250e+03 2.7736e+19 2.7954e+19 2.7893e+19 1.7867e-02 5.9583e-04 2.4400e+05 3.6047e+04
1.6200e+03 1.3324e-11 8.6037e-01 1.8927e+03 1.9174e+03 1.9250e+03 2.7923e+19 2.8055e+19 2.7907e+19 1.7814e-02 6.4899e-04 2.4464e+05 3.5305e+04
1.6300e+03 1.3264e-11 8.5904e-01 1.8921e+03 1.9168e+03 1.9249e+03 2.8112e+19 2.8157e+19 2.7921e+19 1.7761e-02 7.0392e-04 2.4528e+05 3.4614e+04
1.6400e+03 1.3204e-11 8.5773e-01 1.8916e+03 1.9163e+03 1.9249e+03 2.8302e+19 2.8261e+19 2.7937e+19 1.7707e-02 7.6049e-04 2.4593e+05 3.3970e+04
1.6500e+03 1.3144e-11 8.5644e-01 1.8911e+03 1.9157e+03 1.9248e+03 2.8495e+19 2.8365e+19 2.7954e+19 1.7654e-02 8.1855e-04 2.4658e+05 3.3370e+04
1.6600e+03 1.3085e-11 8.5516e-01 1.8905e+03 1.9152e+03 1.9248e+03 2.8689e+19 2.8471e+19 2.7972e+19 1.7601e-02 8.7797e-04 2.4724e+05 3.2809e+04
1.6700e+03 1.3026e-11 8.5389e-01 1.8900e+03 1.9146e+03 1.9247e+03 2.8884e+19 2.8577e+19 2.7992e+19 1.7548e-02 9.3861e-04 2.4789e+05 3.2285e+04
1.6800e+03 1.2968e-11 8.5263e-01 1.8895e+03 1.9140e+03 1.9246e+03 2.9081e+19 2.8685e+19 2.8013e+19 1.7495e-02 1.0004e-03 2.4855e+05 3.1793e+04
1.6900e+03 1.2910e-11 8.5138e-01 1.8889e+03 1.9134e+03 1.9245e+03 2.9280e+19 2.8794e+19 2.8036e+19 1.7442e-02 1.0631e-03 2.4921e+05 3.1332e+04
1.7000e+03 1.2852e-11 8.5015e-01 1.8884e+03 1.9129e+03 1.9245e+03 2.9480e+19 2.8905e+19 2.8060e+19 1.7389e-02 1.1266e-03 2.4987e+05 3.0899e+04
1.7100e+03 1.2795e-11 8.4892e-01 1.8879e+03 1.9123e+03 1.9244e+03 2.9682e+19 2.9016e+19 2.8085e+19 1.7337e-02 1.1910e-03 2.5054e+05 3.0491e+04
1.7200e+03 1.2738e-11 8.4770e-01 1.8873e+03 1.9117e+03 1.9243e+03 2.9885e+19 2.9129e+19 2.8112e+19 1.7285e-02 1.2559e-03 2.5121e+05 3.0107e+04
1.7300e+03 1.2681e-11 8.4649e-01 1.8868e+03 1.9111e+03 1.9242e+03 3.0090e+19 2.9243e+19 2.8140e+19 1.7232e-02 1.3214e-03 2.5188e+05 2.9745e+04
1.7400e+03 1.2625e-11 8.4529e-01 1.8863e+03 1.9105e+03 1.9241e+03 3.0296e+19 2.9357e+19 2.8170e+19 1.7180e-02 1.3874e-03 2.5255e+05 2.9403e+04
1.7500e+03 1.2569e-11 8.4410e-01 1.8857e+03 1.9099e+03 1.9240e+03 3.0503e+19 2.9474e+19 2.8202e+19 1.7128e-02 1.4537e-03 2.5322e+05 2.9080e+04
1.7600e+03 1.2513e-11 8.4291e-01 1.8852e+03 1.9093e+03 1.9238e+03 3.0712e+19 2.9591e+19 2.8235e+19 1.7077e-02 1.5203e-03 2.5389e+05 2.8775e+04
1.7700e+03 1.2458e-11 8.4173e-01 1.8847e+03 1.9087e+03 1.9237e+03 3.0922e+19 2.9709e+19 2.8269e+19 1.7025e-02 1.5871e-03 2.5457e+05 2.8485e+04
1.7800e+03 1.2403e-11 8.4056e-01 1.8842e+03 1.9080e+03 1.9236e+03 3.1133e+19 2.9829e+19 2.8305e+19 1.6974e-02 1.6541e-03 2.5524e+05 2.8211e+04
1.7900e+03 1.2349e-11 8.3939e-01 1.8836e+03 1.9074e+03 1.9235e+03 3.1346e+19 2.9950e+19 2.8343e+19 1.6923e-02 1.7211e-03 2.5592e+05 2.7950e+04
1.8000e+03 1.2295e-11 8.3823e-01 1.8831e+03 1.9068e+03 1.9233e+03 3.1560e+19 3.0072e+19 2.8382e+19 1.6872e-02 1.7881e-03 2.5660e+05 2.7703e+04
1.8100e+03 1.2241e-11 8.3708e-01 1.8826e+03 1.9062e+03 1.9232e+03 3.1775e+19 3.0195e+19 2.8423e+19 1.6821e-02 1.8550e-03 2.5728e+05 2.7468e+04
1.8200e+03 1.2187e-11 8.3593e-01 1.8821e+03 1.9056e+03 1.9230e+03 3.1992e+19 3.0320e+19 2.8465e+19 1.6771e-02 1.9217e-03 2.5796e+05 2.7245e+04
1.8300e+03 1.2134e-11 8.3479e-01 1.8815e+03 1.9050e+03 1.9229e+03 3.2210e+19 3.0446e+19 2.8509e+19 1.6720e-02 1.9883e-03 2.5864e+05 2.7032e+04
1.8400e+03 1.2081e-11 8.3365e-01 1.8810e+03 1.9044e+03 1.9227e+03 3.2429e+19 3.0573e+19 2.8555e+19 1.6670e-02 2.0547e-03 2.5933e+05 2.6829e+04
1.8500e+03 1.2029e-11 8.3252e-01 1.8805e+03 1.9037e+03 1.9226e+03 3.2649e+19 3.0701e+19 2.8602e+19 1.6620e-02 2.1208e-03 2.6001e+05 2.6636e+04
1.8600e+03 1.1977e-11 8.3139e-01 1.8800e+03 1.9031e+03 1.9224e+03 3.2871e+19 3.0830e+19 2.8651e+19 1.6571e-02 2.1866e-03 2.6070e+05 2.6452e+04
1.8700e+03 1.1925e-11 8.3027e-01 1.8795e+03 1.9025e+03 1.9222e+03 3.3094e+19 3.0961e+19 2.8702e+19 1.6521e-02 2.2520e-03 2.6138e+05 2.6276e+04
1.8800e+03 1.1873e-11 8.2915e-01 1.8789e+03 1.9019e+03 1.9221e+03 3.3318e+19 3.1092e+19 2.8754e+19 1.6472e-02 2.3170e-03 2.6207e+05 2.6108e+04
1.8900e+03 1.1822e-11 8.2804e-01 1.8784e+03 1.9013e+03 1.9219e+03 3.3543e+19 3.1225e+19 2.8808e+19 1.6423e-02 2.3816e-03 2.6276e+05 2.5947e+04
1.9000e+03 1.1771e-11 8.2693e-01 1.8779e+03 1.9007e+03 1.9217e+03 3.3770e+19 3.1360e+19 2.8863e+19 1.6374e-02 2.4457e-03 2.6345e+05 2.5794e+04
1.9100e+03 1.1721e-11 8.2582e-01 1.8774e+03 1.9000e+03 1.9215e+03 3.3998e+19 3.1495e+19 2.8920e+19 1.6326e-02 2.5093e-03 2.6413e+05 2.5648e+04
1.9200e+03 1.1670e-11 8.2472e-01 1.8769e+03 1.8994e+03 1.9213e+03 3.4227e+19 3.1632e+19 2.8978e+19 1.6277e-02 2.5724e-03 2.6482e+05 2.5507e+04
1.9300e+03 1.1620e-11 8.2363e-01 1.8764e+03 1.8988e+03 1.9211e+03 3.4457e+19 3.1770e+19 2.9038e+19 1.6229e-02 2.6350e-03 2.6552e+05 2.5373e+04
1.9400e+03 1.1571e-11 8.2254e-01 1.8759e+03 1.8982e+03 1.9209e+03 3.4689e+19 3.1909e+19 2.9100e+19 1.6181e-02 2.6970e-03 2.6621e+05 2.5245e+04
1.9500e+03 1.1521e-11 8.2145e-01 1.8754e+03 1.8976e+03 1.9207e+03 3.4922e+19 3.2050e+19 2.9164e+19 1.6134e-02 2.7584e-03 2.6690e+05 2.5122e+04
1.9600e+03 1.1472e-11 8.2037e-01 1.8749e+03 1.8969e+03 1.9204e+03 3.5156e+19 3.2192e+19 2.9229e+19 1.6086e-02 2.8192e-03 2.6759e+05 2.5004e+04
1.9700e+03 1.1424e-11 8.1929e-01 1.8744e+03 1.8963e+03 1.9202e+03 3.5391e+19 3.2335e+19 2.9295e+19 1.6039e-02 2.8793e-03 2.6829e+05 2.4891e+04
1.9800e+03 1.1375e-11 8.1822e-01 1.8738e+03 1.8957e+03 1.9200e+03 3.5628e+19 3.2479e+19 2.9363e+19 1.5992e-02 2.9389e-03 2.6898e+05 2.4783e+04
1.9900e+03 1.1327e-11 8.1715e-01 1.8733e+03 1.8951e+03 1.9198e+03 3.5866e+19 3.2625e+19 2.9433e+19 1.5945e-02 2.9977e-03 2.6968e+05 2.4679e+04
2.0000e+03 1.1279e-11 8.1608e-01 1.8728e+03 1.8945e+03 1.9195e+03 3.6105e+19 3.2772e+19 2.9504e+19 1.5899e-02 3.0559e-03 2.7037e+05 2.4580e+04
2.0100e+03 1.1232e-11 8.1502e-01 1.8723e+03 1.8939e+03 1.9193e+03 3.6345e+19 3.2920e+19 2.9577e+19 1.5852e-02 3.1135e-03 2.7107e+05 2.4484e+04
2.0200e+03 1.1184e-11 8.1397e-01 1.8719e+03 1.8933e+03 1.9190e+03 3.6587e+19 3.3069e+19 2.9652e+19 1.5806e-02 3.1703e-03 2.7177e+05 2.4393e+04
2.0300e+03 1.1137e-11 8.1291e-01 1.8714e+03 1.8926e+03 1.9188e+03 3.6830e+19 3.3220e+19 2.9728e+19 1.5760e-02 3.2265e-03 2.7247e+05 2.4305e+04
2.0400e+03 1.1091e-11 8.1187e-01 1.8709e+03 1.8920e+03 1.9185e+03 3.7074e+19 3.3372e+19 2.9805e+19 1.5714e-02 3.2819e-03 2.7317e+05 2.4221e+04
2.0500e+03 1.1044e-11 8.1082e-01 1.8704e+03 1.8914e+03 1.9183e+03 3.7320e+19 3.3526e+19 2.9885e+19 1.5669e-02 3.3366e-03 2.7387e+05 2.4140e+04
2.0600e+03 1.0998e-11 8.0979e-01 1.8699e+03 1.8908e+03 1.9180e+03 3.7566e+19 3.3680e+19 2.9965e+19 1.5623e-02 3.3907e-03 2.7457e+05 2.4063e+04
2.0700e+03 1.0953e-11 8.0875e-01 1.8694e+03 1.8902e+03 1.9177e+03 3.7815e+19 3.3836e+19 3.0048e+19 1.5578e-02 3.4440e-03 2.7527e+05 2.3988e+04
2.0800e+03 1.0907e-11 8.0772e-01 1.8689e+03 1.8896e+03 1.9175e+03 3.8064e+19 3.3994e+19 3.0131e+19 1.5533e-02 3.4966e-03 2.7597e+05 2.3917e+04
2.0900e+03 1.0862e-11 8.0669e-01 1.8684e+03 1.8890e+03 1.9172e+03 3.8315e+19 3.4152e+19 3.0217e+19 1.5488e-02 3.5484e-03 2.7668e+05 2.3849e+04
2.1000e+03 1.0817e-11 8.0567e-01 1.8679e+03 1.8884e+03 1.9169e+03 3.8567e+19 3.4313e+19 3.0304e+19 1.5444e-02 3.5996e-03 2.7738e+05 2.3783e+04
2.1100e+03 1.0772e-11 8.0466e-01 1.8674e+03 1.8878e+03 1.9166e+03 3.8821e+19 3.4474e+19 3.0392e+19 1.5399e-02 3.6500e-03 2.7809e+05 2.3720e+04
2.1200e+03 1.0728e-11 8.0364e-01 1.8669e+03 1.8872e+03 1.9163e+03 3.9076e+19 3.4637e+19 3.0482e+19 1.5355e-02 3.6997e-03 2.7879e+05 2.3659e+04
2.1300e+03 1.0683e-11 8.0264e-01 1.8665e+03 1.8866e+03 1.9160e+03 3.9332e+19 3.4801e+19 3.0574e+19 1.5311e-02 3.7486e-03 2.7950e+05 2.3601e+04
2.1400e+03 1.0639e-11 8.0163e-01 1.8660e+03 1.8859e+03 1.9157e+03 3.9590e+19 3.4966e+19 3.0667e+19 1.5267e-02 3.7969e-03 2.8021e+05 2.3546e+04
2.1500e+03 1.0596e-11 8.0063e-01 1.8655e+03 1.8853e+03 1.9154e+03 3.9849e+19 3.5133e+19 3.0761e+19 1.5223e-02 3.8444e-03 2.8091e+05 2.3492e+04
2.1600e+03 1.0552e-11 7.9964e-01 1.8650e+03 1.8847e+03 1.9151e+03 4.0110e+19 3.5301e+19 3.0857e+19 1.5180e-02 3.8912e-03 2.8162e+05 2.3441e+04
2.1700e+03 1.0509e-11 7.9865e-01 1.8645e+03 1.8841e+03 1.9148e+03 4.0372e+19 3.5471e+19 3.0955e+19 1.5137e-02 3.9373e-03 2.8234e+05 2.3392e+04
2.1800e+03 1.0466e-11 7.9767e-01 1.8641e+03 1.8835e+03 1.9145e+03 4.0635e+19 3.5641e+19 3.1054e+19 1.5094e-02 3.9827e-03 2.8305e+05 2.3345e+04
2.1900e+03 1.0424e-11 7.9669e-01 1.8636e+03 1.8829e+03 1.9142e+03 4.0900e+19 3.5814e+19 3.1155e+19 1.5051e-02 4.0273e-03 2.8376e+05 2.3300e+04
2.2000e+03 1.0382e-11 7.9571e-01 1.8631e+03 1.8823e+03 1.9139e+03 4.1167e+19 3.5987e+19 3.1257e+19 1.5008e-02 4.0713e-03 2.8447e+05 2.3257e+04
2.2100e+03 1.0339e-11 7.9474e-01 1.8626e+03 1.8817e+03 1.9136e+03 4.1434e+19 3.6162e+19 3.1360e+19 1.4965e-02 4.1146e-03 2.8519e+05 2.3216e+04
2.2200e+03 1.0298e-11 7.9378e-01 1.8622e+03 1.8811e+03 1.9132e+03 4.1704e+19 3.6339e+19 3.1465e+19 1.4923e-02 4.1571e-03 2.8590e+05 2.3176e+04
2.2300e+03 1.0256e-11 7.9282e-01 1.8617e+03 1.8805e+03 1.9129e+03 4.1975e+19 3.6517e+19 3.1572e+19 1.4881e-02 4.1990e-03 2.8662e+05 2.3138e+04
2.2400e+03 1.0215e-11 7.9186e-01 1.8612e+03 1.8799e+03 1.9126e+03 4.2247e+19 3.6696e+19 3.1680e+19 1.4838e-02 4.2402e-03 2.8734e+05 2.3102e+04
2.2500e+03 1.0174e-11 7.9091e-01 1.8607e+03 1.8793e+03 1.9122e+03 4.2521e+19 3.6876e+19 3.1789e+19 1.4797e-02 4.2807e-03 2.8806e+05 2.3068e+04
2.2600e+03 1.0133e-11 7.8996e-01 1.8603e+03 1.8787e+03 1.9119e+03 4.2796e+19 3.7059e+19 3.1900e+19 1.4755e-02 4.3205e-03 2.8878e+05 2.3035e+04
2.2700e+03 1.0092e-11 7.8902e-01 1.8598e+03 1.8781e+03 1.9116e+03 4.3073e+19 3.7242e+19 3.2012e+19 1.4713e-02 4.3597e-03 2.8950e+05 2.3003e+04
2.2800e+03 1.0052e-11 7.8808e-01 1.8593e+03 1.8775e+03 1.9112e+03 4.3352e+19 3.7427e+19 3.2126e+19 1.4672e-02 4.3982e-03 2.9022e+05 2.2973e+04
2.2900e+03 1.0012e-11 7.8715e-01 1.8589e+03 1.8769e+03 1.9109e+03 4.3632e+19 3.7613e+19 3.2242e+19 1.4630e-02 4.4361e-03 2.9094e+05 2.2944e+04
2.3000e+03 9.9717e-12 7.8623e-01 1.8584e+03 1.8763e+03 1.9105e+03 4.3913e+19 3.7801e+19 3.2358e+19 1.4589e-02 4.4733e-03 2.9167e+05 2.2917e+04
2.3100e+03 9.9321e-12 7.8531e-01 1.8579e+03 1.8758e+03 1.9102e+03 4.4197e+19 3.7990e+19 3.2477e+19 1.4548e-02 4.5098e-03 2.9239e+05 2.2891e+04
2.3200e+03 9.8927e-12 7.8439e-01 1.8575e+03 1.8752e+03 1.9098e+03 4.4481e+19 3.8181e+19 3.2596e+19 1.4508e-02 4.5457e-03 2.9312e+05 2.2867e+04
2.3300e+03 9.8535e-12 7.8348e-01 1.8570e+03 1.8746e+03 1.9095e+03 4.4768e+19 3.8373e+19 3.2717e+19 1.4467e-02 4.5810e-03 2.9384e+05 2.2843e+04
2.3400e+03 9.8146e-12 7.8257e-01 1.8565e+03 1.8740e+03 1.9091e+03 4.5056e+19 3.8567e+19 3.2840e+19 1.4426e-02 4.6157e-03 2.9457e+05 2.2821e+04
2.3500e+03 9.7758e-12 7.8167e-01 1.8561e+03 1.8734e+03 1.9087e+03 4.5346e+19 3.8762e+19 3.2964e+19 1.4386e-02 4.6498e-03 2.9530e+05 2.2800e+04
2.3600e+03 9.7374e-12 7.8077e-01 1.8556e+03 1.8728e+03 1.9084e+03 4.5637e+19 3.8958e+19 3.3089e+19 1.4346e-02 4.6832e-03 2.9603e+05 2.2780e+04
2.3700e+03 9.6991e-12 7.7988e-01 1.8552e+03 1.8722e+03 1.9080e+03 4.5930e+19 3.9156e+19 3.3216e+19 1.4306e-02 4.7161e-03 2.9677e+05 2.2761e+04
2.3800e+03 9.6611e-12 7.7900e-01 1.8547e+03 1.8716e+03 1.9076e+03 4.6225e+19 3.9356e+19 3.3345e+19 1.4266e-02 4.7483e-03 2.9750e+05 2.2744e+04
2.3900e+03 9.6232e-12 7.7811e-01 1.8543e+03 1.8710e+03 1.9072e+03 4.6522e+19 3.9556e+19 3.3474e+19 1.4226e-02 4.7800e-03 2.9823e+05 2.2727e+04
2.4000e+03 9.5857e-12 7.7724e-01 1.8538e+03 1.8704e+03 1.9069e+03 4.6820e+19 3.9759e+19 3.3605e+19 1.4187e-02 4.8111e-03 2.9897e+05 2.2711e+04
2.4100e+03 9.5483e-12 7.7637e-01 1.8533e+03 1.8698e+03 1.9065e+03 4.7120e+19 3.9963e+19 3.3738e+19 1.4147e-02 4.8416e-03 2.9971e+05 2.2697e+04
2.4200e+03 9.5111e-12 7.7550e-01 1.8529e+03 1.8693e+03 1.9061e+03 4.7421e+19 4.0168e+19 3.3872e+19 1.4108e-02 4.8715e-03 3.0045e+05 2.2683e+04
2.4300e+03 9.4742e-12 7.7464e-01 1.8524e+03 1.8687e+03 1.9057e+03 4.7725e+19 4.0375e+19 3.4007e+19 1.4069e-02 4.9009e-03 3.0118e+05 2.2670e+04
2.4400e+03 9.4375e-12 7.7378e-01 1.8520e+03 1.8681e+03 1.9053e+03 4.8030e+19 4.0584e+19 3.4144e+19 1.4030e-02 4.9297e-03 3.0193e+05 2.2658e+04
2.4500e+03 9.4010e-12 7.7293e-01 1.8515e+03 1.8675e+03 1.9049e+03 4.8337e+19 4.0793e+19 3.4282e+19 1.3991e-02 4.9580e-03 3.0267e+05 2.2647e+04
2.4600e+03 9.3647e-12 7.7209e-01 1.8511e+03 1.8669e+03 1.9045e+03 4.8645e+19 4.1005e+19 3.4422e+19 1.3952e-02 4.9858e-03 3.0341e+05 2.2637e+04
2.4700e+03 9.3286e-12 7.7125e-01 1.8506e+03 1.8663e+03 1.9041e+03 4.8956e+19 4.1218e+19 3.4563e+19 1.3914e-02 5.0130e-03 3.0416e+05 2.2628e+04
2.4800e+03 9.2928e-12 7.7041e-01 1.8502e+03 1.8657e+03 1.9037e+03 4.9268e+19 4.1432e+19 3.4706e+19 1.3875e-02 5.0397e-03 3.0490e+05 2.2619e+04
2.4900e+03 9.2571e-12 7.6958e-01 1.8497e+03 1.8652e+03 1.9033e+03 4.9582e+19 4.1648e+19 3.4850e+19 1.3837e-02 5.0659e-03 3.0565e+05 2.2612e+04
2.5000e+03 9.2217e-12 7.6876e-01 1.8493e+03 1.8646e+03 1.9029e+03 4.9898e+19 4.1866e+19 3.4995e+19 1.3799e-02 5.0916e-03 3.0640e+05 2.2605e+04
2.5100e+03 9.1864e-12 7.6794e-01 1.8488e+03 1.8640e+03 1.9025e+03 5.0216e+19 4.2085e+19 3.5142e+19 1.3760e-02 5.1168e-03 3.0715e+05 2.2599e+04
2.5200e+03 9.1514e-12 7.6712e-01 1.8484e+03 1.8634e+03 1.9021e+03 5.0535e+19 4.2306e+19 3.5290e+19 1.3723e-02 5.1415e-03 3.0790e+05 2.2593e+04
2.5300e+03 9.1165e-12 7.6631e-01 1.8479e+03 1.8628e+03 1.9017e+03 5.0857e+19 4.2528e+19 3.5439e+19 1.3685e-02 5.1657e-03 3.0865e+05 2.2589e+04
2.5400e+03 9.0819e-12 7.6551e-01 1.8475e+03 1.8623e+03 1.9013e+03 5.1180e+19 4.2752e+19 3.5590e+19 1.3647e-02 5.1894e-03 3.0941e+05 2.2585e+04
2.5500e+03 9.0475e-12 7.6471e-01 1.8471e+03 1.8617e+03 1.9009e+03 5.1506e+19 4.2977e+19 3.5743e+19 1.3610e-02 5.2126e-03 3.1016e+05 2.2581e+04
2.5600e+03 9.0132e-12 7.6391e-01 1.8466e+03 1.8611e+03 1.9005e+03 5.1833e+19 4.3204e+19 3.5896e+19 1.3572e-02 5.2354e-03 3.1092e+05 2.2579e+04
2.5700e+03 8.9792e-12 7.6312e-01 1.8462e+03 1.8605e+03 1.9001e+03 5.2162e+19 4.3433e+19 3.6052e+19 1.3535e-02 5.2577e-03 3.1168e+05 2.2577e+04
2.5800e+03 8.9454e-12 7.6234e-01 1.8457e+03 1.8599e+03 1.8997e+03 5.2493e+19 4.3663e+19 3.6208e+19 1.3498e-02 5.2796e-03 3.1243e+05 2.2576e+04
2.5900e+03 8.9117e-12 7.6156e-01 1.8453e+03 1.8594e+03 1.8993e+03 5.2826e+19 4.3894e+19 3.6366e+19 1.3461e-02 5.3010e-03 3.1320e+05 2.2575e+04
2.6000e+03 8.8783e-12 7.6078e-01 1.8448e+03 1.8588e+03 1.8988e+03 5.3161e+19 4.4128e+19 3.6525e+19 1.3424e-02 5.3219e-03 3.1396e+05 2.2575e+04
2.6100e+03 8.8450e-12 7.6001e-01 1.8444e+03 1.8582e+03 1.8984e+03 5.3498e+19 4.4362e+19 3.6686e+19 1.3387e-02 5.3425e-03 3.1472e+05 2.2575e+04
2.6200e+03 8.8119e-12 7.5925e-01 1.8440e+03 1.8576e+03 1.8980e+03 5.3837e+19 4.4599e+19 3.6848e+19 1.3351e-02 5.3626e-03 3.1549e+05 2.2576e+04
2.6300e+03 8.7790e-12 7.5849e-01 1.8435e+03 1.8571e+03 1.8976e+03 5.4177e+19 4.4837e+19 3.7012e+19 1.3314e-02 5.3823e-03 3.1625e+05 2.2578e+04
2.6400e+03 8.7464e-12 7.5773e-01 1.8431e+03 1.8565e+03 1.8971e+03 5.4520e+19 4.5077e+19 3.7177e+19 1.3278e-02 5.4015e-03 3.1702e+05 2.2580e+04
2.6500e+03 8.7138e-12 7.5698e-01 1.8427e+03 1.8559e+03 1.8967e+03 5.4865e+19 4.5318e+19 3.7343e+19 1.3241e-02 5.4204e-03 3.1779e+05 2.2583e+04
2.6600e+03 8.6815e-12 7.5624e-01 1.8422e+03 1.8553e+03 1.8963e+03 5.5212e+19 4.5561e+19 3.7511e+19 1.3205e-02 5.4388e-03 3.1856e+05 2.2586e+04
2.6700e+03 8.6494e-12 7.5550e-01 1.8418e+03 1.8548e+03 1.8959e+03 5.5561e+19 4.5806e+19 3.7680e+19 1.3169e-02 5.4569e-03 3.1933e+05 2.2590e+04
2.6800e+03 8.6174e-12 7.5477e-01 1.8414e+03 1.8542e+03 1.8954e+03 5.5912e+19 4.6052e+19 3.7851e+19 1.3133e-02 5.4746e-03 3.2010e+05 2.2594e+04
2.6900e+03 8.5857e-12 7.5403e-01 1.8409e+03 1.8536e+03 1.8950e+03 5.6265e+19 4.6300e+19 3.8023e+19 1.3098e-02 5.4918e-03 3.2088e+05 2.2599e+04
2.7000e+03 8.5541e-12 7.5331e-01 1.8405e+03 1.8530e+03 1.8946e+03 5.6620e+19 4.6549e+19 3.8197e+19 1.3062e-02 5.5087e-03 3.2165e+05 2.2605e+04
2.7100e+03 8.5227e-12 7.5259e-01 1.8401e+03 1.8525e+03 1.8941e+03 5.6977e+19 4.6800e+19 3.8371e+19 1.3027e-02 5.5253e-03 3.2243e+05 2.2610e+04
2.7200e+03 8.4914e-12 7.5187e-01 1.8396e+03 1.8519e+03 1.8937e+03 5.7337e+19 4.7053e+19 3.8548e+19 1.2991e-02 5.5414e-03 3.2321e+05 2.2617e+04
2.7300e+03 8.4604e-12 7.5116e-01 1.8392e+03 1.8513e+03 1.8932e+03 5.7698e+19 4.7308e+19 3.8725e+19 1.2956e-02 5.5572e-03 3.2399e+05 2.2623e+04
2.7400e+03 8.4295e-12 7.5046e-01 1.8388e+03 1.8508e+03 1.8928e+03 5.8062e+19 4.7564e+19 3.8904e+19 1.2921e-02 5.5726e-03 3.2477e+05 2.2630e+04
2.7500e+03 8.3988e-12 7.4976e-01 1.8383e+03 1.8502e+03 1.8924e+03 5.8427e+19 4.7822e+19 3.9085e+19 1.2886e-02 5.5877e-03 3.2556e+05 2.2638e+04
2.7600e+03 8.3682e-12 7.4906e-01 1.8379e+03 1.8496e+03 1.8919e+03 5.8795e+19 4.8081e+19 3.9267e+19 1.2851e-02 5.6024e-03 3.2634e+05 2.2646e+04
2.7700e+03 8.3379e-12 7.4837e-01 1.8375e+03 1.8491e+03 1.8915e+03 5.9165e+19 4.8342e+19 3.9450e+19 1.2816e-02 5.6168e-03 3.2713e+05 2.2655e+04
2.7800e+03 8.3077e-12 7.4768e-01 1.8371e+03 1.8485e+03 1.8910e+03 5.9537e+19 4.8605e+19 3.9635e+19 1.2781e-02 5.6309e-03 3.2791e+05 2.2663e+04
2.7900e+03 8.2777e-12 7.4700e-01 1.8366e+03 1.8479e+03 1.8906e+03 5.9911e+19 4.8870e+19 3.9821e+19 1.2747e-02 5.6446e-03 3.2870e+05 2.2673e+04
2.8000e+03 8.2478e-12 7.4632e-01 1.8362e+03 1.8474e+03 1.8901e+03 6.0288e+19 4.9136e+19 4.0009e+19 1.2712e-02 5.6580e-03 3.2949e+05 2.2682e+04
2.8100e+03 8.2181e-12 7.4565e-01 1.8358e+03 1.8468e+03 1.8897e+03 6.0667e+19 4.9404e+19 4.0198e+19 1.2678e-02 5.6710e-03 3.3029e+05 2.2692e+04
2.8200e+03 8.1886e-12 7.4498e-01 1.8354e+03 1.8462e+03 1.8892e+03 6.1048e+19 4.9674e+19 4.0388e+19 1.2644e-02 5.6838e-03 3.3108e+05 2.2703e+04
2.8300e+03 8.1593e-12 7.4431e-01 1.8349e+03 1.8457e+03 1.8888e+03 6.1431e+19 4.9946e+19 4.0580e+19 1.2610e-02 5.6962e-03 3.3187e+05 2.2714e+04
2.8400e+03 8.1301e-12 7.4366e-01 1.8345e+03 1.8451e+03 1.8883e+03 6.1816e+19 5.0219e+19 4.0773e+19 1.2576e-02 5.7084e-03 3.3267e+05 2.2725e+04
2.8500e+03 8.1010e-12 7.4300e-01 1.8341e+03 1.8445e+03 1.8879e+03 6.2204e+19 5.0494e+19 4.0968e+19 1.2542e-02 5.7202e-03 3.3347e+05 2.2736e+04
2.8600e+03 8.0722e-12 7.4235e-01 1.8337e+03 1.8440e+03 1.8874e+03 6.2594e+19 5.0770e+19 4.1164e+19 1.2508e-02 5.7317e-03 3.3427e+05 2.2748e+04
2.8700e+03 8.0435e-12 7.4171e-01 1.8333e+03 1.8434e+03 1.8870e+03 6.2986e+19 5.1049e+19 4.1362e+19 1.2475e-02 5.7430e-03 3.3507e+05 2.2761e+04
2.8800e+03 8.0149e-12 7.4106e-01 1.8329e+03 1.8429e+03 1.8865e+03 6.3380e+19 5.1329e+19 4.1561e+19 1.2441e-02 5.7539e-03 3.3587e+05 2.2773e+04
2.8900e+03 7.9866e-12 7.4043e-01 1.8324e+03 1.8423e+03 1.8861e+03 6.3777e+19 5.1611e+19 4.1761e+19 1.2408e-02 5.7646e-03 3.3667e+05 2.2786e+04
2.9000e+03 7.9583e-12 7.3980e-01 1.8320e+03 1.8417e+03 1.8856e+03 6.4176e+19 5.1895e+19 4.1963e+19 1.2374e-02 5.7749e-03 3.3748e+05 2.2799e+04
2.9100e+03 7.9303e-12 7.3917e-01 1.8316e+03 1.8412e+03 1.8852e+03 6.4577e+19 5.2180e+19 4.2166e+19 1.2341e-02 5.7850e-03 3.3828e+05 2.2813e+04
2.9200e+03 7.9023e-12 7.3854e-01 1.8312e+03 1.8406e+03 1.8847e+03 6.4981e+19 5.2467e+19 4.2371e+19 1.2308e-02 5.7949e-03 3.3909e+05 2.2827e+04
2.9300e+03 7.8746e-12 7.3793e-01 1.8308e+03 1.8401e+03 1.8842e+03 6.5387e+19 5.2756e+19 4.2577e+19 1.2275e-02 5.8044e-03 3.3990e+05 2.2841e+04
2.9400e+03 7.8470e-12 7.3731e-01 1.8304e+03 1.8395e+03 1.8838e+03 6.5796e+19 5.3047e+19 4.2785e+19 1.2242e-02 5.8137e-03 3.4071e+05 2.2856e+04
2.9500e+03 7.8195e-12 7.3670e-01 1.8299e+03 1.8389e+03 1.8833e+03 6.6206e+19 5.3340e+19 4.2994e+19 1.2210e-02 5.8228e-03 3.4152e+05 2.2870e+04
2.9600e+03 7.7922e-12 7.3610e-01 1.8295e+03 1.8384e+03 1.8829e+03 6.6619e+19 5.3634e+19 4.3204e+19 1.2177e-02 5.8316e-03 3.4233e+05 2.2886e+04
2.9700e+03 7.7651e-12 7.3549e-01 1.8291e+03 1.8378e+03 1.8824e+03 6.7035e+19 5.3931e+19 4.3416e+19 1.2144e-02 5.8401e-03 3.4315e+05 2.2901e+04
2.9800e+03 7.7381e-12 7.3490e-01 1.8287e+03 1.8373e+03 1.8819e+03 6.7453e+19 5.4229e+19 4.3630e+19 1.2112e-02 5.8484e-03 3.4397e+05 2.2917e+04
2.9900e+03 7.7112e-12 7.3430e-01 1.8283e+03 1.8367e+03 1.8815e+03 6.7873e+19 5.4529e+19 4.3845e+19 1.2080e-02 5.8564e-03 3.4478e+05 2.2933e+04
3.0000e+03 7.6845e-12 7.3371e-01 1.8279e+03 1.8362e+03 1.8810e+03 6.8296e+19 5.4830e+19 4.4061e+19 1.2048e-02 5.8642e-03 3.4560e+05 2.2949e+04
3.0100e+03 7.6579e-12 7.3313e-01 1.8275e+03 1.8356e+03 1.8806e+03 6.8721e+19 5.5134e+19 4.4279e+19 1.2016e-02 5.8718e-03 3.4642e+05 2.2965e+04
3.0200e+03 7.6315e-12 7.3255e-01 1.8271e+03 1.8351e+03 1.8801e+03 6.9149e+19 5.5439e+19 4.4498e+19 1.1984e-02 5.8791e-03 3.4724e+05 2.2982e+04
3.0300e+03 7.6052e-12 7.3197e-01 1.8267e+03 1.8345e+03 1.8796e+03 6.9579e+19 5.5746e+19 4.4719e+19 1.1952e-02 5.8862e-03 3.4807e+05 2.2999e+04
3.0400e+03 7.5791e-12 7.3140e-01 1.8263e+03 1.8339e+03 1.8792e+03 7.0011e+19 5.6055e+19 4.4941e+19 1.1920e-02 5.8931e-03 3.4889e+05 2.3017e+04
3.0500e+03 7.5531e-12 7.3083e-01 1.8259e+03 1.8334e+03 1.8787e+03 7.0446e+19 5.6366e+19 4.5165e+19 1.1888e-02 5.8997e-03 3.4972e+05 2.3034e+04
3.0600e+03 7.5273e-12 7.3027e-01 1.8255e+03 1.8328e+03 1.8782e+03 7.0884e+19 5.6679e+19 4.5390e+19 1.1857e-02 5.9062e-03 3.5055e+05 2.3052e+04
3.0700e+03 7.5016e-12 7.2971e-01 1.8251e+03 1.8323e+03 1.8778e+03 7.1324e+19 5.6994e+19 4.5617e+19 1.1825e-02 5.9124e-03 3.5138e+05 2.3070e+04
3.0800e+03 7.4760e-12 7.2915e-01 1.8246e+03 1.8317e+03 1.8773e+03 7.1767e+19 5.7310e+19 4.5845e+19 1.1794e-02 5.9184e-03 3.5221e+05 2.3089e+04
3.0900e+03 7.4506e-12 7.2860e-01 1.8242e+03 1.8312e+03 1.8768e+03 7.2212e+19 5.7629e+19 4.6075e+19 1.1763e-02 5.9242e-03 3.5304e+05 2.3107e+04
3.1000e+03 7.4253e-12 7.2805e-01 1.8238e+03 1.8306e+03 1.8764e+03 7.2659e+19 5.7949e+19 4.6306e+19 1.1732e-02 5.9297e-03 3.5387e+05 2.3126e+04
3.1100e+03 7.4001e-12 7.2751e-01 1.8234e+03 1.8301e+03 1.8759e+03 7.3109e+19 5.8271e+19 4.6539e+19 1.1701e-02 5.9351e-03 3.5471e+05 2.3145e+04
3.1200e+03 7.3751e-12 7.2697e-01 1.8230e+03 1.8296e+03 1.8754e+03 7.3562e+19 5.8596e+19 4.6773e+19 1.1670e-02 5.9403e-03 3.5554e+05 2.3164e+04
3.1300e+03 7.3503e-12 7.2643e-01 1.8226e+03 1.8290e+03 1.8749e+03 7.4018e+19 5.8922e+19 4.7009e+19 1.1639e-02 5.9453e-03 3.5638e+05 2.3184e+04
3.1400e+03 7.3255e-12 7.2590e-01 1.8222e+03 1.8285e+03 1.8745e+03 7.4475e+19 5.9250e+19 4.7246e+19 1.1608e-02 5.9501e-03 3.5722e+05 2.3203e+04
3.1500e+03 7.3009e-12 7.2537e-01 1.8219e+03 1.8279e+03 1.8740e+03 7.4936e+19 5.9579e+19 4.7485e+19 1.1578e-02 5.9547e-03 3.5806e+05 2.3223e+04
3.1600e+03 7.2764e-12 7.2485e-01 1.8215e+03 1.8274e+03 1.8735e+03 7.5399e+19 5.9911e+19 4.7725e+19 1.1547e-02 5.9591e-03 3.5890e+05 2.3244e+04
3.1700e+03 7.2521e-12 7.2433e-01 1.8211e+03 1.8268e+03 1.8731e+03 7.5865e+19 6.0245e+19 4.7966e+19 1.1517e-02 5.9633e-03 3.5974e+05 2.3264e+04
3.1800e+03 7.2278e-12 7.2381e-01 1.8207e+03 1.8263e+03 1.8726e+03 7.6333e+19 6.0581e+19 4.8210e+19 1.1487e-02 5.9674e-03 3.6059e+05 2.3285e+04
3.1900e+03 7.2038e-12 7.2330e-01 1.8203e+03 1.8257e+03 1.8721e+03 7.6804e+19 6.0918e+19 4.8454e+19 1.1457e-02 5.9713e-03 3.6143e+05 2.3305e+04
3.2000e+03 7.1798e-12 7.2279e-01 1.8199e+03 1.8252e+03 1.8716e+03 7.7278e+19 6.1258e+19 4.8701e+19 1.1427e-02 5.9749e-03 3.6228e+05 2.3326e+04
3.2100e+03 7.1560e-12 7.2228e-01 1.8195e+03 1.8246e+03 1.8712e+03 7.7754e+19 6.1599e+19 4.8949e+19 1.1397e-02 5.9785e-03 3.6313e+05 2.3348e+04
3.2200e+03 7.1323e-12 7.2178e-01 1.8191e+03 1.8241e+03 1.8707e+03 7.8233e+19 6.1943e+19 4.9198e+19 1.1367e-02 5.9818e-03 3.6398e+05 2.3369e+04
3.2300e+03 7.1087e-12 7.2128e-01 1.8187e+03 1.8236e+03 1.8702e+03 7.8715e+19 6.2288e+19 4.9449e+19 1.1337e-02 5.9850e-03 3.6483e+05 2.3391e+04
3.2400e+03 7.0852e-12 7.2079e-01 1.8183e+03 1.8230e+03 1.8698e+03 7.9199e+19 6.2636e+19 4.9701e+19 1.1307e-02 5.9880e-03 3.6569e+05 2.3412e+04
3.2500e+03 7.0619e-12 7.2030e-01 1.8179e+03 1.8225e+03 1.8693e+03 7.9686e+19 6.2985e+19 4.9955e+19 1.1278e-02 5.9909e-03 3.6654e+05 2.3434e+04
3.2600e+03 7.0387e-12 7.1981e-01 1.8175e+03 1.8219e+03 1.8688e+03 8.0176e+19 6.3337e+19 5.0211e+19 1.1248e-02 5.9935e-03 3.6740e+05 2.3456e+04
3.2700e+03 7.0156e-12 7.1933e-01 1.8171e+03 1.8214e+03 1.8683e+03 8.0668e+19 6.3690e+19 5.0468e+19 1.1219e-02 5.9961e-03 3.6825e+05 2.3479e+04
3.2800e+03 6.9927e-12 7.1885e-01 1.8168e+03 1.8209e+03 1.8679e+03 8.1164e+19 6.4046e+19 5.0726e+19 1.1190e-02 5.9984e-03 3.6911e+05 2.3501e+04
3.2900e+03 6.9698e-12 7.1837e-01 1.8164e+03 1.8203e+03 1.8674e+03 8.1662e+19 6.4403e+19 5.0987e+19 1.1161e-02 6.0007e-03 3.6997e+05 2.3524e+04
3.3000e+03 6.9471e-12 7.1790e-01 1.8160e+03 1.8198e+03 1.8669e+03 8.2163e+19 6.4763e+19 5.1248e+19 1.1132e-02 6.0027e-03 3.7083e+05 2.3547e+04
3.3100e+03 6.9245e-12 7.1743e-01 1.8156e+03 1.8193e+03 1.8664e+03 8.2666e+19 6.5124e+19 5.1512e+19 1.1103e-02 6.0047e-03 3.7169e+05 2.3570e+04
3.3200e+03 6.9021e-12 7.1696e-01 1.8152e+03 1.8187e+03 1.8660e+03 8.3173e+19 6.5488e+19 5.1777e+19 1.1074e-02 6.0064e-03 3.7256e+05 2.3593e+04
3.3300e+03 6.8797e-12 7.1650e-01 1.8148e+03 1.8182e+03 1.8655e+03 8.3682e+19 6.5853e+19 5.2043e+19 1.1045e-02 6.0081e-03 3.7342e+05 2.3617e+04
3.3400e+03 6.8575e-12 7.1604e-01 1.8144e+03 1.8177e+03 1.8650e+03 8.4194e+19 6.6221e+19 5.2311e+19 1.1016e-02 6.0095e-03 3.7429e+05 2.3640e+04
3.3500e+03 6.8353e-12 7.1558e-01 1.8141e+03 1.8171e+03 1.8645e+03 8.4709e+19 6.6591e+19 5.2581e+19 1.0988e-02 6.0109e-03 3.7516e+05 2.3664e+04
3.3600e+03 6.8133e-12 7.1513e-01 1.8137e+03 1.8166e+03 1.8641e+03 8.5226e+19 6.6962e+19 5.2852e+19 1.0959e-02 6.0121e-03 3.7603e+05 2.3688e+04
3.3700e+03 6.7915e-12 7.1468e-01 1.8133e+03 1.8161e+03 1.8636e+03 8.5747e+19 6.7336e+19 5.3125e+19 1.0931e-02 6.0132e-03 3.7690e+05 2.3712e+04
3.3800e+03 6.7697e-12 7.1424e-01 1.8129e+03 1.8155e+03 1.8631e+03 8.6270e+19 6.7712e+19 5.3399e+19 1.0903e-02 6.0141e-03 3.7777e+05 2.3736e+04
3.3900e+03 6.7480e-12 7.1380e-01 1.8125e+03 1.8150e+03 1.8626e+03 8.6797e+19 6.8090e+19 5.3675e+19 1.0875e-02 6.0149e-03 3.7865e+05 2.3761e+04
3.4000e+03 6.7265e-12 7.1336e-01 1.8122e+03 1.8145e+03 1.8622e+03 8.7326e+19 6.8470e+19 5.3953e+19 1.0847e-02 6.0156e-03 3.7952e+05 2.3785e+04
3.4100e+03 6.7050e-12 7.1292e-01 1.8118e+03 1.8139e+03 1.8617e+03 8.7858e+19 6.8853e+19 5.4232e+19 1.0819e-02 6.0162e-03 3.8040e+05 2.3810e+04
3.4200e+03 6.6837e-12 7.1249e-01 1.8114e+03 1.8134e+03 1.8612e+03 8.8393e+19 6.9237e+19 5.4513e+19 1.0791e-02 6.0166e-03 3.8127e+05 2.3835e+04
3.4300e+03 6.6625e-12 7.1206e-01 1.8110e+03 1.8129e+03 1.8607e+03 8.8931e+19 6.9623e+19 5.4796e+19 1.0763e-02 6.0169e-03 3.8215e+05 2.3860e+04
3.4400e+03 6.6414e-12 7.1163e-01 1.8107e+03 1.8123e+03 1.8603e+03 8.9472e+19 7.0012e+19 5.5080e+19 1.0735e-02 6.0171e-03 3.8303e+05 2.3885e+04
3.4500e+03 6.6204e-12 7.1121e-01 1.8103e+03 1.8118e+03 1.8598e+03 9.0016e+19 7.0402e+19 5.5366e+19 1.0708e-02 6.0172e-03 3.8391e+05 2.3910e+04
3.4600e+03 6.5995e-12 7.1079e-01 1.8099e+03 1.8113e+03 1.8593e+03 9.0562e+19 7.0795e+19 5.5653e+19 1.0680e-02 6.0171e-03 3.8480e+05 2.3935e+04
3.4700e+03 6.5787e-12 7.1038e-01 1.8095e+03 1.8108e+03 1.8588e+03 9.1112e+19 7.1190e+19 5.5942e+19 1.0653e-02 6.0169e-03 3.8568e+05 2.3961e+04
3.4800e+03 6.5581e-12 7.0996e-01 1.8092e+03 1.8102e+03 1.8583e+03 9.1665e+19 7.1587e+19 5.6233e+19 1.0626e-02 6.0167e-03 3.8657e+05 2.3987e+04
3.4900e+03 6.5375e-12 7.0955e-01 1.8088e+03 1.8097e+03 1.8579e+03 9.2221e+19 7.1987e+19 5.6525e+19 1.0598e-02 6.0163e-03 3.8745e+05 2.4013e+04
3.5000e+03 6.5171e-12 7.0915e-01 1.8084e+03 1.8092e+03 1.8574e+03 9.2779e+19 7.2388e+19 5.6819e+19 1.0571e-02 6.0158e-03 3.8834e+05 2.4039e+04
3.5100e+03 6.4967e-12 7.0874e-01 1.8081e+03 1.8087e+03 1.8569e+03 9.3341e+19 7.2792e+19 5.7114e+19 1.0544e-02 6.0152e-03 3.8923e+05 2.4065e+04
3.5200e+03 6.4765e-12 7.0834e-01 1.8077e+03 1.8081e+03 1.8564e+03 9.3906e+19 7.3197e+19 5.7412e+19 1.0517e-02 6.0144e-03 3.9012e+05 2.4091e+04
3.5300e+03 6.4563e-12 7.0794e-01 1.8073e+03 1.8076e+03 1.8560e+03 9.4474e+19 7.3605e+19 5.7711e+19 1.0491e-02 6.0136e-03 3.9101e+05 2.4117e+04
3.5400e+03 6.4363e-12 7.0755e-01 1.8070e+03 1.8071e+03 1.8555e+03 9.5045e+19 7.4015e+19 5.8011e+19 1.0464e-02 6.0127e-03 3.9191e+05 2.4144e+04
3.5500e+03 6.4164e-12 7.0716e-01 1.8066e+03 1.8066e+03 1.8550e+03 9.5619e+19 7.4428e+19 5.8314e+19 1.0437e-02 6.0117e-03 3.9280e+05 2.4171e+04
3.5600e+03 6.3965e-12 7.0677e-01 1.8062e+03 1.8061e+03 1.8545e+03 9.6196e+19 7.4842e+19 5.8618e+19 1.0411e-02 6.0105e-03 3.9370e+05 2.4197e+04
3.5700e+03 6.3768e-12 7.0638e-01 1.8059e+03 1.8055e+03 1.8541e+03 9.6776e+19 7.5259e+19 5.8923e+19 1.0384e-02 6.0093e-03 3.9460e+05 2.4224e+04
3.5800e+03 6.3572e-12 7.0600e-01 1.8055e+03 1.8050e+03 1.8536e+03 9.7359e+19 7.5678e+19 5.9231e+19 1.0358e-02 6.0080e-03 3.9550e+05 2.4251e+04
3.5900e+03 6.3376e-12 7.0562e-01 1.8051e+03 1.8045e+03 1.8531e+03 9.7945e+19 7.6099e+19 5.9540e+19 1.0332e-02 6.0066e-03 3.9640e+05 2.4279e+04
3.6000e+03 6.3182e-12 7.0524e-01 1.8048e+03 1.8040e+03 1.8526e+03 9.8535e+19 7.6523e+19 5.9850e+19 1.0305e-02 6.0050e-03 3.9730e+05 2.4306e+04
3.6100e+03 6.2989e-12 7.0487e-01 1.8044e+03 1.8035e+03 1.8522e+03 9.9128e+19 7.6948e+19 6.0163e+19 1.0279e-02 6.0034e-03 3.9820e+05 2.4333e+04
3.6200e+03 6.2796e-12 7.0450e-01 1.8041e+03 1.8030e+03 1.8517e+03 9.9724e+19 7.7376e+19 6.0477e+19 1.0253e-02 6.0017e-03 3.9910e+05 2.4361e+04
3.6300e+03 6.2605e-12 7.0413e-01 1.8037e+03 1.8024e+03 1.8512e+03 1.0032e+20 7.7806e+19 6.0793e+19 1.0227e-02 5.9999e-03 4.0001e+05 2.4388e+04
3.6400e+03 6.2415e-12 7.0377e-01 1.8033e+03 1.8019e+03 1.8507e+03 1.0092e+20 7.8239e+19 6.1110e+19 1.0202e-02 5.9981e-03 4.0091e+05 2.4416e+04
3.6500e+03 6.2225e-12 7.0340e-01 1.8030e+03 1.8014e+03 1.8503e+03 1.0153e+20 7.8673e+19 6.1429e+19 1.0176e-02 5.9961e-03 4.0182e+05 2.4444e+04
3.6600e+03 6.2037e-12 7.0304e-01 1.8026e+03 1.8009e+03 1.8498e+03 1.0214e+20 7.9110e+19 6.1751e+19 1.0150e-02 5.9940e-03 4.0273e+05 2.4472e+04
3.6700e+03 6.1849e-12 7.0269e-01 1.8023e+03 1.8004e+03 1.8493e+03 1.0275e+20 7.9550e+19 6.2073e+19 1.0125e-02 5.9919e-03 4.0364e+05 2.4500e+04
3.6800e+03 6.1663e-12 7.0233e-01 1.8019e+03 1.7999e+03 1.8488e+03 1.0337e+20 7.9991e+19 6.2398e+19 1.0099e-02 5.9897e-03 4.0455e+05 2.4528e+04
3.6900e+03 6.1477e-12 7.0198e-01 1.8015e+03 1.7994e+03 1.8484e+03 1.0398e+20 8.0435e+19 6.2724e+19 1.0074e-02 5.9874e-03 4.0547e+05 2.4557e+04
3.7000e+03 6.1292e-12 7.0163e-01 1.8012e+03 1.7988e+03 1.8479e+03 1.0461e+20 8.0881e+19 6.3052e+19 1.0049e-02 5.9850e-03 4.0638e+05 2.4585e+04
3.7100e+03 6.1109e-12 7.0129e-01 1.8008e+03 1.7983e+03 1.8474e+03 1.0523e+20 8.1330e+19 6.3382e+19 1.0024e-02 5.9826e-03 4.0729e+05 2.4614e+04
3.7200e+03 6.0926e-12 7.0094e-01 1.8005e+03 1.7978e+03 1.8469e+03 1.0586e+20 8.1781e+19 6.3713e+19 9.9984e-03 5.9800e-03 4.0821e+05 2.4642e+04
3.7300e+03 6.0744e-12 7.0060e-01 1.8001e+03 1.7973e+03 1.8465e+03 1.0649e+20 8.2234e+19 6.4046e+19 9.9734e-03 5.9774e-03 4.0913e+05 2.4671e+04
3.7400e+03 6.0563e-12 7.0027e-01 1.7998e+03 1.7968e+03 1.8460e+03 1.0712e+20 8.2690e+19 6.4381e+19 9.9485e-03 5.9747e-03 4.1005e+05 2.4700e+04
3.7500e+03 6.0383e-12 6.9993e-01 1.7994e+03 1.7963e+03 1.8455e+03 1.0776e+20 8.3147e+19 6.4718e+19 9.9236e-03 5.9720e-03 4.1097e+05 2.4729e+04
3.7600e+03 6.0204e-12 6.9960e-01 1.7991e+03 1.7958e+03 1.8451e+03 1.0840e+20 8.3608e+19 6.5057e+19 9.8989e-03 5.9691e-03 4.1189e+05 2.4758e+04
3.7700e+03 6.0025e-12 6.9927e-01 1.7987e+03 1.7953e+03 1.8446e+03 1.0905e+20 8.4070e+19 6.5397e+19 9.8742e-03 5.9662e-03 4.1281e+05 2.4787e+04
3.7800e+03 5.9848e-12 6.9894e-01 1.7984e+03 1.7948e+03 1.8441e+03 1.0970e+20 8.4535e+19 6.5739e+19 9.8496e-03 5.9633e-03 4.1374e+05 2.4817e+04
3.7900e+03 5.9671e-12 6.9862e-01 1.7980e+03 1.7943e+03 1.8436e+03 1.1035e+20 8.5003e+19 6.6083e+19 9.8252e-03 5.9602e-03 4.1466e+05 2.4846e+04
3.8000e+03 5.9496e-12 6.9829e-01 1.7977e+03 1.7938e+03 1.8432e+03 1.1100e+20 8.5472e+19 6.6429e+19 9.8008e-03 5.9571e-03 4.1559e+05 2.4875e+04
3.8100e+03 5.9321e-12 6.9797e-01 1.7973e+03 1.7933e+03 1.8427e+03 1.1166e+20 8.5944e+19 6.6777e+19 9.7764e-03 5.9539e-03 4.1652e+05 2.4905e+04
3.8200e+03 5.9147e-12 6.9766e-01 1.7970e+03 1.7928e+03 1.8422e+03 1.1232e+20 8.6419e+19 6.7126e+19 9.7522e-03 5.9507e-03 4.1745e+05 2.4935e+04
3.8300e+03 5.8974e-12 6.9734e-01 1.7967e+03 1.7923e+03 1.8418e+03 1.1299e+20 8.6896e+19 6.7477e+19 9.7280e-03 5.9474e-03 4.1838e+05 2.4964e+04
3.8400e+03 5.8802e-12 6.9703e-01 1.7963e+03 1.7918e+03 1.8413e+03 1.1366e+20 8.7375e+19 6.7830e+19 9.7040e-03 5.9440e-03 4.1931e+05 2.4994e+04
3.8500e+03 5.8630e-12 6.9672e-01 1.7960e+03 1.7913e+03 1.8408e+03 1.1433e+20 8.7857e+19 6.8185e+19 9.6800e-03 5.9406e-03 4.2024e+05 2.5024e+04
3.8600e+03 5.8460e-12 6.9642e-01 1.7956e+03 1.7908e+03 1.8403e+03 1.1500e+20 8.8341e+19 6.8542e+19 9.6561e-03 5.9371e-03 4.2117e+05 2.5054e+04
3.8700e+03 5.8290e-12 6.9611e-01 1.7953e+03 1.7903e+03 1.8399e+03 1.1568e+20 8.8828e+19 6.8900e+19 9.6323e-03 5.9335e-03 4.2211e+05 2.5084e+04
3.8800e+03 5.8121e-12 6.9581e-01 1.7950e+03 1.7898e+03 1.8394e+03 1.1636e+20 8.9317e+19 6.9260e+19 9.6086e-03 5.9299e-03 4.2304e+05 2.5115e+04
3.8900e+03 5.7953e-12 6.9551e-01 1.7946e+03 1.7893e+03 1.8389e+03 1.1705e+20 8.9809e+19 6.9623e+19 9.5849e-03 5.9263e-03 4.2398e+05 2.5145e+04
3.9000e+03 5.7786e-12 6.9521e-01 1.7943e+03 1.7888e+03 1.8385e+03 1.1774e+20 9.0303e+19 6.9987e+19 9.5613e-03 5.9225e-03 4.2492e+05 2.5175e+04
3.9100e+03 5.7620e-12 6.9492e-01 1.7939e+03 1.7883e+03 1.8380e+03 1.1843e+20 9.0799e+19 7.0352e+19 9.5379e-03 5.9187e-03 4.2586e+05 2.5206e+04
3.9200e+03 5.7454e-12 6.9462e-01 1.7936e+03 1.7878e+03 1.8375e+03 1.1913e+20 9.1298e+19 7.0720e+19 9.5145e-03 5.9149e-03 4.2680e+05 2.5237e+04
3.9300e+03 5.7289e-12 6.9433e-01 1.7933e+03 1.7873e+03 1.8371e+03 1.1983e+20 9.1800e+19 7.1090e+19 9.4911e-03 5.9110e-03 4.2774e+05 2.5267e+04
3.9400e+03 5.7126e-12 6.9405e-01 1.7929e+03 1.7868e+03 1.8366e+03 1.2053e+20 9.2304e+19 7.1461e+19 9.4679e-03 5.9071e-03 4.2869e+05 2.5298e+04
3.9500e+03 5.6962e-12 6.9376e-01 1.7926e+03 1.7863e+03 1.8361e+03 1.2124e+20 9.2810e+19 7.1835e+19 9.4447e-03 5.9031e-03 4.2963e+05 2.5329e+04
3.9600e+03 5.6800e-12 6.9348e-01 1.7923e+03 1.7858e+03 1.8357e+03 1.2195e+20 9.3319e+19 7.2210e+19 9.4217e-03 5.8990e-03 4.3058e+05 2.5360e+04
3.9700e+03 5.6638e-12 6.9320e-01 1.7919e+03 1.7853e+03 1.8352e+03 1.2267e+20 9.3831e+19 7.2587e+19 9.3987e-03 5.8949e-03 4.3153e+05 2.5391e+04
3.9800e+03 5.6478e-12 6.9292e-01 1.7916e+03 1.7848e+03 1.8347e+03 1.2338e+20 9.4345e+19 7.2966e+19 9.3758e-03 5.8907e-03 4.3247e+05 2.5422e+04
3.9900e+03 5.6318e-12 6.9264e-01 1.7913e+03 1.7843e+03 1.8343e+03 1.2411e+20 9.4861e+19 7.3347e+19 9.3529e-03 5.8865e-03 4.3342e+05 2.5453e+04
4.0000e+03 5.6159e-12 6.9237e-01 1.7909e+03 1.7838e+03 1.8338e+03 1.2483e+20 9.5380e+19 7.3730e+19 9.3302e-03 5.8823e-03 4.3437e+05 2.5484e+04
4.0100e+03 5.6000e-12 6.9210e-01 1.7906e+03 1.7833e+03 1.8333e+03 1.2556e+20 9.5902e+19 7.4115e+19 9.3075e-03 5.8780e-03 4.3533e+05 2.5516e+04
4.0200e+03 5.5842e-12 6.9183e-01 1.7903e+03 1.7828e+03 1.8329e+03 1.2629e+20 9.6426e+19 7.4502e+19 9.2849e-03 5.8736e-03 4.3628e+05 2.5547e+04
4.0300e+03 5.5685e-12 6.9156e-01 1.7899e+03 1.7824e+03 1.8324e+03 1.2703e+20 9.6953e+19 7.4890e+19 9.2624e-03 5.8692e-03 4.3723e+05 2.5579e+04
4.0400e+03 5.5529e-12 6.9130e-01 1.7896e+03 1.7819e+03 1.8319e+03 1.2777e+20 9.7483e+19 7.5281e+19 9.2400e-03 5.8648e-03 4.3819e+05 2.5610e+04
4.0500e+03 5.5374e-12 6.9104e-01 1.7893e+03 1.7814e+03 1.8315e+03 1.2851e+20 9.8015e+19 7.5673e+19 9.2176e-03 5.8603e-03 4.3915e+05 2.5642e+04
4.0600e+03 5.5219e-12 6.9077e-01 1.7890e+03 1.7809e+03 1.8310e+03 1.2926e+20 9.8549e+19 7.6068e+19 9.1953e-03 5.8558e-03 4.4010e+05 2.5674e+04
4.0700e+03 5.5065e-12 6.9052e-01 1.7886e+03 1.7804e+03 1.8305e+03 1.3001e+20 9.9087e+19 7.6464e+19 9.1731e-03 5.8512e-03 4.4106e+05 2.5705e+04
4.0800e+03 5.4912e-12 6.9026e-01 1.7883e+03 1.7799e+03 1.8301e+03 1.3077e+20 9.9626e+19 7.6863e+19 9.1510e-03 5.8466e-03 4.4202e+05 2.5737e+04
4.0900e+03 5.4760e-12 6.9001e-01 1.7880e+03 1.7794e+03 1.8296e+03 1.3152e+20 1.0017e+20 7.7263e+19 9.1289e-03 5.8420e-03 4.4298e+05 2.5769e+04
4.1000e+03 5.4608e-12 6.8976e-01 1.7877e+03 1.7790e+03 1.8292e+03 1.3229e+20 1.0071e+20 7.7665e+19 9.1070e-03 5.8373e-03 4.4395e+05 2.5801e+04
4.1100e+03 5.4457e-12 6.8951e-01 1.7873e+03 1.7785e+03 1.8287e+03 1.3305e+20 1.0126e+20 7.8070e+19 9.0851e-03 5.8326e-03 4.4491e+05 2.5833e+04
4.1200e+03 5.4307e-12 6.8926e-01 1.7870e+03 1.7780e+03 1.8282e+03 1.3382e+20 1.0181e+20 7.8476e+19 9.0632e-03 5.8278e-03 4.4587e+05 2.5866e+04
4.1300e+03 5.4157e-12 6.8901e-01 1.7867e+03 1.7775e+03 1.8278e+03 1.3460e+20 1.0237e+20 7.8884e+19 9.0415e-03 5.8230e-03 4.4684e+05 2.5898e+04
4.1400e+03 5.4008e-12 6.8877e-01 1.7864e+03 1.7770e+03 1.8273e+03 1.3538e+20 1.0292e+20 7.9294e+19 9.0198e-03 5.8181e-03 4.4781e+05 2.5930e+04
4.1500e+03 5.3860e-12 6.8853e-01 1.7861e+03 1.7765e+03 1.8269e+03 1.3616e+20 1.0348e+20 7.9706e+19 8.9982e-03 5.8133e-03 4.4877e+05 2.5963e+04
4.1600e+03 5.3713e-12 6.8829e-01 1.7857e+03 1.7761e+03 1.8264e+03 1.3694e+20 1.0404e+20 8.0121e+19 8.9767e-03 5.8083e-03 4.4974e+05 2.5995e+04
4.1700e+03 5.3566e-12 6.8805e-01 1.7854e+03 1.7756e+03 1.8259e+03 1.3773e+20 1.0460e+20 8.0537e+19 8.9553e-03 5.8034e-03 4.5071e+05 2.6028e+04
4.1800e+03 5.3420e-12 6.8782e-01 1.7851e+03 1.7751e+03 1.8255e+03 1.3853e+20 1.0517e+20 8.0955e+19 8.9339e-03 5.7984e-03 4.5169e+05 2.6060e+04
4.1900e+03 5.3274e-12 6.8758e-01 1.7848e+03 1.7746e+03 1.8250e+03 1.3932e+20 1.0574e+20 8.1375e+19 8.9126e-03 5.7934e-03 4.5266e+05 2.6093e+04
4.2000e+03 5.3130e-12 6.8735e-01 1.7845e+03 1.7742e+03 1.8246e+03 1.4012e+20 1.0631e+20 8.1798e+19 8.8914e-03 5.7883e-03 4.5363e+05 2.6126e+04
4.2100e+03 5.2986e-12 6.8712e-01 1.7842e+03 1.7737e+03 1.8241e+03 1.4093e+20 1.0689e+20 8.2222e+19 8.8703e-03 5.7832e-03 4.5461e+05 2.6159e+04
4.2200e+03 5.2842e-12 6.8690e-01 1.7838e+03 1.7732e+03 1.8236e+03 1.4174e+20 1.0746e+20 8.2648e+19 8.8492e-03 5.7781e-03 4.5558e+05 2.6191e+04
4.2300e+03 5.2700e-12 6.8667e-01 1.7835e+03 1.7727e+03 1.8232e+03 1.4255e+20 1.0804e+20 8.3077e+19 8.8282e-03 5.7730e-03 4.5656e+05 2.6224e+04
4.2400e+03 5.2558e-12 6.8645e-01 1.7832e+03 1.7722e+03 1.8227e+03 1.4337e+20 1.0863e+20 8.3507e+19 8.8073e-03 5.7678e-03 4.5754e+05 2.6257e+04
4.2500e+03 5.2416e-12 6.8623e-01 1.7829e+03 1.7718e+03 1.8223e+03 1.4419e+20 1.0921e+20 8.3940e+19 8.7864e-03 5.7626e-03 4.5852e+05 2.6291e+04
4.2600e+03 5.2276e-12 6.8601e-01 1.7826e+03 1.7713e+03 1.8218e+03 1.4501e+20 1.0980e+20 8.4375e+19 8.7657e-03 5.7573e-03 4.5950e+05 2.6324e+04
4.2700e+03 5.2136e-12 6.8579e-01 1.7823e+03 1.7708e+03 1.8214e+03 1.4584e+20 1.1039e+20 8.4811e+19 8.7449e-03 5.7520e-03 4.6048e+05 2.6357e+04
4.2800e+03 5.1996e-12 6.8558e-01 1.7820e+03 1.7704e+03 1.8209e+03 1.4668e+20 1.1098e+20 8.5250e+19 8.7243e-03 5.7467e-03 4.6146e+05 2.6390e+04
4.2900e+03 5.1858e-12 6.8536e-01 1.7817e+03 1.7699e+03 1.8205e+03 1.4751e+20 1.1158e+20 8.5691e+19 8.7037e-03 5.7414e-03 4.6245e+05 2.6424e+04
4.3000e+03 5.1720e-12 6.8515e-01 1.7814e+03 1.7694e+03 1.8200e+03 1.4836e+20 1.1218e+20 8.6134e+19 8.6833e-03 5.7361e-03 4.6343e+05 2.6457e+04
4.3100e+03 5.1582e-12 6.8494e-01 1.7811e+03 1.7689e+03 1.8195e+03 1.4920e+20 1.1278e+20 8.6579e+19 8.6628e-03 5.7307e-03 4.6442e+05 2.6490e+04
4.3200e+03 5.1446e-12 6.8473e-01 1.7808e+03 1.7685e+03 1.8191e+03 1.5005e+20 1.1339e+20 8.7026e+19 8.6425e-03 5.7253e-03 4.6541e+05 2.6524e+04
4.3300e+03 5.1309e-12 6.8453e-01 1.7804e+03 1.7680e+03 1.8186e+03 1.5090e+20 1.1400e+20 8.7475e+19 8.6222e-03 5.7198e-03 4.6639e+05 2.6558e+04
4.3400e+03 5.1174e-12 6.8432e-01 1.7801e+03 1.7675e+03 1.8182e+03 1.5176e+20 1.1461e+20 8.7926e+19 8.6020e-03 5.7144e-03 4.6738e+05 2.6591e+04
4.3500e+03 5.1039e-12 6.8412e-01 1.7798e+03 1.7671e+03 1.8177e+03 1.5262e+20 1.1522e+20 8.8380e+19 8.5819e-03 5.7089e-03 4.6837e+05 2.6625e+04
4.3600e+03 5.0905e-12 6.8392e-01 1.7795e+03 1.7666e+03 1.8173e+03 1.5349e+20 1.1584e+20 8.8835e+19 8.5618e-03 5.7034e-03 4.6937e+05 2.6659e+04
4.3700e+03 5.0771e-12 6.8372e-01 1.7792e+03 1.7661e+03 1.8168e+03 1.5436e+20 1.1646e+20 8.9293e+19 8.5418e-03 5.6978e-03 4.7036e+05 2.6692e+04
4.3800e+03 5.0638e-12 6.8353e-01 1.7789e+03 1.7657e+03 1.8164e+03 1.5523e+20 1.1708e+20 8.9753e+19 8.5219e-03 5.6923e-03 4.7135e+05 2.6726e+04
4.3900e+03 5.0506e-12 6.8333e-01 1.7786e+03 1.7652e+03 1.8159e+03 1.5611e+20 1.1770e+20 9.0215e+19 8.5020e-03 5.6867e-03 4.7235e+05 2.6760e+04
4.4000e+03 5.0374e-12 6.8314e-01 1.7783e+03 1.7647e+03 1.8155e+03 1.5700e+20 1.1833e+20 9.0679e+19 8.4822e-03 5.6811e-03 4.7334e+05 2.6794e+04
4.4100e+03 5.0243e-12 6.8295e-01 1.7780e+03 1.7643e+03 1.8150e+03 1.5788e+20 1.1896e+20 9.1146e+19 8.4625e-03 5.6755e-03 4.7434e+05 2.6828e+04
4.4200e+03 5.0112e-12 6.8276e-01 1.7777e+03 1.7638e+03 1.8146e+03 1.5877e+20 1.1960e+20 9.1614e+19 8.4428e-03 5.6698e-03 4.7534e+05 2.6862e+04
4.4300e+03 4.9982e-12 6.8257e-01 1.7774e+03 1.7634e+03 1.8141e+03 1.5967e+20 1.2023e+20 9.2085e+19 8.4232e-03 5.6642e-03 4.7634e+05 2.6897e+04
4.4400e+03 4.9853e-12 6.8238e-01 1.7771e+03 1.7629e+03 1.8137e+03 1.6057e+20 1.2087e+20 9.2557e+19 8.4037e-03 5.6585e-03 4.7734e+05 2.6931e+04
4.4500e+03 4.9724e-12 6.8220e-01 1.7768e+03 1.7624e+03 1.8132e+03 1.6147e+20 1.2152e+20 9.3033e+19 8.3843e-03 5.6528e-03 4.7834e+05 2.6965e+04
4.4600e+03 4.9596e-12 6.8202e-01 1.7765e+03 1.7620e+03 1.8128e+03 1.6238e+20 1.2216e+20 9.3510e+19 8.3649e-03 5.6470e-03 4.7934e+05 2.6999e+04
4.4700e+03 4.9468e-12 6.8184e-01 1.7763e+03 1.7615e+03 1.8123e+03 1.6329e+20 1.2281e+20 9.3989e+19 8.3456e-03 5.6413e-03 4.8034e+05 2.7034e+04
4.4800e+03 4.9341e-12 6.8166e-01 1.7760e+03 1.7610e+03 1.8119e+03 1.6421e+20 1.2346e+20 9.4471e+19 8.3263e-03 5.6355e-03 4.8135e+05 2.7068e+04
4.4900e+03 4.9214e-12 6.8148e-01 1.7757e+03 1.7606e+03 1.8115e+03 1.6513e+20 1.2412e+20 9.4955e+19 8.3071e-03 5.6298e-03 4.8236e+05 2.7103e+04
4.5000e+03 4.9088e-12 6.8130e-01 1.7754e+03 1.7601e+03 1.8110e+03 1.6606e+20 1.2477e+20 9.5441e+19 8.2880e-03 5.6240e-03 4.8336e+05 2.7137e+04
4.5100e+03 4.8963e-12 6.8113e-01 1.7751e+03 1.7597e+03 1.8106e+03 1.6699e+20 1.2543e+20 9.5929e+19 8.2690e-03 5.6181e-03 4.8437e+05 2.7172e+04
4.5200e+03 4.8838e-12 6.8096e-01 1.7748e+03 1.7592e+03 1.8101e+03 1.6792e+20 1.2610e+20 9.6419e+19 8.2500e-03 5.6123e-03 4.8538e+05 2.7207e+04
4.5300e+03 4.8714e-12 6.8079e-01 1.7745e+03 1.7588e+03 1.8097e+03 1.6886e+20 1.2676e+20 9.6912e+19 8.2310e-03 5.6065e-03 4.8639e+05 2.7241e+04
4.5400e+03 4.8590e-12 6.8062e-01 1.7742e+03 1.7583e+03 1.8092e+03 1.6981e+20 1.2743e+20 9.7407e+19 8.2122e-03 5.6006e-03 4.8740e+05 2.7276e+04
4.5500e+03 0.0000e+00 0.0000e+00 1.7739e+03 0.0000e+00 1.8088e+03 0.0000e+00 0.0000e+00 0.0000e+00 0.0000e+00 0.0000e+00 0.0000e+00 0.0000e+00
