0.0000e+00 3.1176e-11 2.6730e+00 1.7000e+03 1.7580e+03 1.9000e+03 1.6822e+19 7.7138e+18 3.6085e+18 1.3416e-02 4.7582e-02 2.8175e+05 8.9530e+03
1.0000e+01 3.0991e-11 2.5154e+00 1.7078e+03 1.7277e+03 1.8962e+03 2.5107e+19 9.3547e+18 3.7531e+18 1.4172e-02 5.7556e-02 2.6836e+05 8.7835e+03
2.0000e+01 3.0807e-11 2.3643e+00 1.7159e+03 1.7381e+03 1.8917e+03 2.2022e+19 9.0481e+18 3.9366e+18 1.4988e-02 5.0992e-02 2.5537e+05 9.0381e+03
3.0000e+01 3.0624e-11 2.2338e+00 1.7234e+03 1.7478e+03 1.8876e+03 1.9501e+19 8.7586e+18 4.1074e+18 1.5770e-02 4.5127e-02 2.4413e+05 9.3001e+03
4.0000e+01 3.0443e-11 2.1200e+00 1.7303e+03 1.7566e+03 1.8841e+03 1.7469e+19 8.4966e+18 4.2654e+18 1.6519e-02 3.9965e-02 2.3434e+05 9.5675e+03
5.0000e+01 3.0264e-11 2.0201e+00 1.7367e+03 1.7648e+03 1.8809e+03 1.5808e+19 8.2582e+18 4.4110e+18 1.7233e-02 3.5409e-02 2.2574e+05 9.8412e+03
6.0000e+01 3.0085e-11 1.9318e+00 1.7427e+03 1.7722e+03 1.8781e+03 1.4432e+19 8.0405e+18 4.5445e+18 1.7914e-02 3.1379e-02 2.1816e+05 1.0122e+04
7.0000e+01 2.9908e-11 1.8533e+00 1.7483e+03 1.7791e+03 1.8756e+03 1.3281e+19 7.8411e+18 4.6665e+18 1.8563e-02 2.7808e-02 2.1143e+05 1.0411e+04
8.0000e+01 2.9732e-11 1.7831e+00 1.7534e+03 1.7855e+03 1.8734e+03 1.2307e+19 7.6578e+18 4.7777e+18 1.9181e-02 2.4639e-02 2.0543e+05 1.0709e+04
9.0000e+01 2.9558e-11 1.7201e+00 1.7582e+03 1.7913e+03 1.8715e+03 1.1477e+19 7.4891e+18 4.8787e+18 1.9767e-02 2.1822e-02 2.0006e+05 1.1017e+04
1.0000e+02 2.9385e-11 1.6632e+00 1.7627e+03 1.7968e+03 1.8698e+03 1.0764e+19 7.3335e+18 4.9700e+18 2.0323e-02 1.9318e-02 1.9525e+05 1.1335e+04
1.1000e+02 2.9213e-11 1.6116e+00 1.7668e+03 1.8018e+03 1.8682e+03 1.0147e+19 7.1898e+18 5.0525e+18 2.0851e-02 1.7089e-02 1.9091e+05 1.1665e+04
1.2000e+02 2.9042e-11 1.5648e+00 1.7707e+03 1.8064e+03 1.8669e+03 9.6094e+18 7.0569e+18 5.1267e+18 2.1350e-02 1.5105e-02 1.8699e+05 1.2008e+04
1.3000e+02 2.8873e-11 1.5220e+00 1.7743e+03 1.8107e+03 1.8657e+03 9.1395e+18 6.9338e+18 5.1932e+18 2.1821e-02 1.3339e-02 1.8344e+05 1.2365e+04
1.4000e+02 2.8704e-11 1.4829e+00 1.7776e+03 1.8147e+03 1.8646e+03 8.7263e+18 6.8198e+18 5.2528e+18 2.2267e-02 1.1765e-02 1.8022e+05 1.2736e+04
1.5000e+02 2.8537e-11 1.4469e+00 1.7807e+03 1.8184e+03 1.8637e+03 8.3614e+18 6.7141e+18 5.3060e+18 2.2687e-02 1.0365e-02 1.7729e+05 1.3123e+04
1.6000e+02 2.8372e-11 1.4139e+00 1.7836e+03 1.8218e+03 1.8629e+03 8.0379e+18 6.6161e+18 5.3533e+18 2.3083e-02 9.1188e-03 1.7463e+05 1.3528e+04
1.7000e+02 2.8207e-11 1.3834e+00 1.7863e+03 1.8249e+03 1.8622e+03 7.7502e+18 6.5251e+18 5.3954e+18 2.3455e-02 8.0103e-03 1.7220e+05 1.3951e+04
1.8000e+02 2.8044e-11 1.3551e+00 1.7888e+03 1.8278e+03 1.8615e+03 7.4935e+18 6.4408e+18 5.4326e+18 2.3805e-02 7.0253e-03 1.6998e+05 1.4395e+04
1.9000e+02 2.7882e-11 1.3290e+00 1.7911e+03 1.8305e+03 1.8610e+03 7.2638e+18 6.3625e+18 5.4655e+18 2.4133e-02 6.1507e-03 1.6796e+05 1.4859e+04
2.0000e+02 2.7721e-11 1.3047e+00 1.7933e+03 1.8330e+03 1.8605e+03 7.0579e+18 6.2898e+18 5.4944e+18 2.4441e-02 5.3751e-03 1.6611e+05 1.5347e+04
2.1000e+02 2.7561e-11 1.2820e+00 1.7953e+03 1.8353e+03 1.8601e+03 6.8729e+18 6.2225e+18 5.5199e+18 2.4729e-02 4.6882e-03 1.6442e+05 1.5860e+04
2.2000e+02 2.7402e-11 1.2609e+00 1.7971e+03 1.8374e+03 1.8597e+03 6.7064e+18 6.1600e+18 5.5422e+18 2.4998e-02 4.0810e-03 1.6287e+05 1.6399e+04
2.3000e+02 2.7245e-11 1.2412e+00 1.7988e+03 1.8393e+03 1.8594e+03 6.5563e+18 6.1022e+18 5.5617e+18 2.5249e-02 3.5451e-03 1.6145e+05 1.6966e+04
2.4000e+02 2.7089e-11 1.2228e+00 1.8004e+03 1.8411e+03 1.8591e+03 6.4210e+18 6.0487e+18 5.5787e+18 2.5483e-02 3.0733e-03 1.6016e+05 1.7563e+04
2.5000e+02 2.6934e-11 1.2055e+00 1.8019e+03 1.8427e+03 1.8588e+03 6.2987e+18 5.9992e+18 5.5934e+18 2.5701e-02 2.6589e-03 1.5897e+05 1.8191e+04
2.6000e+02 2.6779e-11 1.1892e+00 1.8033e+03 1.8442e+03 1.8586e+03 6.1883e+18 5.9535e+18 5.6063e+18 2.5903e-02 2.2960e-03 1.5789e+05 1.8852e+04
2.7000e+02 2.6627e-11 1.1740e+00 1.8045e+03 1.8455e+03 1.8584e+03 6.0886e+18 5.9114e+18 5.6174e+18 2.6090e-02 1.9791e-03 1.5690e+05 1.9547e+04
2.8000e+02 2.6475e-11 1.1596e+00 1.8057e+03 1.8468e+03 1.8583e+03 5.9985e+18 5.8726e+18 5.6269e+18 2.6263e-02 1.7035e-03 1.5600e+05 2.0276e+04
2.9000e+02 2.6324e-11 1.1460e+00 1.8067e+03 1.8479e+03 1.8582e+03 5.9171e+18 5.8370e+18 5.6352e+18 2.6422e-02 1.4646e-03 1.5518e+05 2.1040e+04
3.0000e+02 2.6174e-11 1.1332e+00 1.8077e+03 1.8489e+03 1.8580e+03 5.8438e+18 5.8044e+18 5.6423e+18 2.6569e-02 1.2585e-03 1.5443e+05 2.1836e+04
3.1000e+02 2.6026e-11 1.1211e+00 1.8085e+03 1.8498e+03 1.8579e+03 5.7778e+18 5.7746e+18 5.6485e+18 2.6703e-02 1.0815e-03 1.5375e+05 2.2664e+04
3.2000e+02 2.5878e-11 1.1097e+00 1.8093e+03 1.8506e+03 1.8579e+03 5.7185e+18 5.7475e+18 5.6537e+18 2.6825e-02 9.3030e-04 1.5314e+05 2.3519e+04
3.3000e+02 2.5732e-11 1.0989e+00 1.8101e+03 1.8513e+03 1.8578e+03 5.6653e+18 5.7229e+18 5.6583e+18 2.6936e-02 8.0182e-04 1.5259e+05 2.4395e+04
3.4000e+02 2.5587e-11 1.0886e+00 1.8107e+03 1.8519e+03 1.8577e+03 5.6179e+18 5.7007e+18 5.6622e+18 2.7037e-02 6.9328e-04 1.5209e+05 2.5285e+04
3.5000e+02 2.5442e-11 1.0788e+00 1.8113e+03 1.8524e+03 1.8577e+03 5.5756e+18 5.6807e+18 5.6656e+18 2.7128e-02 6.0213e-04 1.5165e+05 2.6179e+04
3.6000e+02 2.5299e-11 1.0696e+00 1.8118e+03 1.8529e+03 1.8576e+03 5.5383e+18 5.6630e+18 5.6685e+18 2.7208e-02 5.2607e-04 1.5126e+05 2.7066e+04
3.7000e+02 2.5157e-11 1.0608e+00 1.8123e+03 1.8533e+03 1.8576e+03 5.5054e+18 5.6473e+18 5.6711e+18 2.7280e-02 4.6300e-04 1.5091e+05 2.7934e+04
3.8000e+02 2.5015e-11 1.0524e+00 1.8127e+03 1.8536e+03 1.8575e+03 5.4768e+18 5.6335e+18 5.6733e+18 2.7343e-02 4.1107e-04 1.5061e+05 2.8767e+04
3.9000e+02 2.4875e-11 1.0444e+00 1.8130e+03 1.8539e+03 1.8575e+03 5.4522e+18 5.6217e+18 5.6753e+18 2.7397e-02 3.6864e-04 1.5035e+05 2.9553e+04
4.0000e+02 2.4736e-11 1.0368e+00 1.8133e+03 1.8541e+03 1.8575e+03 5.4312e+18 5.6116e+18 5.6771e+18 2.7444e-02 3.3429e-04 1.5012e+05 3.0277e+04
4.1000e+02 2.4598e-11 1.0295e+00 1.8136e+03 1.8543e+03 1.8574e+03 5.4137e+18 5.6032e+18 5.6788e+18 2.7483e-02 3.0679e-04 1.4994e+05 3.0927e+04
4.2000e+02 2.4461e-11 1.0226e+00 1.8138e+03 1.8544e+03 1.8574e+03 5.3995e+18 5.5965e+18 5.6803e+18 2.7515e-02 2.8515e-04 1.4979e+05 3.1493e+04
4.3000e+02 2.4324e-11 1.0160e+00 1.8140e+03 1.8545e+03 1.8574e+03 5.3884e+18 5.5913e+18 5.6817e+18 2.7539e-02 2.6852e-04 1.4967e+05 3.1966e+04
4.4000e+02 2.4189e-11 1.0097e+00 1.8141e+03 1.8546e+03 1.8574e+03 5.3802e+18 5.5876e+18 5.6830e+18 2.7557e-02 2.5622e-04 1.4959e+05 3.2340e+04
4.5000e+02 2.4055e-11 1.0037e+00 1.8141e+03 1.8547e+03 1.8574e+03 5.3747e+18 5.5853e+18 5.6843e+18 2.7569e-02 2.4774e-04 1.4953e+05 3.2612e+04
4.6000e+02 2.3921e-11 9.9790e-01 1.8142e+03 1.8547e+03 1.8573e+03 5.3719e+18 5.5844e+18 5.6855e+18 2.7575e-02 2.4267e-04 1.4950e+05 3.2781e+04
4.7000e+02 2.3789e-11 9.9237e-01 1.8142e+03 1.8547e+03 1.8573e+03 5.3716e+18 5.5849e+18 5.6867e+18 2.7575e-02 2.4071e-04 1.4950e+05 3.2848e+04
4.8000e+02 2.3657e-11 9.8708e-01 1.8141e+03 1.8547e+03 1.8573e+03 5.3737e+18 5.5865e+18 5.6878e+18 2.7569e-02 2.4166e-04 1.4953e+05 3.2817e+04
4.9000e+02 2.3527e-11 9.8202e-01 1.8141e+03 1.8546e+03 1.8573e+03 5.3780e+18 5.5894e+18 5.6890e+18 2.7559e-02 2.4541e-04 1.4958e+05 3.2694e+04
5.0000e+02 2.3397e-11 9.7716e-01 1.8140e+03 1.8545e+03 1.8573e+03 5.3845e+18 5.5935e+18 5.6902e+18 2.7543e-02 2.5188e-04 1.4965e+05 3.2486e+04
5.1000e+02 2.3269e-11 9.7250e-01 1.8138e+03 1.8544e+03 1.8572e+03 5.3931e+18 5.5986e+18 5.6915e+18 2.7523e-02 2.6106e-04 1.4975e+05 3.2201e+04
5.2000e+02 2.3141e-11 9.6803e-01 1.8137e+03 1.8543e+03 1.8572e+03 5.4037e+18 5.6048e+18 5.6927e+18 2.7498e-02 2.7301e-04 1.4987e+05 3.1848e+04
5.3000e+02 2.3014e-11 9.6374e-01 1.8135e+03 1.8542e+03 1.8572e+03 5.4162e+18 5.6120e+18 5.6941e+18 2.7469e-02 2.8777e-04 1.5000e+05 3.1438e+04
5.4000e+02 2.2888e-11 9.5962e-01 1.8133e+03 1.8540e+03 1.8572e+03 5.4305e+18 5.6202e+18 5.6955e+18 2.7436e-02 3.0543e-04 1.5016e+05 3.0980e+04
5.5000e+02 2.2763e-11 9.5566e-01 1.8131e+03 1.8538e+03 1.8572e+03 5.4465e+18 5.6294e+18 5.6970e+18 2.7399e-02 3.2611e-04 1.5034e+05 3.0484e+04
5.6000e+02 2.2639e-11 9.5185e-01 1.8128e+03 1.8536e+03 1.8571e+03 5.4642e+18 5.6395e+18 5.6986e+18 2.7359e-02 3.4991e-04 1.5053e+05 2.9961e+04
5.7000e+02 2.2516e-11 9.4818e-01 1.8125e+03 1.8534e+03 1.8571e+03 5.4836e+18 5.6504e+18 5.7003e+18 2.7315e-02 3.7692e-04 1.5074e+05 2.9417e+04
5.8000e+02 2.2393e-11 9.4465e-01 1.8122e+03 1.8532e+03 1.8571e+03 5.5044e+18 5.6622e+18 5.7022e+18 2.7268e-02 4.0726e-04 1.5097e+05 2.8863e+04
5.9000e+02 2.2272e-11 9.4125e-01 1.8119e+03 1.8529e+03 1.8570e+03 5.5268e+18 5.6748e+18 5.7042e+18 2.7218e-02 4.4099e-04 1.5121e+05 2.8304e+04
6.0000e+02 2.2151e-11 9.3797e-01 1.8115e+03 1.8526e+03 1.8570e+03 5.5506e+18 5.6882e+18 5.7064e+18 2.7165e-02 4.7817e-04 1.5147e+05 2.7747e+04
6.1000e+02 2.2031e-11 9.3480e-01 1.8112e+03 1.8523e+03 1.8570e+03 5.5757e+18 5.7024e+18 5.7087e+18 2.7110e-02 5.1884e-04 1.5174e+05 2.7197e+04
6.2000e+02 2.1912e-11 9.3174e-01 1.8108e+03 1.8519e+03 1.8569e+03 5.6022e+18 5.7173e+18 5.7113e+18 2.7052e-02 5.6302e-04 1.5202e+05 2.6657e+04
6.3000e+02 2.1794e-11 9.2879e-01 1.8104e+03 1.8516e+03 1.8569e+03 5.6300e+18 5.7329e+18 5.7140e+18 2.6992e-02 6.1069e-04 1.5232e+05 2.6132e+04
6.4000e+02 2.1676e-11 9.2593e-01 1.8100e+03 1.8512e+03 1.8568e+03 5.6589e+18 5.7493e+18 5.7171e+18 2.6929e-02 6.6180e-04 1.5263e+05 2.5624e+04
6.5000e+02 2.1560e-11 9.2316e-01 1.8096e+03 1.8508e+03 1.8568e+03 5.6891e+18 5.7663e+18 5.7203e+18 2.6865e-02 7.1631e-04 1.5294e+05 2.5133e+04
6.6000e+02 2.1444e-11 9.2047e-01 1.8092e+03 1.8504e+03 1.8567e+03 5.7203e+18 5.7840e+18 5.7239e+18 2.6798e-02 7.7411e-04 1.5327e+05 2.4662e+04
6.7000e+02 2.1329e-11 9.1787e-01 1.8087e+03 1.8499e+03 1.8567e+03 5.7527e+18 5.8024e+18 5.7277e+18 2.6730e-02 8.3511e-04 1.5361e+05 2.4211e+04
6.8000e+02 2.1215e-11 9.1535e-01 1.8083e+03 1.8495e+03 1.8566e+03 5.7861e+18 5.8214e+18 5.7318e+18 2.6661e-02 8.9919e-04 1.5396e+05 2.3779e+04
6.9000e+02 2.1102e-11 9.1289e-01 1.8078e+03 1.8490e+03 1.8565e+03 5.8205e+18 5.8410e+18 5.7363e+18 2.6590e-02 9.6621e-04 1.5432e+05 2.3368e+04
7.0000e+02 2.0989e-11 9.1050e-01 1.8073e+03 1.8485e+03 1.8564e+03 5.8559e+18 5.8612e+18 5.7410e+18 2.6517e-02 1.0360e-03 1.5469e+05 2.2977e+04
7.1000e+02 2.0877e-11 9.0818e-01 1.8068e+03 1.8480e+03 1.8564e+03 5.8923e+18 5.8820e+18 5.7462e+18 2.6443e-02 1.1085e-03 1.5507e+05 2.2604e+04
7.2000e+02 2.0766e-11 9.0592e-01 1.8063e+03 1.8475e+03 1.8563e+03 5.9295e+18 5.9034e+18 5.7517e+18 2.6369e-02 1.1834e-03 1.5545e+05 2.2251e+04
7.3000e+02 2.0656e-11 9.0371e-01 1.8058e+03 1.8470e+03 1.8562e+03 5.9677e+18 5.9254e+18 5.7576e+18 2.6293e-02 1.2606e-03 1.5584e+05 2.1915e+04
7.4000e+02 2.0547e-11 9.0156e-01 1.8053e+03 1.8464e+03 1.8561e+03 6.0067e+18 5.9480e+18 5.7638e+18 2.6216e-02 1.3399e-03 1.5624e+05 2.1596e+04
7.5000e+02 2.0438e-11 8.9946e-01 1.8048e+03 1.8459e+03 1.8560e+03 6.0465e+18 5.9711e+18 5.7705e+18 2.6138e-02 1.4212e-03 1.5665e+05 2.1293e+04
7.6000e+02 2.0330e-11 8.9740e-01 1.8043e+03 1.8453e+03 1.8559e+03 6.0871e+18 5.9948e+18 5.7776e+18 2.6060e-02 1.5043e-03 1.5706e+05 2.1006e+04
7.7000e+02 2.0223e-11 8.9540e-01 1.8038e+03 1.8448e+03 1.8557e+03 6.1285e+18 6.0191e+18 5.7851e+18 2.5980e-02 1.5890e-03 1.5748e+05 2.0734e+04
7.8000e+02 2.0117e-11 8.9343e-01 1.8032e+03 1.8442e+03 1.8556e+03 6.1706e+18 6.0439e+18 5.7931e+18 2.5901e-02 1.6752e-03 1.5790e+05 2.0476e+04
7.9000e+02 2.0011e-11 8.9150e-01 1.8027e+03 1.8436e+03 1.8555e+03 6.2135e+18 6.0692e+18 5.8015e+18 2.5820e-02 1.7626e-03 1.5833e+05 2.0231e+04
8.0000e+02 1.9906e-11 8.8961e-01 1.8022e+03 1.8430e+03 1.8553e+03 6.2571e+18 6.0951e+18 5.8103e+18 2.5739e-02 1.8511e-03 1.5876e+05 1.9998e+04
8.1000e+02 1.9802e-11 8.8776e-01 1.8016e+03 1.8424e+03 1.8552e+03 6.3015e+18 6.1214e+18 5.8196e+18 2.5658e-02 1.9406e-03 1.5920e+05 1.9778e+04
8.2000e+02 1.9698e-11 8.8594e-01 1.8011e+03 1.8418e+03 1.8550e+03 6.3464e+18 6.1484e+18 5.8294e+18 2.5576e-02 2.0309e-03 1.5965e+05 1.9568e+04
8.3000e+02 1.9596e-11 8.8415e-01 1.8005e+03 1.8412e+03 1.8549e+03 6.3921e+18 6.1758e+18 5.8396e+18 2.5494e-02 2.1218e-03 1.6010e+05 1.9369e+04
8.4000e+02 1.9493e-11 8.8240e-01 1.8000e+03 1.8406e+03 1.8547e+03 6.4384e+18 6.2037e+18 5.8503e+18 2.5412e-02 2.2132e-03 1.6055e+05 1.9180e+04
8.5000e+02 1.9392e-11 8.8067e-01 1.7994e+03 1.8399e+03 1.8545e+03 6.4853e+18 6.2322e+18 5.8615e+18 2.5329e-02 2.3051e-03 1.6101e+05 1.9001e+04
8.6000e+02 1.9291e-11 8.7897e-01 1.7988e+03 1.8393e+03 1.8544e+03 6.5329e+18 6.2612e+18 5.8733e+18 2.5247e-02 2.3972e-03 1.6147e+05 1.8830e+04
8.7000e+02 1.9191e-11 8.7730e-01 1.7983e+03 1.8387e+03 1.8542e+03 6.5811e+18 6.2906e+18 5.8854e+18 2.5164e-02 2.4894e-03 1.6193e+05 1.8668e+04
8.8000e+02 1.9092e-11 8.7565e-01 1.7977e+03 1.8380e+03 1.8540e+03 6.6299e+18 6.3206e+18 5.8981e+18 2.5081e-02 2.5816e-03 1.6240e+05 1.8514e+04
8.9000e+02 1.8994e-11 8.7402e-01 1.7971e+03 1.8374e+03 1.8538e+03 6.6793e+18 6.3511e+18 5.9113e+18 2.4997e-02 2.6737e-03 1.6287e+05 1.8367e+04
9.0000e+02 1.8896e-11 8.7242e-01 1.7966e+03 1.8368e+03 1.8536e+03 6.7293e+18 6.3821e+18 5.9250e+18 2.4914e-02 2.7657e-03 1.6335e+05 1.8227e+04
9.1000e+02 1.8798e-11 8.7084e-01 1.7960e+03 1.8361e+03 1.8533e+03 6.7798e+18 6.4136e+18 5.9392e+18 2.4831e-02 2.8573e-03 1.6383e+05 1.8094e+04
9.2000e+02 1.8702e-11 8.6928e-01 1.7954e+03 1.8355e+03 1.8531e+03 6.8309e+18 6.4455e+18 5.9540e+18 2.4748e-02 2.9486e-03 1.6431e+05 1.7968e+04
9.3000e+02 1.8606e-11 8.6774e-01 1.7948e+03 1.8348e+03 1.8529e+03 6.8826e+18 6.4780e+18 5.9692e+18 2.4664e-02 3.0393e-03 1.6479e+05 1.7847e+04
9.4000e+02 1.8510e-11 8.6622e-01 1.7943e+03 1.8341e+03 1.8526e+03 6.9349e+18 6.5110e+18 5.9849e+18 2.4581e-02 3.1296e-03 1.6528e+05 1.7733e+04
9.5000e+02 1.8416e-11 8.6471e-01 1.7937e+03 1.8335e+03 1.8524e+03 6.9877e+18 6.5445e+18 6.0012e+18 2.4498e-02 3.2192e-03 1.6577e+05 1.7623e+04
9.6000e+02 1.8322e-11 8.6323e-01 1.7931e+03 1.8328e+03 1.8521e+03 7.0410e+18 6.5784e+18 6.0180e+18 2.4415e-02 3.3081e-03 1.6626e+05 1.7519e+04
9.7000e+02 1.8228e-11 8.6176e-01 1.7925e+03 1.8322e+03 1.8519e+03 7.0949e+18 6.6129e+18 6.0353e+18 2.4332e-02 3.3963e-03 1.6676e+05 1.7420e+04
9.8000e+02 1.8136e-11 8.6031e-01 1.7919e+03 1.8315e+03 1.8516e+03 7.1494e+18 6.6478e+18 6.0531e+18 2.4249e-02 3.4837e-03 1.6726e+05 1.7326e+04
9.9000e+02 1.8044e-11 8.5887e-01 1.7914e+03 1.8308e+03 1.8513e+03 7.2043e+18 6.6833e+18 6.0714e+18 2.4166e-02 3.5702e-03 1.6776e+05 1.7236e+04
1.0000e+03 1.7952e-11 8.5745e-01 1.7908e+03 1.8302e+03 1.8511e+03 7.2599e+18 6.7192e+18 6.0903e+18 2.4084e-02 3.6558e-03 1.6826e+05 1.7150e+04
1.0100e+03 1.7861e-11 8.5604e-01 1.7902e+03 1.8295e+03 1.8508e+03 7.3159e+18 6.7557e+18 6.1096e+18 2.4001e-02 3.7404e-03 1.6877e+05 1.7068e+04
1.0200e+03 1.7771e-11 8.5465e-01 1.7896e+03 1.8288e+03 1.8505e+03 7.3725e+18 6.7926e+18 6.1295e+18 2.3919e-02 3.8241e-03 1.6928e+05 1.6990e+04
1.0300e+03 1.7681e-11 8.5327e-01 1.7890e+03 1.8281e+03 1.8502e+03 7.4296e+18 6.8300e+18 6.1499e+18 2.3836e-02 3.9067e-03 1.6979e+05 1.6916e+04
1.0400e+03 1.7592e-11 8.5191e-01 1.7884e+03 1.8275e+03 1.8499e+03 7.4873e+18 6.8679e+18 6.1708e+18 2.3754e-02 3.9882e-03 1.7030e+05 1.6845e+04
1.0500e+03 1.7504e-11 8.5056e-01 1.7879e+03 1.8268e+03 1.8495e+03 7.5455e+18 6.9063e+18 6.1923e+18 2.3673e-02 4.0687e-03 1.7081e+05 1.6777e+04
1.0600e+03 1.7416e-11 8.4922e-01 1.7873e+03 1.8261e+03 1.8492e+03 7.6042e+18 6.9453e+18 6.2142e+18 2.3591e-02 4.1481e-03 1.7133e+05 1.6713e+04
1.0700e+03 1.7329e-11 8.4789e-01 1.7867e+03 1.8254e+03 1.8489e+03 7.6634e+18 6.9847e+18 6.2367e+18 2.3509e-02 4.2263e-03 1.7185e+05 1.6652e+04
1.0800e+03 1.7242e-11 8.4658e-01 1.7861e+03 1.8248e+03 1.8486e+03 7.7232e+18 7.0246e+18 6.2597e+18 2.3428e-02 4.3033e-03 1.7237e+05 1.6593e+04
1.0900e+03 1.7156e-11 8.4528e-01 1.7855e+03 1.8241e+03 1.8482e+03 7.7836e+18 7.0650e+18 6.2832e+18 2.3347e-02 4.3792e-03 1.7289e+05 1.6538e+04
1.1000e+03 1.7071e-11 8.4399e-01 1.7849e+03 1.8234e+03 1.8479e+03 7.8444e+18 7.1059e+18 6.3072e+18 2.3266e-02 4.4539e-03 1.7342e+05 1.6485e+04
1.1100e+03 1.6986e-11 8.4271e-01 1.7844e+03 1.8227e+03 1.8475e+03 7.9058e+18 7.1473e+18 6.3317e+18 2.3186e-02 4.5274e-03 1.7395e+05 1.6435e+04
1.1200e+03 1.6902e-11 8.4145e-01 1.7838e+03 1.8220e+03 1.8472e+03 7.9677e+18 7.1892e+18 6.3568e+18 2.3105e-02 4.5997e-03 1.7448e+05 1.6387e+04
1.1300e+03 1.6818e-11 8.4019e-01 1.7832e+03 1.8214e+03 1.8468e+03 8.0302e+18 7.2316e+18 6.3823e+18 2.3025e-02 4.6708e-03 1.7501e+05 1.6341e+04
1.1400e+03 1.6735e-11 8.3895e-01 1.7826e+03 1.8207e+03 1.8464e+03 8.0932e+18 7.2745e+18 6.4084e+18 2.2945e-02 4.7407e-03 1.7554e+05 1.6298e+04
1.1500e+03 1.6652e-11 8.3771e-01 1.7820e+03 1.8200e+03 1.8460e+03 8.1568e+18 7.3179e+18 6.4349e+18 2.2866e-02 4.8094e-03 1.7608e+05 1.6257e+04
1.1600e+03 1.6570e-11 8.3649e-01 1.7815e+03 1.8193e+03 1.8457e+03 8.2209e+18 7.3618e+18 6.4620e+18 2.2786e-02 4.8768e-03 1.7662e+05 1.6218e+04
1.1700e+03 1.6488e-11 8.3528e-01 1.7809e+03 1.8186e+03 1.8453e+03 8.2855e+18 7.4063e+18 6.4896e+18 2.2707e-02 4.9430e-03 1.7715e+05 1.6181e+04
1.1800e+03 1.6407e-11 8.3407e-01 1.7803e+03 1.8179e+03 1.8449e+03 8.3507e+18 7.4512e+18 6.5177e+18 2.2628e-02 5.0080e-03 1.7770e+05 1.6145e+04
1.1900e+03 1.6327e-11 8.3288e-01 1.7797e+03 1.8173e+03 1.8445e+03 8.4165e+18 7.4966e+18 6.5463e+18 2.2549e-02 5.0718e-03 1.7824e+05 1.6112e+04
1.2000e+03 1.6247e-11 8.3170e-01 1.7791e+03 1.8166e+03 1.8441e+03 8.4828e+18 7.5426e+18 6.5754e+18 2.2471e-02 5.1343e-03 1.7878e+05 1.6080e+04
1.2100e+03 1.6167e-11 8.3053e-01 1.7786e+03 1.8159e+03 1.8437e+03 8.5497e+18 7.5891e+18 6.6050e+18 2.2392e-02 5.1957e-03 1.7933e+05 1.6051e+04
1.2200e+03 1.6089e-11 8.2936e-01 1.7780e+03 1.8152e+03 1.8433e+03 8.6171e+18 7.6361e+18 6.6351e+18 2.2314e-02 5.2558e-03 1.7988e+05 1.6022e+04
1.2300e+03 1.6010e-11 8.2821e-01 1.7774e+03 1.8145e+03 1.8429e+03 8.6852e+18 7.6836e+18 6.6657e+18 2.2237e-02 5.3148e-03 1.8043e+05 1.5996e+04
1.2400e+03 1.5932e-11 8.2707e-01 1.7768e+03 1.8138e+03 1.8424e+03 8.7537e+18 7.7316e+18 6.6969e+18 2.2159e-02 5.3726e-03 1.8098e+05 1.5971e+04
1.2500e+03 1.5855e-11 8.2593e-01 1.7762e+03 1.8132e+03 1.8420e+03 8.8229e+18 7.7801e+18 6.7285e+18 2.2082e-02 5.4292e-03 1.8154e+05 1.5947e+04
1.2600e+03 1.5778e-11 8.2481e-01 1.7757e+03 1.8125e+03 1.8416e+03 8.8926e+18 7.8292e+18 6.7606e+18 2.2005e-02 5.4847e-03 1.8209e+05 1.5925e+04
1.2700e+03 1.5702e-11 8.2369e-01 1.7751e+03 1.8118e+03 1.8412e+03 8.9630e+18 7.8788e+18 6.7932e+18 2.1928e-02 5.5390e-03 1.8265e+05 1.5904e+04
1.2800e+03 1.5626e-11 8.2259e-01 1.7745e+03 1.8111e+03 1.8407e+03 9.0339e+18 7.9289e+18 6.8263e+18 2.1852e-02 5.5921e-03 1.8321e+05 1.5884e+04
1.2900e+03 1.5551e-11 8.2149e-01 1.7739e+03 1.8104e+03 1.8403e+03 9.1053e+18 7.9795e+18 6.8599e+18 2.1775e-02 5.6441e-03 1.8378e+05 1.5866e+04
1.3000e+03 1.5476e-11 8.2040e-01 1.7734e+03 1.8097e+03 1.8398e+03 9.1774e+18 8.0306e+18 6.8940e+18 2.1699e-02 5.6950e-03 1.8434e+05 1.5849e+04
1.3100e+03 1.5402e-11 8.1932e-01 1.7728e+03 1.8091e+03 1.8394e+03 9.2501e+18 8.0823e+18 6.9286e+18 2.1624e-02 5.7448e-03 1.8491e+05 1.5833e+04
1.3200e+03 1.5328e-11 8.1825e-01 1.7722e+03 1.8084e+03 1.8389e+03 9.3234e+18 8.1346e+18 6.9637e+18 2.1548e-02 5.7936e-03 1.8547e+05 1.5819e+04
1.3300e+03 1.5255e-11 8.1719e-01 1.7716e+03 1.8077e+03 1.8385e+03 9.3973e+18 8.1873e+18 6.9993e+18 2.1473e-02 5.8412e-03 1.8604e+05 1.5805e+04
1.3400e+03 1.5182e-11 8.1614e-01 1.7711e+03 1.8070e+03 1.8380e+03 9.4718e+18 8.2406e+18 7.0354e+18 2.1398e-02 5.8878e-03 1.8661e+05 1.5792e+04
1.3500e+03 1.5110e-11 8.1509e-01 1.7705e+03 1.8063e+03 1.8375e+03 9.5469e+18 8.2944e+18 7.0720e+18 2.1323e-02 5.9333e-03 1.8719e+05 1.5781e+04
1.3600e+03 1.5038e-11 8.1405e-01 1.7699e+03 1.8056e+03 1.8371e+03 9.6226e+18 8.3488e+18 7.1091e+18 2.1249e-02 5.9778e-03 1.8776e+05 1.5771e+04
1.3700e+03 1.4966e-11 8.1303e-01 1.7693e+03 1.8050e+03 1.8366e+03 9.6990e+18 8.4037e+18 7.1467e+18 2.1175e-02 6.0212e-03 1.8834e+05 1.5761e+04
1.3800e+03 1.4895e-11 8.1201e-01 1.7688e+03 1.8043e+03 1.8361e+03 9.7759e+18 8.4591e+18 7.1847e+18 2.1101e-02 6.0637e-03 1.8892e+05 1.5753e+04
1.3900e+03 1.4825e-11 8.1100e-01 1.7682e+03 1.8036e+03 1.8356e+03 9.8536e+18 8.5151e+18 7.2233e+18 2.1027e-02 6.1051e-03 1.8950e+05 1.5745e+04
1.4000e+03 1.4755e-11 8.0999e-01 1.7676e+03 1.8029e+03 1.8352e+03 9.9318e+18 8.5717e+18 7.2623e+18 2.0954e-02 6.1456e-03 1.9008e+05 1.5738e+04
1.4100e+03 1.4685e-11 8.0900e-01 1.7671e+03 1.8022e+03 1.8347e+03 1.0011e+19 8.6287e+18 7.3019e+18 2.0881e-02 6.1851e-03 1.9066e+05 1.5732e+04
1.4200e+03 1.4616e-11 8.0801e-01 1.7665e+03 1.8015e+03 1.8342e+03 1.0090e+19 8.6864e+18 7.3419e+18 2.0808e-02 6.2237e-03 1.9125e+05 1.5727e+04
1.4300e+03 1.4547e-11 8.0703e-01 1.7659e+03 1.8009e+03 1.8337e+03 1.0170e+19 8.7446e+18 7.3824e+18 2.0735e-02 6.2613e-03 1.9184e+05 1.5723e+04
1.4400e+03 1.4479e-11 8.0606e-01 1.7654e+03 1.8002e+03 1.8332e+03 1.0251e+19 8.8033e+18 7.4235e+18 2.0663e-02 6.2980e-03 1.9243e+05 1.5720e+04
1.4500e+03 1.4411e-11 8.0510e-01 1.7648e+03 1.7995e+03 1.8327e+03 1.0333e+19 8.8626e+18 7.4650e+18 2.0591e-02 6.3338e-03 1.9302e+05 1.5717e+04
1.4600e+03 1.4344e-11 8.0414e-01 1.7642e+03 1.7988e+03 1.8322e+03 1.0415e+19 8.9225e+18 7.5070e+18 2.0519e-02 6.3687e-03 1.9361e+05 1.5715e+04
1.4700e+03 1.4277e-11 8.0320e-01 1.7637e+03 1.7981e+03 1.8317e+03 1.0498e+19 8.9829e+18 7.5495e+18 2.0447e-02 6.4028e-03 1.9421e+05 1.5714e+04
1.4800e+03 1.4211e-11 8.0226e-01 1.7631e+03 1.7975e+03 1.8312e+03 1.0581e+19 9.0439e+18 7.5925e+18 2.0376e-02 6.4360e-03 1.9480e+05 1.5713e+04
1.4900e+03 1.4145e-11 8.0132e-01 1.7625e+03 1.7968e+03 1.8307e+03 1.0665e+19 9.1055e+18 7.6360e+18 2.0305e-02 6.4683e-03 1.9540e+05 1.5714e+04
1.5000e+03 1.4079e-11 8.0040e-01 1.7620e+03 1.7961e+03 1.8302e+03 1.0750e+19 9.1676e+18 7.6800e+18 2.0234e-02 6.4998e-03 1.9600e+05 1.5714e+04
1.5100e+03 1.4014e-11 7.9948e-01 1.7614e+03 1.7954e+03 1.8296e+03 1.0835e+19 9.2303e+18 7.7245e+18 2.0163e-02 6.5305e-03 1.9661e+05 1.5716e+04
1.5200e+03 1.3949e-11 7.9857e-01 1.7608e+03 1.7948e+03 1.8291e+03 1.0922e+19 9.2935e+18 7.7694e+18 2.0093e-02 6.5603e-03 1.9721e+05 1.5718e+04
1.5300e+03 1.3885e-11 7.9767e-01 1.7603e+03 1.7941e+03 1.8286e+03 1.1009e+19 9.3574e+18 7.8149e+18 2.0023e-02 6.5894e-03 1.9782e+05 1.5721e+04
1.5400e+03 1.3821e-11 7.9677e-01 1.7597e+03 1.7934e+03 1.8281e+03 1.1096e+19 9.4218e+18 7.8609e+18 1.9953e-02 6.6177e-03 1.9842e+05 1.5724e+04
1.5500e+03 1.3757e-11 7.9589e-01 1.7592e+03 1.7927e+03 1.8276e+03 1.1184e+19 9.4868e+18 7.9073e+18 1.9884e-02 6.6453e-03 1.9903e+05 1.5728e+04
1.5600e+03 1.3694e-11 7.9501e-01 1.7586e+03 1.7920e+03 1.8270e+03 1.1273e+19 9.5524e+18 7.9543e+18 1.9814e-02 6.6720e-03 1.9964e+05 1.5733e+04
1.5700e+03 1.3632e-11 7.9413e-01 1.7580e+03 1.7914e+03 1.8265e+03 1.1363e+19 9.6186e+18 8.0017e+18 1.9745e-02 6.6981e-03 2.0026e+05 1.5738e+04
1.5800e+03 1.3569e-11 7.9327e-01 1.7575e+03 1.7907e+03 1.8260e+03 1.1453e+19 9.6853e+18 8.0497e+18 1.9677e-02 6.7234e-03 2.0087e+05 1.5743e+04
1.5900e+03 1.3507e-11 7.9241e-01 1.7569e+03 1.7900e+03 1.8254e+03 1.1545e+19 9.7527e+18 8.0981e+18 1.9608e-02 6.7480e-03 2.0149e+05 1.5749e+04
1.6000e+03 1.3446e-11 7.9155e-01 1.7564e+03 1.7893e+03 1.8249e+03 1.1636e+19 9.8206e+18 8.1471e+18 1.9540e-02 6.7719e-03 2.0211e+05 1.5756e+04
1.6100e+03 1.3385e-11 7.9071e-01 1.7558e+03 1.7887e+03 1.8244e+03 1.1729e+19 9.8891e+18 8.1966e+18 1.9472e-02 6.7952e-03 2.0273e+05 1.5763e+04
1.6200e+03 1.3324e-11 7.8987e-01 1.7553e+03 1.7880e+03 1.8238e+03 1.1822e+19 9.9583e+18 8.2465e+18 1.9404e-02 6.8177e-03 2.0335e+05 1.5771e+04
1.6300e+03 1.3264e-11 7.8904e-01 1.7547e+03 1.7873e+03 1.8233e+03 1.1916e+19 1.0028e+19 8.2970e+18 1.9337e-02 6.8396e-03 2.0397e+05 1.5779e+04
1.6400e+03 1.3204e-11 7.8821e-01 1.7542e+03 1.7867e+03 1.8228e+03 1.2011e+19 1.0098e+19 8.3479e+18 1.9269e-02 6.8609e-03 2.0460e+05 1.5787e+04
1.6500e+03 1.3144e-11 7.8739e-01 1.7536e+03 1.7860e+03 1.8222e+03 1.2107e+19 1.0169e+19 8.3994e+18 1.9202e-02 6.8815e-03 2.0523e+05 1.5796e+04
1.6600e+03 1.3085e-11 7.8658e-01 1.7531e+03 1.7853e+03 1.8217e+03 1.2203e+19 1.0241e+19 8.4513e+18 1.9136e-02 6.9015e-03 2.0585e+05 1.5805e+04
1.6700e+03 1.3026e-11 7.8577e-01 1.7525e+03 1.7846e+03 1.8211e+03 1.2300e+19 1.0313e+19 8.5038e+18 1.9069e-02 6.9208e-03 2.0649e+05 1.5815e+04
1.6800e+03 1.2968e-11 7.8497e-01 1.7520e+03 1.7840e+03 1.8206e+03 1.2398e+19 1.0386e+19 8.5568e+18 1.9003e-02 6.9396e-03 2.0712e+05 1.5826e+04
1.6900e+03 1.2910e-11 7.8418e-01 1.7514e+03 1.7833e+03 1.8200e+03 1.2496e+19 1.0459e+19 8.6103e+18 1.8937e-02 6.9578e-03 2.0775e+05 1.5836e+04
1.7000e+03 1.2852e-11 7.8339e-01 1.7509e+03 1.7826e+03 1.8195e+03 1.2596e+19 1.0533e+19 8.6643e+18 1.8871e-02 6.9754e-03 2.0839e+05 1.5847e+04
1.7100e+03 1.2795e-11 7.8261e-01 1.7503e+03 1.7820e+03 1.8189e+03 1.2696e+19 1.0608e+19 8.7188e+18 1.8806e-02 6.9924e-03 2.0903e+05 1.5859e+04
1.7200e+03 1.2738e-11 7.8184e-01 1.7498e+03 1.7813e+03 1.8184e+03 1.2797e+19 1.0683e+19 8.7738e+18 1.8741e-02 7.0089e-03 2.0967e+05 1.5871e+04
1.7300e+03 1.2681e-11 7.8107e-01 1.7492e+03 1.7806e+03 1.8178e+03 1.2898e+19 1.0759e+19 8.8293e+18 1.8676e-02 7.0248e-03 2.1031e+05 1.5883e+04
1.7400e+03 1.2625e-11 7.8030e-01 1.7487e+03 1.7800e+03 1.8173e+03 1.3001e+19 1.0835e+19 8.8853e+18 1.8611e-02 7.0402e-03 2.1095e+05 1.5895e+04
1.7500e+03 1.2569e-11 7.7955e-01 1.7481e+03 1.7793e+03 1.8167e+03 1.3104e+19 1.0912e+19 8.9419e+18 1.8547e-02 7.0550e-03 2.1160e+05 1.5908e+04
1.7600e+03 1.2513e-11 7.7880e-01 1.7476e+03 1.7786e+03 1.8162e+03 1.3208e+19 1.0990e+19 8.9989e+18 1.8482e-02 7.0693e-03 2.1224e+05 1.5922e+04
1.7700e+03 1.2458e-11 7.7805e-01 1.7470e+03 1.7780e+03 1.8156e+03 1.3313e+19 1.1069e+19 9.0565e+18 1.8418e-02 7.0832e-03 2.1289e+05 1.5935e+04
1.7800e+03 1.2403e-11 7.7731e-01 1.7465e+03 1.7773e+03 1.8150e+03 1.3419e+19 1.1148e+19 9.1146e+18 1.8355e-02 7.0965e-03 2.1354e+05 1.5949e+04
1.7900e+03 1.2349e-11 7.7658e-01 1.7460e+03 1.7766e+03 1.8145e+03 1.3525e+19 1.1227e+19 9.1732e+18 1.8291e-02 7.1093e-03 2.1419e+05 1.5964e+04
1.8000e+03 1.2295e-11 7.7585e-01 1.7454e+03 1.7760e+03 1.8139e+03 1.3632e+19 1.1308e+19 9.2324e+18 1.8228e-02 7.1217e-03 2.1485e+05 1.5978e+04
1.8100e+03 1.2241e-11 7.7513e-01 1.7449e+03 1.7753e+03 1.8133e+03 1.3740e+19 1.1389e+19 9.2920e+18 1.8165e-02 7.1336e-03 2.1550e+05 1.5993e+04
1.8200e+03 1.2187e-11 7.7442e-01 1.7443e+03 1.7747e+03 1.8128e+03 1.3849e+19 1.1470e+19 9.3522e+18 1.8103e-02 7.1450e-03 2.1616e+05 1.6008e+04
1.8300e+03 1.2134e-11 7.7371e-01 1.7438e+03 1.7740e+03 1.8122e+03 1.3959e+19 1.1552e+19 9.4129e+18 1.8040e-02 7.1560e-03 2.1682e+05 1.6024e+04
1.8400e+03 1.2081e-11 7.7300e-01 1.7433e+03 1.7733e+03 1.8116e+03 1.4070e+19 1.1635e+19 9.4742e+18 1.7978e-02 7.1665e-03 2.1748e+05 1.6040e+04
1.8500e+03 1.2029e-11 7.7230e-01 1.7427e+03 1.7727e+03 1.8111e+03 1.4181e+19 1.1719e+19 9.5360e+18 1.7916e-02 7.1766e-03 2.1814e+05 1.6056e+04
1.8600e+03 1.1977e-11 7.7161e-01 1.7422e+03 1.7720e+03 1.8105e+03 1.4293e+19 1.1803e+19 9.5982e+18 1.7854e-02 7.1863e-03 2.1880e+05 1.6072e+04
1.8700e+03 1.1925e-11 7.7092e-01 1.7417e+03 1.7714e+03 1.8099e+03 1.4406e+19 1.1888e+19 9.6611e+18 1.7793e-02 7.1955e-03 2.1947e+05 1.6089e+04
1.8800e+03 1.1873e-11 7.7024e-01 1.7411e+03 1.7707e+03 1.8094e+03 1.4520e+19 1.1974e+19 9.7244e+18 1.7732e-02 7.2044e-03 2.2013e+05 1.6106e+04
1.8900e+03 1.1822e-11 7.6956e-01 1.7406e+03 1.7700e+03 1.8088e+03 1.4635e+19 1.2060e+19 9.7883e+18 1.7671e-02 7.2128e-03 2.2080e+05 1.6123e+04
1.9000e+03 1.1771e-11 7.6889e-01 1.7401e+03 1.7694e+03 1.8082e+03 1.4751e+19 1.2147e+19 9.8528e+18 1.7610e-02 7.2208e-03 2.2147e+05 1.6141e+04
1.9100e+03 1.1721e-11 7.6822e-01 1.7395e+03 1.7687e+03 1.8077e+03 1.4868e+19 1.2234e+19 9.9177e+18 1.7550e-02 7.2285e-03 2.2215e+05 1.6159e+04
1.9200e+03 1.1670e-11 7.6756e-01 1.7390e+03 1.7681e+03 1.8071e+03 1.4985e+19 1.2323e+19 9.9832e+18 1.7490e-02 7.2358e-03 2.2282e+05 1.6177e+04
1.9300e+03 1.1620e-11 7.6690e-01 1.7385e+03 1.7674e+03 1.8065e+03 1.5103e+19 1.2412e+19 1.0049e+19 1.7430e-02 7.2427e-03 2.2349e+05 1.6195e+04
1.9400e+03 1.1571e-11 7.6625e-01 1.7380e+03 1.7668e+03 1.8059e+03 1.5223e+19 1.2501e+19 1.0116e+19 1.7370e-02 7.2492e-03 2.2417e+05 1.6213e+04
1.9500e+03 1.1521e-11 7.6561e-01 1.7374e+03 1.7661e+03 1.8054e+03 1.5343e+19 1.2592e+19 1.0183e+19 1.7311e-02 7.2554e-03 2.2485e+05 1.6232e+04
1.9600e+03 1.1472e-11 7.6496e-01 1.7369e+03 1.7655e+03 1.8048e+03 1.5464e+19 1.2683e+19 1.0251e+19 1.7251e-02 7.2612e-03 2.2553e+05 1.6251e+04
1.9700e+03 1.1424e-11 7.6433e-01 1.7364e+03 1.7648e+03 1.8042e+03 1.5586e+19 1.2774e+19 1.0319e+19 1.7192e-02 7.2667e-03 2.2621e+05 1.6271e+04
1.9800e+03 1.1375e-11 7.6370e-01 1.7359e+03 1.7642e+03 1.8036e+03 1.5708e+19 1.2867e+19 1.0388e+19 1.7134e-02 7.2718e-03 2.2690e+05 1.6290e+04
1.9900e+03 1.1327e-11 7.6307e-01 1.7353e+03 1.7635e+03 1.8031e+03 1.5832e+19 1.2960e+19 1.0457e+19 1.7075e-02 7.2766e-03 2.2758e+05 1.6310e+04
2.0000e+03 1.1279e-11 7.6245e-01 1.7348e+03 1.7629e+03 1.8025e+03 1.5957e+19 1.3054e+19 1.0527e+19 1.7017e-02 7.2811e-03 2.2827e+05 1.6330e+04
2.0100e+03 1.1232e-11 7.6183e-01 1.7343e+03 1.7622e+03 1.8019e+03 1.6082e+19 1.3148e+19 1.0597e+19 1.6959e-02 7.2853e-03 2.2896e+05 1.6350e+04
2.0200e+03 1.1184e-11 7.6122e-01 1.7338e+03 1.7616e+03 1.8013e+03 1.6209e+19 1.3244e+19 1.0668e+19 1.6901e-02 7.2891e-03 2.2965e+05 1.6370e+04
2.0300e+03 1.1137e-11 7.6061e-01 1.7333e+03 1.7609e+03 1.8008e+03 1.6336e+19 1.3340e+19 1.0740e+19 1.6844e-02 7.2927e-03 2.3034e+05 1.6391e+04
2.0400e+03 1.1091e-11 7.6000e-01 1.7327e+03 1.7603e+03 1.8002e+03 1.6464e+19 1.3436e+19 1.0812e+19 1.6786e-02 7.2959e-03 2.3103e+05 1.6411e+04
2.0500e+03 1.1044e-11 7.5941e-01 1.7322e+03 1.7596e+03 1.7996e+03 1.6594e+19 1.3534e+19 1.0885e+19 1.6729e-02 7.2989e-03 2.3173e+05 1.6432e+04
2.0600e+03 1.0998e-11 7.5881e-01 1.7317e+03 1.7590e+03 1.7990e+03 1.6724e+19 1.3632e+19 1.0958e+19 1.6673e-02 7.3015e-03 2.3242e+05 1.6453e+04
2.0700e+03 1.0953e-11 7.5822e-01 1.7312e+03 1.7584e+03 1.7985e+03 1.6855e+19 1.3731e+19 1.1032e+19 1.6616e-02 7.3039e-03 2.3312e+05 1.6475e+04
2.0800e+03 1.0907e-11 7.5764e-01 1.7307e+03 1.7577e+03 1.7979e+03 1.6987e+19 1.3830e+19 1.1106e+19 1.6560e-02 7.3060e-03 2.3382e+05 1.6496e+04
2.0900e+03 1.0862e-11 7.5706e-01 1.7302e+03 1.7571e+03 1.7973e+03 1.7120e+19 1.3930e+19 1.1181e+19 1.6504e-02 7.3078e-03 2.3452e+05 1.6518e+04
2.1000e+03 1.0817e-11 7.5648e-01 1.7296e+03 1.7564e+03 1.7967e+03 1.7254e+19 1.4032e+19 1.1257e+19 1.6448e-02 7.3094e-03 2.3522e+05 1.6540e+04
2.1100e+03 1.0772e-11 7.5591e-01 1.7291e+03 1.7558e+03 1.7961e+03 1.7389e+19 1.4133e+19 1.1333e+19 1.6392e-02 7.3107e-03 2.3593e+05 1.6562e+04
2.1200e+03 1.0728e-11 7.5534e-01 1.7286e+03 1.7551e+03 1.7956e+03 1.7525e+19 1.4236e+19 1.1409e+19 1.6337e-02 7.3118e-03 2.3663e+05 1.6584e+04
2.1300e+03 1.0683e-11 7.5477e-01 1.7281e+03 1.7545e+03 1.7950e+03 1.7662e+19 1.4339e+19 1.1487e+19 1.6282e-02 7.3126e-03 2.3734e+05 1.6607e+04
2.1400e+03 1.0639e-11 7.5422e-01 1.7276e+03 1.7539e+03 1.7944e+03 1.7800e+19 1.4443e+19 1.1565e+19 1.6227e-02 7.3131e-03 2.3805e+05 1.6630e+04
2.1500e+03 1.0596e-11 7.5366e-01 1.7271e+03 1.7532e+03 1.7938e+03 1.7939e+19 1.4548e+19 1.1643e+19 1.6172e-02 7.3134e-03 2.3876e+05 1.6652e+04
2.1600e+03 1.0552e-11 7.5311e-01 1.7266e+03 1.7526e+03 1.7933e+03 1.8079e+19 1.4653e+19 1.1722e+19 1.6118e-02 7.3135e-03 2.3947e+05 1.6675e+04
2.1700e+03 1.0509e-11 7.5256e-01 1.7261e+03 1.7520e+03 1.7927e+03 1.8220e+19 1.4760e+19 1.1802e+19 1.6064e-02 7.3133e-03 2.4019e+05 1.6698e+04
2.1800e+03 1.0466e-11 7.5202e-01 1.7256e+03 1.7513e+03 1.7921e+03 1.8362e+19 1.4867e+19 1.1882e+19 1.6010e-02 7.3130e-03 2.4090e+05 1.6722e+04
2.1900e+03 1.0424e-11 7.5148e-01 1.7251e+03 1.7507e+03 1.7915e+03 1.8504e+19 1.4975e+19 1.1963e+19 1.5956e-02 7.3123e-03 2.4162e+05 1.6745e+04
2.2000e+03 1.0382e-11 7.5094e-01 1.7246e+03 1.7501e+03 1.7909e+03 1.8648e+19 1.5083e+19 1.2044e+19 1.5902e-02 7.3115e-03 2.4234e+05 1.6769e+04
2.2100e+03 1.0339e-11 7.5041e-01 1.7241e+03 1.7494e+03 1.7904e+03 1.8793e+19 1.5193e+19 1.2126e+19 1.5849e-02 7.3105e-03 2.4306e+05 1.6793e+04
2.2200e+03 1.0298e-11 7.4989e-01 1.7236e+03 1.7488e+03 1.7898e+03 1.8939e+19 1.5303e+19 1.2209e+19 1.5796e-02 7.3092e-03 2.4378e+05 1.6817e+04
2.2300e+03 1.0256e-11 7.4936e-01 1.7231e+03 1.7482e+03 1.7892e+03 1.9086e+19 1.5414e+19 1.2292e+19 1.5743e-02 7.3078e-03 2.4450e+05 1.6841e+04
2.2400e+03 1.0215e-11 7.4884e-01 1.7226e+03 1.7476e+03 1.7886e+03 1.9234e+19 1.5525e+19 1.2376e+19 1.5691e-02 7.3061e-03 2.4523e+05 1.6865e+04
2.2500e+03 1.0174e-11 7.4833e-01 1.7221e+03 1.7469e+03 1.7881e+03 1.9383e+19 1.5638e+19 1.2460e+19 1.5638e-02 7.3043e-03 2.4595e+05 1.6889e+04
2.2600e+03 1.0133e-11 7.4782e-01 1.7216e+03 1.7463e+03 1.7875e+03 1.9534e+19 1.5751e+19 1.2545e+19 1.5586e-02 7.3022e-03 2.4668e+05 1.6914e+04
2.2700e+03 1.0092e-11 7.4731e-01 1.7211e+03 1.7457e+03 1.7869e+03 1.9685e+19 1.5865e+19 1.2631e+19 1.5534e-02 7.3000e-03 2.4741e+05 1.6938e+04
2.2800e+03 1.0052e-11 7.4681e-01 1.7206e+03 1.7451e+03 1.7863e+03 1.9837e+19 1.5980e+19 1.2717e+19 1.5483e-02 7.2976e-03 2.4814e+05 1.6963e+04
2.2900e+03 1.0012e-11 7.4631e-01 1.7201e+03 1.7444e+03 1.7857e+03 1.9990e+19 1.6096e+19 1.2804e+19 1.5431e-02 7.2950e-03 2.4887e+05 1.6988e+04
2.3000e+03 9.9717e-12 7.4581e-01 1.7196e+03 1.7438e+03 1.7852e+03 2.0145e+19 1.6212e+19 1.2891e+19 1.5380e-02 7.2922e-03 2.4961e+05 1.7013e+04
2.3100e+03 9.9321e-12 7.4532e-01 1.7192e+03 1.7432e+03 1.7846e+03 2.0300e+19 1.6329e+19 1.2979e+19 1.5329e-02 7.2892e-03 2.5034e+05 1.7039e+04
2.3200e+03 9.8927e-12 7.4483e-01 1.7187e+03 1.7426e+03 1.7840e+03 2.0457e+19 1.6447e+19 1.3068e+19 1.5278e-02 7.2861e-03 2.5108e+05 1.7064e+04
2.3300e+03 9.8535e-12 7.4434e-01 1.7182e+03 1.7419e+03 1.7834e+03 2.0614e+19 1.6566e+19 1.3157e+19 1.5228e-02 7.2828e-03 2.5181e+05 1.7089e+04
2.3400e+03 9.8146e-12 7.4386e-01 1.7177e+03 1.7413e+03 1.7829e+03 2.0773e+19 1.6686e+19 1.3247e+19 1.5177e-02 7.2794e-03 2.5255e+05 1.7115e+04
2.3500e+03 9.7758e-12 7.4338e-01 1.7172e+03 1.7407e+03 1.7823e+03 2.0933e+19 1.6807e+19 1.3338e+19 1.5127e-02 7.2758e-03 2.5329e+05 1.7141e+04
2.3600e+03 9.7374e-12 7.4290e-01 1.7167e+03 1.7401e+03 1.7817e+03 2.1094e+19 1.6928e+19 1.3429e+19 1.5077e-02 7.2720e-03 2.5404e+05 1.7167e+04
2.3700e+03 9.6991e-12 7.4243e-01 1.7162e+03 1.7395e+03 1.7811e+03 2.1256e+19 1.7050e+19 1.3521e+19 1.5027e-02 7.2681e-03 2.5478e+05 1.7193e+04
2.3800e+03 9.6611e-12 7.4196e-01 1.7158e+03 1.7389e+03 1.7806e+03 2.1419e+19 1.7173e+19 1.3613e+19 1.4978e-02 7.2640e-03 2.5553e+05 1.7219e+04
2.3900e+03 9.6232e-12 7.4150e-01 1.7153e+03 1.7382e+03 1.7800e+03 2.1583e+19 1.7297e+19 1.3707e+19 1.4929e-02 7.2598e-03 2.5627e+05 1.7245e+04
2.4000e+03 9.5857e-12 7.4104e-01 1.7148e+03 1.7376e+03 1.7794e+03 2.1749e+19 1.7422e+19 1.3800e+19 1.4880e-02 7.2554e-03 2.5702e+05 1.7271e+04
2.4100e+03 9.5483e-12 7.4058e-01 1.7143e+03 1.7370e+03 1.7788e+03 2.1915e+19 1.7547e+19 1.3895e+19 1.4831e-02 7.2509e-03 2.5777e+05 1.7298e+04
2.4200e+03 9.5111e-12 7.4013e-01 1.7138e+03 1.7364e+03 1.7783e+03 2.2083e+19 1.7674e+19 1.3990e+19 1.4782e-02 7.2462e-03 2.5852e+05 1.7325e+04
2.4300e+03 9.4742e-12 7.3967e-01 1.7134e+03 1.7358e+03 1.7777e+03 2.2251e+19 1.7801e+19 1.4086e+19 1.4734e-02 7.2414e-03 2.5927e+05 1.7351e+04
2.4400e+03 9.4375e-12 7.3923e-01 1.7129e+03 1.7352e+03 1.7771e+03 2.2421e+19 1.7929e+19 1.4182e+19 1.4686e-02 7.2365e-03 2.6003e+05 1.7378e+04
2.4500e+03 9.4010e-12 7.3878e-01 1.7124e+03 1.7346e+03 1.7765e+03 2.2592e+19 1.8058e+19 1.4279e+19 1.4638e-02 7.2315e-03 2.6078e+05 1.7405e+04
2.4600e+03 9.3647e-12 7.3834e-01 1.7119e+03 1.7340e+03 1.7760e+03 2.2765e+19 1.8188e+19 1.4377e+19 1.4590e-02 7.2263e-03 2.6154e+05 1.7432e+04
2.4700e+03 9.3286e-12 7.3790e-01 1.7115e+03 1.7334e+03 1.7754e+03 2.2938e+19 1.8318e+19 1.4475e+19 1.4542e-02 7.2210e-03 2.6230e+05 1.7459e+04
2.4800e+03 9.2928e-12 7.3747e-01 1.7110e+03 1.7328e+03 1.7748e+03 2.3113e+19 1.8450e+19 1.4574e+19 1.4495e-02 7.2156e-03 2.6306e+05 1.7487e+04
2.4900e+03 9.2571e-12 7.3703e-01 1.7105e+03 1.7322e+03 1.7743e+03 2.3288e+19 1.8582e+19 1.4674e+19 1.4448e-02 7.2100e-03 2.6382e+05 1.7514e+04
2.5000e+03 9.2217e-12 7.3660e-01 1.7101e+03 1.7316e+03 1.7737e+03 2.3465e+19 1.8716e+19 1.4774e+19 1.4401e-02 7.2044e-03 2.6458e+05 1.7541e+04
2.5100e+03 9.1864e-12 7.3618e-01 1.7096e+03 1.7310e+03 1.7731e+03 2.3643e+19 1.8850e+19 1.4875e+19 1.4354e-02 7.1986e-03 2.6534e+05 1.7569e+04
2.5200e+03 9.1514e-12 7.3576e-01 1.7091e+03 1.7304e+03 1.7725e+03 2.3823e+19 1.8985e+19 1.4977e+19 1.4308e-02 7.1927e-03 2.6611e+05 1.7597e+04
2.5300e+03 9.1165e-12 7.3534e-01 1.7087e+03 1.7298e+03 1.7720e+03 2.4003e+19 1.9121e+19 1.5079e+19 1.4261e-02 7.1867e-03 2.6688e+05 1.7625e+04
2.5400e+03 9.0819e-12 7.3492e-01 1.7082e+03 1.7292e+03 1.7714e+03 2.4185e+19 1.9258e+19 1.5182e+19 1.4215e-02 7.1806e-03 2.6764e+05 1.7652e+04
2.5500e+03 9.0475e-12 7.3450e-01 1.7077e+03 1.7286e+03 1.7708e+03 2.4368e+19 1.9396e+19 1.5286e+19 1.4169e-02 7.1744e-03 2.6841e+05 1.7681e+04
2.5600e+03 9.0132e-12 7.3409e-01 1.7073e+03 1.7280e+03 1.7703e+03 2.4552e+19 1.9534e+19 1.5391e+19 1.4123e-02 7.1681e-03 2.6918e+05 1.7709e+04
2.5700e+03 8.9792e-12 7.3369e-01 1.7068e+03 1.7274e+03 1.7697e+03 2.4737e+19 1.9674e+19 1.5496e+19 1.4078e-02 7.1617e-03 2.6996e+05 1.7737e+04
2.5800e+03 8.9454e-12 7.3328e-01 1.7063e+03 1.7268e+03 1.7691e+03 2.4924e+19 1.9814e+19 1.5602e+19 1.4033e-02 7.1551e-03 2.7073e+05 1.7765e+04
2.5900e+03 8.9117e-12 7.3288e-01 1.7059e+03 1.7262e+03 1.7686e+03 2.5111e+19 1.9956e+19 1.5708e+19 1.3988e-02 7.1485e-03 2.7150e+05 1.7794e+04
2.6000e+03 8.8783e-12 7.3248e-01 1.7054e+03 1.7256e+03 1.7680e+03 2.5300e+19 2.0098e+19 1.5815e+19 1.3943e-02 7.1418e-03 2.7228e+05 1.7822e+04
2.6100e+03 8.8450e-12 7.3208e-01 1.7050e+03 1.7250e+03 1.7674e+03 2.5491e+19 2.0241e+19 1.5923e+19 1.3898e-02 7.1350e-03 2.7306e+05 1.7851e+04
2.6200e+03 8.8119e-12 7.3169e-01 1.7045e+03 1.7244e+03 1.7669e+03 2.5682e+19 2.0385e+19 1.6032e+19 1.3853e-02 7.1282e-03 2.7384e+05 1.7879e+04
2.6300e+03 8.7790e-12 7.3130e-01 1.7041e+03 1.7238e+03 1.7663e+03 2.5875e+19 2.0530e+19 1.6141e+19 1.3809e-02 7.1212e-03 2.7462e+05 1.7908e+04
2.6400e+03 8.7464e-12 7.3091e-01 1.7036e+03 1.7232e+03 1.7657e+03 2.6069e+19 2.0676e+19 1.6251e+19 1.3765e-02 7.1141e-03 2.7540e+05 1.7937e+04
2.6500e+03 8.7138e-12 7.3053e-01 1.7032e+03 1.7226e+03 1.7652e+03 2.6264e+19 2.0823e+19 1.6362e+19 1.3721e-02 7.1070e-03 2.7618e+05 1.7966e+04
2.6600e+03 8.6815e-12 7.3015e-01 1.7027e+03 1.7220e+03 1.7646e+03 2.6461e+19 2.0971e+19 1.6473e+19 1.3677e-02 7.0998e-03 2.7697e+05 1.7995e+04
2.6700e+03 8.6494e-12 7.2977e-01 1.7023e+03 1.7215e+03 1.7641e+03 2.6658e+19 2.1120e+19 1.6585e+19 1.3634e-02 7.0925e-03 2.7775e+05 1.8024e+04
2.6800e+03 8.6174e-12 7.2939e-01 1.7018e+03 1.7209e+03 1.7635e+03 2.6858e+19 2.1269e+19 1.6698e+19 1.3590e-02 7.0851e-03 2.7854e+05 1.8053e+04
2.6900e+03 8.5857e-12 7.2902e-01 1.7014e+03 1.7203e+03 1.7629e+03 2.7058e+19 2.1420e+19 1.6812e+19 1.3547e-02 7.0776e-03 2.7933e+05 1.8082e+04
2.7000e+03 8.5541e-12 7.2864e-01 1.7009e+03 1.7197e+03 1.7624e+03 2.7260e+19 2.1572e+19 1.6926e+19 1.3504e-02 7.0701e-03 2.8012e+05 1.8112e+04
2.7100e+03 8.5227e-12 7.2828e-01 1.7005e+03 1.7191e+03 1.7618e+03 2.7463e+19 2.1724e+19 1.7041e+19 1.3461e-02 7.0625e-03 2.8091e+05 1.8141e+04
2.7200e+03 8.4914e-12 7.2791e-01 1.7000e+03 1.7185e+03 1.7613e+03 2.7667e+19 2.1878e+19 1.7157e+19 1.3419e-02 7.0548e-03 2.8170e+05 1.8171e+04
2.7300e+03 8.4604e-12 7.2755e-01 1.6996e+03 1.7180e+03 1.7607e+03 2.7873e+19 2.2033e+19 1.7274e+19 1.3376e-02 7.0470e-03 2.8249e+05 1.8200e+04
2.7400e+03 8.4295e-12 7.2719e-01 1.6991e+03 1.7174e+03 1.7601e+03 2.8080e+19 2.2188e+19 1.7391e+19 1.3334e-02 7.0392e-03 2.8329e+05 1.8230e+04
2.7500e+03 8.3988e-12 7.2683e-01 1.6987e+03 1.7168e+03 1.7596e+03 2.8288e+19 2.2345e+19 1.7509e+19 1.3292e-02 7.0313e-03 2.8408e+05 1.8260e+04
2.7600e+03 8.3682e-12 7.2647e-01 1.6983e+03 1.7162e+03 1.7590e+03 2.8497e+19 2.2502e+19 1.7628e+19 1.3250e-02 7.0234e-03 2.8488e+05 1.8290e+04
2.7700e+03 8.3379e-12 7.2612e-01 1.6978e+03 1.7156e+03 1.7585e+03 2.8708e+19 2.2660e+19 1.7747e+19 1.3209e-02 7.0154e-03 2.8568e+05 1.8320e+04
2.7800e+03 8.3077e-12 7.2577e-01 1.6974e+03 1.7151e+03 1.7579e+03 2.8921e+19 2.2820e+19 1.7867e+19 1.3167e-02 7.0073e-03 2.8648e+05 1.8350e+04
2.7900e+03 8.2777e-12 7.2542e-01 1.6969e+03 1.7145e+03 1.7574e+03 2.9134e+19 2.2980e+19 1.7988e+19 1.3126e-02 6.9992e-03 2.8728e+05 1.8380e+04
2.8000e+03 8.2478e-12 7.2508e-01 1.6965e+03 1.7139e+03 1.7568e+03 2.9349e+19 2.3142e+19 1.8110e+19 1.3085e-02 6.9910e-03 2.8808e+05 1.8410e+04
2.8100e+03 8.2181e-12 7.2473e-01 1.6961e+03 1.7133e+03 1.7563e+03 2.9566e+19 2.3304e+19 1.8233e+19 1.3044e-02 6.9827e-03 2.8889e+05 1.8440e+04
2.8200e+03 8.1886e-12 7.2439e-01 1.6956e+03 1.7128e+03 1.7557e+03 2.9783e+19 2.3468e+19 1.8356e+19 1.3003e-02 6.9744e-03 2.8969e+05 1.8471e+04
2.8300e+03 8.1593e-12 7.2406e-01 1.6952e+03 1.7122e+03 1.7552e+03 3.0003e+19 2.3632e+19 1.8480e+19 1.2963e-02 6.9660e-03 2.9050e+05 1.8501e+04
2.8400e+03 8.1301e-12 7.2372e-01 1.6948e+03 1.7116e+03 1.7546e+03 3.0223e+19 2.3797e+19 1.8605e+19 1.2922e-02 6.9576e-03 2.9131e+05 1.8531e+04
2.8500e+03 8.1010e-12 7.2339e-01 1.6943e+03 1.7111e+03 1.7541e+03 3.0445e+19 2.3964e+19 1.8730e+19 1.2882e-02 6.9492e-03 2.9212e+05 1.8562e+04
2.8600e+03 8.0722e-12 7.2306e-01 1.6939e+03 1.7105e+03 1.7535e+03 3.0668e+19 2.4131e+19 1.8856e+19 1.2842e-02 6.9406e-03 2.9293e+05 1.8593e+04
2.8700e+03 8.0435e-12 7.2273e-01 1.6935e+03 1.7099e+03 1.7530e+03 3.0893e+19 2.4300e+19 1.8984e+19 1.2802e-02 6.9321e-03 2.9374e+05 1.8623e+04
2.8800e+03 8.0149e-12 7.2240e-01 1.6931e+03 1.7094e+03 1.7524e+03 3.1119e+19 2.4469e+19 1.9111e+19 1.2762e-02 6.9235e-03 2.9455e+05 1.8654e+04
2.8900e+03 7.9866e-12 7.2208e-01 1.6926e+03 1.7088e+03 1.7519e+03 3.1347e+19 2.4640e+19 1.9240e+19 1.2723e-02 6.9148e-03 2.9537e+05 1.8685e+04
2.9000e+03 7.9583e-12 7.2176e-01 1.6922e+03 1.7082e+03 1.7513e+03 3.1575e+19 2.4812e+19 1.9370e+19 1.2684e-02 6.9061e-03 2.9618e+05 1.8716e+04
2.9100e+03 7.9303e-12 7.2144e-01 1.6918e+03 1.7077e+03 1.7508e+03 3.1806e+19 2.4984e+19 1.9500e+19 1.2644e-02 6.8973e-03 2.9700e+05 1.8747e+04
2.9200e+03 7.9023e-12 7.2112e-01 1.6914e+03 1.7071e+03 1.7502e+03 3.2038e+19 2.5158e+19 1.9631e+19 1.2605e-02 6.8885e-03 2.9782e+05 1.8778e+04
2.9300e+03 7.8746e-12 7.2081e-01 1.6909e+03 1.7065e+03 1.7497e+03 3.2271e+19 2.5333e+19 1.9763e+19 1.2567e-02 6.8797e-03 2.9863e+05 1.8809e+04
2.9400e+03 7.8470e-12 7.2050e-01 1.6905e+03 1.7060e+03 1.7491e+03 3.2505e+19 2.5508e+19 1.9895e+19 1.2528e-02 6.8708e-03 2.9945e+05 1.8840e+04
2.9500e+03 7.8195e-12 7.2019e-01 1.6901e+03 1.7054e+03 1.7486e+03 3.2742e+19 2.5685e+19 2.0029e+19 1.2490e-02 6.8619e-03 3.0028e+05 1.8871e+04
2.9600e+03 7.7922e-12 7.1988e-01 1.6897e+03 1.7049e+03 1.7480e+03 3.2979e+19 2.5863e+19 2.0163e+19 1.2451e-02 6.8529e-03 3.0110e+05 1.8902e+04
2.9700e+03 7.7651e-12 7.1958e-01 1.6893e+03 1.7043e+03 1.7475e+03 3.3218e+19 2.6042e+19 2.0298e+19 1.2413e-02 6.8439e-03 3.0192e+05 1.8934e+04
2.9800e+03 7.7381e-12 7.1927e-01 1.6889e+03 1.7038e+03 1.7470e+03 3.3459e+19 2.6222e+19 2.0434e+19 1.2375e-02 6.8349e-03 3.0275e+05 1.8965e+04
2.9900e+03 7.7112e-12 7.1897e-01 1.6884e+03 1.7032e+03 1.7464e+03 3.3701e+19 2.6403e+19 2.0570e+19 1.2337e-02 6.8258e-03 3.0357e+05 1.8997e+04
3.0000e+03 7.6845e-12 7.1868e-01 1.6880e+03 1.7026e+03 1.7459e+03 3.3944e+19 2.6586e+19 2.0708e+19 1.2300e-02 6.8167e-03 3.0440e+05 1.9028e+04
3.0100e+03 7.6579e-12 7.1838e-01 1.6876e+03 1.7021e+03 1.7453e+03 3.4189e+19 2.6769e+19 2.0846e+19 1.2262e-02 6.8076e-03 3.0523e+05 1.9060e+04
3.0200e+03 7.6315e-12 7.1809e-01 1.6872e+03 1.7015e+03 1.7448e+03 3.4436e+19 2.6953e+19 2.0985e+19 1.2225e-02 6.7984e-03 3.0606e+05 1.9091e+04
3.0300e+03 7.6052e-12 7.1779e-01 1.6868e+03 1.7010e+03 1.7443e+03 3.4684e+19 2.7139e+19 2.1125e+19 1.2188e-02 6.7892e-03 3.0689e+05 1.9123e+04
3.0400e+03 7.5791e-12 7.1750e-01 1.6864e+03 1.7004e+03 1.7437e+03 3.4933e+19 2.7325e+19 2.1266e+19 1.2151e-02 6.7800e-03 3.0773e+05 1.9155e+04
3.0500e+03 7.5531e-12 7.1722e-01 1.6860e+03 1.6999e+03 1.7432e+03 3.5184e+19 2.7513e+19 2.1407e+19 1.2114e-02 6.7707e-03 3.0856e+05 1.9187e+04
3.0600e+03 7.5273e-12 7.1693e-01 1.6856e+03 1.6993e+03 1.7427e+03 3.5437e+19 2.7702e+19 2.1550e+19 1.2077e-02 6.7615e-03 3.0939e+05 1.9219e+04
3.0700e+03 7.5016e-12 7.1665e-01 1.6852e+03 1.6988e+03 1.7421e+03 3.5691e+19 2.7892e+19 2.1693e+19 1.2041e-02 6.7521e-03 3.1023e+05 1.9251e+04
3.0800e+03 7.4760e-12 7.1637e-01 1.6847e+03 1.6982e+03 1.7416e+03 3.5946e+19 2.8083e+19 2.1837e+19 1.2005e-02 6.7428e-03 3.1107e+05 1.9283e+04
3.0900e+03 7.4506e-12 7.1609e-01 1.6843e+03 1.6977e+03 1.7411e+03 3.6203e+19 2.8275e+19 2.1982e+19 1.1968e-02 6.7334e-03 3.1191e+05 1.9315e+04
3.1000e+03 7.4253e-12 7.1581e-01 1.6839e+03 1.6972e+03 1.7405e+03 3.6462e+19 2.8468e+19 2.2128e+19 1.1932e-02 6.7240e-03 3.1275e+05 1.9347e+04
3.1100e+03 7.4001e-12 7.1554e-01 1.6835e+03 1.6966e+03 1.7400e+03 3.6722e+19 2.8662e+19 2.2275e+19 1.1897e-02 6.7146e-03 3.1359e+05 1.9379e+04
3.1200e+03 7.3751e-12 7.1526e-01 1.6831e+03 1.6961e+03 1.7395e+03 3.6984e+19 2.8858e+19 2.2422e+19 1.1861e-02 6.7052e-03 3.1443e+05 1.9411e+04
3.1300e+03 7.3503e-12 7.1499e-01 1.6827e+03 1.6955e+03 1.7389e+03 3.7247e+19 2.9054e+19 2.2571e+19 1.1825e-02 6.6957e-03 3.1527e+05 1.9444e+04
3.1400e+03 7.3255e-12 7.1472e-01 1.6823e+03 1.6950e+03 1.7384e+03 3.7512e+19 2.9252e+19 2.2720e+19 1.1790e-02 6.6862e-03 3.1612e+05 1.9476e+04
3.1500e+03 7.3009e-12 7.1446e-01 1.6819e+03 1.6945e+03 1.7379e+03 3.7779e+19 2.9451e+19 2.2870e+19 1.1755e-02 6.6767e-03 3.1696e+05 1.9508e+04
3.1600e+03 7.2764e-12 7.1419e-01 1.6815e+03 1.6939e+03 1.7373e+03 3.8047e+19 2.9651e+19 2.3021e+19 1.1720e-02 6.6672e-03 3.1781e+05 1.9541e+04
3.1700e+03 7.2521e-12 7.1393e-01 1.6811e+03 1.6934e+03 1.7368e+03 3.8317e+19 2.9852e+19 2.3173e+19 1.1685e-02 6.6576e-03 3.1866e+05 1.9573e+04
3.1800e+03 7.2278e-12 7.1367e-01 1.6808e+03 1.6928e+03 1.7363e+03 3.8588e+19 3.0055e+19 2.3325e+19 1.1650e-02 6.6480e-03 3.1951e+05 1.9606e+04
3.1900e+03 7.2038e-12 7.1341e-01 1.6804e+03 1.6923e+03 1.7358e+03 3.8861e+19 3.0258e+19 2.3479e+19 1.1615e-02 6.6385e-03 3.2036e+05 1.9638e+04
3.2000e+03 7.1798e-12 7.1315e-01 1.6800e+03 1.6918e+03 1.7352e+03 3.9136e+19 3.0463e+19 2.3633e+19 1.1581e-02 6.6288e-03 3.2121e+05 1.9671e+04
3.2100e+03 7.1560e-12 7.1290e-01 1.6796e+03 1.6912e+03 1.7347e+03 3.9412e+19 3.0669e+19 2.3789e+19 1.1547e-02 6.6192e-03 3.2206e+05 1.9704e+04
3.2200e+03 7.1323e-12 7.1265e-01 1.6792e+03 1.6907e+03 1.7342e+03 3.9690e+19 3.0876e+19 2.3945e+19 1.1512e-02 6.6096e-03 3.2292e+05 1.9737e+04
3.2300e+03 7.1087e-12 7.1240e-01 1.6788e+03 1.6902e+03 1.7337e+03 3.9969e+19 3.1084e+19 2.4102e+19 1.1478e-02 6.5999e-03 3.2377e+05 1.9769e+04
3.2400e+03 7.0852e-12 7.1215e-01 1.6784e+03 1.6896e+03 1.7331e+03 4.0250e+19 3.1294e+19 2.4260e+19 1.1445e-02 6.5903e-03 3.2463e+05 1.9802e+04
3.2500e+03 7.0619e-12 7.1190e-01 1.6780e+03 1.6891e+03 1.7326e+03 4.0533e+19 3.1504e+19 2.4419e+19 1.1411e-02 6.5806e-03 3.2548e+05 1.9835e+04
3.2600e+03 7.0387e-12 7.1165e-01 1.6776e+03 1.6886e+03 1.7321e+03 4.0817e+19 3.1716e+19 2.4579e+19 1.1377e-02 6.5709e-03 3.2634e+05 1.9868e+04
3.2700e+03 7.0156e-12 7.1141e-01 1.6772e+03 1.6881e+03 1.7316e+03 4.1103e+19 3.1929e+19 2.4740e+19 1.1344e-02 6.5612e-03 3.2720e+05 1.9901e+04
3.2800e+03 6.9927e-12 7.1117e-01 1.6769e+03 1.6875e+03 1.7311e+03 4.1391e+19 3.2143e+19 2.4901e+19 1.1311e-02 6.5515e-03 3.2806e+05 1.9934e+04
3.2900e+03 6.9698e-12 7.1093e-01 1.6765e+03 1.6870e+03 1.7305e+03 4.1681e+19 3.2359e+19 2.5064e+19 1.1277e-02 6.5417e-03 3.2892e+05 1.9967e+04
3.3000e+03 6.9471e-12 7.1069e-01 1.6761e+03 1.6865e+03 1.7300e+03 4.1972e+19 3.2575e+19 2.5227e+19 1.1244e-02 6.5320e-03 3.2979e+05 2.0001e+04
3.3100e+03 6.9245e-12 7.1046e-01 1.6757e+03 1.6860e+03 1.7295e+03 4.2265e+19 3.2793e+19 2.5392e+19 1.1212e-02 6.5222e-03 3.3065e+05 2.0034e+04
3.3200e+03 6.9021e-12 7.1022e-01 1.6753e+03 1.6854e+03 1.7290e+03 4.2559e+19 3.3012e+19 2.5557e+19 1.1179e-02 6.5125e-03 3.3152e+05 2.0067e+04
3.3300e+03 6.8797e-12 7.0999e-01 1.6750e+03 1.6849e+03 1.7285e+03 4.2855e+19 3.3233e+19 2.5723e+19 1.1146e-02 6.5027e-03 3.3238e+05 2.0100e+04
3.3400e+03 6.8575e-12 7.0976e-01 1.6746e+03 1.6844e+03 1.7280e+03 4.3153e+19 3.3454e+19 2.5890e+19 1.1114e-02 6.4929e-03 3.3325e+05 2.0134e+04
3.3500e+03 6.8353e-12 7.0953e-01 1.6742e+03 1.6839e+03 1.7275e+03 4.3453e+19 3.3677e+19 2.6058e+19 1.1082e-02 6.4831e-03 3.3412e+05 2.0167e+04
3.3600e+03 6.8133e-12 7.0930e-01 1.6738e+03 1.6834e+03 1.7269e+03 4.3754e+19 3.3901e+19 2.6227e+19 1.1049e-02 6.4733e-03 3.3499e+05 2.0201e+04
3.3700e+03 6.7915e-12 7.0908e-01 1.6734e+03 1.6828e+03 1.7264e+03 4.4057e+19 3.4126e+19 2.6397e+19 1.1017e-02 6.4635e-03 3.3586e+05 2.0234e+04
3.3800e+03 6.7697e-12 7.0885e-01 1.6731e+03 1.6823e+03 1.7259e+03 4.4362e+19 3.4353e+19 2.6568e+19 1.0986e-02 6.4537e-03 3.3673e+05 2.0268e+04
3.3900e+03 6.7480e-12 7.0863e-01 1.6727e+03 1.6818e+03 1.7254e+03 4.4669e+19 3.4581e+19 2.6740e+19 1.0954e-02 6.4439e-03 3.3761e+05 2.0301e+04
3.4000e+03 6.7265e-12 7.0841e-01 1.6723e+03 1.6813e+03 1.7249e+03 4.4977e+19 3.4810e+19 2.6913e+19 1.0922e-02 6.4340e-03 3.3848e+05 2.0335e+04
3.4100e+03 6.7050e-12 7.0820e-01 1.6720e+03 1.6808e+03 1.7244e+03 4.5288e+19 3.5040e+19 2.7087e+19 1.0891e-02 6.4242e-03 3.3935e+05 2.0369e+04
3.4200e+03 6.6837e-12 7.0798e-01 1.6716e+03 1.6803e+03 1.7239e+03 4.5600e+19 3.5272e+19 2.7261e+19 1.0860e-02 6.4144e-03 3.4023e+05 2.0402e+04
3.4300e+03 6.6625e-12 7.0776e-01 1.6712e+03 1.6797e+03 1.7234e+03 4.5913e+19 3.5504e+19 2.7437e+19 1.0828e-02 6.4045e-03 3.4111e+05 2.0436e+04
3.4400e+03 6.6414e-12 7.0755e-01 1.6708e+03 1.6792e+03 1.7229e+03 4.6229e+19 3.5739e+19 2.7614e+19 1.0797e-02 6.3947e-03 3.4199e+05 2.0470e+04
3.4500e+03 6.6204e-12 7.0734e-01 1.6705e+03 1.6787e+03 1.7224e+03 4.6546e+19 3.5974e+19 2.7791e+19 1.0766e-02 6.3848e-03 3.4287e+05 2.0504e+04
3.4600e+03 6.5995e-12 7.0713e-01 1.6701e+03 1.6782e+03 1.7219e+03 4.6865e+19 3.6211e+19 2.7970e+19 1.0736e-02 6.3750e-03 3.4375e+05 2.0538e+04
3.4700e+03 6.5787e-12 7.0692e-01 1.6697e+03 1.6777e+03 1.7213e+03 4.7186e+19 3.6449e+19 2.8149e+19 1.0705e-02 6.3651e-03 3.4463e+05 2.0572e+04
3.4800e+03 6.5581e-12 7.0672e-01 1.6694e+03 1.6772e+03 1.7208e+03 4.7509e+19 3.6688e+19 2.8330e+19 1.0674e-02 6.3553e-03 3.4551e+05 2.0606e+04
3.4900e+03 6.5375e-12 7.0651e-01 1.6690e+03 1.6767e+03 1.7203e+03 4.7833e+19 3.6929e+19 2.8512e+19 1.0644e-02 6.3454e-03 3.4640e+05 2.0640e+04
3.5000e+03 6.5171e-12 7.0631e-01 1.6687e+03 1.6762e+03 1.7198e+03 4.8160e+19 3.7170e+19 2.8694e+19 1.0614e-02 6.3356e-03 3.4728e+05 2.0674e+04
3.5100e+03 6.4967e-12 7.0611e-01 1.6683e+03 1.6757e+03 1.7193e+03 4.8488e+19 3.7414e+19 2.8878e+19 1.0584e-02 6.3257e-03 3.4817e+05 2.0708e+04
3.5200e+03 6.4765e-12 7.0591e-01 1.6679e+03 1.6752e+03 1.7188e+03 4.8818e+19 3.7658e+19 2.9062e+19 1.0554e-02 6.3158e-03 3.4905e+05 2.0742e+04
3.5300e+03 6.4563e-12 7.0571e-01 1.6676e+03 1.6747e+03 1.7183e+03 4.9150e+19 3.7904e+19 2.9248e+19 1.0524e-02 6.3060e-03 3.4994e+05 2.0776e+04
3.5400e+03 6.4363e-12 7.0551e-01 1.6672e+03 1.6742e+03 1.7178e+03 4.9484e+19 3.8151e+19 2.9434e+19 1.0494e-02 6.2961e-03 3.5083e+05 2.0810e+04
3.5500e+03 6.4164e-12 7.0532e-01 1.6669e+03 1.6737e+03 1.7173e+03 4.9820e+19 3.8400e+19 2.9621e+19 1.0464e-02 6.2863e-03 3.5172e+05 2.0845e+04
3.5600e+03 6.3965e-12 7.0513e-01 1.6665e+03 1.6732e+03 1.7168e+03 5.0157e+19 3.8650e+19 2.9810e+19 1.0435e-02 6.2764e-03 3.5261e+05 2.0879e+04
3.5700e+03 6.3768e-12 7.0494e-01 1.6661e+03 1.6727e+03 1.7163e+03 5.0497e+19 3.8901e+19 2.9999e+19 1.0406e-02 6.2666e-03 3.5351e+05 2.0913e+04
3.5800e+03 6.3572e-12 7.0475e-01 1.6658e+03 1.6722e+03 1.7159e+03 5.0838e+19 3.9153e+19 3.0190e+19 1.0376e-02 6.2567e-03 3.5440e+05 2.0948e+04
3.5900e+03 6.3376e-12 7.0456e-01 1.6654e+03 1.6717e+03 1.7154e+03 5.1181e+19 3.9407e+19 3.0382e+19 1.0347e-02 6.2469e-03 3.5530e+05 2.0982e+04
3.6000e+03 6.3182e-12 7.0437e-01 1.6651e+03 1.6712e+03 1.7149e+03 5.1526e+19 3.9663e+19 3.0574e+19 1.0318e-02 6.2370e-03 3.5619e+05 2.1017e+04
3.6100e+03 6.2989e-12 7.0419e-01 1.6647e+03 1.6707e+03 1.7144e+03 5.1873e+19 3.9919e+19 3.0768e+19 1.0289e-02 6.2272e-03 3.5709e+05 2.1051e+04
3.6200e+03 6.2796e-12 7.0400e-01 1.6644e+03 1.6702e+03 1.7139e+03 5.2222e+19 4.0177e+19 3.0962e+19 1.0261e-02 6.2173e-03 3.5799e+05 2.1086e+04
3.6300e+03 6.2605e-12 7.0382e-01 1.6640e+03 1.6697e+03 1.7134e+03 5.2573e+19 4.0436e+19 3.1158e+19 1.0232e-02 6.2075e-03 3.5888e+05 2.1120e+04
3.6400e+03 6.2415e-12 7.0364e-01 1.6637e+03 1.6692e+03 1.7129e+03 5.2926e+19 4.0697e+19 3.1355e+19 1.0203e-02 6.1976e-03 3.5978e+05 2.1155e+04
3.6500e+03 6.2225e-12 7.0346e-01 1.6633e+03 1.6687e+03 1.7124e+03 5.3281e+19 4.0959e+19 3.1552e+19 1.0175e-02 6.1878e-03 3.6069e+05 2.1190e+04
3.6600e+03 6.2037e-12 7.0328e-01 1.6630e+03 1.6682e+03 1.7119e+03 5.3638e+19 4.1223e+19 3.1751e+19 1.0147e-02 6.1780e-03 3.6159e+05 2.1224e+04
3.6700e+03 6.1849e-12 7.0311e-01 1.6626e+03 1.6677e+03 1.7114e+03 5.3996e+19 4.1488e+19 3.1951e+19 1.0119e-02 6.1682e-03 3.6249e+05 2.1259e+04
3.6800e+03 6.1663e-12 7.0293e-01 1.6623e+03 1.6672e+03 1.7109e+03 5.4357e+19 4.1754e+19 3.2152e+19 1.0091e-02 6.1584e-03 3.6340e+05 2.1294e+04
3.6900e+03 6.1477e-12 7.0276e-01 1.6620e+03 1.6667e+03 1.7105e+03 5.4720e+19 4.2022e+19 3.2354e+19 1.0063e-02 6.1485e-03 3.6430e+05 2.1329e+04
3.7000e+03 6.1292e-12 7.0259e-01 1.6616e+03 1.6662e+03 1.7100e+03 5.5084e+19 4.2291e+19 3.2557e+19 1.0035e-02 6.1387e-03 3.6521e+05 2.1363e+04
3.7100e+03 6.1109e-12 7.0242e-01 1.6613e+03 1.6658e+03 1.7095e+03 5.5451e+19 4.2561e+19 3.2761e+19 1.0007e-02 6.1289e-03 3.6611e+05 2.1398e+04
3.7200e+03 6.0926e-12 7.0225e-01 1.6609e+03 1.6653e+03 1.7090e+03 5.5820e+19 4.2833e+19 3.2966e+19 9.9798e-03 6.1191e-03 3.6702e+05 2.1433e+04
3.7300e+03 6.0744e-12 7.0209e-01 1.6606e+03 1.6648e+03 1.7085e+03 5.6190e+19 4.3106e+19 3.3172e+19 9.9523e-03 6.1094e-03 3.6793e+05 2.1468e+04
3.7400e+03 6.0563e-12 7.0192e-01 1.6603e+03 1.6643e+03 1.7080e+03 5.6563e+19 4.3381e+19 3.3379e+19 9.9250e-03 6.0996e-03 3.6884e+05 2.1503e+04
3.7500e+03 6.0383e-12 7.0176e-01 1.6599e+03 1.6638e+03 1.7075e+03 5.6938e+19 4.3657e+19 3.3588e+19 9.8978e-03 6.0898e-03 3.6975e+05 2.1538e+04
3.7600e+03 6.0204e-12 7.0159e-01 1.6596e+03 1.6633e+03 1.7071e+03 5.7315e+19 4.3935e+19 3.3797e+19 9.8707e-03 6.0800e-03 3.7067e+05 2.1573e+04
3.7700e+03 6.0025e-12 7.0143e-01 1.6592e+03 1.6629e+03 1.7066e+03 5.7693e+19 4.4214e+19 3.4008e+19 9.8437e-03 6.0703e-03 3.7158e+05 2.1608e+04
3.7800e+03 5.9848e-12 7.0127e-01 1.6589e+03 1.6624e+03 1.7061e+03 5.8074e+19 4.4495e+19 3.4219e+19 9.8169e-03 6.0605e-03 3.7249e+05 2.1643e+04
3.7900e+03 5.9671e-12 7.0112e-01 1.6586e+03 1.6619e+03 1.7056e+03 5.8457e+19 4.4777e+19 3.4432e+19 9.7901e-03 6.0508e-03 3.7341e+05 2.1678e+04
3.8000e+03 5.9496e-12 7.0096e-01 1.6582e+03 1.6614e+03 1.7051e+03 5.8842e+19 4.5060e+19 3.4646e+19 9.7635e-03 6.0410e-03 3.7432e+05 2.1714e+04
3.8100e+03 5.9321e-12 7.0081e-01 1.6579e+03 1.6609e+03 1.7047e+03 5.9229e+19 4.5345e+19 3.4861e+19 9.7370e-03 6.0313e-03 3.7524e+05 2.1749e+04
3.8200e+03 5.9147e-12 7.0065e-01 1.6576e+03 1.6605e+03 1.7042e+03 5.9618e+19 4.5631e+19 3.5077e+19 9.7105e-03 6.0216e-03 3.7616e+05 2.1784e+04
3.8300e+03 5.8974e-12 7.0050e-01 1.6572e+03 1.6600e+03 1.7037e+03 6.0009e+19 4.5919e+19 3.5294e+19 9.6842e-03 6.0119e-03 3.7708e+05 2.1819e+04
3.8400e+03 5.8802e-12 7.0035e-01 1.6569e+03 1.6595e+03 1.7032e+03 6.0403e+19 4.6208e+19 3.5512e+19 9.6580e-03 6.0022e-03 3.7800e+05 2.1855e+04
3.8500e+03 5.8630e-12 7.0020e-01 1.6566e+03 1.6590e+03 1.7028e+03 6.0798e+19 4.6499e+19 3.5731e+19 9.6319e-03 5.9925e-03 3.7892e+05 2.1890e+04
3.8600e+03 5.8460e-12 7.0005e-01 1.6563e+03 1.6586e+03 1.7023e+03 6.1195e+19 4.6791e+19 3.5952e+19 9.6060e-03 5.9828e-03 3.7984e+05 2.1925e+04
3.8700e+03 5.8290e-12 6.9990e-01 1.6559e+03 1.6581e+03 1.7018e+03 6.1595e+19 4.7085e+19 3.6173e+19 9.5801e-03 5.9731e-03 3.8077e+05 2.1961e+04
3.8800e+03 5.8121e-12 6.9976e-01 1.6556e+03 1.6576e+03 1.7013e+03 6.1997e+19 4.7381e+19 3.6396e+19 9.5543e-03 5.9635e-03 3.8169e+05 2.1996e+04
3.8900e+03 5.7953e-12 6.9961e-01 1.6553e+03 1.6571e+03 1.7009e+03 6.2401e+19 4.7677e+19 3.6620e+19 9.5287e-03 5.9538e-03 3.8262e+05 2.2032e+04
3.9000e+03 5.7786e-12 6.9947e-01 1.6550e+03 1.6567e+03 1.7004e+03 6.2807e+19 4.7976e+19 3.6845e+19 9.5031e-03 5.9442e-03 3.8354e+05 2.2067e+04
3.9100e+03 5.7620e-12 6.9933e-01 1.6546e+03 1.6562e+03 1.6999e+03 6.3215e+19 4.8275e+19 3.7071e+19 9.4777e-03 5.9346e-03 3.8447e+05 2.2103e+04
3.9200e+03 5.7454e-12 6.9919e-01 1.6543e+03 1.6557e+03 1.6995e+03 6.3625e+19 4.8577e+19 3.7298e+19 9.4523e-03 5.9249e-03 3.8540e+05 2.2138e+04
3.9300e+03 5.7289e-12 6.9905e-01 1.6540e+03 1.6553e+03 1.6990e+03 6.4038e+19 4.8879e+19 3.7526e+19 9.4271e-03 5.9153e-03 3.8633e+05 2.2174e+04
3.9400e+03 5.7126e-12 6.9892e-01 1.6537e+03 1.6548e+03 1.6985e+03 6.4452e+19 4.9184e+19 3.7756e+19 9.4020e-03 5.9057e-03 3.8726e+05 2.2210e+04
3.9500e+03 5.6962e-12 6.9878e-01 1.6533e+03 1.6543e+03 1.6981e+03 6.4869e+19 4.9490e+19 3.7987e+19 9.3769e-03 5.8961e-03 3.8819e+05 2.2245e+04
3.9600e+03 5.6800e-12 6.9864e-01 1.6530e+03 1.6539e+03 1.6976e+03 6.5288e+19 4.9797e+19 3.8219e+19 9.3520e-03 5.8866e-03 3.8912e+05 2.2281e+04
3.9700e+03 5.6638e-12 6.9851e-01 1.6527e+03 1.6534e+03 1.6971e+03 6.5710e+19 5.0106e+19 3.8452e+19 9.3272e-03 5.8770e-03 3.9006e+05 2.2317e+04
3.9800e+03 5.6478e-12 6.9838e-01 1.6524e+03 1.6529e+03 1.6967e+03 6.6133e+19 5.0417e+19 3.8686e+19 9.3025e-03 5.8674e-03 3.9099e+05 2.2352e+04
3.9900e+03 5.6318e-12 6.9825e-01 1.6521e+03 1.6525e+03 1.6962e+03 6.6559e+19 5.0729e+19 3.8921e+19 9.2779e-03 5.8579e-03 3.9193e+05 2.2388e+04
4.0000e+03 5.6159e-12 6.9812e-01 1.6518e+03 1.6520e+03 1.6957e+03 6.6987e+19 5.1042e+19 3.9158e+19 9.2533e-03 5.8484e-03 3.9286e+05 2.2424e+04
4.0100e+03 5.6000e-12 6.9799e-01 1.6514e+03 1.6516e+03 1.6953e+03 6.7417e+19 5.1358e+19 3.9395e+19 9.2289e-03 5.8389e-03 3.9380e+05 2.2460e+04
4.0200e+03 5.5842e-12 6.9787e-01 1.6511e+03 1.6511e+03 1.6948e+03 6.7849e+19 5.1674e+19 3.9634e+19 9.2046e-03 5.8293e-03 3.9474e+05 2.2496e+04
4.0300e+03 5.5685e-12 6.9774e-01 1.6508e+03 1.6506e+03 1.6943e+03 6.8284e+19 5.1993e+19 3.9874e+19 9.1804e-03 5.8199e-03 3.9568e+05 2.2532e+04
4.0400e+03 5.5529e-12 6.9762e-01 1.6505e+03 1.6502e+03 1.6939e+03 6.8721e+19 5.2313e+19 4.0116e+19 9.1563e-03 5.8104e-03 3.9662e+05 2.2568e+04
4.0500e+03 5.5374e-12 6.9749e-01 1.6502e+03 1.6497e+03 1.6934e+03 6.9160e+19 5.2634e+19 4.0358e+19 9.1323e-03 5.8009e-03 3.9756e+05 2.2603e+04
4.0600e+03 5.5219e-12 6.9737e-01 1.6499e+03 1.6493e+03 1.6930e+03 6.9602e+19 5.2957e+19 4.0602e+19 9.1083e-03 5.7915e-03 3.9850e+05 2.2639e+04
4.0700e+03 5.5065e-12 6.9725e-01 1.6496e+03 1.6488e+03 1.6925e+03 7.0045e+19 5.3282e+19 4.0847e+19 9.0845e-03 5.7820e-03 3.9944e+05 2.2675e+04
4.0800e+03 5.4912e-12 6.9713e-01 1.6493e+03 1.6483e+03 1.6920e+03 7.0492e+19 5.3608e+19 4.1093e+19 9.0608e-03 5.7726e-03 4.0039e+05 2.2712e+04
4.0900e+03 5.4760e-12 6.9701e-01 1.6490e+03 1.6479e+03 1.6916e+03 7.0940e+19 5.3936e+19 4.1340e+19 9.0372e-03 5.7632e-03 4.0133e+05 2.2748e+04
4.1000e+03 5.4608e-12 6.9690e-01 1.6487e+03 1.6474e+03 1.6911e+03 7.1391e+19 5.4266e+19 4.1589e+19 9.0136e-03 5.7538e-03 4.0228e+05 2.2784e+04
4.1100e+03 5.4457e-12 6.9678e-01 1.6484e+03 1.6470e+03 1.6907e+03 7.1844e+19 5.4597e+19 4.1838e+19 8.9902e-03 5.7444e-03 4.0322e+05 2.2820e+04
4.1200e+03 5.4307e-12 6.9667e-01 1.6480e+03 1.6465e+03 1.6902e+03 7.2299e+19 5.4930e+19 4.2089e+19 8.9668e-03 5.7350e-03 4.0417e+05 2.2856e+04
4.1300e+03 5.4157e-12 6.9656e-01 1.6477e+03 1.6461e+03 1.6898e+03 7.2757e+19 5.5264e+19 4.2342e+19 8.9436e-03 5.7256e-03 4.0512e+05 2.2892e+04
4.1400e+03 5.4008e-12 6.9644e-01 1.6474e+03 1.6456e+03 1.6893e+03 7.3217e+19 5.5600e+19 4.2595e+19 8.9204e-03 5.7163e-03 4.0607e+05 2.2928e+04
4.1500e+03 5.3860e-12 6.9633e-01 1.6471e+03 1.6452e+03 1.6889e+03 7.3679e+19 5.5938e+19 4.2850e+19 8.8974e-03 5.7070e-03 4.0702e+05 2.2965e+04
4.1600e+03 5.3713e-12 6.9622e-01 1.6468e+03 1.6447e+03 1.6884e+03 7.4144e+19 5.6277e+19 4.3106e+19 8.8744e-03 5.6977e-03 4.0797e+05 2.3001e+04
4.1700e+03 5.3566e-12 6.9612e-01 1.6465e+03 1.6443e+03 1.6880e+03 7.4611e+19 5.6618e+19 4.3363e+19 8.8515e-03 5.6883e-03 4.0892e+05 2.3037e+04
4.1800e+03 5.3420e-12 6.9601e-01 1.6462e+03 1.6438e+03 1.6875e+03 7.5081e+19 5.6961e+19 4.3621e+19 8.8288e-03 5.6791e-03 4.0988e+05 2.3073e+04
4.1900e+03 5.3274e-12 6.9590e-01 1.6459e+03 1.6434e+03 1.6871e+03 7.5552e+19 5.7305e+19 4.3881e+19 8.8061e-03 5.6698e-03 4.1083e+05 2.3110e+04
4.2000e+03 5.3130e-12 6.9580e-01 1.6456e+03 1.6429e+03 1.6866e+03 7.6027e+19 5.7651e+19 4.4142e+19 8.7835e-03 5.6605e-03 4.1179e+05 2.3146e+04
4.2100e+03 5.2986e-12 6.9570e-01 1.6453e+03 1.6425e+03 1.6862e+03 7.6503e+19 5.7999e+19 4.4404e+19 8.7610e-03 5.6513e-03 4.1274e+05 2.3183e+04
4.2200e+03 5.2842e-12 6.9559e-01 1.6450e+03 1.6421e+03 1.6857e+03 7.6983e+19 5.8348e+19 4.4667e+19 8.7386e-03 5.6420e-03 4.1370e+05 2.3219e+04
4.2300e+03 5.2700e-12 6.9549e-01 1.6448e+03 1.6416e+03 1.6853e+03 7.7464e+19 5.8699e+19 4.4932e+19 8.7162e-03 5.6328e-03 4.1466e+05 2.3255e+04
4.2400e+03 5.2558e-12 6.9539e-01 1.6445e+03 1.6412e+03 1.6848e+03 7.7948e+19 5.9052e+19 4.5198e+19 8.6940e-03 5.6236e-03 4.1562e+05 2.3292e+04
4.2500e+03 5.2416e-12 6.9530e-01 1.6442e+03 1.6407e+03 1.6844e+03 7.8435e+19 5.9406e+19 4.5465e+19 8.6718e-03 5.6144e-03 4.1658e+05 2.3328e+04
4.2600e+03 5.2276e-12 6.9520e-01 1.6439e+03 1.6403e+03 1.6839e+03 7.8923e+19 5.9763e+19 4.5734e+19 8.6498e-03 5.6053e-03 4.1754e+05 2.3365e+04
4.2700e+03 5.2136e-12 6.9510e-01 1.6436e+03 1.6398e+03 1.6835e+03 7.9415e+19 6.0120e+19 4.6004e+19 8.6278e-03 5.5961e-03 4.1850e+05 2.3401e+04
4.2800e+03 5.1996e-12 6.9501e-01 1.6433e+03 1.6394e+03 1.6831e+03 7.9909e+19 6.0480e+19 4.6275e+19 8.6059e-03 5.5870e-03 4.1946e+05 2.3438e+04
4.2900e+03 5.1858e-12 6.9491e-01 1.6430e+03 1.6390e+03 1.6826e+03 8.0405e+19 6.0841e+19 4.6547e+19 8.5841e-03 5.5778e-03 4.2043e+05 2.3475e+04
4.3000e+03 5.1720e-12 6.9482e-01 1.6427e+03 1.6385e+03 1.6822e+03 8.0904e+19 6.1204e+19 4.6821e+19 8.5624e-03 5.5687e-03 4.2139e+05 2.3511e+04
4.3100e+03 5.1582e-12 6.9473e-01 1.6424e+03 1.6381e+03 1.6817e+03 8.1405e+19 6.1569e+19 4.7096e+19 8.5408e-03 5.5596e-03 4.2236e+05 2.3548e+04
4.3200e+03 5.1446e-12 6.9464e-01 1.6421e+03 1.6377e+03 1.6813e+03 8.1909e+19 6.1935e+19 4.7372e+19 8.5193e-03 5.5506e-03 4.2332e+05 2.3585e+04
4.3300e+03 5.1309e-12 6.9455e-01 1.6418e+03 1.6372e+03 1.6809e+03 8.2415e+19 6.2303e+19 4.7650e+19 8.4978e-03 5.5415e-03 4.2429e+05 2.3621e+04
4.3400e+03 5.1174e-12 6.9446e-01 1.6416e+03 1.6368e+03 1.6804e+03 8.2924e+19 6.2673e+19 4.7929e+19 8.4764e-03 5.5324e-03 4.2526e+05 2.3658e+04
4.3500e+03 5.1039e-12 6.9437e-01 1.6413e+03 1.6364e+03 1.6800e+03 8.3436e+19 6.3045e+19 4.8209e+19 8.4552e-03 5.5234e-03 4.2623e+05 2.3695e+04
4.3600e+03 5.0905e-12 6.9429e-01 1.6410e+03 1.6359e+03 1.6795e+03 8.3950e+19 6.3418e+19 4.8491e+19 8.4340e-03 5.5144e-03 4.2720e+05 2.3731e+04
4.3700e+03 5.0771e-12 6.9420e-01 1.6407e+03 1.6355e+03 1.6791e+03 8.4466e+19 6.3794e+19 4.8773e+19 8.4129e-03 5.5054e-03 4.2817e+05 2.3768e+04
4.3800e+03 5.0638e-12 6.9412e-01 1.6404e+03 1.6351e+03 1.6787e+03 8.4985e+19 6.4171e+19 4.9058e+19 8.3918e-03 5.4964e-03 4.2914e+05 2.3805e+04
4.3900e+03 5.0506e-12 6.9403e-01 1.6401e+03 1.6346e+03 1.6782e+03 8.5507e+19 6.4549e+19 4.9343e+19 8.3709e-03 5.4874e-03 4.3011e+05 2.3842e+04
4.4000e+03 5.0374e-12 6.9395e-01 1.6399e+03 1.6342e+03 1.6778e+03 8.6031e+19 6.4930e+19 4.9630e+19 8.3500e-03 5.4785e-03 4.3109e+05 2.3879e+04
4.4100e+03 5.0243e-12 6.9387e-01 1.6396e+03 1.6338e+03 1.6774e+03 8.6558e+19 6.5312e+19 4.9918e+19 8.3292e-03 5.4696e-03 4.3206e+05 2.3916e+04
4.4200e+03 5.0112e-12 6.9379e-01 1.6393e+03 1.6333e+03 1.6769e+03 8.7087e+19 6.5696e+19 5.0208e+19 8.3085e-03 5.4606e-03 4.3304e+05 2.3952e+04
4.4300e+03 4.9982e-12 6.9371e-01 1.6390e+03 1.6329e+03 1.6765e+03 8.7619e+19 6.6082e+19 5.0499e+19 8.2879e-03 5.4517e-03 4.3401e+05 2.3989e+04
4.4400e+03 4.9853e-12 6.9364e-01 1.6387e+03 1.6325e+03 1.6761e+03 8.8154e+19 6.6470e+19 5.0791e+19 8.2674e-03 5.4428e-03 4.3499e+05 2.4026e+04
4.4500e+03 4.9724e-12 6.9356e-01 1.6385e+03 1.6321e+03 1.6756e+03 8.8691e+19 6.6859e+19 5.1085e+19 8.2469e-03 5.4340e-03 4.3597e+05 2.4063e+04
4.4600e+03 4.9596e-12 6.9349e-01 1.6382e+03 1.6316e+03 1.6752e+03 8.9231e+19 6.7251e+19 5.1380e+19 8.2266e-03 5.4251e-03 4.3695e+05 2.4100e+04
4.4700e+03 4.9468e-12 6.9341e-01 1.6379e+03 1.6312e+03 1.6748e+03 8.9774e+19 6.7644e+19 5.1677e+19 8.2063e-03 5.4163e-03 4.3793e+05 2.4137e+04
4.4800e+03 4.9341e-12 6.9334e-01 1.6376e+03 1.6308e+03 1.6744e+03 9.0319e+19 6.8039e+19 5.1974e+19 8.1860e-03 5.4075e-03 4.3891e+05 2.4174e+04
4.4900e+03 4.9214e-12 6.9327e-01 1.6374e+03 1.6304e+03 1.6739e+03 9.0867e+19 6.8436e+19 5.2274e+19 8.1659e-03 5.3987e-03 4.3989e+05 2.4211e+04
4.5000e+03 4.9088e-12 6.9319e-01 1.6371e+03 1.6299e+03 1.6735e+03 9.1417e+19 6.8834e+19 5.2574e+19 8.1458e-03 5.3899e-03 4.4087e+05 2.4249e+04
4.5100e+03 4.8963e-12 6.9312e-01 1.6368e+03 1.6295e+03 1.6731e+03 9.1971e+19 6.9235e+19 5.2876e+19 8.1259e-03 5.3811e-03 4.4186e+05 2.4286e+04
4.5200e+03 4.8838e-12 6.9306e-01 1.6365e+03 1.6291e+03 1.6726e+03 9.2526e+19 6.9637e+19 5.3180e+19 8.1060e-03 5.3723e-03 4.4284e+05 2.4323e+04
4.5300e+03 4.8714e-12 6.9299e-01 1.6363e+03 1.6287e+03 1.6722e+03 9.3085e+19 7.0041e+19 5.3484e+19 8.0861e-03 5.3636e-03 4.4383e+05 2.4360e+04
4.5400e+03 4.8590e-12 6.9292e-01 1.6360e+03 1.6282e+03 1.6718e+03 9.3647e+19 7.0447e+19 5.3790e+19 8.0664e-03 5.3549e-03 4.4481e+05 2.4397e+04
4.5500e+03 0.0000e+00 0.0000e+00 1.6357e+03 0.0000e+00 1.6714e+03 0.0000e+00 0.0000e+00 0.0000e+00 0.0000e+00 0.0000e+00 0.0000e+00 0.0000e+00
