0.0000e+00 3.1176e-11 4.8802e-01 1.7000e+03 1.7590e+03 1.9000e+03 1.6822e+17 7.7179e+16 3.6085e+16 7.3484e-02 1.5853e-01 5.1440e+04 2.6690e+03
1.0000e+01 3.0991e-11 4.8459e-01 1.7002e+03 1.7589e+03 1.8875e+03 1.6835e+17 8.2855e+16 4.1157e+16 7.3564e-02 1.3694e-01 5.1391e+04 2.8166e+03
2.0000e+01 3.0807e-11 4.8482e-01 1.6991e+03 1.7578e+03 1.8766e+03 1.7063e+17 8.8667e+16 4.6174e+16 7.3094e-02 1.2077e-01 5.1677e+04 2.9529e+03
3.0000e+01 3.0624e-11 4.8747e-01 1.6972e+03 1.7557e+03 1.8671e+03 1.7490e+17 9.4738e+16 5.1160e+16 7.2265e-02 1.0855e-01 5.2191e+04 3.0782e+03
4.0000e+01 3.0443e-11 4.9174e-01 1.6947e+03 1.7530e+03 1.8585e+03 1.8059e+17 1.0105e+17 5.6150e+16 7.1215e-02 9.9030e-02 5.2857e+04 3.1945e+03
5.0000e+01 3.0264e-11 4.9706e-01 1.6920e+03 1.7500e+03 1.8506e+03 1.8733e+17 1.0759e+17 6.1172e+16 7.0037e-02 9.1403e-02 5.3627e+04 3.3033e+03
6.0000e+01 3.0085e-11 5.0308e-01 1.6890e+03 1.7468e+03 1.8434e+03 1.9489e+17 1.1434e+17 6.6248e+16 6.8791e-02 8.5143e-02 5.4468e+04 3.4059e+03
7.0000e+01 2.9908e-11 5.0955e-01 1.6859e+03 1.7434e+03 1.8367e+03 2.0310e+17 1.2130e+17 7.1394e+16 6.7518e-02 7.9894e-02 5.5358e+04 3.5035e+03
8.0000e+01 2.9732e-11 5.1629e-01 1.6827e+03 1.7399e+03 1.8304e+03 2.1184e+17 1.2845e+17 7.6625e+16 6.6245e-02 7.5409e-02 5.6279e+04 3.5970e+03
9.0000e+01 2.9558e-11 5.2317e-01 1.6796e+03 1.7365e+03 1.8244e+03 2.2101e+17 1.3578e+17 8.1950e+16 6.4989e-02 7.1513e-02 5.7221e+04 3.6869e+03
1.0000e+02 2.9385e-11 5.3011e-01 1.6765e+03 1.7331e+03 1.8187e+03 2.3055e+17 1.4330e+17 8.7377e+16 6.3763e-02 6.8081e-02 5.8175e+04 3.7739e+03
1.1000e+02 2.9213e-11 5.3704e-01 1.6734e+03 1.7297e+03 1.8134e+03 2.4041e+17 1.5098e+17 9.2911e+16 6.2572e-02 6.5021e-02 5.9135e+04 3.8584e+03
1.2000e+02 2.9042e-11 5.4392e-01 1.6704e+03 1.7264e+03 1.8082e+03 2.5054e+17 1.5883e+17 9.8557e+16 6.1420e-02 6.2264e-02 6.0097e+04 3.9409e+03
1.3000e+02 2.8873e-11 5.5070e-01 1.6674e+03 1.7232e+03 1.8033e+03 2.6092e+17 1.6683e+17 1.0432e+17 6.0309e-02 5.9759e-02 6.1056e+04 4.0215e+03
1.4000e+02 2.8704e-11 5.5737e-01 1.6645e+03 1.7200e+03 1.7986e+03 2.7151e+17 1.7499e+17 1.1020e+17 5.9241e-02 5.7464e-02 6.2012e+04 4.1005e+03
1.5000e+02 2.8537e-11 5.6390e-01 1.6617e+03 1.7169e+03 1.7940e+03 2.8230e+17 1.8330e+17 1.1619e+17 5.8214e-02 5.5349e-02 6.2961e+04 4.1781e+03
1.6000e+02 2.8372e-11 5.7029e-01 1.6590e+03 1.7139e+03 1.7896e+03 2.9327e+17 1.9176e+17 1.2231e+17 5.7227e-02 5.3390e-02 6.3903e+04 4.2545e+03
1.7000e+02 2.8207e-11 5.7653e-01 1.6563e+03 1.7110e+03 1.7854e+03 3.0440e+17 2.0035e+17 1.2854e+17 5.6280e-02 5.1567e-02 6.4837e+04 4.3297e+03
1.8000e+02 2.8044e-11 5.8261e-01 1.6537e+03 1.7081e+03 1.7813e+03 3.1569e+17 2.0908e+17 1.3489e+17 5.5370e-02 4.9862e-02 6.5762e+04 4.4039e+03
1.9000e+02 2.7882e-11 5.8853e-01 1.6512e+03 1.7054e+03 1.7774e+03 3.2711e+17 2.1795e+17 1.4137e+17 5.4496e-02 4.8265e-02 6.6678e+04 4.4772e+03
2.0000e+02 2.7721e-11 5.9429e-01 1.6488e+03 1.7026e+03 1.7736e+03 3.3867e+17 2.2694e+17 1.4795e+17 5.3656e-02 4.6762e-02 6.7585e+04 4.5497e+03
2.1000e+02 2.7561e-11 5.9989e-01 1.6464e+03 1.7000e+03 1.7699e+03 3.5035e+17 2.3606e+17 1.5466e+17 5.2849e-02 4.5345e-02 6.8482e+04 4.6213e+03
2.2000e+02 2.7402e-11 6.0533e-01 1.6441e+03 1.6974e+03 1.7663e+03 3.6216e+17 2.4531e+17 1.6148e+17 5.2073e-02 4.4007e-02 6.9369e+04 4.6922e+03
2.3000e+02 2.7245e-11 6.1061e-01 1.6418e+03 1.6949e+03 1.7628e+03 3.7407e+17 2.5467e+17 1.6841e+17 5.1325e-02 4.2740e-02 7.0247e+04 4.7623e+03
2.4000e+02 2.7089e-11 6.1574e-01 1.6396e+03 1.6925e+03 1.7594e+03 3.8610e+17 2.6416e+17 1.7546e+17 5.0606e-02 4.1538e-02 7.1115e+04 4.8318e+03
2.5000e+02 2.6934e-11 6.2072e-01 1.6375e+03 1.6901e+03 1.7561e+03 3.9823e+17 2.7376e+17 1.8262e+17 4.9913e-02 4.0396e-02 7.1974e+04 4.9006e+03
2.6000e+02 2.6779e-11 6.2555e-01 1.6354e+03 1.6878e+03 1.7529e+03 4.1047e+17 2.8348e+17 1.8989e+17 4.9244e-02 3.9310e-02 7.2824e+04 4.9688e+03
2.7000e+02 2.6627e-11 6.3023e-01 1.6334e+03 1.6856e+03 1.7498e+03 4.2281e+17 2.9331e+17 1.9727e+17 4.8599e-02 3.8276e-02 7.3665e+04 5.0364e+03
2.8000e+02 2.6475e-11 6.3477e-01 1.6314e+03 1.6834e+03 1.7468e+03 4.3524e+17 3.0324e+17 2.0476e+17 4.7976e-02 3.7290e-02 7.4497e+04 5.1034e+03
2.9000e+02 2.6324e-11 6.3917e-01 1.6294e+03 1.6812e+03 1.7438e+03 4.4777e+17 3.1329e+17 2.1236e+17 4.7375e-02 3.6349e-02 7.5321e+04 5.1698e+03
3.0000e+02 2.6174e-11 6.4344e-01 1.6275e+03 1.6791e+03 1.7410e+03 4.6039e+17 3.2345e+17 2.2006e+17 4.6793e-02 3.5450e-02 7.6136e+04 5.2357e+03
3.1000e+02 2.6026e-11 6.4758e-01 1.6257e+03 1.6770e+03 1.7382e+03 4.7310e+17 3.3371e+17 2.2786e+17 4.6230e-02 3.4590e-02 7.6943e+04 5.3011e+03
3.2000e+02 2.5878e-11 6.5160e-01 1.6239e+03 1.6750e+03 1.7354e+03 4.8590e+17 3.4407e+17 2.3577e+17 4.5685e-02 3.3767e-02 7.7743e+04 5.3659e+03
3.3000e+02 2.5732e-11 6.5549e-01 1.6221e+03 1.6731e+03 1.7328e+03 4.9880e+17 3.5454e+17 2.4378e+17 4.5156e-02 3.2979e-02 7.8535e+04 5.4303e+03
3.4000e+02 2.5587e-11 6.5926e-01 1.6204e+03 1.6711e+03 1.7301e+03 5.1178e+17 3.6511e+17 2.5189e+17 4.4644e-02 3.2223e-02 7.9319e+04 5.4941e+03
3.5000e+02 2.5442e-11 6.6292e-01 1.6187e+03 1.6692e+03 1.7276e+03 5.2486e+17 3.7578e+17 2.6010e+17 4.4148e-02 3.1498e-02 8.0097e+04 5.5574e+03
3.6000e+02 2.5299e-11 6.6646e-01 1.6170e+03 1.6674e+03 1.7251e+03 5.3802e+17 3.8655e+17 2.6841e+17 4.3666e-02 3.0803e-02 8.0867e+04 5.6203e+03
3.7000e+02 2.5157e-11 6.6990e-01 1.6154e+03 1.6656e+03 1.7227e+03 5.5127e+17 3.9742e+17 2.7681e+17 4.3197e-02 3.0135e-02 8.1631e+04 5.6827e+03
3.8000e+02 2.5015e-11 6.7323e-01 1.6138e+03 1.6638e+03 1.7203e+03 5.6461e+17 4.0838e+17 2.8532e+17 4.2742e-02 2.9493e-02 8.2389e+04 5.7446e+03
3.9000e+02 2.4875e-11 6.7646e-01 1.6123e+03 1.6621e+03 1.7180e+03 5.7803e+17 4.1945e+17 2.9391e+17 4.2300e-02 2.8876e-02 8.3140e+04 5.8061e+03
4.0000e+02 2.4736e-11 6.7959e-01 1.6107e+03 1.6604e+03 1.7157e+03 5.9155e+17 4.3061e+17 3.0261e+17 4.1870e-02 2.8282e-02 8.3885e+04 5.8671e+03
4.1000e+02 2.4598e-11 6.8262e-01 1.6092e+03 1.6587e+03 1.7134e+03 6.0515e+17 4.4186e+17 3.1139e+17 4.1451e-02 2.7711e-02 8.4625e+04 5.9277e+03
4.2000e+02 2.4461e-11 6.8556e-01 1.6078e+03 1.6570e+03 1.7112e+03 6.1885e+17 4.5321e+17 3.2027e+17 4.1042e-02 2.7160e-02 8.5359e+04 5.9878e+03
4.3000e+02 2.4324e-11 6.8841e-01 1.6063e+03 1.6554e+03 1.7091e+03 6.3263e+17 4.6466e+17 3.2925e+17 4.0645e-02 2.6630e-02 8.6087e+04 6.0476e+03
4.4000e+02 2.4189e-11 6.9117e-01 1.6049e+03 1.6538e+03 1.7070e+03 6.4650e+17 4.7620e+17 3.3831e+17 4.0257e-02 2.6119e-02 8.6810e+04 6.1069e+03
4.5000e+02 2.4055e-11 6.9385e-01 1.6035e+03 1.6522e+03 1.7049e+03 6.6046e+17 4.8784e+17 3.4746e+17 3.9879e-02 2.5626e-02 8.7528e+04 6.1657e+03
4.6000e+02 2.3921e-11 6.9645e-01 1.6021e+03 1.6507e+03 1.7029e+03 6.7452e+17 4.9957e+17 3.5671e+17 3.9510e-02 2.5150e-02 8.8242e+04 6.2242e+03
4.7000e+02 2.3789e-11 6.9897e-01 1.6008e+03 1.6492e+03 1.7009e+03 6.8866e+17 5.1139e+17 3.6604e+17 3.9150e-02 2.4691e-02 8.8950e+04 6.2823e+03
4.8000e+02 2.3657e-11 7.0141e-01 1.5995e+03 1.6477e+03 1.6989e+03 7.0290e+17 5.2331e+17 3.7547e+17 3.8798e-02 2.4248e-02 8.9655e+04 6.3399e+03
4.9000e+02 2.3527e-11 7.0377e-01 1.5982e+03 1.6462e+03 1.6970e+03 7.1724e+17 5.3532e+17 3.8498e+17 3.8454e-02 2.3820e-02 9.0354e+04 6.3972e+03
5.0000e+02 2.3397e-11 7.0607e-01 1.5969e+03 1.6448e+03 1.6951e+03 7.3166e+17 5.4743e+17 3.9458e+17 3.8118e-02 2.3406e-02 9.1050e+04 6.4540e+03
5.1000e+02 2.3269e-11 7.0829e-01 1.5956e+03 1.6434e+03 1.6933e+03 7.4619e+17 5.5963e+17 4.0427e+17 3.7790e-02 2.3007e-02 9.1742e+04 6.5105e+03
5.2000e+02 2.3141e-11 7.1045e-01 1.5944e+03 1.6420e+03 1.6915e+03 7.6081e+17 5.7193e+17 4.1405e+17 3.7468e-02 2.2620e-02 9.2429e+04 6.5666e+03
5.3000e+02 2.3014e-11 7.1254e-01 1.5932e+03 1.6406e+03 1.6897e+03 7.7552e+17 5.8431e+17 4.2392e+17 3.7153e-02 2.2246e-02 9.3113e+04 6.6223e+03
5.4000e+02 2.2888e-11 7.1457e-01 1.5919e+03 1.6392e+03 1.6879e+03 7.9034e+17 5.9680e+17 4.3387e+17 3.6845e-02 2.1884e-02 9.3794e+04 6.6777e+03
5.5000e+02 2.2763e-11 7.1653e-01 1.5908e+03 1.6379e+03 1.6862e+03 8.0525e+17 6.0938e+17 4.4391e+17 3.6543e-02 2.1533e-02 9.4470e+04 6.7327e+03
5.6000e+02 2.2639e-11 7.1843e-01 1.5896e+03 1.6365e+03 1.6845e+03 8.2027e+17 6.2205e+17 4.5403e+17 3.6248e-02 2.1194e-02 9.5144e+04 6.7873e+03
5.7000e+02 2.2516e-11 7.2028e-01 1.5884e+03 1.6352e+03 1.6828e+03 8.3539e+17 6.3482e+17 4.6425e+17 3.5958e-02 2.0865e-02 9.5814e+04 6.8416e+03
5.8000e+02 2.2393e-11 7.2207e-01 1.5873e+03 1.6339e+03 1.6812e+03 8.5061e+17 6.4769e+17 4.7455e+17 3.5674e-02 2.0546e-02 9.6482e+04 6.8955e+03
5.9000e+02 2.2272e-11 7.2381e-01 1.5862e+03 1.6327e+03 1.6795e+03 8.6593e+17 6.6065e+17 4.8493e+17 3.5395e-02 2.0238e-02 9.7146e+04 6.9490e+03
6.0000e+02 2.2151e-11 7.2549e-01 1.5850e+03 1.6314e+03 1.6779e+03 8.8136e+17 6.7371e+17 4.9540e+17 3.5121e-02 1.9938e-02 9.7807e+04 7.0023e+03
6.1000e+02 2.2031e-11 7.2712e-01 1.5839e+03 1.6302e+03 1.6764e+03 8.9690e+17 6.8687e+17 5.0596e+17 3.4853e-02 1.9648e-02 9.8466e+04 7.0551e+03
6.2000e+02 2.1912e-11 7.2870e-01 1.5829e+03 1.6289e+03 1.6748e+03 9.1254e+17 7.0012e+17 5.1661e+17 3.4589e-02 1.9366e-02 9.9122e+04 7.1077e+03
6.3000e+02 2.1794e-11 7.3023e-01 1.5818e+03 1.6277e+03 1.6733e+03 9.2829e+17 7.1347e+17 5.2734e+17 3.4331e-02 1.9093e-02 9.9776e+04 7.1599e+03
6.4000e+02 2.1676e-11 7.3172e-01 1.5807e+03 1.6265e+03 1.6718e+03 9.4416e+17 7.2692e+17 5.3816e+17 3.4076e-02 1.8827e-02 1.0043e+05 7.2118e+03
6.5000e+02 2.1560e-11 7.3316e-01 1.5797e+03 1.6253e+03 1.6703e+03 9.6013e+17 7.4047e+17 5.4906e+17 3.3827e-02 1.8569e-02 1.0108e+05 7.2633e+03
6.6000e+02 2.1444e-11 7.3455e-01 1.5786e+03 1.6241e+03 1.6688e+03 9.7622e+17 7.5412e+17 5.6005e+17 3.3581e-02 1.8319e-02 1.0172e+05 7.3145e+03
6.7000e+02 2.1329e-11 7.3591e-01 1.5776e+03 1.6230e+03 1.6674e+03 9.9243e+17 7.6787e+17 5.7113e+17 3.3340e-02 1.8076e-02 1.0237e+05 7.3655e+03
6.8000e+02 2.1215e-11 7.3722e-01 1.5766e+03 1.6218e+03 1.6659e+03 1.0087e+18 7.8173e+17 5.8229e+17 3.3103e-02 1.7839e-02 1.0301e+05 7.4161e+03
6.9000e+02 2.1102e-11 7.3849e-01 1.5756e+03 1.6207e+03 1.6645e+03 1.0252e+18 7.9568e+17 5.9355e+17 3.2869e-02 1.7610e-02 1.0365e+05 7.4664e+03
7.0000e+02 2.0989e-11 7.3972e-01 1.5746e+03 1.6196e+03 1.6631e+03 1.0417e+18 8.0974e+17 6.0489e+17 3.2639e-02 1.7386e-02 1.0429e+05 7.5164e+03
7.1000e+02 2.0877e-11 7.4091e-01 1.5736e+03 1.6184e+03 1.6617e+03 1.0584e+18 8.2390e+17 6.1631e+17 3.2413e-02 1.7169e-02 1.0492e+05 7.5661e+03
7.2000e+02 2.0766e-11 7.4207e-01 1.5727e+03 1.6173e+03 1.6604e+03 1.0752e+18 8.3816e+17 6.2783e+17 3.2191e-02 1.6958e-02 1.0556e+05 7.6155e+03
7.3000e+02 2.0656e-11 7.4319e-01 1.5717e+03 1.6162e+03 1.6590e+03 1.0921e+18 8.5253e+17 6.3943e+17 3.1972e-02 1.6752e-02 1.0619e+05 7.6646e+03
7.4000e+02 2.0547e-11 7.4427e-01 1.5708e+03 1.6152e+03 1.6577e+03 1.1092e+18 8.6701e+17 6.5113e+17 3.1756e-02 1.6552e-02 1.0682e+05 7.7134e+03
7.5000e+02 2.0438e-11 7.4532e-01 1.5698e+03 1.6141e+03 1.6564e+03 1.1263e+18 8.8159e+17 6.6291e+17 3.1544e-02 1.6357e-02 1.0745e+05 7.7619e+03
7.6000e+02 2.0330e-11 7.4634e-01 1.5689e+03 1.6130e+03 1.6551e+03 1.1436e+18 8.9628e+17 6.7478e+17 3.1334e-02 1.6167e-02 1.0808e+05 7.8102e+03
7.7000e+02 2.0223e-11 7.4732e-01 1.5680e+03 1.6120e+03 1.6538e+03 1.1611e+18 9.1108e+17 6.8674e+17 3.1128e-02 1.5982e-02 1.0871e+05 7.8581e+03
7.8000e+02 2.0117e-11 7.4828e-01 1.5671e+03 1.6109e+03 1.6526e+03 1.1786e+18 9.2599e+17 6.9880e+17 3.0925e-02 1.5802e-02 1.0934e+05 7.9058e+03
7.9000e+02 2.0011e-11 7.4920e-01 1.5662e+03 1.6099e+03 1.6513e+03 1.1963e+18 9.4100e+17 7.1094e+17 3.0724e-02 1.5626e-02 1.0996e+05 7.9533e+03
8.0000e+02 1.9906e-11 7.5010e-01 1.5653e+03 1.6089e+03 1.6501e+03 1.2141e+18 9.5613e+17 7.2317e+17 3.0527e-02 1.5455e-02 1.1059e+05 8.0004e+03
8.1000e+02 1.9802e-11 7.5096e-01 1.5644e+03 1.6079e+03 1.6489e+03 1.2321e+18 9.7137e+17 7.3550e+17 3.0332e-02 1.5289e-02 1.1121e+05 8.0473e+03
8.2000e+02 1.9698e-11 7.5180e-01 1.5635e+03 1.6068e+03 1.6477e+03 1.2501e+18 9.8672e+17 7.4792e+17 3.0140e-02 1.5126e-02 1.1183e+05 8.0940e+03
8.3000e+02 1.9596e-11 7.5261e-01 1.5626e+03 1.6058e+03 1.6465e+03 1.2684e+18 1.0022e+18 7.6043e+17 2.9950e-02 1.4967e-02 1.1245e+05 8.1404e+03
8.4000e+02 1.9493e-11 7.5340e-01 1.5618e+03 1.6049e+03 1.6453e+03 1.2867e+18 1.0178e+18 7.7303e+17 2.9763e-02 1.4813e-02 1.1307e+05 8.1865e+03
8.5000e+02 1.9392e-11 7.5416e-01 1.5609e+03 1.6039e+03 1.6441e+03 1.3052e+18 1.0335e+18 7.8573e+17 2.9578e-02 1.4662e-02 1.1369e+05 8.2324e+03
8.6000e+02 1.9291e-11 7.5489e-01 1.5601e+03 1.6029e+03 1.6429e+03 1.3239e+18 1.0493e+18 7.9852e+17 2.9396e-02 1.4514e-02 1.1431e+05 8.2780e+03
8.7000e+02 1.9191e-11 7.5560e-01 1.5592e+03 1.6019e+03 1.6418e+03 1.3427e+18 1.0652e+18 8.1141e+17 2.9216e-02 1.4371e-02 1.1492e+05 8.3234e+03
8.8000e+02 1.9092e-11 7.5629e-01 1.5584e+03 1.6010e+03 1.6407e+03 1.3616e+18 1.0813e+18 8.2439e+17 2.9039e-02 1.4230e-02 1.1554e+05 8.3686e+03
8.9000e+02 1.8994e-11 7.5695e-01 1.5576e+03 1.6000e+03 1.6395e+03 1.3807e+18 1.0974e+18 8.3747e+17 2.8864e-02 1.4093e-02 1.1616e+05 8.4135e+03
9.0000e+02 1.8896e-11 7.5759e-01 1.5567e+03 1.5991e+03 1.6384e+03 1.3999e+18 1.1137e+18 8.5064e+17 2.8690e-02 1.3959e-02 1.1677e+05 8.4582e+03
9.1000e+02 1.8798e-11 7.5821e-01 1.5559e+03 1.5981e+03 1.6373e+03 1.4193e+18 1.1301e+18 8.6391e+17 2.8519e-02 1.3828e-02 1.1739e+05 8.5027e+03
9.2000e+02 1.8702e-11 7.5881e-01 1.5551e+03 1.5972e+03 1.6362e+03 1.4388e+18 1.1467e+18 8.7728e+17 2.8350e-02 1.3701e-02 1.1800e+05 8.5470e+03
9.3000e+02 1.8606e-11 7.5939e-01 1.5543e+03 1.5963e+03 1.6351e+03 1.4585e+18 1.1633e+18 8.9075e+17 2.8183e-02 1.3576e-02 1.1861e+05 8.5910e+03
9.4000e+02 1.8510e-11 7.5995e-01 1.5535e+03 1.5953e+03 1.6341e+03 1.4783e+18 1.1801e+18 9.0432e+17 2.8018e-02 1.3454e-02 1.1923e+05 8.6348e+03
9.5000e+02 1.8416e-11 7.6049e-01 1.5527e+03 1.5944e+03 1.6330e+03 1.4983e+18 1.1970e+18 9.1798e+17 2.7855e-02 1.3334e-02 1.1984e+05 8.6784e+03
9.6000e+02 1.8322e-11 7.6101e-01 1.5519e+03 1.5935e+03 1.6319e+03 1.5185e+18 1.2140e+18 9.3175e+17 2.7694e-02 1.3217e-02 1.2045e+05 8.7218e+03
9.7000e+02 1.8228e-11 7.6151e-01 1.5512e+03 1.5926e+03 1.6309e+03 1.5388e+18 1.2312e+18 9.4562e+17 2.7535e-02 1.3103e-02 1.2106e+05 8.7650e+03
9.8000e+02 1.8136e-11 7.6200e-01 1.5504e+03 1.5917e+03 1.6299e+03 1.5592e+18 1.2485e+18 9.5959e+17 2.7377e-02 1.2991e-02 1.2167e+05 8.8080e+03
9.9000e+02 1.8044e-11 7.6246e-01 1.5496e+03 1.5908e+03 1.6288e+03 1.5798e+18 1.2659e+18 9.7366e+17 2.7222e-02 1.2882e-02 1.2229e+05 8.8508e+03
1.0000e+03 1.7952e-11 7.6291e-01 1.5488e+03 1.5899e+03 1.6278e+03 1.6006e+18 1.2834e+18 9.8784e+17 2.7068e-02 1.2775e-02 1.2290e+05 8.8933e+03
1.0100e+03 1.7861e-11 7.6335e-01 1.5481e+03 1.5891e+03 1.6268e+03 1.6216e+18 1.3011e+18 1.0021e+18 2.6916e-02 1.2670e-02 1.2351e+05 8.9357e+03
1.0200e+03 1.7771e-11 7.6377e-01 1.5473e+03 1.5882e+03 1.6258e+03 1.6427e+18 1.3189e+18 1.0165e+18 2.6765e-02 1.2568e-02 1.2412e+05 8.9779e+03
1.0300e+03 1.7681e-11 7.6417e-01 1.5466e+03 1.5873e+03 1.6248e+03 1.6640e+18 1.3369e+18 1.0310e+18 2.6616e-02 1.2468e-02 1.2473e+05 9.0199e+03
1.0400e+03 1.7592e-11 7.6455e-01 1.5458e+03 1.5865e+03 1.6238e+03 1.6854e+18 1.3550e+18 1.0456e+18 2.6469e-02 1.2369e-02 1.2534e+05 9.0618e+03
1.0500e+03 1.7504e-11 7.6493e-01 1.5451e+03 1.5856e+03 1.6228e+03 1.7071e+18 1.3732e+18 1.0603e+18 2.6323e-02 1.2273e-02 1.2595e+05 9.1034e+03
1.0600e+03 1.7416e-11 7.6528e-01 1.5444e+03 1.5847e+03 1.6219e+03 1.7289e+18 1.3916e+18 1.0751e+18 2.6178e-02 1.2179e-02 1.2656e+05 9.1448e+03
1.0700e+03 1.7329e-11 7.6563e-01 1.5436e+03 1.5839e+03 1.6209e+03 1.7508e+18 1.4100e+18 1.0900e+18 2.6036e-02 1.2086e-02 1.2717e+05 9.1861e+03
1.0800e+03 1.7242e-11 7.6596e-01 1.5429e+03 1.5831e+03 1.6199e+03 1.7730e+18 1.4287e+18 1.1051e+18 2.5894e-02 1.1996e-02 1.2778e+05 9.2272e+03
1.0900e+03 1.7156e-11 7.6627e-01 1.5422e+03 1.5822e+03 1.6190e+03 1.7953e+18 1.4475e+18 1.1202e+18 2.5754e-02 1.1907e-02 1.2839e+05 9.2682e+03
1.1000e+03 1.7071e-11 7.6658e-01 1.5415e+03 1.5814e+03 1.6181e+03 1.8178e+18 1.4664e+18 1.1354e+18 2.5616e-02 1.1820e-02 1.2900e+05 9.3089e+03
1.1100e+03 1.6986e-11 7.6687e-01 1.5408e+03 1.5806e+03 1.6171e+03 1.8405e+18 1.4854e+18 1.1508e+18 2.5479e-02 1.1734e-02 1.2961e+05 9.3495e+03
1.1200e+03 1.6902e-11 7.6715e-01 1.5401e+03 1.5797e+03 1.6162e+03 1.8634e+18 1.5047e+18 1.1663e+18 2.5343e-02 1.1651e-02 1.3022e+05 9.3900e+03
1.1300e+03 1.6818e-11 7.6741e-01 1.5394e+03 1.5789e+03 1.6153e+03 1.8864e+18 1.5240e+18 1.1819e+18 2.5209e-02 1.1569e-02 1.3083e+05 9.4303e+03
1.1400e+03 1.6735e-11 7.6767e-01 1.5387e+03 1.5781e+03 1.6144e+03 1.9097e+18 1.5435e+18 1.1976e+18 2.5076e-02 1.1488e-02 1.3144e+05 9.4704e+03
1.1500e+03 1.6652e-11 7.6791e-01 1.5380e+03 1.5773e+03 1.6134e+03 1.9331e+18 1.5632e+18 1.2134e+18 2.4944e-02 1.1409e-02 1.3205e+05 9.5104e+03
1.1600e+03 1.6570e-11 7.6814e-01 1.5373e+03 1.5765e+03 1.6125e+03 1.9567e+18 1.5830e+18 1.2293e+18 2.4813e-02 1.1331e-02 1.3266e+05 9.5502e+03
1.1700e+03 1.6488e-11 7.6836e-01 1.5366e+03 1.5757e+03 1.6116e+03 1.9805e+18 1.6029e+18 1.2454e+18 2.4684e-02 1.1255e-02 1.3327e+05 9.5899e+03
1.1800e+03 1.6407e-11 7.6858e-01 1.5359e+03 1.5749e+03 1.6108e+03 2.0045e+18 1.6230e+18 1.2615e+18 2.4556e-02 1.1181e-02 1.3389e+05 9.6294e+03
1.1900e+03 1.6327e-11 7.6878e-01 1.5352e+03 1.5741e+03 1.6099e+03 2.0287e+18 1.6433e+18 1.2778e+18 2.4429e-02 1.1107e-02 1.3450e+05 9.6688e+03
1.2000e+03 1.6247e-11 7.6897e-01 1.5346e+03 1.5733e+03 1.6090e+03 2.0531e+18 1.6637e+18 1.2942e+18 2.4304e-02 1.1035e-02 1.3511e+05 9.7080e+03
1.2100e+03 1.6167e-11 7.6915e-01 1.5339e+03 1.5725e+03 1.6081e+03 2.0776e+18 1.6842e+18 1.3108e+18 2.4179e-02 1.0964e-02 1.3572e+05 9.7471e+03
1.2200e+03 1.6089e-11 7.6932e-01 1.5332e+03 1.5717e+03 1.6073e+03 2.1024e+18 1.7049e+18 1.3274e+18 2.4056e-02 1.0895e-02 1.3633e+05 9.7861e+03
1.2300e+03 1.6010e-11 7.6948e-01 1.5325e+03 1.5709e+03 1.6064e+03 2.1274e+18 1.7258e+18 1.3442e+18 2.3934e-02 1.0827e-02 1.3695e+05 9.8249e+03
1.2400e+03 1.5932e-11 7.6964e-01 1.5319e+03 1.5702e+03 1.6055e+03 2.1526e+18 1.7469e+18 1.3611e+18 2.3813e-02 1.0759e-02 1.3756e+05 9.8636e+03
1.2500e+03 1.5855e-11 7.6978e-01 1.5312e+03 1.5694e+03 1.6047e+03 2.1779e+18 1.7681e+18 1.3781e+18 2.3693e-02 1.0694e-02 1.3817e+05 9.9021e+03
1.2600e+03 1.5778e-11 7.6992e-01 1.5306e+03 1.5686e+03 1.6038e+03 2.2035e+18 1.7894e+18 1.3952e+18 2.3574e-02 1.0629e-02 1.3879e+05 9.9406e+03
1.2700e+03 1.5702e-11 7.7005e-01 1.5299e+03 1.5679e+03 1.6030e+03 2.2293e+18 1.8109e+18 1.4125e+18 2.3456e-02 1.0565e-02 1.3940e+05 9.9789e+03
1.2800e+03 1.5626e-11 7.7016e-01 1.5293e+03 1.5671e+03 1.6022e+03 2.2553e+18 1.8326e+18 1.4299e+18 2.3339e-02 1.0502e-02 1.4002e+05 1.0017e+04
1.2900e+03 1.5551e-11 7.7028e-01 1.5286e+03 1.5663e+03 1.6013e+03 2.2815e+18 1.8545e+18 1.4474e+18 2.3223e-02 1.0441e-02 1.4063e+05 1.0055e+04
1.3000e+03 1.5476e-11 7.7038e-01 1.5280e+03 1.5656e+03 1.6005e+03 2.3079e+18 1.8765e+18 1.4651e+18 2.3108e-02 1.0380e-02 1.4125e+05 1.0093e+04
1.3100e+03 1.5402e-11 7.7048e-01 1.5274e+03 1.5648e+03 1.5997e+03 2.3346e+18 1.8987e+18 1.4828e+18 2.2995e-02 1.0321e-02 1.4186e+05 1.0131e+04
1.3200e+03 1.5328e-11 7.7057e-01 1.5267e+03 1.5641e+03 1.5989e+03 2.3614e+18 1.9210e+18 1.5007e+18 2.2882e-02 1.0262e-02 1.4248e+05 1.0169e+04
1.3300e+03 1.5255e-11 7.7065e-01 1.5261e+03 1.5633e+03 1.5981e+03 2.3885e+18 1.9435e+18 1.5188e+18 2.2770e-02 1.0204e-02 1.4310e+05 1.0206e+04
1.3400e+03 1.5182e-11 7.7072e-01 1.5255e+03 1.5626e+03 1.5972e+03 2.4158e+18 1.9662e+18 1.5370e+18 2.2659e-02 1.0148e-02 1.4371e+05 1.0244e+04
1.3500e+03 1.5110e-11 7.7079e-01 1.5248e+03 1.5619e+03 1.5964e+03 2.4433e+18 1.9891e+18 1.5553e+18 2.2549e-02 1.0092e-02 1.4433e+05 1.0281e+04
1.3600e+03 1.5038e-11 7.7085e-01 1.5242e+03 1.5611e+03 1.5956e+03 2.4710e+18 2.0121e+18 1.5737e+18 2.2440e-02 1.0037e-02 1.4495e+05 1.0318e+04
1.3700e+03 1.4966e-11 7.7091e-01 1.5236e+03 1.5604e+03 1.5949e+03 2.4989e+18 2.0353e+18 1.5923e+18 2.2332e-02 9.9825e-03 1.4557e+05 1.0356e+04
1.3800e+03 1.4895e-11 7.7096e-01 1.5230e+03 1.5597e+03 1.5941e+03 2.5271e+18 2.0587e+18 1.6110e+18 2.2224e-02 9.9292e-03 1.4619e+05 1.0393e+04
1.3900e+03 1.4825e-11 7.7100e-01 1.5224e+03 1.5589e+03 1.5933e+03 2.5555e+18 2.0823e+18 1.6298e+18 2.2118e-02 9.8767e-03 1.4681e+05 1.0430e+04
1.4000e+03 1.4755e-11 7.7104e-01 1.5218e+03 1.5582e+03 1.5925e+03 2.5841e+18 2.1060e+18 1.6488e+18 2.2012e-02 9.8250e-03 1.4743e+05 1.0467e+04
1.4100e+03 1.4685e-11 7.7107e-01 1.5211e+03 1.5575e+03 1.5917e+03 2.6130e+18 2.1300e+18 1.6679e+18 2.1908e-02 9.7741e-03 1.4805e+05 1.0503e+04
1.4200e+03 1.4616e-11 7.7110e-01 1.5205e+03 1.5568e+03 1.5909e+03 2.6420e+18 2.1541e+18 1.6872e+18 2.1804e-02 9.7240e-03 1.4867e+05 1.0540e+04
1.4300e+03 1.4547e-11 7.7112e-01 1.5199e+03 1.5561e+03 1.5902e+03 2.6714e+18 2.1784e+18 1.7066e+18 2.1701e-02 9.6745e-03 1.4929e+05 1.0577e+04
1.4400e+03 1.4479e-11 7.7113e-01 1.5193e+03 1.5554e+03 1.5894e+03 2.7009e+18 2.2029e+18 1.7262e+18 2.1599e-02 9.6258e-03 1.4992e+05 1.0613e+04
1.4500e+03 1.4411e-11 7.7114e-01 1.5187e+03 1.5547e+03 1.5887e+03 2.7307e+18 2.2275e+18 1.7458e+18 2.1497e-02 9.5779e-03 1.5054e+05 1.0650e+04
1.4600e+03 1.4344e-11 7.7114e-01 1.5182e+03 1.5539e+03 1.5879e+03 2.7607e+18 2.2524e+18 1.7657e+18 2.1397e-02 9.5305e-03 1.5117e+05 1.0686e+04
1.4700e+03 1.4277e-11 7.7114e-01 1.5176e+03 1.5532e+03 1.5871e+03 2.7910e+18 2.2774e+18 1.7857e+18 2.1297e-02 9.4839e-03 1.5179e+05 1.0722e+04
1.4800e+03 1.4211e-11 7.7114e-01 1.5170e+03 1.5525e+03 1.5864e+03 2.8215e+18 2.3026e+18 1.8058e+18 2.1198e-02 9.4379e-03 1.5242e+05 1.0758e+04
1.4900e+03 1.4145e-11 7.7113e-01 1.5164e+03 1.5518e+03 1.5856e+03 2.8523e+18 2.3280e+18 1.8261e+18 2.1100e-02 9.3926e-03 1.5304e+05 1.0795e+04
1.5000e+03 1.4079e-11 7.7111e-01 1.5158e+03 1.5512e+03 1.5849e+03 2.8833e+18 2.3537e+18 1.8465e+18 2.1002e-02 9.3479e-03 1.5367e+05 1.0831e+04
1.5100e+03 1.4014e-11 7.7109e-01 1.5152e+03 1.5505e+03 1.5842e+03 2.9145e+18 2.3795e+18 1.8670e+18 2.0906e-02 9.3038e-03 1.5430e+05 1.0866e+04
1.5200e+03 1.3949e-11 7.7107e-01 1.5146e+03 1.5498e+03 1.5834e+03 2.9460e+18 2.4055e+18 1.8878e+18 2.0810e-02 9.2603e-03 1.5492e+05 1.0902e+04
1.5300e+03 1.3885e-11 7.7104e-01 1.5141e+03 1.5491e+03 1.5827e+03 2.9778e+18 2.4316e+18 1.9086e+18 2.0715e-02 9.2174e-03 1.5555e+05 1.0938e+04
1.5400e+03 1.3821e-11 7.7101e-01 1.5135e+03 1.5484e+03 1.5820e+03 3.0098e+18 2.4580e+18 1.9296e+18 2.0620e-02 9.1750e-03 1.5618e+05 1.0974e+04
1.5500e+03 1.3757e-11 7.7097e-01 1.5129e+03 1.5477e+03 1.5812e+03 3.0420e+18 2.4846e+18 1.9508e+18 2.0526e-02 9.1332e-03 1.5681e+05 1.1009e+04
1.5600e+03 1.3694e-11 7.7093e-01 1.5124e+03 1.5470e+03 1.5805e+03 3.0745e+18 2.5114e+18 1.9721e+18 2.0433e-02 9.0920e-03 1.5744e+05 1.1045e+04
1.5700e+03 1.3632e-11 7.7089e-01 1.5118e+03 1.5464e+03 1.5798e+03 3.1073e+18 2.5384e+18 1.9936e+18 2.0341e-02 9.0513e-03 1.5808e+05 1.1081e+04
1.5800e+03 1.3569e-11 7.7084e-01 1.5112e+03 1.5457e+03 1.5791e+03 3.1403e+18 2.5656e+18 2.0153e+18 2.0249e-02 9.0111e-03 1.5871e+05 1.1116e+04
1.5900e+03 1.3507e-11 7.7079e-01 1.5107e+03 1.5450e+03 1.5784e+03 3.1736e+18 2.5930e+18 2.0371e+18 2.0158e-02 8.9715e-03 1.5934e+05 1.1151e+04
1.6000e+03 1.3446e-11 7.7074e-01 1.5101e+03 1.5443e+03 1.5777e+03 3.2072e+18 2.6206e+18 2.0590e+18 2.0068e-02 8.9323e-03 1.5998e+05 1.1187e+04
1.6100e+03 1.3385e-11 7.7068e-01 1.5096e+03 1.5437e+03 1.5769e+03 3.2410e+18 2.6484e+18 2.0811e+18 1.9978e-02 8.8936e-03 1.6061e+05 1.1222e+04
1.6200e+03 1.3324e-11 7.7062e-01 1.5090e+03 1.5430e+03 1.5762e+03 3.2751e+18 2.6764e+18 2.1034e+18 1.9889e-02 8.8554e-03 1.6125e+05 1.1257e+04
1.6300e+03 1.3264e-11 7.7055e-01 1.5084e+03 1.5424e+03 1.5755e+03 3.3094e+18 2.7047e+18 2.1258e+18 1.9800e-02 8.8177e-03 1.6188e+05 1.1292e+04
1.6400e+03 1.3204e-11 7.7048e-01 1.5079e+03 1.5417e+03 1.5748e+03 3.3441e+18 2.7331e+18 2.1484e+18 1.9713e-02 8.7804e-03 1.6252e+05 1.1327e+04
1.6500e+03 1.3144e-11 7.7041e-01 1.5074e+03 1.5410e+03 1.5742e+03 3.3790e+18 2.7618e+18 2.1712e+18 1.9625e-02 8.7436e-03 1.6316e+05 1.1362e+04
1.6600e+03 1.3085e-11 7.7034e-01 1.5068e+03 1.5404e+03 1.5735e+03 3.4141e+18 2.7906e+18 2.1941e+18 1.9539e-02 8.7072e-03 1.6380e+05 1.1397e+04
1.6700e+03 1.3026e-11 7.7026e-01 1.5063e+03 1.5397e+03 1.5728e+03 3.4496e+18 2.8197e+18 2.2172e+18 1.9453e-02 8.6713e-03 1.6444e+05 1.1432e+04
1.6800e+03 1.2968e-11 7.7018e-01 1.5057e+03 1.5391e+03 1.5721e+03 3.4853e+18 2.8490e+18 2.2404e+18 1.9368e-02 8.6358e-03 1.6508e+05 1.1467e+04
1.6900e+03 1.2910e-11 7.7010e-01 1.5052e+03 1.5384e+03 1.5714e+03 3.5213e+18 2.8785e+18 2.2639e+18 1.9283e-02 8.6007e-03 1.6572e+05 1.1502e+04
1.7000e+03 1.2852e-11 7.7001e-01 1.5046e+03 1.5378e+03 1.5707e+03 3.5576e+18 2.9083e+18 2.2875e+18 1.9199e-02 8.5660e-03 1.6636e+05 1.1536e+04
1.7100e+03 1.2795e-11 7.6993e-01 1.5041e+03 1.5371e+03 1.5700e+03 3.5942e+18 2.9382e+18 2.3112e+18 1.9116e-02 8.5317e-03 1.6700e+05 1.1571e+04
1.7200e+03 1.2738e-11 7.6984e-01 1.5036e+03 1.5365e+03 1.5694e+03 3.6311e+18 2.9684e+18 2.3351e+18 1.9033e-02 8.4977e-03 1.6764e+05 1.1606e+04
1.7300e+03 1.2681e-11 7.6974e-01 1.5030e+03 1.5359e+03 1.5687e+03 3.6682e+18 2.9988e+18 2.3593e+18 1.8950e-02 8.4642e-03 1.6829e+05 1.1640e+04
1.7400e+03 1.2625e-11 7.6965e-01 1.5025e+03 1.5352e+03 1.5680e+03 3.7056e+18 3.0294e+18 2.3835e+18 1.8869e-02 8.4310e-03 1.6893e+05 1.1675e+04
1.7500e+03 1.2569e-11 7.6955e-01 1.5020e+03 1.5346e+03 1.5674e+03 3.7434e+18 3.0603e+18 2.4080e+18 1.8788e-02 8.3982e-03 1.6958e+05 1.1709e+04
1.7600e+03 1.2513e-11 7.6945e-01 1.5015e+03 1.5339e+03 1.5667e+03 3.7814e+18 3.0914e+18 2.4326e+18 1.8707e-02 8.3658e-03 1.7023e+05 1.1744e+04
1.7700e+03 1.2458e-11 7.6935e-01 1.5009e+03 1.5333e+03 1.5660e+03 3.8197e+18 3.1227e+18 2.4574e+18 1.8627e-02 8.3337e-03 1.7087e+05 1.1778e+04
1.7800e+03 1.2403e-11 7.6925e-01 1.5004e+03 1.5327e+03 1.5654e+03 3.8583e+18 3.1542e+18 2.4824e+18 1.8547e-02 8.3020e-03 1.7152e+05 1.1812e+04
1.7900e+03 1.2349e-11 7.6914e-01 1.4999e+03 1.5321e+03 1.5647e+03 3.8972e+18 3.1860e+18 2.5075e+18 1.8468e-02 8.2706e-03 1.7217e+05 1.1847e+04
1.8000e+03 1.2295e-11 7.6903e-01 1.4994e+03 1.5314e+03 1.5641e+03 3.9364e+18 3.2180e+18 2.5329e+18 1.8390e-02 8.2395e-03 1.7282e+05 1.1881e+04
1.8100e+03 1.2241e-11 7.6892e-01 1.4989e+03 1.5308e+03 1.5634e+03 3.9760e+18 3.2503e+18 2.5584e+18 1.8312e-02 8.2087e-03 1.7347e+05 1.1915e+04
1.8200e+03 1.2187e-11 7.6881e-01 1.4984e+03 1.5302e+03 1.5628e+03 4.0158e+18 3.2827e+18 2.5841e+18 1.8235e-02 8.1783e-03 1.7412e+05 1.1949e+04
1.8300e+03 1.2134e-11 7.6870e-01 1.4979e+03 1.5296e+03 1.5621e+03 4.0559e+18 3.3155e+18 2.6100e+18 1.8158e-02 8.1482e-03 1.7478e+05 1.1984e+04
1.8400e+03 1.2081e-11 7.6858e-01 1.4974e+03 1.5289e+03 1.5615e+03 4.0963e+18 3.3484e+18 2.6361e+18 1.8081e-02 8.1184e-03 1.7543e+05 1.2018e+04
1.8500e+03 1.2029e-11 7.6846e-01 1.4968e+03 1.5283e+03 1.5608e+03 4.1371e+18 3.3816e+18 2.6623e+18 1.8006e-02 8.0889e-03 1.7609e+05 1.2052e+04
1.8600e+03 1.1977e-11 7.6834e-01 1.4963e+03 1.5277e+03 1.5602e+03 4.1781e+18 3.4151e+18 2.6888e+18 1.7930e-02 8.0596e-03 1.7674e+05 1.2086e+04
1.8700e+03 1.1925e-11 7.6822e-01 1.4958e+03 1.5271e+03 1.5596e+03 4.2195e+18 3.4487e+18 2.7154e+18 1.7856e-02 8.0307e-03 1.7740e+05 1.2120e+04
1.8800e+03 1.1873e-11 7.6810e-01 1.4953e+03 1.5265e+03 1.5589e+03 4.2612e+18 3.4827e+18 2.7422e+18 1.7781e-02 8.0021e-03 1.7805e+05 1.2154e+04
1.8900e+03 1.1822e-11 7.6798e-01 1.4948e+03 1.5259e+03 1.5583e+03 4.3032e+18 3.5169e+18 2.7692e+18 1.7707e-02 7.9737e-03 1.7871e+05 1.2188e+04
1.9000e+03 1.1771e-11 7.6785e-01 1.4943e+03 1.5253e+03 1.5577e+03 4.3455e+18 3.5513e+18 2.7964e+18 1.7634e-02 7.9456e-03 1.7937e+05 1.2222e+04
1.9100e+03 1.1721e-11 7.6773e-01 1.4938e+03 1.5247e+03 1.5570e+03 4.3882e+18 3.5860e+18 2.8238e+18 1.7561e-02 7.9178e-03 1.8003e+05 1.2256e+04
1.9200e+03 1.1670e-11 7.6760e-01 1.4934e+03 1.5241e+03 1.5564e+03 4.4312e+18 3.6209e+18 2.8514e+18 1.7489e-02 7.8902e-03 1.8069e+05 1.2289e+04
1.9300e+03 1.1620e-11 7.6747e-01 1.4929e+03 1.5235e+03 1.5558e+03 4.4745e+18 3.6561e+18 2.8792e+18 1.7417e-02 7.8629e-03 1.8135e+05 1.2323e+04
1.9400e+03 1.1571e-11 7.6734e-01 1.4924e+03 1.5229e+03 1.5552e+03 4.5181e+18 3.6915e+18 2.9071e+18 1.7345e-02 7.8358e-03 1.8201e+05 1.2357e+04
1.9500e+03 1.1521e-11 7.6721e-01 1.4919e+03 1.5223e+03 1.5545e+03 4.5620e+18 3.7272e+18 2.9353e+18 1.7274e-02 7.8090e-03 1.8268e+05 1.2391e+04
1.9600e+03 1.1472e-11 7.6707e-01 1.4914e+03 1.5217e+03 1.5539e+03 4.6063e+18 3.7631e+18 2.9637e+18 1.7204e-02 7.7825e-03 1.8334e+05 1.2424e+04
1.9700e+03 1.1424e-11 7.6694e-01 1.4909e+03 1.5211e+03 1.5533e+03 4.6510e+18 3.7993e+18 2.9922e+18 1.7134e-02 7.7562e-03 1.8401e+05 1.2458e+04
1.9800e+03 1.1375e-11 7.6680e-01 1.4904e+03 1.5205e+03 1.5527e+03 4.6959e+18 3.8358e+18 3.0210e+18 1.7064e-02 7.7301e-03 1.8467e+05 1.2492e+04
1.9900e+03 1.1327e-11 7.6667e-01 1.4899e+03 1.5199e+03 1.5521e+03 4.7412e+18 3.8725e+18 3.0500e+18 1.6995e-02 7.7042e-03 1.8534e+05 1.2526e+04
2.0000e+03 1.1279e-11 7.6653e-01 1.4895e+03 1.5193e+03 1.5515e+03 4.7869e+18 3.9095e+18 3.0791e+18 1.6926e-02 7.6786e-03 1.8601e+05 1.2559e+04
2.0100e+03 1.1232e-11 7.6639e-01 1.4890e+03 1.5187e+03 1.5509e+03 4.8328e+18 3.9468e+18 3.1085e+18 1.6858e-02 7.6532e-03 1.8667e+05 1.2593e+04
2.0200e+03 1.1184e-11 7.6625e-01 1.4885e+03 1.5181e+03 1.5503e+03 4.8792e+18 3.9843e+18 3.1381e+18 1.6790e-02 7.6280e-03 1.8734e+05 1.2626e+04
2.0300e+03 1.1137e-11 7.6611e-01 1.4880e+03 1.5176e+03 1.5496e+03 4.9258e+18 4.0221e+18 3.1679e+18 1.6723e-02 7.6031e-03 1.8801e+05 1.2660e+04
2.0400e+03 1.1091e-11 7.6597e-01 1.4876e+03 1.5170e+03 1.5490e+03 4.9729e+18 4.0601e+18 3.1979e+18 1.6656e-02 7.5783e-03 1.8869e+05 1.2694e+04
2.0500e+03 1.1044e-11 7.6583e-01 1.4871e+03 1.5164e+03 1.5484e+03 5.0202e+18 4.0985e+18 3.2281e+18 1.6589e-02 7.5538e-03 1.8936e+05 1.2727e+04
2.0600e+03 1.0998e-11 7.6569e-01 1.4866e+03 1.5158e+03 1.5478e+03 5.0680e+18 4.1371e+18 3.2585e+18 1.6523e-02 7.5295e-03 1.9003e+05 1.2761e+04
2.0700e+03 1.0953e-11 7.6554e-01 1.4862e+03 1.5152e+03 1.5473e+03 5.1161e+18 4.1760e+18 3.2891e+18 1.6457e-02 7.5053e-03 1.9070e+05 1.2794e+04
2.0800e+03 1.0907e-11 7.6540e-01 1.4857e+03 1.5147e+03 1.5467e+03 5.1645e+18 4.2151e+18 3.3199e+18 1.6392e-02 7.4814e-03 1.9138e+05 1.2828e+04
2.0900e+03 1.0862e-11 7.6525e-01 1.4852e+03 1.5141e+03 1.5461e+03 5.2133e+18 4.2545e+18 3.3510e+18 1.6327e-02 7.4577e-03 1.9206e+05 1.2861e+04
2.1000e+03 1.0817e-11 7.6511e-01 1.4848e+03 1.5135e+03 1.5455e+03 5.2625e+18 4.2942e+18 3.3822e+18 1.6262e-02 7.4341e-03 1.9273e+05 1.2894e+04
2.1100e+03 1.0772e-11 7.6496e-01 1.4843e+03 1.5130e+03 1.5449e+03 5.3120e+18 4.3342e+18 3.4137e+18 1.6198e-02 7.4108e-03 1.9341e+05 1.2928e+04
2.1200e+03 1.0728e-11 7.6481e-01 1.4838e+03 1.5124e+03 1.5443e+03 5.3619e+18 4.3745e+18 3.4454e+18 1.6135e-02 7.3876e-03 1.9409e+05 1.2961e+04
2.1300e+03 1.0683e-11 7.6467e-01 1.4834e+03 1.5118e+03 1.5437e+03 5.4121e+18 4.4151e+18 3.4773e+18 1.6071e-02 7.3646e-03 1.9477e+05 1.2995e+04
2.1400e+03 1.0639e-11 7.6452e-01 1.4829e+03 1.5113e+03 1.5431e+03 5.4628e+18 4.4559e+18 3.5094e+18 1.6008e-02 7.3418e-03 1.9545e+05 1.3028e+04
2.1500e+03 1.0596e-11 7.6437e-01 1.4825e+03 1.5107e+03 1.5426e+03 5.5137e+18 4.4970e+18 3.5418e+18 1.5946e-02 7.3192e-03 1.9613e+05 1.3061e+04
2.1600e+03 1.0552e-11 7.6422e-01 1.4820e+03 1.5101e+03 1.5420e+03 5.5651e+18 4.5384e+18 3.5744e+18 1.5884e-02 7.2967e-03 1.9681e+05 1.3095e+04
2.1700e+03 1.0509e-11 7.6407e-01 1.4816e+03 1.5096e+03 1.5414e+03 5.6169e+18 4.5801e+18 3.6072e+18 1.5822e-02 7.2744e-03 1.9750e+05 1.3128e+04
2.1800e+03 1.0466e-11 7.6392e-01 1.4811e+03 1.5090e+03 1.5408e+03 5.6690e+18 4.6221e+18 3.6402e+18 1.5760e-02 7.2523e-03 1.9818e+05 1.3161e+04
2.1900e+03 1.0424e-11 7.6377e-01 1.4807e+03 1.5084e+03 1.5402e+03 5.7215e+18 4.6644e+18 3.6734e+18 1.5699e-02 7.2304e-03 1.9886e+05 1.3195e+04
2.2000e+03 1.0382e-11 7.6362e-01 1.4802e+03 1.5079e+03 1.5397e+03 5.7744e+18 4.7070e+18 3.7069e+18 1.5639e-02 7.2086e-03 1.9955e+05 1.3228e+04
2.2100e+03 1.0339e-11 7.6347e-01 1.4798e+03 1.5073e+03 1.5391e+03 5.8277e+18 4.7499e+18 3.7406e+18 1.5578e-02 7.1870e-03 2.0024e+05 1.3261e+04
2.2200e+03 1.0298e-11 7.6332e-01 1.4793e+03 1.5068e+03 1.5385e+03 5.8813e+18 4.7930e+18 3.7745e+18 1.5518e-02 7.1655e-03 2.0093e+05 1.3295e+04
2.2300e+03 1.0256e-11 7.6316e-01 1.4789e+03 1.5062e+03 1.5380e+03 5.9354e+18 4.8365e+18 3.8087e+18 1.5459e-02 7.1442e-03 2.0161e+05 1.3328e+04
2.2400e+03 1.0215e-11 7.6301e-01 1.4785e+03 1.5057e+03 1.5374e+03 5.9898e+18 4.8803e+18 3.8431e+18 1.5399e-02 7.1230e-03 2.0230e+05 1.3361e+04
2.2500e+03 1.0174e-11 7.6286e-01 1.4780e+03 1.5051e+03 1.5368e+03 6.0447e+18 4.9244e+18 3.8777e+18 1.5341e-02 7.1020e-03 2.0299e+05 1.3394e+04
2.2600e+03 1.0133e-11 7.6271e-01 1.4776e+03 1.5046e+03 1.5363e+03 6.0999e+18 4.9687e+18 3.9126e+18 1.5282e-02 7.0812e-03 2.0369e+05 1.3428e+04
2.2700e+03 1.0092e-11 7.6255e-01 1.4771e+03 1.5040e+03 1.5357e+03 6.1555e+18 5.0134e+18 3.9477e+18 1.5224e-02 7.0605e-03 2.0438e+05 1.3461e+04
2.2800e+03 1.0052e-11 7.6240e-01 1.4767e+03 1.5035e+03 1.5352e+03 6.2115e+18 5.0584e+18 3.9830e+18 1.5166e-02 7.0399e-03 2.0507e+05 1.3494e+04
2.2900e+03 1.0012e-11 7.6225e-01 1.4763e+03 1.5030e+03 1.5346e+03 6.2680e+18 5.1037e+18 4.0186e+18 1.5109e-02 7.0195e-03 2.0577e+05 1.3527e+04
2.3000e+03 9.9717e-12 7.6209e-01 1.4758e+03 1.5024e+03 1.5340e+03 6.3248e+18 5.1493e+18 4.0544e+18 1.5051e-02 6.9992e-03 2.0646e+05 1.3560e+04
2.3100e+03 9.9321e-12 7.6194e-01 1.4754e+03 1.5019e+03 1.5335e+03 6.3821e+18 5.1952e+18 4.0904e+18 1.4995e-02 6.9791e-03 2.0716e+05 1.3594e+04
2.3200e+03 9.8927e-12 7.6179e-01 1.4750e+03 1.5013e+03 1.5329e+03 6.4397e+18 5.2415e+18 4.1267e+18 1.4938e-02 6.9591e-03 2.0785e+05 1.3627e+04
2.3300e+03 9.8535e-12 7.6163e-01 1.4746e+03 1.5008e+03 1.5324e+03 6.4978e+18 5.2880e+18 4.1632e+18 1.4882e-02 6.9392e-03 2.0855e+05 1.3660e+04
2.3400e+03 9.8146e-12 7.6148e-01 1.4741e+03 1.5003e+03 1.5318e+03 6.5563e+18 5.3349e+18 4.2000e+18 1.4826e-02 6.9195e-03 2.0925e+05 1.3693e+04
2.3500e+03 9.7758e-12 7.6132e-01 1.4737e+03 1.4997e+03 1.5313e+03 6.6151e+18 5.3821e+18 4.2370e+18 1.4771e-02 6.8999e-03 2.0995e+05 1.3726e+04
2.3600e+03 9.7374e-12 7.6117e-01 1.4733e+03 1.4992e+03 1.5308e+03 6.6745e+18 5.4296e+18 4.2743e+18 1.4715e-02 6.8804e-03 2.1065e+05 1.3760e+04
2.3700e+03 9.6991e-12 7.6102e-01 1.4729e+03 1.4987e+03 1.5302e+03 6.7342e+18 5.4774e+18 4.3118e+18 1.4661e-02 6.8610e-03 2.1135e+05 1.3793e+04
2.3800e+03 9.6611e-12 7.6086e-01 1.4724e+03 1.4981e+03 1.5297e+03 6.7943e+18 5.5256e+18 4.3496e+18 1.4606e-02 6.8418e-03 2.1206e+05 1.3826e+04
2.3900e+03 9.6232e-12 7.6071e-01 1.4720e+03 1.4976e+03 1.5291e+03 6.8549e+18 5.5740e+18 4.3876e+18 1.4552e-02 6.8227e-03 2.1276e+05 1.3859e+04
2.4000e+03 9.5857e-12 7.6055e-01 1.4716e+03 1.4971e+03 1.5286e+03 6.9159e+18 5.6228e+18 4.4259e+18 1.4498e-02 6.8037e-03 2.1347e+05 1.3892e+04
2.4100e+03 9.5483e-12 7.6040e-01 1.4712e+03 1.4966e+03 1.5280e+03 6.9774e+18 5.6720e+18 4.4644e+18 1.4444e-02 6.7849e-03 2.1417e+05 1.3925e+04
2.4200e+03 9.5111e-12 7.6025e-01 1.4708e+03 1.4960e+03 1.5275e+03 7.0392e+18 5.7214e+18 4.5032e+18 1.4391e-02 6.7661e-03 2.1488e+05 1.3959e+04
2.4300e+03 9.4742e-12 7.6009e-01 1.4704e+03 1.4955e+03 1.5270e+03 7.1015e+18 5.7712e+18 4.5422e+18 1.4338e-02 6.7475e-03 2.1559e+05 1.3992e+04
2.4400e+03 9.4375e-12 7.5994e-01 1.4699e+03 1.4950e+03 1.5264e+03 7.1643e+18 5.8214e+18 4.5815e+18 1.4285e-02 6.7290e-03 2.1629e+05 1.4025e+04
2.4500e+03 9.4010e-12 7.5979e-01 1.4695e+03 1.4945e+03 1.5259e+03 7.2275e+18 5.8718e+18 4.6210e+18 1.4233e-02 6.7106e-03 2.1700e+05 1.4058e+04
2.4600e+03 9.3647e-12 7.5963e-01 1.4691e+03 1.4939e+03 1.5254e+03 7.2911e+18 5.9226e+18 4.6609e+18 1.4181e-02 6.6923e-03 2.1771e+05 1.4091e+04
2.4700e+03 9.3286e-12 7.5948e-01 1.4687e+03 1.4934e+03 1.5248e+03 7.3551e+18 5.9738e+18 4.7009e+18 1.4129e-02 6.6742e-03 2.1842e+05 1.4124e+04
2.4800e+03 9.2928e-12 7.5933e-01 1.4683e+03 1.4929e+03 1.5243e+03 7.4197e+18 6.0252e+18 4.7413e+18 1.4078e-02 6.6561e-03 2.1914e+05 1.4157e+04
2.4900e+03 9.2571e-12 7.5917e-01 1.4679e+03 1.4924e+03 1.5238e+03 7.4846e+18 6.0771e+18 4.7818e+18 1.4026e-02 6.6382e-03 2.1985e+05 1.4190e+04
2.5000e+03 9.2217e-12 7.5902e-01 1.4675e+03 1.4919e+03 1.5233e+03 7.5500e+18 6.1292e+18 4.8227e+18 1.3976e-02 6.6203e-03 2.2056e+05 1.4224e+04
2.5100e+03 9.1864e-12 7.5887e-01 1.4671e+03 1.4914e+03 1.5227e+03 7.6159e+18 6.1817e+18 4.8638e+18 1.3925e-02 6.6026e-03 2.2128e+05 1.4257e+04
2.5200e+03 9.1514e-12 7.5871e-01 1.4667e+03 1.4909e+03 1.5222e+03 7.6822e+18 6.2346e+18 4.9052e+18 1.3875e-02 6.5850e-03 2.2199e+05 1.4290e+04
2.5300e+03 9.1165e-12 7.5856e-01 1.4663e+03 1.4903e+03 1.5217e+03 7.7490e+18 6.2878e+18 4.9469e+18 1.3825e-02 6.5674e-03 2.2271e+05 1.4323e+04
2.5400e+03 9.0819e-12 7.5841e-01 1.4659e+03 1.4898e+03 1.5212e+03 7.8162e+18 6.3414e+18 4.9888e+18 1.3775e-02 6.5500e-03 2.2343e+05 1.4356e+04
2.5500e+03 9.0475e-12 7.5826e-01 1.4655e+03 1.4893e+03 1.5207e+03 7.8839e+18 6.3953e+18 5.0310e+18 1.3725e-02 6.5327e-03 2.2415e+05 1.4389e+04
2.5600e+03 9.0132e-12 7.5811e-01 1.4651e+03 1.4888e+03 1.5201e+03 7.9521e+18 6.4495e+18 5.0735e+18 1.3676e-02 6.5154e-03 2.2487e+05 1.4422e+04
2.5700e+03 8.9792e-12 7.5796e-01 1.4647e+03 1.4883e+03 1.5196e+03 8.0207e+18 6.5041e+18 5.1163e+18 1.3627e-02 6.4983e-03 2.2559e+05 1.4456e+04
2.5800e+03 8.9454e-12 7.5781e-01 1.4643e+03 1.4878e+03 1.5191e+03 8.0898e+18 6.5591e+18 5.1593e+18 1.3579e-02 6.4813e-03 2.2631e+05 1.4489e+04
2.5900e+03 8.9117e-12 7.5766e-01 1.4639e+03 1.4873e+03 1.5186e+03 8.1594e+18 6.6144e+18 5.2026e+18 1.3530e-02 6.4643e-03 2.2703e+05 1.4522e+04
2.6000e+03 8.8783e-12 7.5751e-01 1.4635e+03 1.4868e+03 1.5181e+03 8.2294e+18 6.6701e+18 5.2462e+18 1.3482e-02 6.4475e-03 2.2775e+05 1.4555e+04
2.6100e+03 8.8450e-12 7.5736e-01 1.4631e+03 1.4863e+03 1.5176e+03 8.2999e+18 6.7262e+18 5.2900e+18 1.3434e-02 6.4307e-03 2.2848e+05 1.4588e+04
2.6200e+03 8.8119e-12 7.5721e-01 1.4628e+03 1.4858e+03 1.5171e+03 8.3709e+18 6.7826e+18 5.3342e+18 1.3387e-02 6.4141e-03 2.2920e+05 1.4621e+04
2.6300e+03 8.7790e-12 7.5706e-01 1.4624e+03 1.4853e+03 1.5166e+03 8.4424e+18 6.8394e+18 5.3786e+18 1.3339e-02 6.3975e-03 2.2993e+05 1.4654e+04
2.6400e+03 8.7464e-12 7.5691e-01 1.4620e+03 1.4848e+03 1.5161e+03 8.5144e+18 6.8966e+18 5.4233e+18 1.3292e-02 6.3810e-03 2.3066e+05 1.4688e+04
2.6500e+03 8.7138e-12 7.5676e-01 1.4616e+03 1.4843e+03 1.5156e+03 8.5868e+18 6.9541e+18 5.4683e+18 1.3245e-02 6.3646e-03 2.3138e+05 1.4721e+04
2.6600e+03 8.6815e-12 7.5661e-01 1.4612e+03 1.4838e+03 1.5151e+03 8.6598e+18 7.0120e+18 5.5136e+18 1.3199e-02 6.3483e-03 2.3211e+05 1.4754e+04
2.6700e+03 8.6494e-12 7.5646e-01 1.4608e+03 1.4833e+03 1.5145e+03 8.7332e+18 7.0702e+18 5.5592e+18 1.3153e-02 6.3321e-03 2.3284e+05 1.4787e+04
2.6800e+03 8.6174e-12 7.5632e-01 1.4604e+03 1.4828e+03 1.5140e+03 8.8071e+18 7.1289e+18 5.6050e+18 1.3107e-02 6.3160e-03 2.3357e+05 1.4820e+04
2.6900e+03 8.5857e-12 7.5617e-01 1.4601e+03 1.4824e+03 1.5135e+03 8.8815e+18 7.1879e+18 5.6512e+18 1.3061e-02 6.3000e-03 2.3431e+05 1.4853e+04
2.7000e+03 8.5541e-12 7.5602e-01 1.4597e+03 1.4819e+03 1.5130e+03 8.9565e+18 7.2473e+18 5.6976e+18 1.3015e-02 6.2840e-03 2.3504e+05 1.4887e+04
2.7100e+03 8.5227e-12 7.5588e-01 1.4593e+03 1.4814e+03 1.5126e+03 9.0319e+18 7.3071e+18 5.7443e+18 1.2970e-02 6.2681e-03 2.3577e+05 1.4920e+04
2.7200e+03 8.4914e-12 7.5573e-01 1.4589e+03 1.4809e+03 1.5121e+03 9.1078e+18 7.3672e+18 5.7914e+18 1.2925e-02 6.2523e-03 2.3651e+05 1.4953e+04
2.7300e+03 8.4604e-12 7.5559e-01 1.4586e+03 1.4804e+03 1.5116e+03 9.1843e+18 7.4278e+18 5.8387e+18 1.2880e-02 6.2366e-03 2.3724e+05 1.4986e+04
2.7400e+03 8.4295e-12 7.5544e-01 1.4582e+03 1.4799e+03 1.5111e+03 9.2612e+18 7.4887e+18 5.8863e+18 1.2835e-02 6.2210e-03 2.3798e+05 1.5019e+04
2.7500e+03 8.3988e-12 7.5530e-01 1.4578e+03 1.4794e+03 1.5106e+03 9.3387e+18 7.5500e+18 5.9343e+18 1.2791e-02 6.2054e-03 2.3871e+05 1.5053e+04
2.7600e+03 8.3682e-12 7.5516e-01 1.4574e+03 1.4790e+03 1.5101e+03 9.4166e+18 7.6117e+18 5.9825e+18 1.2747e-02 6.1899e-03 2.3945e+05 1.5086e+04
2.7700e+03 8.3379e-12 7.5501e-01 1.4571e+03 1.4785e+03 1.5096e+03 9.4951e+18 7.6738e+18 6.0310e+18 1.2703e-02 6.1745e-03 2.4019e+05 1.5119e+04
2.7800e+03 8.3077e-12 7.5487e-01 1.4567e+03 1.4780e+03 1.5091e+03 9.5741e+18 7.7363e+18 6.0798e+18 1.2660e-02 6.1592e-03 2.4093e+05 1.5152e+04
2.7900e+03 8.2777e-12 7.5473e-01 1.4563e+03 1.4775e+03 1.5086e+03 9.6537e+18 7.7992e+18 6.1290e+18 1.2616e-02 6.1440e-03 2.4167e+05 1.5185e+04
2.8000e+03 8.2478e-12 7.5459e-01 1.4560e+03 1.4770e+03 1.5081e+03 9.7337e+18 7.8624e+18 6.1784e+18 1.2573e-02 6.1288e-03 2.4241e+05 1.5219e+04
2.8100e+03 8.2181e-12 7.5445e-01 1.4556e+03 1.4766e+03 1.5076e+03 9.8143e+18 7.9261e+18 6.2281e+18 1.2530e-02 6.1137e-03 2.4316e+05 1.5252e+04
2.8200e+03 8.1886e-12 7.5430e-01 1.4552e+03 1.4761e+03 1.5072e+03 9.8954e+18 7.9902e+18 6.2782e+18 1.2488e-02 6.0987e-03 2.4390e+05 1.5285e+04
2.8300e+03 8.1593e-12 7.5416e-01 1.4549e+03 1.4756e+03 1.5067e+03 9.9770e+18 8.0547e+18 6.3286e+18 1.2445e-02 6.0837e-03 2.4464e+05 1.5318e+04
2.8400e+03 8.1301e-12 7.5403e-01 1.4545e+03 1.4751e+03 1.5062e+03 1.0059e+19 8.1195e+18 6.3792e+18 1.2403e-02 6.0689e-03 2.4539e+05 1.5352e+04
2.8500e+03 8.1010e-12 7.5389e-01 1.4542e+03 1.4747e+03 1.5057e+03 1.0142e+19 8.1848e+18 6.4302e+18 1.2361e-02 6.0541e-03 2.4614e+05 1.5385e+04
2.8600e+03 8.0722e-12 7.5375e-01 1.4538e+03 1.4742e+03 1.5052e+03 1.0225e+19 8.2505e+18 6.4815e+18 1.2319e-02 6.0393e-03 2.4688e+05 1.5418e+04
2.8700e+03 8.0435e-12 7.5361e-01 1.4534e+03 1.4737e+03 1.5048e+03 1.0309e+19 8.3166e+18 6.5332e+18 1.2278e-02 6.0247e-03 2.4763e+05 1.5451e+04
2.8800e+03 8.0149e-12 7.5347e-01 1.4531e+03 1.4733e+03 1.5043e+03 1.0393e+19 8.3831e+18 6.5851e+18 1.2236e-02 6.0101e-03 2.4838e+05 1.5485e+04
2.8900e+03 7.9866e-12 7.5334e-01 1.4527e+03 1.4728e+03 1.5038e+03 1.0478e+19 8.4500e+18 6.6373e+18 1.2195e-02 5.9956e-03 2.4913e+05 1.5518e+04
2.9000e+03 7.9583e-12 7.5320e-01 1.4524e+03 1.4723e+03 1.5033e+03 1.0564e+19 8.5174e+18 6.6899e+18 1.2154e-02 5.9811e-03 2.4988e+05 1.5551e+04
2.9100e+03 7.9303e-12 7.5306e-01 1.4520e+03 1.4719e+03 1.5029e+03 1.0650e+19 8.5851e+18 6.7428e+18 1.2113e-02 5.9667e-03 2.5063e+05 1.5585e+04
2.9200e+03 7.9023e-12 7.5293e-01 1.4517e+03 1.4714e+03 1.5024e+03 1.0736e+19 8.6533e+18 6.7960e+18 1.2073e-02 5.9524e-03 2.5139e+05 1.5618e+04
2.9300e+03 7.8746e-12 7.5279e-01 1.4513e+03 1.4709e+03 1.5019e+03 1.0823e+19 8.7219e+18 6.8496e+18 1.2033e-02 5.9381e-03 2.5214e+05 1.5651e+04
2.9400e+03 7.8470e-12 7.5266e-01 1.4510e+03 1.4705e+03 1.5015e+03 1.0911e+19 8.7909e+18 6.9035e+18 1.1993e-02 5.9239e-03 2.5289e+05 1.5684e+04
2.9500e+03 7.8195e-12 7.5253e-01 1.4506e+03 1.4700e+03 1.5010e+03 1.0999e+19 8.8603e+18 6.9577e+18 1.1953e-02 5.9098e-03 2.5365e+05 1.5718e+04
2.9600e+03 7.7922e-12 7.5240e-01 1.4503e+03 1.4696e+03 1.5005e+03 1.1088e+19 8.9302e+18 7.0122e+18 1.1913e-02 5.8958e-03 2.5440e+05 1.5751e+04
2.9700e+03 7.7651e-12 7.5226e-01 1.4499e+03 1.4691e+03 1.5000e+03 1.1177e+19 9.0005e+18 7.0670e+18 1.1874e-02 5.8818e-03 2.5516e+05 1.5785e+04
2.9800e+03 7.7381e-12 7.5213e-01 1.4496e+03 1.4686e+03 1.4996e+03 1.1267e+19 9.0712e+18 7.1222e+18 1.1835e-02 5.8678e-03 2.5592e+05 1.5818e+04
2.9900e+03 7.7112e-12 7.5200e-01 1.4492e+03 1.4682e+03 1.4991e+03 1.1358e+19 9.1423e+18 7.1778e+18 1.1795e-02 5.8539e-03 2.5668e+05 1.5851e+04
3.0000e+03 7.6845e-12 7.5187e-01 1.4489e+03 1.4677e+03 1.4987e+03 1.1449e+19 9.2139e+18 7.2336e+18 1.1757e-02 5.8401e-03 2.5744e+05 1.5885e+04
3.0100e+03 7.6579e-12 7.5174e-01 1.4485e+03 1.4673e+03 1.4982e+03 1.1540e+19 9.2859e+18 7.2898e+18 1.1718e-02 5.8264e-03 2.5820e+05 1.5918e+04
3.0200e+03 7.6315e-12 7.5161e-01 1.4482e+03 1.4668e+03 1.4977e+03 1.1633e+19 9.3584e+18 7.3463e+18 1.1680e-02 5.8127e-03 2.5896e+05 1.5951e+04
3.0300e+03 7.6052e-12 7.5149e-01 1.4478e+03 1.4664e+03 1.4973e+03 1.1726e+19 9.4313e+18 7.4032e+18 1.1641e-02 5.7991e-03 2.5972e+05 1.5985e+04
3.0400e+03 7.5791e-12 7.5136e-01 1.4475e+03 1.4659e+03 1.4968e+03 1.1819e+19 9.5046e+18 7.4604e+18 1.1603e-02 5.7855e-03 2.6049e+05 1.6018e+04
3.0500e+03 7.5531e-12 7.5123e-01 1.4472e+03 1.4655e+03 1.4964e+03 1.1913e+19 9.5784e+18 7.5180e+18 1.1566e-02 5.7720e-03 2.6125e+05 1.6052e+04
3.0600e+03 7.5273e-12 7.5110e-01 1.4468e+03 1.4650e+03 1.4959e+03 1.2008e+19 9.6526e+18 7.5759e+18 1.1528e-02 5.7585e-03 2.6202e+05 1.6085e+04
3.0700e+03 7.5016e-12 7.5098e-01 1.4465e+03 1.4646e+03 1.4954e+03 1.2103e+19 9.7272e+18 7.6341e+18 1.1490e-02 5.7451e-03 2.6278e+05 1.6118e+04
3.0800e+03 7.4760e-12 7.5085e-01 1.4462e+03 1.4641e+03 1.4950e+03 1.2199e+19 9.8023e+18 7.6927e+18 1.1453e-02 5.7318e-03 2.6355e+05 1.6152e+04
3.0900e+03 7.4506e-12 7.5073e-01 1.4458e+03 1.4637e+03 1.4945e+03 1.2295e+19 9.8779e+18 7.7516e+18 1.1416e-02 5.7185e-03 2.6432e+05 1.6185e+04
3.1000e+03 7.4253e-12 7.5061e-01 1.4455e+03 1.4632e+03 1.4941e+03 1.2392e+19 9.9539e+18 7.8109e+18 1.1379e-02 5.7053e-03 2.6508e+05 1.6219e+04
3.1100e+03 7.4001e-12 7.5048e-01 1.4452e+03 1.4628e+03 1.4936e+03 1.2490e+19 1.0030e+19 7.8706e+18 1.1343e-02 5.6922e-03 2.6585e+05 1.6252e+04
3.1200e+03 7.3751e-12 7.5036e-01 1.4448e+03 1.4624e+03 1.4932e+03 1.2588e+19 1.0107e+19 7.9306e+18 1.1306e-02 5.6790e-03 2.6662e+05 1.6286e+04
3.1300e+03 7.3503e-12 7.5024e-01 1.4445e+03 1.4619e+03 1.4927e+03 1.2687e+19 1.0185e+19 7.9909e+18 1.1270e-02 5.6660e-03 2.6740e+05 1.6319e+04
3.1400e+03 7.3255e-12 7.5012e-01 1.4442e+03 1.4615e+03 1.4923e+03 1.2786e+19 1.0262e+19 8.0516e+18 1.1234e-02 5.6530e-03 2.6817e+05 1.6353e+04
3.1500e+03 7.3009e-12 7.5000e-01 1.4438e+03 1.4610e+03 1.4918e+03 1.2886e+19 1.0341e+19 8.1127e+18 1.1198e-02 5.6400e-03 2.6894e+05 1.6386e+04
3.1600e+03 7.2764e-12 7.4988e-01 1.4435e+03 1.4606e+03 1.4914e+03 1.2987e+19 1.0420e+19 8.1741e+18 1.1162e-02 5.6272e-03 2.6972e+05 1.6420e+04
3.1700e+03 7.2521e-12 7.4976e-01 1.4432e+03 1.4602e+03 1.4909e+03 1.3088e+19 1.0499e+19 8.2359e+18 1.1126e-02 5.6143e-03 2.7049e+05 1.6453e+04
3.1800e+03 7.2278e-12 7.4964e-01 1.4429e+03 1.4597e+03 1.4905e+03 1.3190e+19 1.0578e+19 8.2980e+18 1.1091e-02 5.6015e-03 2.7127e+05 1.6487e+04
3.1900e+03 7.2038e-12 7.4953e-01 1.4425e+03 1.4593e+03 1.4901e+03 1.3293e+19 1.0659e+19 8.3605e+18 1.1056e-02 5.5888e-03 2.7204e+05 1.6520e+04
3.2000e+03 7.1798e-12 7.4941e-01 1.4422e+03 1.4588e+03 1.4896e+03 1.3396e+19 1.0739e+19 8.4234e+18 1.1021e-02 5.5761e-03 2.7282e+05 1.6554e+04
3.2100e+03 7.1560e-12 7.4929e-01 1.4419e+03 1.4584e+03 1.4892e+03 1.3500e+19 1.0820e+19 8.4866e+18 1.0986e-02 5.5635e-03 2.7360e+05 1.6587e+04
3.2200e+03 7.1323e-12 7.4918e-01 1.4416e+03 1.4580e+03 1.4887e+03 1.3604e+19 1.0902e+19 8.5502e+18 1.0951e-02 5.5509e-03 2.7438e+05 1.6621e+04
3.2300e+03 7.1087e-12 7.4906e-01 1.4412e+03 1.4576e+03 1.4883e+03 1.3709e+19 1.0984e+19 8.6141e+18 1.0916e-02 5.5384e-03 2.7516e+05 1.6655e+04
3.2400e+03 7.0852e-12 7.4895e-01 1.4409e+03 1.4571e+03 1.4879e+03 1.3815e+19 1.1066e+19 8.6785e+18 1.0882e-02 5.5259e-03 2.7594e+05 1.6688e+04
3.2500e+03 7.0619e-12 7.4884e-01 1.4406e+03 1.4567e+03 1.4874e+03 1.3921e+19 1.1149e+19 8.7432e+18 1.0848e-02 5.5135e-03 2.7672e+05 1.6722e+04
3.2600e+03 7.0387e-12 7.4873e-01 1.4403e+03 1.4563e+03 1.4870e+03 1.4028e+19 1.1233e+19 8.8083e+18 1.0814e-02 5.5011e-03 2.7750e+05 1.6755e+04
3.2700e+03 7.0156e-12 7.4861e-01 1.4400e+03 1.4558e+03 1.4866e+03 1.4136e+19 1.1317e+19 8.8737e+18 1.0780e-02 5.4888e-03 2.7829e+05 1.6789e+04
3.2800e+03 6.9927e-12 7.4850e-01 1.4397e+03 1.4554e+03 1.4861e+03 1.4244e+19 1.1401e+19 8.9396e+18 1.0746e-02 5.4765e-03 2.7907e+05 1.6823e+04
3.2900e+03 6.9698e-12 7.4839e-01 1.4393e+03 1.4550e+03 1.4857e+03 1.4353e+19 1.1486e+19 9.0058e+18 1.0713e-02 5.4643e-03 2.7985e+05 1.6856e+04
3.3000e+03 6.9471e-12 7.4828e-01 1.4390e+03 1.4546e+03 1.4853e+03 1.4463e+19 1.1572e+19 9.0724e+18 1.0680e-02 5.4521e-03 2.8064e+05 1.6890e+04
3.3100e+03 6.9245e-12 7.4818e-01 1.4387e+03 1.4541e+03 1.4848e+03 1.4573e+19 1.1658e+19 9.1394e+18 1.0646e-02 5.4400e-03 2.8143e+05 1.6924e+04
3.3200e+03 6.9021e-12 7.4807e-01 1.4384e+03 1.4537e+03 1.4844e+03 1.4684e+19 1.1744e+19 9.2067e+18 1.0613e-02 5.4279e-03 2.8222e+05 1.6957e+04
3.3300e+03 6.8797e-12 7.4796e-01 1.4381e+03 1.4533e+03 1.4840e+03 1.4796e+19 1.1831e+19 9.2745e+18 1.0580e-02 5.4159e-03 2.8300e+05 1.6991e+04
3.3400e+03 6.8575e-12 7.4785e-01 1.4378e+03 1.4529e+03 1.4835e+03 1.4908e+19 1.1918e+19 9.3426e+18 1.0548e-02 5.4039e-03 2.8379e+05 1.7025e+04
3.3500e+03 6.8353e-12 7.4775e-01 1.4375e+03 1.4524e+03 1.4831e+03 1.5021e+19 1.2006e+19 9.4111e+18 1.0515e-02 5.3919e-03 2.8458e+05 1.7058e+04
3.3600e+03 6.8133e-12 7.4764e-01 1.4372e+03 1.4520e+03 1.4827e+03 1.5135e+19 1.2095e+19 9.4800e+18 1.0483e-02 5.3800e-03 2.8537e+05 1.7092e+04
3.3700e+03 6.7915e-12 7.4754e-01 1.4369e+03 1.4516e+03 1.4823e+03 1.5249e+19 1.2184e+19 9.5493e+18 1.0451e-02 5.3682e-03 2.8617e+05 1.7126e+04
3.3800e+03 6.7697e-12 7.4744e-01 1.4366e+03 1.4512e+03 1.4818e+03 1.5364e+19 1.2273e+19 9.6190e+18 1.0419e-02 5.3564e-03 2.8696e+05 1.7160e+04
3.3900e+03 6.7480e-12 7.4733e-01 1.4363e+03 1.4508e+03 1.4814e+03 1.5480e+19 1.2363e+19 9.6891e+18 1.0387e-02 5.3446e-03 2.8775e+05 1.7193e+04
3.4000e+03 6.7265e-12 7.4723e-01 1.4360e+03 1.4504e+03 1.4810e+03 1.5596e+19 1.2454e+19 9.7596e+18 1.0355e-02 5.3329e-03 2.8855e+05 1.7227e+04
3.4100e+03 6.7050e-12 7.4713e-01 1.4357e+03 1.4499e+03 1.4806e+03 1.5714e+19 1.2545e+19 9.8304e+18 1.0323e-02 5.3213e-03 2.8934e+05 1.7261e+04
3.4200e+03 6.6837e-12 7.4703e-01 1.4354e+03 1.4495e+03 1.4801e+03 1.5831e+19 1.2636e+19 9.9017e+18 1.0292e-02 5.3096e-03 2.9014e+05 1.7295e+04
3.4300e+03 6.6625e-12 7.4693e-01 1.4351e+03 1.4491e+03 1.4797e+03 1.5950e+19 1.2728e+19 9.9734e+18 1.0261e-02 5.2980e-03 2.9094e+05 1.7328e+04
3.4400e+03 6.6414e-12 7.4683e-01 1.4348e+03 1.4487e+03 1.4793e+03 1.6069e+19 1.2820e+19 1.0045e+19 1.0229e-02 5.2865e-03 2.9173e+05 1.7362e+04
3.4500e+03 6.6204e-12 7.4673e-01 1.4345e+03 1.4483e+03 1.4789e+03 1.6189e+19 1.2914e+19 1.0118e+19 1.0198e-02 5.2750e-03 2.9253e+05 1.7396e+04
3.4600e+03 6.5995e-12 7.4664e-01 1.4342e+03 1.4479e+03 1.4785e+03 1.6310e+19 1.3007e+19 1.0191e+19 1.0168e-02 5.2636e-03 2.9333e+05 1.7430e+04
3.4700e+03 6.5787e-12 7.4654e-01 1.4339e+03 1.4475e+03 1.4780e+03 1.6431e+19 1.3101e+19 1.0264e+19 1.0137e-02 5.2522e-03 2.9413e+05 1.7464e+04
3.4800e+03 6.5581e-12 7.4644e-01 1.4336e+03 1.4471e+03 1.4776e+03 1.6553e+19 1.3196e+19 1.0338e+19 1.0106e-02 5.2408e-03 2.9493e+05 1.7498e+04
3.4900e+03 6.5375e-12 7.4635e-01 1.4333e+03 1.4467e+03 1.4772e+03 1.6676e+19 1.3291e+19 1.0412e+19 1.0076e-02 5.2295e-03 2.9574e+05 1.7531e+04
3.5000e+03 6.5171e-12 7.4625e-01 1.4330e+03 1.4463e+03 1.4768e+03 1.6799e+19 1.3387e+19 1.0486e+19 1.0046e-02 5.2182e-03 2.9654e+05 1.7565e+04
3.5100e+03 6.4967e-12 7.4616e-01 1.4327e+03 1.4458e+03 1.4764e+03 1.6923e+19 1.3483e+19 1.0561e+19 1.0016e-02 5.2070e-03 2.9734e+05 1.7599e+04
3.5200e+03 6.4765e-12 7.4607e-01 1.4324e+03 1.4454e+03 1.4760e+03 1.7048e+19 1.3579e+19 1.0637e+19 9.9856e-03 5.1958e-03 2.9815e+05 1.7633e+04
3.5300e+03 6.4563e-12 7.4598e-01 1.4321e+03 1.4450e+03 1.4756e+03 1.7174e+19 1.3677e+19 1.0712e+19 9.9557e-03 5.1846e-03 2.9895e+05 1.7667e+04
3.5400e+03 6.4363e-12 7.4589e-01 1.4318e+03 1.4446e+03 1.4752e+03 1.7300e+19 1.3774e+19 1.0789e+19 9.9260e-03 5.1735e-03 2.9976e+05 1.7701e+04
3.5500e+03 6.4164e-12 7.4579e-01 1.4315e+03 1.4442e+03 1.4747e+03 1.7427e+19 1.3873e+19 1.0865e+19 9.8965e-03 5.1624e-03 3.0057e+05 1.7735e+04
3.5600e+03 6.3965e-12 7.4571e-01 1.4312e+03 1.4438e+03 1.4743e+03 1.7555e+19 1.3972e+19 1.0942e+19 9.8671e-03 5.1514e-03 3.0137e+05 1.7769e+04
3.5700e+03 6.3768e-12 7.4562e-01 1.4309e+03 1.4434e+03 1.4739e+03 1.7684e+19 1.4071e+19 1.1020e+19 9.8378e-03 5.1404e-03 3.0218e+05 1.7803e+04
3.5800e+03 6.3572e-12 7.4553e-01 1.4307e+03 1.4430e+03 1.4735e+03 1.7813e+19 1.4171e+19 1.1098e+19 9.8087e-03 5.1294e-03 3.0299e+05 1.7837e+04
3.5900e+03 6.3376e-12 7.4544e-01 1.4304e+03 1.4426e+03 1.4731e+03 1.7943e+19 1.4272e+19 1.1176e+19 9.7797e-03 5.1185e-03 3.0380e+05 1.7871e+04
3.6000e+03 6.3182e-12 7.4535e-01 1.4301e+03 1.4422e+03 1.4727e+03 1.8074e+19 1.4373e+19 1.1255e+19 9.7509e-03 5.1076e-03 3.0461e+05 1.7905e+04
3.6100e+03 6.2989e-12 7.4527e-01 1.4298e+03 1.4418e+03 1.4723e+03 1.8206e+19 1.4474e+19 1.1334e+19 9.7222e-03 5.0968e-03 3.0542e+05 1.7939e+04
3.6200e+03 6.2796e-12 7.4518e-01 1.4295e+03 1.4414e+03 1.4719e+03 1.8338e+19 1.4576e+19 1.1413e+19 9.6936e-03 5.0860e-03 3.0624e+05 1.7973e+04
3.6300e+03 6.2605e-12 7.4510e-01 1.4292e+03 1.4410e+03 1.4715e+03 1.8471e+19 1.4679e+19 1.1493e+19 9.6651e-03 5.0752e-03 3.0705e+05 1.8007e+04
3.6400e+03 6.2415e-12 7.4502e-01 1.4289e+03 1.4406e+03 1.4711e+03 1.8605e+19 1.4782e+19 1.1574e+19 9.6368e-03 5.0645e-03 3.0786e+05 1.8041e+04
3.6500e+03 6.2225e-12 7.4493e-01 1.4287e+03 1.4403e+03 1.4707e+03 1.8739e+19 1.4886e+19 1.1655e+19 9.6087e-03 5.0538e-03 3.0868e+05 1.8075e+04
3.6600e+03 6.2037e-12 7.4485e-01 1.4284e+03 1.4399e+03 1.4703e+03 1.8875e+19 1.4991e+19 1.1736e+19 9.5806e-03 5.0432e-03 3.0950e+05 1.8109e+04
3.6700e+03 6.1849e-12 7.4477e-01 1.4281e+03 1.4395e+03 1.4699e+03 1.9011e+19 1.5096e+19 1.1818e+19 9.5527e-03 5.0326e-03 3.1031e+05 1.8143e+04
3.6800e+03 6.1663e-12 7.4469e-01 1.4278e+03 1.4391e+03 1.4695e+03 1.9148e+19 1.5201e+19 1.1900e+19 9.5249e-03 5.0220e-03 3.1113e+05 1.8177e+04
3.6900e+03 6.1477e-12 7.4461e-01 1.4276e+03 1.4387e+03 1.4691e+03 1.9286e+19 1.5307e+19 1.1983e+19 9.4972e-03 5.0115e-03 3.1195e+05 1.8211e+04
3.7000e+03 6.1292e-12 7.4453e-01 1.4273e+03 1.4383e+03 1.4687e+03 1.9424e+19 1.5414e+19 1.2066e+19 9.4697e-03 5.0010e-03 3.1277e+05 1.8245e+04
3.7100e+03 6.1109e-12 7.4445e-01 1.4270e+03 1.4379e+03 1.4683e+03 1.9563e+19 1.5521e+19 1.2149e+19 9.4423e-03 4.9905e-03 3.1359e+05 1.8279e+04
3.7200e+03 6.0926e-12 7.4437e-01 1.4267e+03 1.4375e+03 1.4679e+03 1.9703e+19 1.5629e+19 1.2233e+19 9.4151e-03 4.9801e-03 3.1441e+05 1.8313e+04
3.7300e+03 6.0744e-12 7.4430e-01 1.4265e+03 1.4371e+03 1.4675e+03 1.9844e+19 1.5738e+19 1.2318e+19 9.3879e-03 4.9697e-03 3.1523e+05 1.8347e+04
3.7400e+03 6.0563e-12 7.4422e-01 1.4262e+03 1.4367e+03 1.4671e+03 1.9986e+19 1.5846e+19 1.2403e+19 9.3609e-03 4.9594e-03 3.1605e+05 1.8381e+04
3.7500e+03 6.0383e-12 7.4415e-01 1.4259e+03 1.4364e+03 1.4667e+03 2.0128e+19 1.5956e+19 1.2488e+19 9.3340e-03 4.9491e-03 3.1688e+05 1.8416e+04
3.7600e+03 6.0204e-12 7.4407e-01 1.4256e+03 1.4360e+03 1.4664e+03 2.0272e+19 1.6066e+19 1.2574e+19 9.3072e-03 4.9388e-03 3.1770e+05 1.8450e+04
3.7700e+03 6.0025e-12 7.4400e-01 1.4254e+03 1.4356e+03 1.4660e+03 2.0416e+19 1.6177e+19 1.2660e+19 9.2806e-03 4.9286e-03 3.1852e+05 1.8484e+04
3.7800e+03 5.9848e-12 7.4393e-01 1.4251e+03 1.4352e+03 1.4656e+03 2.0560e+19 1.6288e+19 1.2747e+19 9.2540e-03 4.9183e-03 3.1935e+05 1.8518e+04
3.7900e+03 5.9671e-12 7.4385e-01 1.4248e+03 1.4348e+03 1.4652e+03 2.0706e+19 1.6400e+19 1.2834e+19 9.2276e-03 4.9082e-03 3.2018e+05 1.8552e+04
3.8000e+03 5.9496e-12 7.4378e-01 1.4246e+03 1.4344e+03 1.4648e+03 2.0853e+19 1.6513e+19 1.2921e+19 9.2014e-03 4.8980e-03 3.2100e+05 1.8586e+04
3.8100e+03 5.9321e-12 7.4371e-01 1.4243e+03 1.4341e+03 1.4644e+03 2.1000e+19 1.6626e+19 1.3009e+19 9.1752e-03 4.8879e-03 3.2183e+05 1.8621e+04
3.8200e+03 5.9147e-12 7.4364e-01 1.4240e+03 1.4337e+03 1.4640e+03 2.1148e+19 1.6739e+19 1.3098e+19 9.1492e-03 4.8779e-03 3.2266e+05 1.8655e+04
3.8300e+03 5.8974e-12 7.4357e-01 1.4238e+03 1.4333e+03 1.4636e+03 2.1297e+19 1.6854e+19 1.3187e+19 9.1232e-03 4.8678e-03 3.2349e+05 1.8689e+04
3.8400e+03 5.8802e-12 7.4351e-01 1.4235e+03 1.4329e+03 1.4632e+03 2.1447e+19 1.6969e+19 1.3276e+19 9.0974e-03 4.8578e-03 3.2432e+05 1.8723e+04
3.8500e+03 5.8630e-12 7.4344e-01 1.4232e+03 1.4326e+03 1.4629e+03 2.1597e+19 1.7084e+19 1.3366e+19 9.0717e-03 4.8479e-03 3.2515e+05 1.8758e+04
3.8600e+03 5.8460e-12 7.4337e-01 1.4230e+03 1.4322e+03 1.4625e+03 2.1749e+19 1.7200e+19 1.3457e+19 9.0462e-03 4.8380e-03 3.2598e+05 1.8792e+04
3.8700e+03 5.8290e-12 7.4331e-01 1.4227e+03 1.4318e+03 1.4621e+03 2.1901e+19 1.7317e+19 1.3548e+19 9.0207e-03 4.8281e-03 3.2682e+05 1.8826e+04
3.8800e+03 5.8121e-12 7.4324e-01 1.4224e+03 1.4314e+03 1.4617e+03 2.2054e+19 1.7434e+19 1.3639e+19 8.9954e-03 4.8182e-03 3.2765e+05 1.8860e+04
3.8900e+03 5.7953e-12 7.4318e-01 1.4222e+03 1.4310e+03 1.4613e+03 2.2208e+19 1.7552e+19 1.3731e+19 8.9701e-03 4.8084e-03 3.2848e+05 1.8895e+04
3.9000e+03 5.7786e-12 7.4311e-01 1.4219e+03 1.4307e+03 1.4610e+03 2.2363e+19 1.7671e+19 1.3823e+19 8.9450e-03 4.7986e-03 3.2932e+05 1.8929e+04
3.9100e+03 5.7620e-12 7.4305e-01 1.4217e+03 1.4303e+03 1.4606e+03 2.2518e+19 1.7790e+19 1.3916e+19 8.9200e-03 4.7888e-03 3.3015e+05 1.8963e+04
3.9200e+03 5.7454e-12 7.4299e-01 1.4214e+03 1.4299e+03 1.4602e+03 2.2675e+19 1.7910e+19 1.4009e+19 8.8951e-03 4.7791e-03 3.3099e+05 1.8998e+04
3.9300e+03 5.7289e-12 7.4293e-01 1.4211e+03 1.4296e+03 1.4598e+03 2.2832e+19 1.8030e+19 1.4103e+19 8.8704e-03 4.7694e-03 3.3183e+05 1.9032e+04
3.9400e+03 5.7126e-12 7.4287e-01 1.4209e+03 1.4292e+03 1.4594e+03 2.2990e+19 1.8151e+19 1.4197e+19 8.8457e-03 4.7597e-03 3.3267e+05 1.9066e+04
3.9500e+03 5.6962e-12 7.4281e-01 1.4206e+03 1.4288e+03 1.4591e+03 2.3149e+19 1.8273e+19 1.4292e+19 8.8212e-03 4.7501e-03 3.3350e+05 1.9101e+04
3.9600e+03 5.6800e-12 7.4275e-01 1.4204e+03 1.4285e+03 1.4587e+03 2.3309e+19 1.8395e+19 1.4387e+19 8.7967e-03 4.7405e-03 3.3434e+05 1.9135e+04
3.9700e+03 5.6638e-12 7.4269e-01 1.4201e+03 1.4281e+03 1.4583e+03 2.3470e+19 1.8518e+19 1.4483e+19 8.7724e-03 4.7309e-03 3.3518e+05 1.9169e+04
3.9800e+03 5.6478e-12 7.4263e-01 1.4199e+03 1.4277e+03 1.4579e+03 2.3632e+19 1.8641e+19 1.4579e+19 8.7482e-03 4.7214e-03 3.3602e+05 1.9204e+04
3.9900e+03 5.6318e-12 7.4257e-01 1.4196e+03 1.4273e+03 1.4576e+03 2.3794e+19 1.8765e+19 1.4676e+19 8.7240e-03 4.7119e-03 3.3687e+05 1.9238e+04
4.0000e+03 5.6159e-12 7.4252e-01 1.4194e+03 1.4270e+03 1.4572e+03 2.3958e+19 1.8890e+19 1.4773e+19 8.7000e-03 4.7024e-03 3.3771e+05 1.9273e+04
4.0100e+03 5.6000e-12 7.4246e-01 1.4191e+03 1.4266e+03 1.4568e+03 2.4122e+19 1.9016e+19 1.4871e+19 8.6761e-03 4.6930e-03 3.3855e+05 1.9307e+04
4.0200e+03 5.5842e-12 7.4241e-01 1.4189e+03 1.4263e+03 1.4564e+03 2.4287e+19 1.9142e+19 1.4969e+19 8.6523e-03 4.6836e-03 3.3940e+05 1.9342e+04
4.0300e+03 5.5685e-12 7.4235e-01 1.4186e+03 1.4259e+03 1.4561e+03 2.4453e+19 1.9268e+19 1.5068e+19 8.6287e-03 4.6742e-03 3.4024e+05 1.9376e+04
4.0400e+03 5.5529e-12 7.4230e-01 1.4184e+03 1.4255e+03 1.4557e+03 2.4620e+19 1.9396e+19 1.5167e+19 8.6051e-03 4.6648e-03 3.4109e+05 1.9410e+04
4.0500e+03 5.5374e-12 7.4225e-01 1.4181e+03 1.4252e+03 1.4553e+03 2.4788e+19 1.9524e+19 1.5266e+19 8.5816e-03 4.6555e-03 3.4193e+05 1.9445e+04
4.0600e+03 5.5219e-12 7.4220e-01 1.4179e+03 1.4248e+03 1.4550e+03 2.4957e+19 1.9652e+19 1.5367e+19 8.5582e-03 4.6462e-03 3.4278e+05 1.9479e+04
4.0700e+03 5.5065e-12 7.4215e-01 1.4176e+03 1.4244e+03 1.4546e+03 2.5126e+19 1.9782e+19 1.5467e+19 8.5349e-03 4.6370e-03 3.4363e+05 1.9514e+04
4.0800e+03 5.4912e-12 7.4210e-01 1.4174e+03 1.4241e+03 1.4542e+03 2.5297e+19 1.9912e+19 1.5568e+19 8.5118e-03 4.6277e-03 3.4448e+05 1.9548e+04
4.0900e+03 5.4760e-12 7.4205e-01 1.4171e+03 1.4237e+03 1.4539e+03 2.5468e+19 2.0042e+19 1.5670e+19 8.4887e-03 4.6185e-03 3.4533e+05 1.9583e+04
4.1000e+03 5.4608e-12 7.4200e-01 1.4169e+03 1.4234e+03 1.4535e+03 2.5641e+19 2.0173e+19 1.5772e+19 8.4657e-03 4.6094e-03 3.4618e+05 1.9617e+04
4.1100e+03 5.4457e-12 7.4195e-01 1.4166e+03 1.4230e+03 1.4531e+03 2.5814e+19 2.0305e+19 1.5875e+19 8.4429e-03 4.6002e-03 3.4703e+05 1.9652e+04
4.1200e+03 5.4307e-12 7.4190e-01 1.4164e+03 1.4226e+03 1.4528e+03 2.5988e+19 2.0438e+19 1.5978e+19 8.4201e-03 4.5911e-03 3.4788e+05 1.9686e+04
4.1300e+03 5.4157e-12 7.4186e-01 1.4162e+03 1.4223e+03 1.4524e+03 2.6163e+19 2.0571e+19 1.6082e+19 8.3974e-03 4.5821e-03 3.4873e+05 1.9721e+04
4.1400e+03 5.4008e-12 7.4181e-01 1.4159e+03 1.4219e+03 1.4521e+03 2.6339e+19 2.0705e+19 1.6186e+19 8.3749e-03 4.5730e-03 3.4959e+05 1.9756e+04
4.1500e+03 5.3860e-12 7.4177e-01 1.4157e+03 1.4216e+03 1.4517e+03 2.6516e+19 2.0840e+19 1.6291e+19 8.3524e-03 4.5640e-03 3.5044e+05 1.9790e+04
4.1600e+03 5.3713e-12 7.4172e-01 1.4154e+03 1.4212e+03 1.4513e+03 2.6694e+19 2.0975e+19 1.6397e+19 8.3300e-03 4.5550e-03 3.5129e+05 1.9825e+04
4.1700e+03 5.3566e-12 7.4168e-01 1.4152e+03 1.4209e+03 1.4510e+03 2.6873e+19 2.1111e+19 1.6502e+19 8.3078e-03 4.5460e-03 3.5215e+05 1.9859e+04
4.1800e+03 5.3420e-12 7.4164e-01 1.4150e+03 1.4205e+03 1.4506e+03 2.7053e+19 2.1247e+19 1.6609e+19 8.2856e-03 4.5371e-03 3.5301e+05 1.9894e+04
4.1900e+03 5.3274e-12 7.4160e-01 1.4147e+03 1.4202e+03 1.4502e+03 2.7233e+19 2.1385e+19 1.6716e+19 8.2635e-03 4.5282e-03 3.5386e+05 1.9929e+04
4.2000e+03 5.3130e-12 7.4155e-01 1.4145e+03 1.4198e+03 1.4499e+03 2.7415e+19 2.1523e+19 1.6823e+19 8.2415e-03 4.5193e-03 3.5472e+05 1.9963e+04
4.2100e+03 5.2986e-12 7.4151e-01 1.4142e+03 1.4195e+03 1.4495e+03 2.7598e+19 2.1661e+19 1.6931e+19 8.2196e-03 4.5105e-03 3.5558e+05 1.9998e+04
4.2200e+03 5.2842e-12 7.4147e-01 1.4140e+03 1.4191e+03 1.4492e+03 2.7781e+19 2.1800e+19 1.7040e+19 8.1978e-03 4.5017e-03 3.5644e+05 2.0032e+04
4.2300e+03 5.2700e-12 7.4144e-01 1.4138e+03 1.4188e+03 1.4488e+03 2.7966e+19 2.1940e+19 1.7149e+19 8.1761e-03 4.4929e-03 3.5730e+05 2.0067e+04
4.2400e+03 5.2558e-12 7.4140e-01 1.4135e+03 1.4184e+03 1.4485e+03 2.8151e+19 2.2081e+19 1.7258e+19 8.1545e-03 4.4841e-03 3.5816e+05 2.0102e+04
4.2500e+03 5.2416e-12 7.4136e-01 1.4133e+03 1.4181e+03 1.4481e+03 2.8338e+19 2.2223e+19 1.7368e+19 8.1330e-03 4.4754e-03 3.5902e+05 2.0136e+04
4.2600e+03 5.2276e-12 7.4132e-01 1.4131e+03 1.4177e+03 1.4478e+03 2.8525e+19 2.2365e+19 1.7479e+19 8.1116e-03 4.4667e-03 3.5988e+05 2.0171e+04
4.2700e+03 5.2136e-12 7.4129e-01 1.4128e+03 1.4174e+03 1.4474e+03 2.8714e+19 2.2507e+19 1.7590e+19 8.0903e-03 4.4580e-03 3.6074e+05 2.0206e+04
4.2800e+03 5.1996e-12 7.4125e-01 1.4126e+03 1.4170e+03 1.4470e+03 2.8903e+19 2.2651e+19 1.7702e+19 8.0690e-03 4.4493e-03 3.6161e+05 2.0241e+04
4.2900e+03 5.1858e-12 7.4122e-01 1.4124e+03 1.4167e+03 1.4467e+03 2.9093e+19 2.2795e+19 1.7814e+19 8.0479e-03 4.4407e-03 3.6247e+05 2.0275e+04
4.3000e+03 5.1720e-12 7.4118e-01 1.4121e+03 1.4163e+03 1.4463e+03 2.9285e+19 2.2940e+19 1.7927e+19 8.0268e-03 4.4321e-03 3.6334e+05 2.0310e+04
4.3100e+03 5.1582e-12 7.4115e-01 1.4119e+03 1.4160e+03 1.4460e+03 2.9477e+19 2.3085e+19 1.8041e+19 8.0059e-03 4.4236e-03 3.6420e+05 2.0345e+04
4.3200e+03 5.1446e-12 7.4112e-01 1.4117e+03 1.4157e+03 1.4456e+03 2.9670e+19 2.3232e+19 1.8154e+19 7.9850e-03 4.4150e-03 3.6507e+05 2.0380e+04
4.3300e+03 5.1309e-12 7.4109e-01 1.4115e+03 1.4153e+03 1.4453e+03 2.9865e+19 2.3378e+19 1.8269e+19 7.9642e-03 4.4065e-03 3.6594e+05 2.0414e+04
4.3400e+03 5.1174e-12 7.4105e-01 1.4112e+03 1.4150e+03 1.4449e+03 3.0060e+19 2.3526e+19 1.8384e+19 7.9435e-03 4.3980e-03 3.6680e+05 2.0449e+04
4.3500e+03 5.1039e-12 7.4102e-01 1.4110e+03 1.4146e+03 1.4446e+03 3.0256e+19 2.3675e+19 1.8500e+19 7.9229e-03 4.3895e-03 3.6767e+05 2.0484e+04
4.3600e+03 5.0905e-12 7.4099e-01 1.4108e+03 1.4143e+03 1.4443e+03 3.0454e+19 2.3824e+19 1.8616e+19 7.9024e-03 4.3811e-03 3.6854e+05 2.0519e+04
4.3700e+03 5.0771e-12 7.4097e-01 1.4106e+03 1.4139e+03 1.4439e+03 3.0652e+19 2.3973e+19 1.8732e+19 7.8819e-03 4.3727e-03 3.6941e+05 2.0553e+04
4.3800e+03 5.0638e-12 7.4094e-01 1.4103e+03 1.4136e+03 1.4436e+03 3.0851e+19 2.4124e+19 1.8850e+19 7.8616e-03 4.3643e-03 3.7028e+05 2.0588e+04
4.3900e+03 5.0506e-12 7.4091e-01 1.4101e+03 1.4133e+03 1.4432e+03 3.1052e+19 2.4275e+19 1.8968e+19 7.8413e-03 4.3560e-03 3.7115e+05 2.0623e+04
4.4000e+03 5.0374e-12 7.4088e-01 1.4099e+03 1.4129e+03 1.4429e+03 3.1253e+19 2.4427e+19 1.9086e+19 7.8211e-03 4.3476e-03 3.7203e+05 2.0658e+04
4.4100e+03 5.0243e-12 7.4086e-01 1.4097e+03 1.4126e+03 1.4425e+03 3.1455e+19 2.4580e+19 1.9205e+19 7.8010e-03 4.3393e-03 3.7290e+05 2.0693e+04
4.4200e+03 5.0112e-12 7.4083e-01 1.4094e+03 1.4123e+03 1.4422e+03 3.1659e+19 2.4733e+19 1.9325e+19 7.7810e-03 4.3311e-03 3.7377e+05 2.0728e+04
4.4300e+03 4.9982e-12 7.4081e-01 1.4092e+03 1.4119e+03 1.4418e+03 3.1863e+19 2.4888e+19 1.9445e+19 7.7611e-03 4.3228e-03 3.7465e+05 2.0762e+04
4.4400e+03 4.9853e-12 7.4078e-01 1.4090e+03 1.4116e+03 1.4415e+03 3.2069e+19 2.5042e+19 1.9565e+19 7.7412e-03 4.3146e-03 3.7552e+05 2.0797e+04
4.4500e+03 4.9724e-12 7.4076e-01 1.4088e+03 1.4113e+03 1.4412e+03 3.2275e+19 2.5198e+19 1.9687e+19 7.7215e-03 4.3064e-03 3.7640e+05 2.0832e+04
4.4600e+03 4.9596e-12 7.4074e-01 1.4086e+03 1.4109e+03 1.4408e+03 3.2483e+19 2.5354e+19 1.9808e+19 7.7018e-03 4.2982e-03 3.7727e+05 2.0867e+04
4.4700e+03 4.9468e-12 7.4071e-01 1.4083e+03 1.4106e+03 1.4405e+03 3.2691e+19 2.5512e+19 1.9931e+19 7.6822e-03 4.2901e-03 3.7815e+05 2.0902e+04
4.4800e+03 4.9341e-12 7.4069e-01 1.4081e+03 1.4103e+03 1.4401e+03 3.2901e+19 2.5669e+19 2.0054e+19 7.6627e-03 4.2819e-03 3.7903e+05 2.0937e+04
4.4900e+03 4.9214e-12 7.4067e-01 1.4079e+03 1.4099e+03 1.4398e+03 3.3112e+19 2.5828e+19 2.0177e+19 7.6433e-03 4.2738e-03 3.7991e+05 2.0972e+04
4.5000e+03 4.9088e-12 7.4065e-01 1.4077e+03 1.4096e+03 1.4395e+03 3.3323e+19 2.5987e+19 2.0302e+19 7.6239e-03 4.2658e-03 3.8079e+05 2.1007e+04
4.5100e+03 4.8963e-12 7.4063e-01 1.4075e+03 1.4093e+03 1.4391e+03 3.3536e+19 2.6147e+19 2.0426e+19 7.6046e-03 4.2577e-03 3.8167e+05 2.1042e+04
4.5200e+03 4.8838e-12 7.4061e-01 1.4073e+03 1.4089e+03 1.4388e+03 3.3750e+19 2.6308e+19 2.0552e+19 7.5854e-03 4.2497e-03 3.8255e+05 2.1077e+04
4.5300e+03 4.8714e-12 7.4060e-01 1.4071e+03 1.4086e+03 1.4385e+03 3.3965e+19 2.6470e+19 2.0678e+19 7.5663e-03 4.2417e-03 3.8343e+05 2.1112e+04
4.5400e+03 4.8590e-12 7.4058e-01 1.4068e+03 1.4083e+03 1.4381e+03 3.4181e+19 2.6632e+19 2.0804e+19 7.5473e-03 4.2337e-03 3.8431e+05 2.1146e+04
4.5500e+03 0.0000e+00 0.0000e+00 1.4066e+03 0.0000e+00 1.4378e+03 0.0000e+00 0.0000e+00 0.0000e+00 0.0000e+00 0.0000e+00 0.0000e+00 0.0000e+00
