0.0000e+00 2.5736e-11 1.1820e+01 1.7000e+03 1.7942e+03 1.9980e+03 1.5847e+20 5.6241e+19 2.0209e+19 4.2642e-03 2.9003e-02 1.0060e+06 2.1076e+04
1.0000e+01 2.5587e-11 1.0359e+01 1.7156e+03 1.7415e+03 1.9846e+03 3.2513e+20 8.0484e+19 2.3003e+19 4.8378e-03 3.4166e-02 8.9640e+05 2.1344e+04
2.0000e+01 2.5440e-11 9.0444e+00 1.7327e+03 1.7666e+03 1.9689e+03 2.3594e+20 7.6427e+19 2.6854e+19 5.5090e-03 2.6633e-02 7.9651e+05 2.2787e+04
3.0000e+01 2.5295e-11 8.0992e+00 1.7472e+03 1.7885e+03 1.9566e+03 1.7941e+20 7.2435e+19 3.0351e+19 6.1167e-03 2.0792e-02 7.2451e+05 2.4251e+04
4.0000e+01 2.5150e-11 7.3849e+00 1.7597e+03 1.8065e+03 1.9470e+03 1.4407e+20 6.9126e+19 3.3431e+19 6.6701e-03 1.6379e-02 6.7004e+05 2.5724e+04
5.0000e+01 2.5007e-11 6.8217e+00 1.7707e+03 1.8218e+03 1.9394e+03 1.2011e+20 6.6245e+19 3.6099e+19 7.1795e-03 1.2956e-02 6.2710e+05 2.7237e+04
6.0000e+01 2.4865e-11 6.3637e+00 1.7805e+03 1.8350e+03 1.9335e+03 1.0287e+20 6.3653e+19 3.8376e+19 7.6526e-03 1.0246e-02 5.9217e+05 2.8820e+04
7.0000e+01 2.4724e-11 5.9817e+00 1.7894e+03 1.8467e+03 1.9287e+03 8.9916e+19 6.1275e+19 4.0289e+19 8.0951e-03 8.0681e-03 5.6307e+05 3.0512e+04
8.0000e+01 2.4584e-11 5.6570e+00 1.7974e+03 1.8571e+03 1.9250e+03 7.9841e+19 5.9068e+19 4.1870e+19 8.5115e-03 6.2987e-03 5.3835e+05 3.2359e+04
9.0000e+01 2.4446e-11 5.3762e+00 1.8047e+03 1.8665e+03 1.9221e+03 7.1791e+19 5.7003e+19 4.3151e+19 8.9056e-03 4.8502e-03 5.1700e+05 3.4424e+04
1.0000e+02 2.4308e-11 5.1300e+00 1.8115e+03 1.8750e+03 1.9199e+03 6.5213e+19 5.5060e+19 4.4167e+19 9.2804e-03 3.6587e-03 4.9831e+05 3.6799e+04
1.1000e+02 2.4172e-11 4.9117e+00 1.8178e+03 1.8828e+03 1.9182e+03 5.9736e+19 5.3226e+19 4.4951e+19 9.6387e-03 2.6778e-03 4.8176e+05 3.9628e+04
1.2000e+02 2.4037e-11 4.7160e+00 1.8238e+03 1.8900e+03 1.9170e+03 5.5101e+19 5.1490e+19 4.5534e+19 9.9827e-03 1.8732e-03 4.6694e+05 4.3152e+04
1.3000e+02 2.3903e-11 4.5389e+00 1.8293e+03 1.8966e+03 1.9161e+03 5.1122e+19 4.9844e+19 4.5947e+19 1.0314e-02 1.2211e-03 4.5354e+05 4.7820e+04
1.4000e+02 2.3771e-11 4.3773e+00 1.8346e+03 1.9027e+03 1.9155e+03 4.7664e+19 4.8278e+19 4.6218e+19 1.0636e-02 7.0770e-04 4.4133e+05 5.4569e+04
1.5000e+02 2.3639e-11 4.2286e+00 1.8397e+03 1.9079e+03 1.9152e+03 4.4623e+19 4.6785e+19 4.6376e+19 1.0949e-02 3.3184e-04 4.3010e+05 6.5654e+04
1.6000e+02 2.3509e-11 4.0906e+00 1.8445e+03 1.9119e+03 1.9150e+03 4.1916e+19 4.5349e+19 4.6451e+19 1.1256e-02 1.1067e-04 4.1967e+05 8.6009e+04
1.7000e+02 2.3379e-11 3.9614e+00 1.8492e+03 1.9193e+03 1.9150e+03 3.9477e+19 4.4049e+19 4.6476e+19 1.1559e-02 -1.6674e-04 4.0988e+05 7.7305e+04
1.8000e+02 2.3251e-11 3.8407e+00 1.8538e+03 1.9262e+03 1.9151e+03 3.7278e+19 4.2804e+19 4.6438e+19 1.1857e-02 -5.9822e-04 4.0073e+05 5.5932e+04
1.9000e+02 2.3124e-11 3.7288e+00 1.8581e+03 1.9320e+03 1.9153e+03 3.5311e+19 4.1598e+19 4.6304e+19 1.2146e-02 -1.0274e-03 3.9226e+05 4.8648e+04
2.0000e+02 2.2998e-11 3.6251e+00 1.8622e+03 1.9373e+03 1.9158e+03 3.3551e+19 4.0442e+19 4.6075e+19 1.2425e-02 -1.4509e-03 3.8443e+05 4.4431e+04
2.1000e+02 2.2873e-11 3.5288e+00 1.8661e+03 1.9423e+03 1.9165e+03 3.1973e+19 3.9334e+19 4.5754e+19 1.2695e-02 -1.8587e-03 3.7719e+05 4.1578e+04
2.2000e+02 2.2749e-11 3.4393e+00 1.8698e+03 1.9469e+03 1.9173e+03 3.0556e+19 3.8271e+19 4.5346e+19 1.2954e-02 -2.2438e-03 3.7049e+05 3.9489e+04
2.3000e+02 2.2626e-11 3.3560e+00 1.8734e+03 1.9512e+03 1.9184e+03 2.9279e+19 3.7252e+19 4.4859e+19 1.3204e-02 -2.6019e-03 3.6428e+05 3.7883e+04
2.4000e+02 2.2504e-11 3.2784e+00 1.8767e+03 1.9553e+03 1.9196e+03 2.8125e+19 3.6273e+19 4.4301e+19 1.3444e-02 -2.9305e-03 3.5853e+05 3.6607e+04
2.5000e+02 2.2383e-11 3.2058e+00 1.8799e+03 1.9592e+03 1.9209e+03 2.7079e+19 3.5334e+19 4.3682e+19 1.3675e-02 -3.2287e-03 3.5318e+05 3.5569e+04
2.6000e+02 2.2263e-11 3.1378e+00 1.8829e+03 1.9629e+03 1.9224e+03 2.6127e+19 3.4432e+19 4.3011e+19 1.3896e-02 -3.4965e-03 3.4819e+05 3.4709e+04
2.7000e+02 2.2144e-11 3.0739e+00 1.8857e+03 1.9663e+03 1.9240e+03 2.5258e+19 3.3566e+19 4.2298e+19 1.4109e-02 -3.7346e-03 3.4354e+05 3.3986e+04
2.8000e+02 2.2026e-11 3.0137e+00 1.8884e+03 1.9696e+03 1.9258e+03 2.4462e+19 3.2733e+19 4.1549e+19 1.4315e-02 -3.9442e-03 3.3919e+05 3.3373e+04
2.9000e+02 2.1910e-11 2.9569e+00 1.8910e+03 1.9728e+03 1.9276e+03 2.3730e+19 3.1932e+19 4.0775e+19 1.4512e-02 -4.1269e-03 3.3510e+05 3.2848e+04
3.0000e+02 2.1794e-11 2.9031e+00 1.8935e+03 1.9757e+03 1.9295e+03 2.3054e+19 3.1162e+19 3.9982e+19 1.4703e-02 -4.2843e-03 3.3127e+05 3.2394e+04
3.1000e+02 2.1679e-11 2.8521e+00 1.8959e+03 1.9786e+03 1.9315e+03 2.2429e+19 3.0421e+19 3.9176e+19 1.4887e-02 -4.4183e-03 3.2765e+05 3.2001e+04
3.2000e+02 2.1565e-11 2.8036e+00 1.8982e+03 1.9813e+03 1.9335e+03 2.1848e+19 2.9709e+19 3.8364e+19 1.5065e-02 -4.5307e-03 3.2423e+05 3.1658e+04
3.3000e+02 2.1452e-11 2.7573e+00 1.9003e+03 1.9839e+03 1.9356e+03 2.1306e+19 2.9023e+19 3.7551e+19 1.5237e-02 -4.6235e-03 3.2099e+05 3.1358e+04
3.4000e+02 2.1340e-11 2.7131e+00 1.9024e+03 1.9864e+03 1.9377e+03 2.0800e+19 2.8363e+19 3.6740e+19 1.5405e-02 -4.6983e-03 3.1791e+05 3.1094e+04
3.5000e+02 2.1229e-11 2.6709e+00 1.9045e+03 1.9888e+03 1.9399e+03 2.0325e+19 2.7727e+19 3.5936e+19 1.5567e-02 -4.7569e-03 3.1499e+05 3.0862e+04
3.6000e+02 2.1118e-11 2.6303e+00 1.9064e+03 1.9911e+03 1.9421e+03 1.9878e+19 2.7115e+19 3.5141e+19 1.5725e-02 -4.8009e-03 3.1219e+05 3.0657e+04
3.7000e+02 2.1009e-11 2.5913e+00 1.9083e+03 1.9934e+03 1.9443e+03 1.9457e+19 2.6526e+19 3.4359e+19 1.5879e-02 -4.8317e-03 3.0952e+05 3.0476e+04
3.8000e+02 2.0901e-11 2.5538e+00 1.9101e+03 1.9955e+03 1.9465e+03 1.9059e+19 2.5957e+19 3.3591e+19 1.6029e-02 -4.8509e-03 3.0697e+05 3.0317e+04
3.9000e+02 2.0793e-11 2.5176e+00 1.9119e+03 1.9976e+03 1.9488e+03 1.8682e+19 2.5410e+19 3.2839e+19 1.6176e-02 -4.8596e-03 3.0451e+05 3.0175e+04
4.0000e+02 2.0687e-11 2.4827e+00 1.9136e+03 1.9997e+03 1.9510e+03 1.8324e+19 2.4882e+19 3.2104e+19 1.6319e-02 -4.8591e-03 3.0215e+05 3.0051e+04
4.1000e+02 2.0581e-11 2.4490e+00 1.9153e+03 2.0016e+03 1.9532e+03 1.7984e+19 2.4373e+19 3.1388e+19 1.6460e-02 -4.8503e-03 2.9988e+05 2.9941e+04
4.2000e+02 2.0476e-11 2.4163e+00 1.9169e+03 2.0036e+03 1.9555e+03 1.7659e+19 2.3883e+19 3.0690e+19 1.6597e-02 -4.8343e-03 2.9769e+05 2.9844e+04
4.3000e+02 2.0372e-11 2.3846e+00 1.9185e+03 2.0054e+03 1.9577e+03 1.7349e+19 2.3409e+19 3.0011e+19 1.6732e-02 -4.8120e-03 2.9558e+05 2.9759e+04
4.4000e+02 2.0269e-11 2.3539e+00 1.9201e+03 2.0073e+03 1.9599e+03 1.7053e+19 2.2953e+19 2.9352e+19 1.6865e-02 -4.7841e-03 2.9353e+05 2.9684e+04
4.5000e+02 2.0167e-11 2.3241e+00 1.9216e+03 2.0090e+03 1.9621e+03 1.6769e+19 2.2512e+19 2.8713e+19 1.6995e-02 -4.7514e-03 2.9155e+05 2.9620e+04
4.6000e+02 2.0065e-11 2.2951e+00 1.9231e+03 2.0108e+03 1.9643e+03 1.6496e+19 2.2086e+19 2.8093e+19 1.7123e-02 -4.7145e-03 2.8963e+05 2.9564e+04
4.7000e+02 1.9965e-11 2.2670e+00 1.9246e+03 2.0125e+03 1.9665e+03 1.6234e+19 2.1676e+19 2.7492e+19 1.7249e-02 -4.6739e-03 2.8777e+05 2.9515e+04
4.8000e+02 1.9865e-11 2.2395e+00 1.9260e+03 2.0141e+03 1.9687e+03 1.5983e+19 2.1279e+19 2.6911e+19 1.7373e-02 -4.6302e-03 2.8596e+05 2.9475e+04
4.9000e+02 1.9766e-11 2.2128e+00 1.9274e+03 2.0158e+03 1.9708e+03 1.5741e+19 2.0896e+19 2.6348e+19 1.7495e-02 -4.5838e-03 2.8421e+05 2.9440e+04
5.0000e+02 1.9668e-11 2.1868e+00 1.9287e+03 2.0174e+03 1.9729e+03 1.5507e+19 2.0526e+19 2.5804e+19 1.7615e-02 -4.5351e-03 2.8250e+05 2.9412e+04
5.1000e+02 1.9571e-11 2.1614e+00 1.9301e+03 2.0189e+03 1.9750e+03 1.5282e+19 2.0168e+19 2.5278e+19 1.7734e-02 -4.4845e-03 2.8084e+05 2.9390e+04
5.2000e+02 1.9474e-11 2.1367e+00 1.9314e+03 2.0205e+03 1.9771e+03 1.5065e+19 1.9822e+19 2.4769e+19 1.7851e-02 -4.4323e-03 2.7922e+05 2.9373e+04
5.3000e+02 1.9378e-11 2.1125e+00 1.9327e+03 2.0220e+03 1.9791e+03 1.4856e+19 1.9488e+19 2.4277e+19 1.7966e-02 -4.3788e-03 2.7764e+05 2.9360e+04
5.4000e+02 1.9283e-11 2.0889e+00 1.9340e+03 2.0234e+03 1.9811e+03 1.4653e+19 1.9165e+19 2.3802e+19 1.8080e-02 -4.3241e-03 2.7610e+05 2.9353e+04
5.5000e+02 1.9189e-11 2.0659e+00 1.9352e+03 2.0249e+03 1.9831e+03 1.4457e+19 1.8852e+19 2.3342e+19 1.8192e-02 -4.2686e-03 2.7460e+05 2.9349e+04
5.6000e+02 1.9096e-11 2.0434e+00 1.9364e+03 2.0263e+03 1.9851e+03 1.4268e+19 1.8550e+19 2.2899e+19 1.8303e-02 -4.2125e-03 2.7314e+05 2.9350e+04
5.7000e+02 1.9003e-11 2.0214e+00 1.9376e+03 2.0277e+03 1.9870e+03 1.4084e+19 1.8257e+19 2.2470e+19 1.8412e-02 -4.1558e-03 2.7171e+05 2.9354e+04
5.8000e+02 1.8911e-11 1.9999e+00 1.9388e+03 2.0291e+03 1.9889e+03 1.3906e+19 1.7974e+19 2.2055e+19 1.8520e-02 -4.0987e-03 2.7032e+05 2.9362e+04
5.9000e+02 1.8820e-11 1.9789e+00 1.9400e+03 2.0304e+03 1.9908e+03 1.3734e+19 1.7700e+19 2.1655e+19 1.8627e-02 -4.0414e-03 2.6896e+05 2.9373e+04
6.0000e+02 1.8730e-11 1.9583e+00 1.9411e+03 2.0317e+03 1.9927e+03 1.3568e+19 1.7434e+19 2.1268e+19 1.8732e-02 -3.9840e-03 2.6763e+05 2.9388e+04
6.1000e+02 1.8640e-11 1.9382e+00 1.9422e+03 2.0330e+03 1.9945e+03 1.3406e+19 1.7177e+19 2.0893e+19 1.8836e-02 -3.9266e-03 2.6634e+05 2.9406e+04
6.2000e+02 1.8551e-11 1.9185e+00 1.9433e+03 2.0343e+03 1.9964e+03 1.3249e+19 1.6928e+19 2.0532e+19 1.8939e-02 -3.8692e-03 2.6507e+05 2.9426e+04
6.3000e+02 1.8463e-11 1.8992e+00 1.9444e+03 2.0356e+03 1.9981e+03 1.3097e+19 1.6687e+19 2.0182e+19 1.9040e-02 -3.8119e-03 2.6383e+05 2.9450e+04
6.4000e+02 1.8376e-11 1.8804e+00 1.9455e+03 2.0368e+03 1.9999e+03 1.2949e+19 1.6454e+19 1.9844e+19 1.9140e-02 -3.7549e-03 2.6262e+05 2.9476e+04
6.5000e+02 1.8289e-11 1.8619e+00 1.9465e+03 2.0380e+03 2.0016e+03 1.2806e+19 1.6227e+19 1.9517e+19 1.9238e-02 -3.6981e-03 2.6144e+05 2.9505e+04
6.6000e+02 1.8203e-11 1.8438e+00 1.9476e+03 2.0392e+03 2.0033e+03 1.2667e+19 1.6008e+19 1.9201e+19 1.9336e-02 -3.6416e-03 2.6028e+05 2.9536e+04
6.7000e+02 1.8117e-11 1.8261e+00 1.9486e+03 2.0404e+03 2.0050e+03 1.2532e+19 1.5795e+19 1.8896e+19 1.9432e-02 -3.5855e-03 2.5915e+05 2.9571e+04
6.8000e+02 1.8033e-11 1.8087e+00 1.9496e+03 2.0415e+03 2.0067e+03 1.2401e+19 1.5589e+19 1.8600e+19 1.9526e-02 -3.5298e-03 2.5805e+05 2.9607e+04
6.9000e+02 1.7949e-11 1.7917e+00 1.9506e+03 2.0426e+03 2.0083e+03 1.2273e+19 1.5389e+19 1.8314e+19 1.9620e-02 -3.4744e-03 2.5697e+05 2.9646e+04
7.0000e+02 1.7865e-11 1.7751e+00 1.9515e+03 2.0437e+03 2.0099e+03 1.2149e+19 1.5195e+19 1.8037e+19 1.9712e-02 -3.4195e-03 2.5591e+05 2.9687e+04
7.1000e+02 1.7783e-11 1.7587e+00 1.9525e+03 2.0448e+03 2.0115e+03 1.2029e+19 1.5007e+19 1.7768e+19 1.9803e-02 -3.3651e-03 2.5488e+05 2.9731e+04
7.2000e+02 1.7701e-11 1.7427e+00 1.9534e+03 2.0459e+03 2.0130e+03 1.1912e+19 1.4825e+19 1.7509e+19 1.9893e-02 -3.3112e-03 2.5387e+05 2.9777e+04
7.3000e+02 1.7619e-11 1.7271e+00 1.9543e+03 2.0469e+03 2.0146e+03 1.1799e+19 1.4648e+19 1.7258e+19 1.9981e-02 -3.2577e-03 2.5289e+05 2.9825e+04
7.4000e+02 1.7539e-11 1.7117e+00 1.9552e+03 2.0480e+03 2.0161e+03 1.1688e+19 1.4476e+19 1.7014e+19 2.0068e-02 -3.2048e-03 2.5192e+05 2.9875e+04
7.5000e+02 1.7459e-11 1.6966e+00 1.9561e+03 2.0490e+03 2.0175e+03 1.1581e+19 1.4310e+19 1.6779e+19 2.0154e-02 -3.1523e-03 2.5098e+05 2.9927e+04
7.6000e+02 1.7379e-11 1.6818e+00 1.9570e+03 2.0500e+03 2.0190e+03 1.1477e+19 1.4148e+19 1.6550e+19 2.0238e-02 -3.1005e-03 2.5006e+05 2.9982e+04
7.7000e+02 1.7300e-11 1.6673e+00 1.9578e+03 2.0509e+03 2.0204e+03 1.1375e+19 1.3991e+19 1.6329e+19 2.0322e-02 -3.0491e-03 2.4916e+05 3.0039e+04
7.8000e+02 1.7222e-11 1.6531e+00 1.9586e+03 2.0519e+03 2.0218e+03 1.1277e+19 1.3838e+19 1.6115e+19 2.0404e-02 -2.9983e-03 2.4828e+05 3.0098e+04
7.9000e+02 1.7145e-11 1.6392e+00 1.9595e+03 2.0528e+03 2.0232e+03 1.1181e+19 1.3690e+19 1.5907e+19 2.0485e-02 -2.9480e-03 2.4742e+05 3.0159e+04
8.0000e+02 1.7068e-11 1.6255e+00 1.9603e+03 2.0538e+03 2.0246e+03 1.1088e+19 1.3547e+19 1.5705e+19 2.0564e-02 -2.8983e-03 2.4658e+05 3.0222e+04
8.1000e+02 1.6991e-11 1.6121e+00 1.9611e+03 2.0547e+03 2.0259e+03 1.0997e+19 1.3407e+19 1.5510e+19 2.0643e-02 -2.8491e-03 2.4576e+05 3.0287e+04
8.2000e+02 1.6916e-11 1.5990e+00 1.9618e+03 2.0556e+03 2.0272e+03 1.0909e+19 1.3272e+19 1.5321e+19 2.0720e-02 -2.8005e-03 2.4496e+05 3.0355e+04
8.3000e+02 1.6841e-11 1.5861e+00 1.9626e+03 2.0564e+03 2.0285e+03 1.0824e+19 1.3140e+19 1.5137e+19 2.0796e-02 -2.7524e-03 2.4417e+05 3.0424e+04
8.4000e+02 1.6766e-11 1.5734e+00 1.9633e+03 2.0573e+03 2.0298e+03 1.0740e+19 1.3012e+19 1.4959e+19 2.0870e-02 -2.7049e-03 2.4341e+05 3.0496e+04
8.5000e+02 1.6692e-11 1.5610e+00 1.9641e+03 2.0581e+03 2.0310e+03 1.0659e+19 1.2888e+19 1.4786e+19 2.0944e-02 -2.6579e-03 2.4266e+05 3.0570e+04
8.6000e+02 1.6619e-11 1.5488e+00 1.9648e+03 2.0589e+03 2.0323e+03 1.0581e+19 1.2767e+19 1.4619e+19 2.1016e-02 -2.6114e-03 2.4193e+05 3.0646e+04
8.7000e+02 1.6546e-11 1.5368e+00 1.9655e+03 2.0597e+03 2.0335e+03 1.0504e+19 1.2650e+19 1.4456e+19 2.1087e-02 -2.5655e-03 2.4121e+05 3.0724e+04
8.8000e+02 1.6474e-11 1.5250e+00 1.9662e+03 2.0605e+03 2.0346e+03 1.0430e+19 1.2536e+19 1.4298e+19 2.1157e-02 -2.5202e-03 2.4052e+05 3.0804e+04
8.9000e+02 1.6402e-11 1.5135e+00 1.9669e+03 2.0613e+03 2.0358e+03 1.0357e+19 1.2425e+19 1.4145e+19 2.1225e-02 -2.4754e-03 2.3984e+05 3.0886e+04
9.0000e+02 1.6331e-11 1.5022e+00 1.9675e+03 2.0620e+03 2.0369e+03 1.0287e+19 1.2318e+19 1.3996e+19 2.1293e-02 -2.4311e-03 2.3917e+05 3.0971e+04
9.1000e+02 1.6261e-11 1.4911e+00 1.9682e+03 2.0628e+03 2.0381e+03 1.0218e+19 1.2213e+19 1.3852e+19 2.1359e-02 -2.3873e-03 2.3852e+05 3.1057e+04
9.2000e+02 1.6191e-11 1.4802e+00 1.9688e+03 2.0635e+03 2.0392e+03 1.0152e+19 1.2112e+19 1.3712e+19 2.1424e-02 -2.3441e-03 2.3789e+05 3.1146e+04
9.3000e+02 1.6122e-11 1.4694e+00 1.9694e+03 2.0642e+03 2.0402e+03 1.0087e+19 1.2013e+19 1.3576e+19 2.1488e-02 -2.3014e-03 2.3727e+05 3.1237e+04
9.4000e+02 1.6053e-11 1.4589e+00 1.9700e+03 2.0649e+03 2.0413e+03 1.0024e+19 1.1917e+19 1.3444e+19 2.1550e-02 -2.2592e-03 2.3666e+05 3.1330e+04
9.5000e+02 1.5984e-11 1.4486e+00 1.9706e+03 2.0656e+03 2.0423e+03 9.9633e+18 1.1824e+19 1.3315e+19 2.1611e-02 -2.2175e-03 2.3608e+05 3.1426e+04
9.6000e+02 1.5917e-11 1.4384e+00 1.9712e+03 2.0662e+03 2.0434e+03 9.9038e+18 1.1733e+19 1.3190e+19 2.1672e-02 -2.1763e-03 2.3550e+05 3.1524e+04
9.7000e+02 1.5849e-11 1.4285e+00 1.9718e+03 2.0669e+03 2.0444e+03 9.8461e+18 1.1645e+19 1.3069e+19 2.1731e-02 -2.1356e-03 2.3494e+05 3.1624e+04
9.8000e+02 1.5783e-11 1.4187e+00 1.9724e+03 2.0675e+03 2.0454e+03 9.7900e+18 1.1559e+19 1.2952e+19 2.1788e-02 -2.0955e-03 2.3439e+05 3.1726e+04
9.9000e+02 1.5716e-11 1.4091e+00 1.9729e+03 2.0681e+03 2.0463e+03 9.7355e+18 1.1476e+19 1.2837e+19 2.1845e-02 -2.0558e-03 2.3386e+05 3.1831e+04
1.0000e+03 1.5651e-11 1.3996e+00 1.9734e+03 2.0687e+03 2.0473e+03 9.6825e+18 1.1395e+19 1.2726e+19 2.1901e-02 -2.0166e-03 2.3334e+05 3.1938e+04
1.0100e+03 1.5586e-11 1.3903e+00 1.9740e+03 2.0693e+03 2.0482e+03 9.6310e+18 1.1317e+19 1.2618e+19 2.1955e-02 -1.9779e-03 2.3284e+05 3.2047e+04
1.0200e+03 1.5521e-11 1.3812e+00 1.9745e+03 2.0699e+03 2.0491e+03 9.5811e+18 1.1240e+19 1.2514e+19 2.2008e-02 -1.9397e-03 2.3234e+05 3.2159e+04
1.0300e+03 1.5457e-11 1.3723e+00 1.9750e+03 2.0705e+03 2.0500e+03 9.5325e+18 1.1166e+19 1.2412e+19 2.2060e-02 -1.9019e-03 2.3186e+05 3.2273e+04
1.0400e+03 1.5393e-11 1.3635e+00 1.9755e+03 2.0710e+03 2.0509e+03 9.4854e+18 1.1094e+19 1.2313e+19 2.2111e-02 -1.8646e-03 2.3139e+05 3.2390e+04
1.0500e+03 1.5330e-11 1.3548e+00 1.9759e+03 2.0716e+03 2.0517e+03 9.4396e+18 1.1023e+19 1.2217e+19 2.2161e-02 -1.8278e-03 2.3094e+05 3.2509e+04
1.0600e+03 1.5267e-11 1.3463e+00 1.9764e+03 2.0721e+03 2.0526e+03 9.3952e+18 1.0955e+19 1.2123e+19 2.2210e-02 -1.7915e-03 2.3049e+05 3.2631e+04
1.0700e+03 1.5205e-11 1.3380e+00 1.9769e+03 2.0726e+03 2.0534e+03 9.3520e+18 1.0889e+19 1.2032e+19 2.2258e-02 -1.7556e-03 2.3006e+05 3.2756e+04
1.0800e+03 1.5143e-11 1.3297e+00 1.9773e+03 2.0731e+03 2.0542e+03 9.3102e+18 1.0825e+19 1.1944e+19 2.2304e-02 -1.7202e-03 2.2964e+05 3.2883e+04
1.0900e+03 1.5082e-11 1.3217e+00 1.9777e+03 2.0736e+03 2.0550e+03 9.2696e+18 1.0762e+19 1.1858e+19 2.2350e-02 -1.6852e-03 2.2923e+05 3.3013e+04
1.1000e+03 1.5021e-11 1.3137e+00 1.9782e+03 2.0740e+03 2.0558e+03 9.2302e+18 1.0701e+19 1.1774e+19 2.2394e-02 -1.6506e-03 2.2883e+05 3.3145e+04
1.1100e+03 1.4961e-11 1.3059e+00 1.9786e+03 2.0745e+03 2.0566e+03 9.1920e+18 1.0642e+19 1.1693e+19 2.2437e-02 -1.6165e-03 2.2845e+05 3.3281e+04
1.1200e+03 1.4901e-11 1.2983e+00 1.9790e+03 2.0749e+03 2.0573e+03 9.1550e+18 1.0585e+19 1.1615e+19 2.2479e-02 -1.5828e-03 2.2807e+05 3.3419e+04
1.1300e+03 1.4842e-11 1.2907e+00 1.9794e+03 2.0754e+03 2.0580e+03 9.1191e+18 1.0529e+19 1.1538e+19 2.2521e-02 -1.5496e-03 2.2771e+05 3.3560e+04
1.1400e+03 1.4783e-11 1.2833e+00 1.9797e+03 2.0758e+03 2.0588e+03 9.0843e+18 1.0475e+19 1.1463e+19 2.2561e-02 -1.5168e-03 2.2735e+05 3.3704e+04
1.1500e+03 1.4724e-11 1.2760e+00 1.9801e+03 2.0762e+03 2.0595e+03 9.0506e+18 1.0422e+19 1.1391e+19 2.2600e-02 -1.4844e-03 2.2701e+05 3.3851e+04
1.1600e+03 1.4666e-11 1.2688e+00 1.9805e+03 2.0766e+03 2.0601e+03 9.0180e+18 1.0371e+19 1.1321e+19 2.2638e-02 -1.4524e-03 2.2667e+05 3.4002e+04
1.1700e+03 1.4608e-11 1.2618e+00 1.9808e+03 2.0770e+03 2.0608e+03 8.9864e+18 1.0322e+19 1.1252e+19 2.2675e-02 -1.4208e-03 2.2635e+05 3.4155e+04
1.1800e+03 1.4551e-11 1.2549e+00 1.9811e+03 2.0774e+03 2.0615e+03 8.9559e+18 1.0274e+19 1.1186e+19 2.2711e-02 -1.3896e-03 2.2603e+05 3.4312e+04
1.1900e+03 1.4494e-11 1.2480e+00 1.9815e+03 2.0777e+03 2.0621e+03 8.9263e+18 1.0227e+19 1.1121e+19 2.2746e-02 -1.3589e-03 2.2573e+05 3.4472e+04
1.2000e+03 1.4438e-11 1.2413e+00 1.9818e+03 2.0781e+03 2.0627e+03 8.8978e+18 1.0182e+19 1.1059e+19 2.2780e-02 -1.3285e-03 2.2543e+05 3.4635e+04
1.2100e+03 1.4382e-11 1.2347e+00 1.9821e+03 2.0784e+03 2.0633e+03 8.8701e+18 1.0138e+19 1.0998e+19 2.2813e-02 -1.2985e-03 2.2515e+05 3.4802e+04
1.2200e+03 1.4327e-11 1.2283e+00 1.9824e+03 2.0787e+03 2.0639e+03 8.8435e+18 1.0095e+19 1.0938e+19 2.2845e-02 -1.2689e-03 2.2487e+05 3.4972e+04
1.2300e+03 1.4272e-11 1.2219e+00 1.9827e+03 2.0790e+03 2.0645e+03 8.8177e+18 1.0054e+19 1.0881e+19 2.2876e-02 -1.2397e-03 2.2460e+05 3.5146e+04
1.2400e+03 1.4217e-11 1.2156e+00 1.9830e+03 2.0794e+03 2.0651e+03 8.7928e+18 1.0014e+19 1.0825e+19 2.2906e-02 -1.2109e-03 2.2434e+05 3.5324e+04
1.2500e+03 1.4163e-11 1.2094e+00 1.9832e+03 2.0796e+03 2.0657e+03 8.7688e+18 9.9751e+18 1.0771e+19 2.2935e-02 -1.1825e-03 2.2409e+05 3.5506e+04
1.2600e+03 1.4109e-11 1.2033e+00 1.9835e+03 2.0799e+03 2.0662e+03 8.7457e+18 9.9375e+18 1.0718e+19 2.2964e-02 -1.1544e-03 2.2385e+05 3.5692e+04
1.2700e+03 1.4055e-11 1.1973e+00 1.9838e+03 2.0802e+03 2.0667e+03 8.7234e+18 9.9011e+18 1.0667e+19 2.2991e-02 -1.1267e-03 2.2362e+05 3.5882e+04
1.2800e+03 1.4002e-11 1.1915e+00 1.9840e+03 2.0805e+03 2.0673e+03 8.7020e+18 9.8658e+18 1.0617e+19 2.3017e-02 -1.0993e-03 2.2340e+05 3.6076e+04
1.2900e+03 1.3950e-11 1.1857e+00 1.9842e+03 2.0807e+03 2.0678e+03 8.6814e+18 9.8316e+18 1.0569e+19 2.3043e-02 -1.0723e-03 2.2318e+05 3.6274e+04
1.3000e+03 1.3898e-11 1.1800e+00 1.9845e+03 2.0810e+03 2.0683e+03 8.6615e+18 9.7985e+18 1.0522e+19 2.3068e-02 -1.0457e-03 2.2297e+05 3.6477e+04
1.3100e+03 1.3846e-11 1.1744e+00 1.9847e+03 2.0812e+03 2.0687e+03 8.6425e+18 9.7666e+18 1.0477e+19 2.3091e-02 -1.0194e-03 2.2277e+05 3.6685e+04
1.3200e+03 1.3794e-11 1.1688e+00 1.9849e+03 2.0814e+03 2.0692e+03 8.6242e+18 9.7356e+18 1.0433e+19 2.3114e-02 -9.9347e-04 2.2258e+05 3.6898e+04
1.3300e+03 1.3743e-11 1.1634e+00 1.9851e+03 2.0816e+03 2.0697e+03 8.6067e+18 9.7057e+18 1.0390e+19 2.3136e-02 -9.6787e-04 2.2239e+05 3.7115e+04
1.3400e+03 1.3692e-11 1.1581e+00 1.9853e+03 2.0818e+03 2.0701e+03 8.5899e+18 9.6768e+18 1.0348e+19 2.3157e-02 -9.4260e-04 2.2222e+05 3.7338e+04
1.3500e+03 1.3642e-11 1.1528e+00 1.9855e+03 2.0820e+03 2.0705e+03 8.5738e+18 9.6489e+18 1.0308e+19 2.3177e-02 -9.1767e-04 2.2205e+05 3.7566e+04
1.3600e+03 1.3592e-11 1.1476e+00 1.9857e+03 2.0822e+03 2.0710e+03 8.5584e+18 9.6220e+18 1.0269e+19 2.3197e-02 -8.9306e-04 2.2188e+05 3.7800e+04
1.3700e+03 1.3542e-11 1.1425e+00 1.9858e+03 2.0824e+03 2.0714e+03 8.5437e+18 9.5960e+18 1.0231e+19 2.3215e-02 -8.6878e-04 2.2173e+05 3.8039e+04
1.3800e+03 1.3493e-11 1.1375e+00 1.9860e+03 2.0826e+03 2.0718e+03 8.5298e+18 9.5709e+18 1.0195e+19 2.3233e-02 -8.4482e-04 2.2158e+05 3.8285e+04
1.3900e+03 1.3444e-11 1.1325e+00 1.9862e+03 2.0827e+03 2.0722e+03 8.5165e+18 9.5467e+18 1.0159e+19 2.3250e-02 -8.2118e-04 2.2144e+05 3.8537e+04
1.4000e+03 1.3396e-11 1.1277e+00 1.9863e+03 2.0829e+03 2.0726e+03 8.5038e+18 9.5234e+18 1.0125e+19 2.3266e-02 -7.9785e-04 2.2131e+05 3.8795e+04
1.4100e+03 1.3348e-11 1.1229e+00 1.9864e+03 2.0830e+03 2.0729e+03 8.4918e+18 9.5010e+18 1.0092e+19 2.3281e-02 -7.7482e-04 2.2118e+05 3.9061e+04
1.4200e+03 1.3300e-11 1.1182e+00 1.9866e+03 2.0831e+03 2.0733e+03 8.4804e+18 9.4795e+18 1.0060e+19 2.3296e-02 -7.5210e-04 2.2106e+05 3.9333e+04
1.4300e+03 1.3252e-11 1.1135e+00 1.9867e+03 2.0833e+03 2.0736e+03 8.4697e+18 9.4588e+18 1.0029e+19 2.3310e-02 -7.2968e-04 2.2094e+05 3.9613e+04
1.4400e+03 1.3205e-11 1.1089e+00 1.9868e+03 2.0834e+03 2.0740e+03 8.4596e+18 9.4389e+18 9.9984e+18 2.3323e-02 -7.0755e-04 2.2084e+05 3.9901e+04
1.4500e+03 1.3159e-11 1.1044e+00 1.9869e+03 2.0835e+03 2.0743e+03 8.4500e+18 9.4198e+18 9.9694e+18 2.3335e-02 -6.8571e-04 2.2073e+05 4.0198e+04
1.4600e+03 1.3112e-11 1.1000e+00 1.9870e+03 2.0836e+03 2.0746e+03 8.4411e+18 9.4015e+18 9.9413e+18 2.3346e-02 -6.6415e-04 2.2064e+05 4.0503e+04
1.4700e+03 1.3066e-11 1.0956e+00 1.9871e+03 2.0837e+03 2.0749e+03 8.4327e+18 9.3839e+18 9.9142e+18 2.3357e-02 -6.4288e-04 2.2055e+05 4.0818e+04
1.4800e+03 1.3020e-11 1.0913e+00 1.9872e+03 2.0837e+03 2.0752e+03 8.4250e+18 9.3672e+18 9.8880e+18 2.3367e-02 -6.2188e-04 2.2047e+05 4.1142e+04
1.4900e+03 1.2975e-11 1.0871e+00 1.9873e+03 2.0838e+03 2.0755e+03 8.4177e+18 9.3511e+18 9.8628e+18 2.3376e-02 -6.0116e-04 2.2039e+05 4.1476e+04
1.5000e+03 1.2930e-11 1.0829e+00 1.9874e+03 2.0839e+03 2.0758e+03 8.4111e+18 9.3358e+18 9.8384e+18 2.3385e-02 -5.8070e-04 2.2032e+05 4.1822e+04
1.5100e+03 1.2885e-11 1.0788e+00 1.9875e+03 2.0839e+03 2.0760e+03 8.4049e+18 9.3213e+18 9.8150e+18 2.3393e-02 -5.6051e-04 2.2025e+05 4.2179e+04
1.5200e+03 1.2840e-11 1.0747e+00 1.9875e+03 2.0840e+03 2.0763e+03 8.3994e+18 9.3074e+18 9.7924e+18 2.3400e-02 -5.4057e-04 2.2019e+05 4.2549e+04
1.5300e+03 1.2796e-11 1.0707e+00 1.9876e+03 2.0840e+03 2.0765e+03 8.3943e+18 9.2942e+18 9.7707e+18 2.3407e-02 -5.2088e-04 2.2014e+05 4.2932e+04
1.5400e+03 1.2752e-11 1.0668e+00 1.9876e+03 2.0840e+03 2.0768e+03 8.3897e+18 9.2817e+18 9.7498e+18 2.3413e-02 -5.0144e-04 2.2009e+05 4.3329e+04
1.5500e+03 1.2709e-11 1.0629e+00 1.9877e+03 2.0840e+03 2.0770e+03 8.3857e+18 9.2699e+18 9.7298e+18 2.3418e-02 -4.8223e-04 2.2005e+05 4.3742e+04
1.5600e+03 1.2666e-11 1.0591e+00 1.9877e+03 2.0841e+03 2.0772e+03 8.3822e+18 9.2587e+18 9.7105e+18 2.3423e-02 -4.6326e-04 2.2001e+05 4.4171e+04
1.5700e+03 1.2623e-11 1.0553e+00 1.9878e+03 2.0841e+03 2.0775e+03 8.3791e+18 9.2481e+18 9.6921e+18 2.3426e-02 -4.4452e-04 2.1998e+05 4.4618e+04
1.5800e+03 1.2580e-11 1.0516e+00 1.9878e+03 2.0841e+03 2.0777e+03 8.3765e+18 9.2382e+18 9.6744e+18 2.3430e-02 -4.2599e-04 2.1995e+05 4.5084e+04
1.5900e+03 1.2538e-11 1.0480e+00 1.9878e+03 2.0840e+03 2.0779e+03 8.3744e+18 9.2289e+18 9.6575e+18 2.3432e-02 -4.0768e-04 2.1993e+05 4.5571e+04
1.6000e+03 1.2496e-11 1.0444e+00 1.9878e+03 2.0840e+03 2.0780e+03 8.3728e+18 9.2202e+18 9.6414e+18 2.3435e-02 -3.8957e-04 2.1991e+05 4.6082e+04
1.6100e+03 1.2454e-11 1.0408e+00 1.9879e+03 2.0840e+03 2.0782e+03 8.3716e+18 9.2121e+18 9.6260e+18 2.3436e-02 -3.7164e-04 2.1990e+05 4.6618e+04
1.6200e+03 1.2413e-11 1.0373e+00 1.9879e+03 2.0840e+03 2.0784e+03 8.3709e+18 9.2046e+18 9.6114e+18 2.3437e-02 -3.5390e-04 2.1989e+05 4.7183e+04
1.6300e+03 1.2372e-11 1.0339e+00 1.9879e+03 2.0839e+03 2.0786e+03 8.3706e+18 9.1977e+18 9.5974e+18 2.3437e-02 -3.3633e-04 2.1989e+05 4.7779e+04
1.6400e+03 1.2331e-11 1.0305e+00 1.9879e+03 2.0839e+03 2.0787e+03 8.3708e+18 9.1914e+18 9.5842e+18 2.3437e-02 -3.1890e-04 2.1989e+05 4.8410e+04
1.6500e+03 1.2291e-11 1.0271e+00 1.9879e+03 2.0838e+03 2.0789e+03 8.3713e+18 9.1856e+18 9.5717e+18 2.3436e-02 -3.0161e-04 2.1990e+05 4.9082e+04
1.6600e+03 1.2250e-11 1.0238e+00 1.9879e+03 2.0837e+03 2.0790e+03 8.3723e+18 9.1803e+18 9.5599e+18 2.3435e-02 -2.8443e-04 2.1991e+05 4.9800e+04
1.6700e+03 1.2210e-11 1.0205e+00 1.9878e+03 2.0836e+03 2.0791e+03 8.3737e+18 9.1756e+18 9.5488e+18 2.3433e-02 -2.6732e-04 2.1992e+05 5.0572e+04
1.6800e+03 1.2171e-11 1.0173e+00 1.9878e+03 2.0835e+03 2.0793e+03 8.3755e+18 9.1715e+18 9.5383e+18 2.3431e-02 -2.5026e-04 2.1994e+05 5.1407e+04
1.6900e+03 1.2131e-11 1.0142e+00 1.9878e+03 2.0834e+03 2.0794e+03 8.3776e+18 9.1678e+18 9.5285e+18 2.3428e-02 -2.3318e-04 2.1997e+05 5.2317e+04
1.7000e+03 1.2092e-11 1.0110e+00 1.9878e+03 2.0833e+03 2.0795e+03 8.3802e+18 9.1646e+18 9.5195e+18 2.3425e-02 -2.1603e-04 2.1999e+05 5.3321e+04
1.7100e+03 1.2053e-11 1.0080e+00 1.9877e+03 2.0832e+03 2.0796e+03 8.3831e+18 9.1620e+18 9.5110e+18 2.3421e-02 -1.9868e-04 2.2003e+05 5.4444e+04
1.7200e+03 1.2015e-11 1.0049e+00 1.9877e+03 2.0830e+03 2.0797e+03 8.3863e+18 9.1598e+18 9.5033e+18 2.3416e-02 -1.8099e-04 2.2006e+05 5.5725e+04
1.7300e+03 1.1976e-11 1.0019e+00 1.9876e+03 2.0829e+03 2.0797e+03 8.3899e+18 9.1581e+18 9.4963e+18 2.3412e-02 -1.6265e-04 2.2010e+05 5.7229e+04
1.7400e+03 1.1938e-11 9.9894e-01 1.9876e+03 2.0826e+03 2.0798e+03 8.3938e+18 9.1569e+18 9.4899e+18 2.3407e-02 -1.4307e-04 2.2014e+05 5.9091e+04
1.7500e+03 1.1901e-11 9.9601e-01 1.9875e+03 2.0824e+03 2.0799e+03 8.3979e+18 9.1560e+18 9.4844e+18 2.3401e-02 -1.2052e-04 2.2019e+05 6.1678e+04
1.7600e+03 1.1863e-11 9.9311e-01 1.9875e+03 2.0818e+03 2.0799e+03 8.4022e+18 9.1551e+18 9.4797e+18 2.3396e-02 -8.4370e-05 2.2023e+05 6.7426e+04
1.7700e+03 1.1826e-11 9.9021e-01 1.9874e+03 2.0819e+03 2.0800e+03 8.4063e+18 9.1559e+18 9.4764e+18 2.3390e-02 -8.4355e-05 2.2028e+05 6.7429e+04
1.7800e+03 1.1789e-11 9.8738e-01 1.9874e+03 2.0819e+03 2.0800e+03 8.4111e+18 9.1572e+18 9.4732e+18 2.3384e-02 -8.4395e-05 2.2033e+05 6.7421e+04
1.7900e+03 1.1752e-11 9.8461e-01 1.9873e+03 2.0820e+03 2.0801e+03 8.4166e+18 9.1590e+18 9.4699e+18 2.3377e-02 -8.4435e-05 2.2039e+05 6.7414e+04
1.8000e+03 1.1715e-11 9.8189e-01 1.9872e+03 2.0820e+03 2.0801e+03 8.4229e+18 9.1611e+18 9.4666e+18 2.3368e-02 -8.4472e-05 2.2046e+05 6.7408e+04
1.8100e+03 1.1679e-11 9.7924e-01 1.9872e+03 2.0820e+03 2.0801e+03 8.4299e+18 9.1637e+18 9.4634e+18 2.3359e-02 -8.4507e-05 2.2053e+05 6.7403e+04
1.8200e+03 1.1643e-11 9.7664e-01 1.9871e+03 2.0821e+03 2.0802e+03 8.4376e+18 9.1667e+18 9.4601e+18 2.3349e-02 -8.4543e-05 2.2062e+05 6.7397e+04
1.8300e+03 1.1607e-11 9.7410e-01 1.9870e+03 2.0821e+03 2.0802e+03 8.4461e+18 9.1701e+18 9.4568e+18 2.3338e-02 -8.4575e-05 2.2071e+05 6.7394e+04
1.8400e+03 1.1572e-11 9.7161e-01 1.9869e+03 2.0822e+03 2.0803e+03 8.4551e+18 9.1738e+18 9.4535e+18 2.3326e-02 -8.4608e-05 2.2080e+05 6.7390e+04
1.8500e+03 1.1537e-11 9.6917e-01 1.9867e+03 2.0822e+03 2.0803e+03 8.4649e+18 9.1780e+18 9.4503e+18 2.3314e-02 -8.4639e-05 2.2091e+05 6.7387e+04
1.8600e+03 1.1502e-11 9.6679e-01 1.9866e+03 2.0822e+03 2.0803e+03 8.4753e+18 9.1825e+18 9.4470e+18 2.3300e-02 -8.4670e-05 2.2102e+05 6.7385e+04
1.8700e+03 1.1467e-11 9.6445e-01 1.9865e+03 2.0823e+03 2.0804e+03 8.4864e+18 9.1874e+18 9.4437e+18 2.3286e-02 -8.4699e-05 2.2114e+05 6.7383e+04
1.8800e+03 1.1432e-11 9.6217e-01 1.9863e+03 2.0823e+03 2.0804e+03 8.4980e+18 9.1926e+18 9.4405e+18 2.3271e-02 -8.4724e-05 2.2126e+05 6.7382e+04
1.8900e+03 1.1398e-11 9.5993e-01 1.9862e+03 2.0793e+03 2.0805e+03 8.5103e+18 9.1913e+18 9.4372e+18 2.3255e-02 4.2295e-05 2.2140e+05 8.0162e+04
1.9000e+03 1.1364e-11 9.5755e-01 1.9861e+03 2.0793e+03 2.0804e+03 8.5200e+18 9.1975e+18 9.4388e+18 2.3243e-02 4.4282e-05 2.2150e+05 7.9255e+04
1.9100e+03 1.1330e-11 9.5523e-01 1.9860e+03 2.0792e+03 2.0804e+03 8.5300e+18 9.2040e+18 9.4405e+18 2.3230e-02 4.6300e-05 2.2160e+05 7.8386e+04
1.9200e+03 1.1296e-11 9.5294e-01 1.9858e+03 2.0791e+03 2.0804e+03 8.5406e+18 9.2108e+18 9.4423e+18 2.3217e-02 4.8526e-05 2.2172e+05 7.7480e+04
1.9300e+03 1.1263e-11 9.5071e-01 1.9857e+03 2.0791e+03 2.0804e+03 8.5518e+18 9.2179e+18 9.4442e+18 2.3203e-02 5.0969e-05 2.2183e+05 7.6544e+04
1.9400e+03 1.1230e-11 9.4851e-01 1.9856e+03 2.0790e+03 2.0803e+03 8.5634e+18 9.2254e+18 9.4462e+18 2.3188e-02 5.3642e-05 2.2196e+05 7.5582e+04
1.9500e+03 1.1197e-11 9.4636e-01 1.9854e+03 2.0789e+03 2.0803e+03 8.5756e+18 9.2332e+18 9.4482e+18 2.3172e-02 5.6554e-05 2.2209e+05 7.4599e+04
1.9600e+03 1.1164e-11 9.4424e-01 1.9853e+03 2.0788e+03 2.0803e+03 8.5883e+18 9.2414e+18 9.4504e+18 2.3156e-02 5.9716e-05 2.2222e+05 7.3602e+04
1.9700e+03 1.1131e-11 9.4217e-01 1.9851e+03 2.0787e+03 2.0803e+03 8.6015e+18 9.2499e+18 9.4527e+18 2.3140e-02 6.3137e-05 2.2236e+05 7.2594e+04
1.9800e+03 1.1099e-11 9.4013e-01 1.9850e+03 2.0786e+03 2.0802e+03 8.6152e+18 9.2586e+18 9.4552e+18 2.3122e-02 6.6828e-05 2.2251e+05 7.1582e+04
1.9900e+03 1.1067e-11 9.3813e-01 1.9848e+03 2.0785e+03 2.0802e+03 8.6293e+18 9.2678e+18 9.4578e+18 2.3105e-02 7.0795e-05 2.2266e+05 7.0568e+04
2.0000e+03 1.1035e-11 9.3617e-01 1.9846e+03 2.0784e+03 2.0802e+03 8.6439e+18 9.2772e+18 9.4605e+18 2.3086e-02 7.5046e-05 2.2281e+05 6.9558e+04
2.0100e+03 1.1003e-11 9.3423e-01 1.9845e+03 2.0783e+03 2.0801e+03 8.6589e+18 9.2869e+18 9.4634e+18 2.3068e-02 7.9585e-05 2.2297e+05 6.8556e+04
2.0200e+03 1.0972e-11 9.3234e-01 1.9843e+03 2.0782e+03 2.0801e+03 8.6743e+18 9.2969e+18 9.4665e+18 2.3048e-02 8.4417e-05 2.2313e+05 6.7565e+04
2.0300e+03 1.0941e-11 9.3047e-01 1.9841e+03 2.0781e+03 2.0801e+03 8.6901e+18 9.3072e+18 9.4698e+18 2.3029e-02 8.9542e-05 2.2330e+05 6.6588e+04
2.0400e+03 1.0909e-11 9.2864e-01 1.9839e+03 2.0779e+03 2.0800e+03 8.7062e+18 9.3179e+18 9.4732e+18 2.3009e-02 9.4961e-05 2.2347e+05 6.5630e+04
2.0500e+03 1.0879e-11 9.2683e-01 1.9837e+03 2.0778e+03 2.0800e+03 8.7228e+18 9.3288e+18 9.4769e+18 2.2988e-02 1.0067e-04 2.2364e+05 6.4691e+04
2.0600e+03 1.0848e-11 9.2505e-01 1.9835e+03 2.0777e+03 2.0799e+03 8.7396e+18 9.3400e+18 9.4808e+18 2.2967e-02 1.0667e-04 2.2382e+05 6.3775e+04
2.0700e+03 1.0817e-11 9.2331e-01 1.9833e+03 2.0775e+03 2.0799e+03 8.7569e+18 9.3514e+18 9.4849e+18 2.2946e-02 1.1294e-04 2.2400e+05 6.2882e+04
2.0800e+03 1.0787e-11 9.2158e-01 1.9831e+03 2.0774e+03 2.0798e+03 8.7744e+18 9.3632e+18 9.4893e+18 2.2925e-02 1.1948e-04 2.2419e+05 6.2016e+04
2.0900e+03 1.0757e-11 9.1989e-01 1.9829e+03 2.0772e+03 2.0798e+03 8.7922e+18 9.3752e+18 9.4940e+18 2.2903e-02 1.2629e-04 2.2437e+05 6.1176e+04
2.1000e+03 1.0727e-11 9.1821e-01 1.9827e+03 2.0770e+03 2.0797e+03 8.8103e+18 9.3875e+18 9.4989e+18 2.2881e-02 1.3334e-04 2.2456e+05 6.0364e+04
2.1100e+03 1.0698e-11 9.1657e-01 1.9825e+03 2.0769e+03 2.0797e+03 8.8287e+18 9.4001e+18 9.5041e+18 2.2859e-02 1.4062e-04 2.2475e+05 5.9580e+04
2.1200e+03 1.0668e-11 9.1494e-01 1.9823e+03 2.0767e+03 2.0796e+03 8.8474e+18 9.4130e+18 9.5095e+18 2.2836e-02 1.4812e-04 2.2495e+05 5.8824e+04
2.1300e+03 1.0639e-11 9.1334e-01 1.9821e+03 2.0765e+03 2.0795e+03 8.8663e+18 9.4261e+18 9.5153e+18 2.2813e-02 1.5582e-04 2.2514e+05 5.8097e+04
2.1400e+03 1.0610e-11 9.1176e-01 1.9819e+03 2.0763e+03 2.0795e+03 8.8854e+18 9.4395e+18 9.5214e+18 2.2790e-02 1.6371e-04 2.2534e+05 5.7399e+04
2.1500e+03 1.0581e-11 9.1020e-01 1.9817e+03 2.0761e+03 2.0794e+03 8.9048e+18 9.4532e+18 9.5278e+18 2.2767e-02 1.7175e-04 2.2554e+05 5.6728e+04
2.1600e+03 1.0552e-11 9.0866e-01 1.9815e+03 2.0759e+03 2.0793e+03 8.9244e+18 9.4671e+18 9.5345e+18 2.2744e-02 1.7995e-04 2.2575e+05 5.6085e+04
2.1700e+03 1.0523e-11 9.0714e-01 1.9812e+03 2.0757e+03 2.0792e+03 8.9442e+18 9.4813e+18 9.5415e+18 2.2720e-02 1.8827e-04 2.2595e+05 5.5469e+04
2.1800e+03 1.0495e-11 9.0563e-01 1.9810e+03 2.0755e+03 2.0791e+03 8.9642e+18 9.4957e+18 9.5489e+18 2.2697e-02 1.9670e-04 2.2616e+05 5.4879e+04
2.1900e+03 1.0467e-11 9.0415e-01 1.9808e+03 2.0753e+03 2.0790e+03 8.9844e+18 9.5104e+18 9.5566e+18 2.2673e-02 2.0521e-04 2.2637e+05 5.4315e+04
2.2000e+03 1.0439e-11 9.0268e-01 1.9806e+03 2.0751e+03 2.0789e+03 9.0048e+18 9.5254e+18 9.5646e+18 2.2649e-02 2.1380e-04 2.2658e+05 5.3775e+04
2.2100e+03 1.0411e-11 9.0123e-01 1.9803e+03 2.0749e+03 2.0788e+03 9.0253e+18 9.5406e+18 9.5730e+18 2.2625e-02 2.2245e-04 2.2679e+05 5.3260e+04
2.2200e+03 1.0383e-11 8.9980e-01 1.9801e+03 2.0747e+03 2.0787e+03 9.0461e+18 9.5561e+18 9.5817e+18 2.2600e-02 2.3112e-04 2.2700e+05 5.2768e+04
2.2300e+03 1.0356e-11 8.9839e-01 1.9799e+03 2.0745e+03 2.0786e+03 9.0670e+18 9.5719e+18 9.5908e+18 2.2576e-02 2.3982e-04 2.2722e+05 5.2298e+04
2.2400e+03 1.0328e-11 8.9699e-01 1.9796e+03 2.0742e+03 2.0785e+03 9.0880e+18 9.5878e+18 9.6002e+18 2.2551e-02 2.4852e-04 2.2743e+05 5.1849e+04
2.2500e+03 1.0301e-11 8.9560e-01 1.9794e+03 2.0740e+03 2.0784e+03 9.1092e+18 9.6041e+18 9.6100e+18 2.2527e-02 2.5722e-04 2.2765e+05 5.1420e+04
2.2600e+03 1.0274e-11 8.9423e-01 1.9792e+03 2.0738e+03 2.0783e+03 9.1306e+18 9.6206e+18 9.6201e+18 2.2502e-02 2.6588e-04 2.2787e+05 5.1012e+04
2.2700e+03 1.0247e-11 8.9288e-01 1.9789e+03 2.0735e+03 2.0782e+03 9.1521e+18 9.6373e+18 9.6306e+18 2.2478e-02 2.7451e-04 2.2809e+05 5.0621e+04
2.2800e+03 1.0221e-11 8.9154e-01 1.9787e+03 2.0733e+03 2.0780e+03 9.1738e+18 9.6543e+18 9.6415e+18 2.2453e-02 2.8309e-04 2.2831e+05 5.0249e+04
2.2900e+03 1.0194e-11 8.9021e-01 1.9785e+03 2.0731e+03 2.0779e+03 9.1956e+18 9.6715e+18 9.6527e+18 2.2428e-02 2.9161e-04 2.2853e+05 4.9894e+04
2.3000e+03 1.0168e-11 8.8890e-01 1.9782e+03 2.0728e+03 2.0778e+03 9.2175e+18 9.6890e+18 9.6642e+18 2.2403e-02 3.0006e-04 2.2875e+05 4.9555e+04
2.3100e+03 1.0142e-11 8.8761e-01 1.9780e+03 2.0726e+03 2.0776e+03 9.2396e+18 9.7067e+18 9.6761e+18 2.2378e-02 3.0843e-04 2.2898e+05 4.9231e+04
2.3200e+03 1.0116e-11 8.8632e-01 1.9778e+03 2.0723e+03 2.0775e+03 9.2618e+18 9.7247e+18 9.6884e+18 2.2353e-02 3.1672e-04 2.2920e+05 4.8922e+04
2.3300e+03 1.0090e-11 8.8506e-01 1.9775e+03 2.0721e+03 2.0773e+03 9.2842e+18 9.7429e+18 9.7010e+18 2.2328e-02 3.2490e-04 2.2943e+05 4.8627e+04
2.3400e+03 1.0064e-11 8.8380e-01 1.9773e+03 2.0718e+03 2.0772e+03 9.3067e+18 9.7613e+18 9.7139e+18 2.2302e-02 3.3299e-04 2.2966e+05 4.8346e+04
2.3500e+03 1.0038e-11 8.8256e-01 1.9770e+03 2.0716e+03 2.0770e+03 9.3293e+18 9.7800e+18 9.7272e+18 2.2277e-02 3.4097e-04 2.2988e+05 4.8077e+04
2.3600e+03 1.0013e-11 8.8133e-01 1.9768e+03 2.0713e+03 2.0769e+03 9.3521e+18 9.7989e+18 9.7408e+18 2.2252e-02 3.4884e-04 2.3011e+05 4.7820e+04
2.3700e+03 9.9879e-12 8.8011e-01 1.9766e+03 2.0711e+03 2.0767e+03 9.3750e+18 9.8180e+18 9.7548e+18 2.2226e-02 3.5660e-04 2.3034e+05 4.7575e+04
2.3800e+03 9.9628e-12 8.7891e-01 1.9763e+03 2.0708e+03 2.0766e+03 9.3980e+18 9.8374e+18 9.7691e+18 2.2201e-02 3.6423e-04 2.3057e+05 4.7341e+04
2.3900e+03 9.9379e-12 8.7772e-01 1.9761e+03 2.0706e+03 2.0764e+03 9.4212e+18 9.8570e+18 9.7837e+18 2.2176e-02 3.7175e-04 2.3081e+05 4.7117e+04
2.4000e+03 9.9131e-12 8.7654e-01 1.9758e+03 2.0703e+03 2.0762e+03 9.4445e+18 9.8768e+18 9.7986e+18 2.2150e-02 3.7913e-04 2.3104e+05 4.6903e+04
2.4100e+03 9.8885e-12 8.7537e-01 1.9756e+03 2.0700e+03 2.0760e+03 9.4679e+18 9.8969e+18 9.8139e+18 2.2124e-02 3.8640e-04 2.3127e+05 4.6698e+04
2.4200e+03 9.8640e-12 8.7422e-01 1.9753e+03 2.0698e+03 2.0759e+03 9.4914e+18 9.9172e+18 9.8295e+18 2.2099e-02 3.9353e-04 2.3151e+05 4.6503e+04
2.4300e+03 9.8397e-12 8.7308e-01 1.9751e+03 2.0695e+03 2.0757e+03 9.5151e+18 9.9377e+18 9.8454e+18 2.2073e-02 4.0054e-04 2.3174e+05 4.6316e+04
2.4400e+03 9.8155e-12 8.7195e-01 1.9749e+03 2.0692e+03 2.0755e+03 9.5390e+18 9.9585e+18 9.8616e+18 2.2047e-02 4.0742e-04 2.3198e+05 4.6137e+04
2.4500e+03 9.7915e-12 8.7083e-01 1.9746e+03 2.0690e+03 2.0753e+03 9.5629e+18 9.9794e+18 9.8782e+18 2.2022e-02 4.1417e-04 2.3222e+05 4.5966e+04
2.4600e+03 9.7676e-12 8.6973e-01 1.9744e+03 2.0687e+03 2.0751e+03 9.5870e+18 1.0001e+19 9.8950e+18 2.1996e-02 4.2079e-04 2.3246e+05 4.5802e+04
2.4700e+03 9.7438e-12 8.6863e-01 1.9741e+03 2.0684e+03 2.0749e+03 9.6112e+18 1.0022e+19 9.9121e+18 2.1970e-02 4.2728e-04 2.3270e+05 4.5645e+04
2.4800e+03 9.7202e-12 8.6755e-01 1.9739e+03 2.0682e+03 2.0747e+03 9.6356e+18 1.0044e+19 9.9296e+18 2.1944e-02 4.3364e-04 2.3294e+05 4.5495e+04
2.4900e+03 9.6967e-12 8.6648e-01 1.9736e+03 2.0679e+03 2.0745e+03 9.6601e+18 1.0066e+19 9.9473e+18 2.1918e-02 4.3988e-04 2.3318e+05 4.5351e+04
2.5000e+03 9.6734e-12 8.6543e-01 1.9734e+03 2.0676e+03 2.0743e+03 9.6847e+18 1.0088e+19 9.9653e+18 2.1892e-02 4.4600e-04 2.3342e+05 4.5213e+04
2.5100e+03 9.6502e-12 8.6438e-01 1.9731e+03 2.0673e+03 2.0741e+03 9.7095e+18 1.0110e+19 9.9836e+18 2.1866e-02 4.5199e-04 2.3367e+05 4.5081e+04
2.5200e+03 9.6271e-12 8.6335e-01 1.9729e+03 2.0671e+03 2.0739e+03 9.7344e+18 1.0132e+19 1.0002e+19 2.1840e-02 4.5785e-04 2.3391e+05 4.4955e+04
2.5300e+03 9.6042e-12 8.6232e-01 1.9726e+03 2.0668e+03 2.0737e+03 9.7595e+18 1.0155e+19 1.0021e+19 2.1814e-02 4.6360e-04 2.3416e+05 4.4833e+04
2.5400e+03 9.5814e-12 8.6131e-01 1.9724e+03 2.0665e+03 2.0735e+03 9.7847e+18 1.0178e+19 1.0040e+19 2.1787e-02 4.6923e-04 2.3440e+05 4.4717e+04
2.5500e+03 9.5588e-12 8.6031e-01 1.9721e+03 2.0662e+03 2.0733e+03 9.8100e+18 1.0201e+19 1.0060e+19 2.1761e-02 4.7473e-04 2.3465e+05 4.4606e+04
2.5600e+03 9.5362e-12 8.5932e-01 1.9718e+03 2.0659e+03 2.0731e+03 9.8355e+18 1.0224e+19 1.0079e+19 2.1735e-02 4.8013e-04 2.3490e+05 4.4499e+04
2.5700e+03 9.5138e-12 8.5834e-01 1.9716e+03 2.0657e+03 2.0728e+03 9.8611e+18 1.0248e+19 1.0099e+19 2.1708e-02 4.8541e-04 2.3515e+05 4.4397e+04
2.5800e+03 9.4916e-12 8.5738e-01 1.9713e+03 2.0654e+03 2.0726e+03 9.8868e+18 1.0272e+19 1.0120e+19 2.1682e-02 4.9058e-04 2.3540e+05 4.4299e+04
2.5900e+03 9.4694e-12 8.5642e-01 1.9711e+03 2.0651e+03 2.0724e+03 9.9127e+18 1.0296e+19 1.0140e+19 2.1656e-02 4.9563e-04 2.3565e+05 4.4205e+04
2.6000e+03 9.4474e-12 8.5547e-01 1.9708e+03 2.0648e+03 2.0722e+03 9.9388e+18 1.0320e+19 1.0161e+19 2.1629e-02 5.0059e-04 2.3591e+05 4.4115e+04
2.6100e+03 9.4255e-12 8.5454e-01 1.9706e+03 2.0645e+03 2.0719e+03 9.9649e+18 1.0344e+19 1.0182e+19 2.1603e-02 5.0543e-04 2.3616e+05 4.4028e+04
2.6200e+03 9.4038e-12 8.5362e-01 1.9703e+03 2.0642e+03 2.0717e+03 9.9913e+18 1.0369e+19 1.0203e+19 2.1576e-02 5.1017e-04 2.3641e+05 4.3945e+04
2.6300e+03 9.3821e-12 8.5270e-01 1.9700e+03 2.0639e+03 2.0715e+03 1.0018e+19 1.0394e+19 1.0224e+19 2.1550e-02 5.1481e-04 2.3667e+05 4.3866e+04
2.6400e+03 9.3606e-12 8.5180e-01 1.9698e+03 2.0636e+03 2.0712e+03 1.0044e+19 1.0419e+19 1.0246e+19 2.1523e-02 5.1935e-04 2.3693e+05 4.3789e+04
2.6500e+03 9.3392e-12 8.5091e-01 1.9695e+03 2.0633e+03 2.0710e+03 1.0071e+19 1.0444e+19 1.0268e+19 2.1496e-02 5.2380e-04 2.3718e+05 4.3716e+04
2.6600e+03 9.3180e-12 8.5002e-01 1.9693e+03 2.0631e+03 2.0707e+03 1.0098e+19 1.0469e+19 1.0290e+19 2.1470e-02 5.2815e-04 2.3744e+05 4.3646e+04
2.6700e+03 9.2968e-12 8.4915e-01 1.9690e+03 2.0628e+03 2.0705e+03 1.0125e+19 1.0495e+19 1.0313e+19 2.1443e-02 5.3240e-04 2.3770e+05 4.3579e+04
2.6800e+03 9.2758e-12 8.4829e-01 1.9687e+03 2.0625e+03 2.0702e+03 1.0152e+19 1.0520e+19 1.0336e+19 2.1416e-02 5.3656e-04 2.3796e+05 4.3514e+04
2.6900e+03 9.2549e-12 8.4744e-01 1.9685e+03 2.0622e+03 2.0700e+03 1.0180e+19 1.0546e+19 1.0359e+19 2.1389e-02 5.4064e-04 2.3822e+05 4.3452e+04
2.7000e+03 9.2341e-12 8.4660e-01 1.9682e+03 2.0619e+03 2.0698e+03 1.0207e+19 1.0572e+19 1.0382e+19 2.1362e-02 5.4462e-04 2.3849e+05 4.3393e+04
2.7100e+03 9.2134e-12 8.4577e-01 1.9679e+03 2.0616e+03 2.0695e+03 1.0235e+19 1.0599e+19 1.0405e+19 2.1336e-02 5.4852e-04 2.3875e+05 4.3336e+04
2.7200e+03 9.1928e-12 8.4494e-01 1.9677e+03 2.0613e+03 2.0692e+03 1.0262e+19 1.0625e+19 1.0429e+19 2.1309e-02 5.5234e-04 2.3901e+05 4.3282e+04
2.7300e+03 9.1724e-12 8.4413e-01 1.9674e+03 2.0610e+03 2.0690e+03 1.0290e+19 1.0652e+19 1.0453e+19 2.1282e-02 5.5607e-04 2.3928e+05 4.3229e+04
2.7400e+03 9.1521e-12 8.4333e-01 1.9672e+03 2.0607e+03 2.0687e+03 1.0318e+19 1.0679e+19 1.0477e+19 2.1255e-02 5.5972e-04 2.3954e+05 4.3180e+04
2.7500e+03 9.1318e-12 8.4254e-01 1.9669e+03 2.0604e+03 2.0685e+03 1.0347e+19 1.0706e+19 1.0501e+19 2.1228e-02 5.6329e-04 2.3981e+05 4.3132e+04
2.7600e+03 9.1117e-12 8.4175e-01 1.9666e+03 2.0601e+03 2.0682e+03 1.0375e+19 1.0733e+19 1.0525e+19 2.1201e-02 5.6679e-04 2.4008e+05 4.3086e+04
2.7700e+03 9.0917e-12 8.4098e-01 1.9664e+03 2.0598e+03 2.0680e+03 1.0403e+19 1.0761e+19 1.0550e+19 2.1174e-02 5.7021e-04 2.4035e+05 4.3042e+04
2.7800e+03 9.0718e-12 8.4021e-01 1.9661e+03 2.0595e+03 2.0677e+03 1.0432e+19 1.0788e+19 1.0575e+19 2.1147e-02 5.7356e-04 2.4062e+05 4.3000e+04
2.7900e+03 9.0521e-12 8.3946e-01 1.9658e+03 2.0592e+03 2.0674e+03 1.0461e+19 1.0816e+19 1.0600e+19 2.1119e-02 5.7683e-04 2.4089e+05 4.2960e+04
2.8000e+03 9.0324e-12 8.3871e-01 1.9655e+03 2.0589e+03 2.0672e+03 1.0490e+19 1.0844e+19 1.0626e+19 2.1092e-02 5.8003e-04 2.4116e+05 4.2922e+04
2.8100e+03 9.0128e-12 8.3797e-01 1.9653e+03 2.0586e+03 2.0669e+03 1.0519e+19 1.0872e+19 1.0651e+19 2.1065e-02 5.8317e-04 2.4143e+05 4.2886e+04
2.8200e+03 8.9934e-12 8.3724e-01 1.9650e+03 2.0583e+03 2.0666e+03 1.0548e+19 1.0901e+19 1.0677e+19 2.1038e-02 5.8623e-04 2.4171e+05 4.2851e+04
2.8300e+03 8.9740e-12 8.3652e-01 1.9647e+03 2.0579e+03 2.0664e+03 1.0578e+19 1.0929e+19 1.0703e+19 2.1011e-02 5.8923e-04 2.4198e+05 4.2818e+04
2.8400e+03 8.9548e-12 8.3581e-01 1.9645e+03 2.0576e+03 2.0661e+03 1.0607e+19 1.0958e+19 1.0729e+19 2.0984e-02 5.9216e-04 2.4226e+05 4.2786e+04
2.8500e+03 8.9356e-12 8.3511e-01 1.9642e+03 2.0573e+03 2.0658e+03 1.0637e+19 1.0987e+19 1.0756e+19 2.0956e-02 5.9503e-04 2.4253e+05 4.2756e+04
2.8600e+03 8.9166e-12 8.3442e-01 1.9639e+03 2.0570e+03 2.0655e+03 1.0666e+19 1.1016e+19 1.0782e+19 2.0929e-02 5.9784e-04 2.4281e+05 4.2727e+04
2.8700e+03 8.8977e-12 8.3373e-01 1.9637e+03 2.0567e+03 2.0653e+03 1.0696e+19 1.1045e+19 1.0809e+19 2.0902e-02 6.0058e-04 2.4309e+05 4.2700e+04
2.8800e+03 8.8788e-12 8.3305e-01 1.9634e+03 2.0564e+03 2.0650e+03 1.0727e+19 1.1075e+19 1.0836e+19 2.0875e-02 6.0327e-04 2.4337e+05 4.2674e+04
2.8900e+03 8.8601e-12 8.3238e-01 1.9631e+03 2.0561e+03 2.0647e+03 1.0757e+19 1.1104e+19 1.0863e+19 2.0847e-02 6.0589e-04 2.4365e+05 4.2650e+04
2.9000e+03 8.8415e-12 8.3172e-01 1.9628e+03 2.0558e+03 2.0644e+03 1.0787e+19 1.1134e+19 1.0890e+19 2.0820e-02 6.0846e-04 2.4393e+05 4.2627e+04
2.9100e+03 8.8229e-12 8.3107e-01 1.9626e+03 2.0555e+03 2.0641e+03 1.0818e+19 1.1164e+19 1.0918e+19 2.0793e-02 6.1097e-04 2.4421e+05 4.2605e+04
2.9200e+03 8.8045e-12 8.3043e-01 1.9623e+03 2.0552e+03 2.0639e+03 1.0848e+19 1.1194e+19 1.0946e+19 2.0765e-02 6.1342e-04 2.4449e+05 4.2584e+04
2.9300e+03 8.7861e-12 8.2979e-01 1.9620e+03 2.0548e+03 2.0636e+03 1.0879e+19 1.1224e+19 1.0974e+19 2.0738e-02 6.1582e-04 2.4477e+05 4.2565e+04
2.9400e+03 8.7679e-12 8.2916e-01 1.9617e+03 2.0545e+03 2.0633e+03 1.0910e+19 1.1255e+19 1.1002e+19 2.0710e-02 6.1817e-04 2.4506e+05 4.2546e+04
2.9500e+03 8.7497e-12 8.2854e-01 1.9615e+03 2.0542e+03 2.0630e+03 1.0941e+19 1.1285e+19 1.1030e+19 2.0683e-02 6.2046e-04 2.4534e+05 4.2529e+04
2.9600e+03 8.7317e-12 8.2793e-01 1.9612e+03 2.0539e+03 2.0627e+03 1.0972e+19 1.1316e+19 1.1059e+19 2.0656e-02 6.2270e-04 2.4563e+05 4.2513e+04
2.9700e+03 8.7137e-12 8.2732e-01 1.9609e+03 2.0536e+03 2.0624e+03 1.1004e+19 1.1347e+19 1.1087e+19 2.0628e-02 6.2489e-04 2.4591e+05 4.2498e+04
2.9800e+03 8.6959e-12 8.2672e-01 1.9606e+03 2.0533e+03 2.0622e+03 1.1035e+19 1.1378e+19 1.1116e+19 2.0601e-02 6.2703e-04 2.4620e+05 4.2484e+04
2.9900e+03 8.6781e-12 8.2613e-01 1.9604e+03 2.0530e+03 2.0619e+03 1.1067e+19 1.1410e+19 1.1145e+19 2.0574e-02 6.2912e-04 2.4649e+05 4.2471e+04
3.0000e+03 8.6604e-12 8.2555e-01 1.9601e+03 2.0526e+03 2.0616e+03 1.1099e+19 1.1441e+19 1.1175e+19 2.0546e-02 6.3117e-04 2.4677e+05 4.2459e+04
3.0100e+03 8.6428e-12 8.2497e-01 1.9598e+03 2.0523e+03 2.0613e+03 1.1131e+19 1.1473e+19 1.1204e+19 2.0519e-02 6.3317e-04 2.4706e+05 4.2448e+04
3.0200e+03 8.6253e-12 8.2441e-01 1.9595e+03 2.0520e+03 2.0610e+03 1.1163e+19 1.1504e+19 1.1234e+19 2.0491e-02 6.3512e-04 2.4735e+05 4.2438e+04
3.0300e+03 8.6079e-12 8.2384e-01 1.9593e+03 2.0517e+03 2.0607e+03 1.1195e+19 1.1536e+19 1.1263e+19 2.0464e-02 6.3702e-04 2.4764e+05 4.2429e+04
3.0400e+03 8.5906e-12 8.2329e-01 1.9590e+03 2.0514e+03 2.0604e+03 1.1227e+19 1.1569e+19 1.1293e+19 2.0436e-02 6.3888e-04 2.4794e+05 4.2421e+04
3.0500e+03 8.5734e-12 8.2274e-01 1.9587e+03 2.0510e+03 2.0601e+03 1.1260e+19 1.1601e+19 1.1324e+19 2.0409e-02 6.4070e-04 2.4823e+05 4.2414e+04
3.0600e+03 8.5562e-12 8.2220e-01 1.9584e+03 2.0507e+03 2.0598e+03 1.1292e+19 1.1633e+19 1.1354e+19 2.0382e-02 6.4247e-04 2.4852e+05 4.2407e+04
3.0700e+03 8.5392e-12 8.2167e-01 1.9581e+03 2.0504e+03 2.0595e+03 1.1325e+19 1.1666e+19 1.1384e+19 2.0354e-02 6.4420e-04 2.4881e+05 4.2402e+04
3.0800e+03 8.5222e-12 8.2114e-01 1.9579e+03 2.0501e+03 2.0592e+03 1.1358e+19 1.1699e+19 1.1415e+19 2.0327e-02 6.4589e-04 2.4911e+05 4.2397e+04
3.0900e+03 8.5053e-12 8.2062e-01 1.9576e+03 2.0498e+03 2.0589e+03 1.1391e+19 1.1732e+19 1.1446e+19 2.0299e-02 6.4754e-04 2.4940e+05 4.2393e+04
3.1000e+03 8.4885e-12 8.2011e-01 1.9573e+03 2.0494e+03 2.0586e+03 1.1424e+19 1.1765e+19 1.1477e+19 2.0272e-02 6.4915e-04 2.4970e+05 4.2390e+04
3.1100e+03 8.4718e-12 8.1960e-01 1.9570e+03 2.0491e+03 2.0583e+03 1.1458e+19 1.1798e+19 1.1508e+19 2.0245e-02 6.5072e-04 2.5000e+05 4.2387e+04
3.1200e+03 8.4552e-12 8.1910e-01 1.9567e+03 2.0488e+03 2.0580e+03 1.1491e+19 1.1831e+19 1.1539e+19 2.0217e-02 6.5225e-04 2.5029e+05 4.2385e+04
3.1300e+03 8.4386e-12 8.1860e-01 1.9565e+03 2.0485e+03 2.0577e+03 1.1525e+19 1.1865e+19 1.1571e+19 2.0190e-02 6.5374e-04 2.5059e+05 4.2384e+04
3.1400e+03 8.4222e-12 8.1812e-01 1.9562e+03 2.0482e+03 2.0574e+03 1.1558e+19 1.1899e+19 1.1602e+19 2.0162e-02 6.5519e-04 2.5089e+05 4.2384e+04
3.1500e+03 8.4058e-12 8.1763e-01 1.9559e+03 2.0478e+03 2.0571e+03 1.1592e+19 1.1932e+19 1.1634e+19 2.0135e-02 6.5661e-04 2.5119e+05 4.2384e+04
3.1600e+03 8.3895e-12 8.1716e-01 1.9556e+03 2.0475e+03 2.0568e+03 1.1626e+19 1.1966e+19 1.1666e+19 2.0108e-02 6.5799e-04 2.5149e+05 4.2385e+04
3.1700e+03 8.3733e-12 8.1669e-01 1.9553e+03 2.0472e+03 2.0565e+03 1.1660e+19 1.2001e+19 1.1699e+19 2.0080e-02 6.5933e-04 2.5179e+05 4.2387e+04
3.1800e+03 8.3571e-12 8.1623e-01 1.9551e+03 2.0469e+03 2.0562e+03 1.1695e+19 1.2035e+19 1.1731e+19 2.0053e-02 6.6064e-04 2.5209e+05 4.2390e+04
3.1900e+03 8.3411e-12 8.1577e-01 1.9548e+03 2.0465e+03 2.0559e+03 1.1729e+19 1.2069e+19 1.1763e+19 2.0026e-02 6.6192e-04 2.5239e+05 4.2393e+04
3.2000e+03 8.3251e-12 8.1532e-01 1.9545e+03 2.0462e+03 2.0556e+03 1.1764e+19 1.2104e+19 1.1796e+19 1.9999e-02 6.6316e-04 2.5269e+05 4.2396e+04
3.2100e+03 8.3092e-12 8.1487e-01 1.9542e+03 2.0459e+03 2.0553e+03 1.1798e+19 1.2139e+19 1.1829e+19 1.9971e-02 6.6437e-04 2.5300e+05 4.2400e+04
3.2200e+03 8.2934e-12 8.1443e-01 1.9539e+03 2.0456e+03 2.0550e+03 1.1833e+19 1.2174e+19 1.1862e+19 1.9944e-02 6.6554e-04 2.5330e+05 4.2405e+04
3.2300e+03 8.2776e-12 8.1400e-01 1.9536e+03 2.0453e+03 2.0547e+03 1.1868e+19 1.2209e+19 1.1895e+19 1.9917e-02 6.6669e-04 2.5360e+05 4.2411e+04
3.2400e+03 8.2620e-12 8.1357e-01 1.9534e+03 2.0449e+03 2.0544e+03 1.1903e+19 1.2244e+19 1.1928e+19 1.9889e-02 6.6780e-04 2.5391e+05 4.2417e+04
3.2500e+03 8.2464e-12 8.1314e-01 1.9531e+03 2.0446e+03 2.0541e+03 1.1938e+19 1.2279e+19 1.1962e+19 1.9862e-02 6.6888e-04 2.5421e+05 4.2423e+04
3.2600e+03 8.2308e-12 8.1273e-01 1.9528e+03 2.0443e+03 2.0538e+03 1.1974e+19 1.2315e+19 1.1995e+19 1.9835e-02 6.6992e-04 2.5452e+05 4.2430e+04
3.2700e+03 8.2154e-12 8.1231e-01 1.9525e+03 2.0440e+03 2.0534e+03 1.2009e+19 1.2351e+19 1.2029e+19 1.9808e-02 6.7094e-04 2.5483e+05 4.2438e+04
3.2800e+03 8.2000e-12 8.1191e-01 1.9522e+03 2.0436e+03 2.0531e+03 1.2045e+19 1.2387e+19 1.2063e+19 1.9781e-02 6.7193e-04 2.5513e+05 4.2446e+04
3.2900e+03 8.1847e-12 8.1151e-01 1.9520e+03 2.0433e+03 2.0528e+03 1.2080e+19 1.2423e+19 1.2097e+19 1.9754e-02 6.7289e-04 2.5544e+05 4.2455e+04
3.3000e+03 8.1695e-12 8.1111e-01 1.9517e+03 2.0430e+03 2.0525e+03 1.2116e+19 1.2459e+19 1.2131e+19 1.9726e-02 6.7382e-04 2.5575e+05 4.2464e+04
3.3100e+03 8.1543e-12 8.1072e-01 1.9514e+03 2.0427e+03 2.0522e+03 1.2152e+19 1.2495e+19 1.2166e+19 1.9699e-02 6.7472e-04 2.5606e+05 4.2474e+04
3.3200e+03 8.1393e-12 8.1033e-01 1.9511e+03 2.0423e+03 2.0519e+03 1.2188e+19 1.2531e+19 1.2200e+19 1.9672e-02 6.7560e-04 2.5637e+05 4.2484e+04
3.3300e+03 8.1243e-12 8.0995e-01 1.9508e+03 2.0420e+03 2.0516e+03 1.2225e+19 1.2568e+19 1.2235e+19 1.9645e-02 6.7644e-04 2.5668e+05 4.2495e+04
3.3400e+03 8.1093e-12 8.0958e-01 1.9505e+03 2.0417e+03 2.0513e+03 1.2261e+19 1.2605e+19 1.2270e+19 1.9618e-02 6.7726e-04 2.5699e+05 4.2506e+04
3.3500e+03 8.0945e-12 8.0921e-01 1.9503e+03 2.0413e+03 2.0510e+03 1.2297e+19 1.2641e+19 1.2305e+19 1.9591e-02 6.7805e-04 2.5730e+05 4.2517e+04
3.3600e+03 8.0797e-12 8.0884e-01 1.9500e+03 2.0410e+03 2.0506e+03 1.2334e+19 1.2678e+19 1.2340e+19 1.9564e-02 6.7882e-04 2.5761e+05 4.2529e+04
3.3700e+03 8.0649e-12 8.0848e-01 1.9497e+03 2.0407e+03 2.0503e+03 1.2371e+19 1.2716e+19 1.2376e+19 1.9537e-02 6.7956e-04 2.5792e+05 4.2542e+04
3.3800e+03 8.0503e-12 8.0812e-01 1.9494e+03 2.0404e+03 2.0500e+03 1.2408e+19 1.2753e+19 1.2411e+19 1.9510e-02 6.8027e-04 2.5823e+05 4.2555e+04
3.3900e+03 8.0357e-12 8.0777e-01 1.9491e+03 2.0400e+03 2.0497e+03 1.2445e+19 1.2790e+19 1.2447e+19 1.9483e-02 6.8096e-04 2.5855e+05 4.2568e+04
3.4000e+03 8.0211e-12 8.0743e-01 1.9488e+03 2.0397e+03 2.0494e+03 1.2482e+19 1.2828e+19 1.2482e+19 1.9457e-02 6.8163e-04 2.5886e+05 4.2582e+04
3.4100e+03 8.0067e-12 8.0708e-01 1.9486e+03 2.0394e+03 2.0491e+03 1.2519e+19 1.2866e+19 1.2518e+19 1.9430e-02 6.8227e-04 2.5917e+05 4.2596e+04
3.4200e+03 7.9923e-12 8.0675e-01 1.9483e+03 2.0391e+03 2.0488e+03 1.2556e+19 1.2904e+19 1.2554e+19 1.9403e-02 6.8289e-04 2.5949e+05 4.2611e+04
3.4300e+03 7.9780e-12 8.0641e-01 1.9480e+03 2.0387e+03 2.0484e+03 1.2594e+19 1.2942e+19 1.2591e+19 1.9376e-02 6.8348e-04 2.5980e+05 4.2626e+04
3.4400e+03 7.9637e-12 8.0609e-01 1.9477e+03 2.0384e+03 2.0481e+03 1.2632e+19 1.2980e+19 1.2627e+19 1.9349e-02 6.8405e-04 2.6012e+05 4.2641e+04
3.4500e+03 7.9495e-12 8.0576e-01 1.9474e+03 2.0381e+03 2.0478e+03 1.2669e+19 1.3018e+19 1.2664e+19 1.9323e-02 6.8460e-04 2.6043e+05 4.2657e+04
3.4600e+03 7.9354e-12 8.0544e-01 1.9472e+03 2.0378e+03 2.0475e+03 1.2707e+19 1.3056e+19 1.2700e+19 1.9296e-02 6.8512e-04 2.6075e+05 4.2674e+04
3.4700e+03 7.9213e-12 8.0513e-01 1.9469e+03 2.0374e+03 2.0472e+03 1.2745e+19 1.3095e+19 1.2737e+19 1.9269e-02 6.8563e-04 2.6107e+05 4.2690e+04
3.4800e+03 7.9073e-12 8.0482e-01 1.9466e+03 2.0371e+03 2.0469e+03 1.2783e+19 1.3134e+19 1.2774e+19 1.9243e-02 6.8611e-04 2.6139e+05 4.2707e+04
3.4900e+03 7.8934e-12 8.0451e-01 1.9463e+03 2.0368e+03 2.0466e+03 1.2822e+19 1.3172e+19 1.2811e+19 1.9216e-02 6.8657e-04 2.6170e+05 4.2724e+04
3.5000e+03 7.8795e-12 8.0421e-01 1.9460e+03 2.0364e+03 2.0462e+03 1.2860e+19 1.3211e+19 1.2848e+19 1.9190e-02 6.8701e-04 2.6202e+05 4.2742e+04
3.5100e+03 7.8657e-12 8.0391e-01 1.9457e+03 2.0361e+03 2.0459e+03 1.2899e+19 1.3251e+19 1.2886e+19 1.9163e-02 6.8742e-04 2.6234e+05 4.2760e+04
3.5200e+03 7.8519e-12 8.0361e-01 1.9455e+03 2.0358e+03 2.0456e+03 1.2937e+19 1.3290e+19 1.2923e+19 1.9137e-02 6.8782e-04 2.6266e+05 4.2778e+04
3.5300e+03 7.8382e-12 8.0332e-01 1.9452e+03 2.0355e+03 2.0453e+03 1.2976e+19 1.3329e+19 1.2961e+19 1.9110e-02 6.8820e-04 2.6298e+05 4.2797e+04
3.5400e+03 7.8246e-12 8.0304e-01 1.9449e+03 2.0351e+03 2.0450e+03 1.3015e+19 1.3369e+19 1.2999e+19 1.9084e-02 6.8856e-04 2.6330e+05 4.2816e+04
3.5500e+03 7.8110e-12 8.0275e-01 1.9446e+03 2.0348e+03 2.0446e+03 1.3054e+19 1.3408e+19 1.3037e+19 1.9057e-02 6.8890e-04 2.6362e+05 4.2835e+04
3.5600e+03 7.7975e-12 8.0248e-01 1.9443e+03 2.0345e+03 2.0443e+03 1.3093e+19 1.3448e+19 1.3075e+19 1.9031e-02 6.8922e-04 2.6394e+05 4.2855e+04
3.5700e+03 7.7841e-12 8.0220e-01 1.9440e+03 2.0342e+03 2.0440e+03 1.3132e+19 1.3488e+19 1.3113e+19 1.9005e-02 6.8952e-04 2.6426e+05 4.2875e+04
3.5800e+03 7.7707e-12 8.0193e-01 1.9438e+03 2.0338e+03 2.0437e+03 1.3172e+19 1.3528e+19 1.3151e+19 1.8978e-02 6.8980e-04 2.6458e+05 4.2895e+04
3.5900e+03 7.7573e-12 8.0166e-01 1.9435e+03 2.0335e+03 2.0434e+03 1.3211e+19 1.3568e+19 1.3190e+19 1.8952e-02 6.9006e-04 2.6490e+05 4.2916e+04
3.6000e+03 7.7441e-12 8.0140e-01 1.9432e+03 2.0332e+03 2.0431e+03 1.3251e+19 1.3609e+19 1.3229e+19 1.8926e-02 6.9031e-04 2.6523e+05 4.2937e+04
3.6100e+03 7.7308e-12 8.0114e-01 1.9429e+03 2.0329e+03 2.0427e+03 1.3290e+19 1.3649e+19 1.3267e+19 1.8900e-02 6.9054e-04 2.6555e+05 4.2958e+04
3.6200e+03 7.7177e-12 8.0089e-01 1.9426e+03 2.0325e+03 2.0424e+03 1.3330e+19 1.3690e+19 1.3306e+19 1.8873e-02 6.9075e-04 2.6587e+05 4.2980e+04
3.6300e+03 7.7046e-12 8.0063e-01 1.9424e+03 2.0322e+03 2.0421e+03 1.3370e+19 1.3730e+19 1.3345e+19 1.8847e-02 6.9094e-04 2.6620e+05 4.3002e+04
3.6400e+03 7.6915e-12 8.0038e-01 1.9421e+03 2.0319e+03 2.0418e+03 1.3410e+19 1.3771e+19 1.3385e+19 1.8821e-02 6.9112e-04 2.6652e+05 4.3024e+04
3.6500e+03 7.6785e-12 8.0014e-01 1.9418e+03 2.0315e+03 2.0415e+03 1.3450e+19 1.3812e+19 1.3424e+19 1.8795e-02 6.9128e-04 2.6684e+05 4.3046e+04
3.6600e+03 7.6656e-12 7.9990e-01 1.9415e+03 2.0312e+03 2.0411e+03 1.3491e+19 1.3853e+19 1.3463e+19 1.8769e-02 6.9142e-04 2.6717e+05 4.3069e+04
3.6700e+03 7.6527e-12 7.9966e-01 1.9412e+03 2.0309e+03 2.0408e+03 1.3531e+19 1.3895e+19 1.3503e+19 1.8743e-02 6.9155e-04 2.6749e+05 4.3092e+04
3.6800e+03 7.6399e-12 7.9942e-01 1.9410e+03 2.0306e+03 2.0405e+03 1.3572e+19 1.3936e+19 1.3543e+19 1.8717e-02 6.9166e-04 2.6782e+05 4.3115e+04
3.6900e+03 7.6271e-12 7.9919e-01 1.9407e+03 2.0302e+03 2.0402e+03 1.3612e+19 1.3978e+19 1.3583e+19 1.8692e-02 6.9176e-04 2.6814e+05 4.3138e+04
3.7000e+03 7.6144e-12 7.9896e-01 1.9404e+03 2.0299e+03 2.0399e+03 1.3653e+19 1.4019e+19 1.3623e+19 1.8666e-02 6.9184e-04 2.6847e+05 4.3162e+04
3.7100e+03 7.6018e-12 7.9874e-01 1.9401e+03 2.0296e+03 2.0396e+03 1.3694e+19 1.4061e+19 1.3663e+19 1.8640e-02 6.9190e-04 2.6880e+05 4.3186e+04
3.7200e+03 7.5891e-12 7.9852e-01 1.9398e+03 2.0293e+03 2.0392e+03 1.3735e+19 1.4103e+19 1.3703e+19 1.8614e-02 6.9195e-04 2.6912e+05 4.3210e+04
3.7300e+03 7.5766e-12 7.9830e-01 1.9396e+03 2.0289e+03 2.0389e+03 1.3776e+19 1.4145e+19 1.3744e+19 1.8588e-02 6.9199e-04 2.6945e+05 4.3234e+04
3.7400e+03 7.5641e-12 7.9808e-01 1.9393e+03 2.0286e+03 2.0386e+03 1.3818e+19 1.4187e+19 1.3784e+19 1.8563e-02 6.9201e-04 2.6978e+05 4.3259e+04
3.7500e+03 7.5516e-12 7.9787e-01 1.9390e+03 2.0283e+03 2.0383e+03 1.3859e+19 1.4230e+19 1.3825e+19 1.8537e-02 6.9202e-04 2.7011e+05 4.3284e+04
3.7600e+03 7.5392e-12 7.9766e-01 1.9387e+03 2.0280e+03 2.0380e+03 1.3901e+19 1.4272e+19 1.3866e+19 1.8512e-02 6.9201e-04 2.7043e+05 4.3309e+04
3.7700e+03 7.5269e-12 7.9746e-01 1.9384e+03 2.0276e+03 2.0376e+03 1.3942e+19 1.4315e+19 1.3907e+19 1.8486e-02 6.9199e-04 2.7076e+05 4.3335e+04
3.7800e+03 7.5146e-12 7.9725e-01 1.9382e+03 2.0273e+03 2.0373e+03 1.3984e+19 1.4357e+19 1.3948e+19 1.8460e-02 6.9196e-04 2.7109e+05 4.3360e+04
3.7900e+03 7.5023e-12 7.9705e-01 1.9379e+03 2.0270e+03 2.0370e+03 1.4026e+19 1.4400e+19 1.3989e+19 1.8435e-02 6.9191e-04 2.7142e+05 4.3386e+04
3.8000e+03 7.4901e-12 7.9685e-01 1.9376e+03 2.0267e+03 2.0367e+03 1.4068e+19 1.4443e+19 1.4030e+19 1.8410e-02 6.9185e-04 2.7175e+05 4.3412e+04
3.8100e+03 7.4780e-12 7.9666e-01 1.9373e+03 2.0263e+03 2.0364e+03 1.4110e+19 1.4486e+19 1.4072e+19 1.8384e-02 6.9178e-04 2.7208e+05 4.3438e+04
3.8200e+03 7.4659e-12 7.9647e-01 1.9370e+03 2.0260e+03 2.0360e+03 1.4152e+19 1.4529e+19 1.4114e+19 1.8359e-02 6.9170e-04 2.7241e+05 4.3465e+04
3.8300e+03 7.4539e-12 7.9628e-01 1.9368e+03 2.0257e+03 2.0357e+03 1.4194e+19 1.4573e+19 1.4155e+19 1.8334e-02 6.9160e-04 2.7274e+05 4.3492e+04
3.8400e+03 7.4419e-12 7.9609e-01 1.9365e+03 2.0254e+03 2.0354e+03 1.4237e+19 1.4616e+19 1.4197e+19 1.8308e-02 6.9149e-04 2.7307e+05 4.3518e+04
3.8500e+03 7.4299e-12 7.9591e-01 1.9362e+03 2.0250e+03 2.0351e+03 1.4279e+19 1.4660e+19 1.4239e+19 1.8283e-02 6.9137e-04 2.7340e+05 4.3546e+04
3.8600e+03 7.4180e-12 7.9573e-01 1.9359e+03 2.0247e+03 2.0348e+03 1.4322e+19 1.4703e+19 1.4281e+19 1.8258e-02 6.9124e-04 2.7373e+05 4.3573e+04
3.8700e+03 7.4061e-12 7.9555e-01 1.9357e+03 2.0244e+03 2.0344e+03 1.4365e+19 1.4747e+19 1.4324e+19 1.8233e-02 6.9109e-04 2.7406e+05 4.3600e+04
3.8800e+03 7.3943e-12 7.9538e-01 1.9354e+03 2.0241e+03 2.0341e+03 1.4408e+19 1.4791e+19 1.4366e+19 1.8208e-02 6.9093e-04 2.7439e+05 4.3628e+04
3.8900e+03 7.3826e-12 7.9521e-01 1.9351e+03 2.0238e+03 2.0338e+03 1.4451e+19 1.4835e+19 1.4409e+19 1.8183e-02 6.9077e-04 2.7473e+05 4.3656e+04
3.9000e+03 7.3709e-12 7.9504e-01 1.9348e+03 2.0234e+03 2.0335e+03 1.4494e+19 1.4879e+19 1.4451e+19 1.8158e-02 6.9059e-04 2.7506e+05 4.3684e+04
3.9100e+03 7.3592e-12 7.9487e-01 1.9345e+03 2.0231e+03 2.0332e+03 1.4537e+19 1.4924e+19 1.4494e+19 1.8133e-02 6.9040e-04 2.7539e+05 4.3713e+04
3.9200e+03 7.3476e-12 7.9471e-01 1.9343e+03 2.0228e+03 2.0329e+03 1.4580e+19 1.4968e+19 1.4537e+19 1.8108e-02 6.9020e-04 2.7572e+05 4.3741e+04
3.9300e+03 7.3360e-12 7.9454e-01 1.9340e+03 2.0225e+03 2.0325e+03 1.4624e+19 1.5013e+19 1.4580e+19 1.8083e-02 6.8999e-04 2.7606e+05 4.3770e+04
3.9400e+03 7.3245e-12 7.9439e-01 1.9337e+03 2.0221e+03 2.0322e+03 1.4667e+19 1.5058e+19 1.4623e+19 1.8058e-02 6.8976e-04 2.7639e+05 4.3799e+04
3.9500e+03 7.3130e-12 7.9423e-01 1.9334e+03 2.0218e+03 2.0319e+03 1.4711e+19 1.5102e+19 1.4667e+19 1.8034e-02 6.8953e-04 2.7672e+05 4.3828e+04
3.9600e+03 7.3016e-12 7.9407e-01 1.9332e+03 2.0215e+03 2.0316e+03 1.4755e+19 1.5147e+19 1.4710e+19 1.8009e-02 6.8929e-04 2.7706e+05 4.3857e+04
3.9700e+03 7.2902e-12 7.9392e-01 1.9329e+03 2.0212e+03 2.0313e+03 1.4799e+19 1.5192e+19 1.4754e+19 1.7984e-02 6.8904e-04 2.7739e+05 4.3886e+04
3.9800e+03 7.2788e-12 7.9377e-01 1.9326e+03 2.0209e+03 2.0309e+03 1.4843e+19 1.5238e+19 1.4797e+19 1.7960e-02 6.8878e-04 2.7772e+05 4.3916e+04
3.9900e+03 7.2675e-12 7.9363e-01 1.9323e+03 2.0205e+03 2.0306e+03 1.4887e+19 1.5283e+19 1.4841e+19 1.7935e-02 6.8851e-04 2.7806e+05 4.3945e+04
4.0000e+03 7.2562e-12 7.9348e-01 1.9321e+03 2.0202e+03 2.0303e+03 1.4931e+19 1.5328e+19 1.4885e+19 1.7911e-02 6.8823e-04 2.7839e+05 4.3975e+04
4.0100e+03 7.2450e-12 7.9334e-01 1.9318e+03 2.0199e+03 2.0300e+03 1.4976e+19 1.5374e+19 1.4929e+19 1.7886e-02 6.8794e-04 2.7873e+05 4.4005e+04
4.0200e+03 7.2339e-12 7.9320e-01 1.9315e+03 2.0196e+03 2.0297e+03 1.5020e+19 1.5420e+19 1.4973e+19 1.7862e-02 6.8764e-04 2.7906e+05 4.4036e+04
4.0300e+03 7.2227e-12 7.9306e-01 1.9312e+03 2.0193e+03 2.0294e+03 1.5065e+19 1.5465e+19 1.5018e+19 1.7837e-02 6.8734e-04 2.7940e+05 4.4066e+04
4.0400e+03 7.2116e-12 7.9292e-01 1.9310e+03 2.0189e+03 2.0290e+03 1.5109e+19 1.5511e+19 1.5062e+19 1.7813e-02 6.8702e-04 2.7974e+05 4.4096e+04
4.0500e+03 7.2006e-12 7.9279e-01 1.9307e+03 2.0186e+03 2.0287e+03 1.5154e+19 1.5557e+19 1.5107e+19 1.7789e-02 6.8670e-04 2.8007e+05 4.4127e+04
4.0600e+03 7.1896e-12 7.9266e-01 1.9304e+03 2.0183e+03 2.0284e+03 1.5199e+19 1.5604e+19 1.5151e+19 1.7764e-02 6.8636e-04 2.8041e+05 4.4158e+04
4.0700e+03 7.1786e-12 7.9253e-01 1.9302e+03 2.0180e+03 2.0281e+03 1.5244e+19 1.5650e+19 1.5196e+19 1.7740e-02 6.8602e-04 2.8074e+05 4.4189e+04
4.0800e+03 7.1677e-12 7.9240e-01 1.9299e+03 2.0177e+03 2.0278e+03 1.5289e+19 1.5696e+19 1.5241e+19 1.7716e-02 6.8567e-04 2.8108e+05 4.4220e+04
4.0900e+03 7.1568e-12 7.9228e-01 1.9296e+03 2.0174e+03 2.0275e+03 1.5335e+19 1.5743e+19 1.5286e+19 1.7692e-02 6.8532e-04 2.8142e+05 4.4251e+04
4.1000e+03 7.1460e-12 7.9215e-01 1.9293e+03 2.0170e+03 2.0271e+03 1.5380e+19 1.5790e+19 1.5331e+19 1.7668e-02 6.8495e-04 2.8175e+05 4.4283e+04
4.1100e+03 7.1352e-12 7.9203e-01 1.9291e+03 2.0167e+03 2.0268e+03 1.5425e+19 1.5836e+19 1.5377e+19 1.7644e-02 6.8458e-04 2.8209e+05 4.4314e+04
4.1200e+03 7.1244e-12 7.9191e-01 1.9288e+03 2.0164e+03 2.0265e+03 1.5471e+19 1.5883e+19 1.5422e+19 1.7620e-02 6.8420e-04 2.8243e+05 4.4346e+04
4.1300e+03 7.1137e-12 7.9180e-01 1.9285e+03 2.0161e+03 2.0262e+03 1.5517e+19 1.5930e+19 1.5468e+19 1.7596e-02 6.8381e-04 2.8277e+05 4.4378e+04
4.1400e+03 7.1030e-12 7.9168e-01 1.9283e+03 2.0158e+03 2.0259e+03 1.5563e+19 1.5977e+19 1.5513e+19 1.7572e-02 6.8342e-04 2.8310e+05 4.4410e+04
4.1500e+03 7.0924e-12 7.9157e-01 1.9280e+03 2.0154e+03 2.0256e+03 1.5608e+19 1.6025e+19 1.5559e+19 1.7548e-02 6.8301e-04 2.8344e+05 4.4442e+04
4.1600e+03 7.0818e-12 7.9146e-01 1.9277e+03 2.0151e+03 2.0252e+03 1.5654e+19 1.6072e+19 1.5605e+19 1.7525e-02 6.8260e-04 2.8378e+05 4.4474e+04
4.1700e+03 7.0712e-12 7.9135e-01 1.9274e+03 2.0148e+03 2.0249e+03 1.5701e+19 1.6120e+19 1.5651e+19 1.7501e-02 6.8219e-04 2.8412e+05 4.4506e+04
4.1800e+03 7.0607e-12 7.9124e-01 1.9272e+03 2.0145e+03 2.0246e+03 1.5747e+19 1.6167e+19 1.5697e+19 1.7477e-02 6.8177e-04 2.8446e+05 4.4539e+04
4.1900e+03 7.0502e-12 7.9113e-01 1.9269e+03 2.0142e+03 2.0243e+03 1.5793e+19 1.6215e+19 1.5744e+19 1.7454e-02 6.8134e-04 2.8480e+05 4.4571e+04
4.2000e+03 7.0397e-12 7.9103e-01 1.9266e+03 2.0139e+03 2.0240e+03 1.5840e+19 1.6263e+19 1.5790e+19 1.7430e-02 6.8090e-04 2.8513e+05 4.4604e+04
4.2100e+03 7.0293e-12 7.9093e-01 1.9264e+03 2.0136e+03 2.0237e+03 1.5886e+19 1.6311e+19 1.5837e+19 1.7406e-02 6.8046e-04 2.8547e+05 4.4637e+04
4.2200e+03 7.0190e-12 7.9083e-01 1.9261e+03 2.0132e+03 2.0234e+03 1.5933e+19 1.6359e+19 1.5883e+19 1.7383e-02 6.8001e-04 2.8581e+05 4.4670e+04
4.2300e+03 7.0086e-12 7.9073e-01 1.9258e+03 2.0129e+03 2.0231e+03 1.5980e+19 1.6407e+19 1.5930e+19 1.7360e-02 6.7955e-04 2.8615e+05 4.4703e+04
4.2400e+03 6.9983e-12 7.9063e-01 1.9256e+03 2.0126e+03 2.0227e+03 1.6027e+19 1.6456e+19 1.5977e+19 1.7336e-02 6.7909e-04 2.8649e+05 4.4736e+04
4.2500e+03 6.9881e-12 7.9054e-01 1.9253e+03 2.0123e+03 2.0224e+03 1.6074e+19 1.6504e+19 1.6024e+19 1.7313e-02 6.7862e-04 2.8683e+05 4.4770e+04
4.2600e+03 6.9778e-12 7.9044e-01 1.9250e+03 2.0120e+03 2.0221e+03 1.6121e+19 1.6553e+19 1.6071e+19 1.7290e-02 6.7815e-04 2.8717e+05 4.4803e+04
4.2700e+03 6.9676e-12 7.9035e-01 1.9248e+03 2.0117e+03 2.0218e+03 1.6168e+19 1.6601e+19 1.6118e+19 1.7266e-02 6.7767e-04 2.8751e+05 4.4837e+04
4.2800e+03 6.9575e-12 7.9026e-01 1.9245e+03 2.0114e+03 2.0215e+03 1.6215e+19 1.6650e+19 1.6166e+19 1.7243e-02 6.7719e-04 2.8785e+05 4.4870e+04
4.2900e+03 6.9474e-12 7.9017e-01 1.9242e+03 2.0110e+03 2.0212e+03 1.6263e+19 1.6699e+19 1.6213e+19 1.7220e-02 6.7670e-04 2.8819e+05 4.4904e+04
4.3000e+03 6.9373e-12 7.9009e-01 1.9240e+03 2.0107e+03 2.0209e+03 1.6310e+19 1.6748e+19 1.6261e+19 1.7197e-02 6.7620e-04 2.8853e+05 4.4938e+04
4.3100e+03 6.9272e-12 7.9000e-01 1.9237e+03 2.0104e+03 2.0205e+03 1.6358e+19 1.6797e+19 1.6309e+19 1.7174e-02 6.7570e-04 2.8887e+05 4.4972e+04
4.3200e+03 6.9172e-12 7.8992e-01 1.9234e+03 2.0101e+03 2.0202e+03 1.6406e+19 1.6846e+19 1.6357e+19 1.7151e-02 6.7520e-04 2.8922e+05 4.5006e+04
4.3300e+03 6.9073e-12 7.8984e-01 1.9232e+03 2.0098e+03 2.0199e+03 1.6454e+19 1.6896e+19 1.6405e+19 1.7128e-02 6.7468e-04 2.8956e+05 4.5040e+04
4.3400e+03 6.8973e-12 7.8975e-01 1.9229e+03 2.0095e+03 2.0196e+03 1.6502e+19 1.6945e+19 1.6453e+19 1.7105e-02 6.7417e-04 2.8990e+05 4.5075e+04
4.3500e+03 6.8874e-12 7.8968e-01 1.9226e+03 2.0092e+03 2.0193e+03 1.6550e+19 1.6995e+19 1.6501e+19 1.7082e-02 6.7365e-04 2.9024e+05 4.5109e+04
4.3600e+03 6.8775e-12 7.8960e-01 1.9224e+03 2.0089e+03 2.0190e+03 1.6598e+19 1.7045e+19 1.6549e+19 1.7059e-02 6.7312e-04 2.9058e+05 4.5144e+04
4.3700e+03 6.8677e-12 7.8952e-01 1.9221e+03 2.0086e+03 2.0187e+03 1.6646e+19 1.7095e+19 1.6598e+19 1.7037e-02 6.7259e-04 2.9092e+05 4.5178e+04
4.3800e+03 6.8579e-12 7.8945e-01 1.9218e+03 2.0082e+03 2.0184e+03 1.6694e+19 1.7145e+19 1.6646e+19 1.7014e-02 6.7206e-04 2.9126e+05 4.5213e+04
4.3900e+03 6.8481e-12 7.8937e-01 1.9216e+03 2.0079e+03 2.0181e+03 1.6743e+19 1.7195e+19 1.6695e+19 1.6991e-02 6.7152e-04 2.9161e+05 4.5248e+04
4.4000e+03 6.8384e-12 7.8930e-01 1.9213e+03 2.0076e+03 2.0178e+03 1.6792e+19 1.7245e+19 1.6744e+19 1.6969e-02 6.7097e-04 2.9195e+05 4.5283e+04
4.4100e+03 6.8287e-12 7.8923e-01 1.9210e+03 2.0073e+03 2.0174e+03 1.6840e+19 1.7295e+19 1.6793e+19 1.6946e-02 6.7042e-04 2.9229e+05 4.5318e+04
4.4200e+03 6.8190e-12 7.8916e-01 1.9208e+03 2.0070e+03 2.0171e+03 1.6889e+19 1.7346e+19 1.6842e+19 1.6923e-02 6.6987e-04 2.9263e+05 4.5353e+04
4.4300e+03 6.8094e-12 7.8910e-01 1.9205e+03 2.0067e+03 2.0168e+03 1.6938e+19 1.7396e+19 1.6891e+19 1.6901e-02 6.6931e-04 2.9298e+05 4.5388e+04
4.4400e+03 6.7998e-12 7.8903e-01 1.9203e+03 2.0064e+03 2.0165e+03 1.6987e+19 1.7447e+19 1.6940e+19 1.6879e-02 6.6875e-04 2.9332e+05 4.5423e+04
4.4500e+03 6.7902e-12 7.8897e-01 1.9200e+03 2.0061e+03 2.0162e+03 1.7036e+19 1.7498e+19 1.6990e+19 1.6856e-02 6.6818e-04 2.9366e+05 4.5459e+04
4.4600e+03 6.7807e-12 7.8890e-01 1.9197e+03 2.0058e+03 2.0159e+03 1.7086e+19 1.7549e+19 1.7039e+19 1.6834e-02 6.6762e-04 2.9400e+05 4.5494e+04
4.4700e+03 6.7711e-12 7.8884e-01 1.9195e+03 2.0055e+03 2.0156e+03 1.7135e+19 1.7600e+19 1.7089e+19 1.6812e-02 6.6704e-04 2.9435e+05 4.5530e+04
4.4800e+03 6.7617e-12 7.8878e-01 1.9192e+03 2.0052e+03 2.0153e+03 1.7184e+19 1.7651e+19 1.7139e+19 1.6789e-02 6.6647e-04 2.9469e+05 4.5565e+04
4.4900e+03 6.7522e-12 7.8872e-01 1.9190e+03 2.0049e+03 2.0150e+03 1.7234e+19 1.7702e+19 1.7188e+19 1.6767e-02 6.6588e-04 2.9503e+05 4.5601e+04
4.5000e+03 6.7428e-12 7.8866e-01 1.9187e+03 2.0045e+03 2.0147e+03 1.7284e+19 1.7753e+19 1.7238e+19 1.6745e-02 6.6530e-04 2.9538e+05 4.5637e+04
4.5100e+03 6.7334e-12 7.8860e-01 1.9184e+03 2.0042e+03 2.0144e+03 1.7333e+19 1.7805e+19 1.7289e+19 1.6723e-02 6.6471e-04 2.9572e+05 4.5673e+04
4.5200e+03 6.7241e-12 7.8855e-01 1.9182e+03 2.0039e+03 2.0141e+03 1.7383e+19 1.7856e+19 1.7339e+19 1.6701e-02 6.6412e-04 2.9606e+05 4.5709e+04
4.5300e+03 6.7147e-12 7.8849e-01 1.9179e+03 2.0036e+03 2.0138e+03 1.7433e+19 1.7908e+19 1.7389e+19 1.6679e-02 6.6353e-04 2.9641e+05 4.5745e+04
4.5400e+03 6.7055e-12 7.8844e-01 1.9177e+03 2.0033e+03 2.0134e+03 1.7483e+19 1.7960e+19 1.7440e+19 1.6657e-02 6.6293e-04 2.9675e+05 4.5781e+04
4.5500e+03 0.0000e+00 0.0000e+00 1.9174e+03 0.0000e+00 2.0131e+03 0.0000e+00 0.0000e+00 0.0000e+00 0.0000e+00 0.0000e+00 0.0000e+00 0.0000e+00
