0.0000e+00 2.5736e-11 4.4917e+00 1.7000e+03 1.7949e+03 1.9980e+03 1.5847e+19 5.6270e+18 2.0209e+18 1.1222e-02 5.2955e-02 3.8230e+05 1.1507e+04
1.0000e+01 2.5587e-11 3.8719e+00 1.7224e+03 1.7937e+03 1.9736e+03 1.6485e+19 6.4522e+18 2.5633e+18 1.2943e-02 4.3136e-02 3.3664e+05 1.2508e+04
2.0000e+01 2.5440e-11 3.4263e+00 1.7413e+03 1.8169e+03 1.9537e+03 1.2529e+19 6.3354e+18 3.1248e+18 1.4542e-02 2.9588e-02 3.0352e+05 1.3869e+04
3.0000e+01 2.5295e-11 3.1270e+00 1.7556e+03 1.8343e+03 1.9400e+03 1.0237e+19 6.2035e+18 3.5880e+18 1.5843e-02 2.0847e-02 2.8130e+05 1.5210e+04
4.0000e+01 2.5150e-11 2.9100e+00 1.7668e+03 1.8478e+03 1.9304e+03 8.7821e+18 6.0730e+18 3.9597e+18 1.6927e-02 1.4966e-02 2.6528e+05 1.6563e+04
5.0000e+01 2.5007e-11 2.7438e+00 1.7760e+03 1.8586e+03 1.9235e+03 7.7771e+18 5.9434e+18 4.2525e+18 1.7850e-02 1.0840e-02 2.5310e+05 1.7967e+04
6.0000e+01 2.4865e-11 2.6109e+00 1.7837e+03 1.8675e+03 1.9185e+03 7.0394e+18 5.8155e+18 4.4796e+18 1.8652e-02 7.8586e-03 2.4346e+05 1.9463e+04
7.0000e+01 2.4724e-11 2.5013e+00 1.7902e+03 1.8751e+03 1.9149e+03 6.4729e+18 5.6901e+18 4.6525e+18 1.9359e-02 5.6562e-03 2.3558e+05 2.1105e+04
8.0000e+01 2.4584e-11 2.4084e+00 1.7959e+03 1.8816e+03 1.9123e+03 6.0224e+18 5.5678e+18 4.7815e+18 1.9992e-02 4.0041e-03 2.2898e+05 2.2968e+04
9.0000e+01 2.4446e-11 2.3281e+00 1.8010e+03 1.8873e+03 1.9104e+03 5.6538e+18 5.4491e+18 4.8752e+18 2.0565e-02 2.7530e-03 2.2334e+05 2.5169e+04
1.0000e+02 2.4308e-11 2.2573e+00 1.8056e+03 1.8924e+03 1.9092e+03 5.3450e+18 5.3343e+18 4.9407e+18 2.1091e-02 1.8034e-03 2.1842e+05 2.7909e+04
1.1000e+02 2.4172e-11 2.1941e+00 1.8097e+03 1.8969e+03 1.9083e+03 5.0811e+18 5.2235e+18 4.9842e+18 2.1577e-02 1.0888e-03 2.1407e+05 3.1578e+04
1.2000e+02 2.4037e-11 2.1367e+00 1.8135e+03 1.9008e+03 1.9078e+03 4.8516e+18 5.1166e+18 5.0107e+18 2.2033e-02 5.6808e-04 2.1017e+05 3.7053e+04
1.3000e+02 2.3903e-11 2.0842e+00 1.8171e+03 1.9041e+03 1.9076e+03 4.6489e+18 5.0134e+18 5.0246e+18 2.2463e-02 2.2377e-04 2.0662e+05 4.6637e+04
1.4000e+02 2.3771e-11 2.0353e+00 1.8204e+03 1.9087e+03 1.9075e+03 4.4667e+18 4.9179e+18 5.0300e+18 2.2874e-02 -5.9043e-05 2.0334e+05 6.4892e+04
1.5000e+02 2.3639e-11 1.9898e+00 1.8236e+03 1.9120e+03 1.9075e+03 4.3019e+18 4.8241e+18 5.0286e+18 2.3268e-02 -3.1617e-04 2.0031e+05 4.2537e+04
1.6000e+02 2.3509e-11 1.9472e+00 1.8266e+03 1.9160e+03 1.9076e+03 4.1523e+18 4.7360e+18 5.0209e+18 2.3645e-02 -7.2394e-04 1.9749e+05 3.4484e+04
1.7000e+02 2.3379e-11 1.9079e+00 1.8293e+03 1.9194e+03 1.9080e+03 4.0187e+18 4.6505e+18 5.0032e+18 2.4000e-02 -1.1070e-03 1.9492e+05 3.0922e+04
1.8000e+02 2.3251e-11 1.8716e+00 1.8319e+03 1.9225e+03 1.9085e+03 3.8992e+18 4.5679e+18 4.9764e+18 2.4331e-02 -1.4573e-03 1.9258e+05 2.8785e+04
1.9000e+02 2.3124e-11 1.8379e+00 1.8343e+03 1.9253e+03 1.9092e+03 3.7923e+18 4.4882e+18 4.9412e+18 2.4641e-02 -1.7690e-03 1.9044e+05 2.7343e+04
2.0000e+02 2.2998e-11 1.8066e+00 1.8365e+03 1.9279e+03 1.9100e+03 3.6962e+18 4.4113e+18 4.8990e+18 2.4931e-02 -2.0397e-03 1.8849e+05 2.6309e+04
2.1000e+02 2.2873e-11 1.7775e+00 1.8385e+03 1.9302e+03 1.9109e+03 3.6095e+18 4.3372e+18 4.8507e+18 2.5203e-02 -2.2699e-03 1.8671e+05 2.5539e+04
2.2000e+02 2.2749e-11 1.7502e+00 1.8404e+03 1.9324e+03 1.9120e+03 3.5310e+18 4.2657e+18 4.7977e+18 2.5457e-02 -2.4618e-03 1.8507e+05 2.4951e+04
2.3000e+02 2.2626e-11 1.7246e+00 1.8422e+03 1.9345e+03 1.9131e+03 3.4596e+18 4.1968e+18 4.7408e+18 2.5695e-02 -2.6184e-03 1.8356e+05 2.4497e+04
2.4000e+02 2.2504e-11 1.7004e+00 1.8438e+03 1.9364e+03 1.9143e+03 3.3944e+18 4.1303e+18 4.6812e+18 2.5920e-02 -2.7432e-03 1.8216e+05 2.4142e+04
2.5000e+02 2.2383e-11 1.6776e+00 1.8454e+03 1.9382e+03 1.9156e+03 3.3344e+18 4.0663e+18 4.6196e+18 2.6132e-02 -2.8396e-03 1.8085e+05 2.3864e+04
2.6000e+02 2.2263e-11 1.6558e+00 1.8468e+03 1.9398e+03 1.9169e+03 3.2791e+18 4.0046e+18 4.5568e+18 2.6333e-02 -2.9113e-03 1.7964e+05 2.3647e+04
2.7000e+02 2.2144e-11 1.6352e+00 1.8482e+03 1.9414e+03 1.9182e+03 3.2278e+18 3.9452e+18 4.4934e+18 2.6524e-02 -2.9615e-03 1.7851e+05 2.3479e+04
2.8000e+02 2.2026e-11 1.6154e+00 1.8495e+03 1.9429e+03 1.9196e+03 3.1801e+18 3.8879e+18 4.4298e+18 2.6705e-02 -2.9932e-03 1.7744e+05 2.3350e+04
2.9000e+02 2.1910e-11 1.5965e+00 1.8508e+03 1.9443e+03 1.9210e+03 3.1356e+18 3.8327e+18 4.3666e+18 2.6879e-02 -3.0091e-03 1.7643e+05 2.3254e+04
3.0000e+02 2.1794e-11 1.5783e+00 1.8519e+03 1.9456e+03 1.9224e+03 3.0938e+18 3.7796e+18 4.3041e+18 2.7045e-02 -3.0116e-03 1.7548e+05 2.3185e+04
3.1000e+02 2.1679e-11 1.5608e+00 1.8531e+03 1.9469e+03 1.9237e+03 3.0546e+18 3.7284e+18 4.2425e+18 2.7204e-02 -3.0029e-03 1.7458e+05 2.3140e+04
3.2000e+02 2.1565e-11 1.5439e+00 1.8541e+03 1.9481e+03 1.9251e+03 3.0175e+18 3.6790e+18 4.1820e+18 2.7356e-02 -2.9846e-03 1.7372e+05 2.3114e+04
3.3000e+02 2.1452e-11 1.5276e+00 1.8552e+03 1.9493e+03 1.9265e+03 2.9825e+18 3.6315e+18 4.1228e+18 2.7504e-02 -2.9586e-03 1.7290e+05 2.3104e+04
3.4000e+02 2.1340e-11 1.5118e+00 1.8562e+03 1.9504e+03 1.9279e+03 2.9493e+18 3.5858e+18 4.0651e+18 2.7646e-02 -2.9260e-03 1.7212e+05 2.3110e+04
3.5000e+02 2.1229e-11 1.4965e+00 1.8571e+03 1.9515e+03 1.9292e+03 2.9178e+18 3.5417e+18 4.0089e+18 2.7783e-02 -2.8880e-03 1.7138e+05 2.3128e+04
3.6000e+02 2.1118e-11 1.4817e+00 1.8580e+03 1.9525e+03 1.9306e+03 2.8877e+18 3.4993e+18 3.9542e+18 2.7915e-02 -2.8457e-03 1.7066e+05 2.3157e+04
3.7000e+02 2.1009e-11 1.4673e+00 1.8589e+03 1.9535e+03 1.9319e+03 2.8592e+18 3.4584e+18 3.9011e+18 2.8043e-02 -2.7998e-03 1.6998e+05 2.3196e+04
3.8000e+02 2.0901e-11 1.4533e+00 1.8598e+03 1.9545e+03 1.9332e+03 2.8319e+18 3.4190e+18 3.8497e+18 2.8167e-02 -2.7512e-03 1.6932e+05 2.3244e+04
3.9000e+02 2.0793e-11 1.4397e+00 1.8606e+03 1.9554e+03 1.9344e+03 2.8058e+18 3.3811e+18 3.7999e+18 2.8287e-02 -2.7003e-03 1.6869e+05 2.3300e+04
4.0000e+02 2.0687e-11 1.4264e+00 1.8614e+03 1.9563e+03 1.9357e+03 2.7809e+18 3.3445e+18 3.7517e+18 2.8404e-02 -2.6477e-03 1.6808e+05 2.3363e+04
4.1000e+02 2.0581e-11 1.4135e+00 1.8622e+03 1.9572e+03 1.9369e+03 2.7570e+18 3.3093e+18 3.7051e+18 2.8517e-02 -2.5938e-03 1.6750e+05 2.3433e+04
4.2000e+02 2.0476e-11 1.4009e+00 1.8629e+03 1.9580e+03 1.9381e+03 2.7342e+18 3.2754e+18 3.6600e+18 2.8626e-02 -2.5390e-03 1.6694e+05 2.3509e+04
4.3000e+02 2.0372e-11 1.3887e+00 1.8636e+03 1.9588e+03 1.9393e+03 2.7123e+18 3.2428e+18 3.6165e+18 2.8732e-02 -2.4835e-03 1.6639e+05 2.3591e+04
4.4000e+02 2.0269e-11 1.3767e+00 1.8643e+03 1.9596e+03 1.9404e+03 2.6913e+18 3.2114e+18 3.5745e+18 2.8835e-02 -2.4277e-03 1.6587e+05 2.3678e+04
4.5000e+02 2.0167e-11 1.3650e+00 1.8650e+03 1.9603e+03 1.9415e+03 2.6712e+18 3.1811e+18 3.5339e+18 2.8935e-02 -2.3717e-03 1.6537e+05 2.3770e+04
4.6000e+02 2.0065e-11 1.3536e+00 1.8657e+03 1.9610e+03 1.9426e+03 2.6519e+18 3.1519e+18 3.4948e+18 2.9032e-02 -2.3157e-03 1.6488e+05 2.3868e+04
4.7000e+02 1.9965e-11 1.3425e+00 1.8663e+03 1.9617e+03 1.9437e+03 2.6334e+18 3.1239e+18 3.4571e+18 2.9126e-02 -2.2598e-03 1.6442e+05 2.3970e+04
4.8000e+02 1.9865e-11 1.3316e+00 1.8669e+03 1.9624e+03 1.9447e+03 2.6157e+18 3.0969e+18 3.4207e+18 2.9217e-02 -2.2042e-03 1.6397e+05 2.4077e+04
4.9000e+02 1.9766e-11 1.3210e+00 1.8675e+03 1.9631e+03 1.9457e+03 2.5986e+18 3.0708e+18 3.3856e+18 2.9305e-02 -2.1490e-03 1.6354e+05 2.4188e+04
5.0000e+02 1.9668e-11 1.3106e+00 1.8680e+03 1.9637e+03 1.9467e+03 2.5823e+18 3.0458e+18 3.3517e+18 2.9391e-02 -2.0942e-03 1.6312e+05 2.4304e+04
5.1000e+02 1.9571e-11 1.3005e+00 1.8686e+03 1.9643e+03 1.9477e+03 2.5667e+18 3.0217e+18 3.3191e+18 2.9473e-02 -2.0399e-03 1.6272e+05 2.4424e+04
5.2000e+02 1.9474e-11 1.2906e+00 1.8691e+03 1.9649e+03 1.9486e+03 2.5516e+18 2.9985e+18 3.2877e+18 2.9553e-02 -1.9861e-03 1.6233e+05 2.4548e+04
5.3000e+02 1.9378e-11 1.2809e+00 1.8696e+03 1.9655e+03 1.9496e+03 2.5373e+18 2.9762e+18 3.2574e+18 2.9630e-02 -1.9330e-03 1.6196e+05 2.4677e+04
5.4000e+02 1.9283e-11 1.2714e+00 1.8701e+03 1.9660e+03 1.9505e+03 2.5235e+18 2.9547e+18 3.2282e+18 2.9705e-02 -1.8805e-03 1.6160e+05 2.4811e+04
5.5000e+02 1.9189e-11 1.2622e+00 1.8706e+03 1.9665e+03 1.9513e+03 2.5103e+18 2.9341e+18 3.2001e+18 2.9777e-02 -1.8287e-03 1.6126e+05 2.4948e+04
5.6000e+02 1.9096e-11 1.2531e+00 1.8711e+03 1.9670e+03 1.9522e+03 2.4976e+18 2.9143e+18 3.1730e+18 2.9846e-02 -1.7775e-03 1.6093e+05 2.5091e+04
5.7000e+02 1.9003e-11 1.2442e+00 1.8715e+03 1.9675e+03 1.9530e+03 2.4856e+18 2.8952e+18 3.1469e+18 2.9913e-02 -1.7271e-03 1.6061e+05 2.5238e+04
5.8000e+02 1.8911e-11 1.2355e+00 1.8719e+03 1.9680e+03 1.9538e+03 2.4740e+18 2.8769e+18 3.1218e+18 2.9978e-02 -1.6773e-03 1.6031e+05 2.5389e+04
5.9000e+02 1.8820e-11 1.2271e+00 1.8723e+03 1.9684e+03 1.9546e+03 2.4630e+18 2.8593e+18 3.0976e+18 3.0040e-02 -1.6283e-03 1.6002e+05 2.5545e+04
6.0000e+02 1.8730e-11 1.2187e+00 1.8727e+03 1.9688e+03 1.9553e+03 2.4524e+18 2.8424e+18 3.0743e+18 3.0099e-02 -1.5801e-03 1.5974e+05 2.5707e+04
6.1000e+02 1.8640e-11 1.2106e+00 1.8731e+03 1.9692e+03 1.9560e+03 2.4423e+18 2.8261e+18 3.0519e+18 3.0156e-02 -1.5325e-03 1.5948e+05 2.5873e+04
6.2000e+02 1.8551e-11 1.2026e+00 1.8735e+03 1.9696e+03 1.9567e+03 2.4328e+18 2.8106e+18 3.0304e+18 3.0211e-02 -1.4857e-03 1.5922e+05 2.6044e+04
6.3000e+02 1.8463e-11 1.1949e+00 1.8738e+03 1.9700e+03 1.9574e+03 2.4236e+18 2.7957e+18 3.0096e+18 3.0264e-02 -1.4396e-03 1.5898e+05 2.6221e+04
6.4000e+02 1.8376e-11 1.1872e+00 1.8741e+03 1.9704e+03 1.9581e+03 2.4149e+18 2.7814e+18 2.9897e+18 3.0314e-02 -1.3943e-03 1.5875e+05 2.6403e+04
6.5000e+02 1.8289e-11 1.1797e+00 1.8744e+03 1.9707e+03 1.9587e+03 2.4067e+18 2.7676e+18 2.9705e+18 3.0362e-02 -1.3496e-03 1.5853e+05 2.6591e+04
6.6000e+02 1.8203e-11 1.1724e+00 1.8747e+03 1.9710e+03 1.9594e+03 2.3989e+18 2.7545e+18 2.9521e+18 3.0408e-02 -1.3057e-03 1.5832e+05 2.6785e+04
6.7000e+02 1.8117e-11 1.1653e+00 1.8750e+03 1.9713e+03 1.9600e+03 2.3914e+18 2.7420e+18 2.9343e+18 3.0451e-02 -1.2626e-03 1.5812e+05 2.6986e+04
6.8000e+02 1.8033e-11 1.1582e+00 1.8753e+03 1.9716e+03 1.9605e+03 2.3844e+18 2.7300e+18 2.9173e+18 3.0493e-02 -1.2201e-03 1.5793e+05 2.7192e+04
6.9000e+02 1.7949e-11 1.1514e+00 1.8755e+03 1.9719e+03 1.9611e+03 2.3778e+18 2.7185e+18 2.9010e+18 3.0532e-02 -1.1783e-03 1.5776e+05 2.7406e+04
7.0000e+02 1.7865e-11 1.1446e+00 1.8758e+03 1.9721e+03 1.9616e+03 2.3715e+18 2.7075e+18 2.8853e+18 3.0569e-02 -1.1372e-03 1.5759e+05 2.7627e+04
7.1000e+02 1.7783e-11 1.1380e+00 1.8760e+03 1.9724e+03 1.9622e+03 2.3657e+18 2.6971e+18 2.8702e+18 3.0604e-02 -1.0968e-03 1.5743e+05 2.7855e+04
7.2000e+02 1.7701e-11 1.1316e+00 1.8762e+03 1.9726e+03 1.9627e+03 2.3601e+18 2.6871e+18 2.8558e+18 3.0637e-02 -1.0571e-03 1.5728e+05 2.8091e+04
7.3000e+02 1.7619e-11 1.1252e+00 1.8764e+03 1.9728e+03 1.9632e+03 2.3550e+18 2.6777e+18 2.8420e+18 3.0668e-02 -1.0181e-03 1.5714e+05 2.8335e+04
7.4000e+02 1.7539e-11 1.1190e+00 1.8766e+03 1.9730e+03 1.9636e+03 2.3502e+18 2.6687e+18 2.8287e+18 3.0697e-02 -9.7973e-04 1.5701e+05 2.8588e+04
7.5000e+02 1.7459e-11 1.1129e+00 1.8768e+03 1.9731e+03 1.9641e+03 2.3457e+18 2.6601e+18 2.8160e+18 3.0724e-02 -9.4201e-04 1.5689e+05 2.8850e+04
7.6000e+02 1.7379e-11 1.1070e+00 1.8769e+03 1.9733e+03 1.9645e+03 2.3415e+18 2.6520e+18 2.8039e+18 3.0749e-02 -9.0493e-04 1.5678e+05 2.9122e+04
7.7000e+02 1.7300e-11 1.1011e+00 1.8771e+03 1.9734e+03 1.9649e+03 2.3377e+18 2.6443e+18 2.7922e+18 3.0772e-02 -8.6849e-04 1.5667e+05 2.9404e+04
7.8000e+02 1.7222e-11 1.0954e+00 1.8772e+03 1.9736e+03 1.9653e+03 2.3342e+18 2.6370e+18 2.7811e+18 3.0794e-02 -8.3267e-04 1.5658e+05 2.9698e+04
7.9000e+02 1.7145e-11 1.0897e+00 1.8773e+03 1.9737e+03 1.9657e+03 2.3310e+18 2.6302e+18 2.7706e+18 3.0813e-02 -7.9747e-04 1.5649e+05 3.0003e+04
8.0000e+02 1.7068e-11 1.0842e+00 1.8775e+03 1.9738e+03 1.9661e+03 2.3281e+18 2.6237e+18 2.7604e+18 3.0831e-02 -7.6287e-04 1.5641e+05 3.0321e+04
8.1000e+02 1.6991e-11 1.0788e+00 1.8776e+03 1.9739e+03 1.9664e+03 2.3255e+18 2.6177e+18 2.7508e+18 3.0847e-02 -7.2886e-04 1.5634e+05 3.0653e+04
8.2000e+02 1.6916e-11 1.0735e+00 1.8776e+03 1.9740e+03 1.9668e+03 2.3232e+18 2.6120e+18 2.7417e+18 3.0861e-02 -6.9544e-04 1.5628e+05 3.1000e+04
8.3000e+02 1.6841e-11 1.0683e+00 1.8777e+03 1.9740e+03 1.9671e+03 2.3211e+18 2.6066e+18 2.7329e+18 3.0874e-02 -6.6258e-04 1.5622e+05 3.1364e+04
8.4000e+02 1.6766e-11 1.0632e+00 1.8778e+03 1.9741e+03 1.9674e+03 2.3193e+18 2.6017e+18 2.7247e+18 3.0884e-02 -6.3029e-04 1.5618e+05 3.1744e+04
8.5000e+02 1.6692e-11 1.0582e+00 1.8779e+03 1.9741e+03 1.9677e+03 2.3179e+18 2.5971e+18 2.7168e+18 3.0893e-02 -5.9854e-04 1.5614e+05 3.2144e+04
8.6000e+02 1.6619e-11 1.0533e+00 1.8779e+03 1.9741e+03 1.9680e+03 2.3166e+18 2.5928e+18 2.7094e+18 3.0901e-02 -5.6732e-04 1.5610e+05 3.2565e+04
8.7000e+02 1.6546e-11 1.0485e+00 1.8779e+03 1.9741e+03 1.9682e+03 2.3156e+18 2.5889e+18 2.7024e+18 3.0907e-02 -5.3663e-04 1.5608e+05 3.3010e+04
8.8000e+02 1.6474e-11 1.0438e+00 1.8780e+03 1.9741e+03 1.9685e+03 2.3149e+18 2.5853e+18 2.6958e+18 3.0911e-02 -5.0643e-04 1.5606e+05 3.3481e+04
8.9000e+02 1.6402e-11 1.0392e+00 1.8780e+03 1.9741e+03 1.9687e+03 2.3145e+18 2.5820e+18 2.6895e+18 3.0914e-02 -4.7672e-04 1.5604e+05 3.3980e+04
9.0000e+02 1.6331e-11 1.0346e+00 1.8780e+03 1.9741e+03 1.9689e+03 2.3142e+18 2.5790e+18 2.6837e+18 3.0915e-02 -4.4747e-04 1.5604e+05 3.4513e+04
9.1000e+02 1.6261e-11 1.0302e+00 1.8780e+03 1.9740e+03 1.9691e+03 2.3142e+18 2.5764e+18 2.6782e+18 3.0915e-02 -4.1866e-04 1.5604e+05 3.5083e+04
9.2000e+02 1.6191e-11 1.0258e+00 1.8780e+03 1.9740e+03 1.9693e+03 2.3145e+18 2.5740e+18 2.6731e+18 3.0914e-02 -3.9026e-04 1.5605e+05 3.5697e+04
9.3000e+02 1.6122e-11 1.0215e+00 1.8780e+03 1.9739e+03 1.9695e+03 2.3149e+18 2.5720e+18 2.6683e+18 3.0911e-02 -3.6224e-04 1.5606e+05 3.6361e+04
9.4000e+02 1.6053e-11 1.0173e+00 1.8779e+03 1.9738e+03 1.9697e+03 2.3156e+18 2.5702e+18 2.6639e+18 3.0906e-02 -3.3456e-04 1.5608e+05 3.7084e+04
9.5000e+02 1.5984e-11 1.0131e+00 1.8779e+03 1.9737e+03 1.9698e+03 2.3165e+18 2.5687e+18 2.6599e+18 3.0901e-02 -3.0715e-04 1.5610e+05 3.7879e+04
9.6000e+02 1.5917e-11 1.0091e+00 1.8779e+03 1.9736e+03 1.9700e+03 2.3177e+18 2.5675e+18 2.6561e+18 3.0894e-02 -2.7995e-04 1.5613e+05 3.8762e+04
9.7000e+02 1.5849e-11 1.0051e+00 1.8778e+03 1.9735e+03 1.9701e+03 2.3190e+18 2.5665e+18 2.6528e+18 3.0885e-02 -2.5284e-04 1.5617e+05 3.9757e+04
9.8000e+02 1.5783e-11 1.0011e+00 1.8777e+03 1.9733e+03 1.9702e+03 2.3205e+18 2.5658e+18 2.6497e+18 3.0876e-02 -2.2564e-04 1.5621e+05 4.0901e+04
9.9000e+02 1.5716e-11 9.9728e-01 1.8777e+03 1.9731e+03 1.9703e+03 2.3222e+18 2.5654e+18 2.6470e+18 3.0865e-02 -1.9806e-04 1.5626e+05 4.2252e+04
1.0000e+03 1.5651e-11 9.9349e-01 1.8776e+03 1.9729e+03 1.9704e+03 2.3241e+18 2.5652e+18 2.6446e+18 3.0854e-02 -1.6951e-04 1.5631e+05 4.3927e+04
1.0100e+03 1.5586e-11 9.8976e-01 1.8775e+03 1.9726e+03 1.9705e+03 2.3262e+18 2.5652e+18 2.6425e+18 3.0841e-02 -1.3849e-04 1.5637e+05 4.6201e+04
1.0200e+03 1.5521e-11 9.8609e-01 1.8774e+03 1.9722e+03 1.9706e+03 2.3284e+18 2.5653e+18 2.6409e+18 3.0827e-02 -9.6391e-05 1.5643e+05 5.0581e+04
1.0300e+03 1.5457e-11 9.8245e-01 1.8773e+03 1.9720e+03 1.9706e+03 2.3306e+18 2.5659e+18 2.6397e+18 3.0814e-02 -7.9183e-05 1.5649e+05 5.3131e+04
1.0400e+03 1.5393e-11 9.7889e-01 1.8772e+03 1.9720e+03 1.9706e+03 2.3331e+18 2.5670e+18 2.6388e+18 3.0798e-02 -7.9220e-05 1.5656e+05 5.3127e+04
1.0500e+03 1.5330e-11 9.7543e-01 1.8771e+03 1.9721e+03 1.9707e+03 2.3360e+18 2.5682e+18 2.6378e+18 3.0781e-02 -7.9277e-05 1.5664e+05 5.3120e+04
1.0600e+03 1.5267e-11 9.7206e-01 1.8770e+03 1.9721e+03 1.9707e+03 2.3392e+18 2.5697e+18 2.6368e+18 3.0761e-02 -7.9335e-05 1.5673e+05 5.3114e+04
1.0700e+03 1.5205e-11 9.6879e-01 1.8769e+03 1.9722e+03 1.9707e+03 2.3428e+18 2.5714e+18 2.6359e+18 3.0739e-02 -7.9388e-05 1.5682e+05 5.3110e+04
1.0800e+03 1.5143e-11 9.6561e-01 1.8767e+03 1.9722e+03 1.9708e+03 2.3467e+18 2.5733e+18 2.6349e+18 3.0715e-02 -7.9439e-05 1.5693e+05 5.3106e+04
1.0900e+03 1.5082e-11 9.6252e-01 1.8765e+03 1.9722e+03 1.9708e+03 2.3510e+18 2.5754e+18 2.6340e+18 3.0689e-02 -7.9488e-05 1.5705e+05 5.3103e+04
1.1000e+03 1.5021e-11 9.5952e-01 1.8764e+03 1.9700e+03 1.9709e+03 2.3556e+18 2.5757e+18 2.6330e+18 3.0661e-02 3.9625e-05 1.5717e+05 6.3198e+04
1.1100e+03 1.4961e-11 9.5641e-01 1.8762e+03 1.9699e+03 1.9708e+03 2.3596e+18 2.5783e+18 2.6335e+18 3.0637e-02 4.3152e-05 1.5728e+05 6.1874e+04
1.1200e+03 1.4901e-11 9.5338e-01 1.8760e+03 1.9699e+03 1.9708e+03 2.3639e+18 2.5810e+18 2.6340e+18 3.0611e-02 4.7079e-05 1.5740e+05 6.0551e+04
1.1300e+03 1.4842e-11 9.5042e-01 1.8759e+03 1.9698e+03 1.9708e+03 2.3684e+18 2.5838e+18 2.6346e+18 3.0584e-02 5.1603e-05 1.5752e+05 5.9189e+04
1.1400e+03 1.4783e-11 9.4754e-01 1.8757e+03 1.9697e+03 1.9708e+03 2.3732e+18 2.5869e+18 2.6352e+18 3.0555e-02 5.6776e-05 1.5765e+05 5.7802e+04
1.1500e+03 1.4724e-11 9.4474e-01 1.8755e+03 1.9696e+03 1.9707e+03 2.3783e+18 2.5901e+18 2.6359e+18 3.0525e-02 6.2652e-05 1.5779e+05 5.6408e+04
1.1600e+03 1.4666e-11 9.4199e-01 1.8753e+03 1.9694e+03 1.9707e+03 2.3837e+18 2.5935e+18 2.6366e+18 3.0493e-02 6.9277e-05 1.5793e+05 5.5019e+04
1.1700e+03 1.4608e-11 9.3932e-01 1.8751e+03 1.9693e+03 1.9707e+03 2.3893e+18 2.5971e+18 2.6375e+18 3.0460e-02 7.6691e-05 1.5808e+05 5.3650e+04
1.1800e+03 1.4551e-11 9.3670e-01 1.8748e+03 1.9692e+03 1.9707e+03 2.3951e+18 2.6009e+18 2.6384e+18 3.0425e-02 8.4923e-05 1.5824e+05 5.2312e+04
1.1900e+03 1.4494e-11 9.3414e-01 1.8746e+03 1.9690e+03 1.9706e+03 2.4012e+18 2.6048e+18 2.6394e+18 3.0389e-02 9.3991e-05 1.5840e+05 5.1014e+04
1.2000e+03 1.4438e-11 9.3163e-01 1.8744e+03 1.9688e+03 1.9706e+03 2.4075e+18 2.6088e+18 2.6406e+18 3.0353e-02 1.0390e-04 1.5857e+05 4.9764e+04
1.2100e+03 1.4382e-11 9.2918e-01 1.8741e+03 1.9687e+03 1.9705e+03 2.4139e+18 2.6131e+18 2.6418e+18 3.0315e-02 1.1463e-04 1.5875e+05 4.8569e+04
1.2200e+03 1.4327e-11 9.2678e-01 1.8739e+03 1.9685e+03 1.9705e+03 2.4206e+18 2.6175e+18 2.6432e+18 3.0276e-02 1.2617e-04 1.5892e+05 4.7431e+04
1.2300e+03 1.4272e-11 9.2442e-01 1.8736e+03 1.9683e+03 1.9704e+03 2.4274e+18 2.6220e+18 2.6447e+18 3.0237e-02 1.3846e-04 1.5911e+05 4.6354e+04
1.2400e+03 1.4217e-11 9.2211e-01 1.8734e+03 1.9681e+03 1.9703e+03 2.4344e+18 2.6267e+18 2.6464e+18 3.0197e-02 1.5147e-04 1.5929e+05 4.5338e+04
1.2500e+03 1.4163e-11 9.1983e-01 1.8731e+03 1.9678e+03 1.9703e+03 2.4415e+18 2.6316e+18 2.6482e+18 3.0156e-02 1.6513e-04 1.5948e+05 4.4384e+04
1.2600e+03 1.4109e-11 9.1760e-01 1.8728e+03 1.9676e+03 1.9702e+03 2.4488e+18 2.6366e+18 2.6502e+18 3.0114e-02 1.7937e-04 1.5967e+05 4.3489e+04
1.2700e+03 1.4055e-11 9.1541e-01 1.8725e+03 1.9674e+03 1.9701e+03 2.4562e+18 2.6417e+18 2.6524e+18 3.0072e-02 1.9412e-04 1.5987e+05 4.2652e+04
1.2800e+03 1.4002e-11 9.1325e-01 1.8723e+03 1.9671e+03 1.9700e+03 2.4637e+18 2.6470e+18 2.6547e+18 3.0030e-02 2.0930e-04 1.6007e+05 4.1871e+04
1.2900e+03 1.3950e-11 9.1112e-01 1.8720e+03 1.9668e+03 1.9699e+03 2.4713e+18 2.6525e+18 2.6573e+18 2.9987e-02 2.2483e-04 1.6027e+05 4.1143e+04
1.3000e+03 1.3898e-11 9.0902e-01 1.8717e+03 1.9666e+03 1.9698e+03 2.4791e+18 2.6581e+18 2.6600e+18 2.9943e-02 2.4064e-04 1.6047e+05 4.0464e+04
1.3100e+03 1.3846e-11 9.0696e-01 1.8714e+03 1.9663e+03 1.9697e+03 2.4869e+18 2.6638e+18 2.6629e+18 2.9899e-02 2.5665e-04 1.6068e+05 3.9833e+04
1.3200e+03 1.3794e-11 9.0493e-01 1.8711e+03 1.9660e+03 1.9696e+03 2.4949e+18 2.6697e+18 2.6660e+18 2.9855e-02 2.7280e-04 1.6089e+05 3.9245e+04
1.3300e+03 1.3743e-11 9.0292e-01 1.8708e+03 1.9657e+03 1.9695e+03 2.5030e+18 2.6758e+18 2.6694e+18 2.9810e-02 2.8900e-04 1.6110e+05 3.8698e+04
1.3400e+03 1.3692e-11 9.0094e-01 1.8705e+03 1.9655e+03 1.9693e+03 2.5111e+18 2.6820e+18 2.6729e+18 2.9766e-02 3.0522e-04 1.6131e+05 3.8189e+04
1.3500e+03 1.3642e-11 8.9899e-01 1.8702e+03 1.9652e+03 1.9692e+03 2.5193e+18 2.6883e+18 2.6766e+18 2.9721e-02 3.2138e-04 1.6153e+05 3.7715e+04
1.3600e+03 1.3592e-11 8.9707e-01 1.8699e+03 1.9649e+03 1.9691e+03 2.5276e+18 2.6948e+18 2.6805e+18 2.9675e-02 3.3745e-04 1.6174e+05 3.7273e+04
1.3700e+03 1.3542e-11 8.9517e-01 1.8696e+03 1.9646e+03 1.9689e+03 2.5360e+18 2.7014e+18 2.6847e+18 2.9630e-02 3.5337e-04 1.6196e+05 3.6862e+04
1.3800e+03 1.3493e-11 8.9329e-01 1.8693e+03 1.9642e+03 1.9687e+03 2.5445e+18 2.7082e+18 2.6890e+18 2.9584e-02 3.6911e-04 1.6218e+05 3.6479e+04
1.3900e+03 1.3444e-11 8.9144e-01 1.8690e+03 1.9639e+03 1.9686e+03 2.5531e+18 2.7151e+18 2.6935e+18 2.9538e-02 3.8464e-04 1.6240e+05 3.6121e+04
1.4000e+03 1.3396e-11 8.8961e-01 1.8687e+03 1.9636e+03 1.9684e+03 2.5617e+18 2.7221e+18 2.6983e+18 2.9492e-02 3.9992e-04 1.6263e+05 3.5788e+04
1.4100e+03 1.3348e-11 8.8781e-01 1.8684e+03 1.9633e+03 1.9682e+03 2.5705e+18 2.7293e+18 2.7032e+18 2.9446e-02 4.1495e-04 1.6285e+05 3.5476e+04
1.4200e+03 1.3300e-11 8.8603e-01 1.8681e+03 1.9630e+03 1.9680e+03 2.5793e+18 2.7366e+18 2.7083e+18 2.9399e-02 4.2968e-04 1.6308e+05 3.5185e+04
1.4300e+03 1.3252e-11 8.8427e-01 1.8678e+03 1.9626e+03 1.9678e+03 2.5881e+18 2.7441e+18 2.7137e+18 2.9352e-02 4.4412e-04 1.6330e+05 3.4913e+04
1.4400e+03 1.3205e-11 8.8254e-01 1.8675e+03 1.9623e+03 1.9676e+03 2.5971e+18 2.7517e+18 2.7192e+18 2.9305e-02 4.5825e-04 1.6353e+05 3.4658e+04
1.4500e+03 1.3159e-11 8.8082e-01 1.8672e+03 1.9620e+03 1.9674e+03 2.6061e+18 2.7594e+18 2.7249e+18 2.9258e-02 4.7207e-04 1.6376e+05 3.4419e+04
1.4600e+03 1.3112e-11 8.7914e-01 1.8669e+03 1.9616e+03 1.9672e+03 2.6152e+18 2.7673e+18 2.7308e+18 2.9211e-02 4.8555e-04 1.6400e+05 3.4196e+04
1.4700e+03 1.3066e-11 8.7747e-01 1.8665e+03 1.9613e+03 1.9670e+03 2.6244e+18 2.7753e+18 2.7369e+18 2.9164e-02 4.9871e-04 1.6423e+05 3.3986e+04
1.4800e+03 1.3020e-11 8.7582e-01 1.8662e+03 1.9610e+03 1.9667e+03 2.6337e+18 2.7834e+18 2.7431e+18 2.9116e-02 5.1154e-04 1.6447e+05 3.3789e+04
1.4900e+03 1.2975e-11 8.7420e-01 1.8659e+03 1.9606e+03 1.9665e+03 2.6431e+18 2.7917e+18 2.7495e+18 2.9069e-02 5.2405e-04 1.6470e+05 3.3604e+04
1.5000e+03 1.2930e-11 8.7260e-01 1.8656e+03 1.9603e+03 1.9662e+03 2.6525e+18 2.8000e+18 2.7562e+18 2.9021e-02 5.3623e-04 1.6494e+05 3.3430e+04
1.5100e+03 1.2885e-11 8.7102e-01 1.8653e+03 1.9599e+03 1.9660e+03 2.6620e+18 2.8086e+18 2.7629e+18 2.8973e-02 5.4808e-04 1.6518e+05 3.3267e+04
1.5200e+03 1.2840e-11 8.6946e-01 1.8649e+03 1.9596e+03 1.9657e+03 2.6716e+18 2.8172e+18 2.7699e+18 2.8924e-02 5.5962e-04 1.6542e+05 3.3113e+04
1.5300e+03 1.2796e-11 8.6792e-01 1.8646e+03 1.9592e+03 1.9655e+03 2.6813e+18 2.8260e+18 2.7770e+18 2.8876e-02 5.7084e-04 1.6567e+05 3.2968e+04
1.5400e+03 1.2752e-11 8.6640e-01 1.8643e+03 1.9589e+03 1.9652e+03 2.6911e+18 2.8349e+18 2.7843e+18 2.8828e-02 5.8176e-04 1.6591e+05 3.2831e+04
1.5500e+03 1.2709e-11 8.6491e-01 1.8639e+03 1.9585e+03 1.9650e+03 2.7010e+18 2.8439e+18 2.7917e+18 2.8779e-02 5.9237e-04 1.6616e+05 3.2703e+04
1.5600e+03 1.2666e-11 8.6343e-01 1.8636e+03 1.9581e+03 1.9647e+03 2.7109e+18 2.8531e+18 2.7993e+18 2.8730e-02 6.0269e-04 1.6641e+05 3.2581e+04
1.5700e+03 1.2623e-11 8.6198e-01 1.8633e+03 1.9578e+03 1.9644e+03 2.7209e+18 2.8624e+18 2.8070e+18 2.8681e-02 6.1272e-04 1.6665e+05 3.2467e+04
1.5800e+03 1.2580e-11 8.6054e-01 1.8629e+03 1.9574e+03 1.9641e+03 2.7310e+18 2.8718e+18 2.8149e+18 2.8632e-02 6.2247e-04 1.6691e+05 3.2359e+04
1.5900e+03 1.2538e-11 8.5913e-01 1.8626e+03 1.9570e+03 1.9638e+03 2.7412e+18 2.8813e+18 2.8230e+18 2.8583e-02 6.3195e-04 1.6716e+05 3.2257e+04
1.6000e+03 1.2496e-11 8.5774e-01 1.8623e+03 1.9567e+03 1.9635e+03 2.7515e+18 2.8909e+18 2.8312e+18 2.8533e-02 6.4116e-04 1.6741e+05 3.2161e+04
1.6100e+03 1.2454e-11 8.5636e-01 1.8619e+03 1.9563e+03 1.9632e+03 2.7619e+18 2.9007e+18 2.8396e+18 2.8484e-02 6.5012e-04 1.6767e+05 3.2070e+04
1.6200e+03 1.2413e-11 8.5501e-01 1.8616e+03 1.9559e+03 1.9629e+03 2.7724e+18 2.9106e+18 2.8481e+18 2.8434e-02 6.5882e-04 1.6793e+05 3.1984e+04
1.6300e+03 1.2372e-11 8.5367e-01 1.8613e+03 1.9555e+03 1.9626e+03 2.7829e+18 2.9206e+18 2.8567e+18 2.8384e-02 6.6728e-04 1.6818e+05 3.1903e+04
1.6400e+03 1.2331e-11 8.5236e-01 1.8609e+03 1.9552e+03 1.9623e+03 2.7936e+18 2.9307e+18 2.8655e+18 2.8334e-02 6.7550e-04 1.6845e+05 3.1826e+04
1.6500e+03 1.2291e-11 8.5106e-01 1.8606e+03 1.9548e+03 1.9620e+03 2.8043e+18 2.9409e+18 2.8744e+18 2.8284e-02 6.8349e-04 1.6871e+05 3.1754e+04
1.6600e+03 1.2250e-11 8.4979e-01 1.8602e+03 1.9544e+03 1.9617e+03 2.8151e+18 2.9513e+18 2.8834e+18 2.8234e-02 6.9126e-04 1.6897e+05 3.1686e+04
1.6700e+03 1.2210e-11 8.4853e-01 1.8599e+03 1.9540e+03 1.9614e+03 2.8260e+18 2.9618e+18 2.8926e+18 2.8184e-02 6.9881e-04 1.6924e+05 3.1621e+04
1.6800e+03 1.2171e-11 8.4729e-01 1.8595e+03 1.9536e+03 1.9611e+03 2.8370e+18 2.9723e+18 2.9019e+18 2.8133e-02 7.0615e-04 1.6950e+05 3.1560e+04
1.6900e+03 1.2131e-11 8.4607e-01 1.8592e+03 1.9533e+03 1.9607e+03 2.8481e+18 2.9830e+18 2.9114e+18 2.8082e-02 7.1328e-04 1.6977e+05 3.1502e+04
1.7000e+03 1.2092e-11 8.4487e-01 1.8588e+03 1.9529e+03 1.9604e+03 2.8593e+18 2.9939e+18 2.9210e+18 2.8032e-02 7.2021e-04 1.7004e+05 3.1448e+04
1.7100e+03 1.2053e-11 8.4368e-01 1.8585e+03 1.9525e+03 1.9601e+03 2.8705e+18 3.0048e+18 2.9307e+18 2.7981e-02 7.2695e-04 1.7031e+05 3.1396e+04
1.7200e+03 1.2015e-11 8.4251e-01 1.8581e+03 1.9521e+03 1.9597e+03 2.8819e+18 3.0158e+18 2.9405e+18 2.7930e-02 7.3351e-04 1.7058e+05 3.1348e+04
1.7300e+03 1.1976e-11 8.4136e-01 1.8578e+03 1.9517e+03 1.9594e+03 2.8933e+18 3.0270e+18 2.9505e+18 2.7879e-02 7.3988e-04 1.7086e+05 3.1302e+04
1.7400e+03 1.1938e-11 8.4023e-01 1.8574e+03 1.9513e+03 1.9591e+03 2.9049e+18 3.0382e+18 2.9606e+18 2.7828e-02 7.4607e-04 1.7113e+05 3.1259e+04
1.7500e+03 1.1901e-11 8.3912e-01 1.8571e+03 1.9509e+03 1.9587e+03 2.9165e+18 3.0496e+18 2.9708e+18 2.7777e-02 7.5209e-04 1.7141e+05 3.1219e+04
1.7600e+03 1.1863e-11 8.3802e-01 1.8567e+03 1.9505e+03 1.9584e+03 2.9282e+18 3.0611e+18 2.9811e+18 2.7725e-02 7.5794e-04 1.7169e+05 3.1181e+04
1.7700e+03 1.1826e-11 8.3694e-01 1.8564e+03 1.9501e+03 1.9580e+03 2.9400e+18 3.0726e+18 2.9916e+18 2.7674e-02 7.6363e-04 1.7197e+05 3.1145e+04
1.7800e+03 1.1789e-11 8.3587e-01 1.8560e+03 1.9497e+03 1.9577e+03 2.9519e+18 3.0843e+18 3.0021e+18 2.7622e-02 7.6916e-04 1.7225e+05 3.1112e+04
1.7900e+03 1.1752e-11 8.3482e-01 1.8556e+03 1.9493e+03 1.9573e+03 2.9639e+18 3.0961e+18 3.0128e+18 2.7571e-02 7.7453e-04 1.7253e+05 3.1080e+04
1.8000e+03 1.1715e-11 8.3379e-01 1.8553e+03 1.9489e+03 1.9570e+03 2.9759e+18 3.1080e+18 3.0236e+18 2.7519e-02 7.7975e-04 1.7282e+05 3.1051e+04
1.8100e+03 1.1679e-11 8.3277e-01 1.8549e+03 1.9485e+03 1.9566e+03 2.9881e+18 3.1201e+18 3.0345e+18 2.7468e-02 7.8483e-04 1.7310e+05 3.1024e+04
1.8200e+03 1.1643e-11 8.3177e-01 1.8546e+03 1.9481e+03 1.9562e+03 3.0003e+18 3.1322e+18 3.0456e+18 2.7416e-02 7.8976e-04 1.7339e+05 3.0998e+04
1.8300e+03 1.1607e-11 8.3079e-01 1.8542e+03 1.9477e+03 1.9559e+03 3.0126e+18 3.1444e+18 3.0567e+18 2.7364e-02 7.9455e-04 1.7368e+05 3.0974e+04
1.8400e+03 1.1572e-11 8.2982e-01 1.8538e+03 1.9473e+03 1.9555e+03 3.0251e+18 3.1567e+18 3.0680e+18 2.7312e-02 7.9921e-04 1.7397e+05 3.0952e+04
1.8500e+03 1.1537e-11 8.2886e-01 1.8535e+03 1.9469e+03 1.9551e+03 3.0376e+18 3.1692e+18 3.0794e+18 2.7260e-02 8.0373e-04 1.7426e+05 3.0932e+04
1.8600e+03 1.1502e-11 8.2792e-01 1.8531e+03 1.9464e+03 1.9548e+03 3.0502e+18 3.1817e+18 3.0909e+18 2.7208e-02 8.0812e-04 1.7455e+05 3.0913e+04
1.8700e+03 1.1467e-11 8.2700e-01 1.8527e+03 1.9460e+03 1.9544e+03 3.0628e+18 3.1943e+18 3.1024e+18 2.7157e-02 8.1239e-04 1.7484e+05 3.0896e+04
1.8800e+03 1.1432e-11 8.2609e-01 1.8524e+03 1.9456e+03 1.9540e+03 3.0756e+18 3.2071e+18 3.1142e+18 2.7105e-02 8.1653e-04 1.7514e+05 3.0881e+04
1.8900e+03 1.1398e-11 8.2519e-01 1.8520e+03 1.9452e+03 1.9536e+03 3.0885e+18 3.2199e+18 3.1260e+18 2.7052e-02 8.2055e-04 1.7544e+05 3.0867e+04
1.9000e+03 1.1364e-11 8.2431e-01 1.8516e+03 1.9448e+03 1.9533e+03 3.1014e+18 3.2329e+18 3.1379e+18 2.7000e-02 8.2445e-04 1.7573e+05 3.0854e+04
1.9100e+03 1.1330e-11 8.2344e-01 1.8512e+03 1.9444e+03 1.9529e+03 3.1144e+18 3.2459e+18 3.1499e+18 2.6948e-02 8.2824e-04 1.7603e+05 3.0842e+04
1.9200e+03 1.1296e-11 8.2258e-01 1.8509e+03 1.9440e+03 1.9525e+03 3.1276e+18 3.2591e+18 3.1621e+18 2.6896e-02 8.3192e-04 1.7633e+05 3.0832e+04
1.9300e+03 1.1263e-11 8.2174e-01 1.8505e+03 1.9435e+03 1.9521e+03 3.1408e+18 3.2723e+18 3.1743e+18 2.6844e-02 8.3548e-04 1.7663e+05 3.0823e+04
1.9400e+03 1.1230e-11 8.2091e-01 1.8501e+03 1.9431e+03 1.9517e+03 3.1540e+18 3.2856e+18 3.1867e+18 2.6792e-02 8.3894e-04 1.7693e+05 3.0816e+04
1.9500e+03 1.1197e-11 8.2010e-01 1.8498e+03 1.9427e+03 1.9513e+03 3.1674e+18 3.2991e+18 3.1991e+18 2.6740e-02 8.4229e-04 1.7724e+05 3.0809e+04
1.9600e+03 1.1164e-11 8.1930e-01 1.8494e+03 1.9423e+03 1.9510e+03 3.1809e+18 3.3126e+18 3.2117e+18 2.6688e-02 8.4553e-04 1.7754e+05 3.0804e+04
1.9700e+03 1.1131e-11 8.1851e-01 1.8490e+03 1.9419e+03 1.9506e+03 3.1944e+18 3.3263e+18 3.2243e+18 2.6635e-02 8.4868e-04 1.7785e+05 3.0800e+04
1.9800e+03 1.1099e-11 8.1773e-01 1.8486e+03 1.9414e+03 1.9502e+03 3.2080e+18 3.3400e+18 3.2371e+18 2.6583e-02 8.5173e-04 1.7815e+05 3.0797e+04
1.9900e+03 1.1067e-11 8.1697e-01 1.8483e+03 1.9410e+03 1.9498e+03 3.2218e+18 3.3538e+18 3.2499e+18 2.6531e-02 8.5468e-04 1.7846e+05 3.0795e+04
2.0000e+03 1.1035e-11 8.1622e-01 1.8479e+03 1.9406e+03 1.9494e+03 3.2355e+18 3.3677e+18 3.2629e+18 2.6479e-02 8.5753e-04 1.7877e+05 3.0794e+04
2.0100e+03 1.1003e-11 8.1548e-01 1.8475e+03 1.9402e+03 1.9490e+03 3.2494e+18 3.3818e+18 3.2760e+18 2.6427e-02 8.6029e-04 1.7908e+05 3.0794e+04
2.0200e+03 1.0972e-11 8.1475e-01 1.8471e+03 1.9397e+03 1.9486e+03 3.2634e+18 3.3959e+18 3.2891e+18 2.6375e-02 8.6297e-04 1.7939e+05 3.0795e+04
2.0300e+03 1.0941e-11 8.1403e-01 1.8468e+03 1.9393e+03 1.9482e+03 3.2774e+18 3.4101e+18 3.3024e+18 2.6323e-02 8.6555e-04 1.7970e+05 3.0796e+04
2.0400e+03 1.0909e-11 8.1333e-01 1.8464e+03 1.9389e+03 1.9478e+03 3.2916e+18 3.4244e+18 3.3158e+18 2.6271e-02 8.6805e-04 1.8002e+05 3.0799e+04
2.0500e+03 1.0879e-11 8.1264e-01 1.8460e+03 1.9385e+03 1.9474e+03 3.3058e+18 3.4388e+18 3.3292e+18 2.6219e-02 8.7046e-04 1.8033e+05 3.0803e+04
2.0600e+03 1.0848e-11 8.1195e-01 1.8456e+03 1.9380e+03 1.9470e+03 3.3201e+18 3.4533e+18 3.3428e+18 2.6167e-02 8.7278e-04 1.8064e+05 3.0807e+04
2.0700e+03 1.0817e-11 8.1128e-01 1.8452e+03 1.9376e+03 1.9466e+03 3.3345e+18 3.4679e+18 3.3565e+18 2.6115e-02 8.7503e-04 1.8096e+05 3.0813e+04
2.0800e+03 1.0787e-11 8.1063e-01 1.8449e+03 1.9372e+03 1.9462e+03 3.3489e+18 3.4826e+18 3.3702e+18 2.6063e-02 8.7720e-04 1.8128e+05 3.0819e+04
2.0900e+03 1.0757e-11 8.0998e-01 1.8445e+03 1.9368e+03 1.9458e+03 3.3635e+18 3.4974e+18 3.3841e+18 2.6011e-02 8.7928e-04 1.8160e+05 3.0826e+04
2.1000e+03 1.0727e-11 8.0934e-01 1.8441e+03 1.9363e+03 1.9454e+03 3.3781e+18 3.5122e+18 3.3980e+18 2.5959e-02 8.8129e-04 1.8191e+05 3.0833e+04
2.1100e+03 1.0698e-11 8.0871e-01 1.8437e+03 1.9359e+03 1.9450e+03 3.3928e+18 3.5272e+18 3.4120e+18 2.5907e-02 8.8323e-04 1.8223e+05 3.0842e+04
2.1200e+03 1.0668e-11 8.0810e-01 1.8433e+03 1.9355e+03 1.9446e+03 3.4076e+18 3.5422e+18 3.4262e+18 2.5856e-02 8.8509e-04 1.8255e+05 3.0851e+04
2.1300e+03 1.0639e-11 8.0749e-01 1.8430e+03 1.9350e+03 1.9442e+03 3.4225e+18 3.5574e+18 3.4404e+18 2.5804e-02 8.8687e-04 1.8288e+05 3.0861e+04
2.1400e+03 1.0610e-11 8.0690e-01 1.8426e+03 1.9346e+03 1.9438e+03 3.4374e+18 3.5726e+18 3.4547e+18 2.5752e-02 8.8859e-04 1.8320e+05 3.0872e+04
2.1500e+03 1.0581e-11 8.0631e-01 1.8422e+03 1.9342e+03 1.9433e+03 3.4524e+18 3.5880e+18 3.4692e+18 2.5701e-02 8.9024e-04 1.8352e+05 3.0883e+04
2.1600e+03 1.0552e-11 8.0573e-01 1.8418e+03 1.9337e+03 1.9429e+03 3.4676e+18 3.6034e+18 3.4837e+18 2.5649e-02 8.9182e-04 1.8385e+05 3.0895e+04
2.1700e+03 1.0523e-11 8.0517e-01 1.8414e+03 1.9333e+03 1.9425e+03 3.4827e+18 3.6189e+18 3.4983e+18 2.5598e-02 8.9333e-04 1.8417e+05 3.0908e+04
2.1800e+03 1.0495e-11 8.0461e-01 1.8411e+03 1.9329e+03 1.9421e+03 3.4980e+18 3.6345e+18 3.5130e+18 2.5546e-02 8.9478e-04 1.8450e+05 3.0921e+04
2.1900e+03 1.0467e-11 8.0406e-01 1.8407e+03 1.9325e+03 1.9417e+03 3.5134e+18 3.6502e+18 3.5278e+18 2.5495e-02 8.9616e-04 1.8482e+05 3.0935e+04
2.2000e+03 1.0439e-11 8.0352e-01 1.8403e+03 1.9320e+03 1.9413e+03 3.5288e+18 3.6659e+18 3.5426e+18 2.5444e-02 8.9748e-04 1.8515e+05 3.0949e+04
2.2100e+03 1.0411e-11 8.0300e-01 1.8399e+03 1.9316e+03 1.9409e+03 3.5443e+18 3.6818e+18 3.5576e+18 2.5392e-02 8.9874e-04 1.8548e+05 3.0964e+04
2.2200e+03 1.0383e-11 8.0248e-01 1.8395e+03 1.9312e+03 1.9405e+03 3.5599e+18 3.6978e+18 3.5727e+18 2.5341e-02 8.9993e-04 1.8581e+05 3.0980e+04
2.2300e+03 1.0356e-11 8.0197e-01 1.8392e+03 1.9307e+03 1.9400e+03 3.5756e+18 3.7138e+18 3.5878e+18 2.5290e-02 9.0107e-04 1.8614e+05 3.0996e+04
2.2400e+03 1.0328e-11 8.0146e-01 1.8388e+03 1.9303e+03 1.9396e+03 3.5913e+18 3.7299e+18 3.6031e+18 2.5239e-02 9.0215e-04 1.8647e+05 3.1013e+04
2.2500e+03 1.0301e-11 8.0097e-01 1.8384e+03 1.9299e+03 1.9392e+03 3.6071e+18 3.7461e+18 3.6184e+18 2.5188e-02 9.0317e-04 1.8680e+05 3.1030e+04
2.2600e+03 1.0274e-11 8.0049e-01 1.8380e+03 1.9294e+03 1.9388e+03 3.6230e+18 3.7624e+18 3.6338e+18 2.5138e-02 9.0414e-04 1.8713e+05 3.1048e+04
2.2700e+03 1.0247e-11 8.0001e-01 1.8376e+03 1.9290e+03 1.9384e+03 3.6390e+18 3.7788e+18 3.6493e+18 2.5087e-02 9.0505e-04 1.8747e+05 3.1066e+04
2.2800e+03 1.0221e-11 7.9954e-01 1.8373e+03 1.9286e+03 1.9380e+03 3.6551e+18 3.7953e+18 3.6649e+18 2.5036e-02 9.0591e-04 1.8780e+05 3.1085e+04
2.2900e+03 1.0194e-11 7.9908e-01 1.8369e+03 1.9281e+03 1.9375e+03 3.6712e+18 3.8119e+18 3.6806e+18 2.4986e-02 9.0672e-04 1.8813e+05 3.1105e+04
2.3000e+03 1.0168e-11 7.9863e-01 1.8365e+03 1.9277e+03 1.9371e+03 3.6874e+18 3.8285e+18 3.6964e+18 2.4935e-02 9.0747e-04 1.8847e+05 3.1124e+04
2.3100e+03 1.0142e-11 7.9819e-01 1.8361e+03 1.9273e+03 1.9367e+03 3.7037e+18 3.8452e+18 3.7123e+18 2.4885e-02 9.0818e-04 1.8880e+05 3.1145e+04
2.3200e+03 1.0116e-11 7.9775e-01 1.8357e+03 1.9268e+03 1.9363e+03 3.7201e+18 3.8621e+18 3.7282e+18 2.4834e-02 9.0883e-04 1.8914e+05 3.1166e+04
2.3300e+03 1.0090e-11 7.9733e-01 1.8354e+03 1.9264e+03 1.9359e+03 3.7365e+18 3.8790e+18 3.7443e+18 2.4784e-02 9.0943e-04 1.8948e+05 3.1187e+04
2.3400e+03 1.0064e-11 7.9691e-01 1.8350e+03 1.9260e+03 1.9354e+03 3.7530e+18 3.8960e+18 3.7604e+18 2.4734e-02 9.0999e-04 1.8981e+05 3.1209e+04
2.3500e+03 1.0038e-11 7.9649e-01 1.8346e+03 1.9255e+03 1.9350e+03 3.7696e+18 3.9130e+18 3.7766e+18 2.4684e-02 9.1050e-04 1.9015e+05 3.1231e+04
2.3600e+03 1.0013e-11 7.9609e-01 1.8342e+03 1.9251e+03 1.9346e+03 3.7863e+18 3.9302e+18 3.7929e+18 2.4634e-02 9.1097e-04 1.9049e+05 3.1253e+04
2.3700e+03 9.9879e-12 7.9569e-01 1.8338e+03 1.9247e+03 1.9342e+03 3.8030e+18 3.9474e+18 3.8093e+18 2.4585e-02 9.1139e-04 1.9083e+05 3.1276e+04
2.3800e+03 9.9628e-12 7.9530e-01 1.8335e+03 1.9243e+03 1.9338e+03 3.8199e+18 3.9648e+18 3.8258e+18 2.4535e-02 9.1176e-04 1.9117e+05 3.1300e+04
2.3900e+03 9.9379e-12 7.9492e-01 1.8331e+03 1.9238e+03 1.9333e+03 3.8367e+18 3.9822e+18 3.8423e+18 2.4485e-02 9.1210e-04 1.9151e+05 3.1323e+04
2.4000e+03 9.9131e-12 7.9454e-01 1.8327e+03 1.9234e+03 1.9329e+03 3.8537e+18 3.9997e+18 3.8589e+18 2.4436e-02 9.1239e-04 1.9185e+05 3.1348e+04
2.4100e+03 9.8885e-12 7.9418e-01 1.8323e+03 1.9230e+03 1.9325e+03 3.8708e+18 4.0172e+18 3.8757e+18 2.4386e-02 9.1264e-04 1.9220e+05 3.1372e+04
2.4200e+03 9.8640e-12 7.9381e-01 1.8319e+03 1.9225e+03 1.9321e+03 3.8879e+18 4.0349e+18 3.8925e+18 2.4337e-02 9.1284e-04 1.9254e+05 3.1397e+04
2.4300e+03 9.8397e-12 7.9346e-01 1.8316e+03 1.9221e+03 1.9317e+03 3.9051e+18 4.0526e+18 3.9094e+18 2.4288e-02 9.1301e-04 1.9288e+05 3.1423e+04
2.4400e+03 9.8155e-12 7.9311e-01 1.8312e+03 1.9217e+03 1.9312e+03 3.9223e+18 4.0705e+18 3.9263e+18 2.4239e-02 9.1314e-04 1.9322e+05 3.1448e+04
2.4500e+03 9.7915e-12 7.9277e-01 1.8308e+03 1.9212e+03 1.9308e+03 3.9397e+18 4.0884e+18 3.9434e+18 2.4190e-02 9.1323e-04 1.9357e+05 3.1474e+04
2.4600e+03 9.7676e-12 7.9243e-01 1.8304e+03 1.9208e+03 1.9304e+03 3.9571e+18 4.1064e+18 3.9606e+18 2.4141e-02 9.1329e-04 1.9391e+05 3.1501e+04
2.4700e+03 9.7438e-12 7.9211e-01 1.8300e+03 1.9204e+03 1.9300e+03 3.9746e+18 4.1244e+18 3.9778e+18 2.4092e-02 9.1330e-04 1.9426e+05 3.1527e+04
2.4800e+03 9.7202e-12 7.9178e-01 1.8297e+03 1.9199e+03 1.9296e+03 3.9922e+18 4.1426e+18 3.9951e+18 2.4044e-02 9.1329e-04 1.9460e+05 3.1555e+04
2.4900e+03 9.6967e-12 7.9147e-01 1.8293e+03 1.9195e+03 1.9291e+03 4.0098e+18 4.1608e+18 4.0125e+18 2.3995e-02 9.1323e-04 1.9495e+05 3.1582e+04
2.5000e+03 9.6734e-12 7.9116e-01 1.8289e+03 1.9191e+03 1.9287e+03 4.0275e+18 4.1791e+18 4.0300e+18 2.3947e-02 9.1314e-04 1.9530e+05 3.1610e+04
2.5100e+03 9.6502e-12 7.9086e-01 1.8285e+03 1.9187e+03 1.9283e+03 4.0453e+18 4.1975e+18 4.0475e+18 2.3899e-02 9.1302e-04 1.9564e+05 3.1638e+04
2.5200e+03 9.6271e-12 7.9056e-01 1.8282e+03 1.9182e+03 1.9279e+03 4.0631e+18 4.2160e+18 4.0652e+18 2.3850e-02 9.1286e-04 1.9599e+05 3.1666e+04
2.5300e+03 9.6042e-12 7.9027e-01 1.8278e+03 1.9178e+03 1.9274e+03 4.0811e+18 4.2345e+18 4.0829e+18 2.3802e-02 9.1268e-04 1.9634e+05 3.1695e+04
2.5400e+03 9.5814e-12 7.8998e-01 1.8274e+03 1.9174e+03 1.9270e+03 4.0991e+18 4.2532e+18 4.1007e+18 2.3755e-02 9.1246e-04 1.9669e+05 3.1724e+04
2.5500e+03 9.5588e-12 7.8970e-01 1.8270e+03 1.9170e+03 1.9266e+03 4.1171e+18 4.2719e+18 4.1186e+18 2.3707e-02 9.1220e-04 1.9704e+05 3.1753e+04
2.5600e+03 9.5362e-12 7.8943e-01 1.8267e+03 1.9165e+03 1.9262e+03 4.1353e+18 4.2907e+18 4.1365e+18 2.3659e-02 9.1192e-04 1.9739e+05 3.1783e+04
2.5700e+03 9.5138e-12 7.8916e-01 1.8263e+03 1.9161e+03 1.9258e+03 4.1535e+18 4.3096e+18 4.1546e+18 2.3612e-02 9.1161e-04 1.9774e+05 3.1813e+04
2.5800e+03 9.4916e-12 7.8890e-01 1.8259e+03 1.9157e+03 1.9253e+03 4.1718e+18 4.3285e+18 4.1727e+18 2.3564e-02 9.1127e-04 1.9809e+05 3.1843e+04
2.5900e+03 9.4694e-12 7.8864e-01 1.8255e+03 1.9152e+03 1.9249e+03 4.1901e+18 4.3475e+18 4.1909e+18 2.3517e-02 9.1090e-04 1.9844e+05 3.1873e+04
2.6000e+03 9.4474e-12 7.8839e-01 1.8252e+03 1.9148e+03 1.9245e+03 4.2086e+18 4.3666e+18 4.2092e+18 2.3470e-02 9.1050e-04 1.9879e+05 3.1904e+04
2.6100e+03 9.4255e-12 7.8814e-01 1.8248e+03 1.9144e+03 1.9241e+03 4.2271e+18 4.3858e+18 4.2275e+18 2.3423e-02 9.1008e-04 1.9914e+05 3.1935e+04
2.6200e+03 9.4038e-12 7.8790e-01 1.8244e+03 1.9140e+03 1.9237e+03 4.2456e+18 4.4051e+18 4.2460e+18 2.3376e-02 9.0962e-04 1.9949e+05 3.1966e+04
2.6300e+03 9.3821e-12 7.8766e-01 1.8241e+03 1.9135e+03 1.9232e+03 4.2643e+18 4.4244e+18 4.2645e+18 2.3329e-02 9.0914e-04 1.9984e+05 3.1998e+04
2.6400e+03 9.3606e-12 7.8743e-01 1.8237e+03 1.9131e+03 1.9228e+03 4.2830e+18 4.4439e+18 4.2831e+18 2.3282e-02 9.0864e-04 2.0020e+05 3.2029e+04
2.6500e+03 9.3392e-12 7.8721e-01 1.8233e+03 1.9127e+03 1.9224e+03 4.3018e+18 4.4634e+18 4.3018e+18 2.3236e-02 9.0811e-04 2.0055e+05 3.2061e+04
2.6600e+03 9.3180e-12 7.8699e-01 1.8229e+03 1.9123e+03 1.9220e+03 4.3206e+18 4.4829e+18 4.3206e+18 2.3189e-02 9.0755e-04 2.0090e+05 3.2094e+04
2.6700e+03 9.2968e-12 7.8677e-01 1.8226e+03 1.9119e+03 1.9216e+03 4.3395e+18 4.5026e+18 4.3394e+18 2.3143e-02 9.0698e-04 2.0126e+05 3.2126e+04
2.6800e+03 9.2758e-12 7.8656e-01 1.8222e+03 1.9114e+03 1.9212e+03 4.3585e+18 4.5223e+18 4.3583e+18 2.3097e-02 9.0637e-04 2.0161e+05 3.2159e+04
2.6900e+03 9.2549e-12 7.8635e-01 1.8218e+03 1.9110e+03 1.9207e+03 4.3776e+18 4.5421e+18 4.3773e+18 2.3051e-02 9.0575e-04 2.0197e+05 3.2192e+04
2.7000e+03 9.2341e-12 7.8615e-01 1.8215e+03 1.9106e+03 1.9203e+03 4.3967e+18 4.5620e+18 4.3964e+18 2.3005e-02 9.0510e-04 2.0232e+05 3.2225e+04
2.7100e+03 9.2134e-12 7.8595e-01 1.8211e+03 1.9102e+03 1.9199e+03 4.4159e+18 4.5820e+18 4.4155e+18 2.2959e-02 9.0443e-04 2.0268e+05 3.2258e+04
2.7200e+03 9.1928e-12 7.8576e-01 1.8207e+03 1.9098e+03 1.9195e+03 4.4352e+18 4.6020e+18 4.4348e+18 2.2914e-02 9.0373e-04 2.0303e+05 3.2292e+04
2.7300e+03 9.1724e-12 7.8557e-01 1.8204e+03 1.9093e+03 1.9191e+03 4.4545e+18 4.6222e+18 4.4541e+18 2.2868e-02 9.0302e-04 2.0339e+05 3.2326e+04
2.7400e+03 9.1521e-12 7.8539e-01 1.8200e+03 1.9089e+03 1.9186e+03 4.4739e+18 4.6423e+18 4.4734e+18 2.2823e-02 9.0229e-04 2.0374e+05 3.2360e+04
2.7500e+03 9.1318e-12 7.8521e-01 1.8196e+03 1.9085e+03 1.9182e+03 4.4934e+18 4.6626e+18 4.4929e+18 2.2777e-02 9.0153e-04 2.0410e+05 3.2394e+04
2.7600e+03 9.1117e-12 7.8504e-01 1.8193e+03 1.9081e+03 1.9178e+03 4.5130e+18 4.6830e+18 4.5124e+18 2.2732e-02 9.0075e-04 2.0446e+05 3.2429e+04
2.7700e+03 9.0917e-12 7.8487e-01 1.8189e+03 1.9077e+03 1.9174e+03 4.5326e+18 4.7034e+18 4.5321e+18 2.2687e-02 8.9996e-04 2.0481e+05 3.2463e+04
2.7800e+03 9.0718e-12 7.8470e-01 1.8185e+03 1.9072e+03 1.9170e+03 4.5523e+18 4.7239e+18 4.5517e+18 2.2643e-02 8.9915e-04 2.0517e+05 3.2498e+04
2.7900e+03 9.0521e-12 7.8454e-01 1.8182e+03 1.9068e+03 1.9166e+03 4.5720e+18 4.7444e+18 4.5715e+18 2.2598e-02 8.9831e-04 2.0553e+05 3.2533e+04
2.8000e+03 9.0324e-12 7.8438e-01 1.8178e+03 1.9064e+03 1.9162e+03 4.5918e+18 4.7651e+18 4.5914e+18 2.2553e-02 8.9746e-04 2.0589e+05 3.2569e+04
2.8100e+03 9.0128e-12 7.8423e-01 1.8174e+03 1.9060e+03 1.9157e+03 4.6117e+18 4.7858e+18 4.6113e+18 2.2509e-02 8.9659e-04 2.0624e+05 3.2604e+04
2.8200e+03 8.9934e-12 7.8408e-01 1.8171e+03 1.9056e+03 1.9153e+03 4.6317e+18 4.8066e+18 4.6313e+18 2.2465e-02 8.9571e-04 2.0660e+05 3.2640e+04
2.8300e+03 8.9740e-12 7.8393e-01 1.8167e+03 1.9052e+03 1.9149e+03 4.6517e+18 4.8275e+18 4.6513e+18 2.2420e-02 8.9481e-04 2.0696e+05 3.2675e+04
2.8400e+03 8.9548e-12 7.8379e-01 1.8164e+03 1.9048e+03 1.9145e+03 4.6718e+18 4.8484e+18 4.6715e+18 2.2376e-02 8.9389e-04 2.0732e+05 3.2711e+04
2.8500e+03 8.9356e-12 7.8365e-01 1.8160e+03 1.9043e+03 1.9141e+03 4.6919e+18 4.8694e+18 4.6917e+18 2.2332e-02 8.9295e-04 2.0768e+05 3.2748e+04
2.8600e+03 8.9166e-12 7.8352e-01 1.8156e+03 1.9039e+03 1.9137e+03 4.7121e+18 4.8905e+18 4.7120e+18 2.2289e-02 8.9200e-04 2.0804e+05 3.2784e+04
2.8700e+03 8.8977e-12 7.8339e-01 1.8153e+03 1.9035e+03 1.9133e+03 4.7324e+18 4.9117e+18 4.7324e+18 2.2245e-02 8.9103e-04 2.0840e+05 3.2820e+04
2.8800e+03 8.8788e-12 7.8326e-01 1.8149e+03 1.9031e+03 1.9129e+03 4.7528e+18 4.9329e+18 4.7528e+18 2.2201e-02 8.9005e-04 2.0876e+05 3.2857e+04
2.8900e+03 8.8601e-12 7.8314e-01 1.8146e+03 1.9027e+03 1.9124e+03 4.7732e+18 4.9542e+18 4.7733e+18 2.2158e-02 8.8905e-04 2.0912e+05 3.2894e+04
2.9000e+03 8.8415e-12 7.8302e-01 1.8142e+03 1.9023e+03 1.9120e+03 4.7937e+18 4.9756e+18 4.7939e+18 2.2115e-02 8.8804e-04 2.0948e+05 3.2931e+04
2.9100e+03 8.8229e-12 7.8291e-01 1.8138e+03 1.9019e+03 1.9116e+03 4.8142e+18 4.9971e+18 4.8146e+18 2.2072e-02 8.8702e-04 2.0984e+05 3.2968e+04
2.9200e+03 8.8045e-12 7.8279e-01 1.8135e+03 1.9015e+03 1.9112e+03 4.8348e+18 5.0186e+18 4.8353e+18 2.2029e-02 8.8598e-04 2.1020e+05 3.3005e+04
2.9300e+03 8.7861e-12 7.8269e-01 1.8131e+03 1.9011e+03 1.9108e+03 4.8555e+18 5.0402e+18 4.8561e+18 2.1986e-02 8.8492e-04 2.1056e+05 3.3043e+04
2.9400e+03 8.7679e-12 7.8258e-01 1.8128e+03 1.9007e+03 1.9104e+03 4.8763e+18 5.0619e+18 4.8770e+18 2.1943e-02 8.8386e-04 2.1092e+05 3.3081e+04
2.9500e+03 8.7497e-12 7.8248e-01 1.8124e+03 1.9002e+03 1.9100e+03 4.8971e+18 5.0836e+18 4.8980e+18 2.1901e-02 8.8278e-04 2.1128e+05 3.3118e+04
2.9600e+03 8.7317e-12 7.8238e-01 1.8121e+03 1.8998e+03 1.9096e+03 4.9180e+18 5.1054e+18 4.9190e+18 2.1858e-02 8.8169e-04 2.1165e+05 3.3156e+04
2.9700e+03 8.7137e-12 7.8229e-01 1.8117e+03 1.8994e+03 1.9092e+03 4.9389e+18 5.1273e+18 4.9401e+18 2.1816e-02 8.8058e-04 2.1201e+05 3.3194e+04
2.9800e+03 8.6959e-12 7.8219e-01 1.8114e+03 1.8990e+03 1.9088e+03 4.9599e+18 5.1493e+18 4.9613e+18 2.1774e-02 8.7947e-04 2.1237e+05 3.3233e+04
2.9900e+03 8.6781e-12 7.8211e-01 1.8110e+03 1.8986e+03 1.9084e+03 4.9810e+18 5.1713e+18 4.9826e+18 2.1732e-02 8.7834e-04 2.1273e+05 3.3271e+04
3.0000e+03 8.6604e-12 7.8202e-01 1.8107e+03 1.8982e+03 1.9080e+03 5.0022e+18 5.1935e+18 5.0039e+18 2.1690e-02 8.7720e-04 2.1309e+05 3.3309e+04
3.0100e+03 8.6428e-12 7.8194e-01 1.8103e+03 1.8978e+03 1.9076e+03 5.0234e+18 5.2156e+18 5.0253e+18 2.1648e-02 8.7606e-04 2.1346e+05 3.3348e+04
3.0200e+03 8.6253e-12 7.8186e-01 1.8100e+03 1.8974e+03 1.9072e+03 5.0446e+18 5.2379e+18 5.0468e+18 2.1606e-02 8.7490e-04 2.1382e+05 3.3387e+04
3.0300e+03 8.6079e-12 7.8178e-01 1.8096e+03 1.8970e+03 1.9068e+03 5.0660e+18 5.2602e+18 5.0683e+18 2.1565e-02 8.7373e-04 2.1418e+05 3.3426e+04
3.0400e+03 8.5906e-12 7.8171e-01 1.8093e+03 1.8966e+03 1.9063e+03 5.0874e+18 5.2826e+18 5.0899e+18 2.1524e-02 8.7254e-04 2.1455e+05 3.3465e+04
3.0500e+03 8.5734e-12 7.8164e-01 1.8089e+03 1.8962e+03 1.9059e+03 5.1088e+18 5.3051e+18 5.1116e+18 2.1482e-02 8.7135e-04 2.1491e+05 3.3504e+04
3.0600e+03 8.5562e-12 7.8157e-01 1.8086e+03 1.8958e+03 1.9055e+03 5.1304e+18 5.3276e+18 5.1334e+18 2.1441e-02 8.7015e-04 2.1527e+05 3.3543e+04
3.0700e+03 8.5392e-12 7.8151e-01 1.8082e+03 1.8954e+03 1.9051e+03 5.1520e+18 5.3502e+18 5.1552e+18 2.1400e-02 8.6894e-04 2.1564e+05 3.3583e+04
3.0800e+03 8.5222e-12 7.8144e-01 1.8079e+03 1.8950e+03 1.9047e+03 5.1736e+18 5.3729e+18 5.1771e+18 2.1359e-02 8.6773e-04 2.1600e+05 3.3622e+04
3.0900e+03 8.5053e-12 7.8138e-01 1.8075e+03 1.8946e+03 1.9043e+03 5.1953e+18 5.3956e+18 5.1991e+18 2.1319e-02 8.6650e-04 2.1636e+05 3.3662e+04
3.1000e+03 8.4885e-12 7.8133e-01 1.8072e+03 1.8942e+03 1.9039e+03 5.2171e+18 5.4185e+18 5.2211e+18 2.1278e-02 8.6526e-04 2.1673e+05 3.3701e+04
3.1100e+03 8.4718e-12 7.8127e-01 1.8068e+03 1.8938e+03 1.9035e+03 5.2390e+18 5.4413e+18 5.2432e+18 2.1238e-02 8.6402e-04 2.1709e+05 3.3741e+04
3.1200e+03 8.4552e-12 7.8122e-01 1.8065e+03 1.8934e+03 1.9031e+03 5.2609e+18 5.4643e+18 5.2654e+18 2.1197e-02 8.6277e-04 2.1745e+05 3.3781e+04
3.1300e+03 8.4386e-12 7.8118e-01 1.8061e+03 1.8930e+03 1.9027e+03 5.2828e+18 5.4873e+18 5.2877e+18 2.1157e-02 8.6151e-04 2.1782e+05 3.3821e+04
3.1400e+03 8.4222e-12 7.8113e-01 1.8058e+03 1.8926e+03 1.9023e+03 5.3049e+18 5.5104e+18 5.3100e+18 2.1117e-02 8.6024e-04 2.1818e+05 3.3862e+04
3.1500e+03 8.4058e-12 7.8109e-01 1.8055e+03 1.8922e+03 1.9020e+03 5.3270e+18 5.5336e+18 5.3324e+18 2.1077e-02 8.5896e-04 2.1855e+05 3.3902e+04
3.1600e+03 8.3895e-12 7.8105e-01 1.8051e+03 1.8919e+03 1.9016e+03 5.3491e+18 5.5568e+18 5.3549e+18 2.1037e-02 8.5768e-04 2.1891e+05 3.3942e+04
3.1700e+03 8.3733e-12 7.8101e-01 1.8048e+03 1.8915e+03 1.9012e+03 5.3714e+18 5.5801e+18 5.3774e+18 2.0998e-02 8.5639e-04 2.1928e+05 3.3983e+04
3.1800e+03 8.3571e-12 7.8097e-01 1.8044e+03 1.8911e+03 1.9008e+03 5.3937e+18 5.6035e+18 5.4000e+18 2.0958e-02 8.5509e-04 2.1964e+05 3.4024e+04
3.1900e+03 8.3411e-12 7.8094e-01 1.8041e+03 1.8907e+03 1.9004e+03 5.4160e+18 5.6270e+18 5.4227e+18 2.0919e-02 8.5379e-04 2.2001e+05 3.4064e+04
3.2000e+03 8.3251e-12 7.8091e-01 1.8038e+03 1.8903e+03 1.9000e+03 5.4384e+18 5.6505e+18 5.4455e+18 2.0880e-02 8.5248e-04 2.2037e+05 3.4105e+04
3.2100e+03 8.3092e-12 7.8088e-01 1.8034e+03 1.8899e+03 1.8996e+03 5.4609e+18 5.6740e+18 5.4683e+18 2.0841e-02 8.5116e-04 2.2074e+05 3.4146e+04
3.2200e+03 8.2934e-12 7.8085e-01 1.8031e+03 1.8895e+03 1.8992e+03 5.4834e+18 5.6977e+18 5.4912e+18 2.0802e-02 8.4984e-04 2.2110e+05 3.4187e+04
3.2300e+03 8.2776e-12 7.8083e-01 1.8027e+03 1.8891e+03 1.8988e+03 5.5060e+18 5.7214e+18 5.5141e+18 2.0763e-02 8.4851e-04 2.2147e+05 3.4228e+04
3.2400e+03 8.2620e-12 7.8081e-01 1.8024e+03 1.8887e+03 1.8984e+03 5.5287e+18 5.7452e+18 5.5372e+18 2.0724e-02 8.4718e-04 2.2183e+05 3.4269e+04
3.2500e+03 8.2464e-12 7.8079e-01 1.8021e+03 1.8883e+03 1.8980e+03 5.5514e+18 5.7691e+18 5.5602e+18 2.0685e-02 8.4584e-04 2.2220e+05 3.4311e+04
3.2600e+03 8.2308e-12 7.8077e-01 1.8017e+03 1.8880e+03 1.8976e+03 5.5742e+18 5.7930e+18 5.5834e+18 2.0647e-02 8.4449e-04 2.2256e+05 3.4352e+04
3.2700e+03 8.2154e-12 7.8076e-01 1.8014e+03 1.8876e+03 1.8972e+03 5.5971e+18 5.8170e+18 5.6067e+18 2.0609e-02 8.4314e-04 2.2293e+05 3.4394e+04
3.2800e+03 8.2000e-12 7.8074e-01 1.8011e+03 1.8872e+03 1.8968e+03 5.6200e+18 5.8410e+18 5.6300e+18 2.0570e-02 8.4179e-04 2.2329e+05 3.4435e+04
3.2900e+03 8.1847e-12 7.8073e-01 1.8007e+03 1.8868e+03 1.8965e+03 5.6429e+18 5.8652e+18 5.6533e+18 2.0532e-02 8.4043e-04 2.2366e+05 3.4477e+04
3.3000e+03 8.1695e-12 7.8072e-01 1.8004e+03 1.8864e+03 1.8961e+03 5.6660e+18 5.8894e+18 5.6768e+18 2.0494e-02 8.3907e-04 2.2402e+05 3.4519e+04
3.3100e+03 8.1543e-12 7.8072e-01 1.8001e+03 1.8860e+03 1.8957e+03 5.6891e+18 5.9136e+18 5.7003e+18 2.0456e-02 8.3770e-04 2.2439e+05 3.4560e+04
3.3200e+03 8.1393e-12 7.8071e-01 1.7997e+03 1.8857e+03 1.8953e+03 5.7122e+18 5.9380e+18 5.7239e+18 2.0419e-02 8.3633e-04 2.2475e+05 3.4602e+04
3.3300e+03 8.1243e-12 7.8071e-01 1.7994e+03 1.8853e+03 1.8949e+03 5.7354e+18 5.9623e+18 5.7475e+18 2.0381e-02 8.3495e-04 2.2512e+05 3.4644e+04
3.3400e+03 8.1093e-12 7.8071e-01 1.7991e+03 1.8849e+03 1.8945e+03 5.7587e+18 5.9868e+18 5.7712e+18 2.0344e-02 8.3357e-04 2.2549e+05 3.4686e+04
3.3500e+03 8.0945e-12 7.8071e-01 1.7987e+03 1.8845e+03 1.8941e+03 5.7820e+18 6.0113e+18 5.7950e+18 2.0306e-02 8.3219e-04 2.2585e+05 3.4728e+04
3.3600e+03 8.0797e-12 7.8071e-01 1.7984e+03 1.8841e+03 1.8938e+03 5.8054e+18 6.0359e+18 5.8189e+18 2.0269e-02 8.3080e-04 2.2622e+05 3.4771e+04
3.3700e+03 8.0649e-12 7.8071e-01 1.7981e+03 1.8838e+03 1.8934e+03 5.8289e+18 6.0606e+18 5.8428e+18 2.0232e-02 8.2941e-04 2.2658e+05 3.4813e+04
3.3800e+03 8.0503e-12 7.8072e-01 1.7978e+03 1.8834e+03 1.8930e+03 5.8524e+18 6.0853e+18 5.8668e+18 2.0195e-02 8.2801e-04 2.2695e+05 3.4855e+04
3.3900e+03 8.0357e-12 7.8073e-01 1.7974e+03 1.8830e+03 1.8926e+03 5.8760e+18 6.1101e+18 5.8908e+18 2.0158e-02 8.2661e-04 2.2731e+05 3.4898e+04
3.4000e+03 8.0211e-12 7.8074e-01 1.7971e+03 1.8826e+03 1.8922e+03 5.8996e+18 6.1350e+18 5.9150e+18 2.0122e-02 8.2521e-04 2.2768e+05 3.4940e+04
3.4100e+03 8.0067e-12 7.8075e-01 1.7968e+03 1.8822e+03 1.8919e+03 5.9233e+18 6.1599e+18 5.9391e+18 2.0085e-02 8.2381e-04 2.2805e+05 3.4983e+04
3.4200e+03 7.9923e-12 7.8077e-01 1.7965e+03 1.8819e+03 1.8915e+03 5.9471e+18 6.1849e+18 5.9634e+18 2.0049e-02 8.2240e-04 2.2841e+05 3.5025e+04
3.4300e+03 7.9780e-12 7.8078e-01 1.7961e+03 1.8815e+03 1.8911e+03 5.9709e+18 6.2100e+18 5.9877e+18 2.0012e-02 8.2099e-04 2.2878e+05 3.5068e+04
3.4400e+03 7.9637e-12 7.8080e-01 1.7958e+03 1.8811e+03 1.8907e+03 5.9948e+18 6.2351e+18 6.0121e+18 1.9976e-02 8.1958e-04 2.2914e+05 3.5111e+04
3.4500e+03 7.9495e-12 7.8082e-01 1.7955e+03 1.8807e+03 1.8903e+03 6.0187e+18 6.2603e+18 6.0366e+18 1.9940e-02 8.1817e-04 2.2951e+05 3.5154e+04
3.4600e+03 7.9354e-12 7.8084e-01 1.7952e+03 1.8804e+03 1.8900e+03 6.0427e+18 6.2856e+18 6.0611e+18 1.9904e-02 8.1675e-04 2.2988e+05 3.5197e+04
3.4700e+03 7.9213e-12 7.8086e-01 1.7948e+03 1.8800e+03 1.8896e+03 6.0667e+18 6.3109e+18 6.0857e+18 1.9868e-02 8.1533e-04 2.3024e+05 3.5240e+04
3.4800e+03 7.9073e-12 7.8088e-01 1.7945e+03 1.8796e+03 1.8892e+03 6.0909e+18 6.3363e+18 6.1104e+18 1.9832e-02 8.1391e-04 2.3061e+05 3.5283e+04
3.4900e+03 7.8934e-12 7.8091e-01 1.7942e+03 1.8793e+03 1.8888e+03 6.1150e+18 6.3618e+18 6.1351e+18 1.9797e-02 8.1249e-04 2.3098e+05 3.5326e+04
3.5000e+03 7.8795e-12 7.8093e-01 1.7939e+03 1.8789e+03 1.8885e+03 6.1393e+18 6.3873e+18 6.1599e+18 1.9761e-02 8.1107e-04 2.3134e+05 3.5369e+04
3.5100e+03 7.8657e-12 7.8096e-01 1.7936e+03 1.8785e+03 1.8881e+03 6.1636e+18 6.4129e+18 6.1847e+18 1.9726e-02 8.0964e-04 2.3171e+05 3.5412e+04
3.5200e+03 7.8519e-12 7.8099e-01 1.7932e+03 1.8782e+03 1.8877e+03 6.1879e+18 6.4385e+18 6.2097e+18 1.9691e-02 8.0822e-04 2.3207e+05 3.5455e+04
3.5300e+03 7.8382e-12 7.8102e-01 1.7929e+03 1.8778e+03 1.8873e+03 6.2123e+18 6.4643e+18 6.2347e+18 1.9656e-02 8.0679e-04 2.3244e+05 3.5499e+04
3.5400e+03 7.8246e-12 7.8105e-01 1.7926e+03 1.8774e+03 1.8870e+03 6.2368e+18 6.4900e+18 6.2597e+18 1.9621e-02 8.0536e-04 2.3281e+05 3.5542e+04
3.5500e+03 7.8110e-12 7.8109e-01 1.7923e+03 1.8771e+03 1.8866e+03 6.2613e+18 6.5159e+18 6.2848e+18 1.9586e-02 8.0393e-04 2.3317e+05 3.5586e+04
3.5600e+03 7.7975e-12 7.8112e-01 1.7920e+03 1.8767e+03 1.8862e+03 6.2859e+18 6.5418e+18 6.3100e+18 1.9551e-02 8.0249e-04 2.3354e+05 3.5629e+04
3.5700e+03 7.7841e-12 7.8116e-01 1.7917e+03 1.8763e+03 1.8859e+03 6.3106e+18 6.5678e+18 6.3353e+18 1.9516e-02 8.0106e-04 2.3390e+05 3.5673e+04
3.5800e+03 7.7707e-12 7.8120e-01 1.7913e+03 1.8760e+03 1.8855e+03 6.3353e+18 6.5938e+18 6.3606e+18 1.9482e-02 7.9963e-04 2.3427e+05 3.5716e+04
3.5900e+03 7.7573e-12 7.8124e-01 1.7910e+03 1.8756e+03 1.8851e+03 6.3600e+18 6.6199e+18 6.3860e+18 1.9448e-02 7.9819e-04 2.3464e+05 3.5760e+04
3.6000e+03 7.7441e-12 7.8128e-01 1.7907e+03 1.8752e+03 1.8847e+03 6.3848e+18 6.6461e+18 6.4114e+18 1.9413e-02 7.9676e-04 2.3500e+05 3.5803e+04
3.6100e+03 7.7308e-12 7.8132e-01 1.7904e+03 1.8749e+03 1.8844e+03 6.4097e+18 6.6723e+18 6.4369e+18 1.9379e-02 7.9532e-04 2.3537e+05 3.5847e+04
3.6200e+03 7.7177e-12 7.8136e-01 1.7901e+03 1.8745e+03 1.8840e+03 6.4347e+18 6.6987e+18 6.4625e+18 1.9345e-02 7.9389e-04 2.3573e+05 3.5891e+04
3.6300e+03 7.7046e-12 7.8141e-01 1.7898e+03 1.8742e+03 1.8836e+03 6.4596e+18 6.7250e+18 6.4882e+18 1.9311e-02 7.9245e-04 2.3610e+05 3.5935e+04
3.6400e+03 7.6915e-12 7.8145e-01 1.7895e+03 1.8738e+03 1.8833e+03 6.4847e+18 6.7514e+18 6.5139e+18 1.9277e-02 7.9101e-04 2.3647e+05 3.5979e+04
3.6500e+03 7.6785e-12 7.8150e-01 1.7892e+03 1.8734e+03 1.8829e+03 6.5098e+18 6.7779e+18 6.5397e+18 1.9244e-02 7.8957e-04 2.3683e+05 3.6023e+04
3.6600e+03 7.6656e-12 7.8155e-01 1.7889e+03 1.8731e+03 1.8825e+03 6.5350e+18 6.8045e+18 6.5655e+18 1.9210e-02 7.8814e-04 2.3720e+05 3.6067e+04
3.6700e+03 7.6527e-12 7.8159e-01 1.7885e+03 1.8727e+03 1.8822e+03 6.5602e+18 6.8311e+18 6.5914e+18 1.9176e-02 7.8670e-04 2.3756e+05 3.6111e+04
3.6800e+03 7.6399e-12 7.8165e-01 1.7882e+03 1.8724e+03 1.8818e+03 6.5855e+18 6.8578e+18 6.6174e+18 1.9143e-02 7.8526e-04 2.3793e+05 3.6155e+04
3.6900e+03 7.6271e-12 7.8170e-01 1.7879e+03 1.8720e+03 1.8815e+03 6.6108e+18 6.8846e+18 6.6434e+18 1.9110e-02 7.8382e-04 2.3830e+05 3.6199e+04
3.7000e+03 7.6144e-12 7.8175e-01 1.7876e+03 1.8716e+03 1.8811e+03 6.6362e+18 6.9114e+18 6.6695e+18 1.9077e-02 7.8239e-04 2.3866e+05 3.6243e+04
3.7100e+03 7.6018e-12 7.8180e-01 1.7873e+03 1.8713e+03 1.8807e+03 6.6617e+18 6.9382e+18 6.6957e+18 1.9044e-02 7.8095e-04 2.3903e+05 3.6287e+04
3.7200e+03 7.5891e-12 7.8186e-01 1.7870e+03 1.8709e+03 1.8804e+03 6.6872e+18 6.9652e+18 6.7219e+18 1.9011e-02 7.7951e-04 2.3939e+05 3.6331e+04
3.7300e+03 7.5766e-12 7.8191e-01 1.7867e+03 1.8706e+03 1.8800e+03 6.7128e+18 6.9922e+18 6.7482e+18 1.8978e-02 7.7808e-04 2.3976e+05 3.6376e+04
3.7400e+03 7.5641e-12 7.8197e-01 1.7864e+03 1.8702e+03 1.8797e+03 6.7384e+18 7.0192e+18 6.7746e+18 1.8945e-02 7.7664e-04 2.4012e+05 3.6420e+04
3.7500e+03 7.5516e-12 7.8203e-01 1.7861e+03 1.8699e+03 1.8793e+03 6.7641e+18 7.0464e+18 6.8010e+18 1.8913e-02 7.7521e-04 2.4049e+05 3.6464e+04
3.7600e+03 7.5392e-12 7.8209e-01 1.7858e+03 1.8695e+03 1.8789e+03 6.7898e+18 7.0736e+18 6.8275e+18 1.8880e-02 7.7377e-04 2.4085e+05 3.6509e+04
3.7700e+03 7.5269e-12 7.8215e-01 1.7855e+03 1.8692e+03 1.8786e+03 6.8156e+18 7.1008e+18 6.8540e+18 1.8848e-02 7.7234e-04 2.4122e+05 3.6553e+04
3.7800e+03 7.5146e-12 7.8221e-01 1.7852e+03 1.8688e+03 1.8782e+03 6.8415e+18 7.1281e+18 6.8806e+18 1.8816e-02 7.7090e-04 2.4159e+05 3.6597e+04
3.7900e+03 7.5023e-12 7.8227e-01 1.7849e+03 1.8685e+03 1.8779e+03 6.8674e+18 7.1555e+18 6.9073e+18 1.8783e-02 7.6947e-04 2.4195e+05 3.6642e+04
3.8000e+03 7.4901e-12 7.8233e-01 1.7846e+03 1.8681e+03 1.8775e+03 6.8934e+18 7.1830e+18 6.9341e+18 1.8751e-02 7.6804e-04 2.4232e+05 3.6686e+04
3.8100e+03 7.4780e-12 7.8239e-01 1.7843e+03 1.8678e+03 1.8772e+03 6.9194e+18 7.2105e+18 6.9609e+18 1.8720e-02 7.6661e-04 2.4268e+05 3.6731e+04
3.8200e+03 7.4659e-12 7.8246e-01 1.7840e+03 1.8674e+03 1.8768e+03 6.9455e+18 7.2380e+18 6.9877e+18 1.8688e-02 7.6518e-04 2.4305e+05 3.6775e+04
3.8300e+03 7.4539e-12 7.8252e-01 1.7837e+03 1.8671e+03 1.8765e+03 6.9716e+18 7.2657e+18 7.0147e+18 1.8656e-02 7.6375e-04 2.4341e+05 3.6820e+04
3.8400e+03 7.4419e-12 7.8259e-01 1.7834e+03 1.8667e+03 1.8761e+03 6.9978e+18 7.2933e+18 7.0417e+18 1.8624e-02 7.6233e-04 2.4378e+05 3.6865e+04
3.8500e+03 7.4299e-12 7.8266e-01 1.7831e+03 1.8664e+03 1.8758e+03 7.0240e+18 7.3211e+18 7.0687e+18 1.8593e-02 7.6090e-04 2.4414e+05 3.6909e+04
3.8600e+03 7.4180e-12 7.8272e-01 1.7828e+03 1.8660e+03 1.8754e+03 7.0504e+18 7.3489e+18 7.0959e+18 1.8561e-02 7.5948e-04 2.4451e+05 3.6954e+04
3.8700e+03 7.4061e-12 7.8279e-01 1.7825e+03 1.8657e+03 1.8751e+03 7.0767e+18 7.3768e+18 7.1230e+18 1.8530e-02 7.5805e-04 2.4487e+05 3.6999e+04
3.8800e+03 7.3943e-12 7.8286e-01 1.7822e+03 1.8654e+03 1.8747e+03 7.1031e+18 7.4047e+18 7.1503e+18 1.8499e-02 7.5663e-04 2.4524e+05 3.7043e+04
3.8900e+03 7.3826e-12 7.8293e-01 1.7819e+03 1.8650e+03 1.8744e+03 7.1296e+18 7.4327e+18 7.1776e+18 1.8468e-02 7.5521e-04 2.4560e+05 3.7088e+04
3.9000e+03 7.3709e-12 7.8300e-01 1.7816e+03 1.8647e+03 1.8740e+03 7.1561e+18 7.4608e+18 7.2050e+18 1.8437e-02 7.5379e-04 2.4597e+05 3.7133e+04
3.9100e+03 7.3592e-12 7.8307e-01 1.7813e+03 1.8643e+03 1.8737e+03 7.1827e+18 7.4889e+18 7.2324e+18 1.8406e-02 7.5238e-04 2.4633e+05 3.7178e+04
3.9200e+03 7.3476e-12 7.8315e-01 1.7810e+03 1.8640e+03 1.8733e+03 7.2094e+18 7.5171e+18 7.2599e+18 1.8375e-02 7.5096e-04 2.4669e+05 3.7223e+04
3.9300e+03 7.3360e-12 7.8322e-01 1.7807e+03 1.8637e+03 1.8730e+03 7.2361e+18 7.5454e+18 7.2875e+18 1.8345e-02 7.4955e-04 2.4706e+05 3.7267e+04
3.9400e+03 7.3245e-12 7.8329e-01 1.7805e+03 1.8633e+03 1.8726e+03 7.2628e+18 7.5737e+18 7.3151e+18 1.8314e-02 7.4813e-04 2.4742e+05 3.7312e+04
3.9500e+03 7.3130e-12 7.8337e-01 1.7802e+03 1.8630e+03 1.8723e+03 7.2896e+18 7.6020e+18 7.3428e+18 1.8284e-02 7.4672e-04 2.4779e+05 3.7357e+04
3.9600e+03 7.3016e-12 7.8344e-01 1.7799e+03 1.8626e+03 1.8719e+03 7.3165e+18 7.6305e+18 7.3705e+18 1.8253e-02 7.4531e-04 2.4815e+05 3.7402e+04
3.9700e+03 7.2902e-12 7.8352e-01 1.7796e+03 1.8623e+03 1.8716e+03 7.3434e+18 7.6590e+18 7.3984e+18 1.8223e-02 7.4391e-04 2.4852e+05 3.7447e+04
3.9800e+03 7.2788e-12 7.8359e-01 1.7793e+03 1.8620e+03 1.8712e+03 7.3704e+18 7.6875e+18 7.4262e+18 1.8193e-02 7.4250e-04 2.4888e+05 3.7492e+04
3.9900e+03 7.2675e-12 7.8367e-01 1.7790e+03 1.8616e+03 1.8709e+03 7.3974e+18 7.7162e+18 7.4542e+18 1.8163e-02 7.4110e-04 2.4924e+05 3.7537e+04
4.0000e+03 7.2562e-12 7.8375e-01 1.7787e+03 1.8613e+03 1.8706e+03 7.4245e+18 7.7448e+18 7.4822e+18 1.8133e-02 7.3970e-04 2.4961e+05 3.7582e+04
4.0100e+03 7.2450e-12 7.8383e-01 1.7784e+03 1.8610e+03 1.8702e+03 7.4517e+18 7.7736e+18 7.5102e+18 1.8103e-02 7.3830e-04 2.4997e+05 3.7627e+04
4.0200e+03 7.2339e-12 7.8391e-01 1.7781e+03 1.8606e+03 1.8699e+03 7.4789e+18 7.8024e+18 7.5384e+18 1.8073e-02 7.3690e-04 2.5034e+05 3.7672e+04
4.0300e+03 7.2227e-12 7.8399e-01 1.7779e+03 1.8603e+03 1.8695e+03 7.5061e+18 7.8312e+18 7.5665e+18 1.8044e-02 7.3551e-04 2.5070e+05 3.7717e+04
4.0400e+03 7.2116e-12 7.8407e-01 1.7776e+03 1.8600e+03 1.8692e+03 7.5334e+18 7.8602e+18 7.5948e+18 1.8014e-02 7.3412e-04 2.5106e+05 3.7762e+04
4.0500e+03 7.2006e-12 7.8415e-01 1.7773e+03 1.8596e+03 1.8689e+03 7.5608e+18 7.8891e+18 7.6231e+18 1.7985e-02 7.3272e-04 2.5143e+05 3.7807e+04
4.0600e+03 7.1896e-12 7.8423e-01 1.7770e+03 1.8593e+03 1.8685e+03 7.5882e+18 7.9182e+18 7.6515e+18 1.7955e-02 7.3134e-04 2.5179e+05 3.7853e+04
4.0700e+03 7.1786e-12 7.8431e-01 1.7767e+03 1.8590e+03 1.8682e+03 7.6157e+18 7.9473e+18 7.6799e+18 1.7926e-02 7.2995e-04 2.5215e+05 3.7898e+04
4.0800e+03 7.1677e-12 7.8439e-01 1.7764e+03 1.8586e+03 1.8678e+03 7.6432e+18 7.9765e+18 7.7084e+18 1.7897e-02 7.2857e-04 2.5252e+05 3.7943e+04
4.0900e+03 7.1568e-12 7.8448e-01 1.7761e+03 1.8583e+03 1.8675e+03 7.6708e+18 8.0057e+18 7.7370e+18 1.7868e-02 7.2719e-04 2.5288e+05 3.7988e+04
4.1000e+03 7.1460e-12 7.8456e-01 1.7759e+03 1.8580e+03 1.8672e+03 7.6985e+18 8.0350e+18 7.7656e+18 1.7839e-02 7.2581e-04 2.5324e+05 3.8033e+04
4.1100e+03 7.1352e-12 7.8464e-01 1.7756e+03 1.8576e+03 1.8668e+03 7.7262e+18 8.0643e+18 7.7943e+18 1.7810e-02 7.2443e-04 2.5361e+05 3.8078e+04
4.1200e+03 7.1244e-12 7.8473e-01 1.7753e+03 1.8573e+03 1.8665e+03 7.7539e+18 8.0937e+18 7.8230e+18 1.7781e-02 7.2306e-04 2.5397e+05 3.8124e+04
4.1300e+03 7.1137e-12 7.8481e-01 1.7750e+03 1.8570e+03 1.8662e+03 7.7817e+18 8.1232e+18 7.8518e+18 1.7753e-02 7.2168e-04 2.5433e+05 3.8169e+04
4.1400e+03 7.1030e-12 7.8490e-01 1.7747e+03 1.8567e+03 1.8658e+03 7.8096e+18 8.1527e+18 7.8807e+18 1.7724e-02 7.2031e-04 2.5470e+05 3.8214e+04
4.1500e+03 7.0924e-12 7.8498e-01 1.7745e+03 1.8563e+03 1.8655e+03 7.8375e+18 8.1823e+18 7.9096e+18 1.7696e-02 7.1895e-04 2.5506e+05 3.8259e+04
4.1600e+03 7.0818e-12 7.8507e-01 1.7742e+03 1.8560e+03 1.8652e+03 7.8655e+18 8.2120e+18 7.9386e+18 1.7667e-02 7.1758e-04 2.5542e+05 3.8305e+04
4.1700e+03 7.0712e-12 7.8516e-01 1.7739e+03 1.8557e+03 1.8648e+03 7.8935e+18 8.2417e+18 7.9677e+18 1.7639e-02 7.1622e-04 2.5578e+05 3.8350e+04
4.1800e+03 7.0607e-12 7.8524e-01 1.7736e+03 1.8554e+03 1.8645e+03 7.9216e+18 8.2714e+18 7.9968e+18 1.7611e-02 7.1486e-04 2.5615e+05 3.8395e+04
4.1900e+03 7.0502e-12 7.8533e-01 1.7734e+03 1.8550e+03 1.8642e+03 7.9497e+18 8.3013e+18 8.0259e+18 1.7583e-02 7.1351e-04 2.5651e+05 3.8440e+04
4.2000e+03 7.0397e-12 7.8542e-01 1.7731e+03 1.8547e+03 1.8639e+03 7.9779e+18 8.3312e+18 8.0552e+18 1.7555e-02 7.1215e-04 2.5687e+05 3.8486e+04
4.2100e+03 7.0293e-12 7.8551e-01 1.7728e+03 1.8544e+03 1.8635e+03 8.0061e+18 8.3611e+18 8.0845e+18 1.7527e-02 7.1080e-04 2.5723e+05 3.8531e+04
4.2200e+03 7.0190e-12 7.8560e-01 1.7725e+03 1.8541e+03 1.8632e+03 8.0344e+18 8.3911e+18 8.1138e+18 1.7499e-02 7.0945e-04 2.5760e+05 3.8576e+04
4.2300e+03 7.0086e-12 7.8569e-01 1.7723e+03 1.8538e+03 1.8629e+03 8.0628e+18 8.4212e+18 8.1432e+18 1.7471e-02 7.0811e-04 2.5796e+05 3.8622e+04
4.2400e+03 6.9983e-12 7.8577e-01 1.7720e+03 1.8534e+03 1.8625e+03 8.0912e+18 8.4513e+18 8.1727e+18 1.7443e-02 7.0677e-04 2.5832e+05 3.8667e+04
4.2500e+03 6.9881e-12 7.8586e-01 1.7717e+03 1.8531e+03 1.8622e+03 8.1196e+18 8.4815e+18 8.2023e+18 1.7416e-02 7.0543e-04 2.5868e+05 3.8712e+04
4.2600e+03 6.9778e-12 7.8595e-01 1.7714e+03 1.8528e+03 1.8619e+03 8.1481e+18 8.5118e+18 8.2319e+18 1.7388e-02 7.0409e-04 2.5904e+05 3.8758e+04
4.2700e+03 6.9676e-12 7.8604e-01 1.7712e+03 1.8525e+03 1.8616e+03 8.1767e+18 8.5421e+18 8.2615e+18 1.7361e-02 7.0275e-04 2.5940e+05 3.8803e+04
4.2800e+03 6.9575e-12 7.8614e-01 1.7709e+03 1.8522e+03 1.8612e+03 8.2053e+18 8.5724e+18 8.2912e+18 1.7334e-02 7.0142e-04 2.5977e+05 3.8848e+04
4.2900e+03 6.9474e-12 7.8623e-01 1.7706e+03 1.8518e+03 1.8609e+03 8.2340e+18 8.6029e+18 8.3210e+18 1.7306e-02 7.0009e-04 2.6013e+05 3.8894e+04
4.3000e+03 6.9373e-12 7.8632e-01 1.7704e+03 1.8515e+03 1.8606e+03 8.2627e+18 8.6334e+18 8.3509e+18 1.7279e-02 6.9877e-04 2.6049e+05 3.8939e+04
4.3100e+03 6.9272e-12 7.8641e-01 1.7701e+03 1.8512e+03 1.8603e+03 8.2915e+18 8.6639e+18 8.3808e+18 1.7252e-02 6.9745e-04 2.6085e+05 3.8984e+04
4.3200e+03 6.9172e-12 7.8650e-01 1.7698e+03 1.8509e+03 1.8600e+03 8.3204e+18 8.6945e+18 8.4107e+18 1.7225e-02 6.9613e-04 2.6121e+05 3.9030e+04
4.3300e+03 6.9073e-12 7.8659e-01 1.7695e+03 1.8506e+03 1.8596e+03 8.3492e+18 8.7252e+18 8.4407e+18 1.7198e-02 6.9481e-04 2.6157e+05 3.9075e+04
4.3400e+03 6.8973e-12 7.8669e-01 1.7693e+03 1.8503e+03 1.8593e+03 8.3782e+18 8.7559e+18 8.4708e+18 1.7172e-02 6.9350e-04 2.6193e+05 3.9121e+04
4.3500e+03 6.8874e-12 7.8678e-01 1.7690e+03 1.8500e+03 1.8590e+03 8.4072e+18 8.7867e+18 8.5010e+18 1.7145e-02 6.9219e-04 2.6229e+05 3.9166e+04
4.3600e+03 6.8775e-12 7.8687e-01 1.7687e+03 1.8496e+03 1.8587e+03 8.4362e+18 8.8175e+18 8.5312e+18 1.7118e-02 6.9088e-04 2.6265e+05 3.9211e+04
4.3700e+03 6.8677e-12 7.8696e-01 1.7685e+03 1.8493e+03 1.8584e+03 8.4654e+18 8.8484e+18 8.5614e+18 1.7092e-02 6.8957e-04 2.6301e+05 3.9257e+04
4.3800e+03 6.8579e-12 7.8706e-01 1.7682e+03 1.8490e+03 1.8580e+03 8.4945e+18 8.8794e+18 8.5918e+18 1.7065e-02 6.8827e-04 2.6338e+05 3.9302e+04
4.3900e+03 6.8481e-12 7.8715e-01 1.7679e+03 1.8487e+03 1.8577e+03 8.5237e+18 8.9104e+18 8.6222e+18 1.7039e-02 6.8697e-04 2.6374e+05 3.9348e+04
4.4000e+03 6.8384e-12 7.8725e-01 1.7677e+03 1.8484e+03 1.8574e+03 8.5530e+18 8.9415e+18 8.6526e+18 1.7013e-02 6.8568e-04 2.6410e+05 3.9393e+04
4.4100e+03 6.8287e-12 7.8734e-01 1.7674e+03 1.8481e+03 1.8571e+03 8.5823e+18 8.9727e+18 8.6831e+18 1.6987e-02 6.8438e-04 2.6446e+05 3.9438e+04
4.4200e+03 6.8190e-12 7.8743e-01 1.7671e+03 1.8478e+03 1.8568e+03 8.6117e+18 9.0039e+18 8.7137e+18 1.6961e-02 6.8309e-04 2.6482e+05 3.9484e+04
4.4300e+03 6.8094e-12 7.8753e-01 1.7669e+03 1.8475e+03 1.8565e+03 8.6411e+18 9.0351e+18 8.7443e+18 1.6935e-02 6.8181e-04 2.6518e+05 3.9529e+04
4.4400e+03 6.7998e-12 7.8762e-01 1.7666e+03 1.8472e+03 1.8561e+03 8.6706e+18 9.0664e+18 8.7750e+18 1.6909e-02 6.8053e-04 2.6554e+05 3.9575e+04
4.4500e+03 6.7902e-12 7.8772e-01 1.7664e+03 1.8469e+03 1.8558e+03 8.7002e+18 9.0978e+18 8.8057e+18 1.6883e-02 6.7925e-04 2.6590e+05 3.9620e+04
4.4600e+03 6.7807e-12 7.8781e-01 1.7661e+03 1.8466e+03 1.8555e+03 8.7297e+18 9.1292e+18 8.8365e+18 1.6857e-02 6.7797e-04 2.6626e+05 3.9665e+04
4.4700e+03 6.7711e-12 7.8791e-01 1.7658e+03 1.8462e+03 1.8552e+03 8.7594e+18 9.1607e+18 8.8674e+18 1.6831e-02 6.7669e-04 2.6662e+05 3.9711e+04
4.4800e+03 6.7617e-12 7.8800e-01 1.7656e+03 1.8459e+03 1.8549e+03 8.7891e+18 9.1923e+18 8.8983e+18 1.6806e-02 6.7542e-04 2.6698e+05 3.9756e+04
4.4900e+03 6.7522e-12 7.8810e-01 1.7653e+03 1.8456e+03 1.8546e+03 8.8188e+18 9.2239e+18 8.9293e+18 1.6780e-02 6.7416e-04 2.6733e+05 3.9802e+04
4.5000e+03 6.7428e-12 7.8819e-01 1.7651e+03 1.8453e+03 1.8543e+03 8.8486e+18 9.2556e+18 8.9604e+18 1.6755e-02 6.7289e-04 2.6769e+05 3.9847e+04
4.5100e+03 6.7334e-12 7.8829e-01 1.7648e+03 1.8450e+03 1.8540e+03 8.8785e+18 9.2873e+18 8.9915e+18 1.6730e-02 6.7163e-04 2.6805e+05 3.9892e+04
4.5200e+03 6.7241e-12 7.8839e-01 1.7645e+03 1.8447e+03 1.8537e+03 8.9084e+18 9.3191e+18 9.0226e+18 1.6704e-02 6.7037e-04 2.6841e+05 3.9938e+04
4.5300e+03 6.7147e-12 7.8848e-01 1.7643e+03 1.8444e+03 1.8533e+03 8.9384e+18 9.3509e+18 9.0539e+18 1.6679e-02 6.6912e-04 2.6877e+05 3.9983e+04
4.5400e+03 6.7055e-12 7.8858e-01 1.7640e+03 1.8441e+03 1.8530e+03 8.9684e+18 9.3828e+18 9.0852e+18 1.6654e-02 6.6787e-04 2.6913e+05 4.0028e+04
4.5500e+03 0.0000e+00 0.0000e+00 1.7638e+03 0.0000e+00 1.8527e+03 0.0000e+00 0.0000e+00 0.0000e+00 0.0000e+00 0.0000e+00 0.0000e+00 0.0000e+00
