0.0000e+00 2.5736e-11 8.7678e-01 1.7000e+03 1.7954e+03 1.9980e+03 1.5847e+17 5.6295e+16 2.0209e+16 5.7488e-02 1.7739e-01 7.4624e+04 3.4257e+03
1.0000e+01 2.5587e-11 6.3285e-01 1.7563e+03 1.8535e+03 1.9162e+03 8.1967e+16 6.3909e+16 4.5900e+16 7.9187e-02 3.4149e-02 5.6309e+04 5.5112e+03
2.0000e+01 2.5440e-11 6.0508e-01 1.7634e+03 1.8624e+03 1.9004e+03 7.4148e+16 6.6275e+16 5.4190e+16 8.2346e-02 1.7208e-02 5.4408e+04 6.6318e+03
3.0000e+01 2.5295e-11 5.9770e-01 1.7646e+03 1.8638e+03 1.8925e+03 7.2999e+16 6.8661e+16 5.8981e+16 8.2885e-02 1.1692e-02 5.4098e+04 7.3733e+03
4.0000e+01 2.5150e-11 5.9656e-01 1.7639e+03 1.8630e+03 1.8871e+03 7.3573e+16 7.0986e+16 6.2500e+16 8.2568e-02 9.1543e-03 5.4280e+04 7.8993e+03
5.0000e+01 2.5007e-11 5.9810e-01 1.7624e+03 1.8613e+03 1.8829e+03 7.4893e+16 7.3293e+16 6.5417e+16 8.1887e-02 7.8067e-03 5.4676e+04 8.2772e+03
6.0000e+01 2.4865e-11 6.0091e-01 1.7605e+03 1.8593e+03 1.8793e+03 7.6595e+16 7.5600e+16 6.8023e+16 8.1041e-02 7.0169e-03 5.5177e+04 8.5558e+03
7.0000e+01 2.4724e-11 6.0436e-01 1.7585e+03 1.8570e+03 1.8760e+03 7.8511e+16 7.7916e+16 7.0463e+16 8.0123e-02 6.5140e-03 5.5732e+04 8.7701e+03
8.0000e+01 2.4584e-11 6.0810e-01 1.7563e+03 1.8547e+03 1.8730e+03 8.0555e+16 8.0245e+16 7.2814e+16 7.9179e-02 6.1682e-03 5.6314e+04 8.9433e+03
9.0000e+01 2.4446e-11 6.1197e-01 1.7541e+03 1.8523e+03 1.8702e+03 8.2681e+16 8.2590e+16 7.5120e+16 7.8236e-02 5.9126e-03 5.6910e+04 9.0904e+03
1.0000e+02 2.4308e-11 6.1586e-01 1.7520e+03 1.8499e+03 1.8675e+03 8.4862e+16 8.4951e+16 7.7406e+16 7.7305e-02 5.7108e-03 5.7511e+04 9.2211e+03
1.1000e+02 2.4172e-11 6.1972e-01 1.7498e+03 1.8476e+03 1.8648e+03 8.7082e+16 8.7329e+16 7.9686e+16 7.6393e-02 5.5425e-03 5.8114e+04 9.3412e+03
1.2000e+02 2.4037e-11 6.2353e-01 1.7477e+03 1.8453e+03 1.8623e+03 8.9331e+16 8.9723e+16 8.1970e+16 7.5503e-02 5.3960e-03 5.8715e+04 9.4543e+03
1.3000e+02 2.3903e-11 6.2725e-01 1.7456e+03 1.8430e+03 1.8598e+03 9.1605e+16 9.2135e+16 8.4262e+16 7.4636e-02 5.2642e-03 5.9313e+04 9.5629e+03
1.4000e+02 2.3771e-11 6.3089e-01 1.7436e+03 1.8408e+03 1.8574e+03 9.3899e+16 9.4564e+16 8.6567e+16 7.3794e-02 5.1429e-03 5.9908e+04 9.6682e+03
1.5000e+02 2.3639e-11 6.3444e-01 1.7416e+03 1.8386e+03 1.8550e+03 9.6210e+16 9.7009e+16 8.8885e+16 7.2975e-02 5.0297e-03 6.0498e+04 9.7712e+03
1.6000e+02 2.3509e-11 6.3789e-01 1.7397e+03 1.8365e+03 1.8527e+03 9.8538e+16 9.9472e+16 9.1219e+16 7.2179e-02 4.9229e-03 6.1084e+04 9.8724e+03
1.7000e+02 2.3379e-11 6.4125e-01 1.7377e+03 1.8344e+03 1.8504e+03 1.0088e+17 1.0195e+17 9.3568e+16 7.1406e-02 4.8213e-03 6.1665e+04 9.9721e+03
1.8000e+02 2.3251e-11 6.4452e-01 1.7359e+03 1.8323e+03 1.8482e+03 1.0324e+17 1.0445e+17 9.5932e+16 7.0654e-02 4.7243e-03 6.2241e+04 1.0071e+04
1.9000e+02 2.3124e-11 6.4771e-01 1.7340e+03 1.8303e+03 1.8460e+03 1.0561e+17 1.0696e+17 9.8313e+16 6.9922e-02 4.6315e-03 6.2813e+04 1.0168e+04
2.0000e+02 2.2998e-11 6.5080e-01 1.7322e+03 1.8283e+03 1.8439e+03 1.0800e+17 1.0949e+17 1.0071e+17 6.9211e-02 4.5423e-03 6.3381e+04 1.0265e+04
2.1000e+02 2.2873e-11 6.5381e-01 1.7304e+03 1.8264e+03 1.8418e+03 1.1040e+17 1.1203e+17 1.0312e+17 6.8518e-02 4.4565e-03 6.3944e+04 1.0361e+04
2.2000e+02 2.2749e-11 6.5673e-01 1.7287e+03 1.8245e+03 1.8397e+03 1.1281e+17 1.1459e+17 1.0555e+17 6.7843e-02 4.3739e-03 6.4503e+04 1.0456e+04
2.3000e+02 2.2626e-11 6.5957e-01 1.7270e+03 1.8226e+03 1.8377e+03 1.1524e+17 1.1717e+17 1.0800e+17 6.7185e-02 4.2944e-03 6.5058e+04 1.0550e+04
2.4000e+02 2.2504e-11 6.6234e-01 1.7253e+03 1.8208e+03 1.8357e+03 1.1768e+17 1.1976e+17 1.1046e+17 6.6544e-02 4.2176e-03 6.5608e+04 1.0643e+04
2.5000e+02 2.2383e-11 6.6503e-01 1.7236e+03 1.8189e+03 1.8338e+03 1.2014e+17 1.2237e+17 1.1294e+17 6.5919e-02 4.1436e-03 6.6155e+04 1.0736e+04
2.6000e+02 2.2263e-11 6.6764e-01 1.7220e+03 1.8172e+03 1.8319e+03 1.2260e+17 1.2499e+17 1.1543e+17 6.5310e-02 4.0720e-03 6.6698e+04 1.0828e+04
2.7000e+02 2.2144e-11 6.7018e-01 1.7204e+03 1.8154e+03 1.8300e+03 1.2509e+17 1.2763e+17 1.1794e+17 6.4715e-02 4.0030e-03 6.7237e+04 1.0919e+04
2.8000e+02 2.2026e-11 6.7265e-01 1.7188e+03 1.8137e+03 1.8281e+03 1.2758e+17 1.3029e+17 1.2047e+17 6.4134e-02 3.9362e-03 6.7773e+04 1.1009e+04
2.9000e+02 2.1910e-11 6.7506e-01 1.7173e+03 1.8120e+03 1.8263e+03 1.3009e+17 1.3296e+17 1.2301e+17 6.3566e-02 3.8716e-03 6.8305e+04 1.1099e+04
3.0000e+02 2.1794e-11 6.7740e-01 1.7158e+03 1.8103e+03 1.8245e+03 1.3261e+17 1.3564e+17 1.2557e+17 6.3012e-02 3.8091e-03 6.8834e+04 1.1188e+04
3.1000e+02 2.1679e-11 6.7967e-01 1.7143e+03 1.8087e+03 1.8228e+03 1.3514e+17 1.3834e+17 1.2814e+17 6.2469e-02 3.7487e-03 6.9359e+04 1.1277e+04
3.2000e+02 2.1565e-11 6.8189e-01 1.7128e+03 1.8071e+03 1.8210e+03 1.3769e+17 1.4106e+17 1.3073e+17 6.1939e-02 3.6902e-03 6.9881e+04 1.1365e+04
3.3000e+02 2.1452e-11 6.8404e-01 1.7113e+03 1.8055e+03 1.8193e+03 1.4025e+17 1.4380e+17 1.3333e+17 6.1421e-02 3.6335e-03 7.0400e+04 1.1452e+04
3.4000e+02 2.1340e-11 6.8613e-01 1.7099e+03 1.8039e+03 1.8177e+03 1.4283e+17 1.4654e+17 1.3595e+17 6.0914e-02 3.5786e-03 7.0916e+04 1.1539e+04
3.5000e+02 2.1229e-11 6.8817e-01 1.7085e+03 1.8024e+03 1.8160e+03 1.4542e+17 1.4931e+17 1.3858e+17 6.0417e-02 3.5254e-03 7.1429e+04 1.1624e+04
3.6000e+02 2.1118e-11 6.9015e-01 1.7071e+03 1.8008e+03 1.8144e+03 1.4802e+17 1.5209e+17 1.4123e+17 5.9930e-02 3.4738e-03 7.1939e+04 1.1710e+04
3.7000e+02 2.1009e-11 6.9208e-01 1.7057e+03 1.7993e+03 1.8128e+03 1.5064e+17 1.5489e+17 1.4390e+17 5.9454e-02 3.4238e-03 7.2447e+04 1.1794e+04
3.8000e+02 2.0901e-11 6.9396e-01 1.7044e+03 1.7978e+03 1.8112e+03 1.5327e+17 1.5770e+17 1.4658e+17 5.8987e-02 3.3753e-03 7.2951e+04 1.1879e+04
3.9000e+02 2.0793e-11 6.9579e-01 1.7031e+03 1.7964e+03 1.8097e+03 1.5591e+17 1.6053e+17 1.4928e+17 5.8530e-02 3.3282e-03 7.3453e+04 1.1962e+04
4.0000e+02 2.0687e-11 6.9757e-01 1.7018e+03 1.7949e+03 1.8081e+03 1.5857e+17 1.6337e+17 1.5199e+17 5.8081e-02 3.2825e-03 7.3952e+04 1.2045e+04
4.1000e+02 2.0581e-11 6.9930e-01 1.7005e+03 1.7935e+03 1.8066e+03 1.6124e+17 1.6623e+17 1.5472e+17 5.7641e-02 3.2381e-03 7.4449e+04 1.2127e+04
4.2000e+02 2.0476e-11 7.0099e-01 1.6992e+03 1.7921e+03 1.8051e+03 1.6393e+17 1.6910e+17 1.5746e+17 5.7210e-02 3.1950e-03 7.4944e+04 1.2209e+04
4.3000e+02 2.0372e-11 7.0263e-01 1.6979e+03 1.7907e+03 1.8036e+03 1.6663e+17 1.7199e+17 1.6022e+17 5.6786e-02 3.1531e-03 7.5436e+04 1.2290e+04
4.4000e+02 2.0269e-11 7.0423e-01 1.6967e+03 1.7894e+03 1.8022e+03 1.6934e+17 1.7490e+17 1.6300e+17 5.6371e-02 3.1124e-03 7.5926e+04 1.2371e+04
4.5000e+02 2.0167e-11 7.0578e-01 1.6954e+03 1.7880e+03 1.8007e+03 1.7207e+17 1.7783e+17 1.6579e+17 5.5963e-02 3.0728e-03 7.6413e+04 1.2451e+04
4.6000e+02 2.0065e-11 7.0730e-01 1.6942e+03 1.7867e+03 1.7993e+03 1.7481e+17 1.8077e+17 1.6860e+17 5.5562e-02 3.0343e-03 7.6898e+04 1.2531e+04
4.7000e+02 1.9965e-11 7.0877e-01 1.6930e+03 1.7853e+03 1.7979e+03 1.7757e+17 1.8372e+17 1.7142e+17 5.5168e-02 2.9968e-03 7.7382e+04 1.2610e+04
4.8000e+02 1.9865e-11 7.1021e-01 1.6918e+03 1.7840e+03 1.7966e+03 1.8034e+17 1.8669e+17 1.7426e+17 5.4782e-02 2.9604e-03 7.7863e+04 1.2688e+04
4.9000e+02 1.9766e-11 7.1161e-01 1.6906e+03 1.7827e+03 1.7952e+03 1.8313e+17 1.8968e+17 1.7711e+17 5.4402e-02 2.9249e-03 7.8342e+04 1.2767e+04
5.0000e+02 1.9668e-11 7.1297e-01 1.6895e+03 1.7815e+03 1.7938e+03 1.8593e+17 1.9269e+17 1.7998e+17 5.4028e-02 2.8904e-03 7.8819e+04 1.2844e+04
5.1000e+02 1.9571e-11 7.1430e-01 1.6883e+03 1.7802e+03 1.7925e+03 1.8875e+17 1.9571e+17 1.8287e+17 5.3661e-02 2.8567e-03 7.9295e+04 1.2921e+04
5.2000e+02 1.9474e-11 7.1560e-01 1.6872e+03 1.7790e+03 1.7912e+03 1.9158e+17 1.9875e+17 1.8578e+17 5.3299e-02 2.8240e-03 7.9768e+04 1.2998e+04
5.3000e+02 1.9378e-11 7.1686e-01 1.6861e+03 1.7777e+03 1.7899e+03 1.9442e+17 2.0180e+17 1.8870e+17 5.2944e-02 2.7920e-03 8.0240e+04 1.3074e+04
5.4000e+02 1.9283e-11 7.1809e-01 1.6850e+03 1.7765e+03 1.7886e+03 1.9728e+17 2.0488e+17 1.9163e+17 5.2595e-02 2.7609e-03 8.0710e+04 1.3150e+04
5.5000e+02 1.9189e-11 7.1929e-01 1.6839e+03 1.7753e+03 1.7873e+03 2.0016e+17 2.0797e+17 1.9458e+17 5.2251e-02 2.7305e-03 8.1178e+04 1.3225e+04
5.6000e+02 1.9096e-11 7.2045e-01 1.6828e+03 1.7741e+03 1.7861e+03 2.0305e+17 2.1107e+17 1.9755e+17 5.1912e-02 2.7010e-03 8.1645e+04 1.3300e+04
5.7000e+02 1.9003e-11 7.2159e-01 1.6817e+03 1.7729e+03 1.7848e+03 2.0596e+17 2.1419e+17 2.0054e+17 5.1579e-02 2.6721e-03 8.2110e+04 1.3374e+04
5.8000e+02 1.8911e-11 7.2270e-01 1.6806e+03 1.7717e+03 1.7836e+03 2.0888e+17 2.1734e+17 2.0354e+17 5.1250e-02 2.6439e-03 8.2574e+04 1.3448e+04
5.9000e+02 1.8820e-11 7.2379e-01 1.6796e+03 1.7706e+03 1.7824e+03 2.1182e+17 2.2049e+17 2.0656e+17 5.0927e-02 2.6164e-03 8.3036e+04 1.3521e+04
6.0000e+02 1.8730e-11 7.2484e-01 1.6786e+03 1.7694e+03 1.7812e+03 2.1477e+17 2.2367e+17 2.0960e+17 5.0609e-02 2.5896e-03 8.3496e+04 1.3594e+04
6.1000e+02 1.8640e-11 7.2587e-01 1.6775e+03 1.7683e+03 1.7800e+03 2.1774e+17 2.2686e+17 2.1265e+17 5.0295e-02 2.5634e-03 8.3955e+04 1.3667e+04
6.2000e+02 1.8551e-11 7.2687e-01 1.6765e+03 1.7672e+03 1.7788e+03 2.2072e+17 2.3007e+17 2.1572e+17 4.9986e-02 2.5378e-03 8.4413e+04 1.3739e+04
6.3000e+02 1.8463e-11 7.2785e-01 1.6755e+03 1.7660e+03 1.7776e+03 2.2372e+17 2.3330e+17 2.1881e+17 4.9682e-02 2.5127e-03 8.4870e+04 1.3811e+04
6.4000e+02 1.8376e-11 7.2881e-01 1.6745e+03 1.7649e+03 1.7765e+03 2.2674e+17 2.3655e+17 2.2191e+17 4.9381e-02 2.4883e-03 8.5325e+04 1.3882e+04
6.5000e+02 1.8289e-11 7.2974e-01 1.6735e+03 1.7638e+03 1.7753e+03 2.2977e+17 2.3981e+17 2.2504e+17 4.9085e-02 2.4644e-03 8.5778e+04 1.3953e+04
6.6000e+02 1.8203e-11 7.3065e-01 1.6725e+03 1.7628e+03 1.7742e+03 2.3282e+17 2.4309e+17 2.2817e+17 4.8794e-02 2.4411e-03 8.6231e+04 1.4024e+04
6.7000e+02 1.8117e-11 7.3154e-01 1.6715e+03 1.7617e+03 1.7730e+03 2.3589e+17 2.4639e+17 2.3133e+17 4.8506e-02 2.4182e-03 8.6682e+04 1.4094e+04
6.8000e+02 1.8033e-11 7.3240e-01 1.6706e+03 1.7606e+03 1.7719e+03 2.3897e+17 2.4971e+17 2.3451e+17 4.8222e-02 2.3959e-03 8.7132e+04 1.4164e+04
6.9000e+02 1.7949e-11 7.3325e-01 1.6696e+03 1.7596e+03 1.7708e+03 2.4207e+17 2.5305e+17 2.3770e+17 4.7942e-02 2.3740e-03 8.7581e+04 1.4233e+04
7.0000e+02 1.7865e-11 7.3407e-01 1.6687e+03 1.7585e+03 1.7697e+03 2.4518e+17 2.5640e+17 2.4091e+17 4.7666e-02 2.3526e-03 8.8029e+04 1.4302e+04
7.1000e+02 1.7783e-11 7.3488e-01 1.6677e+03 1.7575e+03 1.7686e+03 2.4832e+17 2.5977e+17 2.4413e+17 4.7393e-02 2.3317e-03 8.8476e+04 1.4371e+04
7.2000e+02 1.7701e-11 7.3567e-01 1.6668e+03 1.7564e+03 1.7676e+03 2.5146e+17 2.6317e+17 2.4738e+17 4.7124e-02 2.3112e-03 8.8921e+04 1.4440e+04
7.3000e+02 1.7619e-11 7.3643e-01 1.6659e+03 1.7554e+03 1.7665e+03 2.5463e+17 2.6658e+17 2.5064e+17 4.6859e-02 2.2911e-03 8.9366e+04 1.4508e+04
7.4000e+02 1.7539e-11 7.3718e-01 1.6649e+03 1.7544e+03 1.7654e+03 2.5781e+17 2.7001e+17 2.5392e+17 4.6596e-02 2.2714e-03 8.9810e+04 1.4576e+04
7.5000e+02 1.7459e-11 7.3792e-01 1.6640e+03 1.7534e+03 1.7644e+03 2.6101e+17 2.7345e+17 2.5722e+17 4.6338e-02 2.2522e-03 9.0252e+04 1.4643e+04
7.6000e+02 1.7379e-11 7.3863e-01 1.6631e+03 1.7524e+03 1.7634e+03 2.6423e+17 2.7692e+17 2.6054e+17 4.6082e-02 2.2333e-03 9.0694e+04 1.4710e+04
7.7000e+02 1.7300e-11 7.3933e-01 1.6622e+03 1.7514e+03 1.7623e+03 2.6746e+17 2.8041e+17 2.6388e+17 4.5830e-02 2.2148e-03 9.1135e+04 1.4777e+04
7.8000e+02 1.7222e-11 7.4002e-01 1.6613e+03 1.7504e+03 1.7613e+03 2.7071e+17 2.8391e+17 2.6723e+17 4.5581e-02 2.1967e-03 9.1574e+04 1.4844e+04
7.9000e+02 1.7145e-11 7.4069e-01 1.6605e+03 1.7495e+03 1.7603e+03 2.7398e+17 2.8744e+17 2.7061e+17 4.5334e-02 2.1789e-03 9.2013e+04 1.4910e+04
8.0000e+02 1.7068e-11 7.4134e-01 1.6596e+03 1.7485e+03 1.7593e+03 2.7727e+17 2.9098e+17 2.7400e+17 4.5091e-02 2.1614e-03 9.2451e+04 1.4976e+04
8.1000e+02 1.6991e-11 7.4198e-01 1.6587e+03 1.7475e+03 1.7583e+03 2.8057e+17 2.9455e+17 2.7741e+17 4.4851e-02 2.1443e-03 9.2889e+04 1.5042e+04
8.2000e+02 1.6916e-11 7.4260e-01 1.6579e+03 1.7466e+03 1.7573e+03 2.8390e+17 2.9813e+17 2.8084e+17 4.4614e-02 2.1275e-03 9.3325e+04 1.5107e+04
8.3000e+02 1.6841e-11 7.4322e-01 1.6570e+03 1.7456e+03 1.7563e+03 2.8723e+17 3.0173e+17 2.8429e+17 4.4379e-02 2.1111e-03 9.3761e+04 1.5172e+04
8.4000e+02 1.6766e-11 7.4381e-01 1.6562e+03 1.7447e+03 1.7553e+03 2.9059e+17 3.0535e+17 2.8775e+17 4.4147e-02 2.0949e-03 9.4195e+04 1.5237e+04
8.5000e+02 1.6692e-11 7.4440e-01 1.6553e+03 1.7438e+03 1.7544e+03 2.9397e+17 3.0900e+17 2.9124e+17 4.3918e-02 2.0790e-03 9.4629e+04 1.5301e+04
8.6000e+02 1.6619e-11 7.4497e-01 1.6545e+03 1.7429e+03 1.7534e+03 2.9736e+17 3.1266e+17 2.9475e+17 4.3692e-02 2.0634e-03 9.5063e+04 1.5366e+04
8.7000e+02 1.6546e-11 7.4553e-01 1.6537e+03 1.7419e+03 1.7525e+03 3.0077e+17 3.1634e+17 2.9827e+17 4.3468e-02 2.0481e-03 9.5495e+04 1.5430e+04
8.8000e+02 1.6474e-11 7.4608e-01 1.6528e+03 1.7410e+03 1.7515e+03 3.0420e+17 3.2005e+17 3.0182e+17 4.3246e-02 2.0331e-03 9.5927e+04 1.5493e+04
8.9000e+02 1.6402e-11 7.4662e-01 1.6520e+03 1.7401e+03 1.7506e+03 3.0765e+17 3.2377e+17 3.0538e+17 4.3027e-02 2.0183e-03 9.6358e+04 1.5557e+04
9.0000e+02 1.6331e-11 7.4714e-01 1.6512e+03 1.7392e+03 1.7497e+03 3.1112e+17 3.2751e+17 3.0896e+17 4.2811e-02 2.0038e-03 9.6789e+04 1.5620e+04
9.1000e+02 1.6261e-11 7.4766e-01 1.6504e+03 1.7383e+03 1.7487e+03 3.1460e+17 3.3127e+17 3.1257e+17 4.2597e-02 1.9895e-03 9.7219e+04 1.5683e+04
9.2000e+02 1.6191e-11 7.4816e-01 1.6496e+03 1.7374e+03 1.7478e+03 3.1811e+17 3.3506e+17 3.1619e+17 4.2385e-02 1.9755e-03 9.7648e+04 1.5746e+04
9.3000e+02 1.6122e-11 7.4866e-01 1.6488e+03 1.7366e+03 1.7469e+03 3.2163e+17 3.3886e+17 3.1983e+17 4.2175e-02 1.9617e-03 9.8076e+04 1.5809e+04
9.4000e+02 1.6053e-11 7.4914e-01 1.6480e+03 1.7357e+03 1.7460e+03 3.2517e+17 3.4269e+17 3.2350e+17 4.1968e-02 1.9481e-03 9.8504e+04 1.5871e+04
9.5000e+02 1.5984e-11 7.4962e-01 1.6472e+03 1.7348e+03 1.7451e+03 3.2873e+17 3.4654e+17 3.2718e+17 4.1763e-02 1.9348e-03 9.8932e+04 1.5933e+04
9.6000e+02 1.5917e-11 7.5008e-01 1.6464e+03 1.7340e+03 1.7442e+03 3.3231e+17 3.5040e+17 3.3088e+17 4.1560e-02 1.9217e-03 9.9358e+04 1.5995e+04
9.7000e+02 1.5849e-11 7.5054e-01 1.6457e+03 1.7331e+03 1.7433e+03 3.3591e+17 3.5429e+17 3.3461e+17 4.1359e-02 1.9088e-03 9.9784e+04 1.6057e+04
9.8000e+02 1.5783e-11 7.5099e-01 1.6449e+03 1.7323e+03 1.7424e+03 3.3952e+17 3.5820e+17 3.3835e+17 4.1161e-02 1.8961e-03 1.0021e+05 1.6118e+04
9.9000e+02 1.5716e-11 7.5142e-01 1.6441e+03 1.7314e+03 1.7416e+03 3.4316e+17 3.6213e+17 3.4211e+17 4.0964e-02 1.8836e-03 1.0064e+05 1.6179e+04
1.0000e+03 1.5651e-11 7.5185e-01 1.6434e+03 1.7306e+03 1.7407e+03 3.4681e+17 3.6608e+17 3.4590e+17 4.0770e-02 1.8712e-03 1.0106e+05 1.6240e+04
1.0100e+03 1.5586e-11 7.5228e-01 1.6426e+03 1.7297e+03 1.7398e+03 3.5049e+17 3.7005e+17 3.4970e+17 4.0577e-02 1.8591e-03 1.0148e+05 1.6301e+04
1.0200e+03 1.5521e-11 7.5269e-01 1.6419e+03 1.7289e+03 1.7390e+03 3.5418e+17 3.7405e+17 3.5353e+17 4.0386e-02 1.8472e-03 1.0191e+05 1.6362e+04
1.0300e+03 1.5457e-11 7.5310e-01 1.6411e+03 1.7281e+03 1.7381e+03 3.5789e+17 3.7806e+17 3.5737e+17 4.0198e-02 1.8354e-03 1.0233e+05 1.6422e+04
1.0400e+03 1.5393e-11 7.5350e-01 1.6404e+03 1.7273e+03 1.7373e+03 3.6163e+17 3.8210e+17 3.6124e+17 4.0011e-02 1.8238e-03 1.0275e+05 1.6483e+04
1.0500e+03 1.5330e-11 7.5389e-01 1.6397e+03 1.7264e+03 1.7364e+03 3.6538e+17 3.8616e+17 3.6513e+17 3.9826e-02 1.8124e-03 1.0317e+05 1.6543e+04
1.0600e+03 1.5267e-11 7.5428e-01 1.6389e+03 1.7256e+03 1.7356e+03 3.6915e+17 3.9024e+17 3.6904e+17 3.9643e-02 1.8012e-03 1.0360e+05 1.6603e+04
1.0700e+03 1.5205e-11 7.5466e-01 1.6382e+03 1.7248e+03 1.7348e+03 3.7294e+17 3.9434e+17 3.7297e+17 3.9461e-02 1.7901e-03 1.0402e+05 1.6662e+04
1.0800e+03 1.5143e-11 7.5503e-01 1.6375e+03 1.7240e+03 1.7339e+03 3.7675e+17 3.9846e+17 3.7692e+17 3.9282e-02 1.7792e-03 1.0444e+05 1.6722e+04
1.0900e+03 1.5082e-11 7.5540e-01 1.6368e+03 1.7232e+03 1.7331e+03 3.8058e+17 4.0261e+17 3.8089e+17 3.9104e-02 1.7684e-03 1.0486e+05 1.6781e+04
1.1000e+03 1.5021e-11 7.5576e-01 1.6361e+03 1.7224e+03 1.7323e+03 3.8443e+17 4.0678e+17 3.8488e+17 3.8927e-02 1.7578e-03 1.0528e+05 1.6841e+04
1.1100e+03 1.4961e-11 7.5611e-01 1.6354e+03 1.7217e+03 1.7315e+03 3.8830e+17 4.1097e+17 3.8890e+17 3.8753e-02 1.7473e-03 1.0570e+05 1.6900e+04
1.1200e+03 1.4901e-11 7.5646e-01 1.6346e+03 1.7209e+03 1.7307e+03 3.9219e+17 4.1518e+17 3.9293e+17 3.8580e-02 1.7370e-03 1.0612e+05 1.6959e+04
1.1300e+03 1.4842e-11 7.5680e-01 1.6339e+03 1.7201e+03 1.7299e+03 3.9610e+17 4.1941e+17 3.9699e+17 3.8409e-02 1.7268e-03 1.0653e+05 1.7017e+04
1.1400e+03 1.4783e-11 7.5714e-01 1.6333e+03 1.7193e+03 1.7291e+03 4.0003e+17 4.2367e+17 4.0107e+17 3.8239e-02 1.7167e-03 1.0695e+05 1.7076e+04
1.1500e+03 1.4724e-11 7.5747e-01 1.6326e+03 1.7186e+03 1.7283e+03 4.0398e+17 4.2794e+17 4.0517e+17 3.8071e-02 1.7068e-03 1.0737e+05 1.7134e+04
1.1600e+03 1.4666e-11 7.5780e-01 1.6319e+03 1.7178e+03 1.7275e+03 4.0795e+17 4.3225e+17 4.0929e+17 3.7904e-02 1.6970e-03 1.0779e+05 1.7193e+04
1.1700e+03 1.4608e-11 7.5812e-01 1.6312e+03 1.7170e+03 1.7267e+03 4.1194e+17 4.3657e+17 4.1343e+17 3.7739e-02 1.6874e-03 1.0820e+05 1.7251e+04
1.1800e+03 1.4551e-11 7.5844e-01 1.6305e+03 1.7163e+03 1.7260e+03 4.1595e+17 4.4091e+17 4.1760e+17 3.7576e-02 1.6778e-03 1.0862e+05 1.7309e+04
1.1900e+03 1.4494e-11 7.5875e-01 1.6298e+03 1.7155e+03 1.7252e+03 4.1998e+17 4.4528e+17 4.2178e+17 3.7414e-02 1.6684e-03 1.0904e+05 1.7367e+04
1.2000e+03 1.4438e-11 7.5906e-01 1.6292e+03 1.7148e+03 1.7244e+03 4.2404e+17 4.4967e+17 4.2599e+17 3.7253e-02 1.6591e-03 1.0945e+05 1.7425e+04
1.2100e+03 1.4382e-11 7.5937e-01 1.6285e+03 1.7140e+03 1.7236e+03 4.2811e+17 4.5409e+17 4.3022e+17 3.7094e-02 1.6499e-03 1.0987e+05 1.7482e+04
1.2200e+03 1.4327e-11 7.5967e-01 1.6278e+03 1.7133e+03 1.7229e+03 4.3220e+17 4.5852e+17 4.3448e+17 3.6937e-02 1.6409e-03 1.1028e+05 1.7540e+04
1.2300e+03 1.4272e-11 7.5996e-01 1.6272e+03 1.7126e+03 1.7221e+03 4.3631e+17 4.6298e+17 4.3875e+17 3.6780e-02 1.6319e-03 1.1070e+05 1.7597e+04
1.2400e+03 1.4217e-11 7.6026e-01 1.6265e+03 1.7118e+03 1.7214e+03 4.4045e+17 4.6746e+17 4.4305e+17 3.6625e-02 1.6230e-03 1.1111e+05 1.7654e+04
1.2500e+03 1.4163e-11 7.6054e-01 1.6259e+03 1.7111e+03 1.7206e+03 4.4460e+17 4.7197e+17 4.4737e+17 3.6472e-02 1.6143e-03 1.1153e+05 1.7711e+04
1.2600e+03 1.4109e-11 7.6083e-01 1.6252e+03 1.7104e+03 1.7199e+03 4.4878e+17 4.7649e+17 4.5171e+17 3.6319e-02 1.6057e-03 1.1194e+05 1.7768e+04
1.2700e+03 1.4055e-11 7.6111e-01 1.6246e+03 1.7097e+03 1.7191e+03 4.5297e+17 4.8105e+17 4.5607e+17 3.6169e-02 1.5971e-03 1.1235e+05 1.7825e+04
1.2800e+03 1.4002e-11 7.6139e-01 1.6239e+03 1.7089e+03 1.7184e+03 4.5719e+17 4.8562e+17 4.6046e+17 3.6019e-02 1.5887e-03 1.1277e+05 1.7882e+04
1.2900e+03 1.3950e-11 7.6166e-01 1.6233e+03 1.7082e+03 1.7177e+03 4.6143e+17 4.9022e+17 4.6487e+17 3.5871e-02 1.5803e-03 1.1318e+05 1.7938e+04
1.3000e+03 1.3898e-11 7.6193e-01 1.6226e+03 1.7075e+03 1.7169e+03 4.6568e+17 4.9484e+17 4.6930e+17 3.5724e-02 1.5721e-03 1.1359e+05 1.7995e+04
1.3100e+03 1.3846e-11 7.6220e-01 1.6220e+03 1.7068e+03 1.7162e+03 4.6996e+17 4.9948e+17 4.7376e+17 3.5578e-02 1.5639e-03 1.1400e+05 1.8051e+04
1.3200e+03 1.3794e-11 7.6247e-01 1.6214e+03 1.7061e+03 1.7155e+03 4.7426e+17 5.0415e+17 4.7823e+17 3.5433e-02 1.5559e-03 1.1442e+05 1.8108e+04
1.3300e+03 1.3743e-11 7.6273e-01 1.6207e+03 1.7054e+03 1.7148e+03 4.7858e+17 5.0884e+17 4.8273e+17 3.5290e-02 1.5479e-03 1.1483e+05 1.8164e+04
1.3400e+03 1.3692e-11 7.6299e-01 1.6201e+03 1.7047e+03 1.7141e+03 4.8293e+17 5.1355e+17 4.8725e+17 3.5148e-02 1.5400e-03 1.1524e+05 1.8220e+04
1.3500e+03 1.3642e-11 7.6324e-01 1.6195e+03 1.7040e+03 1.7134e+03 4.8729e+17 5.1829e+17 4.9180e+17 3.5007e-02 1.5322e-03 1.1565e+05 1.8276e+04
1.3600e+03 1.3592e-11 7.6350e-01 1.6189e+03 1.7033e+03 1.7127e+03 4.9167e+17 5.2305e+17 4.9637e+17 3.4867e-02 1.5245e-03 1.1606e+05 1.8332e+04
1.3700e+03 1.3542e-11 7.6375e-01 1.6183e+03 1.7027e+03 1.7119e+03 4.9608e+17 5.2783e+17 5.0096e+17 3.4728e-02 1.5169e-03 1.1647e+05 1.8388e+04
1.3800e+03 1.3493e-11 7.6400e-01 1.6177e+03 1.7020e+03 1.7112e+03 5.0050e+17 5.3264e+17 5.0557e+17 3.4591e-02 1.5093e-03 1.1688e+05 1.8443e+04
1.3900e+03 1.3444e-11 7.6425e-01 1.6170e+03 1.7013e+03 1.7106e+03 5.0495e+17 5.3747e+17 5.1021e+17 3.4454e-02 1.5018e-03 1.1729e+05 1.8499e+04
1.4000e+03 1.3396e-11 7.6449e-01 1.6164e+03 1.7006e+03 1.7099e+03 5.0942e+17 5.4232e+17 5.1487e+17 3.4319e-02 1.4944e-03 1.1770e+05 1.8554e+04
1.4100e+03 1.3348e-11 7.6473e-01 1.6158e+03 1.6999e+03 1.7092e+03 5.1391e+17 5.4720e+17 5.1955e+17 3.4185e-02 1.4871e-03 1.1811e+05 1.8610e+04
1.4200e+03 1.3300e-11 7.6497e-01 1.6152e+03 1.6993e+03 1.7085e+03 5.1842e+17 5.5211e+17 5.2426e+17 3.4051e-02 1.4799e-03 1.1852e+05 1.8665e+04
1.4300e+03 1.3252e-11 7.6521e-01 1.6146e+03 1.6986e+03 1.7078e+03 5.2296e+17 5.5703e+17 5.2898e+17 3.3919e-02 1.4727e-03 1.1893e+05 1.8720e+04
1.4400e+03 1.3205e-11 7.6545e-01 1.6141e+03 1.6979e+03 1.7071e+03 5.2751e+17 5.6198e+17 5.3374e+17 3.3788e-02 1.4656e-03 1.1934e+05 1.8776e+04
1.4500e+03 1.3159e-11 7.6568e-01 1.6135e+03 1.6973e+03 1.7064e+03 5.3208e+17 5.6695e+17 5.3851e+17 3.3658e-02 1.4586e-03 1.1974e+05 1.8831e+04
1.4600e+03 1.3112e-11 7.6591e-01 1.6129e+03 1.6966e+03 1.7058e+03 5.3668e+17 5.7195e+17 5.4331e+17 3.3529e-02 1.4516e-03 1.2015e+05 1.8886e+04
1.4700e+03 1.3066e-11 7.6614e-01 1.6123e+03 1.6960e+03 1.7051e+03 5.4130e+17 5.7697e+17 5.4813e+17 3.3402e-02 1.4447e-03 1.2056e+05 1.8940e+04
1.4800e+03 1.3020e-11 7.6637e-01 1.6117e+03 1.6953e+03 1.7044e+03 5.4594e+17 5.8202e+17 5.5298e+17 3.3275e-02 1.4379e-03 1.2097e+05 1.8995e+04
1.4900e+03 1.2975e-11 7.6660e-01 1.6111e+03 1.6947e+03 1.7038e+03 5.5060e+17 5.8709e+17 5.5785e+17 3.3149e-02 1.4311e-03 1.2137e+05 1.9050e+04
1.5000e+03 1.2930e-11 7.6682e-01 1.6106e+03 1.6940e+03 1.7031e+03 5.5528e+17 5.9218e+17 5.6274e+17 3.3024e-02 1.4244e-03 1.2178e+05 1.9105e+04
1.5100e+03 1.2885e-11 7.6705e-01 1.6100e+03 1.6934e+03 1.7025e+03 5.5999e+17 5.9730e+17 5.6766e+17 3.2900e-02 1.4178e-03 1.2219e+05 1.9159e+04
1.5200e+03 1.2840e-11 7.6727e-01 1.6094e+03 1.6928e+03 1.7018e+03 5.6471e+17 6.0244e+17 5.7260e+17 3.2777e-02 1.4112e-03 1.2259e+05 1.9214e+04
1.5300e+03 1.2796e-11 7.6749e-01 1.6088e+03 1.6921e+03 1.7012e+03 5.6946e+17 6.0761e+17 5.7756e+17 3.2655e-02 1.4047e-03 1.2300e+05 1.9268e+04
1.5400e+03 1.2752e-11 7.6771e-01 1.6083e+03 1.6915e+03 1.7005e+03 5.7423e+17 6.1280e+17 5.8255e+17 3.2533e-02 1.3982e-03 1.2341e+05 1.9323e+04
1.5500e+03 1.2709e-11 7.6793e-01 1.6077e+03 1.6909e+03 1.6999e+03 5.7902e+17 6.1801e+17 5.8756e+17 3.2413e-02 1.3918e-03 1.2381e+05 1.9377e+04
1.5600e+03 1.2666e-11 7.6815e-01 1.6072e+03 1.6902e+03 1.6992e+03 5.8383e+17 6.2325e+17 5.9259e+17 3.2294e-02 1.3855e-03 1.2422e+05 1.9431e+04
1.5700e+03 1.2623e-11 7.6836e-01 1.6066e+03 1.6896e+03 1.6986e+03 5.8867e+17 6.2851e+17 5.9765e+17 3.2176e-02 1.3792e-03 1.2462e+05 1.9485e+04
1.5800e+03 1.2580e-11 7.6858e-01 1.6060e+03 1.6890e+03 1.6979e+03 5.9352e+17 6.3380e+17 6.0273e+17 3.2058e-02 1.3729e-03 1.2503e+05 1.9539e+04
1.5900e+03 1.2538e-11 7.6879e-01 1.6055e+03 1.6884e+03 1.6973e+03 5.9840e+17 6.3911e+17 6.0784e+17 3.1941e-02 1.3668e-03 1.2543e+05 1.9594e+04
1.6000e+03 1.2496e-11 7.6901e-01 1.6049e+03 1.6878e+03 1.6967e+03 6.0330e+17 6.4445e+17 6.1296e+17 3.1826e-02 1.3606e-03 1.2584e+05 1.9648e+04
1.6100e+03 1.2454e-11 7.6922e-01 1.6044e+03 1.6872e+03 1.6961e+03 6.0822e+17 6.4981e+17 6.1812e+17 3.1711e-02 1.3546e-03 1.2624e+05 1.9701e+04
1.6200e+03 1.2413e-11 7.6943e-01 1.6038e+03 1.6865e+03 1.6954e+03 6.1316e+17 6.5519e+17 6.2329e+17 3.1597e-02 1.3485e-03 1.2664e+05 1.9755e+04
1.6300e+03 1.2372e-11 7.6964e-01 1.6033e+03 1.6859e+03 1.6948e+03 6.1812e+17 6.6060e+17 6.2849e+17 3.1483e-02 1.3426e-03 1.2705e+05 1.9809e+04
1.6400e+03 1.2331e-11 7.6985e-01 1.6028e+03 1.6853e+03 1.6942e+03 6.2311e+17 6.6603e+17 6.3372e+17 3.1371e-02 1.3367e-03 1.2745e+05 1.9863e+04
1.6500e+03 1.2291e-11 7.7006e-01 1.6022e+03 1.6847e+03 1.6936e+03 6.2812e+17 6.7149e+17 6.3897e+17 3.1260e-02 1.3308e-03 1.2785e+05 1.9916e+04
1.6600e+03 1.2250e-11 7.7026e-01 1.6017e+03 1.6841e+03 1.6930e+03 6.3315e+17 6.7697e+17 6.4424e+17 3.1149e-02 1.3250e-03 1.2826e+05 1.9970e+04
1.6700e+03 1.2210e-11 7.7047e-01 1.6012e+03 1.6835e+03 1.6923e+03 6.3820e+17 6.8248e+17 6.4954e+17 3.1039e-02 1.3192e-03 1.2866e+05 2.0024e+04
1.6800e+03 1.2171e-11 7.7068e-01 1.6006e+03 1.6829e+03 1.6917e+03 6.4327e+17 6.8801e+17 6.5486e+17 3.0930e-02 1.3135e-03 1.2906e+05 2.0077e+04
1.6900e+03 1.2131e-11 7.7088e-01 1.6001e+03 1.6824e+03 1.6911e+03 6.4837e+17 6.9357e+17 6.6020e+17 3.0821e-02 1.3078e-03 1.2947e+05 2.0131e+04
1.7000e+03 1.2092e-11 7.7109e-01 1.5996e+03 1.6818e+03 1.6905e+03 6.5348e+17 6.9915e+17 6.6557e+17 3.0714e-02 1.3022e-03 1.2987e+05 2.0184e+04
1.7100e+03 1.2053e-11 7.7129e-01 1.5991e+03 1.6812e+03 1.6899e+03 6.5862e+17 7.0475e+17 6.7096e+17 3.0607e-02 1.2966e-03 1.3027e+05 2.0237e+04
1.7200e+03 1.2015e-11 7.7149e-01 1.5985e+03 1.6806e+03 1.6893e+03 6.6378e+17 7.1038e+17 6.7638e+17 3.0501e-02 1.2910e-03 1.3067e+05 2.0291e+04
1.7300e+03 1.1976e-11 7.7170e-01 1.5980e+03 1.6800e+03 1.6887e+03 6.6896e+17 7.1603e+17 6.8182e+17 3.0396e-02 1.2855e-03 1.3107e+05 2.0344e+04
1.7400e+03 1.1938e-11 7.7190e-01 1.5975e+03 1.6794e+03 1.6881e+03 6.7417e+17 7.2171e+17 6.8729e+17 3.0291e-02 1.2801e-03 1.3147e+05 2.0397e+04
1.7500e+03 1.1901e-11 7.7210e-01 1.5970e+03 1.6789e+03 1.6875e+03 6.7939e+17 7.2741e+17 6.9278e+17 3.0187e-02 1.2746e-03 1.3187e+05 2.0450e+04
1.7600e+03 1.1863e-11 7.7230e-01 1.5965e+03 1.6783e+03 1.6870e+03 6.8464e+17 7.3314e+17 6.9829e+17 3.0084e-02 1.2693e-03 1.3228e+05 2.0503e+04
1.7700e+03 1.1826e-11 7.7250e-01 1.5960e+03 1.6777e+03 1.6864e+03 6.8991e+17 7.3889e+17 7.0383e+17 2.9982e-02 1.2639e-03 1.3268e+05 2.0556e+04
1.7800e+03 1.1789e-11 7.7271e-01 1.5955e+03 1.6771e+03 1.6858e+03 6.9520e+17 7.4467e+17 7.0939e+17 2.9881e-02 1.2586e-03 1.3308e+05 2.0609e+04
1.7900e+03 1.1752e-11 7.7291e-01 1.5950e+03 1.6766e+03 1.6852e+03 7.0051e+17 7.5047e+17 7.1498e+17 2.9780e-02 1.2534e-03 1.3348e+05 2.0662e+04
1.8000e+03 1.1715e-11 7.7311e-01 1.5944e+03 1.6760e+03 1.6846e+03 7.0585e+17 7.5630e+17 7.2059e+17 2.9679e-02 1.2482e-03 1.3388e+05 2.0715e+04
1.8100e+03 1.1679e-11 7.7331e-01 1.5939e+03 1.6755e+03 1.6841e+03 7.1121e+17 7.6215e+17 7.2622e+17 2.9580e-02 1.2430e-03 1.3427e+05 2.0768e+04
1.8200e+03 1.1643e-11 7.7350e-01 1.5935e+03 1.6749e+03 1.6835e+03 7.1659e+17 7.6802e+17 7.3188e+17 2.9481e-02 1.2378e-03 1.3467e+05 2.0821e+04
1.8300e+03 1.1607e-11 7.7370e-01 1.5930e+03 1.6743e+03 1.6829e+03 7.2199e+17 7.7392e+17 7.3757e+17 2.9383e-02 1.2327e-03 1.3507e+05 2.0874e+04
1.8400e+03 1.1572e-11 7.7390e-01 1.5925e+03 1.6738e+03 1.6823e+03 7.2741e+17 7.7985e+17 7.4327e+17 2.9286e-02 1.2277e-03 1.3547e+05 2.0926e+04
1.8500e+03 1.1537e-11 7.7410e-01 1.5920e+03 1.6732e+03 1.6818e+03 7.3285e+17 7.8580e+17 7.4901e+17 2.9189e-02 1.2226e-03 1.3587e+05 2.0979e+04
1.8600e+03 1.1502e-11 7.7430e-01 1.5915e+03 1.6727e+03 1.6812e+03 7.3832e+17 7.9177e+17 7.5476e+17 2.9093e-02 1.2176e-03 1.3627e+05 2.1032e+04
1.8700e+03 1.1467e-11 7.7450e-01 1.5910e+03 1.6721e+03 1.6807e+03 7.4381e+17 7.9777e+17 7.6054e+17 2.8997e-02 1.2127e-03 1.3667e+05 2.1084e+04
1.8800e+03 1.1432e-11 7.7469e-01 1.5905e+03 1.6716e+03 1.6801e+03 7.4932e+17 8.0379e+17 7.6635e+17 2.8903e-02 1.2078e-03 1.3706e+05 2.1137e+04
1.8900e+03 1.1398e-11 7.7489e-01 1.5900e+03 1.6710e+03 1.6795e+03 7.5485e+17 8.0984e+17 7.7218e+17 2.8808e-02 1.2029e-03 1.3746e+05 2.1189e+04
1.9000e+03 1.1364e-11 7.7509e-01 1.5895e+03 1.6705e+03 1.6790e+03 7.6040e+17 8.1591e+17 7.7803e+17 2.8715e-02 1.1980e-03 1.3786e+05 2.1242e+04
1.9100e+03 1.1330e-11 7.7529e-01 1.5891e+03 1.6700e+03 1.6784e+03 7.6598e+17 8.2201e+17 7.8391e+17 2.8622e-02 1.1932e-03 1.3826e+05 2.1294e+04
1.9200e+03 1.1296e-11 7.7548e-01 1.5886e+03 1.6694e+03 1.6779e+03 7.7158e+17 8.2813e+17 7.8981e+17 2.8530e-02 1.1884e-03 1.3865e+05 2.1347e+04
1.9300e+03 1.1263e-11 7.7568e-01 1.5881e+03 1.6689e+03 1.6773e+03 7.7719e+17 8.3428e+17 7.9574e+17 2.8438e-02 1.1837e-03 1.3905e+05 2.1399e+04
1.9400e+03 1.1230e-11 7.7588e-01 1.5876e+03 1.6684e+03 1.6768e+03 7.8284e+17 8.4045e+17 8.0169e+17 2.8347e-02 1.1789e-03 1.3945e+05 2.1451e+04
1.9500e+03 1.1197e-11 7.7608e-01 1.5872e+03 1.6678e+03 1.6762e+03 7.8850e+17 8.4665e+17 8.0767e+17 2.8257e-02 1.1743e-03 1.3984e+05 2.1504e+04
1.9600e+03 1.1164e-11 7.7627e-01 1.5867e+03 1.6673e+03 1.6757e+03 7.9418e+17 8.5287e+17 8.1367e+17 2.8167e-02 1.1696e-03 1.4024e+05 2.1556e+04
1.9700e+03 1.1131e-11 7.7647e-01 1.5862e+03 1.6668e+03 1.6752e+03 7.9989e+17 8.5911e+17 8.1969e+17 2.8078e-02 1.1650e-03 1.4063e+05 2.1608e+04
1.9800e+03 1.1099e-11 7.7667e-01 1.5858e+03 1.6662e+03 1.6746e+03 8.0562e+17 8.6538e+17 8.2574e+17 2.7989e-02 1.1604e-03 1.4103e+05 2.1660e+04
1.9900e+03 1.1067e-11 7.7686e-01 1.5853e+03 1.6657e+03 1.6741e+03 8.1137e+17 8.7168e+17 8.3181e+17 2.7901e-02 1.1558e-03 1.4143e+05 2.1713e+04
2.0000e+03 1.1035e-11 7.7706e-01 1.5848e+03 1.6652e+03 1.6736e+03 8.1714e+17 8.7800e+17 8.3791e+17 2.7813e-02 1.1513e-03 1.4182e+05 2.1765e+04
2.0100e+03 1.1003e-11 7.7726e-01 1.5844e+03 1.6647e+03 1.6730e+03 8.2293e+17 8.8434e+17 8.4404e+17 2.7726e-02 1.1468e-03 1.4221e+05 2.1817e+04
2.0200e+03 1.0972e-11 7.7745e-01 1.5839e+03 1.6642e+03 1.6725e+03 8.2875e+17 8.9071e+17 8.5018e+17 2.7640e-02 1.1423e-03 1.4261e+05 2.1869e+04
2.0300e+03 1.0941e-11 7.7765e-01 1.5835e+03 1.6637e+03 1.6720e+03 8.3459e+17 8.9711e+17 8.5635e+17 2.7554e-02 1.1379e-03 1.4300e+05 2.1921e+04
2.0400e+03 1.0909e-11 7.7785e-01 1.5830e+03 1.6631e+03 1.6714e+03 8.4044e+17 9.0352e+17 8.6255e+17 2.7469e-02 1.1334e-03 1.4340e+05 2.1973e+04
2.0500e+03 1.0879e-11 7.7804e-01 1.5825e+03 1.6626e+03 1.6709e+03 8.4632e+17 9.0997e+17 8.6877e+17 2.7384e-02 1.1290e-03 1.4379e+05 2.2025e+04
2.0600e+03 1.0848e-11 7.7824e-01 1.5821e+03 1.6621e+03 1.6704e+03 8.5223e+17 9.1643e+17 8.7501e+17 2.7300e-02 1.1247e-03 1.4418e+05 2.2077e+04
2.0700e+03 1.0817e-11 7.7844e-01 1.5816e+03 1.6616e+03 1.6699e+03 8.5815e+17 9.2293e+17 8.8128e+17 2.7217e-02 1.1204e-03 1.4458e+05 2.2129e+04
2.0800e+03 1.0787e-11 7.7863e-01 1.5812e+03 1.6611e+03 1.6694e+03 8.6410e+17 9.2944e+17 8.8758e+17 2.7134e-02 1.1160e-03 1.4497e+05 2.2181e+04
2.0900e+03 1.0757e-11 7.7883e-01 1.5808e+03 1.6606e+03 1.6689e+03 8.7006e+17 9.3598e+17 8.9389e+17 2.7051e-02 1.1118e-03 1.4536e+05 2.2232e+04
2.1000e+03 1.0727e-11 7.7903e-01 1.5803e+03 1.6601e+03 1.6683e+03 8.7605e+17 9.4255e+17 9.0024e+17 2.6969e-02 1.1075e-03 1.4576e+05 2.2284e+04
2.1100e+03 1.0698e-11 7.7923e-01 1.5799e+03 1.6596e+03 1.6678e+03 8.8206e+17 9.4914e+17 9.0660e+17 2.6888e-02 1.1033e-03 1.4615e+05 2.2336e+04
2.1200e+03 1.0668e-11 7.7942e-01 1.5794e+03 1.6591e+03 1.6673e+03 8.8809e+17 9.5576e+17 9.1299e+17 2.6807e-02 1.0991e-03 1.4654e+05 2.2388e+04
2.1300e+03 1.0639e-11 7.7962e-01 1.5790e+03 1.6586e+03 1.6668e+03 8.9415e+17 9.6239e+17 9.1941e+17 2.6726e-02 1.0949e-03 1.4693e+05 2.2439e+04
2.1400e+03 1.0610e-11 7.7982e-01 1.5786e+03 1.6581e+03 1.6663e+03 9.0022e+17 9.6906e+17 9.2585e+17 2.6646e-02 1.0908e-03 1.4732e+05 2.2491e+04
2.1500e+03 1.0581e-11 7.8002e-01 1.5781e+03 1.6576e+03 1.6658e+03 9.0632e+17 9.7575e+17 9.3231e+17 2.6567e-02 1.0867e-03 1.4772e+05 2.2543e+04
2.1600e+03 1.0552e-11 7.8021e-01 1.5777e+03 1.6571e+03 1.6653e+03 9.1244e+17 9.8246e+17 9.3880e+17 2.6488e-02 1.0826e-03 1.4811e+05 2.2594e+04
2.1700e+03 1.0523e-11 7.8041e-01 1.5773e+03 1.6567e+03 1.6648e+03 9.1858e+17 9.8920e+17 9.4531e+17 2.6410e-02 1.0785e-03 1.4850e+05 2.2646e+04
2.1800e+03 1.0495e-11 7.8061e-01 1.5768e+03 1.6562e+03 1.6643e+03 9.2474e+17 9.9596e+17 9.5185e+17 2.6332e-02 1.0744e-03 1.4889e+05 2.2697e+04
2.1900e+03 1.0467e-11 7.8081e-01 1.5764e+03 1.6557e+03 1.6638e+03 9.3092e+17 1.0027e+18 9.5841e+17 2.6254e-02 1.0704e-03 1.4928e+05 2.2749e+04
2.2000e+03 1.0439e-11 7.8100e-01 1.5760e+03 1.6552e+03 1.6633e+03 9.3713e+17 1.0096e+18 9.6500e+17 2.6177e-02 1.0664e-03 1.4967e+05 2.2801e+04
2.2100e+03 1.0411e-11 7.8120e-01 1.5755e+03 1.6547e+03 1.6628e+03 9.4335e+17 1.0164e+18 9.7161e+17 2.6101e-02 1.0624e-03 1.5006e+05 2.2852e+04
2.2200e+03 1.0383e-11 7.8140e-01 1.5751e+03 1.6543e+03 1.6623e+03 9.4960e+17 1.0233e+18 9.7824e+17 2.6025e-02 1.0585e-03 1.5045e+05 2.2903e+04
2.2300e+03 1.0356e-11 7.8160e-01 1.5747e+03 1.6538e+03 1.6618e+03 9.5587e+17 1.0301e+18 9.8490e+17 2.5949e-02 1.0546e-03 1.5084e+05 2.2955e+04
2.2400e+03 1.0328e-11 7.8180e-01 1.5743e+03 1.6533e+03 1.6614e+03 9.6216e+17 1.0370e+18 9.9159e+17 2.5874e-02 1.0507e-03 1.5123e+05 2.3006e+04
2.2500e+03 1.0301e-11 7.8200e-01 1.5739e+03 1.6528e+03 1.6609e+03 9.6847e+17 1.0440e+18 9.9829e+17 2.5800e-02 1.0468e-03 1.5161e+05 2.3058e+04
2.2600e+03 1.0274e-11 7.8220e-01 1.5734e+03 1.6524e+03 1.6604e+03 9.7480e+17 1.0509e+18 1.0050e+18 2.5725e-02 1.0429e-03 1.5200e+05 2.3109e+04
2.2700e+03 1.0247e-11 7.8240e-01 1.5730e+03 1.6519e+03 1.6599e+03 9.8116e+17 1.0579e+18 1.0118e+18 2.5652e-02 1.0391e-03 1.5239e+05 2.3160e+04
2.2800e+03 1.0221e-11 7.8259e-01 1.5726e+03 1.6514e+03 1.6594e+03 9.8753e+17 1.0649e+18 1.0186e+18 2.5578e-02 1.0353e-03 1.5278e+05 2.3212e+04
2.2900e+03 1.0194e-11 7.8279e-01 1.5722e+03 1.6510e+03 1.6590e+03 9.9393e+17 1.0720e+18 1.0254e+18 2.5506e-02 1.0315e-03 1.5317e+05 2.3263e+04
2.3000e+03 1.0168e-11 7.8299e-01 1.5718e+03 1.6505e+03 1.6585e+03 1.0003e+18 1.0790e+18 1.0322e+18 2.5433e-02 1.0277e-03 1.5355e+05 2.3314e+04
2.3100e+03 1.0142e-11 7.8319e-01 1.5714e+03 1.6500e+03 1.6580e+03 1.0068e+18 1.0861e+18 1.0390e+18 2.5361e-02 1.0240e-03 1.5394e+05 2.3365e+04
2.3200e+03 1.0116e-11 7.8339e-01 1.5710e+03 1.6496e+03 1.6575e+03 1.0132e+18 1.0932e+18 1.0459e+18 2.5290e-02 1.0202e-03 1.5433e+05 2.3416e+04
2.3300e+03 1.0090e-11 7.8359e-01 1.5706e+03 1.6491e+03 1.6571e+03 1.0197e+18 1.1003e+18 1.0528e+18 2.5219e-02 1.0165e-03 1.5471e+05 2.3468e+04
2.3400e+03 1.0064e-11 7.8379e-01 1.5702e+03 1.6487e+03 1.6566e+03 1.0262e+18 1.1075e+18 1.0598e+18 2.5148e-02 1.0129e-03 1.5510e+05 2.3519e+04
2.3500e+03 1.0038e-11 7.8399e-01 1.5698e+03 1.6482e+03 1.6561e+03 1.0328e+18 1.1146e+18 1.0667e+18 2.5078e-02 1.0092e-03 1.5549e+05 2.3570e+04
2.3600e+03 1.0013e-11 7.8419e-01 1.5694e+03 1.6477e+03 1.6557e+03 1.0393e+18 1.1218e+18 1.0737e+18 2.5008e-02 1.0056e-03 1.5587e+05 2.3621e+04
2.3700e+03 9.9879e-12 7.8439e-01 1.5690e+03 1.6473e+03 1.6552e+03 1.0459e+18 1.1291e+18 1.0807e+18 2.4939e-02 1.0019e-03 1.5626e+05 2.3672e+04
2.3800e+03 9.9628e-12 7.8459e-01 1.5686e+03 1.6468e+03 1.6547e+03 1.0525e+18 1.1363e+18 1.0877e+18 2.4870e-02 9.9833e-04 1.5664e+05 2.3723e+04
2.3900e+03 9.9379e-12 7.8480e-01 1.5682e+03 1.6464e+03 1.6543e+03 1.0591e+18 1.1436e+18 1.0947e+18 2.4801e-02 9.9475e-04 1.5703e+05 2.3774e+04
2.4000e+03 9.9131e-12 7.8500e-01 1.5678e+03 1.6459e+03 1.6538e+03 1.0657e+18 1.1509e+18 1.1018e+18 2.4733e-02 9.9119e-04 1.5741e+05 2.3825e+04
2.4100e+03 9.8885e-12 7.8520e-01 1.5674e+03 1.6455e+03 1.6534e+03 1.0723e+18 1.1582e+18 1.1089e+18 2.4665e-02 9.8765e-04 1.5780e+05 2.3876e+04
2.4200e+03 9.8640e-12 7.8540e-01 1.5670e+03 1.6451e+03 1.6529e+03 1.0790e+18 1.1655e+18 1.1160e+18 2.4598e-02 9.8413e-04 1.5818e+05 2.3927e+04
2.4300e+03 9.8397e-12 7.8560e-01 1.5666e+03 1.6446e+03 1.6524e+03 1.0857e+18 1.1729e+18 1.1232e+18 2.4531e-02 9.8063e-04 1.5857e+05 2.3978e+04
2.4400e+03 9.8155e-12 7.8580e-01 1.5662e+03 1.6442e+03 1.6520e+03 1.0924e+18 1.1803e+18 1.1303e+18 2.4464e-02 9.7715e-04 1.5895e+05 2.4029e+04
2.4500e+03 9.7915e-12 7.8600e-01 1.5658e+03 1.6437e+03 1.6515e+03 1.0992e+18 1.1877e+18 1.1375e+18 2.4398e-02 9.7369e-04 1.5933e+05 2.4080e+04
2.4600e+03 9.7676e-12 7.8620e-01 1.5654e+03 1.6433e+03 1.6511e+03 1.1059e+18 1.1952e+18 1.1447e+18 2.4332e-02 9.7025e-04 1.5972e+05 2.4130e+04
2.4700e+03 9.7438e-12 7.8641e-01 1.5650e+03 1.6429e+03 1.6507e+03 1.1127e+18 1.2026e+18 1.1520e+18 2.4267e-02 9.6682e-04 1.6010e+05 2.4181e+04
2.4800e+03 9.7202e-12 7.8661e-01 1.5647e+03 1.6424e+03 1.6502e+03 1.1195e+18 1.2101e+18 1.1592e+18 2.4202e-02 9.6342e-04 1.6048e+05 2.4232e+04
2.4900e+03 9.6967e-12 7.8681e-01 1.5643e+03 1.6420e+03 1.6498e+03 1.1263e+18 1.2176e+18 1.1665e+18 2.4137e-02 9.6003e-04 1.6087e+05 2.4283e+04
2.5000e+03 9.6734e-12 7.8701e-01 1.5639e+03 1.6416e+03 1.6493e+03 1.1331e+18 1.2252e+18 1.1738e+18 2.4073e-02 9.5667e-04 1.6125e+05 2.4334e+04
2.5100e+03 9.6502e-12 7.8722e-01 1.5635e+03 1.6411e+03 1.6489e+03 1.1400e+18 1.2327e+18 1.1812e+18 2.4009e-02 9.5332e-04 1.6163e+05 2.4384e+04
2.5200e+03 9.6271e-12 7.8742e-01 1.5631e+03 1.6407e+03 1.6484e+03 1.1469e+18 1.2403e+18 1.1885e+18 2.3946e-02 9.4998e-04 1.6201e+05 2.4435e+04
2.5300e+03 9.6042e-12 7.8762e-01 1.5628e+03 1.6403e+03 1.6480e+03 1.1538e+18 1.2479e+18 1.1959e+18 2.3882e-02 9.4667e-04 1.6239e+05 2.4486e+04
2.5400e+03 9.5814e-12 7.8782e-01 1.5624e+03 1.6398e+03 1.6476e+03 1.1607e+18 1.2555e+18 1.2033e+18 2.3820e-02 9.4338e-04 1.6277e+05 2.4536e+04
2.5500e+03 9.5588e-12 7.8803e-01 1.5620e+03 1.6394e+03 1.6471e+03 1.1676e+18 1.2632e+18 1.2107e+18 2.3757e-02 9.4010e-04 1.6315e+05 2.4587e+04
2.5600e+03 9.5362e-12 7.8823e-01 1.5616e+03 1.6390e+03 1.6467e+03 1.1746e+18 1.2709e+18 1.2182e+18 2.3695e-02 9.3684e-04 1.6353e+05 2.4637e+04
2.5700e+03 9.5138e-12 7.8843e-01 1.5613e+03 1.6386e+03 1.6463e+03 1.1816e+18 1.2786e+18 1.2257e+18 2.3633e-02 9.3360e-04 1.6391e+05 2.4688e+04
2.5800e+03 9.4916e-12 7.8864e-01 1.5609e+03 1.6382e+03 1.6458e+03 1.1886e+18 1.2863e+18 1.2332e+18 2.3572e-02 9.3037e-04 1.6429e+05 2.4739e+04
2.5900e+03 9.4694e-12 7.8884e-01 1.5605e+03 1.6377e+03 1.6454e+03 1.1956e+18 1.2940e+18 1.2407e+18 2.3511e-02 9.2716e-04 1.6467e+05 2.4789e+04
2.6000e+03 9.4474e-12 7.8904e-01 1.5602e+03 1.6373e+03 1.6450e+03 1.2027e+18 1.3018e+18 1.2482e+18 2.3450e-02 9.2397e-04 1.6505e+05 2.4840e+04
2.6100e+03 9.4255e-12 7.8925e-01 1.5598e+03 1.6369e+03 1.6445e+03 1.2097e+18 1.3096e+18 1.2558e+18 2.3390e-02 9.2080e-04 1.6543e+05 2.4890e+04
2.6200e+03 9.4038e-12 7.8945e-01 1.5594e+03 1.6365e+03 1.6441e+03 1.2168e+18 1.3174e+18 1.2634e+18 2.3330e-02 9.1764e-04 1.6581e+05 2.4941e+04
2.6300e+03 9.3821e-12 7.8965e-01 1.5591e+03 1.6361e+03 1.6437e+03 1.2239e+18 1.3253e+18 1.2710e+18 2.3270e-02 9.1450e-04 1.6619e+05 2.4991e+04
2.6400e+03 9.3606e-12 7.8986e-01 1.5587e+03 1.6357e+03 1.6433e+03 1.2310e+18 1.3331e+18 1.2787e+18 2.3211e-02 9.1138e-04 1.6657e+05 2.5041e+04
2.6500e+03 9.3392e-12 7.9006e-01 1.5584e+03 1.6353e+03 1.6429e+03 1.2382e+18 1.3410e+18 1.2863e+18 2.3152e-02 9.0827e-04 1.6695e+05 2.5092e+04
2.6600e+03 9.3180e-12 7.9027e-01 1.5580e+03 1.6349e+03 1.6424e+03 1.2454e+18 1.3489e+18 1.2940e+18 2.3093e-02 9.0518e-04 1.6732e+05 2.5142e+04
2.6700e+03 9.2968e-12 7.9047e-01 1.5576e+03 1.6344e+03 1.6420e+03 1.2525e+18 1.3569e+18 1.3017e+18 2.3035e-02 9.0210e-04 1.6770e+05 2.5192e+04
2.6800e+03 9.2758e-12 7.9067e-01 1.5573e+03 1.6340e+03 1.6416e+03 1.2597e+18 1.3648e+18 1.3095e+18 2.2977e-02 8.9904e-04 1.6808e+05 2.5243e+04
2.6900e+03 9.2549e-12 7.9088e-01 1.5569e+03 1.6336e+03 1.6412e+03 1.2670e+18 1.3728e+18 1.3172e+18 2.2919e-02 8.9600e-04 1.6845e+05 2.5293e+04
2.7000e+03 9.2341e-12 7.9108e-01 1.5566e+03 1.6332e+03 1.6408e+03 1.2742e+18 1.3808e+18 1.3250e+18 2.2862e-02 8.9298e-04 1.6883e+05 2.5343e+04
2.7100e+03 9.2134e-12 7.9129e-01 1.5562e+03 1.6328e+03 1.6404e+03 1.2815e+18 1.3889e+18 1.3328e+18 2.2805e-02 8.8996e-04 1.6921e+05 2.5394e+04
2.7200e+03 9.1928e-12 7.9149e-01 1.5559e+03 1.6324e+03 1.6400e+03 1.2888e+18 1.3969e+18 1.3407e+18 2.2748e-02 8.8697e-04 1.6958e+05 2.5444e+04
2.7300e+03 9.1724e-12 7.9169e-01 1.5555e+03 1.6320e+03 1.6395e+03 1.2961e+18 1.4050e+18 1.3485e+18 2.2691e-02 8.8399e-04 1.6996e+05 2.5494e+04
2.7400e+03 9.1521e-12 7.9190e-01 1.5552e+03 1.6316e+03 1.6391e+03 1.3034e+18 1.4131e+18 1.3564e+18 2.2635e-02 8.8103e-04 1.7033e+05 2.5544e+04
2.7500e+03 9.1318e-12 7.9210e-01 1.5548e+03 1.6312e+03 1.6387e+03 1.3108e+18 1.4212e+18 1.3643e+18 2.2579e-02 8.7808e-04 1.7071e+05 2.5594e+04
2.7600e+03 9.1117e-12 7.9231e-01 1.5545e+03 1.6308e+03 1.6383e+03 1.3181e+18 1.4293e+18 1.3722e+18 2.2524e-02 8.7514e-04 1.7108e+05 2.5644e+04
2.7700e+03 9.0917e-12 7.9251e-01 1.5541e+03 1.6305e+03 1.6379e+03 1.3255e+18 1.4375e+18 1.3801e+18 2.2469e-02 8.7223e-04 1.7146e+05 2.5695e+04
2.7800e+03 9.0718e-12 7.9272e-01 1.5538e+03 1.6301e+03 1.6375e+03 1.3329e+18 1.4457e+18 1.3881e+18 2.2414e-02 8.6932e-04 1.7183e+05 2.5745e+04
2.7900e+03 9.0521e-12 7.9292e-01 1.5534e+03 1.6297e+03 1.6371e+03 1.3404e+18 1.4539e+18 1.3961e+18 2.2359e-02 8.6643e-04 1.7221e+05 2.5795e+04
2.8000e+03 9.0324e-12 7.9313e-01 1.5531e+03 1.6293e+03 1.6367e+03 1.3478e+18 1.4622e+18 1.4041e+18 2.2305e-02 8.6356e-04 1.7258e+05 2.5845e+04
2.8100e+03 9.0128e-12 7.9333e-01 1.5528e+03 1.6289e+03 1.6363e+03 1.3553e+18 1.4704e+18 1.4122e+18 2.2251e-02 8.6070e-04 1.7295e+05 2.5895e+04
2.8200e+03 8.9934e-12 7.9354e-01 1.5524e+03 1.6285e+03 1.6359e+03 1.3628e+18 1.4787e+18 1.4202e+18 2.2197e-02 8.5786e-04 1.7333e+05 2.5945e+04
2.8300e+03 8.9740e-12 7.9374e-01 1.5521e+03 1.6281e+03 1.6355e+03 1.3703e+18 1.4870e+18 1.4283e+18 2.2143e-02 8.5503e-04 1.7370e+05 2.5995e+04
2.8400e+03 8.9548e-12 7.9394e-01 1.5518e+03 1.6277e+03 1.6351e+03 1.3778e+18 1.4953e+18 1.4364e+18 2.2090e-02 8.5221e-04 1.7407e+05 2.6045e+04
2.8500e+03 8.9356e-12 7.9415e-01 1.5514e+03 1.6274e+03 1.6347e+03 1.3853e+18 1.5037e+18 1.4446e+18 2.2037e-02 8.4941e-04 1.7444e+05 2.6094e+04
2.8600e+03 8.9166e-12 7.9435e-01 1.5511e+03 1.6270e+03 1.6343e+03 1.3929e+18 1.5121e+18 1.4527e+18 2.1985e-02 8.4662e-04 1.7482e+05 2.6144e+04
2.8700e+03 8.8977e-12 7.9456e-01 1.5507e+03 1.6266e+03 1.6340e+03 1.4005e+18 1.5204e+18 1.4609e+18 2.1932e-02 8.4385e-04 1.7519e+05 2.6194e+04
2.8800e+03 8.8788e-12 7.9476e-01 1.5504e+03 1.6262e+03 1.6336e+03 1.4081e+18 1.5289e+18 1.4691e+18 2.1880e-02 8.4109e-04 1.7556e+05 2.6244e+04
2.8900e+03 8.8601e-12 7.9497e-01 1.5501e+03 1.6258e+03 1.6332e+03 1.4157e+18 1.5373e+18 1.4773e+18 2.1828e-02 8.3835e-04 1.7593e+05 2.6294e+04
2.9000e+03 8.8415e-12 7.9517e-01 1.5498e+03 1.6255e+03 1.6328e+03 1.4234e+18 1.5458e+18 1.4856e+18 2.1777e-02 8.3562e-04 1.7630e+05 2.6344e+04
2.9100e+03 8.8229e-12 7.9538e-01 1.5494e+03 1.6251e+03 1.6324e+03 1.4310e+18 1.5543e+18 1.4938e+18 2.1726e-02 8.3290e-04 1.7667e+05 2.6393e+04
2.9200e+03 8.8045e-12 7.9558e-01 1.5491e+03 1.6247e+03 1.6320e+03 1.4387e+18 1.5628e+18 1.5021e+18 2.1675e-02 8.3020e-04 1.7704e+05 2.6443e+04
2.9300e+03 8.7861e-12 7.9579e-01 1.5488e+03 1.6243e+03 1.6316e+03 1.4464e+18 1.5713e+18 1.5104e+18 2.1624e-02 8.2751e-04 1.7741e+05 2.6493e+04
2.9400e+03 8.7679e-12 7.9599e-01 1.5484e+03 1.6240e+03 1.6313e+03 1.4541e+18 1.5799e+18 1.5188e+18 2.1574e-02 8.2484e-04 1.7778e+05 2.6542e+04
2.9500e+03 8.7497e-12 7.9619e-01 1.5481e+03 1.6236e+03 1.6309e+03 1.4619e+18 1.5884e+18 1.5271e+18 2.1523e-02 8.2217e-04 1.7815e+05 2.6592e+04
2.9600e+03 8.7317e-12 7.9640e-01 1.5478e+03 1.6232e+03 1.6305e+03 1.4697e+18 1.5970e+18 1.5355e+18 2.1473e-02 8.1952e-04 1.7852e+05 2.6642e+04
2.9700e+03 8.7137e-12 7.9660e-01 1.5475e+03 1.6229e+03 1.6301e+03 1.4774e+18 1.6056e+18 1.5439e+18 2.1424e-02 8.1689e-04 1.7889e+05 2.6691e+04
2.9800e+03 8.6959e-12 7.9681e-01 1.5472e+03 1.6225e+03 1.6297e+03 1.4852e+18 1.6143e+18 1.5523e+18 2.1374e-02 8.1427e-04 1.7925e+05 2.6741e+04
2.9900e+03 8.6781e-12 7.9701e-01 1.5468e+03 1.6221e+03 1.6294e+03 1.4931e+18 1.6230e+18 1.5608e+18 2.1325e-02 8.1166e-04 1.7962e+05 2.6791e+04
3.0000e+03 8.6604e-12 7.9721e-01 1.5465e+03 1.6218e+03 1.6290e+03 1.5009e+18 1.6316e+18 1.5693e+18 2.1276e-02 8.0906e-04 1.7999e+05 2.6840e+04
3.0100e+03 8.6428e-12 7.9742e-01 1.5462e+03 1.6214e+03 1.6286e+03 1.5088e+18 1.6404e+18 1.5778e+18 2.1228e-02 8.0648e-04 1.8036e+05 2.6890e+04
3.0200e+03 8.6253e-12 7.9762e-01 1.5459e+03 1.6210e+03 1.6283e+03 1.5166e+18 1.6491e+18 1.5863e+18 2.1179e-02 8.0391e-04 1.8073e+05 2.6939e+04
3.0300e+03 8.6079e-12 7.9783e-01 1.5456e+03 1.6207e+03 1.6279e+03 1.5245e+18 1.6578e+18 1.5948e+18 2.1131e-02 8.0135e-04 1.8109e+05 2.6989e+04
3.0400e+03 8.5906e-12 7.9803e-01 1.5453e+03 1.6203e+03 1.6275e+03 1.5324e+18 1.6666e+18 1.6034e+18 2.1083e-02 7.9881e-04 1.8146e+05 2.7038e+04
3.0500e+03 8.5734e-12 7.9823e-01 1.5449e+03 1.6200e+03 1.6271e+03 1.5404e+18 1.6754e+18 1.6120e+18 2.1036e-02 7.9627e-04 1.8183e+05 2.7087e+04
3.0600e+03 8.5562e-12 7.9844e-01 1.5446e+03 1.6196e+03 1.6268e+03 1.5483e+18 1.6842e+18 1.6206e+18 2.0988e-02 7.9375e-04 1.8219e+05 2.7137e+04
3.0700e+03 8.5392e-12 7.9864e-01 1.5443e+03 1.6192e+03 1.6264e+03 1.5563e+18 1.6931e+18 1.6292e+18 2.0941e-02 7.9125e-04 1.8256e+05 2.7186e+04
3.0800e+03 8.5222e-12 7.9884e-01 1.5440e+03 1.6189e+03 1.6260e+03 1.5643e+18 1.7020e+18 1.6379e+18 2.0894e-02 7.8875e-04 1.8292e+05 2.7235e+04
3.0900e+03 8.5053e-12 7.9905e-01 1.5437e+03 1.6185e+03 1.6257e+03 1.5723e+18 1.7108e+18 1.6465e+18 2.0847e-02 7.8627e-04 1.8329e+05 2.7285e+04
3.1000e+03 8.4885e-12 7.9925e-01 1.5434e+03 1.6182e+03 1.6253e+03 1.5803e+18 1.7197e+18 1.6552e+18 2.0801e-02 7.8380e-04 1.8365e+05 2.7334e+04
3.1100e+03 8.4718e-12 7.9945e-01 1.5431e+03 1.6178e+03 1.6250e+03 1.5884e+18 1.7287e+18 1.6640e+18 2.0755e-02 7.8134e-04 1.8402e+05 2.7383e+04
3.1200e+03 8.4552e-12 7.9965e-01 1.5428e+03 1.6175e+03 1.6246e+03 1.5965e+18 1.7376e+18 1.6727e+18 2.0709e-02 7.7890e-04 1.8438e+05 2.7433e+04
3.1300e+03 8.4386e-12 7.9986e-01 1.5425e+03 1.6171e+03 1.6242e+03 1.6045e+18 1.7466e+18 1.6815e+18 2.0663e-02 7.7646e-04 1.8475e+05 2.7482e+04
3.1400e+03 8.4222e-12 8.0006e-01 1.5422e+03 1.6168e+03 1.6239e+03 1.6127e+18 1.7556e+18 1.6903e+18 2.0618e-02 7.7404e-04 1.8511e+05 2.7531e+04
3.1500e+03 8.4058e-12 8.0026e-01 1.5419e+03 1.6164e+03 1.6235e+03 1.6208e+18 1.7646e+18 1.6991e+18 2.0572e-02 7.7163e-04 1.8547e+05 2.7580e+04
3.1600e+03 8.3895e-12 8.0046e-01 1.5416e+03 1.6161e+03 1.6232e+03 1.6289e+18 1.7737e+18 1.7079e+18 2.0527e-02 7.6924e-04 1.8584e+05 2.7629e+04
3.1700e+03 8.3733e-12 8.0066e-01 1.5413e+03 1.6157e+03 1.6228e+03 1.6371e+18 1.7827e+18 1.7167e+18 2.0482e-02 7.6685e-04 1.8620e+05 2.7678e+04
3.1800e+03 8.3571e-12 8.0087e-01 1.5410e+03 1.6154e+03 1.6225e+03 1.6453e+18 1.7918e+18 1.7256e+18 2.0438e-02 7.6448e-04 1.8656e+05 2.7727e+04
3.1900e+03 8.3411e-12 8.0107e-01 1.5407e+03 1.6150e+03 1.6221e+03 1.6535e+18 1.8009e+18 1.7345e+18 2.0393e-02 7.6211e-04 1.8692e+05 2.7776e+04
3.2000e+03 8.3251e-12 8.0127e-01 1.5404e+03 1.6147e+03 1.6218e+03 1.6617e+18 1.8100e+18 1.7434e+18 2.0349e-02 7.5976e-04 1.8729e+05 2.7825e+04
3.2100e+03 8.3092e-12 8.0147e-01 1.5401e+03 1.6144e+03 1.6214e+03 1.6699e+18 1.8192e+18 1.7524e+18 2.0305e-02 7.5742e-04 1.8765e+05 2.7874e+04
3.2200e+03 8.2934e-12 8.0167e-01 1.5398e+03 1.6140e+03 1.6211e+03 1.6782e+18 1.8284e+18 1.7613e+18 2.0261e-02 7.5510e-04 1.8801e+05 2.7923e+04
3.2300e+03 8.2776e-12 8.0187e-01 1.5395e+03 1.6137e+03 1.6207e+03 1.6865e+18 1.8376e+18 1.7703e+18 2.0218e-02 7.5278e-04 1.8837e+05 2.7972e+04
3.2400e+03 8.2620e-12 8.0207e-01 1.5392e+03 1.6133e+03 1.6204e+03 1.6948e+18 1.8468e+18 1.7793e+18 2.0175e-02 7.5048e-04 1.8873e+05 2.8021e+04
3.2500e+03 8.2464e-12 8.0227e-01 1.5389e+03 1.6130e+03 1.6200e+03 1.7031e+18 1.8560e+18 1.7884e+18 2.0131e-02 7.4818e-04 1.8909e+05 2.8070e+04
3.2600e+03 8.2308e-12 8.0247e-01 1.5386e+03 1.6127e+03 1.6197e+03 1.7114e+18 1.8653e+18 1.7974e+18 2.0088e-02 7.4590e-04 1.8945e+05 2.8119e+04
3.2700e+03 8.2154e-12 8.0267e-01 1.5383e+03 1.6123e+03 1.6193e+03 1.7197e+18 1.8745e+18 1.8065e+18 2.0046e-02 7.4363e-04 1.8981e+05 2.8168e+04
3.2800e+03 8.2000e-12 8.0287e-01 1.5380e+03 1.6120e+03 1.6190e+03 1.7281e+18 1.8838e+18 1.8156e+18 2.0003e-02 7.4137e-04 1.9017e+05 2.8217e+04
3.2900e+03 8.1847e-12 8.0307e-01 1.5377e+03 1.6117e+03 1.6186e+03 1.7365e+18 1.8932e+18 1.8247e+18 1.9961e-02 7.3912e-04 1.9053e+05 2.8265e+04
3.3000e+03 8.1695e-12 8.0327e-01 1.5374e+03 1.6113e+03 1.6183e+03 1.7449e+18 1.9025e+18 1.8338e+18 1.9919e-02 7.3688e-04 1.9089e+05 2.8314e+04
3.3100e+03 8.1543e-12 8.0347e-01 1.5371e+03 1.6110e+03 1.6180e+03 1.7533e+18 1.9119e+18 1.8430e+18 1.9877e-02 7.3465e-04 1.9125e+05 2.8363e+04
3.3200e+03 8.1393e-12 8.0367e-01 1.5369e+03 1.6107e+03 1.6176e+03 1.7618e+18 1.9213e+18 1.8522e+18 1.9835e-02 7.3244e-04 1.9161e+05 2.8412e+04
3.3300e+03 8.1243e-12 8.0387e-01 1.5366e+03 1.6104e+03 1.6173e+03 1.7702e+18 1.9307e+18 1.8614e+18 1.9794e-02 7.3023e-04 1.9196e+05 2.8460e+04
3.3400e+03 8.1093e-12 8.0407e-01 1.5363e+03 1.6100e+03 1.6169e+03 1.7787e+18 1.9401e+18 1.8706e+18 1.9753e-02 7.2803e-04 1.9232e+05 2.8509e+04
3.3500e+03 8.0945e-12 8.0427e-01 1.5360e+03 1.6097e+03 1.6166e+03 1.7872e+18 1.9495e+18 1.8799e+18 1.9712e-02 7.2585e-04 1.9268e+05 2.8557e+04
3.3600e+03 8.0797e-12 8.0446e-01 1.5357e+03 1.6094e+03 1.6163e+03 1.7957e+18 1.9590e+18 1.8891e+18 1.9671e-02 7.2368e-04 1.9304e+05 2.8606e+04
3.3700e+03 8.0649e-12 8.0466e-01 1.5354e+03 1.6090e+03 1.6159e+03 1.8042e+18 1.9685e+18 1.8984e+18 1.9630e-02 7.2151e-04 1.9339e+05 2.8655e+04
3.3800e+03 8.0503e-12 8.0486e-01 1.5352e+03 1.6087e+03 1.6156e+03 1.8128e+18 1.9780e+18 1.9077e+18 1.9590e-02 7.1936e-04 1.9375e+05 2.8703e+04
3.3900e+03 8.0357e-12 8.0506e-01 1.5349e+03 1.6084e+03 1.6153e+03 1.8214e+18 1.9875e+18 1.9171e+18 1.9549e-02 7.1722e-04 1.9411e+05 2.8752e+04
3.4000e+03 8.0211e-12 8.0525e-01 1.5346e+03 1.6081e+03 1.6149e+03 1.8300e+18 1.9971e+18 1.9264e+18 1.9509e-02 7.1509e-04 1.9446e+05 2.8800e+04
3.4100e+03 8.0067e-12 8.0545e-01 1.5343e+03 1.6078e+03 1.6146e+03 1.8386e+18 2.0067e+18 1.9358e+18 1.9469e-02 7.1296e-04 1.9482e+05 2.8849e+04
3.4200e+03 7.9923e-12 8.0565e-01 1.5340e+03 1.6074e+03 1.6143e+03 1.8472e+18 2.0163e+18 1.9452e+18 1.9429e-02 7.1085e-04 1.9517e+05 2.8897e+04
3.4300e+03 7.9780e-12 8.0584e-01 1.5338e+03 1.6071e+03 1.6140e+03 1.8558e+18 2.0259e+18 1.9546e+18 1.9390e-02 7.0875e-04 1.9553e+05 2.8945e+04
3.4400e+03 7.9637e-12 8.0604e-01 1.5335e+03 1.6068e+03 1.6136e+03 1.8645e+18 2.0355e+18 1.9641e+18 1.9351e-02 7.0666e-04 1.9588e+05 2.8994e+04
3.4500e+03 7.9495e-12 8.0624e-01 1.5332e+03 1.6065e+03 1.6133e+03 1.8732e+18 2.0452e+18 1.9735e+18 1.9311e-02 7.0458e-04 1.9624e+05 2.9042e+04
3.4600e+03 7.9354e-12 8.0643e-01 1.5329e+03 1.6062e+03 1.6130e+03 1.8819e+18 2.0549e+18 1.9830e+18 1.9272e-02 7.0251e-04 1.9659e+05 2.9090e+04
3.4700e+03 7.9213e-12 8.0663e-01 1.5327e+03 1.6059e+03 1.6127e+03 1.8906e+18 2.0646e+18 1.9925e+18 1.9234e-02 7.0045e-04 1.9695e+05 2.9139e+04
3.4800e+03 7.9073e-12 8.0682e-01 1.5324e+03 1.6055e+03 1.6123e+03 1.8993e+18 2.0743e+18 2.0020e+18 1.9195e-02 6.9840e-04 1.9730e+05 2.9187e+04
3.4900e+03 7.8934e-12 8.0702e-01 1.5321e+03 1.6052e+03 1.6120e+03 1.9081e+18 2.0840e+18 2.0116e+18 1.9156e-02 6.9635e-04 1.9765e+05 2.9235e+04
3.5000e+03 7.8795e-12 8.0721e-01 1.5318e+03 1.6049e+03 1.6117e+03 1.9168e+18 2.0938e+18 2.0211e+18 1.9118e-02 6.9432e-04 1.9801e+05 2.9283e+04
3.5100e+03 7.8657e-12 8.0740e-01 1.5316e+03 1.6046e+03 1.6114e+03 1.9256e+18 2.1036e+18 2.0307e+18 1.9080e-02 6.9230e-04 1.9836e+05 2.9331e+04
3.5200e+03 7.8519e-12 8.0760e-01 1.5313e+03 1.6043e+03 1.6111e+03 1.9344e+18 2.1134e+18 2.0403e+18 1.9042e-02 6.9029e-04 1.9871e+05 2.9379e+04
3.5300e+03 7.8382e-12 8.0779e-01 1.5310e+03 1.6040e+03 1.6107e+03 1.9432e+18 2.1232e+18 2.0500e+18 1.9004e-02 6.8829e-04 1.9906e+05 2.9428e+04
3.5400e+03 7.8246e-12 8.0798e-01 1.5308e+03 1.6037e+03 1.6104e+03 1.9521e+18 2.1331e+18 2.0596e+18 1.8967e-02 6.8630e-04 1.9942e+05 2.9476e+04
3.5500e+03 7.8110e-12 8.0818e-01 1.5305e+03 1.6034e+03 1.6101e+03 1.9609e+18 2.1429e+18 2.0693e+18 1.8929e-02 6.8431e-04 1.9977e+05 2.9524e+04
3.5600e+03 7.7975e-12 8.0837e-01 1.5302e+03 1.6031e+03 1.6098e+03 1.9698e+18 2.1528e+18 2.0790e+18 1.8892e-02 6.8234e-04 2.0012e+05 2.9572e+04
3.5700e+03 7.7841e-12 8.0856e-01 1.5300e+03 1.6028e+03 1.6095e+03 1.9787e+18 2.1627e+18 2.0887e+18 1.8855e-02 6.8037e-04 2.0047e+05 2.9620e+04
3.5800e+03 7.7707e-12 8.0875e-01 1.5297e+03 1.6024e+03 1.6092e+03 1.9876e+18 2.1726e+18 2.0985e+18 1.8818e-02 6.7842e-04 2.0082e+05 2.9668e+04
3.5900e+03 7.7573e-12 8.0894e-01 1.5294e+03 1.6021e+03 1.6088e+03 1.9965e+18 2.1826e+18 2.1082e+18 1.8781e-02 6.7647e-04 2.0117e+05 2.9715e+04
3.6000e+03 7.7441e-12 8.0913e-01 1.5292e+03 1.6018e+03 1.6085e+03 2.0055e+18 2.1926e+18 2.1180e+18 1.8745e-02 6.7454e-04 2.0152e+05 2.9763e+04
3.6100e+03 7.7308e-12 8.0933e-01 1.5289e+03 1.6015e+03 1.6082e+03 2.0145e+18 2.2026e+18 2.1278e+18 1.8708e-02 6.7261e-04 2.0187e+05 2.9811e+04
3.6200e+03 7.7177e-12 8.0952e-01 1.5287e+03 1.6012e+03 1.6079e+03 2.0234e+18 2.2126e+18 2.1376e+18 1.8672e-02 6.7069e-04 2.0222e+05 2.9859e+04
3.6300e+03 7.7046e-12 8.0971e-01 1.5284e+03 1.6009e+03 1.6076e+03 2.0324e+18 2.2226e+18 2.1475e+18 1.8636e-02 6.6879e-04 2.0257e+05 2.9907e+04
3.6400e+03 7.6915e-12 8.0990e-01 1.5281e+03 1.6006e+03 1.6073e+03 2.0414e+18 2.2327e+18 2.1573e+18 1.8600e-02 6.6689e-04 2.0292e+05 2.9954e+04
3.6500e+03 7.6785e-12 8.1008e-01 1.5279e+03 1.6003e+03 1.6070e+03 2.0505e+18 2.2427e+18 2.1672e+18 1.8564e-02 6.6500e-04 2.0327e+05 3.0002e+04
3.6600e+03 7.6656e-12 8.1027e-01 1.5276e+03 1.6000e+03 1.6067e+03 2.0595e+18 2.2528e+18 2.1771e+18 1.8529e-02 6.6312e-04 2.0362e+05 3.0050e+04
3.6700e+03 7.6527e-12 8.1046e-01 1.5274e+03 1.5997e+03 1.6064e+03 2.0686e+18 2.2629e+18 2.1870e+18 1.8493e-02 6.6124e-04 2.0397e+05 3.0098e+04
3.6800e+03 7.6399e-12 8.1065e-01 1.5271e+03 1.5994e+03 1.6061e+03 2.0777e+18 2.2731e+18 2.1970e+18 1.8458e-02 6.5938e-04 2.0432e+05 3.0145e+04
3.6900e+03 7.6271e-12 8.1084e-01 1.5268e+03 1.5991e+03 1.6058e+03 2.0868e+18 2.2832e+18 2.2070e+18 1.8423e-02 6.5753e-04 2.0466e+05 3.0193e+04
3.7000e+03 7.6144e-12 8.1103e-01 1.5266e+03 1.5988e+03 1.6055e+03 2.0959e+18 2.2934e+18 2.2169e+18 1.8388e-02 6.5568e-04 2.0501e+05 3.0240e+04
3.7100e+03 7.6018e-12 8.1121e-01 1.5263e+03 1.5986e+03 1.6052e+03 2.1051e+18 2.3036e+18 2.2270e+18 1.8353e-02 6.5384e-04 2.0536e+05 3.0288e+04
3.7200e+03 7.5891e-12 8.1140e-01 1.5261e+03 1.5983e+03 1.6049e+03 2.1142e+18 2.3138e+18 2.2370e+18 1.8319e-02 6.5202e-04 2.0571e+05 3.0335e+04
3.7300e+03 7.5766e-12 8.1159e-01 1.5258e+03 1.5980e+03 1.6046e+03 2.1234e+18 2.3240e+18 2.2470e+18 1.8284e-02 6.5020e-04 2.0605e+05 3.0383e+04
3.7400e+03 7.5641e-12 8.1177e-01 1.5256e+03 1.5977e+03 1.6043e+03 2.1326e+18 2.3343e+18 2.2571e+18 1.8250e-02 6.4839e-04 2.0640e+05 3.0430e+04
3.7500e+03 7.5516e-12 8.1196e-01 1.5253e+03 1.5974e+03 1.6040e+03 2.1418e+18 2.3446e+18 2.2672e+18 1.8216e-02 6.4658e-04 2.0674e+05 3.0478e+04
3.7600e+03 7.5392e-12 8.1214e-01 1.5251e+03 1.5971e+03 1.6037e+03 2.1510e+18 2.3549e+18 2.2773e+18 1.8181e-02 6.4479e-04 2.0709e+05 3.0525e+04
3.7700e+03 7.5269e-12 8.1233e-01 1.5248e+03 1.5968e+03 1.6034e+03 2.1603e+18 2.3652e+18 2.2874e+18 1.8148e-02 6.4301e-04 2.0744e+05 3.0572e+04
3.7800e+03 7.5146e-12 8.1251e-01 1.5246e+03 1.5965e+03 1.6031e+03 2.1695e+18 2.3755e+18 2.2976e+18 1.8114e-02 6.4123e-04 2.0778e+05 3.0620e+04
3.7900e+03 7.5023e-12 8.1270e-01 1.5243e+03 1.5962e+03 1.6028e+03 2.1788e+18 2.3859e+18 2.3078e+18 1.8080e-02 6.3946e-04 2.0813e+05 3.0667e+04
3.8000e+03 7.4901e-12 8.1288e-01 1.5241e+03 1.5959e+03 1.6025e+03 2.1881e+18 2.3962e+18 2.3180e+18 1.8047e-02 6.3770e-04 2.0847e+05 3.0714e+04
3.8100e+03 7.4780e-12 8.1306e-01 1.5238e+03 1.5957e+03 1.6022e+03 2.1974e+18 2.4066e+18 2.3282e+18 1.8013e-02 6.3595e-04 2.0882e+05 3.0762e+04
3.8200e+03 7.4659e-12 8.1325e-01 1.5236e+03 1.5954e+03 1.6019e+03 2.2067e+18 2.4171e+18 2.3384e+18 1.7980e-02 6.3421e-04 2.0916e+05 3.0809e+04
3.8300e+03 7.4539e-12 8.1343e-01 1.5233e+03 1.5951e+03 1.6016e+03 2.2161e+18 2.4275e+18 2.3487e+18 1.7947e-02 6.3247e-04 2.0950e+05 3.0856e+04
3.8400e+03 7.4419e-12 8.1361e-01 1.5231e+03 1.5948e+03 1.6013e+03 2.2255e+18 2.4380e+18 2.3590e+18 1.7914e-02 6.3075e-04 2.0985e+05 3.0903e+04
3.8500e+03 7.4299e-12 8.1379e-01 1.5228e+03 1.5945e+03 1.6010e+03 2.2348e+18 2.4484e+18 2.3693e+18 1.7882e-02 6.2903e-04 2.1019e+05 3.0950e+04
3.8600e+03 7.4180e-12 8.1397e-01 1.5226e+03 1.5942e+03 1.6007e+03 2.2442e+18 2.4589e+18 2.3796e+18 1.7849e-02 6.2732e-04 2.1053e+05 3.0997e+04
3.8700e+03 7.4061e-12 8.1415e-01 1.5224e+03 1.5940e+03 1.6004e+03 2.2537e+18 2.4694e+18 2.3899e+18 1.7816e-02 6.2561e-04 2.1088e+05 3.1044e+04
3.8800e+03 7.3943e-12 8.1433e-01 1.5221e+03 1.5937e+03 1.6001e+03 2.2631e+18 2.4800e+18 2.4003e+18 1.7784e-02 6.2392e-04 2.1122e+05 3.1091e+04
3.8900e+03 7.3826e-12 8.1451e-01 1.5219e+03 1.5934e+03 1.5999e+03 2.2725e+18 2.4905e+18 2.4107e+18 1.7752e-02 6.2223e-04 2.1156e+05 3.1138e+04
3.9000e+03 7.3709e-12 8.1469e-01 1.5216e+03 1.5931e+03 1.5996e+03 2.2820e+18 2.5011e+18 2.4211e+18 1.7720e-02 6.2056e-04 2.1190e+05 3.1185e+04
3.9100e+03 7.3592e-12 8.1487e-01 1.5214e+03 1.5928e+03 1.5993e+03 2.2915e+18 2.5117e+18 2.4315e+18 1.7688e-02 6.1889e-04 2.1225e+05 3.1232e+04
3.9200e+03 7.3476e-12 8.1505e-01 1.5212e+03 1.5926e+03 1.5990e+03 2.3010e+18 2.5223e+18 2.4419e+18 1.7656e-02 6.1722e-04 2.1259e+05 3.1279e+04
3.9300e+03 7.3360e-12 8.1523e-01 1.5209e+03 1.5923e+03 1.5987e+03 2.3105e+18 2.5330e+18 2.4524e+18 1.7624e-02 6.1557e-04 2.1293e+05 3.1326e+04
3.9400e+03 7.3245e-12 8.1541e-01 1.5207e+03 1.5920e+03 1.5984e+03 2.3201e+18 2.5436e+18 2.4629e+18 1.7593e-02 6.1392e-04 2.1327e+05 3.1372e+04
3.9500e+03 7.3130e-12 8.1558e-01 1.5204e+03 1.5917e+03 1.5981e+03 2.3296e+18 2.5543e+18 2.4734e+18 1.7561e-02 6.1228e-04 2.1361e+05 3.1419e+04
3.9600e+03 7.3016e-12 8.1576e-01 1.5202e+03 1.5915e+03 1.5979e+03 2.3392e+18 2.5650e+18 2.4839e+18 1.7530e-02 6.1065e-04 2.1395e+05 3.1466e+04
3.9700e+03 7.2902e-12 8.1594e-01 1.5200e+03 1.5912e+03 1.5976e+03 2.3488e+18 2.5757e+18 2.4944e+18 1.7499e-02 6.0903e-04 2.1429e+05 3.1513e+04
3.9800e+03 7.2788e-12 8.1611e-01 1.5197e+03 1.5909e+03 1.5973e+03 2.3584e+18 2.5864e+18 2.5050e+18 1.7468e-02 6.0741e-04 2.1463e+05 3.1559e+04
3.9900e+03 7.2675e-12 8.1629e-01 1.5195e+03 1.5906e+03 1.5970e+03 2.3680e+18 2.5972e+18 2.5156e+18 1.7437e-02 6.0580e-04 2.1497e+05 3.1606e+04
4.0000e+03 7.2562e-12 8.1646e-01 1.5193e+03 1.5904e+03 1.5967e+03 2.3776e+18 2.6080e+18 2.5262e+18 1.7406e-02 6.0420e-04 2.1531e+05 3.1652e+04
4.0100e+03 7.2450e-12 8.1664e-01 1.5190e+03 1.5901e+03 1.5965e+03 2.3873e+18 2.6188e+18 2.5368e+18 1.7376e-02 6.0261e-04 2.1565e+05 3.1699e+04
4.0200e+03 7.2339e-12 8.1681e-01 1.5188e+03 1.5898e+03 1.5962e+03 2.3970e+18 2.6296e+18 2.5474e+18 1.7345e-02 6.0103e-04 2.1599e+05 3.1746e+04
4.0300e+03 7.2227e-12 8.1699e-01 1.5186e+03 1.5896e+03 1.5959e+03 2.4067e+18 2.6404e+18 2.5581e+18 1.7315e-02 5.9945e-04 2.1633e+05 3.1792e+04
4.0400e+03 7.2116e-12 8.1716e-01 1.5183e+03 1.5893e+03 1.5956e+03 2.4164e+18 2.6513e+18 2.5688e+18 1.7285e-02 5.9788e-04 2.1667e+05 3.1838e+04
4.0500e+03 7.2006e-12 8.1733e-01 1.5181e+03 1.5890e+03 1.5954e+03 2.4261e+18 2.6621e+18 2.5795e+18 1.7255e-02 5.9631e-04 2.1700e+05 3.1885e+04
4.0600e+03 7.1896e-12 8.1751e-01 1.5179e+03 1.5887e+03 1.5951e+03 2.4358e+18 2.6730e+18 2.5902e+18 1.7225e-02 5.9476e-04 2.1734e+05 3.1931e+04
4.0700e+03 7.1786e-12 8.1768e-01 1.5176e+03 1.5885e+03 1.5948e+03 2.4456e+18 2.6839e+18 2.6010e+18 1.7195e-02 5.9321e-04 2.1768e+05 3.1978e+04
4.0800e+03 7.1677e-12 8.1785e-01 1.5174e+03 1.5882e+03 1.5945e+03 2.4554e+18 2.6949e+18 2.6117e+18 1.7165e-02 5.9167e-04 2.1802e+05 3.2024e+04
4.0900e+03 7.1568e-12 8.1802e-01 1.5172e+03 1.5879e+03 1.5943e+03 2.4652e+18 2.7058e+18 2.6225e+18 1.7135e-02 5.9013e-04 2.1835e+05 3.2070e+04
4.1000e+03 7.1460e-12 8.1819e-01 1.5170e+03 1.5877e+03 1.5940e+03 2.4750e+18 2.7168e+18 2.6333e+18 1.7106e-02 5.8860e-04 2.1869e+05 3.2116e+04
4.1100e+03 7.1352e-12 8.1836e-01 1.5167e+03 1.5874e+03 1.5937e+03 2.4848e+18 2.7278e+18 2.6441e+18 1.7076e-02 5.8708e-04 2.1903e+05 3.2163e+04
4.1200e+03 7.1244e-12 8.1853e-01 1.5165e+03 1.5872e+03 1.5934e+03 2.4947e+18 2.7388e+18 2.6550e+18 1.7047e-02 5.8557e-04 2.1936e+05 3.2209e+04
4.1300e+03 7.1137e-12 8.1870e-01 1.5163e+03 1.5869e+03 1.5932e+03 2.5045e+18 2.7498e+18 2.6659e+18 1.7018e-02 5.8407e-04 2.1970e+05 3.2255e+04
4.1400e+03 7.1030e-12 8.1887e-01 1.5160e+03 1.5866e+03 1.5929e+03 2.5144e+18 2.7609e+18 2.6767e+18 1.6989e-02 5.8257e-04 2.2004e+05 3.2301e+04
4.1500e+03 7.0924e-12 8.1904e-01 1.5158e+03 1.5864e+03 1.5926e+03 2.5243e+18 2.7719e+18 2.6876e+18 1.6960e-02 5.8108e-04 2.2037e+05 3.2347e+04
4.1600e+03 7.0818e-12 8.1920e-01 1.5156e+03 1.5861e+03 1.5924e+03 2.5342e+18 2.7830e+18 2.6986e+18 1.6931e-02 5.7959e-04 2.2071e+05 3.2393e+04
4.1700e+03 7.0712e-12 8.1937e-01 1.5154e+03 1.5858e+03 1.5921e+03 2.5441e+18 2.7941e+18 2.7095e+18 1.6902e-02 5.7811e-04 2.2104e+05 3.2439e+04
4.1800e+03 7.0607e-12 8.1954e-01 1.5152e+03 1.5856e+03 1.5918e+03 2.5541e+18 2.8053e+18 2.7205e+18 1.6874e-02 5.7664e-04 2.2138e+05 3.2485e+04
4.1900e+03 7.0502e-12 8.1970e-01 1.5149e+03 1.5853e+03 1.5916e+03 2.5640e+18 2.8164e+18 2.7315e+18 1.6845e-02 5.7518e-04 2.2171e+05 3.2531e+04
4.2000e+03 7.0397e-12 8.1987e-01 1.5147e+03 1.5851e+03 1.5913e+03 2.5740e+18 2.8276e+18 2.7425e+18 1.6817e-02 5.7372e-04 2.2205e+05 3.2577e+04
4.2100e+03 7.0293e-12 8.2003e-01 1.5145e+03 1.5848e+03 1.5910e+03 2.5840e+18 2.8388e+18 2.7535e+18 1.6789e-02 5.7227e-04 2.2238e+05 3.2623e+04
4.2200e+03 7.0190e-12 8.2020e-01 1.5143e+03 1.5846e+03 1.5908e+03 2.5940e+18 2.8500e+18 2.7645e+18 1.6761e-02 5.7083e-04 2.2271e+05 3.2669e+04
4.2300e+03 7.0086e-12 8.2036e-01 1.5140e+03 1.5843e+03 1.5905e+03 2.6041e+18 2.8612e+18 2.7756e+18 1.6732e-02 5.6939e-04 2.2305e+05 3.2715e+04
4.2400e+03 6.9983e-12 8.2053e-01 1.5138e+03 1.5840e+03 1.5902e+03 2.6141e+18 2.8724e+18 2.7867e+18 1.6705e-02 5.6796e-04 2.2338e+05 3.2760e+04
4.2500e+03 6.9881e-12 8.2069e-01 1.5136e+03 1.5838e+03 1.5900e+03 2.6242e+18 2.8837e+18 2.7978e+18 1.6677e-02 5.6654e-04 2.2371e+05 3.2806e+04
4.2600e+03 6.9778e-12 8.2085e-01 1.5134e+03 1.5835e+03 1.5897e+03 2.6342e+18 2.8950e+18 2.8089e+18 1.6649e-02 5.6512e-04 2.2405e+05 3.2852e+04
4.2700e+03 6.9676e-12 8.2102e-01 1.5132e+03 1.5833e+03 1.5895e+03 2.6443e+18 2.9063e+18 2.8201e+18 1.6621e-02 5.6371e-04 2.2438e+05 3.2897e+04
4.2800e+03 6.9575e-12 8.2118e-01 1.5130e+03 1.5830e+03 1.5892e+03 2.6545e+18 2.9176e+18 2.8312e+18 1.6594e-02 5.6230e-04 2.2471e+05 3.2943e+04
4.2900e+03 6.9474e-12 8.2134e-01 1.5127e+03 1.5828e+03 1.5889e+03 2.6646e+18 2.9289e+18 2.8424e+18 1.6567e-02 5.6091e-04 2.2504e+05 3.2989e+04
4.3000e+03 6.9373e-12 8.2150e-01 1.5125e+03 1.5825e+03 1.5887e+03 2.6747e+18 2.9403e+18 2.8536e+18 1.6539e-02 5.5952e-04 2.2538e+05 3.3034e+04
4.3100e+03 6.9272e-12 8.2166e-01 1.5123e+03 1.5823e+03 1.5884e+03 2.6849e+18 2.9517e+18 2.8648e+18 1.6512e-02 5.5813e-04 2.2571e+05 3.3080e+04
4.3200e+03 6.9172e-12 8.2182e-01 1.5121e+03 1.5820e+03 1.5882e+03 2.6951e+18 2.9631e+18 2.8761e+18 1.6485e-02 5.5675e-04 2.2604e+05 3.3125e+04
4.3300e+03 6.9073e-12 8.2198e-01 1.5119e+03 1.5818e+03 1.5879e+03 2.7053e+18 2.9745e+18 2.8874e+18 1.6458e-02 5.5538e-04 2.2637e+05 3.3170e+04
4.3400e+03 6.8973e-12 8.2214e-01 1.5117e+03 1.5815e+03 1.5877e+03 2.7155e+18 2.9859e+18 2.8986e+18 1.6431e-02 5.5402e-04 2.2670e+05 3.3216e+04
4.3500e+03 6.8874e-12 8.2230e-01 1.5115e+03 1.5813e+03 1.5874e+03 2.7257e+18 2.9974e+18 2.9099e+18 1.6404e-02 5.5266e-04 2.2703e+05 3.3261e+04
4.3600e+03 6.8775e-12 8.2245e-01 1.5112e+03 1.5810e+03 1.5871e+03 2.7360e+18 3.0089e+18 2.9213e+18 1.6378e-02 5.5131e-04 2.2736e+05 3.3307e+04
4.3700e+03 6.8677e-12 8.2261e-01 1.5110e+03 1.5808e+03 1.5869e+03 2.7462e+18 3.0204e+18 2.9326e+18 1.6351e-02 5.4996e-04 2.2769e+05 3.3352e+04
4.3800e+03 6.8579e-12 8.2277e-01 1.5108e+03 1.5805e+03 1.5866e+03 2.7565e+18 3.0319e+18 2.9440e+18 1.6325e-02 5.4862e-04 2.2802e+05 3.3397e+04
4.3900e+03 6.8481e-12 8.2292e-01 1.5106e+03 1.5803e+03 1.5864e+03 2.7668e+18 3.0434e+18 2.9554e+18 1.6298e-02 5.4729e-04 2.2835e+05 3.3442e+04
4.4000e+03 6.8384e-12 8.2308e-01 1.5104e+03 1.5800e+03 1.5861e+03 2.7771e+18 3.0550e+18 2.9668e+18 1.6272e-02 5.4596e-04 2.2868e+05 3.3487e+04
4.4100e+03 6.8287e-12 8.2323e-01 1.5102e+03 1.5798e+03 1.5859e+03 2.7875e+18 3.0666e+18 2.9782e+18 1.6246e-02 5.4464e-04 2.2901e+05 3.3533e+04
4.4200e+03 6.8190e-12 8.2339e-01 1.5100e+03 1.5795e+03 1.5856e+03 2.7978e+18 3.0781e+18 2.9896e+18 1.6220e-02 5.4332e-04 2.2934e+05 3.3578e+04
4.4300e+03 6.8094e-12 8.2354e-01 1.5098e+03 1.5793e+03 1.5854e+03 2.8082e+18 3.0898e+18 3.0011e+18 1.6194e-02 5.4201e-04 2.2967e+05 3.3623e+04
4.4400e+03 6.7998e-12 8.2370e-01 1.5096e+03 1.5791e+03 1.5851e+03 2.8186e+18 3.1014e+18 3.0126e+18 1.6168e-02 5.4071e-04 2.3000e+05 3.3668e+04
4.4500e+03 6.7902e-12 8.2385e-01 1.5093e+03 1.5788e+03 1.5849e+03 2.8290e+18 3.1130e+18 3.0241e+18 1.6142e-02 5.3941e-04 2.3033e+05 3.3713e+04
4.4600e+03 6.7807e-12 8.2400e-01 1.5091e+03 1.5786e+03 1.5846e+03 2.8394e+18 3.1247e+18 3.0356e+18 1.6117e-02 5.3812e-04 2.3066e+05 3.3758e+04
4.4700e+03 6.7711e-12 8.2416e-01 1.5089e+03 1.5783e+03 1.5844e+03 2.8498e+18 3.1364e+18 3.0471e+18 1.6091e-02 5.3684e-04 2.3098e+05 3.3803e+04
4.4800e+03 6.7617e-12 8.2431e-01 1.5087e+03 1.5781e+03 1.5841e+03 2.8603e+18 3.1481e+18 3.0587e+18 1.6066e-02 5.3556e-04 2.3131e+05 3.3848e+04
4.4900e+03 6.7522e-12 8.2446e-01 1.5085e+03 1.5779e+03 1.5839e+03 2.8707e+18 3.1598e+18 3.0703e+18 1.6040e-02 5.3428e-04 2.3164e+05 3.3892e+04
4.5000e+03 6.7428e-12 8.2461e-01 1.5083e+03 1.5776e+03 1.5836e+03 2.8812e+18 3.1716e+18 3.0819e+18 1.6015e-02 5.3302e-04 2.3197e+05 3.3937e+04
4.5100e+03 6.7334e-12 8.2476e-01 1.5081e+03 1.5774e+03 1.5834e+03 2.8917e+18 3.1834e+18 3.0935e+18 1.5990e-02 5.3175e-04 2.3229e+05 3.3982e+04
4.5200e+03 6.7241e-12 8.2491e-01 1.5079e+03 1.5771e+03 1.5831e+03 2.9022e+18 3.1951e+18 3.1051e+18 1.5965e-02 5.3050e-04 2.3262e+05 3.4027e+04
4.5300e+03 6.7147e-12 8.2506e-01 1.5077e+03 1.5769e+03 1.5829e+03 2.9128e+18 3.2070e+18 3.1168e+18 1.5940e-02 5.2925e-04 2.3295e+05 3.4071e+04
4.5400e+03 6.7055e-12 8.2521e-01 1.5075e+03 1.5767e+03 1.5827e+03 2.9233e+18 3.2188e+18 3.1285e+18 1.5915e-02 5.2800e-04 2.3327e+05 3.4116e+04
4.5500e+03 0.0000e+00 0.0000e+00 1.5073e+03 0.0000e+00 1.5824e+03 0.0000e+00 0.0000e+00 0.0000e+00 0.0000e+00 0.0000e+00 0.0000e+00 0.0000e+00
