0.0000e+00 2.3990e-11 3.6155e+00 1.7000e+03 2.6096e+03 4.2000e+03 2.1327e+18 7.0636e+17 1.4709e+16 5.0279e-02 2.1458e+00 5.7877e+04 2.2236e+03
1.0000e+01 2.3855e-11 2.5188e+00 1.7571e+03 2.6999e+03 4.1249e+03 1.1148e+18 6.7456e+17 1.9897e+16 7.1763e-02 1.8039e+00 4.2939e+04 2.3697e+03
2.0000e+01 2.3720e-11 1.9017e+00 1.8051e+03 2.7909e+03 4.0618e+03 5.8012e+17 6.2081e+17 2.5874e+16 9.4516e-02 1.5257e+00 3.4125e+04 2.4989e+03
3.0000e+01 2.3586e-11 1.5203e+00 1.8454e+03 2.8655e+03 4.0084e+03 3.5220e+17 5.8285e+17 3.2519e+16 1.1756e-01 1.3094e+00 2.8465e+04 2.6182e+03
4.0000e+01 2.3454e-11 1.2668e+00 1.8797e+03 2.9280e+03 3.9625e+03 2.3725e+17 5.5490e+17 3.9762e+16 1.4029e-01 1.1365e+00 2.4585e+04 2.7309e+03
5.0000e+01 2.3322e-11 1.0895e+00 1.9088e+03 2.9808e+03 3.9227e+03 1.7234e+17 5.3399e+17 4.7525e+16 1.6221e-01 9.9538e-01 2.1801e+04 2.8388e+03
6.0000e+01 2.3191e-11 9.6046e-01 1.9337e+03 3.0257e+03 3.8879e+03 1.3260e+17 5.1842e+17 5.5726e+16 1.8297e-01 8.7876e-01 1.9736e+04 2.9433e+03
7.0000e+01 2.3062e-11 8.6380e-01 1.9550e+03 3.0640e+03 3.8571e+03 1.0674e+17 5.0709e+17 6.4289e+16 2.0230e-01 7.8136e-01 1.8165e+04 3.0451e+03
8.0000e+01 2.2933e-11 7.8965e-01 1.9732e+03 3.0967e+03 3.8298e+03 8.9105e+16 4.9923e+17 7.3143e+16 2.2007e-01 6.9935e-01 1.6947e+04 3.1448e+03
9.0000e+01 2.2805e-11 7.3168e-01 1.9887e+03 3.1246e+03 3.8053e+03 7.6630e+16 4.9428e+17 8.2225e+16 2.3618e-01 6.2985e-01 1.5988e+04 3.2425e+03
1.0000e+02 2.2678e-11 6.8568e-01 2.0019e+03 3.1483e+03 3.7833e+03 6.7543e+16 4.9181e+17 9.1486e+16 2.5062e-01 5.7062e-01 1.5225e+04 3.3385e+03
1.1000e+02 2.2553e-11 6.4870e-01 2.0132e+03 3.1684e+03 3.7633e+03 6.0769e+16 4.9148e+17 1.0088e+17 2.6344e-01 5.1988e-01 1.4613e+04 3.4328e+03
1.2000e+02 2.2428e-11 6.1869e-01 2.0227e+03 3.1855e+03 3.7451e+03 5.5628e+16 4.9303e+17 1.1038e+17 2.7469e-01 4.7622e-01 1.4118e+04 3.5255e+03
1.3000e+02 2.2304e-11 5.9412e-01 2.0307e+03 3.1998e+03 3.7284e+03 5.1672e+16 4.9625e+17 1.1995e+17 2.8447e-01 4.3849e-01 1.3718e+04 3.6165e+03
1.4000e+02 2.2181e-11 5.7387e-01 2.0375e+03 3.2119e+03 3.7131e+03 4.8597e+16 5.0094e+17 1.2959e+17 2.9288e-01 4.0574e-01 1.3393e+04 3.7057e+03
1.5000e+02 2.2059e-11 5.5711e-01 2.0431e+03 3.2219e+03 3.6989e+03 4.6193e+16 5.0697e+17 1.3927e+17 3.0003e-01 3.7721e-01 1.3130e+04 3.7932e+03
1.6000e+02 2.1937e-11 5.4317e-01 2.0477e+03 3.2302e+03 3.6857e+03 4.4309e+16 5.1421e+17 1.4900e+17 3.0603e-01 3.5226e-01 1.2917e+04 3.8789e+03
1.7000e+02 2.1817e-11 5.3156e-01 2.0515e+03 3.2370e+03 3.6734e+03 4.2835e+16 5.2256e+17 1.5876e+17 3.1101e-01 3.3036e-01 1.2747e+04 3.9628e+03
1.8000e+02 2.1698e-11 5.2186e-01 2.0545e+03 3.2424e+03 3.6618e+03 4.1689e+16 5.3193e+17 1.6856e+17 3.1505e-01 3.1105e-01 1.2613e+04 4.0449e+03
1.9000e+02 2.1579e-11 5.1377e-01 2.0569e+03 3.2467e+03 3.6509e+03 4.0810e+16 5.4224e+17 1.7840e+17 3.1827e-01 2.9397e-01 1.2508e+04 4.1252e+03
2.0000e+02 2.1462e-11 5.0701e-01 2.0588e+03 3.2500e+03 3.6406e+03 4.0150e+16 5.5344e+17 1.8829e+17 3.2075e-01 2.7880e-01 1.2428e+04 4.2037e+03
2.1000e+02 2.1345e-11 5.0140e-01 2.0601e+03 3.2523e+03 3.6309e+03 3.9673e+16 5.6546e+17 1.9823e+17 3.2258e-01 2.6528e-01 1.2370e+04 4.2805e+03
2.2000e+02 2.1229e-11 4.9674e-01 2.0610e+03 3.2540e+03 3.6216e+03 3.9349e+16 5.7827e+17 2.0823e+17 3.2383e-01 2.5319e-01 1.2331e+04 4.3556e+03
2.3000e+02 2.1114e-11 4.9290e-01 2.0616e+03 3.2550e+03 3.6127e+03 3.9156e+16 5.9181e+17 2.1830e+17 3.2459e-01 2.4233e-01 1.2307e+04 4.4290e+03
2.4000e+02 2.1000e-11 4.8976e-01 2.0618e+03 3.2554e+03 3.6042e+03 3.9074e+16 6.0606e+17 2.2844e+17 3.2490e-01 2.3254e-01 1.2297e+04 4.5008e+03
2.5000e+02 2.0886e-11 4.8722e-01 2.0618e+03 3.2552e+03 3.5961e+03 3.9090e+16 6.2098e+17 2.3866e+17 3.2483e-01 2.2369e-01 1.2300e+04 4.5712e+03
2.6000e+02 2.0774e-11 4.8521e-01 2.0615e+03 3.2547e+03 3.5883e+03 3.9189e+16 6.3655e+17 2.4896e+17 3.2442e-01 2.1566e-01 1.2312e+04 4.6401e+03
2.7000e+02 2.0662e-11 4.8363e-01 2.0610e+03 3.2538e+03 3.5807e+03 3.9362e+16 6.5274e+17 2.5937e+17 3.2373e-01 2.0834e-01 1.2334e+04 4.7076e+03
2.8000e+02 2.0551e-11 4.8245e-01 2.0603e+03 3.2525e+03 3.5734e+03 3.9600e+16 6.6954e+17 2.6988e+17 3.2278e-01 2.0165e-01 1.2364e+04 4.7739e+03
2.9000e+02 2.0441e-11 4.8160e-01 2.0594e+03 3.2510e+03 3.5664e+03 3.9897e+16 6.8692e+17 2.8050e+17 3.2162e-01 1.9552e-01 1.2400e+04 4.8389e+03
3.0000e+02 2.0332e-11 4.8103e-01 2.0584e+03 3.2492e+03 3.5595e+03 4.0245e+16 7.0487e+17 2.9124e+17 3.2028e-01 1.8988e-01 1.2443e+04 4.9029e+03
3.1000e+02 2.0224e-11 4.8073e-01 2.0573e+03 3.2472e+03 3.5529e+03 4.0639e+16 7.2337e+17 3.0210e+17 3.1877e-01 1.8467e-01 1.2491e+04 4.9657e+03
3.2000e+02 2.0116e-11 4.8064e-01 2.0561e+03 3.2450e+03 3.5464e+03 4.1076e+16 7.4242e+17 3.1310e+17 3.1714e-01 1.7985e-01 1.2544e+04 5.0275e+03
3.3000e+02 2.0009e-11 4.8074e-01 2.0548e+03 3.2427e+03 3.5401e+03 4.1551e+16 7.6200e+17 3.2423e+17 3.1539e-01 1.7537e-01 1.2602e+04 5.0884e+03
3.4000e+02 1.9903e-11 4.8101e-01 2.0534e+03 3.2402e+03 3.5340e+03 4.2062e+16 7.8210e+17 3.3551e+17 3.1354e-01 1.7119e-01 1.2663e+04 5.1485e+03
3.5000e+02 1.9798e-11 4.8142e-01 2.0520e+03 3.2376e+03 3.5280e+03 4.2604e+16 8.0272e+17 3.4693e+17 3.1161e-01 1.6729e-01 1.2727e+04 5.2077e+03
3.6000e+02 1.9693e-11 4.8195e-01 2.0504e+03 3.2349e+03 3.5221e+03 4.3176e+16 8.2385e+17 3.5852e+17 3.0962e-01 1.6364e-01 1.2794e+04 5.2661e+03
3.7000e+02 1.9589e-11 4.8260e-01 2.0489e+03 3.2321e+03 3.5164e+03 4.3775e+16 8.4548e+17 3.7026e+17 3.0758e-01 1.6021e-01 1.2864e+04 5.3239e+03
3.8000e+02 1.9486e-11 4.8334e-01 2.0473e+03 3.2292e+03 3.5108e+03 4.4400e+16 8.6761e+17 3.8217e+17 3.0550e-01 1.5698e-01 1.2936e+04 5.3810e+03
3.9000e+02 1.9384e-11 4.8416e-01 2.0457e+03 3.2263e+03 3.5053e+03 4.5048e+16 8.9024e+17 3.9425e+17 3.0338e-01 1.5393e-01 1.3010e+04 5.4375e+03
4.0000e+02 1.9283e-11 4.8505e-01 2.0440e+03 3.2233e+03 3.4999e+03 4.5719e+16 9.1335e+17 4.0650e+17 3.0123e-01 1.5104e-01 1.3086e+04 5.4934e+03
4.1000e+02 1.9182e-11 4.8600e-01 2.0423e+03 3.2203e+03 3.4946e+03 4.6410e+16 9.3695e+17 4.1893e+17 2.9907e-01 1.4830e-01 1.3164e+04 5.5488e+03
4.2000e+02 1.9082e-11 4.8701e-01 2.0406e+03 3.2173e+03 3.4894e+03 4.7122e+16 9.6104e+17 4.3154e+17 2.9690e-01 1.4570e-01 1.3243e+04 5.6036e+03
4.3000e+02 1.8983e-11 4.8805e-01 2.0389e+03 3.2142e+03 3.4843e+03 4.7851e+16 9.8561e+17 4.4434e+17 2.9472e-01 1.4322e-01 1.3324e+04 5.6581e+03
4.4000e+02 1.8884e-11 4.8914e-01 2.0372e+03 3.2111e+03 3.4793e+03 4.8599e+16 1.0107e+18 4.5734e+17 2.9254e-01 1.4086e-01 1.3405e+04 5.7121e+03
4.5000e+02 1.8786e-11 4.9025e-01 2.0355e+03 3.2080e+03 3.4744e+03 4.9363e+16 1.0362e+18 4.7052e+17 2.9036e-01 1.3860e-01 1.3488e+04 5.7657e+03
4.6000e+02 1.8689e-11 4.9139e-01 2.0337e+03 3.2049e+03 3.4695e+03 5.0144e+16 1.0622e+18 4.8390e+17 2.8819e-01 1.3644e-01 1.3571e+04 5.8189e+03
4.7000e+02 1.8593e-11 4.9256e-01 2.0320e+03 3.2018e+03 3.4648e+03 5.0940e+16 1.0887e+18 4.9749e+17 2.8603e-01 1.3436e-01 1.3656e+04 5.8718e+03
4.8000e+02 1.8497e-11 4.9373e-01 2.0303e+03 3.1987e+03 3.4601e+03 5.1750e+16 1.1156e+18 5.1128e+17 2.8388e-01 1.3237e-01 1.3741e+04 5.9244e+03
4.9000e+02 1.8402e-11 4.9492e-01 2.0285e+03 3.1955e+03 3.4554e+03 5.2575e+16 1.1431e+18 5.2527e+17 2.8174e-01 1.3046e-01 1.3827e+04 5.9766e+03
5.0000e+02 1.8307e-11 4.9612e-01 2.0268e+03 3.1924e+03 3.4509e+03 5.3414e+16 1.1710e+18 5.3948e+17 2.7962e-01 1.2861e-01 1.3913e+04 6.0286e+03
5.1000e+02 1.8214e-11 4.9733e-01 2.0250e+03 3.1893e+03 3.4464e+03 5.4266e+16 1.1994e+18 5.5390e+17 2.7751e-01 1.2683e-01 1.4000e+04 6.0803e+03
5.2000e+02 1.8121e-11 4.9854e-01 2.0233e+03 3.1862e+03 3.4419e+03 5.5131e+16 1.2283e+18 5.6854e+17 2.7542e-01 1.2511e-01 1.4087e+04 6.1317e+03
5.3000e+02 1.8028e-11 4.9976e-01 2.0216e+03 3.1831e+03 3.4375e+03 5.6008e+16 1.2576e+18 5.8339e+17 2.7335e-01 1.2345e-01 1.4175e+04 6.1829e+03
5.4000e+02 1.7937e-11 5.0097e-01 2.0199e+03 3.1800e+03 3.4332e+03 5.6898e+16 1.2875e+18 5.9847e+17 2.7131e-01 1.2184e-01 1.4263e+04 6.2339e+03
5.5000e+02 1.7846e-11 5.0218e-01 2.0182e+03 3.1770e+03 3.4290e+03 5.7799e+16 1.3178e+18 6.1377e+17 2.6928e-01 1.2029e-01 1.4351e+04 6.2847e+03
5.6000e+02 1.7755e-11 5.0338e-01 2.0164e+03 3.1739e+03 3.4247e+03 5.8713e+16 1.3486e+18 6.2930e+17 2.6727e-01 1.1878e-01 1.4440e+04 6.3352e+03
5.7000e+02 1.7666e-11 5.0459e-01 2.0148e+03 3.1709e+03 3.4206e+03 5.9637e+16 1.3799e+18 6.4505e+17 2.6529e-01 1.1731e-01 1.4529e+04 6.3856e+03
5.8000e+02 1.7577e-11 5.0578e-01 2.0131e+03 3.1679e+03 3.4165e+03 6.0573e+16 1.4117e+18 6.6104e+17 2.6333e-01 1.1589e-01 1.4618e+04 6.4358e+03
5.9000e+02 1.7488e-11 5.0697e-01 2.0114e+03 3.1649e+03 3.4124e+03 6.1520e+16 1.4440e+18 6.7727e+17 2.6139e-01 1.1451e-01 1.4707e+04 6.4859e+03
6.0000e+02 1.7400e-11 5.0815e-01 2.0097e+03 3.1619e+03 3.4084e+03 6.2477e+16 1.4768e+18 6.9373e+17 2.5947e-01 1.1316e-01 1.4796e+04 6.5357e+03
6.1000e+02 1.7313e-11 5.0932e-01 2.0081e+03 3.1589e+03 3.4045e+03 6.3445e+16 1.5100e+18 7.1043e+17 2.5758e-01 1.1185e-01 1.4886e+04 6.5855e+03
6.2000e+02 1.7227e-11 5.1048e-01 2.0064e+03 3.1560e+03 3.4005e+03 6.4424e+16 1.5438e+18 7.2737e+17 2.5571e-01 1.1058e-01 1.4975e+04 6.6350e+03
6.3000e+02 1.7141e-11 5.1162e-01 2.0048e+03 3.1531e+03 3.3967e+03 6.5413e+16 1.5781e+18 7.4456e+17 2.5386e-01 1.0934e-01 1.5065e+04 6.6845e+03
6.4000e+02 1.7055e-11 5.1276e-01 2.0032e+03 3.1502e+03 3.3928e+03 6.6412e+16 1.6128e+18 7.6199e+17 2.5204e-01 1.0812e-01 1.5155e+04 6.7338e+03
6.5000e+02 1.6971e-11 5.1389e-01 2.0016e+03 3.1473e+03 3.3891e+03 6.7422e+16 1.6481e+18 7.7967e+17 2.5024e-01 1.0694e-01 1.5244e+04 6.7830e+03
6.6000e+02 1.6887e-11 5.1500e-01 2.0000e+03 3.1444e+03 3.3853e+03 6.8441e+16 1.6839e+18 7.9760e+17 2.4846e-01 1.0579e-01 1.5334e+04 6.8321e+03
6.7000e+02 1.6803e-11 5.1610e-01 1.9984e+03 3.1416e+03 3.3816e+03 6.9471e+16 1.7202e+18 8.1578e+17 2.4670e-01 1.0466e-01 1.5424e+04 6.8810e+03
6.8000e+02 1.6720e-11 5.1719e-01 1.9968e+03 3.1387e+03 3.3780e+03 7.0510e+16 1.7570e+18 8.3422e+17 2.4497e-01 1.0356e-01 1.5514e+04 6.9298e+03
6.9000e+02 1.6638e-11 5.1827e-01 1.9952e+03 3.1359e+03 3.3743e+03 7.1559e+16 1.7943e+18 8.5291e+17 2.4326e-01 1.0248e-01 1.5604e+04 6.9786e+03
7.0000e+02 1.6556e-11 5.1933e-01 1.9937e+03 3.1332e+03 3.3707e+03 7.2618e+16 1.8322e+18 8.7187e+17 2.4157e-01 1.0143e-01 1.5694e+04 7.0272e+03
7.1000e+02 1.6475e-11 5.2038e-01 1.9922e+03 3.1304e+03 3.3672e+03 7.3687e+16 1.8705e+18 8.9108e+17 2.3990e-01 1.0040e-01 1.5784e+04 7.0757e+03
7.2000e+02 1.6394e-11 5.2141e-01 1.9906e+03 3.1276e+03 3.3637e+03 7.4765e+16 1.9094e+18 9.1056e+17 2.3825e-01 9.9395e-02 1.5873e+04 7.1242e+03
7.3000e+02 1.6314e-11 5.2244e-01 1.9891e+03 3.1249e+03 3.3602e+03 7.5853e+16 1.9488e+18 9.3030e+17 2.3662e-01 9.8408e-02 1.5963e+04 7.1725e+03
7.4000e+02 1.6235e-11 5.2345e-01 1.9876e+03 3.1222e+03 3.3568e+03 7.6950e+16 1.9888e+18 9.5031e+17 2.3502e-01 9.7442e-02 1.6053e+04 7.2208e+03
7.5000e+02 1.6156e-11 5.2444e-01 1.9861e+03 3.1195e+03 3.3533e+03 7.8058e+16 2.0292e+18 9.7059e+17 2.3343e-01 9.6496e-02 1.6143e+04 7.2689e+03
7.6000e+02 1.6078e-11 5.2542e-01 1.9846e+03 3.1169e+03 3.3500e+03 7.9174e+16 2.0703e+18 9.9114e+17 2.3187e-01 9.5569e-02 1.6233e+04 7.3170e+03
7.7000e+02 1.6000e-11 5.2639e-01 1.9831e+03 3.1142e+03 3.3466e+03 8.0300e+16 2.1118e+18 1.0120e+18 2.3032e-01 9.4660e-02 1.6323e+04 7.3650e+03
7.8000e+02 1.5923e-11 5.2734e-01 1.9817e+03 3.1116e+03 3.3433e+03 8.1436e+16 2.1539e+18 1.0331e+18 2.2879e-01 9.3769e-02 1.6412e+04 7.4130e+03
7.9000e+02 1.5846e-11 5.2828e-01 1.9802e+03 3.1090e+03 3.3400e+03 8.2581e+16 2.1966e+18 1.0544e+18 2.2729e-01 9.2895e-02 1.6502e+04 7.4608e+03
8.0000e+02 1.5770e-11 5.2921e-01 1.9788e+03 3.1064e+03 3.3368e+03 8.3736e+16 2.2398e+18 1.0761e+18 2.2580e-01 9.2037e-02 1.6592e+04 7.5086e+03
8.1000e+02 1.5694e-11 5.3012e-01 1.9773e+03 3.1039e+03 3.3336e+03 8.4900e+16 2.2836e+18 1.0980e+18 2.2433e-01 9.1196e-02 1.6681e+04 7.5563e+03
8.2000e+02 1.5619e-11 5.3102e-01 1.9759e+03 3.1013e+03 3.3304e+03 8.6073e+16 2.3279e+18 1.1203e+18 2.2288e-01 9.0370e-02 1.6771e+04 7.6040e+03
8.3000e+02 1.5544e-11 5.3191e-01 1.9745e+03 3.0988e+03 3.3272e+03 8.7256e+16 2.3728e+18 1.1428e+18 2.2144e-01 8.9560e-02 1.6860e+04 7.6515e+03
8.4000e+02 1.5470e-11 5.3278e-01 1.9731e+03 3.0963e+03 3.3241e+03 8.8449e+16 2.4182e+18 1.1656e+18 2.2002e-01 8.8764e-02 1.6950e+04 7.6990e+03
8.5000e+02 1.5397e-11 5.3365e-01 1.9717e+03 3.0938e+03 3.3210e+03 8.9651e+16 2.4642e+18 1.1887e+18 2.1863e-01 8.7982e-02 1.7039e+04 7.7465e+03
8.6000e+02 1.5324e-11 5.3449e-01 1.9703e+03 3.0913e+03 3.3179e+03 9.0863e+16 2.5108e+18 1.2120e+18 2.1724e-01 8.7214e-02 1.7128e+04 7.7939e+03
8.7000e+02 1.5251e-11 5.3533e-01 1.9690e+03 3.0888e+03 3.3148e+03 9.2084e+16 2.5580e+18 1.2357e+18 2.1588e-01 8.6460e-02 1.7218e+04 7.8412e+03
8.8000e+02 1.5179e-11 5.3615e-01 1.9676e+03 3.0864e+03 3.3118e+03 9.3314e+16 2.6057e+18 1.2597e+18 2.1453e-01 8.5719e-02 1.7307e+04 7.8885e+03
8.9000e+02 1.5108e-11 5.3696e-01 1.9663e+03 3.0840e+03 3.3088e+03 9.4554e+16 2.6540e+18 1.2840e+18 2.1320e-01 8.4990e-02 1.7396e+04 7.9357e+03
9.0000e+02 1.5037e-11 5.3776e-01 1.9649e+03 3.0816e+03 3.3058e+03 9.5804e+16 2.7030e+18 1.3085e+18 2.1188e-01 8.4274e-02 1.7485e+04 7.9828e+03
9.1000e+02 1.4966e-11 5.3855e-01 1.9636e+03 3.0792e+03 3.3029e+03 9.7064e+16 2.7525e+18 1.3334e+18 2.1058e-01 8.3570e-02 1.7574e+04 8.0299e+03
9.2000e+02 1.4896e-11 5.3932e-01 1.9623e+03 3.0768e+03 3.3000e+03 9.8332e+16 2.8026e+18 1.3586e+18 2.0929e-01 8.2878e-02 1.7663e+04 8.0769e+03
9.3000e+02 1.4827e-11 5.4008e-01 1.9610e+03 3.0745e+03 3.2971e+03 9.9611e+16 2.8533e+18 1.3840e+18 2.0802e-01 8.2197e-02 1.7752e+04 8.1239e+03
9.4000e+02 1.4757e-11 5.4083e-01 1.9596e+03 3.0721e+03 3.2942e+03 1.0090e+17 2.9046e+18 1.4098e+18 2.0676e-01 8.1527e-02 1.7841e+04 8.1708e+03
9.5000e+02 1.4689e-11 5.4157e-01 1.9584e+03 3.0698e+03 3.2913e+03 1.0220e+17 2.9565e+18 1.4359e+18 2.0552e-01 8.0868e-02 1.7930e+04 8.2177e+03
9.6000e+02 1.4621e-11 5.4230e-01 1.9571e+03 3.0675e+03 3.2885e+03 1.0350e+17 3.0090e+18 1.4623e+18 2.0430e-01 8.0220e-02 1.8019e+04 8.2645e+03
9.7000e+02 1.4553e-11 5.4301e-01 1.9558e+03 3.0652e+03 3.2857e+03 1.0482e+17 3.0622e+18 1.4891e+18 2.0308e-01 7.9582e-02 1.8108e+04 8.3113e+03
9.8000e+02 1.4486e-11 5.4372e-01 1.9545e+03 3.0629e+03 3.2829e+03 1.0615e+17 3.1159e+18 1.5161e+18 2.0188e-01 7.8954e-02 1.8197e+04 8.3580e+03
9.9000e+02 1.4419e-11 5.4441e-01 1.9533e+03 3.0607e+03 3.2801e+03 1.0749e+17 3.1703e+18 1.5435e+18 2.0070e-01 7.8335e-02 1.8285e+04 8.4047e+03
1.0000e+03 1.4353e-11 5.4509e-01 1.9520e+03 3.0584e+03 3.2774e+03 1.0883e+17 3.2253e+18 1.5711e+18 1.9952e-01 7.7727e-02 1.8374e+04 8.4514e+03
1.0100e+03 1.4287e-11 5.4577e-01 1.9508e+03 3.0562e+03 3.2747e+03 1.1019e+17 3.2810e+18 1.5991e+18 1.9836e-01 7.7128e-02 1.8462e+04 8.4980e+03
1.0200e+03 1.4222e-11 5.4643e-01 1.9495e+03 3.0540e+03 3.2720e+03 1.1155e+17 3.3373e+18 1.6275e+18 1.9722e-01 7.6538e-02 1.8551e+04 8.5445e+03
1.0300e+03 1.4157e-11 5.4708e-01 1.9483e+03 3.0518e+03 3.2693e+03 1.1293e+17 3.3942e+18 1.6561e+18 1.9608e-01 7.5957e-02 1.8639e+04 8.5910e+03
1.0400e+03 1.4092e-11 5.4772e-01 1.9471e+03 3.0496e+03 3.2666e+03 1.1432e+17 3.4518e+18 1.6851e+18 1.9496e-01 7.5384e-02 1.8728e+04 8.6375e+03
1.0500e+03 1.4028e-11 5.4835e-01 1.9459e+03 3.0474e+03 3.2640e+03 1.1571e+17 3.5100e+18 1.7144e+18 1.9385e-01 7.4820e-02 1.8816e+04 8.6839e+03
1.0600e+03 1.3965e-11 5.4897e-01 1.9447e+03 3.0453e+03 3.2614e+03 1.1712e+17 3.5688e+18 1.7441e+18 1.9276e-01 7.4265e-02 1.8905e+04 8.7302e+03
1.0700e+03 1.3902e-11 5.4958e-01 1.9435e+03 3.0431e+03 3.2588e+03 1.1854e+17 3.6283e+18 1.7740e+18 1.9167e-01 7.3718e-02 1.8993e+04 8.7766e+03
1.0800e+03 1.3839e-11 5.5019e-01 1.9423e+03 3.0410e+03 3.2562e+03 1.1996e+17 3.6885e+18 1.8044e+18 1.9060e-01 7.3178e-02 1.9081e+04 8.8229e+03
1.0900e+03 1.3777e-11 5.5078e-01 1.9411e+03 3.0389e+03 3.2536e+03 1.2140e+17 3.7494e+18 1.8350e+18 1.8954e-01 7.2647e-02 1.9170e+04 8.8691e+03
1.1000e+03 1.3715e-11 5.5136e-01 1.9399e+03 3.0368e+03 3.2511e+03 1.2284e+17 3.8109e+18 1.8660e+18 1.8848e-01 7.2123e-02 1.9258e+04 8.9153e+03
1.1100e+03 1.3653e-11 5.5194e-01 1.9388e+03 3.0347e+03 3.2486e+03 1.2430e+17 3.8731e+18 1.8974e+18 1.8744e-01 7.1607e-02 1.9346e+04 8.9615e+03
1.1200e+03 1.3592e-11 5.5250e-01 1.9376e+03 3.0326e+03 3.2461e+03 1.2577e+17 3.9360e+18 1.9291e+18 1.8642e-01 7.1097e-02 1.9434e+04 9.0076e+03
1.1300e+03 1.3532e-11 5.5306e-01 1.9365e+03 3.0305e+03 3.2436e+03 1.2724e+17 3.9995e+18 1.9611e+18 1.8540e-01 7.0596e-02 1.9522e+04 9.0537e+03
1.1400e+03 1.3471e-11 5.5360e-01 1.9353e+03 3.0285e+03 3.2411e+03 1.2873e+17 4.0637e+18 1.9935e+18 1.8439e-01 7.0101e-02 1.9610e+04 9.0998e+03
1.1500e+03 1.3412e-11 5.5414e-01 1.9342e+03 3.0264e+03 3.2386e+03 1.3023e+17 4.1287e+18 2.0262e+18 1.8339e-01 6.9613e-02 1.9698e+04 9.1458e+03
1.1600e+03 1.3352e-11 5.5467e-01 1.9330e+03 3.0244e+03 3.2362e+03 1.3174e+17 4.1943e+18 2.0593e+18 1.8241e-01 6.9131e-02 1.9786e+04 9.1918e+03
1.1700e+03 1.3293e-11 5.5520e-01 1.9319e+03 3.0224e+03 3.2338e+03 1.3325e+17 4.2606e+18 2.0928e+18 1.8143e-01 6.8656e-02 1.9874e+04 9.2377e+03
1.1800e+03 1.3235e-11 5.5571e-01 1.9308e+03 3.0204e+03 3.2314e+03 1.3478e+17 4.3276e+18 2.1266e+18 1.8046e-01 6.8188e-02 1.9962e+04 9.2837e+03
1.1900e+03 1.3176e-11 5.5622e-01 1.9297e+03 3.0184e+03 3.2290e+03 1.3632e+17 4.3954e+18 2.1607e+18 1.7951e-01 6.7726e-02 2.0050e+04 9.3295e+03
1.2000e+03 1.3119e-11 5.5671e-01 1.9286e+03 3.0164e+03 3.2266e+03 1.3787e+17 4.4638e+18 2.1953e+18 1.7856e-01 6.7270e-02 2.0138e+04 9.3754e+03
1.2100e+03 1.3061e-11 5.5720e-01 1.9275e+03 3.0144e+03 3.2243e+03 1.3943e+17 4.5330e+18 2.2302e+18 1.7762e-01 6.6821e-02 2.0226e+04 9.4212e+03
1.2200e+03 1.3004e-11 5.5769e-01 1.9264e+03 3.0125e+03 3.2219e+03 1.4100e+17 4.6029e+18 2.2654e+18 1.7669e-01 6.6377e-02 2.0314e+04 9.4670e+03
1.2300e+03 1.2947e-11 5.5816e-01 1.9253e+03 3.0105e+03 3.2196e+03 1.4258e+17 4.6735e+18 2.3011e+18 1.7577e-01 6.5939e-02 2.0401e+04 9.5127e+03
1.2400e+03 1.2891e-11 5.5863e-01 1.9242e+03 3.0086e+03 3.2173e+03 1.4418e+17 4.7448e+18 2.3371e+18 1.7486e-01 6.5507e-02 2.0489e+04 9.5585e+03
1.2500e+03 1.2835e-11 5.5909e-01 1.9232e+03 3.0067e+03 3.2150e+03 1.4578e+17 4.8169e+18 2.3735e+18 1.7396e-01 6.5080e-02 2.0577e+04 9.6041e+03
1.2600e+03 1.2780e-11 5.5954e-01 1.9221e+03 3.0048e+03 3.2127e+03 1.4739e+17 4.8898e+18 2.4102e+18 1.7307e-01 6.4659e-02 2.0664e+04 9.6498e+03
1.2700e+03 1.2725e-11 5.5999e-01 1.9210e+03 3.0029e+03 3.2105e+03 1.4902e+17 4.9633e+18 2.4474e+18 1.7218e-01 6.4243e-02 2.0752e+04 9.6954e+03
1.2800e+03 1.2670e-11 5.6043e-01 1.9200e+03 3.0010e+03 3.2082e+03 1.5065e+17 5.0376e+18 2.4849e+18 1.7131e-01 6.3833e-02 2.0840e+04 9.7410e+03
1.2900e+03 1.2615e-11 5.6086e-01 1.9189e+03 2.9991e+03 3.2060e+03 1.5230e+17 5.1127e+18 2.5228e+18 1.7044e-01 6.3428e-02 2.0927e+04 9.7866e+03
1.3000e+03 1.2561e-11 5.6129e-01 1.9179e+03 2.9972e+03 3.2038e+03 1.5395e+17 5.1885e+18 2.5611e+18 1.6958e-01 6.3028e-02 2.1015e+04 9.8321e+03
1.3100e+03 1.2508e-11 5.6171e-01 1.9169e+03 2.9953e+03 3.2016e+03 1.5562e+17 5.2651e+18 2.5998e+18 1.6873e-01 6.2633e-02 2.1103e+04 9.8777e+03
1.3200e+03 1.2454e-11 5.6212e-01 1.9158e+03 2.9935e+03 3.1994e+03 1.5730e+17 5.3425e+18 2.6388e+18 1.6788e-01 6.2242e-02 2.1190e+04 9.9231e+03
1.3300e+03 1.2401e-11 5.6253e-01 1.9148e+03 2.9917e+03 3.1972e+03 1.5899e+17 5.4207e+18 2.6783e+18 1.6705e-01 6.1857e-02 2.1278e+04 9.9686e+03
1.3400e+03 1.2349e-11 5.6293e-01 1.9138e+03 2.9898e+03 3.1950e+03 1.6069e+17 5.4996e+18 2.7181e+18 1.6622e-01 6.1476e-02 2.1365e+04 1.0014e+04
1.3500e+03 1.2296e-11 5.6332e-01 1.9128e+03 2.9880e+03 3.1929e+03 1.6240e+17 5.5793e+18 2.7584e+18 1.6540e-01 6.1100e-02 2.1453e+04 1.0059e+04
1.3600e+03 1.2244e-11 5.6371e-01 1.9118e+03 2.9862e+03 3.1907e+03 1.6412e+17 5.6598e+18 2.7990e+18 1.6459e-01 6.0729e-02 2.1540e+04 1.0105e+04
1.3700e+03 1.2193e-11 5.6409e-01 1.9108e+03 2.9844e+03 3.1886e+03 1.6586e+17 5.7410e+18 2.8401e+18 1.6378e-01 6.0362e-02 2.1628e+04 1.0150e+04
1.3800e+03 1.2141e-11 5.6447e-01 1.9098e+03 2.9826e+03 3.1865e+03 1.6760e+17 5.8231e+18 2.8816e+18 1.6299e-01 6.0000e-02 2.1715e+04 1.0195e+04
1.3900e+03 1.2090e-11 5.6484e-01 1.9088e+03 2.9808e+03 3.1844e+03 1.6936e+17 5.9060e+18 2.9234e+18 1.6220e-01 5.9641e-02 2.1803e+04 1.0241e+04
1.4000e+03 1.2040e-11 5.6520e-01 1.9078e+03 2.9790e+03 3.1823e+03 1.7113e+17 5.9897e+18 2.9657e+18 1.6141e-01 5.9287e-02 2.1890e+04 1.0286e+04
1.4100e+03 1.1990e-11 5.6556e-01 1.9068e+03 2.9773e+03 3.1802e+03 1.7290e+17 6.0742e+18 3.0084e+18 1.6064e-01 5.8937e-02 2.1978e+04 1.0331e+04
1.4200e+03 1.1940e-11 5.6592e-01 1.9058e+03 2.9755e+03 3.1782e+03 1.7469e+17 6.1595e+18 3.0515e+18 1.5987e-01 5.8592e-02 2.2065e+04 1.0377e+04
1.4300e+03 1.1890e-11 5.6627e-01 1.9049e+03 2.9738e+03 3.1761e+03 1.7650e+17 6.2456e+18 3.0950e+18 1.5911e-01 5.8250e-02 2.2152e+04 1.0422e+04
1.4400e+03 1.1841e-11 5.6661e-01 1.9039e+03 2.9720e+03 3.1741e+03 1.7831e+17 6.3326e+18 3.1389e+18 1.5835e-01 5.7912e-02 2.2240e+04 1.0467e+04
1.4500e+03 1.1792e-11 5.6695e-01 1.9029e+03 2.9703e+03 3.1721e+03 1.8013e+17 6.4204e+18 3.1833e+18 1.5760e-01 5.7578e-02 2.2327e+04 1.0512e+04
1.4600e+03 1.1743e-11 5.6728e-01 1.9020e+03 2.9686e+03 3.1700e+03 1.8197e+17 6.5090e+18 3.2280e+18 1.5686e-01 5.7248e-02 2.2415e+04 1.0557e+04
1.4700e+03 1.1695e-11 5.6761e-01 1.9010e+03 2.9669e+03 3.1680e+03 1.8382e+17 6.5985e+18 3.2732e+18 1.5612e-01 5.6922e-02 2.2502e+04 1.0602e+04
1.4800e+03 1.1647e-11 5.6793e-01 1.9001e+03 2.9652e+03 3.1660e+03 1.8568e+17 6.6888e+18 3.3189e+18 1.5539e-01 5.6600e-02 2.2589e+04 1.0647e+04
1.4900e+03 1.1599e-11 5.6825e-01 1.8991e+03 2.9635e+03 3.1641e+03 1.8755e+17 6.7800e+18 3.3649e+18 1.5467e-01 5.6281e-02 2.2677e+04 1.0692e+04
1.5000e+03 1.1552e-11 5.6856e-01 1.8982e+03 2.9618e+03 3.1621e+03 1.8943e+17 6.8720e+18 3.4114e+18 1.5395e-01 5.5965e-02 2.2764e+04 1.0738e+04
1.5100e+03 1.1505e-11 5.6887e-01 1.8973e+03 2.9601e+03 3.1601e+03 1.9133e+17 6.9649e+18 3.4583e+18 1.5324e-01 5.5653e-02 2.2851e+04 1.0783e+04
1.5200e+03 1.1458e-11 5.6918e-01 1.8963e+03 2.9584e+03 3.1582e+03 1.9323e+17 7.0586e+18 3.5057e+18 1.5254e-01 5.5345e-02 2.2939e+04 1.0828e+04
1.5300e+03 1.1411e-11 5.6948e-01 1.8954e+03 2.9568e+03 3.1563e+03 1.9515e+17 7.1532e+18 3.5535e+18 1.5184e-01 5.5040e-02 2.3026e+04 1.0873e+04
1.5400e+03 1.1365e-11 5.6977e-01 1.8945e+03 2.9551e+03 3.1543e+03 1.9708e+17 7.2487e+18 3.6017e+18 1.5115e-01 5.4738e-02 2.3113e+04 1.0917e+04
1.5500e+03 1.1319e-11 5.7006e-01 1.8936e+03 2.9535e+03 3.1524e+03 1.9902e+17 7.3451e+18 3.6504e+18 1.5046e-01 5.4440e-02 2.3201e+04 1.0962e+04
1.5600e+03 1.1274e-11 5.7035e-01 1.8927e+03 2.9518e+03 3.1505e+03 2.0098e+17 7.4424e+18 3.6996e+18 1.4978e-01 5.4144e-02 2.3288e+04 1.1007e+04
1.5700e+03 1.1228e-11 5.7063e-01 1.8918e+03 2.9502e+03 3.1486e+03 2.0294e+17 7.5405e+18 3.7491e+18 1.4910e-01 5.3852e-02 2.3375e+04 1.1052e+04
1.5800e+03 1.1183e-11 5.7091e-01 1.8909e+03 2.9486e+03 3.1467e+03 2.0492e+17 7.6396e+18 3.7992e+18 1.4843e-01 5.3564e-02 2.3462e+04 1.1097e+04
1.5900e+03 1.1139e-11 5.7118e-01 1.8900e+03 2.9470e+03 3.1448e+03 2.0691e+17 7.7395e+18 3.8497e+18 1.4777e-01 5.3278e-02 2.3550e+04 1.1142e+04
1.6000e+03 1.1094e-11 5.7145e-01 1.8891e+03 2.9454e+03 3.1430e+03 2.0891e+17 7.8404e+18 3.9006e+18 1.4711e-01 5.2995e-02 2.3637e+04 1.1187e+04
1.6100e+03 1.1050e-11 5.7172e-01 1.8882e+03 2.9438e+03 3.1411e+03 2.1092e+17 7.9422e+18 3.9520e+18 1.4646e-01 5.2715e-02 2.3724e+04 1.1232e+04
1.6200e+03 1.1006e-11 5.7198e-01 1.8873e+03 2.9422e+03 3.1393e+03 2.1295e+17 8.0448e+18 4.0039e+18 1.4581e-01 5.2438e-02 2.3811e+04 1.1277e+04
1.6300e+03 1.0963e-11 5.7224e-01 1.8864e+03 2.9406e+03 3.1374e+03 2.1499e+17 8.1485e+18 4.0562e+18 1.4517e-01 5.2164e-02 2.3899e+04 1.1321e+04
1.6400e+03 1.0919e-11 5.7250e-01 1.8856e+03 2.9390e+03 3.1356e+03 2.1704e+17 8.2530e+18 4.1091e+18 1.4453e-01 5.1893e-02 2.3986e+04 1.1366e+04
1.6500e+03 1.0876e-11 5.7275e-01 1.8847e+03 2.9374e+03 3.1338e+03 2.1910e+17 8.3585e+18 4.1623e+18 1.4390e-01 5.1625e-02 2.4073e+04 1.1411e+04
1.6600e+03 1.0834e-11 5.7300e-01 1.8838e+03 2.9359e+03 3.1320e+03 2.2118e+17 8.4649e+18 4.2161e+18 1.4327e-01 5.1359e-02 2.4161e+04 1.1456e+04
1.6700e+03 1.0791e-11 5.7324e-01 1.8830e+03 2.9343e+03 3.1302e+03 2.2327e+17 8.5722e+18 4.2703e+18 1.4265e-01 5.1096e-02 2.4248e+04 1.1500e+04
1.6800e+03 1.0749e-11 5.7348e-01 1.8821e+03 2.9328e+03 3.1284e+03 2.2537e+17 8.6805e+18 4.3250e+18 1.4203e-01 5.0836e-02 2.4335e+04 1.1545e+04
1.6900e+03 1.0707e-11 5.7372e-01 1.8812e+03 2.9312e+03 3.1266e+03 2.2748e+17 8.7898e+18 4.3802e+18 1.4142e-01 5.0578e-02 2.4422e+04 1.1590e+04
1.7000e+03 1.0665e-11 5.7395e-01 1.8804e+03 2.9297e+03 3.1249e+03 2.2960e+17 8.9000e+18 4.4358e+18 1.4081e-01 5.0323e-02 2.4510e+04 1.1634e+04
1.7100e+03 1.0624e-11 5.7419e-01 1.8795e+03 2.9282e+03 3.1231e+03 2.3174e+17 9.0112e+18 4.4920e+18 1.4020e-01 5.0071e-02 2.4597e+04 1.1679e+04
1.7200e+03 1.0583e-11 5.7441e-01 1.8787e+03 2.9267e+03 3.1214e+03 2.3389e+17 9.1233e+18 4.5486e+18 1.3961e-01 4.9821e-02 2.4684e+04 1.1724e+04
1.7300e+03 1.0542e-11 5.7464e-01 1.8779e+03 2.9251e+03 3.1196e+03 2.3605e+17 9.2364e+18 4.6057e+18 1.3901e-01 4.9573e-02 2.4771e+04 1.1768e+04
1.7400e+03 1.0501e-11 5.7486e-01 1.8770e+03 2.9236e+03 3.1179e+03 2.3823e+17 9.3505e+18 4.6634e+18 1.3842e-01 4.9328e-02 2.4859e+04 1.1813e+04
1.7500e+03 1.0461e-11 5.7508e-01 1.8762e+03 2.9221e+03 3.1161e+03 2.4042e+17 9.4656e+18 4.7215e+18 1.3784e-01 4.9086e-02 2.4946e+04 1.1858e+04
1.7600e+03 1.0421e-11 5.7529e-01 1.8754e+03 2.9206e+03 3.1144e+03 2.4262e+17 9.5817e+18 4.7801e+18 1.3726e-01 4.8845e-02 2.5033e+04 1.1902e+04
1.7700e+03 1.0381e-11 5.7551e-01 1.8745e+03 2.9191e+03 3.1127e+03 2.4483e+17 9.6987e+18 4.8392e+18 1.3668e-01 4.8607e-02 2.5121e+04 1.1947e+04
1.7800e+03 1.0342e-11 5.7572e-01 1.8737e+03 2.9177e+03 3.1110e+03 2.4706e+17 9.8168e+18 4.8988e+18 1.3611e-01 4.8372e-02 2.5208e+04 1.1991e+04
1.7900e+03 1.0302e-11 5.7592e-01 1.8729e+03 2.9162e+03 3.1093e+03 2.4930e+17 9.9359e+18 4.9589e+18 1.3555e-01 4.8138e-02 2.5295e+04 1.2036e+04
1.8000e+03 1.0263e-11 5.7613e-01 1.8721e+03 2.9147e+03 3.1076e+03 2.5155e+17 1.0056e+19 5.0196e+18 1.3498e-01 4.7907e-02 2.5382e+04 1.2081e+04
1.8100e+03 1.0224e-11 5.7633e-01 1.8713e+03 2.9133e+03 3.1060e+03 2.5382e+17 1.0177e+19 5.0807e+18 1.3443e-01 4.7678e-02 2.5470e+04 1.2125e+04
1.8200e+03 1.0186e-11 5.7653e-01 1.8705e+03 2.9118e+03 3.1043e+03 2.5610e+17 1.0299e+19 5.1423e+18 1.3387e-01 4.7451e-02 2.5557e+04 1.2170e+04
1.8300e+03 1.0147e-11 5.7672e-01 1.8697e+03 2.9104e+03 3.1026e+03 2.5839e+17 1.0422e+19 5.2045e+18 1.3332e-01 4.7226e-02 2.5644e+04 1.2214e+04
1.8400e+03 1.0109e-11 5.7692e-01 1.8689e+03 2.9089e+03 3.1010e+03 2.6069e+17 1.0547e+19 5.2672e+18 1.3278e-01 4.7004e-02 2.5732e+04 1.2259e+04
1.8500e+03 1.0071e-11 5.7711e-01 1.8681e+03 2.9075e+03 3.0993e+03 2.6301e+17 1.0672e+19 5.3304e+18 1.3224e-01 4.6783e-02 2.5819e+04 1.2303e+04
1.8600e+03 1.0033e-11 5.7730e-01 1.8673e+03 2.9060e+03 3.0977e+03 2.6534e+17 1.0798e+19 5.3942e+18 1.3170e-01 4.6565e-02 2.5906e+04 1.2348e+04
1.8700e+03 9.9960e-12 5.7748e-01 1.8665e+03 2.9046e+03 3.0961e+03 2.6768e+17 1.0925e+19 5.4584e+18 1.3116e-01 4.6348e-02 2.5994e+04 1.2392e+04
1.8800e+03 9.9588e-12 5.7766e-01 1.8657e+03 2.9032e+03 3.0944e+03 2.7004e+17 1.1054e+19 5.5232e+18 1.3063e-01 4.6134e-02 2.6081e+04 1.2437e+04
1.8900e+03 9.9219e-12 5.7785e-01 1.8649e+03 2.9018e+03 3.0928e+03 2.7241e+17 1.1183e+19 5.5885e+18 1.3011e-01 4.5921e-02 2.6168e+04 1.2481e+04
1.9000e+03 9.8851e-12 5.7802e-01 1.8641e+03 2.9004e+03 3.0912e+03 2.7479e+17 1.1314e+19 5.6544e+18 1.2959e-01 4.5711e-02 2.6256e+04 1.2525e+04
1.9100e+03 9.8486e-12 5.7820e-01 1.8634e+03 2.8990e+03 3.0896e+03 2.7719e+17 1.1445e+19 5.7208e+18 1.2907e-01 4.5502e-02 2.6343e+04 1.2570e+04
1.9200e+03 9.8123e-12 5.7838e-01 1.8626e+03 2.8976e+03 3.0880e+03 2.7960e+17 1.1578e+19 5.7877e+18 1.2855e-01 4.5295e-02 2.6430e+04 1.2614e+04
1.9300e+03 9.7763e-12 5.7855e-01 1.8618e+03 2.8962e+03 3.0864e+03 2.8203e+17 1.1712e+19 5.8552e+18 1.2804e-01 4.5090e-02 2.6518e+04 1.2659e+04
1.9400e+03 9.7404e-12 5.7872e-01 1.8610e+03 2.8948e+03 3.0849e+03 2.8446e+17 1.1847e+19 5.9233e+18 1.2754e-01 4.4887e-02 2.6605e+04 1.2703e+04
1.9500e+03 9.7048e-12 5.7889e-01 1.8603e+03 2.8934e+03 3.0833e+03 2.8691e+17 1.1982e+19 5.9918e+18 1.2703e-01 4.4686e-02 2.6692e+04 1.2747e+04
1.9600e+03 9.6694e-12 5.7905e-01 1.8595e+03 2.8920e+03 3.0817e+03 2.8938e+17 1.2119e+19 6.0610e+18 1.2653e-01 4.4486e-02 2.6780e+04 1.2792e+04
1.9700e+03 9.6342e-12 5.7922e-01 1.8588e+03 2.8907e+03 3.0802e+03 2.9186e+17 1.2258e+19 6.1307e+18 1.2604e-01 4.4288e-02 2.6867e+04 1.2836e+04
1.9800e+03 9.5992e-12 5.7938e-01 1.8580e+03 2.8893e+03 3.0786e+03 2.9435e+17 1.2397e+19 6.2009e+18 1.2554e-01 4.4092e-02 2.6955e+04 1.2880e+04
1.9900e+03 9.5645e-12 5.7954e-01 1.8573e+03 2.8880e+03 3.0771e+03 2.9685e+17 1.2537e+19 6.2717e+18 1.2506e-01 4.3898e-02 2.7042e+04 1.2925e+04
2.0000e+03 9.5299e-12 5.7970e-01 1.8565e+03 2.8866e+03 3.0755e+03 2.9937e+17 1.2679e+19 6.3431e+18 1.2457e-01 4.3705e-02 2.7129e+04 1.2969e+04
2.0100e+03 9.4956e-12 5.7985e-01 1.8558e+03 2.8853e+03 3.0740e+03 3.0190e+17 1.2821e+19 6.4150e+18 1.2409e-01 4.3514e-02 2.7217e+04 1.3013e+04
2.0200e+03 9.4615e-12 5.8001e-01 1.8550e+03 2.8839e+03 3.0725e+03 3.0445e+17 1.2965e+19 6.4875e+18 1.2361e-01 4.3325e-02 2.7304e+04 1.3058e+04
2.0300e+03 9.4276e-12 5.8016e-01 1.8543e+03 2.8826e+03 3.0710e+03 3.0701e+17 1.3110e+19 6.5606e+18 1.2313e-01 4.3137e-02 2.7392e+04 1.3102e+04
2.0400e+03 9.3939e-12 5.8031e-01 1.8535e+03 2.8812e+03 3.0695e+03 3.0958e+17 1.3256e+19 6.6342e+18 1.2266e-01 4.2951e-02 2.7479e+04 1.3146e+04
2.0500e+03 9.3604e-12 5.8046e-01 1.8528e+03 2.8799e+03 3.0680e+03 3.1217e+17 1.3403e+19 6.7084e+18 1.2219e-01 4.2766e-02 2.7567e+04 1.3191e+04
2.0600e+03 9.3271e-12 5.8061e-01 1.8521e+03 2.8786e+03 3.0665e+03 3.1477e+17 1.3551e+19 6.7832e+18 1.2173e-01 4.2583e-02 2.7654e+04 1.3235e+04
2.0700e+03 9.2940e-12 5.8075e-01 1.8514e+03 2.8773e+03 3.0650e+03 3.1739e+17 1.3701e+19 6.8586e+18 1.2126e-01 4.2402e-02 2.7741e+04 1.3279e+04
2.0800e+03 9.2611e-12 5.8090e-01 1.8506e+03 2.8760e+03 3.0635e+03 3.2002e+17 1.3852e+19 6.9346e+18 1.2081e-01 4.2222e-02 2.7829e+04 1.3324e+04
2.0900e+03 9.2284e-12 5.8104e-01 1.8499e+03 2.8747e+03 3.0620e+03 3.2266e+17 1.4003e+19 7.0111e+18 1.2035e-01 4.2043e-02 2.7916e+04 1.3368e+04
2.1000e+03 9.1959e-12 5.8118e-01 1.8492e+03 2.8734e+03 3.0605e+03 3.2532e+17 1.4156e+19 7.0883e+18 1.1990e-01 4.1866e-02 2.8004e+04 1.3412e+04
2.1100e+03 9.1636e-12 5.8132e-01 1.8485e+03 2.8721e+03 3.0591e+03 3.2799e+17 1.4311e+19 7.1660e+18 1.1945e-01 4.1690e-02 2.8091e+04 1.3456e+04
2.1200e+03 9.1315e-12 5.8146e-01 1.8478e+03 2.8708e+03 3.0576e+03 3.3068e+17 1.4466e+19 7.2444e+18 1.1900e-01 4.1516e-02 2.8179e+04 1.3501e+04
2.1300e+03 9.0995e-12 5.8159e-01 1.8470e+03 2.8695e+03 3.0562e+03 3.3338e+17 1.4623e+19 7.3233e+18 1.1856e-01 4.1343e-02 2.8266e+04 1.3545e+04
2.1400e+03 9.0678e-12 5.8173e-01 1.8463e+03 2.8682e+03 3.0547e+03 3.3609e+17 1.4780e+19 7.4028e+18 1.1812e-01 4.1172e-02 2.8354e+04 1.3589e+04
2.1500e+03 9.0363e-12 5.8186e-01 1.8456e+03 2.8669e+03 3.0533e+03 3.3882e+17 1.4939e+19 7.4830e+18 1.1768e-01 4.1002e-02 2.8441e+04 1.3633e+04
2.1600e+03 9.0049e-12 5.8200e-01 1.8449e+03 2.8657e+03 3.0518e+03 3.4157e+17 1.5100e+19 7.5637e+18 1.1724e-01 4.0834e-02 2.8529e+04 1.3677e+04
2.1700e+03 8.9738e-12 5.8213e-01 1.8442e+03 2.8644e+03 3.0504e+03 3.4432e+17 1.5261e+19 7.6451e+18 1.1681e-01 4.0666e-02 2.8616e+04 1.3722e+04
2.1800e+03 8.9428e-12 5.8226e-01 1.8435e+03 2.8631e+03 3.0490e+03 3.4710e+17 1.5424e+19 7.7271e+18 1.1638e-01 4.0501e-02 2.8704e+04 1.3766e+04
2.1900e+03 8.9120e-12 5.8238e-01 1.8428e+03 2.8619e+03 3.0476e+03 3.4988e+17 1.5587e+19 7.8096e+18 1.1596e-01 4.0336e-02 2.8792e+04 1.3810e+04
2.2000e+03 8.8814e-12 5.8251e-01 1.8422e+03 2.8606e+03 3.0462e+03 3.5268e+17 1.5753e+19 7.8929e+18 1.1553e-01 4.0173e-02 2.8879e+04 1.3854e+04
2.2100e+03 8.8510e-12 5.8264e-01 1.8415e+03 2.8594e+03 3.0448e+03 3.5550e+17 1.5919e+19 7.9767e+18 1.1511e-01 4.0011e-02 2.8967e+04 1.3898e+04
2.2200e+03 8.8207e-12 5.8276e-01 1.8408e+03 2.8581e+03 3.0434e+03 3.5833e+17 1.6087e+19 8.0611e+18 1.1469e-01 3.9850e-02 2.9054e+04 1.3943e+04
2.2300e+03 8.7907e-12 5.8289e-01 1.8401e+03 2.8569e+03 3.0420e+03 3.6117e+17 1.6255e+19 8.1462e+18 1.1428e-01 3.9690e-02 2.9142e+04 1.3987e+04
2.2400e+03 8.7608e-12 5.8301e-01 1.8394e+03 2.8557e+03 3.0406e+03 3.6403e+17 1.6425e+19 8.2320e+18 1.1387e-01 3.9532e-02 2.9230e+04 1.4031e+04
2.2500e+03 8.7311e-12 5.8313e-01 1.8387e+03 2.8544e+03 3.0392e+03 3.6690e+17 1.6597e+19 8.3183e+18 1.1346e-01 3.9375e-02 2.9317e+04 1.4075e+04
2.2600e+03 8.7016e-12 5.8325e-01 1.8381e+03 2.8532e+03 3.0378e+03 3.6979e+17 1.6770e+19 8.4053e+18 1.1305e-01 3.9219e-02 2.9405e+04 1.4119e+04
2.2700e+03 8.6722e-12 5.8337e-01 1.8374e+03 2.8520e+03 3.0364e+03 3.7269e+17 1.6943e+19 8.4929e+18 1.1265e-01 3.9065e-02 2.9492e+04 1.4164e+04
2.2800e+03 8.6430e-12 5.8348e-01 1.8367e+03 2.8508e+03 3.0351e+03 3.7561e+17 1.7119e+19 8.5812e+18 1.1224e-01 3.8911e-02 2.9580e+04 1.4208e+04
2.2900e+03 8.6140e-12 5.8360e-01 1.8361e+03 2.8496e+03 3.0337e+03 3.7854e+17 1.7295e+19 8.6701e+18 1.1184e-01 3.8759e-02 2.9668e+04 1.4252e+04
2.3000e+03 8.5852e-12 5.8372e-01 1.8354e+03 2.8484e+03 3.0323e+03 3.8149e+17 1.7473e+19 8.7597e+18 1.1145e-01 3.8608e-02 2.9755e+04 1.4296e+04
2.3100e+03 8.5565e-12 5.8383e-01 1.8347e+03 2.8472e+03 3.0310e+03 3.8445e+17 1.7652e+19 8.8499e+18 1.1105e-01 3.8458e-02 2.9843e+04 1.4340e+04
2.3200e+03 8.5280e-12 5.8395e-01 1.8341e+03 2.8460e+03 3.0296e+03 3.8743e+17 1.7832e+19 8.9408e+18 1.1066e-01 3.8309e-02 2.9931e+04 1.4384e+04
2.3300e+03 8.4997e-12 5.8406e-01 1.8334e+03 2.8448e+03 3.0283e+03 3.9042e+17 1.8014e+19 9.0323e+18 1.1027e-01 3.8162e-02 3.0018e+04 1.4428e+04
2.3400e+03 8.4715e-12 5.8417e-01 1.8327e+03 2.8436e+03 3.0270e+03 3.9343e+17 1.8197e+19 9.1245e+18 1.0989e-01 3.8015e-02 3.0106e+04 1.4473e+04
2.3500e+03 8.4435e-12 5.8428e-01 1.8321e+03 2.8424e+03 3.0256e+03 3.9645e+17 1.8381e+19 9.2173e+18 1.0950e-01 3.7869e-02 3.0194e+04 1.4517e+04
2.3600e+03 8.4156e-12 5.8439e-01 1.8314e+03 2.8412e+03 3.0243e+03 3.9949e+17 1.8567e+19 9.3109e+18 1.0912e-01 3.7725e-02 3.0281e+04 1.4561e+04
2.3700e+03 8.3880e-12 5.8450e-01 1.8308e+03 2.8400e+03 3.0230e+03 4.0254e+17 1.8754e+19 9.4050e+18 1.0874e-01 3.7582e-02 3.0369e+04 1.4605e+04
2.3800e+03 8.3604e-12 5.8461e-01 1.8301e+03 2.8389e+03 3.0217e+03 4.0561e+17 1.8943e+19 9.4999e+18 1.0836e-01 3.7439e-02 3.0457e+04 1.4649e+04
2.3900e+03 8.3331e-12 5.8472e-01 1.8295e+03 2.8377e+03 3.0204e+03 4.0869e+17 1.9132e+19 9.5954e+18 1.0799e-01 3.7298e-02 3.0545e+04 1.4693e+04
2.4000e+03 8.3059e-12 5.8482e-01 1.8289e+03 2.8365e+03 3.0191e+03 4.1178e+17 1.9323e+19 9.6917e+18 1.0762e-01 3.7158e-02 3.0632e+04 1.4737e+04
2.4100e+03 8.2788e-12 5.8493e-01 1.8282e+03 2.8354e+03 3.0178e+03 4.1490e+17 1.9516e+19 9.7886e+18 1.0725e-01 3.7018e-02 3.0720e+04 1.4781e+04
2.4200e+03 8.2519e-12 5.8503e-01 1.8276e+03 2.8342e+03 3.0165e+03 4.1802e+17 1.9709e+19 9.8861e+18 1.0688e-01 3.6880e-02 3.0808e+04 1.4826e+04
2.4300e+03 8.2252e-12 5.8514e-01 1.8270e+03 2.8331e+03 3.0152e+03 4.2117e+17 1.9905e+19 9.9844e+18 1.0652e-01 3.6743e-02 3.0896e+04 1.4870e+04
2.4400e+03 8.1986e-12 5.8524e-01 1.8263e+03 2.8319e+03 3.0139e+03 4.2433e+17 2.0101e+19 1.0083e+19 1.0615e-01 3.6606e-02 3.0983e+04 1.4914e+04
2.4500e+03 8.1722e-12 5.8534e-01 1.8257e+03 2.8308e+03 3.0126e+03 4.2750e+17 2.0299e+19 1.0183e+19 1.0579e-01 3.6471e-02 3.1071e+04 1.4958e+04
2.4600e+03 8.1459e-12 5.8545e-01 1.8251e+03 2.8296e+03 3.0113e+03 4.3069e+17 2.0498e+19 1.0283e+19 1.0543e-01 3.6337e-02 3.1159e+04 1.5002e+04
2.4700e+03 8.1198e-12 5.8555e-01 1.8244e+03 2.8285e+03 3.0101e+03 4.3389e+17 2.0699e+19 1.0384e+19 1.0508e-01 3.6203e-02 3.1247e+04 1.5046e+04
2.4800e+03 8.0939e-12 5.8565e-01 1.8238e+03 2.8274e+03 3.0088e+03 4.3711e+17 2.0901e+19 1.0486e+19 1.0472e-01 3.6071e-02 3.1334e+04 1.5090e+04
2.4900e+03 8.0680e-12 5.8575e-01 1.8232e+03 2.8262e+03 3.0075e+03 4.4035e+17 2.1105e+19 1.0589e+19 1.0437e-01 3.5939e-02 3.1422e+04 1.5134e+04
2.5000e+03 8.0424e-12 5.8585e-01 1.8226e+03 2.8251e+03 3.0063e+03 4.4360e+17 2.1310e+19 1.0692e+19 1.0402e-01 3.5809e-02 3.1510e+04 1.5178e+04
2.5100e+03 8.0168e-12 5.8595e-01 1.8220e+03 2.8240e+03 3.0050e+03 4.4686e+17 2.1516e+19 1.0796e+19 1.0367e-01 3.5679e-02 3.1598e+04 1.5222e+04
2.5200e+03 7.9914e-12 5.8605e-01 1.8213e+03 2.8229e+03 3.0038e+03 4.5015e+17 2.1724e+19 1.0900e+19 1.0333e-01 3.5550e-02 3.1686e+04 1.5266e+04
2.5300e+03 7.9662e-12 5.8614e-01 1.8207e+03 2.8218e+03 3.0025e+03 4.5344e+17 2.1933e+19 1.1006e+19 1.0298e-01 3.5422e-02 3.1774e+04 1.5311e+04
2.5400e+03 7.9411e-12 5.8624e-01 1.8201e+03 2.8206e+03 3.0013e+03 4.5676e+17 2.2143e+19 1.1112e+19 1.0264e-01 3.5295e-02 3.1861e+04 1.5355e+04
2.5500e+03 7.9162e-12 5.8634e-01 1.8195e+03 2.8195e+03 3.0001e+03 4.6008e+17 2.2356e+19 1.1218e+19 1.0230e-01 3.5169e-02 3.1949e+04 1.5399e+04
2.5600e+03 7.8914e-12 5.8643e-01 1.8189e+03 2.8184e+03 2.9988e+03 4.6343e+17 2.2569e+19 1.1326e+19 1.0197e-01 3.5043e-02 3.2037e+04 1.5443e+04
2.5700e+03 7.8667e-12 5.8653e-01 1.8183e+03 2.8173e+03 2.9976e+03 4.6679e+17 2.2784e+19 1.1434e+19 1.0163e-01 3.4919e-02 3.2125e+04 1.5487e+04
2.5800e+03 7.8422e-12 5.8662e-01 1.8177e+03 2.8162e+03 2.9964e+03 4.7016e+17 2.3000e+19 1.1543e+19 1.0130e-01 3.4795e-02 3.2213e+04 1.5531e+04
2.5900e+03 7.8178e-12 5.8672e-01 1.8171e+03 2.8151e+03 2.9952e+03 4.7356e+17 2.3218e+19 1.1653e+19 1.0097e-01 3.4672e-02 3.2301e+04 1.5575e+04
2.6000e+03 7.7935e-12 5.8681e-01 1.8165e+03 2.8141e+03 2.9939e+03 4.7696e+17 2.3438e+19 1.1763e+19 1.0064e-01 3.4550e-02 3.2389e+04 1.5619e+04
2.6100e+03 7.7694e-12 5.8691e-01 1.8159e+03 2.8130e+03 2.9927e+03 4.8039e+17 2.3659e+19 1.1874e+19 1.0031e-01 3.4429e-02 3.2477e+04 1.5663e+04
2.6200e+03 7.7454e-12 5.8700e-01 1.8153e+03 2.8119e+03 2.9915e+03 4.8383e+17 2.3881e+19 1.1986e+19 9.9984e-02 3.4309e-02 3.2564e+04 1.5707e+04
2.6300e+03 7.7216e-12 5.8709e-01 1.8147e+03 2.8108e+03 2.9903e+03 4.8728e+17 2.4105e+19 1.2099e+19 9.9661e-02 3.4189e-02 3.2652e+04 1.5751e+04
2.6400e+03 7.6979e-12 5.8718e-01 1.8141e+03 2.8097e+03 2.9891e+03 4.9075e+17 2.4330e+19 1.2212e+19 9.9339e-02 3.4071e-02 3.2740e+04 1.5795e+04
2.6500e+03 7.6743e-12 5.8728e-01 1.8135e+03 2.8087e+03 2.9879e+03 4.9424e+17 2.4557e+19 1.2326e+19 9.9019e-02 3.3953e-02 3.2828e+04 1.5839e+04
2.6600e+03 7.6508e-12 5.8737e-01 1.8130e+03 2.8076e+03 2.9867e+03 4.9774e+17 2.4785e+19 1.2441e+19 9.8702e-02 3.3835e-02 3.2916e+04 1.5884e+04
2.6700e+03 7.6275e-12 5.8746e-01 1.8124e+03 2.8065e+03 2.9856e+03 5.0126e+17 2.5015e+19 1.2557e+19 9.8386e-02 3.3719e-02 3.3004e+04 1.5928e+04
2.6800e+03 7.6043e-12 5.8755e-01 1.8118e+03 2.8055e+03 2.9844e+03 5.0480e+17 2.5246e+19 1.2673e+19 9.8071e-02 3.3603e-02 3.3092e+04 1.5972e+04
2.6900e+03 7.5813e-12 5.8764e-01 1.8112e+03 2.8044e+03 2.9832e+03 5.0835e+17 2.5479e+19 1.2791e+19 9.7759e-02 3.3488e-02 3.3180e+04 1.6016e+04
2.7000e+03 7.5584e-12 5.8773e-01 1.8106e+03 2.8034e+03 2.9820e+03 5.1192e+17 2.5714e+19 1.2909e+19 9.7448e-02 3.3374e-02 3.3268e+04 1.6060e+04
2.7100e+03 7.5356e-12 5.8782e-01 1.8101e+03 2.8023e+03 2.9809e+03 5.1550e+17 2.5950e+19 1.3027e+19 9.7140e-02 3.3260e-02 3.3356e+04 1.6104e+04
2.7200e+03 7.5129e-12 5.8791e-01 1.8095e+03 2.8013e+03 2.9797e+03 5.1910e+17 2.6187e+19 1.3147e+19 9.6833e-02 3.3148e-02 3.3444e+04 1.6148e+04
2.7300e+03 7.4903e-12 5.8800e-01 1.8089e+03 2.8002e+03 2.9785e+03 5.2272e+17 2.6426e+19 1.3267e+19 9.6527e-02 3.3036e-02 3.3532e+04 1.6192e+04
2.7400e+03 7.4679e-12 5.8809e-01 1.8083e+03 2.7992e+03 2.9774e+03 5.2635e+17 2.6667e+19 1.3388e+19 9.6224e-02 3.2924e-02 3.3620e+04 1.6236e+04
2.7500e+03 7.4456e-12 5.8817e-01 1.8078e+03 2.7982e+03 2.9762e+03 5.3000e+17 2.6909e+19 1.3510e+19 9.5922e-02 3.2814e-02 3.3708e+04 1.6280e+04
2.7600e+03 7.4234e-12 5.8826e-01 1.8072e+03 2.7971e+03 2.9751e+03 5.3366e+17 2.7153e+19 1.3633e+19 9.5622e-02 3.2704e-02 3.3796e+04 1.6324e+04
2.7700e+03 7.4014e-12 5.8835e-01 1.8066e+03 2.7961e+03 2.9739e+03 5.3734e+17 2.7398e+19 1.3756e+19 9.5324e-02 3.2595e-02 3.3884e+04 1.6368e+04
2.7800e+03 7.3795e-12 5.8844e-01 1.8061e+03 2.7951e+03 2.9728e+03 5.4104e+17 2.7645e+19 1.3881e+19 9.5027e-02 3.2486e-02 3.3972e+04 1.6412e+04
2.7900e+03 7.3576e-12 5.8852e-01 1.8055e+03 2.7941e+03 2.9717e+03 5.4476e+17 2.7894e+19 1.4006e+19 9.4732e-02 3.2378e-02 3.4060e+04 1.6456e+04
2.8000e+03 7.3360e-12 5.8861e-01 1.8050e+03 2.7930e+03 2.9705e+03 5.4849e+17 2.8144e+19 1.4132e+19 9.4439e-02 3.2271e-02 3.4148e+04 1.6500e+04
2.8100e+03 7.3144e-12 5.8870e-01 1.8044e+03 2.7920e+03 2.9694e+03 5.5224e+17 2.8395e+19 1.4258e+19 9.4148e-02 3.2164e-02 3.4236e+04 1.6544e+04
2.8200e+03 7.2929e-12 5.8878e-01 1.8039e+03 2.7910e+03 2.9683e+03 5.5600e+17 2.8649e+19 1.4386e+19 9.3858e-02 3.2059e-02 3.4324e+04 1.6589e+04
2.8300e+03 7.2716e-12 5.8887e-01 1.8033e+03 2.7900e+03 2.9672e+03 5.5978e+17 2.8904e+19 1.4514e+19 9.3569e-02 3.1953e-02 3.4412e+04 1.6633e+04
2.8400e+03 7.2504e-12 5.8896e-01 1.8027e+03 2.7890e+03 2.9660e+03 5.6358e+17 2.9160e+19 1.4643e+19 9.3283e-02 3.1849e-02 3.4500e+04 1.6677e+04
2.8500e+03 7.2293e-12 5.8904e-01 1.8022e+03 2.7880e+03 2.9649e+03 5.6739e+17 2.9418e+19 1.4773e+19 9.2998e-02 3.1745e-02 3.4588e+04 1.6721e+04
2.8600e+03 7.2083e-12 5.8913e-01 1.8017e+03 2.7870e+03 2.9638e+03 5.7122e+17 2.9678e+19 1.4904e+19 9.2714e-02 3.1642e-02 3.4676e+04 1.6765e+04
2.8700e+03 7.1874e-12 5.8921e-01 1.8011e+03 2.7860e+03 2.9627e+03 5.7507e+17 2.9940e+19 1.5036e+19 9.2432e-02 3.1539e-02 3.4764e+04 1.6809e+04
2.8800e+03 7.1666e-12 5.8930e-01 1.8006e+03 2.7850e+03 2.9616e+03 5.7893e+17 3.0203e+19 1.5168e+19 9.2152e-02 3.1437e-02 3.4852e+04 1.6853e+04
2.8900e+03 7.1460e-12 5.8938e-01 1.8000e+03 2.7840e+03 2.9605e+03 5.8281e+17 3.0467e+19 1.5301e+19 9.1873e-02 3.1335e-02 3.4940e+04 1.6897e+04
2.9000e+03 7.1254e-12 5.8947e-01 1.7995e+03 2.7830e+03 2.9594e+03 5.8671e+17 3.0734e+19 1.5435e+19 9.1596e-02 3.1235e-02 3.5028e+04 1.6941e+04
2.9100e+03 7.1050e-12 5.8955e-01 1.7989e+03 2.7820e+03 2.9583e+03 5.9062e+17 3.1002e+19 1.5570e+19 9.1320e-02 3.1134e-02 3.5116e+04 1.6985e+04
2.9200e+03 7.0847e-12 5.8964e-01 1.7984e+03 2.7811e+03 2.9572e+03 5.9455e+17 3.1272e+19 1.5706e+19 9.1046e-02 3.1035e-02 3.5204e+04 1.7029e+04
2.9300e+03 7.0645e-12 5.8972e-01 1.7979e+03 2.7801e+03 2.9561e+03 5.9850e+17 3.1543e+19 1.5843e+19 9.0773e-02 3.0936e-02 3.5292e+04 1.7073e+04
2.9400e+03 7.0444e-12 5.8981e-01 1.7973e+03 2.7791e+03 2.9550e+03 6.0247e+17 3.1816e+19 1.5980e+19 9.0502e-02 3.0837e-02 3.5381e+04 1.7117e+04
2.9500e+03 7.0244e-12 5.8989e-01 1.7968e+03 2.7781e+03 2.9540e+03 6.0645e+17 3.2091e+19 1.6118e+19 9.0232e-02 3.0739e-02 3.5469e+04 1.7161e+04
2.9600e+03 7.0045e-12 5.8998e-01 1.7963e+03 2.7772e+03 2.9529e+03 6.1045e+17 3.2367e+19 1.6257e+19 8.9964e-02 3.0642e-02 3.5557e+04 1.7206e+04
2.9700e+03 6.9847e-12 5.9006e-01 1.7957e+03 2.7762e+03 2.9518e+03 6.1446e+17 3.2645e+19 1.6397e+19 8.9697e-02 3.0545e-02 3.5645e+04 1.7250e+04
2.9800e+03 6.9651e-12 5.9014e-01 1.7952e+03 2.7752e+03 2.9508e+03 6.1849e+17 3.2925e+19 1.6538e+19 8.9431e-02 3.0449e-02 3.5733e+04 1.7294e+04
2.9900e+03 6.9455e-12 5.9023e-01 1.7947e+03 2.7743e+03 2.9497e+03 6.2254e+17 3.3207e+19 1.6680e+19 8.9168e-02 3.0354e-02 3.5821e+04 1.7338e+04
3.0000e+03 6.9260e-12 5.9031e-01 1.7942e+03 2.7733e+03 2.9486e+03 6.2661e+17 3.3490e+19 1.6823e+19 8.8905e-02 3.0259e-02 3.5909e+04 1.7382e+04
3.0100e+03 6.9067e-12 5.9040e-01 1.7936e+03 2.7724e+03 2.9476e+03 6.3069e+17 3.3775e+19 1.6966e+19 8.8644e-02 3.0164e-02 3.5997e+04 1.7426e+04
3.0200e+03 6.8874e-12 5.9048e-01 1.7931e+03 2.7714e+03 2.9465e+03 6.3479e+17 3.4062e+19 1.7110e+19 8.8384e-02 3.0070e-02 3.6085e+04 1.7470e+04
3.0300e+03 6.8682e-12 5.9056e-01 1.7926e+03 2.7705e+03 2.9455e+03 6.3891e+17 3.4350e+19 1.7256e+19 8.8126e-02 2.9977e-02 3.6173e+04 1.7514e+04
3.0400e+03 6.8492e-12 5.9065e-01 1.7921e+03 2.7695e+03 2.9444e+03 6.4305e+17 3.4640e+19 1.7402e+19 8.7869e-02 2.9884e-02 3.6262e+04 1.7558e+04
3.0500e+03 6.8302e-12 5.9073e-01 1.7916e+03 2.7686e+03 2.9434e+03 6.4720e+17 3.4932e+19 1.7549e+19 8.7613e-02 2.9792e-02 3.6350e+04 1.7602e+04
3.0600e+03 6.8114e-12 5.9081e-01 1.7911e+03 2.7676e+03 2.9423e+03 6.5137e+17 3.5226e+19 1.7697e+19 8.7359e-02 2.9700e-02 3.6438e+04 1.7646e+04
3.0700e+03 6.7926e-12 5.9090e-01 1.7905e+03 2.7667e+03 2.9413e+03 6.5556e+17 3.5522e+19 1.7845e+19 8.7107e-02 2.9609e-02 3.6526e+04 1.7690e+04
3.0800e+03 6.7740e-12 5.9098e-01 1.7900e+03 2.7657e+03 2.9402e+03 6.5976e+17 3.5819e+19 1.7995e+19 8.6855e-02 2.9518e-02 3.6614e+04 1.7734e+04
3.0900e+03 6.7554e-12 5.9106e-01 1.7895e+03 2.7648e+03 2.9392e+03 6.6398e+17 3.6118e+19 1.8146e+19 8.6605e-02 2.9428e-02 3.6702e+04 1.7779e+04
3.1000e+03 6.7370e-12 5.9115e-01 1.7890e+03 2.7639e+03 2.9382e+03 6.6822e+17 3.6419e+19 1.8297e+19 8.6356e-02 2.9338e-02 3.6790e+04 1.7823e+04
3.1100e+03 6.7186e-12 5.9123e-01 1.7885e+03 2.7630e+03 2.9372e+03 6.7248e+17 3.6721e+19 1.8449e+19 8.6109e-02 2.9249e-02 3.6878e+04 1.7867e+04
3.1200e+03 6.7003e-12 5.9131e-01 1.7880e+03 2.7620e+03 2.9361e+03 6.7675e+17 3.7026e+19 1.8603e+19 8.5862e-02 2.9160e-02 3.6967e+04 1.7911e+04
3.1300e+03 6.6822e-12 5.9140e-01 1.7875e+03 2.7611e+03 2.9351e+03 6.8104e+17 3.7332e+19 1.8757e+19 8.5617e-02 2.9072e-02 3.7055e+04 1.7955e+04
3.1400e+03 6.6641e-12 5.9148e-01 1.7870e+03 2.7602e+03 2.9341e+03 6.8535e+17 3.7640e+19 1.8912e+19 8.5374e-02 2.8984e-02 3.7143e+04 1.7999e+04
3.1500e+03 6.6461e-12 5.9156e-01 1.7865e+03 2.7593e+03 2.9331e+03 6.8967e+17 3.7949e+19 1.9068e+19 8.5131e-02 2.8897e-02 3.7231e+04 1.8043e+04
3.1600e+03 6.6282e-12 5.9165e-01 1.7860e+03 2.7584e+03 2.9321e+03 6.9402e+17 3.8261e+19 1.9225e+19 8.4890e-02 2.8810e-02 3.7319e+04 1.8087e+04
3.1700e+03 6.6104e-12 5.9173e-01 1.7855e+03 2.7575e+03 2.9311e+03 6.9838e+17 3.8574e+19 1.9383e+19 8.4651e-02 2.8724e-02 3.7407e+04 1.8131e+04
3.1800e+03 6.5927e-12 5.9181e-01 1.7850e+03 2.7565e+03 2.9301e+03 7.0276e+17 3.8890e+19 1.9541e+19 8.4412e-02 2.8638e-02 3.7495e+04 1.8175e+04
3.1900e+03 6.5751e-12 5.9190e-01 1.7845e+03 2.7556e+03 2.9290e+03 7.0715e+17 3.9207e+19 1.9701e+19 8.4175e-02 2.8553e-02 3.7584e+04 1.8220e+04
3.2000e+03 6.5576e-12 5.9198e-01 1.7840e+03 2.7547e+03 2.9280e+03 7.1157e+17 3.9526e+19 1.9862e+19 8.3938e-02 2.8468e-02 3.7672e+04 1.8264e+04
3.2100e+03 6.5402e-12 5.9206e-01 1.7835e+03 2.7538e+03 2.9271e+03 7.1600e+17 3.9847e+19 2.0023e+19 8.3704e-02 2.8383e-02 3.7760e+04 1.8308e+04
3.2200e+03 6.5228e-12 5.9215e-01 1.7831e+03 2.7529e+03 2.9261e+03 7.2045e+17 4.0169e+19 2.0186e+19 8.3470e-02 2.8299e-02 3.7848e+04 1.8352e+04
3.2300e+03 6.5056e-12 5.9223e-01 1.7826e+03 2.7521e+03 2.9251e+03 7.2491e+17 4.0494e+19 2.0349e+19 8.3237e-02 2.8216e-02 3.7936e+04 1.8396e+04
3.2400e+03 6.4884e-12 5.9232e-01 1.7821e+03 2.7512e+03 2.9241e+03 7.2940e+17 4.0820e+19 2.0514e+19 8.3006e-02 2.8133e-02 3.8024e+04 1.8440e+04
3.2500e+03 6.4713e-12 5.9240e-01 1.7816e+03 2.7503e+03 2.9231e+03 7.3390e+17 4.1148e+19 2.0679e+19 8.2776e-02 2.8050e-02 3.8112e+04 1.8484e+04
3.2600e+03 6.4544e-12 5.9248e-01 1.7811e+03 2.7494e+03 2.9221e+03 7.3842e+17 4.1478e+19 2.0845e+19 8.2547e-02 2.7968e-02 3.8201e+04 1.8528e+04
3.2700e+03 6.4375e-12 5.9257e-01 1.7806e+03 2.7485e+03 2.9211e+03 7.4296e+17 4.1810e+19 2.1013e+19 8.2319e-02 2.7886e-02 3.8289e+04 1.8572e+04
3.2800e+03 6.4206e-12 5.9265e-01 1.7802e+03 2.7476e+03 2.9202e+03 7.4751e+17 4.2144e+19 2.1181e+19 8.2093e-02 2.7805e-02 3.8377e+04 1.8617e+04
3.2900e+03 6.4039e-12 5.9273e-01 1.7797e+03 2.7467e+03 2.9192e+03 7.5208e+17 4.2480e+19 2.1350e+19 8.1867e-02 2.7724e-02 3.8465e+04 1.8661e+04
3.3000e+03 6.3873e-12 5.9282e-01 1.7792e+03 2.7459e+03 2.9182e+03 7.5667e+17 4.2818e+19 2.1520e+19 8.1643e-02 2.7644e-02 3.8553e+04 1.8705e+04
3.3100e+03 6.3707e-12 5.9290e-01 1.7787e+03 2.7450e+03 2.9172e+03 7.6128e+17 4.3157e+19 2.1691e+19 8.1420e-02 2.7563e-02 3.8641e+04 1.8749e+04
3.3200e+03 6.3542e-12 5.9299e-01 1.7782e+03 2.7441e+03 2.9163e+03 7.6591e+17 4.3499e+19 2.1864e+19 8.1198e-02 2.7484e-02 3.8729e+04 1.8793e+04
3.3300e+03 6.3379e-12 5.9307e-01 1.7778e+03 2.7432e+03 2.9153e+03 7.7056e+17 4.3842e+19 2.2037e+19 8.0977e-02 2.7405e-02 3.8818e+04 1.8837e+04
3.3400e+03 6.3216e-12 5.9315e-01 1.7773e+03 2.7424e+03 2.9144e+03 7.7522e+17 4.4187e+19 2.2211e+19 8.0757e-02 2.7326e-02 3.8906e+04 1.8881e+04
3.3500e+03 6.3053e-12 5.9324e-01 1.7768e+03 2.7415e+03 2.9134e+03 7.7990e+17 4.4535e+19 2.2386e+19 8.0538e-02 2.7248e-02 3.8994e+04 1.8925e+04
3.3600e+03 6.2892e-12 5.9332e-01 1.7764e+03 2.7407e+03 2.9125e+03 7.8460e+17 4.4884e+19 2.2562e+19 8.0321e-02 2.7170e-02 3.9082e+04 1.8970e+04
3.3700e+03 6.2731e-12 5.9341e-01 1.7759e+03 2.7398e+03 2.9115e+03 7.8931e+17 4.5235e+19 2.2739e+19 8.0104e-02 2.7092e-02 3.9170e+04 1.9014e+04
3.3800e+03 6.2571e-12 5.9349e-01 1.7754e+03 2.7389e+03 2.9106e+03 7.9405e+17 4.5588e+19 2.2917e+19 7.9889e-02 2.7015e-02 3.9258e+04 1.9058e+04
3.3900e+03 6.2412e-12 5.9358e-01 1.7750e+03 2.7381e+03 2.9096e+03 7.9880e+17 4.5943e+19 2.3096e+19 7.9674e-02 2.6938e-02 3.9346e+04 1.9102e+04
3.4000e+03 6.2254e-12 5.9366e-01 1.7745e+03 2.7372e+03 2.9087e+03 8.0357e+17 4.6300e+19 2.3276e+19 7.9461e-02 2.6862e-02 3.9435e+04 1.9146e+04
3.4100e+03 6.2097e-12 5.9375e-01 1.7740e+03 2.7364e+03 2.9077e+03 8.0836e+17 4.6659e+19 2.3457e+19 7.9249e-02 2.6786e-02 3.9523e+04 1.9190e+04
3.4200e+03 6.1940e-12 5.9383e-01 1.7736e+03 2.7355e+03 2.9068e+03 8.1317e+17 4.7020e+19 2.3639e+19 7.9038e-02 2.6710e-02 3.9611e+04 1.9234e+04
3.4300e+03 6.1784e-12 5.9392e-01 1.7731e+03 2.7347e+03 2.9059e+03 8.1800e+17 4.7383e+19 2.3822e+19 7.8827e-02 2.6635e-02 3.9699e+04 1.9279e+04
3.4400e+03 6.1629e-12 5.9400e-01 1.7727e+03 2.7338e+03 2.9049e+03 8.2284e+17 4.7748e+19 2.4006e+19 7.8618e-02 2.6560e-02 3.9787e+04 1.9323e+04
3.4500e+03 6.1475e-12 5.9409e-01 1.7722e+03 2.7330e+03 2.9040e+03 8.2770e+17 4.8115e+19 2.4191e+19 7.8410e-02 2.6486e-02 3.9875e+04 1.9367e+04
3.4600e+03 6.1322e-12 5.9417e-01 1.7718e+03 2.7322e+03 2.9031e+03 8.3258e+17 4.8484e+19 2.4377e+19 7.8203e-02 2.6412e-02 3.9963e+04 1.9411e+04
3.4700e+03 6.1169e-12 5.9426e-01 1.7713e+03 2.7313e+03 2.9021e+03 8.3748e+17 4.8855e+19 2.4564e+19 7.7997e-02 2.6338e-02 4.0052e+04 1.9455e+04
3.4800e+03 6.1017e-12 5.9434e-01 1.7708e+03 2.7305e+03 2.9012e+03 8.4240e+17 4.9228e+19 2.4753e+19 7.7792e-02 2.6265e-02 4.0140e+04 1.9499e+04
3.4900e+03 6.0866e-12 5.9443e-01 1.7704e+03 2.7297e+03 2.9003e+03 8.4733e+17 4.9603e+19 2.4942e+19 7.7588e-02 2.6192e-02 4.0228e+04 1.9544e+04
3.5000e+03 6.0715e-12 5.9452e-01 1.7699e+03 2.7288e+03 2.8994e+03 8.5229e+17 4.9980e+19 2.5132e+19 7.7385e-02 2.6119e-02 4.0316e+04 1.9588e+04
3.5100e+03 6.0565e-12 5.9460e-01 1.7695e+03 2.7280e+03 2.8985e+03 8.5726e+17 5.0360e+19 2.5323e+19 7.7183e-02 2.6047e-02 4.0404e+04 1.9632e+04
3.5200e+03 6.0416e-12 5.9469e-01 1.7691e+03 2.7272e+03 2.8976e+03 8.6225e+17 5.0741e+19 2.5515e+19 7.6982e-02 2.5975e-02 4.0492e+04 1.9676e+04
3.5300e+03 6.0268e-12 5.9478e-01 1.7686e+03 2.7264e+03 2.8966e+03 8.6726e+17 5.1124e+19 2.5709e+19 7.6782e-02 2.5904e-02 4.0580e+04 1.9720e+04
3.5400e+03 6.0120e-12 5.9486e-01 1.7682e+03 2.7255e+03 2.8957e+03 8.7228e+17 5.1509e+19 2.5903e+19 7.6583e-02 2.5833e-02 4.0668e+04 1.9764e+04
3.5500e+03 5.9974e-12 5.9495e-01 1.7677e+03 2.7247e+03 2.8948e+03 8.7733e+17 5.1896e+19 2.6099e+19 7.6384e-02 2.5762e-02 4.0757e+04 1.9809e+04
3.5600e+03 5.9827e-12 5.9504e-01 1.7673e+03 2.7239e+03 2.8939e+03 8.8239e+17 5.2286e+19 2.6295e+19 7.6187e-02 2.5692e-02 4.0845e+04 1.9853e+04
3.5700e+03 5.9682e-12 5.9512e-01 1.7668e+03 2.7231e+03 2.8930e+03 8.8748e+17 5.2677e+19 2.6493e+19 7.5991e-02 2.5622e-02 4.0933e+04 1.9897e+04
3.5800e+03 5.9537e-12 5.9521e-01 1.7664e+03 2.7223e+03 2.8921e+03 8.9258e+17 5.3071e+19 2.6691e+19 7.5796e-02 2.5552e-02 4.1021e+04 1.9941e+04
3.5900e+03 5.9393e-12 5.9530e-01 1.7660e+03 2.7215e+03 2.8912e+03 8.9770e+17 5.3466e+19 2.6891e+19 7.5601e-02 2.5482e-02 4.1109e+04 1.9985e+04
3.6000e+03 5.9250e-12 5.9538e-01 1.7655e+03 2.7207e+03 2.8904e+03 9.0284e+17 5.3864e+19 2.7092e+19 7.5408e-02 2.5413e-02 4.1197e+04 2.0030e+04
3.6100e+03 5.9107e-12 5.9547e-01 1.7651e+03 2.7199e+03 2.8895e+03 9.0799e+17 5.4264e+19 2.7294e+19 7.5215e-02 2.5345e-02 4.1285e+04 2.0074e+04
3.6200e+03 5.8965e-12 5.9556e-01 1.7647e+03 2.7191e+03 2.8886e+03 9.1317e+17 5.4665e+19 2.7497e+19 7.5024e-02 2.5276e-02 4.1373e+04 2.0118e+04
3.6300e+03 5.8824e-12 5.9565e-01 1.7642e+03 2.7183e+03 2.8877e+03 9.1837e+17 5.5069e+19 2.7701e+19 7.4833e-02 2.5208e-02 4.1461e+04 2.0162e+04
3.6400e+03 5.8684e-12 5.9573e-01 1.7638e+03 2.7175e+03 2.8868e+03 9.2358e+17 5.5475e+19 2.7906e+19 7.4643e-02 2.5140e-02 4.1549e+04 2.0206e+04
3.6500e+03 5.8544e-12 5.9582e-01 1.7634e+03 2.7167e+03 2.8859e+03 9.2881e+17 5.5884e+19 2.8112e+19 7.4454e-02 2.5073e-02 4.1637e+04 2.0251e+04
3.6600e+03 5.8405e-12 5.9591e-01 1.7629e+03 2.7159e+03 2.8851e+03 9.3406e+17 5.6294e+19 2.8319e+19 7.4266e-02 2.5006e-02 4.1725e+04 2.0295e+04
3.6700e+03 5.8266e-12 5.9600e-01 1.7625e+03 2.7151e+03 2.8842e+03 9.3933e+17 5.6707e+19 2.8527e+19 7.4079e-02 2.4939e-02 4.1814e+04 2.0339e+04
3.6800e+03 5.8128e-12 5.9609e-01 1.7621e+03 2.7143e+03 2.8833e+03 9.4462e+17 5.7121e+19 2.8737e+19 7.3893e-02 2.4873e-02 4.1902e+04 2.0383e+04
3.6900e+03 5.7991e-12 5.9618e-01 1.7616e+03 2.7135e+03 2.8824e+03 9.4993e+17 5.7538e+19 2.8947e+19 7.3707e-02 2.4807e-02 4.1990e+04 2.0427e+04
3.7000e+03 5.7855e-12 5.9627e-01 1.7612e+03 2.7127e+03 2.8816e+03 9.5525e+17 5.7957e+19 2.9159e+19 7.3523e-02 2.4741e-02 4.2078e+04 2.0472e+04
3.7100e+03 5.7719e-12 5.9635e-01 1.7608e+03 2.7120e+03 2.8807e+03 9.6060e+17 5.8378e+19 2.9372e+19 7.3339e-02 2.4675e-02 4.2166e+04 2.0516e+04
3.7200e+03 5.7583e-12 5.9644e-01 1.7604e+03 2.7112e+03 2.8798e+03 9.6596e+17 5.8801e+19 2.9586e+19 7.3156e-02 2.4610e-02 4.2254e+04 2.0560e+04
3.7300e+03 5.7449e-12 5.9653e-01 1.7600e+03 2.7104e+03 2.8790e+03 9.7134e+17 5.9226e+19 2.9801e+19 7.2975e-02 2.4545e-02 4.2342e+04 2.0604e+04
3.7400e+03 5.7315e-12 5.9662e-01 1.7595e+03 2.7096e+03 2.8781e+03 9.7674e+17 5.9654e+19 3.0017e+19 7.2793e-02 2.4481e-02 4.2430e+04 2.0648e+04
3.7500e+03 5.7182e-12 5.9671e-01 1.7591e+03 2.7088e+03 2.8773e+03 9.8216e+17 6.0084e+19 3.0234e+19 7.2613e-02 2.4416e-02 4.2518e+04 2.0693e+04
3.7600e+03 5.7049e-12 5.9680e-01 1.7587e+03 2.7081e+03 2.8764e+03 9.8760e+17 6.0516e+19 3.0452e+19 7.2434e-02 2.4352e-02 4.2606e+04 2.0737e+04
3.7700e+03 5.6917e-12 5.9689e-01 1.7583e+03 2.7073e+03 2.8755e+03 9.9306e+17 6.0950e+19 3.0672e+19 7.2255e-02 2.4289e-02 4.2694e+04 2.0781e+04
3.7800e+03 5.6785e-12 5.9698e-01 1.7579e+03 2.7065e+03 2.8747e+03 9.9854e+17 6.1386e+19 3.0893e+19 7.2077e-02 2.4225e-02 4.2782e+04 2.0825e+04
3.7900e+03 5.6655e-12 5.9707e-01 1.7575e+03 2.7058e+03 2.8739e+03 1.0040e+18 6.1825e+19 3.1114e+19 7.1901e-02 2.4162e-02 4.2870e+04 2.0870e+04
3.8000e+03 5.6524e-12 5.9716e-01 1.7570e+03 2.7050e+03 2.8730e+03 1.0095e+18 6.2266e+19 3.1337e+19 7.1724e-02 2.4099e-02 4.2958e+04 2.0914e+04
3.8100e+03 5.6395e-12 5.9725e-01 1.7566e+03 2.7042e+03 2.8722e+03 1.0151e+18 6.2709e+19 3.1561e+19 7.1549e-02 2.4037e-02 4.3046e+04 2.0958e+04
3.8200e+03 5.6266e-12 5.9734e-01 1.7562e+03 2.7035e+03 2.8713e+03 1.0206e+18 6.3154e+19 3.1786e+19 7.1375e-02 2.3975e-02 4.3134e+04 2.1002e+04
3.8300e+03 5.6137e-12 5.9744e-01 1.7558e+03 2.7027e+03 2.8705e+03 1.0262e+18 6.3601e+19 3.2013e+19 7.1201e-02 2.3913e-02 4.3222e+04 2.1047e+04
3.8400e+03 5.6010e-12 5.9753e-01 1.7554e+03 2.7020e+03 2.8696e+03 1.0318e+18 6.4051e+19 3.2240e+19 7.1028e-02 2.3851e-02 4.3310e+04 2.1091e+04
3.8500e+03 5.5882e-12 5.9762e-01 1.7550e+03 2.7012e+03 2.8688e+03 1.0374e+18 6.4503e+19 3.2469e+19 7.0856e-02 2.3790e-02 4.3398e+04 2.1135e+04
3.8600e+03 5.5756e-12 5.9771e-01 1.7546e+03 2.7005e+03 2.8680e+03 1.0430e+18 6.4957e+19 3.2699e+19 7.0685e-02 2.3729e-02 4.3486e+04 2.1179e+04
3.8700e+03 5.5630e-12 5.9780e-01 1.7542e+03 2.6997e+03 2.8671e+03 1.0487e+18 6.5413e+19 3.2930e+19 7.0514e-02 2.3668e-02 4.3574e+04 2.1223e+04
3.8800e+03 5.5504e-12 5.9789e-01 1.7538e+03 2.6990e+03 2.8663e+03 1.0544e+18 6.5872e+19 3.3162e+19 7.0344e-02 2.3607e-02 4.3662e+04 2.1268e+04
3.8900e+03 5.5380e-12 5.9798e-01 1.7534e+03 2.6982e+03 2.8655e+03 1.0600e+18 6.6333e+19 3.3395e+19 7.0175e-02 2.3547e-02 4.3750e+04 2.1312e+04
3.9000e+03 5.5255e-12 5.9808e-01 1.7530e+03 2.6975e+03 2.8647e+03 1.0658e+18 6.6796e+19 3.3630e+19 7.0007e-02 2.3487e-02 4.3838e+04 2.1356e+04
3.9100e+03 5.5132e-12 5.9817e-01 1.7526e+03 2.6967e+03 2.8638e+03 1.0715e+18 6.7262e+19 3.3865e+19 6.9839e-02 2.3427e-02 4.3926e+04 2.1401e+04
3.9200e+03 5.5008e-12 5.9826e-01 1.7522e+03 2.6960e+03 2.8630e+03 1.0772e+18 6.7730e+19 3.4102e+19 6.9673e-02 2.3368e-02 4.4013e+04 2.1445e+04
3.9300e+03 5.4886e-12 5.9835e-01 1.7518e+03 2.6952e+03 2.8622e+03 1.0830e+18 6.8200e+19 3.4340e+19 6.9507e-02 2.3309e-02 4.4101e+04 2.1489e+04
3.9400e+03 5.4764e-12 5.9845e-01 1.7514e+03 2.6945e+03 2.8614e+03 1.0888e+18 6.8672e+19 3.4579e+19 6.9342e-02 2.3250e-02 4.4189e+04 2.1533e+04
3.9500e+03 5.4643e-12 5.9854e-01 1.7510e+03 2.6938e+03 2.8606e+03 1.0946e+18 6.9147e+19 3.4820e+19 6.9177e-02 2.3191e-02 4.4277e+04 2.1578e+04
3.9600e+03 5.4522e-12 5.9863e-01 1.7506e+03 2.6930e+03 2.8598e+03 1.1004e+18 6.9624e+19 3.5061e+19 6.9013e-02 2.3133e-02 4.4365e+04 2.1622e+04
3.9700e+03 5.4401e-12 5.9873e-01 1.7502e+03 2.6923e+03 2.8590e+03 1.1062e+18 7.0103e+19 3.5304e+19 6.8850e-02 2.3075e-02 4.4453e+04 2.1666e+04
3.9800e+03 5.4282e-12 5.9882e-01 1.7498e+03 2.6916e+03 2.8581e+03 1.1121e+18 7.0585e+19 3.5548e+19 6.8688e-02 2.3017e-02 4.4541e+04 2.1710e+04
3.9900e+03 5.4162e-12 5.9891e-01 1.7494e+03 2.6909e+03 2.8573e+03 1.1180e+18 7.1069e+19 3.5794e+19 6.8526e-02 2.2959e-02 4.4629e+04 2.1755e+04
4.0000e+03 5.4044e-12 5.9901e-01 1.7490e+03 2.6901e+03 2.8565e+03 1.1239e+18 7.1555e+19 3.6040e+19 6.8365e-02 2.2902e-02 4.4717e+04 2.1799e+04
4.0100e+03 5.3926e-12 5.9910e-01 1.7486e+03 2.6894e+03 2.8557e+03 1.1298e+18 7.2044e+19 3.6288e+19 6.8205e-02 2.2845e-02 4.4804e+04 2.1843e+04
4.0200e+03 5.3808e-12 5.9920e-01 1.7482e+03 2.6887e+03 2.8549e+03 1.1357e+18 7.2535e+19 3.6536e+19 6.8046e-02 2.2788e-02 4.4892e+04 2.1887e+04
4.0300e+03 5.3691e-12 5.9929e-01 1.7479e+03 2.6880e+03 2.8541e+03 1.1417e+18 7.3028e+19 3.6787e+19 6.7887e-02 2.2731e-02 4.4980e+04 2.1932e+04
4.0400e+03 5.3574e-12 5.9939e-01 1.7475e+03 2.6872e+03 2.8533e+03 1.1477e+18 7.3524e+19 3.7038e+19 6.7729e-02 2.2675e-02 4.5068e+04 2.1976e+04
4.0500e+03 5.3458e-12 5.9948e-01 1.7471e+03 2.6865e+03 2.8526e+03 1.1537e+18 7.4022e+19 3.7290e+19 6.7572e-02 2.2619e-02 4.5156e+04 2.2020e+04
4.0600e+03 5.3343e-12 5.9957e-01 1.7467e+03 2.6858e+03 2.8518e+03 1.1597e+18 7.4523e+19 3.7544e+19 6.7415e-02 2.2563e-02 4.5244e+04 2.2065e+04
4.0700e+03 5.3228e-12 5.9967e-01 1.7463e+03 2.6851e+03 2.8510e+03 1.1657e+18 7.5026e+19 3.7799e+19 6.7259e-02 2.2507e-02 4.5331e+04 2.2109e+04
4.0800e+03 5.3113e-12 5.9977e-01 1.7459e+03 2.6844e+03 2.8502e+03 1.1718e+18 7.5531e+19 3.8055e+19 6.7104e-02 2.2452e-02 4.5419e+04 2.2153e+04
4.0900e+03 5.3000e-12 5.9986e-01 1.7456e+03 2.6837e+03 2.8494e+03 1.1779e+18 7.6039e+19 3.8313e+19 6.6949e-02 2.2397e-02 4.5507e+04 2.2198e+04
4.1000e+03 5.2886e-12 5.9996e-01 1.7452e+03 2.6830e+03 2.8486e+03 1.1840e+18 7.6549e+19 3.8572e+19 6.6795e-02 2.2342e-02 4.5595e+04 2.2242e+04
4.1100e+03 5.2773e-12 6.0005e-01 1.7448e+03 2.6823e+03 2.8478e+03 1.1901e+18 7.7061e+19 3.8832e+19 6.6642e-02 2.2287e-02 4.5683e+04 2.2286e+04
4.1200e+03 5.2661e-12 6.0015e-01 1.7444e+03 2.6816e+03 2.8471e+03 1.1962e+18 7.7576e+19 3.9093e+19 6.6489e-02 2.2233e-02 4.5770e+04 2.2330e+04
4.1300e+03 5.2549e-12 6.0024e-01 1.7440e+03 2.6809e+03 2.8463e+03 1.2024e+18 7.8093e+19 3.9355e+19 6.6338e-02 2.2178e-02 4.5858e+04 2.2375e+04
4.1400e+03 5.2437e-12 6.0034e-01 1.7437e+03 2.6802e+03 2.8455e+03 1.2085e+18 7.8613e+19 3.9619e+19 6.6186e-02 2.2124e-02 4.5946e+04 2.2419e+04
4.1500e+03 5.2326e-12 6.0044e-01 1.7433e+03 2.6795e+03 2.8447e+03 1.2147e+18 7.9135e+19 3.9884e+19 6.6036e-02 2.2071e-02 4.6034e+04 2.2463e+04
4.1600e+03 5.2216e-12 6.0053e-01 1.7429e+03 2.6788e+03 2.8440e+03 1.2209e+18 7.9660e+19 4.0150e+19 6.5886e-02 2.2017e-02 4.6121e+04 2.2508e+04
4.1700e+03 5.2106e-12 6.0063e-01 1.7425e+03 2.6781e+03 2.8432e+03 1.2272e+18 8.0187e+19 4.0418e+19 6.5736e-02 2.1964e-02 4.6209e+04 2.2552e+04
4.1800e+03 5.1997e-12 6.0073e-01 1.7422e+03 2.6774e+03 2.8424e+03 1.2334e+18 8.0716e+19 4.0687e+19 6.5588e-02 2.1911e-02 4.6297e+04 2.2596e+04
4.1900e+03 5.1888e-12 6.0082e-01 1.7418e+03 2.6767e+03 2.8416e+03 1.2397e+18 8.1248e+19 4.0957e+19 6.5440e-02 2.1858e-02 4.6385e+04 2.2641e+04
4.2000e+03 5.1779e-12 6.0092e-01 1.7414e+03 2.6760e+03 2.8409e+03 1.2460e+18 8.1782e+19 4.1228e+19 6.5292e-02 2.1805e-02 4.6472e+04 2.2685e+04
4.2100e+03 5.1671e-12 6.0102e-01 1.7411e+03 2.6753e+03 2.8401e+03 1.2523e+18 8.2319e+19 4.1501e+19 6.5145e-02 2.1753e-02 4.6560e+04 2.2729e+04
4.2200e+03 5.1564e-12 6.0112e-01 1.7407e+03 2.6746e+03 2.8394e+03 1.2587e+18 8.2859e+19 4.1775e+19 6.4999e-02 2.1701e-02 4.6648e+04 2.2774e+04
4.2300e+03 5.1457e-12 6.0121e-01 1.7403e+03 2.6739e+03 2.8386e+03 1.2650e+18 8.3400e+19 4.2050e+19 6.4854e-02 2.1649e-02 4.6735e+04 2.2818e+04
4.2400e+03 5.1350e-12 6.0131e-01 1.7400e+03 2.6732e+03 2.8378e+03 1.2714e+18 8.3945e+19 4.2327e+19 6.4709e-02 2.1597e-02 4.6823e+04 2.2862e+04
4.2500e+03 5.1244e-12 6.0141e-01 1.7396e+03 2.6726e+03 2.8371e+03 1.2778e+18 8.4492e+19 4.2605e+19 6.4565e-02 2.1546e-02 4.6911e+04 2.2907e+04
4.2600e+03 5.1138e-12 6.0151e-01 1.7392e+03 2.6719e+03 2.8363e+03 1.2842e+18 8.5041e+19 4.2884e+19 6.4421e-02 2.1494e-02 4.6998e+04 2.2951e+04
4.2700e+03 5.1033e-12 6.0161e-01 1.7389e+03 2.6712e+03 2.8356e+03 1.2906e+18 8.5593e+19 4.3164e+19 6.4278e-02 2.1443e-02 4.7086e+04 2.2995e+04
4.2800e+03 5.0928e-12 6.0171e-01 1.7385e+03 2.6705e+03 2.8348e+03 1.2971e+18 8.6147e+19 4.3446e+19 6.4135e-02 2.1393e-02 4.7173e+04 2.3040e+04
4.2900e+03 5.0824e-12 6.0180e-01 1.7381e+03 2.6699e+03 2.8341e+03 1.3035e+18 8.6704e+19 4.3729e+19 6.3994e-02 2.1342e-02 4.7261e+04 2.3084e+04
4.3000e+03 5.0720e-12 6.0190e-01 1.7378e+03 2.6692e+03 2.8333e+03 1.3100e+18 8.7263e+19 4.4014e+19 6.3852e-02 2.1291e-02 4.7349e+04 2.3128e+04
4.3100e+03 5.0617e-12 6.0200e-01 1.7374e+03 2.6685e+03 2.8326e+03 1.3165e+18 8.7825e+19 4.4300e+19 6.3712e-02 2.1241e-02 4.7436e+04 2.3173e+04
4.3200e+03 5.0514e-12 6.0210e-01 1.7371e+03 2.6678e+03 2.8318e+03 1.3231e+18 8.8389e+19 4.4587e+19 6.3572e-02 2.1191e-02 4.7524e+04 2.3217e+04
4.3300e+03 5.0411e-12 6.0220e-01 1.7367e+03 2.6672e+03 2.8311e+03 1.3296e+18 8.8956e+19 4.4875e+19 6.3432e-02 2.1141e-02 4.7611e+04 2.3261e+04
4.3400e+03 5.0309e-12 6.0230e-01 1.7363e+03 2.6665e+03 2.8304e+03 1.3362e+18 8.9526e+19 4.5165e+19 6.3293e-02 2.1092e-02 4.7699e+04 2.3306e+04
4.3500e+03 5.0207e-12 6.0240e-01 1.7360e+03 2.6658e+03 2.8296e+03 1.3428e+18 9.0098e+19 4.5456e+19 6.3155e-02 2.1042e-02 4.7787e+04 2.3350e+04
4.3600e+03 5.0106e-12 6.0250e-01 1.7356e+03 2.6652e+03 2.8289e+03 1.3494e+18 9.0672e+19 4.5748e+19 6.3017e-02 2.0993e-02 4.7874e+04 2.3394e+04
4.3700e+03 5.0005e-12 6.0260e-01 1.7353e+03 2.6645e+03 2.8281e+03 1.3560e+18 9.1249e+19 4.6042e+19 6.2880e-02 2.0944e-02 4.7962e+04 2.3439e+04
4.3800e+03 4.9905e-12 6.0270e-01 1.7349e+03 2.6639e+03 2.8274e+03 1.3627e+18 9.1829e+19 4.6337e+19 6.2743e-02 2.0895e-02 4.8049e+04 2.3483e+04
4.3900e+03 4.9805e-12 6.0280e-01 1.7346e+03 2.6632e+03 2.8267e+03 1.3694e+18 9.2412e+19 4.6633e+19 6.2607e-02 2.0847e-02 4.8137e+04 2.3527e+04
4.4000e+03 4.9706e-12 6.0290e-01 1.7342e+03 2.6625e+03 2.8260e+03 1.3761e+18 9.2996e+19 4.6931e+19 6.2472e-02 2.0798e-02 4.8224e+04 2.3572e+04
4.4100e+03 4.9607e-12 6.0300e-01 1.7339e+03 2.6619e+03 2.8252e+03 1.3828e+18 9.3584e+19 4.7230e+19 6.2337e-02 2.0750e-02 4.8312e+04 2.3616e+04
4.4200e+03 4.9508e-12 6.0310e-01 1.7335e+03 2.6612e+03 2.8245e+03 1.3895e+18 9.4174e+19 4.7531e+19 6.2202e-02 2.0702e-02 4.8399e+04 2.3660e+04
4.4300e+03 4.9410e-12 6.0320e-01 1.7332e+03 2.6606e+03 2.8238e+03 1.3963e+18 9.4767e+19 4.7833e+19 6.2069e-02 2.0654e-02 4.8487e+04 2.3705e+04
4.4400e+03 4.9312e-12 6.0331e-01 1.7328e+03 2.6599e+03 2.8231e+03 1.4030e+18 9.5362e+19 4.8136e+19 6.1935e-02 2.0607e-02 4.8574e+04 2.3749e+04
4.4500e+03 4.9215e-12 6.0341e-01 1.7325e+03 2.6593e+03 2.8223e+03 1.4098e+18 9.5960e+19 4.8441e+19 6.1803e-02 2.0559e-02 4.8662e+04 2.3793e+04
4.4600e+03 4.9118e-12 6.0351e-01 1.7321e+03 2.6586e+03 2.8216e+03 1.4167e+18 9.6560e+19 4.8747e+19 6.1671e-02 2.0512e-02 4.8749e+04 2.3838e+04
4.4700e+03 4.9021e-12 6.0361e-01 1.7318e+03 2.6580e+03 2.8209e+03 1.4235e+18 9.7163e+19 4.9054e+19 6.1539e-02 2.0465e-02 4.8836e+04 2.3882e+04
4.4800e+03 4.8925e-12 6.0371e-01 1.7314e+03 2.6573e+03 2.8202e+03 1.4304e+18 9.7769e+19 4.9363e+19 6.1408e-02 2.0418e-02 4.8924e+04 2.3927e+04
4.4900e+03 4.8829e-12 6.0381e-01 1.7311e+03 2.6567e+03 2.8195e+03 1.4372e+18 9.8378e+19 4.9673e+19 6.1277e-02 2.0371e-02 4.9011e+04 2.3971e+04
4.5000e+03 4.8734e-12 6.0392e-01 1.7307e+03 2.6560e+03 2.8188e+03 1.4441e+18 9.8989e+19 4.9985e+19 6.1147e-02 2.0325e-02 4.9099e+04 2.4015e+04
4.5100e+03 4.8639e-12 6.0402e-01 1.7304e+03 2.6554e+03 2.8180e+03 1.4510e+18 9.9602e+19 5.0298e+19 6.1018e-02 2.0278e-02 4.9186e+04 2.4060e+04
4.5200e+03 4.8544e-12 6.0412e-01 1.7301e+03 2.6548e+03 2.8173e+03 1.4580e+18 1.0022e+20 5.0612e+19 6.0889e-02 2.0232e-02 4.9273e+04 2.4104e+04
4.5300e+03 4.8450e-12 6.0422e-01 1.7297e+03 2.6541e+03 2.8166e+03 1.4649e+18 1.0084e+20 5.0928e+19 6.0760e-02 2.0186e-02 4.9361e+04 2.4148e+04
4.5400e+03 4.8356e-12 6.0432e-01 1.7294e+03 2.6535e+03 2.8159e+03 1.4719e+18 1.0146e+20 5.1245e+19 6.0632e-02 2.0141e-02 4.9448e+04 2.4193e+04
4.5500e+03 0.0000e+00 0.0000e+00 1.7290e+03 0.0000e+00 2.8152e+03 0.0000e+00 0.0000e+00 0.0000e+00 0.0000e+00 0.0000e+00 0.0000e+00 0.0000e+00
