0.0000e+00 2.3990e-11 8.7484e-01 1.7000e+03 3.4510e+03 4.2000e+03 2.2229e+19 1.9129e+19 1.9129e+19 2.1735e-01 0.0000e+00 1.9489e+04 0.0000e+00
1.0000e+01 2.3855e-11 8.0786e-01 1.6991e+03 3.4492e+03 4.2000e+03 1.7758e+19 1.9348e+19 1.9348e+19 2.3404e-01 0.0000e+00 1.8088e+04 0.0000e+00
2.0000e+01 2.3720e-11 8.0656e-01 1.6976e+03 3.4462e+03 4.2000e+03 1.7900e+19 1.9716e+19 1.9716e+19 2.3309e-01 0.0000e+00 1.8142e+04 0.0000e+00
3.0000e+01 2.3586e-11 8.0833e-01 1.6961e+03 3.4432e+03 4.2000e+03 1.8248e+19 2.0093e+19 2.0093e+19 2.3127e-01 0.0000e+00 1.8266e+04 0.0000e+00
4.0000e+01 2.3454e-11 8.1016e-01 1.6946e+03 3.4402e+03 4.2000e+03 1.8608e+19 2.0472e+19 2.0472e+19 2.2945e-01 0.0000e+00 1.8391e+04 0.0000e+00
5.0000e+01 2.3322e-11 8.1191e-01 1.6932e+03 3.4372e+03 4.2000e+03 1.8970e+19 2.0851e+19 2.0851e+19 2.2767e-01 0.0000e+00 1.8516e+04 0.0000e+00
6.0000e+01 2.3191e-11 8.1358e-01 1.6918e+03 3.4344e+03 4.2000e+03 1.9333e+19 2.1232e+19 2.1232e+19 2.2593e-01 0.0000e+00 1.8640e+04 0.0000e+00
7.0000e+01 2.3062e-11 8.1517e-01 1.6904e+03 3.4315e+03 4.2000e+03 1.9698e+19 2.1613e+19 2.1613e+19 2.2423e-01 0.0000e+00 1.8763e+04 0.0000e+00
8.0000e+01 2.2933e-11 8.1669e-01 1.6890e+03 3.4287e+03 4.2000e+03 2.0065e+19 2.1996e+19 2.1996e+19 2.2257e-01 0.0000e+00 1.8884e+04 0.0000e+00
9.0000e+01 2.2805e-11 8.1813e-01 1.6877e+03 3.4260e+03 4.2000e+03 2.0433e+19 2.2380e+19 2.2380e+19 2.2093e-01 0.0000e+00 1.9005e+04 0.0000e+00
1.0000e+02 2.2678e-11 8.1950e-01 1.6863e+03 3.4233e+03 4.2000e+03 2.0803e+19 2.2766e+19 2.2766e+19 2.1934e-01 0.0000e+00 1.9126e+04 0.0000e+00
1.1000e+02 2.2553e-11 8.2081e-01 1.6850e+03 3.4206e+03 4.2000e+03 2.1175e+19 2.3153e+19 2.3153e+19 2.1777e-01 0.0000e+00 1.9245e+04 0.0000e+00
1.2000e+02 2.2428e-11 8.2206e-01 1.6837e+03 3.4180e+03 4.2000e+03 2.1549e+19 2.3541e+19 2.3541e+19 2.1624e-01 0.0000e+00 1.9363e+04 0.0000e+00
1.3000e+02 2.2304e-11 8.2324e-01 1.6824e+03 3.4154e+03 4.2000e+03 2.1925e+19 2.3931e+19 2.3931e+19 2.1473e-01 0.0000e+00 1.9481e+04 0.0000e+00
1.4000e+02 2.2181e-11 8.2437e-01 1.6812e+03 3.4128e+03 4.2000e+03 2.2303e+19 2.4323e+19 2.4323e+19 2.1326e-01 0.0000e+00 1.9599e+04 0.0000e+00
1.5000e+02 2.2059e-11 8.2544e-01 1.6799e+03 3.4103e+03 4.2000e+03 2.2683e+19 2.4716e+19 2.4716e+19 2.1181e-01 0.0000e+00 1.9715e+04 0.0000e+00
1.6000e+02 2.1937e-11 8.2646e-01 1.6787e+03 3.4078e+03 4.2000e+03 2.3065e+19 2.5111e+19 2.5111e+19 2.1038e-01 0.0000e+00 1.9831e+04 0.0000e+00
1.7000e+02 2.1817e-11 8.2743e-01 1.6775e+03 3.4054e+03 4.2000e+03 2.3450e+19 2.5508e+19 2.5508e+19 2.0899e-01 0.0000e+00 1.9946e+04 0.0000e+00
1.8000e+02 2.1698e-11 8.2835e-01 1.6763e+03 3.4030e+03 4.2000e+03 2.3836e+19 2.5907e+19 2.5907e+19 2.0761e-01 0.0000e+00 2.0061e+04 0.0000e+00
1.9000e+02 2.1579e-11 8.2923e-01 1.6751e+03 3.4006e+03 4.2000e+03 2.4225e+19 2.6308e+19 2.6308e+19 2.0626e-01 0.0000e+00 2.0175e+04 0.0000e+00
2.0000e+02 2.1462e-11 8.3006e-01 1.6740e+03 3.3982e+03 4.2000e+03 2.4617e+19 2.6711e+19 2.6711e+19 2.0493e-01 0.0000e+00 2.0289e+04 0.0000e+00
2.1000e+02 2.1345e-11 8.3085e-01 1.6728e+03 3.3958e+03 4.2000e+03 2.5011e+19 2.7116e+19 2.7116e+19 2.0362e-01 0.0000e+00 2.0403e+04 0.0000e+00
2.2000e+02 2.1229e-11 8.3160e-01 1.6717e+03 3.3935e+03 4.2000e+03 2.5408e+19 2.7523e+19 2.7523e+19 2.0233e-01 0.0000e+00 2.0516e+04 0.0000e+00
2.3000e+02 2.1114e-11 8.3231e-01 1.6705e+03 3.3912e+03 4.2000e+03 2.5807e+19 2.7932e+19 2.7932e+19 2.0106e-01 0.0000e+00 2.0628e+04 0.0000e+00
2.4000e+02 2.1000e-11 8.3298e-01 1.6694e+03 3.3890e+03 4.2000e+03 2.6209e+19 2.8343e+19 2.8343e+19 1.9982e-01 0.0000e+00 2.0740e+04 0.0000e+00
2.5000e+02 2.0886e-11 8.3362e-01 1.6683e+03 3.3867e+03 4.2000e+03 2.6614e+19 2.8757e+19 2.8757e+19 1.9859e-01 0.0000e+00 2.0852e+04 0.0000e+00
2.6000e+02 2.0774e-11 8.3422e-01 1.6672e+03 3.3845e+03 4.2000e+03 2.7022e+19 2.9174e+19 2.9174e+19 1.9737e-01 0.0000e+00 2.0964e+04 0.0000e+00
2.7000e+02 2.0662e-11 8.3479e-01 1.6661e+03 3.3823e+03 4.2000e+03 2.7432e+19 2.9592e+19 2.9592e+19 1.9618e-01 0.0000e+00 2.1075e+04 0.0000e+00
2.8000e+02 2.0551e-11 8.3533e-01 1.6651e+03 3.3801e+03 4.2000e+03 2.7846e+19 3.0013e+19 3.0013e+19 1.9500e-01 0.0000e+00 2.1186e+04 0.0000e+00
2.9000e+02 2.0441e-11 8.3584e-01 1.6640e+03 3.3779e+03 4.2000e+03 2.8262e+19 3.0437e+19 3.0437e+19 1.9384e-01 0.0000e+00 2.1296e+04 0.0000e+00
3.0000e+02 2.0332e-11 8.3633e-01 1.6629e+03 3.3758e+03 4.2000e+03 2.8682e+19 3.0863e+19 3.0863e+19 1.9269e-01 0.0000e+00 2.1407e+04 0.0000e+00
3.1000e+02 2.0224e-11 8.3678e-01 1.6619e+03 3.3737e+03 4.2000e+03 2.9105e+19 3.1293e+19 3.1293e+19 1.9156e-01 0.0000e+00 2.1517e+04 0.0000e+00
3.2000e+02 2.0116e-11 8.3721e-01 1.6608e+03 3.3716e+03 4.2000e+03 2.9530e+19 3.1724e+19 3.1724e+19 1.9044e-01 0.0000e+00 2.1627e+04 0.0000e+00
3.3000e+02 2.0009e-11 8.3762e-01 1.6598e+03 3.3695e+03 4.2000e+03 2.9960e+19 3.2159e+19 3.2159e+19 1.8934e-01 0.0000e+00 2.1736e+04 0.0000e+00
3.4000e+02 1.9903e-11 8.3800e-01 1.6588e+03 3.3674e+03 4.2000e+03 3.0392e+19 3.2596e+19 3.2596e+19 1.8825e-01 0.0000e+00 2.1846e+04 0.0000e+00
3.5000e+02 1.9798e-11 8.3835e-01 1.6578e+03 3.3654e+03 4.2000e+03 3.0828e+19 3.3036e+19 3.3036e+19 1.8717e-01 0.0000e+00 2.1955e+04 0.0000e+00
3.6000e+02 1.9693e-11 8.3869e-01 1.6568e+03 3.3633e+03 4.2000e+03 3.1267e+19 3.3480e+19 3.3480e+19 1.8611e-01 0.0000e+00 2.2064e+04 0.0000e+00
3.7000e+02 1.9589e-11 8.3901e-01 1.6558e+03 3.3613e+03 4.2000e+03 3.1710e+19 3.3926e+19 3.3926e+19 1.8506e-01 0.0000e+00 2.2173e+04 0.0000e+00
3.8000e+02 1.9486e-11 8.3930e-01 1.6548e+03 3.3593e+03 4.2000e+03 3.2157e+19 3.4375e+19 3.4375e+19 1.8402e-01 0.0000e+00 2.2282e+04 0.0000e+00
3.9000e+02 1.9384e-11 8.3958e-01 1.6538e+03 3.3573e+03 4.2000e+03 3.2607e+19 3.4827e+19 3.4827e+19 1.8300e-01 0.0000e+00 2.2391e+04 0.0000e+00
4.0000e+02 1.9283e-11 8.3983e-01 1.6529e+03 3.3553e+03 4.2000e+03 3.3060e+19 3.5283e+19 3.5283e+19 1.8198e-01 0.0000e+00 2.2500e+04 0.0000e+00
4.1000e+02 1.9182e-11 8.4008e-01 1.6519e+03 3.3534e+03 4.2000e+03 3.3518e+19 3.5741e+19 3.5741e+19 1.8098e-01 0.0000e+00 2.2608e+04 0.0000e+00
4.2000e+02 1.9082e-11 8.4030e-01 1.6509e+03 3.3514e+03 4.2000e+03 3.3979e+19 3.6203e+19 3.6203e+19 1.7999e-01 0.0000e+00 2.2717e+04 0.0000e+00
4.3000e+02 1.8983e-11 8.4051e-01 1.6500e+03 3.3495e+03 4.2000e+03 3.4444e+19 3.6668e+19 3.6668e+19 1.7901e-01 0.0000e+00 2.2826e+04 0.0000e+00
4.4000e+02 1.8884e-11 8.4070e-01 1.6490e+03 3.3476e+03 4.2000e+03 3.4913e+19 3.7136e+19 3.7136e+19 1.7804e-01 0.0000e+00 2.2934e+04 0.0000e+00
4.5000e+02 1.8786e-11 8.4087e-01 1.6481e+03 3.3457e+03 4.2000e+03 3.5386e+19 3.7608e+19 3.7608e+19 1.7708e-01 0.0000e+00 2.3042e+04 0.0000e+00
4.6000e+02 1.8689e-11 8.4104e-01 1.6472e+03 3.3438e+03 4.2000e+03 3.5863e+19 3.8083e+19 3.8083e+19 1.7613e-01 0.0000e+00 2.3151e+04 0.0000e+00
4.7000e+02 1.8593e-11 8.4119e-01 1.6462e+03 3.3419e+03 4.2000e+03 3.6344e+19 3.8562e+19 3.8562e+19 1.7519e-01 0.0000e+00 2.3259e+04 0.0000e+00
4.8000e+02 1.8497e-11 8.4132e-01 1.6453e+03 3.3400e+03 4.2000e+03 3.6829e+19 3.9044e+19 3.9044e+19 1.7426e-01 0.0000e+00 2.3367e+04 0.0000e+00
4.9000e+02 1.8402e-11 8.4145e-01 1.6444e+03 3.3381e+03 4.2000e+03 3.7318e+19 3.9530e+19 3.9530e+19 1.7334e-01 0.0000e+00 2.3476e+04 0.0000e+00
5.0000e+02 1.8307e-11 8.4156e-01 1.6435e+03 3.3363e+03 4.2000e+03 3.7811e+19 4.0019e+19 4.0019e+19 1.7242e-01 0.0000e+00 2.3584e+04 0.0000e+00
5.1000e+02 1.8214e-11 8.4166e-01 1.6426e+03 3.3345e+03 4.2000e+03 3.8309e+19 4.0512e+19 4.0512e+19 1.7152e-01 0.0000e+00 2.3692e+04 0.0000e+00
5.2000e+02 1.8121e-11 8.4175e-01 1.6417e+03 3.3326e+03 4.2000e+03 3.8811e+19 4.1009e+19 4.1009e+19 1.7063e-01 0.0000e+00 2.3801e+04 0.0000e+00
5.3000e+02 1.8028e-11 8.4183e-01 1.6408e+03 3.3308e+03 4.2000e+03 3.9317e+19 4.1509e+19 4.1509e+19 1.6974e-01 0.0000e+00 2.3909e+04 0.0000e+00
5.4000e+02 1.7937e-11 8.4190e-01 1.6399e+03 3.3290e+03 4.2000e+03 3.9828e+19 4.2013e+19 4.2013e+19 1.6886e-01 0.0000e+00 2.4017e+04 0.0000e+00
5.5000e+02 1.7846e-11 8.4196e-01 1.6390e+03 3.3272e+03 4.2000e+03 4.0344e+19 4.2521e+19 4.2521e+19 1.6799e-01 0.0000e+00 2.4126e+04 0.0000e+00
5.6000e+02 1.7755e-11 8.4201e-01 1.6381e+03 3.3254e+03 4.2000e+03 4.0863e+19 4.3033e+19 4.3033e+19 1.6713e-01 0.0000e+00 2.4234e+04 0.0000e+00
5.7000e+02 1.7666e-11 8.4205e-01 1.6372e+03 3.3236e+03 4.2000e+03 4.1388e+19 4.3548e+19 4.3548e+19 1.6628e-01 0.0000e+00 2.4343e+04 0.0000e+00
5.8000e+02 1.7577e-11 8.4209e-01 1.6364e+03 3.3219e+03 4.2000e+03 4.1917e+19 4.4068e+19 4.4068e+19 1.6544e-01 0.0000e+00 2.4451e+04 0.0000e+00
5.9000e+02 1.7488e-11 8.4211e-01 1.6355e+03 3.3201e+03 4.2000e+03 4.2451e+19 4.4591e+19 4.4591e+19 1.6460e-01 0.0000e+00 2.4560e+04 0.0000e+00
6.0000e+02 1.7400e-11 8.4213e-01 1.6346e+03 3.3184e+03 4.2000e+03 4.2989e+19 4.5119e+19 4.5119e+19 1.6377e-01 0.0000e+00 2.4668e+04 0.0000e+00
6.1000e+02 1.7313e-11 8.4214e-01 1.6338e+03 3.3166e+03 4.2000e+03 4.3533e+19 4.5650e+19 4.5650e+19 1.6295e-01 0.0000e+00 2.4777e+04 0.0000e+00
6.2000e+02 1.7227e-11 8.4215e-01 1.6329e+03 3.3149e+03 4.2000e+03 4.4081e+19 4.6186e+19 4.6186e+19 1.6213e-01 0.0000e+00 2.4886e+04 0.0000e+00
6.3000e+02 1.7141e-11 8.4215e-01 1.6321e+03 3.3132e+03 4.2000e+03 4.4634e+19 4.6725e+19 4.6725e+19 1.6132e-01 0.0000e+00 2.4995e+04 0.0000e+00
6.4000e+02 1.7055e-11 8.4214e-01 1.6312e+03 3.3115e+03 4.2000e+03 4.5192e+19 4.7269e+19 4.7269e+19 1.6052e-01 0.0000e+00 2.5104e+04 0.0000e+00
6.5000e+02 1.6971e-11 8.4212e-01 1.6304e+03 3.3098e+03 4.2000e+03 4.5755e+19 4.7817e+19 4.7817e+19 1.5973e-01 0.0000e+00 2.5213e+04 0.0000e+00
6.6000e+02 1.6887e-11 8.4210e-01 1.6296e+03 3.3081e+03 4.2000e+03 4.6323e+19 4.8369e+19 4.8369e+19 1.5894e-01 0.0000e+00 2.5322e+04 0.0000e+00
6.7000e+02 1.6803e-11 8.4207e-01 1.6287e+03 3.3064e+03 4.2000e+03 4.6896e+19 4.8926e+19 4.8926e+19 1.5816e-01 0.0000e+00 2.5431e+04 0.0000e+00
6.8000e+02 1.6720e-11 8.4204e-01 1.6279e+03 3.3047e+03 4.2000e+03 4.7474e+19 4.9486e+19 4.9486e+19 1.5738e-01 0.0000e+00 2.5541e+04 0.0000e+00
6.9000e+02 1.6638e-11 8.4201e-01 1.6271e+03 3.3030e+03 4.2000e+03 4.8058e+19 5.0051e+19 5.0051e+19 1.5662e-01 0.0000e+00 2.5650e+04 0.0000e+00
7.0000e+02 1.6556e-11 8.4196e-01 1.6263e+03 3.3013e+03 4.2000e+03 4.8647e+19 5.0621e+19 5.0621e+19 1.5585e-01 0.0000e+00 2.5760e+04 0.0000e+00
7.1000e+02 1.6475e-11 8.4192e-01 1.6254e+03 3.2997e+03 4.2000e+03 4.9241e+19 5.1195e+19 5.1195e+19 1.5510e-01 0.0000e+00 2.5870e+04 0.0000e+00
7.2000e+02 1.6394e-11 8.4187e-01 1.6246e+03 3.2980e+03 4.2000e+03 4.9840e+19 5.1773e+19 5.1773e+19 1.5435e-01 0.0000e+00 2.5979e+04 0.0000e+00
7.3000e+02 1.6314e-11 8.4181e-01 1.6238e+03 3.2964e+03 4.2000e+03 5.0445e+19 5.2356e+19 5.2356e+19 1.5361e-01 0.0000e+00 2.6089e+04 0.0000e+00
7.4000e+02 1.6235e-11 8.4175e-01 1.6230e+03 3.2948e+03 4.2000e+03 5.1055e+19 5.2943e+19 5.2943e+19 1.5287e-01 0.0000e+00 2.6199e+04 0.0000e+00
7.5000e+02 1.6156e-11 8.4169e-01 1.6222e+03 3.2931e+03 4.2000e+03 5.1671e+19 5.3535e+19 5.3535e+19 1.5214e-01 0.0000e+00 2.6310e+04 0.0000e+00
7.6000e+02 1.6078e-11 8.4162e-01 1.6214e+03 3.2915e+03 4.2000e+03 5.2292e+19 5.4131e+19 5.4131e+19 1.5141e-01 0.0000e+00 2.6420e+04 0.0000e+00
7.7000e+02 1.6000e-11 8.4156e-01 1.6206e+03 3.2899e+03 4.2000e+03 5.2919e+19 5.4732e+19 5.4732e+19 1.5069e-01 0.0000e+00 2.6530e+04 0.0000e+00
7.8000e+02 1.5923e-11 8.4148e-01 1.6198e+03 3.2883e+03 4.2000e+03 5.3552e+19 5.5337e+19 5.5337e+19 1.4998e-01 0.0000e+00 2.6641e+04 0.0000e+00
7.9000e+02 1.5846e-11 8.4141e-01 1.6190e+03 3.2867e+03 4.2000e+03 5.4190e+19 5.5947e+19 5.5947e+19 1.4927e-01 0.0000e+00 2.6752e+04 0.0000e+00
8.0000e+02 1.5770e-11 8.4133e-01 1.6183e+03 3.2851e+03 4.2000e+03 5.4834e+19 5.6562e+19 5.6562e+19 1.4856e-01 0.0000e+00 2.6862e+04 0.0000e+00
8.1000e+02 1.5694e-11 8.4124e-01 1.6175e+03 3.2835e+03 4.2000e+03 5.5484e+19 5.7182e+19 5.7182e+19 1.4787e-01 0.0000e+00 2.6973e+04 0.0000e+00
8.2000e+02 1.5619e-11 8.4116e-01 1.6167e+03 3.2819e+03 4.2000e+03 5.6139e+19 5.7806e+19 5.7806e+19 1.4717e-01 0.0000e+00 2.7084e+04 0.0000e+00
8.3000e+02 1.5544e-11 8.4107e-01 1.6159e+03 3.2804e+03 4.2000e+03 5.6801e+19 5.8435e+19 5.8435e+19 1.4648e-01 0.0000e+00 2.7196e+04 0.0000e+00
8.4000e+02 1.5470e-11 8.4098e-01 1.6151e+03 3.2788e+03 4.2000e+03 5.7468e+19 5.9069e+19 5.9069e+19 1.4580e-01 0.0000e+00 2.7307e+04 0.0000e+00
8.5000e+02 1.5397e-11 8.4089e-01 1.6144e+03 3.2772e+03 4.2000e+03 5.8142e+19 5.9708e+19 5.9708e+19 1.4512e-01 0.0000e+00 2.7419e+04 0.0000e+00
8.6000e+02 1.5324e-11 8.4080e-01 1.6136e+03 3.2757e+03 4.2000e+03 5.8821e+19 6.0352e+19 6.0352e+19 1.4445e-01 0.0000e+00 2.7530e+04 0.0000e+00
8.7000e+02 1.5251e-11 8.4070e-01 1.6128e+03 3.2741e+03 4.2000e+03 5.9507e+19 6.1000e+19 6.1000e+19 1.4379e-01 0.0000e+00 2.7642e+04 0.0000e+00
8.8000e+02 1.5179e-11 8.4060e-01 1.6121e+03 3.2726e+03 4.2000e+03 6.0198e+19 6.1654e+19 6.1654e+19 1.4312e-01 0.0000e+00 2.7754e+04 0.0000e+00
8.9000e+02 1.5108e-11 8.4050e-01 1.6113e+03 3.2710e+03 4.2000e+03 6.0896e+19 6.2312e+19 6.2312e+19 1.4247e-01 0.0000e+00 2.7866e+04 0.0000e+00
9.0000e+02 1.5037e-11 8.4040e-01 1.6106e+03 3.2695e+03 4.2000e+03 6.1600e+19 6.2976e+19 6.2976e+19 1.4181e-01 0.0000e+00 2.7979e+04 0.0000e+00
9.1000e+02 1.4966e-11 8.4030e-01 1.6098e+03 3.2680e+03 4.2000e+03 6.2311e+19 6.3644e+19 6.3644e+19 1.4117e-01 0.0000e+00 2.8091e+04 0.0000e+00
9.2000e+02 1.4896e-11 8.4020e-01 1.6091e+03 3.2665e+03 4.2000e+03 6.3027e+19 6.4318e+19 6.4318e+19 1.4052e-01 0.0000e+00 2.8204e+04 0.0000e+00
9.3000e+02 1.4827e-11 8.4009e-01 1.6083e+03 3.2650e+03 4.2000e+03 6.3750e+19 6.4997e+19 6.4997e+19 1.3988e-01 0.0000e+00 2.8316e+04 0.0000e+00
9.4000e+02 1.4757e-11 8.3998e-01 1.6076e+03 3.2635e+03 4.2000e+03 6.4480e+19 6.5680e+19 6.5680e+19 1.3925e-01 0.0000e+00 2.8429e+04 0.0000e+00
9.5000e+02 1.4689e-11 8.3988e-01 1.6069e+03 3.2620e+03 4.2000e+03 6.5216e+19 6.6369e+19 6.6369e+19 1.3862e-01 0.0000e+00 2.8542e+04 0.0000e+00
9.6000e+02 1.4621e-11 8.3977e-01 1.6061e+03 3.2605e+03 4.2000e+03 6.5959e+19 6.7063e+19 6.7063e+19 1.3800e-01 0.0000e+00 2.8656e+04 0.0000e+00
9.7000e+02 1.4553e-11 8.3966e-01 1.6054e+03 3.2590e+03 4.2000e+03 6.6708e+19 6.7763e+19 6.7763e+19 1.3738e-01 0.0000e+00 2.8769e+04 0.0000e+00
9.8000e+02 1.4486e-11 8.3954e-01 1.6047e+03 3.2575e+03 4.2000e+03 6.7463e+19 6.8467e+19 6.8467e+19 1.3676e-01 0.0000e+00 2.8883e+04 0.0000e+00
9.9000e+02 1.4419e-11 8.3943e-01 1.6039e+03 3.2560e+03 4.2000e+03 6.8226e+19 6.9177e+19 6.9177e+19 1.3615e-01 0.0000e+00 2.8996e+04 0.0000e+00
1.0000e+03 1.4353e-11 8.3932e-01 1.6032e+03 3.2545e+03 4.2000e+03 6.8995e+19 6.9892e+19 6.9892e+19 1.3554e-01 0.0000e+00 2.9110e+04 0.0000e+00
1.0100e+03 1.4287e-11 8.3920e-01 1.6025e+03 3.2531e+03 4.2000e+03 6.9771e+19 7.0613e+19 7.0613e+19 1.3494e-01 0.0000e+00 2.9224e+04 0.0000e+00
1.0200e+03 1.4222e-11 8.3909e-01 1.6018e+03 3.2516e+03 4.2000e+03 7.0554e+19 7.1338e+19 7.1338e+19 1.3434e-01 0.0000e+00 2.9339e+04 0.0000e+00
1.0300e+03 1.4157e-11 8.3897e-01 1.6010e+03 3.2502e+03 4.2000e+03 7.1343e+19 7.2069e+19 7.2069e+19 1.3374e-01 0.0000e+00 2.9453e+04 0.0000e+00
1.0400e+03 1.4092e-11 8.3886e-01 1.6003e+03 3.2487e+03 4.2000e+03 7.2140e+19 7.2806e+19 7.2806e+19 1.3315e-01 0.0000e+00 2.9568e+04 0.0000e+00
1.0500e+03 1.4028e-11 8.3874e-01 1.5996e+03 3.2473e+03 4.2000e+03 7.2943e+19 7.3548e+19 7.3548e+19 1.3257e-01 0.0000e+00 2.9682e+04 0.0000e+00
1.0600e+03 1.3965e-11 8.3863e-01 1.5989e+03 3.2458e+03 4.2000e+03 7.3754e+19 7.4295e+19 7.4295e+19 1.3198e-01 0.0000e+00 2.9797e+04 0.0000e+00
1.0700e+03 1.3902e-11 8.3851e-01 1.5982e+03 3.2444e+03 4.2000e+03 7.4571e+19 7.5048e+19 7.5048e+19 1.3140e-01 0.0000e+00 2.9912e+04 0.0000e+00
1.0800e+03 1.3839e-11 8.3839e-01 1.5975e+03 3.2430e+03 4.2000e+03 7.5396e+19 7.5807e+19 7.5807e+19 1.3083e-01 0.0000e+00 3.0028e+04 0.0000e+00
1.0900e+03 1.3777e-11 8.3827e-01 1.5968e+03 3.2415e+03 4.2000e+03 7.6228e+19 7.6570e+19 7.6570e+19 1.3026e-01 0.0000e+00 3.0143e+04 0.0000e+00
1.1000e+03 1.3715e-11 8.3816e-01 1.5961e+03 3.2401e+03 4.2000e+03 7.7067e+19 7.7340e+19 7.7340e+19 1.2969e-01 0.0000e+00 3.0258e+04 0.0000e+00
1.1100e+03 1.3653e-11 8.3804e-01 1.5954e+03 3.2387e+03 4.2000e+03 7.7913e+19 7.8115e+19 7.8115e+19 1.2913e-01 0.0000e+00 3.0374e+04 0.0000e+00
1.1200e+03 1.3592e-11 8.3792e-01 1.5947e+03 3.2373e+03 4.2000e+03 7.8767e+19 7.8896e+19 7.8896e+19 1.2857e-01 0.0000e+00 3.0490e+04 0.0000e+00
1.1300e+03 1.3532e-11 8.3780e-01 1.5940e+03 3.2359e+03 4.2000e+03 7.9628e+19 7.9682e+19 7.9682e+19 1.2802e-01 0.0000e+00 3.0606e+04 0.0000e+00
1.1400e+03 1.3471e-11 8.3768e-01 1.5933e+03 3.2345e+03 4.2000e+03 8.0496e+19 8.0474e+19 8.0474e+19 1.2746e-01 0.0000e+00 3.0723e+04 0.0000e+00
1.1500e+03 1.3412e-11 8.3756e-01 1.5926e+03 3.2331e+03 4.2000e+03 8.1372e+19 8.1271e+19 8.1271e+19 1.2692e-01 0.0000e+00 3.0839e+04 0.0000e+00
1.1600e+03 1.3352e-11 8.3745e-01 1.5920e+03 3.2317e+03 4.2000e+03 8.2255e+19 8.2075e+19 8.2075e+19 1.2637e-01 0.0000e+00 3.0956e+04 0.0000e+00
1.1700e+03 1.3293e-11 8.3733e-01 1.5913e+03 3.2303e+03 4.2000e+03 8.3146e+19 8.2884e+19 8.2884e+19 1.2583e-01 0.0000e+00 3.1072e+04 0.0000e+00
1.1800e+03 1.3235e-11 8.3721e-01 1.5906e+03 3.2290e+03 4.2000e+03 8.4045e+19 8.3699e+19 8.3699e+19 1.2529e-01 0.0000e+00 3.1189e+04 0.0000e+00
1.1900e+03 1.3176e-11 8.3709e-01 1.5899e+03 3.2276e+03 4.2000e+03 8.4951e+19 8.4519e+19 8.4519e+19 1.2476e-01 0.0000e+00 3.1306e+04 0.0000e+00
1.2000e+03 1.3119e-11 8.3698e-01 1.5893e+03 3.2262e+03 4.2000e+03 8.5865e+19 8.5346e+19 8.5346e+19 1.2423e-01 0.0000e+00 3.1424e+04 0.0000e+00
1.2100e+03 1.3061e-11 8.3686e-01 1.5886e+03 3.2249e+03 4.2000e+03 8.6787e+19 8.6178e+19 8.6178e+19 1.2370e-01 0.0000e+00 3.1541e+04 0.0000e+00
1.2200e+03 1.3004e-11 8.3674e-01 1.5879e+03 3.2235e+03 4.2000e+03 8.7716e+19 8.7016e+19 8.7016e+19 1.2318e-01 0.0000e+00 3.1659e+04 0.0000e+00
1.2300e+03 1.2947e-11 8.3662e-01 1.5872e+03 3.2222e+03 4.2000e+03 8.8654e+19 8.7860e+19 8.7860e+19 1.2266e-01 0.0000e+00 3.1777e+04 0.0000e+00
1.2400e+03 1.2891e-11 8.3651e-01 1.5866e+03 3.2208e+03 4.2000e+03 8.9599e+19 8.8710e+19 8.8710e+19 1.2214e-01 0.0000e+00 3.1895e+04 0.0000e+00
1.2500e+03 1.2835e-11 8.3639e-01 1.5859e+03 3.2195e+03 4.2000e+03 9.0552e+19 8.9566e+19 8.9566e+19 1.2163e-01 0.0000e+00 3.2013e+04 0.0000e+00
1.2600e+03 1.2780e-11 8.3628e-01 1.5853e+03 3.2181e+03 4.2000e+03 9.1513e+19 9.0427e+19 9.0427e+19 1.2112e-01 0.0000e+00 3.2131e+04 0.0000e+00
1.2700e+03 1.2725e-11 8.3616e-01 1.5846e+03 3.2168e+03 4.2000e+03 9.2483e+19 9.1295e+19 9.1295e+19 1.2062e-01 0.0000e+00 3.2250e+04 0.0000e+00
1.2800e+03 1.2670e-11 8.3605e-01 1.5839e+03 3.2155e+03 4.2000e+03 9.3460e+19 9.2169e+19 9.2169e+19 1.2011e-01 0.0000e+00 3.2368e+04 0.0000e+00
1.2900e+03 1.2615e-11 8.3593e-01 1.5833e+03 3.2141e+03 4.2000e+03 9.4446e+19 9.3048e+19 9.3048e+19 1.1961e-01 0.0000e+00 3.2487e+04 0.0000e+00
1.3000e+03 1.2561e-11 8.3582e-01 1.5826e+03 3.2128e+03 4.2000e+03 9.5439e+19 9.3934e+19 9.3934e+19 1.1912e-01 0.0000e+00 3.2606e+04 0.0000e+00
1.3100e+03 1.2508e-11 8.3570e-01 1.5820e+03 3.2115e+03 4.2000e+03 9.6441e+19 9.4826e+19 9.4826e+19 1.1862e-01 0.0000e+00 3.2725e+04 0.0000e+00
1.3200e+03 1.2454e-11 8.3559e-01 1.5813e+03 3.2102e+03 4.2000e+03 9.7452e+19 9.5724e+19 9.5724e+19 1.1813e-01 0.0000e+00 3.2845e+04 0.0000e+00
1.3300e+03 1.2401e-11 8.3548e-01 1.5807e+03 3.2089e+03 4.2000e+03 9.8470e+19 9.6628e+19 9.6628e+19 1.1765e-01 0.0000e+00 3.2964e+04 0.0000e+00
1.3400e+03 1.2349e-11 8.3537e-01 1.5801e+03 3.2076e+03 4.2000e+03 9.9497e+19 9.7538e+19 9.7538e+19 1.1716e-01 0.0000e+00 3.3084e+04 0.0000e+00
1.3500e+03 1.2296e-11 8.3526e-01 1.5794e+03 3.2063e+03 4.2000e+03 1.0053e+20 9.8454e+19 9.8454e+19 1.1668e-01 0.0000e+00 3.3204e+04 0.0000e+00
1.3600e+03 1.2244e-11 8.3515e-01 1.5788e+03 3.2050e+03 4.2000e+03 1.0158e+20 9.9376e+19 9.9376e+19 1.1620e-01 0.0000e+00 3.3324e+04 0.0000e+00
1.3700e+03 1.2193e-11 8.3504e-01 1.5782e+03 3.2037e+03 4.2000e+03 1.0263e+20 1.0031e+20 1.0031e+20 1.1573e-01 0.0000e+00 3.3444e+04 0.0000e+00
1.3800e+03 1.2141e-11 8.3493e-01 1.5775e+03 3.2024e+03 4.2000e+03 1.0369e+20 1.0124e+20 1.0124e+20 1.1526e-01 0.0000e+00 3.3564e+04 0.0000e+00
1.3900e+03 1.2090e-11 8.3482e-01 1.5769e+03 3.2011e+03 4.2000e+03 1.0476e+20 1.0218e+20 1.0218e+20 1.1479e-01 0.0000e+00 3.3685e+04 0.0000e+00
1.4000e+03 1.2040e-11 8.3471e-01 1.5763e+03 3.1998e+03 4.2000e+03 1.0584e+20 1.0313e+20 1.0313e+20 1.1432e-01 0.0000e+00 3.3805e+04 0.0000e+00
1.4100e+03 1.1990e-11 8.3460e-01 1.5756e+03 3.1986e+03 4.2000e+03 1.0693e+20 1.0408e+20 1.0408e+20 1.1386e-01 0.0000e+00 3.3926e+04 0.0000e+00
1.4200e+03 1.1940e-11 8.3450e-01 1.5750e+03 3.1973e+03 4.2000e+03 1.0802e+20 1.0504e+20 1.0504e+20 1.1340e-01 0.0000e+00 3.4047e+04 0.0000e+00
1.4300e+03 1.1890e-11 8.3439e-01 1.5744e+03 3.1960e+03 4.2000e+03 1.0913e+20 1.0601e+20 1.0601e+20 1.1294e-01 0.0000e+00 3.4169e+04 0.0000e+00
1.4400e+03 1.1841e-11 8.3429e-01 1.5738e+03 3.1948e+03 4.2000e+03 1.1024e+20 1.0698e+20 1.0698e+20 1.1249e-01 0.0000e+00 3.4290e+04 0.0000e+00
1.4500e+03 1.1792e-11 8.3418e-01 1.5731e+03 3.1935e+03 4.2000e+03 1.1136e+20 1.0796e+20 1.0796e+20 1.1204e-01 0.0000e+00 3.4411e+04 0.0000e+00
1.4600e+03 1.1743e-11 8.3408e-01 1.5725e+03 3.1923e+03 4.2000e+03 1.1250e+20 1.0894e+20 1.0894e+20 1.1159e-01 0.0000e+00 3.4533e+04 0.0000e+00
1.4700e+03 1.1695e-11 8.3398e-01 1.5719e+03 3.1910e+03 4.2000e+03 1.1364e+20 1.0994e+20 1.0994e+20 1.1115e-01 0.0000e+00 3.4655e+04 0.0000e+00
1.4800e+03 1.1647e-11 8.3387e-01 1.5713e+03 3.1898e+03 4.2000e+03 1.1479e+20 1.1093e+20 1.1093e+20 1.1070e-01 0.0000e+00 3.4777e+04 0.0000e+00
1.4900e+03 1.1599e-11 8.3377e-01 1.5707e+03 3.1886e+03 4.2000e+03 1.1595e+20 1.1194e+20 1.1194e+20 1.1026e-01 0.0000e+00 3.4899e+04 0.0000e+00
1.5000e+03 1.1552e-11 8.3367e-01 1.5701e+03 3.1873e+03 4.2000e+03 1.1712e+20 1.1295e+20 1.1295e+20 1.0983e-01 0.0000e+00 3.5022e+04 0.0000e+00
1.5100e+03 1.1505e-11 8.3358e-01 1.5695e+03 3.1861e+03 4.2000e+03 1.1829e+20 1.1397e+20 1.1397e+20 1.0939e-01 0.0000e+00 3.5144e+04 0.0000e+00
1.5200e+03 1.1458e-11 8.3348e-01 1.5689e+03 3.1849e+03 4.2000e+03 1.1948e+20 1.1499e+20 1.1499e+20 1.0896e-01 0.0000e+00 3.5267e+04 0.0000e+00
1.5300e+03 1.1411e-11 8.3338e-01 1.5683e+03 3.1836e+03 4.2000e+03 1.2068e+20 1.1602e+20 1.1602e+20 1.0853e-01 0.0000e+00 3.5390e+04 0.0000e+00
1.5400e+03 1.1365e-11 8.3328e-01 1.5677e+03 3.1824e+03 4.2000e+03 1.2188e+20 1.1706e+20 1.1706e+20 1.0810e-01 0.0000e+00 3.5513e+04 0.0000e+00
1.5500e+03 1.1319e-11 8.3319e-01 1.5671e+03 3.1812e+03 4.2000e+03 1.2310e+20 1.1810e+20 1.1810e+20 1.0768e-01 0.0000e+00 3.5636e+04 0.0000e+00
1.5600e+03 1.1274e-11 8.3309e-01 1.5665e+03 3.1800e+03 4.2000e+03 1.2432e+20 1.1915e+20 1.1915e+20 1.0726e-01 0.0000e+00 3.5759e+04 0.0000e+00
1.5700e+03 1.1228e-11 8.3300e-01 1.5659e+03 3.1788e+03 4.2000e+03 1.2556e+20 1.2021e+20 1.2021e+20 1.0684e-01 0.0000e+00 3.5883e+04 0.0000e+00
1.5800e+03 1.1183e-11 8.3291e-01 1.5653e+03 3.1776e+03 4.2000e+03 1.2680e+20 1.2127e+20 1.2127e+20 1.0642e-01 0.0000e+00 3.6007e+04 0.0000e+00
1.5900e+03 1.1139e-11 8.3281e-01 1.5647e+03 3.1764e+03 4.2000e+03 1.2805e+20 1.2234e+20 1.2234e+20 1.0601e-01 0.0000e+00 3.6130e+04 0.0000e+00
1.6000e+03 1.1094e-11 8.3272e-01 1.5641e+03 3.1752e+03 4.2000e+03 1.2932e+20 1.2342e+20 1.2342e+20 1.0560e-01 0.0000e+00 3.6254e+04 0.0000e+00
1.6100e+03 1.1050e-11 8.3263e-01 1.5635e+03 3.1740e+03 4.2000e+03 1.3059e+20 1.2450e+20 1.2450e+20 1.0519e-01 0.0000e+00 3.6379e+04 0.0000e+00
1.6200e+03 1.1006e-11 8.3254e-01 1.5630e+03 3.1728e+03 4.2000e+03 1.3187e+20 1.2559e+20 1.2559e+20 1.0478e-01 0.0000e+00 3.6503e+04 0.0000e+00
1.6300e+03 1.0963e-11 8.3246e-01 1.5624e+03 3.1717e+03 4.2000e+03 1.3317e+20 1.2669e+20 1.2669e+20 1.0438e-01 0.0000e+00 3.6627e+04 0.0000e+00
1.6400e+03 1.0919e-11 8.3237e-01 1.5618e+03 3.1705e+03 4.2000e+03 1.3447e+20 1.2779e+20 1.2779e+20 1.0398e-01 0.0000e+00 3.6752e+04 0.0000e+00
1.6500e+03 1.0876e-11 8.3228e-01 1.5612e+03 3.1693e+03 4.2000e+03 1.3578e+20 1.2890e+20 1.2890e+20 1.0358e-01 0.0000e+00 3.6877e+04 0.0000e+00
1.6600e+03 1.0834e-11 8.3220e-01 1.5606e+03 3.1681e+03 4.2000e+03 1.3710e+20 1.3002e+20 1.3002e+20 1.0318e-01 0.0000e+00 3.7002e+04 0.0000e+00
1.6700e+03 1.0791e-11 8.3211e-01 1.5601e+03 3.1670e+03 4.2000e+03 1.3844e+20 1.3114e+20 1.3114e+20 1.0279e-01 0.0000e+00 3.7127e+04 0.0000e+00
1.6800e+03 1.0749e-11 8.3203e-01 1.5595e+03 3.1658e+03 4.2000e+03 1.3978e+20 1.3227e+20 1.3227e+20 1.0240e-01 0.0000e+00 3.7252e+04 0.0000e+00
1.6900e+03 1.0707e-11 8.3195e-01 1.5589e+03 3.1647e+03 4.2000e+03 1.4113e+20 1.3341e+20 1.3341e+20 1.0201e-01 0.0000e+00 3.7377e+04 0.0000e+00
1.7000e+03 1.0665e-11 8.3187e-01 1.5584e+03 3.1635e+03 4.2000e+03 1.4250e+20 1.3455e+20 1.3455e+20 1.0162e-01 0.0000e+00 3.7503e+04 0.0000e+00
1.7100e+03 1.0624e-11 8.3179e-01 1.5578e+03 3.1623e+03 4.2000e+03 1.4387e+20 1.3570e+20 1.3570e+20 1.0124e-01 0.0000e+00 3.7629e+04 0.0000e+00
1.7200e+03 1.0583e-11 8.3171e-01 1.5572e+03 3.1612e+03 4.2000e+03 1.4526e+20 1.3686e+20 1.3686e+20 1.0085e-01 0.0000e+00 3.7755e+04 0.0000e+00
1.7300e+03 1.0542e-11 8.3163e-01 1.5567e+03 3.1601e+03 4.2000e+03 1.4665e+20 1.3802e+20 1.3802e+20 1.0047e-01 0.0000e+00 3.7881e+04 0.0000e+00
1.7400e+03 1.0501e-11 8.3155e-01 1.5561e+03 3.1589e+03 4.2000e+03 1.4805e+20 1.3919e+20 1.3919e+20 1.0009e-01 0.0000e+00 3.8007e+04 0.0000e+00
1.7500e+03 1.0461e-11 8.3148e-01 1.5555e+03 3.1578e+03 4.2000e+03 1.4947e+20 1.4037e+20 1.4037e+20 9.9719e-02 0.0000e+00 3.8133e+04 0.0000e+00
1.7600e+03 1.0421e-11 8.3140e-01 1.5550e+03 3.1567e+03 4.2000e+03 1.5090e+20 1.4156e+20 1.4156e+20 9.9346e-02 0.0000e+00 3.8260e+04 0.0000e+00
1.7700e+03 1.0381e-11 8.3133e-01 1.5544e+03 3.1555e+03 4.2000e+03 1.5233e+20 1.4275e+20 1.4275e+20 9.8975e-02 0.0000e+00 3.8386e+04 0.0000e+00
1.7800e+03 1.0342e-11 8.3126e-01 1.5539e+03 3.1544e+03 4.2000e+03 1.5378e+20 1.4395e+20 1.4395e+20 9.8606e-02 0.0000e+00 3.8513e+04 0.0000e+00
1.7900e+03 1.0302e-11 8.3118e-01 1.5533e+03 3.1533e+03 4.2000e+03 1.5524e+20 1.4515e+20 1.4515e+20 9.8239e-02 0.0000e+00 3.8640e+04 0.0000e+00
1.8000e+03 1.0263e-11 8.3111e-01 1.5528e+03 3.1522e+03 4.2000e+03 1.5671e+20 1.4636e+20 1.4636e+20 9.7874e-02 0.0000e+00 3.8767e+04 0.0000e+00
1.8100e+03 1.0224e-11 8.3104e-01 1.5522e+03 3.1511e+03 4.2000e+03 1.5819e+20 1.4758e+20 1.4758e+20 9.7512e-02 0.0000e+00 3.8894e+04 0.0000e+00
1.8200e+03 1.0186e-11 8.3097e-01 1.5517e+03 3.1499e+03 4.2000e+03 1.5968e+20 1.4881e+20 1.4881e+20 9.7152e-02 0.0000e+00 3.9022e+04 0.0000e+00
1.8300e+03 1.0147e-11 8.3091e-01 1.5511e+03 3.1488e+03 4.2000e+03 1.6118e+20 1.5004e+20 1.5004e+20 9.6793e-02 0.0000e+00 3.9149e+04 0.0000e+00
1.8400e+03 1.0109e-11 8.3084e-01 1.5506e+03 3.1477e+03 4.2000e+03 1.6269e+20 1.5128e+20 1.5128e+20 9.6437e-02 0.0000e+00 3.9277e+04 0.0000e+00
1.8500e+03 1.0071e-11 8.3077e-01 1.5500e+03 3.1466e+03 4.2000e+03 1.6421e+20 1.5253e+20 1.5253e+20 9.6083e-02 0.0000e+00 3.9405e+04 0.0000e+00
1.8600e+03 1.0033e-11 8.3071e-01 1.5495e+03 3.1455e+03 4.2000e+03 1.6575e+20 1.5378e+20 1.5378e+20 9.5731e-02 0.0000e+00 3.9533e+04 0.0000e+00
1.8700e+03 9.9960e-12 8.3065e-01 1.5490e+03 3.1445e+03 4.2000e+03 1.6729e+20 1.5504e+20 1.5504e+20 9.5382e-02 0.0000e+00 3.9661e+04 0.0000e+00
1.8800e+03 9.9588e-12 8.3058e-01 1.5484e+03 3.1434e+03 4.2000e+03 1.6885e+20 1.5631e+20 1.5631e+20 9.5034e-02 0.0000e+00 3.9789e+04 0.0000e+00
1.8900e+03 9.9219e-12 8.3052e-01 1.5479e+03 3.1423e+03 4.2000e+03 1.7042e+20 1.5759e+20 1.5759e+20 9.4688e-02 0.0000e+00 3.9917e+04 0.0000e+00
1.9000e+03 9.8851e-12 8.3046e-01 1.5474e+03 3.1412e+03 4.2000e+03 1.7199e+20 1.5887e+20 1.5887e+20 9.4344e-02 0.0000e+00 4.0046e+04 0.0000e+00
1.9100e+03 9.8486e-12 8.3040e-01 1.5468e+03 3.1401e+03 4.2000e+03 1.7358e+20 1.6016e+20 1.6016e+20 9.4002e-02 0.0000e+00 4.0175e+04 0.0000e+00
1.9200e+03 9.8123e-12 8.3034e-01 1.5463e+03 3.1391e+03 4.2000e+03 1.7519e+20 1.6146e+20 1.6146e+20 9.3663e-02 0.0000e+00 4.0303e+04 0.0000e+00
1.9300e+03 9.7763e-12 8.3029e-01 1.5458e+03 3.1380e+03 4.2000e+03 1.7680e+20 1.6276e+20 1.6276e+20 9.3325e-02 0.0000e+00 4.0432e+04 0.0000e+00
1.9400e+03 9.7404e-12 8.3023e-01 1.5453e+03 3.1369e+03 4.2000e+03 1.7842e+20 1.6407e+20 1.6407e+20 9.2989e-02 0.0000e+00 4.0562e+04 0.0000e+00
1.9500e+03 9.7048e-12 8.3018e-01 1.5447e+03 3.1359e+03 4.2000e+03 1.8006e+20 1.6539e+20 1.6539e+20 9.2655e-02 0.0000e+00 4.0691e+04 0.0000e+00
1.9600e+03 9.6694e-12 8.3012e-01 1.5442e+03 3.1348e+03 4.2000e+03 1.8171e+20 1.6671e+20 1.6671e+20 9.2323e-02 0.0000e+00 4.0820e+04 0.0000e+00
1.9700e+03 9.6342e-12 8.3007e-01 1.5437e+03 3.1337e+03 4.2000e+03 1.8337e+20 1.6805e+20 1.6805e+20 9.1993e-02 0.0000e+00 4.0950e+04 0.0000e+00
1.9800e+03 9.5992e-12 8.3002e-01 1.5432e+03 3.1327e+03 4.2000e+03 1.8504e+20 1.6939e+20 1.6939e+20 9.1665e-02 0.0000e+00 4.1079e+04 0.0000e+00
1.9900e+03 9.5645e-12 8.2997e-01 1.5427e+03 3.1316e+03 4.2000e+03 1.8672e+20 1.7073e+20 1.7073e+20 9.1338e-02 0.0000e+00 4.1209e+04 0.0000e+00
2.0000e+03 9.5299e-12 8.2992e-01 1.5421e+03 3.1306e+03 4.2000e+03 1.8841e+20 1.7209e+20 1.7209e+20 9.1014e-02 0.0000e+00 4.1339e+04 0.0000e+00
2.0100e+03 9.4956e-12 8.2987e-01 1.5416e+03 3.1296e+03 4.2000e+03 1.9012e+20 1.7345e+20 1.7345e+20 9.0691e-02 0.0000e+00 4.1469e+04 0.0000e+00
2.0200e+03 9.4615e-12 8.2982e-01 1.5411e+03 3.1285e+03 4.2000e+03 1.9184e+20 1.7481e+20 1.7481e+20 9.0371e-02 0.0000e+00 4.1599e+04 0.0000e+00
2.0300e+03 9.4276e-12 8.2978e-01 1.5406e+03 3.1275e+03 4.2000e+03 1.9357e+20 1.7619e+20 1.7619e+20 9.0052e-02 0.0000e+00 4.1730e+04 0.0000e+00
2.0400e+03 9.3939e-12 8.2973e-01 1.5401e+03 3.1264e+03 4.2000e+03 1.9531e+20 1.7757e+20 1.7757e+20 8.9735e-02 0.0000e+00 4.1860e+04 0.0000e+00
2.0500e+03 9.3604e-12 8.2969e-01 1.5396e+03 3.1254e+03 4.2000e+03 1.9706e+20 1.7896e+20 1.7896e+20 8.9419e-02 0.0000e+00 4.1991e+04 0.0000e+00
2.0600e+03 9.3271e-12 8.2964e-01 1.5391e+03 3.1244e+03 4.2000e+03 1.9883e+20 1.8036e+20 1.8036e+20 8.9106e-02 0.0000e+00 4.2121e+04 0.0000e+00
2.0700e+03 9.2940e-12 8.2960e-01 1.5386e+03 3.1234e+03 4.2000e+03 2.0061e+20 1.8176e+20 1.8176e+20 8.8794e-02 0.0000e+00 4.2252e+04 0.0000e+00
2.0800e+03 9.2611e-12 8.2956e-01 1.5381e+03 3.1224e+03 4.2000e+03 2.0240e+20 1.8317e+20 1.8317e+20 8.8484e-02 0.0000e+00 4.2383e+04 0.0000e+00
2.0900e+03 9.2284e-12 8.2952e-01 1.5376e+03 3.1213e+03 4.2000e+03 2.0420e+20 1.8459e+20 1.8459e+20 8.8176e-02 0.0000e+00 4.2514e+04 0.0000e+00
2.1000e+03 9.1959e-12 8.2948e-01 1.5371e+03 3.1203e+03 4.2000e+03 2.0601e+20 1.8602e+20 1.8602e+20 8.7870e-02 0.0000e+00 4.2646e+04 0.0000e+00
2.1100e+03 9.1636e-12 8.2944e-01 1.5366e+03 3.1193e+03 4.2000e+03 2.0784e+20 1.8745e+20 1.8745e+20 8.7565e-02 0.0000e+00 4.2777e+04 0.0000e+00
2.1200e+03 9.1315e-12 8.2941e-01 1.5361e+03 3.1183e+03 4.2000e+03 2.0968e+20 1.8889e+20 1.8889e+20 8.7262e-02 0.0000e+00 4.2908e+04 0.0000e+00
2.1300e+03 9.0995e-12 8.2937e-01 1.5356e+03 3.1173e+03 4.2000e+03 2.1153e+20 1.9034e+20 1.9034e+20 8.6961e-02 0.0000e+00 4.3040e+04 0.0000e+00
2.1400e+03 9.0678e-12 8.2934e-01 1.5351e+03 3.1163e+03 4.2000e+03 2.1340e+20 1.9179e+20 1.9179e+20 8.6661e-02 0.0000e+00 4.3172e+04 0.0000e+00
2.1500e+03 9.0363e-12 8.2930e-01 1.5346e+03 3.1153e+03 4.2000e+03 2.1527e+20 1.9326e+20 1.9326e+20 8.6363e-02 0.0000e+00 4.3304e+04 0.0000e+00
2.1600e+03 9.0049e-12 8.2927e-01 1.5341e+03 3.1143e+03 4.2000e+03 2.1716e+20 1.9473e+20 1.9473e+20 8.6067e-02 0.0000e+00 4.3436e+04 0.0000e+00
2.1700e+03 8.9738e-12 8.2924e-01 1.5336e+03 3.1133e+03 4.2000e+03 2.1907e+20 1.9620e+20 1.9620e+20 8.5773e-02 0.0000e+00 4.3568e+04 0.0000e+00
2.1800e+03 8.9428e-12 8.2921e-01 1.5332e+03 3.1123e+03 4.2000e+03 2.2098e+20 1.9769e+20 1.9769e+20 8.5480e-02 0.0000e+00 4.3700e+04 0.0000e+00
2.1900e+03 8.9120e-12 8.2918e-01 1.5327e+03 3.1114e+03 4.2000e+03 2.2291e+20 1.9918e+20 1.9918e+20 8.5188e-02 0.0000e+00 4.3832e+04 0.0000e+00
2.2000e+03 8.8814e-12 8.2915e-01 1.5322e+03 3.1104e+03 4.2000e+03 2.2485e+20 2.0068e+20 2.0068e+20 8.4899e-02 0.0000e+00 4.3965e+04 0.0000e+00
2.2100e+03 8.8510e-12 8.2912e-01 1.5317e+03 3.1094e+03 4.2000e+03 2.2680e+20 2.0218e+20 2.0218e+20 8.4611e-02 0.0000e+00 4.4098e+04 0.0000e+00
2.2200e+03 8.8207e-12 8.2910e-01 1.5312e+03 3.1084e+03 4.2000e+03 2.2877e+20 2.0370e+20 2.0370e+20 8.4324e-02 0.0000e+00 4.4230e+04 0.0000e+00
2.2300e+03 8.7907e-12 8.2907e-01 1.5308e+03 3.1075e+03 4.2000e+03 2.3075e+20 2.0522e+20 2.0522e+20 8.4039e-02 0.0000e+00 4.4363e+04 0.0000e+00
2.2400e+03 8.7608e-12 8.2905e-01 1.5303e+03 3.1065e+03 4.2000e+03 2.3274e+20 2.0674e+20 2.0674e+20 8.3756e-02 0.0000e+00 4.4496e+04 0.0000e+00
2.2500e+03 8.7311e-12 8.2903e-01 1.5298e+03 3.1055e+03 4.2000e+03 2.3474e+20 2.0828e+20 2.0828e+20 8.3474e-02 0.0000e+00 4.4629e+04 0.0000e+00
2.2600e+03 8.7016e-12 8.2900e-01 1.5293e+03 3.1046e+03 4.2000e+03 2.3676e+20 2.0982e+20 2.0982e+20 8.3194e-02 0.0000e+00 4.4762e+04 0.0000e+00
2.2700e+03 8.6722e-12 8.2898e-01 1.5289e+03 3.1036e+03 4.2000e+03 2.3879e+20 2.1137e+20 2.1137e+20 8.2916e-02 0.0000e+00 4.4896e+04 0.0000e+00
2.2800e+03 8.6430e-12 8.2896e-01 1.5284e+03 3.1027e+03 4.2000e+03 2.4084e+20 2.1293e+20 2.1293e+20 8.2639e-02 0.0000e+00 4.5029e+04 0.0000e+00
2.2900e+03 8.6140e-12 8.2894e-01 1.5279e+03 3.1017e+03 4.2000e+03 2.4290e+20 2.1449e+20 2.1449e+20 8.2363e-02 0.0000e+00 4.5163e+04 0.0000e+00
2.3000e+03 8.5852e-12 8.2893e-01 1.5274e+03 3.1008e+03 4.2000e+03 2.4497e+20 2.1607e+20 2.1607e+20 8.2089e-02 0.0000e+00 4.5296e+04 0.0000e+00
2.3100e+03 8.5565e-12 8.2891e-01 1.5270e+03 3.0998e+03 4.2000e+03 2.4705e+20 2.1765e+20 2.1765e+20 8.1817e-02 0.0000e+00 4.5430e+04 0.0000e+00
2.3200e+03 8.5280e-12 8.2889e-01 1.5265e+03 3.0989e+03 4.2000e+03 2.4915e+20 2.1923e+20 2.1923e+20 8.1546e-02 0.0000e+00 4.5564e+04 0.0000e+00
2.3300e+03 8.4997e-12 8.2888e-01 1.5261e+03 3.0979e+03 4.2000e+03 2.5126e+20 2.2083e+20 2.2083e+20 8.1276e-02 0.0000e+00 4.5698e+04 0.0000e+00
2.3400e+03 8.4715e-12 8.2887e-01 1.5256e+03 3.0970e+03 4.2000e+03 2.5338e+20 2.2243e+20 2.2243e+20 8.1008e-02 0.0000e+00 4.5832e+04 0.0000e+00
2.3500e+03 8.4435e-12 8.2885e-01 1.5251e+03 3.0961e+03 4.2000e+03 2.5552e+20 2.2404e+20 2.2404e+20 8.0741e-02 0.0000e+00 4.5967e+04 0.0000e+00
2.3600e+03 8.4156e-12 8.2884e-01 1.5247e+03 3.0951e+03 4.2000e+03 2.5767e+20 2.2565e+20 2.2565e+20 8.0476e-02 0.0000e+00 4.6101e+04 0.0000e+00
2.3700e+03 8.3880e-12 8.2883e-01 1.5242e+03 3.0942e+03 4.2000e+03 2.5984e+20 2.2728e+20 2.2728e+20 8.0213e-02 0.0000e+00 4.6235e+04 0.0000e+00
2.3800e+03 8.3604e-12 8.2882e-01 1.5238e+03 3.0933e+03 4.2000e+03 2.6202e+20 2.2891e+20 2.2891e+20 7.9950e-02 0.0000e+00 4.6370e+04 0.0000e+00
2.3900e+03 8.3331e-12 8.2881e-01 1.5233e+03 3.0924e+03 4.2000e+03 2.6421e+20 2.3055e+20 2.3055e+20 7.9690e-02 0.0000e+00 4.6505e+04 0.0000e+00
2.4000e+03 8.3059e-12 8.2881e-01 1.5229e+03 3.0914e+03 4.2000e+03 2.6642e+20 2.3219e+20 2.3219e+20 7.9430e-02 0.0000e+00 4.6639e+04 0.0000e+00
2.4100e+03 8.2788e-12 8.2880e-01 1.5224e+03 3.0905e+03 4.2000e+03 2.6864e+20 2.3385e+20 2.3385e+20 7.9172e-02 0.0000e+00 4.6774e+04 0.0000e+00
2.4200e+03 8.2519e-12 8.2879e-01 1.5220e+03 3.0896e+03 4.2000e+03 2.7087e+20 2.3551e+20 2.3551e+20 7.8916e-02 0.0000e+00 4.6909e+04 0.0000e+00
2.4300e+03 8.2252e-12 8.2879e-01 1.5215e+03 3.0887e+03 4.2000e+03 2.7312e+20 2.3717e+20 2.3717e+20 7.8660e-02 0.0000e+00 4.7044e+04 0.0000e+00
2.4400e+03 8.1986e-12 8.2879e-01 1.5211e+03 3.0878e+03 4.2000e+03 2.7538e+20 2.3885e+20 2.3885e+20 7.8407e-02 0.0000e+00 4.7180e+04 0.0000e+00
2.4500e+03 8.1722e-12 8.2878e-01 1.5206e+03 3.0869e+03 4.2000e+03 2.7766e+20 2.4053e+20 2.4053e+20 7.8154e-02 0.0000e+00 4.7315e+04 0.0000e+00
2.4600e+03 8.1459e-12 8.2878e-01 1.5202e+03 3.0860e+03 4.2000e+03 2.7995e+20 2.4222e+20 2.4222e+20 7.7903e-02 0.0000e+00 4.7450e+04 0.0000e+00
2.4700e+03 8.1198e-12 8.2878e-01 1.5197e+03 3.0851e+03 4.2000e+03 2.8225e+20 2.4392e+20 2.4392e+20 7.7653e-02 0.0000e+00 4.7586e+04 0.0000e+00
2.4800e+03 8.0939e-12 8.2878e-01 1.5193e+03 3.0842e+03 4.2000e+03 2.8457e+20 2.4563e+20 2.4563e+20 7.7405e-02 0.0000e+00 4.7722e+04 0.0000e+00
2.4900e+03 8.0680e-12 8.2878e-01 1.5189e+03 3.0833e+03 4.2000e+03 2.8690e+20 2.4734e+20 2.4734e+20 7.7158e-02 0.0000e+00 4.7857e+04 0.0000e+00
2.5000e+03 8.0424e-12 8.2879e-01 1.5184e+03 3.0824e+03 4.2000e+03 2.8925e+20 2.4906e+20 2.4906e+20 7.6912e-02 0.0000e+00 4.7993e+04 0.0000e+00
2.5100e+03 8.0168e-12 8.2879e-01 1.5180e+03 3.0815e+03 4.2000e+03 2.9161e+20 2.5079e+20 2.5079e+20 7.6668e-02 0.0000e+00 4.8129e+04 0.0000e+00
2.5200e+03 7.9914e-12 8.2879e-01 1.5175e+03 3.0807e+03 4.2000e+03 2.9399e+20 2.5252e+20 2.5252e+20 7.6424e-02 0.0000e+00 4.8265e+04 0.0000e+00
2.5300e+03 7.9662e-12 8.2880e-01 1.5171e+03 3.0798e+03 4.2000e+03 2.9638e+20 2.5426e+20 2.5426e+20 7.6183e-02 0.0000e+00 4.8401e+04 0.0000e+00
2.5400e+03 7.9411e-12 8.2881e-01 1.5167e+03 3.0789e+03 4.2000e+03 2.9878e+20 2.5601e+20 2.5601e+20 7.5942e-02 0.0000e+00 4.8537e+04 0.0000e+00
2.5500e+03 7.9162e-12 8.2881e-01 1.5162e+03 3.0780e+03 4.2000e+03 3.0120e+20 2.5777e+20 2.5777e+20 7.5703e-02 0.0000e+00 4.8674e+04 0.0000e+00
2.5600e+03 7.8914e-12 8.2882e-01 1.5158e+03 3.0772e+03 4.2000e+03 3.0363e+20 2.5953e+20 2.5953e+20 7.5465e-02 0.0000e+00 4.8810e+04 0.0000e+00
2.5700e+03 7.8667e-12 8.2883e-01 1.5154e+03 3.0763e+03 4.2000e+03 3.0608e+20 2.6130e+20 2.6130e+20 7.5228e-02 0.0000e+00 4.8947e+04 0.0000e+00
2.5800e+03 7.8422e-12 8.2884e-01 1.5150e+03 3.0754e+03 4.2000e+03 3.0854e+20 2.6308e+20 2.6308e+20 7.4992e-02 0.0000e+00 4.9083e+04 0.0000e+00
2.5900e+03 7.8178e-12 8.2885e-01 1.5145e+03 3.0746e+03 4.2000e+03 3.1102e+20 2.6487e+20 2.6487e+20 7.4758e-02 0.0000e+00 4.9220e+04 0.0000e+00
2.6000e+03 7.7935e-12 8.2886e-01 1.5141e+03 3.0737e+03 4.2000e+03 3.1351e+20 2.6666e+20 2.6666e+20 7.4525e-02 0.0000e+00 4.9357e+04 0.0000e+00
2.6100e+03 7.7694e-12 8.2888e-01 1.5137e+03 3.0728e+03 4.2000e+03 3.1602e+20 2.6846e+20 2.6846e+20 7.4293e-02 0.0000e+00 4.9494e+04 0.0000e+00
2.6200e+03 7.7454e-12 8.2889e-01 1.5133e+03 3.0720e+03 4.2000e+03 3.1854e+20 2.7027e+20 2.7027e+20 7.4063e-02 0.0000e+00 4.9631e+04 0.0000e+00
2.6300e+03 7.7216e-12 8.2891e-01 1.5128e+03 3.0711e+03 4.2000e+03 3.2108e+20 2.7209e+20 2.7209e+20 7.3834e-02 0.0000e+00 4.9768e+04 0.0000e+00
2.6400e+03 7.6979e-12 8.2892e-01 1.5124e+03 3.0703e+03 4.2000e+03 3.2363e+20 2.7391e+20 2.7391e+20 7.3605e-02 0.0000e+00 4.9905e+04 0.0000e+00
2.6500e+03 7.6743e-12 8.2894e-01 1.5120e+03 3.0694e+03 4.2000e+03 3.2620e+20 2.7574e+20 2.7574e+20 7.3379e-02 0.0000e+00 5.0042e+04 0.0000e+00
2.6600e+03 7.6508e-12 8.2896e-01 1.5116e+03 3.0686e+03 4.2000e+03 3.2878e+20 2.7758e+20 2.7758e+20 7.3153e-02 0.0000e+00 5.0180e+04 0.0000e+00
2.6700e+03 7.6275e-12 8.2897e-01 1.5112e+03 3.0677e+03 4.2000e+03 3.3138e+20 2.7943e+20 2.7943e+20 7.2928e-02 0.0000e+00 5.0317e+04 0.0000e+00
2.6800e+03 7.6043e-12 8.2899e-01 1.5108e+03 3.0669e+03 4.2000e+03 3.3399e+20 2.8128e+20 2.8128e+20 7.2705e-02 0.0000e+00 5.0455e+04 0.0000e+00
2.6900e+03 7.5813e-12 8.2901e-01 1.5104e+03 3.0661e+03 4.2000e+03 3.3662e+20 2.8314e+20 2.8314e+20 7.2483e-02 0.0000e+00 5.0592e+04 0.0000e+00
2.7000e+03 7.5584e-12 8.2904e-01 1.5099e+03 3.0652e+03 4.2000e+03 3.3926e+20 2.8501e+20 2.8501e+20 7.2262e-02 0.0000e+00 5.0730e+04 0.0000e+00
2.7100e+03 7.5356e-12 8.2906e-01 1.5095e+03 3.0644e+03 4.2000e+03 3.4192e+20 2.8688e+20 2.8688e+20 7.2042e-02 0.0000e+00 5.0868e+04 0.0000e+00
2.7200e+03 7.5129e-12 8.2908e-01 1.5091e+03 3.0636e+03 4.2000e+03 3.4459e+20 2.8876e+20 2.8876e+20 7.1823e-02 0.0000e+00 5.1006e+04 0.0000e+00
2.7300e+03 7.4903e-12 8.2911e-01 1.5087e+03 3.0627e+03 4.2000e+03 3.4728e+20 2.9065e+20 2.9065e+20 7.1605e-02 0.0000e+00 5.1144e+04 0.0000e+00
2.7400e+03 7.4679e-12 8.2913e-01 1.5083e+03 3.0619e+03 4.2000e+03 3.4998e+20 2.9255e+20 2.9255e+20 7.1389e-02 0.0000e+00 5.1282e+04 0.0000e+00
2.7500e+03 7.4456e-12 8.2916e-01 1.5079e+03 3.0611e+03 4.2000e+03 3.5270e+20 2.9445e+20 2.9445e+20 7.1173e-02 0.0000e+00 5.1420e+04 0.0000e+00
2.7600e+03 7.4234e-12 8.2918e-01 1.5075e+03 3.0603e+03 4.2000e+03 3.5543e+20 2.9637e+20 2.9637e+20 7.0959e-02 0.0000e+00 5.1558e+04 0.0000e+00
2.7700e+03 7.4014e-12 8.2921e-01 1.5071e+03 3.0595e+03 4.2000e+03 3.5818e+20 2.9828e+20 2.9828e+20 7.0746e-02 0.0000e+00 5.1696e+04 0.0000e+00
2.7800e+03 7.3795e-12 8.2924e-01 1.5067e+03 3.0586e+03 4.2000e+03 3.6095e+20 3.0021e+20 3.0021e+20 7.0534e-02 0.0000e+00 5.1835e+04 0.0000e+00
2.7900e+03 7.3576e-12 8.2927e-01 1.5063e+03 3.0578e+03 4.2000e+03 3.6373e+20 3.0214e+20 3.0214e+20 7.0323e-02 0.0000e+00 5.1973e+04 0.0000e+00
2.8000e+03 7.3360e-12 8.2930e-01 1.5059e+03 3.0570e+03 4.2000e+03 3.6653e+20 3.0408e+20 3.0408e+20 7.0113e-02 0.0000e+00 5.2112e+04 0.0000e+00
2.8100e+03 7.3144e-12 8.2933e-01 1.5055e+03 3.0562e+03 4.2000e+03 3.6934e+20 3.0603e+20 3.0603e+20 6.9904e-02 0.0000e+00 5.2250e+04 0.0000e+00
2.8200e+03 7.2929e-12 8.2936e-01 1.5051e+03 3.0554e+03 4.2000e+03 3.7217e+20 3.0799e+20 3.0799e+20 6.9696e-02 0.0000e+00 5.2389e+04 0.0000e+00
2.8300e+03 7.2716e-12 8.2940e-01 1.5047e+03 3.0546e+03 4.2000e+03 3.7501e+20 3.0995e+20 3.0995e+20 6.9490e-02 0.0000e+00 5.2528e+04 0.0000e+00
2.8400e+03 7.2504e-12 8.2943e-01 1.5043e+03 3.0538e+03 4.2000e+03 3.7787e+20 3.1192e+20 3.1192e+20 6.9284e-02 0.0000e+00 5.2667e+04 0.0000e+00
2.8500e+03 7.2293e-12 8.2946e-01 1.5039e+03 3.0530e+03 4.2000e+03 3.8075e+20 3.1390e+20 3.1390e+20 6.9079e-02 0.0000e+00 5.2806e+04 0.0000e+00
2.8600e+03 7.2083e-12 8.2950e-01 1.5035e+03 3.0522e+03 4.2000e+03 3.8364e+20 3.1588e+20 3.1588e+20 6.8876e-02 0.0000e+00 5.2945e+04 0.0000e+00
2.8700e+03 7.1874e-12 8.2954e-01 1.5032e+03 3.0514e+03 4.2000e+03 3.8655e+20 3.1787e+20 3.1787e+20 6.8673e-02 0.0000e+00 5.3084e+04 0.0000e+00
2.8800e+03 7.1666e-12 8.2957e-01 1.5028e+03 3.0507e+03 4.2000e+03 3.8947e+20 3.1987e+20 3.1987e+20 6.8472e-02 0.0000e+00 5.3223e+04 0.0000e+00
2.8900e+03 7.1460e-12 8.2961e-01 1.5024e+03 3.0499e+03 4.2000e+03 3.9241e+20 3.2188e+20 3.2188e+20 6.8272e-02 0.0000e+00 5.3362e+04 0.0000e+00
2.9000e+03 7.1254e-12 8.2965e-01 1.5020e+03 3.0491e+03 4.2000e+03 3.9537e+20 3.2389e+20 3.2389e+20 6.8072e-02 0.0000e+00 5.3502e+04 0.0000e+00
2.9100e+03 7.1050e-12 8.2969e-01 1.5016e+03 3.0483e+03 4.2000e+03 3.9834e+20 3.2591e+20 3.2591e+20 6.7874e-02 0.0000e+00 5.3641e+04 0.0000e+00
2.9200e+03 7.0847e-12 8.2973e-01 1.5012e+03 3.0475e+03 4.2000e+03 4.0133e+20 3.2794e+20 3.2794e+20 6.7676e-02 0.0000e+00 5.3781e+04 0.0000e+00
2.9300e+03 7.0645e-12 8.2977e-01 1.5008e+03 3.0468e+03 4.2000e+03 4.0434e+20 3.2998e+20 3.2998e+20 6.7480e-02 0.0000e+00 5.3920e+04 0.0000e+00
2.9400e+03 7.0444e-12 8.2981e-01 1.5005e+03 3.0460e+03 4.2000e+03 4.0736e+20 3.3202e+20 3.3202e+20 6.7284e-02 0.0000e+00 5.4060e+04 0.0000e+00
2.9500e+03 7.0244e-12 8.2986e-01 1.5001e+03 3.0452e+03 4.2000e+03 4.1040e+20 3.3407e+20 3.3407e+20 6.7090e-02 0.0000e+00 5.4200e+04 0.0000e+00
2.9600e+03 7.0045e-12 8.2990e-01 1.4997e+03 3.0444e+03 4.2000e+03 4.1345e+20 3.3613e+20 3.3613e+20 6.6897e-02 0.0000e+00 5.4339e+04 0.0000e+00
2.9700e+03 6.9847e-12 8.2995e-01 1.4993e+03 3.0437e+03 4.2000e+03 4.1652e+20 3.3819e+20 3.3819e+20 6.6704e-02 0.0000e+00 5.4479e+04 0.0000e+00
2.9800e+03 6.9651e-12 8.2999e-01 1.4989e+03 3.0429e+03 4.2000e+03 4.1961e+20 3.4026e+20 3.4026e+20 6.6513e-02 0.0000e+00 5.4619e+04 0.0000e+00
2.9900e+03 6.9455e-12 8.3004e-01 1.4986e+03 3.0421e+03 4.2000e+03 4.2271e+20 3.4234e+20 3.4234e+20 6.6322e-02 0.0000e+00 5.4759e+04 0.0000e+00
3.0000e+03 6.9260e-12 8.3009e-01 1.4982e+03 3.0414e+03 4.2000e+03 4.2583e+20 3.4442e+20 3.4442e+20 6.6132e-02 0.0000e+00 5.4899e+04 0.0000e+00
3.0100e+03 6.9067e-12 8.3013e-01 1.4978e+03 3.0406e+03 4.2000e+03 4.2897e+20 3.4652e+20 3.4652e+20 6.5944e-02 0.0000e+00 5.5039e+04 0.0000e+00
3.0200e+03 6.8874e-12 8.3018e-01 1.4975e+03 3.0399e+03 4.2000e+03 4.3212e+20 3.4862e+20 3.4862e+20 6.5756e-02 0.0000e+00 5.5179e+04 0.0000e+00
3.0300e+03 6.8682e-12 8.3023e-01 1.4971e+03 3.0391e+03 4.2000e+03 4.3529e+20 3.5072e+20 3.5072e+20 6.5569e-02 0.0000e+00 5.5320e+04 0.0000e+00
3.0400e+03 6.8492e-12 8.3028e-01 1.4967e+03 3.0384e+03 4.2000e+03 4.3848e+20 3.5284e+20 3.5284e+20 6.5383e-02 0.0000e+00 5.5460e+04 0.0000e+00
3.0500e+03 6.8302e-12 8.3033e-01 1.4963e+03 3.0376e+03 4.2000e+03 4.4168e+20 3.5496e+20 3.5496e+20 6.5198e-02 0.0000e+00 5.5600e+04 0.0000e+00
3.0600e+03 6.8114e-12 8.3038e-01 1.4960e+03 3.0369e+03 4.2000e+03 4.4490e+20 3.5709e+20 3.5709e+20 6.5014e-02 0.0000e+00 5.5741e+04 0.0000e+00
3.0700e+03 6.7926e-12 8.3044e-01 1.4956e+03 3.0361e+03 4.2000e+03 4.4814e+20 3.5922e+20 3.5922e+20 6.4831e-02 0.0000e+00 5.5881e+04 0.0000e+00
3.0800e+03 6.7740e-12 8.3049e-01 1.4953e+03 3.0354e+03 4.2000e+03 4.5139e+20 3.6137e+20 3.6137e+20 6.4649e-02 0.0000e+00 5.6022e+04 0.0000e+00
3.0900e+03 6.7554e-12 8.3054e-01 1.4949e+03 3.0347e+03 4.2000e+03 4.5466e+20 3.6352e+20 3.6352e+20 6.4468e-02 0.0000e+00 5.6162e+04 0.0000e+00
3.1000e+03 6.7370e-12 8.3060e-01 1.4945e+03 3.0339e+03 4.2000e+03 4.5795e+20 3.6567e+20 3.6567e+20 6.4287e-02 0.0000e+00 5.6303e+04 0.0000e+00
3.1100e+03 6.7186e-12 8.3065e-01 1.4942e+03 3.0332e+03 4.2000e+03 4.6126e+20 3.6784e+20 3.6784e+20 6.4108e-02 0.0000e+00 5.6444e+04 0.0000e+00
3.1200e+03 6.7003e-12 8.3071e-01 1.4938e+03 3.0325e+03 4.2000e+03 4.6458e+20 3.7001e+20 3.7001e+20 6.3929e-02 0.0000e+00 5.6585e+04 0.0000e+00
3.1300e+03 6.6822e-12 8.3077e-01 1.4934e+03 3.0317e+03 4.2000e+03 4.6792e+20 3.7218e+20 3.7218e+20 6.3751e-02 0.0000e+00 5.6726e+04 0.0000e+00
3.1400e+03 6.6641e-12 8.3083e-01 1.4931e+03 3.0310e+03 4.2000e+03 4.7127e+20 3.7437e+20 3.7437e+20 6.3575e-02 0.0000e+00 5.6867e+04 0.0000e+00
3.1500e+03 6.6461e-12 8.3088e-01 1.4927e+03 3.0303e+03 4.2000e+03 4.7465e+20 3.7656e+20 3.7656e+20 6.3399e-02 0.0000e+00 5.7008e+04 0.0000e+00
3.1600e+03 6.6282e-12 8.3094e-01 1.4924e+03 3.0296e+03 4.2000e+03 4.7804e+20 3.7876e+20 3.7876e+20 6.3223e-02 0.0000e+00 5.7149e+04 0.0000e+00
3.1700e+03 6.6104e-12 8.3100e-01 1.4920e+03 3.0288e+03 4.2000e+03 4.8145e+20 3.8096e+20 3.8096e+20 6.3049e-02 0.0000e+00 5.7290e+04 0.0000e+00
3.1800e+03 6.5927e-12 8.3106e-01 1.4917e+03 3.0281e+03 4.2000e+03 4.8487e+20 3.8318e+20 3.8318e+20 6.2876e-02 0.0000e+00 5.7431e+04 0.0000e+00
3.1900e+03 6.5751e-12 8.3113e-01 1.4913e+03 3.0274e+03 4.2000e+03 4.8832e+20 3.8540e+20 3.8540e+20 6.2703e-02 0.0000e+00 5.7572e+04 0.0000e+00
3.2000e+03 6.5576e-12 8.3119e-01 1.4910e+03 3.0267e+03 4.2000e+03 4.9178e+20 3.8762e+20 3.8762e+20 6.2531e-02 0.0000e+00 5.7713e+04 0.0000e+00
3.2100e+03 6.5402e-12 8.3125e-01 1.4906e+03 3.0260e+03 4.2000e+03 4.9525e+20 3.8986e+20 3.8986e+20 6.2360e-02 0.0000e+00 5.7855e+04 0.0000e+00
3.2200e+03 6.5228e-12 8.3131e-01 1.4903e+03 3.0253e+03 4.2000e+03 4.9875e+20 3.9210e+20 3.9210e+20 6.2190e-02 0.0000e+00 5.7996e+04 0.0000e+00
3.2300e+03 6.5056e-12 8.3138e-01 1.4899e+03 3.0246e+03 4.2000e+03 5.0226e+20 3.9435e+20 3.9435e+20 6.2021e-02 0.0000e+00 5.8138e+04 0.0000e+00
3.2400e+03 6.4884e-12 8.3144e-01 1.4896e+03 3.0239e+03 4.2000e+03 5.0579e+20 3.9660e+20 3.9660e+20 6.1853e-02 0.0000e+00 5.8279e+04 0.0000e+00
3.2500e+03 6.4713e-12 8.3151e-01 1.4892e+03 3.0232e+03 4.2000e+03 5.0934e+20 3.9886e+20 3.9886e+20 6.1685e-02 0.0000e+00 5.8421e+04 0.0000e+00
3.2600e+03 6.4544e-12 8.3158e-01 1.4889e+03 3.0225e+03 4.2000e+03 5.1291e+20 4.0113e+20 4.0113e+20 6.1518e-02 0.0000e+00 5.8562e+04 0.0000e+00
3.2700e+03 6.4375e-12 8.3164e-01 1.4885e+03 3.0218e+03 4.2000e+03 5.1649e+20 4.0340e+20 4.0340e+20 6.1352e-02 0.0000e+00 5.8704e+04 0.0000e+00
3.2800e+03 6.4206e-12 8.3171e-01 1.4882e+03 3.0211e+03 4.2000e+03 5.2009e+20 4.0569e+20 4.0569e+20 6.1187e-02 0.0000e+00 5.8846e+04 0.0000e+00
3.2900e+03 6.4039e-12 8.3178e-01 1.4879e+03 3.0204e+03 4.2000e+03 5.2371e+20 4.0797e+20 4.0797e+20 6.1023e-02 0.0000e+00 5.8987e+04 0.0000e+00
3.3000e+03 6.3873e-12 8.3185e-01 1.4875e+03 3.0197e+03 4.2000e+03 5.2735e+20 4.1027e+20 4.1027e+20 6.0859e-02 0.0000e+00 5.9129e+04 0.0000e+00
3.3100e+03 6.3707e-12 8.3192e-01 1.4872e+03 3.0190e+03 4.2000e+03 5.3100e+20 4.1257e+20 4.1257e+20 6.0696e-02 0.0000e+00 5.9271e+04 0.0000e+00
3.3200e+03 6.3542e-12 8.3199e-01 1.4868e+03 3.0183e+03 4.2000e+03 5.3468e+20 4.1488e+20 4.1488e+20 6.0534e-02 0.0000e+00 5.9413e+04 0.0000e+00
3.3300e+03 6.3379e-12 8.3206e-01 1.4865e+03 3.0176e+03 4.2000e+03 5.3837e+20 4.1720e+20 4.1720e+20 6.0373e-02 0.0000e+00 5.9555e+04 0.0000e+00
3.3400e+03 6.3216e-12 8.3213e-01 1.4862e+03 3.0170e+03 4.2000e+03 5.4207e+20 4.1952e+20 4.1952e+20 6.0212e-02 0.0000e+00 5.9697e+04 0.0000e+00
3.3500e+03 6.3053e-12 8.3220e-01 1.4858e+03 3.0163e+03 4.2000e+03 5.4580e+20 4.2185e+20 4.2185e+20 6.0052e-02 0.0000e+00 5.9839e+04 0.0000e+00
3.3600e+03 6.2892e-12 8.3228e-01 1.4855e+03 3.0156e+03 4.2000e+03 5.4955e+20 4.2418e+20 4.2418e+20 5.9893e-02 0.0000e+00 5.9981e+04 0.0000e+00
3.3700e+03 6.2731e-12 8.3235e-01 1.4852e+03 3.0149e+03 4.2000e+03 5.5331e+20 4.2653e+20 4.2653e+20 5.9735e-02 0.0000e+00 6.0123e+04 0.0000e+00
3.3800e+03 6.2571e-12 8.3242e-01 1.4848e+03 3.0142e+03 4.2000e+03 5.5709e+20 4.2888e+20 4.2888e+20 5.9578e-02 0.0000e+00 6.0266e+04 0.0000e+00
3.3900e+03 6.2412e-12 8.3250e-01 1.4845e+03 3.0136e+03 4.2000e+03 5.6089e+20 4.3123e+20 4.3123e+20 5.9421e-02 0.0000e+00 6.0408e+04 0.0000e+00
3.4000e+03 6.2254e-12 8.3258e-01 1.4842e+03 3.0129e+03 4.2000e+03 5.6471e+20 4.3360e+20 4.3360e+20 5.9265e-02 0.0000e+00 6.0550e+04 0.0000e+00
3.4100e+03 6.2097e-12 8.3265e-01 1.4838e+03 3.0122e+03 4.2000e+03 5.6854e+20 4.3597e+20 4.3597e+20 5.9110e-02 0.0000e+00 6.0692e+04 0.0000e+00
3.4200e+03 6.1940e-12 8.3273e-01 1.4835e+03 3.0116e+03 4.2000e+03 5.7240e+20 4.3834e+20 4.3834e+20 5.8955e-02 0.0000e+00 6.0835e+04 0.0000e+00
3.4300e+03 6.1784e-12 8.3281e-01 1.4832e+03 3.0109e+03 4.2000e+03 5.7627e+20 4.4073e+20 4.4073e+20 5.8801e-02 0.0000e+00 6.0977e+04 0.0000e+00
3.4400e+03 6.1629e-12 8.3288e-01 1.4829e+03 3.0102e+03 4.2000e+03 5.8016e+20 4.4312e+20 4.4312e+20 5.8648e-02 0.0000e+00 6.1120e+04 0.0000e+00
3.4500e+03 6.1475e-12 8.3296e-01 1.4825e+03 3.0096e+03 4.2000e+03 5.8407e+20 4.4551e+20 4.4551e+20 5.8496e-02 0.0000e+00 6.1262e+04 0.0000e+00
3.4600e+03 6.1322e-12 8.3304e-01 1.4822e+03 3.0089e+03 4.2000e+03 5.8799e+20 4.4791e+20 4.4791e+20 5.8344e-02 0.0000e+00 6.1405e+04 0.0000e+00
3.4700e+03 6.1169e-12 8.3312e-01 1.4819e+03 3.0083e+03 4.2000e+03 5.9194e+20 4.5032e+20 4.5032e+20 5.8193e-02 0.0000e+00 6.1547e+04 0.0000e+00
3.4800e+03 6.1017e-12 8.3320e-01 1.4816e+03 3.0076e+03 4.2000e+03 5.9591e+20 4.5274e+20 4.5274e+20 5.8043e-02 0.0000e+00 6.1690e+04 0.0000e+00
3.4900e+03 6.0866e-12 8.3328e-01 1.4812e+03 3.0070e+03 4.2000e+03 5.9989e+20 4.5516e+20 4.5516e+20 5.7894e-02 0.0000e+00 6.1833e+04 0.0000e+00
3.5000e+03 6.0715e-12 8.3337e-01 1.4809e+03 3.0063e+03 4.2000e+03 6.0389e+20 4.5759e+20 4.5759e+20 5.7745e-02 0.0000e+00 6.1976e+04 0.0000e+00
3.5100e+03 6.0565e-12 8.3345e-01 1.4806e+03 3.0057e+03 4.2000e+03 6.0791e+20 4.6003e+20 4.6003e+20 5.7597e-02 0.0000e+00 6.2118e+04 0.0000e+00
3.5200e+03 6.0416e-12 8.3353e-01 1.4803e+03 3.0050e+03 4.2000e+03 6.1195e+20 4.6247e+20 4.6247e+20 5.7449e-02 0.0000e+00 6.2261e+04 0.0000e+00
3.5300e+03 6.0268e-12 8.3361e-01 1.4800e+03 3.0044e+03 4.2000e+03 6.1601e+20 4.6492e+20 4.6492e+20 5.7303e-02 0.0000e+00 6.2404e+04 0.0000e+00
3.5400e+03 6.0120e-12 8.3370e-01 1.4797e+03 3.0037e+03 4.2000e+03 6.2008e+20 4.6737e+20 4.6737e+20 5.7157e-02 0.0000e+00 6.2547e+04 0.0000e+00
3.5500e+03 5.9974e-12 8.3378e-01 1.4793e+03 3.0031e+03 4.2000e+03 6.2418e+20 4.6983e+20 4.6983e+20 5.7011e-02 0.0000e+00 6.2690e+04 0.0000e+00
3.5600e+03 5.9827e-12 8.3387e-01 1.4790e+03 3.0025e+03 4.2000e+03 6.2829e+20 4.7230e+20 4.7230e+20 5.6866e-02 0.0000e+00 6.2833e+04 0.0000e+00
3.5700e+03 5.9682e-12 8.3395e-01 1.4787e+03 3.0018e+03 4.2000e+03 6.3243e+20 4.7478e+20 4.7478e+20 5.6722e-02 0.0000e+00 6.2976e+04 0.0000e+00
3.5800e+03 5.9537e-12 8.3404e-01 1.4784e+03 3.0012e+03 4.2000e+03 6.3658e+20 4.7726e+20 4.7726e+20 5.6579e-02 0.0000e+00 6.3119e+04 0.0000e+00
3.5900e+03 5.9393e-12 8.3413e-01 1.4781e+03 3.0006e+03 4.2000e+03 6.4075e+20 4.7975e+20 4.7975e+20 5.6436e-02 0.0000e+00 6.3262e+04 0.0000e+00
3.6000e+03 5.9250e-12 8.3421e-01 1.4778e+03 2.9999e+03 4.2000e+03 6.4494e+20 4.8224e+20 4.8224e+20 5.6294e-02 0.0000e+00 6.3405e+04 0.0000e+00
3.6100e+03 5.9107e-12 8.3430e-01 1.4775e+03 2.9993e+03 4.2000e+03 6.4915e+20 4.8474e+20 4.8474e+20 5.6153e-02 0.0000e+00 6.3548e+04 0.0000e+00
3.6200e+03 5.8965e-12 8.3439e-01 1.4772e+03 2.9987e+03 4.2000e+03 6.5337e+20 4.8725e+20 4.8725e+20 5.6012e-02 0.0000e+00 6.3691e+04 0.0000e+00
3.6300e+03 5.8824e-12 8.3448e-01 1.4769e+03 2.9981e+03 4.2000e+03 6.5762e+20 4.8976e+20 4.8976e+20 5.5872e-02 0.0000e+00 6.3834e+04 0.0000e+00
3.6400e+03 5.8684e-12 8.3457e-01 1.4765e+03 2.9974e+03 4.2000e+03 6.6189e+20 4.9228e+20 4.9228e+20 5.5733e-02 0.0000e+00 6.3978e+04 0.0000e+00
3.6500e+03 5.8544e-12 8.3466e-01 1.4762e+03 2.9968e+03 4.2000e+03 6.6617e+20 4.9480e+20 4.9480e+20 5.5594e-02 0.0000e+00 6.4121e+04 0.0000e+00
3.6600e+03 5.8405e-12 8.3475e-01 1.4759e+03 2.9962e+03 4.2000e+03 6.7048e+20 4.9733e+20 4.9733e+20 5.5455e-02 0.0000e+00 6.4264e+04 0.0000e+00
3.6700e+03 5.8266e-12 8.3484e-01 1.4756e+03 2.9956e+03 4.2000e+03 6.7480e+20 4.9987e+20 4.9987e+20 5.5318e-02 0.0000e+00 6.4408e+04 0.0000e+00
3.6800e+03 5.8128e-12 8.3493e-01 1.4753e+03 2.9950e+03 4.2000e+03 6.7914e+20 5.0242e+20 5.0242e+20 5.5181e-02 0.0000e+00 6.4551e+04 0.0000e+00
3.6900e+03 5.7991e-12 8.3502e-01 1.4750e+03 2.9943e+03 4.2000e+03 6.8350e+20 5.0497e+20 5.0497e+20 5.5045e-02 0.0000e+00 6.4694e+04 0.0000e+00
3.7000e+03 5.7855e-12 8.3512e-01 1.4747e+03 2.9937e+03 4.2000e+03 6.8789e+20 5.0752e+20 5.0752e+20 5.4909e-02 0.0000e+00 6.4838e+04 0.0000e+00
3.7100e+03 5.7719e-12 8.3521e-01 1.4744e+03 2.9931e+03 4.2000e+03 6.9229e+20 5.1009e+20 5.1009e+20 5.4774e-02 0.0000e+00 6.4981e+04 0.0000e+00
3.7200e+03 5.7583e-12 8.3530e-01 1.4741e+03 2.9925e+03 4.2000e+03 6.9671e+20 5.1265e+20 5.1265e+20 5.4639e-02 0.0000e+00 6.5125e+04 0.0000e+00
3.7300e+03 5.7449e-12 8.3540e-01 1.4738e+03 2.9919e+03 4.2000e+03 7.0115e+20 5.1523e+20 5.1523e+20 5.4506e-02 0.0000e+00 6.5268e+04 0.0000e+00
3.7400e+03 5.7315e-12 8.3549e-01 1.4735e+03 2.9913e+03 4.2000e+03 7.0561e+20 5.1781e+20 5.1781e+20 5.4372e-02 0.0000e+00 6.5412e+04 0.0000e+00
3.7500e+03 5.7182e-12 8.3559e-01 1.4732e+03 2.9907e+03 4.2000e+03 7.1008e+20 5.2040e+20 5.2040e+20 5.4240e-02 0.0000e+00 6.5555e+04 0.0000e+00
3.7600e+03 5.7049e-12 8.3568e-01 1.4729e+03 2.9901e+03 4.2000e+03 7.1458e+20 5.2299e+20 5.2299e+20 5.4108e-02 0.0000e+00 6.5699e+04 0.0000e+00
3.7700e+03 5.6917e-12 8.3578e-01 1.4726e+03 2.9895e+03 4.2000e+03 7.1910e+20 5.2559e+20 5.2559e+20 5.3976e-02 0.0000e+00 6.5842e+04 0.0000e+00
3.7800e+03 5.6785e-12 8.3587e-01 1.4723e+03 2.9889e+03 4.2000e+03 7.2364e+20 5.2820e+20 5.2820e+20 5.3845e-02 0.0000e+00 6.5986e+04 0.0000e+00
3.7900e+03 5.6655e-12 8.3597e-01 1.4721e+03 2.9883e+03 4.2000e+03 7.2819e+20 5.3081e+20 5.3081e+20 5.3715e-02 0.0000e+00 6.6130e+04 0.0000e+00
3.8000e+03 5.6524e-12 8.3607e-01 1.4718e+03 2.9877e+03 4.2000e+03 7.3277e+20 5.3343e+20 5.3343e+20 5.3585e-02 0.0000e+00 6.6273e+04 0.0000e+00
3.8100e+03 5.6395e-12 8.3617e-01 1.4715e+03 2.9871e+03 4.2000e+03 7.3737e+20 5.3605e+20 5.3605e+20 5.3456e-02 0.0000e+00 6.6417e+04 0.0000e+00
3.8200e+03 5.6266e-12 8.3627e-01 1.4712e+03 2.9865e+03 4.2000e+03 7.4198e+20 5.3868e+20 5.3868e+20 5.3328e-02 0.0000e+00 6.6561e+04 0.0000e+00
3.8300e+03 5.6137e-12 8.3636e-01 1.4709e+03 2.9860e+03 4.2000e+03 7.4662e+20 5.4132e+20 5.4132e+20 5.3200e-02 0.0000e+00 6.6705e+04 0.0000e+00
3.8400e+03 5.6010e-12 8.3646e-01 1.4706e+03 2.9854e+03 4.2000e+03 7.5128e+20 5.4396e+20 5.4396e+20 5.3072e-02 0.0000e+00 6.6849e+04 0.0000e+00
3.8500e+03 5.5882e-12 8.3656e-01 1.4703e+03 2.9848e+03 4.2000e+03 7.5595e+20 5.4661e+20 5.4661e+20 5.2946e-02 0.0000e+00 6.6992e+04 0.0000e+00
3.8600e+03 5.5756e-12 8.3666e-01 1.4700e+03 2.9842e+03 4.2000e+03 7.6065e+20 5.4926e+20 5.4926e+20 5.2819e-02 0.0000e+00 6.7136e+04 0.0000e+00
3.8700e+03 5.5630e-12 8.3676e-01 1.4697e+03 2.9836e+03 4.2000e+03 7.6536e+20 5.5192e+20 5.5192e+20 5.2694e-02 0.0000e+00 6.7280e+04 0.0000e+00
3.8800e+03 5.5504e-12 8.3687e-01 1.4695e+03 2.9830e+03 4.2000e+03 7.7010e+20 5.5458e+20 5.5458e+20 5.2568e-02 0.0000e+00 6.7424e+04 0.0000e+00
3.8900e+03 5.5380e-12 8.3697e-01 1.4692e+03 2.9825e+03 4.2000e+03 7.7485e+20 5.5726e+20 5.5726e+20 5.2444e-02 0.0000e+00 6.7568e+04 0.0000e+00
3.9000e+03 5.5255e-12 8.3707e-01 1.4689e+03 2.9819e+03 4.2000e+03 7.7963e+20 5.5993e+20 5.5993e+20 5.2320e-02 0.0000e+00 6.7712e+04 0.0000e+00
3.9100e+03 5.5132e-12 8.3717e-01 1.4686e+03 2.9813e+03 4.2000e+03 7.8442e+20 5.6262e+20 5.6262e+20 5.2196e-02 0.0000e+00 6.7856e+04 0.0000e+00
3.9200e+03 5.5008e-12 8.3727e-01 1.4683e+03 2.9807e+03 4.2000e+03 7.8924e+20 5.6530e+20 5.6530e+20 5.2073e-02 0.0000e+00 6.8000e+04 0.0000e+00
3.9300e+03 5.4886e-12 8.3738e-01 1.4680e+03 2.9802e+03 4.2000e+03 7.9407e+20 5.6800e+20 5.6800e+20 5.1951e-02 0.0000e+00 6.8144e+04 0.0000e+00
3.9400e+03 5.4764e-12 8.3748e-01 1.4678e+03 2.9796e+03 4.2000e+03 7.9893e+20 5.7070e+20 5.7070e+20 5.1829e-02 0.0000e+00 6.8288e+04 0.0000e+00
3.9500e+03 5.4643e-12 8.3758e-01 1.4675e+03 2.9790e+03 4.2000e+03 8.0381e+20 5.7341e+20 5.7341e+20 5.1708e-02 0.0000e+00 6.8432e+04 0.0000e+00
3.9600e+03 5.4522e-12 8.3769e-01 1.4672e+03 2.9785e+03 4.2000e+03 8.0870e+20 5.7612e+20 5.7612e+20 5.1587e-02 0.0000e+00 6.8576e+04 0.0000e+00
3.9700e+03 5.4401e-12 8.3779e-01 1.4669e+03 2.9779e+03 4.2000e+03 8.1362e+20 5.7884e+20 5.7884e+20 5.1467e-02 0.0000e+00 6.8720e+04 0.0000e+00
3.9800e+03 5.4282e-12 8.3790e-01 1.4667e+03 2.9773e+03 4.2000e+03 8.1855e+20 5.8156e+20 5.8156e+20 5.1347e-02 0.0000e+00 6.8864e+04 0.0000e+00
3.9900e+03 5.4162e-12 8.3800e-01 1.4664e+03 2.9768e+03 4.2000e+03 8.2351e+20 5.8429e+20 5.8429e+20 5.1228e-02 0.0000e+00 6.9008e+04 0.0000e+00
4.0000e+03 5.4044e-12 8.3811e-01 1.4661e+03 2.9762e+03 4.2000e+03 8.2849e+20 5.8702e+20 5.8702e+20 5.1109e-02 0.0000e+00 6.9152e+04 0.0000e+00
4.0100e+03 5.3926e-12 8.3822e-01 1.4658e+03 2.9757e+03 4.2000e+03 8.3349e+20 5.8976e+20 5.8976e+20 5.0991e-02 0.0000e+00 6.9296e+04 0.0000e+00
4.0200e+03 5.3808e-12 8.3832e-01 1.4656e+03 2.9751e+03 4.2000e+03 8.3850e+20 5.9251e+20 5.9251e+20 5.0873e-02 0.0000e+00 6.9441e+04 0.0000e+00
4.0300e+03 5.3691e-12 8.3843e-01 1.4653e+03 2.9746e+03 4.2000e+03 8.4354e+20 5.9526e+20 5.9526e+20 5.0756e-02 0.0000e+00 6.9585e+04 0.0000e+00
4.0400e+03 5.3574e-12 8.3854e-01 1.4650e+03 2.9740e+03 4.2000e+03 8.4860e+20 5.9802e+20 5.9802e+20 5.0639e-02 0.0000e+00 6.9729e+04 0.0000e+00
4.0500e+03 5.3458e-12 8.3865e-01 1.4647e+03 2.9735e+03 4.2000e+03 8.5368e+20 6.0078e+20 6.0078e+20 5.0523e-02 0.0000e+00 6.9873e+04 0.0000e+00
4.0600e+03 5.3343e-12 8.3875e-01 1.4645e+03 2.9729e+03 4.2000e+03 8.5878e+20 6.0355e+20 6.0355e+20 5.0407e-02 0.0000e+00 7.0017e+04 0.0000e+00
4.0700e+03 5.3228e-12 8.3886e-01 1.4642e+03 2.9724e+03 4.2000e+03 8.6390e+20 6.0632e+20 6.0632e+20 5.0292e-02 0.0000e+00 7.0162e+04 0.0000e+00
4.0800e+03 5.3113e-12 8.3897e-01 1.4639e+03 2.9718e+03 4.2000e+03 8.6904e+20 6.0910e+20 6.0910e+20 5.0178e-02 0.0000e+00 7.0306e+04 0.0000e+00
4.0900e+03 5.3000e-12 8.3908e-01 1.4637e+03 2.9713e+03 4.2000e+03 8.7421e+20 6.1189e+20 6.1189e+20 5.0063e-02 0.0000e+00 7.0450e+04 0.0000e+00
4.1000e+03 5.2886e-12 8.3919e-01 1.4634e+03 2.9707e+03 4.2000e+03 8.7939e+20 6.1468e+20 6.1468e+20 4.9950e-02 0.0000e+00 7.0595e+04 0.0000e+00
4.1100e+03 5.2773e-12 8.3930e-01 1.4631e+03 2.9702e+03 4.2000e+03 8.8459e+20 6.1747e+20 6.1747e+20 4.9837e-02 0.0000e+00 7.0739e+04 0.0000e+00
4.1200e+03 5.2661e-12 8.3941e-01 1.4629e+03 2.9697e+03 4.2000e+03 8.8981e+20 6.2027e+20 6.2027e+20 4.9724e-02 0.0000e+00 7.0883e+04 0.0000e+00
4.1300e+03 5.2549e-12 8.3952e-01 1.4626e+03 2.9691e+03 4.2000e+03 8.9506e+20 6.2308e+20 6.2308e+20 4.9612e-02 0.0000e+00 7.1027e+04 0.0000e+00
4.1400e+03 5.2437e-12 8.3963e-01 1.4623e+03 2.9686e+03 4.2000e+03 9.0032e+20 6.2589e+20 6.2589e+20 4.9500e-02 0.0000e+00 7.1172e+04 0.0000e+00
4.1500e+03 5.2326e-12 8.3974e-01 1.4621e+03 2.9680e+03 4.2000e+03 9.0561e+20 6.2871e+20 6.2871e+20 4.9389e-02 0.0000e+00 7.1316e+04 0.0000e+00
4.1600e+03 5.2216e-12 8.3986e-01 1.4618e+03 2.9675e+03 4.2000e+03 9.1092e+20 6.3153e+20 6.3153e+20 4.9278e-02 0.0000e+00 7.1460e+04 0.0000e+00
4.1700e+03 5.2106e-12 8.3997e-01 1.4615e+03 2.9670e+03 4.2000e+03 9.1625e+20 6.3436e+20 6.3436e+20 4.9168e-02 0.0000e+00 7.1605e+04 0.0000e+00
4.1800e+03 5.1997e-12 8.4008e-01 1.4613e+03 2.9664e+03 4.2000e+03 9.2159e+20 6.3719e+20 6.3719e+20 4.9058e-02 0.0000e+00 7.1749e+04 0.0000e+00
4.1900e+03 5.1888e-12 8.4019e-01 1.4610e+03 2.9659e+03 4.2000e+03 9.2696e+20 6.4003e+20 6.4003e+20 4.8948e-02 0.0000e+00 7.1894e+04 0.0000e+00
4.2000e+03 5.1779e-12 8.4031e-01 1.4608e+03 2.9654e+03 4.2000e+03 9.3235e+20 6.4288e+20 6.4288e+20 4.8839e-02 0.0000e+00 7.2038e+04 0.0000e+00
4.2100e+03 5.1671e-12 8.4042e-01 1.4605e+03 2.9649e+03 4.2000e+03 9.3777e+20 6.4573e+20 6.4573e+20 4.8731e-02 0.0000e+00 7.2182e+04 0.0000e+00
4.2200e+03 5.1564e-12 8.4053e-01 1.4602e+03 2.9643e+03 4.2000e+03 9.4320e+20 6.4858e+20 6.4858e+20 4.8623e-02 0.0000e+00 7.2327e+04 0.0000e+00
4.2300e+03 5.1457e-12 8.4065e-01 1.4600e+03 2.9638e+03 4.2000e+03 9.4865e+20 6.5144e+20 6.5144e+20 4.8515e-02 0.0000e+00 7.2471e+04 0.0000e+00
4.2400e+03 5.1350e-12 8.4076e-01 1.4597e+03 2.9633e+03 4.2000e+03 9.5413e+20 6.5431e+20 6.5431e+20 4.8408e-02 0.0000e+00 7.2616e+04 0.0000e+00
4.2500e+03 5.1244e-12 8.4088e-01 1.4595e+03 2.9628e+03 4.2000e+03 9.5962e+20 6.5718e+20 6.5718e+20 4.8302e-02 0.0000e+00 7.2760e+04 0.0000e+00
4.2600e+03 5.1138e-12 8.4099e-01 1.4592e+03 2.9623e+03 4.2000e+03 9.6514e+20 6.6005e+20 6.6005e+20 4.8195e-02 0.0000e+00 7.2905e+04 0.0000e+00
4.2700e+03 5.1033e-12 8.4111e-01 1.4590e+03 2.9618e+03 4.2000e+03 9.7068e+20 6.6293e+20 6.6293e+20 4.8090e-02 0.0000e+00 7.3049e+04 0.0000e+00
4.2800e+03 5.0928e-12 8.4122e-01 1.4587e+03 2.9612e+03 4.2000e+03 9.7624e+20 6.6582e+20 6.6582e+20 4.7984e-02 0.0000e+00 7.3194e+04 0.0000e+00
4.2900e+03 5.0824e-12 8.4134e-01 1.4585e+03 2.9607e+03 4.2000e+03 9.8182e+20 6.6871e+20 6.6871e+20 4.7880e-02 0.0000e+00 7.3338e+04 0.0000e+00
4.3000e+03 5.0720e-12 8.4145e-01 1.4582e+03 2.9602e+03 4.2000e+03 9.8742e+20 6.7160e+20 6.7160e+20 4.7775e-02 0.0000e+00 7.3483e+04 0.0000e+00
4.3100e+03 5.0617e-12 8.4157e-01 1.4580e+03 2.9597e+03 4.2000e+03 9.9304e+20 6.7450e+20 6.7450e+20 4.7671e-02 0.0000e+00 7.3627e+04 0.0000e+00
4.3200e+03 5.0514e-12 8.4169e-01 1.4577e+03 2.9592e+03 4.2000e+03 9.9869e+20 6.7741e+20 6.7741e+20 4.7568e-02 0.0000e+00 7.3772e+04 0.0000e+00
4.3300e+03 5.0411e-12 8.4180e-01 1.4575e+03 2.9587e+03 4.2000e+03 1.0044e+21 6.8032e+20 6.8032e+20 4.7464e-02 0.0000e+00 7.3916e+04 0.0000e+00
4.3400e+03 5.0309e-12 8.4192e-01 1.4572e+03 2.9582e+03 4.2000e+03 1.0100e+21 6.8324e+20 6.8324e+20 4.7362e-02 0.0000e+00 7.4061e+04 0.0000e+00
4.3500e+03 5.0207e-12 8.4204e-01 1.4570e+03 2.9577e+03 4.2000e+03 1.0157e+21 6.8616e+20 6.8616e+20 4.7259e-02 0.0000e+00 7.4205e+04 0.0000e+00
4.3600e+03 5.0106e-12 8.4216e-01 1.4567e+03 2.9572e+03 4.2000e+03 1.0215e+21 6.8908e+20 6.8908e+20 4.7158e-02 0.0000e+00 7.4350e+04 0.0000e+00
4.3700e+03 5.0005e-12 8.4227e-01 1.4565e+03 2.9567e+03 4.2000e+03 1.0272e+21 6.9201e+20 6.9201e+20 4.7056e-02 0.0000e+00 7.4494e+04 0.0000e+00
4.3800e+03 4.9905e-12 8.4239e-01 1.4562e+03 2.9562e+03 4.2000e+03 1.0330e+21 6.9495e+20 6.9495e+20 4.6955e-02 0.0000e+00 7.4639e+04 0.0000e+00
4.3900e+03 4.9805e-12 8.4251e-01 1.4560e+03 2.9557e+03 4.2000e+03 1.0388e+21 6.9789e+20 6.9789e+20 4.6855e-02 0.0000e+00 7.4783e+04 0.0000e+00
4.4000e+03 4.9706e-12 8.4263e-01 1.4557e+03 2.9552e+03 4.2000e+03 1.0446e+21 7.0084e+20 7.0084e+20 4.6754e-02 0.0000e+00 7.4928e+04 0.0000e+00
4.4100e+03 4.9607e-12 8.4275e-01 1.4555e+03 2.9547e+03 4.2000e+03 1.0505e+21 7.0379e+20 7.0379e+20 4.6655e-02 0.0000e+00 7.5072e+04 0.0000e+00
4.4200e+03 4.9508e-12 8.4287e-01 1.4552e+03 2.9542e+03 4.2000e+03 1.0563e+21 7.0674e+20 7.0674e+20 4.6555e-02 0.0000e+00 7.5217e+04 0.0000e+00
4.4300e+03 4.9410e-12 8.4299e-01 1.4550e+03 2.9537e+03 4.2000e+03 1.0622e+21 7.0970e+20 7.0970e+20 4.6456e-02 0.0000e+00 7.5361e+04 0.0000e+00
4.4400e+03 4.9312e-12 8.4311e-01 1.4548e+03 2.9532e+03 4.2000e+03 1.0681e+21 7.1267e+20 7.1267e+20 4.6358e-02 0.0000e+00 7.5506e+04 0.0000e+00
4.4500e+03 4.9215e-12 8.4323e-01 1.4545e+03 2.9527e+03 4.2000e+03 1.0740e+21 7.1563e+20 7.1563e+20 4.6260e-02 0.0000e+00 7.5650e+04 0.0000e+00
4.4600e+03 4.9118e-12 8.4335e-01 1.4543e+03 2.9522e+03 4.2000e+03 1.0800e+21 7.1861e+20 7.1861e+20 4.6162e-02 0.0000e+00 7.5795e+04 0.0000e+00
4.4700e+03 4.9021e-12 8.4347e-01 1.4540e+03 2.9517e+03 4.2000e+03 1.0859e+21 7.2159e+20 7.2159e+20 4.6065e-02 0.0000e+00 7.5940e+04 0.0000e+00
4.4800e+03 4.8925e-12 8.4359e-01 1.4538e+03 2.9513e+03 4.2000e+03 1.0919e+21 7.2457e+20 7.2457e+20 4.5968e-02 0.0000e+00 7.6084e+04 0.0000e+00
4.4900e+03 4.8829e-12 8.4371e-01 1.4536e+03 2.9508e+03 4.2000e+03 1.0979e+21 7.2756e+20 7.2756e+20 4.5871e-02 0.0000e+00 7.6229e+04 0.0000e+00
4.5000e+03 4.8734e-12 8.4383e-01 1.4533e+03 2.9503e+03 4.2000e+03 1.1040e+21 7.3055e+20 7.3055e+20 4.5775e-02 0.0000e+00 7.6373e+04 0.0000e+00
4.5100e+03 4.8639e-12 8.4395e-01 1.4531e+03 2.9498e+03 4.2000e+03 1.1100e+21 7.3355e+20 7.3355e+20 4.5679e-02 0.0000e+00 7.6518e+04 0.0000e+00
4.5200e+03 4.8544e-12 8.4407e-01 1.4529e+03 2.9493e+03 4.2000e+03 1.1161e+21 7.3655e+20 7.3655e+20 4.5584e-02 0.0000e+00 7.6662e+04 0.0000e+00
4.5300e+03 4.8450e-12 8.4419e-01 1.4526e+03 2.9489e+03 4.2000e+03 1.1222e+21 7.3956e+20 7.3956e+20 4.5489e-02 0.0000e+00 7.6807e+04 0.0000e+00
4.5400e+03 4.8356e-12 8.4432e-01 1.4524e+03 2.9484e+03 4.2000e+03 1.1283e+21 7.4257e+20 7.4257e+20 4.5394e-02 0.0000e+00 7.6952e+04 0.0000e+00
4.5500e+03 0.0000e+00 0.0000e+00 1.4521e+03 0.0000e+00 4.2000e+03 0.0000e+00 0.0000e+00 0.0000e+00 0.0000e+00 0.0000e+00 0.0000e+00 0.0000e+00
