0.0000e+00 2.3990e-11 1.6569e-01 1.7000e+03 3.4510e+03 4.2000e+03 1.5102e+17 1.9129e+17 1.9129e+17 1.1476e+00 0.0000e+00 3.6913e+03 0.0000e+00
1.0000e+01 2.3855e-11 1.9430e-01 1.6683e+03 3.3866e+03 4.2000e+03 2.2618e+17 2.8777e+17 2.8777e+17 9.7307e-01 0.0000e+00 4.2553e+03 0.0000e+00
2.0000e+01 2.3720e-11 2.2212e-01 1.6423e+03 3.3338e+03 4.2000e+03 3.1852e+17 4.0680e+17 4.0680e+17 8.4640e-01 0.0000e+00 4.8001e+03 0.0000e+00
3.0000e+01 2.3586e-11 2.4911e-01 1.6204e+03 3.2895e+03 4.2000e+03 4.2823e+17 5.4874e+17 5.4874e+17 7.5044e-01 0.0000e+00 5.3266e+03 0.0000e+00
4.0000e+01 2.3454e-11 2.7525e-01 1.6017e+03 3.2516e+03 4.2000e+03 5.5524e+17 7.1354e+17 7.1354e+17 6.7536e-01 0.0000e+00 5.8357e+03 0.0000e+00
5.0000e+01 2.3322e-11 3.0051e-01 1.5855e+03 3.2186e+03 4.2000e+03 6.9923e+17 9.0090e+17 9.0090e+17 6.1512e-01 0.0000e+00 6.3281e+03 0.0000e+00
6.0000e+01 2.3191e-11 3.2489e-01 1.5713e+03 3.1897e+03 4.2000e+03 8.5972e+17 1.1102e+18 1.1102e+18 5.6578e-01 0.0000e+00 6.8044e+03 0.0000e+00
7.0000e+01 2.3062e-11 3.4838e-01 1.5586e+03 3.1640e+03 4.2000e+03 1.0361e+18 1.3408e+18 1.3408e+18 5.2467e-01 0.0000e+00 7.2650e+03 0.0000e+00
8.0000e+01 2.2933e-11 3.7099e-01 1.5472e+03 3.1410e+03 4.2000e+03 1.2276e+18 1.5916e+18 1.5916e+18 4.8994e-01 0.0000e+00 7.7106e+03 0.0000e+00
9.0000e+01 2.2805e-11 3.9274e-01 1.5370e+03 3.1202e+03 4.2000e+03 1.4335e+18 1.8617e+18 1.8617e+18 4.6024e-01 0.0000e+00 8.1416e+03 0.0000e+00
1.0000e+02 2.2678e-11 4.1362e-01 1.5278e+03 3.1014e+03 4.2000e+03 1.6528e+18 2.1500e+18 2.1500e+18 4.3457e-01 0.0000e+00 8.5586e+03 0.0000e+00
1.1000e+02 2.2553e-11 4.3367e-01 1.5193e+03 3.0843e+03 4.2000e+03 1.8848e+18 2.4554e+18 2.4554e+18 4.1218e-01 0.0000e+00 8.9620e+03 0.0000e+00
1.2000e+02 2.2428e-11 4.5290e-01 1.5116e+03 3.0685e+03 4.2000e+03 2.1285e+18 2.7766e+18 2.7766e+18 3.9249e-01 0.0000e+00 9.3523e+03 0.0000e+00
1.3000e+02 2.2304e-11 4.7134e-01 1.5045e+03 3.0541e+03 4.2000e+03 2.3831e+18 3.1126e+18 3.1126e+18 3.7506e-01 0.0000e+00 9.7301e+03 0.0000e+00
1.4000e+02 2.2181e-11 4.8900e-01 1.4979e+03 3.0407e+03 4.2000e+03 2.6476e+18 3.4622e+18 3.4622e+18 3.5952e-01 0.0000e+00 1.0096e+04 0.0000e+00
1.5000e+02 2.2059e-11 5.0591e-01 1.4918e+03 3.0284e+03 4.2000e+03 2.9213e+18 3.8242e+18 3.8242e+18 3.4559e-01 0.0000e+00 1.0450e+04 0.0000e+00
1.6000e+02 2.1937e-11 5.2209e-01 1.4861e+03 3.0169e+03 4.2000e+03 3.2032e+18 4.1976e+18 4.1976e+18 3.3304e-01 0.0000e+00 1.0793e+04 0.0000e+00
1.7000e+02 2.1817e-11 5.3758e-01 1.4809e+03 3.0062e+03 4.2000e+03 3.4927e+18 4.5814e+18 4.5814e+18 3.2167e-01 0.0000e+00 1.1125e+04 0.0000e+00
1.8000e+02 2.1698e-11 5.5239e-01 1.4759e+03 2.9962e+03 4.2000e+03 3.7890e+18 4.9746e+18 4.9746e+18 3.1133e-01 0.0000e+00 1.1447e+04 0.0000e+00
1.9000e+02 2.1579e-11 5.6655e-01 1.4713e+03 2.9868e+03 4.2000e+03 4.0914e+18 5.3761e+18 5.3761e+18 3.0189e-01 0.0000e+00 1.1759e+04 0.0000e+00
2.0000e+02 2.1462e-11 5.8008e-01 1.4670e+03 2.9780e+03 4.2000e+03 4.3992e+18 5.7852e+18 5.7852e+18 2.9324e-01 0.0000e+00 1.2061e+04 0.0000e+00
2.1000e+02 2.1345e-11 5.9302e-01 1.4629e+03 2.9697e+03 4.2000e+03 4.7118e+18 6.2011e+18 6.2011e+18 2.8528e-01 0.0000e+00 1.2355e+04 0.0000e+00
2.2000e+02 2.1229e-11 6.0537e-01 1.4590e+03 2.9619e+03 4.2000e+03 5.0286e+18 6.6229e+18 6.6229e+18 2.7794e-01 0.0000e+00 1.2640e+04 0.0000e+00
2.3000e+02 2.1114e-11 6.1718e-01 1.4554e+03 2.9545e+03 4.2000e+03 5.3492e+18 7.0499e+18 7.0499e+18 2.7115e-01 0.0000e+00 1.2916e+04 0.0000e+00
2.4000e+02 2.1000e-11 6.2845e-01 1.4519e+03 2.9475e+03 4.2000e+03 5.6729e+18 7.4815e+18 7.4815e+18 2.6485e-01 0.0000e+00 1.3184e+04 0.0000e+00
2.5000e+02 2.0886e-11 6.3922e-01 1.4487e+03 2.9409e+03 4.2000e+03 5.9995e+18 7.9171e+18 7.9171e+18 2.5898e-01 0.0000e+00 1.3445e+04 0.0000e+00
2.6000e+02 2.0774e-11 6.4950e-01 1.4456e+03 2.9346e+03 4.2000e+03 6.3284e+18 8.3561e+18 8.3561e+18 2.5351e-01 0.0000e+00 1.3699e+04 0.0000e+00
2.7000e+02 2.0662e-11 6.5931e-01 1.4426e+03 2.9286e+03 4.2000e+03 6.6594e+18 8.7981e+18 8.7981e+18 2.4839e-01 0.0000e+00 1.3945e+04 0.0000e+00
2.8000e+02 2.0551e-11 6.6868e-01 1.4398e+03 2.9229e+03 4.2000e+03 6.9920e+18 9.2426e+18 9.2426e+18 2.4360e-01 0.0000e+00 1.4185e+04 0.0000e+00
2.9000e+02 2.0441e-11 6.7763e-01 1.4372e+03 2.9175e+03 4.2000e+03 7.3260e+18 9.6891e+18 9.6891e+18 2.3909e-01 0.0000e+00 1.4419e+04 0.0000e+00
3.0000e+02 2.0332e-11 6.8616e-01 1.4346e+03 2.9123e+03 4.2000e+03 7.6611e+18 1.0137e+19 1.0137e+19 2.3486e-01 0.0000e+00 1.4646e+04 0.0000e+00
3.1000e+02 2.0224e-11 6.9431e-01 1.4322e+03 2.9073e+03 4.2000e+03 7.9970e+18 1.0587e+19 1.0587e+19 2.3086e-01 0.0000e+00 1.4868e+04 0.0000e+00
3.2000e+02 2.0116e-11 7.0209e-01 1.4298e+03 2.9026e+03 4.2000e+03 8.3336e+18 1.1038e+19 1.1038e+19 2.2709e-01 0.0000e+00 1.5084e+04 0.0000e+00
3.3000e+02 2.0009e-11 7.0951e-01 1.4276e+03 2.8980e+03 4.2000e+03 8.6707e+18 1.1489e+19 1.1489e+19 2.2352e-01 0.0000e+00 1.5295e+04 0.0000e+00
3.4000e+02 1.9903e-11 7.1659e-01 1.4254e+03 2.8937e+03 4.2000e+03 9.0081e+18 1.1941e+19 1.1941e+19 2.2014e-01 0.0000e+00 1.5500e+04 0.0000e+00
3.5000e+02 1.9798e-11 7.2335e-01 1.4234e+03 2.8895e+03 4.2000e+03 9.3457e+18 1.2394e+19 1.2394e+19 2.1693e-01 0.0000e+00 1.5701e+04 0.0000e+00
3.6000e+02 1.9693e-11 7.2980e-01 1.4214e+03 2.8854e+03 4.2000e+03 9.6834e+18 1.2847e+19 1.2847e+19 2.1388e-01 0.0000e+00 1.5897e+04 0.0000e+00
3.7000e+02 1.9589e-11 7.3595e-01 1.4194e+03 2.8815e+03 4.2000e+03 1.0021e+19 1.3300e+19 1.3300e+19 2.1097e-01 0.0000e+00 1.6089e+04 0.0000e+00
3.8000e+02 1.9486e-11 7.4182e-01 1.4176e+03 2.8778e+03 4.2000e+03 1.0358e+19 1.3753e+19 1.3753e+19 2.0820e-01 0.0000e+00 1.6276e+04 0.0000e+00
3.9000e+02 1.9384e-11 7.4743e-01 1.4158e+03 2.8742e+03 4.2000e+03 1.0696e+19 1.4205e+19 1.4205e+19 2.0556e-01 0.0000e+00 1.6460e+04 0.0000e+00
4.0000e+02 1.9283e-11 7.5277e-01 1.4141e+03 2.8707e+03 4.2000e+03 1.1033e+19 1.4658e+19 1.4658e+19 2.0303e-01 0.0000e+00 1.6639e+04 0.0000e+00
4.1000e+02 1.9182e-11 7.5787e-01 1.4124e+03 2.8673e+03 4.2000e+03 1.1369e+19 1.5111e+19 1.5111e+19 2.0061e-01 0.0000e+00 1.6815e+04 0.0000e+00
4.2000e+02 1.9082e-11 7.6274e-01 1.4108e+03 2.8640e+03 4.2000e+03 1.1706e+19 1.5563e+19 1.5563e+19 1.9829e-01 0.0000e+00 1.6988e+04 0.0000e+00
4.3000e+02 1.8983e-11 7.6739e-01 1.4093e+03 2.8608e+03 4.2000e+03 1.2042e+19 1.6015e+19 1.6015e+19 1.9606e-01 0.0000e+00 1.7157e+04 0.0000e+00
4.4000e+02 1.8884e-11 7.7182e-01 1.4078e+03 2.8578e+03 4.2000e+03 1.2378e+19 1.6466e+19 1.6466e+19 1.9392e-01 0.0000e+00 1.7323e+04 0.0000e+00
4.5000e+02 1.8786e-11 7.7605e-01 1.4063e+03 2.8548e+03 4.2000e+03 1.2713e+19 1.6918e+19 1.6918e+19 1.9187e-01 0.0000e+00 1.7485e+04 0.0000e+00
4.6000e+02 1.8689e-11 7.8009e-01 1.4049e+03 2.8519e+03 4.2000e+03 1.3048e+19 1.7369e+19 1.7369e+19 1.8989e-01 0.0000e+00 1.7645e+04 0.0000e+00
4.7000e+02 1.8593e-11 7.8394e-01 1.4035e+03 2.8491e+03 4.2000e+03 1.3383e+19 1.7819e+19 1.7819e+19 1.8798e-01 0.0000e+00 1.7802e+04 0.0000e+00
4.8000e+02 1.8497e-11 7.8762e-01 1.4021e+03 2.8464e+03 4.2000e+03 1.3718e+19 1.8270e+19 1.8270e+19 1.8614e-01 0.0000e+00 1.7956e+04 0.0000e+00
4.9000e+02 1.8402e-11 7.9113e-01 1.4008e+03 2.8437e+03 4.2000e+03 1.4052e+19 1.8720e+19 1.8720e+19 1.8436e-01 0.0000e+00 1.8108e+04 0.0000e+00
5.0000e+02 1.8307e-11 7.9447e-01 1.3995e+03 2.8411e+03 4.2000e+03 1.4386e+19 1.9170e+19 1.9170e+19 1.8264e-01 0.0000e+00 1.8258e+04 0.0000e+00
5.1000e+02 1.8214e-11 7.9767e-01 1.3983e+03 2.8386e+03 4.2000e+03 1.4720e+19 1.9620e+19 1.9620e+19 1.8098e-01 0.0000e+00 1.8405e+04 0.0000e+00
5.2000e+02 1.8121e-11 8.0072e-01 1.3971e+03 2.8361e+03 4.2000e+03 1.5054e+19 2.0070e+19 2.0070e+19 1.7937e-01 0.0000e+00 1.8550e+04 0.0000e+00
5.3000e+02 1.8028e-11 8.0363e-01 1.3959e+03 2.8337e+03 4.2000e+03 1.5388e+19 2.0520e+19 2.0520e+19 1.7781e-01 0.0000e+00 1.8692e+04 0.0000e+00
5.4000e+02 1.7937e-11 8.0640e-01 1.3947e+03 2.8314e+03 4.2000e+03 1.5721e+19 2.0970e+19 2.0970e+19 1.7630e-01 0.0000e+00 1.8833e+04 0.0000e+00
5.5000e+02 1.7846e-11 8.0905e-01 1.3936e+03 2.8291e+03 4.2000e+03 1.6055e+19 2.1420e+19 2.1420e+19 1.7483e-01 0.0000e+00 1.8972e+04 0.0000e+00
5.6000e+02 1.7755e-11 8.1158e-01 1.3925e+03 2.8268e+03 4.2000e+03 1.6389e+19 2.1871e+19 2.1871e+19 1.7340e-01 0.0000e+00 1.9109e+04 0.0000e+00
5.7000e+02 1.7666e-11 8.1399e-01 1.3914e+03 2.8246e+03 4.2000e+03 1.6723e+19 2.2322e+19 2.2322e+19 1.7201e-01 0.0000e+00 1.9244e+04 0.0000e+00
5.8000e+02 1.7577e-11 8.1629e-01 1.3904e+03 2.8225e+03 4.2000e+03 1.7057e+19 2.2773e+19 2.2773e+19 1.7066e-01 0.0000e+00 1.9378e+04 0.0000e+00
5.9000e+02 1.7488e-11 8.1849e-01 1.3893e+03 2.8204e+03 4.2000e+03 1.7392e+19 2.3224e+19 2.3224e+19 1.6935e-01 0.0000e+00 1.9510e+04 0.0000e+00
6.0000e+02 1.7400e-11 8.2058e-01 1.3883e+03 2.8183e+03 4.2000e+03 1.7726e+19 2.3676e+19 2.3676e+19 1.6807e-01 0.0000e+00 1.9640e+04 0.0000e+00
6.1000e+02 1.7313e-11 8.2258e-01 1.3873e+03 2.8163e+03 4.2000e+03 1.8062e+19 2.4129e+19 2.4129e+19 1.6682e-01 0.0000e+00 1.9769e+04 0.0000e+00
6.2000e+02 1.7227e-11 8.2449e-01 1.3863e+03 2.8143e+03 4.2000e+03 1.8397e+19 2.4582e+19 2.4582e+19 1.6560e-01 0.0000e+00 1.9897e+04 0.0000e+00
6.3000e+02 1.7141e-11 8.2631e-01 1.3854e+03 2.8123e+03 4.2000e+03 1.8733e+19 2.5037e+19 2.5037e+19 1.6441e-01 0.0000e+00 2.0023e+04 0.0000e+00
6.4000e+02 1.7055e-11 8.2805e-01 1.3844e+03 2.8104e+03 4.2000e+03 1.9070e+19 2.5492e+19 2.5492e+19 1.6325e-01 0.0000e+00 2.0148e+04 0.0000e+00
6.5000e+02 1.6971e-11 8.2970e-01 1.3835e+03 2.8085e+03 4.2000e+03 1.9407e+19 2.5948e+19 2.5948e+19 1.6212e-01 0.0000e+00 2.0272e+04 0.0000e+00
6.6000e+02 1.6887e-11 8.3128e-01 1.3826e+03 2.8066e+03 4.2000e+03 1.9745e+19 2.6405e+19 2.6405e+19 1.6101e-01 0.0000e+00 2.0395e+04 0.0000e+00
6.7000e+02 1.6803e-11 8.3279e-01 1.3817e+03 2.8048e+03 4.2000e+03 2.0084e+19 2.6863e+19 2.6863e+19 1.5992e-01 0.0000e+00 2.0516e+04 0.0000e+00
6.8000e+02 1.6720e-11 8.3423e-01 1.3808e+03 2.8030e+03 4.2000e+03 2.0424e+19 2.7322e+19 2.7322e+19 1.5886e-01 0.0000e+00 2.0637e+04 0.0000e+00
6.9000e+02 1.6638e-11 8.3560e-01 1.3799e+03 2.8012e+03 4.2000e+03 2.0764e+19 2.7783e+19 2.7783e+19 1.5782e-01 0.0000e+00 2.0756e+04 0.0000e+00
7.0000e+02 1.6556e-11 8.3690e-01 1.3790e+03 2.7995e+03 4.2000e+03 2.1106e+19 2.8245e+19 2.8245e+19 1.5680e-01 0.0000e+00 2.0875e+04 0.0000e+00
7.1000e+02 1.6475e-11 8.3815e-01 1.3782e+03 2.7978e+03 4.2000e+03 2.1448e+19 2.8708e+19 2.8708e+19 1.5580e-01 0.0000e+00 2.0993e+04 0.0000e+00
7.2000e+02 1.6394e-11 8.3934e-01 1.3774e+03 2.7961e+03 4.2000e+03 2.1792e+19 2.9173e+19 2.9173e+19 1.5481e-01 0.0000e+00 2.1110e+04 0.0000e+00
7.3000e+02 1.6314e-11 8.4047e-01 1.3765e+03 2.7944e+03 4.2000e+03 2.2137e+19 2.9640e+19 2.9640e+19 1.5385e-01 0.0000e+00 2.1226e+04 0.0000e+00
7.4000e+02 1.6235e-11 8.4155e-01 1.3757e+03 2.7927e+03 4.2000e+03 2.2483e+19 3.0108e+19 3.0108e+19 1.5290e-01 0.0000e+00 2.1341e+04 0.0000e+00
7.5000e+02 1.6156e-11 8.4258e-01 1.3749e+03 2.7911e+03 4.2000e+03 2.2830e+19 3.0579e+19 3.0579e+19 1.5198e-01 0.0000e+00 2.1456e+04 0.0000e+00
7.6000e+02 1.6078e-11 8.4356e-01 1.3741e+03 2.7895e+03 4.2000e+03 2.3178e+19 3.1051e+19 3.1051e+19 1.5106e-01 0.0000e+00 2.1569e+04 0.0000e+00
7.7000e+02 1.6000e-11 8.4449e-01 1.3733e+03 2.7879e+03 4.2000e+03 2.3528e+19 3.1525e+19 3.1525e+19 1.5017e-01 0.0000e+00 2.1683e+04 0.0000e+00
7.8000e+02 1.5923e-11 8.4538e-01 1.3726e+03 2.7863e+03 4.2000e+03 2.3880e+19 3.2001e+19 3.2001e+19 1.4928e-01 0.0000e+00 2.1795e+04 0.0000e+00
7.9000e+02 1.5846e-11 8.4623e-01 1.3718e+03 2.7848e+03 4.2000e+03 2.4232e+19 3.2479e+19 3.2479e+19 1.4842e-01 0.0000e+00 2.1907e+04 0.0000e+00
8.0000e+02 1.5770e-11 8.4703e-01 1.3710e+03 2.7833e+03 4.2000e+03 2.4587e+19 3.2959e+19 3.2959e+19 1.4756e-01 0.0000e+00 2.2019e+04 0.0000e+00
8.1000e+02 1.5694e-11 8.4780e-01 1.3703e+03 2.7817e+03 4.2000e+03 2.4943e+19 3.3441e+19 3.3441e+19 1.4672e-01 0.0000e+00 2.2129e+04 0.0000e+00
8.2000e+02 1.5619e-11 8.4853e-01 1.3696e+03 2.7802e+03 4.2000e+03 2.5300e+19 3.3926e+19 3.3926e+19 1.4589e-01 0.0000e+00 2.2240e+04 0.0000e+00
8.3000e+02 1.5544e-11 8.4922e-01 1.3688e+03 2.7787e+03 4.2000e+03 2.5660e+19 3.4414e+19 3.4414e+19 1.4508e-01 0.0000e+00 2.2350e+04 0.0000e+00
8.4000e+02 1.5470e-11 8.4988e-01 1.3681e+03 2.7773e+03 4.2000e+03 2.6021e+19 3.4903e+19 3.4903e+19 1.4428e-01 0.0000e+00 2.2459e+04 0.0000e+00
8.5000e+02 1.5397e-11 8.5051e-01 1.3674e+03 2.7758e+03 4.2000e+03 2.6384e+19 3.5395e+19 3.5395e+19 1.4348e-01 0.0000e+00 2.2568e+04 0.0000e+00
8.6000e+02 1.5324e-11 8.5111e-01 1.3667e+03 2.7744e+03 4.2000e+03 2.6748e+19 3.5890e+19 3.5890e+19 1.4270e-01 0.0000e+00 2.2676e+04 0.0000e+00
8.7000e+02 1.5251e-11 8.5168e-01 1.3660e+03 2.7729e+03 4.2000e+03 2.7115e+19 3.6388e+19 3.6388e+19 1.4193e-01 0.0000e+00 2.2785e+04 0.0000e+00
8.8000e+02 1.5179e-11 8.5222e-01 1.3653e+03 2.7715e+03 4.2000e+03 2.7484e+19 3.6888e+19 3.6888e+19 1.4117e-01 0.0000e+00 2.2892e+04 0.0000e+00
8.9000e+02 1.5108e-11 8.5273e-01 1.3646e+03 2.7701e+03 4.2000e+03 2.7854e+19 3.7391e+19 3.7391e+19 1.4042e-01 0.0000e+00 2.3000e+04 0.0000e+00
9.0000e+02 1.5037e-11 8.5321e-01 1.3639e+03 2.7687e+03 4.2000e+03 2.8227e+19 3.7897e+19 3.7897e+19 1.3968e-01 0.0000e+00 2.3107e+04 0.0000e+00
9.1000e+02 1.4966e-11 8.5367e-01 1.3632e+03 2.7673e+03 4.2000e+03 2.8602e+19 3.8406e+19 3.8406e+19 1.3895e-01 0.0000e+00 2.3214e+04 0.0000e+00
9.2000e+02 1.4896e-11 8.5411e-01 1.3625e+03 2.7660e+03 4.2000e+03 2.8979e+19 3.8918e+19 3.8918e+19 1.3823e-01 0.0000e+00 2.3320e+04 0.0000e+00
9.3000e+02 1.4827e-11 8.5452e-01 1.3619e+03 2.7646e+03 4.2000e+03 2.9358e+19 3.9433e+19 3.9433e+19 1.3752e-01 0.0000e+00 2.3426e+04 0.0000e+00
9.4000e+02 1.4757e-11 8.5491e-01 1.3612e+03 2.7633e+03 4.2000e+03 2.9740e+19 3.9951e+19 3.9951e+19 1.3682e-01 0.0000e+00 2.3532e+04 0.0000e+00
9.5000e+02 1.4689e-11 8.5529e-01 1.3605e+03 2.7619e+03 4.2000e+03 3.0124e+19 4.0473e+19 4.0473e+19 1.3612e-01 0.0000e+00 2.3638e+04 0.0000e+00
9.6000e+02 1.4621e-11 8.5564e-01 1.3599e+03 2.7606e+03 4.2000e+03 3.0510e+19 4.0998e+19 4.0998e+19 1.3544e-01 0.0000e+00 2.3743e+04 0.0000e+00
9.7000e+02 1.4553e-11 8.5597e-01 1.3592e+03 2.7593e+03 4.2000e+03 3.0898e+19 4.1525e+19 4.1525e+19 1.3476e-01 0.0000e+00 2.3848e+04 0.0000e+00
9.8000e+02 1.4486e-11 8.5628e-01 1.3586e+03 2.7580e+03 4.2000e+03 3.1289e+19 4.2057e+19 4.2057e+19 1.3409e-01 0.0000e+00 2.3953e+04 0.0000e+00
9.9000e+02 1.4419e-11 8.5658e-01 1.3580e+03 2.7567e+03 4.2000e+03 3.1683e+19 4.2592e+19 4.2592e+19 1.3342e-01 0.0000e+00 2.4058e+04 0.0000e+00
1.0000e+03 1.4353e-11 8.5685e-01 1.3573e+03 2.7554e+03 4.2000e+03 3.2079e+19 4.3130e+19 4.3130e+19 1.3277e-01 0.0000e+00 2.4163e+04 0.0000e+00
1.0100e+03 1.4287e-11 8.5712e-01 1.3567e+03 2.7541e+03 4.2000e+03 3.2477e+19 4.3672e+19 4.3672e+19 1.3212e-01 0.0000e+00 2.4267e+04 0.0000e+00
1.0200e+03 1.4222e-11 8.5736e-01 1.3561e+03 2.7529e+03 4.2000e+03 3.2879e+19 4.4217e+19 4.4217e+19 1.3147e-01 0.0000e+00 2.4371e+04 0.0000e+00
1.0300e+03 1.4157e-11 8.5759e-01 1.3554e+03 2.7516e+03 4.2000e+03 3.3282e+19 4.4766e+19 4.4766e+19 1.3084e-01 0.0000e+00 2.4475e+04 0.0000e+00
1.0400e+03 1.4092e-11 8.5781e-01 1.3548e+03 2.7503e+03 4.2000e+03 3.3689e+19 4.5319e+19 4.5319e+19 1.3021e-01 0.0000e+00 2.4579e+04 0.0000e+00
1.0500e+03 1.4028e-11 8.5802e-01 1.3542e+03 2.7491e+03 4.2000e+03 3.4098e+19 4.5876e+19 4.5876e+19 1.2959e-01 0.0000e+00 2.4683e+04 0.0000e+00
1.0600e+03 1.3965e-11 8.5821e-01 1.3536e+03 2.7479e+03 4.2000e+03 3.4510e+19 4.6436e+19 4.6436e+19 1.2897e-01 0.0000e+00 2.4787e+04 0.0000e+00
1.0700e+03 1.3902e-11 8.5839e-01 1.3530e+03 2.7466e+03 4.2000e+03 3.4925e+19 4.7000e+19 4.7000e+19 1.2836e-01 0.0000e+00 2.4890e+04 0.0000e+00
1.0800e+03 1.3839e-11 8.5855e-01 1.3524e+03 2.7454e+03 4.2000e+03 3.5342e+19 4.7569e+19 4.7569e+19 1.2776e-01 0.0000e+00 2.4994e+04 0.0000e+00
1.0900e+03 1.3777e-11 8.5871e-01 1.3518e+03 2.7442e+03 4.2000e+03 3.5763e+19 4.8141e+19 4.8141e+19 1.2716e-01 0.0000e+00 2.5097e+04 0.0000e+00
1.1000e+03 1.3715e-11 8.5885e-01 1.3512e+03 2.7430e+03 4.2000e+03 3.6186e+19 4.8717e+19 4.8717e+19 1.2657e-01 0.0000e+00 2.5201e+04 0.0000e+00
1.1100e+03 1.3653e-11 8.5899e-01 1.3506e+03 2.7418e+03 4.2000e+03 3.6612e+19 4.9298e+19 4.9298e+19 1.2598e-01 0.0000e+00 2.5304e+04 0.0000e+00
1.1200e+03 1.3592e-11 8.5911e-01 1.3500e+03 2.7406e+03 4.2000e+03 3.7042e+19 4.9882e+19 4.9882e+19 1.2540e-01 0.0000e+00 2.5407e+04 0.0000e+00
1.1300e+03 1.3532e-11 8.5922e-01 1.3494e+03 2.7394e+03 4.2000e+03 3.7474e+19 5.0471e+19 5.0471e+19 1.2482e-01 0.0000e+00 2.5510e+04 0.0000e+00
1.1400e+03 1.3471e-11 8.5933e-01 1.3488e+03 2.7382e+03 4.2000e+03 3.7909e+19 5.1063e+19 5.1063e+19 1.2425e-01 0.0000e+00 2.5613e+04 0.0000e+00
1.1500e+03 1.3412e-11 8.5943e-01 1.3483e+03 2.7370e+03 4.2000e+03 3.8348e+19 5.1661e+19 5.1661e+19 1.2369e-01 0.0000e+00 2.5717e+04 0.0000e+00
1.1600e+03 1.3352e-11 8.5951e-01 1.3477e+03 2.7359e+03 4.2000e+03 3.8789e+19 5.2262e+19 5.2262e+19 1.2313e-01 0.0000e+00 2.5820e+04 0.0000e+00
1.1700e+03 1.3293e-11 8.5959e-01 1.3471e+03 2.7347e+03 4.2000e+03 3.9234e+19 5.2868e+19 5.2868e+19 1.2257e-01 0.0000e+00 2.5922e+04 0.0000e+00
1.1800e+03 1.3235e-11 8.5966e-01 1.3465e+03 2.7335e+03 4.2000e+03 3.9682e+19 5.3478e+19 5.3478e+19 1.2202e-01 0.0000e+00 2.6025e+04 0.0000e+00
1.1900e+03 1.3176e-11 8.5973e-01 1.3460e+03 2.7324e+03 4.2000e+03 4.0133e+19 5.4093e+19 5.4093e+19 1.2148e-01 0.0000e+00 2.6128e+04 0.0000e+00
1.2000e+03 1.3119e-11 8.5979e-01 1.3454e+03 2.7312e+03 4.2000e+03 4.0587e+19 5.4712e+19 5.4712e+19 1.2093e-01 0.0000e+00 2.6231e+04 0.0000e+00
1.2100e+03 1.3061e-11 8.5984e-01 1.3449e+03 2.7301e+03 4.2000e+03 4.1045e+19 5.5336e+19 5.5336e+19 1.2040e-01 0.0000e+00 2.6334e+04 0.0000e+00
1.2200e+03 1.3004e-11 8.5988e-01 1.3443e+03 2.7290e+03 4.2000e+03 4.1506e+19 5.5964e+19 5.5964e+19 1.1987e-01 0.0000e+00 2.6437e+04 0.0000e+00
1.2300e+03 1.2947e-11 8.5992e-01 1.3437e+03 2.7278e+03 4.2000e+03 4.1970e+19 5.6597e+19 5.6597e+19 1.1934e-01 0.0000e+00 2.6540e+04 0.0000e+00
1.2400e+03 1.2891e-11 8.5995e-01 1.3432e+03 2.7267e+03 4.2000e+03 4.2437e+19 5.7235e+19 5.7235e+19 1.1881e-01 0.0000e+00 2.6643e+04 0.0000e+00
1.2500e+03 1.2835e-11 8.5998e-01 1.3426e+03 2.7256e+03 4.2000e+03 4.2908e+19 5.7877e+19 5.7877e+19 1.1830e-01 0.0000e+00 2.6746e+04 0.0000e+00
1.2600e+03 1.2780e-11 8.6000e-01 1.3421e+03 2.7245e+03 4.2000e+03 4.3383e+19 5.8525e+19 5.8525e+19 1.1778e-01 0.0000e+00 2.6849e+04 0.0000e+00
1.2700e+03 1.2725e-11 8.6001e-01 1.3415e+03 2.7234e+03 4.2000e+03 4.3861e+19 5.9177e+19 5.9177e+19 1.1727e-01 0.0000e+00 2.6951e+04 0.0000e+00
1.2800e+03 1.2670e-11 8.6002e-01 1.3410e+03 2.7222e+03 4.2000e+03 4.4342e+19 5.9833e+19 5.9833e+19 1.1676e-01 0.0000e+00 2.7054e+04 0.0000e+00
1.2900e+03 1.2615e-11 8.6003e-01 1.3404e+03 2.7211e+03 4.2000e+03 4.4827e+19 6.0495e+19 6.0495e+19 1.1626e-01 0.0000e+00 2.7157e+04 0.0000e+00
1.3000e+03 1.2561e-11 8.6003e-01 1.3399e+03 2.7201e+03 4.2000e+03 4.5316e+19 6.1162e+19 6.1162e+19 1.1576e-01 0.0000e+00 2.7260e+04 0.0000e+00
1.3100e+03 1.2508e-11 8.6003e-01 1.3394e+03 2.7190e+03 4.2000e+03 4.5808e+19 6.1834e+19 6.1834e+19 1.1527e-01 0.0000e+00 2.7363e+04 0.0000e+00
1.3200e+03 1.2454e-11 8.6002e-01 1.3388e+03 2.7179e+03 4.2000e+03 4.6304e+19 6.2510e+19 6.2510e+19 1.1478e-01 0.0000e+00 2.7466e+04 0.0000e+00
1.3300e+03 1.2401e-11 8.6001e-01 1.3383e+03 2.7168e+03 4.2000e+03 4.6803e+19 6.3192e+19 6.3192e+19 1.1429e-01 0.0000e+00 2.7569e+04 0.0000e+00
1.3400e+03 1.2349e-11 8.6000e-01 1.3378e+03 2.7157e+03 4.2000e+03 4.7306e+19 6.3879e+19 6.3879e+19 1.1381e-01 0.0000e+00 2.7672e+04 0.0000e+00
1.3500e+03 1.2296e-11 8.5998e-01 1.3372e+03 2.7146e+03 4.2000e+03 4.7813e+19 6.4571e+19 6.4571e+19 1.1333e-01 0.0000e+00 2.7775e+04 0.0000e+00
1.3600e+03 1.2244e-11 8.5996e-01 1.3367e+03 2.7136e+03 4.2000e+03 4.8324e+19 6.5268e+19 6.5268e+19 1.1285e-01 0.0000e+00 2.7879e+04 0.0000e+00
1.3700e+03 1.2193e-11 8.5993e-01 1.3362e+03 2.7125e+03 4.2000e+03 4.8838e+19 6.5970e+19 6.5970e+19 1.1238e-01 0.0000e+00 2.7982e+04 0.0000e+00
1.3800e+03 1.2141e-11 8.5990e-01 1.3357e+03 2.7115e+03 4.2000e+03 4.9356e+19 6.6678e+19 6.6678e+19 1.1191e-01 0.0000e+00 2.8085e+04 0.0000e+00
1.3900e+03 1.2090e-11 8.5987e-01 1.3352e+03 2.7104e+03 4.2000e+03 4.9878e+19 6.7391e+19 6.7391e+19 1.1145e-01 0.0000e+00 2.8188e+04 0.0000e+00
1.4000e+03 1.2040e-11 8.5984e-01 1.3346e+03 2.7093e+03 4.2000e+03 5.0403e+19 6.8109e+19 6.8109e+19 1.1098e-01 0.0000e+00 2.8292e+04 0.0000e+00
1.4100e+03 1.1990e-11 8.5980e-01 1.3341e+03 2.7083e+03 4.2000e+03 5.0933e+19 6.8833e+19 6.8833e+19 1.1052e-01 0.0000e+00 2.8395e+04 0.0000e+00
1.4200e+03 1.1940e-11 8.5976e-01 1.3336e+03 2.7073e+03 4.2000e+03 5.1466e+19 6.9562e+19 6.9562e+19 1.1007e-01 0.0000e+00 2.8499e+04 0.0000e+00
1.4300e+03 1.1890e-11 8.5972e-01 1.3331e+03 2.7062e+03 4.2000e+03 5.2004e+19 7.0296e+19 7.0296e+19 1.0962e-01 0.0000e+00 2.8602e+04 0.0000e+00
1.4400e+03 1.1841e-11 8.5968e-01 1.3326e+03 2.7052e+03 4.2000e+03 5.2545e+19 7.1036e+19 7.1036e+19 1.0917e-01 0.0000e+00 2.8706e+04 0.0000e+00
1.4500e+03 1.1792e-11 8.5963e-01 1.3321e+03 2.7042e+03 4.2000e+03 5.3091e+19 7.1782e+19 7.1782e+19 1.0872e-01 0.0000e+00 2.8809e+04 0.0000e+00
1.4600e+03 1.1743e-11 8.5958e-01 1.3316e+03 2.7031e+03 4.2000e+03 5.3640e+19 7.2533e+19 7.2533e+19 1.0828e-01 0.0000e+00 2.8913e+04 0.0000e+00
1.4700e+03 1.1695e-11 8.5953e-01 1.3311e+03 2.7021e+03 4.2000e+03 5.4193e+19 7.3289e+19 7.3289e+19 1.0784e-01 0.0000e+00 2.9017e+04 0.0000e+00
1.4800e+03 1.1647e-11 8.5948e-01 1.3306e+03 2.7011e+03 4.2000e+03 5.4751e+19 7.4051e+19 7.4051e+19 1.0740e-01 0.0000e+00 2.9121e+04 0.0000e+00
1.4900e+03 1.1599e-11 8.5942e-01 1.3301e+03 2.7001e+03 4.2000e+03 5.5312e+19 7.4819e+19 7.4819e+19 1.0697e-01 0.0000e+00 2.9224e+04 0.0000e+00
1.5000e+03 1.1552e-11 8.5937e-01 1.3296e+03 2.6991e+03 4.2000e+03 5.5878e+19 7.5593e+19 7.5593e+19 1.0654e-01 0.0000e+00 2.9328e+04 0.0000e+00
1.5100e+03 1.1505e-11 8.5931e-01 1.3291e+03 2.6980e+03 4.2000e+03 5.6447e+19 7.6372e+19 7.6372e+19 1.0611e-01 0.0000e+00 2.9432e+04 0.0000e+00
1.5200e+03 1.1458e-11 8.5925e-01 1.3286e+03 2.6970e+03 4.2000e+03 5.7021e+19 7.7157e+19 7.7157e+19 1.0569e-01 0.0000e+00 2.9537e+04 0.0000e+00
1.5300e+03 1.1411e-11 8.5919e-01 1.3281e+03 2.6960e+03 4.2000e+03 5.7599e+19 7.7948e+19 7.7948e+19 1.0527e-01 0.0000e+00 2.9641e+04 0.0000e+00
1.5400e+03 1.1365e-11 8.5913e-01 1.3276e+03 2.6950e+03 4.2000e+03 5.8181e+19 7.8745e+19 7.8745e+19 1.0485e-01 0.0000e+00 2.9745e+04 0.0000e+00
1.5500e+03 1.1319e-11 8.5907e-01 1.3271e+03 2.6940e+03 4.2000e+03 5.8768e+19 7.9548e+19 7.9548e+19 1.0443e-01 0.0000e+00 2.9849e+04 0.0000e+00
1.5600e+03 1.1274e-11 8.5900e-01 1.3266e+03 2.6931e+03 4.2000e+03 5.9359e+19 8.0356e+19 8.0356e+19 1.0402e-01 0.0000e+00 2.9954e+04 0.0000e+00
1.5700e+03 1.1228e-11 8.5894e-01 1.3261e+03 2.6921e+03 4.2000e+03 5.9954e+19 8.1171e+19 8.1171e+19 1.0361e-01 0.0000e+00 3.0058e+04 0.0000e+00
1.5800e+03 1.1183e-11 8.5887e-01 1.3256e+03 2.6911e+03 4.2000e+03 6.0553e+19 8.1991e+19 8.1991e+19 1.0320e-01 0.0000e+00 3.0163e+04 0.0000e+00
1.5900e+03 1.1139e-11 8.5880e-01 1.3252e+03 2.6901e+03 4.2000e+03 6.1157e+19 8.2818e+19 8.2818e+19 1.0280e-01 0.0000e+00 3.0267e+04 0.0000e+00
1.6000e+03 1.1094e-11 8.5874e-01 1.3247e+03 2.6891e+03 4.2000e+03 6.1765e+19 8.3650e+19 8.3650e+19 1.0240e-01 0.0000e+00 3.0372e+04 0.0000e+00
1.6100e+03 1.1050e-11 8.5867e-01 1.3242e+03 2.6882e+03 4.2000e+03 6.2377e+19 8.4489e+19 8.4489e+19 1.0200e-01 0.0000e+00 3.0477e+04 0.0000e+00
1.6200e+03 1.1006e-11 8.5860e-01 1.3237e+03 2.6872e+03 4.2000e+03 6.2994e+19 8.5334e+19 8.5334e+19 1.0160e-01 0.0000e+00 3.0581e+04 0.0000e+00
1.6300e+03 1.0963e-11 8.5853e-01 1.3232e+03 2.6862e+03 4.2000e+03 6.3615e+19 8.6184e+19 8.6184e+19 1.0121e-01 0.0000e+00 3.0686e+04 0.0000e+00
1.6400e+03 1.0919e-11 8.5846e-01 1.3228e+03 2.6853e+03 4.2000e+03 6.4241e+19 8.7042e+19 8.7042e+19 1.0082e-01 0.0000e+00 3.0791e+04 0.0000e+00
1.6500e+03 1.0876e-11 8.5838e-01 1.3223e+03 2.6843e+03 4.2000e+03 6.4871e+19 8.7905e+19 8.7905e+19 1.0043e-01 0.0000e+00 3.0896e+04 0.0000e+00
1.6600e+03 1.0834e-11 8.5831e-01 1.3218e+03 2.6833e+03 4.2000e+03 6.5505e+19 8.8774e+19 8.8774e+19 1.0004e-01 0.0000e+00 3.1001e+04 0.0000e+00
1.6700e+03 1.0791e-11 8.5824e-01 1.3214e+03 2.6824e+03 4.2000e+03 6.6144e+19 8.9650e+19 8.9650e+19 9.9659e-02 0.0000e+00 3.1107e+04 0.0000e+00
1.6800e+03 1.0749e-11 8.5817e-01 1.3209e+03 2.6814e+03 4.2000e+03 6.6788e+19 9.0532e+19 9.0532e+19 9.9278e-02 0.0000e+00 3.1212e+04 0.0000e+00
1.6900e+03 1.0707e-11 8.5809e-01 1.3204e+03 2.6805e+03 4.2000e+03 6.7436e+19 9.1421e+19 9.1421e+19 9.8899e-02 0.0000e+00 3.1317e+04 0.0000e+00
1.7000e+03 1.0665e-11 8.5802e-01 1.3200e+03 2.6795e+03 4.2000e+03 6.8089e+19 9.2316e+19 9.2316e+19 9.8523e-02 0.0000e+00 3.1423e+04 0.0000e+00
1.7100e+03 1.0624e-11 8.5794e-01 1.3195e+03 2.6786e+03 4.2000e+03 6.8746e+19 9.3217e+19 9.3217e+19 9.8149e-02 0.0000e+00 3.1528e+04 0.0000e+00
1.7200e+03 1.0583e-11 8.5787e-01 1.3190e+03 2.6777e+03 4.2000e+03 6.9408e+19 9.4125e+19 9.4125e+19 9.7777e-02 0.0000e+00 3.1634e+04 0.0000e+00
1.7300e+03 1.0542e-11 8.5779e-01 1.3186e+03 2.6767e+03 4.2000e+03 7.0075e+19 9.5039e+19 9.5039e+19 9.7408e-02 0.0000e+00 3.1740e+04 0.0000e+00
1.7400e+03 1.0501e-11 8.5772e-01 1.3181e+03 2.6758e+03 4.2000e+03 7.0746e+19 9.5960e+19 9.5960e+19 9.7041e-02 0.0000e+00 3.1845e+04 0.0000e+00
1.7500e+03 1.0461e-11 8.5764e-01 1.3176e+03 2.6749e+03 4.2000e+03 7.1423e+19 9.6887e+19 9.6887e+19 9.6677e-02 0.0000e+00 3.1951e+04 0.0000e+00
1.7600e+03 1.0421e-11 8.5757e-01 1.3172e+03 2.6739e+03 4.2000e+03 7.2103e+19 9.7821e+19 9.7821e+19 9.6315e-02 0.0000e+00 3.2057e+04 0.0000e+00
1.7700e+03 1.0381e-11 8.5749e-01 1.3167e+03 2.6730e+03 4.2000e+03 7.2789e+19 9.8761e+19 9.8761e+19 9.5955e-02 0.0000e+00 3.2163e+04 0.0000e+00
1.7800e+03 1.0342e-11 8.5742e-01 1.3163e+03 2.6721e+03 4.2000e+03 7.3479e+19 9.9708e+19 9.9708e+19 9.5597e-02 0.0000e+00 3.2269e+04 0.0000e+00
1.7900e+03 1.0302e-11 8.5734e-01 1.3158e+03 2.6712e+03 4.2000e+03 7.4174e+19 1.0066e+20 1.0066e+20 9.5242e-02 0.0000e+00 3.2375e+04 0.0000e+00
1.8000e+03 1.0263e-11 8.5726e-01 1.3154e+03 2.6703e+03 4.2000e+03 7.4874e+19 1.0162e+20 1.0162e+20 9.4889e-02 0.0000e+00 3.2482e+04 0.0000e+00
1.8100e+03 1.0224e-11 8.5719e-01 1.3149e+03 2.6693e+03 4.2000e+03 7.5579e+19 1.0259e+20 1.0259e+20 9.4538e-02 0.0000e+00 3.2588e+04 0.0000e+00
1.8200e+03 1.0186e-11 8.5711e-01 1.3145e+03 2.6684e+03 4.2000e+03 7.6288e+19 1.0356e+20 1.0356e+20 9.4189e-02 0.0000e+00 3.2694e+04 0.0000e+00
1.8300e+03 1.0147e-11 8.5704e-01 1.3140e+03 2.6675e+03 4.2000e+03 7.7003e+19 1.0454e+20 1.0454e+20 9.3842e-02 0.0000e+00 3.2801e+04 0.0000e+00
1.8400e+03 1.0109e-11 8.5696e-01 1.3136e+03 2.6666e+03 4.2000e+03 7.7722e+19 1.0553e+20 1.0553e+20 9.3498e-02 0.0000e+00 3.2908e+04 0.0000e+00
1.8500e+03 1.0071e-11 8.5689e-01 1.3131e+03 2.6657e+03 4.2000e+03 7.8447e+19 1.0653e+20 1.0653e+20 9.3155e-02 0.0000e+00 3.3014e+04 0.0000e+00
1.8600e+03 1.0033e-11 8.5681e-01 1.3127e+03 2.6648e+03 4.2000e+03 7.9176e+19 1.0753e+20 1.0753e+20 9.2815e-02 0.0000e+00 3.3121e+04 0.0000e+00
1.8700e+03 9.9960e-12 8.5674e-01 1.3123e+03 2.6639e+03 4.2000e+03 7.9910e+19 1.0854e+20 1.0854e+20 9.2477e-02 0.0000e+00 3.3228e+04 0.0000e+00
1.8800e+03 9.9588e-12 8.5666e-01 1.3118e+03 2.6630e+03 4.2000e+03 8.0649e+19 1.0955e+20 1.0955e+20 9.2141e-02 0.0000e+00 3.3335e+04 0.0000e+00
1.8900e+03 9.9219e-12 8.5659e-01 1.3114e+03 2.6622e+03 4.2000e+03 8.1393e+19 1.1057e+20 1.1057e+20 9.1807e-02 0.0000e+00 3.3442e+04 0.0000e+00
1.9000e+03 9.8851e-12 8.5651e-01 1.3110e+03 2.6613e+03 4.2000e+03 8.2142e+19 1.1160e+20 1.1160e+20 9.1475e-02 0.0000e+00 3.3549e+04 0.0000e+00
1.9100e+03 9.8486e-12 8.5644e-01 1.3105e+03 2.6604e+03 4.2000e+03 8.2897e+19 1.1264e+20 1.1264e+20 9.1145e-02 0.0000e+00 3.3656e+04 0.0000e+00
1.9200e+03 9.8123e-12 8.5636e-01 1.3101e+03 2.6595e+03 4.2000e+03 8.3656e+19 1.1368e+20 1.1368e+20 9.0817e-02 0.0000e+00 3.3763e+04 0.0000e+00
1.9300e+03 9.7763e-12 8.5629e-01 1.3097e+03 2.6586e+03 4.2000e+03 8.4420e+19 1.1473e+20 1.1473e+20 9.0491e-02 0.0000e+00 3.3870e+04 0.0000e+00
1.9400e+03 9.7404e-12 8.5622e-01 1.3092e+03 2.6578e+03 4.2000e+03 8.5190e+19 1.1579e+20 1.1579e+20 9.0167e-02 0.0000e+00 3.3978e+04 0.0000e+00
1.9500e+03 9.7048e-12 8.5614e-01 1.3088e+03 2.6569e+03 4.2000e+03 8.5964e+19 1.1685e+20 1.1685e+20 8.9845e-02 0.0000e+00 3.4085e+04 0.0000e+00
1.9600e+03 9.6694e-12 8.5607e-01 1.3084e+03 2.6560e+03 4.2000e+03 8.6744e+19 1.1793e+20 1.1793e+20 8.9524e-02 0.0000e+00 3.4193e+04 0.0000e+00
1.9700e+03 9.6342e-12 8.5600e-01 1.3079e+03 2.6551e+03 4.2000e+03 8.7529e+19 1.1901e+20 1.1901e+20 8.9206e-02 0.0000e+00 3.4300e+04 0.0000e+00
1.9800e+03 9.5992e-12 8.5593e-01 1.3075e+03 2.6543e+03 4.2000e+03 8.8319e+19 1.2009e+20 1.2009e+20 8.8890e-02 0.0000e+00 3.4408e+04 0.0000e+00
1.9900e+03 9.5645e-12 8.5586e-01 1.3071e+03 2.6534e+03 4.2000e+03 8.9115e+19 1.2119e+20 1.2119e+20 8.8575e-02 0.0000e+00 3.4516e+04 0.0000e+00
2.0000e+03 9.5299e-12 8.5579e-01 1.3067e+03 2.6526e+03 4.2000e+03 8.9915e+19 1.2229e+20 1.2229e+20 8.8263e-02 0.0000e+00 3.4624e+04 0.0000e+00
2.0100e+03 9.4956e-12 8.5572e-01 1.3062e+03 2.6517e+03 4.2000e+03 9.0721e+19 1.2339e+20 1.2339e+20 8.7952e-02 0.0000e+00 3.4732e+04 0.0000e+00
2.0200e+03 9.4615e-12 8.5565e-01 1.3058e+03 2.6508e+03 4.2000e+03 9.1532e+19 1.2451e+20 1.2451e+20 8.7643e-02 0.0000e+00 3.4840e+04 0.0000e+00
2.0300e+03 9.4276e-12 8.5558e-01 1.3054e+03 2.6500e+03 4.2000e+03 9.2348e+19 1.2563e+20 1.2563e+20 8.7336e-02 0.0000e+00 3.4948e+04 0.0000e+00
2.0400e+03 9.3939e-12 8.5551e-01 1.3050e+03 2.6491e+03 4.2000e+03 9.3170e+19 1.2676e+20 1.2676e+20 8.7031e-02 0.0000e+00 3.5056e+04 0.0000e+00
2.0500e+03 9.3604e-12 8.5544e-01 1.3046e+03 2.6483e+03 4.2000e+03 9.3997e+19 1.2790e+20 1.2790e+20 8.6728e-02 0.0000e+00 3.5164e+04 0.0000e+00
2.0600e+03 9.3271e-12 8.5537e-01 1.3041e+03 2.6475e+03 4.2000e+03 9.4829e+19 1.2905e+20 1.2905e+20 8.6426e-02 0.0000e+00 3.5272e+04 0.0000e+00
2.0700e+03 9.2940e-12 8.5530e-01 1.3037e+03 2.6466e+03 4.2000e+03 9.5667e+19 1.3020e+20 1.3020e+20 8.6126e-02 0.0000e+00 3.5381e+04 0.0000e+00
2.0800e+03 9.2611e-12 8.5523e-01 1.3033e+03 2.6458e+03 4.2000e+03 9.6510e+19 1.3136e+20 1.3136e+20 8.5828e-02 0.0000e+00 3.5489e+04 0.0000e+00
2.0900e+03 9.2284e-12 8.5517e-01 1.3029e+03 2.6449e+03 4.2000e+03 9.7359e+19 1.3253e+20 1.3253e+20 8.5532e-02 0.0000e+00 3.5598e+04 0.0000e+00
2.1000e+03 9.1959e-12 8.5510e-01 1.3025e+03 2.6441e+03 4.2000e+03 9.8213e+19 1.3370e+20 1.3370e+20 8.5237e-02 0.0000e+00 3.5706e+04 0.0000e+00
2.1100e+03 9.1636e-12 8.5504e-01 1.3021e+03 2.6433e+03 4.2000e+03 9.9072e+19 1.3489e+20 1.3489e+20 8.4944e-02 0.0000e+00 3.5815e+04 0.0000e+00
2.1200e+03 9.1315e-12 8.5497e-01 1.3017e+03 2.6424e+03 4.2000e+03 9.9937e+19 1.3608e+20 1.3608e+20 8.4653e-02 0.0000e+00 3.5924e+04 0.0000e+00
2.1300e+03 9.0995e-12 8.5491e-01 1.3013e+03 2.6416e+03 4.2000e+03 1.0081e+20 1.3727e+20 1.3727e+20 8.4363e-02 0.0000e+00 3.6032e+04 0.0000e+00
2.1400e+03 9.0678e-12 8.5484e-01 1.3009e+03 2.6408e+03 4.2000e+03 1.0168e+20 1.3848e+20 1.3848e+20 8.4075e-02 0.0000e+00 3.6141e+04 0.0000e+00
2.1500e+03 9.0363e-12 8.5478e-01 1.3005e+03 2.6400e+03 4.2000e+03 1.0256e+20 1.3969e+20 1.3969e+20 8.3789e-02 0.0000e+00 3.6250e+04 0.0000e+00
2.1600e+03 9.0049e-12 8.5472e-01 1.3001e+03 2.6392e+03 4.2000e+03 1.0345e+20 1.4092e+20 1.4092e+20 8.3505e-02 0.0000e+00 3.6359e+04 0.0000e+00
2.1700e+03 8.9738e-12 8.5465e-01 1.2997e+03 2.6383e+03 4.2000e+03 1.0434e+20 1.4214e+20 1.4214e+20 8.3222e-02 0.0000e+00 3.6468e+04 0.0000e+00
2.1800e+03 8.9428e-12 8.5459e-01 1.2993e+03 2.6375e+03 4.2000e+03 1.0524e+20 1.4338e+20 1.4338e+20 8.2941e-02 0.0000e+00 3.6578e+04 0.0000e+00
2.1900e+03 8.9120e-12 8.5453e-01 1.2989e+03 2.6367e+03 4.2000e+03 1.0615e+20 1.4463e+20 1.4463e+20 8.2661e-02 0.0000e+00 3.6687e+04 0.0000e+00
2.2000e+03 8.8814e-12 8.5447e-01 1.2985e+03 2.6359e+03 4.2000e+03 1.0706e+20 1.4588e+20 1.4588e+20 8.2383e-02 0.0000e+00 3.6796e+04 0.0000e+00
2.2100e+03 8.8510e-12 8.5441e-01 1.2981e+03 2.6351e+03 4.2000e+03 1.0797e+20 1.4714e+20 1.4714e+20 8.2106e-02 0.0000e+00 3.6905e+04 0.0000e+00
2.2200e+03 8.8207e-12 8.5435e-01 1.2977e+03 2.6343e+03 4.2000e+03 1.0889e+20 1.4841e+20 1.4841e+20 8.1832e-02 0.0000e+00 3.7015e+04 0.0000e+00
2.2300e+03 8.7907e-12 8.5429e-01 1.2973e+03 2.6335e+03 4.2000e+03 1.0982e+20 1.4969e+20 1.4969e+20 8.1558e-02 0.0000e+00 3.7124e+04 0.0000e+00
2.2400e+03 8.7608e-12 8.5424e-01 1.2969e+03 2.6327e+03 4.2000e+03 1.1075e+20 1.5097e+20 1.5097e+20 8.1287e-02 0.0000e+00 3.7234e+04 0.0000e+00
2.2500e+03 8.7311e-12 8.5418e-01 1.2965e+03 2.6319e+03 4.2000e+03 1.1169e+20 1.5226e+20 1.5226e+20 8.1016e-02 0.0000e+00 3.7344e+04 0.0000e+00
2.2600e+03 8.7016e-12 8.5412e-01 1.2961e+03 2.6311e+03 4.2000e+03 1.1263e+20 1.5356e+20 1.5356e+20 8.0748e-02 0.0000e+00 3.7453e+04 0.0000e+00
2.2700e+03 8.6722e-12 8.5407e-01 1.2957e+03 2.6303e+03 4.2000e+03 1.1358e+20 1.5487e+20 1.5487e+20 8.0481e-02 0.0000e+00 3.7563e+04 0.0000e+00
2.2800e+03 8.6430e-12 8.5401e-01 1.2953e+03 2.6295e+03 4.2000e+03 1.1453e+20 1.5619e+20 1.5619e+20 8.0215e-02 0.0000e+00 3.7673e+04 0.0000e+00
2.2900e+03 8.6140e-12 8.5396e-01 1.2949e+03 2.6287e+03 4.2000e+03 1.1549e+20 1.5751e+20 1.5751e+20 7.9951e-02 0.0000e+00 3.7783e+04 0.0000e+00
2.3000e+03 8.5852e-12 8.5390e-01 1.2945e+03 2.6279e+03 4.2000e+03 1.1646e+20 1.5885e+20 1.5885e+20 7.9688e-02 0.0000e+00 3.7893e+04 0.0000e+00
2.3100e+03 8.5565e-12 8.5385e-01 1.2941e+03 2.6272e+03 4.2000e+03 1.1743e+20 1.6019e+20 1.6019e+20 7.9427e-02 0.0000e+00 3.8003e+04 0.0000e+00
2.3200e+03 8.5280e-12 8.5380e-01 1.2938e+03 2.6264e+03 4.2000e+03 1.1841e+20 1.6154e+20 1.6154e+20 7.9167e-02 0.0000e+00 3.8113e+04 0.0000e+00
2.3300e+03 8.4997e-12 8.5374e-01 1.2934e+03 2.6256e+03 4.2000e+03 1.1940e+20 1.6289e+20 1.6289e+20 7.8909e-02 0.0000e+00 3.8223e+04 0.0000e+00
2.3400e+03 8.4715e-12 8.5369e-01 1.2930e+03 2.6248e+03 4.2000e+03 1.2039e+20 1.6426e+20 1.6426e+20 7.8652e-02 0.0000e+00 3.8333e+04 0.0000e+00
2.3500e+03 8.4435e-12 8.5364e-01 1.2926e+03 2.6240e+03 4.2000e+03 1.2138e+20 1.6563e+20 1.6563e+20 7.8397e-02 0.0000e+00 3.8443e+04 0.0000e+00
2.3600e+03 8.4156e-12 8.5359e-01 1.2922e+03 2.6233e+03 4.2000e+03 1.2238e+20 1.6701e+20 1.6701e+20 7.8143e-02 0.0000e+00 3.8554e+04 0.0000e+00
2.3700e+03 8.3880e-12 8.5354e-01 1.2919e+03 2.6225e+03 4.2000e+03 1.2339e+20 1.6840e+20 1.6840e+20 7.7890e-02 0.0000e+00 3.8664e+04 0.0000e+00
2.3800e+03 8.3604e-12 8.5349e-01 1.2915e+03 2.6217e+03 4.2000e+03 1.2440e+20 1.6980e+20 1.6980e+20 7.7639e-02 0.0000e+00 3.8775e+04 0.0000e+00
2.3900e+03 8.3331e-12 8.5345e-01 1.2911e+03 2.6210e+03 4.2000e+03 1.2542e+20 1.7121e+20 1.7121e+20 7.7390e-02 0.0000e+00 3.8885e+04 0.0000e+00
2.4000e+03 8.3059e-12 8.5340e-01 1.2907e+03 2.6202e+03 4.2000e+03 1.2645e+20 1.7263e+20 1.7263e+20 7.7141e-02 0.0000e+00 3.8996e+04 0.0000e+00
2.4100e+03 8.2788e-12 8.5335e-01 1.2903e+03 2.6194e+03 4.2000e+03 1.2748e+20 1.7405e+20 1.7405e+20 7.6894e-02 0.0000e+00 3.9106e+04 0.0000e+00
2.4200e+03 8.2519e-12 8.5331e-01 1.2900e+03 2.6187e+03 4.2000e+03 1.2852e+20 1.7548e+20 1.7548e+20 7.6649e-02 0.0000e+00 3.9217e+04 0.0000e+00
2.4300e+03 8.2252e-12 8.5326e-01 1.2896e+03 2.6179e+03 4.2000e+03 1.2956e+20 1.7692e+20 1.7692e+20 7.6404e-02 0.0000e+00 3.9328e+04 0.0000e+00
2.4400e+03 8.1986e-12 8.5322e-01 1.2892e+03 2.6172e+03 4.2000e+03 1.3061e+20 1.7837e+20 1.7837e+20 7.6162e-02 0.0000e+00 3.9438e+04 0.0000e+00
2.4500e+03 8.1722e-12 8.5317e-01 1.2889e+03 2.6164e+03 4.2000e+03 1.3167e+20 1.7983e+20 1.7983e+20 7.5920e-02 0.0000e+00 3.9549e+04 0.0000e+00
2.4600e+03 8.1459e-12 8.5313e-01 1.2885e+03 2.6157e+03 4.2000e+03 1.3273e+20 1.8130e+20 1.8130e+20 7.5680e-02 0.0000e+00 3.9660e+04 0.0000e+00
2.4700e+03 8.1198e-12 8.5309e-01 1.2881e+03 2.6149e+03 4.2000e+03 1.3379e+20 1.8277e+20 1.8277e+20 7.5441e-02 0.0000e+00 3.9771e+04 0.0000e+00
2.4800e+03 8.0939e-12 8.5304e-01 1.2878e+03 2.6142e+03 4.2000e+03 1.3487e+20 1.8425e+20 1.8425e+20 7.5203e-02 0.0000e+00 3.9882e+04 0.0000e+00
2.4900e+03 8.0680e-12 8.5300e-01 1.2874e+03 2.6134e+03 4.2000e+03 1.3595e+20 1.8575e+20 1.8575e+20 7.4967e-02 0.0000e+00 3.9993e+04 0.0000e+00
2.5000e+03 8.0424e-12 8.5296e-01 1.2870e+03 2.6127e+03 4.2000e+03 1.3703e+20 1.8725e+20 1.8725e+20 7.4732e-02 0.0000e+00 4.0104e+04 0.0000e+00
2.5100e+03 8.0168e-12 8.5292e-01 1.2867e+03 2.6120e+03 4.2000e+03 1.3813e+20 1.8875e+20 1.8875e+20 7.4498e-02 0.0000e+00 4.0215e+04 0.0000e+00
2.5200e+03 7.9914e-12 8.5288e-01 1.2863e+03 2.6112e+03 4.2000e+03 1.3923e+20 1.9027e+20 1.9027e+20 7.4266e-02 0.0000e+00 4.0327e+04 0.0000e+00
2.5300e+03 7.9662e-12 8.5285e-01 1.2859e+03 2.6105e+03 4.2000e+03 1.4033e+20 1.9180e+20 1.9180e+20 7.4034e-02 0.0000e+00 4.0438e+04 0.0000e+00
2.5400e+03 7.9411e-12 8.5281e-01 1.2856e+03 2.6097e+03 4.2000e+03 1.4144e+20 1.9333e+20 1.9333e+20 7.3805e-02 0.0000e+00 4.0549e+04 0.0000e+00
2.5500e+03 7.9162e-12 8.5277e-01 1.2852e+03 2.6090e+03 4.2000e+03 1.4256e+20 1.9488e+20 1.9488e+20 7.3576e-02 0.0000e+00 4.0661e+04 0.0000e+00
2.5600e+03 7.8914e-12 8.5274e-01 1.2849e+03 2.6083e+03 4.2000e+03 1.4368e+20 1.9643e+20 1.9643e+20 7.3348e-02 0.0000e+00 4.0772e+04 0.0000e+00
2.5700e+03 7.8667e-12 8.5270e-01 1.2845e+03 2.6076e+03 4.2000e+03 1.4481e+20 1.9799e+20 1.9799e+20 7.3122e-02 0.0000e+00 4.0883e+04 0.0000e+00
2.5800e+03 7.8422e-12 8.5266e-01 1.2841e+03 2.6068e+03 4.2000e+03 1.4595e+20 1.9956e+20 1.9956e+20 7.2897e-02 0.0000e+00 4.0995e+04 0.0000e+00
2.5900e+03 7.8178e-12 8.5263e-01 1.2838e+03 2.6061e+03 4.2000e+03 1.4709e+20 2.0114e+20 2.0114e+20 7.2673e-02 0.0000e+00 4.1106e+04 0.0000e+00
2.6000e+03 7.7935e-12 8.5260e-01 1.2834e+03 2.6054e+03 4.2000e+03 1.4824e+20 2.0273e+20 2.0273e+20 7.2451e-02 0.0000e+00 4.1218e+04 0.0000e+00
2.6100e+03 7.7694e-12 8.5256e-01 1.2831e+03 2.6047e+03 4.2000e+03 1.4939e+20 2.0433e+20 2.0433e+20 7.2229e-02 0.0000e+00 4.1330e+04 0.0000e+00
2.6200e+03 7.7454e-12 8.5253e-01 1.2827e+03 2.6040e+03 4.2000e+03 1.5055e+20 2.0593e+20 2.0593e+20 7.2009e-02 0.0000e+00 4.1441e+04 0.0000e+00
2.6300e+03 7.7216e-12 8.5250e-01 1.2824e+03 2.6032e+03 4.2000e+03 1.5172e+20 2.0755e+20 2.0755e+20 7.1790e-02 0.0000e+00 4.1553e+04 0.0000e+00
2.6400e+03 7.6979e-12 8.5247e-01 1.2820e+03 2.6025e+03 4.2000e+03 1.5289e+20 2.0917e+20 2.0917e+20 7.1572e-02 0.0000e+00 4.1665e+04 0.0000e+00
2.6500e+03 7.6743e-12 8.5244e-01 1.2817e+03 2.6018e+03 4.2000e+03 1.5407e+20 2.1080e+20 2.1080e+20 7.1355e-02 0.0000e+00 4.1777e+04 0.0000e+00
2.6600e+03 7.6508e-12 8.5241e-01 1.2813e+03 2.6011e+03 4.2000e+03 1.5526e+20 2.1244e+20 2.1244e+20 7.1140e-02 0.0000e+00 4.1889e+04 0.0000e+00
2.6700e+03 7.6275e-12 8.5238e-01 1.2810e+03 2.6004e+03 4.2000e+03 1.5645e+20 2.1409e+20 2.1409e+20 7.0926e-02 0.0000e+00 4.2000e+04 0.0000e+00
2.6800e+03 7.6043e-12 8.5235e-01 1.2806e+03 2.5997e+03 4.2000e+03 1.5765e+20 2.1575e+20 2.1575e+20 7.0712e-02 0.0000e+00 4.2112e+04 0.0000e+00
2.6900e+03 7.5813e-12 8.5233e-01 1.2803e+03 2.5990e+03 4.2000e+03 1.5886e+20 2.1742e+20 2.1742e+20 7.0500e-02 0.0000e+00 4.2224e+04 0.0000e+00
2.7000e+03 7.5584e-12 8.5230e-01 1.2799e+03 2.5983e+03 4.2000e+03 1.6007e+20 2.1910e+20 2.1910e+20 7.0289e-02 0.0000e+00 4.2336e+04 0.0000e+00
2.7100e+03 7.5356e-12 8.5227e-01 1.2796e+03 2.5976e+03 4.2000e+03 1.6129e+20 2.2078e+20 2.2078e+20 7.0079e-02 0.0000e+00 4.2448e+04 0.0000e+00
2.7200e+03 7.5129e-12 8.5225e-01 1.2792e+03 2.5969e+03 4.2000e+03 1.6251e+20 2.2248e+20 2.2248e+20 6.9870e-02 0.0000e+00 4.2561e+04 0.0000e+00
2.7300e+03 7.4903e-12 8.5222e-01 1.2789e+03 2.5962e+03 4.2000e+03 1.6374e+20 2.2418e+20 2.2418e+20 6.9663e-02 0.0000e+00 4.2673e+04 0.0000e+00
2.7400e+03 7.4679e-12 8.5220e-01 1.2786e+03 2.5955e+03 4.2000e+03 1.6498e+20 2.2590e+20 2.2590e+20 6.9456e-02 0.0000e+00 4.2785e+04 0.0000e+00
2.7500e+03 7.4456e-12 8.5218e-01 1.2782e+03 2.5948e+03 4.2000e+03 1.6623e+20 2.2762e+20 2.2762e+20 6.9251e-02 0.0000e+00 4.2897e+04 0.0000e+00
2.7600e+03 7.4234e-12 8.5215e-01 1.2779e+03 2.5941e+03 4.2000e+03 1.6748e+20 2.2935e+20 2.2935e+20 6.9046e-02 0.0000e+00 4.3009e+04 0.0000e+00
2.7700e+03 7.4014e-12 8.5213e-01 1.2775e+03 2.5934e+03 4.2000e+03 1.6873e+20 2.3110e+20 2.3110e+20 6.8843e-02 0.0000e+00 4.3122e+04 0.0000e+00
2.7800e+03 7.3795e-12 8.5211e-01 1.2772e+03 2.5928e+03 4.2000e+03 1.7000e+20 2.3285e+20 2.3285e+20 6.8641e-02 0.0000e+00 4.3234e+04 0.0000e+00
2.7900e+03 7.3576e-12 8.5209e-01 1.2769e+03 2.5921e+03 4.2000e+03 1.7127e+20 2.3461e+20 2.3461e+20 6.8439e-02 0.0000e+00 4.3346e+04 0.0000e+00
2.8000e+03 7.3360e-12 8.5207e-01 1.2765e+03 2.5914e+03 4.2000e+03 1.7255e+20 2.3638e+20 2.3638e+20 6.8239e-02 0.0000e+00 4.3459e+04 0.0000e+00
2.8100e+03 7.3144e-12 8.5205e-01 1.2762e+03 2.5907e+03 4.2000e+03 1.7383e+20 2.3815e+20 2.3815e+20 6.8040e-02 0.0000e+00 4.3571e+04 0.0000e+00
2.8200e+03 7.2929e-12 8.5203e-01 1.2759e+03 2.5900e+03 4.2000e+03 1.7512e+20 2.3994e+20 2.3994e+20 6.7842e-02 0.0000e+00 4.3684e+04 0.0000e+00
2.8300e+03 7.2716e-12 8.5202e-01 1.2755e+03 2.5894e+03 4.2000e+03 1.7642e+20 2.4174e+20 2.4174e+20 6.7645e-02 0.0000e+00 4.3796e+04 0.0000e+00
2.8400e+03 7.2504e-12 8.5200e-01 1.2752e+03 2.5887e+03 4.2000e+03 1.7772e+20 2.4354e+20 2.4354e+20 6.7449e-02 0.0000e+00 4.3909e+04 0.0000e+00
2.8500e+03 7.2293e-12 8.5198e-01 1.2749e+03 2.5880e+03 4.2000e+03 1.7903e+20 2.4536e+20 2.4536e+20 6.7254e-02 0.0000e+00 4.4021e+04 0.0000e+00
2.8600e+03 7.2083e-12 8.5197e-01 1.2745e+03 2.5873e+03 4.2000e+03 1.8035e+20 2.4719e+20 2.4719e+20 6.7060e-02 0.0000e+00 4.4134e+04 0.0000e+00
2.8700e+03 7.1874e-12 8.5195e-01 1.2742e+03 2.5867e+03 4.2000e+03 1.8167e+20 2.4902e+20 2.4902e+20 6.6867e-02 0.0000e+00 4.4247e+04 0.0000e+00
2.8800e+03 7.1666e-12 8.5194e-01 1.2739e+03 2.5860e+03 4.2000e+03 1.8300e+20 2.5086e+20 2.5086e+20 6.6675e-02 0.0000e+00 4.4359e+04 0.0000e+00
2.8900e+03 7.1460e-12 8.5192e-01 1.2736e+03 2.5853e+03 4.2000e+03 1.8434e+20 2.5272e+20 2.5272e+20 6.6484e-02 0.0000e+00 4.4472e+04 0.0000e+00
2.9000e+03 7.1254e-12 8.5191e-01 1.2732e+03 2.5847e+03 4.2000e+03 1.8568e+20 2.5458e+20 2.5458e+20 6.6294e-02 0.0000e+00 4.4585e+04 0.0000e+00
2.9100e+03 7.1050e-12 8.5190e-01 1.2729e+03 2.5840e+03 4.2000e+03 1.8703e+20 2.5645e+20 2.5645e+20 6.6104e-02 0.0000e+00 4.4697e+04 0.0000e+00
2.9200e+03 7.0847e-12 8.5188e-01 1.2726e+03 2.5834e+03 4.2000e+03 1.8839e+20 2.5833e+20 2.5833e+20 6.5916e-02 0.0000e+00 4.4810e+04 0.0000e+00
2.9300e+03 7.0645e-12 8.5187e-01 1.2723e+03 2.5827e+03 4.2000e+03 1.8976e+20 2.6023e+20 2.6023e+20 6.5729e-02 0.0000e+00 4.4923e+04 0.0000e+00
2.9400e+03 7.0444e-12 8.5186e-01 1.2719e+03 2.5820e+03 4.2000e+03 1.9113e+20 2.6213e+20 2.6213e+20 6.5543e-02 0.0000e+00 4.5036e+04 0.0000e+00
2.9500e+03 7.0244e-12 8.5185e-01 1.2716e+03 2.5814e+03 4.2000e+03 1.9250e+20 2.6404e+20 2.6404e+20 6.5358e-02 0.0000e+00 4.5149e+04 0.0000e+00
2.9600e+03 7.0045e-12 8.5184e-01 1.2713e+03 2.5807e+03 4.2000e+03 1.9389e+20 2.6596e+20 2.6596e+20 6.5173e-02 0.0000e+00 4.5262e+04 0.0000e+00
2.9700e+03 6.9847e-12 8.5183e-01 1.2710e+03 2.5801e+03 4.2000e+03 1.9528e+20 2.6789e+20 2.6789e+20 6.4990e-02 0.0000e+00 4.5375e+04 0.0000e+00
2.9800e+03 6.9651e-12 8.5183e-01 1.2706e+03 2.5794e+03 4.2000e+03 1.9668e+20 2.6983e+20 2.6983e+20 6.4808e-02 0.0000e+00 4.5487e+04 0.0000e+00
2.9900e+03 6.9455e-12 8.5182e-01 1.2703e+03 2.5788e+03 4.2000e+03 1.9808e+20 2.7178e+20 2.7178e+20 6.4626e-02 0.0000e+00 4.5600e+04 0.0000e+00
3.0000e+03 6.9260e-12 8.5181e-01 1.2700e+03 2.5782e+03 4.2000e+03 1.9949e+20 2.7373e+20 2.7373e+20 6.4446e-02 0.0000e+00 4.5713e+04 0.0000e+00
3.0100e+03 6.9067e-12 8.5181e-01 1.2697e+03 2.5775e+03 4.2000e+03 2.0091e+20 2.7570e+20 2.7570e+20 6.4266e-02 0.0000e+00 4.5826e+04 0.0000e+00
3.0200e+03 6.8874e-12 8.5180e-01 1.2694e+03 2.5769e+03 4.2000e+03 2.0234e+20 2.7768e+20 2.7768e+20 6.4087e-02 0.0000e+00 4.5939e+04 0.0000e+00
3.0300e+03 6.8682e-12 8.5179e-01 1.2691e+03 2.5762e+03 4.2000e+03 2.0377e+20 2.7967e+20 2.7967e+20 6.3909e-02 0.0000e+00 4.6053e+04 0.0000e+00
3.0400e+03 6.8492e-12 8.5179e-01 1.2687e+03 2.5756e+03 4.2000e+03 2.0521e+20 2.8166e+20 2.8166e+20 6.3732e-02 0.0000e+00 4.6166e+04 0.0000e+00
3.0500e+03 6.8302e-12 8.5179e-01 1.2684e+03 2.5750e+03 4.2000e+03 2.0666e+20 2.8367e+20 2.8367e+20 6.3556e-02 0.0000e+00 4.6279e+04 0.0000e+00
3.0600e+03 6.8114e-12 8.5178e-01 1.2681e+03 2.5743e+03 4.2000e+03 2.0811e+20 2.8569e+20 2.8569e+20 6.3381e-02 0.0000e+00 4.6392e+04 0.0000e+00
3.0700e+03 6.7926e-12 8.5178e-01 1.2678e+03 2.5737e+03 4.2000e+03 2.0957e+20 2.8771e+20 2.8771e+20 6.3207e-02 0.0000e+00 4.6505e+04 0.0000e+00
3.0800e+03 6.7740e-12 8.5178e-01 1.2675e+03 2.5731e+03 4.2000e+03 2.1104e+20 2.8975e+20 2.8975e+20 6.3033e-02 0.0000e+00 4.6618e+04 0.0000e+00
3.0900e+03 6.7554e-12 8.5178e-01 1.2672e+03 2.5724e+03 4.2000e+03 2.1251e+20 2.9180e+20 2.9180e+20 6.2861e-02 0.0000e+00 4.6731e+04 0.0000e+00
3.1000e+03 6.7370e-12 8.5178e-01 1.2669e+03 2.5718e+03 4.2000e+03 2.1399e+20 2.9385e+20 2.9385e+20 6.2689e-02 0.0000e+00 4.6845e+04 0.0000e+00
3.1100e+03 6.7186e-12 8.5178e-01 1.2666e+03 2.5712e+03 4.2000e+03 2.1548e+20 2.9592e+20 2.9592e+20 6.2518e-02 0.0000e+00 4.6958e+04 0.0000e+00
3.1200e+03 6.7003e-12 8.5178e-01 1.2663e+03 2.5706e+03 4.2000e+03 2.1697e+20 2.9799e+20 2.9799e+20 6.2348e-02 0.0000e+00 4.7071e+04 0.0000e+00
3.1300e+03 6.6822e-12 8.5178e-01 1.2660e+03 2.5699e+03 4.2000e+03 2.1847e+20 3.0008e+20 3.0008e+20 6.2179e-02 0.0000e+00 4.7184e+04 0.0000e+00
3.1400e+03 6.6641e-12 8.5178e-01 1.2657e+03 2.5693e+03 4.2000e+03 2.1998e+20 3.0217e+20 3.0217e+20 6.2011e-02 0.0000e+00 4.7298e+04 0.0000e+00
3.1500e+03 6.6461e-12 8.5178e-01 1.2653e+03 2.5687e+03 4.2000e+03 2.2150e+20 3.0428e+20 3.0428e+20 6.1843e-02 0.0000e+00 4.7411e+04 0.0000e+00
3.1600e+03 6.6282e-12 8.5178e-01 1.2650e+03 2.5681e+03 4.2000e+03 2.2302e+20 3.0640e+20 3.0640e+20 6.1677e-02 0.0000e+00 4.7524e+04 0.0000e+00
3.1700e+03 6.6104e-12 8.5179e-01 1.2647e+03 2.5675e+03 4.2000e+03 2.2455e+20 3.0852e+20 3.0852e+20 6.1511e-02 0.0000e+00 4.7638e+04 0.0000e+00
3.1800e+03 6.5927e-12 8.5179e-01 1.2644e+03 2.5668e+03 4.2000e+03 2.2609e+20 3.1066e+20 3.1066e+20 6.1346e-02 0.0000e+00 4.7751e+04 0.0000e+00
3.1900e+03 6.5751e-12 8.5180e-01 1.2641e+03 2.5662e+03 4.2000e+03 2.2763e+20 3.1280e+20 3.1280e+20 6.1182e-02 0.0000e+00 4.7864e+04 0.0000e+00
3.2000e+03 6.5576e-12 8.5180e-01 1.2638e+03 2.5656e+03 4.2000e+03 2.2918e+20 3.1496e+20 3.1496e+20 6.1018e-02 0.0000e+00 4.7978e+04 0.0000e+00
3.2100e+03 6.5402e-12 8.5181e-01 1.2635e+03 2.5650e+03 4.2000e+03 2.3074e+20 3.1712e+20 3.1712e+20 6.0856e-02 0.0000e+00 4.8091e+04 0.0000e+00
3.2200e+03 6.5228e-12 8.5181e-01 1.2632e+03 2.5644e+03 4.2000e+03 2.3230e+20 3.1929e+20 3.1929e+20 6.0694e-02 0.0000e+00 4.8204e+04 0.0000e+00
3.2300e+03 6.5056e-12 8.5182e-01 1.2629e+03 2.5638e+03 4.2000e+03 2.3388e+20 3.2148e+20 3.2148e+20 6.0533e-02 0.0000e+00 4.8318e+04 0.0000e+00
3.2400e+03 6.4884e-12 8.5183e-01 1.2626e+03 2.5632e+03 4.2000e+03 2.3546e+20 3.2367e+20 3.2367e+20 6.0373e-02 0.0000e+00 4.8431e+04 0.0000e+00
3.2500e+03 6.4713e-12 8.5183e-01 1.2623e+03 2.5626e+03 4.2000e+03 2.3704e+20 3.2588e+20 3.2588e+20 6.0213e-02 0.0000e+00 4.8545e+04 0.0000e+00
3.2600e+03 6.4544e-12 8.5184e-01 1.2621e+03 2.5620e+03 4.2000e+03 2.3864e+20 3.2809e+20 3.2809e+20 6.0055e-02 0.0000e+00 4.8658e+04 0.0000e+00
3.2700e+03 6.4375e-12 8.5185e-01 1.2618e+03 2.5614e+03 4.2000e+03 2.4024e+20 3.3032e+20 3.3032e+20 5.9897e-02 0.0000e+00 4.8772e+04 0.0000e+00
3.2800e+03 6.4206e-12 8.5186e-01 1.2615e+03 2.5608e+03 4.2000e+03 2.4184e+20 3.3256e+20 3.3256e+20 5.9740e-02 0.0000e+00 4.8885e+04 0.0000e+00
3.2900e+03 6.4039e-12 8.5187e-01 1.2612e+03 2.5602e+03 4.2000e+03 2.4346e+20 3.3480e+20 3.3480e+20 5.9583e-02 0.0000e+00 4.8999e+04 0.0000e+00
3.3000e+03 6.3873e-12 8.5188e-01 1.2609e+03 2.5596e+03 4.2000e+03 2.4508e+20 3.3706e+20 3.3706e+20 5.9428e-02 0.0000e+00 4.9112e+04 0.0000e+00
3.3100e+03 6.3707e-12 8.5189e-01 1.2606e+03 2.5590e+03 4.2000e+03 2.4671e+20 3.3932e+20 3.3932e+20 5.9273e-02 0.0000e+00 4.9226e+04 0.0000e+00
3.3200e+03 6.3542e-12 8.5190e-01 1.2603e+03 2.5584e+03 4.2000e+03 2.4835e+20 3.4160e+20 3.4160e+20 5.9119e-02 0.0000e+00 4.9339e+04 0.0000e+00
3.3300e+03 6.3379e-12 8.5192e-01 1.2600e+03 2.5578e+03 4.2000e+03 2.4999e+20 3.4388e+20 3.4388e+20 5.8966e-02 0.0000e+00 4.9453e+04 0.0000e+00
3.3400e+03 6.3216e-12 8.5193e-01 1.2597e+03 2.5573e+03 4.2000e+03 2.5164e+20 3.4618e+20 3.4618e+20 5.8813e-02 0.0000e+00 4.9566e+04 0.0000e+00
3.3500e+03 6.3053e-12 8.5194e-01 1.2594e+03 2.5567e+03 4.2000e+03 2.5330e+20 3.4849e+20 3.4849e+20 5.8661e-02 0.0000e+00 4.9680e+04 0.0000e+00
3.3600e+03 6.2892e-12 8.5196e-01 1.2591e+03 2.5561e+03 4.2000e+03 2.5496e+20 3.5080e+20 3.5080e+20 5.8510e-02 0.0000e+00 4.9793e+04 0.0000e+00
3.3700e+03 6.2731e-12 8.5197e-01 1.2588e+03 2.5555e+03 4.2000e+03 2.5664e+20 3.5313e+20 3.5313e+20 5.8360e-02 0.0000e+00 4.9907e+04 0.0000e+00
3.3800e+03 6.2571e-12 8.5198e-01 1.2586e+03 2.5549e+03 4.2000e+03 2.5832e+20 3.5547e+20 3.5547e+20 5.8210e-02 0.0000e+00 5.0020e+04 0.0000e+00
3.3900e+03 6.2412e-12 8.5200e-01 1.2583e+03 2.5543e+03 4.2000e+03 2.6000e+20 3.5781e+20 3.5781e+20 5.8061e-02 0.0000e+00 5.0134e+04 0.0000e+00
3.4000e+03 6.2254e-12 8.5202e-01 1.2580e+03 2.5538e+03 4.2000e+03 2.6170e+20 3.6017e+20 3.6017e+20 5.7913e-02 0.0000e+00 5.0248e+04 0.0000e+00
3.4100e+03 6.2097e-12 8.5203e-01 1.2577e+03 2.5532e+03 4.2000e+03 2.6340e+20 3.6254e+20 3.6254e+20 5.7765e-02 0.0000e+00 5.0361e+04 0.0000e+00
3.4200e+03 6.1940e-12 8.5205e-01 1.2574e+03 2.5526e+03 4.2000e+03 2.6511e+20 3.6492e+20 3.6492e+20 5.7618e-02 0.0000e+00 5.0475e+04 0.0000e+00
3.4300e+03 6.1784e-12 8.5207e-01 1.2571e+03 2.5520e+03 4.2000e+03 2.6682e+20 3.6730e+20 3.6730e+20 5.7472e-02 0.0000e+00 5.0588e+04 0.0000e+00
3.4400e+03 6.1629e-12 8.5208e-01 1.2569e+03 2.5515e+03 4.2000e+03 2.6855e+20 3.6970e+20 3.6970e+20 5.7327e-02 0.0000e+00 5.0702e+04 0.0000e+00
3.4500e+03 6.1475e-12 8.5210e-01 1.2566e+03 2.5509e+03 4.2000e+03 2.7028e+20 3.7211e+20 3.7211e+20 5.7182e-02 0.0000e+00 5.0815e+04 0.0000e+00
3.4600e+03 6.1322e-12 8.5212e-01 1.2563e+03 2.5503e+03 4.2000e+03 2.7201e+20 3.7453e+20 3.7453e+20 5.7038e-02 0.0000e+00 5.0929e+04 0.0000e+00
3.4700e+03 6.1169e-12 8.5214e-01 1.2560e+03 2.5498e+03 4.2000e+03 2.7376e+20 3.7696e+20 3.7696e+20 5.6895e-02 0.0000e+00 5.1043e+04 0.0000e+00
3.4800e+03 6.1017e-12 8.5216e-01 1.2557e+03 2.5492e+03 4.2000e+03 2.7551e+20 3.7940e+20 3.7940e+20 5.6752e-02 0.0000e+00 5.1156e+04 0.0000e+00
3.4900e+03 6.0866e-12 8.5218e-01 1.2555e+03 2.5486e+03 4.2000e+03 2.7727e+20 3.8185e+20 3.8185e+20 5.6610e-02 0.0000e+00 5.1270e+04 0.0000e+00
3.5000e+03 6.0715e-12 8.5220e-01 1.2552e+03 2.5481e+03 4.2000e+03 2.7904e+20 3.8431e+20 3.8431e+20 5.6469e-02 0.0000e+00 5.1383e+04 0.0000e+00
3.5100e+03 6.0565e-12 8.5222e-01 1.2549e+03 2.5475e+03 4.2000e+03 2.8081e+20 3.8678e+20 3.8678e+20 5.6328e-02 0.0000e+00 5.1497e+04 0.0000e+00
3.5200e+03 6.0416e-12 8.5224e-01 1.2546e+03 2.5469e+03 4.2000e+03 2.8259e+20 3.8927e+20 3.8927e+20 5.6188e-02 0.0000e+00 5.1611e+04 0.0000e+00
3.5300e+03 6.0268e-12 8.5227e-01 1.2544e+03 2.5464e+03 4.2000e+03 2.8438e+20 3.9176e+20 3.9176e+20 5.6048e-02 0.0000e+00 5.1724e+04 0.0000e+00
3.5400e+03 6.0120e-12 8.5229e-01 1.2541e+03 2.5458e+03 4.2000e+03 2.8618e+20 3.9426e+20 3.9426e+20 5.5910e-02 0.0000e+00 5.1838e+04 0.0000e+00
3.5500e+03 5.9974e-12 8.5231e-01 1.2538e+03 2.5453e+03 4.2000e+03 2.8798e+20 3.9677e+20 3.9677e+20 5.5772e-02 0.0000e+00 5.1951e+04 0.0000e+00
3.5600e+03 5.9827e-12 8.5234e-01 1.2535e+03 2.5447e+03 4.2000e+03 2.8980e+20 3.9930e+20 3.9930e+20 5.5634e-02 0.0000e+00 5.2065e+04 0.0000e+00
3.5700e+03 5.9682e-12 8.5236e-01 1.2533e+03 2.5442e+03 4.2000e+03 2.9161e+20 4.0183e+20 4.0183e+20 5.5498e-02 0.0000e+00 5.2179e+04 0.0000e+00
3.5800e+03 5.9537e-12 8.5238e-01 1.2530e+03 2.5436e+03 4.2000e+03 2.9344e+20 4.0437e+20 4.0437e+20 5.5361e-02 0.0000e+00 5.2292e+04 0.0000e+00
3.5900e+03 5.9393e-12 8.5241e-01 1.2527e+03 2.5431e+03 4.2000e+03 2.9527e+20 4.0693e+20 4.0693e+20 5.5226e-02 0.0000e+00 5.2406e+04 0.0000e+00
3.6000e+03 5.9250e-12 8.5243e-01 1.2524e+03 2.5425e+03 4.2000e+03 2.9711e+20 4.0949e+20 4.0949e+20 5.5091e-02 0.0000e+00 5.2519e+04 0.0000e+00
3.6100e+03 5.9107e-12 8.5246e-01 1.2522e+03 2.5420e+03 4.2000e+03 2.9896e+20 4.1207e+20 4.1207e+20 5.4957e-02 0.0000e+00 5.2633e+04 0.0000e+00
3.6200e+03 5.8965e-12 8.5249e-01 1.2519e+03 2.5414e+03 4.2000e+03 3.0082e+20 4.1466e+20 4.1466e+20 5.4823e-02 0.0000e+00 5.2747e+04 0.0000e+00
3.6300e+03 5.8824e-12 8.5251e-01 1.2516e+03 2.5409e+03 4.2000e+03 3.0268e+20 4.1725e+20 4.1725e+20 5.4690e-02 0.0000e+00 5.2860e+04 0.0000e+00
3.6400e+03 5.8684e-12 8.5254e-01 1.2514e+03 2.5403e+03 4.2000e+03 3.0455e+20 4.1986e+20 4.1986e+20 5.4558e-02 0.0000e+00 5.2974e+04 0.0000e+00
3.6500e+03 5.8544e-12 8.5257e-01 1.2511e+03 2.5398e+03 4.2000e+03 3.0643e+20 4.2248e+20 4.2248e+20 5.4426e-02 0.0000e+00 5.3087e+04 0.0000e+00
3.6600e+03 5.8405e-12 8.5259e-01 1.2508e+03 2.5392e+03 4.2000e+03 3.0832e+20 4.2511e+20 4.2511e+20 5.4295e-02 0.0000e+00 5.3201e+04 0.0000e+00
3.6700e+03 5.8266e-12 8.5262e-01 1.2506e+03 2.5387e+03 4.2000e+03 3.1021e+20 4.2775e+20 4.2775e+20 5.4164e-02 0.0000e+00 5.3314e+04 0.0000e+00
3.6800e+03 5.8128e-12 8.5265e-01 1.2503e+03 2.5382e+03 4.2000e+03 3.1211e+20 4.3040e+20 4.3040e+20 5.4034e-02 0.0000e+00 5.3428e+04 0.0000e+00
3.6900e+03 5.7991e-12 8.5268e-01 1.2500e+03 2.5376e+03 4.2000e+03 3.1402e+20 4.3306e+20 4.3306e+20 5.3905e-02 0.0000e+00 5.3542e+04 0.0000e+00
3.7000e+03 5.7855e-12 8.5271e-01 1.2498e+03 2.5371e+03 4.2000e+03 3.1593e+20 4.3573e+20 4.3573e+20 5.3776e-02 0.0000e+00 5.3655e+04 0.0000e+00
3.7100e+03 5.7719e-12 8.5274e-01 1.2495e+03 2.5366e+03 4.2000e+03 3.1786e+20 4.3841e+20 4.3841e+20 5.3648e-02 0.0000e+00 5.3769e+04 0.0000e+00
3.7200e+03 5.7583e-12 8.5277e-01 1.2493e+03 2.5360e+03 4.2000e+03 3.1979e+20 4.4110e+20 4.4110e+20 5.3520e-02 0.0000e+00 5.3882e+04 0.0000e+00
3.7300e+03 5.7449e-12 8.5280e-01 1.2490e+03 2.5355e+03 4.2000e+03 3.2172e+20 4.4381e+20 4.4381e+20 5.3393e-02 0.0000e+00 5.3996e+04 0.0000e+00
3.7400e+03 5.7315e-12 8.5283e-01 1.2487e+03 2.5350e+03 4.2000e+03 3.2367e+20 4.4652e+20 4.4652e+20 5.3267e-02 0.0000e+00 5.4109e+04 0.0000e+00
3.7500e+03 5.7182e-12 8.5287e-01 1.2485e+03 2.5344e+03 4.2000e+03 3.2562e+20 4.4924e+20 4.4924e+20 5.3141e-02 0.0000e+00 5.4223e+04 0.0000e+00
3.7600e+03 5.7049e-12 8.5290e-01 1.2482e+03 2.5339e+03 4.2000e+03 3.2758e+20 4.5198e+20 4.5198e+20 5.3016e-02 0.0000e+00 5.4336e+04 0.0000e+00
3.7700e+03 5.6917e-12 8.5293e-01 1.2480e+03 2.5334e+03 4.2000e+03 3.2955e+20 4.5472e+20 4.5472e+20 5.2891e-02 0.0000e+00 5.4450e+04 0.0000e+00
3.7800e+03 5.6785e-12 8.5296e-01 1.2477e+03 2.5329e+03 4.2000e+03 3.3153e+20 4.5748e+20 4.5748e+20 5.2767e-02 0.0000e+00 5.4563e+04 0.0000e+00
3.7900e+03 5.6655e-12 8.5300e-01 1.2474e+03 2.5324e+03 4.2000e+03 3.3351e+20 4.6025e+20 4.6025e+20 5.2643e-02 0.0000e+00 5.4677e+04 0.0000e+00
3.8000e+03 5.6524e-12 8.5303e-01 1.2472e+03 2.5318e+03 4.2000e+03 3.3550e+20 4.6302e+20 4.6302e+20 5.2520e-02 0.0000e+00 5.4790e+04 0.0000e+00
3.8100e+03 5.6395e-12 8.5306e-01 1.2469e+03 2.5313e+03 4.2000e+03 3.3750e+20 4.6581e+20 4.6581e+20 5.2397e-02 0.0000e+00 5.4903e+04 0.0000e+00
3.8200e+03 5.6266e-12 8.5310e-01 1.2467e+03 2.5308e+03 4.2000e+03 3.3950e+20 4.6861e+20 4.6861e+20 5.2276e-02 0.0000e+00 5.5017e+04 0.0000e+00
3.8300e+03 5.6137e-12 8.5313e-01 1.2464e+03 2.5303e+03 4.2000e+03 3.4152e+20 4.7142e+20 4.7142e+20 5.2154e-02 0.0000e+00 5.5130e+04 0.0000e+00
3.8400e+03 5.6010e-12 8.5317e-01 1.2462e+03 2.5298e+03 4.2000e+03 3.4354e+20 4.7424e+20 4.7424e+20 5.2033e-02 0.0000e+00 5.5244e+04 0.0000e+00
3.8500e+03 5.5882e-12 8.5320e-01 1.2459e+03 2.5292e+03 4.2000e+03 3.4557e+20 4.7707e+20 4.7707e+20 5.1913e-02 0.0000e+00 5.5357e+04 0.0000e+00
3.8600e+03 5.5756e-12 8.5324e-01 1.2457e+03 2.5287e+03 4.2000e+03 3.4760e+20 4.7992e+20 4.7992e+20 5.1793e-02 0.0000e+00 5.5470e+04 0.0000e+00
3.8700e+03 5.5630e-12 8.5327e-01 1.2454e+03 2.5282e+03 4.2000e+03 3.4965e+20 4.8277e+20 4.8277e+20 5.1674e-02 0.0000e+00 5.5584e+04 0.0000e+00
3.8800e+03 5.5504e-12 8.5331e-01 1.2452e+03 2.5277e+03 4.2000e+03 3.5170e+20 4.8563e+20 4.8563e+20 5.1555e-02 0.0000e+00 5.5697e+04 0.0000e+00
3.8900e+03 5.5380e-12 8.5335e-01 1.2449e+03 2.5272e+03 4.2000e+03 3.5376e+20 4.8851e+20 4.8851e+20 5.1437e-02 0.0000e+00 5.5811e+04 0.0000e+00
3.9000e+03 5.5255e-12 8.5339e-01 1.2447e+03 2.5267e+03 4.2000e+03 3.5582e+20 4.9139e+20 4.9139e+20 5.1319e-02 0.0000e+00 5.5924e+04 0.0000e+00
3.9100e+03 5.5132e-12 8.5342e-01 1.2444e+03 2.5262e+03 4.2000e+03 3.5790e+20 4.9429e+20 4.9429e+20 5.1202e-02 0.0000e+00 5.6037e+04 0.0000e+00
3.9200e+03 5.5008e-12 8.5346e-01 1.2442e+03 2.5257e+03 4.2000e+03 3.5998e+20 4.9720e+20 4.9720e+20 5.1086e-02 0.0000e+00 5.6150e+04 0.0000e+00
3.9300e+03 5.4886e-12 8.5350e-01 1.2439e+03 2.5252e+03 4.2000e+03 3.6207e+20 5.0011e+20 5.0011e+20 5.0970e-02 0.0000e+00 5.6264e+04 0.0000e+00
3.9400e+03 5.4764e-12 8.5354e-01 1.2437e+03 2.5247e+03 4.2000e+03 3.6416e+20 5.0304e+20 5.0304e+20 5.0854e-02 0.0000e+00 5.6377e+04 0.0000e+00
3.9500e+03 5.4643e-12 8.5358e-01 1.2434e+03 2.5242e+03 4.2000e+03 3.6627e+20 5.0598e+20 5.0598e+20 5.0739e-02 0.0000e+00 5.6490e+04 0.0000e+00
3.9600e+03 5.4522e-12 8.5362e-01 1.2432e+03 2.5237e+03 4.2000e+03 3.6838e+20 5.0893e+20 5.0893e+20 5.0624e-02 0.0000e+00 5.6604e+04 0.0000e+00
3.9700e+03 5.4401e-12 8.5366e-01 1.2429e+03 2.5232e+03 4.2000e+03 3.7050e+20 5.1189e+20 5.1189e+20 5.0510e-02 0.0000e+00 5.6717e+04 0.0000e+00
3.9800e+03 5.4282e-12 8.5370e-01 1.2427e+03 2.5227e+03 4.2000e+03 3.7263e+20 5.1487e+20 5.1487e+20 5.0397e-02 0.0000e+00 5.6830e+04 0.0000e+00
3.9900e+03 5.4162e-12 8.5374e-01 1.2424e+03 2.5222e+03 4.2000e+03 3.7476e+20 5.1785e+20 5.1785e+20 5.0284e-02 0.0000e+00 5.6943e+04 0.0000e+00
4.0000e+03 5.4044e-12 8.5378e-01 1.2422e+03 2.5217e+03 4.2000e+03 3.7690e+20 5.2084e+20 5.2084e+20 5.0171e-02 0.0000e+00 5.7056e+04 0.0000e+00
4.0100e+03 5.3926e-12 8.5382e-01 1.2419e+03 2.5212e+03 4.2000e+03 3.7906e+20 5.2385e+20 5.2385e+20 5.0059e-02 0.0000e+00 5.7169e+04 0.0000e+00
4.0200e+03 5.3808e-12 8.5386e-01 1.2417e+03 2.5207e+03 4.2000e+03 3.8121e+20 5.2686e+20 5.2686e+20 4.9947e-02 0.0000e+00 5.7283e+04 0.0000e+00
4.0300e+03 5.3691e-12 8.5390e-01 1.2415e+03 2.5202e+03 4.2000e+03 3.8338e+20 5.2989e+20 5.2989e+20 4.9836e-02 0.0000e+00 5.7396e+04 0.0000e+00
4.0400e+03 5.3574e-12 8.5394e-01 1.2412e+03 2.5197e+03 4.2000e+03 3.8555e+20 5.3293e+20 5.3293e+20 4.9726e-02 0.0000e+00 5.7509e+04 0.0000e+00
4.0500e+03 5.3458e-12 8.5399e-01 1.2410e+03 2.5192e+03 4.2000e+03 3.8773e+20 5.3598e+20 5.3598e+20 4.9616e-02 0.0000e+00 5.7622e+04 0.0000e+00
4.0600e+03 5.3343e-12 8.5403e-01 1.2407e+03 2.5187e+03 4.2000e+03 3.8992e+20 5.3903e+20 5.3903e+20 4.9506e-02 0.0000e+00 5.7735e+04 0.0000e+00
4.0700e+03 5.3228e-12 8.5407e-01 1.2405e+03 2.5183e+03 4.2000e+03 3.9212e+20 5.4210e+20 5.4210e+20 4.9397e-02 0.0000e+00 5.7848e+04 0.0000e+00
4.0800e+03 5.3113e-12 8.5411e-01 1.2403e+03 2.5178e+03 4.2000e+03 3.9432e+20 5.4519e+20 5.4519e+20 4.9288e-02 0.0000e+00 5.7961e+04 0.0000e+00
4.0900e+03 5.3000e-12 8.5416e-01 1.2400e+03 2.5173e+03 4.2000e+03 3.9653e+20 5.4828e+20 5.4828e+20 4.9180e-02 0.0000e+00 5.8074e+04 0.0000e+00
4.1000e+03 5.2886e-12 8.5420e-01 1.2398e+03 2.5168e+03 4.2000e+03 3.9875e+20 5.5138e+20 5.5138e+20 4.9072e-02 0.0000e+00 5.8187e+04 0.0000e+00
4.1100e+03 5.2773e-12 8.5424e-01 1.2396e+03 2.5163e+03 4.2000e+03 4.0098e+20 5.5449e+20 5.5449e+20 4.8965e-02 0.0000e+00 5.8300e+04 0.0000e+00
4.1200e+03 5.2661e-12 8.5429e-01 1.2393e+03 2.5158e+03 4.2000e+03 4.0322e+20 5.5762e+20 5.5762e+20 4.8858e-02 0.0000e+00 5.8413e+04 0.0000e+00
4.1300e+03 5.2549e-12 8.5433e-01 1.2391e+03 2.5154e+03 4.2000e+03 4.0546e+20 5.6076e+20 5.6076e+20 4.8752e-02 0.0000e+00 5.8526e+04 0.0000e+00
4.1400e+03 5.2437e-12 8.5438e-01 1.2388e+03 2.5149e+03 4.2000e+03 4.0771e+20 5.6390e+20 5.6390e+20 4.8646e-02 0.0000e+00 5.8639e+04 0.0000e+00
4.1500e+03 5.2326e-12 8.5442e-01 1.2386e+03 2.5144e+03 4.2000e+03 4.0997e+20 5.6706e+20 5.6706e+20 4.8540e-02 0.0000e+00 5.8752e+04 0.0000e+00
4.1600e+03 5.2216e-12 8.5447e-01 1.2384e+03 2.5139e+03 4.2000e+03 4.1223e+20 5.7023e+20 5.7023e+20 4.8435e-02 0.0000e+00 5.8865e+04 0.0000e+00
4.1700e+03 5.2106e-12 8.5451e-01 1.2381e+03 2.5135e+03 4.2000e+03 4.1451e+20 5.7341e+20 5.7341e+20 4.8331e-02 0.0000e+00 5.8978e+04 0.0000e+00
4.1800e+03 5.1997e-12 8.5456e-01 1.2379e+03 2.5130e+03 4.2000e+03 4.1679e+20 5.7660e+20 5.7660e+20 4.8226e-02 0.0000e+00 5.9090e+04 0.0000e+00
4.1900e+03 5.1888e-12 8.5461e-01 1.2377e+03 2.5125e+03 4.2000e+03 4.1908e+20 5.7980e+20 5.7980e+20 4.8123e-02 0.0000e+00 5.9203e+04 0.0000e+00
4.2000e+03 5.1779e-12 8.5465e-01 1.2374e+03 2.5120e+03 4.2000e+03 4.2137e+20 5.8302e+20 5.8302e+20 4.8020e-02 0.0000e+00 5.9316e+04 0.0000e+00
4.2100e+03 5.1671e-12 8.5470e-01 1.2372e+03 2.5116e+03 4.2000e+03 4.2368e+20 5.8624e+20 5.8624e+20 4.7917e-02 0.0000e+00 5.9429e+04 0.0000e+00
4.2200e+03 5.1564e-12 8.5475e-01 1.2370e+03 2.5111e+03 4.2000e+03 4.2599e+20 5.8948e+20 5.8948e+20 4.7814e-02 0.0000e+00 5.9541e+04 0.0000e+00
4.2300e+03 5.1457e-12 8.5479e-01 1.2367e+03 2.5106e+03 4.2000e+03 4.2831e+20 5.9272e+20 5.9272e+20 4.7712e-02 0.0000e+00 5.9654e+04 0.0000e+00
4.2400e+03 5.1350e-12 8.5484e-01 1.2365e+03 2.5102e+03 4.2000e+03 4.3064e+20 5.9598e+20 5.9598e+20 4.7611e-02 0.0000e+00 5.9767e+04 0.0000e+00
4.2500e+03 5.1244e-12 8.5489e-01 1.2363e+03 2.5097e+03 4.2000e+03 4.3297e+20 5.9925e+20 5.9925e+20 4.7510e-02 0.0000e+00 5.9880e+04 0.0000e+00
4.2600e+03 5.1138e-12 8.5494e-01 1.2361e+03 2.5092e+03 4.2000e+03 4.3532e+20 6.0253e+20 6.0253e+20 4.7409e-02 0.0000e+00 5.9992e+04 0.0000e+00
4.2700e+03 5.1033e-12 8.5499e-01 1.2358e+03 2.5088e+03 4.2000e+03 4.3767e+20 6.0582e+20 6.0582e+20 4.7309e-02 0.0000e+00 6.0105e+04 0.0000e+00
4.2800e+03 5.0928e-12 8.5503e-01 1.2356e+03 2.5083e+03 4.2000e+03 4.4003e+20 6.0912e+20 6.0912e+20 4.7209e-02 0.0000e+00 6.0217e+04 0.0000e+00
4.2900e+03 5.0824e-12 8.5508e-01 1.2354e+03 2.5079e+03 4.2000e+03 4.4239e+20 6.1243e+20 6.1243e+20 4.7110e-02 0.0000e+00 6.0330e+04 0.0000e+00
4.3000e+03 5.0720e-12 8.5513e-01 1.2352e+03 2.5074e+03 4.2000e+03 4.4477e+20 6.1575e+20 6.1575e+20 4.7011e-02 0.0000e+00 6.0443e+04 0.0000e+00
4.3100e+03 5.0617e-12 8.5518e-01 1.2349e+03 2.5069e+03 4.2000e+03 4.4715e+20 6.1909e+20 6.1909e+20 4.6912e-02 0.0000e+00 6.0555e+04 0.0000e+00
4.3200e+03 5.0514e-12 8.5523e-01 1.2347e+03 2.5065e+03 4.2000e+03 4.4954e+20 6.2243e+20 6.2243e+20 4.6814e-02 0.0000e+00 6.0668e+04 0.0000e+00
4.3300e+03 5.0411e-12 8.5528e-01 1.2345e+03 2.5060e+03 4.2000e+03 4.5194e+20 6.2579e+20 6.2579e+20 4.6716e-02 0.0000e+00 6.0780e+04 0.0000e+00
4.3400e+03 5.0309e-12 8.5533e-01 1.2343e+03 2.5056e+03 4.2000e+03 4.5434e+20 6.2916e+20 6.2916e+20 4.6619e-02 0.0000e+00 6.0892e+04 0.0000e+00
4.3500e+03 5.0207e-12 8.5538e-01 1.2340e+03 2.5051e+03 4.2000e+03 4.5676e+20 6.3254e+20 6.3254e+20 4.6522e-02 0.0000e+00 6.1005e+04 0.0000e+00
4.3600e+03 5.0106e-12 8.5543e-01 1.2338e+03 2.5047e+03 4.2000e+03 4.5918e+20 6.3593e+20 6.3593e+20 4.6426e-02 0.0000e+00 6.1117e+04 0.0000e+00
4.3700e+03 5.0005e-12 8.5548e-01 1.2336e+03 2.5042e+03 4.2000e+03 4.6161e+20 6.3933e+20 6.3933e+20 4.6330e-02 0.0000e+00 6.1230e+04 0.0000e+00
4.3800e+03 4.9905e-12 8.5553e-01 1.2334e+03 2.5038e+03 4.2000e+03 4.6404e+20 6.4274e+20 6.4274e+20 4.6234e-02 0.0000e+00 6.1342e+04 0.0000e+00
4.3900e+03 4.9805e-12 8.5558e-01 1.2331e+03 2.5033e+03 4.2000e+03 4.6649e+20 6.4617e+20 6.4617e+20 4.6139e-02 0.0000e+00 6.1454e+04 0.0000e+00
4.4000e+03 4.9706e-12 8.5564e-01 1.2329e+03 2.5029e+03 4.2000e+03 4.6894e+20 6.4960e+20 6.4960e+20 4.6044e-02 0.0000e+00 6.1567e+04 0.0000e+00
4.4100e+03 4.9607e-12 8.5569e-01 1.2327e+03 2.5024e+03 4.2000e+03 4.7140e+20 6.5305e+20 6.5305e+20 4.5949e-02 0.0000e+00 6.1679e+04 0.0000e+00
4.4200e+03 4.9508e-12 8.5574e-01 1.2325e+03 2.5020e+03 4.2000e+03 4.7387e+20 6.5650e+20 6.5650e+20 4.5855e-02 0.0000e+00 6.1791e+04 0.0000e+00
4.4300e+03 4.9410e-12 8.5579e-01 1.2323e+03 2.5015e+03 4.2000e+03 4.7634e+20 6.5997e+20 6.5997e+20 4.5761e-02 0.0000e+00 6.1903e+04 0.0000e+00
4.4400e+03 4.9312e-12 8.5584e-01 1.2320e+03 2.5011e+03 4.2000e+03 4.7883e+20 6.6345e+20 6.6345e+20 4.5668e-02 0.0000e+00 6.2016e+04 0.0000e+00
4.4500e+03 4.9215e-12 8.5589e-01 1.2318e+03 2.5006e+03 4.2000e+03 4.8132e+20 6.6694e+20 6.6694e+20 4.5575e-02 0.0000e+00 6.2128e+04 0.0000e+00
4.4600e+03 4.9118e-12 8.5595e-01 1.2316e+03 2.5002e+03 4.2000e+03 4.8382e+20 6.7044e+20 6.7044e+20 4.5482e-02 0.0000e+00 6.2240e+04 0.0000e+00
4.4700e+03 4.9021e-12 8.5600e-01 1.2314e+03 2.4998e+03 4.2000e+03 4.8632e+20 6.7396e+20 6.7396e+20 4.5390e-02 0.0000e+00 6.2352e+04 0.0000e+00
4.4800e+03 4.8925e-12 8.5605e-01 1.2312e+03 2.4993e+03 4.2000e+03 4.8884e+20 6.7748e+20 6.7748e+20 4.5298e-02 0.0000e+00 6.2464e+04 0.0000e+00
4.4900e+03 4.8829e-12 8.5611e-01 1.2310e+03 2.4989e+03 4.2000e+03 4.9136e+20 6.8102e+20 6.8102e+20 4.5207e-02 0.0000e+00 6.2576e+04 0.0000e+00
4.5000e+03 4.8734e-12 8.5616e-01 1.2307e+03 2.4984e+03 4.2000e+03 4.9389e+20 6.8456e+20 6.8456e+20 4.5116e-02 0.0000e+00 6.2688e+04 0.0000e+00
4.5100e+03 4.8639e-12 8.5621e-01 1.2305e+03 2.4980e+03 4.2000e+03 4.9643e+20 6.8812e+20 6.8812e+20 4.5025e-02 0.0000e+00 6.2800e+04 0.0000e+00
4.5200e+03 4.8544e-12 8.5627e-01 1.2303e+03 2.4976e+03 4.2000e+03 4.9898e+20 6.9169e+20 6.9169e+20 4.4935e-02 0.0000e+00 6.2912e+04 0.0000e+00
4.5300e+03 4.8450e-12 8.5632e-01 1.2301e+03 2.4971e+03 4.2000e+03 5.0153e+20 6.9527e+20 6.9527e+20 4.4845e-02 0.0000e+00 6.3024e+04 0.0000e+00
4.5400e+03 4.8356e-12 8.5637e-01 1.2299e+03 2.4967e+03 4.2000e+03 5.0409e+20 6.9886e+20 6.9886e+20 4.4755e-02 0.0000e+00 6.3136e+04 0.0000e+00
4.5500e+03 0.0000e+00 0.0000e+00 1.2297e+03 0.0000e+00 4.2000e+03 0.0000e+00 0.0000e+00 0.0000e+00 0.0000e+00 0.0000e+00 0.0000e+00 0.0000e+00
