0.0000e+00 2.5736e-11 8.5605e+00 1.7000e+03 1.7986e+03 1.9980e+03 1.5847e+20 1.7000e+20 1.7000e+20 5.8881e-03 0.0000e+00 7.2859e+05 0.0000e+00
1.0000e+01 2.5587e-11 8.2256e+00 1.7060e+03 1.8050e+03 1.9980e+03 2.8194e+20 1.5775e+20 1.5775e+20 6.0925e-03 0.0000e+00 7.0709e+05 0.0000e+00
2.0000e+01 2.5440e-11 7.9085e+00 1.7119e+03 1.8112e+03 1.9980e+03 2.5615e+20 1.4659e+20 1.4659e+20 6.3003e-03 0.0000e+00 6.8658e+05 0.0000e+00
3.0000e+01 2.5295e-11 7.6082e+00 1.7177e+03 1.8174e+03 1.9980e+03 2.3329e+20 1.3640e+20 1.3640e+20 6.5115e-03 0.0000e+00 6.6700e+05 0.0000e+00
4.0000e+01 2.5150e-11 7.3235e+00 1.7235e+03 1.8235e+03 1.9980e+03 2.1297e+20 1.2708e+20 1.2708e+20 6.7260e-03 0.0000e+00 6.4831e+05 0.0000e+00
5.0000e+01 2.5007e-11 7.0535e+00 1.7292e+03 1.8295e+03 1.9980e+03 1.9486e+20 1.1855e+20 1.1855e+20 6.9436e-03 0.0000e+00 6.3045e+05 0.0000e+00
6.0000e+01 2.4865e-11 6.7973e+00 1.7348e+03 1.8355e+03 1.9980e+03 1.7868e+20 1.1073e+20 1.1073e+20 7.1643e-03 0.0000e+00 6.1339e+05 0.0000e+00
7.0000e+01 2.4724e-11 6.5541e+00 1.7404e+03 1.8414e+03 1.9980e+03 1.6420e+20 1.0356e+20 1.0356e+20 7.3881e-03 0.0000e+00 5.9708e+05 0.0000e+00
8.0000e+01 2.4584e-11 6.3231e+00 1.7459e+03 1.8472e+03 1.9980e+03 1.5120e+20 9.6972e+19 9.6972e+19 7.6147e-03 0.0000e+00 5.8147e+05 0.0000e+00
9.0000e+01 2.4446e-11 6.1036e+00 1.7514e+03 1.8530e+03 1.9980e+03 1.3950e+20 9.0911e+19 9.0911e+19 7.8442e-03 0.0000e+00 5.6654e+05 0.0000e+00
1.0000e+02 2.4308e-11 5.8949e+00 1.7567e+03 1.8587e+03 1.9980e+03 1.2896e+20 8.5331e+19 8.5331e+19 8.0763e-03 0.0000e+00 5.5225e+05 0.0000e+00
1.1000e+02 2.4172e-11 5.6963e+00 1.7620e+03 1.8643e+03 1.9980e+03 1.1944e+20 8.0186e+19 8.0186e+19 8.3111e-03 0.0000e+00 5.3857e+05 0.0000e+00
1.2000e+02 2.4037e-11 5.5073e+00 1.7673e+03 1.8698e+03 1.9980e+03 1.1083e+20 7.5440e+19 7.5440e+19 8.5483e-03 0.0000e+00 5.2546e+05 0.0000e+00
1.3000e+02 2.3903e-11 5.3273e+00 1.7724e+03 1.8753e+03 1.9980e+03 1.0301e+20 7.1055e+19 7.1055e+19 8.7879e-03 0.0000e+00 5.1290e+05 0.0000e+00
1.4000e+02 2.3771e-11 5.1559e+00 1.7775e+03 1.8807e+03 1.9980e+03 9.5917e+19 6.6999e+19 6.6999e+19 9.0297e-03 0.0000e+00 5.0086e+05 0.0000e+00
1.5000e+02 2.3639e-11 4.9925e+00 1.7826e+03 1.8860e+03 1.9980e+03 8.9458e+19 6.3246e+19 6.3246e+19 9.2736e-03 0.0000e+00 4.8932e+05 0.0000e+00
1.6000e+02 2.3509e-11 4.8366e+00 1.7875e+03 1.8913e+03 1.9980e+03 8.3568e+19 5.9767e+19 5.9767e+19 9.5196e-03 0.0000e+00 4.7824e+05 0.0000e+00
1.7000e+02 2.3379e-11 4.6880e+00 1.7924e+03 1.8964e+03 1.9980e+03 7.8190e+19 5.6541e+19 5.6541e+19 9.7673e-03 0.0000e+00 4.6761e+05 0.0000e+00
1.8000e+02 2.3251e-11 4.5461e+00 1.7973e+03 1.9016e+03 1.9980e+03 7.3271e+19 5.3545e+19 5.3545e+19 1.0017e-02 0.0000e+00 4.5741e+05 0.0000e+00
1.9000e+02 2.3124e-11 4.4107e+00 1.8020e+03 1.9066e+03 1.9980e+03 6.8764e+19 5.0761e+19 5.0761e+19 1.0268e-02 0.0000e+00 4.4762e+05 0.0000e+00
2.0000e+02 2.2998e-11 4.2813e+00 1.8067e+03 1.9116e+03 1.9980e+03 6.4629e+19 4.8171e+19 4.8171e+19 1.0521e-02 0.0000e+00 4.3821e+05 0.0000e+00
2.1000e+02 2.2873e-11 4.1577e+00 1.8114e+03 1.9165e+03 1.9980e+03 6.0828e+19 4.5760e+19 4.5760e+19 1.0775e-02 0.0000e+00 4.2917e+05 0.0000e+00
2.2000e+02 2.2749e-11 4.0395e+00 1.8159e+03 1.9213e+03 1.9980e+03 5.7331e+19 4.3513e+19 4.3513e+19 1.1030e-02 0.0000e+00 4.2049e+05 0.0000e+00
2.3000e+02 2.2626e-11 3.9264e+00 1.8204e+03 1.9261e+03 1.9980e+03 5.4108e+19 4.1416e+19 4.1416e+19 1.1286e-02 0.0000e+00 4.1214e+05 0.0000e+00
2.4000e+02 2.2504e-11 3.8183e+00 1.8249e+03 1.9308e+03 1.9980e+03 5.1134e+19 3.9460e+19 3.9460e+19 1.1543e-02 0.0000e+00 4.0411e+05 0.0000e+00
2.5000e+02 2.2383e-11 3.7148e+00 1.8292e+03 1.9354e+03 1.9980e+03 4.8386e+19 3.7631e+19 3.7631e+19 1.1801e-02 0.0000e+00 3.9638e+05 0.0000e+00
2.6000e+02 2.2263e-11 3.6157e+00 1.8335e+03 1.9399e+03 1.9980e+03 4.5843e+19 3.5921e+19 3.5921e+19 1.2060e-02 0.0000e+00 3.8895e+05 0.0000e+00
2.7000e+02 2.2144e-11 3.5207e+00 1.8378e+03 1.9444e+03 1.9980e+03 4.3487e+19 3.4321e+19 3.4321e+19 1.2319e-02 0.0000e+00 3.8180e+05 0.0000e+00
2.8000e+02 2.2026e-11 3.4297e+00 1.8419e+03 1.9488e+03 1.9980e+03 4.1303e+19 3.2822e+19 3.2822e+19 1.2578e-02 0.0000e+00 3.7492e+05 0.0000e+00
2.9000e+02 2.1910e-11 3.3425e+00 1.8460e+03 1.9531e+03 1.9980e+03 3.9274e+19 3.1417e+19 3.1417e+19 1.2838e-02 0.0000e+00 3.6830e+05 0.0000e+00
3.0000e+02 2.1794e-11 3.2589e+00 1.8501e+03 1.9574e+03 1.9980e+03 3.7388e+19 3.0098e+19 3.0098e+19 1.3098e-02 0.0000e+00 3.6192e+05 0.0000e+00
3.1000e+02 2.1679e-11 3.1787e+00 1.8540e+03 1.9616e+03 1.9980e+03 3.5633e+19 2.8860e+19 2.8860e+19 1.3357e-02 0.0000e+00 3.5577e+05 0.0000e+00
3.2000e+02 2.1565e-11 3.1017e+00 1.8579e+03 1.9657e+03 1.9980e+03 3.3997e+19 2.7697e+19 2.7697e+19 1.3617e-02 0.0000e+00 3.4985e+05 0.0000e+00
3.3000e+02 2.1452e-11 3.0278e+00 1.8618e+03 1.9698e+03 1.9980e+03 3.2472e+19 2.6604e+19 2.6604e+19 1.3876e-02 0.0000e+00 3.4414e+05 0.0000e+00
3.4000e+02 2.1340e-11 2.9569e+00 1.8656e+03 1.9738e+03 1.9980e+03 3.1048e+19 2.5575e+19 2.5575e+19 1.4135e-02 0.0000e+00 3.3865e+05 0.0000e+00
3.5000e+02 2.1229e-11 2.8887e+00 1.8693e+03 1.9777e+03 1.9980e+03 2.9717e+19 2.4606e+19 2.4606e+19 1.4393e-02 0.0000e+00 3.3334e+05 0.0000e+00
3.6000e+02 2.1118e-11 2.8232e+00 1.8729e+03 1.9816e+03 1.9980e+03 2.8472e+19 2.3694e+19 2.3694e+19 1.4650e-02 0.0000e+00 3.2823e+05 0.0000e+00
3.7000e+02 2.1009e-11 2.7602e+00 1.8765e+03 1.9854e+03 1.9980e+03 2.7306e+19 2.2833e+19 2.2833e+19 1.4907e-02 0.0000e+00 3.2330e+05 0.0000e+00
3.8000e+02 2.0901e-11 2.6997e+00 1.8800e+03 1.9891e+03 1.9980e+03 2.6213e+19 2.2021e+19 2.2021e+19 1.5163e-02 0.0000e+00 3.1855e+05 0.0000e+00
3.9000e+02 2.0793e-11 2.6415e+00 1.8835e+03 1.9928e+03 1.9980e+03 2.5189e+19 2.1254e+19 2.1254e+19 1.5417e-02 0.0000e+00 3.1397e+05 0.0000e+00
4.0000e+02 2.0687e-11 2.5855e+00 1.8869e+03 1.9964e+03 1.9980e+03 2.4226e+19 2.0530e+19 2.0530e+19 1.5670e-02 0.0000e+00 3.0954e+05 0.0000e+00
4.1000e+02 2.0581e-11 2.5316e+00 1.8902e+03 1.9999e+03 1.9980e+03 2.3322e+19 1.9845e+19 1.9845e+19 1.5922e-02 0.0000e+00 3.0527e+05 0.0000e+00
4.2000e+02 2.0476e-11 2.4797e+00 1.8935e+03 2.0034e+03 1.9980e+03 2.2472e+19 1.9198e+19 1.9198e+19 1.6173e-02 0.0000e+00 3.0115e+05 0.0000e+00
4.3000e+02 2.0372e-11 2.4297e+00 1.8967e+03 2.0067e+03 1.9980e+03 2.1672e+19 1.8585e+19 1.8585e+19 1.6422e-02 0.0000e+00 2.9717e+05 0.0000e+00
4.4000e+02 2.0269e-11 2.3815e+00 1.8999e+03 2.0101e+03 1.9980e+03 2.0918e+19 1.8005e+19 1.8005e+19 1.6669e-02 0.0000e+00 2.9333e+05 0.0000e+00
4.5000e+02 2.0167e-11 2.3351e+00 1.9029e+03 2.0134e+03 1.9980e+03 2.0207e+19 1.7455e+19 1.7455e+19 1.6914e-02 0.0000e+00 2.8963e+05 0.0000e+00
4.6000e+02 2.0065e-11 2.2904e+00 1.9060e+03 2.0166e+03 1.9980e+03 1.9537e+19 1.6934e+19 1.6934e+19 1.7158e-02 0.0000e+00 2.8605e+05 0.0000e+00
4.7000e+02 1.9965e-11 2.2473e+00 1.9089e+03 2.0197e+03 1.9980e+03 1.8905e+19 1.6440e+19 1.6440e+19 1.7399e-02 0.0000e+00 2.8259e+05 0.0000e+00
4.8000e+02 1.9865e-11 2.2058e+00 1.9119e+03 2.0228e+03 1.9980e+03 1.8307e+19 1.5970e+19 1.5970e+19 1.7639e-02 0.0000e+00 2.7925e+05 0.0000e+00
4.9000e+02 1.9766e-11 2.1657e+00 1.9147e+03 2.0258e+03 1.9980e+03 1.7742e+19 1.5525e+19 1.5525e+19 1.7876e-02 0.0000e+00 2.7602e+05 0.0000e+00
5.0000e+02 1.9668e-11 2.1270e+00 1.9175e+03 2.0288e+03 1.9980e+03 1.7208e+19 1.5102e+19 1.5102e+19 1.8111e-02 0.0000e+00 2.7291e+05 0.0000e+00
5.1000e+02 1.9571e-11 2.0896e+00 1.9202e+03 2.0317e+03 1.9980e+03 1.6702e+19 1.4700e+19 1.4700e+19 1.8343e-02 0.0000e+00 2.6990e+05 0.0000e+00
5.2000e+02 1.9474e-11 2.0536e+00 1.9229e+03 2.0345e+03 1.9980e+03 1.6223e+19 1.4318e+19 1.4318e+19 1.8573e-02 0.0000e+00 2.6699e+05 0.0000e+00
5.3000e+02 1.9378e-11 2.0188e+00 1.9255e+03 2.0373e+03 1.9980e+03 1.5769e+19 1.3954e+19 1.3954e+19 1.8800e-02 0.0000e+00 2.6418e+05 0.0000e+00
5.4000e+02 1.9283e-11 1.9852e+00 1.9281e+03 2.0400e+03 1.9980e+03 1.5339e+19 1.3608e+19 1.3608e+19 1.9025e-02 0.0000e+00 2.6146e+05 0.0000e+00
5.5000e+02 1.9189e-11 1.9527e+00 1.9306e+03 2.0427e+03 1.9980e+03 1.4931e+19 1.3278e+19 1.3278e+19 1.9247e-02 0.0000e+00 2.5884e+05 0.0000e+00
5.6000e+02 1.9096e-11 1.9213e+00 1.9331e+03 2.0453e+03 1.9980e+03 1.4544e+19 1.2964e+19 1.2964e+19 1.9466e-02 0.0000e+00 2.5631e+05 0.0000e+00
5.7000e+02 1.9003e-11 1.8910e+00 1.9355e+03 2.0478e+03 1.9980e+03 1.4176e+19 1.2665e+19 1.2665e+19 1.9683e-02 0.0000e+00 2.5385e+05 0.0000e+00
5.8000e+02 1.8911e-11 1.8616e+00 1.9379e+03 2.0503e+03 1.9980e+03 1.3826e+19 1.2380e+19 1.2380e+19 1.9896e-02 0.0000e+00 2.5149e+05 0.0000e+00
5.9000e+02 1.8820e-11 1.8333e+00 1.9402e+03 2.0527e+03 1.9980e+03 1.3494e+19 1.2109e+19 1.2109e+19 2.0106e-02 0.0000e+00 2.4920e+05 0.0000e+00
6.0000e+02 1.8730e-11 1.8058e+00 1.9424e+03 2.0551e+03 1.9980e+03 1.3178e+19 1.1849e+19 1.1849e+19 2.0314e-02 0.0000e+00 2.4698e+05 0.0000e+00
6.1000e+02 1.8640e-11 1.7793e+00 1.9446e+03 2.0574e+03 1.9980e+03 1.2877e+19 1.1602e+19 1.1602e+19 2.0518e-02 0.0000e+00 2.4485e+05 0.0000e+00
6.2000e+02 1.8551e-11 1.7536e+00 1.9467e+03 2.0597e+03 1.9980e+03 1.2591e+19 1.1366e+19 1.1366e+19 2.0719e-02 0.0000e+00 2.4278e+05 0.0000e+00
6.3000e+02 1.8463e-11 1.7288e+00 1.9488e+03 2.0619e+03 1.9980e+03 1.2319e+19 1.1140e+19 1.1140e+19 2.0917e-02 0.0000e+00 2.4078e+05 0.0000e+00
6.4000e+02 1.8376e-11 1.7047e+00 1.9509e+03 2.0641e+03 1.9980e+03 1.2059e+19 1.0925e+19 1.0925e+19 2.1112e-02 0.0000e+00 2.3885e+05 0.0000e+00
6.5000e+02 1.8289e-11 1.6814e+00 1.9529e+03 2.0662e+03 1.9980e+03 1.1812e+19 1.0719e+19 1.0719e+19 2.1304e-02 0.0000e+00 2.3699e+05 0.0000e+00
6.6000e+02 1.8203e-11 1.6588e+00 1.9548e+03 2.0682e+03 1.9980e+03 1.1576e+19 1.0523e+19 1.0523e+19 2.1492e-02 0.0000e+00 2.3518e+05 0.0000e+00
6.7000e+02 1.8117e-11 1.6370e+00 1.9567e+03 2.0703e+03 1.9980e+03 1.1351e+19 1.0335e+19 1.0335e+19 2.1677e-02 0.0000e+00 2.3344e+05 0.0000e+00
6.8000e+02 1.8033e-11 1.6158e+00 1.9586e+03 2.0722e+03 1.9980e+03 1.1136e+19 1.0155e+19 1.0155e+19 2.1858e-02 0.0000e+00 2.3176e+05 0.0000e+00
6.9000e+02 1.7949e-11 1.5953e+00 1.9604e+03 2.0741e+03 1.9980e+03 1.0931e+19 9.9831e+18 9.9831e+18 2.2036e-02 0.0000e+00 2.3013e+05 0.0000e+00
7.0000e+02 1.7865e-11 1.5754e+00 1.9621e+03 2.0760e+03 1.9980e+03 1.0736e+19 9.8187e+18 9.8187e+18 2.2211e-02 0.0000e+00 2.2856e+05 0.0000e+00
7.1000e+02 1.7783e-11 1.5561e+00 1.9639e+03 2.0778e+03 1.9980e+03 1.0549e+19 9.6615e+18 9.6615e+18 2.2382e-02 0.0000e+00 2.2704e+05 0.0000e+00
7.2000e+02 1.7701e-11 1.5374e+00 1.9655e+03 2.0796e+03 1.9980e+03 1.0371e+19 9.5110e+18 9.5110e+18 2.2550e-02 0.0000e+00 2.2557e+05 0.0000e+00
7.3000e+02 1.7619e-11 1.5192e+00 1.9672e+03 2.0813e+03 1.9980e+03 1.0201e+19 9.3670e+18 9.3670e+18 2.2714e-02 0.0000e+00 2.2415e+05 0.0000e+00
7.4000e+02 1.7539e-11 1.5016e+00 1.9687e+03 2.0830e+03 1.9980e+03 1.0038e+19 9.2291e+18 9.2291e+18 2.2875e-02 0.0000e+00 2.2278e+05 0.0000e+00
7.5000e+02 1.7459e-11 1.4846e+00 1.9703e+03 2.0846e+03 1.9980e+03 9.8829e+18 9.0972e+18 9.0972e+18 2.3033e-02 0.0000e+00 2.2146e+05 0.0000e+00
7.6000e+02 1.7379e-11 1.4680e+00 1.9718e+03 2.0862e+03 1.9980e+03 9.7344e+18 8.9708e+18 8.9708e+18 2.3187e-02 0.0000e+00 2.2018e+05 0.0000e+00
7.7000e+02 1.7300e-11 1.4519e+00 1.9732e+03 2.0877e+03 1.9980e+03 9.5923e+18 8.8498e+18 8.8498e+18 2.3337e-02 0.0000e+00 2.1895e+05 0.0000e+00
7.8000e+02 1.7222e-11 1.4363e+00 1.9746e+03 2.0892e+03 1.9980e+03 9.4566e+18 8.7340e+18 8.7340e+18 2.3484e-02 0.0000e+00 2.1776e+05 0.0000e+00
7.9000e+02 1.7145e-11 1.4212e+00 1.9760e+03 2.0907e+03 1.9980e+03 9.3267e+18 8.6230e+18 8.6230e+18 2.3628e-02 0.0000e+00 2.1661e+05 0.0000e+00
8.0000e+02 1.7068e-11 1.4064e+00 1.9774e+03 2.0921e+03 1.9980e+03 9.2026e+18 8.5168e+18 8.5168e+18 2.3768e-02 0.0000e+00 2.1550e+05 0.0000e+00
8.1000e+02 1.6991e-11 1.3922e+00 1.9787e+03 2.0935e+03 1.9980e+03 9.0838e+18 8.4150e+18 8.4150e+18 2.3904e-02 0.0000e+00 2.1444e+05 0.0000e+00
8.2000e+02 1.6916e-11 1.3783e+00 1.9799e+03 2.0948e+03 1.9980e+03 8.9702e+18 8.3175e+18 8.3175e+18 2.4038e-02 0.0000e+00 2.1340e+05 0.0000e+00
8.3000e+02 1.6841e-11 1.3648e+00 1.9811e+03 2.0961e+03 1.9980e+03 8.8616e+18 8.2242e+18 8.2242e+18 2.4167e-02 0.0000e+00 2.1241e+05 0.0000e+00
8.4000e+02 1.6766e-11 1.3517e+00 1.9823e+03 2.0973e+03 1.9980e+03 8.7577e+18 8.1348e+18 8.1348e+18 2.4294e-02 0.0000e+00 2.1145e+05 0.0000e+00
8.5000e+02 1.6692e-11 1.3389e+00 1.9835e+03 2.0985e+03 1.9980e+03 8.6583e+18 8.0492e+18 8.0492e+18 2.4417e-02 0.0000e+00 2.1053e+05 0.0000e+00
8.6000e+02 1.6619e-11 1.3266e+00 1.9846e+03 2.0997e+03 1.9980e+03 8.5633e+18 7.9672e+18 7.9672e+18 2.4536e-02 0.0000e+00 2.0964e+05 0.0000e+00
8.7000e+02 1.6546e-11 1.3145e+00 1.9856e+03 2.1009e+03 1.9980e+03 8.4724e+18 7.8888e+18 7.8888e+18 2.4653e-02 0.0000e+00 2.0878e+05 0.0000e+00
8.8000e+02 1.6474e-11 1.3028e+00 1.9867e+03 2.1020e+03 1.9980e+03 8.3855e+18 7.8136e+18 7.8136e+18 2.4765e-02 0.0000e+00 2.0795e+05 0.0000e+00
8.9000e+02 1.6402e-11 1.2915e+00 1.9877e+03 2.1030e+03 1.9980e+03 8.3024e+18 7.7417e+18 7.7417e+18 2.4875e-02 0.0000e+00 2.0716e+05 0.0000e+00
9.0000e+02 1.6331e-11 1.2804e+00 1.9887e+03 2.1041e+03 1.9980e+03 8.2229e+18 7.6729e+18 7.6729e+18 2.4981e-02 0.0000e+00 2.0639e+05 0.0000e+00
9.1000e+02 1.6261e-11 1.2696e+00 1.9896e+03 2.1050e+03 1.9980e+03 8.1469e+18 7.6070e+18 7.6070e+18 2.5084e-02 0.0000e+00 2.0566e+05 0.0000e+00
9.2000e+02 1.6191e-11 1.2592e+00 1.9905e+03 2.1060e+03 1.9980e+03 8.0743e+18 7.5441e+18 7.5441e+18 2.5184e-02 0.0000e+00 2.0495e+05 0.0000e+00
9.3000e+02 1.6122e-11 1.2490e+00 1.9914e+03 2.1069e+03 1.9980e+03 8.0050e+18 7.4838e+18 7.4838e+18 2.5281e-02 0.0000e+00 2.0427e+05 0.0000e+00
9.4000e+02 1.6053e-11 1.2390e+00 1.9922e+03 2.1078e+03 1.9980e+03 7.9387e+18 7.4263e+18 7.4263e+18 2.5374e-02 0.0000e+00 2.0362e+05 0.0000e+00
9.5000e+02 1.5984e-11 1.2294e+00 1.9930e+03 2.1087e+03 1.9980e+03 7.8755e+18 7.3712e+18 7.3712e+18 2.5465e-02 0.0000e+00 2.0299e+05 0.0000e+00
9.6000e+02 1.5917e-11 1.2200e+00 1.9938e+03 2.1095e+03 1.9980e+03 7.8151e+18 7.3187e+18 7.3187e+18 2.5552e-02 0.0000e+00 2.0239e+05 0.0000e+00
9.7000e+02 1.5849e-11 1.2109e+00 1.9946e+03 2.1103e+03 1.9980e+03 7.7575e+18 7.2685e+18 7.2685e+18 2.5636e-02 0.0000e+00 2.0182e+05 0.0000e+00
9.8000e+02 1.5783e-11 1.2020e+00 1.9953e+03 2.1111e+03 1.9980e+03 7.7025e+18 7.2206e+18 7.2206e+18 2.5717e-02 0.0000e+00 2.0126e+05 0.0000e+00
9.9000e+02 1.5716e-11 1.1933e+00 1.9960e+03 2.1118e+03 1.9980e+03 7.6501e+18 7.1749e+18 7.1749e+18 2.5796e-02 0.0000e+00 2.0073e+05 0.0000e+00
1.0000e+03 1.5651e-11 1.1848e+00 1.9967e+03 2.1125e+03 1.9980e+03 7.6002e+18 7.1313e+18 7.1313e+18 2.5871e-02 0.0000e+00 2.0023e+05 0.0000e+00
1.0100e+03 1.5586e-11 1.1766e+00 1.9973e+03 2.1132e+03 1.9980e+03 7.5527e+18 7.0898e+18 7.0898e+18 2.5943e-02 0.0000e+00 1.9974e+05 0.0000e+00
1.0200e+03 1.5521e-11 1.1686e+00 1.9979e+03 2.1139e+03 1.9980e+03 7.5075e+18 7.0503e+18 7.0503e+18 2.6013e-02 0.0000e+00 1.9928e+05 0.0000e+00
1.0300e+03 1.5457e-11 1.1608e+00 1.9985e+03 2.1145e+03 1.9980e+03 7.4645e+18 7.0127e+18 7.0127e+18 2.6079e-02 0.0000e+00 1.9884e+05 0.0000e+00
1.0400e+03 1.5393e-11 1.1532e+00 1.9991e+03 2.1151e+03 1.9980e+03 7.4236e+18 6.9769e+18 6.9769e+18 2.6143e-02 0.0000e+00 1.9842e+05 0.0000e+00
1.0500e+03 1.5330e-11 1.1458e+00 1.9996e+03 2.1156e+03 1.9980e+03 7.3848e+18 6.9430e+18 6.9430e+18 2.6204e-02 0.0000e+00 1.9802e+05 0.0000e+00
1.0600e+03 1.5267e-11 1.1386e+00 2.0001e+03 2.1162e+03 1.9980e+03 7.3480e+18 6.9108e+18 6.9108e+18 2.6262e-02 0.0000e+00 1.9764e+05 0.0000e+00
1.0700e+03 1.5205e-11 1.1315e+00 2.0006e+03 2.1167e+03 1.9980e+03 7.3132e+18 6.8802e+18 6.8802e+18 2.6318e-02 0.0000e+00 1.9727e+05 0.0000e+00
1.0800e+03 1.5143e-11 1.1247e+00 2.0011e+03 2.1172e+03 1.9980e+03 7.2802e+18 6.8513e+18 6.8513e+18 2.6371e-02 0.0000e+00 1.9693e+05 0.0000e+00
1.0900e+03 1.5082e-11 1.1180e+00 2.0015e+03 2.1177e+03 1.9980e+03 7.2490e+18 6.8240e+18 6.8240e+18 2.6422e-02 0.0000e+00 1.9660e+05 0.0000e+00
1.1000e+03 1.5021e-11 1.1114e+00 2.0019e+03 2.1181e+03 1.9980e+03 7.2196e+18 6.7982e+18 6.7982e+18 2.6470e-02 0.0000e+00 1.9629e+05 0.0000e+00
1.1100e+03 1.4961e-11 1.1051e+00 2.0023e+03 2.1185e+03 1.9980e+03 7.1919e+18 6.7739e+18 6.7739e+18 2.6515e-02 0.0000e+00 1.9600e+05 0.0000e+00
1.1200e+03 1.4901e-11 1.0989e+00 2.0027e+03 2.1189e+03 1.9980e+03 7.1658e+18 6.7510e+18 6.7510e+18 2.6558e-02 0.0000e+00 1.9573e+05 0.0000e+00
1.1300e+03 1.4842e-11 1.0928e+00 2.0031e+03 2.1193e+03 1.9980e+03 7.1413e+18 6.7295e+18 6.7295e+18 2.6599e-02 0.0000e+00 1.9547e+05 0.0000e+00
1.1400e+03 1.4783e-11 1.0869e+00 2.0034e+03 2.1196e+03 1.9980e+03 7.1184e+18 6.7094e+18 6.7094e+18 2.6637e-02 0.0000e+00 1.9523e+05 0.0000e+00
1.1500e+03 1.4724e-11 1.0812e+00 2.0037e+03 2.1200e+03 1.9980e+03 7.0970e+18 6.6906e+18 6.6906e+18 2.6673e-02 0.0000e+00 1.9500e+05 0.0000e+00
1.1600e+03 1.4666e-11 1.0756e+00 2.0040e+03 2.1203e+03 1.9980e+03 7.0770e+18 6.6730e+18 6.6730e+18 2.6706e-02 0.0000e+00 1.9479e+05 0.0000e+00
1.1700e+03 1.4608e-11 1.0701e+00 2.0043e+03 2.1206e+03 1.9980e+03 7.0584e+18 6.6567e+18 6.6567e+18 2.6737e-02 0.0000e+00 1.9459e+05 0.0000e+00
1.1800e+03 1.4551e-11 1.0647e+00 2.0045e+03 2.1208e+03 1.9980e+03 7.0412e+18 6.6416e+18 6.6416e+18 2.6767e-02 0.0000e+00 1.9441e+05 0.0000e+00
1.1900e+03 1.4494e-11 1.0595e+00 2.0048e+03 2.1211e+03 1.9980e+03 7.0254e+18 6.6277e+18 6.6277e+18 2.6793e-02 0.0000e+00 1.9424e+05 0.0000e+00
1.2000e+03 1.4438e-11 1.0544e+00 2.0050e+03 2.1213e+03 1.9980e+03 7.0108e+18 6.6149e+18 6.6149e+18 2.6818e-02 0.0000e+00 1.9408e+05 0.0000e+00
1.2100e+03 1.4382e-11 1.0494e+00 2.0052e+03 2.1215e+03 1.9980e+03 6.9975e+18 6.6033e+18 6.6033e+18 2.6841e-02 0.0000e+00 1.9394e+05 0.0000e+00
1.2200e+03 1.4327e-11 1.0446e+00 2.0053e+03 2.1217e+03 1.9980e+03 6.9854e+18 6.5926e+18 6.5926e+18 2.6862e-02 0.0000e+00 1.9381e+05 0.0000e+00
1.2300e+03 1.4272e-11 1.0399e+00 2.0055e+03 2.1219e+03 1.9980e+03 6.9745e+18 6.5831e+18 6.5831e+18 2.6880e-02 0.0000e+00 1.9369e+05 0.0000e+00
1.2400e+03 1.4217e-11 1.0352e+00 2.0057e+03 2.1220e+03 1.9980e+03 6.9648e+18 6.5746e+18 6.5746e+18 2.6897e-02 0.0000e+00 1.9359e+05 0.0000e+00
1.2500e+03 1.4163e-11 1.0307e+00 2.0058e+03 2.1222e+03 1.9980e+03 6.9562e+18 6.5670e+18 6.5670e+18 2.6912e-02 0.0000e+00 1.9350e+05 0.0000e+00
1.2600e+03 1.4109e-11 1.0263e+00 2.0059e+03 2.1223e+03 1.9980e+03 6.9487e+18 6.5605e+18 6.5605e+18 2.6925e-02 0.0000e+00 1.9342e+05 0.0000e+00
1.2700e+03 1.4055e-11 1.0220e+00 2.0060e+03 2.1224e+03 1.9980e+03 6.9423e+18 6.5548e+18 6.5548e+18 2.6936e-02 0.0000e+00 1.9335e+05 0.0000e+00
1.2800e+03 1.4002e-11 1.0178e+00 2.0061e+03 2.1225e+03 1.9980e+03 6.9369e+18 6.5501e+18 6.5501e+18 2.6945e-02 0.0000e+00 1.9329e+05 0.0000e+00
1.2900e+03 1.3950e-11 1.0137e+00 2.0061e+03 2.1225e+03 1.9980e+03 6.9325e+18 6.5463e+18 6.5463e+18 2.6952e-02 0.0000e+00 1.9324e+05 0.0000e+00
1.3000e+03 1.3898e-11 1.0097e+00 2.0062e+03 2.1226e+03 1.9980e+03 6.9292e+18 6.5434e+18 6.5434e+18 2.6958e-02 0.0000e+00 1.9321e+05 0.0000e+00
1.3100e+03 1.3846e-11 1.0058e+00 2.0062e+03 2.1226e+03 1.9980e+03 6.9268e+18 6.5414e+18 6.5414e+18 2.6962e-02 0.0000e+00 1.9318e+05 0.0000e+00
1.3200e+03 1.3794e-11 1.0019e+00 2.0062e+03 2.1226e+03 1.9980e+03 6.9253e+18 6.5401e+18 6.5401e+18 2.6965e-02 0.0000e+00 1.9317e+05 0.0000e+00
1.3300e+03 1.3743e-11 9.9818e-01 2.0062e+03 2.1226e+03 1.9980e+03 6.9248e+18 6.5397e+18 6.5397e+18 2.6965e-02 0.0000e+00 1.9316e+05 0.0000e+00
1.3400e+03 1.3692e-11 9.9453e-01 2.0062e+03 2.1226e+03 1.9980e+03 6.9252e+18 6.5401e+18 6.5401e+18 2.6965e-02 0.0000e+00 1.9317e+05 0.0000e+00
1.3500e+03 1.3642e-11 9.9096e-01 2.0062e+03 2.1226e+03 1.9980e+03 6.9265e+18 6.5413e+18 6.5413e+18 2.6962e-02 0.0000e+00 1.9318e+05 0.0000e+00
1.3600e+03 1.3592e-11 9.8747e-01 2.0062e+03 2.1226e+03 1.9980e+03 6.9286e+18 6.5432e+18 6.5432e+18 2.6959e-02 0.0000e+00 1.9321e+05 0.0000e+00
1.3700e+03 1.3542e-11 9.8405e-01 2.0061e+03 2.1225e+03 1.9980e+03 6.9316e+18 6.5459e+18 6.5459e+18 2.6953e-02 0.0000e+00 1.9324e+05 0.0000e+00
1.3800e+03 1.3493e-11 9.8072e-01 2.0061e+03 2.1225e+03 1.9980e+03 6.9354e+18 6.5493e+18 6.5493e+18 2.6947e-02 0.0000e+00 1.9328e+05 0.0000e+00
1.3900e+03 1.3444e-11 9.7746e-01 2.0060e+03 2.1224e+03 1.9980e+03 6.9400e+18 6.5534e+18 6.5534e+18 2.6939e-02 0.0000e+00 1.9333e+05 0.0000e+00
1.4000e+03 1.3396e-11 9.7428e-01 2.0059e+03 2.1223e+03 1.9980e+03 6.9454e+18 6.5582e+18 6.5582e+18 2.6929e-02 0.0000e+00 1.9339e+05 0.0000e+00
1.4100e+03 1.3348e-11 9.7116e-01 2.0058e+03 2.1222e+03 1.9980e+03 6.9515e+18 6.5637e+18 6.5637e+18 2.6918e-02 0.0000e+00 1.9346e+05 0.0000e+00
1.4200e+03 1.3300e-11 9.6812e-01 2.0057e+03 2.1221e+03 1.9980e+03 6.9585e+18 6.5699e+18 6.5699e+18 2.6906e-02 0.0000e+00 1.9353e+05 0.0000e+00
1.4300e+03 1.3252e-11 9.6515e-01 2.0056e+03 2.1220e+03 1.9980e+03 6.9662e+18 6.5767e+18 6.5767e+18 2.6893e-02 0.0000e+00 1.9362e+05 0.0000e+00
1.4400e+03 1.3205e-11 9.6224e-01 2.0055e+03 2.1218e+03 1.9980e+03 6.9746e+18 6.5842e+18 6.5842e+18 2.6878e-02 0.0000e+00 1.9371e+05 0.0000e+00
1.4500e+03 1.3159e-11 9.5939e-01 2.0054e+03 2.1217e+03 1.9980e+03 6.9837e+18 6.5923e+18 6.5923e+18 2.6862e-02 0.0000e+00 1.9381e+05 0.0000e+00
1.4600e+03 1.3112e-11 9.5661e-01 2.0052e+03 2.1215e+03 1.9980e+03 6.9935e+18 6.6010e+18 6.6010e+18 2.6845e-02 0.0000e+00 1.9391e+05 0.0000e+00
1.4700e+03 1.3066e-11 9.5389e-01 2.0050e+03 2.1214e+03 1.9980e+03 7.0040e+18 6.6103e+18 6.6103e+18 2.6827e-02 0.0000e+00 1.9402e+05 0.0000e+00
1.4800e+03 1.3020e-11 9.5123e-01 2.0049e+03 2.1212e+03 1.9980e+03 7.0152e+18 6.6202e+18 6.6202e+18 2.6808e-02 0.0000e+00 1.9415e+05 0.0000e+00
1.4900e+03 1.2975e-11 9.4863e-01 2.0047e+03 2.1210e+03 1.9980e+03 7.0270e+18 6.6307e+18 6.6307e+18 2.6788e-02 0.0000e+00 1.9427e+05 0.0000e+00
1.5000e+03 1.2930e-11 9.4609e-01 2.0045e+03 2.1208e+03 1.9980e+03 7.0395e+18 6.6418e+18 6.6418e+18 2.6766e-02 0.0000e+00 1.9441e+05 0.0000e+00
1.5100e+03 1.2885e-11 9.4360e-01 2.0043e+03 2.1206e+03 1.9980e+03 7.0527e+18 6.6534e+18 6.6534e+18 2.6744e-02 0.0000e+00 1.9455e+05 0.0000e+00
1.5200e+03 1.2840e-11 9.4117e-01 2.0041e+03 2.1204e+03 1.9980e+03 7.0664e+18 6.6656e+18 6.6656e+18 2.6721e-02 0.0000e+00 1.9470e+05 0.0000e+00
1.5300e+03 1.2796e-11 9.3879e-01 2.0039e+03 2.1202e+03 1.9980e+03 7.0808e+18 6.6783e+18 6.6783e+18 2.6696e-02 0.0000e+00 1.9485e+05 0.0000e+00
1.5400e+03 1.2752e-11 9.3647e-01 2.0037e+03 2.1200e+03 1.9980e+03 7.0958e+18 6.6915e+18 6.6915e+18 2.6671e-02 0.0000e+00 1.9501e+05 0.0000e+00
1.5500e+03 1.2709e-11 9.3419e-01 2.0035e+03 2.1197e+03 1.9980e+03 7.1114e+18 6.7053e+18 6.7053e+18 2.6645e-02 0.0000e+00 1.9518e+05 0.0000e+00
1.5600e+03 1.2666e-11 9.3196e-01 2.0032e+03 2.1195e+03 1.9980e+03 7.1275e+18 6.7196e+18 6.7196e+18 2.6617e-02 0.0000e+00 1.9535e+05 0.0000e+00
1.5700e+03 1.2623e-11 9.2978e-01 2.0030e+03 2.1192e+03 1.9980e+03 7.1443e+18 6.7343e+18 6.7343e+18 2.6589e-02 0.0000e+00 1.9553e+05 0.0000e+00
1.5800e+03 1.2580e-11 9.2765e-01 2.0027e+03 2.1189e+03 1.9980e+03 7.1616e+18 6.7496e+18 6.7496e+18 2.6561e-02 0.0000e+00 1.9571e+05 0.0000e+00
1.5900e+03 1.2538e-11 9.2557e-01 2.0025e+03 2.1187e+03 1.9980e+03 7.1794e+18 6.7654e+18 6.7654e+18 2.6531e-02 0.0000e+00 1.9590e+05 0.0000e+00
1.6000e+03 1.2496e-11 9.2353e-01 2.0022e+03 2.1184e+03 1.9980e+03 7.1978e+18 6.7816e+18 6.7816e+18 2.6501e-02 0.0000e+00 1.9610e+05 0.0000e+00
1.6100e+03 1.2454e-11 9.2153e-01 2.0019e+03 2.1181e+03 1.9980e+03 7.2168e+18 6.7983e+18 6.7983e+18 2.6469e-02 0.0000e+00 1.9630e+05 0.0000e+00
1.6200e+03 1.2413e-11 9.1958e-01 2.0017e+03 2.1178e+03 1.9980e+03 7.2363e+18 6.8155e+18 6.8155e+18 2.6437e-02 0.0000e+00 1.9650e+05 0.0000e+00
1.6300e+03 1.2372e-11 9.1767e-01 2.0014e+03 2.1175e+03 1.9980e+03 7.2563e+18 6.8331e+18 6.8331e+18 2.6405e-02 0.0000e+00 1.9671e+05 0.0000e+00
1.6400e+03 1.2331e-11 9.1580e-01 2.0011e+03 2.1172e+03 1.9980e+03 7.2768e+18 6.8512e+18 6.8512e+18 2.6371e-02 0.0000e+00 1.9693e+05 0.0000e+00
1.6500e+03 1.2291e-11 9.1397e-01 2.0008e+03 2.1169e+03 1.9980e+03 7.2978e+18 6.8698e+18 6.8698e+18 2.6337e-02 0.0000e+00 1.9715e+05 0.0000e+00
1.6600e+03 1.2250e-11 9.1218e-01 2.0005e+03 2.1166e+03 1.9980e+03 7.3193e+18 6.8887e+18 6.8887e+18 2.6303e-02 0.0000e+00 1.9737e+05 0.0000e+00
1.6700e+03 1.2210e-11 9.1043e-01 2.0002e+03 2.1162e+03 1.9980e+03 7.3413e+18 6.9081e+18 6.9081e+18 2.6267e-02 0.0000e+00 1.9760e+05 0.0000e+00
1.6800e+03 1.2171e-11 9.0872e-01 1.9999e+03 2.1159e+03 1.9980e+03 7.3639e+18 6.9279e+18 6.9279e+18 2.6231e-02 0.0000e+00 1.9784e+05 0.0000e+00
1.6900e+03 1.2131e-11 9.0704e-01 1.9995e+03 2.1156e+03 1.9980e+03 7.3868e+18 6.9481e+18 6.9481e+18 2.6195e-02 0.0000e+00 1.9808e+05 0.0000e+00
1.7000e+03 1.2092e-11 9.0540e-01 1.9992e+03 2.1152e+03 1.9980e+03 7.4103e+18 6.9688e+18 6.9688e+18 2.6158e-02 0.0000e+00 1.9832e+05 0.0000e+00
1.7100e+03 1.2053e-11 9.0379e-01 1.9989e+03 2.1149e+03 1.9980e+03 7.4342e+18 6.9898e+18 6.9898e+18 2.6120e-02 0.0000e+00 1.9857e+05 0.0000e+00
1.7200e+03 1.2015e-11 9.0222e-01 1.9985e+03 2.1145e+03 1.9980e+03 7.4586e+18 7.0113e+18 7.0113e+18 2.6082e-02 0.0000e+00 1.9882e+05 0.0000e+00
1.7300e+03 1.1976e-11 9.0068e-01 1.9982e+03 2.1141e+03 1.9980e+03 7.4835e+18 7.0331e+18 7.0331e+18 2.6043e-02 0.0000e+00 1.9908e+05 0.0000e+00
1.7400e+03 1.1938e-11 8.9917e-01 1.9979e+03 2.1138e+03 1.9980e+03 7.5088e+18 7.0553e+18 7.0553e+18 2.6004e-02 0.0000e+00 1.9934e+05 0.0000e+00
1.7500e+03 1.1901e-11 8.9770e-01 1.9975e+03 2.1134e+03 1.9980e+03 7.5345e+18 7.0779e+18 7.0779e+18 2.5964e-02 0.0000e+00 1.9960e+05 0.0000e+00
1.7600e+03 1.1863e-11 8.9626e-01 1.9971e+03 2.1130e+03 1.9980e+03 7.5607e+18 7.1009e+18 7.1009e+18 2.5924e-02 0.0000e+00 1.9987e+05 0.0000e+00
1.7700e+03 1.1826e-11 8.9485e-01 1.9968e+03 2.1126e+03 1.9980e+03 7.5873e+18 7.1242e+18 7.1242e+18 2.5883e-02 0.0000e+00 2.0015e+05 0.0000e+00
1.7800e+03 1.1789e-11 8.9347e-01 1.9964e+03 2.1123e+03 1.9980e+03 7.6144e+18 7.1480e+18 7.1480e+18 2.5842e-02 0.0000e+00 2.0042e+05 0.0000e+00
1.7900e+03 1.1752e-11 8.9211e-01 1.9961e+03 2.1119e+03 1.9980e+03 7.6419e+18 7.1720e+18 7.1720e+18 2.5800e-02 0.0000e+00 2.0070e+05 0.0000e+00
1.8000e+03 1.1715e-11 8.9079e-01 1.9957e+03 2.1115e+03 1.9980e+03 7.6698e+18 7.1965e+18 7.1965e+18 2.5758e-02 0.0000e+00 2.0098e+05 0.0000e+00
1.8100e+03 1.1679e-11 8.8950e-01 1.9953e+03 2.1111e+03 1.9980e+03 7.6981e+18 7.2213e+18 7.2213e+18 2.5716e-02 0.0000e+00 2.0127e+05 0.0000e+00
1.8200e+03 1.1643e-11 8.8823e-01 1.9949e+03 2.1107e+03 1.9980e+03 7.7268e+18 7.2464e+18 7.2464e+18 2.5673e-02 0.0000e+00 2.0156e+05 0.0000e+00
1.8300e+03 1.1607e-11 8.8699e-01 1.9945e+03 2.1103e+03 1.9980e+03 7.7559e+18 7.2719e+18 7.2719e+18 2.5630e-02 0.0000e+00 2.0185e+05 0.0000e+00
1.8400e+03 1.1572e-11 8.8577e-01 1.9941e+03 2.1098e+03 1.9980e+03 7.7854e+18 7.2977e+18 7.2977e+18 2.5587e-02 0.0000e+00 2.0215e+05 0.0000e+00
1.8500e+03 1.1537e-11 8.8458e-01 1.9938e+03 2.1094e+03 1.9980e+03 7.8153e+18 7.3239e+18 7.3239e+18 2.5543e-02 0.0000e+00 2.0245e+05 0.0000e+00
1.8600e+03 1.1502e-11 8.8342e-01 1.9934e+03 2.1090e+03 1.9980e+03 7.8456e+18 7.3504e+18 7.3504e+18 2.5499e-02 0.0000e+00 2.0275e+05 0.0000e+00
1.8700e+03 1.1467e-11 8.8228e-01 1.9930e+03 2.1086e+03 1.9980e+03 7.8763e+18 7.3772e+18 7.3772e+18 2.5455e-02 0.0000e+00 2.0306e+05 0.0000e+00
1.8800e+03 1.1432e-11 8.8117e-01 1.9926e+03 2.1082e+03 1.9980e+03 7.9074e+18 7.4044e+18 7.4044e+18 2.5410e-02 0.0000e+00 2.0337e+05 0.0000e+00
1.8900e+03 1.1398e-11 8.8008e-01 1.9922e+03 2.1077e+03 1.9980e+03 7.9389e+18 7.4318e+18 7.4318e+18 2.5365e-02 0.0000e+00 2.0368e+05 0.0000e+00
1.9000e+03 1.1364e-11 8.7901e-01 1.9917e+03 2.1073e+03 1.9980e+03 7.9707e+18 7.4596e+18 7.4596e+18 2.5320e-02 0.0000e+00 2.0400e+05 0.0000e+00
1.9100e+03 1.1330e-11 8.7797e-01 1.9913e+03 2.1069e+03 1.9980e+03 8.0029e+18 7.4877e+18 7.4877e+18 2.5275e-02 0.0000e+00 2.0432e+05 0.0000e+00
1.9200e+03 1.1296e-11 8.7695e-01 1.9909e+03 2.1064e+03 1.9980e+03 8.0355e+18 7.5162e+18 7.5162e+18 2.5229e-02 0.0000e+00 2.0464e+05 0.0000e+00
1.9300e+03 1.1263e-11 8.7595e-01 1.9905e+03 2.1060e+03 1.9980e+03 8.0684e+18 7.5449e+18 7.5449e+18 2.5183e-02 0.0000e+00 2.0496e+05 0.0000e+00
1.9400e+03 1.1230e-11 8.7497e-01 1.9901e+03 2.1056e+03 1.9980e+03 8.1018e+18 7.5739e+18 7.5739e+18 2.5137e-02 0.0000e+00 2.0529e+05 0.0000e+00
1.9500e+03 1.1197e-11 8.7401e-01 1.9897e+03 2.1051e+03 1.9980e+03 8.1354e+18 7.6032e+18 7.6032e+18 2.5090e-02 0.0000e+00 2.0562e+05 0.0000e+00
1.9600e+03 1.1164e-11 8.7307e-01 1.9892e+03 2.1047e+03 1.9980e+03 8.1694e+18 7.6328e+18 7.6328e+18 2.5044e-02 0.0000e+00 2.0595e+05 0.0000e+00
1.9700e+03 1.1131e-11 8.7215e-01 1.9888e+03 2.1042e+03 1.9980e+03 8.2038e+18 7.6628e+18 7.6628e+18 2.4997e-02 0.0000e+00 2.0628e+05 0.0000e+00
1.9800e+03 1.1099e-11 8.7126e-01 1.9884e+03 2.1038e+03 1.9980e+03 8.2385e+18 7.6930e+18 7.6930e+18 2.4950e-02 0.0000e+00 2.0662e+05 0.0000e+00
1.9900e+03 1.1067e-11 8.7038e-01 1.9880e+03 2.1033e+03 1.9980e+03 8.2736e+18 7.7235e+18 7.7235e+18 2.4903e-02 0.0000e+00 2.0696e+05 0.0000e+00
2.0000e+03 1.1035e-11 8.6952e-01 1.9875e+03 2.1028e+03 1.9980e+03 8.3090e+18 7.7542e+18 7.7542e+18 2.4856e-02 0.0000e+00 2.0730e+05 0.0000e+00
2.0100e+03 1.1003e-11 8.6868e-01 1.9871e+03 2.1024e+03 1.9980e+03 8.3448e+18 7.7853e+18 7.7853e+18 2.4808e-02 0.0000e+00 2.0764e+05 0.0000e+00
2.0200e+03 1.0972e-11 8.6786e-01 1.9866e+03 2.1019e+03 1.9980e+03 8.3809e+18 7.8167e+18 7.8167e+18 2.4761e-02 0.0000e+00 2.0799e+05 0.0000e+00
2.0300e+03 1.0941e-11 8.6705e-01 1.9862e+03 2.1014e+03 1.9980e+03 8.4173e+18 7.8483e+18 7.8483e+18 2.4713e-02 0.0000e+00 2.0834e+05 0.0000e+00
2.0400e+03 1.0909e-11 8.6627e-01 1.9858e+03 2.1010e+03 1.9980e+03 8.4541e+18 7.8802e+18 7.8802e+18 2.4665e-02 0.0000e+00 2.0869e+05 0.0000e+00
2.0500e+03 1.0879e-11 8.6550e-01 1.9853e+03 2.1005e+03 1.9980e+03 8.4912e+18 7.9123e+18 7.9123e+18 2.4617e-02 0.0000e+00 2.0904e+05 0.0000e+00
2.0600e+03 1.0848e-11 8.6474e-01 1.9849e+03 2.1000e+03 1.9980e+03 8.5286e+18 7.9448e+18 7.9448e+18 2.4569e-02 0.0000e+00 2.0939e+05 0.0000e+00
2.0700e+03 1.0817e-11 8.6400e-01 1.9844e+03 2.0996e+03 1.9980e+03 8.5663e+18 7.9775e+18 7.9775e+18 2.4521e-02 0.0000e+00 2.0975e+05 0.0000e+00
2.0800e+03 1.0787e-11 8.6328e-01 1.9840e+03 2.0991e+03 1.9980e+03 8.6044e+18 8.0104e+18 8.0104e+18 2.4473e-02 0.0000e+00 2.1011e+05 0.0000e+00
2.0900e+03 1.0757e-11 8.6258e-01 1.9835e+03 2.0986e+03 1.9980e+03 8.6428e+18 8.0437e+18 8.0437e+18 2.4425e-02 0.0000e+00 2.1047e+05 0.0000e+00
2.1000e+03 1.0727e-11 8.6189e-01 1.9831e+03 2.0981e+03 1.9980e+03 8.6815e+18 8.0771e+18 8.0771e+18 2.4376e-02 0.0000e+00 2.1083e+05 0.0000e+00
2.1100e+03 1.0698e-11 8.6122e-01 1.9826e+03 2.0977e+03 1.9980e+03 8.7205e+18 8.1109e+18 8.1109e+18 2.4328e-02 0.0000e+00 2.1119e+05 0.0000e+00
2.1200e+03 1.0668e-11 8.6056e-01 1.9822e+03 2.0972e+03 1.9980e+03 8.7598e+18 8.1449e+18 8.1449e+18 2.4279e-02 0.0000e+00 2.1156e+05 0.0000e+00
2.1300e+03 1.0639e-11 8.5991e-01 1.9817e+03 2.0967e+03 1.9980e+03 8.7994e+18 8.1791e+18 8.1791e+18 2.4231e-02 0.0000e+00 2.1193e+05 0.0000e+00
2.1400e+03 1.0610e-11 8.5928e-01 1.9813e+03 2.0962e+03 1.9980e+03 8.8394e+18 8.2136e+18 8.2136e+18 2.4182e-02 0.0000e+00 2.1230e+05 0.0000e+00
2.1500e+03 1.0581e-11 8.5866e-01 1.9808e+03 2.0957e+03 1.9980e+03 8.8796e+18 8.2484e+18 8.2484e+18 2.4134e-02 0.0000e+00 2.1267e+05 0.0000e+00
2.1600e+03 1.0552e-11 8.5806e-01 1.9804e+03 2.0953e+03 1.9980e+03 8.9202e+18 8.2834e+18 8.2834e+18 2.4085e-02 0.0000e+00 2.1304e+05 0.0000e+00
2.1700e+03 1.0523e-11 8.5747e-01 1.9799e+03 2.0948e+03 1.9980e+03 8.9611e+18 8.3186e+18 8.3186e+18 2.4036e-02 0.0000e+00 2.1342e+05 0.0000e+00
2.1800e+03 1.0495e-11 8.5690e-01 1.9794e+03 2.0943e+03 1.9980e+03 9.0022e+18 8.3541e+18 8.3541e+18 2.3987e-02 0.0000e+00 2.1379e+05 0.0000e+00
2.1900e+03 1.0467e-11 8.5633e-01 1.9790e+03 2.0938e+03 1.9980e+03 9.0437e+18 8.3898e+18 8.3898e+18 2.3939e-02 0.0000e+00 2.1417e+05 0.0000e+00
2.2000e+03 1.0439e-11 8.5578e-01 1.9785e+03 2.0933e+03 1.9980e+03 9.0854e+18 8.4258e+18 8.4258e+18 2.3890e-02 0.0000e+00 2.1455e+05 0.0000e+00
2.2100e+03 1.0411e-11 8.5525e-01 1.9781e+03 2.0928e+03 1.9980e+03 9.1275e+18 8.4619e+18 8.4619e+18 2.3841e-02 0.0000e+00 2.1493e+05 0.0000e+00
2.2200e+03 1.0383e-11 8.5472e-01 1.9776e+03 2.0923e+03 1.9980e+03 9.1698e+18 8.4984e+18 8.4984e+18 2.3792e-02 0.0000e+00 2.1531e+05 0.0000e+00
2.2300e+03 1.0356e-11 8.5421e-01 1.9771e+03 2.0918e+03 1.9980e+03 9.2124e+18 8.5350e+18 8.5350e+18 2.3744e-02 0.0000e+00 2.1570e+05 0.0000e+00
2.2400e+03 1.0328e-11 8.5370e-01 1.9767e+03 2.0914e+03 1.9980e+03 9.2554e+18 8.5719e+18 8.5719e+18 2.3695e-02 0.0000e+00 2.1608e+05 0.0000e+00
2.2500e+03 1.0301e-11 8.5321e-01 1.9762e+03 2.0909e+03 1.9980e+03 9.2986e+18 8.6090e+18 8.6090e+18 2.3646e-02 0.0000e+00 2.1647e+05 0.0000e+00
2.2600e+03 1.0274e-11 8.5274e-01 1.9757e+03 2.0904e+03 1.9980e+03 9.3421e+18 8.6464e+18 8.6464e+18 2.3597e-02 0.0000e+00 2.1686e+05 0.0000e+00
2.2700e+03 1.0247e-11 8.5227e-01 1.9753e+03 2.0899e+03 1.9980e+03 9.3858e+18 8.6839e+18 8.6839e+18 2.3549e-02 0.0000e+00 2.1724e+05 0.0000e+00
2.2800e+03 1.0221e-11 8.5181e-01 1.9748e+03 2.0894e+03 1.9980e+03 9.4299e+18 8.7217e+18 8.7217e+18 2.3500e-02 0.0000e+00 2.1763e+05 0.0000e+00
2.2900e+03 1.0194e-11 8.5137e-01 1.9743e+03 2.0889e+03 1.9980e+03 9.4742e+18 8.7597e+18 8.7597e+18 2.3451e-02 0.0000e+00 2.1803e+05 0.0000e+00
2.3000e+03 1.0168e-11 8.5093e-01 1.9739e+03 2.0884e+03 1.9980e+03 9.5188e+18 8.7979e+18 8.7979e+18 2.3403e-02 0.0000e+00 2.1842e+05 0.0000e+00
2.3100e+03 1.0142e-11 8.5051e-01 1.9734e+03 2.0879e+03 1.9980e+03 9.5637e+18 8.8364e+18 8.8364e+18 2.3354e-02 0.0000e+00 2.1881e+05 0.0000e+00
2.3200e+03 1.0116e-11 8.5009e-01 1.9729e+03 2.0874e+03 1.9980e+03 9.6089e+18 8.8751e+18 8.8751e+18 2.3306e-02 0.0000e+00 2.1921e+05 0.0000e+00
2.3300e+03 1.0090e-11 8.4969e-01 1.9725e+03 2.0869e+03 1.9980e+03 9.6543e+18 8.9139e+18 8.9139e+18 2.3257e-02 0.0000e+00 2.1961e+05 0.0000e+00
2.3400e+03 1.0064e-11 8.4929e-01 1.9720e+03 2.0864e+03 1.9980e+03 9.7000e+18 8.9530e+18 8.9530e+18 2.3209e-02 0.0000e+00 2.2000e+05 0.0000e+00
2.3500e+03 1.0038e-11 8.4891e-01 1.9715e+03 2.0859e+03 1.9980e+03 9.7460e+18 8.9923e+18 8.9923e+18 2.3160e-02 0.0000e+00 2.2040e+05 0.0000e+00
2.3600e+03 1.0013e-11 8.4853e-01 1.9711e+03 2.0854e+03 1.9980e+03 9.7923e+18 9.0318e+18 9.0318e+18 2.3112e-02 0.0000e+00 2.2080e+05 0.0000e+00
2.3700e+03 9.9879e-12 8.4816e-01 1.9706e+03 2.0849e+03 1.9980e+03 9.8388e+18 9.0716e+18 9.0716e+18 2.3064e-02 0.0000e+00 2.2120e+05 0.0000e+00
2.3800e+03 9.9628e-12 8.4780e-01 1.9701e+03 2.0844e+03 1.9980e+03 9.8856e+18 9.1115e+18 9.1115e+18 2.3015e-02 0.0000e+00 2.2160e+05 0.0000e+00
2.3900e+03 9.9379e-12 8.4746e-01 1.9696e+03 2.0839e+03 1.9980e+03 9.9326e+18 9.1516e+18 9.1516e+18 2.2967e-02 0.0000e+00 2.2201e+05 0.0000e+00
2.4000e+03 9.9131e-12 8.4712e-01 1.9692e+03 2.0834e+03 1.9980e+03 9.9799e+18 9.1919e+18 9.1919e+18 2.2919e-02 0.0000e+00 2.2241e+05 0.0000e+00
2.4100e+03 9.8885e-12 8.4678e-01 1.9687e+03 2.0829e+03 1.9980e+03 1.0027e+19 9.2325e+18 9.2325e+18 2.2871e-02 0.0000e+00 2.2282e+05 0.0000e+00
2.4200e+03 9.8640e-12 8.4646e-01 1.9682e+03 2.0824e+03 1.9980e+03 1.0075e+19 9.2732e+18 9.2732e+18 2.2823e-02 0.0000e+00 2.2322e+05 0.0000e+00
2.4300e+03 9.8397e-12 8.4615e-01 1.9678e+03 2.0819e+03 1.9980e+03 1.0123e+19 9.3142e+18 9.3142e+18 2.2776e-02 0.0000e+00 2.2363e+05 0.0000e+00
2.4400e+03 9.8155e-12 8.4584e-01 1.9673e+03 2.0814e+03 1.9980e+03 1.0172e+19 9.3553e+18 9.3553e+18 2.2728e-02 0.0000e+00 2.2404e+05 0.0000e+00
2.4500e+03 9.7915e-12 8.4554e-01 1.9668e+03 2.0809e+03 1.9980e+03 1.0220e+19 9.3966e+18 9.3966e+18 2.2680e-02 0.0000e+00 2.2445e+05 0.0000e+00
2.4600e+03 9.7676e-12 8.4525e-01 1.9664e+03 2.0804e+03 1.9980e+03 1.0269e+19 9.4382e+18 9.4382e+18 2.2633e-02 0.0000e+00 2.2485e+05 0.0000e+00
2.4700e+03 9.7438e-12 8.4497e-01 1.9659e+03 2.0799e+03 1.9980e+03 1.0318e+19 9.4799e+18 9.4799e+18 2.2585e-02 0.0000e+00 2.2526e+05 0.0000e+00
2.4800e+03 9.7202e-12 8.4469e-01 1.9654e+03 2.0794e+03 1.9980e+03 1.0368e+19 9.5218e+18 9.5218e+18 2.2538e-02 0.0000e+00 2.2568e+05 0.0000e+00
2.4900e+03 9.6967e-12 8.4442e-01 1.9649e+03 2.0789e+03 1.9980e+03 1.0417e+19 9.5639e+18 9.5639e+18 2.2491e-02 0.0000e+00 2.2609e+05 0.0000e+00
2.5000e+03 9.6734e-12 8.4416e-01 1.9645e+03 2.0785e+03 1.9980e+03 1.0467e+19 9.6062e+18 9.6062e+18 2.2443e-02 0.0000e+00 2.2650e+05 0.0000e+00
2.5100e+03 9.6502e-12 8.4391e-01 1.9640e+03 2.0780e+03 1.9980e+03 1.0517e+19 9.6487e+18 9.6487e+18 2.2396e-02 0.0000e+00 2.2691e+05 0.0000e+00
2.5200e+03 9.6271e-12 8.4366e-01 1.9635e+03 2.0775e+03 1.9980e+03 1.0568e+19 9.6914e+18 9.6914e+18 2.2349e-02 0.0000e+00 2.2733e+05 0.0000e+00
2.5300e+03 9.6042e-12 8.4342e-01 1.9631e+03 2.0770e+03 1.9980e+03 1.0618e+19 9.7342e+18 9.7342e+18 2.2302e-02 0.0000e+00 2.2774e+05 0.0000e+00
2.5400e+03 9.5814e-12 8.4319e-01 1.9626e+03 2.0765e+03 1.9980e+03 1.0669e+19 9.7773e+18 9.7773e+18 2.2256e-02 0.0000e+00 2.2816e+05 0.0000e+00
2.5500e+03 9.5588e-12 8.4296e-01 1.9621e+03 2.0760e+03 1.9980e+03 1.0720e+19 9.8205e+18 9.8205e+18 2.2209e-02 0.0000e+00 2.2857e+05 0.0000e+00
2.5600e+03 9.5362e-12 8.4274e-01 1.9617e+03 2.0755e+03 1.9980e+03 1.0772e+19 9.8639e+18 9.8639e+18 2.2162e-02 0.0000e+00 2.2899e+05 0.0000e+00
2.5700e+03 9.5138e-12 8.4253e-01 1.9612e+03 2.0750e+03 1.9980e+03 1.0823e+19 9.9076e+18 9.9076e+18 2.2116e-02 0.0000e+00 2.2941e+05 0.0000e+00
2.5800e+03 9.4916e-12 8.4232e-01 1.9607e+03 2.0745e+03 1.9980e+03 1.0875e+19 9.9513e+18 9.9513e+18 2.2070e-02 0.0000e+00 2.2983e+05 0.0000e+00
2.5900e+03 9.4694e-12 8.4212e-01 1.9603e+03 2.0740e+03 1.9980e+03 1.0927e+19 9.9953e+18 9.9953e+18 2.2023e-02 0.0000e+00 2.3024e+05 0.0000e+00
2.6000e+03 9.4474e-12 8.4192e-01 1.9598e+03 2.0735e+03 1.9980e+03 1.0980e+19 1.0039e+19 1.0039e+19 2.1977e-02 0.0000e+00 2.3066e+05 0.0000e+00
2.6100e+03 9.4255e-12 8.4173e-01 1.9593e+03 2.0730e+03 1.9980e+03 1.1032e+19 1.0084e+19 1.0084e+19 2.1931e-02 0.0000e+00 2.3108e+05 0.0000e+00
2.6200e+03 9.4038e-12 8.4155e-01 1.9589e+03 2.0725e+03 1.9980e+03 1.1085e+19 1.0128e+19 1.0128e+19 2.1885e-02 0.0000e+00 2.3150e+05 0.0000e+00
2.6300e+03 9.3821e-12 8.4137e-01 1.9584e+03 2.0720e+03 1.9980e+03 1.1138e+19 1.0173e+19 1.0173e+19 2.1840e-02 0.0000e+00 2.3193e+05 0.0000e+00
2.6400e+03 9.3606e-12 8.4120e-01 1.9579e+03 2.0715e+03 1.9980e+03 1.1191e+19 1.0218e+19 1.0218e+19 2.1794e-02 0.0000e+00 2.3235e+05 0.0000e+00
2.6500e+03 9.3392e-12 8.4103e-01 1.9575e+03 2.0710e+03 1.9980e+03 1.1245e+19 1.0263e+19 1.0263e+19 2.1749e-02 0.0000e+00 2.3277e+05 0.0000e+00
2.6600e+03 9.3180e-12 8.4087e-01 1.9570e+03 2.0705e+03 1.9980e+03 1.1299e+19 1.0308e+19 1.0308e+19 2.1703e-02 0.0000e+00 2.3319e+05 0.0000e+00
2.6700e+03 9.2968e-12 8.4072e-01 1.9565e+03 2.0701e+03 1.9980e+03 1.1353e+19 1.0353e+19 1.0353e+19 2.1658e-02 0.0000e+00 2.3361e+05 0.0000e+00
2.6800e+03 9.2758e-12 8.4057e-01 1.9561e+03 2.0696e+03 1.9980e+03 1.1407e+19 1.0399e+19 1.0399e+19 2.1613e-02 0.0000e+00 2.3404e+05 0.0000e+00
2.6900e+03 9.2549e-12 8.4042e-01 1.9556e+03 2.0691e+03 1.9980e+03 1.1461e+19 1.0445e+19 1.0445e+19 2.1568e-02 0.0000e+00 2.3446e+05 0.0000e+00
2.7000e+03 9.2341e-12 8.4028e-01 1.9552e+03 2.0686e+03 1.9980e+03 1.1516e+19 1.0490e+19 1.0490e+19 2.1523e-02 0.0000e+00 2.3489e+05 0.0000e+00
2.7100e+03 9.2134e-12 8.4015e-01 1.9547e+03 2.0681e+03 1.9980e+03 1.1571e+19 1.0536e+19 1.0536e+19 2.1478e-02 0.0000e+00 2.3531e+05 0.0000e+00
2.7200e+03 9.1928e-12 8.4002e-01 1.9542e+03 2.0676e+03 1.9980e+03 1.1626e+19 1.0583e+19 1.0583e+19 2.1434e-02 0.0000e+00 2.3574e+05 0.0000e+00
2.7300e+03 9.1724e-12 8.3989e-01 1.9538e+03 2.0671e+03 1.9980e+03 1.1681e+19 1.0629e+19 1.0629e+19 2.1389e-02 0.0000e+00 2.3616e+05 0.0000e+00
2.7400e+03 9.1521e-12 8.3977e-01 1.9533e+03 2.0666e+03 1.9980e+03 1.1737e+19 1.0676e+19 1.0676e+19 2.1345e-02 0.0000e+00 2.3659e+05 0.0000e+00
2.7500e+03 9.1318e-12 8.3965e-01 1.9529e+03 2.0662e+03 1.9980e+03 1.1793e+19 1.0722e+19 1.0722e+19 2.1301e-02 0.0000e+00 2.3701e+05 0.0000e+00
2.7600e+03 9.1117e-12 8.3954e-01 1.9524e+03 2.0657e+03 1.9980e+03 1.1849e+19 1.0769e+19 1.0769e+19 2.1257e-02 0.0000e+00 2.3744e+05 0.0000e+00
2.7700e+03 9.0917e-12 8.3944e-01 1.9519e+03 2.0652e+03 1.9980e+03 1.1905e+19 1.0816e+19 1.0816e+19 2.1213e-02 0.0000e+00 2.3787e+05 0.0000e+00
2.7800e+03 9.0718e-12 8.3933e-01 1.9515e+03 2.0647e+03 1.9980e+03 1.1961e+19 1.0863e+19 1.0863e+19 2.1169e-02 0.0000e+00 2.3830e+05 0.0000e+00
2.7900e+03 9.0521e-12 8.3923e-01 1.9510e+03 2.0642e+03 1.9980e+03 1.2018e+19 1.0911e+19 1.0911e+19 2.1125e-02 0.0000e+00 2.3872e+05 0.0000e+00
2.8000e+03 9.0324e-12 8.3914e-01 1.9506e+03 2.0637e+03 1.9980e+03 1.2075e+19 1.0958e+19 1.0958e+19 2.1082e-02 0.0000e+00 2.3915e+05 0.0000e+00
2.8100e+03 9.0128e-12 8.3905e-01 1.9501e+03 2.0633e+03 1.9980e+03 1.2132e+19 1.1006e+19 1.1006e+19 2.1038e-02 0.0000e+00 2.3958e+05 0.0000e+00
2.8200e+03 8.9934e-12 8.3896e-01 1.9497e+03 2.0628e+03 1.9980e+03 1.2190e+19 1.1054e+19 1.1054e+19 2.0995e-02 0.0000e+00 2.4001e+05 0.0000e+00
2.8300e+03 8.9740e-12 8.3888e-01 1.9492e+03 2.0623e+03 1.9980e+03 1.2247e+19 1.1102e+19 1.1102e+19 2.0952e-02 0.0000e+00 2.4044e+05 0.0000e+00
2.8400e+03 8.9548e-12 8.3880e-01 1.9487e+03 2.0618e+03 1.9980e+03 1.2305e+19 1.1150e+19 1.1150e+19 2.0909e-02 0.0000e+00 2.4087e+05 0.0000e+00
2.8500e+03 8.9356e-12 8.3873e-01 1.9483e+03 2.0613e+03 1.9980e+03 1.2363e+19 1.1198e+19 1.1198e+19 2.0866e-02 0.0000e+00 2.4130e+05 0.0000e+00
2.8600e+03 8.9166e-12 8.3866e-01 1.9478e+03 2.0609e+03 1.9980e+03 1.2421e+19 1.1247e+19 1.1247e+19 2.0823e-02 0.0000e+00 2.4173e+05 0.0000e+00
2.8700e+03 8.8977e-12 8.3859e-01 1.9474e+03 2.0604e+03 1.9980e+03 1.2480e+19 1.1295e+19 1.1295e+19 2.0781e-02 0.0000e+00 2.4216e+05 0.0000e+00
2.8800e+03 8.8788e-12 8.3853e-01 1.9469e+03 2.0599e+03 1.9980e+03 1.2538e+19 1.1344e+19 1.1344e+19 2.0738e-02 0.0000e+00 2.4259e+05 0.0000e+00
2.8900e+03 8.8601e-12 8.3847e-01 1.9465e+03 2.0594e+03 1.9980e+03 1.2597e+19 1.1393e+19 1.1393e+19 2.0696e-02 0.0000e+00 2.4302e+05 0.0000e+00
2.9000e+03 8.8415e-12 8.3841e-01 1.9460e+03 2.0590e+03 1.9980e+03 1.2656e+19 1.1442e+19 1.1442e+19 2.0654e-02 0.0000e+00 2.4345e+05 0.0000e+00
2.9100e+03 8.8229e-12 8.3836e-01 1.9456e+03 2.0585e+03 1.9980e+03 1.2716e+19 1.1491e+19 1.1491e+19 2.0612e-02 0.0000e+00 2.4388e+05 0.0000e+00
2.9200e+03 8.8045e-12 8.3831e-01 1.9452e+03 2.0580e+03 1.9980e+03 1.2775e+19 1.1540e+19 1.1540e+19 2.0570e-02 0.0000e+00 2.4431e+05 0.0000e+00
2.9300e+03 8.7861e-12 8.3827e-01 1.9447e+03 2.0575e+03 1.9980e+03 1.2835e+19 1.1590e+19 1.1590e+19 2.0528e-02 0.0000e+00 2.4474e+05 0.0000e+00
2.9400e+03 8.7679e-12 8.3823e-01 1.9443e+03 2.0571e+03 1.9980e+03 1.2895e+19 1.1640e+19 1.1640e+19 2.0487e-02 0.0000e+00 2.4517e+05 0.0000e+00
2.9500e+03 8.7497e-12 8.3819e-01 1.9438e+03 2.0566e+03 1.9980e+03 1.2955e+19 1.1689e+19 1.1689e+19 2.0445e-02 0.0000e+00 2.4561e+05 0.0000e+00
2.9600e+03 8.7317e-12 8.3815e-01 1.9434e+03 2.0561e+03 1.9980e+03 1.3016e+19 1.1739e+19 1.1739e+19 2.0404e-02 0.0000e+00 2.4604e+05 0.0000e+00
2.9700e+03 8.7137e-12 8.3812e-01 1.9429e+03 2.0557e+03 1.9980e+03 1.3076e+19 1.1789e+19 1.1789e+19 2.0363e-02 0.0000e+00 2.4647e+05 0.0000e+00
2.9800e+03 8.6959e-12 8.3809e-01 1.9425e+03 2.0552e+03 1.9980e+03 1.3137e+19 1.1840e+19 1.1840e+19 2.0322e-02 0.0000e+00 2.4690e+05 0.0000e+00
2.9900e+03 8.6781e-12 8.3806e-01 1.9420e+03 2.0547e+03 1.9980e+03 1.3198e+19 1.1890e+19 1.1890e+19 2.0281e-02 0.0000e+00 2.4734e+05 0.0000e+00
3.0000e+03 8.6604e-12 8.3804e-01 1.9416e+03 2.0543e+03 1.9980e+03 1.3259e+19 1.1941e+19 1.1941e+19 2.0240e-02 0.0000e+00 2.4777e+05 0.0000e+00
3.0100e+03 8.6428e-12 8.3802e-01 1.9412e+03 2.0538e+03 1.9980e+03 1.3321e+19 1.1991e+19 1.1991e+19 2.0199e-02 0.0000e+00 2.4820e+05 0.0000e+00
3.0200e+03 8.6253e-12 8.3800e-01 1.9407e+03 2.0533e+03 1.9980e+03 1.3382e+19 1.2042e+19 1.2042e+19 2.0159e-02 0.0000e+00 2.4863e+05 0.0000e+00
3.0300e+03 8.6079e-12 8.3798e-01 1.9403e+03 2.0529e+03 1.9980e+03 1.3444e+19 1.2093e+19 1.2093e+19 2.0119e-02 0.0000e+00 2.4907e+05 0.0000e+00
3.0400e+03 8.5906e-12 8.3797e-01 1.9398e+03 2.0524e+03 1.9980e+03 1.3506e+19 1.2144e+19 1.2144e+19 2.0078e-02 0.0000e+00 2.4950e+05 0.0000e+00
3.0500e+03 8.5734e-12 8.3796e-01 1.9394e+03 2.0519e+03 1.9980e+03 1.3569e+19 1.2195e+19 1.2195e+19 2.0038e-02 0.0000e+00 2.4993e+05 0.0000e+00
3.0600e+03 8.5562e-12 8.3795e-01 1.9390e+03 2.0515e+03 1.9980e+03 1.3631e+19 1.2247e+19 1.2247e+19 1.9999e-02 0.0000e+00 2.5037e+05 0.0000e+00
3.0700e+03 8.5392e-12 8.3795e-01 1.9385e+03 2.0510e+03 1.9980e+03 1.3694e+19 1.2298e+19 1.2298e+19 1.9959e-02 0.0000e+00 2.5080e+05 0.0000e+00
3.0800e+03 8.5222e-12 8.3794e-01 1.9381e+03 2.0506e+03 1.9980e+03 1.3757e+19 1.2350e+19 1.2350e+19 1.9919e-02 0.0000e+00 2.5123e+05 0.0000e+00
3.0900e+03 8.5053e-12 8.3795e-01 1.9377e+03 2.0501e+03 1.9980e+03 1.3820e+19 1.2402e+19 1.2402e+19 1.9880e-02 0.0000e+00 2.5167e+05 0.0000e+00
3.1000e+03 8.4885e-12 8.3795e-01 1.9372e+03 2.0496e+03 1.9980e+03 1.3883e+19 1.2454e+19 1.2454e+19 1.9840e-02 0.0000e+00 2.5210e+05 0.0000e+00
3.1100e+03 8.4718e-12 8.3795e-01 1.9368e+03 2.0492e+03 1.9980e+03 1.3946e+19 1.2506e+19 1.2506e+19 1.9801e-02 0.0000e+00 2.5253e+05 0.0000e+00
3.1200e+03 8.4552e-12 8.3796e-01 1.9364e+03 2.0487e+03 1.9980e+03 1.4010e+19 1.2558e+19 1.2558e+19 1.9762e-02 0.0000e+00 2.5297e+05 0.0000e+00
3.1300e+03 8.4386e-12 8.3797e-01 1.9360e+03 2.0483e+03 1.9980e+03 1.4074e+19 1.2610e+19 1.2610e+19 1.9723e-02 0.0000e+00 2.5340e+05 0.0000e+00
3.1400e+03 8.4222e-12 8.3798e-01 1.9355e+03 2.0478e+03 1.9980e+03 1.4138e+19 1.2663e+19 1.2663e+19 1.9684e-02 0.0000e+00 2.5383e+05 0.0000e+00
3.1500e+03 8.4058e-12 8.3800e-01 1.9351e+03 2.0474e+03 1.9980e+03 1.4202e+19 1.2715e+19 1.2715e+19 1.9646e-02 0.0000e+00 2.5427e+05 0.0000e+00
3.1600e+03 8.3895e-12 8.3801e-01 1.9347e+03 2.0469e+03 1.9980e+03 1.4267e+19 1.2768e+19 1.2768e+19 1.9607e-02 0.0000e+00 2.5470e+05 0.0000e+00
3.1700e+03 8.3733e-12 8.3803e-01 1.9342e+03 2.0465e+03 1.9980e+03 1.4331e+19 1.2821e+19 1.2821e+19 1.9569e-02 0.0000e+00 2.5513e+05 0.0000e+00
3.1800e+03 8.3571e-12 8.3805e-01 1.9338e+03 2.0460e+03 1.9980e+03 1.4396e+19 1.2874e+19 1.2874e+19 1.9531e-02 0.0000e+00 2.5557e+05 0.0000e+00
3.1900e+03 8.3411e-12 8.3807e-01 1.9334e+03 2.0456e+03 1.9980e+03 1.4461e+19 1.2927e+19 1.2927e+19 1.9493e-02 0.0000e+00 2.5600e+05 0.0000e+00
3.2000e+03 8.3251e-12 8.3810e-01 1.9330e+03 2.0451e+03 1.9980e+03 1.4527e+19 1.2980e+19 1.2980e+19 1.9455e-02 0.0000e+00 2.5643e+05 0.0000e+00
3.2100e+03 8.3092e-12 8.3813e-01 1.9325e+03 2.0447e+03 1.9980e+03 1.4592e+19 1.3034e+19 1.3034e+19 1.9417e-02 0.0000e+00 2.5687e+05 0.0000e+00
3.2200e+03 8.2934e-12 8.3815e-01 1.9321e+03 2.0442e+03 1.9980e+03 1.4658e+19 1.3087e+19 1.3087e+19 1.9379e-02 0.0000e+00 2.5730e+05 0.0000e+00
3.2300e+03 8.2776e-12 8.3819e-01 1.9317e+03 2.0438e+03 1.9980e+03 1.4724e+19 1.3141e+19 1.3141e+19 1.9342e-02 0.0000e+00 2.5774e+05 0.0000e+00
3.2400e+03 8.2620e-12 8.3822e-01 1.9313e+03 2.0433e+03 1.9980e+03 1.4790e+19 1.3195e+19 1.3195e+19 1.9305e-02 0.0000e+00 2.5817e+05 0.0000e+00
3.2500e+03 8.2464e-12 8.3825e-01 1.9309e+03 2.0429e+03 1.9980e+03 1.4856e+19 1.3249e+19 1.3249e+19 1.9267e-02 0.0000e+00 2.5860e+05 0.0000e+00
3.2600e+03 8.2308e-12 8.3829e-01 1.9304e+03 2.0425e+03 1.9980e+03 1.4922e+19 1.3303e+19 1.3303e+19 1.9230e-02 0.0000e+00 2.5904e+05 0.0000e+00
3.2700e+03 8.2154e-12 8.3833e-01 1.9300e+03 2.0420e+03 1.9980e+03 1.4989e+19 1.3357e+19 1.3357e+19 1.9193e-02 0.0000e+00 2.5947e+05 0.0000e+00
3.2800e+03 8.2000e-12 8.3837e-01 1.9296e+03 2.0416e+03 1.9980e+03 1.5056e+19 1.3411e+19 1.3411e+19 1.9156e-02 0.0000e+00 2.5990e+05 0.0000e+00
3.2900e+03 8.1847e-12 8.3841e-01 1.9292e+03 2.0411e+03 1.9980e+03 1.5123e+19 1.3465e+19 1.3465e+19 1.9120e-02 0.0000e+00 2.6034e+05 0.0000e+00
3.3000e+03 8.1695e-12 8.3845e-01 1.9288e+03 2.0407e+03 1.9980e+03 1.5190e+19 1.3520e+19 1.3520e+19 1.9083e-02 0.0000e+00 2.6077e+05 0.0000e+00
3.3100e+03 8.1543e-12 8.3849e-01 1.9284e+03 2.0403e+03 1.9980e+03 1.5258e+19 1.3575e+19 1.3575e+19 1.9047e-02 0.0000e+00 2.6120e+05 0.0000e+00
3.3200e+03 8.1393e-12 8.3854e-01 1.9280e+03 2.0398e+03 1.9980e+03 1.5325e+19 1.3629e+19 1.3629e+19 1.9011e-02 0.0000e+00 2.6164e+05 0.0000e+00
3.3300e+03 8.1243e-12 8.3859e-01 1.9275e+03 2.0394e+03 1.9980e+03 1.5393e+19 1.3684e+19 1.3684e+19 1.8974e-02 0.0000e+00 2.6207e+05 0.0000e+00
3.3400e+03 8.1093e-12 8.3864e-01 1.9271e+03 2.0389e+03 1.9980e+03 1.5461e+19 1.3739e+19 1.3739e+19 1.8938e-02 0.0000e+00 2.6250e+05 0.0000e+00
3.3500e+03 8.0945e-12 8.3869e-01 1.9267e+03 2.0385e+03 1.9980e+03 1.5529e+19 1.3795e+19 1.3795e+19 1.8903e-02 0.0000e+00 2.6294e+05 0.0000e+00
3.3600e+03 8.0797e-12 8.3874e-01 1.9263e+03 2.0381e+03 1.9980e+03 1.5597e+19 1.3850e+19 1.3850e+19 1.8867e-02 0.0000e+00 2.6337e+05 0.0000e+00
3.3700e+03 8.0649e-12 8.3879e-01 1.9259e+03 2.0376e+03 1.9980e+03 1.5666e+19 1.3905e+19 1.3905e+19 1.8831e-02 0.0000e+00 2.6380e+05 0.0000e+00
3.3800e+03 8.0503e-12 8.3885e-01 1.9255e+03 2.0372e+03 1.9980e+03 1.5735e+19 1.3961e+19 1.3961e+19 1.8796e-02 0.0000e+00 2.6423e+05 0.0000e+00
3.3900e+03 8.0357e-12 8.3891e-01 1.9251e+03 2.0368e+03 1.9980e+03 1.5804e+19 1.4016e+19 1.4016e+19 1.8760e-02 0.0000e+00 2.6467e+05 0.0000e+00
3.4000e+03 8.0211e-12 8.3896e-01 1.9247e+03 2.0364e+03 1.9980e+03 1.5873e+19 1.4072e+19 1.4072e+19 1.8725e-02 0.0000e+00 2.6510e+05 0.0000e+00
3.4100e+03 8.0067e-12 8.3902e-01 1.9243e+03 2.0359e+03 1.9980e+03 1.5942e+19 1.4128e+19 1.4128e+19 1.8690e-02 0.0000e+00 2.6553e+05 0.0000e+00
3.4200e+03 7.9923e-12 8.3908e-01 1.9239e+03 2.0355e+03 1.9980e+03 1.6012e+19 1.4184e+19 1.4184e+19 1.8655e-02 0.0000e+00 2.6596e+05 0.0000e+00
3.4300e+03 7.9780e-12 8.3914e-01 1.9235e+03 2.0351e+03 1.9980e+03 1.6081e+19 1.4240e+19 1.4240e+19 1.8620e-02 0.0000e+00 2.6640e+05 0.0000e+00
3.4400e+03 7.9637e-12 8.3921e-01 1.9231e+03 2.0347e+03 1.9980e+03 1.6151e+19 1.4297e+19 1.4297e+19 1.8586e-02 0.0000e+00 2.6683e+05 0.0000e+00
3.4500e+03 7.9495e-12 8.3927e-01 1.9227e+03 2.0342e+03 1.9980e+03 1.6221e+19 1.4353e+19 1.4353e+19 1.8551e-02 0.0000e+00 2.6726e+05 0.0000e+00
3.4600e+03 7.9354e-12 8.3934e-01 1.9223e+03 2.0338e+03 1.9980e+03 1.6291e+19 1.4409e+19 1.4409e+19 1.8517e-02 0.0000e+00 2.6769e+05 0.0000e+00
3.4700e+03 7.9213e-12 8.3940e-01 1.9219e+03 2.0334e+03 1.9980e+03 1.6362e+19 1.4466e+19 1.4466e+19 1.8483e-02 0.0000e+00 2.6812e+05 0.0000e+00
3.4800e+03 7.9073e-12 8.3947e-01 1.9215e+03 2.0330e+03 1.9980e+03 1.6433e+19 1.4523e+19 1.4523e+19 1.8448e-02 0.0000e+00 2.6856e+05 0.0000e+00
3.4900e+03 7.8934e-12 8.3954e-01 1.9211e+03 2.0325e+03 1.9980e+03 1.6503e+19 1.4580e+19 1.4580e+19 1.8414e-02 0.0000e+00 2.6899e+05 0.0000e+00
3.5000e+03 7.8795e-12 8.3961e-01 1.9207e+03 2.0321e+03 1.9980e+03 1.6574e+19 1.4637e+19 1.4637e+19 1.8380e-02 0.0000e+00 2.6942e+05 0.0000e+00
3.5100e+03 7.8657e-12 8.3968e-01 1.9203e+03 2.0317e+03 1.9980e+03 1.6645e+19 1.4694e+19 1.4694e+19 1.8347e-02 0.0000e+00 2.6985e+05 0.0000e+00
3.5200e+03 7.8519e-12 8.3975e-01 1.9199e+03 2.0313e+03 1.9980e+03 1.6717e+19 1.4751e+19 1.4751e+19 1.8313e-02 0.0000e+00 2.7028e+05 0.0000e+00
3.5300e+03 7.8382e-12 8.3982e-01 1.9195e+03 2.0309e+03 1.9980e+03 1.6788e+19 1.4808e+19 1.4808e+19 1.8279e-02 0.0000e+00 2.7071e+05 0.0000e+00
3.5400e+03 7.8246e-12 8.3990e-01 1.9191e+03 2.0305e+03 1.9980e+03 1.6860e+19 1.4865e+19 1.4865e+19 1.8246e-02 0.0000e+00 2.7114e+05 0.0000e+00
3.5500e+03 7.8110e-12 8.3997e-01 1.9187e+03 2.0300e+03 1.9980e+03 1.6932e+19 1.4923e+19 1.4923e+19 1.8213e-02 0.0000e+00 2.7157e+05 0.0000e+00
3.5600e+03 7.7975e-12 8.4005e-01 1.9183e+03 2.0296e+03 1.9980e+03 1.7004e+19 1.4981e+19 1.4981e+19 1.8180e-02 0.0000e+00 2.7201e+05 0.0000e+00
3.5700e+03 7.7841e-12 8.4013e-01 1.9179e+03 2.0292e+03 1.9980e+03 1.7076e+19 1.5038e+19 1.5038e+19 1.8147e-02 0.0000e+00 2.7244e+05 0.0000e+00
3.5800e+03 7.7707e-12 8.4020e-01 1.9175e+03 2.0288e+03 1.9980e+03 1.7149e+19 1.5096e+19 1.5096e+19 1.8114e-02 0.0000e+00 2.7287e+05 0.0000e+00
3.5900e+03 7.7573e-12 8.4028e-01 1.9172e+03 2.0284e+03 1.9980e+03 1.7221e+19 1.5154e+19 1.5154e+19 1.8081e-02 0.0000e+00 2.7330e+05 0.0000e+00
3.6000e+03 7.7441e-12 8.4036e-01 1.9168e+03 2.0280e+03 1.9980e+03 1.7294e+19 1.5212e+19 1.5212e+19 1.8048e-02 0.0000e+00 2.7373e+05 0.0000e+00
3.6100e+03 7.7308e-12 8.4044e-01 1.9164e+03 2.0276e+03 1.9980e+03 1.7367e+19 1.5271e+19 1.5271e+19 1.8016e-02 0.0000e+00 2.7416e+05 0.0000e+00
3.6200e+03 7.7177e-12 8.4052e-01 1.9160e+03 2.0272e+03 1.9980e+03 1.7440e+19 1.5329e+19 1.5329e+19 1.7983e-02 0.0000e+00 2.7459e+05 0.0000e+00
3.6300e+03 7.7046e-12 8.4060e-01 1.9156e+03 2.0268e+03 1.9980e+03 1.7514e+19 1.5387e+19 1.5387e+19 1.7951e-02 0.0000e+00 2.7501e+05 0.0000e+00
3.6400e+03 7.6915e-12 8.4069e-01 1.9152e+03 2.0263e+03 1.9980e+03 1.7587e+19 1.5446e+19 1.5446e+19 1.7919e-02 0.0000e+00 2.7544e+05 0.0000e+00
3.6500e+03 7.6785e-12 8.4077e-01 1.9148e+03 2.0259e+03 1.9980e+03 1.7661e+19 1.5504e+19 1.5504e+19 1.7887e-02 0.0000e+00 2.7587e+05 0.0000e+00
3.6600e+03 7.6656e-12 8.4085e-01 1.9145e+03 2.0255e+03 1.9980e+03 1.7735e+19 1.5563e+19 1.5563e+19 1.7855e-02 0.0000e+00 2.7630e+05 0.0000e+00
3.6700e+03 7.6527e-12 8.4094e-01 1.9141e+03 2.0251e+03 1.9980e+03 1.7809e+19 1.5622e+19 1.5622e+19 1.7823e-02 0.0000e+00 2.7673e+05 0.0000e+00
3.6800e+03 7.6399e-12 8.4103e-01 1.9137e+03 2.0247e+03 1.9980e+03 1.7883e+19 1.5681e+19 1.5681e+19 1.7792e-02 0.0000e+00 2.7716e+05 0.0000e+00
3.6900e+03 7.6271e-12 8.4111e-01 1.9133e+03 2.0243e+03 1.9980e+03 1.7958e+19 1.5740e+19 1.5740e+19 1.7760e-02 0.0000e+00 2.7759e+05 0.0000e+00
3.7000e+03 7.6144e-12 8.4120e-01 1.9129e+03 2.0239e+03 1.9980e+03 1.8032e+19 1.5799e+19 1.5799e+19 1.7729e-02 0.0000e+00 2.7802e+05 0.0000e+00
3.7100e+03 7.6018e-12 8.4129e-01 1.9126e+03 2.0235e+03 1.9980e+03 1.8107e+19 1.5859e+19 1.5859e+19 1.7697e-02 0.0000e+00 2.7844e+05 0.0000e+00
3.7200e+03 7.5891e-12 8.4137e-01 1.9122e+03 2.0231e+03 1.9980e+03 1.8182e+19 1.5918e+19 1.5918e+19 1.7666e-02 0.0000e+00 2.7887e+05 0.0000e+00
3.7300e+03 7.5766e-12 8.4146e-01 1.9118e+03 2.0227e+03 1.9980e+03 1.8257e+19 1.5978e+19 1.5978e+19 1.7635e-02 0.0000e+00 2.7930e+05 0.0000e+00
3.7400e+03 7.5641e-12 8.4155e-01 1.9114e+03 2.0223e+03 1.9980e+03 1.8332e+19 1.6037e+19 1.6037e+19 1.7604e-02 0.0000e+00 2.7973e+05 0.0000e+00
3.7500e+03 7.5516e-12 8.4164e-01 1.9111e+03 2.0219e+03 1.9980e+03 1.8408e+19 1.6097e+19 1.6097e+19 1.7573e-02 0.0000e+00 2.8015e+05 0.0000e+00
3.7600e+03 7.5392e-12 8.4173e-01 1.9107e+03 2.0215e+03 1.9980e+03 1.8484e+19 1.6157e+19 1.6157e+19 1.7542e-02 0.0000e+00 2.8058e+05 0.0000e+00
3.7700e+03 7.5269e-12 8.4182e-01 1.9103e+03 2.0212e+03 1.9980e+03 1.8559e+19 1.6217e+19 1.6217e+19 1.7512e-02 0.0000e+00 2.8101e+05 0.0000e+00
3.7800e+03 7.5146e-12 8.4192e-01 1.9099e+03 2.0208e+03 1.9980e+03 1.8635e+19 1.6277e+19 1.6277e+19 1.7481e-02 0.0000e+00 2.8144e+05 0.0000e+00
3.7900e+03 7.5023e-12 8.4201e-01 1.9096e+03 2.0204e+03 1.9980e+03 1.8712e+19 1.6337e+19 1.6337e+19 1.7451e-02 0.0000e+00 2.8186e+05 0.0000e+00
3.8000e+03 7.4901e-12 8.4210e-01 1.9092e+03 2.0200e+03 1.9980e+03 1.8788e+19 1.6397e+19 1.6397e+19 1.7420e-02 0.0000e+00 2.8229e+05 0.0000e+00
3.8100e+03 7.4780e-12 8.4219e-01 1.9088e+03 2.0196e+03 1.9980e+03 1.8865e+19 1.6458e+19 1.6458e+19 1.7390e-02 0.0000e+00 2.8271e+05 0.0000e+00
3.8200e+03 7.4659e-12 8.4229e-01 1.9085e+03 2.0192e+03 1.9980e+03 1.8941e+19 1.6518e+19 1.6518e+19 1.7360e-02 0.0000e+00 2.8314e+05 0.0000e+00
3.8300e+03 7.4539e-12 8.4238e-01 1.9081e+03 2.0188e+03 1.9980e+03 1.9018e+19 1.6579e+19 1.6579e+19 1.7330e-02 0.0000e+00 2.8357e+05 0.0000e+00
3.8400e+03 7.4419e-12 8.4248e-01 1.9077e+03 2.0184e+03 1.9980e+03 1.9095e+19 1.6639e+19 1.6639e+19 1.7300e-02 0.0000e+00 2.8399e+05 0.0000e+00
3.8500e+03 7.4299e-12 8.4257e-01 1.9074e+03 2.0180e+03 1.9980e+03 1.9173e+19 1.6700e+19 1.6700e+19 1.7271e-02 0.0000e+00 2.8442e+05 0.0000e+00
3.8600e+03 7.4180e-12 8.4267e-01 1.9070e+03 2.0176e+03 1.9980e+03 1.9250e+19 1.6761e+19 1.6761e+19 1.7241e-02 0.0000e+00 2.8484e+05 0.0000e+00
3.8700e+03 7.4061e-12 8.4276e-01 1.9066e+03 2.0173e+03 1.9980e+03 1.9328e+19 1.6822e+19 1.6822e+19 1.7212e-02 0.0000e+00 2.8527e+05 0.0000e+00
3.8800e+03 7.3943e-12 8.4286e-01 1.9063e+03 2.0169e+03 1.9980e+03 1.9405e+19 1.6883e+19 1.6883e+19 1.7182e-02 0.0000e+00 2.8569e+05 0.0000e+00
3.8900e+03 7.3826e-12 8.4296e-01 1.9059e+03 2.0165e+03 1.9980e+03 1.9483e+19 1.6944e+19 1.6944e+19 1.7153e-02 0.0000e+00 2.8612e+05 0.0000e+00
3.9000e+03 7.3709e-12 8.4305e-01 1.9055e+03 2.0161e+03 1.9980e+03 1.9561e+19 1.7005e+19 1.7005e+19 1.7124e-02 0.0000e+00 2.8654e+05 0.0000e+00
3.9100e+03 7.3592e-12 8.4315e-01 1.9052e+03 2.0157e+03 1.9980e+03 1.9640e+19 1.7067e+19 1.7067e+19 1.7095e-02 0.0000e+00 2.8696e+05 0.0000e+00
3.9200e+03 7.3476e-12 8.4325e-01 1.9048e+03 2.0153e+03 1.9980e+03 1.9718e+19 1.7128e+19 1.7128e+19 1.7066e-02 0.0000e+00 2.8739e+05 0.0000e+00
3.9300e+03 7.3360e-12 8.4335e-01 1.9045e+03 2.0150e+03 1.9980e+03 1.9797e+19 1.7190e+19 1.7190e+19 1.7037e-02 0.0000e+00 2.8781e+05 0.0000e+00
3.9400e+03 7.3245e-12 8.4344e-01 1.9041e+03 2.0146e+03 1.9980e+03 1.9876e+19 1.7252e+19 1.7252e+19 1.7008e-02 0.0000e+00 2.8824e+05 0.0000e+00
3.9500e+03 7.3130e-12 8.4354e-01 1.9038e+03 2.0142e+03 1.9980e+03 1.9955e+19 1.7313e+19 1.7313e+19 1.6979e-02 0.0000e+00 2.8866e+05 0.0000e+00
3.9600e+03 7.3016e-12 8.4364e-01 1.9034e+03 2.0138e+03 1.9980e+03 2.0034e+19 1.7375e+19 1.7375e+19 1.6951e-02 0.0000e+00 2.8908e+05 0.0000e+00
3.9700e+03 7.2902e-12 8.4374e-01 1.9030e+03 2.0135e+03 1.9980e+03 2.0113e+19 1.7437e+19 1.7437e+19 1.6922e-02 0.0000e+00 2.8950e+05 0.0000e+00
3.9800e+03 7.2788e-12 8.4384e-01 1.9027e+03 2.0131e+03 1.9980e+03 2.0193e+19 1.7500e+19 1.7500e+19 1.6894e-02 0.0000e+00 2.8993e+05 0.0000e+00
3.9900e+03 7.2675e-12 8.4394e-01 1.9023e+03 2.0127e+03 1.9980e+03 2.0272e+19 1.7562e+19 1.7562e+19 1.6866e-02 0.0000e+00 2.9035e+05 0.0000e+00
4.0000e+03 7.2562e-12 8.4404e-01 1.9020e+03 2.0123e+03 1.9980e+03 2.0352e+19 1.7624e+19 1.7624e+19 1.6838e-02 0.0000e+00 2.9077e+05 0.0000e+00
4.0100e+03 7.2450e-12 8.4414e-01 1.9016e+03 2.0120e+03 1.9980e+03 2.0432e+19 1.7686e+19 1.7686e+19 1.6810e-02 0.0000e+00 2.9119e+05 0.0000e+00
4.0200e+03 7.2339e-12 8.4424e-01 1.9013e+03 2.0116e+03 1.9980e+03 2.0512e+19 1.7749e+19 1.7749e+19 1.6782e-02 0.0000e+00 2.9162e+05 0.0000e+00
4.0300e+03 7.2227e-12 8.4434e-01 1.9009e+03 2.0112e+03 1.9980e+03 2.0593e+19 1.7812e+19 1.7812e+19 1.6754e-02 0.0000e+00 2.9204e+05 0.0000e+00
4.0400e+03 7.2116e-12 8.4444e-01 1.9006e+03 2.0108e+03 1.9980e+03 2.0673e+19 1.7874e+19 1.7874e+19 1.6726e-02 0.0000e+00 2.9246e+05 0.0000e+00
4.0500e+03 7.2006e-12 8.4454e-01 1.9002e+03 2.0105e+03 1.9980e+03 2.0754e+19 1.7937e+19 1.7937e+19 1.6699e-02 0.0000e+00 2.9288e+05 0.0000e+00
4.0600e+03 7.1896e-12 8.4464e-01 1.8999e+03 2.0101e+03 1.9980e+03 2.0835e+19 1.8000e+19 1.8000e+19 1.6671e-02 0.0000e+00 2.9330e+05 0.0000e+00
4.0700e+03 7.1786e-12 8.4474e-01 1.8995e+03 2.0097e+03 1.9980e+03 2.0916e+19 1.8063e+19 1.8063e+19 1.6644e-02 0.0000e+00 2.9372e+05 0.0000e+00
4.0800e+03 7.1677e-12 8.4485e-01 1.8992e+03 2.0094e+03 1.9980e+03 2.0997e+19 1.8126e+19 1.8126e+19 1.6616e-02 0.0000e+00 2.9414e+05 0.0000e+00
4.0900e+03 7.1568e-12 8.4495e-01 1.8988e+03 2.0090e+03 1.9980e+03 2.1079e+19 1.8189e+19 1.8189e+19 1.6589e-02 0.0000e+00 2.9456e+05 0.0000e+00
4.1000e+03 7.1460e-12 8.4505e-01 1.8985e+03 2.0086e+03 1.9980e+03 2.1160e+19 1.8253e+19 1.8253e+19 1.6562e-02 0.0000e+00 2.9498e+05 0.0000e+00
4.1100e+03 7.1352e-12 8.4515e-01 1.8981e+03 2.0083e+03 1.9980e+03 2.1242e+19 1.8316e+19 1.8316e+19 1.6535e-02 0.0000e+00 2.9540e+05 0.0000e+00
4.1200e+03 7.1244e-12 8.4525e-01 1.8978e+03 2.0079e+03 1.9980e+03 2.1324e+19 1.8379e+19 1.8379e+19 1.6508e-02 0.0000e+00 2.9582e+05 0.0000e+00
4.1300e+03 7.1137e-12 8.4535e-01 1.8975e+03 2.0076e+03 1.9980e+03 2.1406e+19 1.8443e+19 1.8443e+19 1.6481e-02 0.0000e+00 2.9624e+05 0.0000e+00
4.1400e+03 7.1030e-12 8.4546e-01 1.8971e+03 2.0072e+03 1.9980e+03 2.1488e+19 1.8507e+19 1.8507e+19 1.6455e-02 0.0000e+00 2.9666e+05 0.0000e+00
4.1500e+03 7.0924e-12 8.4556e-01 1.8968e+03 2.0068e+03 1.9980e+03 2.1571e+19 1.8570e+19 1.8570e+19 1.6428e-02 0.0000e+00 2.9708e+05 0.0000e+00
4.1600e+03 7.0818e-12 8.4566e-01 1.8964e+03 2.0065e+03 1.9980e+03 2.1653e+19 1.8634e+19 1.8634e+19 1.6401e-02 0.0000e+00 2.9749e+05 0.0000e+00
4.1700e+03 7.0712e-12 8.4576e-01 1.8961e+03 2.0061e+03 1.9980e+03 2.1736e+19 1.8698e+19 1.8698e+19 1.6375e-02 0.0000e+00 2.9791e+05 0.0000e+00
4.1800e+03 7.0607e-12 8.4587e-01 1.8958e+03 2.0058e+03 1.9980e+03 2.1819e+19 1.8762e+19 1.8762e+19 1.6349e-02 0.0000e+00 2.9833e+05 0.0000e+00
4.1900e+03 7.0502e-12 8.4597e-01 1.8954e+03 2.0054e+03 1.9980e+03 2.1902e+19 1.8827e+19 1.8827e+19 1.6322e-02 0.0000e+00 2.9875e+05 0.0000e+00
4.2000e+03 7.0397e-12 8.4607e-01 1.8951e+03 2.0050e+03 1.9980e+03 2.1985e+19 1.8891e+19 1.8891e+19 1.6296e-02 0.0000e+00 2.9917e+05 0.0000e+00
4.2100e+03 7.0293e-12 8.4617e-01 1.8947e+03 2.0047e+03 1.9980e+03 2.2069e+19 1.8955e+19 1.8955e+19 1.6270e-02 0.0000e+00 2.9958e+05 0.0000e+00
4.2200e+03 7.0190e-12 8.4628e-01 1.8944e+03 2.0043e+03 1.9980e+03 2.2152e+19 1.9020e+19 1.9020e+19 1.6244e-02 0.0000e+00 3.0000e+05 0.0000e+00
4.2300e+03 7.0086e-12 8.4638e-01 1.8941e+03 2.0040e+03 1.9980e+03 2.2236e+19 1.9084e+19 1.9084e+19 1.6218e-02 0.0000e+00 3.0042e+05 0.0000e+00
4.2400e+03 6.9983e-12 8.4648e-01 1.8937e+03 2.0036e+03 1.9980e+03 2.2320e+19 1.9149e+19 1.9149e+19 1.6192e-02 0.0000e+00 3.0083e+05 0.0000e+00
4.2500e+03 6.9881e-12 8.4658e-01 1.8934e+03 2.0033e+03 1.9980e+03 2.2404e+19 1.9214e+19 1.9214e+19 1.6167e-02 0.0000e+00 3.0125e+05 0.0000e+00
4.2600e+03 6.9778e-12 8.4669e-01 1.8931e+03 2.0029e+03 1.9980e+03 2.2489e+19 1.9278e+19 1.9278e+19 1.6141e-02 0.0000e+00 3.0167e+05 0.0000e+00
4.2700e+03 6.9676e-12 8.4679e-01 1.8927e+03 2.0026e+03 1.9980e+03 2.2573e+19 1.9343e+19 1.9343e+19 1.6116e-02 0.0000e+00 3.0208e+05 0.0000e+00
4.2800e+03 6.9575e-12 8.4689e-01 1.8924e+03 2.0022e+03 1.9980e+03 2.2658e+19 1.9408e+19 1.9408e+19 1.6090e-02 0.0000e+00 3.0250e+05 0.0000e+00
4.2900e+03 6.9474e-12 8.4699e-01 1.8921e+03 2.0019e+03 1.9980e+03 2.2743e+19 1.9474e+19 1.9474e+19 1.6065e-02 0.0000e+00 3.0291e+05 0.0000e+00
4.3000e+03 6.9373e-12 8.4710e-01 1.8918e+03 2.0015e+03 1.9980e+03 2.2828e+19 1.9539e+19 1.9539e+19 1.6040e-02 0.0000e+00 3.0333e+05 0.0000e+00
4.3100e+03 6.9272e-12 8.4720e-01 1.8914e+03 2.0012e+03 1.9980e+03 2.2913e+19 1.9604e+19 1.9604e+19 1.6014e-02 0.0000e+00 3.0374e+05 0.0000e+00
4.3200e+03 6.9172e-12 8.4730e-01 1.8911e+03 2.0008e+03 1.9980e+03 2.2998e+19 1.9669e+19 1.9669e+19 1.5989e-02 0.0000e+00 3.0416e+05 0.0000e+00
4.3300e+03 6.9073e-12 8.4740e-01 1.8908e+03 2.0005e+03 1.9980e+03 2.3084e+19 1.9735e+19 1.9735e+19 1.5964e-02 0.0000e+00 3.0457e+05 0.0000e+00
4.3400e+03 6.8973e-12 8.4751e-01 1.8904e+03 2.0001e+03 1.9980e+03 2.3169e+19 1.9801e+19 1.9801e+19 1.5939e-02 0.0000e+00 3.0499e+05 0.0000e+00
4.3500e+03 6.8874e-12 8.4761e-01 1.8901e+03 1.9998e+03 1.9980e+03 2.3255e+19 1.9866e+19 1.9866e+19 1.5915e-02 0.0000e+00 3.0540e+05 0.0000e+00
4.3600e+03 6.8775e-12 8.4771e-01 1.8898e+03 1.9994e+03 1.9980e+03 2.3341e+19 1.9932e+19 1.9932e+19 1.5890e-02 0.0000e+00 3.0582e+05 0.0000e+00
4.3700e+03 6.8677e-12 8.4781e-01 1.8895e+03 1.9991e+03 1.9980e+03 2.3427e+19 1.9998e+19 1.9998e+19 1.5865e-02 0.0000e+00 3.0623e+05 0.0000e+00
4.3800e+03 6.8579e-12 8.4791e-01 1.8891e+03 1.9987e+03 1.9980e+03 2.3513e+19 2.0064e+19 2.0064e+19 1.5841e-02 0.0000e+00 3.0664e+05 0.0000e+00
4.3900e+03 6.8481e-12 8.4802e-01 1.8888e+03 1.9984e+03 1.9980e+03 2.3600e+19 2.0130e+19 2.0130e+19 1.5816e-02 0.0000e+00 3.0706e+05 0.0000e+00
4.4000e+03 6.8384e-12 8.4812e-01 1.8885e+03 1.9981e+03 1.9980e+03 2.3687e+19 2.0196e+19 2.0196e+19 1.5792e-02 0.0000e+00 3.0747e+05 0.0000e+00
4.4100e+03 6.8287e-12 8.4822e-01 1.8882e+03 1.9977e+03 1.9980e+03 2.3774e+19 2.0262e+19 2.0262e+19 1.5768e-02 0.0000e+00 3.0788e+05 0.0000e+00
4.4200e+03 6.8190e-12 8.4832e-01 1.8879e+03 1.9974e+03 1.9980e+03 2.3861e+19 2.0329e+19 2.0329e+19 1.5743e-02 0.0000e+00 3.0829e+05 0.0000e+00
4.4300e+03 6.8094e-12 8.4842e-01 1.8875e+03 1.9970e+03 1.9980e+03 2.3948e+19 2.0395e+19 2.0395e+19 1.5719e-02 0.0000e+00 3.0871e+05 0.0000e+00
4.4400e+03 6.7998e-12 8.4852e-01 1.8872e+03 1.9967e+03 1.9980e+03 2.4035e+19 2.0462e+19 2.0462e+19 1.5695e-02 0.0000e+00 3.0912e+05 0.0000e+00
4.4500e+03 6.7902e-12 8.4863e-01 1.8869e+03 1.9964e+03 1.9980e+03 2.4123e+19 2.0528e+19 2.0528e+19 1.5671e-02 0.0000e+00 3.0953e+05 0.0000e+00
4.4600e+03 6.7807e-12 8.4873e-01 1.8866e+03 1.9960e+03 1.9980e+03 2.4210e+19 2.0595e+19 2.0595e+19 1.5647e-02 0.0000e+00 3.0994e+05 0.0000e+00
4.4700e+03 6.7711e-12 8.4883e-01 1.8863e+03 1.9957e+03 1.9980e+03 2.4298e+19 2.0662e+19 2.0662e+19 1.5623e-02 0.0000e+00 3.1035e+05 0.0000e+00
4.4800e+03 6.7617e-12 8.4893e-01 1.8859e+03 1.9954e+03 1.9980e+03 2.4386e+19 2.0729e+19 2.0729e+19 1.5600e-02 0.0000e+00 3.1076e+05 0.0000e+00
4.4900e+03 6.7522e-12 8.4903e-01 1.8856e+03 1.9950e+03 1.9980e+03 2.4474e+19 2.0796e+19 2.0796e+19 1.5576e-02 0.0000e+00 3.1117e+05 0.0000e+00
4.5000e+03 6.7428e-12 8.4913e-01 1.8853e+03 1.9947e+03 1.9980e+03 2.4563e+19 2.0863e+19 2.0863e+19 1.5553e-02 0.0000e+00 3.1158e+05 0.0000e+00
4.5100e+03 6.7334e-12 8.4923e-01 1.8850e+03 1.9944e+03 1.9980e+03 2.4651e+19 2.0930e+19 2.0930e+19 1.5529e-02 0.0000e+00 3.1199e+05 0.0000e+00
4.5200e+03 6.7241e-12 8.4933e-01 1.8847e+03 1.9940e+03 1.9980e+03 2.4740e+19 2.0997e+19 2.0997e+19 1.5506e-02 0.0000e+00 3.1240e+05 0.0000e+00
4.5300e+03 6.7147e-12 8.4943e-01 1.8844e+03 1.9937e+03 1.9980e+03 2.4829e+19 2.1064e+19 2.1064e+19 1.5482e-02 0.0000e+00 3.1281e+05 0.0000e+00
4.5400e+03 6.7055e-12 8.4953e-01 1.8841e+03 1.9934e+03 1.9980e+03 2.4918e+19 2.1132e+19 2.1132e+19 1.5459e-02 0.0000e+00 3.1322e+05 0.0000e+00
4.5500e+03 0.0000e+00 0.0000e+00 1.8837e+03 0.0000e+00 1.9980e+03 0.0000e+00 0.0000e+00 0.0000e+00 0.0000e+00 0.0000e+00 0.0000e+00 0.0000e+00
