0.0000e+00 2.5736e-11 1.8443e+00 1.7000e+03 1.7986e+03 1.9980e+03 1.5847e+18 1.7000e+18 1.7000e+18 2.7330e-02 0.0000e+00 1.5697e+05 0.0000e+00
1.0000e+01 2.5587e-11 1.8015e+00 1.7031e+03 1.8019e+03 1.9980e+03 1.6895e+18 1.6353e+18 1.6353e+18 2.7818e-02 0.0000e+00 1.5455e+05 0.0000e+00
2.0000e+01 2.5440e-11 1.7608e+00 1.7061e+03 1.8051e+03 1.9980e+03 1.6237e+18 1.5753e+18 1.5753e+18 2.8297e-02 0.0000e+00 1.5225e+05 0.0000e+00
3.0000e+01 2.5295e-11 1.7222e+00 1.7090e+03 1.8081e+03 1.9980e+03 1.5628e+18 1.5197e+18 1.5197e+18 2.8766e-02 0.0000e+00 1.5007e+05 0.0000e+00
4.0000e+01 2.5150e-11 1.6855e+00 1.7118e+03 1.8111e+03 1.9980e+03 1.5065e+18 1.4680e+18 1.4680e+18 2.9224e-02 0.0000e+00 1.4800e+05 0.0000e+00
5.0000e+01 2.5007e-11 1.6506e+00 1.7145e+03 1.8139e+03 1.9980e+03 1.4543e+18 1.4200e+18 1.4200e+18 2.9672e-02 0.0000e+00 1.4604e+05 0.0000e+00
6.0000e+01 2.4865e-11 1.6174e+00 1.7170e+03 1.8167e+03 1.9980e+03 1.4060e+18 1.3754e+18 1.3754e+18 3.0109e-02 0.0000e+00 1.4418e+05 0.0000e+00
7.0000e+01 2.4724e-11 1.5859e+00 1.7195e+03 1.8193e+03 1.9980e+03 1.3611e+18 1.3339e+18 1.3339e+18 3.0534e-02 0.0000e+00 1.4242e+05 0.0000e+00
8.0000e+01 2.4584e-11 1.5558e+00 1.7219e+03 1.8218e+03 1.9980e+03 1.3194e+18 1.2952e+18 1.2952e+18 3.0948e-02 0.0000e+00 1.4075e+05 0.0000e+00
9.0000e+01 2.4446e-11 1.5272e+00 1.7242e+03 1.8243e+03 1.9980e+03 1.2806e+18 1.2592e+18 1.2592e+18 3.1351e-02 0.0000e+00 1.3916e+05 0.0000e+00
1.0000e+02 2.4308e-11 1.4999e+00 1.7265e+03 1.8266e+03 1.9980e+03 1.2446e+18 1.2256e+18 1.2256e+18 3.1741e-02 0.0000e+00 1.3766e+05 0.0000e+00
1.1000e+02 2.4172e-11 1.4739e+00 1.7286e+03 1.8289e+03 1.9980e+03 1.2110e+18 1.1943e+18 1.1943e+18 3.2120e-02 0.0000e+00 1.3623e+05 0.0000e+00
1.2000e+02 2.4037e-11 1.4491e+00 1.7306e+03 1.8310e+03 1.9980e+03 1.1798e+18 1.1651e+18 1.1651e+18 3.2487e-02 0.0000e+00 1.3488e+05 0.0000e+00
1.3000e+02 2.3903e-11 1.4255e+00 1.7326e+03 1.8331e+03 1.9980e+03 1.1507e+18 1.1378e+18 1.1378e+18 3.2842e-02 0.0000e+00 1.3360e+05 0.0000e+00
1.4000e+02 2.3771e-11 1.4029e+00 1.7345e+03 1.8351e+03 1.9980e+03 1.1235e+18 1.1123e+18 1.1123e+18 3.3185e-02 0.0000e+00 1.3239e+05 0.0000e+00
1.5000e+02 2.3639e-11 1.3814e+00 1.7363e+03 1.8370e+03 1.9980e+03 1.0982e+18 1.0886e+18 1.0886e+18 3.3516e-02 0.0000e+00 1.3124e+05 0.0000e+00
1.6000e+02 2.3509e-11 1.3608e+00 1.7380e+03 1.8388e+03 1.9980e+03 1.0747e+18 1.0663e+18 1.0663e+18 3.3835e-02 0.0000e+00 1.3016e+05 0.0000e+00
1.7000e+02 2.3379e-11 1.3412e+00 1.7396e+03 1.8405e+03 1.9980e+03 1.0527e+18 1.0456e+18 1.0456e+18 3.4142e-02 0.0000e+00 1.2913e+05 0.0000e+00
1.8000e+02 2.3251e-11 1.3224e+00 1.7412e+03 1.8422e+03 1.9980e+03 1.0321e+18 1.0262e+18 1.0262e+18 3.4437e-02 0.0000e+00 1.2816e+05 0.0000e+00
1.9000e+02 2.3124e-11 1.3044e+00 1.7427e+03 1.8438e+03 1.9980e+03 1.0130e+18 1.0081e+18 1.0081e+18 3.4720e-02 0.0000e+00 1.2725e+05 0.0000e+00
2.0000e+02 2.2998e-11 1.2872e+00 1.7441e+03 1.8453e+03 1.9980e+03 9.9512e+17 9.9115e+17 9.9115e+17 3.4991e-02 0.0000e+00 1.2638e+05 0.0000e+00
2.1000e+02 2.2873e-11 1.2708e+00 1.7454e+03 1.8467e+03 1.9980e+03 9.7845e+17 9.7535e+17 9.7535e+17 3.5251e-02 0.0000e+00 1.2557e+05 0.0000e+00
2.2000e+02 2.2749e-11 1.2551e+00 1.7467e+03 1.8481e+03 1.9980e+03 9.6291e+17 9.6059e+17 9.6059e+17 3.5498e-02 0.0000e+00 1.2480e+05 0.0000e+00
2.3000e+02 2.2626e-11 1.2401e+00 1.7479e+03 1.8493e+03 1.9980e+03 9.4842e+17 9.4682e+17 9.4682e+17 3.5735e-02 0.0000e+00 1.2407e+05 0.0000e+00
2.4000e+02 2.2504e-11 1.2257e+00 1.7491e+03 1.8506e+03 1.9980e+03 9.3492e+17 9.3397e+17 9.3397e+17 3.5960e-02 0.0000e+00 1.2339e+05 0.0000e+00
2.5000e+02 2.2383e-11 1.2119e+00 1.7502e+03 1.8517e+03 1.9980e+03 9.2234e+17 9.2200e+17 9.2200e+17 3.6174e-02 0.0000e+00 1.2275e+05 0.0000e+00
2.6000e+02 2.2263e-11 1.1986e+00 1.7512e+03 1.8528e+03 1.9980e+03 9.1064e+17 9.1084e+17 9.1084e+17 3.6378e-02 0.0000e+00 1.2215e+05 0.0000e+00
2.7000e+02 2.2144e-11 1.1860e+00 1.7522e+03 1.8538e+03 1.9980e+03 8.9975e+17 9.0046e+17 9.0046e+17 3.6570e-02 0.0000e+00 1.2159e+05 0.0000e+00
2.8000e+02 2.2026e-11 1.1738e+00 1.7531e+03 1.8548e+03 1.9980e+03 8.8964e+17 8.9081e+17 8.9081e+17 3.6752e-02 0.0000e+00 1.2106e+05 0.0000e+00
2.9000e+02 2.1910e-11 1.1622e+00 1.7539e+03 1.8557e+03 1.9980e+03 8.8025e+17 8.8184e+17 8.8184e+17 3.6923e-02 0.0000e+00 1.2057e+05 0.0000e+00
3.0000e+02 2.1794e-11 1.1510e+00 1.7547e+03 1.8566e+03 1.9980e+03 8.7156e+17 8.7353e+17 8.7353e+17 3.7085e-02 0.0000e+00 1.2011e+05 0.0000e+00
3.1000e+02 2.1679e-11 1.1403e+00 1.7555e+03 1.8573e+03 1.9980e+03 8.6351e+17 8.6583e+17 8.6583e+17 3.7236e-02 0.0000e+00 1.1968e+05 0.0000e+00
3.2000e+02 2.1565e-11 1.1300e+00 1.7562e+03 1.8581e+03 1.9980e+03 8.5608e+17 8.5872e+17 8.5872e+17 3.7378e-02 0.0000e+00 1.1928e+05 0.0000e+00
3.3000e+02 2.1452e-11 1.1201e+00 1.7568e+03 1.8588e+03 1.9980e+03 8.4923e+17 8.5217e+17 8.5217e+17 3.7510e-02 0.0000e+00 1.1892e+05 0.0000e+00
3.4000e+02 2.1340e-11 1.1106e+00 1.7574e+03 1.8594e+03 1.9980e+03 8.4293e+17 8.4613e+17 8.4613e+17 3.7633e-02 0.0000e+00 1.1858e+05 0.0000e+00
3.5000e+02 2.1229e-11 1.1015e+00 1.7580e+03 1.8600e+03 1.9980e+03 8.3716e+17 8.4060e+17 8.4060e+17 3.7747e-02 0.0000e+00 1.1826e+05 0.0000e+00
3.6000e+02 2.1118e-11 1.0927e+00 1.7585e+03 1.8606e+03 1.9980e+03 8.3188e+17 8.3555e+17 8.3555e+17 3.7852e-02 0.0000e+00 1.1797e+05 0.0000e+00
3.7000e+02 2.1009e-11 1.0843e+00 1.7590e+03 1.8611e+03 1.9980e+03 8.2708e+17 8.3095e+17 8.3095e+17 3.7948e-02 0.0000e+00 1.1771e+05 0.0000e+00
3.8000e+02 2.0901e-11 1.0762e+00 1.7594e+03 1.8615e+03 1.9980e+03 8.2273e+17 8.2678e+17 8.2678e+17 3.8037e-02 0.0000e+00 1.1747e+05 0.0000e+00
3.9000e+02 2.0793e-11 1.0684e+00 1.7598e+03 1.8619e+03 1.9980e+03 8.1880e+17 8.2302e+17 8.2302e+17 3.8116e-02 0.0000e+00 1.1726e+05 0.0000e+00
4.0000e+02 2.0687e-11 1.0609e+00 1.7602e+03 1.8623e+03 1.9980e+03 8.1529e+17 8.1965e+17 8.1965e+17 3.8189e-02 0.0000e+00 1.1706e+05 0.0000e+00
4.1000e+02 2.0581e-11 1.0537e+00 1.7605e+03 1.8626e+03 1.9980e+03 8.1217e+17 8.1666e+17 8.1666e+17 3.8253e-02 0.0000e+00 1.1689e+05 0.0000e+00
4.2000e+02 2.0476e-11 1.0468e+00 1.7607e+03 1.8629e+03 1.9980e+03 8.0942e+17 8.1403e+17 8.1403e+17 3.8310e-02 0.0000e+00 1.1674e+05 0.0000e+00
4.3000e+02 2.0372e-11 1.0401e+00 1.7610e+03 1.8632e+03 1.9980e+03 8.0703e+17 8.1174e+17 8.1174e+17 3.8360e-02 0.0000e+00 1.1661e+05 0.0000e+00
4.4000e+02 2.0269e-11 1.0337e+00 1.7612e+03 1.8634e+03 1.9980e+03 8.0499e+17 8.0978e+17 8.0978e+17 3.8402e-02 0.0000e+00 1.1649e+05 0.0000e+00
4.5000e+02 2.0167e-11 1.0276e+00 1.7614e+03 1.8636e+03 1.9980e+03 8.0327e+17 8.0813e+17 8.0813e+17 3.8438e-02 0.0000e+00 1.1640e+05 0.0000e+00
4.6000e+02 2.0065e-11 1.0216e+00 1.7615e+03 1.8637e+03 1.9980e+03 8.0186e+17 8.0679e+17 8.0679e+17 3.8468e-02 0.0000e+00 1.1632e+05 0.0000e+00
4.7000e+02 1.9965e-11 1.0159e+00 1.7616e+03 1.8638e+03 1.9980e+03 8.0076e+17 8.0574e+17 8.0574e+17 3.8491e-02 0.0000e+00 1.1626e+05 0.0000e+00
4.8000e+02 1.9865e-11 1.0103e+00 1.7617e+03 1.8639e+03 1.9980e+03 7.9995e+17 8.0497e+17 8.0497e+17 3.8508e-02 0.0000e+00 1.1621e+05 0.0000e+00
4.9000e+02 1.9766e-11 1.0050e+00 1.7618e+03 1.8640e+03 1.9980e+03 7.9942e+17 8.0446e+17 8.0446e+17 3.8519e-02 0.0000e+00 1.1618e+05 0.0000e+00
5.0000e+02 1.9668e-11 9.9990e-01 1.7618e+03 1.8640e+03 1.9980e+03 7.9915e+17 8.0422e+17 8.0422e+17 3.8525e-02 0.0000e+00 1.1617e+05 0.0000e+00
5.1000e+02 1.9571e-11 9.9495e-01 1.7618e+03 1.8640e+03 1.9980e+03 7.9915e+17 8.0423e+17 8.0423e+17 3.8524e-02 0.0000e+00 1.1617e+05 0.0000e+00
5.2000e+02 1.9474e-11 9.9019e-01 1.7618e+03 1.8640e+03 1.9980e+03 7.9939e+17 8.0447e+17 8.0447e+17 3.8519e-02 0.0000e+00 1.1618e+05 0.0000e+00
5.3000e+02 1.9378e-11 9.8559e-01 1.7617e+03 1.8639e+03 1.9980e+03 7.9987e+17 8.0495e+17 8.0495e+17 3.8508e-02 0.0000e+00 1.1621e+05 0.0000e+00
5.4000e+02 1.9283e-11 9.8115e-01 1.7616e+03 1.8638e+03 1.9980e+03 8.0059e+17 8.0565e+17 8.0565e+17 3.8493e-02 0.0000e+00 1.1625e+05 0.0000e+00
5.5000e+02 1.9189e-11 9.7687e-01 1.7615e+03 1.8637e+03 1.9980e+03 8.0153e+17 8.0657e+17 8.0657e+17 3.8473e-02 0.0000e+00 1.1631e+05 0.0000e+00
5.6000e+02 1.9096e-11 9.7275e-01 1.7614e+03 1.8636e+03 1.9980e+03 8.0269e+17 8.0769e+17 8.0769e+17 3.8448e-02 0.0000e+00 1.1637e+05 0.0000e+00
5.7000e+02 1.9003e-11 9.6876e-01 1.7613e+03 1.8635e+03 1.9980e+03 8.0406e+17 8.0902e+17 8.0902e+17 3.8419e-02 0.0000e+00 1.1645e+05 0.0000e+00
5.8000e+02 1.8911e-11 9.6492e-01 1.7611e+03 1.8633e+03 1.9980e+03 8.0564e+17 8.1055e+17 8.1055e+17 3.8386e-02 0.0000e+00 1.1654e+05 0.0000e+00
5.9000e+02 1.8820e-11 9.6120e-01 1.7609e+03 1.8631e+03 1.9980e+03 8.0741e+17 8.1226e+17 8.1226e+17 3.8348e-02 0.0000e+00 1.1664e+05 0.0000e+00
6.0000e+02 1.8730e-11 9.5762e-01 1.7607e+03 1.8629e+03 1.9980e+03 8.0937e+17 8.1416e+17 8.1416e+17 3.8307e-02 0.0000e+00 1.1675e+05 0.0000e+00
6.1000e+02 1.8640e-11 9.5415e-01 1.7605e+03 1.8627e+03 1.9980e+03 8.1152e+17 8.1624e+17 8.1624e+17 3.8262e-02 0.0000e+00 1.1687e+05 0.0000e+00
6.2000e+02 1.8551e-11 9.5081e-01 1.7603e+03 1.8624e+03 1.9980e+03 8.1385e+17 8.1849e+17 8.1849e+17 3.8213e-02 0.0000e+00 1.1700e+05 0.0000e+00
6.3000e+02 1.8463e-11 9.4758e-01 1.7600e+03 1.8621e+03 1.9980e+03 8.1635e+17 8.2092e+17 8.2092e+17 3.8161e-02 0.0000e+00 1.1714e+05 0.0000e+00
6.4000e+02 1.8376e-11 9.4445e-01 1.7598e+03 1.8619e+03 1.9980e+03 8.1903e+17 8.2350e+17 8.2350e+17 3.8106e-02 0.0000e+00 1.1729e+05 0.0000e+00
6.5000e+02 1.8289e-11 9.4144e-01 1.7595e+03 1.8616e+03 1.9980e+03 8.2187e+17 8.2625e+17 8.2625e+17 3.8048e-02 0.0000e+00 1.1744e+05 0.0000e+00
6.6000e+02 1.8203e-11 9.3852e-01 1.7592e+03 1.8612e+03 1.9980e+03 8.2488e+17 8.2915e+17 8.2915e+17 3.7986e-02 0.0000e+00 1.1761e+05 0.0000e+00
6.7000e+02 1.8117e-11 9.3570e-01 1.7589e+03 1.8609e+03 1.9980e+03 8.2804e+17 8.3220e+17 8.3220e+17 3.7922e-02 0.0000e+00 1.1778e+05 0.0000e+00
6.8000e+02 1.8033e-11 9.3297e-01 1.7585e+03 1.8606e+03 1.9980e+03 8.3136e+17 8.3540e+17 8.3540e+17 3.7855e-02 0.0000e+00 1.1797e+05 0.0000e+00
6.9000e+02 1.7949e-11 9.3034e-01 1.7582e+03 1.8602e+03 1.9980e+03 8.3483e+17 8.3874e+17 8.3874e+17 3.7785e-02 0.0000e+00 1.1816e+05 0.0000e+00
7.0000e+02 1.7865e-11 9.2779e-01 1.7578e+03 1.8598e+03 1.9980e+03 8.3845e+17 8.4223e+17 8.4223e+17 3.7713e-02 0.0000e+00 1.1835e+05 0.0000e+00
7.1000e+02 1.7783e-11 9.2532e-01 1.7575e+03 1.8594e+03 1.9980e+03 8.4221e+17 8.4585e+17 8.4585e+17 3.7639e-02 0.0000e+00 1.1856e+05 0.0000e+00
7.2000e+02 1.7701e-11 9.2294e-01 1.7571e+03 1.8590e+03 1.9980e+03 8.4611e+17 8.4961e+17 8.4961e+17 3.7562e-02 0.0000e+00 1.1877e+05 0.0000e+00
7.3000e+02 1.7619e-11 9.2063e-01 1.7567e+03 1.8586e+03 1.9980e+03 8.5015e+17 8.5350e+17 8.5350e+17 3.7483e-02 0.0000e+00 1.1899e+05 0.0000e+00
7.4000e+02 1.7539e-11 9.1840e-01 1.7563e+03 1.8582e+03 1.9980e+03 8.5432e+17 8.5751e+17 8.5751e+17 3.7402e-02 0.0000e+00 1.1922e+05 0.0000e+00
7.5000e+02 1.7459e-11 9.1624e-01 1.7559e+03 1.8578e+03 1.9980e+03 8.5863e+17 8.6165e+17 8.6165e+17 3.7319e-02 0.0000e+00 1.1945e+05 0.0000e+00
7.6000e+02 1.7379e-11 9.1415e-01 1.7555e+03 1.8573e+03 1.9980e+03 8.6306e+17 8.6592e+17 8.6592e+17 3.7235e-02 0.0000e+00 1.1969e+05 0.0000e+00
7.7000e+02 1.7300e-11 9.1212e-01 1.7551e+03 1.8569e+03 1.9980e+03 8.6763e+17 8.7030e+17 8.7030e+17 3.7148e-02 0.0000e+00 1.1993e+05 0.0000e+00
7.8000e+02 1.7222e-11 9.1016e-01 1.7546e+03 1.8564e+03 1.9980e+03 8.7231e+17 8.7481e+17 8.7481e+17 3.7060e-02 0.0000e+00 1.2018e+05 0.0000e+00
7.9000e+02 1.7145e-11 9.0826e-01 1.7542e+03 1.8559e+03 1.9980e+03 8.7712e+17 8.7943e+17 8.7943e+17 3.6970e-02 0.0000e+00 1.2044e+05 0.0000e+00
8.0000e+02 1.7068e-11 9.0643e-01 1.7537e+03 1.8555e+03 1.9980e+03 8.8205e+17 8.8416e+17 8.8416e+17 3.6879e-02 0.0000e+00 1.2070e+05 0.0000e+00
8.1000e+02 1.6991e-11 9.0465e-01 1.7533e+03 1.8550e+03 1.9980e+03 8.8710e+17 8.8900e+17 8.8900e+17 3.6786e-02 0.0000e+00 1.2096e+05 0.0000e+00
8.2000e+02 1.6916e-11 9.0292e-01 1.7528e+03 1.8545e+03 1.9980e+03 8.9227e+17 8.9396e+17 8.9396e+17 3.6692e-02 0.0000e+00 1.2123e+05 0.0000e+00
8.3000e+02 1.6841e-11 9.0125e-01 1.7523e+03 1.8540e+03 1.9980e+03 8.9754e+17 8.9902e+17 8.9902e+17 3.6597e-02 0.0000e+00 1.2151e+05 0.0000e+00
8.4000e+02 1.6766e-11 8.9964e-01 1.7518e+03 1.8535e+03 1.9980e+03 9.0294e+17 9.0419e+17 9.0419e+17 3.6501e-02 0.0000e+00 1.2179e+05 0.0000e+00
8.5000e+02 1.6692e-11 8.9807e-01 1.7513e+03 1.8529e+03 1.9980e+03 9.0844e+17 9.0946e+17 9.0946e+17 3.6403e-02 0.0000e+00 1.2208e+05 0.0000e+00
8.6000e+02 1.6619e-11 8.9655e-01 1.7508e+03 1.8524e+03 1.9980e+03 9.1405e+17 9.1483e+17 9.1483e+17 3.6305e-02 0.0000e+00 1.2237e+05 0.0000e+00
8.7000e+02 1.6546e-11 8.9508e-01 1.7503e+03 1.8519e+03 1.9980e+03 9.1977e+17 9.2031e+17 9.2031e+17 3.6205e-02 0.0000e+00 1.2266e+05 0.0000e+00
8.8000e+02 1.6474e-11 8.9366e-01 1.7498e+03 1.8513e+03 1.9980e+03 9.2559e+17 9.2588e+17 9.2588e+17 3.6105e-02 0.0000e+00 1.2296e+05 0.0000e+00
8.9000e+02 1.6402e-11 8.9228e-01 1.7493e+03 1.8508e+03 1.9980e+03 9.3152e+17 9.3155e+17 9.3155e+17 3.6003e-02 0.0000e+00 1.2326e+05 0.0000e+00
9.0000e+02 1.6331e-11 8.9094e-01 1.7488e+03 1.8502e+03 1.9980e+03 9.3756e+17 9.3732e+17 9.3732e+17 3.5901e-02 0.0000e+00 1.2357e+05 0.0000e+00
9.1000e+02 1.6261e-11 8.8964e-01 1.7483e+03 1.8497e+03 1.9980e+03 9.4369e+17 9.4318e+17 9.4318e+17 3.5798e-02 0.0000e+00 1.2388e+05 0.0000e+00
9.2000e+02 1.6191e-11 8.8838e-01 1.7477e+03 1.8491e+03 1.9980e+03 9.4993e+17 9.4914e+17 9.4914e+17 3.5695e-02 0.0000e+00 1.2420e+05 0.0000e+00
9.3000e+02 1.6122e-11 8.8716e-01 1.7472e+03 1.8486e+03 1.9980e+03 9.5626e+17 9.5519e+17 9.5519e+17 3.5591e-02 0.0000e+00 1.2451e+05 0.0000e+00
9.4000e+02 1.6053e-11 8.8598e-01 1.7467e+03 1.8480e+03 1.9980e+03 9.6270e+17 9.6133e+17 9.6133e+17 3.5486e-02 0.0000e+00 1.2484e+05 0.0000e+00
9.5000e+02 1.5984e-11 8.8484e-01 1.7461e+03 1.8474e+03 1.9980e+03 9.6923e+17 9.6755e+17 9.6755e+17 3.5381e-02 0.0000e+00 1.2516e+05 0.0000e+00
9.6000e+02 1.5917e-11 8.8373e-01 1.7456e+03 1.8468e+03 1.9980e+03 9.7585e+17 9.7387e+17 9.7387e+17 3.5275e-02 0.0000e+00 1.2549e+05 0.0000e+00
9.7000e+02 1.5849e-11 8.8265e-01 1.7450e+03 1.8463e+03 1.9980e+03 9.8257e+17 9.8028e+17 9.8028e+17 3.5169e-02 0.0000e+00 1.2582e+05 0.0000e+00
9.8000e+02 1.5783e-11 8.8160e-01 1.7445e+03 1.8457e+03 1.9980e+03 9.8939e+17 9.8677e+17 9.8677e+17 3.5062e-02 0.0000e+00 1.2616e+05 0.0000e+00
9.9000e+02 1.5716e-11 8.8059e-01 1.7439e+03 1.8451e+03 1.9980e+03 9.9630e+17 9.9335e+17 9.9335e+17 3.4955e-02 0.0000e+00 1.2650e+05 0.0000e+00
1.0000e+03 1.5651e-11 8.7961e-01 1.7433e+03 1.8445e+03 1.9980e+03 1.0033e+18 1.0000e+18 1.0000e+18 3.4848e-02 0.0000e+00 1.2684e+05 0.0000e+00
1.0100e+03 1.5586e-11 8.7866e-01 1.7428e+03 1.8439e+03 1.9980e+03 1.0104e+18 1.0068e+18 1.0068e+18 3.4741e-02 0.0000e+00 1.2718e+05 0.0000e+00
1.0200e+03 1.5521e-11 8.7773e-01 1.7422e+03 1.8433e+03 1.9980e+03 1.0176e+18 1.0136e+18 1.0136e+18 3.4633e-02 0.0000e+00 1.2753e+05 0.0000e+00
1.0300e+03 1.5457e-11 8.7684e-01 1.7416e+03 1.8427e+03 1.9980e+03 1.0248e+18 1.0205e+18 1.0205e+18 3.4525e-02 0.0000e+00 1.2788e+05 0.0000e+00
1.0400e+03 1.5393e-11 8.7597e-01 1.7411e+03 1.8421e+03 1.9980e+03 1.0322e+18 1.0275e+18 1.0275e+18 3.4417e-02 0.0000e+00 1.2823e+05 0.0000e+00
1.0500e+03 1.5330e-11 8.7512e-01 1.7405e+03 1.8415e+03 1.9980e+03 1.0397e+18 1.0346e+18 1.0346e+18 3.4309e-02 0.0000e+00 1.2858e+05 0.0000e+00
1.0600e+03 1.5267e-11 8.7431e-01 1.7399e+03 1.8409e+03 1.9980e+03 1.0472e+18 1.0417e+18 1.0417e+18 3.4200e-02 0.0000e+00 1.2894e+05 0.0000e+00
1.0700e+03 1.5205e-11 8.7351e-01 1.7393e+03 1.8403e+03 1.9980e+03 1.0548e+18 1.0489e+18 1.0489e+18 3.4092e-02 0.0000e+00 1.2930e+05 0.0000e+00
1.0800e+03 1.5143e-11 8.7275e-01 1.7388e+03 1.8397e+03 1.9980e+03 1.0625e+18 1.0562e+18 1.0562e+18 3.3983e-02 0.0000e+00 1.2966e+05 0.0000e+00
1.0900e+03 1.5082e-11 8.7200e-01 1.7382e+03 1.8390e+03 1.9980e+03 1.0703e+18 1.0636e+18 1.0636e+18 3.3875e-02 0.0000e+00 1.3003e+05 0.0000e+00
1.1000e+03 1.5021e-11 8.7128e-01 1.7376e+03 1.8384e+03 1.9980e+03 1.0782e+18 1.0711e+18 1.0711e+18 3.3766e-02 0.0000e+00 1.3039e+05 0.0000e+00
1.1100e+03 1.4961e-11 8.7058e-01 1.7370e+03 1.8378e+03 1.9980e+03 1.0862e+18 1.0786e+18 1.0786e+18 3.3658e-02 0.0000e+00 1.3076e+05 0.0000e+00
1.1200e+03 1.4901e-11 8.6989e-01 1.7364e+03 1.8372e+03 1.9980e+03 1.0942e+18 1.0862e+18 1.0862e+18 3.3549e-02 0.0000e+00 1.3113e+05 0.0000e+00
1.1300e+03 1.4842e-11 8.6924e-01 1.7359e+03 1.8366e+03 1.9980e+03 1.1023e+18 1.0939e+18 1.0939e+18 3.3441e-02 0.0000e+00 1.3150e+05 0.0000e+00
1.1400e+03 1.4783e-11 8.6860e-01 1.7353e+03 1.8359e+03 1.9980e+03 1.1105e+18 1.1017e+18 1.1017e+18 3.3332e-02 0.0000e+00 1.3188e+05 0.0000e+00
1.1500e+03 1.4724e-11 8.6797e-01 1.7347e+03 1.8353e+03 1.9980e+03 1.1188e+18 1.1095e+18 1.1095e+18 3.3224e-02 0.0000e+00 1.3225e+05 0.0000e+00
1.1600e+03 1.4666e-11 8.6737e-01 1.7341e+03 1.8347e+03 1.9980e+03 1.1272e+18 1.1174e+18 1.1174e+18 3.3116e-02 0.0000e+00 1.3263e+05 0.0000e+00
1.1700e+03 1.4608e-11 8.6679e-01 1.7335e+03 1.8341e+03 1.9980e+03 1.1357e+18 1.1254e+18 1.1254e+18 3.3008e-02 0.0000e+00 1.3301e+05 0.0000e+00
1.1800e+03 1.4551e-11 8.6622e-01 1.7329e+03 1.8335e+03 1.9980e+03 1.1442e+18 1.1334e+18 1.1334e+18 3.2900e-02 0.0000e+00 1.3339e+05 0.0000e+00
1.1900e+03 1.4494e-11 8.6568e-01 1.7323e+03 1.8328e+03 1.9980e+03 1.1528e+18 1.1416e+18 1.1416e+18 3.2793e-02 0.0000e+00 1.3378e+05 0.0000e+00
1.2000e+03 1.4438e-11 8.6514e-01 1.7317e+03 1.8322e+03 1.9980e+03 1.1615e+18 1.1497e+18 1.1497e+18 3.2685e-02 0.0000e+00 1.3416e+05 0.0000e+00
1.2100e+03 1.4382e-11 8.6463e-01 1.7311e+03 1.8316e+03 1.9980e+03 1.1703e+18 1.1580e+18 1.1580e+18 3.2578e-02 0.0000e+00 1.3455e+05 0.0000e+00
1.2200e+03 1.4327e-11 8.6413e-01 1.7305e+03 1.8310e+03 1.9980e+03 1.1791e+18 1.1663e+18 1.1663e+18 3.2471e-02 0.0000e+00 1.3494e+05 0.0000e+00
1.2300e+03 1.4272e-11 8.6365e-01 1.7300e+03 1.8303e+03 1.9980e+03 1.1881e+18 1.1747e+18 1.1747e+18 3.2365e-02 0.0000e+00 1.3533e+05 0.0000e+00
1.2400e+03 1.4217e-11 8.6318e-01 1.7294e+03 1.8297e+03 1.9980e+03 1.1971e+18 1.1832e+18 1.1832e+18 3.2258e-02 0.0000e+00 1.3572e+05 0.0000e+00
1.2500e+03 1.4163e-11 8.6272e-01 1.7288e+03 1.8291e+03 1.9980e+03 1.2062e+18 1.1917e+18 1.1917e+18 3.2152e-02 0.0000e+00 1.3611e+05 0.0000e+00
1.2600e+03 1.4109e-11 8.6228e-01 1.7282e+03 1.8284e+03 1.9980e+03 1.2153e+18 1.2003e+18 1.2003e+18 3.2046e-02 0.0000e+00 1.3651e+05 0.0000e+00
1.2700e+03 1.4055e-11 8.6185e-01 1.7276e+03 1.8278e+03 1.9980e+03 1.2246e+18 1.2090e+18 1.2090e+18 3.1941e-02 0.0000e+00 1.3690e+05 0.0000e+00
1.2800e+03 1.4002e-11 8.6144e-01 1.7270e+03 1.8272e+03 1.9980e+03 1.2339e+18 1.2177e+18 1.2177e+18 3.1835e-02 0.0000e+00 1.3730e+05 0.0000e+00
1.2900e+03 1.3950e-11 8.6104e-01 1.7264e+03 1.8266e+03 1.9980e+03 1.2433e+18 1.2265e+18 1.2265e+18 3.1731e-02 0.0000e+00 1.3770e+05 0.0000e+00
1.3000e+03 1.3898e-11 8.6065e-01 1.7258e+03 1.8259e+03 1.9980e+03 1.2528e+18 1.2354e+18 1.2354e+18 3.1626e-02 0.0000e+00 1.3810e+05 0.0000e+00
1.3100e+03 1.3846e-11 8.6028e-01 1.7252e+03 1.8253e+03 1.9980e+03 1.2623e+18 1.2443e+18 1.2443e+18 3.1522e-02 0.0000e+00 1.3850e+05 0.0000e+00
1.3200e+03 1.3794e-11 8.5991e-01 1.7246e+03 1.8247e+03 1.9980e+03 1.2719e+18 1.2533e+18 1.2533e+18 3.1418e-02 0.0000e+00 1.3890e+05 0.0000e+00
1.3300e+03 1.3743e-11 8.5956e-01 1.7240e+03 1.8241e+03 1.9980e+03 1.2816e+18 1.2624e+18 1.2624e+18 3.1314e-02 0.0000e+00 1.3930e+05 0.0000e+00
1.3400e+03 1.3692e-11 8.5922e-01 1.7234e+03 1.8234e+03 1.9980e+03 1.2914e+18 1.2715e+18 1.2715e+18 3.1211e-02 0.0000e+00 1.3971e+05 0.0000e+00
1.3500e+03 1.3642e-11 8.5889e-01 1.7229e+03 1.8228e+03 1.9980e+03 1.3012e+18 1.2807e+18 1.2807e+18 3.1108e-02 0.0000e+00 1.4011e+05 0.0000e+00
1.3600e+03 1.3592e-11 8.5858e-01 1.7223e+03 1.8222e+03 1.9980e+03 1.3111e+18 1.2900e+18 1.2900e+18 3.1006e-02 0.0000e+00 1.4052e+05 0.0000e+00
1.3700e+03 1.3542e-11 8.5827e-01 1.7217e+03 1.8216e+03 1.9980e+03 1.3211e+18 1.2993e+18 1.2993e+18 3.0904e-02 0.0000e+00 1.4092e+05 0.0000e+00
1.3800e+03 1.3493e-11 8.5797e-01 1.7211e+03 1.8210e+03 1.9980e+03 1.3312e+18 1.3087e+18 1.3087e+18 3.0802e-02 0.0000e+00 1.4133e+05 0.0000e+00
1.3900e+03 1.3444e-11 8.5768e-01 1.7205e+03 1.8203e+03 1.9980e+03 1.3413e+18 1.3181e+18 1.3181e+18 3.0701e-02 0.0000e+00 1.4174e+05 0.0000e+00
1.4000e+03 1.3396e-11 8.5741e-01 1.7199e+03 1.8197e+03 1.9980e+03 1.3515e+18 1.3277e+18 1.3277e+18 3.0600e-02 0.0000e+00 1.4215e+05 0.0000e+00
1.4100e+03 1.3348e-11 8.5714e-01 1.7193e+03 1.8191e+03 1.9980e+03 1.3618e+18 1.3372e+18 1.3372e+18 3.0499e-02 0.0000e+00 1.4256e+05 0.0000e+00
1.4200e+03 1.3300e-11 8.5688e-01 1.7187e+03 1.8185e+03 1.9980e+03 1.3722e+18 1.3469e+18 1.3469e+18 3.0399e-02 0.0000e+00 1.4297e+05 0.0000e+00
1.4300e+03 1.3252e-11 8.5663e-01 1.7182e+03 1.8179e+03 1.9980e+03 1.3826e+18 1.3566e+18 1.3566e+18 3.0299e-02 0.0000e+00 1.4339e+05 0.0000e+00
1.4400e+03 1.3205e-11 8.5639e-01 1.7176e+03 1.8172e+03 1.9980e+03 1.3931e+18 1.3663e+18 1.3663e+18 3.0200e-02 0.0000e+00 1.4380e+05 0.0000e+00
1.4500e+03 1.3159e-11 8.5616e-01 1.7170e+03 1.8166e+03 1.9980e+03 1.4037e+18 1.3761e+18 1.3761e+18 3.0101e-02 0.0000e+00 1.4421e+05 0.0000e+00
1.4600e+03 1.3112e-11 8.5593e-01 1.7164e+03 1.8160e+03 1.9980e+03 1.4143e+18 1.3860e+18 1.3860e+18 3.0003e-02 0.0000e+00 1.4463e+05 0.0000e+00
1.4700e+03 1.3066e-11 8.5572e-01 1.7158e+03 1.8154e+03 1.9980e+03 1.4250e+18 1.3959e+18 1.3959e+18 2.9905e-02 0.0000e+00 1.4504e+05 0.0000e+00
1.4800e+03 1.3020e-11 8.5551e-01 1.7153e+03 1.8148e+03 1.9980e+03 1.4358e+18 1.4059e+18 1.4059e+18 2.9808e-02 0.0000e+00 1.4546e+05 0.0000e+00
1.4900e+03 1.2975e-11 8.5531e-01 1.7147e+03 1.8142e+03 1.9980e+03 1.4467e+18 1.4160e+18 1.4160e+18 2.9711e-02 0.0000e+00 1.4588e+05 0.0000e+00
1.5000e+03 1.2930e-11 8.5512e-01 1.7141e+03 1.8136e+03 1.9980e+03 1.4576e+18 1.4261e+18 1.4261e+18 2.9614e-02 0.0000e+00 1.4629e+05 0.0000e+00
1.5100e+03 1.2885e-11 8.5493e-01 1.7135e+03 1.8130e+03 1.9980e+03 1.4686e+18 1.4363e+18 1.4363e+18 2.9518e-02 0.0000e+00 1.4671e+05 0.0000e+00
1.5200e+03 1.2840e-11 8.5476e-01 1.7130e+03 1.8123e+03 1.9980e+03 1.4797e+18 1.4465e+18 1.4465e+18 2.9422e-02 0.0000e+00 1.4713e+05 0.0000e+00
1.5300e+03 1.2796e-11 8.5458e-01 1.7124e+03 1.8117e+03 1.9980e+03 1.4908e+18 1.4568e+18 1.4568e+18 2.9327e-02 0.0000e+00 1.4755e+05 0.0000e+00
1.5400e+03 1.2752e-11 8.5442e-01 1.7118e+03 1.8111e+03 1.9980e+03 1.5020e+18 1.4672e+18 1.4672e+18 2.9232e-02 0.0000e+00 1.4797e+05 0.0000e+00
1.5500e+03 1.2709e-11 8.5426e-01 1.7112e+03 1.8105e+03 1.9980e+03 1.5133e+18 1.4776e+18 1.4776e+18 2.9137e-02 0.0000e+00 1.4839e+05 0.0000e+00
1.5600e+03 1.2666e-11 8.5411e-01 1.7107e+03 1.8099e+03 1.9980e+03 1.5247e+18 1.4881e+18 1.4881e+18 2.9044e-02 0.0000e+00 1.4881e+05 0.0000e+00
1.5700e+03 1.2623e-11 8.5397e-01 1.7101e+03 1.8093e+03 1.9980e+03 1.5361e+18 1.4986e+18 1.4986e+18 2.8950e-02 0.0000e+00 1.4923e+05 0.0000e+00
1.5800e+03 1.2580e-11 8.5383e-01 1.7095e+03 1.8087e+03 1.9980e+03 1.5476e+18 1.5092e+18 1.5092e+18 2.8857e-02 0.0000e+00 1.4966e+05 0.0000e+00
1.5900e+03 1.2538e-11 8.5370e-01 1.7090e+03 1.8081e+03 1.9980e+03 1.5591e+18 1.5198e+18 1.5198e+18 2.8764e-02 0.0000e+00 1.5008e+05 0.0000e+00
1.6000e+03 1.2496e-11 8.5358e-01 1.7084e+03 1.8075e+03 1.9980e+03 1.5708e+18 1.5305e+18 1.5305e+18 2.8672e-02 0.0000e+00 1.5050e+05 0.0000e+00
1.6100e+03 1.2454e-11 8.5346e-01 1.7078e+03 1.8069e+03 1.9980e+03 1.5825e+18 1.5413e+18 1.5413e+18 2.8581e-02 0.0000e+00 1.5092e+05 0.0000e+00
1.6200e+03 1.2413e-11 8.5334e-01 1.7073e+03 1.8063e+03 1.9980e+03 1.5942e+18 1.5521e+18 1.5521e+18 2.8490e-02 0.0000e+00 1.5135e+05 0.0000e+00
1.6300e+03 1.2372e-11 8.5324e-01 1.7067e+03 1.8057e+03 1.9980e+03 1.6061e+18 1.5630e+18 1.5630e+18 2.8399e-02 0.0000e+00 1.5177e+05 0.0000e+00
1.6400e+03 1.2331e-11 8.5313e-01 1.7062e+03 1.8052e+03 1.9980e+03 1.6180e+18 1.5739e+18 1.5739e+18 2.8309e-02 0.0000e+00 1.5220e+05 0.0000e+00
1.6500e+03 1.2291e-11 8.5304e-01 1.7056e+03 1.8046e+03 1.9980e+03 1.6299e+18 1.5849e+18 1.5849e+18 2.8219e-02 0.0000e+00 1.5262e+05 0.0000e+00
1.6600e+03 1.2250e-11 8.5294e-01 1.7050e+03 1.8040e+03 1.9980e+03 1.6420e+18 1.5960e+18 1.5960e+18 2.8129e-02 0.0000e+00 1.5305e+05 0.0000e+00
1.6700e+03 1.2210e-11 8.5286e-01 1.7045e+03 1.8034e+03 1.9980e+03 1.6541e+18 1.6071e+18 1.6071e+18 2.8040e-02 0.0000e+00 1.5347e+05 0.0000e+00
1.6800e+03 1.2171e-11 8.5278e-01 1.7039e+03 1.8028e+03 1.9980e+03 1.6663e+18 1.6182e+18 1.6182e+18 2.7952e-02 0.0000e+00 1.5390e+05 0.0000e+00
1.6900e+03 1.2131e-11 8.5270e-01 1.7034e+03 1.8022e+03 1.9980e+03 1.6785e+18 1.6294e+18 1.6294e+18 2.7864e-02 0.0000e+00 1.5433e+05 0.0000e+00
1.7000e+03 1.2092e-11 8.5263e-01 1.7028e+03 1.8016e+03 1.9980e+03 1.6908e+18 1.6407e+18 1.6407e+18 2.7777e-02 0.0000e+00 1.5475e+05 0.0000e+00
1.7100e+03 1.2053e-11 8.5256e-01 1.7023e+03 1.8011e+03 1.9980e+03 1.7032e+18 1.6520e+18 1.6520e+18 2.7689e-02 0.0000e+00 1.5518e+05 0.0000e+00
1.7200e+03 1.2015e-11 8.5250e-01 1.7017e+03 1.8005e+03 1.9980e+03 1.7156e+18 1.6634e+18 1.6634e+18 2.7603e-02 0.0000e+00 1.5561e+05 0.0000e+00
1.7300e+03 1.1976e-11 8.5244e-01 1.7012e+03 1.7999e+03 1.9980e+03 1.7281e+18 1.6748e+18 1.6748e+18 2.7517e-02 0.0000e+00 1.5603e+05 0.0000e+00
1.7400e+03 1.1938e-11 8.5239e-01 1.7006e+03 1.7993e+03 1.9980e+03 1.7407e+18 1.6863e+18 1.6863e+18 2.7431e-02 0.0000e+00 1.5646e+05 0.0000e+00
1.7500e+03 1.1901e-11 8.5234e-01 1.7001e+03 1.7987e+03 1.9980e+03 1.7534e+18 1.6978e+18 1.6978e+18 2.7346e-02 0.0000e+00 1.5689e+05 0.0000e+00
1.7600e+03 1.1863e-11 8.5229e-01 1.6996e+03 1.7982e+03 1.9980e+03 1.7661e+18 1.7094e+18 1.7094e+18 2.7261e-02 0.0000e+00 1.5732e+05 0.0000e+00
1.7700e+03 1.1826e-11 8.5225e-01 1.6990e+03 1.7976e+03 1.9980e+03 1.7789e+18 1.7211e+18 1.7211e+18 2.7177e-02 0.0000e+00 1.5775e+05 0.0000e+00
1.7800e+03 1.1789e-11 8.5221e-01 1.6985e+03 1.7970e+03 1.9980e+03 1.7917e+18 1.7328e+18 1.7328e+18 2.7093e-02 0.0000e+00 1.5818e+05 0.0000e+00
1.7900e+03 1.1752e-11 8.5218e-01 1.6979e+03 1.7965e+03 1.9980e+03 1.8046e+18 1.7445e+18 1.7445e+18 2.7009e-02 0.0000e+00 1.5861e+05 0.0000e+00
1.8000e+03 1.1715e-11 8.5215e-01 1.6974e+03 1.7959e+03 1.9980e+03 1.8176e+18 1.7563e+18 1.7563e+18 2.6926e-02 0.0000e+00 1.5903e+05 0.0000e+00
1.8100e+03 1.1679e-11 8.5213e-01 1.6969e+03 1.7953e+03 1.9980e+03 1.8307e+18 1.7682e+18 1.7682e+18 2.6844e-02 0.0000e+00 1.5946e+05 0.0000e+00
1.8200e+03 1.1643e-11 8.5211e-01 1.6963e+03 1.7948e+03 1.9980e+03 1.8438e+18 1.7801e+18 1.7801e+18 2.6762e-02 0.0000e+00 1.5989e+05 0.0000e+00
1.8300e+03 1.1607e-11 8.5209e-01 1.6958e+03 1.7942e+03 1.9980e+03 1.8570e+18 1.7920e+18 1.7920e+18 2.6680e-02 0.0000e+00 1.6032e+05 0.0000e+00
1.8400e+03 1.1572e-11 8.5207e-01 1.6953e+03 1.7936e+03 1.9980e+03 1.8702e+18 1.8041e+18 1.8041e+18 2.6599e-02 0.0000e+00 1.6075e+05 0.0000e+00
1.8500e+03 1.1537e-11 8.5206e-01 1.6948e+03 1.7931e+03 1.9980e+03 1.8835e+18 1.8161e+18 1.8161e+18 2.6518e-02 0.0000e+00 1.6118e+05 0.0000e+00
1.8600e+03 1.1502e-11 8.5206e-01 1.6942e+03 1.7925e+03 1.9980e+03 1.8969e+18 1.8282e+18 1.8282e+18 2.6438e-02 0.0000e+00 1.6161e+05 0.0000e+00
1.8700e+03 1.1467e-11 8.5205e-01 1.6937e+03 1.7920e+03 1.9980e+03 1.9104e+18 1.8404e+18 1.8404e+18 2.6358e-02 0.0000e+00 1.6204e+05 0.0000e+00
1.8800e+03 1.1432e-11 8.5205e-01 1.6932e+03 1.7914e+03 1.9980e+03 1.9239e+18 1.8526e+18 1.8526e+18 2.6278e-02 0.0000e+00 1.6247e+05 0.0000e+00
1.8900e+03 1.1398e-11 8.5205e-01 1.6927e+03 1.7909e+03 1.9980e+03 1.9374e+18 1.8649e+18 1.8649e+18 2.6199e-02 0.0000e+00 1.6290e+05 0.0000e+00
1.9000e+03 1.1364e-11 8.5206e-01 1.6921e+03 1.7903e+03 1.9980e+03 1.9511e+18 1.8772e+18 1.8772e+18 2.6121e-02 0.0000e+00 1.6333e+05 0.0000e+00
1.9100e+03 1.1330e-11 8.5207e-01 1.6916e+03 1.7898e+03 1.9980e+03 1.9648e+18 1.8896e+18 1.8896e+18 2.6043e-02 0.0000e+00 1.6376e+05 0.0000e+00
1.9200e+03 1.1296e-11 8.5208e-01 1.6911e+03 1.7892e+03 1.9980e+03 1.9786e+18 1.9021e+18 1.9021e+18 2.5965e-02 0.0000e+00 1.6419e+05 0.0000e+00
1.9300e+03 1.1263e-11 8.5210e-01 1.6906e+03 1.7887e+03 1.9980e+03 1.9924e+18 1.9145e+18 1.9145e+18 2.5888e-02 0.0000e+00 1.6462e+05 0.0000e+00
1.9400e+03 1.1230e-11 8.5211e-01 1.6901e+03 1.7881e+03 1.9980e+03 2.0063e+18 1.9271e+18 1.9271e+18 2.5811e-02 0.0000e+00 1.6505e+05 0.0000e+00
1.9500e+03 1.1197e-11 8.5213e-01 1.6896e+03 1.7876e+03 1.9980e+03 2.0203e+18 1.9396e+18 1.9396e+18 2.5734e-02 0.0000e+00 1.6549e+05 0.0000e+00
1.9600e+03 1.1164e-11 8.5216e-01 1.6890e+03 1.7870e+03 1.9980e+03 2.0343e+18 1.9523e+18 1.9523e+18 2.5658e-02 0.0000e+00 1.6592e+05 0.0000e+00
1.9700e+03 1.1131e-11 8.5218e-01 1.6885e+03 1.7865e+03 1.9980e+03 2.0484e+18 1.9650e+18 1.9650e+18 2.5583e-02 0.0000e+00 1.6635e+05 0.0000e+00
1.9800e+03 1.1099e-11 8.5221e-01 1.6880e+03 1.7860e+03 1.9980e+03 2.0626e+18 1.9777e+18 1.9777e+18 2.5508e-02 0.0000e+00 1.6678e+05 0.0000e+00
1.9900e+03 1.1067e-11 8.5224e-01 1.6875e+03 1.7854e+03 1.9980e+03 2.0768e+18 1.9905e+18 1.9905e+18 2.5433e-02 0.0000e+00 1.6721e+05 0.0000e+00
2.0000e+03 1.1035e-11 8.5228e-01 1.6870e+03 1.7849e+03 1.9980e+03 2.0911e+18 2.0033e+18 2.0033e+18 2.5359e-02 0.0000e+00 1.6764e+05 0.0000e+00
2.0100e+03 1.1003e-11 8.5232e-01 1.6865e+03 1.7844e+03 1.9980e+03 2.1054e+18 2.0162e+18 2.0162e+18 2.5285e-02 0.0000e+00 1.6807e+05 0.0000e+00
2.0200e+03 1.0972e-11 8.5235e-01 1.6860e+03 1.7838e+03 1.9980e+03 2.1198e+18 2.0291e+18 2.0291e+18 2.5211e-02 0.0000e+00 1.6850e+05 0.0000e+00
2.0300e+03 1.0941e-11 8.5240e-01 1.6855e+03 1.7833e+03 1.9980e+03 2.1343e+18 2.0421e+18 2.0421e+18 2.5138e-02 0.0000e+00 1.6893e+05 0.0000e+00
2.0400e+03 1.0909e-11 8.5244e-01 1.6850e+03 1.7828e+03 1.9980e+03 2.1489e+18 2.0551e+18 2.0551e+18 2.5065e-02 0.0000e+00 1.6936e+05 0.0000e+00
2.0500e+03 1.0879e-11 8.5249e-01 1.6845e+03 1.7823e+03 1.9980e+03 2.1635e+18 2.0682e+18 2.0682e+18 2.4993e-02 0.0000e+00 1.6979e+05 0.0000e+00
2.0600e+03 1.0848e-11 8.5253e-01 1.6840e+03 1.7817e+03 1.9980e+03 2.1781e+18 2.0813e+18 2.0813e+18 2.4921e-02 0.0000e+00 1.7022e+05 0.0000e+00
2.0700e+03 1.0817e-11 8.5259e-01 1.6835e+03 1.7812e+03 1.9980e+03 2.1929e+18 2.0945e+18 2.0945e+18 2.4850e-02 0.0000e+00 1.7065e+05 0.0000e+00
2.0800e+03 1.0787e-11 8.5264e-01 1.6830e+03 1.7807e+03 1.9980e+03 2.2077e+18 2.1077e+18 2.1077e+18 2.4779e-02 0.0000e+00 1.7108e+05 0.0000e+00
2.0900e+03 1.0757e-11 8.5269e-01 1.6826e+03 1.7802e+03 1.9980e+03 2.2225e+18 2.1210e+18 2.1210e+18 2.4708e-02 0.0000e+00 1.7151e+05 0.0000e+00
2.1000e+03 1.0727e-11 8.5275e-01 1.6821e+03 1.7797e+03 1.9980e+03 2.2375e+18 2.1343e+18 2.1343e+18 2.4638e-02 0.0000e+00 1.7194e+05 0.0000e+00
2.1100e+03 1.0698e-11 8.5281e-01 1.6816e+03 1.7791e+03 1.9980e+03 2.2524e+18 2.1477e+18 2.1477e+18 2.4568e-02 0.0000e+00 1.7237e+05 0.0000e+00
2.1200e+03 1.0668e-11 8.5287e-01 1.6811e+03 1.7786e+03 1.9980e+03 2.2675e+18 2.1611e+18 2.1611e+18 2.4498e-02 0.0000e+00 1.7280e+05 0.0000e+00
2.1300e+03 1.0639e-11 8.5294e-01 1.6806e+03 1.7781e+03 1.9980e+03 2.2826e+18 2.1746e+18 2.1746e+18 2.4429e-02 0.0000e+00 1.7323e+05 0.0000e+00
2.1400e+03 1.0610e-11 8.5300e-01 1.6801e+03 1.7776e+03 1.9980e+03 2.2978e+18 2.1881e+18 2.1881e+18 2.4360e-02 0.0000e+00 1.7366e+05 0.0000e+00
2.1500e+03 1.0581e-11 8.5307e-01 1.6796e+03 1.7771e+03 1.9980e+03 2.3130e+18 2.2017e+18 2.2017e+18 2.4292e-02 0.0000e+00 1.7409e+05 0.0000e+00
2.1600e+03 1.0552e-11 8.5314e-01 1.6792e+03 1.7766e+03 1.9980e+03 2.3283e+18 2.2153e+18 2.2153e+18 2.4224e-02 0.0000e+00 1.7452e+05 0.0000e+00
2.1700e+03 1.0523e-11 8.5321e-01 1.6787e+03 1.7761e+03 1.9980e+03 2.3437e+18 2.2289e+18 2.2289e+18 2.4156e-02 0.0000e+00 1.7495e+05 0.0000e+00
2.1800e+03 1.0495e-11 8.5328e-01 1.6782e+03 1.7756e+03 1.9980e+03 2.3591e+18 2.2426e+18 2.2426e+18 2.4089e-02 0.0000e+00 1.7538e+05 0.0000e+00
2.1900e+03 1.0467e-11 8.5336e-01 1.6777e+03 1.7751e+03 1.9980e+03 2.3746e+18 2.2564e+18 2.2564e+18 2.4022e-02 0.0000e+00 1.7581e+05 0.0000e+00
2.2000e+03 1.0439e-11 8.5343e-01 1.6773e+03 1.7746e+03 1.9980e+03 2.3902e+18 2.2702e+18 2.2702e+18 2.3956e-02 0.0000e+00 1.7623e+05 0.0000e+00
2.2100e+03 1.0411e-11 8.5351e-01 1.6768e+03 1.7741e+03 1.9980e+03 2.4058e+18 2.2840e+18 2.2840e+18 2.3890e-02 0.0000e+00 1.7666e+05 0.0000e+00
2.2200e+03 1.0383e-11 8.5359e-01 1.6763e+03 1.7736e+03 1.9980e+03 2.4214e+18 2.2979e+18 2.2979e+18 2.3824e-02 0.0000e+00 1.7709e+05 0.0000e+00
2.2300e+03 1.0356e-11 8.5367e-01 1.6759e+03 1.7731e+03 1.9980e+03 2.4372e+18 2.3118e+18 2.3118e+18 2.3758e-02 0.0000e+00 1.7752e+05 0.0000e+00
2.2400e+03 1.0328e-11 8.5375e-01 1.6754e+03 1.7726e+03 1.9980e+03 2.4530e+18 2.3258e+18 2.3258e+18 2.3693e-02 0.0000e+00 1.7795e+05 0.0000e+00
2.2500e+03 1.0301e-11 8.5384e-01 1.6749e+03 1.7721e+03 1.9980e+03 2.4688e+18 2.3398e+18 2.3398e+18 2.3629e-02 0.0000e+00 1.7838e+05 0.0000e+00
2.2600e+03 1.0274e-11 8.5392e-01 1.6745e+03 1.7716e+03 1.9980e+03 2.4848e+18 2.3539e+18 2.3539e+18 2.3564e-02 0.0000e+00 1.7880e+05 0.0000e+00
2.2700e+03 1.0247e-11 8.5401e-01 1.6740e+03 1.7711e+03 1.9980e+03 2.5007e+18 2.3680e+18 2.3680e+18 2.3501e-02 0.0000e+00 1.7923e+05 0.0000e+00
2.2800e+03 1.0221e-11 8.5410e-01 1.6735e+03 1.7706e+03 1.9980e+03 2.5168e+18 2.3822e+18 2.3822e+18 2.3437e-02 0.0000e+00 1.7966e+05 0.0000e+00
2.2900e+03 1.0194e-11 8.5419e-01 1.6731e+03 1.7702e+03 1.9980e+03 2.5329e+18 2.3964e+18 2.3964e+18 2.3374e-02 0.0000e+00 1.8009e+05 0.0000e+00
2.3000e+03 1.0168e-11 8.5428e-01 1.6726e+03 1.7697e+03 1.9980e+03 2.5490e+18 2.4106e+18 2.4106e+18 2.3311e-02 0.0000e+00 1.8051e+05 0.0000e+00
2.3100e+03 1.0142e-11 8.5438e-01 1.6722e+03 1.7692e+03 1.9980e+03 2.5653e+18 2.4249e+18 2.4249e+18 2.3248e-02 0.0000e+00 1.8094e+05 0.0000e+00
2.3200e+03 1.0116e-11 8.5447e-01 1.6717e+03 1.7687e+03 1.9980e+03 2.5816e+18 2.4393e+18 2.4393e+18 2.3186e-02 0.0000e+00 1.8137e+05 0.0000e+00
2.3300e+03 1.0090e-11 8.5457e-01 1.6713e+03 1.7682e+03 1.9980e+03 2.5979e+18 2.4536e+18 2.4536e+18 2.3124e-02 0.0000e+00 1.8179e+05 0.0000e+00
2.3400e+03 1.0064e-11 8.5467e-01 1.6708e+03 1.7678e+03 1.9980e+03 2.6143e+18 2.4681e+18 2.4681e+18 2.3063e-02 0.0000e+00 1.8222e+05 0.0000e+00
2.3500e+03 1.0038e-11 8.5476e-01 1.6704e+03 1.7673e+03 1.9980e+03 2.6308e+18 2.4826e+18 2.4826e+18 2.3001e-02 0.0000e+00 1.8264e+05 0.0000e+00
2.3600e+03 1.0013e-11 8.5486e-01 1.6699e+03 1.7668e+03 1.9980e+03 2.6473e+18 2.4971e+18 2.4971e+18 2.2941e-02 0.0000e+00 1.8307e+05 0.0000e+00
2.3700e+03 9.9879e-12 8.5497e-01 1.6695e+03 1.7663e+03 1.9980e+03 2.6639e+18 2.5116e+18 2.5116e+18 2.2880e-02 0.0000e+00 1.8350e+05 0.0000e+00
2.3800e+03 9.9628e-12 8.5507e-01 1.6690e+03 1.7659e+03 1.9980e+03 2.6806e+18 2.5262e+18 2.5262e+18 2.2820e-02 0.0000e+00 1.8392e+05 0.0000e+00
2.3900e+03 9.9379e-12 8.5517e-01 1.6686e+03 1.7654e+03 1.9980e+03 2.6973e+18 2.5409e+18 2.5409e+18 2.2760e-02 0.0000e+00 1.8435e+05 0.0000e+00
2.4000e+03 9.9131e-12 8.5528e-01 1.6681e+03 1.7649e+03 1.9980e+03 2.7140e+18 2.5556e+18 2.5556e+18 2.2701e-02 0.0000e+00 1.8477e+05 0.0000e+00
2.4100e+03 9.8885e-12 8.5538e-01 1.6677e+03 1.7645e+03 1.9980e+03 2.7309e+18 2.5703e+18 2.5703e+18 2.2641e-02 0.0000e+00 1.8520e+05 0.0000e+00
2.4200e+03 9.8640e-12 8.5549e-01 1.6673e+03 1.7640e+03 1.9980e+03 2.7478e+18 2.5851e+18 2.5851e+18 2.2583e-02 0.0000e+00 1.8562e+05 0.0000e+00
2.4300e+03 9.8397e-12 8.5560e-01 1.6668e+03 1.7635e+03 1.9980e+03 2.7647e+18 2.5999e+18 2.5999e+18 2.2524e-02 0.0000e+00 1.8604e+05 0.0000e+00
2.4400e+03 9.8155e-12 8.5571e-01 1.6664e+03 1.7631e+03 1.9980e+03 2.7817e+18 2.6148e+18 2.6148e+18 2.2466e-02 0.0000e+00 1.8647e+05 0.0000e+00
2.4500e+03 9.7915e-12 8.5582e-01 1.6659e+03 1.7626e+03 1.9980e+03 2.7988e+18 2.6297e+18 2.6297e+18 2.2408e-02 0.0000e+00 1.8689e+05 0.0000e+00
2.4600e+03 9.7676e-12 8.5593e-01 1.6655e+03 1.7621e+03 1.9980e+03 2.8159e+18 2.6446e+18 2.6446e+18 2.2350e-02 0.0000e+00 1.8731e+05 0.0000e+00
2.4700e+03 9.7438e-12 8.5604e-01 1.6651e+03 1.7617e+03 1.9980e+03 2.8331e+18 2.6596e+18 2.6596e+18 2.2293e-02 0.0000e+00 1.8774e+05 0.0000e+00
2.4800e+03 9.7202e-12 8.5615e-01 1.6647e+03 1.7612e+03 1.9980e+03 2.8504e+18 2.6747e+18 2.6747e+18 2.2236e-02 0.0000e+00 1.8816e+05 0.0000e+00
2.4900e+03 9.6967e-12 8.5627e-01 1.6642e+03 1.7608e+03 1.9980e+03 2.8677e+18 2.6897e+18 2.6897e+18 2.2179e-02 0.0000e+00 1.8858e+05 0.0000e+00
2.5000e+03 9.6734e-12 8.5638e-01 1.6638e+03 1.7603e+03 1.9980e+03 2.8850e+18 2.7049e+18 2.7049e+18 2.2123e-02 0.0000e+00 1.8901e+05 0.0000e+00
2.5100e+03 9.6502e-12 8.5650e-01 1.6634e+03 1.7599e+03 1.9980e+03 2.9024e+18 2.7200e+18 2.7200e+18 2.2067e-02 0.0000e+00 1.8943e+05 0.0000e+00
2.5200e+03 9.6271e-12 8.5661e-01 1.6629e+03 1.7594e+03 1.9980e+03 2.9199e+18 2.7352e+18 2.7352e+18 2.2011e-02 0.0000e+00 1.8985e+05 0.0000e+00
2.5300e+03 9.6042e-12 8.5673e-01 1.6625e+03 1.7590e+03 1.9980e+03 2.9375e+18 2.7505e+18 2.7505e+18 2.1956e-02 0.0000e+00 1.9027e+05 0.0000e+00
2.5400e+03 9.5814e-12 8.5685e-01 1.6621e+03 1.7585e+03 1.9980e+03 2.9551e+18 2.7658e+18 2.7658e+18 2.1901e-02 0.0000e+00 1.9069e+05 0.0000e+00
2.5500e+03 9.5588e-12 8.5697e-01 1.6617e+03 1.7581e+03 1.9980e+03 2.9727e+18 2.7811e+18 2.7811e+18 2.1846e-02 0.0000e+00 1.9111e+05 0.0000e+00
2.5600e+03 9.5362e-12 8.5709e-01 1.6613e+03 1.7576e+03 1.9980e+03 2.9904e+18 2.7964e+18 2.7964e+18 2.1791e-02 0.0000e+00 1.9153e+05 0.0000e+00
2.5700e+03 9.5138e-12 8.5721e-01 1.6608e+03 1.7572e+03 1.9980e+03 3.0082e+18 2.8119e+18 2.8119e+18 2.1737e-02 0.0000e+00 1.9195e+05 0.0000e+00
2.5800e+03 9.4916e-12 8.5733e-01 1.6604e+03 1.7568e+03 1.9980e+03 3.0261e+18 2.8273e+18 2.8273e+18 2.1683e-02 0.0000e+00 1.9237e+05 0.0000e+00
2.5900e+03 9.4694e-12 8.5745e-01 1.6600e+03 1.7563e+03 1.9980e+03 3.0439e+18 2.8428e+18 2.8428e+18 2.1630e-02 0.0000e+00 1.9279e+05 0.0000e+00
2.6000e+03 9.4474e-12 8.5758e-01 1.6596e+03 1.7559e+03 1.9980e+03 3.0619e+18 2.8583e+18 2.8583e+18 2.1576e-02 0.0000e+00 1.9321e+05 0.0000e+00
2.6100e+03 9.4255e-12 8.5770e-01 1.6592e+03 1.7554e+03 1.9980e+03 3.0799e+18 2.8739e+18 2.8739e+18 2.1523e-02 0.0000e+00 1.9363e+05 0.0000e+00
2.6200e+03 9.4038e-12 8.5783e-01 1.6588e+03 1.7550e+03 1.9980e+03 3.0980e+18 2.8895e+18 2.8895e+18 2.1470e-02 0.0000e+00 1.9405e+05 0.0000e+00
2.6300e+03 9.3821e-12 8.5795e-01 1.6584e+03 1.7546e+03 1.9980e+03 3.1161e+18 2.9052e+18 2.9052e+18 2.1418e-02 0.0000e+00 1.9447e+05 0.0000e+00
2.6400e+03 9.3606e-12 8.5808e-01 1.6580e+03 1.7541e+03 1.9980e+03 3.1343e+18 2.9209e+18 2.9209e+18 2.1365e-02 0.0000e+00 1.9489e+05 0.0000e+00
2.6500e+03 9.3392e-12 8.5820e-01 1.6575e+03 1.7537e+03 1.9980e+03 3.1525e+18 2.9366e+18 2.9366e+18 2.1314e-02 0.0000e+00 1.9531e+05 0.0000e+00
2.6600e+03 9.3180e-12 8.5833e-01 1.6571e+03 1.7533e+03 1.9980e+03 3.1708e+18 2.9524e+18 2.9524e+18 2.1262e-02 0.0000e+00 1.9572e+05 0.0000e+00
2.6700e+03 9.2968e-12 8.5846e-01 1.6567e+03 1.7529e+03 1.9980e+03 3.1891e+18 2.9682e+18 2.9682e+18 2.1210e-02 0.0000e+00 1.9614e+05 0.0000e+00
2.6800e+03 9.2758e-12 8.5859e-01 1.6563e+03 1.7524e+03 1.9980e+03 3.2076e+18 2.9840e+18 2.9840e+18 2.1159e-02 0.0000e+00 1.9656e+05 0.0000e+00
2.6900e+03 9.2549e-12 8.5872e-01 1.6559e+03 1.7520e+03 1.9980e+03 3.2260e+18 2.9999e+18 2.9999e+18 2.1108e-02 0.0000e+00 1.9697e+05 0.0000e+00
2.7000e+03 9.2341e-12 8.5885e-01 1.6555e+03 1.7516e+03 1.9980e+03 3.2445e+18 3.0158e+18 3.0158e+18 2.1058e-02 0.0000e+00 1.9739e+05 0.0000e+00
2.7100e+03 9.2134e-12 8.5898e-01 1.6551e+03 1.7512e+03 1.9980e+03 3.2631e+18 3.0318e+18 3.0318e+18 2.1007e-02 0.0000e+00 1.9781e+05 0.0000e+00
2.7200e+03 9.1928e-12 8.5911e-01 1.6547e+03 1.7507e+03 1.9980e+03 3.2818e+18 3.0478e+18 3.0478e+18 2.0957e-02 0.0000e+00 1.9822e+05 0.0000e+00
2.7300e+03 9.1724e-12 8.5924e-01 1.6543e+03 1.7503e+03 1.9980e+03 3.3005e+18 3.0639e+18 3.0639e+18 2.0908e-02 0.0000e+00 1.9864e+05 0.0000e+00
2.7400e+03 9.1521e-12 8.5937e-01 1.6539e+03 1.7499e+03 1.9980e+03 3.3192e+18 3.0800e+18 3.0800e+18 2.0858e-02 0.0000e+00 1.9905e+05 0.0000e+00
2.7500e+03 9.1318e-12 8.5950e-01 1.6536e+03 1.7495e+03 1.9980e+03 3.3380e+18 3.0961e+18 3.0961e+18 2.0809e-02 0.0000e+00 1.9947e+05 0.0000e+00
2.7600e+03 9.1117e-12 8.5963e-01 1.6532e+03 1.7491e+03 1.9980e+03 3.3569e+18 3.1122e+18 3.1122e+18 2.0760e-02 0.0000e+00 1.9988e+05 0.0000e+00
2.7700e+03 9.0917e-12 8.5977e-01 1.6528e+03 1.7487e+03 1.9980e+03 3.3758e+18 3.1284e+18 3.1284e+18 2.0711e-02 0.0000e+00 2.0029e+05 0.0000e+00
2.7800e+03 9.0718e-12 8.5990e-01 1.6524e+03 1.7483e+03 1.9980e+03 3.3948e+18 3.1447e+18 3.1447e+18 2.0662e-02 0.0000e+00 2.0071e+05 0.0000e+00
2.7900e+03 9.0521e-12 8.6003e-01 1.6520e+03 1.7478e+03 1.9980e+03 3.4138e+18 3.1610e+18 3.1610e+18 2.0614e-02 0.0000e+00 2.0112e+05 0.0000e+00
2.8000e+03 9.0324e-12 8.6017e-01 1.6516e+03 1.7474e+03 1.9980e+03 3.4329e+18 3.1773e+18 3.1773e+18 2.0566e-02 0.0000e+00 2.0154e+05 0.0000e+00
2.8100e+03 9.0128e-12 8.6030e-01 1.6512e+03 1.7470e+03 1.9980e+03 3.4520e+18 3.1936e+18 3.1936e+18 2.0518e-02 0.0000e+00 2.0195e+05 0.0000e+00
2.8200e+03 8.9934e-12 8.6044e-01 1.6508e+03 1.7466e+03 1.9980e+03 3.4712e+18 3.2100e+18 3.2100e+18 2.0471e-02 0.0000e+00 2.0236e+05 0.0000e+00
2.8300e+03 8.9740e-12 8.6057e-01 1.6504e+03 1.7462e+03 1.9980e+03 3.4905e+18 3.2265e+18 3.2265e+18 2.0424e-02 0.0000e+00 2.0277e+05 0.0000e+00
2.8400e+03 8.9548e-12 8.6071e-01 1.6501e+03 1.7458e+03 1.9980e+03 3.5098e+18 3.2429e+18 3.2429e+18 2.0377e-02 0.0000e+00 2.0318e+05 0.0000e+00
2.8500e+03 8.9356e-12 8.6085e-01 1.6497e+03 1.7454e+03 1.9980e+03 3.5292e+18 3.2594e+18 3.2594e+18 2.0330e-02 0.0000e+00 2.0360e+05 0.0000e+00
2.8600e+03 8.9166e-12 8.6098e-01 1.6493e+03 1.7450e+03 1.9980e+03 3.5486e+18 3.2760e+18 3.2760e+18 2.0283e-02 0.0000e+00 2.0401e+05 0.0000e+00
2.8700e+03 8.8977e-12 8.6112e-01 1.6489e+03 1.7446e+03 1.9980e+03 3.5681e+18 3.2925e+18 3.2925e+18 2.0237e-02 0.0000e+00 2.0442e+05 0.0000e+00
2.8800e+03 8.8788e-12 8.6126e-01 1.6486e+03 1.7442e+03 1.9980e+03 3.5876e+18 3.3092e+18 3.3092e+18 2.0191e-02 0.0000e+00 2.0483e+05 0.0000e+00
2.8900e+03 8.8601e-12 8.6139e-01 1.6482e+03 1.7438e+03 1.9980e+03 3.6072e+18 3.3258e+18 3.3258e+18 2.0145e-02 0.0000e+00 2.0524e+05 0.0000e+00
2.9000e+03 8.8415e-12 8.6153e-01 1.6478e+03 1.7434e+03 1.9980e+03 3.6268e+18 3.3425e+18 3.3425e+18 2.0100e-02 0.0000e+00 2.0565e+05 0.0000e+00
2.9100e+03 8.8229e-12 8.6167e-01 1.6474e+03 1.7430e+03 1.9980e+03 3.6465e+18 3.3592e+18 3.3592e+18 2.0054e-02 0.0000e+00 2.0606e+05 0.0000e+00
2.9200e+03 8.8045e-12 8.6181e-01 1.6471e+03 1.7426e+03 1.9980e+03 3.6663e+18 3.3760e+18 3.3760e+18 2.0009e-02 0.0000e+00 2.0646e+05 0.0000e+00
2.9300e+03 8.7861e-12 8.6195e-01 1.6467e+03 1.7422e+03 1.9980e+03 3.6861e+18 3.3928e+18 3.3928e+18 1.9964e-02 0.0000e+00 2.0687e+05 0.0000e+00
2.9400e+03 8.7679e-12 8.6209e-01 1.6463e+03 1.7418e+03 1.9980e+03 3.7060e+18 3.4096e+18 3.4096e+18 1.9920e-02 0.0000e+00 2.0728e+05 0.0000e+00
2.9500e+03 8.7497e-12 8.6222e-01 1.6459e+03 1.7414e+03 1.9980e+03 3.7259e+18 3.4265e+18 3.4265e+18 1.9875e-02 0.0000e+00 2.0769e+05 0.0000e+00
2.9600e+03 8.7317e-12 8.6236e-01 1.6456e+03 1.7411e+03 1.9980e+03 3.7458e+18 3.4434e+18 3.4434e+18 1.9831e-02 0.0000e+00 2.0810e+05 0.0000e+00
2.9700e+03 8.7137e-12 8.6250e-01 1.6452e+03 1.7407e+03 1.9980e+03 3.7659e+18 3.4603e+18 3.4603e+18 1.9787e-02 0.0000e+00 2.0850e+05 0.0000e+00
2.9800e+03 8.6959e-12 8.6264e-01 1.6448e+03 1.7403e+03 1.9980e+03 3.7860e+18 3.4773e+18 3.4773e+18 1.9743e-02 0.0000e+00 2.0891e+05 0.0000e+00
2.9900e+03 8.6781e-12 8.6278e-01 1.6445e+03 1.7399e+03 1.9980e+03 3.8061e+18 3.4943e+18 3.4943e+18 1.9700e-02 0.0000e+00 2.0932e+05 0.0000e+00
3.0000e+03 8.6604e-12 8.6292e-01 1.6441e+03 1.7395e+03 1.9980e+03 3.8263e+18 3.5114e+18 3.5114e+18 1.9656e-02 0.0000e+00 2.0972e+05 0.0000e+00
3.0100e+03 8.6428e-12 8.6306e-01 1.6438e+03 1.7391e+03 1.9980e+03 3.8465e+18 3.5285e+18 3.5285e+18 1.9613e-02 0.0000e+00 2.1013e+05 0.0000e+00
3.0200e+03 8.6253e-12 8.6320e-01 1.6434e+03 1.7387e+03 1.9980e+03 3.8668e+18 3.5456e+18 3.5456e+18 1.9570e-02 0.0000e+00 2.1053e+05 0.0000e+00
3.0300e+03 8.6079e-12 8.6334e-01 1.6430e+03 1.7384e+03 1.9980e+03 3.8872e+18 3.5627e+18 3.5627e+18 1.9528e-02 0.0000e+00 2.1094e+05 0.0000e+00
3.0400e+03 8.5906e-12 8.6349e-01 1.6427e+03 1.7380e+03 1.9980e+03 3.9076e+18 3.5799e+18 3.5799e+18 1.9485e-02 0.0000e+00 2.1134e+05 0.0000e+00
3.0500e+03 8.5734e-12 8.6363e-01 1.6423e+03 1.7376e+03 1.9980e+03 3.9280e+18 3.5972e+18 3.5972e+18 1.9443e-02 0.0000e+00 2.1175e+05 0.0000e+00
3.0600e+03 8.5562e-12 8.6377e-01 1.6420e+03 1.7372e+03 1.9980e+03 3.9486e+18 3.6144e+18 3.6144e+18 1.9401e-02 0.0000e+00 2.1215e+05 0.0000e+00
3.0700e+03 8.5392e-12 8.6391e-01 1.6416e+03 1.7369e+03 1.9980e+03 3.9691e+18 3.6317e+18 3.6317e+18 1.9359e-02 0.0000e+00 2.1255e+05 0.0000e+00
3.0800e+03 8.5222e-12 8.6405e-01 1.6413e+03 1.7365e+03 1.9980e+03 3.9897e+18 3.6491e+18 3.6491e+18 1.9317e-02 0.0000e+00 2.1296e+05 0.0000e+00
3.0900e+03 8.5053e-12 8.6419e-01 1.6409e+03 1.7361e+03 1.9980e+03 4.0104e+18 3.6664e+18 3.6664e+18 1.9276e-02 0.0000e+00 2.1336e+05 0.0000e+00
3.1000e+03 8.4885e-12 8.6433e-01 1.6406e+03 1.7357e+03 1.9980e+03 4.0311e+18 3.6838e+18 3.6838e+18 1.9235e-02 0.0000e+00 2.1376e+05 0.0000e+00
3.1100e+03 8.4718e-12 8.6447e-01 1.6402e+03 1.7354e+03 1.9980e+03 4.0519e+18 3.7013e+18 3.7013e+18 1.9194e-02 0.0000e+00 2.1416e+05 0.0000e+00
3.1200e+03 8.4552e-12 8.6461e-01 1.6399e+03 1.7350e+03 1.9980e+03 4.0728e+18 3.7187e+18 3.7187e+18 1.9153e-02 0.0000e+00 2.1457e+05 0.0000e+00
3.1300e+03 8.4386e-12 8.6476e-01 1.6395e+03 1.7346e+03 1.9980e+03 4.0936e+18 3.7362e+18 3.7362e+18 1.9112e-02 0.0000e+00 2.1497e+05 0.0000e+00
3.1400e+03 8.4222e-12 8.6490e-01 1.6392e+03 1.7343e+03 1.9980e+03 4.1146e+18 3.7538e+18 3.7538e+18 1.9072e-02 0.0000e+00 2.1537e+05 0.0000e+00
3.1500e+03 8.4058e-12 8.6504e-01 1.6388e+03 1.7339e+03 1.9980e+03 4.1356e+18 3.7713e+18 3.7713e+18 1.9032e-02 0.0000e+00 2.1577e+05 0.0000e+00
3.1600e+03 8.3895e-12 8.6518e-01 1.6385e+03 1.7335e+03 1.9980e+03 4.1566e+18 3.7889e+18 3.7889e+18 1.8992e-02 0.0000e+00 2.1617e+05 0.0000e+00
3.1700e+03 8.3733e-12 8.6532e-01 1.6381e+03 1.7332e+03 1.9980e+03 4.1777e+18 3.8066e+18 3.8066e+18 1.8952e-02 0.0000e+00 2.1657e+05 0.0000e+00
3.1800e+03 8.3571e-12 8.6546e-01 1.6378e+03 1.7328e+03 1.9980e+03 4.1989e+18 3.8242e+18 3.8242e+18 1.8912e-02 0.0000e+00 2.1697e+05 0.0000e+00
3.1900e+03 8.3411e-12 8.6561e-01 1.6374e+03 1.7324e+03 1.9980e+03 4.2201e+18 3.8419e+18 3.8419e+18 1.8873e-02 0.0000e+00 2.1737e+05 0.0000e+00
3.2000e+03 8.3251e-12 8.6575e-01 1.6371e+03 1.7321e+03 1.9980e+03 4.2413e+18 3.8597e+18 3.8597e+18 1.8834e-02 0.0000e+00 2.1777e+05 0.0000e+00
3.2100e+03 8.3092e-12 8.6589e-01 1.6368e+03 1.7317e+03 1.9980e+03 4.2627e+18 3.8775e+18 3.8775e+18 1.8795e-02 0.0000e+00 2.1816e+05 0.0000e+00
3.2200e+03 8.2934e-12 8.6603e-01 1.6364e+03 1.7314e+03 1.9980e+03 4.2840e+18 3.8953e+18 3.8953e+18 1.8756e-02 0.0000e+00 2.1856e+05 0.0000e+00
3.2300e+03 8.2776e-12 8.6617e-01 1.6361e+03 1.7310e+03 1.9980e+03 4.3054e+18 3.9131e+18 3.9131e+18 1.8717e-02 0.0000e+00 2.1896e+05 0.0000e+00
3.2400e+03 8.2620e-12 8.6631e-01 1.6358e+03 1.7307e+03 1.9980e+03 4.3269e+18 3.9310e+18 3.9310e+18 1.8679e-02 0.0000e+00 2.1936e+05 0.0000e+00
3.2500e+03 8.2464e-12 8.6645e-01 1.6354e+03 1.7303e+03 1.9980e+03 4.3484e+18 3.9489e+18 3.9489e+18 1.8640e-02 0.0000e+00 2.1975e+05 0.0000e+00
3.2600e+03 8.2308e-12 8.6660e-01 1.6351e+03 1.7300e+03 1.9980e+03 4.3700e+18 3.9668e+18 3.9668e+18 1.8602e-02 0.0000e+00 2.2015e+05 0.0000e+00
3.2700e+03 8.2154e-12 8.6674e-01 1.6348e+03 1.7296e+03 1.9980e+03 4.3916e+18 3.9848e+18 3.9848e+18 1.8564e-02 0.0000e+00 2.2055e+05 0.0000e+00
3.2800e+03 8.2000e-12 8.6688e-01 1.6344e+03 1.7292e+03 1.9980e+03 4.4133e+18 4.0028e+18 4.0028e+18 1.8526e-02 0.0000e+00 2.2094e+05 0.0000e+00
3.2900e+03 8.1847e-12 8.6702e-01 1.6341e+03 1.7289e+03 1.9980e+03 4.4350e+18 4.0208e+18 4.0208e+18 1.8489e-02 0.0000e+00 2.2134e+05 0.0000e+00
3.3000e+03 8.1695e-12 8.6716e-01 1.6338e+03 1.7286e+03 1.9980e+03 4.4568e+18 4.0389e+18 4.0389e+18 1.8451e-02 0.0000e+00 2.2173e+05 0.0000e+00
3.3100e+03 8.1543e-12 8.6730e-01 1.6334e+03 1.7282e+03 1.9980e+03 4.4786e+18 4.0570e+18 4.0570e+18 1.8414e-02 0.0000e+00 2.2213e+05 0.0000e+00
3.3200e+03 8.1393e-12 8.6744e-01 1.6331e+03 1.7279e+03 1.9980e+03 4.5005e+18 4.0751e+18 4.0751e+18 1.8377e-02 0.0000e+00 2.2252e+05 0.0000e+00
3.3300e+03 8.1243e-12 8.6758e-01 1.6328e+03 1.7275e+03 1.9980e+03 4.5225e+18 4.0933e+18 4.0933e+18 1.8340e-02 0.0000e+00 2.2291e+05 0.0000e+00
3.3400e+03 8.1093e-12 8.6772e-01 1.6324e+03 1.7272e+03 1.9980e+03 4.5445e+18 4.1115e+18 4.1115e+18 1.8304e-02 0.0000e+00 2.2331e+05 0.0000e+00
3.3500e+03 8.0945e-12 8.6786e-01 1.6321e+03 1.7268e+03 1.9980e+03 4.5665e+18 4.1297e+18 4.1297e+18 1.8267e-02 0.0000e+00 2.2370e+05 0.0000e+00
3.3600e+03 8.0797e-12 8.6801e-01 1.6318e+03 1.7265e+03 1.9980e+03 4.5886e+18 4.1480e+18 4.1480e+18 1.8231e-02 0.0000e+00 2.2409e+05 0.0000e+00
3.3700e+03 8.0649e-12 8.6815e-01 1.6315e+03 1.7261e+03 1.9980e+03 4.6107e+18 4.1663e+18 4.1663e+18 1.8195e-02 0.0000e+00 2.2449e+05 0.0000e+00
3.3800e+03 8.0503e-12 8.6829e-01 1.6312e+03 1.7258e+03 1.9980e+03 4.6329e+18 4.1846e+18 4.1846e+18 1.8159e-02 0.0000e+00 2.2488e+05 0.0000e+00
3.3900e+03 8.0357e-12 8.6843e-01 1.6308e+03 1.7255e+03 1.9980e+03 4.6552e+18 4.2030e+18 4.2030e+18 1.8123e-02 0.0000e+00 2.2527e+05 0.0000e+00
3.4000e+03 8.0211e-12 8.6857e-01 1.6305e+03 1.7251e+03 1.9980e+03 4.6775e+18 4.2213e+18 4.2213e+18 1.8087e-02 0.0000e+00 2.2566e+05 0.0000e+00
3.4100e+03 8.0067e-12 8.6871e-01 1.6302e+03 1.7248e+03 1.9980e+03 4.6998e+18 4.2398e+18 4.2398e+18 1.8052e-02 0.0000e+00 2.2605e+05 0.0000e+00
3.4200e+03 7.9923e-12 8.6885e-01 1.6299e+03 1.7244e+03 1.9980e+03 4.7222e+18 4.2582e+18 4.2582e+18 1.8016e-02 0.0000e+00 2.2644e+05 0.0000e+00
3.4300e+03 7.9780e-12 8.6898e-01 1.6296e+03 1.7241e+03 1.9980e+03 4.7447e+18 4.2767e+18 4.2767e+18 1.7981e-02 0.0000e+00 2.2683e+05 0.0000e+00
3.4400e+03 7.9637e-12 8.6912e-01 1.6292e+03 1.7238e+03 1.9980e+03 4.7672e+18 4.2952e+18 4.2952e+18 1.7946e-02 0.0000e+00 2.2722e+05 0.0000e+00
3.4500e+03 7.9495e-12 8.6926e-01 1.6289e+03 1.7234e+03 1.9980e+03 4.7897e+18 4.3138e+18 4.3138e+18 1.7911e-02 0.0000e+00 2.2761e+05 0.0000e+00
3.4600e+03 7.9354e-12 8.6940e-01 1.6286e+03 1.7231e+03 1.9980e+03 4.8123e+18 4.3323e+18 4.3323e+18 1.7876e-02 0.0000e+00 2.2800e+05 0.0000e+00
3.4700e+03 7.9213e-12 8.6954e-01 1.6283e+03 1.7228e+03 1.9980e+03 4.8350e+18 4.3510e+18 4.3510e+18 1.7842e-02 0.0000e+00 2.2839e+05 0.0000e+00
3.4800e+03 7.9073e-12 8.6968e-01 1.6280e+03 1.7224e+03 1.9980e+03 4.8577e+18 4.3696e+18 4.3696e+18 1.7808e-02 0.0000e+00 2.2878e+05 0.0000e+00
3.4900e+03 7.8934e-12 8.6982e-01 1.6277e+03 1.7221e+03 1.9980e+03 4.8805e+18 4.3883e+18 4.3883e+18 1.7773e-02 0.0000e+00 2.2917e+05 0.0000e+00
3.5000e+03 7.8795e-12 8.6996e-01 1.6274e+03 1.7218e+03 1.9980e+03 4.9033e+18 4.4070e+18 4.4070e+18 1.7739e-02 0.0000e+00 2.2955e+05 0.0000e+00
3.5100e+03 7.8657e-12 8.7009e-01 1.6271e+03 1.7215e+03 1.9980e+03 4.9261e+18 4.4257e+18 4.4257e+18 1.7705e-02 0.0000e+00 2.2994e+05 0.0000e+00
3.5200e+03 7.8519e-12 8.7023e-01 1.6267e+03 1.7211e+03 1.9980e+03 4.9490e+18 4.4445e+18 4.4445e+18 1.7672e-02 0.0000e+00 2.3033e+05 0.0000e+00
3.5300e+03 7.8382e-12 8.7037e-01 1.6264e+03 1.7208e+03 1.9980e+03 4.9720e+18 4.4633e+18 4.4633e+18 1.7638e-02 0.0000e+00 2.3071e+05 0.0000e+00
3.5400e+03 7.8246e-12 8.7051e-01 1.6261e+03 1.7205e+03 1.9980e+03 4.9950e+18 4.4821e+18 4.4821e+18 1.7605e-02 0.0000e+00 2.3110e+05 0.0000e+00
3.5500e+03 7.8110e-12 8.7064e-01 1.6258e+03 1.7202e+03 1.9980e+03 5.0181e+18 4.5009e+18 4.5009e+18 1.7571e-02 0.0000e+00 2.3149e+05 0.0000e+00
3.5600e+03 7.7975e-12 8.7078e-01 1.6255e+03 1.7198e+03 1.9980e+03 5.0412e+18 4.5198e+18 4.5198e+18 1.7538e-02 0.0000e+00 2.3187e+05 0.0000e+00
3.5700e+03 7.7841e-12 8.7092e-01 1.6252e+03 1.7195e+03 1.9980e+03 5.0644e+18 4.5387e+18 4.5387e+18 1.7505e-02 0.0000e+00 2.3226e+05 0.0000e+00
3.5800e+03 7.7707e-12 8.7105e-01 1.6249e+03 1.7192e+03 1.9980e+03 5.0876e+18 4.5577e+18 4.5577e+18 1.7472e-02 0.0000e+00 2.3264e+05 0.0000e+00
3.5900e+03 7.7573e-12 8.7119e-01 1.6246e+03 1.7189e+03 1.9980e+03 5.1109e+18 4.5767e+18 4.5767e+18 1.7440e-02 0.0000e+00 2.3302e+05 0.0000e+00
3.6000e+03 7.7441e-12 8.7132e-01 1.6243e+03 1.7186e+03 1.9980e+03 5.1342e+18 4.5957e+18 4.5957e+18 1.7407e-02 0.0000e+00 2.3341e+05 0.0000e+00
3.6100e+03 7.7308e-12 8.7146e-01 1.6240e+03 1.7182e+03 1.9980e+03 5.1575e+18 4.6147e+18 4.6147e+18 1.7375e-02 0.0000e+00 2.3379e+05 0.0000e+00
3.6200e+03 7.7177e-12 8.7159e-01 1.6237e+03 1.7179e+03 1.9980e+03 5.1810e+18 4.6338e+18 4.6338e+18 1.7342e-02 0.0000e+00 2.3418e+05 0.0000e+00
3.6300e+03 7.7046e-12 8.7173e-01 1.6234e+03 1.7176e+03 1.9980e+03 5.2044e+18 4.6529e+18 4.6529e+18 1.7310e-02 0.0000e+00 2.3456e+05 0.0000e+00
3.6400e+03 7.6915e-12 8.7186e-01 1.6231e+03 1.7173e+03 1.9980e+03 5.2279e+18 4.6720e+18 4.6720e+18 1.7278e-02 0.0000e+00 2.3494e+05 0.0000e+00
3.6500e+03 7.6785e-12 8.7200e-01 1.6228e+03 1.7170e+03 1.9980e+03 5.2515e+18 4.6912e+18 4.6912e+18 1.7246e-02 0.0000e+00 2.3532e+05 0.0000e+00
3.6600e+03 7.6656e-12 8.7213e-01 1.6225e+03 1.7167e+03 1.9980e+03 5.2751e+18 4.7103e+18 4.7103e+18 1.7215e-02 0.0000e+00 2.3570e+05 0.0000e+00
3.6700e+03 7.6527e-12 8.7227e-01 1.6222e+03 1.7164e+03 1.9980e+03 5.2988e+18 4.7296e+18 4.7296e+18 1.7183e-02 0.0000e+00 2.3609e+05 0.0000e+00
3.6800e+03 7.6399e-12 8.7240e-01 1.6219e+03 1.7160e+03 1.9980e+03 5.3225e+18 4.7488e+18 4.7488e+18 1.7152e-02 0.0000e+00 2.3647e+05 0.0000e+00
3.6900e+03 7.6271e-12 8.7253e-01 1.6216e+03 1.7157e+03 1.9980e+03 5.3463e+18 4.7681e+18 4.7681e+18 1.7120e-02 0.0000e+00 2.3685e+05 0.0000e+00
3.7000e+03 7.6144e-12 8.7267e-01 1.6213e+03 1.7154e+03 1.9980e+03 5.3701e+18 4.7874e+18 4.7874e+18 1.7089e-02 0.0000e+00 2.3723e+05 0.0000e+00
3.7100e+03 7.6018e-12 8.7280e-01 1.6211e+03 1.7151e+03 1.9980e+03 5.3940e+18 4.8067e+18 4.8067e+18 1.7058e-02 0.0000e+00 2.3761e+05 0.0000e+00
3.7200e+03 7.5891e-12 8.7293e-01 1.6208e+03 1.7148e+03 1.9980e+03 5.4179e+18 4.8261e+18 4.8261e+18 1.7027e-02 0.0000e+00 2.3799e+05 0.0000e+00
3.7300e+03 7.5766e-12 8.7306e-01 1.6205e+03 1.7145e+03 1.9980e+03 5.4419e+18 4.8455e+18 4.8455e+18 1.6997e-02 0.0000e+00 2.3837e+05 0.0000e+00
3.7400e+03 7.5641e-12 8.7320e-01 1.6202e+03 1.7142e+03 1.9980e+03 5.4659e+18 4.8649e+18 4.8649e+18 1.6966e-02 0.0000e+00 2.3875e+05 0.0000e+00
3.7500e+03 7.5516e-12 8.7333e-01 1.6199e+03 1.7139e+03 1.9980e+03 5.4900e+18 4.8844e+18 4.8844e+18 1.6936e-02 0.0000e+00 2.3912e+05 0.0000e+00
3.7600e+03 7.5392e-12 8.7346e-01 1.6196e+03 1.7136e+03 1.9980e+03 5.5141e+18 4.9038e+18 4.9038e+18 1.6905e-02 0.0000e+00 2.3950e+05 0.0000e+00
3.7700e+03 7.5269e-12 8.7359e-01 1.6193e+03 1.7133e+03 1.9980e+03 5.5383e+18 4.9234e+18 4.9234e+18 1.6875e-02 0.0000e+00 2.3988e+05 0.0000e+00
3.7800e+03 7.5146e-12 8.7372e-01 1.6190e+03 1.7130e+03 1.9980e+03 5.5625e+18 4.9429e+18 4.9429e+18 1.6845e-02 0.0000e+00 2.4026e+05 0.0000e+00
3.7900e+03 7.5023e-12 8.7385e-01 1.6187e+03 1.7127e+03 1.9980e+03 5.5867e+18 4.9625e+18 4.9625e+18 1.6815e-02 0.0000e+00 2.4063e+05 0.0000e+00
3.8000e+03 7.4901e-12 8.7398e-01 1.6185e+03 1.7124e+03 1.9980e+03 5.6111e+18 4.9821e+18 4.9821e+18 1.6785e-02 0.0000e+00 2.4101e+05 0.0000e+00
3.8100e+03 7.4780e-12 8.7411e-01 1.6182e+03 1.7121e+03 1.9980e+03 5.6354e+18 5.0017e+18 5.0017e+18 1.6755e-02 0.0000e+00 2.4139e+05 0.0000e+00
3.8200e+03 7.4659e-12 8.7424e-01 1.6179e+03 1.7118e+03 1.9980e+03 5.6599e+18 5.0214e+18 5.0214e+18 1.6726e-02 0.0000e+00 2.4176e+05 0.0000e+00
3.8300e+03 7.4539e-12 8.7437e-01 1.6176e+03 1.7115e+03 1.9980e+03 5.6843e+18 5.0410e+18 5.0410e+18 1.6696e-02 0.0000e+00 2.4214e+05 0.0000e+00
3.8400e+03 7.4419e-12 8.7450e-01 1.6173e+03 1.7112e+03 1.9980e+03 5.7088e+18 5.0608e+18 5.0608e+18 1.6667e-02 0.0000e+00 2.4251e+05 0.0000e+00
3.8500e+03 7.4299e-12 8.7462e-01 1.6171e+03 1.7109e+03 1.9980e+03 5.7334e+18 5.0805e+18 5.0805e+18 1.6638e-02 0.0000e+00 2.4289e+05 0.0000e+00
3.8600e+03 7.4180e-12 8.7475e-01 1.6168e+03 1.7106e+03 1.9980e+03 5.7580e+18 5.1003e+18 5.1003e+18 1.6609e-02 0.0000e+00 2.4326e+05 0.0000e+00
3.8700e+03 7.4061e-12 8.7488e-01 1.6165e+03 1.7103e+03 1.9980e+03 5.7827e+18 5.1201e+18 5.1201e+18 1.6580e-02 0.0000e+00 2.4364e+05 0.0000e+00
3.8800e+03 7.3943e-12 8.7501e-01 1.6162e+03 1.7100e+03 1.9980e+03 5.8074e+18 5.1399e+18 5.1399e+18 1.6551e-02 0.0000e+00 2.4401e+05 0.0000e+00
3.8900e+03 7.3826e-12 8.7513e-01 1.6159e+03 1.7097e+03 1.9980e+03 5.8322e+18 5.1598e+18 5.1598e+18 1.6522e-02 0.0000e+00 2.4439e+05 0.0000e+00
3.9000e+03 7.3709e-12 8.7526e-01 1.6157e+03 1.7094e+03 1.9980e+03 5.8570e+18 5.1797e+18 5.1797e+18 1.6494e-02 0.0000e+00 2.4476e+05 0.0000e+00
3.9100e+03 7.3592e-12 8.7538e-01 1.6154e+03 1.7091e+03 1.9980e+03 5.8819e+18 5.1996e+18 5.1996e+18 1.6465e-02 0.0000e+00 2.4513e+05 0.0000e+00
3.9200e+03 7.3476e-12 8.7551e-01 1.6151e+03 1.7088e+03 1.9980e+03 5.9068e+18 5.2195e+18 5.2195e+18 1.6437e-02 0.0000e+00 2.4551e+05 0.0000e+00
3.9300e+03 7.3360e-12 8.7564e-01 1.6148e+03 1.7085e+03 1.9980e+03 5.9318e+18 5.2395e+18 5.2395e+18 1.6409e-02 0.0000e+00 2.4588e+05 0.0000e+00
3.9400e+03 7.3245e-12 8.7576e-01 1.6146e+03 1.7082e+03 1.9980e+03 5.9568e+18 5.2595e+18 5.2595e+18 1.6380e-02 0.0000e+00 2.4625e+05 0.0000e+00
3.9500e+03 7.3130e-12 8.7588e-01 1.6143e+03 1.7079e+03 1.9980e+03 5.9819e+18 5.2795e+18 5.2795e+18 1.6352e-02 0.0000e+00 2.4662e+05 0.0000e+00
3.9600e+03 7.3016e-12 8.7601e-01 1.6140e+03 1.7077e+03 1.9980e+03 6.0070e+18 5.2996e+18 5.2996e+18 1.6325e-02 0.0000e+00 2.4699e+05 0.0000e+00
3.9700e+03 7.2902e-12 8.7613e-01 1.6137e+03 1.7074e+03 1.9980e+03 6.0321e+18 5.3197e+18 5.3197e+18 1.6297e-02 0.0000e+00 2.4736e+05 0.0000e+00
3.9800e+03 7.2788e-12 8.7626e-01 1.6135e+03 1.7071e+03 1.9980e+03 6.0574e+18 5.3398e+18 5.3398e+18 1.6269e-02 0.0000e+00 2.4773e+05 0.0000e+00
3.9900e+03 7.2675e-12 8.7638e-01 1.6132e+03 1.7068e+03 1.9980e+03 6.0826e+18 5.3599e+18 5.3599e+18 1.6242e-02 0.0000e+00 2.4810e+05 0.0000e+00
4.0000e+03 7.2562e-12 8.7650e-01 1.6129e+03 1.7065e+03 1.9980e+03 6.1079e+18 5.3801e+18 5.3801e+18 1.6214e-02 0.0000e+00 2.4847e+05 0.0000e+00
4.0100e+03 7.2450e-12 8.7662e-01 1.6127e+03 1.7062e+03 1.9980e+03 6.1333e+18 5.4003e+18 5.4003e+18 1.6187e-02 0.0000e+00 2.4884e+05 0.0000e+00
4.0200e+03 7.2339e-12 8.7675e-01 1.6124e+03 1.7059e+03 1.9980e+03 6.1587e+18 5.4206e+18 5.4206e+18 1.6160e-02 0.0000e+00 2.4921e+05 0.0000e+00
4.0300e+03 7.2227e-12 8.7687e-01 1.6121e+03 1.7057e+03 1.9980e+03 6.1842e+18 5.4408e+18 5.4408e+18 1.6132e-02 0.0000e+00 2.4958e+05 0.0000e+00
4.0400e+03 7.2116e-12 8.7699e-01 1.6119e+03 1.7054e+03 1.9980e+03 6.2097e+18 5.4611e+18 5.4611e+18 1.6105e-02 0.0000e+00 2.4995e+05 0.0000e+00
4.0500e+03 7.2006e-12 8.7711e-01 1.6116e+03 1.7051e+03 1.9980e+03 6.2353e+18 5.4814e+18 5.4814e+18 1.6079e-02 0.0000e+00 2.5032e+05 0.0000e+00
4.0600e+03 7.1896e-12 8.7723e-01 1.6113e+03 1.7048e+03 1.9980e+03 6.2609e+18 5.5018e+18 5.5018e+18 1.6052e-02 0.0000e+00 2.5069e+05 0.0000e+00
4.0700e+03 7.1786e-12 8.7735e-01 1.6111e+03 1.7045e+03 1.9980e+03 6.2865e+18 5.5221e+18 5.5221e+18 1.6025e-02 0.0000e+00 2.5106e+05 0.0000e+00
4.0800e+03 7.1677e-12 8.7747e-01 1.6108e+03 1.7043e+03 1.9980e+03 6.3123e+18 5.5425e+18 5.5425e+18 1.5999e-02 0.0000e+00 2.5142e+05 0.0000e+00
4.0900e+03 7.1568e-12 8.7759e-01 1.6105e+03 1.7040e+03 1.9980e+03 6.3380e+18 5.5630e+18 5.5630e+18 1.5972e-02 0.0000e+00 2.5179e+05 0.0000e+00
4.1000e+03 7.1460e-12 8.7771e-01 1.6103e+03 1.7037e+03 1.9980e+03 6.3638e+18 5.5834e+18 5.5834e+18 1.5946e-02 0.0000e+00 2.5216e+05 0.0000e+00
4.1100e+03 7.1352e-12 8.7782e-01 1.6100e+03 1.7034e+03 1.9980e+03 6.3897e+18 5.6039e+18 5.6039e+18 1.5920e-02 0.0000e+00 2.5252e+05 0.0000e+00
4.1200e+03 7.1244e-12 8.7794e-01 1.6098e+03 1.7032e+03 1.9980e+03 6.4156e+18 5.6244e+18 5.6244e+18 1.5893e-02 0.0000e+00 2.5289e+05 0.0000e+00
4.1300e+03 7.1137e-12 8.7806e-01 1.6095e+03 1.7029e+03 1.9980e+03 6.4416e+18 5.6449e+18 5.6449e+18 1.5867e-02 0.0000e+00 2.5325e+05 0.0000e+00
4.1400e+03 7.1030e-12 8.7818e-01 1.6092e+03 1.7026e+03 1.9980e+03 6.4676e+18 5.6655e+18 5.6655e+18 1.5841e-02 0.0000e+00 2.5362e+05 0.0000e+00
4.1500e+03 7.0924e-12 8.7829e-01 1.6090e+03 1.7023e+03 1.9980e+03 6.4936e+18 5.6861e+18 5.6861e+18 1.5816e-02 0.0000e+00 2.5399e+05 0.0000e+00
4.1600e+03 7.0818e-12 8.7841e-01 1.6087e+03 1.7021e+03 1.9980e+03 6.5198e+18 5.7067e+18 5.7067e+18 1.5790e-02 0.0000e+00 2.5435e+05 0.0000e+00
4.1700e+03 7.0712e-12 8.7852e-01 1.6085e+03 1.7018e+03 1.9980e+03 6.5459e+18 5.7274e+18 5.7274e+18 1.5764e-02 0.0000e+00 2.5471e+05 0.0000e+00
4.1800e+03 7.0607e-12 8.7864e-01 1.6082e+03 1.7015e+03 1.9980e+03 6.5721e+18 5.7481e+18 5.7481e+18 1.5739e-02 0.0000e+00 2.5508e+05 0.0000e+00
4.1900e+03 7.0502e-12 8.7875e-01 1.6079e+03 1.7012e+03 1.9980e+03 6.5984e+18 5.7688e+18 5.7688e+18 1.5713e-02 0.0000e+00 2.5544e+05 0.0000e+00
4.2000e+03 7.0397e-12 8.7887e-01 1.6077e+03 1.7010e+03 1.9980e+03 6.6247e+18 5.7895e+18 5.7895e+18 1.5688e-02 0.0000e+00 2.5581e+05 0.0000e+00
4.2100e+03 7.0293e-12 8.7898e-01 1.6074e+03 1.7007e+03 1.9980e+03 6.6511e+18 5.8103e+18 5.8103e+18 1.5663e-02 0.0000e+00 2.5617e+05 0.0000e+00
4.2200e+03 7.0190e-12 8.7910e-01 1.6072e+03 1.7004e+03 1.9980e+03 6.6775e+18 5.8311e+18 5.8311e+18 1.5638e-02 0.0000e+00 2.5653e+05 0.0000e+00
4.2300e+03 7.0086e-12 8.7921e-01 1.6069e+03 1.7002e+03 1.9980e+03 6.7039e+18 5.8519e+18 5.8519e+18 1.5613e-02 0.0000e+00 2.5690e+05 0.0000e+00
4.2400e+03 6.9983e-12 8.7932e-01 1.6067e+03 1.6999e+03 1.9980e+03 6.7304e+18 5.8727e+18 5.8727e+18 1.5588e-02 0.0000e+00 2.5726e+05 0.0000e+00
4.2500e+03 6.9881e-12 8.7944e-01 1.6064e+03 1.6996e+03 1.9980e+03 6.7570e+18 5.8936e+18 5.8936e+18 1.5563e-02 0.0000e+00 2.5762e+05 0.0000e+00
4.2600e+03 6.9778e-12 8.7955e-01 1.6062e+03 1.6994e+03 1.9980e+03 6.7836e+18 5.9145e+18 5.9145e+18 1.5538e-02 0.0000e+00 2.5798e+05 0.0000e+00
4.2700e+03 6.9676e-12 8.7966e-01 1.6059e+03 1.6991e+03 1.9980e+03 6.8103e+18 5.9354e+18 5.9354e+18 1.5513e-02 0.0000e+00 2.5834e+05 0.0000e+00
4.2800e+03 6.9575e-12 8.7977e-01 1.6057e+03 1.6988e+03 1.9980e+03 6.8370e+18 5.9564e+18 5.9564e+18 1.5489e-02 0.0000e+00 2.5870e+05 0.0000e+00
4.2900e+03 6.9474e-12 8.7988e-01 1.6054e+03 1.6986e+03 1.9980e+03 6.8638e+18 5.9774e+18 5.9774e+18 1.5464e-02 0.0000e+00 2.5906e+05 0.0000e+00
4.3000e+03 6.9373e-12 8.7999e-01 1.6052e+03 1.6983e+03 1.9980e+03 6.8906e+18 5.9984e+18 5.9984e+18 1.5440e-02 0.0000e+00 2.5943e+05 0.0000e+00
4.3100e+03 6.9272e-12 8.8010e-01 1.6049e+03 1.6980e+03 1.9980e+03 6.9174e+18 6.0194e+18 6.0194e+18 1.5416e-02 0.0000e+00 2.5979e+05 0.0000e+00
4.3200e+03 6.9172e-12 8.8021e-01 1.6047e+03 1.6978e+03 1.9980e+03 6.9443e+18 6.0405e+18 6.0405e+18 1.5391e-02 0.0000e+00 2.6015e+05 0.0000e+00
4.3300e+03 6.9073e-12 8.8032e-01 1.6044e+03 1.6975e+03 1.9980e+03 6.9713e+18 6.0616e+18 6.0616e+18 1.5367e-02 0.0000e+00 2.6050e+05 0.0000e+00
4.3400e+03 6.8973e-12 8.8043e-01 1.6042e+03 1.6973e+03 1.9980e+03 6.9983e+18 6.0827e+18 6.0827e+18 1.5343e-02 0.0000e+00 2.6086e+05 0.0000e+00
4.3500e+03 6.8874e-12 8.8053e-01 1.6039e+03 1.6970e+03 1.9980e+03 7.0254e+18 6.1039e+18 6.1039e+18 1.5319e-02 0.0000e+00 2.6122e+05 0.0000e+00
4.3600e+03 6.8775e-12 8.8064e-01 1.6037e+03 1.6967e+03 1.9980e+03 7.0525e+18 6.1251e+18 6.1251e+18 1.5296e-02 0.0000e+00 2.6158e+05 0.0000e+00
4.3700e+03 6.8677e-12 8.8075e-01 1.6034e+03 1.6965e+03 1.9980e+03 7.0796e+18 6.1463e+18 6.1463e+18 1.5272e-02 0.0000e+00 2.6194e+05 0.0000e+00
4.3800e+03 6.8579e-12 8.8086e-01 1.6032e+03 1.6962e+03 1.9980e+03 7.1069e+18 6.1675e+18 6.1675e+18 1.5248e-02 0.0000e+00 2.6230e+05 0.0000e+00
4.3900e+03 6.8481e-12 8.8096e-01 1.6030e+03 1.6960e+03 1.9980e+03 7.1341e+18 6.1888e+18 6.1888e+18 1.5225e-02 0.0000e+00 2.6266e+05 0.0000e+00
4.4000e+03 6.8384e-12 8.8107e-01 1.6027e+03 1.6957e+03 1.9980e+03 7.1614e+18 6.2101e+18 6.2101e+18 1.5201e-02 0.0000e+00 2.6301e+05 0.0000e+00
4.4100e+03 6.8287e-12 8.8117e-01 1.6025e+03 1.6954e+03 1.9980e+03 7.1888e+18 6.2314e+18 6.2314e+18 1.5178e-02 0.0000e+00 2.6337e+05 0.0000e+00
4.4200e+03 6.8190e-12 8.8128e-01 1.6022e+03 1.6952e+03 1.9980e+03 7.2162e+18 6.2527e+18 6.2527e+18 1.5155e-02 0.0000e+00 2.6373e+05 0.0000e+00
4.4300e+03 6.8094e-12 8.8138e-01 1.6020e+03 1.6949e+03 1.9980e+03 7.2437e+18 6.2741e+18 6.2741e+18 1.5131e-02 0.0000e+00 2.6409e+05 0.0000e+00
4.4400e+03 6.7998e-12 8.8149e-01 1.6017e+03 1.6947e+03 1.9980e+03 7.2712e+18 6.2955e+18 6.2955e+18 1.5108e-02 0.0000e+00 2.6444e+05 0.0000e+00
4.4500e+03 6.7902e-12 8.8159e-01 1.6015e+03 1.6944e+03 1.9980e+03 7.2988e+18 6.3169e+18 6.3169e+18 1.5085e-02 0.0000e+00 2.6480e+05 0.0000e+00
4.4600e+03 6.7807e-12 8.8169e-01 1.6013e+03 1.6942e+03 1.9980e+03 7.3264e+18 6.3384e+18 6.3384e+18 1.5062e-02 0.0000e+00 2.6515e+05 0.0000e+00
4.4700e+03 6.7711e-12 8.8180e-01 1.6010e+03 1.6939e+03 1.9980e+03 7.3540e+18 6.3599e+18 6.3599e+18 1.5039e-02 0.0000e+00 2.6551e+05 0.0000e+00
4.4800e+03 6.7617e-12 8.8190e-01 1.6008e+03 1.6937e+03 1.9980e+03 7.3818e+18 6.3814e+18 6.3814e+18 1.5017e-02 0.0000e+00 2.6586e+05 0.0000e+00
4.4900e+03 6.7522e-12 8.8200e-01 1.6005e+03 1.6934e+03 1.9980e+03 7.4095e+18 6.4029e+18 6.4029e+18 1.4994e-02 0.0000e+00 2.6622e+05 0.0000e+00
4.5000e+03 6.7428e-12 8.8210e-01 1.6003e+03 1.6932e+03 1.9980e+03 7.4373e+18 6.4245e+18 6.4245e+18 1.4971e-02 0.0000e+00 2.6657e+05 0.0000e+00
4.5100e+03 6.7334e-12 8.8220e-01 1.6001e+03 1.6929e+03 1.9980e+03 7.4652e+18 6.4461e+18 6.4461e+18 1.4949e-02 0.0000e+00 2.6693e+05 0.0000e+00
4.5200e+03 6.7241e-12 8.8230e-01 1.5998e+03 1.6927e+03 1.9980e+03 7.4931e+18 6.4677e+18 6.4677e+18 1.4926e-02 0.0000e+00 2.6728e+05 0.0000e+00
4.5300e+03 6.7147e-12 8.8240e-01 1.5996e+03 1.6924e+03 1.9980e+03 7.5211e+18 6.4894e+18 6.4894e+18 1.4904e-02 0.0000e+00 2.6764e+05 0.0000e+00
4.5400e+03 6.7055e-12 8.8250e-01 1.5994e+03 1.6922e+03 1.9980e+03 7.5491e+18 6.5111e+18 6.5111e+18 1.4881e-02 0.0000e+00 2.6799e+05 0.0000e+00
4.5500e+03 0.0000e+00 0.0000e+00 1.5991e+03 0.0000e+00 1.9980e+03 0.0000e+00 0.0000e+00 0.0000e+00 0.0000e+00 0.0000e+00 0.0000e+00 0.0000e+00
