0.0000e+00 2.5736e-11 3.9734e+00 1.7000e+03 1.7986e+03 1.9980e+03 1.5847e+19 1.7000e+19 1.7000e+19 1.2685e-02 0.0000e+00 3.3818e+05 0.0000e+00
1.0000e+01 2.5587e-11 3.8379e+00 1.7051e+03 1.8040e+03 1.9980e+03 1.9615e+19 1.5956e+19 1.5956e+19 1.3058e-02 0.0000e+00 3.2970e+05 0.0000e+00
2.0000e+01 2.5440e-11 3.7094e+00 1.7100e+03 1.8093e+03 1.9980e+03 1.8278e+19 1.4999e+19 1.4999e+19 1.3432e-02 0.0000e+00 3.2162e+05 0.0000e+00
3.0000e+01 2.5295e-11 3.5877e+00 1.7149e+03 1.8144e+03 1.9980e+03 1.7064e+19 1.4119e+19 1.4119e+19 1.3809e-02 0.0000e+00 3.1392e+05 0.0000e+00
4.0000e+01 2.5150e-11 3.4721e+00 1.7197e+03 1.8195e+03 1.9980e+03 1.5961e+19 1.3311e+19 1.3311e+19 1.4187e-02 0.0000e+00 3.0657e+05 0.0000e+00
5.0000e+01 2.5007e-11 3.3625e+00 1.7244e+03 1.8245e+03 1.9980e+03 1.4956e+19 1.2566e+19 1.2566e+19 1.4566e-02 0.0000e+00 2.9956e+05 0.0000e+00
6.0000e+01 2.4865e-11 3.2584e+00 1.7290e+03 1.8294e+03 1.9980e+03 1.4039e+19 1.1879e+19 1.1879e+19 1.4946e-02 0.0000e+00 2.9287e+05 0.0000e+00
7.0000e+01 2.4724e-11 3.1594e+00 1.7336e+03 1.8341e+03 1.9980e+03 1.3200e+19 1.1245e+19 1.1245e+19 1.5326e-02 0.0000e+00 2.8648e+05 0.0000e+00
8.0000e+01 2.4584e-11 3.0654e+00 1.7380e+03 1.8388e+03 1.9980e+03 1.2433e+19 1.0660e+19 1.0660e+19 1.5707e-02 0.0000e+00 2.8038e+05 0.0000e+00
9.0000e+01 2.4446e-11 2.9760e+00 1.7424e+03 1.8435e+03 1.9980e+03 1.1729e+19 1.0118e+19 1.0118e+19 1.6088e-02 0.0000e+00 2.7456e+05 0.0000e+00
1.0000e+02 2.4308e-11 2.8909e+00 1.7466e+03 1.8480e+03 1.9980e+03 1.1083e+19 9.6164e+18 9.6164e+18 1.6469e-02 0.0000e+00 2.6899e+05 0.0000e+00
1.1000e+02 2.4172e-11 2.8099e+00 1.7508e+03 1.8524e+03 1.9980e+03 1.0489e+19 9.1513e+18 9.1513e+18 1.6849e-02 0.0000e+00 2.6367e+05 0.0000e+00
1.2000e+02 2.4037e-11 2.7327e+00 1.7549e+03 1.8567e+03 1.9980e+03 9.9413e+18 8.7196e+18 8.7196e+18 1.7227e-02 0.0000e+00 2.5858e+05 0.0000e+00
1.3000e+02 2.3903e-11 2.6592e+00 1.7589e+03 1.8610e+03 1.9980e+03 9.4365e+18 8.3186e+18 8.3186e+18 1.7605e-02 0.0000e+00 2.5371e+05 0.0000e+00
1.4000e+02 2.3771e-11 2.5891e+00 1.7628e+03 1.8651e+03 1.9980e+03 8.9704e+18 7.9457e+18 7.9457e+18 1.7981e-02 0.0000e+00 2.4906e+05 0.0000e+00
1.5000e+02 2.3639e-11 2.5223e+00 1.7667e+03 1.8692e+03 1.9980e+03 8.5393e+18 7.5986e+18 7.5986e+18 1.8356e-02 0.0000e+00 2.4461e+05 0.0000e+00
1.6000e+02 2.3509e-11 2.4585e+00 1.7704e+03 1.8731e+03 1.9980e+03 8.1403e+18 7.2751e+18 7.2751e+18 1.8728e-02 0.0000e+00 2.4035e+05 0.0000e+00
1.7000e+02 2.3379e-11 2.3977e+00 1.7741e+03 1.8770e+03 1.9980e+03 7.7704e+18 6.9735e+18 6.9735e+18 1.9097e-02 0.0000e+00 2.3627e+05 0.0000e+00
1.8000e+02 2.3251e-11 2.3395e+00 1.7776e+03 1.8808e+03 1.9980e+03 7.4272e+18 6.6920e+18 6.6920e+18 1.9465e-02 0.0000e+00 2.3237e+05 0.0000e+00
1.9000e+02 2.3124e-11 2.2840e+00 1.7811e+03 1.8845e+03 1.9980e+03 7.1084e+18 6.4290e+18 6.4290e+18 1.9829e-02 0.0000e+00 2.2863e+05 0.0000e+00
2.0000e+02 2.2998e-11 2.2310e+00 1.7846e+03 1.8881e+03 1.9980e+03 6.8118e+18 6.1832e+18 6.1832e+18 2.0189e-02 0.0000e+00 2.2505e+05 0.0000e+00
2.1000e+02 2.2873e-11 2.1802e+00 1.7879e+03 1.8916e+03 1.9980e+03 6.5357e+18 5.9531e+18 5.9531e+18 2.0547e-02 0.0000e+00 2.2162e+05 0.0000e+00
2.2000e+02 2.2749e-11 2.1317e+00 1.7912e+03 1.8951e+03 1.9980e+03 6.2784e+18 5.7376e+18 5.7376e+18 2.0901e-02 0.0000e+00 2.1834e+05 0.0000e+00
2.3000e+02 2.2626e-11 2.0853e+00 1.7943e+03 1.8984e+03 1.9980e+03 6.0383e+18 5.5356e+18 5.5356e+18 2.1250e-02 0.0000e+00 2.1519e+05 0.0000e+00
2.4000e+02 2.2504e-11 2.0409e+00 1.7974e+03 1.9017e+03 1.9980e+03 5.8142e+18 5.3462e+18 5.3462e+18 2.1596e-02 0.0000e+00 2.1218e+05 0.0000e+00
2.5000e+02 2.2383e-11 1.9983e+00 1.8004e+03 1.9049e+03 1.9980e+03 5.6047e+18 5.1685e+18 5.1685e+18 2.1937e-02 0.0000e+00 2.0929e+05 0.0000e+00
2.6000e+02 2.2263e-11 1.9576e+00 1.8034e+03 1.9080e+03 1.9980e+03 5.4087e+18 5.0015e+18 5.0015e+18 2.2274e-02 0.0000e+00 2.0652e+05 0.0000e+00
2.7000e+02 2.2144e-11 1.9185e+00 1.8062e+03 1.9110e+03 1.9980e+03 5.2252e+18 4.8446e+18 4.8446e+18 2.2606e-02 0.0000e+00 2.0387e+05 0.0000e+00
2.8000e+02 2.2026e-11 1.8811e+00 1.8090e+03 1.9140e+03 1.9980e+03 5.0533e+18 4.6970e+18 4.6970e+18 2.2933e-02 0.0000e+00 2.0133e+05 0.0000e+00
2.9000e+02 2.1910e-11 1.8452e+00 1.8117e+03 1.9169e+03 1.9980e+03 4.8921e+18 4.5581e+18 4.5581e+18 2.3255e-02 0.0000e+00 1.9889e+05 0.0000e+00
3.0000e+02 2.1794e-11 1.8108e+00 1.8144e+03 1.9196e+03 1.9980e+03 4.7408e+18 4.4273e+18 4.4273e+18 2.3572e-02 0.0000e+00 1.9655e+05 0.0000e+00
3.1000e+02 2.1679e-11 1.7777e+00 1.8169e+03 1.9224e+03 1.9980e+03 4.5988e+18 4.3041e+18 4.3041e+18 2.3884e-02 0.0000e+00 1.9431e+05 0.0000e+00
3.2000e+02 2.1565e-11 1.7460e+00 1.8194e+03 1.9250e+03 1.9980e+03 4.4653e+18 4.1880e+18 4.1880e+18 2.4189e-02 0.0000e+00 1.9216e+05 0.0000e+00
3.3000e+02 2.1452e-11 1.7156e+00 1.8219e+03 1.9276e+03 1.9980e+03 4.3397e+18 4.0784e+18 4.0784e+18 2.4490e-02 0.0000e+00 1.9010e+05 0.0000e+00
3.4000e+02 2.1340e-11 1.6864e+00 1.8242e+03 1.9300e+03 1.9980e+03 4.2216e+18 3.9750e+18 3.9750e+18 2.4784e-02 0.0000e+00 1.8813e+05 0.0000e+00
3.5000e+02 2.1229e-11 1.6583e+00 1.8265e+03 1.9325e+03 1.9980e+03 4.1104e+18 3.8775e+18 3.8775e+18 2.5072e-02 0.0000e+00 1.8624e+05 0.0000e+00
3.6000e+02 2.1118e-11 1.6313e+00 1.8287e+03 1.9348e+03 1.9980e+03 4.0056e+18 3.7853e+18 3.7853e+18 2.5355e-02 0.0000e+00 1.8443e+05 0.0000e+00
3.7000e+02 2.1009e-11 1.6053e+00 1.8308e+03 1.9371e+03 1.9980e+03 3.9068e+18 3.6982e+18 3.6982e+18 2.5631e-02 0.0000e+00 1.8269e+05 0.0000e+00
3.8000e+02 2.0901e-11 1.5804e+00 1.8329e+03 1.9393e+03 1.9980e+03 3.8137e+18 3.6159e+18 3.6159e+18 2.5902e-02 0.0000e+00 1.8102e+05 0.0000e+00
3.9000e+02 2.0793e-11 1.5564e+00 1.8349e+03 1.9414e+03 1.9980e+03 3.7259e+18 3.5380e+18 3.5380e+18 2.6166e-02 0.0000e+00 1.7943e+05 0.0000e+00
4.0000e+02 2.0687e-11 1.5333e+00 1.8369e+03 1.9435e+03 1.9980e+03 3.6430e+18 3.4644e+18 3.4644e+18 2.6424e-02 0.0000e+00 1.7790e+05 0.0000e+00
4.1000e+02 2.0581e-11 1.5111e+00 1.8388e+03 1.9455e+03 1.9980e+03 3.5647e+18 3.3948e+18 3.3948e+18 2.6675e-02 0.0000e+00 1.7643e+05 0.0000e+00
4.2000e+02 2.0476e-11 1.4897e+00 1.8406e+03 1.9474e+03 1.9980e+03 3.4907e+18 3.3288e+18 3.3288e+18 2.6921e-02 0.0000e+00 1.7503e+05 0.0000e+00
4.3000e+02 2.0372e-11 1.4691e+00 1.8424e+03 1.9493e+03 1.9980e+03 3.4209e+18 3.2664e+18 3.2664e+18 2.7160e-02 0.0000e+00 1.7368e+05 0.0000e+00
4.4000e+02 2.0269e-11 1.4492e+00 1.8441e+03 1.9511e+03 1.9980e+03 3.3548e+18 3.2073e+18 3.2073e+18 2.7392e-02 0.0000e+00 1.7240e+05 0.0000e+00
4.5000e+02 2.0167e-11 1.4301e+00 1.8457e+03 1.9528e+03 1.9980e+03 3.2924e+18 3.1514e+18 3.1514e+18 2.7618e-02 0.0000e+00 1.7116e+05 0.0000e+00
4.6000e+02 2.0065e-11 1.4117e+00 1.8473e+03 1.9545e+03 1.9980e+03 3.2334e+18 3.0984e+18 3.0984e+18 2.7838e-02 0.0000e+00 1.6998e+05 0.0000e+00
4.7000e+02 1.9965e-11 1.3939e+00 1.8489e+03 1.9562e+03 1.9980e+03 3.1776e+18 3.0482e+18 3.0482e+18 2.8051e-02 0.0000e+00 1.6886e+05 0.0000e+00
4.8000e+02 1.9865e-11 1.3768e+00 1.8504e+03 1.9577e+03 1.9980e+03 3.1248e+18 3.0006e+18 3.0006e+18 2.8258e-02 0.0000e+00 1.6778e+05 0.0000e+00
4.9000e+02 1.9766e-11 1.3603e+00 1.8518e+03 1.9592e+03 1.9980e+03 3.0748e+18 2.9556e+18 2.9556e+18 2.8459e-02 0.0000e+00 1.6675e+05 0.0000e+00
5.0000e+02 1.9668e-11 1.3444e+00 1.8532e+03 1.9607e+03 1.9980e+03 3.0276e+18 2.9129e+18 2.9129e+18 2.8653e-02 0.0000e+00 1.6576e+05 0.0000e+00
5.1000e+02 1.9571e-11 1.3290e+00 1.8545e+03 1.9621e+03 1.9980e+03 2.9829e+18 2.8724e+18 2.8724e+18 2.8841e-02 0.0000e+00 1.6482e+05 0.0000e+00
5.2000e+02 1.9474e-11 1.3142e+00 1.8558e+03 1.9634e+03 1.9980e+03 2.9406e+18 2.8341e+18 2.8341e+18 2.9023e-02 0.0000e+00 1.6392e+05 0.0000e+00
5.3000e+02 1.9378e-11 1.2999e+00 1.8570e+03 1.9647e+03 1.9980e+03 2.9006e+18 2.7979e+18 2.7979e+18 2.9198e-02 0.0000e+00 1.6306e+05 0.0000e+00
5.4000e+02 1.9283e-11 1.2860e+00 1.8582e+03 1.9660e+03 1.9980e+03 2.8627e+18 2.7635e+18 2.7635e+18 2.9368e-02 0.0000e+00 1.6224e+05 0.0000e+00
5.5000e+02 1.9189e-11 1.2727e+00 1.8593e+03 1.9672e+03 1.9980e+03 2.8269e+18 2.7310e+18 2.7310e+18 2.9531e-02 0.0000e+00 1.6145e+05 0.0000e+00
5.6000e+02 1.9096e-11 1.2598e+00 1.8604e+03 1.9683e+03 1.9980e+03 2.7931e+18 2.7002e+18 2.7002e+18 2.9688e-02 0.0000e+00 1.6071e+05 0.0000e+00
5.7000e+02 1.9003e-11 1.2473e+00 1.8614e+03 1.9694e+03 1.9980e+03 2.7611e+18 2.6711e+18 2.6711e+18 2.9839e-02 0.0000e+00 1.6000e+05 0.0000e+00
5.8000e+02 1.8911e-11 1.2353e+00 1.8624e+03 1.9705e+03 1.9980e+03 2.7309e+18 2.6436e+18 2.6436e+18 2.9984e-02 0.0000e+00 1.5932e+05 0.0000e+00
5.9000e+02 1.8820e-11 1.2236e+00 1.8633e+03 1.9715e+03 1.9980e+03 2.7024e+18 2.6175e+18 2.6175e+18 3.0123e-02 0.0000e+00 1.5868e+05 0.0000e+00
6.0000e+02 1.8730e-11 1.2124e+00 1.8642e+03 1.9724e+03 1.9980e+03 2.6754e+18 2.5929e+18 2.5929e+18 3.0257e-02 0.0000e+00 1.5807e+05 0.0000e+00
6.1000e+02 1.8640e-11 1.2015e+00 1.8651e+03 1.9733e+03 1.9980e+03 2.6500e+18 2.5697e+18 2.5697e+18 3.0385e-02 0.0000e+00 1.5749e+05 0.0000e+00
6.2000e+02 1.8551e-11 1.1910e+00 1.8659e+03 1.9742e+03 1.9980e+03 2.6260e+18 2.5478e+18 2.5478e+18 3.0507e-02 0.0000e+00 1.5694e+05 0.0000e+00
6.3000e+02 1.8463e-11 1.1808e+00 1.8667e+03 1.9750e+03 1.9980e+03 2.6034e+18 2.5271e+18 2.5271e+18 3.0624e-02 0.0000e+00 1.5642e+05 0.0000e+00
6.4000e+02 1.8376e-11 1.1710e+00 1.8675e+03 1.9758e+03 1.9980e+03 2.5822e+18 2.5077e+18 2.5077e+18 3.0735e-02 0.0000e+00 1.5593e+05 0.0000e+00
6.5000e+02 1.8289e-11 1.1614e+00 1.8682e+03 1.9766e+03 1.9980e+03 2.5622e+18 2.4893e+18 2.4893e+18 3.0841e-02 0.0000e+00 1.5546e+05 0.0000e+00
6.6000e+02 1.8203e-11 1.1522e+00 1.8688e+03 1.9773e+03 1.9980e+03 2.5434e+18 2.4721e+18 2.4721e+18 3.0941e-02 0.0000e+00 1.5502e+05 0.0000e+00
6.7000e+02 1.8117e-11 1.1433e+00 1.8695e+03 1.9779e+03 1.9980e+03 2.5257e+18 2.4559e+18 2.4559e+18 3.1037e-02 0.0000e+00 1.5460e+05 0.0000e+00
6.8000e+02 1.8033e-11 1.1346e+00 1.8701e+03 1.9786e+03 1.9980e+03 2.5092e+18 2.4408e+18 2.4408e+18 3.1127e-02 0.0000e+00 1.5421e+05 0.0000e+00
6.9000e+02 1.7949e-11 1.1263e+00 1.8706e+03 1.9792e+03 1.9980e+03 2.4937e+18 2.4266e+18 2.4266e+18 3.1212e-02 0.0000e+00 1.5385e+05 0.0000e+00
7.0000e+02 1.7865e-11 1.1182e+00 1.8711e+03 1.9797e+03 1.9980e+03 2.4793e+18 2.4133e+18 2.4133e+18 3.1292e-02 0.0000e+00 1.5350e+05 0.0000e+00
7.1000e+02 1.7783e-11 1.1103e+00 1.8716e+03 1.9802e+03 1.9980e+03 2.4658e+18 2.4009e+18 2.4009e+18 3.1368e-02 0.0000e+00 1.5318e+05 0.0000e+00
7.2000e+02 1.7701e-11 1.1027e+00 1.8721e+03 1.9807e+03 1.9980e+03 2.4533e+18 2.3894e+18 2.3894e+18 3.1439e-02 0.0000e+00 1.5288e+05 0.0000e+00
7.3000e+02 1.7619e-11 1.0953e+00 1.8725e+03 1.9812e+03 1.9980e+03 2.4417e+18 2.3787e+18 2.3787e+18 3.1505e-02 0.0000e+00 1.5260e+05 0.0000e+00
7.4000e+02 1.7539e-11 1.0882e+00 1.8729e+03 1.9816e+03 1.9980e+03 2.4309e+18 2.3688e+18 2.3688e+18 3.1567e-02 0.0000e+00 1.5234e+05 0.0000e+00
7.5000e+02 1.7459e-11 1.0812e+00 1.8733e+03 1.9820e+03 1.9980e+03 2.4210e+18 2.3597e+18 2.3597e+18 3.1624e-02 0.0000e+00 1.5210e+05 0.0000e+00
7.6000e+02 1.7379e-11 1.0745e+00 1.8737e+03 1.9824e+03 1.9980e+03 2.4118e+18 2.3513e+18 2.3513e+18 3.1677e-02 0.0000e+00 1.5188e+05 0.0000e+00
7.7000e+02 1.7300e-11 1.0680e+00 1.8740e+03 1.9827e+03 1.9980e+03 2.4035e+18 2.3436e+18 2.3436e+18 3.1726e-02 0.0000e+00 1.5167e+05 0.0000e+00
7.8000e+02 1.7222e-11 1.0617e+00 1.8743e+03 1.9830e+03 1.9980e+03 2.3959e+18 2.3366e+18 2.3366e+18 3.1770e-02 0.0000e+00 1.5149e+05 0.0000e+00
7.9000e+02 1.7145e-11 1.0556e+00 1.8745e+03 1.9833e+03 1.9980e+03 2.3890e+18 2.3303e+18 2.3303e+18 3.1811e-02 0.0000e+00 1.5132e+05 0.0000e+00
8.0000e+02 1.7068e-11 1.0496e+00 1.8748e+03 1.9835e+03 1.9980e+03 2.3828e+18 2.3246e+18 2.3246e+18 3.1847e-02 0.0000e+00 1.5117e+05 0.0000e+00
8.1000e+02 1.6991e-11 1.0439e+00 1.8750e+03 1.9838e+03 1.9980e+03 2.3772e+18 2.3195e+18 2.3195e+18 3.1880e-02 0.0000e+00 1.5103e+05 0.0000e+00
8.2000e+02 1.6916e-11 1.0383e+00 1.8752e+03 1.9840e+03 1.9980e+03 2.3723e+18 2.3150e+18 2.3150e+18 3.1909e-02 0.0000e+00 1.5091e+05 0.0000e+00
8.3000e+02 1.6841e-11 1.0328e+00 1.8753e+03 1.9841e+03 1.9980e+03 2.3681e+18 2.3111e+18 2.3111e+18 3.1934e-02 0.0000e+00 1.5081e+05 0.0000e+00
8.4000e+02 1.6766e-11 1.0276e+00 1.8755e+03 1.9843e+03 1.9980e+03 2.3644e+18 2.3078e+18 2.3078e+18 3.1956e-02 0.0000e+00 1.5072e+05 0.0000e+00
8.5000e+02 1.6692e-11 1.0225e+00 1.8756e+03 1.9844e+03 1.9980e+03 2.3614e+18 2.3049e+18 2.3049e+18 3.1974e-02 0.0000e+00 1.5065e+05 0.0000e+00
8.6000e+02 1.6619e-11 1.0175e+00 1.8757e+03 1.9845e+03 1.9980e+03 2.3588e+18 2.3026e+18 2.3026e+18 3.1989e-02 0.0000e+00 1.5058e+05 0.0000e+00
8.7000e+02 1.6546e-11 1.0127e+00 1.8758e+03 1.9846e+03 1.9980e+03 2.3569e+18 2.3009e+18 2.3009e+18 3.2001e-02 0.0000e+00 1.5054e+05 0.0000e+00
8.8000e+02 1.6474e-11 1.0080e+00 1.8758e+03 1.9847e+03 1.9980e+03 2.3555e+18 2.2996e+18 2.2996e+18 3.2009e-02 0.0000e+00 1.5050e+05 0.0000e+00
8.9000e+02 1.6402e-11 1.0034e+00 1.8759e+03 1.9847e+03 1.9980e+03 2.3546e+18 2.2988e+18 2.2988e+18 3.2015e-02 0.0000e+00 1.5048e+05 0.0000e+00
9.0000e+02 1.6331e-11 9.9903e-01 1.8759e+03 1.9847e+03 1.9980e+03 2.3542e+18 2.2984e+18 2.2984e+18 3.2017e-02 0.0000e+00 1.5047e+05 0.0000e+00
9.1000e+02 1.6261e-11 9.9473e-01 1.8759e+03 1.9847e+03 1.9980e+03 2.3542e+18 2.2985e+18 2.2985e+18 3.2016e-02 0.0000e+00 1.5047e+05 0.0000e+00
9.2000e+02 1.6191e-11 9.9057e-01 1.8758e+03 1.9847e+03 1.9980e+03 2.3548e+18 2.2990e+18 2.2990e+18 3.2013e-02 0.0000e+00 1.5049e+05 0.0000e+00
9.3000e+02 1.6122e-11 9.8651e-01 1.8758e+03 1.9846e+03 1.9980e+03 2.3558e+18 2.3000e+18 2.3000e+18 3.2007e-02 0.0000e+00 1.5051e+05 0.0000e+00
9.4000e+02 1.6053e-11 9.8258e-01 1.8757e+03 1.9846e+03 1.9980e+03 2.3573e+18 2.3014e+18 2.3014e+18 3.1998e-02 0.0000e+00 1.5055e+05 0.0000e+00
9.5000e+02 1.5984e-11 9.7875e-01 1.8757e+03 1.9845e+03 1.9980e+03 2.3592e+18 2.3032e+18 2.3032e+18 3.1986e-02 0.0000e+00 1.5060e+05 0.0000e+00
9.6000e+02 1.5917e-11 9.7503e-01 1.8756e+03 1.9844e+03 1.9980e+03 2.3615e+18 2.3053e+18 2.3053e+18 3.1972e-02 0.0000e+00 1.5066e+05 0.0000e+00
9.7000e+02 1.5849e-11 9.7141e-01 1.8755e+03 1.9843e+03 1.9980e+03 2.3642e+18 2.3079e+18 2.3079e+18 3.1955e-02 0.0000e+00 1.5072e+05 0.0000e+00
9.8000e+02 1.5783e-11 9.6790e-01 1.8753e+03 1.9842e+03 1.9980e+03 2.3674e+18 2.3108e+18 2.3108e+18 3.1936e-02 0.0000e+00 1.5080e+05 0.0000e+00
9.9000e+02 1.5716e-11 9.6448e-01 1.8752e+03 1.9840e+03 1.9980e+03 2.3709e+18 2.3141e+18 2.3141e+18 3.1915e-02 0.0000e+00 1.5089e+05 0.0000e+00
1.0000e+03 1.5651e-11 9.6116e-01 1.8751e+03 1.9838e+03 1.9980e+03 2.3748e+18 2.3177e+18 2.3177e+18 3.1892e-02 0.0000e+00 1.5099e+05 0.0000e+00
1.0100e+03 1.5586e-11 9.5793e-01 1.8749e+03 1.9837e+03 1.9980e+03 2.3791e+18 2.3217e+18 2.3217e+18 3.1866e-02 0.0000e+00 1.5109e+05 0.0000e+00
1.0200e+03 1.5521e-11 9.5478e-01 1.8747e+03 1.9835e+03 1.9980e+03 2.3837e+18 2.3260e+18 2.3260e+18 3.1838e-02 0.0000e+00 1.5121e+05 0.0000e+00
1.0300e+03 1.5457e-11 9.5173e-01 1.8745e+03 1.9833e+03 1.9980e+03 2.3887e+18 2.3306e+18 2.3306e+18 3.1808e-02 0.0000e+00 1.5133e+05 0.0000e+00
1.0400e+03 1.5393e-11 9.4875e-01 1.8743e+03 1.9831e+03 1.9980e+03 2.3941e+18 2.3356e+18 2.3356e+18 3.1777e-02 0.0000e+00 1.5146e+05 0.0000e+00
1.0500e+03 1.5330e-11 9.4586e-01 1.8741e+03 1.9828e+03 1.9980e+03 2.3998e+18 2.3409e+18 2.3409e+18 3.1743e-02 0.0000e+00 1.5160e+05 0.0000e+00
1.0600e+03 1.5267e-11 9.4304e-01 1.8739e+03 1.9826e+03 1.9980e+03 2.4058e+18 2.3465e+18 2.3465e+18 3.1707e-02 0.0000e+00 1.5175e+05 0.0000e+00
1.0700e+03 1.5205e-11 9.4030e-01 1.8736e+03 1.9823e+03 1.9980e+03 2.4122e+18 2.3524e+18 2.3524e+18 3.1670e-02 0.0000e+00 1.5190e+05 0.0000e+00
1.0800e+03 1.5143e-11 9.3764e-01 1.8734e+03 1.9821e+03 1.9980e+03 2.4188e+18 2.3585e+18 2.3585e+18 3.1631e-02 0.0000e+00 1.5207e+05 0.0000e+00
1.0900e+03 1.5082e-11 9.3505e-01 1.8731e+03 1.9818e+03 1.9980e+03 2.4258e+18 2.3650e+18 2.3650e+18 3.1591e-02 0.0000e+00 1.5224e+05 0.0000e+00
1.1000e+03 1.5021e-11 9.3252e-01 1.8728e+03 1.9815e+03 1.9980e+03 2.4331e+18 2.3717e+18 2.3717e+18 3.1549e-02 0.0000e+00 1.5242e+05 0.0000e+00
1.1100e+03 1.4961e-11 9.3006e-01 1.8725e+03 1.9812e+03 1.9980e+03 2.4407e+18 2.3788e+18 2.3788e+18 3.1505e-02 0.0000e+00 1.5260e+05 0.0000e+00
1.1200e+03 1.4901e-11 9.2767e-01 1.8722e+03 1.9809e+03 1.9980e+03 2.4486e+18 2.3861e+18 2.3861e+18 3.1460e-02 0.0000e+00 1.5279e+05 0.0000e+00
1.1300e+03 1.4842e-11 9.2534e-01 1.8719e+03 1.9806e+03 1.9980e+03 2.4567e+18 2.3936e+18 2.3936e+18 3.1413e-02 0.0000e+00 1.5299e+05 0.0000e+00
1.1400e+03 1.4783e-11 9.2308e-01 1.8716e+03 1.9802e+03 1.9980e+03 2.4652e+18 2.4014e+18 2.4014e+18 3.1365e-02 0.0000e+00 1.5319e+05 0.0000e+00
1.1500e+03 1.4724e-11 9.2087e-01 1.8713e+03 1.9799e+03 1.9980e+03 2.4739e+18 2.4095e+18 2.4095e+18 3.1316e-02 0.0000e+00 1.5340e+05 0.0000e+00
1.1600e+03 1.4666e-11 9.1872e-01 1.8710e+03 1.9795e+03 1.9980e+03 2.4829e+18 2.4178e+18 2.4178e+18 3.1265e-02 0.0000e+00 1.5362e+05 0.0000e+00
1.1700e+03 1.4608e-11 9.1663e-01 1.8706e+03 1.9792e+03 1.9980e+03 2.4922e+18 2.4264e+18 2.4264e+18 3.1213e-02 0.0000e+00 1.5384e+05 0.0000e+00
1.1800e+03 1.4551e-11 9.1459e-01 1.8703e+03 1.9788e+03 1.9980e+03 2.5018e+18 2.4352e+18 2.4352e+18 3.1160e-02 0.0000e+00 1.5407e+05 0.0000e+00
1.1900e+03 1.4494e-11 9.1261e-01 1.8699e+03 1.9784e+03 1.9980e+03 2.5116e+18 2.4442e+18 2.4442e+18 3.1106e-02 0.0000e+00 1.5430e+05 0.0000e+00
1.2000e+03 1.4438e-11 9.1068e-01 1.8696e+03 1.9780e+03 1.9980e+03 2.5216e+18 2.4535e+18 2.4535e+18 3.1051e-02 0.0000e+00 1.5454e+05 0.0000e+00
1.2100e+03 1.4382e-11 9.0880e-01 1.8692e+03 1.9776e+03 1.9980e+03 2.5319e+18 2.4630e+18 2.4630e+18 3.0995e-02 0.0000e+00 1.5478e+05 0.0000e+00
1.2200e+03 1.4327e-11 9.0697e-01 1.8688e+03 1.9772e+03 1.9980e+03 2.5425e+18 2.4727e+18 2.4727e+18 3.0938e-02 0.0000e+00 1.5503e+05 0.0000e+00
1.2300e+03 1.4272e-11 9.0518e-01 1.8684e+03 1.9768e+03 1.9980e+03 2.5533e+18 2.4826e+18 2.4826e+18 3.0880e-02 0.0000e+00 1.5529e+05 0.0000e+00
1.2400e+03 1.4217e-11 9.0344e-01 1.8680e+03 1.9764e+03 1.9980e+03 2.5643e+18 2.4928e+18 2.4928e+18 3.0821e-02 0.0000e+00 1.5555e+05 0.0000e+00
1.2500e+03 1.4163e-11 9.0175e-01 1.8676e+03 1.9760e+03 1.9980e+03 2.5756e+18 2.5032e+18 2.5032e+18 3.0761e-02 0.0000e+00 1.5581e+05 0.0000e+00
1.2600e+03 1.4109e-11 9.0010e-01 1.8672e+03 1.9756e+03 1.9980e+03 2.5871e+18 2.5138e+18 2.5138e+18 3.0700e-02 0.0000e+00 1.5608e+05 0.0000e+00
1.2700e+03 1.4055e-11 8.9849e-01 1.8668e+03 1.9751e+03 1.9980e+03 2.5988e+18 2.5245e+18 2.5245e+18 3.0638e-02 0.0000e+00 1.5635e+05 0.0000e+00
1.2800e+03 1.4002e-11 8.9693e-01 1.8664e+03 1.9747e+03 1.9980e+03 2.6108e+18 2.5355e+18 2.5355e+18 3.0576e-02 0.0000e+00 1.5663e+05 0.0000e+00
1.2900e+03 1.3950e-11 8.9540e-01 1.8660e+03 1.9742e+03 1.9980e+03 2.6230e+18 2.5467e+18 2.5467e+18 3.0513e-02 0.0000e+00 1.5691e+05 0.0000e+00
1.3000e+03 1.3898e-11 8.9392e-01 1.8655e+03 1.9738e+03 1.9980e+03 2.6354e+18 2.5581e+18 2.5581e+18 3.0449e-02 0.0000e+00 1.5720e+05 0.0000e+00
1.3100e+03 1.3846e-11 8.9247e-01 1.8651e+03 1.9733e+03 1.9980e+03 2.6480e+18 2.5697e+18 2.5697e+18 3.0385e-02 0.0000e+00 1.5749e+05 0.0000e+00
1.3200e+03 1.3794e-11 8.9106e-01 1.8647e+03 1.9729e+03 1.9980e+03 2.6608e+18 2.5815e+18 2.5815e+18 3.0320e-02 0.0000e+00 1.5779e+05 0.0000e+00
1.3300e+03 1.3743e-11 8.8968e-01 1.8642e+03 1.9724e+03 1.9980e+03 2.6739e+18 2.5935e+18 2.5935e+18 3.0254e-02 0.0000e+00 1.5808e+05 0.0000e+00
1.3400e+03 1.3692e-11 8.8834e-01 1.8638e+03 1.9719e+03 1.9980e+03 2.6871e+18 2.6056e+18 2.6056e+18 3.0188e-02 0.0000e+00 1.5839e+05 0.0000e+00
1.3500e+03 1.3642e-11 8.8704e-01 1.8633e+03 1.9714e+03 1.9980e+03 2.7006e+18 2.6180e+18 2.6180e+18 3.0121e-02 0.0000e+00 1.5869e+05 0.0000e+00
1.3600e+03 1.3592e-11 8.8577e-01 1.8629e+03 1.9710e+03 1.9980e+03 2.7143e+18 2.6305e+18 2.6305e+18 3.0054e-02 0.0000e+00 1.5900e+05 0.0000e+00
1.3700e+03 1.3542e-11 8.8453e-01 1.8624e+03 1.9705e+03 1.9980e+03 2.7281e+18 2.6432e+18 2.6432e+18 2.9986e-02 0.0000e+00 1.5932e+05 0.0000e+00
1.3800e+03 1.3493e-11 8.8332e-01 1.8619e+03 1.9700e+03 1.9980e+03 2.7422e+18 2.6561e+18 2.6561e+18 2.9918e-02 0.0000e+00 1.5963e+05 0.0000e+00
1.3900e+03 1.3444e-11 8.8215e-01 1.8615e+03 1.9695e+03 1.9980e+03 2.7565e+18 2.6691e+18 2.6691e+18 2.9849e-02 0.0000e+00 1.5995e+05 0.0000e+00
1.4000e+03 1.3396e-11 8.8100e-01 1.8610e+03 1.9690e+03 1.9980e+03 2.7709e+18 2.6824e+18 2.6824e+18 2.9780e-02 0.0000e+00 1.6027e+05 0.0000e+00
1.4100e+03 1.3348e-11 8.7988e-01 1.8605e+03 1.9685e+03 1.9980e+03 2.7856e+18 2.6958e+18 2.6958e+18 2.9711e-02 0.0000e+00 1.6060e+05 0.0000e+00
1.4200e+03 1.3300e-11 8.7879e-01 1.8601e+03 1.9680e+03 1.9980e+03 2.8004e+18 2.7093e+18 2.7093e+18 2.9641e-02 0.0000e+00 1.6093e+05 0.0000e+00
1.4300e+03 1.3252e-11 8.7773e-01 1.8596e+03 1.9675e+03 1.9980e+03 2.8155e+18 2.7231e+18 2.7231e+18 2.9571e-02 0.0000e+00 1.6126e+05 0.0000e+00
1.4400e+03 1.3205e-11 8.7670e-01 1.8591e+03 1.9669e+03 1.9980e+03 2.8307e+18 2.7370e+18 2.7370e+18 2.9501e-02 0.0000e+00 1.6160e+05 0.0000e+00
1.4500e+03 1.3159e-11 8.7569e-01 1.8586e+03 1.9664e+03 1.9980e+03 2.8461e+18 2.7510e+18 2.7510e+18 2.9430e-02 0.0000e+00 1.6194e+05 0.0000e+00
1.4600e+03 1.3112e-11 8.7471e-01 1.8581e+03 1.9659e+03 1.9980e+03 2.8617e+18 2.7653e+18 2.7653e+18 2.9359e-02 0.0000e+00 1.6228e+05 0.0000e+00
1.4700e+03 1.3066e-11 8.7376e-01 1.8576e+03 1.9654e+03 1.9980e+03 2.8775e+18 2.7796e+18 2.7796e+18 2.9288e-02 0.0000e+00 1.6262e+05 0.0000e+00
1.4800e+03 1.3020e-11 8.7283e-01 1.8571e+03 1.9649e+03 1.9980e+03 2.8934e+18 2.7942e+18 2.7942e+18 2.9216e-02 0.0000e+00 1.6297e+05 0.0000e+00
1.4900e+03 1.2975e-11 8.7192e-01 1.8566e+03 1.9643e+03 1.9980e+03 2.9096e+18 2.8089e+18 2.8089e+18 2.9145e-02 0.0000e+00 1.6332e+05 0.0000e+00
1.5000e+03 1.2930e-11 8.7103e-01 1.8561e+03 1.9638e+03 1.9980e+03 2.9259e+18 2.8237e+18 2.8237e+18 2.9073e-02 0.0000e+00 1.6367e+05 0.0000e+00
1.5100e+03 1.2885e-11 8.7017e-01 1.8556e+03 1.9633e+03 1.9980e+03 2.9424e+18 2.8387e+18 2.8387e+18 2.9001e-02 0.0000e+00 1.6402e+05 0.0000e+00
1.5200e+03 1.2840e-11 8.6933e-01 1.8551e+03 1.9627e+03 1.9980e+03 2.9590e+18 2.8539e+18 2.8539e+18 2.8929e-02 0.0000e+00 1.6438e+05 0.0000e+00
1.5300e+03 1.2796e-11 8.6851e-01 1.8546e+03 1.9622e+03 1.9980e+03 2.9759e+18 2.8692e+18 2.8692e+18 2.8856e-02 0.0000e+00 1.6474e+05 0.0000e+00
1.5400e+03 1.2752e-11 8.6772e-01 1.8541e+03 1.9617e+03 1.9980e+03 2.9929e+18 2.8846e+18 2.8846e+18 2.8784e-02 0.0000e+00 1.6510e+05 0.0000e+00
1.5500e+03 1.2709e-11 8.6694e-01 1.8536e+03 1.9611e+03 1.9980e+03 3.0100e+18 2.9003e+18 2.9003e+18 2.8711e-02 0.0000e+00 1.6547e+05 0.0000e+00
1.5600e+03 1.2666e-11 8.6619e-01 1.8531e+03 1.9606e+03 1.9980e+03 3.0274e+18 2.9160e+18 2.9160e+18 2.8639e-02 0.0000e+00 1.6583e+05 0.0000e+00
1.5700e+03 1.2623e-11 8.6545e-01 1.8526e+03 1.9600e+03 1.9980e+03 3.0449e+18 2.9319e+18 2.9319e+18 2.8566e-02 0.0000e+00 1.6620e+05 0.0000e+00
1.5800e+03 1.2580e-11 8.6473e-01 1.8520e+03 1.9595e+03 1.9980e+03 3.0626e+18 2.9479e+18 2.9479e+18 2.8493e-02 0.0000e+00 1.6657e+05 0.0000e+00
1.5900e+03 1.2538e-11 8.6403e-01 1.8515e+03 1.9589e+03 1.9980e+03 3.0804e+18 2.9641e+18 2.9641e+18 2.8420e-02 0.0000e+00 1.6694e+05 0.0000e+00
1.6000e+03 1.2496e-11 8.6335e-01 1.8510e+03 1.9584e+03 1.9980e+03 3.0984e+18 2.9804e+18 2.9804e+18 2.8348e-02 0.0000e+00 1.6732e+05 0.0000e+00
1.6100e+03 1.2454e-11 8.6269e-01 1.8505e+03 1.9578e+03 1.9980e+03 3.1166e+18 2.9969e+18 2.9969e+18 2.8275e-02 0.0000e+00 1.6769e+05 0.0000e+00
1.6200e+03 1.2413e-11 8.6205e-01 1.8500e+03 1.9573e+03 1.9980e+03 3.1349e+18 3.0135e+18 3.0135e+18 2.8202e-02 0.0000e+00 1.6807e+05 0.0000e+00
1.6300e+03 1.2372e-11 8.6142e-01 1.8494e+03 1.9567e+03 1.9980e+03 3.1534e+18 3.0302e+18 3.0302e+18 2.8129e-02 0.0000e+00 1.6845e+05 0.0000e+00
1.6400e+03 1.2331e-11 8.6081e-01 1.8489e+03 1.9562e+03 1.9980e+03 3.1721e+18 3.0471e+18 3.0471e+18 2.8056e-02 0.0000e+00 1.6883e+05 0.0000e+00
1.6500e+03 1.2291e-11 8.6021e-01 1.8484e+03 1.9556e+03 1.9980e+03 3.1909e+18 3.0641e+18 3.0641e+18 2.7983e-02 0.0000e+00 1.6921e+05 0.0000e+00
1.6600e+03 1.2250e-11 8.5963e-01 1.8479e+03 1.9551e+03 1.9980e+03 3.2099e+18 3.0812e+18 3.0812e+18 2.7910e-02 0.0000e+00 1.6960e+05 0.0000e+00
1.6700e+03 1.2210e-11 8.5907e-01 1.8473e+03 1.9545e+03 1.9980e+03 3.2290e+18 3.0985e+18 3.0985e+18 2.7838e-02 0.0000e+00 1.6999e+05 0.0000e+00
1.6800e+03 1.2171e-11 8.5852e-01 1.8468e+03 1.9540e+03 1.9980e+03 3.2483e+18 3.1158e+18 3.1158e+18 2.7765e-02 0.0000e+00 1.7037e+05 0.0000e+00
1.6900e+03 1.2131e-11 8.5799e-01 1.8463e+03 1.9534e+03 1.9980e+03 3.2677e+18 3.1334e+18 3.1334e+18 2.7692e-02 0.0000e+00 1.7076e+05 0.0000e+00
1.7000e+03 1.2092e-11 8.5747e-01 1.8458e+03 1.9529e+03 1.9980e+03 3.2873e+18 3.1510e+18 3.1510e+18 2.7620e-02 0.0000e+00 1.7116e+05 0.0000e+00
1.7100e+03 1.2053e-11 8.5696e-01 1.8452e+03 1.9523e+03 1.9980e+03 3.3070e+18 3.1688e+18 3.1688e+18 2.7547e-02 0.0000e+00 1.7155e+05 0.0000e+00
1.7200e+03 1.2015e-11 8.5647e-01 1.8447e+03 1.9517e+03 1.9980e+03 3.3269e+18 3.1867e+18 3.1867e+18 2.7475e-02 0.0000e+00 1.7194e+05 0.0000e+00
1.7300e+03 1.1976e-11 8.5599e-01 1.8442e+03 1.9512e+03 1.9980e+03 3.3470e+18 3.2047e+18 3.2047e+18 2.7402e-02 0.0000e+00 1.7234e+05 0.0000e+00
1.7400e+03 1.1938e-11 8.5553e-01 1.8436e+03 1.9506e+03 1.9980e+03 3.3671e+18 3.2229e+18 3.2229e+18 2.7330e-02 0.0000e+00 1.7274e+05 0.0000e+00
1.7500e+03 1.1901e-11 8.5508e-01 1.8431e+03 1.9501e+03 1.9980e+03 3.3875e+18 3.2412e+18 3.2412e+18 2.7258e-02 0.0000e+00 1.7314e+05 0.0000e+00
1.7600e+03 1.1863e-11 8.5464e-01 1.8426e+03 1.9495e+03 1.9980e+03 3.4080e+18 3.2596e+18 3.2596e+18 2.7186e-02 0.0000e+00 1.7353e+05 0.0000e+00
1.7700e+03 1.1826e-11 8.5421e-01 1.8421e+03 1.9489e+03 1.9980e+03 3.4286e+18 3.2781e+18 3.2781e+18 2.7114e-02 0.0000e+00 1.7394e+05 0.0000e+00
1.7800e+03 1.1789e-11 8.5380e-01 1.8415e+03 1.9484e+03 1.9980e+03 3.4494e+18 3.2968e+18 3.2968e+18 2.7043e-02 0.0000e+00 1.7434e+05 0.0000e+00
1.7900e+03 1.1752e-11 8.5339e-01 1.8410e+03 1.9478e+03 1.9980e+03 3.4703e+18 3.3156e+18 3.3156e+18 2.6971e-02 0.0000e+00 1.7474e+05 0.0000e+00
1.8000e+03 1.1715e-11 8.5300e-01 1.8405e+03 1.9472e+03 1.9980e+03 3.4914e+18 3.3344e+18 3.3344e+18 2.6900e-02 0.0000e+00 1.7515e+05 0.0000e+00
1.8100e+03 1.1679e-11 8.5262e-01 1.8399e+03 1.9467e+03 1.9980e+03 3.5126e+18 3.3535e+18 3.3535e+18 2.6828e-02 0.0000e+00 1.7555e+05 0.0000e+00
1.8200e+03 1.1643e-11 8.5225e-01 1.8394e+03 1.9461e+03 1.9980e+03 3.5340e+18 3.3726e+18 3.3726e+18 2.6757e-02 0.0000e+00 1.7596e+05 0.0000e+00
1.8300e+03 1.1607e-11 8.5189e-01 1.8389e+03 1.9456e+03 1.9980e+03 3.5555e+18 3.3918e+18 3.3918e+18 2.6686e-02 0.0000e+00 1.7637e+05 0.0000e+00
1.8400e+03 1.1572e-11 8.5154e-01 1.8383e+03 1.9450e+03 1.9980e+03 3.5771e+18 3.4112e+18 3.4112e+18 2.6615e-02 0.0000e+00 1.7678e+05 0.0000e+00
1.8500e+03 1.1537e-11 8.5121e-01 1.8378e+03 1.9444e+03 1.9980e+03 3.5989e+18 3.4307e+18 3.4307e+18 2.6545e-02 0.0000e+00 1.7719e+05 0.0000e+00
1.8600e+03 1.1502e-11 8.5088e-01 1.8373e+03 1.9439e+03 1.9980e+03 3.6208e+18 3.4503e+18 3.4503e+18 2.6474e-02 0.0000e+00 1.7760e+05 0.0000e+00
1.8700e+03 1.1467e-11 8.5056e-01 1.8368e+03 1.9433e+03 1.9980e+03 3.6429e+18 3.4700e+18 3.4700e+18 2.6404e-02 0.0000e+00 1.7801e+05 0.0000e+00
1.8800e+03 1.1432e-11 8.5025e-01 1.8362e+03 1.9428e+03 1.9980e+03 3.6651e+18 3.4898e+18 3.4898e+18 2.6334e-02 0.0000e+00 1.7843e+05 0.0000e+00
1.8900e+03 1.1398e-11 8.4995e-01 1.8357e+03 1.9422e+03 1.9980e+03 3.6874e+18 3.5097e+18 3.5097e+18 2.6264e-02 0.0000e+00 1.7884e+05 0.0000e+00
1.9000e+03 1.1364e-11 8.4966e-01 1.8352e+03 1.9416e+03 1.9980e+03 3.7099e+18 3.5298e+18 3.5298e+18 2.6195e-02 0.0000e+00 1.7925e+05 0.0000e+00
1.9100e+03 1.1330e-11 8.4938e-01 1.8346e+03 1.9411e+03 1.9980e+03 3.7325e+18 3.5499e+18 3.5499e+18 2.6125e-02 0.0000e+00 1.7967e+05 0.0000e+00
1.9200e+03 1.1296e-11 8.4911e-01 1.8341e+03 1.9405e+03 1.9980e+03 3.7553e+18 3.5702e+18 3.5702e+18 2.6056e-02 0.0000e+00 1.8009e+05 0.0000e+00
1.9300e+03 1.1263e-11 8.4885e-01 1.8336e+03 1.9400e+03 1.9980e+03 3.7782e+18 3.5906e+18 3.5906e+18 2.5987e-02 0.0000e+00 1.8050e+05 0.0000e+00
1.9400e+03 1.1230e-11 8.4860e-01 1.8331e+03 1.9394e+03 1.9980e+03 3.8012e+18 3.6111e+18 3.6111e+18 2.5918e-02 0.0000e+00 1.8092e+05 0.0000e+00
1.9500e+03 1.1197e-11 8.4835e-01 1.8325e+03 1.9389e+03 1.9980e+03 3.8244e+18 3.6317e+18 3.6317e+18 2.5849e-02 0.0000e+00 1.8134e+05 0.0000e+00
1.9600e+03 1.1164e-11 8.4811e-01 1.8320e+03 1.9383e+03 1.9980e+03 3.8477e+18 3.6524e+18 3.6524e+18 2.5781e-02 0.0000e+00 1.8176e+05 0.0000e+00
1.9700e+03 1.1131e-11 8.4788e-01 1.8315e+03 1.9377e+03 1.9980e+03 3.8711e+18 3.6732e+18 3.6732e+18 2.5713e-02 0.0000e+00 1.8218e+05 0.0000e+00
1.9800e+03 1.1099e-11 8.4766e-01 1.8309e+03 1.9372e+03 1.9980e+03 3.8947e+18 3.6941e+18 3.6941e+18 2.5645e-02 0.0000e+00 1.8260e+05 0.0000e+00
1.9900e+03 1.1067e-11 8.4744e-01 1.8304e+03 1.9366e+03 1.9980e+03 3.9184e+18 3.7151e+18 3.7151e+18 2.5577e-02 0.0000e+00 1.8303e+05 0.0000e+00
2.0000e+03 1.1035e-11 8.4724e-01 1.8299e+03 1.9361e+03 1.9980e+03 3.9422e+18 3.7362e+18 3.7362e+18 2.5509e-02 0.0000e+00 1.8345e+05 0.0000e+00
2.0100e+03 1.1003e-11 8.4704e-01 1.8294e+03 1.9355e+03 1.9980e+03 3.9662e+18 3.7575e+18 3.7575e+18 2.5442e-02 0.0000e+00 1.8387e+05 0.0000e+00
2.0200e+03 1.0972e-11 8.4685e-01 1.8289e+03 1.9350e+03 1.9980e+03 3.9903e+18 3.7788e+18 3.7788e+18 2.5375e-02 0.0000e+00 1.8430e+05 0.0000e+00
2.0300e+03 1.0941e-11 8.4666e-01 1.8283e+03 1.9344e+03 1.9980e+03 4.0145e+18 3.8003e+18 3.8003e+18 2.5308e-02 0.0000e+00 1.8472e+05 0.0000e+00
2.0400e+03 1.0909e-11 8.4648e-01 1.8278e+03 1.9339e+03 1.9980e+03 4.0389e+18 3.8218e+18 3.8218e+18 2.5242e-02 0.0000e+00 1.8515e+05 0.0000e+00
2.0500e+03 1.0879e-11 8.4631e-01 1.8273e+03 1.9333e+03 1.9980e+03 4.0634e+18 3.8435e+18 3.8435e+18 2.5175e-02 0.0000e+00 1.8557e+05 0.0000e+00
2.0600e+03 1.0848e-11 8.4614e-01 1.8268e+03 1.9328e+03 1.9980e+03 4.0880e+18 3.8652e+18 3.8652e+18 2.5109e-02 0.0000e+00 1.8600e+05 0.0000e+00
2.0700e+03 1.0817e-11 8.4599e-01 1.8263e+03 1.9322e+03 1.9980e+03 4.1127e+18 3.8871e+18 3.8871e+18 2.5044e-02 0.0000e+00 1.8643e+05 0.0000e+00
2.0800e+03 1.0787e-11 8.4583e-01 1.8257e+03 1.9317e+03 1.9980e+03 4.1376e+18 3.9090e+18 3.9090e+18 2.4978e-02 0.0000e+00 1.8685e+05 0.0000e+00
2.0900e+03 1.0757e-11 8.4569e-01 1.8252e+03 1.9311e+03 1.9980e+03 4.1626e+18 3.9311e+18 3.9311e+18 2.4913e-02 0.0000e+00 1.8728e+05 0.0000e+00
2.1000e+03 1.0727e-11 8.4555e-01 1.8247e+03 1.9306e+03 1.9980e+03 4.1877e+18 3.9532e+18 3.9532e+18 2.4848e-02 0.0000e+00 1.8771e+05 0.0000e+00
2.1100e+03 1.0698e-11 8.4541e-01 1.8242e+03 1.9300e+03 1.9980e+03 4.2130e+18 3.9755e+18 3.9755e+18 2.4783e-02 0.0000e+00 1.8814e+05 0.0000e+00
2.1200e+03 1.0668e-11 8.4528e-01 1.8237e+03 1.9295e+03 1.9980e+03 4.2384e+18 3.9978e+18 3.9978e+18 2.4718e-02 0.0000e+00 1.8857e+05 0.0000e+00
2.1300e+03 1.0639e-11 8.4516e-01 1.8232e+03 1.9289e+03 1.9980e+03 4.2639e+18 4.0203e+18 4.0203e+18 2.4654e-02 0.0000e+00 1.8900e+05 0.0000e+00
2.1400e+03 1.0610e-11 8.4504e-01 1.8227e+03 1.9284e+03 1.9980e+03 4.2895e+18 4.0428e+18 4.0428e+18 2.4590e-02 0.0000e+00 1.8943e+05 0.0000e+00
2.1500e+03 1.0581e-11 8.4493e-01 1.8221e+03 1.9279e+03 1.9980e+03 4.3153e+18 4.0655e+18 4.0655e+18 2.4526e-02 0.0000e+00 1.8986e+05 0.0000e+00
2.1600e+03 1.0552e-11 8.4483e-01 1.8216e+03 1.9273e+03 1.9980e+03 4.3412e+18 4.0882e+18 4.0882e+18 2.4462e-02 0.0000e+00 1.9029e+05 0.0000e+00
2.1700e+03 1.0523e-11 8.4473e-01 1.8211e+03 1.9268e+03 1.9980e+03 4.3672e+18 4.1110e+18 4.1110e+18 2.4399e-02 0.0000e+00 1.9072e+05 0.0000e+00
2.1800e+03 1.0495e-11 8.4463e-01 1.8206e+03 1.9262e+03 1.9980e+03 4.3933e+18 4.1340e+18 4.1340e+18 2.4336e-02 0.0000e+00 1.9115e+05 0.0000e+00
2.1900e+03 1.0467e-11 8.4454e-01 1.8201e+03 1.9257e+03 1.9980e+03 4.4196e+18 4.1570e+18 4.1570e+18 2.4273e-02 0.0000e+00 1.9158e+05 0.0000e+00
2.2000e+03 1.0439e-11 8.4445e-01 1.8196e+03 1.9252e+03 1.9980e+03 4.4460e+18 4.1801e+18 4.1801e+18 2.4210e-02 0.0000e+00 1.9202e+05 0.0000e+00
2.2100e+03 1.0411e-11 8.4437e-01 1.8191e+03 1.9246e+03 1.9980e+03 4.4725e+18 4.2033e+18 4.2033e+18 2.4148e-02 0.0000e+00 1.9245e+05 0.0000e+00
2.2200e+03 1.0383e-11 8.4430e-01 1.8186e+03 1.9241e+03 1.9980e+03 4.4991e+18 4.2267e+18 4.2267e+18 2.4086e-02 0.0000e+00 1.9288e+05 0.0000e+00
2.2300e+03 1.0356e-11 8.4423e-01 1.8181e+03 1.9236e+03 1.9980e+03 4.5259e+18 4.2501e+18 4.2501e+18 2.4024e-02 0.0000e+00 1.9332e+05 0.0000e+00
2.2400e+03 1.0328e-11 8.4416e-01 1.8176e+03 1.9230e+03 1.9980e+03 4.5528e+18 4.2736e+18 4.2736e+18 2.3963e-02 0.0000e+00 1.9375e+05 0.0000e+00
2.2500e+03 1.0301e-11 8.4410e-01 1.8171e+03 1.9225e+03 1.9980e+03 4.5798e+18 4.2971e+18 4.2971e+18 2.3901e-02 0.0000e+00 1.9418e+05 0.0000e+00
2.2600e+03 1.0274e-11 8.4404e-01 1.8166e+03 1.9220e+03 1.9980e+03 4.6069e+18 4.3208e+18 4.3208e+18 2.3840e-02 0.0000e+00 1.9462e+05 0.0000e+00
2.2700e+03 1.0247e-11 8.4399e-01 1.8161e+03 1.9215e+03 1.9980e+03 4.6341e+18 4.3446e+18 4.3446e+18 2.3780e-02 0.0000e+00 1.9505e+05 0.0000e+00
2.2800e+03 1.0221e-11 8.4394e-01 1.8156e+03 1.9209e+03 1.9980e+03 4.6615e+18 4.3685e+18 4.3685e+18 2.3719e-02 0.0000e+00 1.9549e+05 0.0000e+00
2.2900e+03 1.0194e-11 8.4389e-01 1.8151e+03 1.9204e+03 1.9980e+03 4.6890e+18 4.3924e+18 4.3924e+18 2.3659e-02 0.0000e+00 1.9592e+05 0.0000e+00
2.3000e+03 1.0168e-11 8.4385e-01 1.8146e+03 1.9199e+03 1.9980e+03 4.7166e+18 4.4165e+18 4.4165e+18 2.3599e-02 0.0000e+00 1.9635e+05 0.0000e+00
2.3100e+03 1.0142e-11 8.4381e-01 1.8141e+03 1.9194e+03 1.9980e+03 4.7443e+18 4.4406e+18 4.4406e+18 2.3539e-02 0.0000e+00 1.9679e+05 0.0000e+00
2.3200e+03 1.0116e-11 8.4378e-01 1.8136e+03 1.9188e+03 1.9980e+03 4.7721e+18 4.4648e+18 4.4648e+18 2.3480e-02 0.0000e+00 1.9723e+05 0.0000e+00
2.3300e+03 1.0090e-11 8.4375e-01 1.8131e+03 1.9183e+03 1.9980e+03 4.8001e+18 4.4891e+18 4.4891e+18 2.3421e-02 0.0000e+00 1.9766e+05 0.0000e+00
2.3400e+03 1.0064e-11 8.4372e-01 1.8126e+03 1.9178e+03 1.9980e+03 4.8281e+18 4.5135e+18 4.5135e+18 2.3362e-02 0.0000e+00 1.9810e+05 0.0000e+00
2.3500e+03 1.0038e-11 8.4370e-01 1.8121e+03 1.9173e+03 1.9980e+03 4.8563e+18 4.5380e+18 4.5380e+18 2.3303e-02 0.0000e+00 1.9853e+05 0.0000e+00
2.3600e+03 1.0013e-11 8.4368e-01 1.8116e+03 1.9168e+03 1.9980e+03 4.8847e+18 4.5626e+18 4.5626e+18 2.3245e-02 0.0000e+00 1.9897e+05 0.0000e+00
2.3700e+03 9.9879e-12 8.4367e-01 1.8112e+03 1.9162e+03 1.9980e+03 4.9131e+18 4.5873e+18 4.5873e+18 2.3187e-02 0.0000e+00 1.9940e+05 0.0000e+00
2.3800e+03 9.9628e-12 8.4366e-01 1.8107e+03 1.9157e+03 1.9980e+03 4.9416e+18 4.6120e+18 4.6120e+18 2.3129e-02 0.0000e+00 1.9984e+05 0.0000e+00
2.3900e+03 9.9379e-12 8.4365e-01 1.8102e+03 1.9152e+03 1.9980e+03 4.9703e+18 4.6369e+18 4.6369e+18 2.3071e-02 0.0000e+00 2.0028e+05 0.0000e+00
2.4000e+03 9.9131e-12 8.4364e-01 1.8097e+03 1.9147e+03 1.9980e+03 4.9991e+18 4.6618e+18 4.6618e+18 2.3014e-02 0.0000e+00 2.0071e+05 0.0000e+00
2.4100e+03 9.8885e-12 8.4364e-01 1.8092e+03 1.9142e+03 1.9980e+03 5.0280e+18 4.6868e+18 4.6868e+18 2.2956e-02 0.0000e+00 2.0115e+05 0.0000e+00
2.4200e+03 9.8640e-12 8.4364e-01 1.8087e+03 1.9137e+03 1.9980e+03 5.0570e+18 4.7119e+18 4.7119e+18 2.2900e-02 0.0000e+00 2.0158e+05 0.0000e+00
2.4300e+03 9.8397e-12 8.4365e-01 1.8083e+03 1.9132e+03 1.9980e+03 5.0861e+18 4.7371e+18 4.7371e+18 2.2843e-02 0.0000e+00 2.0202e+05 0.0000e+00
2.4400e+03 9.8155e-12 8.4366e-01 1.8078e+03 1.9127e+03 1.9980e+03 5.1154e+18 4.7623e+18 4.7623e+18 2.2787e-02 0.0000e+00 2.0246e+05 0.0000e+00
2.4500e+03 9.7915e-12 8.4367e-01 1.8073e+03 1.9122e+03 1.9980e+03 5.1447e+18 4.7877e+18 4.7877e+18 2.2731e-02 0.0000e+00 2.0289e+05 0.0000e+00
2.4600e+03 9.7676e-12 8.4368e-01 1.8068e+03 1.9117e+03 1.9980e+03 5.1742e+18 4.8131e+18 4.8131e+18 2.2675e-02 0.0000e+00 2.0333e+05 0.0000e+00
2.4700e+03 9.7438e-12 8.4370e-01 1.8063e+03 1.9112e+03 1.9980e+03 5.2038e+18 4.8386e+18 4.8386e+18 2.2619e-02 0.0000e+00 2.0377e+05 0.0000e+00
2.4800e+03 9.7202e-12 8.4372e-01 1.8059e+03 1.9107e+03 1.9980e+03 5.2335e+18 4.8642e+18 4.8642e+18 2.2564e-02 0.0000e+00 2.0420e+05 0.0000e+00
2.4900e+03 9.6967e-12 8.4374e-01 1.8054e+03 1.9102e+03 1.9980e+03 5.2633e+18 4.8899e+18 4.8899e+18 2.2509e-02 0.0000e+00 2.0464e+05 0.0000e+00
2.5000e+03 9.6734e-12 8.4377e-01 1.8049e+03 1.9097e+03 1.9980e+03 5.2932e+18 4.9157e+18 4.9157e+18 2.2454e-02 0.0000e+00 2.0508e+05 0.0000e+00
2.5100e+03 9.6502e-12 8.4379e-01 1.8045e+03 1.9092e+03 1.9980e+03 5.3232e+18 4.9415e+18 4.9415e+18 2.2399e-02 0.0000e+00 2.0551e+05 0.0000e+00
2.5200e+03 9.6271e-12 8.4382e-01 1.8040e+03 1.9087e+03 1.9980e+03 5.3534e+18 4.9675e+18 4.9675e+18 2.2345e-02 0.0000e+00 2.0595e+05 0.0000e+00
2.5300e+03 9.6042e-12 8.4386e-01 1.8035e+03 1.9082e+03 1.9980e+03 5.3837e+18 4.9935e+18 4.9935e+18 2.2291e-02 0.0000e+00 2.0639e+05 0.0000e+00
2.5400e+03 9.5814e-12 8.4389e-01 1.8031e+03 1.9077e+03 1.9980e+03 5.4140e+18 5.0196e+18 5.0196e+18 2.2237e-02 0.0000e+00 2.0682e+05 0.0000e+00
2.5500e+03 9.5588e-12 8.4393e-01 1.8026e+03 1.9072e+03 1.9980e+03 5.4445e+18 5.0457e+18 5.0457e+18 2.2183e-02 0.0000e+00 2.0726e+05 0.0000e+00
2.5600e+03 9.5362e-12 8.4397e-01 1.8021e+03 1.9067e+03 1.9980e+03 5.4751e+18 5.0720e+18 5.0720e+18 2.2130e-02 0.0000e+00 2.0770e+05 0.0000e+00
2.5700e+03 9.5138e-12 8.4401e-01 1.8017e+03 1.9062e+03 1.9980e+03 5.5058e+18 5.0983e+18 5.0983e+18 2.2077e-02 0.0000e+00 2.0813e+05 0.0000e+00
2.5800e+03 9.4916e-12 8.4406e-01 1.8012e+03 1.9057e+03 1.9980e+03 5.5367e+18 5.1247e+18 5.1247e+18 2.2024e-02 0.0000e+00 2.0857e+05 0.0000e+00
2.5900e+03 9.4694e-12 8.4411e-01 1.8007e+03 1.9052e+03 1.9980e+03 5.5676e+18 5.1512e+18 5.1512e+18 2.1972e-02 0.0000e+00 2.0901e+05 0.0000e+00
2.6000e+03 9.4474e-12 8.4415e-01 1.8003e+03 1.9047e+03 1.9980e+03 5.5986e+18 5.1778e+18 5.1778e+18 2.1919e-02 0.0000e+00 2.0944e+05 0.0000e+00
2.6100e+03 9.4255e-12 8.4421e-01 1.7998e+03 1.9042e+03 1.9980e+03 5.6298e+18 5.2044e+18 5.2044e+18 2.1867e-02 0.0000e+00 2.0988e+05 0.0000e+00
2.6200e+03 9.4038e-12 8.4426e-01 1.7994e+03 1.9038e+03 1.9980e+03 5.6611e+18 5.2311e+18 5.2311e+18 2.1815e-02 0.0000e+00 2.1032e+05 0.0000e+00
2.6300e+03 9.3821e-12 8.4432e-01 1.7989e+03 1.9033e+03 1.9980e+03 5.6924e+18 5.2579e+18 5.2579e+18 2.1764e-02 0.0000e+00 2.1075e+05 0.0000e+00
2.6400e+03 9.3606e-12 8.4437e-01 1.7985e+03 1.9028e+03 1.9980e+03 5.7239e+18 5.2848e+18 5.2848e+18 2.1712e-02 0.0000e+00 2.1119e+05 0.0000e+00
2.6500e+03 9.3392e-12 8.4443e-01 1.7980e+03 1.9023e+03 1.9980e+03 5.7555e+18 5.3118e+18 5.3118e+18 2.1661e-02 0.0000e+00 2.1162e+05 0.0000e+00
2.6600e+03 9.3180e-12 8.4450e-01 1.7975e+03 1.9018e+03 1.9980e+03 5.7872e+18 5.3388e+18 5.3388e+18 2.1610e-02 0.0000e+00 2.1206e+05 0.0000e+00
2.6700e+03 9.2968e-12 8.4456e-01 1.7971e+03 1.9014e+03 1.9980e+03 5.8190e+18 5.3659e+18 5.3659e+18 2.1559e-02 0.0000e+00 2.1250e+05 0.0000e+00
2.6800e+03 9.2758e-12 8.4463e-01 1.7966e+03 1.9009e+03 1.9980e+03 5.8509e+18 5.3931e+18 5.3931e+18 2.1509e-02 0.0000e+00 2.1293e+05 0.0000e+00
2.6900e+03 9.2549e-12 8.4469e-01 1.7962e+03 1.9004e+03 1.9980e+03 5.8830e+18 5.4203e+18 5.4203e+18 2.1459e-02 0.0000e+00 2.1337e+05 0.0000e+00
2.7000e+03 9.2341e-12 8.4476e-01 1.7957e+03 1.8999e+03 1.9980e+03 5.9151e+18 5.4477e+18 5.4477e+18 2.1409e-02 0.0000e+00 2.1380e+05 0.0000e+00
2.7100e+03 9.2134e-12 8.4483e-01 1.7953e+03 1.8995e+03 1.9980e+03 5.9473e+18 5.4751e+18 5.4751e+18 2.1359e-02 0.0000e+00 2.1424e+05 0.0000e+00
2.7200e+03 9.1928e-12 8.4491e-01 1.7949e+03 1.8990e+03 1.9980e+03 5.9797e+18 5.5026e+18 5.5026e+18 2.1310e-02 0.0000e+00 2.1467e+05 0.0000e+00
2.7300e+03 9.1724e-12 8.4498e-01 1.7944e+03 1.8985e+03 1.9980e+03 6.0121e+18 5.5301e+18 5.5301e+18 2.1260e-02 0.0000e+00 2.1511e+05 0.0000e+00
2.7400e+03 9.1521e-12 8.4506e-01 1.7940e+03 1.8981e+03 1.9980e+03 6.0447e+18 5.5578e+18 5.5578e+18 2.1211e-02 0.0000e+00 2.1554e+05 0.0000e+00
2.7500e+03 9.1318e-12 8.4514e-01 1.7935e+03 1.8976e+03 1.9980e+03 6.0774e+18 5.5855e+18 5.5855e+18 2.1162e-02 0.0000e+00 2.1598e+05 0.0000e+00
2.7600e+03 9.1117e-12 8.4522e-01 1.7931e+03 1.8971e+03 1.9980e+03 6.1102e+18 5.6132e+18 5.6132e+18 2.1114e-02 0.0000e+00 2.1641e+05 0.0000e+00
2.7700e+03 9.0917e-12 8.4530e-01 1.7927e+03 1.8967e+03 1.9980e+03 6.1430e+18 5.6411e+18 5.6411e+18 2.1066e-02 0.0000e+00 2.1685e+05 0.0000e+00
2.7800e+03 9.0718e-12 8.4538e-01 1.7922e+03 1.8962e+03 1.9980e+03 6.1760e+18 5.6690e+18 5.6690e+18 2.1017e-02 0.0000e+00 2.1728e+05 0.0000e+00
2.7900e+03 9.0521e-12 8.4546e-01 1.7918e+03 1.8957e+03 1.9980e+03 6.2091e+18 5.6970e+18 5.6970e+18 2.0969e-02 0.0000e+00 2.1771e+05 0.0000e+00
2.8000e+03 9.0324e-12 8.4555e-01 1.7913e+03 1.8953e+03 1.9980e+03 6.2423e+18 5.7251e+18 5.7251e+18 2.0922e-02 0.0000e+00 2.1815e+05 0.0000e+00
2.8100e+03 9.0128e-12 8.4564e-01 1.7909e+03 1.8948e+03 1.9980e+03 6.2756e+18 5.7532e+18 5.7532e+18 2.0874e-02 0.0000e+00 2.1858e+05 0.0000e+00
2.8200e+03 8.9934e-12 8.4572e-01 1.7905e+03 1.8944e+03 1.9980e+03 6.3090e+18 5.7815e+18 5.7815e+18 2.0827e-02 0.0000e+00 2.1901e+05 0.0000e+00
2.8300e+03 8.9740e-12 8.4581e-01 1.7900e+03 1.8939e+03 1.9980e+03 6.3425e+18 5.8097e+18 5.8097e+18 2.0780e-02 0.0000e+00 2.1945e+05 0.0000e+00
2.8400e+03 8.9548e-12 8.4590e-01 1.7896e+03 1.8935e+03 1.9980e+03 6.3762e+18 5.8381e+18 5.8381e+18 2.0733e-02 0.0000e+00 2.1988e+05 0.0000e+00
2.8500e+03 8.9356e-12 8.4600e-01 1.7892e+03 1.8930e+03 1.9980e+03 6.4099e+18 5.8665e+18 5.8665e+18 2.0687e-02 0.0000e+00 2.2031e+05 0.0000e+00
2.8600e+03 8.9166e-12 8.4609e-01 1.7888e+03 1.8925e+03 1.9980e+03 6.4437e+18 5.8950e+18 5.8950e+18 2.0640e-02 0.0000e+00 2.2075e+05 0.0000e+00
2.8700e+03 8.8977e-12 8.4619e-01 1.7883e+03 1.8921e+03 1.9980e+03 6.4776e+18 5.9236e+18 5.9236e+18 2.0594e-02 0.0000e+00 2.2118e+05 0.0000e+00
2.8800e+03 8.8788e-12 8.4628e-01 1.7879e+03 1.8916e+03 1.9980e+03 6.5117e+18 5.9522e+18 5.9522e+18 2.0548e-02 0.0000e+00 2.2161e+05 0.0000e+00
2.8900e+03 8.8601e-12 8.4638e-01 1.7875e+03 1.8912e+03 1.9980e+03 6.5458e+18 5.9810e+18 5.9810e+18 2.0503e-02 0.0000e+00 2.2204e+05 0.0000e+00
2.9000e+03 8.8415e-12 8.4648e-01 1.7871e+03 1.8908e+03 1.9980e+03 6.5801e+18 6.0097e+18 6.0097e+18 2.0457e-02 0.0000e+00 2.2248e+05 0.0000e+00
2.9100e+03 8.8229e-12 8.4658e-01 1.7866e+03 1.8903e+03 1.9980e+03 6.6144e+18 6.0386e+18 6.0386e+18 2.0412e-02 0.0000e+00 2.2291e+05 0.0000e+00
2.9200e+03 8.8045e-12 8.4668e-01 1.7862e+03 1.8899e+03 1.9980e+03 6.6488e+18 6.0675e+18 6.0675e+18 2.0367e-02 0.0000e+00 2.2334e+05 0.0000e+00
2.9300e+03 8.7861e-12 8.4678e-01 1.7858e+03 1.8894e+03 1.9980e+03 6.6834e+18 6.0965e+18 6.0965e+18 2.0322e-02 0.0000e+00 2.2377e+05 0.0000e+00
2.9400e+03 8.7679e-12 8.4688e-01 1.7854e+03 1.8890e+03 1.9980e+03 6.7180e+18 6.1255e+18 6.1255e+18 2.0277e-02 0.0000e+00 2.2420e+05 0.0000e+00
2.9500e+03 8.7497e-12 8.4699e-01 1.7850e+03 1.8885e+03 1.9980e+03 6.7528e+18 6.1547e+18 6.1547e+18 2.0233e-02 0.0000e+00 2.2463e+05 0.0000e+00
2.9600e+03 8.7317e-12 8.4709e-01 1.7846e+03 1.8881e+03 1.9980e+03 6.7876e+18 6.1839e+18 6.1839e+18 2.0188e-02 0.0000e+00 2.2506e+05 0.0000e+00
2.9700e+03 8.7137e-12 8.4720e-01 1.7841e+03 1.8877e+03 1.9980e+03 6.8226e+18 6.2131e+18 6.2131e+18 2.0144e-02 0.0000e+00 2.2549e+05 0.0000e+00
2.9800e+03 8.6959e-12 8.4730e-01 1.7837e+03 1.8872e+03 1.9980e+03 6.8577e+18 6.2424e+18 6.2424e+18 2.0101e-02 0.0000e+00 2.2592e+05 0.0000e+00
2.9900e+03 8.6781e-12 8.4741e-01 1.7833e+03 1.8868e+03 1.9980e+03 6.8928e+18 6.2718e+18 6.2718e+18 2.0057e-02 0.0000e+00 2.2635e+05 0.0000e+00
3.0000e+03 8.6604e-12 8.4752e-01 1.7829e+03 1.8863e+03 1.9980e+03 6.9281e+18 6.3013e+18 6.3013e+18 2.0014e-02 0.0000e+00 2.2678e+05 0.0000e+00
3.0100e+03 8.6428e-12 8.4763e-01 1.7825e+03 1.8859e+03 1.9980e+03 6.9634e+18 6.3308e+18 6.3308e+18 1.9970e-02 0.0000e+00 2.2721e+05 0.0000e+00
3.0200e+03 8.6253e-12 8.4774e-01 1.7821e+03 1.8855e+03 1.9980e+03 6.9989e+18 6.3604e+18 6.3604e+18 1.9927e-02 0.0000e+00 2.2764e+05 0.0000e+00
3.0300e+03 8.6079e-12 8.4785e-01 1.7817e+03 1.8851e+03 1.9980e+03 7.0345e+18 6.3901e+18 6.3901e+18 1.9884e-02 0.0000e+00 2.2807e+05 0.0000e+00
3.0400e+03 8.5906e-12 8.4796e-01 1.7813e+03 1.8846e+03 1.9980e+03 7.0701e+18 6.4198e+18 6.4198e+18 1.9842e-02 0.0000e+00 2.2850e+05 0.0000e+00
3.0500e+03 8.5734e-12 8.4808e-01 1.7809e+03 1.8842e+03 1.9980e+03 7.1059e+18 6.4496e+18 6.4496e+18 1.9799e-02 0.0000e+00 2.2893e+05 0.0000e+00
3.0600e+03 8.5562e-12 8.4819e-01 1.7805e+03 1.8838e+03 1.9980e+03 7.1417e+18 6.4795e+18 6.4795e+18 1.9757e-02 0.0000e+00 2.2935e+05 0.0000e+00
3.0700e+03 8.5392e-12 8.4830e-01 1.7801e+03 1.8833e+03 1.9980e+03 7.1777e+18 6.5094e+18 6.5094e+18 1.9715e-02 0.0000e+00 2.2978e+05 0.0000e+00
3.0800e+03 8.5222e-12 8.4842e-01 1.7797e+03 1.8829e+03 1.9980e+03 7.2138e+18 6.5394e+18 6.5394e+18 1.9673e-02 0.0000e+00 2.3021e+05 0.0000e+00
3.0900e+03 8.5053e-12 8.4854e-01 1.7793e+03 1.8825e+03 1.9980e+03 7.2499e+18 6.5694e+18 6.5694e+18 1.9632e-02 0.0000e+00 2.3064e+05 0.0000e+00
3.1000e+03 8.4885e-12 8.4865e-01 1.7789e+03 1.8821e+03 1.9980e+03 7.2862e+18 6.5995e+18 6.5995e+18 1.9590e-02 0.0000e+00 2.3106e+05 0.0000e+00
3.1100e+03 8.4718e-12 8.4877e-01 1.7785e+03 1.8817e+03 1.9980e+03 7.3225e+18 6.6297e+18 6.6297e+18 1.9549e-02 0.0000e+00 2.3149e+05 0.0000e+00
3.1200e+03 8.4552e-12 8.4889e-01 1.7781e+03 1.8812e+03 1.9980e+03 7.3590e+18 6.6600e+18 6.6600e+18 1.9508e-02 0.0000e+00 2.3192e+05 0.0000e+00
3.1300e+03 8.4386e-12 8.4901e-01 1.7777e+03 1.8808e+03 1.9980e+03 7.3956e+18 6.6903e+18 6.6903e+18 1.9467e-02 0.0000e+00 2.3234e+05 0.0000e+00
3.1400e+03 8.4222e-12 8.4912e-01 1.7773e+03 1.8804e+03 1.9980e+03 7.4322e+18 6.7206e+18 6.7206e+18 1.9426e-02 0.0000e+00 2.3277e+05 0.0000e+00
3.1500e+03 8.4058e-12 8.4924e-01 1.7769e+03 1.8800e+03 1.9980e+03 7.4690e+18 6.7511e+18 6.7511e+18 1.9386e-02 0.0000e+00 2.3320e+05 0.0000e+00
3.1600e+03 8.3895e-12 8.4936e-01 1.7765e+03 1.8796e+03 1.9980e+03 7.5058e+18 6.7816e+18 6.7816e+18 1.9345e-02 0.0000e+00 2.3362e+05 0.0000e+00
3.1700e+03 8.3733e-12 8.4949e-01 1.7761e+03 1.8792e+03 1.9980e+03 7.5428e+18 6.8121e+18 6.8121e+18 1.9305e-02 0.0000e+00 2.3405e+05 0.0000e+00
3.1800e+03 8.3571e-12 8.4961e-01 1.7757e+03 1.8787e+03 1.9980e+03 7.5798e+18 6.8428e+18 6.8428e+18 1.9265e-02 0.0000e+00 2.3447e+05 0.0000e+00
3.1900e+03 8.3411e-12 8.4973e-01 1.7753e+03 1.8783e+03 1.9980e+03 7.6170e+18 6.8734e+18 6.8734e+18 1.9225e-02 0.0000e+00 2.3490e+05 0.0000e+00
3.2000e+03 8.3251e-12 8.4985e-01 1.7749e+03 1.8779e+03 1.9980e+03 7.6542e+18 6.9042e+18 6.9042e+18 1.9186e-02 0.0000e+00 2.3532e+05 0.0000e+00
3.2100e+03 8.3092e-12 8.4998e-01 1.7745e+03 1.8775e+03 1.9980e+03 7.6915e+18 6.9350e+18 6.9350e+18 1.9146e-02 0.0000e+00 2.3574e+05 0.0000e+00
3.2200e+03 8.2934e-12 8.5010e-01 1.7742e+03 1.8771e+03 1.9980e+03 7.7290e+18 6.9659e+18 6.9659e+18 1.9107e-02 0.0000e+00 2.3617e+05 0.0000e+00
3.2300e+03 8.2776e-12 8.5022e-01 1.7738e+03 1.8767e+03 1.9980e+03 7.7665e+18 6.9968e+18 6.9968e+18 1.9068e-02 0.0000e+00 2.3659e+05 0.0000e+00
3.2400e+03 8.2620e-12 8.5035e-01 1.7734e+03 1.8763e+03 1.9980e+03 7.8041e+18 7.0278e+18 7.0278e+18 1.9029e-02 0.0000e+00 2.3701e+05 0.0000e+00
3.2500e+03 8.2464e-12 8.5047e-01 1.7730e+03 1.8759e+03 1.9980e+03 7.8419e+18 7.0589e+18 7.0589e+18 1.8991e-02 0.0000e+00 2.3744e+05 0.0000e+00
3.2600e+03 8.2308e-12 8.5060e-01 1.7726e+03 1.8755e+03 1.9980e+03 7.8797e+18 7.0900e+18 7.0900e+18 1.8952e-02 0.0000e+00 2.3786e+05 0.0000e+00
3.2700e+03 8.2154e-12 8.5072e-01 1.7723e+03 1.8751e+03 1.9980e+03 7.9176e+18 7.1212e+18 7.1212e+18 1.8914e-02 0.0000e+00 2.3828e+05 0.0000e+00
3.2800e+03 8.2000e-12 8.5085e-01 1.7719e+03 1.8747e+03 1.9980e+03 7.9556e+18 7.1524e+18 7.1524e+18 1.8875e-02 0.0000e+00 2.3870e+05 0.0000e+00
3.2900e+03 8.1847e-12 8.5098e-01 1.7715e+03 1.8743e+03 1.9980e+03 7.9937e+18 7.1837e+18 7.1837e+18 1.8837e-02 0.0000e+00 2.3912e+05 0.0000e+00
3.3000e+03 8.1695e-12 8.5110e-01 1.7711e+03 1.8739e+03 1.9980e+03 8.0319e+18 7.2151e+18 7.2151e+18 1.8800e-02 0.0000e+00 2.3955e+05 0.0000e+00
3.3100e+03 8.1543e-12 8.5123e-01 1.7707e+03 1.8735e+03 1.9980e+03 8.0702e+18 7.2465e+18 7.2465e+18 1.8762e-02 0.0000e+00 2.3997e+05 0.0000e+00
3.3200e+03 8.1393e-12 8.5136e-01 1.7704e+03 1.8731e+03 1.9980e+03 8.1086e+18 7.2780e+18 7.2780e+18 1.8724e-02 0.0000e+00 2.4039e+05 0.0000e+00
3.3300e+03 8.1243e-12 8.5149e-01 1.7700e+03 1.8727e+03 1.9980e+03 8.1471e+18 7.3095e+18 7.3095e+18 1.8687e-02 0.0000e+00 2.4081e+05 0.0000e+00
3.3400e+03 8.1093e-12 8.5161e-01 1.7696e+03 1.8723e+03 1.9980e+03 8.1857e+18 7.3411e+18 7.3411e+18 1.8650e-02 0.0000e+00 2.4123e+05 0.0000e+00
3.3500e+03 8.0945e-12 8.5174e-01 1.7693e+03 1.8719e+03 1.9980e+03 8.2244e+18 7.3728e+18 7.3728e+18 1.8613e-02 0.0000e+00 2.4165e+05 0.0000e+00
3.3600e+03 8.0797e-12 8.5187e-01 1.7689e+03 1.8715e+03 1.9980e+03 8.2632e+18 7.4045e+18 7.4045e+18 1.8576e-02 0.0000e+00 2.4207e+05 0.0000e+00
3.3700e+03 8.0649e-12 8.5200e-01 1.7685e+03 1.8711e+03 1.9980e+03 8.3020e+18 7.4363e+18 7.4363e+18 1.8539e-02 0.0000e+00 2.4249e+05 0.0000e+00
3.3800e+03 8.0503e-12 8.5213e-01 1.7681e+03 1.8707e+03 1.9980e+03 8.3410e+18 7.4681e+18 7.4681e+18 1.8503e-02 0.0000e+00 2.4290e+05 0.0000e+00
3.3900e+03 8.0357e-12 8.5226e-01 1.7678e+03 1.8703e+03 1.9980e+03 8.3801e+18 7.5000e+18 7.5000e+18 1.8467e-02 0.0000e+00 2.4332e+05 0.0000e+00
3.4000e+03 8.0211e-12 8.5239e-01 1.7674e+03 1.8700e+03 1.9980e+03 8.4192e+18 7.5319e+18 7.5319e+18 1.8430e-02 0.0000e+00 2.4374e+05 0.0000e+00
3.4100e+03 8.0067e-12 8.5252e-01 1.7670e+03 1.8696e+03 1.9980e+03 8.4585e+18 7.5639e+18 7.5639e+18 1.8394e-02 0.0000e+00 2.4416e+05 0.0000e+00
3.4200e+03 7.9923e-12 8.5265e-01 1.7667e+03 1.8692e+03 1.9980e+03 8.4978e+18 7.5960e+18 7.5960e+18 1.8358e-02 0.0000e+00 2.4458e+05 0.0000e+00
3.4300e+03 7.9780e-12 8.5278e-01 1.7663e+03 1.8688e+03 1.9980e+03 8.5372e+18 7.6281e+18 7.6281e+18 1.8323e-02 0.0000e+00 2.4499e+05 0.0000e+00
3.4400e+03 7.9637e-12 8.5291e-01 1.7660e+03 1.8684e+03 1.9980e+03 8.5768e+18 7.6603e+18 7.6603e+18 1.8287e-02 0.0000e+00 2.4541e+05 0.0000e+00
3.4500e+03 7.9495e-12 8.5304e-01 1.7656e+03 1.8680e+03 1.9980e+03 8.6164e+18 7.6926e+18 7.6926e+18 1.8252e-02 0.0000e+00 2.4583e+05 0.0000e+00
3.4600e+03 7.9354e-12 8.5317e-01 1.7652e+03 1.8677e+03 1.9980e+03 8.6561e+18 7.7249e+18 7.7249e+18 1.8217e-02 0.0000e+00 2.4624e+05 0.0000e+00
3.4700e+03 7.9213e-12 8.5330e-01 1.7649e+03 1.8673e+03 1.9980e+03 8.6959e+18 7.7572e+18 7.7572e+18 1.8181e-02 0.0000e+00 2.4666e+05 0.0000e+00
3.4800e+03 7.9073e-12 8.5343e-01 1.7645e+03 1.8669e+03 1.9980e+03 8.7358e+18 7.7896e+18 7.7896e+18 1.8147e-02 0.0000e+00 2.4708e+05 0.0000e+00
3.4900e+03 7.8934e-12 8.5356e-01 1.7642e+03 1.8665e+03 1.9980e+03 8.7758e+18 7.8221e+18 7.8221e+18 1.8112e-02 0.0000e+00 2.4749e+05 0.0000e+00
3.5000e+03 7.8795e-12 8.5370e-01 1.7638e+03 1.8661e+03 1.9980e+03 8.8159e+18 7.8546e+18 7.8546e+18 1.8077e-02 0.0000e+00 2.4791e+05 0.0000e+00
3.5100e+03 7.8657e-12 8.5383e-01 1.7635e+03 1.8658e+03 1.9980e+03 8.8561e+18 7.8872e+18 7.8872e+18 1.8043e-02 0.0000e+00 2.4832e+05 0.0000e+00
3.5200e+03 7.8519e-12 8.5396e-01 1.7631e+03 1.8654e+03 1.9980e+03 8.8964e+18 7.9199e+18 7.9199e+18 1.8008e-02 0.0000e+00 2.4873e+05 0.0000e+00
3.5300e+03 7.8382e-12 8.5409e-01 1.7627e+03 1.8650e+03 1.9980e+03 8.9368e+18 7.9526e+18 7.9526e+18 1.7974e-02 0.0000e+00 2.4915e+05 0.0000e+00
3.5400e+03 7.8246e-12 8.5422e-01 1.7624e+03 1.8646e+03 1.9980e+03 8.9772e+18 7.9853e+18 7.9853e+18 1.7940e-02 0.0000e+00 2.4956e+05 0.0000e+00
3.5500e+03 7.8110e-12 8.5435e-01 1.7620e+03 1.8643e+03 1.9980e+03 9.0178e+18 8.0181e+18 8.0181e+18 1.7906e-02 0.0000e+00 2.4998e+05 0.0000e+00
3.5600e+03 7.7975e-12 8.5449e-01 1.7617e+03 1.8639e+03 1.9980e+03 9.0584e+18 8.0510e+18 8.0510e+18 1.7873e-02 0.0000e+00 2.5039e+05 0.0000e+00
3.5700e+03 7.7841e-12 8.5462e-01 1.7613e+03 1.8635e+03 1.9980e+03 9.0992e+18 8.0839e+18 8.0839e+18 1.7839e-02 0.0000e+00 2.5080e+05 0.0000e+00
3.5800e+03 7.7707e-12 8.5475e-01 1.7610e+03 1.8632e+03 1.9980e+03 9.1400e+18 8.1169e+18 8.1169e+18 1.7805e-02 0.0000e+00 2.5121e+05 0.0000e+00
3.5900e+03 7.7573e-12 8.5488e-01 1.7606e+03 1.8628e+03 1.9980e+03 9.1809e+18 8.1499e+18 8.1499e+18 1.7772e-02 0.0000e+00 2.5163e+05 0.0000e+00
3.6000e+03 7.7441e-12 8.5501e-01 1.7603e+03 1.8624e+03 1.9980e+03 9.2219e+18 8.1830e+18 8.1830e+18 1.7739e-02 0.0000e+00 2.5204e+05 0.0000e+00
3.6100e+03 7.7308e-12 8.5515e-01 1.7600e+03 1.8621e+03 1.9980e+03 9.2630e+18 8.2161e+18 8.2161e+18 1.7706e-02 0.0000e+00 2.5245e+05 0.0000e+00
3.6200e+03 7.7177e-12 8.5528e-01 1.7596e+03 1.8617e+03 1.9980e+03 9.3043e+18 8.2493e+18 8.2493e+18 1.7673e-02 0.0000e+00 2.5286e+05 0.0000e+00
3.6300e+03 7.7046e-12 8.5541e-01 1.7593e+03 1.8613e+03 1.9980e+03 9.3455e+18 8.2826e+18 8.2826e+18 1.7640e-02 0.0000e+00 2.5327e+05 0.0000e+00
3.6400e+03 7.6915e-12 8.5554e-01 1.7589e+03 1.8610e+03 1.9980e+03 9.3869e+18 8.3159e+18 8.3159e+18 1.7608e-02 0.0000e+00 2.5368e+05 0.0000e+00
3.6500e+03 7.6785e-12 8.5567e-01 1.7586e+03 1.8606e+03 1.9980e+03 9.4284e+18 8.3492e+18 8.3492e+18 1.7575e-02 0.0000e+00 2.5409e+05 0.0000e+00
3.6600e+03 7.6656e-12 8.5580e-01 1.7582e+03 1.8603e+03 1.9980e+03 9.4700e+18 8.3826e+18 8.3826e+18 1.7543e-02 0.0000e+00 2.5450e+05 0.0000e+00
3.6700e+03 7.6527e-12 8.5594e-01 1.7579e+03 1.8599e+03 1.9980e+03 9.5116e+18 8.4161e+18 8.4161e+18 1.7511e-02 0.0000e+00 2.5491e+05 0.0000e+00
3.6800e+03 7.6399e-12 8.5607e-01 1.7576e+03 1.8595e+03 1.9980e+03 9.5534e+18 8.4496e+18 8.4496e+18 1.7479e-02 0.0000e+00 2.5532e+05 0.0000e+00
3.6900e+03 7.6271e-12 8.5620e-01 1.7572e+03 1.8592e+03 1.9980e+03 9.5952e+18 8.4832e+18 8.4832e+18 1.7447e-02 0.0000e+00 2.5573e+05 0.0000e+00
3.7000e+03 7.6144e-12 8.5633e-01 1.7569e+03 1.8588e+03 1.9980e+03 9.6372e+18 8.5168e+18 8.5168e+18 1.7415e-02 0.0000e+00 2.5614e+05 0.0000e+00
3.7100e+03 7.6018e-12 8.5646e-01 1.7566e+03 1.8585e+03 1.9980e+03 9.6792e+18 8.5505e+18 8.5505e+18 1.7384e-02 0.0000e+00 2.5655e+05 0.0000e+00
3.7200e+03 7.5891e-12 8.5659e-01 1.7562e+03 1.8581e+03 1.9980e+03 9.7213e+18 8.5843e+18 8.5843e+18 1.7352e-02 0.0000e+00 2.5695e+05 0.0000e+00
3.7300e+03 7.5766e-12 8.5673e-01 1.7559e+03 1.8578e+03 1.9980e+03 9.7635e+18 8.6181e+18 8.6181e+18 1.7321e-02 0.0000e+00 2.5736e+05 0.0000e+00
3.7400e+03 7.5641e-12 8.5686e-01 1.7556e+03 1.8574e+03 1.9980e+03 9.8058e+18 8.6519e+18 8.6519e+18 1.7289e-02 0.0000e+00 2.5777e+05 0.0000e+00
3.7500e+03 7.5516e-12 8.5699e-01 1.7552e+03 1.8571e+03 1.9980e+03 9.8482e+18 8.6858e+18 8.6858e+18 1.7258e-02 0.0000e+00 2.5817e+05 0.0000e+00
3.7600e+03 7.5392e-12 8.5712e-01 1.7549e+03 1.8567e+03 1.9980e+03 9.8907e+18 8.7197e+18 8.7197e+18 1.7227e-02 0.0000e+00 2.5858e+05 0.0000e+00
3.7700e+03 7.5269e-12 8.5725e-01 1.7546e+03 1.8564e+03 1.9980e+03 9.9332e+18 8.7537e+18 8.7537e+18 1.7197e-02 0.0000e+00 2.5899e+05 0.0000e+00
3.7800e+03 7.5146e-12 8.5738e-01 1.7542e+03 1.8560e+03 1.9980e+03 9.9759e+18 8.7878e+18 8.7878e+18 1.7166e-02 0.0000e+00 2.5939e+05 0.0000e+00
3.7900e+03 7.5023e-12 8.5751e-01 1.7539e+03 1.8557e+03 1.9980e+03 1.0019e+19 8.8219e+18 8.8219e+18 1.7135e-02 0.0000e+00 2.5980e+05 0.0000e+00
3.8000e+03 7.4901e-12 8.5764e-01 1.7536e+03 1.8553e+03 1.9980e+03 1.0061e+19 8.8561e+18 8.8561e+18 1.7105e-02 0.0000e+00 2.6020e+05 0.0000e+00
3.8100e+03 7.4780e-12 8.5777e-01 1.7532e+03 1.8550e+03 1.9980e+03 1.0104e+19 8.8903e+18 8.8903e+18 1.7074e-02 0.0000e+00 2.6061e+05 0.0000e+00
3.8200e+03 7.4659e-12 8.5790e-01 1.7529e+03 1.8546e+03 1.9980e+03 1.0147e+19 8.9246e+18 8.9246e+18 1.7044e-02 0.0000e+00 2.6101e+05 0.0000e+00
3.8300e+03 7.4539e-12 8.5803e-01 1.7526e+03 1.8543e+03 1.9980e+03 1.0191e+19 8.9589e+18 8.9589e+18 1.7014e-02 0.0000e+00 2.6142e+05 0.0000e+00
3.8400e+03 7.4419e-12 8.5816e-01 1.7523e+03 1.8539e+03 1.9980e+03 1.0234e+19 8.9932e+18 8.9932e+18 1.6984e-02 0.0000e+00 2.6182e+05 0.0000e+00
3.8500e+03 7.4299e-12 8.5829e-01 1.7520e+03 1.8536e+03 1.9980e+03 1.0277e+19 9.0277e+18 9.0277e+18 1.6954e-02 0.0000e+00 2.6222e+05 0.0000e+00
3.8600e+03 7.4180e-12 8.5842e-01 1.7516e+03 1.8533e+03 1.9980e+03 1.0320e+19 9.0621e+18 9.0621e+18 1.6925e-02 0.0000e+00 2.6263e+05 0.0000e+00
3.8700e+03 7.4061e-12 8.5855e-01 1.7513e+03 1.8529e+03 1.9980e+03 1.0364e+19 9.0967e+18 9.0967e+18 1.6895e-02 0.0000e+00 2.6303e+05 0.0000e+00
3.8800e+03 7.3943e-12 8.5868e-01 1.7510e+03 1.8526e+03 1.9980e+03 1.0407e+19 9.1312e+18 9.1312e+18 1.6866e-02 0.0000e+00 2.6343e+05 0.0000e+00
3.8900e+03 7.3826e-12 8.5881e-01 1.7507e+03 1.8522e+03 1.9980e+03 1.0451e+19 9.1659e+18 9.1659e+18 1.6836e-02 0.0000e+00 2.6384e+05 0.0000e+00
3.9000e+03 7.3709e-12 8.5894e-01 1.7503e+03 1.8519e+03 1.9980e+03 1.0495e+19 9.2006e+18 9.2006e+18 1.6807e-02 0.0000e+00 2.6424e+05 0.0000e+00
3.9100e+03 7.3592e-12 8.5907e-01 1.7500e+03 1.8516e+03 1.9980e+03 1.0539e+19 9.2353e+18 9.2353e+18 1.6778e-02 0.0000e+00 2.6464e+05 0.0000e+00
3.9200e+03 7.3476e-12 8.5920e-01 1.7497e+03 1.8512e+03 1.9980e+03 1.0583e+19 9.2701e+18 9.2701e+18 1.6749e-02 0.0000e+00 2.6504e+05 0.0000e+00
3.9300e+03 7.3360e-12 8.5933e-01 1.7494e+03 1.8509e+03 1.9980e+03 1.0627e+19 9.3049e+18 9.3049e+18 1.6720e-02 0.0000e+00 2.6544e+05 0.0000e+00
3.9400e+03 7.3245e-12 8.5945e-01 1.7491e+03 1.8506e+03 1.9980e+03 1.0671e+19 9.3398e+18 9.3398e+18 1.6691e-02 0.0000e+00 2.6584e+05 0.0000e+00
3.9500e+03 7.3130e-12 8.5958e-01 1.7488e+03 1.8502e+03 1.9980e+03 1.0715e+19 9.3747e+18 9.3747e+18 1.6663e-02 0.0000e+00 2.6624e+05 0.0000e+00
3.9600e+03 7.3016e-12 8.5971e-01 1.7485e+03 1.8499e+03 1.9980e+03 1.0759e+19 9.4097e+18 9.4097e+18 1.6634e-02 0.0000e+00 2.6664e+05 0.0000e+00
3.9700e+03 7.2902e-12 8.5984e-01 1.7481e+03 1.8496e+03 1.9980e+03 1.0804e+19 9.4448e+18 9.4448e+18 1.6606e-02 0.0000e+00 2.6704e+05 0.0000e+00
3.9800e+03 7.2788e-12 8.5996e-01 1.7478e+03 1.8492e+03 1.9980e+03 1.0848e+19 9.4799e+18 9.4799e+18 1.6577e-02 0.0000e+00 2.6744e+05 0.0000e+00
3.9900e+03 7.2675e-12 8.6009e-01 1.7475e+03 1.8489e+03 1.9980e+03 1.0893e+19 9.5150e+18 9.5150e+18 1.6549e-02 0.0000e+00 2.6784e+05 0.0000e+00
4.0000e+03 7.2562e-12 8.6022e-01 1.7472e+03 1.8486e+03 1.9980e+03 1.0937e+19 9.5502e+18 9.5502e+18 1.6521e-02 0.0000e+00 2.6824e+05 0.0000e+00
4.0100e+03 7.2450e-12 8.6034e-01 1.7469e+03 1.8483e+03 1.9980e+03 1.0982e+19 9.5854e+18 9.5854e+18 1.6493e-02 0.0000e+00 2.6864e+05 0.0000e+00
4.0200e+03 7.2339e-12 8.6047e-01 1.7466e+03 1.8479e+03 1.9980e+03 1.1027e+19 9.6207e+18 9.6207e+18 1.6465e-02 0.0000e+00 2.6904e+05 0.0000e+00
4.0300e+03 7.2227e-12 8.6059e-01 1.7463e+03 1.8476e+03 1.9980e+03 1.1072e+19 9.6561e+18 9.6561e+18 1.6438e-02 0.0000e+00 2.6943e+05 0.0000e+00
4.0400e+03 7.2116e-12 8.6072e-01 1.7460e+03 1.8473e+03 1.9980e+03 1.1117e+19 9.6915e+18 9.6915e+18 1.6410e-02 0.0000e+00 2.6983e+05 0.0000e+00
4.0500e+03 7.2006e-12 8.6085e-01 1.7457e+03 1.8469e+03 1.9980e+03 1.1162e+19 9.7269e+18 9.7269e+18 1.6382e-02 0.0000e+00 2.7023e+05 0.0000e+00
4.0600e+03 7.1896e-12 8.6097e-01 1.7454e+03 1.8466e+03 1.9980e+03 1.1207e+19 9.7624e+18 9.7624e+18 1.6355e-02 0.0000e+00 2.7063e+05 0.0000e+00
4.0700e+03 7.1786e-12 8.6109e-01 1.7451e+03 1.8463e+03 1.9980e+03 1.1252e+19 9.7980e+18 9.7980e+18 1.6328e-02 0.0000e+00 2.7102e+05 0.0000e+00
4.0800e+03 7.1677e-12 8.6122e-01 1.7447e+03 1.8460e+03 1.9980e+03 1.1297e+19 9.8336e+18 9.8336e+18 1.6300e-02 0.0000e+00 2.7142e+05 0.0000e+00
4.0900e+03 7.1568e-12 8.6134e-01 1.7444e+03 1.8457e+03 1.9980e+03 1.1343e+19 9.8692e+18 9.8692e+18 1.6273e-02 0.0000e+00 2.7181e+05 0.0000e+00
4.1000e+03 7.1460e-12 8.6147e-01 1.7441e+03 1.8453e+03 1.9980e+03 1.1388e+19 9.9049e+18 9.9049e+18 1.6246e-02 0.0000e+00 2.7221e+05 0.0000e+00
4.1100e+03 7.1352e-12 8.6159e-01 1.7438e+03 1.8450e+03 1.9980e+03 1.1434e+19 9.9407e+18 9.9407e+18 1.6219e-02 0.0000e+00 2.7261e+05 0.0000e+00
4.1200e+03 7.1244e-12 8.6171e-01 1.7435e+03 1.8447e+03 1.9980e+03 1.1480e+19 9.9765e+18 9.9765e+18 1.6193e-02 0.0000e+00 2.7300e+05 0.0000e+00
4.1300e+03 7.1137e-12 8.6184e-01 1.7432e+03 1.8444e+03 1.9980e+03 1.1526e+19 1.0012e+19 1.0012e+19 1.6166e-02 0.0000e+00 2.7340e+05 0.0000e+00
4.1400e+03 7.1030e-12 8.6196e-01 1.7429e+03 1.8441e+03 1.9980e+03 1.1571e+19 1.0048e+19 1.0048e+19 1.6139e-02 0.0000e+00 2.7379e+05 0.0000e+00
4.1500e+03 7.0924e-12 8.6208e-01 1.7426e+03 1.8437e+03 1.9980e+03 1.1617e+19 1.0084e+19 1.0084e+19 1.6113e-02 0.0000e+00 2.7418e+05 0.0000e+00
4.1600e+03 7.0818e-12 8.6220e-01 1.7423e+03 1.8434e+03 1.9980e+03 1.1664e+19 1.0120e+19 1.0120e+19 1.6087e-02 0.0000e+00 2.7458e+05 0.0000e+00
4.1700e+03 7.0712e-12 8.6233e-01 1.7420e+03 1.8431e+03 1.9980e+03 1.1710e+19 1.0156e+19 1.0156e+19 1.6060e-02 0.0000e+00 2.7497e+05 0.0000e+00
4.1800e+03 7.0607e-12 8.6245e-01 1.7417e+03 1.8428e+03 1.9980e+03 1.1756e+19 1.0192e+19 1.0192e+19 1.6034e-02 0.0000e+00 2.7536e+05 0.0000e+00
4.1900e+03 7.0502e-12 8.6257e-01 1.7415e+03 1.8425e+03 1.9980e+03 1.1802e+19 1.0228e+19 1.0228e+19 1.6008e-02 0.0000e+00 2.7576e+05 0.0000e+00
4.2000e+03 7.0397e-12 8.6269e-01 1.7412e+03 1.8422e+03 1.9980e+03 1.1849e+19 1.0265e+19 1.0265e+19 1.5982e-02 0.0000e+00 2.7615e+05 0.0000e+00
4.2100e+03 7.0293e-12 8.6281e-01 1.7409e+03 1.8419e+03 1.9980e+03 1.1895e+19 1.0301e+19 1.0301e+19 1.5956e-02 0.0000e+00 2.7654e+05 0.0000e+00
4.2200e+03 7.0190e-12 8.6293e-01 1.7406e+03 1.8416e+03 1.9980e+03 1.1942e+19 1.0337e+19 1.0337e+19 1.5931e-02 0.0000e+00 2.7693e+05 0.0000e+00
4.2300e+03 7.0086e-12 8.6305e-01 1.7403e+03 1.8412e+03 1.9980e+03 1.1988e+19 1.0374e+19 1.0374e+19 1.5905e-02 0.0000e+00 2.7732e+05 0.0000e+00
4.2400e+03 6.9983e-12 8.6317e-01 1.7400e+03 1.8409e+03 1.9980e+03 1.2035e+19 1.0410e+19 1.0410e+19 1.5879e-02 0.0000e+00 2.7772e+05 0.0000e+00
4.2500e+03 6.9881e-12 8.6329e-01 1.7397e+03 1.8406e+03 1.9980e+03 1.2082e+19 1.0446e+19 1.0446e+19 1.5854e-02 0.0000e+00 2.7811e+05 0.0000e+00
4.2600e+03 6.9778e-12 8.6341e-01 1.7394e+03 1.8403e+03 1.9980e+03 1.2129e+19 1.0483e+19 1.0483e+19 1.5828e-02 0.0000e+00 2.7850e+05 0.0000e+00
4.2700e+03 6.9676e-12 8.6352e-01 1.7391e+03 1.8400e+03 1.9980e+03 1.2176e+19 1.0519e+19 1.0519e+19 1.5803e-02 0.0000e+00 2.7889e+05 0.0000e+00
4.2800e+03 6.9575e-12 8.6364e-01 1.7388e+03 1.8397e+03 1.9980e+03 1.2223e+19 1.0556e+19 1.0556e+19 1.5778e-02 0.0000e+00 2.7928e+05 0.0000e+00
4.2900e+03 6.9474e-12 8.6376e-01 1.7385e+03 1.8394e+03 1.9980e+03 1.2271e+19 1.0593e+19 1.0593e+19 1.5753e-02 0.0000e+00 2.7967e+05 0.0000e+00
4.3000e+03 6.9373e-12 8.6388e-01 1.7382e+03 1.8391e+03 1.9980e+03 1.2318e+19 1.0629e+19 1.0629e+19 1.5728e-02 0.0000e+00 2.8006e+05 0.0000e+00
4.3100e+03 6.9272e-12 8.6399e-01 1.7380e+03 1.8388e+03 1.9980e+03 1.2365e+19 1.0666e+19 1.0666e+19 1.5703e-02 0.0000e+00 2.8045e+05 0.0000e+00
4.3200e+03 6.9172e-12 8.6411e-01 1.7377e+03 1.8385e+03 1.9980e+03 1.2413e+19 1.0703e+19 1.0703e+19 1.5678e-02 0.0000e+00 2.8084e+05 0.0000e+00
4.3300e+03 6.9073e-12 8.6423e-01 1.7374e+03 1.8382e+03 1.9980e+03 1.2460e+19 1.0740e+19 1.0740e+19 1.5654e-02 0.0000e+00 2.8122e+05 0.0000e+00
4.3400e+03 6.8973e-12 8.6434e-01 1.7371e+03 1.8379e+03 1.9980e+03 1.2508e+19 1.0777e+19 1.0777e+19 1.5629e-02 0.0000e+00 2.8161e+05 0.0000e+00
4.3500e+03 6.8874e-12 8.6446e-01 1.7368e+03 1.8376e+03 1.9980e+03 1.2556e+19 1.0813e+19 1.0813e+19 1.5604e-02 0.0000e+00 2.8200e+05 0.0000e+00
4.3600e+03 6.8775e-12 8.6457e-01 1.7365e+03 1.8373e+03 1.9980e+03 1.2604e+19 1.0850e+19 1.0850e+19 1.5580e-02 0.0000e+00 2.8239e+05 0.0000e+00
4.3700e+03 6.8677e-12 8.6469e-01 1.7362e+03 1.8370e+03 1.9980e+03 1.2652e+19 1.0887e+19 1.0887e+19 1.5556e-02 0.0000e+00 2.8278e+05 0.0000e+00
4.3800e+03 6.8579e-12 8.6480e-01 1.7360e+03 1.8367e+03 1.9980e+03 1.2700e+19 1.0925e+19 1.0925e+19 1.5531e-02 0.0000e+00 2.8316e+05 0.0000e+00
4.3900e+03 6.8481e-12 8.6492e-01 1.7357e+03 1.8364e+03 1.9980e+03 1.2748e+19 1.0962e+19 1.0962e+19 1.5507e-02 0.0000e+00 2.8355e+05 0.0000e+00
4.4000e+03 6.8384e-12 8.6503e-01 1.7354e+03 1.8361e+03 1.9980e+03 1.2796e+19 1.0999e+19 1.0999e+19 1.5483e-02 0.0000e+00 2.8394e+05 0.0000e+00
4.4100e+03 6.8287e-12 8.6514e-01 1.7351e+03 1.8358e+03 1.9980e+03 1.2844e+19 1.1036e+19 1.1036e+19 1.5459e-02 0.0000e+00 2.8432e+05 0.0000e+00
4.4200e+03 6.8190e-12 8.6526e-01 1.7348e+03 1.8355e+03 1.9980e+03 1.2893e+19 1.1073e+19 1.1073e+19 1.5435e-02 0.0000e+00 2.8471e+05 0.0000e+00
4.4300e+03 6.8094e-12 8.6537e-01 1.7346e+03 1.8352e+03 1.9980e+03 1.2941e+19 1.1111e+19 1.1111e+19 1.5411e-02 0.0000e+00 2.8509e+05 0.0000e+00
4.4400e+03 6.7998e-12 8.6548e-01 1.7343e+03 1.8349e+03 1.9980e+03 1.2990e+19 1.1148e+19 1.1148e+19 1.5388e-02 0.0000e+00 2.8548e+05 0.0000e+00
4.4500e+03 6.7902e-12 8.6559e-01 1.7340e+03 1.8346e+03 1.9980e+03 1.3038e+19 1.1185e+19 1.1185e+19 1.5364e-02 0.0000e+00 2.8587e+05 0.0000e+00
4.4600e+03 6.7807e-12 8.6570e-01 1.7337e+03 1.8343e+03 1.9980e+03 1.3087e+19 1.1223e+19 1.1223e+19 1.5340e-02 0.0000e+00 2.8625e+05 0.0000e+00
4.4700e+03 6.7711e-12 8.6581e-01 1.7335e+03 1.8340e+03 1.9980e+03 1.3136e+19 1.1260e+19 1.1260e+19 1.5317e-02 0.0000e+00 2.8663e+05 0.0000e+00
4.4800e+03 6.7617e-12 8.6592e-01 1.7332e+03 1.8337e+03 1.9980e+03 1.3185e+19 1.1298e+19 1.1298e+19 1.5294e-02 0.0000e+00 2.8702e+05 0.0000e+00
4.4900e+03 6.7522e-12 8.6603e-01 1.7329e+03 1.8334e+03 1.9980e+03 1.3234e+19 1.1336e+19 1.1336e+19 1.5270e-02 0.0000e+00 2.8740e+05 0.0000e+00
4.5000e+03 6.7428e-12 8.6614e-01 1.7326e+03 1.8332e+03 1.9980e+03 1.3283e+19 1.1373e+19 1.1373e+19 1.5247e-02 0.0000e+00 2.8779e+05 0.0000e+00
4.5100e+03 6.7334e-12 8.6625e-01 1.7324e+03 1.8329e+03 1.9980e+03 1.3332e+19 1.1411e+19 1.1411e+19 1.5224e-02 0.0000e+00 2.8817e+05 0.0000e+00
4.5200e+03 6.7241e-12 8.6636e-01 1.7321e+03 1.8326e+03 1.9980e+03 1.3381e+19 1.1449e+19 1.1449e+19 1.5201e-02 0.0000e+00 2.8855e+05 0.0000e+00
4.5300e+03 6.7147e-12 8.6647e-01 1.7318e+03 1.8323e+03 1.9980e+03 1.3431e+19 1.1487e+19 1.1487e+19 1.5178e-02 0.0000e+00 2.8894e+05 0.0000e+00
4.5400e+03 6.7055e-12 8.6658e-01 1.7315e+03 1.8320e+03 1.9980e+03 1.3480e+19 1.1524e+19 1.1524e+19 1.5155e-02 0.0000e+00 2.8932e+05 0.0000e+00
4.5500e+03 0.0000e+00 0.0000e+00 1.7313e+03 0.0000e+00 1.9980e+03 0.0000e+00 0.0000e+00 0.0000e+00 0.0000e+00 0.0000e+00 0.0000e+00 0.0000e+00
