0.0000e+00 2.0950e-11 2.7636e+00 1.7000e+03 3.2082e+03 4.2000e+03 2.1327e+18 2.4848e+18 2.4848e+18 5.7441e-02 0.0000e+00 5.0660e+04 0.0000e+00
1.0000e+01 2.0831e-11 2.6933e+00 1.7035e+03 3.2149e+03 4.2000e+03 2.0492e+18 2.3759e+18 2.3759e+18 5.8607e-02 0.0000e+00 4.9832e+04 0.0000e+00
2.0000e+01 2.0713e-11 2.6260e+00 1.7070e+03 3.2214e+03 4.2000e+03 1.9511e+18 2.2743e+18 2.2743e+18 5.9768e-02 0.0000e+00 4.9037e+04 0.0000e+00
3.0000e+01 2.0596e-11 2.5617e+00 1.7103e+03 3.2277e+03 4.2000e+03 1.8600e+18 2.1794e+18 2.1794e+18 6.0924e-02 0.0000e+00 4.8273e+04 0.0000e+00
4.0000e+01 2.0481e-11 2.5001e+00 1.7136e+03 3.2339e+03 4.2000e+03 1.7755e+18 2.0906e+18 2.0906e+18 6.2073e-02 0.0000e+00 4.7539e+04 0.0000e+00
5.0000e+01 2.0366e-11 2.4412e+00 1.7169e+03 3.2400e+03 4.2000e+03 1.6969e+18 2.0076e+18 2.0076e+18 6.3214e-02 0.0000e+00 4.6834e+04 0.0000e+00
6.0000e+01 2.0252e-11 2.3848e+00 1.7200e+03 3.2460e+03 4.2000e+03 1.6239e+18 1.9298e+18 1.9298e+18 6.4348e-02 0.0000e+00 4.6156e+04 0.0000e+00
7.0000e+01 2.0138e-11 2.3307e+00 1.7231e+03 3.2518e+03 4.2000e+03 1.5558e+18 1.8569e+18 1.8569e+18 6.5472e-02 0.0000e+00 4.5505e+04 0.0000e+00
8.0000e+01 2.0026e-11 2.2789e+00 1.7261e+03 3.2575e+03 4.2000e+03 1.4924e+18 1.7885e+18 1.7885e+18 6.6588e-02 0.0000e+00 4.4879e+04 0.0000e+00
9.0000e+01 1.9915e-11 2.2292e+00 1.7291e+03 3.2631e+03 4.2000e+03 1.4332e+18 1.7243e+18 1.7243e+18 6.7693e-02 0.0000e+00 4.4277e+04 0.0000e+00
1.0000e+02 1.9804e-11 2.1816e+00 1.7320e+03 3.2686e+03 4.2000e+03 1.3779e+18 1.6641e+18 1.6641e+18 6.8787e-02 0.0000e+00 4.3698e+04 0.0000e+00
1.1000e+02 1.9695e-11 2.1359e+00 1.7348e+03 3.2739e+03 4.2000e+03 1.3261e+18 1.6074e+18 1.6074e+18 6.9870e-02 0.0000e+00 4.3142e+04 0.0000e+00
1.2000e+02 1.9586e-11 2.0920e+00 1.7375e+03 3.2791e+03 4.2000e+03 1.2777e+18 1.5541e+18 1.5541e+18 7.0941e-02 0.0000e+00 4.2607e+04 0.0000e+00
1.3000e+02 1.9478e-11 2.0499e+00 1.7402e+03 3.2841e+03 4.2000e+03 1.2324e+18 1.5039e+18 1.5039e+18 7.1999e-02 0.0000e+00 4.2093e+04 0.0000e+00
1.4000e+02 1.9371e-11 2.0095e+00 1.7428e+03 3.2891e+03 4.2000e+03 1.1899e+18 1.4567e+18 1.4567e+18 7.3044e-02 0.0000e+00 4.1598e+04 0.0000e+00
1.5000e+02 1.9265e-11 1.9707e+00 1.7454e+03 3.2939e+03 4.2000e+03 1.1501e+18 1.4121e+18 1.4121e+18 7.4076e-02 0.0000e+00 4.1123e+04 0.0000e+00
1.6000e+02 1.9159e-11 1.9333e+00 1.7479e+03 3.2986e+03 4.2000e+03 1.1126e+18 1.3701e+18 1.3701e+18 7.5093e-02 0.0000e+00 4.0665e+04 0.0000e+00
1.7000e+02 1.9055e-11 1.8975e+00 1.7503e+03 3.3032e+03 4.2000e+03 1.0775e+18 1.3305e+18 1.3305e+18 7.6096e-02 0.0000e+00 4.0226e+04 0.0000e+00
1.8000e+02 1.8951e-11 1.8630e+00 1.7527e+03 3.3077e+03 4.2000e+03 1.0444e+18 1.2931e+18 1.2931e+18 7.7083e-02 0.0000e+00 3.9802e+04 0.0000e+00
1.9000e+02 1.8848e-11 1.8298e+00 1.7550e+03 3.3120e+03 4.2000e+03 1.0133e+18 1.2578e+18 1.2578e+18 7.8055e-02 0.0000e+00 3.9396e+04 0.0000e+00
2.0000e+02 1.8746e-11 1.7978e+00 1.7572e+03 3.3163e+03 4.2000e+03 9.8399e+17 1.2244e+18 1.2244e+18 7.9011e-02 0.0000e+00 3.9004e+04 0.0000e+00
2.1000e+02 1.8645e-11 1.7671e+00 1.7594e+03 3.3204e+03 4.2000e+03 9.5639e+17 1.1929e+18 1.1929e+18 7.9950e-02 0.0000e+00 3.8628e+04 0.0000e+00
2.2000e+02 1.8544e-11 1.7375e+00 1.7616e+03 3.3244e+03 4.2000e+03 9.3037e+17 1.1630e+18 1.1630e+18 8.0873e-02 0.0000e+00 3.8266e+04 0.0000e+00
2.3000e+02 1.8445e-11 1.7090e+00 1.7636e+03 3.3283e+03 4.2000e+03 9.0583e+17 1.1348e+18 1.1348e+18 8.1779e-02 0.0000e+00 3.7918e+04 0.0000e+00
2.4000e+02 1.8346e-11 1.6816e+00 1.7656e+03 3.3321e+03 4.2000e+03 8.8267e+17 1.1080e+18 1.1080e+18 8.2667e-02 0.0000e+00 3.7584e+04 0.0000e+00
2.5000e+02 1.8247e-11 1.6552e+00 1.7676e+03 3.3358e+03 4.2000e+03 8.6079e+17 1.0827e+18 1.0827e+18 8.3538e-02 0.0000e+00 3.7262e+04 0.0000e+00
2.6000e+02 1.8150e-11 1.6297e+00 1.7695e+03 3.3394e+03 4.2000e+03 8.4013e+17 1.0587e+18 1.0587e+18 8.4391e-02 0.0000e+00 3.6953e+04 0.0000e+00
2.7000e+02 1.8053e-11 1.6051e+00 1.7713e+03 3.3429e+03 4.2000e+03 8.2060e+17 1.0360e+18 1.0360e+18 8.5226e-02 0.0000e+00 3.6655e+04 0.0000e+00
2.8000e+02 1.7957e-11 1.5814e+00 1.7731e+03 3.3462e+03 4.2000e+03 8.0213e+17 1.0144e+18 1.0144e+18 8.6043e-02 0.0000e+00 3.6370e+04 0.0000e+00
2.9000e+02 1.7862e-11 1.5586e+00 1.7749e+03 3.3495e+03 4.2000e+03 7.8466e+17 9.9396e+17 9.9396e+17 8.6842e-02 0.0000e+00 3.6095e+04 0.0000e+00
3.0000e+02 1.7768e-11 1.5365e+00 1.7765e+03 3.3527e+03 4.2000e+03 7.6813e+17 9.7457e+17 9.7457e+17 8.7622e-02 0.0000e+00 3.5831e+04 0.0000e+00
3.1000e+02 1.7674e-11 1.5153e+00 1.7782e+03 3.3558e+03 4.2000e+03 7.5248e+17 9.5617e+17 9.5617e+17 8.8384e-02 0.0000e+00 3.5578e+04 0.0000e+00
3.2000e+02 1.7581e-11 1.4947e+00 1.7798e+03 3.3587e+03 4.2000e+03 7.3766e+17 9.3871e+17 9.3871e+17 8.9127e-02 0.0000e+00 3.5335e+04 0.0000e+00
3.3000e+02 1.7489e-11 1.4749e+00 1.7813e+03 3.3616e+03 4.2000e+03 7.2363e+17 9.2214e+17 9.2214e+17 8.9851e-02 0.0000e+00 3.5101e+04 0.0000e+00
3.4000e+02 1.7397e-11 1.4558e+00 1.7828e+03 3.3644e+03 4.2000e+03 7.1033e+17 9.0640e+17 9.0640e+17 9.0556e-02 0.0000e+00 3.4877e+04 0.0000e+00
3.5000e+02 1.7306e-11 1.4373e+00 1.7842e+03 3.3671e+03 4.2000e+03 6.9773e+17 8.9147e+17 8.9147e+17 9.1243e-02 0.0000e+00 3.4661e+04 0.0000e+00
3.6000e+02 1.7216e-11 1.4194e+00 1.7856e+03 3.3697e+03 4.2000e+03 6.8579e+17 8.7728e+17 8.7728e+17 9.1910e-02 0.0000e+00 3.4455e+04 0.0000e+00
3.7000e+02 1.7127e-11 1.4021e+00 1.7869e+03 3.3723e+03 4.2000e+03 6.7447e+17 8.6381e+17 8.6381e+17 9.2559e-02 0.0000e+00 3.4256e+04 0.0000e+00
3.8000e+02 1.7038e-11 1.3854e+00 1.7882e+03 3.3747e+03 4.2000e+03 6.6374e+17 8.5102e+17 8.5102e+17 9.3189e-02 0.0000e+00 3.4066e+04 0.0000e+00
3.9000e+02 1.6950e-11 1.3693e+00 1.7895e+03 3.3770e+03 4.2000e+03 6.5356e+17 8.3888e+17 8.3888e+17 9.3801e-02 0.0000e+00 3.3884e+04 0.0000e+00
4.0000e+02 1.6863e-11 1.3537e+00 1.7907e+03 3.3793e+03 4.2000e+03 6.4391e+17 8.2734e+17 8.2734e+17 9.4393e-02 0.0000e+00 3.3710e+04 0.0000e+00
4.1000e+02 1.6776e-11 1.3385e+00 1.7918e+03 3.3815e+03 4.2000e+03 6.3477e+17 8.1639e+17 8.1639e+17 9.4967e-02 0.0000e+00 3.3542e+04 0.0000e+00
4.2000e+02 1.6690e-11 1.3239e+00 1.7929e+03 3.3836e+03 4.2000e+03 6.2610e+17 8.0599e+17 8.0599e+17 9.5523e-02 0.0000e+00 3.3382e+04 0.0000e+00
4.3000e+02 1.6604e-11 1.3098e+00 1.7940e+03 3.3856e+03 4.2000e+03 6.1788e+17 7.9612e+17 7.9612e+17 9.6060e-02 0.0000e+00 3.3229e+04 0.0000e+00
4.4000e+02 1.6520e-11 1.2961e+00 1.7950e+03 3.3876e+03 4.2000e+03 6.1008e+17 7.8676e+17 7.8676e+17 9.6579e-02 0.0000e+00 3.3083e+04 0.0000e+00
4.5000e+02 1.6435e-11 1.2828e+00 1.7960e+03 3.3894e+03 4.2000e+03 6.0270e+17 7.7787e+17 7.7787e+17 9.7080e-02 0.0000e+00 3.2943e+04 0.0000e+00
4.6000e+02 1.6352e-11 1.2700e+00 1.7970e+03 3.3912e+03 4.2000e+03 5.9570e+17 7.6944e+17 7.6944e+17 9.7563e-02 0.0000e+00 3.2809e+04 0.0000e+00
4.7000e+02 1.6269e-11 1.2576e+00 1.7979e+03 3.3930e+03 4.2000e+03 5.8908e+17 7.6145e+17 7.6145e+17 9.8028e-02 0.0000e+00 3.2681e+04 0.0000e+00
4.8000e+02 1.6187e-11 1.2455e+00 1.7988e+03 3.3946e+03 4.2000e+03 5.8280e+17 7.5387e+17 7.5387e+17 9.8476e-02 0.0000e+00 3.2559e+04 0.0000e+00
4.9000e+02 1.6105e-11 1.2339e+00 1.7996e+03 3.3962e+03 4.2000e+03 5.7686e+17 7.4669e+17 7.4669e+17 9.8906e-02 0.0000e+00 3.2443e+04 0.0000e+00
5.0000e+02 1.6024e-11 1.2226e+00 1.8004e+03 3.3977e+03 4.2000e+03 5.7125e+17 7.3989e+17 7.3989e+17 9.9319e-02 0.0000e+00 3.2332e+04 0.0000e+00
5.1000e+02 1.5944e-11 1.2116e+00 1.8012e+03 3.3992e+03 4.2000e+03 5.6594e+17 7.3346e+17 7.3346e+17 9.9715e-02 0.0000e+00 3.2227e+04 0.0000e+00
5.2000e+02 1.5864e-11 1.2010e+00 1.8019e+03 3.4005e+03 4.2000e+03 5.6092e+17 7.2738e+17 7.2738e+17 1.0009e-01 0.0000e+00 3.2127e+04 0.0000e+00
5.3000e+02 1.5785e-11 1.1907e+00 1.8026e+03 3.4019e+03 4.2000e+03 5.5618e+17 7.2163e+17 7.2163e+17 1.0046e-01 0.0000e+00 3.2032e+04 0.0000e+00
5.4000e+02 1.5707e-11 1.1807e+00 1.8033e+03 3.4031e+03 4.2000e+03 5.5171e+17 7.1621e+17 7.1621e+17 1.0080e-01 0.0000e+00 3.1941e+04 0.0000e+00
5.5000e+02 1.5629e-11 1.1710e+00 1.8039e+03 3.4043e+03 4.2000e+03 5.4749e+17 7.1109e+17 7.1109e+17 1.0113e-01 0.0000e+00 3.1856e+04 0.0000e+00
5.6000e+02 1.5551e-11 1.1616e+00 1.8045e+03 3.4054e+03 4.2000e+03 5.4353e+17 7.0627e+17 7.0627e+17 1.0145e-01 0.0000e+00 3.1775e+04 0.0000e+00
5.7000e+02 1.5475e-11 1.1525e+00 1.8051e+03 3.4065e+03 4.2000e+03 5.3979e+17 7.0173e+17 7.0173e+17 1.0175e-01 0.0000e+00 3.1699e+04 0.0000e+00
5.8000e+02 1.5398e-11 1.1436e+00 1.8056e+03 3.4075e+03 4.2000e+03 5.3629e+17 6.9747e+17 6.9747e+17 1.0203e-01 0.0000e+00 3.1626e+04 0.0000e+00
5.9000e+02 1.5323e-11 1.1350e+00 1.8061e+03 3.4085e+03 4.2000e+03 5.3300e+17 6.9346e+17 6.9346e+17 1.0230e-01 0.0000e+00 3.1558e+04 0.0000e+00
6.0000e+02 1.5248e-11 1.1267e+00 1.8066e+03 3.4094e+03 4.2000e+03 5.2992e+17 6.8972e+17 6.8972e+17 1.0255e-01 0.0000e+00 3.1494e+04 0.0000e+00
6.1000e+02 1.5173e-11 1.1186e+00 1.8070e+03 3.4102e+03 4.2000e+03 5.2705e+17 6.8621e+17 6.8621e+17 1.0279e-01 0.0000e+00 3.1434e+04 0.0000e+00
6.2000e+02 1.5099e-11 1.1107e+00 1.8075e+03 3.4110e+03 4.2000e+03 5.2436e+17 6.8294e+17 6.8294e+17 1.0301e-01 0.0000e+00 3.1378e+04 0.0000e+00
6.3000e+02 1.5026e-11 1.1030e+00 1.8079e+03 3.4118e+03 4.2000e+03 5.2186e+17 6.7989e+17 6.7989e+17 1.0322e-01 0.0000e+00 3.1326e+04 0.0000e+00
6.4000e+02 1.4953e-11 1.0956e+00 1.8082e+03 3.4125e+03 4.2000e+03 5.1954e+17 6.7707e+17 6.7707e+17 1.0342e-01 0.0000e+00 3.1277e+04 0.0000e+00
6.5000e+02 1.4881e-11 1.0884e+00 1.8086e+03 3.4131e+03 4.2000e+03 5.1740e+17 6.7445e+17 6.7445e+17 1.0360e-01 0.0000e+00 3.1232e+04 0.0000e+00
6.6000e+02 1.4809e-11 1.0814e+00 1.8089e+03 3.4137e+03 4.2000e+03 5.1542e+17 6.7204e+17 6.7204e+17 1.0377e-01 0.0000e+00 3.1190e+04 0.0000e+00
6.7000e+02 1.4738e-11 1.0745e+00 1.8092e+03 3.4143e+03 4.2000e+03 5.1360e+17 6.6982e+17 6.6982e+17 1.0393e-01 0.0000e+00 3.1151e+04 0.0000e+00
6.8000e+02 1.4667e-11 1.0679e+00 1.8094e+03 3.4148e+03 4.2000e+03 5.1194e+17 6.6779e+17 6.6779e+17 1.0407e-01 0.0000e+00 3.1116e+04 0.0000e+00
6.9000e+02 1.4597e-11 1.0615e+00 1.8097e+03 3.4152e+03 4.2000e+03 5.1043e+17 6.6595e+17 6.6595e+17 1.0420e-01 0.0000e+00 3.1084e+04 0.0000e+00
7.0000e+02 1.4528e-11 1.0552e+00 1.8099e+03 3.4157e+03 4.2000e+03 5.0906e+17 6.6428e+17 6.6428e+17 1.0432e-01 0.0000e+00 3.1055e+04 0.0000e+00
7.1000e+02 1.4458e-11 1.0491e+00 1.8101e+03 3.4160e+03 4.2000e+03 5.0784e+17 6.6279e+17 6.6279e+17 1.0443e-01 0.0000e+00 3.1029e+04 0.0000e+00
7.2000e+02 1.4390e-11 1.0432e+00 1.8103e+03 3.4164e+03 4.2000e+03 5.0675e+17 6.6146e+17 6.6146e+17 1.0453e-01 0.0000e+00 3.1005e+04 0.0000e+00
7.3000e+02 1.4322e-11 1.0374e+00 1.8105e+03 3.4167e+03 4.2000e+03 5.0579e+17 6.6030e+17 6.6030e+17 1.0461e-01 0.0000e+00 3.0985e+04 0.0000e+00
7.4000e+02 1.4254e-11 1.0318e+00 1.8106e+03 3.4169e+03 4.2000e+03 5.0496e+17 6.5929e+17 6.5929e+17 1.0468e-01 0.0000e+00 3.0967e+04 0.0000e+00
7.5000e+02 1.4187e-11 1.0263e+00 1.8107e+03 3.4171e+03 4.2000e+03 5.0426e+17 6.5843e+17 6.5843e+17 1.0475e-01 0.0000e+00 3.0952e+04 0.0000e+00
7.6000e+02 1.4121e-11 1.0210e+00 1.8108e+03 3.4173e+03 4.2000e+03 5.0367e+17 6.5772e+17 6.5772e+17 1.0480e-01 0.0000e+00 3.0940e+04 0.0000e+00
7.7000e+02 1.4054e-11 1.0158e+00 1.8109e+03 3.4175e+03 4.2000e+03 5.0320e+17 6.5716e+17 6.5716e+17 1.0484e-01 0.0000e+00 3.0930e+04 0.0000e+00
7.8000e+02 1.3989e-11 1.0108e+00 1.8109e+03 3.4176e+03 4.2000e+03 5.0285e+17 6.5673e+17 6.5673e+17 1.0487e-01 0.0000e+00 3.0922e+04 0.0000e+00
7.9000e+02 1.3924e-11 1.0059e+00 1.8110e+03 3.4177e+03 4.2000e+03 5.0261e+17 6.5644e+17 6.5644e+17 1.0489e-01 0.0000e+00 3.0917e+04 0.0000e+00
8.0000e+02 1.3859e-11 1.0011e+00 1.8110e+03 3.4177e+03 4.2000e+03 5.0247e+17 6.5629e+17 6.5629e+17 1.0490e-01 0.0000e+00 3.0914e+04 0.0000e+00
8.1000e+02 1.3795e-11 9.9644e-01 1.8110e+03 3.4177e+03 4.2000e+03 5.0244e+17 6.5626e+17 6.5626e+17 1.0490e-01 0.0000e+00 3.0914e+04 0.0000e+00
8.2000e+02 1.3731e-11 9.9191e-01 1.8110e+03 3.4177e+03 4.2000e+03 5.0251e+17 6.5635e+17 6.5635e+17 1.0490e-01 0.0000e+00 3.0915e+04 0.0000e+00
8.3000e+02 1.3668e-11 9.8749e-01 1.8110e+03 3.4176e+03 4.2000e+03 5.0268e+17 6.5657e+17 6.5657e+17 1.0488e-01 0.0000e+00 3.0919e+04 0.0000e+00
8.4000e+02 1.3605e-11 9.8318e-01 1.8109e+03 3.4175e+03 4.2000e+03 5.0295e+17 6.5691e+17 6.5691e+17 1.0486e-01 0.0000e+00 3.0925e+04 0.0000e+00
8.5000e+02 1.3543e-11 9.7899e-01 1.8108e+03 3.4174e+03 4.2000e+03 5.0331e+17 6.5736e+17 6.5736e+17 1.0482e-01 0.0000e+00 3.0933e+04 0.0000e+00
8.6000e+02 1.3481e-11 9.7490e-01 1.8108e+03 3.4173e+03 4.2000e+03 5.0376e+17 6.5792e+17 6.5792e+17 1.0478e-01 0.0000e+00 3.0943e+04 0.0000e+00
8.7000e+02 1.3420e-11 9.7092e-01 1.8107e+03 3.4171e+03 4.2000e+03 5.0430e+17 6.5860e+17 6.5860e+17 1.0473e-01 0.0000e+00 3.0955e+04 0.0000e+00
8.8000e+02 1.3359e-11 9.6703e-01 1.8106e+03 3.4169e+03 4.2000e+03 5.0494e+17 6.5939e+17 6.5939e+17 1.0468e-01 0.0000e+00 3.0969e+04 0.0000e+00
8.9000e+02 1.3298e-11 9.6325e-01 1.8105e+03 3.4167e+03 4.2000e+03 5.0565e+17 6.6027e+17 6.6027e+17 1.0461e-01 0.0000e+00 3.0985e+04 0.0000e+00
9.0000e+02 1.3238e-11 9.5955e-01 1.8103e+03 3.4164e+03 4.2000e+03 5.0645e+17 6.6127e+17 6.6127e+17 1.0454e-01 0.0000e+00 3.1002e+04 0.0000e+00
9.1000e+02 1.3179e-11 9.5595e-01 1.8102e+03 3.4162e+03 4.2000e+03 5.0734e+17 6.6236e+17 6.6236e+17 1.0446e-01 0.0000e+00 3.1021e+04 0.0000e+00
9.2000e+02 1.3119e-11 9.5244e-01 1.8100e+03 3.4159e+03 4.2000e+03 5.0830e+17 6.6355e+17 6.6355e+17 1.0438e-01 0.0000e+00 3.1042e+04 0.0000e+00
9.3000e+02 1.3061e-11 9.4901e-01 1.8098e+03 3.4155e+03 4.2000e+03 5.0935e+17 6.6484e+17 6.6484e+17 1.0428e-01 0.0000e+00 3.1065e+04 0.0000e+00
9.4000e+02 1.3002e-11 9.4567e-01 1.8097e+03 3.4152e+03 4.2000e+03 5.1047e+17 6.6623e+17 6.6623e+17 1.0418e-01 0.0000e+00 3.1089e+04 0.0000e+00
9.5000e+02 1.2944e-11 9.4241e-01 1.8095e+03 3.4148e+03 4.2000e+03 5.1166e+17 6.6770e+17 6.6770e+17 1.0408e-01 0.0000e+00 3.1115e+04 0.0000e+00
9.6000e+02 1.2887e-11 9.3923e-01 1.8093e+03 3.4144e+03 4.2000e+03 5.1294e+17 6.6927e+17 6.6927e+17 1.0397e-01 0.0000e+00 3.1142e+04 0.0000e+00
9.7000e+02 1.2830e-11 9.3613e-01 1.8090e+03 3.4140e+03 4.2000e+03 5.1428e+17 6.7093e+17 6.7093e+17 1.0385e-01 0.0000e+00 3.1171e+04 0.0000e+00
9.8000e+02 1.2773e-11 9.3310e-01 1.8088e+03 3.4136e+03 4.2000e+03 5.1570e+17 6.7267e+17 6.7267e+17 1.0373e-01 0.0000e+00 3.1201e+04 0.0000e+00
9.9000e+02 1.2717e-11 9.3014e-01 1.8086e+03 3.4131e+03 4.2000e+03 5.1718e+17 6.7450e+17 6.7450e+17 1.0360e-01 0.0000e+00 3.1233e+04 0.0000e+00
1.0000e+03 1.2661e-11 9.2725e-01 1.8083e+03 3.4126e+03 4.2000e+03 5.1874e+17 6.7642e+17 6.7642e+17 1.0347e-01 0.0000e+00 3.1266e+04 0.0000e+00
1.0100e+03 1.2606e-11 9.2443e-01 1.8081e+03 3.4121e+03 4.2000e+03 5.2036e+17 6.7841e+17 6.7841e+17 1.0333e-01 0.0000e+00 3.1300e+04 0.0000e+00
1.0200e+03 1.2551e-11 9.2168e-01 1.8078e+03 3.4116e+03 4.2000e+03 5.2205e+17 6.8049e+17 6.8049e+17 1.0318e-01 0.0000e+00 3.1336e+04 0.0000e+00
1.0300e+03 1.2496e-11 9.1899e-01 1.8075e+03 3.4111e+03 4.2000e+03 5.2381e+17 6.8265e+17 6.8265e+17 1.0303e-01 0.0000e+00 3.1373e+04 0.0000e+00
1.0400e+03 1.2442e-11 9.1637e-01 1.8072e+03 3.4106e+03 4.2000e+03 5.2563e+17 6.8489e+17 6.8489e+17 1.0288e-01 0.0000e+00 3.1412e+04 0.0000e+00
1.0500e+03 1.2388e-11 9.1381e-01 1.8069e+03 3.4100e+03 4.2000e+03 5.2752e+17 6.8720e+17 6.8720e+17 1.0272e-01 0.0000e+00 3.1451e+04 0.0000e+00
1.0600e+03 1.2334e-11 9.1130e-01 1.8066e+03 3.4094e+03 4.2000e+03 5.2946e+17 6.8960e+17 6.8960e+17 1.0256e-01 0.0000e+00 3.1492e+04 0.0000e+00
1.0700e+03 1.2281e-11 9.0886e-01 1.8063e+03 3.4088e+03 4.2000e+03 5.3147e+17 6.9206e+17 6.9206e+17 1.0239e-01 0.0000e+00 3.1534e+04 0.0000e+00
1.0800e+03 1.2228e-11 9.0647e-01 1.8060e+03 3.4082e+03 4.2000e+03 5.3355e+17 6.9460e+17 6.9460e+17 1.0222e-01 0.0000e+00 3.1578e+04 0.0000e+00
1.0900e+03 1.2176e-11 9.0413e-01 1.8056e+03 3.4076e+03 4.2000e+03 5.3568e+17 6.9722e+17 6.9722e+17 1.0205e-01 0.0000e+00 3.1622e+04 0.0000e+00
1.1000e+03 1.2124e-11 9.0185e-01 1.8053e+03 3.4069e+03 4.2000e+03 5.3787e+17 6.9990e+17 6.9990e+17 1.0187e-01 0.0000e+00 3.1668e+04 0.0000e+00
1.1100e+03 1.2072e-11 8.9962e-01 1.8049e+03 3.4063e+03 4.2000e+03 5.4012e+17 7.0266e+17 7.0266e+17 1.0168e-01 0.0000e+00 3.1714e+04 0.0000e+00
1.1200e+03 1.2021e-11 8.9745e-01 1.8046e+03 3.4056e+03 4.2000e+03 5.4243e+17 7.0548e+17 7.0548e+17 1.0150e-01 0.0000e+00 3.1762e+04 0.0000e+00
1.1300e+03 1.1970e-11 8.9532e-01 1.8042e+03 3.4049e+03 4.2000e+03 5.4479e+17 7.0838e+17 7.0838e+17 1.0131e-01 0.0000e+00 3.1810e+04 0.0000e+00
1.1400e+03 1.1920e-11 8.9324e-01 1.8039e+03 3.4042e+03 4.2000e+03 5.4722e+17 7.1134e+17 7.1134e+17 1.0112e-01 0.0000e+00 3.1860e+04 0.0000e+00
1.1500e+03 1.1870e-11 8.9120e-01 1.8035e+03 3.4035e+03 4.2000e+03 5.4969e+17 7.1437e+17 7.1437e+17 1.0092e-01 0.0000e+00 3.1911e+04 0.0000e+00
1.1600e+03 1.1820e-11 8.8921e-01 1.8031e+03 3.4028e+03 4.2000e+03 5.5223e+17 7.1746e+17 7.1746e+17 1.0072e-01 0.0000e+00 3.1962e+04 0.0000e+00
1.1700e+03 1.1770e-11 8.8727e-01 1.8027e+03 3.4021e+03 4.2000e+03 5.5482e+17 7.2063e+17 7.2063e+17 1.0052e-01 0.0000e+00 3.2015e+04 0.0000e+00
1.1800e+03 1.1721e-11 8.8537e-01 1.8023e+03 3.4014e+03 4.2000e+03 5.5746e+17 7.2385e+17 7.2385e+17 1.0032e-01 0.0000e+00 3.2068e+04 0.0000e+00
1.1900e+03 1.1672e-11 8.8351e-01 1.8019e+03 3.4006e+03 4.2000e+03 5.6016e+17 7.2714e+17 7.2714e+17 1.0011e-01 0.0000e+00 3.2123e+04 0.0000e+00
1.2000e+03 1.1624e-11 8.8169e-01 1.8015e+03 3.3998e+03 4.2000e+03 5.6291e+17 7.3050e+17 7.3050e+17 9.9900e-02 0.0000e+00 3.2178e+04 0.0000e+00
1.2100e+03 1.1576e-11 8.7991e-01 1.8011e+03 3.3991e+03 4.2000e+03 5.6571e+17 7.3391e+17 7.3391e+17 9.9687e-02 0.0000e+00 3.2234e+04 0.0000e+00
1.2200e+03 1.1528e-11 8.7817e-01 1.8007e+03 3.3983e+03 4.2000e+03 5.6856e+17 7.3739e+17 7.3739e+17 9.9473e-02 0.0000e+00 3.2291e+04 0.0000e+00
1.2300e+03 1.1481e-11 8.7647e-01 1.8003e+03 3.3975e+03 4.2000e+03 5.7147e+17 7.4093e+17 7.4093e+17 9.9256e-02 0.0000e+00 3.2349e+04 0.0000e+00
1.2400e+03 1.1434e-11 8.7480e-01 1.7999e+03 3.3967e+03 4.2000e+03 5.7443e+17 7.4453e+17 7.4453e+17 9.9037e-02 0.0000e+00 3.2408e+04 0.0000e+00
1.2500e+03 1.1387e-11 8.7317e-01 1.7994e+03 3.3959e+03 4.2000e+03 5.7743e+17 7.4819e+17 7.4819e+17 9.8816e-02 0.0000e+00 3.2467e+04 0.0000e+00
1.2600e+03 1.1340e-11 8.7158e-01 1.7990e+03 3.3951e+03 4.2000e+03 5.8049e+17 7.5191e+17 7.5191e+17 9.8593e-02 0.0000e+00 3.2527e+04 0.0000e+00
1.2700e+03 1.1294e-11 8.7002e-01 1.7986e+03 3.3942e+03 4.2000e+03 5.8360e+17 7.5568e+17 7.5568e+17 9.8368e-02 0.0000e+00 3.2588e+04 0.0000e+00
1.2800e+03 1.1248e-11 8.6849e-01 1.7981e+03 3.3934e+03 4.2000e+03 5.8676e+17 7.5952e+17 7.5952e+17 9.8141e-02 0.0000e+00 3.2650e+04 0.0000e+00
1.2900e+03 1.1203e-11 8.6700e-01 1.7977e+03 3.3925e+03 4.2000e+03 5.8997e+17 7.6341e+17 7.6341e+17 9.7913e-02 0.0000e+00 3.2713e+04 0.0000e+00
1.3000e+03 1.1158e-11 8.6554e-01 1.7972e+03 3.3917e+03 4.2000e+03 5.9323e+17 7.6737e+17 7.6737e+17 9.7683e-02 0.0000e+00 3.2776e+04 0.0000e+00
1.3100e+03 1.1113e-11 8.6410e-01 1.7968e+03 3.3908e+03 4.2000e+03 5.9653e+17 7.7137e+17 7.7137e+17 9.7452e-02 0.0000e+00 3.2840e+04 0.0000e+00
1.3200e+03 1.1068e-11 8.6270e-01 1.7963e+03 3.3900e+03 4.2000e+03 5.9989e+17 7.7544e+17 7.7544e+17 9.7219e-02 0.0000e+00 3.2904e+04 0.0000e+00
1.3300e+03 1.1024e-11 8.6133e-01 1.7958e+03 3.3891e+03 4.2000e+03 6.0329e+17 7.7956e+17 7.7956e+17 9.6984e-02 0.0000e+00 3.2969e+04 0.0000e+00
1.3400e+03 1.0980e-11 8.5999e-01 1.7954e+03 3.3882e+03 4.2000e+03 6.0674e+17 7.8373e+17 7.8373e+17 9.6749e-02 0.0000e+00 3.3035e+04 0.0000e+00
1.3500e+03 1.0937e-11 8.5868e-01 1.7949e+03 3.3873e+03 4.2000e+03 6.1023e+17 7.8796e+17 7.8796e+17 9.6512e-02 0.0000e+00 3.3102e+04 0.0000e+00
1.3600e+03 1.0893e-11 8.5739e-01 1.7944e+03 3.3864e+03 4.2000e+03 6.1378e+17 7.9225e+17 7.9225e+17 9.6274e-02 0.0000e+00 3.3169e+04 0.0000e+00
1.3700e+03 1.0850e-11 8.5613e-01 1.7939e+03 3.3855e+03 4.2000e+03 6.1737e+17 7.9659e+17 7.9659e+17 9.6035e-02 0.0000e+00 3.3236e+04 0.0000e+00
1.3800e+03 1.0808e-11 8.5490e-01 1.7935e+03 3.3846e+03 4.2000e+03 6.2101e+17 8.0098e+17 8.0098e+17 9.5795e-02 0.0000e+00 3.3305e+04 0.0000e+00
1.3900e+03 1.0765e-11 8.5369e-01 1.7930e+03 3.3837e+03 4.2000e+03 6.2469e+17 8.0543e+17 8.0543e+17 9.5553e-02 0.0000e+00 3.3374e+04 0.0000e+00
1.4000e+03 1.0723e-11 8.5250e-01 1.7925e+03 3.3828e+03 4.2000e+03 6.2842e+17 8.0993e+17 8.0993e+17 9.5312e-02 0.0000e+00 3.3443e+04 0.0000e+00
1.4100e+03 1.0681e-11 8.5135e-01 1.7920e+03 3.3819e+03 4.2000e+03 6.3220e+17 8.1448e+17 8.1448e+17 9.5069e-02 0.0000e+00 3.3513e+04 0.0000e+00
1.4200e+03 1.0640e-11 8.5021e-01 1.7915e+03 3.3810e+03 4.2000e+03 6.3602e+17 8.1909e+17 8.1909e+17 9.4825e-02 0.0000e+00 3.3584e+04 0.0000e+00
1.4300e+03 1.0598e-11 8.4910e-01 1.7910e+03 3.3800e+03 4.2000e+03 6.3989e+17 8.2374e+17 8.2374e+17 9.4581e-02 0.0000e+00 3.3655e+04 0.0000e+00
1.4400e+03 1.0557e-11 8.4801e-01 1.7905e+03 3.3791e+03 4.2000e+03 6.4380e+17 8.2845e+17 8.2845e+17 9.4336e-02 0.0000e+00 3.3726e+04 0.0000e+00
1.4500e+03 1.0517e-11 8.4694e-01 1.7900e+03 3.3782e+03 4.2000e+03 6.4776e+17 8.3321e+17 8.3321e+17 9.4090e-02 0.0000e+00 3.3799e+04 0.0000e+00
1.4600e+03 1.0476e-11 8.4590e-01 1.7895e+03 3.3772e+03 4.2000e+03 6.5176e+17 8.3802e+17 8.3802e+17 9.3844e-02 0.0000e+00 3.3871e+04 0.0000e+00
1.4700e+03 1.0436e-11 8.4487e-01 1.7890e+03 3.3763e+03 4.2000e+03 6.5581e+17 8.4289e+17 8.4289e+17 9.3597e-02 0.0000e+00 3.3944e+04 0.0000e+00
1.4800e+03 1.0396e-11 8.4387e-01 1.7885e+03 3.3753e+03 4.2000e+03 6.5990e+17 8.4780e+17 8.4780e+17 9.3350e-02 0.0000e+00 3.4018e+04 0.0000e+00
1.4900e+03 1.0356e-11 8.4289e-01 1.7880e+03 3.3744e+03 4.2000e+03 6.6404e+17 8.5276e+17 8.5276e+17 9.3103e-02 0.0000e+00 3.4092e+04 0.0000e+00
1.5000e+03 1.0317e-11 8.4193e-01 1.7875e+03 3.3734e+03 4.2000e+03 6.6822e+17 8.5777e+17 8.5777e+17 9.2855e-02 0.0000e+00 3.4167e+04 0.0000e+00
1.5100e+03 1.0278e-11 8.4098e-01 1.7870e+03 3.3724e+03 4.2000e+03 6.7245e+17 8.6284e+17 8.6284e+17 9.2607e-02 0.0000e+00 3.4242e+04 0.0000e+00
1.5200e+03 1.0239e-11 8.4006e-01 1.7865e+03 3.3715e+03 4.2000e+03 6.7672e+17 8.6795e+17 8.6795e+17 9.2358e-02 0.0000e+00 3.4317e+04 0.0000e+00
1.5300e+03 1.0200e-11 8.3915e-01 1.7860e+03 3.3705e+03 4.2000e+03 6.8103e+17 8.7311e+17 8.7311e+17 9.2110e-02 0.0000e+00 3.4393e+04 0.0000e+00
1.5400e+03 1.0162e-11 8.3826e-01 1.7855e+03 3.3695e+03 4.2000e+03 6.8539e+17 8.7832e+17 8.7832e+17 9.1861e-02 0.0000e+00 3.4470e+04 0.0000e+00
1.5500e+03 1.0124e-11 8.3739e-01 1.7850e+03 3.3686e+03 4.2000e+03 6.8979e+17 8.8358e+17 8.8358e+17 9.1612e-02 0.0000e+00 3.4547e+04 0.0000e+00
1.5600e+03 1.0086e-11 8.3654e-01 1.7844e+03 3.3676e+03 4.2000e+03 6.9423e+17 8.8889e+17 8.8889e+17 9.1363e-02 0.0000e+00 3.4624e+04 0.0000e+00
1.5700e+03 1.0049e-11 8.3571e-01 1.7839e+03 3.3666e+03 4.2000e+03 6.9872e+17 8.9425e+17 8.9425e+17 9.1114e-02 0.0000e+00 3.4702e+04 0.0000e+00
1.5800e+03 1.0011e-11 8.3489e-01 1.7834e+03 3.3656e+03 4.2000e+03 7.0325e+17 8.9965e+17 8.9965e+17 9.0864e-02 0.0000e+00 3.4780e+04 0.0000e+00
1.5900e+03 9.9744e-12 8.3408e-01 1.7829e+03 3.3647e+03 4.2000e+03 7.0783e+17 9.0511e+17 9.0511e+17 9.0615e-02 0.0000e+00 3.4858e+04 0.0000e+00
1.6000e+03 9.9376e-12 8.3330e-01 1.7824e+03 3.3637e+03 4.2000e+03 7.1245e+17 9.1061e+17 9.1061e+17 9.0366e-02 0.0000e+00 3.4937e+04 0.0000e+00
1.6100e+03 9.9010e-12 8.3253e-01 1.7818e+03 3.3627e+03 4.2000e+03 7.1711e+17 9.1616e+17 9.1616e+17 9.0117e-02 0.0000e+00 3.5016e+04 0.0000e+00
1.6200e+03 9.8647e-12 8.3177e-01 1.7813e+03 3.3617e+03 4.2000e+03 7.2181e+17 9.2175e+17 9.2175e+17 8.9868e-02 0.0000e+00 3.5095e+04 0.0000e+00
1.6300e+03 9.8286e-12 8.3103e-01 1.7808e+03 3.3607e+03 4.2000e+03 7.2656e+17 9.2740e+17 9.2740e+17 8.9619e-02 0.0000e+00 3.5175e+04 0.0000e+00
1.6400e+03 9.7928e-12 8.3030e-01 1.7803e+03 3.3597e+03 4.2000e+03 7.3135e+17 9.3309e+17 9.3309e+17 8.9370e-02 0.0000e+00 3.5256e+04 0.0000e+00
1.6500e+03 9.7571e-12 8.2959e-01 1.7797e+03 3.3587e+03 4.2000e+03 7.3619e+17 9.3882e+17 9.3882e+17 8.9122e-02 0.0000e+00 3.5336e+04 0.0000e+00
1.6600e+03 9.7218e-12 8.2889e-01 1.7792e+03 3.3577e+03 4.2000e+03 7.4106e+17 9.4461e+17 9.4461e+17 8.8873e-02 0.0000e+00 3.5417e+04 0.0000e+00
1.6700e+03 9.6866e-12 8.2821e-01 1.7787e+03 3.3567e+03 4.2000e+03 7.4598e+17 9.5044e+17 9.5044e+17 8.8625e-02 0.0000e+00 3.5498e+04 0.0000e+00
1.6800e+03 9.6517e-12 8.2754e-01 1.7782e+03 3.3557e+03 4.2000e+03 7.5095e+17 9.5632e+17 9.5632e+17 8.8378e-02 0.0000e+00 3.5580e+04 0.0000e+00
1.6900e+03 9.6170e-12 8.2688e-01 1.7776e+03 3.3547e+03 4.2000e+03 7.5595e+17 9.6224e+17 9.6224e+17 8.8130e-02 0.0000e+00 3.5662e+04 0.0000e+00
1.7000e+03 9.5826e-12 8.2623e-01 1.7771e+03 3.3537e+03 4.2000e+03 7.6100e+17 9.6821e+17 9.6821e+17 8.7883e-02 0.0000e+00 3.5744e+04 0.0000e+00
1.7100e+03 9.5484e-12 8.2560e-01 1.7766e+03 3.3527e+03 4.2000e+03 7.6609e+17 9.7423e+17 9.7423e+17 8.7636e-02 0.0000e+00 3.5827e+04 0.0000e+00
1.7200e+03 9.5144e-12 8.2498e-01 1.7760e+03 3.3517e+03 4.2000e+03 7.7122e+17 9.8029e+17 9.8029e+17 8.7390e-02 0.0000e+00 3.5910e+04 0.0000e+00
1.7300e+03 9.4806e-12 8.2437e-01 1.7755e+03 3.3507e+03 4.2000e+03 7.7640e+17 9.8640e+17 9.8640e+17 8.7144e-02 0.0000e+00 3.5993e+04 0.0000e+00
1.7400e+03 9.4470e-12 8.2378e-01 1.7750e+03 3.3497e+03 4.2000e+03 7.8161e+17 9.9256e+17 9.9256e+17 8.6898e-02 0.0000e+00 3.6076e+04 0.0000e+00
1.7500e+03 9.4137e-12 8.2319e-01 1.7745e+03 3.3487e+03 4.2000e+03 7.8687e+17 9.9876e+17 9.9876e+17 8.6653e-02 0.0000e+00 3.6160e+04 0.0000e+00
1.7600e+03 9.3806e-12 8.2262e-01 1.7739e+03 3.3477e+03 4.2000e+03 7.9218e+17 1.0050e+18 1.0050e+18 8.6408e-02 0.0000e+00 3.6244e+04 0.0000e+00
1.7700e+03 9.3477e-12 8.2206e-01 1.7734e+03 3.3467e+03 4.2000e+03 7.9752e+17 1.0113e+18 1.0113e+18 8.6164e-02 0.0000e+00 3.6328e+04 0.0000e+00
1.7800e+03 9.3150e-12 8.2151e-01 1.7729e+03 3.3457e+03 4.2000e+03 8.0291e+17 1.0176e+18 1.0176e+18 8.5920e-02 0.0000e+00 3.6413e+04 0.0000e+00
1.7900e+03 9.2825e-12 8.2097e-01 1.7723e+03 3.3447e+03 4.2000e+03 8.0834e+17 1.0240e+18 1.0240e+18 8.5676e-02 0.0000e+00 3.6497e+04 0.0000e+00
1.8000e+03 9.2502e-12 8.2044e-01 1.7718e+03 3.3437e+03 4.2000e+03 8.1381e+17 1.0304e+18 1.0304e+18 8.5434e-02 0.0000e+00 3.6583e+04 0.0000e+00
1.8100e+03 9.2181e-12 8.1992e-01 1.7713e+03 3.3427e+03 4.2000e+03 8.1932e+17 1.0369e+18 1.0369e+18 8.5191e-02 0.0000e+00 3.6668e+04 0.0000e+00
1.8200e+03 9.1863e-12 8.1941e-01 1.7707e+03 3.3417e+03 4.2000e+03 8.2488e+17 1.0434e+18 1.0434e+18 8.4950e-02 0.0000e+00 3.6753e+04 0.0000e+00
1.8300e+03 9.1546e-12 8.1891e-01 1.7702e+03 3.3407e+03 4.2000e+03 8.3048e+17 1.0500e+18 1.0500e+18 8.4709e-02 0.0000e+00 3.6839e+04 0.0000e+00
1.8400e+03 9.1232e-12 8.1843e-01 1.7697e+03 3.3397e+03 4.2000e+03 8.3612e+17 1.0566e+18 1.0566e+18 8.4468e-02 0.0000e+00 3.6925e+04 0.0000e+00
1.8500e+03 9.0919e-12 8.1795e-01 1.7691e+03 3.3387e+03 4.2000e+03 8.4180e+17 1.0632e+18 1.0632e+18 8.4228e-02 0.0000e+00 3.7011e+04 0.0000e+00
1.8600e+03 9.0609e-12 8.1748e-01 1.7686e+03 3.3377e+03 4.2000e+03 8.4753e+17 1.0699e+18 1.0699e+18 8.3989e-02 0.0000e+00 3.7098e+04 0.0000e+00
1.8700e+03 9.0300e-12 8.1702e-01 1.7681e+03 3.3367e+03 4.2000e+03 8.5330e+17 1.0767e+18 1.0767e+18 8.3750e-02 0.0000e+00 3.7185e+04 0.0000e+00
1.8800e+03 8.9994e-12 8.1656e-01 1.7675e+03 3.3357e+03 4.2000e+03 8.5911e+17 1.0835e+18 1.0835e+18 8.3512e-02 0.0000e+00 3.7272e+04 0.0000e+00
1.8900e+03 8.9689e-12 8.1612e-01 1.7670e+03 3.3347e+03 4.2000e+03 8.6496e+17 1.0903e+18 1.0903e+18 8.3274e-02 0.0000e+00 3.7359e+04 0.0000e+00
1.9000e+03 8.9387e-12 8.1569e-01 1.7665e+03 3.3337e+03 4.2000e+03 8.7085e+17 1.0972e+18 1.0972e+18 8.3037e-02 0.0000e+00 3.7446e+04 0.0000e+00
1.9100e+03 8.9086e-12 8.1526e-01 1.7659e+03 3.3327e+03 4.2000e+03 8.7679e+17 1.1041e+18 1.1041e+18 8.2801e-02 0.0000e+00 3.7534e+04 0.0000e+00
1.9200e+03 8.8787e-12 8.1484e-01 1.7654e+03 3.3317e+03 4.2000e+03 8.8277e+17 1.1110e+18 1.1110e+18 8.2566e-02 0.0000e+00 3.7621e+04 0.0000e+00
1.9300e+03 8.8490e-12 8.1444e-01 1.7649e+03 3.3307e+03 4.2000e+03 8.8879e+17 1.1180e+18 1.1180e+18 8.2331e-02 0.0000e+00 3.7709e+04 0.0000e+00
1.9400e+03 8.8195e-12 8.1404e-01 1.7644e+03 3.3297e+03 4.2000e+03 8.9486e+17 1.1251e+18 1.1251e+18 8.2097e-02 0.0000e+00 3.7798e+04 0.0000e+00
1.9500e+03 8.7902e-12 8.1364e-01 1.7638e+03 3.3287e+03 4.2000e+03 9.0096e+17 1.1322e+18 1.1322e+18 8.1864e-02 0.0000e+00 3.7886e+04 0.0000e+00
1.9600e+03 8.7611e-12 8.1326e-01 1.7633e+03 3.3277e+03 4.2000e+03 9.0711e+17 1.1393e+18 1.1393e+18 8.1631e-02 0.0000e+00 3.7974e+04 0.0000e+00
1.9700e+03 8.7321e-12 8.1288e-01 1.7628e+03 3.3267e+03 4.2000e+03 9.1331e+17 1.1465e+18 1.1465e+18 8.1399e-02 0.0000e+00 3.8063e+04 0.0000e+00
1.9800e+03 8.7034e-12 8.1251e-01 1.7622e+03 3.3257e+03 4.2000e+03 9.1954e+17 1.1537e+18 1.1537e+18 8.1168e-02 0.0000e+00 3.8152e+04 0.0000e+00
1.9900e+03 8.6748e-12 8.1215e-01 1.7617e+03 3.3247e+03 4.2000e+03 9.2582e+17 1.1610e+18 1.1610e+18 8.0937e-02 0.0000e+00 3.8241e+04 0.0000e+00
2.0000e+03 8.6464e-12 8.1179e-01 1.7612e+03 3.3237e+03 4.2000e+03 9.3213e+17 1.1683e+18 1.1683e+18 8.0708e-02 0.0000e+00 3.8330e+04 0.0000e+00
2.0100e+03 8.6182e-12 8.1144e-01 1.7607e+03 3.3227e+03 4.2000e+03 9.3850e+17 1.1756e+18 1.1756e+18 8.0479e-02 0.0000e+00 3.8420e+04 0.0000e+00
2.0200e+03 8.5901e-12 8.1110e-01 1.7601e+03 3.3217e+03 4.2000e+03 9.4490e+17 1.1830e+18 1.1830e+18 8.0250e-02 0.0000e+00 3.8509e+04 0.0000e+00
2.0300e+03 8.5622e-12 8.1077e-01 1.7596e+03 3.3207e+03 4.2000e+03 9.5134e+17 1.1905e+18 1.1905e+18 8.0023e-02 0.0000e+00 3.8599e+04 0.0000e+00
2.0400e+03 8.5345e-12 8.1044e-01 1.7591e+03 3.3197e+03 4.2000e+03 9.5783e+17 1.1980e+18 1.1980e+18 7.9796e-02 0.0000e+00 3.8689e+04 0.0000e+00
2.0500e+03 8.5070e-12 8.1012e-01 1.7586e+03 3.3187e+03 4.2000e+03 9.6436e+17 1.2055e+18 1.2055e+18 7.9570e-02 0.0000e+00 3.8779e+04 0.0000e+00
2.0600e+03 8.4797e-12 8.0981e-01 1.7580e+03 3.3177e+03 4.2000e+03 9.7094e+17 1.2130e+18 1.2130e+18 7.9345e-02 0.0000e+00 3.8869e+04 0.0000e+00
2.0700e+03 8.4525e-12 8.0950e-01 1.7575e+03 3.3168e+03 4.2000e+03 9.7756e+17 1.2207e+18 1.2207e+18 7.9121e-02 0.0000e+00 3.8960e+04 0.0000e+00
2.0800e+03 8.4254e-12 8.0920e-01 1.7570e+03 3.3158e+03 4.2000e+03 9.8421e+17 1.2283e+18 1.2283e+18 7.8897e-02 0.0000e+00 3.9050e+04 0.0000e+00
2.0900e+03 8.3986e-12 8.0890e-01 1.7565e+03 3.3148e+03 4.2000e+03 9.9092e+17 1.2360e+18 1.2360e+18 7.8675e-02 0.0000e+00 3.9141e+04 0.0000e+00
2.1000e+03 8.3719e-12 8.0861e-01 1.7559e+03 3.3138e+03 4.2000e+03 9.9766e+17 1.2438e+18 1.2438e+18 7.8453e-02 0.0000e+00 3.9232e+04 0.0000e+00
2.1100e+03 8.3454e-12 8.0833e-01 1.7554e+03 3.3128e+03 4.2000e+03 1.0044e+18 1.2515e+18 1.2515e+18 7.8231e-02 0.0000e+00 3.9323e+04 0.0000e+00
2.1200e+03 8.3190e-12 8.0805e-01 1.7549e+03 3.3118e+03 4.2000e+03 1.0113e+18 1.2594e+18 1.2594e+18 7.8011e-02 0.0000e+00 3.9414e+04 0.0000e+00
2.1300e+03 8.2928e-12 8.0778e-01 1.7544e+03 3.3109e+03 4.2000e+03 1.0182e+18 1.2672e+18 1.2672e+18 7.7792e-02 0.0000e+00 3.9505e+04 0.0000e+00
2.1400e+03 8.2668e-12 8.0752e-01 1.7539e+03 3.3099e+03 4.2000e+03 1.0251e+18 1.2751e+18 1.2751e+18 7.7573e-02 0.0000e+00 3.9596e+04 0.0000e+00
2.1500e+03 8.2409e-12 8.0726e-01 1.7533e+03 3.3089e+03 4.2000e+03 1.0320e+18 1.2831e+18 1.2831e+18 7.7355e-02 0.0000e+00 3.9688e+04 0.0000e+00
2.1600e+03 8.2152e-12 8.0700e-01 1.7528e+03 3.3079e+03 4.2000e+03 1.0390e+18 1.2911e+18 1.2911e+18 7.7138e-02 0.0000e+00 3.9779e+04 0.0000e+00
2.1700e+03 8.1896e-12 8.0675e-01 1.7523e+03 3.3070e+03 4.2000e+03 1.0461e+18 1.2991e+18 1.2991e+18 7.6922e-02 0.0000e+00 3.9871e+04 0.0000e+00
2.1800e+03 8.1642e-12 8.0651e-01 1.7518e+03 3.3060e+03 4.2000e+03 1.0532e+18 1.3072e+18 1.3072e+18 7.6706e-02 0.0000e+00 3.9963e+04 0.0000e+00
2.1900e+03 8.1390e-12 8.0627e-01 1.7513e+03 3.3050e+03 4.2000e+03 1.0603e+18 1.3153e+18 1.3153e+18 7.6492e-02 0.0000e+00 4.0055e+04 0.0000e+00
2.2000e+03 8.1139e-12 8.0604e-01 1.7508e+03 3.3040e+03 4.2000e+03 1.0675e+18 1.3235e+18 1.3235e+18 7.6278e-02 0.0000e+00 4.0147e+04 0.0000e+00
2.2100e+03 8.0889e-12 8.0581e-01 1.7503e+03 3.3031e+03 4.2000e+03 1.0747e+18 1.3317e+18 1.3317e+18 7.6065e-02 0.0000e+00 4.0239e+04 0.0000e+00
2.2200e+03 8.0641e-12 8.0558e-01 1.7497e+03 3.3021e+03 4.2000e+03 1.0819e+18 1.3400e+18 1.3400e+18 7.5853e-02 0.0000e+00 4.0331e+04 0.0000e+00
2.2300e+03 8.0395e-12 8.0536e-01 1.7492e+03 3.3011e+03 4.2000e+03 1.0892e+18 1.3483e+18 1.3483e+18 7.5642e-02 0.0000e+00 4.0423e+04 0.0000e+00
2.2400e+03 8.0150e-12 8.0515e-01 1.7487e+03 3.3002e+03 4.2000e+03 1.0966e+18 1.3566e+18 1.3566e+18 7.5431e-02 0.0000e+00 4.0516e+04 0.0000e+00
2.2500e+03 7.9906e-12 8.0494e-01 1.7482e+03 3.2992e+03 4.2000e+03 1.1040e+18 1.3650e+18 1.3650e+18 7.5221e-02 0.0000e+00 4.0609e+04 0.0000e+00
2.2600e+03 7.9664e-12 8.0474e-01 1.7477e+03 3.2983e+03 4.2000e+03 1.1114e+18 1.3734e+18 1.3734e+18 7.5013e-02 0.0000e+00 4.0701e+04 0.0000e+00
2.2700e+03 7.9424e-12 8.0454e-01 1.7472e+03 3.2973e+03 4.2000e+03 1.1189e+18 1.3819e+18 1.3819e+18 7.4805e-02 0.0000e+00 4.0794e+04 0.0000e+00
2.2800e+03 7.9185e-12 8.0434e-01 1.7467e+03 3.2963e+03 4.2000e+03 1.1264e+18 1.3904e+18 1.3904e+18 7.4598e-02 0.0000e+00 4.0887e+04 0.0000e+00
2.2900e+03 7.8947e-12 8.0415e-01 1.7462e+03 3.2954e+03 4.2000e+03 1.1340e+18 1.3989e+18 1.3989e+18 7.4391e-02 0.0000e+00 4.0980e+04 0.0000e+00
2.3000e+03 7.8711e-12 8.0396e-01 1.7457e+03 3.2944e+03 4.2000e+03 1.1416e+18 1.4075e+18 1.4075e+18 7.4186e-02 0.0000e+00 4.1073e+04 0.0000e+00
2.3100e+03 7.8476e-12 8.0378e-01 1.7452e+03 3.2935e+03 4.2000e+03 1.1492e+18 1.4161e+18 1.4161e+18 7.3981e-02 0.0000e+00 4.1166e+04 0.0000e+00
2.3200e+03 7.8242e-12 8.0360e-01 1.7447e+03 3.2925e+03 4.2000e+03 1.1569e+18 1.4248e+18 1.4248e+18 7.3777e-02 0.0000e+00 4.1259e+04 0.0000e+00
2.3300e+03 7.8010e-12 8.0343e-01 1.7442e+03 3.2916e+03 4.2000e+03 1.1647e+18 1.4335e+18 1.4335e+18 7.3575e-02 0.0000e+00 4.1353e+04 0.0000e+00
2.3400e+03 7.7779e-12 8.0326e-01 1.7437e+03 3.2906e+03 4.2000e+03 1.1724e+18 1.4423e+18 1.4423e+18 7.3372e-02 0.0000e+00 4.1446e+04 0.0000e+00
2.3500e+03 7.7550e-12 8.0309e-01 1.7432e+03 3.2897e+03 4.2000e+03 1.1803e+18 1.4511e+18 1.4511e+18 7.3171e-02 0.0000e+00 4.1539e+04 0.0000e+00
2.3600e+03 7.7322e-12 8.0293e-01 1.7427e+03 3.2887e+03 4.2000e+03 1.1881e+18 1.4599e+18 1.4599e+18 7.2971e-02 0.0000e+00 4.1633e+04 0.0000e+00
2.3700e+03 7.7095e-12 8.0278e-01 1.7422e+03 3.2878e+03 4.2000e+03 1.1960e+18 1.4688e+18 1.4688e+18 7.2771e-02 0.0000e+00 4.1727e+04 0.0000e+00
2.3800e+03 7.6870e-12 8.0262e-01 1.7417e+03 3.2869e+03 4.2000e+03 1.2040e+18 1.4777e+18 1.4777e+18 7.2572e-02 0.0000e+00 4.1820e+04 0.0000e+00
2.3900e+03 7.6646e-12 8.0247e-01 1.7412e+03 3.2859e+03 4.2000e+03 1.2120e+18 1.4867e+18 1.4867e+18 7.2374e-02 0.0000e+00 4.1914e+04 0.0000e+00
2.4000e+03 7.6424e-12 8.0233e-01 1.7407e+03 3.2850e+03 4.2000e+03 1.2200e+18 1.4957e+18 1.4957e+18 7.2177e-02 0.0000e+00 4.2008e+04 0.0000e+00
2.4100e+03 7.6202e-12 8.0218e-01 1.7402e+03 3.2841e+03 4.2000e+03 1.2281e+18 1.5048e+18 1.5048e+18 7.1981e-02 0.0000e+00 4.2102e+04 0.0000e+00
2.4200e+03 7.5982e-12 8.0204e-01 1.7397e+03 3.2831e+03 4.2000e+03 1.2363e+18 1.5139e+18 1.5139e+18 7.1786e-02 0.0000e+00 4.2196e+04 0.0000e+00
2.4300e+03 7.5763e-12 8.0191e-01 1.7392e+03 3.2822e+03 4.2000e+03 1.2444e+18 1.5230e+18 1.5230e+18 7.1591e-02 0.0000e+00 4.2290e+04 0.0000e+00
2.4400e+03 7.5546e-12 8.0178e-01 1.7387e+03 3.2813e+03 4.2000e+03 1.2527e+18 1.5322e+18 1.5322e+18 7.1397e-02 0.0000e+00 4.2384e+04 0.0000e+00
2.4500e+03 7.5330e-12 8.0165e-01 1.7382e+03 3.2803e+03 4.2000e+03 1.2609e+18 1.5414e+18 1.5414e+18 7.1204e-02 0.0000e+00 4.2478e+04 0.0000e+00
2.4600e+03 7.5115e-12 8.0152e-01 1.7377e+03 3.2794e+03 4.2000e+03 1.2692e+18 1.5506e+18 1.5506e+18 7.1012e-02 0.0000e+00 4.2572e+04 0.0000e+00
2.4700e+03 7.4901e-12 8.0140e-01 1.7372e+03 3.2785e+03 4.2000e+03 1.2776e+18 1.5599e+18 1.5599e+18 7.0821e-02 0.0000e+00 4.2667e+04 0.0000e+00
2.4800e+03 7.4688e-12 8.0128e-01 1.7367e+03 3.2776e+03 4.2000e+03 1.2860e+18 1.5693e+18 1.5693e+18 7.0630e-02 0.0000e+00 4.2761e+04 0.0000e+00
2.4900e+03 7.4477e-12 8.0117e-01 1.7363e+03 3.2767e+03 4.2000e+03 1.2944e+18 1.5787e+18 1.5787e+18 7.0441e-02 0.0000e+00 4.2855e+04 0.0000e+00
2.5000e+03 7.4267e-12 8.0106e-01 1.7358e+03 3.2757e+03 4.2000e+03 1.3029e+18 1.5881e+18 1.5881e+18 7.0252e-02 0.0000e+00 4.2950e+04 0.0000e+00
2.5100e+03 7.4058e-12 8.0095e-01 1.7353e+03 3.2748e+03 4.2000e+03 1.3114e+18 1.5976e+18 1.5976e+18 7.0064e-02 0.0000e+00 4.3044e+04 0.0000e+00
2.5200e+03 7.3851e-12 8.0084e-01 1.7348e+03 3.2739e+03 4.2000e+03 1.3200e+18 1.6071e+18 1.6071e+18 6.9877e-02 0.0000e+00 4.3139e+04 0.0000e+00
2.5300e+03 7.3644e-12 8.0074e-01 1.7343e+03 3.2730e+03 4.2000e+03 1.3286e+18 1.6166e+18 1.6166e+18 6.9690e-02 0.0000e+00 4.3234e+04 0.0000e+00
2.5400e+03 7.3439e-12 8.0064e-01 1.7338e+03 3.2721e+03 4.2000e+03 1.3373e+18 1.6262e+18 1.6262e+18 6.9505e-02 0.0000e+00 4.3328e+04 0.0000e+00
2.5500e+03 7.3235e-12 8.0054e-01 1.7334e+03 3.2712e+03 4.2000e+03 1.3460e+18 1.6358e+18 1.6358e+18 6.9320e-02 0.0000e+00 4.3423e+04 0.0000e+00
2.5600e+03 7.3032e-12 8.0045e-01 1.7329e+03 3.2703e+03 4.2000e+03 1.3548e+18 1.6455e+18 1.6455e+18 6.9136e-02 0.0000e+00 4.3518e+04 0.0000e+00
2.5700e+03 7.2830e-12 8.0036e-01 1.7324e+03 3.2694e+03 4.2000e+03 1.3636e+18 1.6552e+18 1.6552e+18 6.8953e-02 0.0000e+00 4.3613e+04 0.0000e+00
2.5800e+03 7.2629e-12 8.0027e-01 1.7319e+03 3.2685e+03 4.2000e+03 1.3724e+18 1.6650e+18 1.6650e+18 6.8770e-02 0.0000e+00 4.3707e+04 0.0000e+00
2.5900e+03 7.2430e-12 8.0019e-01 1.7314e+03 3.2676e+03 4.2000e+03 1.3813e+18 1.6748e+18 1.6748e+18 6.8589e-02 0.0000e+00 4.3802e+04 0.0000e+00
2.6000e+03 7.2232e-12 8.0010e-01 1.7310e+03 3.2667e+03 4.2000e+03 1.3902e+18 1.6846e+18 1.6846e+18 6.8408e-02 0.0000e+00 4.3897e+04 0.0000e+00
2.6100e+03 7.2034e-12 8.0002e-01 1.7305e+03 3.2658e+03 4.2000e+03 1.3992e+18 1.6945e+18 1.6945e+18 6.8228e-02 0.0000e+00 4.3992e+04 0.0000e+00
2.6200e+03 7.1838e-12 7.9995e-01 1.7300e+03 3.2649e+03 4.2000e+03 1.4082e+18 1.7044e+18 1.7044e+18 6.8048e-02 0.0000e+00 4.4087e+04 0.0000e+00
2.6300e+03 7.1643e-12 7.9987e-01 1.7296e+03 3.2640e+03 4.2000e+03 1.4173e+18 1.7144e+18 1.7144e+18 6.7870e-02 0.0000e+00 4.4182e+04 0.0000e+00
2.6400e+03 7.1449e-12 7.9980e-01 1.7291e+03 3.2631e+03 4.2000e+03 1.4264e+18 1.7244e+18 1.7244e+18 6.7692e-02 0.0000e+00 4.4277e+04 0.0000e+00
2.6500e+03 7.1256e-12 7.9973e-01 1.7286e+03 3.2622e+03 4.2000e+03 1.4356e+18 1.7344e+18 1.7344e+18 6.7516e-02 0.0000e+00 4.4372e+04 0.0000e+00
2.6600e+03 7.1065e-12 7.9967e-01 1.7281e+03 3.2613e+03 4.2000e+03 1.4448e+18 1.7445e+18 1.7445e+18 6.7339e-02 0.0000e+00 4.4468e+04 0.0000e+00
2.6700e+03 7.0874e-12 7.9960e-01 1.7277e+03 3.2605e+03 4.2000e+03 1.4540e+18 1.7546e+18 1.7546e+18 6.7164e-02 0.0000e+00 4.4563e+04 0.0000e+00
2.6800e+03 7.0684e-12 7.9954e-01 1.7272e+03 3.2596e+03 4.2000e+03 1.4633e+18 1.7648e+18 1.7648e+18 6.6990e-02 0.0000e+00 4.4658e+04 0.0000e+00
2.6900e+03 7.0496e-12 7.9948e-01 1.7267e+03 3.2587e+03 4.2000e+03 1.4727e+18 1.7750e+18 1.7750e+18 6.6816e-02 0.0000e+00 4.4753e+04 0.0000e+00
2.7000e+03 7.0308e-12 7.9943e-01 1.7263e+03 3.2578e+03 4.2000e+03 1.4821e+18 1.7852e+18 1.7852e+18 6.6643e-02 0.0000e+00 4.4848e+04 0.0000e+00
2.7100e+03 7.0122e-12 7.9937e-01 1.7258e+03 3.2569e+03 4.2000e+03 1.4915e+18 1.7955e+18 1.7955e+18 6.6471e-02 0.0000e+00 4.4944e+04 0.0000e+00
2.7200e+03 6.9937e-12 7.9932e-01 1.7253e+03 3.2561e+03 4.2000e+03 1.5010e+18 1.8058e+18 1.8058e+18 6.6299e-02 0.0000e+00 4.5039e+04 0.0000e+00
2.7300e+03 6.9752e-12 7.9927e-01 1.7249e+03 3.2552e+03 4.2000e+03 1.5105e+18 1.8162e+18 1.8162e+18 6.6128e-02 0.0000e+00 4.5134e+04 0.0000e+00
2.7400e+03 6.9569e-12 7.9922e-01 1.7244e+03 3.2543e+03 4.2000e+03 1.5201e+18 1.8266e+18 1.8266e+18 6.5958e-02 0.0000e+00 4.5230e+04 0.0000e+00
2.7500e+03 6.9386e-12 7.9918e-01 1.7240e+03 3.2535e+03 4.2000e+03 1.5297e+18 1.8371e+18 1.8371e+18 6.5789e-02 0.0000e+00 4.5325e+04 0.0000e+00
2.7600e+03 6.9205e-12 7.9914e-01 1.7235e+03 3.2526e+03 4.2000e+03 1.5393e+18 1.8476e+18 1.8476e+18 6.5621e-02 0.0000e+00 4.5420e+04 0.0000e+00
2.7700e+03 6.9025e-12 7.9909e-01 1.7231e+03 3.2517e+03 4.2000e+03 1.5490e+18 1.8581e+18 1.8581e+18 6.5453e-02 0.0000e+00 4.5516e+04 0.0000e+00
2.7800e+03 6.8845e-12 7.9906e-01 1.7226e+03 3.2509e+03 4.2000e+03 1.5588e+18 1.8687e+18 1.8687e+18 6.5286e-02 0.0000e+00 4.5611e+04 0.0000e+00
2.7900e+03 6.8667e-12 7.9902e-01 1.7221e+03 3.2500e+03 4.2000e+03 1.5686e+18 1.8793e+18 1.8793e+18 6.5120e-02 0.0000e+00 4.5707e+04 0.0000e+00
2.8000e+03 6.8489e-12 7.9899e-01 1.7217e+03 3.2492e+03 4.2000e+03 1.5784e+18 1.8899e+18 1.8899e+18 6.4954e-02 0.0000e+00 4.5802e+04 0.0000e+00
2.8100e+03 6.8313e-12 7.9895e-01 1.7212e+03 3.2483e+03 4.2000e+03 1.5883e+18 1.9006e+18 1.9006e+18 6.4790e-02 0.0000e+00 4.5898e+04 0.0000e+00
2.8200e+03 6.8138e-12 7.9892e-01 1.7208e+03 3.2475e+03 4.2000e+03 1.5983e+18 1.9114e+18 1.9114e+18 6.4626e-02 0.0000e+00 4.5993e+04 0.0000e+00
2.8300e+03 6.7963e-12 7.9890e-01 1.7203e+03 3.2466e+03 4.2000e+03 1.6083e+18 1.9222e+18 1.9222e+18 6.4463e-02 0.0000e+00 4.6089e+04 0.0000e+00
2.8400e+03 6.7789e-12 7.9887e-01 1.7199e+03 3.2458e+03 4.2000e+03 1.6183e+18 1.9330e+18 1.9330e+18 6.4300e-02 0.0000e+00 4.6184e+04 0.0000e+00
2.8500e+03 6.7617e-12 7.9885e-01 1.7194e+03 3.2449e+03 4.2000e+03 1.6284e+18 1.9438e+18 1.9438e+18 6.4138e-02 0.0000e+00 4.6280e+04 0.0000e+00
2.8600e+03 6.7445e-12 7.9882e-01 1.7190e+03 3.2441e+03 4.2000e+03 1.6385e+18 1.9547e+18 1.9547e+18 6.3977e-02 0.0000e+00 4.6375e+04 0.0000e+00
2.8700e+03 6.7274e-12 7.9880e-01 1.7185e+03 3.2432e+03 4.2000e+03 1.6486e+18 1.9657e+18 1.9657e+18 6.3817e-02 0.0000e+00 4.6471e+04 0.0000e+00
2.8800e+03 6.7104e-12 7.9878e-01 1.7181e+03 3.2424e+03 4.2000e+03 1.6589e+18 1.9766e+18 1.9766e+18 6.3657e-02 0.0000e+00 4.6567e+04 0.0000e+00
2.8900e+03 6.6935e-12 7.9877e-01 1.7177e+03 3.2415e+03 4.2000e+03 1.6691e+18 1.9877e+18 1.9877e+18 6.3498e-02 0.0000e+00 4.6662e+04 0.0000e+00
2.9000e+03 6.6767e-12 7.9875e-01 1.7172e+03 3.2407e+03 4.2000e+03 1.6794e+18 1.9987e+18 1.9987e+18 6.3340e-02 0.0000e+00 4.6758e+04 0.0000e+00
2.9100e+03 6.6600e-12 7.9874e-01 1.7168e+03 3.2399e+03 4.2000e+03 1.6898e+18 2.0098e+18 2.0098e+18 6.3182e-02 0.0000e+00 4.6853e+04 0.0000e+00
2.9200e+03 6.6434e-12 7.9873e-01 1.7163e+03 3.2390e+03 4.2000e+03 1.7002e+18 2.0210e+18 2.0210e+18 6.3025e-02 0.0000e+00 4.6949e+04 0.0000e+00
2.9300e+03 6.6269e-12 7.9872e-01 1.7159e+03 3.2382e+03 4.2000e+03 1.7106e+18 2.0321e+18 2.0321e+18 6.2869e-02 0.0000e+00 4.7044e+04 0.0000e+00
2.9400e+03 6.6104e-12 7.9871e-01 1.7154e+03 3.2374e+03 4.2000e+03 1.7211e+18 2.0434e+18 2.0434e+18 6.2714e-02 0.0000e+00 4.7140e+04 0.0000e+00
2.9500e+03 6.5941e-12 7.9871e-01 1.7150e+03 3.2366e+03 4.2000e+03 1.7317e+18 2.0546e+18 2.0546e+18 6.2559e-02 0.0000e+00 4.7236e+04 0.0000e+00
2.9600e+03 6.5778e-12 7.9870e-01 1.7146e+03 3.2357e+03 4.2000e+03 1.7423e+18 2.0659e+18 2.0659e+18 6.2405e-02 0.0000e+00 4.7331e+04 0.0000e+00
2.9700e+03 6.5616e-12 7.9870e-01 1.7141e+03 3.2349e+03 4.2000e+03 1.7529e+18 2.0773e+18 2.0773e+18 6.2252e-02 0.0000e+00 4.7427e+04 0.0000e+00
2.9800e+03 6.5455e-12 7.9870e-01 1.7137e+03 3.2341e+03 4.2000e+03 1.7636e+18 2.0886e+18 2.0886e+18 6.2099e-02 0.0000e+00 4.7523e+04 0.0000e+00
2.9900e+03 6.5295e-12 7.9870e-01 1.7133e+03 3.2333e+03 4.2000e+03 1.7743e+18 2.1001e+18 2.1001e+18 6.1947e-02 0.0000e+00 4.7618e+04 0.0000e+00
3.0000e+03 6.5135e-12 7.9870e-01 1.7128e+03 3.2325e+03 4.2000e+03 1.7851e+18 2.1115e+18 2.1115e+18 6.1796e-02 0.0000e+00 4.7714e+04 0.0000e+00
3.0100e+03 6.4977e-12 7.9870e-01 1.7124e+03 3.2316e+03 4.2000e+03 1.7959e+18 2.1230e+18 2.1230e+18 6.1645e-02 0.0000e+00 4.7809e+04 0.0000e+00
3.0200e+03 6.4819e-12 7.9871e-01 1.7120e+03 3.2308e+03 4.2000e+03 1.8068e+18 2.1346e+18 2.1346e+18 6.1495e-02 0.0000e+00 4.7905e+04 0.0000e+00
3.0300e+03 6.4662e-12 7.9871e-01 1.7115e+03 3.2300e+03 4.2000e+03 1.8177e+18 2.1461e+18 2.1461e+18 6.1346e-02 0.0000e+00 4.8001e+04 0.0000e+00
3.0400e+03 6.4506e-12 7.9872e-01 1.7111e+03 3.2292e+03 4.2000e+03 1.8287e+18 2.1578e+18 2.1578e+18 6.1197e-02 0.0000e+00 4.8096e+04 0.0000e+00
3.0500e+03 6.4351e-12 7.9873e-01 1.7107e+03 3.2284e+03 4.2000e+03 1.8397e+18 2.1694e+18 2.1694e+18 6.1049e-02 0.0000e+00 4.8192e+04 0.0000e+00
3.0600e+03 6.4197e-12 7.9874e-01 1.7103e+03 3.2276e+03 4.2000e+03 1.8507e+18 2.1811e+18 2.1811e+18 6.0902e-02 0.0000e+00 4.8287e+04 0.0000e+00
3.0700e+03 6.4043e-12 7.9876e-01 1.7098e+03 3.2268e+03 4.2000e+03 1.8618e+18 2.1929e+18 2.1929e+18 6.0755e-02 0.0000e+00 4.8383e+04 0.0000e+00
3.0800e+03 6.3890e-12 7.9877e-01 1.7094e+03 3.2260e+03 4.2000e+03 1.8730e+18 2.2046e+18 2.2046e+18 6.0609e-02 0.0000e+00 4.8478e+04 0.0000e+00
3.0900e+03 6.3738e-12 7.9879e-01 1.7090e+03 3.2252e+03 4.2000e+03 1.8842e+18 2.2165e+18 2.2165e+18 6.0464e-02 0.0000e+00 4.8574e+04 0.0000e+00
3.1000e+03 6.3587e-12 7.9880e-01 1.7086e+03 3.2244e+03 4.2000e+03 1.8954e+18 2.2283e+18 2.2283e+18 6.0319e-02 0.0000e+00 4.8670e+04 0.0000e+00
3.1100e+03 6.3437e-12 7.9882e-01 1.7081e+03 3.2236e+03 4.2000e+03 1.9067e+18 2.2402e+18 2.2402e+18 6.0175e-02 0.0000e+00 4.8765e+04 0.0000e+00
3.1200e+03 6.3287e-12 7.9884e-01 1.7077e+03 3.2228e+03 4.2000e+03 1.9181e+18 2.2522e+18 2.2522e+18 6.0031e-02 0.0000e+00 4.8861e+04 0.0000e+00
3.1300e+03 6.3138e-12 7.9886e-01 1.7073e+03 3.2220e+03 4.2000e+03 1.9295e+18 2.2641e+18 2.2641e+18 5.9889e-02 0.0000e+00 4.8956e+04 0.0000e+00
3.1400e+03 6.2990e-12 7.9888e-01 1.7069e+03 3.2212e+03 4.2000e+03 1.9409e+18 2.2762e+18 2.2762e+18 5.9747e-02 0.0000e+00 4.9052e+04 0.0000e+00
3.1500e+03 6.2843e-12 7.9891e-01 1.7065e+03 3.2205e+03 4.2000e+03 1.9524e+18 2.2882e+18 2.2882e+18 5.9605e-02 0.0000e+00 4.9147e+04 0.0000e+00
3.1600e+03 6.2696e-12 7.9893e-01 1.7061e+03 3.2197e+03 4.2000e+03 1.9639e+18 2.3003e+18 2.3003e+18 5.9464e-02 0.0000e+00 4.9243e+04 0.0000e+00
3.1700e+03 6.2550e-12 7.9896e-01 1.7056e+03 3.2189e+03 4.2000e+03 1.9755e+18 2.3124e+18 2.3124e+18 5.9324e-02 0.0000e+00 4.9338e+04 0.0000e+00
3.1800e+03 6.2405e-12 7.9898e-01 1.7052e+03 3.2181e+03 4.2000e+03 1.9871e+18 2.3246e+18 2.3246e+18 5.9184e-02 0.0000e+00 4.9434e+04 0.0000e+00
3.1900e+03 6.2260e-12 7.9901e-01 1.7048e+03 3.2173e+03 4.2000e+03 1.9988e+18 2.3368e+18 2.3368e+18 5.9045e-02 0.0000e+00 4.9529e+04 0.0000e+00
3.2000e+03 6.2117e-12 7.9904e-01 1.7044e+03 3.2165e+03 4.2000e+03 2.0106e+18 2.3491e+18 2.3491e+18 5.8907e-02 0.0000e+00 4.9625e+04 0.0000e+00
3.2100e+03 6.1974e-12 7.9907e-01 1.7040e+03 3.2158e+03 4.2000e+03 2.0223e+18 2.3614e+18 2.3614e+18 5.8769e-02 0.0000e+00 4.9720e+04 0.0000e+00
3.2200e+03 6.1832e-12 7.9911e-01 1.7036e+03 3.2150e+03 4.2000e+03 2.0342e+18 2.3737e+18 2.3737e+18 5.8632e-02 0.0000e+00 4.9815e+04 0.0000e+00
3.2300e+03 6.1690e-12 7.9914e-01 1.7032e+03 3.2142e+03 4.2000e+03 2.0460e+18 2.3861e+18 2.3861e+18 5.8495e-02 0.0000e+00 4.9911e+04 0.0000e+00
3.2400e+03 6.1549e-12 7.9917e-01 1.7028e+03 3.2135e+03 4.2000e+03 2.0580e+18 2.3985e+18 2.3985e+18 5.8359e-02 0.0000e+00 5.0006e+04 0.0000e+00
3.2500e+03 6.1409e-12 7.9921e-01 1.7024e+03 3.2127e+03 4.2000e+03 2.0699e+18 2.4110e+18 2.4110e+18 5.8223e-02 0.0000e+00 5.0102e+04 0.0000e+00
3.2600e+03 6.1270e-12 7.9924e-01 1.7020e+03 3.2119e+03 4.2000e+03 2.0819e+18 2.4235e+18 2.4235e+18 5.8089e-02 0.0000e+00 5.0197e+04 0.0000e+00
3.2700e+03 6.1131e-12 7.9928e-01 1.7016e+03 3.2112e+03 4.2000e+03 2.0940e+18 2.4360e+18 2.4360e+18 5.7954e-02 0.0000e+00 5.0292e+04 0.0000e+00
3.2800e+03 6.0993e-12 7.9932e-01 1.7011e+03 3.2104e+03 4.2000e+03 2.1061e+18 2.4486e+18 2.4486e+18 5.7821e-02 0.0000e+00 5.0388e+04 0.0000e+00
3.2900e+03 6.0856e-12 7.9936e-01 1.7007e+03 3.2096e+03 4.2000e+03 2.1183e+18 2.4612e+18 2.4612e+18 5.7688e-02 0.0000e+00 5.0483e+04 0.0000e+00
3.3000e+03 6.0719e-12 7.9940e-01 1.7003e+03 3.2089e+03 4.2000e+03 2.1305e+18 2.4738e+18 2.4738e+18 5.7555e-02 0.0000e+00 5.0578e+04 0.0000e+00
3.3100e+03 6.0583e-12 7.9944e-01 1.6999e+03 3.2081e+03 4.2000e+03 2.1428e+18 2.4865e+18 2.4865e+18 5.7423e-02 0.0000e+00 5.0673e+04 0.0000e+00
3.3200e+03 6.0448e-12 7.9949e-01 1.6995e+03 3.2074e+03 4.2000e+03 2.1551e+18 2.4992e+18 2.4992e+18 5.7292e-02 0.0000e+00 5.0769e+04 0.0000e+00
3.3300e+03 6.0313e-12 7.9953e-01 1.6991e+03 3.2066e+03 4.2000e+03 2.1674e+18 2.5120e+18 2.5120e+18 5.7161e-02 0.0000e+00 5.0864e+04 0.0000e+00
3.3400e+03 6.0179e-12 7.9957e-01 1.6988e+03 3.2059e+03 4.2000e+03 2.1798e+18 2.5248e+18 2.5248e+18 5.7031e-02 0.0000e+00 5.0959e+04 0.0000e+00
3.3500e+03 6.0046e-12 7.9962e-01 1.6984e+03 3.2051e+03 4.2000e+03 2.1923e+18 2.5376e+18 2.5376e+18 5.6902e-02 0.0000e+00 5.1054e+04 0.0000e+00
3.3600e+03 5.9913e-12 7.9967e-01 1.6980e+03 3.2044e+03 4.2000e+03 2.2048e+18 2.5505e+18 2.5505e+18 5.6772e-02 0.0000e+00 5.1149e+04 0.0000e+00
3.3700e+03 5.9781e-12 7.9972e-01 1.6976e+03 3.2036e+03 4.2000e+03 2.2173e+18 2.5634e+18 2.5634e+18 5.6644e-02 0.0000e+00 5.1244e+04 0.0000e+00
3.3800e+03 5.9650e-12 7.9976e-01 1.6972e+03 3.2029e+03 4.2000e+03 2.2299e+18 2.5764e+18 2.5764e+18 5.6516e-02 0.0000e+00 5.1340e+04 0.0000e+00
3.3900e+03 5.9519e-12 7.9981e-01 1.6968e+03 3.2022e+03 4.2000e+03 2.2426e+18 2.5894e+18 2.5894e+18 5.6389e-02 0.0000e+00 5.1435e+04 0.0000e+00
3.4000e+03 5.9389e-12 7.9986e-01 1.6964e+03 3.2014e+03 4.2000e+03 2.2553e+18 2.6024e+18 2.6024e+18 5.6262e-02 0.0000e+00 5.1530e+04 0.0000e+00
3.4100e+03 5.9260e-12 7.9992e-01 1.6960e+03 3.2007e+03 4.2000e+03 2.2680e+18 2.6155e+18 2.6155e+18 5.6136e-02 0.0000e+00 5.1625e+04 0.0000e+00
3.4200e+03 5.9131e-12 7.9997e-01 1.6956e+03 3.1999e+03 4.2000e+03 2.2808e+18 2.6286e+18 2.6286e+18 5.6010e-02 0.0000e+00 5.1720e+04 0.0000e+00
3.4300e+03 5.9003e-12 8.0002e-01 1.6952e+03 3.1992e+03 4.2000e+03 2.2937e+18 2.6418e+18 2.6418e+18 5.5885e-02 0.0000e+00 5.1815e+04 0.0000e+00
3.4400e+03 5.8875e-12 8.0007e-01 1.6948e+03 3.1985e+03 4.2000e+03 2.3066e+18 2.6550e+18 2.6550e+18 5.5760e-02 0.0000e+00 5.1910e+04 0.0000e+00
3.4500e+03 5.8748e-12 8.0013e-01 1.6944e+03 3.1977e+03 4.2000e+03 2.3195e+18 2.6682e+18 2.6682e+18 5.5636e-02 0.0000e+00 5.2005e+04 0.0000e+00
3.4600e+03 5.8622e-12 8.0019e-01 1.6941e+03 3.1970e+03 4.2000e+03 2.3325e+18 2.6815e+18 2.6815e+18 5.5513e-02 0.0000e+00 5.2099e+04 0.0000e+00
3.4700e+03 5.8496e-12 8.0024e-01 1.6937e+03 3.1963e+03 4.2000e+03 2.3456e+18 2.6948e+18 2.6948e+18 5.5390e-02 0.0000e+00 5.2194e+04 0.0000e+00
3.4800e+03 5.8371e-12 8.0030e-01 1.6933e+03 3.1956e+03 4.2000e+03 2.3587e+18 2.7081e+18 2.7081e+18 5.5267e-02 0.0000e+00 5.2289e+04 0.0000e+00
3.4900e+03 5.8246e-12 8.0036e-01 1.6929e+03 3.1948e+03 4.2000e+03 2.3718e+18 2.7215e+18 2.7215e+18 5.5145e-02 0.0000e+00 5.2384e+04 0.0000e+00
3.5000e+03 5.8122e-12 8.0042e-01 1.6925e+03 3.1941e+03 4.2000e+03 2.3850e+18 2.7350e+18 2.7350e+18 5.5024e-02 0.0000e+00 5.2479e+04 0.0000e+00
3.5100e+03 5.7999e-12 8.0048e-01 1.6921e+03 3.1934e+03 4.2000e+03 2.3982e+18 2.7484e+18 2.7484e+18 5.4903e-02 0.0000e+00 5.2573e+04 0.0000e+00
3.5200e+03 5.7876e-12 8.0054e-01 1.6918e+03 3.1927e+03 4.2000e+03 2.4115e+18 2.7619e+18 2.7619e+18 5.4782e-02 0.0000e+00 5.2668e+04 0.0000e+00
3.5300e+03 5.7754e-12 8.0060e-01 1.6914e+03 3.1920e+03 4.2000e+03 2.4249e+18 2.7755e+18 2.7755e+18 5.4663e-02 0.0000e+00 5.2763e+04 0.0000e+00
3.5400e+03 5.7632e-12 8.0066e-01 1.6910e+03 3.1913e+03 4.2000e+03 2.4383e+18 2.7890e+18 2.7890e+18 5.4543e-02 0.0000e+00 5.2857e+04 0.0000e+00
3.5500e+03 5.7511e-12 8.0072e-01 1.6906e+03 3.1906e+03 4.2000e+03 2.4517e+18 2.8027e+18 2.8027e+18 5.4424e-02 0.0000e+00 5.2952e+04 0.0000e+00
3.5600e+03 5.7391e-12 8.0079e-01 1.6903e+03 3.1898e+03 4.2000e+03 2.4652e+18 2.8163e+18 2.8163e+18 5.4306e-02 0.0000e+00 5.3047e+04 0.0000e+00
3.5700e+03 5.7271e-12 8.0085e-01 1.6899e+03 3.1891e+03 4.2000e+03 2.4788e+18 2.8300e+18 2.8300e+18 5.4188e-02 0.0000e+00 5.3141e+04 0.0000e+00
3.5800e+03 5.7151e-12 8.0091e-01 1.6895e+03 3.1884e+03 4.2000e+03 2.4923e+18 2.8438e+18 2.8438e+18 5.4071e-02 0.0000e+00 5.3236e+04 0.0000e+00
3.5900e+03 5.7032e-12 8.0098e-01 1.6891e+03 3.1877e+03 4.2000e+03 2.5060e+18 2.8575e+18 2.8575e+18 5.3954e-02 0.0000e+00 5.3330e+04 0.0000e+00
3.6000e+03 5.6914e-12 8.0105e-01 1.6888e+03 3.1870e+03 4.2000e+03 2.5197e+18 2.8713e+18 2.8713e+18 5.3838e-02 0.0000e+00 5.3425e+04 0.0000e+00
3.6100e+03 5.6797e-12 8.0111e-01 1.6884e+03 3.1863e+03 4.2000e+03 2.5334e+18 2.8852e+18 2.8852e+18 5.3722e-02 0.0000e+00 5.3519e+04 0.0000e+00
3.6200e+03 5.6679e-12 8.0118e-01 1.6880e+03 3.1856e+03 4.2000e+03 2.5472e+18 2.8991e+18 2.8991e+18 5.3607e-02 0.0000e+00 5.3614e+04 0.0000e+00
3.6300e+03 5.6563e-12 8.0125e-01 1.6876e+03 3.1849e+03 4.2000e+03 2.5611e+18 2.9130e+18 2.9130e+18 5.3492e-02 0.0000e+00 5.3708e+04 0.0000e+00
3.6400e+03 5.6447e-12 8.0132e-01 1.6873e+03 3.1842e+03 4.2000e+03 2.5749e+18 2.9270e+18 2.9270e+18 5.3378e-02 0.0000e+00 5.3802e+04 0.0000e+00
3.6500e+03 5.6331e-12 8.0139e-01 1.6869e+03 3.1835e+03 4.2000e+03 2.5889e+18 2.9410e+18 2.9410e+18 5.3264e-02 0.0000e+00 5.3897e+04 0.0000e+00
3.6600e+03 5.6216e-12 8.0146e-01 1.6865e+03 3.1828e+03 4.2000e+03 2.6029e+18 2.9550e+18 2.9550e+18 5.3150e-02 0.0000e+00 5.3991e+04 0.0000e+00
3.6700e+03 5.6102e-12 8.0153e-01 1.6862e+03 3.1821e+03 4.2000e+03 2.6169e+18 2.9691e+18 2.9691e+18 5.3037e-02 0.0000e+00 5.4085e+04 0.0000e+00
3.6800e+03 5.5988e-12 8.0160e-01 1.6858e+03 3.1815e+03 4.2000e+03 2.6310e+18 2.9832e+18 2.9832e+18 5.2925e-02 0.0000e+00 5.4179e+04 0.0000e+00
3.6900e+03 5.5874e-12 8.0167e-01 1.6854e+03 3.1808e+03 4.2000e+03 2.6452e+18 2.9973e+18 2.9973e+18 5.2813e-02 0.0000e+00 5.4274e+04 0.0000e+00
3.7000e+03 5.5761e-12 8.0174e-01 1.6851e+03 3.1801e+03 4.2000e+03 2.6594e+18 3.0115e+18 3.0115e+18 5.2701e-02 0.0000e+00 5.4368e+04 0.0000e+00
3.7100e+03 5.5649e-12 8.0182e-01 1.6847e+03 3.1794e+03 4.2000e+03 2.6736e+18 3.0258e+18 3.0258e+18 5.2590e-02 0.0000e+00 5.4462e+04 0.0000e+00
3.7200e+03 5.5537e-12 8.0189e-01 1.6844e+03 3.1787e+03 4.2000e+03 2.6879e+18 3.0400e+18 3.0400e+18 5.2480e-02 0.0000e+00 5.4556e+04 0.0000e+00
3.7300e+03 5.5426e-12 8.0196e-01 1.6840e+03 3.1780e+03 4.2000e+03 2.7023e+18 3.0543e+18 3.0543e+18 5.2370e-02 0.0000e+00 5.4650e+04 0.0000e+00
3.7400e+03 5.5315e-12 8.0204e-01 1.6836e+03 3.1774e+03 4.2000e+03 2.7167e+18 3.0687e+18 3.0687e+18 5.2260e-02 0.0000e+00 5.4744e+04 0.0000e+00
3.7500e+03 5.5204e-12 8.0211e-01 1.6833e+03 3.1767e+03 4.2000e+03 2.7311e+18 3.0831e+18 3.0831e+18 5.2151e-02 0.0000e+00 5.4838e+04 0.0000e+00
3.7600e+03 5.5095e-12 8.0219e-01 1.6829e+03 3.1760e+03 4.2000e+03 2.7456e+18 3.0975e+18 3.0975e+18 5.2042e-02 0.0000e+00 5.4932e+04 0.0000e+00
3.7700e+03 5.4985e-12 8.0227e-01 1.6826e+03 3.1753e+03 4.2000e+03 2.7602e+18 3.1119e+18 3.1119e+18 5.1934e-02 0.0000e+00 5.5026e+04 0.0000e+00
3.7800e+03 5.4876e-12 8.0234e-01 1.6822e+03 3.1747e+03 4.2000e+03 2.7748e+18 3.1264e+18 3.1264e+18 5.1826e-02 0.0000e+00 5.5119e+04 0.0000e+00
3.7900e+03 5.4768e-12 8.0242e-01 1.6819e+03 3.1740e+03 4.2000e+03 2.7894e+18 3.1410e+18 3.1410e+18 5.1719e-02 0.0000e+00 5.5213e+04 0.0000e+00
3.8000e+03 5.4660e-12 8.0250e-01 1.6815e+03 3.1733e+03 4.2000e+03 2.8041e+18 3.1555e+18 3.1555e+18 5.1612e-02 0.0000e+00 5.5307e+04 0.0000e+00
3.8100e+03 5.4553e-12 8.0257e-01 1.6811e+03 3.1727e+03 4.2000e+03 2.8189e+18 3.1701e+18 3.1701e+18 5.1506e-02 0.0000e+00 5.5401e+04 0.0000e+00
3.8200e+03 5.4446e-12 8.0265e-01 1.6808e+03 3.1720e+03 4.2000e+03 2.8337e+18 3.1848e+18 3.1848e+18 5.1400e-02 0.0000e+00 5.5494e+04 0.0000e+00
3.8300e+03 5.4339e-12 8.0273e-01 1.6804e+03 3.1713e+03 4.2000e+03 2.8485e+18 3.1995e+18 3.1995e+18 5.1294e-02 0.0000e+00 5.5588e+04 0.0000e+00
3.8400e+03 5.4233e-12 8.0281e-01 1.6801e+03 3.1707e+03 4.2000e+03 2.8634e+18 3.2142e+18 3.2142e+18 5.1189e-02 0.0000e+00 5.5682e+04 0.0000e+00
3.8500e+03 5.4128e-12 8.0289e-01 1.6797e+03 3.1700e+03 4.2000e+03 2.8784e+18 3.2289e+18 3.2289e+18 5.1084e-02 0.0000e+00 5.5775e+04 0.0000e+00
3.8600e+03 5.4022e-12 8.0297e-01 1.6794e+03 3.1693e+03 4.2000e+03 2.8934e+18 3.2437e+18 3.2437e+18 5.0980e-02 0.0000e+00 5.5869e+04 0.0000e+00
3.8700e+03 5.3918e-12 8.0305e-01 1.6790e+03 3.1687e+03 4.2000e+03 2.9085e+18 3.2586e+18 3.2586e+18 5.0876e-02 0.0000e+00 5.5962e+04 0.0000e+00
3.8800e+03 5.3814e-12 8.0314e-01 1.6787e+03 3.1680e+03 4.2000e+03 2.9236e+18 3.2734e+18 3.2734e+18 5.0773e-02 0.0000e+00 5.6056e+04 0.0000e+00
3.8900e+03 5.3710e-12 8.0322e-01 1.6784e+03 3.1674e+03 4.2000e+03 2.9387e+18 3.2883e+18 3.2883e+18 5.0670e-02 0.0000e+00 5.6149e+04 0.0000e+00
3.9000e+03 5.3607e-12 8.0330e-01 1.6780e+03 3.1667e+03 4.2000e+03 2.9540e+18 3.3033e+18 3.3033e+18 5.0567e-02 0.0000e+00 5.6243e+04 0.0000e+00
3.9100e+03 5.3504e-12 8.0338e-01 1.6777e+03 3.1661e+03 4.2000e+03 2.9692e+18 3.3183e+18 3.3183e+18 5.0465e-02 0.0000e+00 5.6336e+04 0.0000e+00
3.9200e+03 5.3402e-12 8.0346e-01 1.6773e+03 3.1654e+03 4.2000e+03 2.9846e+18 3.3333e+18 3.3333e+18 5.0363e-02 0.0000e+00 5.6429e+04 0.0000e+00
3.9300e+03 5.3300e-12 8.0355e-01 1.6770e+03 3.1648e+03 4.2000e+03 2.9999e+18 3.3483e+18 3.3483e+18 5.0262e-02 0.0000e+00 5.6522e+04 0.0000e+00
3.9400e+03 5.3198e-12 8.0363e-01 1.6766e+03 3.1641e+03 4.2000e+03 3.0153e+18 3.3634e+18 3.3634e+18 5.0161e-02 0.0000e+00 5.6616e+04 0.0000e+00
3.9500e+03 5.3097e-12 8.0372e-01 1.6763e+03 3.1635e+03 4.2000e+03 3.0308e+18 3.3786e+18 3.3786e+18 5.0060e-02 0.0000e+00 5.6709e+04 0.0000e+00
3.9600e+03 5.2997e-12 8.0380e-01 1.6759e+03 3.1628e+03 4.2000e+03 3.0463e+18 3.3937e+18 3.3937e+18 4.9960e-02 0.0000e+00 5.6802e+04 0.0000e+00
3.9700e+03 5.2897e-12 8.0388e-01 1.6756e+03 3.1622e+03 4.2000e+03 3.0619e+18 3.4089e+18 3.4089e+18 4.9861e-02 0.0000e+00 5.6895e+04 0.0000e+00
3.9800e+03 5.2797e-12 8.0397e-01 1.6753e+03 3.1616e+03 4.2000e+03 3.0776e+18 3.4242e+18 3.4242e+18 4.9761e-02 0.0000e+00 5.6988e+04 0.0000e+00
3.9900e+03 5.2698e-12 8.0406e-01 1.6749e+03 3.1609e+03 4.2000e+03 3.0932e+18 3.4395e+18 3.4395e+18 4.9663e-02 0.0000e+00 5.7081e+04 0.0000e+00
4.0000e+03 5.2599e-12 8.0414e-01 1.6746e+03 3.1603e+03 4.2000e+03 3.1090e+18 3.4548e+18 3.4548e+18 4.9564e-02 0.0000e+00 5.7174e+04 0.0000e+00
4.0100e+03 5.2500e-12 8.0423e-01 1.6743e+03 3.1596e+03 4.2000e+03 3.1248e+18 3.4701e+18 3.4701e+18 4.9466e-02 0.0000e+00 5.7267e+04 0.0000e+00
4.0200e+03 5.2402e-12 8.0431e-01 1.6739e+03 3.1590e+03 4.2000e+03 3.1406e+18 3.4855e+18 3.4855e+18 4.9368e-02 0.0000e+00 5.7360e+04 0.0000e+00
4.0300e+03 5.2305e-12 8.0440e-01 1.6736e+03 3.1584e+03 4.2000e+03 3.1565e+18 3.5010e+18 3.5010e+18 4.9271e-02 0.0000e+00 5.7453e+04 0.0000e+00
4.0400e+03 5.2207e-12 8.0449e-01 1.6733e+03 3.1578e+03 4.2000e+03 3.1724e+18 3.5164e+18 3.5164e+18 4.9174e-02 0.0000e+00 5.7545e+04 0.0000e+00
4.0500e+03 5.2111e-12 8.0458e-01 1.6729e+03 3.1571e+03 4.2000e+03 3.1884e+18 3.5319e+18 3.5319e+18 4.9078e-02 0.0000e+00 5.7638e+04 0.0000e+00
4.0600e+03 5.2014e-12 8.0466e-01 1.6726e+03 3.1565e+03 4.2000e+03 3.2045e+18 3.5475e+18 3.5475e+18 4.8982e-02 0.0000e+00 5.7731e+04 0.0000e+00
4.0700e+03 5.1918e-12 8.0475e-01 1.6723e+03 3.1559e+03 4.2000e+03 3.2206e+18 3.5630e+18 3.5630e+18 4.8886e-02 0.0000e+00 5.7824e+04 0.0000e+00
4.0800e+03 5.1823e-12 8.0484e-01 1.6719e+03 3.1552e+03 4.2000e+03 3.2367e+18 3.5786e+18 3.5786e+18 4.8791e-02 0.0000e+00 5.7916e+04 0.0000e+00
4.0900e+03 5.1728e-12 8.0493e-01 1.6716e+03 3.1546e+03 4.2000e+03 3.2529e+18 3.5943e+18 3.5943e+18 4.8696e-02 0.0000e+00 5.8009e+04 0.0000e+00
4.1000e+03 5.1633e-12 8.0502e-01 1.6713e+03 3.1540e+03 4.2000e+03 3.2692e+18 3.6100e+18 3.6100e+18 4.8601e-02 0.0000e+00 5.8101e+04 0.0000e+00
4.1100e+03 5.1539e-12 8.0511e-01 1.6709e+03 3.1534e+03 4.2000e+03 3.2855e+18 3.6257e+18 3.6257e+18 4.8507e-02 0.0000e+00 5.8194e+04 0.0000e+00
4.1200e+03 5.1445e-12 8.0520e-01 1.6706e+03 3.1528e+03 4.2000e+03 3.3019e+18 3.6415e+18 3.6415e+18 4.8413e-02 0.0000e+00 5.8286e+04 0.0000e+00
4.1300e+03 5.1351e-12 8.0529e-01 1.6703e+03 3.1521e+03 4.2000e+03 3.3183e+18 3.6573e+18 3.6573e+18 4.8320e-02 0.0000e+00 5.8379e+04 0.0000e+00
4.1400e+03 5.1258e-12 8.0538e-01 1.6700e+03 3.1515e+03 4.2000e+03 3.3347e+18 3.6731e+18 3.6731e+18 4.8227e-02 0.0000e+00 5.8471e+04 0.0000e+00
4.1500e+03 5.1165e-12 8.0547e-01 1.6696e+03 3.1509e+03 4.2000e+03 3.3513e+18 3.6890e+18 3.6890e+18 4.8134e-02 0.0000e+00 5.8563e+04 0.0000e+00
4.1600e+03 5.1073e-12 8.0556e-01 1.6693e+03 3.1503e+03 4.2000e+03 3.3678e+18 3.7049e+18 3.7049e+18 4.8041e-02 0.0000e+00 5.8656e+04 0.0000e+00
4.1700e+03 5.0981e-12 8.0565e-01 1.6690e+03 3.1497e+03 4.2000e+03 3.3845e+18 3.7208e+18 3.7208e+18 4.7950e-02 0.0000e+00 5.8748e+04 0.0000e+00
4.1800e+03 5.0889e-12 8.0574e-01 1.6687e+03 3.1491e+03 4.2000e+03 3.4011e+18 3.7368e+18 3.7368e+18 4.7858e-02 0.0000e+00 5.8840e+04 0.0000e+00
4.1900e+03 5.0798e-12 8.0583e-01 1.6683e+03 3.1485e+03 4.2000e+03 3.4179e+18 3.7528e+18 3.7528e+18 4.7767e-02 0.0000e+00 5.8932e+04 0.0000e+00
4.2000e+03 5.0707e-12 8.0592e-01 1.6680e+03 3.1479e+03 4.2000e+03 3.4347e+18 3.7689e+18 3.7689e+18 4.7676e-02 0.0000e+00 5.9024e+04 0.0000e+00
4.2100e+03 5.0616e-12 8.0601e-01 1.6677e+03 3.1473e+03 4.2000e+03 3.4515e+18 3.7850e+18 3.7850e+18 4.7585e-02 0.0000e+00 5.9116e+04 0.0000e+00
4.2200e+03 5.0526e-12 8.0610e-01 1.6674e+03 3.1467e+03 4.2000e+03 3.4684e+18 3.8011e+18 3.8011e+18 4.7495e-02 0.0000e+00 5.9208e+04 0.0000e+00
4.2300e+03 5.0436e-12 8.0620e-01 1.6671e+03 3.1461e+03 4.2000e+03 3.4853e+18 3.8172e+18 3.8172e+18 4.7405e-02 0.0000e+00 5.9300e+04 0.0000e+00
4.2400e+03 5.0347e-12 8.0629e-01 1.6667e+03 3.1454e+03 4.2000e+03 3.5023e+18 3.8334e+18 3.8334e+18 4.7316e-02 0.0000e+00 5.9392e+04 0.0000e+00
4.2500e+03 5.0258e-12 8.0638e-01 1.6664e+03 3.1448e+03 4.2000e+03 3.5194e+18 3.8497e+18 3.8497e+18 4.7227e-02 0.0000e+00 5.9484e+04 0.0000e+00
4.2600e+03 5.0169e-12 8.0647e-01 1.6661e+03 3.1443e+03 4.2000e+03 3.5365e+18 3.8660e+18 3.8660e+18 4.7138e-02 0.0000e+00 5.9576e+04 0.0000e+00
4.2700e+03 5.0081e-12 8.0657e-01 1.6658e+03 3.1437e+03 4.2000e+03 3.5536e+18 3.8823e+18 3.8823e+18 4.7050e-02 0.0000e+00 5.9668e+04 0.0000e+00
4.2800e+03 4.9993e-12 8.0666e-01 1.6655e+03 3.1431e+03 4.2000e+03 3.5708e+18 3.8986e+18 3.8986e+18 4.6961e-02 0.0000e+00 5.9760e+04 0.0000e+00
4.2900e+03 4.9905e-12 8.0675e-01 1.6651e+03 3.1425e+03 4.2000e+03 3.5881e+18 3.9150e+18 3.9150e+18 4.6874e-02 0.0000e+00 5.9851e+04 0.0000e+00
4.3000e+03 4.9818e-12 8.0684e-01 1.6648e+03 3.1419e+03 4.2000e+03 3.6054e+18 3.9314e+18 3.9314e+18 4.6786e-02 0.0000e+00 5.9943e+04 0.0000e+00
4.3100e+03 4.9731e-12 8.0694e-01 1.6645e+03 3.1413e+03 4.2000e+03 3.6228e+18 3.9479e+18 3.9479e+18 4.6699e-02 0.0000e+00 6.0035e+04 0.0000e+00
4.3200e+03 4.9644e-12 8.0703e-01 1.6642e+03 3.1407e+03 4.2000e+03 3.6402e+18 3.9644e+18 3.9644e+18 4.6613e-02 0.0000e+00 6.0126e+04 0.0000e+00
4.3300e+03 4.9558e-12 8.0713e-01 1.6639e+03 3.1401e+03 4.2000e+03 3.6577e+18 3.9809e+18 3.9809e+18 4.6526e-02 0.0000e+00 6.0218e+04 0.0000e+00
4.3400e+03 4.9472e-12 8.0722e-01 1.6636e+03 3.1395e+03 4.2000e+03 3.6752e+18 3.9974e+18 3.9974e+18 4.6440e-02 0.0000e+00 6.0309e+04 0.0000e+00
4.3500e+03 4.9387e-12 8.0731e-01 1.6633e+03 3.1389e+03 4.2000e+03 3.6928e+18 4.0140e+18 4.0140e+18 4.6354e-02 0.0000e+00 6.0400e+04 0.0000e+00
4.3600e+03 4.9301e-12 8.0741e-01 1.6630e+03 3.1383e+03 4.2000e+03 3.7105e+18 4.0307e+18 4.0307e+18 4.6269e-02 0.0000e+00 6.0492e+04 0.0000e+00
4.3700e+03 4.9216e-12 8.0750e-01 1.6627e+03 3.1378e+03 4.2000e+03 3.7282e+18 4.0474e+18 4.0474e+18 4.6184e-02 0.0000e+00 6.0583e+04 0.0000e+00
4.3800e+03 4.9132e-12 8.0760e-01 1.6623e+03 3.1372e+03 4.2000e+03 3.7459e+18 4.0641e+18 4.0641e+18 4.6099e-02 0.0000e+00 6.0674e+04 0.0000e+00
4.3900e+03 4.9048e-12 8.0769e-01 1.6620e+03 3.1366e+03 4.2000e+03 3.7637e+18 4.0808e+18 4.0808e+18 4.6015e-02 0.0000e+00 6.0766e+04 0.0000e+00
4.4000e+03 4.8964e-12 8.0778e-01 1.6617e+03 3.1360e+03 4.2000e+03 3.7816e+18 4.0976e+18 4.0976e+18 4.5931e-02 0.0000e+00 6.0857e+04 0.0000e+00
4.4100e+03 4.8880e-12 8.0788e-01 1.6614e+03 3.1354e+03 4.2000e+03 3.7995e+18 4.1144e+18 4.1144e+18 4.5847e-02 0.0000e+00 6.0948e+04 0.0000e+00
4.4200e+03 4.8797e-12 8.0797e-01 1.6611e+03 3.1349e+03 4.2000e+03 3.8174e+18 4.1313e+18 4.1313e+18 4.5764e-02 0.0000e+00 6.1039e+04 0.0000e+00
4.4300e+03 4.8714e-12 8.0807e-01 1.6608e+03 3.1343e+03 4.2000e+03 3.8355e+18 4.1481e+18 4.1481e+18 4.5680e-02 0.0000e+00 6.1130e+04 0.0000e+00
4.4400e+03 4.8631e-12 8.0816e-01 1.6605e+03 3.1337e+03 4.2000e+03 3.8535e+18 4.1651e+18 4.1651e+18 4.5598e-02 0.0000e+00 6.1221e+04 0.0000e+00
4.4500e+03 4.8549e-12 8.0826e-01 1.6602e+03 3.1331e+03 4.2000e+03 3.8717e+18 4.1820e+18 4.1820e+18 4.5515e-02 0.0000e+00 6.1312e+04 0.0000e+00
4.4600e+03 4.8467e-12 8.0835e-01 1.6599e+03 3.1326e+03 4.2000e+03 3.8898e+18 4.1990e+18 4.1990e+18 4.5433e-02 0.0000e+00 6.1403e+04 0.0000e+00
4.4700e+03 4.8386e-12 8.0845e-01 1.6596e+03 3.1320e+03 4.2000e+03 3.9081e+18 4.2161e+18 4.2161e+18 4.5351e-02 0.0000e+00 6.1494e+04 0.0000e+00
4.4800e+03 4.8304e-12 8.0855e-01 1.6593e+03 3.1314e+03 4.2000e+03 3.9264e+18 4.2331e+18 4.2331e+18 4.5270e-02 0.0000e+00 6.1585e+04 0.0000e+00
4.4900e+03 4.8223e-12 8.0864e-01 1.6590e+03 3.1309e+03 4.2000e+03 3.9447e+18 4.2502e+18 4.2502e+18 4.5188e-02 0.0000e+00 6.1676e+04 0.0000e+00
4.5000e+03 4.8143e-12 8.0874e-01 1.6587e+03 3.1303e+03 4.2000e+03 3.9631e+18 4.2674e+18 4.2674e+18 4.5107e-02 0.0000e+00 6.1766e+04 0.0000e+00
4.5100e+03 4.8062e-12 8.0883e-01 1.6584e+03 3.1297e+03 4.2000e+03 3.9816e+18 4.2845e+18 4.2845e+18 4.5027e-02 0.0000e+00 6.1857e+04 0.0000e+00
4.5200e+03 4.7982e-12 8.0893e-01 1.6581e+03 3.1292e+03 4.2000e+03 4.0001e+18 4.3018e+18 4.3018e+18 4.4946e-02 0.0000e+00 6.1948e+04 0.0000e+00
4.5300e+03 4.7902e-12 8.0902e-01 1.6578e+03 3.1286e+03 4.2000e+03 4.0186e+18 4.3190e+18 4.3190e+18 4.4866e-02 0.0000e+00 6.2038e+04 0.0000e+00
4.5400e+03 4.7823e-12 8.0912e-01 1.6575e+03 3.1280e+03 4.2000e+03 4.0372e+18 4.3363e+18 4.3363e+18 4.4787e-02 0.0000e+00 6.2129e+04 0.0000e+00
4.5500e+03 0.0000e+00 0.0000e+00 1.6572e+03 0.0000e+00 4.2000e+03 0.0000e+00 0.0000e+00 0.0000e+00 0.0000e+00 0.0000e+00 0.0000e+00 0.0000e+00
