0.0000e+00 2.0950e-11 1.2828e+01 1.7000e+03 3.2082e+03 4.2000e+03 2.1327e+20 2.4848e+20 2.4848e+20 1.2375e-02 0.0000e+00 2.3515e+05 0.0000e+00
1.0000e+01 2.0831e-11 1.2390e+01 1.7051e+03 3.2178e+03 4.2000e+03 7.1523e+20 2.3292e+20 2.3292e+20 1.2740e-02 0.0000e+00 2.2962e+05 0.0000e+00
2.0000e+01 2.0713e-11 1.1973e+01 1.7101e+03 3.2273e+03 4.2000e+03 6.4396e+20 2.1853e+20 2.1853e+20 1.3110e-02 0.0000e+00 2.2429e+05 0.0000e+00
3.0000e+01 2.0596e-11 1.1574e+01 1.7151e+03 3.2367e+03 4.2000e+03 5.8128e+20 2.0523e+20 2.0523e+20 1.3485e-02 0.0000e+00 2.1916e+05 0.0000e+00
4.0000e+01 2.0481e-11 1.1193e+01 1.7200e+03 3.2461e+03 4.2000e+03 5.2601e+20 1.9291e+20 1.9291e+20 1.3865e-02 0.0000e+00 2.1421e+05 0.0000e+00
5.0000e+01 2.0366e-11 1.0828e+01 1.7249e+03 3.2553e+03 4.2000e+03 4.7714e+20 1.8149e+20 1.8149e+20 1.4251e-02 0.0000e+00 2.0944e+05 0.0000e+00
6.0000e+01 2.0252e-11 1.0480e+01 1.7298e+03 3.2645e+03 4.2000e+03 4.3381e+20 1.7090e+20 1.7090e+20 1.4643e-02 0.0000e+00 2.0484e+05 0.0000e+00
7.0000e+01 2.0138e-11 1.0147e+01 1.7346e+03 3.2736e+03 4.2000e+03 3.9531e+20 1.6107e+20 1.6107e+20 1.5039e-02 0.0000e+00 2.0040e+05 0.0000e+00
8.0000e+01 2.0026e-11 9.8279e+00 1.7394e+03 3.2826e+03 4.2000e+03 3.6099e+20 1.5194e+20 1.5194e+20 1.5440e-02 0.0000e+00 1.9612e+05 0.0000e+00
9.0000e+01 1.9915e-11 9.5226e+00 1.7441e+03 3.2915e+03 4.2000e+03 3.3035e+20 1.4344e+20 1.4344e+20 1.5847e-02 0.0000e+00 1.9198e+05 0.0000e+00
1.0000e+02 1.9804e-11 9.2303e+00 1.7488e+03 3.3003e+03 4.2000e+03 3.0292e+20 1.3553e+20 1.3553e+20 1.6258e-02 0.0000e+00 1.8799e+05 0.0000e+00
1.1000e+02 1.9695e-11 8.9501e+00 1.7534e+03 3.3091e+03 4.2000e+03 2.7831e+20 1.2816e+20 1.2816e+20 1.6674e-02 0.0000e+00 1.8414e+05 0.0000e+00
1.2000e+02 1.9586e-11 8.6816e+00 1.7580e+03 3.3178e+03 4.2000e+03 2.5618e+20 1.2130e+20 1.2130e+20 1.7095e-02 0.0000e+00 1.8041e+05 0.0000e+00
1.3000e+02 1.9478e-11 8.4242e+00 1.7626e+03 3.3264e+03 4.2000e+03 2.3625e+20 1.1489e+20 1.1489e+20 1.7520e-02 0.0000e+00 1.7681e+05 0.0000e+00
1.4000e+02 1.9371e-11 8.1773e+00 1.7671e+03 3.3349e+03 4.2000e+03 2.1825e+20 1.0891e+20 1.0891e+20 1.7950e-02 0.0000e+00 1.7333e+05 0.0000e+00
1.5000e+02 1.9265e-11 7.9404e+00 1.7716e+03 3.3433e+03 4.2000e+03 2.0197e+20 1.0331e+20 1.0331e+20 1.8384e-02 0.0000e+00 1.6997e+05 0.0000e+00
1.6000e+02 1.9159e-11 7.7130e+00 1.7760e+03 3.3517e+03 4.2000e+03 1.8722e+20 9.8085e+19 9.8085e+19 1.8823e-02 0.0000e+00 1.6671e+05 0.0000e+00
1.7000e+02 1.9055e-11 7.4947e+00 1.7804e+03 3.3599e+03 4.2000e+03 1.7383e+20 9.3191e+19 9.3191e+19 1.9265e-02 0.0000e+00 1.6357e+05 0.0000e+00
1.8000e+02 1.8951e-11 7.2850e+00 1.7847e+03 3.3681e+03 4.2000e+03 1.6165e+20 8.8608e+19 8.8608e+19 1.9712e-02 0.0000e+00 1.6052e+05 0.0000e+00
1.9000e+02 1.8848e-11 7.0836e+00 1.7890e+03 3.3762e+03 4.2000e+03 1.5055e+20 8.4312e+19 8.4312e+19 2.0162e-02 0.0000e+00 1.5757e+05 0.0000e+00
2.0000e+02 1.8746e-11 6.8900e+00 1.7933e+03 3.3842e+03 4.2000e+03 1.4043e+20 8.0283e+19 8.0283e+19 2.0617e-02 0.0000e+00 1.5472e+05 0.0000e+00
2.1000e+02 1.8645e-11 6.7038e+00 1.7975e+03 3.3922e+03 4.2000e+03 1.3117e+20 7.6501e+19 7.6501e+19 2.1075e-02 0.0000e+00 1.5196e+05 0.0000e+00
2.2000e+02 1.8544e-11 6.5248e+00 1.8016e+03 3.4001e+03 4.2000e+03 1.2270e+20 7.2950e+19 7.2950e+19 2.1536e-02 0.0000e+00 1.4928e+05 0.0000e+00
2.3000e+02 1.8445e-11 6.3526e+00 1.8058e+03 3.4079e+03 4.2000e+03 1.1493e+20 6.9611e+19 6.9611e+19 2.2001e-02 0.0000e+00 1.4669e+05 0.0000e+00
2.4000e+02 1.8346e-11 6.1868e+00 1.8099e+03 3.4156e+03 4.2000e+03 1.0779e+20 6.6472e+19 6.6472e+19 2.2469e-02 0.0000e+00 1.4418e+05 0.0000e+00
2.5000e+02 1.8247e-11 6.0273e+00 1.8139e+03 3.4232e+03 4.2000e+03 1.0123e+20 6.3517e+19 6.3517e+19 2.2940e-02 0.0000e+00 1.4175e+05 0.0000e+00
2.6000e+02 1.8150e-11 5.8737e+00 1.8179e+03 3.4307e+03 4.2000e+03 9.5193e+19 6.0735e+19 6.0735e+19 2.3415e-02 0.0000e+00 1.3939e+05 0.0000e+00
2.7000e+02 1.8053e-11 5.7258e+00 1.8219e+03 3.4382e+03 4.2000e+03 8.9622e+19 5.8113e+19 5.8113e+19 2.3892e-02 0.0000e+00 1.3710e+05 0.0000e+00
2.8000e+02 1.7957e-11 5.5832e+00 1.8258e+03 3.4456e+03 4.2000e+03 8.4479e+19 5.5641e+19 5.5641e+19 2.4372e-02 0.0000e+00 1.3488e+05 0.0000e+00
2.9000e+02 1.7862e-11 5.4458e+00 1.8296e+03 3.4529e+03 4.2000e+03 7.9724e+19 5.3308e+19 5.3308e+19 2.4854e-02 0.0000e+00 1.3273e+05 0.0000e+00
3.0000e+02 1.7768e-11 5.3134e+00 1.8335e+03 3.4601e+03 4.2000e+03 7.5323e+19 5.1106e+19 5.1106e+19 2.5339e-02 0.0000e+00 1.3065e+05 0.0000e+00
3.1000e+02 1.7674e-11 5.1857e+00 1.8373e+03 3.4673e+03 4.2000e+03 7.1244e+19 4.9026e+19 4.9026e+19 2.5826e-02 0.0000e+00 1.2862e+05 0.0000e+00
3.2000e+02 1.7581e-11 5.0625e+00 1.8410e+03 3.4744e+03 4.2000e+03 6.7459e+19 4.7060e+19 4.7060e+19 2.6315e-02 0.0000e+00 1.2666e+05 0.0000e+00
3.3000e+02 1.7489e-11 4.9436e+00 1.8447e+03 3.4814e+03 4.2000e+03 6.3942e+19 4.5200e+19 4.5200e+19 2.6806e-02 0.0000e+00 1.2475e+05 0.0000e+00
3.4000e+02 1.7397e-11 4.8289e+00 1.8484e+03 3.4883e+03 4.2000e+03 6.0672e+19 4.3441e+19 4.3441e+19 2.7299e-02 0.0000e+00 1.2290e+05 0.0000e+00
3.5000e+02 1.7306e-11 4.7182e+00 1.8520e+03 3.4951e+03 4.2000e+03 5.7628e+19 4.1775e+19 4.1775e+19 2.7794e-02 0.0000e+00 1.2111e+05 0.0000e+00
3.6000e+02 1.7216e-11 4.6113e+00 1.8556e+03 3.5019e+03 4.2000e+03 5.4790e+19 4.0196e+19 4.0196e+19 2.8291e-02 0.0000e+00 1.1936e+05 0.0000e+00
3.7000e+02 1.7127e-11 4.5080e+00 1.8591e+03 3.5086e+03 4.2000e+03 5.2142e+19 3.8700e+19 3.8700e+19 2.8788e-02 0.0000e+00 1.1767e+05 0.0000e+00
3.8000e+02 1.7038e-11 4.4082e+00 1.8626e+03 3.5152e+03 4.2000e+03 4.9669e+19 3.7282e+19 3.7282e+19 2.9287e-02 0.0000e+00 1.1602e+05 0.0000e+00
3.9000e+02 1.6950e-11 4.3118e+00 1.8661e+03 3.5217e+03 4.2000e+03 4.7357e+19 3.5935e+19 3.5935e+19 2.9787e-02 0.0000e+00 1.1442e+05 0.0000e+00
4.0000e+02 1.6863e-11 4.2186e+00 1.8695e+03 3.5282e+03 4.2000e+03 4.5194e+19 3.4657e+19 3.4657e+19 3.0288e-02 0.0000e+00 1.1287e+05 0.0000e+00
4.1000e+02 1.6776e-11 4.1285e+00 1.8729e+03 3.5346e+03 4.2000e+03 4.3168e+19 3.3443e+19 3.3443e+19 3.0790e-02 0.0000e+00 1.1136e+05 0.0000e+00
4.2000e+02 1.6690e-11 4.0414e+00 1.8763e+03 3.5409e+03 4.2000e+03 4.1268e+19 3.2289e+19 3.2289e+19 3.1293e-02 0.0000e+00 1.0989e+05 0.0000e+00
4.3000e+02 1.6604e-11 3.9571e+00 1.8796e+03 3.5471e+03 4.2000e+03 3.9485e+19 3.1192e+19 3.1192e+19 3.1796e-02 0.0000e+00 1.0846e+05 0.0000e+00
4.4000e+02 1.6520e-11 3.8756e+00 1.8828e+03 3.5532e+03 4.2000e+03 3.7811e+19 3.0149e+19 3.0149e+19 3.2299e-02 0.0000e+00 1.0708e+05 0.0000e+00
4.5000e+02 1.6435e-11 3.7967e+00 1.8860e+03 3.5593e+03 4.2000e+03 3.6237e+19 2.9156e+19 2.9156e+19 3.2802e-02 0.0000e+00 1.0573e+05 0.0000e+00
4.6000e+02 1.6352e-11 3.7203e+00 1.8892e+03 3.5653e+03 4.2000e+03 3.4756e+19 2.8210e+19 2.8210e+19 3.3306e-02 0.0000e+00 1.0442e+05 0.0000e+00
4.7000e+02 1.6269e-11 3.6463e+00 1.8924e+03 3.5713e+03 4.2000e+03 3.3362e+19 2.7309e+19 2.7309e+19 3.3809e-02 0.0000e+00 1.0314e+05 0.0000e+00
4.8000e+02 1.6187e-11 3.5747e+00 1.8955e+03 3.5771e+03 4.2000e+03 3.2048e+19 2.6450e+19 2.6450e+19 3.4313e-02 0.0000e+00 1.0190e+05 0.0000e+00
4.9000e+02 1.6105e-11 3.5053e+00 1.8985e+03 3.5829e+03 4.2000e+03 3.0810e+19 2.5632e+19 2.5632e+19 3.4815e-02 0.0000e+00 1.0069e+05 0.0000e+00
5.0000e+02 1.6024e-11 3.4381e+00 1.9016e+03 3.5886e+03 4.2000e+03 2.9640e+19 2.4851e+19 2.4851e+19 3.5318e-02 0.0000e+00 9.9516e+04 0.0000e+00
5.1000e+02 1.5944e-11 3.3729e+00 1.9045e+03 3.5942e+03 4.2000e+03 2.8536e+19 2.4105e+19 2.4105e+19 3.5819e-02 0.0000e+00 9.8372e+04 0.0000e+00
5.2000e+02 1.5864e-11 3.3098e+00 1.9075e+03 3.5998e+03 4.2000e+03 2.7492e+19 2.3394e+19 2.3394e+19 3.6320e-02 0.0000e+00 9.7259e+04 0.0000e+00
5.3000e+02 1.5785e-11 3.2486e+00 1.9104e+03 3.6053e+03 4.2000e+03 2.6505e+19 2.2714e+19 2.2714e+19 3.6820e-02 0.0000e+00 9.6176e+04 0.0000e+00
5.4000e+02 1.5707e-11 3.1892e+00 1.9133e+03 3.6107e+03 4.2000e+03 2.5571e+19 2.2065e+19 2.2065e+19 3.7318e-02 0.0000e+00 9.5122e+04 0.0000e+00
5.5000e+02 1.5629e-11 3.1317e+00 1.9161e+03 3.6161e+03 4.2000e+03 2.4686e+19 2.1444e+19 2.1444e+19 3.7816e-02 0.0000e+00 9.4095e+04 0.0000e+00
5.6000e+02 1.5551e-11 3.0758e+00 1.9189e+03 3.6213e+03 4.2000e+03 2.3847e+19 2.0850e+19 2.0850e+19 3.8312e-02 0.0000e+00 9.3096e+04 0.0000e+00
5.7000e+02 1.5475e-11 3.0216e+00 1.9217e+03 3.6265e+03 4.2000e+03 2.3052e+19 2.0282e+19 2.0282e+19 3.8807e-02 0.0000e+00 9.2123e+04 0.0000e+00
5.8000e+02 1.5398e-11 2.9690e+00 1.9244e+03 3.6317e+03 4.2000e+03 2.2297e+19 1.9738e+19 1.9738e+19 3.9300e-02 0.0000e+00 9.1175e+04 0.0000e+00
5.9000e+02 1.5323e-11 2.9180e+00 1.9271e+03 3.6367e+03 4.2000e+03 2.1581e+19 1.9218e+19 1.9218e+19 3.9791e-02 0.0000e+00 9.0252e+04 0.0000e+00
6.0000e+02 1.5248e-11 2.8684e+00 1.9297e+03 3.6417e+03 4.2000e+03 2.0900e+19 1.8719e+19 1.8719e+19 4.0280e-02 0.0000e+00 8.9353e+04 0.0000e+00
6.1000e+02 1.5173e-11 2.8203e+00 1.9323e+03 3.6467e+03 4.2000e+03 2.0253e+19 1.8242e+19 1.8242e+19 4.0767e-02 0.0000e+00 8.8477e+04 0.0000e+00
6.2000e+02 1.5099e-11 2.7735e+00 1.9349e+03 3.6515e+03 4.2000e+03 1.9637e+19 1.7784e+19 1.7784e+19 4.1252e-02 0.0000e+00 8.7624e+04 0.0000e+00
6.3000e+02 1.5026e-11 2.7281e+00 1.9374e+03 3.6563e+03 4.2000e+03 1.9051e+19 1.7345e+19 1.7345e+19 4.1735e-02 0.0000e+00 8.6792e+04 0.0000e+00
6.4000e+02 1.4953e-11 2.6840e+00 1.9399e+03 3.6610e+03 4.2000e+03 1.8493e+19 1.6924e+19 1.6924e+19 4.2215e-02 0.0000e+00 8.5982e+04 0.0000e+00
6.5000e+02 1.4881e-11 2.6411e+00 1.9424e+03 3.6657e+03 4.2000e+03 1.7962e+19 1.6520e+19 1.6520e+19 4.2693e-02 0.0000e+00 8.5193e+04 0.0000e+00
6.6000e+02 1.4809e-11 2.5995e+00 1.9448e+03 3.6703e+03 4.2000e+03 1.7455e+19 1.6132e+19 1.6132e+19 4.3169e-02 0.0000e+00 8.4424e+04 0.0000e+00
6.7000e+02 1.4738e-11 2.5590e+00 1.9472e+03 3.6748e+03 4.2000e+03 1.6971e+19 1.5759e+19 1.5759e+19 4.3641e-02 0.0000e+00 8.3675e+04 0.0000e+00
6.8000e+02 1.4667e-11 2.5196e+00 1.9496e+03 3.6792e+03 4.2000e+03 1.6510e+19 1.5402e+19 1.5402e+19 4.4111e-02 0.0000e+00 8.2944e+04 0.0000e+00
6.9000e+02 1.4597e-11 2.4813e+00 1.9519e+03 3.6836e+03 4.2000e+03 1.6070e+19 1.5058e+19 1.5058e+19 4.4578e-02 0.0000e+00 8.2232e+04 0.0000e+00
7.0000e+02 1.4528e-11 2.4440e+00 1.9542e+03 3.6879e+03 4.2000e+03 1.5649e+19 1.4728e+19 1.4728e+19 4.5041e-02 0.0000e+00 8.1538e+04 0.0000e+00
7.1000e+02 1.4458e-11 2.4078e+00 1.9564e+03 3.6922e+03 4.2000e+03 1.5247e+19 1.4411e+19 1.4411e+19 4.5502e-02 0.0000e+00 8.0862e+04 0.0000e+00
7.2000e+02 1.4390e-11 2.3725e+00 1.9587e+03 3.6964e+03 4.2000e+03 1.4863e+19 1.4105e+19 1.4105e+19 4.5959e-02 0.0000e+00 8.0202e+04 0.0000e+00
7.3000e+02 1.4322e-11 2.3382e+00 1.9609e+03 3.7005e+03 4.2000e+03 1.4495e+19 1.3812e+19 1.3812e+19 4.6413e-02 0.0000e+00 7.9559e+04 0.0000e+00
7.4000e+02 1.4254e-11 2.3048e+00 1.9630e+03 3.7046e+03 4.2000e+03 1.4144e+19 1.3529e+19 1.3529e+19 4.6863e-02 0.0000e+00 7.8932e+04 0.0000e+00
7.5000e+02 1.4187e-11 2.2723e+00 1.9651e+03 3.7086e+03 4.2000e+03 1.3807e+19 1.3257e+19 1.3257e+19 4.7310e-02 0.0000e+00 7.8321e+04 0.0000e+00
7.6000e+02 1.4121e-11 2.2406e+00 1.9672e+03 3.7125e+03 4.2000e+03 1.3485e+19 1.2996e+19 1.2996e+19 4.7754e-02 0.0000e+00 7.7725e+04 0.0000e+00
7.7000e+02 1.4054e-11 2.2098e+00 1.9693e+03 3.7164e+03 4.2000e+03 1.3176e+19 1.2744e+19 1.2744e+19 4.8193e-02 0.0000e+00 7.7144e+04 0.0000e+00
7.8000e+02 1.3989e-11 2.1798e+00 1.9713e+03 3.7202e+03 4.2000e+03 1.2880e+19 1.2501e+19 1.2501e+19 4.8629e-02 0.0000e+00 7.6578e+04 0.0000e+00
7.9000e+02 1.3924e-11 2.1505e+00 1.9733e+03 3.7240e+03 4.2000e+03 1.2596e+19 1.2267e+19 1.2267e+19 4.9061e-02 0.0000e+00 7.6025e+04 0.0000e+00
8.0000e+02 1.3859e-11 2.1220e+00 1.9752e+03 3.7277e+03 4.2000e+03 1.2323e+19 1.2041e+19 1.2041e+19 4.9489e-02 0.0000e+00 7.5486e+04 0.0000e+00
8.1000e+02 1.3795e-11 2.0943e+00 1.9772e+03 3.7313e+03 4.2000e+03 1.2062e+19 1.1824e+19 1.1824e+19 4.9913e-02 0.0000e+00 7.4961e+04 0.0000e+00
8.2000e+02 1.3731e-11 2.0672e+00 1.9791e+03 3.7349e+03 4.2000e+03 1.1811e+19 1.1615e+19 1.1615e+19 5.0333e-02 0.0000e+00 7.4449e+04 0.0000e+00
8.3000e+02 1.3668e-11 2.0408e+00 1.9809e+03 3.7384e+03 4.2000e+03 1.1570e+19 1.1413e+19 1.1413e+19 5.0748e-02 0.0000e+00 7.3949e+04 0.0000e+00
8.4000e+02 1.3605e-11 2.0151e+00 1.9828e+03 3.7419e+03 4.2000e+03 1.1339e+19 1.1218e+19 1.1218e+19 5.1160e-02 0.0000e+00 7.3462e+04 0.0000e+00
8.5000e+02 1.3543e-11 1.9901e+00 1.9846e+03 3.7453e+03 4.2000e+03 1.1117e+19 1.1030e+19 1.1030e+19 5.1567e-02 0.0000e+00 7.2987e+04 0.0000e+00
8.6000e+02 1.3481e-11 1.9656e+00 1.9863e+03 3.7486e+03 4.2000e+03 1.0903e+19 1.0848e+19 1.0848e+19 5.1970e-02 0.0000e+00 7.2523e+04 0.0000e+00
8.7000e+02 1.3420e-11 1.9418e+00 1.9881e+03 3.7519e+03 4.2000e+03 1.0698e+19 1.0673e+19 1.0673e+19 5.2368e-02 0.0000e+00 7.2071e+04 0.0000e+00
8.8000e+02 1.3359e-11 1.9185e+00 1.9898e+03 3.7551e+03 4.2000e+03 1.0500e+19 1.0504e+19 1.0504e+19 5.2762e-02 0.0000e+00 7.1630e+04 0.0000e+00
8.9000e+02 1.3298e-11 1.8959e+00 1.9915e+03 3.7583e+03 4.2000e+03 1.0310e+19 1.0341e+19 1.0341e+19 5.3151e-02 0.0000e+00 7.1200e+04 0.0000e+00
9.0000e+02 1.3238e-11 1.8737e+00 1.9931e+03 3.7614e+03 4.2000e+03 1.0128e+19 1.0183e+19 1.0183e+19 5.3536e-02 0.0000e+00 7.0781e+04 0.0000e+00
9.1000e+02 1.3179e-11 1.8521e+00 1.9947e+03 3.7645e+03 4.2000e+03 9.9515e+18 1.0031e+19 1.0031e+19 5.3916e-02 0.0000e+00 7.0372e+04 0.0000e+00
9.2000e+02 1.3119e-11 1.8311e+00 1.9963e+03 3.7675e+03 4.2000e+03 9.7821e+18 9.8838e+18 9.8838e+18 5.4292e-02 0.0000e+00 6.9973e+04 0.0000e+00
9.3000e+02 1.3061e-11 1.8105e+00 1.9979e+03 3.7704e+03 4.2000e+03 9.6189e+18 9.7416e+18 9.7416e+18 5.4663e-02 0.0000e+00 6.9585e+04 0.0000e+00
9.4000e+02 1.3002e-11 1.7904e+00 1.9994e+03 3.7733e+03 4.2000e+03 9.4617e+18 9.6042e+18 9.6042e+18 5.5029e-02 0.0000e+00 6.9205e+04 0.0000e+00
9.5000e+02 1.2944e-11 1.7708e+00 2.0009e+03 3.7762e+03 4.2000e+03 9.3103e+18 9.4714e+18 9.4714e+18 5.5390e-02 0.0000e+00 6.8835e+04 0.0000e+00
9.6000e+02 1.2887e-11 1.7517e+00 2.0024e+03 3.7790e+03 4.2000e+03 9.1643e+18 9.3430e+18 9.3430e+18 5.5747e-02 0.0000e+00 6.8475e+04 0.0000e+00
9.7000e+02 1.2830e-11 1.7330e+00 2.0039e+03 3.7817e+03 4.2000e+03 9.0236e+18 9.2189e+18 9.2189e+18 5.6099e-02 0.0000e+00 6.8123e+04 0.0000e+00
9.8000e+02 1.2773e-11 1.7147e+00 2.0053e+03 3.7844e+03 4.2000e+03 8.8879e+18 9.0988e+18 9.0988e+18 5.6446e-02 0.0000e+00 6.7780e+04 0.0000e+00
9.9000e+02 1.2717e-11 1.6969e+00 2.0067e+03 3.7870e+03 4.2000e+03 8.7571e+18 8.9828e+18 8.9828e+18 5.6788e-02 0.0000e+00 6.7446e+04 0.0000e+00
1.0000e+03 1.2661e-11 1.6795e+00 2.0081e+03 3.7896e+03 4.2000e+03 8.6309e+18 8.8705e+18 8.8705e+18 5.7125e-02 0.0000e+00 6.7120e+04 0.0000e+00
1.0100e+03 1.2606e-11 1.6624e+00 2.0094e+03 3.7922e+03 4.2000e+03 8.5092e+18 8.7619e+18 8.7619e+18 5.7457e-02 0.0000e+00 6.6802e+04 0.0000e+00
1.0200e+03 1.2551e-11 1.6458e+00 2.0107e+03 3.7947e+03 4.2000e+03 8.3917e+18 8.6568e+18 8.6568e+18 5.7785e-02 0.0000e+00 6.6492e+04 0.0000e+00
1.0300e+03 1.2496e-11 1.6295e+00 2.0120e+03 3.7971e+03 4.2000e+03 8.2783e+18 8.5551e+18 8.5551e+18 5.8107e-02 0.0000e+00 6.6190e+04 0.0000e+00
1.0400e+03 1.2442e-11 1.6136e+00 2.0133e+03 3.7995e+03 4.2000e+03 8.1689e+18 8.4568e+18 8.4568e+18 5.8424e-02 0.0000e+00 6.5896e+04 0.0000e+00
1.0500e+03 1.2388e-11 1.5981e+00 2.0145e+03 3.8018e+03 4.2000e+03 8.0633e+18 8.3616e+18 8.3616e+18 5.8737e-02 0.0000e+00 6.5609e+04 0.0000e+00
1.0600e+03 1.2334e-11 1.5829e+00 2.0158e+03 3.8041e+03 4.2000e+03 7.9613e+18 8.2694e+18 8.2694e+18 5.9044e-02 0.0000e+00 6.5329e+04 0.0000e+00
1.0700e+03 1.2281e-11 1.5681e+00 2.0170e+03 3.8064e+03 4.2000e+03 7.8628e+18 8.1803e+18 8.1803e+18 5.9347e-02 0.0000e+00 6.5056e+04 0.0000e+00
1.0800e+03 1.2228e-11 1.5535e+00 2.0181e+03 3.8086e+03 4.2000e+03 7.7677e+18 8.0939e+18 8.0939e+18 5.9644e-02 0.0000e+00 6.4790e+04 0.0000e+00
1.0900e+03 1.2176e-11 1.5393e+00 2.0193e+03 3.8108e+03 4.2000e+03 7.6759e+18 8.0104e+18 8.0104e+18 5.9937e-02 0.0000e+00 6.4532e+04 0.0000e+00
1.1000e+03 1.2124e-11 1.5255e+00 2.0204e+03 3.8129e+03 4.2000e+03 7.5871e+18 7.9295e+18 7.9295e+18 6.0224e-02 0.0000e+00 6.4279e+04 0.0000e+00
1.1100e+03 1.2072e-11 1.5119e+00 2.0215e+03 3.8149e+03 4.2000e+03 7.5014e+18 7.8512e+18 7.8512e+18 6.0507e-02 0.0000e+00 6.4034e+04 0.0000e+00
1.1200e+03 1.2021e-11 1.4986e+00 2.0226e+03 3.8170e+03 4.2000e+03 7.4186e+18 7.7754e+18 7.7754e+18 6.0784e-02 0.0000e+00 6.3794e+04 0.0000e+00
1.1300e+03 1.1970e-11 1.4856e+00 2.0236e+03 3.8190e+03 4.2000e+03 7.3385e+18 7.7020e+18 7.7020e+18 6.1057e-02 0.0000e+00 6.3561e+04 0.0000e+00
1.1400e+03 1.1920e-11 1.4728e+00 2.0246e+03 3.8209e+03 4.2000e+03 7.2612e+18 7.6310e+18 7.6310e+18 6.1324e-02 0.0000e+00 6.3334e+04 0.0000e+00
1.1500e+03 1.1870e-11 1.4604e+00 2.0256e+03 3.8228e+03 4.2000e+03 7.1865e+18 7.5622e+18 7.5622e+18 6.1587e-02 0.0000e+00 6.3113e+04 0.0000e+00
1.1600e+03 1.1820e-11 1.4482e+00 2.0266e+03 3.8247e+03 4.2000e+03 7.1142e+18 7.4956e+18 7.4956e+18 6.1845e-02 0.0000e+00 6.2898e+04 0.0000e+00
1.1700e+03 1.1770e-11 1.4363e+00 2.0276e+03 3.8265e+03 4.2000e+03 7.0444e+18 7.4311e+18 7.4311e+18 6.2098e-02 0.0000e+00 6.2688e+04 0.0000e+00
1.1800e+03 1.1721e-11 1.4246e+00 2.0285e+03 3.8282e+03 4.2000e+03 6.9770e+18 7.3687e+18 7.3687e+18 6.2345e-02 0.0000e+00 6.2484e+04 0.0000e+00
1.1900e+03 1.1672e-11 1.4132e+00 2.0295e+03 3.8300e+03 4.2000e+03 6.9117e+18 7.3082e+18 7.3082e+18 6.2588e-02 0.0000e+00 6.2286e+04 0.0000e+00
1.2000e+03 1.1624e-11 1.4020e+00 2.0303e+03 3.8317e+03 4.2000e+03 6.8487e+18 7.2497e+18 7.2497e+18 6.2826e-02 0.0000e+00 6.2093e+04 0.0000e+00
1.2100e+03 1.1576e-11 1.3910e+00 2.0312e+03 3.8333e+03 4.2000e+03 6.7878e+18 7.1931e+18 7.1931e+18 6.3059e-02 0.0000e+00 6.1905e+04 0.0000e+00
1.2200e+03 1.1528e-11 1.3803e+00 2.0321e+03 3.8349e+03 4.2000e+03 6.7289e+18 7.1383e+18 7.1383e+18 6.3288e-02 0.0000e+00 6.1722e+04 0.0000e+00
1.2300e+03 1.1481e-11 1.3697e+00 2.0329e+03 3.8365e+03 4.2000e+03 6.6720e+18 7.0852e+18 7.0852e+18 6.3511e-02 0.0000e+00 6.1544e+04 0.0000e+00
1.2400e+03 1.1434e-11 1.3594e+00 2.0337e+03 3.8380e+03 4.2000e+03 6.6170e+18 7.0339e+18 7.0339e+18 6.3730e-02 0.0000e+00 6.1371e+04 0.0000e+00
1.2500e+03 1.1387e-11 1.3494e+00 2.0345e+03 3.8395e+03 4.2000e+03 6.5639e+18 6.9842e+18 6.9842e+18 6.3944e-02 0.0000e+00 6.1203e+04 0.0000e+00
1.2600e+03 1.1340e-11 1.3395e+00 2.0353e+03 3.8410e+03 4.2000e+03 6.5125e+18 6.9361e+18 6.9361e+18 6.4153e-02 0.0000e+00 6.1040e+04 0.0000e+00
1.2700e+03 1.1294e-11 1.3298e+00 2.0361e+03 3.8424e+03 4.2000e+03 6.4629e+18 6.8896e+18 6.8896e+18 6.4357e-02 0.0000e+00 6.0881e+04 0.0000e+00
1.2800e+03 1.1248e-11 1.3203e+00 2.0368e+03 3.8438e+03 4.2000e+03 6.4150e+18 6.8445e+18 6.8445e+18 6.4557e-02 0.0000e+00 6.0727e+04 0.0000e+00
1.2900e+03 1.1203e-11 1.3110e+00 2.0375e+03 3.8452e+03 4.2000e+03 6.3687e+18 6.8010e+18 6.8010e+18 6.4752e-02 0.0000e+00 6.0577e+04 0.0000e+00
1.3000e+03 1.1158e-11 1.3019e+00 2.0382e+03 3.8465e+03 4.2000e+03 6.3239e+18 6.7589e+18 6.7589e+18 6.4943e-02 0.0000e+00 6.0432e+04 0.0000e+00
1.3100e+03 1.1113e-11 1.2930e+00 2.0389e+03 3.8478e+03 4.2000e+03 6.2807e+18 6.7182e+18 6.7182e+18 6.5129e-02 0.0000e+00 6.0291e+04 0.0000e+00
1.3200e+03 1.1068e-11 1.2842e+00 2.0395e+03 3.8490e+03 4.2000e+03 6.2390e+18 6.6788e+18 6.6788e+18 6.5310e-02 0.0000e+00 6.0154e+04 0.0000e+00
1.3300e+03 1.1024e-11 1.2756e+00 2.0402e+03 3.8502e+03 4.2000e+03 6.1987e+18 6.6408e+18 6.6408e+18 6.5487e-02 0.0000e+00 6.0021e+04 0.0000e+00
1.3400e+03 1.0980e-11 1.2672e+00 2.0408e+03 3.8514e+03 4.2000e+03 6.1598e+18 6.6040e+18 6.6040e+18 6.5659e-02 0.0000e+00 5.9892e+04 0.0000e+00
1.3500e+03 1.0937e-11 1.2590e+00 2.0414e+03 3.8526e+03 4.2000e+03 6.1222e+18 6.5685e+18 6.5685e+18 6.5826e-02 0.0000e+00 5.9767e+04 0.0000e+00
1.3600e+03 1.0893e-11 1.2509e+00 2.0420e+03 3.8537e+03 4.2000e+03 6.0860e+18 6.5342e+18 6.5342e+18 6.5990e-02 0.0000e+00 5.9646e+04 0.0000e+00
1.3700e+03 1.0850e-11 1.2429e+00 2.0426e+03 3.8548e+03 4.2000e+03 6.0511e+18 6.5010e+18 6.5010e+18 6.6149e-02 0.0000e+00 5.9529e+04 0.0000e+00
1.3800e+03 1.0808e-11 1.2351e+00 2.0431e+03 3.8558e+03 4.2000e+03 6.0174e+18 6.4691e+18 6.4691e+18 6.6303e-02 0.0000e+00 5.9416e+04 0.0000e+00
1.3900e+03 1.0765e-11 1.2275e+00 2.0437e+03 3.8568e+03 4.2000e+03 5.9849e+18 6.4382e+18 6.4382e+18 6.6453e-02 0.0000e+00 5.9306e+04 0.0000e+00
1.4000e+03 1.0723e-11 1.2200e+00 2.0442e+03 3.8578e+03 4.2000e+03 5.9535e+18 6.4084e+18 6.4084e+18 6.6599e-02 0.0000e+00 5.9199e+04 0.0000e+00
1.4100e+03 1.0681e-11 1.2127e+00 2.0447e+03 3.8588e+03 4.2000e+03 5.9234e+18 6.3797e+18 6.3797e+18 6.6741e-02 0.0000e+00 5.9096e+04 0.0000e+00
1.4200e+03 1.0640e-11 1.2055e+00 2.0452e+03 3.8597e+03 4.2000e+03 5.8943e+18 6.3520e+18 6.3520e+18 6.6879e-02 0.0000e+00 5.8997e+04 0.0000e+00
1.4300e+03 1.0598e-11 1.1984e+00 2.0457e+03 3.8606e+03 4.2000e+03 5.8663e+18 6.3254e+18 6.3254e+18 6.7012e-02 0.0000e+00 5.8901e+04 0.0000e+00
1.4400e+03 1.0557e-11 1.1915e+00 2.0462e+03 3.8615e+03 4.2000e+03 5.8394e+18 6.2997e+18 6.2997e+18 6.7141e-02 0.0000e+00 5.8808e+04 0.0000e+00
1.4500e+03 1.0517e-11 1.1847e+00 2.0466e+03 3.8623e+03 4.2000e+03 5.8135e+18 6.2750e+18 6.2750e+18 6.7266e-02 0.0000e+00 5.8719e+04 0.0000e+00
1.4600e+03 1.0476e-11 1.1780e+00 2.0470e+03 3.8631e+03 4.2000e+03 5.7886e+18 6.2512e+18 6.2512e+18 6.7387e-02 0.0000e+00 5.8632e+04 0.0000e+00
1.4700e+03 1.0436e-11 1.1715e+00 2.0474e+03 3.8639e+03 4.2000e+03 5.7646e+18 6.2283e+18 6.2283e+18 6.7504e-02 0.0000e+00 5.8549e+04 0.0000e+00
1.4800e+03 1.0396e-11 1.1650e+00 2.0478e+03 3.8647e+03 4.2000e+03 5.7416e+18 6.2063e+18 6.2063e+18 6.7617e-02 0.0000e+00 5.8469e+04 0.0000e+00
1.4900e+03 1.0356e-11 1.1587e+00 2.0482e+03 3.8654e+03 4.2000e+03 5.7195e+18 6.1852e+18 6.1852e+18 6.7727e-02 0.0000e+00 5.8392e+04 0.0000e+00
1.5000e+03 1.0317e-11 1.1525e+00 2.0486e+03 3.8661e+03 4.2000e+03 5.6984e+18 6.1650e+18 6.1650e+18 6.7832e-02 0.0000e+00 5.8318e+04 0.0000e+00
1.5100e+03 1.0278e-11 1.1464e+00 2.0490e+03 3.8668e+03 4.2000e+03 5.6781e+18 6.1455e+18 6.1455e+18 6.7933e-02 0.0000e+00 5.8247e+04 0.0000e+00
1.5200e+03 1.0239e-11 1.1405e+00 2.0493e+03 3.8674e+03 4.2000e+03 5.6586e+18 6.1269e+18 6.1269e+18 6.8031e-02 0.0000e+00 5.8178e+04 0.0000e+00
1.5300e+03 1.0200e-11 1.1346e+00 2.0496e+03 3.8681e+03 4.2000e+03 5.6400e+18 6.1091e+18 6.1091e+18 6.8125e-02 0.0000e+00 5.8112e+04 0.0000e+00
1.5400e+03 1.0162e-11 1.1288e+00 2.0500e+03 3.8687e+03 4.2000e+03 5.6223e+18 6.0920e+18 6.0920e+18 6.8215e-02 0.0000e+00 5.8050e+04 0.0000e+00
1.5500e+03 1.0124e-11 1.1232e+00 2.0503e+03 3.8692e+03 4.2000e+03 5.6053e+18 6.0758e+18 6.0758e+18 6.8302e-02 0.0000e+00 5.7989e+04 0.0000e+00
1.5600e+03 1.0086e-11 1.1176e+00 2.0506e+03 3.8698e+03 4.2000e+03 5.5891e+18 6.0602e+18 6.0602e+18 6.8385e-02 0.0000e+00 5.7932e+04 0.0000e+00
1.5700e+03 1.0049e-11 1.1122e+00 2.0508e+03 3.8703e+03 4.2000e+03 5.5736e+18 6.0454e+18 6.0454e+18 6.8464e-02 0.0000e+00 5.7877e+04 0.0000e+00
1.5800e+03 1.0011e-11 1.1068e+00 2.0511e+03 3.8708e+03 4.2000e+03 5.5589e+18 6.0313e+18 6.0313e+18 6.8540e-02 0.0000e+00 5.7824e+04 0.0000e+00
1.5900e+03 9.9744e-12 1.1016e+00 2.0514e+03 3.8713e+03 4.2000e+03 5.5449e+18 6.0178e+18 6.0178e+18 6.8613e-02 0.0000e+00 5.7774e+04 0.0000e+00
1.6000e+03 9.9376e-12 1.0964e+00 2.0516e+03 3.8718e+03 4.2000e+03 5.5317e+18 6.0051e+18 6.0051e+18 6.8682e-02 0.0000e+00 5.7727e+04 0.0000e+00
1.6100e+03 9.9010e-12 1.0913e+00 2.0518e+03 3.8722e+03 4.2000e+03 5.5191e+18 5.9930e+18 5.9930e+18 6.8747e-02 0.0000e+00 5.7682e+04 0.0000e+00
1.6200e+03 9.8647e-12 1.0863e+00 2.0520e+03 3.8726e+03 4.2000e+03 5.5072e+18 5.9816e+18 5.9816e+18 6.8809e-02 0.0000e+00 5.7639e+04 0.0000e+00
1.6300e+03 9.8286e-12 1.0814e+00 2.0522e+03 3.8730e+03 4.2000e+03 5.4959e+18 5.9708e+18 5.9708e+18 6.8868e-02 0.0000e+00 5.7599e+04 0.0000e+00
1.6400e+03 9.7928e-12 1.0766e+00 2.0524e+03 3.8734e+03 4.2000e+03 5.4854e+18 5.9606e+18 5.9606e+18 6.8924e-02 0.0000e+00 5.7561e+04 0.0000e+00
1.6500e+03 9.7571e-12 1.0719e+00 2.0526e+03 3.8737e+03 4.2000e+03 5.4754e+18 5.9510e+18 5.9510e+18 6.8976e-02 0.0000e+00 5.7525e+04 0.0000e+00
1.6600e+03 9.7218e-12 1.0672e+00 2.0528e+03 3.8740e+03 4.2000e+03 5.4661e+18 5.9421e+18 5.9421e+18 6.9026e-02 0.0000e+00 5.7491e+04 0.0000e+00
1.6700e+03 9.6866e-12 1.0627e+00 2.0530e+03 3.8743e+03 4.2000e+03 5.4574e+18 5.9337e+18 5.9337e+18 6.9072e-02 0.0000e+00 5.7460e+04 0.0000e+00
1.6800e+03 9.6517e-12 1.0582e+00 2.0531e+03 3.8746e+03 4.2000e+03 5.4492e+18 5.9259e+18 5.9259e+18 6.9115e-02 0.0000e+00 5.7431e+04 0.0000e+00
1.6900e+03 9.6170e-12 1.0538e+00 2.0532e+03 3.8749e+03 4.2000e+03 5.4417e+18 5.9187e+18 5.9187e+18 6.9155e-02 0.0000e+00 5.7404e+04 0.0000e+00
1.7000e+03 9.5826e-12 1.0494e+00 2.0534e+03 3.8751e+03 4.2000e+03 5.4348e+18 5.9120e+18 5.9120e+18 6.9192e-02 0.0000e+00 5.7378e+04 0.0000e+00
1.7100e+03 9.5484e-12 1.0452e+00 2.0535e+03 3.8753e+03 4.2000e+03 5.4284e+18 5.9058e+18 5.9058e+18 6.9226e-02 0.0000e+00 5.7355e+04 0.0000e+00
1.7200e+03 9.5144e-12 1.0410e+00 2.0536e+03 3.8756e+03 4.2000e+03 5.4225e+18 5.9002e+18 5.9002e+18 6.9257e-02 0.0000e+00 5.7334e+04 0.0000e+00
1.7300e+03 9.4806e-12 1.0369e+00 2.0537e+03 3.8757e+03 4.2000e+03 5.4172e+18 5.8952e+18 5.8952e+18 6.9286e-02 0.0000e+00 5.7315e+04 0.0000e+00
1.7400e+03 9.4470e-12 1.0328e+00 2.0538e+03 3.8759e+03 4.2000e+03 5.4124e+18 5.8906e+18 5.8906e+18 6.9311e-02 0.0000e+00 5.7298e+04 0.0000e+00
1.7500e+03 9.4137e-12 1.0288e+00 2.0539e+03 3.8761e+03 4.2000e+03 5.4082e+18 5.8865e+18 5.8865e+18 6.9334e-02 0.0000e+00 5.7283e+04 0.0000e+00
1.7600e+03 9.3806e-12 1.0249e+00 2.0539e+03 3.8762e+03 4.2000e+03 5.4045e+18 5.8830e+18 5.8830e+18 6.9354e-02 0.0000e+00 5.7269e+04 0.0000e+00
1.7700e+03 9.3477e-12 1.0211e+00 2.0540e+03 3.8763e+03 4.2000e+03 5.4012e+18 5.8799e+18 5.8799e+18 6.9371e-02 0.0000e+00 5.7257e+04 0.0000e+00
1.7800e+03 9.3150e-12 1.0173e+00 2.0541e+03 3.8764e+03 4.2000e+03 5.3985e+18 5.8773e+18 5.8773e+18 6.9385e-02 0.0000e+00 5.7248e+04 0.0000e+00
1.7900e+03 9.2825e-12 1.0136e+00 2.0541e+03 3.8765e+03 4.2000e+03 5.3962e+18 5.8751e+18 5.8751e+18 6.9397e-02 0.0000e+00 5.7239e+04 0.0000e+00
1.8000e+03 9.2502e-12 1.0099e+00 2.0541e+03 3.8765e+03 4.2000e+03 5.3944e+18 5.8735e+18 5.8735e+18 6.9407e-02 0.0000e+00 5.7233e+04 0.0000e+00
1.8100e+03 9.2181e-12 1.0063e+00 2.0541e+03 3.8766e+03 4.2000e+03 5.3931e+18 5.8722e+18 5.8722e+18 6.9414e-02 0.0000e+00 5.7229e+04 0.0000e+00
1.8200e+03 9.1863e-12 1.0027e+00 2.0542e+03 3.8766e+03 4.2000e+03 5.3923e+18 5.8714e+18 5.8714e+18 6.9418e-02 0.0000e+00 5.7226e+04 0.0000e+00
1.8300e+03 9.1546e-12 9.9927e-01 2.0542e+03 3.8766e+03 4.2000e+03 5.3919e+18 5.8711e+18 5.8711e+18 6.9420e-02 0.0000e+00 5.7224e+04 0.0000e+00
1.8400e+03 9.1232e-12 9.9584e-01 2.0542e+03 3.8766e+03 4.2000e+03 5.3919e+18 5.8712e+18 5.8712e+18 6.9419e-02 0.0000e+00 5.7225e+04 0.0000e+00
1.8500e+03 9.0919e-12 9.9247e-01 2.0542e+03 3.8766e+03 4.2000e+03 5.3924e+18 5.8717e+18 5.8717e+18 6.9417e-02 0.0000e+00 5.7227e+04 0.0000e+00
1.8600e+03 9.0609e-12 9.8916e-01 2.0541e+03 3.8766e+03 4.2000e+03 5.3933e+18 5.8726e+18 5.8726e+18 6.9411e-02 0.0000e+00 5.7230e+04 0.0000e+00
1.8700e+03 9.0300e-12 9.8590e-01 2.0541e+03 3.8765e+03 4.2000e+03 5.3946e+18 5.8740e+18 5.8740e+18 6.9404e-02 0.0000e+00 5.7235e+04 0.0000e+00
1.8800e+03 8.9994e-12 9.8269e-01 2.0541e+03 3.8765e+03 4.2000e+03 5.3964e+18 5.8757e+18 5.8757e+18 6.9394e-02 0.0000e+00 5.7242e+04 0.0000e+00
1.8900e+03 8.9689e-12 9.7953e-01 2.0540e+03 3.8764e+03 4.2000e+03 5.3986e+18 5.8779e+18 5.8779e+18 6.9382e-02 0.0000e+00 5.7250e+04 0.0000e+00
1.9000e+03 8.9387e-12 9.7643e-01 2.0540e+03 3.8763e+03 4.2000e+03 5.4011e+18 5.8804e+18 5.8804e+18 6.9368e-02 0.0000e+00 5.7259e+04 0.0000e+00
1.9100e+03 8.9086e-12 9.7337e-01 2.0539e+03 3.8762e+03 4.2000e+03 5.4041e+18 5.8833e+18 5.8833e+18 6.9352e-02 0.0000e+00 5.7270e+04 0.0000e+00
1.9200e+03 8.8787e-12 9.7036e-01 2.0539e+03 3.8761e+03 4.2000e+03 5.4074e+18 5.8866e+18 5.8866e+18 6.9333e-02 0.0000e+00 5.7283e+04 0.0000e+00
1.9300e+03 8.8490e-12 9.6740e-01 2.0538e+03 3.8759e+03 4.2000e+03 5.4112e+18 5.8903e+18 5.8903e+18 6.9313e-02 0.0000e+00 5.7297e+04 0.0000e+00
1.9400e+03 8.8195e-12 9.6449e-01 2.0537e+03 3.8758e+03 4.2000e+03 5.4153e+18 5.8943e+18 5.8943e+18 6.9290e-02 0.0000e+00 5.7312e+04 0.0000e+00
1.9500e+03 8.7902e-12 9.6163e-01 2.0536e+03 3.8756e+03 4.2000e+03 5.4198e+18 5.8988e+18 5.8988e+18 6.9266e-02 0.0000e+00 5.7329e+04 0.0000e+00
1.9600e+03 8.7611e-12 9.5881e-01 2.0535e+03 3.8754e+03 4.2000e+03 5.4247e+18 5.9035e+18 5.9035e+18 6.9239e-02 0.0000e+00 5.7347e+04 0.0000e+00
1.9700e+03 8.7321e-12 9.5603e-01 2.0534e+03 3.8752e+03 4.2000e+03 5.4299e+18 5.9086e+18 5.9086e+18 6.9211e-02 0.0000e+00 5.7366e+04 0.0000e+00
1.9800e+03 8.7034e-12 9.5330e-01 2.0533e+03 3.8750e+03 4.2000e+03 5.4355e+18 5.9141e+18 5.9141e+18 6.9180e-02 0.0000e+00 5.7386e+04 0.0000e+00
1.9900e+03 8.6748e-12 9.5061e-01 2.0532e+03 3.8748e+03 4.2000e+03 5.4415e+18 5.9199e+18 5.9199e+18 6.9148e-02 0.0000e+00 5.7408e+04 0.0000e+00
2.0000e+03 8.6464e-12 9.4797e-01 2.0531e+03 3.8746e+03 4.2000e+03 5.4478e+18 5.9260e+18 5.9260e+18 6.9114e-02 0.0000e+00 5.7431e+04 0.0000e+00
2.0100e+03 8.6182e-12 9.4536e-01 2.0530e+03 3.8744e+03 4.2000e+03 5.4544e+18 5.9325e+18 5.9325e+18 6.9078e-02 0.0000e+00 5.7456e+04 0.0000e+00
2.0200e+03 8.5901e-12 9.4280e-01 2.0529e+03 3.8741e+03 4.2000e+03 5.4614e+18 5.9393e+18 5.9393e+18 6.9041e-02 0.0000e+00 5.7481e+04 0.0000e+00
2.0300e+03 8.5622e-12 9.4027e-01 2.0527e+03 3.8739e+03 4.2000e+03 5.4687e+18 5.9465e+18 5.9465e+18 6.9002e-02 0.0000e+00 5.7508e+04 0.0000e+00
2.0400e+03 8.5345e-12 9.3779e-01 2.0526e+03 3.8736e+03 4.2000e+03 5.4764e+18 5.9539e+18 5.9539e+18 6.8961e-02 0.0000e+00 5.7536e+04 0.0000e+00
2.0500e+03 8.5070e-12 9.3534e-01 2.0524e+03 3.8733e+03 4.2000e+03 5.4844e+18 5.9617e+18 5.9617e+18 6.8918e-02 0.0000e+00 5.7565e+04 0.0000e+00
2.0600e+03 8.4797e-12 9.3293e-01 2.0523e+03 3.8730e+03 4.2000e+03 5.4927e+18 5.9698e+18 5.9698e+18 6.8874e-02 0.0000e+00 5.7595e+04 0.0000e+00
2.0700e+03 8.4525e-12 9.3056e-01 2.0521e+03 3.8727e+03 4.2000e+03 5.5013e+18 5.9782e+18 5.9782e+18 6.8828e-02 0.0000e+00 5.7627e+04 0.0000e+00
2.0800e+03 8.4254e-12 9.2822e-01 2.0519e+03 3.8724e+03 4.2000e+03 5.5103e+18 5.9869e+18 5.9869e+18 6.8781e-02 0.0000e+00 5.7659e+04 0.0000e+00
2.0900e+03 8.3986e-12 9.2592e-01 2.0518e+03 3.8721e+03 4.2000e+03 5.5196e+18 5.9959e+18 5.9959e+18 6.8732e-02 0.0000e+00 5.7693e+04 0.0000e+00
2.1000e+03 8.3719e-12 9.2366e-01 2.0516e+03 3.8718e+03 4.2000e+03 5.5291e+18 6.0052e+18 6.0052e+18 6.8681e-02 0.0000e+00 5.7727e+04 0.0000e+00
2.1100e+03 8.3454e-12 9.2143e-01 2.0514e+03 3.8714e+03 4.2000e+03 5.5390e+18 6.0148e+18 6.0148e+18 6.8629e-02 0.0000e+00 5.7763e+04 0.0000e+00
2.1200e+03 8.3190e-12 9.1923e-01 2.0512e+03 3.8711e+03 4.2000e+03 5.5492e+18 6.0246e+18 6.0246e+18 6.8576e-02 0.0000e+00 5.7800e+04 0.0000e+00
2.1300e+03 8.2928e-12 9.1707e-01 2.0510e+03 3.8707e+03 4.2000e+03 5.5597e+18 6.0348e+18 6.0348e+18 6.8521e-02 0.0000e+00 5.7838e+04 0.0000e+00
2.1400e+03 8.2668e-12 9.1494e-01 2.0508e+03 3.8703e+03 4.2000e+03 5.5705e+18 6.0452e+18 6.0452e+18 6.8465e-02 0.0000e+00 5.7876e+04 0.0000e+00
2.1500e+03 8.2409e-12 9.1284e-01 2.0506e+03 3.8699e+03 4.2000e+03 5.5816e+18 6.0560e+18 6.0560e+18 6.8407e-02 0.0000e+00 5.7916e+04 0.0000e+00
2.1600e+03 8.2152e-12 9.1078e-01 2.0504e+03 3.8696e+03 4.2000e+03 5.5930e+18 6.0670e+18 6.0670e+18 6.8349e-02 0.0000e+00 5.7957e+04 0.0000e+00
2.1700e+03 8.1896e-12 9.0874e-01 2.0502e+03 3.8692e+03 4.2000e+03 5.6046e+18 6.0783e+18 6.0783e+18 6.8289e-02 0.0000e+00 5.7999e+04 0.0000e+00
2.1800e+03 8.1642e-12 9.0674e-01 2.0500e+03 3.8687e+03 4.2000e+03 5.6166e+18 6.0898e+18 6.0898e+18 6.8227e-02 0.0000e+00 5.8041e+04 0.0000e+00
2.1900e+03 8.1390e-12 9.0477e-01 2.0498e+03 3.8683e+03 4.2000e+03 5.6288e+18 6.1016e+18 6.1016e+18 6.8164e-02 0.0000e+00 5.8085e+04 0.0000e+00
2.2000e+03 8.1139e-12 9.0282e-01 2.0496e+03 3.8679e+03 4.2000e+03 5.6413e+18 6.1137e+18 6.1137e+18 6.8101e-02 0.0000e+00 5.8130e+04 0.0000e+00
2.2100e+03 8.0889e-12 9.0091e-01 2.0493e+03 3.8675e+03 4.2000e+03 5.6541e+18 6.1261e+18 6.1261e+18 6.8036e-02 0.0000e+00 5.8175e+04 0.0000e+00
2.2200e+03 8.0641e-12 8.9902e-01 2.0491e+03 3.8670e+03 4.2000e+03 5.6672e+18 6.1387e+18 6.1387e+18 6.7969e-02 0.0000e+00 5.8221e+04 0.0000e+00
2.2300e+03 8.0395e-12 8.9716e-01 2.0489e+03 3.8666e+03 4.2000e+03 5.6805e+18 6.1516e+18 6.1516e+18 6.7902e-02 0.0000e+00 5.8269e+04 0.0000e+00
2.2400e+03 8.0150e-12 8.9533e-01 2.0486e+03 3.8661e+03 4.2000e+03 5.6941e+18 6.1647e+18 6.1647e+18 6.7833e-02 0.0000e+00 5.8317e+04 0.0000e+00
2.2500e+03 7.9906e-12 8.9353e-01 2.0484e+03 3.8657e+03 4.2000e+03 5.7080e+18 6.1781e+18 6.1781e+18 6.7764e-02 0.0000e+00 5.8366e+04 0.0000e+00
2.2600e+03 7.9664e-12 8.9175e-01 2.0481e+03 3.8652e+03 4.2000e+03 5.7221e+18 6.1917e+18 6.1917e+18 6.7693e-02 0.0000e+00 5.8416e+04 0.0000e+00
2.2700e+03 7.9424e-12 8.9000e-01 2.0479e+03 3.8647e+03 4.2000e+03 5.7365e+18 6.2055e+18 6.2055e+18 6.7622e-02 0.0000e+00 5.8466e+04 0.0000e+00
2.2800e+03 7.9185e-12 8.8828e-01 2.0476e+03 3.8642e+03 4.2000e+03 5.7512e+18 6.2197e+18 6.2197e+18 6.7549e-02 0.0000e+00 5.8518e+04 0.0000e+00
2.2900e+03 7.8947e-12 8.8658e-01 2.0473e+03 3.8637e+03 4.2000e+03 5.7661e+18 6.2340e+18 6.2340e+18 6.7475e-02 0.0000e+00 5.8570e+04 0.0000e+00
2.3000e+03 7.8711e-12 8.8490e-01 2.0471e+03 3.8632e+03 4.2000e+03 5.7813e+18 6.2486e+18 6.2486e+18 6.7400e-02 0.0000e+00 5.8623e+04 0.0000e+00
2.3100e+03 7.8476e-12 8.8325e-01 2.0468e+03 3.8627e+03 4.2000e+03 5.7967e+18 6.2634e+18 6.2634e+18 6.7325e-02 0.0000e+00 5.8677e+04 0.0000e+00
2.3200e+03 7.8242e-12 8.8163e-01 2.0465e+03 3.8622e+03 4.2000e+03 5.8124e+18 6.2785e+18 6.2785e+18 6.7248e-02 0.0000e+00 5.8732e+04 0.0000e+00
2.3300e+03 7.8010e-12 8.8003e-01 2.0463e+03 3.8617e+03 4.2000e+03 5.8283e+18 6.2938e+18 6.2938e+18 6.7171e-02 0.0000e+00 5.8787e+04 0.0000e+00
2.3400e+03 7.7779e-12 8.7845e-01 2.0460e+03 3.8612e+03 4.2000e+03 5.8445e+18 6.3094e+18 6.3094e+18 6.7092e-02 0.0000e+00 5.8843e+04 0.0000e+00
2.3500e+03 7.7550e-12 8.7689e-01 2.0457e+03 3.8606e+03 4.2000e+03 5.8609e+18 6.3251e+18 6.3251e+18 6.7013e-02 0.0000e+00 5.8900e+04 0.0000e+00
2.3600e+03 7.7322e-12 8.7536e-01 2.0454e+03 3.8601e+03 4.2000e+03 5.8776e+18 6.3411e+18 6.3411e+18 6.6933e-02 0.0000e+00 5.8958e+04 0.0000e+00
2.3700e+03 7.7095e-12 8.7385e-01 2.0451e+03 3.8595e+03 4.2000e+03 5.8945e+18 6.3573e+18 6.3573e+18 6.6852e-02 0.0000e+00 5.9016e+04 0.0000e+00
2.3800e+03 7.6870e-12 8.7236e-01 2.0448e+03 3.8590e+03 4.2000e+03 5.9117e+18 6.3738e+18 6.3738e+18 6.6771e-02 0.0000e+00 5.9075e+04 0.0000e+00
2.3900e+03 7.6646e-12 8.7090e-01 2.0445e+03 3.8584e+03 4.2000e+03 5.9291e+18 6.3904e+18 6.3904e+18 6.6688e-02 0.0000e+00 5.9135e+04 0.0000e+00
2.4000e+03 7.6424e-12 8.6945e-01 2.0442e+03 3.8579e+03 4.2000e+03 5.9467e+18 6.4073e+18 6.4073e+18 6.6605e-02 0.0000e+00 5.9195e+04 0.0000e+00
2.4100e+03 7.6202e-12 8.6803e-01 2.0439e+03 3.8573e+03 4.2000e+03 5.9646e+18 6.4244e+18 6.4244e+18 6.6521e-02 0.0000e+00 5.9256e+04 0.0000e+00
2.4200e+03 7.5982e-12 8.6662e-01 2.0436e+03 3.8567e+03 4.2000e+03 5.9827e+18 6.4417e+18 6.4417e+18 6.6436e-02 0.0000e+00 5.9318e+04 0.0000e+00
2.4300e+03 7.5763e-12 8.6524e-01 2.0433e+03 3.8561e+03 4.2000e+03 6.0010e+18 6.4593e+18 6.4593e+18 6.6351e-02 0.0000e+00 5.9381e+04 0.0000e+00
2.4400e+03 7.5546e-12 8.6388e-01 2.0430e+03 3.8556e+03 4.2000e+03 6.0196e+18 6.4770e+18 6.4770e+18 6.6265e-02 0.0000e+00 5.9444e+04 0.0000e+00
2.4500e+03 7.5330e-12 8.6253e-01 2.0427e+03 3.8550e+03 4.2000e+03 6.0384e+18 6.4950e+18 6.4950e+18 6.6178e-02 0.0000e+00 5.9508e+04 0.0000e+00
2.4600e+03 7.5115e-12 8.6121e-01 2.0424e+03 3.8544e+03 4.2000e+03 6.0574e+18 6.5131e+18 6.5131e+18 6.6091e-02 0.0000e+00 5.9572e+04 0.0000e+00
2.4700e+03 7.4901e-12 8.5990e-01 2.0421e+03 3.8538e+03 4.2000e+03 6.0767e+18 6.5315e+18 6.5315e+18 6.6003e-02 0.0000e+00 5.9637e+04 0.0000e+00
2.4800e+03 7.4688e-12 8.5862e-01 2.0417e+03 3.8532e+03 4.2000e+03 6.0962e+18 6.5501e+18 6.5501e+18 6.5914e-02 0.0000e+00 5.9702e+04 0.0000e+00
2.4900e+03 7.4477e-12 8.5735e-01 2.0414e+03 3.8526e+03 4.2000e+03 6.1159e+18 6.5689e+18 6.5689e+18 6.5825e-02 0.0000e+00 5.9769e+04 0.0000e+00
2.5000e+03 7.4267e-12 8.5610e-01 2.0411e+03 3.8519e+03 4.2000e+03 6.1359e+18 6.5878e+18 6.5878e+18 6.5735e-02 0.0000e+00 5.9836e+04 0.0000e+00
2.5100e+03 7.4058e-12 8.5487e-01 2.0408e+03 3.8513e+03 4.2000e+03 6.1560e+18 6.6070e+18 6.6070e+18 6.5644e-02 0.0000e+00 5.9903e+04 0.0000e+00
2.5200e+03 7.3851e-12 8.5365e-01 2.0404e+03 3.8507e+03 4.2000e+03 6.1764e+18 6.6264e+18 6.6264e+18 6.5554e-02 0.0000e+00 5.9971e+04 0.0000e+00
2.5300e+03 7.3644e-12 8.5246e-01 2.0401e+03 3.8501e+03 4.2000e+03 6.1970e+18 6.6460e+18 6.6460e+18 6.5462e-02 0.0000e+00 6.0039e+04 0.0000e+00
2.5400e+03 7.3439e-12 8.5128e-01 2.0398e+03 3.8494e+03 4.2000e+03 6.2179e+18 6.6658e+18 6.6658e+18 6.5370e-02 0.0000e+00 6.0109e+04 0.0000e+00
2.5500e+03 7.3235e-12 8.5011e-01 2.0394e+03 3.8488e+03 4.2000e+03 6.2389e+18 6.6858e+18 6.6858e+18 6.5278e-02 0.0000e+00 6.0178e+04 0.0000e+00
2.5600e+03 7.3032e-12 8.4897e-01 2.0391e+03 3.8482e+03 4.2000e+03 6.2602e+18 6.7060e+18 6.7060e+18 6.5185e-02 0.0000e+00 6.0248e+04 0.0000e+00
2.5700e+03 7.2830e-12 8.4784e-01 2.0387e+03 3.8475e+03 4.2000e+03 6.2816e+18 6.7263e+18 6.7263e+18 6.5091e-02 0.0000e+00 6.0319e+04 0.0000e+00
2.5800e+03 7.2629e-12 8.4672e-01 2.0384e+03 3.8469e+03 4.2000e+03 6.3033e+18 6.7469e+18 6.7469e+18 6.4997e-02 0.0000e+00 6.0390e+04 0.0000e+00
2.5900e+03 7.2430e-12 8.4562e-01 2.0381e+03 3.8462e+03 4.2000e+03 6.3253e+18 6.7676e+18 6.7676e+18 6.4903e-02 0.0000e+00 6.0462e+04 0.0000e+00
2.6000e+03 7.2232e-12 8.4454e-01 2.0377e+03 3.8456e+03 4.2000e+03 6.3474e+18 6.7886e+18 6.7886e+18 6.4808e-02 0.0000e+00 6.0535e+04 0.0000e+00
2.6100e+03 7.2034e-12 8.4347e-01 2.0374e+03 3.8449e+03 4.2000e+03 6.3697e+18 6.8097e+18 6.8097e+18 6.4713e-02 0.0000e+00 6.0607e+04 0.0000e+00
2.6200e+03 7.1838e-12 8.4242e-01 2.0370e+03 3.8442e+03 4.2000e+03 6.3923e+18 6.8310e+18 6.8310e+18 6.4617e-02 0.0000e+00 6.0681e+04 0.0000e+00
2.6300e+03 7.1643e-12 8.4138e-01 2.0367e+03 3.8436e+03 4.2000e+03 6.4150e+18 6.8525e+18 6.8525e+18 6.4522e-02 0.0000e+00 6.0755e+04 0.0000e+00
2.6400e+03 7.1449e-12 8.4036e-01 2.0363e+03 3.8429e+03 4.2000e+03 6.4380e+18 6.8742e+18 6.8742e+18 6.4425e-02 0.0000e+00 6.0829e+04 0.0000e+00
2.6500e+03 7.1256e-12 8.3935e-01 2.0359e+03 3.8422e+03 4.2000e+03 6.4612e+18 6.8961e+18 6.8961e+18 6.4329e-02 0.0000e+00 6.0904e+04 0.0000e+00
2.6600e+03 7.1065e-12 8.3836e-01 2.0356e+03 3.8416e+03 4.2000e+03 6.4846e+18 6.9182e+18 6.9182e+18 6.4231e-02 0.0000e+00 6.0979e+04 0.0000e+00
2.6700e+03 7.0874e-12 8.3738e-01 2.0352e+03 3.8409e+03 4.2000e+03 6.5082e+18 6.9404e+18 6.9404e+18 6.4134e-02 0.0000e+00 6.1055e+04 0.0000e+00
2.6800e+03 7.0684e-12 8.3641e-01 2.0349e+03 3.8402e+03 4.2000e+03 6.5320e+18 6.9628e+18 6.9628e+18 6.4036e-02 0.0000e+00 6.1131e+04 0.0000e+00
2.6900e+03 7.0496e-12 8.3546e-01 2.0345e+03 3.8395e+03 4.2000e+03 6.5560e+18 6.9854e+18 6.9854e+18 6.3938e-02 0.0000e+00 6.1207e+04 0.0000e+00
2.7000e+03 7.0308e-12 8.3452e-01 2.0341e+03 3.8388e+03 4.2000e+03 6.5802e+18 7.0082e+18 7.0082e+18 6.3840e-02 0.0000e+00 6.1285e+04 0.0000e+00
2.7100e+03 7.0122e-12 8.3360e-01 2.0338e+03 3.8381e+03 4.2000e+03 6.6046e+18 7.0312e+18 7.0312e+18 6.3742e-02 0.0000e+00 6.1362e+04 0.0000e+00
2.7200e+03 6.9937e-12 8.3268e-01 2.0334e+03 3.8374e+03 4.2000e+03 6.6292e+18 7.0543e+18 7.0543e+18 6.3643e-02 0.0000e+00 6.1440e+04 0.0000e+00
2.7300e+03 6.9752e-12 8.3178e-01 2.0330e+03 3.8367e+03 4.2000e+03 6.6541e+18 7.0776e+18 7.0776e+18 6.3544e-02 0.0000e+00 6.1519e+04 0.0000e+00
2.7400e+03 6.9569e-12 8.3090e-01 2.0327e+03 3.8360e+03 4.2000e+03 6.6791e+18 7.1011e+18 7.1011e+18 6.3444e-02 0.0000e+00 6.1597e+04 0.0000e+00
2.7500e+03 6.9386e-12 8.3002e-01 2.0323e+03 3.8353e+03 4.2000e+03 6.7043e+18 7.1248e+18 7.1248e+18 6.3345e-02 0.0000e+00 6.1677e+04 0.0000e+00
2.7600e+03 6.9205e-12 8.2916e-01 2.0319e+03 3.8346e+03 4.2000e+03 6.7297e+18 7.1486e+18 7.1486e+18 6.3245e-02 0.0000e+00 6.1756e+04 0.0000e+00
2.7700e+03 6.9025e-12 8.2831e-01 2.0315e+03 3.8339e+03 4.2000e+03 6.7554e+18 7.1726e+18 7.1726e+18 6.3145e-02 0.0000e+00 6.1836e+04 0.0000e+00
2.7800e+03 6.8845e-12 8.2747e-01 2.0312e+03 3.8332e+03 4.2000e+03 6.7812e+18 7.1968e+18 7.1968e+18 6.3044e-02 0.0000e+00 6.1917e+04 0.0000e+00
2.7900e+03 6.8667e-12 8.2665e-01 2.0308e+03 3.8325e+03 4.2000e+03 6.8072e+18 7.2211e+18 7.2211e+18 6.2944e-02 0.0000e+00 6.1998e+04 0.0000e+00
2.8000e+03 6.8489e-12 8.2583e-01 2.0304e+03 3.8318e+03 4.2000e+03 6.8335e+18 7.2456e+18 7.2456e+18 6.2843e-02 0.0000e+00 6.2079e+04 0.0000e+00
2.8100e+03 6.8313e-12 8.2503e-01 2.0300e+03 3.8311e+03 4.2000e+03 6.8599e+18 7.2703e+18 7.2703e+18 6.2742e-02 0.0000e+00 6.2161e+04 0.0000e+00
2.8200e+03 6.8138e-12 8.2423e-01 2.0297e+03 3.8303e+03 4.2000e+03 6.8865e+18 7.2952e+18 7.2952e+18 6.2641e-02 0.0000e+00 6.2243e+04 0.0000e+00
2.8300e+03 6.7963e-12 8.2345e-01 2.0293e+03 3.8296e+03 4.2000e+03 6.9133e+18 7.3202e+18 7.3202e+18 6.2540e-02 0.0000e+00 6.2325e+04 0.0000e+00
2.8400e+03 6.7789e-12 8.2268e-01 2.0289e+03 3.8289e+03 4.2000e+03 6.9404e+18 7.3454e+18 7.3454e+18 6.2439e-02 0.0000e+00 6.2408e+04 0.0000e+00
2.8500e+03 6.7617e-12 8.2192e-01 2.0285e+03 3.8282e+03 4.2000e+03 6.9676e+18 7.3707e+18 7.3707e+18 6.2337e-02 0.0000e+00 6.2491e+04 0.0000e+00
2.8600e+03 6.7445e-12 8.2118e-01 2.0281e+03 3.8275e+03 4.2000e+03 6.9950e+18 7.3962e+18 7.3962e+18 6.2236e-02 0.0000e+00 6.2574e+04 0.0000e+00
2.8700e+03 6.7274e-12 8.2044e-01 2.0277e+03 3.8267e+03 4.2000e+03 7.0226e+18 7.4219e+18 7.4219e+18 6.2134e-02 0.0000e+00 6.2658e+04 0.0000e+00
2.8800e+03 6.7104e-12 8.1971e-01 2.0273e+03 3.8260e+03 4.2000e+03 7.0504e+18 7.4478e+18 7.4478e+18 6.2032e-02 0.0000e+00 6.2742e+04 0.0000e+00
2.8900e+03 6.6935e-12 8.1899e-01 2.0270e+03 3.8253e+03 4.2000e+03 7.0784e+18 7.4738e+18 7.4738e+18 6.1930e-02 0.0000e+00 6.2827e+04 0.0000e+00
2.9000e+03 6.6767e-12 8.1829e-01 2.0266e+03 3.8245e+03 4.2000e+03 7.1066e+18 7.4999e+18 7.4999e+18 6.1828e-02 0.0000e+00 6.2912e+04 0.0000e+00
2.9100e+03 6.6600e-12 8.1759e-01 2.0262e+03 3.8238e+03 4.2000e+03 7.1349e+18 7.5263e+18 7.5263e+18 6.1726e-02 0.0000e+00 6.2997e+04 0.0000e+00
2.9200e+03 6.6434e-12 8.1690e-01 2.0258e+03 3.8231e+03 4.2000e+03 7.1635e+18 7.5528e+18 7.5528e+18 6.1623e-02 0.0000e+00 6.3083e+04 0.0000e+00
2.9300e+03 6.6269e-12 8.1622e-01 2.0254e+03 3.8223e+03 4.2000e+03 7.1923e+18 7.5794e+18 7.5794e+18 6.1521e-02 0.0000e+00 6.3168e+04 0.0000e+00
2.9400e+03 6.6104e-12 8.1556e-01 2.0250e+03 3.8216e+03 4.2000e+03 7.2212e+18 7.6062e+18 7.6062e+18 6.1419e-02 0.0000e+00 6.3255e+04 0.0000e+00
2.9500e+03 6.5941e-12 8.1490e-01 2.0246e+03 3.8208e+03 4.2000e+03 7.2504e+18 7.6332e+18 7.6332e+18 6.1316e-02 0.0000e+00 6.3341e+04 0.0000e+00
2.9600e+03 6.5778e-12 8.1425e-01 2.0242e+03 3.8201e+03 4.2000e+03 7.2797e+18 7.6603e+18 7.6603e+18 6.1214e-02 0.0000e+00 6.3428e+04 0.0000e+00
2.9700e+03 6.5616e-12 8.1361e-01 2.0238e+03 3.8194e+03 4.2000e+03 7.3093e+18 7.6876e+18 7.6876e+18 6.1111e-02 0.0000e+00 6.3515e+04 0.0000e+00
2.9800e+03 6.5455e-12 8.1298e-01 2.0234e+03 3.8186e+03 4.2000e+03 7.3390e+18 7.7150e+18 7.7150e+18 6.1008e-02 0.0000e+00 6.3603e+04 0.0000e+00
2.9900e+03 6.5295e-12 8.1235e-01 2.0230e+03 3.8179e+03 4.2000e+03 7.3689e+18 7.7426e+18 7.7426e+18 6.0906e-02 0.0000e+00 6.3690e+04 0.0000e+00
3.0000e+03 6.5135e-12 8.1174e-01 2.0226e+03 3.8171e+03 4.2000e+03 7.3990e+18 7.7703e+18 7.7703e+18 6.0803e-02 0.0000e+00 6.3778e+04 0.0000e+00
3.0100e+03 6.4977e-12 8.1113e-01 2.0222e+03 3.8164e+03 4.2000e+03 7.4293e+18 7.7982e+18 7.7982e+18 6.0700e-02 0.0000e+00 6.3867e+04 0.0000e+00
3.0200e+03 6.4819e-12 8.1054e-01 2.0218e+03 3.8156e+03 4.2000e+03 7.4597e+18 7.8263e+18 7.8263e+18 6.0598e-02 0.0000e+00 6.3955e+04 0.0000e+00
3.0300e+03 6.4662e-12 8.0995e-01 2.0214e+03 3.8149e+03 4.2000e+03 7.4904e+18 7.8545e+18 7.8545e+18 6.0495e-02 0.0000e+00 6.4044e+04 0.0000e+00
3.0400e+03 6.4506e-12 8.0937e-01 2.0210e+03 3.8141e+03 4.2000e+03 7.5213e+18 7.8829e+18 7.8829e+18 6.0392e-02 0.0000e+00 6.4133e+04 0.0000e+00
3.0500e+03 6.4351e-12 8.0880e-01 2.0206e+03 3.8134e+03 4.2000e+03 7.5523e+18 7.9114e+18 7.9114e+18 6.0289e-02 0.0000e+00 6.4223e+04 0.0000e+00
3.0600e+03 6.4197e-12 8.0824e-01 2.0202e+03 3.8126e+03 4.2000e+03 7.5835e+18 7.9400e+18 7.9400e+18 6.0187e-02 0.0000e+00 6.4312e+04 0.0000e+00
3.0700e+03 6.4043e-12 8.0768e-01 2.0198e+03 3.8118e+03 4.2000e+03 7.6150e+18 7.9689e+18 7.9689e+18 6.0084e-02 0.0000e+00 6.4402e+04 0.0000e+00
3.0800e+03 6.3890e-12 8.0713e-01 2.0194e+03 3.8111e+03 4.2000e+03 7.6466e+18 7.9978e+18 7.9978e+18 5.9981e-02 0.0000e+00 6.4493e+04 0.0000e+00
3.0900e+03 6.3738e-12 8.0659e-01 2.0190e+03 3.8103e+03 4.2000e+03 7.6784e+18 8.0269e+18 8.0269e+18 5.9878e-02 0.0000e+00 6.4583e+04 0.0000e+00
3.1000e+03 6.3587e-12 8.0606e-01 2.0186e+03 3.8096e+03 4.2000e+03 7.7103e+18 8.0562e+18 8.0562e+18 5.9776e-02 0.0000e+00 6.4674e+04 0.0000e+00
3.1100e+03 6.3437e-12 8.0554e-01 2.0182e+03 3.8088e+03 4.2000e+03 7.7425e+18 8.0856e+18 8.0856e+18 5.9673e-02 0.0000e+00 6.4765e+04 0.0000e+00
3.1200e+03 6.3287e-12 8.0502e-01 2.0178e+03 3.8081e+03 4.2000e+03 7.7749e+18 8.1152e+18 8.1152e+18 5.9571e-02 0.0000e+00 6.4856e+04 0.0000e+00
3.1300e+03 6.3138e-12 8.0451e-01 2.0174e+03 3.8073e+03 4.2000e+03 7.8074e+18 8.1449e+18 8.1449e+18 5.9468e-02 0.0000e+00 6.4948e+04 0.0000e+00
3.1400e+03 6.2990e-12 8.0401e-01 2.0170e+03 3.8065e+03 4.2000e+03 7.8401e+18 8.1747e+18 8.1747e+18 5.9366e-02 0.0000e+00 6.5039e+04 0.0000e+00
3.1500e+03 6.2843e-12 8.0351e-01 2.0166e+03 3.8058e+03 4.2000e+03 7.8730e+18 8.2047e+18 8.2047e+18 5.9263e-02 0.0000e+00 6.5131e+04 0.0000e+00
3.1600e+03 6.2696e-12 8.0303e-01 2.0162e+03 3.8050e+03 4.2000e+03 7.9061e+18 8.2349e+18 8.2349e+18 5.9161e-02 0.0000e+00 6.5223e+04 0.0000e+00
3.1700e+03 6.2550e-12 8.0255e-01 2.0158e+03 3.8042e+03 4.2000e+03 7.9394e+18 8.2652e+18 8.2652e+18 5.9059e-02 0.0000e+00 6.5316e+04 0.0000e+00
3.1800e+03 6.2405e-12 8.0207e-01 2.0154e+03 3.8035e+03 4.2000e+03 7.9729e+18 8.2956e+18 8.2956e+18 5.8956e-02 0.0000e+00 6.5409e+04 0.0000e+00
3.1900e+03 6.2260e-12 8.0160e-01 2.0150e+03 3.8027e+03 4.2000e+03 8.0065e+18 8.3262e+18 8.3262e+18 5.8854e-02 0.0000e+00 6.5501e+04 0.0000e+00
3.2000e+03 6.2117e-12 8.0114e-01 2.0146e+03 3.8020e+03 4.2000e+03 8.0404e+18 8.3569e+18 8.3569e+18 5.8752e-02 0.0000e+00 6.5595e+04 0.0000e+00
3.2100e+03 6.1974e-12 8.0069e-01 2.0142e+03 3.8012e+03 4.2000e+03 8.0744e+18 8.3878e+18 8.3878e+18 5.8650e-02 0.0000e+00 6.5688e+04 0.0000e+00
3.2200e+03 6.1832e-12 8.0024e-01 2.0138e+03 3.8004e+03 4.2000e+03 8.1086e+18 8.4188e+18 8.4188e+18 5.8548e-02 0.0000e+00 6.5781e+04 0.0000e+00
3.2300e+03 6.1690e-12 7.9980e-01 2.0134e+03 3.7997e+03 4.2000e+03 8.1430e+18 8.4500e+18 8.4500e+18 5.8446e-02 0.0000e+00 6.5875e+04 0.0000e+00
3.2400e+03 6.1549e-12 7.9937e-01 2.0130e+03 3.7989e+03 4.2000e+03 8.1776e+18 8.4813e+18 8.4813e+18 5.8345e-02 0.0000e+00 6.5969e+04 0.0000e+00
3.2500e+03 6.1409e-12 7.9894e-01 2.0126e+03 3.7981e+03 4.2000e+03 8.2123e+18 8.5127e+18 8.5127e+18 5.8243e-02 0.0000e+00 6.6063e+04 0.0000e+00
3.2600e+03 6.1270e-12 7.9852e-01 2.0122e+03 3.7974e+03 4.2000e+03 8.2473e+18 8.5443e+18 8.5443e+18 5.8142e-02 0.0000e+00 6.6158e+04 0.0000e+00
3.2700e+03 6.1131e-12 7.9810e-01 2.0118e+03 3.7966e+03 4.2000e+03 8.2824e+18 8.5761e+18 8.5761e+18 5.8040e-02 0.0000e+00 6.6252e+04 0.0000e+00
3.2800e+03 6.0993e-12 7.9769e-01 2.0114e+03 3.7958e+03 4.2000e+03 8.3177e+18 8.6079e+18 8.6079e+18 5.7939e-02 0.0000e+00 6.6347e+04 0.0000e+00
3.2900e+03 6.0856e-12 7.9729e-01 2.0110e+03 3.7951e+03 4.2000e+03 8.3532e+18 8.6399e+18 8.6399e+18 5.7838e-02 0.0000e+00 6.6442e+04 0.0000e+00
3.3000e+03 6.0719e-12 7.9689e-01 2.0105e+03 3.7943e+03 4.2000e+03 8.3888e+18 8.6721e+18 8.6721e+18 5.7737e-02 0.0000e+00 6.6537e+04 0.0000e+00
3.3100e+03 6.0583e-12 7.9650e-01 2.0101e+03 3.7935e+03 4.2000e+03 8.4247e+18 8.7044e+18 8.7044e+18 5.7636e-02 0.0000e+00 6.6633e+04 0.0000e+00
3.3200e+03 6.0448e-12 7.9611e-01 2.0097e+03 3.7928e+03 4.2000e+03 8.4607e+18 8.7368e+18 8.7368e+18 5.7535e-02 0.0000e+00 6.6728e+04 0.0000e+00
3.3300e+03 6.0313e-12 7.9573e-01 2.0093e+03 3.7920e+03 4.2000e+03 8.4970e+18 8.7694e+18 8.7694e+18 5.7434e-02 0.0000e+00 6.6824e+04 0.0000e+00
3.3400e+03 6.0179e-12 7.9536e-01 2.0089e+03 3.7912e+03 4.2000e+03 8.5334e+18 8.8021e+18 8.8021e+18 5.7334e-02 0.0000e+00 6.6920e+04 0.0000e+00
3.3500e+03 6.0046e-12 7.9499e-01 2.0085e+03 3.7905e+03 4.2000e+03 8.5700e+18 8.8349e+18 8.8349e+18 5.7233e-02 0.0000e+00 6.7016e+04 0.0000e+00
3.3600e+03 5.9913e-12 7.9462e-01 2.0081e+03 3.7897e+03 4.2000e+03 8.6067e+18 8.8679e+18 8.8679e+18 5.7133e-02 0.0000e+00 6.7112e+04 0.0000e+00
3.3700e+03 5.9781e-12 7.9426e-01 2.0077e+03 3.7889e+03 4.2000e+03 8.6437e+18 8.9010e+18 8.9010e+18 5.7033e-02 0.0000e+00 6.7209e+04 0.0000e+00
3.3800e+03 5.9650e-12 7.9391e-01 2.0073e+03 3.7882e+03 4.2000e+03 8.6808e+18 8.9343e+18 8.9343e+18 5.6933e-02 0.0000e+00 6.7305e+04 0.0000e+00
3.3900e+03 5.9519e-12 7.9356e-01 2.0069e+03 3.7874e+03 4.2000e+03 8.7181e+18 8.9676e+18 8.9676e+18 5.6833e-02 0.0000e+00 6.7402e+04 0.0000e+00
3.4000e+03 5.9389e-12 7.9322e-01 2.0065e+03 3.7866e+03 4.2000e+03 8.7556e+18 9.0012e+18 9.0012e+18 5.6733e-02 0.0000e+00 6.7499e+04 0.0000e+00
3.4100e+03 5.9260e-12 7.9288e-01 2.0061e+03 3.7858e+03 4.2000e+03 8.7933e+18 9.0348e+18 9.0348e+18 5.6634e-02 0.0000e+00 6.7596e+04 0.0000e+00
3.4200e+03 5.9131e-12 7.9255e-01 2.0057e+03 3.7851e+03 4.2000e+03 8.8312e+18 9.0686e+18 9.0686e+18 5.6534e-02 0.0000e+00 6.7693e+04 0.0000e+00
3.4300e+03 5.9003e-12 7.9222e-01 2.0053e+03 3.7843e+03 4.2000e+03 8.8692e+18 9.1026e+18 9.1026e+18 5.6435e-02 0.0000e+00 6.7791e+04 0.0000e+00
3.4400e+03 5.8875e-12 7.9190e-01 2.0048e+03 3.7835e+03 4.2000e+03 8.9074e+18 9.1366e+18 9.1366e+18 5.6336e-02 0.0000e+00 6.7888e+04 0.0000e+00
3.4500e+03 5.8748e-12 7.9158e-01 2.0044e+03 3.7828e+03 4.2000e+03 8.9458e+18 9.1708e+18 9.1708e+18 5.6237e-02 0.0000e+00 6.7986e+04 0.0000e+00
3.4600e+03 5.8622e-12 7.9127e-01 2.0040e+03 3.7820e+03 4.2000e+03 8.9844e+18 9.2052e+18 9.2052e+18 5.6138e-02 0.0000e+00 6.8084e+04 0.0000e+00
3.4700e+03 5.8496e-12 7.9096e-01 2.0036e+03 3.7812e+03 4.2000e+03 9.0232e+18 9.2396e+18 9.2396e+18 5.6040e-02 0.0000e+00 6.8182e+04 0.0000e+00
3.4800e+03 5.8371e-12 7.9066e-01 2.0032e+03 3.7805e+03 4.2000e+03 9.0622e+18 9.2742e+18 9.2742e+18 5.5941e-02 0.0000e+00 6.8280e+04 0.0000e+00
3.4900e+03 5.8246e-12 7.9036e-01 2.0028e+03 3.7797e+03 4.2000e+03 9.1013e+18 9.3090e+18 9.3090e+18 5.5843e-02 0.0000e+00 6.8379e+04 0.0000e+00
3.5000e+03 5.8122e-12 7.9006e-01 2.0024e+03 3.7789e+03 4.2000e+03 9.1406e+18 9.3438e+18 9.3438e+18 5.5745e-02 0.0000e+00 6.8477e+04 0.0000e+00
3.5100e+03 5.7999e-12 7.8978e-01 2.0020e+03 3.7782e+03 4.2000e+03 9.1801e+18 9.3788e+18 9.3788e+18 5.5647e-02 0.0000e+00 6.8576e+04 0.0000e+00
3.5200e+03 5.7876e-12 7.8949e-01 2.0016e+03 3.7774e+03 4.2000e+03 9.2198e+18 9.4140e+18 9.4140e+18 5.5549e-02 0.0000e+00 6.8675e+04 0.0000e+00
3.5300e+03 5.7754e-12 7.8921e-01 2.0012e+03 3.7766e+03 4.2000e+03 9.2596e+18 9.4492e+18 9.4492e+18 5.5451e-02 0.0000e+00 6.8773e+04 0.0000e+00
3.5400e+03 5.7632e-12 7.8893e-01 2.0008e+03 3.7759e+03 4.2000e+03 9.2997e+18 9.4846e+18 9.4846e+18 5.5354e-02 0.0000e+00 6.8872e+04 0.0000e+00
3.5500e+03 5.7511e-12 7.8866e-01 2.0004e+03 3.7751e+03 4.2000e+03 9.3399e+18 9.5202e+18 9.5202e+18 5.5257e-02 0.0000e+00 6.8972e+04 0.0000e+00
3.5600e+03 5.7391e-12 7.8839e-01 2.0000e+03 3.7744e+03 4.2000e+03 9.3803e+18 9.5558e+18 9.5558e+18 5.5160e-02 0.0000e+00 6.9071e+04 0.0000e+00
3.5700e+03 5.7271e-12 7.8813e-01 1.9996e+03 3.7736e+03 4.2000e+03 9.4209e+18 9.5916e+18 9.5916e+18 5.5063e-02 0.0000e+00 6.9170e+04 0.0000e+00
3.5800e+03 5.7151e-12 7.8787e-01 1.9992e+03 3.7728e+03 4.2000e+03 9.4616e+18 9.6275e+18 9.6275e+18 5.4966e-02 0.0000e+00 6.9270e+04 0.0000e+00
3.5900e+03 5.7032e-12 7.8761e-01 1.9988e+03 3.7721e+03 4.2000e+03 9.5026e+18 9.6636e+18 9.6636e+18 5.4870e-02 0.0000e+00 6.9370e+04 0.0000e+00
3.6000e+03 5.6914e-12 7.8736e-01 1.9984e+03 3.7713e+03 4.2000e+03 9.5437e+18 9.6997e+18 9.6997e+18 5.4774e-02 0.0000e+00 6.9469e+04 0.0000e+00
3.6100e+03 5.6797e-12 7.8711e-01 1.9980e+03 3.7705e+03 4.2000e+03 9.5850e+18 9.7360e+18 9.7360e+18 5.4677e-02 0.0000e+00 6.9569e+04 0.0000e+00
3.6200e+03 5.6679e-12 7.8687e-01 1.9976e+03 3.7698e+03 4.2000e+03 9.6265e+18 9.7725e+18 9.7725e+18 5.4582e-02 0.0000e+00 6.9669e+04 0.0000e+00
3.6300e+03 5.6563e-12 7.8663e-01 1.9972e+03 3.7690e+03 4.2000e+03 9.6682e+18 9.8090e+18 9.8090e+18 5.4486e-02 0.0000e+00 6.9770e+04 0.0000e+00
3.6400e+03 5.6447e-12 7.8640e-01 1.9967e+03 3.7683e+03 4.2000e+03 9.7100e+18 9.8457e+18 9.8457e+18 5.4390e-02 0.0000e+00 6.9870e+04 0.0000e+00
3.6500e+03 5.6331e-12 7.8616e-01 1.9963e+03 3.7675e+03 4.2000e+03 9.7521e+18 9.8826e+18 9.8826e+18 5.4295e-02 0.0000e+00 6.9970e+04 0.0000e+00
3.6600e+03 5.6216e-12 7.8594e-01 1.9959e+03 3.7667e+03 4.2000e+03 9.7943e+18 9.9195e+18 9.9195e+18 5.4200e-02 0.0000e+00 7.0071e+04 0.0000e+00
3.6700e+03 5.6102e-12 7.8571e-01 1.9955e+03 3.7660e+03 4.2000e+03 9.8367e+18 9.9566e+18 9.9566e+18 5.4105e-02 0.0000e+00 7.0171e+04 0.0000e+00
3.6800e+03 5.5988e-12 7.8549e-01 1.9951e+03 3.7652e+03 4.2000e+03 9.8793e+18 9.9938e+18 9.9938e+18 5.4010e-02 0.0000e+00 7.0272e+04 0.0000e+00
3.6900e+03 5.5874e-12 7.8527e-01 1.9947e+03 3.7645e+03 4.2000e+03 9.9220e+18 1.0031e+19 1.0031e+19 5.3916e-02 0.0000e+00 7.0373e+04 0.0000e+00
3.7000e+03 5.5761e-12 7.8506e-01 1.9943e+03 3.7637e+03 4.2000e+03 9.9649e+18 1.0069e+19 1.0069e+19 5.3821e-02 0.0000e+00 7.0474e+04 0.0000e+00
3.7100e+03 5.5649e-12 7.8485e-01 1.9939e+03 3.7629e+03 4.2000e+03 1.0008e+19 1.0106e+19 1.0106e+19 5.3727e-02 0.0000e+00 7.0575e+04 0.0000e+00
3.7200e+03 5.5537e-12 7.8464e-01 1.9935e+03 3.7622e+03 4.2000e+03 1.0051e+19 1.0144e+19 1.0144e+19 5.3633e-02 0.0000e+00 7.0676e+04 0.0000e+00
3.7300e+03 5.5426e-12 7.8444e-01 1.9931e+03 3.7614e+03 4.2000e+03 1.0095e+19 1.0182e+19 1.0182e+19 5.3540e-02 0.0000e+00 7.0777e+04 0.0000e+00
3.7400e+03 5.5315e-12 7.8424e-01 1.9927e+03 3.7607e+03 4.2000e+03 1.0139e+19 1.0220e+19 1.0220e+19 5.3446e-02 0.0000e+00 7.0879e+04 0.0000e+00
3.7500e+03 5.5204e-12 7.8404e-01 1.9923e+03 3.7599e+03 4.2000e+03 1.0182e+19 1.0258e+19 1.0258e+19 5.3353e-02 0.0000e+00 7.0980e+04 0.0000e+00
3.7600e+03 5.5095e-12 7.8385e-01 1.9919e+03 3.7592e+03 4.2000e+03 1.0226e+19 1.0296e+19 1.0296e+19 5.3260e-02 0.0000e+00 7.1081e+04 0.0000e+00
3.7700e+03 5.4985e-12 7.8366e-01 1.9915e+03 3.7584e+03 4.2000e+03 1.0271e+19 1.0334e+19 1.0334e+19 5.3167e-02 0.0000e+00 7.1183e+04 0.0000e+00
3.7800e+03 5.4876e-12 7.8347e-01 1.9911e+03 3.7577e+03 4.2000e+03 1.0315e+19 1.0373e+19 1.0373e+19 5.3074e-02 0.0000e+00 7.1285e+04 0.0000e+00
3.7900e+03 5.4768e-12 7.8329e-01 1.9907e+03 3.7569e+03 4.2000e+03 1.0360e+19 1.0411e+19 1.0411e+19 5.2982e-02 0.0000e+00 7.1387e+04 0.0000e+00
3.8000e+03 5.4660e-12 7.8311e-01 1.9903e+03 3.7562e+03 4.2000e+03 1.0404e+19 1.0450e+19 1.0450e+19 5.2890e-02 0.0000e+00 7.1489e+04 0.0000e+00
3.8100e+03 5.4553e-12 7.8293e-01 1.9899e+03 3.7554e+03 4.2000e+03 1.0449e+19 1.0489e+19 1.0489e+19 5.2798e-02 0.0000e+00 7.1590e+04 0.0000e+00
3.8200e+03 5.4446e-12 7.8276e-01 1.9895e+03 3.7547e+03 4.2000e+03 1.0494e+19 1.0528e+19 1.0528e+19 5.2706e-02 0.0000e+00 7.1693e+04 0.0000e+00
3.8300e+03 5.4339e-12 7.8259e-01 1.9891e+03 3.7539e+03 4.2000e+03 1.0540e+19 1.0567e+19 1.0567e+19 5.2614e-02 0.0000e+00 7.1795e+04 0.0000e+00
3.8400e+03 5.4233e-12 7.8242e-01 1.9887e+03 3.7532e+03 4.2000e+03 1.0585e+19 1.0606e+19 1.0606e+19 5.2523e-02 0.0000e+00 7.1897e+04 0.0000e+00
3.8500e+03 5.4128e-12 7.8225e-01 1.9884e+03 3.7524e+03 4.2000e+03 1.0631e+19 1.0645e+19 1.0645e+19 5.2432e-02 0.0000e+00 7.1999e+04 0.0000e+00
3.8600e+03 5.4022e-12 7.8209e-01 1.9880e+03 3.7517e+03 4.2000e+03 1.0677e+19 1.0685e+19 1.0685e+19 5.2341e-02 0.0000e+00 7.2102e+04 0.0000e+00
3.8700e+03 5.3918e-12 7.8193e-01 1.9876e+03 3.7509e+03 4.2000e+03 1.0723e+19 1.0725e+19 1.0725e+19 5.2250e-02 0.0000e+00 7.2204e+04 0.0000e+00
3.8800e+03 5.3814e-12 7.8178e-01 1.9872e+03 3.7502e+03 4.2000e+03 1.0769e+19 1.0764e+19 1.0764e+19 5.2160e-02 0.0000e+00 7.2307e+04 0.0000e+00
3.8900e+03 5.3710e-12 7.8162e-01 1.9868e+03 3.7494e+03 4.2000e+03 1.0815e+19 1.0804e+19 1.0804e+19 5.2069e-02 0.0000e+00 7.2409e+04 0.0000e+00
3.9000e+03 5.3607e-12 7.8147e-01 1.9864e+03 3.7487e+03 4.2000e+03 1.0862e+19 1.0844e+19 1.0844e+19 5.1979e-02 0.0000e+00 7.2512e+04 0.0000e+00
3.9100e+03 5.3504e-12 7.8132e-01 1.9860e+03 3.7479e+03 4.2000e+03 1.0909e+19 1.0884e+19 1.0884e+19 5.1889e-02 0.0000e+00 7.2615e+04 0.0000e+00
3.9200e+03 5.3402e-12 7.8118e-01 1.9856e+03 3.7472e+03 4.2000e+03 1.0956e+19 1.0924e+19 1.0924e+19 5.1800e-02 0.0000e+00 7.2718e+04 0.0000e+00
3.9300e+03 5.3300e-12 7.8104e-01 1.9852e+03 3.7465e+03 4.2000e+03 1.1003e+19 1.0965e+19 1.0965e+19 5.1710e-02 0.0000e+00 7.2821e+04 0.0000e+00
3.9400e+03 5.3198e-12 7.8090e-01 1.9848e+03 3.7457e+03 4.2000e+03 1.1050e+19 1.1005e+19 1.1005e+19 5.1621e-02 0.0000e+00 7.2924e+04 0.0000e+00
3.9500e+03 5.3097e-12 7.8076e-01 1.9844e+03 3.7450e+03 4.2000e+03 1.1097e+19 1.1046e+19 1.1046e+19 5.1532e-02 0.0000e+00 7.3027e+04 0.0000e+00
3.9600e+03 5.2997e-12 7.8063e-01 1.9840e+03 3.7442e+03 4.2000e+03 1.1145e+19 1.1086e+19 1.1086e+19 5.1444e-02 0.0000e+00 7.3130e+04 0.0000e+00
3.9700e+03 5.2897e-12 7.8049e-01 1.9836e+03 3.7435e+03 4.2000e+03 1.1193e+19 1.1127e+19 1.1127e+19 5.1355e-02 0.0000e+00 7.3233e+04 0.0000e+00
3.9800e+03 5.2797e-12 7.8036e-01 1.9832e+03 3.7428e+03 4.2000e+03 1.1241e+19 1.1168e+19 1.1168e+19 5.1267e-02 0.0000e+00 7.3336e+04 0.0000e+00
3.9900e+03 5.2698e-12 7.8024e-01 1.9828e+03 3.7420e+03 4.2000e+03 1.1289e+19 1.1209e+19 1.1209e+19 5.1179e-02 0.0000e+00 7.3440e+04 0.0000e+00
4.0000e+03 5.2599e-12 7.8011e-01 1.9825e+03 3.7413e+03 4.2000e+03 1.1338e+19 1.1250e+19 1.1250e+19 5.1091e-02 0.0000e+00 7.3543e+04 0.0000e+00
4.0100e+03 5.2500e-12 7.7999e-01 1.9821e+03 3.7405e+03 4.2000e+03 1.1386e+19 1.1291e+19 1.1291e+19 5.1003e-02 0.0000e+00 7.3646e+04 0.0000e+00
4.0200e+03 5.2402e-12 7.7987e-01 1.9817e+03 3.7398e+03 4.2000e+03 1.1435e+19 1.1333e+19 1.1333e+19 5.0916e-02 0.0000e+00 7.3750e+04 0.0000e+00
4.0300e+03 5.2305e-12 7.7975e-01 1.9813e+03 3.7391e+03 4.2000e+03 1.1484e+19 1.1374e+19 1.1374e+19 5.0829e-02 0.0000e+00 7.3853e+04 0.0000e+00
4.0400e+03 5.2207e-12 7.7964e-01 1.9809e+03 3.7383e+03 4.2000e+03 1.1533e+19 1.1416e+19 1.1416e+19 5.0742e-02 0.0000e+00 7.3957e+04 0.0000e+00
4.0500e+03 5.2111e-12 7.7953e-01 1.9805e+03 3.7376e+03 4.2000e+03 1.1582e+19 1.1458e+19 1.1458e+19 5.0655e-02 0.0000e+00 7.4061e+04 0.0000e+00
4.0600e+03 5.2014e-12 7.7942e-01 1.9801e+03 3.7369e+03 4.2000e+03 1.1632e+19 1.1499e+19 1.1499e+19 5.0568e-02 0.0000e+00 7.4164e+04 0.0000e+00
4.0700e+03 5.1918e-12 7.7931e-01 1.9797e+03 3.7362e+03 4.2000e+03 1.1681e+19 1.1541e+19 1.1541e+19 5.0482e-02 0.0000e+00 7.4268e+04 0.0000e+00
4.0800e+03 5.1823e-12 7.7920e-01 1.9794e+03 3.7354e+03 4.2000e+03 1.1731e+19 1.1584e+19 1.1584e+19 5.0396e-02 0.0000e+00 7.4372e+04 0.0000e+00
4.0900e+03 5.1728e-12 7.7910e-01 1.9790e+03 3.7347e+03 4.2000e+03 1.1781e+19 1.1626e+19 1.1626e+19 5.0310e-02 0.0000e+00 7.4476e+04 0.0000e+00
4.1000e+03 5.1633e-12 7.7900e-01 1.9786e+03 3.7340e+03 4.2000e+03 1.1832e+19 1.1668e+19 1.1668e+19 5.0224e-02 0.0000e+00 7.4580e+04 0.0000e+00
4.1100e+03 5.1539e-12 7.7890e-01 1.9782e+03 3.7332e+03 4.2000e+03 1.1882e+19 1.1711e+19 1.1711e+19 5.0139e-02 0.0000e+00 7.4684e+04 0.0000e+00
4.1200e+03 5.1445e-12 7.7880e-01 1.9778e+03 3.7325e+03 4.2000e+03 1.1933e+19 1.1753e+19 1.1753e+19 5.0054e-02 0.0000e+00 7.4788e+04 0.0000e+00
4.1300e+03 5.1351e-12 7.7871e-01 1.9774e+03 3.7318e+03 4.2000e+03 1.1983e+19 1.1796e+19 1.1796e+19 4.9969e-02 0.0000e+00 7.4892e+04 0.0000e+00
4.1400e+03 5.1258e-12 7.7861e-01 1.9770e+03 3.7311e+03 4.2000e+03 1.2034e+19 1.1839e+19 1.1839e+19 4.9884e-02 0.0000e+00 7.4996e+04 0.0000e+00
4.1500e+03 5.1165e-12 7.7852e-01 1.9767e+03 3.7303e+03 4.2000e+03 1.2085e+19 1.1882e+19 1.1882e+19 4.9800e-02 0.0000e+00 7.5100e+04 0.0000e+00
4.1600e+03 5.1073e-12 7.7843e-01 1.9763e+03 3.7296e+03 4.2000e+03 1.2137e+19 1.1925e+19 1.1925e+19 4.9715e-02 0.0000e+00 7.5205e+04 0.0000e+00
4.1700e+03 5.0981e-12 7.7835e-01 1.9759e+03 3.7289e+03 4.2000e+03 1.2188e+19 1.1968e+19 1.1968e+19 4.9631e-02 0.0000e+00 7.5309e+04 0.0000e+00
4.1800e+03 5.0889e-12 7.7826e-01 1.9755e+03 3.7282e+03 4.2000e+03 1.2240e+19 1.2011e+19 1.2011e+19 4.9548e-02 0.0000e+00 7.5413e+04 0.0000e+00
4.1900e+03 5.0798e-12 7.7818e-01 1.9751e+03 3.7275e+03 4.2000e+03 1.2292e+19 1.2054e+19 1.2054e+19 4.9464e-02 0.0000e+00 7.5518e+04 0.0000e+00
4.2000e+03 5.0707e-12 7.7810e-01 1.9748e+03 3.7267e+03 4.2000e+03 1.2344e+19 1.2098e+19 1.2098e+19 4.9381e-02 0.0000e+00 7.5622e+04 0.0000e+00
4.2100e+03 5.0616e-12 7.7802e-01 1.9744e+03 3.7260e+03 4.2000e+03 1.2396e+19 1.2142e+19 1.2142e+19 4.9297e-02 0.0000e+00 7.5726e+04 0.0000e+00
4.2200e+03 5.0526e-12 7.7794e-01 1.9740e+03 3.7253e+03 4.2000e+03 1.2449e+19 1.2185e+19 1.2185e+19 4.9214e-02 0.0000e+00 7.5831e+04 0.0000e+00
4.2300e+03 5.0436e-12 7.7787e-01 1.9736e+03 3.7246e+03 4.2000e+03 1.2501e+19 1.2229e+19 1.2229e+19 4.9132e-02 0.0000e+00 7.5935e+04 0.0000e+00
4.2400e+03 5.0347e-12 7.7779e-01 1.9732e+03 3.7239e+03 4.2000e+03 1.2554e+19 1.2273e+19 1.2273e+19 4.9049e-02 0.0000e+00 7.6040e+04 0.0000e+00
4.2500e+03 5.0258e-12 7.7772e-01 1.9729e+03 3.7232e+03 4.2000e+03 1.2607e+19 1.2317e+19 1.2317e+19 4.8967e-02 0.0000e+00 7.6145e+04 0.0000e+00
4.2600e+03 5.0169e-12 7.7765e-01 1.9725e+03 3.7225e+03 4.2000e+03 1.2660e+19 1.2361e+19 1.2361e+19 4.8885e-02 0.0000e+00 7.6249e+04 0.0000e+00
4.2700e+03 5.0081e-12 7.7758e-01 1.9721e+03 3.7217e+03 4.2000e+03 1.2714e+19 1.2406e+19 1.2406e+19 4.8803e-02 0.0000e+00 7.6354e+04 0.0000e+00
4.2800e+03 4.9993e-12 7.7752e-01 1.9717e+03 3.7210e+03 4.2000e+03 1.2767e+19 1.2450e+19 1.2450e+19 4.8721e-02 0.0000e+00 7.6459e+04 0.0000e+00
4.2900e+03 4.9905e-12 7.7745e-01 1.9713e+03 3.7203e+03 4.2000e+03 1.2821e+19 1.2495e+19 1.2495e+19 4.8640e-02 0.0000e+00 7.6563e+04 0.0000e+00
4.3000e+03 4.9818e-12 7.7739e-01 1.9710e+03 3.7196e+03 4.2000e+03 1.2875e+19 1.2539e+19 1.2539e+19 4.8559e-02 0.0000e+00 7.6668e+04 0.0000e+00
4.3100e+03 4.9731e-12 7.7733e-01 1.9706e+03 3.7189e+03 4.2000e+03 1.2929e+19 1.2584e+19 1.2584e+19 4.8478e-02 0.0000e+00 7.6773e+04 0.0000e+00
4.3200e+03 4.9644e-12 7.7727e-01 1.9702e+03 3.7182e+03 4.2000e+03 1.2983e+19 1.2629e+19 1.2629e+19 4.8397e-02 0.0000e+00 7.6878e+04 0.0000e+00
4.3300e+03 4.9558e-12 7.7721e-01 1.9699e+03 3.7175e+03 4.2000e+03 1.3038e+19 1.2674e+19 1.2674e+19 4.8317e-02 0.0000e+00 7.6983e+04 0.0000e+00
4.3400e+03 4.9472e-12 7.7716e-01 1.9695e+03 3.7168e+03 4.2000e+03 1.3092e+19 1.2719e+19 1.2719e+19 4.8237e-02 0.0000e+00 7.7088e+04 0.0000e+00
4.3500e+03 4.9387e-12 7.7710e-01 1.9691e+03 3.7161e+03 4.2000e+03 1.3147e+19 1.2764e+19 1.2764e+19 4.8156e-02 0.0000e+00 7.7192e+04 0.0000e+00
4.3600e+03 4.9301e-12 7.7705e-01 1.9687e+03 3.7154e+03 4.2000e+03 1.3202e+19 1.2810e+19 1.2810e+19 4.8077e-02 0.0000e+00 7.7297e+04 0.0000e+00
4.3700e+03 4.9216e-12 7.7700e-01 1.9684e+03 3.7147e+03 4.2000e+03 1.3257e+19 1.2855e+19 1.2855e+19 4.7997e-02 0.0000e+00 7.7402e+04 0.0000e+00
4.3800e+03 4.9132e-12 7.7695e-01 1.9680e+03 3.7140e+03 4.2000e+03 1.3313e+19 1.2901e+19 1.2901e+19 4.7918e-02 0.0000e+00 7.7507e+04 0.0000e+00
4.3900e+03 4.9048e-12 7.7690e-01 1.9676e+03 3.7133e+03 4.2000e+03 1.3368e+19 1.2946e+19 1.2946e+19 4.7838e-02 0.0000e+00 7.7612e+04 0.0000e+00
4.4000e+03 4.8964e-12 7.7685e-01 1.9672e+03 3.7126e+03 4.2000e+03 1.3424e+19 1.2992e+19 1.2992e+19 4.7759e-02 0.0000e+00 7.7717e+04 0.0000e+00
4.4100e+03 4.8880e-12 7.7681e-01 1.9669e+03 3.7119e+03 4.2000e+03 1.3480e+19 1.3038e+19 1.3038e+19 4.7681e-02 0.0000e+00 7.7823e+04 0.0000e+00
4.4200e+03 4.8797e-12 7.7677e-01 1.9665e+03 3.7112e+03 4.2000e+03 1.3536e+19 1.3084e+19 1.3084e+19 4.7602e-02 0.0000e+00 7.7928e+04 0.0000e+00
4.4300e+03 4.8714e-12 7.7672e-01 1.9661e+03 3.7105e+03 4.2000e+03 1.3593e+19 1.3130e+19 1.3130e+19 4.7524e-02 0.0000e+00 7.8033e+04 0.0000e+00
4.4400e+03 4.8631e-12 7.7668e-01 1.9658e+03 3.7098e+03 4.2000e+03 1.3649e+19 1.3177e+19 1.3177e+19 4.7446e-02 0.0000e+00 7.8138e+04 0.0000e+00
4.4500e+03 4.8549e-12 7.7664e-01 1.9654e+03 3.7091e+03 4.2000e+03 1.3706e+19 1.3223e+19 1.3223e+19 4.7368e-02 0.0000e+00 7.8243e+04 0.0000e+00
4.4600e+03 4.8467e-12 7.7661e-01 1.9650e+03 3.7084e+03 4.2000e+03 1.3763e+19 1.3269e+19 1.3269e+19 4.7290e-02 0.0000e+00 7.8348e+04 0.0000e+00
4.4700e+03 4.8386e-12 7.7657e-01 1.9647e+03 3.7077e+03 4.2000e+03 1.3820e+19 1.3316e+19 1.3316e+19 4.7213e-02 0.0000e+00 7.8454e+04 0.0000e+00
4.4800e+03 4.8304e-12 7.7653e-01 1.9643e+03 3.7070e+03 4.2000e+03 1.3877e+19 1.3363e+19 1.3363e+19 4.7136e-02 0.0000e+00 7.8559e+04 0.0000e+00
4.4900e+03 4.8223e-12 7.7650e-01 1.9639e+03 3.7063e+03 4.2000e+03 1.3935e+19 1.3410e+19 1.3410e+19 4.7059e-02 0.0000e+00 7.8664e+04 0.0000e+00
4.5000e+03 4.8143e-12 7.7647e-01 1.9636e+03 3.7057e+03 4.2000e+03 1.3992e+19 1.3456e+19 1.3456e+19 4.6982e-02 0.0000e+00 7.8769e+04 0.0000e+00
4.5100e+03 4.8062e-12 7.7644e-01 1.9632e+03 3.7050e+03 4.2000e+03 1.4050e+19 1.3503e+19 1.3503e+19 4.6905e-02 0.0000e+00 7.8875e+04 0.0000e+00
4.5200e+03 4.7982e-12 7.7641e-01 1.9628e+03 3.7043e+03 4.2000e+03 1.4108e+19 1.3551e+19 1.3551e+19 4.6829e-02 0.0000e+00 7.8980e+04 0.0000e+00
4.5300e+03 4.7902e-12 7.7638e-01 1.9625e+03 3.7036e+03 4.2000e+03 1.4166e+19 1.3598e+19 1.3598e+19 4.6753e-02 0.0000e+00 7.9085e+04 0.0000e+00
4.5400e+03 4.7823e-12 7.7635e-01 1.9621e+03 3.7029e+03 4.2000e+03 1.4225e+19 1.3645e+19 1.3645e+19 4.6677e-02 0.0000e+00 7.9191e+04 0.0000e+00
4.5500e+03 0.0000e+00 0.0000e+00 1.9618e+03 0.0000e+00 4.2000e+03 0.0000e+00 0.0000e+00 0.0000e+00 0.0000e+00 0.0000e+00 0.0000e+00 0.0000e+00
