0.0000e+00 2.4000e-11 3.3973e-01 1.7000e+03 2.5854e+03 4.4000e+03 1.9348e+18 2.2409e+18 2.2409e+18 4.0536e-01 0.0000e+00 1.0450e+04 0.0000e+00
1.0000e+01 2.3908e-11 3.3769e-01 1.6877e+03 2.5667e+03 4.4000e+03 1.8563e+18 2.6219e+18 2.6219e+18 4.0625e-01 0.0000e+00 1.0337e+04 0.0000e+00
2.0000e+01 2.3816e-11 3.5868e-01 1.6754e+03 2.5480e+03 4.4000e+03 2.1719e+18 3.0773e+18 3.0773e+18 3.8101e-01 0.0000e+00 1.0924e+04 0.0000e+00
3.0000e+01 2.3725e-11 3.7946e-01 1.6642e+03 2.5310e+03 4.4000e+03 2.5188e+18 3.5664e+18 3.5664e+18 3.5876e-01 0.0000e+00 1.1508e+04 0.0000e+00
4.0000e+01 2.3633e-11 3.9960e-01 1.6540e+03 2.5155e+03 4.4000e+03 2.8885e+18 4.0866e+18 4.0866e+18 3.3937e-01 0.0000e+00 1.2076e+04 0.0000e+00
5.0000e+01 2.3543e-11 4.1910e-01 1.6447e+03 2.5013e+03 4.4000e+03 3.2797e+18 4.6356e+18 4.6356e+18 3.2234e-01 0.0000e+00 1.2627e+04 0.0000e+00
6.0000e+01 2.3452e-11 4.3795e-01 1.6361e+03 2.4882e+03 4.4000e+03 3.6910e+18 5.2117e+18 5.2117e+18 3.0728e-01 0.0000e+00 1.3162e+04 0.0000e+00
7.0000e+01 2.3362e-11 4.5616e-01 1.6282e+03 2.4762e+03 4.4000e+03 4.1210e+18 5.8126e+18 5.8126e+18 2.9388e-01 0.0000e+00 1.3681e+04 0.0000e+00
8.0000e+01 2.3273e-11 4.7374e-01 1.6209e+03 2.4651e+03 4.4000e+03 4.5685e+18 6.4364e+18 6.4364e+18 2.8189e-01 0.0000e+00 1.4185e+04 0.0000e+00
9.0000e+01 2.3183e-11 4.9070e-01 1.6141e+03 2.4547e+03 4.4000e+03 5.0320e+18 7.0809e+18 7.0809e+18 2.7110e-01 0.0000e+00 1.4675e+04 0.0000e+00
1.0000e+02 2.3094e-11 5.0705e-01 1.6078e+03 2.4451e+03 4.4000e+03 5.5102e+18 7.7443e+18 7.7443e+18 2.6135e-01 0.0000e+00 1.5150e+04 0.0000e+00
1.1000e+02 2.3005e-11 5.2281e-01 1.6019e+03 2.4362e+03 4.4000e+03 6.0017e+18 8.4247e+18 8.4247e+18 2.5250e-01 0.0000e+00 1.5610e+04 0.0000e+00
1.2000e+02 2.2917e-11 5.3799e-01 1.5964e+03 2.4278e+03 4.4000e+03 6.5053e+18 9.1200e+18 9.1200e+18 2.4443e-01 0.0000e+00 1.6058e+04 0.0000e+00
1.3000e+02 2.2829e-11 5.5260e-01 1.5912e+03 2.4199e+03 4.4000e+03 7.0197e+18 9.8287e+18 9.8287e+18 2.3705e-01 0.0000e+00 1.6492e+04 0.0000e+00
1.4000e+02 2.2741e-11 5.6667e-01 1.5863e+03 2.4125e+03 4.4000e+03 7.5437e+18 1.0549e+19 1.0549e+19 2.3028e-01 0.0000e+00 1.6914e+04 0.0000e+00
1.5000e+02 2.2654e-11 5.8020e-01 1.5818e+03 2.4056e+03 4.4000e+03 8.0763e+18 1.1279e+19 1.1279e+19 2.2405e-01 0.0000e+00 1.7323e+04 0.0000e+00
1.6000e+02 2.2567e-11 5.9321e-01 1.5775e+03 2.3990e+03 4.4000e+03 8.6163e+18 1.2018e+19 1.2018e+19 2.1829e-01 0.0000e+00 1.7721e+04 0.0000e+00
1.7000e+02 2.2480e-11 6.0571e-01 1.5734e+03 2.3928e+03 4.4000e+03 9.1628e+18 1.2764e+19 1.2764e+19 2.1297e-01 0.0000e+00 1.8107e+04 0.0000e+00
1.8000e+02 2.2394e-11 6.1773e-01 1.5695e+03 2.3870e+03 4.4000e+03 9.7148e+18 1.3516e+19 1.3516e+19 2.0802e-01 0.0000e+00 1.8482e+04 0.0000e+00
1.9000e+02 2.2308e-11 6.2927e-01 1.5659e+03 2.3814e+03 4.4000e+03 1.0271e+19 1.4273e+19 1.4273e+19 2.0342e-01 0.0000e+00 1.8846e+04 0.0000e+00
2.0000e+02 2.2223e-11 6.4036e-01 1.5624e+03 2.3762e+03 4.4000e+03 1.0832e+19 1.5033e+19 1.5033e+19 1.9913e-01 0.0000e+00 1.9200e+04 0.0000e+00
2.1000e+02 2.2137e-11 6.5101e-01 1.5592e+03 2.3712e+03 4.4000e+03 1.1395e+19 1.5795e+19 1.5795e+19 1.9512e-01 0.0000e+00 1.9544e+04 0.0000e+00
2.2000e+02 2.2052e-11 6.6123e-01 1.5560e+03 2.3665e+03 4.4000e+03 1.1961e+19 1.6559e+19 1.6559e+19 1.9137e-01 0.0000e+00 1.9879e+04 0.0000e+00
2.3000e+02 2.1967e-11 6.7104e-01 1.5531e+03 2.3619e+03 4.4000e+03 1.2528e+19 1.7324e+19 1.7324e+19 1.8785e-01 0.0000e+00 2.0204e+04 0.0000e+00
2.4000e+02 2.1883e-11 6.8046e-01 1.5502e+03 2.3576e+03 4.4000e+03 1.3097e+19 1.8089e+19 1.8089e+19 1.8454e-01 0.0000e+00 2.0520e+04 0.0000e+00
2.5000e+02 2.1799e-11 6.8949e-01 1.5475e+03 2.3535e+03 4.4000e+03 1.3666e+19 1.8853e+19 1.8853e+19 1.8142e-01 0.0000e+00 2.0828e+04 0.0000e+00
2.6000e+02 2.1715e-11 6.9815e-01 1.5450e+03 2.3496e+03 4.4000e+03 1.4235e+19 1.9616e+19 1.9616e+19 1.7848e-01 0.0000e+00 2.1128e+04 0.0000e+00
2.7000e+02 2.1632e-11 7.0646e-01 1.5425e+03 2.3458e+03 4.4000e+03 1.4804e+19 2.0377e+19 2.0377e+19 1.7570e-01 0.0000e+00 2.1419e+04 0.0000e+00
2.8000e+02 2.1549e-11 7.1443e-01 1.5401e+03 2.3423e+03 4.4000e+03 1.5371e+19 2.1135e+19 2.1135e+19 1.7308e-01 0.0000e+00 2.1704e+04 0.0000e+00
2.9000e+02 2.1466e-11 7.2207e-01 1.5379e+03 2.3388e+03 4.4000e+03 1.5938e+19 2.1891e+19 2.1891e+19 1.7059e-01 0.0000e+00 2.1980e+04 0.0000e+00
3.0000e+02 2.1384e-11 7.2939e-01 1.5357e+03 2.3355e+03 4.4000e+03 1.6504e+19 2.2643e+19 2.2643e+19 1.6823e-01 0.0000e+00 2.2250e+04 0.0000e+00
3.1000e+02 2.1302e-11 7.3641e-01 1.5336e+03 2.3323e+03 4.4000e+03 1.7068e+19 2.3392e+19 2.3392e+19 1.6598e-01 0.0000e+00 2.2513e+04 0.0000e+00
3.2000e+02 2.1220e-11 7.4314e-01 1.5316e+03 2.3293e+03 4.4000e+03 1.7629e+19 2.4137e+19 2.4137e+19 1.6385e-01 0.0000e+00 2.2770e+04 0.0000e+00
3.3000e+02 2.1138e-11 7.4959e-01 1.5297e+03 2.3264e+03 4.4000e+03 1.8189e+19 2.4878e+19 2.4878e+19 1.6182e-01 0.0000e+00 2.3020e+04 0.0000e+00
3.4000e+02 2.1057e-11 7.5576e-01 1.5278e+03 2.3235e+03 4.4000e+03 1.8746e+19 2.5615e+19 2.5615e+19 1.5988e-01 0.0000e+00 2.3265e+04 0.0000e+00
3.5000e+02 2.0976e-11 7.6168e-01 1.5260e+03 2.3208e+03 4.4000e+03 1.9301e+19 2.6347e+19 2.6347e+19 1.5803e-01 0.0000e+00 2.3503e+04 0.0000e+00
3.6000e+02 2.0896e-11 7.6735e-01 1.5243e+03 2.3182e+03 4.4000e+03 1.9854e+19 2.7075e+19 2.7075e+19 1.5626e-01 0.0000e+00 2.3736e+04 0.0000e+00
3.7000e+02 2.0816e-11 7.7279e-01 1.5227e+03 2.3157e+03 4.4000e+03 2.0404e+19 2.7798e+19 2.7798e+19 1.5456e-01 0.0000e+00 2.3964e+04 0.0000e+00
3.8000e+02 2.0736e-11 7.7799e-01 1.5210e+03 2.3132e+03 4.4000e+03 2.0951e+19 2.8517e+19 2.8517e+19 1.5294e-01 0.0000e+00 2.4187e+04 0.0000e+00
3.9000e+02 2.0656e-11 7.8297e-01 1.5195e+03 2.3109e+03 4.4000e+03 2.1495e+19 2.9231e+19 2.9231e+19 1.5138e-01 0.0000e+00 2.4405e+04 0.0000e+00
4.0000e+02 2.0577e-11 7.8774e-01 1.5180e+03 2.3086e+03 4.4000e+03 2.2036e+19 2.9940e+19 2.9940e+19 1.4989e-01 0.0000e+00 2.4618e+04 0.0000e+00
4.1000e+02 2.0498e-11 7.9231e-01 1.5165e+03 2.3063e+03 4.4000e+03 2.2575e+19 3.0645e+19 3.0645e+19 1.4845e-01 0.0000e+00 2.4827e+04 0.0000e+00
4.2000e+02 2.0419e-11 7.9669e-01 1.5151e+03 2.3042e+03 4.4000e+03 2.3111e+19 3.1345e+19 3.1345e+19 1.4707e-01 0.0000e+00 2.5032e+04 0.0000e+00
4.3000e+02 2.0341e-11 8.0088e-01 1.5137e+03 2.3021e+03 4.4000e+03 2.3644e+19 3.2040e+19 3.2040e+19 1.4574e-01 0.0000e+00 2.5232e+04 0.0000e+00
4.4000e+02 2.0262e-11 8.0489e-01 1.5124e+03 2.3001e+03 4.4000e+03 2.4175e+19 3.2731e+19 3.2731e+19 1.4445e-01 0.0000e+00 2.5428e+04 0.0000e+00
4.5000e+02 2.0185e-11 8.0872e-01 1.5111e+03 2.2981e+03 4.4000e+03 2.4702e+19 3.3418e+19 3.3418e+19 1.4322e-01 0.0000e+00 2.5621e+04 0.0000e+00
4.6000e+02 2.0107e-11 8.1240e-01 1.5099e+03 2.2962e+03 4.4000e+03 2.5227e+19 3.4100e+19 3.4100e+19 1.4202e-01 0.0000e+00 2.5810e+04 0.0000e+00
4.7000e+02 2.0030e-11 8.1591e-01 1.5086e+03 2.2944e+03 4.4000e+03 2.5750e+19 3.4778e+19 3.4778e+19 1.4087e-01 0.0000e+00 2.5996e+04 0.0000e+00
4.8000e+02 1.9953e-11 8.1928e-01 1.5075e+03 2.2926e+03 4.4000e+03 2.6270e+19 3.5452e+19 3.5452e+19 1.3975e-01 0.0000e+00 2.6178e+04 0.0000e+00
4.9000e+02 1.9876e-11 8.2250e-01 1.5063e+03 2.2908e+03 4.4000e+03 2.6787e+19 3.6122e+19 3.6122e+19 1.3867e-01 0.0000e+00 2.6357e+04 0.0000e+00
5.0000e+02 1.9800e-11 8.2558e-01 1.5052e+03 2.2891e+03 4.4000e+03 2.7303e+19 3.6788e+19 3.6788e+19 1.3762e-01 0.0000e+00 2.6533e+04 0.0000e+00
5.1000e+02 1.9724e-11 8.2852e-01 1.5041e+03 2.2874e+03 4.4000e+03 2.7816e+19 3.7450e+19 3.7450e+19 1.3660e-01 0.0000e+00 2.6707e+04 0.0000e+00
5.2000e+02 1.9648e-11 8.3134e-01 1.5030e+03 2.2858e+03 4.4000e+03 2.8327e+19 3.8109e+19 3.8109e+19 1.3562e-01 0.0000e+00 2.6877e+04 0.0000e+00
5.3000e+02 1.9573e-11 8.3404e-01 1.5020e+03 2.2842e+03 4.4000e+03 2.8835e+19 3.8765e+19 3.8765e+19 1.3466e-01 0.0000e+00 2.7045e+04 0.0000e+00
5.4000e+02 1.9498e-11 8.3662e-01 1.5009e+03 2.2826e+03 4.4000e+03 2.9342e+19 3.9417e+19 3.9417e+19 1.3373e-01 0.0000e+00 2.7210e+04 0.0000e+00
5.5000e+02 1.9423e-11 8.3908e-01 1.4999e+03 2.2811e+03 4.4000e+03 2.9847e+19 4.0066e+19 4.0066e+19 1.3283e-01 0.0000e+00 2.7373e+04 0.0000e+00
5.6000e+02 1.9348e-11 8.4144e-01 1.4990e+03 2.2796e+03 4.4000e+03 3.0351e+19 4.0713e+19 4.0713e+19 1.3194e-01 0.0000e+00 2.7533e+04 0.0000e+00
5.7000e+02 1.9274e-11 8.4369e-01 1.4980e+03 2.2782e+03 4.4000e+03 3.0853e+19 4.1356e+19 4.1356e+19 1.3109e-01 0.0000e+00 2.7691e+04 0.0000e+00
5.8000e+02 1.9200e-11 8.4584e-01 1.4971e+03 2.2767e+03 4.4000e+03 3.1353e+19 4.1997e+19 4.1997e+19 1.3025e-01 0.0000e+00 2.7848e+04 0.0000e+00
5.9000e+02 1.9126e-11 8.4790e-01 1.4961e+03 2.2753e+03 4.4000e+03 3.1852e+19 4.2636e+19 4.2636e+19 1.2944e-01 0.0000e+00 2.8002e+04 0.0000e+00
6.0000e+02 1.9053e-11 8.4987e-01 1.4952e+03 2.2740e+03 4.4000e+03 3.2350e+19 4.3272e+19 4.3272e+19 1.2864e-01 0.0000e+00 2.8154e+04 0.0000e+00
6.1000e+02 1.8980e-11 8.5175e-01 1.4944e+03 2.2726e+03 4.4000e+03 3.2846e+19 4.3906e+19 4.3906e+19 1.2786e-01 0.0000e+00 2.8304e+04 0.0000e+00
6.2000e+02 1.8907e-11 8.5354e-01 1.4935e+03 2.2713e+03 4.4000e+03 3.3342e+19 4.4538e+19 4.4538e+19 1.2711e-01 0.0000e+00 2.8452e+04 0.0000e+00
6.3000e+02 1.8834e-11 8.5525e-01 1.4926e+03 2.2700e+03 4.4000e+03 3.3836e+19 4.5169e+19 4.5169e+19 1.2636e-01 0.0000e+00 2.8599e+04 0.0000e+00
6.4000e+02 1.8762e-11 8.5689e-01 1.4918e+03 2.2687e+03 4.4000e+03 3.4330e+19 4.5798e+19 4.5798e+19 1.2564e-01 0.0000e+00 2.8744e+04 0.0000e+00
6.5000e+02 1.8690e-11 8.5845e-01 1.4910e+03 2.2675e+03 4.4000e+03 3.4824e+19 4.6425e+19 4.6425e+19 1.2493e-01 0.0000e+00 2.8888e+04 0.0000e+00
6.6000e+02 1.8618e-11 8.5994e-01 1.4902e+03 2.2663e+03 4.4000e+03 3.5317e+19 4.7051e+19 4.7051e+19 1.2423e-01 0.0000e+00 2.9030e+04 0.0000e+00
6.7000e+02 1.8546e-11 8.6136e-01 1.4894e+03 2.2650e+03 4.4000e+03 3.5809e+19 4.7676e+19 4.7676e+19 1.2355e-01 0.0000e+00 2.9171e+04 0.0000e+00
6.8000e+02 1.8475e-11 8.6272e-01 1.4886e+03 2.2638e+03 4.4000e+03 3.6301e+19 4.8300e+19 4.8300e+19 1.2288e-01 0.0000e+00 2.9310e+04 0.0000e+00
6.9000e+02 1.8404e-11 8.6401e-01 1.4878e+03 2.2627e+03 4.4000e+03 3.6793e+19 4.8924e+19 4.8924e+19 1.2223e-01 0.0000e+00 2.9448e+04 0.0000e+00
7.0000e+02 1.8334e-11 8.6525e-01 1.4870e+03 2.2615e+03 4.4000e+03 3.7285e+19 4.9546e+19 4.9546e+19 1.2159e-01 0.0000e+00 2.9585e+04 0.0000e+00
7.1000e+02 1.8263e-11 8.6642e-01 1.4863e+03 2.2604e+03 4.4000e+03 3.7777e+19 5.0168e+19 5.0168e+19 1.2095e-01 0.0000e+00 2.9721e+04 0.0000e+00
7.2000e+02 1.8193e-11 8.6754e-01 1.4856e+03 2.2592e+03 4.4000e+03 3.8269e+19 5.0790e+19 5.0790e+19 1.2033e-01 0.0000e+00 2.9856e+04 0.0000e+00
7.3000e+02 1.8123e-11 8.6861e-01 1.4848e+03 2.2581e+03 4.4000e+03 3.8762e+19 5.1411e+19 5.1411e+19 1.1972e-01 0.0000e+00 2.9989e+04 0.0000e+00
7.4000e+02 1.8054e-11 8.6962e-01 1.4841e+03 2.2570e+03 4.4000e+03 3.9255e+19 5.2033e+19 5.2033e+19 1.1913e-01 0.0000e+00 3.0122e+04 0.0000e+00
7.5000e+02 1.7984e-11 8.7059e-01 1.4834e+03 2.2560e+03 4.4000e+03 3.9748e+19 5.2655e+19 5.2655e+19 1.1854e-01 0.0000e+00 3.0254e+04 0.0000e+00
7.6000e+02 1.7915e-11 8.7151e-01 1.4827e+03 2.2549e+03 4.4000e+03 4.0242e+19 5.3276e+19 5.3276e+19 1.1796e-01 0.0000e+00 3.0385e+04 0.0000e+00
7.7000e+02 1.7846e-11 8.7238e-01 1.4820e+03 2.2538e+03 4.4000e+03 4.0737e+19 5.3898e+19 5.3898e+19 1.1739e-01 0.0000e+00 3.0515e+04 0.0000e+00
7.8000e+02 1.7778e-11 8.7321e-01 1.4813e+03 2.2528e+03 4.4000e+03 4.1233e+19 5.4521e+19 5.4521e+19 1.1682e-01 0.0000e+00 3.0644e+04 0.0000e+00
7.9000e+02 1.7710e-11 8.7400e-01 1.4806e+03 2.2518e+03 4.4000e+03 4.1730e+19 5.5144e+19 5.5144e+19 1.1627e-01 0.0000e+00 3.0772e+04 0.0000e+00
8.0000e+02 1.7642e-11 8.7475e-01 1.4800e+03 2.2507e+03 4.4000e+03 4.2227e+19 5.5769e+19 5.5769e+19 1.1573e-01 0.0000e+00 3.0900e+04 0.0000e+00
8.1000e+02 1.7574e-11 8.7546e-01 1.4793e+03 2.2497e+03 4.4000e+03 4.2726e+19 5.6394e+19 5.6394e+19 1.1519e-01 0.0000e+00 3.1027e+04 0.0000e+00
8.2000e+02 1.7506e-11 8.7613e-01 1.4786e+03 2.2487e+03 4.4000e+03 4.3227e+19 5.7020e+19 5.7020e+19 1.1466e-01 0.0000e+00 3.1153e+04 0.0000e+00
8.3000e+02 1.7439e-11 8.7677e-01 1.4780e+03 2.2477e+03 4.4000e+03 4.3728e+19 5.7647e+19 5.7647e+19 1.1413e-01 0.0000e+00 3.1279e+04 0.0000e+00
8.4000e+02 1.7372e-11 8.7737e-01 1.4773e+03 2.2468e+03 4.4000e+03 4.4231e+19 5.8275e+19 5.8275e+19 1.1362e-01 0.0000e+00 3.1404e+04 0.0000e+00
8.5000e+02 1.7306e-11 8.7794e-01 1.4767e+03 2.2458e+03 4.4000e+03 4.4736e+19 5.8905e+19 5.8905e+19 1.1311e-01 0.0000e+00 3.1529e+04 0.0000e+00
8.6000e+02 1.7239e-11 8.7848e-01 1.4761e+03 2.2448e+03 4.4000e+03 4.5242e+19 5.9536e+19 5.9536e+19 1.1260e-01 0.0000e+00 3.1653e+04 0.0000e+00
8.7000e+02 1.7173e-11 8.7899e-01 1.4754e+03 2.2439e+03 4.4000e+03 4.5750e+19 6.0169e+19 6.0169e+19 1.1211e-01 0.0000e+00 3.1776e+04 0.0000e+00
8.8000e+02 1.7107e-11 8.7947e-01 1.4748e+03 2.2429e+03 4.4000e+03 4.6260e+19 6.0804e+19 6.0804e+19 1.1162e-01 0.0000e+00 3.1900e+04 0.0000e+00
8.9000e+02 1.7041e-11 8.7992e-01 1.4742e+03 2.2420e+03 4.4000e+03 4.6772e+19 6.1441e+19 6.1441e+19 1.1113e-01 0.0000e+00 3.2022e+04 0.0000e+00
9.0000e+02 1.6976e-11 8.8034e-01 1.4736e+03 2.2411e+03 4.4000e+03 4.7286e+19 6.2079e+19 6.2079e+19 1.1065e-01 0.0000e+00 3.2145e+04 0.0000e+00
9.1000e+02 1.6911e-11 8.8074e-01 1.4730e+03 2.2401e+03 4.4000e+03 4.7802e+19 6.2720e+19 6.2720e+19 1.1017e-01 0.0000e+00 3.2267e+04 0.0000e+00
9.2000e+02 1.6846e-11 8.8112e-01 1.4724e+03 2.2392e+03 4.4000e+03 4.8321e+19 6.3363e+19 6.3363e+19 1.0971e-01 0.0000e+00 3.2388e+04 0.0000e+00
9.3000e+02 1.6781e-11 8.8147e-01 1.4718e+03 2.2383e+03 4.4000e+03 4.8841e+19 6.4008e+19 6.4008e+19 1.0924e-01 0.0000e+00 3.2510e+04 0.0000e+00
9.4000e+02 1.6717e-11 8.8179e-01 1.4712e+03 2.2374e+03 4.4000e+03 4.9364e+19 6.4655e+19 6.4655e+19 1.0878e-01 0.0000e+00 3.2631e+04 0.0000e+00
9.5000e+02 1.6652e-11 8.8210e-01 1.4706e+03 2.2365e+03 4.4000e+03 4.9890e+19 6.5305e+19 6.5305e+19 1.0833e-01 0.0000e+00 3.2752e+04 0.0000e+00
9.6000e+02 1.6588e-11 8.8238e-01 1.4700e+03 2.2356e+03 4.4000e+03 5.0418e+19 6.5958e+19 6.5958e+19 1.0787e-01 0.0000e+00 3.2872e+04 0.0000e+00
9.7000e+02 1.6525e-11 8.8265e-01 1.4694e+03 2.2348e+03 4.4000e+03 5.0949e+19 6.6613e+19 6.6613e+19 1.0743e-01 0.0000e+00 3.2993e+04 0.0000e+00
9.8000e+02 1.6461e-11 8.8289e-01 1.4689e+03 2.2339e+03 4.4000e+03 5.1482e+19 6.7272e+19 6.7272e+19 1.0699e-01 0.0000e+00 3.3113e+04 0.0000e+00
9.9000e+02 1.6398e-11 8.8312e-01 1.4683e+03 2.2330e+03 4.4000e+03 5.2018e+19 6.7933e+19 6.7933e+19 1.0655e-01 0.0000e+00 3.3233e+04 0.0000e+00
1.0000e+03 1.6335e-11 8.8332e-01 1.4677e+03 2.2321e+03 4.4000e+03 5.2557e+19 6.8597e+19 6.8597e+19 1.0611e-01 0.0000e+00 3.3352e+04 0.0000e+00
1.0100e+03 1.6272e-11 8.8351e-01 1.4672e+03 2.2313e+03 4.4000e+03 5.3100e+19 6.9264e+19 6.9264e+19 1.0568e-01 0.0000e+00 3.3472e+04 0.0000e+00
1.0200e+03 1.6210e-11 8.8369e-01 1.4666e+03 2.2304e+03 4.4000e+03 5.3645e+19 6.9934e+19 6.9934e+19 1.0526e-01 0.0000e+00 3.3592e+04 0.0000e+00
1.0300e+03 1.6148e-11 8.8384e-01 1.4660e+03 2.2296e+03 4.4000e+03 5.4193e+19 7.0607e+19 7.0607e+19 1.0483e-01 0.0000e+00 3.3711e+04 0.0000e+00
1.0400e+03 1.6086e-11 8.8398e-01 1.4655e+03 2.2287e+03 4.4000e+03 5.4745e+19 7.1284e+19 7.1284e+19 1.0442e-01 0.0000e+00 3.3830e+04 0.0000e+00
1.0500e+03 1.6024e-11 8.8411e-01 1.4649e+03 2.2279e+03 4.4000e+03 5.5300e+19 7.1965e+19 7.1965e+19 1.0400e-01 0.0000e+00 3.3950e+04 0.0000e+00
1.0600e+03 1.5962e-11 8.8422e-01 1.4644e+03 2.2270e+03 4.4000e+03 5.5858e+19 7.2648e+19 7.2648e+19 1.0359e-01 0.0000e+00 3.4069e+04 0.0000e+00
1.0700e+03 1.5901e-11 8.8432e-01 1.4638e+03 2.2262e+03 4.4000e+03 5.6419e+19 7.3336e+19 7.3336e+19 1.0318e-01 0.0000e+00 3.4188e+04 0.0000e+00
1.0800e+03 1.5840e-11 8.8440e-01 1.4633e+03 2.2254e+03 4.4000e+03 5.6985e+19 7.4027e+19 7.4027e+19 1.0277e-01 0.0000e+00 3.4307e+04 0.0000e+00
1.0900e+03 1.5779e-11 8.8447e-01 1.4627e+03 2.2245e+03 4.4000e+03 5.7553e+19 7.4722e+19 7.4722e+19 1.0237e-01 0.0000e+00 3.4426e+04 0.0000e+00
1.1000e+03 1.5719e-11 8.8453e-01 1.4622e+03 2.2237e+03 4.4000e+03 5.8126e+19 7.5421e+19 7.5421e+19 1.0197e-01 0.0000e+00 3.4545e+04 0.0000e+00
1.1100e+03 1.5658e-11 8.8458e-01 1.4616e+03 2.2229e+03 4.4000e+03 5.8702e+19 7.6123e+19 7.6123e+19 1.0157e-01 0.0000e+00 3.4664e+04 0.0000e+00
1.1200e+03 1.5598e-11 8.8461e-01 1.4611e+03 2.2221e+03 4.4000e+03 5.9282e+19 7.6830e+19 7.6830e+19 1.0118e-01 0.0000e+00 3.4783e+04 0.0000e+00
1.1300e+03 1.5538e-11 8.8464e-01 1.4606e+03 2.2213e+03 4.4000e+03 5.9866e+19 7.7541e+19 7.7541e+19 1.0079e-01 0.0000e+00 3.4902e+04 0.0000e+00
1.1400e+03 1.5478e-11 8.8465e-01 1.4600e+03 2.2205e+03 4.4000e+03 6.0454e+19 7.8255e+19 7.8255e+19 1.0040e-01 0.0000e+00 3.5022e+04 0.0000e+00
1.1500e+03 1.5419e-11 8.8465e-01 1.4595e+03 2.2196e+03 4.4000e+03 6.1045e+19 7.8975e+19 7.8975e+19 1.0001e-01 0.0000e+00 3.5141e+04 0.0000e+00
1.1600e+03 1.5360e-11 8.8465e-01 1.4590e+03 2.2188e+03 4.4000e+03 6.1641e+19 7.9698e+19 7.9698e+19 9.9630e-02 0.0000e+00 3.5260e+04 0.0000e+00
1.1700e+03 1.5301e-11 8.8463e-01 1.4585e+03 2.2180e+03 4.4000e+03 6.2241e+19 8.0426e+19 8.0426e+19 9.9249e-02 0.0000e+00 3.5379e+04 0.0000e+00
1.1800e+03 1.5242e-11 8.8460e-01 1.4579e+03 2.2172e+03 4.4000e+03 6.2846e+19 8.1158e+19 8.1158e+19 9.8871e-02 0.0000e+00 3.5499e+04 0.0000e+00
1.1900e+03 1.5184e-11 8.8457e-01 1.4574e+03 2.2164e+03 4.4000e+03 6.3454e+19 8.1895e+19 8.1895e+19 9.8495e-02 0.0000e+00 3.5618e+04 0.0000e+00
1.2000e+03 1.5125e-11 8.8453e-01 1.4569e+03 2.2157e+03 4.4000e+03 6.4067e+19 8.2637e+19 8.2637e+19 9.8122e-02 0.0000e+00 3.5738e+04 0.0000e+00
1.2100e+03 1.5067e-11 8.8447e-01 1.4564e+03 2.2149e+03 4.4000e+03 6.4684e+19 8.3383e+19 8.3383e+19 9.7751e-02 0.0000e+00 3.5858e+04 0.0000e+00
1.2200e+03 1.5009e-11 8.8441e-01 1.4559e+03 2.2141e+03 4.4000e+03 6.5306e+19 8.4134e+19 8.4134e+19 9.7382e-02 0.0000e+00 3.5978e+04 0.0000e+00
1.2300e+03 1.4952e-11 8.8435e-01 1.4553e+03 2.2133e+03 4.4000e+03 6.5933e+19 8.4889e+19 8.4889e+19 9.7015e-02 0.0000e+00 3.6098e+04 0.0000e+00
1.2400e+03 1.4894e-11 8.8427e-01 1.4548e+03 2.2125e+03 4.4000e+03 6.6564e+19 8.5650e+19 8.5650e+19 9.6651e-02 0.0000e+00 3.6218e+04 0.0000e+00
1.2500e+03 1.4837e-11 8.8419e-01 1.4543e+03 2.2117e+03 4.4000e+03 6.7199e+19 8.6415e+19 8.6415e+19 9.6289e-02 0.0000e+00 3.6338e+04 0.0000e+00
1.2600e+03 1.4780e-11 8.8410e-01 1.4538e+03 2.2110e+03 4.4000e+03 6.7840e+19 8.7186e+19 8.7186e+19 9.5929e-02 0.0000e+00 3.6458e+04 0.0000e+00
1.2700e+03 1.4723e-11 8.8400e-01 1.4533e+03 2.2102e+03 4.4000e+03 6.8485e+19 8.7962e+19 8.7962e+19 9.5571e-02 0.0000e+00 3.6579e+04 0.0000e+00
1.2800e+03 1.4667e-11 8.8390e-01 1.4528e+03 2.2094e+03 4.4000e+03 6.9135e+19 8.8743e+19 8.8743e+19 9.5215e-02 0.0000e+00 3.6700e+04 0.0000e+00
1.2900e+03 1.4610e-11 8.8379e-01 1.4523e+03 2.2086e+03 4.4000e+03 6.9791e+19 8.9529e+19 8.9529e+19 9.4861e-02 0.0000e+00 3.6821e+04 0.0000e+00
1.3000e+03 1.4554e-11 8.8368e-01 1.4518e+03 2.2079e+03 4.4000e+03 7.0451e+19 9.0320e+19 9.0320e+19 9.4509e-02 0.0000e+00 3.6942e+04 0.0000e+00
1.3100e+03 1.4499e-11 8.8355e-01 1.4513e+03 2.2071e+03 4.4000e+03 7.1116e+19 9.1117e+19 9.1117e+19 9.4159e-02 0.0000e+00 3.7063e+04 0.0000e+00
1.3200e+03 1.4443e-11 8.8343e-01 1.4508e+03 2.2063e+03 4.4000e+03 7.1787e+19 9.1919e+19 9.1919e+19 9.3811e-02 0.0000e+00 3.7184e+04 0.0000e+00
1.3300e+03 1.4387e-11 8.8329e-01 1.4503e+03 2.2056e+03 4.4000e+03 7.2462e+19 9.2727e+19 9.2727e+19 9.3465e-02 0.0000e+00 3.7306e+04 0.0000e+00
1.3400e+03 1.4332e-11 8.8316e-01 1.4498e+03 2.2048e+03 4.4000e+03 7.3143e+19 9.3540e+19 9.3540e+19 9.3120e-02 0.0000e+00 3.7428e+04 0.0000e+00
1.3500e+03 1.4277e-11 8.8301e-01 1.4493e+03 2.2041e+03 4.4000e+03 7.3830e+19 9.4359e+19 9.4359e+19 9.2778e-02 0.0000e+00 3.7550e+04 0.0000e+00
1.3600e+03 1.4222e-11 8.8287e-01 1.4488e+03 2.2033e+03 4.4000e+03 7.4522e+19 9.5184e+19 9.5184e+19 9.2437e-02 0.0000e+00 3.7672e+04 0.0000e+00
1.3700e+03 1.4168e-11 8.8271e-01 1.4483e+03 2.2026e+03 4.4000e+03 7.5219e+19 9.6014e+19 9.6014e+19 9.2098e-02 0.0000e+00 3.7795e+04 0.0000e+00
1.3800e+03 1.4113e-11 8.8256e-01 1.4478e+03 2.2018e+03 4.4000e+03 7.5922e+19 9.6850e+19 9.6850e+19 9.1761e-02 0.0000e+00 3.7918e+04 0.0000e+00
1.3900e+03 1.4059e-11 8.8239e-01 1.4473e+03 2.2011e+03 4.4000e+03 7.6630e+19 9.7692e+19 9.7692e+19 9.1425e-02 0.0000e+00 3.8041e+04 0.0000e+00
1.4000e+03 1.4005e-11 8.8223e-01 1.4468e+03 2.2003e+03 4.4000e+03 7.7344e+19 9.8540e+19 9.8540e+19 9.1091e-02 0.0000e+00 3.8164e+04 0.0000e+00
1.4100e+03 1.3951e-11 8.8206e-01 1.4463e+03 2.1996e+03 4.4000e+03 7.8064e+19 9.9394e+19 9.9394e+19 9.0759e-02 0.0000e+00 3.8287e+04 0.0000e+00
1.4200e+03 1.3898e-11 8.8188e-01 1.4458e+03 2.1988e+03 4.4000e+03 7.8790e+19 1.0025e+20 1.0025e+20 9.0429e-02 0.0000e+00 3.8411e+04 0.0000e+00
1.4300e+03 1.3844e-11 8.8170e-01 1.4453e+03 2.1981e+03 4.4000e+03 7.9522e+19 1.0112e+20 1.0112e+20 9.0100e-02 0.0000e+00 3.8535e+04 0.0000e+00
1.4400e+03 1.3791e-11 8.8152e-01 1.4448e+03 2.1973e+03 4.4000e+03 8.0259e+19 1.0199e+20 1.0199e+20 8.9772e-02 0.0000e+00 3.8659e+04 0.0000e+00
1.4500e+03 1.3738e-11 8.8133e-01 1.4444e+03 2.1966e+03 4.4000e+03 8.1003e+19 1.0287e+20 1.0287e+20 8.9446e-02 0.0000e+00 3.8784e+04 0.0000e+00
1.4600e+03 1.3685e-11 8.8114e-01 1.4439e+03 2.1958e+03 4.4000e+03 8.1753e+19 1.0376e+20 1.0376e+20 8.9122e-02 0.0000e+00 3.8908e+04 0.0000e+00
1.4700e+03 1.3633e-11 8.8095e-01 1.4434e+03 2.1951e+03 4.4000e+03 8.2509e+19 1.0465e+20 1.0465e+20 8.8799e-02 0.0000e+00 3.9033e+04 0.0000e+00
1.4800e+03 1.3581e-11 8.8075e-01 1.4429e+03 2.1944e+03 4.4000e+03 8.3271e+19 1.0555e+20 1.0555e+20 8.8478e-02 0.0000e+00 3.9159e+04 0.0000e+00
1.4900e+03 1.3528e-11 8.8055e-01 1.4424e+03 2.1936e+03 4.4000e+03 8.4039e+19 1.0645e+20 1.0645e+20 8.8159e-02 0.0000e+00 3.9284e+04 0.0000e+00
1.5000e+03 1.3476e-11 8.8035e-01 1.4419e+03 2.1929e+03 4.4000e+03 8.4814e+19 1.0736e+20 1.0736e+20 8.7840e-02 0.0000e+00 3.9410e+04 0.0000e+00
1.5100e+03 1.3425e-11 8.8014e-01 1.4414e+03 2.1922e+03 4.4000e+03 8.5595e+19 1.0828e+20 1.0828e+20 8.7524e-02 0.0000e+00 3.9536e+04 0.0000e+00
1.5200e+03 1.3373e-11 8.7993e-01 1.4410e+03 2.1914e+03 4.4000e+03 8.6383e+19 1.0920e+20 1.0920e+20 8.7208e-02 0.0000e+00 3.9663e+04 0.0000e+00
1.5300e+03 1.3322e-11 8.7972e-01 1.4405e+03 2.1907e+03 4.4000e+03 8.7177e+19 1.1014e+20 1.1014e+20 8.6894e-02 0.0000e+00 3.9789e+04 0.0000e+00
1.5400e+03 1.3271e-11 8.7950e-01 1.4400e+03 2.1900e+03 4.4000e+03 8.7978e+19 1.1107e+20 1.1107e+20 8.6582e-02 0.0000e+00 3.9916e+04 0.0000e+00
1.5500e+03 1.3220e-11 8.7928e-01 1.4395e+03 2.1893e+03 4.4000e+03 8.8785e+19 1.1202e+20 1.1202e+20 8.6271e-02 0.0000e+00 4.0044e+04 0.0000e+00
1.5600e+03 1.3169e-11 8.7906e-01 1.4391e+03 2.1885e+03 4.4000e+03 8.9600e+19 1.1297e+20 1.1297e+20 8.5961e-02 0.0000e+00 4.0171e+04 0.0000e+00
1.5700e+03 1.3118e-11 8.7884e-01 1.4386e+03 2.1878e+03 4.4000e+03 9.0421e+19 1.1393e+20 1.1393e+20 8.5653e-02 0.0000e+00 4.0299e+04 0.0000e+00
1.5800e+03 1.3068e-11 8.7861e-01 1.4381e+03 2.1871e+03 4.4000e+03 9.1249e+19 1.1490e+20 1.1490e+20 8.5346e-02 0.0000e+00 4.0427e+04 0.0000e+00
1.5900e+03 1.3018e-11 8.7838e-01 1.4376e+03 2.1864e+03 4.4000e+03 9.2084e+19 1.1587e+20 1.1587e+20 8.5041e-02 0.0000e+00 4.0556e+04 0.0000e+00
1.6000e+03 1.2968e-11 8.7815e-01 1.4372e+03 2.1856e+03 4.4000e+03 9.2926e+19 1.1685e+20 1.1685e+20 8.4736e-02 0.0000e+00 4.0685e+04 0.0000e+00
1.6100e+03 1.2918e-11 8.7792e-01 1.4367e+03 2.1849e+03 4.4000e+03 9.3775e+19 1.1784e+20 1.1784e+20 8.4433e-02 0.0000e+00 4.0814e+04 0.0000e+00
1.6200e+03 1.2868e-11 8.7768e-01 1.4362e+03 2.1842e+03 4.4000e+03 9.4632e+19 1.1883e+20 1.1883e+20 8.4132e-02 0.0000e+00 4.0943e+04 0.0000e+00
1.6300e+03 1.2819e-11 8.7744e-01 1.4357e+03 2.1835e+03 4.4000e+03 9.5496e+19 1.1983e+20 1.1983e+20 8.3832e-02 0.0000e+00 4.1073e+04 0.0000e+00
1.6400e+03 1.2770e-11 8.7720e-01 1.4353e+03 2.1828e+03 4.4000e+03 9.6367e+19 1.2084e+20 1.2084e+20 8.3532e-02 0.0000e+00 4.1203e+04 0.0000e+00
1.6500e+03 1.2721e-11 8.7696e-01 1.4348e+03 2.1821e+03 4.4000e+03 9.7245e+19 1.2186e+20 1.2186e+20 8.3235e-02 0.0000e+00 4.1334e+04 0.0000e+00
1.6600e+03 1.2672e-11 8.7672e-01 1.4343e+03 2.1813e+03 4.4000e+03 9.8131e+19 1.2289e+20 1.2289e+20 8.2938e-02 0.0000e+00 4.1464e+04 0.0000e+00
1.6700e+03 1.2623e-11 8.7647e-01 1.4339e+03 2.1806e+03 4.4000e+03 9.9024e+19 1.2392e+20 1.2392e+20 8.2643e-02 0.0000e+00 4.1596e+04 0.0000e+00
1.6800e+03 1.2575e-11 8.7622e-01 1.4334e+03 2.1799e+03 4.4000e+03 9.9925e+19 1.2496e+20 1.2496e+20 8.2349e-02 0.0000e+00 4.1727e+04 0.0000e+00
1.6900e+03 1.2526e-11 8.7597e-01 1.4329e+03 2.1792e+03 4.4000e+03 1.0083e+20 1.2601e+20 1.2601e+20 8.2056e-02 0.0000e+00 4.1859e+04 0.0000e+00
1.7000e+03 1.2478e-11 8.7572e-01 1.4325e+03 2.1785e+03 4.4000e+03 1.0175e+20 1.2706e+20 1.2706e+20 8.1765e-02 0.0000e+00 4.1991e+04 0.0000e+00
1.7100e+03 1.2430e-11 8.7546e-01 1.4320e+03 2.1778e+03 4.4000e+03 1.0268e+20 1.2813e+20 1.2813e+20 8.1474e-02 0.0000e+00 4.2123e+04 0.0000e+00
1.7200e+03 1.2383e-11 8.7521e-01 1.4315e+03 2.1771e+03 4.4000e+03 1.0361e+20 1.2920e+20 1.2920e+20 8.1185e-02 0.0000e+00 4.2256e+04 0.0000e+00
1.7300e+03 1.2335e-11 8.7495e-01 1.4311e+03 2.1764e+03 4.4000e+03 1.0455e+20 1.3028e+20 1.3028e+20 8.0897e-02 0.0000e+00 4.2389e+04 0.0000e+00
1.7400e+03 1.2288e-11 8.7469e-01 1.4306e+03 2.1757e+03 4.4000e+03 1.0550e+20 1.3137e+20 1.3137e+20 8.0611e-02 0.0000e+00 4.2523e+04 0.0000e+00
1.7500e+03 1.2241e-11 8.7443e-01 1.4301e+03 2.1750e+03 4.4000e+03 1.0645e+20 1.3246e+20 1.3246e+20 8.0325e-02 0.0000e+00 4.2657e+04 0.0000e+00
1.7600e+03 1.2194e-11 8.7417e-01 1.4297e+03 2.1743e+03 4.4000e+03 1.0742e+20 1.3357e+20 1.3357e+20 8.0041e-02 0.0000e+00 4.2791e+04 0.0000e+00
1.7700e+03 1.2147e-11 8.7390e-01 1.4292e+03 2.1736e+03 4.4000e+03 1.0839e+20 1.3468e+20 1.3468e+20 7.9758e-02 0.0000e+00 4.2926e+04 0.0000e+00
1.7800e+03 1.2100e-11 8.7363e-01 1.4288e+03 2.1729e+03 4.4000e+03 1.0937e+20 1.3580e+20 1.3580e+20 7.9475e-02 0.0000e+00 4.3061e+04 0.0000e+00
1.7900e+03 1.2054e-11 8.7337e-01 1.4283e+03 2.1722e+03 4.4000e+03 1.1036e+20 1.3693e+20 1.3693e+20 7.9195e-02 0.0000e+00 4.3196e+04 0.0000e+00
1.8000e+03 1.2007e-11 8.7310e-01 1.4278e+03 2.1715e+03 4.4000e+03 1.1136e+20 1.3807e+20 1.3807e+20 7.8915e-02 0.0000e+00 4.3332e+04 0.0000e+00
1.8100e+03 1.1961e-11 8.7283e-01 1.4274e+03 2.1708e+03 4.4000e+03 1.1237e+20 1.3922e+20 1.3922e+20 7.8636e-02 0.0000e+00 4.3468e+04 0.0000e+00
1.8200e+03 1.1915e-11 8.7256e-01 1.4269e+03 2.1701e+03 4.4000e+03 1.1338e+20 1.4037e+20 1.4037e+20 7.8359e-02 0.0000e+00 4.3604e+04 0.0000e+00
1.8300e+03 1.1870e-11 8.7228e-01 1.4265e+03 2.1694e+03 4.4000e+03 1.1441e+20 1.4154e+20 1.4154e+20 7.8082e-02 0.0000e+00 4.3741e+04 0.0000e+00
1.8400e+03 1.1824e-11 8.7201e-01 1.4260e+03 2.1687e+03 4.4000e+03 1.1544e+20 1.4271e+20 1.4271e+20 7.7807e-02 0.0000e+00 4.3878e+04 0.0000e+00
1.8500e+03 1.1779e-11 8.7173e-01 1.4256e+03 2.1680e+03 4.4000e+03 1.1648e+20 1.4389e+20 1.4389e+20 7.7533e-02 0.0000e+00 4.4016e+04 0.0000e+00
1.8600e+03 1.1733e-11 8.7145e-01 1.4251e+03 2.1673e+03 4.4000e+03 1.1753e+20 1.4508e+20 1.4508e+20 7.7259e-02 0.0000e+00 4.4154e+04 0.0000e+00
1.8700e+03 1.1688e-11 8.7118e-01 1.4246e+03 2.1666e+03 4.4000e+03 1.1859e+20 1.4628e+20 1.4628e+20 7.6987e-02 0.0000e+00 4.4292e+04 0.0000e+00
1.8800e+03 1.1643e-11 8.7090e-01 1.4242e+03 2.1659e+03 4.4000e+03 1.1966e+20 1.4749e+20 1.4749e+20 7.6716e-02 0.0000e+00 4.4431e+04 0.0000e+00
1.8900e+03 1.1599e-11 8.7061e-01 1.4237e+03 2.1652e+03 4.4000e+03 1.2074e+20 1.4871e+20 1.4871e+20 7.6446e-02 0.0000e+00 4.4570e+04 0.0000e+00
1.9000e+03 1.1554e-11 8.7033e-01 1.4233e+03 2.1645e+03 4.4000e+03 1.2183e+20 1.4993e+20 1.4993e+20 7.6178e-02 0.0000e+00 4.4709e+04 0.0000e+00
1.9100e+03 1.1510e-11 8.7005e-01 1.4228e+03 2.1639e+03 4.4000e+03 1.2293e+20 1.5117e+20 1.5117e+20 7.5910e-02 0.0000e+00 4.4849e+04 0.0000e+00
1.9200e+03 1.1466e-11 8.6976e-01 1.4224e+03 2.1632e+03 4.4000e+03 1.2404e+20 1.5242e+20 1.5242e+20 7.5643e-02 0.0000e+00 4.4989e+04 0.0000e+00
1.9300e+03 1.1422e-11 8.6948e-01 1.4219e+03 2.1625e+03 4.4000e+03 1.2515e+20 1.5367e+20 1.5367e+20 7.5377e-02 0.0000e+00 4.5130e+04 0.0000e+00
1.9400e+03 1.1378e-11 8.6919e-01 1.4215e+03 2.1618e+03 4.4000e+03 1.2628e+20 1.5493e+20 1.5493e+20 7.5113e-02 0.0000e+00 4.5271e+04 0.0000e+00
1.9500e+03 1.1334e-11 8.6890e-01 1.4210e+03 2.1611e+03 4.4000e+03 1.2742e+20 1.5621e+20 1.5621e+20 7.4849e-02 0.0000e+00 4.5412e+04 0.0000e+00
1.9600e+03 1.1291e-11 8.6861e-01 1.4206e+03 2.1604e+03 4.4000e+03 1.2856e+20 1.5749e+20 1.5749e+20 7.4587e-02 0.0000e+00 4.5554e+04 0.0000e+00
1.9700e+03 1.1247e-11 8.6832e-01 1.4201e+03 2.1597e+03 4.4000e+03 1.2972e+20 1.5879e+20 1.5879e+20 7.4325e-02 0.0000e+00 4.5696e+04 0.0000e+00
1.9800e+03 1.1204e-11 8.6803e-01 1.4197e+03 2.1591e+03 4.4000e+03 1.3089e+20 1.6009e+20 1.6009e+20 7.4065e-02 0.0000e+00 4.5839e+04 0.0000e+00
1.9900e+03 1.1161e-11 8.6774e-01 1.4192e+03 2.1584e+03 4.4000e+03 1.3206e+20 1.6140e+20 1.6140e+20 7.3805e-02 0.0000e+00 4.5982e+04 0.0000e+00
2.0000e+03 1.1118e-11 8.6744e-01 1.4188e+03 2.1577e+03 4.4000e+03 1.3325e+20 1.6272e+20 1.6272e+20 7.3546e-02 0.0000e+00 4.6125e+04 0.0000e+00
2.0100e+03 1.1075e-11 8.6715e-01 1.4183e+03 2.1570e+03 4.4000e+03 1.3445e+20 1.6406e+20 1.6406e+20 7.3289e-02 0.0000e+00 4.6269e+04 0.0000e+00
2.0200e+03 1.1033e-11 8.6685e-01 1.4179e+03 2.1563e+03 4.4000e+03 1.3565e+20 1.6540e+20 1.6540e+20 7.3032e-02 0.0000e+00 4.6413e+04 0.0000e+00
2.0300e+03 1.0991e-11 8.6656e-01 1.4174e+03 2.1557e+03 4.4000e+03 1.3687e+20 1.6675e+20 1.6675e+20 7.2777e-02 0.0000e+00 4.6558e+04 0.0000e+00
2.0400e+03 1.0948e-11 8.6626e-01 1.4170e+03 2.1550e+03 4.4000e+03 1.3810e+20 1.6811e+20 1.6811e+20 7.2522e-02 0.0000e+00 4.6703e+04 0.0000e+00
2.0500e+03 1.0906e-11 8.6596e-01 1.4166e+03 2.1543e+03 4.4000e+03 1.3934e+20 1.6949e+20 1.6949e+20 7.2269e-02 0.0000e+00 4.6848e+04 0.0000e+00
2.0600e+03 1.0864e-11 8.6566e-01 1.4161e+03 2.1536e+03 4.4000e+03 1.4059e+20 1.7087e+20 1.7087e+20 7.2016e-02 0.0000e+00 4.6994e+04 0.0000e+00
2.0700e+03 1.0823e-11 8.6536e-01 1.4157e+03 2.1530e+03 4.4000e+03 1.4185e+20 1.7226e+20 1.7226e+20 7.1764e-02 0.0000e+00 4.7140e+04 0.0000e+00
2.0800e+03 1.0781e-11 8.6506e-01 1.4152e+03 2.1523e+03 4.4000e+03 1.4312e+20 1.7367e+20 1.7367e+20 7.1514e-02 0.0000e+00 4.7287e+04 0.0000e+00
2.0900e+03 1.0740e-11 8.6476e-01 1.4148e+03 2.1516e+03 4.4000e+03 1.4441e+20 1.7508e+20 1.7508e+20 7.1264e-02 0.0000e+00 4.7434e+04 0.0000e+00
2.1000e+03 1.0698e-11 8.6446e-01 1.4143e+03 2.1509e+03 4.4000e+03 1.4570e+20 1.7651e+20 1.7651e+20 7.1015e-02 0.0000e+00 4.7582e+04 0.0000e+00
2.1100e+03 1.0657e-11 8.6415e-01 1.4139e+03 2.1503e+03 4.4000e+03 1.4701e+20 1.7794e+20 1.7794e+20 7.0767e-02 0.0000e+00 4.7730e+04 0.0000e+00
2.1200e+03 1.0616e-11 8.6385e-01 1.4135e+03 2.1496e+03 4.4000e+03 1.4832e+20 1.7939e+20 1.7939e+20 7.0521e-02 0.0000e+00 4.7878e+04 0.0000e+00
2.1300e+03 1.0576e-11 8.6354e-01 1.4130e+03 2.1489e+03 4.4000e+03 1.4965e+20 1.8085e+20 1.8085e+20 7.0275e-02 0.0000e+00 4.8027e+04 0.0000e+00
2.1400e+03 1.0535e-11 8.6323e-01 1.4126e+03 2.1483e+03 4.4000e+03 1.5099e+20 1.8231e+20 1.8231e+20 7.0030e-02 0.0000e+00 4.8176e+04 0.0000e+00
2.1500e+03 1.0495e-11 8.6293e-01 1.4121e+03 2.1476e+03 4.4000e+03 1.5234e+20 1.8379e+20 1.8379e+20 6.9786e-02 0.0000e+00 4.8326e+04 0.0000e+00
2.1600e+03 1.0454e-11 8.6262e-01 1.4117e+03 2.1469e+03 4.4000e+03 1.5371e+20 1.8528e+20 1.8528e+20 6.9542e-02 0.0000e+00 4.8476e+04 0.0000e+00
2.1700e+03 1.0414e-11 8.6231e-01 1.4113e+03 2.1463e+03 4.4000e+03 1.5508e+20 1.8679e+20 1.8679e+20 6.9300e-02 0.0000e+00 4.8626e+04 0.0000e+00
2.1800e+03 1.0374e-11 8.6200e-01 1.4108e+03 2.1456e+03 4.4000e+03 1.5647e+20 1.8830e+20 1.8830e+20 6.9059e-02 0.0000e+00 4.8777e+04 0.0000e+00
2.1900e+03 1.0334e-11 8.6169e-01 1.4104e+03 2.1449e+03 4.4000e+03 1.5787e+20 1.8982e+20 1.8982e+20 6.8819e-02 0.0000e+00 4.8928e+04 0.0000e+00
2.2000e+03 1.0295e-11 8.6138e-01 1.4100e+03 2.1443e+03 4.4000e+03 1.5928e+20 1.9136e+20 1.9136e+20 6.8579e-02 0.0000e+00 4.9080e+04 0.0000e+00
2.2100e+03 1.0255e-11 8.6107e-01 1.4095e+03 2.1436e+03 4.4000e+03 1.6071e+20 1.9291e+20 1.9291e+20 6.8341e-02 0.0000e+00 4.9232e+04 0.0000e+00
2.2200e+03 1.0216e-11 8.6075e-01 1.4091e+03 2.1430e+03 4.4000e+03 1.6214e+20 1.9446e+20 1.9446e+20 6.8103e-02 0.0000e+00 4.9385e+04 0.0000e+00
2.2300e+03 1.0177e-11 8.6044e-01 1.4087e+03 2.1423e+03 4.4000e+03 1.6359e+20 1.9603e+20 1.9603e+20 6.7866e-02 0.0000e+00 4.9538e+04 0.0000e+00
2.2400e+03 1.0137e-11 8.6012e-01 1.4082e+03 2.1416e+03 4.4000e+03 1.6505e+20 1.9762e+20 1.9762e+20 6.7630e-02 0.0000e+00 4.9692e+04 0.0000e+00
2.2500e+03 1.0099e-11 8.5981e-01 1.4078e+03 2.1410e+03 4.4000e+03 1.6653e+20 1.9921e+20 1.9921e+20 6.7395e-02 0.0000e+00 4.9846e+04 0.0000e+00
2.2600e+03 1.0060e-11 8.5949e-01 1.4074e+03 2.1403e+03 4.4000e+03 1.6802e+20 2.0082e+20 2.0082e+20 6.7161e-02 0.0000e+00 5.0000e+04 0.0000e+00
2.2700e+03 1.0021e-11 8.5918e-01 1.4069e+03 2.1397e+03 4.4000e+03 1.6952e+20 2.0243e+20 2.0243e+20 6.6928e-02 0.0000e+00 5.0155e+04 0.0000e+00
2.2800e+03 9.9826e-12 8.5886e-01 1.4065e+03 2.1390e+03 4.4000e+03 1.7103e+20 2.0406e+20 2.0406e+20 6.6695e-02 0.0000e+00 5.0310e+04 0.0000e+00
2.2900e+03 9.9443e-12 8.5854e-01 1.4061e+03 2.1384e+03 4.4000e+03 1.7256e+20 2.0570e+20 2.0570e+20 6.6464e-02 0.0000e+00 5.0466e+04 0.0000e+00
2.3000e+03 9.9061e-12 8.5822e-01 1.4056e+03 2.1377e+03 4.4000e+03 1.7410e+20 2.0736e+20 2.0736e+20 6.6233e-02 0.0000e+00 5.0622e+04 0.0000e+00
2.3100e+03 9.8681e-12 8.5790e-01 1.4052e+03 2.1370e+03 4.4000e+03 1.7565e+20 2.0902e+20 2.0902e+20 6.6004e-02 0.0000e+00 5.0779e+04 0.0000e+00
2.3200e+03 9.8302e-12 8.5758e-01 1.4048e+03 2.1364e+03 4.4000e+03 1.7722e+20 2.1070e+20 2.1070e+20 6.5775e-02 0.0000e+00 5.0936e+04 0.0000e+00
2.3300e+03 9.7924e-12 8.5726e-01 1.4043e+03 2.1357e+03 4.4000e+03 1.7880e+20 2.1239e+20 2.1239e+20 6.5547e-02 0.0000e+00 5.1094e+04 0.0000e+00
2.3400e+03 9.7548e-12 8.5694e-01 1.4039e+03 2.1351e+03 4.4000e+03 1.8040e+20 2.1410e+20 2.1410e+20 6.5319e-02 0.0000e+00 5.1252e+04 0.0000e+00
2.3500e+03 9.7174e-12 8.5662e-01 1.4035e+03 2.1344e+03 4.4000e+03 1.8200e+20 2.1581e+20 2.1581e+20 6.5093e-02 0.0000e+00 5.1410e+04 0.0000e+00
2.3600e+03 9.6801e-12 8.5629e-01 1.4031e+03 2.1338e+03 4.4000e+03 1.8363e+20 2.1754e+20 2.1754e+20 6.4868e-02 0.0000e+00 5.1569e+04 0.0000e+00
2.3700e+03 9.6429e-12 8.5597e-01 1.4026e+03 2.1331e+03 4.4000e+03 1.8526e+20 2.1928e+20 2.1928e+20 6.4643e-02 0.0000e+00 5.1729e+04 0.0000e+00
2.3800e+03 9.6059e-12 8.5565e-01 1.4022e+03 2.1325e+03 4.4000e+03 1.8692e+20 2.2104e+20 2.2104e+20 6.4419e-02 0.0000e+00 5.1888e+04 0.0000e+00
2.3900e+03 9.5690e-12 8.5532e-01 1.4018e+03 2.1318e+03 4.4000e+03 1.8858e+20 2.2280e+20 2.2280e+20 6.4196e-02 0.0000e+00 5.2049e+04 0.0000e+00
2.4000e+03 9.5322e-12 8.5500e-01 1.4014e+03 2.1312e+03 4.4000e+03 1.9026e+20 2.2458e+20 2.2458e+20 6.3974e-02 0.0000e+00 5.2210e+04 0.0000e+00
2.4100e+03 9.4956e-12 8.5467e-01 1.4009e+03 2.1305e+03 4.4000e+03 1.9196e+20 2.2638e+20 2.2638e+20 6.3753e-02 0.0000e+00 5.2371e+04 0.0000e+00
2.4200e+03 9.4592e-12 8.5434e-01 1.4005e+03 2.1299e+03 4.4000e+03 1.9367e+20 2.2818e+20 2.2818e+20 6.3532e-02 0.0000e+00 5.2533e+04 0.0000e+00
2.4300e+03 9.4228e-12 8.5401e-01 1.4001e+03 2.1293e+03 4.4000e+03 1.9539e+20 2.3000e+20 2.3000e+20 6.3312e-02 0.0000e+00 5.2695e+04 0.0000e+00
2.4400e+03 9.3867e-12 8.5369e-01 1.3997e+03 2.1286e+03 4.4000e+03 1.9713e+20 2.3184e+20 2.3184e+20 6.3094e-02 0.0000e+00 5.2857e+04 0.0000e+00
2.4500e+03 9.3506e-12 8.5336e-01 1.3992e+03 2.1280e+03 4.4000e+03 1.9889e+20 2.3368e+20 2.3368e+20 6.2876e-02 0.0000e+00 5.3021e+04 0.0000e+00
2.4600e+03 9.3147e-12 8.5303e-01 1.3988e+03 2.1273e+03 4.4000e+03 2.0066e+20 2.3554e+20 2.3554e+20 6.2658e-02 0.0000e+00 5.3184e+04 0.0000e+00
2.4700e+03 9.2789e-12 8.5270e-01 1.3984e+03 2.1267e+03 4.4000e+03 2.0244e+20 2.3742e+20 2.3742e+20 6.2442e-02 0.0000e+00 5.3348e+04 0.0000e+00
2.4800e+03 9.2433e-12 8.5237e-01 1.3980e+03 2.1260e+03 4.4000e+03 2.0425e+20 2.3931e+20 2.3931e+20 6.2226e-02 0.0000e+00 5.3513e+04 0.0000e+00
2.4900e+03 9.2078e-12 8.5204e-01 1.3975e+03 2.1254e+03 4.4000e+03 2.0606e+20 2.4121e+20 2.4121e+20 6.2011e-02 0.0000e+00 5.3678e+04 0.0000e+00
2.5000e+03 9.1725e-12 8.5170e-01 1.3971e+03 2.1248e+03 4.4000e+03 2.0790e+20 2.4312e+20 2.4312e+20 6.1797e-02 0.0000e+00 5.3843e+04 0.0000e+00
2.5100e+03 9.1372e-12 8.5137e-01 1.3967e+03 2.1241e+03 4.4000e+03 2.0975e+20 2.4505e+20 2.4505e+20 6.1584e-02 0.0000e+00 5.4009e+04 0.0000e+00
2.5200e+03 9.1022e-12 8.5104e-01 1.3963e+03 2.1235e+03 4.4000e+03 2.1161e+20 2.4700e+20 2.4700e+20 6.1372e-02 0.0000e+00 5.4176e+04 0.0000e+00
2.5300e+03 9.0672e-12 8.5070e-01 1.3959e+03 2.1229e+03 4.4000e+03 2.1349e+20 2.4895e+20 2.4895e+20 6.1160e-02 0.0000e+00 5.4343e+04 0.0000e+00
2.5400e+03 9.0324e-12 8.5037e-01 1.3955e+03 2.1222e+03 4.4000e+03 2.1539e+20 2.5093e+20 2.5093e+20 6.0949e-02 0.0000e+00 5.4510e+04 0.0000e+00
2.5500e+03 8.9977e-12 8.5003e-01 1.3950e+03 2.1216e+03 4.4000e+03 2.1731e+20 2.5291e+20 2.5291e+20 6.0739e-02 0.0000e+00 5.4678e+04 0.0000e+00
2.5600e+03 8.9631e-12 8.4970e-01 1.3946e+03 2.1209e+03 4.4000e+03 2.1924e+20 2.5491e+20 2.5491e+20 6.0530e-02 0.0000e+00 5.4847e+04 0.0000e+00
2.5700e+03 8.9287e-12 8.4936e-01 1.3942e+03 2.1203e+03 4.4000e+03 2.2119e+20 2.5693e+20 2.5693e+20 6.0321e-02 0.0000e+00 5.5016e+04 0.0000e+00
2.5800e+03 8.8944e-12 8.4903e-01 1.3938e+03 2.1197e+03 4.4000e+03 2.2315e+20 2.5896e+20 2.5896e+20 6.0113e-02 0.0000e+00 5.5185e+04 0.0000e+00
2.5900e+03 8.8603e-12 8.4869e-01 1.3934e+03 2.1190e+03 4.4000e+03 2.2513e+20 2.6100e+20 2.6100e+20 5.9906e-02 0.0000e+00 5.5355e+04 0.0000e+00
2.6000e+03 8.8263e-12 8.4835e-01 1.3930e+03 2.1184e+03 4.4000e+03 2.2713e+20 2.6306e+20 2.6306e+20 5.9700e-02 0.0000e+00 5.5525e+04 0.0000e+00
2.6100e+03 8.7924e-12 8.4801e-01 1.3925e+03 2.1178e+03 4.4000e+03 2.2915e+20 2.6514e+20 2.6514e+20 5.9495e-02 0.0000e+00 5.5696e+04 0.0000e+00
2.6200e+03 8.7586e-12 8.4767e-01 1.3921e+03 2.1172e+03 4.4000e+03 2.3119e+20 2.6723e+20 2.6723e+20 5.9290e-02 0.0000e+00 5.5868e+04 0.0000e+00
2.6300e+03 8.7250e-12 8.4733e-01 1.3917e+03 2.1165e+03 4.4000e+03 2.3324e+20 2.6933e+20 2.6933e+20 5.9086e-02 0.0000e+00 5.6039e+04 0.0000e+00
2.6400e+03 8.6915e-12 8.4699e-01 1.3913e+03 2.1159e+03 4.4000e+03 2.3531e+20 2.7145e+20 2.7145e+20 5.8883e-02 0.0000e+00 5.6212e+04 0.0000e+00
2.6500e+03 8.6581e-12 8.4665e-01 1.3909e+03 2.1153e+03 4.4000e+03 2.3740e+20 2.7359e+20 2.7359e+20 5.8680e-02 0.0000e+00 5.6385e+04 0.0000e+00
2.6600e+03 8.6248e-12 8.4631e-01 1.3905e+03 2.1146e+03 4.4000e+03 2.3951e+20 2.7574e+20 2.7574e+20 5.8478e-02 0.0000e+00 5.6558e+04 0.0000e+00
2.6700e+03 8.5917e-12 8.4597e-01 1.3901e+03 2.1140e+03 4.4000e+03 2.4163e+20 2.7791e+20 2.7791e+20 5.8277e-02 0.0000e+00 5.6732e+04 0.0000e+00
2.6800e+03 8.5587e-12 8.4562e-01 1.3896e+03 2.1134e+03 4.4000e+03 2.4378e+20 2.8009e+20 2.8009e+20 5.8077e-02 0.0000e+00 5.6906e+04 0.0000e+00
2.6900e+03 8.5259e-12 8.4528e-01 1.3892e+03 2.1128e+03 4.4000e+03 2.4594e+20 2.8229e+20 2.8229e+20 5.7877e-02 0.0000e+00 5.7081e+04 0.0000e+00
2.7000e+03 8.4931e-12 8.4494e-01 1.3888e+03 2.1121e+03 4.4000e+03 2.4812e+20 2.8450e+20 2.8450e+20 5.7679e-02 0.0000e+00 5.7257e+04 0.0000e+00
2.7100e+03 8.4605e-12 8.4459e-01 1.3884e+03 2.1115e+03 4.4000e+03 2.5032e+20 2.8673e+20 2.8673e+20 5.7481e-02 0.0000e+00 5.7433e+04 0.0000e+00
2.7200e+03 8.4280e-12 8.4425e-01 1.3880e+03 2.1109e+03 4.4000e+03 2.5254e+20 2.8898e+20 2.8898e+20 5.7283e-02 0.0000e+00 5.7609e+04 0.0000e+00
2.7300e+03 8.3957e-12 8.4390e-01 1.3876e+03 2.1103e+03 4.4000e+03 2.5478e+20 2.9124e+20 2.9124e+20 5.7087e-02 0.0000e+00 5.7786e+04 0.0000e+00
2.7400e+03 8.3634e-12 8.4356e-01 1.3872e+03 2.1097e+03 4.4000e+03 2.5704e+20 2.9352e+20 2.9352e+20 5.6891e-02 0.0000e+00 5.7963e+04 0.0000e+00
2.7500e+03 8.3313e-12 8.4321e-01 1.3868e+03 2.1090e+03 4.4000e+03 2.5932e+20 2.9581e+20 2.9581e+20 5.6696e-02 0.0000e+00 5.8141e+04 0.0000e+00
2.7600e+03 8.2993e-12 8.4286e-01 1.3864e+03 2.1084e+03 4.4000e+03 2.6162e+20 2.9812e+20 2.9812e+20 5.6501e-02 0.0000e+00 5.8320e+04 0.0000e+00
2.7700e+03 8.2675e-12 8.4252e-01 1.3860e+03 2.1078e+03 4.4000e+03 2.6394e+20 3.0045e+20 3.0045e+20 5.6307e-02 0.0000e+00 5.8499e+04 0.0000e+00
2.7800e+03 8.2357e-12 8.4217e-01 1.3856e+03 2.1072e+03 4.4000e+03 2.6628e+20 3.0280e+20 3.0280e+20 5.6114e-02 0.0000e+00 5.8678e+04 0.0000e+00
2.7900e+03 8.2041e-12 8.4182e-01 1.3852e+03 2.1066e+03 4.4000e+03 2.6864e+20 3.0516e+20 3.0516e+20 5.5922e-02 0.0000e+00 5.8858e+04 0.0000e+00
2.8000e+03 8.1726e-12 8.4147e-01 1.3848e+03 2.1060e+03 4.4000e+03 2.7102e+20 3.0754e+20 3.0754e+20 5.5730e-02 0.0000e+00 5.9039e+04 0.0000e+00
2.8100e+03 8.1412e-12 8.4112e-01 1.3844e+03 2.1053e+03 4.4000e+03 2.7342e+20 3.0993e+20 3.0993e+20 5.5539e-02 0.0000e+00 5.9220e+04 0.0000e+00
2.8200e+03 8.1099e-12 8.4077e-01 1.3839e+03 2.1047e+03 4.4000e+03 2.7584e+20 3.1234e+20 3.1234e+20 5.5349e-02 0.0000e+00 5.9402e+04 0.0000e+00
2.8300e+03 8.0788e-12 8.4042e-01 1.3835e+03 2.1041e+03 4.4000e+03 2.7828e+20 3.1477e+20 3.1477e+20 5.5160e-02 0.0000e+00 5.9584e+04 0.0000e+00
2.8400e+03 8.0478e-12 8.4007e-01 1.3831e+03 2.1035e+03 4.4000e+03 2.8075e+20 3.1722e+20 3.1722e+20 5.4971e-02 0.0000e+00 5.9767e+04 0.0000e+00
2.8500e+03 8.0169e-12 8.3972e-01 1.3827e+03 2.1029e+03 4.4000e+03 2.8323e+20 3.1968e+20 3.1968e+20 5.4783e-02 0.0000e+00 5.9950e+04 0.0000e+00
2.8600e+03 7.9861e-12 8.3937e-01 1.3823e+03 2.1023e+03 4.4000e+03 2.8574e+20 3.2216e+20 3.2216e+20 5.4595e-02 0.0000e+00 6.0134e+04 0.0000e+00
2.8700e+03 7.9554e-12 8.3901e-01 1.3819e+03 2.1017e+03 4.4000e+03 2.8827e+20 3.2466e+20 3.2466e+20 5.4408e-02 0.0000e+00 6.0318e+04 0.0000e+00
2.8800e+03 7.9249e-12 8.3866e-01 1.3815e+03 2.1010e+03 4.4000e+03 2.9082e+20 3.2718e+20 3.2718e+20 5.4222e-02 0.0000e+00 6.0503e+04 0.0000e+00
2.8900e+03 7.8944e-12 8.3831e-01 1.3811e+03 2.1004e+03 4.4000e+03 2.9339e+20 3.2971e+20 3.2971e+20 5.4037e-02 0.0000e+00 6.0688e+04 0.0000e+00
2.9000e+03 7.8641e-12 8.3795e-01 1.3807e+03 2.0998e+03 4.4000e+03 2.9599e+20 3.3227e+20 3.3227e+20 5.3852e-02 0.0000e+00 6.0874e+04 0.0000e+00
2.9100e+03 7.8339e-12 8.3760e-01 1.3803e+03 2.0992e+03 4.4000e+03 2.9861e+20 3.3484e+20 3.3484e+20 5.3668e-02 0.0000e+00 6.1060e+04 0.0000e+00
2.9200e+03 7.8038e-12 8.3724e-01 1.3799e+03 2.0986e+03 4.4000e+03 3.0125e+20 3.3743e+20 3.3743e+20 5.3485e-02 0.0000e+00 6.1247e+04 0.0000e+00
2.9300e+03 7.7739e-12 8.3689e-01 1.3795e+03 2.0980e+03 4.4000e+03 3.0391e+20 3.4003e+20 3.4003e+20 5.3302e-02 0.0000e+00 6.1435e+04 0.0000e+00
2.9400e+03 7.7440e-12 8.3653e-01 1.3791e+03 2.0974e+03 4.4000e+03 3.0660e+20 3.4266e+20 3.4266e+20 5.3120e-02 0.0000e+00 6.1623e+04 0.0000e+00
2.9500e+03 7.7143e-12 8.3617e-01 1.3787e+03 2.0968e+03 4.4000e+03 3.0931e+20 3.4530e+20 3.4530e+20 5.2939e-02 0.0000e+00 6.1812e+04 0.0000e+00
2.9600e+03 7.6847e-12 8.3581e-01 1.3783e+03 2.0962e+03 4.4000e+03 3.1205e+20 3.4797e+20 3.4797e+20 5.2758e-02 0.0000e+00 6.2001e+04 0.0000e+00
2.9700e+03 7.6551e-12 8.3546e-01 1.3779e+03 2.0956e+03 4.4000e+03 3.1481e+20 3.5065e+20 3.5065e+20 5.2578e-02 0.0000e+00 6.2190e+04 0.0000e+00
2.9800e+03 7.6258e-12 8.3510e-01 1.3775e+03 2.0950e+03 4.4000e+03 3.1759e+20 3.5335e+20 3.5335e+20 5.2398e-02 0.0000e+00 6.2381e+04 0.0000e+00
2.9900e+03 7.5965e-12 8.3474e-01 1.3772e+03 2.0944e+03 4.4000e+03 3.2040e+20 3.5607e+20 3.5607e+20 5.2220e-02 0.0000e+00 6.2572e+04 0.0000e+00
3.0000e+03 7.5673e-12 8.3438e-01 1.3768e+03 2.0938e+03 4.4000e+03 3.2323e+20 3.5881e+20 3.5881e+20 5.2041e-02 0.0000e+00 6.2763e+04 0.0000e+00
3.0100e+03 7.5382e-12 8.3402e-01 1.3764e+03 2.0932e+03 4.4000e+03 3.2608e+20 3.6156e+20 3.6156e+20 5.1864e-02 0.0000e+00 6.2955e+04 0.0000e+00
3.0200e+03 7.5093e-12 8.3366e-01 1.3760e+03 2.0926e+03 4.4000e+03 3.2896e+20 3.6434e+20 3.6434e+20 5.1687e-02 0.0000e+00 6.3147e+04 0.0000e+00
3.0300e+03 7.4805e-12 8.3330e-01 1.3756e+03 2.0920e+03 4.4000e+03 3.3187e+20 3.6714e+20 3.6714e+20 5.1511e-02 0.0000e+00 6.3340e+04 0.0000e+00
3.0400e+03 7.4517e-12 8.3294e-01 1.3752e+03 2.0914e+03 4.4000e+03 3.3480e+20 3.6995e+20 3.6995e+20 5.1335e-02 0.0000e+00 6.3534e+04 0.0000e+00
3.0500e+03 7.4231e-12 8.3258e-01 1.3748e+03 2.0908e+03 4.4000e+03 3.3776e+20 3.7279e+20 3.7279e+20 5.1161e-02 0.0000e+00 6.3728e+04 0.0000e+00
3.0600e+03 7.3946e-12 8.3221e-01 1.3744e+03 2.0902e+03 4.4000e+03 3.4074e+20 3.7564e+20 3.7564e+20 5.0986e-02 0.0000e+00 6.3923e+04 0.0000e+00
3.0700e+03 7.3662e-12 8.3185e-01 1.3740e+03 2.0896e+03 4.4000e+03 3.4375e+20 3.7852e+20 3.7852e+20 5.0813e-02 0.0000e+00 6.4118e+04 0.0000e+00
3.0800e+03 7.3379e-12 8.3149e-01 1.3736e+03 2.0890e+03 4.4000e+03 3.4679e+20 3.8142e+20 3.8142e+20 5.0640e-02 0.0000e+00 6.4314e+04 0.0000e+00
3.0900e+03 7.3098e-12 8.3112e-01 1.3732e+03 2.0884e+03 4.4000e+03 3.4985e+20 3.8433e+20 3.8433e+20 5.0467e-02 0.0000e+00 6.4510e+04 0.0000e+00
3.1000e+03 7.2817e-12 8.3076e-01 1.3728e+03 2.0878e+03 4.4000e+03 3.5294e+20 3.8727e+20 3.8727e+20 5.0295e-02 0.0000e+00 6.4708e+04 0.0000e+00
3.1100e+03 7.2537e-12 8.3039e-01 1.3724e+03 2.0872e+03 4.4000e+03 3.5605e+20 3.9022e+20 3.9022e+20 5.0124e-02 0.0000e+00 6.4905e+04 0.0000e+00
3.1200e+03 7.2259e-12 8.3003e-01 1.3721e+03 2.0866e+03 4.4000e+03 3.5919e+20 3.9320e+20 3.9320e+20 4.9954e-02 0.0000e+00 6.5103e+04 0.0000e+00
3.1300e+03 7.1981e-12 8.2966e-01 1.3717e+03 2.0860e+03 4.4000e+03 3.6236e+20 3.9620e+20 3.9620e+20 4.9784e-02 0.0000e+00 6.5302e+04 0.0000e+00
3.1400e+03 7.1705e-12 8.2930e-01 1.3713e+03 2.0855e+03 4.4000e+03 3.6556e+20 3.9921e+20 3.9921e+20 4.9615e-02 0.0000e+00 6.5501e+04 0.0000e+00
3.1500e+03 7.1429e-12 8.2893e-01 1.3709e+03 2.0849e+03 4.4000e+03 3.6878e+20 4.0225e+20 4.0225e+20 4.9446e-02 0.0000e+00 6.5701e+04 0.0000e+00
3.1600e+03 7.1155e-12 8.2856e-01 1.3705e+03 2.0843e+03 4.4000e+03 3.7204e+20 4.0531e+20 4.0531e+20 4.9278e-02 0.0000e+00 6.5902e+04 0.0000e+00
3.1700e+03 7.0882e-12 8.2820e-01 1.3701e+03 2.0837e+03 4.4000e+03 3.7532e+20 4.0839e+20 4.0839e+20 4.9110e-02 0.0000e+00 6.6103e+04 0.0000e+00
3.1800e+03 7.0610e-12 8.2783e-01 1.3697e+03 2.0831e+03 4.4000e+03 3.7863e+20 4.1150e+20 4.1150e+20 4.8944e-02 0.0000e+00 6.6304e+04 0.0000e+00
3.1900e+03 7.0339e-12 8.2746e-01 1.3693e+03 2.0825e+03 4.4000e+03 3.8197e+20 4.1462e+20 4.1462e+20 4.8777e-02 0.0000e+00 6.6507e+04 0.0000e+00
3.2000e+03 7.0069e-12 8.2709e-01 1.3690e+03 2.0819e+03 4.4000e+03 3.8533e+20 4.1777e+20 4.1777e+20 4.8612e-02 0.0000e+00 6.6709e+04 0.0000e+00
3.2100e+03 6.9799e-12 8.2672e-01 1.3686e+03 2.0813e+03 4.4000e+03 3.8873e+20 4.2093e+20 4.2093e+20 4.8447e-02 0.0000e+00 6.6913e+04 0.0000e+00
3.2200e+03 6.9531e-12 8.2635e-01 1.3682e+03 2.0808e+03 4.4000e+03 3.9216e+20 4.2412e+20 4.2412e+20 4.8282e-02 0.0000e+00 6.7117e+04 0.0000e+00
3.2300e+03 6.9264e-12 8.2598e-01 1.3678e+03 2.0802e+03 4.4000e+03 3.9561e+20 4.2733e+20 4.2733e+20 4.8118e-02 0.0000e+00 6.7321e+04 0.0000e+00
3.2400e+03 6.8998e-12 8.2561e-01 1.3674e+03 2.0796e+03 4.4000e+03 3.9910e+20 4.3056e+20 4.3056e+20 4.7955e-02 0.0000e+00 6.7527e+04 0.0000e+00
3.2500e+03 6.8733e-12 8.2524e-01 1.3670e+03 2.0790e+03 4.4000e+03 4.0262e+20 4.3382e+20 4.3382e+20 4.7793e-02 0.0000e+00 6.7732e+04 0.0000e+00
3.2600e+03 6.8470e-12 8.2487e-01 1.3667e+03 2.0784e+03 4.4000e+03 4.0617e+20 4.3710e+20 4.3710e+20 4.7631e-02 0.0000e+00 6.7939e+04 0.0000e+00
3.2700e+03 6.8207e-12 8.2450e-01 1.3663e+03 2.0778e+03 4.4000e+03 4.0974e+20 4.4039e+20 4.4039e+20 4.7469e-02 0.0000e+00 6.8146e+04 0.0000e+00
3.2800e+03 6.7945e-12 8.2412e-01 1.3659e+03 2.0773e+03 4.4000e+03 4.1335e+20 4.4372e+20 4.4372e+20 4.7308e-02 0.0000e+00 6.8353e+04 0.0000e+00
3.2900e+03 6.7684e-12 8.2375e-01 1.3655e+03 2.0767e+03 4.4000e+03 4.1699e+20 4.4706e+20 4.4706e+20 4.7148e-02 0.0000e+00 6.8562e+04 0.0000e+00
3.3000e+03 6.7424e-12 8.2338e-01 1.3651e+03 2.0761e+03 4.4000e+03 4.2067e+20 4.5043e+20 4.5043e+20 4.6988e-02 0.0000e+00 6.8770e+04 0.0000e+00
3.3100e+03 6.7165e-12 8.2300e-01 1.3647e+03 2.0755e+03 4.4000e+03 4.2437e+20 4.5382e+20 4.5382e+20 4.6829e-02 0.0000e+00 6.8980e+04 0.0000e+00
3.3200e+03 6.6907e-12 8.2263e-01 1.3644e+03 2.0749e+03 4.4000e+03 4.2811e+20 4.5723e+20 4.5723e+20 4.6670e-02 0.0000e+00 6.9190e+04 0.0000e+00
3.3300e+03 6.6650e-12 8.2225e-01 1.3640e+03 2.0744e+03 4.4000e+03 4.3188e+20 4.6067e+20 4.6067e+20 4.6512e-02 0.0000e+00 6.9400e+04 0.0000e+00
3.3400e+03 6.6394e-12 8.2188e-01 1.3636e+03 2.0738e+03 4.4000e+03 4.3568e+20 4.6413e+20 4.6413e+20 4.6355e-02 0.0000e+00 6.9612e+04 0.0000e+00
3.3500e+03 6.6139e-12 8.2150e-01 1.3632e+03 2.0732e+03 4.4000e+03 4.3951e+20 4.6761e+20 4.6761e+20 4.6198e-02 0.0000e+00 6.9823e+04 0.0000e+00
3.3600e+03 6.5885e-12 8.2113e-01 1.3629e+03 2.0726e+03 4.4000e+03 4.4338e+20 4.7112e+20 4.7112e+20 4.6042e-02 0.0000e+00 7.0036e+04 0.0000e+00
3.3700e+03 6.5632e-12 8.2075e-01 1.3625e+03 2.0721e+03 4.4000e+03 4.4729e+20 4.7465e+20 4.7465e+20 4.5886e-02 0.0000e+00 7.0249e+04 0.0000e+00
3.3800e+03 6.5380e-12 8.2037e-01 1.3621e+03 2.0715e+03 4.4000e+03 4.5122e+20 4.7820e+20 4.7820e+20 4.5731e-02 0.0000e+00 7.0463e+04 0.0000e+00
3.3900e+03 6.5129e-12 8.2000e-01 1.3617e+03 2.0709e+03 4.4000e+03 4.5519e+20 4.8178e+20 4.8178e+20 4.5576e-02 0.0000e+00 7.0677e+04 0.0000e+00
3.4000e+03 6.4879e-12 8.1962e-01 1.3613e+03 2.0704e+03 4.4000e+03 4.5920e+20 4.8538e+20 4.8538e+20 4.5422e-02 0.0000e+00 7.0892e+04 0.0000e+00
3.4100e+03 6.4630e-12 8.1924e-01 1.3610e+03 2.0698e+03 4.4000e+03 4.6324e+20 4.8901e+20 4.8901e+20 4.5268e-02 0.0000e+00 7.1107e+04 0.0000e+00
3.4200e+03 6.4382e-12 8.1886e-01 1.3606e+03 2.0692e+03 4.4000e+03 4.6731e+20 4.9266e+20 4.9266e+20 4.5115e-02 0.0000e+00 7.1324e+04 0.0000e+00
3.4300e+03 6.4135e-12 8.1848e-01 1.3602e+03 2.0686e+03 4.4000e+03 4.7142e+20 4.9633e+20 4.9633e+20 4.4963e-02 0.0000e+00 7.1540e+04 0.0000e+00
3.4400e+03 6.3888e-12 8.1810e-01 1.3599e+03 2.0681e+03 4.4000e+03 4.7557e+20 5.0003e+20 5.0003e+20 4.4811e-02 0.0000e+00 7.1758e+04 0.0000e+00
3.4500e+03 6.3643e-12 8.1772e-01 1.3595e+03 2.0675e+03 4.4000e+03 4.7975e+20 5.0376e+20 5.0376e+20 4.4660e-02 0.0000e+00 7.1976e+04 0.0000e+00
3.4600e+03 6.3399e-12 8.1734e-01 1.3591e+03 2.0669e+03 4.4000e+03 4.8397e+20 5.0751e+20 5.0751e+20 4.4509e-02 0.0000e+00 7.2195e+04 0.0000e+00
3.4700e+03 6.3155e-12 8.1696e-01 1.3587e+03 2.0664e+03 4.4000e+03 4.8822e+20 5.1128e+20 5.1128e+20 4.4359e-02 0.0000e+00 7.2414e+04 0.0000e+00
3.4800e+03 6.2913e-12 8.1658e-01 1.3584e+03 2.0658e+03 4.4000e+03 4.9251e+20 5.1508e+20 5.1508e+20 4.4209e-02 0.0000e+00 7.2634e+04 0.0000e+00
3.4900e+03 6.2671e-12 8.1620e-01 1.3580e+03 2.0652e+03 4.4000e+03 4.9684e+20 5.1891e+20 5.1891e+20 4.4060e-02 0.0000e+00 7.2855e+04 0.0000e+00
3.5000e+03 6.2430e-12 8.1582e-01 1.3576e+03 2.0647e+03 4.4000e+03 5.0121e+20 5.2276e+20 5.2276e+20 4.3911e-02 0.0000e+00 7.3076e+04 0.0000e+00
3.5100e+03 6.2191e-12 8.1543e-01 1.3572e+03 2.0641e+03 4.4000e+03 5.0561e+20 5.2664e+20 5.2664e+20 4.3763e-02 0.0000e+00 7.3298e+04 0.0000e+00
3.5200e+03 6.1952e-12 8.1505e-01 1.3569e+03 2.0636e+03 4.4000e+03 5.1006e+20 5.3054e+20 5.3054e+20 4.3616e-02 0.0000e+00 7.3520e+04 0.0000e+00
3.5300e+03 6.1714e-12 8.1467e-01 1.3565e+03 2.0630e+03 4.4000e+03 5.1454e+20 5.3447e+20 5.3447e+20 4.3469e-02 0.0000e+00 7.3744e+04 0.0000e+00
3.5400e+03 6.1477e-12 8.1428e-01 1.3561e+03 2.0624e+03 4.4000e+03 5.1906e+20 5.3842e+20 5.3842e+20 4.3322e-02 0.0000e+00 7.3967e+04 0.0000e+00
3.5500e+03 6.1241e-12 8.1390e-01 1.3558e+03 2.0619e+03 4.4000e+03 5.2362e+20 5.4240e+20 5.4240e+20 4.3176e-02 0.0000e+00 7.4192e+04 0.0000e+00
3.5600e+03 6.1006e-12 8.1352e-01 1.3554e+03 2.0613e+03 4.4000e+03 5.2822e+20 5.4641e+20 5.4641e+20 4.3031e-02 0.0000e+00 7.4417e+04 0.0000e+00
3.5700e+03 6.0771e-12 8.1313e-01 1.3550e+03 2.0608e+03 4.4000e+03 5.3286e+20 5.5044e+20 5.5044e+20 4.2886e-02 0.0000e+00 7.4643e+04 0.0000e+00
3.5800e+03 6.0538e-12 8.1275e-01 1.3547e+03 2.0602e+03 4.4000e+03 5.3754e+20 5.5450e+20 5.5450e+20 4.2741e-02 0.0000e+00 7.4869e+04 0.0000e+00
3.5900e+03 6.0306e-12 8.1236e-01 1.3543e+03 2.0596e+03 4.4000e+03 5.4226e+20 5.5859e+20 5.5859e+20 4.2597e-02 0.0000e+00 7.5096e+04 0.0000e+00
3.6000e+03 6.0074e-12 8.1197e-01 1.3539e+03 2.0591e+03 4.4000e+03 5.4702e+20 5.6270e+20 5.6270e+20 4.2454e-02 0.0000e+00 7.5324e+04 0.0000e+00
3.6100e+03 5.9843e-12 8.1159e-01 1.3536e+03 2.0585e+03 4.4000e+03 5.5182e+20 5.6684e+20 5.6684e+20 4.2311e-02 0.0000e+00 7.5553e+04 0.0000e+00
3.6200e+03 5.9614e-12 8.1120e-01 1.3532e+03 2.0580e+03 4.4000e+03 5.5667e+20 5.7101e+20 5.7101e+20 4.2169e-02 0.0000e+00 7.5782e+04 0.0000e+00
3.6300e+03 5.9385e-12 8.1081e-01 1.3528e+03 2.0574e+03 4.4000e+03 5.6155e+20 5.7521e+20 5.7521e+20 4.2027e-02 0.0000e+00 7.6012e+04 0.0000e+00
3.6400e+03 5.9157e-12 8.1042e-01 1.3525e+03 2.0569e+03 4.4000e+03 5.6648e+20 5.7943e+20 5.7943e+20 4.1885e-02 0.0000e+00 7.6242e+04 0.0000e+00
3.6500e+03 5.8929e-12 8.1004e-01 1.3521e+03 2.0563e+03 4.4000e+03 5.7145e+20 5.8368e+20 5.8368e+20 4.1745e-02 0.0000e+00 7.6473e+04 0.0000e+00
3.6600e+03 5.8703e-12 8.0965e-01 1.3517e+03 2.0558e+03 4.4000e+03 5.7647e+20 5.8796e+20 5.8796e+20 4.1604e-02 0.0000e+00 7.6705e+04 0.0000e+00
3.6700e+03 5.8478e-12 8.0926e-01 1.3514e+03 2.0552e+03 4.4000e+03 5.8153e+20 5.9226e+20 5.9226e+20 4.1464e-02 0.0000e+00 7.6937e+04 0.0000e+00
3.6800e+03 5.8253e-12 8.0887e-01 1.3510e+03 2.0547e+03 4.4000e+03 5.8663e+20 5.9660e+20 5.9660e+20 4.1325e-02 0.0000e+00 7.7170e+04 0.0000e+00
3.6900e+03 5.8029e-12 8.0848e-01 1.3507e+03 2.0541e+03 4.4000e+03 5.9178e+20 6.0096e+20 6.0096e+20 4.1186e-02 0.0000e+00 7.7404e+04 0.0000e+00
3.7000e+03 5.7807e-12 8.0809e-01 1.3503e+03 2.0536e+03 4.4000e+03 5.9697e+20 6.0535e+20 6.0535e+20 4.1048e-02 0.0000e+00 7.7639e+04 0.0000e+00
3.7100e+03 5.7585e-12 8.0770e-01 1.3499e+03 2.0530e+03 4.4000e+03 6.0221e+20 6.0977e+20 6.0977e+20 4.0910e-02 0.0000e+00 7.7874e+04 0.0000e+00
3.7200e+03 5.7364e-12 8.0731e-01 1.3496e+03 2.0525e+03 4.4000e+03 6.0749e+20 6.1422e+20 6.1422e+20 4.0773e-02 0.0000e+00 7.8110e+04 0.0000e+00
3.7300e+03 5.7143e-12 8.0692e-01 1.3492e+03 2.0519e+03 4.4000e+03 6.1282e+20 6.1870e+20 6.1870e+20 4.0636e-02 0.0000e+00 7.8346e+04 0.0000e+00
3.7400e+03 5.6924e-12 8.0653e-01 1.3489e+03 2.0514e+03 4.4000e+03 6.1819e+20 6.2320e+20 6.2320e+20 4.0499e-02 0.0000e+00 7.8584e+04 0.0000e+00
3.7500e+03 5.6705e-12 8.0613e-01 1.3485e+03 2.0508e+03 4.4000e+03 6.2361e+20 6.2774e+20 6.2774e+20 4.0363e-02 0.0000e+00 7.8821e+04 0.0000e+00
3.7600e+03 5.6488e-12 8.0574e-01 1.3481e+03 2.0503e+03 4.4000e+03 6.2908e+20 6.3230e+20 6.3230e+20 4.0228e-02 0.0000e+00 7.9060e+04 0.0000e+00
3.7700e+03 5.6271e-12 8.0535e-01 1.3478e+03 2.0497e+03 4.4000e+03 6.3459e+20 6.3690e+20 6.3690e+20 4.0093e-02 0.0000e+00 7.9299e+04 0.0000e+00
3.7800e+03 5.6055e-12 8.0496e-01 1.3474e+03 2.0492e+03 4.4000e+03 6.4016e+20 6.4152e+20 6.4152e+20 3.9959e-02 0.0000e+00 7.9539e+04 0.0000e+00
3.7900e+03 5.5839e-12 8.0456e-01 1.3471e+03 2.0486e+03 4.4000e+03 6.4577e+20 6.4617e+20 6.4617e+20 3.9825e-02 0.0000e+00 7.9780e+04 0.0000e+00
3.8000e+03 5.5625e-12 8.0417e-01 1.3467e+03 2.0481e+03 4.4000e+03 6.5143e+20 6.5086e+20 6.5086e+20 3.9691e-02 0.0000e+00 8.0021e+04 0.0000e+00
3.8100e+03 5.5411e-12 8.0377e-01 1.3464e+03 2.0476e+03 4.4000e+03 6.5714e+20 6.5557e+20 6.5557e+20 3.9558e-02 0.0000e+00 8.0264e+04 0.0000e+00
3.8200e+03 5.5198e-12 8.0338e-01 1.3460e+03 2.0470e+03 4.4000e+03 6.6290e+20 6.6031e+20 6.6031e+20 3.9426e-02 0.0000e+00 8.0506e+04 0.0000e+00
3.8300e+03 5.4987e-12 8.0299e-01 1.3456e+03 2.0465e+03 4.4000e+03 6.6871e+20 6.6509e+20 6.6509e+20 3.9293e-02 0.0000e+00 8.0750e+04 0.0000e+00
3.8400e+03 5.4775e-12 8.0259e-01 1.3453e+03 2.0459e+03 4.4000e+03 6.7457e+20 6.6989e+20 6.6989e+20 3.9162e-02 0.0000e+00 8.0994e+04 0.0000e+00
3.8500e+03 5.4565e-12 8.0219e-01 1.3449e+03 2.0454e+03 4.4000e+03 6.8048e+20 6.7473e+20 6.7473e+20 3.9031e-02 0.0000e+00 8.1239e+04 0.0000e+00
3.8600e+03 5.4355e-12 8.0180e-01 1.3446e+03 2.0449e+03 4.4000e+03 6.8644e+20 6.7959e+20 6.7959e+20 3.8900e-02 0.0000e+00 8.1485e+04 0.0000e+00
3.8700e+03 5.4147e-12 8.0140e-01 1.3442e+03 2.0443e+03 4.4000e+03 6.9245e+20 6.8449e+20 6.8449e+20 3.8770e-02 0.0000e+00 8.1731e+04 0.0000e+00
3.8800e+03 5.3939e-12 8.0101e-01 1.3439e+03 2.0438e+03 4.4000e+03 6.9852e+20 6.8942e+20 6.8942e+20 3.8640e-02 0.0000e+00 8.1978e+04 0.0000e+00
3.8900e+03 5.3732e-12 8.0061e-01 1.3435e+03 2.0433e+03 4.4000e+03 7.0464e+20 6.9438e+20 6.9438e+20 3.8511e-02 0.0000e+00 8.2226e+04 0.0000e+00
3.9000e+03 5.3525e-12 8.0021e-01 1.3432e+03 2.0427e+03 4.4000e+03 7.1081e+20 6.9937e+20 6.9937e+20 3.8382e-02 0.0000e+00 8.2474e+04 0.0000e+00
3.9100e+03 5.3320e-12 7.9981e-01 1.3428e+03 2.0422e+03 4.4000e+03 7.1703e+20 7.0439e+20 7.0439e+20 3.8254e-02 0.0000e+00 8.2724e+04 0.0000e+00
3.9200e+03 5.3115e-12 7.9942e-01 1.3425e+03 2.0417e+03 4.4000e+03 7.2331e+20 7.0945e+20 7.0945e+20 3.8126e-02 0.0000e+00 8.2974e+04 0.0000e+00
3.9300e+03 5.2911e-12 7.9902e-01 1.3421e+03 2.0411e+03 4.4000e+03 7.2964e+20 7.1453e+20 7.1453e+20 3.7998e-02 0.0000e+00 8.3224e+04 0.0000e+00
3.9400e+03 5.2708e-12 7.9862e-01 1.3418e+03 2.0406e+03 4.4000e+03 7.3603e+20 7.1965e+20 7.1965e+20 3.7871e-02 0.0000e+00 8.3476e+04 0.0000e+00
3.9500e+03 5.2506e-12 7.9822e-01 1.3414e+03 2.0401e+03 4.4000e+03 7.4248e+20 7.2480e+20 7.2480e+20 3.7745e-02 0.0000e+00 8.3728e+04 0.0000e+00
3.9600e+03 5.2304e-12 7.9782e-01 1.3411e+03 2.0395e+03 4.4000e+03 7.4898e+20 7.2999e+20 7.2999e+20 3.7618e-02 0.0000e+00 8.3981e+04 0.0000e+00
3.9700e+03 5.2103e-12 7.9742e-01 1.3407e+03 2.0390e+03 4.4000e+03 7.5553e+20 7.3520e+20 7.3520e+20 3.7493e-02 0.0000e+00 8.4234e+04 0.0000e+00
3.9800e+03 5.1903e-12 7.9702e-01 1.3404e+03 2.0385e+03 4.4000e+03 7.6215e+20 7.4045e+20 7.4045e+20 3.7368e-02 0.0000e+00 8.4489e+04 0.0000e+00
3.9900e+03 5.1704e-12 7.9662e-01 1.3400e+03 2.0379e+03 4.4000e+03 7.6882e+20 7.4573e+20 7.4573e+20 3.7243e-02 0.0000e+00 8.4744e+04 0.0000e+00
4.0000e+03 5.1505e-12 7.9622e-01 1.3397e+03 2.0374e+03 4.4000e+03 7.7555e+20 7.5105e+20 7.5105e+20 3.7118e-02 0.0000e+00 8.5000e+04 0.0000e+00
4.0100e+03 5.1307e-12 7.9582e-01 1.3393e+03 2.0369e+03 4.4000e+03 7.8233e+20 7.5640e+20 7.5640e+20 3.6995e-02 0.0000e+00 8.5256e+04 0.0000e+00
4.0200e+03 5.1110e-12 7.9542e-01 1.3390e+03 2.0364e+03 4.4000e+03 7.8918e+20 7.6178e+20 7.6178e+20 3.6871e-02 0.0000e+00 8.5514e+04 0.0000e+00
4.0300e+03 5.0914e-12 7.9502e-01 1.3386e+03 2.0358e+03 4.4000e+03 7.9608e+20 7.6719e+20 7.6719e+20 3.6748e-02 0.0000e+00 8.5772e+04 0.0000e+00
4.0400e+03 5.0719e-12 7.9461e-01 1.3383e+03 2.0353e+03 4.4000e+03 8.0305e+20 7.7264e+20 7.7264e+20 3.6625e-02 0.0000e+00 8.6031e+04 0.0000e+00
4.0500e+03 5.0524e-12 7.9421e-01 1.3380e+03 2.0348e+03 4.4000e+03 8.1008e+20 7.7813e+20 7.7813e+20 3.6503e-02 0.0000e+00 8.6290e+04 0.0000e+00
4.0600e+03 5.0330e-12 7.9381e-01 1.3376e+03 2.0343e+03 4.4000e+03 8.1716e+20 7.8364e+20 7.8364e+20 3.6382e-02 0.0000e+00 8.6551e+04 0.0000e+00
4.0700e+03 5.0137e-12 7.9341e-01 1.3373e+03 2.0337e+03 4.4000e+03 8.2431e+20 7.8919e+20 7.8919e+20 3.6260e-02 0.0000e+00 8.6812e+04 0.0000e+00
4.0800e+03 4.9944e-12 7.9300e-01 1.3369e+03 2.0332e+03 4.4000e+03 8.3152e+20 7.9478e+20 7.9478e+20 3.6139e-02 0.0000e+00 8.7074e+04 0.0000e+00
4.0900e+03 4.9752e-12 7.9260e-01 1.3366e+03 2.0327e+03 4.4000e+03 8.3879e+20 8.0040e+20 8.0040e+20 3.6019e-02 0.0000e+00 8.7336e+04 0.0000e+00
4.1000e+03 4.9561e-12 7.9220e-01 1.3362e+03 2.0322e+03 4.4000e+03 8.4613e+20 8.0606e+20 8.0606e+20 3.5899e-02 0.0000e+00 8.7600e+04 0.0000e+00
4.1100e+03 4.9371e-12 7.9179e-01 1.3359e+03 2.0317e+03 4.4000e+03 8.5353e+20 8.1175e+20 8.1175e+20 3.5779e-02 0.0000e+00 8.7864e+04 0.0000e+00
4.1200e+03 4.9181e-12 7.9139e-01 1.3356e+03 2.0311e+03 4.4000e+03 8.6099e+20 8.1747e+20 8.1747e+20 3.5660e-02 0.0000e+00 8.8129e+04 0.0000e+00
4.1300e+03 4.8992e-12 7.9098e-01 1.3352e+03 2.0306e+03 4.4000e+03 8.6852e+20 8.2323e+20 8.2323e+20 3.5541e-02 0.0000e+00 8.8394e+04 0.0000e+00
4.1400e+03 4.8804e-12 7.9058e-01 1.3349e+03 2.0301e+03 4.4000e+03 8.7612e+20 8.2903e+20 8.2903e+20 3.5423e-02 0.0000e+00 8.8661e+04 0.0000e+00
4.1500e+03 4.8617e-12 7.9017e-01 1.3345e+03 2.0296e+03 4.4000e+03 8.8378e+20 8.3486e+20 8.3486e+20 3.5305e-02 0.0000e+00 8.8928e+04 0.0000e+00
4.1600e+03 4.8430e-12 7.8977e-01 1.3342e+03 2.0291e+03 4.4000e+03 8.9150e+20 8.4073e+20 8.4073e+20 3.5188e-02 0.0000e+00 8.9196e+04 0.0000e+00
4.1700e+03 4.8244e-12 7.8936e-01 1.3339e+03 2.0286e+03 4.4000e+03 8.9930e+20 8.4663e+20 8.4663e+20 3.5070e-02 0.0000e+00 8.9465e+04 0.0000e+00
4.1800e+03 4.8059e-12 7.8896e-01 1.3335e+03 2.0280e+03 4.4000e+03 9.0716e+20 8.5257e+20 8.5257e+20 3.4954e-02 0.0000e+00 8.9735e+04 0.0000e+00
4.1900e+03 4.7874e-12 7.8855e-01 1.3332e+03 2.0275e+03 4.4000e+03 9.1509e+20 8.5854e+20 8.5854e+20 3.4838e-02 0.0000e+00 9.0005e+04 0.0000e+00
4.2000e+03 4.7691e-12 7.8814e-01 1.3328e+03 2.0270e+03 4.4000e+03 9.2309e+20 8.6456e+20 8.6456e+20 3.4722e-02 0.0000e+00 9.0276e+04 0.0000e+00
4.2100e+03 4.7507e-12 7.8774e-01 1.3325e+03 2.0265e+03 4.4000e+03 9.3116e+20 8.7060e+20 8.7060e+20 3.4606e-02 0.0000e+00 9.0548e+04 0.0000e+00
4.2200e+03 4.7325e-12 7.8733e-01 1.3322e+03 2.0260e+03 4.4000e+03 9.3930e+20 8.7669e+20 8.7669e+20 3.4491e-02 0.0000e+00 9.0821e+04 0.0000e+00
4.2300e+03 4.7143e-12 7.8692e-01 1.3318e+03 2.0255e+03 4.4000e+03 9.4751e+20 8.8281e+20 8.8281e+20 3.4376e-02 0.0000e+00 9.1095e+04 0.0000e+00
4.2400e+03 4.6962e-12 7.8651e-01 1.3315e+03 2.0250e+03 4.4000e+03 9.5579e+20 8.8897e+20 8.8897e+20 3.4262e-02 0.0000e+00 9.1369e+04 0.0000e+00
4.2500e+03 4.6782e-12 7.8610e-01 1.3312e+03 2.0245e+03 4.4000e+03 9.6414e+20 8.9517e+20 8.9517e+20 3.4148e-02 0.0000e+00 9.1644e+04 0.0000e+00
4.2600e+03 4.6602e-12 7.8570e-01 1.3308e+03 2.0239e+03 4.4000e+03 9.7256e+20 9.0140e+20 9.0140e+20 3.4035e-02 0.0000e+00 9.1920e+04 0.0000e+00
4.2700e+03 4.6423e-12 7.8529e-01 1.3305e+03 2.0234e+03 4.4000e+03 9.8106e+20 9.0767e+20 9.0767e+20 3.3922e-02 0.0000e+00 9.2197e+04 0.0000e+00
4.2800e+03 4.6245e-12 7.8488e-01 1.3302e+03 2.0229e+03 4.4000e+03 9.8963e+20 9.1398e+20 9.1398e+20 3.3809e-02 0.0000e+00 9.2475e+04 0.0000e+00
4.2900e+03 4.6068e-12 7.8447e-01 1.3298e+03 2.0224e+03 4.4000e+03 9.9828e+20 9.2033e+20 9.2033e+20 3.3697e-02 0.0000e+00 9.2753e+04 0.0000e+00
4.3000e+03 4.5891e-12 7.8406e-01 1.3295e+03 2.0219e+03 4.4000e+03 1.0070e+21 9.2672e+20 9.2672e+20 3.3585e-02 0.0000e+00 9.3032e+04 0.0000e+00
4.3100e+03 4.5714e-12 7.8365e-01 1.3292e+03 2.0214e+03 4.4000e+03 1.0158e+21 9.3314e+20 9.3314e+20 3.3474e-02 0.0000e+00 9.3312e+04 0.0000e+00
4.3200e+03 4.5539e-12 7.8324e-01 1.3288e+03 2.0209e+03 4.4000e+03 1.0247e+21 9.3960e+20 9.3960e+20 3.3363e-02 0.0000e+00 9.3593e+04 0.0000e+00
4.3300e+03 4.5364e-12 7.8283e-01 1.3285e+03 2.0204e+03 4.4000e+03 1.0336e+21 9.4610e+20 9.4610e+20 3.3252e-02 0.0000e+00 9.3875e+04 0.0000e+00
4.3400e+03 4.5190e-12 7.8242e-01 1.3282e+03 2.0199e+03 4.4000e+03 1.0427e+21 9.5264e+20 9.5264e+20 3.3142e-02 0.0000e+00 9.4158e+04 0.0000e+00
4.3500e+03 4.5016e-12 7.8201e-01 1.3278e+03 2.0194e+03 4.4000e+03 1.0518e+21 9.5922e+20 9.5922e+20 3.3032e-02 0.0000e+00 9.4441e+04 0.0000e+00
4.3600e+03 4.4843e-12 7.8160e-01 1.3275e+03 2.0189e+03 4.4000e+03 1.0609e+21 9.6584e+20 9.6584e+20 3.2922e-02 0.0000e+00 9.4725e+04 0.0000e+00
4.3700e+03 4.4671e-12 7.8119e-01 1.3272e+03 2.0184e+03 4.4000e+03 1.0702e+21 9.7250e+20 9.7250e+20 3.2813e-02 0.0000e+00 9.5010e+04 0.0000e+00
4.3800e+03 4.4500e-12 7.8078e-01 1.3269e+03 2.0179e+03 4.4000e+03 1.0796e+21 9.7919e+20 9.7919e+20 3.2704e-02 0.0000e+00 9.5296e+04 0.0000e+00
4.3900e+03 4.4329e-12 7.8036e-01 1.3265e+03 2.0174e+03 4.4000e+03 1.0890e+21 9.8593e+20 9.8593e+20 3.2596e-02 0.0000e+00 9.5583e+04 0.0000e+00
4.4000e+03 4.4159e-12 7.7995e-01 1.3262e+03 2.0169e+03 4.4000e+03 1.0985e+21 9.9271e+20 9.9271e+20 3.2488e-02 0.0000e+00 9.5870e+04 0.0000e+00
4.4100e+03 4.3989e-12 7.7954e-01 1.3259e+03 2.0164e+03 4.4000e+03 1.1081e+21 9.9952e+20 9.9952e+20 3.2380e-02 0.0000e+00 9.6159e+04 0.0000e+00
4.4200e+03 4.3820e-12 7.7913e-01 1.3255e+03 2.0159e+03 4.4000e+03 1.1178e+21 1.0064e+21 1.0064e+21 3.2273e-02 0.0000e+00 9.6448e+04 0.0000e+00
4.4300e+03 4.3652e-12 7.7872e-01 1.3252e+03 2.0154e+03 4.4000e+03 1.1275e+21 1.0133e+21 1.0133e+21 3.2166e-02 0.0000e+00 9.6738e+04 0.0000e+00
4.4400e+03 4.3484e-12 7.7830e-01 1.3249e+03 2.0149e+03 4.4000e+03 1.1374e+21 1.0202e+21 1.0202e+21 3.2059e-02 0.0000e+00 9.7029e+04 0.0000e+00
4.4500e+03 4.3317e-12 7.7789e-01 1.3246e+03 2.0144e+03 4.4000e+03 1.1473e+21 1.0272e+21 1.0272e+21 3.1953e-02 0.0000e+00 9.7321e+04 0.0000e+00
4.4600e+03 4.3151e-12 7.7748e-01 1.3242e+03 2.0139e+03 4.4000e+03 1.1573e+21 1.0342e+21 1.0342e+21 3.1847e-02 0.0000e+00 9.7613e+04 0.0000e+00
4.4700e+03 4.2985e-12 7.7706e-01 1.3239e+03 2.0134e+03 4.4000e+03 1.1674e+21 1.0413e+21 1.0413e+21 3.1742e-02 0.0000e+00 9.7907e+04 0.0000e+00
4.4800e+03 4.2820e-12 7.7665e-01 1.3236e+03 2.0129e+03 4.4000e+03 1.1776e+21 1.0484e+21 1.0484e+21 3.1637e-02 0.0000e+00 9.8201e+04 0.0000e+00
4.4900e+03 4.2656e-12 7.7624e-01 1.3233e+03 2.0124e+03 4.4000e+03 1.1879e+21 1.0555e+21 1.0555e+21 3.1532e-02 0.0000e+00 9.8496e+04 0.0000e+00
4.5000e+03 4.2492e-12 7.7582e-01 1.3229e+03 2.0120e+03 4.4000e+03 1.1983e+21 1.0627e+21 1.0627e+21 3.1428e-02 0.0000e+00 9.8792e+04 0.0000e+00
4.5100e+03 4.2329e-12 7.7541e-01 1.3226e+03 2.0115e+03 4.4000e+03 1.2087e+21 1.0699e+21 1.0699e+21 3.1324e-02 0.0000e+00 9.9089e+04 0.0000e+00
4.5200e+03 4.2166e-12 7.7499e-01 1.3223e+03 2.0110e+03 4.4000e+03 1.2193e+21 1.0772e+21 1.0772e+21 3.1220e-02 0.0000e+00 9.9387e+04 0.0000e+00
4.5300e+03 4.2004e-12 7.7458e-01 1.3220e+03 2.0105e+03 4.4000e+03 1.2299e+21 1.0845e+21 1.0845e+21 3.1117e-02 0.0000e+00 9.9686e+04 0.0000e+00
4.5400e+03 4.1843e-12 7.7416e-01 1.3217e+03 2.0100e+03 4.4000e+03 1.2407e+21 1.0919e+21 1.0919e+21 3.1014e-02 0.0000e+00 9.9986e+04 0.0000e+00
4.5500e+03 0.0000e+00 0.0000e+00 1.3213e+03 0.0000e+00 4.4000e+03 0.0000e+00 0.0000e+00 0.0000e+00 0.0000e+00 0.0000e+00 0.0000e+00 0.0000e+00
