0.0000e+00 4.8000e-11 6.7947e-01 1.7000e+03 2.5854e+03 4.4000e+03 1.9348e+18 2.2409e+18 2.2409e+18 4.0536e-01 0.0000e+00 1.0450e+04 0.0000e+00
1.0000e+01 4.7816e-11 6.5372e-01 1.6940e+03 2.5763e+03 4.4000e+03 1.7139e+18 2.4177e+18 2.4177e+18 4.1971e-01 0.0000e+00 1.0050e+04 0.0000e+00
2.0000e+01 4.7632e-11 6.7356e-01 1.6874e+03 2.5662e+03 4.4000e+03 1.8608e+18 2.6337e+18 2.6337e+18 4.0579e-01 0.0000e+00 1.0346e+04 0.0000e+00
3.0000e+01 4.7449e-11 6.9283e-01 1.6813e+03 2.5570e+03 4.4000e+03 2.0134e+18 2.8491e+18 2.8491e+18 3.9298e-01 0.0000e+00 1.0637e+04 0.0000e+00
4.0000e+01 4.7267e-11 7.1080e-01 1.6758e+03 2.5486e+03 4.4000e+03 2.1646e+18 3.0621e+18 3.0621e+18 3.8158e-01 0.0000e+00 1.0911e+04 0.0000e+00
5.0000e+01 4.7085e-11 7.2751e-01 1.6707e+03 2.5409e+03 4.4000e+03 2.3139e+18 3.2721e+18 3.2721e+18 3.7138e-01 0.0000e+00 1.1170e+04 0.0000e+00
6.0000e+01 4.6905e-11 7.4306e-01 1.6661e+03 2.5338e+03 4.4000e+03 2.4608e+18 3.4786e+18 3.4786e+18 3.6221e-01 0.0000e+00 1.1414e+04 0.0000e+00
7.0000e+01 4.6725e-11 7.5751e-01 1.6618e+03 2.5274e+03 4.4000e+03 2.6049e+18 3.6811e+18 3.6811e+18 3.5394e-01 0.0000e+00 1.1645e+04 0.0000e+00
8.0000e+01 4.6545e-11 7.7093e-01 1.6579e+03 2.5214e+03 4.4000e+03 2.7461e+18 3.8793e+18 3.8793e+18 3.4644e-01 0.0000e+00 1.1863e+04 0.0000e+00
9.0000e+01 4.6366e-11 7.8340e-01 1.6543e+03 2.5159e+03 4.4000e+03 2.8842e+18 4.0729e+18 4.0729e+18 3.3962e-01 0.0000e+00 1.2069e+04 0.0000e+00
1.0000e+02 4.6188e-11 7.9498e-01 1.6509e+03 2.5107e+03 4.4000e+03 3.0190e+18 4.2618e+18 4.2618e+18 3.3339e-01 0.0000e+00 1.2264e+04 0.0000e+00
1.1000e+02 4.6011e-11 8.0573e-01 1.6478e+03 2.5060e+03 4.4000e+03 3.1505e+18 4.4459e+18 4.4459e+18 3.2768e-01 0.0000e+00 1.2449e+04 0.0000e+00
1.2000e+02 4.5834e-11 8.1571e-01 1.6449e+03 2.5015e+03 4.4000e+03 3.2786e+18 4.6252e+18 4.6252e+18 3.2243e-01 0.0000e+00 1.2625e+04 0.0000e+00
1.3000e+02 4.5658e-11 8.2496e-01 1.6421e+03 2.4974e+03 4.4000e+03 3.4035e+18 4.7997e+18 4.7997e+18 3.1758e-01 0.0000e+00 1.2792e+04 0.0000e+00
1.4000e+02 4.5483e-11 8.3355e-01 1.6396e+03 2.4935e+03 4.4000e+03 3.5249e+18 4.9694e+18 4.9694e+18 3.1311e-01 0.0000e+00 1.2950e+04 0.0000e+00
1.5000e+02 4.5308e-11 8.4151e-01 1.6372e+03 2.4899e+03 4.4000e+03 3.6432e+18 5.1345e+18 5.1345e+18 3.0895e-01 0.0000e+00 1.3101e+04 0.0000e+00
1.6000e+02 4.5134e-11 8.4889e-01 1.6350e+03 2.4865e+03 4.4000e+03 3.7583e+18 5.2950e+18 5.2950e+18 3.0509e-01 0.0000e+00 1.3245e+04 0.0000e+00
1.7000e+02 4.4961e-11 8.5574e-01 1.6329e+03 2.4833e+03 4.4000e+03 3.8703e+18 5.4512e+18 5.4512e+18 3.0149e-01 0.0000e+00 1.3382e+04 0.0000e+00
1.8000e+02 4.4788e-11 8.6209e-01 1.6309e+03 2.4802e+03 4.4000e+03 3.9793e+18 5.6031e+18 5.6031e+18 2.9812e-01 0.0000e+00 1.3514e+04 0.0000e+00
1.9000e+02 4.4616e-11 8.6797e-01 1.6290e+03 2.4774e+03 4.4000e+03 4.0855e+18 5.7510e+18 5.7510e+18 2.9496e-01 0.0000e+00 1.3639e+04 0.0000e+00
2.0000e+02 4.4445e-11 8.7342e-01 1.6272e+03 2.4747e+03 4.4000e+03 4.1889e+18 5.8950e+18 5.8950e+18 2.9199e-01 0.0000e+00 1.3759e+04 0.0000e+00
2.1000e+02 4.4274e-11 8.7848e-01 1.6255e+03 2.4721e+03 4.4000e+03 4.2898e+18 6.0353e+18 6.0353e+18 2.8920e-01 0.0000e+00 1.3875e+04 0.0000e+00
2.2000e+02 4.4104e-11 8.8316e-01 1.6239e+03 2.4696e+03 4.4000e+03 4.3881e+18 6.1721e+18 6.1721e+18 2.8656e-01 0.0000e+00 1.3986e+04 0.0000e+00
2.3000e+02 4.3935e-11 8.8749e-01 1.6224e+03 2.4673e+03 4.4000e+03 4.4841e+18 6.3055e+18 6.3055e+18 2.8406e-01 0.0000e+00 1.4092e+04 0.0000e+00
2.4000e+02 4.3766e-11 8.9151e-01 1.6209e+03 2.4651e+03 4.4000e+03 4.5779e+18 6.4359e+18 6.4359e+18 2.8170e-01 0.0000e+00 1.4195e+04 0.0000e+00
2.5000e+02 4.3598e-11 8.9523e-01 1.6195e+03 2.4630e+03 4.4000e+03 4.6697e+18 6.5632e+18 6.5632e+18 2.7945e-01 0.0000e+00 1.4294e+04 0.0000e+00
2.6000e+02 4.3431e-11 8.9868e-01 1.6182e+03 2.4609e+03 4.4000e+03 4.7594e+18 6.6878e+18 6.6878e+18 2.7731e-01 0.0000e+00 1.4390e+04 0.0000e+00
2.7000e+02 4.3264e-11 9.0187e-01 1.6169e+03 2.4590e+03 4.4000e+03 4.8473e+18 6.8098e+18 6.8098e+18 2.7527e-01 0.0000e+00 1.4483e+04 0.0000e+00
2.8000e+02 4.3098e-11 9.0483e-01 1.6156e+03 2.4571e+03 4.4000e+03 4.9335e+18 6.9294e+18 6.9294e+18 2.7331e-01 0.0000e+00 1.4573e+04 0.0000e+00
2.9000e+02 4.2932e-11 9.0756e-01 1.6144e+03 2.4553e+03 4.4000e+03 5.0182e+18 7.0467e+18 7.0467e+18 2.7145e-01 0.0000e+00 1.4660e+04 0.0000e+00
3.0000e+02 4.2768e-11 9.1009e-01 1.6133e+03 2.4535e+03 4.4000e+03 5.1013e+18 7.1619e+18 7.1619e+18 2.6965e-01 0.0000e+00 1.4745e+04 0.0000e+00
3.1000e+02 4.2603e-11 9.1243e-01 1.6122e+03 2.4518e+03 4.4000e+03 5.1830e+18 7.2751e+18 7.2751e+18 2.6793e-01 0.0000e+00 1.4827e+04 0.0000e+00
3.2000e+02 4.2440e-11 9.1460e-01 1.6111e+03 2.4502e+03 4.4000e+03 5.2635e+18 7.3866e+18 7.3866e+18 2.6626e-01 0.0000e+00 1.4907e+04 0.0000e+00
3.3000e+02 4.2277e-11 9.1660e-01 1.6101e+03 2.4486e+03 4.4000e+03 5.3428e+18 7.4964e+18 7.4964e+18 2.6466e-01 0.0000e+00 1.4986e+04 0.0000e+00
3.4000e+02 4.2114e-11 9.1845e-01 1.6091e+03 2.4471e+03 4.4000e+03 5.4211e+18 7.6047e+18 7.6047e+18 2.6311e-01 0.0000e+00 1.5063e+04 0.0000e+00
3.5000e+02 4.1953e-11 9.2017e-01 1.6081e+03 2.4456e+03 4.4000e+03 5.4983e+18 7.7115e+18 7.7115e+18 2.6162e-01 0.0000e+00 1.5138e+04 0.0000e+00
3.6000e+02 4.1792e-11 9.2175e-01 1.6071e+03 2.4441e+03 4.4000e+03 5.5747e+18 7.8172e+18 7.8172e+18 2.6016e-01 0.0000e+00 1.5211e+04 0.0000e+00
3.7000e+02 4.1631e-11 9.2321e-01 1.6062e+03 2.4427e+03 4.4000e+03 5.6503e+18 7.9216e+18 7.9216e+18 2.5876e-01 0.0000e+00 1.5283e+04 0.0000e+00
3.8000e+02 4.1471e-11 9.2456e-01 1.6053e+03 2.4413e+03 4.4000e+03 5.7251e+18 8.0250e+18 8.0250e+18 2.5739e-01 0.0000e+00 1.5354e+04 0.0000e+00
3.9000e+02 4.1312e-11 9.2580e-01 1.6044e+03 2.4400e+03 4.4000e+03 5.7993e+18 8.1275e+18 8.1275e+18 2.5605e-01 0.0000e+00 1.5423e+04 0.0000e+00
4.0000e+02 4.1153e-11 9.2695e-01 1.6035e+03 2.4386e+03 4.4000e+03 5.8729e+18 8.2292e+18 8.2292e+18 2.5475e-01 0.0000e+00 1.5492e+04 0.0000e+00
4.1000e+02 4.0995e-11 9.2801e-01 1.6027e+03 2.4374e+03 4.4000e+03 5.9460e+18 8.3301e+18 8.3301e+18 2.5349e-01 0.0000e+00 1.5559e+04 0.0000e+00
4.2000e+02 4.0838e-11 9.2898e-01 1.6018e+03 2.4361e+03 4.4000e+03 6.0187e+18 8.4304e+18 8.4304e+18 2.5225e-01 0.0000e+00 1.5625e+04 0.0000e+00
4.3000e+02 4.0681e-11 9.2988e-01 1.6010e+03 2.4348e+03 4.4000e+03 6.0909e+18 8.5301e+18 8.5301e+18 2.5104e-01 0.0000e+00 1.5691e+04 0.0000e+00
4.4000e+02 4.0525e-11 9.3070e-01 1.6002e+03 2.4336e+03 4.4000e+03 6.1629e+18 8.6293e+18 8.6293e+18 2.4985e-01 0.0000e+00 1.5756e+04 0.0000e+00
4.5000e+02 4.0369e-11 9.3146e-01 1.5994e+03 2.4324e+03 4.4000e+03 6.2345e+18 8.7282e+18 8.7282e+18 2.4869e-01 0.0000e+00 1.5820e+04 0.0000e+00
4.6000e+02 4.0214e-11 9.3215e-01 1.5986e+03 2.4312e+03 4.4000e+03 6.3060e+18 8.8267e+18 8.8267e+18 2.4755e-01 0.0000e+00 1.5883e+04 0.0000e+00
4.7000e+02 4.0060e-11 9.3279e-01 1.5979e+03 2.4300e+03 4.4000e+03 6.3773e+18 8.9249e+18 8.9249e+18 2.4643e-01 0.0000e+00 1.5946e+04 0.0000e+00
4.8000e+02 3.9906e-11 9.3337e-01 1.5971e+03 2.4289e+03 4.4000e+03 6.4484e+18 9.0230e+18 9.0230e+18 2.4533e-01 0.0000e+00 1.6008e+04 0.0000e+00
4.9000e+02 3.9753e-11 9.3390e-01 1.5964e+03 2.4278e+03 4.4000e+03 6.5195e+18 9.1209e+18 9.1209e+18 2.4425e-01 0.0000e+00 1.6070e+04 0.0000e+00
5.0000e+02 3.9600e-11 9.3439e-01 1.5956e+03 2.4266e+03 4.4000e+03 6.5906e+18 9.2187e+18 9.2187e+18 2.4319e-01 0.0000e+00 1.6131e+04 0.0000e+00
5.1000e+02 3.9448e-11 9.3483e-01 1.5949e+03 2.4255e+03 4.4000e+03 6.6616e+18 9.3165e+18 9.3165e+18 2.4214e-01 0.0000e+00 1.6192e+04 0.0000e+00
5.2000e+02 3.9297e-11 9.3523e-01 1.5942e+03 2.4244e+03 4.4000e+03 6.7327e+18 9.4143e+18 9.4143e+18 2.4111e-01 0.0000e+00 1.6252e+04 0.0000e+00
5.3000e+02 3.9146e-11 9.3559e-01 1.5934e+03 2.4233e+03 4.4000e+03 6.8039e+18 9.5123e+18 9.5123e+18 2.4009e-01 0.0000e+00 1.6312e+04 0.0000e+00
5.4000e+02 3.8995e-11 9.3592e-01 1.5927e+03 2.4223e+03 4.4000e+03 6.8752e+18 9.6103e+18 9.6103e+18 2.3908e-01 0.0000e+00 1.6372e+04 0.0000e+00
5.5000e+02 3.8846e-11 9.3622e-01 1.5920e+03 2.4212e+03 4.4000e+03 6.9466e+18 9.7086e+18 9.7086e+18 2.3809e-01 0.0000e+00 1.6431e+04 0.0000e+00
5.6000e+02 3.8696e-11 9.3648e-01 1.5913e+03 2.4201e+03 4.4000e+03 7.0183e+18 9.8070e+18 9.8070e+18 2.3711e-01 0.0000e+00 1.6491e+04 0.0000e+00
5.7000e+02 3.8548e-11 9.3672e-01 1.5906e+03 2.4191e+03 4.4000e+03 7.0901e+18 9.9057e+18 9.9057e+18 2.3614e-01 0.0000e+00 1.6550e+04 0.0000e+00
5.8000e+02 3.8400e-11 9.3693e-01 1.5900e+03 2.4180e+03 4.4000e+03 7.1622e+18 1.0005e+19 1.0005e+19 2.3518e-01 0.0000e+00 1.6608e+04 0.0000e+00
5.9000e+02 3.8252e-11 9.3711e-01 1.5893e+03 2.4170e+03 4.4000e+03 7.2345e+18 1.0104e+19 1.0104e+19 2.3423e-01 0.0000e+00 1.6667e+04 0.0000e+00
6.0000e+02 3.8105e-11 9.3728e-01 1.5886e+03 2.4160e+03 4.4000e+03 7.3071e+18 1.0204e+19 1.0204e+19 2.3329e-01 0.0000e+00 1.6725e+04 0.0000e+00
6.1000e+02 3.7959e-11 9.3742e-01 1.5879e+03 2.4150e+03 4.4000e+03 7.3801e+18 1.0304e+19 1.0304e+19 2.3236e-01 0.0000e+00 1.6784e+04 0.0000e+00
6.2000e+02 3.7813e-11 9.3754e-01 1.5873e+03 2.4139e+03 4.4000e+03 7.4534e+18 1.0404e+19 1.0404e+19 2.3143e-01 0.0000e+00 1.6842e+04 0.0000e+00
6.3000e+02 3.7668e-11 9.3764e-01 1.5866e+03 2.4129e+03 4.4000e+03 7.5270e+18 1.0505e+19 1.0505e+19 2.3052e-01 0.0000e+00 1.6900e+04 0.0000e+00
6.4000e+02 3.7524e-11 9.3773e-01 1.5860e+03 2.4119e+03 4.4000e+03 7.6010e+18 1.0607e+19 1.0607e+19 2.2961e-01 0.0000e+00 1.6958e+04 0.0000e+00
6.5000e+02 3.7379e-11 9.3780e-01 1.5853e+03 2.4109e+03 4.4000e+03 7.6755e+18 1.0709e+19 1.0709e+19 2.2872e-01 0.0000e+00 1.7016e+04 0.0000e+00
6.6000e+02 3.7236e-11 9.3785e-01 1.5846e+03 2.4100e+03 4.4000e+03 7.7503e+18 1.0812e+19 1.0812e+19 2.2782e-01 0.0000e+00 1.7074e+04 0.0000e+00
6.7000e+02 3.7093e-11 9.3789e-01 1.5840e+03 2.4090e+03 4.4000e+03 7.8256e+18 1.0915e+19 1.0915e+19 2.2694e-01 0.0000e+00 1.7132e+04 0.0000e+00
6.8000e+02 3.6950e-11 9.3792e-01 1.5834e+03 2.4080e+03 4.4000e+03 7.9013e+18 1.1018e+19 1.1018e+19 2.2606e-01 0.0000e+00 1.7190e+04 0.0000e+00
6.9000e+02 3.6809e-11 9.3793e-01 1.5827e+03 2.4070e+03 4.4000e+03 7.9776e+18 1.1123e+19 1.1123e+19 2.2519e-01 0.0000e+00 1.7248e+04 0.0000e+00
7.0000e+02 3.6667e-11 9.3793e-01 1.5821e+03 2.4060e+03 4.4000e+03 8.0543e+18 1.1228e+19 1.1228e+19 2.2433e-01 0.0000e+00 1.7306e+04 0.0000e+00
7.1000e+02 3.6526e-11 9.3792e-01 1.5814e+03 2.4051e+03 4.4000e+03 8.1315e+18 1.1334e+19 1.1334e+19 2.2347e-01 0.0000e+00 1.7364e+04 0.0000e+00
7.2000e+02 3.6386e-11 9.3790e-01 1.5808e+03 2.4041e+03 4.4000e+03 8.2092e+18 1.1440e+19 1.1440e+19 2.2261e-01 0.0000e+00 1.7422e+04 0.0000e+00
7.3000e+02 3.6246e-11 9.3787e-01 1.5802e+03 2.4031e+03 4.4000e+03 8.2875e+18 1.1547e+19 1.1547e+19 2.2177e-01 0.0000e+00 1.7480e+04 0.0000e+00
7.4000e+02 3.6107e-11 9.3784e-01 1.5795e+03 2.4022e+03 4.4000e+03 8.3664e+18 1.1655e+19 1.1655e+19 2.2092e-01 0.0000e+00 1.7538e+04 0.0000e+00
7.5000e+02 3.5969e-11 9.3779e-01 1.5789e+03 2.4012e+03 4.4000e+03 8.4458e+18 1.1763e+19 1.1763e+19 2.2008e-01 0.0000e+00 1.7596e+04 0.0000e+00
7.6000e+02 3.5830e-11 9.3774e-01 1.5783e+03 2.4003e+03 4.4000e+03 8.5258e+18 1.1873e+19 1.1873e+19 2.1925e-01 0.0000e+00 1.7655e+04 0.0000e+00
7.7000e+02 3.5693e-11 9.3768e-01 1.5777e+03 2.3993e+03 4.4000e+03 8.6064e+18 1.1983e+19 1.1983e+19 2.1842e-01 0.0000e+00 1.7713e+04 0.0000e+00
7.8000e+02 3.5556e-11 9.3761e-01 1.5770e+03 2.3984e+03 4.4000e+03 8.6876e+18 1.2093e+19 1.2093e+19 2.1760e-01 0.0000e+00 1.7771e+04 0.0000e+00
7.9000e+02 3.5419e-11 9.3753e-01 1.5764e+03 2.3974e+03 4.4000e+03 8.7694e+18 1.2205e+19 1.2205e+19 2.1678e-01 0.0000e+00 1.7830e+04 0.0000e+00
8.0000e+02 3.5283e-11 9.3745e-01 1.5758e+03 2.3965e+03 4.4000e+03 8.8518e+18 1.2318e+19 1.2318e+19 2.1597e-01 0.0000e+00 1.7888e+04 0.0000e+00
8.1000e+02 3.5148e-11 9.3737e-01 1.5752e+03 2.3955e+03 4.4000e+03 8.9349e+18 1.2431e+19 1.2431e+19 2.1516e-01 0.0000e+00 1.7947e+04 0.0000e+00
8.2000e+02 3.5013e-11 9.3728e-01 1.5746e+03 2.3946e+03 4.4000e+03 9.0187e+18 1.2545e+19 1.2545e+19 2.1435e-01 0.0000e+00 1.8006e+04 0.0000e+00
8.3000e+02 3.4878e-11 9.3718e-01 1.5739e+03 2.3937e+03 4.4000e+03 9.1031e+18 1.2660e+19 1.2660e+19 2.1355e-01 0.0000e+00 1.8065e+04 0.0000e+00
8.4000e+02 3.4744e-11 9.3708e-01 1.5733e+03 2.3927e+03 4.4000e+03 9.1882e+18 1.2776e+19 1.2776e+19 2.1276e-01 0.0000e+00 1.8124e+04 0.0000e+00
8.5000e+02 3.4611e-11 9.3697e-01 1.5727e+03 2.3918e+03 4.4000e+03 9.2740e+18 1.2893e+19 1.2893e+19 2.1196e-01 0.0000e+00 1.8183e+04 0.0000e+00
8.6000e+02 3.4478e-11 9.3686e-01 1.5721e+03 2.3909e+03 4.4000e+03 9.3605e+18 1.3011e+19 1.3011e+19 2.1117e-01 0.0000e+00 1.8242e+04 0.0000e+00
8.7000e+02 3.4346e-11 9.3675e-01 1.5715e+03 2.3899e+03 4.4000e+03 9.4477e+18 1.3130e+19 1.3130e+19 2.1039e-01 0.0000e+00 1.8302e+04 0.0000e+00
8.8000e+02 3.4214e-11 9.3663e-01 1.5709e+03 2.3890e+03 4.4000e+03 9.5357e+18 1.3249e+19 1.3249e+19 2.0961e-01 0.0000e+00 1.8361e+04 0.0000e+00
8.9000e+02 3.4082e-11 9.3651e-01 1.5703e+03 2.3881e+03 4.4000e+03 9.6243e+18 1.3370e+19 1.3370e+19 2.0883e-01 0.0000e+00 1.8421e+04 0.0000e+00
9.0000e+02 3.3952e-11 9.3638e-01 1.5697e+03 2.3872e+03 4.4000e+03 9.7138e+18 1.3492e+19 1.3492e+19 2.0806e-01 0.0000e+00 1.8481e+04 0.0000e+00
9.1000e+02 3.3821e-11 9.3625e-01 1.5691e+03 2.3862e+03 4.4000e+03 9.8039e+18 1.3614e+19 1.3614e+19 2.0728e-01 0.0000e+00 1.8540e+04 0.0000e+00
9.2000e+02 3.3691e-11 9.3612e-01 1.5684e+03 2.3853e+03 4.4000e+03 9.8949e+18 1.3738e+19 1.3738e+19 2.0652e-01 0.0000e+00 1.8601e+04 0.0000e+00
9.3000e+02 3.3562e-11 9.3599e-01 1.5678e+03 2.3844e+03 4.4000e+03 9.9866e+18 1.3862e+19 1.3862e+19 2.0575e-01 0.0000e+00 1.8661e+04 0.0000e+00
9.4000e+02 3.3433e-11 9.3585e-01 1.5672e+03 2.3835e+03 4.4000e+03 1.0079e+19 1.3988e+19 1.3988e+19 2.0499e-01 0.0000e+00 1.8721e+04 0.0000e+00
9.5000e+02 3.3305e-11 9.3571e-01 1.5666e+03 2.3826e+03 4.4000e+03 1.0172e+19 1.4115e+19 1.4115e+19 2.0424e-01 0.0000e+00 1.8782e+04 0.0000e+00
9.6000e+02 3.3177e-11 9.3557e-01 1.5660e+03 2.3816e+03 4.4000e+03 1.0266e+19 1.4242e+19 1.4242e+19 2.0348e-01 0.0000e+00 1.8842e+04 0.0000e+00
9.7000e+02 3.3049e-11 9.3543e-01 1.5654e+03 2.3807e+03 4.4000e+03 1.0361e+19 1.4371e+19 1.4371e+19 2.0273e-01 0.0000e+00 1.8903e+04 0.0000e+00
9.8000e+02 3.2923e-11 9.3528e-01 1.5648e+03 2.3798e+03 4.4000e+03 1.0457e+19 1.4501e+19 1.4501e+19 2.0199e-01 0.0000e+00 1.8964e+04 0.0000e+00
9.9000e+02 3.2796e-11 9.3514e-01 1.5642e+03 2.3789e+03 4.4000e+03 1.0554e+19 1.4632e+19 1.4632e+19 2.0124e-01 0.0000e+00 1.9025e+04 0.0000e+00
1.0000e+03 3.2670e-11 9.3499e-01 1.5636e+03 2.3780e+03 4.4000e+03 1.0651e+19 1.4764e+19 1.4764e+19 2.0050e-01 0.0000e+00 1.9087e+04 0.0000e+00
1.0100e+03 3.2545e-11 9.3484e-01 1.5630e+03 2.3771e+03 4.4000e+03 1.0749e+19 1.4897e+19 1.4897e+19 1.9976e-01 0.0000e+00 1.9148e+04 0.0000e+00
1.0200e+03 3.2420e-11 9.3468e-01 1.5624e+03 2.3762e+03 4.4000e+03 1.0848e+19 1.5031e+19 1.5031e+19 1.9903e-01 0.0000e+00 1.9210e+04 0.0000e+00
1.0300e+03 3.2295e-11 9.3453e-01 1.5619e+03 2.3753e+03 4.4000e+03 1.0948e+19 1.5167e+19 1.5167e+19 1.9830e-01 0.0000e+00 1.9272e+04 0.0000e+00
1.0400e+03 3.2171e-11 9.3437e-01 1.5613e+03 2.3744e+03 4.4000e+03 1.1049e+19 1.5303e+19 1.5303e+19 1.9757e-01 0.0000e+00 1.9334e+04 0.0000e+00
1.0500e+03 3.2048e-11 9.3421e-01 1.5607e+03 2.3735e+03 4.4000e+03 1.1151e+19 1.5441e+19 1.5441e+19 1.9684e-01 0.0000e+00 1.9396e+04 0.0000e+00
1.0600e+03 3.1925e-11 9.3405e-01 1.5601e+03 2.3726e+03 4.4000e+03 1.1254e+19 1.5580e+19 1.5580e+19 1.9612e-01 0.0000e+00 1.9458e+04 0.0000e+00
1.0700e+03 3.1802e-11 9.3389e-01 1.5595e+03 2.3717e+03 4.4000e+03 1.1357e+19 1.5720e+19 1.5720e+19 1.9540e-01 0.0000e+00 1.9521e+04 0.0000e+00
1.0800e+03 3.1680e-11 9.3373e-01 1.5589e+03 2.3708e+03 4.4000e+03 1.1462e+19 1.5861e+19 1.5861e+19 1.9469e-01 0.0000e+00 1.9584e+04 0.0000e+00
1.0900e+03 3.1558e-11 9.3357e-01 1.5583e+03 2.3699e+03 4.4000e+03 1.1567e+19 1.6004e+19 1.6004e+19 1.9397e-01 0.0000e+00 1.9647e+04 0.0000e+00
1.1000e+03 3.1437e-11 9.3340e-01 1.5577e+03 2.3690e+03 4.4000e+03 1.1674e+19 1.6147e+19 1.6147e+19 1.9326e-01 0.0000e+00 1.9710e+04 0.0000e+00
1.1100e+03 3.1316e-11 9.3323e-01 1.5571e+03 2.3681e+03 4.4000e+03 1.1781e+19 1.6292e+19 1.6292e+19 1.9255e-01 0.0000e+00 1.9773e+04 0.0000e+00
1.1200e+03 3.1196e-11 9.3307e-01 1.5565e+03 2.3672e+03 4.4000e+03 1.1889e+19 1.6438e+19 1.6438e+19 1.9185e-01 0.0000e+00 1.9836e+04 0.0000e+00
1.1300e+03 3.1076e-11 9.3290e-01 1.5559e+03 2.3663e+03 4.4000e+03 1.1998e+19 1.6586e+19 1.6586e+19 1.9115e-01 0.0000e+00 1.9900e+04 0.0000e+00
1.1400e+03 3.0957e-11 9.3273e-01 1.5554e+03 2.3654e+03 4.4000e+03 1.2109e+19 1.6734e+19 1.6734e+19 1.9045e-01 0.0000e+00 1.9964e+04 0.0000e+00
1.1500e+03 3.0838e-11 9.3256e-01 1.5548e+03 2.3645e+03 4.4000e+03 1.2220e+19 1.6884e+19 1.6884e+19 1.8975e-01 0.0000e+00 2.0028e+04 0.0000e+00
1.1600e+03 3.0720e-11 9.3239e-01 1.5542e+03 2.3636e+03 4.4000e+03 1.2332e+19 1.7035e+19 1.7035e+19 1.8906e-01 0.0000e+00 2.0092e+04 0.0000e+00
1.1700e+03 3.0602e-11 9.3221e-01 1.5536e+03 2.3627e+03 4.4000e+03 1.2445e+19 1.7188e+19 1.7188e+19 1.8837e-01 0.0000e+00 2.0156e+04 0.0000e+00
1.1800e+03 3.0484e-11 9.3204e-01 1.5530e+03 2.3618e+03 4.4000e+03 1.2559e+19 1.7342e+19 1.7342e+19 1.8768e-01 0.0000e+00 2.0221e+04 0.0000e+00
1.1900e+03 3.0367e-11 9.3187e-01 1.5524e+03 2.3609e+03 4.4000e+03 1.2675e+19 1.7497e+19 1.7497e+19 1.8699e-01 0.0000e+00 2.0286e+04 0.0000e+00
1.2000e+03 3.0251e-11 9.3169e-01 1.5518e+03 2.3601e+03 4.4000e+03 1.2791e+19 1.7653e+19 1.7653e+19 1.8631e-01 0.0000e+00 2.0351e+04 0.0000e+00
1.2100e+03 3.0134e-11 9.3152e-01 1.5513e+03 2.3592e+03 4.4000e+03 1.2908e+19 1.7811e+19 1.7811e+19 1.8563e-01 0.0000e+00 2.0416e+04 0.0000e+00
1.2200e+03 3.0019e-11 9.3134e-01 1.5507e+03 2.3583e+03 4.4000e+03 1.3027e+19 1.7970e+19 1.7970e+19 1.8495e-01 0.0000e+00 2.0481e+04 0.0000e+00
1.2300e+03 2.9903e-11 9.3116e-01 1.5501e+03 2.3574e+03 4.4000e+03 1.3146e+19 1.8131e+19 1.8131e+19 1.8428e-01 0.0000e+00 2.0547e+04 0.0000e+00
1.2400e+03 2.9789e-11 9.3098e-01 1.5495e+03 2.3565e+03 4.4000e+03 1.3267e+19 1.8293e+19 1.8293e+19 1.8360e-01 0.0000e+00 2.0613e+04 0.0000e+00
1.2500e+03 2.9674e-11 9.3080e-01 1.5489e+03 2.3556e+03 4.4000e+03 1.3388e+19 1.8456e+19 1.8456e+19 1.8293e-01 0.0000e+00 2.0679e+04 0.0000e+00
1.2600e+03 2.9560e-11 9.3062e-01 1.5484e+03 2.3548e+03 4.4000e+03 1.3511e+19 1.8621e+19 1.8621e+19 1.8227e-01 0.0000e+00 2.0745e+04 0.0000e+00
1.2700e+03 2.9447e-11 9.3044e-01 1.5478e+03 2.3539e+03 4.4000e+03 1.3635e+19 1.8787e+19 1.8787e+19 1.8160e-01 0.0000e+00 2.0811e+04 0.0000e+00
1.2800e+03 2.9334e-11 9.3026e-01 1.5472e+03 2.3530e+03 4.4000e+03 1.3760e+19 1.8954e+19 1.8954e+19 1.8094e-01 0.0000e+00 2.0878e+04 0.0000e+00
1.2900e+03 2.9221e-11 9.3008e-01 1.5466e+03 2.3521e+03 4.4000e+03 1.3886e+19 1.9123e+19 1.9123e+19 1.8028e-01 0.0000e+00 2.0944e+04 0.0000e+00
1.3000e+03 2.9109e-11 9.2990e-01 1.5460e+03 2.3512e+03 4.4000e+03 1.4013e+19 1.9294e+19 1.9294e+19 1.7962e-01 0.0000e+00 2.1011e+04 0.0000e+00
1.3100e+03 2.8997e-11 9.2971e-01 1.5455e+03 2.3504e+03 4.4000e+03 1.4141e+19 1.9466e+19 1.9466e+19 1.7897e-01 0.0000e+00 2.1079e+04 0.0000e+00
1.3200e+03 2.8886e-11 9.2953e-01 1.5449e+03 2.3495e+03 4.4000e+03 1.4271e+19 1.9639e+19 1.9639e+19 1.7832e-01 0.0000e+00 2.1146e+04 0.0000e+00
1.3300e+03 2.8775e-11 9.2934e-01 1.5443e+03 2.3486e+03 4.4000e+03 1.4401e+19 1.9814e+19 1.9814e+19 1.7767e-01 0.0000e+00 2.1214e+04 0.0000e+00
1.3400e+03 2.8664e-11 9.2916e-01 1.5437e+03 2.3477e+03 4.4000e+03 1.4533e+19 1.9990e+19 1.9990e+19 1.7702e-01 0.0000e+00 2.1281e+04 0.0000e+00
1.3500e+03 2.8554e-11 9.2897e-01 1.5432e+03 2.3469e+03 4.4000e+03 1.4666e+19 2.0168e+19 2.0168e+19 1.7638e-01 0.0000e+00 2.1349e+04 0.0000e+00
1.3600e+03 2.8445e-11 9.2879e-01 1.5426e+03 2.3460e+03 4.4000e+03 1.4800e+19 2.0348e+19 2.0348e+19 1.7573e-01 0.0000e+00 2.1417e+04 0.0000e+00
1.3700e+03 2.8335e-11 9.2860e-01 1.5420e+03 2.3451e+03 4.4000e+03 1.4936e+19 2.0529e+19 2.0529e+19 1.7509e-01 0.0000e+00 2.1486e+04 0.0000e+00
1.3800e+03 2.8226e-11 9.2841e-01 1.5414e+03 2.3442e+03 4.4000e+03 1.5073e+19 2.0711e+19 2.0711e+19 1.7446e-01 0.0000e+00 2.1555e+04 0.0000e+00
1.3900e+03 2.8118e-11 9.2822e-01 1.5409e+03 2.3434e+03 4.4000e+03 1.5211e+19 2.0895e+19 2.0895e+19 1.7382e-01 0.0000e+00 2.1623e+04 0.0000e+00
1.4000e+03 2.8010e-11 9.2803e-01 1.5403e+03 2.3425e+03 4.4000e+03 1.5350e+19 2.1081e+19 2.1081e+19 1.7319e-01 0.0000e+00 2.1692e+04 0.0000e+00
1.4100e+03 2.7903e-11 9.2785e-01 1.5397e+03 2.3416e+03 4.4000e+03 1.5490e+19 2.1268e+19 2.1268e+19 1.7256e-01 0.0000e+00 2.1762e+04 0.0000e+00
1.4200e+03 2.7795e-11 9.2766e-01 1.5392e+03 2.3408e+03 4.4000e+03 1.5632e+19 2.1457e+19 2.1457e+19 1.7193e-01 0.0000e+00 2.1831e+04 0.0000e+00
1.4300e+03 2.7689e-11 9.2746e-01 1.5386e+03 2.3399e+03 4.4000e+03 1.5775e+19 2.1648e+19 2.1648e+19 1.7131e-01 0.0000e+00 2.1901e+04 0.0000e+00
1.4400e+03 2.7582e-11 9.2727e-01 1.5380e+03 2.3390e+03 4.4000e+03 1.5919e+19 2.1840e+19 2.1840e+19 1.7069e-01 0.0000e+00 2.1971e+04 0.0000e+00
1.4500e+03 2.7476e-11 9.2708e-01 1.5375e+03 2.3382e+03 4.4000e+03 1.6065e+19 2.2034e+19 2.2034e+19 1.7006e-01 0.0000e+00 2.2041e+04 0.0000e+00
1.4600e+03 2.7371e-11 9.2689e-01 1.5369e+03 2.3373e+03 4.4000e+03 1.6211e+19 2.2229e+19 2.2229e+19 1.6945e-01 0.0000e+00 2.2111e+04 0.0000e+00
1.4700e+03 2.7266e-11 9.2670e-01 1.5363e+03 2.3364e+03 4.4000e+03 1.6360e+19 2.2426e+19 2.2426e+19 1.6883e-01 0.0000e+00 2.2182e+04 0.0000e+00
1.4800e+03 2.7161e-11 9.2650e-01 1.5358e+03 2.3356e+03 4.4000e+03 1.6509e+19 2.2625e+19 2.2625e+19 1.6822e-01 0.0000e+00 2.2252e+04 0.0000e+00
1.4900e+03 2.7057e-11 9.2631e-01 1.5352e+03 2.3347e+03 4.4000e+03 1.6660e+19 2.2826e+19 2.2826e+19 1.6761e-01 0.0000e+00 2.2323e+04 0.0000e+00
1.5000e+03 2.6953e-11 9.2612e-01 1.5346e+03 2.3339e+03 4.4000e+03 1.6812e+19 2.3028e+19 2.3028e+19 1.6700e-01 0.0000e+00 2.2395e+04 0.0000e+00
1.5100e+03 2.6849e-11 9.2592e-01 1.5341e+03 2.3330e+03 4.4000e+03 1.6966e+19 2.3232e+19 2.3232e+19 1.6639e-01 0.0000e+00 2.2466e+04 0.0000e+00
1.5200e+03 2.6746e-11 9.2572e-01 1.5335e+03 2.3321e+03 4.4000e+03 1.7121e+19 2.3438e+19 2.3438e+19 1.6579e-01 0.0000e+00 2.2538e+04 0.0000e+00
1.5300e+03 2.6644e-11 9.2553e-01 1.5329e+03 2.3313e+03 4.4000e+03 1.7277e+19 2.3646e+19 2.3646e+19 1.6519e-01 0.0000e+00 2.2609e+04 0.0000e+00
1.5400e+03 2.6541e-11 9.2533e-01 1.5324e+03 2.3304e+03 4.4000e+03 1.7435e+19 2.3855e+19 2.3855e+19 1.6459e-01 0.0000e+00 2.2681e+04 0.0000e+00
1.5500e+03 2.6439e-11 9.2514e-01 1.5318e+03 2.3296e+03 4.4000e+03 1.7595e+19 2.4066e+19 2.4066e+19 1.6399e-01 0.0000e+00 2.2754e+04 0.0000e+00
1.5600e+03 2.6338e-11 9.2494e-01 1.5312e+03 2.3287e+03 4.4000e+03 1.7755e+19 2.4279e+19 2.4279e+19 1.6340e-01 0.0000e+00 2.2826e+04 0.0000e+00
1.5700e+03 2.6237e-11 9.2474e-01 1.5307e+03 2.3279e+03 4.4000e+03 1.7917e+19 2.4494e+19 2.4494e+19 1.6280e-01 0.0000e+00 2.2899e+04 0.0000e+00
1.5800e+03 2.6136e-11 9.2454e-01 1.5301e+03 2.3270e+03 4.4000e+03 1.8081e+19 2.4711e+19 2.4711e+19 1.6221e-01 0.0000e+00 2.2972e+04 0.0000e+00
1.5900e+03 2.6036e-11 9.2434e-01 1.5296e+03 2.3262e+03 4.4000e+03 1.8246e+19 2.4929e+19 2.4929e+19 1.6162e-01 0.0000e+00 2.3045e+04 0.0000e+00
1.6000e+03 2.5936e-11 9.2414e-01 1.5290e+03 2.3253e+03 4.4000e+03 1.8413e+19 2.5149e+19 2.5149e+19 1.6104e-01 0.0000e+00 2.3119e+04 0.0000e+00
1.6100e+03 2.5836e-11 9.2394e-01 1.5284e+03 2.3245e+03 4.4000e+03 1.8581e+19 2.5372e+19 2.5372e+19 1.6046e-01 0.0000e+00 2.3192e+04 0.0000e+00
1.6200e+03 2.5737e-11 9.2374e-01 1.5279e+03 2.3236e+03 4.4000e+03 1.8751e+19 2.5596e+19 2.5596e+19 1.5987e-01 0.0000e+00 2.3266e+04 0.0000e+00
1.6300e+03 2.5638e-11 9.2354e-01 1.5273e+03 2.3228e+03 4.4000e+03 1.8922e+19 2.5822e+19 2.5822e+19 1.5929e-01 0.0000e+00 2.3340e+04 0.0000e+00
1.6400e+03 2.5540e-11 9.2334e-01 1.5268e+03 2.3219e+03 4.4000e+03 1.9094e+19 2.6050e+19 2.6050e+19 1.5872e-01 0.0000e+00 2.3414e+04 0.0000e+00
1.6500e+03 2.5441e-11 9.2314e-01 1.5262e+03 2.3211e+03 4.4000e+03 1.9269e+19 2.6280e+19 2.6280e+19 1.5814e-01 0.0000e+00 2.3489e+04 0.0000e+00
1.6600e+03 2.5344e-11 9.2294e-01 1.5256e+03 2.3202e+03 4.4000e+03 1.9445e+19 2.6512e+19 2.6512e+19 1.5757e-01 0.0000e+00 2.3564e+04 0.0000e+00
1.6700e+03 2.5246e-11 9.2273e-01 1.5251e+03 2.3194e+03 4.4000e+03 1.9622e+19 2.6746e+19 2.6746e+19 1.5700e-01 0.0000e+00 2.3639e+04 0.0000e+00
1.6800e+03 2.5150e-11 9.2253e-01 1.5245e+03 2.3185e+03 4.4000e+03 1.9801e+19 2.6982e+19 2.6982e+19 1.5643e-01 0.0000e+00 2.3714e+04 0.0000e+00
1.6900e+03 2.5053e-11 9.2233e-01 1.5240e+03 2.3177e+03 4.4000e+03 1.9982e+19 2.7220e+19 2.7220e+19 1.5586e-01 0.0000e+00 2.3789e+04 0.0000e+00
1.7000e+03 2.4957e-11 9.2212e-01 1.5234e+03 2.3168e+03 4.4000e+03 2.0164e+19 2.7460e+19 2.7460e+19 1.5530e-01 0.0000e+00 2.3865e+04 0.0000e+00
1.7100e+03 2.4861e-11 9.2192e-01 1.5229e+03 2.3160e+03 4.4000e+03 2.0348e+19 2.7702e+19 2.7702e+19 1.5474e-01 0.0000e+00 2.3941e+04 0.0000e+00
1.7200e+03 2.4765e-11 9.2171e-01 1.5223e+03 2.3152e+03 4.4000e+03 2.0534e+19 2.7946e+19 2.7946e+19 1.5418e-01 0.0000e+00 2.4017e+04 0.0000e+00
1.7300e+03 2.4670e-11 9.2150e-01 1.5218e+03 2.3143e+03 4.4000e+03 2.0721e+19 2.8192e+19 2.8192e+19 1.5362e-01 0.0000e+00 2.4094e+04 0.0000e+00
1.7400e+03 2.4576e-11 9.2130e-01 1.5212e+03 2.3135e+03 4.4000e+03 2.0910e+19 2.8440e+19 2.8440e+19 1.5307e-01 0.0000e+00 2.4170e+04 0.0000e+00
1.7500e+03 2.4481e-11 9.2109e-01 1.5207e+03 2.3126e+03 4.4000e+03 2.1101e+19 2.8691e+19 2.8691e+19 1.5251e-01 0.0000e+00 2.4247e+04 0.0000e+00
1.7600e+03 2.4387e-11 9.2088e-01 1.5201e+03 2.3118e+03 4.4000e+03 2.1293e+19 2.8943e+19 2.8943e+19 1.5196e-01 0.0000e+00 2.4324e+04 0.0000e+00
1.7700e+03 2.4294e-11 9.2068e-01 1.5196e+03 2.3110e+03 4.4000e+03 2.1487e+19 2.9198e+19 2.9198e+19 1.5141e-01 0.0000e+00 2.4402e+04 0.0000e+00
1.7800e+03 2.4200e-11 9.2047e-01 1.5190e+03 2.3101e+03 4.4000e+03 2.1683e+19 2.9455e+19 2.9455e+19 1.5086e-01 0.0000e+00 2.4479e+04 0.0000e+00
1.7900e+03 2.4107e-11 9.2026e-01 1.5185e+03 2.3093e+03 4.4000e+03 2.1881e+19 2.9714e+19 2.9714e+19 1.5032e-01 0.0000e+00 2.4557e+04 0.0000e+00
1.8000e+03 2.4015e-11 9.2005e-01 1.5179e+03 2.3085e+03 4.4000e+03 2.2080e+19 2.9975e+19 2.9975e+19 1.4978e-01 0.0000e+00 2.4635e+04 0.0000e+00
1.8100e+03 2.3923e-11 9.1984e-01 1.5174e+03 2.3076e+03 4.4000e+03 2.2282e+19 3.0238e+19 3.0238e+19 1.4923e-01 0.0000e+00 2.4713e+04 0.0000e+00
1.8200e+03 2.3831e-11 9.1963e-01 1.5168e+03 2.3068e+03 4.4000e+03 2.2485e+19 3.0504e+19 3.0504e+19 1.4870e-01 0.0000e+00 2.4792e+04 0.0000e+00
1.8300e+03 2.3739e-11 9.1942e-01 1.5163e+03 2.3060e+03 4.4000e+03 2.2690e+19 3.0772e+19 3.0772e+19 1.4816e-01 0.0000e+00 2.4871e+04 0.0000e+00
1.8400e+03 2.3648e-11 9.1921e-01 1.5157e+03 2.3051e+03 4.4000e+03 2.2896e+19 3.1042e+19 3.1042e+19 1.4762e-01 0.0000e+00 2.4950e+04 0.0000e+00
1.8500e+03 2.3557e-11 9.1900e-01 1.5152e+03 2.3043e+03 4.4000e+03 2.3105e+19 3.1315e+19 3.1315e+19 1.4709e-01 0.0000e+00 2.5029e+04 0.0000e+00
1.8600e+03 2.3467e-11 9.1878e-01 1.5146e+03 2.3035e+03 4.4000e+03 2.3315e+19 3.1590e+19 3.1590e+19 1.4656e-01 0.0000e+00 2.5109e+04 0.0000e+00
1.8700e+03 2.3377e-11 9.1857e-01 1.5141e+03 2.3026e+03 4.4000e+03 2.3528e+19 3.1867e+19 3.1867e+19 1.4603e-01 0.0000e+00 2.5188e+04 0.0000e+00
1.8800e+03 2.3287e-11 9.1836e-01 1.5135e+03 2.3018e+03 4.4000e+03 2.3742e+19 3.2146e+19 3.2146e+19 1.4550e-01 0.0000e+00 2.5268e+04 0.0000e+00
1.8900e+03 2.3197e-11 9.1814e-01 1.5130e+03 2.3010e+03 4.4000e+03 2.3959e+19 3.2428e+19 3.2428e+19 1.4498e-01 0.0000e+00 2.5349e+04 0.0000e+00
1.9000e+03 2.3108e-11 9.1793e-01 1.5124e+03 2.3002e+03 4.4000e+03 2.4177e+19 3.2713e+19 3.2713e+19 1.4446e-01 0.0000e+00 2.5429e+04 0.0000e+00
1.9100e+03 2.3020e-11 9.1772e-01 1.5119e+03 2.2993e+03 4.4000e+03 2.4397e+19 3.2999e+19 3.2999e+19 1.4393e-01 0.0000e+00 2.5510e+04 0.0000e+00
1.9200e+03 2.2931e-11 9.1750e-01 1.5114e+03 2.2985e+03 4.4000e+03 2.4619e+19 3.3289e+19 3.3289e+19 1.4341e-01 0.0000e+00 2.5591e+04 0.0000e+00
1.9300e+03 2.2843e-11 9.1729e-01 1.5108e+03 2.2977e+03 4.4000e+03 2.4843e+19 3.3580e+19 3.3580e+19 1.4290e-01 0.0000e+00 2.5672e+04 0.0000e+00
1.9400e+03 2.2756e-11 9.1707e-01 1.5103e+03 2.2969e+03 4.4000e+03 2.5070e+19 3.3874e+19 3.3874e+19 1.4238e-01 0.0000e+00 2.5753e+04 0.0000e+00
1.9500e+03 2.2668e-11 9.1685e-01 1.5097e+03 2.2960e+03 4.4000e+03 2.5298e+19 3.4171e+19 3.4171e+19 1.4187e-01 0.0000e+00 2.5835e+04 0.0000e+00
1.9600e+03 2.2581e-11 9.1664e-01 1.5092e+03 2.2952e+03 4.4000e+03 2.5528e+19 3.4470e+19 3.4470e+19 1.4136e-01 0.0000e+00 2.5917e+04 0.0000e+00
1.9700e+03 2.2494e-11 9.1642e-01 1.5087e+03 2.2944e+03 4.4000e+03 2.5761e+19 3.4771e+19 3.4771e+19 1.4085e-01 0.0000e+00 2.5999e+04 0.0000e+00
1.9800e+03 2.2408e-11 9.1620e-01 1.5081e+03 2.2936e+03 4.4000e+03 2.5995e+19 3.5076e+19 3.5076e+19 1.4034e-01 0.0000e+00 2.6082e+04 0.0000e+00
1.9900e+03 2.2322e-11 9.1598e-01 1.5076e+03 2.2927e+03 4.4000e+03 2.6232e+19 3.5382e+19 3.5382e+19 1.3984e-01 0.0000e+00 2.6165e+04 0.0000e+00
2.0000e+03 2.2236e-11 9.1576e-01 1.5070e+03 2.2919e+03 4.4000e+03 2.6470e+19 3.5692e+19 3.5692e+19 1.3933e-01 0.0000e+00 2.6248e+04 0.0000e+00
2.0100e+03 2.2151e-11 9.1554e-01 1.5065e+03 2.2911e+03 4.4000e+03 2.6711e+19 3.6004e+19 3.6004e+19 1.3883e-01 0.0000e+00 2.6331e+04 0.0000e+00
2.0200e+03 2.2066e-11 9.1532e-01 1.5060e+03 2.2903e+03 4.4000e+03 2.6954e+19 3.6318e+19 3.6318e+19 1.3833e-01 0.0000e+00 2.6414e+04 0.0000e+00
2.0300e+03 2.1981e-11 9.1510e-01 1.5054e+03 2.2895e+03 4.4000e+03 2.7200e+19 3.6635e+19 3.6635e+19 1.3783e-01 0.0000e+00 2.6498e+04 0.0000e+00
2.0400e+03 2.1897e-11 9.1488e-01 1.5049e+03 2.2887e+03 4.4000e+03 2.7447e+19 3.6955e+19 3.6955e+19 1.3734e-01 0.0000e+00 2.6582e+04 0.0000e+00
2.0500e+03 2.1813e-11 9.1466e-01 1.5044e+03 2.2879e+03 4.4000e+03 2.7697e+19 3.7278e+19 3.7278e+19 1.3684e-01 0.0000e+00 2.6666e+04 0.0000e+00
2.0600e+03 2.1729e-11 9.1444e-01 1.5038e+03 2.2870e+03 4.4000e+03 2.7949e+19 3.7603e+19 3.7603e+19 1.3635e-01 0.0000e+00 2.6751e+04 0.0000e+00
2.0700e+03 2.1645e-11 9.1422e-01 1.5033e+03 2.2862e+03 4.4000e+03 2.8203e+19 3.7931e+19 3.7931e+19 1.3586e-01 0.0000e+00 2.6836e+04 0.0000e+00
2.0800e+03 2.1562e-11 9.1399e-01 1.5028e+03 2.2854e+03 4.4000e+03 2.8459e+19 3.8262e+19 3.8262e+19 1.3537e-01 0.0000e+00 2.6921e+04 0.0000e+00
2.0900e+03 2.1479e-11 9.1377e-01 1.5022e+03 2.2846e+03 4.4000e+03 2.8718e+19 3.8596e+19 3.8596e+19 1.3488e-01 0.0000e+00 2.7006e+04 0.0000e+00
2.1000e+03 2.1397e-11 9.1355e-01 1.5017e+03 2.2838e+03 4.4000e+03 2.8979e+19 3.8932e+19 3.8932e+19 1.3440e-01 0.0000e+00 2.7092e+04 0.0000e+00
2.1100e+03 2.1315e-11 9.1332e-01 1.5012e+03 2.2830e+03 4.4000e+03 2.9243e+19 3.9271e+19 3.9271e+19 1.3392e-01 0.0000e+00 2.7178e+04 0.0000e+00
2.1200e+03 2.1233e-11 9.1310e-01 1.5006e+03 2.2822e+03 4.4000e+03 2.9509e+19 3.9613e+19 3.9613e+19 1.3343e-01 0.0000e+00 2.7264e+04 0.0000e+00
2.1300e+03 2.1151e-11 9.1287e-01 1.5001e+03 2.2814e+03 4.4000e+03 2.9777e+19 3.9958e+19 3.9958e+19 1.3295e-01 0.0000e+00 2.7350e+04 0.0000e+00
2.1400e+03 2.1070e-11 9.1265e-01 1.4996e+03 2.2806e+03 4.4000e+03 3.0048e+19 4.0306e+19 4.0306e+19 1.3248e-01 0.0000e+00 2.7437e+04 0.0000e+00
2.1500e+03 2.0989e-11 9.1242e-01 1.4990e+03 2.2798e+03 4.4000e+03 3.0321e+19 4.0657e+19 4.0657e+19 1.3200e-01 0.0000e+00 2.7524e+04 0.0000e+00
2.1600e+03 2.0909e-11 9.1219e-01 1.4985e+03 2.2789e+03 4.4000e+03 3.0596e+19 4.1011e+19 4.1011e+19 1.3153e-01 0.0000e+00 2.7611e+04 0.0000e+00
2.1700e+03 2.0828e-11 9.1197e-01 1.4980e+03 2.2781e+03 4.4000e+03 3.0874e+19 4.1367e+19 4.1367e+19 1.3105e-01 0.0000e+00 2.7698e+04 0.0000e+00
2.1800e+03 2.0748e-11 9.1174e-01 1.4975e+03 2.2773e+03 4.4000e+03 3.1155e+19 4.1727e+19 4.1727e+19 1.3058e-01 0.0000e+00 2.7786e+04 0.0000e+00
2.1900e+03 2.0669e-11 9.1151e-01 1.4969e+03 2.2765e+03 4.4000e+03 3.1438e+19 4.2090e+19 4.2090e+19 1.3011e-01 0.0000e+00 2.7874e+04 0.0000e+00
2.2000e+03 2.0589e-11 9.1128e-01 1.4964e+03 2.2757e+03 4.4000e+03 3.1724e+19 4.2456e+19 4.2456e+19 1.2965e-01 0.0000e+00 2.7962e+04 0.0000e+00
2.2100e+03 2.0510e-11 9.1105e-01 1.4959e+03 2.2749e+03 4.4000e+03 3.2012e+19 4.2824e+19 4.2824e+19 1.2918e-01 0.0000e+00 2.8050e+04 0.0000e+00
2.2200e+03 2.0432e-11 9.1082e-01 1.4953e+03 2.2741e+03 4.4000e+03 3.2303e+19 4.3196e+19 4.3196e+19 1.2872e-01 0.0000e+00 2.8139e+04 0.0000e+00
2.2300e+03 2.0353e-11 9.1059e-01 1.4948e+03 2.2733e+03 4.4000e+03 3.2596e+19 4.3571e+19 4.3571e+19 1.2826e-01 0.0000e+00 2.8228e+04 0.0000e+00
2.2400e+03 2.0275e-11 9.1036e-01 1.4943e+03 2.2725e+03 4.4000e+03 3.2892e+19 4.3949e+19 4.3949e+19 1.2780e-01 0.0000e+00 2.8318e+04 0.0000e+00
2.2500e+03 2.0197e-11 9.1013e-01 1.4938e+03 2.2717e+03 4.4000e+03 3.3191e+19 4.4331e+19 4.4331e+19 1.2734e-01 0.0000e+00 2.8407e+04 0.0000e+00
2.2600e+03 2.0120e-11 9.0990e-01 1.4932e+03 2.2709e+03 4.4000e+03 3.3492e+19 4.4715e+19 4.4715e+19 1.2688e-01 0.0000e+00 2.8497e+04 0.0000e+00
2.2700e+03 2.0042e-11 9.0967e-01 1.4927e+03 2.2701e+03 4.4000e+03 3.3796e+19 4.5103e+19 4.5103e+19 1.2643e-01 0.0000e+00 2.8587e+04 0.0000e+00
2.2800e+03 1.9965e-11 9.0943e-01 1.4922e+03 2.2694e+03 4.4000e+03 3.4103e+19 4.5494e+19 4.5494e+19 1.2597e-01 0.0000e+00 2.8678e+04 0.0000e+00
2.2900e+03 1.9889e-11 9.0920e-01 1.4917e+03 2.2686e+03 4.4000e+03 3.4413e+19 4.5888e+19 4.5888e+19 1.2552e-01 0.0000e+00 2.8768e+04 0.0000e+00
2.3000e+03 1.9812e-11 9.0897e-01 1.4912e+03 2.2678e+03 4.4000e+03 3.4725e+19 4.6286e+19 4.6286e+19 1.2507e-01 0.0000e+00 2.8859e+04 0.0000e+00
2.3100e+03 1.9736e-11 9.0873e-01 1.4906e+03 2.2670e+03 4.4000e+03 3.5040e+19 4.6686e+19 4.6686e+19 1.2462e-01 0.0000e+00 2.8950e+04 0.0000e+00
2.3200e+03 1.9660e-11 9.0850e-01 1.4901e+03 2.2662e+03 4.4000e+03 3.5358e+19 4.7090e+19 4.7090e+19 1.2418e-01 0.0000e+00 2.9042e+04 0.0000e+00
2.3300e+03 1.9585e-11 9.0826e-01 1.4896e+03 2.2654e+03 4.4000e+03 3.5679e+19 4.7498e+19 4.7498e+19 1.2373e-01 0.0000e+00 2.9134e+04 0.0000e+00
2.3400e+03 1.9510e-11 9.0803e-01 1.4891e+03 2.2646e+03 4.4000e+03 3.6003e+19 4.7909e+19 4.7909e+19 1.2329e-01 0.0000e+00 2.9226e+04 0.0000e+00
2.3500e+03 1.9435e-11 9.0779e-01 1.4886e+03 2.2638e+03 4.4000e+03 3.6329e+19 4.8323e+19 4.8323e+19 1.2285e-01 0.0000e+00 2.9318e+04 0.0000e+00
2.3600e+03 1.9360e-11 9.0756e-01 1.4880e+03 2.2630e+03 4.4000e+03 3.6659e+19 4.8741e+19 4.8741e+19 1.2241e-01 0.0000e+00 2.9411e+04 0.0000e+00
2.3700e+03 1.9286e-11 9.0732e-01 1.4875e+03 2.2622e+03 4.4000e+03 3.6992e+19 4.9162e+19 4.9162e+19 1.2197e-01 0.0000e+00 2.9504e+04 0.0000e+00
2.3800e+03 1.9212e-11 9.0708e-01 1.4870e+03 2.2614e+03 4.4000e+03 3.7327e+19 4.9587e+19 4.9587e+19 1.2153e-01 0.0000e+00 2.9597e+04 0.0000e+00
2.3900e+03 1.9138e-11 9.0684e-01 1.4865e+03 2.2607e+03 4.4000e+03 3.7666e+19 5.0015e+19 5.0015e+19 1.2110e-01 0.0000e+00 2.9690e+04 0.0000e+00
2.4000e+03 1.9064e-11 9.0660e-01 1.4860e+03 2.2599e+03 4.4000e+03 3.8007e+19 5.0447e+19 5.0447e+19 1.2066e-01 0.0000e+00 2.9784e+04 0.0000e+00
2.4100e+03 1.8991e-11 9.0636e-01 1.4854e+03 2.2591e+03 4.4000e+03 3.8352e+19 5.0882e+19 5.0882e+19 1.2023e-01 0.0000e+00 2.9878e+04 0.0000e+00
2.4200e+03 1.8918e-11 9.0613e-01 1.4849e+03 2.2583e+03 4.4000e+03 3.8700e+19 5.1321e+19 5.1321e+19 1.1980e-01 0.0000e+00 2.9972e+04 0.0000e+00
2.4300e+03 1.8846e-11 9.0589e-01 1.4844e+03 2.2575e+03 4.4000e+03 3.9050e+19 5.1764e+19 5.1764e+19 1.1937e-01 0.0000e+00 3.0067e+04 0.0000e+00
2.4400e+03 1.8773e-11 9.0564e-01 1.4839e+03 2.2567e+03 4.4000e+03 3.9404e+19 5.2210e+19 5.2210e+19 1.1895e-01 0.0000e+00 3.0162e+04 0.0000e+00
2.4500e+03 1.8701e-11 9.0540e-01 1.4834e+03 2.2560e+03 4.4000e+03 3.9762e+19 5.2660e+19 5.2660e+19 1.1852e-01 0.0000e+00 3.0257e+04 0.0000e+00
2.4600e+03 1.8629e-11 9.0516e-01 1.4829e+03 2.2552e+03 4.4000e+03 4.0122e+19 5.3114e+19 5.3114e+19 1.1810e-01 0.0000e+00 3.0353e+04 0.0000e+00
2.4700e+03 1.8558e-11 9.0492e-01 1.4824e+03 2.2544e+03 4.4000e+03 4.0486e+19 5.3572e+19 5.3572e+19 1.1768e-01 0.0000e+00 3.0448e+04 0.0000e+00
2.4800e+03 1.8487e-11 9.0468e-01 1.4818e+03 2.2536e+03 4.4000e+03 4.0853e+19 5.4033e+19 5.4033e+19 1.1726e-01 0.0000e+00 3.0545e+04 0.0000e+00
2.4900e+03 1.8416e-11 9.0443e-01 1.4813e+03 2.2528e+03 4.4000e+03 4.1223e+19 5.4498e+19 5.4498e+19 1.1684e-01 0.0000e+00 3.0641e+04 0.0000e+00
2.5000e+03 1.8345e-11 9.0419e-01 1.4808e+03 2.2521e+03 4.4000e+03 4.1596e+19 5.4967e+19 5.4967e+19 1.1642e-01 0.0000e+00 3.0738e+04 0.0000e+00
2.5100e+03 1.8274e-11 9.0395e-01 1.4803e+03 2.2513e+03 4.4000e+03 4.1973e+19 5.5440e+19 5.5440e+19 1.1600e-01 0.0000e+00 3.0835e+04 0.0000e+00
2.5200e+03 1.8204e-11 9.0370e-01 1.4798e+03 2.2505e+03 4.4000e+03 4.2353e+19 5.5916e+19 5.5916e+19 1.1559e-01 0.0000e+00 3.0932e+04 0.0000e+00
2.5300e+03 1.8134e-11 9.0346e-01 1.4793e+03 2.2497e+03 4.4000e+03 4.2737e+19 5.6397e+19 5.6397e+19 1.1518e-01 0.0000e+00 3.1029e+04 0.0000e+00
2.5400e+03 1.8065e-11 9.0321e-01 1.4788e+03 2.2490e+03 4.4000e+03 4.3124e+19 5.6882e+19 5.6882e+19 1.1477e-01 0.0000e+00 3.1127e+04 0.0000e+00
2.5500e+03 1.7995e-11 9.0296e-01 1.4783e+03 2.2482e+03 4.4000e+03 4.3514e+19 5.7370e+19 5.7370e+19 1.1436e-01 0.0000e+00 3.1225e+04 0.0000e+00
2.5600e+03 1.7926e-11 9.0272e-01 1.4778e+03 2.2474e+03 4.4000e+03 4.3909e+19 5.7863e+19 5.7863e+19 1.1395e-01 0.0000e+00 3.1324e+04 0.0000e+00
2.5700e+03 1.7857e-11 9.0247e-01 1.4773e+03 2.2466e+03 4.4000e+03 4.4306e+19 5.8360e+19 5.8360e+19 1.1354e-01 0.0000e+00 3.1422e+04 0.0000e+00
2.5800e+03 1.7789e-11 9.0222e-01 1.4768e+03 2.2459e+03 4.4000e+03 4.4707e+19 5.8860e+19 5.8860e+19 1.1314e-01 0.0000e+00 3.1521e+04 0.0000e+00
2.5900e+03 1.7721e-11 9.0198e-01 1.4762e+03 2.2451e+03 4.4000e+03 4.5112e+19 5.9365e+19 5.9365e+19 1.1273e-01 0.0000e+00 3.1621e+04 0.0000e+00
2.6000e+03 1.7653e-11 9.0173e-01 1.4757e+03 2.2443e+03 4.4000e+03 4.5520e+19 5.9874e+19 5.9874e+19 1.1233e-01 0.0000e+00 3.1720e+04 0.0000e+00
2.6100e+03 1.7585e-11 9.0148e-01 1.4752e+03 2.2436e+03 4.4000e+03 4.5932e+19 6.0388e+19 6.0388e+19 1.1193e-01 0.0000e+00 3.1820e+04 0.0000e+00
2.6200e+03 1.7517e-11 9.0123e-01 1.4747e+03 2.2428e+03 4.4000e+03 4.6348e+19 6.0905e+19 6.0905e+19 1.1153e-01 0.0000e+00 3.1921e+04 0.0000e+00
2.6300e+03 1.7450e-11 9.0098e-01 1.4742e+03 2.2420e+03 4.4000e+03 4.6767e+19 6.1427e+19 6.1427e+19 1.1114e-01 0.0000e+00 3.2021e+04 0.0000e+00
2.6400e+03 1.7383e-11 9.0073e-01 1.4737e+03 2.2413e+03 4.4000e+03 4.7190e+19 6.1953e+19 6.1953e+19 1.1074e-01 0.0000e+00 3.2122e+04 0.0000e+00
2.6500e+03 1.7316e-11 9.0048e-01 1.4732e+03 2.2405e+03 4.4000e+03 4.7617e+19 6.2483e+19 6.2483e+19 1.1034e-01 0.0000e+00 3.2223e+04 0.0000e+00
2.6600e+03 1.7250e-11 9.0022e-01 1.4727e+03 2.2397e+03 4.4000e+03 4.8048e+19 6.3018e+19 6.3018e+19 1.0995e-01 0.0000e+00 3.2324e+04 0.0000e+00
2.6700e+03 1.7183e-11 8.9997e-01 1.4722e+03 2.2390e+03 4.4000e+03 4.8483e+19 6.3557e+19 6.3557e+19 1.0956e-01 0.0000e+00 3.2426e+04 0.0000e+00
2.6800e+03 1.7117e-11 8.9972e-01 1.4717e+03 2.2382e+03 4.4000e+03 4.8921e+19 6.4100e+19 6.4100e+19 1.0917e-01 0.0000e+00 3.2528e+04 0.0000e+00
2.6900e+03 1.7052e-11 8.9947e-01 1.4712e+03 2.2374e+03 4.4000e+03 4.9364e+19 6.4648e+19 6.4648e+19 1.0878e-01 0.0000e+00 3.2631e+04 0.0000e+00
2.7000e+03 1.6986e-11 8.9921e-01 1.4707e+03 2.2367e+03 4.4000e+03 4.9810e+19 6.5200e+19 6.5200e+19 1.0839e-01 0.0000e+00 3.2733e+04 0.0000e+00
2.7100e+03 1.6921e-11 8.9896e-01 1.4702e+03 2.2359e+03 4.4000e+03 5.0261e+19 6.5757e+19 6.5757e+19 1.0801e-01 0.0000e+00 3.2836e+04 0.0000e+00
2.7200e+03 1.6856e-11 8.9870e-01 1.4697e+03 2.2351e+03 4.4000e+03 5.0715e+19 6.6318e+19 6.6318e+19 1.0762e-01 0.0000e+00 3.2940e+04 0.0000e+00
2.7300e+03 1.6791e-11 8.9845e-01 1.4692e+03 2.2344e+03 4.4000e+03 5.1173e+19 6.6884e+19 6.6884e+19 1.0724e-01 0.0000e+00 3.3043e+04 0.0000e+00
2.7400e+03 1.6727e-11 8.9819e-01 1.4687e+03 2.2336e+03 4.4000e+03 5.1636e+19 6.7455e+19 6.7455e+19 1.0686e-01 0.0000e+00 3.3147e+04 0.0000e+00
2.7500e+03 1.6663e-11 8.9794e-01 1.4682e+03 2.2329e+03 4.4000e+03 5.2103e+19 6.8030e+19 6.8030e+19 1.0648e-01 0.0000e+00 3.3251e+04 0.0000e+00
2.7600e+03 1.6599e-11 8.9768e-01 1.4677e+03 2.2321e+03 4.4000e+03 5.2574e+19 6.8610e+19 6.8610e+19 1.0610e-01 0.0000e+00 3.3356e+04 0.0000e+00
2.7700e+03 1.6535e-11 8.9742e-01 1.4672e+03 2.2314e+03 4.4000e+03 5.3049e+19 6.9195e+19 6.9195e+19 1.0572e-01 0.0000e+00 3.3461e+04 0.0000e+00
2.7800e+03 1.6471e-11 8.9716e-01 1.4667e+03 2.2306e+03 4.4000e+03 5.3528e+19 6.9784e+19 6.9784e+19 1.0535e-01 0.0000e+00 3.3566e+04 0.0000e+00
2.7900e+03 1.6408e-11 8.9691e-01 1.4662e+03 2.2298e+03 4.4000e+03 5.4012e+19 7.0379e+19 7.0379e+19 1.0497e-01 0.0000e+00 3.3672e+04 0.0000e+00
2.8000e+03 1.6345e-11 8.9665e-01 1.4657e+03 2.2291e+03 4.4000e+03 5.4499e+19 7.0978e+19 7.0978e+19 1.0460e-01 0.0000e+00 3.3777e+04 0.0000e+00
2.8100e+03 1.6282e-11 8.9639e-01 1.4652e+03 2.2283e+03 4.4000e+03 5.4992e+19 7.1582e+19 7.1582e+19 1.0423e-01 0.0000e+00 3.3884e+04 0.0000e+00
2.8200e+03 1.6220e-11 8.9613e-01 1.4647e+03 2.2276e+03 4.4000e+03 5.5488e+19 7.2191e+19 7.2191e+19 1.0386e-01 0.0000e+00 3.3990e+04 0.0000e+00
2.8300e+03 1.6158e-11 8.9587e-01 1.4642e+03 2.2268e+03 4.4000e+03 5.5990e+19 7.2805e+19 7.2805e+19 1.0349e-01 0.0000e+00 3.4097e+04 0.0000e+00
2.8400e+03 1.6096e-11 8.9561e-01 1.4638e+03 2.2261e+03 4.4000e+03 5.6495e+19 7.3423e+19 7.3423e+19 1.0312e-01 0.0000e+00 3.4204e+04 0.0000e+00
2.8500e+03 1.6034e-11 8.9535e-01 1.4633e+03 2.2253e+03 4.4000e+03 5.7005e+19 7.4047e+19 7.4047e+19 1.0276e-01 0.0000e+00 3.4311e+04 0.0000e+00
2.8600e+03 1.5972e-11 8.9508e-01 1.4628e+03 2.2246e+03 4.4000e+03 5.7520e+19 7.4676e+19 7.4676e+19 1.0239e-01 0.0000e+00 3.4419e+04 0.0000e+00
2.8700e+03 1.5911e-11 8.9482e-01 1.4623e+03 2.2238e+03 4.4000e+03 5.8039e+19 7.5310e+19 7.5310e+19 1.0203e-01 0.0000e+00 3.4527e+04 0.0000e+00
2.8800e+03 1.5850e-11 8.9456e-01 1.4618e+03 2.2231e+03 4.4000e+03 5.8563e+19 7.5949e+19 7.5949e+19 1.0167e-01 0.0000e+00 3.4636e+04 0.0000e+00
2.8900e+03 1.5789e-11 8.9429e-01 1.4613e+03 2.2223e+03 4.4000e+03 5.9092e+19 7.6593e+19 7.6593e+19 1.0131e-01 0.0000e+00 3.4744e+04 0.0000e+00
2.9000e+03 1.5728e-11 8.9403e-01 1.4608e+03 2.2216e+03 4.4000e+03 5.9625e+19 7.7243e+19 7.7243e+19 1.0095e-01 0.0000e+00 3.4853e+04 0.0000e+00
2.9100e+03 1.5668e-11 8.9377e-01 1.4603e+03 2.2209e+03 4.4000e+03 6.0163e+19 7.7898e+19 7.7898e+19 1.0059e-01 0.0000e+00 3.4963e+04 0.0000e+00
2.9200e+03 1.5608e-11 8.9350e-01 1.4598e+03 2.2201e+03 4.4000e+03 6.0706e+19 7.8558e+19 7.8558e+19 1.0023e-01 0.0000e+00 3.5073e+04 0.0000e+00
2.9300e+03 1.5548e-11 8.9324e-01 1.4593e+03 2.2194e+03 4.4000e+03 6.1253e+19 7.9223e+19 7.9223e+19 9.9879e-02 0.0000e+00 3.5183e+04 0.0000e+00
2.9400e+03 1.5488e-11 8.9297e-01 1.4588e+03 2.2186e+03 4.4000e+03 6.1806e+19 7.9894e+19 7.9894e+19 9.9525e-02 0.0000e+00 3.5293e+04 0.0000e+00
2.9500e+03 1.5429e-11 8.9270e-01 1.4584e+03 2.2179e+03 4.4000e+03 6.2363e+19 8.0570e+19 8.0570e+19 9.9172e-02 0.0000e+00 3.5404e+04 0.0000e+00
2.9600e+03 1.5369e-11 8.9244e-01 1.4579e+03 2.2171e+03 4.4000e+03 6.2926e+19 8.1252e+19 8.1252e+19 9.8821e-02 0.0000e+00 3.5515e+04 0.0000e+00
2.9700e+03 1.5310e-11 8.9217e-01 1.4574e+03 2.2164e+03 4.4000e+03 6.3493e+19 8.1939e+19 8.1939e+19 9.8471e-02 0.0000e+00 3.5626e+04 0.0000e+00
2.9800e+03 1.5252e-11 8.9190e-01 1.4569e+03 2.2157e+03 4.4000e+03 6.4066e+19 8.2631e+19 8.2631e+19 9.8123e-02 0.0000e+00 3.5738e+04 0.0000e+00
2.9900e+03 1.5193e-11 8.9163e-01 1.4564e+03 2.2149e+03 4.4000e+03 6.4644e+19 8.3330e+19 8.3330e+19 9.7775e-02 0.0000e+00 3.5850e+04 0.0000e+00
3.0000e+03 1.5135e-11 8.9136e-01 1.4559e+03 2.2142e+03 4.4000e+03 6.5226e+19 8.4034e+19 8.4034e+19 9.7429e-02 0.0000e+00 3.5962e+04 0.0000e+00
3.0100e+03 1.5076e-11 8.9109e-01 1.4554e+03 2.2134e+03 4.4000e+03 6.5814e+19 8.4743e+19 8.4743e+19 9.7084e-02 0.0000e+00 3.6075e+04 0.0000e+00
3.0200e+03 1.5019e-11 8.9082e-01 1.4550e+03 2.2127e+03 4.4000e+03 6.6408e+19 8.5458e+19 8.5458e+19 9.6741e-02 0.0000e+00 3.6188e+04 0.0000e+00
3.0300e+03 1.4961e-11 8.9055e-01 1.4545e+03 2.2120e+03 4.4000e+03 6.7006e+19 8.6179e+19 8.6179e+19 9.6399e-02 0.0000e+00 3.6301e+04 0.0000e+00
3.0400e+03 1.4903e-11 8.9028e-01 1.4540e+03 2.2112e+03 4.4000e+03 6.7610e+19 8.6906e+19 8.6906e+19 9.6058e-02 0.0000e+00 3.6415e+04 0.0000e+00
3.0500e+03 1.4846e-11 8.9001e-01 1.4535e+03 2.2105e+03 4.4000e+03 6.8219e+19 8.7639e+19 8.7639e+19 9.5718e-02 0.0000e+00 3.6529e+04 0.0000e+00
3.0600e+03 1.4789e-11 8.8974e-01 1.4530e+03 2.2098e+03 4.4000e+03 6.8834e+19 8.8377e+19 8.8377e+19 9.5380e-02 0.0000e+00 3.6644e+04 0.0000e+00
3.0700e+03 1.4732e-11 8.8946e-01 1.4525e+03 2.2090e+03 4.4000e+03 6.9454e+19 8.9121e+19 8.9121e+19 9.5043e-02 0.0000e+00 3.6758e+04 0.0000e+00
3.0800e+03 1.4676e-11 8.8919e-01 1.4521e+03 2.2083e+03 4.4000e+03 7.0079e+19 8.9872e+19 8.9872e+19 9.4707e-02 0.0000e+00 3.6874e+04 0.0000e+00
3.0900e+03 1.4620e-11 8.8892e-01 1.4516e+03 2.2076e+03 4.4000e+03 7.0710e+19 9.0628e+19 9.0628e+19 9.4372e-02 0.0000e+00 3.6989e+04 0.0000e+00
3.1000e+03 1.4563e-11 8.8864e-01 1.4511e+03 2.2068e+03 4.4000e+03 7.1347e+19 9.1391e+19 9.1391e+19 9.4039e-02 0.0000e+00 3.7105e+04 0.0000e+00
3.1100e+03 1.4507e-11 8.8837e-01 1.4506e+03 2.2061e+03 4.4000e+03 7.1990e+19 9.2159e+19 9.2159e+19 9.3707e-02 0.0000e+00 3.7221e+04 0.0000e+00
3.1200e+03 1.4452e-11 8.8809e-01 1.4501e+03 2.2054e+03 4.4000e+03 7.2638e+19 9.2934e+19 9.2934e+19 9.3376e-02 0.0000e+00 3.7338e+04 0.0000e+00
3.1300e+03 1.4396e-11 8.8782e-01 1.4497e+03 2.2047e+03 4.4000e+03 7.3292e+19 9.3714e+19 9.3714e+19 9.3046e-02 0.0000e+00 3.7454e+04 0.0000e+00
3.1400e+03 1.4341e-11 8.8754e-01 1.4492e+03 2.2039e+03 4.4000e+03 7.3952e+19 9.4502e+19 9.4502e+19 9.2718e-02 0.0000e+00 3.7572e+04 0.0000e+00
3.1500e+03 1.4286e-11 8.8726e-01 1.4487e+03 2.2032e+03 4.4000e+03 7.4617e+19 9.5295e+19 9.5295e+19 9.2391e-02 0.0000e+00 3.7689e+04 0.0000e+00
3.1600e+03 1.4231e-11 8.8699e-01 1.4482e+03 2.2025e+03 4.4000e+03 7.5289e+19 9.6095e+19 9.6095e+19 9.2065e-02 0.0000e+00 3.7807e+04 0.0000e+00
3.1700e+03 1.4176e-11 8.8671e-01 1.4478e+03 2.2018e+03 4.4000e+03 7.5966e+19 9.6901e+19 9.6901e+19 9.1740e-02 0.0000e+00 3.7925e+04 0.0000e+00
3.1800e+03 1.4122e-11 8.8643e-01 1.4473e+03 2.2010e+03 4.4000e+03 7.6650e+19 9.7713e+19 9.7713e+19 9.1416e-02 0.0000e+00 3.8044e+04 0.0000e+00
3.1900e+03 1.4068e-11 8.8615e-01 1.4468e+03 2.2003e+03 4.4000e+03 7.7339e+19 9.8532e+19 9.8532e+19 9.1094e-02 0.0000e+00 3.8163e+04 0.0000e+00
3.2000e+03 1.4014e-11 8.8587e-01 1.4463e+03 2.1996e+03 4.4000e+03 7.8035e+19 9.9357e+19 9.9357e+19 9.0773e-02 0.0000e+00 3.8282e+04 0.0000e+00
3.2100e+03 1.3960e-11 8.8559e-01 1.4459e+03 2.1989e+03 4.4000e+03 7.8737e+19 1.0019e+20 1.0019e+20 9.0453e-02 0.0000e+00 3.8402e+04 0.0000e+00
3.2200e+03 1.3906e-11 8.8531e-01 1.4454e+03 2.1981e+03 4.4000e+03 7.9445e+19 1.0103e+20 1.0103e+20 9.0134e-02 0.0000e+00 3.8522e+04 0.0000e+00
3.2300e+03 1.3853e-11 8.8503e-01 1.4449e+03 2.1974e+03 4.4000e+03 8.0160e+19 1.0187e+20 1.0187e+20 8.9816e-02 0.0000e+00 3.8642e+04 0.0000e+00
3.2400e+03 1.3800e-11 8.8475e-01 1.4444e+03 2.1967e+03 4.4000e+03 8.0881e+19 1.0273e+20 1.0273e+20 8.9500e-02 0.0000e+00 3.8763e+04 0.0000e+00
3.2500e+03 1.3747e-11 8.8446e-01 1.4440e+03 2.1960e+03 4.4000e+03 8.1608e+19 1.0358e+20 1.0358e+20 8.9185e-02 0.0000e+00 3.8884e+04 0.0000e+00
3.2600e+03 1.3694e-11 8.8418e-01 1.4435e+03 2.1953e+03 4.4000e+03 8.2341e+19 1.0445e+20 1.0445e+20 8.8871e-02 0.0000e+00 3.9006e+04 0.0000e+00
3.2700e+03 1.3641e-11 8.8390e-01 1.4430e+03 2.1946e+03 4.4000e+03 8.3082e+19 1.0532e+20 1.0532e+20 8.8558e-02 0.0000e+00 3.9128e+04 0.0000e+00
3.2800e+03 1.3589e-11 8.8362e-01 1.4425e+03 2.1938e+03 4.4000e+03 8.3828e+19 1.0620e+20 1.0620e+20 8.8246e-02 0.0000e+00 3.9250e+04 0.0000e+00
3.2900e+03 1.3537e-11 8.8333e-01 1.4421e+03 2.1931e+03 4.4000e+03 8.4582e+19 1.0709e+20 1.0709e+20 8.7935e-02 0.0000e+00 3.9372e+04 0.0000e+00
3.3000e+03 1.3485e-11 8.8305e-01 1.4416e+03 2.1924e+03 4.4000e+03 8.5342e+19 1.0798e+20 1.0798e+20 8.7626e-02 0.0000e+00 3.9495e+04 0.0000e+00
3.3100e+03 1.3433e-11 8.8276e-01 1.4411e+03 2.1917e+03 4.4000e+03 8.6109e+19 1.0888e+20 1.0888e+20 8.7318e-02 0.0000e+00 3.9619e+04 0.0000e+00
3.3200e+03 1.3381e-11 8.8248e-01 1.4407e+03 2.1910e+03 4.4000e+03 8.6882e+19 1.0979e+20 1.0979e+20 8.7011e-02 0.0000e+00 3.9742e+04 0.0000e+00
3.3300e+03 1.3330e-11 8.8219e-01 1.4402e+03 2.1903e+03 4.4000e+03 8.7663e+19 1.1070e+20 1.1070e+20 8.6705e-02 0.0000e+00 3.9866e+04 0.0000e+00
3.3400e+03 1.3279e-11 8.8190e-01 1.4397e+03 2.1896e+03 4.4000e+03 8.8450e+19 1.1162e+20 1.1162e+20 8.6400e-02 0.0000e+00 3.9991e+04 0.0000e+00
3.3500e+03 1.3228e-11 8.8161e-01 1.4393e+03 2.1888e+03 4.4000e+03 8.9245e+19 1.1255e+20 1.1255e+20 8.6096e-02 0.0000e+00 4.0116e+04 0.0000e+00
3.3600e+03 1.3177e-11 8.8133e-01 1.4388e+03 2.1881e+03 4.4000e+03 9.0046e+19 1.1349e+20 1.1349e+20 8.5793e-02 0.0000e+00 4.0241e+04 0.0000e+00
3.3700e+03 1.3126e-11 8.8104e-01 1.4383e+03 2.1874e+03 4.4000e+03 9.0855e+19 1.1443e+20 1.1443e+20 8.5492e-02 0.0000e+00 4.0366e+04 0.0000e+00
3.3800e+03 1.3076e-11 8.8075e-01 1.4379e+03 2.1867e+03 4.4000e+03 9.1670e+19 1.1538e+20 1.1538e+20 8.5192e-02 0.0000e+00 4.0492e+04 0.0000e+00
3.3900e+03 1.3026e-11 8.8046e-01 1.4374e+03 2.1860e+03 4.4000e+03 9.2493e+19 1.1634e+20 1.1634e+20 8.4892e-02 0.0000e+00 4.0618e+04 0.0000e+00
3.4000e+03 1.2976e-11 8.8017e-01 1.4369e+03 2.1853e+03 4.4000e+03 9.3323e+19 1.1731e+20 1.1731e+20 8.4594e-02 0.0000e+00 4.0745e+04 0.0000e+00
3.4100e+03 1.2926e-11 8.7988e-01 1.4365e+03 2.1846e+03 4.4000e+03 9.4161e+19 1.1828e+20 1.1828e+20 8.4297e-02 0.0000e+00 4.0872e+04 0.0000e+00
3.4200e+03 1.2876e-11 8.7959e-01 1.4360e+03 2.1839e+03 4.4000e+03 9.5006e+19 1.1926e+20 1.1926e+20 8.4001e-02 0.0000e+00 4.1000e+04 0.0000e+00
3.4300e+03 1.2827e-11 8.7930e-01 1.4355e+03 2.1832e+03 4.4000e+03 9.5859e+19 1.2025e+20 1.2025e+20 8.3706e-02 0.0000e+00 4.1127e+04 0.0000e+00
3.4400e+03 1.2778e-11 8.7900e-01 1.4351e+03 2.1825e+03 4.4000e+03 9.6719e+19 1.2125e+20 1.2125e+20 8.3413e-02 0.0000e+00 4.1256e+04 0.0000e+00
3.4500e+03 1.2729e-11 8.7871e-01 1.4346e+03 2.1818e+03 4.4000e+03 9.7586e+19 1.2226e+20 1.2226e+20 8.3120e-02 0.0000e+00 4.1384e+04 0.0000e+00
3.4600e+03 1.2680e-11 8.7842e-01 1.4342e+03 2.1811e+03 4.4000e+03 9.8462e+19 1.2327e+20 1.2327e+20 8.2829e-02 0.0000e+00 4.1513e+04 0.0000e+00
3.4700e+03 1.2631e-11 8.7813e-01 1.4337e+03 2.1804e+03 4.4000e+03 9.9345e+19 1.2429e+20 1.2429e+20 8.2538e-02 0.0000e+00 4.1642e+04 0.0000e+00
3.4800e+03 1.2583e-11 8.7783e-01 1.4332e+03 2.1797e+03 4.4000e+03 1.0024e+20 1.2532e+20 1.2532e+20 8.2249e-02 0.0000e+00 4.1772e+04 0.0000e+00
3.4900e+03 1.2534e-11 8.7754e-01 1.4328e+03 2.1790e+03 4.4000e+03 1.0113e+20 1.2635e+20 1.2635e+20 8.1960e-02 0.0000e+00 4.1902e+04 0.0000e+00
3.5000e+03 1.2486e-11 8.7724e-01 1.4323e+03 2.1783e+03 4.4000e+03 1.0204e+20 1.2740e+20 1.2740e+20 8.1673e-02 0.0000e+00 4.2033e+04 0.0000e+00
3.5100e+03 1.2438e-11 8.7695e-01 1.4319e+03 2.1776e+03 4.4000e+03 1.0296e+20 1.2845e+20 1.2845e+20 8.1387e-02 0.0000e+00 4.2164e+04 0.0000e+00
3.5200e+03 1.2390e-11 8.7665e-01 1.4314e+03 2.1769e+03 4.4000e+03 1.0388e+20 1.2951e+20 1.2951e+20 8.1102e-02 0.0000e+00 4.2295e+04 0.0000e+00
3.5300e+03 1.2343e-11 8.7635e-01 1.4309e+03 2.1762e+03 4.4000e+03 1.0481e+20 1.3058e+20 1.3058e+20 8.0818e-02 0.0000e+00 4.2427e+04 0.0000e+00
3.5400e+03 1.2295e-11 8.7606e-01 1.4305e+03 2.1755e+03 4.4000e+03 1.0575e+20 1.3166e+20 1.3166e+20 8.0535e-02 0.0000e+00 4.2559e+04 0.0000e+00
3.5500e+03 1.2248e-11 8.7576e-01 1.4300e+03 2.1748e+03 4.4000e+03 1.0670e+20 1.3274e+20 1.3274e+20 8.0253e-02 0.0000e+00 4.2691e+04 0.0000e+00
3.5600e+03 1.2201e-11 8.7546e-01 1.4296e+03 2.1741e+03 4.4000e+03 1.0765e+20 1.3384e+20 1.3384e+20 7.9972e-02 0.0000e+00 4.2824e+04 0.0000e+00
3.5700e+03 1.2154e-11 8.7516e-01 1.4291e+03 2.1734e+03 4.4000e+03 1.0862e+20 1.3494e+20 1.3494e+20 7.9692e-02 0.0000e+00 4.2957e+04 0.0000e+00
3.5800e+03 1.2108e-11 8.7486e-01 1.4287e+03 2.1727e+03 4.4000e+03 1.0959e+20 1.3605e+20 1.3605e+20 7.9413e-02 0.0000e+00 4.3091e+04 0.0000e+00
3.5900e+03 1.2061e-11 8.7456e-01 1.4282e+03 2.1720e+03 4.4000e+03 1.1057e+20 1.3717e+20 1.3717e+20 7.9135e-02 0.0000e+00 4.3225e+04 0.0000e+00
3.6000e+03 1.2015e-11 8.7426e-01 1.4277e+03 2.1713e+03 4.4000e+03 1.1156e+20 1.3830e+20 1.3830e+20 7.8858e-02 0.0000e+00 4.3359e+04 0.0000e+00
3.6100e+03 1.1969e-11 8.7396e-01 1.4273e+03 2.1706e+03 4.4000e+03 1.1256e+20 1.3944e+20 1.3944e+20 7.8583e-02 0.0000e+00 4.3494e+04 0.0000e+00
3.6200e+03 1.1923e-11 8.7366e-01 1.4268e+03 2.1700e+03 4.4000e+03 1.1357e+20 1.4058e+20 1.4058e+20 7.8308e-02 0.0000e+00 4.3629e+04 0.0000e+00
3.6300e+03 1.1877e-11 8.7336e-01 1.4264e+03 2.1693e+03 4.4000e+03 1.1459e+20 1.4174e+20 1.4174e+20 7.8034e-02 0.0000e+00 4.3765e+04 0.0000e+00
3.6400e+03 1.1831e-11 8.7305e-01 1.4259e+03 2.1686e+03 4.4000e+03 1.1561e+20 1.4290e+20 1.4290e+20 7.7761e-02 0.0000e+00 4.3901e+04 0.0000e+00
3.6500e+03 1.1786e-11 8.7275e-01 1.4255e+03 2.1679e+03 4.4000e+03 1.1665e+20 1.4408e+20 1.4408e+20 7.7490e-02 0.0000e+00 4.4037e+04 0.0000e+00
3.6600e+03 1.1741e-11 8.7245e-01 1.4250e+03 2.1672e+03 4.4000e+03 1.1769e+20 1.4526e+20 1.4526e+20 7.7219e-02 0.0000e+00 4.4174e+04 0.0000e+00
3.6700e+03 1.1696e-11 8.7214e-01 1.4246e+03 2.1665e+03 4.4000e+03 1.1874e+20 1.4645e+20 1.4645e+20 7.6949e-02 0.0000e+00 4.4311e+04 0.0000e+00
3.6800e+03 1.1651e-11 8.7184e-01 1.4241e+03 2.1658e+03 4.4000e+03 1.1981e+20 1.4765e+20 1.4765e+20 7.6681e-02 0.0000e+00 4.4449e+04 0.0000e+00
3.6900e+03 1.1606e-11 8.7153e-01 1.4237e+03 2.1651e+03 4.4000e+03 1.2088e+20 1.4886e+20 1.4886e+20 7.6413e-02 0.0000e+00 4.4587e+04 0.0000e+00
3.7000e+03 1.1561e-11 8.7123e-01 1.4232e+03 2.1645e+03 4.4000e+03 1.2196e+20 1.5008e+20 1.5008e+20 7.6146e-02 0.0000e+00 4.4726e+04 0.0000e+00
3.7100e+03 1.1517e-11 8.7092e-01 1.4228e+03 2.1638e+03 4.4000e+03 1.2305e+20 1.5131e+20 1.5131e+20 7.5880e-02 0.0000e+00 4.4864e+04 0.0000e+00
3.7200e+03 1.1473e-11 8.7062e-01 1.4223e+03 2.1631e+03 4.4000e+03 1.2415e+20 1.5254e+20 1.5254e+20 7.5616e-02 0.0000e+00 4.5004e+04 0.0000e+00
3.7300e+03 1.1429e-11 8.7031e-01 1.4219e+03 2.1624e+03 4.4000e+03 1.2526e+20 1.5379e+20 1.5379e+20 7.5352e-02 0.0000e+00 4.5143e+04 0.0000e+00
3.7400e+03 1.1385e-11 8.7000e-01 1.4214e+03 2.1617e+03 4.4000e+03 1.2638e+20 1.5505e+20 1.5505e+20 7.5089e-02 0.0000e+00 4.5284e+04 0.0000e+00
3.7500e+03 1.1341e-11 8.6969e-01 1.4210e+03 2.1611e+03 4.4000e+03 1.2751e+20 1.5631e+20 1.5631e+20 7.4827e-02 0.0000e+00 4.5424e+04 0.0000e+00
3.7600e+03 1.1298e-11 8.6938e-01 1.4205e+03 2.1604e+03 4.4000e+03 1.2865e+20 1.5759e+20 1.5759e+20 7.4566e-02 0.0000e+00 4.5565e+04 0.0000e+00
3.7700e+03 1.1254e-11 8.6907e-01 1.4201e+03 2.1597e+03 4.4000e+03 1.2980e+20 1.5888e+20 1.5888e+20 7.4307e-02 0.0000e+00 4.5706e+04 0.0000e+00
3.7800e+03 1.1211e-11 8.6876e-01 1.4196e+03 2.1590e+03 4.4000e+03 1.3096e+20 1.6017e+20 1.6017e+20 7.4048e-02 0.0000e+00 4.5848e+04 0.0000e+00
3.7900e+03 1.1168e-11 8.6845e-01 1.4192e+03 2.1583e+03 4.4000e+03 1.3213e+20 1.6148e+20 1.6148e+20 7.3790e-02 0.0000e+00 4.5990e+04 0.0000e+00
3.8000e+03 1.1125e-11 8.6814e-01 1.4188e+03 2.1577e+03 4.4000e+03 1.3331e+20 1.6279e+20 1.6279e+20 7.3533e-02 0.0000e+00 4.6133e+04 0.0000e+00
3.8100e+03 1.1082e-11 8.6783e-01 1.4183e+03 2.1570e+03 4.4000e+03 1.3450e+20 1.6412e+20 1.6412e+20 7.3276e-02 0.0000e+00 4.6276e+04 0.0000e+00
3.8200e+03 1.1040e-11 8.6752e-01 1.4179e+03 2.1563e+03 4.4000e+03 1.3571e+20 1.6546e+20 1.6546e+20 7.3021e-02 0.0000e+00 4.6419e+04 0.0000e+00
3.8300e+03 1.0997e-11 8.6721e-01 1.4174e+03 2.1556e+03 4.4000e+03 1.3692e+20 1.6680e+20 1.6680e+20 7.2767e-02 0.0000e+00 4.6563e+04 0.0000e+00
3.8400e+03 1.0955e-11 8.6689e-01 1.4170e+03 2.1550e+03 4.4000e+03 1.3814e+20 1.6816e+20 1.6816e+20 7.2514e-02 0.0000e+00 4.6708e+04 0.0000e+00
3.8500e+03 1.0913e-11 8.6658e-01 1.4165e+03 2.1543e+03 4.4000e+03 1.3937e+20 1.6952e+20 1.6952e+20 7.2262e-02 0.0000e+00 4.6852e+04 0.0000e+00
3.8600e+03 1.0871e-11 8.6627e-01 1.4161e+03 2.1536e+03 4.4000e+03 1.4062e+20 1.7090e+20 1.7090e+20 7.2010e-02 0.0000e+00 4.6998e+04 0.0000e+00
3.8700e+03 1.0829e-11 8.6595e-01 1.4157e+03 2.1530e+03 4.4000e+03 1.4187e+20 1.7229e+20 1.7229e+20 7.1760e-02 0.0000e+00 4.7143e+04 0.0000e+00
3.8800e+03 1.0788e-11 8.6564e-01 1.4152e+03 2.1523e+03 4.4000e+03 1.4314e+20 1.7369e+20 1.7369e+20 7.1510e-02 0.0000e+00 4.7289e+04 0.0000e+00
3.8900e+03 1.0746e-11 8.6532e-01 1.4148e+03 2.1516e+03 4.4000e+03 1.4442e+20 1.7510e+20 1.7510e+20 7.1262e-02 0.0000e+00 4.7436e+04 0.0000e+00
3.9000e+03 1.0705e-11 8.6501e-01 1.4143e+03 2.1509e+03 4.4000e+03 1.4571e+20 1.7651e+20 1.7651e+20 7.1014e-02 0.0000e+00 4.7583e+04 0.0000e+00
3.9100e+03 1.0664e-11 8.6469e-01 1.4139e+03 2.1503e+03 4.4000e+03 1.4701e+20 1.7794e+20 1.7794e+20 7.0767e-02 0.0000e+00 4.7730e+04 0.0000e+00
3.9200e+03 1.0623e-11 8.6437e-01 1.4135e+03 2.1496e+03 4.4000e+03 1.4832e+20 1.7939e+20 1.7939e+20 7.0521e-02 0.0000e+00 4.7878e+04 0.0000e+00
3.9300e+03 1.0582e-11 8.6406e-01 1.4130e+03 2.1489e+03 4.4000e+03 1.4964e+20 1.8084e+20 1.8084e+20 7.0276e-02 0.0000e+00 4.8026e+04 0.0000e+00
3.9400e+03 1.0542e-11 8.6374e-01 1.4126e+03 2.1483e+03 4.4000e+03 1.5098e+20 1.8230e+20 1.8230e+20 7.0032e-02 0.0000e+00 4.8175e+04 0.0000e+00
3.9500e+03 1.0501e-11 8.6342e-01 1.4122e+03 2.1476e+03 4.4000e+03 1.5233e+20 1.8377e+20 1.8377e+20 6.9789e-02 0.0000e+00 4.8324e+04 0.0000e+00
3.9600e+03 1.0461e-11 8.6310e-01 1.4117e+03 2.1470e+03 4.4000e+03 1.5368e+20 1.8526e+20 1.8526e+20 6.9547e-02 0.0000e+00 4.8473e+04 0.0000e+00
3.9700e+03 1.0421e-11 8.6278e-01 1.4113e+03 2.1463e+03 4.4000e+03 1.5505e+20 1.8676e+20 1.8676e+20 6.9305e-02 0.0000e+00 4.8623e+04 0.0000e+00
3.9800e+03 1.0381e-11 8.6246e-01 1.4108e+03 2.1456e+03 4.4000e+03 1.5644e+20 1.8826e+20 1.8826e+20 6.9065e-02 0.0000e+00 4.8774e+04 0.0000e+00
3.9900e+03 1.0341e-11 8.6214e-01 1.4104e+03 2.1450e+03 4.4000e+03 1.5783e+20 1.8978e+20 1.8978e+20 6.8825e-02 0.0000e+00 4.8924e+04 0.0000e+00
4.0000e+03 1.0301e-11 8.6182e-01 1.4100e+03 2.1443e+03 4.4000e+03 1.5924e+20 1.9131e+20 1.9131e+20 6.8586e-02 0.0000e+00 4.9076e+04 0.0000e+00
4.0100e+03 1.0261e-11 8.6150e-01 1.4095e+03 2.1436e+03 4.4000e+03 1.6066e+20 1.9285e+20 1.9285e+20 6.8348e-02 0.0000e+00 4.9227e+04 0.0000e+00
4.0200e+03 1.0222e-11 8.6117e-01 1.4091e+03 2.1430e+03 4.4000e+03 1.6209e+20 1.9441e+20 1.9441e+20 6.8111e-02 0.0000e+00 4.9380e+04 0.0000e+00
4.0300e+03 1.0183e-11 8.6085e-01 1.4087e+03 2.1423e+03 4.4000e+03 1.6353e+20 1.9597e+20 1.9597e+20 6.7875e-02 0.0000e+00 4.9532e+04 0.0000e+00
4.0400e+03 1.0144e-11 8.6053e-01 1.4082e+03 2.1417e+03 4.4000e+03 1.6499e+20 1.9755e+20 1.9755e+20 6.7640e-02 0.0000e+00 4.9685e+04 0.0000e+00
4.0500e+03 1.0105e-11 8.6020e-01 1.4078e+03 2.1410e+03 4.4000e+03 1.6646e+20 1.9914e+20 1.9914e+20 6.7406e-02 0.0000e+00 4.9839e+04 0.0000e+00
4.0600e+03 1.0066e-11 8.5988e-01 1.4074e+03 2.1404e+03 4.4000e+03 1.6794e+20 2.0074e+20 2.0074e+20 6.7172e-02 0.0000e+00 4.9993e+04 0.0000e+00
4.0700e+03 1.0027e-11 8.5956e-01 1.4069e+03 2.1397e+03 4.4000e+03 1.6944e+20 2.0235e+20 2.0235e+20 6.6940e-02 0.0000e+00 5.0147e+04 0.0000e+00
4.0800e+03 9.9888e-12 8.5923e-01 1.4065e+03 2.1390e+03 4.4000e+03 1.7095e+20 2.0398e+20 2.0398e+20 6.6708e-02 0.0000e+00 5.0302e+04 0.0000e+00
4.0900e+03 9.9504e-12 8.5890e-01 1.4061e+03 2.1384e+03 4.4000e+03 1.7247e+20 2.0561e+20 2.0561e+20 6.6477e-02 0.0000e+00 5.0457e+04 0.0000e+00
4.1000e+03 9.9122e-12 8.5858e-01 1.4057e+03 2.1377e+03 4.4000e+03 1.7401e+20 2.0726e+20 2.0726e+20 6.6247e-02 0.0000e+00 5.0613e+04 0.0000e+00
4.1100e+03 9.8742e-12 8.5825e-01 1.4052e+03 2.1371e+03 4.4000e+03 1.7556e+20 2.0892e+20 2.0892e+20 6.6017e-02 0.0000e+00 5.0770e+04 0.0000e+00
4.1200e+03 9.8363e-12 8.5792e-01 1.4048e+03 2.1364e+03 4.4000e+03 1.7712e+20 2.1060e+20 2.1060e+20 6.5789e-02 0.0000e+00 5.0926e+04 0.0000e+00
4.1300e+03 9.7985e-12 8.5760e-01 1.4044e+03 2.1358e+03 4.4000e+03 1.7870e+20 2.1228e+20 2.1228e+20 6.5561e-02 0.0000e+00 5.1083e+04 0.0000e+00
4.1400e+03 9.7609e-12 8.5727e-01 1.4039e+03 2.1351e+03 4.4000e+03 1.8029e+20 2.1398e+20 2.1398e+20 6.5335e-02 0.0000e+00 5.1241e+04 0.0000e+00
4.1500e+03 9.7234e-12 8.5694e-01 1.4035e+03 2.1345e+03 4.4000e+03 1.8189e+20 2.1569e+20 2.1569e+20 6.5109e-02 0.0000e+00 5.1399e+04 0.0000e+00
4.1600e+03 9.6860e-12 8.5661e-01 1.4031e+03 2.1338e+03 4.4000e+03 1.8351e+20 2.1742e+20 2.1742e+20 6.4884e-02 0.0000e+00 5.1558e+04 0.0000e+00
4.1700e+03 9.6488e-12 8.5628e-01 1.4027e+03 2.1332e+03 4.4000e+03 1.8514e+20 2.1915e+20 2.1915e+20 6.4659e-02 0.0000e+00 5.1717e+04 0.0000e+00
4.1800e+03 9.6118e-12 8.5595e-01 1.4022e+03 2.1325e+03 4.4000e+03 1.8679e+20 2.2090e+20 2.2090e+20 6.4436e-02 0.0000e+00 5.1876e+04 0.0000e+00
4.1900e+03 9.5749e-12 8.5562e-01 1.4018e+03 2.1319e+03 4.4000e+03 1.8845e+20 2.2267e+20 2.2267e+20 6.4213e-02 0.0000e+00 5.2036e+04 0.0000e+00
4.2000e+03 9.5381e-12 8.5529e-01 1.4014e+03 2.1312e+03 4.4000e+03 1.9013e+20 2.2444e+20 2.2444e+20 6.3992e-02 0.0000e+00 5.2197e+04 0.0000e+00
4.2100e+03 9.5015e-12 8.5496e-01 1.4010e+03 2.1306e+03 4.4000e+03 1.9182e+20 2.2623e+20 2.2623e+20 6.3771e-02 0.0000e+00 5.2358e+04 0.0000e+00
4.2200e+03 9.4650e-12 8.5462e-01 1.4005e+03 2.1300e+03 4.4000e+03 1.9352e+20 2.2803e+20 2.2803e+20 6.3550e-02 0.0000e+00 5.2519e+04 0.0000e+00
4.2300e+03 9.4287e-12 8.5429e-01 1.4001e+03 2.1293e+03 4.4000e+03 1.9525e+20 2.2985e+20 2.2985e+20 6.3331e-02 0.0000e+00 5.2681e+04 0.0000e+00
4.2400e+03 9.3925e-12 8.5396e-01 1.3997e+03 2.1287e+03 4.4000e+03 1.9698e+20 2.3168e+20 2.3168e+20 6.3113e-02 0.0000e+00 5.2843e+04 0.0000e+00
4.2500e+03 9.3564e-12 8.5362e-01 1.3993e+03 2.1280e+03 4.4000e+03 1.9873e+20 2.3352e+20 2.3352e+20 6.2895e-02 0.0000e+00 5.3006e+04 0.0000e+00
4.2600e+03 9.3205e-12 8.5329e-01 1.3988e+03 2.1274e+03 4.4000e+03 2.0050e+20 2.3538e+20 2.3538e+20 6.2678e-02 0.0000e+00 5.3170e+04 0.0000e+00
4.2700e+03 9.2847e-12 8.5295e-01 1.3984e+03 2.1267e+03 4.4000e+03 2.0228e+20 2.3725e+20 2.3725e+20 6.2462e-02 0.0000e+00 5.3333e+04 0.0000e+00
4.2800e+03 9.2490e-12 8.5262e-01 1.3980e+03 2.1261e+03 4.4000e+03 2.0408e+20 2.3913e+20 2.3913e+20 6.2246e-02 0.0000e+00 5.3498e+04 0.0000e+00
4.2900e+03 9.2135e-12 8.5228e-01 1.3976e+03 2.1255e+03 4.4000e+03 2.0589e+20 2.4103e+20 2.4103e+20 6.2032e-02 0.0000e+00 5.3662e+04 0.0000e+00
4.3000e+03 9.1781e-12 8.5195e-01 1.3972e+03 2.1248e+03 4.4000e+03 2.0772e+20 2.4294e+20 2.4294e+20 6.1818e-02 0.0000e+00 5.3828e+04 0.0000e+00
4.3100e+03 9.1429e-12 8.5161e-01 1.3967e+03 2.1242e+03 4.4000e+03 2.0957e+20 2.4486e+20 2.4486e+20 6.1605e-02 0.0000e+00 5.3993e+04 0.0000e+00
4.3200e+03 9.1078e-12 8.5127e-01 1.3963e+03 2.1236e+03 4.4000e+03 2.1143e+20 2.4680e+20 2.4680e+20 6.1393e-02 0.0000e+00 5.4159e+04 0.0000e+00
4.3300e+03 9.0728e-12 8.5093e-01 1.3959e+03 2.1229e+03 4.4000e+03 2.1330e+20 2.4876e+20 2.4876e+20 6.1181e-02 0.0000e+00 5.4326e+04 0.0000e+00
4.3400e+03 9.0380e-12 8.5060e-01 1.3955e+03 2.1223e+03 4.4000e+03 2.1520e+20 2.5073e+20 2.5073e+20 6.0970e-02 0.0000e+00 5.4493e+04 0.0000e+00
4.3500e+03 9.0032e-12 8.5026e-01 1.3951e+03 2.1216e+03 4.4000e+03 2.1711e+20 2.5271e+20 2.5271e+20 6.0761e-02 0.0000e+00 5.4661e+04 0.0000e+00
4.3600e+03 8.9687e-12 8.4992e-01 1.3947e+03 2.1210e+03 4.4000e+03 2.1904e+20 2.5470e+20 2.5470e+20 6.0551e-02 0.0000e+00 5.4829e+04 0.0000e+00
4.3700e+03 8.9342e-12 8.4958e-01 1.3942e+03 2.1204e+03 4.4000e+03 2.2098e+20 2.5672e+20 2.5672e+20 6.0343e-02 0.0000e+00 5.4998e+04 0.0000e+00
4.3800e+03 8.8999e-12 8.4924e-01 1.3938e+03 2.1197e+03 4.4000e+03 2.2294e+20 2.5874e+20 2.5874e+20 6.0135e-02 0.0000e+00 5.5167e+04 0.0000e+00
4.3900e+03 8.8658e-12 8.4890e-01 1.3934e+03 2.1191e+03 4.4000e+03 2.2492e+20 2.6078e+20 2.6078e+20 5.9928e-02 0.0000e+00 5.5337e+04 0.0000e+00
4.4000e+03 8.8317e-12 8.4855e-01 1.3930e+03 2.1185e+03 4.4000e+03 2.2692e+20 2.6284e+20 2.6284e+20 5.9722e-02 0.0000e+00 5.5507e+04 0.0000e+00
4.4100e+03 8.7978e-12 8.4821e-01 1.3926e+03 2.1179e+03 4.4000e+03 2.2893e+20 2.6491e+20 2.6491e+20 5.9517e-02 0.0000e+00 5.5677e+04 0.0000e+00
4.4200e+03 8.7640e-12 8.4787e-01 1.3922e+03 2.1172e+03 4.4000e+03 2.3096e+20 2.6700e+20 2.6700e+20 5.9312e-02 0.0000e+00 5.5849e+04 0.0000e+00
4.4300e+03 8.7304e-12 8.4753e-01 1.3918e+03 2.1166e+03 4.4000e+03 2.3301e+20 2.6910e+20 2.6910e+20 5.9109e-02 0.0000e+00 5.6020e+04 0.0000e+00
4.4400e+03 8.6968e-12 8.4718e-01 1.3913e+03 2.1160e+03 4.4000e+03 2.3508e+20 2.7121e+20 2.7121e+20 5.8905e-02 0.0000e+00 5.6192e+04 0.0000e+00
4.4500e+03 8.6634e-12 8.4684e-01 1.3909e+03 2.1153e+03 4.4000e+03 2.3716e+20 2.7335e+20 2.7335e+20 5.8703e-02 0.0000e+00 5.6365e+04 0.0000e+00
4.4600e+03 8.6302e-12 8.4650e-01 1.3905e+03 2.1147e+03 4.4000e+03 2.3926e+20 2.7549e+20 2.7549e+20 5.8501e-02 0.0000e+00 5.6538e+04 0.0000e+00
4.4700e+03 8.5970e-12 8.4615e-01 1.3901e+03 2.1141e+03 4.4000e+03 2.4139e+20 2.7766e+20 2.7766e+20 5.8301e-02 0.0000e+00 5.6712e+04 0.0000e+00
4.4800e+03 8.5640e-12 8.4581e-01 1.3897e+03 2.1135e+03 4.4000e+03 2.4353e+20 2.7983e+20 2.7983e+20 5.8100e-02 0.0000e+00 5.6886e+04 0.0000e+00
4.4900e+03 8.5311e-12 8.4546e-01 1.3893e+03 2.1128e+03 4.4000e+03 2.4568e+20 2.8203e+20 2.8203e+20 5.7901e-02 0.0000e+00 5.7061e+04 0.0000e+00
4.5000e+03 8.4984e-12 8.4511e-01 1.3889e+03 2.1122e+03 4.4000e+03 2.4786e+20 2.8424e+20 2.8424e+20 5.7702e-02 0.0000e+00 5.7236e+04 0.0000e+00
4.5100e+03 8.4657e-12 8.4477e-01 1.3885e+03 2.1116e+03 4.4000e+03 2.5006e+20 2.8646e+20 2.8646e+20 5.7504e-02 0.0000e+00 5.7411e+04 0.0000e+00
4.5200e+03 8.4332e-12 8.4442e-01 1.3881e+03 2.1110e+03 4.4000e+03 2.5227e+20 2.8871e+20 2.8871e+20 5.7307e-02 0.0000e+00 5.7588e+04 0.0000e+00
4.5300e+03 8.4008e-12 8.4407e-01 1.3877e+03 2.1104e+03 4.4000e+03 2.5451e+20 2.9096e+20 2.9096e+20 5.7110e-02 0.0000e+00 5.7764e+04 0.0000e+00
4.5400e+03 8.3686e-12 8.4372e-01 1.3872e+03 2.1097e+03 4.4000e+03 2.5677e+20 2.9324e+20 2.9324e+20 5.6915e-02 0.0000e+00 5.7942e+04 0.0000e+00
4.5500e+03 0.0000e+00 0.0000e+00 1.3868e+03 0.0000e+00 4.4000e+03 0.0000e+00 0.0000e+00 0.0000e+00 0.0000e+00 0.0000e+00 0.0000e+00 0.0000e+00
