0.0000e+00 2.4000e-11 4.0623e-01 1.7000e+03 3.4510e+03 4.4000e+03 2.2229e+18 1.9129e+18 1.9129e+18 4.6826e-01 0.0000e+00 9.0462e+03 0.0000e+00
1.0000e+01 2.3908e-11 3.8183e-01 1.6908e+03 3.4323e+03 4.4000e+03 1.8190e+18 2.1503e+18 2.1503e+18 4.9628e-01 0.0000e+00 8.4799e+03 0.0000e+00
2.0000e+01 2.3816e-11 4.0044e-01 1.6806e+03 3.4117e+03 4.4000e+03 2.0616e+18 2.4503e+18 2.4503e+18 4.7140e-01 0.0000e+00 8.8626e+03 0.0000e+00
3.0000e+01 2.3725e-11 4.1946e-01 1.6712e+03 3.3927e+03 4.4000e+03 2.3332e+18 2.7675e+18 2.7675e+18 4.4829e-01 0.0000e+00 9.2567e+03 0.0000e+00
4.0000e+01 2.3633e-11 4.3789e-01 1.6626e+03 3.3751e+03 4.4000e+03 2.6189e+18 3.0996e+18 3.0996e+18 4.2777e-01 0.0000e+00 9.6402e+03 0.0000e+00
5.0000e+01 2.3543e-11 4.5572e-01 1.6546e+03 3.3590e+03 4.4000e+03 2.9175e+18 3.4452e+18 3.4452e+18 4.0946e-01 0.0000e+00 1.0013e+04 0.0000e+00
6.0000e+01 2.3452e-11 4.7294e-01 1.6472e+03 3.3440e+03 4.4000e+03 3.2280e+18 3.8034e+18 3.8034e+18 3.9304e-01 0.0000e+00 1.0375e+04 0.0000e+00
7.0000e+01 2.3362e-11 4.8957e-01 1.6404e+03 3.3300e+03 4.4000e+03 3.5496e+18 4.1730e+18 4.1730e+18 3.7823e-01 0.0000e+00 1.0727e+04 0.0000e+00
8.0000e+01 2.3273e-11 5.0562e-01 1.6340e+03 3.3170e+03 4.4000e+03 3.8812e+18 4.5530e+18 4.5530e+18 3.6482e-01 0.0000e+00 1.1068e+04 0.0000e+00
9.0000e+01 2.3183e-11 5.2109e-01 1.6280e+03 3.3049e+03 4.4000e+03 4.2221e+18 4.9421e+18 4.9421e+18 3.5262e-01 0.0000e+00 1.1400e+04 0.0000e+00
1.0000e+02 2.3094e-11 5.3602e-01 1.6224e+03 3.2935e+03 4.4000e+03 4.5715e+18 5.3395e+18 5.3395e+18 3.4149e-01 0.0000e+00 1.1723e+04 0.0000e+00
1.1000e+02 2.3005e-11 5.5039e-01 1.6171e+03 3.2828e+03 4.4000e+03 4.9283e+18 5.7442e+18 5.7442e+18 3.3129e-01 0.0000e+00 1.2036e+04 0.0000e+00
1.2000e+02 2.2917e-11 5.6424e-01 1.6122e+03 3.2728e+03 4.4000e+03 5.2920e+18 6.1552e+18 6.1552e+18 3.2192e-01 0.0000e+00 1.2340e+04 0.0000e+00
1.3000e+02 2.2829e-11 5.7757e-01 1.6076e+03 3.2634e+03 4.4000e+03 5.6617e+18 6.5717e+18 6.5717e+18 3.1328e-01 0.0000e+00 1.2636e+04 0.0000e+00
1.4000e+02 2.2741e-11 5.9040e-01 1.6032e+03 3.2545e+03 4.4000e+03 6.0367e+18 6.9929e+18 6.9929e+18 3.0530e-01 0.0000e+00 1.2923e+04 0.0000e+00
1.5000e+02 2.2654e-11 6.0275e-01 1.5990e+03 3.2461e+03 4.4000e+03 6.4164e+18 7.4180e+18 7.4180e+18 2.9790e-01 0.0000e+00 1.3203e+04 0.0000e+00
1.6000e+02 2.2567e-11 6.1462e-01 1.5951e+03 3.2381e+03 4.4000e+03 6.8000e+18 7.8462e+18 7.8462e+18 2.9102e-01 0.0000e+00 1.3474e+04 0.0000e+00
1.7000e+02 2.2480e-11 6.2604e-01 1.5914e+03 3.2305e+03 4.4000e+03 7.1870e+18 8.2770e+18 8.2770e+18 2.8462e-01 0.0000e+00 1.3738e+04 0.0000e+00
1.8000e+02 2.2394e-11 6.3701e-01 1.5878e+03 3.2234e+03 4.4000e+03 7.5769e+18 8.7097e+18 8.7097e+18 2.7864e-01 0.0000e+00 1.3995e+04 0.0000e+00
1.9000e+02 2.2308e-11 6.4755e-01 1.5845e+03 3.2166e+03 4.4000e+03 7.9691e+18 9.1437e+18 9.1437e+18 2.7305e-01 0.0000e+00 1.4245e+04 0.0000e+00
2.0000e+02 2.2223e-11 6.5769e-01 1.5813e+03 3.2101e+03 4.4000e+03 8.3631e+18 9.5786e+18 9.5786e+18 2.6781e-01 0.0000e+00 1.4488e+04 0.0000e+00
2.1000e+02 2.2137e-11 6.6742e-01 1.5783e+03 3.2039e+03 4.4000e+03 8.7585e+18 1.0014e+19 1.0014e+19 2.6289e-01 0.0000e+00 1.4724e+04 0.0000e+00
2.2000e+02 2.2052e-11 6.7676e-01 1.5754e+03 3.1980e+03 4.4000e+03 9.1549e+18 1.0449e+19 1.0449e+19 2.5827e-01 0.0000e+00 1.4954e+04 0.0000e+00
2.3000e+02 2.1967e-11 6.8574e-01 1.5726e+03 3.1924e+03 4.4000e+03 9.5519e+18 1.0884e+19 1.0884e+19 2.5391e-01 0.0000e+00 1.5178e+04 0.0000e+00
2.4000e+02 2.1883e-11 6.9435e-01 1.5700e+03 3.1870e+03 4.4000e+03 9.9492e+18 1.1318e+19 1.1318e+19 2.4979e-01 0.0000e+00 1.5396e+04 0.0000e+00
2.5000e+02 2.1799e-11 7.0262e-01 1.5674e+03 3.1819e+03 4.4000e+03 1.0346e+19 1.1750e+19 1.1750e+19 2.4591e-01 0.0000e+00 1.5609e+04 0.0000e+00
2.6000e+02 2.1715e-11 7.1056e-01 1.5650e+03 3.1770e+03 4.4000e+03 1.0743e+19 1.2182e+19 1.2182e+19 2.4223e-01 0.0000e+00 1.5816e+04 0.0000e+00
2.7000e+02 2.1632e-11 7.1817e-01 1.5627e+03 3.1723e+03 4.4000e+03 1.1140e+19 1.2612e+19 1.2612e+19 2.3874e-01 0.0000e+00 1.6018e+04 0.0000e+00
2.8000e+02 2.1549e-11 7.2548e-01 1.5604e+03 3.1677e+03 4.4000e+03 1.1536e+19 1.3040e+19 1.3040e+19 2.3543e-01 0.0000e+00 1.6215e+04 0.0000e+00
2.9000e+02 2.1466e-11 7.3249e-01 1.5583e+03 3.1634e+03 4.4000e+03 1.1930e+19 1.3466e+19 1.3466e+19 2.3228e-01 0.0000e+00 1.6407e+04 0.0000e+00
3.0000e+02 2.1384e-11 7.3921e-01 1.5562e+03 3.1592e+03 4.4000e+03 1.2324e+19 1.3890e+19 1.3890e+19 2.2928e-01 0.0000e+00 1.6594e+04 0.0000e+00
3.1000e+02 2.1302e-11 7.4566e-01 1.5543e+03 3.1552e+03 4.4000e+03 1.2716e+19 1.4312e+19 1.4312e+19 2.2643e-01 0.0000e+00 1.6777e+04 0.0000e+00
3.2000e+02 2.1220e-11 7.5184e-01 1.5523e+03 3.1513e+03 4.4000e+03 1.3107e+19 1.4731e+19 1.4731e+19 2.2370e-01 0.0000e+00 1.6956e+04 0.0000e+00
3.3000e+02 2.1138e-11 7.5777e-01 1.5505e+03 3.1476e+03 4.4000e+03 1.3496e+19 1.5148e+19 1.5148e+19 2.2110e-01 0.0000e+00 1.7130e+04 0.0000e+00
3.4000e+02 2.1057e-11 7.6345e-01 1.5487e+03 3.1440e+03 4.4000e+03 1.3884e+19 1.5562e+19 1.5562e+19 2.1861e-01 0.0000e+00 1.7301e+04 0.0000e+00
3.5000e+02 2.0976e-11 7.6890e-01 1.5470e+03 3.1405e+03 4.4000e+03 1.4270e+19 1.5973e+19 1.5973e+19 2.1623e-01 0.0000e+00 1.7468e+04 0.0000e+00
3.6000e+02 2.0896e-11 7.7412e-01 1.5454e+03 3.1371e+03 4.4000e+03 1.4655e+19 1.6382e+19 1.6382e+19 2.1394e-01 0.0000e+00 1.7631e+04 0.0000e+00
3.7000e+02 2.0816e-11 7.7913e-01 1.5438e+03 3.1339e+03 4.4000e+03 1.5037e+19 1.6789e+19 1.6789e+19 2.1175e-01 0.0000e+00 1.7791e+04 0.0000e+00
3.8000e+02 2.0736e-11 7.8393e-01 1.5422e+03 3.1307e+03 4.4000e+03 1.5418e+19 1.7193e+19 1.7193e+19 2.0965e-01 0.0000e+00 1.7947e+04 0.0000e+00
3.9000e+02 2.0656e-11 7.8852e-01 1.5407e+03 3.1277e+03 4.4000e+03 1.5797e+19 1.7594e+19 1.7594e+19 2.0763e-01 0.0000e+00 1.8100e+04 0.0000e+00
4.0000e+02 2.0577e-11 7.9293e-01 1.5392e+03 3.1247e+03 4.4000e+03 1.6175e+19 1.7992e+19 1.7992e+19 2.0568e-01 0.0000e+00 1.8250e+04 0.0000e+00
4.1000e+02 2.0498e-11 7.9715e-01 1.5378e+03 3.1218e+03 4.4000e+03 1.6550e+19 1.8388e+19 1.8388e+19 2.0381e-01 0.0000e+00 1.8397e+04 0.0000e+00
4.2000e+02 2.0419e-11 8.0119e-01 1.5365e+03 3.1191e+03 4.4000e+03 1.6924e+19 1.8781e+19 1.8781e+19 2.0200e-01 0.0000e+00 1.8542e+04 0.0000e+00
4.3000e+02 2.0341e-11 8.0507e-01 1.5351e+03 3.1164e+03 4.4000e+03 1.7296e+19 1.9172e+19 1.9172e+19 2.0026e-01 0.0000e+00 1.8683e+04 0.0000e+00
4.4000e+02 2.0262e-11 8.0877e-01 1.5338e+03 3.1137e+03 4.4000e+03 1.7666e+19 1.9561e+19 1.9561e+19 1.9857e-01 0.0000e+00 1.8822e+04 0.0000e+00
4.5000e+02 2.0185e-11 8.1233e-01 1.5326e+03 3.1112e+03 4.4000e+03 1.8035e+19 1.9947e+19 1.9947e+19 1.9694e-01 0.0000e+00 1.8958e+04 0.0000e+00
4.6000e+02 2.0107e-11 8.1573e-01 1.5314e+03 3.1087e+03 4.4000e+03 1.8402e+19 2.0330e+19 2.0330e+19 1.9537e-01 0.0000e+00 1.9092e+04 0.0000e+00
4.7000e+02 2.0030e-11 8.1899e-01 1.5302e+03 3.1063e+03 4.4000e+03 1.8767e+19 2.0712e+19 2.0712e+19 1.9384e-01 0.0000e+00 1.9224e+04 0.0000e+00
4.8000e+02 1.9953e-11 8.2211e-01 1.5290e+03 3.1039e+03 4.4000e+03 1.9131e+19 2.1091e+19 2.1091e+19 1.9237e-01 0.0000e+00 1.9353e+04 0.0000e+00
4.9000e+02 1.9876e-11 8.2509e-01 1.5279e+03 3.1016e+03 4.4000e+03 1.9493e+19 2.1468e+19 2.1468e+19 1.9094e-01 0.0000e+00 1.9481e+04 0.0000e+00
5.0000e+02 1.9800e-11 8.2795e-01 1.5268e+03 3.0994e+03 4.4000e+03 1.9854e+19 2.1843e+19 2.1843e+19 1.8955e-01 0.0000e+00 1.9606e+04 0.0000e+00
5.1000e+02 1.9724e-11 8.3069e-01 1.5257e+03 3.0972e+03 4.4000e+03 2.0213e+19 2.2216e+19 2.2216e+19 1.8820e-01 0.0000e+00 1.9730e+04 0.0000e+00
5.2000e+02 1.9648e-11 8.3331e-01 1.5246e+03 3.0950e+03 4.4000e+03 2.0572e+19 2.2587e+19 2.2587e+19 1.8688e-01 0.0000e+00 1.9851e+04 0.0000e+00
5.3000e+02 1.9573e-11 8.3581e-01 1.5236e+03 3.0929e+03 4.4000e+03 2.0929e+19 2.2957e+19 2.2957e+19 1.8561e-01 0.0000e+00 1.9971e+04 0.0000e+00
5.4000e+02 1.9498e-11 8.3821e-01 1.5226e+03 3.0909e+03 4.4000e+03 2.1285e+19 2.3324e+19 2.3324e+19 1.8437e-01 0.0000e+00 2.0089e+04 0.0000e+00
5.5000e+02 1.9423e-11 8.4051e-01 1.5216e+03 3.0889e+03 4.4000e+03 2.1640e+19 2.3691e+19 2.3691e+19 1.8316e-01 0.0000e+00 2.0205e+04 0.0000e+00
5.6000e+02 1.9348e-11 8.4270e-01 1.5206e+03 3.0869e+03 4.4000e+03 2.1994e+19 2.4055e+19 2.4055e+19 1.8198e-01 0.0000e+00 2.0320e+04 0.0000e+00
5.7000e+02 1.9274e-11 8.4480e-01 1.5197e+03 3.0850e+03 4.4000e+03 2.2347e+19 2.4418e+19 2.4418e+19 1.8083e-01 0.0000e+00 2.0434e+04 0.0000e+00
5.8000e+02 1.9200e-11 8.4680e-01 1.5187e+03 3.0831e+03 4.4000e+03 2.2699e+19 2.4780e+19 2.4780e+19 1.7971e-01 0.0000e+00 2.0546e+04 0.0000e+00
5.9000e+02 1.9126e-11 8.4872e-01 1.5178e+03 3.0812e+03 4.4000e+03 2.3050e+19 2.5141e+19 2.5141e+19 1.7861e-01 0.0000e+00 2.0656e+04 0.0000e+00
6.0000e+02 1.9053e-11 8.5056e-01 1.5169e+03 3.0794e+03 4.4000e+03 2.3401e+19 2.5500e+19 2.5500e+19 1.7754e-01 0.0000e+00 2.0765e+04 0.0000e+00
6.1000e+02 1.8980e-11 8.5231e-01 1.5160e+03 3.0776e+03 4.4000e+03 2.3751e+19 2.5859e+19 2.5859e+19 1.7650e-01 0.0000e+00 2.0873e+04 0.0000e+00
6.2000e+02 1.8907e-11 8.5399e-01 1.5152e+03 3.0759e+03 4.4000e+03 2.4101e+19 2.6216e+19 2.6216e+19 1.7548e-01 0.0000e+00 2.0980e+04 0.0000e+00
6.3000e+02 1.8834e-11 8.5559e-01 1.5143e+03 3.0741e+03 4.4000e+03 2.4450e+19 2.6573e+19 2.6573e+19 1.7448e-01 0.0000e+00 2.1086e+04 0.0000e+00
6.4000e+02 1.8762e-11 8.5711e-01 1.5135e+03 3.0724e+03 4.4000e+03 2.4799e+19 2.6928e+19 2.6928e+19 1.7350e-01 0.0000e+00 2.1191e+04 0.0000e+00
6.5000e+02 1.8690e-11 8.5857e-01 1.5127e+03 3.0708e+03 4.4000e+03 2.5148e+19 2.7283e+19 2.7283e+19 1.7254e-01 0.0000e+00 2.1294e+04 0.0000e+00
6.6000e+02 1.8618e-11 8.5997e-01 1.5119e+03 3.0691e+03 4.4000e+03 2.5496e+19 2.7638e+19 2.7638e+19 1.7159e-01 0.0000e+00 2.1397e+04 0.0000e+00
6.7000e+02 1.8546e-11 8.6130e-01 1.5111e+03 3.0675e+03 4.4000e+03 2.5845e+19 2.7992e+19 2.7992e+19 1.7067e-01 0.0000e+00 2.1499e+04 0.0000e+00
6.8000e+02 1.8475e-11 8.6257e-01 1.5103e+03 3.0659e+03 4.4000e+03 2.6193e+19 2.8345e+19 2.8345e+19 1.6977e-01 0.0000e+00 2.1599e+04 0.0000e+00
6.9000e+02 1.8404e-11 8.6378e-01 1.5095e+03 3.0644e+03 4.4000e+03 2.6542e+19 2.8698e+19 2.8698e+19 1.6888e-01 0.0000e+00 2.1699e+04 0.0000e+00
7.0000e+02 1.8334e-11 8.6493e-01 1.5087e+03 3.0628e+03 4.4000e+03 2.6890e+19 2.9051e+19 2.9051e+19 1.6800e-01 0.0000e+00 2.1799e+04 0.0000e+00
7.1000e+02 1.8263e-11 8.6603e-01 1.5080e+03 3.0613e+03 4.4000e+03 2.7239e+19 2.9404e+19 2.9404e+19 1.6715e-01 0.0000e+00 2.1897e+04 0.0000e+00
7.2000e+02 1.8193e-11 8.6708e-01 1.5073e+03 3.0598e+03 4.4000e+03 2.7588e+19 2.9756e+19 2.9756e+19 1.6630e-01 0.0000e+00 2.1995e+04 0.0000e+00
7.3000e+02 1.8123e-11 8.6808e-01 1.5065e+03 3.0583e+03 4.4000e+03 2.7938e+19 3.0109e+19 3.0109e+19 1.6547e-01 0.0000e+00 2.2092e+04 0.0000e+00
7.4000e+02 1.8054e-11 8.6903e-01 1.5058e+03 3.0568e+03 4.4000e+03 2.8288e+19 3.0461e+19 3.0461e+19 1.6466e-01 0.0000e+00 2.2188e+04 0.0000e+00
7.5000e+02 1.7984e-11 8.6994e-01 1.5051e+03 3.0554e+03 4.4000e+03 2.8638e+19 3.0814e+19 3.0814e+19 1.6385e-01 0.0000e+00 2.2283e+04 0.0000e+00
7.6000e+02 1.7915e-11 8.7080e-01 1.5044e+03 3.0539e+03 4.4000e+03 2.8990e+19 3.1167e+19 3.1167e+19 1.6306e-01 0.0000e+00 2.2378e+04 0.0000e+00
7.7000e+02 1.7846e-11 8.7162e-01 1.5037e+03 3.0525e+03 4.4000e+03 2.9341e+19 3.1520e+19 3.1520e+19 1.6229e-01 0.0000e+00 2.2473e+04 0.0000e+00
7.8000e+02 1.7778e-11 8.7239e-01 1.5030e+03 3.0511e+03 4.4000e+03 2.9694e+19 3.1873e+19 3.1873e+19 1.6152e-01 0.0000e+00 2.2567e+04 0.0000e+00
7.9000e+02 1.7710e-11 8.7313e-01 1.5023e+03 3.0497e+03 4.4000e+03 3.0047e+19 3.2227e+19 3.2227e+19 1.6076e-01 0.0000e+00 2.2660e+04 0.0000e+00
8.0000e+02 1.7642e-11 8.7383e-01 1.5016e+03 3.0483e+03 4.4000e+03 3.0402e+19 3.2582e+19 3.2582e+19 1.6002e-01 0.0000e+00 2.2753e+04 0.0000e+00
8.1000e+02 1.7574e-11 8.7450e-01 1.5010e+03 3.0470e+03 4.4000e+03 3.0757e+19 3.2937e+19 3.2937e+19 1.5928e-01 0.0000e+00 2.2846e+04 0.0000e+00
8.2000e+02 1.7506e-11 8.7513e-01 1.5003e+03 3.0456e+03 4.4000e+03 3.1113e+19 3.3292e+19 3.3292e+19 1.5855e-01 0.0000e+00 2.2938e+04 0.0000e+00
8.3000e+02 1.7439e-11 8.7573e-01 1.4996e+03 3.0443e+03 4.4000e+03 3.1471e+19 3.3648e+19 3.3648e+19 1.5784e-01 0.0000e+00 2.3029e+04 0.0000e+00
8.4000e+02 1.7372e-11 8.7629e-01 1.4990e+03 3.0430e+03 4.4000e+03 3.1829e+19 3.4005e+19 3.4005e+19 1.5713e-01 0.0000e+00 2.3121e+04 0.0000e+00
8.5000e+02 1.7306e-11 8.7683e-01 1.4983e+03 3.0417e+03 4.4000e+03 3.2189e+19 3.4363e+19 3.4363e+19 1.5643e-01 0.0000e+00 2.3212e+04 0.0000e+00
8.6000e+02 1.7239e-11 8.7733e-01 1.4977e+03 3.0404e+03 4.4000e+03 3.2550e+19 3.4722e+19 3.4722e+19 1.5574e-01 0.0000e+00 2.3302e+04 0.0000e+00
8.7000e+02 1.7173e-11 8.7781e-01 1.4971e+03 3.0391e+03 4.4000e+03 3.2913e+19 3.5082e+19 3.5082e+19 1.5506e-01 0.0000e+00 2.3392e+04 0.0000e+00
8.8000e+02 1.7107e-11 8.7826e-01 1.4964e+03 3.0378e+03 4.4000e+03 3.3277e+19 3.5443e+19 3.5443e+19 1.5438e-01 0.0000e+00 2.3482e+04 0.0000e+00
8.9000e+02 1.7041e-11 8.7868e-01 1.4958e+03 3.0366e+03 4.4000e+03 3.3642e+19 3.5804e+19 3.5804e+19 1.5372e-01 0.0000e+00 2.3572e+04 0.0000e+00
9.0000e+02 1.6976e-11 8.7908e-01 1.4952e+03 3.0353e+03 4.4000e+03 3.4009e+19 3.6167e+19 3.6167e+19 1.5306e-01 0.0000e+00 2.3662e+04 0.0000e+00
9.1000e+02 1.6911e-11 8.7945e-01 1.4946e+03 3.0341e+03 4.4000e+03 3.4378e+19 3.6532e+19 3.6532e+19 1.5241e-01 0.0000e+00 2.3751e+04 0.0000e+00
9.2000e+02 1.6846e-11 8.7980e-01 1.4940e+03 3.0328e+03 4.4000e+03 3.4748e+19 3.6897e+19 3.6897e+19 1.5176e-01 0.0000e+00 2.3840e+04 0.0000e+00
9.3000e+02 1.6781e-11 8.8012e-01 1.4934e+03 3.0316e+03 4.4000e+03 3.5120e+19 3.7264e+19 3.7264e+19 1.5112e-01 0.0000e+00 2.3929e+04 0.0000e+00
9.4000e+02 1.6717e-11 8.8043e-01 1.4928e+03 3.0304e+03 4.4000e+03 3.5494e+19 3.7632e+19 3.7632e+19 1.5049e-01 0.0000e+00 2.4017e+04 0.0000e+00
9.5000e+02 1.6652e-11 8.8071e-01 1.4922e+03 3.0292e+03 4.4000e+03 3.5870e+19 3.8002e+19 3.8002e+19 1.4986e-01 0.0000e+00 2.4106e+04 0.0000e+00
9.6000e+02 1.6588e-11 8.8098e-01 1.4916e+03 3.0280e+03 4.4000e+03 3.6247e+19 3.8373e+19 3.8373e+19 1.4924e-01 0.0000e+00 2.4194e+04 0.0000e+00
9.7000e+02 1.6525e-11 8.8122e-01 1.4910e+03 3.0268e+03 4.4000e+03 3.6627e+19 3.8745e+19 3.8745e+19 1.4863e-01 0.0000e+00 2.4282e+04 0.0000e+00
9.8000e+02 1.6461e-11 8.8145e-01 1.4904e+03 3.0256e+03 4.4000e+03 3.7008e+19 3.9119e+19 3.9119e+19 1.4802e-01 0.0000e+00 2.4370e+04 0.0000e+00
9.9000e+02 1.6398e-11 8.8166e-01 1.4898e+03 3.0244e+03 4.4000e+03 3.7392e+19 3.9495e+19 3.9495e+19 1.4742e-01 0.0000e+00 2.4458e+04 0.0000e+00
1.0000e+03 1.6335e-11 8.8185e-01 1.4892e+03 3.0232e+03 4.4000e+03 3.7778e+19 3.9872e+19 3.9872e+19 1.4682e-01 0.0000e+00 2.4546e+04 0.0000e+00
1.0100e+03 1.6272e-11 8.8202e-01 1.4887e+03 3.0220e+03 4.4000e+03 3.8166e+19 4.0252e+19 4.0252e+19 1.4623e-01 0.0000e+00 2.4633e+04 0.0000e+00
1.0200e+03 1.6210e-11 8.8218e-01 1.4881e+03 3.0209e+03 4.4000e+03 3.8556e+19 4.0633e+19 4.0633e+19 1.4564e-01 0.0000e+00 2.4721e+04 0.0000e+00
1.0300e+03 1.6148e-11 8.8232e-01 1.4875e+03 3.0197e+03 4.4000e+03 3.8949e+19 4.1015e+19 4.1015e+19 1.4506e-01 0.0000e+00 2.4808e+04 0.0000e+00
1.0400e+03 1.6086e-11 8.8245e-01 1.4870e+03 3.0186e+03 4.4000e+03 3.9344e+19 4.1400e+19 4.1400e+19 1.4448e-01 0.0000e+00 2.4896e+04 0.0000e+00
1.0500e+03 1.6024e-11 8.8256e-01 1.4864e+03 3.0174e+03 4.4000e+03 3.9741e+19 4.1787e+19 4.1787e+19 1.4390e-01 0.0000e+00 2.4983e+04 0.0000e+00
1.0600e+03 1.5962e-11 8.8266e-01 1.4858e+03 3.0163e+03 4.4000e+03 4.0141e+19 4.2175e+19 4.2175e+19 1.4334e-01 0.0000e+00 2.5071e+04 0.0000e+00
1.0700e+03 1.5901e-11 8.8275e-01 1.4853e+03 3.0152e+03 4.4000e+03 4.0543e+19 4.2566e+19 4.2566e+19 1.4277e-01 0.0000e+00 2.5158e+04 0.0000e+00
1.0800e+03 1.5840e-11 8.8282e-01 1.4847e+03 3.0140e+03 4.4000e+03 4.0948e+19 4.2959e+19 4.2959e+19 1.4221e-01 0.0000e+00 2.5246e+04 0.0000e+00
1.0900e+03 1.5779e-11 8.8289e-01 1.4842e+03 3.0129e+03 4.4000e+03 4.1356e+19 4.3353e+19 4.3353e+19 1.4165e-01 0.0000e+00 2.5333e+04 0.0000e+00
1.1000e+03 1.5719e-11 8.8294e-01 1.4836e+03 3.0118e+03 4.4000e+03 4.1766e+19 4.3750e+19 4.3750e+19 1.4110e-01 0.0000e+00 2.5420e+04 0.0000e+00
1.1100e+03 1.5658e-11 8.8297e-01 1.4831e+03 3.0107e+03 4.4000e+03 4.2179e+19 4.4149e+19 4.4149e+19 1.4056e-01 0.0000e+00 2.5508e+04 0.0000e+00
1.1200e+03 1.5598e-11 8.8300e-01 1.4825e+03 3.0096e+03 4.4000e+03 4.2595e+19 4.4551e+19 4.4551e+19 1.4001e-01 0.0000e+00 2.5595e+04 0.0000e+00
1.1300e+03 1.5538e-11 8.8302e-01 1.4820e+03 3.0085e+03 4.4000e+03 4.3013e+19 4.4954e+19 4.4954e+19 1.3947e-01 0.0000e+00 2.5683e+04 0.0000e+00
1.1400e+03 1.5478e-11 8.8302e-01 1.4814e+03 3.0074e+03 4.4000e+03 4.3435e+19 4.5360e+19 4.5360e+19 1.3893e-01 0.0000e+00 2.5770e+04 0.0000e+00
1.1500e+03 1.5419e-11 8.8302e-01 1.4809e+03 3.0063e+03 4.4000e+03 4.3859e+19 4.5769e+19 4.5769e+19 1.3840e-01 0.0000e+00 2.5858e+04 0.0000e+00
1.1600e+03 1.5360e-11 8.8300e-01 1.4804e+03 3.0052e+03 4.4000e+03 4.4286e+19 4.6179e+19 4.6179e+19 1.3787e-01 0.0000e+00 2.5945e+04 0.0000e+00
1.1700e+03 1.5301e-11 8.8298e-01 1.4798e+03 3.0041e+03 4.4000e+03 4.4717e+19 4.6592e+19 4.6592e+19 1.3735e-01 0.0000e+00 2.6033e+04 0.0000e+00
1.1800e+03 1.5242e-11 8.8295e-01 1.4793e+03 3.0030e+03 4.4000e+03 4.5150e+19 4.7008e+19 4.7008e+19 1.3682e-01 0.0000e+00 2.6121e+04 0.0000e+00
1.1900e+03 1.5184e-11 8.8291e-01 1.4788e+03 3.0020e+03 4.4000e+03 4.5586e+19 4.7426e+19 4.7426e+19 1.3630e-01 0.0000e+00 2.6208e+04 0.0000e+00
1.2000e+03 1.5125e-11 8.8286e-01 1.4782e+03 3.0009e+03 4.4000e+03 4.6026e+19 4.7847e+19 4.7847e+19 1.3579e-01 0.0000e+00 2.6296e+04 0.0000e+00
1.2100e+03 1.5067e-11 8.8280e-01 1.4777e+03 2.9998e+03 4.4000e+03 4.6469e+19 4.8270e+19 4.8270e+19 1.3528e-01 0.0000e+00 2.6384e+04 0.0000e+00
1.2200e+03 1.5009e-11 8.8274e-01 1.4772e+03 2.9987e+03 4.4000e+03 4.6915e+19 4.8696e+19 4.8696e+19 1.3477e-01 0.0000e+00 2.6472e+04 0.0000e+00
1.2300e+03 1.4952e-11 8.8267e-01 1.4767e+03 2.9977e+03 4.4000e+03 4.7365e+19 4.9125e+19 4.9125e+19 1.3426e-01 0.0000e+00 2.6560e+04 0.0000e+00
1.2400e+03 1.4894e-11 8.8259e-01 1.4761e+03 2.9966e+03 4.4000e+03 4.7817e+19 4.9556e+19 4.9556e+19 1.3376e-01 0.0000e+00 2.6649e+04 0.0000e+00
1.2500e+03 1.4837e-11 8.8250e-01 1.4756e+03 2.9956e+03 4.4000e+03 4.8274e+19 4.9990e+19 4.9990e+19 1.3326e-01 0.0000e+00 2.6737e+04 0.0000e+00
1.2600e+03 1.4780e-11 8.8241e-01 1.4751e+03 2.9945e+03 4.4000e+03 4.8733e+19 5.0427e+19 5.0427e+19 1.3276e-01 0.0000e+00 2.6826e+04 0.0000e+00
1.2700e+03 1.4723e-11 8.8231e-01 1.4746e+03 2.9935e+03 4.4000e+03 4.9196e+19 5.0867e+19 5.0867e+19 1.3226e-01 0.0000e+00 2.6914e+04 0.0000e+00
1.2800e+03 1.4667e-11 8.8220e-01 1.4741e+03 2.9924e+03 4.4000e+03 4.9663e+19 5.1310e+19 5.1310e+19 1.3177e-01 0.0000e+00 2.7003e+04 0.0000e+00
1.2900e+03 1.4610e-11 8.8209e-01 1.4736e+03 2.9914e+03 4.4000e+03 5.0133e+19 5.1755e+19 5.1755e+19 1.3128e-01 0.0000e+00 2.7092e+04 0.0000e+00
1.3000e+03 1.4554e-11 8.8197e-01 1.4730e+03 2.9903e+03 4.4000e+03 5.0607e+19 5.2203e+19 5.2203e+19 1.3080e-01 0.0000e+00 2.7181e+04 0.0000e+00
1.3100e+03 1.4499e-11 8.8185e-01 1.4725e+03 2.9893e+03 4.4000e+03 5.1085e+19 5.2655e+19 5.2655e+19 1.3031e-01 0.0000e+00 2.7270e+04 0.0000e+00
1.3200e+03 1.4443e-11 8.8172e-01 1.4720e+03 2.9882e+03 4.4000e+03 5.1566e+19 5.3109e+19 5.3109e+19 1.2983e-01 0.0000e+00 2.7359e+04 0.0000e+00
1.3300e+03 1.4387e-11 8.8158e-01 1.4715e+03 2.9872e+03 4.4000e+03 5.2051e+19 5.3567e+19 5.3567e+19 1.2935e-01 0.0000e+00 2.7449e+04 0.0000e+00
1.3400e+03 1.4332e-11 8.8144e-01 1.4710e+03 2.9862e+03 4.4000e+03 5.2540e+19 5.4027e+19 5.4027e+19 1.2887e-01 0.0000e+00 2.7538e+04 0.0000e+00
1.3500e+03 1.4277e-11 8.8130e-01 1.4705e+03 2.9852e+03 4.4000e+03 5.3033e+19 5.4491e+19 5.4491e+19 1.2840e-01 0.0000e+00 2.7628e+04 0.0000e+00
1.3600e+03 1.4222e-11 8.8115e-01 1.4700e+03 2.9841e+03 4.4000e+03 5.3530e+19 5.4957e+19 5.4957e+19 1.2793e-01 0.0000e+00 2.7718e+04 0.0000e+00
1.3700e+03 1.4168e-11 8.8100e-01 1.4695e+03 2.9831e+03 4.4000e+03 5.4030e+19 5.5427e+19 5.5427e+19 1.2746e-01 0.0000e+00 2.7808e+04 0.0000e+00
1.3800e+03 1.4113e-11 8.8084e-01 1.4690e+03 2.9821e+03 4.4000e+03 5.4535e+19 5.5901e+19 5.5901e+19 1.2699e-01 0.0000e+00 2.7899e+04 0.0000e+00
1.3900e+03 1.4059e-11 8.8067e-01 1.4685e+03 2.9811e+03 4.4000e+03 5.5044e+19 5.6377e+19 5.6377e+19 1.2653e-01 0.0000e+00 2.7989e+04 0.0000e+00
1.4000e+03 1.4005e-11 8.8051e-01 1.4680e+03 2.9801e+03 4.4000e+03 5.5557e+19 5.6857e+19 5.6857e+19 1.2607e-01 0.0000e+00 2.8080e+04 0.0000e+00
1.4100e+03 1.3951e-11 8.8033e-01 1.4675e+03 2.9790e+03 4.4000e+03 5.6074e+19 5.7340e+19 5.7340e+19 1.2561e-01 0.0000e+00 2.8170e+04 0.0000e+00
1.4200e+03 1.3898e-11 8.8016e-01 1.4670e+03 2.9780e+03 4.4000e+03 5.6595e+19 5.7826e+19 5.7826e+19 1.2515e-01 0.0000e+00 2.8261e+04 0.0000e+00
1.4300e+03 1.3844e-11 8.7998e-01 1.4665e+03 2.9770e+03 4.4000e+03 5.7120e+19 5.8316e+19 5.8316e+19 1.2470e-01 0.0000e+00 2.8353e+04 0.0000e+00
1.4400e+03 1.3791e-11 8.7979e-01 1.4660e+03 2.9760e+03 4.4000e+03 5.7650e+19 5.8809e+19 5.8809e+19 1.2424e-01 0.0000e+00 2.8444e+04 0.0000e+00
1.4500e+03 1.3738e-11 8.7961e-01 1.4655e+03 2.9750e+03 4.4000e+03 5.8184e+19 5.9305e+19 5.9305e+19 1.2379e-01 0.0000e+00 2.8536e+04 0.0000e+00
1.4600e+03 1.3685e-11 8.7942e-01 1.4650e+03 2.9740e+03 4.4000e+03 5.8723e+19 5.9806e+19 5.9806e+19 1.2334e-01 0.0000e+00 2.8627e+04 0.0000e+00
1.4700e+03 1.3633e-11 8.7922e-01 1.4645e+03 2.9730e+03 4.4000e+03 5.9266e+19 6.0309e+19 6.0309e+19 1.2290e-01 0.0000e+00 2.8719e+04 0.0000e+00
1.4800e+03 1.3581e-11 8.7902e-01 1.4640e+03 2.9720e+03 4.4000e+03 5.9813e+19 6.0816e+19 6.0816e+19 1.2245e-01 0.0000e+00 2.8811e+04 0.0000e+00
1.4900e+03 1.3528e-11 8.7882e-01 1.4635e+03 2.9710e+03 4.4000e+03 6.0365e+19 6.1327e+19 6.1327e+19 1.2201e-01 0.0000e+00 2.8904e+04 0.0000e+00
1.5000e+03 1.3476e-11 8.7862e-01 1.4630e+03 2.9700e+03 4.4000e+03 6.0922e+19 6.1842e+19 6.1842e+19 1.2157e-01 0.0000e+00 2.8996e+04 0.0000e+00
1.5100e+03 1.3425e-11 8.7841e-01 1.4625e+03 2.9690e+03 4.4000e+03 6.1483e+19 6.2360e+19 6.2360e+19 1.2113e-01 0.0000e+00 2.9089e+04 0.0000e+00
1.5200e+03 1.3373e-11 8.7820e-01 1.4621e+03 2.9680e+03 4.4000e+03 6.2049e+19 6.2881e+19 6.2881e+19 1.2070e-01 0.0000e+00 2.9182e+04 0.0000e+00
1.5300e+03 1.3322e-11 8.7799e-01 1.4616e+03 2.9670e+03 4.4000e+03 6.2619e+19 6.3407e+19 6.3407e+19 1.2026e-01 0.0000e+00 2.9275e+04 0.0000e+00
1.5400e+03 1.3271e-11 8.7777e-01 1.4611e+03 2.9660e+03 4.4000e+03 6.3194e+19 6.3936e+19 6.3936e+19 1.1983e-01 0.0000e+00 2.9369e+04 0.0000e+00
1.5500e+03 1.3220e-11 8.7756e-01 1.4606e+03 2.9651e+03 4.4000e+03 6.3775e+19 6.4469e+19 6.4469e+19 1.1940e-01 0.0000e+00 2.9463e+04 0.0000e+00
1.5600e+03 1.3169e-11 8.7733e-01 1.4601e+03 2.9641e+03 4.4000e+03 6.4360e+19 6.5006e+19 6.5006e+19 1.1897e-01 0.0000e+00 2.9557e+04 0.0000e+00
1.5700e+03 1.3118e-11 8.7711e-01 1.4596e+03 2.9631e+03 4.4000e+03 6.4950e+19 6.5547e+19 6.5547e+19 1.1854e-01 0.0000e+00 2.9651e+04 0.0000e+00
1.5800e+03 1.3068e-11 8.7688e-01 1.4591e+03 2.9621e+03 4.4000e+03 6.5545e+19 6.6091e+19 6.6091e+19 1.1812e-01 0.0000e+00 2.9745e+04 0.0000e+00
1.5900e+03 1.3018e-11 8.7666e-01 1.4587e+03 2.9611e+03 4.4000e+03 6.6145e+19 6.6640e+19 6.6640e+19 1.1770e-01 0.0000e+00 2.9840e+04 0.0000e+00
1.6000e+03 1.2968e-11 8.7642e-01 1.4582e+03 2.9602e+03 4.4000e+03 6.6750e+19 6.7192e+19 6.7192e+19 1.1727e-01 0.0000e+00 2.9934e+04 0.0000e+00
1.6100e+03 1.2918e-11 8.7619e-01 1.4577e+03 2.9592e+03 4.4000e+03 6.7360e+19 6.7749e+19 6.7749e+19 1.1686e-01 0.0000e+00 3.0029e+04 0.0000e+00
1.6200e+03 1.2868e-11 8.7596e-01 1.4572e+03 2.9582e+03 4.4000e+03 6.7975e+19 6.8309e+19 6.8309e+19 1.1644e-01 0.0000e+00 3.0125e+04 0.0000e+00
1.6300e+03 1.2819e-11 8.7572e-01 1.4567e+03 2.9572e+03 4.4000e+03 6.8596e+19 6.8874e+19 6.8874e+19 1.1602e-01 0.0000e+00 3.0220e+04 0.0000e+00
1.6400e+03 1.2770e-11 8.7548e-01 1.4563e+03 2.9563e+03 4.4000e+03 6.9222e+19 6.9442e+19 6.9442e+19 1.1561e-01 0.0000e+00 3.0316e+04 0.0000e+00
1.6500e+03 1.2721e-11 8.7524e-01 1.4558e+03 2.9553e+03 4.4000e+03 6.9853e+19 7.0015e+19 7.0015e+19 1.1520e-01 0.0000e+00 3.0412e+04 0.0000e+00
1.6600e+03 1.2672e-11 8.7499e-01 1.4553e+03 2.9543e+03 4.4000e+03 7.0490e+19 7.0592e+19 7.0592e+19 1.1479e-01 0.0000e+00 3.0508e+04 0.0000e+00
1.6700e+03 1.2623e-11 8.7475e-01 1.4548e+03 2.9534e+03 4.4000e+03 7.1132e+19 7.1173e+19 7.1173e+19 1.1438e-01 0.0000e+00 3.0605e+04 0.0000e+00
1.6800e+03 1.2575e-11 8.7450e-01 1.4544e+03 2.9524e+03 4.4000e+03 7.1779e+19 7.1759e+19 7.1759e+19 1.1397e-01 0.0000e+00 3.0702e+04 0.0000e+00
1.6900e+03 1.2526e-11 8.7425e-01 1.4539e+03 2.9514e+03 4.4000e+03 7.2433e+19 7.2348e+19 7.2348e+19 1.1357e-01 0.0000e+00 3.0799e+04 0.0000e+00
1.7000e+03 1.2478e-11 8.7400e-01 1.4534e+03 2.9505e+03 4.4000e+03 7.3091e+19 7.2942e+19 7.2942e+19 1.1316e-01 0.0000e+00 3.0896e+04 0.0000e+00
1.7100e+03 1.2430e-11 8.7374e-01 1.4529e+03 2.9495e+03 4.4000e+03 7.3756e+19 7.3540e+19 7.3540e+19 1.1276e-01 0.0000e+00 3.0993e+04 0.0000e+00
1.7200e+03 1.2383e-11 8.7349e-01 1.4525e+03 2.9486e+03 4.4000e+03 7.4426e+19 7.4143e+19 7.4143e+19 1.1236e-01 0.0000e+00 3.1091e+04 0.0000e+00
1.7300e+03 1.2335e-11 8.7323e-01 1.4520e+03 2.9476e+03 4.4000e+03 7.5102e+19 7.4750e+19 7.4750e+19 1.1196e-01 0.0000e+00 3.1189e+04 0.0000e+00
1.7400e+03 1.2288e-11 8.7297e-01 1.4515e+03 2.9466e+03 4.4000e+03 7.5783e+19 7.5361e+19 7.5361e+19 1.1156e-01 0.0000e+00 3.1287e+04 0.0000e+00
1.7500e+03 1.2241e-11 8.7271e-01 1.4511e+03 2.9457e+03 4.4000e+03 7.6471e+19 7.5977e+19 7.5977e+19 1.1117e-01 0.0000e+00 3.1386e+04 0.0000e+00
1.7600e+03 1.2194e-11 8.7245e-01 1.4506e+03 2.9447e+03 4.4000e+03 7.7164e+19 7.6598e+19 7.6598e+19 1.1078e-01 0.0000e+00 3.1485e+04 0.0000e+00
1.7700e+03 1.2147e-11 8.7218e-01 1.4501e+03 2.9438e+03 4.4000e+03 7.7864e+19 7.7223e+19 7.7223e+19 1.1038e-01 0.0000e+00 3.1584e+04 0.0000e+00
1.7800e+03 1.2100e-11 8.7192e-01 1.4497e+03 2.9428e+03 4.4000e+03 7.8569e+19 7.7852e+19 7.7852e+19 1.0999e-01 0.0000e+00 3.1683e+04 0.0000e+00
1.7900e+03 1.2054e-11 8.7165e-01 1.4492e+03 2.9419e+03 4.4000e+03 7.9281e+19 7.8486e+19 7.8486e+19 1.0960e-01 0.0000e+00 3.1783e+04 0.0000e+00
1.8000e+03 1.2007e-11 8.7139e-01 1.4487e+03 2.9409e+03 4.4000e+03 7.9999e+19 7.9125e+19 7.9125e+19 1.0922e-01 0.0000e+00 3.1883e+04 0.0000e+00
1.8100e+03 1.1961e-11 8.7112e-01 1.4483e+03 2.9400e+03 4.4000e+03 8.0723e+19 7.9768e+19 7.9768e+19 1.0883e-01 0.0000e+00 3.1983e+04 0.0000e+00
1.8200e+03 1.1915e-11 8.7084e-01 1.4478e+03 2.9391e+03 4.4000e+03 8.1453e+19 8.0417e+19 8.0417e+19 1.0845e-01 0.0000e+00 3.2083e+04 0.0000e+00
1.8300e+03 1.1870e-11 8.7057e-01 1.4473e+03 2.9381e+03 4.4000e+03 8.2189e+19 8.1069e+19 8.1069e+19 1.0806e-01 0.0000e+00 3.2184e+04 0.0000e+00
1.8400e+03 1.1824e-11 8.7030e-01 1.4469e+03 2.9372e+03 4.4000e+03 8.2932e+19 8.1727e+19 8.1727e+19 1.0768e-01 0.0000e+00 3.2285e+04 0.0000e+00
1.8500e+03 1.1779e-11 8.7002e-01 1.4464e+03 2.9362e+03 4.4000e+03 8.3682e+19 8.2390e+19 8.2390e+19 1.0730e-01 0.0000e+00 3.2386e+04 0.0000e+00
1.8600e+03 1.1733e-11 8.6975e-01 1.4459e+03 2.9353e+03 4.4000e+03 8.4438e+19 8.3057e+19 8.3057e+19 1.0693e-01 0.0000e+00 3.2488e+04 0.0000e+00
1.8700e+03 1.1688e-11 8.6947e-01 1.4455e+03 2.9344e+03 4.4000e+03 8.5200e+19 8.3729e+19 8.3729e+19 1.0655e-01 0.0000e+00 3.2590e+04 0.0000e+00
1.8800e+03 1.1643e-11 8.6919e-01 1.4450e+03 2.9334e+03 4.4000e+03 8.5969e+19 8.4406e+19 8.4406e+19 1.0617e-01 0.0000e+00 3.2692e+04 0.0000e+00
1.8900e+03 1.1599e-11 8.6891e-01 1.4446e+03 2.9325e+03 4.4000e+03 8.6745e+19 8.5088e+19 8.5088e+19 1.0580e-01 0.0000e+00 3.2794e+04 0.0000e+00
1.9000e+03 1.1554e-11 8.6863e-01 1.4441e+03 2.9315e+03 4.4000e+03 8.7527e+19 8.5775e+19 8.5775e+19 1.0543e-01 0.0000e+00 3.2897e+04 0.0000e+00
1.9100e+03 1.1510e-11 8.6835e-01 1.4436e+03 2.9306e+03 4.4000e+03 8.8317e+19 8.6468e+19 8.6468e+19 1.0506e-01 0.0000e+00 3.3000e+04 0.0000e+00
1.9200e+03 1.1466e-11 8.6806e-01 1.4432e+03 2.9297e+03 4.4000e+03 8.9113e+19 8.7165e+19 8.7165e+19 1.0469e-01 0.0000e+00 3.3103e+04 0.0000e+00
1.9300e+03 1.1422e-11 8.6778e-01 1.4427e+03 2.9288e+03 4.4000e+03 8.9916e+19 8.7867e+19 8.7867e+19 1.0432e-01 0.0000e+00 3.3207e+04 0.0000e+00
1.9400e+03 1.1378e-11 8.6749e-01 1.4423e+03 2.9278e+03 4.4000e+03 9.0726e+19 8.8574e+19 8.8574e+19 1.0395e-01 0.0000e+00 3.3311e+04 0.0000e+00
1.9500e+03 1.1334e-11 8.6721e-01 1.4418e+03 2.9269e+03 4.4000e+03 9.1543e+19 8.9287e+19 8.9287e+19 1.0359e-01 0.0000e+00 3.3415e+04 0.0000e+00
1.9600e+03 1.1291e-11 8.6692e-01 1.4413e+03 2.9260e+03 4.4000e+03 9.2368e+19 9.0005e+19 9.0005e+19 1.0323e-01 0.0000e+00 3.3519e+04 0.0000e+00
1.9700e+03 1.1247e-11 8.6663e-01 1.4409e+03 2.9250e+03 4.4000e+03 9.3199e+19 9.0728e+19 9.0728e+19 1.0286e-01 0.0000e+00 3.3624e+04 0.0000e+00
1.9800e+03 1.1204e-11 8.6634e-01 1.4404e+03 2.9241e+03 4.4000e+03 9.4038e+19 9.1456e+19 9.1456e+19 1.0250e-01 0.0000e+00 3.3729e+04 0.0000e+00
1.9900e+03 1.1161e-11 8.6605e-01 1.4400e+03 2.9232e+03 4.4000e+03 9.4884e+19 9.2190e+19 9.2190e+19 1.0214e-01 0.0000e+00 3.3834e+04 0.0000e+00
2.0000e+03 1.1118e-11 8.6576e-01 1.4395e+03 2.9223e+03 4.4000e+03 9.5738e+19 9.2929e+19 9.2929e+19 1.0179e-01 0.0000e+00 3.3940e+04 0.0000e+00
2.0100e+03 1.1075e-11 8.6546e-01 1.4391e+03 2.9214e+03 4.4000e+03 9.6599e+19 9.3673e+19 9.3673e+19 1.0143e-01 0.0000e+00 3.4046e+04 0.0000e+00
2.0200e+03 1.1033e-11 8.6517e-01 1.4386e+03 2.9204e+03 4.4000e+03 9.7467e+19 9.4423e+19 9.4423e+19 1.0107e-01 0.0000e+00 3.4152e+04 0.0000e+00
2.0300e+03 1.0991e-11 8.6488e-01 1.4382e+03 2.9195e+03 4.4000e+03 9.8343e+19 9.5179e+19 9.5179e+19 1.0072e-01 0.0000e+00 3.4258e+04 0.0000e+00
2.0400e+03 1.0948e-11 8.6458e-01 1.4377e+03 2.9186e+03 4.4000e+03 9.9227e+19 9.5940e+19 9.5940e+19 1.0037e-01 0.0000e+00 3.4365e+04 0.0000e+00
2.0500e+03 1.0906e-11 8.6428e-01 1.4373e+03 2.9177e+03 4.4000e+03 1.0012e+20 9.6706e+19 9.6706e+19 1.0002e-01 0.0000e+00 3.4472e+04 0.0000e+00
2.0600e+03 1.0864e-11 8.6399e-01 1.4368e+03 2.9168e+03 4.4000e+03 1.0102e+20 9.7478e+19 9.7478e+19 9.9667e-02 0.0000e+00 3.4580e+04 0.0000e+00
2.0700e+03 1.0823e-11 8.6369e-01 1.4364e+03 2.9159e+03 4.4000e+03 1.0192e+20 9.8256e+19 9.8256e+19 9.9319e-02 0.0000e+00 3.4687e+04 0.0000e+00
2.0800e+03 1.0781e-11 8.6339e-01 1.4359e+03 2.9150e+03 4.4000e+03 1.0284e+20 9.9039e+19 9.9039e+19 9.8972e-02 0.0000e+00 3.4795e+04 0.0000e+00
2.0900e+03 1.0740e-11 8.6309e-01 1.4355e+03 2.9140e+03 4.4000e+03 1.0376e+20 9.9828e+19 9.9828e+19 9.8626e-02 0.0000e+00 3.4904e+04 0.0000e+00
2.1000e+03 1.0698e-11 8.6279e-01 1.4350e+03 2.9131e+03 4.4000e+03 1.0469e+20 1.0062e+20 1.0062e+20 9.8281e-02 0.0000e+00 3.5012e+04 0.0000e+00
2.1100e+03 1.0657e-11 8.6248e-01 1.4346e+03 2.9122e+03 4.4000e+03 1.0563e+20 1.0142e+20 1.0142e+20 9.7938e-02 0.0000e+00 3.5121e+04 0.0000e+00
2.1200e+03 1.0616e-11 8.6218e-01 1.4341e+03 2.9113e+03 4.4000e+03 1.0658e+20 1.0223e+20 1.0223e+20 9.7597e-02 0.0000e+00 3.5231e+04 0.0000e+00
2.1300e+03 1.0576e-11 8.6188e-01 1.4337e+03 2.9104e+03 4.4000e+03 1.0754e+20 1.0304e+20 1.0304e+20 9.7256e-02 0.0000e+00 3.5340e+04 0.0000e+00
2.1400e+03 1.0535e-11 8.6157e-01 1.4332e+03 2.9095e+03 4.4000e+03 1.0850e+20 1.0386e+20 1.0386e+20 9.6917e-02 0.0000e+00 3.5450e+04 0.0000e+00
2.1500e+03 1.0495e-11 8.6127e-01 1.4328e+03 2.9086e+03 4.4000e+03 1.0947e+20 1.0468e+20 1.0468e+20 9.6579e-02 0.0000e+00 3.5560e+04 0.0000e+00
2.1600e+03 1.0454e-11 8.6096e-01 1.4323e+03 2.9077e+03 4.4000e+03 1.1045e+20 1.0551e+20 1.0551e+20 9.6242e-02 0.0000e+00 3.5671e+04 0.0000e+00
2.1700e+03 1.0414e-11 8.6065e-01 1.4319e+03 2.9068e+03 4.4000e+03 1.1144e+20 1.0635e+20 1.0635e+20 9.5907e-02 0.0000e+00 3.5782e+04 0.0000e+00
2.1800e+03 1.0374e-11 8.6035e-01 1.4315e+03 2.9059e+03 4.4000e+03 1.1244e+20 1.0719e+20 1.0719e+20 9.5573e-02 0.0000e+00 3.5893e+04 0.0000e+00
2.1900e+03 1.0334e-11 8.6004e-01 1.4310e+03 2.9050e+03 4.4000e+03 1.1345e+20 1.0804e+20 1.0804e+20 9.5240e-02 0.0000e+00 3.6004e+04 0.0000e+00
2.2000e+03 1.0295e-11 8.5973e-01 1.4306e+03 2.9041e+03 4.4000e+03 1.1447e+20 1.0889e+20 1.0889e+20 9.4908e-02 0.0000e+00 3.6116e+04 0.0000e+00
2.2100e+03 1.0255e-11 8.5942e-01 1.4301e+03 2.9032e+03 4.4000e+03 1.1549e+20 1.0976e+20 1.0976e+20 9.4578e-02 0.0000e+00 3.6228e+04 0.0000e+00
2.2200e+03 1.0216e-11 8.5911e-01 1.4297e+03 2.9023e+03 4.4000e+03 1.1653e+20 1.1062e+20 1.1062e+20 9.4249e-02 0.0000e+00 3.6341e+04 0.0000e+00
2.2300e+03 1.0177e-11 8.5880e-01 1.4293e+03 2.9014e+03 4.4000e+03 1.1757e+20 1.1150e+20 1.1150e+20 9.3921e-02 0.0000e+00 3.6454e+04 0.0000e+00
2.2400e+03 1.0137e-11 8.5848e-01 1.4288e+03 2.9005e+03 4.4000e+03 1.1862e+20 1.1237e+20 1.1237e+20 9.3594e-02 0.0000e+00 3.6567e+04 0.0000e+00
2.2500e+03 1.0099e-11 8.5817e-01 1.4284e+03 2.8996e+03 4.4000e+03 1.1968e+20 1.1326e+20 1.1326e+20 9.3269e-02 0.0000e+00 3.6680e+04 0.0000e+00
2.2600e+03 1.0060e-11 8.5786e-01 1.4279e+03 2.8988e+03 4.4000e+03 1.2075e+20 1.1415e+20 1.1415e+20 9.2945e-02 0.0000e+00 3.6794e+04 0.0000e+00
2.2700e+03 1.0021e-11 8.5754e-01 1.4275e+03 2.8979e+03 4.4000e+03 1.2183e+20 1.1505e+20 1.1505e+20 9.2622e-02 0.0000e+00 3.6908e+04 0.0000e+00
2.2800e+03 9.9826e-12 8.5723e-01 1.4271e+03 2.8970e+03 4.4000e+03 1.2292e+20 1.1596e+20 1.1596e+20 9.2300e-02 0.0000e+00 3.7023e+04 0.0000e+00
2.2900e+03 9.9443e-12 8.5691e-01 1.4266e+03 2.8961e+03 4.4000e+03 1.2402e+20 1.1687e+20 1.1687e+20 9.1980e-02 0.0000e+00 3.7137e+04 0.0000e+00
2.3000e+03 9.9061e-12 8.5660e-01 1.4262e+03 2.8952e+03 4.4000e+03 1.2513e+20 1.1779e+20 1.1779e+20 9.1660e-02 0.0000e+00 3.7252e+04 0.0000e+00
2.3100e+03 9.8681e-12 8.5628e-01 1.4258e+03 2.8943e+03 4.4000e+03 1.2625e+20 1.1871e+20 1.1871e+20 9.1342e-02 0.0000e+00 3.7368e+04 0.0000e+00
2.3200e+03 9.8302e-12 8.5596e-01 1.4253e+03 2.8934e+03 4.4000e+03 1.2738e+20 1.1964e+20 1.1964e+20 9.1025e-02 0.0000e+00 3.7484e+04 0.0000e+00
2.3300e+03 9.7924e-12 8.5564e-01 1.4249e+03 2.8926e+03 4.4000e+03 1.2852e+20 1.2058e+20 1.2058e+20 9.0709e-02 0.0000e+00 3.7600e+04 0.0000e+00
2.3400e+03 9.7548e-12 8.5532e-01 1.4244e+03 2.8917e+03 4.4000e+03 1.2966e+20 1.2152e+20 1.2152e+20 9.0395e-02 0.0000e+00 3.7716e+04 0.0000e+00
2.3500e+03 9.7174e-12 8.5500e-01 1.4240e+03 2.8908e+03 4.4000e+03 1.3082e+20 1.2248e+20 1.2248e+20 9.0081e-02 0.0000e+00 3.7833e+04 0.0000e+00
2.3600e+03 9.6801e-12 8.5468e-01 1.4236e+03 2.8899e+03 4.4000e+03 1.3199e+20 1.2343e+20 1.2343e+20 8.9769e-02 0.0000e+00 3.7950e+04 0.0000e+00
2.3700e+03 9.6429e-12 8.5436e-01 1.4232e+03 2.8890e+03 4.4000e+03 1.3317e+20 1.2440e+20 1.2440e+20 8.9458e-02 0.0000e+00 3.8068e+04 0.0000e+00
2.3800e+03 9.6059e-12 8.5404e-01 1.4227e+03 2.8882e+03 4.4000e+03 1.3436e+20 1.2537e+20 1.2537e+20 8.9148e-02 0.0000e+00 3.8185e+04 0.0000e+00
2.3900e+03 9.5690e-12 8.5372e-01 1.4223e+03 2.8873e+03 4.4000e+03 1.3556e+20 1.2635e+20 1.2635e+20 8.8839e-02 0.0000e+00 3.8304e+04 0.0000e+00
2.4000e+03 9.5322e-12 8.5339e-01 1.4219e+03 2.8864e+03 4.4000e+03 1.3677e+20 1.2734e+20 1.2734e+20 8.8532e-02 0.0000e+00 3.8422e+04 0.0000e+00
2.4100e+03 9.4956e-12 8.5307e-01 1.4214e+03 2.8855e+03 4.4000e+03 1.3799e+20 1.2833e+20 1.2833e+20 8.8225e-02 0.0000e+00 3.8541e+04 0.0000e+00
2.4200e+03 9.4592e-12 8.5275e-01 1.4210e+03 2.8847e+03 4.4000e+03 1.3922e+20 1.2933e+20 1.2933e+20 8.7920e-02 0.0000e+00 3.8660e+04 0.0000e+00
2.4300e+03 9.4228e-12 8.5242e-01 1.4206e+03 2.8838e+03 4.4000e+03 1.4046e+20 1.3034e+20 1.3034e+20 8.7615e-02 0.0000e+00 3.8780e+04 0.0000e+00
2.4400e+03 9.3867e-12 8.5210e-01 1.4201e+03 2.8829e+03 4.4000e+03 1.4172e+20 1.3135e+20 1.3135e+20 8.7312e-02 0.0000e+00 3.8900e+04 0.0000e+00
2.4500e+03 9.3506e-12 8.5177e-01 1.4197e+03 2.8821e+03 4.4000e+03 1.4298e+20 1.3237e+20 1.3237e+20 8.7010e-02 0.0000e+00 3.9020e+04 0.0000e+00
2.4600e+03 9.3147e-12 8.5144e-01 1.4193e+03 2.8812e+03 4.4000e+03 1.4426e+20 1.3340e+20 1.3340e+20 8.6709e-02 0.0000e+00 3.9140e+04 0.0000e+00
2.4700e+03 9.2789e-12 8.5112e-01 1.4189e+03 2.8803e+03 4.4000e+03 1.4554e+20 1.3444e+20 1.3444e+20 8.6410e-02 0.0000e+00 3.9261e+04 0.0000e+00
2.4800e+03 9.2433e-12 8.5079e-01 1.4184e+03 2.8795e+03 4.4000e+03 1.4684e+20 1.3548e+20 1.3548e+20 8.6111e-02 0.0000e+00 3.9383e+04 0.0000e+00
2.4900e+03 9.2078e-12 8.5046e-01 1.4180e+03 2.8786e+03 4.4000e+03 1.4815e+20 1.3653e+20 1.3653e+20 8.5814e-02 0.0000e+00 3.9504e+04 0.0000e+00
2.5000e+03 9.1725e-12 8.5013e-01 1.4176e+03 2.8777e+03 4.4000e+03 1.4947e+20 1.3759e+20 1.3759e+20 8.5517e-02 0.0000e+00 3.9626e+04 0.0000e+00
2.5100e+03 9.1372e-12 8.4980e-01 1.4172e+03 2.8769e+03 4.4000e+03 1.5080e+20 1.3866e+20 1.3866e+20 8.5222e-02 0.0000e+00 3.9749e+04 0.0000e+00
2.5200e+03 9.1022e-12 8.4947e-01 1.4167e+03 2.8760e+03 4.4000e+03 1.5215e+20 1.3973e+20 1.3973e+20 8.4927e-02 0.0000e+00 3.9871e+04 0.0000e+00
2.5300e+03 9.0672e-12 8.4914e-01 1.4163e+03 2.8751e+03 4.4000e+03 1.5350e+20 1.4081e+20 1.4081e+20 8.4634e-02 0.0000e+00 3.9995e+04 0.0000e+00
2.5400e+03 9.0324e-12 8.4881e-01 1.4159e+03 2.8743e+03 4.4000e+03 1.5487e+20 1.4190e+20 1.4190e+20 8.4342e-02 0.0000e+00 4.0118e+04 0.0000e+00
2.5500e+03 8.9977e-12 8.4848e-01 1.4155e+03 2.8734e+03 4.4000e+03 1.5625e+20 1.4300e+20 1.4300e+20 8.4051e-02 0.0000e+00 4.0242e+04 0.0000e+00
2.5600e+03 8.9631e-12 8.4815e-01 1.4150e+03 2.8726e+03 4.4000e+03 1.5764e+20 1.4410e+20 1.4410e+20 8.3761e-02 0.0000e+00 4.0366e+04 0.0000e+00
2.5700e+03 8.9287e-12 8.4781e-01 1.4146e+03 2.8717e+03 4.4000e+03 1.5904e+20 1.4521e+20 1.4521e+20 8.3472e-02 0.0000e+00 4.0491e+04 0.0000e+00
2.5800e+03 8.8944e-12 8.4748e-01 1.4142e+03 2.8709e+03 4.4000e+03 1.6046e+20 1.4633e+20 1.4633e+20 8.3185e-02 0.0000e+00 4.0615e+04 0.0000e+00
2.5900e+03 8.8603e-12 8.4714e-01 1.4138e+03 2.8700e+03 4.4000e+03 1.6189e+20 1.4746e+20 1.4746e+20 8.2898e-02 0.0000e+00 4.0741e+04 0.0000e+00
2.6000e+03 8.8263e-12 8.4681e-01 1.4134e+03 2.8691e+03 4.4000e+03 1.6333e+20 1.4860e+20 1.4860e+20 8.2612e-02 0.0000e+00 4.0866e+04 0.0000e+00
2.6100e+03 8.7924e-12 8.4647e-01 1.4129e+03 2.8683e+03 4.4000e+03 1.6479e+20 1.4974e+20 1.4974e+20 8.2327e-02 0.0000e+00 4.0992e+04 0.0000e+00
2.6200e+03 8.7586e-12 8.4614e-01 1.4125e+03 2.8674e+03 4.4000e+03 1.6625e+20 1.5089e+20 1.5089e+20 8.2044e-02 0.0000e+00 4.1119e+04 0.0000e+00
2.6300e+03 8.7250e-12 8.4580e-01 1.4121e+03 2.8666e+03 4.4000e+03 1.6773e+20 1.5205e+20 1.5205e+20 8.1761e-02 0.0000e+00 4.1245e+04 0.0000e+00
2.6400e+03 8.6915e-12 8.4547e-01 1.4117e+03 2.8657e+03 4.4000e+03 1.6922e+20 1.5322e+20 1.5322e+20 8.1480e-02 0.0000e+00 4.1373e+04 0.0000e+00
2.6500e+03 8.6581e-12 8.4513e-01 1.4113e+03 2.8649e+03 4.4000e+03 1.7073e+20 1.5439e+20 1.5439e+20 8.1199e-02 0.0000e+00 4.1500e+04 0.0000e+00
2.6600e+03 8.6248e-12 8.4479e-01 1.4108e+03 2.8640e+03 4.4000e+03 1.7225e+20 1.5558e+20 1.5558e+20 8.0920e-02 0.0000e+00 4.1628e+04 0.0000e+00
2.6700e+03 8.5917e-12 8.4445e-01 1.4104e+03 2.8632e+03 4.4000e+03 1.7378e+20 1.5677e+20 1.5677e+20 8.0641e-02 0.0000e+00 4.1756e+04 0.0000e+00
2.6800e+03 8.5587e-12 8.4411e-01 1.4100e+03 2.8624e+03 4.4000e+03 1.7533e+20 1.5797e+20 1.5797e+20 8.0364e-02 0.0000e+00 4.1885e+04 0.0000e+00
2.6900e+03 8.5259e-12 8.4377e-01 1.4096e+03 2.8615e+03 4.4000e+03 1.7689e+20 1.5918e+20 1.5918e+20 8.0088e-02 0.0000e+00 4.2014e+04 0.0000e+00
2.7000e+03 8.4931e-12 8.4343e-01 1.4092e+03 2.8607e+03 4.4000e+03 1.7846e+20 1.6040e+20 1.6040e+20 7.9812e-02 0.0000e+00 4.2143e+04 0.0000e+00
2.7100e+03 8.4605e-12 8.4309e-01 1.4088e+03 2.8598e+03 4.4000e+03 1.8005e+20 1.6162e+20 1.6162e+20 7.9538e-02 0.0000e+00 4.2273e+04 0.0000e+00
2.7200e+03 8.4280e-12 8.4275e-01 1.4084e+03 2.8590e+03 4.4000e+03 1.8165e+20 1.6286e+20 1.6286e+20 7.9264e-02 0.0000e+00 4.2403e+04 0.0000e+00
2.7300e+03 8.3957e-12 8.4241e-01 1.4079e+03 2.8582e+03 4.4000e+03 1.8326e+20 1.6410e+20 1.6410e+20 7.8992e-02 0.0000e+00 4.2534e+04 0.0000e+00
2.7400e+03 8.3634e-12 8.4207e-01 1.4075e+03 2.8573e+03 4.4000e+03 1.8489e+20 1.6535e+20 1.6535e+20 7.8721e-02 0.0000e+00 4.2664e+04 0.0000e+00
2.7500e+03 8.3313e-12 8.4173e-01 1.4071e+03 2.8565e+03 4.4000e+03 1.8653e+20 1.6661e+20 1.6661e+20 7.8450e-02 0.0000e+00 4.2796e+04 0.0000e+00
2.7600e+03 8.2993e-12 8.4138e-01 1.4067e+03 2.8556e+03 4.4000e+03 1.8819e+20 1.6788e+20 1.6788e+20 7.8181e-02 0.0000e+00 4.2927e+04 0.0000e+00
2.7700e+03 8.2675e-12 8.4104e-01 1.4063e+03 2.8548e+03 4.4000e+03 1.8986e+20 1.6916e+20 1.6916e+20 7.7913e-02 0.0000e+00 4.3059e+04 0.0000e+00
2.7800e+03 8.2357e-12 8.4070e-01 1.4059e+03 2.8540e+03 4.4000e+03 1.9155e+20 1.7045e+20 1.7045e+20 7.7645e-02 0.0000e+00 4.3192e+04 0.0000e+00
2.7900e+03 8.2041e-12 8.4035e-01 1.4055e+03 2.8531e+03 4.4000e+03 1.9325e+20 1.7174e+20 1.7174e+20 7.7379e-02 0.0000e+00 4.3325e+04 0.0000e+00
2.8000e+03 8.1726e-12 8.4001e-01 1.4051e+03 2.8523e+03 4.4000e+03 1.9497e+20 1.7305e+20 1.7305e+20 7.7113e-02 0.0000e+00 4.3458e+04 0.0000e+00
2.8100e+03 8.1412e-12 8.3966e-01 1.4047e+03 2.8515e+03 4.4000e+03 1.9670e+20 1.7436e+20 1.7436e+20 7.6849e-02 0.0000e+00 4.3592e+04 0.0000e+00
2.8200e+03 8.1099e-12 8.3932e-01 1.4042e+03 2.8507e+03 4.4000e+03 1.9845e+20 1.7568e+20 1.7568e+20 7.6585e-02 0.0000e+00 4.3726e+04 0.0000e+00
2.8300e+03 8.0788e-12 8.3897e-01 1.4038e+03 2.8498e+03 4.4000e+03 2.0021e+20 1.7702e+20 1.7702e+20 7.6323e-02 0.0000e+00 4.3860e+04 0.0000e+00
2.8400e+03 8.0478e-12 8.3862e-01 1.4034e+03 2.8490e+03 4.4000e+03 2.0199e+20 1.7836e+20 1.7836e+20 7.6061e-02 0.0000e+00 4.3995e+04 0.0000e+00
2.8500e+03 8.0169e-12 8.3828e-01 1.4030e+03 2.8482e+03 4.4000e+03 2.0378e+20 1.7971e+20 1.7971e+20 7.5800e-02 0.0000e+00 4.4130e+04 0.0000e+00
2.8600e+03 7.9861e-12 8.3793e-01 1.4026e+03 2.8473e+03 4.4000e+03 2.0559e+20 1.8107e+20 1.8107e+20 7.5540e-02 0.0000e+00 4.4266e+04 0.0000e+00
2.8700e+03 7.9554e-12 8.3758e-01 1.4022e+03 2.8465e+03 4.4000e+03 2.0742e+20 1.8243e+20 1.8243e+20 7.5282e-02 0.0000e+00 4.4401e+04 0.0000e+00
2.8800e+03 7.9249e-12 8.3723e-01 1.4018e+03 2.8457e+03 4.4000e+03 2.0926e+20 1.8381e+20 1.8381e+20 7.5024e-02 0.0000e+00 4.4538e+04 0.0000e+00
2.8900e+03 7.8944e-12 8.3688e-01 1.4014e+03 2.8449e+03 4.4000e+03 2.1111e+20 1.8520e+20 1.8520e+20 7.4767e-02 0.0000e+00 4.4675e+04 0.0000e+00
2.9000e+03 7.8641e-12 8.3653e-01 1.4010e+03 2.8441e+03 4.4000e+03 2.1299e+20 1.8660e+20 1.8660e+20 7.4511e-02 0.0000e+00 4.4812e+04 0.0000e+00
2.9100e+03 7.8339e-12 8.3618e-01 1.4006e+03 2.8432e+03 4.4000e+03 2.1488e+20 1.8800e+20 1.8800e+20 7.4256e-02 0.0000e+00 4.4949e+04 0.0000e+00
2.9200e+03 7.8038e-12 8.3583e-01 1.4002e+03 2.8424e+03 4.4000e+03 2.1678e+20 1.8942e+20 1.8942e+20 7.4002e-02 0.0000e+00 4.5087e+04 0.0000e+00
2.9300e+03 7.7739e-12 8.3548e-01 1.3998e+03 2.8416e+03 4.4000e+03 2.1871e+20 1.9084e+20 1.9084e+20 7.3749e-02 0.0000e+00 4.5226e+04 0.0000e+00
2.9400e+03 7.7440e-12 8.3513e-01 1.3994e+03 2.8408e+03 4.4000e+03 2.2065e+20 1.9228e+20 1.9228e+20 7.3496e-02 0.0000e+00 4.5365e+04 0.0000e+00
2.9500e+03 7.7143e-12 8.3478e-01 1.3990e+03 2.8400e+03 4.4000e+03 2.2261e+20 1.9373e+20 1.9373e+20 7.3245e-02 0.0000e+00 4.5504e+04 0.0000e+00
2.9600e+03 7.6847e-12 8.3442e-01 1.3986e+03 2.8392e+03 4.4000e+03 2.2458e+20 1.9518e+20 1.9518e+20 7.2995e-02 0.0000e+00 4.5644e+04 0.0000e+00
2.9700e+03 7.6551e-12 8.3407e-01 1.3982e+03 2.8383e+03 4.4000e+03 2.2657e+20 1.9664e+20 1.9664e+20 7.2745e-02 0.0000e+00 4.5784e+04 0.0000e+00
2.9800e+03 7.6258e-12 8.3372e-01 1.3978e+03 2.8375e+03 4.4000e+03 2.2858e+20 1.9812e+20 1.9812e+20 7.2496e-02 0.0000e+00 4.5924e+04 0.0000e+00
2.9900e+03 7.5965e-12 8.3336e-01 1.3974e+03 2.8367e+03 4.4000e+03 2.3061e+20 1.9960e+20 1.9960e+20 7.2249e-02 0.0000e+00 4.6065e+04 0.0000e+00
3.0000e+03 7.5673e-12 8.3301e-01 1.3970e+03 2.8359e+03 4.4000e+03 2.3265e+20 2.0110e+20 2.0110e+20 7.2002e-02 0.0000e+00 4.6206e+04 0.0000e+00
3.0100e+03 7.5382e-12 8.3265e-01 1.3966e+03 2.8351e+03 4.4000e+03 2.3471e+20 2.0260e+20 2.0260e+20 7.1756e-02 0.0000e+00 4.6348e+04 0.0000e+00
3.0200e+03 7.5093e-12 8.3230e-01 1.3962e+03 2.8343e+03 4.4000e+03 2.3680e+20 2.0412e+20 2.0412e+20 7.1511e-02 0.0000e+00 4.6490e+04 0.0000e+00
3.0300e+03 7.4805e-12 8.3194e-01 1.3958e+03 2.8335e+03 4.4000e+03 2.3889e+20 2.0564e+20 2.0564e+20 7.1267e-02 0.0000e+00 4.6633e+04 0.0000e+00
3.0400e+03 7.4517e-12 8.3159e-01 1.3954e+03 2.8327e+03 4.4000e+03 2.4101e+20 2.0718e+20 2.0718e+20 7.1023e-02 0.0000e+00 4.6775e+04 0.0000e+00
3.0500e+03 7.4231e-12 8.3123e-01 1.3950e+03 2.8319e+03 4.4000e+03 2.4315e+20 2.0873e+20 2.0873e+20 7.0781e-02 0.0000e+00 4.6919e+04 0.0000e+00
3.0600e+03 7.3946e-12 8.3087e-01 1.3946e+03 2.8311e+03 4.4000e+03 2.4530e+20 2.1028e+20 2.1028e+20 7.0540e-02 0.0000e+00 4.7063e+04 0.0000e+00
3.0700e+03 7.3662e-12 8.3052e-01 1.3942e+03 2.8303e+03 4.4000e+03 2.4748e+20 2.1185e+20 2.1185e+20 7.0299e-02 0.0000e+00 4.7207e+04 0.0000e+00
3.0800e+03 7.3379e-12 8.3016e-01 1.3938e+03 2.8295e+03 4.4000e+03 2.4967e+20 2.1343e+20 2.1343e+20 7.0059e-02 0.0000e+00 4.7351e+04 0.0000e+00
3.0900e+03 7.3098e-12 8.2980e-01 1.3934e+03 2.8287e+03 4.4000e+03 2.5188e+20 2.1501e+20 2.1501e+20 6.9820e-02 0.0000e+00 4.7497e+04 0.0000e+00
3.1000e+03 7.2817e-12 8.2944e-01 1.3930e+03 2.8279e+03 4.4000e+03 2.5411e+20 2.1661e+20 2.1661e+20 6.9582e-02 0.0000e+00 4.7642e+04 0.0000e+00
3.1100e+03 7.2537e-12 8.2908e-01 1.3926e+03 2.8271e+03 4.4000e+03 2.5636e+20 2.1822e+20 2.1822e+20 6.9345e-02 0.0000e+00 4.7788e+04 0.0000e+00
3.1200e+03 7.2259e-12 8.2872e-01 1.3922e+03 2.8263e+03 4.4000e+03 2.5863e+20 2.1984e+20 2.1984e+20 6.9109e-02 0.0000e+00 4.7934e+04 0.0000e+00
3.1300e+03 7.1981e-12 8.2836e-01 1.3918e+03 2.8255e+03 4.4000e+03 2.6092e+20 2.2147e+20 2.2147e+20 6.8873e-02 0.0000e+00 4.8081e+04 0.0000e+00
3.1400e+03 7.1705e-12 8.2800e-01 1.3914e+03 2.8247e+03 4.4000e+03 2.6323e+20 2.2311e+20 2.2311e+20 6.8639e-02 0.0000e+00 4.8228e+04 0.0000e+00
3.1500e+03 7.1429e-12 8.2764e-01 1.3911e+03 2.8239e+03 4.4000e+03 2.6556e+20 2.2476e+20 2.2476e+20 6.8405e-02 0.0000e+00 4.8376e+04 0.0000e+00
3.1600e+03 7.1155e-12 8.2728e-01 1.3907e+03 2.8231e+03 4.4000e+03 2.6792e+20 2.2643e+20 2.2643e+20 6.8172e-02 0.0000e+00 4.8524e+04 0.0000e+00
3.1700e+03 7.0882e-12 8.2692e-01 1.3903e+03 2.8223e+03 4.4000e+03 2.7029e+20 2.2810e+20 2.2810e+20 6.7940e-02 0.0000e+00 4.8673e+04 0.0000e+00
3.1800e+03 7.0610e-12 8.2656e-01 1.3899e+03 2.8215e+03 4.4000e+03 2.7268e+20 2.2979e+20 2.2979e+20 6.7709e-02 0.0000e+00 4.8822e+04 0.0000e+00
3.1900e+03 7.0339e-12 8.2620e-01 1.3895e+03 2.8207e+03 4.4000e+03 2.7509e+20 2.3148e+20 2.3148e+20 6.7478e-02 0.0000e+00 4.8971e+04 0.0000e+00
3.2000e+03 7.0069e-12 8.2583e-01 1.3891e+03 2.8199e+03 4.4000e+03 2.7753e+20 2.3319e+20 2.3319e+20 6.7249e-02 0.0000e+00 4.9121e+04 0.0000e+00
3.2100e+03 6.9799e-12 8.2547e-01 1.3887e+03 2.8191e+03 4.4000e+03 2.7998e+20 2.3491e+20 2.3491e+20 6.7020e-02 0.0000e+00 4.9271e+04 0.0000e+00
3.2200e+03 6.9531e-12 8.2511e-01 1.3883e+03 2.8183e+03 4.4000e+03 2.8246e+20 2.3664e+20 2.3664e+20 6.6792e-02 0.0000e+00 4.9422e+04 0.0000e+00
3.2300e+03 6.9264e-12 8.2474e-01 1.3879e+03 2.8176e+03 4.4000e+03 2.8496e+20 2.3838e+20 2.3838e+20 6.6565e-02 0.0000e+00 4.9573e+04 0.0000e+00
3.2400e+03 6.8998e-12 8.2438e-01 1.3876e+03 2.8168e+03 4.4000e+03 2.8748e+20 2.4014e+20 2.4014e+20 6.6339e-02 0.0000e+00 4.9725e+04 0.0000e+00
3.2500e+03 6.8733e-12 8.2401e-01 1.3872e+03 2.8160e+03 4.4000e+03 2.9003e+20 2.4190e+20 2.4190e+20 6.6113e-02 0.0000e+00 4.9877e+04 0.0000e+00
3.2600e+03 6.8470e-12 8.2365e-01 1.3868e+03 2.8152e+03 4.4000e+03 2.9259e+20 2.4368e+20 2.4368e+20 6.5888e-02 0.0000e+00 5.0029e+04 0.0000e+00
3.2700e+03 6.8207e-12 8.2328e-01 1.3864e+03 2.8144e+03 4.4000e+03 2.9518e+20 2.4546e+20 2.4546e+20 6.5665e-02 0.0000e+00 5.0182e+04 0.0000e+00
3.2800e+03 6.7945e-12 8.2292e-01 1.3860e+03 2.8136e+03 4.4000e+03 2.9779e+20 2.4726e+20 2.4726e+20 6.5441e-02 0.0000e+00 5.0335e+04 0.0000e+00
3.2900e+03 6.7684e-12 8.2255e-01 1.3856e+03 2.8129e+03 4.4000e+03 3.0043e+20 2.4908e+20 2.4908e+20 6.5219e-02 0.0000e+00 5.0489e+04 0.0000e+00
3.3000e+03 6.7424e-12 8.2218e-01 1.3852e+03 2.8121e+03 4.4000e+03 3.0308e+20 2.5090e+20 2.5090e+20 6.4998e-02 0.0000e+00 5.0644e+04 0.0000e+00
3.3100e+03 6.7165e-12 8.2182e-01 1.3849e+03 2.8113e+03 4.4000e+03 3.0576e+20 2.5273e+20 2.5273e+20 6.4777e-02 0.0000e+00 5.0798e+04 0.0000e+00
3.3200e+03 6.6907e-12 8.2145e-01 1.3845e+03 2.8105e+03 4.4000e+03 3.0847e+20 2.5458e+20 2.5458e+20 6.4557e-02 0.0000e+00 5.0954e+04 0.0000e+00
3.3300e+03 6.6650e-12 8.2108e-01 1.3841e+03 2.8097e+03 4.4000e+03 3.1120e+20 2.5644e+20 2.5644e+20 6.4338e-02 0.0000e+00 5.1109e+04 0.0000e+00
3.3400e+03 6.6394e-12 8.2071e-01 1.3837e+03 2.8090e+03 4.4000e+03 3.1395e+20 2.5831e+20 2.5831e+20 6.4120e-02 0.0000e+00 5.1265e+04 0.0000e+00
3.3500e+03 6.6139e-12 8.2034e-01 1.3833e+03 2.8082e+03 4.4000e+03 3.1672e+20 2.6020e+20 2.6020e+20 6.3902e-02 0.0000e+00 5.1422e+04 0.0000e+00
3.3600e+03 6.5885e-12 8.1997e-01 1.3829e+03 2.8074e+03 4.4000e+03 3.1952e+20 2.6209e+20 2.6209e+20 6.3686e-02 0.0000e+00 5.1579e+04 0.0000e+00
3.3700e+03 6.5632e-12 8.1960e-01 1.3826e+03 2.8067e+03 4.4000e+03 3.2235e+20 2.6400e+20 2.6400e+20 6.3470e-02 0.0000e+00 5.1737e+04 0.0000e+00
3.3800e+03 6.5380e-12 8.1923e-01 1.3822e+03 2.8059e+03 4.4000e+03 3.2520e+20 2.6592e+20 2.6592e+20 6.3254e-02 0.0000e+00 5.1895e+04 0.0000e+00
3.3900e+03 6.5129e-12 8.1886e-01 1.3818e+03 2.8051e+03 4.4000e+03 3.2807e+20 2.6785e+20 2.6785e+20 6.3040e-02 0.0000e+00 5.2053e+04 0.0000e+00
3.4000e+03 6.4879e-12 8.1849e-01 1.3814e+03 2.8043e+03 4.4000e+03 3.3097e+20 2.6980e+20 2.6980e+20 6.2826e-02 0.0000e+00 5.2212e+04 0.0000e+00
3.4100e+03 6.4630e-12 8.1812e-01 1.3811e+03 2.8036e+03 4.4000e+03 3.3389e+20 2.7176e+20 2.7176e+20 6.2614e-02 0.0000e+00 5.2371e+04 0.0000e+00
3.4200e+03 6.4382e-12 8.1775e-01 1.3807e+03 2.8028e+03 4.4000e+03 3.3685e+20 2.7373e+20 2.7373e+20 6.2401e-02 0.0000e+00 5.2531e+04 0.0000e+00
3.4300e+03 6.4135e-12 8.1738e-01 1.3803e+03 2.8020e+03 4.4000e+03 3.3982e+20 2.7571e+20 2.7571e+20 6.2190e-02 0.0000e+00 5.2692e+04 0.0000e+00
3.4400e+03 6.3888e-12 8.1701e-01 1.3799e+03 2.8013e+03 4.4000e+03 3.4282e+20 2.7771e+20 2.7771e+20 6.1979e-02 0.0000e+00 5.2852e+04 0.0000e+00
3.4500e+03 6.3643e-12 8.1664e-01 1.3795e+03 2.8005e+03 4.4000e+03 3.4585e+20 2.7971e+20 2.7971e+20 6.1770e-02 0.0000e+00 5.3014e+04 0.0000e+00
3.4600e+03 6.3399e-12 8.1626e-01 1.3792e+03 2.7998e+03 4.4000e+03 3.4891e+20 2.8174e+20 2.8174e+20 6.1561e-02 0.0000e+00 5.3176e+04 0.0000e+00
3.4700e+03 6.3155e-12 8.1589e-01 1.3788e+03 2.7990e+03 4.4000e+03 3.5199e+20 2.8377e+20 2.8377e+20 6.1352e-02 0.0000e+00 5.3338e+04 0.0000e+00
3.4800e+03 6.2913e-12 8.1552e-01 1.3784e+03 2.7982e+03 4.4000e+03 3.5510e+20 2.8582e+20 2.8582e+20 6.1145e-02 0.0000e+00 5.3500e+04 0.0000e+00
3.4900e+03 6.2671e-12 8.1514e-01 1.3780e+03 2.7975e+03 4.4000e+03 3.5824e+20 2.8788e+20 2.8788e+20 6.0938e-02 0.0000e+00 5.3664e+04 0.0000e+00
3.5000e+03 6.2430e-12 8.1477e-01 1.3777e+03 2.7967e+03 4.4000e+03 3.6140e+20 2.8995e+20 2.8995e+20 6.0732e-02 0.0000e+00 5.3827e+04 0.0000e+00
3.5100e+03 6.2191e-12 8.1439e-01 1.3773e+03 2.7960e+03 4.4000e+03 3.6459e+20 2.9204e+20 2.9204e+20 6.0526e-02 0.0000e+00 5.3992e+04 0.0000e+00
3.5200e+03 6.1952e-12 8.1402e-01 1.3769e+03 2.7952e+03 4.4000e+03 3.6781e+20 2.9414e+20 2.9414e+20 6.0322e-02 0.0000e+00 5.4156e+04 0.0000e+00
3.5300e+03 6.1714e-12 8.1364e-01 1.3766e+03 2.7944e+03 4.4000e+03 3.7106e+20 2.9625e+20 2.9625e+20 6.0118e-02 0.0000e+00 5.4321e+04 0.0000e+00
3.5400e+03 6.1477e-12 8.1327e-01 1.3762e+03 2.7937e+03 4.4000e+03 3.7434e+20 2.9838e+20 2.9838e+20 5.9914e-02 0.0000e+00 5.4487e+04 0.0000e+00
3.5500e+03 6.1241e-12 8.1289e-01 1.3758e+03 2.7929e+03 4.4000e+03 3.7764e+20 3.0052e+20 3.0052e+20 5.9712e-02 0.0000e+00 5.4653e+04 0.0000e+00
3.5600e+03 6.1006e-12 8.1252e-01 1.3754e+03 2.7922e+03 4.4000e+03 3.8098e+20 3.0267e+20 3.0267e+20 5.9510e-02 0.0000e+00 5.4820e+04 0.0000e+00
3.5700e+03 6.0771e-12 8.1214e-01 1.3751e+03 2.7914e+03 4.4000e+03 3.8434e+20 3.0484e+20 3.0484e+20 5.9309e-02 0.0000e+00 5.4987e+04 0.0000e+00
3.5800e+03 6.0538e-12 8.1176e-01 1.3747e+03 2.7907e+03 4.4000e+03 3.8774e+20 3.0702e+20 3.0702e+20 5.9109e-02 0.0000e+00 5.5154e+04 0.0000e+00
3.5900e+03 6.0306e-12 8.1138e-01 1.3743e+03 2.7899e+03 4.4000e+03 3.9116e+20 3.0922e+20 3.0922e+20 5.8909e-02 0.0000e+00 5.5322e+04 0.0000e+00
3.6000e+03 6.0074e-12 8.1101e-01 1.3740e+03 2.7892e+03 4.4000e+03 3.9461e+20 3.1143e+20 3.1143e+20 5.8710e-02 0.0000e+00 5.5491e+04 0.0000e+00
3.6100e+03 5.9843e-12 8.1063e-01 1.3736e+03 2.7884e+03 4.4000e+03 3.9809e+20 3.1365e+20 3.1365e+20 5.8512e-02 0.0000e+00 5.5660e+04 0.0000e+00
3.6200e+03 5.9614e-12 8.1025e-01 1.3732e+03 2.7877e+03 4.4000e+03 4.0161e+20 3.1589e+20 3.1589e+20 5.8315e-02 0.0000e+00 5.5830e+04 0.0000e+00
3.6300e+03 5.9385e-12 8.0987e-01 1.3729e+03 2.7870e+03 4.4000e+03 4.0515e+20 3.1814e+20 3.1814e+20 5.8118e-02 0.0000e+00 5.6000e+04 0.0000e+00
3.6400e+03 5.9157e-12 8.0949e-01 1.3725e+03 2.7862e+03 4.4000e+03 4.0873e+20 3.2040e+20 3.2040e+20 5.7922e-02 0.0000e+00 5.6170e+04 0.0000e+00
3.6500e+03 5.8929e-12 8.0911e-01 1.3721e+03 2.7855e+03 4.4000e+03 4.1234e+20 3.2268e+20 3.2268e+20 5.7727e-02 0.0000e+00 5.6341e+04 0.0000e+00
3.6600e+03 5.8703e-12 8.0873e-01 1.3718e+03 2.7847e+03 4.4000e+03 4.1598e+20 3.2497e+20 3.2497e+20 5.7532e-02 0.0000e+00 5.6513e+04 0.0000e+00
3.6700e+03 5.8478e-12 8.0835e-01 1.3714e+03 2.7840e+03 4.4000e+03 4.1965e+20 3.2728e+20 3.2728e+20 5.7338e-02 0.0000e+00 5.6685e+04 0.0000e+00
3.6800e+03 5.8253e-12 8.0797e-01 1.3710e+03 2.7832e+03 4.4000e+03 4.2335e+20 3.2960e+20 3.2960e+20 5.7145e-02 0.0000e+00 5.6858e+04 0.0000e+00
3.6900e+03 5.8029e-12 8.0759e-01 1.3707e+03 2.7825e+03 4.4000e+03 4.2708e+20 3.3194e+20 3.3194e+20 5.6952e-02 0.0000e+00 5.7031e+04 0.0000e+00
3.7000e+03 5.7807e-12 8.0721e-01 1.3703e+03 2.7818e+03 4.4000e+03 4.3085e+20 3.3429e+20 3.3429e+20 5.6760e-02 0.0000e+00 5.7205e+04 0.0000e+00
3.7100e+03 5.7585e-12 8.0683e-01 1.3699e+03 2.7810e+03 4.4000e+03 4.3465e+20 3.3666e+20 3.3666e+20 5.6569e-02 0.0000e+00 5.7379e+04 0.0000e+00
3.7200e+03 5.7364e-12 8.0645e-01 1.3696e+03 2.7803e+03 4.4000e+03 4.3849e+20 3.3904e+20 3.3904e+20 5.6378e-02 0.0000e+00 5.7553e+04 0.0000e+00
3.7300e+03 5.7143e-12 8.0607e-01 1.3692e+03 2.7796e+03 4.4000e+03 4.4236e+20 3.4143e+20 3.4143e+20 5.6188e-02 0.0000e+00 5.7729e+04 0.0000e+00
3.7400e+03 5.6924e-12 8.0569e-01 1.3689e+03 2.7788e+03 4.4000e+03 4.4626e+20 3.4384e+20 3.4384e+20 5.5999e-02 0.0000e+00 5.7904e+04 0.0000e+00
3.7500e+03 5.6705e-12 8.0530e-01 1.3685e+03 2.7781e+03 4.4000e+03 4.5020e+20 3.4627e+20 3.4627e+20 5.5811e-02 0.0000e+00 5.8081e+04 0.0000e+00
3.7600e+03 5.6488e-12 8.0492e-01 1.3681e+03 2.7774e+03 4.4000e+03 4.5417e+20 3.4871e+20 3.4871e+20 5.5623e-02 0.0000e+00 5.8257e+04 0.0000e+00
3.7700e+03 5.6271e-12 8.0454e-01 1.3678e+03 2.7766e+03 4.4000e+03 4.5817e+20 3.5116e+20 3.5116e+20 5.5435e-02 0.0000e+00 5.8435e+04 0.0000e+00
3.7800e+03 5.6055e-12 8.0416e-01 1.3674e+03 2.7759e+03 4.4000e+03 4.6222e+20 3.5363e+20 3.5363e+20 5.5249e-02 0.0000e+00 5.8612e+04 0.0000e+00
3.7900e+03 5.5839e-12 8.0377e-01 1.3671e+03 2.7752e+03 4.4000e+03 4.6629e+20 3.5611e+20 3.5611e+20 5.5063e-02 0.0000e+00 5.8791e+04 0.0000e+00
3.8000e+03 5.5625e-12 8.0339e-01 1.3667e+03 2.7745e+03 4.4000e+03 4.7040e+20 3.5861e+20 3.5861e+20 5.4878e-02 0.0000e+00 5.8970e+04 0.0000e+00
3.8100e+03 5.5411e-12 8.0300e-01 1.3663e+03 2.7737e+03 4.4000e+03 4.7455e+20 3.6113e+20 3.6113e+20 5.4693e-02 0.0000e+00 5.9149e+04 0.0000e+00
3.8200e+03 5.5198e-12 8.0262e-01 1.3660e+03 2.7730e+03 4.4000e+03 4.7874e+20 3.6366e+20 3.6366e+20 5.4509e-02 0.0000e+00 5.9329e+04 0.0000e+00
3.8300e+03 5.4987e-12 8.0224e-01 1.3656e+03 2.7723e+03 4.4000e+03 4.8296e+20 3.6621e+20 3.6621e+20 5.4326e-02 0.0000e+00 5.9509e+04 0.0000e+00
3.8400e+03 5.4775e-12 8.0185e-01 1.3653e+03 2.7716e+03 4.4000e+03 4.8722e+20 3.6877e+20 3.6877e+20 5.4143e-02 0.0000e+00 5.9690e+04 0.0000e+00
3.8500e+03 5.4565e-12 8.0147e-01 1.3649e+03 2.7708e+03 4.4000e+03 4.9152e+20 3.7135e+20 3.7135e+20 5.3961e-02 0.0000e+00 5.9872e+04 0.0000e+00
3.8600e+03 5.4355e-12 8.0108e-01 1.3646e+03 2.7701e+03 4.4000e+03 4.9585e+20 3.7394e+20 3.7394e+20 5.3780e-02 0.0000e+00 6.0054e+04 0.0000e+00
3.8700e+03 5.4147e-12 8.0069e-01 1.3642e+03 2.7694e+03 4.4000e+03 5.0022e+20 3.7655e+20 3.7655e+20 5.3599e-02 0.0000e+00 6.0237e+04 0.0000e+00
3.8800e+03 5.3939e-12 8.0031e-01 1.3639e+03 2.7687e+03 4.4000e+03 5.0463e+20 3.7917e+20 3.7917e+20 5.3419e-02 0.0000e+00 6.0420e+04 0.0000e+00
3.8900e+03 5.3732e-12 7.9992e-01 1.3635e+03 2.7680e+03 4.4000e+03 5.0908e+20 3.8181e+20 3.8181e+20 5.3240e-02 0.0000e+00 6.0603e+04 0.0000e+00
3.9000e+03 5.3525e-12 7.9954e-01 1.3632e+03 2.7672e+03 4.4000e+03 5.1357e+20 3.8447e+20 3.8447e+20 5.3061e-02 0.0000e+00 6.0788e+04 0.0000e+00
3.9100e+03 5.3320e-12 7.9915e-01 1.3628e+03 2.7665e+03 4.4000e+03 5.1810e+20 3.8714e+20 3.8714e+20 5.2883e-02 0.0000e+00 6.0973e+04 0.0000e+00
3.9200e+03 5.3115e-12 7.9876e-01 1.3624e+03 2.7658e+03 4.4000e+03 5.2267e+20 3.8983e+20 3.8983e+20 5.2705e-02 0.0000e+00 6.1158e+04 0.0000e+00
3.9300e+03 5.2911e-12 7.9837e-01 1.3621e+03 2.7651e+03 4.4000e+03 5.2728e+20 3.9253e+20 3.9253e+20 5.2528e-02 0.0000e+00 6.1344e+04 0.0000e+00
3.9400e+03 5.2708e-12 7.9799e-01 1.3617e+03 2.7644e+03 4.4000e+03 5.3192e+20 3.9525e+20 3.9525e+20 5.2352e-02 0.0000e+00 6.1530e+04 0.0000e+00
3.9500e+03 5.2506e-12 7.9760e-01 1.3614e+03 2.7637e+03 4.4000e+03 5.3661e+20 3.9799e+20 3.9799e+20 5.2176e-02 0.0000e+00 6.1717e+04 0.0000e+00
3.9600e+03 5.2304e-12 7.9721e-01 1.3610e+03 2.7630e+03 4.4000e+03 5.4134e+20 4.0074e+20 4.0074e+20 5.2001e-02 0.0000e+00 6.1905e+04 0.0000e+00
3.9700e+03 5.2103e-12 7.9682e-01 1.3607e+03 2.7622e+03 4.4000e+03 5.4612e+20 4.0351e+20 4.0351e+20 5.1827e-02 0.0000e+00 6.2093e+04 0.0000e+00
3.9800e+03 5.1903e-12 7.9643e-01 1.3603e+03 2.7615e+03 4.4000e+03 5.5093e+20 4.0630e+20 4.0630e+20 5.1653e-02 0.0000e+00 6.2282e+04 0.0000e+00
3.9900e+03 5.1704e-12 7.9605e-01 1.3600e+03 2.7608e+03 4.4000e+03 5.5579e+20 4.0910e+20 4.0910e+20 5.1480e-02 0.0000e+00 6.2471e+04 0.0000e+00
4.0000e+03 5.1505e-12 7.9566e-01 1.3596e+03 2.7601e+03 4.4000e+03 5.6069e+20 4.1192e+20 4.1192e+20 5.1307e-02 0.0000e+00 6.2661e+04 0.0000e+00
4.0100e+03 5.1307e-12 7.9527e-01 1.3593e+03 2.7594e+03 4.4000e+03 5.6563e+20 4.1476e+20 4.1476e+20 5.1135e-02 0.0000e+00 6.2851e+04 0.0000e+00
4.0200e+03 5.1110e-12 7.9488e-01 1.3590e+03 2.7587e+03 4.4000e+03 5.7062e+20 4.1761e+20 4.1761e+20 5.0964e-02 0.0000e+00 6.3042e+04 0.0000e+00
4.0300e+03 5.0914e-12 7.9449e-01 1.3586e+03 2.7580e+03 4.4000e+03 5.7564e+20 4.2048e+20 4.2048e+20 5.0793e-02 0.0000e+00 6.3233e+04 0.0000e+00
4.0400e+03 5.0719e-12 7.9410e-01 1.3583e+03 2.7573e+03 4.4000e+03 5.8072e+20 4.2337e+20 4.2337e+20 5.0623e-02 0.0000e+00 6.3426e+04 0.0000e+00
4.0500e+03 5.0524e-12 7.9371e-01 1.3579e+03 2.7566e+03 4.4000e+03 5.8584e+20 4.2627e+20 4.2627e+20 5.0453e-02 0.0000e+00 6.3618e+04 0.0000e+00
4.0600e+03 5.0330e-12 7.9332e-01 1.3576e+03 2.7559e+03 4.4000e+03 5.9100e+20 4.2920e+20 4.2920e+20 5.0284e-02 0.0000e+00 6.3811e+04 0.0000e+00
4.0700e+03 5.0137e-12 7.9293e-01 1.3572e+03 2.7552e+03 4.4000e+03 5.9621e+20 4.3213e+20 4.3213e+20 5.0116e-02 0.0000e+00 6.4005e+04 0.0000e+00
4.0800e+03 4.9944e-12 7.9254e-01 1.3569e+03 2.7545e+03 4.4000e+03 6.0147e+20 4.3509e+20 4.3509e+20 4.9948e-02 0.0000e+00 6.4200e+04 0.0000e+00
4.0900e+03 4.9752e-12 7.9214e-01 1.3565e+03 2.7538e+03 4.4000e+03 6.0677e+20 4.3806e+20 4.3806e+20 4.9781e-02 0.0000e+00 6.4395e+04 0.0000e+00
4.1000e+03 4.9561e-12 7.9175e-01 1.3562e+03 2.7531e+03 4.4000e+03 6.1212e+20 4.4105e+20 4.4105e+20 4.9614e-02 0.0000e+00 6.4590e+04 0.0000e+00
4.1100e+03 4.9371e-12 7.9136e-01 1.3559e+03 2.7524e+03 4.4000e+03 6.1751e+20 4.4406e+20 4.4406e+20 4.9448e-02 0.0000e+00 6.4786e+04 0.0000e+00
4.1200e+03 4.9181e-12 7.9097e-01 1.3555e+03 2.7517e+03 4.4000e+03 6.2295e+20 4.4709e+20 4.4709e+20 4.9283e-02 0.0000e+00 6.4983e+04 0.0000e+00
4.1300e+03 4.8992e-12 7.9058e-01 1.3552e+03 2.7510e+03 4.4000e+03 6.2844e+20 4.5013e+20 4.5013e+20 4.9118e-02 0.0000e+00 6.5180e+04 0.0000e+00
4.1400e+03 4.8804e-12 7.9019e-01 1.3548e+03 2.7503e+03 4.4000e+03 6.3398e+20 4.5319e+20 4.5319e+20 4.8953e-02 0.0000e+00 6.5378e+04 0.0000e+00
4.1500e+03 4.8617e-12 7.8979e-01 1.3545e+03 2.7496e+03 4.4000e+03 6.3957e+20 4.5627e+20 4.5627e+20 4.8790e-02 0.0000e+00 6.5577e+04 0.0000e+00
4.1600e+03 4.8430e-12 7.8940e-01 1.3541e+03 2.7490e+03 4.4000e+03 6.4521e+20 4.5937e+20 4.5937e+20 4.8626e-02 0.0000e+00 6.5776e+04 0.0000e+00
4.1700e+03 4.8244e-12 7.8901e-01 1.3538e+03 2.7483e+03 4.4000e+03 6.5089e+20 4.6248e+20 4.6248e+20 4.8464e-02 0.0000e+00 6.5976e+04 0.0000e+00
4.1800e+03 4.8059e-12 7.8862e-01 1.3535e+03 2.7476e+03 4.4000e+03 6.5663e+20 4.6561e+20 4.6561e+20 4.8302e-02 0.0000e+00 6.6176e+04 0.0000e+00
4.1900e+03 4.7874e-12 7.8822e-01 1.3531e+03 2.7469e+03 4.4000e+03 6.6242e+20 4.6877e+20 4.6877e+20 4.8140e-02 0.0000e+00 6.6377e+04 0.0000e+00
4.2000e+03 4.7691e-12 7.8783e-01 1.3528e+03 2.7462e+03 4.4000e+03 6.6826e+20 4.7193e+20 4.7193e+20 4.7979e-02 0.0000e+00 6.6578e+04 0.0000e+00
4.2100e+03 4.7507e-12 7.8744e-01 1.3525e+03 2.7455e+03 4.4000e+03 6.7415e+20 4.7512e+20 4.7512e+20 4.7819e-02 0.0000e+00 6.6780e+04 0.0000e+00
4.2200e+03 4.7325e-12 7.8704e-01 1.3521e+03 2.7448e+03 4.4000e+03 6.8009e+20 4.7833e+20 4.7833e+20 4.7659e-02 0.0000e+00 6.6983e+04 0.0000e+00
4.2300e+03 4.7143e-12 7.8665e-01 1.3518e+03 2.7442e+03 4.4000e+03 6.8608e+20 4.8155e+20 4.8155e+20 4.7500e-02 0.0000e+00 6.7186e+04 0.0000e+00
4.2400e+03 4.6962e-12 7.8625e-01 1.3514e+03 2.7435e+03 4.4000e+03 6.9213e+20 4.8479e+20 4.8479e+20 4.7341e-02 0.0000e+00 6.7390e+04 0.0000e+00
4.2500e+03 4.6782e-12 7.8586e-01 1.3511e+03 2.7428e+03 4.4000e+03 6.9823e+20 4.8805e+20 4.8805e+20 4.7183e-02 0.0000e+00 6.7595e+04 0.0000e+00
4.2600e+03 4.6602e-12 7.8547e-01 1.3508e+03 2.7421e+03 4.4000e+03 7.0439e+20 4.9133e+20 4.9133e+20 4.7025e-02 0.0000e+00 6.7800e+04 0.0000e+00
4.2700e+03 4.6423e-12 7.8507e-01 1.3504e+03 2.7414e+03 4.4000e+03 7.1060e+20 4.9463e+20 4.9463e+20 4.6868e-02 0.0000e+00 6.8006e+04 0.0000e+00
4.2800e+03 4.6245e-12 7.8468e-01 1.3501e+03 2.7408e+03 4.4000e+03 7.1686e+20 4.9795e+20 4.9795e+20 4.6712e-02 0.0000e+00 6.8212e+04 0.0000e+00
4.2900e+03 4.6068e-12 7.8428e-01 1.3498e+03 2.7401e+03 4.4000e+03 7.2318e+20 5.0128e+20 5.0128e+20 4.6556e-02 0.0000e+00 6.8419e+04 0.0000e+00
4.3000e+03 4.5891e-12 7.8389e-01 1.3494e+03 2.7394e+03 4.4000e+03 7.2955e+20 5.0464e+20 5.0464e+20 4.6401e-02 0.0000e+00 6.8627e+04 0.0000e+00
4.3100e+03 4.5714e-12 7.8349e-01 1.3491e+03 2.7387e+03 4.4000e+03 7.3598e+20 5.0801e+20 5.0801e+20 4.6246e-02 0.0000e+00 6.8835e+04 0.0000e+00
4.3200e+03 4.5539e-12 7.8310e-01 1.3488e+03 2.7380e+03 4.4000e+03 7.4247e+20 5.1141e+20 5.1141e+20 4.6091e-02 0.0000e+00 6.9044e+04 0.0000e+00
4.3300e+03 4.5364e-12 7.8270e-01 1.3484e+03 2.7374e+03 4.4000e+03 7.4902e+20 5.1482e+20 5.1482e+20 4.5938e-02 0.0000e+00 6.9253e+04 0.0000e+00
4.3400e+03 4.5190e-12 7.8231e-01 1.3481e+03 2.7367e+03 4.4000e+03 7.5562e+20 5.1825e+20 5.1825e+20 4.5784e-02 0.0000e+00 6.9463e+04 0.0000e+00
4.3500e+03 4.5016e-12 7.8191e-01 1.3478e+03 2.7360e+03 4.4000e+03 7.6228e+20 5.2170e+20 5.2170e+20 4.5632e-02 0.0000e+00 6.9674e+04 0.0000e+00
4.3600e+03 4.4843e-12 7.8151e-01 1.3475e+03 2.7354e+03 4.4000e+03 7.6900e+20 5.2517e+20 5.2517e+20 4.5479e-02 0.0000e+00 6.9886e+04 0.0000e+00
4.3700e+03 4.4671e-12 7.8112e-01 1.3471e+03 2.7347e+03 4.4000e+03 7.7578e+20 5.2866e+20 5.2866e+20 4.5328e-02 0.0000e+00 7.0098e+04 0.0000e+00
4.3800e+03 4.4500e-12 7.8072e-01 1.3468e+03 2.7340e+03 4.4000e+03 7.8262e+20 5.3217e+20 5.3217e+20 4.5177e-02 0.0000e+00 7.0310e+04 0.0000e+00
4.3900e+03 4.4329e-12 7.8033e-01 1.3465e+03 2.7334e+03 4.4000e+03 7.8952e+20 5.3569e+20 5.3569e+20 4.5026e-02 0.0000e+00 7.0524e+04 0.0000e+00
4.4000e+03 4.4159e-12 7.7993e-01 1.3461e+03 2.7327e+03 4.4000e+03 7.9648e+20 5.3924e+20 5.3924e+20 4.4876e-02 0.0000e+00 7.0738e+04 0.0000e+00
4.4100e+03 4.3989e-12 7.7953e-01 1.3458e+03 2.7320e+03 4.4000e+03 8.0351e+20 5.4281e+20 5.4281e+20 4.4726e-02 0.0000e+00 7.0952e+04 0.0000e+00
4.4200e+03 4.3820e-12 7.7914e-01 1.3455e+03 2.7314e+03 4.4000e+03 8.1059e+20 5.4640e+20 5.4640e+20 4.4577e-02 0.0000e+00 7.1168e+04 0.0000e+00
4.4300e+03 4.3652e-12 7.7874e-01 1.3452e+03 2.7307e+03 4.4000e+03 8.1774e+20 5.5001e+20 5.5001e+20 4.4429e-02 0.0000e+00 7.1383e+04 0.0000e+00
4.4400e+03 4.3484e-12 7.7834e-01 1.3448e+03 2.7300e+03 4.4000e+03 8.2495e+20 5.5363e+20 5.5363e+20 4.4281e-02 0.0000e+00 7.1600e+04 0.0000e+00
4.4500e+03 4.3317e-12 7.7795e-01 1.3445e+03 2.7294e+03 4.4000e+03 8.3223e+20 5.5728e+20 5.5728e+20 4.4133e-02 0.0000e+00 7.1817e+04 0.0000e+00
4.4600e+03 4.3151e-12 7.7755e-01 1.3442e+03 2.7287e+03 4.4000e+03 8.3957e+20 5.6095e+20 5.6095e+20 4.3986e-02 0.0000e+00 7.2035e+04 0.0000e+00
4.4700e+03 4.2985e-12 7.7715e-01 1.3439e+03 2.7281e+03 4.4000e+03 8.4697e+20 5.6464e+20 5.6464e+20 4.3839e-02 0.0000e+00 7.2254e+04 0.0000e+00
4.4800e+03 4.2820e-12 7.7675e-01 1.3435e+03 2.7274e+03 4.4000e+03 8.5444e+20 5.6834e+20 5.6834e+20 4.3693e-02 0.0000e+00 7.2473e+04 0.0000e+00
4.4900e+03 4.2656e-12 7.7636e-01 1.3432e+03 2.7267e+03 4.4000e+03 8.6198e+20 5.7207e+20 5.7207e+20 4.3548e-02 0.0000e+00 7.2693e+04 0.0000e+00
4.5000e+03 4.2492e-12 7.7596e-01 1.3429e+03 2.7261e+03 4.4000e+03 8.6958e+20 5.7582e+20 5.7582e+20 4.3403e-02 0.0000e+00 7.2913e+04 0.0000e+00
4.5100e+03 4.2329e-12 7.7556e-01 1.3426e+03 2.7254e+03 4.4000e+03 8.7725e+20 5.7959e+20 5.7959e+20 4.3258e-02 0.0000e+00 7.3135e+04 0.0000e+00
4.5200e+03 4.2166e-12 7.7517e-01 1.3422e+03 2.7248e+03 4.4000e+03 8.8499e+20 5.8338e+20 5.8338e+20 4.3114e-02 0.0000e+00 7.3356e+04 0.0000e+00
4.5300e+03 4.2004e-12 7.7477e-01 1.3419e+03 2.7241e+03 4.4000e+03 8.9280e+20 5.8719e+20 5.8719e+20 4.2971e-02 0.0000e+00 7.3579e+04 0.0000e+00
4.5400e+03 4.1843e-12 7.7437e-01 1.3416e+03 2.7235e+03 4.4000e+03 9.0067e+20 5.9102e+20 5.9102e+20 4.2828e-02 0.0000e+00 7.3802e+04 0.0000e+00
4.5500e+03 0.0000e+00 0.0000e+00 1.3413e+03 0.0000e+00 4.4000e+03 0.0000e+00 0.0000e+00 0.0000e+00 0.0000e+00 0.0000e+00 0.0000e+00 0.0000e+00
