0.0000e+00 1.2000e-11 2.0312e-01 1.7000e+03 3.4510e+03 4.4000e+03 2.2229e+18 1.9129e+18 1.9129e+18 4.6826e-01 0.0000e+00 9.0462e+03 0.0000e+00
1.0000e+01 1.1954e-11 1.9406e-01 1.6876e+03 3.4259e+03 4.4000e+03 1.8933e+18 2.2388e+18 2.2388e+18 4.8823e-01 0.0000e+00 8.6002e+03 0.0000e+00
2.0000e+01 1.1908e-11 2.0672e-01 1.6746e+03 3.3994e+03 4.4000e+03 2.2299e+18 2.6495e+18 2.6495e+18 4.5658e-01 0.0000e+00 9.1106e+03 0.0000e+00
3.0000e+01 1.1862e-11 2.1975e-01 1.6626e+03 3.3751e+03 4.4000e+03 2.6172e+18 3.1011e+18 3.1011e+18 4.2785e-01 0.0000e+00 9.6382e+03 0.0000e+00
4.0000e+01 1.1817e-11 2.3263e-01 1.6515e+03 3.3526e+03 4.4000e+03 3.0412e+18 3.5924e+18 3.5924e+18 4.0260e-01 0.0000e+00 1.0160e+04 0.0000e+00
5.0000e+01 1.1771e-11 2.4535e-01 1.6413e+03 3.3318e+03 4.4000e+03 3.5017e+18 4.1235e+18 4.1235e+18 3.8027e-01 0.0000e+00 1.0676e+04 0.0000e+00
6.0000e+01 1.1726e-11 2.5789e-01 1.6317e+03 3.3125e+03 4.4000e+03 3.9991e+18 4.6942e+18 4.6942e+18 3.6040e-01 0.0000e+00 1.1185e+04 0.0000e+00
7.0000e+01 1.1681e-11 2.7024e-01 1.6229e+03 3.2945e+03 4.4000e+03 4.5336e+18 5.3042e+18 5.3042e+18 3.4260e-01 0.0000e+00 1.1689e+04 0.0000e+00
8.0000e+01 1.1636e-11 2.8240e-01 1.6146e+03 3.2777e+03 4.4000e+03 5.1050e+18 5.9532e+18 5.9532e+18 3.2659e-01 0.0000e+00 1.2186e+04 0.0000e+00
9.0000e+01 1.1592e-11 2.9437e-01 1.6068e+03 3.2619e+03 4.4000e+03 5.7134e+18 6.6406e+18 6.6406e+18 3.1210e-01 0.0000e+00 1.2677e+04 0.0000e+00
1.0000e+02 1.1547e-11 3.0615e-01 1.5995e+03 3.2471e+03 4.4000e+03 6.3587e+18 7.3659e+18 7.3659e+18 2.9894e-01 0.0000e+00 1.3161e+04 0.0000e+00
1.1000e+02 1.1503e-11 3.1773e-01 1.5926e+03 3.2331e+03 4.4000e+03 7.0405e+18 8.1284e+18 8.1284e+18 2.8695e-01 0.0000e+00 1.3640e+04 0.0000e+00
1.2000e+02 1.1459e-11 3.2910e-01 1.5861e+03 3.2199e+03 4.4000e+03 7.7587e+18 8.9272e+18 8.9272e+18 2.7596e-01 0.0000e+00 1.4112e+04 0.0000e+00
1.3000e+02 1.1415e-11 3.4028e-01 1.5800e+03 3.2075e+03 4.4000e+03 8.5127e+18 9.7618e+18 9.7618e+18 2.6588e-01 0.0000e+00 1.4578e+04 0.0000e+00
1.4000e+02 1.1371e-11 3.5125e-01 1.5742e+03 3.1957e+03 4.4000e+03 9.3022e+18 1.0631e+19 1.0631e+19 2.5658e-01 0.0000e+00 1.5038e+04 0.0000e+00
1.5000e+02 1.1327e-11 3.6202e-01 1.5687e+03 3.1844e+03 4.4000e+03 1.0127e+19 1.1534e+19 1.1534e+19 2.4799e-01 0.0000e+00 1.5492e+04 0.0000e+00
1.6000e+02 1.1284e-11 3.7258e-01 1.5634e+03 3.1738e+03 4.4000e+03 1.0986e+19 1.2471e+19 1.2471e+19 2.4004e-01 0.0000e+00 1.5940e+04 0.0000e+00
1.7000e+02 1.1240e-11 3.8294e-01 1.5584e+03 3.1637e+03 4.4000e+03 1.1879e+19 1.3439e+19 1.3439e+19 2.3265e-01 0.0000e+00 1.6382e+04 0.0000e+00
1.8000e+02 1.1197e-11 3.9310e-01 1.5537e+03 3.1540e+03 4.4000e+03 1.2805e+19 1.4438e+19 1.4438e+19 2.2576e-01 0.0000e+00 1.6819e+04 0.0000e+00
1.9000e+02 1.1154e-11 4.0306e-01 1.5491e+03 3.1448e+03 4.4000e+03 1.3764e+19 1.5467e+19 1.5467e+19 2.1934e-01 0.0000e+00 1.7249e+04 0.0000e+00
2.0000e+02 1.1111e-11 4.1282e-01 1.5448e+03 3.1360e+03 4.4000e+03 1.4755e+19 1.6526e+19 1.6526e+19 2.1333e-01 0.0000e+00 1.7674e+04 0.0000e+00
2.1000e+02 1.1069e-11 4.2238e-01 1.5406e+03 3.1275e+03 4.4000e+03 1.5777e+19 1.7612e+19 1.7612e+19 2.0770e-01 0.0000e+00 1.8093e+04 0.0000e+00
2.2000e+02 1.1026e-11 4.3174e-01 1.5367e+03 3.1195e+03 4.4000e+03 1.6830e+19 1.8725e+19 1.8725e+19 2.0242e-01 0.0000e+00 1.8506e+04 0.0000e+00
2.3000e+02 1.0984e-11 4.4091e-01 1.5328e+03 3.1117e+03 4.4000e+03 1.7913e+19 1.9865e+19 1.9865e+19 1.9745e-01 0.0000e+00 1.8914e+04 0.0000e+00
2.4000e+02 1.0942e-11 4.4989e-01 1.5292e+03 3.1043e+03 4.4000e+03 1.9025e+19 2.1029e+19 2.1029e+19 1.9276e-01 0.0000e+00 1.9317e+04 0.0000e+00
2.5000e+02 1.0900e-11 4.5868e-01 1.5257e+03 3.0971e+03 4.4000e+03 2.0165e+19 2.2218e+19 2.2218e+19 1.8835e-01 0.0000e+00 1.9714e+04 0.0000e+00
2.6000e+02 1.0858e-11 4.6728e-01 1.5223e+03 3.0903e+03 4.4000e+03 2.1333e+19 2.3430e+19 2.3430e+19 1.8417e-01 0.0000e+00 2.0106e+04 0.0000e+00
2.7000e+02 1.0816e-11 4.7569e-01 1.5190e+03 3.0837e+03 4.4000e+03 2.2528e+19 2.4664e+19 2.4664e+19 1.8022e-01 0.0000e+00 2.0492e+04 0.0000e+00
2.8000e+02 1.0774e-11 4.8392e-01 1.5159e+03 3.0773e+03 4.4000e+03 2.3750e+19 2.5919e+19 2.5919e+19 1.7647e-01 0.0000e+00 2.0874e+04 0.0000e+00
2.9000e+02 1.0733e-11 4.9197e-01 1.5129e+03 3.0712e+03 4.4000e+03 2.4997e+19 2.7195e+19 2.7195e+19 1.7292e-01 0.0000e+00 2.1251e+04 0.0000e+00
3.0000e+02 1.0692e-11 4.9984e-01 1.5100e+03 3.0653e+03 4.4000e+03 2.6269e+19 2.8489e+19 2.8489e+19 1.6954e-01 0.0000e+00 2.1622e+04 0.0000e+00
3.1000e+02 1.0651e-11 5.0753e-01 1.5072e+03 3.0596e+03 4.4000e+03 2.7565e+19 2.9803e+19 2.9803e+19 1.6633e-01 0.0000e+00 2.1989e+04 0.0000e+00
3.2000e+02 1.0610e-11 5.1506e-01 1.5044e+03 3.0541e+03 4.4000e+03 2.8885e+19 3.1134e+19 3.1134e+19 1.6327e-01 0.0000e+00 2.2351e+04 0.0000e+00
3.3000e+02 1.0569e-11 5.2241e-01 1.5018e+03 3.0487e+03 4.4000e+03 3.0228e+19 3.2483e+19 3.2483e+19 1.6036e-01 0.0000e+00 2.2709e+04 0.0000e+00
3.4000e+02 1.0529e-11 5.2960e-01 1.4993e+03 3.0436e+03 4.4000e+03 3.1592e+19 3.3847e+19 3.3847e+19 1.5757e-01 0.0000e+00 2.3061e+04 0.0000e+00
3.5000e+02 1.0488e-11 5.3662e-01 1.4968e+03 3.0386e+03 4.4000e+03 3.2978e+19 3.5227e+19 3.5227e+19 1.5491e-01 0.0000e+00 2.3410e+04 0.0000e+00
3.6000e+02 1.0448e-11 5.4348e-01 1.4944e+03 3.0337e+03 4.4000e+03 3.4385e+19 3.6621e+19 3.6621e+19 1.5237e-01 0.0000e+00 2.3754e+04 0.0000e+00
3.7000e+02 1.0408e-11 5.5018e-01 1.4921e+03 3.0291e+03 4.4000e+03 3.5813e+19 3.8029e+19 3.8029e+19 1.4993e-01 0.0000e+00 2.4093e+04 0.0000e+00
3.8000e+02 1.0368e-11 5.5673e-01 1.4899e+03 3.0245e+03 4.4000e+03 3.7259e+19 3.9451e+19 3.9451e+19 1.4760e-01 0.0000e+00 2.4428e+04 0.0000e+00
3.9000e+02 1.0328e-11 5.6313e-01 1.4877e+03 3.0201e+03 4.4000e+03 3.8725e+19 4.0885e+19 4.0885e+19 1.4537e-01 0.0000e+00 2.4760e+04 0.0000e+00
4.0000e+02 1.0288e-11 5.6938e-01 1.4856e+03 3.0159e+03 4.4000e+03 4.0209e+19 4.2331e+19 4.2331e+19 1.4322e-01 0.0000e+00 2.5087e+04 0.0000e+00
4.1000e+02 1.0249e-11 5.7548e-01 1.4836e+03 3.0117e+03 4.4000e+03 4.1711e+19 4.3789e+19 4.3789e+19 1.4116e-01 0.0000e+00 2.5410e+04 0.0000e+00
4.2000e+02 1.0209e-11 5.8143e-01 1.4816e+03 3.0077e+03 4.4000e+03 4.3231e+19 4.5257e+19 4.5257e+19 1.3917e-01 0.0000e+00 2.5729e+04 0.0000e+00
4.3000e+02 1.0170e-11 5.8725e-01 1.4797e+03 3.0037e+03 4.4000e+03 4.4767e+19 4.6735e+19 4.6735e+19 1.3727e-01 0.0000e+00 2.6044e+04 0.0000e+00
4.4000e+02 1.0131e-11 5.9292e-01 1.4778e+03 2.9999e+03 4.4000e+03 4.6320e+19 4.8223e+19 4.8223e+19 1.3543e-01 0.0000e+00 2.6356e+04 0.0000e+00
4.5000e+02 1.0092e-11 5.9847e-01 1.4759e+03 2.9962e+03 4.4000e+03 4.7888e+19 4.9720e+19 4.9720e+19 1.3366e-01 0.0000e+00 2.6663e+04 0.0000e+00
4.6000e+02 1.0054e-11 6.0387e-01 1.4742e+03 2.9926e+03 4.4000e+03 4.9472e+19 5.1226e+19 5.1226e+19 1.3196e-01 0.0000e+00 2.6968e+04 0.0000e+00
4.7000e+02 1.0015e-11 6.0915e-01 1.4724e+03 2.9891e+03 4.4000e+03 5.1071e+19 5.2741e+19 5.2741e+19 1.3031e-01 0.0000e+00 2.7268e+04 0.0000e+00
4.8000e+02 9.9765e-12 6.1431e-01 1.4707e+03 2.9857e+03 4.4000e+03 5.2684e+19 5.4263e+19 5.4263e+19 1.2872e-01 0.0000e+00 2.7566e+04 0.0000e+00
4.9000e+02 9.9382e-12 6.1933e-01 1.4691e+03 2.9823e+03 4.4000e+03 5.4311e+19 5.5792e+19 5.5792e+19 1.2719e-01 0.0000e+00 2.7859e+04 0.0000e+00
5.0000e+02 9.9000e-12 6.2424e-01 1.4675e+03 2.9791e+03 4.4000e+03 5.5952e+19 5.7328e+19 5.7328e+19 1.2570e-01 0.0000e+00 2.8150e+04 0.0000e+00
5.1000e+02 9.8620e-12 6.2902e-01 1.4659e+03 2.9759e+03 4.4000e+03 5.7607e+19 5.8871e+19 5.8871e+19 1.2427e-01 0.0000e+00 2.8437e+04 0.0000e+00
5.2000e+02 9.8241e-12 6.3369e-01 1.4644e+03 2.9728e+03 4.4000e+03 5.9274e+19 6.0421e+19 6.0421e+19 1.2288e-01 0.0000e+00 2.8722e+04 0.0000e+00
5.3000e+02 9.7864e-12 6.3825e-01 1.4629e+03 2.9697e+03 4.4000e+03 6.0954e+19 6.1976e+19 6.1976e+19 1.2153e-01 0.0000e+00 2.9003e+04 0.0000e+00
5.4000e+02 9.7488e-12 6.4269e-01 1.4615e+03 2.9668e+03 4.4000e+03 6.2646e+19 6.3537e+19 6.3537e+19 1.2023e-01 0.0000e+00 2.9281e+04 0.0000e+00
5.5000e+02 9.7114e-12 6.4702e-01 1.4600e+03 2.9639e+03 4.4000e+03 6.4351e+19 6.5104e+19 6.5104e+19 1.1896e-01 0.0000e+00 2.9556e+04 0.0000e+00
5.6000e+02 9.6741e-12 6.5125e-01 1.4586e+03 2.9611e+03 4.4000e+03 6.6067e+19 6.6675e+19 6.6675e+19 1.1774e-01 0.0000e+00 2.9828e+04 0.0000e+00
5.7000e+02 9.6370e-12 6.5537e-01 1.4573e+03 2.9583e+03 4.4000e+03 6.7795e+19 6.8251e+19 6.8251e+19 1.1655e-01 0.0000e+00 3.0098e+04 0.0000e+00
5.8000e+02 9.6000e-12 6.5939e-01 1.4559e+03 2.9556e+03 4.4000e+03 6.9534e+19 6.9833e+19 6.9833e+19 1.1539e-01 0.0000e+00 3.0364e+04 0.0000e+00
5.9000e+02 9.5631e-12 6.6331e-01 1.4546e+03 2.9530e+03 4.4000e+03 7.1284e+19 7.1418e+19 7.1418e+19 1.1427e-01 0.0000e+00 3.0628e+04 0.0000e+00
6.0000e+02 9.5264e-12 6.6713e-01 1.4534e+03 2.9504e+03 4.4000e+03 7.3044e+19 7.3008e+19 7.3008e+19 1.1318e-01 0.0000e+00 3.0890e+04 0.0000e+00
6.1000e+02 9.4898e-12 6.7086e-01 1.4521e+03 2.9478e+03 4.4000e+03 7.4816e+19 7.4601e+19 7.4601e+19 1.1212e-01 0.0000e+00 3.1149e+04 0.0000e+00
6.2000e+02 9.4533e-12 6.7449e-01 1.4509e+03 2.9453e+03 4.4000e+03 7.6597e+19 7.6199e+19 7.6199e+19 1.1109e-01 0.0000e+00 3.1405e+04 0.0000e+00
6.3000e+02 9.4170e-12 6.7803e-01 1.4497e+03 2.9429e+03 4.4000e+03 7.8389e+19 7.7800e+19 7.7800e+19 1.1008e-01 0.0000e+00 3.1659e+04 0.0000e+00
6.4000e+02 9.3809e-12 6.8148e-01 1.4485e+03 2.9405e+03 4.4000e+03 8.0191e+19 7.9405e+19 7.9405e+19 1.0910e-01 0.0000e+00 3.1910e+04 0.0000e+00
6.5000e+02 9.3449e-12 6.8485e-01 1.4474e+03 2.9382e+03 4.4000e+03 8.2003e+19 8.1013e+19 8.1013e+19 1.0815e-01 0.0000e+00 3.2159e+04 0.0000e+00
6.6000e+02 9.3090e-12 6.8813e-01 1.4462e+03 2.9359e+03 4.4000e+03 8.3825e+19 8.2625e+19 8.2625e+19 1.0722e-01 0.0000e+00 3.2406e+04 0.0000e+00
6.7000e+02 9.2732e-12 6.9132e-01 1.4451e+03 2.9336e+03 4.4000e+03 8.5656e+19 8.4240e+19 8.4240e+19 1.0632e-01 0.0000e+00 3.2651e+04 0.0000e+00
6.8000e+02 9.2376e-12 6.9444e-01 1.4440e+03 2.9314e+03 4.4000e+03 8.7497e+19 8.5857e+19 8.5857e+19 1.0543e-01 0.0000e+00 3.2894e+04 0.0000e+00
6.9000e+02 9.2021e-12 6.9747e-01 1.4430e+03 2.9293e+03 4.4000e+03 8.9347e+19 8.7478e+19 8.7478e+19 1.0457e-01 0.0000e+00 3.3134e+04 0.0000e+00
7.0000e+02 9.1668e-12 7.0043e-01 1.4419e+03 2.9271e+03 4.4000e+03 9.1207e+19 8.9102e+19 8.9102e+19 1.0373e-01 0.0000e+00 3.3373e+04 0.0000e+00
7.1000e+02 9.1316e-12 7.0331e-01 1.4409e+03 2.9250e+03 4.4000e+03 9.3076e+19 9.0729e+19 9.0729e+19 1.0291e-01 0.0000e+00 3.3609e+04 0.0000e+00
7.2000e+02 9.0965e-12 7.0612e-01 1.4399e+03 2.9230e+03 4.4000e+03 9.4954e+19 9.2359e+19 9.2359e+19 1.0211e-01 0.0000e+00 3.3843e+04 0.0000e+00
7.3000e+02 9.0616e-12 7.0885e-01 1.4389e+03 2.9210e+03 4.4000e+03 9.6842e+19 9.3991e+19 9.3991e+19 1.0132e-01 0.0000e+00 3.4076e+04 0.0000e+00
7.4000e+02 9.0268e-12 7.1151e-01 1.4379e+03 2.9190e+03 4.4000e+03 9.8738e+19 9.5626e+19 9.5626e+19 1.0055e-01 0.0000e+00 3.4307e+04 0.0000e+00
7.5000e+02 8.9922e-12 7.1411e-01 1.4369e+03 2.9170e+03 4.4000e+03 1.0064e+20 9.7264e+19 9.7264e+19 9.9805e-02 0.0000e+00 3.4536e+04 0.0000e+00
7.6000e+02 8.9576e-12 7.1664e-01 1.4360e+03 2.9151e+03 4.4000e+03 1.0256e+20 9.8905e+19 9.8905e+19 9.9071e-02 0.0000e+00 3.4763e+04 0.0000e+00
7.7000e+02 8.9232e-12 7.1910e-01 1.4351e+03 2.9132e+03 4.4000e+03 1.0448e+20 1.0055e+20 1.0055e+20 9.8353e-02 0.0000e+00 3.4988e+04 0.0000e+00
7.8000e+02 8.8890e-12 7.2149e-01 1.4341e+03 2.9114e+03 4.4000e+03 1.0641e+20 1.0219e+20 1.0219e+20 9.7650e-02 0.0000e+00 3.5212e+04 0.0000e+00
7.9000e+02 8.8548e-12 7.2383e-01 1.4332e+03 2.9095e+03 4.4000e+03 1.0836e+20 1.0384e+20 1.0384e+20 9.6961e-02 0.0000e+00 3.5434e+04 0.0000e+00
8.0000e+02 8.8208e-12 7.2610e-01 1.4324e+03 2.9077e+03 4.4000e+03 1.1031e+20 1.0549e+20 1.0549e+20 9.6286e-02 0.0000e+00 3.5655e+04 0.0000e+00
8.1000e+02 8.7870e-12 7.2831e-01 1.4315e+03 2.9060e+03 4.4000e+03 1.1227e+20 1.0715e+20 1.0715e+20 9.5625e-02 0.0000e+00 3.5874e+04 0.0000e+00
8.2000e+02 8.7532e-12 7.3047e-01 1.4306e+03 2.9042e+03 4.4000e+03 1.1424e+20 1.0881e+20 1.0881e+20 9.4977e-02 0.0000e+00 3.6092e+04 0.0000e+00
8.3000e+02 8.7196e-12 7.3256e-01 1.4298e+03 2.9025e+03 4.4000e+03 1.1621e+20 1.1047e+20 1.1047e+20 9.4342e-02 0.0000e+00 3.6308e+04 0.0000e+00
8.4000e+02 8.6861e-12 7.3460e-01 1.4289e+03 2.9008e+03 4.4000e+03 1.1820e+20 1.1213e+20 1.1213e+20 9.3718e-02 0.0000e+00 3.6522e+04 0.0000e+00
8.5000e+02 8.6528e-12 7.3659e-01 1.4281e+03 2.8991e+03 4.4000e+03 1.2020e+20 1.1379e+20 1.1379e+20 9.3107e-02 0.0000e+00 3.6736e+04 0.0000e+00
8.6000e+02 8.6195e-12 7.3852e-01 1.4273e+03 2.8975e+03 4.4000e+03 1.2220e+20 1.1546e+20 1.1546e+20 9.2506e-02 0.0000e+00 3.6948e+04 0.0000e+00
8.7000e+02 8.5864e-12 7.4040e-01 1.4265e+03 2.8958e+03 4.4000e+03 1.2422e+20 1.1713e+20 1.1713e+20 9.1917e-02 0.0000e+00 3.7158e+04 0.0000e+00
8.8000e+02 8.5535e-12 7.4224e-01 1.4257e+03 2.8942e+03 4.4000e+03 1.2624e+20 1.1881e+20 1.1881e+20 9.1338e-02 0.0000e+00 3.7368e+04 0.0000e+00
8.9000e+02 8.5206e-12 7.4402e-01 1.4249e+03 2.8926e+03 4.4000e+03 1.2828e+20 1.2049e+20 1.2049e+20 9.0770e-02 0.0000e+00 3.7576e+04 0.0000e+00
9.0000e+02 8.4879e-12 7.4575e-01 1.4242e+03 2.8911e+03 4.4000e+03 1.3032e+20 1.2217e+20 1.2217e+20 9.0211e-02 0.0000e+00 3.7783e+04 0.0000e+00
9.1000e+02 8.4553e-12 7.4743e-01 1.4234e+03 2.8895e+03 4.4000e+03 1.3238e+20 1.2385e+20 1.2385e+20 8.9662e-02 0.0000e+00 3.7989e+04 0.0000e+00
9.2000e+02 8.4228e-12 7.4907e-01 1.4226e+03 2.8880e+03 4.4000e+03 1.3444e+20 1.2554e+20 1.2554e+20 8.9123e-02 0.0000e+00 3.8194e+04 0.0000e+00
9.3000e+02 8.3905e-12 7.5066e-01 1.4219e+03 2.8865e+03 4.4000e+03 1.3651e+20 1.2723e+20 1.2723e+20 8.8592e-02 0.0000e+00 3.8397e+04 0.0000e+00
9.4000e+02 8.3583e-12 7.5221e-01 1.4212e+03 2.8850e+03 4.4000e+03 1.3859e+20 1.2892e+20 1.2892e+20 8.8070e-02 0.0000e+00 3.8600e+04 0.0000e+00
9.5000e+02 8.3262e-12 7.5372e-01 1.4204e+03 2.8835e+03 4.4000e+03 1.4069e+20 1.3062e+20 1.3062e+20 8.7557e-02 0.0000e+00 3.8802e+04 0.0000e+00
9.6000e+02 8.2942e-12 7.5518e-01 1.4197e+03 2.8821e+03 4.4000e+03 1.4279e+20 1.3232e+20 1.3232e+20 8.7051e-02 0.0000e+00 3.9002e+04 0.0000e+00
9.7000e+02 8.2624e-12 7.5661e-01 1.4190e+03 2.8807e+03 4.4000e+03 1.4490e+20 1.3402e+20 1.3402e+20 8.6554e-02 0.0000e+00 3.9202e+04 0.0000e+00
9.8000e+02 8.2306e-12 7.5799e-01 1.4183e+03 2.8792e+03 4.4000e+03 1.4703e+20 1.3573e+20 1.3573e+20 8.6064e-02 0.0000e+00 3.9401e+04 0.0000e+00
9.9000e+02 8.1990e-12 7.5933e-01 1.4176e+03 2.8778e+03 4.4000e+03 1.4916e+20 1.3744e+20 1.3744e+20 8.5582e-02 0.0000e+00 3.9598e+04 0.0000e+00
1.0000e+03 8.1675e-12 7.6064e-01 1.4170e+03 2.8765e+03 4.4000e+03 1.5131e+20 1.3916e+20 1.3916e+20 8.5107e-02 0.0000e+00 3.9795e+04 0.0000e+00
1.0100e+03 8.1362e-12 7.6191e-01 1.4163e+03 2.8751e+03 4.4000e+03 1.5346e+20 1.4088e+20 1.4088e+20 8.4639e-02 0.0000e+00 3.9991e+04 0.0000e+00
1.0200e+03 8.1049e-12 7.6314e-01 1.4156e+03 2.8737e+03 4.4000e+03 1.5563e+20 1.4260e+20 1.4260e+20 8.4178e-02 0.0000e+00 4.0187e+04 0.0000e+00
1.0300e+03 8.0738e-12 7.6434e-01 1.4149e+03 2.8724e+03 4.4000e+03 1.5781e+20 1.4433e+20 1.4433e+20 8.3723e-02 0.0000e+00 4.0381e+04 0.0000e+00
1.0400e+03 8.0428e-12 7.6550e-01 1.4143e+03 2.8711e+03 4.4000e+03 1.6000e+20 1.4606e+20 1.4606e+20 8.3275e-02 0.0000e+00 4.0575e+04 0.0000e+00
1.0500e+03 8.0119e-12 7.6663e-01 1.4136e+03 2.8697e+03 4.4000e+03 1.6220e+20 1.4779e+20 1.4779e+20 8.2833e-02 0.0000e+00 4.0768e+04 0.0000e+00
1.0600e+03 7.9812e-12 7.6772e-01 1.4130e+03 2.8684e+03 4.4000e+03 1.6441e+20 1.4953e+20 1.4953e+20 8.2398e-02 0.0000e+00 4.0960e+04 0.0000e+00
1.0700e+03 7.9505e-12 7.6878e-01 1.4124e+03 2.8672e+03 4.4000e+03 1.6663e+20 1.5128e+20 1.5128e+20 8.1968e-02 0.0000e+00 4.1152e+04 0.0000e+00
1.0800e+03 7.9200e-12 7.6981e-01 1.4117e+03 2.8659e+03 4.4000e+03 1.6887e+20 1.5303e+20 1.5303e+20 8.1544e-02 0.0000e+00 4.1343e+04 0.0000e+00
1.0900e+03 7.8896e-12 7.7081e-01 1.4111e+03 2.8646e+03 4.4000e+03 1.7111e+20 1.5478e+20 1.5478e+20 8.1125e-02 0.0000e+00 4.1533e+04 0.0000e+00
1.1000e+03 7.8593e-12 7.7178e-01 1.4105e+03 2.8634e+03 4.4000e+03 1.7337e+20 1.5654e+20 1.5654e+20 8.0712e-02 0.0000e+00 4.1722e+04 0.0000e+00
1.1100e+03 7.8291e-12 7.7272e-01 1.4099e+03 2.8621e+03 4.4000e+03 1.7564e+20 1.5831e+20 1.5831e+20 8.0305e-02 0.0000e+00 4.1911e+04 0.0000e+00
1.1200e+03 7.7990e-12 7.7363e-01 1.4093e+03 2.8609e+03 4.4000e+03 1.7793e+20 1.6007e+20 1.6007e+20 7.9902e-02 0.0000e+00 4.2100e+04 0.0000e+00
1.1300e+03 7.7691e-12 7.7452e-01 1.4087e+03 2.8597e+03 4.4000e+03 1.8022e+20 1.6185e+20 1.6185e+20 7.9505e-02 0.0000e+00 4.2288e+04 0.0000e+00
1.1400e+03 7.7392e-12 7.7537e-01 1.4081e+03 2.8585e+03 4.4000e+03 1.8253e+20 1.6363e+20 1.6363e+20 7.9112e-02 0.0000e+00 4.2475e+04 0.0000e+00
1.1500e+03 7.7095e-12 7.7620e-01 1.4075e+03 2.8573e+03 4.4000e+03 1.8486e+20 1.6541e+20 1.6541e+20 7.8724e-02 0.0000e+00 4.2662e+04 0.0000e+00
1.1600e+03 7.6799e-12 7.7700e-01 1.4069e+03 2.8561e+03 4.4000e+03 1.8719e+20 1.6720e+20 1.6720e+20 7.8341e-02 0.0000e+00 4.2848e+04 0.0000e+00
1.1700e+03 7.6504e-12 7.7778e-01 1.4063e+03 2.8549e+03 4.4000e+03 1.8954e+20 1.6900e+20 1.6900e+20 7.7962e-02 0.0000e+00 4.3034e+04 0.0000e+00
1.1800e+03 7.6211e-12 7.7853e-01 1.4058e+03 2.8537e+03 4.4000e+03 1.9190e+20 1.7080e+20 1.7080e+20 7.7587e-02 0.0000e+00 4.3220e+04 0.0000e+00
1.1900e+03 7.5918e-12 7.7926e-01 1.4052e+03 2.8526e+03 4.4000e+03 1.9428e+20 1.7260e+20 1.7260e+20 7.7217e-02 0.0000e+00 4.3405e+04 0.0000e+00
1.2000e+03 7.5626e-12 7.7996e-01 1.4046e+03 2.8514e+03 4.4000e+03 1.9667e+20 1.7442e+20 1.7442e+20 7.6852e-02 0.0000e+00 4.3589e+04 0.0000e+00
1.2100e+03 7.5336e-12 7.8064e-01 1.4041e+03 2.8503e+03 4.4000e+03 1.9907e+20 1.7624e+20 1.7624e+20 7.6490e-02 0.0000e+00 4.3773e+04 0.0000e+00
1.2200e+03 7.5047e-12 7.8130e-01 1.4035e+03 2.8492e+03 4.4000e+03 2.0149e+20 1.7806e+20 1.7806e+20 7.6132e-02 0.0000e+00 4.3957e+04 0.0000e+00
1.2300e+03 7.4758e-12 7.8193e-01 1.4030e+03 2.8481e+03 4.4000e+03 2.0392e+20 1.7989e+20 1.7989e+20 7.5778e-02 0.0000e+00 4.4141e+04 0.0000e+00
1.2400e+03 7.4471e-12 7.8255e-01 1.4024e+03 2.8469e+03 4.4000e+03 2.0637e+20 1.8173e+20 1.8173e+20 7.5428e-02 0.0000e+00 4.4324e+04 0.0000e+00
1.2500e+03 7.4185e-12 7.8314e-01 1.4019e+03 2.8458e+03 4.4000e+03 2.0883e+20 1.8357e+20 1.8357e+20 7.5081e-02 0.0000e+00 4.4507e+04 0.0000e+00
1.2600e+03 7.3901e-12 7.8371e-01 1.4013e+03 2.8447e+03 4.4000e+03 2.1131e+20 1.8542e+20 1.8542e+20 7.4739e-02 0.0000e+00 4.4689e+04 0.0000e+00
1.2700e+03 7.3617e-12 7.8426e-01 1.4008e+03 2.8437e+03 4.4000e+03 2.1380e+20 1.8728e+20 1.8728e+20 7.4399e-02 0.0000e+00 4.4871e+04 0.0000e+00
1.2800e+03 7.3334e-12 7.8479e-01 1.4003e+03 2.8426e+03 4.4000e+03 2.1631e+20 1.8914e+20 1.8914e+20 7.4063e-02 0.0000e+00 4.5053e+04 0.0000e+00
1.2900e+03 7.3052e-12 7.8530e-01 1.3997e+03 2.8415e+03 4.4000e+03 2.1883e+20 1.9101e+20 1.9101e+20 7.3731e-02 0.0000e+00 4.5235e+04 0.0000e+00
1.3000e+03 7.2772e-12 7.8580e-01 1.3992e+03 2.8404e+03 4.4000e+03 2.2137e+20 1.9289e+20 1.9289e+20 7.3402e-02 0.0000e+00 4.5416e+04 0.0000e+00
1.3100e+03 7.2493e-12 7.8627e-01 1.3987e+03 2.8394e+03 4.4000e+03 2.2392e+20 1.9477e+20 1.9477e+20 7.3076e-02 0.0000e+00 4.5597e+04 0.0000e+00
1.3200e+03 7.2214e-12 7.8673e-01 1.3982e+03 2.8383e+03 4.4000e+03 2.2649e+20 1.9666e+20 1.9666e+20 7.2753e-02 0.0000e+00 4.5778e+04 0.0000e+00
1.3300e+03 7.1937e-12 7.8716e-01 1.3977e+03 2.8373e+03 4.4000e+03 2.2908e+20 1.9856e+20 1.9856e+20 7.2433e-02 0.0000e+00 4.5959e+04 0.0000e+00
1.3400e+03 7.1661e-12 7.8759e-01 1.3971e+03 2.8362e+03 4.4000e+03 2.3168e+20 2.0047e+20 2.0047e+20 7.2117e-02 0.0000e+00 4.6140e+04 0.0000e+00
1.3500e+03 7.1385e-12 7.8799e-01 1.3966e+03 2.8352e+03 4.4000e+03 2.3430e+20 2.0238e+20 2.0238e+20 7.1803e-02 0.0000e+00 4.6320e+04 0.0000e+00
1.3600e+03 7.1111e-12 7.8838e-01 1.3961e+03 2.8342e+03 4.4000e+03 2.3694e+20 2.0430e+20 2.0430e+20 7.1492e-02 0.0000e+00 4.6500e+04 0.0000e+00
1.3700e+03 7.0838e-12 7.8875e-01 1.3956e+03 2.8332e+03 4.4000e+03 2.3960e+20 2.0623e+20 2.0623e+20 7.1184e-02 0.0000e+00 4.6680e+04 0.0000e+00
1.3800e+03 7.0566e-12 7.8910e-01 1.3951e+03 2.8322e+03 4.4000e+03 2.4227e+20 2.0816e+20 2.0816e+20 7.0879e-02 0.0000e+00 4.6860e+04 0.0000e+00
1.3900e+03 7.0295e-12 7.8944e-01 1.3946e+03 2.8312e+03 4.4000e+03 2.4496e+20 2.1011e+20 2.1011e+20 7.0576e-02 0.0000e+00 4.7040e+04 0.0000e+00
1.4000e+03 7.0025e-12 7.8977e-01 1.3941e+03 2.8302e+03 4.4000e+03 2.4767e+20 2.1206e+20 2.1206e+20 7.0276e-02 0.0000e+00 4.7220e+04 0.0000e+00
1.4100e+03 6.9756e-12 7.9008e-01 1.3937e+03 2.8292e+03 4.4000e+03 2.5039e+20 2.1402e+20 2.1402e+20 6.9979e-02 0.0000e+00 4.7400e+04 0.0000e+00
1.4200e+03 6.9489e-12 7.9037e-01 1.3932e+03 2.8282e+03 4.4000e+03 2.5314e+20 2.1598e+20 2.1598e+20 6.9684e-02 0.0000e+00 4.7579e+04 0.0000e+00
1.4300e+03 6.9222e-12 7.9066e-01 1.3927e+03 2.8272e+03 4.4000e+03 2.5590e+20 2.1796e+20 2.1796e+20 6.9392e-02 0.0000e+00 4.7759e+04 0.0000e+00
1.4400e+03 6.8956e-12 7.9092e-01 1.3922e+03 2.8262e+03 4.4000e+03 2.5869e+20 2.1995e+20 2.1995e+20 6.9102e-02 0.0000e+00 4.7938e+04 0.0000e+00
1.4500e+03 6.8691e-12 7.9118e-01 1.3917e+03 2.8252e+03 4.4000e+03 2.6149e+20 2.2194e+20 2.2194e+20 6.8814e-02 0.0000e+00 4.8117e+04 0.0000e+00
1.4600e+03 6.8427e-12 7.9142e-01 1.3912e+03 2.8243e+03 4.4000e+03 2.6431e+20 2.2394e+20 2.2394e+20 6.8529e-02 0.0000e+00 4.8297e+04 0.0000e+00
1.4700e+03 6.8165e-12 7.9165e-01 1.3908e+03 2.8233e+03 4.4000e+03 2.6715e+20 2.2595e+20 2.2595e+20 6.8247e-02 0.0000e+00 4.8476e+04 0.0000e+00
1.4800e+03 6.7903e-12 7.9186e-01 1.3903e+03 2.8224e+03 4.4000e+03 2.7001e+20 2.2797e+20 2.2797e+20 6.7966e-02 0.0000e+00 4.8655e+04 0.0000e+00
1.4900e+03 6.7642e-12 7.9206e-01 1.3898e+03 2.8214e+03 4.4000e+03 2.7289e+20 2.3000e+20 2.3000e+20 6.7688e-02 0.0000e+00 4.8835e+04 0.0000e+00
1.5000e+03 6.7382e-12 7.9226e-01 1.3894e+03 2.8205e+03 4.4000e+03 2.7579e+20 2.3203e+20 2.3203e+20 6.7411e-02 0.0000e+00 4.9014e+04 0.0000e+00
1.5100e+03 6.7124e-12 7.9243e-01 1.3889e+03 2.8195e+03 4.4000e+03 2.7871e+20 2.3408e+20 2.3408e+20 6.7137e-02 0.0000e+00 4.9193e+04 0.0000e+00
1.5200e+03 6.6866e-12 7.9260e-01 1.3884e+03 2.8186e+03 4.4000e+03 2.8165e+20 2.3613e+20 2.3613e+20 6.6865e-02 0.0000e+00 4.9372e+04 0.0000e+00
1.5300e+03 6.6609e-12 7.9276e-01 1.3880e+03 2.8176e+03 4.4000e+03 2.8461e+20 2.3820e+20 2.3820e+20 6.6596e-02 0.0000e+00 4.9552e+04 0.0000e+00
1.5400e+03 6.6353e-12 7.9290e-01 1.3875e+03 2.8167e+03 4.4000e+03 2.8759e+20 2.4027e+20 2.4027e+20 6.6328e-02 0.0000e+00 4.9731e+04 0.0000e+00
1.5500e+03 6.6098e-12 7.9304e-01 1.3871e+03 2.8158e+03 4.4000e+03 2.9060e+20 2.4236e+20 2.4236e+20 6.6062e-02 0.0000e+00 4.9911e+04 0.0000e+00
1.5600e+03 6.5845e-12 7.9316e-01 1.3866e+03 2.8149e+03 4.4000e+03 2.9362e+20 2.4445e+20 2.4445e+20 6.5798e-02 0.0000e+00 5.0090e+04 0.0000e+00
1.5700e+03 6.5592e-12 7.9327e-01 1.3862e+03 2.8139e+03 4.4000e+03 2.9667e+20 2.4655e+20 2.4655e+20 6.5536e-02 0.0000e+00 5.0270e+04 0.0000e+00
1.5800e+03 6.5340e-12 7.9338e-01 1.3857e+03 2.8130e+03 4.4000e+03 2.9974e+20 2.4867e+20 2.4867e+20 6.5276e-02 0.0000e+00 5.0450e+04 0.0000e+00
1.5900e+03 6.5089e-12 7.9347e-01 1.3853e+03 2.8121e+03 4.4000e+03 3.0283e+20 2.5079e+20 2.5079e+20 6.5017e-02 0.0000e+00 5.0629e+04 0.0000e+00
1.6000e+03 6.4839e-12 7.9355e-01 1.3848e+03 2.8112e+03 4.4000e+03 3.0595e+20 2.5292e+20 2.5292e+20 6.4761e-02 0.0000e+00 5.0809e+04 0.0000e+00
1.6100e+03 6.4590e-12 7.9363e-01 1.3844e+03 2.8103e+03 4.4000e+03 3.0909e+20 2.5506e+20 2.5506e+20 6.4506e-02 0.0000e+00 5.0989e+04 0.0000e+00
1.6200e+03 6.4342e-12 7.9369e-01 1.3839e+03 2.8094e+03 4.4000e+03 3.1225e+20 2.5722e+20 2.5722e+20 6.4253e-02 0.0000e+00 5.1169e+04 0.0000e+00
1.6300e+03 6.4095e-12 7.9375e-01 1.3835e+03 2.8085e+03 4.4000e+03 3.1543e+20 2.5938e+20 2.5938e+20 6.4002e-02 0.0000e+00 5.1350e+04 0.0000e+00
1.6400e+03 6.3849e-12 7.9379e-01 1.3831e+03 2.8076e+03 4.4000e+03 3.1864e+20 2.6155e+20 2.6155e+20 6.3753e-02 0.0000e+00 5.1530e+04 0.0000e+00
1.6500e+03 6.3604e-12 7.9383e-01 1.3826e+03 2.8068e+03 4.4000e+03 3.2187e+20 2.6374e+20 2.6374e+20 6.3505e-02 0.0000e+00 5.1711e+04 0.0000e+00
1.6600e+03 6.3359e-12 7.9386e-01 1.3822e+03 2.8059e+03 4.4000e+03 3.2513e+20 2.6593e+20 2.6593e+20 6.3259e-02 0.0000e+00 5.1891e+04 0.0000e+00
1.6700e+03 6.3116e-12 7.9388e-01 1.3818e+03 2.8050e+03 4.4000e+03 3.2841e+20 2.6814e+20 2.6814e+20 6.3014e-02 0.0000e+00 5.2072e+04 0.0000e+00
1.6800e+03 6.2874e-12 7.9390e-01 1.3813e+03 2.8041e+03 4.4000e+03 3.3172e+20 2.7035e+20 2.7035e+20 6.2771e-02 0.0000e+00 5.2253e+04 0.0000e+00
1.6900e+03 6.2632e-12 7.9390e-01 1.3809e+03 2.8033e+03 4.4000e+03 3.3505e+20 2.7258e+20 2.7258e+20 6.2530e-02 0.0000e+00 5.2434e+04 0.0000e+00
1.7000e+03 6.2392e-12 7.9390e-01 1.3805e+03 2.8024e+03 4.4000e+03 3.3840e+20 2.7482e+20 2.7482e+20 6.2290e-02 0.0000e+00 5.2616e+04 0.0000e+00
1.7100e+03 6.2152e-12 7.9389e-01 1.3800e+03 2.8015e+03 4.4000e+03 3.4179e+20 2.7707e+20 2.7707e+20 6.2051e-02 0.0000e+00 5.2797e+04 0.0000e+00
1.7200e+03 6.1914e-12 7.9387e-01 1.3796e+03 2.8007e+03 4.4000e+03 3.4519e+20 2.7933e+20 2.7933e+20 6.1814e-02 0.0000e+00 5.2979e+04 0.0000e+00
1.7300e+03 6.1676e-12 7.9384e-01 1.3792e+03 2.7998e+03 4.4000e+03 3.4863e+20 2.8160e+20 2.8160e+20 6.1579e-02 0.0000e+00 5.3161e+04 0.0000e+00
1.7400e+03 6.1439e-12 7.9381e-01 1.3788e+03 2.7990e+03 4.4000e+03 3.5209e+20 2.8388e+20 2.8388e+20 6.1345e-02 0.0000e+00 5.3343e+04 0.0000e+00
1.7500e+03 6.1203e-12 7.9377e-01 1.3784e+03 2.7981e+03 4.4000e+03 3.5557e+20 2.8618e+20 2.8618e+20 6.1113e-02 0.0000e+00 5.3525e+04 0.0000e+00
1.7600e+03 6.0968e-12 7.9372e-01 1.3779e+03 2.7973e+03 4.4000e+03 3.5909e+20 2.8849e+20 2.8849e+20 6.0882e-02 0.0000e+00 5.3708e+04 0.0000e+00
1.7700e+03 6.0734e-12 7.9367e-01 1.3775e+03 2.7964e+03 4.4000e+03 3.6263e+20 2.9080e+20 2.9080e+20 6.0652e-02 0.0000e+00 5.3891e+04 0.0000e+00
1.7800e+03 6.0501e-12 7.9361e-01 1.3771e+03 2.7956e+03 4.4000e+03 3.6619e+20 2.9313e+20 2.9313e+20 6.0424e-02 0.0000e+00 5.4074e+04 0.0000e+00
1.7900e+03 6.0268e-12 7.9354e-01 1.3767e+03 2.7947e+03 4.4000e+03 3.6979e+20 2.9548e+20 2.9548e+20 6.0197e-02 0.0000e+00 5.4257e+04 0.0000e+00
1.8000e+03 6.0037e-12 7.9347e-01 1.3763e+03 2.7939e+03 4.4000e+03 3.7341e+20 2.9783e+20 2.9783e+20 5.9971e-02 0.0000e+00 5.4440e+04 0.0000e+00
1.8100e+03 5.9806e-12 7.9339e-01 1.3759e+03 2.7931e+03 4.4000e+03 3.7707e+20 3.0020e+20 3.0020e+20 5.9747e-02 0.0000e+00 5.4624e+04 0.0000e+00
1.8200e+03 5.9577e-12 7.9331e-01 1.3755e+03 2.7922e+03 4.4000e+03 3.8075e+20 3.0257e+20 3.0257e+20 5.9524e-02 0.0000e+00 5.4808e+04 0.0000e+00
1.8300e+03 5.9348e-12 7.9322e-01 1.3751e+03 2.7914e+03 4.4000e+03 3.8446e+20 3.0496e+20 3.0496e+20 5.9302e-02 0.0000e+00 5.4993e+04 0.0000e+00
1.8400e+03 5.9120e-12 7.9312e-01 1.3746e+03 2.7906e+03 4.4000e+03 3.8820e+20 3.0737e+20 3.0737e+20 5.9081e-02 0.0000e+00 5.5177e+04 0.0000e+00
1.8500e+03 5.8893e-12 7.9302e-01 1.3742e+03 2.7897e+03 4.4000e+03 3.9196e+20 3.0978e+20 3.0978e+20 5.8862e-02 0.0000e+00 5.5362e+04 0.0000e+00
1.8600e+03 5.8667e-12 7.9291e-01 1.3738e+03 2.7889e+03 4.4000e+03 3.9576e+20 3.1221e+20 3.1221e+20 5.8644e-02 0.0000e+00 5.5547e+04 0.0000e+00
1.8700e+03 5.8442e-12 7.9279e-01 1.3734e+03 2.7881e+03 4.4000e+03 3.9959e+20 3.1465e+20 3.1465e+20 5.8427e-02 0.0000e+00 5.5733e+04 0.0000e+00
1.8800e+03 5.8217e-12 7.9267e-01 1.3730e+03 2.7873e+03 4.4000e+03 4.0345e+20 3.1710e+20 3.1710e+20 5.8212e-02 0.0000e+00 5.5918e+04 0.0000e+00
1.8900e+03 5.7994e-12 7.9255e-01 1.3726e+03 2.7865e+03 4.4000e+03 4.0734e+20 3.1957e+20 3.1957e+20 5.7997e-02 0.0000e+00 5.6104e+04 0.0000e+00
1.9000e+03 5.7771e-12 7.9242e-01 1.3722e+03 2.7857e+03 4.4000e+03 4.1126e+20 3.2205e+20 3.2205e+20 5.7784e-02 0.0000e+00 5.6291e+04 0.0000e+00
1.9100e+03 5.7549e-12 7.9228e-01 1.3718e+03 2.7849e+03 4.4000e+03 4.1521e+20 3.2454e+20 3.2454e+20 5.7572e-02 0.0000e+00 5.6477e+04 0.0000e+00
1.9200e+03 5.7328e-12 7.9214e-01 1.3714e+03 2.7841e+03 4.4000e+03 4.1920e+20 3.2704e+20 3.2704e+20 5.7361e-02 0.0000e+00 5.6664e+04 0.0000e+00
1.9300e+03 5.7108e-12 7.9200e-01 1.3710e+03 2.7833e+03 4.4000e+03 4.2321e+20 3.2956e+20 3.2956e+20 5.7151e-02 0.0000e+00 5.6852e+04 0.0000e+00
1.9400e+03 5.6889e-12 7.9185e-01 1.3707e+03 2.7825e+03 4.4000e+03 4.2726e+20 3.3209e+20 3.3209e+20 5.6942e-02 0.0000e+00 5.7039e+04 0.0000e+00
1.9500e+03 5.6670e-12 7.9170e-01 1.3703e+03 2.7817e+03 4.4000e+03 4.3134e+20 3.3464e+20 3.3464e+20 5.6735e-02 0.0000e+00 5.7227e+04 0.0000e+00
1.9600e+03 5.6453e-12 7.9154e-01 1.3699e+03 2.7809e+03 4.4000e+03 4.3545e+20 3.3720e+20 3.3720e+20 5.6528e-02 0.0000e+00 5.7415e+04 0.0000e+00
1.9700e+03 5.6236e-12 7.9137e-01 1.3695e+03 2.7801e+03 4.4000e+03 4.3960e+20 3.3977e+20 3.3977e+20 5.6323e-02 0.0000e+00 5.7604e+04 0.0000e+00
1.9800e+03 5.6020e-12 7.9121e-01 1.3691e+03 2.7793e+03 4.4000e+03 4.4378e+20 3.4236e+20 3.4236e+20 5.6119e-02 0.0000e+00 5.7793e+04 0.0000e+00
1.9900e+03 5.5805e-12 7.9103e-01 1.3687e+03 2.7785e+03 4.4000e+03 4.4800e+20 3.4496e+20 3.4496e+20 5.5915e-02 0.0000e+00 5.7982e+04 0.0000e+00
2.0000e+03 5.5591e-12 7.9086e-01 1.3683e+03 2.7777e+03 4.4000e+03 4.5225e+20 3.4757e+20 3.4757e+20 5.5713e-02 0.0000e+00 5.8172e+04 0.0000e+00
2.0100e+03 5.5377e-12 7.9068e-01 1.3679e+03 2.7769e+03 4.4000e+03 4.5653e+20 3.5020e+20 3.5020e+20 5.5512e-02 0.0000e+00 5.8362e+04 0.0000e+00
2.0200e+03 5.5164e-12 7.9049e-01 1.3675e+03 2.7761e+03 4.4000e+03 4.6085e+20 3.5284e+20 3.5284e+20 5.5311e-02 0.0000e+00 5.8552e+04 0.0000e+00
2.0300e+03 5.4953e-12 7.9030e-01 1.3672e+03 2.7754e+03 4.4000e+03 4.6520e+20 3.5549e+20 3.5549e+20 5.5112e-02 0.0000e+00 5.8743e+04 0.0000e+00
2.0400e+03 5.4742e-12 7.9011e-01 1.3668e+03 2.7746e+03 4.4000e+03 4.6959e+20 3.5816e+20 3.5816e+20 5.4914e-02 0.0000e+00 5.8934e+04 0.0000e+00
2.0500e+03 5.4531e-12 7.8992e-01 1.3664e+03 2.7738e+03 4.4000e+03 4.7402e+20 3.6085e+20 3.6085e+20 5.4717e-02 0.0000e+00 5.9126e+04 0.0000e+00
2.0600e+03 5.4322e-12 7.8972e-01 1.3660e+03 2.7730e+03 4.4000e+03 4.7848e+20 3.6354e+20 3.6354e+20 5.4520e-02 0.0000e+00 5.9318e+04 0.0000e+00
2.0700e+03 5.4113e-12 7.8951e-01 1.3656e+03 2.7723e+03 4.4000e+03 4.8298e+20 3.6626e+20 3.6626e+20 5.4325e-02 0.0000e+00 5.9510e+04 0.0000e+00
2.0800e+03 5.3906e-12 7.8931e-01 1.3652e+03 2.7715e+03 4.4000e+03 4.8751e+20 3.6898e+20 3.6898e+20 5.4130e-02 0.0000e+00 5.9703e+04 0.0000e+00
2.0900e+03 5.3699e-12 7.8909e-01 1.3649e+03 2.7707e+03 4.4000e+03 4.9209e+20 3.7173e+20 3.7173e+20 5.3937e-02 0.0000e+00 5.9896e+04 0.0000e+00
2.1000e+03 5.3492e-12 7.8888e-01 1.3645e+03 2.7700e+03 4.4000e+03 4.9670e+20 3.7448e+20 3.7448e+20 5.3744e-02 0.0000e+00 6.0090e+04 0.0000e+00
2.1100e+03 5.3287e-12 7.8866e-01 1.3641e+03 2.7692e+03 4.4000e+03 5.0135e+20 3.7726e+20 3.7726e+20 5.3553e-02 0.0000e+00 6.0283e+04 0.0000e+00
2.1200e+03 5.3082e-12 7.8844e-01 1.3637e+03 2.7684e+03 4.4000e+03 5.0603e+20 3.8004e+20 3.8004e+20 5.3362e-02 0.0000e+00 6.0478e+04 0.0000e+00
2.1300e+03 5.2879e-12 7.8822e-01 1.3634e+03 2.7677e+03 4.4000e+03 5.1076e+20 3.8284e+20 3.8284e+20 5.3172e-02 0.0000e+00 6.0673e+04 0.0000e+00
2.1400e+03 5.2675e-12 7.8799e-01 1.3630e+03 2.7669e+03 4.4000e+03 5.1553e+20 3.8566e+20 3.8566e+20 5.2983e-02 0.0000e+00 6.0868e+04 0.0000e+00
2.1500e+03 5.2473e-12 7.8776e-01 1.3626e+03 2.7662e+03 4.4000e+03 5.2033e+20 3.8849e+20 3.8849e+20 5.2795e-02 0.0000e+00 6.1063e+04 0.0000e+00
2.1600e+03 5.2272e-12 7.8753e-01 1.3622e+03 2.7654e+03 4.4000e+03 5.2518e+20 3.9134e+20 3.9134e+20 5.2608e-02 0.0000e+00 6.1259e+04 0.0000e+00
2.1700e+03 5.2071e-12 7.8729e-01 1.3619e+03 2.7647e+03 4.4000e+03 5.3006e+20 3.9420e+20 3.9420e+20 5.2422e-02 0.0000e+00 6.1456e+04 0.0000e+00
2.1800e+03 5.1871e-12 7.8705e-01 1.3615e+03 2.7639e+03 4.4000e+03 5.3499e+20 3.9708e+20 3.9708e+20 5.2237e-02 0.0000e+00 6.1653e+04 0.0000e+00
2.1900e+03 5.1672e-12 7.8681e-01 1.3611e+03 2.7632e+03 4.4000e+03 5.3996e+20 3.9997e+20 3.9997e+20 5.2052e-02 0.0000e+00 6.1850e+04 0.0000e+00
2.2000e+03 5.1473e-12 7.8656e-01 1.3608e+03 2.7624e+03 4.4000e+03 5.4497e+20 4.0288e+20 4.0288e+20 5.1868e-02 0.0000e+00 6.2048e+04 0.0000e+00
2.2100e+03 5.1276e-12 7.8631e-01 1.3604e+03 2.7617e+03 4.4000e+03 5.5002e+20 4.0581e+20 4.0581e+20 5.1686e-02 0.0000e+00 6.2246e+04 0.0000e+00
2.2200e+03 5.1079e-12 7.8606e-01 1.3600e+03 2.7609e+03 4.4000e+03 5.5511e+20 4.0875e+20 4.0875e+20 5.1504e-02 0.0000e+00 6.2445e+04 0.0000e+00
2.2300e+03 5.0883e-12 7.8581e-01 1.3597e+03 2.7602e+03 4.4000e+03 5.6025e+20 4.1171e+20 4.1171e+20 5.1322e-02 0.0000e+00 6.2644e+04 0.0000e+00
2.2400e+03 5.0687e-12 7.8555e-01 1.3593e+03 2.7594e+03 4.4000e+03 5.6543e+20 4.1468e+20 4.1468e+20 5.1142e-02 0.0000e+00 6.2843e+04 0.0000e+00
2.2500e+03 5.0493e-12 7.8529e-01 1.3589e+03 2.7587e+03 4.4000e+03 5.7065e+20 4.1767e+20 4.1767e+20 5.0962e-02 0.0000e+00 6.3043e+04 0.0000e+00
2.2600e+03 5.0299e-12 7.8503e-01 1.3586e+03 2.7580e+03 4.4000e+03 5.7592e+20 4.2067e+20 4.2067e+20 5.0784e-02 0.0000e+00 6.3244e+04 0.0000e+00
2.2700e+03 5.0106e-12 7.8477e-01 1.3582e+03 2.7572e+03 4.4000e+03 5.8123e+20 4.2370e+20 4.2370e+20 5.0606e-02 0.0000e+00 6.3445e+04 0.0000e+00
2.2800e+03 4.9913e-12 7.8450e-01 1.3579e+03 2.7565e+03 4.4000e+03 5.8659e+20 4.2673e+20 4.2673e+20 5.0428e-02 0.0000e+00 6.3646e+04 0.0000e+00
2.2900e+03 4.9722e-12 7.8423e-01 1.3575e+03 2.7558e+03 4.4000e+03 5.9199e+20 4.2979e+20 4.2979e+20 5.0252e-02 0.0000e+00 6.3848e+04 0.0000e+00
2.3000e+03 4.9531e-12 7.8396e-01 1.3571e+03 2.7550e+03 4.4000e+03 5.9743e+20 4.3286e+20 4.3286e+20 5.0076e-02 0.0000e+00 6.4051e+04 0.0000e+00
2.3100e+03 4.9340e-12 7.8369e-01 1.3568e+03 2.7543e+03 4.4000e+03 6.0293e+20 4.3595e+20 4.3595e+20 4.9901e-02 0.0000e+00 6.4254e+04 0.0000e+00
2.3200e+03 4.9151e-12 7.8341e-01 1.3564e+03 2.7536e+03 4.4000e+03 6.0847e+20 4.3905e+20 4.3905e+20 4.9727e-02 0.0000e+00 6.4457e+04 0.0000e+00
2.3300e+03 4.8962e-12 7.8313e-01 1.3561e+03 2.7529e+03 4.4000e+03 6.1405e+20 4.4217e+20 4.4217e+20 4.9554e-02 0.0000e+00 6.4661e+04 0.0000e+00
2.3400e+03 4.8774e-12 7.8285e-01 1.3557e+03 2.7521e+03 4.4000e+03 6.1969e+20 4.4531e+20 4.4531e+20 4.9381e-02 0.0000e+00 6.4865e+04 0.0000e+00
2.3500e+03 4.8587e-12 7.8257e-01 1.3554e+03 2.7514e+03 4.4000e+03 6.2537e+20 4.4846e+20 4.4846e+20 4.9209e-02 0.0000e+00 6.5070e+04 0.0000e+00
2.3600e+03 4.8400e-12 7.8229e-01 1.3550e+03 2.7507e+03 4.4000e+03 6.3110e+20 4.5163e+20 4.5163e+20 4.9038e-02 0.0000e+00 6.5276e+04 0.0000e+00
2.3700e+03 4.8215e-12 7.8200e-01 1.3546e+03 2.7500e+03 4.4000e+03 6.3688e+20 4.5482e+20 4.5482e+20 4.8868e-02 0.0000e+00 6.5481e+04 0.0000e+00
2.3800e+03 4.8029e-12 7.8171e-01 1.3543e+03 2.7493e+03 4.4000e+03 6.4271e+20 4.5803e+20 4.5803e+20 4.8698e-02 0.0000e+00 6.5688e+04 0.0000e+00
2.3900e+03 4.7845e-12 7.8142e-01 1.3539e+03 2.7485e+03 4.4000e+03 6.4859e+20 4.6125e+20 4.6125e+20 4.8529e-02 0.0000e+00 6.5895e+04 0.0000e+00
2.4000e+03 4.7661e-12 7.8113e-01 1.3536e+03 2.7478e+03 4.4000e+03 6.5452e+20 4.6449e+20 4.6449e+20 4.8361e-02 0.0000e+00 6.6102e+04 0.0000e+00
2.4100e+03 4.7478e-12 7.8084e-01 1.3532e+03 2.7471e+03 4.4000e+03 6.6050e+20 4.6775e+20 4.6775e+20 4.8193e-02 0.0000e+00 6.6310e+04 0.0000e+00
2.4200e+03 4.7296e-12 7.8054e-01 1.3529e+03 2.7464e+03 4.4000e+03 6.6653e+20 4.7103e+20 4.7103e+20 4.8027e-02 0.0000e+00 6.6519e+04 0.0000e+00
2.4300e+03 4.7114e-12 7.8024e-01 1.3525e+03 2.7457e+03 4.4000e+03 6.7261e+20 4.7432e+20 4.7432e+20 4.7860e-02 0.0000e+00 6.6728e+04 0.0000e+00
2.4400e+03 4.6933e-12 7.7994e-01 1.3522e+03 2.7450e+03 4.4000e+03 6.7874e+20 4.7763e+20 4.7763e+20 4.7695e-02 0.0000e+00 6.6937e+04 0.0000e+00
2.4500e+03 4.6753e-12 7.7964e-01 1.3518e+03 2.7443e+03 4.4000e+03 6.8493e+20 4.8096e+20 4.8096e+20 4.7530e-02 0.0000e+00 6.7147e+04 0.0000e+00
2.4600e+03 4.6574e-12 7.7934e-01 1.3515e+03 2.7436e+03 4.4000e+03 6.9117e+20 4.8431e+20 4.8431e+20 4.7366e-02 0.0000e+00 6.7358e+04 0.0000e+00
2.4700e+03 4.6395e-12 7.7903e-01 1.3511e+03 2.7429e+03 4.4000e+03 6.9746e+20 4.8767e+20 4.8767e+20 4.7203e-02 0.0000e+00 6.7569e+04 0.0000e+00
2.4800e+03 4.6217e-12 7.7872e-01 1.3508e+03 2.7422e+03 4.4000e+03 7.0381e+20 4.9106e+20 4.9106e+20 4.7040e-02 0.0000e+00 6.7781e+04 0.0000e+00
2.4900e+03 4.6039e-12 7.7842e-01 1.3505e+03 2.7415e+03 4.4000e+03 7.1021e+20 4.9446e+20 4.9446e+20 4.6878e-02 0.0000e+00 6.7993e+04 0.0000e+00
2.5000e+03 4.5862e-12 7.7811e-01 1.3501e+03 2.7408e+03 4.4000e+03 7.1667e+20 4.9788e+20 4.9788e+20 4.6716e-02 0.0000e+00 6.8206e+04 0.0000e+00
2.5100e+03 4.5686e-12 7.7779e-01 1.3498e+03 2.7401e+03 4.4000e+03 7.2318e+20 5.0132e+20 5.0132e+20 4.6556e-02 0.0000e+00 6.8419e+04 0.0000e+00
2.5200e+03 4.5511e-12 7.7748e-01 1.3494e+03 2.7394e+03 4.4000e+03 7.2975e+20 5.0477e+20 5.0477e+20 4.6396e-02 0.0000e+00 6.8633e+04 0.0000e+00
2.5300e+03 4.5336e-12 7.7717e-01 1.3491e+03 2.7387e+03 4.4000e+03 7.3637e+20 5.0825e+20 5.0825e+20 4.6236e-02 0.0000e+00 6.8847e+04 0.0000e+00
2.5400e+03 4.5162e-12 7.7685e-01 1.3487e+03 2.7380e+03 4.4000e+03 7.4305e+20 5.1174e+20 5.1174e+20 4.6077e-02 0.0000e+00 6.9063e+04 0.0000e+00
2.5500e+03 4.4988e-12 7.7653e-01 1.3484e+03 2.7373e+03 4.4000e+03 7.4979e+20 5.1525e+20 5.1525e+20 4.5919e-02 0.0000e+00 6.9278e+04 0.0000e+00
2.5600e+03 4.4816e-12 7.7621e-01 1.3481e+03 2.7366e+03 4.4000e+03 7.5659e+20 5.1878e+20 5.1878e+20 4.5762e-02 0.0000e+00 6.9494e+04 0.0000e+00
2.5700e+03 4.4644e-12 7.7589e-01 1.3477e+03 2.7359e+03 4.4000e+03 7.6345e+20 5.2233e+20 5.2233e+20 4.5605e-02 0.0000e+00 6.9711e+04 0.0000e+00
2.5800e+03 4.4472e-12 7.7557e-01 1.3474e+03 2.7352e+03 4.4000e+03 7.7037e+20 5.2590e+20 5.2590e+20 4.5449e-02 0.0000e+00 6.9928e+04 0.0000e+00
2.5900e+03 4.4301e-12 7.7525e-01 1.3470e+03 2.7345e+03 4.4000e+03 7.7734e+20 5.2949e+20 5.2949e+20 4.5293e-02 0.0000e+00 7.0146e+04 0.0000e+00
2.6000e+03 4.4131e-12 7.7492e-01 1.3467e+03 2.7339e+03 4.4000e+03 7.8438e+20 5.3309e+20 5.3309e+20 4.5138e-02 0.0000e+00 7.0365e+04 0.0000e+00
2.6100e+03 4.3962e-12 7.7460e-01 1.3464e+03 2.7332e+03 4.4000e+03 7.9147e+20 5.3672e+20 5.3672e+20 4.4983e-02 0.0000e+00 7.0584e+04 0.0000e+00
2.6200e+03 4.3793e-12 7.7427e-01 1.3460e+03 2.7325e+03 4.4000e+03 7.9863e+20 5.4036e+20 5.4036e+20 4.4830e-02 0.0000e+00 7.0803e+04 0.0000e+00
2.6300e+03 4.3625e-12 7.7394e-01 1.3457e+03 2.7318e+03 4.4000e+03 8.0585e+20 5.4403e+20 5.4403e+20 4.4676e-02 0.0000e+00 7.1024e+04 0.0000e+00
2.6400e+03 4.3457e-12 7.7361e-01 1.3454e+03 2.7311e+03 4.4000e+03 8.1314e+20 5.4771e+20 5.4771e+20 4.4524e-02 0.0000e+00 7.1245e+04 0.0000e+00
2.6500e+03 4.3290e-12 7.7328e-01 1.3450e+03 2.7304e+03 4.4000e+03 8.2048e+20 5.5142e+20 5.5142e+20 4.4372e-02 0.0000e+00 7.1466e+04 0.0000e+00
2.6600e+03 4.3124e-12 7.7295e-01 1.3447e+03 2.7298e+03 4.4000e+03 8.2789e+20 5.5514e+20 5.5514e+20 4.4220e-02 0.0000e+00 7.1688e+04 0.0000e+00
2.6700e+03 4.2959e-12 7.7262e-01 1.3444e+03 2.7291e+03 4.4000e+03 8.3537e+20 5.5888e+20 5.5888e+20 4.4070e-02 0.0000e+00 7.1911e+04 0.0000e+00
2.6800e+03 4.2794e-12 7.7228e-01 1.3440e+03 2.7284e+03 4.4000e+03 8.4291e+20 5.6264e+20 5.6264e+20 4.3919e-02 0.0000e+00 7.2134e+04 0.0000e+00
2.6900e+03 4.2629e-12 7.7195e-01 1.3437e+03 2.7277e+03 4.4000e+03 8.5051e+20 5.6642e+20 5.6642e+20 4.3770e-02 0.0000e+00 7.2358e+04 0.0000e+00
2.7000e+03 4.2466e-12 7.7161e-01 1.3434e+03 2.7271e+03 4.4000e+03 8.5819e+20 5.7023e+20 5.7023e+20 4.3621e-02 0.0000e+00 7.2582e+04 0.0000e+00
2.7100e+03 4.2303e-12 7.7127e-01 1.3430e+03 2.7264e+03 4.4000e+03 8.6593e+20 5.7405e+20 5.7405e+20 4.3472e-02 0.0000e+00 7.2808e+04 0.0000e+00
2.7200e+03 4.2140e-12 7.7093e-01 1.3427e+03 2.7257e+03 4.4000e+03 8.7373e+20 5.7789e+20 5.7789e+20 4.3324e-02 0.0000e+00 7.3033e+04 0.0000e+00
2.7300e+03 4.1978e-12 7.7059e-01 1.3424e+03 2.7251e+03 4.4000e+03 8.8161e+20 5.8175e+20 5.8175e+20 4.3177e-02 0.0000e+00 7.3260e+04 0.0000e+00
2.7400e+03 4.1817e-12 7.7025e-01 1.3420e+03 2.7244e+03 4.4000e+03 8.8955e+20 5.8563e+20 5.8563e+20 4.3030e-02 0.0000e+00 7.3487e+04 0.0000e+00
2.7500e+03 4.1657e-12 7.6991e-01 1.3417e+03 2.7237e+03 4.4000e+03 8.9756e+20 5.8954e+20 5.8954e+20 4.2884e-02 0.0000e+00 7.3714e+04 0.0000e+00
2.7600e+03 4.1497e-12 7.6957e-01 1.3414e+03 2.7231e+03 4.4000e+03 9.0564e+20 5.9346e+20 5.9346e+20 4.2738e-02 0.0000e+00 7.3942e+04 0.0000e+00
2.7700e+03 4.1337e-12 7.6923e-01 1.3411e+03 2.7224e+03 4.4000e+03 9.1380e+20 5.9740e+20 5.9740e+20 4.2593e-02 0.0000e+00 7.4171e+04 0.0000e+00
2.7800e+03 4.1179e-12 7.6888e-01 1.3407e+03 2.7217e+03 4.4000e+03 9.2202e+20 6.0137e+20 6.0137e+20 4.2449e-02 0.0000e+00 7.4401e+04 0.0000e+00
2.7900e+03 4.1020e-12 7.6854e-01 1.3404e+03 2.7211e+03 4.4000e+03 9.3032e+20 6.0535e+20 6.0535e+20 4.2305e-02 0.0000e+00 7.4631e+04 0.0000e+00
2.8000e+03 4.0863e-12 7.6819e-01 1.3401e+03 2.7204e+03 4.4000e+03 9.3869e+20 6.0936e+20 6.0936e+20 4.2161e-02 0.0000e+00 7.4862e+04 0.0000e+00
2.8100e+03 4.0706e-12 7.6784e-01 1.3398e+03 2.7198e+03 4.4000e+03 9.4713e+20 6.1338e+20 6.1338e+20 4.2018e-02 0.0000e+00 7.5093e+04 0.0000e+00
2.8200e+03 4.0550e-12 7.6749e-01 1.3394e+03 2.7191e+03 4.4000e+03 9.5565e+20 6.1743e+20 6.1743e+20 4.1876e-02 0.0000e+00 7.5326e+04 0.0000e+00
2.8300e+03 4.0394e-12 7.6714e-01 1.3391e+03 2.7185e+03 4.4000e+03 9.6424e+20 6.2150e+20 6.2150e+20 4.1734e-02 0.0000e+00 7.5558e+04 0.0000e+00
2.8400e+03 4.0239e-12 7.6679e-01 1.3388e+03 2.7178e+03 4.4000e+03 9.7290e+20 6.2558e+20 6.2558e+20 4.1593e-02 0.0000e+00 7.5792e+04 0.0000e+00
2.8500e+03 4.0084e-12 7.6644e-01 1.3385e+03 2.7171e+03 4.4000e+03 9.8165e+20 6.2969e+20 6.2969e+20 4.1452e-02 0.0000e+00 7.6026e+04 0.0000e+00
2.8600e+03 3.9930e-12 7.6609e-01 1.3382e+03 2.7165e+03 4.4000e+03 9.9047e+20 6.3382e+20 6.3382e+20 4.1312e-02 0.0000e+00 7.6261e+04 0.0000e+00
2.8700e+03 3.9777e-12 7.6574e-01 1.3378e+03 2.7158e+03 4.4000e+03 9.9936e+20 6.3798e+20 6.3798e+20 4.1172e-02 0.0000e+00 7.6496e+04 0.0000e+00
2.8800e+03 3.9624e-12 7.6539e-01 1.3375e+03 2.7152e+03 4.4000e+03 1.0083e+21 6.4215e+20 6.4215e+20 4.1033e-02 0.0000e+00 7.6732e+04 0.0000e+00
2.8900e+03 3.9472e-12 7.6503e-01 1.3372e+03 2.7145e+03 4.4000e+03 1.0174e+21 6.4634e+20 6.4634e+20 4.0894e-02 0.0000e+00 7.6969e+04 0.0000e+00
2.9000e+03 3.9321e-12 7.6468e-01 1.3369e+03 2.7139e+03 4.4000e+03 1.0265e+21 6.5056e+20 6.5056e+20 4.0756e-02 0.0000e+00 7.7206e+04 0.0000e+00
2.9100e+03 3.9170e-12 7.6433e-01 1.3366e+03 2.7133e+03 4.4000e+03 1.0357e+21 6.5480e+20 6.5480e+20 4.0618e-02 0.0000e+00 7.7445e+04 0.0000e+00
2.9200e+03 3.9019e-12 7.6397e-01 1.3362e+03 2.7126e+03 4.4000e+03 1.0450e+21 6.5906e+20 6.5906e+20 4.0481e-02 0.0000e+00 7.7683e+04 0.0000e+00
2.9300e+03 3.8869e-12 7.6361e-01 1.3359e+03 2.7120e+03 4.4000e+03 1.0544e+21 6.6334e+20 6.6334e+20 4.0345e-02 0.0000e+00 7.7923e+04 0.0000e+00
2.9400e+03 3.8720e-12 7.6326e-01 1.3356e+03 2.7113e+03 4.4000e+03 1.0639e+21 6.6764e+20 6.6764e+20 4.0209e-02 0.0000e+00 7.8163e+04 0.0000e+00
2.9500e+03 3.8571e-12 7.6290e-01 1.3353e+03 2.7107e+03 4.4000e+03 1.0734e+21 6.7197e+20 6.7197e+20 4.0073e-02 0.0000e+00 7.8404e+04 0.0000e+00
2.9600e+03 3.8423e-12 7.6254e-01 1.3350e+03 2.7100e+03 4.4000e+03 1.0831e+21 6.7631e+20 6.7631e+20 3.9938e-02 0.0000e+00 7.8646e+04 0.0000e+00
2.9700e+03 3.8276e-12 7.6218e-01 1.3347e+03 2.7094e+03 4.4000e+03 1.0928e+21 6.8068e+20 6.8068e+20 3.9803e-02 0.0000e+00 7.8888e+04 0.0000e+00
2.9800e+03 3.8129e-12 7.6182e-01 1.3344e+03 2.7088e+03 4.4000e+03 1.1026e+21 6.8507e+20 6.8507e+20 3.9669e-02 0.0000e+00 7.9131e+04 0.0000e+00
2.9900e+03 3.7982e-12 7.6146e-01 1.3340e+03 2.7081e+03 4.4000e+03 1.1124e+21 6.8949e+20 6.8949e+20 3.9535e-02 0.0000e+00 7.9375e+04 0.0000e+00
3.0000e+03 3.7836e-12 7.6110e-01 1.3337e+03 2.7075e+03 4.4000e+03 1.1224e+21 6.9392e+20 6.9392e+20 3.9402e-02 0.0000e+00 7.9619e+04 0.0000e+00
3.0100e+03 3.7691e-12 7.6074e-01 1.3334e+03 2.7069e+03 4.4000e+03 1.1325e+21 6.9838e+20 6.9838e+20 3.9270e-02 0.0000e+00 7.9864e+04 0.0000e+00
3.0200e+03 3.7546e-12 7.6038e-01 1.3331e+03 2.7062e+03 4.4000e+03 1.1426e+21 7.0286e+20 7.0286e+20 3.9137e-02 0.0000e+00 8.0110e+04 0.0000e+00
3.0300e+03 3.7402e-12 7.6002e-01 1.3328e+03 2.7056e+03 4.4000e+03 1.1529e+21 7.0736e+20 7.0736e+20 3.9006e-02 0.0000e+00 8.0357e+04 0.0000e+00
3.0400e+03 3.7259e-12 7.5966e-01 1.3325e+03 2.7050e+03 4.4000e+03 1.1632e+21 7.1188e+20 7.1188e+20 3.8874e-02 0.0000e+00 8.0604e+04 0.0000e+00
3.0500e+03 3.7116e-12 7.5929e-01 1.3322e+03 2.7043e+03 4.4000e+03 1.1736e+21 7.1643e+20 7.1643e+20 3.8744e-02 0.0000e+00 8.0852e+04 0.0000e+00
3.0600e+03 3.6973e-12 7.5893e-01 1.3319e+03 2.7037e+03 4.4000e+03 1.1842e+21 7.2100e+20 7.2100e+20 3.8613e-02 0.0000e+00 8.1101e+04 0.0000e+00
3.0700e+03 3.6831e-12 7.5856e-01 1.3316e+03 2.7031e+03 4.4000e+03 1.1948e+21 7.2559e+20 7.2559e+20 3.8484e-02 0.0000e+00 8.1351e+04 0.0000e+00
3.0800e+03 3.6690e-12 7.5820e-01 1.3312e+03 2.7025e+03 4.4000e+03 1.2055e+21 7.3021e+20 7.3021e+20 3.8354e-02 0.0000e+00 8.1601e+04 0.0000e+00
3.0900e+03 3.6549e-12 7.5784e-01 1.3309e+03 2.7018e+03 4.4000e+03 1.2163e+21 7.3485e+20 7.3485e+20 3.8225e-02 0.0000e+00 8.1852e+04 0.0000e+00
3.1000e+03 3.6408e-12 7.5747e-01 1.3306e+03 2.7012e+03 4.4000e+03 1.2272e+21 7.3951e+20 7.3951e+20 3.8097e-02 0.0000e+00 8.2104e+04 0.0000e+00
3.1100e+03 3.6269e-12 7.5710e-01 1.3303e+03 2.7006e+03 4.4000e+03 1.2382e+21 7.4419e+20 7.4419e+20 3.7969e-02 0.0000e+00 8.2356e+04 0.0000e+00
3.1200e+03 3.6129e-12 7.5674e-01 1.3300e+03 2.7000e+03 4.4000e+03 1.2492e+21 7.4890e+20 7.4890e+20 3.7841e-02 0.0000e+00 8.2609e+04 0.0000e+00
3.1300e+03 3.5991e-12 7.5637e-01 1.3297e+03 2.6994e+03 4.4000e+03 1.2604e+21 7.5363e+20 7.5363e+20 3.7714e-02 0.0000e+00 8.2863e+04 0.0000e+00
3.1400e+03 3.5852e-12 7.5600e-01 1.3294e+03 2.6987e+03 4.4000e+03 1.2717e+21 7.5838e+20 7.5838e+20 3.7588e-02 0.0000e+00 8.3118e+04 0.0000e+00
3.1500e+03 3.5715e-12 7.5564e-01 1.3291e+03 2.6981e+03 4.4000e+03 1.2831e+21 7.6316e+20 7.6316e+20 3.7462e-02 0.0000e+00 8.3374e+04 0.0000e+00
3.1600e+03 3.5578e-12 7.5527e-01 1.3288e+03 2.6975e+03 4.4000e+03 1.2946e+21 7.6796e+20 7.6796e+20 3.7336e-02 0.0000e+00 8.3630e+04 0.0000e+00
3.1700e+03 3.5441e-12 7.5490e-01 1.3285e+03 2.6969e+03 4.4000e+03 1.3062e+21 7.7278e+20 7.7278e+20 3.7211e-02 0.0000e+00 8.3887e+04 0.0000e+00
3.1800e+03 3.5305e-12 7.5453e-01 1.3282e+03 2.6963e+03 4.4000e+03 1.3179e+21 7.7763e+20 7.7763e+20 3.7086e-02 0.0000e+00 8.4145e+04 0.0000e+00
3.1900e+03 3.5169e-12 7.5416e-01 1.3279e+03 2.6957e+03 4.4000e+03 1.3297e+21 7.8250e+20 7.8250e+20 3.6962e-02 0.0000e+00 8.4403e+04 0.0000e+00
3.2000e+03 3.5034e-12 7.5380e-01 1.3276e+03 2.6950e+03 4.4000e+03 1.3416e+21 7.8740e+20 7.8740e+20 3.6838e-02 0.0000e+00 8.4663e+04 0.0000e+00
3.2100e+03 3.4900e-12 7.5343e-01 1.3273e+03 2.6944e+03 4.4000e+03 1.3536e+21 7.9231e+20 7.9231e+20 3.6714e-02 0.0000e+00 8.4923e+04 0.0000e+00
3.2200e+03 3.4766e-12 7.5306e-01 1.3270e+03 2.6938e+03 4.4000e+03 1.3657e+21 7.9726e+20 7.9726e+20 3.6591e-02 0.0000e+00 8.5184e+04 0.0000e+00
3.2300e+03 3.4632e-12 7.5269e-01 1.3267e+03 2.6932e+03 4.4000e+03 1.3780e+21 8.0222e+20 8.0222e+20 3.6469e-02 0.0000e+00 8.5446e+04 0.0000e+00
3.2400e+03 3.4499e-12 7.5232e-01 1.3264e+03 2.6926e+03 4.4000e+03 1.3903e+21 8.0721e+20 8.0721e+20 3.6346e-02 0.0000e+00 8.5708e+04 0.0000e+00
3.2500e+03 3.4367e-12 7.5195e-01 1.3261e+03 2.6920e+03 4.4000e+03 1.4028e+21 8.1222e+20 8.1222e+20 3.6225e-02 0.0000e+00 8.5971e+04 0.0000e+00
3.2600e+03 3.4235e-12 7.5158e-01 1.3258e+03 2.6914e+03 4.4000e+03 1.4153e+21 8.1726e+20 8.1726e+20 3.6103e-02 0.0000e+00 8.6236e+04 0.0000e+00
3.2700e+03 3.4103e-12 7.5121e-01 1.3255e+03 2.6908e+03 4.4000e+03 1.4280e+21 8.2232e+20 8.2232e+20 3.5982e-02 0.0000e+00 8.6500e+04 0.0000e+00
3.2800e+03 3.3972e-12 7.5084e-01 1.3252e+03 2.6902e+03 4.4000e+03 1.4408e+21 8.2741e+20 8.2741e+20 3.5862e-02 0.0000e+00 8.6766e+04 0.0000e+00
3.2900e+03 3.3842e-12 7.5046e-01 1.3249e+03 2.6896e+03 4.4000e+03 1.4537e+21 8.3252e+20 8.3252e+20 3.5742e-02 0.0000e+00 8.7033e+04 0.0000e+00
3.3000e+03 3.3712e-12 7.5009e-01 1.3246e+03 2.6890e+03 4.4000e+03 1.4667e+21 8.3765e+20 8.3765e+20 3.5622e-02 0.0000e+00 8.7300e+04 0.0000e+00
3.3100e+03 3.3582e-12 7.4972e-01 1.3243e+03 2.6884e+03 4.4000e+03 1.4798e+21 8.4281e+20 8.4281e+20 3.5503e-02 0.0000e+00 8.7568e+04 0.0000e+00
3.3200e+03 3.3454e-12 7.4935e-01 1.3240e+03 2.6878e+03 4.4000e+03 1.4931e+21 8.4799e+20 8.4799e+20 3.5384e-02 0.0000e+00 8.7837e+04 0.0000e+00
3.3300e+03 3.3325e-12 7.4898e-01 1.3237e+03 2.6872e+03 4.4000e+03 1.5065e+21 8.5320e+20 8.5320e+20 3.5266e-02 0.0000e+00 8.8107e+04 0.0000e+00
3.3400e+03 3.3197e-12 7.4861e-01 1.3234e+03 2.6866e+03 4.4000e+03 1.5200e+21 8.5843e+20 8.5843e+20 3.5148e-02 0.0000e+00 8.8378e+04 0.0000e+00
3.3500e+03 3.3070e-12 7.4823e-01 1.3231e+03 2.6860e+03 4.4000e+03 1.5336e+21 8.6369e+20 8.6369e+20 3.5030e-02 0.0000e+00 8.8649e+04 0.0000e+00
3.3600e+03 3.2943e-12 7.4786e-01 1.3228e+03 2.6854e+03 4.4000e+03 1.5473e+21 8.6897e+20 8.6897e+20 3.4913e-02 0.0000e+00 8.8922e+04 0.0000e+00
3.3700e+03 3.2816e-12 7.4749e-01 1.3226e+03 2.6848e+03 4.4000e+03 1.5612e+21 8.7427e+20 8.7427e+20 3.4796e-02 0.0000e+00 8.9195e+04 0.0000e+00
3.3800e+03 3.2690e-12 7.4712e-01 1.3223e+03 2.6842e+03 4.4000e+03 1.5752e+21 8.7960e+20 8.7960e+20 3.4680e-02 0.0000e+00 8.9469e+04 0.0000e+00
3.3900e+03 3.2565e-12 7.4674e-01 1.3220e+03 2.6836e+03 4.4000e+03 1.5893e+21 8.8496e+20 8.8496e+20 3.4564e-02 0.0000e+00 8.9744e+04 0.0000e+00
3.4000e+03 3.2440e-12 7.4637e-01 1.3217e+03 2.6831e+03 4.4000e+03 1.6035e+21 8.9034e+20 8.9034e+20 3.4449e-02 0.0000e+00 9.0019e+04 0.0000e+00
3.4100e+03 3.2315e-12 7.4600e-01 1.3214e+03 2.6825e+03 4.4000e+03 1.6179e+21 8.9574e+20 8.9574e+20 3.4334e-02 0.0000e+00 9.0296e+04 0.0000e+00
3.4200e+03 3.2191e-12 7.4563e-01 1.3211e+03 2.6819e+03 4.4000e+03 1.6324e+21 9.0117e+20 9.0117e+20 3.4219e-02 0.0000e+00 9.0573e+04 0.0000e+00
3.4300e+03 3.2067e-12 7.4525e-01 1.3208e+03 2.6813e+03 4.4000e+03 1.6471e+21 9.0662e+20 9.0662e+20 3.4104e-02 0.0000e+00 9.0852e+04 0.0000e+00
3.4400e+03 3.1944e-12 7.4488e-01 1.3205e+03 2.6807e+03 4.4000e+03 1.6618e+21 9.1210e+20 9.1210e+20 3.3990e-02 0.0000e+00 9.1131e+04 0.0000e+00
3.4500e+03 3.1821e-12 7.4451e-01 1.3202e+03 2.6801e+03 4.4000e+03 1.6767e+21 9.1761e+20 9.1761e+20 3.3877e-02 0.0000e+00 9.1411e+04 0.0000e+00
3.4600e+03 3.1699e-12 7.4414e-01 1.3200e+03 2.6795e+03 4.4000e+03 1.6918e+21 9.2314e+20 9.2314e+20 3.3764e-02 0.0000e+00 9.1692e+04 0.0000e+00
3.4700e+03 3.1578e-12 7.4376e-01 1.3197e+03 2.6790e+03 4.4000e+03 1.7069e+21 9.2869e+20 9.2869e+20 3.3651e-02 0.0000e+00 9.1974e+04 0.0000e+00
3.4800e+03 3.1456e-12 7.4339e-01 1.3194e+03 2.6784e+03 4.4000e+03 1.7222e+21 9.3427e+20 9.3427e+20 3.3538e-02 0.0000e+00 9.2256e+04 0.0000e+00
3.4900e+03 3.1336e-12 7.4302e-01 1.3191e+03 2.6778e+03 4.4000e+03 1.7377e+21 9.3988e+20 9.3988e+20 3.3426e-02 0.0000e+00 9.2540e+04 0.0000e+00
3.5000e+03 3.1215e-12 7.4265e-01 1.3188e+03 2.6772e+03 4.4000e+03 1.7533e+21 9.4551e+20 9.4551e+20 3.3315e-02 0.0000e+00 9.2825e+04 0.0000e+00
3.5100e+03 3.1095e-12 7.4227e-01 1.3185e+03 2.6766e+03 4.4000e+03 1.7690e+21 9.5116e+20 9.5116e+20 3.3204e-02 0.0000e+00 9.3110e+04 0.0000e+00
3.5200e+03 3.0976e-12 7.4190e-01 1.3182e+03 2.6761e+03 4.4000e+03 1.7849e+21 9.5685e+20 9.5685e+20 3.3093e-02 0.0000e+00 9.3396e+04 0.0000e+00
3.5300e+03 3.0857e-12 7.4153e-01 1.3180e+03 2.6755e+03 4.4000e+03 1.8009e+21 9.6255e+20 9.6255e+20 3.2982e-02 0.0000e+00 9.3683e+04 0.0000e+00
3.5400e+03 3.0738e-12 7.4115e-01 1.3177e+03 2.6749e+03 4.4000e+03 1.8171e+21 9.6829e+20 9.6829e+20 3.2872e-02 0.0000e+00 9.3971e+04 0.0000e+00
3.5500e+03 3.0620e-12 7.4078e-01 1.3174e+03 2.6743e+03 4.4000e+03 1.8334e+21 9.7405e+20 9.7405e+20 3.2762e-02 0.0000e+00 9.4260e+04 0.0000e+00
3.5600e+03 3.0503e-12 7.4041e-01 1.3171e+03 2.6738e+03 4.4000e+03 1.8499e+21 9.7983e+20 9.7983e+20 3.2653e-02 0.0000e+00 9.4550e+04 0.0000e+00
3.5700e+03 3.0386e-12 7.4004e-01 1.3168e+03 2.6732e+03 4.4000e+03 1.8665e+21 9.8564e+20 9.8564e+20 3.2544e-02 0.0000e+00 9.4841e+04 0.0000e+00
3.5800e+03 3.0269e-12 7.3967e-01 1.3166e+03 2.6726e+03 4.4000e+03 1.8832e+21 9.9147e+20 9.9147e+20 3.2435e-02 0.0000e+00 9.5133e+04 0.0000e+00
3.5900e+03 3.0153e-12 7.3929e-01 1.3163e+03 2.6721e+03 4.4000e+03 1.9002e+21 9.9734e+20 9.9734e+20 3.2327e-02 0.0000e+00 9.5426e+04 0.0000e+00
3.6000e+03 3.0037e-12 7.3892e-01 1.3160e+03 2.6715e+03 4.4000e+03 1.9172e+21 1.0032e+21 1.0032e+21 3.2219e-02 0.0000e+00 9.5719e+04 0.0000e+00
3.6100e+03 2.9922e-12 7.3855e-01 1.3157e+03 2.6709e+03 4.4000e+03 1.9345e+21 1.0091e+21 1.0091e+21 3.2111e-02 0.0000e+00 9.6014e+04 0.0000e+00
3.6200e+03 2.9807e-12 7.3818e-01 1.3154e+03 2.6704e+03 4.4000e+03 1.9518e+21 1.0151e+21 1.0151e+21 3.2004e-02 0.0000e+00 9.6309e+04 0.0000e+00
3.6300e+03 2.9692e-12 7.3781e-01 1.3152e+03 2.6698e+03 4.4000e+03 1.9694e+21 1.0210e+21 1.0210e+21 3.1897e-02 0.0000e+00 9.6606e+04 0.0000e+00
3.6400e+03 2.9578e-12 7.3744e-01 1.3149e+03 2.6692e+03 4.4000e+03 1.9871e+21 1.0270e+21 1.0270e+21 3.1791e-02 0.0000e+00 9.6903e+04 0.0000e+00
3.6500e+03 2.9465e-12 7.3706e-01 1.3146e+03 2.6687e+03 4.4000e+03 2.0050e+21 1.0330e+21 1.0330e+21 3.1685e-02 0.0000e+00 9.7202e+04 0.0000e+00
3.6600e+03 2.9352e-12 7.3669e-01 1.3143e+03 2.6681e+03 4.4000e+03 2.0230e+21 1.0391e+21 1.0391e+21 3.1579e-02 0.0000e+00 9.7501e+04 0.0000e+00
3.6700e+03 2.9239e-12 7.3632e-01 1.3141e+03 2.6676e+03 4.4000e+03 2.0412e+21 1.0452e+21 1.0452e+21 3.1473e-02 0.0000e+00 9.7801e+04 0.0000e+00
3.6800e+03 2.9127e-12 7.3595e-01 1.3138e+03 2.6670e+03 4.4000e+03 2.0596e+21 1.0513e+21 1.0513e+21 3.1368e-02 0.0000e+00 9.8103e+04 0.0000e+00
3.6900e+03 2.9015e-12 7.3558e-01 1.3135e+03 2.6664e+03 4.4000e+03 2.0781e+21 1.0574e+21 1.0574e+21 3.1264e-02 0.0000e+00 9.8405e+04 0.0000e+00
3.7000e+03 2.8903e-12 7.3521e-01 1.3132e+03 2.6659e+03 4.4000e+03 2.0968e+21 1.0635e+21 1.0635e+21 3.1159e-02 0.0000e+00 9.8708e+04 0.0000e+00
3.7100e+03 2.8792e-12 7.3484e-01 1.3130e+03 2.6653e+03 4.4000e+03 2.1157e+21 1.0697e+21 1.0697e+21 3.1055e-02 0.0000e+00 9.9012e+04 0.0000e+00
3.7200e+03 2.8682e-12 7.3447e-01 1.3127e+03 2.6648e+03 4.4000e+03 2.1348e+21 1.0759e+21 1.0759e+21 3.0952e-02 0.0000e+00 9.9318e+04 0.0000e+00
3.7300e+03 2.8572e-12 7.3410e-01 1.3124e+03 2.6642e+03 4.4000e+03 2.1540e+21 1.0821e+21 1.0821e+21 3.0848e-02 0.0000e+00 9.9624e+04 0.0000e+00
3.7400e+03 2.8462e-12 7.3373e-01 1.3121e+03 2.6637e+03 4.4000e+03 2.1734e+21 1.0884e+21 1.0884e+21 3.0745e-02 0.0000e+00 9.9931e+04 0.0000e+00
3.7500e+03 2.8353e-12 7.3337e-01 1.3119e+03 2.6631e+03 4.4000e+03 2.1930e+21 1.0947e+21 1.0947e+21 3.0643e-02 0.0000e+00 1.0024e+05 0.0000e+00
3.7600e+03 2.8244e-12 7.3300e-01 1.3116e+03 2.6626e+03 4.4000e+03 2.2128e+21 1.1010e+21 1.1010e+21 3.0540e-02 0.0000e+00 1.0055e+05 0.0000e+00
3.7700e+03 2.8135e-12 7.3263e-01 1.3113e+03 2.6620e+03 4.4000e+03 2.2327e+21 1.1073e+21 1.1073e+21 3.0438e-02 0.0000e+00 1.0086e+05 0.0000e+00
3.7800e+03 2.8027e-12 7.3226e-01 1.3111e+03 2.6615e+03 4.4000e+03 2.2529e+21 1.1137e+21 1.1137e+21 3.0337e-02 0.0000e+00 1.0117e+05 0.0000e+00
3.7900e+03 2.7920e-12 7.3189e-01 1.3108e+03 2.6609e+03 4.4000e+03 2.2732e+21 1.1200e+21 1.1200e+21 3.0235e-02 0.0000e+00 1.0148e+05 0.0000e+00
3.8000e+03 2.7812e-12 7.3153e-01 1.3105e+03 2.6604e+03 4.4000e+03 2.2937e+21 1.1265e+21 1.1265e+21 3.0134e-02 0.0000e+00 1.0180e+05 0.0000e+00
3.8100e+03 2.7706e-12 7.3116e-01 1.3102e+03 2.6598e+03 4.4000e+03 2.3144e+21 1.1329e+21 1.1329e+21 3.0034e-02 0.0000e+00 1.0211e+05 0.0000e+00
3.8200e+03 2.7599e-12 7.3079e-01 1.3100e+03 2.6593e+03 4.4000e+03 2.3353e+21 1.1394e+21 1.1394e+21 2.9933e-02 0.0000e+00 1.0243e+05 0.0000e+00
3.8300e+03 2.7493e-12 7.3043e-01 1.3097e+03 2.6588e+03 4.4000e+03 2.3564e+21 1.1458e+21 1.1458e+21 2.9833e-02 0.0000e+00 1.0274e+05 0.0000e+00
3.8400e+03 2.7388e-12 7.3006e-01 1.3094e+03 2.6582e+03 4.4000e+03 2.3777e+21 1.1524e+21 1.1524e+21 2.9734e-02 0.0000e+00 1.0306e+05 0.0000e+00
3.8500e+03 2.7283e-12 7.2970e-01 1.3092e+03 2.6577e+03 4.4000e+03 2.3992e+21 1.1589e+21 1.1589e+21 2.9634e-02 0.0000e+00 1.0338e+05 0.0000e+00
3.8600e+03 2.7178e-12 7.2933e-01 1.3089e+03 2.6571e+03 4.4000e+03 2.4209e+21 1.1655e+21 1.1655e+21 2.9535e-02 0.0000e+00 1.0370e+05 0.0000e+00
3.8700e+03 2.7073e-12 7.2897e-01 1.3086e+03 2.6566e+03 4.4000e+03 2.4428e+21 1.1721e+21 1.1721e+21 2.9437e-02 0.0000e+00 1.0402e+05 0.0000e+00
3.8800e+03 2.6969e-12 7.2860e-01 1.3084e+03 2.6561e+03 4.4000e+03 2.4649e+21 1.1787e+21 1.1787e+21 2.9338e-02 0.0000e+00 1.0434e+05 0.0000e+00
3.8900e+03 2.6866e-12 7.2824e-01 1.3081e+03 2.6555e+03 4.4000e+03 2.4872e+21 1.1854e+21 1.1854e+21 2.9240e-02 0.0000e+00 1.0466e+05 0.0000e+00
3.9000e+03 2.6763e-12 7.2788e-01 1.3079e+03 2.6550e+03 4.4000e+03 2.5097e+21 1.1920e+21 1.1920e+21 2.9142e-02 0.0000e+00 1.0499e+05 0.0000e+00
3.9100e+03 2.6660e-12 7.2751e-01 1.3076e+03 2.6545e+03 4.4000e+03 2.5325e+21 1.1987e+21 1.1987e+21 2.9045e-02 0.0000e+00 1.0531e+05 0.0000e+00
3.9200e+03 2.6558e-12 7.2715e-01 1.3073e+03 2.6539e+03 4.4000e+03 2.5554e+21 1.2055e+21 1.2055e+21 2.8948e-02 0.0000e+00 1.0564e+05 0.0000e+00
3.9300e+03 2.6456e-12 7.2679e-01 1.3071e+03 2.6534e+03 4.4000e+03 2.5786e+21 1.2122e+21 1.2122e+21 2.8851e-02 0.0000e+00 1.0597e+05 0.0000e+00
3.9400e+03 2.6354e-12 7.2643e-01 1.3068e+03 2.6529e+03 4.4000e+03 2.6019e+21 1.2190e+21 1.2190e+21 2.8755e-02 0.0000e+00 1.0629e+05 0.0000e+00
3.9500e+03 2.6253e-12 7.2607e-01 1.3065e+03 2.6523e+03 4.4000e+03 2.6255e+21 1.2258e+21 1.2258e+21 2.8658e-02 0.0000e+00 1.0662e+05 0.0000e+00
3.9600e+03 2.6152e-12 7.2571e-01 1.3063e+03 2.6518e+03 4.4000e+03 2.6493e+21 1.2327e+21 1.2327e+21 2.8563e-02 0.0000e+00 1.0695e+05 0.0000e+00
3.9700e+03 2.6052e-12 7.2535e-01 1.3060e+03 2.6513e+03 4.4000e+03 2.6734e+21 1.2395e+21 1.2395e+21 2.8467e-02 0.0000e+00 1.0729e+05 0.0000e+00
3.9800e+03 2.5952e-12 7.2499e-01 1.3058e+03 2.6507e+03 4.4000e+03 2.6977e+21 1.2464e+21 1.2464e+21 2.8372e-02 0.0000e+00 1.0762e+05 0.0000e+00
3.9900e+03 2.5852e-12 7.2463e-01 1.3055e+03 2.6502e+03 4.4000e+03 2.7222e+21 1.2534e+21 1.2534e+21 2.8277e-02 0.0000e+00 1.0795e+05 0.0000e+00
4.0000e+03 2.5753e-12 7.2427e-01 1.3053e+03 2.6497e+03 4.4000e+03 2.7469e+21 1.2603e+21 1.2603e+21 2.8182e-02 0.0000e+00 1.0829e+05 0.0000e+00
4.0100e+03 2.5654e-12 7.2391e-01 1.3050e+03 2.6492e+03 4.4000e+03 2.7718e+21 1.2673e+21 1.2673e+21 2.8088e-02 0.0000e+00 1.0862e+05 0.0000e+00
4.0200e+03 2.5555e-12 7.2355e-01 1.3047e+03 2.6487e+03 4.4000e+03 2.7970e+21 1.2743e+21 1.2743e+21 2.7994e-02 0.0000e+00 1.0896e+05 0.0000e+00
4.0300e+03 2.5457e-12 7.2320e-01 1.3045e+03 2.6481e+03 4.4000e+03 2.8225e+21 1.2813e+21 1.2813e+21 2.7900e-02 0.0000e+00 1.0930e+05 0.0000e+00
4.0400e+03 2.5359e-12 7.2284e-01 1.3042e+03 2.6476e+03 4.4000e+03 2.8482e+21 1.2884e+21 1.2884e+21 2.7807e-02 0.0000e+00 1.0964e+05 0.0000e+00
4.0500e+03 2.5262e-12 7.2249e-01 1.3040e+03 2.6471e+03 4.4000e+03 2.8741e+21 1.2954e+21 1.2954e+21 2.7713e-02 0.0000e+00 1.0998e+05 0.0000e+00
4.0600e+03 2.5165e-12 7.2213e-01 1.3037e+03 2.6466e+03 4.4000e+03 2.9003e+21 1.3026e+21 1.3026e+21 2.7621e-02 0.0000e+00 1.1032e+05 0.0000e+00
4.0700e+03 2.5068e-12 7.2178e-01 1.3035e+03 2.6461e+03 4.4000e+03 2.9267e+21 1.3097e+21 1.3097e+21 2.7528e-02 0.0000e+00 1.1066e+05 0.0000e+00
4.0800e+03 2.4972e-12 7.2142e-01 1.3032e+03 2.6455e+03 4.4000e+03 2.9534e+21 1.3169e+21 1.3169e+21 2.7436e-02 0.0000e+00 1.1101e+05 0.0000e+00
4.0900e+03 2.4876e-12 7.2107e-01 1.3030e+03 2.6450e+03 4.4000e+03 2.9803e+21 1.3240e+21 1.3240e+21 2.7344e-02 0.0000e+00 1.1135e+05 0.0000e+00
4.1000e+03 2.4781e-12 7.2072e-01 1.3027e+03 2.6445e+03 4.4000e+03 3.0075e+21 1.3313e+21 1.3313e+21 2.7252e-02 0.0000e+00 1.1170e+05 0.0000e+00
4.1100e+03 2.4685e-12 7.2037e-01 1.3024e+03 2.6440e+03 4.4000e+03 3.0349e+21 1.3385e+21 1.3385e+21 2.7161e-02 0.0000e+00 1.1205e+05 0.0000e+00
4.1200e+03 2.4591e-12 7.2002e-01 1.3022e+03 2.6435e+03 4.4000e+03 3.0626e+21 1.3458e+21 1.3458e+21 2.7069e-02 0.0000e+00 1.1240e+05 0.0000e+00
4.1300e+03 2.4496e-12 7.1967e-01 1.3019e+03 2.6430e+03 4.4000e+03 3.0906e+21 1.3531e+21 1.3531e+21 2.6979e-02 0.0000e+00 1.1275e+05 0.0000e+00
4.1400e+03 2.4402e-12 7.1932e-01 1.3017e+03 2.6425e+03 4.4000e+03 3.1188e+21 1.3604e+21 1.3604e+21 2.6888e-02 0.0000e+00 1.1310e+05 0.0000e+00
4.1500e+03 2.4308e-12 7.1897e-01 1.3014e+03 2.6420e+03 4.4000e+03 3.1473e+21 1.3677e+21 1.3677e+21 2.6798e-02 0.0000e+00 1.1345e+05 0.0000e+00
4.1600e+03 2.4215e-12 7.1862e-01 1.3012e+03 2.6415e+03 4.4000e+03 3.1761e+21 1.3751e+21 1.3751e+21 2.6708e-02 0.0000e+00 1.1381e+05 0.0000e+00
4.1700e+03 2.4122e-12 7.1827e-01 1.3009e+03 2.6410e+03 4.4000e+03 3.2052e+21 1.3825e+21 1.3825e+21 2.6618e-02 0.0000e+00 1.1416e+05 0.0000e+00
4.1800e+03 2.4029e-12 7.1793e-01 1.3007e+03 2.6404e+03 4.4000e+03 3.2345e+21 1.3900e+21 1.3900e+21 2.6529e-02 0.0000e+00 1.1452e+05 0.0000e+00
4.1900e+03 2.3937e-12 7.1758e-01 1.3004e+03 2.6399e+03 4.4000e+03 3.2642e+21 1.3974e+21 1.3974e+21 2.6440e-02 0.0000e+00 1.1488e+05 0.0000e+00
4.2000e+03 2.3845e-12 7.1724e-01 1.3002e+03 2.6394e+03 4.4000e+03 3.2941e+21 1.4049e+21 1.4049e+21 2.6351e-02 0.0000e+00 1.1524e+05 0.0000e+00
4.2100e+03 2.3754e-12 7.1689e-01 1.3000e+03 2.6389e+03 4.4000e+03 3.3243e+21 1.4124e+21 1.4124e+21 2.6262e-02 0.0000e+00 1.1560e+05 0.0000e+00
4.2200e+03 2.3663e-12 7.1655e-01 1.2997e+03 2.6384e+03 4.4000e+03 3.3548e+21 1.4200e+21 1.4200e+21 2.6174e-02 0.0000e+00 1.1596e+05 0.0000e+00
4.2300e+03 2.3572e-12 7.1621e-01 1.2995e+03 2.6379e+03 4.4000e+03 3.3855e+21 1.4275e+21 1.4275e+21 2.6086e-02 0.0000e+00 1.1632e+05 0.0000e+00
4.2400e+03 2.3481e-12 7.1587e-01 1.2992e+03 2.6374e+03 4.4000e+03 3.4166e+21 1.4351e+21 1.4351e+21 2.5998e-02 0.0000e+00 1.1669e+05 0.0000e+00
4.2500e+03 2.3391e-12 7.1553e-01 1.2990e+03 2.6369e+03 4.4000e+03 3.4480e+21 1.4427e+21 1.4427e+21 2.5911e-02 0.0000e+00 1.1705e+05 0.0000e+00
4.2600e+03 2.3301e-12 7.1519e-01 1.2987e+03 2.6364e+03 4.4000e+03 3.4797e+21 1.4504e+21 1.4504e+21 2.5823e-02 0.0000e+00 1.1742e+05 0.0000e+00
4.2700e+03 2.3212e-12 7.1485e-01 1.2985e+03 2.6360e+03 4.4000e+03 3.5117e+21 1.4580e+21 1.4580e+21 2.5736e-02 0.0000e+00 1.1779e+05 0.0000e+00
4.2800e+03 2.3123e-12 7.1451e-01 1.2982e+03 2.6355e+03 4.4000e+03 3.5440e+21 1.4657e+21 1.4657e+21 2.5650e-02 0.0000e+00 1.1816e+05 0.0000e+00
4.2900e+03 2.3034e-12 7.1417e-01 1.2980e+03 2.6350e+03 4.4000e+03 3.5767e+21 1.4735e+21 1.4735e+21 2.5563e-02 0.0000e+00 1.1853e+05 0.0000e+00
4.3000e+03 2.2945e-12 7.1384e-01 1.2978e+03 2.6345e+03 4.4000e+03 3.6096e+21 1.4812e+21 1.4812e+21 2.5477e-02 0.0000e+00 1.1890e+05 0.0000e+00
4.3100e+03 2.2857e-12 7.1350e-01 1.2975e+03 2.6340e+03 4.4000e+03 3.6429e+21 1.4890e+21 1.4890e+21 2.5391e-02 0.0000e+00 1.1928e+05 0.0000e+00
4.3200e+03 2.2769e-12 7.1317e-01 1.2973e+03 2.6335e+03 4.4000e+03 3.6765e+21 1.4968e+21 1.4968e+21 2.5305e-02 0.0000e+00 1.1965e+05 0.0000e+00
4.3300e+03 2.2682e-12 7.1283e-01 1.2970e+03 2.6330e+03 4.4000e+03 3.7104e+21 1.5046e+21 1.5046e+21 2.5220e-02 0.0000e+00 1.2003e+05 0.0000e+00
4.3400e+03 2.2595e-12 7.1250e-01 1.2968e+03 2.6325e+03 4.4000e+03 3.7447e+21 1.5125e+21 1.5125e+21 2.5135e-02 0.0000e+00 1.2040e+05 0.0000e+00
4.3500e+03 2.2508e-12 7.1217e-01 1.2965e+03 2.6320e+03 4.4000e+03 3.7793e+21 1.5204e+21 1.5204e+21 2.5050e-02 0.0000e+00 1.2078e+05 0.0000e+00
4.3600e+03 2.2422e-12 7.1184e-01 1.2963e+03 2.6315e+03 4.4000e+03 3.8142e+21 1.5283e+21 1.5283e+21 2.4965e-02 0.0000e+00 1.2116e+05 0.0000e+00
4.3700e+03 2.2336e-12 7.1151e-01 1.2961e+03 2.6311e+03 4.4000e+03 3.8495e+21 1.5362e+21 1.5362e+21 2.4881e-02 0.0000e+00 1.2155e+05 0.0000e+00
4.3800e+03 2.2250e-12 7.1118e-01 1.2958e+03 2.6306e+03 4.4000e+03 3.8851e+21 1.5442e+21 1.5442e+21 2.4797e-02 0.0000e+00 1.2193e+05 0.0000e+00
4.3900e+03 2.2164e-12 7.1085e-01 1.2956e+03 2.6301e+03 4.4000e+03 3.9211e+21 1.5522e+21 1.5522e+21 2.4713e-02 0.0000e+00 1.2231e+05 0.0000e+00
4.4000e+03 2.2079e-12 7.1053e-01 1.2954e+03 2.6296e+03 4.4000e+03 3.9574e+21 1.5602e+21 1.5602e+21 2.4630e-02 0.0000e+00 1.2270e+05 0.0000e+00
4.4100e+03 2.1994e-12 7.1020e-01 1.2951e+03 2.6291e+03 4.4000e+03 3.9941e+21 1.5682e+21 1.5682e+21 2.4546e-02 0.0000e+00 1.2309e+05 0.0000e+00
4.4200e+03 2.1910e-12 7.0988e-01 1.2949e+03 2.6287e+03 4.4000e+03 4.0312e+21 1.5763e+21 1.5763e+21 2.4463e-02 0.0000e+00 1.2348e+05 0.0000e+00
4.4300e+03 2.1826e-12 7.0956e-01 1.2947e+03 2.6282e+03 4.4000e+03 4.0686e+21 1.5844e+21 1.5844e+21 2.4380e-02 0.0000e+00 1.2387e+05 0.0000e+00
4.4400e+03 2.1742e-12 7.0923e-01 1.2944e+03 2.6277e+03 4.4000e+03 4.1064e+21 1.5925e+21 1.5925e+21 2.4298e-02 0.0000e+00 1.2426e+05 0.0000e+00
4.4500e+03 2.1659e-12 7.0891e-01 1.2942e+03 2.6272e+03 4.4000e+03 4.1446e+21 1.6007e+21 1.6007e+21 2.4215e-02 0.0000e+00 1.2465e+05 0.0000e+00
4.4600e+03 2.1575e-12 7.0859e-01 1.2939e+03 2.6268e+03 4.4000e+03 4.1832e+21 1.6088e+21 1.6088e+21 2.4133e-02 0.0000e+00 1.2505e+05 0.0000e+00
4.4700e+03 2.1493e-12 7.0828e-01 1.2937e+03 2.6263e+03 4.4000e+03 4.2221e+21 1.6170e+21 1.6170e+21 2.4051e-02 0.0000e+00 1.2545e+05 0.0000e+00
4.4800e+03 2.1410e-12 7.0796e-01 1.2935e+03 2.6258e+03 4.4000e+03 4.2615e+21 1.6253e+21 1.6253e+21 2.3970e-02 0.0000e+00 1.2584e+05 0.0000e+00
4.4900e+03 2.1328e-12 7.0764e-01 1.2933e+03 2.6253e+03 4.4000e+03 4.3012e+21 1.6335e+21 1.6335e+21 2.3888e-02 0.0000e+00 1.2624e+05 0.0000e+00
4.5000e+03 2.1246e-12 7.0733e-01 1.2930e+03 2.6249e+03 4.4000e+03 4.3413e+21 1.6418e+21 1.6418e+21 2.3807e-02 0.0000e+00 1.2665e+05 0.0000e+00
4.5100e+03 2.1164e-12 7.0702e-01 1.2928e+03 2.6244e+03 4.4000e+03 4.3819e+21 1.6501e+21 1.6501e+21 2.3726e-02 0.0000e+00 1.2705e+05 0.0000e+00
4.5200e+03 2.1083e-12 7.0670e-01 1.2926e+03 2.6239e+03 4.4000e+03 4.4228e+21 1.6584e+21 1.6584e+21 2.3646e-02 0.0000e+00 1.2745e+05 0.0000e+00
4.5300e+03 2.1002e-12 7.0639e-01 1.2923e+03 2.6235e+03 4.4000e+03 4.4642e+21 1.6667e+21 1.6667e+21 2.3565e-02 0.0000e+00 1.2786e+05 0.0000e+00
4.5400e+03 2.0921e-12 7.0608e-01 1.2921e+03 2.6230e+03 4.4000e+03 4.5060e+21 1.6751e+21 1.6751e+21 2.3485e-02 0.0000e+00 1.2827e+05 0.0000e+00
4.5500e+03 0.0000e+00 0.0000e+00 1.2919e+03 0.0000e+00 4.4000e+03 0.0000e+00 0.0000e+00 0.0000e+00 0.0000e+00 0.0000e+00 0.0000e+00 0.0000e+00
