0.0000e+00 2.4000e-11 4.9617e-01 1.7000e+03 5.6343e+03 5.7000e+03 2.7481e+18 2.0738e+17 2.0738e+17 5.2502e-01 0.0000e+00 8.0682e+03 0.0000e+00
1.0000e+01 2.3908e-11 4.3210e-01 1.6936e+03 5.6131e+03 5.7000e+03 1.8031e+18 2.2303e+17 2.2303e+17 6.0055e-01 0.0000e+00 7.0215e+03 0.0000e+00
2.0000e+01 2.3816e-11 4.4738e-01 1.6853e+03 5.5857e+03 5.7000e+03 1.9773e+18 2.4516e+17 2.4516e+17 5.7782e-01 0.0000e+00 7.2549e+03 0.0000e+00
3.0000e+01 2.3725e-11 4.6448e-01 1.6776e+03 5.5601e+03 5.7000e+03 2.1893e+18 2.6810e+17 2.6810e+17 5.5440e-01 0.0000e+00 7.5195e+03 0.0000e+00
4.0000e+01 2.3633e-11 4.8108e-01 1.6704e+03 5.5363e+03 5.7000e+03 2.4103e+18 2.9156e+17 2.9156e+17 5.3322e-01 0.0000e+00 7.7778e+03 0.0000e+00
5.0000e+01 2.3543e-11 4.9713e-01 1.6637e+03 5.5141e+03 5.7000e+03 2.6386e+18 3.1548e+17 3.1548e+17 5.1403e-01 0.0000e+00 8.0290e+03 0.0000e+00
6.0000e+01 2.3452e-11 5.1261e-01 1.6575e+03 5.4933e+03 5.7000e+03 2.8737e+18 3.3979e+17 3.3979e+17 4.9659e-01 0.0000e+00 8.2733e+03 0.0000e+00
7.0000e+01 2.3362e-11 5.2756e-01 1.6516e+03 5.4739e+03 5.7000e+03 3.1149e+18 3.6443e+17 3.6443e+17 4.8067e-01 0.0000e+00 8.5107e+03 0.0000e+00
8.0000e+01 2.3273e-11 5.4197e-01 1.6461e+03 5.4557e+03 5.7000e+03 3.3617e+18 3.8935e+17 3.8935e+17 4.6609e-01 0.0000e+00 8.7415e+03 0.0000e+00
9.0000e+01 2.3183e-11 5.5587e-01 1.6409e+03 5.4386e+03 5.7000e+03 3.6135e+18 4.1450e+17 4.1450e+17 4.5269e-01 0.0000e+00 8.9660e+03 0.0000e+00
1.0000e+02 2.3094e-11 5.6926e-01 1.6361e+03 5.4224e+03 5.7000e+03 3.8699e+18 4.3983e+17 4.3983e+17 4.4034e-01 0.0000e+00 9.1842e+03 0.0000e+00
1.1000e+02 2.3005e-11 5.8216e-01 1.6315e+03 5.4072e+03 5.7000e+03 4.1303e+18 4.6529e+17 4.6529e+17 4.2893e-01 0.0000e+00 9.3964e+03 0.0000e+00
1.2000e+02 2.2917e-11 5.9458e-01 1.6271e+03 5.3928e+03 5.7000e+03 4.3942e+18 4.9084e+17 4.9084e+17 4.1836e-01 0.0000e+00 9.6028e+03 0.0000e+00
1.3000e+02 2.2829e-11 6.0654e-01 1.6230e+03 5.3792e+03 5.7000e+03 4.6612e+18 5.1645e+17 5.1645e+17 4.0853e-01 0.0000e+00 9.8035e+03 0.0000e+00
1.4000e+02 2.2741e-11 6.1805e-01 1.6191e+03 5.3663e+03 5.7000e+03 4.9309e+18 5.4208e+17 5.4208e+17 3.9939e-01 0.0000e+00 9.9988e+03 0.0000e+00
1.5000e+02 2.2654e-11 6.2912e-01 1.6154e+03 5.3541e+03 5.7000e+03 5.2029e+18 5.6770e+17 5.6770e+17 3.9085e-01 0.0000e+00 1.0189e+04 0.0000e+00
1.6000e+02 2.2567e-11 6.3977e-01 1.6119e+03 5.3424e+03 5.7000e+03 5.4768e+18 5.9329e+17 5.9329e+17 3.8287e-01 0.0000e+00 1.0374e+04 0.0000e+00
1.7000e+02 2.2480e-11 6.5001e-01 1.6086e+03 5.3314e+03 5.7000e+03 5.7523e+18 6.1881e+17 6.1881e+17 3.7539e-01 0.0000e+00 1.0554e+04 0.0000e+00
1.8000e+02 2.2394e-11 6.5985e-01 1.6054e+03 5.3208e+03 5.7000e+03 6.0291e+18 6.4425e+17 6.4425e+17 3.6837e-01 0.0000e+00 1.0729e+04 0.0000e+00
1.9000e+02 2.2308e-11 6.6931e-01 1.6024e+03 5.3108e+03 5.7000e+03 6.3068e+18 6.6959e+17 6.6959e+17 3.6177e-01 0.0000e+00 1.0900e+04 0.0000e+00
2.0000e+02 2.2223e-11 6.7840e-01 1.5995e+03 5.3012e+03 5.7000e+03 6.5852e+18 6.9480e+17 6.9480e+17 3.5555e-01 0.0000e+00 1.1066e+04 0.0000e+00
2.1000e+02 2.2137e-11 6.8714e-01 1.5967e+03 5.2920e+03 5.7000e+03 6.8640e+18 7.1988e+17 7.1988e+17 3.4968e-01 0.0000e+00 1.1228e+04 0.0000e+00
2.2000e+02 2.2052e-11 6.9553e-01 1.5941e+03 5.2832e+03 5.7000e+03 7.1431e+18 7.4480e+17 7.4480e+17 3.4414e-01 0.0000e+00 1.1386e+04 0.0000e+00
2.3000e+02 2.1967e-11 7.0359e-01 1.5915e+03 5.2748e+03 5.7000e+03 7.4222e+18 7.6957e+17 7.6957e+17 3.3889e-01 0.0000e+00 1.1539e+04 0.0000e+00
2.4000e+02 2.1883e-11 7.1133e-01 1.5891e+03 5.2668e+03 5.7000e+03 7.7011e+18 7.9415e+17 7.9415e+17 3.3392e-01 0.0000e+00 1.1689e+04 0.0000e+00
2.5000e+02 2.1799e-11 7.1876e-01 1.5868e+03 5.2590e+03 5.7000e+03 7.9797e+18 8.1856e+17 8.1856e+17 3.2919e-01 0.0000e+00 1.1836e+04 0.0000e+00
2.6000e+02 2.1715e-11 7.2589e-01 1.5845e+03 5.2516e+03 5.7000e+03 8.2578e+18 8.4278e+17 8.4278e+17 3.2471e-01 0.0000e+00 1.1979e+04 0.0000e+00
2.7000e+02 2.1632e-11 7.3274e-01 1.5824e+03 5.2444e+03 5.7000e+03 8.5354e+18 8.6681e+17 8.6681e+17 3.2044e-01 0.0000e+00 1.2118e+04 0.0000e+00
2.8000e+02 2.1549e-11 7.3931e-01 1.5803e+03 5.2376e+03 5.7000e+03 8.8122e+18 8.9064e+17 8.9064e+17 3.1637e-01 0.0000e+00 1.2254e+04 0.0000e+00
2.9000e+02 2.1466e-11 7.4562e-01 1.5783e+03 5.2310e+03 5.7000e+03 9.0882e+18 9.1427e+17 9.1427e+17 3.1249e-01 0.0000e+00 1.2387e+04 0.0000e+00
3.0000e+02 2.1384e-11 7.5167e-01 1.5764e+03 5.2246e+03 5.7000e+03 9.3633e+18 9.3770e+17 9.3770e+17 3.0878e-01 0.0000e+00 1.2517e+04 0.0000e+00
3.1000e+02 2.1302e-11 7.5748e-01 1.5745e+03 5.2184e+03 5.7000e+03 9.6375e+18 9.6092e+17 9.6092e+17 3.0524e-01 0.0000e+00 1.2644e+04 0.0000e+00
3.2000e+02 2.1220e-11 7.6305e-01 1.5727e+03 5.2125e+03 5.7000e+03 9.9106e+18 9.8394e+17 9.8394e+17 3.0185e-01 0.0000e+00 1.2769e+04 0.0000e+00
3.3000e+02 2.1138e-11 7.6839e-01 1.5710e+03 5.2067e+03 5.7000e+03 1.0183e+19 1.0068e+18 1.0068e+18 2.9860e-01 0.0000e+00 1.2890e+04 0.0000e+00
3.4000e+02 2.1057e-11 7.7352e-01 1.5693e+03 5.2012e+03 5.7000e+03 1.0454e+19 1.0294e+18 1.0294e+18 2.9548e-01 0.0000e+00 1.3009e+04 0.0000e+00
3.5000e+02 2.0976e-11 7.7843e-01 1.5677e+03 5.1958e+03 5.7000e+03 1.0723e+19 1.0518e+18 1.0518e+18 2.9249e-01 0.0000e+00 1.3126e+04 0.0000e+00
3.6000e+02 2.0896e-11 7.8314e-01 1.5661e+03 5.1906e+03 5.7000e+03 1.0992e+19 1.0740e+18 1.0740e+18 2.8961e-01 0.0000e+00 1.3240e+04 0.0000e+00
3.7000e+02 2.0816e-11 7.8766e-01 1.5646e+03 5.1856e+03 5.7000e+03 1.1259e+19 1.0960e+18 1.0960e+18 2.8684e-01 0.0000e+00 1.3352e+04 0.0000e+00
3.8000e+02 2.0736e-11 7.9200e-01 1.5631e+03 5.1807e+03 5.7000e+03 1.1526e+19 1.1179e+18 1.1179e+18 2.8418e-01 0.0000e+00 1.3461e+04 0.0000e+00
3.9000e+02 2.0656e-11 7.9615e-01 1.5617e+03 5.1760e+03 5.7000e+03 1.1791e+19 1.1395e+18 1.1395e+18 2.8161e-01 0.0000e+00 1.3569e+04 0.0000e+00
4.0000e+02 2.0577e-11 8.0013e-01 1.5603e+03 5.1713e+03 5.7000e+03 1.2055e+19 1.1609e+18 1.1609e+18 2.7913e-01 0.0000e+00 1.3674e+04 0.0000e+00
4.1000e+02 2.0498e-11 8.0395e-01 1.5590e+03 5.1669e+03 5.7000e+03 1.2318e+19 1.1822e+18 1.1822e+18 2.7674e-01 0.0000e+00 1.3778e+04 0.0000e+00
4.2000e+02 2.0419e-11 8.0760e-01 1.5576e+03 5.1625e+03 5.7000e+03 1.2579e+19 1.2033e+18 1.2033e+18 2.7443e-01 0.0000e+00 1.3879e+04 0.0000e+00
4.3000e+02 2.0341e-11 8.1111e-01 1.5564e+03 5.1583e+03 5.7000e+03 1.2840e+19 1.2243e+18 1.2243e+18 2.7220e-01 0.0000e+00 1.3979e+04 0.0000e+00
4.4000e+02 2.0262e-11 8.1447e-01 1.5551e+03 5.1542e+03 5.7000e+03 1.3099e+19 1.2450e+18 1.2450e+18 2.7003e-01 0.0000e+00 1.4077e+04 0.0000e+00
4.5000e+02 2.0185e-11 8.1769e-01 1.5539e+03 5.1501e+03 5.7000e+03 1.3358e+19 1.2656e+18 1.2656e+18 2.6794e-01 0.0000e+00 1.4174e+04 0.0000e+00
4.6000e+02 2.0107e-11 8.2077e-01 1.5527e+03 5.1462e+03 5.7000e+03 1.3615e+19 1.2861e+18 1.2861e+18 2.6591e-01 0.0000e+00 1.4269e+04 0.0000e+00
4.7000e+02 2.0030e-11 8.2372e-01 1.5516e+03 5.1424e+03 5.7000e+03 1.3872e+19 1.3064e+18 1.3064e+18 2.6393e-01 0.0000e+00 1.4362e+04 0.0000e+00
4.8000e+02 1.9953e-11 8.2655e-01 1.5504e+03 5.1387e+03 5.7000e+03 1.4128e+19 1.3266e+18 1.3266e+18 2.6202e-01 0.0000e+00 1.4454e+04 0.0000e+00
4.9000e+02 1.9876e-11 8.2926e-01 1.5493e+03 5.1350e+03 5.7000e+03 1.4382e+19 1.3466e+18 1.3466e+18 2.6016e-01 0.0000e+00 1.4545e+04 0.0000e+00
5.0000e+02 1.9800e-11 8.3185e-01 1.5483e+03 5.1314e+03 5.7000e+03 1.4636e+19 1.3665e+18 1.3665e+18 2.5836e-01 0.0000e+00 1.4634e+04 0.0000e+00
5.1000e+02 1.9724e-11 8.3434e-01 1.5472e+03 5.1280e+03 5.7000e+03 1.4889e+19 1.3862e+18 1.3862e+18 2.5660e-01 0.0000e+00 1.4722e+04 0.0000e+00
5.2000e+02 1.9648e-11 8.3671e-01 1.5462e+03 5.1245e+03 5.7000e+03 1.5142e+19 1.4059e+18 1.4059e+18 2.5488e-01 0.0000e+00 1.4809e+04 0.0000e+00
5.3000e+02 1.9573e-11 8.3899e-01 1.5452e+03 5.1212e+03 5.7000e+03 1.5393e+19 1.4254e+18 1.4254e+18 2.5322e-01 0.0000e+00 1.4894e+04 0.0000e+00
5.4000e+02 1.9498e-11 8.4117e-01 1.5442e+03 5.1179e+03 5.7000e+03 1.5645e+19 1.4448e+18 1.4448e+18 2.5159e-01 0.0000e+00 1.4979e+04 0.0000e+00
5.5000e+02 1.9423e-11 8.4325e-01 1.5432e+03 5.1147e+03 5.7000e+03 1.5895e+19 1.4642e+18 1.4642e+18 2.5001e-01 0.0000e+00 1.5062e+04 0.0000e+00
5.6000e+02 1.9348e-11 8.4525e-01 1.5423e+03 5.1116e+03 5.7000e+03 1.6145e+19 1.4834e+18 1.4834e+18 2.4846e-01 0.0000e+00 1.5145e+04 0.0000e+00
5.7000e+02 1.9274e-11 8.4716e-01 1.5413e+03 5.1085e+03 5.7000e+03 1.6395e+19 1.5025e+18 1.5025e+18 2.4695e-01 0.0000e+00 1.5226e+04 0.0000e+00
5.8000e+02 1.9200e-11 8.4898e-01 1.5404e+03 5.1055e+03 5.7000e+03 1.6644e+19 1.5215e+18 1.5215e+18 2.4547e-01 0.0000e+00 1.5307e+04 0.0000e+00
5.9000e+02 1.9126e-11 8.5073e-01 1.5395e+03 5.1025e+03 5.7000e+03 1.6893e+19 1.5405e+18 1.5405e+18 2.4403e-01 0.0000e+00 1.5386e+04 0.0000e+00
6.0000e+02 1.9053e-11 8.5240e-01 1.5387e+03 5.0996e+03 5.7000e+03 1.7141e+19 1.5593e+18 1.5593e+18 2.4261e-01 0.0000e+00 1.5465e+04 0.0000e+00
6.1000e+02 1.8980e-11 8.5399e-01 1.5378e+03 5.0967e+03 5.7000e+03 1.7389e+19 1.5781e+18 1.5781e+18 2.4123e-01 0.0000e+00 1.5543e+04 0.0000e+00
6.2000e+02 1.8907e-11 8.5552e-01 1.5369e+03 5.0939e+03 5.7000e+03 1.7637e+19 1.5969e+18 1.5969e+18 2.3987e-01 0.0000e+00 1.5620e+04 0.0000e+00
6.3000e+02 1.8834e-11 8.5697e-01 1.5361e+03 5.0911e+03 5.7000e+03 1.7885e+19 1.6156e+18 1.6156e+18 2.3855e-01 0.0000e+00 1.5696e+04 0.0000e+00
6.4000e+02 1.8762e-11 8.5837e-01 1.5353e+03 5.0884e+03 5.7000e+03 1.8133e+19 1.6342e+18 1.6342e+18 2.3725e-01 0.0000e+00 1.5772e+04 0.0000e+00
6.5000e+02 1.8690e-11 8.5970e-01 1.5345e+03 5.0857e+03 5.7000e+03 1.8381e+19 1.6527e+18 1.6527e+18 2.3597e-01 0.0000e+00 1.5847e+04 0.0000e+00
6.6000e+02 1.8618e-11 8.6097e-01 1.5337e+03 5.0830e+03 5.7000e+03 1.8629e+19 1.6712e+18 1.6712e+18 2.3472e-01 0.0000e+00 1.5921e+04 0.0000e+00
6.7000e+02 1.8546e-11 8.6218e-01 1.5329e+03 5.0804e+03 5.7000e+03 1.8877e+19 1.6897e+18 1.6897e+18 2.3349e-01 0.0000e+00 1.5995e+04 0.0000e+00
6.8000e+02 1.8475e-11 8.6333e-01 1.5321e+03 5.0778e+03 5.7000e+03 1.9125e+19 1.7082e+18 1.7082e+18 2.3228e-01 0.0000e+00 1.6068e+04 0.0000e+00
6.9000e+02 1.8404e-11 8.6444e-01 1.5313e+03 5.0753e+03 5.7000e+03 1.9373e+19 1.7266e+18 1.7266e+18 2.3109e-01 0.0000e+00 1.6141e+04 0.0000e+00
7.0000e+02 1.8334e-11 8.6549e-01 1.5306e+03 5.0727e+03 5.7000e+03 1.9622e+19 1.7449e+18 1.7449e+18 2.2992e-01 0.0000e+00 1.6213e+04 0.0000e+00
7.1000e+02 1.8263e-11 8.6649e-01 1.5298e+03 5.0703e+03 5.7000e+03 1.9870e+19 1.7633e+18 1.7633e+18 2.2878e-01 0.0000e+00 1.6284e+04 0.0000e+00
7.2000e+02 1.8193e-11 8.6744e-01 1.5291e+03 5.0678e+03 5.7000e+03 2.0120e+19 1.7816e+18 1.7816e+18 2.2765e-01 0.0000e+00 1.6355e+04 0.0000e+00
7.3000e+02 1.8123e-11 8.6835e-01 1.5283e+03 5.0654e+03 5.7000e+03 2.0369e+19 1.7999e+18 1.7999e+18 2.2654e-01 0.0000e+00 1.6426e+04 0.0000e+00
7.4000e+02 1.8054e-11 8.6922e-01 1.5276e+03 5.0630e+03 5.7000e+03 2.0619e+19 1.8182e+18 1.8182e+18 2.2544e-01 0.0000e+00 1.6496e+04 0.0000e+00
7.5000e+02 1.7984e-11 8.7004e-01 1.5269e+03 5.0606e+03 5.7000e+03 2.0870e+19 1.8365e+18 1.8365e+18 2.2436e-01 0.0000e+00 1.6566e+04 0.0000e+00
7.6000e+02 1.7915e-11 8.7083e-01 1.5262e+03 5.0583e+03 5.7000e+03 2.1121e+19 1.8548e+18 1.8548e+18 2.2330e-01 0.0000e+00 1.6635e+04 0.0000e+00
7.7000e+02 1.7846e-11 8.7157e-01 1.5255e+03 5.0560e+03 5.7000e+03 2.1373e+19 1.8731e+18 1.8731e+18 2.2225e-01 0.0000e+00 1.6704e+04 0.0000e+00
7.8000e+02 1.7778e-11 8.7228e-01 1.5248e+03 5.0537e+03 5.7000e+03 2.1625e+19 1.8914e+18 1.8914e+18 2.2122e-01 0.0000e+00 1.6773e+04 0.0000e+00
7.9000e+02 1.7710e-11 8.7295e-01 1.5241e+03 5.0514e+03 5.7000e+03 2.1878e+19 1.9097e+18 1.9097e+18 2.2020e-01 0.0000e+00 1.6841e+04 0.0000e+00
8.0000e+02 1.7642e-11 8.7359e-01 1.5234e+03 5.0492e+03 5.7000e+03 2.2132e+19 1.9280e+18 1.9280e+18 2.1919e-01 0.0000e+00 1.6909e+04 0.0000e+00
8.1000e+02 1.7574e-11 8.7419e-01 1.5228e+03 5.0469e+03 5.7000e+03 2.2387e+19 1.9463e+18 1.9463e+18 2.1820e-01 0.0000e+00 1.6977e+04 0.0000e+00
8.2000e+02 1.7506e-11 8.7476e-01 1.5221e+03 5.0447e+03 5.7000e+03 2.2643e+19 1.9646e+18 1.9646e+18 2.1722e-01 0.0000e+00 1.7044e+04 0.0000e+00
8.3000e+02 1.7439e-11 8.7530e-01 1.5215e+03 5.0426e+03 5.7000e+03 2.2899e+19 1.9830e+18 1.9830e+18 2.1625e-01 0.0000e+00 1.7111e+04 0.0000e+00
8.4000e+02 1.7372e-11 8.7582e-01 1.5208e+03 5.0404e+03 5.7000e+03 2.3156e+19 2.0014e+18 2.0014e+18 2.1530e-01 0.0000e+00 1.7178e+04 0.0000e+00
8.5000e+02 1.7306e-11 8.7630e-01 1.5202e+03 5.0382e+03 5.7000e+03 2.3415e+19 2.0198e+18 2.0198e+18 2.1435e-01 0.0000e+00 1.7245e+04 0.0000e+00
8.6000e+02 1.7239e-11 8.7676e-01 1.5195e+03 5.0361e+03 5.7000e+03 2.3674e+19 2.0382e+18 2.0382e+18 2.1342e-01 0.0000e+00 1.7311e+04 0.0000e+00
8.7000e+02 1.7173e-11 8.7719e-01 1.5189e+03 5.0340e+03 5.7000e+03 2.3935e+19 2.0567e+18 2.0567e+18 2.1249e-01 0.0000e+00 1.7377e+04 0.0000e+00
8.8000e+02 1.7107e-11 8.7759e-01 1.5182e+03 5.0319e+03 5.7000e+03 2.4196e+19 2.0752e+18 2.0752e+18 2.1158e-01 0.0000e+00 1.7443e+04 0.0000e+00
8.9000e+02 1.7041e-11 8.7797e-01 1.5176e+03 5.0298e+03 5.7000e+03 2.4459e+19 2.0938e+18 2.0938e+18 2.1068e-01 0.0000e+00 1.7509e+04 0.0000e+00
9.0000e+02 1.6976e-11 8.7833e-01 1.5170e+03 5.0278e+03 5.7000e+03 2.4723e+19 2.1124e+18 2.1124e+18 2.0978e-01 0.0000e+00 1.7575e+04 0.0000e+00
9.1000e+02 1.6911e-11 8.7866e-01 1.5164e+03 5.0257e+03 5.7000e+03 2.4989e+19 2.1310e+18 2.1310e+18 2.0890e-01 0.0000e+00 1.7641e+04 0.0000e+00
9.2000e+02 1.6846e-11 8.7897e-01 1.5158e+03 5.0237e+03 5.7000e+03 2.5255e+19 2.1497e+18 2.1497e+18 2.0802e-01 0.0000e+00 1.7706e+04 0.0000e+00
9.3000e+02 1.6781e-11 8.7927e-01 1.5151e+03 5.0217e+03 5.7000e+03 2.5523e+19 2.1685e+18 2.1685e+18 2.0715e-01 0.0000e+00 1.7771e+04 0.0000e+00
9.4000e+02 1.6717e-11 8.7954e-01 1.5145e+03 5.0197e+03 5.7000e+03 2.5792e+19 2.1873e+18 2.1873e+18 2.0630e-01 0.0000e+00 1.7837e+04 0.0000e+00
9.5000e+02 1.6652e-11 8.7979e-01 1.5139e+03 5.0177e+03 5.7000e+03 2.6063e+19 2.2061e+18 2.2061e+18 2.0544e-01 0.0000e+00 1.7902e+04 0.0000e+00
9.6000e+02 1.6588e-11 8.8002e-01 1.5133e+03 5.0157e+03 5.7000e+03 2.6335e+19 2.2250e+18 2.2250e+18 2.0460e-01 0.0000e+00 1.7967e+04 0.0000e+00
9.7000e+02 1.6525e-11 8.8024e-01 1.5127e+03 5.0137e+03 5.7000e+03 2.6609e+19 2.2440e+18 2.2440e+18 2.0377e-01 0.0000e+00 1.8032e+04 0.0000e+00
9.8000e+02 1.6461e-11 8.8044e-01 1.5122e+03 5.0118e+03 5.7000e+03 2.6884e+19 2.2630e+18 2.2630e+18 2.0294e-01 0.0000e+00 1.8097e+04 0.0000e+00
9.9000e+02 1.6398e-11 8.8062e-01 1.5116e+03 5.0098e+03 5.7000e+03 2.7161e+19 2.2821e+18 2.2821e+18 2.0212e-01 0.0000e+00 1.8161e+04 0.0000e+00
1.0000e+03 1.6335e-11 8.8078e-01 1.5110e+03 5.0079e+03 5.7000e+03 2.7439e+19 2.3013e+18 2.3013e+18 2.0130e-01 0.0000e+00 1.8226e+04 0.0000e+00
1.0100e+03 1.6272e-11 8.8094e-01 1.5104e+03 5.0060e+03 5.7000e+03 2.7719e+19 2.3206e+18 2.3206e+18 2.0049e-01 0.0000e+00 1.8291e+04 0.0000e+00
1.0200e+03 1.6210e-11 8.8107e-01 1.5098e+03 5.0040e+03 5.7000e+03 2.8001e+19 2.3399e+18 2.3399e+18 1.9969e-01 0.0000e+00 1.8355e+04 0.0000e+00
1.0300e+03 1.6148e-11 8.8119e-01 1.5093e+03 5.0021e+03 5.7000e+03 2.8284e+19 2.3593e+18 2.3593e+18 1.9890e-01 0.0000e+00 1.8420e+04 0.0000e+00
1.0400e+03 1.6086e-11 8.8130e-01 1.5087e+03 5.0002e+03 5.7000e+03 2.8569e+19 2.3787e+18 2.3787e+18 1.9811e-01 0.0000e+00 1.8485e+04 0.0000e+00
1.0500e+03 1.6024e-11 8.8139e-01 1.5081e+03 4.9983e+03 5.7000e+03 2.8856e+19 2.3983e+18 2.3983e+18 1.9733e-01 0.0000e+00 1.8549e+04 0.0000e+00
1.0600e+03 1.5962e-11 8.8147e-01 1.5075e+03 4.9965e+03 5.7000e+03 2.9145e+19 2.4179e+18 2.4179e+18 1.9655e-01 0.0000e+00 1.8614e+04 0.0000e+00
1.0700e+03 1.5901e-11 8.8154e-01 1.5070e+03 4.9946e+03 5.7000e+03 2.9436e+19 2.4376e+18 2.4376e+18 1.9578e-01 0.0000e+00 1.8678e+04 0.0000e+00
1.0800e+03 1.5840e-11 8.8160e-01 1.5064e+03 4.9927e+03 5.7000e+03 2.9728e+19 2.4574e+18 2.4574e+18 1.9502e-01 0.0000e+00 1.8743e+04 0.0000e+00
1.0900e+03 1.5779e-11 8.8164e-01 1.5059e+03 4.9909e+03 5.7000e+03 3.0023e+19 2.4773e+18 2.4773e+18 1.9426e-01 0.0000e+00 1.8807e+04 0.0000e+00
1.1000e+03 1.5719e-11 8.8168e-01 1.5053e+03 4.9890e+03 5.7000e+03 3.0319e+19 2.4973e+18 2.4973e+18 1.9351e-01 0.0000e+00 1.8872e+04 0.0000e+00
1.1100e+03 1.5658e-11 8.8170e-01 1.5047e+03 4.9872e+03 5.7000e+03 3.0618e+19 2.5174e+18 2.5174e+18 1.9276e-01 0.0000e+00 1.8937e+04 0.0000e+00
1.1200e+03 1.5598e-11 8.8171e-01 1.5042e+03 4.9854e+03 5.7000e+03 3.0918e+19 2.5375e+18 2.5375e+18 1.9202e-01 0.0000e+00 1.9001e+04 0.0000e+00
1.1300e+03 1.5538e-11 8.8171e-01 1.5036e+03 4.9835e+03 5.7000e+03 3.1221e+19 2.5578e+18 2.5578e+18 1.9128e-01 0.0000e+00 1.9066e+04 0.0000e+00
1.1400e+03 1.5478e-11 8.8171e-01 1.5031e+03 4.9817e+03 5.7000e+03 3.1526e+19 2.5781e+18 2.5781e+18 1.9055e-01 0.0000e+00 1.9131e+04 0.0000e+00
1.1500e+03 1.5419e-11 8.8169e-01 1.5026e+03 4.9799e+03 5.7000e+03 3.1833e+19 2.5986e+18 2.5986e+18 1.8982e-01 0.0000e+00 1.9195e+04 0.0000e+00
1.1600e+03 1.5360e-11 8.8167e-01 1.5020e+03 4.9781e+03 5.7000e+03 3.2142e+19 2.6192e+18 2.6192e+18 1.8910e-01 0.0000e+00 1.9260e+04 0.0000e+00
1.1700e+03 1.5301e-11 8.8163e-01 1.5015e+03 4.9763e+03 5.7000e+03 3.2453e+19 2.6398e+18 2.6398e+18 1.8838e-01 0.0000e+00 1.9325e+04 0.0000e+00
1.1800e+03 1.5242e-11 8.8159e-01 1.5009e+03 4.9745e+03 5.7000e+03 3.2767e+19 2.6606e+18 2.6606e+18 1.8766e-01 0.0000e+00 1.9390e+04 0.0000e+00
1.1900e+03 1.5184e-11 8.8154e-01 1.5004e+03 4.9728e+03 5.7000e+03 3.3083e+19 2.6815e+18 2.6815e+18 1.8695e-01 0.0000e+00 1.9455e+04 0.0000e+00
1.2000e+03 1.5125e-11 8.8148e-01 1.4999e+03 4.9710e+03 5.7000e+03 3.3401e+19 2.7024e+18 2.7024e+18 1.8625e-01 0.0000e+00 1.9520e+04 0.0000e+00
1.2100e+03 1.5067e-11 8.8141e-01 1.4993e+03 4.9692e+03 5.7000e+03 3.3722e+19 2.7235e+18 2.7235e+18 1.8555e-01 0.0000e+00 1.9585e+04 0.0000e+00
1.2200e+03 1.5009e-11 8.8134e-01 1.4988e+03 4.9674e+03 5.7000e+03 3.4045e+19 2.7447e+18 2.7447e+18 1.8485e-01 0.0000e+00 1.9651e+04 0.0000e+00
1.2300e+03 1.4952e-11 8.8126e-01 1.4983e+03 4.9657e+03 5.7000e+03 3.4370e+19 2.7660e+18 2.7660e+18 1.8416e-01 0.0000e+00 1.9716e+04 0.0000e+00
1.2400e+03 1.4894e-11 8.8117e-01 1.4977e+03 4.9639e+03 5.7000e+03 3.4698e+19 2.7875e+18 2.7875e+18 1.8347e-01 0.0000e+00 1.9781e+04 0.0000e+00
1.2500e+03 1.4837e-11 8.8108e-01 1.4972e+03 4.9622e+03 5.7000e+03 3.5028e+19 2.8090e+18 2.8090e+18 1.8278e-01 0.0000e+00 1.9847e+04 0.0000e+00
1.2600e+03 1.4780e-11 8.8098e-01 1.4967e+03 4.9604e+03 5.7000e+03 3.5361e+19 2.8307e+18 2.8307e+18 1.8210e-01 0.0000e+00 1.9912e+04 0.0000e+00
1.2700e+03 1.4723e-11 8.8087e-01 1.4961e+03 4.9587e+03 5.7000e+03 3.5697e+19 2.8524e+18 2.8524e+18 1.8142e-01 0.0000e+00 1.9978e+04 0.0000e+00
1.2800e+03 1.4667e-11 8.8076e-01 1.4956e+03 4.9570e+03 5.7000e+03 3.6035e+19 2.8743e+18 2.8743e+18 1.8075e-01 0.0000e+00 2.0044e+04 0.0000e+00
1.2900e+03 1.4610e-11 8.8064e-01 1.4951e+03 4.9552e+03 5.7000e+03 3.6376e+19 2.8964e+18 2.8964e+18 1.8008e-01 0.0000e+00 2.0110e+04 0.0000e+00
1.3000e+03 1.4554e-11 8.8052e-01 1.4946e+03 4.9535e+03 5.7000e+03 3.6719e+19 2.9185e+18 2.9185e+18 1.7941e-01 0.0000e+00 2.0175e+04 0.0000e+00
1.3100e+03 1.4499e-11 8.8039e-01 1.4941e+03 4.9518e+03 5.7000e+03 3.7065e+19 2.9408e+18 2.9408e+18 1.7875e-01 0.0000e+00 2.0242e+04 0.0000e+00
1.3200e+03 1.4443e-11 8.8025e-01 1.4935e+03 4.9501e+03 5.7000e+03 3.7414e+19 2.9632e+18 2.9632e+18 1.7809e-01 0.0000e+00 2.0308e+04 0.0000e+00
1.3300e+03 1.4387e-11 8.8011e-01 1.4930e+03 4.9484e+03 5.7000e+03 3.7765e+19 2.9857e+18 2.9857e+18 1.7744e-01 0.0000e+00 2.0374e+04 0.0000e+00
1.3400e+03 1.4332e-11 8.7997e-01 1.4925e+03 4.9467e+03 5.7000e+03 3.8120e+19 3.0084e+18 3.0084e+18 1.7678e-01 0.0000e+00 2.0441e+04 0.0000e+00
1.3500e+03 1.4277e-11 8.7982e-01 1.4920e+03 4.9449e+03 5.7000e+03 3.8477e+19 3.0312e+18 3.0312e+18 1.7613e-01 0.0000e+00 2.0507e+04 0.0000e+00
1.3600e+03 1.4222e-11 8.7967e-01 1.4915e+03 4.9432e+03 5.7000e+03 3.8837e+19 3.0541e+18 3.0541e+18 1.7549e-01 0.0000e+00 2.0574e+04 0.0000e+00
1.3700e+03 1.4168e-11 8.7951e-01 1.4910e+03 4.9416e+03 5.7000e+03 3.9200e+19 3.0771e+18 3.0771e+18 1.7485e-01 0.0000e+00 2.0641e+04 0.0000e+00
1.3800e+03 1.4113e-11 8.7934e-01 1.4905e+03 4.9399e+03 5.7000e+03 3.9566e+19 3.1003e+18 3.1003e+18 1.7421e-01 0.0000e+00 2.0708e+04 0.0000e+00
1.3900e+03 1.4059e-11 8.7918e-01 1.4900e+03 4.9382e+03 5.7000e+03 3.9935e+19 3.1236e+18 3.1236e+18 1.7357e-01 0.0000e+00 2.0775e+04 0.0000e+00
1.4000e+03 1.4005e-11 8.7901e-01 1.4894e+03 4.9365e+03 5.7000e+03 4.0307e+19 3.1471e+18 3.1471e+18 1.7294e-01 0.0000e+00 2.0842e+04 0.0000e+00
1.4100e+03 1.3951e-11 8.7883e-01 1.4889e+03 4.9348e+03 5.7000e+03 4.0682e+19 3.1707e+18 3.1707e+18 1.7231e-01 0.0000e+00 2.0909e+04 0.0000e+00
1.4200e+03 1.3898e-11 8.7865e-01 1.4884e+03 4.9331e+03 5.7000e+03 4.1060e+19 3.1944e+18 3.1944e+18 1.7168e-01 0.0000e+00 2.0977e+04 0.0000e+00
1.4300e+03 1.3844e-11 8.7847e-01 1.4879e+03 4.9315e+03 5.7000e+03 4.1441e+19 3.2183e+18 3.2183e+18 1.7106e-01 0.0000e+00 2.1044e+04 0.0000e+00
1.4400e+03 1.3791e-11 8.7828e-01 1.4874e+03 4.9298e+03 5.7000e+03 4.1825e+19 3.2424e+18 3.2424e+18 1.7044e-01 0.0000e+00 2.1112e+04 0.0000e+00
1.4500e+03 1.3738e-11 8.7810e-01 1.4869e+03 4.9281e+03 5.7000e+03 4.2212e+19 3.2665e+18 3.2665e+18 1.6982e-01 0.0000e+00 2.1180e+04 0.0000e+00
1.4600e+03 1.3685e-11 8.7790e-01 1.4864e+03 4.9265e+03 5.7000e+03 4.2603e+19 3.2909e+18 3.2909e+18 1.6920e-01 0.0000e+00 2.1248e+04 0.0000e+00
1.4700e+03 1.3633e-11 8.7771e-01 1.4859e+03 4.9248e+03 5.7000e+03 4.2997e+19 3.3153e+18 3.3153e+18 1.6859e-01 0.0000e+00 2.1316e+04 0.0000e+00
1.4800e+03 1.3581e-11 8.7751e-01 1.4854e+03 4.9232e+03 5.7000e+03 4.3394e+19 3.3399e+18 3.3399e+18 1.6798e-01 0.0000e+00 2.1385e+04 0.0000e+00
1.4900e+03 1.3528e-11 8.7730e-01 1.4849e+03 4.9215e+03 5.7000e+03 4.3794e+19 3.3647e+18 3.3647e+18 1.6738e-01 0.0000e+00 2.1453e+04 0.0000e+00
1.5000e+03 1.3476e-11 8.7710e-01 1.4844e+03 4.9199e+03 5.7000e+03 4.4198e+19 3.3896e+18 3.3896e+18 1.6677e-01 0.0000e+00 2.1522e+04 0.0000e+00
1.5100e+03 1.3425e-11 8.7689e-01 1.4839e+03 4.9182e+03 5.7000e+03 4.4605e+19 3.4147e+18 3.4147e+18 1.6617e-01 0.0000e+00 2.1591e+04 0.0000e+00
1.5200e+03 1.3373e-11 8.7668e-01 1.4834e+03 4.9166e+03 5.7000e+03 4.5016e+19 3.4399e+18 3.4399e+18 1.6557e-01 0.0000e+00 2.1660e+04 0.0000e+00
1.5300e+03 1.3322e-11 8.7646e-01 1.4829e+03 4.9149e+03 5.7000e+03 4.5430e+19 3.4653e+18 3.4653e+18 1.6498e-01 0.0000e+00 2.1729e+04 0.0000e+00
1.5400e+03 1.3271e-11 8.7625e-01 1.4825e+03 4.9133e+03 5.7000e+03 4.5847e+19 3.4908e+18 3.4908e+18 1.6439e-01 0.0000e+00 2.1799e+04 0.0000e+00
1.5500e+03 1.3220e-11 8.7603e-01 1.4820e+03 4.9117e+03 5.7000e+03 4.6268e+19 3.5165e+18 3.5165e+18 1.6379e-01 0.0000e+00 2.1868e+04 0.0000e+00
1.5600e+03 1.3169e-11 8.7581e-01 1.4815e+03 4.9100e+03 5.7000e+03 4.6693e+19 3.5424e+18 3.5424e+18 1.6321e-01 0.0000e+00 2.1938e+04 0.0000e+00
1.5700e+03 1.3118e-11 8.7558e-01 1.4810e+03 4.9084e+03 5.7000e+03 4.7121e+19 3.5684e+18 3.5684e+18 1.6262e-01 0.0000e+00 2.2008e+04 0.0000e+00
1.5800e+03 1.3068e-11 8.7536e-01 1.4805e+03 4.9068e+03 5.7000e+03 4.7553e+19 3.5945e+18 3.5945e+18 1.6204e-01 0.0000e+00 2.2078e+04 0.0000e+00
1.5900e+03 1.3018e-11 8.7513e-01 1.4800e+03 4.9052e+03 5.7000e+03 4.7988e+19 3.6209e+18 3.6209e+18 1.6146e-01 0.0000e+00 2.2148e+04 0.0000e+00
1.6000e+03 1.2968e-11 8.7489e-01 1.4795e+03 4.9036e+03 5.7000e+03 4.8427e+19 3.6474e+18 3.6474e+18 1.6088e-01 0.0000e+00 2.2218e+04 0.0000e+00
1.6100e+03 1.2918e-11 8.7466e-01 1.4790e+03 4.9019e+03 5.7000e+03 4.8870e+19 3.6740e+18 3.6740e+18 1.6031e-01 0.0000e+00 2.2289e+04 0.0000e+00
1.6200e+03 1.2868e-11 8.7443e-01 1.4785e+03 4.9003e+03 5.7000e+03 4.9317e+19 3.7009e+18 3.7009e+18 1.5973e-01 0.0000e+00 2.2360e+04 0.0000e+00
1.6300e+03 1.2819e-11 8.7419e-01 1.4780e+03 4.8987e+03 5.7000e+03 4.9767e+19 3.7279e+18 3.7279e+18 1.5916e-01 0.0000e+00 2.2431e+04 0.0000e+00
1.6400e+03 1.2770e-11 8.7395e-01 1.4776e+03 4.8971e+03 5.7000e+03 5.0222e+19 3.7550e+18 3.7550e+18 1.5860e-01 0.0000e+00 2.2502e+04 0.0000e+00
1.6500e+03 1.2721e-11 8.7371e-01 1.4771e+03 4.8955e+03 5.7000e+03 5.0680e+19 3.7824e+18 3.7824e+18 1.5803e-01 0.0000e+00 2.2573e+04 0.0000e+00
1.6600e+03 1.2672e-11 8.7346e-01 1.4766e+03 4.8939e+03 5.7000e+03 5.1142e+19 3.8099e+18 3.8099e+18 1.5747e-01 0.0000e+00 2.2644e+04 0.0000e+00
1.6700e+03 1.2623e-11 8.7322e-01 1.4761e+03 4.8923e+03 5.7000e+03 5.1608e+19 3.8376e+18 3.8376e+18 1.5691e-01 0.0000e+00 2.2716e+04 0.0000e+00
1.6800e+03 1.2575e-11 8.7297e-01 1.4756e+03 4.8907e+03 5.7000e+03 5.2079e+19 3.8654e+18 3.8654e+18 1.5635e-01 0.0000e+00 2.2788e+04 0.0000e+00
1.6900e+03 1.2526e-11 8.7272e-01 1.4752e+03 4.8891e+03 5.7000e+03 5.2553e+19 3.8934e+18 3.8934e+18 1.5579e-01 0.0000e+00 2.2860e+04 0.0000e+00
1.7000e+03 1.2478e-11 8.7247e-01 1.4747e+03 4.8875e+03 5.7000e+03 5.3031e+19 3.9216e+18 3.9216e+18 1.5524e-01 0.0000e+00 2.2932e+04 0.0000e+00
1.7100e+03 1.2430e-11 8.7221e-01 1.4742e+03 4.8859e+03 5.7000e+03 5.3514e+19 3.9500e+18 3.9500e+18 1.5469e-01 0.0000e+00 2.3005e+04 0.0000e+00
1.7200e+03 1.2383e-11 8.7196e-01 1.4737e+03 4.8843e+03 5.7000e+03 5.4000e+19 3.9786e+18 3.9786e+18 1.5414e-01 0.0000e+00 2.3077e+04 0.0000e+00
1.7300e+03 1.2335e-11 8.7170e-01 1.4732e+03 4.8828e+03 5.7000e+03 5.4491e+19 4.0073e+18 4.0073e+18 1.5359e-01 0.0000e+00 2.3150e+04 0.0000e+00
1.7400e+03 1.2288e-11 8.7145e-01 1.4728e+03 4.8812e+03 5.7000e+03 5.4986e+19 4.0363e+18 4.0363e+18 1.5305e-01 0.0000e+00 2.3223e+04 0.0000e+00
1.7500e+03 1.2241e-11 8.7119e-01 1.4723e+03 4.8796e+03 5.7000e+03 5.5485e+19 4.0654e+18 4.0654e+18 1.5251e-01 0.0000e+00 2.3296e+04 0.0000e+00
1.7600e+03 1.2194e-11 8.7092e-01 1.4718e+03 4.8780e+03 5.7000e+03 5.5989e+19 4.0947e+18 4.0947e+18 1.5197e-01 0.0000e+00 2.3370e+04 0.0000e+00
1.7700e+03 1.2147e-11 8.7066e-01 1.4713e+03 4.8765e+03 5.7000e+03 5.6497e+19 4.1241e+18 4.1241e+18 1.5143e-01 0.0000e+00 2.3443e+04 0.0000e+00
1.7800e+03 1.2100e-11 8.7040e-01 1.4709e+03 4.8749e+03 5.7000e+03 5.7009e+19 4.1538e+18 4.1538e+18 1.5089e-01 0.0000e+00 2.3517e+04 0.0000e+00
1.7900e+03 1.2054e-11 8.7013e-01 1.4704e+03 4.8733e+03 5.7000e+03 5.7526e+19 4.1836e+18 4.1836e+18 1.5036e-01 0.0000e+00 2.3591e+04 0.0000e+00
1.8000e+03 1.2007e-11 8.6987e-01 1.4699e+03 4.8717e+03 5.7000e+03 5.8048e+19 4.2137e+18 4.2137e+18 1.4983e-01 0.0000e+00 2.3665e+04 0.0000e+00
1.8100e+03 1.1961e-11 8.6960e-01 1.4694e+03 4.8702e+03 5.7000e+03 5.8574e+19 4.2439e+18 4.2439e+18 1.4930e-01 0.0000e+00 2.3740e+04 0.0000e+00
1.8200e+03 1.1915e-11 8.6933e-01 1.4690e+03 4.8686e+03 5.7000e+03 5.9104e+19 4.2743e+18 4.2743e+18 1.4877e-01 0.0000e+00 2.3814e+04 0.0000e+00
1.8300e+03 1.1870e-11 8.6906e-01 1.4685e+03 4.8671e+03 5.7000e+03 5.9639e+19 4.3049e+18 4.3049e+18 1.4825e-01 0.0000e+00 2.3889e+04 0.0000e+00
1.8400e+03 1.1824e-11 8.6878e-01 1.4680e+03 4.8655e+03 5.7000e+03 6.0179e+19 4.3358e+18 4.3358e+18 1.4772e-01 0.0000e+00 2.3964e+04 0.0000e+00
1.8500e+03 1.1779e-11 8.6851e-01 1.4676e+03 4.8639e+03 5.7000e+03 6.0723e+19 4.3668e+18 4.3668e+18 1.4720e-01 0.0000e+00 2.4039e+04 0.0000e+00
1.8600e+03 1.1733e-11 8.6824e-01 1.4671e+03 4.8624e+03 5.7000e+03 6.1273e+19 4.3980e+18 4.3980e+18 1.4668e-01 0.0000e+00 2.4115e+04 0.0000e+00
1.8700e+03 1.1688e-11 8.6796e-01 1.4666e+03 4.8608e+03 5.7000e+03 6.1827e+19 4.4294e+18 4.4294e+18 1.4617e-01 0.0000e+00 2.4191e+04 0.0000e+00
1.8800e+03 1.1643e-11 8.6768e-01 1.4662e+03 4.8593e+03 5.7000e+03 6.2385e+19 4.4609e+18 4.4609e+18 1.4565e-01 0.0000e+00 2.4266e+04 0.0000e+00
1.8900e+03 1.1599e-11 8.6741e-01 1.4657e+03 4.8577e+03 5.7000e+03 6.2949e+19 4.4927e+18 4.4927e+18 1.4514e-01 0.0000e+00 2.4343e+04 0.0000e+00
1.9000e+03 1.1554e-11 8.6713e-01 1.4652e+03 4.8562e+03 5.7000e+03 6.3518e+19 4.5247e+18 4.5247e+18 1.4463e-01 0.0000e+00 2.4419e+04 0.0000e+00
1.9100e+03 1.1510e-11 8.6685e-01 1.4648e+03 4.8547e+03 5.7000e+03 6.4091e+19 4.5569e+18 4.5569e+18 1.4412e-01 0.0000e+00 2.4495e+04 0.0000e+00
1.9200e+03 1.1466e-11 8.6656e-01 1.4643e+03 4.8531e+03 5.7000e+03 6.4670e+19 4.5893e+18 4.5893e+18 1.4361e-01 0.0000e+00 2.4572e+04 0.0000e+00
1.9300e+03 1.1422e-11 8.6628e-01 1.4638e+03 4.8516e+03 5.7000e+03 6.5254e+19 4.6219e+18 4.6219e+18 1.4311e-01 0.0000e+00 2.4649e+04 0.0000e+00
1.9400e+03 1.1378e-11 8.6600e-01 1.4634e+03 4.8500e+03 5.7000e+03 6.5842e+19 4.6548e+18 4.6548e+18 1.4261e-01 0.0000e+00 2.4726e+04 0.0000e+00
1.9500e+03 1.1334e-11 8.6571e-01 1.4629e+03 4.8485e+03 5.7000e+03 6.6436e+19 4.6878e+18 4.6878e+18 1.4210e-01 0.0000e+00 2.4804e+04 0.0000e+00
1.9600e+03 1.1291e-11 8.6543e-01 1.4624e+03 4.8470e+03 5.7000e+03 6.7036e+19 4.7210e+18 4.7210e+18 1.4161e-01 0.0000e+00 2.4881e+04 0.0000e+00
1.9700e+03 1.1247e-11 8.6514e-01 1.4620e+03 4.8455e+03 5.7000e+03 6.7640e+19 4.7544e+18 4.7544e+18 1.4111e-01 0.0000e+00 2.4959e+04 0.0000e+00
1.9800e+03 1.1204e-11 8.6485e-01 1.4615e+03 4.8439e+03 5.7000e+03 6.8250e+19 4.7881e+18 4.7881e+18 1.4061e-01 0.0000e+00 2.5037e+04 0.0000e+00
1.9900e+03 1.1161e-11 8.6456e-01 1.4611e+03 4.8424e+03 5.7000e+03 6.8865e+19 4.8220e+18 4.8220e+18 1.4012e-01 0.0000e+00 2.5115e+04 0.0000e+00
2.0000e+03 1.1118e-11 8.6427e-01 1.4606e+03 4.8409e+03 5.7000e+03 6.9485e+19 4.8560e+18 4.8560e+18 1.3963e-01 0.0000e+00 2.5194e+04 0.0000e+00
2.0100e+03 1.1075e-11 8.6398e-01 1.4601e+03 4.8394e+03 5.7000e+03 7.0111e+19 4.8903e+18 4.8903e+18 1.3914e-01 0.0000e+00 2.5273e+04 0.0000e+00
2.0200e+03 1.1033e-11 8.6369e-01 1.4597e+03 4.8378e+03 5.7000e+03 7.0742e+19 4.9248e+18 4.9248e+18 1.3865e-01 0.0000e+00 2.5351e+04 0.0000e+00
2.0300e+03 1.0991e-11 8.6340e-01 1.4592e+03 4.8363e+03 5.7000e+03 7.1379e+19 4.9596e+18 4.9596e+18 1.3817e-01 0.0000e+00 2.5431e+04 0.0000e+00
2.0400e+03 1.0948e-11 8.6310e-01 1.4588e+03 4.8348e+03 5.7000e+03 7.2022e+19 4.9945e+18 4.9945e+18 1.3768e-01 0.0000e+00 2.5510e+04 0.0000e+00
2.0500e+03 1.0906e-11 8.6281e-01 1.4583e+03 4.8333e+03 5.7000e+03 7.2670e+19 5.0297e+18 5.0297e+18 1.3720e-01 0.0000e+00 2.5590e+04 0.0000e+00
2.0600e+03 1.0864e-11 8.6252e-01 1.4579e+03 4.8318e+03 5.7000e+03 7.3324e+19 5.0651e+18 5.0651e+18 1.3672e-01 0.0000e+00 2.5669e+04 0.0000e+00
2.0700e+03 1.0823e-11 8.6222e-01 1.4574e+03 4.8303e+03 5.7000e+03 7.3984e+19 5.1007e+18 5.1007e+18 1.3624e-01 0.0000e+00 2.5750e+04 0.0000e+00
2.0800e+03 1.0781e-11 8.6192e-01 1.4569e+03 4.8288e+03 5.7000e+03 7.4649e+19 5.1365e+18 5.1365e+18 1.3577e-01 0.0000e+00 2.5830e+04 0.0000e+00
2.0900e+03 1.0740e-11 8.6162e-01 1.4565e+03 4.8273e+03 5.7000e+03 7.5320e+19 5.1726e+18 5.1726e+18 1.3529e-01 0.0000e+00 2.5910e+04 0.0000e+00
2.1000e+03 1.0698e-11 8.6133e-01 1.4560e+03 4.8258e+03 5.7000e+03 7.5997e+19 5.2088e+18 5.2088e+18 1.3482e-01 0.0000e+00 2.5991e+04 0.0000e+00
2.1100e+03 1.0657e-11 8.6103e-01 1.4556e+03 4.8243e+03 5.7000e+03 7.6681e+19 5.2454e+18 5.2454e+18 1.3435e-01 0.0000e+00 2.6072e+04 0.0000e+00
2.1200e+03 1.0616e-11 8.6073e-01 1.4551e+03 4.8228e+03 5.7000e+03 7.7370e+19 5.2821e+18 5.2821e+18 1.3388e-01 0.0000e+00 2.6153e+04 0.0000e+00
2.1300e+03 1.0576e-11 8.6043e-01 1.4547e+03 4.8213e+03 5.7000e+03 7.8065e+19 5.3191e+18 5.3191e+18 1.3341e-01 0.0000e+00 2.6235e+04 0.0000e+00
2.1400e+03 1.0535e-11 8.6012e-01 1.4542e+03 4.8198e+03 5.7000e+03 7.8766e+19 5.3563e+18 5.3563e+18 1.3295e-01 0.0000e+00 2.6317e+04 0.0000e+00
2.1500e+03 1.0495e-11 8.5982e-01 1.4538e+03 4.8183e+03 5.7000e+03 7.9474e+19 5.3937e+18 5.3937e+18 1.3248e-01 0.0000e+00 2.6399e+04 0.0000e+00
2.1600e+03 1.0454e-11 8.5952e-01 1.4533e+03 4.8168e+03 5.7000e+03 8.0187e+19 5.4314e+18 5.4314e+18 1.3202e-01 0.0000e+00 2.6481e+04 0.0000e+00
2.1700e+03 1.0414e-11 8.5921e-01 1.4529e+03 4.8153e+03 5.7000e+03 8.0907e+19 5.4693e+18 5.4693e+18 1.3156e-01 0.0000e+00 2.6563e+04 0.0000e+00
2.1800e+03 1.0374e-11 8.5891e-01 1.4524e+03 4.8138e+03 5.7000e+03 8.1634e+19 5.5075e+18 5.5075e+18 1.3110e-01 0.0000e+00 2.6646e+04 0.0000e+00
2.1900e+03 1.0334e-11 8.5860e-01 1.4520e+03 4.8123e+03 5.7000e+03 8.2367e+19 5.5458e+18 5.5458e+18 1.3064e-01 0.0000e+00 2.6729e+04 0.0000e+00
2.2000e+03 1.0295e-11 8.5830e-01 1.4515e+03 4.8108e+03 5.7000e+03 8.3106e+19 5.5845e+18 5.5845e+18 1.3019e-01 0.0000e+00 2.6812e+04 0.0000e+00
2.2100e+03 1.0255e-11 8.5799e-01 1.4511e+03 4.8094e+03 5.7000e+03 8.3852e+19 5.6233e+18 5.6233e+18 1.2973e-01 0.0000e+00 2.6895e+04 0.0000e+00
2.2200e+03 1.0216e-11 8.5768e-01 1.4506e+03 4.8079e+03 5.7000e+03 8.4604e+19 5.6624e+18 5.6624e+18 1.2928e-01 0.0000e+00 2.6979e+04 0.0000e+00
2.2300e+03 1.0177e-11 8.5737e-01 1.4502e+03 4.8064e+03 5.7000e+03 8.5363e+19 5.7018e+18 5.7018e+18 1.2883e-01 0.0000e+00 2.7063e+04 0.0000e+00
2.2400e+03 1.0137e-11 8.5706e-01 1.4498e+03 4.8049e+03 5.7000e+03 8.6128e+19 5.7414e+18 5.7414e+18 1.2838e-01 0.0000e+00 2.7147e+04 0.0000e+00
2.2500e+03 1.0099e-11 8.5676e-01 1.4493e+03 4.8035e+03 5.7000e+03 8.6901e+19 5.7812e+18 5.7812e+18 1.2794e-01 0.0000e+00 2.7231e+04 0.0000e+00
2.2600e+03 1.0060e-11 8.5644e-01 1.4489e+03 4.8020e+03 5.7000e+03 8.7680e+19 5.8213e+18 5.8213e+18 1.2749e-01 0.0000e+00 2.7316e+04 0.0000e+00
2.2700e+03 1.0021e-11 8.5613e-01 1.4484e+03 4.8005e+03 5.7000e+03 8.8466e+19 5.8617e+18 5.8617e+18 1.2705e-01 0.0000e+00 2.7401e+04 0.0000e+00
2.2800e+03 9.9826e-12 8.5582e-01 1.4480e+03 4.7991e+03 5.7000e+03 8.9259e+19 5.9023e+18 5.9023e+18 1.2661e-01 0.0000e+00 2.7486e+04 0.0000e+00
2.2900e+03 9.9443e-12 8.5551e-01 1.4475e+03 4.7976e+03 5.7000e+03 9.0059e+19 5.9431e+18 5.9431e+18 1.2617e-01 0.0000e+00 2.7571e+04 0.0000e+00
2.3000e+03 9.9061e-12 8.5520e-01 1.4471e+03 4.7961e+03 5.7000e+03 9.0866e+19 5.9842e+18 5.9842e+18 1.2573e-01 0.0000e+00 2.7657e+04 0.0000e+00
2.3100e+03 9.8681e-12 8.5488e-01 1.4467e+03 4.7947e+03 5.7000e+03 9.1680e+19 6.0256e+18 6.0256e+18 1.2529e-01 0.0000e+00 2.7743e+04 0.0000e+00
2.3200e+03 9.8302e-12 8.5457e-01 1.4462e+03 4.7932e+03 5.7000e+03 9.2502e+19 6.0672e+18 6.0672e+18 1.2486e-01 0.0000e+00 2.7829e+04 0.0000e+00
2.3300e+03 9.7924e-12 8.5425e-01 1.4458e+03 4.7918e+03 5.7000e+03 9.3330e+19 6.1090e+18 6.1090e+18 1.2442e-01 0.0000e+00 2.7915e+04 0.0000e+00
2.3400e+03 9.7548e-12 8.5394e-01 1.4453e+03 4.7903e+03 5.7000e+03 9.4166e+19 6.1512e+18 6.1512e+18 1.2399e-01 0.0000e+00 2.8002e+04 0.0000e+00
2.3500e+03 9.7174e-12 8.5362e-01 1.4449e+03 4.7888e+03 5.7000e+03 9.5010e+19 6.1936e+18 6.1936e+18 1.2356e-01 0.0000e+00 2.8089e+04 0.0000e+00
2.3600e+03 9.6801e-12 8.5331e-01 1.4445e+03 4.7874e+03 5.7000e+03 9.5860e+19 6.2362e+18 6.2362e+18 1.2313e-01 0.0000e+00 2.8176e+04 0.0000e+00
2.3700e+03 9.6429e-12 8.5299e-01 1.4440e+03 4.7859e+03 5.7000e+03 9.6719e+19 6.2791e+18 6.2791e+18 1.2270e-01 0.0000e+00 2.8264e+04 0.0000e+00
2.3800e+03 9.6059e-12 8.5267e-01 1.4436e+03 4.7845e+03 5.7000e+03 9.7584e+19 6.3223e+18 6.3223e+18 1.2228e-01 0.0000e+00 2.8351e+04 0.0000e+00
2.3900e+03 9.5690e-12 8.5235e-01 1.4432e+03 4.7831e+03 5.7000e+03 9.8458e+19 6.3657e+18 6.3657e+18 1.2186e-01 0.0000e+00 2.8439e+04 0.0000e+00
2.4000e+03 9.5322e-12 8.5203e-01 1.4427e+03 4.7816e+03 5.7000e+03 9.9339e+19 6.4094e+18 6.4094e+18 1.2143e-01 0.0000e+00 2.8527e+04 0.0000e+00
2.4100e+03 9.4956e-12 8.5171e-01 1.4423e+03 4.7802e+03 5.7000e+03 1.0023e+20 6.4534e+18 6.4534e+18 1.2101e-01 0.0000e+00 2.8616e+04 0.0000e+00
2.4200e+03 9.4592e-12 8.5139e-01 1.4418e+03 4.7787e+03 5.7000e+03 1.0112e+20 6.4977e+18 6.4977e+18 1.2059e-01 0.0000e+00 2.8704e+04 0.0000e+00
2.4300e+03 9.4228e-12 8.5107e-01 1.4414e+03 4.7773e+03 5.7000e+03 1.0203e+20 6.5422e+18 6.5422e+18 1.2017e-01 0.0000e+00 2.8793e+04 0.0000e+00
2.4400e+03 9.3867e-12 8.5075e-01 1.4410e+03 4.7759e+03 5.7000e+03 1.0294e+20 6.5870e+18 6.5870e+18 1.1976e-01 0.0000e+00 2.8883e+04 0.0000e+00
2.4500e+03 9.3506e-12 8.5043e-01 1.4405e+03 4.7744e+03 5.7000e+03 1.0386e+20 6.6321e+18 6.6321e+18 1.1934e-01 0.0000e+00 2.8972e+04 0.0000e+00
2.4600e+03 9.3147e-12 8.5011e-01 1.4401e+03 4.7730e+03 5.7000e+03 1.0479e+20 6.6774e+18 6.6774e+18 1.1893e-01 0.0000e+00 2.9062e+04 0.0000e+00
2.4700e+03 9.2789e-12 8.4978e-01 1.4397e+03 4.7716e+03 5.7000e+03 1.0573e+20 6.7230e+18 6.7230e+18 1.1852e-01 0.0000e+00 2.9152e+04 0.0000e+00
2.4800e+03 9.2433e-12 8.4946e-01 1.4393e+03 4.7701e+03 5.7000e+03 1.0667e+20 6.7689e+18 6.7689e+18 1.1811e-01 0.0000e+00 2.9242e+04 0.0000e+00
2.4900e+03 9.2078e-12 8.4914e-01 1.4388e+03 4.7687e+03 5.7000e+03 1.0763e+20 6.8151e+18 6.8151e+18 1.1770e-01 0.0000e+00 2.9333e+04 0.0000e+00
2.5000e+03 9.1725e-12 8.4881e-01 1.4384e+03 4.7673e+03 5.7000e+03 1.0859e+20 6.8616e+18 6.8616e+18 1.1729e-01 0.0000e+00 2.9424e+04 0.0000e+00
2.5100e+03 9.1372e-12 8.4849e-01 1.4380e+03 4.7659e+03 5.7000e+03 1.0956e+20 6.9083e+18 6.9083e+18 1.1689e-01 0.0000e+00 2.9515e+04 0.0000e+00
2.5200e+03 9.1022e-12 8.4816e-01 1.4375e+03 4.7644e+03 5.7000e+03 1.1054e+20 6.9553e+18 6.9553e+18 1.1648e-01 0.0000e+00 2.9606e+04 0.0000e+00
2.5300e+03 9.0672e-12 8.4783e-01 1.4371e+03 4.7630e+03 5.7000e+03 1.1153e+20 7.0026e+18 7.0026e+18 1.1608e-01 0.0000e+00 2.9698e+04 0.0000e+00
2.5400e+03 9.0324e-12 8.4751e-01 1.4367e+03 4.7616e+03 5.7000e+03 1.1253e+20 7.0503e+18 7.0503e+18 1.1568e-01 0.0000e+00 2.9790e+04 0.0000e+00
2.5500e+03 8.9977e-12 8.4718e-01 1.4363e+03 4.7602e+03 5.7000e+03 1.1353e+20 7.0981e+18 7.0981e+18 1.1528e-01 0.0000e+00 2.9882e+04 0.0000e+00
2.5600e+03 8.9631e-12 8.4685e-01 1.4358e+03 4.7588e+03 5.7000e+03 1.1455e+20 7.1463e+18 7.1463e+18 1.1488e-01 0.0000e+00 2.9974e+04 0.0000e+00
2.5700e+03 8.9287e-12 8.4652e-01 1.4354e+03 4.7574e+03 5.7000e+03 1.1557e+20 7.1948e+18 7.1948e+18 1.1448e-01 0.0000e+00 3.0067e+04 0.0000e+00
2.5800e+03 8.8944e-12 8.4620e-01 1.4350e+03 4.7559e+03 5.7000e+03 1.1660e+20 7.2436e+18 7.2436e+18 1.1409e-01 0.0000e+00 3.0160e+04 0.0000e+00
2.5900e+03 8.8603e-12 8.4587e-01 1.4345e+03 4.7545e+03 5.7000e+03 1.1764e+20 7.2926e+18 7.2926e+18 1.1370e-01 0.0000e+00 3.0253e+04 0.0000e+00
2.6000e+03 8.8263e-12 8.4554e-01 1.4341e+03 4.7531e+03 5.7000e+03 1.1869e+20 7.3420e+18 7.3420e+18 1.1330e-01 0.0000e+00 3.0347e+04 0.0000e+00
2.6100e+03 8.7924e-12 8.4521e-01 1.4337e+03 4.7517e+03 5.7000e+03 1.1975e+20 7.3916e+18 7.3916e+18 1.1291e-01 0.0000e+00 3.0440e+04 0.0000e+00
2.6200e+03 8.7586e-12 8.4488e-01 1.4333e+03 4.7503e+03 5.7000e+03 1.2082e+20 7.4416e+18 7.4416e+18 1.1252e-01 0.0000e+00 3.0535e+04 0.0000e+00
2.6300e+03 8.7250e-12 8.4454e-01 1.4329e+03 4.7489e+03 5.7000e+03 1.2190e+20 7.4918e+18 7.4918e+18 1.1213e-01 0.0000e+00 3.0629e+04 0.0000e+00
2.6400e+03 8.6915e-12 8.4421e-01 1.4324e+03 4.7475e+03 5.7000e+03 1.2299e+20 7.5424e+18 7.5424e+18 1.1175e-01 0.0000e+00 3.0724e+04 0.0000e+00
2.6500e+03 8.6581e-12 8.4388e-01 1.4320e+03 4.7461e+03 5.7000e+03 1.2409e+20 7.5933e+18 7.5933e+18 1.1136e-01 0.0000e+00 3.0819e+04 0.0000e+00
2.6600e+03 8.6248e-12 8.4355e-01 1.4316e+03 4.7447e+03 5.7000e+03 1.2520e+20 7.6444e+18 7.6444e+18 1.1098e-01 0.0000e+00 3.0914e+04 0.0000e+00
2.6700e+03 8.5917e-12 8.4321e-01 1.4312e+03 4.7433e+03 5.7000e+03 1.2631e+20 7.6959e+18 7.6959e+18 1.1060e-01 0.0000e+00 3.1009e+04 0.0000e+00
2.6800e+03 8.5587e-12 8.4288e-01 1.4307e+03 4.7419e+03 5.7000e+03 1.2744e+20 7.7477e+18 7.7477e+18 1.1022e-01 0.0000e+00 3.1105e+04 0.0000e+00
2.6900e+03 8.5259e-12 8.4255e-01 1.4303e+03 4.7406e+03 5.7000e+03 1.2858e+20 7.7998e+18 7.7998e+18 1.0984e-01 0.0000e+00 3.1201e+04 0.0000e+00
2.7000e+03 8.4931e-12 8.4221e-01 1.4299e+03 4.7392e+03 5.7000e+03 1.2973e+20 7.8522e+18 7.8522e+18 1.0946e-01 0.0000e+00 3.1298e+04 0.0000e+00
2.7100e+03 8.4605e-12 8.4188e-01 1.4295e+03 4.7378e+03 5.7000e+03 1.3088e+20 7.9049e+18 7.9049e+18 1.0908e-01 0.0000e+00 3.1394e+04 0.0000e+00
2.7200e+03 8.4280e-12 8.4154e-01 1.4291e+03 4.7364e+03 5.7000e+03 1.3205e+20 7.9579e+18 7.9579e+18 1.0870e-01 0.0000e+00 3.1491e+04 0.0000e+00
2.7300e+03 8.3957e-12 8.4121e-01 1.4287e+03 4.7350e+03 5.7000e+03 1.3323e+20 8.0113e+18 8.0113e+18 1.0833e-01 0.0000e+00 3.1588e+04 0.0000e+00
2.7400e+03 8.3634e-12 8.4087e-01 1.4282e+03 4.7336e+03 5.7000e+03 1.3442e+20 8.0649e+18 8.0649e+18 1.0796e-01 0.0000e+00 3.1686e+04 0.0000e+00
2.7500e+03 8.3313e-12 8.4053e-01 1.4278e+03 4.7323e+03 5.7000e+03 1.3562e+20 8.1189e+18 8.1189e+18 1.0759e-01 0.0000e+00 3.1784e+04 0.0000e+00
2.7600e+03 8.2993e-12 8.4019e-01 1.4274e+03 4.7309e+03 5.7000e+03 1.3683e+20 8.1732e+18 8.1732e+18 1.0722e-01 0.0000e+00 3.1882e+04 0.0000e+00
2.7700e+03 8.2675e-12 8.3986e-01 1.4270e+03 4.7295e+03 5.7000e+03 1.3805e+20 8.2278e+18 8.2278e+18 1.0685e-01 0.0000e+00 3.1980e+04 0.0000e+00
2.7800e+03 8.2357e-12 8.3952e-01 1.4266e+03 4.7281e+03 5.7000e+03 1.3928e+20 8.2828e+18 8.2828e+18 1.0648e-01 0.0000e+00 3.2079e+04 0.0000e+00
2.7900e+03 8.2041e-12 8.3918e-01 1.4262e+03 4.7268e+03 5.7000e+03 1.4052e+20 8.3381e+18 8.3381e+18 1.0611e-01 0.0000e+00 3.2178e+04 0.0000e+00
2.8000e+03 8.1726e-12 8.3884e-01 1.4258e+03 4.7254e+03 5.7000e+03 1.4177e+20 8.3937e+18 8.3937e+18 1.0575e-01 0.0000e+00 3.2277e+04 0.0000e+00
2.8100e+03 8.1412e-12 8.3850e-01 1.4253e+03 4.7240e+03 5.7000e+03 1.4304e+20 8.4496e+18 8.4496e+18 1.0539e-01 0.0000e+00 3.2377e+04 0.0000e+00
2.8200e+03 8.1099e-12 8.3816e-01 1.4249e+03 4.7227e+03 5.7000e+03 1.4431e+20 8.5058e+18 8.5058e+18 1.0502e-01 0.0000e+00 3.2476e+04 0.0000e+00
2.8300e+03 8.0788e-12 8.3782e-01 1.4245e+03 4.7213e+03 5.7000e+03 1.4560e+20 8.5624e+18 8.5624e+18 1.0466e-01 0.0000e+00 3.2577e+04 0.0000e+00
2.8400e+03 8.0478e-12 8.3748e-01 1.4241e+03 4.7199e+03 5.7000e+03 1.4690e+20 8.6194e+18 8.6194e+18 1.0430e-01 0.0000e+00 3.2677e+04 0.0000e+00
2.8500e+03 8.0169e-12 8.3714e-01 1.4237e+03 4.7186e+03 5.7000e+03 1.4821e+20 8.6766e+18 8.6766e+18 1.0395e-01 0.0000e+00 3.2778e+04 0.0000e+00
2.8600e+03 7.9861e-12 8.3680e-01 1.4233e+03 4.7172e+03 5.7000e+03 1.4953e+20 8.7342e+18 8.7342e+18 1.0359e-01 0.0000e+00 3.2879e+04 0.0000e+00
2.8700e+03 7.9554e-12 8.3646e-01 1.4229e+03 4.7159e+03 5.7000e+03 1.5086e+20 8.7921e+18 8.7921e+18 1.0323e-01 0.0000e+00 3.2980e+04 0.0000e+00
2.8800e+03 7.9249e-12 8.3611e-01 1.4225e+03 4.7145e+03 5.7000e+03 1.5220e+20 8.8504e+18 8.8504e+18 1.0288e-01 0.0000e+00 3.3082e+04 0.0000e+00
2.8900e+03 7.8944e-12 8.3577e-01 1.4221e+03 4.7131e+03 5.7000e+03 1.5356e+20 8.9090e+18 8.9090e+18 1.0253e-01 0.0000e+00 3.3184e+04 0.0000e+00
2.9000e+03 7.8641e-12 8.3543e-01 1.4217e+03 4.7118e+03 5.7000e+03 1.5493e+20 8.9680e+18 8.9680e+18 1.0217e-01 0.0000e+00 3.3286e+04 0.0000e+00
2.9100e+03 7.8339e-12 8.3508e-01 1.4212e+03 4.7104e+03 5.7000e+03 1.5631e+20 9.0273e+18 9.0273e+18 1.0182e-01 0.0000e+00 3.3389e+04 0.0000e+00
2.9200e+03 7.8038e-12 8.3474e-01 1.4208e+03 4.7091e+03 5.7000e+03 1.5770e+20 9.0869e+18 9.0869e+18 1.0147e-01 0.0000e+00 3.3492e+04 0.0000e+00
2.9300e+03 7.7739e-12 8.3439e-01 1.4204e+03 4.7078e+03 5.7000e+03 1.5911e+20 9.1469e+18 9.1469e+18 1.0113e-01 0.0000e+00 3.3595e+04 0.0000e+00
2.9400e+03 7.7440e-12 8.3405e-01 1.4200e+03 4.7064e+03 5.7000e+03 1.6052e+20 9.2072e+18 9.2072e+18 1.0078e-01 0.0000e+00 3.3698e+04 0.0000e+00
2.9500e+03 7.7143e-12 8.3370e-01 1.4196e+03 4.7051e+03 5.7000e+03 1.6195e+20 9.2679e+18 9.2679e+18 1.0043e-01 0.0000e+00 3.3802e+04 0.0000e+00
2.9600e+03 7.6847e-12 8.3336e-01 1.4192e+03 4.7037e+03 5.7000e+03 1.6340e+20 9.3290e+18 9.3290e+18 1.0009e-01 0.0000e+00 3.3906e+04 0.0000e+00
2.9700e+03 7.6551e-12 8.3301e-01 1.4188e+03 4.7024e+03 5.7000e+03 1.6485e+20 9.3903e+18 9.3903e+18 9.9747e-02 0.0000e+00 3.4011e+04 0.0000e+00
2.9800e+03 7.6258e-12 8.3267e-01 1.4184e+03 4.7011e+03 5.7000e+03 1.6632e+20 9.4521e+18 9.4521e+18 9.9405e-02 0.0000e+00 3.4115e+04 0.0000e+00
2.9900e+03 7.5965e-12 8.3232e-01 1.4180e+03 4.6997e+03 5.7000e+03 1.6780e+20 9.5142e+18 9.5142e+18 9.9065e-02 0.0000e+00 3.4220e+04 0.0000e+00
3.0000e+03 7.5673e-12 8.3197e-01 1.4176e+03 4.6984e+03 5.7000e+03 1.6930e+20 9.5767e+18 9.5767e+18 9.8725e-02 0.0000e+00 3.4326e+04 0.0000e+00
3.0100e+03 7.5382e-12 8.3162e-01 1.4172e+03 4.6971e+03 5.7000e+03 1.7080e+20 9.6395e+18 9.6395e+18 9.8387e-02 0.0000e+00 3.4431e+04 0.0000e+00
3.0200e+03 7.5093e-12 8.3128e-01 1.4168e+03 4.6957e+03 5.7000e+03 1.7232e+20 9.7027e+18 9.7027e+18 9.8051e-02 0.0000e+00 3.4537e+04 0.0000e+00
3.0300e+03 7.4805e-12 8.3093e-01 1.4164e+03 4.6944e+03 5.7000e+03 1.7386e+20 9.7662e+18 9.7662e+18 9.7715e-02 0.0000e+00 3.4644e+04 0.0000e+00
3.0400e+03 7.4517e-12 8.3058e-01 1.4160e+03 4.6931e+03 5.7000e+03 1.7541e+20 9.8301e+18 9.8301e+18 9.7381e-02 0.0000e+00 3.4750e+04 0.0000e+00
3.0500e+03 7.4231e-12 8.3023e-01 1.4156e+03 4.6917e+03 5.7000e+03 1.7697e+20 9.8944e+18 9.8944e+18 9.7048e-02 0.0000e+00 3.4857e+04 0.0000e+00
3.0600e+03 7.3946e-12 8.2988e-01 1.4152e+03 4.6904e+03 5.7000e+03 1.7854e+20 9.9591e+18 9.9591e+18 9.6716e-02 0.0000e+00 3.4964e+04 0.0000e+00
3.0700e+03 7.3662e-12 8.2953e-01 1.4148e+03 4.6891e+03 5.7000e+03 1.8013e+20 1.0024e+19 1.0024e+19 9.6385e-02 0.0000e+00 3.5072e+04 0.0000e+00
3.0800e+03 7.3379e-12 8.2918e-01 1.4144e+03 4.6878e+03 5.7000e+03 1.8174e+20 1.0089e+19 1.0089e+19 9.6055e-02 0.0000e+00 3.5180e+04 0.0000e+00
3.0900e+03 7.3098e-12 8.2883e-01 1.4140e+03 4.6865e+03 5.7000e+03 1.8336e+20 1.0155e+19 1.0155e+19 9.5727e-02 0.0000e+00 3.5288e+04 0.0000e+00
3.1000e+03 7.2817e-12 8.2848e-01 1.4136e+03 4.6852e+03 5.7000e+03 1.8499e+20 1.0221e+19 1.0221e+19 9.5400e-02 0.0000e+00 3.5397e+04 0.0000e+00
3.1100e+03 7.2537e-12 8.2813e-01 1.4132e+03 4.6838e+03 5.7000e+03 1.8663e+20 1.0288e+19 1.0288e+19 9.5074e-02 0.0000e+00 3.5506e+04 0.0000e+00
3.1200e+03 7.2259e-12 8.2778e-01 1.4128e+03 4.6825e+03 5.7000e+03 1.8829e+20 1.0355e+19 1.0355e+19 9.4749e-02 0.0000e+00 3.5615e+04 0.0000e+00
3.1300e+03 7.1981e-12 8.2742e-01 1.4124e+03 4.6812e+03 5.7000e+03 1.8997e+20 1.0422e+19 1.0422e+19 9.4425e-02 0.0000e+00 3.5724e+04 0.0000e+00
3.1400e+03 7.1705e-12 8.2707e-01 1.4120e+03 4.6799e+03 5.7000e+03 1.9166e+20 1.0490e+19 1.0490e+19 9.4103e-02 0.0000e+00 3.5834e+04 0.0000e+00
3.1500e+03 7.1429e-12 8.2672e-01 1.4116e+03 4.6786e+03 5.7000e+03 1.9337e+20 1.0558e+19 1.0558e+19 9.3781e-02 0.0000e+00 3.5944e+04 0.0000e+00
3.1600e+03 7.1155e-12 8.2637e-01 1.4112e+03 4.6773e+03 5.7000e+03 1.9509e+20 1.0626e+19 1.0626e+19 9.3461e-02 0.0000e+00 3.6055e+04 0.0000e+00
3.1700e+03 7.0882e-12 8.2601e-01 1.4109e+03 4.6760e+03 5.7000e+03 1.9682e+20 1.0695e+19 1.0695e+19 9.3142e-02 0.0000e+00 3.6166e+04 0.0000e+00
3.1800e+03 7.0610e-12 8.2566e-01 1.4105e+03 4.6747e+03 5.7000e+03 1.9858e+20 1.0764e+19 1.0764e+19 9.2824e-02 0.0000e+00 3.6277e+04 0.0000e+00
3.1900e+03 7.0339e-12 8.2530e-01 1.4101e+03 4.6734e+03 5.7000e+03 2.0034e+20 1.0834e+19 1.0834e+19 9.2508e-02 0.0000e+00 3.6388e+04 0.0000e+00
3.2000e+03 7.0069e-12 8.2495e-01 1.4097e+03 4.6721e+03 5.7000e+03 2.0212e+20 1.0904e+19 1.0904e+19 9.2192e-02 0.0000e+00 3.6500e+04 0.0000e+00
3.2100e+03 6.9799e-12 8.2459e-01 1.4093e+03 4.6708e+03 5.7000e+03 2.0392e+20 1.0974e+19 1.0974e+19 9.1877e-02 0.0000e+00 3.6612e+04 0.0000e+00
3.2200e+03 6.9531e-12 8.2424e-01 1.4089e+03 4.6695e+03 5.7000e+03 2.0574e+20 1.1045e+19 1.1045e+19 9.1564e-02 0.0000e+00 3.6725e+04 0.0000e+00
3.2300e+03 6.9264e-12 8.2388e-01 1.4085e+03 4.6682e+03 5.7000e+03 2.0757e+20 1.1116e+19 1.1116e+19 9.1252e-02 0.0000e+00 3.6838e+04 0.0000e+00
3.2400e+03 6.8998e-12 8.2353e-01 1.4081e+03 4.6669e+03 5.7000e+03 2.0941e+20 1.1188e+19 1.1188e+19 9.0941e-02 0.0000e+00 3.6951e+04 0.0000e+00
3.2500e+03 6.8733e-12 8.2317e-01 1.4077e+03 4.6657e+03 5.7000e+03 2.1128e+20 1.1260e+19 1.1260e+19 9.0631e-02 0.0000e+00 3.7065e+04 0.0000e+00
3.2600e+03 6.8470e-12 8.2281e-01 1.4073e+03 4.6644e+03 5.7000e+03 2.1316e+20 1.1332e+19 1.1332e+19 9.0322e-02 0.0000e+00 3.7178e+04 0.0000e+00
3.2700e+03 6.8207e-12 8.2246e-01 1.4070e+03 4.6631e+03 5.7000e+03 2.1505e+20 1.1405e+19 1.1405e+19 9.0014e-02 0.0000e+00 3.7293e+04 0.0000e+00
3.2800e+03 6.7945e-12 8.2210e-01 1.4066e+03 4.6618e+03 5.7000e+03 2.1697e+20 1.1478e+19 1.1478e+19 8.9707e-02 0.0000e+00 3.7407e+04 0.0000e+00
3.2900e+03 6.7684e-12 8.2174e-01 1.4062e+03 4.6605e+03 5.7000e+03 2.1890e+20 1.1551e+19 1.1551e+19 8.9402e-02 0.0000e+00 3.7522e+04 0.0000e+00
3.3000e+03 6.7424e-12 8.2139e-01 1.4058e+03 4.6592e+03 5.7000e+03 2.2084e+20 1.1625e+19 1.1625e+19 8.9097e-02 0.0000e+00 3.7637e+04 0.0000e+00
3.3100e+03 6.7165e-12 8.2103e-01 1.4054e+03 4.6580e+03 5.7000e+03 2.2281e+20 1.1700e+19 1.1700e+19 8.8794e-02 0.0000e+00 3.7753e+04 0.0000e+00
3.3200e+03 6.6907e-12 8.2067e-01 1.4050e+03 4.6567e+03 5.7000e+03 2.2479e+20 1.1775e+19 1.1775e+19 8.8491e-02 0.0000e+00 3.7869e+04 0.0000e+00
3.3300e+03 6.6650e-12 8.2031e-01 1.4046e+03 4.6554e+03 5.7000e+03 2.2679e+20 1.1850e+19 1.1850e+19 8.8190e-02 0.0000e+00 3.7985e+04 0.0000e+00
3.3400e+03 6.6394e-12 8.1995e-01 1.4043e+03 4.6541e+03 5.7000e+03 2.2880e+20 1.1925e+19 1.1925e+19 8.7890e-02 0.0000e+00 3.8102e+04 0.0000e+00
3.3500e+03 6.6139e-12 8.1959e-01 1.4039e+03 4.6529e+03 5.7000e+03 2.3084e+20 1.2001e+19 1.2001e+19 8.7591e-02 0.0000e+00 3.8219e+04 0.0000e+00
3.3600e+03 6.5885e-12 8.1923e-01 1.4035e+03 4.6516e+03 5.7000e+03 2.3289e+20 1.2078e+19 1.2078e+19 8.7293e-02 0.0000e+00 3.8336e+04 0.0000e+00
3.3700e+03 6.5632e-12 8.1887e-01 1.4031e+03 4.6503e+03 5.7000e+03 2.3496e+20 1.2155e+19 1.2155e+19 8.6996e-02 0.0000e+00 3.8454e+04 0.0000e+00
3.3800e+03 6.5380e-12 8.1851e-01 1.4027e+03 4.6491e+03 5.7000e+03 2.3705e+20 1.2232e+19 1.2232e+19 8.6700e-02 0.0000e+00 3.8572e+04 0.0000e+00
3.3900e+03 6.5129e-12 8.1815e-01 1.4023e+03 4.6478e+03 5.7000e+03 2.3916e+20 1.2310e+19 1.2310e+19 8.6405e-02 0.0000e+00 3.8690e+04 0.0000e+00
3.4000e+03 6.4879e-12 8.1779e-01 1.4020e+03 4.6465e+03 5.7000e+03 2.4129e+20 1.2388e+19 1.2388e+19 8.6111e-02 0.0000e+00 3.8809e+04 0.0000e+00
3.4100e+03 6.4630e-12 8.1743e-01 1.4016e+03 4.6453e+03 5.7000e+03 2.4343e+20 1.2467e+19 1.2467e+19 8.5819e-02 0.0000e+00 3.8928e+04 0.0000e+00
3.4200e+03 6.4382e-12 8.1707e-01 1.4012e+03 4.6440e+03 5.7000e+03 2.4560e+20 1.2546e+19 1.2546e+19 8.5527e-02 0.0000e+00 3.9048e+04 0.0000e+00
3.4300e+03 6.4135e-12 8.1671e-01 1.4008e+03 4.6428e+03 5.7000e+03 2.4778e+20 1.2625e+19 1.2625e+19 8.5236e-02 0.0000e+00 3.9167e+04 0.0000e+00
3.4400e+03 6.3888e-12 8.1634e-01 1.4004e+03 4.6415e+03 5.7000e+03 2.4998e+20 1.2705e+19 1.2705e+19 8.4946e-02 0.0000e+00 3.9288e+04 0.0000e+00
3.4500e+03 6.3643e-12 8.1598e-01 1.4001e+03 4.6403e+03 5.7000e+03 2.5221e+20 1.2785e+19 1.2785e+19 8.4658e-02 0.0000e+00 3.9408e+04 0.0000e+00
3.4600e+03 6.3399e-12 8.1562e-01 1.3997e+03 4.6390e+03 5.7000e+03 2.5445e+20 1.2866e+19 1.2866e+19 8.4370e-02 0.0000e+00 3.9529e+04 0.0000e+00
3.4700e+03 6.3155e-12 8.1526e-01 1.3993e+03 4.6378e+03 5.7000e+03 2.5671e+20 1.2947e+19 1.2947e+19 8.4084e-02 0.0000e+00 3.9650e+04 0.0000e+00
3.4800e+03 6.2913e-12 8.1489e-01 1.3989e+03 4.6365e+03 5.7000e+03 2.5899e+20 1.3029e+19 1.3029e+19 8.3798e-02 0.0000e+00 3.9772e+04 0.0000e+00
3.4900e+03 6.2671e-12 8.1453e-01 1.3986e+03 4.6353e+03 5.7000e+03 2.6130e+20 1.3111e+19 1.3111e+19 8.3514e-02 0.0000e+00 3.9894e+04 0.0000e+00
3.5000e+03 6.2430e-12 8.1417e-01 1.3982e+03 4.6340e+03 5.7000e+03 2.6362e+20 1.3193e+19 1.3193e+19 8.3230e-02 0.0000e+00 4.0016e+04 0.0000e+00
3.5100e+03 6.2191e-12 8.1380e-01 1.3978e+03 4.6328e+03 5.7000e+03 2.6596e+20 1.3276e+19 1.3276e+19 8.2948e-02 0.0000e+00 4.0139e+04 0.0000e+00
3.5200e+03 6.1952e-12 8.1344e-01 1.3974e+03 4.6316e+03 5.7000e+03 2.6833e+20 1.3360e+19 1.3360e+19 8.2666e-02 0.0000e+00 4.0262e+04 0.0000e+00
3.5300e+03 6.1714e-12 8.1307e-01 1.3971e+03 4.6303e+03 5.7000e+03 2.7071e+20 1.3443e+19 1.3443e+19 8.2385e-02 0.0000e+00 4.0386e+04 0.0000e+00
3.5400e+03 6.1477e-12 8.1271e-01 1.3967e+03 4.6291e+03 5.7000e+03 2.7312e+20 1.3528e+19 1.3528e+19 8.2106e-02 0.0000e+00 4.0510e+04 0.0000e+00
3.5500e+03 6.1241e-12 8.1234e-01 1.3963e+03 4.6279e+03 5.7000e+03 2.7555e+20 1.3612e+19 1.3612e+19 8.1827e-02 0.0000e+00 4.0634e+04 0.0000e+00
3.5600e+03 6.1006e-12 8.1198e-01 1.3960e+03 4.6266e+03 5.7000e+03 2.7800e+20 1.3698e+19 1.3698e+19 8.1550e-02 0.0000e+00 4.0759e+04 0.0000e+00
3.5700e+03 6.0771e-12 8.1161e-01 1.3956e+03 4.6254e+03 5.7000e+03 2.8047e+20 1.3783e+19 1.3783e+19 8.1273e-02 0.0000e+00 4.0884e+04 0.0000e+00
3.5800e+03 6.0538e-12 8.1125e-01 1.3952e+03 4.6242e+03 5.7000e+03 2.8296e+20 1.3869e+19 1.3869e+19 8.0998e-02 0.0000e+00 4.1009e+04 0.0000e+00
3.5900e+03 6.0306e-12 8.1088e-01 1.3948e+03 4.6229e+03 5.7000e+03 2.8548e+20 1.3956e+19 1.3956e+19 8.0723e-02 0.0000e+00 4.1135e+04 0.0000e+00
3.6000e+03 6.0074e-12 8.1051e-01 1.3945e+03 4.6217e+03 5.7000e+03 2.8802e+20 1.4043e+19 1.4043e+19 8.0449e-02 0.0000e+00 4.1261e+04 0.0000e+00
3.6100e+03 5.9843e-12 8.1015e-01 1.3941e+03 4.6205e+03 5.7000e+03 2.9058e+20 1.4130e+19 1.4130e+19 8.0177e-02 0.0000e+00 4.1387e+04 0.0000e+00
3.6200e+03 5.9614e-12 8.0978e-01 1.3937e+03 4.6193e+03 5.7000e+03 2.9316e+20 1.4218e+19 1.4218e+19 7.9905e-02 0.0000e+00 4.1514e+04 0.0000e+00
3.6300e+03 5.9385e-12 8.0941e-01 1.3934e+03 4.6180e+03 5.7000e+03 2.9577e+20 1.4307e+19 1.4307e+19 7.9634e-02 0.0000e+00 4.1642e+04 0.0000e+00
3.6400e+03 5.9157e-12 8.0905e-01 1.3930e+03 4.6168e+03 5.7000e+03 2.9840e+20 1.4396e+19 1.4396e+19 7.9365e-02 0.0000e+00 4.1769e+04 0.0000e+00
3.6500e+03 5.8929e-12 8.0868e-01 1.3926e+03 4.6156e+03 5.7000e+03 3.0105e+20 1.4485e+19 1.4485e+19 7.9096e-02 0.0000e+00 4.1897e+04 0.0000e+00
3.6600e+03 5.8703e-12 8.0831e-01 1.3923e+03 4.6144e+03 5.7000e+03 3.0372e+20 1.4575e+19 1.4575e+19 7.8828e-02 0.0000e+00 4.2026e+04 0.0000e+00
3.6700e+03 5.8478e-12 8.0794e-01 1.3919e+03 4.6132e+03 5.7000e+03 3.0642e+20 1.4665e+19 1.4665e+19 7.8561e-02 0.0000e+00 4.2155e+04 0.0000e+00
3.6800e+03 5.8253e-12 8.0758e-01 1.3915e+03 4.6120e+03 5.7000e+03 3.0915e+20 1.4756e+19 1.4756e+19 7.8295e-02 0.0000e+00 4.2284e+04 0.0000e+00
3.6900e+03 5.8029e-12 8.0721e-01 1.3912e+03 4.6108e+03 5.7000e+03 3.1190e+20 1.4847e+19 1.4847e+19 7.8030e-02 0.0000e+00 4.2413e+04 0.0000e+00
3.7000e+03 5.7807e-12 8.0684e-01 1.3908e+03 4.6096e+03 5.7000e+03 3.1467e+20 1.4939e+19 1.4939e+19 7.7766e-02 0.0000e+00 4.2543e+04 0.0000e+00
3.7100e+03 5.7585e-12 8.0647e-01 1.3904e+03 4.6083e+03 5.7000e+03 3.1747e+20 1.5031e+19 1.5031e+19 7.7502e-02 0.0000e+00 4.2674e+04 0.0000e+00
3.7200e+03 5.7364e-12 8.0610e-01 1.3901e+03 4.6071e+03 5.7000e+03 3.2029e+20 1.5123e+19 1.5123e+19 7.7240e-02 0.0000e+00 4.2805e+04 0.0000e+00
3.7300e+03 5.7143e-12 8.0573e-01 1.3897e+03 4.6059e+03 5.7000e+03 3.2314e+20 1.5217e+19 1.5217e+19 7.6979e-02 0.0000e+00 4.2936e+04 0.0000e+00
3.7400e+03 5.6924e-12 8.0536e-01 1.3894e+03 4.6047e+03 5.7000e+03 3.2601e+20 1.5310e+19 1.5310e+19 7.6718e-02 0.0000e+00 4.3067e+04 0.0000e+00
3.7500e+03 5.6705e-12 8.0499e-01 1.3890e+03 4.6035e+03 5.7000e+03 3.2891e+20 1.5404e+19 1.5404e+19 7.6459e-02 0.0000e+00 4.3199e+04 0.0000e+00
3.7600e+03 5.6488e-12 8.0462e-01 1.3886e+03 4.6023e+03 5.7000e+03 3.3183e+20 1.5499e+19 1.5499e+19 7.6200e-02 0.0000e+00 4.3332e+04 0.0000e+00
3.7700e+03 5.6271e-12 8.0425e-01 1.3883e+03 4.6012e+03 5.7000e+03 3.3478e+20 1.5594e+19 1.5594e+19 7.5943e-02 0.0000e+00 4.3465e+04 0.0000e+00
3.7800e+03 5.6055e-12 8.0388e-01 1.3879e+03 4.6000e+03 5.7000e+03 3.3776e+20 1.5690e+19 1.5690e+19 7.5686e-02 0.0000e+00 4.3598e+04 0.0000e+00
3.7900e+03 5.5839e-12 8.0351e-01 1.3876e+03 4.5988e+03 5.7000e+03 3.4076e+20 1.5786e+19 1.5786e+19 7.5430e-02 0.0000e+00 4.3731e+04 0.0000e+00
3.8000e+03 5.5625e-12 8.0314e-01 1.3872e+03 4.5976e+03 5.7000e+03 3.4379e+20 1.5882e+19 1.5882e+19 7.5175e-02 0.0000e+00 4.3865e+04 0.0000e+00
3.8100e+03 5.5411e-12 8.0277e-01 1.3868e+03 4.5964e+03 5.7000e+03 3.4685e+20 1.5979e+19 1.5979e+19 7.4921e-02 0.0000e+00 4.4000e+04 0.0000e+00
3.8200e+03 5.5198e-12 8.0240e-01 1.3865e+03 4.5952e+03 5.7000e+03 3.4994e+20 1.6077e+19 1.6077e+19 7.4668e-02 0.0000e+00 4.4135e+04 0.0000e+00
3.8300e+03 5.4987e-12 8.0203e-01 1.3861e+03 4.5940e+03 5.7000e+03 3.5305e+20 1.6175e+19 1.6175e+19 7.4415e-02 0.0000e+00 4.4270e+04 0.0000e+00
3.8400e+03 5.4775e-12 8.0166e-01 1.3858e+03 4.5928e+03 5.7000e+03 3.5619e+20 1.6273e+19 1.6273e+19 7.4164e-02 0.0000e+00 4.4405e+04 0.0000e+00
3.8500e+03 5.4565e-12 8.0129e-01 1.3854e+03 4.5917e+03 5.7000e+03 3.5935e+20 1.6372e+19 1.6372e+19 7.3913e-02 0.0000e+00 4.4542e+04 0.0000e+00
3.8600e+03 5.4355e-12 8.0092e-01 1.3850e+03 4.5905e+03 5.7000e+03 3.6255e+20 1.6472e+19 1.6472e+19 7.3664e-02 0.0000e+00 4.4678e+04 0.0000e+00
3.8700e+03 5.4147e-12 8.0054e-01 1.3847e+03 4.5893e+03 5.7000e+03 3.6578e+20 1.6572e+19 1.6572e+19 7.3415e-02 0.0000e+00 4.4815e+04 0.0000e+00
3.8800e+03 5.3939e-12 8.0017e-01 1.3843e+03 4.5881e+03 5.7000e+03 3.6903e+20 1.6672e+19 1.6672e+19 7.3167e-02 0.0000e+00 4.4952e+04 0.0000e+00
3.8900e+03 5.3732e-12 7.9980e-01 1.3840e+03 4.5870e+03 5.7000e+03 3.7231e+20 1.6773e+19 1.6773e+19 7.2920e-02 0.0000e+00 4.5090e+04 0.0000e+00
3.9000e+03 5.3525e-12 7.9943e-01 1.3836e+03 4.5858e+03 5.7000e+03 3.7562e+20 1.6875e+19 1.6875e+19 7.2674e-02 0.0000e+00 4.5228e+04 0.0000e+00
3.9100e+03 5.3320e-12 7.9905e-01 1.3833e+03 4.5846e+03 5.7000e+03 3.7896e+20 1.6977e+19 1.6977e+19 7.2429e-02 0.0000e+00 4.5367e+04 0.0000e+00
3.9200e+03 5.3115e-12 7.9868e-01 1.3829e+03 4.5834e+03 5.7000e+03 3.8233e+20 1.7080e+19 1.7080e+19 7.2184e-02 0.0000e+00 4.5506e+04 0.0000e+00
3.9300e+03 5.2911e-12 7.9831e-01 1.3826e+03 4.5823e+03 5.7000e+03 3.8573e+20 1.7183e+19 1.7183e+19 7.1940e-02 0.0000e+00 4.5645e+04 0.0000e+00
3.9400e+03 5.2708e-12 7.9794e-01 1.3822e+03 4.5811e+03 5.7000e+03 3.8917e+20 1.7286e+19 1.7286e+19 7.1698e-02 0.0000e+00 4.5785e+04 0.0000e+00
3.9500e+03 5.2506e-12 7.9756e-01 1.3819e+03 4.5800e+03 5.7000e+03 3.9263e+20 1.7391e+19 1.7391e+19 7.1456e-02 0.0000e+00 4.5925e+04 0.0000e+00
3.9600e+03 5.2304e-12 7.9719e-01 1.3815e+03 4.5788e+03 5.7000e+03 3.9612e+20 1.7495e+19 1.7495e+19 7.1215e-02 0.0000e+00 4.6066e+04 0.0000e+00
3.9700e+03 5.2103e-12 7.9682e-01 1.3812e+03 4.5776e+03 5.7000e+03 3.9965e+20 1.7600e+19 1.7600e+19 7.0975e-02 0.0000e+00 4.6207e+04 0.0000e+00
3.9800e+03 5.1903e-12 7.9644e-01 1.3808e+03 4.5765e+03 5.7000e+03 4.0320e+20 1.7706e+19 1.7706e+19 7.0735e-02 0.0000e+00 4.6349e+04 0.0000e+00
3.9900e+03 5.1704e-12 7.9607e-01 1.3805e+03 4.5753e+03 5.7000e+03 4.0679e+20 1.7812e+19 1.7812e+19 7.0497e-02 0.0000e+00 4.6491e+04 0.0000e+00
4.0000e+03 5.1505e-12 7.9570e-01 1.3801e+03 4.5742e+03 5.7000e+03 4.1041e+20 1.7919e+19 1.7919e+19 7.0259e-02 0.0000e+00 4.6633e+04 0.0000e+00
4.0100e+03 5.1307e-12 7.9532e-01 1.3798e+03 4.5730e+03 5.7000e+03 4.1406e+20 1.8026e+19 1.8026e+19 7.0022e-02 0.0000e+00 4.6776e+04 0.0000e+00
4.0200e+03 5.1110e-12 7.9495e-01 1.3794e+03 4.5719e+03 5.7000e+03 4.1774e+20 1.8134e+19 1.8134e+19 6.9786e-02 0.0000e+00 4.6919e+04 0.0000e+00
4.0300e+03 5.0914e-12 7.9457e-01 1.3791e+03 4.5707e+03 5.7000e+03 4.2146e+20 1.8243e+19 1.8243e+19 6.9551e-02 0.0000e+00 4.7063e+04 0.0000e+00
4.0400e+03 5.0719e-12 7.9420e-01 1.3787e+03 4.5696e+03 5.7000e+03 4.2521e+20 1.8351e+19 1.8351e+19 6.9316e-02 0.0000e+00 4.7207e+04 0.0000e+00
4.0500e+03 5.0524e-12 7.9382e-01 1.3784e+03 4.5684e+03 5.7000e+03 4.2900e+20 1.8461e+19 1.8461e+19 6.9083e-02 0.0000e+00 4.7352e+04 0.0000e+00
4.0600e+03 5.0330e-12 7.9345e-01 1.3781e+03 4.5673e+03 5.7000e+03 4.3282e+20 1.8571e+19 1.8571e+19 6.8850e-02 0.0000e+00 4.7497e+04 0.0000e+00
4.0700e+03 5.0137e-12 7.9308e-01 1.3777e+03 4.5661e+03 5.7000e+03 4.3667e+20 1.8681e+19 1.8681e+19 6.8618e-02 0.0000e+00 4.7642e+04 0.0000e+00
4.0800e+03 4.9944e-12 7.9270e-01 1.3774e+03 4.5650e+03 5.7000e+03 4.4056e+20 1.8792e+19 1.8792e+19 6.8387e-02 0.0000e+00 4.7788e+04 0.0000e+00
4.0900e+03 4.9752e-12 7.9233e-01 1.3770e+03 4.5639e+03 5.7000e+03 4.4448e+20 1.8904e+19 1.8904e+19 6.8156e-02 0.0000e+00 4.7935e+04 0.0000e+00
4.1000e+03 4.9561e-12 7.9195e-01 1.3767e+03 4.5627e+03 5.7000e+03 4.4844e+20 1.9016e+19 1.9016e+19 6.7927e-02 0.0000e+00 4.8082e+04 0.0000e+00
4.1100e+03 4.9371e-12 7.9158e-01 1.3763e+03 4.5616e+03 5.7000e+03 4.5243e+20 1.9129e+19 1.9129e+19 6.7698e-02 0.0000e+00 4.8229e+04 0.0000e+00
4.1200e+03 4.9181e-12 7.9120e-01 1.3760e+03 4.5605e+03 5.7000e+03 4.5646e+20 1.9242e+19 1.9242e+19 6.7470e-02 0.0000e+00 4.8377e+04 0.0000e+00
4.1300e+03 4.8992e-12 7.9083e-01 1.3757e+03 4.5593e+03 5.7000e+03 4.6052e+20 1.9356e+19 1.9356e+19 6.7243e-02 0.0000e+00 4.8525e+04 0.0000e+00
4.1400e+03 4.8804e-12 7.9045e-01 1.3753e+03 4.5582e+03 5.7000e+03 4.6462e+20 1.9470e+19 1.9470e+19 6.7016e-02 0.0000e+00 4.8674e+04 0.0000e+00
4.1500e+03 4.8617e-12 7.9008e-01 1.3750e+03 4.5571e+03 5.7000e+03 4.6876e+20 1.9585e+19 1.9585e+19 6.6791e-02 0.0000e+00 4.8823e+04 0.0000e+00
4.1600e+03 4.8430e-12 7.8970e-01 1.3746e+03 4.5560e+03 5.7000e+03 4.7293e+20 1.9700e+19 1.9700e+19 6.6566e-02 0.0000e+00 4.8973e+04 0.0000e+00
4.1700e+03 4.8244e-12 7.8933e-01 1.3743e+03 4.5548e+03 5.7000e+03 4.7715e+20 1.9816e+19 1.9816e+19 6.6342e-02 0.0000e+00 4.9123e+04 0.0000e+00
4.1800e+03 4.8059e-12 7.8895e-01 1.3740e+03 4.5537e+03 5.7000e+03 4.8140e+20 1.9932e+19 1.9932e+19 6.6118e-02 0.0000e+00 4.9273e+04 0.0000e+00
4.1900e+03 4.7874e-12 7.8857e-01 1.3736e+03 4.5526e+03 5.7000e+03 4.8569e+20 2.0050e+19 2.0050e+19 6.5896e-02 0.0000e+00 4.9424e+04 0.0000e+00
4.2000e+03 4.7691e-12 7.8820e-01 1.3733e+03 4.5515e+03 5.7000e+03 4.9001e+20 2.0167e+19 2.0167e+19 6.5674e-02 0.0000e+00 4.9576e+04 0.0000e+00
4.2100e+03 4.7507e-12 7.8782e-01 1.3729e+03 4.5504e+03 5.7000e+03 4.9438e+20 2.0285e+19 2.0285e+19 6.5453e-02 0.0000e+00 4.9728e+04 0.0000e+00
4.2200e+03 4.7325e-12 7.8745e-01 1.3726e+03 4.5492e+03 5.7000e+03 4.9878e+20 2.0404e+19 2.0404e+19 6.5233e-02 0.0000e+00 4.9880e+04 0.0000e+00
4.2300e+03 4.7143e-12 7.8707e-01 1.3723e+03 4.5481e+03 5.7000e+03 5.0323e+20 2.0523e+19 2.0523e+19 6.5013e-02 0.0000e+00 5.0033e+04 0.0000e+00
4.2400e+03 4.6962e-12 7.8670e-01 1.3719e+03 4.5470e+03 5.7000e+03 5.0771e+20 2.0643e+19 2.0643e+19 6.4795e-02 0.0000e+00 5.0186e+04 0.0000e+00
4.2500e+03 4.6782e-12 7.8632e-01 1.3716e+03 4.5459e+03 5.7000e+03 5.1224e+20 2.0764e+19 2.0764e+19 6.4577e-02 0.0000e+00 5.0340e+04 0.0000e+00
4.2600e+03 4.6602e-12 7.8594e-01 1.3713e+03 4.5448e+03 5.7000e+03 5.1681e+20 2.0885e+19 2.0885e+19 6.4360e-02 0.0000e+00 5.0494e+04 0.0000e+00
4.2700e+03 4.6423e-12 7.8557e-01 1.3709e+03 4.5437e+03 5.7000e+03 5.2141e+20 2.1006e+19 2.1006e+19 6.4143e-02 0.0000e+00 5.0649e+04 0.0000e+00
4.2800e+03 4.6245e-12 7.8519e-01 1.3706e+03 4.5426e+03 5.7000e+03 5.2606e+20 2.1128e+19 2.1128e+19 6.3927e-02 0.0000e+00 5.0805e+04 0.0000e+00
4.2900e+03 4.6068e-12 7.8482e-01 1.3703e+03 4.5415e+03 5.7000e+03 5.3075e+20 2.1251e+19 2.1251e+19 6.3712e-02 0.0000e+00 5.0960e+04 0.0000e+00
4.3000e+03 4.5891e-12 7.8444e-01 1.3699e+03 4.5404e+03 5.7000e+03 5.3548e+20 2.1374e+19 2.1374e+19 6.3498e-02 0.0000e+00 5.1117e+04 0.0000e+00
4.3100e+03 4.5714e-12 7.8406e-01 1.3696e+03 4.5393e+03 5.7000e+03 5.4026e+20 2.1498e+19 2.1498e+19 6.3285e-02 0.0000e+00 5.1273e+04 0.0000e+00
4.3200e+03 4.5539e-12 7.8369e-01 1.3693e+03 4.5382e+03 5.7000e+03 5.4508e+20 2.1622e+19 2.1622e+19 6.3072e-02 0.0000e+00 5.1430e+04 0.0000e+00
4.3300e+03 4.5364e-12 7.8331e-01 1.3689e+03 4.5371e+03 5.7000e+03 5.4994e+20 2.1747e+19 2.1747e+19 6.2860e-02 0.0000e+00 5.1588e+04 0.0000e+00
4.3400e+03 4.5190e-12 7.8294e-01 1.3686e+03 4.5360e+03 5.7000e+03 5.5485e+20 2.1873e+19 2.1873e+19 6.2649e-02 0.0000e+00 5.1746e+04 0.0000e+00
4.3500e+03 4.5016e-12 7.8256e-01 1.3683e+03 4.5349e+03 5.7000e+03 5.5980e+20 2.1999e+19 2.1999e+19 6.2438e-02 0.0000e+00 5.1905e+04 0.0000e+00
4.3600e+03 4.4843e-12 7.8218e-01 1.3680e+03 4.5338e+03 5.7000e+03 5.6479e+20 2.2126e+19 2.2126e+19 6.2228e-02 0.0000e+00 5.2064e+04 0.0000e+00
4.3700e+03 4.4671e-12 7.8181e-01 1.3676e+03 4.5327e+03 5.7000e+03 5.6983e+20 2.2253e+19 2.2253e+19 6.2019e-02 0.0000e+00 5.2224e+04 0.0000e+00
4.3800e+03 4.4500e-12 7.8143e-01 1.3673e+03 4.5317e+03 5.7000e+03 5.7492e+20 2.2381e+19 2.2381e+19 6.1811e-02 0.0000e+00 5.2384e+04 0.0000e+00
4.3900e+03 4.4329e-12 7.8106e-01 1.3670e+03 4.5306e+03 5.7000e+03 5.8005e+20 2.2510e+19 2.2510e+19 6.1603e-02 0.0000e+00 5.2545e+04 0.0000e+00
4.4000e+03 4.4159e-12 7.8068e-01 1.3666e+03 4.5295e+03 5.7000e+03 5.8523e+20 2.2639e+19 2.2639e+19 6.1396e-02 0.0000e+00 5.2706e+04 0.0000e+00
4.4100e+03 4.3989e-12 7.8030e-01 1.3663e+03 4.5284e+03 5.7000e+03 5.9045e+20 2.2768e+19 2.2768e+19 6.1190e-02 0.0000e+00 5.2868e+04 0.0000e+00
4.4200e+03 4.3820e-12 7.7993e-01 1.3660e+03 4.5273e+03 5.7000e+03 5.9572e+20 2.2898e+19 2.2898e+19 6.0984e-02 0.0000e+00 5.3030e+04 0.0000e+00
4.4300e+03 4.3652e-12 7.7955e-01 1.3657e+03 4.5262e+03 5.7000e+03 6.0104e+20 2.3029e+19 2.3029e+19 6.0779e-02 0.0000e+00 5.3193e+04 0.0000e+00
4.4400e+03 4.3484e-12 7.7918e-01 1.3653e+03 4.5252e+03 5.7000e+03 6.0641e+20 2.3161e+19 2.3161e+19 6.0575e-02 0.0000e+00 5.3356e+04 0.0000e+00
4.4500e+03 4.3317e-12 7.7880e-01 1.3650e+03 4.5241e+03 5.7000e+03 6.1183e+20 2.3293e+19 2.3293e+19 6.0371e-02 0.0000e+00 5.3520e+04 0.0000e+00
4.4600e+03 4.3151e-12 7.7842e-01 1.3647e+03 4.5230e+03 5.7000e+03 6.1729e+20 2.3425e+19 2.3425e+19 6.0169e-02 0.0000e+00 5.3684e+04 0.0000e+00
4.4700e+03 4.2985e-12 7.7805e-01 1.3644e+03 4.5220e+03 5.7000e+03 6.2281e+20 2.3559e+19 2.3559e+19 5.9966e-02 0.0000e+00 5.3849e+04 0.0000e+00
4.4800e+03 4.2820e-12 7.7767e-01 1.3641e+03 4.5209e+03 5.7000e+03 6.2837e+20 2.3692e+19 2.3692e+19 5.9765e-02 0.0000e+00 5.4014e+04 0.0000e+00
4.4900e+03 4.2656e-12 7.7730e-01 1.3637e+03 4.5198e+03 5.7000e+03 6.3399e+20 2.3827e+19 2.3827e+19 5.9564e-02 0.0000e+00 5.4180e+04 0.0000e+00
4.5000e+03 4.2492e-12 7.7692e-01 1.3634e+03 4.5188e+03 5.7000e+03 6.3965e+20 2.3962e+19 2.3962e+19 5.9364e-02 0.0000e+00 5.4346e+04 0.0000e+00
4.5100e+03 4.2329e-12 7.7655e-01 1.3631e+03 4.5177e+03 5.7000e+03 6.4537e+20 2.4097e+19 2.4097e+19 5.9165e-02 0.0000e+00 5.4513e+04 0.0000e+00
4.5200e+03 4.2166e-12 7.7617e-01 1.3628e+03 4.5166e+03 5.7000e+03 6.5114e+20 2.4233e+19 2.4233e+19 5.8966e-02 0.0000e+00 5.4681e+04 0.0000e+00
4.5300e+03 4.2004e-12 7.7580e-01 1.3624e+03 4.5156e+03 5.7000e+03 6.5696e+20 2.4370e+19 2.4370e+19 5.8768e-02 0.0000e+00 5.4848e+04 0.0000e+00
4.5400e+03 4.1843e-12 7.7542e-01 1.3621e+03 4.5145e+03 5.7000e+03 6.6284e+20 2.4508e+19 2.4508e+19 5.8571e-02 0.0000e+00 5.5017e+04 0.0000e+00
4.5500e+03 0.0000e+00 0.0000e+00 1.3618e+03 0.0000e+00 5.7000e+03 0.0000e+00 0.0000e+00 0.0000e+00 0.0000e+00 0.0000e+00 0.0000e+00 0.0000e+00
