0.0000e+00 4.8000e-11 9.9234e-01 1.7000e+03 5.6343e+03 5.7000e+03 2.7481e+18 2.0738e+17 2.0738e+17 5.2502e-01 0.0000e+00 8.0682e+03 0.0000e+00
1.0000e+01 4.7816e-11 8.3662e-01 1.6999e+03 5.6340e+03 5.7000e+03 1.6654e+18 2.0761e+17 2.0761e+17 6.2035e-01 0.0000e+00 6.8279e+03 0.0000e+00
2.0000e+01 4.7632e-11 8.3980e-01 1.6974e+03 5.6259e+03 5.7000e+03 1.6922e+18 2.1346e+17 2.1346e+17 6.1563e-01 0.0000e+00 6.8683e+03 0.0000e+00
3.0000e+01 4.7449e-11 8.4705e-01 1.6951e+03 5.6180e+03 5.7000e+03 1.7447e+18 2.1934e+17 2.1934e+17 6.0802e-01 0.0000e+00 6.9425e+03 0.0000e+00
4.0000e+01 4.7267e-11 8.5390e-01 1.6928e+03 5.6105e+03 5.7000e+03 1.7966e+18 2.2504e+17 2.2504e+17 6.0082e-01 0.0000e+00 7.0144e+03 0.0000e+00
5.0000e+01 4.7085e-11 8.6027e-01 1.6907e+03 5.6034e+03 5.7000e+03 1.8472e+18 2.3057e+17 2.3057e+17 5.9409e-01 0.0000e+00 7.0832e+03 0.0000e+00
6.0000e+01 4.6905e-11 8.6617e-01 1.6887e+03 5.5968e+03 5.7000e+03 1.8965e+18 2.3594e+17 2.3594e+17 5.8777e-01 0.0000e+00 7.1491e+03 0.0000e+00
7.0000e+01 4.6725e-11 8.7165e-01 1.6868e+03 5.5905e+03 5.7000e+03 1.9445e+18 2.4116e+17 2.4116e+17 5.8183e-01 0.0000e+00 7.2122e+03 0.0000e+00
8.0000e+01 4.6545e-11 8.7673e-01 1.6850e+03 5.5845e+03 5.7000e+03 1.9914e+18 2.4623e+17 2.4623e+17 5.7624e-01 0.0000e+00 7.2728e+03 0.0000e+00
9.0000e+01 4.6366e-11 8.8145e-01 1.6832e+03 5.5788e+03 5.7000e+03 2.0371e+18 2.5116e+17 2.5116e+17 5.7096e-01 0.0000e+00 7.3311e+03 0.0000e+00
1.0000e+02 4.6188e-11 8.8582e-01 1.6816e+03 5.5734e+03 5.7000e+03 2.0817e+18 2.5596e+17 2.5596e+17 5.6596e-01 0.0000e+00 7.3871e+03 0.0000e+00
1.1000e+02 4.6011e-11 8.8987e-01 1.6800e+03 5.5682e+03 5.7000e+03 2.1254e+18 2.6064e+17 2.6064e+17 5.6122e-01 0.0000e+00 7.4412e+03 0.0000e+00
1.2000e+02 4.5834e-11 8.9363e-01 1.6785e+03 5.5632e+03 5.7000e+03 2.1681e+18 2.6521e+17 2.6521e+17 5.5671e-01 0.0000e+00 7.4933e+03 0.0000e+00
1.3000e+02 4.5658e-11 8.9711e-01 1.6771e+03 5.5585e+03 5.7000e+03 2.2098e+18 2.6966e+17 2.6966e+17 5.5242e-01 0.0000e+00 7.5438e+03 0.0000e+00
1.4000e+02 4.5483e-11 9.0034e-01 1.6757e+03 5.5539e+03 5.7000e+03 2.2508e+18 2.7401e+17 2.7401e+17 5.4833e-01 0.0000e+00 7.5926e+03 0.0000e+00
1.5000e+02 4.5308e-11 9.0333e-01 1.6744e+03 5.5495e+03 5.7000e+03 2.2909e+18 2.7827e+17 2.7827e+17 5.4441e-01 0.0000e+00 7.6399e+03 0.0000e+00
1.6000e+02 4.5134e-11 9.0611e-01 1.6731e+03 5.5453e+03 5.7000e+03 2.3303e+18 2.8244e+17 2.8244e+17 5.4066e-01 0.0000e+00 7.6858e+03 0.0000e+00
1.7000e+02 4.4961e-11 9.0867e-01 1.6719e+03 5.5412e+03 5.7000e+03 2.3691e+18 2.8653e+17 2.8653e+17 5.3706e-01 0.0000e+00 7.7304e+03 0.0000e+00
1.8000e+02 4.4788e-11 9.1105e-01 1.6707e+03 5.5373e+03 5.7000e+03 2.4071e+18 2.9054e+17 2.9054e+17 5.3360e-01 0.0000e+00 7.7738e+03 0.0000e+00
1.9000e+02 4.4616e-11 9.1325e-01 1.6696e+03 5.5335e+03 5.7000e+03 2.4446e+18 2.9448e+17 2.9448e+17 5.3027e-01 0.0000e+00 7.8162e+03 0.0000e+00
2.0000e+02 4.4445e-11 9.1529e-01 1.6685e+03 5.5298e+03 5.7000e+03 2.4816e+18 2.9836e+17 2.9836e+17 5.2706e-01 0.0000e+00 7.8575e+03 0.0000e+00
2.1000e+02 4.4274e-11 9.1718e-01 1.6674e+03 5.5262e+03 5.7000e+03 2.5181e+18 3.0218e+17 3.0218e+17 5.2396e-01 0.0000e+00 7.8978e+03 0.0000e+00
2.2000e+02 4.4104e-11 9.1892e-01 1.6663e+03 5.5227e+03 5.7000e+03 2.5541e+18 3.0594e+17 3.0594e+17 5.2095e-01 0.0000e+00 7.9373e+03 0.0000e+00
2.3000e+02 4.3935e-11 9.2054e-01 1.6653e+03 5.5193e+03 5.7000e+03 2.5897e+18 3.0965e+17 3.0965e+17 5.1804e-01 0.0000e+00 7.9760e+03 0.0000e+00
2.4000e+02 4.3766e-11 9.2203e-01 1.6643e+03 5.5160e+03 5.7000e+03 2.6249e+18 3.1331e+17 3.1331e+17 5.1522e-01 0.0000e+00 8.0139e+03 0.0000e+00
2.5000e+02 4.3598e-11 9.2341e-01 1.6633e+03 5.5128e+03 5.7000e+03 2.6598e+18 3.1693e+17 3.1693e+17 5.1247e-01 0.0000e+00 8.0511e+03 0.0000e+00
2.6000e+02 4.3431e-11 9.2468e-01 1.6624e+03 5.5096e+03 5.7000e+03 2.6943e+18 3.2051e+17 3.2051e+17 5.0980e-01 0.0000e+00 8.0877e+03 0.0000e+00
2.7000e+02 4.3264e-11 9.2586e-01 1.6615e+03 5.5066e+03 5.7000e+03 2.7286e+18 3.2406e+17 3.2406e+17 5.0720e-01 0.0000e+00 8.1237e+03 0.0000e+00
2.8000e+02 4.3098e-11 9.2695e-01 1.6605e+03 5.5035e+03 5.7000e+03 2.7627e+18 3.2758e+17 3.2758e+17 5.0466e-01 0.0000e+00 8.1592e+03 0.0000e+00
2.9000e+02 4.2932e-11 9.2795e-01 1.6596e+03 5.5006e+03 5.7000e+03 2.7965e+18 3.3107e+17 3.3107e+17 5.0218e-01 0.0000e+00 8.1942e+03 0.0000e+00
3.0000e+02 4.2768e-11 9.2887e-01 1.6588e+03 5.4977e+03 5.7000e+03 2.8302e+18 3.3453e+17 3.3453e+17 4.9976e-01 0.0000e+00 8.2286e+03 0.0000e+00
3.1000e+02 4.2603e-11 9.2972e-01 1.6579e+03 5.4948e+03 5.7000e+03 2.8637e+18 3.3797e+17 3.3797e+17 4.9738e-01 0.0000e+00 8.2627e+03 0.0000e+00
3.2000e+02 4.2440e-11 9.3050e-01 1.6571e+03 5.4920e+03 5.7000e+03 2.8970e+18 3.4140e+17 3.4140e+17 4.9506e-01 0.0000e+00 8.2964e+03 0.0000e+00
3.3000e+02 4.2277e-11 9.3121e-01 1.6562e+03 5.4893e+03 5.7000e+03 2.9303e+18 3.4480e+17 3.4480e+17 4.9278e-01 0.0000e+00 8.3297e+03 0.0000e+00
3.4000e+02 4.2114e-11 9.3187e-01 1.6554e+03 5.4865e+03 5.7000e+03 2.9635e+18 3.4819e+17 3.4819e+17 4.9054e-01 0.0000e+00 8.3627e+03 0.0000e+00
3.5000e+02 4.1953e-11 9.3247e-01 1.6546e+03 5.4839e+03 5.7000e+03 2.9966e+18 3.5158e+17 3.5158e+17 4.8834e-01 0.0000e+00 8.3954e+03 0.0000e+00
3.6000e+02 4.1792e-11 9.3303e-01 1.6538e+03 5.4812e+03 5.7000e+03 3.0297e+18 3.5495e+17 3.5495e+17 4.8617e-01 0.0000e+00 8.4279e+03 0.0000e+00
3.7000e+02 4.1631e-11 9.3353e-01 1.6530e+03 5.4786e+03 5.7000e+03 3.0628e+18 3.5831e+17 3.5831e+17 4.8405e-01 0.0000e+00 8.4600e+03 0.0000e+00
3.8000e+02 4.1471e-11 9.3399e-01 1.6522e+03 5.4760e+03 5.7000e+03 3.0958e+18 3.6167e+17 3.6167e+17 4.8195e-01 0.0000e+00 8.4920e+03 0.0000e+00
3.9000e+02 4.1312e-11 9.3441e-01 1.6515e+03 5.4735e+03 5.7000e+03 3.1289e+18 3.6502e+17 3.6502e+17 4.7988e-01 0.0000e+00 8.5237e+03 0.0000e+00
4.0000e+02 4.1153e-11 9.3479e-01 1.6507e+03 5.4709e+03 5.7000e+03 3.1620e+18 3.6838e+17 3.6838e+17 4.7785e-01 0.0000e+00 8.5553e+03 0.0000e+00
4.1000e+02 4.0995e-11 9.3513e-01 1.6499e+03 5.4684e+03 5.7000e+03 3.1952e+18 3.7173e+17 3.7173e+17 4.7584e-01 0.0000e+00 8.5867e+03 0.0000e+00
4.2000e+02 4.0838e-11 9.3544e-01 1.6492e+03 5.4660e+03 5.7000e+03 3.2284e+18 3.7508e+17 3.7508e+17 4.7385e-01 0.0000e+00 8.6179e+03 0.0000e+00
4.3000e+02 4.0681e-11 9.3572e-01 1.6485e+03 5.4635e+03 5.7000e+03 3.2617e+18 3.7844e+17 3.7844e+17 4.7189e-01 0.0000e+00 8.6490e+03 0.0000e+00
4.4000e+02 4.0525e-11 9.3598e-01 1.6477e+03 5.4611e+03 5.7000e+03 3.2951e+18 3.8180e+17 3.8180e+17 4.6995e-01 0.0000e+00 8.6800e+03 0.0000e+00
4.5000e+02 4.0369e-11 9.3620e-01 1.6470e+03 5.4587e+03 5.7000e+03 3.3286e+18 3.8517e+17 3.8517e+17 4.6804e-01 0.0000e+00 8.7109e+03 0.0000e+00
4.6000e+02 4.0214e-11 9.3640e-01 1.6463e+03 5.4563e+03 5.7000e+03 3.3622e+18 3.8854e+17 3.8854e+17 4.6614e-01 0.0000e+00 8.7416e+03 0.0000e+00
4.7000e+02 4.0060e-11 9.3657e-01 1.6456e+03 5.4539e+03 5.7000e+03 3.3960e+18 3.9192e+17 3.9192e+17 4.6426e-01 0.0000e+00 8.7723e+03 0.0000e+00
4.8000e+02 3.9906e-11 9.3673e-01 1.6448e+03 5.4515e+03 5.7000e+03 3.4299e+18 3.9531e+17 3.9531e+17 4.6240e-01 0.0000e+00 8.8030e+03 0.0000e+00
4.9000e+02 3.9753e-11 9.3686e-01 1.6441e+03 5.4492e+03 5.7000e+03 3.4639e+18 3.9872e+17 3.9872e+17 4.6056e-01 0.0000e+00 8.8335e+03 0.0000e+00
5.0000e+02 3.9600e-11 9.3697e-01 1.6434e+03 5.4468e+03 5.7000e+03 3.4981e+18 4.0213e+17 4.0213e+17 4.5874e-01 0.0000e+00 8.8641e+03 0.0000e+00
5.1000e+02 3.9448e-11 9.3707e-01 1.6427e+03 5.4445e+03 5.7000e+03 3.5325e+18 4.0555e+17 4.0555e+17 4.5693e-01 0.0000e+00 8.8945e+03 0.0000e+00
5.2000e+02 3.9297e-11 9.3715e-01 1.6420e+03 5.4422e+03 5.7000e+03 3.5671e+18 4.0899e+17 4.0899e+17 4.5514e-01 0.0000e+00 8.9250e+03 0.0000e+00
5.3000e+02 3.9146e-11 9.3721e-01 1.6413e+03 5.4399e+03 5.7000e+03 3.6018e+18 4.1244e+17 4.1244e+17 4.5336e-01 0.0000e+00 8.9554e+03 0.0000e+00
5.4000e+02 3.8995e-11 9.3726e-01 1.6407e+03 5.4376e+03 5.7000e+03 3.6368e+18 4.1591e+17 4.1591e+17 4.5160e-01 0.0000e+00 8.9858e+03 0.0000e+00
5.5000e+02 3.8846e-11 9.3729e-01 1.6400e+03 5.4354e+03 5.7000e+03 3.6720e+18 4.1939e+17 4.1939e+17 4.4985e-01 0.0000e+00 9.0162e+03 0.0000e+00
5.6000e+02 3.8696e-11 9.3731e-01 1.6393e+03 5.4331e+03 5.7000e+03 3.7074e+18 4.2289e+17 4.2289e+17 4.4811e-01 0.0000e+00 9.0466e+03 0.0000e+00
5.7000e+02 3.8548e-11 9.3732e-01 1.6386e+03 5.4308e+03 5.7000e+03 3.7430e+18 4.2641e+17 4.2641e+17 4.4638e-01 0.0000e+00 9.0770e+03 0.0000e+00
5.8000e+02 3.8400e-11 9.3732e-01 1.6379e+03 5.4286e+03 5.7000e+03 3.7788e+18 4.2994e+17 4.2994e+17 4.4467e-01 0.0000e+00 9.1074e+03 0.0000e+00
5.9000e+02 3.8252e-11 9.3731e-01 1.6373e+03 5.4264e+03 5.7000e+03 3.8149e+18 4.3350e+17 4.3350e+17 4.4297e-01 0.0000e+00 9.1378e+03 0.0000e+00
6.0000e+02 3.8105e-11 9.3729e-01 1.6366e+03 5.4241e+03 5.7000e+03 3.8512e+18 4.3707e+17 4.3707e+17 4.4128e-01 0.0000e+00 9.1683e+03 0.0000e+00
6.1000e+02 3.7959e-11 9.3726e-01 1.6359e+03 5.4219e+03 5.7000e+03 3.8878e+18 4.4066e+17 4.4066e+17 4.3960e-01 0.0000e+00 9.1987e+03 0.0000e+00
6.2000e+02 3.7813e-11 9.3722e-01 1.6352e+03 5.4197e+03 5.7000e+03 3.9247e+18 4.4427e+17 4.4427e+17 4.3793e-01 0.0000e+00 9.2292e+03 0.0000e+00
6.3000e+02 3.7668e-11 9.3717e-01 1.6346e+03 5.4175e+03 5.7000e+03 3.9618e+18 4.4791e+17 4.4791e+17 4.3627e-01 0.0000e+00 9.2597e+03 0.0000e+00
6.4000e+02 3.7524e-11 9.3711e-01 1.6339e+03 5.4153e+03 5.7000e+03 3.9992e+18 4.5156e+17 4.5156e+17 4.3462e-01 0.0000e+00 9.2903e+03 0.0000e+00
6.5000e+02 3.7379e-11 9.3705e-01 1.6333e+03 5.4131e+03 5.7000e+03 4.0368e+18 4.5524e+17 4.5524e+17 4.3298e-01 0.0000e+00 9.3209e+03 0.0000e+00
6.6000e+02 3.7236e-11 9.3698e-01 1.6326e+03 5.4109e+03 5.7000e+03 4.0748e+18 4.5894e+17 4.5894e+17 4.3135e-01 0.0000e+00 9.3516e+03 0.0000e+00
6.7000e+02 3.7093e-11 9.3691e-01 1.6319e+03 5.4087e+03 5.7000e+03 4.1130e+18 4.6266e+17 4.6266e+17 4.2973e-01 0.0000e+00 9.3823e+03 0.0000e+00
6.8000e+02 3.6950e-11 9.3683e-01 1.6313e+03 5.4066e+03 5.7000e+03 4.1516e+18 4.6641e+17 4.6641e+17 4.2811e-01 0.0000e+00 9.4130e+03 0.0000e+00
6.9000e+02 3.6809e-11 9.3674e-01 1.6306e+03 5.4044e+03 5.7000e+03 4.1904e+18 4.7018e+17 4.7018e+17 4.2651e-01 0.0000e+00 9.4438e+03 0.0000e+00
7.0000e+02 3.6667e-11 9.3665e-01 1.6300e+03 5.4022e+03 5.7000e+03 4.2296e+18 4.7398e+17 4.7398e+17 4.2491e-01 0.0000e+00 9.4747e+03 0.0000e+00
7.1000e+02 3.6526e-11 9.3655e-01 1.6293e+03 5.4001e+03 5.7000e+03 4.2690e+18 4.7780e+17 4.7780e+17 4.2332e-01 0.0000e+00 9.5056e+03 0.0000e+00
7.2000e+02 3.6386e-11 9.3645e-01 1.6287e+03 5.3979e+03 5.7000e+03 4.3088e+18 4.8164e+17 4.8164e+17 4.2174e-01 0.0000e+00 9.5366e+03 0.0000e+00
7.3000e+02 3.6246e-11 9.3634e-01 1.6280e+03 5.3958e+03 5.7000e+03 4.3489e+18 4.8551e+17 4.8551e+17 4.2017e-01 0.0000e+00 9.5676e+03 0.0000e+00
7.4000e+02 3.6107e-11 9.3623e-01 1.6274e+03 5.3936e+03 5.7000e+03 4.3894e+18 4.8941e+17 4.8941e+17 4.1861e-01 0.0000e+00 9.5987e+03 0.0000e+00
7.5000e+02 3.5969e-11 9.3612e-01 1.6267e+03 5.3915e+03 5.7000e+03 4.4301e+18 4.9333e+17 4.9333e+17 4.1705e-01 0.0000e+00 9.6299e+03 0.0000e+00
7.6000e+02 3.5830e-11 9.3600e-01 1.6261e+03 5.3893e+03 5.7000e+03 4.4713e+18 4.9728e+17 4.9728e+17 4.1550e-01 0.0000e+00 9.6611e+03 0.0000e+00
7.7000e+02 3.5693e-11 9.3588e-01 1.6254e+03 5.3872e+03 5.7000e+03 4.5127e+18 5.0126e+17 5.0126e+17 4.1396e-01 0.0000e+00 9.6925e+03 0.0000e+00
7.8000e+02 3.5556e-11 9.3575e-01 1.6248e+03 5.3851e+03 5.7000e+03 4.5545e+18 5.0527e+17 5.0527e+17 4.1243e-01 0.0000e+00 9.7239e+03 0.0000e+00
7.9000e+02 3.5419e-11 9.3563e-01 1.6242e+03 5.3829e+03 5.7000e+03 4.5967e+18 5.0930e+17 5.0930e+17 4.1090e-01 0.0000e+00 9.7553e+03 0.0000e+00
8.0000e+02 3.5283e-11 9.3550e-01 1.6235e+03 5.3808e+03 5.7000e+03 4.6392e+18 5.1336e+17 5.1336e+17 4.0938e-01 0.0000e+00 9.7869e+03 0.0000e+00
8.1000e+02 3.5148e-11 9.3536e-01 1.6229e+03 5.3787e+03 5.7000e+03 4.6821e+18 5.1745e+17 5.1745e+17 4.0786e-01 0.0000e+00 9.8185e+03 0.0000e+00
8.2000e+02 3.5013e-11 9.3523e-01 1.6222e+03 5.3766e+03 5.7000e+03 4.7253e+18 5.2157e+17 5.2157e+17 4.0636e-01 0.0000e+00 9.8502e+03 0.0000e+00
8.3000e+02 3.4878e-11 9.3509e-01 1.6216e+03 5.3745e+03 5.7000e+03 4.7689e+18 5.2572e+17 5.2572e+17 4.0486e-01 0.0000e+00 9.8820e+03 0.0000e+00
8.4000e+02 3.4744e-11 9.3495e-01 1.6210e+03 5.3724e+03 5.7000e+03 4.8129e+18 5.2990e+17 5.2990e+17 4.0336e-01 0.0000e+00 9.9139e+03 0.0000e+00
8.5000e+02 3.4611e-11 9.3481e-01 1.6203e+03 5.3703e+03 5.7000e+03 4.8573e+18 5.3411e+17 5.3411e+17 4.0187e-01 0.0000e+00 9.9458e+03 0.0000e+00
8.6000e+02 3.4478e-11 9.3466e-01 1.6197e+03 5.3682e+03 5.7000e+03 4.9020e+18 5.3835e+17 5.3835e+17 4.0039e-01 0.0000e+00 9.9779e+03 0.0000e+00
8.7000e+02 3.4346e-11 9.3451e-01 1.6191e+03 5.3661e+03 5.7000e+03 4.9472e+18 5.4262e+17 5.4262e+17 3.9892e-01 0.0000e+00 1.0010e+04 0.0000e+00
8.8000e+02 3.4214e-11 9.3436e-01 1.6184e+03 5.3640e+03 5.7000e+03 4.9927e+18 5.4692e+17 5.4692e+17 3.9745e-01 0.0000e+00 1.0042e+04 0.0000e+00
8.9000e+02 3.4082e-11 9.3421e-01 1.6178e+03 5.3619e+03 5.7000e+03 5.0386e+18 5.5125e+17 5.5125e+17 3.9599e-01 0.0000e+00 1.0074e+04 0.0000e+00
9.0000e+02 3.3952e-11 9.3406e-01 1.6172e+03 5.3598e+03 5.7000e+03 5.0850e+18 5.5561e+17 5.5561e+17 3.9453e-01 0.0000e+00 1.0107e+04 0.0000e+00
9.1000e+02 3.3821e-11 9.3391e-01 1.6165e+03 5.3577e+03 5.7000e+03 5.1317e+18 5.6001e+17 5.6001e+17 3.9308e-01 0.0000e+00 1.0139e+04 0.0000e+00
9.2000e+02 3.3691e-11 9.3375e-01 1.6159e+03 5.3556e+03 5.7000e+03 5.1789e+18 5.6444e+17 5.6444e+17 3.9164e-01 0.0000e+00 1.0172e+04 0.0000e+00
9.3000e+02 3.3562e-11 9.3359e-01 1.6153e+03 5.3535e+03 5.7000e+03 5.2265e+18 5.6890e+17 5.6890e+17 3.9020e-01 0.0000e+00 1.0205e+04 0.0000e+00
9.4000e+02 3.3433e-11 9.3343e-01 1.6146e+03 5.3514e+03 5.7000e+03 5.2745e+18 5.7339e+17 5.7339e+17 3.8877e-01 0.0000e+00 1.0237e+04 0.0000e+00
9.5000e+02 3.3305e-11 9.3327e-01 1.6140e+03 5.3494e+03 5.7000e+03 5.3229e+18 5.7792e+17 5.7792e+17 3.8734e-01 0.0000e+00 1.0270e+04 0.0000e+00
9.6000e+02 3.3177e-11 9.3311e-01 1.6134e+03 5.3473e+03 5.7000e+03 5.3717e+18 5.8248e+17 5.8248e+17 3.8592e-01 0.0000e+00 1.0303e+04 0.0000e+00
9.7000e+02 3.3049e-11 9.3295e-01 1.6128e+03 5.3452e+03 5.7000e+03 5.4210e+18 5.8707e+17 5.8707e+17 3.8451e-01 0.0000e+00 1.0336e+04 0.0000e+00
9.8000e+02 3.2923e-11 9.3279e-01 1.6121e+03 5.3431e+03 5.7000e+03 5.4707e+18 5.9170e+17 5.9170e+17 3.8310e-01 0.0000e+00 1.0369e+04 0.0000e+00
9.9000e+02 3.2796e-11 9.3262e-01 1.6115e+03 5.3411e+03 5.7000e+03 5.5209e+18 5.9636e+17 5.9636e+17 3.8169e-01 0.0000e+00 1.0403e+04 0.0000e+00
1.0000e+03 3.2670e-11 9.3246e-01 1.6109e+03 5.3390e+03 5.7000e+03 5.5715e+18 6.0106e+17 6.0106e+17 3.8029e-01 0.0000e+00 1.0436e+04 0.0000e+00
1.0100e+03 3.2545e-11 9.3229e-01 1.6103e+03 5.3370e+03 5.7000e+03 5.6226e+18 6.0579e+17 6.0579e+17 3.7890e-01 0.0000e+00 1.0469e+04 0.0000e+00
1.0200e+03 3.2420e-11 9.3212e-01 1.6097e+03 5.3349e+03 5.7000e+03 5.6741e+18 6.1056e+17 6.1056e+17 3.7752e-01 0.0000e+00 1.0503e+04 0.0000e+00
1.0300e+03 3.2295e-11 9.3195e-01 1.6090e+03 5.3328e+03 5.7000e+03 5.7261e+18 6.1536e+17 6.1536e+17 3.7613e-01 0.0000e+00 1.0536e+04 0.0000e+00
1.0400e+03 3.2171e-11 9.3178e-01 1.6084e+03 5.3308e+03 5.7000e+03 5.7785e+18 6.2020e+17 6.2020e+17 3.7476e-01 0.0000e+00 1.0570e+04 0.0000e+00
1.0500e+03 3.2048e-11 9.3161e-01 1.6078e+03 5.3287e+03 5.7000e+03 5.8314e+18 6.2507e+17 6.2507e+17 3.7339e-01 0.0000e+00 1.0604e+04 0.0000e+00
1.0600e+03 3.1925e-11 9.3144e-01 1.6072e+03 5.3267e+03 5.7000e+03 5.8848e+18 6.2998e+17 6.2998e+17 3.7202e-01 0.0000e+00 1.0638e+04 0.0000e+00
1.0700e+03 3.1802e-11 9.3126e-01 1.6066e+03 5.3246e+03 5.7000e+03 5.9387e+18 6.3493e+17 6.3493e+17 3.7066e-01 0.0000e+00 1.0672e+04 0.0000e+00
1.0800e+03 3.1680e-11 9.3109e-01 1.6059e+03 5.3226e+03 5.7000e+03 5.9930e+18 6.3992e+17 6.3992e+17 3.6931e-01 0.0000e+00 1.0706e+04 0.0000e+00
1.0900e+03 3.1558e-11 9.3091e-01 1.6053e+03 5.3206e+03 5.7000e+03 6.0478e+18 6.4494e+17 6.4494e+17 3.6796e-01 0.0000e+00 1.0740e+04 0.0000e+00
1.1000e+03 3.1437e-11 9.3074e-01 1.6047e+03 5.3185e+03 5.7000e+03 6.1032e+18 6.5000e+17 6.5000e+17 3.6662e-01 0.0000e+00 1.0775e+04 0.0000e+00
1.1100e+03 3.1316e-11 9.3056e-01 1.6041e+03 5.3165e+03 5.7000e+03 6.1590e+18 6.5510e+17 6.5510e+17 3.6528e-01 0.0000e+00 1.0809e+04 0.0000e+00
1.1200e+03 3.1196e-11 9.3039e-01 1.6035e+03 5.3144e+03 5.7000e+03 6.2153e+18 6.6023e+17 6.6023e+17 3.6394e-01 0.0000e+00 1.0844e+04 0.0000e+00
1.1300e+03 3.1076e-11 9.3021e-01 1.6029e+03 5.3124e+03 5.7000e+03 6.2722e+18 6.6541e+17 6.6541e+17 3.6262e-01 0.0000e+00 1.0878e+04 0.0000e+00
1.1400e+03 3.0957e-11 9.3003e-01 1.6023e+03 5.3104e+03 5.7000e+03 6.3295e+18 6.7062e+17 6.7062e+17 3.6129e-01 0.0000e+00 1.0913e+04 0.0000e+00
1.1500e+03 3.0838e-11 9.2985e-01 1.6016e+03 5.3083e+03 5.7000e+03 6.3874e+18 6.7587e+17 6.7587e+17 3.5997e-01 0.0000e+00 1.0948e+04 0.0000e+00
1.1600e+03 3.0720e-11 9.2967e-01 1.6010e+03 5.3063e+03 5.7000e+03 6.4458e+18 6.8116e+17 6.8116e+17 3.5866e-01 0.0000e+00 1.0983e+04 0.0000e+00
1.1700e+03 3.0602e-11 9.2949e-01 1.6004e+03 5.3043e+03 5.7000e+03 6.5047e+18 6.8649e+17 6.8649e+17 3.5735e-01 0.0000e+00 1.1018e+04 0.0000e+00
1.1800e+03 3.0484e-11 9.2931e-01 1.5998e+03 5.3023e+03 5.7000e+03 6.5641e+18 6.9186e+17 6.9186e+17 3.5605e-01 0.0000e+00 1.1053e+04 0.0000e+00
1.1900e+03 3.0367e-11 9.2913e-01 1.5992e+03 5.3003e+03 5.7000e+03 6.6241e+18 6.9727e+17 6.9727e+17 3.5475e-01 0.0000e+00 1.1088e+04 0.0000e+00
1.2000e+03 3.0251e-11 9.2894e-01 1.5986e+03 5.2982e+03 5.7000e+03 6.6846e+18 7.0273e+17 7.0273e+17 3.5346e-01 0.0000e+00 1.1124e+04 0.0000e+00
1.2100e+03 3.0134e-11 9.2876e-01 1.5980e+03 5.2962e+03 5.7000e+03 6.7457e+18 7.0822e+17 7.0822e+17 3.5217e-01 0.0000e+00 1.1159e+04 0.0000e+00
1.2200e+03 3.0019e-11 9.2858e-01 1.5974e+03 5.2942e+03 5.7000e+03 6.8073e+18 7.1375e+17 7.1375e+17 3.5089e-01 0.0000e+00 1.1195e+04 0.0000e+00
1.2300e+03 2.9903e-11 9.2839e-01 1.5968e+03 5.2922e+03 5.7000e+03 6.8695e+18 7.1933e+17 7.1933e+17 3.4961e-01 0.0000e+00 1.1230e+04 0.0000e+00
1.2400e+03 2.9789e-11 9.2821e-01 1.5962e+03 5.2902e+03 5.7000e+03 6.9322e+18 7.2494e+17 7.2494e+17 3.4834e-01 0.0000e+00 1.1266e+04 0.0000e+00
1.2500e+03 2.9674e-11 9.2802e-01 1.5956e+03 5.2882e+03 5.7000e+03 6.9955e+18 7.3060e+17 7.3060e+17 3.4707e-01 0.0000e+00 1.1302e+04 0.0000e+00
1.2600e+03 2.9560e-11 9.2783e-01 1.5950e+03 5.2862e+03 5.7000e+03 7.0594e+18 7.3631e+17 7.3631e+17 3.4581e-01 0.0000e+00 1.1338e+04 0.0000e+00
1.2700e+03 2.9447e-11 9.2765e-01 1.5944e+03 5.2842e+03 5.7000e+03 7.1238e+18 7.4205e+17 7.4205e+17 3.4455e-01 0.0000e+00 1.1374e+04 0.0000e+00
1.2800e+03 2.9334e-11 9.2746e-01 1.5937e+03 5.2822e+03 5.7000e+03 7.1888e+18 7.4784e+17 7.4784e+17 3.4330e-01 0.0000e+00 1.1411e+04 0.0000e+00
1.2900e+03 2.9221e-11 9.2727e-01 1.5931e+03 5.2802e+03 5.7000e+03 7.2545e+18 7.5367e+17 7.5367e+17 3.4205e-01 0.0000e+00 1.1447e+04 0.0000e+00
1.3000e+03 2.9109e-11 9.2708e-01 1.5925e+03 5.2782e+03 5.7000e+03 7.3207e+18 7.5954e+17 7.5954e+17 3.4080e-01 0.0000e+00 1.1484e+04 0.0000e+00
1.3100e+03 2.8997e-11 9.2689e-01 1.5919e+03 5.2762e+03 5.7000e+03 7.3875e+18 7.6546e+17 7.6546e+17 3.3956e-01 0.0000e+00 1.1520e+04 0.0000e+00
1.3200e+03 2.8886e-11 9.2670e-01 1.5913e+03 5.2742e+03 5.7000e+03 7.4549e+18 7.7142e+17 7.7142e+17 3.3833e-01 0.0000e+00 1.1557e+04 0.0000e+00
1.3300e+03 2.8775e-11 9.2651e-01 1.5907e+03 5.2722e+03 5.7000e+03 7.5229e+18 7.7743e+17 7.7743e+17 3.3710e-01 0.0000e+00 1.1594e+04 0.0000e+00
1.3400e+03 2.8664e-11 9.2632e-01 1.5901e+03 5.2702e+03 5.7000e+03 7.5916e+18 7.8348e+17 7.8348e+17 3.3587e-01 0.0000e+00 1.1631e+04 0.0000e+00
1.3500e+03 2.8554e-11 9.2613e-01 1.5895e+03 5.2682e+03 5.7000e+03 7.6608e+18 7.8958e+17 7.8958e+17 3.3465e-01 0.0000e+00 1.1668e+04 0.0000e+00
1.3600e+03 2.8445e-11 9.2594e-01 1.5889e+03 5.2662e+03 5.7000e+03 7.7307e+18 7.9573e+17 7.9573e+17 3.3344e-01 0.0000e+00 1.1705e+04 0.0000e+00
1.3700e+03 2.8335e-11 9.2575e-01 1.5883e+03 5.2643e+03 5.7000e+03 7.8012e+18 8.0192e+17 8.0192e+17 3.3222e-01 0.0000e+00 1.1742e+04 0.0000e+00
1.3800e+03 2.8226e-11 9.2556e-01 1.5877e+03 5.2623e+03 5.7000e+03 7.8724e+18 8.0815e+17 8.0815e+17 3.3102e-01 0.0000e+00 1.1780e+04 0.0000e+00
1.3900e+03 2.8118e-11 9.2536e-01 1.5872e+03 5.2603e+03 5.7000e+03 7.9442e+18 8.1443e+17 8.1443e+17 3.2982e-01 0.0000e+00 1.1817e+04 0.0000e+00
1.4000e+03 2.8010e-11 9.2517e-01 1.5866e+03 5.2583e+03 5.7000e+03 8.0166e+18 8.2076e+17 8.2076e+17 3.2862e-01 0.0000e+00 1.1855e+04 0.0000e+00
1.4100e+03 2.7903e-11 9.2497e-01 1.5860e+03 5.2564e+03 5.7000e+03 8.0897e+18 8.2714e+17 8.2714e+17 3.2742e-01 0.0000e+00 1.1892e+04 0.0000e+00
1.4200e+03 2.7795e-11 9.2478e-01 1.5854e+03 5.2544e+03 5.7000e+03 8.1635e+18 8.3356e+17 8.3356e+17 3.2624e-01 0.0000e+00 1.1930e+04 0.0000e+00
1.4300e+03 2.7689e-11 9.2458e-01 1.5848e+03 5.2524e+03 5.7000e+03 8.2379e+18 8.4004e+17 8.4004e+17 3.2505e-01 0.0000e+00 1.1968e+04 0.0000e+00
1.4400e+03 2.7582e-11 9.2439e-01 1.5842e+03 5.2505e+03 5.7000e+03 8.3130e+18 8.4656e+17 8.4656e+17 3.2387e-01 0.0000e+00 1.2006e+04 0.0000e+00
1.4500e+03 2.7476e-11 9.2419e-01 1.5836e+03 5.2485e+03 5.7000e+03 8.3888e+18 8.5313e+17 8.5313e+17 3.2270e-01 0.0000e+00 1.2045e+04 0.0000e+00
1.4600e+03 2.7371e-11 9.2400e-01 1.5830e+03 5.2465e+03 5.7000e+03 8.4653e+18 8.5974e+17 8.5974e+17 3.2153e-01 0.0000e+00 1.2083e+04 0.0000e+00
1.4700e+03 2.7266e-11 9.2380e-01 1.5824e+03 5.2446e+03 5.7000e+03 8.5425e+18 8.6641e+17 8.6641e+17 3.2036e-01 0.0000e+00 1.2121e+04 0.0000e+00
1.4800e+03 2.7161e-11 9.2360e-01 1.5818e+03 5.2426e+03 5.7000e+03 8.6203e+18 8.7313e+17 8.7313e+17 3.1920e-01 0.0000e+00 1.2160e+04 0.0000e+00
1.4900e+03 2.7057e-11 9.2340e-01 1.5812e+03 5.2406e+03 5.7000e+03 8.6989e+18 8.7990e+17 8.7990e+17 3.1804e-01 0.0000e+00 1.2199e+04 0.0000e+00
1.5000e+03 2.6953e-11 9.2320e-01 1.5806e+03 5.2387e+03 5.7000e+03 8.7781e+18 8.8671e+17 8.8671e+17 3.1689e-01 0.0000e+00 1.2237e+04 0.0000e+00
1.5100e+03 2.6849e-11 9.2300e-01 1.5800e+03 5.2367e+03 5.7000e+03 8.8581e+18 8.9358e+17 8.9358e+17 3.1574e-01 0.0000e+00 1.2276e+04 0.0000e+00
1.5200e+03 2.6746e-11 9.2280e-01 1.5795e+03 5.2348e+03 5.7000e+03 8.9389e+18 9.0050e+17 9.0050e+17 3.1459e-01 0.0000e+00 1.2315e+04 0.0000e+00
1.5300e+03 2.6644e-11 9.2260e-01 1.5789e+03 5.2328e+03 5.7000e+03 9.0203e+18 9.0747e+17 9.0747e+17 3.1345e-01 0.0000e+00 1.2355e+04 0.0000e+00
1.5400e+03 2.6541e-11 9.2240e-01 1.5783e+03 5.2309e+03 5.7000e+03 9.1025e+18 9.1450e+17 9.1450e+17 3.1232e-01 0.0000e+00 1.2394e+04 0.0000e+00
1.5500e+03 2.6439e-11 9.2220e-01 1.5777e+03 5.2289e+03 5.7000e+03 9.1854e+18 9.2157e+17 9.2157e+17 3.1119e-01 0.0000e+00 1.2433e+04 0.0000e+00
1.5600e+03 2.6338e-11 9.2200e-01 1.5771e+03 5.2270e+03 5.7000e+03 9.2691e+18 9.2870e+17 9.2870e+17 3.1006e-01 0.0000e+00 1.2473e+04 0.0000e+00
1.5700e+03 2.6237e-11 9.2180e-01 1.5765e+03 5.2251e+03 5.7000e+03 9.3535e+18 9.3588e+17 9.3588e+17 3.0894e-01 0.0000e+00 1.2512e+04 0.0000e+00
1.5800e+03 2.6136e-11 9.2160e-01 1.5759e+03 5.2231e+03 5.7000e+03 9.4387e+18 9.4312e+17 9.4312e+17 3.0782e-01 0.0000e+00 1.2552e+04 0.0000e+00
1.5900e+03 2.6036e-11 9.2139e-01 1.5753e+03 5.2212e+03 5.7000e+03 9.5247e+18 9.5041e+17 9.5041e+17 3.0670e-01 0.0000e+00 1.2592e+04 0.0000e+00
1.6000e+03 2.5936e-11 9.2119e-01 1.5748e+03 5.2193e+03 5.7000e+03 9.6114e+18 9.5775e+17 9.5775e+17 3.0559e-01 0.0000e+00 1.2632e+04 0.0000e+00
1.6100e+03 2.5836e-11 9.2099e-01 1.5742e+03 5.2173e+03 5.7000e+03 9.6989e+18 9.6514e+17 9.6514e+17 3.0449e-01 0.0000e+00 1.2672e+04 0.0000e+00
1.6200e+03 2.5737e-11 9.2078e-01 1.5736e+03 5.2154e+03 5.7000e+03 9.7872e+18 9.7260e+17 9.7260e+17 3.0339e-01 0.0000e+00 1.2713e+04 0.0000e+00
1.6300e+03 2.5638e-11 9.2058e-01 1.5730e+03 5.2135e+03 5.7000e+03 9.8764e+18 9.8010e+17 9.8010e+17 3.0229e-01 0.0000e+00 1.2753e+04 0.0000e+00
1.6400e+03 2.5540e-11 9.2037e-01 1.5724e+03 5.2115e+03 5.7000e+03 9.9663e+18 9.8767e+17 9.8767e+17 3.0119e-01 0.0000e+00 1.2793e+04 0.0000e+00
1.6500e+03 2.5441e-11 9.2017e-01 1.5719e+03 5.2096e+03 5.7000e+03 1.0057e+19 9.9528e+17 9.9528e+17 3.0011e-01 0.0000e+00 1.2834e+04 0.0000e+00
1.6600e+03 2.5344e-11 9.1996e-01 1.5713e+03 5.2077e+03 5.7000e+03 1.0149e+19 1.0030e+18 1.0030e+18 2.9902e-01 0.0000e+00 1.2875e+04 0.0000e+00
1.6700e+03 2.5246e-11 9.1975e-01 1.5707e+03 5.2058e+03 5.7000e+03 1.0241e+19 1.0107e+18 1.0107e+18 2.9794e-01 0.0000e+00 1.2916e+04 0.0000e+00
1.6800e+03 2.5150e-11 9.1955e-01 1.5701e+03 5.2039e+03 5.7000e+03 1.0334e+19 1.0185e+18 1.0185e+18 2.9686e-01 0.0000e+00 1.2957e+04 0.0000e+00
1.6900e+03 2.5053e-11 9.1934e-01 1.5695e+03 5.2019e+03 5.7000e+03 1.0428e+19 1.0263e+18 1.0263e+18 2.9579e-01 0.0000e+00 1.2998e+04 0.0000e+00
1.7000e+03 2.4957e-11 9.1913e-01 1.5690e+03 5.2000e+03 5.7000e+03 1.0523e+19 1.0342e+18 1.0342e+18 2.9472e-01 0.0000e+00 1.3039e+04 0.0000e+00
1.7100e+03 2.4861e-11 9.1892e-01 1.5684e+03 5.1981e+03 5.7000e+03 1.0619e+19 1.0422e+18 1.0422e+18 2.9365e-01 0.0000e+00 1.3081e+04 0.0000e+00
1.7200e+03 2.4765e-11 9.1871e-01 1.5678e+03 5.1962e+03 5.7000e+03 1.0716e+19 1.0502e+18 1.0502e+18 2.9259e-01 0.0000e+00 1.3122e+04 0.0000e+00
1.7300e+03 2.4670e-11 9.1850e-01 1.5672e+03 5.1943e+03 5.7000e+03 1.0813e+19 1.0583e+18 1.0583e+18 2.9154e-01 0.0000e+00 1.3164e+04 0.0000e+00
1.7400e+03 2.4576e-11 9.1829e-01 1.5667e+03 5.1924e+03 5.7000e+03 1.0911e+19 1.0664e+18 1.0664e+18 2.9048e-01 0.0000e+00 1.3205e+04 0.0000e+00
1.7500e+03 2.4481e-11 9.1808e-01 1.5661e+03 5.1905e+03 5.7000e+03 1.1011e+19 1.0746e+18 1.0746e+18 2.8943e-01 0.0000e+00 1.3247e+04 0.0000e+00
1.7600e+03 2.4387e-11 9.1787e-01 1.5655e+03 5.1886e+03 5.7000e+03 1.1111e+19 1.0829e+18 1.0829e+18 2.8839e-01 0.0000e+00 1.3289e+04 0.0000e+00
1.7700e+03 2.4294e-11 9.1766e-01 1.5649e+03 5.1867e+03 5.7000e+03 1.1212e+19 1.0912e+18 1.0912e+18 2.8735e-01 0.0000e+00 1.3332e+04 0.0000e+00
1.7800e+03 2.4200e-11 9.1745e-01 1.5644e+03 5.1848e+03 5.7000e+03 1.1314e+19 1.0996e+18 1.0996e+18 2.8631e-01 0.0000e+00 1.3374e+04 0.0000e+00
1.7900e+03 2.4107e-11 9.1724e-01 1.5638e+03 5.1829e+03 5.7000e+03 1.1417e+19 1.1080e+18 1.1080e+18 2.8528e-01 0.0000e+00 1.3416e+04 0.0000e+00
1.8000e+03 2.4015e-11 9.1702e-01 1.5632e+03 5.1810e+03 5.7000e+03 1.1521e+19 1.1166e+18 1.1166e+18 2.8425e-01 0.0000e+00 1.3459e+04 0.0000e+00
1.8100e+03 2.3923e-11 9.1681e-01 1.5626e+03 5.1791e+03 5.7000e+03 1.1625e+19 1.1251e+18 1.1251e+18 2.8322e-01 0.0000e+00 1.3502e+04 0.0000e+00
1.8200e+03 2.3831e-11 9.1660e-01 1.5621e+03 5.1772e+03 5.7000e+03 1.1731e+19 1.1338e+18 1.1338e+18 2.8220e-01 0.0000e+00 1.3544e+04 0.0000e+00
1.8300e+03 2.3739e-11 9.1638e-01 1.5615e+03 5.1753e+03 5.7000e+03 1.1838e+19 1.1425e+18 1.1425e+18 2.8118e-01 0.0000e+00 1.3587e+04 0.0000e+00
1.8400e+03 2.3648e-11 9.1617e-01 1.5609e+03 5.1734e+03 5.7000e+03 1.1945e+19 1.1512e+18 1.1512e+18 2.8017e-01 0.0000e+00 1.3630e+04 0.0000e+00
1.8500e+03 2.3557e-11 9.1595e-01 1.5604e+03 5.1715e+03 5.7000e+03 1.2054e+19 1.1600e+18 1.1600e+18 2.7916e-01 0.0000e+00 1.3674e+04 0.0000e+00
1.8600e+03 2.3467e-11 9.1574e-01 1.5598e+03 5.1697e+03 5.7000e+03 1.2164e+19 1.1689e+18 1.1689e+18 2.7815e-01 0.0000e+00 1.3717e+04 0.0000e+00
1.8700e+03 2.3377e-11 9.1552e-01 1.5592e+03 5.1678e+03 5.7000e+03 1.2274e+19 1.1779e+18 1.1779e+18 2.7715e-01 0.0000e+00 1.3761e+04 0.0000e+00
1.8800e+03 2.3287e-11 9.1531e-01 1.5587e+03 5.1659e+03 5.7000e+03 1.2386e+19 1.1869e+18 1.1869e+18 2.7615e-01 0.0000e+00 1.3804e+04 0.0000e+00
1.8900e+03 2.3197e-11 9.1509e-01 1.5581e+03 5.1640e+03 5.7000e+03 1.2498e+19 1.1960e+18 1.1960e+18 2.7515e-01 0.0000e+00 1.3848e+04 0.0000e+00
1.9000e+03 2.3108e-11 9.1487e-01 1.5575e+03 5.1621e+03 5.7000e+03 1.2612e+19 1.2051e+18 1.2051e+18 2.7416e-01 0.0000e+00 1.3892e+04 0.0000e+00
1.9100e+03 2.3020e-11 9.1465e-01 1.5570e+03 5.1603e+03 5.7000e+03 1.2727e+19 1.2144e+18 1.2144e+18 2.7317e-01 0.0000e+00 1.3936e+04 0.0000e+00
1.9200e+03 2.2931e-11 9.1444e-01 1.5564e+03 5.1584e+03 5.7000e+03 1.2842e+19 1.2236e+18 1.2236e+18 2.7219e-01 0.0000e+00 1.3980e+04 0.0000e+00
1.9300e+03 2.2843e-11 9.1422e-01 1.5558e+03 5.1565e+03 5.7000e+03 1.2959e+19 1.2330e+18 1.2330e+18 2.7121e-01 0.0000e+00 1.4024e+04 0.0000e+00
1.9400e+03 2.2756e-11 9.1400e-01 1.5553e+03 5.1547e+03 5.7000e+03 1.3077e+19 1.2424e+18 1.2424e+18 2.7023e-01 0.0000e+00 1.4069e+04 0.0000e+00
1.9500e+03 2.2668e-11 9.1378e-01 1.5547e+03 5.1528e+03 5.7000e+03 1.3195e+19 1.2519e+18 1.2519e+18 2.6926e-01 0.0000e+00 1.4113e+04 0.0000e+00
1.9600e+03 2.2581e-11 9.1356e-01 1.5542e+03 5.1509e+03 5.7000e+03 1.3315e+19 1.2615e+18 1.2615e+18 2.6829e-01 0.0000e+00 1.4158e+04 0.0000e+00
1.9700e+03 2.2494e-11 9.1334e-01 1.5536e+03 5.1491e+03 5.7000e+03 1.3436e+19 1.2711e+18 1.2711e+18 2.6732e-01 0.0000e+00 1.4203e+04 0.0000e+00
1.9800e+03 2.2408e-11 9.1312e-01 1.5530e+03 5.1472e+03 5.7000e+03 1.3558e+19 1.2808e+18 1.2808e+18 2.6636e-01 0.0000e+00 1.4248e+04 0.0000e+00
1.9900e+03 2.2322e-11 9.1290e-01 1.5525e+03 5.1454e+03 5.7000e+03 1.3682e+19 1.2906e+18 1.2906e+18 2.6540e-01 0.0000e+00 1.4293e+04 0.0000e+00
2.0000e+03 2.2236e-11 9.1267e-01 1.5519e+03 5.1435e+03 5.7000e+03 1.3806e+19 1.3004e+18 1.3004e+18 2.6445e-01 0.0000e+00 1.4338e+04 0.0000e+00
2.0100e+03 2.2151e-11 9.1245e-01 1.5513e+03 5.1417e+03 5.7000e+03 1.3931e+19 1.3103e+18 1.3103e+18 2.6350e-01 0.0000e+00 1.4384e+04 0.0000e+00
2.0200e+03 2.2066e-11 9.1223e-01 1.5508e+03 5.1398e+03 5.7000e+03 1.4058e+19 1.3203e+18 1.3203e+18 2.6255e-01 0.0000e+00 1.4429e+04 0.0000e+00
2.0300e+03 2.1981e-11 9.1201e-01 1.5502e+03 5.1380e+03 5.7000e+03 1.4185e+19 1.3304e+18 1.3304e+18 2.6161e-01 0.0000e+00 1.4475e+04 0.0000e+00
2.0400e+03 2.1897e-11 9.1178e-01 1.5497e+03 5.1361e+03 5.7000e+03 1.4314e+19 1.3405e+18 1.3405e+18 2.6067e-01 0.0000e+00 1.4521e+04 0.0000e+00
2.0500e+03 2.1813e-11 9.1156e-01 1.5491e+03 5.1343e+03 5.7000e+03 1.4444e+19 1.3507e+18 1.3507e+18 2.5973e-01 0.0000e+00 1.4567e+04 0.0000e+00
2.0600e+03 2.1729e-11 9.1133e-01 1.5486e+03 5.1324e+03 5.7000e+03 1.4575e+19 1.3610e+18 1.3610e+18 2.5880e-01 0.0000e+00 1.4613e+04 0.0000e+00
2.0700e+03 2.1645e-11 9.1111e-01 1.5480e+03 5.1306e+03 5.7000e+03 1.4708e+19 1.3714e+18 1.3714e+18 2.5787e-01 0.0000e+00 1.4659e+04 0.0000e+00
2.0800e+03 2.1562e-11 9.1088e-01 1.5475e+03 5.1287e+03 5.7000e+03 1.4841e+19 1.3818e+18 1.3818e+18 2.5694e-01 0.0000e+00 1.4705e+04 0.0000e+00
2.0900e+03 2.1479e-11 9.1066e-01 1.5469e+03 5.1269e+03 5.7000e+03 1.4976e+19 1.3923e+18 1.3923e+18 2.5602e-01 0.0000e+00 1.4752e+04 0.0000e+00
2.1000e+03 2.1397e-11 9.1043e-01 1.5463e+03 5.1251e+03 5.7000e+03 1.5112e+19 1.4029e+18 1.4029e+18 2.5510e-01 0.0000e+00 1.4798e+04 0.0000e+00
2.1100e+03 2.1315e-11 9.1020e-01 1.5458e+03 5.1232e+03 5.7000e+03 1.5249e+19 1.4136e+18 1.4136e+18 2.5418e-01 0.0000e+00 1.4845e+04 0.0000e+00
2.1200e+03 2.1233e-11 9.0997e-01 1.5452e+03 5.1214e+03 5.7000e+03 1.5387e+19 1.4243e+18 1.4243e+18 2.5327e-01 0.0000e+00 1.4892e+04 0.0000e+00
2.1300e+03 2.1151e-11 9.0975e-01 1.5447e+03 5.1196e+03 5.7000e+03 1.5527e+19 1.4351e+18 1.4351e+18 2.5236e-01 0.0000e+00 1.4939e+04 0.0000e+00
2.1400e+03 2.1070e-11 9.0952e-01 1.5441e+03 5.1177e+03 5.7000e+03 1.5668e+19 1.4460e+18 1.4460e+18 2.5145e-01 0.0000e+00 1.4987e+04 0.0000e+00
2.1500e+03 2.0989e-11 9.0929e-01 1.5436e+03 5.1159e+03 5.7000e+03 1.5810e+19 1.4570e+18 1.4570e+18 2.5055e-01 0.0000e+00 1.5034e+04 0.0000e+00
2.1600e+03 2.0909e-11 9.0906e-01 1.5430e+03 5.1141e+03 5.7000e+03 1.5953e+19 1.4680e+18 1.4680e+18 2.4965e-01 0.0000e+00 1.5082e+04 0.0000e+00
2.1700e+03 2.0828e-11 9.0883e-01 1.5425e+03 5.1123e+03 5.7000e+03 1.6098e+19 1.4792e+18 1.4792e+18 2.4875e-01 0.0000e+00 1.5129e+04 0.0000e+00
2.1800e+03 2.0748e-11 9.0860e-01 1.5419e+03 5.1104e+03 5.7000e+03 1.6244e+19 1.4904e+18 1.4904e+18 2.4786e-01 0.0000e+00 1.5177e+04 0.0000e+00
2.1900e+03 2.0669e-11 9.0837e-01 1.5414e+03 5.1086e+03 5.7000e+03 1.6391e+19 1.5017e+18 1.5017e+18 2.4697e-01 0.0000e+00 1.5225e+04 0.0000e+00
2.2000e+03 2.0589e-11 9.0814e-01 1.5408e+03 5.1068e+03 5.7000e+03 1.6540e+19 1.5130e+18 1.5130e+18 2.4609e-01 0.0000e+00 1.5273e+04 0.0000e+00
2.2100e+03 2.0510e-11 9.0791e-01 1.5403e+03 5.1050e+03 5.7000e+03 1.6690e+19 1.5245e+18 1.5245e+18 2.4520e-01 0.0000e+00 1.5321e+04 0.0000e+00
2.2200e+03 2.0432e-11 9.0767e-01 1.5397e+03 5.1032e+03 5.7000e+03 1.6842e+19 1.5360e+18 1.5360e+18 2.4433e-01 0.0000e+00 1.5370e+04 0.0000e+00
2.2300e+03 2.0353e-11 9.0744e-01 1.5392e+03 5.1014e+03 5.7000e+03 1.6994e+19 1.5476e+18 1.5476e+18 2.4345e-01 0.0000e+00 1.5418e+04 0.0000e+00
2.2400e+03 2.0275e-11 9.0721e-01 1.5387e+03 5.0996e+03 5.7000e+03 1.7148e+19 1.5594e+18 1.5594e+18 2.4258e-01 0.0000e+00 1.5467e+04 0.0000e+00
2.2500e+03 2.0197e-11 9.0697e-01 1.5381e+03 5.0978e+03 5.7000e+03 1.7304e+19 1.5711e+18 1.5711e+18 2.4171e-01 0.0000e+00 1.5516e+04 0.0000e+00
2.2600e+03 2.0120e-11 9.0674e-01 1.5376e+03 5.0960e+03 5.7000e+03 1.7461e+19 1.5830e+18 1.5830e+18 2.4084e-01 0.0000e+00 1.5565e+04 0.0000e+00
2.2700e+03 2.0042e-11 9.0650e-01 1.5370e+03 5.0942e+03 5.7000e+03 1.7619e+19 1.5950e+18 1.5950e+18 2.3998e-01 0.0000e+00 1.5614e+04 0.0000e+00
2.2800e+03 1.9965e-11 9.0627e-01 1.5365e+03 5.0924e+03 5.7000e+03 1.7779e+19 1.6070e+18 1.6070e+18 2.3912e-01 0.0000e+00 1.5663e+04 0.0000e+00
2.2900e+03 1.9889e-11 9.0603e-01 1.5359e+03 5.0906e+03 5.7000e+03 1.7940e+19 1.6192e+18 1.6192e+18 2.3826e-01 0.0000e+00 1.5713e+04 0.0000e+00
2.3000e+03 1.9812e-11 9.0580e-01 1.5354e+03 5.0888e+03 5.7000e+03 1.8102e+19 1.6314e+18 1.6314e+18 2.3741e-01 0.0000e+00 1.5762e+04 0.0000e+00
2.3100e+03 1.9736e-11 9.0556e-01 1.5349e+03 5.0870e+03 5.7000e+03 1.8267e+19 1.6437e+18 1.6437e+18 2.3656e-01 0.0000e+00 1.5812e+04 0.0000e+00
2.3200e+03 1.9660e-11 9.0532e-01 1.5343e+03 5.0852e+03 5.7000e+03 1.8432e+19 1.6561e+18 1.6561e+18 2.3571e-01 0.0000e+00 1.5862e+04 0.0000e+00
2.3300e+03 1.9585e-11 9.0509e-01 1.5338e+03 5.0834e+03 5.7000e+03 1.8599e+19 1.6686e+18 1.6686e+18 2.3487e-01 0.0000e+00 1.5912e+04 0.0000e+00
2.3400e+03 1.9510e-11 9.0485e-01 1.5332e+03 5.0816e+03 5.7000e+03 1.8768e+19 1.6811e+18 1.6811e+18 2.3403e-01 0.0000e+00 1.5962e+04 0.0000e+00
2.3500e+03 1.9435e-11 9.0461e-01 1.5327e+03 5.0798e+03 5.7000e+03 1.8938e+19 1.6938e+18 1.6938e+18 2.3319e-01 0.0000e+00 1.6013e+04 0.0000e+00
2.3600e+03 1.9360e-11 9.0437e-01 1.5322e+03 5.0780e+03 5.7000e+03 1.9109e+19 1.7065e+18 1.7065e+18 2.3236e-01 0.0000e+00 1.6063e+04 0.0000e+00
2.3700e+03 1.9286e-11 9.0413e-01 1.5316e+03 5.0762e+03 5.7000e+03 1.9282e+19 1.7194e+18 1.7194e+18 2.3153e-01 0.0000e+00 1.6114e+04 0.0000e+00
2.3800e+03 1.9212e-11 9.0389e-01 1.5311e+03 5.0745e+03 5.7000e+03 1.9457e+19 1.7323e+18 1.7323e+18 2.3070e-01 0.0000e+00 1.6165e+04 0.0000e+00
2.3900e+03 1.9138e-11 9.0365e-01 1.5305e+03 5.0727e+03 5.7000e+03 1.9633e+19 1.7453e+18 1.7453e+18 2.2987e-01 0.0000e+00 1.6216e+04 0.0000e+00
2.4000e+03 1.9064e-11 9.0341e-01 1.5300e+03 5.0709e+03 5.7000e+03 1.9811e+19 1.7585e+18 1.7585e+18 2.2905e-01 0.0000e+00 1.6267e+04 0.0000e+00
2.4100e+03 1.8991e-11 9.0317e-01 1.5295e+03 5.0691e+03 5.7000e+03 1.9990e+19 1.7717e+18 1.7717e+18 2.2823e-01 0.0000e+00 1.6318e+04 0.0000e+00
2.4200e+03 1.8918e-11 9.0293e-01 1.5289e+03 5.0674e+03 5.7000e+03 2.0171e+19 1.7850e+18 1.7850e+18 2.2742e-01 0.0000e+00 1.6370e+04 0.0000e+00
2.4300e+03 1.8846e-11 9.0269e-01 1.5284e+03 5.0656e+03 5.7000e+03 2.0354e+19 1.7984e+18 1.7984e+18 2.2661e-01 0.0000e+00 1.6421e+04 0.0000e+00
2.4400e+03 1.8773e-11 9.0244e-01 1.5279e+03 5.0638e+03 5.7000e+03 2.0538e+19 1.8119e+18 1.8119e+18 2.2580e-01 0.0000e+00 1.6473e+04 0.0000e+00
2.4500e+03 1.8701e-11 9.0220e-01 1.5273e+03 5.0620e+03 5.7000e+03 2.0724e+19 1.8255e+18 1.8255e+18 2.2499e-01 0.0000e+00 1.6525e+04 0.0000e+00
2.4600e+03 1.8629e-11 9.0196e-01 1.5268e+03 5.0603e+03 5.7000e+03 2.0912e+19 1.8392e+18 1.8392e+18 2.2419e-01 0.0000e+00 1.6577e+04 0.0000e+00
2.4700e+03 1.8558e-11 9.0171e-01 1.5263e+03 5.0585e+03 5.7000e+03 2.1101e+19 1.8530e+18 1.8530e+18 2.2339e-01 0.0000e+00 1.6629e+04 0.0000e+00
2.4800e+03 1.8487e-11 9.0147e-01 1.5257e+03 5.0568e+03 5.7000e+03 2.1292e+19 1.8669e+18 1.8669e+18 2.2259e-01 0.0000e+00 1.6682e+04 0.0000e+00
2.4900e+03 1.8416e-11 9.0122e-01 1.5252e+03 5.0550e+03 5.7000e+03 2.1485e+19 1.8808e+18 1.8808e+18 2.2179e-01 0.0000e+00 1.6734e+04 0.0000e+00
2.5000e+03 1.8345e-11 9.0098e-01 1.5247e+03 5.0532e+03 5.7000e+03 2.1679e+19 1.8949e+18 1.8949e+18 2.2100e-01 0.0000e+00 1.6787e+04 0.0000e+00
2.5100e+03 1.8274e-11 9.0073e-01 1.5241e+03 5.0515e+03 5.7000e+03 2.1876e+19 1.9091e+18 1.9091e+18 2.2021e-01 0.0000e+00 1.6840e+04 0.0000e+00
2.5200e+03 1.8204e-11 9.0049e-01 1.5236e+03 5.0497e+03 5.7000e+03 2.2074e+19 1.9234e+18 1.9234e+18 2.1943e-01 0.0000e+00 1.6893e+04 0.0000e+00
2.5300e+03 1.8134e-11 9.0024e-01 1.5231e+03 5.0480e+03 5.7000e+03 2.2273e+19 1.9378e+18 1.9378e+18 2.1865e-01 0.0000e+00 1.6946e+04 0.0000e+00
2.5400e+03 1.8065e-11 8.9999e-01 1.5226e+03 5.0462e+03 5.7000e+03 2.2475e+19 1.9523e+18 1.9523e+18 2.1787e-01 0.0000e+00 1.7000e+04 0.0000e+00
2.5500e+03 1.7995e-11 8.9974e-01 1.5220e+03 5.0445e+03 5.7000e+03 2.2678e+19 1.9669e+18 1.9669e+18 2.1709e-01 0.0000e+00 1.7053e+04 0.0000e+00
2.5600e+03 1.7926e-11 8.9950e-01 1.5215e+03 5.0427e+03 5.7000e+03 2.2883e+19 1.9816e+18 1.9816e+18 2.1632e-01 0.0000e+00 1.7107e+04 0.0000e+00
2.5700e+03 1.7857e-11 8.9925e-01 1.5210e+03 5.0410e+03 5.7000e+03 2.3090e+19 1.9963e+18 1.9963e+18 2.1554e-01 0.0000e+00 1.7161e+04 0.0000e+00
2.5800e+03 1.7789e-11 8.9900e-01 1.5204e+03 5.0392e+03 5.7000e+03 2.3299e+19 2.0112e+18 2.0112e+18 2.1478e-01 0.0000e+00 1.7215e+04 0.0000e+00
2.5900e+03 1.7721e-11 8.9875e-01 1.5199e+03 5.0375e+03 5.7000e+03 2.3510e+19 2.0263e+18 2.0263e+18 2.1401e-01 0.0000e+00 1.7269e+04 0.0000e+00
2.6000e+03 1.7653e-11 8.9850e-01 1.5194e+03 5.0358e+03 5.7000e+03 2.3723e+19 2.0414e+18 2.0414e+18 2.1325e-01 0.0000e+00 1.7323e+04 0.0000e+00
2.6100e+03 1.7585e-11 8.9825e-01 1.5189e+03 5.0340e+03 5.7000e+03 2.3937e+19 2.0566e+18 2.0566e+18 2.1249e-01 0.0000e+00 1.7378e+04 0.0000e+00
2.6200e+03 1.7517e-11 8.9800e-01 1.5184e+03 5.0323e+03 5.7000e+03 2.4153e+19 2.0719e+18 2.0719e+18 2.1173e-01 0.0000e+00 1.7433e+04 0.0000e+00
2.6300e+03 1.7450e-11 8.9774e-01 1.5178e+03 5.0306e+03 5.7000e+03 2.4372e+19 2.0873e+18 2.0873e+18 2.1098e-01 0.0000e+00 1.7487e+04 0.0000e+00
2.6400e+03 1.7383e-11 8.9749e-01 1.5173e+03 5.0288e+03 5.7000e+03 2.4592e+19 2.1029e+18 2.1029e+18 2.1023e-01 0.0000e+00 1.7543e+04 0.0000e+00
2.6500e+03 1.7316e-11 8.9724e-01 1.5168e+03 5.0271e+03 5.7000e+03 2.4814e+19 2.1185e+18 2.1185e+18 2.0948e-01 0.0000e+00 1.7598e+04 0.0000e+00
2.6600e+03 1.7250e-11 8.9699e-01 1.5163e+03 5.0254e+03 5.7000e+03 2.5039e+19 2.1343e+18 2.1343e+18 2.0873e-01 0.0000e+00 1.7653e+04 0.0000e+00
2.6700e+03 1.7183e-11 8.9673e-01 1.5157e+03 5.0236e+03 5.7000e+03 2.5265e+19 2.1502e+18 2.1502e+18 2.0799e-01 0.0000e+00 1.7709e+04 0.0000e+00
2.6800e+03 1.7117e-11 8.9648e-01 1.5152e+03 5.0219e+03 5.7000e+03 2.5493e+19 2.1662e+18 2.1662e+18 2.0725e-01 0.0000e+00 1.7764e+04 0.0000e+00
2.6900e+03 1.7052e-11 8.9622e-01 1.5147e+03 5.0202e+03 5.7000e+03 2.5724e+19 2.1822e+18 2.1822e+18 2.0651e-01 0.0000e+00 1.7820e+04 0.0000e+00
2.7000e+03 1.6986e-11 8.9597e-01 1.5142e+03 5.0185e+03 5.7000e+03 2.5956e+19 2.1985e+18 2.1985e+18 2.0578e-01 0.0000e+00 1.7876e+04 0.0000e+00
2.7100e+03 1.6921e-11 8.9571e-01 1.5137e+03 5.0168e+03 5.7000e+03 2.6191e+19 2.2148e+18 2.2148e+18 2.0505e-01 0.0000e+00 1.7932e+04 0.0000e+00
2.7200e+03 1.6856e-11 8.9546e-01 1.5131e+03 5.0150e+03 5.7000e+03 2.6427e+19 2.2312e+18 2.2312e+18 2.0432e-01 0.0000e+00 1.7989e+04 0.0000e+00
2.7300e+03 1.6791e-11 8.9520e-01 1.5126e+03 5.0133e+03 5.7000e+03 2.6666e+19 2.2478e+18 2.2478e+18 2.0359e-01 0.0000e+00 1.8045e+04 0.0000e+00
2.7400e+03 1.6727e-11 8.9494e-01 1.5121e+03 5.0116e+03 5.7000e+03 2.6907e+19 2.2644e+18 2.2644e+18 2.0287e-01 0.0000e+00 1.8102e+04 0.0000e+00
2.7500e+03 1.6663e-11 8.9469e-01 1.5116e+03 5.0099e+03 5.7000e+03 2.7150e+19 2.2812e+18 2.2812e+18 2.0215e-01 0.0000e+00 1.8159e+04 0.0000e+00
2.7600e+03 1.6599e-11 8.9443e-01 1.5111e+03 5.0082e+03 5.7000e+03 2.7395e+19 2.2981e+18 2.2981e+18 2.0143e-01 0.0000e+00 1.8216e+04 0.0000e+00
2.7700e+03 1.6535e-11 8.9417e-01 1.5106e+03 5.0065e+03 5.7000e+03 2.7643e+19 2.3151e+18 2.3151e+18 2.0071e-01 0.0000e+00 1.8273e+04 0.0000e+00
2.7800e+03 1.6471e-11 8.9391e-01 1.5101e+03 5.0048e+03 5.7000e+03 2.7892e+19 2.3323e+18 2.3323e+18 2.0000e-01 0.0000e+00 1.8331e+04 0.0000e+00
2.7900e+03 1.6408e-11 8.9365e-01 1.5095e+03 5.0031e+03 5.7000e+03 2.8144e+19 2.3495e+18 2.3495e+18 1.9929e-01 0.0000e+00 1.8388e+04 0.0000e+00
2.8000e+03 1.6345e-11 8.9339e-01 1.5090e+03 5.0014e+03 5.7000e+03 2.8399e+19 2.3669e+18 2.3669e+18 1.9858e-01 0.0000e+00 1.8446e+04 0.0000e+00
2.8100e+03 1.6282e-11 8.9313e-01 1.5085e+03 4.9997e+03 5.7000e+03 2.8655e+19 2.3844e+18 2.3844e+18 1.9788e-01 0.0000e+00 1.8504e+04 0.0000e+00
2.8200e+03 1.6220e-11 8.9287e-01 1.5080e+03 4.9980e+03 5.7000e+03 2.8914e+19 2.4020e+18 2.4020e+18 1.9718e-01 0.0000e+00 1.8562e+04 0.0000e+00
2.8300e+03 1.6158e-11 8.9261e-01 1.5075e+03 4.9963e+03 5.7000e+03 2.9175e+19 2.4197e+18 2.4197e+18 1.9648e-01 0.0000e+00 1.8620e+04 0.0000e+00
2.8400e+03 1.6096e-11 8.9235e-01 1.5070e+03 4.9946e+03 5.7000e+03 2.9438e+19 2.4376e+18 2.4376e+18 1.9578e-01 0.0000e+00 1.8679e+04 0.0000e+00
2.8500e+03 1.6034e-11 8.9209e-01 1.5065e+03 4.9929e+03 5.7000e+03 2.9704e+19 2.4556e+18 2.4556e+18 1.9509e-01 0.0000e+00 1.8737e+04 0.0000e+00
2.8600e+03 1.5972e-11 8.9182e-01 1.5060e+03 4.9912e+03 5.7000e+03 2.9972e+19 2.4737e+18 2.4737e+18 1.9439e-01 0.0000e+00 1.8796e+04 0.0000e+00
2.8700e+03 1.5911e-11 8.9156e-01 1.5055e+03 4.9895e+03 5.7000e+03 3.0242e+19 2.4919e+18 2.4919e+18 1.9370e-01 0.0000e+00 1.8855e+04 0.0000e+00
2.8800e+03 1.5850e-11 8.9130e-01 1.5049e+03 4.9878e+03 5.7000e+03 3.0515e+19 2.5103e+18 2.5103e+18 1.9302e-01 0.0000e+00 1.8914e+04 0.0000e+00
2.8900e+03 1.5789e-11 8.9103e-01 1.5044e+03 4.9862e+03 5.7000e+03 3.0791e+19 2.5288e+18 2.5288e+18 1.9233e-01 0.0000e+00 1.8974e+04 0.0000e+00
2.9000e+03 1.5728e-11 8.9077e-01 1.5039e+03 4.9845e+03 5.7000e+03 3.1068e+19 2.5474e+18 2.5474e+18 1.9165e-01 0.0000e+00 1.9033e+04 0.0000e+00
2.9100e+03 1.5668e-11 8.9050e-01 1.5034e+03 4.9828e+03 5.7000e+03 3.1349e+19 2.5662e+18 2.5662e+18 1.9097e-01 0.0000e+00 1.9093e+04 0.0000e+00
2.9200e+03 1.5608e-11 8.9024e-01 1.5029e+03 4.9811e+03 5.7000e+03 3.1631e+19 2.5850e+18 2.5850e+18 1.9030e-01 0.0000e+00 1.9153e+04 0.0000e+00
2.9300e+03 1.5548e-11 8.8997e-01 1.5024e+03 4.9794e+03 5.7000e+03 3.1917e+19 2.6040e+18 2.6040e+18 1.8962e-01 0.0000e+00 1.9213e+04 0.0000e+00
2.9400e+03 1.5488e-11 8.8970e-01 1.5019e+03 4.9778e+03 5.7000e+03 3.2205e+19 2.6232e+18 2.6232e+18 1.8895e-01 0.0000e+00 1.9273e+04 0.0000e+00
2.9500e+03 1.5429e-11 8.8944e-01 1.5014e+03 4.9761e+03 5.7000e+03 3.2495e+19 2.6424e+18 2.6424e+18 1.8828e-01 0.0000e+00 1.9334e+04 0.0000e+00
2.9600e+03 1.5369e-11 8.8917e-01 1.5009e+03 4.9744e+03 5.7000e+03 3.2788e+19 2.6618e+18 2.6618e+18 1.8761e-01 0.0000e+00 1.9394e+04 0.0000e+00
2.9700e+03 1.5310e-11 8.8890e-01 1.5004e+03 4.9728e+03 5.7000e+03 3.3084e+19 2.6814e+18 2.6814e+18 1.8695e-01 0.0000e+00 1.9455e+04 0.0000e+00
2.9800e+03 1.5252e-11 8.8863e-01 1.4999e+03 4.9711e+03 5.7000e+03 3.3382e+19 2.7010e+18 2.7010e+18 1.8629e-01 0.0000e+00 1.9516e+04 0.0000e+00
2.9900e+03 1.5193e-11 8.8836e-01 1.4994e+03 4.9694e+03 5.7000e+03 3.3683e+19 2.7209e+18 2.7209e+18 1.8563e-01 0.0000e+00 1.9577e+04 0.0000e+00
3.0000e+03 1.5135e-11 8.8809e-01 1.4989e+03 4.9678e+03 5.7000e+03 3.3987e+19 2.7408e+18 2.7408e+18 1.8497e-01 0.0000e+00 1.9639e+04 0.0000e+00
3.0100e+03 1.5076e-11 8.8782e-01 1.4984e+03 4.9661e+03 5.7000e+03 3.4293e+19 2.7609e+18 2.7609e+18 1.8432e-01 0.0000e+00 1.9700e+04 0.0000e+00
3.0200e+03 1.5019e-11 8.8755e-01 1.4979e+03 4.9644e+03 5.7000e+03 3.4602e+19 2.7811e+18 2.7811e+18 1.8367e-01 0.0000e+00 1.9762e+04 0.0000e+00
3.0300e+03 1.4961e-11 8.8728e-01 1.4974e+03 4.9628e+03 5.7000e+03 3.4914e+19 2.8014e+18 2.8014e+18 1.8302e-01 0.0000e+00 1.9824e+04 0.0000e+00
3.0400e+03 1.4903e-11 8.8701e-01 1.4969e+03 4.9611e+03 5.7000e+03 3.5229e+19 2.8219e+18 2.8219e+18 1.8237e-01 0.0000e+00 1.9886e+04 0.0000e+00
3.0500e+03 1.4846e-11 8.8674e-01 1.4964e+03 4.9595e+03 5.7000e+03 3.5546e+19 2.8426e+18 2.8426e+18 1.8173e-01 0.0000e+00 1.9948e+04 0.0000e+00
3.0600e+03 1.4789e-11 8.8647e-01 1.4959e+03 4.9578e+03 5.7000e+03 3.5867e+19 2.8633e+18 2.8633e+18 1.8108e-01 0.0000e+00 2.0011e+04 0.0000e+00
3.0700e+03 1.4732e-11 8.8619e-01 1.4954e+03 4.9562e+03 5.7000e+03 3.6190e+19 2.8843e+18 2.8843e+18 1.8044e-01 0.0000e+00 2.0074e+04 0.0000e+00
3.0800e+03 1.4676e-11 8.8592e-01 1.4949e+03 4.9545e+03 5.7000e+03 3.6516e+19 2.9053e+18 2.9053e+18 1.7981e-01 0.0000e+00 2.0136e+04 0.0000e+00
3.0900e+03 1.4620e-11 8.8565e-01 1.4944e+03 4.9529e+03 5.7000e+03 3.6845e+19 2.9265e+18 2.9265e+18 1.7917e-01 0.0000e+00 2.0200e+04 0.0000e+00
3.1000e+03 1.4563e-11 8.8537e-01 1.4939e+03 4.9512e+03 5.7000e+03 3.7177e+19 2.9479e+18 2.9479e+18 1.7854e-01 0.0000e+00 2.0263e+04 0.0000e+00
3.1100e+03 1.4507e-11 8.8510e-01 1.4934e+03 4.9496e+03 5.7000e+03 3.7512e+19 2.9693e+18 2.9693e+18 1.7791e-01 0.0000e+00 2.0326e+04 0.0000e+00
3.1200e+03 1.4452e-11 8.8482e-01 1.4929e+03 4.9480e+03 5.7000e+03 3.7849e+19 2.9910e+18 2.9910e+18 1.7728e-01 0.0000e+00 2.0390e+04 0.0000e+00
3.1300e+03 1.4396e-11 8.8455e-01 1.4924e+03 4.9463e+03 5.7000e+03 3.8190e+19 3.0128e+18 3.0128e+18 1.7665e-01 0.0000e+00 2.0454e+04 0.0000e+00
3.1400e+03 1.4341e-11 8.8427e-01 1.4919e+03 4.9447e+03 5.7000e+03 3.8534e+19 3.0347e+18 3.0347e+18 1.7603e-01 0.0000e+00 2.0518e+04 0.0000e+00
3.1500e+03 1.4286e-11 8.8399e-01 1.4914e+03 4.9430e+03 5.7000e+03 3.8881e+19 3.0568e+18 3.0568e+18 1.7541e-01 0.0000e+00 2.0582e+04 0.0000e+00
3.1600e+03 1.4231e-11 8.8372e-01 1.4909e+03 4.9414e+03 5.7000e+03 3.9231e+19 3.0790e+18 3.0790e+18 1.7479e-01 0.0000e+00 2.0646e+04 0.0000e+00
3.1700e+03 1.4176e-11 8.8344e-01 1.4904e+03 4.9398e+03 5.7000e+03 3.9584e+19 3.1014e+18 3.1014e+18 1.7417e-01 0.0000e+00 2.0711e+04 0.0000e+00
3.1800e+03 1.4122e-11 8.8316e-01 1.4900e+03 4.9382e+03 5.7000e+03 3.9941e+19 3.1239e+18 3.1239e+18 1.7356e-01 0.0000e+00 2.0776e+04 0.0000e+00
3.1900e+03 1.4068e-11 8.8288e-01 1.4895e+03 4.9365e+03 5.7000e+03 4.0300e+19 3.1466e+18 3.1466e+18 1.7295e-01 0.0000e+00 2.0841e+04 0.0000e+00
3.2000e+03 1.4014e-11 8.8260e-01 1.4890e+03 4.9349e+03 5.7000e+03 4.0663e+19 3.1695e+18 3.1695e+18 1.7234e-01 0.0000e+00 2.0906e+04 0.0000e+00
3.2100e+03 1.3960e-11 8.8232e-01 1.4885e+03 4.9333e+03 5.7000e+03 4.1029e+19 3.1925e+18 3.1925e+18 1.7173e-01 0.0000e+00 2.0971e+04 0.0000e+00
3.2200e+03 1.3906e-11 8.8204e-01 1.4880e+03 4.9317e+03 5.7000e+03 4.1398e+19 3.2156e+18 3.2156e+18 1.7113e-01 0.0000e+00 2.1037e+04 0.0000e+00
3.2300e+03 1.3853e-11 8.8176e-01 1.4875e+03 4.9300e+03 5.7000e+03 4.1771e+19 3.2389e+18 3.2389e+18 1.7052e-01 0.0000e+00 2.1103e+04 0.0000e+00
3.2400e+03 1.3800e-11 8.8148e-01 1.4870e+03 4.9284e+03 5.7000e+03 4.2147e+19 3.2624e+18 3.2624e+18 1.6992e-01 0.0000e+00 2.1169e+04 0.0000e+00
3.2500e+03 1.3747e-11 8.8120e-01 1.4865e+03 4.9268e+03 5.7000e+03 4.2526e+19 3.2860e+18 3.2860e+18 1.6932e-01 0.0000e+00 2.1235e+04 0.0000e+00
3.2600e+03 1.3694e-11 8.8092e-01 1.4860e+03 4.9252e+03 5.7000e+03 4.2909e+19 3.3098e+18 3.3098e+18 1.6873e-01 0.0000e+00 2.1301e+04 0.0000e+00
3.2700e+03 1.3641e-11 8.8064e-01 1.4856e+03 4.9236e+03 5.7000e+03 4.3295e+19 3.3337e+18 3.3337e+18 1.6813e-01 0.0000e+00 2.1368e+04 0.0000e+00
3.2800e+03 1.3589e-11 8.8035e-01 1.4851e+03 4.9220e+03 5.7000e+03 4.3684e+19 3.3578e+18 3.3578e+18 1.6754e-01 0.0000e+00 2.1435e+04 0.0000e+00
3.2900e+03 1.3537e-11 8.8007e-01 1.4846e+03 4.9204e+03 5.7000e+03 4.4077e+19 3.3821e+18 3.3821e+18 1.6695e-01 0.0000e+00 2.1502e+04 0.0000e+00
3.3000e+03 1.3485e-11 8.7979e-01 1.4841e+03 4.9188e+03 5.7000e+03 4.4473e+19 3.4065e+18 3.4065e+18 1.6637e-01 0.0000e+00 2.1569e+04 0.0000e+00
3.3100e+03 1.3433e-11 8.7950e-01 1.4836e+03 4.9171e+03 5.7000e+03 4.4873e+19 3.4311e+18 3.4311e+18 1.6578e-01 0.0000e+00 2.1636e+04 0.0000e+00
3.3200e+03 1.3381e-11 8.7922e-01 1.4831e+03 4.9155e+03 5.7000e+03 4.5277e+19 3.4559e+18 3.4559e+18 1.6520e-01 0.0000e+00 2.1704e+04 0.0000e+00
3.3300e+03 1.3330e-11 8.7893e-01 1.4826e+03 4.9139e+03 5.7000e+03 4.5684e+19 3.4808e+18 3.4808e+18 1.6462e-01 0.0000e+00 2.1771e+04 0.0000e+00
3.3400e+03 1.3279e-11 8.7865e-01 1.4822e+03 4.9123e+03 5.7000e+03 4.6095e+19 3.5059e+18 3.5059e+18 1.6404e-01 0.0000e+00 2.1839e+04 0.0000e+00
3.3500e+03 1.3228e-11 8.7836e-01 1.4817e+03 4.9107e+03 5.7000e+03 4.6509e+19 3.5311e+18 3.5311e+18 1.6346e-01 0.0000e+00 2.1908e+04 0.0000e+00
3.3600e+03 1.3177e-11 8.7807e-01 1.4812e+03 4.9092e+03 5.7000e+03 4.6927e+19 3.5565e+18 3.5565e+18 1.6289e-01 0.0000e+00 2.1976e+04 0.0000e+00
3.3700e+03 1.3126e-11 8.7779e-01 1.4807e+03 4.9076e+03 5.7000e+03 4.7349e+19 3.5821e+18 3.5821e+18 1.6231e-01 0.0000e+00 2.2045e+04 0.0000e+00
3.3800e+03 1.3076e-11 8.7750e-01 1.4802e+03 4.9060e+03 5.7000e+03 4.7775e+19 3.6079e+18 3.6079e+18 1.6174e-01 0.0000e+00 2.2113e+04 0.0000e+00
3.3900e+03 1.3026e-11 8.7721e-01 1.4798e+03 4.9044e+03 5.7000e+03 4.8204e+19 3.6338e+18 3.6338e+18 1.6118e-01 0.0000e+00 2.2183e+04 0.0000e+00
3.4000e+03 1.2976e-11 8.7692e-01 1.4793e+03 4.9028e+03 5.7000e+03 4.8637e+19 3.6600e+18 3.6600e+18 1.6061e-01 0.0000e+00 2.2252e+04 0.0000e+00
3.4100e+03 1.2926e-11 8.7663e-01 1.4788e+03 4.9012e+03 5.7000e+03 4.9074e+19 3.6862e+18 3.6862e+18 1.6005e-01 0.0000e+00 2.2321e+04 0.0000e+00
3.4200e+03 1.2876e-11 8.7634e-01 1.4783e+03 4.8996e+03 5.7000e+03 4.9515e+19 3.7127e+18 3.7127e+18 1.5948e-01 0.0000e+00 2.2391e+04 0.0000e+00
3.4300e+03 1.2827e-11 8.7605e-01 1.4778e+03 4.8980e+03 5.7000e+03 4.9960e+19 3.7393e+18 3.7393e+18 1.5892e-01 0.0000e+00 2.2461e+04 0.0000e+00
3.4400e+03 1.2778e-11 8.7576e-01 1.4774e+03 4.8965e+03 5.7000e+03 5.0409e+19 3.7661e+18 3.7661e+18 1.5837e-01 0.0000e+00 2.2531e+04 0.0000e+00
3.4500e+03 1.2729e-11 8.7547e-01 1.4769e+03 4.8949e+03 5.7000e+03 5.0862e+19 3.7931e+18 3.7931e+18 1.5781e-01 0.0000e+00 2.2601e+04 0.0000e+00
3.4600e+03 1.2680e-11 8.7518e-01 1.4764e+03 4.8933e+03 5.7000e+03 5.1319e+19 3.8203e+18 3.8203e+18 1.5726e-01 0.0000e+00 2.2672e+04 0.0000e+00
3.4700e+03 1.2631e-11 8.7489e-01 1.4759e+03 4.8917e+03 5.7000e+03 5.1779e+19 3.8476e+18 3.8476e+18 1.5670e-01 0.0000e+00 2.2742e+04 0.0000e+00
3.4800e+03 1.2583e-11 8.7460e-01 1.4755e+03 4.8901e+03 5.7000e+03 5.2244e+19 3.8752e+18 3.8752e+18 1.5616e-01 0.0000e+00 2.2813e+04 0.0000e+00
3.4900e+03 1.2534e-11 8.7430e-01 1.4750e+03 4.8886e+03 5.7000e+03 5.2714e+19 3.9029e+18 3.9029e+18 1.5561e-01 0.0000e+00 2.2884e+04 0.0000e+00
3.5000e+03 1.2486e-11 8.7401e-01 1.4745e+03 4.8870e+03 5.7000e+03 5.3187e+19 3.9308e+18 3.9308e+18 1.5506e-01 0.0000e+00 2.2956e+04 0.0000e+00
3.5100e+03 1.2438e-11 8.7372e-01 1.4740e+03 4.8854e+03 5.7000e+03 5.3665e+19 3.9589e+18 3.9589e+18 1.5452e-01 0.0000e+00 2.3027e+04 0.0000e+00
3.5200e+03 1.2390e-11 8.7342e-01 1.4736e+03 4.8839e+03 5.7000e+03 5.4146e+19 3.9871e+18 3.9871e+18 1.5398e-01 0.0000e+00 2.3099e+04 0.0000e+00
3.5300e+03 1.2343e-11 8.7313e-01 1.4731e+03 4.8823e+03 5.7000e+03 5.4632e+19 4.0156e+18 4.0156e+18 1.5344e-01 0.0000e+00 2.3171e+04 0.0000e+00
3.5400e+03 1.2295e-11 8.7283e-01 1.4726e+03 4.8807e+03 5.7000e+03 5.5123e+19 4.0442e+18 4.0442e+18 1.5290e-01 0.0000e+00 2.3243e+04 0.0000e+00
3.5500e+03 1.2248e-11 8.7254e-01 1.4722e+03 4.8792e+03 5.7000e+03 5.5618e+19 4.0730e+18 4.0730e+18 1.5236e-01 0.0000e+00 2.3316e+04 0.0000e+00
3.5600e+03 1.2201e-11 8.7224e-01 1.4717e+03 4.8776e+03 5.7000e+03 5.6117e+19 4.1020e+18 4.1020e+18 1.5183e-01 0.0000e+00 2.3388e+04 0.0000e+00
3.5700e+03 1.2154e-11 8.7195e-01 1.4712e+03 4.8761e+03 5.7000e+03 5.6620e+19 4.1313e+18 4.1313e+18 1.5130e-01 0.0000e+00 2.3461e+04 0.0000e+00
3.5800e+03 1.2108e-11 8.7165e-01 1.4707e+03 4.8745e+03 5.7000e+03 5.7129e+19 4.1606e+18 4.1606e+18 1.5077e-01 0.0000e+00 2.3534e+04 0.0000e+00
3.5900e+03 1.2061e-11 8.7135e-01 1.4703e+03 4.8730e+03 5.7000e+03 5.7641e+19 4.1902e+18 4.1902e+18 1.5024e-01 0.0000e+00 2.3608e+04 0.0000e+00
3.6000e+03 1.2015e-11 8.7105e-01 1.4698e+03 4.8714e+03 5.7000e+03 5.8158e+19 4.2200e+18 4.2200e+18 1.4972e-01 0.0000e+00 2.3681e+04 0.0000e+00
3.6100e+03 1.1969e-11 8.7075e-01 1.4693e+03 4.8699e+03 5.7000e+03 5.8680e+19 4.2500e+18 4.2500e+18 1.4919e-01 0.0000e+00 2.3755e+04 0.0000e+00
3.6200e+03 1.1923e-11 8.7046e-01 1.4689e+03 4.8683e+03 5.7000e+03 5.9207e+19 4.2802e+18 4.2802e+18 1.4867e-01 0.0000e+00 2.3829e+04 0.0000e+00
3.6300e+03 1.1877e-11 8.7016e-01 1.4684e+03 4.8668e+03 5.7000e+03 5.9738e+19 4.3105e+18 4.3105e+18 1.4815e-01 0.0000e+00 2.3903e+04 0.0000e+00
3.6400e+03 1.1831e-11 8.6986e-01 1.4679e+03 4.8652e+03 5.7000e+03 6.0274e+19 4.3411e+18 4.3411e+18 1.4763e-01 0.0000e+00 2.3977e+04 0.0000e+00
3.6500e+03 1.1786e-11 8.6956e-01 1.4675e+03 4.8637e+03 5.7000e+03 6.0814e+19 4.3719e+18 4.3719e+18 1.4712e-01 0.0000e+00 2.4052e+04 0.0000e+00
3.6600e+03 1.1741e-11 8.6926e-01 1.4670e+03 4.8621e+03 5.7000e+03 6.1360e+19 4.4029e+18 4.4029e+18 1.4660e-01 0.0000e+00 2.4127e+04 0.0000e+00
3.6700e+03 1.1696e-11 8.6895e-01 1.4666e+03 4.8606e+03 5.7000e+03 6.1910e+19 4.4340e+18 4.4340e+18 1.4609e-01 0.0000e+00 2.4202e+04 0.0000e+00
3.6800e+03 1.1651e-11 8.6865e-01 1.4661e+03 4.8591e+03 5.7000e+03 6.2465e+19 4.4654e+18 4.4654e+18 1.4558e-01 0.0000e+00 2.4277e+04 0.0000e+00
3.6900e+03 1.1606e-11 8.6835e-01 1.4656e+03 4.8575e+03 5.7000e+03 6.3025e+19 4.4970e+18 4.4970e+18 1.4507e-01 0.0000e+00 2.4353e+04 0.0000e+00
3.7000e+03 1.1561e-11 8.6805e-01 1.4652e+03 4.8560e+03 5.7000e+03 6.3590e+19 4.5288e+18 4.5288e+18 1.4456e-01 0.0000e+00 2.4428e+04 0.0000e+00
3.7100e+03 1.1517e-11 8.6774e-01 1.4647e+03 4.8545e+03 5.7000e+03 6.4160e+19 4.5608e+18 4.5608e+18 1.4406e-01 0.0000e+00 2.4504e+04 0.0000e+00
3.7200e+03 1.1473e-11 8.6744e-01 1.4642e+03 4.8529e+03 5.7000e+03 6.4735e+19 4.5930e+18 4.5930e+18 1.4356e-01 0.0000e+00 2.4581e+04 0.0000e+00
3.7300e+03 1.1429e-11 8.6714e-01 1.4638e+03 4.8514e+03 5.7000e+03 6.5315e+19 4.6254e+18 4.6254e+18 1.4306e-01 0.0000e+00 2.4657e+04 0.0000e+00
3.7400e+03 1.1385e-11 8.6683e-01 1.4633e+03 4.8499e+03 5.7000e+03 6.5901e+19 4.6580e+18 4.6580e+18 1.4256e-01 0.0000e+00 2.4734e+04 0.0000e+00
3.7500e+03 1.1341e-11 8.6653e-01 1.4629e+03 4.8484e+03 5.7000e+03 6.6491e+19 4.6908e+18 4.6908e+18 1.4206e-01 0.0000e+00 2.4811e+04 0.0000e+00
3.7600e+03 1.1298e-11 8.6622e-01 1.4624e+03 4.8468e+03 5.7000e+03 6.7087e+19 4.7238e+18 4.7238e+18 1.4156e-01 0.0000e+00 2.4888e+04 0.0000e+00
3.7700e+03 1.1254e-11 8.6592e-01 1.4619e+03 4.8453e+03 5.7000e+03 6.7688e+19 4.7571e+18 4.7571e+18 1.4107e-01 0.0000e+00 2.4965e+04 0.0000e+00
3.7800e+03 1.1211e-11 8.6561e-01 1.4615e+03 4.8438e+03 5.7000e+03 6.8295e+19 4.7906e+18 4.7906e+18 1.4058e-01 0.0000e+00 2.5043e+04 0.0000e+00
3.7900e+03 1.1168e-11 8.6530e-01 1.4610e+03 4.8423e+03 5.7000e+03 6.8907e+19 4.8242e+18 4.8242e+18 1.4009e-01 0.0000e+00 2.5121e+04 0.0000e+00
3.8000e+03 1.1125e-11 8.6500e-01 1.4606e+03 4.8408e+03 5.7000e+03 6.9524e+19 4.8581e+18 4.8581e+18 1.3960e-01 0.0000e+00 2.5199e+04 0.0000e+00
3.8100e+03 1.1082e-11 8.6469e-01 1.4601e+03 4.8393e+03 5.7000e+03 7.0147e+19 4.8923e+18 4.8923e+18 1.3911e-01 0.0000e+00 2.5277e+04 0.0000e+00
3.8200e+03 1.1040e-11 8.6438e-01 1.4597e+03 4.8378e+03 5.7000e+03 7.0775e+19 4.9266e+18 4.9266e+18 1.3863e-01 0.0000e+00 2.5356e+04 0.0000e+00
3.8300e+03 1.0997e-11 8.6407e-01 1.4592e+03 4.8363e+03 5.7000e+03 7.1409e+19 4.9612e+18 4.9612e+18 1.3814e-01 0.0000e+00 2.5434e+04 0.0000e+00
3.8400e+03 1.0955e-11 8.6376e-01 1.4587e+03 4.8347e+03 5.7000e+03 7.2049e+19 4.9959e+18 4.9959e+18 1.3766e-01 0.0000e+00 2.5513e+04 0.0000e+00
3.8500e+03 1.0913e-11 8.6345e-01 1.4583e+03 4.8332e+03 5.7000e+03 7.2694e+19 5.0309e+18 5.0309e+18 1.3718e-01 0.0000e+00 2.5593e+04 0.0000e+00
3.8600e+03 1.0871e-11 8.6314e-01 1.4578e+03 4.8317e+03 5.7000e+03 7.3345e+19 5.0662e+18 5.0662e+18 1.3671e-01 0.0000e+00 2.5672e+04 0.0000e+00
3.8700e+03 1.0829e-11 8.6283e-01 1.4574e+03 4.8302e+03 5.7000e+03 7.4002e+19 5.1016e+18 5.1016e+18 1.3623e-01 0.0000e+00 2.5752e+04 0.0000e+00
3.8800e+03 1.0788e-11 8.6252e-01 1.4569e+03 4.8287e+03 5.7000e+03 7.4664e+19 5.1373e+18 5.1373e+18 1.3576e-01 0.0000e+00 2.5832e+04 0.0000e+00
3.8900e+03 1.0746e-11 8.6221e-01 1.4565e+03 4.8272e+03 5.7000e+03 7.5332e+19 5.1732e+18 5.1732e+18 1.3528e-01 0.0000e+00 2.5912e+04 0.0000e+00
3.9000e+03 1.0705e-11 8.6190e-01 1.4560e+03 4.8257e+03 5.7000e+03 7.6007e+19 5.2093e+18 5.2093e+18 1.3481e-01 0.0000e+00 2.5992e+04 0.0000e+00
3.9100e+03 1.0664e-11 8.6159e-01 1.4556e+03 4.8242e+03 5.7000e+03 7.6687e+19 5.2457e+18 5.2457e+18 1.3434e-01 0.0000e+00 2.6073e+04 0.0000e+00
3.9200e+03 1.0623e-11 8.6127e-01 1.4551e+03 4.8228e+03 5.7000e+03 7.7374e+19 5.2823e+18 5.2823e+18 1.3388e-01 0.0000e+00 2.6154e+04 0.0000e+00
3.9300e+03 1.0582e-11 8.6096e-01 1.4547e+03 4.8213e+03 5.7000e+03 7.8066e+19 5.3191e+18 5.3191e+18 1.3341e-01 0.0000e+00 2.6235e+04 0.0000e+00
3.9400e+03 1.0542e-11 8.6065e-01 1.4542e+03 4.8198e+03 5.7000e+03 7.8765e+19 5.3562e+18 5.3562e+18 1.3295e-01 0.0000e+00 2.6317e+04 0.0000e+00
3.9500e+03 1.0501e-11 8.6033e-01 1.4538e+03 4.8183e+03 5.7000e+03 7.9469e+19 5.3935e+18 5.3935e+18 1.3248e-01 0.0000e+00 2.6398e+04 0.0000e+00
3.9600e+03 1.0461e-11 8.6002e-01 1.4533e+03 4.8168e+03 5.7000e+03 8.0181e+19 5.4310e+18 5.4310e+18 1.3202e-01 0.0000e+00 2.6480e+04 0.0000e+00
3.9700e+03 1.0421e-11 8.5970e-01 1.4529e+03 4.8153e+03 5.7000e+03 8.0898e+19 5.4688e+18 5.4688e+18 1.3157e-01 0.0000e+00 2.6562e+04 0.0000e+00
3.9800e+03 1.0381e-11 8.5939e-01 1.4524e+03 4.8138e+03 5.7000e+03 8.1622e+19 5.5068e+18 5.5068e+18 1.3111e-01 0.0000e+00 2.6645e+04 0.0000e+00
3.9900e+03 1.0341e-11 8.5907e-01 1.4520e+03 4.8124e+03 5.7000e+03 8.2352e+19 5.5450e+18 5.5450e+18 1.3065e-01 0.0000e+00 2.6727e+04 0.0000e+00
4.0000e+03 1.0301e-11 8.5876e-01 1.4515e+03 4.8109e+03 5.7000e+03 8.3089e+19 5.5835e+18 5.5835e+18 1.3020e-01 0.0000e+00 2.6810e+04 0.0000e+00
4.0100e+03 1.0261e-11 8.5844e-01 1.4511e+03 4.8094e+03 5.7000e+03 8.3832e+19 5.6223e+18 5.6223e+18 1.2975e-01 0.0000e+00 2.6893e+04 0.0000e+00
4.0200e+03 1.0222e-11 8.5812e-01 1.4507e+03 4.8079e+03 5.7000e+03 8.4581e+19 5.6613e+18 5.6613e+18 1.2930e-01 0.0000e+00 2.6977e+04 0.0000e+00
4.0300e+03 1.0183e-11 8.5781e-01 1.4502e+03 4.8065e+03 5.7000e+03 8.5338e+19 5.7005e+18 5.7005e+18 1.2885e-01 0.0000e+00 2.7060e+04 0.0000e+00
4.0400e+03 1.0144e-11 8.5749e-01 1.4498e+03 4.8050e+03 5.7000e+03 8.6101e+19 5.7400e+18 5.7400e+18 1.2840e-01 0.0000e+00 2.7144e+04 0.0000e+00
4.0500e+03 1.0105e-11 8.5717e-01 1.4493e+03 4.8035e+03 5.7000e+03 8.6871e+19 5.7797e+18 5.7797e+18 1.2795e-01 0.0000e+00 2.7228e+04 0.0000e+00
4.0600e+03 1.0066e-11 8.5685e-01 1.4489e+03 4.8021e+03 5.7000e+03 8.7648e+19 5.8197e+18 5.8197e+18 1.2751e-01 0.0000e+00 2.7313e+04 0.0000e+00
4.0700e+03 1.0027e-11 8.5653e-01 1.4484e+03 4.8006e+03 5.7000e+03 8.8431e+19 5.8599e+18 5.8599e+18 1.2707e-01 0.0000e+00 2.7397e+04 0.0000e+00
4.0800e+03 9.9888e-12 8.5621e-01 1.4480e+03 4.7991e+03 5.7000e+03 8.9222e+19 5.9003e+18 5.9003e+18 1.2663e-01 0.0000e+00 2.7482e+04 0.0000e+00
4.0900e+03 9.9504e-12 8.5589e-01 1.4476e+03 4.7977e+03 5.7000e+03 9.0019e+19 5.9411e+18 5.9411e+18 1.2619e-01 0.0000e+00 2.7567e+04 0.0000e+00
4.1000e+03 9.9122e-12 8.5557e-01 1.4471e+03 4.7962e+03 5.7000e+03 9.0824e+19 5.9821e+18 5.9821e+18 1.2575e-01 0.0000e+00 2.7653e+04 0.0000e+00
4.1100e+03 9.8742e-12 8.5525e-01 1.4467e+03 4.7948e+03 5.7000e+03 9.1636e+19 6.0233e+18 6.0233e+18 1.2532e-01 0.0000e+00 2.7738e+04 0.0000e+00
4.1200e+03 9.8363e-12 8.5493e-01 1.4462e+03 4.7933e+03 5.7000e+03 9.2455e+19 6.0648e+18 6.0648e+18 1.2488e-01 0.0000e+00 2.7824e+04 0.0000e+00
4.1300e+03 9.7985e-12 8.5461e-01 1.4458e+03 4.7918e+03 5.7000e+03 9.3281e+19 6.1065e+18 6.1065e+18 1.2445e-01 0.0000e+00 2.7910e+04 0.0000e+00
4.1400e+03 9.7609e-12 8.5428e-01 1.4454e+03 4.7904e+03 5.7000e+03 9.4115e+19 6.1486e+18 6.1486e+18 1.2402e-01 0.0000e+00 2.7997e+04 0.0000e+00
4.1500e+03 9.7234e-12 8.5396e-01 1.4449e+03 4.7889e+03 5.7000e+03 9.4956e+19 6.1908e+18 6.1908e+18 1.2359e-01 0.0000e+00 2.8083e+04 0.0000e+00
4.1600e+03 9.6860e-12 8.5364e-01 1.4445e+03 4.7875e+03 5.7000e+03 9.5804e+19 6.2334e+18 6.2334e+18 1.2316e-01 0.0000e+00 2.8170e+04 0.0000e+00
4.1700e+03 9.6488e-12 8.5331e-01 1.4441e+03 4.7860e+03 5.7000e+03 9.6660e+19 6.2762e+18 6.2762e+18 1.2273e-01 0.0000e+00 2.8258e+04 0.0000e+00
4.1800e+03 9.6118e-12 8.5299e-01 1.4436e+03 4.7846e+03 5.7000e+03 9.7524e+19 6.3193e+18 6.3193e+18 1.2231e-01 0.0000e+00 2.8345e+04 0.0000e+00
4.1900e+03 9.5749e-12 8.5266e-01 1.4432e+03 4.7832e+03 5.7000e+03 9.8395e+19 6.3626e+18 6.3626e+18 1.2189e-01 0.0000e+00 2.8433e+04 0.0000e+00
4.2000e+03 9.5381e-12 8.5234e-01 1.4427e+03 4.7817e+03 5.7000e+03 9.9274e+19 6.4062e+18 6.4062e+18 1.2146e-01 0.0000e+00 2.8521e+04 0.0000e+00
4.2100e+03 9.5015e-12 8.5201e-01 1.4423e+03 4.7803e+03 5.7000e+03 1.0016e+20 6.4501e+18 6.4501e+18 1.2104e-01 0.0000e+00 2.8609e+04 0.0000e+00
4.2200e+03 9.4650e-12 8.5169e-01 1.4419e+03 4.7788e+03 5.7000e+03 1.0105e+20 6.4942e+18 6.4942e+18 1.2063e-01 0.0000e+00 2.8698e+04 0.0000e+00
4.2300e+03 9.4287e-12 8.5136e-01 1.4414e+03 4.7774e+03 5.7000e+03 1.0196e+20 6.5386e+18 6.5386e+18 1.2021e-01 0.0000e+00 2.8786e+04 0.0000e+00
4.2400e+03 9.3925e-12 8.5104e-01 1.4410e+03 4.7760e+03 5.7000e+03 1.0287e+20 6.5833e+18 6.5833e+18 1.1979e-01 0.0000e+00 2.8875e+04 0.0000e+00
4.2500e+03 9.3564e-12 8.5071e-01 1.4406e+03 4.7745e+03 5.7000e+03 1.0379e+20 6.6283e+18 6.6283e+18 1.1938e-01 0.0000e+00 2.8965e+04 0.0000e+00
4.2600e+03 9.3205e-12 8.5038e-01 1.4402e+03 4.7731e+03 5.7000e+03 1.0471e+20 6.6735e+18 6.6735e+18 1.1897e-01 0.0000e+00 2.9054e+04 0.0000e+00
4.2700e+03 9.2847e-12 8.5005e-01 1.4397e+03 4.7717e+03 5.7000e+03 1.0565e+20 6.7191e+18 6.7191e+18 1.1855e-01 0.0000e+00 2.9144e+04 0.0000e+00
4.2800e+03 9.2490e-12 8.4972e-01 1.4393e+03 4.7703e+03 5.7000e+03 1.0659e+20 6.7649e+18 6.7649e+18 1.1814e-01 0.0000e+00 2.9234e+04 0.0000e+00
4.2900e+03 9.2135e-12 8.4940e-01 1.4389e+03 4.7688e+03 5.7000e+03 1.0754e+20 6.8109e+18 6.8109e+18 1.1774e-01 0.0000e+00 2.9325e+04 0.0000e+00
4.3000e+03 9.1781e-12 8.4907e-01 1.4384e+03 4.7674e+03 5.7000e+03 1.0850e+20 6.8573e+18 6.8573e+18 1.1733e-01 0.0000e+00 2.9415e+04 0.0000e+00
4.3100e+03 9.1429e-12 8.4874e-01 1.4380e+03 4.7660e+03 5.7000e+03 1.0947e+20 6.9039e+18 6.9039e+18 1.1692e-01 0.0000e+00 2.9506e+04 0.0000e+00
4.3200e+03 9.1078e-12 8.4841e-01 1.4376e+03 4.7646e+03 5.7000e+03 1.1045e+20 6.9509e+18 6.9509e+18 1.1652e-01 0.0000e+00 2.9597e+04 0.0000e+00
4.3300e+03 9.0728e-12 8.4808e-01 1.4371e+03 4.7631e+03 5.7000e+03 1.1143e+20 6.9981e+18 6.9981e+18 1.1612e-01 0.0000e+00 2.9689e+04 0.0000e+00
4.3400e+03 9.0380e-12 8.4775e-01 1.4367e+03 4.7617e+03 5.7000e+03 1.1243e+20 7.0456e+18 7.0456e+18 1.1572e-01 0.0000e+00 2.9781e+04 0.0000e+00
4.3500e+03 9.0032e-12 8.4741e-01 1.4363e+03 4.7603e+03 5.7000e+03 1.1343e+20 7.0934e+18 7.0934e+18 1.1532e-01 0.0000e+00 2.9873e+04 0.0000e+00
4.3600e+03 8.9687e-12 8.4708e-01 1.4359e+03 4.7589e+03 5.7000e+03 1.1444e+20 7.1415e+18 7.1415e+18 1.1492e-01 0.0000e+00 2.9965e+04 0.0000e+00
4.3700e+03 8.9342e-12 8.4675e-01 1.4354e+03 4.7575e+03 5.7000e+03 1.1546e+20 7.1899e+18 7.1899e+18 1.1452e-01 0.0000e+00 3.0057e+04 0.0000e+00
4.3800e+03 8.8999e-12 8.4642e-01 1.4350e+03 4.7561e+03 5.7000e+03 1.1650e+20 7.2386e+18 7.2386e+18 1.1413e-01 0.0000e+00 3.0150e+04 0.0000e+00
4.3900e+03 8.8658e-12 8.4609e-01 1.4346e+03 4.7547e+03 5.7000e+03 1.1753e+20 7.2875e+18 7.2875e+18 1.1374e-01 0.0000e+00 3.0243e+04 0.0000e+00
4.4000e+03 8.8317e-12 8.4575e-01 1.4342e+03 4.7533e+03 5.7000e+03 1.1858e+20 7.3368e+18 7.3368e+18 1.1334e-01 0.0000e+00 3.0337e+04 0.0000e+00
4.4100e+03 8.7978e-12 8.4542e-01 1.4337e+03 4.7519e+03 5.7000e+03 1.1964e+20 7.3864e+18 7.3864e+18 1.1295e-01 0.0000e+00 3.0431e+04 0.0000e+00
4.4200e+03 8.7640e-12 8.4508e-01 1.4333e+03 4.7505e+03 5.7000e+03 1.2071e+20 7.4362e+18 7.4362e+18 1.1256e-01 0.0000e+00 3.0525e+04 0.0000e+00
4.4300e+03 8.7304e-12 8.4475e-01 1.4329e+03 4.7491e+03 5.7000e+03 1.2178e+20 7.4864e+18 7.4864e+18 1.1218e-01 0.0000e+00 3.0619e+04 0.0000e+00
4.4400e+03 8.6968e-12 8.4441e-01 1.4325e+03 4.7477e+03 5.7000e+03 1.2287e+20 7.5369e+18 7.5369e+18 1.1179e-01 0.0000e+00 3.0713e+04 0.0000e+00
4.4500e+03 8.6634e-12 8.4408e-01 1.4321e+03 4.7463e+03 5.7000e+03 1.2397e+20 7.5876e+18 7.5876e+18 1.1140e-01 0.0000e+00 3.0808e+04 0.0000e+00
4.4600e+03 8.6302e-12 8.4374e-01 1.4316e+03 4.7449e+03 5.7000e+03 1.2507e+20 7.6387e+18 7.6387e+18 1.1102e-01 0.0000e+00 3.0903e+04 0.0000e+00
4.4700e+03 8.5970e-12 8.4341e-01 1.4312e+03 4.7435e+03 5.7000e+03 1.2619e+20 7.6901e+18 7.6901e+18 1.1064e-01 0.0000e+00 3.0999e+04 0.0000e+00
4.4800e+03 8.5640e-12 8.4307e-01 1.4308e+03 4.7421e+03 5.7000e+03 1.2731e+20 7.7418e+18 7.7418e+18 1.1026e-01 0.0000e+00 3.1094e+04 0.0000e+00
4.4900e+03 8.5311e-12 8.4273e-01 1.4304e+03 4.7407e+03 5.7000e+03 1.2845e+20 7.7938e+18 7.7938e+18 1.0988e-01 0.0000e+00 3.1190e+04 0.0000e+00
4.5000e+03 8.4984e-12 8.4240e-01 1.4300e+03 4.7393e+03 5.7000e+03 1.2959e+20 7.8461e+18 7.8461e+18 1.0950e-01 0.0000e+00 3.1286e+04 0.0000e+00
4.5100e+03 8.4657e-12 8.4206e-01 1.4295e+03 4.7379e+03 5.7000e+03 1.3075e+20 7.8987e+18 7.8987e+18 1.0912e-01 0.0000e+00 3.1383e+04 0.0000e+00
4.5200e+03 8.4332e-12 8.4172e-01 1.4291e+03 4.7366e+03 5.7000e+03 1.3191e+20 7.9517e+18 7.9517e+18 1.0875e-01 0.0000e+00 3.1480e+04 0.0000e+00
4.5300e+03 8.4008e-12 8.4138e-01 1.4287e+03 4.7352e+03 5.7000e+03 1.3309e+20 8.0050e+18 8.0050e+18 1.0837e-01 0.0000e+00 3.1577e+04 0.0000e+00
4.5400e+03 8.3686e-12 8.4104e-01 1.4283e+03 4.7338e+03 5.7000e+03 1.3428e+20 8.0585e+18 8.0585e+18 1.0800e-01 0.0000e+00 3.1674e+04 0.0000e+00
4.5500e+03 0.0000e+00 0.0000e+00 1.4279e+03 0.0000e+00 5.7000e+03 0.0000e+00 0.0000e+00 0.0000e+00 0.0000e+00 0.0000e+00 0.0000e+00 0.0000e+00
