0.0000e+00 1.2000e-11 2.4809e-01 1.7000e+03 5.6343e+03 5.7000e+03 2.7481e+18 2.0738e+17 2.0738e+17 5.2502e-01 0.0000e+00 8.0682e+03 0.0000e+00
1.0000e+01 1.1954e-11 2.1960e-01 1.6904e+03 5.6026e+03 5.7000e+03 1.8765e+18 2.3121e+17 2.3121e+17 5.9084e-01 0.0000e+00 7.1209e+03 0.0000e+00
2.0000e+01 1.1908e-11 2.3098e-01 1.6793e+03 5.5656e+03 5.7000e+03 2.1393e+18 2.6295e+17 2.6295e+17 5.5959e-01 0.0000e+00 7.4587e+03 0.0000e+00
3.0000e+01 1.1862e-11 2.4341e-01 1.6689e+03 5.5311e+03 5.7000e+03 2.4579e+18 2.9695e+17 2.9695e+17 5.2896e-01 0.0000e+00 7.8316e+03 0.0000e+00
4.0000e+01 1.1817e-11 2.5572e-01 1.6592e+03 5.4990e+03 5.7000e+03 2.8029e+18 3.3296e+17 3.3296e+17 5.0156e-01 0.0000e+00 8.2014e+03 0.0000e+00
5.0000e+01 1.1771e-11 2.6786e-01 1.6501e+03 5.4690e+03 5.7000e+03 3.1736e+18 3.7092e+17 3.7092e+17 4.7700e-01 0.0000e+00 8.5669e+03 0.0000e+00
6.0000e+01 1.1726e-11 2.7982e-01 1.6417e+03 5.4410e+03 5.7000e+03 3.5699e+18 4.1079e+17 4.1079e+17 4.5486e-01 0.0000e+00 8.9281e+03 0.0000e+00
7.0000e+01 1.1681e-11 2.9160e-01 1.6337e+03 5.4147e+03 5.7000e+03 3.9919e+18 4.5250e+17 4.5250e+17 4.3481e-01 0.0000e+00 9.2850e+03 0.0000e+00
8.0000e+01 1.1636e-11 3.0319e-01 1.6263e+03 5.3900e+03 5.7000e+03 4.4394e+18 4.9601e+17 4.9601e+17 4.1658e-01 0.0000e+00 9.6376e+03 0.0000e+00
9.0000e+01 1.1592e-11 3.1459e-01 1.6193e+03 5.3667e+03 5.7000e+03 4.9123e+18 5.4125e+17 5.4125e+17 3.9994e-01 0.0000e+00 9.9859e+03 0.0000e+00
1.0000e+02 1.1547e-11 3.2580e-01 1.6126e+03 5.3447e+03 5.7000e+03 5.4106e+18 5.8817e+17 5.8817e+17 3.8470e-01 0.0000e+00 1.0330e+04 0.0000e+00
1.1000e+02 1.1503e-11 3.3682e-01 1.6063e+03 5.3239e+03 5.7000e+03 5.9338e+18 6.3670e+17 6.3670e+17 3.7068e-01 0.0000e+00 1.0670e+04 0.0000e+00
1.2000e+02 1.1459e-11 3.4765e-01 1.6004e+03 5.3042e+03 5.7000e+03 6.4819e+18 6.8679e+17 6.8679e+17 3.5776e-01 0.0000e+00 1.1005e+04 0.0000e+00
1.3000e+02 1.1415e-11 3.5828e-01 1.5947e+03 5.2855e+03 5.7000e+03 7.0545e+18 7.3837e+17 7.3837e+17 3.4581e-01 0.0000e+00 1.1336e+04 0.0000e+00
1.4000e+02 1.1371e-11 3.6871e-01 1.5894e+03 5.2676e+03 5.7000e+03 7.6513e+18 7.9138e+17 7.9138e+17 3.3473e-01 0.0000e+00 1.1663e+04 0.0000e+00
1.5000e+02 1.1327e-11 3.7896e-01 1.5842e+03 5.2507e+03 5.7000e+03 8.2718e+18 8.4576e+17 8.4576e+17 3.2443e-01 0.0000e+00 1.1986e+04 0.0000e+00
1.6000e+02 1.1284e-11 3.8900e-01 1.5794e+03 5.2345e+03 5.7000e+03 8.9159e+18 9.0145e+17 9.0145e+17 3.1484e-01 0.0000e+00 1.2305e+04 0.0000e+00
1.7000e+02 1.1240e-11 3.9886e-01 1.5747e+03 5.2191e+03 5.7000e+03 9.5829e+18 9.5838e+17 9.5838e+17 3.0588e-01 0.0000e+00 1.2620e+04 0.0000e+00
1.8000e+02 1.1197e-11 4.0852e-01 1.5703e+03 5.2043e+03 5.7000e+03 1.0273e+19 1.0165e+18 1.0165e+18 2.9750e-01 0.0000e+00 1.2930e+04 0.0000e+00
1.9000e+02 1.1154e-11 4.1800e-01 1.5660e+03 5.1902e+03 5.7000e+03 1.0984e+19 1.0758e+18 1.0758e+18 2.8964e-01 0.0000e+00 1.3237e+04 0.0000e+00
2.0000e+02 1.1111e-11 4.2728e-01 1.5619e+03 5.1767e+03 5.7000e+03 1.1718e+19 1.1361e+18 1.1361e+18 2.8226e-01 0.0000e+00 1.3540e+04 0.0000e+00
2.1000e+02 1.1069e-11 4.3637e-01 1.5580e+03 5.1637e+03 5.7000e+03 1.2473e+19 1.1975e+18 1.1975e+18 2.7532e-01 0.0000e+00 1.3839e+04 0.0000e+00
2.2000e+02 1.1026e-11 4.4528e-01 1.5542e+03 5.1513e+03 5.7000e+03 1.3248e+19 1.2598e+18 1.2598e+18 2.6877e-01 0.0000e+00 1.4134e+04 0.0000e+00
2.3000e+02 1.0984e-11 4.5401e-01 1.5506e+03 5.1393e+03 5.7000e+03 1.4044e+19 1.3231e+18 1.3231e+18 2.6259e-01 0.0000e+00 1.4425e+04 0.0000e+00
2.4000e+02 1.0942e-11 4.6255e-01 1.5472e+03 5.1278e+03 5.7000e+03 1.4860e+19 1.3872e+18 1.3872e+18 2.5675e-01 0.0000e+00 1.4713e+04 0.0000e+00
2.5000e+02 1.0900e-11 4.7092e-01 1.5438e+03 5.1167e+03 5.7000e+03 1.5695e+19 1.4521e+18 1.4521e+18 2.5123e-01 0.0000e+00 1.4996e+04 0.0000e+00
2.6000e+02 1.0858e-11 4.7910e-01 1.5406e+03 5.1061e+03 5.7000e+03 1.6549e+19 1.5178e+18 1.5178e+18 2.4598e-01 0.0000e+00 1.5277e+04 0.0000e+00
2.7000e+02 1.0816e-11 4.8711e-01 1.5375e+03 5.0958e+03 5.7000e+03 1.7421e+19 1.5843e+18 1.5843e+18 2.4101e-01 0.0000e+00 1.5553e+04 0.0000e+00
2.8000e+02 1.0774e-11 4.9495e-01 1.5345e+03 5.0859e+03 5.7000e+03 1.8311e+19 1.6514e+18 1.6514e+18 2.3628e-01 0.0000e+00 1.5827e+04 0.0000e+00
2.9000e+02 1.0733e-11 5.0262e-01 1.5316e+03 5.0763e+03 5.7000e+03 1.9219e+19 1.7191e+18 1.7191e+18 2.3179e-01 0.0000e+00 1.6096e+04 0.0000e+00
3.0000e+02 1.0692e-11 5.1012e-01 1.5288e+03 5.0670e+03 5.7000e+03 2.0143e+19 1.7875e+18 1.7875e+18 2.2750e-01 0.0000e+00 1.6363e+04 0.0000e+00
3.1000e+02 1.0651e-11 5.1745e-01 1.5261e+03 5.0581e+03 5.7000e+03 2.1084e+19 1.8564e+18 1.8564e+18 2.2341e-01 0.0000e+00 1.6626e+04 0.0000e+00
3.2000e+02 1.0610e-11 5.2462e-01 1.5235e+03 5.0494e+03 5.7000e+03 2.2041e+19 1.9258e+18 1.9258e+18 2.1951e-01 0.0000e+00 1.6885e+04 0.0000e+00
3.3000e+02 1.0569e-11 5.3163e-01 1.5210e+03 5.0411e+03 5.7000e+03 2.3014e+19 1.9957e+18 1.9957e+18 2.1579e-01 0.0000e+00 1.7142e+04 0.0000e+00
3.4000e+02 1.0529e-11 5.3849e-01 1.5186e+03 5.0329e+03 5.7000e+03 2.4002e+19 2.0661e+18 2.0661e+18 2.1222e-01 0.0000e+00 1.7395e+04 0.0000e+00
3.5000e+02 1.0488e-11 5.4519e-01 1.5162e+03 5.0251e+03 5.7000e+03 2.5005e+19 2.1369e+18 2.1369e+18 2.0881e-01 0.0000e+00 1.7645e+04 0.0000e+00
3.6000e+02 1.0448e-11 5.5174e-01 1.5139e+03 5.0175e+03 5.7000e+03 2.6022e+19 2.2081e+18 2.2081e+18 2.0554e-01 0.0000e+00 1.7893e+04 0.0000e+00
3.7000e+02 1.0408e-11 5.5814e-01 1.5116e+03 5.0101e+03 5.7000e+03 2.7053e+19 2.2796e+18 2.2796e+18 2.0240e-01 0.0000e+00 1.8137e+04 0.0000e+00
3.8000e+02 1.0368e-11 5.6439e-01 1.5095e+03 5.0029e+03 5.7000e+03 2.8097e+19 2.3515e+18 2.3515e+18 1.9939e-01 0.0000e+00 1.8378e+04 0.0000e+00
3.9000e+02 1.0328e-11 5.7050e-01 1.5074e+03 4.9959e+03 5.7000e+03 2.9154e+19 2.4236e+18 2.4236e+18 1.9650e-01 0.0000e+00 1.8617e+04 0.0000e+00
4.0000e+02 1.0288e-11 5.7647e-01 1.5053e+03 4.9892e+03 5.7000e+03 3.0225e+19 2.4961e+18 2.4961e+18 1.9372e-01 0.0000e+00 1.8852e+04 0.0000e+00
4.1000e+02 1.0249e-11 5.8230e-01 1.5034e+03 4.9826e+03 5.7000e+03 3.1307e+19 2.5688e+18 2.5688e+18 1.9104e-01 0.0000e+00 1.9085e+04 0.0000e+00
4.2000e+02 1.0209e-11 5.8799e-01 1.5014e+03 4.9762e+03 5.7000e+03 3.2402e+19 2.6417e+18 2.6417e+18 1.8847e-01 0.0000e+00 1.9315e+04 0.0000e+00
4.3000e+02 1.0170e-11 5.9355e-01 1.4995e+03 4.9699e+03 5.7000e+03 3.3509e+19 2.7149e+18 2.7149e+18 1.8598e-01 0.0000e+00 1.9543e+04 0.0000e+00
4.4000e+02 1.0131e-11 5.9898e-01 1.4977e+03 4.9639e+03 5.7000e+03 3.4627e+19 2.7882e+18 2.7882e+18 1.8359e-01 0.0000e+00 1.9768e+04 0.0000e+00
4.5000e+02 1.0092e-11 6.0428e-01 1.4959e+03 4.9580e+03 5.7000e+03 3.5756e+19 2.8617e+18 2.8617e+18 1.8128e-01 0.0000e+00 1.9990e+04 0.0000e+00
4.6000e+02 1.0054e-11 6.0946e-01 1.4942e+03 4.9522e+03 5.7000e+03 3.6895e+19 2.9354e+18 2.9354e+18 1.7905e-01 0.0000e+00 2.0210e+04 0.0000e+00
4.7000e+02 1.0015e-11 6.1451e-01 1.4925e+03 4.9466e+03 5.7000e+03 3.8046e+19 3.0092e+18 3.0092e+18 1.7689e-01 0.0000e+00 2.0427e+04 0.0000e+00
4.8000e+02 9.9765e-12 6.1945e-01 1.4908e+03 4.9411e+03 5.7000e+03 3.9206e+19 3.0831e+18 3.0831e+18 1.7481e-01 0.0000e+00 2.0642e+04 0.0000e+00
4.9000e+02 9.9382e-12 6.2426e-01 1.4892e+03 4.9358e+03 5.7000e+03 4.0377e+19 3.1571e+18 3.1571e+18 1.7280e-01 0.0000e+00 2.0855e+04 0.0000e+00
5.0000e+02 9.9000e-12 6.2897e-01 1.4877e+03 4.9306e+03 5.7000e+03 4.1557e+19 3.2312e+18 3.2312e+18 1.7085e-01 0.0000e+00 2.1066e+04 0.0000e+00
5.1000e+02 9.8620e-12 6.3355e-01 1.4861e+03 4.9255e+03 5.7000e+03 4.2746e+19 3.3054e+18 3.3054e+18 1.6896e-01 0.0000e+00 2.1274e+04 0.0000e+00
5.2000e+02 9.8241e-12 6.3803e-01 1.4846e+03 4.9205e+03 5.7000e+03 4.3945e+19 3.3797e+18 3.3797e+18 1.6713e-01 0.0000e+00 2.1480e+04 0.0000e+00
5.3000e+02 9.7864e-12 6.4240e-01 1.4832e+03 4.9157e+03 5.7000e+03 4.5153e+19 3.4540e+18 3.4540e+18 1.6535e-01 0.0000e+00 2.1684e+04 0.0000e+00
5.4000e+02 9.7488e-12 6.4666e-01 1.4817e+03 4.9109e+03 5.7000e+03 4.6370e+19 3.5284e+18 3.5284e+18 1.6363e-01 0.0000e+00 2.1885e+04 0.0000e+00
5.5000e+02 9.7114e-12 6.5082e-01 1.4803e+03 4.9063e+03 5.7000e+03 4.7595e+19 3.6028e+18 3.6028e+18 1.6196e-01 0.0000e+00 2.2085e+04 0.0000e+00
5.6000e+02 9.6741e-12 6.5488e-01 1.4790e+03 4.9017e+03 5.7000e+03 4.8829e+19 3.6773e+18 3.6773e+18 1.6034e-01 0.0000e+00 2.2283e+04 0.0000e+00
5.7000e+02 9.6370e-12 6.5884e-01 1.4776e+03 4.8973e+03 5.7000e+03 5.0072e+19 3.7518e+18 3.7518e+18 1.5877e-01 0.0000e+00 2.2479e+04 0.0000e+00
5.8000e+02 9.6000e-12 6.6270e-01 1.4763e+03 4.8930e+03 5.7000e+03 5.1322e+19 3.8263e+18 3.8263e+18 1.5723e-01 0.0000e+00 2.2673e+04 0.0000e+00
5.9000e+02 9.5631e-12 6.6647e-01 1.4750e+03 4.8887e+03 5.7000e+03 5.2580e+19 3.9008e+18 3.9008e+18 1.5575e-01 0.0000e+00 2.2865e+04 0.0000e+00
6.0000e+02 9.5264e-12 6.7014e-01 1.4738e+03 4.8845e+03 5.7000e+03 5.3846e+19 3.9753e+18 3.9753e+18 1.5430e-01 0.0000e+00 2.3055e+04 0.0000e+00
6.1000e+02 9.4898e-12 6.7373e-01 1.4725e+03 4.8804e+03 5.7000e+03 5.5120e+19 4.0498e+18 4.0498e+18 1.5289e-01 0.0000e+00 2.3243e+04 0.0000e+00
6.2000e+02 9.4533e-12 6.7722e-01 1.4713e+03 4.8764e+03 5.7000e+03 5.6402e+19 4.1243e+18 4.1243e+18 1.5151e-01 0.0000e+00 2.3430e+04 0.0000e+00
6.3000e+02 9.4170e-12 6.8063e-01 1.4701e+03 4.8725e+03 5.7000e+03 5.7691e+19 4.1989e+18 4.1989e+18 1.5018e-01 0.0000e+00 2.3615e+04 0.0000e+00
6.4000e+02 9.3809e-12 6.8395e-01 1.4690e+03 4.8687e+03 5.7000e+03 5.8987e+19 4.2734e+18 4.2734e+18 1.4887e-01 0.0000e+00 2.3799e+04 0.0000e+00
6.5000e+02 9.3449e-12 6.8719e-01 1.4678e+03 4.8649e+03 5.7000e+03 6.0291e+19 4.3478e+18 4.3478e+18 1.4760e-01 0.0000e+00 2.3980e+04 0.0000e+00
6.6000e+02 9.3090e-12 6.9035e-01 1.4667e+03 4.8612e+03 5.7000e+03 6.1601e+19 4.4223e+18 4.4223e+18 1.4636e-01 0.0000e+00 2.4160e+04 0.0000e+00
6.7000e+02 9.2732e-12 6.9343e-01 1.4656e+03 4.8576e+03 5.7000e+03 6.2919e+19 4.4968e+18 4.4968e+18 1.4515e-01 0.0000e+00 2.4339e+04 0.0000e+00
6.8000e+02 9.2376e-12 6.9643e-01 1.4646e+03 4.8540e+03 5.7000e+03 6.4244e+19 4.5712e+18 4.5712e+18 1.4397e-01 0.0000e+00 2.4516e+04 0.0000e+00
6.9000e+02 9.2021e-12 6.9936e-01 1.4635e+03 4.8505e+03 5.7000e+03 6.5576e+19 4.6456e+18 4.6456e+18 1.4282e-01 0.0000e+00 2.4692e+04 0.0000e+00
7.0000e+02 9.1668e-12 7.0221e-01 1.4625e+03 4.8470e+03 5.7000e+03 6.6915e+19 4.7200e+18 4.7200e+18 1.4169e-01 0.0000e+00 2.4866e+04 0.0000e+00
7.1000e+02 9.1316e-12 7.0499e-01 1.4614e+03 4.8436e+03 5.7000e+03 6.8261e+19 4.7944e+18 4.7944e+18 1.4059e-01 0.0000e+00 2.5039e+04 0.0000e+00
7.2000e+02 9.0965e-12 7.0770e-01 1.4604e+03 4.8403e+03 5.7000e+03 6.9614e+19 4.8687e+18 4.8687e+18 1.3952e-01 0.0000e+00 2.5211e+04 0.0000e+00
7.3000e+02 9.0616e-12 7.1034e-01 1.4594e+03 4.8370e+03 5.7000e+03 7.0974e+19 4.9430e+18 4.9430e+18 1.3846e-01 0.0000e+00 2.5381e+04 0.0000e+00
7.4000e+02 9.0268e-12 7.1291e-01 1.4585e+03 4.8338e+03 5.7000e+03 7.2340e+19 5.0173e+18 5.0173e+18 1.3743e-01 0.0000e+00 2.5550e+04 0.0000e+00
7.5000e+02 8.9922e-12 7.1542e-01 1.4575e+03 4.8307e+03 5.7000e+03 7.3714e+19 5.0916e+18 5.0916e+18 1.3643e-01 0.0000e+00 2.5717e+04 0.0000e+00
7.6000e+02 8.9576e-12 7.1786e-01 1.4566e+03 4.8275e+03 5.7000e+03 7.5094e+19 5.1659e+18 5.1659e+18 1.3544e-01 0.0000e+00 2.5884e+04 0.0000e+00
7.7000e+02 8.9232e-12 7.2024e-01 1.4556e+03 4.8245e+03 5.7000e+03 7.6481e+19 5.2402e+18 5.2402e+18 1.3447e-01 0.0000e+00 2.6049e+04 0.0000e+00
7.8000e+02 8.8890e-12 7.2256e-01 1.4547e+03 4.8215e+03 5.7000e+03 7.7874e+19 5.3144e+18 5.3144e+18 1.3353e-01 0.0000e+00 2.6213e+04 0.0000e+00
7.9000e+02 8.8548e-12 7.2482e-01 1.4538e+03 4.8185e+03 5.7000e+03 7.9275e+19 5.3886e+18 5.3886e+18 1.3260e-01 0.0000e+00 2.6376e+04 0.0000e+00
8.0000e+02 8.8208e-12 7.2702e-01 1.4530e+03 4.8156e+03 5.7000e+03 8.0682e+19 5.4629e+18 5.4629e+18 1.3169e-01 0.0000e+00 2.6538e+04 0.0000e+00
8.1000e+02 8.7870e-12 7.2916e-01 1.4521e+03 4.8127e+03 5.7000e+03 8.2097e+19 5.5371e+18 5.5371e+18 1.3080e-01 0.0000e+00 2.6699e+04 0.0000e+00
8.2000e+02 8.7532e-12 7.3124e-01 1.4512e+03 4.8098e+03 5.7000e+03 8.3518e+19 5.6113e+18 5.6113e+18 1.2993e-01 0.0000e+00 2.6859e+04 0.0000e+00
8.3000e+02 8.7196e-12 7.3327e-01 1.4504e+03 4.8070e+03 5.7000e+03 8.4946e+19 5.6855e+18 5.6855e+18 1.2907e-01 0.0000e+00 2.7017e+04 0.0000e+00
8.4000e+02 8.6861e-12 7.3525e-01 1.4496e+03 4.8043e+03 5.7000e+03 8.6381e+19 5.7597e+18 5.7597e+18 1.2823e-01 0.0000e+00 2.7175e+04 0.0000e+00
8.5000e+02 8.6528e-12 7.3718e-01 1.4487e+03 4.8015e+03 5.7000e+03 8.7822e+19 5.8339e+18 5.8339e+18 1.2740e-01 0.0000e+00 2.7332e+04 0.0000e+00
8.6000e+02 8.6195e-12 7.3905e-01 1.4479e+03 4.7988e+03 5.7000e+03 8.9271e+19 5.9081e+18 5.9081e+18 1.2659e-01 0.0000e+00 2.7488e+04 0.0000e+00
8.7000e+02 8.5864e-12 7.4087e-01 1.4471e+03 4.7962e+03 5.7000e+03 9.0727e+19 5.9823e+18 5.9823e+18 1.2580e-01 0.0000e+00 2.7643e+04 0.0000e+00
8.8000e+02 8.5535e-12 7.4265e-01 1.4463e+03 4.7936e+03 5.7000e+03 9.2191e+19 6.0566e+18 6.0566e+18 1.2501e-01 0.0000e+00 2.7797e+04 0.0000e+00
8.9000e+02 8.5206e-12 7.4438e-01 1.4456e+03 4.7910e+03 5.7000e+03 9.3661e+19 6.1308e+18 6.1308e+18 1.2424e-01 0.0000e+00 2.7950e+04 0.0000e+00
9.0000e+02 8.4879e-12 7.4606e-01 1.4448e+03 4.7885e+03 5.7000e+03 9.5138e+19 6.2051e+18 6.2051e+18 1.2349e-01 0.0000e+00 2.8103e+04 0.0000e+00
9.1000e+02 8.4553e-12 7.4769e-01 1.4440e+03 4.7859e+03 5.7000e+03 9.6623e+19 6.2794e+18 6.2794e+18 1.2274e-01 0.0000e+00 2.8254e+04 0.0000e+00
9.2000e+02 8.4228e-12 7.4928e-01 1.4433e+03 4.7835e+03 5.7000e+03 9.8116e+19 6.3537e+18 6.3537e+18 1.2201e-01 0.0000e+00 2.8405e+04 0.0000e+00
9.3000e+02 8.3905e-12 7.5083e-01 1.4425e+03 4.7810e+03 5.7000e+03 9.9615e+19 6.4281e+18 6.4281e+18 1.2129e-01 0.0000e+00 2.8555e+04 0.0000e+00
9.4000e+02 8.3583e-12 7.5234e-01 1.4418e+03 4.7786e+03 5.7000e+03 1.0112e+20 6.5025e+18 6.5025e+18 1.2059e-01 0.0000e+00 2.8705e+04 0.0000e+00
9.5000e+02 8.3262e-12 7.5380e-01 1.4411e+03 4.7762e+03 5.7000e+03 1.0264e+20 6.5769e+18 6.5769e+18 1.1989e-01 0.0000e+00 2.8853e+04 0.0000e+00
9.6000e+02 8.2942e-12 7.5523e-01 1.4404e+03 4.7738e+03 5.7000e+03 1.0416e+20 6.6514e+18 6.6514e+18 1.1920e-01 0.0000e+00 2.9001e+04 0.0000e+00
9.7000e+02 8.2624e-12 7.5661e-01 1.4397e+03 4.7715e+03 5.7000e+03 1.0569e+20 6.7259e+18 6.7259e+18 1.1853e-01 0.0000e+00 2.9149e+04 0.0000e+00
9.8000e+02 8.2306e-12 7.5796e-01 1.4390e+03 4.7691e+03 5.7000e+03 1.0723e+20 6.8005e+18 6.8005e+18 1.1786e-01 0.0000e+00 2.9295e+04 0.0000e+00
9.9000e+02 8.1990e-12 7.5927e-01 1.4383e+03 4.7669e+03 5.7000e+03 1.0877e+20 6.8752e+18 6.8752e+18 1.1721e-01 0.0000e+00 2.9441e+04 0.0000e+00
1.0000e+03 8.1675e-12 7.6054e-01 1.4376e+03 4.7646e+03 5.7000e+03 1.1033e+20 6.9499e+18 6.9499e+18 1.1656e-01 0.0000e+00 2.9587e+04 0.0000e+00
1.0100e+03 8.1362e-12 7.6177e-01 1.4369e+03 4.7624e+03 5.7000e+03 1.1189e+20 7.0246e+18 7.0246e+18 1.1593e-01 0.0000e+00 2.9731e+04 0.0000e+00
1.0200e+03 8.1049e-12 7.6298e-01 1.4362e+03 4.7601e+03 5.7000e+03 1.1346e+20 7.0995e+18 7.0995e+18 1.1530e-01 0.0000e+00 2.9876e+04 0.0000e+00
1.0300e+03 8.0738e-12 7.6414e-01 1.4356e+03 4.7579e+03 5.7000e+03 1.1504e+20 7.1744e+18 7.1744e+18 1.1468e-01 0.0000e+00 3.0019e+04 0.0000e+00
1.0400e+03 8.0428e-12 7.6527e-01 1.4349e+03 4.7558e+03 5.7000e+03 1.1663e+20 7.2494e+18 7.2494e+18 1.1407e-01 0.0000e+00 3.0163e+04 0.0000e+00
1.0500e+03 8.0119e-12 7.6637e-01 1.4343e+03 4.7536e+03 5.7000e+03 1.1822e+20 7.3244e+18 7.3244e+18 1.1347e-01 0.0000e+00 3.0305e+04 0.0000e+00
1.0600e+03 7.9812e-12 7.6744e-01 1.4336e+03 4.7515e+03 5.7000e+03 1.1983e+20 7.3996e+18 7.3996e+18 1.1288e-01 0.0000e+00 3.0447e+04 0.0000e+00
1.0700e+03 7.9505e-12 7.6848e-01 1.4330e+03 4.7494e+03 5.7000e+03 1.2144e+20 7.4748e+18 7.4748e+18 1.1229e-01 0.0000e+00 3.0589e+04 0.0000e+00
1.0800e+03 7.9200e-12 7.6949e-01 1.4324e+03 4.7473e+03 5.7000e+03 1.2306e+20 7.5502e+18 7.5502e+18 1.1172e-01 0.0000e+00 3.0730e+04 0.0000e+00
1.0900e+03 7.8896e-12 7.7046e-01 1.4317e+03 4.7452e+03 5.7000e+03 1.2469e+20 7.6257e+18 7.6257e+18 1.1115e-01 0.0000e+00 3.0871e+04 0.0000e+00
1.1000e+03 7.8593e-12 7.7141e-01 1.4311e+03 4.7432e+03 5.7000e+03 1.2633e+20 7.7012e+18 7.7012e+18 1.1058e-01 0.0000e+00 3.1011e+04 0.0000e+00
1.1100e+03 7.8291e-12 7.7233e-01 1.4305e+03 4.7412e+03 5.7000e+03 1.2798e+20 7.7769e+18 7.7769e+18 1.1003e-01 0.0000e+00 3.1151e+04 0.0000e+00
1.1200e+03 7.7990e-12 7.7322e-01 1.4299e+03 4.7392e+03 5.7000e+03 1.2964e+20 7.8527e+18 7.8527e+18 1.0948e-01 0.0000e+00 3.1291e+04 0.0000e+00
1.1300e+03 7.7691e-12 7.7408e-01 1.4293e+03 4.7372e+03 5.7000e+03 1.3131e+20 7.9286e+18 7.9286e+18 1.0894e-01 0.0000e+00 3.1430e+04 0.0000e+00
1.1400e+03 7.7392e-12 7.7492e-01 1.4287e+03 4.7352e+03 5.7000e+03 1.3299e+20 8.0046e+18 8.0046e+18 1.0840e-01 0.0000e+00 3.1569e+04 0.0000e+00
1.1500e+03 7.7095e-12 7.7573e-01 1.4281e+03 4.7332e+03 5.7000e+03 1.3468e+20 8.0808e+18 8.0808e+18 1.0787e-01 0.0000e+00 3.1707e+04 0.0000e+00
1.1600e+03 7.6799e-12 7.7652e-01 1.4275e+03 4.7313e+03 5.7000e+03 1.3637e+20 8.1571e+18 8.1571e+18 1.0735e-01 0.0000e+00 3.1845e+04 0.0000e+00
1.1700e+03 7.6504e-12 7.7728e-01 1.4270e+03 4.7294e+03 5.7000e+03 1.3808e+20 8.2335e+18 8.2335e+18 1.0683e-01 0.0000e+00 3.1983e+04 0.0000e+00
1.1800e+03 7.6211e-12 7.7802e-01 1.4264e+03 4.7275e+03 5.7000e+03 1.3980e+20 8.3101e+18 8.3101e+18 1.0632e-01 0.0000e+00 3.2121e+04 0.0000e+00
1.1900e+03 7.5918e-12 7.7873e-01 1.4258e+03 4.7256e+03 5.7000e+03 1.4153e+20 8.3868e+18 8.3868e+18 1.0582e-01 0.0000e+00 3.2258e+04 0.0000e+00
1.2000e+03 7.5626e-12 7.7942e-01 1.4252e+03 4.7237e+03 5.7000e+03 1.4326e+20 8.4637e+18 8.4637e+18 1.0532e-01 0.0000e+00 3.2395e+04 0.0000e+00
1.2100e+03 7.5336e-12 7.8009e-01 1.4247e+03 4.7218e+03 5.7000e+03 1.4501e+20 8.5407e+18 8.5407e+18 1.0482e-01 0.0000e+00 3.2531e+04 0.0000e+00
1.2200e+03 7.5047e-12 7.8074e-01 1.4241e+03 4.7200e+03 5.7000e+03 1.4677e+20 8.6179e+18 8.6179e+18 1.0433e-01 0.0000e+00 3.2668e+04 0.0000e+00
1.2300e+03 7.4758e-12 7.8136e-01 1.4236e+03 4.7181e+03 5.7000e+03 1.4854e+20 8.6952e+18 8.6952e+18 1.0385e-01 0.0000e+00 3.2804e+04 0.0000e+00
1.2400e+03 7.4471e-12 7.8196e-01 1.4230e+03 4.7163e+03 5.7000e+03 1.5032e+20 8.7727e+18 8.7727e+18 1.0337e-01 0.0000e+00 3.2940e+04 0.0000e+00
1.2500e+03 7.4185e-12 7.8255e-01 1.4225e+03 4.7145e+03 5.7000e+03 1.5212e+20 8.8504e+18 8.8504e+18 1.0290e-01 0.0000e+00 3.3076e+04 0.0000e+00
1.2600e+03 7.3901e-12 7.8311e-01 1.4219e+03 4.7127e+03 5.7000e+03 1.5392e+20 8.9283e+18 8.9283e+18 1.0243e-01 0.0000e+00 3.3211e+04 0.0000e+00
1.2700e+03 7.3617e-12 7.8365e-01 1.4214e+03 4.7109e+03 5.7000e+03 1.5574e+20 9.0064e+18 9.0064e+18 1.0197e-01 0.0000e+00 3.3346e+04 0.0000e+00
1.2800e+03 7.3334e-12 7.8417e-01 1.4209e+03 4.7092e+03 5.7000e+03 1.5756e+20 9.0846e+18 9.0846e+18 1.0151e-01 0.0000e+00 3.3481e+04 0.0000e+00
1.2900e+03 7.3052e-12 7.8468e-01 1.4203e+03 4.7074e+03 5.7000e+03 1.5940e+20 9.1630e+18 9.1630e+18 1.0105e-01 0.0000e+00 3.3616e+04 0.0000e+00
1.3000e+03 7.2772e-12 7.8516e-01 1.4198e+03 4.7056e+03 5.7000e+03 1.6125e+20 9.2417e+18 9.2417e+18 1.0060e-01 0.0000e+00 3.3751e+04 0.0000e+00
1.3100e+03 7.2493e-12 7.8563e-01 1.4193e+03 4.7039e+03 5.7000e+03 1.6311e+20 9.3205e+18 9.3205e+18 1.0015e-01 0.0000e+00 3.3886e+04 0.0000e+00
1.3200e+03 7.2214e-12 7.8608e-01 1.4188e+03 4.7022e+03 5.7000e+03 1.6499e+20 9.3995e+18 9.3995e+18 9.9713e-02 0.0000e+00 3.4020e+04 0.0000e+00
1.3300e+03 7.1937e-12 7.8652e-01 1.4182e+03 4.7005e+03 5.7000e+03 1.6687e+20 9.4788e+18 9.4788e+18 9.9275e-02 0.0000e+00 3.4155e+04 0.0000e+00
1.3400e+03 7.1661e-12 7.8693e-01 1.4177e+03 4.6988e+03 5.7000e+03 1.6877e+20 9.5582e+18 9.5582e+18 9.8842e-02 0.0000e+00 3.4289e+04 0.0000e+00
1.3500e+03 7.1385e-12 7.8733e-01 1.4172e+03 4.6971e+03 5.7000e+03 1.7068e+20 9.6379e+18 9.6379e+18 9.8412e-02 0.0000e+00 3.4423e+04 0.0000e+00
1.3600e+03 7.1111e-12 7.8772e-01 1.4167e+03 4.6954e+03 5.7000e+03 1.7261e+20 9.7178e+18 9.7178e+18 9.7986e-02 0.0000e+00 3.4557e+04 0.0000e+00
1.3700e+03 7.0838e-12 7.8809e-01 1.4162e+03 4.6937e+03 5.7000e+03 1.7454e+20 9.7979e+18 9.7979e+18 9.7565e-02 0.0000e+00 3.4691e+04 0.0000e+00
1.3800e+03 7.0566e-12 7.8844e-01 1.4157e+03 4.6921e+03 5.7000e+03 1.7649e+20 9.8782e+18 9.8782e+18 9.7146e-02 0.0000e+00 3.4825e+04 0.0000e+00
1.3900e+03 7.0295e-12 7.8878e-01 1.4152e+03 4.6904e+03 5.7000e+03 1.7846e+20 9.9588e+18 9.9588e+18 9.6732e-02 0.0000e+00 3.4959e+04 0.0000e+00
1.4000e+03 7.0025e-12 7.8910e-01 1.4147e+03 4.6888e+03 5.7000e+03 1.8043e+20 1.0040e+19 1.0040e+19 9.6321e-02 0.0000e+00 3.5092e+04 0.0000e+00
1.4100e+03 6.9756e-12 7.8941e-01 1.4142e+03 4.6872e+03 5.7000e+03 1.8242e+20 1.0121e+19 1.0121e+19 9.5913e-02 0.0000e+00 3.5226e+04 0.0000e+00
1.4200e+03 6.9489e-12 7.8970e-01 1.4137e+03 4.6855e+03 5.7000e+03 1.8443e+20 1.0202e+19 1.0202e+19 9.5510e-02 0.0000e+00 3.5360e+04 0.0000e+00
1.4300e+03 6.9222e-12 7.8998e-01 1.4132e+03 4.6839e+03 5.7000e+03 1.8644e+20 1.0283e+19 1.0283e+19 9.5109e-02 0.0000e+00 3.5493e+04 0.0000e+00
1.4400e+03 6.8956e-12 7.9025e-01 1.4128e+03 4.6823e+03 5.7000e+03 1.8848e+20 1.0365e+19 1.0365e+19 9.4712e-02 0.0000e+00 3.5627e+04 0.0000e+00
1.4500e+03 6.8691e-12 7.9051e-01 1.4123e+03 4.6807e+03 5.7000e+03 1.9052e+20 1.0447e+19 1.0447e+19 9.4318e-02 0.0000e+00 3.5760e+04 0.0000e+00
1.4600e+03 6.8427e-12 7.9075e-01 1.4118e+03 4.6791e+03 5.7000e+03 1.9258e+20 1.0530e+19 1.0530e+19 9.3927e-02 0.0000e+00 3.5894e+04 0.0000e+00
1.4700e+03 6.8165e-12 7.9098e-01 1.4113e+03 4.6776e+03 5.7000e+03 1.9466e+20 1.0612e+19 1.0612e+19 9.3539e-02 0.0000e+00 3.6028e+04 0.0000e+00
1.4800e+03 6.7903e-12 7.9119e-01 1.4109e+03 4.6760e+03 5.7000e+03 1.9675e+20 1.0695e+19 1.0695e+19 9.3154e-02 0.0000e+00 3.6161e+04 0.0000e+00
1.4900e+03 6.7642e-12 7.9140e-01 1.4104e+03 4.6744e+03 5.7000e+03 1.9885e+20 1.0778e+19 1.0778e+19 9.2772e-02 0.0000e+00 3.6295e+04 0.0000e+00
1.5000e+03 6.7382e-12 7.9159e-01 1.4099e+03 4.6729e+03 5.7000e+03 2.0097e+20 1.0862e+19 1.0862e+19 9.2394e-02 0.0000e+00 3.6428e+04 0.0000e+00
1.5100e+03 6.7124e-12 7.9177e-01 1.4094e+03 4.6713e+03 5.7000e+03 2.0311e+20 1.0945e+19 1.0945e+19 9.2018e-02 0.0000e+00 3.6562e+04 0.0000e+00
1.5200e+03 6.6866e-12 7.9194e-01 1.4090e+03 4.6698e+03 5.7000e+03 2.0526e+20 1.1029e+19 1.1029e+19 9.1645e-02 0.0000e+00 3.6696e+04 0.0000e+00
1.5300e+03 6.6609e-12 7.9210e-01 1.4085e+03 4.6683e+03 5.7000e+03 2.0742e+20 1.1113e+19 1.1113e+19 9.1274e-02 0.0000e+00 3.6829e+04 0.0000e+00
1.5400e+03 6.6353e-12 7.9225e-01 1.4081e+03 4.6668e+03 5.7000e+03 2.0961e+20 1.1198e+19 1.1198e+19 9.0907e-02 0.0000e+00 3.6963e+04 0.0000e+00
1.5500e+03 6.6098e-12 7.9239e-01 1.4076e+03 4.6652e+03 5.7000e+03 2.1180e+20 1.1283e+19 1.1283e+19 9.0542e-02 0.0000e+00 3.7097e+04 0.0000e+00
1.5600e+03 6.5845e-12 7.9252e-01 1.4071e+03 4.6637e+03 5.7000e+03 2.1402e+20 1.1368e+19 1.1368e+19 9.0180e-02 0.0000e+00 3.7231e+04 0.0000e+00
1.5700e+03 6.5592e-12 7.9263e-01 1.4067e+03 4.6622e+03 5.7000e+03 2.1625e+20 1.1453e+19 1.1453e+19 8.9820e-02 0.0000e+00 3.7365e+04 0.0000e+00
1.5800e+03 6.5340e-12 7.9274e-01 1.4062e+03 4.6607e+03 5.7000e+03 2.1850e+20 1.1539e+19 1.1539e+19 8.9463e-02 0.0000e+00 3.7499e+04 0.0000e+00
1.5900e+03 6.5089e-12 7.9284e-01 1.4058e+03 4.6592e+03 5.7000e+03 2.2076e+20 1.1625e+19 1.1625e+19 8.9109e-02 0.0000e+00 3.7633e+04 0.0000e+00
1.6000e+03 6.4839e-12 7.9293e-01 1.4053e+03 4.6578e+03 5.7000e+03 2.2304e+20 1.1711e+19 1.1711e+19 8.8756e-02 0.0000e+00 3.7767e+04 0.0000e+00
1.6100e+03 6.4590e-12 7.9301e-01 1.4049e+03 4.6563e+03 5.7000e+03 2.2534e+20 1.1798e+19 1.1798e+19 8.8407e-02 0.0000e+00 3.7901e+04 0.0000e+00
1.6200e+03 6.4342e-12 7.9308e-01 1.4045e+03 4.6548e+03 5.7000e+03 2.2765e+20 1.1885e+19 1.1885e+19 8.8060e-02 0.0000e+00 3.8035e+04 0.0000e+00
1.6300e+03 6.4095e-12 7.9314e-01 1.4040e+03 4.6534e+03 5.7000e+03 2.2998e+20 1.1972e+19 1.1972e+19 8.7715e-02 0.0000e+00 3.8170e+04 0.0000e+00
1.6400e+03 6.3849e-12 7.9319e-01 1.4036e+03 4.6519e+03 5.7000e+03 2.3233e+20 1.2060e+19 1.2060e+19 8.7372e-02 0.0000e+00 3.8305e+04 0.0000e+00
1.6500e+03 6.3604e-12 7.9324e-01 1.4031e+03 4.6505e+03 5.7000e+03 2.3470e+20 1.2148e+19 1.2148e+19 8.7032e-02 0.0000e+00 3.8439e+04 0.0000e+00
1.6600e+03 6.3359e-12 7.9327e-01 1.4027e+03 4.6490e+03 5.7000e+03 2.3709e+20 1.2236e+19 1.2236e+19 8.6693e-02 0.0000e+00 3.8574e+04 0.0000e+00
1.6700e+03 6.3116e-12 7.9330e-01 1.4023e+03 4.6476e+03 5.7000e+03 2.3949e+20 1.2325e+19 1.2325e+19 8.6358e-02 0.0000e+00 3.8709e+04 0.0000e+00
1.6800e+03 6.2874e-12 7.9332e-01 1.4018e+03 4.6461e+03 5.7000e+03 2.4192e+20 1.2414e+19 1.2414e+19 8.6024e-02 0.0000e+00 3.8844e+04 0.0000e+00
1.6900e+03 6.2632e-12 7.9333e-01 1.4014e+03 4.6447e+03 5.7000e+03 2.4436e+20 1.2503e+19 1.2503e+19 8.5692e-02 0.0000e+00 3.8979e+04 0.0000e+00
1.7000e+03 6.2392e-12 7.9334e-01 1.4010e+03 4.6433e+03 5.7000e+03 2.4682e+20 1.2593e+19 1.2593e+19 8.5363e-02 0.0000e+00 3.9115e+04 0.0000e+00
1.7100e+03 6.2152e-12 7.9333e-01 1.4006e+03 4.6419e+03 5.7000e+03 2.4930e+20 1.2682e+19 1.2682e+19 8.5035e-02 0.0000e+00 3.9250e+04 0.0000e+00
1.7200e+03 6.1914e-12 7.9332e-01 1.4001e+03 4.6405e+03 5.7000e+03 2.5179e+20 1.2773e+19 1.2773e+19 8.4710e-02 0.0000e+00 3.9386e+04 0.0000e+00
1.7300e+03 6.1676e-12 7.9331e-01 1.3997e+03 4.6391e+03 5.7000e+03 2.5431e+20 1.2863e+19 1.2863e+19 8.4386e-02 0.0000e+00 3.9522e+04 0.0000e+00
1.7400e+03 6.1439e-12 7.9328e-01 1.3993e+03 4.6377e+03 5.7000e+03 2.5685e+20 1.2955e+19 1.2955e+19 8.4065e-02 0.0000e+00 3.9658e+04 0.0000e+00
1.7500e+03 6.1203e-12 7.9325e-01 1.3989e+03 4.6363e+03 5.7000e+03 2.5941e+20 1.3046e+19 1.3046e+19 8.3745e-02 0.0000e+00 3.9794e+04 0.0000e+00
1.7600e+03 6.0968e-12 7.9321e-01 1.3984e+03 4.6349e+03 5.7000e+03 2.6199e+20 1.3138e+19 1.3138e+19 8.3428e-02 0.0000e+00 3.9931e+04 0.0000e+00
1.7700e+03 6.0734e-12 7.9317e-01 1.3980e+03 4.6335e+03 5.7000e+03 2.6458e+20 1.3230e+19 1.3230e+19 8.3112e-02 0.0000e+00 4.0067e+04 0.0000e+00
1.7800e+03 6.0501e-12 7.9311e-01 1.3976e+03 4.6321e+03 5.7000e+03 2.6720e+20 1.3322e+19 1.3322e+19 8.2798e-02 0.0000e+00 4.0204e+04 0.0000e+00
1.7900e+03 6.0268e-12 7.9306e-01 1.3972e+03 4.6307e+03 5.7000e+03 2.6984e+20 1.3415e+19 1.3415e+19 8.2486e-02 0.0000e+00 4.0341e+04 0.0000e+00
1.8000e+03 6.0037e-12 7.9299e-01 1.3968e+03 4.6294e+03 5.7000e+03 2.7250e+20 1.3508e+19 1.3508e+19 8.2176e-02 0.0000e+00 4.0478e+04 0.0000e+00
1.8100e+03 5.9806e-12 7.9292e-01 1.3964e+03 4.6280e+03 5.7000e+03 2.7518e+20 1.3602e+19 1.3602e+19 8.1868e-02 0.0000e+00 4.0616e+04 0.0000e+00
1.8200e+03 5.9577e-12 7.9285e-01 1.3960e+03 4.6266e+03 5.7000e+03 2.7789e+20 1.3696e+19 1.3696e+19 8.1561e-02 0.0000e+00 4.0753e+04 0.0000e+00
1.8300e+03 5.9348e-12 7.9277e-01 1.3956e+03 4.6253e+03 5.7000e+03 2.8061e+20 1.3790e+19 1.3790e+19 8.1257e-02 0.0000e+00 4.0891e+04 0.0000e+00
1.8400e+03 5.9120e-12 7.9268e-01 1.3951e+03 4.6239e+03 5.7000e+03 2.8336e+20 1.3885e+19 1.3885e+19 8.0953e-02 0.0000e+00 4.1029e+04 0.0000e+00
1.8500e+03 5.8893e-12 7.9259e-01 1.3947e+03 4.6226e+03 5.7000e+03 2.8613e+20 1.3980e+19 1.3980e+19 8.0652e-02 0.0000e+00 4.1167e+04 0.0000e+00
1.8600e+03 5.8667e-12 7.9249e-01 1.3943e+03 4.6212e+03 5.7000e+03 2.8892e+20 1.4076e+19 1.4076e+19 8.0352e-02 0.0000e+00 4.1306e+04 0.0000e+00
1.8700e+03 5.8442e-12 7.9239e-01 1.3939e+03 4.6199e+03 5.7000e+03 2.9173e+20 1.4172e+19 1.4172e+19 8.0054e-02 0.0000e+00 4.1444e+04 0.0000e+00
1.8800e+03 5.8217e-12 7.9228e-01 1.3935e+03 4.6186e+03 5.7000e+03 2.9457e+20 1.4268e+19 1.4268e+19 7.9758e-02 0.0000e+00 4.1583e+04 0.0000e+00
1.8900e+03 5.7994e-12 7.9216e-01 1.3931e+03 4.6172e+03 5.7000e+03 2.9743e+20 1.4365e+19 1.4365e+19 7.9463e-02 0.0000e+00 4.1722e+04 0.0000e+00
1.9000e+03 5.7771e-12 7.9204e-01 1.3927e+03 4.6159e+03 5.7000e+03 3.0031e+20 1.4462e+19 1.4462e+19 7.9170e-02 0.0000e+00 4.1862e+04 0.0000e+00
1.9100e+03 5.7549e-12 7.9192e-01 1.3923e+03 4.6146e+03 5.7000e+03 3.0321e+20 1.4560e+19 1.4560e+19 7.8878e-02 0.0000e+00 4.2001e+04 0.0000e+00
1.9200e+03 5.7328e-12 7.9179e-01 1.3919e+03 4.6133e+03 5.7000e+03 3.0614e+20 1.4658e+19 1.4658e+19 7.8588e-02 0.0000e+00 4.2141e+04 0.0000e+00
1.9300e+03 5.7108e-12 7.9166e-01 1.3915e+03 4.6120e+03 5.7000e+03 3.0910e+20 1.4756e+19 1.4756e+19 7.8299e-02 0.0000e+00 4.2281e+04 0.0000e+00
1.9400e+03 5.6889e-12 7.9152e-01 1.3911e+03 4.6107e+03 5.7000e+03 3.1207e+20 1.4855e+19 1.4855e+19 7.8012e-02 0.0000e+00 4.2422e+04 0.0000e+00
1.9500e+03 5.6670e-12 7.9138e-01 1.3907e+03 4.6094e+03 5.7000e+03 3.1508e+20 1.4954e+19 1.4954e+19 7.7727e-02 0.0000e+00 4.2562e+04 0.0000e+00
1.9600e+03 5.6453e-12 7.9123e-01 1.3904e+03 4.6081e+03 5.7000e+03 3.1810e+20 1.5054e+19 1.5054e+19 7.7442e-02 0.0000e+00 4.2703e+04 0.0000e+00
1.9700e+03 5.6236e-12 7.9108e-01 1.3900e+03 4.6068e+03 5.7000e+03 3.2115e+20 1.5154e+19 1.5154e+19 7.7160e-02 0.0000e+00 4.2845e+04 0.0000e+00
1.9800e+03 5.6020e-12 7.9092e-01 1.3896e+03 4.6055e+03 5.7000e+03 3.2423e+20 1.5254e+19 1.5254e+19 7.6879e-02 0.0000e+00 4.2986e+04 0.0000e+00
1.9900e+03 5.5805e-12 7.9076e-01 1.3892e+03 4.6042e+03 5.7000e+03 3.2733e+20 1.5355e+19 1.5355e+19 7.6599e-02 0.0000e+00 4.3128e+04 0.0000e+00
2.0000e+03 5.5591e-12 7.9060e-01 1.3888e+03 4.6029e+03 5.7000e+03 3.3046e+20 1.5456e+19 1.5456e+19 7.6321e-02 0.0000e+00 4.3270e+04 0.0000e+00
2.0100e+03 5.5377e-12 7.9043e-01 1.3884e+03 4.6016e+03 5.7000e+03 3.3362e+20 1.5558e+19 1.5558e+19 7.6044e-02 0.0000e+00 4.3412e+04 0.0000e+00
2.0200e+03 5.5164e-12 7.9026e-01 1.3880e+03 4.6003e+03 5.7000e+03 3.3680e+20 1.5660e+19 1.5660e+19 7.5768e-02 0.0000e+00 4.3555e+04 0.0000e+00
2.0300e+03 5.4953e-12 7.9008e-01 1.3876e+03 4.5990e+03 5.7000e+03 3.4000e+20 1.5763e+19 1.5763e+19 7.5494e-02 0.0000e+00 4.3698e+04 0.0000e+00
2.0400e+03 5.4742e-12 7.8991e-01 1.3873e+03 4.5978e+03 5.7000e+03 3.4324e+20 1.5866e+19 1.5866e+19 7.5221e-02 0.0000e+00 4.3841e+04 0.0000e+00
2.0500e+03 5.4531e-12 7.8972e-01 1.3869e+03 4.5965e+03 5.7000e+03 3.4650e+20 1.5970e+19 1.5970e+19 7.4950e-02 0.0000e+00 4.3984e+04 0.0000e+00
2.0600e+03 5.4322e-12 7.8954e-01 1.3865e+03 4.5952e+03 5.7000e+03 3.4978e+20 1.6074e+19 1.6074e+19 7.4679e-02 0.0000e+00 4.4128e+04 0.0000e+00
2.0700e+03 5.4113e-12 7.8935e-01 1.3861e+03 4.5940e+03 5.7000e+03 3.5310e+20 1.6178e+19 1.6178e+19 7.4411e-02 0.0000e+00 4.4272e+04 0.0000e+00
2.0800e+03 5.3906e-12 7.8915e-01 1.3857e+03 4.5927e+03 5.7000e+03 3.5644e+20 1.6283e+19 1.6283e+19 7.4143e-02 0.0000e+00 4.4417e+04 0.0000e+00
2.0900e+03 5.3699e-12 7.8895e-01 1.3853e+03 4.5915e+03 5.7000e+03 3.5981e+20 1.6388e+19 1.6388e+19 7.3877e-02 0.0000e+00 4.4561e+04 0.0000e+00
2.1000e+03 5.3492e-12 7.8875e-01 1.3850e+03 4.5902e+03 5.7000e+03 3.6321e+20 1.6494e+19 1.6494e+19 7.3612e-02 0.0000e+00 4.4706e+04 0.0000e+00
2.1100e+03 5.3287e-12 7.8855e-01 1.3846e+03 4.5890e+03 5.7000e+03 3.6664e+20 1.6601e+19 1.6601e+19 7.3348e-02 0.0000e+00 4.4852e+04 0.0000e+00
2.1200e+03 5.3082e-12 7.8834e-01 1.3842e+03 4.5877e+03 5.7000e+03 3.7010e+20 1.6707e+19 1.6707e+19 7.3086e-02 0.0000e+00 4.4997e+04 0.0000e+00
2.1300e+03 5.2879e-12 7.8813e-01 1.3838e+03 4.5865e+03 5.7000e+03 3.7359e+20 1.6814e+19 1.6814e+19 7.2824e-02 0.0000e+00 4.5143e+04 0.0000e+00
2.1400e+03 5.2675e-12 7.8792e-01 1.3835e+03 4.5852e+03 5.7000e+03 3.7710e+20 1.6922e+19 1.6922e+19 7.2564e-02 0.0000e+00 4.5290e+04 0.0000e+00
2.1500e+03 5.2473e-12 7.8770e-01 1.3831e+03 4.5840e+03 5.7000e+03 3.8065e+20 1.7030e+19 1.7030e+19 7.2306e-02 0.0000e+00 4.5436e+04 0.0000e+00
2.1600e+03 5.2272e-12 7.8749e-01 1.3827e+03 4.5828e+03 5.7000e+03 3.8422e+20 1.7139e+19 1.7139e+19 7.2048e-02 0.0000e+00 4.5583e+04 0.0000e+00
2.1700e+03 5.2071e-12 7.8726e-01 1.3824e+03 4.5816e+03 5.7000e+03 3.8783e+20 1.7248e+19 1.7248e+19 7.1791e-02 0.0000e+00 4.5731e+04 0.0000e+00
2.1800e+03 5.1871e-12 7.8704e-01 1.3820e+03 4.5803e+03 5.7000e+03 3.9147e+20 1.7357e+19 1.7357e+19 7.1536e-02 0.0000e+00 4.5878e+04 0.0000e+00
2.1900e+03 5.1672e-12 7.8681e-01 1.3816e+03 4.5791e+03 5.7000e+03 3.9513e+20 1.7467e+19 1.7467e+19 7.1282e-02 0.0000e+00 4.6026e+04 0.0000e+00
2.2000e+03 5.1473e-12 7.8658e-01 1.3812e+03 4.5779e+03 5.7000e+03 3.9883e+20 1.7578e+19 1.7578e+19 7.1029e-02 0.0000e+00 4.6175e+04 0.0000e+00
2.2100e+03 5.1276e-12 7.8635e-01 1.3809e+03 4.5767e+03 5.7000e+03 4.0256e+20 1.7689e+19 1.7689e+19 7.0777e-02 0.0000e+00 4.6323e+04 0.0000e+00
2.2200e+03 5.1079e-12 7.8611e-01 1.3805e+03 4.5755e+03 5.7000e+03 4.0633e+20 1.7800e+19 1.7800e+19 7.0527e-02 0.0000e+00 4.6472e+04 0.0000e+00
2.2300e+03 5.0883e-12 7.8587e-01 1.3801e+03 4.5742e+03 5.7000e+03 4.1012e+20 1.7912e+19 1.7912e+19 7.0277e-02 0.0000e+00 4.6622e+04 0.0000e+00
2.2400e+03 5.0687e-12 7.8563e-01 1.3798e+03 4.5730e+03 5.7000e+03 4.1395e+20 1.8025e+19 1.8025e+19 7.0029e-02 0.0000e+00 4.6772e+04 0.0000e+00
2.2500e+03 5.0493e-12 7.8539e-01 1.3794e+03 4.5718e+03 5.7000e+03 4.1781e+20 1.8138e+19 1.8138e+19 6.9782e-02 0.0000e+00 4.6922e+04 0.0000e+00
2.2600e+03 5.0299e-12 7.8514e-01 1.3791e+03 4.5706e+03 5.7000e+03 4.2170e+20 1.8251e+19 1.8251e+19 6.9535e-02 0.0000e+00 4.7072e+04 0.0000e+00
2.2700e+03 5.0106e-12 7.8490e-01 1.3787e+03 4.5694e+03 5.7000e+03 4.2563e+20 1.8365e+19 1.8365e+19 6.9290e-02 0.0000e+00 4.7223e+04 0.0000e+00
2.2800e+03 4.9913e-12 7.8465e-01 1.3783e+03 4.5682e+03 5.7000e+03 4.2959e+20 1.8479e+19 1.8479e+19 6.9046e-02 0.0000e+00 4.7374e+04 0.0000e+00
2.2900e+03 4.9722e-12 7.8439e-01 1.3780e+03 4.5670e+03 5.7000e+03 4.3358e+20 1.8594e+19 1.8594e+19 6.8803e-02 0.0000e+00 4.7526e+04 0.0000e+00
2.3000e+03 4.9531e-12 7.8414e-01 1.3776e+03 4.5659e+03 5.7000e+03 4.3761e+20 1.8710e+19 1.8710e+19 6.8561e-02 0.0000e+00 4.7678e+04 0.0000e+00
2.3100e+03 4.9340e-12 7.8388e-01 1.3773e+03 4.5647e+03 5.7000e+03 4.4167e+20 1.8826e+19 1.8826e+19 6.8320e-02 0.0000e+00 4.7830e+04 0.0000e+00
2.3200e+03 4.9151e-12 7.8362e-01 1.3769e+03 4.5635e+03 5.7000e+03 4.4577e+20 1.8942e+19 1.8942e+19 6.8080e-02 0.0000e+00 4.7983e+04 0.0000e+00
2.3300e+03 4.8962e-12 7.8336e-01 1.3765e+03 4.5623e+03 5.7000e+03 4.4991e+20 1.9059e+19 1.9059e+19 6.7842e-02 0.0000e+00 4.8136e+04 0.0000e+00
2.3400e+03 4.8774e-12 7.8310e-01 1.3762e+03 4.5611e+03 5.7000e+03 4.5408e+20 1.9177e+19 1.9177e+19 6.7604e-02 0.0000e+00 4.8290e+04 0.0000e+00
2.3500e+03 4.8587e-12 7.8283e-01 1.3758e+03 4.5599e+03 5.7000e+03 4.5828e+20 1.9294e+19 1.9294e+19 6.7367e-02 0.0000e+00 4.8444e+04 0.0000e+00
2.3600e+03 4.8400e-12 7.8257e-01 1.3755e+03 4.5588e+03 5.7000e+03 4.6253e+20 1.9413e+19 1.9413e+19 6.7131e-02 0.0000e+00 4.8598e+04 0.0000e+00
2.3700e+03 4.8215e-12 7.8230e-01 1.3751e+03 4.5576e+03 5.7000e+03 4.6681e+20 1.9532e+19 1.9532e+19 6.6896e-02 0.0000e+00 4.8753e+04 0.0000e+00
2.3800e+03 4.8029e-12 7.8203e-01 1.3748e+03 4.5564e+03 5.7000e+03 4.7112e+20 1.9651e+19 1.9651e+19 6.6663e-02 0.0000e+00 4.8908e+04 0.0000e+00
2.3900e+03 4.7845e-12 7.8175e-01 1.3744e+03 4.5553e+03 5.7000e+03 4.7548e+20 1.9772e+19 1.9772e+19 6.6430e-02 0.0000e+00 4.9063e+04 0.0000e+00
2.4000e+03 4.7661e-12 7.8148e-01 1.3741e+03 4.5541e+03 5.7000e+03 4.7987e+20 1.9892e+19 1.9892e+19 6.6198e-02 0.0000e+00 4.9219e+04 0.0000e+00
2.4100e+03 4.7478e-12 7.8120e-01 1.3737e+03 4.5529e+03 5.7000e+03 4.8430e+20 2.0013e+19 2.0013e+19 6.5967e-02 0.0000e+00 4.9375e+04 0.0000e+00
2.4200e+03 4.7296e-12 7.8092e-01 1.3734e+03 4.5518e+03 5.7000e+03 4.8877e+20 2.0135e+19 2.0135e+19 6.5737e-02 0.0000e+00 4.9532e+04 0.0000e+00
2.4300e+03 4.7114e-12 7.8064e-01 1.3730e+03 4.5506e+03 5.7000e+03 4.9328e+20 2.0257e+19 2.0257e+19 6.5508e-02 0.0000e+00 4.9689e+04 0.0000e+00
2.4400e+03 4.6933e-12 7.8036e-01 1.3727e+03 4.5495e+03 5.7000e+03 4.9782e+20 2.0380e+19 2.0380e+19 6.5280e-02 0.0000e+00 4.9847e+04 0.0000e+00
2.4500e+03 4.6753e-12 7.8008e-01 1.3723e+03 4.5483e+03 5.7000e+03 5.0241e+20 2.0503e+19 2.0503e+19 6.5053e-02 0.0000e+00 5.0005e+04 0.0000e+00
2.4600e+03 4.6574e-12 7.7979e-01 1.3720e+03 4.5472e+03 5.7000e+03 5.0704e+20 2.0627e+19 2.0627e+19 6.4827e-02 0.0000e+00 5.0163e+04 0.0000e+00
2.4700e+03 4.6395e-12 7.7951e-01 1.3716e+03 4.5460e+03 5.7000e+03 5.1171e+20 2.0751e+19 2.0751e+19 6.4602e-02 0.0000e+00 5.0322e+04 0.0000e+00
2.4800e+03 4.6217e-12 7.7922e-01 1.3713e+03 4.5449e+03 5.7000e+03 5.1642e+20 2.0876e+19 2.0876e+19 6.4378e-02 0.0000e+00 5.0481e+04 0.0000e+00
2.4900e+03 4.6039e-12 7.7893e-01 1.3709e+03 4.5437e+03 5.7000e+03 5.2117e+20 2.1001e+19 2.1001e+19 6.4154e-02 0.0000e+00 5.0641e+04 0.0000e+00
2.5000e+03 4.5862e-12 7.7864e-01 1.3706e+03 4.5426e+03 5.7000e+03 5.2596e+20 2.1127e+19 2.1127e+19 6.3932e-02 0.0000e+00 5.0801e+04 0.0000e+00
2.5100e+03 4.5686e-12 7.7835e-01 1.3703e+03 4.5415e+03 5.7000e+03 5.3079e+20 2.1253e+19 2.1253e+19 6.3710e-02 0.0000e+00 5.0962e+04 0.0000e+00
2.5200e+03 4.5511e-12 7.7805e-01 1.3699e+03 4.5403e+03 5.7000e+03 5.3567e+20 2.1380e+19 2.1380e+19 6.3490e-02 0.0000e+00 5.1123e+04 0.0000e+00
2.5300e+03 4.5336e-12 7.7776e-01 1.3696e+03 4.5392e+03 5.7000e+03 5.4059e+20 2.1508e+19 2.1508e+19 6.3270e-02 0.0000e+00 5.1284e+04 0.0000e+00
2.5400e+03 4.5162e-12 7.7746e-01 1.3692e+03 4.5381e+03 5.7000e+03 5.4555e+20 2.1636e+19 2.1636e+19 6.3051e-02 0.0000e+00 5.1446e+04 0.0000e+00
2.5500e+03 4.4988e-12 7.7716e-01 1.3689e+03 4.5370e+03 5.7000e+03 5.5056e+20 2.1765e+19 2.1765e+19 6.2833e-02 0.0000e+00 5.1608e+04 0.0000e+00
2.5600e+03 4.4816e-12 7.7686e-01 1.3686e+03 4.5358e+03 5.7000e+03 5.5561e+20 2.1894e+19 2.1894e+19 6.2616e-02 0.0000e+00 5.1771e+04 0.0000e+00
2.5700e+03 4.4644e-12 7.7656e-01 1.3682e+03 4.5347e+03 5.7000e+03 5.6071e+20 2.2024e+19 2.2024e+19 6.2399e-02 0.0000e+00 5.1934e+04 0.0000e+00
2.5800e+03 4.4472e-12 7.7626e-01 1.3679e+03 4.5336e+03 5.7000e+03 5.6585e+20 2.2154e+19 2.2154e+19 6.2184e-02 0.0000e+00 5.2098e+04 0.0000e+00
2.5900e+03 4.4301e-12 7.7596e-01 1.3675e+03 4.5325e+03 5.7000e+03 5.7103e+20 2.2285e+19 2.2285e+19 6.1969e-02 0.0000e+00 5.2262e+04 0.0000e+00
2.6000e+03 4.4131e-12 7.7566e-01 1.3672e+03 4.5314e+03 5.7000e+03 5.7627e+20 2.2416e+19 2.2416e+19 6.1755e-02 0.0000e+00 5.2427e+04 0.0000e+00
2.6100e+03 4.3962e-12 7.7535e-01 1.3669e+03 4.5302e+03 5.7000e+03 5.8155e+20 2.2548e+19 2.2548e+19 6.1543e-02 0.0000e+00 5.2592e+04 0.0000e+00
2.6200e+03 4.3793e-12 7.7504e-01 1.3665e+03 4.5291e+03 5.7000e+03 5.8687e+20 2.2681e+19 2.2681e+19 6.1330e-02 0.0000e+00 5.2757e+04 0.0000e+00
2.6300e+03 4.3625e-12 7.7474e-01 1.3662e+03 4.5280e+03 5.7000e+03 5.9224e+20 2.2814e+19 2.2814e+19 6.1119e-02 0.0000e+00 5.2923e+04 0.0000e+00
2.6400e+03 4.3457e-12 7.7443e-01 1.3659e+03 4.5269e+03 5.7000e+03 5.9766e+20 2.2947e+19 2.2947e+19 6.0909e-02 0.0000e+00 5.3090e+04 0.0000e+00
2.6500e+03 4.3290e-12 7.7412e-01 1.3655e+03 4.5258e+03 5.7000e+03 6.0313e+20 2.3082e+19 2.3082e+19 6.0699e-02 0.0000e+00 5.3256e+04 0.0000e+00
2.6600e+03 4.3124e-12 7.7381e-01 1.3652e+03 4.5247e+03 5.7000e+03 6.0865e+20 2.3217e+19 2.3217e+19 6.0490e-02 0.0000e+00 5.3424e+04 0.0000e+00
2.6700e+03 4.2959e-12 7.7350e-01 1.3649e+03 4.5236e+03 5.7000e+03 6.1422e+20 2.3352e+19 2.3352e+19 6.0282e-02 0.0000e+00 5.3592e+04 0.0000e+00
2.6800e+03 4.2794e-12 7.7318e-01 1.3645e+03 4.5225e+03 5.7000e+03 6.1983e+20 2.3488e+19 2.3488e+19 6.0075e-02 0.0000e+00 5.3760e+04 0.0000e+00
2.6900e+03 4.2629e-12 7.7287e-01 1.3642e+03 4.5214e+03 5.7000e+03 6.2550e+20 2.3624e+19 2.3624e+19 5.9869e-02 0.0000e+00 5.3929e+04 0.0000e+00
2.7000e+03 4.2466e-12 7.7256e-01 1.3639e+03 4.5203e+03 5.7000e+03 6.3121e+20 2.3762e+19 2.3762e+19 5.9663e-02 0.0000e+00 5.4098e+04 0.0000e+00
2.7100e+03 4.2303e-12 7.7224e-01 1.3636e+03 4.5193e+03 5.7000e+03 6.3698e+20 2.3899e+19 2.3899e+19 5.9458e-02 0.0000e+00 5.4268e+04 0.0000e+00
2.7200e+03 4.2140e-12 7.7192e-01 1.3632e+03 4.5182e+03 5.7000e+03 6.4280e+20 2.4038e+19 2.4038e+19 5.9254e-02 0.0000e+00 5.4438e+04 0.0000e+00
2.7300e+03 4.1978e-12 7.7161e-01 1.3629e+03 4.5171e+03 5.7000e+03 6.4867e+20 2.4176e+19 2.4176e+19 5.9051e-02 0.0000e+00 5.4609e+04 0.0000e+00
2.7400e+03 4.1817e-12 7.7129e-01 1.3626e+03 4.5160e+03 5.7000e+03 6.5459e+20 2.4316e+19 2.4316e+19 5.8848e-02 0.0000e+00 5.4780e+04 0.0000e+00
2.7500e+03 4.1657e-12 7.7097e-01 1.3623e+03 4.5149e+03 5.7000e+03 6.6057e+20 2.4456e+19 2.4456e+19 5.8647e-02 0.0000e+00 5.4952e+04 0.0000e+00
2.7600e+03 4.1497e-12 7.7065e-01 1.3619e+03 4.5138e+03 5.7000e+03 6.6660e+20 2.4596e+19 2.4596e+19 5.8446e-02 0.0000e+00 5.5124e+04 0.0000e+00
2.7700e+03 4.1337e-12 7.7033e-01 1.3616e+03 4.5128e+03 5.7000e+03 6.7269e+20 2.4738e+19 2.4738e+19 5.8245e-02 0.0000e+00 5.5297e+04 0.0000e+00
2.7800e+03 4.1179e-12 7.7001e-01 1.3613e+03 4.5117e+03 5.7000e+03 6.7882e+20 2.4879e+19 2.4879e+19 5.8046e-02 0.0000e+00 5.5470e+04 0.0000e+00
2.7900e+03 4.1020e-12 7.6969e-01 1.3610e+03 4.5106e+03 5.7000e+03 6.8502e+20 2.5022e+19 2.5022e+19 5.7847e-02 0.0000e+00 5.5644e+04 0.0000e+00
2.8000e+03 4.0863e-12 7.6937e-01 1.3606e+03 4.5096e+03 5.7000e+03 6.9127e+20 2.5165e+19 2.5165e+19 5.7649e-02 0.0000e+00 5.5818e+04 0.0000e+00
2.8100e+03 4.0706e-12 7.6904e-01 1.3603e+03 4.5085e+03 5.7000e+03 6.9757e+20 2.5308e+19 2.5308e+19 5.7452e-02 0.0000e+00 5.5993e+04 0.0000e+00
2.8200e+03 4.0550e-12 7.6872e-01 1.3600e+03 4.5074e+03 5.7000e+03 7.0394e+20 2.5452e+19 2.5452e+19 5.7255e-02 0.0000e+00 5.6169e+04 0.0000e+00
2.8300e+03 4.0394e-12 7.6839e-01 1.3597e+03 4.5064e+03 5.7000e+03 7.1036e+20 2.5597e+19 2.5597e+19 5.7060e-02 0.0000e+00 5.6344e+04 0.0000e+00
2.8400e+03 4.0239e-12 7.6807e-01 1.3593e+03 4.5053e+03 5.7000e+03 7.1683e+20 2.5743e+19 2.5743e+19 5.6865e-02 0.0000e+00 5.6521e+04 0.0000e+00
2.8500e+03 4.0084e-12 7.6774e-01 1.3590e+03 4.5042e+03 5.7000e+03 7.2337e+20 2.5889e+19 2.5889e+19 5.6670e-02 0.0000e+00 5.6698e+04 0.0000e+00
2.8600e+03 3.9930e-12 7.6742e-01 1.3587e+03 4.5032e+03 5.7000e+03 7.2996e+20 2.6035e+19 2.6035e+19 5.6477e-02 0.0000e+00 5.6875e+04 0.0000e+00
2.8700e+03 3.9777e-12 7.6709e-01 1.3584e+03 4.5021e+03 5.7000e+03 7.3662e+20 2.6182e+19 2.6182e+19 5.6284e-02 0.0000e+00 5.7053e+04 0.0000e+00
2.8800e+03 3.9624e-12 7.6676e-01 1.3581e+03 4.5011e+03 5.7000e+03 7.4333e+20 2.6330e+19 2.6330e+19 5.6092e-02 0.0000e+00 5.7232e+04 0.0000e+00
2.8900e+03 3.9472e-12 7.6643e-01 1.3578e+03 4.5000e+03 5.7000e+03 7.5011e+20 2.6478e+19 2.6478e+19 5.5900e-02 0.0000e+00 5.7411e+04 0.0000e+00
2.9000e+03 3.9321e-12 7.6610e-01 1.3574e+03 4.4990e+03 5.7000e+03 7.5695e+20 2.6627e+19 2.6627e+19 5.5710e-02 0.0000e+00 5.7590e+04 0.0000e+00
2.9100e+03 3.9170e-12 7.6577e-01 1.3571e+03 4.4979e+03 5.7000e+03 7.6384e+20 2.6777e+19 2.6777e+19 5.5519e-02 0.0000e+00 5.7770e+04 0.0000e+00
2.9200e+03 3.9019e-12 7.6545e-01 1.3568e+03 4.4969e+03 5.7000e+03 7.7081e+20 2.6927e+19 2.6927e+19 5.5330e-02 0.0000e+00 5.7951e+04 0.0000e+00
2.9300e+03 3.8869e-12 7.6511e-01 1.3565e+03 4.4958e+03 5.7000e+03 7.7783e+20 2.7078e+19 2.7078e+19 5.5141e-02 0.0000e+00 5.8132e+04 0.0000e+00
2.9400e+03 3.8720e-12 7.6478e-01 1.3562e+03 4.4948e+03 5.7000e+03 7.8492e+20 2.7229e+19 2.7229e+19 5.4953e-02 0.0000e+00 5.8314e+04 0.0000e+00
2.9500e+03 3.8571e-12 7.6445e-01 1.3559e+03 4.4938e+03 5.7000e+03 7.9207e+20 2.7381e+19 2.7381e+19 5.4766e-02 0.0000e+00 5.8496e+04 0.0000e+00
2.9600e+03 3.8423e-12 7.6412e-01 1.3556e+03 4.4927e+03 5.7000e+03 7.9929e+20 2.7534e+19 2.7534e+19 5.4579e-02 0.0000e+00 5.8679e+04 0.0000e+00
2.9700e+03 3.8276e-12 7.6379e-01 1.3552e+03 4.4917e+03 5.7000e+03 8.0657e+20 2.7687e+19 2.7687e+19 5.4394e-02 0.0000e+00 5.8862e+04 0.0000e+00
2.9800e+03 3.8129e-12 7.6346e-01 1.3549e+03 4.4907e+03 5.7000e+03 8.1392e+20 2.7841e+19 2.7841e+19 5.4208e-02 0.0000e+00 5.9046e+04 0.0000e+00
2.9900e+03 3.7982e-12 7.6312e-01 1.3546e+03 4.4896e+03 5.7000e+03 8.2133e+20 2.7995e+19 2.7995e+19 5.4024e-02 0.0000e+00 5.9231e+04 0.0000e+00
3.0000e+03 3.7836e-12 7.6279e-01 1.3543e+03 4.4886e+03 5.7000e+03 8.2882e+20 2.8150e+19 2.8150e+19 5.3840e-02 0.0000e+00 5.9416e+04 0.0000e+00
3.0100e+03 3.7691e-12 7.6246e-01 1.3540e+03 4.4876e+03 5.7000e+03 8.3637e+20 2.8306e+19 2.8306e+19 5.3656e-02 0.0000e+00 5.9602e+04 0.0000e+00
3.0200e+03 3.7546e-12 7.6212e-01 1.3537e+03 4.4866e+03 5.7000e+03 8.4399e+20 2.8462e+19 2.8462e+19 5.3474e-02 0.0000e+00 5.9788e+04 0.0000e+00
3.0300e+03 3.7402e-12 7.6179e-01 1.3534e+03 4.4855e+03 5.7000e+03 8.5168e+20 2.8619e+19 2.8619e+19 5.3292e-02 0.0000e+00 5.9975e+04 0.0000e+00
3.0400e+03 3.7259e-12 7.6146e-01 1.3531e+03 4.4845e+03 5.7000e+03 8.5944e+20 2.8777e+19 2.8777e+19 5.3110e-02 0.0000e+00 6.0162e+04 0.0000e+00
3.0500e+03 3.7116e-12 7.6112e-01 1.3528e+03 4.4835e+03 5.7000e+03 8.6727e+20 2.8935e+19 2.8935e+19 5.2930e-02 0.0000e+00 6.0350e+04 0.0000e+00
3.0600e+03 3.6973e-12 7.6079e-01 1.3525e+03 4.4825e+03 5.7000e+03 8.7518e+20 2.9094e+19 2.9094e+19 5.2750e-02 0.0000e+00 6.0539e+04 0.0000e+00
3.0700e+03 3.6831e-12 7.6045e-01 1.3522e+03 4.4815e+03 5.7000e+03 8.8315e+20 2.9253e+19 2.9253e+19 5.2570e-02 0.0000e+00 6.0728e+04 0.0000e+00
3.0800e+03 3.6690e-12 7.6011e-01 1.3519e+03 4.4805e+03 5.7000e+03 8.9120e+20 2.9413e+19 2.9413e+19 5.2392e-02 0.0000e+00 6.0918e+04 0.0000e+00
3.0900e+03 3.6549e-12 7.5978e-01 1.3516e+03 4.4795e+03 5.7000e+03 8.9932e+20 2.9574e+19 2.9574e+19 5.2213e-02 0.0000e+00 6.1108e+04 0.0000e+00
3.1000e+03 3.6408e-12 7.5944e-01 1.3512e+03 4.4785e+03 5.7000e+03 9.0752e+20 2.9735e+19 2.9735e+19 5.2036e-02 0.0000e+00 6.1299e+04 0.0000e+00
3.1100e+03 3.6269e-12 7.5911e-01 1.3509e+03 4.4775e+03 5.7000e+03 9.1579e+20 2.9897e+19 2.9897e+19 5.1859e-02 0.0000e+00 6.1490e+04 0.0000e+00
3.1200e+03 3.6129e-12 7.5877e-01 1.3506e+03 4.4765e+03 5.7000e+03 9.2414e+20 3.0060e+19 3.0060e+19 5.1683e-02 0.0000e+00 6.1683e+04 0.0000e+00
3.1300e+03 3.5991e-12 7.5843e-01 1.3503e+03 4.4755e+03 5.7000e+03 9.3256e+20 3.0223e+19 3.0223e+19 5.1507e-02 0.0000e+00 6.1875e+04 0.0000e+00
3.1400e+03 3.5852e-12 7.5810e-01 1.3500e+03 4.4745e+03 5.7000e+03 9.4107e+20 3.0386e+19 3.0386e+19 5.1332e-02 0.0000e+00 6.2069e+04 0.0000e+00
3.1500e+03 3.5715e-12 7.5776e-01 1.3497e+03 4.4735e+03 5.7000e+03 9.4965e+20 3.0551e+19 3.0551e+19 5.1158e-02 0.0000e+00 6.2263e+04 0.0000e+00
3.1600e+03 3.5578e-12 7.5742e-01 1.3494e+03 4.4725e+03 5.7000e+03 9.5831e+20 3.0716e+19 3.0716e+19 5.0984e-02 0.0000e+00 6.2457e+04 0.0000e+00
3.1700e+03 3.5441e-12 7.5709e-01 1.3491e+03 4.4715e+03 5.7000e+03 9.6704e+20 3.0882e+19 3.0882e+19 5.0811e-02 0.0000e+00 6.2652e+04 0.0000e+00
3.1800e+03 3.5305e-12 7.5675e-01 1.3488e+03 4.4705e+03 5.7000e+03 9.7586e+20 3.1048e+19 3.1048e+19 5.0638e-02 0.0000e+00 6.2848e+04 0.0000e+00
3.1900e+03 3.5169e-12 7.5641e-01 1.3485e+03 4.4695e+03 5.7000e+03 9.8477e+20 3.1215e+19 3.1215e+19 5.0466e-02 0.0000e+00 6.3045e+04 0.0000e+00
3.2000e+03 3.5034e-12 7.5607e-01 1.3482e+03 4.4685e+03 5.7000e+03 9.9375e+20 3.1382e+19 3.1382e+19 5.0295e-02 0.0000e+00 6.3242e+04 0.0000e+00
3.2100e+03 3.4900e-12 7.5574e-01 1.3479e+03 4.4675e+03 5.7000e+03 1.0028e+21 3.1551e+19 3.1551e+19 5.0124e-02 0.0000e+00 6.3439e+04 0.0000e+00
3.2200e+03 3.4766e-12 7.5540e-01 1.3477e+03 4.4665e+03 5.7000e+03 1.0120e+21 3.1720e+19 3.1720e+19 4.9954e-02 0.0000e+00 6.3638e+04 0.0000e+00
3.2300e+03 3.4632e-12 7.5506e-01 1.3474e+03 4.4656e+03 5.7000e+03 1.0212e+21 3.1889e+19 3.1889e+19 4.9785e-02 0.0000e+00 6.3837e+04 0.0000e+00
3.2400e+03 3.4499e-12 7.5473e-01 1.3471e+03 4.4646e+03 5.7000e+03 1.0305e+21 3.2059e+19 3.2059e+19 4.9616e-02 0.0000e+00 6.4036e+04 0.0000e+00
3.2500e+03 3.4367e-12 7.5439e-01 1.3468e+03 4.4636e+03 5.7000e+03 1.0399e+21 3.2230e+19 3.2230e+19 4.9447e-02 0.0000e+00 6.4236e+04 0.0000e+00
3.2600e+03 3.4235e-12 7.5405e-01 1.3465e+03 4.4626e+03 5.7000e+03 1.0494e+21 3.2401e+19 3.2401e+19 4.9279e-02 0.0000e+00 6.4437e+04 0.0000e+00
3.2700e+03 3.4103e-12 7.5371e-01 1.3462e+03 4.4617e+03 5.7000e+03 1.0590e+21 3.2573e+19 3.2573e+19 4.9112e-02 0.0000e+00 6.4639e+04 0.0000e+00
3.2800e+03 3.3972e-12 7.5338e-01 1.3459e+03 4.4607e+03 5.7000e+03 1.0687e+21 3.2746e+19 3.2746e+19 4.8945e-02 0.0000e+00 6.4841e+04 0.0000e+00
3.2900e+03 3.3842e-12 7.5304e-01 1.3456e+03 4.4597e+03 5.7000e+03 1.0784e+21 3.2919e+19 3.2919e+19 4.8779e-02 0.0000e+00 6.5044e+04 0.0000e+00
3.3000e+03 3.3712e-12 7.5270e-01 1.3453e+03 4.4588e+03 5.7000e+03 1.0883e+21 3.3093e+19 3.3093e+19 4.8614e-02 0.0000e+00 6.5247e+04 0.0000e+00
3.3100e+03 3.3582e-12 7.5236e-01 1.3450e+03 4.4578e+03 5.7000e+03 1.0982e+21 3.3268e+19 3.3268e+19 4.8449e-02 0.0000e+00 6.5451e+04 0.0000e+00
3.3200e+03 3.3454e-12 7.5203e-01 1.3447e+03 4.4568e+03 5.7000e+03 1.1083e+21 3.3443e+19 3.3443e+19 4.8284e-02 0.0000e+00 6.5656e+04 0.0000e+00
3.3300e+03 3.3325e-12 7.5169e-01 1.3444e+03 4.4559e+03 5.7000e+03 1.1184e+21 3.3619e+19 3.3619e+19 4.8120e-02 0.0000e+00 6.5862e+04 0.0000e+00
3.3400e+03 3.3197e-12 7.5135e-01 1.3441e+03 4.4549e+03 5.7000e+03 1.1286e+21 3.3795e+19 3.3795e+19 4.7957e-02 0.0000e+00 6.6068e+04 0.0000e+00
3.3500e+03 3.3070e-12 7.5102e-01 1.3439e+03 4.4539e+03 5.7000e+03 1.1390e+21 3.3972e+19 3.3972e+19 4.7794e-02 0.0000e+00 6.6275e+04 0.0000e+00
3.3600e+03 3.2943e-12 7.5068e-01 1.3436e+03 4.4530e+03 5.7000e+03 1.1494e+21 3.4150e+19 3.4150e+19 4.7632e-02 0.0000e+00 6.6482e+04 0.0000e+00
3.3700e+03 3.2816e-12 7.5034e-01 1.3433e+03 4.4520e+03 5.7000e+03 1.1599e+21 3.4329e+19 3.4329e+19 4.7471e-02 0.0000e+00 6.6690e+04 0.0000e+00
3.3800e+03 3.2690e-12 7.5001e-01 1.3430e+03 4.4511e+03 5.7000e+03 1.1705e+21 3.4508e+19 3.4508e+19 4.7310e-02 0.0000e+00 6.6899e+04 0.0000e+00
3.3900e+03 3.2565e-12 7.4967e-01 1.3427e+03 4.4501e+03 5.7000e+03 1.1812e+21 3.4687e+19 3.4687e+19 4.7149e-02 0.0000e+00 6.7109e+04 0.0000e+00
3.4000e+03 3.2440e-12 7.4934e-01 1.3424e+03 4.4492e+03 5.7000e+03 1.1920e+21 3.4868e+19 3.4868e+19 4.6989e-02 0.0000e+00 6.7319e+04 0.0000e+00
3.4100e+03 3.2315e-12 7.4900e-01 1.3421e+03 4.4482e+03 5.7000e+03 1.2030e+21 3.5049e+19 3.5049e+19 4.6829e-02 0.0000e+00 6.7530e+04 0.0000e+00
3.4200e+03 3.2191e-12 7.4866e-01 1.3418e+03 4.4473e+03 5.7000e+03 1.2140e+21 3.5230e+19 3.5230e+19 4.6671e-02 0.0000e+00 6.7742e+04 0.0000e+00
3.4300e+03 3.2067e-12 7.4833e-01 1.3416e+03 4.4464e+03 5.7000e+03 1.2251e+21 3.5413e+19 3.5413e+19 4.6512e-02 0.0000e+00 6.7954e+04 0.0000e+00
3.4400e+03 3.1944e-12 7.4799e-01 1.3413e+03 4.4454e+03 5.7000e+03 1.2363e+21 3.5595e+19 3.5595e+19 4.6354e-02 0.0000e+00 6.8167e+04 0.0000e+00
3.4500e+03 3.1821e-12 7.4766e-01 1.3410e+03 4.4445e+03 5.7000e+03 1.2477e+21 3.5779e+19 3.5779e+19 4.6197e-02 0.0000e+00 6.8381e+04 0.0000e+00
3.4600e+03 3.1699e-12 7.4733e-01 1.3407e+03 4.4435e+03 5.7000e+03 1.2591e+21 3.5963e+19 3.5963e+19 4.6040e-02 0.0000e+00 6.8596e+04 0.0000e+00
3.4700e+03 3.1578e-12 7.4699e-01 1.3404e+03 4.4426e+03 5.7000e+03 1.2706e+21 3.6148e+19 3.6148e+19 4.5884e-02 0.0000e+00 6.8811e+04 0.0000e+00
3.4800e+03 3.1456e-12 7.4666e-01 1.3402e+03 4.4417e+03 5.7000e+03 1.2823e+21 3.6333e+19 3.6333e+19 4.5728e-02 0.0000e+00 6.9027e+04 0.0000e+00
3.4900e+03 3.1336e-12 7.4632e-01 1.3399e+03 4.4408e+03 5.7000e+03 1.2941e+21 3.6520e+19 3.6520e+19 4.5573e-02 0.0000e+00 6.9243e+04 0.0000e+00
3.5000e+03 3.1215e-12 7.4599e-01 1.3396e+03 4.4398e+03 5.7000e+03 1.3060e+21 3.6706e+19 3.6706e+19 4.5418e-02 0.0000e+00 6.9461e+04 0.0000e+00
3.5100e+03 3.1095e-12 7.4566e-01 1.3393e+03 4.4389e+03 5.7000e+03 1.3179e+21 3.6894e+19 3.6894e+19 4.5264e-02 0.0000e+00 6.9679e+04 0.0000e+00
3.5200e+03 3.0976e-12 7.4533e-01 1.3390e+03 4.4380e+03 5.7000e+03 1.3301e+21 3.7082e+19 3.7082e+19 4.5110e-02 0.0000e+00 6.9898e+04 0.0000e+00
3.5300e+03 3.0857e-12 7.4499e-01 1.3388e+03 4.4371e+03 5.7000e+03 1.3423e+21 3.7270e+19 3.7270e+19 4.4957e-02 0.0000e+00 7.0117e+04 0.0000e+00
3.5400e+03 3.0738e-12 7.4466e-01 1.3385e+03 4.4361e+03 5.7000e+03 1.3546e+21 3.7460e+19 3.7460e+19 4.4804e-02 0.0000e+00 7.0338e+04 0.0000e+00
3.5500e+03 3.0620e-12 7.4433e-01 1.3382e+03 4.4352e+03 5.7000e+03 1.3671e+21 3.7650e+19 3.7650e+19 4.4652e-02 0.0000e+00 7.0559e+04 0.0000e+00
3.5600e+03 3.0503e-12 7.4400e-01 1.3379e+03 4.4343e+03 5.7000e+03 1.3796e+21 3.7840e+19 3.7840e+19 4.4501e-02 0.0000e+00 7.0781e+04 0.0000e+00
3.5700e+03 3.0386e-12 7.4367e-01 1.3377e+03 4.4334e+03 5.7000e+03 1.3923e+21 3.8031e+19 3.8031e+19 4.4349e-02 0.0000e+00 7.1003e+04 0.0000e+00
3.5800e+03 3.0269e-12 7.4334e-01 1.3374e+03 4.4325e+03 5.7000e+03 1.4051e+21 3.8223e+19 3.8223e+19 4.4199e-02 0.0000e+00 7.1227e+04 0.0000e+00
3.5900e+03 3.0153e-12 7.4301e-01 1.3371e+03 4.4316e+03 5.7000e+03 1.4181e+21 3.8416e+19 3.8416e+19 4.4048e-02 0.0000e+00 7.1451e+04 0.0000e+00
3.6000e+03 3.0037e-12 7.4268e-01 1.3368e+03 4.4307e+03 5.7000e+03 1.4311e+21 3.8609e+19 3.8609e+19 4.3899e-02 0.0000e+00 7.1676e+04 0.0000e+00
3.6100e+03 2.9922e-12 7.4235e-01 1.3366e+03 4.4297e+03 5.7000e+03 1.4443e+21 3.8803e+19 3.8803e+19 4.3750e-02 0.0000e+00 7.1902e+04 0.0000e+00
3.6200e+03 2.9807e-12 7.4202e-01 1.3363e+03 4.4288e+03 5.7000e+03 1.4576e+21 3.8997e+19 3.8997e+19 4.3601e-02 0.0000e+00 7.2128e+04 0.0000e+00
3.6300e+03 2.9692e-12 7.4170e-01 1.3360e+03 4.4279e+03 5.7000e+03 1.4711e+21 3.9192e+19 3.9192e+19 4.3453e-02 0.0000e+00 7.2355e+04 0.0000e+00
3.6400e+03 2.9578e-12 7.4137e-01 1.3357e+03 4.4270e+03 5.7000e+03 1.4846e+21 3.9388e+19 3.9388e+19 4.3305e-02 0.0000e+00 7.2583e+04 0.0000e+00
3.6500e+03 2.9465e-12 7.4104e-01 1.3355e+03 4.4261e+03 5.7000e+03 1.4983e+21 3.9584e+19 3.9584e+19 4.3158e-02 0.0000e+00 7.2812e+04 0.0000e+00
3.6600e+03 2.9352e-12 7.4072e-01 1.3352e+03 4.4252e+03 5.7000e+03 1.5122e+21 3.9781e+19 3.9781e+19 4.3011e-02 0.0000e+00 7.3042e+04 0.0000e+00
3.6700e+03 2.9239e-12 7.4039e-01 1.3349e+03 4.4244e+03 5.7000e+03 1.5261e+21 3.9979e+19 3.9979e+19 4.2864e-02 0.0000e+00 7.3272e+04 0.0000e+00
3.6800e+03 2.9127e-12 7.4007e-01 1.3347e+03 4.4235e+03 5.7000e+03 1.5402e+21 4.0177e+19 4.0177e+19 4.2719e-02 0.0000e+00 7.3503e+04 0.0000e+00
3.6900e+03 2.9015e-12 7.3974e-01 1.3344e+03 4.4226e+03 5.7000e+03 1.5545e+21 4.0376e+19 4.0376e+19 4.2573e-02 0.0000e+00 7.3736e+04 0.0000e+00
3.7000e+03 2.8903e-12 7.3942e-01 1.3341e+03 4.4217e+03 5.7000e+03 1.5688e+21 4.0575e+19 4.0575e+19 4.2428e-02 0.0000e+00 7.3968e+04 0.0000e+00
3.7100e+03 2.8792e-12 7.3909e-01 1.3338e+03 4.4208e+03 5.7000e+03 1.5834e+21 4.0775e+19 4.0775e+19 4.2284e-02 0.0000e+00 7.4202e+04 0.0000e+00
3.7200e+03 2.8682e-12 7.3877e-01 1.3336e+03 4.4199e+03 5.7000e+03 1.5980e+21 4.0976e+19 4.0976e+19 4.2140e-02 0.0000e+00 7.4437e+04 0.0000e+00
3.7300e+03 2.8572e-12 7.3845e-01 1.3333e+03 4.4190e+03 5.7000e+03 1.6128e+21 4.1178e+19 4.1178e+19 4.1996e-02 0.0000e+00 7.4672e+04 0.0000e+00
3.7400e+03 2.8462e-12 7.3813e-01 1.3331e+03 4.4181e+03 5.7000e+03 1.6277e+21 4.1380e+19 4.1380e+19 4.1853e-02 0.0000e+00 7.4908e+04 0.0000e+00
3.7500e+03 2.8353e-12 7.3781e-01 1.3328e+03 4.4173e+03 5.7000e+03 1.6428e+21 4.1582e+19 4.1582e+19 4.1711e-02 0.0000e+00 7.5145e+04 0.0000e+00
3.7600e+03 2.8244e-12 7.3749e-01 1.3325e+03 4.4164e+03 5.7000e+03 1.6581e+21 4.1785e+19 4.1785e+19 4.1569e-02 0.0000e+00 7.5383e+04 0.0000e+00
3.7700e+03 2.8135e-12 7.3717e-01 1.3323e+03 4.4155e+03 5.7000e+03 1.6734e+21 4.1989e+19 4.1989e+19 4.1427e-02 0.0000e+00 7.5622e+04 0.0000e+00
3.7800e+03 2.8027e-12 7.3685e-01 1.3320e+03 4.4146e+03 5.7000e+03 1.6890e+21 4.2194e+19 4.2194e+19 4.1286e-02 0.0000e+00 7.5861e+04 0.0000e+00
3.7900e+03 2.7920e-12 7.3653e-01 1.3317e+03 4.4138e+03 5.7000e+03 1.7046e+21 4.2399e+19 4.2399e+19 4.1145e-02 0.0000e+00 7.6102e+04 0.0000e+00
3.8000e+03 2.7812e-12 7.3622e-01 1.3315e+03 4.4129e+03 5.7000e+03 1.7205e+21 4.2605e+19 4.2605e+19 4.1004e-02 0.0000e+00 7.6343e+04 0.0000e+00
3.8100e+03 2.7706e-12 7.3590e-01 1.3312e+03 4.4120e+03 5.7000e+03 1.7365e+21 4.2811e+19 4.2811e+19 4.0865e-02 0.0000e+00 7.6585e+04 0.0000e+00
3.8200e+03 2.7599e-12 7.3558e-01 1.3309e+03 4.4112e+03 5.7000e+03 1.7526e+21 4.3018e+19 4.3018e+19 4.0725e-02 0.0000e+00 7.6828e+04 0.0000e+00
3.8300e+03 2.7493e-12 7.3527e-01 1.3307e+03 4.4103e+03 5.7000e+03 1.7689e+21 4.3226e+19 4.3226e+19 4.0586e-02 0.0000e+00 7.7072e+04 0.0000e+00
3.8400e+03 2.7388e-12 7.3495e-01 1.3304e+03 4.4094e+03 5.7000e+03 1.7854e+21 4.3434e+19 4.3434e+19 4.0448e-02 0.0000e+00 7.7317e+04 0.0000e+00
3.8500e+03 2.7283e-12 7.3464e-01 1.3302e+03 4.4086e+03 5.7000e+03 1.8020e+21 4.3643e+19 4.3643e+19 4.0309e-02 0.0000e+00 7.7562e+04 0.0000e+00
3.8600e+03 2.7178e-12 7.3433e-01 1.3299e+03 4.4077e+03 5.7000e+03 1.8188e+21 4.3852e+19 4.3852e+19 4.0172e-02 0.0000e+00 7.7809e+04 0.0000e+00
3.8700e+03 2.7073e-12 7.3402e-01 1.3296e+03 4.4069e+03 5.7000e+03 1.8357e+21 4.4062e+19 4.4062e+19 4.0034e-02 0.0000e+00 7.8056e+04 0.0000e+00
3.8800e+03 2.6969e-12 7.3371e-01 1.3294e+03 4.4060e+03 5.7000e+03 1.8528e+21 4.4273e+19 4.4273e+19 3.9898e-02 0.0000e+00 7.8305e+04 0.0000e+00
3.8900e+03 2.6866e-12 7.3340e-01 1.3291e+03 4.4052e+03 5.7000e+03 1.8701e+21 4.4485e+19 4.4485e+19 3.9761e-02 0.0000e+00 7.8554e+04 0.0000e+00
3.9000e+03 2.6763e-12 7.3309e-01 1.3289e+03 4.4043e+03 5.7000e+03 1.8876e+21 4.4696e+19 4.4696e+19 3.9625e-02 0.0000e+00 7.8804e+04 0.0000e+00
3.9100e+03 2.6660e-12 7.3278e-01 1.3286e+03 4.4035e+03 5.7000e+03 1.9052e+21 4.4909e+19 4.4909e+19 3.9490e-02 0.0000e+00 7.9055e+04 0.0000e+00
3.9200e+03 2.6558e-12 7.3247e-01 1.3284e+03 4.4026e+03 5.7000e+03 1.9230e+21 4.5122e+19 4.5122e+19 3.9354e-02 0.0000e+00 7.9307e+04 0.0000e+00
3.9300e+03 2.6456e-12 7.3217e-01 1.3281e+03 4.4018e+03 5.7000e+03 1.9410e+21 4.5336e+19 4.5336e+19 3.9220e-02 0.0000e+00 7.9560e+04 0.0000e+00
3.9400e+03 2.6354e-12 7.3186e-01 1.3279e+03 4.4009e+03 5.7000e+03 1.9592e+21 4.5550e+19 4.5550e+19 3.9085e-02 0.0000e+00 7.9814e+04 0.0000e+00
3.9500e+03 2.6253e-12 7.3156e-01 1.3276e+03 4.4001e+03 5.7000e+03 1.9775e+21 4.5765e+19 4.5765e+19 3.8951e-02 0.0000e+00 8.0069e+04 0.0000e+00
3.9600e+03 2.6152e-12 7.3126e-01 1.3273e+03 4.3992e+03 5.7000e+03 1.9960e+21 4.5981e+19 4.5981e+19 3.8818e-02 0.0000e+00 8.0325e+04 0.0000e+00
3.9700e+03 2.6052e-12 7.3095e-01 1.3271e+03 4.3984e+03 5.7000e+03 2.0148e+21 4.6197e+19 4.6197e+19 3.8685e-02 0.0000e+00 8.0581e+04 0.0000e+00
3.9800e+03 2.5952e-12 7.3065e-01 1.3268e+03 4.3976e+03 5.7000e+03 2.0337e+21 4.6414e+19 4.6414e+19 3.8552e-02 0.0000e+00 8.0839e+04 0.0000e+00
3.9900e+03 2.5852e-12 7.3035e-01 1.3266e+03 4.3967e+03 5.7000e+03 2.0527e+21 4.6631e+19 4.6631e+19 3.8420e-02 0.0000e+00 8.1098e+04 0.0000e+00
4.0000e+03 2.5753e-12 7.3005e-01 1.3263e+03 4.3959e+03 5.7000e+03 2.0720e+21 4.6849e+19 4.6849e+19 3.8288e-02 0.0000e+00 8.1357e+04 0.0000e+00
4.0100e+03 2.5654e-12 7.2976e-01 1.3261e+03 4.3951e+03 5.7000e+03 2.0915e+21 4.7067e+19 4.7067e+19 3.8157e-02 0.0000e+00 8.1618e+04 0.0000e+00
4.0200e+03 2.5555e-12 7.2946e-01 1.3258e+03 4.3942e+03 5.7000e+03 2.1112e+21 4.7286e+19 4.7286e+19 3.8026e-02 0.0000e+00 8.1880e+04 0.0000e+00
4.0300e+03 2.5457e-12 7.2916e-01 1.3256e+03 4.3934e+03 5.7000e+03 2.1310e+21 4.7506e+19 4.7506e+19 3.7895e-02 0.0000e+00 8.2142e+04 0.0000e+00
4.0400e+03 2.5359e-12 7.2887e-01 1.3253e+03 4.3926e+03 5.7000e+03 2.1511e+21 4.7726e+19 4.7726e+19 3.7765e-02 0.0000e+00 8.2406e+04 0.0000e+00
4.0500e+03 2.5262e-12 7.2858e-01 1.3251e+03 4.3918e+03 5.7000e+03 2.1714e+21 4.7947e+19 4.7947e+19 3.7635e-02 0.0000e+00 8.2671e+04 0.0000e+00
4.0600e+03 2.5165e-12 7.2828e-01 1.3248e+03 4.3910e+03 5.7000e+03 2.1918e+21 4.8169e+19 4.8169e+19 3.7505e-02 0.0000e+00 8.2936e+04 0.0000e+00
4.0700e+03 2.5068e-12 7.2799e-01 1.3246e+03 4.3901e+03 5.7000e+03 2.2125e+21 4.8391e+19 4.8391e+19 3.7376e-02 0.0000e+00 8.3203e+04 0.0000e+00
4.0800e+03 2.4972e-12 7.2770e-01 1.3244e+03 4.3893e+03 5.7000e+03 2.2334e+21 4.8613e+19 4.8613e+19 3.7247e-02 0.0000e+00 8.3470e+04 0.0000e+00
4.0900e+03 2.4876e-12 7.2741e-01 1.3241e+03 4.3885e+03 5.7000e+03 2.2545e+21 4.8836e+19 4.8836e+19 3.7119e-02 0.0000e+00 8.3739e+04 0.0000e+00
4.1000e+03 2.4781e-12 7.2713e-01 1.3239e+03 4.3877e+03 5.7000e+03 2.2758e+21 4.9060e+19 4.9060e+19 3.6991e-02 0.0000e+00 8.4009e+04 0.0000e+00
4.1100e+03 2.4685e-12 7.2684e-01 1.3236e+03 4.3869e+03 5.7000e+03 2.2974e+21 4.9285e+19 4.9285e+19 3.6864e-02 0.0000e+00 8.4280e+04 0.0000e+00
4.1200e+03 2.4591e-12 7.2656e-01 1.3234e+03 4.3861e+03 5.7000e+03 2.3191e+21 4.9509e+19 4.9509e+19 3.6737e-02 0.0000e+00 8.4551e+04 0.0000e+00
4.1300e+03 2.4496e-12 7.2627e-01 1.3231e+03 4.3853e+03 5.7000e+03 2.3411e+21 4.9735e+19 4.9735e+19 3.6610e-02 0.0000e+00 8.4824e+04 0.0000e+00
4.1400e+03 2.4402e-12 7.2599e-01 1.3229e+03 4.3845e+03 5.7000e+03 2.3633e+21 4.9961e+19 4.9961e+19 3.6483e-02 0.0000e+00 8.5098e+04 0.0000e+00
4.1500e+03 2.4308e-12 7.2571e-01 1.3226e+03 4.3837e+03 5.7000e+03 2.3857e+21 5.0187e+19 5.0187e+19 3.6357e-02 0.0000e+00 8.5373e+04 0.0000e+00
4.1600e+03 2.4215e-12 7.2543e-01 1.3224e+03 4.3829e+03 5.7000e+03 2.4084e+21 5.0414e+19 5.0414e+19 3.6232e-02 0.0000e+00 8.5649e+04 0.0000e+00
4.1700e+03 2.4122e-12 7.2515e-01 1.3222e+03 4.3821e+03 5.7000e+03 2.4313e+21 5.0642e+19 5.0642e+19 3.6106e-02 0.0000e+00 8.5927e+04 0.0000e+00
4.1800e+03 2.4029e-12 7.2488e-01 1.3219e+03 4.3813e+03 5.7000e+03 2.4544e+21 5.0870e+19 5.0870e+19 3.5981e-02 0.0000e+00 8.6205e+04 0.0000e+00
4.1900e+03 2.3937e-12 7.2460e-01 1.3217e+03 4.3805e+03 5.7000e+03 2.4778e+21 5.1099e+19 5.1099e+19 3.5857e-02 0.0000e+00 8.6484e+04 0.0000e+00
4.2000e+03 2.3845e-12 7.2433e-01 1.3214e+03 4.3797e+03 5.7000e+03 2.5014e+21 5.1328e+19 5.1328e+19 3.5733e-02 0.0000e+00 8.6765e+04 0.0000e+00
4.2100e+03 2.3754e-12 7.2405e-01 1.3212e+03 4.3789e+03 5.7000e+03 2.5252e+21 5.1558e+19 5.1558e+19 3.5609e-02 0.0000e+00 8.7046e+04 0.0000e+00
4.2200e+03 2.3663e-12 7.2378e-01 1.3210e+03 4.3781e+03 5.7000e+03 2.5493e+21 5.1789e+19 5.1789e+19 3.5485e-02 0.0000e+00 8.7329e+04 0.0000e+00
4.2300e+03 2.3572e-12 7.2351e-01 1.3207e+03 4.3773e+03 5.7000e+03 2.5737e+21 5.2020e+19 5.2020e+19 3.5362e-02 0.0000e+00 8.7613e+04 0.0000e+00
4.2400e+03 2.3481e-12 7.2325e-01 1.3205e+03 4.3765e+03 5.7000e+03 2.5983e+21 5.2251e+19 5.2251e+19 3.5240e-02 0.0000e+00 8.7898e+04 0.0000e+00
4.2500e+03 2.3391e-12 7.2298e-01 1.3203e+03 4.3757e+03 5.7000e+03 2.6231e+21 5.2483e+19 5.2483e+19 3.5117e-02 0.0000e+00 8.8184e+04 0.0000e+00
4.2600e+03 2.3301e-12 7.2271e-01 1.3200e+03 4.3750e+03 5.7000e+03 2.6483e+21 5.2716e+19 5.2716e+19 3.4995e-02 0.0000e+00 8.8471e+04 0.0000e+00
4.2700e+03 2.3212e-12 7.2245e-01 1.3198e+03 4.3742e+03 5.7000e+03 2.6737e+21 5.2949e+19 5.2949e+19 3.4873e-02 0.0000e+00 8.8760e+04 0.0000e+00
4.2800e+03 2.3123e-12 7.2219e-01 1.3196e+03 4.3734e+03 5.7000e+03 2.6993e+21 5.3182e+19 5.3182e+19 3.4752e-02 0.0000e+00 8.9050e+04 0.0000e+00
4.2900e+03 2.3034e-12 7.2193e-01 1.3193e+03 4.3726e+03 5.7000e+03 2.7252e+21 5.3416e+19 5.3416e+19 3.4631e-02 0.0000e+00 8.9341e+04 0.0000e+00
4.3000e+03 2.2945e-12 7.2167e-01 1.3191e+03 4.3719e+03 5.7000e+03 2.7514e+21 5.3651e+19 5.3651e+19 3.4510e-02 0.0000e+00 8.9633e+04 0.0000e+00
4.3100e+03 2.2857e-12 7.2142e-01 1.3189e+03 4.3711e+03 5.7000e+03 2.7779e+21 5.3886e+19 5.3886e+19 3.4390e-02 0.0000e+00 8.9926e+04 0.0000e+00
4.3200e+03 2.2769e-12 7.2116e-01 1.3186e+03 4.3703e+03 5.7000e+03 2.8046e+21 5.4121e+19 5.4121e+19 3.4270e-02 0.0000e+00 9.0220e+04 0.0000e+00
4.3300e+03 2.2682e-12 7.2091e-01 1.3184e+03 4.3696e+03 5.7000e+03 2.8317e+21 5.4358e+19 5.4358e+19 3.4151e-02 0.0000e+00 9.0516e+04 0.0000e+00
4.3400e+03 2.2595e-12 7.2066e-01 1.3182e+03 4.3688e+03 5.7000e+03 2.8590e+21 5.4594e+19 5.4594e+19 3.4031e-02 0.0000e+00 9.0813e+04 0.0000e+00
4.3500e+03 2.2508e-12 7.2041e-01 1.3179e+03 4.3680e+03 5.7000e+03 2.8866e+21 5.4831e+19 5.4831e+19 3.3912e-02 0.0000e+00 9.1111e+04 0.0000e+00
4.3600e+03 2.2422e-12 7.2016e-01 1.3177e+03 4.3673e+03 5.7000e+03 2.9145e+21 5.5069e+19 5.5069e+19 3.3794e-02 0.0000e+00 9.1411e+04 0.0000e+00
4.3700e+03 2.2336e-12 7.1992e-01 1.3175e+03 4.3665e+03 5.7000e+03 2.9427e+21 5.5307e+19 5.5307e+19 3.3675e-02 0.0000e+00 9.1711e+04 0.0000e+00
4.3800e+03 2.2250e-12 7.1967e-01 1.3172e+03 4.3658e+03 5.7000e+03 2.9712e+21 5.5545e+19 5.5545e+19 3.3557e-02 0.0000e+00 9.2013e+04 0.0000e+00
4.3900e+03 2.2164e-12 7.1943e-01 1.3170e+03 4.3650e+03 5.7000e+03 3.0000e+21 5.5784e+19 5.5784e+19 3.3440e-02 0.0000e+00 9.2316e+04 0.0000e+00
4.4000e+03 2.2079e-12 7.1919e-01 1.3168e+03 4.3642e+03 5.7000e+03 3.0291e+21 5.6024e+19 5.6024e+19 3.3323e-02 0.0000e+00 9.2621e+04 0.0000e+00
4.4100e+03 2.1994e-12 7.1895e-01 1.3166e+03 4.3635e+03 5.7000e+03 3.0585e+21 5.6264e+19 5.6264e+19 3.3206e-02 0.0000e+00 9.2927e+04 0.0000e+00
4.4200e+03 2.1910e-12 7.1872e-01 1.3163e+03 4.3627e+03 5.7000e+03 3.0883e+21 5.6504e+19 5.6504e+19 3.3089e-02 0.0000e+00 9.3234e+04 0.0000e+00
4.4300e+03 2.1826e-12 7.1848e-01 1.3161e+03 4.3620e+03 5.7000e+03 3.1184e+21 5.6745e+19 5.6745e+19 3.2973e-02 0.0000e+00 9.3542e+04 0.0000e+00
4.4400e+03 2.1742e-12 7.1825e-01 1.3159e+03 4.3613e+03 5.7000e+03 3.1487e+21 5.6987e+19 5.6987e+19 3.2857e-02 0.0000e+00 9.3852e+04 0.0000e+00
4.4500e+03 2.1659e-12 7.1802e-01 1.3157e+03 4.3605e+03 5.7000e+03 3.1795e+21 5.7228e+19 5.7228e+19 3.2741e-02 0.0000e+00 9.4163e+04 0.0000e+00
4.4600e+03 2.1575e-12 7.1779e-01 1.3154e+03 4.3598e+03 5.7000e+03 3.2105e+21 5.7471e+19 5.7471e+19 3.2626e-02 0.0000e+00 9.4476e+04 0.0000e+00
4.4700e+03 2.1493e-12 7.1757e-01 1.3152e+03 4.3590e+03 5.7000e+03 3.2419e+21 5.7713e+19 5.7713e+19 3.2510e-02 0.0000e+00 9.4789e+04 0.0000e+00
4.4800e+03 2.1410e-12 7.1734e-01 1.3150e+03 4.3583e+03 5.7000e+03 3.2737e+21 5.7957e+19 5.7957e+19 3.2396e-02 0.0000e+00 9.5105e+04 0.0000e+00
4.4900e+03 2.1328e-12 7.1712e-01 1.3148e+03 4.3576e+03 5.7000e+03 3.3058e+21 5.8200e+19 5.8200e+19 3.2281e-02 0.0000e+00 9.5421e+04 0.0000e+00
4.5000e+03 2.1246e-12 7.1690e-01 1.3146e+03 4.3568e+03 5.7000e+03 3.3382e+21 5.8444e+19 5.8444e+19 3.2167e-02 0.0000e+00 9.5739e+04 0.0000e+00
4.5100e+03 2.1164e-12 7.1669e-01 1.3143e+03 4.3561e+03 5.7000e+03 3.3710e+21 5.8689e+19 5.8689e+19 3.2053e-02 0.0000e+00 9.6059e+04 0.0000e+00
4.5200e+03 2.1083e-12 7.1647e-01 1.3141e+03 4.3554e+03 5.7000e+03 3.4041e+21 5.8933e+19 5.8933e+19 3.1940e-02 0.0000e+00 9.6379e+04 0.0000e+00
4.5300e+03 2.1002e-12 7.1626e-01 1.3139e+03 4.3546e+03 5.7000e+03 3.4377e+21 5.9179e+19 5.9179e+19 3.1826e-02 0.0000e+00 9.6702e+04 0.0000e+00
4.5400e+03 2.0921e-12 7.1605e-01 1.3137e+03 4.3539e+03 5.7000e+03 3.4716e+21 5.9424e+19 5.9424e+19 3.1714e-02 0.0000e+00 9.7025e+04 0.0000e+00
4.5500e+03 0.0000e+00 0.0000e+00 1.3135e+03 0.0000e+00 5.7000e+03 0.0000e+00 0.0000e+00 0.0000e+00 0.0000e+00 0.0000e+00 0.0000e+00 0.0000e+00
