0.0000e+00 4.8000e-11 5.5613e+00 1.7000e+03 2.5854e+03 4.4000e+03 1.9348e+18 2.2409e+18 2.2409e+18 4.9527e-02 0.0000e+00 8.5529e+04 0.0000e+00
1.0000e+01 4.7816e-11 5.2226e+00 1.7103e+03 2.6011e+03 4.4000e+03 2.0241e+18 1.9662e+18 1.9662e+18 5.2536e-02 0.0000e+00 8.1222e+04 0.0000e+00
2.0000e+01 4.7632e-11 4.9127e+00 1.7205e+03 2.6166e+03 4.4000e+03 1.7453e+18 1.7319e+18 1.7319e+18 5.5635e-02 0.0000e+00 7.7245e+04 0.0000e+00
3.0000e+01 4.7449e-11 4.6288e+00 1.7305e+03 2.6317e+03 4.4000e+03 1.5136e+18 1.5313e+18 1.5313e+18 5.8821e-02 0.0000e+00 7.3570e+04 0.0000e+00
4.0000e+01 4.7267e-11 4.3684e+00 1.7403e+03 2.6466e+03 4.4000e+03 1.3198e+18 1.3591e+18 1.3591e+18 6.2088e-02 0.0000e+00 7.0170e+04 0.0000e+00
5.0000e+01 4.7085e-11 4.1292e+00 1.7498e+03 2.6612e+03 4.4000e+03 1.1568e+18 1.2107e+18 1.2107e+18 6.5433e-02 0.0000e+00 6.7023e+04 0.0000e+00
6.0000e+01 4.6905e-11 3.9092e+00 1.7592e+03 2.6754e+03 4.4000e+03 1.0190e+18 1.0825e+18 1.0825e+18 6.8849e-02 0.0000e+00 6.4106e+04 0.0000e+00
7.0000e+01 4.6725e-11 3.7067e+00 1.7684e+03 2.6894e+03 4.4000e+03 9.0204e+17 9.7131e+17 9.7131e+17 7.2331e-02 0.0000e+00 6.1400e+04 0.0000e+00
8.0000e+01 4.6545e-11 3.5202e+00 1.7773e+03 2.7030e+03 4.4000e+03 8.0220e+17 8.7463e+17 8.7463e+17 7.5872e-02 0.0000e+00 5.8889e+04 0.0000e+00
9.0000e+01 4.6366e-11 3.3480e+00 1.7861e+03 2.7163e+03 4.4000e+03 7.1662e+17 7.9030e+17 7.9030e+17 7.9467e-02 0.0000e+00 5.6556e+04 0.0000e+00
1.0000e+02 4.6188e-11 3.1891e+00 1.7946e+03 2.7293e+03 4.4000e+03 6.4296e+17 7.1654e+17 7.1654e+17 8.3107e-02 0.0000e+00 5.4387e+04 0.0000e+00
1.1000e+02 4.6011e-11 3.0422e+00 1.8030e+03 2.7420e+03 4.4000e+03 5.7929e+17 6.5183e+17 6.5183e+17 8.6787e-02 0.0000e+00 5.2369e+04 0.0000e+00
1.2000e+02 4.5834e-11 2.9062e+00 1.8111e+03 2.7543e+03 4.4000e+03 5.2405e+17 5.9492e+17 5.9492e+17 9.0498e-02 0.0000e+00 5.0491e+04 0.0000e+00
1.3000e+02 4.5658e-11 2.7803e+00 1.8190e+03 2.7664e+03 4.4000e+03 4.7595e+17 5.4473e+17 5.4473e+17 9.4234e-02 0.0000e+00 4.8740e+04 0.0000e+00
1.4000e+02 4.5483e-11 2.6635e+00 1.8267e+03 2.7780e+03 4.4000e+03 4.3390e+17 5.0035e+17 5.0035e+17 9.7986e-02 0.0000e+00 4.7109e+04 0.0000e+00
1.5000e+02 4.5308e-11 2.5552e+00 1.8341e+03 2.7894e+03 4.4000e+03 3.9703e+17 4.6101e+17 4.6101e+17 1.0175e-01 0.0000e+00 4.5587e+04 0.0000e+00
1.6000e+02 4.5134e-11 2.4546e+00 1.8414e+03 2.8004e+03 4.4000e+03 3.6459e+17 4.2605e+17 4.2605e+17 1.0551e-01 0.0000e+00 4.4167e+04 0.0000e+00
1.7000e+02 4.4961e-11 2.3611e+00 1.8484e+03 2.8111e+03 4.4000e+03 3.3596e+17 3.9491e+17 3.9491e+17 1.0927e-01 0.0000e+00 4.2841e+04 0.0000e+00
1.8000e+02 4.4788e-11 2.2741e+00 1.8552e+03 2.8215e+03 4.4000e+03 3.1062e+17 3.6711e+17 3.6711e+17 1.1302e-01 0.0000e+00 4.1602e+04 0.0000e+00
1.9000e+02 4.4616e-11 2.1930e+00 1.8618e+03 2.8315e+03 4.4000e+03 2.8813e+17 3.4223e+17 3.4223e+17 1.1674e-01 0.0000e+00 4.0445e+04 0.0000e+00
2.0000e+02 4.4445e-11 2.1176e+00 1.8682e+03 2.8412e+03 4.4000e+03 2.6810e+17 3.1993e+17 3.1993e+17 1.2044e-01 0.0000e+00 3.9362e+04 0.0000e+00
2.1000e+02 4.4274e-11 2.0472e+00 1.8744e+03 2.8506e+03 4.4000e+03 2.5023e+17 2.9988e+17 2.9988e+17 1.2410e-01 0.0000e+00 3.8349e+04 0.0000e+00
2.2000e+02 4.4104e-11 1.9815e+00 1.8803e+03 2.8596e+03 4.4000e+03 2.3424e+17 2.8184e+17 2.8184e+17 1.2772e-01 0.0000e+00 3.7402e+04 0.0000e+00
2.3000e+02 4.3935e-11 1.9202e+00 1.8861e+03 2.8683e+03 4.4000e+03 2.1990e+17 2.6556e+17 2.6556e+17 1.3129e-01 0.0000e+00 3.6515e+04 0.0000e+00
2.4000e+02 4.3766e-11 1.8628e+00 1.8916e+03 2.8768e+03 4.4000e+03 2.0701e+17 2.5084e+17 2.5084e+17 1.3482e-01 0.0000e+00 3.5684e+04 0.0000e+00
2.5000e+02 4.3598e-11 1.8092e+00 1.8969e+03 2.8849e+03 4.4000e+03 1.9540e+17 2.3752e+17 2.3752e+17 1.3828e-01 0.0000e+00 3.4906e+04 0.0000e+00
2.6000e+02 4.3431e-11 1.7590e+00 1.9021e+03 2.8927e+03 4.4000e+03 1.8493e+17 2.2544e+17 2.2544e+17 1.4168e-01 0.0000e+00 3.4178e+04 0.0000e+00
2.7000e+02 4.3264e-11 1.7120e+00 1.9070e+03 2.9002e+03 4.4000e+03 1.7545e+17 2.1447e+17 2.1447e+17 1.4501e-01 0.0000e+00 3.3495e+04 0.0000e+00
2.8000e+02 4.3098e-11 1.6680e+00 1.9117e+03 2.9073e+03 4.4000e+03 1.6686e+17 2.0448e+17 2.0448e+17 1.4826e-01 0.0000e+00 3.2855e+04 0.0000e+00
2.9000e+02 4.2932e-11 1.6267e+00 1.9162e+03 2.9142e+03 4.4000e+03 1.5907e+17 1.9539e+17 1.9539e+17 1.5144e-01 0.0000e+00 3.2255e+04 0.0000e+00
3.0000e+02 4.2768e-11 1.5880e+00 1.9206e+03 2.9209e+03 4.4000e+03 1.5198e+17 1.8709e+17 1.8709e+17 1.5454e-01 0.0000e+00 3.1693e+04 0.0000e+00
3.1000e+02 4.2603e-11 1.5517e+00 1.9247e+03 2.9272e+03 4.4000e+03 1.4553e+17 1.7950e+17 1.7950e+17 1.5755e-01 0.0000e+00 3.1166e+04 0.0000e+00
3.2000e+02 4.2440e-11 1.5175e+00 1.9287e+03 2.9332e+03 4.4000e+03 1.3964e+17 1.7257e+17 1.7257e+17 1.6048e-01 0.0000e+00 3.0672e+04 0.0000e+00
3.3000e+02 4.2277e-11 1.4854e+00 1.9325e+03 2.9390e+03 4.4000e+03 1.3427e+17 1.6621e+17 1.6621e+17 1.6331e-01 0.0000e+00 3.0209e+04 0.0000e+00
3.4000e+02 4.2114e-11 1.4552e+00 1.9362e+03 2.9445e+03 4.4000e+03 1.2936e+17 1.6039e+17 1.6039e+17 1.6606e-01 0.0000e+00 2.9775e+04 0.0000e+00
3.5000e+02 4.1953e-11 1.4269e+00 1.9396e+03 2.9498e+03 4.4000e+03 1.2486e+17 1.5505e+17 1.5505e+17 1.6871e-01 0.0000e+00 2.9368e+04 0.0000e+00
3.6000e+02 4.1792e-11 1.4001e+00 1.9429e+03 2.9548e+03 4.4000e+03 1.2074e+17 1.5014e+17 1.5014e+17 1.7127e-01 0.0000e+00 2.8987e+04 0.0000e+00
3.7000e+02 4.1631e-11 1.3750e+00 1.9461e+03 2.9596e+03 4.4000e+03 1.1696e+17 1.4563e+17 1.4563e+17 1.7374e-01 0.0000e+00 2.8630e+04 0.0000e+00
3.8000e+02 4.1471e-11 1.3513e+00 1.9490e+03 2.9641e+03 4.4000e+03 1.1349e+17 1.4148e+17 1.4148e+17 1.7611e-01 0.0000e+00 2.8296e+04 0.0000e+00
3.9000e+02 4.1312e-11 1.3289e+00 1.9519e+03 2.9684e+03 4.4000e+03 1.1030e+17 1.3766e+17 1.3766e+17 1.7838e-01 0.0000e+00 2.7983e+04 0.0000e+00
4.0000e+02 4.1153e-11 1.3078e+00 1.9546e+03 2.9725e+03 4.4000e+03 1.0737e+17 1.3414e+17 1.3414e+17 1.8056e-01 0.0000e+00 2.7690e+04 0.0000e+00
4.1000e+02 4.0995e-11 1.2879e+00 1.9571e+03 2.9764e+03 4.4000e+03 1.0467e+17 1.3090e+17 1.3090e+17 1.8265e-01 0.0000e+00 2.7416e+04 0.0000e+00
4.2000e+02 4.0838e-11 1.2692e+00 1.9595e+03 2.9801e+03 4.4000e+03 1.0219e+17 1.2791e+17 1.2791e+17 1.8463e-01 0.0000e+00 2.7159e+04 0.0000e+00
4.3000e+02 4.0681e-11 1.2515e+00 1.9618e+03 2.9835e+03 4.4000e+03 9.9908e+16 1.2516e+17 1.2516e+17 1.8653e-01 0.0000e+00 2.6920e+04 0.0000e+00
4.4000e+02 4.0525e-11 1.2347e+00 1.9639e+03 2.9868e+03 4.4000e+03 9.7805e+16 1.2262e+17 1.2262e+17 1.8833e-01 0.0000e+00 2.6696e+04 0.0000e+00
4.5000e+02 4.0369e-11 1.2189e+00 1.9660e+03 2.9899e+03 4.4000e+03 9.5869e+16 1.2028e+17 1.2028e+17 1.9005e-01 0.0000e+00 2.6488e+04 0.0000e+00
4.6000e+02 4.0214e-11 1.2039e+00 1.9679e+03 2.9928e+03 4.4000e+03 9.4086e+16 1.1812e+17 1.1812e+17 1.9167e-01 0.0000e+00 2.6293e+04 0.0000e+00
4.7000e+02 4.0060e-11 1.1898e+00 1.9697e+03 2.9955e+03 4.4000e+03 9.2445e+16 1.1614e+17 1.1614e+17 1.9321e-01 0.0000e+00 2.6112e+04 0.0000e+00
4.8000e+02 3.9906e-11 1.1764e+00 1.9713e+03 2.9980e+03 4.4000e+03 9.0934e+16 1.1430e+17 1.1430e+17 1.9466e-01 0.0000e+00 2.5943e+04 0.0000e+00
4.9000e+02 3.9753e-11 1.1637e+00 1.9729e+03 3.0004e+03 4.4000e+03 8.9545e+16 1.1262e+17 1.1262e+17 1.9602e-01 0.0000e+00 2.5787e+04 0.0000e+00
5.0000e+02 3.9600e-11 1.1517e+00 1.9744e+03 3.0027e+03 4.4000e+03 8.8268e+16 1.1107e+17 1.1107e+17 1.9730e-01 0.0000e+00 2.5641e+04 0.0000e+00
5.1000e+02 3.9448e-11 1.1403e+00 1.9758e+03 3.0048e+03 4.4000e+03 8.7096e+16 1.0964e+17 1.0964e+17 1.9851e-01 0.0000e+00 2.5507e+04 0.0000e+00
5.2000e+02 3.9297e-11 1.1295e+00 1.9770e+03 3.0067e+03 4.4000e+03 8.6020e+16 1.0833e+17 1.0833e+17 1.9963e-01 0.0000e+00 2.5382e+04 0.0000e+00
5.3000e+02 3.9146e-11 1.1193e+00 1.9782e+03 3.0085e+03 4.4000e+03 8.5035e+16 1.0714e+17 1.0714e+17 2.0068e-01 0.0000e+00 2.5267e+04 0.0000e+00
5.4000e+02 3.8995e-11 1.1096e+00 1.9793e+03 3.0102e+03 4.4000e+03 8.4133e+16 1.0604e+17 1.0604e+17 2.0165e-01 0.0000e+00 2.5162e+04 0.0000e+00
5.5000e+02 3.8846e-11 1.1004e+00 1.9803e+03 3.0117e+03 4.4000e+03 8.3311e+16 1.0504e+17 1.0504e+17 2.0256e-01 0.0000e+00 2.5064e+04 0.0000e+00
5.6000e+02 3.8696e-11 1.0917e+00 1.9813e+03 3.0131e+03 4.4000e+03 8.2562e+16 1.0412e+17 1.0412e+17 2.0339e-01 0.0000e+00 2.4975e+04 0.0000e+00
5.7000e+02 3.8548e-11 1.0834e+00 1.9821e+03 3.0144e+03 4.4000e+03 8.1881e+16 1.0329e+17 1.0329e+17 2.0416e-01 0.0000e+00 2.4894e+04 0.0000e+00
5.8000e+02 3.8400e-11 1.0756e+00 1.9829e+03 3.0156e+03 4.4000e+03 8.1266e+16 1.0254e+17 1.0254e+17 2.0486e-01 0.0000e+00 2.4820e+04 0.0000e+00
5.9000e+02 3.8252e-11 1.0681e+00 1.9836e+03 3.0167e+03 4.4000e+03 8.0710e+16 1.0187e+17 1.0187e+17 2.0550e-01 0.0000e+00 2.4753e+04 0.0000e+00
6.0000e+02 3.8105e-11 1.0610e+00 1.9842e+03 3.0177e+03 4.4000e+03 8.0212e+16 1.0126e+17 1.0126e+17 2.0608e-01 0.0000e+00 2.4693e+04 0.0000e+00
6.1000e+02 3.7959e-11 1.0543e+00 1.9848e+03 3.0185e+03 4.4000e+03 7.9767e+16 1.0072e+17 1.0072e+17 2.0661e-01 0.0000e+00 2.4638e+04 0.0000e+00
6.2000e+02 3.7813e-11 1.0478e+00 1.9853e+03 3.0193e+03 4.4000e+03 7.9373e+16 1.0023e+17 1.0023e+17 2.0707e-01 0.0000e+00 2.4590e+04 0.0000e+00
6.3000e+02 3.7668e-11 1.0417e+00 1.9858e+03 3.0200e+03 4.4000e+03 7.9026e+16 9.9812e+16 9.9812e+16 2.0749e-01 0.0000e+00 2.4548e+04 0.0000e+00
6.4000e+02 3.7524e-11 1.0359e+00 1.9862e+03 3.0206e+03 4.4000e+03 7.8724e+16 9.9443e+16 9.9443e+16 2.0785e-01 0.0000e+00 2.4511e+04 0.0000e+00
6.5000e+02 3.7379e-11 1.0304e+00 1.9865e+03 3.0211e+03 4.4000e+03 7.8464e+16 9.9127e+16 9.9127e+16 2.0816e-01 0.0000e+00 2.4479e+04 0.0000e+00
6.6000e+02 3.7236e-11 1.0251e+00 1.9868e+03 3.0216e+03 4.4000e+03 7.8245e+16 9.8860e+16 9.8860e+16 2.0842e-01 0.0000e+00 2.4452e+04 0.0000e+00
6.7000e+02 3.7093e-11 1.0201e+00 1.9871e+03 3.0219e+03 4.4000e+03 7.8063e+16 9.8639e+16 9.8639e+16 2.0864e-01 0.0000e+00 2.4430e+04 0.0000e+00
6.8000e+02 3.6950e-11 1.0154e+00 1.9872e+03 3.0222e+03 4.4000e+03 7.7918e+16 9.8463e+16 9.8463e+16 2.0882e-01 0.0000e+00 2.4412e+04 0.0000e+00
6.9000e+02 3.6809e-11 1.0108e+00 1.9874e+03 3.0224e+03 4.4000e+03 7.7807e+16 9.8328e+16 9.8328e+16 2.0896e-01 0.0000e+00 2.4398e+04 0.0000e+00
7.0000e+02 3.6667e-11 1.0065e+00 1.9875e+03 3.0226e+03 4.4000e+03 7.7729e+16 9.8234e+16 9.8234e+16 2.0905e-01 0.0000e+00 2.4389e+04 0.0000e+00
7.1000e+02 3.6526e-11 1.0023e+00 1.9876e+03 3.0227e+03 4.4000e+03 7.7681e+16 9.8177e+16 9.8177e+16 2.0911e-01 0.0000e+00 2.4383e+04 0.0000e+00
7.2000e+02 3.6386e-11 9.9838e-01 1.9876e+03 3.0227e+03 4.4000e+03 7.7663e+16 9.8157e+16 9.8157e+16 2.0913e-01 0.0000e+00 2.4381e+04 0.0000e+00
7.3000e+02 3.6246e-11 9.9462e-01 1.9876e+03 3.0227e+03 4.4000e+03 7.7674e+16 9.8171e+16 9.8171e+16 2.0911e-01 0.0000e+00 2.4382e+04 0.0000e+00
7.4000e+02 3.6107e-11 9.9102e-01 1.9875e+03 3.0226e+03 4.4000e+03 7.7711e+16 9.8218e+16 9.8218e+16 2.0907e-01 0.0000e+00 2.4387e+04 0.0000e+00
7.5000e+02 3.5969e-11 9.8759e-01 1.9874e+03 3.0225e+03 4.4000e+03 7.7774e+16 9.8297e+16 9.8297e+16 2.0899e-01 0.0000e+00 2.4395e+04 0.0000e+00
7.6000e+02 3.5830e-11 9.8431e-01 1.9873e+03 3.0223e+03 4.4000e+03 7.7862e+16 9.8405e+16 9.8405e+16 2.0888e-01 0.0000e+00 2.4406e+04 0.0000e+00
7.7000e+02 3.5693e-11 9.8118e-01 1.9872e+03 3.0221e+03 4.4000e+03 7.7973e+16 9.8543e+16 9.8543e+16 2.0874e-01 0.0000e+00 2.4420e+04 0.0000e+00
7.8000e+02 3.5556e-11 9.7818e-01 1.9870e+03 3.0218e+03 4.4000e+03 7.8106e+16 9.8708e+16 9.8708e+16 2.0858e-01 0.0000e+00 2.4437e+04 0.0000e+00
7.9000e+02 3.5419e-11 9.7532e-01 1.9868e+03 3.0215e+03 4.4000e+03 7.8262e+16 9.8900e+16 9.8900e+16 2.0839e-01 0.0000e+00 2.4456e+04 0.0000e+00
8.0000e+02 3.5283e-11 9.7258e-01 1.9865e+03 3.0211e+03 4.4000e+03 7.8438e+16 9.9117e+16 9.9117e+16 2.0817e-01 0.0000e+00 2.4478e+04 0.0000e+00
8.1000e+02 3.5148e-11 9.6995e-01 1.9863e+03 3.0207e+03 4.4000e+03 7.8634e+16 9.9359e+16 9.9359e+16 2.0793e-01 0.0000e+00 2.4502e+04 0.0000e+00
8.2000e+02 3.5013e-11 9.6744e-01 1.9860e+03 3.0203e+03 4.4000e+03 7.8849e+16 9.9624e+16 9.9624e+16 2.0767e-01 0.0000e+00 2.4529e+04 0.0000e+00
8.3000e+02 3.4878e-11 9.6504e-01 1.9857e+03 3.0198e+03 4.4000e+03 7.9083e+16 9.9912e+16 9.9912e+16 2.0739e-01 0.0000e+00 2.4558e+04 0.0000e+00
8.4000e+02 3.4744e-11 9.6274e-01 1.9853e+03 3.0193e+03 4.4000e+03 7.9335e+16 1.0022e+17 1.0022e+17 2.0709e-01 0.0000e+00 2.4589e+04 0.0000e+00
8.5000e+02 3.4611e-11 9.6053e-01 1.9850e+03 3.0188e+03 4.4000e+03 7.9604e+16 1.0055e+17 1.0055e+17 2.0676e-01 0.0000e+00 2.4622e+04 0.0000e+00
8.6000e+02 3.4478e-11 9.5842e-01 1.9846e+03 3.0182e+03 4.4000e+03 7.9890e+16 1.0090e+17 1.0090e+17 2.0642e-01 0.0000e+00 2.4657e+04 0.0000e+00
8.7000e+02 3.4346e-11 9.5639e-01 1.9842e+03 3.0176e+03 4.4000e+03 8.0192e+16 1.0127e+17 1.0127e+17 2.0607e-01 0.0000e+00 2.4694e+04 0.0000e+00
8.8000e+02 3.4214e-11 9.5444e-01 1.9838e+03 3.0170e+03 4.4000e+03 8.0509e+16 1.0166e+17 1.0166e+17 2.0570e-01 0.0000e+00 2.4733e+04 0.0000e+00
8.9000e+02 3.4082e-11 9.5258e-01 1.9834e+03 3.0164e+03 4.4000e+03 8.0842e+16 1.0207e+17 1.0207e+17 2.0531e-01 0.0000e+00 2.4773e+04 0.0000e+00
9.0000e+02 3.3952e-11 9.5078e-01 1.9829e+03 3.0157e+03 4.4000e+03 8.1189e+16 1.0250e+17 1.0250e+17 2.0490e-01 0.0000e+00 2.4816e+04 0.0000e+00
9.1000e+02 3.3821e-11 9.4906e-01 1.9825e+03 3.0150e+03 4.4000e+03 8.1551e+16 1.0294e+17 1.0294e+17 2.0449e-01 0.0000e+00 2.4859e+04 0.0000e+00
9.2000e+02 3.3691e-11 9.4741e-01 1.9820e+03 3.0142e+03 4.4000e+03 8.1926e+16 1.0340e+17 1.0340e+17 2.0406e-01 0.0000e+00 2.4905e+04 0.0000e+00
9.3000e+02 3.3562e-11 9.4582e-01 1.9815e+03 3.0135e+03 4.4000e+03 8.2315e+16 1.0388e+17 1.0388e+17 2.0362e-01 0.0000e+00 2.4951e+04 0.0000e+00
9.4000e+02 3.3433e-11 9.4428e-01 1.9810e+03 3.0127e+03 4.4000e+03 8.2717e+16 1.0437e+17 1.0437e+17 2.0316e-01 0.0000e+00 2.5000e+04 0.0000e+00
9.5000e+02 3.3305e-11 9.4281e-01 1.9805e+03 3.0119e+03 4.4000e+03 8.3131e+16 1.0488e+17 1.0488e+17 2.0270e-01 0.0000e+00 2.5049e+04 0.0000e+00
9.6000e+02 3.3177e-11 9.4140e-01 1.9800e+03 3.0111e+03 4.4000e+03 8.3559e+16 1.0540e+17 1.0540e+17 2.0222e-01 0.0000e+00 2.5100e+04 0.0000e+00
9.7000e+02 3.3049e-11 9.4003e-01 1.9794e+03 3.0103e+03 4.4000e+03 8.3998e+16 1.0594e+17 1.0594e+17 2.0174e-01 0.0000e+00 2.5152e+04 0.0000e+00
9.8000e+02 3.2923e-11 9.3872e-01 1.9789e+03 3.0095e+03 4.4000e+03 8.4449e+16 1.0649e+17 1.0649e+17 2.0125e-01 0.0000e+00 2.5206e+04 0.0000e+00
9.9000e+02 3.2796e-11 9.3745e-01 1.9783e+03 3.0086e+03 4.4000e+03 8.4912e+16 1.0706e+17 1.0706e+17 2.0075e-01 0.0000e+00 2.5260e+04 0.0000e+00
1.0000e+03 3.2670e-11 9.3623e-01 1.9777e+03 3.0077e+03 4.4000e+03 8.5386e+16 1.0764e+17 1.0764e+17 2.0024e-01 0.0000e+00 2.5316e+04 0.0000e+00
1.0100e+03 3.2545e-11 9.3505e-01 1.9771e+03 3.0068e+03 4.4000e+03 8.5871e+16 1.0823e+17 1.0823e+17 1.9972e-01 0.0000e+00 2.5373e+04 0.0000e+00
1.0200e+03 3.2420e-11 9.3391e-01 1.9765e+03 3.0059e+03 4.4000e+03 8.6367e+16 1.0884e+17 1.0884e+17 1.9919e-01 0.0000e+00 2.5431e+04 0.0000e+00
1.0300e+03 3.2295e-11 9.3281e-01 1.9759e+03 3.0050e+03 4.4000e+03 8.6873e+16 1.0946e+17 1.0946e+17 1.9866e-01 0.0000e+00 2.5489e+04 0.0000e+00
1.0400e+03 3.2171e-11 9.3175e-01 1.9753e+03 3.0041e+03 4.4000e+03 8.7391e+16 1.1009e+17 1.1009e+17 1.9813e-01 0.0000e+00 2.5549e+04 0.0000e+00
1.0500e+03 3.2048e-11 9.3072e-01 1.9747e+03 3.0032e+03 4.4000e+03 8.7918e+16 1.1073e+17 1.1073e+17 1.9758e-01 0.0000e+00 2.5610e+04 0.0000e+00
1.0600e+03 3.1925e-11 9.2973e-01 1.9741e+03 3.0022e+03 4.4000e+03 8.8456e+16 1.1139e+17 1.1139e+17 1.9703e-01 0.0000e+00 2.5672e+04 0.0000e+00
1.0700e+03 3.1802e-11 9.2877e-01 1.9734e+03 3.0012e+03 4.4000e+03 8.9003e+16 1.1206e+17 1.1206e+17 1.9648e-01 0.0000e+00 2.5735e+04 0.0000e+00
1.0800e+03 3.1680e-11 9.2784e-01 1.9728e+03 3.0003e+03 4.4000e+03 8.9561e+16 1.1274e+17 1.1274e+17 1.9592e-01 0.0000e+00 2.5798e+04 0.0000e+00
1.0900e+03 3.1558e-11 9.2694e-01 1.9722e+03 2.9993e+03 4.4000e+03 9.0128e+16 1.1343e+17 1.1343e+17 1.9536e-01 0.0000e+00 2.5863e+04 0.0000e+00
1.1000e+03 3.1437e-11 9.2607e-01 1.9715e+03 2.9983e+03 4.4000e+03 9.0705e+16 1.1413e+17 1.1413e+17 1.9479e-01 0.0000e+00 2.5928e+04 0.0000e+00
1.1100e+03 3.1316e-11 9.2523e-01 1.9708e+03 2.9973e+03 4.4000e+03 9.1291e+16 1.1485e+17 1.1485e+17 1.9422e-01 0.0000e+00 2.5994e+04 0.0000e+00
1.1200e+03 3.1196e-11 9.2441e-01 1.9702e+03 2.9963e+03 4.4000e+03 9.1886e+16 1.1557e+17 1.1557e+17 1.9365e-01 0.0000e+00 2.6060e+04 0.0000e+00
1.1300e+03 3.1076e-11 9.2361e-01 1.9695e+03 2.9952e+03 4.4000e+03 9.2490e+16 1.1631e+17 1.1631e+17 1.9307e-01 0.0000e+00 2.6128e+04 0.0000e+00
1.1400e+03 3.0957e-11 9.2284e-01 1.9688e+03 2.9942e+03 4.4000e+03 9.3104e+16 1.1706e+17 1.1706e+17 1.9249e-01 0.0000e+00 2.6196e+04 0.0000e+00
1.1500e+03 3.0838e-11 9.2208e-01 1.9681e+03 2.9932e+03 4.4000e+03 9.3727e+16 1.1782e+17 1.1782e+17 1.9191e-01 0.0000e+00 2.6265e+04 0.0000e+00
1.1600e+03 3.0720e-11 9.2135e-01 1.9675e+03 2.9921e+03 4.4000e+03 9.4358e+16 1.1858e+17 1.1858e+17 1.9132e-01 0.0000e+00 2.6335e+04 0.0000e+00
1.1700e+03 3.0602e-11 9.2064e-01 1.9668e+03 2.9911e+03 4.4000e+03 9.4999e+16 1.1936e+17 1.1936e+17 1.9073e-01 0.0000e+00 2.6405e+04 0.0000e+00
1.1800e+03 3.0484e-11 9.1995e-01 1.9661e+03 2.9900e+03 4.4000e+03 9.5648e+16 1.2015e+17 1.2015e+17 1.9014e-01 0.0000e+00 2.6476e+04 0.0000e+00
1.1900e+03 3.0367e-11 9.1928e-01 1.9654e+03 2.9890e+03 4.4000e+03 9.6305e+16 1.2095e+17 1.2095e+17 1.8955e-01 0.0000e+00 2.6548e+04 0.0000e+00
1.2000e+03 3.0251e-11 9.1862e-01 1.9647e+03 2.9879e+03 4.4000e+03 9.6972e+16 1.2176e+17 1.2176e+17 1.8896e-01 0.0000e+00 2.6620e+04 0.0000e+00
1.2100e+03 3.0134e-11 9.1798e-01 1.9640e+03 2.9868e+03 4.4000e+03 9.7647e+16 1.2258e+17 1.2258e+17 1.8836e-01 0.0000e+00 2.6693e+04 0.0000e+00
1.2200e+03 3.0019e-11 9.1736e-01 1.9633e+03 2.9858e+03 4.4000e+03 9.8330e+16 1.2341e+17 1.2341e+17 1.8777e-01 0.0000e+00 2.6766e+04 0.0000e+00
1.2300e+03 2.9903e-11 9.1675e-01 1.9626e+03 2.9847e+03 4.4000e+03 9.9022e+16 1.2425e+17 1.2425e+17 1.8717e-01 0.0000e+00 2.6840e+04 0.0000e+00
1.2400e+03 2.9789e-11 9.1616e-01 1.9618e+03 2.9836e+03 4.4000e+03 9.9722e+16 1.2510e+17 1.2510e+17 1.8657e-01 0.0000e+00 2.6914e+04 0.0000e+00
1.2500e+03 2.9674e-11 9.1558e-01 1.9611e+03 2.9825e+03 4.4000e+03 1.0043e+17 1.2596e+17 1.2596e+17 1.8598e-01 0.0000e+00 2.6990e+04 0.0000e+00
1.2600e+03 2.9560e-11 9.1501e-01 1.9604e+03 2.9814e+03 4.4000e+03 1.0115e+17 1.2683e+17 1.2683e+17 1.8538e-01 0.0000e+00 2.7065e+04 0.0000e+00
1.2700e+03 2.9447e-11 9.1445e-01 1.9597e+03 2.9803e+03 4.4000e+03 1.0187e+17 1.2770e+17 1.2770e+17 1.8478e-01 0.0000e+00 2.7141e+04 0.0000e+00
1.2800e+03 2.9334e-11 9.1391e-01 1.9590e+03 2.9792e+03 4.4000e+03 1.0261e+17 1.2859e+17 1.2859e+17 1.8418e-01 0.0000e+00 2.7218e+04 0.0000e+00
1.2900e+03 2.9221e-11 9.1338e-01 1.9582e+03 2.9781e+03 4.4000e+03 1.0335e+17 1.2949e+17 1.2949e+17 1.8358e-01 0.0000e+00 2.7295e+04 0.0000e+00
1.3000e+03 2.9109e-11 9.1286e-01 1.9575e+03 2.9770e+03 4.4000e+03 1.0410e+17 1.3040e+17 1.3040e+17 1.8298e-01 0.0000e+00 2.7373e+04 0.0000e+00
1.3100e+03 2.8997e-11 9.1235e-01 1.9568e+03 2.9759e+03 4.4000e+03 1.0486e+17 1.3131e+17 1.3131e+17 1.8237e-01 0.0000e+00 2.7451e+04 0.0000e+00
1.3200e+03 2.8886e-11 9.1185e-01 1.9561e+03 2.9748e+03 4.4000e+03 1.0562e+17 1.3224e+17 1.3224e+17 1.8177e-01 0.0000e+00 2.7529e+04 0.0000e+00
1.3300e+03 2.8775e-11 9.1136e-01 1.9553e+03 2.9737e+03 4.4000e+03 1.0640e+17 1.3318e+17 1.3318e+17 1.8117e-01 0.0000e+00 2.7609e+04 0.0000e+00
1.3400e+03 2.8664e-11 9.1087e-01 1.9546e+03 2.9726e+03 4.4000e+03 1.0718e+17 1.3412e+17 1.3412e+17 1.8057e-01 0.0000e+00 2.7688e+04 0.0000e+00
1.3500e+03 2.8554e-11 9.1040e-01 1.9538e+03 2.9714e+03 4.4000e+03 1.0797e+17 1.3508e+17 1.3508e+17 1.7997e-01 0.0000e+00 2.7768e+04 0.0000e+00
1.3600e+03 2.8445e-11 9.0993e-01 1.9531e+03 2.9703e+03 4.4000e+03 1.0877e+17 1.3604e+17 1.3604e+17 1.7937e-01 0.0000e+00 2.7849e+04 0.0000e+00
1.3700e+03 2.8335e-11 9.0948e-01 1.9524e+03 2.9692e+03 4.4000e+03 1.0958e+17 1.3701e+17 1.3701e+17 1.7878e-01 0.0000e+00 2.7929e+04 0.0000e+00
1.3800e+03 2.8226e-11 9.0903e-01 1.9516e+03 2.9681e+03 4.4000e+03 1.1039e+17 1.3800e+17 1.3800e+17 1.7818e-01 0.0000e+00 2.8011e+04 0.0000e+00
1.3900e+03 2.8118e-11 9.0858e-01 1.9509e+03 2.9669e+03 4.4000e+03 1.1122e+17 1.3899e+17 1.3899e+17 1.7758e-01 0.0000e+00 2.8092e+04 0.0000e+00
1.4000e+03 2.8010e-11 9.0815e-01 1.9501e+03 2.9658e+03 4.4000e+03 1.1205e+17 1.3999e+17 1.3999e+17 1.7698e-01 0.0000e+00 2.8175e+04 0.0000e+00
1.4100e+03 2.7903e-11 9.0772e-01 1.9494e+03 2.9647e+03 4.4000e+03 1.1289e+17 1.4100e+17 1.4100e+17 1.7639e-01 0.0000e+00 2.8257e+04 0.0000e+00
1.4200e+03 2.7795e-11 9.0729e-01 1.9486e+03 2.9635e+03 4.4000e+03 1.1374e+17 1.4202e+17 1.4202e+17 1.7579e-01 0.0000e+00 2.8340e+04 0.0000e+00
1.4300e+03 2.7689e-11 9.0687e-01 1.9479e+03 2.9624e+03 4.4000e+03 1.1459e+17 1.4305e+17 1.4305e+17 1.7520e-01 0.0000e+00 2.8423e+04 0.0000e+00
1.4400e+03 2.7582e-11 9.0646e-01 1.9472e+03 2.9613e+03 4.4000e+03 1.1546e+17 1.4409e+17 1.4409e+17 1.7460e-01 0.0000e+00 2.8507e+04 0.0000e+00
1.4500e+03 2.7476e-11 9.0606e-01 1.9464e+03 2.9601e+03 4.4000e+03 1.1633e+17 1.4514e+17 1.4514e+17 1.7401e-01 0.0000e+00 2.8591e+04 0.0000e+00
1.4600e+03 2.7371e-11 9.0565e-01 1.9457e+03 2.9590e+03 4.4000e+03 1.1721e+17 1.4620e+17 1.4620e+17 1.7342e-01 0.0000e+00 2.8676e+04 0.0000e+00
1.4700e+03 2.7266e-11 9.0526e-01 1.9449e+03 2.9578e+03 4.4000e+03 1.1810e+17 1.4727e+17 1.4727e+17 1.7283e-01 0.0000e+00 2.8761e+04 0.0000e+00
1.4800e+03 2.7161e-11 9.0486e-01 1.9442e+03 2.9567e+03 4.4000e+03 1.1900e+17 1.4835e+17 1.4835e+17 1.7224e-01 0.0000e+00 2.8846e+04 0.0000e+00
1.4900e+03 2.7057e-11 9.0448e-01 1.9434e+03 2.9556e+03 4.4000e+03 1.1990e+17 1.4943e+17 1.4943e+17 1.7165e-01 0.0000e+00 2.8932e+04 0.0000e+00
1.5000e+03 2.6953e-11 9.0409e-01 1.9427e+03 2.9544e+03 4.4000e+03 1.2082e+17 1.5053e+17 1.5053e+17 1.7107e-01 0.0000e+00 2.9018e+04 0.0000e+00
1.5100e+03 2.6849e-11 9.0371e-01 1.9419e+03 2.9533e+03 4.4000e+03 1.2174e+17 1.5163e+17 1.5163e+17 1.7048e-01 0.0000e+00 2.9104e+04 0.0000e+00
1.5200e+03 2.6746e-11 9.0334e-01 1.9412e+03 2.9521e+03 4.4000e+03 1.2267e+17 1.5275e+17 1.5275e+17 1.6990e-01 0.0000e+00 2.9191e+04 0.0000e+00
1.5300e+03 2.6644e-11 9.0296e-01 1.9404e+03 2.9510e+03 4.4000e+03 1.2361e+17 1.5388e+17 1.5388e+17 1.6931e-01 0.0000e+00 2.9278e+04 0.0000e+00
1.5400e+03 2.6541e-11 9.0260e-01 1.9397e+03 2.9498e+03 4.4000e+03 1.2456e+17 1.5501e+17 1.5501e+17 1.6873e-01 0.0000e+00 2.9366e+04 0.0000e+00
1.5500e+03 2.6439e-11 9.0223e-01 1.9389e+03 2.9487e+03 4.4000e+03 1.2552e+17 1.5615e+17 1.5615e+17 1.6815e-01 0.0000e+00 2.9453e+04 0.0000e+00
1.5600e+03 2.6338e-11 9.0187e-01 1.9381e+03 2.9476e+03 4.4000e+03 1.2648e+17 1.5731e+17 1.5731e+17 1.6758e-01 0.0000e+00 2.9542e+04 0.0000e+00
1.5700e+03 2.6237e-11 9.0151e-01 1.9374e+03 2.9464e+03 4.4000e+03 1.2746e+17 1.5847e+17 1.5847e+17 1.6700e-01 0.0000e+00 2.9630e+04 0.0000e+00
1.5800e+03 2.6136e-11 9.0115e-01 1.9366e+03 2.9453e+03 4.4000e+03 1.2844e+17 1.5965e+17 1.5965e+17 1.6642e-01 0.0000e+00 2.9719e+04 0.0000e+00
1.5900e+03 2.6036e-11 9.0080e-01 1.9359e+03 2.9441e+03 4.4000e+03 1.2943e+17 1.6083e+17 1.6083e+17 1.6585e-01 0.0000e+00 2.9808e+04 0.0000e+00
1.6000e+03 2.5936e-11 9.0045e-01 1.9351e+03 2.9430e+03 4.4000e+03 1.3043e+17 1.6202e+17 1.6202e+17 1.6528e-01 0.0000e+00 2.9898e+04 0.0000e+00
1.6100e+03 2.5836e-11 9.0010e-01 1.9344e+03 2.9418e+03 4.4000e+03 1.3144e+17 1.6323e+17 1.6323e+17 1.6471e-01 0.0000e+00 2.9988e+04 0.0000e+00
1.6200e+03 2.5737e-11 8.9975e-01 1.9336e+03 2.9407e+03 4.4000e+03 1.3246e+17 1.6444e+17 1.6444e+17 1.6414e-01 0.0000e+00 3.0078e+04 0.0000e+00
1.6300e+03 2.5638e-11 8.9941e-01 1.9329e+03 2.9395e+03 4.4000e+03 1.3348e+17 1.6566e+17 1.6566e+17 1.6357e-01 0.0000e+00 3.0168e+04 0.0000e+00
1.6400e+03 2.5540e-11 8.9906e-01 1.9321e+03 2.9384e+03 4.4000e+03 1.3452e+17 1.6690e+17 1.6690e+17 1.6300e-01 0.0000e+00 3.0259e+04 0.0000e+00
1.6500e+03 2.5441e-11 8.9872e-01 1.9314e+03 2.9372e+03 4.4000e+03 1.3556e+17 1.6814e+17 1.6814e+17 1.6244e-01 0.0000e+00 3.0351e+04 0.0000e+00
1.6600e+03 2.5344e-11 8.9839e-01 1.9306e+03 2.9361e+03 4.4000e+03 1.3661e+17 1.6939e+17 1.6939e+17 1.6188e-01 0.0000e+00 3.0442e+04 0.0000e+00
1.6700e+03 2.5246e-11 8.9805e-01 1.9299e+03 2.9349e+03 4.4000e+03 1.3768e+17 1.7066e+17 1.7066e+17 1.6131e-01 0.0000e+00 3.0534e+04 0.0000e+00
1.6800e+03 2.5150e-11 8.9771e-01 1.9291e+03 2.9338e+03 4.4000e+03 1.3875e+17 1.7193e+17 1.7193e+17 1.6075e-01 0.0000e+00 3.0626e+04 0.0000e+00
1.6900e+03 2.5053e-11 8.9738e-01 1.9284e+03 2.9327e+03 4.4000e+03 1.3983e+17 1.7321e+17 1.7321e+17 1.6020e-01 0.0000e+00 3.0719e+04 0.0000e+00
1.7000e+03 2.4957e-11 8.9705e-01 1.9276e+03 2.9315e+03 4.4000e+03 1.4092e+17 1.7451e+17 1.7451e+17 1.5964e-01 0.0000e+00 3.0812e+04 0.0000e+00
1.7100e+03 2.4861e-11 8.9672e-01 1.9268e+03 2.9304e+03 4.4000e+03 1.4202e+17 1.7581e+17 1.7581e+17 1.5909e-01 0.0000e+00 3.0905e+04 0.0000e+00
1.7200e+03 2.4765e-11 8.9639e-01 1.9261e+03 2.9292e+03 4.4000e+03 1.4313e+17 1.7713e+17 1.7713e+17 1.5853e-01 0.0000e+00 3.0998e+04 0.0000e+00
1.7300e+03 2.4670e-11 8.9606e-01 1.9253e+03 2.9281e+03 4.4000e+03 1.4425e+17 1.7845e+17 1.7845e+17 1.5798e-01 0.0000e+00 3.1092e+04 0.0000e+00
1.7400e+03 2.4576e-11 8.9573e-01 1.9246e+03 2.9269e+03 4.4000e+03 1.4537e+17 1.7979e+17 1.7979e+17 1.5743e-01 0.0000e+00 3.1186e+04 0.0000e+00
1.7500e+03 2.4481e-11 8.9541e-01 1.9238e+03 2.9258e+03 4.4000e+03 1.4651e+17 1.8114e+17 1.8114e+17 1.5689e-01 0.0000e+00 3.1281e+04 0.0000e+00
1.7600e+03 2.4387e-11 8.9508e-01 1.9231e+03 2.9246e+03 4.4000e+03 1.4766e+17 1.8249e+17 1.8249e+17 1.5634e-01 0.0000e+00 3.1376e+04 0.0000e+00
1.7700e+03 2.4294e-11 8.9476e-01 1.9223e+03 2.9235e+03 4.4000e+03 1.4881e+17 1.8386e+17 1.8386e+17 1.5580e-01 0.0000e+00 3.1471e+04 0.0000e+00
1.7800e+03 2.4200e-11 8.9444e-01 1.9216e+03 2.9224e+03 4.4000e+03 1.4998e+17 1.8524e+17 1.8524e+17 1.5525e-01 0.0000e+00 3.1566e+04 0.0000e+00
1.7900e+03 2.4107e-11 8.9412e-01 1.9208e+03 2.9212e+03 4.4000e+03 1.5116e+17 1.8663e+17 1.8663e+17 1.5471e-01 0.0000e+00 3.1662e+04 0.0000e+00
1.8000e+03 2.4015e-11 8.9380e-01 1.9201e+03 2.9201e+03 4.4000e+03 1.5234e+17 1.8803e+17 1.8803e+17 1.5417e-01 0.0000e+00 3.1758e+04 0.0000e+00
1.8100e+03 2.3923e-11 8.9348e-01 1.9193e+03 2.9189e+03 4.4000e+03 1.5354e+17 1.8944e+17 1.8944e+17 1.5364e-01 0.0000e+00 3.1854e+04 0.0000e+00
1.8200e+03 2.3831e-11 8.9316e-01 1.9186e+03 2.9178e+03 4.4000e+03 1.5474e+17 1.9086e+17 1.9086e+17 1.5310e-01 0.0000e+00 3.1951e+04 0.0000e+00
1.8300e+03 2.3739e-11 8.9284e-01 1.9178e+03 2.9167e+03 4.4000e+03 1.5596e+17 1.9230e+17 1.9230e+17 1.5257e-01 0.0000e+00 3.2048e+04 0.0000e+00
1.8400e+03 2.3648e-11 8.9252e-01 1.9171e+03 2.9155e+03 4.4000e+03 1.5718e+17 1.9374e+17 1.9374e+17 1.5204e-01 0.0000e+00 3.2145e+04 0.0000e+00
1.8500e+03 2.3557e-11 8.9220e-01 1.9163e+03 2.9144e+03 4.4000e+03 1.5842e+17 1.9520e+17 1.9520e+17 1.5151e-01 0.0000e+00 3.2243e+04 0.0000e+00
1.8600e+03 2.3467e-11 8.9188e-01 1.9156e+03 2.9132e+03 4.4000e+03 1.5967e+17 1.9667e+17 1.9667e+17 1.5098e-01 0.0000e+00 3.2341e+04 0.0000e+00
1.8700e+03 2.3377e-11 8.9157e-01 1.9148e+03 2.9121e+03 4.4000e+03 1.6092e+17 1.9814e+17 1.9814e+17 1.5045e-01 0.0000e+00 3.2439e+04 0.0000e+00
1.8800e+03 2.3287e-11 8.9125e-01 1.9141e+03 2.9110e+03 4.4000e+03 1.6219e+17 1.9963e+17 1.9963e+17 1.4993e-01 0.0000e+00 3.2537e+04 0.0000e+00
1.8900e+03 2.3197e-11 8.9094e-01 1.9133e+03 2.9098e+03 4.4000e+03 1.6347e+17 2.0114e+17 2.0114e+17 1.4941e-01 0.0000e+00 3.2636e+04 0.0000e+00
1.9000e+03 2.3108e-11 8.9062e-01 1.9126e+03 2.9087e+03 4.4000e+03 1.6476e+17 2.0265e+17 2.0265e+17 1.4888e-01 0.0000e+00 3.2735e+04 0.0000e+00
1.9100e+03 2.3020e-11 8.9030e-01 1.9119e+03 2.9076e+03 4.4000e+03 1.6605e+17 2.0417e+17 2.0417e+17 1.4837e-01 0.0000e+00 3.2835e+04 0.0000e+00
1.9200e+03 2.2931e-11 8.8999e-01 1.9111e+03 2.9064e+03 4.4000e+03 1.6736e+17 2.0571e+17 2.0571e+17 1.4785e-01 0.0000e+00 3.2935e+04 0.0000e+00
1.9300e+03 2.2843e-11 8.8967e-01 1.9104e+03 2.9053e+03 4.4000e+03 1.6868e+17 2.0726e+17 2.0726e+17 1.4733e-01 0.0000e+00 3.3035e+04 0.0000e+00
1.9400e+03 2.2756e-11 8.8936e-01 1.9096e+03 2.9042e+03 4.4000e+03 1.7002e+17 2.0882e+17 2.0882e+17 1.4682e-01 0.0000e+00 3.3135e+04 0.0000e+00
1.9500e+03 2.2668e-11 8.8905e-01 1.9089e+03 2.9030e+03 4.4000e+03 1.7136e+17 2.1039e+17 2.1039e+17 1.4631e-01 0.0000e+00 3.3236e+04 0.0000e+00
1.9600e+03 2.2581e-11 8.8873e-01 1.9081e+03 2.9019e+03 4.4000e+03 1.7271e+17 2.1198e+17 2.1198e+17 1.4580e-01 0.0000e+00 3.3337e+04 0.0000e+00
1.9700e+03 2.2494e-11 8.8842e-01 1.9074e+03 2.9008e+03 4.4000e+03 1.7408e+17 2.1357e+17 2.1357e+17 1.4529e-01 0.0000e+00 3.3438e+04 0.0000e+00
1.9800e+03 2.2408e-11 8.8810e-01 1.9066e+03 2.8997e+03 4.4000e+03 1.7545e+17 2.1518e+17 2.1518e+17 1.4478e-01 0.0000e+00 3.3540e+04 0.0000e+00
1.9900e+03 2.2322e-11 8.8779e-01 1.9059e+03 2.8985e+03 4.4000e+03 1.7684e+17 2.1680e+17 2.1680e+17 1.4428e-01 0.0000e+00 3.3642e+04 0.0000e+00
2.0000e+03 2.2236e-11 8.8747e-01 1.9052e+03 2.8974e+03 4.4000e+03 1.7824e+17 2.1844e+17 2.1844e+17 1.4377e-01 0.0000e+00 3.3744e+04 0.0000e+00
2.0100e+03 2.2151e-11 8.8716e-01 1.9044e+03 2.8963e+03 4.4000e+03 1.7965e+17 2.2008e+17 2.2008e+17 1.4327e-01 0.0000e+00 3.3847e+04 0.0000e+00
2.0200e+03 2.2066e-11 8.8685e-01 1.9037e+03 2.8951e+03 4.4000e+03 1.8107e+17 2.2174e+17 2.2174e+17 1.4277e-01 0.0000e+00 3.3950e+04 0.0000e+00
2.0300e+03 2.1981e-11 8.8653e-01 1.9029e+03 2.8940e+03 4.4000e+03 1.8250e+17 2.2341e+17 2.2341e+17 1.4227e-01 0.0000e+00 3.4053e+04 0.0000e+00
2.0400e+03 2.1897e-11 8.8622e-01 1.9022e+03 2.8929e+03 4.4000e+03 1.8395e+17 2.2509e+17 2.2509e+17 1.4178e-01 0.0000e+00 3.4156e+04 0.0000e+00
2.0500e+03 2.1813e-11 8.8590e-01 1.9015e+03 2.8918e+03 4.4000e+03 1.8540e+17 2.2679e+17 2.2679e+17 1.4128e-01 0.0000e+00 3.4260e+04 0.0000e+00
2.0600e+03 2.1729e-11 8.8559e-01 1.9007e+03 2.8906e+03 4.4000e+03 1.8687e+17 2.2850e+17 2.2850e+17 1.4079e-01 0.0000e+00 3.4364e+04 0.0000e+00
2.0700e+03 2.1645e-11 8.8527e-01 1.9000e+03 2.8895e+03 4.4000e+03 1.8835e+17 2.3022e+17 2.3022e+17 1.4030e-01 0.0000e+00 3.4469e+04 0.0000e+00
2.0800e+03 2.1562e-11 8.8496e-01 1.8993e+03 2.8884e+03 4.4000e+03 1.8984e+17 2.3196e+17 2.3196e+17 1.3981e-01 0.0000e+00 3.4573e+04 0.0000e+00
2.0900e+03 2.1479e-11 8.8465e-01 1.8985e+03 2.8873e+03 4.4000e+03 1.9135e+17 2.3370e+17 2.3370e+17 1.3932e-01 0.0000e+00 3.4678e+04 0.0000e+00
2.1000e+03 2.1397e-11 8.8433e-01 1.8978e+03 2.8862e+03 4.4000e+03 1.9287e+17 2.3546e+17 2.3546e+17 1.3884e-01 0.0000e+00 3.4784e+04 0.0000e+00
2.1100e+03 2.1315e-11 8.8401e-01 1.8970e+03 2.8850e+03 4.4000e+03 1.9440e+17 2.3724e+17 2.3724e+17 1.3835e-01 0.0000e+00 3.4890e+04 0.0000e+00
2.1200e+03 2.1233e-11 8.8370e-01 1.8963e+03 2.8839e+03 4.4000e+03 1.9594e+17 2.3903e+17 2.3903e+17 1.3787e-01 0.0000e+00 3.4996e+04 0.0000e+00
2.1300e+03 2.1151e-11 8.8338e-01 1.8956e+03 2.8828e+03 4.4000e+03 1.9749e+17 2.4083e+17 2.4083e+17 1.3739e-01 0.0000e+00 3.5102e+04 0.0000e+00
2.1400e+03 2.1070e-11 8.8307e-01 1.8948e+03 2.8817e+03 4.4000e+03 1.9906e+17 2.4264e+17 2.4264e+17 1.3691e-01 0.0000e+00 3.5208e+04 0.0000e+00
2.1500e+03 2.0989e-11 8.8275e-01 1.8941e+03 2.8806e+03 4.4000e+03 2.0064e+17 2.4447e+17 2.4447e+17 1.3644e-01 0.0000e+00 3.5315e+04 0.0000e+00
2.1600e+03 2.0909e-11 8.8243e-01 1.8934e+03 2.8795e+03 4.4000e+03 2.0223e+17 2.4632e+17 2.4632e+17 1.3596e-01 0.0000e+00 3.5423e+04 0.0000e+00
2.1700e+03 2.0828e-11 8.8212e-01 1.8926e+03 2.8784e+03 4.4000e+03 2.0384e+17 2.4817e+17 2.4817e+17 1.3549e-01 0.0000e+00 3.5530e+04 0.0000e+00
2.1800e+03 2.0748e-11 8.8180e-01 1.8919e+03 2.8772e+03 4.4000e+03 2.0546e+17 2.5004e+17 2.5004e+17 1.3502e-01 0.0000e+00 3.5638e+04 0.0000e+00
2.1900e+03 2.0669e-11 8.8148e-01 1.8912e+03 2.8761e+03 4.4000e+03 2.0709e+17 2.5193e+17 2.5193e+17 1.3455e-01 0.0000e+00 3.5746e+04 0.0000e+00
2.2000e+03 2.0589e-11 8.8117e-01 1.8904e+03 2.8750e+03 4.4000e+03 2.0873e+17 2.5382e+17 2.5382e+17 1.3408e-01 0.0000e+00 3.5855e+04 0.0000e+00
2.2100e+03 2.0510e-11 8.8085e-01 1.8897e+03 2.8739e+03 4.4000e+03 2.1039e+17 2.5574e+17 2.5574e+17 1.3361e-01 0.0000e+00 3.5964e+04 0.0000e+00
2.2200e+03 2.0432e-11 8.8053e-01 1.8890e+03 2.8728e+03 4.4000e+03 2.1207e+17 2.5766e+17 2.5766e+17 1.3315e-01 0.0000e+00 3.6073e+04 0.0000e+00
2.2300e+03 2.0353e-11 8.8021e-01 1.8883e+03 2.8717e+03 4.4000e+03 2.1375e+17 2.5961e+17 2.5961e+17 1.3268e-01 0.0000e+00 3.6182e+04 0.0000e+00
2.2400e+03 2.0275e-11 8.7989e-01 1.8875e+03 2.8706e+03 4.4000e+03 2.1545e+17 2.6156e+17 2.6156e+17 1.3222e-01 0.0000e+00 3.6292e+04 0.0000e+00
2.2500e+03 2.0197e-11 8.7957e-01 1.8868e+03 2.8695e+03 4.4000e+03 2.1716e+17 2.6353e+17 2.6353e+17 1.3176e-01 0.0000e+00 3.6402e+04 0.0000e+00
2.2600e+03 2.0120e-11 8.7925e-01 1.8861e+03 2.8684e+03 4.4000e+03 2.1889e+17 2.6552e+17 2.6552e+17 1.3130e-01 0.0000e+00 3.6513e+04 0.0000e+00
2.2700e+03 2.0042e-11 8.7893e-01 1.8854e+03 2.8673e+03 4.4000e+03 2.2063e+17 2.6752e+17 2.6752e+17 1.3085e-01 0.0000e+00 3.6623e+04 0.0000e+00
2.2800e+03 1.9965e-11 8.7861e-01 1.8846e+03 2.8662e+03 4.4000e+03 2.2239e+17 2.6953e+17 2.6953e+17 1.3039e-01 0.0000e+00 3.6734e+04 0.0000e+00
2.2900e+03 1.9889e-11 8.7829e-01 1.8839e+03 2.8651e+03 4.4000e+03 2.2416e+17 2.7156e+17 2.7156e+17 1.2994e-01 0.0000e+00 3.6846e+04 0.0000e+00
2.3000e+03 1.9812e-11 8.7797e-01 1.8832e+03 2.8640e+03 4.4000e+03 2.2594e+17 2.7361e+17 2.7361e+17 1.2949e-01 0.0000e+00 3.6957e+04 0.0000e+00
2.3100e+03 1.9736e-11 8.7764e-01 1.8825e+03 2.8629e+03 4.4000e+03 2.2774e+17 2.7567e+17 2.7567e+17 1.2904e-01 0.0000e+00 3.7070e+04 0.0000e+00
2.3200e+03 1.9660e-11 8.7732e-01 1.8817e+03 2.8618e+03 4.4000e+03 2.2955e+17 2.7775e+17 2.7775e+17 1.2859e-01 0.0000e+00 3.7182e+04 0.0000e+00
2.3300e+03 1.9585e-11 8.7700e-01 1.8810e+03 2.8607e+03 4.4000e+03 2.3138e+17 2.7984e+17 2.7984e+17 1.2814e-01 0.0000e+00 3.7295e+04 0.0000e+00
2.3400e+03 1.9510e-11 8.7668e-01 1.8803e+03 2.8596e+03 4.4000e+03 2.3323e+17 2.8194e+17 2.8194e+17 1.2770e-01 0.0000e+00 3.7408e+04 0.0000e+00
2.3500e+03 1.9435e-11 8.7635e-01 1.8796e+03 2.8585e+03 4.4000e+03 2.3508e+17 2.8407e+17 2.8407e+17 1.2725e-01 0.0000e+00 3.7521e+04 0.0000e+00
2.3600e+03 1.9360e-11 8.7603e-01 1.8788e+03 2.8574e+03 4.4000e+03 2.3696e+17 2.8620e+17 2.8620e+17 1.2681e-01 0.0000e+00 3.7634e+04 0.0000e+00
2.3700e+03 1.9286e-11 8.7570e-01 1.8781e+03 2.8563e+03 4.4000e+03 2.3884e+17 2.8836e+17 2.8836e+17 1.2637e-01 0.0000e+00 3.7748e+04 0.0000e+00
2.3800e+03 1.9212e-11 8.7538e-01 1.8774e+03 2.8552e+03 4.4000e+03 2.4075e+17 2.9053e+17 2.9053e+17 1.2593e-01 0.0000e+00 3.7863e+04 0.0000e+00
2.3900e+03 1.9138e-11 8.7505e-01 1.8767e+03 2.8541e+03 4.4000e+03 2.4267e+17 2.9272e+17 2.9272e+17 1.2550e-01 0.0000e+00 3.7977e+04 0.0000e+00
2.4000e+03 1.9064e-11 8.7472e-01 1.8760e+03 2.8530e+03 4.4000e+03 2.4460e+17 2.9492e+17 2.9492e+17 1.2506e-01 0.0000e+00 3.8092e+04 0.0000e+00
2.4100e+03 1.8991e-11 8.7440e-01 1.8753e+03 2.8519e+03 4.4000e+03 2.4655e+17 2.9714e+17 2.9714e+17 1.2463e-01 0.0000e+00 3.8208e+04 0.0000e+00
2.4200e+03 1.8918e-11 8.7407e-01 1.8745e+03 2.8508e+03 4.4000e+03 2.4852e+17 2.9937e+17 2.9937e+17 1.2420e-01 0.0000e+00 3.8323e+04 0.0000e+00
2.4300e+03 1.8846e-11 8.7374e-01 1.8738e+03 2.8497e+03 4.4000e+03 2.5050e+17 3.0163e+17 3.0163e+17 1.2377e-01 0.0000e+00 3.8439e+04 0.0000e+00
2.4400e+03 1.8773e-11 8.7341e-01 1.8731e+03 2.8486e+03 4.4000e+03 2.5250e+17 3.0390e+17 3.0390e+17 1.2334e-01 0.0000e+00 3.8555e+04 0.0000e+00
2.4500e+03 1.8701e-11 8.7308e-01 1.8724e+03 2.8475e+03 4.4000e+03 2.5451e+17 3.0618e+17 3.0618e+17 1.2291e-01 0.0000e+00 3.8672e+04 0.0000e+00
2.4600e+03 1.8629e-11 8.7275e-01 1.8717e+03 2.8465e+03 4.4000e+03 2.5654e+17 3.0848e+17 3.0848e+17 1.2248e-01 0.0000e+00 3.8789e+04 0.0000e+00
2.4700e+03 1.8558e-11 8.7242e-01 1.8710e+03 2.8454e+03 4.4000e+03 2.5859e+17 3.1080e+17 3.1080e+17 1.2206e-01 0.0000e+00 3.8906e+04 0.0000e+00
2.4800e+03 1.8487e-11 8.7209e-01 1.8702e+03 2.8443e+03 4.4000e+03 2.6065e+17 3.1314e+17 3.1314e+17 1.2164e-01 0.0000e+00 3.9024e+04 0.0000e+00
2.4900e+03 1.8416e-11 8.7176e-01 1.8695e+03 2.8432e+03 4.4000e+03 2.6273e+17 3.1549e+17 3.1549e+17 1.2122e-01 0.0000e+00 3.9142e+04 0.0000e+00
2.5000e+03 1.8345e-11 8.7143e-01 1.8688e+03 2.8421e+03 4.4000e+03 2.6483e+17 3.1787e+17 3.1787e+17 1.2080e-01 0.0000e+00 3.9260e+04 0.0000e+00
2.5100e+03 1.8274e-11 8.7110e-01 1.8681e+03 2.8410e+03 4.4000e+03 2.6694e+17 3.2026e+17 3.2026e+17 1.2038e-01 0.0000e+00 3.9378e+04 0.0000e+00
2.5200e+03 1.8204e-11 8.7076e-01 1.8674e+03 2.8400e+03 4.4000e+03 2.6908e+17 3.2266e+17 3.2266e+17 1.1996e-01 0.0000e+00 3.9497e+04 0.0000e+00
2.5300e+03 1.8134e-11 8.7043e-01 1.8667e+03 2.8389e+03 4.4000e+03 2.7122e+17 3.2509e+17 3.2509e+17 1.1955e-01 0.0000e+00 3.9616e+04 0.0000e+00
2.5400e+03 1.8065e-11 8.7009e-01 1.8660e+03 2.8378e+03 4.4000e+03 2.7339e+17 3.2753e+17 3.2753e+17 1.1913e-01 0.0000e+00 3.9736e+04 0.0000e+00
2.5500e+03 1.7995e-11 8.6976e-01 1.8653e+03 2.8367e+03 4.4000e+03 2.7557e+17 3.2999e+17 3.2999e+17 1.1872e-01 0.0000e+00 3.9856e+04 0.0000e+00
2.5600e+03 1.7926e-11 8.6942e-01 1.8646e+03 2.8356e+03 4.4000e+03 2.7778e+17 3.3247e+17 3.3247e+17 1.1831e-01 0.0000e+00 3.9976e+04 0.0000e+00
2.5700e+03 1.7857e-11 8.6909e-01 1.8639e+03 2.8346e+03 4.4000e+03 2.8000e+17 3.3497e+17 3.3497e+17 1.1790e-01 0.0000e+00 4.0097e+04 0.0000e+00
2.5800e+03 1.7789e-11 8.6875e-01 1.8631e+03 2.8335e+03 4.4000e+03 2.8223e+17 3.3748e+17 3.3748e+17 1.1750e-01 0.0000e+00 4.0218e+04 0.0000e+00
2.5900e+03 1.7721e-11 8.6841e-01 1.8624e+03 2.8324e+03 4.4000e+03 2.8449e+17 3.4001e+17 3.4001e+17 1.1709e-01 0.0000e+00 4.0339e+04 0.0000e+00
2.6000e+03 1.7653e-11 8.6808e-01 1.8617e+03 2.8314e+03 4.4000e+03 2.8676e+17 3.4257e+17 3.4257e+17 1.1669e-01 0.0000e+00 4.0461e+04 0.0000e+00
2.6100e+03 1.7585e-11 8.6774e-01 1.8610e+03 2.8303e+03 4.4000e+03 2.8905e+17 3.4514e+17 3.4514e+17 1.1628e-01 0.0000e+00 4.0582e+04 0.0000e+00
2.6200e+03 1.7517e-11 8.6740e-01 1.8603e+03 2.8292e+03 4.4000e+03 2.9136e+17 3.4773e+17 3.4773e+17 1.1588e-01 0.0000e+00 4.0705e+04 0.0000e+00
2.6300e+03 1.7450e-11 8.6706e-01 1.8596e+03 2.8281e+03 4.4000e+03 2.9369e+17 3.5034e+17 3.5034e+17 1.1548e-01 0.0000e+00 4.0827e+04 0.0000e+00
2.6400e+03 1.7383e-11 8.6672e-01 1.8589e+03 2.8271e+03 4.4000e+03 2.9604e+17 3.5297e+17 3.5297e+17 1.1508e-01 0.0000e+00 4.0950e+04 0.0000e+00
2.6500e+03 1.7316e-11 8.6638e-01 1.8582e+03 2.8260e+03 4.4000e+03 2.9841e+17 3.5562e+17 3.5562e+17 1.1469e-01 0.0000e+00 4.1074e+04 0.0000e+00
2.6600e+03 1.7250e-11 8.6604e-01 1.8575e+03 2.8249e+03 4.4000e+03 3.0080e+17 3.5828e+17 3.5828e+17 1.1429e-01 0.0000e+00 4.1197e+04 0.0000e+00
2.6700e+03 1.7183e-11 8.6569e-01 1.8568e+03 2.8239e+03 4.4000e+03 3.0320e+17 3.6097e+17 3.6097e+17 1.1390e-01 0.0000e+00 4.1321e+04 0.0000e+00
2.6800e+03 1.7117e-11 8.6535e-01 1.8561e+03 2.8228e+03 4.4000e+03 3.0563e+17 3.6368e+17 3.6368e+17 1.1351e-01 0.0000e+00 4.1446e+04 0.0000e+00
2.6900e+03 1.7052e-11 8.6501e-01 1.8554e+03 2.8217e+03 4.4000e+03 3.0807e+17 3.6640e+17 3.6640e+17 1.1312e-01 0.0000e+00 4.1570e+04 0.0000e+00
2.7000e+03 1.6986e-11 8.6466e-01 1.8547e+03 2.8207e+03 4.4000e+03 3.1054e+17 3.6915e+17 3.6915e+17 1.1273e-01 0.0000e+00 4.1695e+04 0.0000e+00
2.7100e+03 1.6921e-11 8.6432e-01 1.8540e+03 2.8196e+03 4.4000e+03 3.1302e+17 3.7192e+17 3.7192e+17 1.1234e-01 0.0000e+00 4.1821e+04 0.0000e+00
2.7200e+03 1.6856e-11 8.6397e-01 1.8533e+03 2.8185e+03 4.4000e+03 3.1553e+17 3.7471e+17 3.7471e+17 1.1195e-01 0.0000e+00 4.1946e+04 0.0000e+00
2.7300e+03 1.6791e-11 8.6363e-01 1.8526e+03 2.8175e+03 4.4000e+03 3.1806e+17 3.7751e+17 3.7751e+17 1.1157e-01 0.0000e+00 4.2073e+04 0.0000e+00
2.7400e+03 1.6727e-11 8.6328e-01 1.8519e+03 2.8164e+03 4.4000e+03 3.2060e+17 3.8034e+17 3.8034e+17 1.1118e-01 0.0000e+00 4.2199e+04 0.0000e+00
2.7500e+03 1.6663e-11 8.6293e-01 1.8512e+03 2.8154e+03 4.4000e+03 3.2317e+17 3.8319e+17 3.8319e+17 1.1080e-01 0.0000e+00 4.2326e+04 0.0000e+00
2.7600e+03 1.6599e-11 8.6258e-01 1.8505e+03 2.8143e+03 4.4000e+03 3.2576e+17 3.8606e+17 3.8606e+17 1.1042e-01 0.0000e+00 4.2453e+04 0.0000e+00
2.7700e+03 1.6535e-11 8.6224e-01 1.8498e+03 2.8133e+03 4.4000e+03 3.2836e+17 3.8895e+17 3.8895e+17 1.1004e-01 0.0000e+00 4.2580e+04 0.0000e+00
2.7800e+03 1.6471e-11 8.6189e-01 1.8491e+03 2.8122e+03 4.4000e+03 3.3099e+17 3.9186e+17 3.9186e+17 1.0966e-01 0.0000e+00 4.2708e+04 0.0000e+00
2.7900e+03 1.6408e-11 8.6154e-01 1.8484e+03 2.8111e+03 4.4000e+03 3.3365e+17 3.9480e+17 3.9480e+17 1.0928e-01 0.0000e+00 4.2836e+04 0.0000e+00
2.8000e+03 1.6345e-11 8.6119e-01 1.8478e+03 2.8101e+03 4.4000e+03 3.3632e+17 3.9775e+17 3.9775e+17 1.0891e-01 0.0000e+00 4.2965e+04 0.0000e+00
2.8100e+03 1.6282e-11 8.6084e-01 1.8471e+03 2.8090e+03 4.4000e+03 3.3901e+17 4.0073e+17 4.0073e+17 1.0854e-01 0.0000e+00 4.3094e+04 0.0000e+00
2.8200e+03 1.6220e-11 8.6048e-01 1.8464e+03 2.8080e+03 4.4000e+03 3.4173e+17 4.0373e+17 4.0373e+17 1.0816e-01 0.0000e+00 4.3223e+04 0.0000e+00
2.8300e+03 1.6158e-11 8.6013e-01 1.8457e+03 2.8069e+03 4.4000e+03 3.4447e+17 4.0675e+17 4.0675e+17 1.0779e-01 0.0000e+00 4.3353e+04 0.0000e+00
2.8400e+03 1.6096e-11 8.5978e-01 1.8450e+03 2.8059e+03 4.4000e+03 3.4723e+17 4.0979e+17 4.0979e+17 1.0742e-01 0.0000e+00 4.3483e+04 0.0000e+00
2.8500e+03 1.6034e-11 8.5942e-01 1.8443e+03 2.8048e+03 4.4000e+03 3.5001e+17 4.1286e+17 4.1286e+17 1.0705e-01 0.0000e+00 4.3613e+04 0.0000e+00
2.8600e+03 1.5972e-11 8.5907e-01 1.8436e+03 2.8038e+03 4.4000e+03 3.5282e+17 4.1594e+17 4.1594e+17 1.0669e-01 0.0000e+00 4.3744e+04 0.0000e+00
2.8700e+03 1.5911e-11 8.5871e-01 1.8429e+03 2.8027e+03 4.4000e+03 3.5564e+17 4.1905e+17 4.1905e+17 1.0632e-01 0.0000e+00 4.3875e+04 0.0000e+00
2.8800e+03 1.5850e-11 8.5836e-01 1.8422e+03 2.8017e+03 4.4000e+03 3.5850e+17 4.2219e+17 4.2219e+17 1.0596e-01 0.0000e+00 4.4006e+04 0.0000e+00
2.8900e+03 1.5789e-11 8.5800e-01 1.8415e+03 2.8006e+03 4.4000e+03 3.6137e+17 4.2534e+17 4.2534e+17 1.0559e-01 0.0000e+00 4.4138e+04 0.0000e+00
2.9000e+03 1.5728e-11 8.5764e-01 1.8409e+03 2.7996e+03 4.4000e+03 3.6427e+17 4.2852e+17 4.2852e+17 1.0523e-01 0.0000e+00 4.4270e+04 0.0000e+00
2.9100e+03 1.5668e-11 8.5729e-01 1.8402e+03 2.7986e+03 4.4000e+03 3.6719e+17 4.3172e+17 4.3172e+17 1.0487e-01 0.0000e+00 4.4402e+04 0.0000e+00
2.9200e+03 1.5608e-11 8.5693e-01 1.8395e+03 2.7975e+03 4.4000e+03 3.7013e+17 4.3495e+17 4.3495e+17 1.0451e-01 0.0000e+00 4.4535e+04 0.0000e+00
2.9300e+03 1.5548e-11 8.5657e-01 1.8388e+03 2.7965e+03 4.4000e+03 3.7310e+17 4.3820e+17 4.3820e+17 1.0415e-01 0.0000e+00 4.4668e+04 0.0000e+00
2.9400e+03 1.5488e-11 8.5621e-01 1.8381e+03 2.7954e+03 4.4000e+03 3.7610e+17 4.4147e+17 4.4147e+17 1.0380e-01 0.0000e+00 4.4802e+04 0.0000e+00
2.9500e+03 1.5429e-11 8.5585e-01 1.8374e+03 2.7944e+03 4.4000e+03 3.7911e+17 4.4476e+17 4.4476e+17 1.0344e-01 0.0000e+00 4.4936e+04 0.0000e+00
2.9600e+03 1.5369e-11 8.5549e-01 1.8368e+03 2.7934e+03 4.4000e+03 3.8216e+17 4.4808e+17 4.4808e+17 1.0309e-01 0.0000e+00 4.5070e+04 0.0000e+00
2.9700e+03 1.5310e-11 8.5512e-01 1.8361e+03 2.7923e+03 4.4000e+03 3.8522e+17 4.5143e+17 4.5143e+17 1.0274e-01 0.0000e+00 4.5205e+04 0.0000e+00
2.9800e+03 1.5252e-11 8.5476e-01 1.8354e+03 2.7913e+03 4.4000e+03 3.8831e+17 4.5480e+17 4.5480e+17 1.0239e-01 0.0000e+00 4.5340e+04 0.0000e+00
2.9900e+03 1.5193e-11 8.5440e-01 1.8347e+03 2.7902e+03 4.4000e+03 3.9143e+17 4.5819e+17 4.5819e+17 1.0204e-01 0.0000e+00 4.5475e+04 0.0000e+00
3.0000e+03 1.5135e-11 8.5403e-01 1.8340e+03 2.7892e+03 4.4000e+03 3.9457e+17 4.6161e+17 4.6161e+17 1.0169e-01 0.0000e+00 4.5611e+04 0.0000e+00
3.0100e+03 1.5076e-11 8.5367e-01 1.8333e+03 2.7882e+03 4.4000e+03 3.9774e+17 4.6505e+17 4.6505e+17 1.0134e-01 0.0000e+00 4.5747e+04 0.0000e+00
3.0200e+03 1.5019e-11 8.5330e-01 1.8327e+03 2.7871e+03 4.4000e+03 4.0093e+17 4.6852e+17 4.6852e+17 1.0099e-01 0.0000e+00 4.5884e+04 0.0000e+00
3.0300e+03 1.4961e-11 8.5294e-01 1.8320e+03 2.7861e+03 4.4000e+03 4.0415e+17 4.7201e+17 4.7201e+17 1.0065e-01 0.0000e+00 4.6021e+04 0.0000e+00
3.0400e+03 1.4903e-11 8.5257e-01 1.8313e+03 2.7851e+03 4.4000e+03 4.0740e+17 4.7553e+17 4.7553e+17 1.0031e-01 0.0000e+00 4.6158e+04 0.0000e+00
3.0500e+03 1.4846e-11 8.5220e-01 1.8306e+03 2.7841e+03 4.4000e+03 4.1067e+17 4.7907e+17 4.7907e+17 9.9964e-02 0.0000e+00 4.6296e+04 0.0000e+00
3.0600e+03 1.4789e-11 8.5183e-01 1.8300e+03 2.7830e+03 4.4000e+03 4.1397e+17 4.8264e+17 4.8264e+17 9.9624e-02 0.0000e+00 4.6434e+04 0.0000e+00
3.0700e+03 1.4732e-11 8.5147e-01 1.8293e+03 2.7820e+03 4.4000e+03 4.1729e+17 4.8624e+17 4.8624e+17 9.9284e-02 0.0000e+00 4.6572e+04 0.0000e+00
3.0800e+03 1.4676e-11 8.5110e-01 1.8286e+03 2.7810e+03 4.4000e+03 4.2065e+17 4.8986e+17 4.8986e+17 9.8946e-02 0.0000e+00 4.6711e+04 0.0000e+00
3.0900e+03 1.4620e-11 8.5073e-01 1.8279e+03 2.7799e+03 4.4000e+03 4.2403e+17 4.9351e+17 4.9351e+17 9.8609e-02 0.0000e+00 4.6850e+04 0.0000e+00
3.1000e+03 1.4563e-11 8.5036e-01 1.8273e+03 2.7789e+03 4.4000e+03 4.2743e+17 4.9718e+17 4.9718e+17 9.8273e-02 0.0000e+00 4.6989e+04 0.0000e+00
3.1100e+03 1.4507e-11 8.4998e-01 1.8266e+03 2.7779e+03 4.4000e+03 4.3087e+17 5.0088e+17 5.0088e+17 9.7938e-02 0.0000e+00 4.7129e+04 0.0000e+00
3.1200e+03 1.4452e-11 8.4961e-01 1.8259e+03 2.7769e+03 4.4000e+03 4.3433e+17 5.0461e+17 5.0461e+17 9.7605e-02 0.0000e+00 4.7269e+04 0.0000e+00
3.1300e+03 1.4396e-11 8.4924e-01 1.8252e+03 2.7758e+03 4.4000e+03 4.3782e+17 5.0837e+17 5.0837e+17 9.7273e-02 0.0000e+00 4.7410e+04 0.0000e+00
3.1400e+03 1.4341e-11 8.4886e-01 1.8246e+03 2.7748e+03 4.4000e+03 4.4134e+17 5.1215e+17 5.1215e+17 9.6942e-02 0.0000e+00 4.7551e+04 0.0000e+00
3.1500e+03 1.4286e-11 8.4849e-01 1.8239e+03 2.7738e+03 4.4000e+03 4.4489e+17 5.1596e+17 5.1596e+17 9.6613e-02 0.0000e+00 4.7693e+04 0.0000e+00
3.1600e+03 1.4231e-11 8.4811e-01 1.8232e+03 2.7728e+03 4.4000e+03 4.4847e+17 5.1980e+17 5.1980e+17 9.6284e-02 0.0000e+00 4.7834e+04 0.0000e+00
3.1700e+03 1.4176e-11 8.4774e-01 1.8226e+03 2.7718e+03 4.4000e+03 4.5207e+17 5.2366e+17 5.2366e+17 9.5957e-02 0.0000e+00 4.7976e+04 0.0000e+00
3.1800e+03 1.4122e-11 8.4736e-01 1.8219e+03 2.7707e+03 4.4000e+03 4.5571e+17 5.2755e+17 5.2755e+17 9.5631e-02 0.0000e+00 4.8119e+04 0.0000e+00
3.1900e+03 1.4068e-11 8.4698e-01 1.8212e+03 2.7697e+03 4.4000e+03 4.5937e+17 5.3147e+17 5.3147e+17 9.5306e-02 0.0000e+00 4.8262e+04 0.0000e+00
3.2000e+03 1.4014e-11 8.4661e-01 1.8206e+03 2.7687e+03 4.4000e+03 4.6307e+17 5.3542e+17 5.3542e+17 9.4983e-02 0.0000e+00 4.8405e+04 0.0000e+00
3.2100e+03 1.3960e-11 8.4623e-01 1.8199e+03 2.7677e+03 4.4000e+03 4.6679e+17 5.3940e+17 5.3940e+17 9.4660e-02 0.0000e+00 4.8549e+04 0.0000e+00
3.2200e+03 1.3906e-11 8.4585e-01 1.8192e+03 2.7667e+03 4.4000e+03 4.7055e+17 5.4341e+17 5.4341e+17 9.4339e-02 0.0000e+00 4.8693e+04 0.0000e+00
3.2300e+03 1.3853e-11 8.4547e-01 1.8186e+03 2.7657e+03 4.4000e+03 4.7434e+17 5.4744e+17 5.4744e+17 9.4019e-02 0.0000e+00 4.8838e+04 0.0000e+00
3.2400e+03 1.3800e-11 8.4509e-01 1.8179e+03 2.7647e+03 4.4000e+03 4.7815e+17 5.5151e+17 5.5151e+17 9.3700e-02 0.0000e+00 4.8982e+04 0.0000e+00
3.2500e+03 1.3747e-11 8.4470e-01 1.8172e+03 2.7637e+03 4.4000e+03 4.8200e+17 5.5560e+17 5.5560e+17 9.3383e-02 0.0000e+00 4.9128e+04 0.0000e+00
3.2600e+03 1.3694e-11 8.4432e-01 1.8166e+03 2.7626e+03 4.4000e+03 4.8588e+17 5.5973e+17 5.5973e+17 9.3066e-02 0.0000e+00 4.9273e+04 0.0000e+00
3.2700e+03 1.3641e-11 8.4394e-01 1.8159e+03 2.7616e+03 4.4000e+03 4.8979e+17 5.6388e+17 5.6388e+17 9.2751e-02 0.0000e+00 4.9419e+04 0.0000e+00
3.2800e+03 1.3589e-11 8.4356e-01 1.8152e+03 2.7606e+03 4.4000e+03 4.9373e+17 5.6806e+17 5.6806e+17 9.2437e-02 0.0000e+00 4.9566e+04 0.0000e+00
3.2900e+03 1.3537e-11 8.4317e-01 1.8146e+03 2.7596e+03 4.4000e+03 4.9771e+17 5.7228e+17 5.7228e+17 9.2124e-02 0.0000e+00 4.9713e+04 0.0000e+00
3.3000e+03 1.3485e-11 8.4279e-01 1.8139e+03 2.7586e+03 4.4000e+03 5.0172e+17 5.7652e+17 5.7652e+17 9.1812e-02 0.0000e+00 4.9860e+04 0.0000e+00
3.3100e+03 1.3433e-11 8.4240e-01 1.8132e+03 2.7576e+03 4.4000e+03 5.0576e+17 5.8079e+17 5.8079e+17 9.1501e-02 0.0000e+00 5.0007e+04 0.0000e+00
3.3200e+03 1.3381e-11 8.4201e-01 1.8126e+03 2.7566e+03 4.4000e+03 5.0983e+17 5.8510e+17 5.8510e+17 9.1192e-02 0.0000e+00 5.0155e+04 0.0000e+00
3.3300e+03 1.3330e-11 8.4163e-01 1.8119e+03 2.7556e+03 4.4000e+03 5.1394e+17 5.8944e+17 5.8944e+17 9.0883e-02 0.0000e+00 5.0304e+04 0.0000e+00
3.3400e+03 1.3279e-11 8.4124e-01 1.8113e+03 2.7546e+03 4.4000e+03 5.1808e+17 5.9380e+17 5.9380e+17 9.0576e-02 0.0000e+00 5.0453e+04 0.0000e+00
3.3500e+03 1.3228e-11 8.4085e-01 1.8106e+03 2.7536e+03 4.4000e+03 5.2225e+17 5.9820e+17 5.9820e+17 9.0270e-02 0.0000e+00 5.0602e+04 0.0000e+00
3.3600e+03 1.3177e-11 8.4046e-01 1.8100e+03 2.7526e+03 4.4000e+03 5.2646e+17 6.0263e+17 6.0263e+17 8.9965e-02 0.0000e+00 5.0751e+04 0.0000e+00
3.3700e+03 1.3126e-11 8.4007e-01 1.8093e+03 2.7516e+03 4.4000e+03 5.3070e+17 6.0710e+17 6.0710e+17 8.9661e-02 0.0000e+00 5.0901e+04 0.0000e+00
3.3800e+03 1.3076e-11 8.3968e-01 1.8086e+03 2.7506e+03 4.4000e+03 5.3497e+17 6.1159e+17 6.1159e+17 8.9359e-02 0.0000e+00 5.1052e+04 0.0000e+00
3.3900e+03 1.3026e-11 8.3929e-01 1.8080e+03 2.7496e+03 4.4000e+03 5.3929e+17 6.1612e+17 6.1612e+17 8.9057e-02 0.0000e+00 5.1203e+04 0.0000e+00
3.4000e+03 1.2976e-11 8.3889e-01 1.8073e+03 2.7486e+03 4.4000e+03 5.4363e+17 6.2068e+17 6.2068e+17 8.8756e-02 0.0000e+00 5.1354e+04 0.0000e+00
3.4100e+03 1.2926e-11 8.3850e-01 1.8067e+03 2.7476e+03 4.4000e+03 5.4801e+17 6.2527e+17 6.2527e+17 8.8457e-02 0.0000e+00 5.1505e+04 0.0000e+00
3.4200e+03 1.2876e-11 8.3811e-01 1.8060e+03 2.7466e+03 4.4000e+03 5.5243e+17 6.2989e+17 6.2989e+17 8.8159e-02 0.0000e+00 5.1657e+04 0.0000e+00
3.4300e+03 1.2827e-11 8.3771e-01 1.8054e+03 2.7456e+03 4.4000e+03 5.5688e+17 6.3455e+17 6.3455e+17 8.7862e-02 0.0000e+00 5.1810e+04 0.0000e+00
3.4400e+03 1.2778e-11 8.3732e-01 1.8047e+03 2.7446e+03 4.4000e+03 5.6138e+17 6.3924e+17 6.3924e+17 8.7566e-02 0.0000e+00 5.1963e+04 0.0000e+00
3.4500e+03 1.2729e-11 8.3692e-01 1.8041e+03 2.7436e+03 4.4000e+03 5.6590e+17 6.4397e+17 6.4397e+17 8.7271e-02 0.0000e+00 5.2116e+04 0.0000e+00
3.4600e+03 1.2680e-11 8.3652e-01 1.8034e+03 2.7426e+03 4.4000e+03 5.7047e+17 6.4873e+17 6.4873e+17 8.6977e-02 0.0000e+00 5.2269e+04 0.0000e+00
3.4700e+03 1.2631e-11 8.3613e-01 1.8028e+03 2.7416e+03 4.4000e+03 5.7507e+17 6.5352e+17 6.5352e+17 8.6684e-02 0.0000e+00 5.2423e+04 0.0000e+00
3.4800e+03 1.2583e-11 8.3573e-01 1.8021e+03 2.7407e+03 4.4000e+03 5.7970e+17 6.5835e+17 6.5835e+17 8.6392e-02 0.0000e+00 5.2578e+04 0.0000e+00
3.4900e+03 1.2534e-11 8.3533e-01 1.8015e+03 2.7397e+03 4.4000e+03 5.8438e+17 6.6321e+17 6.6321e+17 8.6102e-02 0.0000e+00 5.2733e+04 0.0000e+00
3.5000e+03 1.2486e-11 8.3493e-01 1.8008e+03 2.7387e+03 4.4000e+03 5.8910e+17 6.6811e+17 6.6811e+17 8.5812e-02 0.0000e+00 5.2888e+04 0.0000e+00
3.5100e+03 1.2438e-11 8.3453e-01 1.8002e+03 2.7377e+03 4.4000e+03 5.9385e+17 6.7304e+17 6.7304e+17 8.5523e-02 0.0000e+00 5.3044e+04 0.0000e+00
3.5200e+03 1.2390e-11 8.3413e-01 1.7995e+03 2.7367e+03 4.4000e+03 5.9864e+17 6.7801e+17 6.7801e+17 8.5236e-02 0.0000e+00 5.3200e+04 0.0000e+00
3.5300e+03 1.2343e-11 8.3373e-01 1.7989e+03 2.7357e+03 4.4000e+03 6.0347e+17 6.8301e+17 6.8301e+17 8.4950e-02 0.0000e+00 5.3356e+04 0.0000e+00
3.5400e+03 1.2295e-11 8.3332e-01 1.7982e+03 2.7347e+03 4.4000e+03 6.0834e+17 6.8805e+17 6.8805e+17 8.4664e-02 0.0000e+00 5.3513e+04 0.0000e+00
3.5500e+03 1.2248e-11 8.3292e-01 1.7976e+03 2.7338e+03 4.4000e+03 6.1325e+17 6.9312e+17 6.9312e+17 8.4380e-02 0.0000e+00 5.3670e+04 0.0000e+00
3.5600e+03 1.2201e-11 8.3252e-01 1.7969e+03 2.7328e+03 4.4000e+03 6.1820e+17 6.9823e+17 6.9823e+17 8.4097e-02 0.0000e+00 5.3828e+04 0.0000e+00
3.5700e+03 1.2154e-11 8.3211e-01 1.7963e+03 2.7318e+03 4.4000e+03 6.2319e+17 7.0338e+17 7.0338e+17 8.3815e-02 0.0000e+00 5.3986e+04 0.0000e+00
3.5800e+03 1.2108e-11 8.3171e-01 1.7956e+03 2.7308e+03 4.4000e+03 6.2823e+17 7.0857e+17 7.0857e+17 8.3533e-02 0.0000e+00 5.4145e+04 0.0000e+00
3.5900e+03 1.2061e-11 8.3130e-01 1.7950e+03 2.7298e+03 4.4000e+03 6.3330e+17 7.1379e+17 7.1379e+17 8.3253e-02 0.0000e+00 5.4304e+04 0.0000e+00
3.6000e+03 1.2015e-11 8.3089e-01 1.7943e+03 2.7289e+03 4.4000e+03 6.3841e+17 7.1905e+17 7.1905e+17 8.2974e-02 0.0000e+00 5.4463e+04 0.0000e+00
3.6100e+03 1.1969e-11 8.3049e-01 1.7937e+03 2.7279e+03 4.4000e+03 6.4357e+17 7.2434e+17 7.2434e+17 8.2696e-02 0.0000e+00 5.4623e+04 0.0000e+00
3.6200e+03 1.1923e-11 8.3008e-01 1.7931e+03 2.7269e+03 4.4000e+03 6.4877e+17 7.2967e+17 7.2967e+17 8.2419e-02 0.0000e+00 5.4783e+04 0.0000e+00
3.6300e+03 1.1877e-11 8.2967e-01 1.7924e+03 2.7259e+03 4.4000e+03 6.5401e+17 7.3505e+17 7.3505e+17 8.2143e-02 0.0000e+00 5.4944e+04 0.0000e+00
3.6400e+03 1.1831e-11 8.2926e-01 1.7918e+03 2.7250e+03 4.4000e+03 6.5929e+17 7.4046e+17 7.4046e+17 8.1868e-02 0.0000e+00 5.5105e+04 0.0000e+00
3.6500e+03 1.1786e-11 8.2885e-01 1.7911e+03 2.7240e+03 4.4000e+03 6.6462e+17 7.4590e+17 7.4590e+17 8.1594e-02 0.0000e+00 5.5266e+04 0.0000e+00
3.6600e+03 1.1741e-11 8.2844e-01 1.7905e+03 2.7230e+03 4.4000e+03 6.6999e+17 7.5139e+17 7.5139e+17 8.1321e-02 0.0000e+00 5.5428e+04 0.0000e+00
3.6700e+03 1.1696e-11 8.2803e-01 1.7899e+03 2.7220e+03 4.4000e+03 6.7540e+17 7.5692e+17 7.5692e+17 8.1049e-02 0.0000e+00 5.5591e+04 0.0000e+00
3.6800e+03 1.1651e-11 8.2761e-01 1.7892e+03 2.7211e+03 4.4000e+03 6.8086e+17 7.6248e+17 7.6248e+17 8.0778e-02 0.0000e+00 5.5753e+04 0.0000e+00
3.6900e+03 1.1606e-11 8.2720e-01 1.7886e+03 2.7201e+03 4.4000e+03 6.8637e+17 7.6809e+17 7.6809e+17 8.0508e-02 0.0000e+00 5.5916e+04 0.0000e+00
3.7000e+03 1.1561e-11 8.2678e-01 1.7879e+03 2.7191e+03 4.4000e+03 6.9192e+17 7.7373e+17 7.7373e+17 8.0239e-02 0.0000e+00 5.6080e+04 0.0000e+00
3.7100e+03 1.1517e-11 8.2637e-01 1.7873e+03 2.7182e+03 4.4000e+03 6.9751e+17 7.7942e+17 7.7942e+17 7.9971e-02 0.0000e+00 5.6244e+04 0.0000e+00
3.7200e+03 1.1473e-11 8.2595e-01 1.7867e+03 2.7172e+03 4.4000e+03 7.0315e+17 7.8515e+17 7.8515e+17 7.9704e-02 0.0000e+00 5.6409e+04 0.0000e+00
3.7300e+03 1.1429e-11 8.2554e-01 1.7860e+03 2.7162e+03 4.4000e+03 7.0883e+17 7.9091e+17 7.9091e+17 7.9438e-02 0.0000e+00 5.6573e+04 0.0000e+00
3.7400e+03 1.1385e-11 8.2512e-01 1.7854e+03 2.7153e+03 4.4000e+03 7.1457e+17 7.9672e+17 7.9672e+17 7.9173e-02 0.0000e+00 5.6739e+04 0.0000e+00
3.7500e+03 1.1341e-11 8.2470e-01 1.7848e+03 2.7143e+03 4.4000e+03 7.2035e+17 8.0257e+17 8.0257e+17 7.8909e-02 0.0000e+00 5.6905e+04 0.0000e+00
3.7600e+03 1.1298e-11 8.2428e-01 1.7841e+03 2.7133e+03 4.4000e+03 7.2617e+17 8.0846e+17 8.0846e+17 7.8646e-02 0.0000e+00 5.7071e+04 0.0000e+00
3.7700e+03 1.1254e-11 8.2386e-01 1.7835e+03 2.7124e+03 4.4000e+03 7.3205e+17 8.1439e+17 8.1439e+17 7.8384e-02 0.0000e+00 5.7237e+04 0.0000e+00
3.7800e+03 1.1211e-11 8.2344e-01 1.7829e+03 2.7114e+03 4.4000e+03 7.3797e+17 8.2036e+17 8.2036e+17 7.8123e-02 0.0000e+00 5.7404e+04 0.0000e+00
3.7900e+03 1.1168e-11 8.2302e-01 1.7822e+03 2.7104e+03 4.4000e+03 7.4394e+17 8.2638e+17 8.2638e+17 7.7863e-02 0.0000e+00 5.7572e+04 0.0000e+00
3.8000e+03 1.1125e-11 8.2260e-01 1.7816e+03 2.7095e+03 4.4000e+03 7.4996e+17 8.3244e+17 8.3244e+17 7.7604e-02 0.0000e+00 5.7740e+04 0.0000e+00
3.8100e+03 1.1082e-11 8.2218e-01 1.7810e+03 2.7085e+03 4.4000e+03 7.5603e+17 8.3854e+17 8.3854e+17 7.7345e-02 0.0000e+00 5.7908e+04 0.0000e+00
3.8200e+03 1.1040e-11 8.2176e-01 1.7803e+03 2.7076e+03 4.4000e+03 7.6215e+17 8.4468e+17 8.4468e+17 7.7088e-02 0.0000e+00 5.8077e+04 0.0000e+00
3.8300e+03 1.0997e-11 8.2133e-01 1.7797e+03 2.7066e+03 4.4000e+03 7.6832e+17 8.5087e+17 8.5087e+17 7.6832e-02 0.0000e+00 5.8246e+04 0.0000e+00
3.8400e+03 1.0955e-11 8.2091e-01 1.7791e+03 2.7057e+03 4.4000e+03 7.7454e+17 8.5710e+17 8.5710e+17 7.6576e-02 0.0000e+00 5.8416e+04 0.0000e+00
3.8500e+03 1.0913e-11 8.2048e-01 1.7785e+03 2.7047e+03 4.4000e+03 7.8081e+17 8.6338e+17 8.6338e+17 7.6322e-02 0.0000e+00 5.8586e+04 0.0000e+00
3.8600e+03 1.0871e-11 8.2006e-01 1.7778e+03 2.7037e+03 4.4000e+03 7.8713e+17 8.6970e+17 8.6970e+17 7.6068e-02 0.0000e+00 5.8757e+04 0.0000e+00
3.8700e+03 1.0829e-11 8.1963e-01 1.7772e+03 2.7028e+03 4.4000e+03 7.9351e+17 8.7607e+17 8.7607e+17 7.5815e-02 0.0000e+00 5.8928e+04 0.0000e+00
3.8800e+03 1.0788e-11 8.1920e-01 1.7766e+03 2.7018e+03 4.4000e+03 7.9993e+17 8.8248e+17 8.8248e+17 7.5564e-02 0.0000e+00 5.9099e+04 0.0000e+00
3.8900e+03 1.0746e-11 8.1877e-01 1.7760e+03 2.7009e+03 4.4000e+03 8.0641e+17 8.8893e+17 8.8893e+17 7.5313e-02 0.0000e+00 5.9271e+04 0.0000e+00
3.9000e+03 1.0705e-11 8.1834e-01 1.7753e+03 2.6999e+03 4.4000e+03 8.1294e+17 8.9543e+17 8.9543e+17 7.5063e-02 0.0000e+00 5.9443e+04 0.0000e+00
3.9100e+03 1.0664e-11 8.1791e-01 1.7747e+03 2.6990e+03 4.4000e+03 8.1953e+17 9.0198e+17 9.0198e+17 7.4814e-02 0.0000e+00 5.9616e+04 0.0000e+00
3.9200e+03 1.0623e-11 8.1748e-01 1.7741e+03 2.6980e+03 4.4000e+03 8.2617e+17 9.0857e+17 9.0857e+17 7.4566e-02 0.0000e+00 5.9789e+04 0.0000e+00
3.9300e+03 1.0582e-11 8.1705e-01 1.7735e+03 2.6971e+03 4.4000e+03 8.3286e+17 9.1521e+17 9.1521e+17 7.4319e-02 0.0000e+00 5.9963e+04 0.0000e+00
3.9400e+03 1.0542e-11 8.1662e-01 1.7728e+03 2.6961e+03 4.4000e+03 8.3961e+17 9.2190e+17 9.2190e+17 7.4073e-02 0.0000e+00 6.0137e+04 0.0000e+00
3.9500e+03 1.0501e-11 8.1619e-01 1.7722e+03 2.6952e+03 4.4000e+03 8.4642e+17 9.2863e+17 9.2863e+17 7.3827e-02 0.0000e+00 6.0311e+04 0.0000e+00
3.9600e+03 1.0461e-11 8.1575e-01 1.7716e+03 2.6943e+03 4.4000e+03 8.5328e+17 9.3541e+17 9.3541e+17 7.3583e-02 0.0000e+00 6.0486e+04 0.0000e+00
3.9700e+03 1.0421e-11 8.1532e-01 1.7710e+03 2.6933e+03 4.4000e+03 8.6020e+17 9.4224e+17 9.4224e+17 7.3339e-02 0.0000e+00 6.0662e+04 0.0000e+00
3.9800e+03 1.0381e-11 8.1489e-01 1.7703e+03 2.6924e+03 4.4000e+03 8.6717e+17 9.4912e+17 9.4912e+17 7.3097e-02 0.0000e+00 6.0838e+04 0.0000e+00
3.9900e+03 1.0341e-11 8.1445e-01 1.7697e+03 2.6914e+03 4.4000e+03 8.7420e+17 9.5604e+17 9.5604e+17 7.2855e-02 0.0000e+00 6.1014e+04 0.0000e+00
4.0000e+03 1.0301e-11 8.1401e-01 1.7691e+03 2.6905e+03 4.4000e+03 8.8129e+17 9.6302e+17 9.6302e+17 7.2614e-02 0.0000e+00 6.1191e+04 0.0000e+00
4.0100e+03 1.0261e-11 8.1358e-01 1.7685e+03 2.6895e+03 4.4000e+03 8.8844e+17 9.7004e+17 9.7004e+17 7.2374e-02 0.0000e+00 6.1368e+04 0.0000e+00
4.0200e+03 1.0222e-11 8.1314e-01 1.7679e+03 2.6886e+03 4.4000e+03 8.9564e+17 9.7711e+17 9.7711e+17 7.2135e-02 0.0000e+00 6.1546e+04 0.0000e+00
4.0300e+03 1.0183e-11 8.1270e-01 1.7673e+03 2.6877e+03 4.4000e+03 9.0291e+17 9.8423e+17 9.8423e+17 7.1897e-02 0.0000e+00 6.1724e+04 0.0000e+00
4.0400e+03 1.0144e-11 8.1226e-01 1.7666e+03 2.6867e+03 4.4000e+03 9.1023e+17 9.9140e+17 9.9140e+17 7.1660e-02 0.0000e+00 6.1903e+04 0.0000e+00
4.0500e+03 1.0105e-11 8.1182e-01 1.7660e+03 2.6858e+03 4.4000e+03 9.1762e+17 9.9863e+17 9.9863e+17 7.1423e-02 0.0000e+00 6.2082e+04 0.0000e+00
4.0600e+03 1.0066e-11 8.1138e-01 1.7654e+03 2.6849e+03 4.4000e+03 9.2506e+17 1.0059e+18 1.0059e+18 7.1187e-02 0.0000e+00 6.2261e+04 0.0000e+00
4.0700e+03 1.0027e-11 8.1094e-01 1.7648e+03 2.6839e+03 4.4000e+03 9.3257e+17 1.0132e+18 1.0132e+18 7.0953e-02 0.0000e+00 6.2441e+04 0.0000e+00
4.0800e+03 9.9888e-12 8.1050e-01 1.7642e+03 2.6830e+03 4.4000e+03 9.4014e+17 1.0206e+18 1.0206e+18 7.0719e-02 0.0000e+00 6.2622e+04 0.0000e+00
4.0900e+03 9.9504e-12 8.1005e-01 1.7636e+03 2.6821e+03 4.4000e+03 9.4777e+17 1.0280e+18 1.0280e+18 7.0486e-02 0.0000e+00 6.2803e+04 0.0000e+00
4.1000e+03 9.9122e-12 8.0961e-01 1.7630e+03 2.6811e+03 4.4000e+03 9.5546e+17 1.0355e+18 1.0355e+18 7.0254e-02 0.0000e+00 6.2984e+04 0.0000e+00
4.1100e+03 9.8742e-12 8.0916e-01 1.7623e+03 2.6802e+03 4.4000e+03 9.6322e+17 1.0430e+18 1.0430e+18 7.0022e-02 0.0000e+00 6.3166e+04 0.0000e+00
4.1200e+03 9.8363e-12 8.0872e-01 1.7617e+03 2.6793e+03 4.4000e+03 9.7104e+17 1.0506e+18 1.0506e+18 6.9792e-02 0.0000e+00 6.3348e+04 0.0000e+00
4.1300e+03 9.7985e-12 8.0827e-01 1.7611e+03 2.6783e+03 4.4000e+03 9.7892e+17 1.0583e+18 1.0583e+18 6.9562e-02 0.0000e+00 6.3531e+04 0.0000e+00
4.1400e+03 9.7609e-12 8.0783e-01 1.7605e+03 2.6774e+03 4.4000e+03 9.8687e+17 1.0659e+18 1.0659e+18 6.9333e-02 0.0000e+00 6.3714e+04 0.0000e+00
4.1500e+03 9.7234e-12 8.0738e-01 1.7599e+03 2.6765e+03 4.4000e+03 9.9489e+17 1.0737e+18 1.0737e+18 6.9105e-02 0.0000e+00 6.3898e+04 0.0000e+00
4.1600e+03 9.6860e-12 8.0693e-01 1.7593e+03 2.6755e+03 4.4000e+03 1.0030e+18 1.0815e+18 1.0815e+18 6.8878e-02 0.0000e+00 6.4082e+04 0.0000e+00
4.1700e+03 9.6488e-12 8.0648e-01 1.7587e+03 2.6746e+03 4.4000e+03 1.0111e+18 1.0893e+18 1.0893e+18 6.8652e-02 0.0000e+00 6.4267e+04 0.0000e+00
4.1800e+03 9.6118e-12 8.0603e-01 1.7581e+03 2.6737e+03 4.4000e+03 1.0193e+18 1.0972e+18 1.0972e+18 6.8427e-02 0.0000e+00 6.4452e+04 0.0000e+00
4.1900e+03 9.5749e-12 8.0558e-01 1.7575e+03 2.6728e+03 4.4000e+03 1.0276e+18 1.1052e+18 1.1052e+18 6.8202e-02 0.0000e+00 6.4637e+04 0.0000e+00
4.2000e+03 9.5381e-12 8.0513e-01 1.7569e+03 2.6718e+03 4.4000e+03 1.0360e+18 1.1132e+18 1.1132e+18 6.7978e-02 0.0000e+00 6.4823e+04 0.0000e+00
4.2100e+03 9.5015e-12 8.0468e-01 1.7562e+03 2.6709e+03 4.4000e+03 1.0444e+18 1.1213e+18 1.1213e+18 6.7755e-02 0.0000e+00 6.5010e+04 0.0000e+00
4.2200e+03 9.4650e-12 8.0423e-01 1.7556e+03 2.6700e+03 4.4000e+03 1.0529e+18 1.1294e+18 1.1294e+18 6.7533e-02 0.0000e+00 6.5197e+04 0.0000e+00
4.2300e+03 9.4287e-12 8.0377e-01 1.7550e+03 2.6691e+03 4.4000e+03 1.0614e+18 1.1376e+18 1.1376e+18 6.7311e-02 0.0000e+00 6.5384e+04 0.0000e+00
4.2400e+03 9.3925e-12 8.0332e-01 1.7544e+03 2.6682e+03 4.4000e+03 1.0701e+18 1.1459e+18 1.1459e+18 6.7091e-02 0.0000e+00 6.5572e+04 0.0000e+00
4.2500e+03 9.3564e-12 8.0286e-01 1.7538e+03 2.6672e+03 4.4000e+03 1.0788e+18 1.1542e+18 1.1542e+18 6.6871e-02 0.0000e+00 6.5760e+04 0.0000e+00
4.2600e+03 9.3205e-12 8.0241e-01 1.7532e+03 2.6663e+03 4.4000e+03 1.0875e+18 1.1625e+18 1.1625e+18 6.6652e-02 0.0000e+00 6.5949e+04 0.0000e+00
4.2700e+03 9.2847e-12 8.0195e-01 1.7526e+03 2.6654e+03 4.4000e+03 1.0964e+18 1.1709e+18 1.1709e+18 6.6434e-02 0.0000e+00 6.6139e+04 0.0000e+00
4.2800e+03 9.2490e-12 8.0149e-01 1.7520e+03 2.6645e+03 4.4000e+03 1.1053e+18 1.1794e+18 1.1794e+18 6.6217e-02 0.0000e+00 6.6328e+04 0.0000e+00
4.2900e+03 9.2135e-12 8.0104e-01 1.7514e+03 2.6636e+03 4.4000e+03 1.1143e+18 1.1879e+18 1.1879e+18 6.6000e-02 0.0000e+00 6.6519e+04 0.0000e+00
4.3000e+03 9.1781e-12 8.0058e-01 1.7508e+03 2.6627e+03 4.4000e+03 1.1233e+18 1.1965e+18 1.1965e+18 6.5784e-02 0.0000e+00 6.6709e+04 0.0000e+00
4.3100e+03 9.1429e-12 8.0012e-01 1.7502e+03 2.6617e+03 4.4000e+03 1.1325e+18 1.2052e+18 1.2052e+18 6.5569e-02 0.0000e+00 6.6901e+04 0.0000e+00
4.3200e+03 9.1078e-12 7.9966e-01 1.7496e+03 2.6608e+03 4.4000e+03 1.1417e+18 1.2139e+18 1.2139e+18 6.5355e-02 0.0000e+00 6.7092e+04 0.0000e+00
4.3300e+03 9.0728e-12 7.9920e-01 1.7490e+03 2.6599e+03 4.4000e+03 1.1510e+18 1.2227e+18 1.2227e+18 6.5142e-02 0.0000e+00 6.7285e+04 0.0000e+00
4.3400e+03 9.0380e-12 7.9874e-01 1.7484e+03 2.6590e+03 4.4000e+03 1.1604e+18 1.2315e+18 1.2315e+18 6.4929e-02 0.0000e+00 6.7477e+04 0.0000e+00
4.3500e+03 9.0032e-12 7.9827e-01 1.7478e+03 2.6581e+03 4.4000e+03 1.1698e+18 1.2404e+18 1.2404e+18 6.4717e-02 0.0000e+00 6.7670e+04 0.0000e+00
4.3600e+03 8.9687e-12 7.9781e-01 1.7472e+03 2.6572e+03 4.4000e+03 1.1793e+18 1.2494e+18 1.2494e+18 6.4506e-02 0.0000e+00 6.7864e+04 0.0000e+00
4.3700e+03 8.9342e-12 7.9735e-01 1.7466e+03 2.6563e+03 4.4000e+03 1.1889e+18 1.2584e+18 1.2584e+18 6.4296e-02 0.0000e+00 6.8058e+04 0.0000e+00
4.3800e+03 8.8999e-12 7.9688e-01 1.7460e+03 2.6554e+03 4.4000e+03 1.1986e+18 1.2675e+18 1.2675e+18 6.4086e-02 0.0000e+00 6.8253e+04 0.0000e+00
4.3900e+03 8.8658e-12 7.9642e-01 1.7454e+03 2.6545e+03 4.4000e+03 1.2084e+18 1.2766e+18 1.2766e+18 6.3877e-02 0.0000e+00 6.8448e+04 0.0000e+00
4.4000e+03 8.8317e-12 7.9595e-01 1.7448e+03 2.6536e+03 4.4000e+03 1.2182e+18 1.2858e+18 1.2858e+18 6.3669e-02 0.0000e+00 6.8644e+04 0.0000e+00
4.4100e+03 8.7978e-12 7.9549e-01 1.7442e+03 2.6527e+03 4.4000e+03 1.2281e+18 1.2951e+18 1.2951e+18 6.3462e-02 0.0000e+00 6.8840e+04 0.0000e+00
4.4200e+03 8.7640e-12 7.9502e-01 1.7436e+03 2.6517e+03 4.4000e+03 1.2381e+18 1.3044e+18 1.3044e+18 6.3256e-02 0.0000e+00 6.9036e+04 0.0000e+00
4.4300e+03 8.7304e-12 7.9455e-01 1.7430e+03 2.6508e+03 4.4000e+03 1.2482e+18 1.3138e+18 1.3138e+18 6.3050e-02 0.0000e+00 6.9233e+04 0.0000e+00
4.4400e+03 8.6968e-12 7.9408e-01 1.7425e+03 2.6499e+03 4.4000e+03 1.2584e+18 1.3233e+18 1.3233e+18 6.2845e-02 0.0000e+00 6.9431e+04 0.0000e+00
4.4500e+03 8.6634e-12 7.9361e-01 1.7419e+03 2.6490e+03 4.4000e+03 1.2686e+18 1.3328e+18 1.3328e+18 6.2640e-02 0.0000e+00 6.9629e+04 0.0000e+00
4.4600e+03 8.6302e-12 7.9314e-01 1.7413e+03 2.6481e+03 4.4000e+03 1.2790e+18 1.3424e+18 1.3424e+18 6.2437e-02 0.0000e+00 6.9827e+04 0.0000e+00
4.4700e+03 8.5970e-12 7.9267e-01 1.7407e+03 2.6472e+03 4.4000e+03 1.2894e+18 1.3521e+18 1.3521e+18 6.2234e-02 0.0000e+00 7.0026e+04 0.0000e+00
4.4800e+03 8.5640e-12 7.9220e-01 1.7401e+03 2.6463e+03 4.4000e+03 1.2999e+18 1.3618e+18 1.3618e+18 6.2032e-02 0.0000e+00 7.0226e+04 0.0000e+00
4.4900e+03 8.5311e-12 7.9173e-01 1.7395e+03 2.6454e+03 4.4000e+03 1.3105e+18 1.3716e+18 1.3716e+18 6.1831e-02 0.0000e+00 7.0426e+04 0.0000e+00
4.5000e+03 8.4984e-12 7.9125e-01 1.7389e+03 2.6445e+03 4.4000e+03 1.3212e+18 1.3815e+18 1.3815e+18 6.1630e-02 0.0000e+00 7.0626e+04 0.0000e+00
4.5100e+03 8.4657e-12 7.9078e-01 1.7383e+03 2.6437e+03 4.4000e+03 1.3320e+18 1.3914e+18 1.3914e+18 6.1430e-02 0.0000e+00 7.0827e+04 0.0000e+00
4.5200e+03 8.4332e-12 7.9030e-01 1.7377e+03 2.6428e+03 4.4000e+03 1.3428e+18 1.4014e+18 1.4014e+18 6.1231e-02 0.0000e+00 7.1029e+04 0.0000e+00
4.5300e+03 8.4008e-12 7.8983e-01 1.7371e+03 2.6419e+03 4.4000e+03 1.3538e+18 1.4115e+18 1.4115e+18 6.1033e-02 0.0000e+00 7.1231e+04 0.0000e+00
4.5400e+03 8.3686e-12 7.8935e-01 1.7366e+03 2.6410e+03 4.4000e+03 1.3648e+18 1.4216e+18 1.4216e+18 6.0835e-02 0.0000e+00 7.1433e+04 0.0000e+00
4.5500e+03 0.0000e+00 0.0000e+00 1.7360e+03 0.0000e+00 4.4000e+03 0.0000e+00 0.0000e+00 0.0000e+00 0.0000e+00 0.0000e+00 0.0000e+00 0.0000e+00
