0.0000e+00 4.8000e-11 7.2255e+00 1.7000e+03 5.6343e+03 5.7000e+03 2.7481e+18 2.0738e+17 2.0738e+17 7.2106e-02 0.0000e+00 5.8747e+04 0.0000e+00
1.0000e+01 4.7816e-11 6.7654e+00 1.7109e+03 5.6703e+03 5.7000e+03 2.6547e+18 1.8352e+17 1.8352e+17 7.6713e-02 0.0000e+00 5.5643e+04 0.0000e+00
2.0000e+01 4.7632e-11 6.3447e+00 1.7216e+03 5.7058e+03 5.7000e+03 2.2347e+18 1.6295e+17 1.6295e+17 8.1487e-02 0.0000e+00 5.2778e+04 0.0000e+00
3.0000e+01 4.7449e-11 5.9593e+00 1.7321e+03 5.7408e+03 5.7000e+03 1.8943e+18 1.4515e+17 1.4515e+17 8.6423e-02 0.0000e+00 5.0130e+04 0.0000e+00
4.0000e+01 4.7267e-11 5.6059e+00 1.7425e+03 5.7752e+03 5.7000e+03 1.6163e+18 1.2971e+17 1.2971e+17 9.1518e-02 0.0000e+00 4.7679e+04 0.0000e+00
5.0000e+01 4.7085e-11 5.2815e+00 1.7527e+03 5.8090e+03 5.7000e+03 1.3878e+18 1.1628e+17 1.1628e+17 9.6767e-02 0.0000e+00 4.5409e+04 0.0000e+00
6.0000e+01 4.6905e-11 4.9833e+00 1.7627e+03 5.8423e+03 5.7000e+03 1.1987e+18 1.0457e+17 1.0457e+17 1.0216e-01 0.0000e+00 4.3305e+04 0.0000e+00
7.0000e+01 4.6725e-11 4.7089e+00 1.7726e+03 5.8749e+03 5.7000e+03 1.0412e+18 9.4319e+16 9.4319e+16 1.0770e-01 0.0000e+00 4.1353e+04 0.0000e+00
8.0000e+01 4.6545e-11 4.4561e+00 1.7823e+03 5.9070e+03 5.7000e+03 9.0928e+17 8.5333e+16 8.5333e+16 1.1337e-01 0.0000e+00 3.9540e+04 0.0000e+00
9.0000e+01 4.6366e-11 4.2230e+00 1.7917e+03 5.9384e+03 5.7000e+03 7.9820e+17 7.7431e+16 7.7431e+16 1.1917e-01 0.0000e+00 3.7854e+04 0.0000e+00
1.0000e+02 4.6188e-11 4.0077e+00 1.8010e+03 5.9692e+03 5.7000e+03 7.0416e+17 7.0466e+16 7.0466e+16 1.2509e-01 0.0000e+00 3.6286e+04 0.0000e+00
1.1000e+02 4.6011e-11 3.8088e+00 1.8102e+03 5.9994e+03 5.7000e+03 6.2416e+17 6.4312e+16 6.4312e+16 1.3112e-01 0.0000e+00 3.4827e+04 0.0000e+00
1.2000e+02 4.5834e-11 3.6248e+00 1.8191e+03 6.0290e+03 5.7000e+03 5.5578e+17 5.8861e+16 5.8861e+16 1.3725e-01 0.0000e+00 3.3467e+04 0.0000e+00
1.3000e+02 4.5658e-11 3.4544e+00 1.8278e+03 6.0579e+03 5.7000e+03 4.9706e+17 5.4021e+16 5.4021e+16 1.4346e-01 0.0000e+00 3.2199e+04 0.0000e+00
1.4000e+02 4.5483e-11 3.2964e+00 1.8363e+03 6.0861e+03 5.7000e+03 4.4642e+17 4.9715e+16 4.9715e+16 1.4976e-01 0.0000e+00 3.1016e+04 0.0000e+00
1.5000e+02 4.5308e-11 3.1499e+00 1.8446e+03 6.1137e+03 5.7000e+03 4.0258e+17 4.5874e+16 4.5874e+16 1.5613e-01 0.0000e+00 2.9911e+04 0.0000e+00
1.6000e+02 4.5134e-11 3.0138e+00 1.8528e+03 6.1407e+03 5.7000e+03 3.6448e+17 4.2442e+16 4.2442e+16 1.6255e-01 0.0000e+00 2.8879e+04 0.0000e+00
1.7000e+02 4.4961e-11 2.8873e+00 1.8607e+03 6.1669e+03 5.7000e+03 3.3124e+17 3.9367e+16 3.9367e+16 1.6902e-01 0.0000e+00 2.7914e+04 0.0000e+00
1.8000e+02 4.4788e-11 2.7696e+00 1.8684e+03 6.1925e+03 5.7000e+03 3.0213e+17 3.6608e+16 3.6608e+16 1.7553e-01 0.0000e+00 2.7011e+04 0.0000e+00
1.9000e+02 4.4616e-11 2.6600e+00 1.8759e+03 6.2175e+03 5.7000e+03 2.7656e+17 3.4127e+16 3.4127e+16 1.8206e-01 0.0000e+00 2.6167e+04 0.0000e+00
2.0000e+02 4.4445e-11 2.5579e+00 1.8833e+03 6.2417e+03 5.7000e+03 2.5402e+17 3.1892e+16 3.1892e+16 1.8860e-01 0.0000e+00 2.5376e+04 0.0000e+00
2.1000e+02 4.4274e-11 2.4627e+00 1.8904e+03 6.2653e+03 5.7000e+03 2.3410e+17 2.9874e+16 2.9874e+16 1.9514e-01 0.0000e+00 2.4635e+04 0.0000e+00
2.2000e+02 4.4104e-11 2.3738e+00 1.8973e+03 6.2882e+03 5.7000e+03 2.1643e+17 2.8050e+16 2.8050e+16 2.0166e-01 0.0000e+00 2.3940e+04 0.0000e+00
2.3000e+02 4.3935e-11 2.2908e+00 1.9040e+03 6.3104e+03 5.7000e+03 2.0072e+17 2.6397e+16 2.6397e+16 2.0817e-01 0.0000e+00 2.3289e+04 0.0000e+00
2.4000e+02 4.3766e-11 2.2132e+00 1.9105e+03 6.3320e+03 5.7000e+03 1.8671e+17 2.4897e+16 2.4897e+16 2.1464e-01 0.0000e+00 2.2678e+04 0.0000e+00
2.5000e+02 4.3598e-11 2.1407e+00 1.9168e+03 6.3529e+03 5.7000e+03 1.7419e+17 2.3534e+16 2.3534e+16 2.2106e-01 0.0000e+00 2.2104e+04 0.0000e+00
2.6000e+02 4.3431e-11 2.0727e+00 1.9229e+03 6.3731e+03 5.7000e+03 1.6297e+17 2.2293e+16 2.2293e+16 2.2743e-01 0.0000e+00 2.1566e+04 0.0000e+00
2.7000e+02 4.3264e-11 2.0091e+00 1.9288e+03 6.3927e+03 5.7000e+03 1.5288e+17 2.1161e+16 2.1161e+16 2.3373e-01 0.0000e+00 2.1060e+04 0.0000e+00
2.8000e+02 4.3098e-11 1.9495e+00 1.9345e+03 6.4116e+03 5.7000e+03 1.4381e+17 2.0128e+16 2.0128e+16 2.3996e-01 0.0000e+00 2.0585e+04 0.0000e+00
2.9000e+02 4.2932e-11 1.8935e+00 1.9400e+03 6.4299e+03 5.7000e+03 1.3561e+17 1.9183e+16 1.9183e+16 2.4610e-01 0.0000e+00 2.0139e+04 0.0000e+00
3.0000e+02 4.2768e-11 1.8410e+00 1.9454e+03 6.4476e+03 5.7000e+03 1.2821e+17 1.8318e+16 1.8318e+16 2.5215e-01 0.0000e+00 1.9719e+04 0.0000e+00
3.1000e+02 4.2603e-11 1.7917e+00 1.9505e+03 6.4646e+03 5.7000e+03 1.2150e+17 1.7525e+16 1.7525e+16 2.5809e-01 0.0000e+00 1.9324e+04 0.0000e+00
3.2000e+02 4.2440e-11 1.7453e+00 1.9555e+03 6.4810e+03 5.7000e+03 1.1541e+17 1.6798e+16 1.6798e+16 2.6393e-01 0.0000e+00 1.8953e+04 0.0000e+00
3.3000e+02 4.2277e-11 1.7018e+00 1.9602e+03 6.4968e+03 5.7000e+03 1.0987e+17 1.6129e+16 1.6129e+16 2.6965e-01 0.0000e+00 1.8604e+04 0.0000e+00
3.4000e+02 4.2114e-11 1.6608e+00 1.9648e+03 6.5119e+03 5.7000e+03 1.0483e+17 1.5513e+16 1.5513e+16 2.7524e-01 0.0000e+00 1.8276e+04 0.0000e+00
3.5000e+02 4.1953e-11 1.6222e+00 1.9692e+03 6.5265e+03 5.7000e+03 1.0022e+17 1.4946e+16 1.4946e+16 2.8071e-01 0.0000e+00 1.7968e+04 0.0000e+00
3.6000e+02 4.1792e-11 1.5859e+00 1.9734e+03 6.5405e+03 5.7000e+03 9.6020e+16 1.4424e+16 1.4424e+16 2.8603e-01 0.0000e+00 1.7677e+04 0.0000e+00
3.7000e+02 4.1631e-11 1.5516e+00 1.9775e+03 6.5540e+03 5.7000e+03 9.2174e+16 1.3941e+16 1.3941e+16 2.9122e-01 0.0000e+00 1.7404e+04 0.0000e+00
3.8000e+02 4.1471e-11 1.5193e+00 1.9814e+03 6.5669e+03 5.7000e+03 8.8649e+16 1.3496e+16 1.3496e+16 2.9627e-01 0.0000e+00 1.7147e+04 0.0000e+00
3.9000e+02 4.1312e-11 1.4889e+00 1.9851e+03 6.5792e+03 5.7000e+03 8.5417e+16 1.3084e+16 1.3084e+16 3.0117e-01 0.0000e+00 1.6905e+04 0.0000e+00
4.0000e+02 4.1153e-11 1.4601e+00 1.9887e+03 6.5910e+03 5.7000e+03 8.2448e+16 1.2704e+16 1.2704e+16 3.0592e-01 0.0000e+00 1.6678e+04 0.0000e+00
4.1000e+02 4.0995e-11 1.4330e+00 1.9921e+03 6.6023e+03 5.7000e+03 7.9719e+16 1.2351e+16 1.2351e+16 3.1052e-01 0.0000e+00 1.6464e+04 0.0000e+00
4.2000e+02 4.0838e-11 1.4074e+00 1.9953e+03 6.6131e+03 5.7000e+03 7.7207e+16 1.2025e+16 1.2025e+16 3.1496e-01 0.0000e+00 1.6262e+04 0.0000e+00
4.3000e+02 4.0681e-11 1.3831e+00 1.9984e+03 6.6234e+03 5.7000e+03 7.4894e+16 1.1722e+16 1.1722e+16 3.1924e-01 0.0000e+00 1.6073e+04 0.0000e+00
4.4000e+02 4.0525e-11 1.3602e+00 2.0014e+03 6.6332e+03 5.7000e+03 7.2762e+16 1.1442e+16 1.1442e+16 3.2338e-01 0.0000e+00 1.5895e+04 0.0000e+00
4.5000e+02 4.0369e-11 1.3386e+00 2.0042e+03 6.6426e+03 5.7000e+03 7.0795e+16 1.1181e+16 1.1181e+16 3.2735e-01 0.0000e+00 1.5728e+04 0.0000e+00
4.6000e+02 4.0214e-11 1.3181e+00 2.0069e+03 6.6515e+03 5.7000e+03 6.8979e+16 1.0940e+16 1.0940e+16 3.3116e-01 0.0000e+00 1.5571e+04 0.0000e+00
4.7000e+02 4.0060e-11 1.2986e+00 2.0095e+03 6.6599e+03 5.7000e+03 6.7302e+16 1.0716e+16 1.0716e+16 3.3483e-01 0.0000e+00 1.5424e+04 0.0000e+00
4.8000e+02 3.9906e-11 1.2802e+00 2.0119e+03 6.6680e+03 5.7000e+03 6.5753e+16 1.0508e+16 1.0508e+16 3.3833e-01 0.0000e+00 1.5286e+04 0.0000e+00
4.9000e+02 3.9753e-11 1.2628e+00 2.0142e+03 6.6756e+03 5.7000e+03 6.4321e+16 1.0315e+16 1.0315e+16 3.4168e-01 0.0000e+00 1.5156e+04 0.0000e+00
5.0000e+02 3.9600e-11 1.2463e+00 2.0163e+03 6.6828e+03 5.7000e+03 6.2998e+16 1.0136e+16 1.0136e+16 3.4488e-01 0.0000e+00 1.5034e+04 0.0000e+00
5.1000e+02 3.9448e-11 1.2307e+00 2.0184e+03 6.6896e+03 5.7000e+03 6.1774e+16 9.9702e+15 9.9702e+15 3.4793e-01 0.0000e+00 1.4920e+04 0.0000e+00
5.2000e+02 3.9297e-11 1.2158e+00 2.0203e+03 6.6960e+03 5.7000e+03 6.0642e+16 9.8161e+15 9.8161e+15 3.5082e-01 0.0000e+00 1.4814e+04 0.0000e+00
5.3000e+02 3.9146e-11 1.2017e+00 2.0222e+03 6.7021e+03 5.7000e+03 5.9596e+16 9.6731e+15 9.6731e+15 3.5358e-01 0.0000e+00 1.4714e+04 0.0000e+00
5.4000e+02 3.8995e-11 1.1883e+00 2.0239e+03 6.7078e+03 5.7000e+03 5.8630e+16 9.5405e+15 9.5405e+15 3.5619e-01 0.0000e+00 1.4621e+04 0.0000e+00
5.5000e+02 3.8846e-11 1.1756e+00 2.0255e+03 6.7132e+03 5.7000e+03 5.7737e+16 9.4177e+15 9.4177e+15 3.5865e-01 0.0000e+00 1.4534e+04 0.0000e+00
5.6000e+02 3.8696e-11 1.1635e+00 2.0270e+03 6.7183e+03 5.7000e+03 5.6912e+16 9.3040e+15 9.3040e+15 3.6098e-01 0.0000e+00 1.4453e+04 0.0000e+00
5.7000e+02 3.8548e-11 1.1521e+00 2.0285e+03 6.7230e+03 5.7000e+03 5.6151e+16 9.1988e+15 9.1988e+15 3.6318e-01 0.0000e+00 1.4377e+04 0.0000e+00
5.8000e+02 3.8400e-11 1.1412e+00 2.0298e+03 6.7274e+03 5.7000e+03 5.5450e+16 9.1016e+15 9.1016e+15 3.6524e-01 0.0000e+00 1.4307e+04 0.0000e+00
5.9000e+02 3.8252e-11 1.1308e+00 2.0311e+03 6.7316e+03 5.7000e+03 5.4804e+16 9.0119e+15 9.0119e+15 3.6717e-01 0.0000e+00 1.4242e+04 0.0000e+00
6.0000e+02 3.8105e-11 1.1209e+00 2.0322e+03 6.7354e+03 5.7000e+03 5.4210e+16 8.9292e+15 8.9292e+15 3.6898e-01 0.0000e+00 1.4181e+04 0.0000e+00
6.1000e+02 3.7959e-11 1.1115e+00 2.0333e+03 6.7390e+03 5.7000e+03 5.3664e+16 8.8532e+15 8.8532e+15 3.7067e-01 0.0000e+00 1.4126e+04 0.0000e+00
6.2000e+02 3.7813e-11 1.1026e+00 2.0343e+03 6.7423e+03 5.7000e+03 5.3164e+16 8.7834e+15 8.7834e+15 3.7224e-01 0.0000e+00 1.4074e+04 0.0000e+00
6.3000e+02 3.7668e-11 1.0941e+00 2.0352e+03 6.7454e+03 5.7000e+03 5.2707e+16 8.7195e+15 8.7195e+15 3.7369e-01 0.0000e+00 1.4027e+04 0.0000e+00
6.4000e+02 3.7524e-11 1.0860e+00 2.0361e+03 6.7482e+03 5.7000e+03 5.2290e+16 8.6611e+15 8.6611e+15 3.7503e-01 0.0000e+00 1.3983e+04 0.0000e+00
6.5000e+02 3.7379e-11 1.0783e+00 2.0369e+03 6.7508e+03 5.7000e+03 5.1910e+16 8.6079e+15 8.6079e+15 3.7627e-01 0.0000e+00 1.3944e+04 0.0000e+00
6.6000e+02 3.7236e-11 1.0709e+00 2.0376e+03 6.7532e+03 5.7000e+03 5.1567e+16 8.5597e+15 8.5597e+15 3.7740e-01 0.0000e+00 1.3908e+04 0.0000e+00
6.7000e+02 3.7093e-11 1.0639e+00 2.0382e+03 6.7553e+03 5.7000e+03 5.1256e+16 8.5161e+15 8.5161e+15 3.7843e-01 0.0000e+00 1.3875e+04 0.0000e+00
6.8000e+02 3.6950e-11 1.0572e+00 2.0388e+03 6.7573e+03 5.7000e+03 5.0978e+16 8.4769e+15 8.4769e+15 3.7936e-01 0.0000e+00 1.3845e+04 0.0000e+00
6.9000e+02 3.6809e-11 1.0508e+00 2.0393e+03 6.7590e+03 5.7000e+03 5.0729e+16 8.4420e+15 8.4420e+15 3.8020e-01 0.0000e+00 1.3819e+04 0.0000e+00
7.0000e+02 3.6667e-11 1.0447e+00 2.0398e+03 6.7605e+03 5.7000e+03 5.0509e+16 8.4110e+15 8.4110e+15 3.8095e-01 0.0000e+00 1.3796e+04 0.0000e+00
7.1000e+02 3.6526e-11 1.0389e+00 2.0402e+03 6.7619e+03 5.7000e+03 5.0315e+16 8.3837e+15 8.3837e+15 3.8161e-01 0.0000e+00 1.3775e+04 0.0000e+00
7.2000e+02 3.6386e-11 1.0334e+00 2.0406e+03 6.7631e+03 5.7000e+03 5.0147e+16 8.3601e+15 8.3601e+15 3.8219e-01 0.0000e+00 1.3757e+04 0.0000e+00
7.3000e+02 3.6246e-11 1.0281e+00 2.0409e+03 6.7641e+03 5.7000e+03 5.0003e+16 8.3398e+15 8.3398e+15 3.8268e-01 0.0000e+00 1.3742e+04 0.0000e+00
7.4000e+02 3.6107e-11 1.0230e+00 2.0411e+03 6.7650e+03 5.7000e+03 4.9882e+16 8.3228e+15 8.3228e+15 3.8310e-01 0.0000e+00 1.3729e+04 0.0000e+00
7.5000e+02 3.5969e-11 1.0182e+00 2.0414e+03 6.7657e+03 5.7000e+03 4.9783e+16 8.3089e+15 8.3089e+15 3.8344e-01 0.0000e+00 1.3718e+04 0.0000e+00
7.6000e+02 3.5830e-11 1.0135e+00 2.0415e+03 6.7663e+03 5.7000e+03 4.9704e+16 8.2979e+15 8.2979e+15 3.8371e-01 0.0000e+00 1.3710e+04 0.0000e+00
7.7000e+02 3.5693e-11 1.0091e+00 2.0417e+03 6.7667e+03 5.7000e+03 4.9645e+16 8.2897e+15 8.2897e+15 3.8392e-01 0.0000e+00 1.3703e+04 0.0000e+00
7.8000e+02 3.5556e-11 1.0049e+00 2.0417e+03 6.7670e+03 5.7000e+03 4.9606e+16 8.2842e+15 8.2842e+15 3.8405e-01 0.0000e+00 1.3699e+04 0.0000e+00
7.9000e+02 3.5419e-11 1.0008e+00 2.0418e+03 6.7671e+03 5.7000e+03 4.9584e+16 8.2812e+15 8.2812e+15 3.8412e-01 0.0000e+00 1.3697e+04 0.0000e+00
8.0000e+02 3.5283e-11 9.9696e-01 2.0418e+03 6.7671e+03 5.7000e+03 4.9579e+16 8.2807e+15 8.2807e+15 3.8414e-01 0.0000e+00 1.3697e+04 0.0000e+00
8.1000e+02 3.5148e-11 9.9325e-01 2.0418e+03 6.7670e+03 5.7000e+03 4.9591e+16 8.2825e+15 8.2825e+15 3.8409e-01 0.0000e+00 1.3698e+04 0.0000e+00
8.2000e+02 3.5013e-11 9.8970e-01 2.0417e+03 6.7668e+03 5.7000e+03 4.9619e+16 8.2866e+15 8.2866e+15 3.8399e-01 0.0000e+00 1.3701e+04 0.0000e+00
8.3000e+02 3.4878e-11 9.8630e-01 2.0416e+03 6.7665e+03 5.7000e+03 4.9662e+16 8.2929e+15 8.2929e+15 3.8384e-01 0.0000e+00 1.3706e+04 0.0000e+00
8.4000e+02 3.4744e-11 9.8303e-01 2.0415e+03 6.7661e+03 5.7000e+03 4.9720e+16 8.3011e+15 8.3011e+15 3.8363e-01 0.0000e+00 1.3712e+04 0.0000e+00
8.5000e+02 3.4611e-11 9.7990e-01 2.0413e+03 6.7656e+03 5.7000e+03 4.9791e+16 8.3114e+15 8.3114e+15 3.8338e-01 0.0000e+00 1.3720e+04 0.0000e+00
8.6000e+02 3.4478e-11 9.7691e-01 2.0411e+03 6.7650e+03 5.7000e+03 4.9876e+16 8.3236e+15 8.3236e+15 3.8308e-01 0.0000e+00 1.3729e+04 0.0000e+00
8.7000e+02 3.4346e-11 9.7403e-01 2.0409e+03 6.7642e+03 5.7000e+03 4.9974e+16 8.3376e+15 8.3376e+15 3.8273e-01 0.0000e+00 1.3740e+04 0.0000e+00
8.8000e+02 3.4214e-11 9.7127e-01 2.0407e+03 6.7634e+03 5.7000e+03 5.0085e+16 8.3534e+15 8.3534e+15 3.8235e-01 0.0000e+00 1.3752e+04 0.0000e+00
8.9000e+02 3.4082e-11 9.6862e-01 2.0404e+03 6.7626e+03 5.7000e+03 5.0207e+16 8.3708e+15 8.3708e+15 3.8192e-01 0.0000e+00 1.3765e+04 0.0000e+00
9.0000e+02 3.3952e-11 9.6608e-01 2.0401e+03 6.7616e+03 5.7000e+03 5.0341e+16 8.3900e+15 8.3900e+15 3.8146e-01 0.0000e+00 1.3780e+04 0.0000e+00
9.1000e+02 3.3821e-11 9.6363e-01 2.0398e+03 6.7606e+03 5.7000e+03 5.0487e+16 8.4106e+15 8.4106e+15 3.8096e-01 0.0000e+00 1.3795e+04 0.0000e+00
9.2000e+02 3.3691e-11 9.6128e-01 2.0395e+03 6.7595e+03 5.7000e+03 5.0643e+16 8.4329e+15 8.4329e+15 3.8042e-01 0.0000e+00 1.3812e+04 0.0000e+00
9.3000e+02 3.3562e-11 9.5903e-01 2.0391e+03 6.7583e+03 5.7000e+03 5.0809e+16 8.4565e+15 8.4565e+15 3.7985e-01 0.0000e+00 1.3830e+04 0.0000e+00
9.4000e+02 3.3433e-11 9.5686e-01 2.0387e+03 6.7570e+03 5.7000e+03 5.0986e+16 8.4816e+15 8.4816e+15 3.7925e-01 0.0000e+00 1.3849e+04 0.0000e+00
9.5000e+02 3.3305e-11 9.5477e-01 2.0383e+03 6.7557e+03 5.7000e+03 5.1173e+16 8.5081e+15 8.5081e+15 3.7862e-01 0.0000e+00 1.3869e+04 0.0000e+00
9.6000e+02 3.3177e-11 9.5277e-01 2.0379e+03 6.7543e+03 5.7000e+03 5.1369e+16 8.5359e+15 8.5359e+15 3.7796e-01 0.0000e+00 1.3890e+04 0.0000e+00
9.7000e+02 3.3049e-11 9.5083e-01 2.0375e+03 6.7529e+03 5.7000e+03 5.1575e+16 8.5651e+15 8.5651e+15 3.7727e-01 0.0000e+00 1.3912e+04 0.0000e+00
9.8000e+02 3.2923e-11 9.4897e-01 2.0370e+03 6.7514e+03 5.7000e+03 5.1789e+16 8.5954e+15 8.5954e+15 3.7656e-01 0.0000e+00 1.3934e+04 0.0000e+00
9.9000e+02 3.2796e-11 9.4718e-01 2.0366e+03 6.7499e+03 5.7000e+03 5.2013e+16 8.6270e+15 8.6270e+15 3.7582e-01 0.0000e+00 1.3958e+04 0.0000e+00
1.0000e+03 3.2670e-11 9.4546e-01 2.0361e+03 6.7483e+03 5.7000e+03 5.2245e+16 8.6598e+15 8.6598e+15 3.7507e-01 0.0000e+00 1.3982e+04 0.0000e+00
1.0100e+03 3.2545e-11 9.4379e-01 2.0356e+03 6.7466e+03 5.7000e+03 5.2485e+16 8.6937e+15 8.6937e+15 3.7428e-01 0.0000e+00 1.4008e+04 0.0000e+00
1.0200e+03 3.2420e-11 9.4219e-01 2.0351e+03 6.7449e+03 5.7000e+03 5.2734e+16 8.7287e+15 8.7287e+15 3.7348e-01 0.0000e+00 1.4034e+04 0.0000e+00
1.0300e+03 3.2295e-11 9.4064e-01 2.0346e+03 6.7432e+03 5.7000e+03 5.2990e+16 8.7648e+15 8.7648e+15 3.7266e-01 0.0000e+00 1.4060e+04 0.0000e+00
1.0400e+03 3.2171e-11 9.3915e-01 2.0340e+03 6.7414e+03 5.7000e+03 5.3255e+16 8.8020e+15 8.8020e+15 3.7182e-01 0.0000e+00 1.4088e+04 0.0000e+00
1.0500e+03 3.2048e-11 9.3771e-01 2.0335e+03 6.7396e+03 5.7000e+03 5.3526e+16 8.8402e+15 8.8402e+15 3.7096e-01 0.0000e+00 1.4116e+04 0.0000e+00
1.0600e+03 3.1925e-11 9.3631e-01 2.0329e+03 6.7378e+03 5.7000e+03 5.3806e+16 8.8794e+15 8.8794e+15 3.7008e-01 0.0000e+00 1.4145e+04 0.0000e+00
1.0700e+03 3.1802e-11 9.3497e-01 2.0324e+03 6.7359e+03 5.7000e+03 5.4092e+16 8.9196e+15 8.9196e+15 3.6919e-01 0.0000e+00 1.4174e+04 0.0000e+00
1.0800e+03 3.1680e-11 9.3367e-01 2.0318e+03 6.7340e+03 5.7000e+03 5.4386e+16 8.9608e+15 8.9608e+15 3.6829e-01 0.0000e+00 1.4204e+04 0.0000e+00
1.0900e+03 3.1558e-11 9.3241e-01 2.0312e+03 6.7320e+03 5.7000e+03 5.4687e+16 9.0029e+15 9.0029e+15 3.6737e-01 0.0000e+00 1.4235e+04 0.0000e+00
1.1000e+03 3.1437e-11 9.3120e-01 2.0306e+03 6.7300e+03 5.7000e+03 5.4994e+16 9.0459e+15 9.0459e+15 3.6644e-01 0.0000e+00 1.4267e+04 0.0000e+00
1.1100e+03 3.1316e-11 9.3002e-01 2.0300e+03 6.7280e+03 5.7000e+03 5.5309e+16 9.0899e+15 9.0899e+15 3.6549e-01 0.0000e+00 1.4298e+04 0.0000e+00
1.1200e+03 3.1196e-11 9.2888e-01 2.0294e+03 6.7259e+03 5.7000e+03 5.5630e+16 9.1347e+15 9.1347e+15 3.6453e-01 0.0000e+00 1.4331e+04 0.0000e+00
1.1300e+03 3.1076e-11 9.2778e-01 2.0287e+03 6.7238e+03 5.7000e+03 5.5957e+16 9.1803e+15 9.1803e+15 3.6357e-01 0.0000e+00 1.4364e+04 0.0000e+00
1.1400e+03 3.0957e-11 9.2671e-01 2.0281e+03 6.7217e+03 5.7000e+03 5.6291e+16 9.2268e+15 9.2268e+15 3.6259e-01 0.0000e+00 1.4397e+04 0.0000e+00
1.1500e+03 3.0838e-11 9.2567e-01 2.0275e+03 6.7196e+03 5.7000e+03 5.6632e+16 9.2742e+15 9.2742e+15 3.6160e-01 0.0000e+00 1.4431e+04 0.0000e+00
1.1600e+03 3.0720e-11 9.2467e-01 2.0268e+03 6.7174e+03 5.7000e+03 5.6978e+16 9.3223e+15 9.3223e+15 3.6060e-01 0.0000e+00 1.4466e+04 0.0000e+00
1.1700e+03 3.0602e-11 9.2369e-01 2.0261e+03 6.7153e+03 5.7000e+03 5.7331e+16 9.3713e+15 9.3713e+15 3.5960e-01 0.0000e+00 1.4501e+04 0.0000e+00
1.1800e+03 3.0484e-11 9.2274e-01 2.0255e+03 6.7131e+03 5.7000e+03 5.7690e+16 9.4211e+15 9.4211e+15 3.5858e-01 0.0000e+00 1.4536e+04 0.0000e+00
1.1900e+03 3.0367e-11 9.2182e-01 2.0248e+03 6.7108e+03 5.7000e+03 5.8055e+16 9.4716e+15 9.4716e+15 3.5756e-01 0.0000e+00 1.4572e+04 0.0000e+00
1.2000e+03 3.0251e-11 9.2093e-01 2.0241e+03 6.7086e+03 5.7000e+03 5.8426e+16 9.5229e+15 9.5229e+15 3.5654e-01 0.0000e+00 1.4608e+04 0.0000e+00
1.2100e+03 3.0134e-11 9.2006e-01 2.0234e+03 6.7063e+03 5.7000e+03 5.8803e+16 9.5749e+15 9.5749e+15 3.5550e-01 0.0000e+00 1.4645e+04 0.0000e+00
1.2200e+03 3.0019e-11 9.1922e-01 2.0228e+03 6.7041e+03 5.7000e+03 5.9185e+16 9.6277e+15 9.6277e+15 3.5446e-01 0.0000e+00 1.4682e+04 0.0000e+00
1.2300e+03 2.9903e-11 9.1839e-01 2.0221e+03 6.7018e+03 5.7000e+03 5.9573e+16 9.6812e+15 9.6812e+15 3.5342e-01 0.0000e+00 1.4720e+04 0.0000e+00
1.2400e+03 2.9789e-11 9.1759e-01 2.0214e+03 6.6994e+03 5.7000e+03 5.9968e+16 9.7355e+15 9.7355e+15 3.5237e-01 0.0000e+00 1.4758e+04 0.0000e+00
1.2500e+03 2.9674e-11 9.1682e-01 2.0207e+03 6.6971e+03 5.7000e+03 6.0367e+16 9.7904e+15 9.7904e+15 3.5131e-01 0.0000e+00 1.4796e+04 0.0000e+00
1.2600e+03 2.9560e-11 9.1606e-01 2.0200e+03 6.6948e+03 5.7000e+03 6.0773e+16 9.8461e+15 9.8461e+15 3.5025e-01 0.0000e+00 1.4835e+04 0.0000e+00
1.2700e+03 2.9447e-11 9.1532e-01 2.0192e+03 6.6924e+03 5.7000e+03 6.1184e+16 9.9025e+15 9.9025e+15 3.4919e-01 0.0000e+00 1.4874e+04 0.0000e+00
1.2800e+03 2.9334e-11 9.1459e-01 2.0185e+03 6.6900e+03 5.7000e+03 6.1600e+16 9.9595e+15 9.9595e+15 3.4812e-01 0.0000e+00 1.4913e+04 0.0000e+00
1.2900e+03 2.9221e-11 9.1389e-01 2.0178e+03 6.6877e+03 5.7000e+03 6.2022e+16 1.0017e+16 1.0017e+16 3.4706e-01 0.0000e+00 1.4953e+04 0.0000e+00
1.3000e+03 2.9109e-11 9.1320e-01 2.0171e+03 6.6853e+03 5.7000e+03 6.2450e+16 1.0076e+16 1.0076e+16 3.4598e-01 0.0000e+00 1.4993e+04 0.0000e+00
1.3100e+03 2.8997e-11 9.1253e-01 2.0164e+03 6.6828e+03 5.7000e+03 6.2883e+16 1.0135e+16 1.0135e+16 3.4491e-01 0.0000e+00 1.5033e+04 0.0000e+00
1.3200e+03 2.8886e-11 9.1187e-01 2.0156e+03 6.6804e+03 5.7000e+03 6.3321e+16 1.0195e+16 1.0195e+16 3.4383e-01 0.0000e+00 1.5074e+04 0.0000e+00
1.3300e+03 2.8775e-11 9.1123e-01 2.0149e+03 6.6780e+03 5.7000e+03 6.3765e+16 1.0255e+16 1.0255e+16 3.4275e-01 0.0000e+00 1.5115e+04 0.0000e+00
1.3400e+03 2.8664e-11 9.1060e-01 2.0142e+03 6.6755e+03 5.7000e+03 6.4214e+16 1.0316e+16 1.0316e+16 3.4167e-01 0.0000e+00 1.5156e+04 0.0000e+00
1.3500e+03 2.8554e-11 9.0999e-01 2.0134e+03 6.6731e+03 5.7000e+03 6.4669e+16 1.0378e+16 1.0378e+16 3.4059e-01 0.0000e+00 1.5198e+04 0.0000e+00
1.3600e+03 2.8445e-11 9.0939e-01 2.0127e+03 6.6706e+03 5.7000e+03 6.5129e+16 1.0440e+16 1.0440e+16 3.3951e-01 0.0000e+00 1.5240e+04 0.0000e+00
1.3700e+03 2.8335e-11 9.0880e-01 2.0119e+03 6.6682e+03 5.7000e+03 6.5594e+16 1.0503e+16 1.0503e+16 3.3842e-01 0.0000e+00 1.5282e+04 0.0000e+00
1.3800e+03 2.8226e-11 9.0822e-01 2.0112e+03 6.6657e+03 5.7000e+03 6.6064e+16 1.0567e+16 1.0567e+16 3.3734e-01 0.0000e+00 1.5325e+04 0.0000e+00
1.3900e+03 2.8118e-11 9.0766e-01 2.0104e+03 6.6632e+03 5.7000e+03 6.6540e+16 1.0631e+16 1.0631e+16 3.3625e-01 0.0000e+00 1.5367e+04 0.0000e+00
1.4000e+03 2.8010e-11 9.0710e-01 2.0097e+03 6.6607e+03 5.7000e+03 6.7021e+16 1.0696e+16 1.0696e+16 3.3516e-01 0.0000e+00 1.5411e+04 0.0000e+00
1.4100e+03 2.7903e-11 9.0656e-01 2.0089e+03 6.6582e+03 5.7000e+03 6.7508e+16 1.0761e+16 1.0761e+16 3.3408e-01 0.0000e+00 1.5454e+04 0.0000e+00
1.4200e+03 2.7795e-11 9.0602e-01 2.0082e+03 6.6557e+03 5.7000e+03 6.8000e+16 1.0828e+16 1.0828e+16 3.3299e-01 0.0000e+00 1.5497e+04 0.0000e+00
1.4300e+03 2.7689e-11 9.0549e-01 2.0074e+03 6.6532e+03 5.7000e+03 6.8497e+16 1.0894e+16 1.0894e+16 3.3191e-01 0.0000e+00 1.5541e+04 0.0000e+00
1.4400e+03 2.7582e-11 9.0498e-01 2.0067e+03 6.6507e+03 5.7000e+03 6.8999e+16 1.0962e+16 1.0962e+16 3.3082e-01 0.0000e+00 1.5585e+04 0.0000e+00
1.4500e+03 2.7476e-11 9.0447e-01 2.0059e+03 6.6482e+03 5.7000e+03 6.9507e+16 1.1030e+16 1.1030e+16 3.2973e-01 0.0000e+00 1.5630e+04 0.0000e+00
1.4600e+03 2.7371e-11 9.0397e-01 2.0051e+03 6.6456e+03 5.7000e+03 7.0020e+16 1.1098e+16 1.1098e+16 3.2865e-01 0.0000e+00 1.5674e+04 0.0000e+00
1.4700e+03 2.7266e-11 9.0348e-01 2.0044e+03 6.6431e+03 5.7000e+03 7.0538e+16 1.1168e+16 1.1168e+16 3.2757e-01 0.0000e+00 1.5719e+04 0.0000e+00
1.4800e+03 2.7161e-11 9.0299e-01 2.0036e+03 6.6406e+03 5.7000e+03 7.1061e+16 1.1237e+16 1.1237e+16 3.2648e-01 0.0000e+00 1.5764e+04 0.0000e+00
1.4900e+03 2.7057e-11 9.0252e-01 2.0028e+03 6.6380e+03 5.7000e+03 7.1590e+16 1.1308e+16 1.1308e+16 3.2540e-01 0.0000e+00 1.5810e+04 0.0000e+00
1.5000e+03 2.6953e-11 9.0205e-01 2.0021e+03 6.6355e+03 5.7000e+03 7.2124e+16 1.1379e+16 1.1379e+16 3.2432e-01 0.0000e+00 1.5855e+04 0.0000e+00
1.5100e+03 2.6849e-11 9.0158e-01 2.0013e+03 6.6329e+03 5.7000e+03 7.2664e+16 1.1451e+16 1.1451e+16 3.2324e-01 0.0000e+00 1.5901e+04 0.0000e+00
1.5200e+03 2.6746e-11 9.0113e-01 2.0005e+03 6.6304e+03 5.7000e+03 7.3209e+16 1.1523e+16 1.1523e+16 3.2216e-01 0.0000e+00 1.5947e+04 0.0000e+00
1.5300e+03 2.6644e-11 9.0068e-01 1.9998e+03 6.6278e+03 5.7000e+03 7.3759e+16 1.1596e+16 1.1596e+16 3.2109e-01 0.0000e+00 1.5993e+04 0.0000e+00
1.5400e+03 2.6541e-11 9.0023e-01 1.9990e+03 6.6253e+03 5.7000e+03 7.4314e+16 1.1669e+16 1.1669e+16 3.2001e-01 0.0000e+00 1.6040e+04 0.0000e+00
1.5500e+03 2.6439e-11 8.9979e-01 1.9982e+03 6.6227e+03 5.7000e+03 7.4875e+16 1.1743e+16 1.1743e+16 3.1894e-01 0.0000e+00 1.6087e+04 0.0000e+00
1.5600e+03 2.6338e-11 8.9936e-01 1.9974e+03 6.6201e+03 5.7000e+03 7.5442e+16 1.1818e+16 1.1818e+16 3.1787e-01 0.0000e+00 1.6134e+04 0.0000e+00
1.5700e+03 2.6237e-11 8.9893e-01 1.9967e+03 6.6176e+03 5.7000e+03 7.6013e+16 1.1893e+16 1.1893e+16 3.1680e-01 0.0000e+00 1.6181e+04 0.0000e+00
1.5800e+03 2.6136e-11 8.9850e-01 1.9959e+03 6.6150e+03 5.7000e+03 7.6590e+16 1.1969e+16 1.1969e+16 3.1573e-01 0.0000e+00 1.6228e+04 0.0000e+00
1.5900e+03 2.6036e-11 8.9808e-01 1.9951e+03 6.6124e+03 5.7000e+03 7.7173e+16 1.2046e+16 1.2046e+16 3.1466e-01 0.0000e+00 1.6276e+04 0.0000e+00
1.6000e+03 2.5936e-11 8.9767e-01 1.9943e+03 6.6099e+03 5.7000e+03 7.7761e+16 1.2123e+16 1.2123e+16 3.1360e-01 0.0000e+00 1.6323e+04 0.0000e+00
1.6100e+03 2.5836e-11 8.9726e-01 1.9936e+03 6.6073e+03 5.7000e+03 7.8355e+16 1.2201e+16 1.2201e+16 3.1254e-01 0.0000e+00 1.6371e+04 0.0000e+00
1.6200e+03 2.5737e-11 8.9685e-01 1.9928e+03 6.6047e+03 5.7000e+03 7.8954e+16 1.2279e+16 1.2279e+16 3.1148e-01 0.0000e+00 1.6419e+04 0.0000e+00
1.6300e+03 2.5638e-11 8.9645e-01 1.9920e+03 6.6021e+03 5.7000e+03 7.9558e+16 1.2358e+16 1.2358e+16 3.1042e-01 0.0000e+00 1.6468e+04 0.0000e+00
1.6400e+03 2.5540e-11 8.9605e-01 1.9912e+03 6.5995e+03 5.7000e+03 8.0168e+16 1.2437e+16 1.2437e+16 3.0937e-01 0.0000e+00 1.6516e+04 0.0000e+00
1.6500e+03 2.5441e-11 8.9565e-01 1.9904e+03 6.5970e+03 5.7000e+03 8.0784e+16 1.2518e+16 1.2518e+16 3.0832e-01 0.0000e+00 1.6565e+04 0.0000e+00
1.6600e+03 2.5344e-11 8.9526e-01 1.9897e+03 6.5944e+03 5.7000e+03 8.1405e+16 1.2598e+16 1.2598e+16 3.0727e-01 0.0000e+00 1.6614e+04 0.0000e+00
1.6700e+03 2.5246e-11 8.9487e-01 1.9889e+03 6.5918e+03 5.7000e+03 8.2032e+16 1.2680e+16 1.2680e+16 3.0622e-01 0.0000e+00 1.6663e+04 0.0000e+00
1.6800e+03 2.5150e-11 8.9449e-01 1.9881e+03 6.5892e+03 5.7000e+03 8.2665e+16 1.2762e+16 1.2762e+16 3.0518e-01 0.0000e+00 1.6713e+04 0.0000e+00
1.6900e+03 2.5053e-11 8.9410e-01 1.9873e+03 6.5866e+03 5.7000e+03 8.3303e+16 1.2844e+16 1.2844e+16 3.0414e-01 0.0000e+00 1.6762e+04 0.0000e+00
1.7000e+03 2.4957e-11 8.9372e-01 1.9866e+03 6.5840e+03 5.7000e+03 8.3947e+16 1.2928e+16 1.2928e+16 3.0310e-01 0.0000e+00 1.6812e+04 0.0000e+00
1.7100e+03 2.4861e-11 8.9335e-01 1.9858e+03 6.5815e+03 5.7000e+03 8.4597e+16 1.3012e+16 1.3012e+16 3.0206e-01 0.0000e+00 1.6862e+04 0.0000e+00
1.7200e+03 2.4765e-11 8.9297e-01 1.9850e+03 6.5789e+03 5.7000e+03 8.5253e+16 1.3096e+16 1.3096e+16 3.0103e-01 0.0000e+00 1.6912e+04 0.0000e+00
1.7300e+03 2.4670e-11 8.9260e-01 1.9842e+03 6.5763e+03 5.7000e+03 8.5914e+16 1.3181e+16 1.3181e+16 3.0000e-01 0.0000e+00 1.6962e+04 0.0000e+00
1.7400e+03 2.4576e-11 8.9223e-01 1.9834e+03 6.5737e+03 5.7000e+03 8.6581e+16 1.3267e+16 1.3267e+16 2.9897e-01 0.0000e+00 1.7013e+04 0.0000e+00
1.7500e+03 2.4481e-11 8.9186e-01 1.9827e+03 6.5711e+03 5.7000e+03 8.7255e+16 1.3353e+16 1.3353e+16 2.9794e-01 0.0000e+00 1.7063e+04 0.0000e+00
1.7600e+03 2.4387e-11 8.9149e-01 1.9819e+03 6.5685e+03 5.7000e+03 8.7934e+16 1.3440e+16 1.3440e+16 2.9692e-01 0.0000e+00 1.7114e+04 0.0000e+00
1.7700e+03 2.4294e-11 8.9113e-01 1.9811e+03 6.5659e+03 5.7000e+03 8.8619e+16 1.3528e+16 1.3528e+16 2.9590e-01 0.0000e+00 1.7165e+04 0.0000e+00
1.7800e+03 2.4200e-11 8.9077e-01 1.9803e+03 6.5634e+03 5.7000e+03 8.9310e+16 1.3616e+16 1.3616e+16 2.9489e-01 0.0000e+00 1.7217e+04 0.0000e+00
1.7900e+03 2.4107e-11 8.9041e-01 1.9795e+03 6.5608e+03 5.7000e+03 9.0007e+16 1.3705e+16 1.3705e+16 2.9387e-01 0.0000e+00 1.7268e+04 0.0000e+00
1.8000e+03 2.4015e-11 8.9005e-01 1.9788e+03 6.5582e+03 5.7000e+03 9.0710e+16 1.3795e+16 1.3795e+16 2.9286e-01 0.0000e+00 1.7320e+04 0.0000e+00
1.8100e+03 2.3923e-11 8.8969e-01 1.9780e+03 6.5556e+03 5.7000e+03 9.1419e+16 1.3885e+16 1.3885e+16 2.9185e-01 0.0000e+00 1.7371e+04 0.0000e+00
1.8200e+03 2.3831e-11 8.8934e-01 1.9772e+03 6.5530e+03 5.7000e+03 9.2135e+16 1.3975e+16 1.3975e+16 2.9085e-01 0.0000e+00 1.7423e+04 0.0000e+00
1.8300e+03 2.3739e-11 8.8899e-01 1.9764e+03 6.5504e+03 5.7000e+03 9.2856e+16 1.4067e+16 1.4067e+16 2.8985e-01 0.0000e+00 1.7476e+04 0.0000e+00
1.8400e+03 2.3648e-11 8.8863e-01 1.9756e+03 6.5479e+03 5.7000e+03 9.3584e+16 1.4159e+16 1.4159e+16 2.8885e-01 0.0000e+00 1.7528e+04 0.0000e+00
1.8500e+03 2.3557e-11 8.8828e-01 1.9749e+03 6.5453e+03 5.7000e+03 9.4318e+16 1.4252e+16 1.4252e+16 2.8785e-01 0.0000e+00 1.7580e+04 0.0000e+00
1.8600e+03 2.3467e-11 8.8793e-01 1.9741e+03 6.5427e+03 5.7000e+03 9.5058e+16 1.4345e+16 1.4345e+16 2.8686e-01 0.0000e+00 1.7633e+04 0.0000e+00
1.8700e+03 2.3377e-11 8.8758e-01 1.9733e+03 6.5401e+03 5.7000e+03 9.5805e+16 1.4439e+16 1.4439e+16 2.8587e-01 0.0000e+00 1.7686e+04 0.0000e+00
1.8800e+03 2.3287e-11 8.8724e-01 1.9725e+03 6.5375e+03 5.7000e+03 9.6558e+16 1.4534e+16 1.4534e+16 2.8488e-01 0.0000e+00 1.7739e+04 0.0000e+00
1.8900e+03 2.3197e-11 8.8689e-01 1.9717e+03 6.5350e+03 5.7000e+03 9.7318e+16 1.4629e+16 1.4629e+16 2.8390e-01 0.0000e+00 1.7792e+04 0.0000e+00
1.9000e+03 2.3108e-11 8.8655e-01 1.9710e+03 6.5324e+03 5.7000e+03 9.8084e+16 1.4725e+16 1.4725e+16 2.8292e-01 0.0000e+00 1.7846e+04 0.0000e+00
1.9100e+03 2.3020e-11 8.8620e-01 1.9702e+03 6.5298e+03 5.7000e+03 9.8856e+16 1.4822e+16 1.4822e+16 2.8194e-01 0.0000e+00 1.7899e+04 0.0000e+00
1.9200e+03 2.2931e-11 8.8586e-01 1.9694e+03 6.5272e+03 5.7000e+03 9.9635e+16 1.4919e+16 1.4919e+16 2.8097e-01 0.0000e+00 1.7953e+04 0.0000e+00
1.9300e+03 2.2843e-11 8.8551e-01 1.9686e+03 6.5247e+03 5.7000e+03 1.0042e+17 1.5017e+16 1.5017e+16 2.8000e-01 0.0000e+00 1.8007e+04 0.0000e+00
1.9400e+03 2.2756e-11 8.8517e-01 1.9679e+03 6.5221e+03 5.7000e+03 1.0121e+17 1.5116e+16 1.5116e+16 2.7903e-01 0.0000e+00 1.8061e+04 0.0000e+00
1.9500e+03 2.2668e-11 8.8483e-01 1.9671e+03 6.5195e+03 5.7000e+03 1.0201e+17 1.5216e+16 1.5216e+16 2.7807e-01 0.0000e+00 1.8115e+04 0.0000e+00
1.9600e+03 2.2581e-11 8.8449e-01 1.9663e+03 6.5170e+03 5.7000e+03 1.0282e+17 1.5316e+16 1.5316e+16 2.7711e-01 0.0000e+00 1.8170e+04 0.0000e+00
1.9700e+03 2.2494e-11 8.8415e-01 1.9655e+03 6.5144e+03 5.7000e+03 1.0363e+17 1.5416e+16 1.5416e+16 2.7615e-01 0.0000e+00 1.8224e+04 0.0000e+00
1.9800e+03 2.2408e-11 8.8381e-01 1.9648e+03 6.5118e+03 5.7000e+03 1.0445e+17 1.5518e+16 1.5518e+16 2.7519e-01 0.0000e+00 1.8279e+04 0.0000e+00
1.9900e+03 2.2322e-11 8.8347e-01 1.9640e+03 6.5092e+03 5.7000e+03 1.0528e+17 1.5620e+16 1.5620e+16 2.7424e-01 0.0000e+00 1.8334e+04 0.0000e+00
2.0000e+03 2.2236e-11 8.8313e-01 1.9632e+03 6.5067e+03 5.7000e+03 1.0611e+17 1.5723e+16 1.5723e+16 2.7329e-01 0.0000e+00 1.8389e+04 0.0000e+00
2.0100e+03 2.2151e-11 8.8280e-01 1.9624e+03 6.5041e+03 5.7000e+03 1.0695e+17 1.5827e+16 1.5827e+16 2.7235e-01 0.0000e+00 1.8444e+04 0.0000e+00
2.0200e+03 2.2066e-11 8.8246e-01 1.9617e+03 6.5016e+03 5.7000e+03 1.0780e+17 1.5931e+16 1.5931e+16 2.7141e-01 0.0000e+00 1.8500e+04 0.0000e+00
2.0300e+03 2.1981e-11 8.8212e-01 1.9609e+03 6.4990e+03 5.7000e+03 1.0865e+17 1.6036e+16 1.6036e+16 2.7047e-01 0.0000e+00 1.8555e+04 0.0000e+00
2.0400e+03 2.1897e-11 8.8178e-01 1.9601e+03 6.4964e+03 5.7000e+03 1.0951e+17 1.6141e+16 1.6141e+16 2.6953e-01 0.0000e+00 1.8611e+04 0.0000e+00
2.0500e+03 2.1813e-11 8.8145e-01 1.9593e+03 6.4939e+03 5.7000e+03 1.1038e+17 1.6248e+16 1.6248e+16 2.6860e-01 0.0000e+00 1.8667e+04 0.0000e+00
2.0600e+03 2.1729e-11 8.8111e-01 1.9586e+03 6.4913e+03 5.7000e+03 1.1126e+17 1.6355e+16 1.6355e+16 2.6767e-01 0.0000e+00 1.8723e+04 0.0000e+00
2.0700e+03 2.1645e-11 8.8078e-01 1.9578e+03 6.4888e+03 5.7000e+03 1.1214e+17 1.6463e+16 1.6463e+16 2.6675e-01 0.0000e+00 1.8780e+04 0.0000e+00
2.0800e+03 2.1562e-11 8.8044e-01 1.9570e+03 6.4862e+03 5.7000e+03 1.1303e+17 1.6571e+16 1.6571e+16 2.6582e-01 0.0000e+00 1.8836e+04 0.0000e+00
2.0900e+03 2.1479e-11 8.8010e-01 1.9563e+03 6.4837e+03 5.7000e+03 1.1393e+17 1.6681e+16 1.6681e+16 2.6490e-01 0.0000e+00 1.8893e+04 0.0000e+00
2.1000e+03 2.1397e-11 8.7977e-01 1.9555e+03 6.4811e+03 5.7000e+03 1.1484e+17 1.6791e+16 1.6791e+16 2.6399e-01 0.0000e+00 1.8950e+04 0.0000e+00
2.1100e+03 2.1315e-11 8.7943e-01 1.9547e+03 6.4786e+03 5.7000e+03 1.1575e+17 1.6901e+16 1.6901e+16 2.6307e-01 0.0000e+00 1.9007e+04 0.0000e+00
2.1200e+03 2.1233e-11 8.7910e-01 1.9540e+03 6.4760e+03 5.7000e+03 1.1667e+17 1.7013e+16 1.7013e+16 2.6216e-01 0.0000e+00 1.9064e+04 0.0000e+00
2.1300e+03 2.1151e-11 8.7876e-01 1.9532e+03 6.4735e+03 5.7000e+03 1.1760e+17 1.7125e+16 1.7125e+16 2.6125e-01 0.0000e+00 1.9121e+04 0.0000e+00
2.1400e+03 2.1070e-11 8.7843e-01 1.9524e+03 6.4709e+03 5.7000e+03 1.1854e+17 1.7238e+16 1.7238e+16 2.6035e-01 0.0000e+00 1.9179e+04 0.0000e+00
2.1500e+03 2.0989e-11 8.7809e-01 1.9517e+03 6.4684e+03 5.7000e+03 1.1948e+17 1.7352e+16 1.7352e+16 2.5945e-01 0.0000e+00 1.9237e+04 0.0000e+00
2.1600e+03 2.0909e-11 8.7776e-01 1.9509e+03 6.4659e+03 5.7000e+03 1.2044e+17 1.7467e+16 1.7467e+16 2.5855e-01 0.0000e+00 1.9295e+04 0.0000e+00
2.1700e+03 2.0828e-11 8.7742e-01 1.9501e+03 6.4633e+03 5.7000e+03 1.2140e+17 1.7582e+16 1.7582e+16 2.5766e-01 0.0000e+00 1.9353e+04 0.0000e+00
2.1800e+03 2.0748e-11 8.7709e-01 1.9494e+03 6.4608e+03 5.7000e+03 1.2236e+17 1.7698e+16 1.7698e+16 2.5677e-01 0.0000e+00 1.9411e+04 0.0000e+00
2.1900e+03 2.0669e-11 8.7675e-01 1.9486e+03 6.4583e+03 5.7000e+03 1.2334e+17 1.7815e+16 1.7815e+16 2.5588e-01 0.0000e+00 1.9469e+04 0.0000e+00
2.2000e+03 2.0589e-11 8.7642e-01 1.9478e+03 6.4557e+03 5.7000e+03 1.2432e+17 1.7932e+16 1.7932e+16 2.5499e-01 0.0000e+00 1.9528e+04 0.0000e+00
2.2100e+03 2.0510e-11 8.7608e-01 1.9471e+03 6.4532e+03 5.7000e+03 1.2532e+17 1.8051e+16 1.8051e+16 2.5411e-01 0.0000e+00 1.9587e+04 0.0000e+00
2.2200e+03 2.0432e-11 8.7575e-01 1.9463e+03 6.4507e+03 5.7000e+03 1.2632e+17 1.8170e+16 1.8170e+16 2.5323e-01 0.0000e+00 1.9646e+04 0.0000e+00
2.2300e+03 2.0353e-11 8.7541e-01 1.9456e+03 6.4482e+03 5.7000e+03 1.2733e+17 1.8290e+16 1.8290e+16 2.5236e-01 0.0000e+00 1.9705e+04 0.0000e+00
2.2400e+03 2.0275e-11 8.7507e-01 1.9448e+03 6.4456e+03 5.7000e+03 1.2834e+17 1.8411e+16 1.8411e+16 2.5149e-01 0.0000e+00 1.9764e+04 0.0000e+00
2.2500e+03 2.0197e-11 8.7474e-01 1.9440e+03 6.4431e+03 5.7000e+03 1.2937e+17 1.8532e+16 1.8532e+16 2.5062e-01 0.0000e+00 1.9824e+04 0.0000e+00
2.2600e+03 2.0120e-11 8.7440e-01 1.9433e+03 6.4406e+03 5.7000e+03 1.3040e+17 1.8654e+16 1.8654e+16 2.4975e-01 0.0000e+00 1.9883e+04 0.0000e+00
2.2700e+03 2.0042e-11 8.7406e-01 1.9425e+03 6.4381e+03 5.7000e+03 1.3145e+17 1.8778e+16 1.8778e+16 2.4889e-01 0.0000e+00 1.9943e+04 0.0000e+00
2.2800e+03 1.9965e-11 8.7373e-01 1.9417e+03 6.4356e+03 5.7000e+03 1.3250e+17 1.8902e+16 1.8902e+16 2.4803e-01 0.0000e+00 2.0003e+04 0.0000e+00
2.2900e+03 1.9889e-11 8.7339e-01 1.9410e+03 6.4330e+03 5.7000e+03 1.3356e+17 1.9026e+16 1.9026e+16 2.4717e-01 0.0000e+00 2.0063e+04 0.0000e+00
2.3000e+03 1.9812e-11 8.7305e-01 1.9402e+03 6.4305e+03 5.7000e+03 1.3463e+17 1.9152e+16 1.9152e+16 2.4632e-01 0.0000e+00 2.0123e+04 0.0000e+00
2.3100e+03 1.9736e-11 8.7271e-01 1.9395e+03 6.4280e+03 5.7000e+03 1.3571e+17 1.9278e+16 1.9278e+16 2.4546e-01 0.0000e+00 2.0184e+04 0.0000e+00
2.3200e+03 1.9660e-11 8.7238e-01 1.9387e+03 6.4255e+03 5.7000e+03 1.3679e+17 1.9406e+16 1.9406e+16 2.4462e-01 0.0000e+00 2.0245e+04 0.0000e+00
2.3300e+03 1.9585e-11 8.7204e-01 1.9380e+03 6.4230e+03 5.7000e+03 1.3789e+17 1.9534e+16 1.9534e+16 2.4377e-01 0.0000e+00 2.0305e+04 0.0000e+00
2.3400e+03 1.9510e-11 8.7170e-01 1.9372e+03 6.4205e+03 5.7000e+03 1.3899e+17 1.9663e+16 1.9663e+16 2.4293e-01 0.0000e+00 2.0366e+04 0.0000e+00
2.3500e+03 1.9435e-11 8.7136e-01 1.9365e+03 6.4180e+03 5.7000e+03 1.4011e+17 1.9793e+16 1.9793e+16 2.4209e-01 0.0000e+00 2.0428e+04 0.0000e+00
2.3600e+03 1.9360e-11 8.7102e-01 1.9357e+03 6.4155e+03 5.7000e+03 1.4123e+17 1.9923e+16 1.9923e+16 2.4126e-01 0.0000e+00 2.0489e+04 0.0000e+00
2.3700e+03 1.9286e-11 8.7068e-01 1.9349e+03 6.4130e+03 5.7000e+03 1.4236e+17 2.0055e+16 2.0055e+16 2.4042e-01 0.0000e+00 2.0551e+04 0.0000e+00
2.3800e+03 1.9212e-11 8.7034e-01 1.9342e+03 6.4105e+03 5.7000e+03 1.4350e+17 2.0187e+16 2.0187e+16 2.3959e-01 0.0000e+00 2.0612e+04 0.0000e+00
2.3900e+03 1.9138e-11 8.7000e-01 1.9334e+03 6.4080e+03 5.7000e+03 1.4466e+17 2.0320e+16 2.0320e+16 2.3877e-01 0.0000e+00 2.0674e+04 0.0000e+00
2.4000e+03 1.9064e-11 8.6966e-01 1.9327e+03 6.4055e+03 5.7000e+03 1.4582e+17 2.0454e+16 2.0454e+16 2.3794e-01 0.0000e+00 2.0736e+04 0.0000e+00
2.4100e+03 1.8991e-11 8.6932e-01 1.9319e+03 6.4030e+03 5.7000e+03 1.4699e+17 2.0589e+16 2.0589e+16 2.3712e-01 0.0000e+00 2.0799e+04 0.0000e+00
2.4200e+03 1.8918e-11 8.6898e-01 1.9312e+03 6.4006e+03 5.7000e+03 1.4817e+17 2.0725e+16 2.0725e+16 2.3630e-01 0.0000e+00 2.0861e+04 0.0000e+00
2.4300e+03 1.8846e-11 8.6864e-01 1.9304e+03 6.3981e+03 5.7000e+03 1.4936e+17 2.0862e+16 2.0862e+16 2.3549e-01 0.0000e+00 2.0924e+04 0.0000e+00
2.4400e+03 1.8773e-11 8.6829e-01 1.9297e+03 6.3956e+03 5.7000e+03 1.5056e+17 2.1000e+16 2.1000e+16 2.3468e-01 0.0000e+00 2.0987e+04 0.0000e+00
2.4500e+03 1.8701e-11 8.6795e-01 1.9289e+03 6.3931e+03 5.7000e+03 1.5177e+17 2.1138e+16 2.1138e+16 2.3387e-01 0.0000e+00 2.1050e+04 0.0000e+00
2.4600e+03 1.8629e-11 8.6761e-01 1.9282e+03 6.3906e+03 5.7000e+03 1.5299e+17 2.1278e+16 2.1278e+16 2.3306e-01 0.0000e+00 2.1113e+04 0.0000e+00
2.4700e+03 1.8558e-11 8.6726e-01 1.9274e+03 6.3882e+03 5.7000e+03 1.5422e+17 2.1418e+16 2.1418e+16 2.3226e-01 0.0000e+00 2.1176e+04 0.0000e+00
2.4800e+03 1.8487e-11 8.6692e-01 1.9267e+03 6.3857e+03 5.7000e+03 1.5546e+17 2.1559e+16 2.1559e+16 2.3146e-01 0.0000e+00 2.1240e+04 0.0000e+00
2.4900e+03 1.8416e-11 8.6657e-01 1.9260e+03 6.3832e+03 5.7000e+03 1.5671e+17 2.1701e+16 2.1701e+16 2.3066e-01 0.0000e+00 2.1303e+04 0.0000e+00
2.5000e+03 1.8345e-11 8.6623e-01 1.9252e+03 6.3807e+03 5.7000e+03 1.5797e+17 2.1845e+16 2.1845e+16 2.2987e-01 0.0000e+00 2.1367e+04 0.0000e+00
2.5100e+03 1.8274e-11 8.6588e-01 1.9245e+03 6.3783e+03 5.7000e+03 1.5924e+17 2.1989e+16 2.1989e+16 2.2908e-01 0.0000e+00 2.1431e+04 0.0000e+00
2.5200e+03 1.8204e-11 8.6554e-01 1.9237e+03 6.3758e+03 5.7000e+03 1.6052e+17 2.2134e+16 2.2134e+16 2.2829e-01 0.0000e+00 2.1495e+04 0.0000e+00
2.5300e+03 1.8134e-11 8.6519e-01 1.9230e+03 6.3733e+03 5.7000e+03 1.6181e+17 2.2279e+16 2.2279e+16 2.2750e-01 0.0000e+00 2.1560e+04 0.0000e+00
2.5400e+03 1.8065e-11 8.6484e-01 1.9222e+03 6.3709e+03 5.7000e+03 1.6311e+17 2.2426e+16 2.2426e+16 2.2672e-01 0.0000e+00 2.1624e+04 0.0000e+00
2.5500e+03 1.7995e-11 8.6450e-01 1.9215e+03 6.3684e+03 5.7000e+03 1.6443e+17 2.2574e+16 2.2574e+16 2.2594e-01 0.0000e+00 2.1689e+04 0.0000e+00
2.5600e+03 1.7926e-11 8.6415e-01 1.9208e+03 6.3660e+03 5.7000e+03 1.6575e+17 2.2723e+16 2.2723e+16 2.2516e-01 0.0000e+00 2.1754e+04 0.0000e+00
2.5700e+03 1.7857e-11 8.6380e-01 1.9200e+03 6.3635e+03 5.7000e+03 1.6709e+17 2.2873e+16 2.2873e+16 2.2439e-01 0.0000e+00 2.1819e+04 0.0000e+00
2.5800e+03 1.7789e-11 8.6345e-01 1.9193e+03 6.3611e+03 5.7000e+03 1.6843e+17 2.3023e+16 2.3023e+16 2.2362e-01 0.0000e+00 2.1885e+04 0.0000e+00
2.5900e+03 1.7721e-11 8.6310e-01 1.9185e+03 6.3586e+03 5.7000e+03 1.6979e+17 2.3175e+16 2.3175e+16 2.2285e-01 0.0000e+00 2.1950e+04 0.0000e+00
2.6000e+03 1.7653e-11 8.6275e-01 1.9178e+03 6.3562e+03 5.7000e+03 1.7116e+17 2.3328e+16 2.3328e+16 2.2208e-01 0.0000e+00 2.2016e+04 0.0000e+00
2.6100e+03 1.7585e-11 8.6240e-01 1.9171e+03 6.3537e+03 5.7000e+03 1.7254e+17 2.3481e+16 2.3481e+16 2.2132e-01 0.0000e+00 2.2082e+04 0.0000e+00
2.6200e+03 1.7517e-11 8.6205e-01 1.9163e+03 6.3513e+03 5.7000e+03 1.7393e+17 2.3636e+16 2.3636e+16 2.2056e-01 0.0000e+00 2.2148e+04 0.0000e+00
2.6300e+03 1.7450e-11 8.6170e-01 1.9156e+03 6.3488e+03 5.7000e+03 1.7533e+17 2.3792e+16 2.3792e+16 2.1980e-01 0.0000e+00 2.2214e+04 0.0000e+00
2.6400e+03 1.7383e-11 8.6134e-01 1.9148e+03 6.3464e+03 5.7000e+03 1.7675e+17 2.3948e+16 2.3948e+16 2.1905e-01 0.0000e+00 2.2280e+04 0.0000e+00
2.6500e+03 1.7316e-11 8.6099e-01 1.9141e+03 6.3440e+03 5.7000e+03 1.7817e+17 2.4106e+16 2.4106e+16 2.1830e-01 0.0000e+00 2.2347e+04 0.0000e+00
2.6600e+03 1.7250e-11 8.6064e-01 1.9134e+03 6.3415e+03 5.7000e+03 1.7961e+17 2.4265e+16 2.4265e+16 2.1755e-01 0.0000e+00 2.2414e+04 0.0000e+00
2.6700e+03 1.7183e-11 8.6028e-01 1.9126e+03 6.3391e+03 5.7000e+03 1.8106e+17 2.4424e+16 2.4424e+16 2.1680e-01 0.0000e+00 2.2481e+04 0.0000e+00
2.6800e+03 1.7117e-11 8.5993e-01 1.9119e+03 6.3367e+03 5.7000e+03 1.8252e+17 2.4585e+16 2.4585e+16 2.1606e-01 0.0000e+00 2.2548e+04 0.0000e+00
2.6900e+03 1.7052e-11 8.5957e-01 1.9112e+03 6.3342e+03 5.7000e+03 1.8400e+17 2.4747e+16 2.4747e+16 2.1532e-01 0.0000e+00 2.2615e+04 0.0000e+00
2.7000e+03 1.6986e-11 8.5922e-01 1.9104e+03 6.3318e+03 5.7000e+03 1.8548e+17 2.4910e+16 2.4910e+16 2.1458e-01 0.0000e+00 2.2683e+04 0.0000e+00
2.7100e+03 1.6921e-11 8.5886e-01 1.9097e+03 6.3294e+03 5.7000e+03 1.8698e+17 2.5074e+16 2.5074e+16 2.1385e-01 0.0000e+00 2.2751e+04 0.0000e+00
2.7200e+03 1.6856e-11 8.5850e-01 1.9090e+03 6.3270e+03 5.7000e+03 1.8849e+17 2.5239e+16 2.5239e+16 2.1311e-01 0.0000e+00 2.2819e+04 0.0000e+00
2.7300e+03 1.6791e-11 8.5815e-01 1.9083e+03 6.3245e+03 5.7000e+03 1.9002e+17 2.5405e+16 2.5405e+16 2.1238e-01 0.0000e+00 2.2887e+04 0.0000e+00
2.7400e+03 1.6727e-11 8.5779e-01 1.9075e+03 6.3221e+03 5.7000e+03 1.9155e+17 2.5572e+16 2.5572e+16 2.1166e-01 0.0000e+00 2.2955e+04 0.0000e+00
2.7500e+03 1.6663e-11 8.5743e-01 1.9068e+03 6.3197e+03 5.7000e+03 1.9310e+17 2.5740e+16 2.5740e+16 2.1093e-01 0.0000e+00 2.3023e+04 0.0000e+00
2.7600e+03 1.6599e-11 8.5707e-01 1.9061e+03 6.3173e+03 5.7000e+03 1.9466e+17 2.5909e+16 2.5909e+16 2.1021e-01 0.0000e+00 2.3092e+04 0.0000e+00
2.7700e+03 1.6535e-11 8.5671e-01 1.9053e+03 6.3149e+03 5.7000e+03 1.9624e+17 2.6079e+16 2.6079e+16 2.0949e-01 0.0000e+00 2.3161e+04 0.0000e+00
2.7800e+03 1.6471e-11 8.5635e-01 1.9046e+03 6.3125e+03 5.7000e+03 1.9782e+17 2.6251e+16 2.6251e+16 2.0877e-01 0.0000e+00 2.3230e+04 0.0000e+00
2.7900e+03 1.6408e-11 8.5599e-01 1.9039e+03 6.3101e+03 5.7000e+03 1.9942e+17 2.6423e+16 2.6423e+16 2.0806e-01 0.0000e+00 2.3299e+04 0.0000e+00
2.8000e+03 1.6345e-11 8.5562e-01 1.9032e+03 6.3077e+03 5.7000e+03 2.0104e+17 2.6597e+16 2.6597e+16 2.0735e-01 0.0000e+00 2.3369e+04 0.0000e+00
2.8100e+03 1.6282e-11 8.5526e-01 1.9024e+03 6.3053e+03 5.7000e+03 2.0267e+17 2.6771e+16 2.6771e+16 2.0664e-01 0.0000e+00 2.3438e+04 0.0000e+00
2.8200e+03 1.6220e-11 8.5490e-01 1.9017e+03 6.3029e+03 5.7000e+03 2.0431e+17 2.6947e+16 2.6947e+16 2.0593e-01 0.0000e+00 2.3508e+04 0.0000e+00
2.8300e+03 1.6158e-11 8.5453e-01 1.9010e+03 6.3005e+03 5.7000e+03 2.0596e+17 2.7124e+16 2.7124e+16 2.0523e-01 0.0000e+00 2.3578e+04 0.0000e+00
2.8400e+03 1.6096e-11 8.5417e-01 1.9003e+03 6.2981e+03 5.7000e+03 2.0763e+17 2.7302e+16 2.7302e+16 2.0453e-01 0.0000e+00 2.3648e+04 0.0000e+00
2.8500e+03 1.6034e-11 8.5381e-01 1.8995e+03 6.2957e+03 5.7000e+03 2.0931e+17 2.7482e+16 2.7482e+16 2.0383e-01 0.0000e+00 2.3719e+04 0.0000e+00
2.8600e+03 1.5972e-11 8.5344e-01 1.8988e+03 6.2933e+03 5.7000e+03 2.1101e+17 2.7662e+16 2.7662e+16 2.0314e-01 0.0000e+00 2.3789e+04 0.0000e+00
2.8700e+03 1.5911e-11 8.5307e-01 1.8981e+03 6.2909e+03 5.7000e+03 2.1271e+17 2.7844e+16 2.7844e+16 2.0244e-01 0.0000e+00 2.3860e+04 0.0000e+00
2.8800e+03 1.5850e-11 8.5271e-01 1.8974e+03 6.2885e+03 5.7000e+03 2.1444e+17 2.8026e+16 2.8026e+16 2.0175e-01 0.0000e+00 2.3931e+04 0.0000e+00
2.8900e+03 1.5789e-11 8.5234e-01 1.8967e+03 6.2861e+03 5.7000e+03 2.1618e+17 2.8210e+16 2.8210e+16 2.0106e-01 0.0000e+00 2.4002e+04 0.0000e+00
2.9000e+03 1.5728e-11 8.5197e-01 1.8959e+03 6.2837e+03 5.7000e+03 2.1793e+17 2.8395e+16 2.8395e+16 2.0038e-01 0.0000e+00 2.4073e+04 0.0000e+00
2.9100e+03 1.5668e-11 8.5160e-01 1.8952e+03 6.2814e+03 5.7000e+03 2.1970e+17 2.8581e+16 2.8581e+16 1.9970e-01 0.0000e+00 2.4145e+04 0.0000e+00
2.9200e+03 1.5608e-11 8.5123e-01 1.8945e+03 6.2790e+03 5.7000e+03 2.2148e+17 2.8769e+16 2.8769e+16 1.9902e-01 0.0000e+00 2.4217e+04 0.0000e+00
2.9300e+03 1.5548e-11 8.5086e-01 1.8938e+03 6.2766e+03 5.7000e+03 2.2327e+17 2.8957e+16 2.8957e+16 1.9834e-01 0.0000e+00 2.4289e+04 0.0000e+00
2.9400e+03 1.5488e-11 8.5049e-01 1.8931e+03 6.2742e+03 5.7000e+03 2.2509e+17 2.9147e+16 2.9147e+16 1.9766e-01 0.0000e+00 2.4361e+04 0.0000e+00
2.9500e+03 1.5429e-11 8.5012e-01 1.8924e+03 6.2719e+03 5.7000e+03 2.2691e+17 2.9338e+16 2.9338e+16 1.9699e-01 0.0000e+00 2.4433e+04 0.0000e+00
2.9600e+03 1.5369e-11 8.4975e-01 1.8916e+03 6.2695e+03 5.7000e+03 2.2875e+17 2.9531e+16 2.9531e+16 1.9632e-01 0.0000e+00 2.4506e+04 0.0000e+00
2.9700e+03 1.5310e-11 8.4937e-01 1.8909e+03 6.2671e+03 5.7000e+03 2.3061e+17 2.9724e+16 2.9724e+16 1.9565e-01 0.0000e+00 2.4578e+04 0.0000e+00
2.9800e+03 1.5252e-11 8.4900e-01 1.8902e+03 6.2648e+03 5.7000e+03 2.3248e+17 2.9919e+16 2.9919e+16 1.9499e-01 0.0000e+00 2.4651e+04 0.0000e+00
2.9900e+03 1.5193e-11 8.4863e-01 1.8895e+03 6.2624e+03 5.7000e+03 2.3437e+17 3.0115e+16 3.0115e+16 1.9432e-01 0.0000e+00 2.4724e+04 0.0000e+00
3.0000e+03 1.5135e-11 8.4825e-01 1.8888e+03 6.2600e+03 5.7000e+03 2.3627e+17 3.0312e+16 3.0312e+16 1.9366e-01 0.0000e+00 2.4798e+04 0.0000e+00
3.0100e+03 1.5076e-11 8.4787e-01 1.8881e+03 6.2577e+03 5.7000e+03 2.3819e+17 3.0510e+16 3.0510e+16 1.9300e-01 0.0000e+00 2.4871e+04 0.0000e+00
3.0200e+03 1.5019e-11 8.4750e-01 1.8874e+03 6.2553e+03 5.7000e+03 2.4013e+17 3.0710e+16 3.0710e+16 1.9235e-01 0.0000e+00 2.4945e+04 0.0000e+00
3.0300e+03 1.4961e-11 8.4712e-01 1.8867e+03 6.2530e+03 5.7000e+03 2.4208e+17 3.0911e+16 3.0911e+16 1.9169e-01 0.0000e+00 2.5019e+04 0.0000e+00
3.0400e+03 1.4903e-11 8.4674e-01 1.8859e+03 6.2506e+03 5.7000e+03 2.4405e+17 3.1113e+16 3.1113e+16 1.9104e-01 0.0000e+00 2.5093e+04 0.0000e+00
3.0500e+03 1.4846e-11 8.4637e-01 1.8852e+03 6.2483e+03 5.7000e+03 2.4603e+17 3.1317e+16 3.1317e+16 1.9039e-01 0.0000e+00 2.5167e+04 0.0000e+00
3.0600e+03 1.4789e-11 8.4599e-01 1.8845e+03 6.2459e+03 5.7000e+03 2.4803e+17 3.1522e+16 3.1522e+16 1.8975e-01 0.0000e+00 2.5242e+04 0.0000e+00
3.0700e+03 1.4732e-11 8.4561e-01 1.8838e+03 6.2436e+03 5.7000e+03 2.5005e+17 3.1728e+16 3.1728e+16 1.8911e-01 0.0000e+00 2.5316e+04 0.0000e+00
3.0800e+03 1.4676e-11 8.4523e-01 1.8831e+03 6.2412e+03 5.7000e+03 2.5208e+17 3.1935e+16 3.1935e+16 1.8846e-01 0.0000e+00 2.5391e+04 0.0000e+00
3.0900e+03 1.4620e-11 8.4485e-01 1.8824e+03 6.2389e+03 5.7000e+03 2.5413e+17 3.2144e+16 3.2144e+16 1.8782e-01 0.0000e+00 2.5466e+04 0.0000e+00
3.1000e+03 1.4563e-11 8.4446e-01 1.8817e+03 6.2365e+03 5.7000e+03 2.5620e+17 3.2354e+16 3.2354e+16 1.8719e-01 0.0000e+00 2.5542e+04 0.0000e+00
3.1100e+03 1.4507e-11 8.4408e-01 1.8810e+03 6.2342e+03 5.7000e+03 2.5828e+17 3.2566e+16 3.2566e+16 1.8655e-01 0.0000e+00 2.5617e+04 0.0000e+00
3.1200e+03 1.4452e-11 8.4370e-01 1.8803e+03 6.2319e+03 5.7000e+03 2.6039e+17 3.2778e+16 3.2778e+16 1.8592e-01 0.0000e+00 2.5693e+04 0.0000e+00
3.1300e+03 1.4396e-11 8.4332e-01 1.8796e+03 6.2295e+03 5.7000e+03 2.6251e+17 3.2993e+16 3.2993e+16 1.8529e-01 0.0000e+00 2.5769e+04 0.0000e+00
3.1400e+03 1.4341e-11 8.4293e-01 1.8789e+03 6.2272e+03 5.7000e+03 2.6464e+17 3.3208e+16 3.3208e+16 1.8466e-01 0.0000e+00 2.5845e+04 0.0000e+00
3.1500e+03 1.4286e-11 8.4255e-01 1.8782e+03 6.2249e+03 5.7000e+03 2.6680e+17 3.3425e+16 3.3425e+16 1.8404e-01 0.0000e+00 2.5921e+04 0.0000e+00
3.1600e+03 1.4231e-11 8.4216e-01 1.8775e+03 6.2226e+03 5.7000e+03 2.6897e+17 3.3643e+16 3.3643e+16 1.8342e-01 0.0000e+00 2.5998e+04 0.0000e+00
3.1700e+03 1.4176e-11 8.4177e-01 1.8768e+03 6.2202e+03 5.7000e+03 2.7116e+17 3.3863e+16 3.3863e+16 1.8280e-01 0.0000e+00 2.6075e+04 0.0000e+00
3.1800e+03 1.4122e-11 8.4139e-01 1.8761e+03 6.2179e+03 5.7000e+03 2.7337e+17 3.4084e+16 3.4084e+16 1.8218e-01 0.0000e+00 2.6152e+04 0.0000e+00
3.1900e+03 1.4068e-11 8.4100e-01 1.8754e+03 6.2156e+03 5.7000e+03 2.7560e+17 3.4306e+16 3.4306e+16 1.8156e-01 0.0000e+00 2.6229e+04 0.0000e+00
3.2000e+03 1.4014e-11 8.4061e-01 1.8747e+03 6.2133e+03 5.7000e+03 2.7784e+17 3.4530e+16 3.4530e+16 1.8095e-01 0.0000e+00 2.6306e+04 0.0000e+00
3.2100e+03 1.3960e-11 8.4022e-01 1.8740e+03 6.2110e+03 5.7000e+03 2.8011e+17 3.4755e+16 3.4755e+16 1.8034e-01 0.0000e+00 2.6384e+04 0.0000e+00
3.2200e+03 1.3906e-11 8.3983e-01 1.8733e+03 6.2087e+03 5.7000e+03 2.8239e+17 3.4982e+16 3.4982e+16 1.7973e-01 0.0000e+00 2.6461e+04 0.0000e+00
3.2300e+03 1.3853e-11 8.3944e-01 1.8726e+03 6.2063e+03 5.7000e+03 2.8469e+17 3.5210e+16 3.5210e+16 1.7912e-01 0.0000e+00 2.6539e+04 0.0000e+00
3.2400e+03 1.3800e-11 8.3905e-01 1.8719e+03 6.2040e+03 5.7000e+03 2.8702e+17 3.5439e+16 3.5439e+16 1.7852e-01 0.0000e+00 2.6618e+04 0.0000e+00
3.2500e+03 1.3747e-11 8.3866e-01 1.8712e+03 6.2017e+03 5.7000e+03 2.8936e+17 3.5670e+16 3.5670e+16 1.7791e-01 0.0000e+00 2.6696e+04 0.0000e+00
3.2600e+03 1.3694e-11 8.3826e-01 1.8705e+03 6.1994e+03 5.7000e+03 2.9172e+17 3.5903e+16 3.5903e+16 1.7731e-01 0.0000e+00 2.6775e+04 0.0000e+00
3.2700e+03 1.3641e-11 8.3787e-01 1.8698e+03 6.1971e+03 5.7000e+03 2.9410e+17 3.6137e+16 3.6137e+16 1.7672e-01 0.0000e+00 2.6853e+04 0.0000e+00
3.2800e+03 1.3589e-11 8.3748e-01 1.8691e+03 6.1948e+03 5.7000e+03 2.9650e+17 3.6372e+16 3.6372e+16 1.7612e-01 0.0000e+00 2.6932e+04 0.0000e+00
3.2900e+03 1.3537e-11 8.3708e-01 1.8684e+03 6.1925e+03 5.7000e+03 2.9892e+17 3.6609e+16 3.6609e+16 1.7553e-01 0.0000e+00 2.7012e+04 0.0000e+00
3.3000e+03 1.3485e-11 8.3669e-01 1.8677e+03 6.1902e+03 5.7000e+03 3.0136e+17 3.6847e+16 3.6847e+16 1.7494e-01 0.0000e+00 2.7091e+04 0.0000e+00
3.3100e+03 1.3433e-11 8.3629e-01 1.8670e+03 6.1879e+03 5.7000e+03 3.0382e+17 3.7087e+16 3.7087e+16 1.7435e-01 0.0000e+00 2.7171e+04 0.0000e+00
3.3200e+03 1.3381e-11 8.3589e-01 1.8663e+03 6.1857e+03 5.7000e+03 3.0630e+17 3.7328e+16 3.7328e+16 1.7376e-01 0.0000e+00 2.7251e+04 0.0000e+00
3.3300e+03 1.3330e-11 8.3549e-01 1.8657e+03 6.1834e+03 5.7000e+03 3.0880e+17 3.7571e+16 3.7571e+16 1.7317e-01 0.0000e+00 2.7331e+04 0.0000e+00
3.3400e+03 1.3279e-11 8.3510e-01 1.8650e+03 6.1811e+03 5.7000e+03 3.1133e+17 3.7816e+16 3.7816e+16 1.7259e-01 0.0000e+00 2.7411e+04 0.0000e+00
3.3500e+03 1.3228e-11 8.3470e-01 1.8643e+03 6.1788e+03 5.7000e+03 3.1387e+17 3.8061e+16 3.8061e+16 1.7201e-01 0.0000e+00 2.7491e+04 0.0000e+00
3.3600e+03 1.3177e-11 8.3430e-01 1.8636e+03 6.1765e+03 5.7000e+03 3.1644e+17 3.8309e+16 3.8309e+16 1.7143e-01 0.0000e+00 2.7572e+04 0.0000e+00
3.3700e+03 1.3126e-11 8.3390e-01 1.8629e+03 6.1742e+03 5.7000e+03 3.1902e+17 3.8558e+16 3.8558e+16 1.7086e-01 0.0000e+00 2.7653e+04 0.0000e+00
3.3800e+03 1.3076e-11 8.3349e-01 1.8622e+03 6.1720e+03 5.7000e+03 3.2163e+17 3.8809e+16 3.8809e+16 1.7028e-01 0.0000e+00 2.7734e+04 0.0000e+00
3.3900e+03 1.3026e-11 8.3309e-01 1.8615e+03 6.1697e+03 5.7000e+03 3.2426e+17 3.9061e+16 3.9061e+16 1.6971e-01 0.0000e+00 2.7815e+04 0.0000e+00
3.4000e+03 1.2976e-11 8.3269e-01 1.8608e+03 6.1674e+03 5.7000e+03 3.2691e+17 3.9314e+16 3.9314e+16 1.6914e-01 0.0000e+00 2.7897e+04 0.0000e+00
3.4100e+03 1.2926e-11 8.3229e-01 1.8602e+03 6.1651e+03 5.7000e+03 3.2959e+17 3.9570e+16 3.9570e+16 1.6857e-01 0.0000e+00 2.7979e+04 0.0000e+00
3.4200e+03 1.2876e-11 8.3188e-01 1.8595e+03 6.1629e+03 5.7000e+03 3.3228e+17 3.9827e+16 3.9827e+16 1.6801e-01 0.0000e+00 2.8061e+04 0.0000e+00
3.4300e+03 1.2827e-11 8.3148e-01 1.8588e+03 6.1606e+03 5.7000e+03 3.3500e+17 4.0085e+16 4.0085e+16 1.6744e-01 0.0000e+00 2.8143e+04 0.0000e+00
3.4400e+03 1.2778e-11 8.3107e-01 1.8581e+03 6.1583e+03 5.7000e+03 3.3774e+17 4.0346e+16 4.0346e+16 1.6688e-01 0.0000e+00 2.8225e+04 0.0000e+00
3.4500e+03 1.2729e-11 8.3067e-01 1.8574e+03 6.1561e+03 5.7000e+03 3.4051e+17 4.0607e+16 4.0607e+16 1.6632e-01 0.0000e+00 2.8308e+04 0.0000e+00
3.4600e+03 1.2680e-11 8.3026e-01 1.8567e+03 6.1538e+03 5.7000e+03 3.4330e+17 4.0871e+16 4.0871e+16 1.6577e-01 0.0000e+00 2.8391e+04 0.0000e+00
3.4700e+03 1.2631e-11 8.2985e-01 1.8561e+03 6.1516e+03 5.7000e+03 3.4611e+17 4.1136e+16 4.1136e+16 1.6521e-01 0.0000e+00 2.8474e+04 0.0000e+00
3.4800e+03 1.2583e-11 8.2944e-01 1.8554e+03 6.1493e+03 5.7000e+03 3.4894e+17 4.1403e+16 4.1403e+16 1.6466e-01 0.0000e+00 2.8557e+04 0.0000e+00
3.4900e+03 1.2534e-11 8.2903e-01 1.8547e+03 6.1470e+03 5.7000e+03 3.5180e+17 4.1671e+16 4.1671e+16 1.6411e-01 0.0000e+00 2.8641e+04 0.0000e+00
3.5000e+03 1.2486e-11 8.2862e-01 1.8540e+03 6.1448e+03 5.7000e+03 3.5468e+17 4.1941e+16 4.1941e+16 1.6356e-01 0.0000e+00 2.8725e+04 0.0000e+00
3.5100e+03 1.2438e-11 8.2821e-01 1.8533e+03 6.1425e+03 5.7000e+03 3.5759e+17 4.2213e+16 4.2213e+16 1.6301e-01 0.0000e+00 2.8808e+04 0.0000e+00
3.5200e+03 1.2390e-11 8.2780e-01 1.8527e+03 6.1403e+03 5.7000e+03 3.6052e+17 4.2487e+16 4.2487e+16 1.6246e-01 0.0000e+00 2.8893e+04 0.0000e+00
3.5300e+03 1.2343e-11 8.2739e-01 1.8520e+03 6.1381e+03 5.7000e+03 3.6348e+17 4.2762e+16 4.2762e+16 1.6192e-01 0.0000e+00 2.8977e+04 0.0000e+00
3.5400e+03 1.2295e-11 8.2698e-01 1.8513e+03 6.1358e+03 5.7000e+03 3.6646e+17 4.3039e+16 4.3039e+16 1.6138e-01 0.0000e+00 2.9062e+04 0.0000e+00
3.5500e+03 1.2248e-11 8.2656e-01 1.8506e+03 6.1336e+03 5.7000e+03 3.6946e+17 4.3317e+16 4.3317e+16 1.6084e-01 0.0000e+00 2.9146e+04 0.0000e+00
3.5600e+03 1.2201e-11 8.2615e-01 1.8500e+03 6.1313e+03 5.7000e+03 3.7249e+17 4.3598e+16 4.3598e+16 1.6030e-01 0.0000e+00 2.9232e+04 0.0000e+00
3.5700e+03 1.2154e-11 8.2573e-01 1.8493e+03 6.1291e+03 5.7000e+03 3.7555e+17 4.3880e+16 4.3880e+16 1.5977e-01 0.0000e+00 2.9317e+04 0.0000e+00
3.5800e+03 1.2108e-11 8.2532e-01 1.8486e+03 6.1269e+03 5.7000e+03 3.7863e+17 4.4164e+16 4.4164e+16 1.5923e-01 0.0000e+00 2.9402e+04 0.0000e+00
3.5900e+03 1.2061e-11 8.2490e-01 1.8479e+03 6.1246e+03 5.7000e+03 3.8174e+17 4.4449e+16 4.4449e+16 1.5870e-01 0.0000e+00 2.9488e+04 0.0000e+00
3.6000e+03 1.2015e-11 8.2448e-01 1.8473e+03 6.1224e+03 5.7000e+03 3.8487e+17 4.4737e+16 4.4737e+16 1.5817e-01 0.0000e+00 2.9574e+04 0.0000e+00
3.6100e+03 1.1969e-11 8.2407e-01 1.8466e+03 6.1202e+03 5.7000e+03 3.8803e+17 4.5026e+16 4.5026e+16 1.5765e-01 0.0000e+00 2.9660e+04 0.0000e+00
3.6200e+03 1.1923e-11 8.2365e-01 1.8459e+03 6.1179e+03 5.7000e+03 3.9121e+17 4.5317e+16 4.5317e+16 1.5712e-01 0.0000e+00 2.9747e+04 0.0000e+00
3.6300e+03 1.1877e-11 8.2323e-01 1.8452e+03 6.1157e+03 5.7000e+03 3.9443e+17 4.5610e+16 4.5610e+16 1.5660e-01 0.0000e+00 2.9833e+04 0.0000e+00
3.6400e+03 1.1831e-11 8.2281e-01 1.8446e+03 6.1135e+03 5.7000e+03 3.9767e+17 4.5905e+16 4.5905e+16 1.5607e-01 0.0000e+00 2.9920e+04 0.0000e+00
3.6500e+03 1.1786e-11 8.2239e-01 1.8439e+03 6.1113e+03 5.7000e+03 4.0093e+17 4.6201e+16 4.6201e+16 1.5555e-01 0.0000e+00 3.0007e+04 0.0000e+00
3.6600e+03 1.1741e-11 8.2197e-01 1.8432e+03 6.1091e+03 5.7000e+03 4.0423e+17 4.6500e+16 4.6500e+16 1.5504e-01 0.0000e+00 3.0094e+04 0.0000e+00
3.6700e+03 1.1696e-11 8.2154e-01 1.8426e+03 6.1069e+03 5.7000e+03 4.0755e+17 4.6800e+16 4.6800e+16 1.5452e-01 0.0000e+00 3.0182e+04 0.0000e+00
3.6800e+03 1.1651e-11 8.2112e-01 1.8419e+03 6.1046e+03 5.7000e+03 4.1090e+17 4.7102e+16 4.7102e+16 1.5401e-01 0.0000e+00 3.0270e+04 0.0000e+00
3.6900e+03 1.1606e-11 8.2070e-01 1.8412e+03 6.1024e+03 5.7000e+03 4.1428e+17 4.7406e+16 4.7406e+16 1.5349e-01 0.0000e+00 3.0358e+04 0.0000e+00
3.7000e+03 1.1561e-11 8.2027e-01 1.8406e+03 6.1002e+03 5.7000e+03 4.1768e+17 4.7712e+16 4.7712e+16 1.5298e-01 0.0000e+00 3.0446e+04 0.0000e+00
3.7100e+03 1.1517e-11 8.1985e-01 1.8399e+03 6.0980e+03 5.7000e+03 4.2112e+17 4.8020e+16 4.8020e+16 1.5248e-01 0.0000e+00 3.0534e+04 0.0000e+00
3.7200e+03 1.1473e-11 8.1942e-01 1.8392e+03 6.0958e+03 5.7000e+03 4.2458e+17 4.8329e+16 4.8329e+16 1.5197e-01 0.0000e+00 3.0623e+04 0.0000e+00
3.7300e+03 1.1429e-11 8.1900e-01 1.8386e+03 6.0936e+03 5.7000e+03 4.2807e+17 4.8641e+16 4.8641e+16 1.5146e-01 0.0000e+00 3.0712e+04 0.0000e+00
3.7400e+03 1.1385e-11 8.1857e-01 1.8379e+03 6.0914e+03 5.7000e+03 4.3160e+17 4.8954e+16 4.8954e+16 1.5096e-01 0.0000e+00 3.0801e+04 0.0000e+00
3.7500e+03 1.1341e-11 8.1814e-01 1.8372e+03 6.0892e+03 5.7000e+03 4.3515e+17 4.9270e+16 4.9270e+16 1.5046e-01 0.0000e+00 3.0890e+04 0.0000e+00
3.7600e+03 1.1298e-11 8.1771e-01 1.8366e+03 6.0870e+03 5.7000e+03 4.3873e+17 4.9587e+16 4.9587e+16 1.4996e-01 0.0000e+00 3.0980e+04 0.0000e+00
3.7700e+03 1.1254e-11 8.1728e-01 1.8359e+03 6.0848e+03 5.7000e+03 4.4234e+17 4.9907e+16 4.9907e+16 1.4946e-01 0.0000e+00 3.1070e+04 0.0000e+00
3.7800e+03 1.1211e-11 8.1685e-01 1.8353e+03 6.0826e+03 5.7000e+03 4.4598e+17 5.0228e+16 5.0228e+16 1.4897e-01 0.0000e+00 3.1160e+04 0.0000e+00
3.7900e+03 1.1168e-11 8.1642e-01 1.8346e+03 6.0804e+03 5.7000e+03 4.4966e+17 5.0551e+16 5.0551e+16 1.4847e-01 0.0000e+00 3.1250e+04 0.0000e+00
3.8000e+03 1.1125e-11 8.1599e-01 1.8339e+03 6.0783e+03 5.7000e+03 4.5336e+17 5.0877e+16 5.0877e+16 1.4798e-01 0.0000e+00 3.1340e+04 0.0000e+00
3.8100e+03 1.1082e-11 8.1556e-01 1.8333e+03 6.0761e+03 5.7000e+03 4.5710e+17 5.1204e+16 5.1204e+16 1.4749e-01 0.0000e+00 3.1431e+04 0.0000e+00
3.8200e+03 1.1040e-11 8.1512e-01 1.8326e+03 6.0739e+03 5.7000e+03 4.6086e+17 5.1533e+16 5.1533e+16 1.4700e-01 0.0000e+00 3.1522e+04 0.0000e+00
3.8300e+03 1.0997e-11 8.1469e-01 1.8320e+03 6.0717e+03 5.7000e+03 4.6466e+17 5.1865e+16 5.1865e+16 1.4652e-01 0.0000e+00 3.1613e+04 0.0000e+00
3.8400e+03 1.0955e-11 8.1426e-01 1.8313e+03 6.0695e+03 5.7000e+03 4.6849e+17 5.2198e+16 5.2198e+16 1.4603e-01 0.0000e+00 3.1705e+04 0.0000e+00
3.8500e+03 1.0913e-11 8.1382e-01 1.8307e+03 6.0673e+03 5.7000e+03 4.7235e+17 5.2534e+16 5.2534e+16 1.4555e-01 0.0000e+00 3.1796e+04 0.0000e+00
3.8600e+03 1.0871e-11 8.1338e-01 1.8300e+03 6.0652e+03 5.7000e+03 4.7625e+17 5.2871e+16 5.2871e+16 1.4507e-01 0.0000e+00 3.1888e+04 0.0000e+00
3.8700e+03 1.0829e-11 8.1295e-01 1.8293e+03 6.0630e+03 5.7000e+03 4.8018e+17 5.3211e+16 5.3211e+16 1.4459e-01 0.0000e+00 3.1980e+04 0.0000e+00
3.8800e+03 1.0788e-11 8.1251e-01 1.8287e+03 6.0608e+03 5.7000e+03 4.8414e+17 5.3553e+16 5.3553e+16 1.4411e-01 0.0000e+00 3.2073e+04 0.0000e+00
3.8900e+03 1.0746e-11 8.1207e-01 1.8280e+03 6.0587e+03 5.7000e+03 4.8813e+17 5.3897e+16 5.3897e+16 1.4364e-01 0.0000e+00 3.2165e+04 0.0000e+00
3.9000e+03 1.0705e-11 8.1163e-01 1.8274e+03 6.0565e+03 5.7000e+03 4.9216e+17 5.4243e+16 5.4243e+16 1.4316e-01 0.0000e+00 3.2258e+04 0.0000e+00
3.9100e+03 1.0664e-11 8.1119e-01 1.8267e+03 6.0543e+03 5.7000e+03 4.9622e+17 5.4591e+16 5.4591e+16 1.4269e-01 0.0000e+00 3.2351e+04 0.0000e+00
3.9200e+03 1.0623e-11 8.1075e-01 1.8261e+03 6.0522e+03 5.7000e+03 5.0032e+17 5.4941e+16 5.4941e+16 1.4222e-01 0.0000e+00 3.2445e+04 0.0000e+00
3.9300e+03 1.0582e-11 8.1031e-01 1.8254e+03 6.0500e+03 5.7000e+03 5.0445e+17 5.5293e+16 5.5293e+16 1.4175e-01 0.0000e+00 3.2538e+04 0.0000e+00
3.9400e+03 1.0542e-11 8.0987e-01 1.8248e+03 6.0479e+03 5.7000e+03 5.0862e+17 5.5648e+16 5.5648e+16 1.4128e-01 0.0000e+00 3.2632e+04 0.0000e+00
3.9500e+03 1.0501e-11 8.0943e-01 1.8241e+03 6.0457e+03 5.7000e+03 5.1282e+17 5.6005e+16 5.6005e+16 1.4082e-01 0.0000e+00 3.2726e+04 0.0000e+00
3.9600e+03 1.0461e-11 8.0898e-01 1.8235e+03 6.0435e+03 5.7000e+03 5.1705e+17 5.6364e+16 5.6364e+16 1.4035e-01 0.0000e+00 3.2820e+04 0.0000e+00
3.9700e+03 1.0421e-11 8.0854e-01 1.8228e+03 6.0414e+03 5.7000e+03 5.2133e+17 5.6725e+16 5.6725e+16 1.3989e-01 0.0000e+00 3.2915e+04 0.0000e+00
3.9800e+03 1.0381e-11 8.0809e-01 1.8222e+03 6.0392e+03 5.7000e+03 5.2564e+17 5.7088e+16 5.7088e+16 1.3943e-01 0.0000e+00 3.3009e+04 0.0000e+00
3.9900e+03 1.0341e-11 8.0765e-01 1.8215e+03 6.0371e+03 5.7000e+03 5.2998e+17 5.7454e+16 5.7454e+16 1.3897e-01 0.0000e+00 3.3104e+04 0.0000e+00
4.0000e+03 1.0301e-11 8.0720e-01 1.8209e+03 6.0350e+03 5.7000e+03 5.3436e+17 5.7822e+16 5.7822e+16 1.3851e-01 0.0000e+00 3.3200e+04 0.0000e+00
4.0100e+03 1.0261e-11 8.0676e-01 1.8202e+03 6.0328e+03 5.7000e+03 5.3878e+17 5.8192e+16 5.8192e+16 1.3806e-01 0.0000e+00 3.3295e+04 0.0000e+00
4.0200e+03 1.0222e-11 8.0631e-01 1.8196e+03 6.0307e+03 5.7000e+03 5.4324e+17 5.8564e+16 5.8564e+16 1.3761e-01 0.0000e+00 3.3391e+04 0.0000e+00
4.0300e+03 1.0183e-11 8.0586e-01 1.8189e+03 6.0285e+03 5.7000e+03 5.4773e+17 5.8939e+16 5.8939e+16 1.3715e-01 0.0000e+00 3.3487e+04 0.0000e+00
4.0400e+03 1.0144e-11 8.0541e-01 1.8183e+03 6.0264e+03 5.7000e+03 5.5226e+17 5.9316e+16 5.9316e+16 1.3670e-01 0.0000e+00 3.3583e+04 0.0000e+00
4.0500e+03 1.0105e-11 8.0496e-01 1.8177e+03 6.0243e+03 5.7000e+03 5.5683e+17 5.9695e+16 5.9695e+16 1.3625e-01 0.0000e+00 3.3679e+04 0.0000e+00
4.0600e+03 1.0066e-11 8.0451e-01 1.8170e+03 6.0221e+03 5.7000e+03 5.6144e+17 6.0077e+16 6.0077e+16 1.3581e-01 0.0000e+00 3.3776e+04 0.0000e+00
4.0700e+03 1.0027e-11 8.0406e-01 1.8164e+03 6.0200e+03 5.7000e+03 5.6609e+17 6.0461e+16 6.0461e+16 1.3536e-01 0.0000e+00 3.3873e+04 0.0000e+00
4.0800e+03 9.9888e-12 8.0361e-01 1.8157e+03 6.0179e+03 5.7000e+03 5.7078e+17 6.0847e+16 6.0847e+16 1.3492e-01 0.0000e+00 3.3970e+04 0.0000e+00
4.0900e+03 9.9504e-12 8.0315e-01 1.8151e+03 6.0157e+03 5.7000e+03 5.7550e+17 6.1235e+16 6.1235e+16 1.3448e-01 0.0000e+00 3.4068e+04 0.0000e+00
4.1000e+03 9.9122e-12 8.0270e-01 1.8144e+03 6.0136e+03 5.7000e+03 5.8027e+17 6.1626e+16 6.1626e+16 1.3403e-01 0.0000e+00 3.4165e+04 0.0000e+00
4.1100e+03 9.8742e-12 8.0224e-01 1.8138e+03 6.0115e+03 5.7000e+03 5.8508e+17 6.2020e+16 6.2020e+16 1.3360e-01 0.0000e+00 3.4263e+04 0.0000e+00
4.1200e+03 9.8363e-12 8.0179e-01 1.8132e+03 6.0094e+03 5.7000e+03 5.8993e+17 6.2416e+16 6.2416e+16 1.3316e-01 0.0000e+00 3.4361e+04 0.0000e+00
4.1300e+03 9.7985e-12 8.0133e-01 1.8125e+03 6.0073e+03 5.7000e+03 5.9482e+17 6.2814e+16 6.2814e+16 1.3272e-01 0.0000e+00 3.4460e+04 0.0000e+00
4.1400e+03 9.7609e-12 8.0088e-01 1.8119e+03 6.0051e+03 5.7000e+03 5.9975e+17 6.3215e+16 6.3215e+16 1.3229e-01 0.0000e+00 3.4558e+04 0.0000e+00
4.1500e+03 9.7234e-12 8.0042e-01 1.8112e+03 6.0030e+03 5.7000e+03 6.0472e+17 6.3618e+16 6.3618e+16 1.3186e-01 0.0000e+00 3.4657e+04 0.0000e+00
4.1600e+03 9.6860e-12 7.9996e-01 1.8106e+03 6.0009e+03 5.7000e+03 6.0974e+17 6.4023e+16 6.4023e+16 1.3142e-01 0.0000e+00 3.4756e+04 0.0000e+00
4.1700e+03 9.6488e-12 7.9950e-01 1.8100e+03 5.9988e+03 5.7000e+03 6.1479e+17 6.4431e+16 6.4431e+16 1.3099e-01 0.0000e+00 3.4856e+04 0.0000e+00
4.1800e+03 9.6118e-12 7.9904e-01 1.8093e+03 5.9967e+03 5.7000e+03 6.1989e+17 6.4842e+16 6.4842e+16 1.3057e-01 0.0000e+00 3.4955e+04 0.0000e+00
4.1900e+03 9.5749e-12 7.9858e-01 1.8087e+03 5.9946e+03 5.7000e+03 6.2504e+17 6.5255e+16 6.5255e+16 1.3014e-01 0.0000e+00 3.5055e+04 0.0000e+00
4.2000e+03 9.5381e-12 7.9812e-01 1.8081e+03 5.9925e+03 5.7000e+03 6.3022e+17 6.5670e+16 6.5670e+16 1.2972e-01 0.0000e+00 3.5155e+04 0.0000e+00
4.2100e+03 9.5015e-12 7.9766e-01 1.8074e+03 5.9904e+03 5.7000e+03 6.3546e+17 6.6088e+16 6.6088e+16 1.2929e-01 0.0000e+00 3.5256e+04 0.0000e+00
4.2200e+03 9.4650e-12 7.9720e-01 1.8068e+03 5.9883e+03 5.7000e+03 6.4073e+17 6.6509e+16 6.6509e+16 1.2887e-01 0.0000e+00 3.5357e+04 0.0000e+00
4.2300e+03 9.4287e-12 7.9673e-01 1.8062e+03 5.9862e+03 5.7000e+03 6.4605e+17 6.6932e+16 6.6932e+16 1.2845e-01 0.0000e+00 3.5457e+04 0.0000e+00
4.2400e+03 9.3925e-12 7.9627e-01 1.8055e+03 5.9841e+03 5.7000e+03 6.5142e+17 6.7358e+16 6.7358e+16 1.2803e-01 0.0000e+00 3.5559e+04 0.0000e+00
4.2500e+03 9.3564e-12 7.9581e-01 1.8049e+03 5.9820e+03 5.7000e+03 6.5683e+17 6.7786e+16 6.7786e+16 1.2761e-01 0.0000e+00 3.5660e+04 0.0000e+00
4.2600e+03 9.3205e-12 7.9534e-01 1.8043e+03 5.9799e+03 5.7000e+03 6.6229e+17 6.8217e+16 6.8217e+16 1.2720e-01 0.0000e+00 3.5762e+04 0.0000e+00
4.2700e+03 9.2847e-12 7.9487e-01 1.8036e+03 5.9778e+03 5.7000e+03 6.6779e+17 6.8650e+16 6.8650e+16 1.2678e-01 0.0000e+00 3.5863e+04 0.0000e+00
4.2800e+03 9.2490e-12 7.9441e-01 1.8030e+03 5.9757e+03 5.7000e+03 6.7334e+17 6.9086e+16 6.9086e+16 1.2637e-01 0.0000e+00 3.5966e+04 0.0000e+00
4.2900e+03 9.2135e-12 7.9394e-01 1.8024e+03 5.9737e+03 5.7000e+03 6.7894e+17 6.9525e+16 6.9525e+16 1.2596e-01 0.0000e+00 3.6068e+04 0.0000e+00
4.3000e+03 9.1781e-12 7.9347e-01 1.8018e+03 5.9716e+03 5.7000e+03 6.8458e+17 6.9967e+16 6.9967e+16 1.2555e-01 0.0000e+00 3.6171e+04 0.0000e+00
4.3100e+03 9.1429e-12 7.9300e-01 1.8011e+03 5.9695e+03 5.7000e+03 6.9028e+17 7.0411e+16 7.0411e+16 1.2514e-01 0.0000e+00 3.6274e+04 0.0000e+00
4.3200e+03 9.1078e-12 7.9253e-01 1.8005e+03 5.9674e+03 5.7000e+03 6.9602e+17 7.0858e+16 7.0858e+16 1.2474e-01 0.0000e+00 3.6377e+04 0.0000e+00
4.3300e+03 9.0728e-12 7.9206e-01 1.7999e+03 5.9653e+03 5.7000e+03 7.0181e+17 7.1307e+16 7.1307e+16 1.2433e-01 0.0000e+00 3.6480e+04 0.0000e+00
4.3400e+03 9.0380e-12 7.9159e-01 1.7992e+03 5.9633e+03 5.7000e+03 7.0765e+17 7.1759e+16 7.1759e+16 1.2393e-01 0.0000e+00 3.6584e+04 0.0000e+00
4.3500e+03 9.0032e-12 7.9112e-01 1.7986e+03 5.9612e+03 5.7000e+03 7.1354e+17 7.2214e+16 7.2214e+16 1.2352e-01 0.0000e+00 3.6688e+04 0.0000e+00
4.3600e+03 8.9687e-12 7.9065e-01 1.7980e+03 5.9591e+03 5.7000e+03 7.1948e+17 7.2672e+16 7.2672e+16 1.2312e-01 0.0000e+00 3.6792e+04 0.0000e+00
4.3700e+03 8.9342e-12 7.9017e-01 1.7974e+03 5.9570e+03 5.7000e+03 7.2547e+17 7.3132e+16 7.3132e+16 1.2272e-01 0.0000e+00 3.6897e+04 0.0000e+00
4.3800e+03 8.8999e-12 7.8970e-01 1.7967e+03 5.9550e+03 5.7000e+03 7.3152e+17 7.3596e+16 7.3596e+16 1.2233e-01 0.0000e+00 3.7001e+04 0.0000e+00
4.3900e+03 8.8658e-12 7.8922e-01 1.7961e+03 5.9529e+03 5.7000e+03 7.3761e+17 7.4062e+16 7.4062e+16 1.2193e-01 0.0000e+00 3.7106e+04 0.0000e+00
4.4000e+03 8.8317e-12 7.8875e-01 1.7955e+03 5.9509e+03 5.7000e+03 7.4375e+17 7.4531e+16 7.4531e+16 1.2154e-01 0.0000e+00 3.7211e+04 0.0000e+00
4.4100e+03 8.7978e-12 7.8827e-01 1.7949e+03 5.9488e+03 5.7000e+03 7.4995e+17 7.5002e+16 7.5002e+16 1.2114e-01 0.0000e+00 3.7317e+04 0.0000e+00
4.4200e+03 8.7640e-12 7.8780e-01 1.7943e+03 5.9467e+03 5.7000e+03 7.5620e+17 7.5477e+16 7.5477e+16 1.2075e-01 0.0000e+00 3.7423e+04 0.0000e+00
4.4300e+03 8.7304e-12 7.8732e-01 1.7936e+03 5.9447e+03 5.7000e+03 7.6251e+17 7.5954e+16 7.5954e+16 1.2036e-01 0.0000e+00 3.7529e+04 0.0000e+00
4.4400e+03 8.6968e-12 7.8684e-01 1.7930e+03 5.9426e+03 5.7000e+03 7.6887e+17 7.6434e+16 7.6434e+16 1.1997e-01 0.0000e+00 3.7635e+04 0.0000e+00
4.4500e+03 8.6634e-12 7.8636e-01 1.7924e+03 5.9406e+03 5.7000e+03 7.7528e+17 7.6918e+16 7.6918e+16 1.1958e-01 0.0000e+00 3.7741e+04 0.0000e+00
4.4600e+03 8.6302e-12 7.8588e-01 1.7918e+03 5.9385e+03 5.7000e+03 7.8175e+17 7.7404e+16 7.7404e+16 1.1920e-01 0.0000e+00 3.7848e+04 0.0000e+00
4.4700e+03 8.5970e-12 7.8540e-01 1.7912e+03 5.9365e+03 5.7000e+03 7.8827e+17 7.7893e+16 7.7893e+16 1.1881e-01 0.0000e+00 3.7955e+04 0.0000e+00
4.4800e+03 8.5640e-12 7.8492e-01 1.7905e+03 5.9344e+03 5.7000e+03 7.9485e+17 7.8384e+16 7.8384e+16 1.1843e-01 0.0000e+00 3.8063e+04 0.0000e+00
4.4900e+03 8.5311e-12 7.8444e-01 1.7899e+03 5.9324e+03 5.7000e+03 8.0148e+17 7.8879e+16 7.8879e+16 1.1804e-01 0.0000e+00 3.8170e+04 0.0000e+00
4.5000e+03 8.4984e-12 7.8395e-01 1.7893e+03 5.9303e+03 5.7000e+03 8.0817e+17 7.9377e+16 7.9377e+16 1.1766e-01 0.0000e+00 3.8278e+04 0.0000e+00
4.5100e+03 8.4657e-12 7.8347e-01 1.7887e+03 5.9283e+03 5.7000e+03 8.1492e+17 7.9878e+16 7.9878e+16 1.1728e-01 0.0000e+00 3.8386e+04 0.0000e+00
4.5200e+03 8.4332e-12 7.8299e-01 1.7881e+03 5.9263e+03 5.7000e+03 8.2173e+17 8.0382e+16 8.0382e+16 1.1691e-01 0.0000e+00 3.8495e+04 0.0000e+00
4.5300e+03 8.4008e-12 7.8250e-01 1.7875e+03 5.9242e+03 5.7000e+03 8.2859e+17 8.0889e+16 8.0889e+16 1.1653e-01 0.0000e+00 3.8603e+04 0.0000e+00
4.5400e+03 8.3686e-12 7.8201e-01 1.7869e+03 5.9222e+03 5.7000e+03 8.3551e+17 8.1399e+16 8.1399e+16 1.1615e-01 0.0000e+00 3.8712e+04 0.0000e+00
4.5500e+03 0.0000e+00 0.0000e+00 1.7862e+03 0.0000e+00 5.7000e+03 0.0000e+00 0.0000e+00 0.0000e+00 0.0000e+00 0.0000e+00 0.0000e+00 0.0000e+00
