0.0000e+00 2.4000e-11 3.6127e+00 1.7000e+03 5.6343e+03 5.7000e+03 2.7481e+18 2.0738e+17 2.0738e+17 7.2106e-02 0.0000e+00 5.8747e+04 0.0000e+00
1.0000e+01 2.3908e-11 3.5062e+00 1.7046e+03 5.6494e+03 5.7000e+03 2.8776e+18 1.9697e+17 1.9697e+17 7.4011e-02 0.0000e+00 5.7419e+04 0.0000e+00
2.0000e+01 2.3816e-11 3.4046e+00 1.7091e+03 5.6643e+03 5.7000e+03 2.6743e+18 1.8729e+17 1.8729e+17 7.5927e-02 0.0000e+00 5.6148e+04 0.0000e+00
3.0000e+01 2.3725e-11 3.3077e+00 1.7135e+03 5.6790e+03 5.7000e+03 2.4902e+18 1.7826e+17 1.7826e+17 7.7853e-02 0.0000e+00 5.4930e+04 0.0000e+00
4.0000e+01 2.3633e-11 3.2151e+00 1.7178e+03 5.6934e+03 5.7000e+03 2.3231e+18 1.6985e+17 1.6985e+17 7.9786e-02 0.0000e+00 5.3762e+04 0.0000e+00
5.0000e+01 2.3543e-11 3.1267e+00 1.7221e+03 5.7076e+03 5.7000e+03 2.1712e+18 1.6200e+17 1.6200e+17 8.1727e-02 0.0000e+00 5.2642e+04 0.0000e+00
6.0000e+01 2.3452e-11 3.0423e+00 1.7263e+03 5.7215e+03 5.7000e+03 2.0329e+18 1.5468e+17 1.5468e+17 8.3673e-02 0.0000e+00 5.1569e+04 0.0000e+00
7.0000e+01 2.3362e-11 2.9615e+00 1.7304e+03 5.7352e+03 5.7000e+03 1.9067e+18 1.4783e+17 1.4783e+17 8.5624e-02 0.0000e+00 5.0539e+04 0.0000e+00
8.0000e+01 2.3273e-11 2.8844e+00 1.7345e+03 5.7487e+03 5.7000e+03 1.7914e+18 1.4142e+17 1.4142e+17 8.7577e-02 0.0000e+00 4.9551e+04 0.0000e+00
9.0000e+01 2.3183e-11 2.8106e+00 1.7385e+03 5.7620e+03 5.7000e+03 1.6858e+18 1.3542e+17 1.3542e+17 8.9531e-02 0.0000e+00 4.8603e+04 0.0000e+00
1.0000e+02 2.3094e-11 2.7400e+00 1.7424e+03 5.7750e+03 5.7000e+03 1.5890e+18 1.2980e+17 1.2980e+17 9.1486e-02 0.0000e+00 4.7694e+04 0.0000e+00
1.1000e+02 2.3005e-11 2.6724e+00 1.7463e+03 5.7877e+03 5.7000e+03 1.5001e+18 1.2453e+17 1.2453e+17 9.3439e-02 0.0000e+00 4.6820e+04 0.0000e+00
1.2000e+02 2.2917e-11 2.6077e+00 1.7501e+03 5.8003e+03 5.7000e+03 1.4184e+18 1.1959e+17 1.1959e+17 9.5390e-02 0.0000e+00 4.5982e+04 0.0000e+00
1.3000e+02 2.2829e-11 2.5457e+00 1.7538e+03 5.8126e+03 5.7000e+03 1.3431e+18 1.1495e+17 1.1495e+17 9.7336e-02 0.0000e+00 4.5177e+04 0.0000e+00
1.4000e+02 2.2741e-11 2.4864e+00 1.7574e+03 5.8247e+03 5.7000e+03 1.2737e+18 1.1059e+17 1.1059e+17 9.9278e-02 0.0000e+00 4.4404e+04 0.0000e+00
1.5000e+02 2.2654e-11 2.4295e+00 1.7610e+03 5.8365e+03 5.7000e+03 1.2096e+18 1.0650e+17 1.0650e+17 1.0121e-01 0.0000e+00 4.3661e+04 0.0000e+00
1.6000e+02 2.2567e-11 2.3749e+00 1.7645e+03 5.8481e+03 5.7000e+03 1.1503e+18 1.0264e+17 1.0264e+17 1.0314e-01 0.0000e+00 4.2947e+04 0.0000e+00
1.7000e+02 2.2480e-11 2.3226e+00 1.7679e+03 5.8595e+03 5.7000e+03 1.0954e+18 9.9011e+16 9.9011e+16 1.0506e-01 0.0000e+00 4.2261e+04 0.0000e+00
1.8000e+02 2.2394e-11 2.2725e+00 1.7713e+03 5.8706e+03 5.7000e+03 1.0445e+18 9.5593e+16 9.5593e+16 1.0696e-01 0.0000e+00 4.1602e+04 0.0000e+00
1.9000e+02 2.2308e-11 2.2243e+00 1.7746e+03 5.8816e+03 5.7000e+03 9.9723e+17 9.2371e+16 9.2371e+16 1.0886e-01 0.0000e+00 4.0968e+04 0.0000e+00
2.0000e+02 2.2223e-11 2.1781e+00 1.7778e+03 5.8923e+03 5.7000e+03 9.5332e+17 8.9332e+16 8.9332e+16 1.1074e-01 0.0000e+00 4.0359e+04 0.0000e+00
2.1000e+02 2.2137e-11 2.1337e+00 1.7810e+03 5.9027e+03 5.7000e+03 9.1248e+17 8.6464e+16 8.6464e+16 1.1261e-01 0.0000e+00 3.9774e+04 0.0000e+00
2.2000e+02 2.2052e-11 2.0911e+00 1.7841e+03 5.9130e+03 5.7000e+03 8.7444e+17 8.3756e+16 8.3756e+16 1.1446e-01 0.0000e+00 3.9211e+04 0.0000e+00
2.3000e+02 2.1967e-11 2.0502e+00 1.7871e+03 5.9230e+03 5.7000e+03 8.3897e+17 8.1198e+16 8.1198e+16 1.1630e-01 0.0000e+00 3.8669e+04 0.0000e+00
2.4000e+02 2.1883e-11 2.0108e+00 1.7901e+03 5.9328e+03 5.7000e+03 8.0588e+17 7.8780e+16 7.8780e+16 1.1812e-01 0.0000e+00 3.8149e+04 0.0000e+00
2.5000e+02 2.1799e-11 1.9730e+00 1.7929e+03 5.9424e+03 5.7000e+03 7.7496e+17 7.6493e+16 7.6493e+16 1.1992e-01 0.0000e+00 3.7648e+04 0.0000e+00
2.6000e+02 2.1715e-11 1.9367e+00 1.7958e+03 5.9517e+03 5.7000e+03 7.4605e+17 7.4328e+16 7.4328e+16 1.2171e-01 0.0000e+00 3.7166e+04 0.0000e+00
2.7000e+02 2.1632e-11 1.9017e+00 1.7985e+03 5.9609e+03 5.7000e+03 7.1899e+17 7.2280e+16 7.2280e+16 1.2347e-01 0.0000e+00 3.6703e+04 0.0000e+00
2.8000e+02 2.1549e-11 1.8681e+00 1.8012e+03 5.9698e+03 5.7000e+03 6.9365e+17 7.0339e+16 7.0339e+16 1.2521e-01 0.0000e+00 3.6257e+04 0.0000e+00
2.9000e+02 2.1466e-11 1.8357e+00 1.8039e+03 5.9785e+03 5.7000e+03 6.6988e+17 6.8500e+16 6.8500e+16 1.2693e-01 0.0000e+00 3.5828e+04 0.0000e+00
3.0000e+02 2.1384e-11 1.8045e+00 1.8064e+03 5.9871e+03 5.7000e+03 6.4759e+17 6.6757e+16 6.6757e+16 1.2862e-01 0.0000e+00 3.5416e+04 0.0000e+00
3.1000e+02 2.1302e-11 1.7745e+00 1.8089e+03 5.9954e+03 5.7000e+03 6.2665e+17 6.5104e+16 6.5104e+16 1.3030e-01 0.0000e+00 3.5019e+04 0.0000e+00
3.2000e+02 2.1220e-11 1.7456e+00 1.8114e+03 6.0035e+03 5.7000e+03 6.0697e+17 6.3535e+16 6.3535e+16 1.3194e-01 0.0000e+00 3.4637e+04 0.0000e+00
3.3000e+02 2.1138e-11 1.7178e+00 1.8138e+03 6.0114e+03 5.7000e+03 5.8847e+17 6.2046e+16 6.2046e+16 1.3357e-01 0.0000e+00 3.4270e+04 0.0000e+00
3.4000e+02 2.1057e-11 1.6910e+00 1.8161e+03 6.0190e+03 5.7000e+03 5.7105e+17 6.0633e+16 6.0633e+16 1.3516e-01 0.0000e+00 3.3916e+04 0.0000e+00
3.5000e+02 2.0976e-11 1.6651e+00 1.8183e+03 6.0265e+03 5.7000e+03 5.5465e+17 5.9290e+16 5.9290e+16 1.3673e-01 0.0000e+00 3.3576e+04 0.0000e+00
3.6000e+02 2.0896e-11 1.6402e+00 1.8205e+03 6.0338e+03 5.7000e+03 5.3920e+17 5.8014e+16 5.8014e+16 1.3828e-01 0.0000e+00 3.3249e+04 0.0000e+00
3.7000e+02 2.0816e-11 1.6162e+00 1.8227e+03 6.0409e+03 5.7000e+03 5.2462e+17 5.6801e+16 5.6801e+16 1.3979e-01 0.0000e+00 3.2935e+04 0.0000e+00
3.8000e+02 2.0736e-11 1.5930e+00 1.8248e+03 6.0479e+03 5.7000e+03 5.1087e+17 5.5648e+16 5.5648e+16 1.4128e-01 0.0000e+00 3.2632e+04 0.0000e+00
3.9000e+02 2.0656e-11 1.5707e+00 1.8268e+03 6.0546e+03 5.7000e+03 4.9789e+17 5.4551e+16 5.4551e+16 1.4274e-01 0.0000e+00 3.2341e+04 0.0000e+00
4.0000e+02 2.0577e-11 1.5491e+00 1.8288e+03 6.0611e+03 5.7000e+03 4.8563e+17 5.3508e+16 5.3508e+16 1.4417e-01 0.0000e+00 3.2061e+04 0.0000e+00
4.1000e+02 2.0498e-11 1.5283e+00 1.8307e+03 6.0675e+03 5.7000e+03 4.7404e+17 5.2515e+16 5.2515e+16 1.4558e-01 0.0000e+00 3.1791e+04 0.0000e+00
4.2000e+02 2.0419e-11 1.5082e+00 1.8326e+03 6.0736e+03 5.7000e+03 4.6309e+17 5.1571e+16 5.1571e+16 1.4695e-01 0.0000e+00 3.1532e+04 0.0000e+00
4.3000e+02 2.0341e-11 1.4888e+00 1.8344e+03 6.0796e+03 5.7000e+03 4.5272e+17 5.0671e+16 5.0671e+16 1.4829e-01 0.0000e+00 3.1283e+04 0.0000e+00
4.4000e+02 2.0262e-11 1.4701e+00 1.8361e+03 6.0854e+03 5.7000e+03 4.4292e+17 4.9815e+16 4.9815e+16 1.4961e-01 0.0000e+00 3.1044e+04 0.0000e+00
4.5000e+02 2.0185e-11 1.4520e+00 1.8378e+03 6.0911e+03 5.7000e+03 4.3364e+17 4.9000e+16 4.9000e+16 1.5089e-01 0.0000e+00 3.0814e+04 0.0000e+00
4.6000e+02 2.0107e-11 1.4345e+00 1.8395e+03 6.0966e+03 5.7000e+03 4.2485e+17 4.8223e+16 4.8223e+16 1.5214e-01 0.0000e+00 3.0592e+04 0.0000e+00
4.7000e+02 2.0030e-11 1.4176e+00 1.8411e+03 6.1019e+03 5.7000e+03 4.1652e+17 4.7483e+16 4.7483e+16 1.5336e-01 0.0000e+00 3.0380e+04 0.0000e+00
4.8000e+02 1.9953e-11 1.4013e+00 1.8426e+03 6.1070e+03 5.7000e+03 4.0863e+17 4.6779e+16 4.6779e+16 1.5456e-01 0.0000e+00 3.0176e+04 0.0000e+00
4.9000e+02 1.9876e-11 1.3855e+00 1.8441e+03 6.1120e+03 5.7000e+03 4.0115e+17 4.6108e+16 4.6108e+16 1.5572e-01 0.0000e+00 2.9980e+04 0.0000e+00
5.0000e+02 1.9800e-11 1.3702e+00 1.8456e+03 6.1168e+03 5.7000e+03 3.9406e+17 4.5468e+16 4.5468e+16 1.5685e-01 0.0000e+00 2.9791e+04 0.0000e+00
5.1000e+02 1.9724e-11 1.3554e+00 1.8470e+03 6.1215e+03 5.7000e+03 3.8734e+17 4.4859e+16 4.4859e+16 1.5795e-01 0.0000e+00 2.9610e+04 0.0000e+00
5.2000e+02 1.9648e-11 1.3411e+00 1.8483e+03 6.1260e+03 5.7000e+03 3.8096e+17 4.4279e+16 4.4279e+16 1.5902e-01 0.0000e+00 2.9437e+04 0.0000e+00
5.3000e+02 1.9573e-11 1.3273e+00 1.8497e+03 6.1303e+03 5.7000e+03 3.7491e+17 4.3726e+16 4.3726e+16 1.6006e-01 0.0000e+00 2.9270e+04 0.0000e+00
5.4000e+02 1.9498e-11 1.3139e+00 1.8509e+03 6.1345e+03 5.7000e+03 3.6918e+17 4.3199e+16 4.3199e+16 1.6107e-01 0.0000e+00 2.9110e+04 0.0000e+00
5.5000e+02 1.9423e-11 1.3010e+00 1.8521e+03 6.1386e+03 5.7000e+03 3.6373e+17 4.2697e+16 4.2697e+16 1.6205e-01 0.0000e+00 2.8957e+04 0.0000e+00
5.6000e+02 1.9348e-11 1.2884e+00 1.8533e+03 6.1425e+03 5.7000e+03 3.5857e+17 4.2220e+16 4.2220e+16 1.6300e-01 0.0000e+00 2.8811e+04 0.0000e+00
5.7000e+02 1.9274e-11 1.2763e+00 1.8545e+03 6.1463e+03 5.7000e+03 3.5367e+17 4.1765e+16 4.1765e+16 1.6391e-01 0.0000e+00 2.8670e+04 0.0000e+00
5.8000e+02 1.9200e-11 1.2645e+00 1.8556e+03 6.1499e+03 5.7000e+03 3.4902e+17 4.1332e+16 4.1332e+16 1.6480e-01 0.0000e+00 2.8535e+04 0.0000e+00
5.9000e+02 1.9126e-11 1.2531e+00 1.8566e+03 6.1534e+03 5.7000e+03 3.4461e+17 4.0920e+16 4.0920e+16 1.6566e-01 0.0000e+00 2.8406e+04 0.0000e+00
6.0000e+02 1.9053e-11 1.2421e+00 1.8576e+03 6.1568e+03 5.7000e+03 3.4043e+17 4.0528e+16 4.0528e+16 1.6649e-01 0.0000e+00 2.8283e+04 0.0000e+00
6.1000e+02 1.8980e-11 1.2314e+00 1.8586e+03 6.1600e+03 5.7000e+03 3.3647e+17 4.0155e+16 4.0155e+16 1.6729e-01 0.0000e+00 2.8165e+04 0.0000e+00
6.2000e+02 1.8907e-11 1.2210e+00 1.8595e+03 6.1631e+03 5.7000e+03 3.3271e+17 3.9800e+16 3.9800e+16 1.6807e-01 0.0000e+00 2.8052e+04 0.0000e+00
6.3000e+02 1.8834e-11 1.2110e+00 1.8604e+03 6.1661e+03 5.7000e+03 3.2915e+17 3.9463e+16 3.9463e+16 1.6881e-01 0.0000e+00 2.7945e+04 0.0000e+00
6.4000e+02 1.8762e-11 1.2013e+00 1.8613e+03 6.1689e+03 5.7000e+03 3.2577e+17 3.9143e+16 3.9143e+16 1.6953e-01 0.0000e+00 2.7842e+04 0.0000e+00
6.5000e+02 1.8690e-11 1.1918e+00 1.8621e+03 6.1717e+03 5.7000e+03 3.2258e+17 3.8839e+16 3.8839e+16 1.7021e-01 0.0000e+00 2.7744e+04 0.0000e+00
6.6000e+02 1.8618e-11 1.1826e+00 1.8629e+03 6.1743e+03 5.7000e+03 3.1955e+17 3.8551e+16 3.8551e+16 1.7087e-01 0.0000e+00 2.7651e+04 0.0000e+00
6.7000e+02 1.8546e-11 1.1737e+00 1.8637e+03 6.1768e+03 5.7000e+03 3.1669e+17 3.8277e+16 3.8277e+16 1.7151e-01 0.0000e+00 2.7562e+04 0.0000e+00
6.8000e+02 1.8475e-11 1.1651e+00 1.8644e+03 6.1792e+03 5.7000e+03 3.1399e+17 3.8018e+16 3.8018e+16 1.7211e-01 0.0000e+00 2.7477e+04 0.0000e+00
6.9000e+02 1.8404e-11 1.1567e+00 1.8651e+03 6.1815e+03 5.7000e+03 3.1143e+17 3.7773e+16 3.7773e+16 1.7269e-01 0.0000e+00 2.7397e+04 0.0000e+00
7.0000e+02 1.8334e-11 1.1486e+00 1.8657e+03 6.1837e+03 5.7000e+03 3.0902e+17 3.7541e+16 3.7541e+16 1.7325e-01 0.0000e+00 2.7321e+04 0.0000e+00
7.1000e+02 1.8263e-11 1.1407e+00 1.8664e+03 6.1857e+03 5.7000e+03 3.0674e+17 3.7322e+16 3.7322e+16 1.7378e-01 0.0000e+00 2.7248e+04 0.0000e+00
7.2000e+02 1.8193e-11 1.1331e+00 1.8670e+03 6.1877e+03 5.7000e+03 3.0460e+17 3.7115e+16 3.7115e+16 1.7428e-01 0.0000e+00 2.7180e+04 0.0000e+00
7.3000e+02 1.8123e-11 1.1256e+00 1.8675e+03 6.1895e+03 5.7000e+03 3.0258e+17 3.6920e+16 3.6920e+16 1.7476e-01 0.0000e+00 2.7115e+04 0.0000e+00
7.4000e+02 1.8054e-11 1.1184e+00 1.8681e+03 6.1913e+03 5.7000e+03 3.0068e+17 3.6736e+16 3.6736e+16 1.7521e-01 0.0000e+00 2.7054e+04 0.0000e+00
7.5000e+02 1.7984e-11 1.1114e+00 1.8686e+03 6.1930e+03 5.7000e+03 2.9890e+17 3.6564e+16 3.6564e+16 1.7564e-01 0.0000e+00 2.6997e+04 0.0000e+00
7.6000e+02 1.7915e-11 1.1046e+00 1.8690e+03 6.1945e+03 5.7000e+03 2.9724e+17 3.6402e+16 3.6402e+16 1.7605e-01 0.0000e+00 2.6942e+04 0.0000e+00
7.7000e+02 1.7846e-11 1.0979e+00 1.8695e+03 6.1960e+03 5.7000e+03 2.9568e+17 3.6250e+16 3.6250e+16 1.7643e-01 0.0000e+00 2.6892e+04 0.0000e+00
7.8000e+02 1.7778e-11 1.0915e+00 1.8699e+03 6.1974e+03 5.7000e+03 2.9422e+17 3.6109e+16 3.6109e+16 1.7679e-01 0.0000e+00 2.6844e+04 0.0000e+00
7.9000e+02 1.7710e-11 1.0852e+00 1.8703e+03 6.1987e+03 5.7000e+03 2.9286e+17 3.5977e+16 3.5977e+16 1.7712e-01 0.0000e+00 2.6799e+04 0.0000e+00
8.0000e+02 1.7642e-11 1.0792e+00 1.8706e+03 6.1999e+03 5.7000e+03 2.9160e+17 3.5854e+16 3.5854e+16 1.7744e-01 0.0000e+00 2.6758e+04 0.0000e+00
8.1000e+02 1.7574e-11 1.0732e+00 1.8710e+03 6.2010e+03 5.7000e+03 2.9044e+17 3.5740e+16 3.5740e+16 1.7773e-01 0.0000e+00 2.6720e+04 0.0000e+00
8.2000e+02 1.7506e-11 1.0675e+00 1.8713e+03 6.2021e+03 5.7000e+03 2.8936e+17 3.5635e+16 3.5635e+16 1.7801e-01 0.0000e+00 2.6684e+04 0.0000e+00
8.3000e+02 1.7439e-11 1.0619e+00 1.8716e+03 6.2030e+03 5.7000e+03 2.8837e+17 3.5538e+16 3.5538e+16 1.7826e-01 0.0000e+00 2.6651e+04 0.0000e+00
8.4000e+02 1.7372e-11 1.0564e+00 1.8719e+03 6.2039e+03 5.7000e+03 2.8746e+17 3.5450e+16 3.5450e+16 1.7849e-01 0.0000e+00 2.6621e+04 0.0000e+00
8.5000e+02 1.7306e-11 1.0511e+00 1.8721e+03 6.2047e+03 5.7000e+03 2.8664e+17 3.5369e+16 3.5369e+16 1.7870e-01 0.0000e+00 2.6594e+04 0.0000e+00
8.6000e+02 1.7239e-11 1.0460e+00 1.8723e+03 6.2055e+03 5.7000e+03 2.8589e+17 3.5296e+16 3.5296e+16 1.7889e-01 0.0000e+00 2.6569e+04 0.0000e+00
8.7000e+02 1.7173e-11 1.0409e+00 1.8725e+03 6.2061e+03 5.7000e+03 2.8522e+17 3.5231e+16 3.5231e+16 1.7907e-01 0.0000e+00 2.6547e+04 0.0000e+00
8.8000e+02 1.7107e-11 1.0361e+00 1.8727e+03 6.2067e+03 5.7000e+03 2.8462e+17 3.5173e+16 3.5173e+16 1.7922e-01 0.0000e+00 2.6527e+04 0.0000e+00
8.9000e+02 1.7041e-11 1.0313e+00 1.8729e+03 6.2072e+03 5.7000e+03 2.8410e+17 3.5121e+16 3.5121e+16 1.7936e-01 0.0000e+00 2.6509e+04 0.0000e+00
9.0000e+02 1.6976e-11 1.0267e+00 1.8730e+03 6.2077e+03 5.7000e+03 2.8364e+17 3.5077e+16 3.5077e+16 1.7947e-01 0.0000e+00 2.6494e+04 0.0000e+00
9.1000e+02 1.6911e-11 1.0221e+00 1.8731e+03 6.2081e+03 5.7000e+03 2.8325e+17 3.5039e+16 3.5039e+16 1.7958e-01 0.0000e+00 2.6481e+04 0.0000e+00
9.2000e+02 1.6846e-11 1.0177e+00 1.8732e+03 6.2084e+03 5.7000e+03 2.8293e+17 3.5008e+16 3.5008e+16 1.7966e-01 0.0000e+00 2.6470e+04 0.0000e+00
9.3000e+02 1.6781e-11 1.0135e+00 1.8733e+03 6.2087e+03 5.7000e+03 2.8266e+17 3.4982e+16 3.4982e+16 1.7973e-01 0.0000e+00 2.6462e+04 0.0000e+00
9.4000e+02 1.6717e-11 1.0093e+00 1.8733e+03 6.2088e+03 5.7000e+03 2.8247e+17 3.4963e+16 3.4963e+16 1.7978e-01 0.0000e+00 2.6455e+04 0.0000e+00
9.5000e+02 1.6652e-11 1.0052e+00 1.8734e+03 6.2090e+03 5.7000e+03 2.8233e+17 3.4950e+16 3.4950e+16 1.7981e-01 0.0000e+00 2.6451e+04 0.0000e+00
9.6000e+02 1.6588e-11 1.0012e+00 1.8734e+03 6.2091e+03 5.7000e+03 2.8225e+17 3.4943e+16 3.4943e+16 1.7983e-01 0.0000e+00 2.6448e+04 0.0000e+00
9.7000e+02 1.6525e-11 9.9736e-01 1.8734e+03 6.2091e+03 5.7000e+03 2.8222e+17 3.4941e+16 3.4941e+16 1.7984e-01 0.0000e+00 2.6447e+04 0.0000e+00
9.8000e+02 1.6461e-11 9.9358e-01 1.8734e+03 6.2090e+03 5.7000e+03 2.8225e+17 3.4945e+16 3.4945e+16 1.7983e-01 0.0000e+00 2.6449e+04 0.0000e+00
9.9000e+02 1.6398e-11 9.8990e-01 1.8734e+03 6.2089e+03 5.7000e+03 2.8234e+17 3.4954e+16 3.4954e+16 1.7980e-01 0.0000e+00 2.6452e+04 0.0000e+00
1.0000e+03 1.6335e-11 9.8631e-01 1.8733e+03 6.2088e+03 5.7000e+03 2.8248e+17 3.4968e+16 3.4968e+16 1.7976e-01 0.0000e+00 2.6457e+04 0.0000e+00
1.0100e+03 1.6272e-11 9.8281e-01 1.8733e+03 6.2086e+03 5.7000e+03 2.8267e+17 3.4988e+16 3.4988e+16 1.7971e-01 0.0000e+00 2.6463e+04 0.0000e+00
1.0200e+03 1.6210e-11 9.7939e-01 1.8732e+03 6.2083e+03 5.7000e+03 2.8291e+17 3.5012e+16 3.5012e+16 1.7965e-01 0.0000e+00 2.6472e+04 0.0000e+00
1.0300e+03 1.6148e-11 9.7605e-01 1.8731e+03 6.2081e+03 5.7000e+03 2.8320e+17 3.5041e+16 3.5041e+16 1.7957e-01 0.0000e+00 2.6482e+04 0.0000e+00
1.0400e+03 1.6086e-11 9.7280e-01 1.8730e+03 6.2077e+03 5.7000e+03 2.8354e+17 3.5075e+16 3.5075e+16 1.7948e-01 0.0000e+00 2.6493e+04 0.0000e+00
1.0500e+03 1.6024e-11 9.6962e-01 1.8729e+03 6.2073e+03 5.7000e+03 2.8393e+17 3.5114e+16 3.5114e+16 1.7938e-01 0.0000e+00 2.6507e+04 0.0000e+00
1.0600e+03 1.5962e-11 9.6651e-01 1.8728e+03 6.2069e+03 5.7000e+03 2.8436e+17 3.5157e+16 3.5157e+16 1.7926e-01 0.0000e+00 2.6521e+04 0.0000e+00
1.0700e+03 1.5901e-11 9.6348e-01 1.8726e+03 6.2064e+03 5.7000e+03 2.8484e+17 3.5205e+16 3.5205e+16 1.7913e-01 0.0000e+00 2.6538e+04 0.0000e+00
1.0800e+03 1.5840e-11 9.6052e-01 1.8724e+03 6.2059e+03 5.7000e+03 2.8536e+17 3.5257e+16 3.5257e+16 1.7900e-01 0.0000e+00 2.6555e+04 0.0000e+00
1.0900e+03 1.5779e-11 9.5763e-01 1.8723e+03 6.2053e+03 5.7000e+03 2.8592e+17 3.5313e+16 3.5313e+16 1.7885e-01 0.0000e+00 2.6575e+04 0.0000e+00
1.1000e+03 1.5719e-11 9.5480e-01 1.8721e+03 6.2047e+03 5.7000e+03 2.8653e+17 3.5374e+16 3.5374e+16 1.7869e-01 0.0000e+00 2.6595e+04 0.0000e+00
1.1100e+03 1.5658e-11 9.5204e-01 1.8719e+03 6.2040e+03 5.7000e+03 2.8718e+17 3.5438e+16 3.5438e+16 1.7852e-01 0.0000e+00 2.6617e+04 0.0000e+00
1.1200e+03 1.5598e-11 9.4934e-01 1.8717e+03 6.2034e+03 5.7000e+03 2.8788e+17 3.5507e+16 3.5507e+16 1.7834e-01 0.0000e+00 2.6641e+04 0.0000e+00
1.1300e+03 1.5538e-11 9.4670e-01 1.8715e+03 6.2026e+03 5.7000e+03 2.8861e+17 3.5580e+16 3.5580e+16 1.7815e-01 0.0000e+00 2.6665e+04 0.0000e+00
1.1400e+03 1.5478e-11 9.4412e-01 1.8712e+03 6.2019e+03 5.7000e+03 2.8938e+17 3.5656e+16 3.5656e+16 1.7795e-01 0.0000e+00 2.6691e+04 0.0000e+00
1.1500e+03 1.5419e-11 9.4159e-01 1.8710e+03 6.2011e+03 5.7000e+03 2.9019e+17 3.5736e+16 3.5736e+16 1.7774e-01 0.0000e+00 2.6718e+04 0.0000e+00
1.1600e+03 1.5360e-11 9.3912e-01 1.8707e+03 6.2002e+03 5.7000e+03 2.9104e+17 3.5821e+16 3.5821e+16 1.7753e-01 0.0000e+00 2.6747e+04 0.0000e+00
1.1700e+03 1.5301e-11 9.3671e-01 1.8705e+03 6.1994e+03 5.7000e+03 2.9193e+17 3.5908e+16 3.5908e+16 1.7730e-01 0.0000e+00 2.6776e+04 0.0000e+00
1.1800e+03 1.5242e-11 9.3434e-01 1.8702e+03 6.1985e+03 5.7000e+03 2.9286e+17 3.6000e+16 3.6000e+16 1.7707e-01 0.0000e+00 2.6807e+04 0.0000e+00
1.1900e+03 1.5184e-11 9.3203e-01 1.8699e+03 6.1975e+03 5.7000e+03 2.9382e+17 3.6094e+16 3.6094e+16 1.7682e-01 0.0000e+00 2.6839e+04 0.0000e+00
1.2000e+03 1.5125e-11 9.2977e-01 1.8696e+03 6.1966e+03 5.7000e+03 2.9482e+17 3.6193e+16 3.6193e+16 1.7657e-01 0.0000e+00 2.6872e+04 0.0000e+00
1.2100e+03 1.5067e-11 9.2755e-01 1.8693e+03 6.1956e+03 5.7000e+03 2.9586e+17 3.6295e+16 3.6295e+16 1.7632e-01 0.0000e+00 2.6906e+04 0.0000e+00
1.2200e+03 1.5009e-11 9.2538e-01 1.8690e+03 6.1946e+03 5.7000e+03 2.9693e+17 3.6400e+16 3.6400e+16 1.7605e-01 0.0000e+00 2.6942e+04 0.0000e+00
1.2300e+03 1.4952e-11 9.2326e-01 1.8687e+03 6.1935e+03 5.7000e+03 2.9803e+17 3.6508e+16 3.6508e+16 1.7578e-01 0.0000e+00 2.6978e+04 0.0000e+00
1.2400e+03 1.4894e-11 9.2118e-01 1.8684e+03 6.1924e+03 5.7000e+03 2.9917e+17 3.6620e+16 3.6620e+16 1.7550e-01 0.0000e+00 2.7015e+04 0.0000e+00
1.2500e+03 1.4837e-11 9.1914e-01 1.8681e+03 6.1913e+03 5.7000e+03 3.0035e+17 3.6735e+16 3.6735e+16 1.7521e-01 0.0000e+00 2.7054e+04 0.0000e+00
1.2600e+03 1.4780e-11 9.1714e-01 1.8677e+03 6.1902e+03 5.7000e+03 3.0156e+17 3.6854e+16 3.6854e+16 1.7492e-01 0.0000e+00 2.7093e+04 0.0000e+00
1.2700e+03 1.4723e-11 9.1519e-01 1.8674e+03 6.1890e+03 5.7000e+03 3.0280e+17 3.6975e+16 3.6975e+16 1.7462e-01 0.0000e+00 2.7134e+04 0.0000e+00
1.2800e+03 1.4667e-11 9.1327e-01 1.8670e+03 6.1878e+03 5.7000e+03 3.0408e+17 3.7100e+16 3.7100e+16 1.7432e-01 0.0000e+00 2.7175e+04 0.0000e+00
1.2900e+03 1.4610e-11 9.1139e-01 1.8666e+03 6.1866e+03 5.7000e+03 3.0539e+17 3.7228e+16 3.7228e+16 1.7400e-01 0.0000e+00 2.7217e+04 0.0000e+00
1.3000e+03 1.4554e-11 9.0954e-01 1.8663e+03 6.1854e+03 5.7000e+03 3.0673e+17 3.7358e+16 3.7358e+16 1.7369e-01 0.0000e+00 2.7260e+04 0.0000e+00
1.3100e+03 1.4499e-11 9.0774e-01 1.8659e+03 6.1841e+03 5.7000e+03 3.0811e+17 3.7492e+16 3.7492e+16 1.7336e-01 0.0000e+00 2.7305e+04 0.0000e+00
1.3200e+03 1.4443e-11 9.0596e-01 1.8655e+03 6.1828e+03 5.7000e+03 3.0952e+17 3.7629e+16 3.7629e+16 1.7304e-01 0.0000e+00 2.7350e+04 0.0000e+00
1.3300e+03 1.4387e-11 9.0422e-01 1.8651e+03 6.1815e+03 5.7000e+03 3.1096e+17 3.7768e+16 3.7768e+16 1.7270e-01 0.0000e+00 2.7395e+04 0.0000e+00
1.3400e+03 1.4332e-11 9.0251e-01 1.8647e+03 6.1802e+03 5.7000e+03 3.1243e+17 3.7911e+16 3.7911e+16 1.7237e-01 0.0000e+00 2.7442e+04 0.0000e+00
1.3500e+03 1.4277e-11 9.0084e-01 1.8643e+03 6.1788e+03 5.7000e+03 3.1393e+17 3.8056e+16 3.8056e+16 1.7202e-01 0.0000e+00 2.7490e+04 0.0000e+00
1.3600e+03 1.4222e-11 8.9920e-01 1.8639e+03 6.1775e+03 5.7000e+03 3.1546e+17 3.8204e+16 3.8204e+16 1.7168e-01 0.0000e+00 2.7538e+04 0.0000e+00
1.3700e+03 1.4168e-11 8.9758e-01 1.8635e+03 6.1761e+03 5.7000e+03 3.1703e+17 3.8355e+16 3.8355e+16 1.7133e-01 0.0000e+00 2.7587e+04 0.0000e+00
1.3800e+03 1.4113e-11 8.9600e-01 1.8630e+03 6.1747e+03 5.7000e+03 3.1862e+17 3.8509e+16 3.8509e+16 1.7097e-01 0.0000e+00 2.7637e+04 0.0000e+00
1.3900e+03 1.4059e-11 8.9444e-01 1.8626e+03 6.1733e+03 5.7000e+03 3.2025e+17 3.8666e+16 3.8666e+16 1.7061e-01 0.0000e+00 2.7688e+04 0.0000e+00
1.4000e+03 1.4005e-11 8.9291e-01 1.8622e+03 6.1718e+03 5.7000e+03 3.2191e+17 3.8825e+16 3.8825e+16 1.7025e-01 0.0000e+00 2.7739e+04 0.0000e+00
1.4100e+03 1.3951e-11 8.9141e-01 1.8617e+03 6.1703e+03 5.7000e+03 3.2360e+17 3.8987e+16 3.8987e+16 1.6988e-01 0.0000e+00 2.7792e+04 0.0000e+00
1.4200e+03 1.3898e-11 8.8993e-01 1.8613e+03 6.1689e+03 5.7000e+03 3.2531e+17 3.9152e+16 3.9152e+16 1.6951e-01 0.0000e+00 2.7845e+04 0.0000e+00
1.4300e+03 1.3844e-11 8.8848e-01 1.8608e+03 6.1674e+03 5.7000e+03 3.2706e+17 3.9319e+16 3.9319e+16 1.6913e-01 0.0000e+00 2.7899e+04 0.0000e+00
1.4400e+03 1.3791e-11 8.8705e-01 1.8604e+03 6.1659e+03 5.7000e+03 3.2884e+17 3.9489e+16 3.9489e+16 1.6875e-01 0.0000e+00 2.7953e+04 0.0000e+00
1.4500e+03 1.3738e-11 8.8565e-01 1.8599e+03 6.1643e+03 5.7000e+03 3.3065e+17 3.9662e+16 3.9662e+16 1.6837e-01 0.0000e+00 2.8008e+04 0.0000e+00
1.4600e+03 1.3685e-11 8.8427e-01 1.8594e+03 6.1628e+03 5.7000e+03 3.3249e+17 3.9837e+16 3.9837e+16 1.6798e-01 0.0000e+00 2.8064e+04 0.0000e+00
1.4700e+03 1.3633e-11 8.8292e-01 1.8590e+03 6.1612e+03 5.7000e+03 3.3436e+17 4.0015e+16 4.0015e+16 1.6760e-01 0.0000e+00 2.8121e+04 0.0000e+00
1.4800e+03 1.3581e-11 8.8158e-01 1.8585e+03 6.1596e+03 5.7000e+03 3.3625e+17 4.0195e+16 4.0195e+16 1.6721e-01 0.0000e+00 2.8178e+04 0.0000e+00
1.4900e+03 1.3528e-11 8.8027e-01 1.8580e+03 6.1581e+03 5.7000e+03 3.3818e+17 4.0378e+16 4.0378e+16 1.6681e-01 0.0000e+00 2.8236e+04 0.0000e+00
1.5000e+03 1.3476e-11 8.7898e-01 1.8575e+03 6.1565e+03 5.7000e+03 3.4014e+17 4.0564e+16 4.0564e+16 1.6642e-01 0.0000e+00 2.8294e+04 0.0000e+00
1.5100e+03 1.3425e-11 8.7771e-01 1.8570e+03 6.1548e+03 5.7000e+03 3.4212e+17 4.0752e+16 4.0752e+16 1.6602e-01 0.0000e+00 2.8353e+04 0.0000e+00
1.5200e+03 1.3373e-11 8.7646e-01 1.8566e+03 6.1532e+03 5.7000e+03 3.4414e+17 4.0942e+16 4.0942e+16 1.6562e-01 0.0000e+00 2.8413e+04 0.0000e+00
1.5300e+03 1.3322e-11 8.7523e-01 1.8561e+03 6.1516e+03 5.7000e+03 3.4619e+17 4.1135e+16 4.1135e+16 1.6521e-01 0.0000e+00 2.8474e+04 0.0000e+00
1.5400e+03 1.3271e-11 8.7401e-01 1.8556e+03 6.1499e+03 5.7000e+03 3.4826e+17 4.1331e+16 4.1331e+16 1.6481e-01 0.0000e+00 2.8535e+04 0.0000e+00
1.5500e+03 1.3220e-11 8.7282e-01 1.8551e+03 6.1482e+03 5.7000e+03 3.5036e+17 4.1528e+16 4.1528e+16 1.6440e-01 0.0000e+00 2.8596e+04 0.0000e+00
1.5600e+03 1.3169e-11 8.7164e-01 1.8546e+03 6.1466e+03 5.7000e+03 3.5250e+17 4.1729e+16 4.1729e+16 1.6399e-01 0.0000e+00 2.8659e+04 0.0000e+00
1.5700e+03 1.3118e-11 8.7048e-01 1.8540e+03 6.1449e+03 5.7000e+03 3.5466e+17 4.1932e+16 4.1932e+16 1.6358e-01 0.0000e+00 2.8722e+04 0.0000e+00
1.5800e+03 1.3068e-11 8.6934e-01 1.8535e+03 6.1432e+03 5.7000e+03 3.5685e+17 4.2137e+16 4.2137e+16 1.6316e-01 0.0000e+00 2.8785e+04 0.0000e+00
1.5900e+03 1.3018e-11 8.6821e-01 1.8530e+03 6.1415e+03 5.7000e+03 3.5908e+17 4.2344e+16 4.2344e+16 1.6275e-01 0.0000e+00 2.8849e+04 0.0000e+00
1.6000e+03 1.2968e-11 8.6710e-01 1.8525e+03 6.1397e+03 5.7000e+03 3.6133e+17 4.2554e+16 4.2554e+16 1.6233e-01 0.0000e+00 2.8913e+04 0.0000e+00
1.6100e+03 1.2918e-11 8.6600e-01 1.8520e+03 6.1380e+03 5.7000e+03 3.6361e+17 4.2767e+16 4.2767e+16 1.6191e-01 0.0000e+00 2.8979e+04 0.0000e+00
1.6200e+03 1.2868e-11 8.6492e-01 1.8514e+03 6.1363e+03 5.7000e+03 3.6592e+17 4.2982e+16 4.2982e+16 1.6149e-01 0.0000e+00 2.9044e+04 0.0000e+00
1.6300e+03 1.2819e-11 8.6386e-01 1.8509e+03 6.1345e+03 5.7000e+03 3.6826e+17 4.3199e+16 4.3199e+16 1.6107e-01 0.0000e+00 2.9110e+04 0.0000e+00
1.6400e+03 1.2770e-11 8.6281e-01 1.8504e+03 6.1328e+03 5.7000e+03 3.7063e+17 4.3418e+16 4.3418e+16 1.6065e-01 0.0000e+00 2.9177e+04 0.0000e+00
1.6500e+03 1.2721e-11 8.6177e-01 1.8499e+03 6.1310e+03 5.7000e+03 3.7303e+17 4.3640e+16 4.3640e+16 1.6022e-01 0.0000e+00 2.9244e+04 0.0000e+00
1.6600e+03 1.2672e-11 8.6074e-01 1.8493e+03 6.1292e+03 5.7000e+03 3.7545e+17 4.3865e+16 4.3865e+16 1.5980e-01 0.0000e+00 2.9312e+04 0.0000e+00
1.6700e+03 1.2623e-11 8.5973e-01 1.8488e+03 6.1274e+03 5.7000e+03 3.7791e+17 4.4091e+16 4.4091e+16 1.5937e-01 0.0000e+00 2.9381e+04 0.0000e+00
1.6800e+03 1.2575e-11 8.5874e-01 1.8482e+03 6.1256e+03 5.7000e+03 3.8040e+17 4.4320e+16 4.4320e+16 1.5894e-01 0.0000e+00 2.9449e+04 0.0000e+00
1.6900e+03 1.2526e-11 8.5775e-01 1.8477e+03 6.1238e+03 5.7000e+03 3.8292e+17 4.4552e+16 4.4552e+16 1.5851e-01 0.0000e+00 2.9519e+04 0.0000e+00
1.7000e+03 1.2478e-11 8.5678e-01 1.8472e+03 6.1220e+03 5.7000e+03 3.8547e+17 4.4785e+16 4.4785e+16 1.5808e-01 0.0000e+00 2.9588e+04 0.0000e+00
1.7100e+03 1.2430e-11 8.5582e-01 1.8466e+03 6.1202e+03 5.7000e+03 3.8804e+17 4.5021e+16 4.5021e+16 1.5765e-01 0.0000e+00 2.9659e+04 0.0000e+00
1.7200e+03 1.2383e-11 8.5487e-01 1.8461e+03 6.1184e+03 5.7000e+03 3.9065e+17 4.5260e+16 4.5260e+16 1.5722e-01 0.0000e+00 2.9729e+04 0.0000e+00
1.7300e+03 1.2335e-11 8.5393e-01 1.8455e+03 6.1166e+03 5.7000e+03 3.9329e+17 4.5501e+16 4.5501e+16 1.5679e-01 0.0000e+00 2.9801e+04 0.0000e+00
1.7400e+03 1.2288e-11 8.5300e-01 1.8449e+03 6.1147e+03 5.7000e+03 3.9596e+17 4.5744e+16 4.5744e+16 1.5636e-01 0.0000e+00 2.9872e+04 0.0000e+00
1.7500e+03 1.2241e-11 8.5208e-01 1.8444e+03 6.1129e+03 5.7000e+03 3.9866e+17 4.5989e+16 4.5989e+16 1.5593e-01 0.0000e+00 2.9945e+04 0.0000e+00
1.7600e+03 1.2194e-11 8.5117e-01 1.8438e+03 6.1110e+03 5.7000e+03 4.0138e+17 4.6237e+16 4.6237e+16 1.5549e-01 0.0000e+00 3.0017e+04 0.0000e+00
1.7700e+03 1.2147e-11 8.5028e-01 1.8433e+03 6.1092e+03 5.7000e+03 4.0414e+17 4.6487e+16 4.6487e+16 1.5506e-01 0.0000e+00 3.0090e+04 0.0000e+00
1.7800e+03 1.2100e-11 8.4939e-01 1.8427e+03 6.1073e+03 5.7000e+03 4.0693e+17 4.6739e+16 4.6739e+16 1.5463e-01 0.0000e+00 3.0164e+04 0.0000e+00
1.7900e+03 1.2054e-11 8.4851e-01 1.8421e+03 6.1054e+03 5.7000e+03 4.0975e+17 4.6993e+16 4.6993e+16 1.5419e-01 0.0000e+00 3.0238e+04 0.0000e+00
1.8000e+03 1.2007e-11 8.4765e-01 1.8416e+03 6.1036e+03 5.7000e+03 4.1261e+17 4.7250e+16 4.7250e+16 1.5376e-01 0.0000e+00 3.0313e+04 0.0000e+00
1.8100e+03 1.1961e-11 8.4679e-01 1.8410e+03 6.1017e+03 5.7000e+03 4.1549e+17 4.7510e+16 4.7510e+16 1.5332e-01 0.0000e+00 3.0387e+04 0.0000e+00
1.8200e+03 1.1915e-11 8.4594e-01 1.8404e+03 6.0998e+03 5.7000e+03 4.1840e+17 4.7771e+16 4.7771e+16 1.5289e-01 0.0000e+00 3.0463e+04 0.0000e+00
1.8300e+03 1.1870e-11 8.4509e-01 1.8399e+03 6.0979e+03 5.7000e+03 4.2135e+17 4.8035e+16 4.8035e+16 1.5245e-01 0.0000e+00 3.0539e+04 0.0000e+00
1.8400e+03 1.1824e-11 8.4426e-01 1.8393e+03 6.0960e+03 5.7000e+03 4.2433e+17 4.8301e+16 4.8301e+16 1.5201e-01 0.0000e+00 3.0615e+04 0.0000e+00
1.8500e+03 1.1779e-11 8.4344e-01 1.8387e+03 6.0941e+03 5.7000e+03 4.2733e+17 4.8570e+16 4.8570e+16 1.5158e-01 0.0000e+00 3.0691e+04 0.0000e+00
1.8600e+03 1.1733e-11 8.4262e-01 1.8382e+03 6.0922e+03 5.7000e+03 4.3037e+17 4.8840e+16 4.8840e+16 1.5114e-01 0.0000e+00 3.0768e+04 0.0000e+00
1.8700e+03 1.1688e-11 8.4181e-01 1.8376e+03 6.0903e+03 5.7000e+03 4.3345e+17 4.9114e+16 4.9114e+16 1.5071e-01 0.0000e+00 3.0846e+04 0.0000e+00
1.8800e+03 1.1643e-11 8.4101e-01 1.8370e+03 6.0884e+03 5.7000e+03 4.3655e+17 4.9389e+16 4.9389e+16 1.5027e-01 0.0000e+00 3.0924e+04 0.0000e+00
1.8900e+03 1.1599e-11 8.4021e-01 1.8364e+03 6.0865e+03 5.7000e+03 4.3969e+17 4.9667e+16 4.9667e+16 1.4984e-01 0.0000e+00 3.1002e+04 0.0000e+00
1.9000e+03 1.1554e-11 8.3943e-01 1.8358e+03 6.0845e+03 5.7000e+03 4.4285e+17 4.9947e+16 4.9947e+16 1.4940e-01 0.0000e+00 3.1081e+04 0.0000e+00
1.9100e+03 1.1510e-11 8.3865e-01 1.8353e+03 6.0826e+03 5.7000e+03 4.4605e+17 5.0229e+16 5.0229e+16 1.4897e-01 0.0000e+00 3.1160e+04 0.0000e+00
1.9200e+03 1.1466e-11 8.3787e-01 1.8347e+03 6.0807e+03 5.7000e+03 4.4929e+17 5.0514e+16 5.0514e+16 1.4853e-01 0.0000e+00 3.1239e+04 0.0000e+00
1.9300e+03 1.1422e-11 8.3710e-01 1.8341e+03 6.0788e+03 5.7000e+03 4.5255e+17 5.0801e+16 5.0801e+16 1.4810e-01 0.0000e+00 3.1319e+04 0.0000e+00
1.9400e+03 1.1378e-11 8.3634e-01 1.8335e+03 6.0768e+03 5.7000e+03 4.5585e+17 5.1091e+16 5.1091e+16 1.4766e-01 0.0000e+00 3.1400e+04 0.0000e+00
1.9500e+03 1.1334e-11 8.3559e-01 1.8329e+03 6.0749e+03 5.7000e+03 4.5919e+17 5.1382e+16 5.1382e+16 1.4723e-01 0.0000e+00 3.1480e+04 0.0000e+00
1.9600e+03 1.1291e-11 8.3484e-01 1.8323e+03 6.0729e+03 5.7000e+03 4.6255e+17 5.1676e+16 5.1676e+16 1.4679e-01 0.0000e+00 3.1561e+04 0.0000e+00
1.9700e+03 1.1247e-11 8.3410e-01 1.8318e+03 6.0710e+03 5.7000e+03 4.6595e+17 5.1973e+16 5.1973e+16 1.4636e-01 0.0000e+00 3.1643e+04 0.0000e+00
1.9800e+03 1.1204e-11 8.3336e-01 1.8312e+03 6.0690e+03 5.7000e+03 4.6939e+17 5.2272e+16 5.2272e+16 1.4593e-01 0.0000e+00 3.1725e+04 0.0000e+00
1.9900e+03 1.1161e-11 8.3263e-01 1.8306e+03 6.0671e+03 5.7000e+03 4.7285e+17 5.2573e+16 5.2573e+16 1.4549e-01 0.0000e+00 3.1807e+04 0.0000e+00
2.0000e+03 1.1118e-11 8.3191e-01 1.8300e+03 6.0651e+03 5.7000e+03 4.7636e+17 5.2876e+16 5.2876e+16 1.4506e-01 0.0000e+00 3.1890e+04 0.0000e+00
2.0100e+03 1.1075e-11 8.3119e-01 1.8294e+03 6.0632e+03 5.7000e+03 4.7989e+17 5.3182e+16 5.3182e+16 1.4463e-01 0.0000e+00 3.1973e+04 0.0000e+00
2.0200e+03 1.1033e-11 8.3047e-01 1.8288e+03 6.0612e+03 5.7000e+03 4.8346e+17 5.3490e+16 5.3490e+16 1.4420e-01 0.0000e+00 3.2056e+04 0.0000e+00
2.0300e+03 1.0991e-11 8.2976e-01 1.8282e+03 6.0593e+03 5.7000e+03 4.8707e+17 5.3801e+16 5.3801e+16 1.4377e-01 0.0000e+00 3.2140e+04 0.0000e+00
2.0400e+03 1.0948e-11 8.2906e-01 1.8276e+03 6.0573e+03 5.7000e+03 4.9071e+17 5.4114e+16 5.4114e+16 1.4334e-01 0.0000e+00 3.2224e+04 0.0000e+00
2.0500e+03 1.0906e-11 8.2836e-01 1.8270e+03 6.0553e+03 5.7000e+03 4.9439e+17 5.4429e+16 5.4429e+16 1.4291e-01 0.0000e+00 3.2308e+04 0.0000e+00
2.0600e+03 1.0864e-11 8.2766e-01 1.8264e+03 6.0534e+03 5.7000e+03 4.9810e+17 5.4747e+16 5.4747e+16 1.4248e-01 0.0000e+00 3.2393e+04 0.0000e+00
2.0700e+03 1.0823e-11 8.2697e-01 1.8258e+03 6.0514e+03 5.7000e+03 5.0185e+17 5.5067e+16 5.5067e+16 1.4205e-01 0.0000e+00 3.2478e+04 0.0000e+00
2.0800e+03 1.0781e-11 8.2628e-01 1.8252e+03 6.0494e+03 5.7000e+03 5.0563e+17 5.5390e+16 5.5390e+16 1.4162e-01 0.0000e+00 3.2564e+04 0.0000e+00
2.0900e+03 1.0740e-11 8.2560e-01 1.8246e+03 6.0474e+03 5.7000e+03 5.0945e+17 5.5715e+16 5.5715e+16 1.4119e-01 0.0000e+00 3.2650e+04 0.0000e+00
2.1000e+03 1.0698e-11 8.2492e-01 1.8241e+03 6.0455e+03 5.7000e+03 5.1330e+17 5.6042e+16 5.6042e+16 1.4077e-01 0.0000e+00 3.2736e+04 0.0000e+00
2.1100e+03 1.0657e-11 8.2425e-01 1.8235e+03 6.0435e+03 5.7000e+03 5.1720e+17 5.6372e+16 5.6372e+16 1.4034e-01 0.0000e+00 3.2822e+04 0.0000e+00
2.1200e+03 1.0616e-11 8.2358e-01 1.8229e+03 6.0415e+03 5.7000e+03 5.2113e+17 5.6704e+16 5.6704e+16 1.3992e-01 0.0000e+00 3.2909e+04 0.0000e+00
2.1300e+03 1.0576e-11 8.2291e-01 1.8223e+03 6.0395e+03 5.7000e+03 5.2509e+17 5.7039e+16 5.7039e+16 1.3949e-01 0.0000e+00 3.2997e+04 0.0000e+00
2.1400e+03 1.0535e-11 8.2225e-01 1.8217e+03 6.0376e+03 5.7000e+03 5.2910e+17 5.7376e+16 5.7376e+16 1.3907e-01 0.0000e+00 3.3084e+04 0.0000e+00
2.1500e+03 1.0495e-11 8.2159e-01 1.8211e+03 6.0356e+03 5.7000e+03 5.3314e+17 5.7716e+16 5.7716e+16 1.3865e-01 0.0000e+00 3.3172e+04 0.0000e+00
2.1600e+03 1.0454e-11 8.2094e-01 1.8205e+03 6.0336e+03 5.7000e+03 5.3722e+17 5.8058e+16 5.8058e+16 1.3822e-01 0.0000e+00 3.3261e+04 0.0000e+00
2.1700e+03 1.0414e-11 8.2029e-01 1.8199e+03 6.0316e+03 5.7000e+03 5.4134e+17 5.8402e+16 5.8402e+16 1.3780e-01 0.0000e+00 3.3349e+04 0.0000e+00
2.1800e+03 1.0374e-11 8.1964e-01 1.8193e+03 6.0296e+03 5.7000e+03 5.4549e+17 5.8749e+16 5.8749e+16 1.3738e-01 0.0000e+00 3.3438e+04 0.0000e+00
2.1900e+03 1.0334e-11 8.1899e-01 1.8187e+03 6.0276e+03 5.7000e+03 5.4969e+17 5.9098e+16 5.9098e+16 1.3696e-01 0.0000e+00 3.3528e+04 0.0000e+00
2.2000e+03 1.0295e-11 8.1835e-01 1.8181e+03 6.0256e+03 5.7000e+03 5.5392e+17 5.9450e+16 5.9450e+16 1.3654e-01 0.0000e+00 3.3617e+04 0.0000e+00
2.2100e+03 1.0255e-11 8.1771e-01 1.8175e+03 6.0236e+03 5.7000e+03 5.5820e+17 5.9805e+16 5.9805e+16 1.3612e-01 0.0000e+00 3.3707e+04 0.0000e+00
2.2200e+03 1.0216e-11 8.1708e-01 1.8169e+03 6.0217e+03 5.7000e+03 5.6251e+17 6.0162e+16 6.0162e+16 1.3571e-01 0.0000e+00 3.3798e+04 0.0000e+00
2.2300e+03 1.0177e-11 8.1645e-01 1.8163e+03 6.0197e+03 5.7000e+03 5.6687e+17 6.0521e+16 6.0521e+16 1.3529e-01 0.0000e+00 3.3888e+04 0.0000e+00
2.2400e+03 1.0137e-11 8.1582e-01 1.8157e+03 6.0177e+03 5.7000e+03 5.7126e+17 6.0883e+16 6.0883e+16 1.3488e-01 0.0000e+00 3.3979e+04 0.0000e+00
2.2500e+03 1.0099e-11 8.1519e-01 1.8151e+03 6.0157e+03 5.7000e+03 5.7569e+17 6.1248e+16 6.1248e+16 1.3446e-01 0.0000e+00 3.4071e+04 0.0000e+00
2.2600e+03 1.0060e-11 8.1457e-01 1.8145e+03 6.0137e+03 5.7000e+03 5.8017e+17 6.1615e+16 6.1615e+16 1.3405e-01 0.0000e+00 3.4162e+04 0.0000e+00
2.2700e+03 1.0021e-11 8.1394e-01 1.8139e+03 6.0117e+03 5.7000e+03 5.8468e+17 6.1984e+16 6.1984e+16 1.3363e-01 0.0000e+00 3.4254e+04 0.0000e+00
2.2800e+03 9.9826e-12 8.1332e-01 1.8133e+03 6.0097e+03 5.7000e+03 5.8924e+17 6.2357e+16 6.2357e+16 1.3322e-01 0.0000e+00 3.4347e+04 0.0000e+00
2.2900e+03 9.9443e-12 8.1271e-01 1.8127e+03 6.0077e+03 5.7000e+03 5.9384e+17 6.2731e+16 6.2731e+16 1.3281e-01 0.0000e+00 3.4439e+04 0.0000e+00
2.3000e+03 9.9061e-12 8.1209e-01 1.8121e+03 6.0057e+03 5.7000e+03 5.9848e+17 6.3109e+16 6.3109e+16 1.3240e-01 0.0000e+00 3.4532e+04 0.0000e+00
2.3100e+03 9.8681e-12 8.1148e-01 1.8114e+03 6.0037e+03 5.7000e+03 6.0316e+17 6.3489e+16 6.3489e+16 1.3199e-01 0.0000e+00 3.4626e+04 0.0000e+00
2.3200e+03 9.8302e-12 8.1087e-01 1.8108e+03 6.0017e+03 5.7000e+03 6.0789e+17 6.3871e+16 6.3871e+16 1.3159e-01 0.0000e+00 3.4719e+04 0.0000e+00
2.3300e+03 9.7924e-12 8.1027e-01 1.8102e+03 5.9997e+03 5.7000e+03 6.1266e+17 6.4256e+16 6.4256e+16 1.3118e-01 0.0000e+00 3.4813e+04 0.0000e+00
2.3400e+03 9.7548e-12 8.0966e-01 1.8096e+03 5.9977e+03 5.7000e+03 6.1747e+17 6.4644e+16 6.4644e+16 1.3077e-01 0.0000e+00 3.4908e+04 0.0000e+00
2.3500e+03 9.7174e-12 8.0906e-01 1.8090e+03 5.9957e+03 5.7000e+03 6.2233e+17 6.5034e+16 6.5034e+16 1.3037e-01 0.0000e+00 3.5002e+04 0.0000e+00
2.3600e+03 9.6801e-12 8.0846e-01 1.8084e+03 5.9937e+03 5.7000e+03 6.2723e+17 6.5427e+16 6.5427e+16 1.2996e-01 0.0000e+00 3.5097e+04 0.0000e+00
2.3700e+03 9.6429e-12 8.0786e-01 1.8078e+03 5.9917e+03 5.7000e+03 6.3217e+17 6.5823e+16 6.5823e+16 1.2956e-01 0.0000e+00 3.5192e+04 0.0000e+00
2.3800e+03 9.6059e-12 8.0726e-01 1.8072e+03 5.9897e+03 5.7000e+03 6.3716e+17 6.6221e+16 6.6221e+16 1.2916e-01 0.0000e+00 3.5288e+04 0.0000e+00
2.3900e+03 9.5690e-12 8.0667e-01 1.8066e+03 5.9877e+03 5.7000e+03 6.4220e+17 6.6623e+16 6.6623e+16 1.2876e-01 0.0000e+00 3.5384e+04 0.0000e+00
2.4000e+03 9.5322e-12 8.0607e-01 1.8060e+03 5.9857e+03 5.7000e+03 6.4727e+17 6.7026e+16 6.7026e+16 1.2836e-01 0.0000e+00 3.5480e+04 0.0000e+00
2.4100e+03 9.4956e-12 8.0548e-01 1.8054e+03 5.9837e+03 5.7000e+03 6.5240e+17 6.7433e+16 6.7433e+16 1.2796e-01 0.0000e+00 3.5576e+04 0.0000e+00
2.4200e+03 9.4592e-12 8.0489e-01 1.8048e+03 5.9817e+03 5.7000e+03 6.5757e+17 6.7842e+16 6.7842e+16 1.2756e-01 0.0000e+00 3.5673e+04 0.0000e+00
2.4300e+03 9.4228e-12 8.0430e-01 1.8042e+03 5.9797e+03 5.7000e+03 6.6279e+17 6.8254e+16 6.8254e+16 1.2716e-01 0.0000e+00 3.5770e+04 0.0000e+00
2.4400e+03 9.3867e-12 8.0371e-01 1.8036e+03 5.9777e+03 5.7000e+03 6.6805e+17 6.8668e+16 6.8668e+16 1.2677e-01 0.0000e+00 3.5868e+04 0.0000e+00
2.4500e+03 9.3506e-12 8.0313e-01 1.8030e+03 5.9757e+03 5.7000e+03 6.7336e+17 6.9086e+16 6.9086e+16 1.2637e-01 0.0000e+00 3.5965e+04 0.0000e+00
2.4600e+03 9.3147e-12 8.0255e-01 1.8024e+03 5.9737e+03 5.7000e+03 6.7872e+17 6.9506e+16 6.9506e+16 1.2598e-01 0.0000e+00 3.6064e+04 0.0000e+00
2.4700e+03 9.2789e-12 8.0196e-01 1.8018e+03 5.9717e+03 5.7000e+03 6.8413e+17 6.9929e+16 6.9929e+16 1.2559e-01 0.0000e+00 3.6162e+04 0.0000e+00
2.4800e+03 9.2433e-12 8.0138e-01 1.8012e+03 5.9698e+03 5.7000e+03 6.8959e+17 7.0354e+16 7.0354e+16 1.2519e-01 0.0000e+00 3.6261e+04 0.0000e+00
2.4900e+03 9.2078e-12 8.0080e-01 1.8006e+03 5.9678e+03 5.7000e+03 6.9509e+17 7.0783e+16 7.0783e+16 1.2480e-01 0.0000e+00 3.6360e+04 0.0000e+00
2.5000e+03 9.1725e-12 8.0023e-01 1.8000e+03 5.9658e+03 5.7000e+03 7.0064e+17 7.1214e+16 7.1214e+16 1.2441e-01 0.0000e+00 3.6459e+04 0.0000e+00
2.5100e+03 9.1372e-12 7.9965e-01 1.7994e+03 5.9638e+03 5.7000e+03 7.0625e+17 7.1648e+16 7.1648e+16 1.2403e-01 0.0000e+00 3.6558e+04 0.0000e+00
2.5200e+03 9.1022e-12 7.9907e-01 1.7988e+03 5.9618e+03 5.7000e+03 7.1190e+17 7.2085e+16 7.2085e+16 1.2364e-01 0.0000e+00 3.6658e+04 0.0000e+00
2.5300e+03 9.0672e-12 7.9850e-01 1.7982e+03 5.9598e+03 5.7000e+03 7.1760e+17 7.2525e+16 7.2525e+16 1.2325e-01 0.0000e+00 3.6759e+04 0.0000e+00
2.5400e+03 9.0324e-12 7.9793e-01 1.7976e+03 5.9578e+03 5.7000e+03 7.2335e+17 7.2967e+16 7.2967e+16 1.2287e-01 0.0000e+00 3.6859e+04 0.0000e+00
2.5500e+03 8.9977e-12 7.9735e-01 1.7970e+03 5.9558e+03 5.7000e+03 7.2916e+17 7.3413e+16 7.3413e+16 1.2248e-01 0.0000e+00 3.6960e+04 0.0000e+00
2.5600e+03 8.9631e-12 7.9678e-01 1.7964e+03 5.9538e+03 5.7000e+03 7.3501e+17 7.3861e+16 7.3861e+16 1.2210e-01 0.0000e+00 3.7061e+04 0.0000e+00
2.5700e+03 8.9287e-12 7.9621e-01 1.7958e+03 5.9518e+03 5.7000e+03 7.4092e+17 7.4312e+16 7.4312e+16 1.2172e-01 0.0000e+00 3.7163e+04 0.0000e+00
2.5800e+03 8.8944e-12 7.9564e-01 1.7952e+03 5.9498e+03 5.7000e+03 7.4688e+17 7.4766e+16 7.4766e+16 1.2134e-01 0.0000e+00 3.7264e+04 0.0000e+00
2.5900e+03 8.8603e-12 7.9508e-01 1.7946e+03 5.9478e+03 5.7000e+03 7.5290e+17 7.5224e+16 7.5224e+16 1.2096e-01 0.0000e+00 3.7366e+04 0.0000e+00
2.6000e+03 8.8263e-12 7.9451e-01 1.7940e+03 5.9458e+03 5.7000e+03 7.5896e+17 7.5684e+16 7.5684e+16 1.2058e-01 0.0000e+00 3.7469e+04 0.0000e+00
2.6100e+03 8.7924e-12 7.9394e-01 1.7934e+03 5.9439e+03 5.7000e+03 7.6508e+17 7.6147e+16 7.6147e+16 1.2020e-01 0.0000e+00 3.7571e+04 0.0000e+00
2.6200e+03 8.7586e-12 7.9338e-01 1.7928e+03 5.9419e+03 5.7000e+03 7.7126e+17 7.6613e+16 7.6613e+16 1.1983e-01 0.0000e+00 3.7674e+04 0.0000e+00
2.6300e+03 8.7250e-12 7.9281e-01 1.7922e+03 5.9399e+03 5.7000e+03 7.7749e+17 7.7081e+16 7.7081e+16 1.1945e-01 0.0000e+00 3.7778e+04 0.0000e+00
2.6400e+03 8.6915e-12 7.9225e-01 1.7916e+03 5.9379e+03 5.7000e+03 7.8377e+17 7.7553e+16 7.7553e+16 1.1908e-01 0.0000e+00 3.7881e+04 0.0000e+00
2.6500e+03 8.6581e-12 7.9169e-01 1.7910e+03 5.9359e+03 5.7000e+03 7.9011e+17 7.8028e+16 7.8028e+16 1.1870e-01 0.0000e+00 3.7985e+04 0.0000e+00
2.6600e+03 8.6248e-12 7.9112e-01 1.7904e+03 5.9339e+03 5.7000e+03 7.9651e+17 7.8506e+16 7.8506e+16 1.1833e-01 0.0000e+00 3.8089e+04 0.0000e+00
2.6700e+03 8.5917e-12 7.9056e-01 1.7898e+03 5.9319e+03 5.7000e+03 8.0296e+17 7.8987e+16 7.8987e+16 1.1796e-01 0.0000e+00 3.8194e+04 0.0000e+00
2.6800e+03 8.5587e-12 7.9000e-01 1.7892e+03 5.9300e+03 5.7000e+03 8.0947e+17 7.9471e+16 7.9471e+16 1.1759e-01 0.0000e+00 3.8298e+04 0.0000e+00
2.6900e+03 8.5259e-12 7.8944e-01 1.7886e+03 5.9280e+03 5.7000e+03 8.1603e+17 7.9958e+16 7.9958e+16 1.1722e-01 0.0000e+00 3.8404e+04 0.0000e+00
2.7000e+03 8.4931e-12 7.8888e-01 1.7880e+03 5.9260e+03 5.7000e+03 8.2266e+17 8.0449e+16 8.0449e+16 1.1686e-01 0.0000e+00 3.8509e+04 0.0000e+00
2.7100e+03 8.4605e-12 7.8832e-01 1.7874e+03 5.9240e+03 5.7000e+03 8.2934e+17 8.0942e+16 8.0942e+16 1.1649e-01 0.0000e+00 3.8615e+04 0.0000e+00
2.7200e+03 8.4280e-12 7.8777e-01 1.7868e+03 5.9220e+03 5.7000e+03 8.3608e+17 8.1438e+16 8.1438e+16 1.1613e-01 0.0000e+00 3.8721e+04 0.0000e+00
2.7300e+03 8.3957e-12 7.8721e-01 1.7862e+03 5.9201e+03 5.7000e+03 8.4288e+17 8.1938e+16 8.1938e+16 1.1576e-01 0.0000e+00 3.8827e+04 0.0000e+00
2.7400e+03 8.3634e-12 7.8665e-01 1.7856e+03 5.9181e+03 5.7000e+03 8.4974e+17 8.2440e+16 8.2440e+16 1.1540e-01 0.0000e+00 3.8933e+04 0.0000e+00
2.7500e+03 8.3313e-12 7.8610e-01 1.7850e+03 5.9161e+03 5.7000e+03 8.5666e+17 8.2946e+16 8.2946e+16 1.1504e-01 0.0000e+00 3.9040e+04 0.0000e+00
2.7600e+03 8.2993e-12 7.8554e-01 1.7844e+03 5.9141e+03 5.7000e+03 8.6364e+17 8.3455e+16 8.3455e+16 1.1468e-01 0.0000e+00 3.9148e+04 0.0000e+00
2.7700e+03 8.2675e-12 7.8498e-01 1.7838e+03 5.9122e+03 5.7000e+03 8.7068e+17 8.3967e+16 8.3967e+16 1.1432e-01 0.0000e+00 3.9255e+04 0.0000e+00
2.7800e+03 8.2357e-12 7.8443e-01 1.7832e+03 5.9102e+03 5.7000e+03 8.7779e+17 8.4483e+16 8.4483e+16 1.1396e-01 0.0000e+00 3.9363e+04 0.0000e+00
2.7900e+03 8.2041e-12 7.8387e-01 1.7826e+03 5.9082e+03 5.7000e+03 8.8496e+17 8.5001e+16 8.5001e+16 1.1360e-01 0.0000e+00 3.9471e+04 0.0000e+00
2.8000e+03 8.1726e-12 7.8332e-01 1.7820e+03 5.9062e+03 5.7000e+03 8.9218e+17 8.5523e+16 8.5523e+16 1.1324e-01 0.0000e+00 3.9579e+04 0.0000e+00
2.8100e+03 8.1412e-12 7.8277e-01 1.7814e+03 5.9043e+03 5.7000e+03 8.9948e+17 8.6048e+16 8.6048e+16 1.1289e-01 0.0000e+00 3.9688e+04 0.0000e+00
2.8200e+03 8.1099e-12 7.8221e-01 1.7809e+03 5.9023e+03 5.7000e+03 9.0684e+17 8.6577e+16 8.6577e+16 1.1254e-01 0.0000e+00 3.9797e+04 0.0000e+00
2.8300e+03 8.0788e-12 7.8166e-01 1.7803e+03 5.9003e+03 5.7000e+03 9.1426e+17 8.7108e+16 8.7108e+16 1.1218e-01 0.0000e+00 3.9906e+04 0.0000e+00
2.8400e+03 8.0478e-12 7.8111e-01 1.7797e+03 5.8984e+03 5.7000e+03 9.2174e+17 8.7643e+16 8.7643e+16 1.1183e-01 0.0000e+00 4.0016e+04 0.0000e+00
2.8500e+03 8.0169e-12 7.8055e-01 1.7791e+03 5.8964e+03 5.7000e+03 9.2930e+17 8.8181e+16 8.8181e+16 1.1148e-01 0.0000e+00 4.0126e+04 0.0000e+00
2.8600e+03 7.9861e-12 7.8000e-01 1.7785e+03 5.8944e+03 5.7000e+03 9.3691e+17 8.8723e+16 8.8723e+16 1.1113e-01 0.0000e+00 4.0236e+04 0.0000e+00
2.8700e+03 7.9554e-12 7.7945e-01 1.7779e+03 5.8925e+03 5.7000e+03 9.4460e+17 8.9268e+16 8.9268e+16 1.1078e-01 0.0000e+00 4.0346e+04 0.0000e+00
2.8800e+03 7.9249e-12 7.7890e-01 1.7773e+03 5.8905e+03 5.7000e+03 9.5235e+17 8.9816e+16 8.9816e+16 1.1044e-01 0.0000e+00 4.0457e+04 0.0000e+00
2.8900e+03 7.8944e-12 7.7835e-01 1.7767e+03 5.8886e+03 5.7000e+03 9.6017e+17 9.0368e+16 9.0368e+16 1.1009e-01 0.0000e+00 4.0568e+04 0.0000e+00
2.9000e+03 7.8641e-12 7.7779e-01 1.7761e+03 5.8866e+03 5.7000e+03 9.6806e+17 9.0923e+16 9.0923e+16 1.0974e-01 0.0000e+00 4.0680e+04 0.0000e+00
2.9100e+03 7.8339e-12 7.7724e-01 1.7755e+03 5.8847e+03 5.7000e+03 9.7602e+17 9.1481e+16 9.1481e+16 1.0940e-01 0.0000e+00 4.0791e+04 0.0000e+00
2.9200e+03 7.8038e-12 7.7669e-01 1.7749e+03 5.8827e+03 5.7000e+03 9.8405e+17 9.2043e+16 9.2043e+16 1.0906e-01 0.0000e+00 4.0903e+04 0.0000e+00
2.9300e+03 7.7739e-12 7.7614e-01 1.7743e+03 5.8807e+03 5.7000e+03 9.9214e+17 9.2609e+16 9.2609e+16 1.0872e-01 0.0000e+00 4.1016e+04 0.0000e+00
2.9400e+03 7.7440e-12 7.7559e-01 1.7738e+03 5.8788e+03 5.7000e+03 1.0003e+18 9.3177e+16 9.3177e+16 1.0838e-01 0.0000e+00 4.1128e+04 0.0000e+00
2.9500e+03 7.7143e-12 7.7504e-01 1.7732e+03 5.8768e+03 5.7000e+03 1.0086e+18 9.3750e+16 9.3750e+16 1.0804e-01 0.0000e+00 4.1241e+04 0.0000e+00
2.9600e+03 7.6847e-12 7.7449e-01 1.7726e+03 5.8749e+03 5.7000e+03 1.0169e+18 9.4326e+16 9.4326e+16 1.0770e-01 0.0000e+00 4.1354e+04 0.0000e+00
2.9700e+03 7.6551e-12 7.7394e-01 1.7720e+03 5.8729e+03 5.7000e+03 1.0253e+18 9.4905e+16 9.4905e+16 1.0736e-01 0.0000e+00 4.1468e+04 0.0000e+00
2.9800e+03 7.6258e-12 7.7339e-01 1.7714e+03 5.8710e+03 5.7000e+03 1.0337e+18 9.5488e+16 9.5488e+16 1.0702e-01 0.0000e+00 4.1581e+04 0.0000e+00
2.9900e+03 7.5965e-12 7.7284e-01 1.7708e+03 5.8690e+03 5.7000e+03 1.0422e+18 9.6074e+16 9.6074e+16 1.0669e-01 0.0000e+00 4.1695e+04 0.0000e+00
3.0000e+03 7.5673e-12 7.7229e-01 1.7702e+03 5.8671e+03 5.7000e+03 1.0508e+18 9.6664e+16 9.6664e+16 1.0636e-01 0.0000e+00 4.1810e+04 0.0000e+00
3.0100e+03 7.5382e-12 7.7174e-01 1.7696e+03 5.8652e+03 5.7000e+03 1.0595e+18 9.7258e+16 9.7258e+16 1.0602e-01 0.0000e+00 4.1925e+04 0.0000e+00
3.0200e+03 7.5093e-12 7.7119e-01 1.7691e+03 5.8632e+03 5.7000e+03 1.0683e+18 9.7855e+16 9.7855e+16 1.0569e-01 0.0000e+00 4.2040e+04 0.0000e+00
3.0300e+03 7.4805e-12 7.7064e-01 1.7685e+03 5.8613e+03 5.7000e+03 1.0771e+18 9.8456e+16 9.8456e+16 1.0536e-01 0.0000e+00 4.2155e+04 0.0000e+00
3.0400e+03 7.4517e-12 7.7009e-01 1.7679e+03 5.8593e+03 5.7000e+03 1.0860e+18 9.9060e+16 9.9060e+16 1.0503e-01 0.0000e+00 4.2270e+04 0.0000e+00
3.0500e+03 7.4231e-12 7.6954e-01 1.7673e+03 5.8574e+03 5.7000e+03 1.0950e+18 9.9668e+16 9.9668e+16 1.0470e-01 0.0000e+00 4.2386e+04 0.0000e+00
3.0600e+03 7.3946e-12 7.6899e-01 1.7667e+03 5.8555e+03 5.7000e+03 1.1041e+18 1.0028e+17 1.0028e+17 1.0437e-01 0.0000e+00 4.2502e+04 0.0000e+00
3.0700e+03 7.3662e-12 7.6844e-01 1.7661e+03 5.8535e+03 5.7000e+03 1.1132e+18 1.0090e+17 1.0090e+17 1.0405e-01 0.0000e+00 4.2619e+04 0.0000e+00
3.0800e+03 7.3379e-12 7.6789e-01 1.7656e+03 5.8516e+03 5.7000e+03 1.1225e+18 1.0152e+17 1.0152e+17 1.0372e-01 0.0000e+00 4.2736e+04 0.0000e+00
3.0900e+03 7.3098e-12 7.6734e-01 1.7650e+03 5.8497e+03 5.7000e+03 1.1318e+18 1.0214e+17 1.0214e+17 1.0340e-01 0.0000e+00 4.2853e+04 0.0000e+00
3.1000e+03 7.2817e-12 7.6679e-01 1.7644e+03 5.8477e+03 5.7000e+03 1.1412e+18 1.0276e+17 1.0276e+17 1.0308e-01 0.0000e+00 4.2970e+04 0.0000e+00
3.1100e+03 7.2537e-12 7.6623e-01 1.7638e+03 5.8458e+03 5.7000e+03 1.1506e+18 1.0340e+17 1.0340e+17 1.0275e-01 0.0000e+00 4.3088e+04 0.0000e+00
3.1200e+03 7.2259e-12 7.6568e-01 1.7632e+03 5.8439e+03 5.7000e+03 1.1602e+18 1.0403e+17 1.0403e+17 1.0243e-01 0.0000e+00 4.3206e+04 0.0000e+00
3.1300e+03 7.1981e-12 7.6513e-01 1.7626e+03 5.8419e+03 5.7000e+03 1.1698e+18 1.0467e+17 1.0467e+17 1.0211e-01 0.0000e+00 4.3324e+04 0.0000e+00
3.1400e+03 7.1705e-12 7.6458e-01 1.7621e+03 5.8400e+03 5.7000e+03 1.1796e+18 1.0531e+17 1.0531e+17 1.0179e-01 0.0000e+00 4.3443e+04 0.0000e+00
3.1500e+03 7.1429e-12 7.6403e-01 1.7615e+03 5.8381e+03 5.7000e+03 1.1894e+18 1.0596e+17 1.0596e+17 1.0148e-01 0.0000e+00 4.3562e+04 0.0000e+00
3.1600e+03 7.1155e-12 7.6348e-01 1.7609e+03 5.8362e+03 5.7000e+03 1.1993e+18 1.0661e+17 1.0661e+17 1.0116e-01 0.0000e+00 4.3681e+04 0.0000e+00
3.1700e+03 7.0882e-12 7.6293e-01 1.7603e+03 5.8343e+03 5.7000e+03 1.2092e+18 1.0726e+17 1.0726e+17 1.0084e-01 0.0000e+00 4.3800e+04 0.0000e+00
3.1800e+03 7.0610e-12 7.6238e-01 1.7597e+03 5.8323e+03 5.7000e+03 1.2193e+18 1.0792e+17 1.0792e+17 1.0053e-01 0.0000e+00 4.3920e+04 0.0000e+00
3.1900e+03 7.0339e-12 7.6183e-01 1.7592e+03 5.8304e+03 5.7000e+03 1.2295e+18 1.0858e+17 1.0858e+17 1.0022e-01 0.0000e+00 4.4040e+04 0.0000e+00
3.2000e+03 7.0069e-12 7.6127e-01 1.7586e+03 5.8285e+03 5.7000e+03 1.2397e+18 1.0924e+17 1.0924e+17 9.9903e-02 0.0000e+00 4.4160e+04 0.0000e+00
3.2100e+03 6.9799e-12 7.6072e-01 1.7580e+03 5.8266e+03 5.7000e+03 1.2500e+18 1.0991e+17 1.0991e+17 9.9592e-02 0.0000e+00 4.4281e+04 0.0000e+00
3.2200e+03 6.9531e-12 7.6017e-01 1.7574e+03 5.8247e+03 5.7000e+03 1.2605e+18 1.1059e+17 1.1059e+17 9.9281e-02 0.0000e+00 4.4402e+04 0.0000e+00
3.2300e+03 6.9264e-12 7.5962e-01 1.7569e+03 5.8228e+03 5.7000e+03 1.2710e+18 1.1126e+17 1.1126e+17 9.8972e-02 0.0000e+00 4.4523e+04 0.0000e+00
3.2400e+03 6.8998e-12 7.5907e-01 1.7563e+03 5.8209e+03 5.7000e+03 1.2816e+18 1.1194e+17 1.1194e+17 9.8664e-02 0.0000e+00 4.4645e+04 0.0000e+00
3.2500e+03 6.8733e-12 7.5851e-01 1.7557e+03 5.8190e+03 5.7000e+03 1.2923e+18 1.1263e+17 1.1263e+17 9.8356e-02 0.0000e+00 4.4767e+04 0.0000e+00
3.2600e+03 6.8470e-12 7.5796e-01 1.7551e+03 5.8170e+03 5.7000e+03 1.3031e+18 1.1332e+17 1.1332e+17 9.8050e-02 0.0000e+00 4.4889e+04 0.0000e+00
3.2700e+03 6.8207e-12 7.5741e-01 1.7546e+03 5.8151e+03 5.7000e+03 1.3140e+18 1.1401e+17 1.1401e+17 9.7745e-02 0.0000e+00 4.5012e+04 0.0000e+00
3.2800e+03 6.7945e-12 7.5685e-01 1.7540e+03 5.8132e+03 5.7000e+03 1.3249e+18 1.1471e+17 1.1471e+17 9.7441e-02 0.0000e+00 4.5135e+04 0.0000e+00
3.2900e+03 6.7684e-12 7.5630e-01 1.7534e+03 5.8113e+03 5.7000e+03 1.3360e+18 1.1541e+17 1.1541e+17 9.7138e-02 0.0000e+00 4.5258e+04 0.0000e+00
3.3000e+03 6.7424e-12 7.5575e-01 1.7528e+03 5.8094e+03 5.7000e+03 1.3472e+18 1.1612e+17 1.1612e+17 9.6836e-02 0.0000e+00 4.5381e+04 0.0000e+00
3.3100e+03 6.7165e-12 7.5519e-01 1.7523e+03 5.8075e+03 5.7000e+03 1.3585e+18 1.1683e+17 1.1683e+17 9.6535e-02 0.0000e+00 4.5505e+04 0.0000e+00
3.3200e+03 6.6907e-12 7.5464e-01 1.7517e+03 5.8056e+03 5.7000e+03 1.3698e+18 1.1754e+17 1.1754e+17 9.6234e-02 0.0000e+00 4.5629e+04 0.0000e+00
3.3300e+03 6.6650e-12 7.5408e-01 1.7511e+03 5.8038e+03 5.7000e+03 1.3813e+18 1.1826e+17 1.1826e+17 9.5935e-02 0.0000e+00 4.5753e+04 0.0000e+00
3.3400e+03 6.6394e-12 7.5353e-01 1.7505e+03 5.8019e+03 5.7000e+03 1.3929e+18 1.1899e+17 1.1899e+17 9.5637e-02 0.0000e+00 4.5878e+04 0.0000e+00
3.3500e+03 6.6139e-12 7.5297e-01 1.7500e+03 5.8000e+03 5.7000e+03 1.4046e+18 1.1971e+17 1.1971e+17 9.5340e-02 0.0000e+00 4.6003e+04 0.0000e+00
3.3600e+03 6.5885e-12 7.5242e-01 1.7494e+03 5.7981e+03 5.7000e+03 1.4163e+18 1.2044e+17 1.2044e+17 9.5044e-02 0.0000e+00 4.6128e+04 0.0000e+00
3.3700e+03 6.5632e-12 7.5186e-01 1.7488e+03 5.7962e+03 5.7000e+03 1.4282e+18 1.2118e+17 1.2118e+17 9.4750e-02 0.0000e+00 4.6254e+04 0.0000e+00
3.3800e+03 6.5380e-12 7.5131e-01 1.7483e+03 5.7943e+03 5.7000e+03 1.4402e+18 1.2192e+17 1.2192e+17 9.4456e-02 0.0000e+00 4.6380e+04 0.0000e+00
3.3900e+03 6.5129e-12 7.5075e-01 1.7477e+03 5.7924e+03 5.7000e+03 1.4523e+18 1.2267e+17 1.2267e+17 9.4163e-02 0.0000e+00 4.6506e+04 0.0000e+00
3.4000e+03 6.4879e-12 7.5019e-01 1.7471e+03 5.7905e+03 5.7000e+03 1.4645e+18 1.2341e+17 1.2341e+17 9.3871e-02 0.0000e+00 4.6632e+04 0.0000e+00
3.4100e+03 6.4630e-12 7.4963e-01 1.7466e+03 5.7887e+03 5.7000e+03 1.4768e+18 1.2417e+17 1.2417e+17 9.3580e-02 0.0000e+00 4.6759e+04 0.0000e+00
3.4200e+03 6.4382e-12 7.4908e-01 1.7460e+03 5.7868e+03 5.7000e+03 1.4892e+18 1.2493e+17 1.2493e+17 9.3290e-02 0.0000e+00 4.6886e+04 0.0000e+00
3.4300e+03 6.4135e-12 7.4852e-01 1.7454e+03 5.7849e+03 5.7000e+03 1.5017e+18 1.2569e+17 1.2569e+17 9.3001e-02 0.0000e+00 4.7014e+04 0.0000e+00
3.4400e+03 6.3888e-12 7.4796e-01 1.7449e+03 5.7830e+03 5.7000e+03 1.5143e+18 1.2645e+17 1.2645e+17 9.2713e-02 0.0000e+00 4.7141e+04 0.0000e+00
3.4500e+03 6.3643e-12 7.4740e-01 1.7443e+03 5.7811e+03 5.7000e+03 1.5271e+18 1.2723e+17 1.2723e+17 9.2426e-02 0.0000e+00 4.7269e+04 0.0000e+00
3.4600e+03 6.3399e-12 7.4684e-01 1.7437e+03 5.7793e+03 5.7000e+03 1.5399e+18 1.2800e+17 1.2800e+17 9.2140e-02 0.0000e+00 4.7398e+04 0.0000e+00
3.4700e+03 6.3155e-12 7.4629e-01 1.7432e+03 5.7774e+03 5.7000e+03 1.5529e+18 1.2878e+17 1.2878e+17 9.1855e-02 0.0000e+00 4.7526e+04 0.0000e+00
3.4800e+03 6.2913e-12 7.4573e-01 1.7426e+03 5.7755e+03 5.7000e+03 1.5659e+18 1.2957e+17 1.2957e+17 9.1570e-02 0.0000e+00 4.7655e+04 0.0000e+00
3.4900e+03 6.2671e-12 7.4517e-01 1.7420e+03 5.7737e+03 5.7000e+03 1.5791e+18 1.3036e+17 1.3036e+17 9.1287e-02 0.0000e+00 4.7784e+04 0.0000e+00
3.5000e+03 6.2430e-12 7.4461e-01 1.7415e+03 5.7718e+03 5.7000e+03 1.5924e+18 1.3115e+17 1.3115e+17 9.1005e-02 0.0000e+00 4.7914e+04 0.0000e+00
3.5100e+03 6.2191e-12 7.4405e-01 1.7409e+03 5.7699e+03 5.7000e+03 1.6058e+18 1.3195e+17 1.3195e+17 9.0724e-02 0.0000e+00 4.8044e+04 0.0000e+00
3.5200e+03 6.1952e-12 7.4348e-01 1.7404e+03 5.7681e+03 5.7000e+03 1.6194e+18 1.3275e+17 1.3275e+17 9.0444e-02 0.0000e+00 4.8174e+04 0.0000e+00
3.5300e+03 6.1714e-12 7.4292e-01 1.7398e+03 5.7662e+03 5.7000e+03 1.6330e+18 1.3356e+17 1.3356e+17 9.0165e-02 0.0000e+00 4.8305e+04 0.0000e+00
3.5400e+03 6.1477e-12 7.4236e-01 1.7392e+03 5.7643e+03 5.7000e+03 1.6468e+18 1.3437e+17 1.3437e+17 8.9886e-02 0.0000e+00 4.8435e+04 0.0000e+00
3.5500e+03 6.1241e-12 7.4180e-01 1.7387e+03 5.7625e+03 5.7000e+03 1.6607e+18 1.3519e+17 1.3519e+17 8.9609e-02 0.0000e+00 4.8567e+04 0.0000e+00
3.5600e+03 6.1006e-12 7.4124e-01 1.7381e+03 5.7606e+03 5.7000e+03 1.6747e+18 1.3601e+17 1.3601e+17 8.9333e-02 0.0000e+00 4.8698e+04 0.0000e+00
3.5700e+03 6.0771e-12 7.4067e-01 1.7375e+03 5.7588e+03 5.7000e+03 1.6889e+18 1.3684e+17 1.3684e+17 8.9057e-02 0.0000e+00 4.8830e+04 0.0000e+00
3.5800e+03 6.0538e-12 7.4011e-01 1.7370e+03 5.7569e+03 5.7000e+03 1.7032e+18 1.3767e+17 1.3767e+17 8.8783e-02 0.0000e+00 4.8962e+04 0.0000e+00
3.5900e+03 6.0306e-12 7.3955e-01 1.7364e+03 5.7551e+03 5.7000e+03 1.7175e+18 1.3851e+17 1.3851e+17 8.8509e-02 0.0000e+00 4.9094e+04 0.0000e+00
3.6000e+03 6.0074e-12 7.3898e-01 1.7359e+03 5.7532e+03 5.7000e+03 1.7321e+18 1.3935e+17 1.3935e+17 8.8237e-02 0.0000e+00 4.9227e+04 0.0000e+00
3.6100e+03 5.9843e-12 7.3842e-01 1.7353e+03 5.7514e+03 5.7000e+03 1.7467e+18 1.4019e+17 1.4019e+17 8.7965e-02 0.0000e+00 4.9360e+04 0.0000e+00
3.6200e+03 5.9614e-12 7.3785e-01 1.7348e+03 5.7495e+03 5.7000e+03 1.7615e+18 1.4105e+17 1.4105e+17 8.7694e-02 0.0000e+00 4.9493e+04 0.0000e+00
3.6300e+03 5.9385e-12 7.3729e-01 1.7342e+03 5.7477e+03 5.7000e+03 1.7764e+18 1.4190e+17 1.4190e+17 8.7425e-02 0.0000e+00 4.9627e+04 0.0000e+00
3.6400e+03 5.9157e-12 7.3672e-01 1.7336e+03 5.7458e+03 5.7000e+03 1.7914e+18 1.4276e+17 1.4276e+17 8.7156e-02 0.0000e+00 4.9761e+04 0.0000e+00
3.6500e+03 5.8929e-12 7.3616e-01 1.7331e+03 5.7440e+03 5.7000e+03 1.8066e+18 1.4363e+17 1.4363e+17 8.6888e-02 0.0000e+00 4.9895e+04 0.0000e+00
3.6600e+03 5.8703e-12 7.3559e-01 1.7325e+03 5.7422e+03 5.7000e+03 1.8219e+18 1.4450e+17 1.4450e+17 8.6621e-02 0.0000e+00 5.0029e+04 0.0000e+00
3.6700e+03 5.8478e-12 7.3502e-01 1.7320e+03 5.7403e+03 5.7000e+03 1.8373e+18 1.4538e+17 1.4538e+17 8.6355e-02 0.0000e+00 5.0164e+04 0.0000e+00
3.6800e+03 5.8253e-12 7.3446e-01 1.7314e+03 5.7385e+03 5.7000e+03 1.8529e+18 1.4626e+17 1.4626e+17 8.6090e-02 0.0000e+00 5.0300e+04 0.0000e+00
3.6900e+03 5.8029e-12 7.3389e-01 1.7309e+03 5.7366e+03 5.7000e+03 1.8686e+18 1.4714e+17 1.4714e+17 8.5825e-02 0.0000e+00 5.0435e+04 0.0000e+00
3.7000e+03 5.7807e-12 7.3332e-01 1.7303e+03 5.7348e+03 5.7000e+03 1.8845e+18 1.4803e+17 1.4803e+17 8.5562e-02 0.0000e+00 5.0571e+04 0.0000e+00
3.7100e+03 5.7585e-12 7.3275e-01 1.7298e+03 5.7330e+03 5.7000e+03 1.9004e+18 1.4893e+17 1.4893e+17 8.5300e-02 0.0000e+00 5.0707e+04 0.0000e+00
3.7200e+03 5.7364e-12 7.3218e-01 1.7292e+03 5.7312e+03 5.7000e+03 1.9166e+18 1.4983e+17 1.4983e+17 8.5038e-02 0.0000e+00 5.0844e+04 0.0000e+00
3.7300e+03 5.7143e-12 7.3161e-01 1.7287e+03 5.7293e+03 5.7000e+03 1.9328e+18 1.5074e+17 1.5074e+17 8.4778e-02 0.0000e+00 5.0980e+04 0.0000e+00
3.7400e+03 5.6924e-12 7.3104e-01 1.7281e+03 5.7275e+03 5.7000e+03 1.9493e+18 1.5165e+17 1.5165e+17 8.4518e-02 0.0000e+00 5.1117e+04 0.0000e+00
3.7500e+03 5.6705e-12 7.3047e-01 1.7276e+03 5.7257e+03 5.7000e+03 1.9658e+18 1.5257e+17 1.5257e+17 8.4259e-02 0.0000e+00 5.1255e+04 0.0000e+00
3.7600e+03 5.6488e-12 7.2990e-01 1.7270e+03 5.7239e+03 5.7000e+03 1.9825e+18 1.5349e+17 1.5349e+17 8.4001e-02 0.0000e+00 5.1393e+04 0.0000e+00
3.7700e+03 5.6271e-12 7.2933e-01 1.7265e+03 5.7220e+03 5.7000e+03 1.9994e+18 1.5442e+17 1.5442e+17 8.3744e-02 0.0000e+00 5.1531e+04 0.0000e+00
3.7800e+03 5.6055e-12 7.2876e-01 1.7259e+03 5.7202e+03 5.7000e+03 2.0164e+18 1.5535e+17 1.5535e+17 8.3488e-02 0.0000e+00 5.1669e+04 0.0000e+00
3.7900e+03 5.5839e-12 7.2819e-01 1.7254e+03 5.7184e+03 5.7000e+03 2.0335e+18 1.5629e+17 1.5629e+17 8.3233e-02 0.0000e+00 5.1808e+04 0.0000e+00
3.8000e+03 5.5625e-12 7.2761e-01 1.7248e+03 5.7166e+03 5.7000e+03 2.0508e+18 1.5723e+17 1.5723e+17 8.2979e-02 0.0000e+00 5.1947e+04 0.0000e+00
3.8100e+03 5.5411e-12 7.2704e-01 1.7243e+03 5.7148e+03 5.7000e+03 2.0683e+18 1.5818e+17 1.5818e+17 8.2725e-02 0.0000e+00 5.2086e+04 0.0000e+00
3.8200e+03 5.5198e-12 7.2647e-01 1.7237e+03 5.7130e+03 5.7000e+03 2.0859e+18 1.5914e+17 1.5914e+17 8.2472e-02 0.0000e+00 5.2226e+04 0.0000e+00
3.8300e+03 5.4987e-12 7.2589e-01 1.7232e+03 5.7111e+03 5.7000e+03 2.1036e+18 1.6010e+17 1.6010e+17 8.2221e-02 0.0000e+00 5.2365e+04 0.0000e+00
3.8400e+03 5.4775e-12 7.2532e-01 1.7226e+03 5.7093e+03 5.7000e+03 2.1216e+18 1.6106e+17 1.6106e+17 8.1970e-02 0.0000e+00 5.2506e+04 0.0000e+00
3.8500e+03 5.4565e-12 7.2474e-01 1.7221e+03 5.7075e+03 5.7000e+03 2.1396e+18 1.6203e+17 1.6203e+17 8.1720e-02 0.0000e+00 5.2646e+04 0.0000e+00
3.8600e+03 5.4355e-12 7.2417e-01 1.7215e+03 5.7057e+03 5.7000e+03 2.1579e+18 1.6301e+17 1.6301e+17 8.1471e-02 0.0000e+00 5.2787e+04 0.0000e+00
3.8700e+03 5.4147e-12 7.2359e-01 1.7210e+03 5.7039e+03 5.7000e+03 2.1763e+18 1.6399e+17 1.6399e+17 8.1223e-02 0.0000e+00 5.2929e+04 0.0000e+00
3.8800e+03 5.3939e-12 7.2301e-01 1.7205e+03 5.7021e+03 5.7000e+03 2.1948e+18 1.6498e+17 1.6498e+17 8.0975e-02 0.0000e+00 5.3070e+04 0.0000e+00
3.8900e+03 5.3732e-12 7.2244e-01 1.7199e+03 5.7003e+03 5.7000e+03 2.2136e+18 1.6597e+17 1.6597e+17 8.0729e-02 0.0000e+00 5.3212e+04 0.0000e+00
3.9000e+03 5.3525e-12 7.2186e-01 1.7194e+03 5.6985e+03 5.7000e+03 2.2324e+18 1.6697e+17 1.6697e+17 8.0483e-02 0.0000e+00 5.3354e+04 0.0000e+00
3.9100e+03 5.3320e-12 7.2128e-01 1.7188e+03 5.6967e+03 5.7000e+03 2.2515e+18 1.6798e+17 1.6798e+17 8.0238e-02 0.0000e+00 5.3497e+04 0.0000e+00
3.9200e+03 5.3115e-12 7.2070e-01 1.7183e+03 5.6949e+03 5.7000e+03 2.2707e+18 1.6899e+17 1.6899e+17 7.9994e-02 0.0000e+00 5.3640e+04 0.0000e+00
3.9300e+03 5.2911e-12 7.2012e-01 1.7177e+03 5.6931e+03 5.7000e+03 2.2901e+18 1.7000e+17 1.7000e+17 7.9751e-02 0.0000e+00 5.3783e+04 0.0000e+00
3.9400e+03 5.2708e-12 7.1955e-01 1.7172e+03 5.6913e+03 5.7000e+03 2.3097e+18 1.7102e+17 1.7102e+17 7.9509e-02 0.0000e+00 5.3926e+04 0.0000e+00
3.9500e+03 5.2506e-12 7.1897e-01 1.7167e+03 5.6896e+03 5.7000e+03 2.3294e+18 1.7205e+17 1.7205e+17 7.9267e-02 0.0000e+00 5.4070e+04 0.0000e+00
3.9600e+03 5.2304e-12 7.1839e-01 1.7161e+03 5.6878e+03 5.7000e+03 2.3493e+18 1.7308e+17 1.7308e+17 7.9027e-02 0.0000e+00 5.4214e+04 0.0000e+00
3.9700e+03 5.2103e-12 7.1780e-01 1.7156e+03 5.6860e+03 5.7000e+03 2.3694e+18 1.7412e+17 1.7412e+17 7.8787e-02 0.0000e+00 5.4359e+04 0.0000e+00
3.9800e+03 5.1903e-12 7.1722e-01 1.7150e+03 5.6842e+03 5.7000e+03 2.3897e+18 1.7517e+17 1.7517e+17 7.8548e-02 0.0000e+00 5.4503e+04 0.0000e+00
3.9900e+03 5.1704e-12 7.1664e-01 1.7145e+03 5.6824e+03 5.7000e+03 2.4102e+18 1.7622e+17 1.7622e+17 7.8310e-02 0.0000e+00 5.4649e+04 0.0000e+00
4.0000e+03 5.1505e-12 7.1606e-01 1.7140e+03 5.6806e+03 5.7000e+03 2.4308e+18 1.7728e+17 1.7728e+17 7.8073e-02 0.0000e+00 5.4794e+04 0.0000e+00
4.0100e+03 5.1307e-12 7.1548e-01 1.7134e+03 5.6789e+03 5.7000e+03 2.4516e+18 1.7834e+17 1.7834e+17 7.7836e-02 0.0000e+00 5.4940e+04 0.0000e+00
4.0200e+03 5.1110e-12 7.1489e-01 1.7129e+03 5.6771e+03 5.7000e+03 2.4726e+18 1.7941e+17 1.7941e+17 7.7601e-02 0.0000e+00 5.5086e+04 0.0000e+00
4.0300e+03 5.0914e-12 7.1431e-01 1.7124e+03 5.6753e+03 5.7000e+03 2.4938e+18 1.8048e+17 1.8048e+17 7.7366e-02 0.0000e+00 5.5232e+04 0.0000e+00
4.0400e+03 5.0719e-12 7.1373e-01 1.7118e+03 5.6735e+03 5.7000e+03 2.5151e+18 1.8156e+17 1.8156e+17 7.7132e-02 0.0000e+00 5.5379e+04 0.0000e+00
4.0500e+03 5.0524e-12 7.1314e-01 1.7113e+03 5.6718e+03 5.7000e+03 2.5367e+18 1.8265e+17 1.8265e+17 7.6899e-02 0.0000e+00 5.5526e+04 0.0000e+00
4.0600e+03 5.0330e-12 7.1256e-01 1.7108e+03 5.6700e+03 5.7000e+03 2.5585e+18 1.8374e+17 1.8374e+17 7.6666e-02 0.0000e+00 5.5674e+04 0.0000e+00
4.0700e+03 5.0137e-12 7.1197e-01 1.7102e+03 5.6682e+03 5.7000e+03 2.5804e+18 1.8484e+17 1.8484e+17 7.6435e-02 0.0000e+00 5.5821e+04 0.0000e+00
4.0800e+03 4.9944e-12 7.1138e-01 1.7097e+03 5.6665e+03 5.7000e+03 2.6025e+18 1.8595e+17 1.8595e+17 7.6204e-02 0.0000e+00 5.5969e+04 0.0000e+00
4.0900e+03 4.9752e-12 7.1080e-01 1.7092e+03 5.6647e+03 5.7000e+03 2.6249e+18 1.8706e+17 1.8706e+17 7.5974e-02 0.0000e+00 5.6118e+04 0.0000e+00
4.1000e+03 4.9561e-12 7.1021e-01 1.7086e+03 5.6629e+03 5.7000e+03 2.6474e+18 1.8818e+17 1.8818e+17 7.5745e-02 0.0000e+00 5.6267e+04 0.0000e+00
4.1100e+03 4.9371e-12 7.0962e-01 1.7081e+03 5.6612e+03 5.7000e+03 2.6701e+18 1.8930e+17 1.8930e+17 7.5516e-02 0.0000e+00 5.6416e+04 0.0000e+00
4.1200e+03 4.9181e-12 7.0903e-01 1.7076e+03 5.6594e+03 5.7000e+03 2.6931e+18 1.9043e+17 1.9043e+17 7.5289e-02 0.0000e+00 5.6565e+04 0.0000e+00
4.1300e+03 4.8992e-12 7.0845e-01 1.7070e+03 5.6576e+03 5.7000e+03 2.7162e+18 1.9157e+17 1.9157e+17 7.5062e-02 0.0000e+00 5.6715e+04 0.0000e+00
4.1400e+03 4.8804e-12 7.0786e-01 1.7065e+03 5.6559e+03 5.7000e+03 2.7396e+18 1.9271e+17 1.9271e+17 7.4836e-02 0.0000e+00 5.6865e+04 0.0000e+00
4.1500e+03 4.8617e-12 7.0727e-01 1.7060e+03 5.6541e+03 5.7000e+03 2.7631e+18 1.9386e+17 1.9386e+17 7.4611e-02 0.0000e+00 5.7015e+04 0.0000e+00
4.1600e+03 4.8430e-12 7.0668e-01 1.7054e+03 5.6524e+03 5.7000e+03 2.7869e+18 1.9502e+17 1.9502e+17 7.4386e-02 0.0000e+00 5.7166e+04 0.0000e+00
4.1700e+03 4.8244e-12 7.0609e-01 1.7049e+03 5.6506e+03 5.7000e+03 2.8109e+18 1.9618e+17 1.9618e+17 7.4163e-02 0.0000e+00 5.7317e+04 0.0000e+00
4.1800e+03 4.8059e-12 7.0550e-01 1.7044e+03 5.6489e+03 5.7000e+03 2.8350e+18 1.9735e+17 1.9735e+17 7.3940e-02 0.0000e+00 5.7468e+04 0.0000e+00
4.1900e+03 4.7874e-12 7.0490e-01 1.7039e+03 5.6471e+03 5.7000e+03 2.8594e+18 1.9852e+17 1.9852e+17 7.3718e-02 0.0000e+00 5.7620e+04 0.0000e+00
4.2000e+03 4.7691e-12 7.0431e-01 1.7033e+03 5.6454e+03 5.7000e+03 2.8841e+18 1.9971e+17 1.9971e+17 7.3496e-02 0.0000e+00 5.7772e+04 0.0000e+00
4.2100e+03 4.7507e-12 7.0372e-01 1.7028e+03 5.6436e+03 5.7000e+03 2.9089e+18 2.0089e+17 2.0089e+17 7.3276e-02 0.0000e+00 5.7924e+04 0.0000e+00
4.2200e+03 4.7325e-12 7.0313e-01 1.7023e+03 5.6419e+03 5.7000e+03 2.9340e+18 2.0209e+17 2.0209e+17 7.3056e-02 0.0000e+00 5.8077e+04 0.0000e+00
4.2300e+03 4.7143e-12 7.0253e-01 1.7018e+03 5.6402e+03 5.7000e+03 2.9592e+18 2.0329e+17 2.0329e+17 7.2837e-02 0.0000e+00 5.8230e+04 0.0000e+00
4.2400e+03 4.6962e-12 7.0194e-01 1.7012e+03 5.6384e+03 5.7000e+03 2.9848e+18 2.0450e+17 2.0450e+17 7.2618e-02 0.0000e+00 5.8383e+04 0.0000e+00
4.2500e+03 4.6782e-12 7.0134e-01 1.7007e+03 5.6367e+03 5.7000e+03 3.0105e+18 2.0571e+17 2.0571e+17 7.2401e-02 0.0000e+00 5.8537e+04 0.0000e+00
4.2600e+03 4.6602e-12 7.0075e-01 1.7002e+03 5.6350e+03 5.7000e+03 3.0365e+18 2.0694e+17 2.0694e+17 7.2184e-02 0.0000e+00 5.8691e+04 0.0000e+00
4.2700e+03 4.6423e-12 7.0015e-01 1.6997e+03 5.6332e+03 5.7000e+03 3.0627e+18 2.0817e+17 2.0817e+17 7.1968e-02 0.0000e+00 5.8845e+04 0.0000e+00
4.2800e+03 4.6245e-12 6.9956e-01 1.6991e+03 5.6315e+03 5.7000e+03 3.0891e+18 2.0940e+17 2.0940e+17 7.1753e-02 0.0000e+00 5.9000e+04 0.0000e+00
4.2900e+03 4.6068e-12 6.9896e-01 1.6986e+03 5.6298e+03 5.7000e+03 3.1158e+18 2.1064e+17 2.1064e+17 7.1538e-02 0.0000e+00 5.9155e+04 0.0000e+00
4.3000e+03 4.5891e-12 6.9836e-01 1.6981e+03 5.6280e+03 5.7000e+03 3.1427e+18 2.1189e+17 2.1189e+17 7.1324e-02 0.0000e+00 5.9311e+04 0.0000e+00
4.3100e+03 4.5714e-12 6.9777e-01 1.6976e+03 5.6263e+03 5.7000e+03 3.1698e+18 2.1315e+17 2.1315e+17 7.1111e-02 0.0000e+00 5.9466e+04 0.0000e+00
4.3200e+03 4.5539e-12 6.9717e-01 1.6971e+03 5.6246e+03 5.7000e+03 3.1972e+18 2.1441e+17 2.1441e+17 7.0899e-02 0.0000e+00 5.9622e+04 0.0000e+00
4.3300e+03 4.5364e-12 6.9657e-01 1.6965e+03 5.6229e+03 5.7000e+03 3.2248e+18 2.1568e+17 2.1568e+17 7.0688e-02 0.0000e+00 5.9779e+04 0.0000e+00
4.3400e+03 4.5190e-12 6.9597e-01 1.6960e+03 5.6211e+03 5.7000e+03 3.2527e+18 2.1696e+17 2.1696e+17 7.0477e-02 0.0000e+00 5.9936e+04 0.0000e+00
4.3500e+03 4.5016e-12 6.9537e-01 1.6955e+03 5.6194e+03 5.7000e+03 3.2808e+18 2.1824e+17 2.1824e+17 7.0267e-02 0.0000e+00 6.0093e+04 0.0000e+00
4.3600e+03 4.4843e-12 6.9477e-01 1.6950e+03 5.6177e+03 5.7000e+03 3.3092e+18 2.1953e+17 2.1953e+17 7.0057e-02 0.0000e+00 6.0250e+04 0.0000e+00
4.3700e+03 4.4671e-12 6.9417e-01 1.6945e+03 5.6160e+03 5.7000e+03 3.3378e+18 2.2083e+17 2.2083e+17 6.9849e-02 0.0000e+00 6.0408e+04 0.0000e+00
4.3800e+03 4.4500e-12 6.9357e-01 1.6939e+03 5.6143e+03 5.7000e+03 3.3667e+18 2.2214e+17 2.2214e+17 6.9641e-02 0.0000e+00 6.0566e+04 0.0000e+00
4.3900e+03 4.4329e-12 6.9297e-01 1.6934e+03 5.6126e+03 5.7000e+03 3.3959e+18 2.2345e+17 2.2345e+17 6.9433e-02 0.0000e+00 6.0724e+04 0.0000e+00
4.4000e+03 4.4159e-12 6.9237e-01 1.6929e+03 5.6108e+03 5.7000e+03 3.4253e+18 2.2477e+17 2.2477e+17 6.9227e-02 0.0000e+00 6.0883e+04 0.0000e+00
4.4100e+03 4.3989e-12 6.9176e-01 1.6924e+03 5.6091e+03 5.7000e+03 3.4550e+18 2.2610e+17 2.2610e+17 6.9021e-02 0.0000e+00 6.1042e+04 0.0000e+00
4.4200e+03 4.3820e-12 6.9116e-01 1.6919e+03 5.6074e+03 5.7000e+03 3.4849e+18 2.2743e+17 2.2743e+17 6.8816e-02 0.0000e+00 6.1202e+04 0.0000e+00
4.4300e+03 4.3652e-12 6.9056e-01 1.6914e+03 5.6057e+03 5.7000e+03 3.5151e+18 2.2877e+17 2.2877e+17 6.8612e-02 0.0000e+00 6.1361e+04 0.0000e+00
4.4400e+03 4.3484e-12 6.8995e-01 1.6909e+03 5.6040e+03 5.7000e+03 3.5456e+18 2.3012e+17 2.3012e+17 6.8408e-02 0.0000e+00 6.1521e+04 0.0000e+00
4.4500e+03 4.3317e-12 6.8935e-01 1.6903e+03 5.6023e+03 5.7000e+03 3.5763e+18 2.3148e+17 2.3148e+17 6.8205e-02 0.0000e+00 6.1682e+04 0.0000e+00
4.4600e+03 4.3151e-12 6.8875e-01 1.6898e+03 5.6006e+03 5.7000e+03 3.6074e+18 2.3284e+17 2.3284e+17 6.8003e-02 0.0000e+00 6.1843e+04 0.0000e+00
4.4700e+03 4.2985e-12 6.8814e-01 1.6893e+03 5.5989e+03 5.7000e+03 3.6387e+18 2.3421e+17 2.3421e+17 6.7801e-02 0.0000e+00 6.2004e+04 0.0000e+00
4.4800e+03 4.2820e-12 6.8753e-01 1.6888e+03 5.5972e+03 5.7000e+03 3.6702e+18 2.3559e+17 2.3559e+17 6.7601e-02 0.0000e+00 6.2165e+04 0.0000e+00
4.4900e+03 4.2656e-12 6.8693e-01 1.6883e+03 5.5955e+03 5.7000e+03 3.7021e+18 2.3698e+17 2.3698e+17 6.7400e-02 0.0000e+00 6.2327e+04 0.0000e+00
4.5000e+03 4.2492e-12 6.8632e-01 1.6878e+03 5.5938e+03 5.7000e+03 3.7343e+18 2.3837e+17 2.3837e+17 6.7201e-02 0.0000e+00 6.2489e+04 0.0000e+00
4.5100e+03 4.2329e-12 6.8571e-01 1.6873e+03 5.5921e+03 5.7000e+03 3.7667e+18 2.3977e+17 2.3977e+17 6.7002e-02 0.0000e+00 6.2652e+04 0.0000e+00
4.5200e+03 4.2166e-12 6.8511e-01 1.6868e+03 5.5905e+03 5.7000e+03 3.7994e+18 2.4118e+17 2.4118e+17 6.6804e-02 0.0000e+00 6.2815e+04 0.0000e+00
4.5300e+03 4.2004e-12 6.8450e-01 1.6863e+03 5.5888e+03 5.7000e+03 3.8325e+18 2.4260e+17 2.4260e+17 6.6607e-02 0.0000e+00 6.2978e+04 0.0000e+00
4.5400e+03 4.1843e-12 6.8389e-01 1.6857e+03 5.5871e+03 5.7000e+03 3.8658e+18 2.4402e+17 2.4402e+17 6.6410e-02 0.0000e+00 6.3141e+04 0.0000e+00
4.5500e+03 0.0000e+00 0.0000e+00 1.6852e+03 0.0000e+00 5.7000e+03 0.0000e+00 0.0000e+00 0.0000e+00 0.0000e+00 0.0000e+00 0.0000e+00 0.0000e+00
