0.0000e+00 2.4000e-11 4.1156e+00 1.7000e+03 1.2866e+04 7.7980e+03 3.8340e+18 6.9687e+14 6.9687e+14 8.7063e-02 0.0000e+00 4.8654e+04 0.0000e+00
1.0000e+01 2.3908e-11 3.9894e+00 1.7048e+03 1.2902e+04 7.7980e+03 3.5143e+18 6.7093e+14 6.7093e+14 8.9472e-02 0.0000e+00 4.7504e+04 0.0000e+00
2.0000e+01 2.3816e-11 3.8690e+00 1.7095e+03 1.2938e+04 7.7980e+03 3.2374e+18 6.4644e+14 6.4644e+14 9.1901e-02 0.0000e+00 4.6403e+04 0.0000e+00
3.0000e+01 2.3725e-11 3.7542e+00 1.7141e+03 1.2973e+04 7.7980e+03 2.9888e+18 6.2329e+14 6.2329e+14 9.4348e-02 0.0000e+00 4.5347e+04 0.0000e+00
4.0000e+01 2.3633e-11 3.6446e+00 1.7187e+03 1.3008e+04 7.7980e+03 2.7652e+18 6.0140e+14 6.0140e+14 9.6812e-02 0.0000e+00 4.4334e+04 0.0000e+00
5.0000e+01 2.3543e-11 3.5400e+00 1.7232e+03 1.3042e+04 7.7980e+03 2.5636e+18 5.8070e+14 5.8070e+14 9.9291e-02 0.0000e+00 4.3363e+04 0.0000e+00
6.0000e+01 2.3452e-11 3.4400e+00 1.7276e+03 1.3075e+04 7.7980e+03 2.3814e+18 5.6110e+14 5.6110e+14 1.0178e-01 0.0000e+00 4.2432e+04 0.0000e+00
7.0000e+01 2.3362e-11 3.3445e+00 1.7320e+03 1.3108e+04 7.7980e+03 2.2166e+18 5.4254e+14 5.4254e+14 1.0429e-01 0.0000e+00 4.1539e+04 0.0000e+00
8.0000e+01 2.3273e-11 3.2532e+00 1.7363e+03 1.3141e+04 7.7980e+03 2.0670e+18 5.2495e+14 5.2495e+14 1.0680e-01 0.0000e+00 4.0682e+04 0.0000e+00
9.0000e+01 2.3183e-11 3.1659e+00 1.7406e+03 1.3173e+04 7.7980e+03 1.9311e+18 5.0828e+14 5.0828e+14 1.0933e-01 0.0000e+00 3.9859e+04 0.0000e+00
1.0000e+02 2.3094e-11 3.0824e+00 1.7447e+03 1.3205e+04 7.7980e+03 1.8073e+18 4.9247e+14 4.9247e+14 1.1186e-01 0.0000e+00 3.9069e+04 0.0000e+00
1.1000e+02 2.3005e-11 3.0025e+00 1.7488e+03 1.3236e+04 7.7980e+03 1.6944e+18 4.7747e+14 4.7747e+14 1.1440e-01 0.0000e+00 3.8310e+04 0.0000e+00
1.2000e+02 2.2917e-11 2.9260e+00 1.7529e+03 1.3266e+04 7.7980e+03 1.5913e+18 4.6322e+14 4.6322e+14 1.1694e-01 0.0000e+00 3.7581e+04 0.0000e+00
1.3000e+02 2.2829e-11 2.8527e+00 1.7568e+03 1.3296e+04 7.7980e+03 1.4969e+18 4.4970e+14 4.4970e+14 1.1948e-01 0.0000e+00 3.6881e+04 0.0000e+00
1.4000e+02 2.2741e-11 2.7825e+00 1.7607e+03 1.3326e+04 7.7980e+03 1.4104e+18 4.3684e+14 4.3684e+14 1.2202e-01 0.0000e+00 3.6208e+04 0.0000e+00
1.5000e+02 2.2654e-11 2.7153e+00 1.7645e+03 1.3355e+04 7.7980e+03 1.3309e+18 4.2462e+14 4.2462e+14 1.2456e-01 0.0000e+00 3.5562e+04 0.0000e+00
1.6000e+02 2.2567e-11 2.6508e+00 1.7683e+03 1.3383e+04 7.7980e+03 1.2579e+18 4.1300e+14 4.1300e+14 1.2710e-01 0.0000e+00 3.4940e+04 0.0000e+00
1.7000e+02 2.2480e-11 2.5891e+00 1.7720e+03 1.3411e+04 7.7980e+03 1.1906e+18 4.0194e+14 4.0194e+14 1.2963e-01 0.0000e+00 3.4343e+04 0.0000e+00
1.8000e+02 2.2394e-11 2.5298e+00 1.7756e+03 1.3438e+04 7.7980e+03 1.1285e+18 3.9142e+14 3.9142e+14 1.3216e-01 0.0000e+00 3.3768e+04 0.0000e+00
1.9000e+02 2.2308e-11 2.4729e+00 1.7792e+03 1.3465e+04 7.7980e+03 1.0713e+18 3.8140e+14 3.8140e+14 1.3468e-01 0.0000e+00 3.3216e+04 0.0000e+00
2.0000e+02 2.2223e-11 2.4183e+00 1.7827e+03 1.3492e+04 7.7980e+03 1.0183e+18 3.7185e+14 3.7185e+14 1.3719e-01 0.0000e+00 3.2684e+04 0.0000e+00
2.1000e+02 2.2137e-11 2.3659e+00 1.7861e+03 1.3518e+04 7.7980e+03 9.6922e+17 3.6275e+14 3.6275e+14 1.3969e-01 0.0000e+00 3.2173e+04 0.0000e+00
2.2000e+02 2.2052e-11 2.3156e+00 1.7895e+03 1.3543e+04 7.7980e+03 9.2375e+17 3.5408e+14 3.5408e+14 1.4218e-01 0.0000e+00 3.1681e+04 0.0000e+00
2.3000e+02 2.1967e-11 2.2673e+00 1.7928e+03 1.3568e+04 7.7980e+03 8.8154e+17 3.4581e+14 3.4581e+14 1.4465e-01 0.0000e+00 3.1207e+04 0.0000e+00
2.4000e+02 2.1883e-11 2.2208e+00 1.7960e+03 1.3593e+04 7.7980e+03 8.4231e+17 3.3792e+14 3.3792e+14 1.4711e-01 0.0000e+00 3.0752e+04 0.0000e+00
2.5000e+02 2.1799e-11 2.1762e+00 1.7991e+03 1.3616e+04 7.7980e+03 8.0582e+17 3.3040e+14 3.3040e+14 1.4955e-01 0.0000e+00 3.0313e+04 0.0000e+00
2.6000e+02 2.1715e-11 2.1333e+00 1.8022e+03 1.3640e+04 7.7980e+03 7.7183e+17 3.2321e+14 3.2321e+14 1.5197e-01 0.0000e+00 2.9891e+04 0.0000e+00
2.7000e+02 2.1632e-11 2.0920e+00 1.8053e+03 1.3663e+04 7.7980e+03 7.4014e+17 3.1635e+14 3.1635e+14 1.5438e-01 0.0000e+00 2.9485e+04 0.0000e+00
2.8000e+02 2.1549e-11 2.0523e+00 1.8082e+03 1.3685e+04 7.7980e+03 7.1057e+17 3.0980e+14 3.0980e+14 1.5676e-01 0.0000e+00 2.9094e+04 0.0000e+00
2.9000e+02 2.1466e-11 2.0141e+00 1.8111e+03 1.3707e+04 7.7980e+03 6.8293e+17 3.0354e+14 3.0354e+14 1.5912e-01 0.0000e+00 2.8717e+04 0.0000e+00
3.0000e+02 2.1384e-11 1.9773e+00 1.8140e+03 1.3729e+04 7.7980e+03 6.5709e+17 2.9756e+14 2.9756e+14 1.6146e-01 0.0000e+00 2.8354e+04 0.0000e+00
3.1000e+02 2.1302e-11 1.9419e+00 1.8168e+03 1.3750e+04 7.7980e+03 6.3291e+17 2.9184e+14 2.9184e+14 1.6377e-01 0.0000e+00 2.8005e+04 0.0000e+00
3.2000e+02 2.1220e-11 1.9079e+00 1.8195e+03 1.3770e+04 7.7980e+03 6.1025e+17 2.8637e+14 2.8637e+14 1.6605e-01 0.0000e+00 2.7668e+04 0.0000e+00
3.3000e+02 2.1138e-11 1.8750e+00 1.8221e+03 1.3790e+04 7.7980e+03 5.8900e+17 2.8114e+14 2.8114e+14 1.6831e-01 0.0000e+00 2.7344e+04 0.0000e+00
3.4000e+02 2.1057e-11 1.8434e+00 1.8247e+03 1.3810e+04 7.7980e+03 5.6906e+17 2.7614e+14 2.7614e+14 1.7055e-01 0.0000e+00 2.7032e+04 0.0000e+00
3.5000e+02 2.0976e-11 1.8129e+00 1.8273e+03 1.3829e+04 7.7980e+03 5.5033e+17 2.7135e+14 2.7135e+14 1.7275e-01 0.0000e+00 2.6731e+04 0.0000e+00
3.6000e+02 2.0896e-11 1.7835e+00 1.8297e+03 1.3848e+04 7.7980e+03 5.3272e+17 2.6677e+14 2.6677e+14 1.7492e-01 0.0000e+00 2.6442e+04 0.0000e+00
3.7000e+02 2.0816e-11 1.7552e+00 1.8321e+03 1.3866e+04 7.7980e+03 5.1616e+17 2.6239e+14 2.6239e+14 1.7706e-01 0.0000e+00 2.6163e+04 0.0000e+00
3.8000e+02 2.0736e-11 1.7278e+00 1.8345e+03 1.3884e+04 7.7980e+03 5.0057e+17 2.5819e+14 2.5819e+14 1.7917e-01 0.0000e+00 2.5894e+04 0.0000e+00
3.9000e+02 2.0656e-11 1.7015e+00 1.8368e+03 1.3901e+04 7.7980e+03 4.8588e+17 2.5417e+14 2.5417e+14 1.8125e-01 0.0000e+00 2.5635e+04 0.0000e+00
4.0000e+02 2.0577e-11 1.6760e+00 1.8390e+03 1.3918e+04 7.7980e+03 4.7204e+17 2.5033e+14 2.5033e+14 1.8329e-01 0.0000e+00 2.5386e+04 0.0000e+00
4.1000e+02 2.0498e-11 1.6515e+00 1.8412e+03 1.3935e+04 7.7980e+03 4.5898e+17 2.4664e+14 2.4664e+14 1.8530e-01 0.0000e+00 2.5146e+04 0.0000e+00
4.2000e+02 2.0419e-11 1.6278e+00 1.8433e+03 1.3951e+04 7.7980e+03 4.4666e+17 2.4311e+14 2.4311e+14 1.8728e-01 0.0000e+00 2.4915e+04 0.0000e+00
4.3000e+02 2.0341e-11 1.6049e+00 1.8454e+03 1.3967e+04 7.7980e+03 4.3502e+17 2.3973e+14 2.3973e+14 1.8922e-01 0.0000e+00 2.4692e+04 0.0000e+00
4.4000e+02 2.0262e-11 1.5828e+00 1.8474e+03 1.3982e+04 7.7980e+03 4.2402e+17 2.3649e+14 2.3649e+14 1.9113e-01 0.0000e+00 2.4477e+04 0.0000e+00
4.5000e+02 2.0185e-11 1.5615e+00 1.8494e+03 1.3997e+04 7.7980e+03 4.1362e+17 2.3339e+14 2.3339e+14 1.9299e-01 0.0000e+00 2.4271e+04 0.0000e+00
4.6000e+02 2.0107e-11 1.5408e+00 1.8513e+03 1.4011e+04 7.7980e+03 4.0378e+17 2.3041e+14 2.3041e+14 1.9483e-01 0.0000e+00 2.4072e+04 0.0000e+00
4.7000e+02 2.0030e-11 1.5209e+00 1.8531e+03 1.4025e+04 7.7980e+03 3.9447e+17 2.2756e+14 2.2756e+14 1.9662e-01 0.0000e+00 2.3880e+04 0.0000e+00
4.8000e+02 1.9953e-11 1.5016e+00 1.8549e+03 1.4039e+04 7.7980e+03 3.8566e+17 2.2483e+14 2.2483e+14 1.9838e-01 0.0000e+00 2.3696e+04 0.0000e+00
4.9000e+02 1.9876e-11 1.4830e+00 1.8567e+03 1.4052e+04 7.7980e+03 3.7731e+17 2.2221e+14 2.2221e+14 2.0010e-01 0.0000e+00 2.3519e+04 0.0000e+00
5.0000e+02 1.9800e-11 1.4650e+00 1.8584e+03 1.4065e+04 7.7980e+03 3.6940e+17 2.1970e+14 2.1970e+14 2.0178e-01 0.0000e+00 2.3348e+04 0.0000e+00
5.1000e+02 1.9724e-11 1.4476e+00 1.8600e+03 1.4077e+04 7.7980e+03 3.6191e+17 2.1730e+14 2.1730e+14 2.0343e-01 0.0000e+00 2.3183e+04 0.0000e+00
5.2000e+02 1.9648e-11 1.4307e+00 1.8616e+03 1.4089e+04 7.7980e+03 3.5480e+17 2.1500e+14 2.1500e+14 2.0503e-01 0.0000e+00 2.3025e+04 0.0000e+00
5.3000e+02 1.9573e-11 1.4144e+00 1.8632e+03 1.4101e+04 7.7980e+03 3.4806e+17 2.1279e+14 2.1279e+14 2.0660e-01 0.0000e+00 2.2873e+04 0.0000e+00
5.4000e+02 1.9498e-11 1.3986e+00 1.8647e+03 1.4113e+04 7.7980e+03 3.4166e+17 2.1068e+14 2.1068e+14 2.0813e-01 0.0000e+00 2.2727e+04 0.0000e+00
5.5000e+02 1.9423e-11 1.3834e+00 1.8662e+03 1.4124e+04 7.7980e+03 3.3559e+17 2.0865e+14 2.0865e+14 2.0962e-01 0.0000e+00 2.2586e+04 0.0000e+00
5.6000e+02 1.9348e-11 1.3686e+00 1.8676e+03 1.4134e+04 7.7980e+03 3.2982e+17 2.0671e+14 2.0671e+14 2.1107e-01 0.0000e+00 2.2451e+04 0.0000e+00
5.7000e+02 1.9274e-11 1.3542e+00 1.8690e+03 1.4145e+04 7.7980e+03 3.2435e+17 2.0485e+14 2.0485e+14 2.1248e-01 0.0000e+00 2.2321e+04 0.0000e+00
5.8000e+02 1.9200e-11 1.3404e+00 1.8703e+03 1.4155e+04 7.7980e+03 3.1916e+17 2.0307e+14 2.0307e+14 2.1386e-01 0.0000e+00 2.2196e+04 0.0000e+00
5.9000e+02 1.9126e-11 1.3269e+00 1.8716e+03 1.4165e+04 7.7980e+03 3.1422e+17 2.0137e+14 2.0137e+14 2.1520e-01 0.0000e+00 2.2076e+04 0.0000e+00
6.0000e+02 1.9053e-11 1.3139e+00 1.8728e+03 1.4174e+04 7.7980e+03 3.0954e+17 1.9973e+14 1.9973e+14 2.1649e-01 0.0000e+00 2.1961e+04 0.0000e+00
6.1000e+02 1.8980e-11 1.3013e+00 1.8740e+03 1.4183e+04 7.7980e+03 3.0508e+17 1.9817e+14 1.9817e+14 2.1775e-01 0.0000e+00 2.1850e+04 0.0000e+00
6.2000e+02 1.8907e-11 1.2891e+00 1.8751e+03 1.4192e+04 7.7980e+03 3.0086e+17 1.9668e+14 1.9668e+14 2.1897e-01 0.0000e+00 2.1744e+04 0.0000e+00
6.3000e+02 1.8834e-11 1.2772e+00 1.8763e+03 1.4200e+04 7.7980e+03 2.9684e+17 1.9525e+14 1.9525e+14 2.2016e-01 0.0000e+00 2.1642e+04 0.0000e+00
6.4000e+02 1.8762e-11 1.2657e+00 1.8773e+03 1.4208e+04 7.7980e+03 2.9303e+17 1.9388e+14 1.9388e+14 2.2131e-01 0.0000e+00 2.1545e+04 0.0000e+00
6.5000e+02 1.8690e-11 1.2546e+00 1.8784e+03 1.4216e+04 7.7980e+03 2.8941e+17 1.9258e+14 1.9258e+14 2.2241e-01 0.0000e+00 2.1451e+04 0.0000e+00
6.6000e+02 1.8618e-11 1.2437e+00 1.8794e+03 1.4224e+04 7.7980e+03 2.8597e+17 1.9133e+14 1.9133e+14 2.2349e-01 0.0000e+00 2.1362e+04 0.0000e+00
6.7000e+02 1.8546e-11 1.2333e+00 1.8803e+03 1.4231e+04 7.7980e+03 2.8270e+17 1.9014e+14 1.9014e+14 2.2452e-01 0.0000e+00 2.1276e+04 0.0000e+00
6.8000e+02 1.8475e-11 1.2231e+00 1.8812e+03 1.4238e+04 7.7980e+03 2.7960e+17 1.8900e+14 1.8900e+14 2.2552e-01 0.0000e+00 2.1194e+04 0.0000e+00
6.9000e+02 1.8404e-11 1.2132e+00 1.8821e+03 1.4245e+04 7.7980e+03 2.7666e+17 1.8792e+14 1.8792e+14 2.2649e-01 0.0000e+00 2.1116e+04 0.0000e+00
7.0000e+02 1.8334e-11 1.2036e+00 1.8830e+03 1.4251e+04 7.7980e+03 2.7387e+17 1.8688e+14 1.8688e+14 2.2741e-01 0.0000e+00 2.1041e+04 0.0000e+00
7.1000e+02 1.8263e-11 1.1943e+00 1.8838e+03 1.4257e+04 7.7980e+03 2.7123e+17 1.8590e+14 1.8590e+14 2.2831e-01 0.0000e+00 2.0969e+04 0.0000e+00
7.2000e+02 1.8193e-11 1.1853e+00 1.8846e+03 1.4263e+04 7.7980e+03 2.6872e+17 1.8496e+14 1.8496e+14 2.2916e-01 0.0000e+00 2.0901e+04 0.0000e+00
7.3000e+02 1.8123e-11 1.1765e+00 1.8853e+03 1.4269e+04 7.7980e+03 2.6635e+17 1.8406e+14 1.8406e+14 2.2999e-01 0.0000e+00 2.0836e+04 0.0000e+00
7.4000e+02 1.8054e-11 1.1680e+00 1.8860e+03 1.4274e+04 7.7980e+03 2.6410e+17 1.8321e+14 1.8321e+14 2.3078e-01 0.0000e+00 2.0774e+04 0.0000e+00
7.5000e+02 1.7984e-11 1.1597e+00 1.8867e+03 1.4279e+04 7.7980e+03 2.6197e+17 1.8241e+14 1.8241e+14 2.3153e-01 0.0000e+00 2.0715e+04 0.0000e+00
7.6000e+02 1.7915e-11 1.1516e+00 1.8874e+03 1.4284e+04 7.7980e+03 2.5996e+17 1.8164e+14 1.8164e+14 2.3226e-01 0.0000e+00 2.0659e+04 0.0000e+00
7.7000e+02 1.7846e-11 1.1438e+00 1.8880e+03 1.4289e+04 7.7980e+03 2.5806e+17 1.8091e+14 1.8091e+14 2.3295e-01 0.0000e+00 2.0606e+04 0.0000e+00
7.8000e+02 1.7778e-11 1.1362e+00 1.8886e+03 1.4293e+04 7.7980e+03 2.5627e+17 1.8023e+14 1.8023e+14 2.3360e-01 0.0000e+00 2.0555e+04 0.0000e+00
7.9000e+02 1.7710e-11 1.1288e+00 1.8891e+03 1.4298e+04 7.7980e+03 2.5458e+17 1.7958e+14 1.7958e+14 2.3423e-01 0.0000e+00 2.0507e+04 0.0000e+00
8.0000e+02 1.7642e-11 1.1216e+00 1.8897e+03 1.4302e+04 7.7980e+03 2.5299e+17 1.7896e+14 1.7896e+14 2.3483e-01 0.0000e+00 2.0462e+04 0.0000e+00
8.1000e+02 1.7574e-11 1.1146e+00 1.8902e+03 1.4305e+04 7.7980e+03 2.5149e+17 1.7838e+14 1.7838e+14 2.3539e-01 0.0000e+00 2.0419e+04 0.0000e+00
8.2000e+02 1.7506e-11 1.1078e+00 1.8907e+03 1.4309e+04 7.7980e+03 2.5009e+17 1.7784e+14 1.7784e+14 2.3593e-01 0.0000e+00 2.0379e+04 0.0000e+00
8.3000e+02 1.7439e-11 1.1012e+00 1.8911e+03 1.4312e+04 7.7980e+03 2.4878e+17 1.7733e+14 1.7733e+14 2.3643e-01 0.0000e+00 2.0341e+04 0.0000e+00
8.4000e+02 1.7372e-11 1.0948e+00 1.8915e+03 1.4316e+04 7.7980e+03 2.4754e+17 1.7685e+14 1.7685e+14 2.3691e-01 0.0000e+00 2.0306e+04 0.0000e+00
8.5000e+02 1.7306e-11 1.0885e+00 1.8919e+03 1.4319e+04 7.7980e+03 2.4640e+17 1.7640e+14 1.7640e+14 2.3735e-01 0.0000e+00 2.0272e+04 0.0000e+00
8.6000e+02 1.7239e-11 1.0824e+00 1.8923e+03 1.4321e+04 7.7980e+03 2.4533e+17 1.7598e+14 1.7598e+14 2.3777e-01 0.0000e+00 2.0241e+04 0.0000e+00
8.7000e+02 1.7173e-11 1.0765e+00 1.8926e+03 1.4324e+04 7.7980e+03 2.4433e+17 1.7559e+14 1.7559e+14 2.3816e-01 0.0000e+00 2.0212e+04 0.0000e+00
8.8000e+02 1.7107e-11 1.0707e+00 1.8930e+03 1.4326e+04 7.7980e+03 2.4341e+17 1.7523e+14 1.7523e+14 2.3853e-01 0.0000e+00 2.0186e+04 0.0000e+00
8.9000e+02 1.7041e-11 1.0651e+00 1.8933e+03 1.4329e+04 7.7980e+03 2.4256e+17 1.7489e+14 1.7489e+14 2.3887e-01 0.0000e+00 2.0161e+04 0.0000e+00
9.0000e+02 1.6976e-11 1.0596e+00 1.8935e+03 1.4331e+04 7.7980e+03 2.4178e+17 1.7459e+14 1.7459e+14 2.3918e-01 0.0000e+00 2.0138e+04 0.0000e+00
9.1000e+02 1.6911e-11 1.0543e+00 1.8938e+03 1.4333e+04 7.7980e+03 2.4107e+17 1.7430e+14 1.7430e+14 2.3946e-01 0.0000e+00 2.0117e+04 0.0000e+00
9.2000e+02 1.6846e-11 1.0491e+00 1.8940e+03 1.4334e+04 7.7980e+03 2.4042e+17 1.7405e+14 1.7405e+14 2.3973e-01 0.0000e+00 2.0098e+04 0.0000e+00
9.3000e+02 1.6781e-11 1.0441e+00 1.8942e+03 1.4336e+04 7.7980e+03 2.3984e+17 1.7382e+14 1.7382e+14 2.3996e-01 0.0000e+00 2.0081e+04 0.0000e+00
9.4000e+02 1.6717e-11 1.0391e+00 1.8944e+03 1.4337e+04 7.7980e+03 2.3931e+17 1.7361e+14 1.7361e+14 2.4018e-01 0.0000e+00 2.0065e+04 0.0000e+00
9.5000e+02 1.6652e-11 1.0343e+00 1.8946e+03 1.4339e+04 7.7980e+03 2.3885e+17 1.7342e+14 1.7342e+14 2.4036e-01 0.0000e+00 2.0052e+04 0.0000e+00
9.6000e+02 1.6588e-11 1.0296e+00 1.8947e+03 1.4340e+04 7.7980e+03 2.3844e+17 1.7326e+14 1.7326e+14 2.4053e-01 0.0000e+00 2.0040e+04 0.0000e+00
9.7000e+02 1.6525e-11 1.0251e+00 1.8948e+03 1.4341e+04 7.7980e+03 2.3808e+17 1.7312e+14 1.7312e+14 2.4067e-01 0.0000e+00 2.0029e+04 0.0000e+00
9.8000e+02 1.6461e-11 1.0206e+00 1.8949e+03 1.4341e+04 7.7980e+03 2.3778e+17 1.7301e+14 1.7301e+14 2.4080e-01 0.0000e+00 2.0020e+04 0.0000e+00
9.9000e+02 1.6398e-11 1.0163e+00 1.8950e+03 1.4342e+04 7.7980e+03 2.3753e+17 1.7291e+14 1.7291e+14 2.4090e-01 0.0000e+00 2.0013e+04 0.0000e+00
1.0000e+03 1.6335e-11 1.0121e+00 1.8951e+03 1.4343e+04 7.7980e+03 2.3734e+17 1.7283e+14 1.7283e+14 2.4098e-01 0.0000e+00 2.0007e+04 0.0000e+00
1.0100e+03 1.6272e-11 1.0079e+00 1.8951e+03 1.4343e+04 7.7980e+03 2.3719e+17 1.7278e+14 1.7278e+14 2.4103e-01 0.0000e+00 2.0003e+04 0.0000e+00
1.0200e+03 1.6210e-11 1.0039e+00 1.8952e+03 1.4343e+04 7.7980e+03 2.3709e+17 1.7274e+14 1.7274e+14 2.4107e-01 0.0000e+00 2.0000e+04 0.0000e+00
1.0300e+03 1.6148e-11 9.9996e-01 1.8952e+03 1.4343e+04 7.7980e+03 2.3704e+17 1.7272e+14 1.7272e+14 2.4109e-01 0.0000e+00 1.9999e+04 0.0000e+00
1.0400e+03 1.6086e-11 9.9612e-01 1.8952e+03 1.4343e+04 7.7980e+03 2.3704e+17 1.7272e+14 1.7272e+14 2.4109e-01 0.0000e+00 1.9999e+04 0.0000e+00
1.0500e+03 1.6024e-11 9.9237e-01 1.8952e+03 1.4343e+04 7.7980e+03 2.3708e+17 1.7274e+14 1.7274e+14 2.4107e-01 0.0000e+00 2.0000e+04 0.0000e+00
1.0600e+03 1.5962e-11 9.8871e-01 1.8951e+03 1.4343e+04 7.7980e+03 2.3716e+17 1.7277e+14 1.7277e+14 2.4103e-01 0.0000e+00 2.0003e+04 0.0000e+00
1.0700e+03 1.5901e-11 9.8514e-01 1.8951e+03 1.4343e+04 7.7980e+03 2.3729e+17 1.7283e+14 1.7283e+14 2.4098e-01 0.0000e+00 2.0007e+04 0.0000e+00
1.0800e+03 1.5840e-11 9.8165e-01 1.8950e+03 1.4342e+04 7.7980e+03 2.3746e+17 1.7290e+14 1.7290e+14 2.4091e-01 0.0000e+00 2.0012e+04 0.0000e+00
1.0900e+03 1.5779e-11 9.7824e-01 1.8950e+03 1.4342e+04 7.7980e+03 2.3767e+17 1.7298e+14 1.7298e+14 2.4082e-01 0.0000e+00 2.0019e+04 0.0000e+00
1.1000e+03 1.5719e-11 9.7491e-01 1.8949e+03 1.4341e+04 7.7980e+03 2.3792e+17 1.7309e+14 1.7309e+14 2.4071e-01 0.0000e+00 2.0026e+04 0.0000e+00
1.1100e+03 1.5658e-11 9.7166e-01 1.8948e+03 1.4340e+04 7.7980e+03 2.3821e+17 1.7320e+14 1.7320e+14 2.4059e-01 0.0000e+00 2.0035e+04 0.0000e+00
1.1200e+03 1.5598e-11 9.6848e-01 1.8946e+03 1.4339e+04 7.7980e+03 2.3853e+17 1.7334e+14 1.7334e+14 2.4045e-01 0.0000e+00 2.0045e+04 0.0000e+00
1.1300e+03 1.5538e-11 9.6538e-01 1.8945e+03 1.4338e+04 7.7980e+03 2.3890e+17 1.7349e+14 1.7349e+14 2.4030e-01 0.0000e+00 2.0056e+04 0.0000e+00
1.1400e+03 1.5478e-11 9.6234e-01 1.8944e+03 1.4337e+04 7.7980e+03 2.3930e+17 1.7365e+14 1.7365e+14 2.4013e-01 0.0000e+00 2.0068e+04 0.0000e+00
1.1500e+03 1.5419e-11 9.5937e-01 1.8942e+03 1.4336e+04 7.7980e+03 2.3974e+17 1.7383e+14 1.7383e+14 2.3995e-01 0.0000e+00 2.0082e+04 0.0000e+00
1.1600e+03 1.5360e-11 9.5647e-01 1.8940e+03 1.4335e+04 7.7980e+03 2.4021e+17 1.7402e+14 1.7402e+14 2.3976e-01 0.0000e+00 2.0096e+04 0.0000e+00
1.1700e+03 1.5301e-11 9.5363e-01 1.8938e+03 1.4333e+04 7.7980e+03 2.4072e+17 1.7422e+14 1.7422e+14 2.3955e-01 0.0000e+00 2.0111e+04 0.0000e+00
1.1800e+03 1.5242e-11 9.5085e-01 1.8937e+03 1.4332e+04 7.7980e+03 2.4127e+17 1.7444e+14 1.7444e+14 2.3932e-01 0.0000e+00 2.0127e+04 0.0000e+00
1.1900e+03 1.5184e-11 9.4814e-01 1.8934e+03 1.4330e+04 7.7980e+03 2.4185e+17 1.7467e+14 1.7467e+14 2.3909e-01 0.0000e+00 2.0145e+04 0.0000e+00
1.2000e+03 1.5125e-11 9.4548e-01 1.8932e+03 1.4328e+04 7.7980e+03 2.4246e+17 1.7492e+14 1.7492e+14 2.3884e-01 0.0000e+00 2.0163e+04 0.0000e+00
1.2100e+03 1.5067e-11 9.4288e-01 1.8930e+03 1.4327e+04 7.7980e+03 2.4310e+17 1.7518e+14 1.7518e+14 2.3858e-01 0.0000e+00 2.0182e+04 0.0000e+00
1.2200e+03 1.5009e-11 9.4033e-01 1.8928e+03 1.4325e+04 7.7980e+03 2.4378e+17 1.7545e+14 1.7545e+14 2.3831e-01 0.0000e+00 2.0202e+04 0.0000e+00
1.2300e+03 1.4952e-11 9.3784e-01 1.8925e+03 1.4323e+04 7.7980e+03 2.4449e+17 1.7573e+14 1.7573e+14 2.3802e-01 0.0000e+00 2.0223e+04 0.0000e+00
1.2400e+03 1.4894e-11 9.3540e-01 1.8922e+03 1.4321e+04 7.7980e+03 2.4523e+17 1.7602e+14 1.7602e+14 2.3773e-01 0.0000e+00 2.0245e+04 0.0000e+00
1.2500e+03 1.4837e-11 9.3301e-01 1.8920e+03 1.4319e+04 7.7980e+03 2.4600e+17 1.7633e+14 1.7633e+14 2.3742e-01 0.0000e+00 2.0268e+04 0.0000e+00
1.2600e+03 1.4780e-11 9.3067e-01 1.8917e+03 1.4317e+04 7.7980e+03 2.4680e+17 1.7665e+14 1.7665e+14 2.3710e-01 0.0000e+00 2.0291e+04 0.0000e+00
1.2700e+03 1.4723e-11 9.2837e-01 1.8914e+03 1.4315e+04 7.7980e+03 2.4763e+17 1.7698e+14 1.7698e+14 2.3678e-01 0.0000e+00 2.0315e+04 0.0000e+00
1.2800e+03 1.4667e-11 9.2613e-01 1.8911e+03 1.4312e+04 7.7980e+03 2.4849e+17 1.7732e+14 1.7732e+14 2.3644e-01 0.0000e+00 2.0341e+04 0.0000e+00
1.2900e+03 1.4610e-11 9.2393e-01 1.8908e+03 1.4310e+04 7.7980e+03 2.4938e+17 1.7767e+14 1.7767e+14 2.3609e-01 0.0000e+00 2.0367e+04 0.0000e+00
1.3000e+03 1.4554e-11 9.2177e-01 1.8905e+03 1.4308e+04 7.7980e+03 2.5030e+17 1.7803e+14 1.7803e+14 2.3574e-01 0.0000e+00 2.0393e+04 0.0000e+00
1.3100e+03 1.4499e-11 9.1965e-01 1.8902e+03 1.4305e+04 7.7980e+03 2.5125e+17 1.7840e+14 1.7840e+14 2.3537e-01 0.0000e+00 2.0421e+04 0.0000e+00
1.3200e+03 1.4443e-11 9.1758e-01 1.8898e+03 1.4303e+04 7.7980e+03 2.5223e+17 1.7879e+14 1.7879e+14 2.3500e-01 0.0000e+00 2.0449e+04 0.0000e+00
1.3300e+03 1.4387e-11 9.1555e-01 1.8895e+03 1.4300e+04 7.7980e+03 2.5324e+17 1.7918e+14 1.7918e+14 2.3461e-01 0.0000e+00 2.0478e+04 0.0000e+00
1.3400e+03 1.4332e-11 9.1355e-01 1.8891e+03 1.4298e+04 7.7980e+03 2.5427e+17 1.7958e+14 1.7958e+14 2.3422e-01 0.0000e+00 2.0508e+04 0.0000e+00
1.3500e+03 1.4277e-11 9.1160e-01 1.8888e+03 1.4295e+04 7.7980e+03 2.5533e+17 1.8000e+14 1.8000e+14 2.3382e-01 0.0000e+00 2.0538e+04 0.0000e+00
1.3600e+03 1.4222e-11 9.0968e-01 1.8884e+03 1.4292e+04 7.7980e+03 2.5642e+17 1.8042e+14 1.8042e+14 2.3342e-01 0.0000e+00 2.0569e+04 0.0000e+00
1.3700e+03 1.4168e-11 9.0780e-01 1.8880e+03 1.4289e+04 7.7980e+03 2.5754e+17 1.8085e+14 1.8085e+14 2.3300e-01 0.0000e+00 2.0601e+04 0.0000e+00
1.3800e+03 1.4113e-11 9.0595e-01 1.8877e+03 1.4286e+04 7.7980e+03 2.5868e+17 1.8130e+14 1.8130e+14 2.3258e-01 0.0000e+00 2.0634e+04 0.0000e+00
1.3900e+03 1.4059e-11 9.0414e-01 1.8873e+03 1.4284e+04 7.7980e+03 2.5985e+17 1.8175e+14 1.8175e+14 2.3215e-01 0.0000e+00 2.0667e+04 0.0000e+00
1.4000e+03 1.4005e-11 9.0236e-01 1.8869e+03 1.4281e+04 7.7980e+03 2.6105e+17 1.8221e+14 1.8221e+14 2.3172e-01 0.0000e+00 2.0700e+04 0.0000e+00
1.4100e+03 1.3951e-11 9.0061e-01 1.8865e+03 1.4278e+04 7.7980e+03 2.6227e+17 1.8268e+14 1.8268e+14 2.3128e-01 0.0000e+00 2.0735e+04 0.0000e+00
1.4200e+03 1.3898e-11 8.9889e-01 1.8861e+03 1.4274e+04 7.7980e+03 2.6352e+17 1.8316e+14 1.8316e+14 2.3083e-01 0.0000e+00 2.0770e+04 0.0000e+00
1.4300e+03 1.3844e-11 8.9721e-01 1.8857e+03 1.4271e+04 7.7980e+03 2.6480e+17 1.8365e+14 1.8365e+14 2.3037e-01 0.0000e+00 2.0805e+04 0.0000e+00
1.4400e+03 1.3791e-11 8.9555e-01 1.8853e+03 1.4268e+04 7.7980e+03 2.6610e+17 1.8414e+14 1.8414e+14 2.2991e-01 0.0000e+00 2.0842e+04 0.0000e+00
1.4500e+03 1.3738e-11 8.9392e-01 1.8848e+03 1.4265e+04 7.7980e+03 2.6743e+17 1.8465e+14 1.8465e+14 2.2945e-01 0.0000e+00 2.0878e+04 0.0000e+00
1.4600e+03 1.3685e-11 8.9232e-01 1.8844e+03 1.4262e+04 7.7980e+03 2.6878e+17 1.8516e+14 1.8516e+14 2.2898e-01 0.0000e+00 2.0916e+04 0.0000e+00
1.4700e+03 1.3633e-11 8.9075e-01 1.8840e+03 1.4258e+04 7.7980e+03 2.7016e+17 1.8568e+14 1.8568e+14 2.2850e-01 0.0000e+00 2.0954e+04 0.0000e+00
1.4800e+03 1.3581e-11 8.8921e-01 1.8835e+03 1.4255e+04 7.7980e+03 2.7157e+17 1.8621e+14 1.8621e+14 2.2802e-01 0.0000e+00 2.0992e+04 0.0000e+00
1.4900e+03 1.3528e-11 8.8769e-01 1.8831e+03 1.4252e+04 7.7980e+03 2.7300e+17 1.8675e+14 1.8675e+14 2.2753e-01 0.0000e+00 2.1031e+04 0.0000e+00
1.5000e+03 1.3476e-11 8.8619e-01 1.8826e+03 1.4248e+04 7.7980e+03 2.7446e+17 1.8730e+14 1.8730e+14 2.2704e-01 0.0000e+00 2.1071e+04 0.0000e+00
1.5100e+03 1.3425e-11 8.8473e-01 1.8822e+03 1.4245e+04 7.7980e+03 2.7594e+17 1.8785e+14 1.8785e+14 2.2654e-01 0.0000e+00 2.1111e+04 0.0000e+00
1.5200e+03 1.3373e-11 8.8328e-01 1.8817e+03 1.4241e+04 7.7980e+03 2.7744e+17 1.8841e+14 1.8841e+14 2.2604e-01 0.0000e+00 2.1152e+04 0.0000e+00
1.5300e+03 1.3322e-11 8.8186e-01 1.8813e+03 1.4238e+04 7.7980e+03 2.7898e+17 1.8898e+14 1.8898e+14 2.2554e-01 0.0000e+00 2.1193e+04 0.0000e+00
1.5400e+03 1.3271e-11 8.8046e-01 1.8808e+03 1.4234e+04 7.7980e+03 2.8053e+17 1.8956e+14 1.8956e+14 2.2503e-01 0.0000e+00 2.1235e+04 0.0000e+00
1.5500e+03 1.3220e-11 8.7908e-01 1.8803e+03 1.4231e+04 7.7980e+03 2.8212e+17 1.9015e+14 1.9015e+14 2.2452e-01 0.0000e+00 2.1277e+04 0.0000e+00
1.5600e+03 1.3169e-11 8.7773e-01 1.8798e+03 1.4227e+04 7.7980e+03 2.8372e+17 1.9074e+14 1.9074e+14 2.2400e-01 0.0000e+00 2.1319e+04 0.0000e+00
1.5700e+03 1.3118e-11 8.7639e-01 1.8794e+03 1.4224e+04 7.7980e+03 2.8535e+17 1.9134e+14 1.9134e+14 2.2348e-01 0.0000e+00 2.1363e+04 0.0000e+00
1.5800e+03 1.3068e-11 8.7508e-01 1.8789e+03 1.4220e+04 7.7980e+03 2.8701e+17 1.9195e+14 1.9195e+14 2.2295e-01 0.0000e+00 2.1406e+04 0.0000e+00
1.5900e+03 1.3018e-11 8.7378e-01 1.8784e+03 1.4216e+04 7.7980e+03 2.8869e+17 1.9256e+14 1.9256e+14 2.2243e-01 0.0000e+00 2.1450e+04 0.0000e+00
1.6000e+03 1.2968e-11 8.7251e-01 1.8779e+03 1.4212e+04 7.7980e+03 2.9040e+17 1.9318e+14 1.9318e+14 2.2190e-01 0.0000e+00 2.1495e+04 0.0000e+00
1.6100e+03 1.2918e-11 8.7125e-01 1.8774e+03 1.4209e+04 7.7980e+03 2.9213e+17 1.9381e+14 1.9381e+14 2.2136e-01 0.0000e+00 2.1540e+04 0.0000e+00
1.6200e+03 1.2868e-11 8.7001e-01 1.8769e+03 1.4205e+04 7.7980e+03 2.9389e+17 1.9445e+14 1.9445e+14 2.2083e-01 0.0000e+00 2.1585e+04 0.0000e+00
1.6300e+03 1.2819e-11 8.6879e-01 1.8764e+03 1.4201e+04 7.7980e+03 2.9567e+17 1.9509e+14 1.9509e+14 2.2029e-01 0.0000e+00 2.1631e+04 0.0000e+00
1.6400e+03 1.2770e-11 8.6759e-01 1.8759e+03 1.4197e+04 7.7980e+03 2.9747e+17 1.9574e+14 1.9574e+14 2.1975e-01 0.0000e+00 2.1678e+04 0.0000e+00
1.6500e+03 1.2721e-11 8.6640e-01 1.8754e+03 1.4193e+04 7.7980e+03 2.9931e+17 1.9640e+14 1.9640e+14 2.1920e-01 0.0000e+00 2.1725e+04 0.0000e+00
1.6600e+03 1.2672e-11 8.6523e-01 1.8748e+03 1.4189e+04 7.7980e+03 3.0116e+17 1.9707e+14 1.9707e+14 2.1866e-01 0.0000e+00 2.1772e+04 0.0000e+00
1.6700e+03 1.2623e-11 8.6408e-01 1.8743e+03 1.4185e+04 7.7980e+03 3.0304e+17 1.9774e+14 1.9774e+14 2.1811e-01 0.0000e+00 2.1819e+04 0.0000e+00
1.6800e+03 1.2575e-11 8.6294e-01 1.8738e+03 1.4182e+04 7.7980e+03 3.0495e+17 1.9841e+14 1.9841e+14 2.1756e-01 0.0000e+00 2.1867e+04 0.0000e+00
1.6900e+03 1.2526e-11 8.6182e-01 1.8733e+03 1.4178e+04 7.7980e+03 3.0688e+17 1.9910e+14 1.9910e+14 2.1700e-01 0.0000e+00 2.1916e+04 0.0000e+00
1.7000e+03 1.2478e-11 8.6071e-01 1.8728e+03 1.4174e+04 7.7980e+03 3.0883e+17 1.9979e+14 1.9979e+14 2.1645e-01 0.0000e+00 2.1965e+04 0.0000e+00
1.7100e+03 1.2430e-11 8.5962e-01 1.8722e+03 1.4170e+04 7.7980e+03 3.1081e+17 2.0049e+14 2.0049e+14 2.1589e-01 0.0000e+00 2.2014e+04 0.0000e+00
1.7200e+03 1.2383e-11 8.5854e-01 1.8717e+03 1.4166e+04 7.7980e+03 3.1282e+17 2.0119e+14 2.0119e+14 2.1533e-01 0.0000e+00 2.2064e+04 0.0000e+00
1.7300e+03 1.2335e-11 8.5747e-01 1.8712e+03 1.4161e+04 7.7980e+03 3.1485e+17 2.0190e+14 2.0190e+14 2.1477e-01 0.0000e+00 2.2114e+04 0.0000e+00
1.7400e+03 1.2288e-11 8.5642e-01 1.8706e+03 1.4157e+04 7.7980e+03 3.1691e+17 2.0262e+14 2.0262e+14 2.1421e-01 0.0000e+00 2.2164e+04 0.0000e+00
1.7500e+03 1.2241e-11 8.5538e-01 1.8701e+03 1.4153e+04 7.7980e+03 3.1899e+17 2.0334e+14 2.0334e+14 2.1365e-01 0.0000e+00 2.2215e+04 0.0000e+00
1.7600e+03 1.2194e-11 8.5435e-01 1.8695e+03 1.4149e+04 7.7980e+03 3.2110e+17 2.0407e+14 2.0407e+14 2.1308e-01 0.0000e+00 2.2266e+04 0.0000e+00
1.7700e+03 1.2147e-11 8.5334e-01 1.8690e+03 1.4145e+04 7.7980e+03 3.2323e+17 2.0481e+14 2.0481e+14 2.1252e-01 0.0000e+00 2.2318e+04 0.0000e+00
1.7800e+03 1.2100e-11 8.5234e-01 1.8684e+03 1.4141e+04 7.7980e+03 3.2539e+17 2.0555e+14 2.0555e+14 2.1195e-01 0.0000e+00 2.2370e+04 0.0000e+00
1.7900e+03 1.2054e-11 8.5135e-01 1.8679e+03 1.4137e+04 7.7980e+03 3.2757e+17 2.0630e+14 2.0630e+14 2.1138e-01 0.0000e+00 2.2422e+04 0.0000e+00
1.8000e+03 1.2007e-11 8.5037e-01 1.8673e+03 1.4133e+04 7.7980e+03 3.2978e+17 2.0705e+14 2.0705e+14 2.1081e-01 0.0000e+00 2.2475e+04 0.0000e+00
1.8100e+03 1.1961e-11 8.4940e-01 1.8668e+03 1.4128e+04 7.7980e+03 3.3202e+17 2.0781e+14 2.0781e+14 2.1024e-01 0.0000e+00 2.2528e+04 0.0000e+00
1.8200e+03 1.1915e-11 8.4844e-01 1.8662e+03 1.4124e+04 7.7980e+03 3.3428e+17 2.0858e+14 2.0858e+14 2.0967e-01 0.0000e+00 2.2581e+04 0.0000e+00
1.8300e+03 1.1870e-11 8.4750e-01 1.8657e+03 1.4120e+04 7.7980e+03 3.3656e+17 2.0935e+14 2.0935e+14 2.0910e-01 0.0000e+00 2.2635e+04 0.0000e+00
1.8400e+03 1.1824e-11 8.4656e-01 1.8651e+03 1.4116e+04 7.7980e+03 3.3888e+17 2.1013e+14 2.1013e+14 2.0853e-01 0.0000e+00 2.2689e+04 0.0000e+00
1.8500e+03 1.1779e-11 8.4564e-01 1.8645e+03 1.4111e+04 7.7980e+03 3.4122e+17 2.1092e+14 2.1092e+14 2.0795e-01 0.0000e+00 2.2744e+04 0.0000e+00
1.8600e+03 1.1733e-11 8.4472e-01 1.8640e+03 1.4107e+04 7.7980e+03 3.4358e+17 2.1171e+14 2.1171e+14 2.0738e-01 0.0000e+00 2.2798e+04 0.0000e+00
1.8700e+03 1.1688e-11 8.4381e-01 1.8634e+03 1.4103e+04 7.7980e+03 3.4597e+17 2.1250e+14 2.1250e+14 2.0680e-01 0.0000e+00 2.2854e+04 0.0000e+00
1.8800e+03 1.1643e-11 8.4292e-01 1.8628e+03 1.4098e+04 7.7980e+03 3.4839e+17 2.1331e+14 2.1331e+14 2.0623e-01 0.0000e+00 2.2909e+04 0.0000e+00
1.8900e+03 1.1599e-11 8.4203e-01 1.8623e+03 1.4094e+04 7.7980e+03 3.5084e+17 2.1412e+14 2.1412e+14 2.0565e-01 0.0000e+00 2.2965e+04 0.0000e+00
1.9000e+03 1.1554e-11 8.4115e-01 1.8617e+03 1.4090e+04 7.7980e+03 3.5331e+17 2.1493e+14 2.1493e+14 2.0508e-01 0.0000e+00 2.3021e+04 0.0000e+00
1.9100e+03 1.1510e-11 8.4028e-01 1.8611e+03 1.4085e+04 7.7980e+03 3.5581e+17 2.1575e+14 2.1575e+14 2.0450e-01 0.0000e+00 2.3077e+04 0.0000e+00
1.9200e+03 1.1466e-11 8.3942e-01 1.8605e+03 1.4081e+04 7.7980e+03 3.5833e+17 2.1658e+14 2.1658e+14 2.0393e-01 0.0000e+00 2.3134e+04 0.0000e+00
1.9300e+03 1.1422e-11 8.3856e-01 1.8600e+03 1.4077e+04 7.7980e+03 3.6088e+17 2.1741e+14 2.1741e+14 2.0335e-01 0.0000e+00 2.3191e+04 0.0000e+00
1.9400e+03 1.1378e-11 8.3772e-01 1.8594e+03 1.4072e+04 7.7980e+03 3.6346e+17 2.1825e+14 2.1825e+14 2.0277e-01 0.0000e+00 2.3248e+04 0.0000e+00
1.9500e+03 1.1334e-11 8.3688e-01 1.8588e+03 1.4068e+04 7.7980e+03 3.6607e+17 2.1909e+14 2.1909e+14 2.0220e-01 0.0000e+00 2.3306e+04 0.0000e+00
1.9600e+03 1.1291e-11 8.3605e-01 1.8582e+03 1.4064e+04 7.7980e+03 3.6871e+17 2.1994e+14 2.1994e+14 2.0162e-01 0.0000e+00 2.3364e+04 0.0000e+00
1.9700e+03 1.1247e-11 8.3523e-01 1.8576e+03 1.4059e+04 7.7980e+03 3.7137e+17 2.2080e+14 2.2080e+14 2.0105e-01 0.0000e+00 2.3422e+04 0.0000e+00
1.9800e+03 1.1204e-11 8.3441e-01 1.8571e+03 1.4055e+04 7.7980e+03 3.7406e+17 2.2166e+14 2.2166e+14 2.0047e-01 0.0000e+00 2.3481e+04 0.0000e+00
1.9900e+03 1.1161e-11 8.3360e-01 1.8565e+03 1.4050e+04 7.7980e+03 3.7678e+17 2.2252e+14 2.2252e+14 1.9989e-01 0.0000e+00 2.3540e+04 0.0000e+00
2.0000e+03 1.1118e-11 8.3280e-01 1.8559e+03 1.4046e+04 7.7980e+03 3.7952e+17 2.2340e+14 2.2340e+14 1.9932e-01 0.0000e+00 2.3599e+04 0.0000e+00
2.0100e+03 1.1075e-11 8.3200e-01 1.8553e+03 1.4042e+04 7.7980e+03 3.8230e+17 2.2427e+14 2.2427e+14 1.9874e-01 0.0000e+00 2.3659e+04 0.0000e+00
2.0200e+03 1.1033e-11 8.3122e-01 1.8547e+03 1.4037e+04 7.7980e+03 3.8510e+17 2.2516e+14 2.2516e+14 1.9817e-01 0.0000e+00 2.3718e+04 0.0000e+00
2.0300e+03 1.0991e-11 8.3043e-01 1.8541e+03 1.4033e+04 7.7980e+03 3.8793e+17 2.2605e+14 2.2605e+14 1.9759e-01 0.0000e+00 2.3778e+04 0.0000e+00
2.0400e+03 1.0948e-11 8.2966e-01 1.8535e+03 1.4028e+04 7.7980e+03 3.9079e+17 2.2694e+14 2.2694e+14 1.9702e-01 0.0000e+00 2.3839e+04 0.0000e+00
2.0500e+03 1.0906e-11 8.2889e-01 1.8530e+03 1.4024e+04 7.7980e+03 3.9368e+17 2.2784e+14 2.2784e+14 1.9644e-01 0.0000e+00 2.3899e+04 0.0000e+00
2.0600e+03 1.0864e-11 8.2812e-01 1.8524e+03 1.4019e+04 7.7980e+03 3.9660e+17 2.2875e+14 2.2875e+14 1.9587e-01 0.0000e+00 2.3960e+04 0.0000e+00
2.0700e+03 1.0823e-11 8.2736e-01 1.8518e+03 1.4015e+04 7.7980e+03 3.9955e+17 2.2966e+14 2.2966e+14 1.9530e-01 0.0000e+00 2.4022e+04 0.0000e+00
2.0800e+03 1.0781e-11 8.2661e-01 1.8512e+03 1.4010e+04 7.7980e+03 4.0253e+17 2.3058e+14 2.3058e+14 1.9472e-01 0.0000e+00 2.4083e+04 0.0000e+00
2.0900e+03 1.0740e-11 8.2586e-01 1.8506e+03 1.4006e+04 7.7980e+03 4.0554e+17 2.3150e+14 2.3150e+14 1.9415e-01 0.0000e+00 2.4145e+04 0.0000e+00
2.1000e+03 1.0698e-11 8.2512e-01 1.8500e+03 1.4001e+04 7.7980e+03 4.0857e+17 2.3243e+14 2.3243e+14 1.9358e-01 0.0000e+00 2.4207e+04 0.0000e+00
2.1100e+03 1.0657e-11 8.2438e-01 1.8494e+03 1.3997e+04 7.7980e+03 4.1164e+17 2.3336e+14 2.3336e+14 1.9301e-01 0.0000e+00 2.4269e+04 0.0000e+00
2.1200e+03 1.0616e-11 8.2365e-01 1.8488e+03 1.3992e+04 7.7980e+03 4.1474e+17 2.3430e+14 2.3430e+14 1.9244e-01 0.0000e+00 2.4332e+04 0.0000e+00
2.1300e+03 1.0576e-11 8.2293e-01 1.8482e+03 1.3988e+04 7.7980e+03 4.1787e+17 2.3525e+14 2.3525e+14 1.9187e-01 0.0000e+00 2.4395e+04 0.0000e+00
2.1400e+03 1.0535e-11 8.2220e-01 1.8476e+03 1.3983e+04 7.7980e+03 4.2103e+17 2.3620e+14 2.3620e+14 1.9130e-01 0.0000e+00 2.4458e+04 0.0000e+00
2.1500e+03 1.0495e-11 8.2149e-01 1.8470e+03 1.3979e+04 7.7980e+03 4.2422e+17 2.3715e+14 2.3715e+14 1.9073e-01 0.0000e+00 2.4521e+04 0.0000e+00
2.1600e+03 1.0454e-11 8.2077e-01 1.8464e+03 1.3974e+04 7.7980e+03 4.2744e+17 2.3812e+14 2.3812e+14 1.9016e-01 0.0000e+00 2.4585e+04 0.0000e+00
2.1700e+03 1.0414e-11 8.2006e-01 1.8458e+03 1.3970e+04 7.7980e+03 4.3069e+17 2.3908e+14 2.3908e+14 1.8960e-01 0.0000e+00 2.4649e+04 0.0000e+00
2.1800e+03 1.0374e-11 8.1936e-01 1.8452e+03 1.3965e+04 7.7980e+03 4.3398e+17 2.4006e+14 2.4006e+14 1.8903e-01 0.0000e+00 2.4713e+04 0.0000e+00
2.1900e+03 1.0334e-11 8.1866e-01 1.8446e+03 1.3960e+04 7.7980e+03 4.3730e+17 2.4103e+14 2.4103e+14 1.8847e-01 0.0000e+00 2.4778e+04 0.0000e+00
2.2000e+03 1.0295e-11 8.1796e-01 1.8440e+03 1.3956e+04 7.7980e+03 4.4064e+17 2.4202e+14 2.4202e+14 1.8790e-01 0.0000e+00 2.4843e+04 0.0000e+00
2.2100e+03 1.0255e-11 8.1727e-01 1.8434e+03 1.3951e+04 7.7980e+03 4.4402e+17 2.4301e+14 2.4301e+14 1.8734e-01 0.0000e+00 2.4908e+04 0.0000e+00
2.2200e+03 1.0216e-11 8.1658e-01 1.8428e+03 1.3947e+04 7.7980e+03 4.4744e+17 2.4400e+14 2.4400e+14 1.8678e-01 0.0000e+00 2.4973e+04 0.0000e+00
2.2300e+03 1.0177e-11 8.1590e-01 1.8422e+03 1.3942e+04 7.7980e+03 4.5088e+17 2.4500e+14 2.4500e+14 1.8622e-01 0.0000e+00 2.5038e+04 0.0000e+00
2.2400e+03 1.0137e-11 8.1522e-01 1.8416e+03 1.3938e+04 7.7980e+03 4.5436e+17 2.4601e+14 2.4601e+14 1.8566e-01 0.0000e+00 2.5104e+04 0.0000e+00
2.2500e+03 1.0099e-11 8.1454e-01 1.8410e+03 1.3933e+04 7.7980e+03 4.5787e+17 2.4702e+14 2.4702e+14 1.8510e-01 0.0000e+00 2.5170e+04 0.0000e+00
2.2600e+03 1.0060e-11 8.1387e-01 1.8404e+03 1.3929e+04 7.7980e+03 4.6142e+17 2.4803e+14 2.4803e+14 1.8454e-01 0.0000e+00 2.5237e+04 0.0000e+00
2.2700e+03 1.0021e-11 8.1320e-01 1.8398e+03 1.3924e+04 7.7980e+03 4.6500e+17 2.4905e+14 2.4905e+14 1.8398e-01 0.0000e+00 2.5303e+04 0.0000e+00
2.2800e+03 9.9826e-12 8.1253e-01 1.8392e+03 1.3919e+04 7.7980e+03 4.6861e+17 2.5008e+14 2.5008e+14 1.8342e-01 0.0000e+00 2.5370e+04 0.0000e+00
2.2900e+03 9.9443e-12 8.1187e-01 1.8386e+03 1.3915e+04 7.7980e+03 4.7226e+17 2.5111e+14 2.5111e+14 1.8287e-01 0.0000e+00 2.5437e+04 0.0000e+00
2.3000e+03 9.9061e-12 8.1121e-01 1.8380e+03 1.3910e+04 7.7980e+03 4.7594e+17 2.5215e+14 2.5215e+14 1.8232e-01 0.0000e+00 2.5504e+04 0.0000e+00
2.3100e+03 9.8681e-12 8.1055e-01 1.8373e+03 1.3906e+04 7.7980e+03 4.7966e+17 2.5320e+14 2.5320e+14 1.8176e-01 0.0000e+00 2.5572e+04 0.0000e+00
2.3200e+03 9.8302e-12 8.0990e-01 1.8367e+03 1.3901e+04 7.7980e+03 4.8341e+17 2.5425e+14 2.5425e+14 1.8121e-01 0.0000e+00 2.5640e+04 0.0000e+00
2.3300e+03 9.7924e-12 8.0925e-01 1.8361e+03 1.3896e+04 7.7980e+03 4.8720e+17 2.5530e+14 2.5530e+14 1.8066e-01 0.0000e+00 2.5708e+04 0.0000e+00
2.3400e+03 9.7548e-12 8.0860e-01 1.8355e+03 1.3892e+04 7.7980e+03 4.9102e+17 2.5636e+14 2.5636e+14 1.8011e-01 0.0000e+00 2.5776e+04 0.0000e+00
2.3500e+03 9.7174e-12 8.0795e-01 1.8349e+03 1.3887e+04 7.7980e+03 4.9488e+17 2.5743e+14 2.5743e+14 1.7956e-01 0.0000e+00 2.5845e+04 0.0000e+00
2.3600e+03 9.6801e-12 8.0731e-01 1.8343e+03 1.3883e+04 7.7980e+03 4.9877e+17 2.5850e+14 2.5850e+14 1.7902e-01 0.0000e+00 2.5914e+04 0.0000e+00
2.3700e+03 9.6429e-12 8.0667e-01 1.8337e+03 1.3878e+04 7.7980e+03 5.0270e+17 2.5957e+14 2.5957e+14 1.7847e-01 0.0000e+00 2.5983e+04 0.0000e+00
2.3800e+03 9.6059e-12 8.0603e-01 1.8331e+03 1.3873e+04 7.7980e+03 5.0667e+17 2.6066e+14 2.6066e+14 1.7793e-01 0.0000e+00 2.6052e+04 0.0000e+00
2.3900e+03 9.5690e-12 8.0540e-01 1.8325e+03 1.3869e+04 7.7980e+03 5.1067e+17 2.6174e+14 2.6174e+14 1.7738e-01 0.0000e+00 2.6122e+04 0.0000e+00
2.4000e+03 9.5322e-12 8.0476e-01 1.8319e+03 1.3864e+04 7.7980e+03 5.1472e+17 2.6284e+14 2.6284e+14 1.7684e-01 0.0000e+00 2.6191e+04 0.0000e+00
2.4100e+03 9.4956e-12 8.0413e-01 1.8313e+03 1.3860e+04 7.7980e+03 5.1880e+17 2.6394e+14 2.6394e+14 1.7630e-01 0.0000e+00 2.6261e+04 0.0000e+00
2.4200e+03 9.4592e-12 8.0351e-01 1.8307e+03 1.3855e+04 7.7980e+03 5.2291e+17 2.6504e+14 2.6504e+14 1.7576e-01 0.0000e+00 2.6332e+04 0.0000e+00
2.4300e+03 9.4228e-12 8.0288e-01 1.8301e+03 1.3850e+04 7.7980e+03 5.2707e+17 2.6615e+14 2.6615e+14 1.7522e-01 0.0000e+00 2.6402e+04 0.0000e+00
2.4400e+03 9.3867e-12 8.0226e-01 1.8295e+03 1.3846e+04 7.7980e+03 5.3126e+17 2.6726e+14 2.6726e+14 1.7468e-01 0.0000e+00 2.6473e+04 0.0000e+00
2.4500e+03 9.3506e-12 8.0163e-01 1.8288e+03 1.3841e+04 7.7980e+03 5.3549e+17 2.6838e+14 2.6838e+14 1.7415e-01 0.0000e+00 2.6544e+04 0.0000e+00
2.4600e+03 9.3147e-12 8.0101e-01 1.8282e+03 1.3837e+04 7.7980e+03 5.3976e+17 2.6951e+14 2.6951e+14 1.7361e-01 0.0000e+00 2.6615e+04 0.0000e+00
2.4700e+03 9.2789e-12 8.0040e-01 1.8276e+03 1.3832e+04 7.7980e+03 5.4407e+17 2.7064e+14 2.7064e+14 1.7308e-01 0.0000e+00 2.6686e+04 0.0000e+00
2.4800e+03 9.2433e-12 7.9978e-01 1.8270e+03 1.3827e+04 7.7980e+03 5.4842e+17 2.7178e+14 2.7178e+14 1.7255e-01 0.0000e+00 2.6758e+04 0.0000e+00
2.4900e+03 9.2078e-12 7.9917e-01 1.8264e+03 1.3823e+04 7.7980e+03 5.5281e+17 2.7292e+14 2.7292e+14 1.7202e-01 0.0000e+00 2.6830e+04 0.0000e+00
2.5000e+03 9.1725e-12 7.9856e-01 1.8258e+03 1.3818e+04 7.7980e+03 5.5724e+17 2.7407e+14 2.7407e+14 1.7149e-01 0.0000e+00 2.6902e+04 0.0000e+00
2.5100e+03 9.1372e-12 7.9795e-01 1.8252e+03 1.3814e+04 7.7980e+03 5.6172e+17 2.7522e+14 2.7522e+14 1.7096e-01 0.0000e+00 2.6975e+04 0.0000e+00
2.5200e+03 9.1022e-12 7.9734e-01 1.8246e+03 1.3809e+04 7.7980e+03 5.6623e+17 2.7638e+14 2.7638e+14 1.7043e-01 0.0000e+00 2.7047e+04 0.0000e+00
2.5300e+03 9.0672e-12 7.9673e-01 1.8240e+03 1.3804e+04 7.7980e+03 5.7078e+17 2.7755e+14 2.7755e+14 1.6991e-01 0.0000e+00 2.7120e+04 0.0000e+00
2.5400e+03 9.0324e-12 7.9612e-01 1.8234e+03 1.3800e+04 7.7980e+03 5.7538e+17 2.7872e+14 2.7872e+14 1.6939e-01 0.0000e+00 2.7193e+04 0.0000e+00
2.5500e+03 8.9977e-12 7.9552e-01 1.8228e+03 1.3795e+04 7.7980e+03 5.8001e+17 2.7990e+14 2.7990e+14 1.6886e-01 0.0000e+00 2.7267e+04 0.0000e+00
2.5600e+03 8.9631e-12 7.9492e-01 1.8222e+03 1.3791e+04 7.7980e+03 5.8469e+17 2.8108e+14 2.8108e+14 1.6834e-01 0.0000e+00 2.7340e+04 0.0000e+00
2.5700e+03 8.9287e-12 7.9432e-01 1.8216e+03 1.3786e+04 7.7980e+03 5.8941e+17 2.8227e+14 2.8227e+14 1.6782e-01 0.0000e+00 2.7414e+04 0.0000e+00
2.5800e+03 8.8944e-12 7.9372e-01 1.8209e+03 1.3781e+04 7.7980e+03 5.9418e+17 2.8346e+14 2.8346e+14 1.6730e-01 0.0000e+00 2.7488e+04 0.0000e+00
2.5900e+03 8.8603e-12 7.9312e-01 1.8203e+03 1.3777e+04 7.7980e+03 5.9899e+17 2.8466e+14 2.8466e+14 1.6679e-01 0.0000e+00 2.7562e+04 0.0000e+00
2.6000e+03 8.8263e-12 7.9253e-01 1.8197e+03 1.3772e+04 7.7980e+03 6.0384e+17 2.8586e+14 2.8586e+14 1.6627e-01 0.0000e+00 2.7637e+04 0.0000e+00
2.6100e+03 8.7924e-12 7.9193e-01 1.8191e+03 1.3768e+04 7.7980e+03 6.0874e+17 2.8707e+14 2.8707e+14 1.6576e-01 0.0000e+00 2.7711e+04 0.0000e+00
2.6200e+03 8.7586e-12 7.9134e-01 1.8185e+03 1.3763e+04 7.7980e+03 6.1368e+17 2.8829e+14 2.8829e+14 1.6524e-01 0.0000e+00 2.7786e+04 0.0000e+00
2.6300e+03 8.7250e-12 7.9074e-01 1.8179e+03 1.3758e+04 7.7980e+03 6.1866e+17 2.8951e+14 2.8951e+14 1.6473e-01 0.0000e+00 2.7861e+04 0.0000e+00
2.6400e+03 8.6915e-12 7.9015e-01 1.8173e+03 1.3754e+04 7.7980e+03 6.2369e+17 2.9073e+14 2.9073e+14 1.6422e-01 0.0000e+00 2.7937e+04 0.0000e+00
2.6500e+03 8.6581e-12 7.8956e-01 1.8167e+03 1.3749e+04 7.7980e+03 6.2877e+17 2.9197e+14 2.9197e+14 1.6372e-01 0.0000e+00 2.8013e+04 0.0000e+00
2.6600e+03 8.6248e-12 7.8897e-01 1.8161e+03 1.3745e+04 7.7980e+03 6.3389e+17 2.9321e+14 2.9321e+14 1.6321e-01 0.0000e+00 2.8088e+04 0.0000e+00
2.6700e+03 8.5917e-12 7.8839e-01 1.8155e+03 1.3740e+04 7.7980e+03 6.3906e+17 2.9445e+14 2.9445e+14 1.6270e-01 0.0000e+00 2.8164e+04 0.0000e+00
2.6800e+03 8.5587e-12 7.8780e-01 1.8149e+03 1.3736e+04 7.7980e+03 6.4428e+17 2.9570e+14 2.9570e+14 1.6220e-01 0.0000e+00 2.8241e+04 0.0000e+00
2.6900e+03 8.5259e-12 7.8721e-01 1.8143e+03 1.3731e+04 7.7980e+03 6.4954e+17 2.9695e+14 2.9695e+14 1.6170e-01 0.0000e+00 2.8317e+04 0.0000e+00
2.7000e+03 8.4931e-12 7.8663e-01 1.8137e+03 1.3726e+04 7.7980e+03 6.5485e+17 2.9822e+14 2.9822e+14 1.6120e-01 0.0000e+00 2.8394e+04 0.0000e+00
2.7100e+03 8.4605e-12 7.8604e-01 1.8131e+03 1.3722e+04 7.7980e+03 6.6021e+17 2.9948e+14 2.9948e+14 1.6070e-01 0.0000e+00 2.8471e+04 0.0000e+00
2.7200e+03 8.4280e-12 7.8546e-01 1.8125e+03 1.3717e+04 7.7980e+03 6.6562e+17 3.0075e+14 3.0075e+14 1.6020e-01 0.0000e+00 2.8548e+04 0.0000e+00
2.7300e+03 8.3957e-12 7.8488e-01 1.8118e+03 1.3713e+04 7.7980e+03 6.7107e+17 3.0203e+14 3.0203e+14 1.5970e-01 0.0000e+00 2.8626e+04 0.0000e+00
2.7400e+03 8.3634e-12 7.8430e-01 1.8112e+03 1.3708e+04 7.7980e+03 6.7658e+17 3.0332e+14 3.0332e+14 1.5921e-01 0.0000e+00 2.8703e+04 0.0000e+00
2.7500e+03 8.3313e-12 7.8372e-01 1.8106e+03 1.3703e+04 7.7980e+03 6.8213e+17 3.0461e+14 3.0461e+14 1.5871e-01 0.0000e+00 2.8781e+04 0.0000e+00
2.7600e+03 8.2993e-12 7.8314e-01 1.8100e+03 1.3699e+04 7.7980e+03 6.8774e+17 3.0590e+14 3.0590e+14 1.5822e-01 0.0000e+00 2.8859e+04 0.0000e+00
2.7700e+03 8.2675e-12 7.8256e-01 1.8094e+03 1.3694e+04 7.7980e+03 6.9339e+17 3.0720e+14 3.0720e+14 1.5773e-01 0.0000e+00 2.8938e+04 0.0000e+00
2.7800e+03 8.2357e-12 7.8198e-01 1.8088e+03 1.3690e+04 7.7980e+03 6.9910e+17 3.0851e+14 3.0851e+14 1.5724e-01 0.0000e+00 2.9016e+04 0.0000e+00
2.7900e+03 8.2041e-12 7.8140e-01 1.8082e+03 1.3685e+04 7.7980e+03 7.0486e+17 3.0983e+14 3.0983e+14 1.5675e-01 0.0000e+00 2.9095e+04 0.0000e+00
2.8000e+03 8.1726e-12 7.8083e-01 1.8076e+03 1.3681e+04 7.7980e+03 7.1066e+17 3.1114e+14 3.1114e+14 1.5626e-01 0.0000e+00 2.9174e+04 0.0000e+00
2.8100e+03 8.1412e-12 7.8025e-01 1.8070e+03 1.3676e+04 7.7980e+03 7.1653e+17 3.1247e+14 3.1247e+14 1.5578e-01 0.0000e+00 2.9253e+04 0.0000e+00
2.8200e+03 8.1099e-12 7.7967e-01 1.8064e+03 1.3671e+04 7.7980e+03 7.2244e+17 3.1380e+14 3.1380e+14 1.5530e-01 0.0000e+00 2.9333e+04 0.0000e+00
2.8300e+03 8.0788e-12 7.7910e-01 1.8058e+03 1.3667e+04 7.7980e+03 7.2841e+17 3.1514e+14 3.1514e+14 1.5481e-01 0.0000e+00 2.9413e+04 0.0000e+00
2.8400e+03 8.0478e-12 7.7853e-01 1.8052e+03 1.3662e+04 7.7980e+03 7.3443e+17 3.1648e+14 3.1648e+14 1.5433e-01 0.0000e+00 2.9492e+04 0.0000e+00
2.8500e+03 8.0169e-12 7.7795e-01 1.8046e+03 1.3658e+04 7.7980e+03 7.4051e+17 3.1783e+14 3.1783e+14 1.5385e-01 0.0000e+00 2.9573e+04 0.0000e+00
2.8600e+03 7.9861e-12 7.7738e-01 1.8040e+03 1.3653e+04 7.7980e+03 7.4664e+17 3.1918e+14 3.1918e+14 1.5338e-01 0.0000e+00 2.9653e+04 0.0000e+00
2.8700e+03 7.9554e-12 7.7681e-01 1.8034e+03 1.3649e+04 7.7980e+03 7.5282e+17 3.2054e+14 3.2054e+14 1.5290e-01 0.0000e+00 2.9734e+04 0.0000e+00
2.8800e+03 7.9249e-12 7.7623e-01 1.8028e+03 1.3644e+04 7.7980e+03 7.5906e+17 3.2191e+14 3.2191e+14 1.5242e-01 0.0000e+00 2.9814e+04 0.0000e+00
2.8900e+03 7.8944e-12 7.7566e-01 1.8022e+03 1.3640e+04 7.7980e+03 7.6536e+17 3.2328e+14 3.2328e+14 1.5195e-01 0.0000e+00 2.9895e+04 0.0000e+00
2.9000e+03 7.8641e-12 7.7509e-01 1.8016e+03 1.3635e+04 7.7980e+03 7.7172e+17 3.2466e+14 3.2466e+14 1.5148e-01 0.0000e+00 2.9977e+04 0.0000e+00
2.9100e+03 7.8339e-12 7.7452e-01 1.8010e+03 1.3631e+04 7.7980e+03 7.7813e+17 3.2605e+14 3.2605e+14 1.5101e-01 0.0000e+00 3.0058e+04 0.0000e+00
2.9200e+03 7.8038e-12 7.7395e-01 1.8004e+03 1.3626e+04 7.7980e+03 7.8459e+17 3.2744e+14 3.2744e+14 1.5054e-01 0.0000e+00 3.0140e+04 0.0000e+00
2.9300e+03 7.7739e-12 7.7338e-01 1.7998e+03 1.3621e+04 7.7980e+03 7.9112e+17 3.2883e+14 3.2883e+14 1.5007e-01 0.0000e+00 3.0222e+04 0.0000e+00
2.9400e+03 7.7440e-12 7.7281e-01 1.7992e+03 1.3617e+04 7.7980e+03 7.9771e+17 3.3024e+14 3.3024e+14 1.4961e-01 0.0000e+00 3.0304e+04 0.0000e+00
2.9500e+03 7.7143e-12 7.7224e-01 1.7986e+03 1.3612e+04 7.7980e+03 8.0435e+17 3.3164e+14 3.3164e+14 1.4914e-01 0.0000e+00 3.0386e+04 0.0000e+00
2.9600e+03 7.6847e-12 7.7167e-01 1.7980e+03 1.3608e+04 7.7980e+03 8.1105e+17 3.3306e+14 3.3306e+14 1.4868e-01 0.0000e+00 3.0469e+04 0.0000e+00
2.9700e+03 7.6551e-12 7.7110e-01 1.7974e+03 1.3603e+04 7.7980e+03 8.1782e+17 3.3448e+14 3.3448e+14 1.4822e-01 0.0000e+00 3.0552e+04 0.0000e+00
2.9800e+03 7.6258e-12 7.7053e-01 1.7968e+03 1.3599e+04 7.7980e+03 8.2464e+17 3.3591e+14 3.3591e+14 1.4776e-01 0.0000e+00 3.0635e+04 0.0000e+00
2.9900e+03 7.5965e-12 7.6997e-01 1.7962e+03 1.3594e+04 7.7980e+03 8.3153e+17 3.3734e+14 3.3734e+14 1.4730e-01 0.0000e+00 3.0718e+04 0.0000e+00
3.0000e+03 7.5673e-12 7.6940e-01 1.7956e+03 1.3590e+04 7.7980e+03 8.3848e+17 3.3878e+14 3.3878e+14 1.4684e-01 0.0000e+00 3.0801e+04 0.0000e+00
3.0100e+03 7.5382e-12 7.6883e-01 1.7950e+03 1.3585e+04 7.7980e+03 8.4549e+17 3.4022e+14 3.4022e+14 1.4638e-01 0.0000e+00 3.0885e+04 0.0000e+00
3.0200e+03 7.5093e-12 7.6826e-01 1.7944e+03 1.3581e+04 7.7980e+03 8.5256e+17 3.4168e+14 3.4168e+14 1.4593e-01 0.0000e+00 3.0969e+04 0.0000e+00
3.0300e+03 7.4805e-12 7.6770e-01 1.7938e+03 1.3576e+04 7.7980e+03 8.5969e+17 3.4313e+14 3.4313e+14 1.4548e-01 0.0000e+00 3.1053e+04 0.0000e+00
3.0400e+03 7.4517e-12 7.6713e-01 1.7932e+03 1.3572e+04 7.7980e+03 8.6689e+17 3.4460e+14 3.4460e+14 1.4502e-01 0.0000e+00 3.1138e+04 0.0000e+00
3.0500e+03 7.4231e-12 7.6656e-01 1.7926e+03 1.3567e+04 7.7980e+03 8.7416e+17 3.4607e+14 3.4607e+14 1.4457e-01 0.0000e+00 3.1222e+04 0.0000e+00
3.0600e+03 7.3946e-12 7.6600e-01 1.7921e+03 1.3563e+04 7.7980e+03 8.8149e+17 3.4754e+14 3.4754e+14 1.4413e-01 0.0000e+00 3.1307e+04 0.0000e+00
3.0700e+03 7.3662e-12 7.6543e-01 1.7915e+03 1.3558e+04 7.7980e+03 8.8888e+17 3.4903e+14 3.4903e+14 1.4368e-01 0.0000e+00 3.1392e+04 0.0000e+00
3.0800e+03 7.3379e-12 7.6486e-01 1.7909e+03 1.3554e+04 7.7980e+03 8.9635e+17 3.5052e+14 3.5052e+14 1.4323e-01 0.0000e+00 3.1477e+04 0.0000e+00
3.0900e+03 7.3098e-12 7.6430e-01 1.7903e+03 1.3549e+04 7.7980e+03 9.0388e+17 3.5201e+14 3.5201e+14 1.4279e-01 0.0000e+00 3.1563e+04 0.0000e+00
3.1000e+03 7.2817e-12 7.6373e-01 1.7897e+03 1.3545e+04 7.7980e+03 9.1147e+17 3.5351e+14 3.5351e+14 1.4235e-01 0.0000e+00 3.1649e+04 0.0000e+00
3.1100e+03 7.2537e-12 7.6317e-01 1.7891e+03 1.3540e+04 7.7980e+03 9.1914e+17 3.5502e+14 3.5502e+14 1.4190e-01 0.0000e+00 3.1735e+04 0.0000e+00
3.1200e+03 7.2259e-12 7.6260e-01 1.7885e+03 1.3536e+04 7.7980e+03 9.2687e+17 3.5654e+14 3.5654e+14 1.4146e-01 0.0000e+00 3.1821e+04 0.0000e+00
3.1300e+03 7.1981e-12 7.6203e-01 1.7879e+03 1.3531e+04 7.7980e+03 9.3467e+17 3.5806e+14 3.5806e+14 1.4103e-01 0.0000e+00 3.1907e+04 0.0000e+00
3.1400e+03 7.1705e-12 7.6147e-01 1.7873e+03 1.3527e+04 7.7980e+03 9.4254e+17 3.5958e+14 3.5958e+14 1.4059e-01 0.0000e+00 3.1994e+04 0.0000e+00
3.1500e+03 7.1429e-12 7.6090e-01 1.7867e+03 1.3522e+04 7.7980e+03 9.5049e+17 3.6112e+14 3.6112e+14 1.4015e-01 0.0000e+00 3.2081e+04 0.0000e+00
3.1600e+03 7.1155e-12 7.6034e-01 1.7861e+03 1.3518e+04 7.7980e+03 9.5850e+17 3.6266e+14 3.6266e+14 1.3972e-01 0.0000e+00 3.2168e+04 0.0000e+00
3.1700e+03 7.0882e-12 7.5977e-01 1.7855e+03 1.3514e+04 7.7980e+03 9.6659e+17 3.6420e+14 3.6420e+14 1.3929e-01 0.0000e+00 3.2255e+04 0.0000e+00
3.1800e+03 7.0610e-12 7.5920e-01 1.7850e+03 1.3509e+04 7.7980e+03 9.7475e+17 3.6576e+14 3.6576e+14 1.3885e-01 0.0000e+00 3.2342e+04 0.0000e+00
3.1900e+03 7.0339e-12 7.5864e-01 1.7844e+03 1.3505e+04 7.7980e+03 9.8298e+17 3.6732e+14 3.6732e+14 1.3842e-01 0.0000e+00 3.2430e+04 0.0000e+00
3.2000e+03 7.0069e-12 7.5807e-01 1.7838e+03 1.3500e+04 7.7980e+03 9.9128e+17 3.6888e+14 3.6888e+14 1.3800e-01 0.0000e+00 3.2518e+04 0.0000e+00
3.2100e+03 6.9799e-12 7.5751e-01 1.7832e+03 1.3496e+04 7.7980e+03 9.9966e+17 3.7046e+14 3.7046e+14 1.3757e-01 0.0000e+00 3.2606e+04 0.0000e+00
3.2200e+03 6.9531e-12 7.5694e-01 1.7826e+03 1.3491e+04 7.7980e+03 1.0081e+18 3.7203e+14 3.7203e+14 1.3714e-01 0.0000e+00 3.2695e+04 0.0000e+00
3.2300e+03 6.9264e-12 7.5638e-01 1.7820e+03 1.3487e+04 7.7980e+03 1.0166e+18 3.7362e+14 3.7362e+14 1.3672e-01 0.0000e+00 3.2783e+04 0.0000e+00
3.2400e+03 6.8998e-12 7.5581e-01 1.7814e+03 1.3482e+04 7.7980e+03 1.0253e+18 3.7521e+14 3.7521e+14 1.3630e-01 0.0000e+00 3.2872e+04 0.0000e+00
3.2500e+03 6.8733e-12 7.5524e-01 1.7808e+03 1.3478e+04 7.7980e+03 1.0339e+18 3.7681e+14 3.7681e+14 1.3587e-01 0.0000e+00 3.2961e+04 0.0000e+00
3.2600e+03 6.8470e-12 7.5468e-01 1.7803e+03 1.3474e+04 7.7980e+03 1.0427e+18 3.7842e+14 3.7842e+14 1.3545e-01 0.0000e+00 3.3050e+04 0.0000e+00
3.2700e+03 6.8207e-12 7.5411e-01 1.7797e+03 1.3469e+04 7.7980e+03 1.0515e+18 3.8003e+14 3.8003e+14 1.3503e-01 0.0000e+00 3.3140e+04 0.0000e+00
3.2800e+03 6.7945e-12 7.5354e-01 1.7791e+03 1.3465e+04 7.7980e+03 1.0605e+18 3.8165e+14 3.8165e+14 1.3462e-01 0.0000e+00 3.3230e+04 0.0000e+00
3.2900e+03 6.7684e-12 7.5298e-01 1.7785e+03 1.3460e+04 7.7980e+03 1.0695e+18 3.8327e+14 3.8327e+14 1.3420e-01 0.0000e+00 3.3320e+04 0.0000e+00
3.3000e+03 6.7424e-12 7.5241e-01 1.7779e+03 1.3456e+04 7.7980e+03 1.0785e+18 3.8490e+14 3.8490e+14 1.3379e-01 0.0000e+00 3.3410e+04 0.0000e+00
3.3100e+03 6.7165e-12 7.5184e-01 1.7773e+03 1.3451e+04 7.7980e+03 1.0877e+18 3.8654e+14 3.8654e+14 1.3337e-01 0.0000e+00 3.3500e+04 0.0000e+00
3.3200e+03 6.6907e-12 7.5128e-01 1.7768e+03 1.3447e+04 7.7980e+03 1.0970e+18 3.8819e+14 3.8819e+14 1.3296e-01 0.0000e+00 3.3591e+04 0.0000e+00
3.3300e+03 6.6650e-12 7.5071e-01 1.7762e+03 1.3443e+04 7.7980e+03 1.1063e+18 3.8984e+14 3.8984e+14 1.3255e-01 0.0000e+00 3.3682e+04 0.0000e+00
3.3400e+03 6.6394e-12 7.5014e-01 1.7756e+03 1.3438e+04 7.7980e+03 1.1157e+18 3.9150e+14 3.9150e+14 1.3214e-01 0.0000e+00 3.3773e+04 0.0000e+00
3.3500e+03 6.6139e-12 7.4958e-01 1.7750e+03 1.3434e+04 7.7980e+03 1.1252e+18 3.9316e+14 3.9316e+14 1.3173e-01 0.0000e+00 3.3864e+04 0.0000e+00
3.3600e+03 6.5885e-12 7.4901e-01 1.7744e+03 1.3429e+04 7.7980e+03 1.1348e+18 3.9484e+14 3.9484e+14 1.3133e-01 0.0000e+00 3.3956e+04 0.0000e+00
3.3700e+03 6.5632e-12 7.4844e-01 1.7739e+03 1.3425e+04 7.7980e+03 1.1444e+18 3.9652e+14 3.9652e+14 1.3092e-01 0.0000e+00 3.4047e+04 0.0000e+00
3.3800e+03 6.5380e-12 7.4787e-01 1.7733e+03 1.3421e+04 7.7980e+03 1.1542e+18 3.9820e+14 3.9820e+14 1.3052e-01 0.0000e+00 3.4139e+04 0.0000e+00
3.3900e+03 6.5129e-12 7.4730e-01 1.7727e+03 1.3416e+04 7.7980e+03 1.1640e+18 3.9990e+14 3.9990e+14 1.3012e-01 0.0000e+00 3.4232e+04 0.0000e+00
3.4000e+03 6.4879e-12 7.4674e-01 1.7721e+03 1.3412e+04 7.7980e+03 1.1740e+18 4.0160e+14 4.0160e+14 1.2972e-01 0.0000e+00 3.4324e+04 0.0000e+00
3.4100e+03 6.4630e-12 7.4617e-01 1.7715e+03 1.3408e+04 7.7980e+03 1.1840e+18 4.0330e+14 4.0330e+14 1.2932e-01 0.0000e+00 3.4417e+04 0.0000e+00
3.4200e+03 6.4382e-12 7.4560e-01 1.7710e+03 1.3403e+04 7.7980e+03 1.1941e+18 4.0502e+14 4.0502e+14 1.2892e-01 0.0000e+00 3.4510e+04 0.0000e+00
3.4300e+03 6.4135e-12 7.4503e-01 1.7704e+03 1.3399e+04 7.7980e+03 1.2043e+18 4.0674e+14 4.0674e+14 1.2852e-01 0.0000e+00 3.4603e+04 0.0000e+00
3.4400e+03 6.3888e-12 7.4446e-01 1.7698e+03 1.3394e+04 7.7980e+03 1.2146e+18 4.0846e+14 4.0846e+14 1.2812e-01 0.0000e+00 3.4696e+04 0.0000e+00
3.4500e+03 6.3643e-12 7.4389e-01 1.7692e+03 1.3390e+04 7.7980e+03 1.2250e+18 4.1020e+14 4.1020e+14 1.2773e-01 0.0000e+00 3.4790e+04 0.0000e+00
3.4600e+03 6.3399e-12 7.4332e-01 1.7687e+03 1.3386e+04 7.7980e+03 1.2355e+18 4.1194e+14 4.1194e+14 1.2734e-01 0.0000e+00 3.4883e+04 0.0000e+00
3.4700e+03 6.3155e-12 7.4275e-01 1.7681e+03 1.3381e+04 7.7980e+03 1.2460e+18 4.1369e+14 4.1369e+14 1.2695e-01 0.0000e+00 3.4977e+04 0.0000e+00
3.4800e+03 6.2913e-12 7.4218e-01 1.7675e+03 1.3377e+04 7.7980e+03 1.2567e+18 4.1544e+14 4.1544e+14 1.2656e-01 0.0000e+00 3.5072e+04 0.0000e+00
3.4900e+03 6.2671e-12 7.4161e-01 1.7669e+03 1.3373e+04 7.7980e+03 1.2675e+18 4.1721e+14 4.1721e+14 1.2617e-01 0.0000e+00 3.5166e+04 0.0000e+00
3.5000e+03 6.2430e-12 7.4104e-01 1.7664e+03 1.3368e+04 7.7980e+03 1.2783e+18 4.1898e+14 4.1898e+14 1.2578e-01 0.0000e+00 3.5261e+04 0.0000e+00
3.5100e+03 6.2191e-12 7.4047e-01 1.7658e+03 1.3364e+04 7.7980e+03 1.2893e+18 4.2075e+14 4.2075e+14 1.2539e-01 0.0000e+00 3.5356e+04 0.0000e+00
3.5200e+03 6.1952e-12 7.3990e-01 1.7652e+03 1.3360e+04 7.7980e+03 1.3003e+18 4.2254e+14 4.2254e+14 1.2501e-01 0.0000e+00 3.5451e+04 0.0000e+00
3.5300e+03 6.1714e-12 7.3933e-01 1.7646e+03 1.3355e+04 7.7980e+03 1.3115e+18 4.2433e+14 4.2433e+14 1.2462e-01 0.0000e+00 3.5546e+04 0.0000e+00
3.5400e+03 6.1477e-12 7.3876e-01 1.7641e+03 1.3351e+04 7.7980e+03 1.3228e+18 4.2613e+14 4.2613e+14 1.2424e-01 0.0000e+00 3.5642e+04 0.0000e+00
3.5500e+03 6.1241e-12 7.3818e-01 1.7635e+03 1.3347e+04 7.7980e+03 1.3341e+18 4.2793e+14 4.2793e+14 1.2386e-01 0.0000e+00 3.5738e+04 0.0000e+00
3.5600e+03 6.1006e-12 7.3761e-01 1.7629e+03 1.3342e+04 7.7980e+03 1.3456e+18 4.2975e+14 4.2975e+14 1.2348e-01 0.0000e+00 3.5834e+04 0.0000e+00
3.5700e+03 6.0771e-12 7.3704e-01 1.7624e+03 1.3338e+04 7.7980e+03 1.3571e+18 4.3157e+14 4.3157e+14 1.2310e-01 0.0000e+00 3.5930e+04 0.0000e+00
3.5800e+03 6.0538e-12 7.3646e-01 1.7618e+03 1.3334e+04 7.7980e+03 1.3688e+18 4.3339e+14 4.3339e+14 1.2272e-01 0.0000e+00 3.6027e+04 0.0000e+00
3.5900e+03 6.0306e-12 7.3589e-01 1.7612e+03 1.3329e+04 7.7980e+03 1.3806e+18 4.3523e+14 4.3523e+14 1.2235e-01 0.0000e+00 3.6123e+04 0.0000e+00
3.6000e+03 6.0074e-12 7.3532e-01 1.7606e+03 1.3325e+04 7.7980e+03 1.3925e+18 4.3707e+14 4.3707e+14 1.2197e-01 0.0000e+00 3.6220e+04 0.0000e+00
3.6100e+03 5.9843e-12 7.3474e-01 1.7601e+03 1.3321e+04 7.7980e+03 1.4045e+18 4.3892e+14 4.3892e+14 1.2160e-01 0.0000e+00 3.6318e+04 0.0000e+00
3.6200e+03 5.9614e-12 7.3417e-01 1.7595e+03 1.3316e+04 7.7980e+03 1.4165e+18 4.4078e+14 4.4078e+14 1.2123e-01 0.0000e+00 3.6415e+04 0.0000e+00
3.6300e+03 5.9385e-12 7.3359e-01 1.7589e+03 1.3312e+04 7.7980e+03 1.4288e+18 4.4264e+14 4.4264e+14 1.2086e-01 0.0000e+00 3.6513e+04 0.0000e+00
3.6400e+03 5.9157e-12 7.3302e-01 1.7584e+03 1.3308e+04 7.7980e+03 1.4411e+18 4.4451e+14 4.4451e+14 1.2049e-01 0.0000e+00 3.6611e+04 0.0000e+00
3.6500e+03 5.8929e-12 7.3244e-01 1.7578e+03 1.3304e+04 7.7980e+03 1.4535e+18 4.4639e+14 4.4639e+14 1.2012e-01 0.0000e+00 3.6709e+04 0.0000e+00
3.6600e+03 5.8703e-12 7.3187e-01 1.7572e+03 1.3299e+04 7.7980e+03 1.4660e+18 4.4828e+14 4.4828e+14 1.1975e-01 0.0000e+00 3.6807e+04 0.0000e+00
3.6700e+03 5.8478e-12 7.3129e-01 1.7567e+03 1.3295e+04 7.7980e+03 1.4787e+18 4.5017e+14 4.5017e+14 1.1939e-01 0.0000e+00 3.6906e+04 0.0000e+00
3.6800e+03 5.8253e-12 7.3072e-01 1.7561e+03 1.3291e+04 7.7980e+03 1.4915e+18 4.5207e+14 4.5207e+14 1.1902e-01 0.0000e+00 3.7005e+04 0.0000e+00
3.6900e+03 5.8029e-12 7.3014e-01 1.7555e+03 1.3287e+04 7.7980e+03 1.5043e+18 4.5398e+14 4.5398e+14 1.1866e-01 0.0000e+00 3.7104e+04 0.0000e+00
3.7000e+03 5.7807e-12 7.2956e-01 1.7550e+03 1.3282e+04 7.7980e+03 1.5173e+18 4.5590e+14 4.5590e+14 1.1830e-01 0.0000e+00 3.7203e+04 0.0000e+00
3.7100e+03 5.7585e-12 7.2898e-01 1.7544e+03 1.3278e+04 7.7980e+03 1.5304e+18 4.5782e+14 4.5782e+14 1.1793e-01 0.0000e+00 3.7303e+04 0.0000e+00
3.7200e+03 5.7364e-12 7.2841e-01 1.7539e+03 1.3274e+04 7.7980e+03 1.5437e+18 4.5975e+14 4.5975e+14 1.1758e-01 0.0000e+00 3.7402e+04 0.0000e+00
3.7300e+03 5.7143e-12 7.2783e-01 1.7533e+03 1.3269e+04 7.7980e+03 1.5570e+18 4.6169e+14 4.6169e+14 1.1722e-01 0.0000e+00 3.7502e+04 0.0000e+00
3.7400e+03 5.6924e-12 7.2725e-01 1.7527e+03 1.3265e+04 7.7980e+03 1.5705e+18 4.6364e+14 4.6364e+14 1.1686e-01 0.0000e+00 3.7602e+04 0.0000e+00
3.7500e+03 5.6705e-12 7.2667e-01 1.7522e+03 1.3261e+04 7.7980e+03 1.5841e+18 4.6559e+14 4.6559e+14 1.1650e-01 0.0000e+00 3.7703e+04 0.0000e+00
3.7600e+03 5.6488e-12 7.2609e-01 1.7516e+03 1.3257e+04 7.7980e+03 1.5978e+18 4.6755e+14 4.6755e+14 1.1615e-01 0.0000e+00 3.7804e+04 0.0000e+00
3.7700e+03 5.6271e-12 7.2551e-01 1.7511e+03 1.3253e+04 7.7980e+03 1.6117e+18 4.6952e+14 4.6952e+14 1.1580e-01 0.0000e+00 3.7905e+04 0.0000e+00
3.7800e+03 5.6055e-12 7.2493e-01 1.7505e+03 1.3248e+04 7.7980e+03 1.6256e+18 4.7150e+14 4.7150e+14 1.1544e-01 0.0000e+00 3.8006e+04 0.0000e+00
3.7900e+03 5.5839e-12 7.2435e-01 1.7499e+03 1.3244e+04 7.7980e+03 1.6397e+18 4.7349e+14 4.7349e+14 1.1509e-01 0.0000e+00 3.8107e+04 0.0000e+00
3.8000e+03 5.5625e-12 7.2377e-01 1.7494e+03 1.3240e+04 7.7980e+03 1.6540e+18 4.7548e+14 4.7548e+14 1.1474e-01 0.0000e+00 3.8209e+04 0.0000e+00
3.8100e+03 5.5411e-12 7.2319e-01 1.7488e+03 1.3236e+04 7.7980e+03 1.6683e+18 4.7748e+14 4.7748e+14 1.1439e-01 0.0000e+00 3.8311e+04 0.0000e+00
3.8200e+03 5.5198e-12 7.2261e-01 1.7483e+03 1.3231e+04 7.7980e+03 1.6828e+18 4.7949e+14 4.7949e+14 1.1405e-01 0.0000e+00 3.8413e+04 0.0000e+00
3.8300e+03 5.4987e-12 7.2203e-01 1.7477e+03 1.3227e+04 7.7980e+03 1.6974e+18 4.8150e+14 4.8150e+14 1.1370e-01 0.0000e+00 3.8515e+04 0.0000e+00
3.8400e+03 5.4775e-12 7.2144e-01 1.7471e+03 1.3223e+04 7.7980e+03 1.7122e+18 4.8353e+14 4.8353e+14 1.1335e-01 0.0000e+00 3.8617e+04 0.0000e+00
3.8500e+03 5.4565e-12 7.2086e-01 1.7466e+03 1.3219e+04 7.7980e+03 1.7270e+18 4.8556e+14 4.8556e+14 1.1301e-01 0.0000e+00 3.8720e+04 0.0000e+00
3.8600e+03 5.4355e-12 7.2028e-01 1.7460e+03 1.3215e+04 7.7980e+03 1.7421e+18 4.8760e+14 4.8760e+14 1.1267e-01 0.0000e+00 3.8823e+04 0.0000e+00
3.8700e+03 5.4147e-12 7.1969e-01 1.7455e+03 1.3210e+04 7.7980e+03 1.7572e+18 4.8965e+14 4.8965e+14 1.1233e-01 0.0000e+00 3.8927e+04 0.0000e+00
3.8800e+03 5.3939e-12 7.1911e-01 1.7449e+03 1.3206e+04 7.7980e+03 1.7725e+18 4.9170e+14 4.9170e+14 1.1199e-01 0.0000e+00 3.9030e+04 0.0000e+00
3.8900e+03 5.3732e-12 7.1852e-01 1.7444e+03 1.3202e+04 7.7980e+03 1.7879e+18 4.9377e+14 4.9377e+14 1.1165e-01 0.0000e+00 3.9134e+04 0.0000e+00
3.9000e+03 5.3525e-12 7.1794e-01 1.7438e+03 1.3198e+04 7.7980e+03 1.8035e+18 4.9584e+14 4.9584e+14 1.1131e-01 0.0000e+00 3.9238e+04 0.0000e+00
3.9100e+03 5.3320e-12 7.1735e-01 1.7433e+03 1.3194e+04 7.7980e+03 1.8192e+18 4.9792e+14 4.9792e+14 1.1097e-01 0.0000e+00 3.9342e+04 0.0000e+00
3.9200e+03 5.3115e-12 7.1677e-01 1.7427e+03 1.3189e+04 7.7980e+03 1.8351e+18 5.0001e+14 5.0001e+14 1.1064e-01 0.0000e+00 3.9446e+04 0.0000e+00
3.9300e+03 5.2911e-12 7.1618e-01 1.7422e+03 1.3185e+04 7.7980e+03 1.8511e+18 5.0210e+14 5.0210e+14 1.1030e-01 0.0000e+00 3.9551e+04 0.0000e+00
3.9400e+03 5.2708e-12 7.1560e-01 1.7416e+03 1.3181e+04 7.7980e+03 1.8672e+18 5.0421e+14 5.0421e+14 1.0997e-01 0.0000e+00 3.9656e+04 0.0000e+00
3.9500e+03 5.2506e-12 7.1501e-01 1.7411e+03 1.3177e+04 7.7980e+03 1.8835e+18 5.0632e+14 5.0632e+14 1.0963e-01 0.0000e+00 3.9761e+04 0.0000e+00
3.9600e+03 5.2304e-12 7.1442e-01 1.7405e+03 1.3173e+04 7.7980e+03 1.8999e+18 5.0844e+14 5.0844e+14 1.0930e-01 0.0000e+00 3.9866e+04 0.0000e+00
3.9700e+03 5.2103e-12 7.1383e-01 1.7400e+03 1.3169e+04 7.7980e+03 1.9165e+18 5.1057e+14 5.1057e+14 1.0897e-01 0.0000e+00 3.9972e+04 0.0000e+00
3.9800e+03 5.1903e-12 7.1324e-01 1.7394e+03 1.3164e+04 7.7980e+03 1.9333e+18 5.1270e+14 5.1270e+14 1.0864e-01 0.0000e+00 4.0078e+04 0.0000e+00
3.9900e+03 5.1704e-12 7.1266e-01 1.7389e+03 1.3160e+04 7.7980e+03 1.9502e+18 5.1485e+14 5.1485e+14 1.0832e-01 0.0000e+00 4.0184e+04 0.0000e+00
4.0000e+03 5.1505e-12 7.1207e-01 1.7383e+03 1.3156e+04 7.7980e+03 1.9672e+18 5.1700e+14 5.1700e+14 1.0799e-01 0.0000e+00 4.0290e+04 0.0000e+00
4.0100e+03 5.1307e-12 7.1148e-01 1.7378e+03 1.3152e+04 7.7980e+03 1.9844e+18 5.1916e+14 5.1916e+14 1.0766e-01 0.0000e+00 4.0397e+04 0.0000e+00
4.0200e+03 5.1110e-12 7.1089e-01 1.7372e+03 1.3148e+04 7.7980e+03 2.0018e+18 5.2133e+14 5.2133e+14 1.0734e-01 0.0000e+00 4.0504e+04 0.0000e+00
4.0300e+03 5.0914e-12 7.1030e-01 1.7367e+03 1.3144e+04 7.7980e+03 2.0193e+18 5.2351e+14 5.2351e+14 1.0702e-01 0.0000e+00 4.0611e+04 0.0000e+00
4.0400e+03 5.0719e-12 7.0971e-01 1.7361e+03 1.3140e+04 7.7980e+03 2.0370e+18 5.2570e+14 5.2570e+14 1.0669e-01 0.0000e+00 4.0718e+04 0.0000e+00
4.0500e+03 5.0524e-12 7.0911e-01 1.7356e+03 1.3135e+04 7.7980e+03 2.0548e+18 5.2789e+14 5.2789e+14 1.0637e-01 0.0000e+00 4.0826e+04 0.0000e+00
4.0600e+03 5.0330e-12 7.0852e-01 1.7350e+03 1.3131e+04 7.7980e+03 2.0728e+18 5.3009e+14 5.3009e+14 1.0605e-01 0.0000e+00 4.0933e+04 0.0000e+00
4.0700e+03 5.0137e-12 7.0793e-01 1.7345e+03 1.3127e+04 7.7980e+03 2.0910e+18 5.3230e+14 5.3230e+14 1.0573e-01 0.0000e+00 4.1041e+04 0.0000e+00
4.0800e+03 4.9944e-12 7.0734e-01 1.7340e+03 1.3123e+04 7.7980e+03 2.1093e+18 5.3452e+14 5.3452e+14 1.0542e-01 0.0000e+00 4.1150e+04 0.0000e+00
4.0900e+03 4.9752e-12 7.0674e-01 1.7334e+03 1.3119e+04 7.7980e+03 2.1278e+18 5.3675e+14 5.3675e+14 1.0510e-01 0.0000e+00 4.1258e+04 0.0000e+00
4.1000e+03 4.9561e-12 7.0615e-01 1.7329e+03 1.3115e+04 7.7980e+03 2.1465e+18 5.3899e+14 5.3899e+14 1.0478e-01 0.0000e+00 4.1367e+04 0.0000e+00
4.1100e+03 4.9371e-12 7.0556e-01 1.7323e+03 1.3111e+04 7.7980e+03 2.1653e+18 5.4123e+14 5.4123e+14 1.0447e-01 0.0000e+00 4.1476e+04 0.0000e+00
4.1200e+03 4.9181e-12 7.0496e-01 1.7318e+03 1.3107e+04 7.7980e+03 2.1843e+18 5.4349e+14 5.4349e+14 1.0416e-01 0.0000e+00 4.1585e+04 0.0000e+00
4.1300e+03 4.8992e-12 7.0437e-01 1.7312e+03 1.3103e+04 7.7980e+03 2.2035e+18 5.4575e+14 5.4575e+14 1.0384e-01 0.0000e+00 4.1694e+04 0.0000e+00
4.1400e+03 4.8804e-12 7.0377e-01 1.7307e+03 1.3098e+04 7.7980e+03 2.2229e+18 5.4802e+14 5.4802e+14 1.0353e-01 0.0000e+00 4.1804e+04 0.0000e+00
4.1500e+03 4.8617e-12 7.0318e-01 1.7302e+03 1.3094e+04 7.7980e+03 2.2424e+18 5.5030e+14 5.5030e+14 1.0322e-01 0.0000e+00 4.1914e+04 0.0000e+00
4.1600e+03 4.8430e-12 7.0258e-01 1.7296e+03 1.3090e+04 7.7980e+03 2.2621e+18 5.5259e+14 5.5259e+14 1.0291e-01 0.0000e+00 4.2024e+04 0.0000e+00
4.1700e+03 4.8244e-12 7.0198e-01 1.7291e+03 1.3086e+04 7.7980e+03 2.2820e+18 5.5489e+14 5.5489e+14 1.0261e-01 0.0000e+00 4.2135e+04 0.0000e+00
4.1800e+03 4.8059e-12 7.0138e-01 1.7285e+03 1.3082e+04 7.7980e+03 2.3021e+18 5.5719e+14 5.5719e+14 1.0230e-01 0.0000e+00 4.2245e+04 0.0000e+00
4.1900e+03 4.7874e-12 7.0079e-01 1.7280e+03 1.3078e+04 7.7980e+03 2.3224e+18 5.5951e+14 5.5951e+14 1.0199e-01 0.0000e+00 4.2356e+04 0.0000e+00
4.2000e+03 4.7691e-12 7.0019e-01 1.7275e+03 1.3074e+04 7.7980e+03 2.3428e+18 5.6183e+14 5.6183e+14 1.0169e-01 0.0000e+00 4.2467e+04 0.0000e+00
4.2100e+03 4.7507e-12 6.9959e-01 1.7269e+03 1.3070e+04 7.7980e+03 2.3635e+18 5.6416e+14 5.6416e+14 1.0138e-01 0.0000e+00 4.2579e+04 0.0000e+00
4.2200e+03 4.7325e-12 6.9899e-01 1.7264e+03 1.3066e+04 7.7980e+03 2.3843e+18 5.6650e+14 5.6650e+14 1.0108e-01 0.0000e+00 4.2690e+04 0.0000e+00
4.2300e+03 4.7143e-12 6.9839e-01 1.7259e+03 1.3062e+04 7.7980e+03 2.4053e+18 5.6885e+14 5.6885e+14 1.0078e-01 0.0000e+00 4.2802e+04 0.0000e+00
4.2400e+03 4.6962e-12 6.9779e-01 1.7253e+03 1.3058e+04 7.7980e+03 2.4265e+18 5.7121e+14 5.7121e+14 1.0048e-01 0.0000e+00 4.2914e+04 0.0000e+00
4.2500e+03 4.6782e-12 6.9719e-01 1.7248e+03 1.3054e+04 7.7980e+03 2.4479e+18 5.7358e+14 5.7358e+14 1.0018e-01 0.0000e+00 4.3027e+04 0.0000e+00
4.2600e+03 4.6602e-12 6.9659e-01 1.7243e+03 1.3050e+04 7.7980e+03 2.4695e+18 5.7595e+14 5.7595e+14 9.9881e-02 0.0000e+00 4.3139e+04 0.0000e+00
4.2700e+03 4.6423e-12 6.9599e-01 1.7237e+03 1.3046e+04 7.7980e+03 2.4913e+18 5.7834e+14 5.7834e+14 9.9584e-02 0.0000e+00 4.3252e+04 0.0000e+00
4.2800e+03 4.6245e-12 6.9539e-01 1.7232e+03 1.3042e+04 7.7980e+03 2.5133e+18 5.8073e+14 5.8073e+14 9.9287e-02 0.0000e+00 4.3365e+04 0.0000e+00
4.2900e+03 4.6068e-12 6.9479e-01 1.7227e+03 1.3038e+04 7.7980e+03 2.5355e+18 5.8313e+14 5.8313e+14 9.8992e-02 0.0000e+00 4.3478e+04 0.0000e+00
4.3000e+03 4.5891e-12 6.9418e-01 1.7221e+03 1.3034e+04 7.7980e+03 2.5579e+18 5.8555e+14 5.8555e+14 9.8697e-02 0.0000e+00 4.3592e+04 0.0000e+00
4.3100e+03 4.5714e-12 6.9358e-01 1.7216e+03 1.3030e+04 7.7980e+03 2.5806e+18 5.8797e+14 5.8797e+14 9.8404e-02 0.0000e+00 4.3706e+04 0.0000e+00
4.3200e+03 4.5539e-12 6.9298e-01 1.7211e+03 1.3026e+04 7.7980e+03 2.6034e+18 5.9040e+14 5.9040e+14 9.8111e-02 0.0000e+00 4.3820e+04 0.0000e+00
4.3300e+03 4.5364e-12 6.9237e-01 1.7205e+03 1.3022e+04 7.7980e+03 2.6264e+18 5.9284e+14 5.9284e+14 9.7820e-02 0.0000e+00 4.3934e+04 0.0000e+00
4.3400e+03 4.5190e-12 6.9177e-01 1.7200e+03 1.3018e+04 7.7980e+03 2.6497e+18 5.9528e+14 5.9528e+14 9.7529e-02 0.0000e+00 4.4049e+04 0.0000e+00
4.3500e+03 4.5016e-12 6.9116e-01 1.7195e+03 1.3014e+04 7.7980e+03 2.6731e+18 5.9774e+14 5.9774e+14 9.7240e-02 0.0000e+00 4.4164e+04 0.0000e+00
4.3600e+03 4.4843e-12 6.9056e-01 1.7190e+03 1.3010e+04 7.7980e+03 2.6968e+18 6.0021e+14 6.0021e+14 9.6951e-02 0.0000e+00 4.4279e+04 0.0000e+00
4.3700e+03 4.4671e-12 6.8995e-01 1.7184e+03 1.3006e+04 7.7980e+03 2.7207e+18 6.0268e+14 6.0268e+14 9.6664e-02 0.0000e+00 4.4394e+04 0.0000e+00
4.3800e+03 4.4500e-12 6.8934e-01 1.7179e+03 1.3002e+04 7.7980e+03 2.7448e+18 6.0517e+14 6.0517e+14 9.6377e-02 0.0000e+00 4.4509e+04 0.0000e+00
4.3900e+03 4.4329e-12 6.8874e-01 1.7174e+03 1.2998e+04 7.7980e+03 2.7691e+18 6.0766e+14 6.0766e+14 9.6092e-02 0.0000e+00 4.4625e+04 0.0000e+00
4.4000e+03 4.4159e-12 6.8813e-01 1.7168e+03 1.2994e+04 7.7980e+03 2.7937e+18 6.1017e+14 6.1017e+14 9.5807e-02 0.0000e+00 4.4741e+04 0.0000e+00
4.4100e+03 4.3989e-12 6.8752e-01 1.7163e+03 1.2990e+04 7.7980e+03 2.8185e+18 6.1268e+14 6.1268e+14 9.5524e-02 0.0000e+00 4.4858e+04 0.0000e+00
4.4200e+03 4.3820e-12 6.8691e-01 1.7158e+03 1.2986e+04 7.7980e+03 2.8435e+18 6.1520e+14 6.1520e+14 9.5241e-02 0.0000e+00 4.4974e+04 0.0000e+00
4.4300e+03 4.3652e-12 6.8631e-01 1.7153e+03 1.2982e+04 7.7980e+03 2.8688e+18 6.1773e+14 6.1773e+14 9.4959e-02 0.0000e+00 4.5091e+04 0.0000e+00
4.4400e+03 4.3484e-12 6.8570e-01 1.7147e+03 1.2978e+04 7.7980e+03 2.8942e+18 6.2027e+14 6.2027e+14 9.4679e-02 0.0000e+00 4.5208e+04 0.0000e+00
4.4500e+03 4.3317e-12 6.8509e-01 1.7142e+03 1.2974e+04 7.7980e+03 2.9200e+18 6.2282e+14 6.2282e+14 9.4399e-02 0.0000e+00 4.5325e+04 0.0000e+00
4.4600e+03 4.3151e-12 6.8448e-01 1.7137e+03 1.2970e+04 7.7980e+03 2.9459e+18 6.2538e+14 6.2538e+14 9.4121e-02 0.0000e+00 4.5443e+04 0.0000e+00
4.4700e+03 4.2985e-12 6.8387e-01 1.7132e+03 1.2966e+04 7.7980e+03 2.9721e+18 6.2795e+14 6.2795e+14 9.3843e-02 0.0000e+00 4.5560e+04 0.0000e+00
4.4800e+03 4.2820e-12 6.8326e-01 1.7127e+03 1.2962e+04 7.7980e+03 2.9986e+18 6.3053e+14 6.3053e+14 9.3566e-02 0.0000e+00 4.5678e+04 0.0000e+00
4.4900e+03 4.2656e-12 6.8264e-01 1.7121e+03 1.2958e+04 7.7980e+03 3.0252e+18 6.3312e+14 6.3312e+14 9.3290e-02 0.0000e+00 4.5797e+04 0.0000e+00
4.5000e+03 4.2492e-12 6.8203e-01 1.7116e+03 1.2954e+04 7.7980e+03 3.0522e+18 6.3572e+14 6.3572e+14 9.3015e-02 0.0000e+00 4.5915e+04 0.0000e+00
4.5100e+03 4.2329e-12 6.8142e-01 1.7111e+03 1.2950e+04 7.7980e+03 3.0793e+18 6.3832e+14 6.3832e+14 9.2741e-02 0.0000e+00 4.6034e+04 0.0000e+00
4.5200e+03 4.2166e-12 6.8081e-01 1.7106e+03 1.2946e+04 7.7980e+03 3.1068e+18 6.4094e+14 6.4094e+14 9.2468e-02 0.0000e+00 4.6153e+04 0.0000e+00
4.5300e+03 4.2004e-12 6.8019e-01 1.7100e+03 1.2942e+04 7.7980e+03 3.1345e+18 6.4357e+14 6.4357e+14 9.2196e-02 0.0000e+00 4.6272e+04 0.0000e+00
4.5400e+03 4.1843e-12 6.7958e-01 1.7095e+03 1.2938e+04 7.7980e+03 3.1624e+18 6.4620e+14 6.4620e+14 9.1925e-02 0.0000e+00 4.6392e+04 0.0000e+00
4.5500e+03 0.0000e+00 0.0000e+00 1.7090e+03 0.0000e+00 7.7980e+03 0.0000e+00 0.0000e+00 0.0000e+00 0.0000e+00 0.0000e+00 0.0000e+00 0.0000e+00
