0.0000e+00 4.8000e-11 8.2311e+00 1.7000e+03 1.2866e+04 7.7980e+03 3.8340e+18 6.9687e+14 6.9687e+14 8.7063e-02 0.0000e+00 4.8654e+04 0.0000e+00
1.0000e+01 4.7816e-11 7.6978e+00 1.7111e+03 1.2950e+04 7.7980e+03 3.2398e+18 6.3835e+14 6.3835e+14 9.2738e-02 0.0000e+00 4.6035e+04 0.0000e+00
2.0000e+01 4.7632e-11 7.2100e+00 1.7220e+03 1.3033e+04 7.7980e+03 2.6851e+18 5.8608e+14 5.8608e+14 9.8632e-02 0.0000e+00 4.3617e+04 0.0000e+00
3.0000e+01 4.7449e-11 6.7633e+00 1.7328e+03 1.3114e+04 7.7980e+03 2.2431e+18 5.3930e+14 5.3930e+14 1.0474e-01 0.0000e+00 4.1382e+04 0.0000e+00
4.0000e+01 4.7267e-11 6.3539e+00 1.7434e+03 1.3195e+04 7.7980e+03 1.8879e+18 4.9734e+14 4.9734e+14 1.1106e-01 0.0000e+00 3.9313e+04 0.0000e+00
5.0000e+01 4.7085e-11 5.9780e+00 1.7539e+03 1.3274e+04 7.7980e+03 1.6002e+18 4.5965e+14 4.5965e+14 1.1759e-01 0.0000e+00 3.7397e+04 0.0000e+00
6.0000e+01 4.6905e-11 5.6326e+00 1.7642e+03 1.3352e+04 7.7980e+03 1.3654e+18 4.2573e+14 4.2573e+14 1.2433e-01 0.0000e+00 3.5621e+04 0.0000e+00
7.0000e+01 4.6725e-11 5.3147e+00 1.7743e+03 1.3429e+04 7.7980e+03 1.1723e+18 3.9513e+14 3.9513e+14 1.3126e-01 0.0000e+00 3.3972e+04 0.0000e+00
8.0000e+01 4.6545e-11 5.0220e+00 1.7843e+03 1.3504e+04 7.7980e+03 1.0127e+18 3.6750e+14 3.6750e+14 1.3837e-01 0.0000e+00 3.2440e+04 0.0000e+00
9.0000e+01 4.6366e-11 4.7520e+00 1.7941e+03 1.3578e+04 7.7980e+03 8.7970e+17 3.4250e+14 3.4250e+14 1.4567e-01 0.0000e+00 3.1017e+04 0.0000e+00
1.0000e+02 4.6188e-11 4.5028e+00 1.8037e+03 1.3651e+04 7.7980e+03 7.6835e+17 3.1984e+14 3.1984e+14 1.5314e-01 0.0000e+00 2.9692e+04 0.0000e+00
1.1000e+02 4.6011e-11 4.2725e+00 1.8132e+03 1.3723e+04 7.7980e+03 6.7458e+17 2.9927e+14 2.9927e+14 1.6078e-01 0.0000e+00 2.8458e+04 0.0000e+00
1.2000e+02 4.5834e-11 4.0595e+00 1.8224e+03 1.3793e+04 7.7980e+03 5.9519e+17 2.8057e+14 2.8057e+14 1.6857e-01 0.0000e+00 2.7308e+04 0.0000e+00
1.3000e+02 4.5658e-11 3.8623e+00 1.8315e+03 1.3861e+04 7.7980e+03 5.2763e+17 2.6354e+14 2.6354e+14 1.7650e-01 0.0000e+00 2.6236e+04 0.0000e+00
1.4000e+02 4.5483e-11 3.6794e+00 1.8404e+03 1.3929e+04 7.7980e+03 4.6988e+17 2.4801e+14 2.4801e+14 1.8455e-01 0.0000e+00 2.5235e+04 0.0000e+00
1.5000e+02 4.5308e-11 3.5098e+00 1.8491e+03 1.3995e+04 7.7980e+03 4.2027e+17 2.3382e+14 2.3382e+14 1.9273e-01 0.0000e+00 2.4300e+04 0.0000e+00
1.6000e+02 4.5134e-11 3.3523e+00 1.8576e+03 1.4059e+04 7.7980e+03 3.7749e+17 2.2085e+14 2.2085e+14 2.0101e-01 0.0000e+00 2.3426e+04 0.0000e+00
1.7000e+02 4.4961e-11 3.2059e+00 1.8659e+03 1.4122e+04 7.7980e+03 3.4043e+17 2.0897e+14 2.0897e+14 2.0938e-01 0.0000e+00 2.2609e+04 0.0000e+00
1.8000e+02 4.4788e-11 3.0698e+00 1.8741e+03 1.4183e+04 7.7980e+03 3.0821e+17 1.9808e+14 1.9808e+14 2.1783e-01 0.0000e+00 2.1844e+04 0.0000e+00
1.9000e+02 4.4616e-11 2.9430e+00 1.8820e+03 1.4244e+04 7.7980e+03 2.8009e+17 1.8808e+14 1.8808e+14 2.2634e-01 0.0000e+00 2.1128e+04 0.0000e+00
2.0000e+02 4.4445e-11 2.8248e+00 1.8897e+03 1.4302e+04 7.7980e+03 2.5546e+17 1.7889e+14 1.7889e+14 2.3490e-01 0.0000e+00 2.0456e+04 0.0000e+00
2.1000e+02 4.4274e-11 2.7147e+00 1.8973e+03 1.4359e+04 7.7980e+03 2.3381e+17 1.7043e+14 1.7043e+14 2.4350e-01 0.0000e+00 1.9827e+04 0.0000e+00
2.2000e+02 4.4104e-11 2.6118e+00 1.9046e+03 1.4415e+04 7.7980e+03 2.1473e+17 1.6263e+14 1.6263e+14 2.5211e-01 0.0000e+00 1.9237e+04 0.0000e+00
2.3000e+02 4.3935e-11 2.5158e+00 1.9118e+03 1.4469e+04 7.7980e+03 1.9784e+17 1.5544e+14 1.5544e+14 2.6073e-01 0.0000e+00 1.8683e+04 0.0000e+00
2.4000e+02 4.3766e-11 2.4260e+00 1.9187e+03 1.4522e+04 7.7980e+03 1.8286e+17 1.4880e+14 1.4880e+14 2.6934e-01 0.0000e+00 1.8164e+04 0.0000e+00
2.5000e+02 4.3598e-11 2.3420e+00 1.9255e+03 1.4573e+04 7.7980e+03 1.6954e+17 1.4266e+14 1.4266e+14 2.7793e-01 0.0000e+00 1.7675e+04 0.0000e+00
2.6000e+02 4.3431e-11 2.2634e+00 1.9321e+03 1.4622e+04 7.7980e+03 1.5765e+17 1.3698e+14 1.3698e+14 2.8648e-01 0.0000e+00 1.7216e+04 0.0000e+00
2.7000e+02 4.3264e-11 2.1897e+00 1.9384e+03 1.4671e+04 7.7980e+03 1.4702e+17 1.3172e+14 1.3172e+14 2.9498e-01 0.0000e+00 1.6785e+04 0.0000e+00
2.8000e+02 4.3098e-11 2.1206e+00 1.9446e+03 1.4717e+04 7.7980e+03 1.3748e+17 1.2684e+14 1.2684e+14 3.0342e-01 0.0000e+00 1.6380e+04 0.0000e+00
2.9000e+02 4.2932e-11 2.0559e+00 1.9506e+03 1.4763e+04 7.7980e+03 1.2891e+17 1.2231e+14 1.2231e+14 3.1178e-01 0.0000e+00 1.5998e+04 0.0000e+00
3.0000e+02 4.2768e-11 1.9951e+00 1.9564e+03 1.4807e+04 7.7980e+03 1.2119e+17 1.1811e+14 1.1811e+14 3.2004e-01 0.0000e+00 1.5639e+04 0.0000e+00
3.1000e+02 4.2603e-11 1.9380e+00 1.9620e+03 1.4849e+04 7.7980e+03 1.1422e+17 1.1421e+14 1.1421e+14 3.2821e-01 0.0000e+00 1.5301e+04 0.0000e+00
3.2000e+02 4.2440e-11 1.8843e+00 1.9674e+03 1.4890e+04 7.7980e+03 1.0792e+17 1.1057e+14 1.1057e+14 3.3626e-01 0.0000e+00 1.4983e+04 0.0000e+00
3.3000e+02 4.2277e-11 1.8338e+00 1.9727e+03 1.4930e+04 7.7980e+03 1.0220e+17 1.0719e+14 1.0719e+14 3.4419e-01 0.0000e+00 1.4684e+04 0.0000e+00
3.4000e+02 4.2114e-11 1.7863e+00 1.9777e+03 1.4968e+04 7.7980e+03 9.7011e+16 1.0404e+14 1.0404e+14 3.5199e-01 0.0000e+00 1.4402e+04 0.0000e+00
3.5000e+02 4.1953e-11 1.7416e+00 1.9826e+03 1.5005e+04 7.7980e+03 9.2287e+16 1.0111e+14 1.0111e+14 3.5964e-01 0.0000e+00 1.4136e+04 0.0000e+00
3.6000e+02 4.1792e-11 1.6995e+00 1.9873e+03 1.5040e+04 7.7980e+03 8.7982e+16 9.8374e+13 9.8374e+13 3.6714e-01 0.0000e+00 1.3885e+04 0.0000e+00
3.7000e+02 4.1631e-11 1.6598e+00 1.9918e+03 1.5075e+04 7.7980e+03 8.4052e+16 9.5821e+13 9.5821e+13 3.7448e-01 0.0000e+00 1.3649e+04 0.0000e+00
3.8000e+02 4.1471e-11 1.6223e+00 1.9961e+03 1.5107e+04 7.7980e+03 8.0458e+16 9.3438e+13 9.3438e+13 3.8165e-01 0.0000e+00 1.3427e+04 0.0000e+00
3.9000e+02 4.1312e-11 1.5870e+00 2.0003e+03 1.5139e+04 7.7980e+03 7.7168e+16 9.1213e+13 9.1213e+13 3.8865e-01 0.0000e+00 1.3218e+04 0.0000e+00
4.0000e+02 4.1153e-11 1.5536e+00 2.0043e+03 1.5169e+04 7.7980e+03 7.4152e+16 8.9133e+13 8.9133e+13 3.9547e-01 0.0000e+00 1.3020e+04 0.0000e+00
4.1000e+02 4.0995e-11 1.5221e+00 2.0082e+03 1.5199e+04 7.7980e+03 7.1382e+16 8.7190e+13 8.7190e+13 4.0210e-01 0.0000e+00 1.2834e+04 0.0000e+00
4.2000e+02 4.0838e-11 1.4924e+00 2.0119e+03 1.5227e+04 7.7980e+03 6.8837e+16 8.5373e+13 8.5373e+13 4.0855e-01 0.0000e+00 1.2659e+04 0.0000e+00
4.3000e+02 4.0681e-11 1.4642e+00 2.0154e+03 1.5253e+04 7.7980e+03 6.6494e+16 8.3674e+13 8.3674e+13 4.1480e-01 0.0000e+00 1.2493e+04 0.0000e+00
4.4000e+02 4.0525e-11 1.4376e+00 2.0188e+03 1.5279e+04 7.7980e+03 6.4337e+16 8.2084e+13 8.2084e+13 4.2086e-01 0.0000e+00 1.2338e+04 0.0000e+00
4.5000e+02 4.0369e-11 1.4124e+00 2.0221e+03 1.5304e+04 7.7980e+03 6.2348e+16 8.0597e+13 8.0597e+13 4.2672e-01 0.0000e+00 1.2191e+04 0.0000e+00
4.6000e+02 4.0214e-11 1.3886e+00 2.0252e+03 1.5327e+04 7.7980e+03 6.0512e+16 7.9205e+13 7.9205e+13 4.3238e-01 0.0000e+00 1.2053e+04 0.0000e+00
4.7000e+02 4.0060e-11 1.3660e+00 2.0281e+03 1.5349e+04 7.7980e+03 5.8817e+16 7.7903e+13 7.7903e+13 4.3784e-01 0.0000e+00 1.1923e+04 0.0000e+00
4.8000e+02 3.9906e-11 1.3446e+00 2.0309e+03 1.5371e+04 7.7980e+03 5.7250e+16 7.6684e+13 7.6684e+13 4.4310e-01 0.0000e+00 1.1800e+04 0.0000e+00
4.9000e+02 3.9753e-11 1.3243e+00 2.0336e+03 1.5391e+04 7.7980e+03 5.5801e+16 7.5544e+13 7.5544e+13 4.4816e-01 0.0000e+00 1.1685e+04 0.0000e+00
5.0000e+02 3.9600e-11 1.3051e+00 2.0362e+03 1.5410e+04 7.7980e+03 5.4461e+16 7.4477e+13 7.4477e+13 4.5302e-01 0.0000e+00 1.1577e+04 0.0000e+00
5.1000e+02 3.9448e-11 1.2868e+00 2.0386e+03 1.5429e+04 7.7980e+03 5.3220e+16 7.3479e+13 7.3479e+13 4.5768e-01 0.0000e+00 1.1475e+04 0.0000e+00
5.2000e+02 3.9297e-11 1.2695e+00 2.0409e+03 1.5446e+04 7.7980e+03 5.2071e+16 7.2545e+13 7.2545e+13 4.6214e-01 0.0000e+00 1.1379e+04 0.0000e+00
5.3000e+02 3.9146e-11 1.2531e+00 2.0431e+03 1.5463e+04 7.7980e+03 5.1007e+16 7.1673e+13 7.1673e+13 4.6641e-01 0.0000e+00 1.1289e+04 0.0000e+00
5.4000e+02 3.8995e-11 1.2374e+00 2.0452e+03 1.5479e+04 7.7980e+03 5.0021e+16 7.0857e+13 7.0857e+13 4.7048e-01 0.0000e+00 1.1205e+04 0.0000e+00
5.5000e+02 3.8846e-11 1.2226e+00 2.0472e+03 1.5494e+04 7.7980e+03 4.9108e+16 7.0095e+13 7.0095e+13 4.7436e-01 0.0000e+00 1.1126e+04 0.0000e+00
5.6000e+02 3.8696e-11 1.2085e+00 2.0490e+03 1.5508e+04 7.7980e+03 4.8263e+16 6.9383e+13 6.9383e+13 4.7805e-01 0.0000e+00 1.1051e+04 0.0000e+00
5.7000e+02 3.8548e-11 1.1951e+00 2.0508e+03 1.5521e+04 7.7980e+03 4.7480e+16 6.8719e+13 6.8719e+13 4.8155e-01 0.0000e+00 1.0982e+04 0.0000e+00
5.8000e+02 3.8400e-11 1.1824e+00 2.0524e+03 1.5533e+04 7.7980e+03 4.6755e+16 6.8100e+13 6.8100e+13 4.8488e-01 0.0000e+00 1.0917e+04 0.0000e+00
5.9000e+02 3.8252e-11 1.1702e+00 2.0540e+03 1.5545e+04 7.7980e+03 4.6084e+16 6.7524e+13 6.7524e+13 4.8802e-01 0.0000e+00 1.0856e+04 0.0000e+00
6.0000e+02 3.8105e-11 1.1587e+00 2.0555e+03 1.5556e+04 7.7980e+03 4.5463e+16 6.6988e+13 6.6988e+13 4.9099e-01 0.0000e+00 1.0799e+04 0.0000e+00
6.1000e+02 3.7959e-11 1.1477e+00 2.0568e+03 1.5567e+04 7.7980e+03 4.4890e+16 6.6489e+13 6.6489e+13 4.9378e-01 0.0000e+00 1.0747e+04 0.0000e+00
6.2000e+02 3.7813e-11 1.1372e+00 2.0581e+03 1.5576e+04 7.7980e+03 4.4361e+16 6.6026e+13 6.6026e+13 4.9641e-01 0.0000e+00 1.0697e+04 0.0000e+00
6.3000e+02 3.7668e-11 1.1273e+00 2.0593e+03 1.5585e+04 7.7980e+03 4.3873e+16 6.5598e+13 6.5598e+13 4.9888e-01 0.0000e+00 1.0652e+04 0.0000e+00
6.4000e+02 3.7524e-11 1.1178e+00 2.0604e+03 1.5594e+04 7.7980e+03 4.3423e+16 6.5201e+13 6.5201e+13 5.0119e-01 0.0000e+00 1.0609e+04 0.0000e+00
6.5000e+02 3.7379e-11 1.1087e+00 2.0615e+03 1.5602e+04 7.7980e+03 4.3010e+16 6.4835e+13 6.4835e+13 5.0334e-01 0.0000e+00 1.0570e+04 0.0000e+00
6.6000e+02 3.7236e-11 1.1001e+00 2.0624e+03 1.5609e+04 7.7980e+03 4.2631e+16 6.4497e+13 6.4497e+13 5.0534e-01 0.0000e+00 1.0534e+04 0.0000e+00
6.7000e+02 3.7093e-11 1.0919e+00 2.0633e+03 1.5616e+04 7.7980e+03 4.2284e+16 6.4187e+13 6.4187e+13 5.0720e-01 0.0000e+00 1.0501e+04 0.0000e+00
6.8000e+02 3.6950e-11 1.0840e+00 2.0641e+03 1.5622e+04 7.7980e+03 4.1967e+16 6.3904e+13 6.3904e+13 5.0892e-01 0.0000e+00 1.0470e+04 0.0000e+00
6.9000e+02 3.6809e-11 1.0765e+00 2.0649e+03 1.5628e+04 7.7980e+03 4.1679e+16 6.3644e+13 6.3644e+13 5.1049e-01 0.0000e+00 1.0442e+04 0.0000e+00
7.0000e+02 3.6667e-11 1.0693e+00 2.0656e+03 1.5633e+04 7.7980e+03 4.1417e+16 6.3409e+13 6.3409e+13 5.1194e-01 0.0000e+00 1.0417e+04 0.0000e+00
7.1000e+02 3.6526e-11 1.0625e+00 2.0662e+03 1.5638e+04 7.7980e+03 4.1181e+16 6.3195e+13 6.3195e+13 5.1325e-01 0.0000e+00 1.0394e+04 0.0000e+00
7.2000e+02 3.6386e-11 1.0560e+00 2.0668e+03 1.5642e+04 7.7980e+03 4.0968e+16 6.3003e+13 6.3003e+13 5.1445e-01 0.0000e+00 1.0373e+04 0.0000e+00
7.3000e+02 3.6246e-11 1.0497e+00 2.0673e+03 1.5646e+04 7.7980e+03 4.0779e+16 6.2831e+13 6.2831e+13 5.1552e-01 0.0000e+00 1.0354e+04 0.0000e+00
7.4000e+02 3.6107e-11 1.0438e+00 2.0677e+03 1.5649e+04 7.7980e+03 4.0611e+16 6.2679e+13 6.2679e+13 5.1647e-01 0.0000e+00 1.0338e+04 0.0000e+00
7.5000e+02 3.5969e-11 1.0381e+00 2.0681e+03 1.5652e+04 7.7980e+03 4.0463e+16 6.2545e+13 6.2545e+13 5.1732e-01 0.0000e+00 1.0323e+04 0.0000e+00
7.6000e+02 3.5830e-11 1.0326e+00 2.0685e+03 1.5655e+04 7.7980e+03 4.0335e+16 6.2428e+13 6.2428e+13 5.1805e-01 0.0000e+00 1.0311e+04 0.0000e+00
7.7000e+02 3.5693e-11 1.0274e+00 2.0688e+03 1.5657e+04 7.7980e+03 4.0225e+16 6.2328e+13 6.2328e+13 5.1868e-01 0.0000e+00 1.0300e+04 0.0000e+00
7.8000e+02 3.5556e-11 1.0224e+00 2.0690e+03 1.5659e+04 7.7980e+03 4.0133e+16 6.2245e+13 6.2245e+13 5.1922e-01 0.0000e+00 1.0291e+04 0.0000e+00
7.9000e+02 3.5419e-11 1.0176e+00 2.0692e+03 1.5660e+04 7.7980e+03 4.0058e+16 6.2176e+13 6.2176e+13 5.1965e-01 0.0000e+00 1.0283e+04 0.0000e+00
8.0000e+02 3.5283e-11 1.0130e+00 2.0694e+03 1.5662e+04 7.7980e+03 3.9999e+16 6.2122e+13 6.2122e+13 5.1999e-01 0.0000e+00 1.0277e+04 0.0000e+00
8.1000e+02 3.5148e-11 1.0087e+00 2.0695e+03 1.5663e+04 7.7980e+03 3.9954e+16 6.2082e+13 6.2082e+13 5.2025e-01 0.0000e+00 1.0273e+04 0.0000e+00
8.2000e+02 3.5013e-11 1.0045e+00 2.0696e+03 1.5663e+04 7.7980e+03 3.9925e+16 6.2056e+13 6.2056e+13 5.2042e-01 0.0000e+00 1.0270e+04 0.0000e+00
8.3000e+02 3.4878e-11 1.0004e+00 2.0696e+03 1.5664e+04 7.7980e+03 3.9909e+16 6.2042e+13 6.2042e+13 5.2050e-01 0.0000e+00 1.0269e+04 0.0000e+00
8.4000e+02 3.4744e-11 9.9657e-01 2.0696e+03 1.5664e+04 7.7980e+03 3.9907e+16 6.2041e+13 6.2041e+13 5.2051e-01 0.0000e+00 1.0268e+04 0.0000e+00
8.5000e+02 3.4611e-11 9.9287e-01 2.0696e+03 1.5663e+04 7.7980e+03 3.9918e+16 6.2052e+13 6.2052e+13 5.2045e-01 0.0000e+00 1.0270e+04 0.0000e+00
8.6000e+02 3.4478e-11 9.8932e-01 2.0695e+03 1.5663e+04 7.7980e+03 3.9941e+16 6.2073e+13 6.2073e+13 5.2031e-01 0.0000e+00 1.0272e+04 0.0000e+00
8.7000e+02 3.4346e-11 9.8592e-01 2.0694e+03 1.5662e+04 7.7980e+03 3.9975e+16 6.2106e+13 6.2106e+13 5.2010e-01 0.0000e+00 1.0276e+04 0.0000e+00
8.8000e+02 3.4214e-11 9.8265e-01 2.0693e+03 1.5661e+04 7.7980e+03 4.0021e+16 6.2149e+13 6.2149e+13 5.1982e-01 0.0000e+00 1.0280e+04 0.0000e+00
8.9000e+02 3.4082e-11 9.7952e-01 2.0691e+03 1.5660e+04 7.7980e+03 4.0078e+16 6.2202e+13 6.2202e+13 5.1949e-01 0.0000e+00 1.0286e+04 0.0000e+00
9.0000e+02 3.3952e-11 9.7650e-01 2.0690e+03 1.5658e+04 7.7980e+03 4.0146e+16 6.2265e+13 6.2265e+13 5.1909e-01 0.0000e+00 1.0293e+04 0.0000e+00
9.1000e+02 3.3821e-11 9.7361e-01 2.0687e+03 1.5657e+04 7.7980e+03 4.0223e+16 6.2337e+13 6.2337e+13 5.1863e-01 0.0000e+00 1.0301e+04 0.0000e+00
9.2000e+02 3.3691e-11 9.7083e-01 2.0685e+03 1.5655e+04 7.7980e+03 4.0311e+16 6.2418e+13 6.2418e+13 5.1812e-01 0.0000e+00 1.0309e+04 0.0000e+00
9.3000e+02 3.3562e-11 9.6816e-01 2.0682e+03 1.5653e+04 7.7980e+03 4.0407e+16 6.2507e+13 6.2507e+13 5.1755e-01 0.0000e+00 1.0319e+04 0.0000e+00
9.4000e+02 3.3433e-11 9.6559e-01 2.0679e+03 1.5651e+04 7.7980e+03 4.0513e+16 6.2605e+13 6.2605e+13 5.1694e-01 0.0000e+00 1.0330e+04 0.0000e+00
9.5000e+02 3.3305e-11 9.6312e-01 2.0676e+03 1.5648e+04 7.7980e+03 4.0628e+16 6.2710e+13 6.2710e+13 5.1627e-01 0.0000e+00 1.0341e+04 0.0000e+00
9.6000e+02 3.3177e-11 9.6074e-01 2.0673e+03 1.5646e+04 7.7980e+03 4.0751e+16 6.2824e+13 6.2824e+13 5.1556e-01 0.0000e+00 1.0353e+04 0.0000e+00
9.7000e+02 3.3049e-11 9.5845e-01 2.0669e+03 1.5643e+04 7.7980e+03 4.0883e+16 6.2944e+13 6.2944e+13 5.1481e-01 0.0000e+00 1.0367e+04 0.0000e+00
9.8000e+02 3.2923e-11 9.5625e-01 2.0666e+03 1.5640e+04 7.7980e+03 4.1023e+16 6.3072e+13 6.3072e+13 5.1402e-01 0.0000e+00 1.0380e+04 0.0000e+00
9.9000e+02 3.2796e-11 9.5413e-01 2.0662e+03 1.5637e+04 7.7980e+03 4.1170e+16 6.3207e+13 6.3207e+13 5.1318e-01 0.0000e+00 1.0395e+04 0.0000e+00
1.0000e+03 3.2670e-11 9.5208e-01 2.0658e+03 1.5634e+04 7.7980e+03 4.1325e+16 6.3349e+13 6.3349e+13 5.1231e-01 0.0000e+00 1.0410e+04 0.0000e+00
1.0100e+03 3.2545e-11 9.5011e-01 2.0653e+03 1.5631e+04 7.7980e+03 4.1487e+16 6.3496e+13 6.3496e+13 5.1140e-01 0.0000e+00 1.0426e+04 0.0000e+00
1.0200e+03 3.2420e-11 9.4821e-01 2.0649e+03 1.5628e+04 7.7980e+03 4.1657e+16 6.3651e+13 6.3651e+13 5.1046e-01 0.0000e+00 1.0443e+04 0.0000e+00
1.0300e+03 3.2295e-11 9.4638e-01 2.0644e+03 1.5624e+04 7.7980e+03 4.1834e+16 6.3811e+13 6.3811e+13 5.0948e-01 0.0000e+00 1.0460e+04 0.0000e+00
1.0400e+03 3.2171e-11 9.4461e-01 2.0639e+03 1.5620e+04 7.7980e+03 4.2017e+16 6.3977e+13 6.3977e+13 5.0847e-01 0.0000e+00 1.0478e+04 0.0000e+00
1.0500e+03 3.2048e-11 9.4291e-01 2.0634e+03 1.5617e+04 7.7980e+03 4.2207e+16 6.4149e+13 6.4149e+13 5.0744e-01 0.0000e+00 1.0496e+04 0.0000e+00
1.0600e+03 3.1925e-11 9.4126e-01 2.0629e+03 1.5613e+04 7.7980e+03 4.2404e+16 6.4326e+13 6.4326e+13 5.0637e-01 0.0000e+00 1.0516e+04 0.0000e+00
1.0700e+03 3.1802e-11 9.3967e-01 2.0624e+03 1.5609e+04 7.7980e+03 4.2607e+16 6.4508e+13 6.4508e+13 5.0528e-01 0.0000e+00 1.0535e+04 0.0000e+00
1.0800e+03 3.1680e-11 9.3814e-01 2.0619e+03 1.5605e+04 7.7980e+03 4.2816e+16 6.4696e+13 6.4696e+13 5.0416e-01 0.0000e+00 1.0555e+04 0.0000e+00
1.0900e+03 3.1558e-11 9.3665e-01 2.0613e+03 1.5601e+04 7.7980e+03 4.3031e+16 6.4889e+13 6.4889e+13 5.0302e-01 0.0000e+00 1.0576e+04 0.0000e+00
1.1000e+03 3.1437e-11 9.3522e-01 2.0607e+03 1.5596e+04 7.7980e+03 4.3252e+16 6.5086e+13 6.5086e+13 5.0186e-01 0.0000e+00 1.0597e+04 0.0000e+00
1.1100e+03 3.1316e-11 9.3383e-01 2.0602e+03 1.5592e+04 7.7980e+03 4.3479e+16 6.5288e+13 6.5288e+13 5.0068e-01 0.0000e+00 1.0619e+04 0.0000e+00
1.1200e+03 3.1196e-11 9.3249e-01 2.0596e+03 1.5588e+04 7.7980e+03 4.3712e+16 6.5495e+13 6.5495e+13 4.9947e-01 0.0000e+00 1.0641e+04 0.0000e+00
1.1300e+03 3.1076e-11 9.3118e-01 2.0590e+03 1.5583e+04 7.7980e+03 4.3950e+16 6.5707e+13 6.5707e+13 4.9825e-01 0.0000e+00 1.0663e+04 0.0000e+00
1.1400e+03 3.0957e-11 9.2993e-01 2.0584e+03 1.5579e+04 7.7980e+03 4.4194e+16 6.5923e+13 6.5923e+13 4.9701e-01 0.0000e+00 1.0686e+04 0.0000e+00
1.1500e+03 3.0838e-11 9.2871e-01 2.0578e+03 1.5574e+04 7.7980e+03 4.4443e+16 6.6143e+13 6.6143e+13 4.9575e-01 0.0000e+00 1.0710e+04 0.0000e+00
1.1600e+03 3.0720e-11 9.2752e-01 2.0572e+03 1.5569e+04 7.7980e+03 4.4698e+16 6.6367e+13 6.6367e+13 4.9448e-01 0.0000e+00 1.0734e+04 0.0000e+00
1.1700e+03 3.0602e-11 9.2638e-01 2.0565e+03 1.5564e+04 7.7980e+03 4.4958e+16 6.6595e+13 6.6595e+13 4.9319e-01 0.0000e+00 1.0758e+04 0.0000e+00
1.1800e+03 3.0484e-11 9.2527e-01 2.0559e+03 1.5560e+04 7.7980e+03 4.5223e+16 6.6827e+13 6.6827e+13 4.9188e-01 0.0000e+00 1.0782e+04 0.0000e+00
1.1900e+03 3.0367e-11 9.2419e-01 2.0552e+03 1.5555e+04 7.7980e+03 4.5493e+16 6.7063e+13 6.7063e+13 4.9057e-01 0.0000e+00 1.0807e+04 0.0000e+00
1.2000e+03 3.0251e-11 9.2314e-01 2.0546e+03 1.5550e+04 7.7980e+03 4.5768e+16 6.7303e+13 6.7303e+13 4.8924e-01 0.0000e+00 1.0833e+04 0.0000e+00
1.2100e+03 3.0134e-11 9.2213e-01 2.0539e+03 1.5545e+04 7.7980e+03 4.6048e+16 6.7547e+13 6.7547e+13 4.8789e-01 0.0000e+00 1.0858e+04 0.0000e+00
1.2200e+03 3.0019e-11 9.2114e-01 2.0533e+03 1.5540e+04 7.7980e+03 4.6334e+16 6.7794e+13 6.7794e+13 4.8654e-01 0.0000e+00 1.0885e+04 0.0000e+00
1.2300e+03 2.9903e-11 9.2018e-01 2.0526e+03 1.5535e+04 7.7980e+03 4.6624e+16 6.8044e+13 6.8044e+13 4.8518e-01 0.0000e+00 1.0911e+04 0.0000e+00
1.2400e+03 2.9789e-11 9.1924e-01 2.0519e+03 1.5529e+04 7.7980e+03 4.6918e+16 6.8298e+13 6.8298e+13 4.8381e-01 0.0000e+00 1.0938e+04 0.0000e+00
1.2500e+03 2.9674e-11 9.1834e-01 2.0512e+03 1.5524e+04 7.7980e+03 4.7218e+16 6.8556e+13 6.8556e+13 4.8243e-01 0.0000e+00 1.0965e+04 0.0000e+00
1.2600e+03 2.9560e-11 9.1745e-01 2.0505e+03 1.5519e+04 7.7980e+03 4.7522e+16 6.8816e+13 6.8816e+13 4.8104e-01 0.0000e+00 1.0992e+04 0.0000e+00
1.2700e+03 2.9447e-11 9.1659e-01 2.0498e+03 1.5514e+04 7.7980e+03 4.7831e+16 6.9080e+13 6.9080e+13 4.7964e-01 0.0000e+00 1.1020e+04 0.0000e+00
1.2800e+03 2.9334e-11 9.1575e-01 2.0491e+03 1.5508e+04 7.7980e+03 4.8145e+16 6.9348e+13 6.9348e+13 4.7823e-01 0.0000e+00 1.1048e+04 0.0000e+00
1.2900e+03 2.9221e-11 9.1494e-01 2.0484e+03 1.5503e+04 7.7980e+03 4.8463e+16 6.9618e+13 6.9618e+13 4.7682e-01 0.0000e+00 1.1076e+04 0.0000e+00
1.3000e+03 2.9109e-11 9.1414e-01 2.0477e+03 1.5498e+04 7.7980e+03 4.8786e+16 6.9891e+13 6.9891e+13 4.7541e-01 0.0000e+00 1.1104e+04 0.0000e+00
1.3100e+03 2.8997e-11 9.1337e-01 2.0470e+03 1.5492e+04 7.7980e+03 4.9113e+16 7.0168e+13 7.0168e+13 4.7398e-01 0.0000e+00 1.1133e+04 0.0000e+00
1.3200e+03 2.8886e-11 9.1261e-01 2.0463e+03 1.5487e+04 7.7980e+03 4.9445e+16 7.0447e+13 7.0447e+13 4.7255e-01 0.0000e+00 1.1162e+04 0.0000e+00
1.3300e+03 2.8775e-11 9.1187e-01 2.0455e+03 1.5481e+04 7.7980e+03 4.9781e+16 7.0729e+13 7.0729e+13 4.7112e-01 0.0000e+00 1.1192e+04 0.0000e+00
1.3400e+03 2.8664e-11 9.1114e-01 2.0448e+03 1.5476e+04 7.7980e+03 5.0122e+16 7.1014e+13 7.1014e+13 4.6969e-01 0.0000e+00 1.1221e+04 0.0000e+00
1.3500e+03 2.8554e-11 9.1044e-01 2.0441e+03 1.5470e+04 7.7980e+03 5.0467e+16 7.1302e+13 7.1302e+13 4.6824e-01 0.0000e+00 1.1251e+04 0.0000e+00
1.3600e+03 2.8445e-11 9.0975e-01 2.0433e+03 1.5464e+04 7.7980e+03 5.0817e+16 7.1593e+13 7.1593e+13 4.6680e-01 0.0000e+00 1.1281e+04 0.0000e+00
1.3700e+03 2.8335e-11 9.0907e-01 2.0426e+03 1.5459e+04 7.7980e+03 5.1170e+16 7.1887e+13 7.1887e+13 4.6535e-01 0.0000e+00 1.1311e+04 0.0000e+00
1.3800e+03 2.8226e-11 9.0841e-01 2.0418e+03 1.5453e+04 7.7980e+03 5.1529e+16 7.2183e+13 7.2183e+13 4.6390e-01 0.0000e+00 1.1342e+04 0.0000e+00
1.3900e+03 2.8118e-11 9.0777e-01 2.0411e+03 1.5448e+04 7.7980e+03 5.1891e+16 7.2482e+13 7.2482e+13 4.6245e-01 0.0000e+00 1.1373e+04 0.0000e+00
1.4000e+03 2.8010e-11 9.0713e-01 2.0403e+03 1.5442e+04 7.7980e+03 5.2258e+16 7.2783e+13 7.2783e+13 4.6100e-01 0.0000e+00 1.1404e+04 0.0000e+00
1.4100e+03 2.7903e-11 9.0651e-01 2.0396e+03 1.5436e+04 7.7980e+03 5.2630e+16 7.3087e+13 7.3087e+13 4.5954e-01 0.0000e+00 1.1435e+04 0.0000e+00
1.4200e+03 2.7795e-11 9.0590e-01 2.0388e+03 1.5430e+04 7.7980e+03 5.3005e+16 7.3394e+13 7.3394e+13 4.5808e-01 0.0000e+00 1.1466e+04 0.0000e+00
1.4300e+03 2.7689e-11 9.0531e-01 2.0381e+03 1.5425e+04 7.7980e+03 5.3385e+16 7.3703e+13 7.3703e+13 4.5663e-01 0.0000e+00 1.1498e+04 0.0000e+00
1.4400e+03 2.7582e-11 9.0472e-01 2.0373e+03 1.5419e+04 7.7980e+03 5.3770e+16 7.4015e+13 7.4015e+13 4.5517e-01 0.0000e+00 1.1530e+04 0.0000e+00
1.4500e+03 2.7476e-11 9.0415e-01 2.0365e+03 1.5413e+04 7.7980e+03 5.4158e+16 7.4329e+13 7.4329e+13 4.5371e-01 0.0000e+00 1.1562e+04 0.0000e+00
1.4600e+03 2.7371e-11 9.0358e-01 2.0358e+03 1.5407e+04 7.7980e+03 5.4551e+16 7.4646e+13 7.4646e+13 4.5225e-01 0.0000e+00 1.1594e+04 0.0000e+00
1.4700e+03 2.7266e-11 9.0303e-01 2.0350e+03 1.5402e+04 7.7980e+03 5.4948e+16 7.4965e+13 7.4965e+13 4.5079e-01 0.0000e+00 1.1626e+04 0.0000e+00
1.4800e+03 2.7161e-11 9.0248e-01 2.0342e+03 1.5396e+04 7.7980e+03 5.5350e+16 7.5286e+13 7.5286e+13 4.4933e-01 0.0000e+00 1.1659e+04 0.0000e+00
1.4900e+03 2.7057e-11 9.0195e-01 2.0335e+03 1.5390e+04 7.7980e+03 5.5756e+16 7.5610e+13 7.5610e+13 4.4787e-01 0.0000e+00 1.1692e+04 0.0000e+00
1.5000e+03 2.6953e-11 9.0142e-01 2.0327e+03 1.5384e+04 7.7980e+03 5.6166e+16 7.5936e+13 7.5936e+13 4.4641e-01 0.0000e+00 1.1725e+04 0.0000e+00
1.5100e+03 2.6849e-11 9.0090e-01 2.0319e+03 1.5378e+04 7.7980e+03 5.6580e+16 7.6265e+13 7.6265e+13 4.4495e-01 0.0000e+00 1.1758e+04 0.0000e+00
1.5200e+03 2.6746e-11 9.0039e-01 2.0311e+03 1.5372e+04 7.7980e+03 5.6999e+16 7.6596e+13 7.6596e+13 4.4349e-01 0.0000e+00 1.1792e+04 0.0000e+00
1.5300e+03 2.6644e-11 8.9989e-01 2.0304e+03 1.5366e+04 7.7980e+03 5.7422e+16 7.6929e+13 7.6929e+13 4.4204e-01 0.0000e+00 1.1825e+04 0.0000e+00
1.5400e+03 2.6541e-11 8.9940e-01 2.0296e+03 1.5361e+04 7.7980e+03 5.7849e+16 7.7265e+13 7.7265e+13 4.4058e-01 0.0000e+00 1.1859e+04 0.0000e+00
1.5500e+03 2.6439e-11 8.9891e-01 2.0288e+03 1.5355e+04 7.7980e+03 5.8281e+16 7.7602e+13 7.7602e+13 4.3913e-01 0.0000e+00 1.1893e+04 0.0000e+00
1.5600e+03 2.6338e-11 8.9843e-01 2.0280e+03 1.5349e+04 7.7980e+03 5.8717e+16 7.7943e+13 7.7943e+13 4.3768e-01 0.0000e+00 1.1927e+04 0.0000e+00
1.5700e+03 2.6237e-11 8.9795e-01 2.0272e+03 1.5343e+04 7.7980e+03 5.9157e+16 7.8285e+13 7.8285e+13 4.3623e-01 0.0000e+00 1.1961e+04 0.0000e+00
1.5800e+03 2.6136e-11 8.9748e-01 2.0265e+03 1.5337e+04 7.7980e+03 5.9602e+16 7.8629e+13 7.8629e+13 4.3478e-01 0.0000e+00 1.1996e+04 0.0000e+00
1.5900e+03 2.6036e-11 8.9702e-01 2.0257e+03 1.5331e+04 7.7980e+03 6.0051e+16 7.8976e+13 7.8976e+13 4.3333e-01 0.0000e+00 1.2030e+04 0.0000e+00
1.6000e+03 2.5936e-11 8.9656e-01 2.0249e+03 1.5325e+04 7.7980e+03 6.0505e+16 7.9325e+13 7.9325e+13 4.3189e-01 0.0000e+00 1.2065e+04 0.0000e+00
1.6100e+03 2.5836e-11 8.9611e-01 2.0241e+03 1.5319e+04 7.7980e+03 6.0963e+16 7.9676e+13 7.9676e+13 4.3045e-01 0.0000e+00 1.2100e+04 0.0000e+00
1.6200e+03 2.5737e-11 8.9566e-01 2.0233e+03 1.5313e+04 7.7980e+03 6.1425e+16 8.0030e+13 8.0030e+13 4.2901e-01 0.0000e+00 1.2135e+04 0.0000e+00
1.6300e+03 2.5638e-11 8.9522e-01 2.0225e+03 1.5307e+04 7.7980e+03 6.1892e+16 8.0385e+13 8.0385e+13 4.2757e-01 0.0000e+00 1.2170e+04 0.0000e+00
1.6400e+03 2.5540e-11 8.9478e-01 2.0217e+03 1.5301e+04 7.7980e+03 6.2363e+16 8.0743e+13 8.0743e+13 4.2614e-01 0.0000e+00 1.2206e+04 0.0000e+00
1.6500e+03 2.5441e-11 8.9435e-01 2.0210e+03 1.5295e+04 7.7980e+03 6.2839e+16 8.1103e+13 8.1103e+13 4.2471e-01 0.0000e+00 1.2241e+04 0.0000e+00
1.6600e+03 2.5344e-11 8.9392e-01 2.0202e+03 1.5289e+04 7.7980e+03 6.3319e+16 8.1465e+13 8.1465e+13 4.2328e-01 0.0000e+00 1.2277e+04 0.0000e+00
1.6700e+03 2.5246e-11 8.9350e-01 2.0194e+03 1.5283e+04 7.7980e+03 6.3804e+16 8.1829e+13 8.1829e+13 4.2185e-01 0.0000e+00 1.2313e+04 0.0000e+00
1.6800e+03 2.5150e-11 8.9308e-01 2.0186e+03 1.5277e+04 7.7980e+03 6.4293e+16 8.2196e+13 8.2196e+13 4.2043e-01 0.0000e+00 1.2349e+04 0.0000e+00
1.6900e+03 2.5053e-11 8.9267e-01 2.0178e+03 1.5271e+04 7.7980e+03 6.4787e+16 8.2564e+13 8.2564e+13 4.1901e-01 0.0000e+00 1.2385e+04 0.0000e+00
1.7000e+03 2.4957e-11 8.9225e-01 2.0170e+03 1.5265e+04 7.7980e+03 6.5285e+16 8.2935e+13 8.2935e+13 4.1759e-01 0.0000e+00 1.2421e+04 0.0000e+00
1.7100e+03 2.4861e-11 8.9185e-01 2.0162e+03 1.5259e+04 7.7980e+03 6.5788e+16 8.3307e+13 8.3307e+13 4.1618e-01 0.0000e+00 1.2458e+04 0.0000e+00
1.7200e+03 2.4765e-11 8.9144e-01 2.0154e+03 1.5253e+04 7.7980e+03 6.6295e+16 8.3682e+13 8.3682e+13 4.1477e-01 0.0000e+00 1.2494e+04 0.0000e+00
1.7300e+03 2.4670e-11 8.9104e-01 2.0146e+03 1.5247e+04 7.7980e+03 6.6808e+16 8.4059e+13 8.4059e+13 4.1336e-01 0.0000e+00 1.2531e+04 0.0000e+00
1.7400e+03 2.4576e-11 8.9064e-01 2.0138e+03 1.5241e+04 7.7980e+03 6.7324e+16 8.4438e+13 8.4438e+13 4.1196e-01 0.0000e+00 1.2568e+04 0.0000e+00
1.7500e+03 2.4481e-11 8.9025e-01 2.0130e+03 1.5235e+04 7.7980e+03 6.7846e+16 8.4819e+13 8.4819e+13 4.1056e-01 0.0000e+00 1.2605e+04 0.0000e+00
1.7600e+03 2.4387e-11 8.8985e-01 2.0122e+03 1.5229e+04 7.7980e+03 6.8372e+16 8.5203e+13 8.5203e+13 4.0916e-01 0.0000e+00 1.2642e+04 0.0000e+00
1.7700e+03 2.4294e-11 8.8946e-01 2.0115e+03 1.5223e+04 7.7980e+03 6.8903e+16 8.5588e+13 8.5588e+13 4.0777e-01 0.0000e+00 1.2679e+04 0.0000e+00
1.7800e+03 2.4200e-11 8.8907e-01 2.0107e+03 1.5217e+04 7.7980e+03 6.9439e+16 8.5975e+13 8.5975e+13 4.0638e-01 0.0000e+00 1.2717e+04 0.0000e+00
1.7900e+03 2.4107e-11 8.8869e-01 2.0099e+03 1.5211e+04 7.7980e+03 6.9979e+16 8.6365e+13 8.6365e+13 4.0500e-01 0.0000e+00 1.2755e+04 0.0000e+00
1.8000e+03 2.4015e-11 8.8831e-01 2.0091e+03 1.5205e+04 7.7980e+03 7.0525e+16 8.6757e+13 8.6757e+13 4.0362e-01 0.0000e+00 1.2792e+04 0.0000e+00
1.8100e+03 2.3923e-11 8.8793e-01 2.0083e+03 1.5199e+04 7.7980e+03 7.1075e+16 8.7150e+13 8.7150e+13 4.0224e-01 0.0000e+00 1.2830e+04 0.0000e+00
1.8200e+03 2.3831e-11 8.8755e-01 2.0075e+03 1.5193e+04 7.7980e+03 7.1630e+16 8.7546e+13 8.7546e+13 4.0087e-01 0.0000e+00 1.2868e+04 0.0000e+00
1.8300e+03 2.3739e-11 8.8717e-01 2.0067e+03 1.5187e+04 7.7980e+03 7.2190e+16 8.7944e+13 8.7944e+13 3.9950e-01 0.0000e+00 1.2906e+04 0.0000e+00
1.8400e+03 2.3648e-11 8.8680e-01 2.0059e+03 1.5181e+04 7.7980e+03 7.2755e+16 8.8344e+13 8.8344e+13 3.9813e-01 0.0000e+00 1.2945e+04 0.0000e+00
1.8500e+03 2.3557e-11 8.8642e-01 2.0051e+03 1.5175e+04 7.7980e+03 7.3325e+16 8.8746e+13 8.8746e+13 3.9677e-01 0.0000e+00 1.2983e+04 0.0000e+00
1.8600e+03 2.3467e-11 8.8605e-01 2.0043e+03 1.5169e+04 7.7980e+03 7.3900e+16 8.9150e+13 8.9150e+13 3.9541e-01 0.0000e+00 1.3022e+04 0.0000e+00
1.8700e+03 2.3377e-11 8.8568e-01 2.0035e+03 1.5163e+04 7.7980e+03 7.4480e+16 8.9557e+13 8.9557e+13 3.9406e-01 0.0000e+00 1.3060e+04 0.0000e+00
1.8800e+03 2.3287e-11 8.8532e-01 2.0027e+03 1.5157e+04 7.7980e+03 7.5065e+16 8.9965e+13 8.9965e+13 3.9271e-01 0.0000e+00 1.3099e+04 0.0000e+00
1.8900e+03 2.3197e-11 8.8495e-01 2.0019e+03 1.5151e+04 7.7980e+03 7.5655e+16 9.0376e+13 9.0376e+13 3.9136e-01 0.0000e+00 1.3138e+04 0.0000e+00
1.9000e+03 2.3108e-11 8.8459e-01 2.0011e+03 1.5145e+04 7.7980e+03 7.6250e+16 9.0788e+13 9.0788e+13 3.9002e-01 0.0000e+00 1.3177e+04 0.0000e+00
1.9100e+03 2.3020e-11 8.8422e-01 2.0003e+03 1.5139e+04 7.7980e+03 7.6851e+16 9.1203e+13 9.1203e+13 3.8868e-01 0.0000e+00 1.3217e+04 0.0000e+00
1.9200e+03 2.2931e-11 8.8386e-01 1.9996e+03 1.5133e+04 7.7980e+03 7.7456e+16 9.1620e+13 9.1620e+13 3.8734e-01 0.0000e+00 1.3256e+04 0.0000e+00
1.9300e+03 2.2843e-11 8.8350e-01 1.9988e+03 1.5127e+04 7.7980e+03 7.8067e+16 9.2039e+13 9.2039e+13 3.8601e-01 0.0000e+00 1.3296e+04 0.0000e+00
1.9400e+03 2.2756e-11 8.8314e-01 1.9980e+03 1.5121e+04 7.7980e+03 7.8683e+16 9.2460e+13 9.2460e+13 3.8469e-01 0.0000e+00 1.3335e+04 0.0000e+00
1.9500e+03 2.2668e-11 8.8278e-01 1.9972e+03 1.5115e+04 7.7980e+03 7.9305e+16 9.2883e+13 9.2883e+13 3.8337e-01 0.0000e+00 1.3375e+04 0.0000e+00
1.9600e+03 2.2581e-11 8.8243e-01 1.9964e+03 1.5109e+04 7.7980e+03 7.9932e+16 9.3308e+13 9.3308e+13 3.8205e-01 0.0000e+00 1.3415e+04 0.0000e+00
1.9700e+03 2.2494e-11 8.8207e-01 1.9956e+03 1.5103e+04 7.7980e+03 8.0564e+16 9.3735e+13 9.3735e+13 3.8074e-01 0.0000e+00 1.3455e+04 0.0000e+00
1.9800e+03 2.2408e-11 8.8171e-01 1.9948e+03 1.5097e+04 7.7980e+03 8.1202e+16 9.4165e+13 9.4165e+13 3.7943e-01 0.0000e+00 1.3495e+04 0.0000e+00
1.9900e+03 2.2322e-11 8.8136e-01 1.9940e+03 1.5091e+04 7.7980e+03 8.1845e+16 9.4596e+13 9.4596e+13 3.7812e-01 0.0000e+00 1.3535e+04 0.0000e+00
2.0000e+03 2.2236e-11 8.8101e-01 1.9932e+03 1.5085e+04 7.7980e+03 8.2493e+16 9.5030e+13 9.5030e+13 3.7682e-01 0.0000e+00 1.3576e+04 0.0000e+00
2.0100e+03 2.2151e-11 8.8065e-01 1.9924e+03 1.5079e+04 7.7980e+03 8.3148e+16 9.5466e+13 9.5466e+13 3.7553e-01 0.0000e+00 1.3616e+04 0.0000e+00
2.0200e+03 2.2066e-11 8.8030e-01 1.9916e+03 1.5073e+04 7.7980e+03 8.3807e+16 9.5904e+13 9.5904e+13 3.7423e-01 0.0000e+00 1.3657e+04 0.0000e+00
2.0300e+03 2.1981e-11 8.7995e-01 1.9909e+03 1.5067e+04 7.7980e+03 8.4473e+16 9.6344e+13 9.6344e+13 3.7295e-01 0.0000e+00 1.3698e+04 0.0000e+00
2.0400e+03 2.1897e-11 8.7960e-01 1.9901e+03 1.5061e+04 7.7980e+03 8.5144e+16 9.6786e+13 9.6786e+13 3.7166e-01 0.0000e+00 1.3739e+04 0.0000e+00
2.0500e+03 2.1813e-11 8.7925e-01 1.9893e+03 1.5055e+04 7.7980e+03 8.5821e+16 9.7231e+13 9.7231e+13 3.7038e-01 0.0000e+00 1.3780e+04 0.0000e+00
2.0600e+03 2.1729e-11 8.7890e-01 1.9885e+03 1.5050e+04 7.7980e+03 8.6503e+16 9.7677e+13 9.7677e+13 3.6911e-01 0.0000e+00 1.3821e+04 0.0000e+00
2.0700e+03 2.1645e-11 8.7855e-01 1.9877e+03 1.5044e+04 7.7980e+03 8.7192e+16 9.8126e+13 9.8126e+13 3.6784e-01 0.0000e+00 1.3863e+04 0.0000e+00
2.0800e+03 2.1562e-11 8.7820e-01 1.9869e+03 1.5038e+04 7.7980e+03 8.7886e+16 9.8577e+13 9.8577e+13 3.6657e-01 0.0000e+00 1.3904e+04 0.0000e+00
2.0900e+03 2.1479e-11 8.7785e-01 1.9861e+03 1.5032e+04 7.7980e+03 8.8586e+16 9.9030e+13 9.9030e+13 3.6531e-01 0.0000e+00 1.3946e+04 0.0000e+00
2.1000e+03 2.1397e-11 8.7750e-01 1.9854e+03 1.5026e+04 7.7980e+03 8.9292e+16 9.9485e+13 9.9485e+13 3.6405e-01 0.0000e+00 1.3987e+04 0.0000e+00
2.1100e+03 2.1315e-11 8.7715e-01 1.9846e+03 1.5020e+04 7.7980e+03 9.0004e+16 9.9942e+13 9.9942e+13 3.6279e-01 0.0000e+00 1.4029e+04 0.0000e+00
2.1200e+03 2.1233e-11 8.7681e-01 1.9838e+03 1.5014e+04 7.7980e+03 9.0722e+16 1.0040e+14 1.0040e+14 3.6154e-01 0.0000e+00 1.4071e+04 0.0000e+00
2.1300e+03 2.1151e-11 8.7646e-01 1.9830e+03 1.5008e+04 7.7980e+03 9.1446e+16 1.0086e+14 1.0086e+14 3.6030e-01 0.0000e+00 1.4113e+04 0.0000e+00
2.1400e+03 2.1070e-11 8.7611e-01 1.9822e+03 1.5002e+04 7.7980e+03 9.2177e+16 1.0133e+14 1.0133e+14 3.5906e-01 0.0000e+00 1.4156e+04 0.0000e+00
2.1500e+03 2.0989e-11 8.7576e-01 1.9814e+03 1.4996e+04 7.7980e+03 9.2913e+16 1.0179e+14 1.0179e+14 3.5782e-01 0.0000e+00 1.4198e+04 0.0000e+00
2.1600e+03 2.0909e-11 8.7542e-01 1.9807e+03 1.4990e+04 7.7980e+03 9.3656e+16 1.0226e+14 1.0226e+14 3.5659e-01 0.0000e+00 1.4240e+04 0.0000e+00
2.1700e+03 2.0828e-11 8.7507e-01 1.9799e+03 1.4984e+04 7.7980e+03 9.4405e+16 1.0273e+14 1.0273e+14 3.5536e-01 0.0000e+00 1.4283e+04 0.0000e+00
2.1800e+03 2.0748e-11 8.7472e-01 1.9791e+03 1.4978e+04 7.7980e+03 9.5160e+16 1.0321e+14 1.0321e+14 3.5413e-01 0.0000e+00 1.4326e+04 0.0000e+00
2.1900e+03 2.0669e-11 8.7438e-01 1.9783e+03 1.4972e+04 7.7980e+03 9.5922e+16 1.0368e+14 1.0368e+14 3.5291e-01 0.0000e+00 1.4369e+04 0.0000e+00
2.2000e+03 2.0589e-11 8.7403e-01 1.9775e+03 1.4966e+04 7.7980e+03 9.6690e+16 1.0416e+14 1.0416e+14 3.5170e-01 0.0000e+00 1.4412e+04 0.0000e+00
2.2100e+03 2.0510e-11 8.7369e-01 1.9767e+03 1.4961e+04 7.7980e+03 9.7464e+16 1.0464e+14 1.0464e+14 3.5049e-01 0.0000e+00 1.4455e+04 0.0000e+00
2.2200e+03 2.0432e-11 8.7334e-01 1.9760e+03 1.4955e+04 7.7980e+03 9.8245e+16 1.0512e+14 1.0512e+14 3.4928e-01 0.0000e+00 1.4498e+04 0.0000e+00
2.2300e+03 2.0353e-11 8.7299e-01 1.9752e+03 1.4949e+04 7.7980e+03 9.9033e+16 1.0560e+14 1.0560e+14 3.4808e-01 0.0000e+00 1.4542e+04 0.0000e+00
2.2400e+03 2.0275e-11 8.7265e-01 1.9744e+03 1.4943e+04 7.7980e+03 9.9827e+16 1.0609e+14 1.0609e+14 3.4688e-01 0.0000e+00 1.4585e+04 0.0000e+00
2.2500e+03 2.0197e-11 8.7230e-01 1.9736e+03 1.4937e+04 7.7980e+03 1.0063e+17 1.0658e+14 1.0658e+14 3.4568e-01 0.0000e+00 1.4629e+04 0.0000e+00
2.2600e+03 2.0120e-11 8.7195e-01 1.9729e+03 1.4931e+04 7.7980e+03 1.0144e+17 1.0707e+14 1.0707e+14 3.4449e-01 0.0000e+00 1.4673e+04 0.0000e+00
2.2700e+03 2.0042e-11 8.7161e-01 1.9721e+03 1.4925e+04 7.7980e+03 1.0225e+17 1.0756e+14 1.0756e+14 3.4330e-01 0.0000e+00 1.4716e+04 0.0000e+00
2.2800e+03 1.9965e-11 8.7126e-01 1.9713e+03 1.4919e+04 7.7980e+03 1.0307e+17 1.0806e+14 1.0806e+14 3.4212e-01 0.0000e+00 1.4761e+04 0.0000e+00
2.2900e+03 1.9889e-11 8.7091e-01 1.9705e+03 1.4914e+04 7.7980e+03 1.0390e+17 1.0856e+14 1.0856e+14 3.4094e-01 0.0000e+00 1.4805e+04 0.0000e+00
2.3000e+03 1.9812e-11 8.7057e-01 1.9698e+03 1.4908e+04 7.7980e+03 1.0473e+17 1.0906e+14 1.0906e+14 3.3977e-01 0.0000e+00 1.4849e+04 0.0000e+00
2.3100e+03 1.9736e-11 8.7022e-01 1.9690e+03 1.4902e+04 7.7980e+03 1.0558e+17 1.0956e+14 1.0956e+14 3.3860e-01 0.0000e+00 1.4893e+04 0.0000e+00
2.3200e+03 1.9660e-11 8.6987e-01 1.9682e+03 1.4896e+04 7.7980e+03 1.0643e+17 1.1006e+14 1.1006e+14 3.3743e-01 0.0000e+00 1.4938e+04 0.0000e+00
2.3300e+03 1.9585e-11 8.6953e-01 1.9674e+03 1.4890e+04 7.7980e+03 1.0728e+17 1.1057e+14 1.1057e+14 3.3627e-01 0.0000e+00 1.4983e+04 0.0000e+00
2.3400e+03 1.9510e-11 8.6918e-01 1.9667e+03 1.4884e+04 7.7980e+03 1.0815e+17 1.1108e+14 1.1108e+14 3.3512e-01 0.0000e+00 1.5028e+04 0.0000e+00
2.3500e+03 1.9435e-11 8.6883e-01 1.9659e+03 1.4878e+04 7.7980e+03 1.0902e+17 1.1159e+14 1.1159e+14 3.3396e-01 0.0000e+00 1.5073e+04 0.0000e+00
2.3600e+03 1.9360e-11 8.6848e-01 1.9651e+03 1.4873e+04 7.7980e+03 1.0989e+17 1.1210e+14 1.1210e+14 3.3281e-01 0.0000e+00 1.5118e+04 0.0000e+00
2.3700e+03 1.9286e-11 8.6813e-01 1.9643e+03 1.4867e+04 7.7980e+03 1.1078e+17 1.1262e+14 1.1262e+14 3.3167e-01 0.0000e+00 1.5163e+04 0.0000e+00
2.3800e+03 1.9212e-11 8.6779e-01 1.9636e+03 1.4861e+04 7.7980e+03 1.1167e+17 1.1314e+14 1.1314e+14 3.3053e-01 0.0000e+00 1.5208e+04 0.0000e+00
2.3900e+03 1.9138e-11 8.6744e-01 1.9628e+03 1.4855e+04 7.7980e+03 1.1257e+17 1.1366e+14 1.1366e+14 3.2939e-01 0.0000e+00 1.5254e+04 0.0000e+00
2.4000e+03 1.9064e-11 8.6709e-01 1.9620e+03 1.4849e+04 7.7980e+03 1.1348e+17 1.1418e+14 1.1418e+14 3.2826e-01 0.0000e+00 1.5299e+04 0.0000e+00
2.4100e+03 1.8991e-11 8.6674e-01 1.9613e+03 1.4843e+04 7.7980e+03 1.1440e+17 1.1471e+14 1.1471e+14 3.2713e-01 0.0000e+00 1.5345e+04 0.0000e+00
2.4200e+03 1.8918e-11 8.6639e-01 1.9605e+03 1.4838e+04 7.7980e+03 1.1532e+17 1.1524e+14 1.1524e+14 3.2600e-01 0.0000e+00 1.5391e+04 0.0000e+00
2.4300e+03 1.8846e-11 8.6604e-01 1.9597e+03 1.4832e+04 7.7980e+03 1.1625e+17 1.1577e+14 1.1577e+14 3.2488e-01 0.0000e+00 1.5437e+04 0.0000e+00
2.4400e+03 1.8773e-11 8.6569e-01 1.9590e+03 1.4826e+04 7.7980e+03 1.1719e+17 1.1630e+14 1.1630e+14 3.2377e-01 0.0000e+00 1.5483e+04 0.0000e+00
2.4500e+03 1.8701e-11 8.6534e-01 1.9582e+03 1.4820e+04 7.7980e+03 1.1813e+17 1.1684e+14 1.1684e+14 3.2266e-01 0.0000e+00 1.5529e+04 0.0000e+00
2.4600e+03 1.8629e-11 8.6499e-01 1.9574e+03 1.4814e+04 7.7980e+03 1.1909e+17 1.1738e+14 1.1738e+14 3.2155e-01 0.0000e+00 1.5576e+04 0.0000e+00
2.4700e+03 1.8558e-11 8.6464e-01 1.9567e+03 1.4809e+04 7.7980e+03 1.2005e+17 1.1792e+14 1.1792e+14 3.2044e-01 0.0000e+00 1.5622e+04 0.0000e+00
2.4800e+03 1.8487e-11 8.6428e-01 1.9559e+03 1.4803e+04 7.7980e+03 1.2102e+17 1.1846e+14 1.1846e+14 3.1934e-01 0.0000e+00 1.5669e+04 0.0000e+00
2.4900e+03 1.8416e-11 8.6393e-01 1.9551e+03 1.4797e+04 7.7980e+03 1.2200e+17 1.1900e+14 1.1900e+14 3.1824e-01 0.0000e+00 1.5716e+04 0.0000e+00
2.5000e+03 1.8345e-11 8.6358e-01 1.9544e+03 1.4791e+04 7.7980e+03 1.2299e+17 1.1955e+14 1.1955e+14 3.1715e-01 0.0000e+00 1.5763e+04 0.0000e+00
2.5100e+03 1.8274e-11 8.6323e-01 1.9536e+03 1.4786e+04 7.7980e+03 1.2398e+17 1.2010e+14 1.2010e+14 3.1606e-01 0.0000e+00 1.5810e+04 0.0000e+00
2.5200e+03 1.8204e-11 8.6287e-01 1.9529e+03 1.4780e+04 7.7980e+03 1.2499e+17 1.2065e+14 1.2065e+14 3.1498e-01 0.0000e+00 1.5857e+04 0.0000e+00
2.5300e+03 1.8134e-11 8.6252e-01 1.9521e+03 1.4774e+04 7.7980e+03 1.2600e+17 1.2121e+14 1.2121e+14 3.1390e-01 0.0000e+00 1.5904e+04 0.0000e+00
2.5400e+03 1.8065e-11 8.6216e-01 1.9513e+03 1.4768e+04 7.7980e+03 1.2702e+17 1.2177e+14 1.2177e+14 3.1282e-01 0.0000e+00 1.5952e+04 0.0000e+00
2.5500e+03 1.7995e-11 8.6181e-01 1.9506e+03 1.4763e+04 7.7980e+03 1.2805e+17 1.2233e+14 1.2233e+14 3.1175e-01 0.0000e+00 1.5999e+04 0.0000e+00
2.5600e+03 1.7926e-11 8.6145e-01 1.9498e+03 1.4757e+04 7.7980e+03 1.2908e+17 1.2289e+14 1.2289e+14 3.1068e-01 0.0000e+00 1.6047e+04 0.0000e+00
2.5700e+03 1.7857e-11 8.6110e-01 1.9491e+03 1.4751e+04 7.7980e+03 1.3013e+17 1.2346e+14 1.2346e+14 3.0961e-01 0.0000e+00 1.6095e+04 0.0000e+00
2.5800e+03 1.7789e-11 8.6074e-01 1.9483e+03 1.4745e+04 7.7980e+03 1.3118e+17 1.2402e+14 1.2402e+14 3.0855e-01 0.0000e+00 1.6143e+04 0.0000e+00
2.5900e+03 1.7721e-11 8.6038e-01 1.9476e+03 1.4740e+04 7.7980e+03 1.3225e+17 1.2459e+14 1.2459e+14 3.0750e-01 0.0000e+00 1.6191e+04 0.0000e+00
2.6000e+03 1.7653e-11 8.6003e-01 1.9468e+03 1.4734e+04 7.7980e+03 1.3332e+17 1.2517e+14 1.2517e+14 3.0644e-01 0.0000e+00 1.6239e+04 0.0000e+00
2.6100e+03 1.7585e-11 8.5967e-01 1.9460e+03 1.4728e+04 7.7980e+03 1.3440e+17 1.2574e+14 1.2574e+14 3.0539e-01 0.0000e+00 1.6288e+04 0.0000e+00
2.6200e+03 1.7517e-11 8.5931e-01 1.9453e+03 1.4723e+04 7.7980e+03 1.3549e+17 1.2632e+14 1.2632e+14 3.0435e-01 0.0000e+00 1.6336e+04 0.0000e+00
2.6300e+03 1.7450e-11 8.5895e-01 1.9445e+03 1.4717e+04 7.7980e+03 1.3659e+17 1.2690e+14 1.2690e+14 3.0330e-01 0.0000e+00 1.6385e+04 0.0000e+00
2.6400e+03 1.7383e-11 8.5859e-01 1.9438e+03 1.4711e+04 7.7980e+03 1.3770e+17 1.2749e+14 1.2749e+14 3.0227e-01 0.0000e+00 1.6434e+04 0.0000e+00
2.6500e+03 1.7316e-11 8.5823e-01 1.9430e+03 1.4705e+04 7.7980e+03 1.3882e+17 1.2807e+14 1.2807e+14 3.0123e-01 0.0000e+00 1.6483e+04 0.0000e+00
2.6600e+03 1.7250e-11 8.5787e-01 1.9423e+03 1.4700e+04 7.7980e+03 1.3995e+17 1.2866e+14 1.2866e+14 3.0020e-01 0.0000e+00 1.6532e+04 0.0000e+00
2.6700e+03 1.7183e-11 8.5751e-01 1.9415e+03 1.4694e+04 7.7980e+03 1.4108e+17 1.2925e+14 1.2925e+14 2.9917e-01 0.0000e+00 1.6581e+04 0.0000e+00
2.6800e+03 1.7117e-11 8.5715e-01 1.9408e+03 1.4688e+04 7.7980e+03 1.4223e+17 1.2985e+14 1.2985e+14 2.9815e-01 0.0000e+00 1.6630e+04 0.0000e+00
2.6900e+03 1.7052e-11 8.5679e-01 1.9400e+03 1.4683e+04 7.7980e+03 1.4338e+17 1.3044e+14 1.3044e+14 2.9713e-01 0.0000e+00 1.6680e+04 0.0000e+00
2.7000e+03 1.6986e-11 8.5643e-01 1.9393e+03 1.4677e+04 7.7980e+03 1.4455e+17 1.3104e+14 1.3104e+14 2.9612e-01 0.0000e+00 1.6729e+04 0.0000e+00
2.7100e+03 1.6921e-11 8.5606e-01 1.9385e+03 1.4671e+04 7.7980e+03 1.4573e+17 1.3164e+14 1.3164e+14 2.9510e-01 0.0000e+00 1.6779e+04 0.0000e+00
2.7200e+03 1.6856e-11 8.5570e-01 1.9378e+03 1.4666e+04 7.7980e+03 1.4691e+17 1.3225e+14 1.3225e+14 2.9410e-01 0.0000e+00 1.6829e+04 0.0000e+00
2.7300e+03 1.6791e-11 8.5534e-01 1.9370e+03 1.4660e+04 7.7980e+03 1.4811e+17 1.3286e+14 1.3286e+14 2.9309e-01 0.0000e+00 1.6879e+04 0.0000e+00
2.7400e+03 1.6727e-11 8.5497e-01 1.9363e+03 1.4654e+04 7.7980e+03 1.4931e+17 1.3347e+14 1.3347e+14 2.9209e-01 0.0000e+00 1.6929e+04 0.0000e+00
2.7500e+03 1.6663e-11 8.5461e-01 1.9355e+03 1.4649e+04 7.7980e+03 1.5053e+17 1.3408e+14 1.3408e+14 2.9109e-01 0.0000e+00 1.6980e+04 0.0000e+00
2.7600e+03 1.6599e-11 8.5424e-01 1.9348e+03 1.4643e+04 7.7980e+03 1.5175e+17 1.3469e+14 1.3469e+14 2.9010e-01 0.0000e+00 1.7030e+04 0.0000e+00
2.7700e+03 1.6535e-11 8.5387e-01 1.9341e+03 1.4638e+04 7.7980e+03 1.5299e+17 1.3531e+14 1.3531e+14 2.8911e-01 0.0000e+00 1.7081e+04 0.0000e+00
2.7800e+03 1.6471e-11 8.5351e-01 1.9333e+03 1.4632e+04 7.7980e+03 1.5423e+17 1.3593e+14 1.3593e+14 2.8812e-01 0.0000e+00 1.7131e+04 0.0000e+00
2.7900e+03 1.6408e-11 8.5314e-01 1.9326e+03 1.4626e+04 7.7980e+03 1.5549e+17 1.3656e+14 1.3656e+14 2.8714e-01 0.0000e+00 1.7182e+04 0.0000e+00
2.8000e+03 1.6345e-11 8.5277e-01 1.9318e+03 1.4621e+04 7.7980e+03 1.5676e+17 1.3718e+14 1.3718e+14 2.8616e-01 0.0000e+00 1.7233e+04 0.0000e+00
2.8100e+03 1.6282e-11 8.5240e-01 1.9311e+03 1.4615e+04 7.7980e+03 1.5804e+17 1.3781e+14 1.3781e+14 2.8519e-01 0.0000e+00 1.7284e+04 0.0000e+00
2.8200e+03 1.6220e-11 8.5203e-01 1.9303e+03 1.4609e+04 7.7980e+03 1.5932e+17 1.3845e+14 1.3845e+14 2.8421e-01 0.0000e+00 1.7336e+04 0.0000e+00
2.8300e+03 1.6158e-11 8.5166e-01 1.9296e+03 1.4604e+04 7.7980e+03 1.6062e+17 1.3908e+14 1.3908e+14 2.8324e-01 0.0000e+00 1.7387e+04 0.0000e+00
2.8400e+03 1.6096e-11 8.5129e-01 1.9289e+03 1.4598e+04 7.7980e+03 1.6193e+17 1.3972e+14 1.3972e+14 2.8228e-01 0.0000e+00 1.7439e+04 0.0000e+00
2.8500e+03 1.6034e-11 8.5092e-01 1.9281e+03 1.4593e+04 7.7980e+03 1.6325e+17 1.4036e+14 1.4036e+14 2.8132e-01 0.0000e+00 1.7490e+04 0.0000e+00
2.8600e+03 1.5972e-11 8.5055e-01 1.9274e+03 1.4587e+04 7.7980e+03 1.6459e+17 1.4100e+14 1.4100e+14 2.8036e-01 0.0000e+00 1.7542e+04 0.0000e+00
2.8700e+03 1.5911e-11 8.5018e-01 1.9267e+03 1.4581e+04 7.7980e+03 1.6593e+17 1.4165e+14 1.4165e+14 2.7941e-01 0.0000e+00 1.7594e+04 0.0000e+00
2.8800e+03 1.5850e-11 8.4980e-01 1.9259e+03 1.4576e+04 7.7980e+03 1.6728e+17 1.4230e+14 1.4230e+14 2.7846e-01 0.0000e+00 1.7646e+04 0.0000e+00
2.8900e+03 1.5789e-11 8.4943e-01 1.9252e+03 1.4570e+04 7.7980e+03 1.6865e+17 1.4295e+14 1.4295e+14 2.7751e-01 0.0000e+00 1.7699e+04 0.0000e+00
2.9000e+03 1.5728e-11 8.4906e-01 1.9244e+03 1.4565e+04 7.7980e+03 1.7003e+17 1.4360e+14 1.4360e+14 2.7657e-01 0.0000e+00 1.7751e+04 0.0000e+00
2.9100e+03 1.5668e-11 8.4868e-01 1.9237e+03 1.4559e+04 7.7980e+03 1.7142e+17 1.4426e+14 1.4426e+14 2.7562e-01 0.0000e+00 1.7804e+04 0.0000e+00
2.9200e+03 1.5608e-11 8.4831e-01 1.9230e+03 1.4554e+04 7.7980e+03 1.7282e+17 1.4492e+14 1.4492e+14 2.7469e-01 0.0000e+00 1.7856e+04 0.0000e+00
2.9300e+03 1.5548e-11 8.4793e-01 1.9222e+03 1.4548e+04 7.7980e+03 1.7423e+17 1.4559e+14 1.4559e+14 2.7375e-01 0.0000e+00 1.7909e+04 0.0000e+00
2.9400e+03 1.5488e-11 8.4755e-01 1.9215e+03 1.4543e+04 7.7980e+03 1.7565e+17 1.4625e+14 1.4625e+14 2.7282e-01 0.0000e+00 1.7962e+04 0.0000e+00
2.9500e+03 1.5429e-11 8.4718e-01 1.9208e+03 1.4537e+04 7.7980e+03 1.7709e+17 1.4692e+14 1.4692e+14 2.7190e-01 0.0000e+00 1.8015e+04 0.0000e+00
2.9600e+03 1.5369e-11 8.4680e-01 1.9200e+03 1.4531e+04 7.7980e+03 1.7854e+17 1.4760e+14 1.4760e+14 2.7097e-01 0.0000e+00 1.8069e+04 0.0000e+00
2.9700e+03 1.5310e-11 8.4642e-01 1.9193e+03 1.4526e+04 7.7980e+03 1.8000e+17 1.4827e+14 1.4827e+14 2.7005e-01 0.0000e+00 1.8122e+04 0.0000e+00
2.9800e+03 1.5252e-11 8.4604e-01 1.9186e+03 1.4520e+04 7.7980e+03 1.8147e+17 1.4895e+14 1.4895e+14 2.6914e-01 0.0000e+00 1.8176e+04 0.0000e+00
2.9900e+03 1.5193e-11 8.4566e-01 1.9179e+03 1.4515e+04 7.7980e+03 1.8296e+17 1.4963e+14 1.4963e+14 2.6823e-01 0.0000e+00 1.8229e+04 0.0000e+00
3.0000e+03 1.5135e-11 8.4528e-01 1.9171e+03 1.4509e+04 7.7980e+03 1.8446e+17 1.5031e+14 1.5031e+14 2.6732e-01 0.0000e+00 1.8283e+04 0.0000e+00
3.0100e+03 1.5076e-11 8.4490e-01 1.9164e+03 1.4504e+04 7.7980e+03 1.8597e+17 1.5100e+14 1.5100e+14 2.6641e-01 0.0000e+00 1.8337e+04 0.0000e+00
3.0200e+03 1.5019e-11 8.4452e-01 1.9157e+03 1.4498e+04 7.7980e+03 1.8749e+17 1.5169e+14 1.5169e+14 2.6551e-01 0.0000e+00 1.8391e+04 0.0000e+00
3.0300e+03 1.4961e-11 8.4413e-01 1.9149e+03 1.4493e+04 7.7980e+03 1.8902e+17 1.5239e+14 1.5239e+14 2.6461e-01 0.0000e+00 1.8446e+04 0.0000e+00
3.0400e+03 1.4903e-11 8.4375e-01 1.9142e+03 1.4487e+04 7.7980e+03 1.9057e+17 1.5308e+14 1.5308e+14 2.6371e-01 0.0000e+00 1.8500e+04 0.0000e+00
3.0500e+03 1.4846e-11 8.4337e-01 1.9135e+03 1.4482e+04 7.7980e+03 1.9213e+17 1.5378e+14 1.5378e+14 2.6282e-01 0.0000e+00 1.8555e+04 0.0000e+00
3.0600e+03 1.4789e-11 8.4298e-01 1.9128e+03 1.4476e+04 7.7980e+03 1.9371e+17 1.5448e+14 1.5448e+14 2.6193e-01 0.0000e+00 1.8609e+04 0.0000e+00
3.0700e+03 1.4732e-11 8.4260e-01 1.9120e+03 1.4471e+04 7.7980e+03 1.9530e+17 1.5519e+14 1.5519e+14 2.6104e-01 0.0000e+00 1.8664e+04 0.0000e+00
3.0800e+03 1.4676e-11 8.4221e-01 1.9113e+03 1.4465e+04 7.7980e+03 1.9690e+17 1.5590e+14 1.5590e+14 2.6016e-01 0.0000e+00 1.8719e+04 0.0000e+00
3.0900e+03 1.4620e-11 8.4182e-01 1.9106e+03 1.4460e+04 7.7980e+03 1.9851e+17 1.5661e+14 1.5661e+14 2.5928e-01 0.0000e+00 1.8774e+04 0.0000e+00
3.1000e+03 1.4563e-11 8.4144e-01 1.9099e+03 1.4454e+04 7.7980e+03 2.0014e+17 1.5733e+14 1.5733e+14 2.5840e-01 0.0000e+00 1.8830e+04 0.0000e+00
3.1100e+03 1.4507e-11 8.4105e-01 1.9092e+03 1.4449e+04 7.7980e+03 2.0179e+17 1.5804e+14 1.5804e+14 2.5753e-01 0.0000e+00 1.8885e+04 0.0000e+00
3.1200e+03 1.4452e-11 8.4066e-01 1.9084e+03 1.4444e+04 7.7980e+03 2.0344e+17 1.5877e+14 1.5877e+14 2.5666e-01 0.0000e+00 1.8941e+04 0.0000e+00
3.1300e+03 1.4396e-11 8.4027e-01 1.9077e+03 1.4438e+04 7.7980e+03 2.0511e+17 1.5949e+14 1.5949e+14 2.5579e-01 0.0000e+00 1.8997e+04 0.0000e+00
3.1400e+03 1.4341e-11 8.3988e-01 1.9070e+03 1.4433e+04 7.7980e+03 2.0680e+17 1.6022e+14 1.6022e+14 2.5493e-01 0.0000e+00 1.9052e+04 0.0000e+00
3.1500e+03 1.4286e-11 8.3949e-01 1.9063e+03 1.4427e+04 7.7980e+03 2.0849e+17 1.6095e+14 1.6095e+14 2.5407e-01 0.0000e+00 1.9109e+04 0.0000e+00
3.1600e+03 1.4231e-11 8.3910e-01 1.9056e+03 1.4422e+04 7.7980e+03 2.1021e+17 1.6168e+14 1.6168e+14 2.5321e-01 0.0000e+00 1.9165e+04 0.0000e+00
3.1700e+03 1.4176e-11 8.3871e-01 1.9048e+03 1.4416e+04 7.7980e+03 2.1193e+17 1.6242e+14 1.6242e+14 2.5235e-01 0.0000e+00 1.9221e+04 0.0000e+00
3.1800e+03 1.4122e-11 8.3831e-01 1.9041e+03 1.4411e+04 7.7980e+03 2.1368e+17 1.6316e+14 1.6316e+14 2.5150e-01 0.0000e+00 1.9278e+04 0.0000e+00
3.1900e+03 1.4068e-11 8.3792e-01 1.9034e+03 1.4406e+04 7.7980e+03 2.1543e+17 1.6390e+14 1.6390e+14 2.5065e-01 0.0000e+00 1.9334e+04 0.0000e+00
3.2000e+03 1.4014e-11 8.3753e-01 1.9027e+03 1.4400e+04 7.7980e+03 2.1720e+17 1.6465e+14 1.6465e+14 2.4981e-01 0.0000e+00 1.9391e+04 0.0000e+00
3.2100e+03 1.3960e-11 8.3713e-01 1.9020e+03 1.4395e+04 7.7980e+03 2.1899e+17 1.6540e+14 1.6540e+14 2.4897e-01 0.0000e+00 1.9448e+04 0.0000e+00
3.2200e+03 1.3906e-11 8.3674e-01 1.9013e+03 1.4389e+04 7.7980e+03 2.2079e+17 1.6615e+14 1.6615e+14 2.4813e-01 0.0000e+00 1.9505e+04 0.0000e+00
3.2300e+03 1.3853e-11 8.3634e-01 1.9006e+03 1.4384e+04 7.7980e+03 2.2261e+17 1.6691e+14 1.6691e+14 2.4729e-01 0.0000e+00 1.9562e+04 0.0000e+00
3.2400e+03 1.3800e-11 8.3594e-01 1.8998e+03 1.4379e+04 7.7980e+03 2.2444e+17 1.6767e+14 1.6767e+14 2.4646e-01 0.0000e+00 1.9620e+04 0.0000e+00
3.2500e+03 1.3747e-11 8.3554e-01 1.8991e+03 1.4373e+04 7.7980e+03 2.2629e+17 1.6843e+14 1.6843e+14 2.4563e-01 0.0000e+00 1.9677e+04 0.0000e+00
3.2600e+03 1.3694e-11 8.3515e-01 1.8984e+03 1.4368e+04 7.7980e+03 2.2815e+17 1.6920e+14 1.6920e+14 2.4480e-01 0.0000e+00 1.9735e+04 0.0000e+00
3.2700e+03 1.3641e-11 8.3475e-01 1.8977e+03 1.4362e+04 7.7980e+03 2.3003e+17 1.6997e+14 1.6997e+14 2.4398e-01 0.0000e+00 1.9793e+04 0.0000e+00
3.2800e+03 1.3589e-11 8.3435e-01 1.8970e+03 1.4357e+04 7.7980e+03 2.3192e+17 1.7074e+14 1.7074e+14 2.4316e-01 0.0000e+00 1.9851e+04 0.0000e+00
3.2900e+03 1.3537e-11 8.3395e-01 1.8963e+03 1.4352e+04 7.7980e+03 2.3384e+17 1.7152e+14 1.7152e+14 2.4234e-01 0.0000e+00 1.9909e+04 0.0000e+00
3.3000e+03 1.3485e-11 8.3355e-01 1.8956e+03 1.4346e+04 7.7980e+03 2.3576e+17 1.7230e+14 1.7230e+14 2.4153e-01 0.0000e+00 1.9968e+04 0.0000e+00
3.3100e+03 1.3433e-11 8.3314e-01 1.8949e+03 1.4341e+04 7.7980e+03 2.3771e+17 1.7308e+14 1.7308e+14 2.4072e-01 0.0000e+00 2.0026e+04 0.0000e+00
3.3200e+03 1.3381e-11 8.3274e-01 1.8942e+03 1.4336e+04 7.7980e+03 2.3967e+17 1.7387e+14 1.7387e+14 2.3991e-01 0.0000e+00 2.0085e+04 0.0000e+00
3.3300e+03 1.3330e-11 8.3234e-01 1.8935e+03 1.4330e+04 7.7980e+03 2.4164e+17 1.7466e+14 1.7466e+14 2.3910e-01 0.0000e+00 2.0144e+04 0.0000e+00
3.3400e+03 1.3279e-11 8.3194e-01 1.8928e+03 1.4325e+04 7.7980e+03 2.4363e+17 1.7545e+14 1.7545e+14 2.3830e-01 0.0000e+00 2.0202e+04 0.0000e+00
3.3500e+03 1.3228e-11 8.3153e-01 1.8920e+03 1.4320e+04 7.7980e+03 2.4564e+17 1.7625e+14 1.7625e+14 2.3750e-01 0.0000e+00 2.0262e+04 0.0000e+00
3.3600e+03 1.3177e-11 8.3113e-01 1.8913e+03 1.4314e+04 7.7980e+03 2.4767e+17 1.7705e+14 1.7705e+14 2.3670e-01 0.0000e+00 2.0321e+04 0.0000e+00
3.3700e+03 1.3126e-11 8.3072e-01 1.8906e+03 1.4309e+04 7.7980e+03 2.4971e+17 1.7785e+14 1.7785e+14 2.3591e-01 0.0000e+00 2.0380e+04 0.0000e+00
3.3800e+03 1.3076e-11 8.3031e-01 1.8899e+03 1.4304e+04 7.7980e+03 2.5178e+17 1.7866e+14 1.7866e+14 2.3512e-01 0.0000e+00 2.0440e+04 0.0000e+00
3.3900e+03 1.3026e-11 8.2991e-01 1.8892e+03 1.4298e+04 7.7980e+03 2.5386e+17 1.7947e+14 1.7947e+14 2.3433e-01 0.0000e+00 2.0500e+04 0.0000e+00
3.4000e+03 1.2976e-11 8.2950e-01 1.8885e+03 1.4293e+04 7.7980e+03 2.5595e+17 1.8029e+14 1.8029e+14 2.3355e-01 0.0000e+00 2.0559e+04 0.0000e+00
3.4100e+03 1.2926e-11 8.2909e-01 1.8878e+03 1.4288e+04 7.7980e+03 2.5807e+17 1.8111e+14 1.8111e+14 2.3276e-01 0.0000e+00 2.0620e+04 0.0000e+00
3.4200e+03 1.2876e-11 8.2868e-01 1.8871e+03 1.4282e+04 7.7980e+03 2.6020e+17 1.8193e+14 1.8193e+14 2.3199e-01 0.0000e+00 2.0680e+04 0.0000e+00
3.4300e+03 1.2827e-11 8.2827e-01 1.8864e+03 1.4277e+04 7.7980e+03 2.6235e+17 1.8275e+14 1.8275e+14 2.3121e-01 0.0000e+00 2.0740e+04 0.0000e+00
3.4400e+03 1.2778e-11 8.2786e-01 1.8857e+03 1.4272e+04 7.7980e+03 2.6452e+17 1.8358e+14 1.8358e+14 2.3044e-01 0.0000e+00 2.0801e+04 0.0000e+00
3.4500e+03 1.2729e-11 8.2745e-01 1.8850e+03 1.4266e+04 7.7980e+03 2.6670e+17 1.8441e+14 1.8441e+14 2.2966e-01 0.0000e+00 2.0861e+04 0.0000e+00
3.4600e+03 1.2680e-11 8.2703e-01 1.8843e+03 1.4261e+04 7.7980e+03 2.6891e+17 1.8525e+14 1.8525e+14 2.2890e-01 0.0000e+00 2.0922e+04 0.0000e+00
3.4700e+03 1.2631e-11 8.2662e-01 1.8836e+03 1.4256e+04 7.7980e+03 2.7113e+17 1.8609e+14 1.8609e+14 2.2813e-01 0.0000e+00 2.0983e+04 0.0000e+00
3.4800e+03 1.2583e-11 8.2621e-01 1.8829e+03 1.4251e+04 7.7980e+03 2.7338e+17 1.8693e+14 1.8693e+14 2.2737e-01 0.0000e+00 2.1044e+04 0.0000e+00
3.4900e+03 1.2534e-11 8.2579e-01 1.8822e+03 1.4245e+04 7.7980e+03 2.7564e+17 1.8778e+14 1.8778e+14 2.2661e-01 0.0000e+00 2.1106e+04 0.0000e+00
3.5000e+03 1.2486e-11 8.2538e-01 1.8816e+03 1.4240e+04 7.7980e+03 2.7792e+17 1.8863e+14 1.8863e+14 2.2585e-01 0.0000e+00 2.1167e+04 0.0000e+00
3.5100e+03 1.2438e-11 8.2496e-01 1.8809e+03 1.4235e+04 7.7980e+03 2.8022e+17 1.8948e+14 1.8948e+14 2.2510e-01 0.0000e+00 2.1229e+04 0.0000e+00
3.5200e+03 1.2390e-11 8.2455e-01 1.8802e+03 1.4230e+04 7.7980e+03 2.8254e+17 1.9034e+14 1.9034e+14 2.2435e-01 0.0000e+00 2.1291e+04 0.0000e+00
3.5300e+03 1.2343e-11 8.2413e-01 1.8795e+03 1.4224e+04 7.7980e+03 2.8488e+17 1.9120e+14 1.9120e+14 2.2360e-01 0.0000e+00 2.1352e+04 0.0000e+00
3.5400e+03 1.2295e-11 8.2371e-01 1.8788e+03 1.4219e+04 7.7980e+03 2.8724e+17 1.9206e+14 1.9206e+14 2.2285e-01 0.0000e+00 2.1415e+04 0.0000e+00
3.5500e+03 1.2248e-11 8.2329e-01 1.8781e+03 1.4214e+04 7.7980e+03 2.8962e+17 1.9293e+14 1.9293e+14 2.2211e-01 0.0000e+00 2.1477e+04 0.0000e+00
3.5600e+03 1.2201e-11 8.2287e-01 1.8774e+03 1.4209e+04 7.7980e+03 2.9202e+17 1.9381e+14 1.9381e+14 2.2137e-01 0.0000e+00 2.1539e+04 0.0000e+00
3.5700e+03 1.2154e-11 8.2245e-01 1.8767e+03 1.4203e+04 7.7980e+03 2.9444e+17 1.9468e+14 1.9468e+14 2.2063e-01 0.0000e+00 2.1602e+04 0.0000e+00
3.5800e+03 1.2108e-11 8.2203e-01 1.8760e+03 1.4198e+04 7.7980e+03 2.9688e+17 1.9556e+14 1.9556e+14 2.1990e-01 0.0000e+00 2.1665e+04 0.0000e+00
3.5900e+03 1.2061e-11 8.2161e-01 1.8753e+03 1.4193e+04 7.7980e+03 2.9935e+17 1.9645e+14 1.9645e+14 2.1917e-01 0.0000e+00 2.1728e+04 0.0000e+00
3.6000e+03 1.2015e-11 8.2119e-01 1.8746e+03 1.4188e+04 7.7980e+03 3.0183e+17 1.9733e+14 1.9733e+14 2.1844e-01 0.0000e+00 2.1791e+04 0.0000e+00
3.6100e+03 1.1969e-11 8.2076e-01 1.8740e+03 1.4183e+04 7.7980e+03 3.0433e+17 1.9822e+14 1.9822e+14 2.1771e-01 0.0000e+00 2.1854e+04 0.0000e+00
3.6200e+03 1.1923e-11 8.2034e-01 1.8733e+03 1.4177e+04 7.7980e+03 3.0686e+17 1.9912e+14 1.9912e+14 2.1699e-01 0.0000e+00 2.1917e+04 0.0000e+00
3.6300e+03 1.1877e-11 8.1992e-01 1.8726e+03 1.4172e+04 7.7980e+03 3.0941e+17 2.0002e+14 2.0002e+14 2.1627e-01 0.0000e+00 2.1981e+04 0.0000e+00
3.6400e+03 1.1831e-11 8.1949e-01 1.8719e+03 1.4167e+04 7.7980e+03 3.1198e+17 2.0092e+14 2.0092e+14 2.1555e-01 0.0000e+00 2.2045e+04 0.0000e+00
3.6500e+03 1.1786e-11 8.1907e-01 1.8712e+03 1.4162e+04 7.7980e+03 3.1457e+17 2.0183e+14 2.0183e+14 2.1483e-01 0.0000e+00 2.2109e+04 0.0000e+00
3.6600e+03 1.1741e-11 8.1864e-01 1.8705e+03 1.4157e+04 7.7980e+03 3.1718e+17 2.0274e+14 2.0274e+14 2.1412e-01 0.0000e+00 2.2173e+04 0.0000e+00
3.6700e+03 1.1696e-11 8.1821e-01 1.8698e+03 1.4152e+04 7.7980e+03 3.1981e+17 2.0365e+14 2.0365e+14 2.1341e-01 0.0000e+00 2.2237e+04 0.0000e+00
3.6800e+03 1.1651e-11 8.1778e-01 1.8692e+03 1.4146e+04 7.7980e+03 3.2247e+17 2.0457e+14 2.0457e+14 2.1270e-01 0.0000e+00 2.2301e+04 0.0000e+00
3.6900e+03 1.1606e-11 8.1735e-01 1.8685e+03 1.4141e+04 7.7980e+03 3.2515e+17 2.0549e+14 2.0549e+14 2.1199e-01 0.0000e+00 2.2366e+04 0.0000e+00
3.7000e+03 1.1561e-11 8.1692e-01 1.8678e+03 1.4136e+04 7.7980e+03 3.2786e+17 2.0642e+14 2.0642e+14 2.1129e-01 0.0000e+00 2.2431e+04 0.0000e+00
3.7100e+03 1.1517e-11 8.1649e-01 1.8671e+03 1.4131e+04 7.7980e+03 3.3058e+17 2.0735e+14 2.0735e+14 2.1059e-01 0.0000e+00 2.2496e+04 0.0000e+00
3.7200e+03 1.1473e-11 8.1606e-01 1.8664e+03 1.4126e+04 7.7980e+03 3.3333e+17 2.0828e+14 2.0828e+14 2.0989e-01 0.0000e+00 2.2561e+04 0.0000e+00
3.7300e+03 1.1429e-11 8.1563e-01 1.8658e+03 1.4121e+04 7.7980e+03 3.3610e+17 2.0922e+14 2.0922e+14 2.0920e-01 0.0000e+00 2.2626e+04 0.0000e+00
3.7400e+03 1.1385e-11 8.1520e-01 1.8651e+03 1.4115e+04 7.7980e+03 3.3890e+17 2.1016e+14 2.1016e+14 2.0850e-01 0.0000e+00 2.2691e+04 0.0000e+00
3.7500e+03 1.1341e-11 8.1477e-01 1.8644e+03 1.4110e+04 7.7980e+03 3.4172e+17 2.1111e+14 2.1111e+14 2.0781e-01 0.0000e+00 2.2757e+04 0.0000e+00
3.7600e+03 1.1298e-11 8.1433e-01 1.8637e+03 1.4105e+04 7.7980e+03 3.4457e+17 2.1206e+14 2.1206e+14 2.0713e-01 0.0000e+00 2.2823e+04 0.0000e+00
3.7700e+03 1.1254e-11 8.1390e-01 1.8630e+03 1.4100e+04 7.7980e+03 3.4744e+17 2.1301e+14 2.1301e+14 2.0644e-01 0.0000e+00 2.2889e+04 0.0000e+00
3.7800e+03 1.1211e-11 8.1346e-01 1.8624e+03 1.4095e+04 7.7980e+03 3.5033e+17 2.1397e+14 2.1397e+14 2.0576e-01 0.0000e+00 2.2955e+04 0.0000e+00
3.7900e+03 1.1168e-11 8.1303e-01 1.8617e+03 1.4090e+04 7.7980e+03 3.5325e+17 2.1493e+14 2.1493e+14 2.0508e-01 0.0000e+00 2.3021e+04 0.0000e+00
3.8000e+03 1.1125e-11 8.1259e-01 1.8610e+03 1.4085e+04 7.7980e+03 3.5619e+17 2.1590e+14 2.1590e+14 2.0440e-01 0.0000e+00 2.3087e+04 0.0000e+00
3.8100e+03 1.1082e-11 8.1215e-01 1.8603e+03 1.4080e+04 7.7980e+03 3.5916e+17 2.1687e+14 2.1687e+14 2.0372e-01 0.0000e+00 2.3154e+04 0.0000e+00
3.8200e+03 1.1040e-11 8.1171e-01 1.8597e+03 1.4075e+04 7.7980e+03 3.6216e+17 2.1784e+14 2.1784e+14 2.0305e-01 0.0000e+00 2.3221e+04 0.0000e+00
3.8300e+03 1.0997e-11 8.1127e-01 1.8590e+03 1.4069e+04 7.7980e+03 3.6518e+17 2.1882e+14 2.1882e+14 2.0238e-01 0.0000e+00 2.3288e+04 0.0000e+00
3.8400e+03 1.0955e-11 8.1084e-01 1.8583e+03 1.4064e+04 7.7980e+03 3.6822e+17 2.1980e+14 2.1980e+14 2.0171e-01 0.0000e+00 2.3355e+04 0.0000e+00
3.8500e+03 1.0913e-11 8.1039e-01 1.8577e+03 1.4059e+04 7.7980e+03 3.7129e+17 2.2079e+14 2.2079e+14 2.0105e-01 0.0000e+00 2.3422e+04 0.0000e+00
3.8600e+03 1.0871e-11 8.0995e-01 1.8570e+03 1.4054e+04 7.7980e+03 3.7439e+17 2.2178e+14 2.2178e+14 2.0039e-01 0.0000e+00 2.3489e+04 0.0000e+00
3.8700e+03 1.0829e-11 8.0951e-01 1.8563e+03 1.4049e+04 7.7980e+03 3.7752e+17 2.2278e+14 2.2278e+14 1.9973e-01 0.0000e+00 2.3557e+04 0.0000e+00
3.8800e+03 1.0788e-11 8.0907e-01 1.8556e+03 1.4044e+04 7.7980e+03 3.8067e+17 2.2378e+14 2.2378e+14 1.9907e-01 0.0000e+00 2.3625e+04 0.0000e+00
3.8900e+03 1.0746e-11 8.0863e-01 1.8550e+03 1.4039e+04 7.7980e+03 3.8385e+17 2.2478e+14 2.2478e+14 1.9841e-01 0.0000e+00 2.3693e+04 0.0000e+00
3.9000e+03 1.0705e-11 8.0818e-01 1.8543e+03 1.4034e+04 7.7980e+03 3.8705e+17 2.2579e+14 2.2579e+14 1.9776e-01 0.0000e+00 2.3761e+04 0.0000e+00
3.9100e+03 1.0664e-11 8.0774e-01 1.8536e+03 1.4029e+04 7.7980e+03 3.9029e+17 2.2680e+14 2.2680e+14 1.9711e-01 0.0000e+00 2.3829e+04 0.0000e+00
3.9200e+03 1.0623e-11 8.0729e-01 1.8530e+03 1.4024e+04 7.7980e+03 3.9355e+17 2.2782e+14 2.2782e+14 1.9646e-01 0.0000e+00 2.3898e+04 0.0000e+00
3.9300e+03 1.0582e-11 8.0685e-01 1.8523e+03 1.4019e+04 7.7980e+03 3.9684e+17 2.2884e+14 2.2884e+14 1.9581e-01 0.0000e+00 2.3966e+04 0.0000e+00
3.9400e+03 1.0542e-11 8.0640e-01 1.8516e+03 1.4014e+04 7.7980e+03 4.0015e+17 2.2986e+14 2.2986e+14 1.9517e-01 0.0000e+00 2.4035e+04 0.0000e+00
3.9500e+03 1.0501e-11 8.0595e-01 1.8510e+03 1.4009e+04 7.7980e+03 4.0350e+17 2.3089e+14 2.3089e+14 1.9453e-01 0.0000e+00 2.4104e+04 0.0000e+00
3.9600e+03 1.0461e-11 8.0550e-01 1.8503e+03 1.4004e+04 7.7980e+03 4.0688e+17 2.3193e+14 2.3193e+14 1.9389e-01 0.0000e+00 2.4173e+04 0.0000e+00
3.9700e+03 1.0421e-11 8.0505e-01 1.8496e+03 1.3999e+04 7.7980e+03 4.1028e+17 2.3296e+14 2.3296e+14 1.9325e-01 0.0000e+00 2.4243e+04 0.0000e+00
3.9800e+03 1.0381e-11 8.0460e-01 1.8490e+03 1.3994e+04 7.7980e+03 4.1371e+17 2.3401e+14 2.3401e+14 1.9262e-01 0.0000e+00 2.4312e+04 0.0000e+00
3.9900e+03 1.0341e-11 8.0415e-01 1.8483e+03 1.3989e+04 7.7980e+03 4.1718e+17 2.3505e+14 2.3505e+14 1.9198e-01 0.0000e+00 2.4382e+04 0.0000e+00
4.0000e+03 1.0301e-11 8.0370e-01 1.8477e+03 1.3984e+04 7.7980e+03 4.2067e+17 2.3610e+14 2.3610e+14 1.9136e-01 0.0000e+00 2.4452e+04 0.0000e+00
4.0100e+03 1.0261e-11 8.0325e-01 1.8470e+03 1.3979e+04 7.7980e+03 4.2419e+17 2.3716e+14 2.3716e+14 1.9073e-01 0.0000e+00 2.4522e+04 0.0000e+00
4.0200e+03 1.0222e-11 8.0280e-01 1.8463e+03 1.3974e+04 7.7980e+03 4.2774e+17 2.3822e+14 2.3822e+14 1.9010e-01 0.0000e+00 2.4592e+04 0.0000e+00
4.0300e+03 1.0183e-11 8.0234e-01 1.8457e+03 1.3969e+04 7.7980e+03 4.3133e+17 2.3928e+14 2.3928e+14 1.8948e-01 0.0000e+00 2.4662e+04 0.0000e+00
4.0400e+03 1.0144e-11 8.0189e-01 1.8450e+03 1.3964e+04 7.7980e+03 4.3494e+17 2.4035e+14 2.4035e+14 1.8886e-01 0.0000e+00 2.4733e+04 0.0000e+00
4.0500e+03 1.0105e-11 8.0143e-01 1.8444e+03 1.3959e+04 7.7980e+03 4.3859e+17 2.4143e+14 2.4143e+14 1.8824e-01 0.0000e+00 2.4804e+04 0.0000e+00
4.0600e+03 1.0066e-11 8.0098e-01 1.8437e+03 1.3954e+04 7.7980e+03 4.4226e+17 2.4250e+14 2.4250e+14 1.8762e-01 0.0000e+00 2.4875e+04 0.0000e+00
4.0700e+03 1.0027e-11 8.0052e-01 1.8430e+03 1.3949e+04 7.7980e+03 4.4597e+17 2.4359e+14 2.4359e+14 1.8701e-01 0.0000e+00 2.4946e+04 0.0000e+00
4.0800e+03 9.9888e-12 8.0006e-01 1.8424e+03 1.3944e+04 7.7980e+03 4.4971e+17 2.4467e+14 2.4467e+14 1.8640e-01 0.0000e+00 2.5017e+04 0.0000e+00
4.0900e+03 9.9504e-12 7.9961e-01 1.8417e+03 1.3939e+04 7.7980e+03 4.5349e+17 2.4577e+14 2.4577e+14 1.8579e-01 0.0000e+00 2.5089e+04 0.0000e+00
4.1000e+03 9.9122e-12 7.9915e-01 1.8411e+03 1.3934e+04 7.7980e+03 4.5729e+17 2.4686e+14 2.4686e+14 1.8518e-01 0.0000e+00 2.5160e+04 0.0000e+00
4.1100e+03 9.8742e-12 7.9869e-01 1.8404e+03 1.3929e+04 7.7980e+03 4.6113e+17 2.4796e+14 2.4796e+14 1.8458e-01 0.0000e+00 2.5232e+04 0.0000e+00
4.1200e+03 9.8363e-12 7.9823e-01 1.8398e+03 1.3924e+04 7.7980e+03 4.6500e+17 2.4907e+14 2.4907e+14 1.8397e-01 0.0000e+00 2.5304e+04 0.0000e+00
4.1300e+03 9.7985e-12 7.9777e-01 1.8391e+03 1.3919e+04 7.7980e+03 4.6891e+17 2.5018e+14 2.5018e+14 1.8337e-01 0.0000e+00 2.5376e+04 0.0000e+00
4.1400e+03 9.7609e-12 7.9731e-01 1.8385e+03 1.3914e+04 7.7980e+03 4.7284e+17 2.5129e+14 2.5129e+14 1.8278e-01 0.0000e+00 2.5449e+04 0.0000e+00
4.1500e+03 9.7234e-12 7.9684e-01 1.8378e+03 1.3909e+04 7.7980e+03 4.7682e+17 2.5241e+14 2.5241e+14 1.8218e-01 0.0000e+00 2.5521e+04 0.0000e+00
4.1600e+03 9.6860e-12 7.9638e-01 1.8372e+03 1.3904e+04 7.7980e+03 4.8082e+17 2.5353e+14 2.5353e+14 1.8158e-01 0.0000e+00 2.5594e+04 0.0000e+00
4.1700e+03 9.6488e-12 7.9592e-01 1.8365e+03 1.3899e+04 7.7980e+03 4.8487e+17 2.5466e+14 2.5466e+14 1.8099e-01 0.0000e+00 2.5667e+04 0.0000e+00
4.1800e+03 9.6118e-12 7.9545e-01 1.8359e+03 1.3894e+04 7.7980e+03 4.8894e+17 2.5580e+14 2.5580e+14 1.8040e-01 0.0000e+00 2.5740e+04 0.0000e+00
4.1900e+03 9.5749e-12 7.9499e-01 1.8352e+03 1.3889e+04 7.7980e+03 4.9305e+17 2.5693e+14 2.5693e+14 1.7982e-01 0.0000e+00 2.5813e+04 0.0000e+00
4.2000e+03 9.5381e-12 7.9452e-01 1.8346e+03 1.3884e+04 7.7980e+03 4.9720e+17 2.5808e+14 2.5808e+14 1.7923e-01 0.0000e+00 2.5887e+04 0.0000e+00
4.2100e+03 9.5015e-12 7.9405e-01 1.8339e+03 1.3880e+04 7.7980e+03 5.0139e+17 2.5922e+14 2.5922e+14 1.7865e-01 0.0000e+00 2.5960e+04 0.0000e+00
4.2200e+03 9.4650e-12 7.9359e-01 1.8333e+03 1.3875e+04 7.7980e+03 5.0561e+17 2.6038e+14 2.6038e+14 1.7807e-01 0.0000e+00 2.6034e+04 0.0000e+00
4.2300e+03 9.4287e-12 7.9312e-01 1.8326e+03 1.3870e+04 7.7980e+03 5.0986e+17 2.6153e+14 2.6153e+14 1.7749e-01 0.0000e+00 2.6108e+04 0.0000e+00
4.2400e+03 9.3925e-12 7.9265e-01 1.8320e+03 1.3865e+04 7.7980e+03 5.1415e+17 2.6270e+14 2.6270e+14 1.7691e-01 0.0000e+00 2.6182e+04 0.0000e+00
4.2500e+03 9.3564e-12 7.9218e-01 1.8313e+03 1.3860e+04 7.7980e+03 5.1848e+17 2.6386e+14 2.6386e+14 1.7633e-01 0.0000e+00 2.6257e+04 0.0000e+00
4.2600e+03 9.3205e-12 7.9171e-01 1.8307e+03 1.3855e+04 7.7980e+03 5.2285e+17 2.6503e+14 2.6503e+14 1.7576e-01 0.0000e+00 2.6331e+04 0.0000e+00
4.2700e+03 9.2847e-12 7.9124e-01 1.8300e+03 1.3850e+04 7.7980e+03 5.2726e+17 2.6621e+14 2.6621e+14 1.7519e-01 0.0000e+00 2.6406e+04 0.0000e+00
4.2800e+03 9.2490e-12 7.9077e-01 1.8294e+03 1.3845e+04 7.7980e+03 5.3170e+17 2.6739e+14 2.6739e+14 1.7462e-01 0.0000e+00 2.6481e+04 0.0000e+00
4.2900e+03 9.2135e-12 7.9030e-01 1.8287e+03 1.3840e+04 7.7980e+03 5.3618e+17 2.6858e+14 2.6858e+14 1.7406e-01 0.0000e+00 2.6556e+04 0.0000e+00
4.3000e+03 9.1781e-12 7.8982e-01 1.8281e+03 1.3836e+04 7.7980e+03 5.4071e+17 2.6977e+14 2.6977e+14 1.7349e-01 0.0000e+00 2.6631e+04 0.0000e+00
4.3100e+03 9.1429e-12 7.8935e-01 1.8275e+03 1.3831e+04 7.7980e+03 5.4527e+17 2.7096e+14 2.7096e+14 1.7293e-01 0.0000e+00 2.6707e+04 0.0000e+00
4.3200e+03 9.1078e-12 7.8887e-01 1.8268e+03 1.3826e+04 7.7980e+03 5.4987e+17 2.7217e+14 2.7217e+14 1.7237e-01 0.0000e+00 2.6782e+04 0.0000e+00
4.3300e+03 9.0728e-12 7.8840e-01 1.8262e+03 1.3821e+04 7.7980e+03 5.5451e+17 2.7337e+14 2.7337e+14 1.7181e-01 0.0000e+00 2.6858e+04 0.0000e+00
4.3400e+03 9.0380e-12 7.8792e-01 1.8255e+03 1.3816e+04 7.7980e+03 5.5919e+17 2.7458e+14 2.7458e+14 1.7125e-01 0.0000e+00 2.6934e+04 0.0000e+00
4.3500e+03 9.0032e-12 7.8745e-01 1.8249e+03 1.3811e+04 7.7980e+03 5.6391e+17 2.7580e+14 2.7580e+14 1.7070e-01 0.0000e+00 2.7011e+04 0.0000e+00
4.3600e+03 8.9687e-12 7.8697e-01 1.8243e+03 1.3807e+04 7.7980e+03 5.6867e+17 2.7702e+14 2.7702e+14 1.7015e-01 0.0000e+00 2.7087e+04 0.0000e+00
4.3700e+03 8.9342e-12 7.8649e-01 1.8236e+03 1.3802e+04 7.7980e+03 5.7347e+17 2.7825e+14 2.7825e+14 1.6960e-01 0.0000e+00 2.7164e+04 0.0000e+00
4.3800e+03 8.8999e-12 7.8601e-01 1.8230e+03 1.3797e+04 7.7980e+03 5.7832e+17 2.7948e+14 2.7948e+14 1.6905e-01 0.0000e+00 2.7240e+04 0.0000e+00
4.3900e+03 8.8658e-12 7.8553e-01 1.8223e+03 1.3792e+04 7.7980e+03 5.8321e+17 2.8071e+14 2.8071e+14 1.6850e-01 0.0000e+00 2.7317e+04 0.0000e+00
4.4000e+03 8.8317e-12 7.8505e-01 1.8217e+03 1.3787e+04 7.7980e+03 5.8814e+17 2.8195e+14 2.8195e+14 1.6796e-01 0.0000e+00 2.7395e+04 0.0000e+00
4.4100e+03 8.7978e-12 7.8457e-01 1.8211e+03 1.3782e+04 7.7980e+03 5.9311e+17 2.8320e+14 2.8320e+14 1.6742e-01 0.0000e+00 2.7472e+04 0.0000e+00
4.4200e+03 8.7640e-12 7.8409e-01 1.8204e+03 1.3778e+04 7.7980e+03 5.9813e+17 2.8445e+14 2.8445e+14 1.6688e-01 0.0000e+00 2.7549e+04 0.0000e+00
4.4300e+03 8.7304e-12 7.8361e-01 1.8198e+03 1.3773e+04 7.7980e+03 6.0319e+17 2.8571e+14 2.8571e+14 1.6634e-01 0.0000e+00 2.7627e+04 0.0000e+00
4.4400e+03 8.6968e-12 7.8312e-01 1.8192e+03 1.3768e+04 7.7980e+03 6.0829e+17 2.8697e+14 2.8697e+14 1.6580e-01 0.0000e+00 2.7705e+04 0.0000e+00
4.4500e+03 8.6634e-12 7.8264e-01 1.8185e+03 1.3763e+04 7.7980e+03 6.1344e+17 2.8824e+14 2.8824e+14 1.6527e-01 0.0000e+00 2.7783e+04 0.0000e+00
4.4600e+03 8.6302e-12 7.8215e-01 1.8179e+03 1.3758e+04 7.7980e+03 6.1863e+17 2.8951e+14 2.8951e+14 1.6473e-01 0.0000e+00 2.7862e+04 0.0000e+00
4.4700e+03 8.5970e-12 7.8167e-01 1.8173e+03 1.3754e+04 7.7980e+03 6.2387e+17 2.9079e+14 2.9079e+14 1.6420e-01 0.0000e+00 2.7940e+04 0.0000e+00
4.4800e+03 8.5640e-12 7.8118e-01 1.8166e+03 1.3749e+04 7.7980e+03 6.2915e+17 2.9207e+14 2.9207e+14 1.6367e-01 0.0000e+00 2.8019e+04 0.0000e+00
4.4900e+03 8.5311e-12 7.8069e-01 1.8160e+03 1.3744e+04 7.7980e+03 6.3448e+17 2.9336e+14 2.9336e+14 1.6315e-01 0.0000e+00 2.8098e+04 0.0000e+00
4.5000e+03 8.4984e-12 7.8021e-01 1.8154e+03 1.3739e+04 7.7980e+03 6.3986e+17 2.9465e+14 2.9465e+14 1.6262e-01 0.0000e+00 2.8177e+04 0.0000e+00
4.5100e+03 8.4657e-12 7.7972e-01 1.8148e+03 1.3735e+04 7.7980e+03 6.4529e+17 2.9595e+14 2.9595e+14 1.6210e-01 0.0000e+00 2.8256e+04 0.0000e+00
4.5200e+03 8.4332e-12 7.7923e-01 1.8141e+03 1.3730e+04 7.7980e+03 6.5076e+17 2.9725e+14 2.9725e+14 1.6158e-01 0.0000e+00 2.8335e+04 0.0000e+00
4.5300e+03 8.4008e-12 7.7874e-01 1.8135e+03 1.3725e+04 7.7980e+03 6.5628e+17 2.9856e+14 2.9856e+14 1.6106e-01 0.0000e+00 2.8415e+04 0.0000e+00
4.5400e+03 8.3686e-12 7.7825e-01 1.8129e+03 1.3720e+04 7.7980e+03 6.6184e+17 2.9988e+14 2.9988e+14 1.6054e-01 0.0000e+00 2.8495e+04 0.0000e+00
4.5500e+03 0.0000e+00 0.0000e+00 1.8122e+03 0.0000e+00 7.7980e+03 0.0000e+00 0.0000e+00 0.0000e+00 0.0000e+00 0.0000e+00 0.0000e+00 0.0000e+00
