0.0000e+00 2.4000e-11 1.2907e+01 1.7000e+03 2.5854e+03 4.4000e+03 1.9348e+20 2.2409e+20 2.2409e+20 1.0670e-02 0.0000e+00 3.9699e+05 0.0000e+00
1.0000e+01 2.3908e-11 1.2437e+01 1.7058e+03 2.5942e+03 4.4000e+03 9.9767e+20 2.0816e+20 2.0816e+20 1.1031e-02 0.0000e+00 3.8559e+05 0.0000e+00
2.0000e+01 2.3816e-11 1.1989e+01 1.7116e+03 2.6030e+03 4.4000e+03 8.7245e+20 1.9356e+20 1.9356e+20 1.1399e-02 0.0000e+00 3.7467e+05 0.0000e+00
3.0000e+01 2.3725e-11 1.1562e+01 1.7173e+03 2.6117e+03 4.4000e+03 7.6582e+20 1.8016e+20 1.8016e+20 1.1774e-02 0.0000e+00 3.6418e+05 0.0000e+00
4.0000e+01 2.3633e-11 1.1155e+01 1.7230e+03 2.6204e+03 4.4000e+03 6.7464e+20 1.6785e+20 1.6785e+20 1.2157e-02 0.0000e+00 3.5413e+05 0.0000e+00
5.0000e+01 2.3543e-11 1.0767e+01 1.7287e+03 2.6290e+03 4.4000e+03 5.9637e+20 1.5654e+20 1.5654e+20 1.2547e-02 0.0000e+00 3.4447e+05 0.0000e+00
6.0000e+01 2.3452e-11 1.0397e+01 1.7343e+03 2.6375e+03 4.4000e+03 5.2892e+20 1.4613e+20 1.4613e+20 1.2944e-02 0.0000e+00 3.3521e+05 0.0000e+00
7.0000e+01 2.3362e-11 1.0043e+01 1.7399e+03 2.6460e+03 4.4000e+03 4.7060e+20 1.3655e+20 1.3655e+20 1.3348e-02 0.0000e+00 3.2631e+05 0.0000e+00
8.0000e+01 2.3273e-11 9.7054e+00 1.7454e+03 2.6544e+03 4.4000e+03 4.1999e+20 1.2771e+20 1.2771e+20 1.3760e-02 0.0000e+00 3.1776e+05 0.0000e+00
9.0000e+01 2.3183e-11 9.3828e+00 1.7509e+03 2.6628e+03 4.4000e+03 3.7592e+20 1.1956e+20 1.1956e+20 1.4178e-02 0.0000e+00 3.0954e+05 0.0000e+00
1.0000e+02 2.3094e-11 9.0744e+00 1.7563e+03 2.6710e+03 4.4000e+03 3.3743e+20 1.1203e+20 1.1203e+20 1.4603e-02 0.0000e+00 3.0164e+05 0.0000e+00
1.1000e+02 2.3005e-11 8.7796e+00 1.7617e+03 2.6792e+03 4.4000e+03 3.0371e+20 1.0507e+20 1.0507e+20 1.5036e-02 0.0000e+00 2.9404e+05 0.0000e+00
1.2000e+02 2.2917e-11 8.4977e+00 1.7671e+03 2.6874e+03 4.4000e+03 2.7407e+20 9.8628e+19 9.8628e+19 1.5475e-02 0.0000e+00 2.8673e+05 0.0000e+00
1.3000e+02 2.2829e-11 8.2279e+00 1.7724e+03 2.6955e+03 4.4000e+03 2.4795e+20 9.2665e+19 9.2665e+19 1.5921e-02 0.0000e+00 2.7970e+05 0.0000e+00
1.4000e+02 2.2741e-11 7.9697e+00 1.7777e+03 2.7035e+03 4.4000e+03 2.2487e+20 8.7140e+19 8.7140e+19 1.6374e-02 0.0000e+00 2.7294e+05 0.0000e+00
1.5000e+02 2.2654e-11 7.7225e+00 1.7829e+03 2.7114e+03 4.4000e+03 2.0442e+20 8.2015e+19 8.2015e+19 1.6833e-02 0.0000e+00 2.6642e+05 0.0000e+00
1.6000e+02 2.2567e-11 7.4857e+00 1.7881e+03 2.7193e+03 4.4000e+03 1.8625e+20 7.7259e+19 7.7259e+19 1.7299e-02 0.0000e+00 2.6015e+05 0.0000e+00
1.7000e+02 2.2480e-11 7.2589e+00 1.7932e+03 2.7271e+03 4.4000e+03 1.7007e+20 7.2840e+19 7.2840e+19 1.7771e-02 0.0000e+00 2.5410e+05 0.0000e+00
1.8000e+02 2.2394e-11 7.0414e+00 1.7983e+03 2.7349e+03 4.4000e+03 1.5562e+20 6.8731e+19 6.8731e+19 1.8249e-02 0.0000e+00 2.4828e+05 0.0000e+00
1.9000e+02 2.2308e-11 6.8330e+00 1.8034e+03 2.7426e+03 4.4000e+03 1.4269e+20 6.4909e+19 6.4909e+19 1.8734e-02 0.0000e+00 2.4267e+05 0.0000e+00
2.0000e+02 2.2223e-11 6.6331e+00 1.8084e+03 2.7502e+03 4.4000e+03 1.3110e+20 6.1349e+19 6.1349e+19 1.9224e-02 0.0000e+00 2.3726e+05 0.0000e+00
2.1000e+02 2.2137e-11 6.4413e+00 1.8133e+03 2.7577e+03 4.4000e+03 1.2068e+20 5.8032e+19 5.8032e+19 1.9721e-02 0.0000e+00 2.3204e+05 0.0000e+00
2.2000e+02 2.2052e-11 6.2572e+00 1.8182e+03 2.7652e+03 4.4000e+03 1.1130e+20 5.4938e+19 5.4938e+19 2.0223e-02 0.0000e+00 2.2700e+05 0.0000e+00
2.3000e+02 2.1967e-11 6.0805e+00 1.8231e+03 2.7726e+03 4.4000e+03 1.0283e+20 5.2051e+19 5.2051e+19 2.0731e-02 0.0000e+00 2.2215e+05 0.0000e+00
2.4000e+02 2.1883e-11 5.9108e+00 1.8279e+03 2.7799e+03 4.4000e+03 9.5177e+19 4.9354e+19 4.9354e+19 2.1244e-02 0.0000e+00 2.1746e+05 0.0000e+00
2.5000e+02 2.1799e-11 5.7478e+00 1.8327e+03 2.7872e+03 4.4000e+03 8.8241e+19 4.6834e+19 4.6834e+19 2.1762e-02 0.0000e+00 2.1294e+05 0.0000e+00
2.6000e+02 2.1715e-11 5.5912e+00 1.8374e+03 2.7944e+03 4.4000e+03 8.1946e+19 4.4476e+19 4.4476e+19 2.2286e-02 0.0000e+00 2.0857e+05 0.0000e+00
2.7000e+02 2.1632e-11 5.4407e+00 1.8421e+03 2.8015e+03 4.4000e+03 7.6223e+19 4.2270e+19 4.2270e+19 2.2815e-02 0.0000e+00 2.0436e+05 0.0000e+00
2.8000e+02 2.1549e-11 5.2960e+00 1.8468e+03 2.8086e+03 4.4000e+03 7.1010e+19 4.0203e+19 4.0203e+19 2.3348e-02 0.0000e+00 2.0028e+05 0.0000e+00
2.9000e+02 2.1466e-11 5.1568e+00 1.8514e+03 2.8156e+03 4.4000e+03 6.6254e+19 3.8266e+19 3.8266e+19 2.3886e-02 0.0000e+00 1.9635e+05 0.0000e+00
3.0000e+02 2.1384e-11 5.0229e+00 1.8559e+03 2.8225e+03 4.4000e+03 6.1908e+19 3.6449e+19 3.6449e+19 2.4429e-02 0.0000e+00 1.9255e+05 0.0000e+00
3.1000e+02 2.1302e-11 4.8940e+00 1.8604e+03 2.8293e+03 4.4000e+03 5.7930e+19 3.4744e+19 3.4744e+19 2.4976e-02 0.0000e+00 1.8887e+05 0.0000e+00
3.2000e+02 2.1220e-11 4.7700e+00 1.8649e+03 2.8361e+03 4.4000e+03 5.4284e+19 3.3143e+19 3.3143e+19 2.5527e-02 0.0000e+00 1.8532e+05 0.0000e+00
3.3000e+02 2.1138e-11 4.6506e+00 1.8693e+03 2.8428e+03 4.4000e+03 5.0937e+19 3.1638e+19 3.1638e+19 2.6081e-02 0.0000e+00 1.8188e+05 0.0000e+00
3.4000e+02 2.1057e-11 4.5356e+00 1.8736e+03 2.8494e+03 4.4000e+03 4.7860e+19 3.0223e+19 3.0223e+19 2.6640e-02 0.0000e+00 1.7856e+05 0.0000e+00
3.5000e+02 2.0976e-11 4.4249e+00 1.8779e+03 2.8560e+03 4.4000e+03 4.5027e+19 2.8891e+19 2.8891e+19 2.7202e-02 0.0000e+00 1.7535e+05 0.0000e+00
3.6000e+02 2.0896e-11 4.3181e+00 1.8822e+03 2.8625e+03 4.4000e+03 4.2415e+19 2.7638e+19 2.7638e+19 2.7767e-02 0.0000e+00 1.7224e+05 0.0000e+00
3.7000e+02 2.0816e-11 4.2153e+00 1.8864e+03 2.8689e+03 4.4000e+03 4.0004e+19 2.6456e+19 2.6456e+19 2.8336e-02 0.0000e+00 1.6923e+05 0.0000e+00
3.8000e+02 2.0736e-11 4.1161e+00 1.8906e+03 2.8752e+03 4.4000e+03 3.7776e+19 2.5343e+19 2.5343e+19 2.8907e-02 0.0000e+00 1.6632e+05 0.0000e+00
3.9000e+02 2.0656e-11 4.0204e+00 1.8947e+03 2.8815e+03 4.4000e+03 3.5714e+19 2.4293e+19 2.4293e+19 2.9481e-02 0.0000e+00 1.6350e+05 0.0000e+00
4.0000e+02 2.0577e-11 3.9282e+00 1.8988e+03 2.8877e+03 4.4000e+03 3.3803e+19 2.3301e+19 2.3301e+19 3.0058e-02 0.0000e+00 1.6077e+05 0.0000e+00
4.1000e+02 2.0498e-11 3.8392e+00 1.9028e+03 2.8939e+03 4.4000e+03 3.2030e+19 2.2365e+19 2.2365e+19 3.0637e-02 0.0000e+00 1.5813e+05 0.0000e+00
4.2000e+02 2.0419e-11 3.7533e+00 1.9068e+03 2.8999e+03 4.4000e+03 3.0383e+19 2.1481e+19 2.1481e+19 3.1217e-02 0.0000e+00 1.5557e+05 0.0000e+00
4.3000e+02 2.0341e-11 3.6703e+00 1.9108e+03 2.9059e+03 4.4000e+03 2.8852e+19 2.0645e+19 2.0645e+19 3.1800e-02 0.0000e+00 1.5309e+05 0.0000e+00
4.4000e+02 2.0262e-11 3.5903e+00 1.9146e+03 2.9118e+03 4.4000e+03 2.7427e+19 1.9853e+19 1.9853e+19 3.2384e-02 0.0000e+00 1.5069e+05 0.0000e+00
4.5000e+02 2.0185e-11 3.5130e+00 1.9185e+03 2.9177e+03 4.4000e+03 2.6099e+19 1.9105e+19 1.9105e+19 3.2970e-02 0.0000e+00 1.4836e+05 0.0000e+00
4.6000e+02 2.0107e-11 3.4383e+00 1.9223e+03 2.9234e+03 4.4000e+03 2.4860e+19 1.8396e+19 1.8396e+19 3.3557e-02 0.0000e+00 1.4610e+05 0.0000e+00
4.7000e+02 2.0030e-11 3.3661e+00 1.9260e+03 2.9291e+03 4.4000e+03 2.3703e+19 1.7724e+19 1.7724e+19 3.4145e-02 0.0000e+00 1.4392e+05 0.0000e+00
4.8000e+02 1.9953e-11 3.2963e+00 1.9297e+03 2.9348e+03 4.4000e+03 2.2622e+19 1.7087e+19 1.7087e+19 3.4733e-02 0.0000e+00 1.4180e+05 0.0000e+00
4.9000e+02 1.9876e-11 3.2289e+00 1.9334e+03 2.9403e+03 4.4000e+03 2.1610e+19 1.6483e+19 1.6483e+19 3.5323e-02 0.0000e+00 1.3974e+05 0.0000e+00
5.0000e+02 1.9800e-11 3.1637e+00 1.9370e+03 2.9458e+03 4.4000e+03 2.0663e+19 1.5910e+19 1.5910e+19 3.5912e-02 0.0000e+00 1.3775e+05 0.0000e+00
5.1000e+02 1.9724e-11 3.1007e+00 1.9405e+03 2.9512e+03 4.4000e+03 1.9775e+19 1.5366e+19 1.5366e+19 3.6502e-02 0.0000e+00 1.3582e+05 0.0000e+00
5.2000e+02 1.9648e-11 3.0397e+00 1.9441e+03 2.9565e+03 4.4000e+03 1.8942e+19 1.4849e+19 1.4849e+19 3.7091e-02 0.0000e+00 1.3395e+05 0.0000e+00
5.3000e+02 1.9573e-11 2.9807e+00 1.9475e+03 2.9618e+03 4.4000e+03 1.8160e+19 1.4358e+19 1.4358e+19 3.7680e-02 0.0000e+00 1.3213e+05 0.0000e+00
5.4000e+02 1.9498e-11 2.9236e+00 1.9509e+03 2.9670e+03 4.4000e+03 1.7425e+19 1.3891e+19 1.3891e+19 3.8268e-02 0.0000e+00 1.3036e+05 0.0000e+00
5.5000e+02 1.9423e-11 2.8683e+00 1.9543e+03 2.9721e+03 4.4000e+03 1.6733e+19 1.3447e+19 1.3447e+19 3.8856e-02 0.0000e+00 1.2865e+05 0.0000e+00
5.6000e+02 1.9348e-11 2.8148e+00 1.9576e+03 2.9772e+03 4.4000e+03 1.6082e+19 1.3024e+19 1.3024e+19 3.9443e-02 0.0000e+00 1.2699e+05 0.0000e+00
5.7000e+02 1.9274e-11 2.7630e+00 1.9609e+03 2.9822e+03 4.4000e+03 1.5469e+19 1.2622e+19 1.2622e+19 4.0028e-02 0.0000e+00 1.2538e+05 0.0000e+00
5.8000e+02 1.9200e-11 2.7128e+00 1.9641e+03 2.9871e+03 4.4000e+03 1.4891e+19 1.2239e+19 1.2239e+19 4.0612e-02 0.0000e+00 1.2382e+05 0.0000e+00
5.9000e+02 1.9126e-11 2.6642e+00 1.9673e+03 2.9919e+03 4.4000e+03 1.4346e+19 1.1873e+19 1.1873e+19 4.1194e-02 0.0000e+00 1.2230e+05 0.0000e+00
6.0000e+02 1.9053e-11 2.6171e+00 1.9705e+03 2.9967e+03 4.4000e+03 1.3831e+19 1.1525e+19 1.1525e+19 4.1775e-02 0.0000e+00 1.2082e+05 0.0000e+00
6.1000e+02 1.8980e-11 2.5714e+00 1.9736e+03 3.0014e+03 4.4000e+03 1.3344e+19 1.1193e+19 1.1193e+19 4.2353e-02 0.0000e+00 1.1939e+05 0.0000e+00
6.2000e+02 1.8907e-11 2.5272e+00 1.9766e+03 3.0061e+03 4.4000e+03 1.2884e+19 1.0876e+19 1.0876e+19 4.2930e-02 0.0000e+00 1.1800e+05 0.0000e+00
6.3000e+02 1.8834e-11 2.4842e+00 1.9796e+03 3.0106e+03 4.4000e+03 1.2449e+19 1.0574e+19 1.0574e+19 4.3503e-02 0.0000e+00 1.1665e+05 0.0000e+00
6.4000e+02 1.8762e-11 2.4426e+00 1.9826e+03 3.0151e+03 4.4000e+03 1.2037e+19 1.0285e+19 1.0285e+19 4.4074e-02 0.0000e+00 1.1534e+05 0.0000e+00
6.5000e+02 1.8690e-11 2.4023e+00 1.9855e+03 3.0195e+03 4.4000e+03 1.1646e+19 1.0009e+19 1.0009e+19 4.4643e-02 0.0000e+00 1.1407e+05 0.0000e+00
6.6000e+02 1.8618e-11 2.3631e+00 1.9884e+03 3.0239e+03 4.4000e+03 1.1276e+19 9.7454e+18 9.7454e+18 4.5208e-02 0.0000e+00 1.1284e+05 0.0000e+00
6.7000e+02 1.8546e-11 2.3252e+00 1.9912e+03 3.0282e+03 4.4000e+03 1.0925e+19 9.4934e+18 9.4934e+18 4.5770e-02 0.0000e+00 1.1163e+05 0.0000e+00
6.8000e+02 1.8475e-11 2.2883e+00 1.9940e+03 3.0324e+03 4.4000e+03 1.0591e+19 9.2524e+18 9.2524e+18 4.6329e-02 0.0000e+00 1.1047e+05 0.0000e+00
6.9000e+02 1.8404e-11 2.2525e+00 1.9967e+03 3.0366e+03 4.4000e+03 1.0275e+19 9.0218e+18 9.0218e+18 4.6884e-02 0.0000e+00 1.0934e+05 0.0000e+00
7.0000e+02 1.8334e-11 2.2178e+00 1.9994e+03 3.0407e+03 4.4000e+03 9.9742e+18 8.8012e+18 8.8012e+18 4.7435e-02 0.0000e+00 1.0823e+05 0.0000e+00
7.1000e+02 1.8263e-11 2.1841e+00 2.0020e+03 3.0447e+03 4.4000e+03 9.6882e+18 8.5900e+18 8.5900e+18 4.7983e-02 0.0000e+00 1.0716e+05 0.0000e+00
7.2000e+02 1.8193e-11 2.1513e+00 2.0046e+03 3.0487e+03 4.4000e+03 9.4162e+18 8.3877e+18 8.3877e+18 4.8526e-02 0.0000e+00 1.0613e+05 0.0000e+00
7.3000e+02 1.8123e-11 2.1195e+00 2.0072e+03 3.0525e+03 4.4000e+03 9.1573e+18 8.1940e+18 8.1940e+18 4.9065e-02 0.0000e+00 1.0512e+05 0.0000e+00
7.4000e+02 1.8054e-11 2.0886e+00 2.0097e+03 3.0564e+03 4.4000e+03 8.9108e+18 8.0083e+18 8.0083e+18 4.9600e-02 0.0000e+00 1.0413e+05 0.0000e+00
7.5000e+02 1.7984e-11 2.0586e+00 2.0122e+03 3.0601e+03 4.4000e+03 8.6759e+18 7.8303e+18 7.8303e+18 5.0130e-02 0.0000e+00 1.0318e+05 0.0000e+00
7.6000e+02 1.7915e-11 2.0294e+00 2.0146e+03 3.0638e+03 4.4000e+03 8.4520e+18 7.6597e+18 7.6597e+18 5.0656e-02 0.0000e+00 1.0225e+05 0.0000e+00
7.7000e+02 1.7846e-11 2.0010e+00 2.0170e+03 3.0675e+03 4.4000e+03 8.2385e+18 7.4960e+18 7.4960e+18 5.1177e-02 0.0000e+00 1.0135e+05 0.0000e+00
7.8000e+02 1.7778e-11 1.9734e+00 2.0193e+03 3.0710e+03 4.4000e+03 8.0348e+18 7.3389e+18 7.3389e+18 5.1693e-02 0.0000e+00 1.0048e+05 0.0000e+00
7.9000e+02 1.7710e-11 1.9466e+00 2.0216e+03 3.0745e+03 4.4000e+03 7.8403e+18 7.1882e+18 7.1882e+18 5.2203e-02 0.0000e+00 9.9628e+04 0.0000e+00
8.0000e+02 1.7642e-11 1.9206e+00 2.0239e+03 3.0780e+03 4.4000e+03 7.6546e+18 7.0436e+18 7.0436e+18 5.2709e-02 0.0000e+00 9.8802e+04 0.0000e+00
8.1000e+02 1.7574e-11 1.8952e+00 2.0261e+03 3.0814e+03 4.4000e+03 7.4773e+18 6.9047e+18 6.9047e+18 5.3209e-02 0.0000e+00 9.7998e+04 0.0000e+00
8.2000e+02 1.7506e-11 1.8705e+00 2.0283e+03 3.0847e+03 4.4000e+03 7.3077e+18 6.7713e+18 6.7713e+18 5.3704e-02 0.0000e+00 9.7217e+04 0.0000e+00
8.3000e+02 1.7439e-11 1.8465e+00 2.0304e+03 3.0879e+03 4.4000e+03 7.1457e+18 6.6431e+18 6.6431e+18 5.4193e-02 0.0000e+00 9.6458e+04 0.0000e+00
8.4000e+02 1.7372e-11 1.8232e+00 2.0325e+03 3.0911e+03 4.4000e+03 6.9907e+18 6.5200e+18 6.5200e+18 5.4676e-02 0.0000e+00 9.5721e+04 0.0000e+00
8.5000e+02 1.7306e-11 1.8005e+00 2.0346e+03 3.0943e+03 4.4000e+03 6.8424e+18 6.4016e+18 6.4016e+18 5.5154e-02 0.0000e+00 9.5004e+04 0.0000e+00
8.6000e+02 1.7239e-11 1.7783e+00 2.0366e+03 3.0973e+03 4.4000e+03 6.7004e+18 6.2879e+18 6.2879e+18 5.5626e-02 0.0000e+00 9.4307e+04 0.0000e+00
8.7000e+02 1.7173e-11 1.7568e+00 2.0386e+03 3.1003e+03 4.4000e+03 6.5645e+18 6.1784e+18 6.1784e+18 5.6091e-02 0.0000e+00 9.3630e+04 0.0000e+00
8.8000e+02 1.7107e-11 1.7358e+00 2.0406e+03 3.1033e+03 4.4000e+03 6.4343e+18 6.0732e+18 6.0732e+18 5.6551e-02 0.0000e+00 9.2972e+04 0.0000e+00
8.9000e+02 1.7041e-11 1.7154e+00 2.0425e+03 3.1062e+03 4.4000e+03 6.3096e+18 5.9720e+18 5.9720e+18 5.7005e-02 0.0000e+00 9.2333e+04 0.0000e+00
9.0000e+02 1.6976e-11 1.6955e+00 2.0443e+03 3.1090e+03 4.4000e+03 6.1901e+18 5.8746e+18 5.8746e+18 5.7452e-02 0.0000e+00 9.1711e+04 0.0000e+00
9.1000e+02 1.6911e-11 1.6761e+00 2.0462e+03 3.1118e+03 4.4000e+03 6.0755e+18 5.7809e+18 5.7809e+18 5.7893e-02 0.0000e+00 9.1107e+04 0.0000e+00
9.2000e+02 1.6846e-11 1.6572e+00 2.0480e+03 3.1146e+03 4.4000e+03 5.9656e+18 5.6908e+18 5.6908e+18 5.8328e-02 0.0000e+00 9.0520e+04 0.0000e+00
9.3000e+02 1.6781e-11 1.6388e+00 2.0497e+03 3.1172e+03 4.4000e+03 5.8602e+18 5.6040e+18 5.6040e+18 5.8756e-02 0.0000e+00 8.9950e+04 0.0000e+00
9.4000e+02 1.6717e-11 1.6209e+00 2.0514e+03 3.1198e+03 4.4000e+03 5.7591e+18 5.5204e+18 5.5204e+18 5.9178e-02 0.0000e+00 8.9396e+04 0.0000e+00
9.5000e+02 1.6652e-11 1.6034e+00 2.0531e+03 3.1224e+03 4.4000e+03 5.6621e+18 5.4399e+18 5.4399e+18 5.9593e-02 0.0000e+00 8.8858e+04 0.0000e+00
9.6000e+02 1.6588e-11 1.5864e+00 2.0548e+03 3.1249e+03 4.4000e+03 5.5689e+18 5.3624e+18 5.3624e+18 6.0002e-02 0.0000e+00 8.8335e+04 0.0000e+00
9.7000e+02 1.6525e-11 1.5698e+00 2.0564e+03 3.1274e+03 4.4000e+03 5.4795e+18 5.2878e+18 5.2878e+18 6.0404e-02 0.0000e+00 8.7828e+04 0.0000e+00
9.8000e+02 1.6461e-11 1.5536e+00 2.0579e+03 3.1298e+03 4.4000e+03 5.3937e+18 5.2159e+18 5.2159e+18 6.0799e-02 0.0000e+00 8.7334e+04 0.0000e+00
9.9000e+02 1.6398e-11 1.5378e+00 2.0595e+03 3.1321e+03 4.4000e+03 5.3112e+18 5.1466e+18 5.1466e+18 6.1188e-02 0.0000e+00 8.6855e+04 0.0000e+00
1.0000e+03 1.6335e-11 1.5224e+00 2.0610e+03 3.1344e+03 4.4000e+03 5.2319e+18 5.0799e+18 5.0799e+18 6.1570e-02 0.0000e+00 8.6390e+04 0.0000e+00
1.0100e+03 1.6272e-11 1.5074e+00 2.0625e+03 3.1366e+03 4.4000e+03 5.1558e+18 5.0156e+18 5.0156e+18 6.1945e-02 0.0000e+00 8.5938e+04 0.0000e+00
1.0200e+03 1.6210e-11 1.4927e+00 2.0639e+03 3.1388e+03 4.4000e+03 5.0827e+18 4.9537e+18 4.9537e+18 6.2313e-02 0.0000e+00 8.5500e+04 0.0000e+00
1.0300e+03 1.6148e-11 1.4784e+00 2.0653e+03 3.1410e+03 4.4000e+03 5.0123e+18 4.8940e+18 4.8940e+18 6.2674e-02 0.0000e+00 8.5074e+04 0.0000e+00
1.0400e+03 1.6086e-11 1.4644e+00 2.0667e+03 3.1430e+03 4.4000e+03 4.9448e+18 4.8364e+18 4.8364e+18 6.3029e-02 0.0000e+00 8.4661e+04 0.0000e+00
1.0500e+03 1.6024e-11 1.4508e+00 2.0680e+03 3.1451e+03 4.4000e+03 4.8798e+18 4.7810e+18 4.7810e+18 6.3377e-02 0.0000e+00 8.4260e+04 0.0000e+00
1.0600e+03 1.5962e-11 1.4375e+00 2.0693e+03 3.1471e+03 4.4000e+03 4.8173e+18 4.7276e+18 4.7276e+18 6.3717e-02 0.0000e+00 8.3870e+04 0.0000e+00
1.0700e+03 1.5901e-11 1.4245e+00 2.0706e+03 3.1490e+03 4.4000e+03 4.7573e+18 4.6761e+18 4.6761e+18 6.4052e-02 0.0000e+00 8.3493e+04 0.0000e+00
1.0800e+03 1.5840e-11 1.4118e+00 2.0719e+03 3.1509e+03 4.4000e+03 4.6995e+18 4.6265e+18 4.6265e+18 6.4379e-02 0.0000e+00 8.3127e+04 0.0000e+00
1.0900e+03 1.5779e-11 1.3995e+00 2.0731e+03 3.1528e+03 4.4000e+03 4.6440e+18 4.5786e+18 4.5786e+18 6.4699e-02 0.0000e+00 8.2771e+04 0.0000e+00
1.1000e+03 1.5719e-11 1.3874e+00 2.0743e+03 3.1546e+03 4.4000e+03 4.5906e+18 4.5326e+18 4.5326e+18 6.5012e-02 0.0000e+00 8.2427e+04 0.0000e+00
1.1100e+03 1.5658e-11 1.3755e+00 2.0754e+03 3.1563e+03 4.4000e+03 4.5392e+18 4.4881e+18 4.4881e+18 6.5319e-02 0.0000e+00 8.2093e+04 0.0000e+00
1.1200e+03 1.5598e-11 1.3640e+00 2.0765e+03 3.1580e+03 4.4000e+03 4.4898e+18 4.4454e+18 4.4454e+18 6.5619e-02 0.0000e+00 8.1769e+04 0.0000e+00
1.1300e+03 1.5538e-11 1.3527e+00 2.0776e+03 3.1597e+03 4.4000e+03 4.4423e+18 4.4041e+18 4.4041e+18 6.5912e-02 0.0000e+00 8.1456e+04 0.0000e+00
1.1400e+03 1.5478e-11 1.3417e+00 2.0787e+03 3.1613e+03 4.4000e+03 4.3966e+18 4.3644e+18 4.3644e+18 6.6198e-02 0.0000e+00 8.1152e+04 0.0000e+00
1.1500e+03 1.5419e-11 1.3309e+00 2.0797e+03 3.1629e+03 4.4000e+03 4.3527e+18 4.3261e+18 4.3261e+18 6.6477e-02 0.0000e+00 8.0858e+04 0.0000e+00
1.1600e+03 1.5360e-11 1.3204e+00 2.0807e+03 3.1644e+03 4.4000e+03 4.3105e+18 4.2893e+18 4.2893e+18 6.6750e-02 0.0000e+00 8.0573e+04 0.0000e+00
1.1700e+03 1.5301e-11 1.3101e+00 2.0817e+03 3.1659e+03 4.4000e+03 4.2699e+18 4.2538e+18 4.2538e+18 6.7015e-02 0.0000e+00 8.0297e+04 0.0000e+00
1.1800e+03 1.5242e-11 1.3001e+00 2.0827e+03 3.1673e+03 4.4000e+03 4.2308e+18 4.2196e+18 4.2196e+18 6.7275e-02 0.0000e+00 8.0030e+04 0.0000e+00
1.1900e+03 1.5184e-11 1.2902e+00 2.0836e+03 3.1688e+03 4.4000e+03 4.1933e+18 4.1867e+18 4.1867e+18 6.7527e-02 0.0000e+00 7.9772e+04 0.0000e+00
1.2000e+03 1.5125e-11 1.2806e+00 2.0845e+03 3.1701e+03 4.4000e+03 4.1572e+18 4.1550e+18 4.1550e+18 6.7773e-02 0.0000e+00 7.9522e+04 0.0000e+00
1.2100e+03 1.5067e-11 1.2712e+00 2.0854e+03 3.1714e+03 4.4000e+03 4.1225e+18 4.1245e+18 4.1245e+18 6.8012e-02 0.0000e+00 7.9281e+04 0.0000e+00
1.2200e+03 1.5009e-11 1.2620e+00 2.0862e+03 3.1727e+03 4.4000e+03 4.0892e+18 4.0952e+18 4.0952e+18 6.8245e-02 0.0000e+00 7.9048e+04 0.0000e+00
1.2300e+03 1.4952e-11 1.2530e+00 2.0870e+03 3.1740e+03 4.4000e+03 4.0573e+18 4.0670e+18 4.0670e+18 6.8471e-02 0.0000e+00 7.8823e+04 0.0000e+00
1.2400e+03 1.4894e-11 1.2442e+00 2.0878e+03 3.1752e+03 4.4000e+03 4.0265e+18 4.0398e+18 4.0398e+18 6.8691e-02 0.0000e+00 7.8605e+04 0.0000e+00
1.2500e+03 1.4837e-11 1.2356e+00 2.0886e+03 3.1763e+03 4.4000e+03 3.9970e+18 4.0138e+18 4.0138e+18 6.8904e-02 0.0000e+00 7.8395e+04 0.0000e+00
1.2600e+03 1.4780e-11 1.2272e+00 2.0893e+03 3.1775e+03 4.4000e+03 3.9687e+18 3.9887e+18 3.9887e+18 6.9111e-02 0.0000e+00 7.8193e+04 0.0000e+00
1.2700e+03 1.4723e-11 1.2189e+00 2.0900e+03 3.1786e+03 4.4000e+03 3.9416e+18 3.9646e+18 3.9646e+18 6.9312e-02 0.0000e+00 7.7998e+04 0.0000e+00
1.2800e+03 1.4667e-11 1.2108e+00 2.0907e+03 3.1796e+03 4.4000e+03 3.9155e+18 3.9415e+18 3.9415e+18 6.9506e-02 0.0000e+00 7.7810e+04 0.0000e+00
1.2900e+03 1.4610e-11 1.2029e+00 2.0914e+03 3.1806e+03 4.4000e+03 3.8906e+18 3.9194e+18 3.9194e+18 6.9694e-02 0.0000e+00 7.7629e+04 0.0000e+00
1.3000e+03 1.4554e-11 1.1952e+00 2.0921e+03 3.1816e+03 4.4000e+03 3.8667e+18 3.8981e+18 3.8981e+18 6.9876e-02 0.0000e+00 7.7454e+04 0.0000e+00
1.3100e+03 1.4499e-11 1.1876e+00 2.0927e+03 3.1826e+03 4.4000e+03 3.8437e+18 3.8777e+18 3.8777e+18 7.0052e-02 0.0000e+00 7.7287e+04 0.0000e+00
1.3200e+03 1.4443e-11 1.1802e+00 2.0933e+03 3.1835e+03 4.4000e+03 3.8218e+18 3.8582e+18 3.8582e+18 7.0221e-02 0.0000e+00 7.7126e+04 0.0000e+00
1.3300e+03 1.4387e-11 1.1729e+00 2.0939e+03 3.1844e+03 4.4000e+03 3.8008e+18 3.8395e+18 3.8395e+18 7.0385e-02 0.0000e+00 7.6971e+04 0.0000e+00
1.3400e+03 1.4332e-11 1.1658e+00 2.0944e+03 3.1852e+03 4.4000e+03 3.7808e+18 3.8216e+18 3.8216e+18 7.0543e-02 0.0000e+00 7.6823e+04 0.0000e+00
1.3500e+03 1.4277e-11 1.1588e+00 2.0950e+03 3.1860e+03 4.4000e+03 3.7616e+18 3.8045e+18 3.8045e+18 7.0695e-02 0.0000e+00 7.6680e+04 0.0000e+00
1.3600e+03 1.4222e-11 1.1520e+00 2.0955e+03 3.1868e+03 4.4000e+03 3.7433e+18 3.7881e+18 3.7881e+18 7.0841e-02 0.0000e+00 7.6544e+04 0.0000e+00
1.3700e+03 1.4168e-11 1.1453e+00 2.0960e+03 3.1876e+03 4.4000e+03 3.7259e+18 3.7725e+18 3.7725e+18 7.0981e-02 0.0000e+00 7.6414e+04 0.0000e+00
1.3800e+03 1.4113e-11 1.1388e+00 2.0964e+03 3.1883e+03 4.4000e+03 3.7092e+18 3.7576e+18 3.7576e+18 7.1115e-02 0.0000e+00 7.6289e+04 0.0000e+00
1.3900e+03 1.4059e-11 1.1323e+00 2.0969e+03 3.1890e+03 4.4000e+03 3.6934e+18 3.7435e+18 3.7435e+18 7.1244e-02 0.0000e+00 7.6170e+04 0.0000e+00
1.4000e+03 1.4005e-11 1.1260e+00 2.0973e+03 3.1896e+03 4.4000e+03 3.6784e+18 3.7300e+18 3.7300e+18 7.1368e-02 0.0000e+00 7.6056e+04 0.0000e+00
1.4100e+03 1.3951e-11 1.1199e+00 2.0977e+03 3.1903e+03 4.4000e+03 3.6641e+18 3.7172e+18 3.7172e+18 7.1486e-02 0.0000e+00 7.5948e+04 0.0000e+00
1.4200e+03 1.3898e-11 1.1138e+00 2.0981e+03 3.1909e+03 4.4000e+03 3.6505e+18 3.7050e+18 3.7050e+18 7.1598e-02 0.0000e+00 7.5846e+04 0.0000e+00
1.4300e+03 1.3844e-11 1.1079e+00 2.0985e+03 3.1914e+03 4.4000e+03 3.6377e+18 3.6935e+18 3.6935e+18 7.1705e-02 0.0000e+00 7.5748e+04 0.0000e+00
1.4400e+03 1.3791e-11 1.1021e+00 2.0989e+03 3.1920e+03 4.4000e+03 3.6255e+18 3.6826e+18 3.6826e+18 7.1807e-02 0.0000e+00 7.5655e+04 0.0000e+00
1.4500e+03 1.3738e-11 1.0964e+00 2.0992e+03 3.1925e+03 4.4000e+03 3.6140e+18 3.6723e+18 3.6723e+18 7.1903e-02 0.0000e+00 7.5568e+04 0.0000e+00
1.4600e+03 1.3685e-11 1.0908e+00 2.0995e+03 3.1930e+03 4.4000e+03 3.6032e+18 3.6626e+18 3.6626e+18 7.1995e-02 0.0000e+00 7.5485e+04 0.0000e+00
1.4700e+03 1.3633e-11 1.0853e+00 2.0998e+03 3.1934e+03 4.4000e+03 3.5931e+18 3.6534e+18 3.6534e+18 7.2081e-02 0.0000e+00 7.5407e+04 0.0000e+00
1.4800e+03 1.3581e-11 1.0799e+00 2.1001e+03 3.1938e+03 4.4000e+03 3.5835e+18 3.6449e+18 3.6449e+18 7.2162e-02 0.0000e+00 7.5334e+04 0.0000e+00
1.4900e+03 1.3528e-11 1.0746e+00 2.1004e+03 3.1942e+03 4.4000e+03 3.5746e+18 3.6369e+18 3.6369e+18 7.2238e-02 0.0000e+00 7.5266e+04 0.0000e+00
1.5000e+03 1.3476e-11 1.0694e+00 2.1006e+03 3.1946e+03 4.4000e+03 3.5663e+18 3.6294e+18 3.6294e+18 7.2309e-02 0.0000e+00 7.5202e+04 0.0000e+00
1.5100e+03 1.3425e-11 1.0643e+00 2.1008e+03 3.1950e+03 4.4000e+03 3.5586e+18 3.6225e+18 3.6225e+18 7.2376e-02 0.0000e+00 7.5142e+04 0.0000e+00
1.5200e+03 1.3373e-11 1.0594e+00 2.1010e+03 3.1953e+03 4.4000e+03 3.5514e+18 3.6160e+18 3.6160e+18 7.2438e-02 0.0000e+00 7.5087e+04 0.0000e+00
1.5300e+03 1.3322e-11 1.0545e+00 2.1012e+03 3.1956e+03 4.4000e+03 3.5448e+18 3.6101e+18 3.6101e+18 7.2495e-02 0.0000e+00 7.5036e+04 0.0000e+00
1.5400e+03 1.3271e-11 1.0497e+00 2.1014e+03 3.1959e+03 4.4000e+03 3.5388e+18 3.6047e+18 3.6047e+18 7.2547e-02 0.0000e+00 7.4990e+04 0.0000e+00
1.5500e+03 1.3220e-11 1.0449e+00 2.1016e+03 3.1961e+03 4.4000e+03 3.5333e+18 3.5997e+18 3.5997e+18 7.2595e-02 0.0000e+00 7.4947e+04 0.0000e+00
1.5600e+03 1.3169e-11 1.0403e+00 2.1017e+03 3.1963e+03 4.4000e+03 3.5283e+18 3.5953e+18 3.5953e+18 7.2638e-02 0.0000e+00 7.4909e+04 0.0000e+00
1.5700e+03 1.3118e-11 1.0358e+00 2.1019e+03 3.1965e+03 4.4000e+03 3.5238e+18 3.5913e+18 3.5913e+18 7.2677e-02 0.0000e+00 7.4874e+04 0.0000e+00
1.5800e+03 1.3068e-11 1.0313e+00 2.1020e+03 3.1967e+03 4.4000e+03 3.5198e+18 3.5877e+18 3.5877e+18 7.2711e-02 0.0000e+00 7.4843e+04 0.0000e+00
1.5900e+03 1.3018e-11 1.0269e+00 2.1021e+03 3.1969e+03 4.4000e+03 3.5164e+18 3.5846e+18 3.5846e+18 7.2742e-02 0.0000e+00 7.4817e+04 0.0000e+00
1.6000e+03 1.2968e-11 1.0226e+00 2.1022e+03 3.1970e+03 4.4000e+03 3.5134e+18 3.5819e+18 3.5819e+18 7.2768e-02 0.0000e+00 7.4794e+04 0.0000e+00
1.6100e+03 1.2918e-11 1.0184e+00 2.1023e+03 3.1971e+03 4.4000e+03 3.5108e+18 3.5797e+18 3.5797e+18 7.2790e-02 0.0000e+00 7.4774e+04 0.0000e+00
1.6200e+03 1.2868e-11 1.0142e+00 2.1023e+03 3.1972e+03 4.4000e+03 3.5088e+18 3.5779e+18 3.5779e+18 7.2807e-02 0.0000e+00 7.4758e+04 0.0000e+00
1.6300e+03 1.2819e-11 1.0101e+00 2.1024e+03 3.1973e+03 4.4000e+03 3.5072e+18 3.5764e+18 3.5764e+18 7.2821e-02 0.0000e+00 7.4746e+04 0.0000e+00
1.6400e+03 1.2770e-11 1.0061e+00 2.1024e+03 3.1974e+03 4.4000e+03 3.5060e+18 3.5754e+18 3.5754e+18 7.2831e-02 0.0000e+00 7.4738e+04 0.0000e+00
1.6500e+03 1.2721e-11 1.0022e+00 2.1024e+03 3.1974e+03 4.4000e+03 3.5053e+18 3.5748e+18 3.5748e+18 7.2837e-02 0.0000e+00 7.4732e+04 0.0000e+00
1.6600e+03 1.2672e-11 9.9828e-01 2.1024e+03 3.1974e+03 4.4000e+03 3.5050e+18 3.5746e+18 3.5746e+18 7.2839e-02 0.0000e+00 7.4731e+04 0.0000e+00
1.6700e+03 1.2623e-11 9.9447e-01 2.1024e+03 3.1974e+03 4.4000e+03 3.5052e+18 3.5748e+18 3.5748e+18 7.2837e-02 0.0000e+00 7.4732e+04 0.0000e+00
1.6800e+03 1.2575e-11 9.9072e-01 2.1024e+03 3.1974e+03 4.4000e+03 3.5057e+18 3.5753e+18 3.5753e+18 7.2832e-02 0.0000e+00 7.4737e+04 0.0000e+00
1.6900e+03 1.2526e-11 9.8704e-01 2.1024e+03 3.1973e+03 4.4000e+03 3.5067e+18 3.5763e+18 3.5763e+18 7.2823e-02 0.0000e+00 7.4745e+04 0.0000e+00
1.7000e+03 1.2478e-11 9.8342e-01 2.1023e+03 3.1972e+03 4.4000e+03 3.5081e+18 3.5776e+18 3.5776e+18 7.2810e-02 0.0000e+00 7.4756e+04 0.0000e+00
1.7100e+03 1.2430e-11 9.7986e-01 2.1023e+03 3.1972e+03 4.4000e+03 3.5098e+18 3.5792e+18 3.5792e+18 7.2794e-02 0.0000e+00 7.4770e+04 0.0000e+00
1.7200e+03 1.2383e-11 9.7636e-01 2.1022e+03 3.1971e+03 4.4000e+03 3.5120e+18 3.5812e+18 3.5812e+18 7.2775e-02 0.0000e+00 7.4787e+04 0.0000e+00
1.7300e+03 1.2335e-11 9.7291e-01 2.1021e+03 3.1969e+03 4.4000e+03 3.5145e+18 3.5835e+18 3.5835e+18 7.2752e-02 0.0000e+00 7.4808e+04 0.0000e+00
1.7400e+03 1.2288e-11 9.6953e-01 2.1020e+03 3.1968e+03 4.4000e+03 3.5175e+18 3.5862e+18 3.5862e+18 7.2726e-02 0.0000e+00 7.4831e+04 0.0000e+00
1.7500e+03 1.2241e-11 9.6619e-01 2.1019e+03 3.1967e+03 4.4000e+03 3.5208e+18 3.5893e+18 3.5893e+18 7.2696e-02 0.0000e+00 7.4857e+04 0.0000e+00
1.7600e+03 1.2194e-11 9.6292e-01 2.1018e+03 3.1965e+03 4.4000e+03 3.5244e+18 3.5926e+18 3.5926e+18 7.2664e-02 0.0000e+00 7.4886e+04 0.0000e+00
1.7700e+03 1.2147e-11 9.5969e-01 2.1017e+03 3.1963e+03 4.4000e+03 3.5285e+18 3.5963e+18 3.5963e+18 7.2628e-02 0.0000e+00 7.4918e+04 0.0000e+00
1.7800e+03 1.2100e-11 9.5652e-01 2.1016e+03 3.1961e+03 4.4000e+03 3.5328e+18 3.6003e+18 3.6003e+18 7.2589e-02 0.0000e+00 7.4952e+04 0.0000e+00
1.7900e+03 1.2054e-11 9.5340e-01 2.1014e+03 3.1959e+03 4.4000e+03 3.5376e+18 3.6047e+18 3.6047e+18 7.2547e-02 0.0000e+00 7.4990e+04 0.0000e+00
1.8000e+03 1.2007e-11 9.5032e-01 2.1013e+03 3.1956e+03 4.4000e+03 3.5427e+18 3.6093e+18 3.6093e+18 7.2502e-02 0.0000e+00 7.5030e+04 0.0000e+00
1.8100e+03 1.1961e-11 9.4730e-01 2.1011e+03 3.1954e+03 4.4000e+03 3.5481e+18 3.6143e+18 3.6143e+18 7.2454e-02 0.0000e+00 7.5072e+04 0.0000e+00
1.8200e+03 1.1915e-11 9.4432e-01 2.1009e+03 3.1951e+03 4.4000e+03 3.5539e+18 3.6195e+18 3.6195e+18 7.2404e-02 0.0000e+00 7.5117e+04 0.0000e+00
1.8300e+03 1.1870e-11 9.4139e-01 2.1007e+03 3.1948e+03 4.4000e+03 3.5600e+18 3.6251e+18 3.6251e+18 7.2350e-02 0.0000e+00 7.5165e+04 0.0000e+00
1.8400e+03 1.1824e-11 9.3850e-01 2.1005e+03 3.1945e+03 4.4000e+03 3.5664e+18 3.6310e+18 3.6310e+18 7.2294e-02 0.0000e+00 7.5215e+04 0.0000e+00
1.8500e+03 1.1779e-11 9.3566e-01 2.1003e+03 3.1942e+03 4.4000e+03 3.5732e+18 3.6371e+18 3.6371e+18 7.2236e-02 0.0000e+00 7.5268e+04 0.0000e+00
1.8600e+03 1.1733e-11 9.3286e-01 2.1001e+03 3.1939e+03 4.4000e+03 3.5803e+18 3.6436e+18 3.6436e+18 7.2174e-02 0.0000e+00 7.5323e+04 0.0000e+00
1.8700e+03 1.1688e-11 9.3010e-01 2.0999e+03 3.1936e+03 4.4000e+03 3.5877e+18 3.6503e+18 3.6503e+18 7.2110e-02 0.0000e+00 7.5381e+04 0.0000e+00
1.8800e+03 1.1643e-11 9.2738e-01 2.0997e+03 3.1932e+03 4.4000e+03 3.5954e+18 3.6574e+18 3.6574e+18 7.2044e-02 0.0000e+00 7.5441e+04 0.0000e+00
1.8900e+03 1.1599e-11 9.2471e-01 2.0994e+03 3.1929e+03 4.4000e+03 3.6035e+18 3.6647e+18 3.6647e+18 7.1975e-02 0.0000e+00 7.5503e+04 0.0000e+00
1.9000e+03 1.1554e-11 9.2207e-01 2.0992e+03 3.1925e+03 4.4000e+03 3.6118e+18 3.6723e+18 3.6723e+18 7.1903e-02 0.0000e+00 7.5568e+04 0.0000e+00
1.9100e+03 1.1510e-11 9.1947e-01 2.0989e+03 3.1921e+03 4.4000e+03 3.6205e+18 3.6802e+18 3.6802e+18 7.1829e-02 0.0000e+00 7.5635e+04 0.0000e+00
1.9200e+03 1.1466e-11 9.1691e-01 2.0987e+03 3.1917e+03 4.4000e+03 3.6295e+18 3.6883e+18 3.6883e+18 7.1753e-02 0.0000e+00 7.5704e+04 0.0000e+00
1.9300e+03 1.1422e-11 9.1439e-01 2.0984e+03 3.1913e+03 4.4000e+03 3.6388e+18 3.6967e+18 3.6967e+18 7.1675e-02 0.0000e+00 7.5775e+04 0.0000e+00
1.9400e+03 1.1378e-11 9.1191e-01 2.0981e+03 3.1908e+03 4.4000e+03 3.6484e+18 3.7054e+18 3.7054e+18 7.1594e-02 0.0000e+00 7.5849e+04 0.0000e+00
1.9500e+03 1.1334e-11 9.0945e-01 2.0978e+03 3.1904e+03 4.4000e+03 3.6582e+18 3.7143e+18 3.7143e+18 7.1512e-02 0.0000e+00 7.5924e+04 0.0000e+00
1.9600e+03 1.1291e-11 9.0704e-01 2.0975e+03 3.1899e+03 4.4000e+03 3.6684e+18 3.7236e+18 3.7236e+18 7.1427e-02 0.0000e+00 7.6002e+04 0.0000e+00
1.9700e+03 1.1247e-11 9.0466e-01 2.0972e+03 3.1895e+03 4.4000e+03 3.6789e+18 3.7330e+18 3.7330e+18 7.1340e-02 0.0000e+00 7.6082e+04 0.0000e+00
1.9800e+03 1.1204e-11 9.0231e-01 2.0969e+03 3.1890e+03 4.4000e+03 3.6897e+18 3.7428e+18 3.7428e+18 7.1251e-02 0.0000e+00 7.6164e+04 0.0000e+00
1.9900e+03 1.1161e-11 8.9999e-01 2.0966e+03 3.1885e+03 4.4000e+03 3.7007e+18 3.7527e+18 3.7527e+18 7.1160e-02 0.0000e+00 7.6248e+04 0.0000e+00
2.0000e+03 1.1118e-11 8.9771e-01 2.0963e+03 3.1880e+03 4.4000e+03 3.7121e+18 3.7630e+18 3.7630e+18 7.1067e-02 0.0000e+00 7.6334e+04 0.0000e+00
2.0100e+03 1.1075e-11 8.9546e-01 2.0959e+03 3.1875e+03 4.4000e+03 3.7237e+18 3.7735e+18 3.7735e+18 7.0972e-02 0.0000e+00 7.6422e+04 0.0000e+00
2.0200e+03 1.1033e-11 8.9323e-01 2.0956e+03 3.1870e+03 4.4000e+03 3.7356e+18 3.7842e+18 3.7842e+18 7.0875e-02 0.0000e+00 7.6512e+04 0.0000e+00
2.0300e+03 1.0991e-11 8.9104e-01 2.0953e+03 3.1865e+03 4.4000e+03 3.7478e+18 3.7952e+18 3.7952e+18 7.0777e-02 0.0000e+00 7.6603e+04 0.0000e+00
2.0400e+03 1.0948e-11 8.8888e-01 2.0949e+03 3.1859e+03 4.4000e+03 3.7603e+18 3.8065e+18 3.8065e+18 7.0677e-02 0.0000e+00 7.6697e+04 0.0000e+00
2.0500e+03 1.0906e-11 8.8675e-01 2.0945e+03 3.1854e+03 4.4000e+03 3.7730e+18 3.8179e+18 3.8179e+18 7.0575e-02 0.0000e+00 7.6793e+04 0.0000e+00
2.0600e+03 1.0864e-11 8.8464e-01 2.0942e+03 3.1848e+03 4.4000e+03 3.7861e+18 3.8297e+18 3.8297e+18 7.0471e-02 0.0000e+00 7.6890e+04 0.0000e+00
2.0700e+03 1.0823e-11 8.8256e-01 2.0938e+03 3.1843e+03 4.4000e+03 3.7994e+18 3.8416e+18 3.8416e+18 7.0366e-02 0.0000e+00 7.6989e+04 0.0000e+00
2.0800e+03 1.0781e-11 8.8051e-01 2.0934e+03 3.1837e+03 4.4000e+03 3.8130e+18 3.8539e+18 3.8539e+18 7.0259e-02 0.0000e+00 7.7090e+04 0.0000e+00
2.0900e+03 1.0740e-11 8.7849e-01 2.0930e+03 3.1831e+03 4.4000e+03 3.8268e+18 3.8663e+18 3.8663e+18 7.0150e-02 0.0000e+00 7.7193e+04 0.0000e+00
2.1000e+03 1.0698e-11 8.7649e-01 2.0926e+03 3.1825e+03 4.4000e+03 3.8410e+18 3.8790e+18 3.8790e+18 7.0040e-02 0.0000e+00 7.7297e+04 0.0000e+00
2.1100e+03 1.0657e-11 8.7451e-01 2.0923e+03 3.1819e+03 4.4000e+03 3.8554e+18 3.8919e+18 3.8919e+18 6.9929e-02 0.0000e+00 7.7404e+04 0.0000e+00
2.1200e+03 1.0616e-11 8.7257e-01 2.0918e+03 3.1813e+03 4.4000e+03 3.8701e+18 3.9051e+18 3.9051e+18 6.9816e-02 0.0000e+00 7.7512e+04 0.0000e+00
2.1300e+03 1.0576e-11 8.7064e-01 2.0914e+03 3.1807e+03 4.4000e+03 3.8850e+18 3.9185e+18 3.9185e+18 6.9702e-02 0.0000e+00 7.7621e+04 0.0000e+00
2.1400e+03 1.0535e-11 8.6874e-01 2.0910e+03 3.1801e+03 4.4000e+03 3.9002e+18 3.9321e+18 3.9321e+18 6.9586e-02 0.0000e+00 7.7733e+04 0.0000e+00
2.1500e+03 1.0495e-11 8.6686e-01 2.0906e+03 3.1794e+03 4.4000e+03 3.9157e+18 3.9459e+18 3.9459e+18 6.9469e-02 0.0000e+00 7.7846e+04 0.0000e+00
2.1600e+03 1.0454e-11 8.6501e-01 2.0902e+03 3.1788e+03 4.4000e+03 3.9315e+18 3.9600e+18 3.9600e+18 6.9350e-02 0.0000e+00 7.7960e+04 0.0000e+00
2.1700e+03 1.0414e-11 8.6318e-01 2.0898e+03 3.1781e+03 4.4000e+03 3.9475e+18 3.9743e+18 3.9743e+18 6.9231e-02 0.0000e+00 7.8076e+04 0.0000e+00
2.1800e+03 1.0374e-11 8.6137e-01 2.0893e+03 3.1775e+03 4.4000e+03 3.9638e+18 3.9889e+18 3.9889e+18 6.9110e-02 0.0000e+00 7.8194e+04 0.0000e+00
2.1900e+03 1.0334e-11 8.5958e-01 2.0889e+03 3.1768e+03 4.4000e+03 3.9804e+18 4.0036e+18 4.0036e+18 6.8987e-02 0.0000e+00 7.8314e+04 0.0000e+00
2.2000e+03 1.0295e-11 8.5781e-01 2.0884e+03 3.1761e+03 4.4000e+03 3.9972e+18 4.0186e+18 4.0186e+18 6.8864e-02 0.0000e+00 7.8435e+04 0.0000e+00
2.2100e+03 1.0255e-11 8.5607e-01 2.0880e+03 3.1754e+03 4.4000e+03 4.0143e+18 4.0338e+18 4.0338e+18 6.8740e-02 0.0000e+00 7.8557e+04 0.0000e+00
2.2200e+03 1.0216e-11 8.5434e-01 2.0875e+03 3.1748e+03 4.4000e+03 4.0316e+18 4.0493e+18 4.0493e+18 6.8614e-02 0.0000e+00 7.8681e+04 0.0000e+00
2.2300e+03 1.0177e-11 8.5263e-01 2.0871e+03 3.1741e+03 4.4000e+03 4.0493e+18 4.0650e+18 4.0650e+18 6.8487e-02 0.0000e+00 7.8807e+04 0.0000e+00
2.2400e+03 1.0137e-11 8.5095e-01 2.0866e+03 3.1734e+03 4.4000e+03 4.0671e+18 4.0808e+18 4.0808e+18 6.8360e-02 0.0000e+00 7.8934e+04 0.0000e+00
2.2500e+03 1.0099e-11 8.4928e-01 2.0862e+03 3.1726e+03 4.4000e+03 4.0853e+18 4.0969e+18 4.0969e+18 6.8231e-02 0.0000e+00 7.9062e+04 0.0000e+00
2.2600e+03 1.0060e-11 8.4763e-01 2.0857e+03 3.1719e+03 4.4000e+03 4.1037e+18 4.1133e+18 4.1133e+18 6.8101e-02 0.0000e+00 7.9192e+04 0.0000e+00
2.2700e+03 1.0021e-11 8.4600e-01 2.0852e+03 3.1712e+03 4.4000e+03 4.1224e+18 4.1298e+18 4.1298e+18 6.7970e-02 0.0000e+00 7.9323e+04 0.0000e+00
2.2800e+03 9.9826e-12 8.4439e-01 2.0847e+03 3.1705e+03 4.4000e+03 4.1413e+18 4.1466e+18 4.1466e+18 6.7838e-02 0.0000e+00 7.9456e+04 0.0000e+00
2.2900e+03 9.9443e-12 8.4279e-01 2.0842e+03 3.1697e+03 4.4000e+03 4.1605e+18 4.1636e+18 4.1636e+18 6.7706e-02 0.0000e+00 7.9590e+04 0.0000e+00
2.3000e+03 9.9061e-12 8.4122e-01 2.0838e+03 3.1690e+03 4.4000e+03 4.1800e+18 4.1808e+18 4.1808e+18 6.7572e-02 0.0000e+00 7.9726e+04 0.0000e+00
2.3100e+03 9.8681e-12 8.3965e-01 2.0833e+03 3.1683e+03 4.4000e+03 4.1997e+18 4.1982e+18 4.1982e+18 6.7438e-02 0.0000e+00 7.9863e+04 0.0000e+00
2.3200e+03 9.8302e-12 8.3811e-01 2.0828e+03 3.1675e+03 4.4000e+03 4.2197e+18 4.2159e+18 4.2159e+18 6.7303e-02 0.0000e+00 8.0001e+04 0.0000e+00
2.3300e+03 9.7924e-12 8.3658e-01 2.0823e+03 3.1667e+03 4.4000e+03 4.2400e+18 4.2338e+18 4.2338e+18 6.7167e-02 0.0000e+00 8.0141e+04 0.0000e+00
2.3400e+03 9.7548e-12 8.3507e-01 2.0818e+03 3.1660e+03 4.4000e+03 4.2605e+18 4.2518e+18 4.2518e+18 6.7030e-02 0.0000e+00 8.0282e+04 0.0000e+00
2.3500e+03 9.7174e-12 8.3358e-01 2.0813e+03 3.1652e+03 4.4000e+03 4.2813e+18 4.2701e+18 4.2701e+18 6.6892e-02 0.0000e+00 8.0424e+04 0.0000e+00
2.3600e+03 9.6801e-12 8.3209e-01 2.0808e+03 3.1644e+03 4.4000e+03 4.3023e+18 4.2887e+18 4.2887e+18 6.6754e-02 0.0000e+00 8.0568e+04 0.0000e+00
2.3700e+03 9.6429e-12 8.3063e-01 2.0802e+03 3.1637e+03 4.4000e+03 4.3236e+18 4.3074e+18 4.3074e+18 6.6615e-02 0.0000e+00 8.0713e+04 0.0000e+00
2.3800e+03 9.6059e-12 8.2918e-01 2.0797e+03 3.1629e+03 4.4000e+03 4.3452e+18 4.3263e+18 4.3263e+18 6.6475e-02 0.0000e+00 8.0859e+04 0.0000e+00
2.3900e+03 9.5690e-12 8.2774e-01 2.0792e+03 3.1621e+03 4.4000e+03 4.3670e+18 4.3455e+18 4.3455e+18 6.6335e-02 0.0000e+00 8.1007e+04 0.0000e+00
2.4000e+03 9.5322e-12 8.2632e-01 2.0787e+03 3.1613e+03 4.4000e+03 4.3891e+18 4.3649e+18 4.3649e+18 6.6194e-02 0.0000e+00 8.1156e+04 0.0000e+00
2.4100e+03 9.4956e-12 8.2491e-01 2.0782e+03 3.1605e+03 4.4000e+03 4.4115e+18 4.3845e+18 4.3845e+18 6.6053e-02 0.0000e+00 8.1306e+04 0.0000e+00
2.4200e+03 9.4592e-12 8.2352e-01 2.0776e+03 3.1597e+03 4.4000e+03 4.4342e+18 4.4043e+18 4.4043e+18 6.5910e-02 0.0000e+00 8.1457e+04 0.0000e+00
2.4300e+03 9.4228e-12 8.2213e-01 2.0771e+03 3.1589e+03 4.4000e+03 4.4571e+18 4.4243e+18 4.4243e+18 6.5768e-02 0.0000e+00 8.1610e+04 0.0000e+00
2.4400e+03 9.3867e-12 8.2077e-01 2.0766e+03 3.1580e+03 4.4000e+03 4.4802e+18 4.4446e+18 4.4446e+18 6.5624e-02 0.0000e+00 8.1763e+04 0.0000e+00
2.4500e+03 9.3506e-12 8.1941e-01 2.0760e+03 3.1572e+03 4.4000e+03 4.5037e+18 4.4650e+18 4.4650e+18 6.5480e-02 0.0000e+00 8.1918e+04 0.0000e+00
2.4600e+03 9.3147e-12 8.1807e-01 2.0755e+03 3.1564e+03 4.4000e+03 4.5274e+18 4.4857e+18 4.4857e+18 6.5336e-02 0.0000e+00 8.2075e+04 0.0000e+00
2.4700e+03 9.2789e-12 8.1674e-01 2.0749e+03 3.1556e+03 4.4000e+03 4.5514e+18 4.5066e+18 4.5066e+18 6.5191e-02 0.0000e+00 8.2232e+04 0.0000e+00
2.4800e+03 9.2433e-12 8.1542e-01 2.0744e+03 3.1547e+03 4.4000e+03 4.5756e+18 4.5277e+18 4.5277e+18 6.5046e-02 0.0000e+00 8.2390e+04 0.0000e+00
2.4900e+03 9.2078e-12 8.1411e-01 2.0738e+03 3.1539e+03 4.4000e+03 4.6001e+18 4.5490e+18 4.5490e+18 6.4900e-02 0.0000e+00 8.2550e+04 0.0000e+00
2.5000e+03 9.1725e-12 8.1282e-01 2.0733e+03 3.1531e+03 4.4000e+03 4.6249e+18 4.5705e+18 4.5705e+18 6.4754e-02 0.0000e+00 8.2711e+04 0.0000e+00
2.5100e+03 9.1372e-12 8.1154e-01 2.0727e+03 3.1522e+03 4.4000e+03 4.6500e+18 4.5923e+18 4.5923e+18 6.4607e-02 0.0000e+00 8.2873e+04 0.0000e+00
2.5200e+03 9.1022e-12 8.1026e-01 2.0722e+03 3.1514e+03 4.4000e+03 4.6753e+18 4.6143e+18 4.6143e+18 6.4460e-02 0.0000e+00 8.3036e+04 0.0000e+00
2.5300e+03 9.0672e-12 8.0900e-01 2.0716e+03 3.1505e+03 4.4000e+03 4.7009e+18 4.6364e+18 4.6364e+18 6.4312e-02 0.0000e+00 8.3200e+04 0.0000e+00
2.5400e+03 9.0324e-12 8.0775e-01 2.0710e+03 3.1497e+03 4.4000e+03 4.7268e+18 4.6588e+18 4.6588e+18 6.4165e-02 0.0000e+00 8.3366e+04 0.0000e+00
2.5500e+03 8.9977e-12 8.0651e-01 2.0705e+03 3.1488e+03 4.4000e+03 4.7530e+18 4.6815e+18 4.6815e+18 6.4016e-02 0.0000e+00 8.3532e+04 0.0000e+00
2.5600e+03 8.9631e-12 8.0529e-01 2.0699e+03 3.1479e+03 4.4000e+03 4.7794e+18 4.7043e+18 4.7043e+18 6.3868e-02 0.0000e+00 8.3700e+04 0.0000e+00
2.5700e+03 8.9287e-12 8.0407e-01 2.0693e+03 3.1471e+03 4.4000e+03 4.8061e+18 4.7273e+18 4.7273e+18 6.3719e-02 0.0000e+00 8.3869e+04 0.0000e+00
2.5800e+03 8.8944e-12 8.0286e-01 2.0688e+03 3.1462e+03 4.4000e+03 4.8331e+18 4.7506e+18 4.7506e+18 6.3570e-02 0.0000e+00 8.4038e+04 0.0000e+00
2.5900e+03 8.8603e-12 8.0166e-01 2.0682e+03 3.1453e+03 4.4000e+03 4.8604e+18 4.7741e+18 4.7741e+18 6.3421e-02 0.0000e+00 8.4209e+04 0.0000e+00
2.6000e+03 8.8263e-12 8.0047e-01 2.0676e+03 3.1445e+03 4.4000e+03 4.8879e+18 4.7978e+18 4.7978e+18 6.3271e-02 0.0000e+00 8.4381e+04 0.0000e+00
2.6100e+03 8.7924e-12 7.9929e-01 2.0670e+03 3.1436e+03 4.4000e+03 4.9158e+18 4.8217e+18 4.8217e+18 6.3121e-02 0.0000e+00 8.4554e+04 0.0000e+00
2.6200e+03 8.7586e-12 7.9812e-01 2.0665e+03 3.1427e+03 4.4000e+03 4.9439e+18 4.8458e+18 4.8458e+18 6.2971e-02 0.0000e+00 8.4728e+04 0.0000e+00
2.6300e+03 8.7250e-12 7.9696e-01 2.0659e+03 3.1418e+03 4.4000e+03 4.9723e+18 4.8702e+18 4.8702e+18 6.2820e-02 0.0000e+00 8.4903e+04 0.0000e+00
2.6400e+03 8.6915e-12 7.9581e-01 2.0653e+03 3.1409e+03 4.4000e+03 5.0010e+18 4.8947e+18 4.8947e+18 6.2670e-02 0.0000e+00 8.5079e+04 0.0000e+00
2.6500e+03 8.6581e-12 7.9467e-01 2.0647e+03 3.1400e+03 4.4000e+03 5.0299e+18 4.9195e+18 4.9195e+18 6.2519e-02 0.0000e+00 8.5257e+04 0.0000e+00
2.6600e+03 8.6248e-12 7.9353e-01 2.0641e+03 3.1391e+03 4.4000e+03 5.0592e+18 4.9445e+18 4.9445e+18 6.2368e-02 0.0000e+00 8.5435e+04 0.0000e+00
2.6700e+03 8.5917e-12 7.9241e-01 2.0635e+03 3.1382e+03 4.4000e+03 5.0887e+18 4.9698e+18 4.9698e+18 6.2217e-02 0.0000e+00 8.5614e+04 0.0000e+00
2.6800e+03 8.5587e-12 7.9129e-01 2.0629e+03 3.1373e+03 4.4000e+03 5.1186e+18 4.9952e+18 4.9952e+18 6.2065e-02 0.0000e+00 8.5794e+04 0.0000e+00
2.6900e+03 8.5259e-12 7.9018e-01 2.0623e+03 3.1364e+03 4.4000e+03 5.1487e+18 5.0209e+18 5.0209e+18 6.1914e-02 0.0000e+00 8.5975e+04 0.0000e+00
2.7000e+03 8.4931e-12 7.8908e-01 2.0618e+03 3.1355e+03 4.4000e+03 5.1791e+18 5.0468e+18 5.0468e+18 6.1762e-02 0.0000e+00 8.6158e+04 0.0000e+00
2.7100e+03 8.4605e-12 7.8798e-01 2.0612e+03 3.1346e+03 4.4000e+03 5.2098e+18 5.0729e+18 5.0729e+18 6.1610e-02 0.0000e+00 8.6341e+04 0.0000e+00
2.7200e+03 8.4280e-12 7.8690e-01 2.0606e+03 3.1337e+03 4.4000e+03 5.2408e+18 5.0992e+18 5.0992e+18 6.1458e-02 0.0000e+00 8.6525e+04 0.0000e+00
2.7300e+03 8.3957e-12 7.8582e-01 2.0600e+03 3.1328e+03 4.4000e+03 5.2721e+18 5.1257e+18 5.1257e+18 6.1306e-02 0.0000e+00 8.6710e+04 0.0000e+00
2.7400e+03 8.3634e-12 7.8475e-01 2.0594e+03 3.1319e+03 4.4000e+03 5.3037e+18 5.1525e+18 5.1525e+18 6.1154e-02 0.0000e+00 8.6896e+04 0.0000e+00
2.7500e+03 8.3313e-12 7.8368e-01 2.0588e+03 3.1310e+03 4.4000e+03 5.3356e+18 5.1795e+18 5.1795e+18 6.1002e-02 0.0000e+00 8.7083e+04 0.0000e+00
2.7600e+03 8.2993e-12 7.8263e-01 2.0581e+03 3.1301e+03 4.4000e+03 5.3678e+18 5.2067e+18 5.2067e+18 6.0850e-02 0.0000e+00 8.7271e+04 0.0000e+00
2.7700e+03 8.2675e-12 7.8158e-01 2.0575e+03 3.1291e+03 4.4000e+03 5.4003e+18 5.2342e+18 5.2342e+18 6.0698e-02 0.0000e+00 8.7460e+04 0.0000e+00
2.7800e+03 8.2357e-12 7.8053e-01 2.0569e+03 3.1282e+03 4.4000e+03 5.4331e+18 5.2619e+18 5.2619e+18 6.0545e-02 0.0000e+00 8.7650e+04 0.0000e+00
2.7900e+03 8.2041e-12 7.7950e-01 2.0563e+03 3.1273e+03 4.4000e+03 5.4662e+18 5.2898e+18 5.2898e+18 6.0393e-02 0.0000e+00 8.7841e+04 0.0000e+00
2.8000e+03 8.1726e-12 7.7847e-01 2.0557e+03 3.1264e+03 4.4000e+03 5.4996e+18 5.3179e+18 5.3179e+18 6.0241e-02 0.0000e+00 8.8033e+04 0.0000e+00
2.8100e+03 8.1412e-12 7.7745e-01 2.0551e+03 3.1254e+03 4.4000e+03 5.5334e+18 5.3462e+18 5.3462e+18 6.0088e-02 0.0000e+00 8.8226e+04 0.0000e+00
2.8200e+03 8.1099e-12 7.7643e-01 2.0545e+03 3.1245e+03 4.4000e+03 5.5674e+18 5.3748e+18 5.3748e+18 5.9936e-02 0.0000e+00 8.8419e+04 0.0000e+00
2.8300e+03 8.0788e-12 7.7542e-01 2.0539e+03 3.1236e+03 4.4000e+03 5.6017e+18 5.4036e+18 5.4036e+18 5.9783e-02 0.0000e+00 8.8614e+04 0.0000e+00
2.8400e+03 8.0478e-12 7.7442e-01 2.0533e+03 3.1226e+03 4.4000e+03 5.6364e+18 5.4326e+18 5.4326e+18 5.9631e-02 0.0000e+00 8.8809e+04 0.0000e+00
2.8500e+03 8.0169e-12 7.7342e-01 2.0526e+03 3.1217e+03 4.4000e+03 5.6714e+18 5.4619e+18 5.4619e+18 5.9479e-02 0.0000e+00 8.9006e+04 0.0000e+00
2.8600e+03 7.9861e-12 7.7243e-01 2.0520e+03 3.1208e+03 4.4000e+03 5.7067e+18 5.4914e+18 5.4914e+18 5.9326e-02 0.0000e+00 8.9203e+04 0.0000e+00
2.8700e+03 7.9554e-12 7.7144e-01 2.0514e+03 3.1198e+03 4.4000e+03 5.7423e+18 5.5211e+18 5.5211e+18 5.9174e-02 0.0000e+00 8.9401e+04 0.0000e+00
2.8800e+03 7.9249e-12 7.7046e-01 2.0508e+03 3.1189e+03 4.4000e+03 5.7782e+18 5.5511e+18 5.5511e+18 5.9022e-02 0.0000e+00 8.9601e+04 0.0000e+00
2.8900e+03 7.8944e-12 7.6949e-01 2.0502e+03 3.1179e+03 4.4000e+03 5.8144e+18 5.5813e+18 5.5813e+18 5.8870e-02 0.0000e+00 8.9801e+04 0.0000e+00
2.9000e+03 7.8641e-12 7.6852e-01 2.0496e+03 3.1170e+03 4.4000e+03 5.8510e+18 5.6117e+18 5.6117e+18 5.8718e-02 0.0000e+00 9.0001e+04 0.0000e+00
2.9100e+03 7.8339e-12 7.6756e-01 2.0489e+03 3.1160e+03 4.4000e+03 5.8879e+18 5.6424e+18 5.6424e+18 5.8565e-02 0.0000e+00 9.0203e+04 0.0000e+00
2.9200e+03 7.8038e-12 7.6660e-01 2.0483e+03 3.1151e+03 4.4000e+03 5.9251e+18 5.6732e+18 5.6732e+18 5.8413e-02 0.0000e+00 9.0406e+04 0.0000e+00
2.9300e+03 7.7739e-12 7.6564e-01 2.0477e+03 3.1141e+03 4.4000e+03 5.9627e+18 5.7044e+18 5.7044e+18 5.8262e-02 0.0000e+00 9.0609e+04 0.0000e+00
2.9400e+03 7.7440e-12 7.6470e-01 2.0471e+03 3.1132e+03 4.4000e+03 6.0006e+18 5.7357e+18 5.7357e+18 5.8110e-02 0.0000e+00 9.0814e+04 0.0000e+00
2.9500e+03 7.7143e-12 7.6375e-01 2.0464e+03 3.1122e+03 4.4000e+03 6.0388e+18 5.7673e+18 5.7673e+18 5.7958e-02 0.0000e+00 9.1019e+04 0.0000e+00
2.9600e+03 7.6847e-12 7.6282e-01 2.0458e+03 3.1113e+03 4.4000e+03 6.0774e+18 5.7992e+18 5.7992e+18 5.7807e-02 0.0000e+00 9.1225e+04 0.0000e+00
2.9700e+03 7.6551e-12 7.6188e-01 2.0452e+03 3.1103e+03 4.4000e+03 6.1163e+18 5.8312e+18 5.8312e+18 5.7655e-02 0.0000e+00 9.1432e+04 0.0000e+00
2.9800e+03 7.6258e-12 7.6096e-01 2.0445e+03 3.1094e+03 4.4000e+03 6.1555e+18 5.8636e+18 5.8636e+18 5.7504e-02 0.0000e+00 9.1640e+04 0.0000e+00
2.9900e+03 7.5965e-12 7.6003e-01 2.0439e+03 3.1084e+03 4.4000e+03 6.1951e+18 5.8961e+18 5.8961e+18 5.7353e-02 0.0000e+00 9.1849e+04 0.0000e+00
3.0000e+03 7.5673e-12 7.5911e-01 2.0433e+03 3.1075e+03 4.4000e+03 6.2350e+18 5.9289e+18 5.9289e+18 5.7201e-02 0.0000e+00 9.2058e+04 0.0000e+00
3.0100e+03 7.5382e-12 7.5820e-01 2.0427e+03 3.1065e+03 4.4000e+03 6.2752e+18 5.9620e+18 5.9620e+18 5.7050e-02 0.0000e+00 9.2269e+04 0.0000e+00
3.0200e+03 7.5093e-12 7.5729e-01 2.0420e+03 3.1055e+03 4.4000e+03 6.3158e+18 5.9952e+18 5.9952e+18 5.6900e-02 0.0000e+00 9.2480e+04 0.0000e+00
3.0300e+03 7.4805e-12 7.5638e-01 2.0414e+03 3.1046e+03 4.4000e+03 6.3568e+18 6.0288e+18 6.0288e+18 5.6749e-02 0.0000e+00 9.2692e+04 0.0000e+00
3.0400e+03 7.4517e-12 7.5548e-01 2.0408e+03 3.1036e+03 4.4000e+03 6.3981e+18 6.0625e+18 6.0625e+18 5.6599e-02 0.0000e+00 9.2905e+04 0.0000e+00
3.0500e+03 7.4231e-12 7.5459e-01 2.0401e+03 3.1026e+03 4.4000e+03 6.4398e+18 6.0965e+18 6.0965e+18 5.6448e-02 0.0000e+00 9.3118e+04 0.0000e+00
3.0600e+03 7.3946e-12 7.5369e-01 2.0395e+03 3.1017e+03 4.4000e+03 6.4818e+18 6.1308e+18 6.1308e+18 5.6298e-02 0.0000e+00 9.3333e+04 0.0000e+00
3.0700e+03 7.3662e-12 7.5280e-01 2.0389e+03 3.1007e+03 4.4000e+03 6.5242e+18 6.1653e+18 6.1653e+18 5.6148e-02 0.0000e+00 9.3548e+04 0.0000e+00
3.0800e+03 7.3379e-12 7.5192e-01 2.0382e+03 3.0997e+03 4.4000e+03 6.5669e+18 6.2001e+18 6.2001e+18 5.5998e-02 0.0000e+00 9.3765e+04 0.0000e+00
3.0900e+03 7.3098e-12 7.5104e-01 2.0376e+03 3.0988e+03 4.4000e+03 6.6100e+18 6.2351e+18 6.2351e+18 5.5849e-02 0.0000e+00 9.3982e+04 0.0000e+00
3.1000e+03 7.2817e-12 7.5016e-01 2.0369e+03 3.0978e+03 4.4000e+03 6.6535e+18 6.2703e+18 6.2703e+18 5.5699e-02 0.0000e+00 9.4199e+04 0.0000e+00
3.1100e+03 7.2537e-12 7.4929e-01 2.0363e+03 3.0968e+03 4.4000e+03 6.6973e+18 6.3059e+18 6.3059e+18 5.5550e-02 0.0000e+00 9.4418e+04 0.0000e+00
3.1200e+03 7.2259e-12 7.4842e-01 2.0357e+03 3.0959e+03 4.4000e+03 6.7415e+18 6.3416e+18 6.3416e+18 5.5401e-02 0.0000e+00 9.4637e+04 0.0000e+00
3.1300e+03 7.1981e-12 7.4755e-01 2.0350e+03 3.0949e+03 4.4000e+03 6.7861e+18 6.3776e+18 6.3776e+18 5.5252e-02 0.0000e+00 9.4858e+04 0.0000e+00
3.1400e+03 7.1705e-12 7.4669e-01 2.0344e+03 3.0939e+03 4.4000e+03 6.8311e+18 6.4139e+18 6.4139e+18 5.5104e-02 0.0000e+00 9.5079e+04 0.0000e+00
3.1500e+03 7.1429e-12 7.4583e-01 2.0338e+03 3.0930e+03 4.4000e+03 6.8764e+18 6.4504e+18 6.4504e+18 5.4955e-02 0.0000e+00 9.5300e+04 0.0000e+00
3.1600e+03 7.1155e-12 7.4497e-01 2.0331e+03 3.0920e+03 4.4000e+03 6.9221e+18 6.4872e+18 6.4872e+18 5.4807e-02 0.0000e+00 9.5523e+04 0.0000e+00
3.1700e+03 7.0882e-12 7.4412e-01 2.0325e+03 3.0910e+03 4.4000e+03 6.9682e+18 6.5242e+18 6.5242e+18 5.4659e-02 0.0000e+00 9.5746e+04 0.0000e+00
3.1800e+03 7.0610e-12 7.4327e-01 2.0318e+03 3.0900e+03 4.4000e+03 7.0147e+18 6.5615e+18 6.5615e+18 5.4512e-02 0.0000e+00 9.5971e+04 0.0000e+00
3.1900e+03 7.0339e-12 7.4243e-01 2.0312e+03 3.0891e+03 4.4000e+03 7.0615e+18 6.5991e+18 6.5991e+18 5.4364e-02 0.0000e+00 9.6196e+04 0.0000e+00
3.2000e+03 7.0069e-12 7.4159e-01 2.0306e+03 3.0881e+03 4.4000e+03 7.1088e+18 6.6369e+18 6.6369e+18 5.4217e-02 0.0000e+00 9.6421e+04 0.0000e+00
3.2100e+03 6.9799e-12 7.4075e-01 2.0299e+03 3.0871e+03 4.4000e+03 7.1564e+18 6.6750e+18 6.6750e+18 5.4070e-02 0.0000e+00 9.6648e+04 0.0000e+00
3.2200e+03 6.9531e-12 7.3991e-01 2.0293e+03 3.0861e+03 4.4000e+03 7.2045e+18 6.7134e+18 6.7134e+18 5.3923e-02 0.0000e+00 9.6875e+04 0.0000e+00
3.2300e+03 6.9264e-12 7.3908e-01 2.0286e+03 3.0852e+03 4.4000e+03 7.2529e+18 6.7520e+18 6.7520e+18 5.3776e-02 0.0000e+00 9.7103e+04 0.0000e+00
3.2400e+03 6.8998e-12 7.3825e-01 2.0280e+03 3.0842e+03 4.4000e+03 7.3017e+18 6.7908e+18 6.7908e+18 5.3630e-02 0.0000e+00 9.7332e+04 0.0000e+00
3.2500e+03 6.8733e-12 7.3742e-01 2.0273e+03 3.0832e+03 4.4000e+03 7.3510e+18 6.8300e+18 6.8300e+18 5.3484e-02 0.0000e+00 9.7562e+04 0.0000e+00
3.2600e+03 6.8470e-12 7.3660e-01 2.0267e+03 3.0822e+03 4.4000e+03 7.4006e+18 6.8694e+18 6.8694e+18 5.3338e-02 0.0000e+00 9.7792e+04 0.0000e+00
3.2700e+03 6.8207e-12 7.3577e-01 2.0261e+03 3.0812e+03 4.4000e+03 7.4507e+18 6.9091e+18 6.9091e+18 5.3193e-02 0.0000e+00 9.8024e+04 0.0000e+00
3.2800e+03 6.7945e-12 7.3496e-01 2.0254e+03 3.0803e+03 4.4000e+03 7.5012e+18 6.9490e+18 6.9490e+18 5.3048e-02 0.0000e+00 9.8256e+04 0.0000e+00
3.2900e+03 6.7684e-12 7.3414e-01 2.0248e+03 3.0793e+03 4.4000e+03 7.5520e+18 6.9892e+18 6.9892e+18 5.2903e-02 0.0000e+00 9.8488e+04 0.0000e+00
3.3000e+03 6.7424e-12 7.3333e-01 2.0241e+03 3.0783e+03 4.4000e+03 7.6033e+18 7.0297e+18 7.0297e+18 5.2758e-02 0.0000e+00 9.8722e+04 0.0000e+00
3.3100e+03 6.7165e-12 7.3252e-01 2.0235e+03 3.0773e+03 4.4000e+03 7.6550e+18 7.0705e+18 7.0705e+18 5.2614e-02 0.0000e+00 9.8956e+04 0.0000e+00
3.3200e+03 6.6907e-12 7.3171e-01 2.0228e+03 3.0763e+03 4.4000e+03 7.7072e+18 7.1115e+18 7.1115e+18 5.2470e-02 0.0000e+00 9.9191e+04 0.0000e+00
3.3300e+03 6.6650e-12 7.3090e-01 2.0222e+03 3.0754e+03 4.4000e+03 7.7598e+18 7.1528e+18 7.1528e+18 5.2326e-02 0.0000e+00 9.9427e+04 0.0000e+00
3.3400e+03 6.6394e-12 7.3010e-01 2.0215e+03 3.0744e+03 4.4000e+03 7.8128e+18 7.1944e+18 7.1944e+18 5.2182e-02 0.0000e+00 9.9663e+04 0.0000e+00
3.3500e+03 6.6139e-12 7.2930e-01 2.0209e+03 3.0734e+03 4.4000e+03 7.8662e+18 7.2363e+18 7.2363e+18 5.2039e-02 0.0000e+00 9.9901e+04 0.0000e+00
3.3600e+03 6.5885e-12 7.2850e-01 2.0203e+03 3.0724e+03 4.4000e+03 7.9200e+18 7.2784e+18 7.2784e+18 5.1896e-02 0.0000e+00 1.0014e+05 0.0000e+00
3.3700e+03 6.5632e-12 7.2770e-01 2.0196e+03 3.0714e+03 4.4000e+03 7.9743e+18 7.3209e+18 7.3209e+18 5.1753e-02 0.0000e+00 1.0038e+05 0.0000e+00
3.3800e+03 6.5380e-12 7.2691e-01 2.0190e+03 3.0705e+03 4.4000e+03 8.0291e+18 7.3636e+18 7.3636e+18 5.1611e-02 0.0000e+00 1.0062e+05 0.0000e+00
3.3900e+03 6.5129e-12 7.2612e-01 2.0183e+03 3.0695e+03 4.4000e+03 8.0843e+18 7.4066e+18 7.4066e+18 5.1468e-02 0.0000e+00 1.0086e+05 0.0000e+00
3.4000e+03 6.4879e-12 7.2533e-01 2.0177e+03 3.0685e+03 4.4000e+03 8.1399e+18 7.4499e+18 7.4499e+18 5.1327e-02 0.0000e+00 1.0110e+05 0.0000e+00
3.4100e+03 6.4630e-12 7.2454e-01 2.0170e+03 3.0675e+03 4.4000e+03 8.1960e+18 7.4934e+18 7.4934e+18 5.1185e-02 0.0000e+00 1.0134e+05 0.0000e+00
3.4200e+03 6.4382e-12 7.2376e-01 2.0164e+03 3.0665e+03 4.4000e+03 8.2525e+18 7.5373e+18 7.5373e+18 5.1044e-02 0.0000e+00 1.0158e+05 0.0000e+00
3.4300e+03 6.4135e-12 7.2297e-01 2.0157e+03 3.0656e+03 4.4000e+03 8.3095e+18 7.5814e+18 7.5814e+18 5.0903e-02 0.0000e+00 1.0183e+05 0.0000e+00
3.4400e+03 6.3888e-12 7.2219e-01 2.0151e+03 3.0646e+03 4.4000e+03 8.3669e+18 7.6259e+18 7.6259e+18 5.0762e-02 0.0000e+00 1.0207e+05 0.0000e+00
3.4500e+03 6.3643e-12 7.2141e-01 2.0144e+03 3.0636e+03 4.4000e+03 8.4248e+18 7.6706e+18 7.6706e+18 5.0622e-02 0.0000e+00 1.0231e+05 0.0000e+00
3.4600e+03 6.3399e-12 7.2064e-01 2.0138e+03 3.0626e+03 4.4000e+03 8.4832e+18 7.7156e+18 7.7156e+18 5.0482e-02 0.0000e+00 1.0256e+05 0.0000e+00
3.4700e+03 6.3155e-12 7.1986e-01 2.0132e+03 3.0616e+03 4.4000e+03 8.5421e+18 7.7609e+18 7.7609e+18 5.0342e-02 0.0000e+00 1.0281e+05 0.0000e+00
3.4800e+03 6.2913e-12 7.1909e-01 2.0125e+03 3.0606e+03 4.4000e+03 8.6014e+18 7.8065e+18 7.8065e+18 5.0203e-02 0.0000e+00 1.0305e+05 0.0000e+00
3.4900e+03 6.2671e-12 7.1832e-01 2.0119e+03 3.0597e+03 4.4000e+03 8.6612e+18 7.8524e+18 7.8524e+18 5.0064e-02 0.0000e+00 1.0330e+05 0.0000e+00
3.5000e+03 6.2430e-12 7.1755e-01 2.0112e+03 3.0587e+03 4.4000e+03 8.7214e+18 7.8986e+18 7.8986e+18 4.9925e-02 0.0000e+00 1.0355e+05 0.0000e+00
3.5100e+03 6.2191e-12 7.1678e-01 2.0106e+03 3.0577e+03 4.4000e+03 8.7822e+18 7.9451e+18 7.9451e+18 4.9786e-02 0.0000e+00 1.0380e+05 0.0000e+00
3.5200e+03 6.1952e-12 7.1602e-01 2.0099e+03 3.0567e+03 4.4000e+03 8.8434e+18 7.9919e+18 7.9919e+18 4.9648e-02 0.0000e+00 1.0405e+05 0.0000e+00
3.5300e+03 6.1714e-12 7.1525e-01 2.0093e+03 3.0557e+03 4.4000e+03 8.9052e+18 8.0390e+18 8.0390e+18 4.9510e-02 0.0000e+00 1.0430e+05 0.0000e+00
3.5400e+03 6.1477e-12 7.1449e-01 2.0086e+03 3.0547e+03 4.4000e+03 8.9674e+18 8.0864e+18 8.0864e+18 4.9373e-02 0.0000e+00 1.0455e+05 0.0000e+00
3.5500e+03 6.1241e-12 7.1373e-01 2.0080e+03 3.0538e+03 4.4000e+03 9.0301e+18 8.1341e+18 8.1341e+18 4.9236e-02 0.0000e+00 1.0480e+05 0.0000e+00
3.5600e+03 6.1006e-12 7.1297e-01 2.0073e+03 3.0528e+03 4.4000e+03 9.0933e+18 8.1822e+18 8.1822e+18 4.9099e-02 0.0000e+00 1.0505e+05 0.0000e+00
3.5700e+03 6.0771e-12 7.1221e-01 2.0067e+03 3.0518e+03 4.4000e+03 9.1571e+18 8.2305e+18 8.2305e+18 4.8962e-02 0.0000e+00 1.0531e+05 0.0000e+00
3.5800e+03 6.0538e-12 7.1146e-01 2.0060e+03 3.0508e+03 4.4000e+03 9.2213e+18 8.2791e+18 8.2791e+18 4.8826e-02 0.0000e+00 1.0556e+05 0.0000e+00
3.5900e+03 6.0306e-12 7.1070e-01 2.0054e+03 3.0498e+03 4.4000e+03 9.2861e+18 8.3281e+18 8.3281e+18 4.8690e-02 0.0000e+00 1.0582e+05 0.0000e+00
3.6000e+03 6.0074e-12 7.0995e-01 2.0048e+03 3.0489e+03 4.4000e+03 9.3513e+18 8.3773e+18 8.3773e+18 4.8555e-02 0.0000e+00 1.0607e+05 0.0000e+00
3.6100e+03 5.9843e-12 7.0920e-01 2.0041e+03 3.0479e+03 4.4000e+03 9.4171e+18 8.4269e+18 8.4269e+18 4.8419e-02 0.0000e+00 1.0633e+05 0.0000e+00
3.6200e+03 5.9614e-12 7.0845e-01 2.0035e+03 3.0469e+03 4.4000e+03 9.4834e+18 8.4768e+18 8.4768e+18 4.8285e-02 0.0000e+00 1.0659e+05 0.0000e+00
3.6300e+03 5.9385e-12 7.0770e-01 2.0028e+03 3.0459e+03 4.4000e+03 9.5502e+18 8.5270e+18 8.5270e+18 4.8150e-02 0.0000e+00 1.0684e+05 0.0000e+00
3.6400e+03 5.9157e-12 7.0696e-01 2.0022e+03 3.0449e+03 4.4000e+03 9.6176e+18 8.5775e+18 8.5775e+18 4.8016e-02 0.0000e+00 1.0710e+05 0.0000e+00
3.6500e+03 5.8929e-12 7.0621e-01 2.0015e+03 3.0440e+03 4.4000e+03 9.6855e+18 8.6284e+18 8.6284e+18 4.7882e-02 0.0000e+00 1.0736e+05 0.0000e+00
3.6600e+03 5.8703e-12 7.0547e-01 2.0009e+03 3.0430e+03 4.4000e+03 9.7539e+18 8.6795e+18 8.6795e+18 4.7748e-02 0.0000e+00 1.0762e+05 0.0000e+00
3.6700e+03 5.8478e-12 7.0472e-01 2.0002e+03 3.0420e+03 4.4000e+03 9.8229e+18 8.7310e+18 8.7310e+18 4.7615e-02 0.0000e+00 1.0788e+05 0.0000e+00
3.6800e+03 5.8253e-12 7.0398e-01 1.9996e+03 3.0410e+03 4.4000e+03 9.8924e+18 8.7828e+18 8.7828e+18 4.7482e-02 0.0000e+00 1.0814e+05 0.0000e+00
3.6900e+03 5.8029e-12 7.0324e-01 1.9990e+03 3.0400e+03 4.4000e+03 9.9625e+18 8.8350e+18 8.8350e+18 4.7350e-02 0.0000e+00 1.0840e+05 0.0000e+00
3.7000e+03 5.7807e-12 7.0250e-01 1.9983e+03 3.0391e+03 4.4000e+03 1.0033e+19 8.8874e+18 8.8874e+18 4.7217e-02 0.0000e+00 1.0867e+05 0.0000e+00
3.7100e+03 5.7585e-12 7.0177e-01 1.9977e+03 3.0381e+03 4.4000e+03 1.0104e+19 8.9402e+18 8.9402e+18 4.7085e-02 0.0000e+00 1.0893e+05 0.0000e+00
3.7200e+03 5.7364e-12 7.0103e-01 1.9970e+03 3.0371e+03 4.4000e+03 1.0176e+19 8.9934e+18 8.9934e+18 4.6954e-02 0.0000e+00 1.0919e+05 0.0000e+00
3.7300e+03 5.7143e-12 7.0029e-01 1.9964e+03 3.0361e+03 4.4000e+03 1.0248e+19 9.0468e+18 9.0468e+18 4.6823e-02 0.0000e+00 1.0946e+05 0.0000e+00
3.7400e+03 5.6924e-12 6.9956e-01 1.9957e+03 3.0351e+03 4.4000e+03 1.0321e+19 9.1006e+18 9.1006e+18 4.6692e-02 0.0000e+00 1.0972e+05 0.0000e+00
3.7500e+03 5.6705e-12 6.9883e-01 1.9951e+03 3.0342e+03 4.4000e+03 1.0395e+19 9.1547e+18 9.1547e+18 4.6561e-02 0.0000e+00 1.0999e+05 0.0000e+00
3.7600e+03 5.6488e-12 6.9810e-01 1.9945e+03 3.0332e+03 4.4000e+03 1.0469e+19 9.2092e+18 9.2092e+18 4.6431e-02 0.0000e+00 1.1026e+05 0.0000e+00
3.7700e+03 5.6271e-12 6.9737e-01 1.9938e+03 3.0322e+03 4.4000e+03 1.0543e+19 9.2640e+18 9.2640e+18 4.6301e-02 0.0000e+00 1.1052e+05 0.0000e+00
3.7800e+03 5.6055e-12 6.9664e-01 1.9932e+03 3.0312e+03 4.4000e+03 1.0619e+19 9.3192e+18 9.3192e+18 4.6172e-02 0.0000e+00 1.1079e+05 0.0000e+00
3.7900e+03 5.5839e-12 6.9591e-01 1.9925e+03 3.0303e+03 4.4000e+03 1.0694e+19 9.3746e+18 9.3746e+18 4.6043e-02 0.0000e+00 1.1106e+05 0.0000e+00
3.8000e+03 5.5625e-12 6.9518e-01 1.9919e+03 3.0293e+03 4.4000e+03 1.0771e+19 9.4305e+18 9.4305e+18 4.5914e-02 0.0000e+00 1.1133e+05 0.0000e+00
3.8100e+03 5.5411e-12 6.9445e-01 1.9913e+03 3.0283e+03 4.4000e+03 1.0848e+19 9.4866e+18 9.4866e+18 4.5785e-02 0.0000e+00 1.1160e+05 0.0000e+00
3.8200e+03 5.5198e-12 6.9373e-01 1.9906e+03 3.0273e+03 4.4000e+03 1.0925e+19 9.5432e+18 9.5432e+18 4.5657e-02 0.0000e+00 1.1187e+05 0.0000e+00
3.8300e+03 5.4987e-12 6.9300e-01 1.9900e+03 3.0264e+03 4.4000e+03 1.1004e+19 9.6000e+18 9.6000e+18 4.5530e-02 0.0000e+00 1.1215e+05 0.0000e+00
3.8400e+03 5.4775e-12 6.9228e-01 1.9893e+03 3.0254e+03 4.4000e+03 1.1082e+19 9.6573e+18 9.6573e+18 4.5402e-02 0.0000e+00 1.1242e+05 0.0000e+00
3.8500e+03 5.4565e-12 6.9156e-01 1.9887e+03 3.0244e+03 4.4000e+03 1.1162e+19 9.7148e+18 9.7148e+18 4.5275e-02 0.0000e+00 1.1269e+05 0.0000e+00
3.8600e+03 5.4355e-12 6.9084e-01 1.9881e+03 3.0235e+03 4.4000e+03 1.1242e+19 9.7728e+18 9.7728e+18 4.5148e-02 0.0000e+00 1.1296e+05 0.0000e+00
3.8700e+03 5.4147e-12 6.9011e-01 1.9874e+03 3.0225e+03 4.4000e+03 1.1323e+19 9.8311e+18 9.8311e+18 4.5022e-02 0.0000e+00 1.1324e+05 0.0000e+00
3.8800e+03 5.3939e-12 6.8940e-01 1.9868e+03 3.0215e+03 4.4000e+03 1.1404e+19 9.8897e+18 9.8897e+18 4.4896e-02 0.0000e+00 1.1351e+05 0.0000e+00
3.8900e+03 5.3732e-12 6.8868e-01 1.9861e+03 3.0205e+03 4.4000e+03 1.1486e+19 9.9487e+18 9.9487e+18 4.4770e-02 0.0000e+00 1.1379e+05 0.0000e+00
3.9000e+03 5.3525e-12 6.8796e-01 1.9855e+03 3.0196e+03 4.4000e+03 1.1568e+19 1.0008e+19 1.0008e+19 4.4645e-02 0.0000e+00 1.1407e+05 0.0000e+00
3.9100e+03 5.3320e-12 6.8724e-01 1.9849e+03 3.0186e+03 4.4000e+03 1.1652e+19 1.0068e+19 1.0068e+19 4.4520e-02 0.0000e+00 1.1434e+05 0.0000e+00
3.9200e+03 5.3115e-12 6.8652e-01 1.9842e+03 3.0176e+03 4.4000e+03 1.1736e+19 1.0128e+19 1.0128e+19 4.4395e-02 0.0000e+00 1.1462e+05 0.0000e+00
3.9300e+03 5.2911e-12 6.8581e-01 1.9836e+03 3.0167e+03 4.4000e+03 1.1820e+19 1.0188e+19 1.0188e+19 4.4271e-02 0.0000e+00 1.1490e+05 0.0000e+00
3.9400e+03 5.2708e-12 6.8509e-01 1.9829e+03 3.0157e+03 4.4000e+03 1.1905e+19 1.0249e+19 1.0249e+19 4.4147e-02 0.0000e+00 1.1518e+05 0.0000e+00
3.9500e+03 5.2506e-12 6.8438e-01 1.9823e+03 3.0147e+03 4.4000e+03 1.1991e+19 1.0310e+19 1.0310e+19 4.4023e-02 0.0000e+00 1.1546e+05 0.0000e+00
3.9600e+03 5.2304e-12 6.8367e-01 1.9817e+03 3.0137e+03 4.4000e+03 1.2078e+19 1.0372e+19 1.0372e+19 4.3900e-02 0.0000e+00 1.1574e+05 0.0000e+00
3.9700e+03 5.2103e-12 6.8295e-01 1.9810e+03 3.0128e+03 4.4000e+03 1.2165e+19 1.0434e+19 1.0434e+19 4.3777e-02 0.0000e+00 1.1602e+05 0.0000e+00
3.9800e+03 5.1903e-12 6.8224e-01 1.9804e+03 3.0118e+03 4.4000e+03 1.2253e+19 1.0496e+19 1.0496e+19 4.3654e-02 0.0000e+00 1.1630e+05 0.0000e+00
3.9900e+03 5.1704e-12 6.8153e-01 1.9798e+03 3.0108e+03 4.4000e+03 1.2342e+19 1.0559e+19 1.0559e+19 4.3532e-02 0.0000e+00 1.1659e+05 0.0000e+00
4.0000e+03 5.1505e-12 6.8082e-01 1.9791e+03 3.0099e+03 4.4000e+03 1.2431e+19 1.0622e+19 1.0622e+19 4.3410e-02 0.0000e+00 1.1687e+05 0.0000e+00
4.0100e+03 5.1307e-12 6.8011e-01 1.9785e+03 3.0089e+03 4.4000e+03 1.2521e+19 1.0685e+19 1.0685e+19 4.3289e-02 0.0000e+00 1.1716e+05 0.0000e+00
4.0200e+03 5.1110e-12 6.7940e-01 1.9779e+03 3.0080e+03 4.4000e+03 1.2612e+19 1.0749e+19 1.0749e+19 4.3167e-02 0.0000e+00 1.1744e+05 0.0000e+00
4.0300e+03 5.0914e-12 6.7869e-01 1.9772e+03 3.0070e+03 4.4000e+03 1.2703e+19 1.0813e+19 1.0813e+19 4.3046e-02 0.0000e+00 1.1773e+05 0.0000e+00
4.0400e+03 5.0719e-12 6.7798e-01 1.9766e+03 3.0060e+03 4.4000e+03 1.2795e+19 1.0878e+19 1.0878e+19 4.2926e-02 0.0000e+00 1.1801e+05 0.0000e+00
4.0500e+03 5.0524e-12 6.7728e-01 1.9760e+03 3.0051e+03 4.4000e+03 1.2888e+19 1.0943e+19 1.0943e+19 4.2806e-02 0.0000e+00 1.1830e+05 0.0000e+00
4.0600e+03 5.0330e-12 6.7657e-01 1.9753e+03 3.0041e+03 4.4000e+03 1.2981e+19 1.1008e+19 1.1008e+19 4.2686e-02 0.0000e+00 1.1859e+05 0.0000e+00
4.0700e+03 5.0137e-12 6.7586e-01 1.9747e+03 3.0031e+03 4.4000e+03 1.3076e+19 1.1074e+19 1.1074e+19 4.2566e-02 0.0000e+00 1.1888e+05 0.0000e+00
4.0800e+03 4.9944e-12 6.7516e-01 1.9741e+03 3.0022e+03 4.4000e+03 1.3171e+19 1.1140e+19 1.1140e+19 4.2447e-02 0.0000e+00 1.1916e+05 0.0000e+00
4.0900e+03 4.9752e-12 6.7445e-01 1.9734e+03 3.0012e+03 4.4000e+03 1.3267e+19 1.1207e+19 1.1207e+19 4.2328e-02 0.0000e+00 1.1945e+05 0.0000e+00
4.1000e+03 4.9561e-12 6.7375e-01 1.9728e+03 3.0003e+03 4.4000e+03 1.3363e+19 1.1274e+19 1.1274e+19 4.2210e-02 0.0000e+00 1.1974e+05 0.0000e+00
4.1100e+03 4.9371e-12 6.7305e-01 1.9722e+03 2.9993e+03 4.4000e+03 1.3460e+19 1.1341e+19 1.1341e+19 4.2092e-02 0.0000e+00 1.2004e+05 0.0000e+00
4.1200e+03 4.9181e-12 6.7234e-01 1.9715e+03 2.9983e+03 4.4000e+03 1.3558e+19 1.1409e+19 1.1409e+19 4.1974e-02 0.0000e+00 1.2033e+05 0.0000e+00
4.1300e+03 4.8992e-12 6.7164e-01 1.9709e+03 2.9974e+03 4.4000e+03 1.3657e+19 1.1477e+19 1.1477e+19 4.1857e-02 0.0000e+00 1.2062e+05 0.0000e+00
4.1400e+03 4.8804e-12 6.7094e-01 1.9703e+03 2.9964e+03 4.4000e+03 1.3757e+19 1.1546e+19 1.1546e+19 4.1740e-02 0.0000e+00 1.2091e+05 0.0000e+00
4.1500e+03 4.8617e-12 6.7024e-01 1.9697e+03 2.9955e+03 4.4000e+03 1.3857e+19 1.1615e+19 1.1615e+19 4.1623e-02 0.0000e+00 1.2121e+05 0.0000e+00
4.1600e+03 4.8430e-12 6.6954e-01 1.9690e+03 2.9945e+03 4.4000e+03 1.3958e+19 1.1684e+19 1.1684e+19 4.1506e-02 0.0000e+00 1.2150e+05 0.0000e+00
4.1700e+03 4.8244e-12 6.6883e-01 1.9684e+03 2.9936e+03 4.4000e+03 1.4060e+19 1.1754e+19 1.1754e+19 4.1390e-02 0.0000e+00 1.2180e+05 0.0000e+00
4.1800e+03 4.8059e-12 6.6813e-01 1.9678e+03 2.9926e+03 4.4000e+03 1.4163e+19 1.1824e+19 1.1824e+19 4.1275e-02 0.0000e+00 1.2209e+05 0.0000e+00
4.1900e+03 4.7874e-12 6.6743e-01 1.9671e+03 2.9916e+03 4.4000e+03 1.4266e+19 1.1895e+19 1.1895e+19 4.1159e-02 0.0000e+00 1.2239e+05 0.0000e+00
4.2000e+03 4.7691e-12 6.6674e-01 1.9665e+03 2.9907e+03 4.4000e+03 1.4371e+19 1.1966e+19 1.1966e+19 4.1044e-02 0.0000e+00 1.2269e+05 0.0000e+00
4.2100e+03 4.7507e-12 6.6604e-01 1.9659e+03 2.9897e+03 4.4000e+03 1.4476e+19 1.2037e+19 1.2037e+19 4.0929e-02 0.0000e+00 1.2298e+05 0.0000e+00
4.2200e+03 4.7325e-12 6.6534e-01 1.9653e+03 2.9888e+03 4.4000e+03 1.4582e+19 1.2109e+19 1.2109e+19 4.0815e-02 0.0000e+00 1.2328e+05 0.0000e+00
4.2300e+03 4.7143e-12 6.6464e-01 1.9646e+03 2.9878e+03 4.4000e+03 1.4688e+19 1.2182e+19 1.2182e+19 4.0701e-02 0.0000e+00 1.2358e+05 0.0000e+00
4.2400e+03 4.6962e-12 6.6394e-01 1.9640e+03 2.9869e+03 4.4000e+03 1.4796e+19 1.2254e+19 1.2254e+19 4.0587e-02 0.0000e+00 1.2388e+05 0.0000e+00
4.2500e+03 4.6782e-12 6.6325e-01 1.9634e+03 2.9859e+03 4.4000e+03 1.4904e+19 1.2328e+19 1.2328e+19 4.0474e-02 0.0000e+00 1.2418e+05 0.0000e+00
4.2600e+03 4.6602e-12 6.6255e-01 1.9628e+03 2.9850e+03 4.4000e+03 1.5014e+19 1.2401e+19 1.2401e+19 4.0361e-02 0.0000e+00 1.2448e+05 0.0000e+00
4.2700e+03 4.6423e-12 6.6185e-01 1.9621e+03 2.9840e+03 4.4000e+03 1.5124e+19 1.2475e+19 1.2475e+19 4.0248e-02 0.0000e+00 1.2479e+05 0.0000e+00
4.2800e+03 4.6245e-12 6.6116e-01 1.9615e+03 2.9831e+03 4.4000e+03 1.5235e+19 1.2550e+19 1.2550e+19 4.0136e-02 0.0000e+00 1.2509e+05 0.0000e+00
4.2900e+03 4.6068e-12 6.6046e-01 1.9609e+03 2.9821e+03 4.4000e+03 1.5347e+19 1.2625e+19 1.2625e+19 4.0024e-02 0.0000e+00 1.2539e+05 0.0000e+00
4.3000e+03 4.5891e-12 6.5976e-01 1.9603e+03 2.9812e+03 4.4000e+03 1.5459e+19 1.2700e+19 1.2700e+19 3.9912e-02 0.0000e+00 1.2570e+05 0.0000e+00
4.3100e+03 4.5714e-12 6.5907e-01 1.9596e+03 2.9803e+03 4.4000e+03 1.5573e+19 1.2776e+19 1.2776e+19 3.9801e-02 0.0000e+00 1.2600e+05 0.0000e+00
4.3200e+03 4.5539e-12 6.5838e-01 1.9590e+03 2.9793e+03 4.4000e+03 1.5687e+19 1.2852e+19 1.2852e+19 3.9690e-02 0.0000e+00 1.2631e+05 0.0000e+00
4.3300e+03 4.5364e-12 6.5768e-01 1.9584e+03 2.9784e+03 4.4000e+03 1.5803e+19 1.2929e+19 1.2929e+19 3.9579e-02 0.0000e+00 1.2661e+05 0.0000e+00
4.3400e+03 4.5190e-12 6.5699e-01 1.9578e+03 2.9774e+03 4.4000e+03 1.5919e+19 1.3006e+19 1.3006e+19 3.9469e-02 0.0000e+00 1.2692e+05 0.0000e+00
4.3500e+03 4.5016e-12 6.5629e-01 1.9572e+03 2.9765e+03 4.4000e+03 1.6036e+19 1.3083e+19 1.3083e+19 3.9359e-02 0.0000e+00 1.2723e+05 0.0000e+00
4.3600e+03 4.4843e-12 6.5560e-01 1.9565e+03 2.9755e+03 4.4000e+03 1.6154e+19 1.3161e+19 1.3161e+19 3.9249e-02 0.0000e+00 1.2753e+05 0.0000e+00
4.3700e+03 4.4671e-12 6.5491e-01 1.9559e+03 2.9746e+03 4.4000e+03 1.6273e+19 1.3240e+19 1.3240e+19 3.9140e-02 0.0000e+00 1.2784e+05 0.0000e+00
4.3800e+03 4.4500e-12 6.5421e-01 1.9553e+03 2.9737e+03 4.4000e+03 1.6393e+19 1.3319e+19 1.3319e+19 3.9031e-02 0.0000e+00 1.2815e+05 0.0000e+00
4.3900e+03 4.4329e-12 6.5352e-01 1.9547e+03 2.9727e+03 4.4000e+03 1.6514e+19 1.3398e+19 1.3398e+19 3.8922e-02 0.0000e+00 1.2846e+05 0.0000e+00
4.4000e+03 4.4159e-12 6.5283e-01 1.9541e+03 2.9718e+03 4.4000e+03 1.6635e+19 1.3478e+19 1.3478e+19 3.8814e-02 0.0000e+00 1.2877e+05 0.0000e+00
4.4100e+03 4.3989e-12 6.5214e-01 1.9535e+03 2.9708e+03 4.4000e+03 1.6758e+19 1.3558e+19 1.3558e+19 3.8706e-02 0.0000e+00 1.2909e+05 0.0000e+00
4.4200e+03 4.3820e-12 6.5145e-01 1.9528e+03 2.9699e+03 4.4000e+03 1.6882e+19 1.3639e+19 1.3639e+19 3.8598e-02 0.0000e+00 1.2940e+05 0.0000e+00
4.4300e+03 4.3652e-12 6.5075e-01 1.9522e+03 2.9690e+03 4.4000e+03 1.7006e+19 1.3721e+19 1.3721e+19 3.8491e-02 0.0000e+00 1.2971e+05 0.0000e+00
4.4400e+03 4.3484e-12 6.5006e-01 1.9516e+03 2.9680e+03 4.4000e+03 1.7132e+19 1.3802e+19 1.3802e+19 3.8384e-02 0.0000e+00 1.3002e+05 0.0000e+00
4.4500e+03 4.3317e-12 6.4937e-01 1.9510e+03 2.9671e+03 4.4000e+03 1.7259e+19 1.3884e+19 1.3884e+19 3.8277e-02 0.0000e+00 1.3034e+05 0.0000e+00
4.4600e+03 4.3151e-12 6.4868e-01 1.9504e+03 2.9662e+03 4.4000e+03 1.7386e+19 1.3967e+19 1.3967e+19 3.8171e-02 0.0000e+00 1.3065e+05 0.0000e+00
4.4700e+03 4.2985e-12 6.4799e-01 1.9498e+03 2.9652e+03 4.4000e+03 1.7515e+19 1.4050e+19 1.4050e+19 3.8065e-02 0.0000e+00 1.3097e+05 0.0000e+00
4.4800e+03 4.2820e-12 6.4730e-01 1.9491e+03 2.9643e+03 4.4000e+03 1.7644e+19 1.4134e+19 1.4134e+19 3.7959e-02 0.0000e+00 1.3129e+05 0.0000e+00
4.4900e+03 4.2656e-12 6.4661e-01 1.9485e+03 2.9634e+03 4.4000e+03 1.7775e+19 1.4218e+19 1.4218e+19 3.7854e-02 0.0000e+00 1.3160e+05 0.0000e+00
4.5000e+03 4.2492e-12 6.4592e-01 1.9479e+03 2.9624e+03 4.4000e+03 1.7906e+19 1.4303e+19 1.4303e+19 3.7748e-02 0.0000e+00 1.3192e+05 0.0000e+00
4.5100e+03 4.2329e-12 6.4523e-01 1.9473e+03 2.9615e+03 4.4000e+03 1.8039e+19 1.4388e+19 1.4388e+19 3.7644e-02 0.0000e+00 1.3224e+05 0.0000e+00
4.5200e+03 4.2166e-12 6.4454e-01 1.9467e+03 2.9606e+03 4.4000e+03 1.8172e+19 1.4473e+19 1.4473e+19 3.7539e-02 0.0000e+00 1.3256e+05 0.0000e+00
4.5300e+03 4.2004e-12 6.4385e-01 1.9461e+03 2.9596e+03 4.4000e+03 1.8307e+19 1.4559e+19 1.4559e+19 3.7435e-02 0.0000e+00 1.3288e+05 0.0000e+00
4.5400e+03 4.1843e-12 6.4316e-01 1.9455e+03 2.9587e+03 4.4000e+03 1.8443e+19 1.4646e+19 1.4646e+19 3.7331e-02 0.0000e+00 1.3320e+05 0.0000e+00
4.5500e+03 0.0000e+00 0.0000e+00 1.9449e+03 0.0000e+00 4.4000e+03 0.0000e+00 0.0000e+00 0.0000e+00 0.0000e+00 0.0000e+00 0.0000e+00 0.0000e+00
