0.0000e+00 4.8000e-11 2.5813e+01 1.7000e+03 2.5854e+03 4.4000e+03 1.9348e+20 2.2409e+20 2.2409e+20 1.0670e-02 0.0000e+00 3.9699e+05 0.0000e+00
1.0000e+01 4.7816e-11 2.3998e+01 1.7121e+03 2.6038e+03 4.4000e+03 9.1624e+20 1.9228e+20 1.9228e+20 1.1433e-02 0.0000e+00 3.7368e+05 0.0000e+00
2.0000e+01 4.7632e-11 2.2340e+01 1.7242e+03 2.6221e+03 4.4000e+03 6.9615e+20 1.6551e+20 1.6551e+20 1.2235e-02 0.0000e+00 3.5216e+05 0.0000e+00
3.0000e+01 4.7449e-11 2.0823e+01 1.7361e+03 2.6403e+03 4.4000e+03 5.3615e+20 1.4291e+20 1.4291e+20 1.3076e-02 0.0000e+00 3.3225e+05 0.0000e+00
4.0000e+01 4.7267e-11 1.9433e+01 1.7480e+03 2.6584e+03 4.4000e+03 4.1811e+20 1.2377e+20 1.2377e+20 1.3957e-02 0.0000e+00 3.1383e+05 0.0000e+00
5.0000e+01 4.7085e-11 1.8159e+01 1.7598e+03 2.6763e+03 4.4000e+03 3.2985e+20 1.0752e+20 1.0752e+20 1.4879e-02 0.0000e+00 2.9675e+05 0.0000e+00
6.0000e+01 4.6905e-11 1.6988e+01 1.7715e+03 2.6941e+03 4.4000e+03 2.6301e+20 9.3672e+19 9.3672e+19 1.5843e-02 0.0000e+00 2.8091e+05 0.0000e+00
7.0000e+01 4.6725e-11 1.5913e+01 1.7831e+03 2.7117e+03 4.4000e+03 2.1180e+20 8.1844e+19 8.1844e+19 1.6849e-02 0.0000e+00 2.6620e+05 0.0000e+00
8.0000e+01 4.6545e-11 1.4922e+01 1.7946e+03 2.7292e+03 4.4000e+03 1.7214e+20 7.1711e+19 7.1711e+19 1.7898e-02 0.0000e+00 2.5252e+05 0.0000e+00
9.0000e+01 4.6366e-11 1.4010e+01 1.8060e+03 2.7466e+03 4.4000e+03 1.4112e+20 6.3006e+19 6.3006e+19 1.8991e-02 0.0000e+00 2.3980e+05 0.0000e+00
1.0000e+02 4.6188e-11 1.3168e+01 1.8173e+03 2.7638e+03 4.4000e+03 1.1661e+20 5.5507e+19 5.5507e+19 2.0127e-02 0.0000e+00 2.2794e+05 0.0000e+00
1.1000e+02 4.6011e-11 1.2390e+01 1.8285e+03 2.7808e+03 4.4000e+03 9.7092e+19 4.9031e+19 4.9031e+19 2.1308e-02 0.0000e+00 2.1689e+05 0.0000e+00
1.2000e+02 4.5834e-11 1.1672e+01 1.8396e+03 2.7977e+03 4.4000e+03 8.1408e+19 4.3424e+19 4.3424e+19 2.2533e-02 0.0000e+00 2.0658e+05 0.0000e+00
1.3000e+02 4.5658e-11 1.1007e+01 1.8507e+03 2.8145e+03 4.4000e+03 6.8711e+19 3.8556e+19 3.8556e+19 2.3803e-02 0.0000e+00 1.9695e+05 0.0000e+00
1.4000e+02 4.5483e-11 1.0391e+01 1.8616e+03 2.8311e+03 4.4000e+03 5.8355e+19 3.4320e+19 3.4320e+19 2.5118e-02 0.0000e+00 1.8794e+05 0.0000e+00
1.5000e+02 4.5308e-11 9.8192e+00 1.8724e+03 2.8475e+03 4.4000e+03 4.9853e+19 3.0626e+19 3.0626e+19 2.6477e-02 0.0000e+00 1.7952e+05 0.0000e+00
1.6000e+02 4.5134e-11 9.2890e+00 1.8831e+03 2.8638e+03 4.4000e+03 4.2826e+19 2.7395e+19 2.7395e+19 2.7881e-02 0.0000e+00 1.7163e+05 0.0000e+00
1.7000e+02 4.4961e-11 8.7963e+00 1.8936e+03 2.8799e+03 4.4000e+03 3.6983e+19 2.4564e+19 2.4564e+19 2.9330e-02 0.0000e+00 1.6423e+05 0.0000e+00
1.8000e+02 4.4788e-11 8.3382e+00 1.9041e+03 2.8958e+03 4.4000e+03 3.2097e+19 2.2077e+19 2.2077e+19 3.0822e-02 0.0000e+00 1.5730e+05 0.0000e+00
1.9000e+02 4.4616e-11 7.9118e+00 1.9145e+03 2.9116e+03 4.4000e+03 2.7988e+19 1.9887e+19 1.9887e+19 3.2359e-02 0.0000e+00 1.5079e+05 0.0000e+00
2.0000e+02 4.4445e-11 7.5146e+00 1.9247e+03 2.9271e+03 4.4000e+03 2.4516e+19 1.7956e+19 1.7956e+19 3.3938e-02 0.0000e+00 1.4468e+05 0.0000e+00
2.1000e+02 4.4274e-11 7.1442e+00 1.9348e+03 2.9425e+03 4.4000e+03 2.1566e+19 1.6248e+19 1.6248e+19 3.5561e-02 0.0000e+00 1.3893e+05 0.0000e+00
2.2000e+02 4.4104e-11 6.7986e+00 1.9449e+03 2.9578e+03 4.4000e+03 1.9050e+19 1.4735e+19 1.4735e+19 3.7225e-02 0.0000e+00 1.3353e+05 0.0000e+00
2.3000e+02 4.3935e-11 6.4758e+00 1.9547e+03 2.9728e+03 4.4000e+03 1.6893e+19 1.3392e+19 1.3392e+19 3.8931e-02 0.0000e+00 1.2844e+05 0.0000e+00
2.4000e+02 4.3766e-11 6.1741e+00 1.9645e+03 2.9876e+03 4.4000e+03 1.5037e+19 1.2198e+19 1.2198e+19 4.0676e-02 0.0000e+00 1.2365e+05 0.0000e+00
2.5000e+02 4.3598e-11 5.8918e+00 1.9741e+03 3.0023e+03 4.4000e+03 1.3432e+19 1.1133e+19 1.1133e+19 4.2461e-02 0.0000e+00 1.1913e+05 0.0000e+00
2.6000e+02 4.3431e-11 5.6276e+00 1.9837e+03 3.0168e+03 4.4000e+03 1.2041e+19 1.0182e+19 1.0182e+19 4.4284e-02 0.0000e+00 1.1487e+05 0.0000e+00
2.7000e+02 4.3264e-11 5.3800e+00 1.9930e+03 3.0310e+03 4.4000e+03 1.0829e+19 9.3311e+18 9.3311e+18 4.6144e-02 0.0000e+00 1.1085e+05 0.0000e+00
2.8000e+02 4.3098e-11 5.1479e+00 2.0023e+03 3.0451e+03 4.4000e+03 9.7709e+18 8.5686e+18 8.5686e+18 4.8039e-02 0.0000e+00 1.0706e+05 0.0000e+00
2.9000e+02 4.2932e-11 4.9301e+00 2.0114e+03 3.0590e+03 4.4000e+03 8.8431e+18 7.8839e+18 7.8839e+18 4.9969e-02 0.0000e+00 1.0347e+05 0.0000e+00
3.0000e+02 4.2768e-11 4.7256e+00 2.0204e+03 3.0727e+03 4.4000e+03 8.0272e+18 7.2680e+18 7.2680e+18 5.1931e-02 0.0000e+00 1.0008e+05 0.0000e+00
3.1000e+02 4.2603e-11 4.5335e+00 2.0293e+03 3.0861e+03 4.4000e+03 7.3075e+18 6.7131e+18 6.7131e+18 5.3924e-02 0.0000e+00 9.6874e+04 0.0000e+00
3.2000e+02 4.2440e-11 4.3528e+00 2.0380e+03 3.0994e+03 4.4000e+03 6.6708e+18 6.2121e+18 6.2121e+18 5.5947e-02 0.0000e+00 9.3839e+04 0.0000e+00
3.3000e+02 4.2277e-11 4.1828e+00 2.0466e+03 3.1125e+03 4.4000e+03 6.1059e+18 5.7592e+18 5.7592e+18 5.7997e-02 0.0000e+00 9.0967e+04 0.0000e+00
3.4000e+02 4.2114e-11 4.0228e+00 2.0550e+03 3.1253e+03 4.4000e+03 5.6033e+18 5.3491e+18 5.3491e+18 6.0073e-02 0.0000e+00 8.8245e+04 0.0000e+00
3.5000e+02 4.1953e-11 3.8720e+00 2.0634e+03 3.1380e+03 4.4000e+03 5.1551e+18 4.9771e+18 4.9771e+18 6.2173e-02 0.0000e+00 8.5666e+04 0.0000e+00
3.6000e+02 4.1792e-11 3.7298e+00 2.0715e+03 3.1504e+03 4.4000e+03 4.7542e+18 4.6391e+18 4.6391e+18 6.4295e-02 0.0000e+00 8.3220e+04 0.0000e+00
3.7000e+02 4.1631e-11 3.5957e+00 2.0796e+03 3.1626e+03 4.4000e+03 4.3950e+18 4.3317e+18 4.3317e+18 6.6436e-02 0.0000e+00 8.0900e+04 0.0000e+00
3.8000e+02 4.1471e-11 3.4691e+00 2.0875e+03 3.1747e+03 4.4000e+03 4.0722e+18 4.0515e+18 4.0515e+18 6.8596e-02 0.0000e+00 7.8699e+04 0.0000e+00
3.9000e+02 4.1312e-11 3.3496e+00 2.0952e+03 3.1865e+03 4.4000e+03 3.7815e+18 3.7958e+18 3.7958e+18 7.0772e-02 0.0000e+00 7.6608e+04 0.0000e+00
4.0000e+02 4.1153e-11 3.2366e+00 2.1028e+03 3.1980e+03 4.4000e+03 3.5192e+18 3.5622e+18 3.5622e+18 7.2961e-02 0.0000e+00 7.4623e+04 0.0000e+00
4.1000e+02 4.0995e-11 3.1298e+00 2.1103e+03 3.2094e+03 4.4000e+03 3.2820e+18 3.3484e+18 3.3484e+18 7.5161e-02 0.0000e+00 7.2736e+04 0.0000e+00
4.2000e+02 4.0838e-11 3.0287e+00 2.1177e+03 3.2206e+03 4.4000e+03 3.0671e+18 3.1525e+18 3.1525e+18 7.7371e-02 0.0000e+00 7.0943e+04 0.0000e+00
4.3000e+02 4.0681e-11 2.9330e+00 2.1248e+03 3.2315e+03 4.4000e+03 2.8720e+18 2.9727e+18 2.9727e+18 7.9588e-02 0.0000e+00 6.9238e+04 0.0000e+00
4.4000e+02 4.0525e-11 2.8424e+00 2.1319e+03 3.2422e+03 4.4000e+03 2.6945e+18 2.8075e+18 2.8075e+18 8.1810e-02 0.0000e+00 6.7616e+04 0.0000e+00
4.5000e+02 4.0369e-11 2.7565e+00 2.1388e+03 3.2527e+03 4.4000e+03 2.5328e+18 2.6556e+18 2.6556e+18 8.4035e-02 0.0000e+00 6.6072e+04 0.0000e+00
4.6000e+02 4.0214e-11 2.6751e+00 2.1456e+03 3.2630e+03 4.4000e+03 2.3851e+18 2.5156e+18 2.5156e+18 8.6260e-02 0.0000e+00 6.4603e+04 0.0000e+00
4.7000e+02 4.0060e-11 2.5979e+00 2.1522e+03 3.2730e+03 4.4000e+03 2.2501e+18 2.3865e+18 2.3865e+18 8.8484e-02 0.0000e+00 6.3204e+04 0.0000e+00
4.8000e+02 3.9906e-11 2.5246e+00 2.1586e+03 3.2829e+03 4.4000e+03 2.1265e+18 2.2674e+18 2.2674e+18 9.0703e-02 0.0000e+00 6.1871e+04 0.0000e+00
4.9000e+02 3.9753e-11 2.4550e+00 2.1650e+03 3.2925e+03 4.4000e+03 2.0131e+18 2.1572e+18 2.1572e+18 9.2917e-02 0.0000e+00 6.0602e+04 0.0000e+00
5.0000e+02 3.9600e-11 2.3888e+00 2.1712e+03 3.3019e+03 4.4000e+03 1.9089e+18 2.0553e+18 2.0553e+18 9.5122e-02 0.0000e+00 5.9392e+04 0.0000e+00
5.1000e+02 3.9448e-11 2.3260e+00 2.1772e+03 3.3111e+03 4.4000e+03 1.8131e+18 1.9608e+18 1.9608e+18 9.7317e-02 0.0000e+00 5.8239e+04 0.0000e+00
5.2000e+02 3.9297e-11 2.2662e+00 2.1831e+03 3.3201e+03 4.4000e+03 1.7248e+18 1.8732e+18 1.8732e+18 9.9500e-02 0.0000e+00 5.7140e+04 0.0000e+00
5.3000e+02 3.9146e-11 2.2094e+00 2.1889e+03 3.3289e+03 4.4000e+03 1.6433e+18 1.7919e+18 1.7919e+18 1.0167e-01 0.0000e+00 5.6091e+04 0.0000e+00
5.4000e+02 3.8995e-11 2.1553e+00 2.1945e+03 3.3375e+03 4.4000e+03 1.5680e+18 1.7164e+18 1.7164e+18 1.0382e-01 0.0000e+00 5.5091e+04 0.0000e+00
5.5000e+02 3.8846e-11 2.1037e+00 2.2000e+03 3.3458e+03 4.4000e+03 1.4984e+18 1.6461e+18 1.6461e+18 1.0596e-01 0.0000e+00 5.4136e+04 0.0000e+00
5.6000e+02 3.8696e-11 2.0546e+00 2.2054e+03 3.3540e+03 4.4000e+03 1.4339e+18 1.5806e+18 1.5806e+18 1.0807e-01 0.0000e+00 5.3226e+04 0.0000e+00
5.7000e+02 3.8548e-11 2.0079e+00 2.2106e+03 3.3619e+03 4.4000e+03 1.3741e+18 1.5196e+18 1.5196e+18 1.1016e-01 0.0000e+00 5.2357e+04 0.0000e+00
5.8000e+02 3.8400e-11 1.9633e+00 2.2157e+03 3.3696e+03 4.4000e+03 1.3186e+18 1.4627e+18 1.4627e+18 1.1223e-01 0.0000e+00 5.1527e+04 0.0000e+00
5.9000e+02 3.8252e-11 1.9207e+00 2.2206e+03 3.3772e+03 4.4000e+03 1.2670e+18 1.4096e+18 1.4096e+18 1.1428e-01 0.0000e+00 5.0735e+04 0.0000e+00
6.0000e+02 3.8105e-11 1.8802e+00 2.2255e+03 3.3845e+03 4.4000e+03 1.2191e+18 1.3600e+18 1.3600e+18 1.1630e-01 0.0000e+00 4.9979e+04 0.0000e+00
6.1000e+02 3.7959e-11 1.8414e+00 2.2301e+03 3.3916e+03 4.4000e+03 1.1744e+18 1.3136e+18 1.3136e+18 1.1829e-01 0.0000e+00 4.9257e+04 0.0000e+00
6.2000e+02 3.7813e-11 1.8044e+00 2.2347e+03 3.3986e+03 4.4000e+03 1.1327e+18 1.2702e+18 1.2702e+18 1.2025e-01 0.0000e+00 4.8567e+04 0.0000e+00
6.3000e+02 3.7668e-11 1.7691e+00 2.2391e+03 3.4053e+03 4.4000e+03 1.0939e+18 1.2295e+18 1.2295e+18 1.2218e-01 0.0000e+00 4.7908e+04 0.0000e+00
6.4000e+02 3.7524e-11 1.7353e+00 2.2434e+03 3.4118e+03 4.4000e+03 1.0576e+18 1.1914e+18 1.1914e+18 1.2408e-01 0.0000e+00 4.7279e+04 0.0000e+00
6.5000e+02 3.7379e-11 1.7030e+00 2.2476e+03 3.4182e+03 4.4000e+03 1.0237e+18 1.1557e+18 1.1557e+18 1.2594e-01 0.0000e+00 4.6678e+04 0.0000e+00
6.6000e+02 3.7236e-11 1.6722e+00 2.2517e+03 3.4244e+03 4.4000e+03 9.9194e+17 1.1221e+18 1.1221e+18 1.2778e-01 0.0000e+00 4.6104e+04 0.0000e+00
6.7000e+02 3.7093e-11 1.6426e+00 2.2556e+03 3.4303e+03 4.4000e+03 9.6225e+17 1.0906e+18 1.0906e+18 1.2957e-01 0.0000e+00 4.5555e+04 0.0000e+00
6.8000e+02 3.6950e-11 1.6144e+00 2.2594e+03 3.4361e+03 4.4000e+03 9.3443e+17 1.0610e+18 1.0610e+18 1.3134e-01 0.0000e+00 4.5031e+04 0.0000e+00
6.9000e+02 3.6809e-11 1.5873e+00 2.2631e+03 3.4418e+03 4.4000e+03 9.0835e+17 1.0332e+18 1.0332e+18 1.3306e-01 0.0000e+00 4.4531e+04 0.0000e+00
7.0000e+02 3.6667e-11 1.5614e+00 2.2667e+03 3.4472e+03 4.4000e+03 8.8389e+17 1.0071e+18 1.0071e+18 1.3475e-01 0.0000e+00 4.4053e+04 0.0000e+00
7.1000e+02 3.6526e-11 1.5366e+00 2.2702e+03 3.4525e+03 4.4000e+03 8.6093e+17 9.8246e+17 9.8246e+17 1.3640e-01 0.0000e+00 4.3596e+04 0.0000e+00
7.2000e+02 3.6386e-11 1.5128e+00 2.2735e+03 3.4576e+03 4.4000e+03 8.3936e+17 9.5928e+17 9.5928e+17 1.3801e-01 0.0000e+00 4.3160e+04 0.0000e+00
7.3000e+02 3.6246e-11 1.4901e+00 2.2767e+03 3.4625e+03 4.4000e+03 8.1910e+17 9.3745e+17 9.3745e+17 1.3958e-01 0.0000e+00 4.2743e+04 0.0000e+00
7.4000e+02 3.6107e-11 1.4682e+00 2.2799e+03 3.4673e+03 4.4000e+03 8.0004e+17 9.1689e+17 9.1689e+17 1.4112e-01 0.0000e+00 4.2345e+04 0.0000e+00
7.5000e+02 3.5969e-11 1.4472e+00 2.2829e+03 3.4719e+03 4.4000e+03 7.8212e+17 8.9751e+17 8.9751e+17 1.4261e-01 0.0000e+00 4.1965e+04 0.0000e+00
7.6000e+02 3.5830e-11 1.4271e+00 2.2858e+03 3.4763e+03 4.4000e+03 7.6526e+17 8.7923e+17 8.7923e+17 1.4407e-01 0.0000e+00 4.1603e+04 0.0000e+00
7.7000e+02 3.5693e-11 1.4078e+00 2.2886e+03 3.4806e+03 4.4000e+03 7.4938e+17 8.6199e+17 8.6199e+17 1.4548e-01 0.0000e+00 4.1256e+04 0.0000e+00
7.8000e+02 3.5556e-11 1.3893e+00 2.2914e+03 3.4847e+03 4.4000e+03 7.3443e+17 8.4573e+17 8.4573e+17 1.4685e-01 0.0000e+00 4.0926e+04 0.0000e+00
7.9000e+02 3.5419e-11 1.3715e+00 2.2940e+03 3.4887e+03 4.4000e+03 7.2035e+17 8.3039e+17 8.3039e+17 1.4819e-01 0.0000e+00 4.0611e+04 0.0000e+00
8.0000e+02 3.5283e-11 1.3545e+00 2.2965e+03 3.4926e+03 4.4000e+03 7.0708e+17 8.1591e+17 8.1591e+17 1.4948e-01 0.0000e+00 4.0310e+04 0.0000e+00
8.1000e+02 3.5148e-11 1.3380e+00 2.2989e+03 3.4962e+03 4.4000e+03 6.9458e+17 8.0224e+17 8.0224e+17 1.5073e-01 0.0000e+00 4.0024e+04 0.0000e+00
8.2000e+02 3.5013e-11 1.3223e+00 2.3013e+03 3.4998e+03 4.4000e+03 6.8279e+17 7.8934e+17 7.8934e+17 1.5194e-01 0.0000e+00 3.9750e+04 0.0000e+00
8.3000e+02 3.4878e-11 1.3071e+00 2.3035e+03 3.5032e+03 4.4000e+03 6.7168e+17 7.7716e+17 7.7716e+17 1.5312e-01 0.0000e+00 3.9490e+04 0.0000e+00
8.4000e+02 3.4744e-11 1.2925e+00 2.3057e+03 3.5065e+03 4.4000e+03 6.6121e+17 7.6567e+17 7.6567e+17 1.5425e-01 0.0000e+00 3.9242e+04 0.0000e+00
8.5000e+02 3.4611e-11 1.2785e+00 2.3077e+03 3.5096e+03 4.4000e+03 6.5133e+17 7.5482e+17 7.5482e+17 1.5534e-01 0.0000e+00 3.9006e+04 0.0000e+00
8.6000e+02 3.4478e-11 1.2650e+00 2.3097e+03 3.5126e+03 4.4000e+03 6.4202e+17 7.4457e+17 7.4457e+17 1.5639e-01 0.0000e+00 3.8781e+04 0.0000e+00
8.7000e+02 3.4346e-11 1.2520e+00 2.3116e+03 3.5155e+03 4.4000e+03 6.3325e+17 7.3491e+17 7.3491e+17 1.5741e-01 0.0000e+00 3.8567e+04 0.0000e+00
8.8000e+02 3.4214e-11 1.2395e+00 2.3134e+03 3.5183e+03 4.4000e+03 6.2497e+17 7.2579e+17 7.2579e+17 1.5838e-01 0.0000e+00 3.8364e+04 0.0000e+00
8.9000e+02 3.4082e-11 1.2275e+00 2.3152e+03 3.5209e+03 4.4000e+03 6.1718e+17 7.1719e+17 7.1719e+17 1.5932e-01 0.0000e+00 3.8171e+04 0.0000e+00
9.0000e+02 3.3952e-11 1.2159e+00 2.3168e+03 3.5234e+03 4.4000e+03 6.0984e+17 7.0907e+17 7.0907e+17 1.6022e-01 0.0000e+00 3.7987e+04 0.0000e+00
9.1000e+02 3.3821e-11 1.2048e+00 2.3184e+03 3.5259e+03 4.4000e+03 6.0292e+17 7.0143e+17 7.0143e+17 1.6109e-01 0.0000e+00 3.7813e+04 0.0000e+00
9.2000e+02 3.3691e-11 1.1940e+00 2.3199e+03 3.5282e+03 4.4000e+03 5.9641e+17 6.9422e+17 6.9422e+17 1.6191e-01 0.0000e+00 3.7649e+04 0.0000e+00
9.3000e+02 3.3562e-11 1.1837e+00 2.3214e+03 3.5303e+03 4.4000e+03 5.9028e+17 6.8744e+17 6.8744e+17 1.6270e-01 0.0000e+00 3.7492e+04 0.0000e+00
9.4000e+02 3.3433e-11 1.1737e+00 2.3227e+03 3.5324e+03 4.4000e+03 5.8452e+17 6.8106e+17 6.8106e+17 1.6346e-01 0.0000e+00 3.7344e+04 0.0000e+00
9.5000e+02 3.3305e-11 1.1640e+00 2.3240e+03 3.5344e+03 4.4000e+03 5.7911e+17 6.7506e+17 6.7506e+17 1.6417e-01 0.0000e+00 3.7205e+04 0.0000e+00
9.6000e+02 3.3177e-11 1.1548e+00 2.3253e+03 3.5363e+03 4.4000e+03 5.7403e+17 6.6942e+17 6.6942e+17 1.6486e-01 0.0000e+00 3.7073e+04 0.0000e+00
9.7000e+02 3.3049e-11 1.1458e+00 2.3264e+03 3.5381e+03 4.4000e+03 5.6926e+17 6.6412e+17 6.6412e+17 1.6551e-01 0.0000e+00 3.6948e+04 0.0000e+00
9.8000e+02 3.2923e-11 1.1372e+00 2.3275e+03 3.5397e+03 4.4000e+03 5.6480e+17 6.5916e+17 6.5916e+17 1.6613e-01 0.0000e+00 3.6831e+04 0.0000e+00
9.9000e+02 3.2796e-11 1.1288e+00 2.3286e+03 3.5413e+03 4.4000e+03 5.6061e+17 6.5451e+17 6.5451e+17 1.6671e-01 0.0000e+00 3.6721e+04 0.0000e+00
1.0000e+03 3.2670e-11 1.1208e+00 2.3296e+03 3.5428e+03 4.4000e+03 5.5670e+17 6.5016e+17 6.5016e+17 1.6726e-01 0.0000e+00 3.6617e+04 0.0000e+00
1.0100e+03 3.2545e-11 1.1130e+00 2.3305e+03 3.5442e+03 4.4000e+03 5.5305e+17 6.4610e+17 6.4610e+17 1.6778e-01 0.0000e+00 3.6520e+04 0.0000e+00
1.0200e+03 3.2420e-11 1.1055e+00 2.3314e+03 3.5455e+03 4.4000e+03 5.4965e+17 6.4232e+17 6.4232e+17 1.6827e-01 0.0000e+00 3.6429e+04 0.0000e+00
1.0300e+03 3.2295e-11 1.0983e+00 2.3322e+03 3.5468e+03 4.4000e+03 5.4649e+17 6.3880e+17 6.3880e+17 1.6873e-01 0.0000e+00 3.6344e+04 0.0000e+00
1.0400e+03 3.2171e-11 1.0913e+00 2.3329e+03 3.5479e+03 4.4000e+03 5.4356e+17 6.3553e+17 6.3553e+17 1.6916e-01 0.0000e+00 3.6265e+04 0.0000e+00
1.0500e+03 3.2048e-11 1.0845e+00 2.3336e+03 3.5490e+03 4.4000e+03 5.4084e+17 6.3250e+17 6.3250e+17 1.6957e-01 0.0000e+00 3.6192e+04 0.0000e+00
1.0600e+03 3.1925e-11 1.0780e+00 2.3343e+03 3.5500e+03 4.4000e+03 5.3833e+17 6.2971e+17 6.2971e+17 1.6994e-01 0.0000e+00 3.6124e+04 0.0000e+00
1.0700e+03 3.1802e-11 1.0716e+00 2.3349e+03 3.5509e+03 4.4000e+03 5.3602e+17 6.2714e+17 6.2714e+17 1.7028e-01 0.0000e+00 3.6061e+04 0.0000e+00
1.0800e+03 3.1680e-11 1.0655e+00 2.3355e+03 3.5518e+03 4.4000e+03 5.3391e+17 6.2478e+17 6.2478e+17 1.7060e-01 0.0000e+00 3.6004e+04 0.0000e+00
1.0900e+03 3.1558e-11 1.0596e+00 2.3360e+03 3.5526e+03 4.4000e+03 5.3198e+17 6.2263e+17 6.2263e+17 1.7090e-01 0.0000e+00 3.5951e+04 0.0000e+00
1.1000e+03 3.1437e-11 1.0539e+00 2.3364e+03 3.5533e+03 4.4000e+03 5.3022e+17 6.2068e+17 6.2068e+17 1.7116e-01 0.0000e+00 3.5903e+04 0.0000e+00
1.1100e+03 3.1316e-11 1.0484e+00 2.3369e+03 3.5539e+03 4.4000e+03 5.2864e+17 6.1891e+17 6.1891e+17 1.7141e-01 0.0000e+00 3.5860e+04 0.0000e+00
1.1200e+03 3.1196e-11 1.0430e+00 2.3372e+03 3.5545e+03 4.4000e+03 5.2722e+17 6.1733e+17 6.1733e+17 1.7162e-01 0.0000e+00 3.5821e+04 0.0000e+00
1.1300e+03 3.1076e-11 1.0379e+00 2.3376e+03 3.5550e+03 4.4000e+03 5.2596e+17 6.1593e+17 6.1593e+17 1.7182e-01 0.0000e+00 3.5786e+04 0.0000e+00
1.1400e+03 3.0957e-11 1.0328e+00 2.3379e+03 3.5555e+03 4.4000e+03 5.2486e+17 6.1470e+17 6.1470e+17 1.7199e-01 0.0000e+00 3.5756e+04 0.0000e+00
1.1500e+03 3.0838e-11 1.0280e+00 2.3381e+03 3.5559e+03 4.4000e+03 5.2390e+17 6.1363e+17 6.1363e+17 1.7214e-01 0.0000e+00 3.5730e+04 0.0000e+00
1.1600e+03 3.0720e-11 1.0233e+00 2.3384e+03 3.5562e+03 4.4000e+03 5.2308e+17 6.1272e+17 6.1272e+17 1.7226e-01 0.0000e+00 3.5707e+04 0.0000e+00
1.1700e+03 3.0602e-11 1.0187e+00 2.3385e+03 3.5565e+03 4.4000e+03 5.2240e+17 6.1196e+17 6.1196e+17 1.7237e-01 0.0000e+00 3.5688e+04 0.0000e+00
1.1800e+03 3.0484e-11 1.0143e+00 2.3387e+03 3.5567e+03 4.4000e+03 5.2185e+17 6.1136e+17 6.1136e+17 1.7245e-01 0.0000e+00 3.5673e+04 0.0000e+00
1.1900e+03 3.0367e-11 1.0100e+00 2.3388e+03 3.5569e+03 4.4000e+03 5.2143e+17 6.1089e+17 6.1089e+17 1.7252e-01 0.0000e+00 3.5662e+04 0.0000e+00
1.2000e+03 3.0251e-11 1.0059e+00 2.3389e+03 3.5570e+03 4.4000e+03 5.2113e+17 6.1057e+17 6.1057e+17 1.7257e-01 0.0000e+00 3.5654e+04 0.0000e+00
1.2100e+03 3.0134e-11 1.0019e+00 2.3389e+03 3.5571e+03 4.4000e+03 5.2095e+17 6.1038e+17 6.1038e+17 1.7259e-01 0.0000e+00 3.5649e+04 0.0000e+00
1.2200e+03 3.0019e-11 9.9798e-01 2.3389e+03 3.5571e+03 4.4000e+03 5.2089e+17 6.1032e+17 6.1032e+17 1.7260e-01 0.0000e+00 3.5648e+04 0.0000e+00
1.2300e+03 2.9903e-11 9.9420e-01 2.3389e+03 3.5571e+03 4.4000e+03 5.2095e+17 6.1038e+17 6.1038e+17 1.7259e-01 0.0000e+00 3.5649e+04 0.0000e+00
1.2400e+03 2.9789e-11 9.9053e-01 2.3389e+03 3.5570e+03 4.4000e+03 5.2111e+17 6.1057e+17 6.1057e+17 1.7257e-01 0.0000e+00 3.5654e+04 0.0000e+00
1.2500e+03 2.9674e-11 9.8698e-01 2.3388e+03 3.5569e+03 4.4000e+03 5.2138e+17 6.1088e+17 6.1088e+17 1.7252e-01 0.0000e+00 3.5662e+04 0.0000e+00
1.2600e+03 2.9560e-11 9.8352e-01 2.3387e+03 3.5567e+03 4.4000e+03 5.2175e+17 6.1130e+17 6.1130e+17 1.7246e-01 0.0000e+00 3.5672e+04 0.0000e+00
1.2700e+03 2.9447e-11 9.8017e-01 2.3386e+03 3.5565e+03 4.4000e+03 5.2222e+17 6.1183e+17 6.1183e+17 1.7239e-01 0.0000e+00 3.5685e+04 0.0000e+00
1.2800e+03 2.9334e-11 9.7692e-01 2.3384e+03 3.5563e+03 4.4000e+03 5.2279e+17 6.1248e+17 6.1248e+17 1.7230e-01 0.0000e+00 3.5701e+04 0.0000e+00
1.2900e+03 2.9221e-11 9.7376e-01 2.3382e+03 3.5560e+03 4.4000e+03 5.2345e+17 6.1323e+17 6.1323e+17 1.7219e-01 0.0000e+00 3.5720e+04 0.0000e+00
1.3000e+03 2.9109e-11 9.7069e-01 2.3380e+03 3.5557e+03 4.4000e+03 5.2421e+17 6.1408e+17 6.1408e+17 1.7207e-01 0.0000e+00 3.5741e+04 0.0000e+00
1.3100e+03 2.8997e-11 9.6771e-01 2.3378e+03 3.5553e+03 4.4000e+03 5.2506e+17 6.1504e+17 6.1504e+17 1.7194e-01 0.0000e+00 3.5764e+04 0.0000e+00
1.3200e+03 2.8886e-11 9.6481e-01 2.3375e+03 3.5549e+03 4.4000e+03 5.2599e+17 6.1609e+17 6.1609e+17 1.7180e-01 0.0000e+00 3.5790e+04 0.0000e+00
1.3300e+03 2.8775e-11 9.6200e-01 2.3373e+03 3.5545e+03 4.4000e+03 5.2701e+17 6.1724e+17 6.1724e+17 1.7164e-01 0.0000e+00 3.5819e+04 0.0000e+00
1.3400e+03 2.8664e-11 9.5926e-01 2.3370e+03 3.5541e+03 4.4000e+03 5.2811e+17 6.1848e+17 6.1848e+17 1.7147e-01 0.0000e+00 3.5849e+04 0.0000e+00
1.3500e+03 2.8554e-11 9.5660e-01 2.3366e+03 3.5536e+03 4.4000e+03 5.2930e+17 6.1981e+17 6.1981e+17 1.7128e-01 0.0000e+00 3.5882e+04 0.0000e+00
1.3600e+03 2.8445e-11 9.5401e-01 2.3363e+03 3.5531e+03 4.4000e+03 5.3056e+17 6.2123e+17 6.2123e+17 1.7109e-01 0.0000e+00 3.5917e+04 0.0000e+00
1.3700e+03 2.8335e-11 9.5150e-01 2.3359e+03 3.5525e+03 4.4000e+03 5.3191e+17 6.2274e+17 6.2274e+17 1.7088e-01 0.0000e+00 3.5954e+04 0.0000e+00
1.3800e+03 2.8226e-11 9.4905e-01 2.3356e+03 3.5519e+03 4.4000e+03 5.3333e+17 6.2434e+17 6.2434e+17 1.7066e-01 0.0000e+00 3.5993e+04 0.0000e+00
1.3900e+03 2.8118e-11 9.4666e-01 2.3352e+03 3.5513e+03 4.4000e+03 5.3482e+17 6.2602e+17 6.2602e+17 1.7044e-01 0.0000e+00 3.6034e+04 0.0000e+00
1.4000e+03 2.8010e-11 9.4434e-01 2.3347e+03 3.5507e+03 4.4000e+03 5.3639e+17 6.2778e+17 6.2778e+17 1.7020e-01 0.0000e+00 3.6077e+04 0.0000e+00
1.4100e+03 2.7903e-11 9.4209e-01 2.3343e+03 3.5500e+03 4.4000e+03 5.3803e+17 6.2961e+17 6.2961e+17 1.6995e-01 0.0000e+00 3.6122e+04 0.0000e+00
1.4200e+03 2.7795e-11 9.3989e-01 2.3339e+03 3.5494e+03 4.4000e+03 5.3974e+17 6.3153e+17 6.3153e+17 1.6970e-01 0.0000e+00 3.6168e+04 0.0000e+00
1.4300e+03 2.7689e-11 9.3774e-01 2.3334e+03 3.5487e+03 4.4000e+03 5.4152e+17 6.3353e+17 6.3353e+17 1.6943e-01 0.0000e+00 3.6217e+04 0.0000e+00
1.4400e+03 2.7582e-11 9.3566e-01 2.3329e+03 3.5479e+03 4.4000e+03 5.4336e+17 6.3560e+17 6.3560e+17 1.6916e-01 0.0000e+00 3.6267e+04 0.0000e+00
1.4500e+03 2.7476e-11 9.3362e-01 2.3324e+03 3.5472e+03 4.4000e+03 5.4527e+17 6.3774e+17 6.3774e+17 1.6887e-01 0.0000e+00 3.6319e+04 0.0000e+00
1.4600e+03 2.7371e-11 9.3164e-01 2.3319e+03 3.5464e+03 4.4000e+03 5.4725e+17 6.3996e+17 6.3996e+17 1.6858e-01 0.0000e+00 3.6372e+04 0.0000e+00
1.4700e+03 2.7266e-11 9.2971e-01 2.3314e+03 3.5456e+03 4.4000e+03 5.4930e+17 6.4224e+17 6.4224e+17 1.6828e-01 0.0000e+00 3.6427e+04 0.0000e+00
1.4800e+03 2.7161e-11 9.2783e-01 2.3308e+03 3.5448e+03 4.4000e+03 5.5140e+17 6.4460e+17 6.4460e+17 1.6798e-01 0.0000e+00 3.6484e+04 0.0000e+00
1.4900e+03 2.7057e-11 9.2599e-01 2.3303e+03 3.5439e+03 4.4000e+03 5.5357e+17 6.4703e+17 6.4703e+17 1.6767e-01 0.0000e+00 3.6542e+04 0.0000e+00
1.5000e+03 2.6953e-11 9.2420e-01 2.3297e+03 3.5430e+03 4.4000e+03 5.5580e+17 6.4952e+17 6.4952e+17 1.6735e-01 0.0000e+00 3.6602e+04 0.0000e+00
1.5100e+03 2.6849e-11 9.2245e-01 2.3291e+03 3.5422e+03 4.4000e+03 5.5809e+17 6.5208e+17 6.5208e+17 1.6702e-01 0.0000e+00 3.6663e+04 0.0000e+00
1.5200e+03 2.6746e-11 9.2074e-01 2.3285e+03 3.5413e+03 4.4000e+03 5.6044e+17 6.5471e+17 6.5471e+17 1.6669e-01 0.0000e+00 3.6725e+04 0.0000e+00
1.5300e+03 2.6644e-11 9.1907e-01 2.3279e+03 3.5403e+03 4.4000e+03 5.6285e+17 6.5740e+17 6.5740e+17 1.6635e-01 0.0000e+00 3.6789e+04 0.0000e+00
1.5400e+03 2.6541e-11 9.1744e-01 2.3273e+03 3.5394e+03 4.4000e+03 5.6531e+17 6.6016e+17 6.6016e+17 1.6600e-01 0.0000e+00 3.6854e+04 0.0000e+00
1.5500e+03 2.6439e-11 9.1586e-01 2.3267e+03 3.5384e+03 4.4000e+03 5.6784e+17 6.6297e+17 6.6297e+17 1.6565e-01 0.0000e+00 3.6921e+04 0.0000e+00
1.5600e+03 2.6338e-11 9.1430e-01 2.3260e+03 3.5375e+03 4.4000e+03 5.7042e+17 6.6585e+17 6.6585e+17 1.6530e-01 0.0000e+00 3.6989e+04 0.0000e+00
1.5700e+03 2.6237e-11 9.1279e-01 2.3254e+03 3.5365e+03 4.4000e+03 5.7306e+17 6.6880e+17 6.6880e+17 1.6494e-01 0.0000e+00 3.7058e+04 0.0000e+00
1.5800e+03 2.6136e-11 9.1130e-01 2.3247e+03 3.5355e+03 4.4000e+03 5.7575e+17 6.7180e+17 6.7180e+17 1.6457e-01 0.0000e+00 3.7128e+04 0.0000e+00
1.5900e+03 2.6036e-11 9.0985e-01 2.3241e+03 3.5345e+03 4.4000e+03 5.7849e+17 6.7486e+17 6.7486e+17 1.6420e-01 0.0000e+00 3.7200e+04 0.0000e+00
1.6000e+03 2.5936e-11 9.0843e-01 2.3234e+03 3.5334e+03 4.4000e+03 5.8129e+17 6.7798e+17 6.7798e+17 1.6382e-01 0.0000e+00 3.7273e+04 0.0000e+00
1.6100e+03 2.5836e-11 9.0705e-01 2.3227e+03 3.5324e+03 4.4000e+03 5.8415e+17 6.8116e+17 6.8116e+17 1.6344e-01 0.0000e+00 3.7347e+04 0.0000e+00
1.6200e+03 2.5737e-11 9.0569e-01 2.3220e+03 3.5313e+03 4.4000e+03 5.8705e+17 6.8440e+17 6.8440e+17 1.6306e-01 0.0000e+00 3.7422e+04 0.0000e+00
1.6300e+03 2.5638e-11 9.0436e-01 2.3213e+03 3.5303e+03 4.4000e+03 5.9001e+17 6.8769e+17 6.8769e+17 1.6267e-01 0.0000e+00 3.7498e+04 0.0000e+00
1.6400e+03 2.5540e-11 9.0306e-01 2.3206e+03 3.5292e+03 4.4000e+03 5.9302e+17 6.9104e+17 6.9104e+17 1.6228e-01 0.0000e+00 3.7575e+04 0.0000e+00
1.6500e+03 2.5441e-11 9.0179e-01 2.3199e+03 3.5281e+03 4.4000e+03 5.9609e+17 6.9445e+17 6.9445e+17 1.6189e-01 0.0000e+00 3.7654e+04 0.0000e+00
1.6600e+03 2.5344e-11 9.0055e-01 2.3191e+03 3.5270e+03 4.4000e+03 5.9920e+17 6.9791e+17 6.9791e+17 1.6149e-01 0.0000e+00 3.7733e+04 0.0000e+00
1.6700e+03 2.5246e-11 8.9933e-01 2.3184e+03 3.5259e+03 4.4000e+03 6.0237e+17 7.0143e+17 7.0143e+17 1.6109e-01 0.0000e+00 3.7814e+04 0.0000e+00
1.6800e+03 2.5150e-11 8.9813e-01 2.3177e+03 3.5247e+03 4.4000e+03 6.0558e+17 7.0500e+17 7.0500e+17 1.6068e-01 0.0000e+00 3.7895e+04 0.0000e+00
1.6900e+03 2.5053e-11 8.9696e-01 2.3169e+03 3.5236e+03 4.4000e+03 6.0885e+17 7.0863e+17 7.0863e+17 1.6027e-01 0.0000e+00 3.7977e+04 0.0000e+00
1.7000e+03 2.4957e-11 8.9581e-01 2.3162e+03 3.5224e+03 4.4000e+03 6.1216e+17 7.1231e+17 7.1231e+17 1.5986e-01 0.0000e+00 3.8061e+04 0.0000e+00
1.7100e+03 2.4861e-11 8.9468e-01 2.3154e+03 3.5213e+03 4.4000e+03 6.1553e+17 7.1605e+17 7.1605e+17 1.5945e-01 0.0000e+00 3.8145e+04 0.0000e+00
1.7200e+03 2.4765e-11 8.9358e-01 2.3146e+03 3.5201e+03 4.4000e+03 6.1894e+17 7.1983e+17 7.1983e+17 1.5903e-01 0.0000e+00 3.8230e+04 0.0000e+00
1.7300e+03 2.4670e-11 8.9249e-01 2.3138e+03 3.5189e+03 4.4000e+03 6.2240e+17 7.2367e+17 7.2367e+17 1.5861e-01 0.0000e+00 3.8317e+04 0.0000e+00
1.7400e+03 2.4576e-11 8.9143e-01 2.3131e+03 3.5177e+03 4.4000e+03 6.2591e+17 7.2756e+17 7.2756e+17 1.5819e-01 0.0000e+00 3.8404e+04 0.0000e+00
1.7500e+03 2.4481e-11 8.9039e-01 2.3123e+03 3.5165e+03 4.4000e+03 6.2947e+17 7.3151e+17 7.3151e+17 1.5777e-01 0.0000e+00 3.8492e+04 0.0000e+00
1.7600e+03 2.4387e-11 8.8936e-01 2.3115e+03 3.5153e+03 4.4000e+03 6.3308e+17 7.3550e+17 7.3550e+17 1.5735e-01 0.0000e+00 3.8580e+04 0.0000e+00
1.7700e+03 2.4294e-11 8.8836e-01 2.3107e+03 3.5141e+03 4.4000e+03 6.3674e+17 7.3955e+17 7.3955e+17 1.5692e-01 0.0000e+00 3.8670e+04 0.0000e+00
1.7800e+03 2.4200e-11 8.8737e-01 2.3099e+03 3.5129e+03 4.4000e+03 6.4044e+17 7.4364e+17 7.4364e+17 1.5649e-01 0.0000e+00 3.8760e+04 0.0000e+00
1.7900e+03 2.4107e-11 8.8640e-01 2.3091e+03 3.5117e+03 4.4000e+03 6.4419e+17 7.4779e+17 7.4779e+17 1.5606e-01 0.0000e+00 3.8852e+04 0.0000e+00
1.8000e+03 2.4015e-11 8.8544e-01 2.3083e+03 3.5104e+03 4.4000e+03 6.4799e+17 7.5199e+17 7.5199e+17 1.5563e-01 0.0000e+00 3.8944e+04 0.0000e+00
1.8100e+03 2.3923e-11 8.8450e-01 2.3075e+03 3.5092e+03 4.4000e+03 6.5184e+17 7.5624e+17 7.5624e+17 1.5520e-01 0.0000e+00 3.9037e+04 0.0000e+00
1.8200e+03 2.3831e-11 8.8358e-01 2.3066e+03 3.5080e+03 4.4000e+03 6.5573e+17 7.6054e+17 7.6054e+17 1.5476e-01 0.0000e+00 3.9131e+04 0.0000e+00
1.8300e+03 2.3739e-11 8.8267e-01 2.3058e+03 3.5067e+03 4.4000e+03 6.5967e+17 7.6489e+17 7.6489e+17 1.5433e-01 0.0000e+00 3.9225e+04 0.0000e+00
1.8400e+03 2.3648e-11 8.8178e-01 2.3050e+03 3.5054e+03 4.4000e+03 6.6366e+17 7.6929e+17 7.6929e+17 1.5389e-01 0.0000e+00 3.9320e+04 0.0000e+00
1.8500e+03 2.3557e-11 8.8090e-01 2.3041e+03 3.5042e+03 4.4000e+03 6.6769e+17 7.7373e+17 7.7373e+17 1.5345e-01 0.0000e+00 3.9416e+04 0.0000e+00
1.8600e+03 2.3467e-11 8.8004e-01 2.3033e+03 3.5029e+03 4.4000e+03 6.7177e+17 7.7823e+17 7.7823e+17 1.5301e-01 0.0000e+00 3.9513e+04 0.0000e+00
1.8700e+03 2.3377e-11 8.7919e-01 2.3025e+03 3.5016e+03 4.4000e+03 6.7590e+17 7.8278e+17 7.8278e+17 1.5257e-01 0.0000e+00 3.9610e+04 0.0000e+00
1.8800e+03 2.3287e-11 8.7835e-01 2.3016e+03 3.5003e+03 4.4000e+03 6.8008e+17 7.8738e+17 7.8738e+17 1.5213e-01 0.0000e+00 3.9708e+04 0.0000e+00
1.8900e+03 2.3197e-11 8.7753e-01 2.3008e+03 3.4990e+03 4.4000e+03 6.8430e+17 7.9202e+17 7.9202e+17 1.5169e-01 0.0000e+00 3.9807e+04 0.0000e+00
1.9000e+03 2.3108e-11 8.7671e-01 2.2999e+03 3.4978e+03 4.4000e+03 6.8857e+17 7.9672e+17 7.9672e+17 1.5125e-01 0.0000e+00 3.9907e+04 0.0000e+00
1.9100e+03 2.3020e-11 8.7591e-01 2.2991e+03 3.4965e+03 4.4000e+03 6.9288e+17 8.0146e+17 8.0146e+17 1.5080e-01 0.0000e+00 4.0007e+04 0.0000e+00
1.9200e+03 2.2931e-11 8.7512e-01 2.2982e+03 3.4952e+03 4.4000e+03 6.9724e+17 8.0625e+17 8.0625e+17 1.5036e-01 0.0000e+00 4.0108e+04 0.0000e+00
1.9300e+03 2.2843e-11 8.7434e-01 2.2974e+03 3.4938e+03 4.4000e+03 7.0165e+17 8.1109e+17 8.1109e+17 1.4992e-01 0.0000e+00 4.0210e+04 0.0000e+00
1.9400e+03 2.2756e-11 8.7357e-01 2.2965e+03 3.4925e+03 4.4000e+03 7.0610e+17 8.1598e+17 8.1598e+17 1.4947e-01 0.0000e+00 4.0312e+04 0.0000e+00
1.9500e+03 2.2668e-11 8.7282e-01 2.2956e+03 3.4912e+03 4.4000e+03 7.1061e+17 8.2092e+17 8.2092e+17 1.4903e-01 0.0000e+00 4.0415e+04 0.0000e+00
1.9600e+03 2.2581e-11 8.7207e-01 2.2948e+03 3.4899e+03 4.4000e+03 7.1515e+17 8.2591e+17 8.2591e+17 1.4858e-01 0.0000e+00 4.0518e+04 0.0000e+00
1.9700e+03 2.2494e-11 8.7133e-01 2.2939e+03 3.4886e+03 4.4000e+03 7.1975e+17 8.3094e+17 8.3094e+17 1.4814e-01 0.0000e+00 4.0622e+04 0.0000e+00
1.9800e+03 2.2408e-11 8.7060e-01 2.2930e+03 3.4872e+03 4.4000e+03 7.2439e+17 8.3603e+17 8.3603e+17 1.4769e-01 0.0000e+00 4.0727e+04 0.0000e+00
1.9900e+03 2.2322e-11 8.6988e-01 2.2921e+03 3.4859e+03 4.4000e+03 7.2908e+17 8.4116e+17 8.4116e+17 1.4725e-01 0.0000e+00 4.0832e+04 0.0000e+00
2.0000e+03 2.2236e-11 8.6917e-01 2.2913e+03 3.4846e+03 4.4000e+03 7.3381e+17 8.4634e+17 8.4634e+17 1.4680e-01 0.0000e+00 4.0938e+04 0.0000e+00
2.0100e+03 2.2151e-11 8.6847e-01 2.2904e+03 3.4832e+03 4.4000e+03 7.3859e+17 8.5157e+17 8.5157e+17 1.4635e-01 0.0000e+00 4.1045e+04 0.0000e+00
2.0200e+03 2.2066e-11 8.6778e-01 2.2895e+03 3.4819e+03 4.4000e+03 7.4342e+17 8.5685e+17 8.5685e+17 1.4591e-01 0.0000e+00 4.1152e+04 0.0000e+00
2.0300e+03 2.1981e-11 8.6709e-01 2.2886e+03 3.4806e+03 4.4000e+03 7.4830e+17 8.6217e+17 8.6217e+17 1.4546e-01 0.0000e+00 4.1260e+04 0.0000e+00
2.0400e+03 2.1897e-11 8.6641e-01 2.2877e+03 3.4792e+03 4.4000e+03 7.5322e+17 8.6755e+17 8.6755e+17 1.4502e-01 0.0000e+00 4.1368e+04 0.0000e+00
2.0500e+03 2.1813e-11 8.6575e-01 2.2868e+03 3.4779e+03 4.4000e+03 7.5819e+17 8.7297e+17 8.7297e+17 1.4457e-01 0.0000e+00 4.1477e+04 0.0000e+00
2.0600e+03 2.1729e-11 8.6508e-01 2.2860e+03 3.4765e+03 4.4000e+03 7.6321e+17 8.7845e+17 8.7845e+17 1.4413e-01 0.0000e+00 4.1587e+04 0.0000e+00
2.0700e+03 2.1645e-11 8.6443e-01 2.2851e+03 3.4752e+03 4.4000e+03 7.6827e+17 8.8397e+17 8.8397e+17 1.4368e-01 0.0000e+00 4.1697e+04 0.0000e+00
2.0800e+03 2.1562e-11 8.6378e-01 2.2842e+03 3.4738e+03 4.4000e+03 7.7339e+17 8.8954e+17 8.8954e+17 1.4324e-01 0.0000e+00 4.1808e+04 0.0000e+00
2.0900e+03 2.1479e-11 8.6314e-01 2.2833e+03 3.4724e+03 4.4000e+03 7.7855e+17 8.9516e+17 8.9516e+17 1.4280e-01 0.0000e+00 4.1919e+04 0.0000e+00
2.1000e+03 2.1397e-11 8.6250e-01 2.2824e+03 3.4711e+03 4.4000e+03 7.8376e+17 9.0083e+17 9.0083e+17 1.4235e-01 0.0000e+00 4.2031e+04 0.0000e+00
2.1100e+03 2.1315e-11 8.6187e-01 2.2815e+03 3.4697e+03 4.4000e+03 7.8901e+17 9.0654e+17 9.0654e+17 1.4191e-01 0.0000e+00 4.2143e+04 0.0000e+00
2.1200e+03 2.1233e-11 8.6125e-01 2.2806e+03 3.4683e+03 4.4000e+03 7.9432e+17 9.1231e+17 9.1231e+17 1.4147e-01 0.0000e+00 4.2256e+04 0.0000e+00
2.1300e+03 2.1151e-11 8.6063e-01 2.2797e+03 3.4670e+03 4.4000e+03 7.9967e+17 9.1813e+17 9.1813e+17 1.4102e-01 0.0000e+00 4.2369e+04 0.0000e+00
2.1400e+03 2.1070e-11 8.6002e-01 2.2788e+03 3.4656e+03 4.4000e+03 8.0507e+17 9.2399e+17 9.2399e+17 1.4058e-01 0.0000e+00 4.2483e+04 0.0000e+00
2.1500e+03 2.0989e-11 8.5942e-01 2.2779e+03 3.4642e+03 4.4000e+03 8.1053e+17 9.2991e+17 9.2991e+17 1.4014e-01 0.0000e+00 4.2598e+04 0.0000e+00
2.1600e+03 2.0909e-11 8.5882e-01 2.2770e+03 3.4629e+03 4.4000e+03 8.1602e+17 9.3587e+17 9.3587e+17 1.3970e-01 0.0000e+00 4.2713e+04 0.0000e+00
2.1700e+03 2.0828e-11 8.5822e-01 2.2761e+03 3.4615e+03 4.4000e+03 8.2157e+17 9.4189e+17 9.4189e+17 1.3926e-01 0.0000e+00 4.2828e+04 0.0000e+00
2.1800e+03 2.0748e-11 8.5763e-01 2.2752e+03 3.4601e+03 4.4000e+03 8.2717e+17 9.4795e+17 9.4795e+17 1.3882e-01 0.0000e+00 4.2944e+04 0.0000e+00
2.1900e+03 2.0669e-11 8.5705e-01 2.2743e+03 3.4587e+03 4.4000e+03 8.3282e+17 9.5406e+17 9.5406e+17 1.3838e-01 0.0000e+00 4.3061e+04 0.0000e+00
2.2000e+03 2.0589e-11 8.5647e-01 2.2734e+03 3.4574e+03 4.4000e+03 8.3852e+17 9.6023e+17 9.6023e+17 1.3794e-01 0.0000e+00 4.3178e+04 0.0000e+00
2.2100e+03 2.0510e-11 8.5589e-01 2.2725e+03 3.4560e+03 4.4000e+03 8.4426e+17 9.6644e+17 9.6644e+17 1.3751e-01 0.0000e+00 4.3295e+04 0.0000e+00
2.2200e+03 2.0432e-11 8.5532e-01 2.2716e+03 3.4546e+03 4.4000e+03 8.5006e+17 9.7271e+17 9.7271e+17 1.3707e-01 0.0000e+00 4.3413e+04 0.0000e+00
2.2300e+03 2.0353e-11 8.5475e-01 2.2706e+03 3.4532e+03 4.4000e+03 8.5591e+17 9.7902e+17 9.7902e+17 1.3663e-01 0.0000e+00 4.3532e+04 0.0000e+00
2.2400e+03 2.0275e-11 8.5419e-01 2.2697e+03 3.4518e+03 4.4000e+03 8.6181e+17 9.8539e+17 9.8539e+17 1.3620e-01 0.0000e+00 4.3651e+04 0.0000e+00
2.2500e+03 2.0197e-11 8.5363e-01 2.2688e+03 3.4505e+03 4.4000e+03 8.6776e+17 9.9181e+17 9.9181e+17 1.3577e-01 0.0000e+00 4.3770e+04 0.0000e+00
2.2600e+03 2.0120e-11 8.5308e-01 2.2679e+03 3.4491e+03 4.4000e+03 8.7376e+17 9.9828e+17 9.9828e+17 1.3533e-01 0.0000e+00 4.3890e+04 0.0000e+00
2.2700e+03 2.0042e-11 8.5253e-01 2.2670e+03 3.4477e+03 4.4000e+03 8.7981e+17 1.0048e+18 1.0048e+18 1.3490e-01 0.0000e+00 4.4011e+04 0.0000e+00
2.2800e+03 1.9965e-11 8.5198e-01 2.2661e+03 3.4463e+03 4.4000e+03 8.8591e+17 1.0114e+18 1.0114e+18 1.3447e-01 0.0000e+00 4.4132e+04 0.0000e+00
2.2900e+03 1.9889e-11 8.5143e-01 2.2652e+03 3.4449e+03 4.4000e+03 8.9207e+17 1.0180e+18 1.0180e+18 1.3404e-01 0.0000e+00 4.4253e+04 0.0000e+00
2.3000e+03 1.9812e-11 8.5089e-01 2.2643e+03 3.4435e+03 4.4000e+03 8.9827e+17 1.0247e+18 1.0247e+18 1.3361e-01 0.0000e+00 4.4375e+04 0.0000e+00
2.3100e+03 1.9736e-11 8.5036e-01 2.2634e+03 3.4421e+03 4.4000e+03 9.0453e+17 1.0314e+18 1.0314e+18 1.3318e-01 0.0000e+00 4.4497e+04 0.0000e+00
2.3200e+03 1.9660e-11 8.4982e-01 2.2624e+03 3.4408e+03 4.4000e+03 9.1084e+17 1.0382e+18 1.0382e+18 1.3275e-01 0.0000e+00 4.4620e+04 0.0000e+00
2.3300e+03 1.9585e-11 8.4929e-01 2.2615e+03 3.4394e+03 4.4000e+03 9.1721e+17 1.0450e+18 1.0450e+18 1.3232e-01 0.0000e+00 4.4743e+04 0.0000e+00
2.3400e+03 1.9510e-11 8.4876e-01 2.2606e+03 3.4380e+03 4.4000e+03 9.2363e+17 1.0519e+18 1.0519e+18 1.3190e-01 0.0000e+00 4.4867e+04 0.0000e+00
2.3500e+03 1.9435e-11 8.4824e-01 2.2597e+03 3.4366e+03 4.4000e+03 9.3010e+17 1.0588e+18 1.0588e+18 1.3147e-01 0.0000e+00 4.4992e+04 0.0000e+00
2.3600e+03 1.9360e-11 8.4772e-01 2.2588e+03 3.4352e+03 4.4000e+03 9.3662e+17 1.0658e+18 1.0658e+18 1.3105e-01 0.0000e+00 4.5116e+04 0.0000e+00
2.3700e+03 1.9286e-11 8.4720e-01 2.2579e+03 3.4338e+03 4.4000e+03 9.4320e+17 1.0729e+18 1.0729e+18 1.3062e-01 0.0000e+00 4.5241e+04 0.0000e+00
2.3800e+03 1.9212e-11 8.4668e-01 2.2570e+03 3.4324e+03 4.4000e+03 9.4983e+17 1.0799e+18 1.0799e+18 1.3020e-01 0.0000e+00 4.5367e+04 0.0000e+00
2.3900e+03 1.9138e-11 8.4617e-01 2.2561e+03 3.4310e+03 4.4000e+03 9.5652e+17 1.0871e+18 1.0871e+18 1.2978e-01 0.0000e+00 4.5493e+04 0.0000e+00
2.4000e+03 1.9064e-11 8.4566e-01 2.2551e+03 3.4296e+03 4.4000e+03 9.6326e+17 1.0943e+18 1.0943e+18 1.2936e-01 0.0000e+00 4.5620e+04 0.0000e+00
2.4100e+03 1.8991e-11 8.4515e-01 2.2542e+03 3.4282e+03 4.4000e+03 9.7006e+17 1.1016e+18 1.1016e+18 1.2894e-01 0.0000e+00 4.5747e+04 0.0000e+00
2.4200e+03 1.8918e-11 8.4464e-01 2.2533e+03 3.4269e+03 4.4000e+03 9.7692e+17 1.1089e+18 1.1089e+18 1.2852e-01 0.0000e+00 4.5874e+04 0.0000e+00
2.4300e+03 1.8846e-11 8.4413e-01 2.2524e+03 3.4255e+03 4.4000e+03 9.8382e+17 1.1162e+18 1.1162e+18 1.2811e-01 0.0000e+00 4.6002e+04 0.0000e+00
2.4400e+03 1.8773e-11 8.4363e-01 2.2515e+03 3.4241e+03 4.4000e+03 9.9079e+17 1.1237e+18 1.1237e+18 1.2769e-01 0.0000e+00 4.6130e+04 0.0000e+00
2.4500e+03 1.8701e-11 8.4313e-01 2.2506e+03 3.4227e+03 4.4000e+03 9.9781e+17 1.1311e+18 1.1311e+18 1.2728e-01 0.0000e+00 4.6259e+04 0.0000e+00
2.4600e+03 1.8629e-11 8.4263e-01 2.2497e+03 3.4213e+03 4.4000e+03 1.0049e+18 1.1387e+18 1.1387e+18 1.2686e-01 0.0000e+00 4.6388e+04 0.0000e+00
2.4700e+03 1.8558e-11 8.4214e-01 2.2487e+03 3.4199e+03 4.4000e+03 1.0120e+18 1.1463e+18 1.1463e+18 1.2645e-01 0.0000e+00 4.6518e+04 0.0000e+00
2.4800e+03 1.8487e-11 8.4164e-01 2.2478e+03 3.4185e+03 4.4000e+03 1.0192e+18 1.1539e+18 1.1539e+18 1.2604e-01 0.0000e+00 4.6648e+04 0.0000e+00
2.4900e+03 1.8416e-11 8.4115e-01 2.2469e+03 3.4171e+03 4.4000e+03 1.0265e+18 1.1616e+18 1.1616e+18 1.2563e-01 0.0000e+00 4.6779e+04 0.0000e+00
2.5000e+03 1.8345e-11 8.4066e-01 2.2460e+03 3.4157e+03 4.4000e+03 1.0338e+18 1.1694e+18 1.1694e+18 1.2522e-01 0.0000e+00 4.6910e+04 0.0000e+00
2.5100e+03 1.8274e-11 8.4017e-01 2.2451e+03 3.4143e+03 4.4000e+03 1.0411e+18 1.1772e+18 1.1772e+18 1.2481e-01 0.0000e+00 4.7041e+04 0.0000e+00
2.5200e+03 1.8204e-11 8.3968e-01 2.2442e+03 3.4130e+03 4.4000e+03 1.0486e+18 1.1851e+18 1.1851e+18 1.2440e-01 0.0000e+00 4.7173e+04 0.0000e+00
2.5300e+03 1.8134e-11 8.3919e-01 2.2433e+03 3.4116e+03 4.4000e+03 1.0561e+18 1.1930e+18 1.1930e+18 1.2400e-01 0.0000e+00 4.7305e+04 0.0000e+00
2.5400e+03 1.8065e-11 8.3871e-01 2.2423e+03 3.4102e+03 4.4000e+03 1.0636e+18 1.2010e+18 1.2010e+18 1.2359e-01 0.0000e+00 4.7438e+04 0.0000e+00
2.5500e+03 1.7995e-11 8.3822e-01 2.2414e+03 3.4088e+03 4.4000e+03 1.0712e+18 1.2090e+18 1.2090e+18 1.2319e-01 0.0000e+00 4.7571e+04 0.0000e+00
2.5600e+03 1.7926e-11 8.3774e-01 2.2405e+03 3.4074e+03 4.4000e+03 1.0789e+18 1.2171e+18 1.2171e+18 1.2279e-01 0.0000e+00 4.7705e+04 0.0000e+00
2.5700e+03 1.7857e-11 8.3726e-01 2.2396e+03 3.4060e+03 4.4000e+03 1.0866e+18 1.2253e+18 1.2253e+18 1.2239e-01 0.0000e+00 4.7839e+04 0.0000e+00
2.5800e+03 1.7789e-11 8.3678e-01 2.2387e+03 3.4046e+03 4.4000e+03 1.0944e+18 1.2335e+18 1.2335e+18 1.2199e-01 0.0000e+00 4.7973e+04 0.0000e+00
2.5900e+03 1.7721e-11 8.3630e-01 2.2378e+03 3.4032e+03 4.4000e+03 1.1022e+18 1.2418e+18 1.2418e+18 1.2159e-01 0.0000e+00 4.8108e+04 0.0000e+00
2.6000e+03 1.7653e-11 8.3583e-01 2.2369e+03 3.4019e+03 4.4000e+03 1.1102e+18 1.2501e+18 1.2501e+18 1.2119e-01 0.0000e+00 4.8244e+04 0.0000e+00
2.6100e+03 1.7585e-11 8.3535e-01 2.2360e+03 3.4005e+03 4.4000e+03 1.1181e+18 1.2585e+18 1.2585e+18 1.2079e-01 0.0000e+00 4.8379e+04 0.0000e+00
2.6200e+03 1.7517e-11 8.3488e-01 2.2350e+03 3.3991e+03 4.4000e+03 1.1262e+18 1.2670e+18 1.2670e+18 1.2040e-01 0.0000e+00 4.8516e+04 0.0000e+00
2.6300e+03 1.7450e-11 8.3440e-01 2.2341e+03 3.3977e+03 4.4000e+03 1.1343e+18 1.2755e+18 1.2755e+18 1.2000e-01 0.0000e+00 4.8652e+04 0.0000e+00
2.6400e+03 1.7383e-11 8.3393e-01 2.2332e+03 3.3963e+03 4.4000e+03 1.1424e+18 1.2841e+18 1.2841e+18 1.1961e-01 0.0000e+00 4.8789e+04 0.0000e+00
2.6500e+03 1.7316e-11 8.3346e-01 2.2323e+03 3.3949e+03 4.4000e+03 1.1507e+18 1.2927e+18 1.2927e+18 1.1922e-01 0.0000e+00 4.8927e+04 0.0000e+00
2.6600e+03 1.7250e-11 8.3299e-01 2.2314e+03 3.3935e+03 4.4000e+03 1.1589e+18 1.3014e+18 1.3014e+18 1.1883e-01 0.0000e+00 4.9065e+04 0.0000e+00
2.6700e+03 1.7183e-11 8.3252e-01 2.2305e+03 3.3922e+03 4.4000e+03 1.1673e+18 1.3102e+18 1.3102e+18 1.1844e-01 0.0000e+00 4.9203e+04 0.0000e+00
2.6800e+03 1.7117e-11 8.3205e-01 2.2296e+03 3.3908e+03 4.4000e+03 1.1757e+18 1.3190e+18 1.3190e+18 1.1805e-01 0.0000e+00 4.9342e+04 0.0000e+00
2.6900e+03 1.7052e-11 8.3158e-01 2.2287e+03 3.3894e+03 4.4000e+03 1.1842e+18 1.3279e+18 1.3279e+18 1.1766e-01 0.0000e+00 4.9481e+04 0.0000e+00
2.7000e+03 1.6986e-11 8.3111e-01 2.2278e+03 3.3880e+03 4.4000e+03 1.1928e+18 1.3368e+18 1.3368e+18 1.1728e-01 0.0000e+00 4.9620e+04 0.0000e+00
2.7100e+03 1.6921e-11 8.3064e-01 2.2269e+03 3.3866e+03 4.4000e+03 1.2014e+18 1.3459e+18 1.3459e+18 1.1689e-01 0.0000e+00 4.9760e+04 0.0000e+00
2.7200e+03 1.6856e-11 8.3018e-01 2.2260e+03 3.3853e+03 4.4000e+03 1.2101e+18 1.3549e+18 1.3549e+18 1.1651e-01 0.0000e+00 4.9901e+04 0.0000e+00
2.7300e+03 1.6791e-11 8.2971e-01 2.2251e+03 3.3839e+03 4.4000e+03 1.2188e+18 1.3641e+18 1.3641e+18 1.1613e-01 0.0000e+00 5.0042e+04 0.0000e+00
2.7400e+03 1.6727e-11 8.2925e-01 2.2241e+03 3.3825e+03 4.4000e+03 1.2277e+18 1.3733e+18 1.3733e+18 1.1575e-01 0.0000e+00 5.0183e+04 0.0000e+00
2.7500e+03 1.6663e-11 8.2878e-01 2.2232e+03 3.3811e+03 4.4000e+03 1.2366e+18 1.3826e+18 1.3826e+18 1.1537e-01 0.0000e+00 5.0325e+04 0.0000e+00
2.7600e+03 1.6599e-11 8.2832e-01 2.2223e+03 3.3798e+03 4.4000e+03 1.2455e+18 1.3919e+18 1.3919e+18 1.1499e-01 0.0000e+00 5.0467e+04 0.0000e+00
2.7700e+03 1.6535e-11 8.2785e-01 2.2214e+03 3.3784e+03 4.4000e+03 1.2545e+18 1.4013e+18 1.4013e+18 1.1461e-01 0.0000e+00 5.0609e+04 0.0000e+00
2.7800e+03 1.6471e-11 8.2739e-01 2.2205e+03 3.3770e+03 4.4000e+03 1.2636e+18 1.4108e+18 1.4108e+18 1.1423e-01 0.0000e+00 5.0752e+04 0.0000e+00
2.7900e+03 1.6408e-11 8.2693e-01 2.2196e+03 3.3756e+03 4.4000e+03 1.2728e+18 1.4203e+18 1.4203e+18 1.1386e-01 0.0000e+00 5.0896e+04 0.0000e+00
2.8000e+03 1.6345e-11 8.2647e-01 2.2187e+03 3.3743e+03 4.4000e+03 1.2821e+18 1.4299e+18 1.4299e+18 1.1348e-01 0.0000e+00 5.1039e+04 0.0000e+00
2.8100e+03 1.6282e-11 8.2601e-01 2.2178e+03 3.3729e+03 4.4000e+03 1.2914e+18 1.4396e+18 1.4396e+18 1.1311e-01 0.0000e+00 5.1184e+04 0.0000e+00
2.8200e+03 1.6220e-11 8.2554e-01 2.2169e+03 3.3715e+03 4.4000e+03 1.3008e+18 1.4493e+18 1.4493e+18 1.1274e-01 0.0000e+00 5.1328e+04 0.0000e+00
2.8300e+03 1.6158e-11 8.2508e-01 2.2160e+03 3.3701e+03 4.4000e+03 1.3102e+18 1.4591e+18 1.4591e+18 1.1237e-01 0.0000e+00 5.1473e+04 0.0000e+00
2.8400e+03 1.6096e-11 8.2462e-01 2.2151e+03 3.3688e+03 4.4000e+03 1.3197e+18 1.4690e+18 1.4690e+18 1.1200e-01 0.0000e+00 5.1619e+04 0.0000e+00
2.8500e+03 1.6034e-11 8.2416e-01 2.2142e+03 3.3674e+03 4.4000e+03 1.3294e+18 1.4789e+18 1.4789e+18 1.1163e-01 0.0000e+00 5.1765e+04 0.0000e+00
2.8600e+03 1.5972e-11 8.2370e-01 2.2133e+03 3.3660e+03 4.4000e+03 1.3390e+18 1.4889e+18 1.4889e+18 1.1127e-01 0.0000e+00 5.1911e+04 0.0000e+00
2.8700e+03 1.5911e-11 8.2324e-01 2.2124e+03 3.3647e+03 4.4000e+03 1.3488e+18 1.4990e+18 1.4990e+18 1.1090e-01 0.0000e+00 5.2058e+04 0.0000e+00
2.8800e+03 1.5850e-11 8.2278e-01 2.2115e+03 3.3633e+03 4.4000e+03 1.3586e+18 1.5091e+18 1.5091e+18 1.1054e-01 0.0000e+00 5.2205e+04 0.0000e+00
2.8900e+03 1.5789e-11 8.2232e-01 2.2106e+03 3.3619e+03 4.4000e+03 1.3685e+18 1.5193e+18 1.5193e+18 1.1017e-01 0.0000e+00 5.2352e+04 0.0000e+00
2.9000e+03 1.5728e-11 8.2187e-01 2.2097e+03 3.3606e+03 4.4000e+03 1.3785e+18 1.5296e+18 1.5296e+18 1.0981e-01 0.0000e+00 5.2500e+04 0.0000e+00
2.9100e+03 1.5668e-11 8.2141e-01 2.2088e+03 3.3592e+03 4.4000e+03 1.3885e+18 1.5400e+18 1.5400e+18 1.0945e-01 0.0000e+00 5.2649e+04 0.0000e+00
2.9200e+03 1.5608e-11 8.2095e-01 2.2079e+03 3.3579e+03 4.4000e+03 1.3987e+18 1.5504e+18 1.5504e+18 1.0909e-01 0.0000e+00 5.2798e+04 0.0000e+00
2.9300e+03 1.5548e-11 8.2049e-01 2.2070e+03 3.3565e+03 4.4000e+03 1.4089e+18 1.5609e+18 1.5609e+18 1.0873e-01 0.0000e+00 5.2947e+04 0.0000e+00
2.9400e+03 1.5488e-11 8.2003e-01 2.2062e+03 3.3551e+03 4.4000e+03 1.4192e+18 1.5714e+18 1.5714e+18 1.0838e-01 0.0000e+00 5.3096e+04 0.0000e+00
2.9500e+03 1.5429e-11 8.1957e-01 2.2053e+03 3.3538e+03 4.4000e+03 1.4295e+18 1.5821e+18 1.5821e+18 1.0802e-01 0.0000e+00 5.3247e+04 0.0000e+00
2.9600e+03 1.5369e-11 8.1911e-01 2.2044e+03 3.3524e+03 4.4000e+03 1.4400e+18 1.5928e+18 1.5928e+18 1.0767e-01 0.0000e+00 5.3397e+04 0.0000e+00
2.9700e+03 1.5310e-11 8.1866e-01 2.2035e+03 3.3511e+03 4.4000e+03 1.4505e+18 1.6036e+18 1.6036e+18 1.0731e-01 0.0000e+00 5.3548e+04 0.0000e+00
2.9800e+03 1.5252e-11 8.1820e-01 2.2026e+03 3.3497e+03 4.4000e+03 1.4611e+18 1.6144e+18 1.6144e+18 1.0696e-01 0.0000e+00 5.3699e+04 0.0000e+00
2.9900e+03 1.5193e-11 8.1774e-01 2.2017e+03 3.3484e+03 4.4000e+03 1.4718e+18 1.6254e+18 1.6254e+18 1.0661e-01 0.0000e+00 5.3851e+04 0.0000e+00
3.0000e+03 1.5135e-11 8.1728e-01 2.2008e+03 3.3470e+03 4.4000e+03 1.4826e+18 1.6364e+18 1.6364e+18 1.0626e-01 0.0000e+00 5.4003e+04 0.0000e+00
3.0100e+03 1.5076e-11 8.1682e-01 2.1999e+03 3.3457e+03 4.4000e+03 1.4934e+18 1.6475e+18 1.6475e+18 1.0591e-01 0.0000e+00 5.4156e+04 0.0000e+00
3.0200e+03 1.5019e-11 8.1637e-01 2.1990e+03 3.3443e+03 4.4000e+03 1.5044e+18 1.6586e+18 1.6586e+18 1.0556e-01 0.0000e+00 5.4309e+04 0.0000e+00
3.0300e+03 1.4961e-11 8.1591e-01 2.1981e+03 3.3429e+03 4.4000e+03 1.5154e+18 1.6699e+18 1.6699e+18 1.0522e-01 0.0000e+00 5.4462e+04 0.0000e+00
3.0400e+03 1.4903e-11 8.1545e-01 2.1972e+03 3.3416e+03 4.4000e+03 1.5265e+18 1.6812e+18 1.6812e+18 1.0487e-01 0.0000e+00 5.4616e+04 0.0000e+00
3.0500e+03 1.4846e-11 8.1499e-01 2.1964e+03 3.3403e+03 4.4000e+03 1.5377e+18 1.6926e+18 1.6926e+18 1.0453e-01 0.0000e+00 5.4770e+04 0.0000e+00
3.0600e+03 1.4789e-11 8.1453e-01 2.1955e+03 3.3389e+03 4.4000e+03 1.5489e+18 1.7040e+18 1.7040e+18 1.0419e-01 0.0000e+00 5.4925e+04 0.0000e+00
3.0700e+03 1.4732e-11 8.1407e-01 2.1946e+03 3.3376e+03 4.4000e+03 1.5603e+18 1.7156e+18 1.7156e+18 1.0384e-01 0.0000e+00 5.5080e+04 0.0000e+00
3.0800e+03 1.4676e-11 8.1361e-01 2.1937e+03 3.3362e+03 4.4000e+03 1.5718e+18 1.7272e+18 1.7272e+18 1.0350e-01 0.0000e+00 5.5236e+04 0.0000e+00
3.0900e+03 1.4620e-11 8.1316e-01 2.1928e+03 3.3349e+03 4.4000e+03 1.5833e+18 1.7389e+18 1.7389e+18 1.0316e-01 0.0000e+00 5.5392e+04 0.0000e+00
3.1000e+03 1.4563e-11 8.1270e-01 2.1919e+03 3.3335e+03 4.4000e+03 1.5949e+18 1.7507e+18 1.7507e+18 1.0283e-01 0.0000e+00 5.5548e+04 0.0000e+00
3.1100e+03 1.4507e-11 8.1224e-01 2.1911e+03 3.3322e+03 4.4000e+03 1.6066e+18 1.7625e+18 1.7625e+18 1.0249e-01 0.0000e+00 5.5705e+04 0.0000e+00
3.1200e+03 1.4452e-11 8.1178e-01 2.1902e+03 3.3308e+03 4.4000e+03 1.6184e+18 1.7745e+18 1.7745e+18 1.0215e-01 0.0000e+00 5.5862e+04 0.0000e+00
3.1300e+03 1.4396e-11 8.1132e-01 2.1893e+03 3.3295e+03 4.4000e+03 1.6303e+18 1.7865e+18 1.7865e+18 1.0182e-01 0.0000e+00 5.6020e+04 0.0000e+00
3.1400e+03 1.4341e-11 8.1086e-01 2.1884e+03 3.3282e+03 4.4000e+03 1.6423e+18 1.7986e+18 1.7986e+18 1.0149e-01 0.0000e+00 5.6178e+04 0.0000e+00
3.1500e+03 1.4286e-11 8.1040e-01 2.1875e+03 3.3268e+03 4.4000e+03 1.6543e+18 1.8108e+18 1.8108e+18 1.0115e-01 0.0000e+00 5.6336e+04 0.0000e+00
3.1600e+03 1.4231e-11 8.0994e-01 2.1867e+03 3.3255e+03 4.4000e+03 1.6665e+18 1.8230e+18 1.8230e+18 1.0082e-01 0.0000e+00 5.6495e+04 0.0000e+00
3.1700e+03 1.4176e-11 8.0948e-01 2.1858e+03 3.3242e+03 4.4000e+03 1.6787e+18 1.8354e+18 1.8354e+18 1.0049e-01 0.0000e+00 5.6655e+04 0.0000e+00
3.1800e+03 1.4122e-11 8.0902e-01 2.1849e+03 3.3228e+03 4.4000e+03 1.6911e+18 1.8478e+18 1.8478e+18 1.0016e-01 0.0000e+00 5.6814e+04 0.0000e+00
3.1900e+03 1.4068e-11 8.0856e-01 2.1840e+03 3.3215e+03 4.4000e+03 1.7035e+18 1.8603e+18 1.8603e+18 9.9836e-02 0.0000e+00 5.6975e+04 0.0000e+00
3.2000e+03 1.4014e-11 8.0810e-01 2.1832e+03 3.3202e+03 4.4000e+03 1.7161e+18 1.8729e+18 1.8729e+18 9.9509e-02 0.0000e+00 5.7135e+04 0.0000e+00
3.2100e+03 1.3960e-11 8.0764e-01 2.1823e+03 3.3188e+03 4.4000e+03 1.7287e+18 1.8856e+18 1.8856e+18 9.9183e-02 0.0000e+00 5.7296e+04 0.0000e+00
3.2200e+03 1.3906e-11 8.0717e-01 2.1814e+03 3.3175e+03 4.4000e+03 1.7414e+18 1.8983e+18 1.8983e+18 9.8859e-02 0.0000e+00 5.7458e+04 0.0000e+00
3.2300e+03 1.3853e-11 8.0671e-01 2.1805e+03 3.3162e+03 4.4000e+03 1.7542e+18 1.9112e+18 1.9112e+18 9.8536e-02 0.0000e+00 5.7620e+04 0.0000e+00
3.2400e+03 1.3800e-11 8.0625e-01 2.1797e+03 3.3149e+03 4.4000e+03 1.7672e+18 1.9241e+18 1.9241e+18 9.8214e-02 0.0000e+00 5.7782e+04 0.0000e+00
3.2500e+03 1.3747e-11 8.0579e-01 2.1788e+03 3.3135e+03 4.4000e+03 1.7802e+18 1.9371e+18 1.9371e+18 9.7893e-02 0.0000e+00 5.7945e+04 0.0000e+00
3.2600e+03 1.3694e-11 8.0532e-01 2.1779e+03 3.3122e+03 4.4000e+03 1.7933e+18 1.9502e+18 1.9502e+18 9.7573e-02 0.0000e+00 5.8108e+04 0.0000e+00
3.2700e+03 1.3641e-11 8.0486e-01 2.1770e+03 3.3109e+03 4.4000e+03 1.8065e+18 1.9634e+18 1.9634e+18 9.7254e-02 0.0000e+00 5.8271e+04 0.0000e+00
3.2800e+03 1.3589e-11 8.0440e-01 2.1762e+03 3.3096e+03 4.4000e+03 1.8198e+18 1.9767e+18 1.9767e+18 9.6936e-02 0.0000e+00 5.8436e+04 0.0000e+00
3.2900e+03 1.3537e-11 8.0393e-01 2.1753e+03 3.3082e+03 4.4000e+03 1.8332e+18 1.9901e+18 1.9901e+18 9.6620e-02 0.0000e+00 5.8600e+04 0.0000e+00
3.3000e+03 1.3485e-11 8.0347e-01 2.1744e+03 3.3069e+03 4.4000e+03 1.8467e+18 2.0036e+18 2.0036e+18 9.6305e-02 0.0000e+00 5.8765e+04 0.0000e+00
3.3100e+03 1.3433e-11 8.0301e-01 2.1736e+03 3.3056e+03 4.4000e+03 1.8604e+18 2.0171e+18 2.0171e+18 9.5990e-02 0.0000e+00 5.8930e+04 0.0000e+00
3.3200e+03 1.3381e-11 8.0254e-01 2.1727e+03 3.3043e+03 4.4000e+03 1.8741e+18 2.0308e+18 2.0308e+18 9.5677e-02 0.0000e+00 5.9096e+04 0.0000e+00
3.3300e+03 1.3330e-11 8.0208e-01 2.1718e+03 3.3030e+03 4.4000e+03 1.8879e+18 2.0445e+18 2.0445e+18 9.5365e-02 0.0000e+00 5.9262e+04 0.0000e+00
3.3400e+03 1.3279e-11 8.0161e-01 2.1710e+03 3.3017e+03 4.4000e+03 1.9018e+18 2.0583e+18 2.0583e+18 9.5054e-02 0.0000e+00 5.9429e+04 0.0000e+00
3.3500e+03 1.3228e-11 8.0114e-01 2.1701e+03 3.3003e+03 4.4000e+03 1.9159e+18 2.0722e+18 2.0722e+18 9.4744e-02 0.0000e+00 5.9596e+04 0.0000e+00
3.3600e+03 1.3177e-11 8.0068e-01 2.1693e+03 3.2990e+03 4.4000e+03 1.9300e+18 2.0862e+18 2.0862e+18 9.4435e-02 0.0000e+00 5.9763e+04 0.0000e+00
3.3700e+03 1.3126e-11 8.0021e-01 2.1684e+03 3.2977e+03 4.4000e+03 1.9443e+18 2.1003e+18 2.1003e+18 9.4127e-02 0.0000e+00 5.9931e+04 0.0000e+00
3.3800e+03 1.3076e-11 7.9974e-01 2.1675e+03 3.2964e+03 4.4000e+03 1.9586e+18 2.1145e+18 2.1145e+18 9.3821e-02 0.0000e+00 6.0100e+04 0.0000e+00
3.3900e+03 1.3026e-11 7.9928e-01 2.1667e+03 3.2951e+03 4.4000e+03 1.9731e+18 2.1288e+18 2.1288e+18 9.3515e-02 0.0000e+00 6.0268e+04 0.0000e+00
3.4000e+03 1.2976e-11 7.9881e-01 2.1658e+03 3.2938e+03 4.4000e+03 1.9877e+18 2.1432e+18 2.1432e+18 9.3211e-02 0.0000e+00 6.0438e+04 0.0000e+00
3.4100e+03 1.2926e-11 7.9834e-01 2.1650e+03 3.2925e+03 4.4000e+03 2.0023e+18 2.1577e+18 2.1577e+18 9.2907e-02 0.0000e+00 6.0607e+04 0.0000e+00
3.4200e+03 1.2876e-11 7.9787e-01 2.1641e+03 3.2912e+03 4.4000e+03 2.0171e+18 2.1722e+18 2.1722e+18 9.2605e-02 0.0000e+00 6.0777e+04 0.0000e+00
3.4300e+03 1.2827e-11 7.9740e-01 2.1632e+03 3.2899e+03 4.4000e+03 2.0320e+18 2.1869e+18 2.1869e+18 9.2303e-02 0.0000e+00 6.0948e+04 0.0000e+00
3.4400e+03 1.2778e-11 7.9693e-01 2.1624e+03 3.2886e+03 4.4000e+03 2.0471e+18 2.2017e+18 2.2017e+18 9.2003e-02 0.0000e+00 6.1119e+04 0.0000e+00
3.4500e+03 1.2729e-11 7.9646e-01 2.1615e+03 3.2873e+03 4.4000e+03 2.0622e+18 2.2165e+18 2.2165e+18 9.1704e-02 0.0000e+00 6.1290e+04 0.0000e+00
3.4600e+03 1.2680e-11 7.9599e-01 2.1607e+03 3.2860e+03 4.4000e+03 2.0774e+18 2.2315e+18 2.2315e+18 9.1406e-02 0.0000e+00 6.1462e+04 0.0000e+00
3.4700e+03 1.2631e-11 7.9552e-01 2.1598e+03 3.2847e+03 4.4000e+03 2.0928e+18 2.2466e+18 2.2466e+18 9.1109e-02 0.0000e+00 6.1634e+04 0.0000e+00
3.4800e+03 1.2583e-11 7.9505e-01 2.1590e+03 3.2834e+03 4.4000e+03 2.1083e+18 2.2617e+18 2.2617e+18 9.0813e-02 0.0000e+00 6.1807e+04 0.0000e+00
3.4900e+03 1.2534e-11 7.9458e-01 2.1581e+03 3.2821e+03 4.4000e+03 2.1239e+18 2.2770e+18 2.2770e+18 9.0518e-02 0.0000e+00 6.1980e+04 0.0000e+00
3.5000e+03 1.2486e-11 7.9410e-01 2.1573e+03 3.2808e+03 4.4000e+03 2.1396e+18 2.2923e+18 2.2923e+18 9.0224e-02 0.0000e+00 6.2154e+04 0.0000e+00
3.5100e+03 1.2438e-11 7.9363e-01 2.1564e+03 3.2795e+03 4.4000e+03 2.1554e+18 2.3078e+18 2.3078e+18 8.9931e-02 0.0000e+00 6.2328e+04 0.0000e+00
3.5200e+03 1.2390e-11 7.9316e-01 2.1556e+03 3.2782e+03 4.4000e+03 2.1714e+18 2.3234e+18 2.3234e+18 8.9639e-02 0.0000e+00 6.2503e+04 0.0000e+00
3.5300e+03 1.2343e-11 7.9268e-01 2.1547e+03 3.2769e+03 4.4000e+03 2.1875e+18 2.3390e+18 2.3390e+18 8.9348e-02 0.0000e+00 6.2677e+04 0.0000e+00
3.5400e+03 1.2295e-11 7.9221e-01 2.1539e+03 3.2756e+03 4.4000e+03 2.2036e+18 2.3548e+18 2.3548e+18 8.9058e-02 0.0000e+00 6.2853e+04 0.0000e+00
3.5500e+03 1.2248e-11 7.9173e-01 2.1530e+03 3.2743e+03 4.4000e+03 2.2200e+18 2.3707e+18 2.3707e+18 8.8770e-02 0.0000e+00 6.3029e+04 0.0000e+00
3.5600e+03 1.2201e-11 7.9126e-01 2.1522e+03 3.2730e+03 4.4000e+03 2.2364e+18 2.3866e+18 2.3866e+18 8.8482e-02 0.0000e+00 6.3205e+04 0.0000e+00
3.5700e+03 1.2154e-11 7.9078e-01 2.1513e+03 3.2717e+03 4.4000e+03 2.2530e+18 2.4027e+18 2.4027e+18 8.8195e-02 0.0000e+00 6.3382e+04 0.0000e+00
3.5800e+03 1.2108e-11 7.9031e-01 2.1505e+03 3.2705e+03 4.4000e+03 2.2697e+18 2.4189e+18 2.4189e+18 8.7910e-02 0.0000e+00 6.3559e+04 0.0000e+00
3.5900e+03 1.2061e-11 7.8983e-01 2.1496e+03 3.2692e+03 4.4000e+03 2.2865e+18 2.4352e+18 2.4352e+18 8.7625e-02 0.0000e+00 6.3736e+04 0.0000e+00
3.6000e+03 1.2015e-11 7.8935e-01 2.1488e+03 3.2679e+03 4.4000e+03 2.3034e+18 2.4516e+18 2.4516e+18 8.7341e-02 0.0000e+00 6.3914e+04 0.0000e+00
3.6100e+03 1.1969e-11 7.8887e-01 2.1479e+03 3.2666e+03 4.4000e+03 2.3205e+18 2.4681e+18 2.4681e+18 8.7058e-02 0.0000e+00 6.4093e+04 0.0000e+00
3.6200e+03 1.1923e-11 7.8839e-01 2.1471e+03 3.2653e+03 4.4000e+03 2.3377e+18 2.4847e+18 2.4847e+18 8.6777e-02 0.0000e+00 6.4272e+04 0.0000e+00
3.6300e+03 1.1877e-11 7.8792e-01 2.1463e+03 3.2641e+03 4.4000e+03 2.3550e+18 2.5014e+18 2.5014e+18 8.6496e-02 0.0000e+00 6.4451e+04 0.0000e+00
3.6400e+03 1.1831e-11 7.8744e-01 2.1454e+03 3.2628e+03 4.4000e+03 2.3725e+18 2.5183e+18 2.5183e+18 8.6216e-02 0.0000e+00 6.4631e+04 0.0000e+00
3.6500e+03 1.1786e-11 7.8696e-01 2.1446e+03 3.2615e+03 4.4000e+03 2.3901e+18 2.5352e+18 2.5352e+18 8.5938e-02 0.0000e+00 6.4811e+04 0.0000e+00
3.6600e+03 1.1741e-11 7.8648e-01 2.1437e+03 3.2602e+03 4.4000e+03 2.4078e+18 2.5522e+18 2.5522e+18 8.5660e-02 0.0000e+00 6.4992e+04 0.0000e+00
3.6700e+03 1.1696e-11 7.8599e-01 2.1429e+03 3.2590e+03 4.4000e+03 2.4256e+18 2.5694e+18 2.5694e+18 8.5383e-02 0.0000e+00 6.5173e+04 0.0000e+00
3.6800e+03 1.1651e-11 7.8551e-01 2.1421e+03 3.2577e+03 4.4000e+03 2.4436e+18 2.5867e+18 2.5867e+18 8.5108e-02 0.0000e+00 6.5355e+04 0.0000e+00
3.6900e+03 1.1606e-11 7.8503e-01 2.1412e+03 3.2564e+03 4.4000e+03 2.4618e+18 2.6041e+18 2.6041e+18 8.4833e-02 0.0000e+00 6.5537e+04 0.0000e+00
3.7000e+03 1.1561e-11 7.8455e-01 2.1404e+03 3.2551e+03 4.4000e+03 2.4800e+18 2.6216e+18 2.6216e+18 8.4559e-02 0.0000e+00 6.5719e+04 0.0000e+00
3.7100e+03 1.1517e-11 7.8406e-01 2.1396e+03 3.2539e+03 4.4000e+03 2.4984e+18 2.6392e+18 2.6392e+18 8.4286e-02 0.0000e+00 6.5902e+04 0.0000e+00
3.7200e+03 1.1473e-11 7.8358e-01 2.1387e+03 3.2526e+03 4.4000e+03 2.5170e+18 2.6569e+18 2.6569e+18 8.4015e-02 0.0000e+00 6.6086e+04 0.0000e+00
3.7300e+03 1.1429e-11 7.8310e-01 2.1379e+03 3.2513e+03 4.4000e+03 2.5357e+18 2.6748e+18 2.6748e+18 8.3744e-02 0.0000e+00 6.6270e+04 0.0000e+00
3.7400e+03 1.1385e-11 7.8261e-01 2.1371e+03 3.2501e+03 4.4000e+03 2.5545e+18 2.6927e+18 2.6927e+18 8.3474e-02 0.0000e+00 6.6454e+04 0.0000e+00
3.7500e+03 1.1341e-11 7.8213e-01 2.1362e+03 3.2488e+03 4.4000e+03 2.5735e+18 2.7108e+18 2.7108e+18 8.3205e-02 0.0000e+00 6.6639e+04 0.0000e+00
3.7600e+03 1.1298e-11 7.8164e-01 2.1354e+03 3.2475e+03 4.4000e+03 2.5926e+18 2.7290e+18 2.7290e+18 8.2937e-02 0.0000e+00 6.6824e+04 0.0000e+00
3.7700e+03 1.1254e-11 7.8115e-01 2.1346e+03 3.2463e+03 4.4000e+03 2.6118e+18 2.7473e+18 2.7473e+18 8.2670e-02 0.0000e+00 6.7010e+04 0.0000e+00
3.7800e+03 1.1211e-11 7.8066e-01 2.1337e+03 3.2450e+03 4.4000e+03 2.6312e+18 2.7657e+18 2.7657e+18 8.2404e-02 0.0000e+00 6.7196e+04 0.0000e+00
3.7900e+03 1.1168e-11 7.8018e-01 2.1329e+03 3.2438e+03 4.4000e+03 2.6508e+18 2.7843e+18 2.7843e+18 8.2139e-02 0.0000e+00 6.7383e+04 0.0000e+00
3.8000e+03 1.1125e-11 7.7969e-01 2.1321e+03 3.2425e+03 4.4000e+03 2.6705e+18 2.8029e+18 2.8029e+18 8.1875e-02 0.0000e+00 6.7570e+04 0.0000e+00
3.8100e+03 1.1082e-11 7.7920e-01 2.1313e+03 3.2413e+03 4.4000e+03 2.6903e+18 2.8217e+18 2.8217e+18 8.1612e-02 0.0000e+00 6.7757e+04 0.0000e+00
3.8200e+03 1.1040e-11 7.7871e-01 2.1304e+03 3.2400e+03 4.4000e+03 2.7103e+18 2.8407e+18 2.8407e+18 8.1349e-02 0.0000e+00 6.7945e+04 0.0000e+00
3.8300e+03 1.0997e-11 7.7822e-01 2.1296e+03 3.2387e+03 4.4000e+03 2.7304e+18 2.8597e+18 2.8597e+18 8.1088e-02 0.0000e+00 6.8134e+04 0.0000e+00
3.8400e+03 1.0955e-11 7.7773e-01 2.1288e+03 3.2375e+03 4.4000e+03 2.7507e+18 2.8788e+18 2.8788e+18 8.0827e-02 0.0000e+00 6.8323e+04 0.0000e+00
3.8500e+03 1.0913e-11 7.7724e-01 2.1280e+03 3.2362e+03 4.4000e+03 2.7712e+18 2.8981e+18 2.8981e+18 8.0568e-02 0.0000e+00 6.8512e+04 0.0000e+00
3.8600e+03 1.0871e-11 7.7675e-01 2.1271e+03 3.2350e+03 4.4000e+03 2.7918e+18 2.9175e+18 2.9175e+18 8.0309e-02 0.0000e+00 6.8702e+04 0.0000e+00
3.8700e+03 1.0829e-11 7.7625e-01 2.1263e+03 3.2337e+03 4.4000e+03 2.8125e+18 2.9371e+18 2.9371e+18 8.0052e-02 0.0000e+00 6.8893e+04 0.0000e+00
3.8800e+03 1.0788e-11 7.7576e-01 2.1255e+03 3.2325e+03 4.4000e+03 2.8334e+18 2.9567e+18 2.9567e+18 7.9795e-02 0.0000e+00 6.9083e+04 0.0000e+00
3.8900e+03 1.0746e-11 7.7527e-01 2.1247e+03 3.2312e+03 4.4000e+03 2.8545e+18 2.9765e+18 2.9765e+18 7.9539e-02 0.0000e+00 6.9275e+04 0.0000e+00
3.9000e+03 1.0705e-11 7.7477e-01 2.1239e+03 3.2300e+03 4.4000e+03 2.8757e+18 2.9964e+18 2.9964e+18 7.9284e-02 0.0000e+00 6.9466e+04 0.0000e+00
3.9100e+03 1.0664e-11 7.7428e-01 2.1230e+03 3.2288e+03 4.4000e+03 2.8971e+18 3.0165e+18 3.0165e+18 7.9030e-02 0.0000e+00 6.9659e+04 0.0000e+00
3.9200e+03 1.0623e-11 7.7378e-01 2.1222e+03 3.2275e+03 4.4000e+03 2.9187e+18 3.0366e+18 3.0366e+18 7.8777e-02 0.0000e+00 6.9851e+04 0.0000e+00
3.9300e+03 1.0582e-11 7.7329e-01 2.1214e+03 3.2263e+03 4.4000e+03 2.9404e+18 3.0569e+18 3.0569e+18 7.8525e-02 0.0000e+00 7.0044e+04 0.0000e+00
3.9400e+03 1.0542e-11 7.7279e-01 2.1206e+03 3.2250e+03 4.4000e+03 2.9623e+18 3.0774e+18 3.0774e+18 7.8274e-02 0.0000e+00 7.0238e+04 0.0000e+00
3.9500e+03 1.0501e-11 7.7229e-01 2.1198e+03 3.2238e+03 4.4000e+03 2.9843e+18 3.0979e+18 3.0979e+18 7.8024e-02 0.0000e+00 7.0432e+04 0.0000e+00
3.9600e+03 1.0461e-11 7.7179e-01 2.1190e+03 3.2226e+03 4.4000e+03 3.0065e+18 3.1186e+18 3.1186e+18 7.7774e-02 0.0000e+00 7.0627e+04 0.0000e+00
3.9700e+03 1.0421e-11 7.7130e-01 2.1182e+03 3.2213e+03 4.4000e+03 3.0289e+18 3.1394e+18 3.1394e+18 7.7526e-02 0.0000e+00 7.0822e+04 0.0000e+00
3.9800e+03 1.0381e-11 7.7080e-01 2.1173e+03 3.2201e+03 4.4000e+03 3.0515e+18 3.1604e+18 3.1604e+18 7.7278e-02 0.0000e+00 7.1017e+04 0.0000e+00
3.9900e+03 1.0341e-11 7.7030e-01 2.1165e+03 3.2189e+03 4.4000e+03 3.0742e+18 3.1815e+18 3.1815e+18 7.7031e-02 0.0000e+00 7.1213e+04 0.0000e+00
4.0000e+03 1.0301e-11 7.6980e-01 2.1157e+03 3.2176e+03 4.4000e+03 3.0971e+18 3.2027e+18 3.2027e+18 7.6785e-02 0.0000e+00 7.1409e+04 0.0000e+00
4.0100e+03 1.0261e-11 7.6930e-01 2.1149e+03 3.2164e+03 4.4000e+03 3.1201e+18 3.2241e+18 3.2241e+18 7.6540e-02 0.0000e+00 7.1606e+04 0.0000e+00
4.0200e+03 1.0222e-11 7.6879e-01 2.1141e+03 3.2152e+03 4.4000e+03 3.1434e+18 3.2456e+18 3.2456e+18 7.6296e-02 0.0000e+00 7.1804e+04 0.0000e+00
4.0300e+03 1.0183e-11 7.6829e-01 2.1133e+03 3.2139e+03 4.4000e+03 3.1668e+18 3.2672e+18 3.2672e+18 7.6053e-02 0.0000e+00 7.2001e+04 0.0000e+00
4.0400e+03 1.0144e-11 7.6779e-01 2.1125e+03 3.2127e+03 4.4000e+03 3.1904e+18 3.2890e+18 3.2890e+18 7.5810e-02 0.0000e+00 7.2200e+04 0.0000e+00
4.0500e+03 1.0105e-11 7.6729e-01 2.1117e+03 3.2115e+03 4.4000e+03 3.2141e+18 3.3109e+18 3.3109e+18 7.5569e-02 0.0000e+00 7.2399e+04 0.0000e+00
4.0600e+03 1.0066e-11 7.6678e-01 2.1109e+03 3.2103e+03 4.4000e+03 3.2381e+18 3.3330e+18 3.3330e+18 7.5328e-02 0.0000e+00 7.2598e+04 0.0000e+00
4.0700e+03 1.0027e-11 7.6628e-01 2.1101e+03 3.2090e+03 4.4000e+03 3.2622e+18 3.3552e+18 3.3552e+18 7.5088e-02 0.0000e+00 7.2798e+04 0.0000e+00
4.0800e+03 9.9888e-12 7.6577e-01 2.1093e+03 3.2078e+03 4.4000e+03 3.2865e+18 3.3776e+18 3.3776e+18 7.4849e-02 0.0000e+00 7.2998e+04 0.0000e+00
4.0900e+03 9.9504e-12 7.6527e-01 2.1085e+03 3.2066e+03 4.4000e+03 3.3110e+18 3.4000e+18 3.4000e+18 7.4611e-02 0.0000e+00 7.3199e+04 0.0000e+00
4.1000e+03 9.9122e-12 7.6476e-01 2.1077e+03 3.2054e+03 4.4000e+03 3.3357e+18 3.4227e+18 3.4227e+18 7.4374e-02 0.0000e+00 7.3400e+04 0.0000e+00
4.1100e+03 9.8742e-12 7.6425e-01 2.1069e+03 3.2041e+03 4.4000e+03 3.3606e+18 3.4454e+18 3.4454e+18 7.4137e-02 0.0000e+00 7.3601e+04 0.0000e+00
4.1200e+03 9.8363e-12 7.6375e-01 2.1061e+03 3.2029e+03 4.4000e+03 3.3856e+18 3.4684e+18 3.4684e+18 7.3901e-02 0.0000e+00 7.3804e+04 0.0000e+00
4.1300e+03 9.7985e-12 7.6324e-01 2.1053e+03 3.2017e+03 4.4000e+03 3.4108e+18 3.4914e+18 3.4914e+18 7.3667e-02 0.0000e+00 7.4006e+04 0.0000e+00
4.1400e+03 9.7609e-12 7.6273e-01 2.1045e+03 3.2005e+03 4.4000e+03 3.4363e+18 3.5146e+18 3.5146e+18 7.3433e-02 0.0000e+00 7.4209e+04 0.0000e+00
4.1500e+03 9.7234e-12 7.6222e-01 2.1037e+03 3.1993e+03 4.4000e+03 3.4619e+18 3.5380e+18 3.5380e+18 7.3200e-02 0.0000e+00 7.4413e+04 0.0000e+00
4.1600e+03 9.6860e-12 7.6171e-01 2.1029e+03 3.1981e+03 4.4000e+03 3.4877e+18 3.5615e+18 3.5615e+18 7.2967e-02 0.0000e+00 7.4617e+04 0.0000e+00
4.1700e+03 9.6488e-12 7.6120e-01 2.1021e+03 3.1969e+03 4.4000e+03 3.5137e+18 3.5852e+18 3.5852e+18 7.2736e-02 0.0000e+00 7.4822e+04 0.0000e+00
4.1800e+03 9.6118e-12 7.6069e-01 2.1013e+03 3.1957e+03 4.4000e+03 3.5399e+18 3.6090e+18 3.6090e+18 7.2505e-02 0.0000e+00 7.5027e+04 0.0000e+00
4.1900e+03 9.5749e-12 7.6018e-01 2.1005e+03 3.1944e+03 4.4000e+03 3.5664e+18 3.6329e+18 3.6329e+18 7.2276e-02 0.0000e+00 7.5232e+04 0.0000e+00
4.2000e+03 9.5381e-12 7.5966e-01 2.0997e+03 3.1932e+03 4.4000e+03 3.5930e+18 3.6570e+18 3.6570e+18 7.2047e-02 0.0000e+00 7.5438e+04 0.0000e+00
4.2100e+03 9.5015e-12 7.5915e-01 2.0989e+03 3.1920e+03 4.4000e+03 3.6198e+18 3.6813e+18 3.6813e+18 7.1819e-02 0.0000e+00 7.5645e+04 0.0000e+00
4.2200e+03 9.4650e-12 7.5864e-01 2.0981e+03 3.1908e+03 4.4000e+03 3.6468e+18 3.7057e+18 3.7057e+18 7.1591e-02 0.0000e+00 7.5852e+04 0.0000e+00
4.2300e+03 9.4287e-12 7.5812e-01 2.0973e+03 3.1896e+03 4.4000e+03 3.6740e+18 3.7303e+18 3.7303e+18 7.1365e-02 0.0000e+00 7.6059e+04 0.0000e+00
4.2400e+03 9.3925e-12 7.5761e-01 2.0965e+03 3.1884e+03 4.4000e+03 3.7014e+18 3.7550e+18 3.7550e+18 7.1139e-02 0.0000e+00 7.6267e+04 0.0000e+00
4.2500e+03 9.3564e-12 7.5709e-01 2.0957e+03 3.1872e+03 4.4000e+03 3.7290e+18 3.7799e+18 3.7799e+18 7.0914e-02 0.0000e+00 7.6476e+04 0.0000e+00
4.2600e+03 9.3205e-12 7.5657e-01 2.0949e+03 3.1860e+03 4.4000e+03 3.7569e+18 3.8050e+18 3.8050e+18 7.0690e-02 0.0000e+00 7.6685e+04 0.0000e+00
4.2700e+03 9.2847e-12 7.5606e-01 2.0942e+03 3.1848e+03 4.4000e+03 3.7849e+18 3.8302e+18 3.8302e+18 7.0467e-02 0.0000e+00 7.6894e+04 0.0000e+00
4.2800e+03 9.2490e-12 7.5554e-01 2.0934e+03 3.1836e+03 4.4000e+03 3.8132e+18 3.8555e+18 3.8555e+18 7.0244e-02 0.0000e+00 7.7104e+04 0.0000e+00
4.2900e+03 9.2135e-12 7.5502e-01 2.0926e+03 3.1824e+03 4.4000e+03 3.8417e+18 3.8811e+18 3.8811e+18 7.0022e-02 0.0000e+00 7.7314e+04 0.0000e+00
4.3000e+03 9.1781e-12 7.5450e-01 2.0918e+03 3.1812e+03 4.4000e+03 3.8703e+18 3.9068e+18 3.9068e+18 6.9802e-02 0.0000e+00 7.7525e+04 0.0000e+00
4.3100e+03 9.1429e-12 7.5398e-01 2.0910e+03 3.1800e+03 4.4000e+03 3.8993e+18 3.9326e+18 3.9326e+18 6.9581e-02 0.0000e+00 7.7737e+04 0.0000e+00
4.3200e+03 9.1078e-12 7.5346e-01 2.0902e+03 3.1788e+03 4.4000e+03 3.9284e+18 3.9586e+18 3.9586e+18 6.9362e-02 0.0000e+00 7.7949e+04 0.0000e+00
4.3300e+03 9.0728e-12 7.5294e-01 2.0894e+03 3.1777e+03 4.4000e+03 3.9577e+18 3.9848e+18 3.9848e+18 6.9143e-02 0.0000e+00 7.8161e+04 0.0000e+00
4.3400e+03 9.0380e-12 7.5242e-01 2.0887e+03 3.1765e+03 4.4000e+03 3.9873e+18 4.0111e+18 4.0111e+18 6.8926e-02 0.0000e+00 7.8374e+04 0.0000e+00
4.3500e+03 9.0032e-12 7.5190e-01 2.0879e+03 3.1753e+03 4.4000e+03 4.0171e+18 4.0376e+18 4.0376e+18 6.8709e-02 0.0000e+00 7.8588e+04 0.0000e+00
4.3600e+03 8.9687e-12 7.5138e-01 2.0871e+03 3.1741e+03 4.4000e+03 4.0471e+18 4.0643e+18 4.0643e+18 6.8492e-02 0.0000e+00 7.8801e+04 0.0000e+00
4.3700e+03 8.9342e-12 7.5085e-01 2.0863e+03 3.1729e+03 4.4000e+03 4.0773e+18 4.0912e+18 4.0912e+18 6.8277e-02 0.0000e+00 7.9016e+04 0.0000e+00
4.3800e+03 8.8999e-12 7.5033e-01 2.0855e+03 3.1717e+03 4.4000e+03 4.1078e+18 4.1182e+18 4.1182e+18 6.8062e-02 0.0000e+00 7.9231e+04 0.0000e+00
4.3900e+03 8.8658e-12 7.4981e-01 2.0848e+03 3.1705e+03 4.4000e+03 4.1385e+18 4.1453e+18 4.1453e+18 6.7848e-02 0.0000e+00 7.9446e+04 0.0000e+00
4.4000e+03 8.8317e-12 7.4928e-01 2.0840e+03 3.1694e+03 4.4000e+03 4.1694e+18 4.1727e+18 4.1727e+18 6.7635e-02 0.0000e+00 7.9662e+04 0.0000e+00
4.4100e+03 8.7978e-12 7.4875e-01 2.0832e+03 3.1682e+03 4.4000e+03 4.2006e+18 4.2002e+18 4.2002e+18 6.7423e-02 0.0000e+00 7.9879e+04 0.0000e+00
4.4200e+03 8.7640e-12 7.4823e-01 2.0824e+03 3.1670e+03 4.4000e+03 4.2320e+18 4.2279e+18 4.2279e+18 6.7211e-02 0.0000e+00 8.0095e+04 0.0000e+00
4.4300e+03 8.7304e-12 7.4770e-01 2.0817e+03 3.1658e+03 4.4000e+03 4.2637e+18 4.2558e+18 4.2558e+18 6.7000e-02 0.0000e+00 8.0313e+04 0.0000e+00
4.4400e+03 8.6968e-12 7.4717e-01 2.0809e+03 3.1646e+03 4.4000e+03 4.2955e+18 4.2838e+18 4.2838e+18 6.6790e-02 0.0000e+00 8.0531e+04 0.0000e+00
4.4500e+03 8.6634e-12 7.4665e-01 2.0801e+03 3.1635e+03 4.4000e+03 4.3277e+18 4.3121e+18 4.3121e+18 6.6581e-02 0.0000e+00 8.0749e+04 0.0000e+00
4.4600e+03 8.6302e-12 7.4612e-01 2.0793e+03 3.1623e+03 4.4000e+03 4.3600e+18 4.3405e+18 4.3405e+18 6.6372e-02 0.0000e+00 8.0968e+04 0.0000e+00
4.4700e+03 8.5970e-12 7.4559e-01 2.0786e+03 3.1611e+03 4.4000e+03 4.3926e+18 4.3690e+18 4.3690e+18 6.6164e-02 0.0000e+00 8.1188e+04 0.0000e+00
4.4800e+03 8.5640e-12 7.4506e-01 2.0778e+03 3.1599e+03 4.4000e+03 4.4255e+18 4.3978e+18 4.3978e+18 6.5957e-02 0.0000e+00 8.1408e+04 0.0000e+00
4.4900e+03 8.5311e-12 7.4453e-01 2.0770e+03 3.1588e+03 4.4000e+03 4.4586e+18 4.4267e+18 4.4267e+18 6.5750e-02 0.0000e+00 8.1628e+04 0.0000e+00
4.5000e+03 8.4984e-12 7.4400e-01 2.0763e+03 3.1576e+03 4.4000e+03 4.4919e+18 4.4559e+18 4.4559e+18 6.5545e-02 0.0000e+00 8.1849e+04 0.0000e+00
4.5100e+03 8.4657e-12 7.4346e-01 2.0755e+03 3.1564e+03 4.4000e+03 4.5256e+18 4.4852e+18 4.4852e+18 6.5340e-02 0.0000e+00 8.2070e+04 0.0000e+00
4.5200e+03 8.4332e-12 7.4293e-01 2.0747e+03 3.1553e+03 4.4000e+03 4.5594e+18 4.5146e+18 4.5146e+18 6.5136e-02 0.0000e+00 8.2292e+04 0.0000e+00
4.5300e+03 8.4008e-12 7.4240e-01 2.0740e+03 3.1541e+03 4.4000e+03 4.5935e+18 4.5443e+18 4.5443e+18 6.4932e-02 0.0000e+00 8.2515e+04 0.0000e+00
4.5400e+03 8.3686e-12 7.4186e-01 2.0732e+03 3.1529e+03 4.4000e+03 4.6279e+18 4.5742e+18 4.5742e+18 6.4729e-02 0.0000e+00 8.2738e+04 0.0000e+00
4.5500e+03 0.0000e+00 0.0000e+00 2.0724e+03 0.0000e+00 4.4000e+03 0.0000e+00 0.0000e+00 0.0000e+00 0.0000e+00 0.0000e+00 0.0000e+00 0.0000e+00
