0.0000e+00 1.2000e-11 7.3675e+00 1.7000e+03 3.4510e+03 4.4000e+03 2.2229e+20 1.9129e+20 1.9129e+20 1.2910e-02 0.0000e+00 3.2813e+05 0.0000e+00
1.0000e+01 1.1954e-11 7.2256e+00 1.7027e+03 3.4566e+03 4.4000e+03 1.8373e+21 1.8483e+20 1.8483e+20 1.3113e-02 0.0000e+00 3.2367e+05 0.0000e+00
2.0000e+01 1.1908e-11 7.0876e+00 1.7054e+03 3.4621e+03 4.4000e+03 1.7097e+21 1.7865e+20 1.7865e+20 1.3317e-02 0.0000e+00 3.1932e+05 0.0000e+00
3.0000e+01 1.1862e-11 6.9532e+00 1.7081e+03 3.4675e+03 4.4000e+03 1.5930e+21 1.7273e+20 1.7273e+20 1.3522e-02 0.0000e+00 3.1507e+05 0.0000e+00
4.0000e+01 1.1817e-11 6.8223e+00 1.7108e+03 3.4730e+03 4.4000e+03 1.4862e+21 1.6707e+20 1.6707e+20 1.3728e-02 0.0000e+00 3.1092e+05 0.0000e+00
5.0000e+01 1.1771e-11 6.6949e+00 1.7134e+03 3.4783e+03 4.4000e+03 1.3881e+21 1.6165e+20 1.6165e+20 1.3936e-02 0.0000e+00 3.0686e+05 0.0000e+00
6.0000e+01 1.1726e-11 6.5709e+00 1.7161e+03 3.4837e+03 4.4000e+03 1.2981e+21 1.5646e+20 1.5646e+20 1.4144e-02 0.0000e+00 3.0289e+05 0.0000e+00
7.0000e+01 1.1681e-11 6.4501e+00 1.7187e+03 3.4890e+03 4.4000e+03 1.2154e+21 1.5148e+20 1.5148e+20 1.4354e-02 0.0000e+00 2.9901e+05 0.0000e+00
8.0000e+01 1.1636e-11 6.3324e+00 1.7213e+03 3.4942e+03 4.4000e+03 1.1392e+21 1.4671e+20 1.4671e+20 1.4565e-02 0.0000e+00 2.9522e+05 0.0000e+00
9.0000e+01 1.1592e-11 6.2177e+00 1.7239e+03 3.4995e+03 4.4000e+03 1.0690e+21 1.4214e+20 1.4214e+20 1.4776e-02 0.0000e+00 2.9152e+05 0.0000e+00
1.0000e+02 1.1547e-11 6.1060e+00 1.7264e+03 3.5047e+03 4.4000e+03 1.0042e+21 1.3776e+20 1.3776e+20 1.4989e-02 0.0000e+00 2.8790e+05 0.0000e+00
1.1000e+02 1.1503e-11 5.9972e+00 1.7289e+03 3.5098e+03 4.4000e+03 9.4433e+20 1.3355e+20 1.3355e+20 1.5202e-02 0.0000e+00 2.8435e+05 0.0000e+00
1.2000e+02 1.1459e-11 5.8911e+00 1.7315e+03 3.5149e+03 4.4000e+03 8.8895e+20 1.2951e+20 1.2951e+20 1.5417e-02 0.0000e+00 2.8089e+05 0.0000e+00
1.3000e+02 1.1415e-11 5.7876e+00 1.7340e+03 3.5200e+03 4.4000e+03 8.3768e+20 1.2564e+20 1.2564e+20 1.5632e-02 0.0000e+00 2.7750e+05 0.0000e+00
1.4000e+02 1.1371e-11 5.6868e+00 1.7364e+03 3.5250e+03 4.4000e+03 7.9015e+20 1.2192e+20 1.2192e+20 1.5848e-02 0.0000e+00 2.7419e+05 0.0000e+00
1.5000e+02 1.1327e-11 5.5885e+00 1.7389e+03 3.5300e+03 4.4000e+03 7.4604e+20 1.1834e+20 1.1834e+20 1.6065e-02 0.0000e+00 2.7095e+05 0.0000e+00
1.6000e+02 1.1284e-11 5.4927e+00 1.7414e+03 3.5350e+03 4.4000e+03 7.0506e+20 1.1491e+20 1.1491e+20 1.6282e-02 0.0000e+00 2.6778e+05 0.0000e+00
1.7000e+02 1.1240e-11 5.3992e+00 1.7438e+03 3.5399e+03 4.4000e+03 6.6696e+20 1.1161e+20 1.1161e+20 1.6501e-02 0.0000e+00 2.6468e+05 0.0000e+00
1.8000e+02 1.1197e-11 5.3080e+00 1.7462e+03 3.5448e+03 4.4000e+03 6.3149e+20 1.0843e+20 1.0843e+20 1.6720e-02 0.0000e+00 2.6164e+05 0.0000e+00
1.9000e+02 1.1154e-11 5.2191e+00 1.7486e+03 3.5497e+03 4.4000e+03 5.9844e+20 1.0538e+20 1.0538e+20 1.6939e-02 0.0000e+00 2.5867e+05 0.0000e+00
2.0000e+02 1.1111e-11 5.1323e+00 1.7509e+03 3.5545e+03 4.4000e+03 5.6762e+20 1.0245e+20 1.0245e+20 1.7160e-02 0.0000e+00 2.5577e+05 0.0000e+00
2.1000e+02 1.1069e-11 5.0476e+00 1.7533e+03 3.5592e+03 4.4000e+03 5.3884e+20 9.9626e+19 9.9626e+19 1.7380e-02 0.0000e+00 2.5292e+05 0.0000e+00
2.2000e+02 1.1026e-11 4.9650e+00 1.7556e+03 3.5640e+03 4.4000e+03 5.1196e+20 9.6910e+19 9.6910e+19 1.7602e-02 0.0000e+00 2.5014e+05 0.0000e+00
2.3000e+02 1.0984e-11 4.8843e+00 1.7579e+03 3.5687e+03 4.4000e+03 4.8681e+20 9.4295e+19 9.4295e+19 1.7824e-02 0.0000e+00 2.4741e+05 0.0000e+00
2.4000e+02 1.0942e-11 4.8056e+00 1.7602e+03 3.5733e+03 4.4000e+03 4.6328e+20 9.1777e+19 9.1777e+19 1.8046e-02 0.0000e+00 2.4474e+05 0.0000e+00
2.5000e+02 1.0900e-11 4.7287e+00 1.7625e+03 3.5780e+03 4.4000e+03 4.4123e+20 8.9352e+19 8.9352e+19 1.8269e-02 0.0000e+00 2.4213e+05 0.0000e+00
2.6000e+02 1.0858e-11 4.6537e+00 1.7648e+03 3.5825e+03 4.4000e+03 4.2056e+20 8.7016e+19 8.7016e+19 1.8492e-02 0.0000e+00 2.3958e+05 0.0000e+00
2.7000e+02 1.0816e-11 4.5804e+00 1.7670e+03 3.5871e+03 4.4000e+03 4.0115e+20 8.4765e+19 8.4765e+19 1.8716e-02 0.0000e+00 2.3707e+05 0.0000e+00
2.8000e+02 1.0774e-11 4.5089e+00 1.7692e+03 3.5916e+03 4.4000e+03 3.8293e+20 8.2595e+19 8.2595e+19 1.8940e-02 0.0000e+00 2.3462e+05 0.0000e+00
2.9000e+02 1.0733e-11 4.4390e+00 1.7714e+03 3.5961e+03 4.4000e+03 3.6581e+20 8.0503e+19 8.0503e+19 1.9164e-02 0.0000e+00 2.3222e+05 0.0000e+00
3.0000e+02 1.0692e-11 4.3707e+00 1.7736e+03 3.6005e+03 4.4000e+03 3.4970e+20 7.8486e+19 7.8486e+19 1.9389e-02 0.0000e+00 2.2986e+05 0.0000e+00
3.1000e+02 1.0651e-11 4.3040e+00 1.7758e+03 3.6049e+03 4.4000e+03 3.3454e+20 7.6541e+19 7.6541e+19 1.9614e-02 0.0000e+00 2.2756e+05 0.0000e+00
3.2000e+02 1.0610e-11 4.2388e+00 1.7779e+03 3.6093e+03 4.4000e+03 3.2025e+20 7.4664e+19 7.4664e+19 1.9839e-02 0.0000e+00 2.2530e+05 0.0000e+00
3.3000e+02 1.0569e-11 4.1751e+00 1.7801e+03 3.6136e+03 4.4000e+03 3.0678e+20 7.2852e+19 7.2852e+19 2.0064e-02 0.0000e+00 2.2309e+05 0.0000e+00
3.4000e+02 1.0529e-11 4.1129e+00 1.7822e+03 3.6179e+03 4.4000e+03 2.9408e+20 7.1104e+19 7.1104e+19 2.0290e-02 0.0000e+00 2.2093e+05 0.0000e+00
3.5000e+02 1.0488e-11 4.0521e+00 1.7843e+03 3.6221e+03 4.4000e+03 2.8208e+20 6.9416e+19 6.9416e+19 2.0515e-02 0.0000e+00 2.1881e+05 0.0000e+00
3.6000e+02 1.0448e-11 3.9926e+00 1.7864e+03 3.6263e+03 4.4000e+03 2.7075e+20 6.7786e+19 6.7786e+19 2.0741e-02 0.0000e+00 2.1673e+05 0.0000e+00
3.7000e+02 1.0408e-11 3.9345e+00 1.7884e+03 3.6305e+03 4.4000e+03 2.6003e+20 6.6211e+19 6.6211e+19 2.0966e-02 0.0000e+00 2.1469e+05 0.0000e+00
3.8000e+02 1.0368e-11 3.8777e+00 1.7905e+03 3.6347e+03 4.4000e+03 2.4990e+20 6.4690e+19 6.4690e+19 2.1192e-02 0.0000e+00 2.1269e+05 0.0000e+00
3.9000e+02 1.0328e-11 3.8221e+00 1.7925e+03 3.6388e+03 4.4000e+03 2.4030e+20 6.3220e+19 6.3220e+19 2.1417e-02 0.0000e+00 2.1074e+05 0.0000e+00
4.0000e+02 1.0288e-11 3.7677e+00 1.7945e+03 3.6428e+03 4.4000e+03 2.3122e+20 6.1799e+19 6.1799e+19 2.1643e-02 0.0000e+00 2.0882e+05 0.0000e+00
4.1000e+02 1.0249e-11 3.7146e+00 1.7965e+03 3.6469e+03 4.4000e+03 2.2260e+20 6.0425e+19 6.0425e+19 2.1868e-02 0.0000e+00 2.0694e+05 0.0000e+00
4.2000e+02 1.0209e-11 3.6626e+00 1.7984e+03 3.6509e+03 4.4000e+03 2.1443e+20 5.9097e+19 5.9097e+19 2.2094e-02 0.0000e+00 2.0510e+05 0.0000e+00
4.3000e+02 1.0170e-11 3.6117e+00 1.8004e+03 3.6548e+03 4.4000e+03 2.0668e+20 5.7812e+19 5.7812e+19 2.2319e-02 0.0000e+00 2.0329e+05 0.0000e+00
4.4000e+02 1.0131e-11 3.5620e+00 1.8023e+03 3.6587e+03 4.4000e+03 1.9932e+20 5.6570e+19 5.6570e+19 2.2544e-02 0.0000e+00 2.0152e+05 0.0000e+00
4.5000e+02 1.0092e-11 3.5133e+00 1.8042e+03 3.6626e+03 4.4000e+03 1.9232e+20 5.5367e+19 5.5367e+19 2.2768e-02 0.0000e+00 1.9978e+05 0.0000e+00
4.6000e+02 1.0054e-11 3.4657e+00 1.8061e+03 3.6665e+03 4.4000e+03 1.8568e+20 5.4203e+19 5.4203e+19 2.2993e-02 0.0000e+00 1.9808e+05 0.0000e+00
4.7000e+02 1.0015e-11 3.4190e+00 1.8080e+03 3.6703e+03 4.4000e+03 1.7935e+20 5.3077e+19 5.3077e+19 2.3217e-02 0.0000e+00 1.9641e+05 0.0000e+00
4.8000e+02 9.9765e-12 3.3734e+00 1.8099e+03 3.6741e+03 4.4000e+03 1.7333e+20 5.1986e+19 5.1986e+19 2.3440e-02 0.0000e+00 1.9478e+05 0.0000e+00
4.9000e+02 9.9382e-12 3.3287e+00 1.8117e+03 3.6778e+03 4.4000e+03 1.6760e+20 5.0930e+19 5.0930e+19 2.3664e-02 0.0000e+00 1.9317e+05 0.0000e+00
5.0000e+02 9.9000e-12 3.2850e+00 1.8135e+03 3.6815e+03 4.4000e+03 1.6214e+20 4.9907e+19 4.9907e+19 2.3887e-02 0.0000e+00 1.9160e+05 0.0000e+00
5.1000e+02 9.8620e-12 3.2422e+00 1.8153e+03 3.6852e+03 4.4000e+03 1.5694e+20 4.8916e+19 4.8916e+19 2.4109e-02 0.0000e+00 1.9006e+05 0.0000e+00
5.2000e+02 9.8241e-12 3.2003e+00 1.8171e+03 3.6889e+03 4.4000e+03 1.5198e+20 4.7956e+19 4.7956e+19 2.4331e-02 0.0000e+00 1.8854e+05 0.0000e+00
5.3000e+02 9.7864e-12 3.1592e+00 1.8189e+03 3.6925e+03 4.4000e+03 1.4724e+20 4.7026e+19 4.7026e+19 2.4553e-02 0.0000e+00 1.8706e+05 0.0000e+00
5.4000e+02 9.7488e-12 3.1190e+00 1.8207e+03 3.6960e+03 4.4000e+03 1.4272e+20 4.6124e+19 4.6124e+19 2.4774e-02 0.0000e+00 1.8560e+05 0.0000e+00
5.5000e+02 9.7114e-12 3.0796e+00 1.8224e+03 3.6996e+03 4.4000e+03 1.3840e+20 4.5250e+19 4.5250e+19 2.4994e-02 0.0000e+00 1.8417e+05 0.0000e+00
5.6000e+02 9.6741e-12 3.0411e+00 1.8241e+03 3.7031e+03 4.4000e+03 1.3428e+20 4.4402e+19 4.4402e+19 2.5214e-02 0.0000e+00 1.8277e+05 0.0000e+00
5.7000e+02 9.6370e-12 3.0033e+00 1.8258e+03 3.7065e+03 4.4000e+03 1.3034e+20 4.3580e+19 4.3580e+19 2.5433e-02 0.0000e+00 1.8140e+05 0.0000e+00
5.8000e+02 9.6000e-12 2.9663e+00 1.8275e+03 3.7099e+03 4.4000e+03 1.2656e+20 4.2782e+19 4.2782e+19 2.5651e-02 0.0000e+00 1.8005e+05 0.0000e+00
5.9000e+02 9.5631e-12 2.9300e+00 1.8292e+03 3.7133e+03 4.4000e+03 1.2296e+20 4.2008e+19 4.2008e+19 2.5869e-02 0.0000e+00 1.7873e+05 0.0000e+00
6.0000e+02 9.5264e-12 2.8945e+00 1.8309e+03 3.7167e+03 4.4000e+03 1.1950e+20 4.1257e+19 4.1257e+19 2.6086e-02 0.0000e+00 1.7743e+05 0.0000e+00
6.1000e+02 9.4898e-12 2.8596e+00 1.8325e+03 3.7200e+03 4.4000e+03 1.1619e+20 4.0529e+19 4.0529e+19 2.6303e-02 0.0000e+00 1.7616e+05 0.0000e+00
6.2000e+02 9.4533e-12 2.8255e+00 1.8341e+03 3.7233e+03 4.4000e+03 1.1302e+20 3.9822e+19 3.9822e+19 2.6518e-02 0.0000e+00 1.7491e+05 0.0000e+00
6.3000e+02 9.4170e-12 2.7920e+00 1.8357e+03 3.7266e+03 4.4000e+03 1.0999e+20 3.9135e+19 3.9135e+19 2.6733e-02 0.0000e+00 1.7369e+05 0.0000e+00
6.4000e+02 9.3809e-12 2.7592e+00 1.8373e+03 3.7298e+03 4.4000e+03 1.0707e+20 3.8468e+19 3.8468e+19 2.6947e-02 0.0000e+00 1.7248e+05 0.0000e+00
6.5000e+02 9.3449e-12 2.7271e+00 1.8389e+03 3.7330e+03 4.4000e+03 1.0428e+20 3.7821e+19 3.7821e+19 2.7160e-02 0.0000e+00 1.7131e+05 0.0000e+00
6.6000e+02 9.3090e-12 2.6955e+00 1.8404e+03 3.7362e+03 4.4000e+03 1.0160e+20 3.7192e+19 3.7192e+19 2.7372e-02 0.0000e+00 1.7015e+05 0.0000e+00
6.7000e+02 9.2732e-12 2.6646e+00 1.8420e+03 3.7393e+03 4.4000e+03 9.9026e+19 3.6581e+19 3.6581e+19 2.7584e-02 0.0000e+00 1.6901e+05 0.0000e+00
6.8000e+02 9.2376e-12 2.6343e+00 1.8435e+03 3.7424e+03 4.4000e+03 9.6554e+19 3.5988e+19 3.5988e+19 2.7794e-02 0.0000e+00 1.6790e+05 0.0000e+00
6.9000e+02 9.2021e-12 2.6046e+00 1.8450e+03 3.7454e+03 4.4000e+03 9.4180e+19 3.5411e+19 3.5411e+19 2.8003e-02 0.0000e+00 1.6680e+05 0.0000e+00
7.0000e+02 9.1668e-12 2.5754e+00 1.8465e+03 3.7484e+03 4.4000e+03 9.1898e+19 3.4851e+19 3.4851e+19 2.8211e-02 0.0000e+00 1.6573e+05 0.0000e+00
7.1000e+02 9.1316e-12 2.5468e+00 1.8480e+03 3.7514e+03 4.4000e+03 8.9704e+19 3.4306e+19 3.4306e+19 2.8419e-02 0.0000e+00 1.6468e+05 0.0000e+00
7.2000e+02 9.0965e-12 2.5187e+00 1.8494e+03 3.7544e+03 4.4000e+03 8.7594e+19 3.3776e+19 3.3776e+19 2.8625e-02 0.0000e+00 1.6364e+05 0.0000e+00
7.3000e+02 9.0616e-12 2.4912e+00 1.8509e+03 3.7573e+03 4.4000e+03 8.5564e+19 3.3261e+19 3.3261e+19 2.8830e-02 0.0000e+00 1.6263e+05 0.0000e+00
7.4000e+02 9.0268e-12 2.4642e+00 1.8523e+03 3.7602e+03 4.4000e+03 8.3611e+19 3.2760e+19 3.2760e+19 2.9034e-02 0.0000e+00 1.6163e+05 0.0000e+00
7.5000e+02 8.9922e-12 2.4377e+00 1.8537e+03 3.7631e+03 4.4000e+03 8.1730e+19 3.2273e+19 3.2273e+19 2.9237e-02 0.0000e+00 1.6066e+05 0.0000e+00
7.6000e+02 8.9576e-12 2.4117e+00 1.8551e+03 3.7659e+03 4.4000e+03 7.9919e+19 3.1800e+19 3.1800e+19 2.9439e-02 0.0000e+00 1.5970e+05 0.0000e+00
7.7000e+02 8.9232e-12 2.3862e+00 1.8565e+03 3.7687e+03 4.4000e+03 7.8174e+19 3.1339e+19 3.1339e+19 2.9640e-02 0.0000e+00 1.5875e+05 0.0000e+00
7.8000e+02 8.8890e-12 2.3611e+00 1.8578e+03 3.7715e+03 4.4000e+03 7.6493e+19 3.0891e+19 3.0891e+19 2.9839e-02 0.0000e+00 1.5783e+05 0.0000e+00
7.9000e+02 8.8548e-12 2.3365e+00 1.8592e+03 3.7742e+03 4.4000e+03 7.4873e+19 3.0454e+19 3.0454e+19 3.0037e-02 0.0000e+00 1.5692e+05 0.0000e+00
8.0000e+02 8.8208e-12 2.3124e+00 1.8605e+03 3.7769e+03 4.4000e+03 7.3310e+19 3.0030e+19 3.0030e+19 3.0234e-02 0.0000e+00 1.5603e+05 0.0000e+00
8.1000e+02 8.7870e-12 2.2887e+00 1.8618e+03 3.7796e+03 4.4000e+03 7.1803e+19 2.9616e+19 2.9616e+19 3.0430e-02 0.0000e+00 1.5516e+05 0.0000e+00
8.2000e+02 8.7532e-12 2.2654e+00 1.8631e+03 3.7822e+03 4.4000e+03 7.0349e+19 2.9214e+19 2.9214e+19 3.0625e-02 0.0000e+00 1.5430e+05 0.0000e+00
8.3000e+02 8.7196e-12 2.2426e+00 1.8644e+03 3.7848e+03 4.4000e+03 6.8946e+19 2.8823e+19 2.8823e+19 3.0818e-02 0.0000e+00 1.5346e+05 0.0000e+00
8.4000e+02 8.6861e-12 2.2202e+00 1.8657e+03 3.7874e+03 4.4000e+03 6.7591e+19 2.8441e+19 2.8441e+19 3.1010e-02 0.0000e+00 1.5263e+05 0.0000e+00
8.5000e+02 8.6528e-12 2.1981e+00 1.8669e+03 3.7900e+03 4.4000e+03 6.6283e+19 2.8070e+19 2.8070e+19 3.1200e-02 0.0000e+00 1.5182e+05 0.0000e+00
8.6000e+02 8.6195e-12 2.1765e+00 1.8682e+03 3.7925e+03 4.4000e+03 6.5020e+19 2.7708e+19 2.7708e+19 3.1389e-02 0.0000e+00 1.5102e+05 0.0000e+00
8.7000e+02 8.5864e-12 2.1552e+00 1.8694e+03 3.7950e+03 4.4000e+03 6.3799e+19 2.7356e+19 2.7356e+19 3.1577e-02 0.0000e+00 1.5024e+05 0.0000e+00
8.8000e+02 8.5535e-12 2.1344e+00 1.8706e+03 3.7974e+03 4.4000e+03 6.2620e+19 2.7013e+19 2.7013e+19 3.1763e-02 0.0000e+00 1.4948e+05 0.0000e+00
8.9000e+02 8.5206e-12 2.1139e+00 1.8718e+03 3.7998e+03 4.4000e+03 6.1480e+19 2.6679e+19 2.6679e+19 3.1948e-02 0.0000e+00 1.4872e+05 0.0000e+00
9.0000e+02 8.4879e-12 2.0937e+00 1.8730e+03 3.8022e+03 4.4000e+03 6.0378e+19 2.6353e+19 2.6353e+19 3.2132e-02 0.0000e+00 1.4798e+05 0.0000e+00
9.1000e+02 8.4553e-12 2.0739e+00 1.8742e+03 3.8046e+03 4.4000e+03 5.9312e+19 2.6036e+19 2.6036e+19 3.2314e-02 0.0000e+00 1.4726e+05 0.0000e+00
9.2000e+02 8.4228e-12 2.0545e+00 1.8753e+03 3.8069e+03 4.4000e+03 5.8281e+19 2.5727e+19 2.5727e+19 3.2495e-02 0.0000e+00 1.4655e+05 0.0000e+00
9.3000e+02 8.3905e-12 2.0354e+00 1.8764e+03 3.8092e+03 4.4000e+03 5.7284e+19 2.5426e+19 2.5426e+19 3.2674e-02 0.0000e+00 1.4585e+05 0.0000e+00
9.4000e+02 8.3583e-12 2.0166e+00 1.8776e+03 3.8115e+03 4.4000e+03 5.6318e+19 2.5132e+19 2.5132e+19 3.2851e-02 0.0000e+00 1.4516e+05 0.0000e+00
9.5000e+02 8.3262e-12 1.9981e+00 1.8787e+03 3.8138e+03 4.4000e+03 5.5384e+19 2.4846e+19 2.4846e+19 3.3028e-02 0.0000e+00 1.4449e+05 0.0000e+00
9.6000e+02 8.2942e-12 1.9800e+00 1.8798e+03 3.8160e+03 4.4000e+03 5.4479e+19 2.4567e+19 2.4567e+19 3.3202e-02 0.0000e+00 1.4383e+05 0.0000e+00
9.7000e+02 8.2624e-12 1.9621e+00 1.8808e+03 3.8182e+03 4.4000e+03 5.3603e+19 2.4295e+19 2.4295e+19 3.3375e-02 0.0000e+00 1.4318e+05 0.0000e+00
9.8000e+02 8.2306e-12 1.9446e+00 1.8819e+03 3.8203e+03 4.4000e+03 5.2755e+19 2.4030e+19 2.4030e+19 3.3547e-02 0.0000e+00 1.4254e+05 0.0000e+00
9.9000e+02 8.1990e-12 1.9274e+00 1.8830e+03 3.8225e+03 4.4000e+03 5.1933e+19 2.3771e+19 2.3771e+19 3.3717e-02 0.0000e+00 1.4191e+05 0.0000e+00
1.0000e+03 8.1675e-12 1.9104e+00 1.8840e+03 3.8246e+03 4.4000e+03 5.1137e+19 2.3519e+19 2.3519e+19 3.3885e-02 0.0000e+00 1.4130e+05 0.0000e+00
1.0100e+03 8.1362e-12 1.8938e+00 1.8850e+03 3.8266e+03 4.4000e+03 5.0365e+19 2.3273e+19 2.3273e+19 3.4052e-02 0.0000e+00 1.4070e+05 0.0000e+00
1.0200e+03 8.1049e-12 1.8774e+00 1.8860e+03 3.8287e+03 4.4000e+03 4.9617e+19 2.3034e+19 2.3034e+19 3.4217e-02 0.0000e+00 1.4011e+05 0.0000e+00
1.0300e+03 8.0738e-12 1.8613e+00 1.8870e+03 3.8307e+03 4.4000e+03 4.8892e+19 2.2800e+19 2.2800e+19 3.4381e-02 0.0000e+00 1.3953e+05 0.0000e+00
1.0400e+03 8.0428e-12 1.8454e+00 1.8880e+03 3.8327e+03 4.4000e+03 4.8188e+19 2.2572e+19 2.2572e+19 3.4543e-02 0.0000e+00 1.3896e+05 0.0000e+00
1.0500e+03 8.0119e-12 1.8299e+00 1.8890e+03 3.8347e+03 4.4000e+03 4.7506e+19 2.2349e+19 2.2349e+19 3.4703e-02 0.0000e+00 1.3840e+05 0.0000e+00
1.0600e+03 7.9812e-12 1.8145e+00 1.8899e+03 3.8366e+03 4.4000e+03 4.6845e+19 2.2132e+19 2.2132e+19 3.4862e-02 0.0000e+00 1.3785e+05 0.0000e+00
1.0700e+03 7.9505e-12 1.7995e+00 1.8909e+03 3.8385e+03 4.4000e+03 4.6203e+19 2.1920e+19 2.1920e+19 3.5019e-02 0.0000e+00 1.3731e+05 0.0000e+00
1.0800e+03 7.9200e-12 1.7846e+00 1.8918e+03 3.8404e+03 4.4000e+03 4.5580e+19 2.1714e+19 2.1714e+19 3.5175e-02 0.0000e+00 1.3679e+05 0.0000e+00
1.0900e+03 7.8896e-12 1.7700e+00 1.8927e+03 3.8423e+03 4.4000e+03 4.4976e+19 2.1512e+19 2.1512e+19 3.5329e-02 0.0000e+00 1.3627e+05 0.0000e+00
1.1000e+03 7.8593e-12 1.7557e+00 1.8936e+03 3.8441e+03 4.4000e+03 4.4389e+19 2.1316e+19 2.1316e+19 3.5481e-02 0.0000e+00 1.3576e+05 0.0000e+00
1.1100e+03 7.8291e-12 1.7415e+00 1.8945e+03 3.8459e+03 4.4000e+03 4.3820e+19 2.1124e+19 2.1124e+19 3.5631e-02 0.0000e+00 1.3526e+05 0.0000e+00
1.1200e+03 7.7990e-12 1.7276e+00 1.8954e+03 3.8477e+03 4.4000e+03 4.3267e+19 2.0937e+19 2.0937e+19 3.5780e-02 0.0000e+00 1.3477e+05 0.0000e+00
1.1300e+03 7.7691e-12 1.7140e+00 1.8962e+03 3.8494e+03 4.4000e+03 4.2730e+19 2.0754e+19 2.0754e+19 3.5927e-02 0.0000e+00 1.3429e+05 0.0000e+00
1.1400e+03 7.7392e-12 1.7005e+00 1.8971e+03 3.8512e+03 4.4000e+03 4.2209e+19 2.0576e+19 2.0576e+19 3.6073e-02 0.0000e+00 1.3382e+05 0.0000e+00
1.1500e+03 7.7095e-12 1.6872e+00 1.8979e+03 3.8529e+03 4.4000e+03 4.1703e+19 2.0402e+19 2.0402e+19 3.6216e-02 0.0000e+00 1.3336e+05 0.0000e+00
1.1600e+03 7.6799e-12 1.6742e+00 1.8988e+03 3.8545e+03 4.4000e+03 4.1211e+19 2.0232e+19 2.0232e+19 3.6358e-02 0.0000e+00 1.3291e+05 0.0000e+00
1.1700e+03 7.6504e-12 1.6614e+00 1.8996e+03 3.8562e+03 4.4000e+03 4.0734e+19 2.0066e+19 2.0066e+19 3.6499e-02 0.0000e+00 1.3246e+05 0.0000e+00
1.1800e+03 7.6211e-12 1.6487e+00 1.9004e+03 3.8578e+03 4.4000e+03 4.0270e+19 1.9905e+19 1.9905e+19 3.6637e-02 0.0000e+00 1.3203e+05 0.0000e+00
1.1900e+03 7.5918e-12 1.6363e+00 1.9012e+03 3.8594e+03 4.4000e+03 3.9819e+19 1.9747e+19 1.9747e+19 3.6774e-02 0.0000e+00 1.3160e+05 0.0000e+00
1.2000e+03 7.5626e-12 1.6240e+00 1.9019e+03 3.8610e+03 4.4000e+03 3.9380e+19 1.9593e+19 1.9593e+19 3.6909e-02 0.0000e+00 1.3118e+05 0.0000e+00
1.2100e+03 7.5336e-12 1.6120e+00 1.9027e+03 3.8625e+03 4.4000e+03 3.8955e+19 1.9443e+19 1.9443e+19 3.7043e-02 0.0000e+00 1.3077e+05 0.0000e+00
1.2200e+03 7.5047e-12 1.6001e+00 1.9035e+03 3.8641e+03 4.4000e+03 3.8541e+19 1.9296e+19 1.9296e+19 3.7174e-02 0.0000e+00 1.3037e+05 0.0000e+00
1.2300e+03 7.4758e-12 1.5884e+00 1.9042e+03 3.8656e+03 4.4000e+03 3.8138e+19 1.9153e+19 1.9153e+19 3.7304e-02 0.0000e+00 1.2997e+05 0.0000e+00
1.2400e+03 7.4471e-12 1.5769e+00 1.9049e+03 3.8670e+03 4.4000e+03 3.7747e+19 1.9013e+19 1.9013e+19 3.7433e-02 0.0000e+00 1.2959e+05 0.0000e+00
1.2500e+03 7.4185e-12 1.5655e+00 1.9056e+03 3.8685e+03 4.4000e+03 3.7367e+19 1.8877e+19 1.8877e+19 3.7559e-02 0.0000e+00 1.2921e+05 0.0000e+00
1.2600e+03 7.3901e-12 1.5543e+00 1.9063e+03 3.8699e+03 4.4000e+03 3.6998e+19 1.8744e+19 1.8744e+19 3.7684e-02 0.0000e+00 1.2884e+05 0.0000e+00
1.2700e+03 7.3617e-12 1.5433e+00 1.9070e+03 3.8713e+03 4.4000e+03 3.6638e+19 1.8614e+19 1.8614e+19 3.7807e-02 0.0000e+00 1.2847e+05 0.0000e+00
1.2800e+03 7.3334e-12 1.5325e+00 1.9077e+03 3.8727e+03 4.4000e+03 3.6289e+19 1.8487e+19 1.8487e+19 3.7928e-02 0.0000e+00 1.2811e+05 0.0000e+00
1.2900e+03 7.3052e-12 1.5218e+00 1.9084e+03 3.8741e+03 4.4000e+03 3.5949e+19 1.8364e+19 1.8364e+19 3.8048e-02 0.0000e+00 1.2776e+05 0.0000e+00
1.3000e+03 7.2772e-12 1.5113e+00 1.9090e+03 3.8754e+03 4.4000e+03 3.5619e+19 1.8243e+19 1.8243e+19 3.8166e-02 0.0000e+00 1.2742e+05 0.0000e+00
1.3100e+03 7.2493e-12 1.5009e+00 1.9097e+03 3.8767e+03 4.4000e+03 3.5298e+19 1.8125e+19 1.8125e+19 3.8282e-02 0.0000e+00 1.2709e+05 0.0000e+00
1.3200e+03 7.2214e-12 1.4907e+00 1.9103e+03 3.8780e+03 4.4000e+03 3.4985e+19 1.8010e+19 1.8010e+19 3.8396e-02 0.0000e+00 1.2676e+05 0.0000e+00
1.3300e+03 7.1937e-12 1.4806e+00 1.9109e+03 3.8793e+03 4.4000e+03 3.4681e+19 1.7898e+19 1.7898e+19 3.8509e-02 0.0000e+00 1.2643e+05 0.0000e+00
1.3400e+03 7.1661e-12 1.4707e+00 1.9116e+03 3.8805e+03 4.4000e+03 3.4386e+19 1.7789e+19 1.7789e+19 3.8620e-02 0.0000e+00 1.2612e+05 0.0000e+00
1.3500e+03 7.1385e-12 1.4609e+00 1.9122e+03 3.8817e+03 4.4000e+03 3.4098e+19 1.7682e+19 1.7682e+19 3.8729e-02 0.0000e+00 1.2581e+05 0.0000e+00
1.3600e+03 7.1111e-12 1.4513e+00 1.9128e+03 3.8830e+03 4.4000e+03 3.3819e+19 1.7578e+19 1.7578e+19 3.8837e-02 0.0000e+00 1.2551e+05 0.0000e+00
1.3700e+03 7.0838e-12 1.4418e+00 1.9133e+03 3.8841e+03 4.4000e+03 3.3547e+19 1.7477e+19 1.7477e+19 3.8942e-02 0.0000e+00 1.2521e+05 0.0000e+00
1.3800e+03 7.0566e-12 1.4324e+00 1.9139e+03 3.8853e+03 4.4000e+03 3.3283e+19 1.7378e+19 1.7378e+19 3.9046e-02 0.0000e+00 1.2492e+05 0.0000e+00
1.3900e+03 7.0295e-12 1.4232e+00 1.9145e+03 3.8864e+03 4.4000e+03 3.3026e+19 1.7281e+19 1.7281e+19 3.9149e-02 0.0000e+00 1.2464e+05 0.0000e+00
1.4000e+03 7.0025e-12 1.4141e+00 1.9150e+03 3.8875e+03 4.4000e+03 3.2776e+19 1.7187e+19 1.7187e+19 3.9249e-02 0.0000e+00 1.2436e+05 0.0000e+00
1.4100e+03 6.9756e-12 1.4051e+00 1.9156e+03 3.8886e+03 4.4000e+03 3.2533e+19 1.7095e+19 1.7095e+19 3.9348e-02 0.0000e+00 1.2409e+05 0.0000e+00
1.4200e+03 6.9489e-12 1.3963e+00 1.9161e+03 3.8897e+03 4.4000e+03 3.2296e+19 1.7005e+19 1.7005e+19 3.9445e-02 0.0000e+00 1.2382e+05 0.0000e+00
1.4300e+03 6.9222e-12 1.3875e+00 1.9166e+03 3.8908e+03 4.4000e+03 3.2066e+19 1.6918e+19 1.6918e+19 3.9541e-02 0.0000e+00 1.2356e+05 0.0000e+00
1.4400e+03 6.8956e-12 1.3789e+00 1.9171e+03 3.8918e+03 4.4000e+03 3.1843e+19 1.6833e+19 1.6833e+19 3.9635e-02 0.0000e+00 1.2331e+05 0.0000e+00
1.4500e+03 6.8691e-12 1.3705e+00 1.9176e+03 3.8928e+03 4.4000e+03 3.1625e+19 1.6750e+19 1.6750e+19 3.9727e-02 0.0000e+00 1.2306e+05 0.0000e+00
1.4600e+03 6.8427e-12 1.3621e+00 1.9181e+03 3.8938e+03 4.4000e+03 3.1414e+19 1.6669e+19 1.6669e+19 3.9817e-02 0.0000e+00 1.2282e+05 0.0000e+00
1.4700e+03 6.8165e-12 1.3539e+00 1.9186e+03 3.8948e+03 4.4000e+03 3.1209e+19 1.6590e+19 1.6590e+19 3.9906e-02 0.0000e+00 1.2258e+05 0.0000e+00
1.4800e+03 6.7903e-12 1.3457e+00 1.9190e+03 3.8957e+03 4.4000e+03 3.1009e+19 1.6513e+19 1.6513e+19 3.9993e-02 0.0000e+00 1.2235e+05 0.0000e+00
1.4900e+03 6.7642e-12 1.3377e+00 1.9195e+03 3.8966e+03 4.4000e+03 3.0815e+19 1.6439e+19 1.6439e+19 4.0079e-02 0.0000e+00 1.2212e+05 0.0000e+00
1.5000e+03 6.7382e-12 1.3298e+00 1.9200e+03 3.8976e+03 4.4000e+03 3.0626e+19 1.6366e+19 1.6366e+19 4.0162e-02 0.0000e+00 1.2190e+05 0.0000e+00
1.5100e+03 6.7124e-12 1.3220e+00 1.9204e+03 3.8984e+03 4.4000e+03 3.0443e+19 1.6295e+19 1.6295e+19 4.0245e-02 0.0000e+00 1.2169e+05 0.0000e+00
1.5200e+03 6.6866e-12 1.3143e+00 1.9208e+03 3.8993e+03 4.4000e+03 3.0265e+19 1.6226e+19 1.6226e+19 4.0325e-02 0.0000e+00 1.2147e+05 0.0000e+00
1.5300e+03 6.6609e-12 1.3067e+00 1.9212e+03 3.9002e+03 4.4000e+03 3.0092e+19 1.6158e+19 1.6158e+19 4.0404e-02 0.0000e+00 1.2127e+05 0.0000e+00
1.5400e+03 6.6353e-12 1.2992e+00 1.9217e+03 3.9010e+03 4.4000e+03 2.9924e+19 1.6093e+19 1.6093e+19 4.0481e-02 0.0000e+00 1.2107e+05 0.0000e+00
1.5500e+03 6.6098e-12 1.2918e+00 1.9221e+03 3.9018e+03 4.4000e+03 2.9761e+19 1.6029e+19 1.6029e+19 4.0557e-02 0.0000e+00 1.2087e+05 0.0000e+00
1.5600e+03 6.5845e-12 1.2845e+00 1.9224e+03 3.9026e+03 4.4000e+03 2.9602e+19 1.5967e+19 1.5967e+19 4.0630e-02 0.0000e+00 1.2068e+05 0.0000e+00
1.5700e+03 6.5592e-12 1.2773e+00 1.9228e+03 3.9034e+03 4.4000e+03 2.9448e+19 1.5907e+19 1.5907e+19 4.0703e-02 0.0000e+00 1.2049e+05 0.0000e+00
1.5800e+03 6.5340e-12 1.2701e+00 1.9232e+03 3.9042e+03 4.4000e+03 2.9299e+19 1.5848e+19 1.5848e+19 4.0774e-02 0.0000e+00 1.2031e+05 0.0000e+00
1.5900e+03 6.5089e-12 1.2631e+00 1.9236e+03 3.9049e+03 4.4000e+03 2.9154e+19 1.5791e+19 1.5791e+19 4.0843e-02 0.0000e+00 1.2014e+05 0.0000e+00
1.6000e+03 6.4839e-12 1.2562e+00 1.9239e+03 3.9056e+03 4.4000e+03 2.9014e+19 1.5736e+19 1.5736e+19 4.0910e-02 0.0000e+00 1.1996e+05 0.0000e+00
1.6100e+03 6.4590e-12 1.2494e+00 1.9243e+03 3.9063e+03 4.4000e+03 2.8877e+19 1.5682e+19 1.5682e+19 4.0976e-02 0.0000e+00 1.1980e+05 0.0000e+00
1.6200e+03 6.4342e-12 1.2426e+00 1.9246e+03 3.9070e+03 4.4000e+03 2.8745e+19 1.5630e+19 1.5630e+19 4.1040e-02 0.0000e+00 1.1963e+05 0.0000e+00
1.6300e+03 6.4095e-12 1.2359e+00 1.9249e+03 3.9077e+03 4.4000e+03 2.8617e+19 1.5579e+19 1.5579e+19 4.1103e-02 0.0000e+00 1.1948e+05 0.0000e+00
1.6400e+03 6.3849e-12 1.2294e+00 1.9253e+03 3.9083e+03 4.4000e+03 2.8493e+19 1.5530e+19 1.5530e+19 4.1165e-02 0.0000e+00 1.1932e+05 0.0000e+00
1.6500e+03 6.3604e-12 1.2229e+00 1.9256e+03 3.9090e+03 4.4000e+03 2.8372e+19 1.5482e+19 1.5482e+19 4.1224e-02 0.0000e+00 1.1917e+05 0.0000e+00
1.6600e+03 6.3359e-12 1.2165e+00 1.9259e+03 3.9096e+03 4.4000e+03 2.8256e+19 1.5436e+19 1.5436e+19 4.1282e-02 0.0000e+00 1.1902e+05 0.0000e+00
1.6700e+03 6.3116e-12 1.2101e+00 1.9262e+03 3.9102e+03 4.4000e+03 2.8143e+19 1.5391e+19 1.5391e+19 4.1339e-02 0.0000e+00 1.1888e+05 0.0000e+00
1.6800e+03 6.2874e-12 1.2039e+00 1.9265e+03 3.9108e+03 4.4000e+03 2.8034e+19 1.5347e+19 1.5347e+19 4.1394e-02 0.0000e+00 1.1875e+05 0.0000e+00
1.6900e+03 6.2632e-12 1.1977e+00 1.9267e+03 3.9113e+03 4.4000e+03 2.7928e+19 1.5305e+19 1.5305e+19 4.1448e-02 0.0000e+00 1.1861e+05 0.0000e+00
1.7000e+03 6.2392e-12 1.1916e+00 1.9270e+03 3.9119e+03 4.4000e+03 2.7826e+19 1.5265e+19 1.5265e+19 4.1500e-02 0.0000e+00 1.1848e+05 0.0000e+00
1.7100e+03 6.2152e-12 1.1856e+00 1.9273e+03 3.9124e+03 4.4000e+03 2.7727e+19 1.5225e+19 1.5225e+19 4.1550e-02 0.0000e+00 1.1836e+05 0.0000e+00
1.7200e+03 6.1914e-12 1.1796e+00 1.9275e+03 3.9129e+03 4.4000e+03 2.7632e+19 1.5187e+19 1.5187e+19 4.1600e-02 0.0000e+00 1.1824e+05 0.0000e+00
1.7300e+03 6.1676e-12 1.1738e+00 1.9278e+03 3.9135e+03 4.4000e+03 2.7540e+19 1.5150e+19 1.5150e+19 4.1647e-02 0.0000e+00 1.1812e+05 0.0000e+00
1.7400e+03 6.1439e-12 1.1680e+00 1.9280e+03 3.9139e+03 4.4000e+03 2.7451e+19 1.5114e+19 1.5114e+19 4.1693e-02 0.0000e+00 1.1801e+05 0.0000e+00
1.7500e+03 6.1203e-12 1.1622e+00 1.9283e+03 3.9144e+03 4.4000e+03 2.7365e+19 1.5080e+19 1.5080e+19 4.1738e-02 0.0000e+00 1.1790e+05 0.0000e+00
1.7600e+03 6.0968e-12 1.1566e+00 1.9285e+03 3.9149e+03 4.4000e+03 2.7283e+19 1.5047e+19 1.5047e+19 4.1781e-02 0.0000e+00 1.1779e+05 0.0000e+00
1.7700e+03 6.0734e-12 1.1510e+00 1.9287e+03 3.9153e+03 4.4000e+03 2.7203e+19 1.5015e+19 1.5015e+19 4.1823e-02 0.0000e+00 1.1769e+05 0.0000e+00
1.7800e+03 6.0501e-12 1.1454e+00 1.9289e+03 3.9157e+03 4.4000e+03 2.7127e+19 1.4984e+19 1.4984e+19 4.1864e-02 0.0000e+00 1.1759e+05 0.0000e+00
1.7900e+03 6.0268e-12 1.1400e+00 1.9291e+03 3.9161e+03 4.4000e+03 2.7053e+19 1.4954e+19 1.4954e+19 4.1903e-02 0.0000e+00 1.1749e+05 0.0000e+00
1.8000e+03 6.0037e-12 1.1346e+00 1.9293e+03 3.9165e+03 4.4000e+03 2.6983e+19 1.4926e+19 1.4926e+19 4.1940e-02 0.0000e+00 1.1740e+05 0.0000e+00
1.8100e+03 5.9806e-12 1.1293e+00 1.9295e+03 3.9169e+03 4.4000e+03 2.6915e+19 1.4898e+19 1.4898e+19 4.1977e-02 0.0000e+00 1.1731e+05 0.0000e+00
1.8200e+03 5.9577e-12 1.1240e+00 1.9297e+03 3.9173e+03 4.4000e+03 2.6850e+19 1.4872e+19 1.4872e+19 4.2011e-02 0.0000e+00 1.1723e+05 0.0000e+00
1.8300e+03 5.9348e-12 1.1188e+00 1.9298e+03 3.9176e+03 4.4000e+03 2.6788e+19 1.4847e+19 1.4847e+19 4.2045e-02 0.0000e+00 1.1715e+05 0.0000e+00
1.8400e+03 5.9120e-12 1.1136e+00 1.9300e+03 3.9180e+03 4.4000e+03 2.6728e+19 1.4823e+19 1.4823e+19 4.2077e-02 0.0000e+00 1.1707e+05 0.0000e+00
1.8500e+03 5.8893e-12 1.1085e+00 1.9302e+03 3.9183e+03 4.4000e+03 2.6671e+19 1.4800e+19 1.4800e+19 4.2108e-02 0.0000e+00 1.1700e+05 0.0000e+00
1.8600e+03 5.8667e-12 1.1035e+00 1.9303e+03 3.9186e+03 4.4000e+03 2.6617e+19 1.4778e+19 1.4778e+19 4.2137e-02 0.0000e+00 1.1693e+05 0.0000e+00
1.8700e+03 5.8442e-12 1.0986e+00 1.9305e+03 3.9189e+03 4.4000e+03 2.6565e+19 1.4757e+19 1.4757e+19 4.2165e-02 0.0000e+00 1.1686e+05 0.0000e+00
1.8800e+03 5.8217e-12 1.0936e+00 1.9306e+03 3.9192e+03 4.4000e+03 2.6516e+19 1.4737e+19 1.4737e+19 4.2192e-02 0.0000e+00 1.1679e+05 0.0000e+00
1.8900e+03 5.7994e-12 1.0888e+00 1.9307e+03 3.9194e+03 4.4000e+03 2.6470e+19 1.4718e+19 1.4718e+19 4.2218e-02 0.0000e+00 1.1673e+05 0.0000e+00
1.9000e+03 5.7771e-12 1.0840e+00 1.9309e+03 3.9197e+03 4.4000e+03 2.6425e+19 1.4701e+19 1.4701e+19 4.2242e-02 0.0000e+00 1.1668e+05 0.0000e+00
1.9100e+03 5.7549e-12 1.0792e+00 1.9310e+03 3.9199e+03 4.4000e+03 2.6384e+19 1.4684e+19 1.4684e+19 4.2265e-02 0.0000e+00 1.1662e+05 0.0000e+00
1.9200e+03 5.7328e-12 1.0745e+00 1.9311e+03 3.9202e+03 4.4000e+03 2.6344e+19 1.4668e+19 1.4668e+19 4.2286e-02 0.0000e+00 1.1657e+05 0.0000e+00
1.9300e+03 5.7108e-12 1.0699e+00 1.9312e+03 3.9204e+03 4.4000e+03 2.6307e+19 1.4653e+19 1.4653e+19 4.2307e-02 0.0000e+00 1.1652e+05 0.0000e+00
1.9400e+03 5.6889e-12 1.0653e+00 1.9313e+03 3.9206e+03 4.4000e+03 2.6273e+19 1.4639e+19 1.4639e+19 4.2326e-02 0.0000e+00 1.1647e+05 0.0000e+00
1.9500e+03 5.6670e-12 1.0608e+00 1.9314e+03 3.9208e+03 4.4000e+03 2.6240e+19 1.4625e+19 1.4625e+19 4.2344e-02 0.0000e+00 1.1643e+05 0.0000e+00
1.9600e+03 5.6453e-12 1.0563e+00 1.9315e+03 3.9209e+03 4.4000e+03 2.6210e+19 1.4613e+19 1.4613e+19 4.2360e-02 0.0000e+00 1.1639e+05 0.0000e+00
1.9700e+03 5.6236e-12 1.0518e+00 1.9315e+03 3.9211e+03 4.4000e+03 2.6182e+19 1.4602e+19 1.4602e+19 4.2376e-02 0.0000e+00 1.1636e+05 0.0000e+00
1.9800e+03 5.6020e-12 1.0475e+00 1.9316e+03 3.9212e+03 4.4000e+03 2.6156e+19 1.4592e+19 1.4592e+19 4.2390e-02 0.0000e+00 1.1632e+05 0.0000e+00
1.9900e+03 5.5805e-12 1.0431e+00 1.9317e+03 3.9214e+03 4.4000e+03 2.6133e+19 1.4582e+19 1.4582e+19 4.2403e-02 0.0000e+00 1.1629e+05 0.0000e+00
2.0000e+03 5.5591e-12 1.0388e+00 1.9317e+03 3.9215e+03 4.4000e+03 2.6111e+19 1.4573e+19 1.4573e+19 4.2415e-02 0.0000e+00 1.1626e+05 0.0000e+00
2.0100e+03 5.5377e-12 1.0346e+00 1.9318e+03 3.9216e+03 4.4000e+03 2.6092e+19 1.4566e+19 1.4566e+19 4.2425e-02 0.0000e+00 1.1624e+05 0.0000e+00
2.0200e+03 5.5164e-12 1.0304e+00 1.9318e+03 3.9217e+03 4.4000e+03 2.6075e+19 1.4559e+19 1.4559e+19 4.2435e-02 0.0000e+00 1.1621e+05 0.0000e+00
2.0300e+03 5.4953e-12 1.0262e+00 1.9319e+03 3.9218e+03 4.4000e+03 2.6059e+19 1.4553e+19 1.4553e+19 4.2443e-02 0.0000e+00 1.1619e+05 0.0000e+00
2.0400e+03 5.4742e-12 1.0221e+00 1.9319e+03 3.9219e+03 4.4000e+03 2.6046e+19 1.4547e+19 1.4547e+19 4.2450e-02 0.0000e+00 1.1618e+05 0.0000e+00
2.0500e+03 5.4531e-12 1.0180e+00 1.9320e+03 3.9219e+03 4.4000e+03 2.6035e+19 1.4543e+19 1.4543e+19 4.2457e-02 0.0000e+00 1.1616e+05 0.0000e+00
2.0600e+03 5.4322e-12 1.0140e+00 1.9320e+03 3.9220e+03 4.4000e+03 2.6026e+19 1.4539e+19 1.4539e+19 4.2461e-02 0.0000e+00 1.1615e+05 0.0000e+00
2.0700e+03 5.4113e-12 1.0100e+00 1.9320e+03 3.9220e+03 4.4000e+03 2.6019e+19 1.4537e+19 1.4537e+19 4.2465e-02 0.0000e+00 1.1614e+05 0.0000e+00
2.0800e+03 5.3906e-12 1.0061e+00 1.9320e+03 3.9220e+03 4.4000e+03 2.6013e+19 1.4535e+19 1.4535e+19 4.2468e-02 0.0000e+00 1.1614e+05 0.0000e+00
2.0900e+03 5.3699e-12 1.0022e+00 1.9320e+03 3.9221e+03 4.4000e+03 2.6010e+19 1.4533e+19 1.4533e+19 4.2470e-02 0.0000e+00 1.1613e+05 0.0000e+00
2.1000e+03 5.3492e-12 9.9830e-01 1.9320e+03 3.9221e+03 4.4000e+03 2.6008e+19 1.4533e+19 1.4533e+19 4.2470e-02 0.0000e+00 1.1613e+05 0.0000e+00
2.1100e+03 5.3287e-12 9.9447e-01 1.9320e+03 3.9221e+03 4.4000e+03 2.6009e+19 1.4533e+19 1.4533e+19 4.2470e-02 0.0000e+00 1.1613e+05 0.0000e+00
2.1200e+03 5.3082e-12 9.9069e-01 1.9320e+03 3.9220e+03 4.4000e+03 2.6011e+19 1.4534e+19 1.4534e+19 4.2468e-02 0.0000e+00 1.1613e+05 0.0000e+00
2.1300e+03 5.2879e-12 9.8695e-01 1.9320e+03 3.9220e+03 4.4000e+03 2.6015e+19 1.4536e+19 1.4536e+19 4.2466e-02 0.0000e+00 1.1614e+05 0.0000e+00
2.1400e+03 5.2675e-12 9.8324e-01 1.9320e+03 3.9220e+03 4.4000e+03 2.6021e+19 1.4539e+19 1.4539e+19 4.2462e-02 0.0000e+00 1.1615e+05 0.0000e+00
2.1500e+03 5.2473e-12 9.7957e-01 1.9320e+03 3.9219e+03 4.4000e+03 2.6029e+19 1.4542e+19 1.4542e+19 4.2458e-02 0.0000e+00 1.1616e+05 0.0000e+00
2.1600e+03 5.2272e-12 9.7594e-01 1.9319e+03 3.9219e+03 4.4000e+03 2.6038e+19 1.4546e+19 1.4546e+19 4.2452e-02 0.0000e+00 1.1617e+05 0.0000e+00
2.1700e+03 5.2071e-12 9.7234e-01 1.9319e+03 3.9218e+03 4.4000e+03 2.6049e+19 1.4551e+19 1.4551e+19 4.2445e-02 0.0000e+00 1.1619e+05 0.0000e+00
2.1800e+03 5.1871e-12 9.6878e-01 1.9319e+03 3.9217e+03 4.4000e+03 2.6062e+19 1.4557e+19 1.4557e+19 4.2438e-02 0.0000e+00 1.1621e+05 0.0000e+00
2.1900e+03 5.1672e-12 9.6526e-01 1.9318e+03 3.9216e+03 4.4000e+03 2.6077e+19 1.4563e+19 1.4563e+19 4.2429e-02 0.0000e+00 1.1623e+05 0.0000e+00
2.2000e+03 5.1473e-12 9.6177e-01 1.9318e+03 3.9215e+03 4.4000e+03 2.6094e+19 1.4570e+19 1.4570e+19 4.2420e-02 0.0000e+00 1.1625e+05 0.0000e+00
2.2100e+03 5.1276e-12 9.5831e-01 1.9317e+03 3.9214e+03 4.4000e+03 2.6112e+19 1.4578e+19 1.4578e+19 4.2409e-02 0.0000e+00 1.1628e+05 0.0000e+00
2.2200e+03 5.1079e-12 9.5489e-01 1.9317e+03 3.9213e+03 4.4000e+03 2.6132e+19 1.4586e+19 1.4586e+19 4.2398e-02 0.0000e+00 1.1630e+05 0.0000e+00
2.2300e+03 5.0883e-12 9.5150e-01 1.9316e+03 3.9212e+03 4.4000e+03 2.6153e+19 1.4595e+19 1.4595e+19 4.2385e-02 0.0000e+00 1.1633e+05 0.0000e+00
2.2400e+03 5.0687e-12 9.4814e-01 1.9315e+03 3.9210e+03 4.4000e+03 2.6176e+19 1.4605e+19 1.4605e+19 4.2372e-02 0.0000e+00 1.1636e+05 0.0000e+00
2.2500e+03 5.0493e-12 9.4482e-01 1.9314e+03 3.9209e+03 4.4000e+03 2.6201e+19 1.4615e+19 1.4615e+19 4.2358e-02 0.0000e+00 1.1640e+05 0.0000e+00
2.2600e+03 5.0299e-12 9.4153e-01 1.9314e+03 3.9207e+03 4.4000e+03 2.6228e+19 1.4626e+19 1.4626e+19 4.2343e-02 0.0000e+00 1.1643e+05 0.0000e+00
2.2700e+03 5.0106e-12 9.3826e-01 1.9313e+03 3.9206e+03 4.4000e+03 2.6256e+19 1.4638e+19 1.4638e+19 4.2327e-02 0.0000e+00 1.1647e+05 0.0000e+00
2.2800e+03 4.9913e-12 9.3504e-01 1.9312e+03 3.9204e+03 4.4000e+03 2.6286e+19 1.4650e+19 1.4650e+19 4.2310e-02 0.0000e+00 1.1651e+05 0.0000e+00
2.2900e+03 4.9722e-12 9.3184e-01 1.9311e+03 3.9202e+03 4.4000e+03 2.6317e+19 1.4663e+19 1.4663e+19 4.2292e-02 0.0000e+00 1.1655e+05 0.0000e+00
2.3000e+03 4.9531e-12 9.2867e-01 1.9310e+03 3.9200e+03 4.4000e+03 2.6350e+19 1.4677e+19 1.4677e+19 4.2273e-02 0.0000e+00 1.1660e+05 0.0000e+00
2.3100e+03 4.9340e-12 9.2553e-01 1.9309e+03 3.9198e+03 4.4000e+03 2.6385e+19 1.4692e+19 1.4692e+19 4.2254e-02 0.0000e+00 1.1665e+05 0.0000e+00
2.3200e+03 4.9151e-12 9.2242e-01 1.9308e+03 3.9196e+03 4.4000e+03 2.6421e+19 1.4707e+19 1.4707e+19 4.2234e-02 0.0000e+00 1.1669e+05 0.0000e+00
2.3300e+03 4.8962e-12 9.1933e-01 1.9307e+03 3.9194e+03 4.4000e+03 2.6459e+19 1.4722e+19 1.4722e+19 4.2212e-02 0.0000e+00 1.1675e+05 0.0000e+00
2.3400e+03 4.8774e-12 9.1628e-01 1.9306e+03 3.9192e+03 4.4000e+03 2.6498e+19 1.4738e+19 1.4738e+19 4.2191e-02 0.0000e+00 1.1680e+05 0.0000e+00
2.3500e+03 4.8587e-12 9.1325e-01 1.9305e+03 3.9189e+03 4.4000e+03 2.6539e+19 1.4755e+19 1.4755e+19 4.2168e-02 0.0000e+00 1.1685e+05 0.0000e+00
2.3600e+03 4.8400e-12 9.1026e-01 1.9304e+03 3.9187e+03 4.4000e+03 2.6581e+19 1.4773e+19 1.4773e+19 4.2144e-02 0.0000e+00 1.1691e+05 0.0000e+00
2.3700e+03 4.8215e-12 9.0728e-01 1.9302e+03 3.9184e+03 4.4000e+03 2.6625e+19 1.4791e+19 1.4791e+19 4.2120e-02 0.0000e+00 1.1697e+05 0.0000e+00
2.3800e+03 4.8029e-12 9.0434e-01 1.9301e+03 3.9182e+03 4.4000e+03 2.6671e+19 1.4810e+19 1.4810e+19 4.2095e-02 0.0000e+00 1.1703e+05 0.0000e+00
2.3900e+03 4.7845e-12 9.0142e-01 1.9300e+03 3.9179e+03 4.4000e+03 2.6718e+19 1.4829e+19 1.4829e+19 4.2069e-02 0.0000e+00 1.1709e+05 0.0000e+00
2.4000e+03 4.7661e-12 8.9853e-01 1.9298e+03 3.9176e+03 4.4000e+03 2.6766e+19 1.4849e+19 1.4849e+19 4.2042e-02 0.0000e+00 1.1716e+05 0.0000e+00
2.4100e+03 4.7478e-12 8.9566e-01 1.9297e+03 3.9173e+03 4.4000e+03 2.6816e+19 1.4870e+19 1.4870e+19 4.2015e-02 0.0000e+00 1.1722e+05 0.0000e+00
2.4200e+03 4.7296e-12 8.9282e-01 1.9295e+03 3.9170e+03 4.4000e+03 2.6868e+19 1.4891e+19 1.4891e+19 4.1987e-02 0.0000e+00 1.1729e+05 0.0000e+00
2.4300e+03 4.7114e-12 8.9001e-01 1.9294e+03 3.9167e+03 4.4000e+03 2.6921e+19 1.4913e+19 1.4913e+19 4.1958e-02 0.0000e+00 1.1736e+05 0.0000e+00
2.4400e+03 4.6933e-12 8.8722e-01 1.9292e+03 3.9164e+03 4.4000e+03 2.6975e+19 1.4935e+19 1.4935e+19 4.1928e-02 0.0000e+00 1.1743e+05 0.0000e+00
2.4500e+03 4.6753e-12 8.8445e-01 1.9291e+03 3.9161e+03 4.4000e+03 2.7031e+19 1.4958e+19 1.4958e+19 4.1898e-02 0.0000e+00 1.1751e+05 0.0000e+00
2.4600e+03 4.6574e-12 8.8170e-01 1.9289e+03 3.9158e+03 4.4000e+03 2.7089e+19 1.4982e+19 1.4982e+19 4.1867e-02 0.0000e+00 1.1758e+05 0.0000e+00
2.4700e+03 4.6395e-12 8.7899e-01 1.9288e+03 3.9154e+03 4.4000e+03 2.7148e+19 1.5006e+19 1.5006e+19 4.1835e-02 0.0000e+00 1.1766e+05 0.0000e+00
2.4800e+03 4.6217e-12 8.7629e-01 1.9286e+03 3.9151e+03 4.4000e+03 2.7208e+19 1.5031e+19 1.5031e+19 4.1803e-02 0.0000e+00 1.1774e+05 0.0000e+00
2.4900e+03 4.6039e-12 8.7361e-01 1.9284e+03 3.9147e+03 4.4000e+03 2.7270e+19 1.5056e+19 1.5056e+19 4.1770e-02 0.0000e+00 1.1782e+05 0.0000e+00
2.5000e+03 4.5862e-12 8.7096e-01 1.9282e+03 3.9144e+03 4.4000e+03 2.7334e+19 1.5082e+19 1.5082e+19 4.1736e-02 0.0000e+00 1.1790e+05 0.0000e+00
2.5100e+03 4.5686e-12 8.6834e-01 1.9281e+03 3.9140e+03 4.4000e+03 2.7399e+19 1.5108e+19 1.5108e+19 4.1701e-02 0.0000e+00 1.1799e+05 0.0000e+00
2.5200e+03 4.5511e-12 8.6573e-01 1.9279e+03 3.9137e+03 4.4000e+03 2.7465e+19 1.5135e+19 1.5135e+19 4.1666e-02 0.0000e+00 1.1807e+05 0.0000e+00
2.5300e+03 4.5336e-12 8.6314e-01 1.9277e+03 3.9133e+03 4.4000e+03 2.7533e+19 1.5163e+19 1.5163e+19 4.1631e-02 0.0000e+00 1.1816e+05 0.0000e+00
2.5400e+03 4.5162e-12 8.6058e-01 1.9275e+03 3.9129e+03 4.4000e+03 2.7602e+19 1.5191e+19 1.5191e+19 4.1594e-02 0.0000e+00 1.1825e+05 0.0000e+00
2.5500e+03 4.4988e-12 8.5804e-01 1.9273e+03 3.9125e+03 4.4000e+03 2.7673e+19 1.5220e+19 1.5220e+19 4.1557e-02 0.0000e+00 1.1834e+05 0.0000e+00
2.5600e+03 4.4816e-12 8.5552e-01 1.9271e+03 3.9121e+03 4.4000e+03 2.7745e+19 1.5249e+19 1.5249e+19 4.1520e-02 0.0000e+00 1.1843e+05 0.0000e+00
2.5700e+03 4.4644e-12 8.5301e-01 1.9269e+03 3.9117e+03 4.4000e+03 2.7819e+19 1.5279e+19 1.5279e+19 4.1482e-02 0.0000e+00 1.1853e+05 0.0000e+00
2.5800e+03 4.4472e-12 8.5053e-01 1.9267e+03 3.9113e+03 4.4000e+03 2.7894e+19 1.5309e+19 1.5309e+19 4.1443e-02 0.0000e+00 1.1862e+05 0.0000e+00
2.5900e+03 4.4301e-12 8.4807e-01 1.9265e+03 3.9109e+03 4.4000e+03 2.7970e+19 1.5340e+19 1.5340e+19 4.1404e-02 0.0000e+00 1.1872e+05 0.0000e+00
2.6000e+03 4.4131e-12 8.4563e-01 1.9263e+03 3.9105e+03 4.4000e+03 2.8048e+19 1.5372e+19 1.5372e+19 4.1364e-02 0.0000e+00 1.1882e+05 0.0000e+00
2.6100e+03 4.3962e-12 8.4321e-01 1.9261e+03 3.9100e+03 4.4000e+03 2.8128e+19 1.5404e+19 1.5404e+19 4.1323e-02 0.0000e+00 1.1892e+05 0.0000e+00
2.6200e+03 4.3793e-12 8.4081e-01 1.9259e+03 3.9096e+03 4.4000e+03 2.8208e+19 1.5436e+19 1.5436e+19 4.1282e-02 0.0000e+00 1.1903e+05 0.0000e+00
2.6300e+03 4.3625e-12 8.3842e-01 1.9257e+03 3.9091e+03 4.4000e+03 2.8291e+19 1.5469e+19 1.5469e+19 4.1240e-02 0.0000e+00 1.1913e+05 0.0000e+00
2.6400e+03 4.3457e-12 8.3606e-01 1.9254e+03 3.9087e+03 4.4000e+03 2.8374e+19 1.5503e+19 1.5503e+19 4.1198e-02 0.0000e+00 1.1924e+05 0.0000e+00
2.6500e+03 4.3290e-12 8.3371e-01 1.9252e+03 3.9082e+03 4.4000e+03 2.8460e+19 1.5537e+19 1.5537e+19 4.1156e-02 0.0000e+00 1.1934e+05 0.0000e+00
2.6600e+03 4.3124e-12 8.3138e-01 1.9250e+03 3.9078e+03 4.4000e+03 2.8546e+19 1.5572e+19 1.5572e+19 4.1112e-02 0.0000e+00 1.1945e+05 0.0000e+00
2.6700e+03 4.2959e-12 8.2907e-01 1.9248e+03 3.9073e+03 4.4000e+03 2.8634e+19 1.5607e+19 1.5607e+19 4.1069e-02 0.0000e+00 1.1956e+05 0.0000e+00
2.6800e+03 4.2794e-12 8.2678e-01 1.9245e+03 3.9068e+03 4.4000e+03 2.8724e+19 1.5643e+19 1.5643e+19 4.1024e-02 0.0000e+00 1.1967e+05 0.0000e+00
2.6900e+03 4.2629e-12 8.2450e-01 1.9243e+03 3.9064e+03 4.4000e+03 2.8815e+19 1.5679e+19 1.5679e+19 4.0980e-02 0.0000e+00 1.1979e+05 0.0000e+00
2.7000e+03 4.2466e-12 8.2225e-01 1.9241e+03 3.9059e+03 4.4000e+03 2.8907e+19 1.5716e+19 1.5716e+19 4.0934e-02 0.0000e+00 1.1990e+05 0.0000e+00
2.7100e+03 4.2303e-12 8.2001e-01 1.9238e+03 3.9054e+03 4.4000e+03 2.9001e+19 1.5754e+19 1.5754e+19 4.0889e-02 0.0000e+00 1.2002e+05 0.0000e+00
2.7200e+03 4.2140e-12 8.1778e-01 1.9236e+03 3.9049e+03 4.4000e+03 2.9096e+19 1.5792e+19 1.5792e+19 4.0842e-02 0.0000e+00 1.2014e+05 0.0000e+00
2.7300e+03 4.1978e-12 8.1557e-01 1.9233e+03 3.9044e+03 4.4000e+03 2.9193e+19 1.5830e+19 1.5830e+19 4.0796e-02 0.0000e+00 1.2026e+05 0.0000e+00
2.7400e+03 4.1817e-12 8.1338e-01 1.9231e+03 3.9039e+03 4.4000e+03 2.9291e+19 1.5869e+19 1.5869e+19 4.0749e-02 0.0000e+00 1.2038e+05 0.0000e+00
2.7500e+03 4.1657e-12 8.1121e-01 1.9228e+03 3.9034e+03 4.4000e+03 2.9390e+19 1.5909e+19 1.5909e+19 4.0701e-02 0.0000e+00 1.2050e+05 0.0000e+00
2.7600e+03 4.1497e-12 8.0905e-01 1.9226e+03 3.9029e+03 4.4000e+03 2.9491e+19 1.5949e+19 1.5949e+19 4.0653e-02 0.0000e+00 1.2062e+05 0.0000e+00
2.7700e+03 4.1337e-12 8.0691e-01 1.9223e+03 3.9023e+03 4.4000e+03 2.9594e+19 1.5989e+19 1.5989e+19 4.0604e-02 0.0000e+00 1.2075e+05 0.0000e+00
2.7800e+03 4.1179e-12 8.0478e-01 1.9220e+03 3.9018e+03 4.4000e+03 2.9698e+19 1.6030e+19 1.6030e+19 4.0555e-02 0.0000e+00 1.2088e+05 0.0000e+00
2.7900e+03 4.1020e-12 8.0267e-01 1.9218e+03 3.9013e+03 4.4000e+03 2.9803e+19 1.6072e+19 1.6072e+19 4.0506e-02 0.0000e+00 1.2100e+05 0.0000e+00
2.8000e+03 4.0863e-12 8.0057e-01 1.9215e+03 3.9007e+03 4.4000e+03 2.9910e+19 1.6114e+19 1.6114e+19 4.0456e-02 0.0000e+00 1.2113e+05 0.0000e+00
2.8100e+03 4.0706e-12 7.9849e-01 1.9213e+03 3.9002e+03 4.4000e+03 3.0018e+19 1.6157e+19 1.6157e+19 4.0406e-02 0.0000e+00 1.2126e+05 0.0000e+00
2.8200e+03 4.0550e-12 7.9642e-01 1.9210e+03 3.8996e+03 4.4000e+03 3.0128e+19 1.6200e+19 1.6200e+19 4.0355e-02 0.0000e+00 1.2140e+05 0.0000e+00
2.8300e+03 4.0394e-12 7.9436e-01 1.9207e+03 3.8991e+03 4.4000e+03 3.0239e+19 1.6244e+19 1.6244e+19 4.0304e-02 0.0000e+00 1.2153e+05 0.0000e+00
2.8400e+03 4.0239e-12 7.9233e-01 1.9204e+03 3.8985e+03 4.4000e+03 3.0352e+19 1.6288e+19 1.6288e+19 4.0253e-02 0.0000e+00 1.2166e+05 0.0000e+00
2.8500e+03 4.0084e-12 7.9030e-01 1.9202e+03 3.8980e+03 4.4000e+03 3.0466e+19 1.6333e+19 1.6333e+19 4.0201e-02 0.0000e+00 1.2180e+05 0.0000e+00
2.8600e+03 3.9930e-12 7.8829e-01 1.9199e+03 3.8974e+03 4.4000e+03 3.0582e+19 1.6378e+19 1.6378e+19 4.0149e-02 0.0000e+00 1.2194e+05 0.0000e+00
2.8700e+03 3.9777e-12 7.8629e-01 1.9196e+03 3.8968e+03 4.4000e+03 3.0699e+19 1.6424e+19 1.6424e+19 4.0096e-02 0.0000e+00 1.2208e+05 0.0000e+00
2.8800e+03 3.9624e-12 7.8431e-01 1.9193e+03 3.8963e+03 4.4000e+03 3.0818e+19 1.6470e+19 1.6470e+19 4.0043e-02 0.0000e+00 1.2222e+05 0.0000e+00
2.8900e+03 3.9472e-12 7.8234e-01 1.9190e+03 3.8957e+03 4.4000e+03 3.0938e+19 1.6517e+19 1.6517e+19 3.9990e-02 0.0000e+00 1.2236e+05 0.0000e+00
2.9000e+03 3.9321e-12 7.8039e-01 1.9187e+03 3.8951e+03 4.4000e+03 3.1060e+19 1.6564e+19 1.6564e+19 3.9936e-02 0.0000e+00 1.2250e+05 0.0000e+00
2.9100e+03 3.9170e-12 7.7844e-01 1.9184e+03 3.8945e+03 4.4000e+03 3.1183e+19 1.6612e+19 1.6612e+19 3.9882e-02 0.0000e+00 1.2265e+05 0.0000e+00
2.9200e+03 3.9019e-12 7.7651e-01 1.9182e+03 3.8939e+03 4.4000e+03 3.1307e+19 1.6660e+19 1.6660e+19 3.9827e-02 0.0000e+00 1.2279e+05 0.0000e+00
2.9300e+03 3.8869e-12 7.7459e-01 1.9179e+03 3.8933e+03 4.4000e+03 3.1433e+19 1.6709e+19 1.6709e+19 3.9773e-02 0.0000e+00 1.2294e+05 0.0000e+00
2.9400e+03 3.8720e-12 7.7269e-01 1.9176e+03 3.8927e+03 4.4000e+03 3.1561e+19 1.6758e+19 1.6758e+19 3.9718e-02 0.0000e+00 1.2309e+05 0.0000e+00
2.9500e+03 3.8571e-12 7.7080e-01 1.9173e+03 3.8921e+03 4.4000e+03 3.1690e+19 1.6808e+19 1.6808e+19 3.9662e-02 0.0000e+00 1.2323e+05 0.0000e+00
2.9600e+03 3.8423e-12 7.6892e-01 1.9170e+03 3.8915e+03 4.4000e+03 3.1821e+19 1.6858e+19 1.6858e+19 3.9607e-02 0.0000e+00 1.2339e+05 0.0000e+00
2.9700e+03 3.8276e-12 7.6705e-01 1.9167e+03 3.8909e+03 4.4000e+03 3.1953e+19 1.6909e+19 1.6909e+19 3.9551e-02 0.0000e+00 1.2354e+05 0.0000e+00
2.9800e+03 3.8129e-12 7.6520e-01 1.9163e+03 3.8902e+03 4.4000e+03 3.2087e+19 1.6961e+19 1.6961e+19 3.9494e-02 0.0000e+00 1.2369e+05 0.0000e+00
2.9900e+03 3.7982e-12 7.6335e-01 1.9160e+03 3.8896e+03 4.4000e+03 3.2222e+19 1.7013e+19 1.7013e+19 3.9438e-02 0.0000e+00 1.2384e+05 0.0000e+00
3.0000e+03 3.7836e-12 7.6152e-01 1.9157e+03 3.8890e+03 4.4000e+03 3.2359e+19 1.7065e+19 1.7065e+19 3.9381e-02 0.0000e+00 1.2400e+05 0.0000e+00
3.0100e+03 3.7691e-12 7.5970e-01 1.9154e+03 3.8884e+03 4.4000e+03 3.2497e+19 1.7118e+19 1.7118e+19 3.9323e-02 0.0000e+00 1.2416e+05 0.0000e+00
3.0200e+03 3.7546e-12 7.5789e-01 1.9151e+03 3.8877e+03 4.4000e+03 3.2637e+19 1.7171e+19 1.7171e+19 3.9266e-02 0.0000e+00 1.2431e+05 0.0000e+00
3.0300e+03 3.7402e-12 7.5609e-01 1.9148e+03 3.8871e+03 4.4000e+03 3.2779e+19 1.7225e+19 1.7225e+19 3.9208e-02 0.0000e+00 1.2447e+05 0.0000e+00
3.0400e+03 3.7259e-12 7.5431e-01 1.9145e+03 3.8864e+03 4.4000e+03 3.2922e+19 1.7280e+19 1.7280e+19 3.9150e-02 0.0000e+00 1.2463e+05 0.0000e+00
3.0500e+03 3.7116e-12 7.5253e-01 1.9142e+03 3.8858e+03 4.4000e+03 3.3066e+19 1.7335e+19 1.7335e+19 3.9092e-02 0.0000e+00 1.2480e+05 0.0000e+00
3.0600e+03 3.6973e-12 7.5077e-01 1.9138e+03 3.8851e+03 4.4000e+03 3.3213e+19 1.7390e+19 1.7390e+19 3.9033e-02 0.0000e+00 1.2496e+05 0.0000e+00
3.0700e+03 3.6831e-12 7.4901e-01 1.9135e+03 3.8845e+03 4.4000e+03 3.3360e+19 1.7446e+19 1.7446e+19 3.8974e-02 0.0000e+00 1.2512e+05 0.0000e+00
3.0800e+03 3.6690e-12 7.4727e-01 1.9132e+03 3.8838e+03 4.4000e+03 3.3510e+19 1.7503e+19 1.7503e+19 3.8915e-02 0.0000e+00 1.2529e+05 0.0000e+00
3.0900e+03 3.6549e-12 7.4554e-01 1.9129e+03 3.8832e+03 4.4000e+03 3.3661e+19 1.7560e+19 1.7560e+19 3.8856e-02 0.0000e+00 1.2545e+05 0.0000e+00
3.1000e+03 3.6408e-12 7.4382e-01 1.9125e+03 3.8825e+03 4.4000e+03 3.3813e+19 1.7617e+19 1.7617e+19 3.8796e-02 0.0000e+00 1.2562e+05 0.0000e+00
3.1100e+03 3.6269e-12 7.4210e-01 1.9122e+03 3.8818e+03 4.4000e+03 3.3968e+19 1.7675e+19 1.7675e+19 3.8736e-02 0.0000e+00 1.2579e+05 0.0000e+00
3.1200e+03 3.6129e-12 7.4040e-01 1.9119e+03 3.8812e+03 4.4000e+03 3.4123e+19 1.7734e+19 1.7734e+19 3.8676e-02 0.0000e+00 1.2596e+05 0.0000e+00
3.1300e+03 3.5991e-12 7.3871e-01 1.9115e+03 3.8805e+03 4.4000e+03 3.4281e+19 1.7793e+19 1.7793e+19 3.8616e-02 0.0000e+00 1.2613e+05 0.0000e+00
3.1400e+03 3.5852e-12 7.3703e-01 1.9112e+03 3.8798e+03 4.4000e+03 3.4440e+19 1.7852e+19 1.7852e+19 3.8556e-02 0.0000e+00 1.2630e+05 0.0000e+00
3.1500e+03 3.5715e-12 7.3536e-01 1.9109e+03 3.8791e+03 4.4000e+03 3.4601e+19 1.7912e+19 1.7912e+19 3.8495e-02 0.0000e+00 1.2647e+05 0.0000e+00
3.1600e+03 3.5578e-12 7.3369e-01 1.9105e+03 3.8784e+03 4.4000e+03 3.4763e+19 1.7973e+19 1.7973e+19 3.8434e-02 0.0000e+00 1.2665e+05 0.0000e+00
3.1700e+03 3.5441e-12 7.3204e-01 1.9102e+03 3.8777e+03 4.4000e+03 3.4927e+19 1.8034e+19 1.8034e+19 3.8373e-02 0.0000e+00 1.2682e+05 0.0000e+00
3.1800e+03 3.5305e-12 7.3040e-01 1.9099e+03 3.8771e+03 4.4000e+03 3.5093e+19 1.8096e+19 1.8096e+19 3.8311e-02 0.0000e+00 1.2700e+05 0.0000e+00
3.1900e+03 3.5169e-12 7.2876e-01 1.9095e+03 3.8764e+03 4.4000e+03 3.5260e+19 1.8158e+19 1.8158e+19 3.8250e-02 0.0000e+00 1.2718e+05 0.0000e+00
3.2000e+03 3.5034e-12 7.2714e-01 1.9092e+03 3.8757e+03 4.4000e+03 3.5429e+19 1.8220e+19 1.8220e+19 3.8188e-02 0.0000e+00 1.2736e+05 0.0000e+00
3.2100e+03 3.4900e-12 7.2552e-01 1.9088e+03 3.8750e+03 4.4000e+03 3.5600e+19 1.8283e+19 1.8283e+19 3.8126e-02 0.0000e+00 1.2754e+05 0.0000e+00
3.2200e+03 3.4766e-12 7.2392e-01 1.9085e+03 3.8743e+03 4.4000e+03 3.5773e+19 1.8347e+19 1.8347e+19 3.8064e-02 0.0000e+00 1.2772e+05 0.0000e+00
3.2300e+03 3.4632e-12 7.2232e-01 1.9081e+03 3.8735e+03 4.4000e+03 3.5947e+19 1.8411e+19 1.8411e+19 3.8002e-02 0.0000e+00 1.2790e+05 0.0000e+00
3.2400e+03 3.4499e-12 7.2073e-01 1.9078e+03 3.8728e+03 4.4000e+03 3.6123e+19 1.8476e+19 1.8476e+19 3.7939e-02 0.0000e+00 1.2808e+05 0.0000e+00
3.2500e+03 3.4367e-12 7.1915e-01 1.9074e+03 3.8721e+03 4.4000e+03 3.6300e+19 1.8541e+19 1.8541e+19 3.7877e-02 0.0000e+00 1.2827e+05 0.0000e+00
3.2600e+03 3.4235e-12 7.1758e-01 1.9071e+03 3.8714e+03 4.4000e+03 3.6480e+19 1.8607e+19 1.8607e+19 3.7814e-02 0.0000e+00 1.2845e+05 0.0000e+00
3.2700e+03 3.4103e-12 7.1601e-01 1.9067e+03 3.8707e+03 4.4000e+03 3.6661e+19 1.8673e+19 1.8673e+19 3.7751e-02 0.0000e+00 1.2864e+05 0.0000e+00
3.2800e+03 3.3972e-12 7.1446e-01 1.9064e+03 3.8700e+03 4.4000e+03 3.6844e+19 1.8740e+19 1.8740e+19 3.7688e-02 0.0000e+00 1.2882e+05 0.0000e+00
3.2900e+03 3.3842e-12 7.1291e-01 1.9060e+03 3.8692e+03 4.4000e+03 3.7028e+19 1.8807e+19 1.8807e+19 3.7625e-02 0.0000e+00 1.2901e+05 0.0000e+00
3.3000e+03 3.3712e-12 7.1137e-01 1.9056e+03 3.8685e+03 4.4000e+03 3.7215e+19 1.8875e+19 1.8875e+19 3.7561e-02 0.0000e+00 1.2920e+05 0.0000e+00
3.3100e+03 3.3582e-12 7.0984e-01 1.9053e+03 3.8678e+03 4.4000e+03 3.7403e+19 1.8943e+19 1.8943e+19 3.7498e-02 0.0000e+00 1.2939e+05 0.0000e+00
3.3200e+03 3.3454e-12 7.0832e-01 1.9049e+03 3.8671e+03 4.4000e+03 3.7593e+19 1.9012e+19 1.9012e+19 3.7434e-02 0.0000e+00 1.2958e+05 0.0000e+00
3.3300e+03 3.3325e-12 7.0681e-01 1.9046e+03 3.8663e+03 4.4000e+03 3.7785e+19 1.9081e+19 1.9081e+19 3.7370e-02 0.0000e+00 1.2978e+05 0.0000e+00
3.3400e+03 3.3197e-12 7.0530e-01 1.9042e+03 3.8656e+03 4.4000e+03 3.7979e+19 1.9151e+19 1.9151e+19 3.7306e-02 0.0000e+00 1.2997e+05 0.0000e+00
3.3500e+03 3.3070e-12 7.0380e-01 1.9038e+03 3.8648e+03 4.4000e+03 3.8174e+19 1.9221e+19 1.9221e+19 3.7242e-02 0.0000e+00 1.3016e+05 0.0000e+00
3.3600e+03 3.2943e-12 7.0231e-01 1.9035e+03 3.8641e+03 4.4000e+03 3.8371e+19 1.9292e+19 1.9292e+19 3.7178e-02 0.0000e+00 1.3036e+05 0.0000e+00
3.3700e+03 3.2816e-12 7.0083e-01 1.9031e+03 3.8634e+03 4.4000e+03 3.8571e+19 1.9364e+19 1.9364e+19 3.7113e-02 0.0000e+00 1.3055e+05 0.0000e+00
3.3800e+03 3.2690e-12 6.9935e-01 1.9027e+03 3.8626e+03 4.4000e+03 3.8772e+19 1.9436e+19 1.9436e+19 3.7049e-02 0.0000e+00 1.3075e+05 0.0000e+00
3.3900e+03 3.2565e-12 6.9788e-01 1.9024e+03 3.8619e+03 4.4000e+03 3.8975e+19 1.9508e+19 1.9508e+19 3.6984e-02 0.0000e+00 1.3095e+05 0.0000e+00
3.4000e+03 3.2440e-12 6.9642e-01 1.9020e+03 3.8611e+03 4.4000e+03 3.9179e+19 1.9581e+19 1.9581e+19 3.6920e-02 0.0000e+00 1.3115e+05 0.0000e+00
3.4100e+03 3.2315e-12 6.9497e-01 1.9016e+03 3.8604e+03 4.4000e+03 3.9386e+19 1.9655e+19 1.9655e+19 3.6855e-02 0.0000e+00 1.3135e+05 0.0000e+00
3.4200e+03 3.2191e-12 6.9352e-01 1.9013e+03 3.8596e+03 4.4000e+03 3.9595e+19 1.9729e+19 1.9729e+19 3.6790e-02 0.0000e+00 1.3155e+05 0.0000e+00
3.4300e+03 3.2067e-12 6.9208e-01 1.9009e+03 3.8588e+03 4.4000e+03 3.9805e+19 1.9803e+19 1.9803e+19 3.6725e-02 0.0000e+00 1.3175e+05 0.0000e+00
3.4400e+03 3.1944e-12 6.9064e-01 1.9005e+03 3.8581e+03 4.4000e+03 4.0018e+19 1.9879e+19 1.9879e+19 3.6660e-02 0.0000e+00 1.3196e+05 0.0000e+00
3.4500e+03 3.1821e-12 6.8922e-01 1.9001e+03 3.8573e+03 4.4000e+03 4.0232e+19 1.9954e+19 1.9954e+19 3.6595e-02 0.0000e+00 1.3216e+05 0.0000e+00
3.4600e+03 3.1699e-12 6.8780e-01 1.8997e+03 3.8565e+03 4.4000e+03 4.0449e+19 2.0030e+19 2.0030e+19 3.6529e-02 0.0000e+00 1.3237e+05 0.0000e+00
3.4700e+03 3.1578e-12 6.8639e-01 1.8994e+03 3.8558e+03 4.4000e+03 4.0667e+19 2.0107e+19 2.0107e+19 3.6464e-02 0.0000e+00 1.3257e+05 0.0000e+00
3.4800e+03 3.1456e-12 6.8498e-01 1.8990e+03 3.8550e+03 4.4000e+03 4.0887e+19 2.0184e+19 2.0184e+19 3.6398e-02 0.0000e+00 1.3278e+05 0.0000e+00
3.4900e+03 3.1336e-12 6.8358e-01 1.8986e+03 3.8542e+03 4.4000e+03 4.1110e+19 2.0262e+19 2.0262e+19 3.6333e-02 0.0000e+00 1.3299e+05 0.0000e+00
3.5000e+03 3.1215e-12 6.8219e-01 1.8982e+03 3.8535e+03 4.4000e+03 4.1334e+19 2.0341e+19 2.0341e+19 3.6267e-02 0.0000e+00 1.3320e+05 0.0000e+00
3.5100e+03 3.1095e-12 6.8080e-01 1.8978e+03 3.8527e+03 4.4000e+03 4.1560e+19 2.0419e+19 2.0419e+19 3.6202e-02 0.0000e+00 1.3341e+05 0.0000e+00
3.5200e+03 3.0976e-12 6.7942e-01 1.8975e+03 3.8519e+03 4.4000e+03 4.1789e+19 2.0499e+19 2.0499e+19 3.6136e-02 0.0000e+00 1.3362e+05 0.0000e+00
3.5300e+03 3.0857e-12 6.7805e-01 1.8971e+03 3.8511e+03 4.4000e+03 4.2019e+19 2.0579e+19 2.0579e+19 3.6070e-02 0.0000e+00 1.3383e+05 0.0000e+00
3.5400e+03 3.0738e-12 6.7668e-01 1.8967e+03 3.8503e+03 4.4000e+03 4.2251e+19 2.0659e+19 2.0659e+19 3.6004e-02 0.0000e+00 1.3404e+05 0.0000e+00
3.5500e+03 3.0620e-12 6.7532e-01 1.8963e+03 3.8496e+03 4.4000e+03 4.2486e+19 2.0740e+19 2.0740e+19 3.5938e-02 0.0000e+00 1.3426e+05 0.0000e+00
3.5600e+03 3.0503e-12 6.7396e-01 1.8959e+03 3.8488e+03 4.4000e+03 4.2723e+19 2.0822e+19 2.0822e+19 3.5872e-02 0.0000e+00 1.3447e+05 0.0000e+00
3.5700e+03 3.0386e-12 6.7261e-01 1.8955e+03 3.8480e+03 4.4000e+03 4.2961e+19 2.0904e+19 2.0904e+19 3.5806e-02 0.0000e+00 1.3469e+05 0.0000e+00
3.5800e+03 3.0269e-12 6.7127e-01 1.8951e+03 3.8472e+03 4.4000e+03 4.3202e+19 2.0987e+19 2.0987e+19 3.5740e-02 0.0000e+00 1.3490e+05 0.0000e+00
3.5900e+03 3.0153e-12 6.6993e-01 1.8948e+03 3.8464e+03 4.4000e+03 4.3445e+19 2.1070e+19 2.1070e+19 3.5674e-02 0.0000e+00 1.3512e+05 0.0000e+00
3.6000e+03 3.0037e-12 6.6860e-01 1.8944e+03 3.8456e+03 4.4000e+03 4.3690e+19 2.1154e+19 2.1154e+19 3.5608e-02 0.0000e+00 1.3534e+05 0.0000e+00
3.6100e+03 2.9922e-12 6.6727e-01 1.8940e+03 3.8448e+03 4.4000e+03 4.3938e+19 2.1238e+19 2.1238e+19 3.5541e-02 0.0000e+00 1.3556e+05 0.0000e+00
3.6200e+03 2.9807e-12 6.6595e-01 1.8936e+03 3.8440e+03 4.4000e+03 4.4187e+19 2.1323e+19 2.1323e+19 3.5475e-02 0.0000e+00 1.3578e+05 0.0000e+00
3.6300e+03 2.9692e-12 6.6464e-01 1.8932e+03 3.8432e+03 4.4000e+03 4.4439e+19 2.1408e+19 2.1408e+19 3.5409e-02 0.0000e+00 1.3600e+05 0.0000e+00
3.6400e+03 2.9578e-12 6.6333e-01 1.8928e+03 3.8424e+03 4.4000e+03 4.4692e+19 2.1494e+19 2.1494e+19 3.5342e-02 0.0000e+00 1.3622e+05 0.0000e+00
3.6500e+03 2.9465e-12 6.6203e-01 1.8924e+03 3.8416e+03 4.4000e+03 4.4948e+19 2.1581e+19 2.1581e+19 3.5276e-02 0.0000e+00 1.3644e+05 0.0000e+00
3.6600e+03 2.9352e-12 6.6073e-01 1.8920e+03 3.8408e+03 4.4000e+03 4.5207e+19 2.1668e+19 2.1668e+19 3.5210e-02 0.0000e+00 1.3667e+05 0.0000e+00
3.6700e+03 2.9239e-12 6.5944e-01 1.8916e+03 3.8400e+03 4.4000e+03 4.5467e+19 2.1756e+19 2.1756e+19 3.5143e-02 0.0000e+00 1.3689e+05 0.0000e+00
3.6800e+03 2.9127e-12 6.5815e-01 1.8912e+03 3.8392e+03 4.4000e+03 4.5730e+19 2.1844e+19 2.1844e+19 3.5077e-02 0.0000e+00 1.3712e+05 0.0000e+00
3.6900e+03 2.9015e-12 6.5687e-01 1.8908e+03 3.8384e+03 4.4000e+03 4.5995e+19 2.1933e+19 2.1933e+19 3.5010e-02 0.0000e+00 1.3734e+05 0.0000e+00
3.7000e+03 2.8903e-12 6.5559e-01 1.8904e+03 3.8376e+03 4.4000e+03 4.6262e+19 2.2022e+19 2.2022e+19 3.4944e-02 0.0000e+00 1.3757e+05 0.0000e+00
3.7100e+03 2.8792e-12 6.5432e-01 1.8900e+03 3.8368e+03 4.4000e+03 4.6532e+19 2.2112e+19 2.2112e+19 3.4877e-02 0.0000e+00 1.3780e+05 0.0000e+00
3.7200e+03 2.8682e-12 6.5305e-01 1.8896e+03 3.8360e+03 4.4000e+03 4.6804e+19 2.2202e+19 2.2202e+19 3.4810e-02 0.0000e+00 1.3803e+05 0.0000e+00
3.7300e+03 2.8572e-12 6.5179e-01 1.8892e+03 3.8352e+03 4.4000e+03 4.7078e+19 2.2294e+19 2.2294e+19 3.4744e-02 0.0000e+00 1.3826e+05 0.0000e+00
3.7400e+03 2.8462e-12 6.5054e-01 1.8888e+03 3.8344e+03 4.4000e+03 4.7355e+19 2.2385e+19 2.2385e+19 3.4677e-02 0.0000e+00 1.3849e+05 0.0000e+00
3.7500e+03 2.8353e-12 6.4929e-01 1.8884e+03 3.8335e+03 4.4000e+03 4.7634e+19 2.2477e+19 2.2477e+19 3.4611e-02 0.0000e+00 1.3872e+05 0.0000e+00
3.7600e+03 2.8244e-12 6.4804e-01 1.8880e+03 3.8327e+03 4.4000e+03 4.7916e+19 2.2570e+19 2.2570e+19 3.4544e-02 0.0000e+00 1.3895e+05 0.0000e+00
3.7700e+03 2.8135e-12 6.4680e-01 1.8876e+03 3.8319e+03 4.4000e+03 4.8199e+19 2.2663e+19 2.2663e+19 3.4477e-02 0.0000e+00 1.3919e+05 0.0000e+00
3.7800e+03 2.8027e-12 6.4556e-01 1.8872e+03 3.8311e+03 4.4000e+03 4.8486e+19 2.2757e+19 2.2757e+19 3.4411e-02 0.0000e+00 1.3942e+05 0.0000e+00
3.7900e+03 2.7920e-12 6.4433e-01 1.8868e+03 3.8303e+03 4.4000e+03 4.8774e+19 2.2852e+19 2.2852e+19 3.4344e-02 0.0000e+00 1.3966e+05 0.0000e+00
3.8000e+03 2.7812e-12 6.4310e-01 1.8864e+03 3.8294e+03 4.4000e+03 4.9065e+19 2.2947e+19 2.2947e+19 3.4278e-02 0.0000e+00 1.3989e+05 0.0000e+00
3.8100e+03 2.7706e-12 6.4188e-01 1.8860e+03 3.8286e+03 4.4000e+03 4.9359e+19 2.3043e+19 2.3043e+19 3.4211e-02 0.0000e+00 1.4013e+05 0.0000e+00
3.8200e+03 2.7599e-12 6.4066e-01 1.8856e+03 3.8278e+03 4.4000e+03 4.9655e+19 2.3139e+19 2.3139e+19 3.4144e-02 0.0000e+00 1.4037e+05 0.0000e+00
3.8300e+03 2.7493e-12 6.3945e-01 1.8852e+03 3.8270e+03 4.4000e+03 4.9954e+19 2.3236e+19 2.3236e+19 3.4078e-02 0.0000e+00 1.4061e+05 0.0000e+00
3.8400e+03 2.7388e-12 6.3824e-01 1.8848e+03 3.8261e+03 4.4000e+03 5.0255e+19 2.3333e+19 2.3333e+19 3.4011e-02 0.0000e+00 1.4084e+05 0.0000e+00
3.8500e+03 2.7283e-12 6.3704e-01 1.8844e+03 3.8253e+03 4.4000e+03 5.0559e+19 2.3431e+19 2.3431e+19 3.3945e-02 0.0000e+00 1.4108e+05 0.0000e+00
3.8600e+03 2.7178e-12 6.3584e-01 1.8840e+03 3.8245e+03 4.4000e+03 5.0865e+19 2.3530e+19 2.3530e+19 3.3878e-02 0.0000e+00 1.4133e+05 0.0000e+00
3.8700e+03 2.7073e-12 6.3464e-01 1.8835e+03 3.8237e+03 4.4000e+03 5.1174e+19 2.3629e+19 2.3629e+19 3.3812e-02 0.0000e+00 1.4157e+05 0.0000e+00
3.8800e+03 2.6969e-12 6.3345e-01 1.8831e+03 3.8228e+03 4.4000e+03 5.1486e+19 2.3728e+19 2.3728e+19 3.3745e-02 0.0000e+00 1.4181e+05 0.0000e+00
3.8900e+03 2.6866e-12 6.3226e-01 1.8827e+03 3.8220e+03 4.4000e+03 5.1800e+19 2.3829e+19 2.3829e+19 3.3679e-02 0.0000e+00 1.4205e+05 0.0000e+00
3.9000e+03 2.6763e-12 6.3108e-01 1.8823e+03 3.8212e+03 4.4000e+03 5.2116e+19 2.3930e+19 2.3930e+19 3.3612e-02 0.0000e+00 1.4230e+05 0.0000e+00
3.9100e+03 2.6660e-12 6.2990e-01 1.8819e+03 3.8203e+03 4.4000e+03 5.2436e+19 2.4031e+19 2.4031e+19 3.3546e-02 0.0000e+00 1.4254e+05 0.0000e+00
3.9200e+03 2.6558e-12 6.2873e-01 1.8815e+03 3.8195e+03 4.4000e+03 5.2758e+19 2.4133e+19 2.4133e+19 3.3479e-02 0.0000e+00 1.4279e+05 0.0000e+00
3.9300e+03 2.6456e-12 6.2756e-01 1.8811e+03 3.8186e+03 4.4000e+03 5.3083e+19 2.4236e+19 2.4236e+19 3.3413e-02 0.0000e+00 1.4304e+05 0.0000e+00
3.9400e+03 2.6354e-12 6.2639e-01 1.8807e+03 3.8178e+03 4.4000e+03 5.3410e+19 2.4340e+19 2.4340e+19 3.3347e-02 0.0000e+00 1.4328e+05 0.0000e+00
3.9500e+03 2.6253e-12 6.2523e-01 1.8803e+03 3.8170e+03 4.4000e+03 5.3740e+19 2.4444e+19 2.4444e+19 3.3280e-02 0.0000e+00 1.4353e+05 0.0000e+00
3.9600e+03 2.6152e-12 6.2407e-01 1.8798e+03 3.8161e+03 4.4000e+03 5.4074e+19 2.4548e+19 2.4548e+19 3.3214e-02 0.0000e+00 1.4378e+05 0.0000e+00
3.9700e+03 2.6052e-12 6.2292e-01 1.8794e+03 3.8153e+03 4.4000e+03 5.4409e+19 2.4653e+19 2.4653e+19 3.3148e-02 0.0000e+00 1.4403e+05 0.0000e+00
3.9800e+03 2.5952e-12 6.2177e-01 1.8790e+03 3.8145e+03 4.4000e+03 5.4748e+19 2.4759e+19 2.4759e+19 3.3082e-02 0.0000e+00 1.4428e+05 0.0000e+00
3.9900e+03 2.5852e-12 6.2062e-01 1.8786e+03 3.8136e+03 4.4000e+03 5.5089e+19 2.4865e+19 2.4865e+19 3.3015e-02 0.0000e+00 1.4453e+05 0.0000e+00
4.0000e+03 2.5753e-12 6.1948e-01 1.8782e+03 3.8128e+03 4.4000e+03 5.5434e+19 2.4972e+19 2.4972e+19 3.2949e-02 0.0000e+00 1.4478e+05 0.0000e+00
4.0100e+03 2.5654e-12 6.1834e-01 1.8778e+03 3.8119e+03 4.4000e+03 5.5781e+19 2.5080e+19 2.5080e+19 3.2883e-02 0.0000e+00 1.4504e+05 0.0000e+00
4.0200e+03 2.5555e-12 6.1721e-01 1.8774e+03 3.8111e+03 4.4000e+03 5.6131e+19 2.5188e+19 2.5188e+19 3.2817e-02 0.0000e+00 1.4529e+05 0.0000e+00
4.0300e+03 2.5457e-12 6.1608e-01 1.8769e+03 3.8102e+03 4.4000e+03 5.6484e+19 2.5297e+19 2.5297e+19 3.2751e-02 0.0000e+00 1.4555e+05 0.0000e+00
4.0400e+03 2.5359e-12 6.1495e-01 1.8765e+03 3.8094e+03 4.4000e+03 5.6840e+19 2.5407e+19 2.5407e+19 3.2685e-02 0.0000e+00 1.4580e+05 0.0000e+00
4.0500e+03 2.5262e-12 6.1383e-01 1.8761e+03 3.8085e+03 4.4000e+03 5.7198e+19 2.5517e+19 2.5517e+19 3.2619e-02 0.0000e+00 1.4606e+05 0.0000e+00
4.0600e+03 2.5165e-12 6.1271e-01 1.8757e+03 3.8077e+03 4.4000e+03 5.7560e+19 2.5628e+19 2.5628e+19 3.2553e-02 0.0000e+00 1.4631e+05 0.0000e+00
4.0700e+03 2.5068e-12 6.1159e-01 1.8753e+03 3.8068e+03 4.4000e+03 5.7925e+19 2.5739e+19 2.5739e+19 3.2488e-02 0.0000e+00 1.4657e+05 0.0000e+00
4.0800e+03 2.4972e-12 6.1048e-01 1.8748e+03 3.8060e+03 4.4000e+03 5.8293e+19 2.5851e+19 2.5851e+19 3.2422e-02 0.0000e+00 1.4683e+05 0.0000e+00
4.0900e+03 2.4876e-12 6.0937e-01 1.8744e+03 3.8051e+03 4.4000e+03 5.8664e+19 2.5963e+19 2.5963e+19 3.2356e-02 0.0000e+00 1.4709e+05 0.0000e+00
4.1000e+03 2.4781e-12 6.0826e-01 1.8740e+03 3.8043e+03 4.4000e+03 5.9038e+19 2.6077e+19 2.6077e+19 3.2290e-02 0.0000e+00 1.4735e+05 0.0000e+00
4.1100e+03 2.4685e-12 6.0716e-01 1.8736e+03 3.8034e+03 4.4000e+03 5.9415e+19 2.6191e+19 2.6191e+19 3.2225e-02 0.0000e+00 1.4761e+05 0.0000e+00
4.1200e+03 2.4591e-12 6.0606e-01 1.8732e+03 3.8026e+03 4.4000e+03 5.9795e+19 2.6305e+19 2.6305e+19 3.2159e-02 0.0000e+00 1.4787e+05 0.0000e+00
4.1300e+03 2.4496e-12 6.0497e-01 1.8727e+03 3.8017e+03 4.4000e+03 6.0178e+19 2.6420e+19 2.6420e+19 3.2094e-02 0.0000e+00 1.4814e+05 0.0000e+00
4.1400e+03 2.4402e-12 6.0387e-01 1.8723e+03 3.8009e+03 4.4000e+03 6.0565e+19 2.6536e+19 2.6536e+19 3.2028e-02 0.0000e+00 1.4840e+05 0.0000e+00
4.1500e+03 2.4308e-12 6.0278e-01 1.8719e+03 3.8000e+03 4.4000e+03 6.0954e+19 2.6653e+19 2.6653e+19 3.1963e-02 0.0000e+00 1.4866e+05 0.0000e+00
4.1600e+03 2.4215e-12 6.0170e-01 1.8715e+03 3.7992e+03 4.4000e+03 6.1347e+19 2.6770e+19 2.6770e+19 3.1898e-02 0.0000e+00 1.4893e+05 0.0000e+00
4.1700e+03 2.4122e-12 6.0062e-01 1.8711e+03 3.7983e+03 4.4000e+03 6.1743e+19 2.6887e+19 2.6887e+19 3.1833e-02 0.0000e+00 1.4919e+05 0.0000e+00
4.1800e+03 2.4029e-12 5.9954e-01 1.8706e+03 3.7975e+03 4.4000e+03 6.2142e+19 2.7006e+19 2.7006e+19 3.1767e-02 0.0000e+00 1.4946e+05 0.0000e+00
4.1900e+03 2.3937e-12 5.9846e-01 1.8702e+03 3.7966e+03 4.4000e+03 6.2545e+19 2.7125e+19 2.7125e+19 3.1702e-02 0.0000e+00 1.4973e+05 0.0000e+00
4.2000e+03 2.3845e-12 5.9739e-01 1.8698e+03 3.7957e+03 4.4000e+03 6.2951e+19 2.7245e+19 2.7245e+19 3.1637e-02 0.0000e+00 1.4999e+05 0.0000e+00
4.2100e+03 2.3754e-12 5.9632e-01 1.8694e+03 3.7949e+03 4.4000e+03 6.3360e+19 2.7365e+19 2.7365e+19 3.1572e-02 0.0000e+00 1.5026e+05 0.0000e+00
4.2200e+03 2.3663e-12 5.9525e-01 1.8690e+03 3.7940e+03 4.4000e+03 6.3773e+19 2.7486e+19 2.7486e+19 3.1507e-02 0.0000e+00 1.5053e+05 0.0000e+00
4.2300e+03 2.3572e-12 5.9419e-01 1.8685e+03 3.7932e+03 4.4000e+03 6.4189e+19 2.7608e+19 2.7608e+19 3.1443e-02 0.0000e+00 1.5080e+05 0.0000e+00
4.2400e+03 2.3481e-12 5.9313e-01 1.8681e+03 3.7923e+03 4.4000e+03 6.4608e+19 2.7730e+19 2.7730e+19 3.1378e-02 0.0000e+00 1.5107e+05 0.0000e+00
4.2500e+03 2.3391e-12 5.9207e-01 1.8677e+03 3.7915e+03 4.4000e+03 6.5031e+19 2.7853e+19 2.7853e+19 3.1313e-02 0.0000e+00 1.5134e+05 0.0000e+00
4.2600e+03 2.3301e-12 5.9102e-01 1.8673e+03 3.7906e+03 4.4000e+03 6.5457e+19 2.7977e+19 2.7977e+19 3.1248e-02 0.0000e+00 1.5162e+05 0.0000e+00
4.2700e+03 2.3212e-12 5.8997e-01 1.8668e+03 3.7897e+03 4.4000e+03 6.5887e+19 2.8101e+19 2.8101e+19 3.1184e-02 0.0000e+00 1.5189e+05 0.0000e+00
4.2800e+03 2.3123e-12 5.8892e-01 1.8664e+03 3.7889e+03 4.4000e+03 6.6320e+19 2.8226e+19 2.8226e+19 3.1119e-02 0.0000e+00 1.5216e+05 0.0000e+00
4.2900e+03 2.3034e-12 5.8787e-01 1.8660e+03 3.7880e+03 4.4000e+03 6.6757e+19 2.8352e+19 2.8352e+19 3.1055e-02 0.0000e+00 1.5244e+05 0.0000e+00
4.3000e+03 2.2945e-12 5.8683e-01 1.8656e+03 3.7872e+03 4.4000e+03 6.7198e+19 2.8478e+19 2.8478e+19 3.0991e-02 0.0000e+00 1.5271e+05 0.0000e+00
4.3100e+03 2.2857e-12 5.8579e-01 1.8651e+03 3.7863e+03 4.4000e+03 6.7642e+19 2.8605e+19 2.8605e+19 3.0927e-02 0.0000e+00 1.5299e+05 0.0000e+00
4.3200e+03 2.2769e-12 5.8476e-01 1.8647e+03 3.7854e+03 4.4000e+03 6.8089e+19 2.8733e+19 2.8733e+19 3.0862e-02 0.0000e+00 1.5327e+05 0.0000e+00
4.3300e+03 2.2682e-12 5.8372e-01 1.8643e+03 3.7846e+03 4.4000e+03 6.8541e+19 2.8861e+19 2.8861e+19 3.0798e-02 0.0000e+00 1.5354e+05 0.0000e+00
4.3400e+03 2.2595e-12 5.8269e-01 1.8639e+03 3.7837e+03 4.4000e+03 6.8996e+19 2.8991e+19 2.8991e+19 3.0734e-02 0.0000e+00 1.5382e+05 0.0000e+00
4.3500e+03 2.2508e-12 5.8166e-01 1.8634e+03 3.7828e+03 4.4000e+03 6.9454e+19 2.9120e+19 2.9120e+19 3.0671e-02 0.0000e+00 1.5410e+05 0.0000e+00
4.3600e+03 2.2422e-12 5.8064e-01 1.8630e+03 3.7820e+03 4.4000e+03 6.9917e+19 2.9251e+19 2.9251e+19 3.0607e-02 0.0000e+00 1.5438e+05 0.0000e+00
4.3700e+03 2.2336e-12 5.7961e-01 1.8626e+03 3.7811e+03 4.4000e+03 7.0383e+19 2.9382e+19 2.9382e+19 3.0543e-02 0.0000e+00 1.5466e+05 0.0000e+00
4.3800e+03 2.2250e-12 5.7859e-01 1.8622e+03 3.7802e+03 4.4000e+03 7.0853e+19 2.9514e+19 2.9514e+19 3.0479e-02 0.0000e+00 1.5494e+05 0.0000e+00
4.3900e+03 2.2164e-12 5.7758e-01 1.8617e+03 3.7794e+03 4.4000e+03 7.1327e+19 2.9646e+19 2.9646e+19 3.0416e-02 0.0000e+00 1.5522e+05 0.0000e+00
4.4000e+03 2.2079e-12 5.7656e-01 1.8613e+03 3.7785e+03 4.4000e+03 7.1805e+19 2.9780e+19 2.9780e+19 3.0352e-02 0.0000e+00 1.5551e+05 0.0000e+00
4.4100e+03 2.1994e-12 5.7555e-01 1.8609e+03 3.7777e+03 4.4000e+03 7.2286e+19 2.9914e+19 2.9914e+19 3.0289e-02 0.0000e+00 1.5579e+05 0.0000e+00
4.4200e+03 2.1910e-12 5.7454e-01 1.8605e+03 3.7768e+03 4.4000e+03 7.2772e+19 3.0048e+19 3.0048e+19 3.0226e-02 0.0000e+00 1.5607e+05 0.0000e+00
4.4300e+03 2.1826e-12 5.7353e-01 1.8600e+03 3.7759e+03 4.4000e+03 7.3261e+19 3.0184e+19 3.0184e+19 3.0162e-02 0.0000e+00 1.5636e+05 0.0000e+00
4.4400e+03 2.1742e-12 5.7253e-01 1.8596e+03 3.7751e+03 4.4000e+03 7.3755e+19 3.0320e+19 3.0320e+19 3.0099e-02 0.0000e+00 1.5664e+05 0.0000e+00
4.4500e+03 2.1659e-12 5.7153e-01 1.8592e+03 3.7742e+03 4.4000e+03 7.4252e+19 3.0457e+19 3.0457e+19 3.0036e-02 0.0000e+00 1.5693e+05 0.0000e+00
4.4600e+03 2.1575e-12 5.7053e-01 1.8588e+03 3.7733e+03 4.4000e+03 7.4754e+19 3.0594e+19 3.0594e+19 2.9973e-02 0.0000e+00 1.5722e+05 0.0000e+00
4.4700e+03 2.1493e-12 5.6953e-01 1.8583e+03 3.7725e+03 4.4000e+03 7.5260e+19 3.0732e+19 3.0732e+19 2.9911e-02 0.0000e+00 1.5750e+05 0.0000e+00
4.4800e+03 2.1410e-12 5.6854e-01 1.8579e+03 3.7716e+03 4.4000e+03 7.5769e+19 3.0871e+19 3.0871e+19 2.9848e-02 0.0000e+00 1.5779e+05 0.0000e+00
4.4900e+03 2.1328e-12 5.6754e-01 1.8575e+03 3.7707e+03 4.4000e+03 7.6283e+19 3.1011e+19 3.1011e+19 2.9785e-02 0.0000e+00 1.5808e+05 0.0000e+00
4.5000e+03 2.1246e-12 5.6655e-01 1.8570e+03 3.7699e+03 4.4000e+03 7.6801e+19 3.1151e+19 3.1151e+19 2.9723e-02 0.0000e+00 1.5837e+05 0.0000e+00
4.5100e+03 2.1164e-12 5.6557e-01 1.8566e+03 3.7690e+03 4.4000e+03 7.7324e+19 3.1293e+19 3.1293e+19 2.9660e-02 0.0000e+00 1.5866e+05 0.0000e+00
4.5200e+03 2.1083e-12 5.6458e-01 1.8562e+03 3.7681e+03 4.4000e+03 7.7850e+19 3.1434e+19 3.1434e+19 2.9598e-02 0.0000e+00 1.5895e+05 0.0000e+00
4.5300e+03 2.1002e-12 5.6360e-01 1.8558e+03 3.7673e+03 4.4000e+03 7.8381e+19 3.1577e+19 3.1577e+19 2.9536e-02 0.0000e+00 1.5924e+05 0.0000e+00
4.5400e+03 2.0921e-12 5.6262e-01 1.8553e+03 3.7664e+03 4.4000e+03 7.8916e+19 3.1720e+19 3.1720e+19 2.9473e-02 0.0000e+00 1.5953e+05 0.0000e+00
4.5500e+03 0.0000e+00 0.0000e+00 1.8549e+03 0.0000e+00 4.4000e+03 0.0000e+00 0.0000e+00 0.0000e+00 0.0000e+00 0.0000e+00 0.0000e+00 0.0000e+00
