0.0000e+00 4.8000e-11 2.9470e+01 1.7000e+03 3.4510e+03 4.4000e+03 2.2229e+20 1.9129e+20 1.9129e+20 1.2910e-02 0.0000e+00 3.2813e+05 0.0000e+00
1.0000e+01 4.7816e-11 2.7389e+01 1.7122e+03 3.4758e+03 4.4000e+03 1.6116e+21 1.6419e+20 1.6419e+20 1.3837e-02 0.0000e+00 3.0877e+05 0.0000e+00
2.0000e+01 4.7632e-11 2.5487e+01 1.7243e+03 3.5004e+03 4.4000e+03 1.1782e+21 1.4137e+20 1.4137e+20 1.4813e-02 0.0000e+00 2.9089e+05 0.0000e+00
3.0000e+01 4.7449e-11 2.3747e+01 1.7363e+03 3.5248e+03 4.4000e+03 8.7587e+20 1.2210e+20 1.2210e+20 1.5837e-02 0.0000e+00 2.7436e+05 0.0000e+00
4.0000e+01 4.7267e-11 2.2154e+01 1.7483e+03 3.5490e+03 4.4000e+03 6.6111e+20 1.0577e+20 1.0577e+20 1.6911e-02 0.0000e+00 2.5906e+05 0.0000e+00
5.0000e+01 4.7085e-11 2.0693e+01 1.7601e+03 3.5731e+03 4.4000e+03 5.0607e+20 9.1897e+19 9.1897e+19 1.8035e-02 0.0000e+00 2.4487e+05 0.0000e+00
6.0000e+01 4.6905e-11 1.9351e+01 1.7719e+03 3.5970e+03 4.4000e+03 3.9244e+20 8.0071e+19 8.0071e+19 1.9212e-02 0.0000e+00 2.3172e+05 0.0000e+00
7.0000e+01 4.6725e-11 1.8117e+01 1.7836e+03 3.6207e+03 4.4000e+03 3.0799e+20 6.9963e+19 6.9963e+19 2.0441e-02 0.0000e+00 2.1950e+05 0.0000e+00
8.0000e+01 4.6545e-11 1.6982e+01 1.7952e+03 3.6443e+03 4.4000e+03 2.4441e+20 6.1300e+19 6.1300e+19 2.1724e-02 0.0000e+00 2.0814e+05 0.0000e+00
9.0000e+01 4.6366e-11 1.5936e+01 1.8067e+03 3.6677e+03 4.4000e+03 1.9596e+20 5.3854e+19 5.3854e+19 2.3061e-02 0.0000e+00 1.9757e+05 0.0000e+00
1.0000e+02 4.6188e-11 1.4971e+01 1.8181e+03 3.6908e+03 4.4000e+03 1.5863e+20 4.7439e+19 4.7439e+19 2.4453e-02 0.0000e+00 1.8772e+05 0.0000e+00
1.1000e+02 4.6011e-11 1.4080e+01 1.8295e+03 3.7138e+03 4.4000e+03 1.2955e+20 4.1896e+19 4.1896e+19 2.5901e-02 0.0000e+00 1.7854e+05 0.0000e+00
1.2000e+02 4.5834e-11 1.3256e+01 1.8407e+03 3.7366e+03 4.4000e+03 1.0669e+20 3.7095e+19 3.7095e+19 2.7405e-02 0.0000e+00 1.6997e+05 0.0000e+00
1.3000e+02 4.5658e-11 1.2494e+01 1.8518e+03 3.7593e+03 4.4000e+03 8.8551e+19 3.2927e+19 3.2927e+19 2.8966e-02 0.0000e+00 1.6197e+05 0.0000e+00
1.4000e+02 4.5483e-11 1.1787e+01 1.8629e+03 3.7817e+03 4.4000e+03 7.4033e+19 2.9299e+19 2.9299e+19 3.0583e-02 0.0000e+00 1.5448e+05 0.0000e+00
1.5000e+02 4.5308e-11 1.1133e+01 1.8738e+03 3.8039e+03 4.4000e+03 6.2320e+19 2.6133e+19 2.6133e+19 3.2258e-02 0.0000e+00 1.4748e+05 0.0000e+00
1.6000e+02 4.5134e-11 1.0525e+01 1.8846e+03 3.8259e+03 4.4000e+03 5.2799e+19 2.3365e+19 2.3365e+19 3.3989e-02 0.0000e+00 1.4092e+05 0.0000e+00
1.7000e+02 4.4961e-11 9.9603e+00 1.8954e+03 3.8477e+03 4.4000e+03 4.5005e+19 2.0939e+19 2.0939e+19 3.5778e-02 0.0000e+00 1.3478e+05 0.0000e+00
1.8000e+02 4.4788e-11 9.4353e+00 1.9060e+03 3.8692e+03 4.4000e+03 3.8582e+19 1.8808e+19 1.8808e+19 3.7624e-02 0.0000e+00 1.2901e+05 0.0000e+00
1.9000e+02 4.4616e-11 8.9467e+00 1.9165e+03 3.8906e+03 4.4000e+03 3.3255e+19 1.6931e+19 1.6931e+19 3.9526e-02 0.0000e+00 1.2360e+05 0.0000e+00
2.0000e+02 4.4445e-11 8.4915e+00 1.9269e+03 3.9117e+03 4.4000e+03 2.8812e+19 1.5276e+19 1.5276e+19 4.1485e-02 0.0000e+00 1.1852e+05 0.0000e+00
2.1000e+02 4.4274e-11 8.0671e+00 1.9372e+03 3.9327e+03 4.4000e+03 2.5083e+19 1.3812e+19 1.3812e+19 4.3500e-02 0.0000e+00 1.1374e+05 0.0000e+00
2.2000e+02 4.4104e-11 7.6711e+00 1.9474e+03 3.9534e+03 4.4000e+03 2.1939e+19 1.2516e+19 1.2516e+19 4.5570e-02 0.0000e+00 1.0925e+05 0.0000e+00
2.3000e+02 4.3935e-11 7.3012e+00 1.9575e+03 3.9738e+03 4.4000e+03 1.9273e+19 1.1365e+19 1.1365e+19 4.7695e-02 0.0000e+00 1.0501e+05 0.0000e+00
2.4000e+02 4.3766e-11 6.9555e+00 1.9675e+03 3.9940e+03 4.4000e+03 1.7003e+19 1.0341e+19 1.0341e+19 4.9873e-02 0.0000e+00 1.0103e+05 0.0000e+00
2.5000e+02 4.3598e-11 6.6321e+00 1.9773e+03 4.0140e+03 4.4000e+03 1.5060e+19 9.4289e+18 9.4289e+18 5.2104e-02 0.0000e+00 9.7267e+04 0.0000e+00
2.6000e+02 4.3431e-11 6.3294e+00 1.9871e+03 4.0338e+03 4.4000e+03 1.3391e+19 8.6144e+18 8.6144e+18 5.4386e-02 0.0000e+00 9.3722e+04 0.0000e+00
2.7000e+02 4.3264e-11 6.0458e+00 1.9967e+03 4.0533e+03 4.4000e+03 1.1950e+19 7.8858e+18 7.8858e+18 5.6719e-02 0.0000e+00 9.0375e+04 0.0000e+00
2.8000e+02 4.3098e-11 5.7798e+00 2.0062e+03 4.0726e+03 4.4000e+03 1.0702e+19 7.2328e+18 7.2328e+18 5.9101e-02 0.0000e+00 8.7215e+04 0.0000e+00
2.9000e+02 4.2932e-11 5.5303e+00 2.0155e+03 4.0916e+03 4.4000e+03 9.6163e+18 6.6467e+18 6.6467e+18 6.1530e-02 0.0000e+00 8.4228e+04 0.0000e+00
3.0000e+02 4.2768e-11 5.2960e+00 2.0248e+03 4.1103e+03 4.4000e+03 8.6690e+18 6.1196e+18 6.1196e+18 6.4005e-02 0.0000e+00 8.1404e+04 0.0000e+00
3.1000e+02 4.2603e-11 5.0759e+00 2.0339e+03 4.1288e+03 4.4000e+03 7.8395e+18 5.6447e+18 5.6447e+18 6.6525e-02 0.0000e+00 7.8732e+04 0.0000e+00
3.2000e+02 4.2440e-11 4.8689e+00 2.0429e+03 4.1471e+03 4.4000e+03 7.1107e+18 5.2162e+18 5.2162e+18 6.9087e-02 0.0000e+00 7.6203e+04 0.0000e+00
3.3000e+02 4.2277e-11 4.6741e+00 2.0517e+03 4.1651e+03 4.4000e+03 6.4683e+18 4.8290e+18 4.8290e+18 7.1689e-02 0.0000e+00 7.3808e+04 0.0000e+00
3.4000e+02 4.2114e-11 4.4908e+00 2.0605e+03 4.1828e+03 4.4000e+03 5.9005e+18 4.4784e+18 4.4784e+18 7.4330e-02 0.0000e+00 7.1538e+04 0.0000e+00
3.5000e+02 4.1953e-11 4.3180e+00 2.0691e+03 4.2003e+03 4.4000e+03 5.3970e+18 4.1605e+18 4.1605e+18 7.7007e-02 0.0000e+00 6.9387e+04 0.0000e+00
3.6000e+02 4.1792e-11 4.1552e+00 2.0775e+03 4.2175e+03 4.4000e+03 4.9494e+18 3.8719e+18 3.8719e+18 7.9718e-02 0.0000e+00 6.7346e+04 0.0000e+00
3.7000e+02 4.1631e-11 4.0015e+00 2.0859e+03 4.2344e+03 4.4000e+03 4.5504e+18 3.6093e+18 3.6093e+18 8.2461e-02 0.0000e+00 6.5409e+04 0.0000e+00
3.8000e+02 4.1471e-11 3.8565e+00 2.0941e+03 4.2511e+03 4.4000e+03 4.1938e+18 3.3702e+18 3.3702e+18 8.5233e-02 0.0000e+00 6.3570e+04 0.0000e+00
3.9000e+02 4.1312e-11 3.7195e+00 2.1022e+03 4.2675e+03 4.4000e+03 3.8743e+18 3.1521e+18 3.1521e+18 8.8032e-02 0.0000e+00 6.1824e+04 0.0000e+00
4.0000e+02 4.1153e-11 3.5901e+00 2.1101e+03 4.2836e+03 4.4000e+03 3.5874e+18 2.9529e+18 2.9529e+18 9.0856e-02 0.0000e+00 6.0164e+04 0.0000e+00
4.1000e+02 4.0995e-11 3.4677e+00 2.1179e+03 4.2994e+03 4.4000e+03 3.3292e+18 2.7707e+18 2.7707e+18 9.3702e-02 0.0000e+00 5.8587e+04 0.0000e+00
4.2000e+02 4.0838e-11 3.3519e+00 2.1256e+03 4.3150e+03 4.4000e+03 3.0962e+18 2.6038e+18 2.6038e+18 9.6567e-02 0.0000e+00 5.7087e+04 0.0000e+00
4.3000e+02 4.0681e-11 3.2422e+00 2.1331e+03 4.3303e+03 4.4000e+03 2.8856e+18 2.4507e+18 2.4507e+18 9.9449e-02 0.0000e+00 5.5660e+04 0.0000e+00
4.4000e+02 4.0525e-11 3.1384e+00 2.1405e+03 4.3453e+03 4.4000e+03 2.6948e+18 2.3101e+18 2.3101e+18 1.0234e-01 0.0000e+00 5.4302e+04 0.0000e+00
4.5000e+02 4.0369e-11 3.0400e+00 2.1478e+03 4.3600e+03 4.4000e+03 2.5216e+18 2.1808e+18 2.1808e+18 1.0525e-01 0.0000e+00 5.3009e+04 0.0000e+00
4.6000e+02 4.0214e-11 2.9467e+00 2.1549e+03 4.3744e+03 4.4000e+03 2.3641e+18 2.0618e+18 2.0618e+18 1.0817e-01 0.0000e+00 5.1777e+04 0.0000e+00
4.7000e+02 4.0060e-11 2.8582e+00 2.1619e+03 4.3886e+03 4.4000e+03 2.2207e+18 1.9521e+18 1.9521e+18 1.1109e-01 0.0000e+00 5.0604e+04 0.0000e+00
4.8000e+02 3.9906e-11 2.7742e+00 2.1687e+03 4.4025e+03 4.4000e+03 2.0897e+18 1.8508e+18 1.8508e+18 1.1401e-01 0.0000e+00 4.9486e+04 0.0000e+00
4.9000e+02 3.9753e-11 2.6944e+00 2.1754e+03 4.4161e+03 4.4000e+03 1.9700e+18 1.7573e+18 1.7573e+18 1.1694e-01 0.0000e+00 4.8420e+04 0.0000e+00
5.0000e+02 3.9600e-11 2.6186e+00 2.1820e+03 4.4295e+03 4.4000e+03 1.8604e+18 1.6708e+18 1.6708e+18 1.1986e-01 0.0000e+00 4.7404e+04 0.0000e+00
5.1000e+02 3.9448e-11 2.5465e+00 2.1884e+03 4.4425e+03 4.4000e+03 1.7598e+18 1.5906e+18 1.5906e+18 1.2278e-01 0.0000e+00 4.6434e+04 0.0000e+00
5.2000e+02 3.9297e-11 2.4780e+00 2.1947e+03 4.4553e+03 4.4000e+03 1.6674e+18 1.5163e+18 1.5163e+18 1.2569e-01 0.0000e+00 4.5510e+04 0.0000e+00
5.3000e+02 3.9146e-11 2.4128e+00 2.2009e+03 4.4678e+03 4.4000e+03 1.5824e+18 1.4474e+18 1.4474e+18 1.2859e-01 0.0000e+00 4.4627e+04 0.0000e+00
5.4000e+02 3.8995e-11 2.3508e+00 2.2069e+03 4.4800e+03 4.4000e+03 1.5041e+18 1.3834e+18 1.3834e+18 1.3148e-01 0.0000e+00 4.3784e+04 0.0000e+00
5.5000e+02 3.8846e-11 2.2917e+00 2.2128e+03 4.4920e+03 4.4000e+03 1.4319e+18 1.3238e+18 1.3238e+18 1.3435e-01 0.0000e+00 4.2980e+04 0.0000e+00
5.6000e+02 3.8696e-11 2.2354e+00 2.2185e+03 4.5037e+03 4.4000e+03 1.3652e+18 1.2684e+18 1.2684e+18 1.3720e-01 0.0000e+00 4.2211e+04 0.0000e+00
5.7000e+02 3.8548e-11 2.1818e+00 2.2241e+03 4.5151e+03 4.4000e+03 1.3034e+18 1.2168e+18 1.2168e+18 1.4004e-01 0.0000e+00 4.1478e+04 0.0000e+00
5.8000e+02 3.8400e-11 2.1306e+00 2.2296e+03 4.5262e+03 4.4000e+03 1.2462e+18 1.1686e+18 1.1686e+18 1.4285e-01 0.0000e+00 4.0776e+04 0.0000e+00
5.9000e+02 3.8252e-11 2.0818e+00 2.2350e+03 4.5371e+03 4.4000e+03 1.1932e+18 1.1237e+18 1.1237e+18 1.4564e-01 0.0000e+00 4.0106e+04 0.0000e+00
6.0000e+02 3.8105e-11 2.0352e+00 2.2402e+03 4.5477e+03 4.4000e+03 1.1440e+18 1.0817e+18 1.0817e+18 1.4840e-01 0.0000e+00 3.9466e+04 0.0000e+00
6.1000e+02 3.7959e-11 1.9908e+00 2.2453e+03 4.5580e+03 4.4000e+03 1.0982e+18 1.0425e+18 1.0425e+18 1.5113e-01 0.0000e+00 3.8854e+04 0.0000e+00
6.2000e+02 3.7813e-11 1.9483e+00 2.2503e+03 4.5681e+03 4.4000e+03 1.0556e+18 1.0058e+18 1.0058e+18 1.5383e-01 0.0000e+00 3.8269e+04 0.0000e+00
6.3000e+02 3.7668e-11 1.9078e+00 2.2551e+03 4.5779e+03 4.4000e+03 1.0160e+18 9.7142e+17 9.7142e+17 1.5650e-01 0.0000e+00 3.7709e+04 0.0000e+00
6.4000e+02 3.7524e-11 1.8690e+00 2.2598e+03 4.5875e+03 4.4000e+03 9.7901e+17 9.3921e+17 9.3921e+17 1.5913e-01 0.0000e+00 3.7174e+04 0.0000e+00
6.5000e+02 3.7379e-11 1.8319e+00 2.2644e+03 4.5968e+03 4.4000e+03 9.4451e+17 9.0900e+17 9.0900e+17 1.6172e-01 0.0000e+00 3.6663e+04 0.0000e+00
6.6000e+02 3.7236e-11 1.7965e+00 2.2689e+03 4.6059e+03 4.4000e+03 9.1228e+17 8.8066e+17 8.8066e+17 1.6428e-01 0.0000e+00 3.6173e+04 0.0000e+00
6.7000e+02 3.7093e-11 1.7626e+00 2.2732e+03 4.6147e+03 4.4000e+03 8.8215e+17 8.5404e+17 8.5404e+17 1.6680e-01 0.0000e+00 3.5705e+04 0.0000e+00
6.8000e+02 3.6950e-11 1.7301e+00 2.2774e+03 4.6232e+03 4.4000e+03 8.5395e+17 8.2903e+17 8.2903e+17 1.6928e-01 0.0000e+00 3.5258e+04 0.0000e+00
6.9000e+02 3.6809e-11 1.6990e+00 2.2815e+03 4.6316e+03 4.4000e+03 8.2755e+17 8.0552e+17 8.0552e+17 1.7171e-01 0.0000e+00 3.4829e+04 0.0000e+00
7.0000e+02 3.6667e-11 1.6693e+00 2.2855e+03 4.6396e+03 4.4000e+03 8.0281e+17 7.8340e+17 7.8340e+17 1.7410e-01 0.0000e+00 3.4420e+04 0.0000e+00
7.1000e+02 3.6526e-11 1.6408e+00 2.2894e+03 4.6475e+03 4.4000e+03 7.7960e+17 7.6257e+17 7.6257e+17 1.7645e-01 0.0000e+00 3.4028e+04 0.0000e+00
7.2000e+02 3.6386e-11 1.6134e+00 2.2931e+03 4.6551e+03 4.4000e+03 7.5782e+17 7.4296e+17 7.4296e+17 1.7875e-01 0.0000e+00 3.3653e+04 0.0000e+00
7.3000e+02 3.6246e-11 1.5872e+00 2.2967e+03 4.6625e+03 4.4000e+03 7.3737e+17 7.2449e+17 7.2449e+17 1.8100e-01 0.0000e+00 3.3294e+04 0.0000e+00
7.4000e+02 3.6107e-11 1.5621e+00 2.3003e+03 4.6696e+03 4.4000e+03 7.1815e+17 7.0707e+17 7.0707e+17 1.8321e-01 0.0000e+00 3.2951e+04 0.0000e+00
7.5000e+02 3.5969e-11 1.5380e+00 2.3037e+03 4.6766e+03 4.4000e+03 7.0007e+17 6.9064e+17 6.9064e+17 1.8536e-01 0.0000e+00 3.2623e+04 0.0000e+00
7.6000e+02 3.5830e-11 1.5149e+00 2.3070e+03 4.6833e+03 4.4000e+03 6.8307e+17 6.7514e+17 6.7514e+17 1.8747e-01 0.0000e+00 3.2309e+04 0.0000e+00
7.7000e+02 3.5693e-11 1.4926e+00 2.3102e+03 4.6898e+03 4.4000e+03 6.6707e+17 6.6051e+17 6.6051e+17 1.8953e-01 0.0000e+00 3.2009e+04 0.0000e+00
7.8000e+02 3.5556e-11 1.4713e+00 2.3133e+03 4.6960e+03 4.4000e+03 6.5199e+17 6.4670e+17 6.4670e+17 1.9154e-01 0.0000e+00 3.1722e+04 0.0000e+00
7.9000e+02 3.5419e-11 1.4509e+00 2.3163e+03 4.7021e+03 4.4000e+03 6.3779e+17 6.3365e+17 6.3365e+17 1.9349e-01 0.0000e+00 3.1447e+04 0.0000e+00
8.0000e+02 3.5283e-11 1.4312e+00 2.3192e+03 4.7080e+03 4.4000e+03 6.2441e+17 6.2132e+17 6.2132e+17 1.9540e-01 0.0000e+00 3.1185e+04 0.0000e+00
8.1000e+02 3.5148e-11 1.4123e+00 2.3220e+03 4.7137e+03 4.4000e+03 6.1179e+17 6.0967e+17 6.0967e+17 1.9726e-01 0.0000e+00 3.0934e+04 0.0000e+00
8.2000e+02 3.5013e-11 1.3941e+00 2.3247e+03 4.7191e+03 4.4000e+03 5.9989e+17 5.9866e+17 5.9866e+17 1.9906e-01 0.0000e+00 3.0694e+04 0.0000e+00
8.3000e+02 3.4878e-11 1.3766e+00 2.3273e+03 4.7244e+03 4.4000e+03 5.8866e+17 5.8825e+17 5.8825e+17 2.0081e-01 0.0000e+00 3.0465e+04 0.0000e+00
8.4000e+02 3.4744e-11 1.3598e+00 2.3298e+03 4.7295e+03 4.4000e+03 5.7806e+17 5.7841e+17 5.7841e+17 2.0251e-01 0.0000e+00 3.0246e+04 0.0000e+00
8.5000e+02 3.4611e-11 1.3437e+00 2.3322e+03 4.7344e+03 4.4000e+03 5.6806e+17 5.6910e+17 5.6910e+17 2.0416e-01 0.0000e+00 3.0038e+04 0.0000e+00
8.6000e+02 3.4478e-11 1.3281e+00 2.3345e+03 4.7391e+03 4.4000e+03 5.5861e+17 5.6030e+17 5.6030e+17 2.0576e-01 0.0000e+00 2.9838e+04 0.0000e+00
8.7000e+02 3.4346e-11 1.3131e+00 2.3368e+03 4.7437e+03 4.4000e+03 5.4970e+17 5.5197e+17 5.5197e+17 2.0731e-01 0.0000e+00 2.9648e+04 0.0000e+00
8.8000e+02 3.4214e-11 1.2987e+00 2.3389e+03 4.7480e+03 4.4000e+03 5.4128e+17 5.4410e+17 5.4410e+17 2.0880e-01 0.0000e+00 2.9466e+04 0.0000e+00
8.9000e+02 3.4082e-11 1.2848e+00 2.3410e+03 4.7522e+03 4.4000e+03 5.3333e+17 5.3665e+17 5.3665e+17 2.1025e-01 0.0000e+00 2.9293e+04 0.0000e+00
9.0000e+02 3.3952e-11 1.2715e+00 2.3430e+03 4.7563e+03 4.4000e+03 5.2582e+17 5.2961e+17 5.2961e+17 2.1165e-01 0.0000e+00 2.9128e+04 0.0000e+00
9.1000e+02 3.3821e-11 1.2586e+00 2.3449e+03 4.7601e+03 4.4000e+03 5.1874e+17 5.2295e+17 5.2295e+17 2.1299e-01 0.0000e+00 2.8971e+04 0.0000e+00
9.2000e+02 3.3691e-11 1.2462e+00 2.3467e+03 4.7639e+03 4.4000e+03 5.1205e+17 5.1666e+17 5.1666e+17 2.1429e-01 0.0000e+00 2.8821e+04 0.0000e+00
9.3000e+02 3.3562e-11 1.2342e+00 2.3484e+03 4.7674e+03 4.4000e+03 5.0573e+17 5.1071e+17 5.1071e+17 2.1554e-01 0.0000e+00 2.8679e+04 0.0000e+00
9.4000e+02 3.3433e-11 1.2227e+00 2.3501e+03 4.7708e+03 4.4000e+03 4.9977e+17 5.0509e+17 5.0509e+17 2.1673e-01 0.0000e+00 2.8543e+04 0.0000e+00
9.5000e+02 3.3305e-11 1.2115e+00 2.3517e+03 4.7740e+03 4.4000e+03 4.9415e+17 4.9979e+17 4.9979e+17 2.1788e-01 0.0000e+00 2.8415e+04 0.0000e+00
9.6000e+02 3.3177e-11 1.2008e+00 2.3532e+03 4.7772e+03 4.4000e+03 4.8885e+17 4.9478e+17 4.9478e+17 2.1899e-01 0.0000e+00 2.8292e+04 0.0000e+00
9.7000e+02 3.3049e-11 1.1904e+00 2.3547e+03 4.7801e+03 4.4000e+03 4.8385e+17 4.9005e+17 4.9005e+17 2.2005e-01 0.0000e+00 2.8176e+04 0.0000e+00
9.8000e+02 3.2923e-11 1.1804e+00 2.3561e+03 4.7829e+03 4.4000e+03 4.7915e+17 4.8559e+17 4.8559e+17 2.2106e-01 0.0000e+00 2.8066e+04 0.0000e+00
9.9000e+02 3.2796e-11 1.1708e+00 2.3574e+03 4.7856e+03 4.4000e+03 4.7471e+17 4.8139e+17 4.8139e+17 2.2202e-01 0.0000e+00 2.7962e+04 0.0000e+00
1.0000e+03 3.2670e-11 1.1615e+00 2.3587e+03 4.7882e+03 4.4000e+03 4.7054e+17 4.7744e+17 4.7744e+17 2.2294e-01 0.0000e+00 2.7863e+04 0.0000e+00
1.0100e+03 3.2545e-11 1.1525e+00 2.3599e+03 4.7906e+03 4.4000e+03 4.6662e+17 4.7372e+17 4.7372e+17 2.2382e-01 0.0000e+00 2.7770e+04 0.0000e+00
1.0200e+03 3.2420e-11 1.1438e+00 2.3610e+03 4.7929e+03 4.4000e+03 4.6294e+17 4.7022e+17 4.7022e+17 2.2466e-01 0.0000e+00 2.7682e+04 0.0000e+00
1.0300e+03 3.2295e-11 1.1354e+00 2.3621e+03 4.7951e+03 4.4000e+03 4.5949e+17 4.6694e+17 4.6694e+17 2.2545e-01 0.0000e+00 2.7599e+04 0.0000e+00
1.0400e+03 3.2171e-11 1.1273e+00 2.3631e+03 4.7971e+03 4.4000e+03 4.5625e+17 4.6386e+17 4.6386e+17 2.2620e-01 0.0000e+00 2.7521e+04 0.0000e+00
1.0500e+03 3.2048e-11 1.1194e+00 2.3640e+03 4.7991e+03 4.4000e+03 4.5322e+17 4.6098e+17 4.6098e+17 2.2691e-01 0.0000e+00 2.7448e+04 0.0000e+00
1.0600e+03 3.1925e-11 1.1119e+00 2.3649e+03 4.8009e+03 4.4000e+03 4.5039e+17 4.5828e+17 4.5828e+17 2.2758e-01 0.0000e+00 2.7379e+04 0.0000e+00
1.0700e+03 3.1802e-11 1.1045e+00 2.3658e+03 4.8026e+03 4.4000e+03 4.4775e+17 4.5577e+17 4.5577e+17 2.2821e-01 0.0000e+00 2.7314e+04 0.0000e+00
1.0800e+03 3.1680e-11 1.0974e+00 2.3666e+03 4.8042e+03 4.4000e+03 4.4529e+17 4.5342e+17 4.5342e+17 2.2880e-01 0.0000e+00 2.7254e+04 0.0000e+00
1.0900e+03 3.1558e-11 1.0906e+00 2.3673e+03 4.8057e+03 4.4000e+03 4.4301e+17 4.5125e+17 4.5125e+17 2.2935e-01 0.0000e+00 2.7198e+04 0.0000e+00
1.1000e+03 3.1437e-11 1.0839e+00 2.3680e+03 4.8071e+03 4.4000e+03 4.4089e+17 4.4923e+17 4.4923e+17 2.2987e-01 0.0000e+00 2.7145e+04 0.0000e+00
1.1100e+03 3.1316e-11 1.0775e+00 2.3686e+03 4.8084e+03 4.4000e+03 4.3893e+17 4.4736e+17 4.4736e+17 2.3035e-01 0.0000e+00 2.7097e+04 0.0000e+00
1.1200e+03 3.1196e-11 1.0713e+00 2.3692e+03 4.8096e+03 4.4000e+03 4.3713e+17 4.4564e+17 4.4564e+17 2.3080e-01 0.0000e+00 2.7052e+04 0.0000e+00
1.1300e+03 3.1076e-11 1.0653e+00 2.3698e+03 4.8107e+03 4.4000e+03 4.3548e+17 4.4406e+17 4.4406e+17 2.3121e-01 0.0000e+00 2.7011e+04 0.0000e+00
1.1400e+03 3.0957e-11 1.0595e+00 2.3703e+03 4.8117e+03 4.4000e+03 4.3397e+17 4.4262e+17 4.4262e+17 2.3159e-01 0.0000e+00 2.6974e+04 0.0000e+00
1.1500e+03 3.0838e-11 1.0538e+00 2.3707e+03 4.8126e+03 4.4000e+03 4.3260e+17 4.4131e+17 4.4131e+17 2.3194e-01 0.0000e+00 2.6939e+04 0.0000e+00
1.1600e+03 3.0720e-11 1.0484e+00 2.3711e+03 4.8135e+03 4.4000e+03 4.3135e+17 4.4013e+17 4.4013e+17 2.3225e-01 0.0000e+00 2.6908e+04 0.0000e+00
1.1700e+03 3.0602e-11 1.0431e+00 2.3715e+03 4.8142e+03 4.4000e+03 4.3024e+17 4.3907e+17 4.3907e+17 2.3253e-01 0.0000e+00 2.6880e+04 0.0000e+00
1.1800e+03 3.0484e-11 1.0379e+00 2.3718e+03 4.8149e+03 4.4000e+03 4.2925e+17 4.3812e+17 4.3812e+17 2.3278e-01 0.0000e+00 2.6856e+04 0.0000e+00
1.1900e+03 3.0367e-11 1.0330e+00 2.3721e+03 4.8155e+03 4.4000e+03 4.2838e+17 4.3729e+17 4.3729e+17 2.3301e-01 0.0000e+00 2.6834e+04 0.0000e+00
1.2000e+03 3.0251e-11 1.0282e+00 2.3724e+03 4.8160e+03 4.4000e+03 4.2762e+17 4.3657e+17 4.3657e+17 2.3320e-01 0.0000e+00 2.6815e+04 0.0000e+00
1.2100e+03 3.0134e-11 1.0235e+00 2.3726e+03 4.8165e+03 4.4000e+03 4.2697e+17 4.3595e+17 4.3595e+17 2.3337e-01 0.0000e+00 2.6798e+04 0.0000e+00
1.2200e+03 3.0019e-11 1.0189e+00 2.3728e+03 4.8168e+03 4.4000e+03 4.2643e+17 4.3544e+17 4.3544e+17 2.3350e-01 0.0000e+00 2.6785e+04 0.0000e+00
1.2300e+03 2.9903e-11 1.0145e+00 2.3729e+03 4.8171e+03 4.4000e+03 4.2600e+17 4.3503e+17 4.3503e+17 2.3362e-01 0.0000e+00 2.6774e+04 0.0000e+00
1.2400e+03 2.9789e-11 1.0103e+00 2.3731e+03 4.8174e+03 4.4000e+03 4.2566e+17 4.3471e+17 4.3471e+17 2.3370e-01 0.0000e+00 2.6766e+04 0.0000e+00
1.2500e+03 2.9674e-11 1.0061e+00 2.3731e+03 4.8175e+03 4.4000e+03 4.2542e+17 4.3448e+17 4.3448e+17 2.3376e-01 0.0000e+00 2.6760e+04 0.0000e+00
1.2600e+03 2.9560e-11 1.0021e+00 2.3732e+03 4.8176e+03 4.4000e+03 4.2528e+17 4.3435e+17 4.3435e+17 2.3380e-01 0.0000e+00 2.6756e+04 0.0000e+00
1.2700e+03 2.9447e-11 9.9822e-01 2.3732e+03 4.8177e+03 4.4000e+03 4.2522e+17 4.3430e+17 4.3430e+17 2.3381e-01 0.0000e+00 2.6755e+04 0.0000e+00
1.2800e+03 2.9334e-11 9.9443e-01 2.3732e+03 4.8176e+03 4.4000e+03 4.2526e+17 4.3434e+17 4.3434e+17 2.3380e-01 0.0000e+00 2.6756e+04 0.0000e+00
1.2900e+03 2.9221e-11 9.9075e-01 2.3731e+03 4.8175e+03 4.4000e+03 4.2538e+17 4.3447e+17 4.3447e+17 2.3377e-01 0.0000e+00 2.6759e+04 0.0000e+00
1.3000e+03 2.9109e-11 9.8718e-01 2.3731e+03 4.8174e+03 4.4000e+03 4.2558e+17 4.3467e+17 4.3467e+17 2.3371e-01 0.0000e+00 2.6764e+04 0.0000e+00
1.3100e+03 2.8997e-11 9.8370e-01 2.3730e+03 4.8172e+03 4.4000e+03 4.2587e+17 4.3495e+17 4.3495e+17 2.3364e-01 0.0000e+00 2.6772e+04 0.0000e+00
1.3200e+03 2.8886e-11 9.8033e-01 2.3728e+03 4.8169e+03 4.4000e+03 4.2624e+17 4.3530e+17 4.3530e+17 2.3354e-01 0.0000e+00 2.6781e+04 0.0000e+00
1.3300e+03 2.8775e-11 9.7705e-01 2.3727e+03 4.8166e+03 4.4000e+03 4.2668e+17 4.3573e+17 4.3573e+17 2.3343e-01 0.0000e+00 2.6793e+04 0.0000e+00
1.3400e+03 2.8664e-11 9.7386e-01 2.3725e+03 4.8163e+03 4.4000e+03 4.2720e+17 4.3623e+17 4.3623e+17 2.3329e-01 0.0000e+00 2.6806e+04 0.0000e+00
1.3500e+03 2.8554e-11 9.7076e-01 2.3723e+03 4.8159e+03 4.4000e+03 4.2779e+17 4.3681e+17 4.3681e+17 2.3314e-01 0.0000e+00 2.6821e+04 0.0000e+00
1.3600e+03 2.8445e-11 9.6775e-01 2.3721e+03 4.8154e+03 4.4000e+03 4.2845e+17 4.3745e+17 4.3745e+17 2.3296e-01 0.0000e+00 2.6838e+04 0.0000e+00
1.3700e+03 2.8335e-11 9.6481e-01 2.3718e+03 4.8149e+03 4.4000e+03 4.2918e+17 4.3815e+17 4.3815e+17 2.3278e-01 0.0000e+00 2.6856e+04 0.0000e+00
1.3800e+03 2.8226e-11 9.6196e-01 2.3716e+03 4.8143e+03 4.4000e+03 4.2998e+17 4.3893e+17 4.3893e+17 2.3257e-01 0.0000e+00 2.6877e+04 0.0000e+00
1.3900e+03 2.8118e-11 9.5919e-01 2.3713e+03 4.8137e+03 4.4000e+03 4.3085e+17 4.3976e+17 4.3976e+17 2.3235e-01 0.0000e+00 2.6899e+04 0.0000e+00
1.4000e+03 2.8010e-11 9.5648e-01 2.3710e+03 4.8131e+03 4.4000e+03 4.3178e+17 4.4066e+17 4.4066e+17 2.3211e-01 0.0000e+00 2.6922e+04 0.0000e+00
1.4100e+03 2.7903e-11 9.5385e-01 2.3706e+03 4.8124e+03 4.4000e+03 4.3277e+17 4.4162e+17 4.4162e+17 2.3185e-01 0.0000e+00 2.6947e+04 0.0000e+00
1.4200e+03 2.7795e-11 9.5129e-01 2.3703e+03 4.8117e+03 4.4000e+03 4.3383e+17 4.4264e+17 4.4264e+17 2.3159e-01 0.0000e+00 2.6974e+04 0.0000e+00
1.4300e+03 2.7689e-11 9.4880e-01 2.3699e+03 4.8110e+03 4.4000e+03 4.3495e+17 4.4372e+17 4.4372e+17 2.3130e-01 0.0000e+00 2.7002e+04 0.0000e+00
1.4400e+03 2.7582e-11 9.4637e-01 2.3695e+03 4.8102e+03 4.4000e+03 4.3613e+17 4.4485e+17 4.4485e+17 2.3101e-01 0.0000e+00 2.7032e+04 0.0000e+00
1.4500e+03 2.7476e-11 9.4400e-01 2.3691e+03 4.8093e+03 4.4000e+03 4.3736e+17 4.4604e+17 4.4604e+17 2.3070e-01 0.0000e+00 2.7063e+04 0.0000e+00
1.4600e+03 2.7371e-11 9.4169e-01 2.3687e+03 4.8085e+03 4.4000e+03 4.3866e+17 4.4728e+17 4.4728e+17 2.3037e-01 0.0000e+00 2.7095e+04 0.0000e+00
1.4700e+03 2.7266e-11 9.3944e-01 2.3682e+03 4.8075e+03 4.4000e+03 4.4001e+17 4.4858e+17 4.4858e+17 2.3004e-01 0.0000e+00 2.7129e+04 0.0000e+00
1.4800e+03 2.7161e-11 9.3725e-01 2.3678e+03 4.8066e+03 4.4000e+03 4.4141e+17 4.4993e+17 4.4993e+17 2.2969e-01 0.0000e+00 2.7164e+04 0.0000e+00
1.4900e+03 2.7057e-11 9.3511e-01 2.3673e+03 4.8056e+03 4.4000e+03 4.4287e+17 4.5133e+17 4.5133e+17 2.2933e-01 0.0000e+00 2.7200e+04 0.0000e+00
1.5000e+03 2.6953e-11 9.3303e-01 2.3668e+03 4.8046e+03 4.4000e+03 4.4438e+17 4.5278e+17 4.5278e+17 2.2896e-01 0.0000e+00 2.7237e+04 0.0000e+00
1.5100e+03 2.6849e-11 9.3099e-01 2.3663e+03 4.8036e+03 4.4000e+03 4.4595e+17 4.5429e+17 4.5429e+17 2.2858e-01 0.0000e+00 2.7276e+04 0.0000e+00
1.5200e+03 2.6746e-11 9.2901e-01 2.3658e+03 4.8025e+03 4.4000e+03 4.4757e+17 4.5584e+17 4.5584e+17 2.2819e-01 0.0000e+00 2.7316e+04 0.0000e+00
1.5300e+03 2.6644e-11 9.2707e-01 2.3652e+03 4.8015e+03 4.4000e+03 4.4923e+17 4.5744e+17 4.5744e+17 2.2779e-01 0.0000e+00 2.7357e+04 0.0000e+00
1.5400e+03 2.6541e-11 9.2518e-01 2.3647e+03 4.8003e+03 4.4000e+03 4.5095e+17 4.5908e+17 4.5908e+17 2.2738e-01 0.0000e+00 2.7399e+04 0.0000e+00
1.5500e+03 2.6439e-11 9.2333e-01 2.3641e+03 4.7992e+03 4.4000e+03 4.5272e+17 4.6078e+17 4.6078e+17 2.2696e-01 0.0000e+00 2.7443e+04 0.0000e+00
1.5600e+03 2.6338e-11 9.2153e-01 2.3635e+03 4.7980e+03 4.4000e+03 4.5453e+17 4.6251e+17 4.6251e+17 2.2653e-01 0.0000e+00 2.7487e+04 0.0000e+00
1.5700e+03 2.6237e-11 9.1977e-01 2.3629e+03 4.7968e+03 4.4000e+03 4.5640e+17 4.6430e+17 4.6430e+17 2.2609e-01 0.0000e+00 2.7532e+04 0.0000e+00
1.5800e+03 2.6136e-11 9.1805e-01 2.3623e+03 4.7956e+03 4.4000e+03 4.5831e+17 4.6613e+17 4.6613e+17 2.2565e-01 0.0000e+00 2.7579e+04 0.0000e+00
1.5900e+03 2.6036e-11 9.1637e-01 2.3617e+03 4.7944e+03 4.4000e+03 4.6027e+17 4.6800e+17 4.6800e+17 2.2519e-01 0.0000e+00 2.7626e+04 0.0000e+00
1.6000e+03 2.5936e-11 9.1472e-01 2.3611e+03 4.7931e+03 4.4000e+03 4.6227e+17 4.6992e+17 4.6992e+17 2.2473e-01 0.0000e+00 2.7675e+04 0.0000e+00
1.6100e+03 2.5836e-11 9.1312e-01 2.3605e+03 4.7918e+03 4.4000e+03 4.6432e+17 4.7188e+17 4.7188e+17 2.2426e-01 0.0000e+00 2.7724e+04 0.0000e+00
1.6200e+03 2.5737e-11 9.1155e-01 2.3598e+03 4.7905e+03 4.4000e+03 4.6642e+17 4.7388e+17 4.7388e+17 2.2378e-01 0.0000e+00 2.7774e+04 0.0000e+00
1.6300e+03 2.5638e-11 9.1001e-01 2.3592e+03 4.7892e+03 4.4000e+03 4.6856e+17 4.7592e+17 4.7592e+17 2.2330e-01 0.0000e+00 2.7825e+04 0.0000e+00
1.6400e+03 2.5540e-11 9.0850e-01 2.3585e+03 4.7878e+03 4.4000e+03 4.7074e+17 4.7800e+17 4.7800e+17 2.2281e-01 0.0000e+00 2.7878e+04 0.0000e+00
1.6500e+03 2.5441e-11 9.0703e-01 2.3578e+03 4.7864e+03 4.4000e+03 4.7297e+17 4.8013e+17 4.8013e+17 2.2232e-01 0.0000e+00 2.7931e+04 0.0000e+00
1.6600e+03 2.5344e-11 9.0559e-01 2.3571e+03 4.7850e+03 4.4000e+03 4.7524e+17 4.8229e+17 4.8229e+17 2.2182e-01 0.0000e+00 2.7984e+04 0.0000e+00
1.6700e+03 2.5246e-11 9.0418e-01 2.3564e+03 4.7836e+03 4.4000e+03 4.7755e+17 4.8450e+17 4.8450e+17 2.2131e-01 0.0000e+00 2.8039e+04 0.0000e+00
1.6800e+03 2.5150e-11 9.0280e-01 2.3557e+03 4.7822e+03 4.4000e+03 4.7991e+17 4.8674e+17 4.8674e+17 2.2080e-01 0.0000e+00 2.8095e+04 0.0000e+00
1.6900e+03 2.5053e-11 9.0145e-01 2.3550e+03 4.7808e+03 4.4000e+03 4.8231e+17 4.8902e+17 4.8902e+17 2.2028e-01 0.0000e+00 2.8151e+04 0.0000e+00
1.7000e+03 2.4957e-11 9.0012e-01 2.3543e+03 4.7793e+03 4.4000e+03 4.8475e+17 4.9135e+17 4.9135e+17 2.1975e-01 0.0000e+00 2.8208e+04 0.0000e+00
1.7100e+03 2.4861e-11 8.9883e-01 2.3536e+03 4.7778e+03 4.4000e+03 4.8723e+17 4.9371e+17 4.9371e+17 2.1923e-01 0.0000e+00 2.8266e+04 0.0000e+00
1.7200e+03 2.4765e-11 8.9755e-01 2.3528e+03 4.7763e+03 4.4000e+03 4.8975e+17 4.9610e+17 4.9610e+17 2.1869e-01 0.0000e+00 2.8325e+04 0.0000e+00
1.7300e+03 2.4670e-11 8.9631e-01 2.3521e+03 4.7748e+03 4.4000e+03 4.9232e+17 4.9854e+17 4.9854e+17 2.1816e-01 0.0000e+00 2.8384e+04 0.0000e+00
1.7400e+03 2.4576e-11 8.9508e-01 2.3513e+03 4.7733e+03 4.4000e+03 4.9492e+17 5.0101e+17 5.0101e+17 2.1762e-01 0.0000e+00 2.8445e+04 0.0000e+00
1.7500e+03 2.4481e-11 8.9388e-01 2.3506e+03 4.7718e+03 4.4000e+03 4.9757e+17 5.0352e+17 5.0352e+17 2.1707e-01 0.0000e+00 2.8505e+04 0.0000e+00
1.7600e+03 2.4387e-11 8.9271e-01 2.3498e+03 4.7702e+03 4.4000e+03 5.0025e+17 5.0607e+17 5.0607e+17 2.1652e-01 0.0000e+00 2.8567e+04 0.0000e+00
1.7700e+03 2.4294e-11 8.9155e-01 2.3491e+03 4.7686e+03 4.4000e+03 5.0298e+17 5.0865e+17 5.0865e+17 2.1597e-01 0.0000e+00 2.8629e+04 0.0000e+00
1.7800e+03 2.4200e-11 8.9042e-01 2.3483e+03 4.7671e+03 4.4000e+03 5.0574e+17 5.1127e+17 5.1127e+17 2.1542e-01 0.0000e+00 2.8692e+04 0.0000e+00
1.7900e+03 2.4107e-11 8.8930e-01 2.3475e+03 4.7655e+03 4.4000e+03 5.0854e+17 5.1393e+17 5.1393e+17 2.1486e-01 0.0000e+00 2.8756e+04 0.0000e+00
1.8000e+03 2.4015e-11 8.8821e-01 2.3467e+03 4.7639e+03 4.4000e+03 5.1139e+17 5.1662e+17 5.1662e+17 2.1430e-01 0.0000e+00 2.8820e+04 0.0000e+00
1.8100e+03 2.3923e-11 8.8714e-01 2.3459e+03 4.7623e+03 4.4000e+03 5.1427e+17 5.1934e+17 5.1934e+17 2.1373e-01 0.0000e+00 2.8885e+04 0.0000e+00
1.8200e+03 2.3831e-11 8.8608e-01 2.3451e+03 4.7606e+03 4.4000e+03 5.1719e+17 5.2211e+17 5.2211e+17 2.1316e-01 0.0000e+00 2.8951e+04 0.0000e+00
1.8300e+03 2.3739e-11 8.8505e-01 2.3443e+03 4.7590e+03 4.4000e+03 5.2015e+17 5.2490e+17 5.2490e+17 2.1259e-01 0.0000e+00 2.9017e+04 0.0000e+00
1.8400e+03 2.3648e-11 8.8403e-01 2.3435e+03 4.7574e+03 4.4000e+03 5.2315e+17 5.2773e+17 5.2773e+17 2.1202e-01 0.0000e+00 2.9084e+04 0.0000e+00
1.8500e+03 2.3557e-11 8.8303e-01 2.3427e+03 4.7557e+03 4.4000e+03 5.2619e+17 5.3060e+17 5.3060e+17 2.1145e-01 0.0000e+00 2.9152e+04 0.0000e+00
1.8600e+03 2.3467e-11 8.8204e-01 2.3419e+03 4.7540e+03 4.4000e+03 5.2927e+17 5.3350e+17 5.3350e+17 2.1087e-01 0.0000e+00 2.9220e+04 0.0000e+00
1.8700e+03 2.3377e-11 8.8107e-01 2.3410e+03 4.7524e+03 4.4000e+03 5.3238e+17 5.3644e+17 5.3644e+17 2.1029e-01 0.0000e+00 2.9288e+04 0.0000e+00
1.8800e+03 2.3287e-11 8.8012e-01 2.3402e+03 4.7507e+03 4.4000e+03 5.3553e+17 5.3941e+17 5.3941e+17 2.0971e-01 0.0000e+00 2.9358e+04 0.0000e+00
1.8900e+03 2.3197e-11 8.7918e-01 2.3394e+03 4.7490e+03 4.4000e+03 5.3873e+17 5.4241e+17 5.4241e+17 2.0913e-01 0.0000e+00 2.9427e+04 0.0000e+00
1.9000e+03 2.3108e-11 8.7826e-01 2.3385e+03 4.7473e+03 4.4000e+03 5.4195e+17 5.4545e+17 5.4545e+17 2.0855e-01 0.0000e+00 2.9498e+04 0.0000e+00
1.9100e+03 2.3020e-11 8.7735e-01 2.3377e+03 4.7456e+03 4.4000e+03 5.4522e+17 5.4853e+17 5.4853e+17 2.0796e-01 0.0000e+00 2.9569e+04 0.0000e+00
1.9200e+03 2.2931e-11 8.7646e-01 2.3368e+03 4.7439e+03 4.4000e+03 5.4853e+17 5.5163e+17 5.5163e+17 2.0737e-01 0.0000e+00 2.9640e+04 0.0000e+00
1.9300e+03 2.2843e-11 8.7557e-01 2.3360e+03 4.7421e+03 4.4000e+03 5.5187e+17 5.5477e+17 5.5477e+17 2.0678e-01 0.0000e+00 2.9712e+04 0.0000e+00
1.9400e+03 2.2756e-11 8.7471e-01 2.3351e+03 4.7404e+03 4.4000e+03 5.5525e+17 5.5795e+17 5.5795e+17 2.0619e-01 0.0000e+00 2.9785e+04 0.0000e+00
1.9500e+03 2.2668e-11 8.7385e-01 2.3343e+03 4.7387e+03 4.4000e+03 5.5867e+17 5.6116e+17 5.6116e+17 2.0560e-01 0.0000e+00 2.9858e+04 0.0000e+00
1.9600e+03 2.2581e-11 8.7301e-01 2.3334e+03 4.7369e+03 4.4000e+03 5.6213e+17 5.6440e+17 5.6440e+17 2.0501e-01 0.0000e+00 2.9931e+04 0.0000e+00
1.9700e+03 2.2494e-11 8.7217e-01 2.3326e+03 4.7352e+03 4.4000e+03 5.6563e+17 5.6767e+17 5.6767e+17 2.0442e-01 0.0000e+00 3.0005e+04 0.0000e+00
1.9800e+03 2.2408e-11 8.7135e-01 2.3317e+03 4.7334e+03 4.4000e+03 5.6916e+17 5.7098e+17 5.7098e+17 2.0383e-01 0.0000e+00 3.0080e+04 0.0000e+00
1.9900e+03 2.2322e-11 8.7055e-01 2.3308e+03 4.7316e+03 4.4000e+03 5.7273e+17 5.7432e+17 5.7432e+17 2.0323e-01 0.0000e+00 3.0155e+04 0.0000e+00
2.0000e+03 2.2236e-11 8.6975e-01 2.3300e+03 4.7299e+03 4.4000e+03 5.7634e+17 5.7770e+17 5.7770e+17 2.0264e-01 0.0000e+00 3.0231e+04 0.0000e+00
2.0100e+03 2.2151e-11 8.6896e-01 2.3291e+03 4.7281e+03 4.4000e+03 5.7999e+17 5.8111e+17 5.8111e+17 2.0204e-01 0.0000e+00 3.0307e+04 0.0000e+00
2.0200e+03 2.2066e-11 8.6818e-01 2.3282e+03 4.7263e+03 4.4000e+03 5.8368e+17 5.8455e+17 5.8455e+17 2.0145e-01 0.0000e+00 3.0383e+04 0.0000e+00
2.0300e+03 2.1981e-11 8.6742e-01 2.3273e+03 4.7245e+03 4.4000e+03 5.8740e+17 5.8803e+17 5.8803e+17 2.0085e-01 0.0000e+00 3.0460e+04 0.0000e+00
2.0400e+03 2.1897e-11 8.6666e-01 2.3264e+03 4.7227e+03 4.4000e+03 5.9116e+17 5.9154e+17 5.9154e+17 2.0025e-01 0.0000e+00 3.0538e+04 0.0000e+00
2.0500e+03 2.1813e-11 8.6591e-01 2.3256e+03 4.7209e+03 4.4000e+03 5.9496e+17 5.9508e+17 5.9508e+17 1.9966e-01 0.0000e+00 3.0616e+04 0.0000e+00
2.0600e+03 2.1729e-11 8.6517e-01 2.3247e+03 4.7191e+03 4.4000e+03 5.9880e+17 5.9865e+17 5.9865e+17 1.9906e-01 0.0000e+00 3.0694e+04 0.0000e+00
2.0700e+03 2.1645e-11 8.6444e-01 2.3238e+03 4.7173e+03 4.4000e+03 6.0268e+17 6.0226e+17 6.0226e+17 1.9846e-01 0.0000e+00 3.0773e+04 0.0000e+00
2.0800e+03 2.1562e-11 8.6372e-01 2.3229e+03 4.7155e+03 4.4000e+03 6.0659e+17 6.0591e+17 6.0591e+17 1.9787e-01 0.0000e+00 3.0852e+04 0.0000e+00
2.0900e+03 2.1479e-11 8.6300e-01 2.3220e+03 4.7137e+03 4.4000e+03 6.1055e+17 6.0958e+17 6.0958e+17 1.9727e-01 0.0000e+00 3.0932e+04 0.0000e+00
2.1000e+03 2.1397e-11 8.6230e-01 2.3211e+03 4.7119e+03 4.4000e+03 6.1454e+17 6.1329e+17 6.1329e+17 1.9667e-01 0.0000e+00 3.1012e+04 0.0000e+00
2.1100e+03 2.1315e-11 8.6160e-01 2.3202e+03 4.7101e+03 4.4000e+03 6.1857e+17 6.1703e+17 6.1703e+17 1.9608e-01 0.0000e+00 3.1093e+04 0.0000e+00
2.1200e+03 2.1233e-11 8.6091e-01 2.3193e+03 4.7082e+03 4.4000e+03 6.2264e+17 6.2081e+17 6.2081e+17 1.9548e-01 0.0000e+00 3.1174e+04 0.0000e+00
2.1300e+03 2.1151e-11 8.6022e-01 2.3184e+03 4.7064e+03 4.4000e+03 6.2675e+17 6.2462e+17 6.2462e+17 1.9489e-01 0.0000e+00 3.1255e+04 0.0000e+00
2.1400e+03 2.1070e-11 8.5955e-01 2.3175e+03 4.7046e+03 4.4000e+03 6.3090e+17 6.2846e+17 6.2846e+17 1.9429e-01 0.0000e+00 3.1337e+04 0.0000e+00
2.1500e+03 2.0989e-11 8.5888e-01 2.3166e+03 4.7027e+03 4.4000e+03 6.3508e+17 6.3234e+17 6.3234e+17 1.9370e-01 0.0000e+00 3.1419e+04 0.0000e+00
2.1600e+03 2.0909e-11 8.5822e-01 2.3157e+03 4.7009e+03 4.4000e+03 6.3931e+17 6.3625e+17 6.3625e+17 1.9310e-01 0.0000e+00 3.1502e+04 0.0000e+00
2.1700e+03 2.0828e-11 8.5756e-01 2.3148e+03 4.6991e+03 4.4000e+03 6.4358e+17 6.4019e+17 6.4019e+17 1.9251e-01 0.0000e+00 3.1585e+04 0.0000e+00
2.1800e+03 2.0748e-11 8.5691e-01 2.3139e+03 4.6972e+03 4.4000e+03 6.4788e+17 6.4417e+17 6.4417e+17 1.9191e-01 0.0000e+00 3.1669e+04 0.0000e+00
2.1900e+03 2.0669e-11 8.5627e-01 2.3130e+03 4.6954e+03 4.4000e+03 6.5223e+17 6.4818e+17 6.4818e+17 1.9132e-01 0.0000e+00 3.1753e+04 0.0000e+00
2.2000e+03 2.0589e-11 8.5563e-01 2.3120e+03 4.6935e+03 4.4000e+03 6.5661e+17 6.5222e+17 6.5222e+17 1.9073e-01 0.0000e+00 3.1837e+04 0.0000e+00
2.2100e+03 2.0510e-11 8.5500e-01 2.3111e+03 4.6917e+03 4.4000e+03 6.6104e+17 6.5630e+17 6.5630e+17 1.9013e-01 0.0000e+00 3.1922e+04 0.0000e+00
2.2200e+03 2.0432e-11 8.5437e-01 2.3102e+03 4.6898e+03 4.4000e+03 6.6550e+17 6.6041e+17 6.6041e+17 1.8954e-01 0.0000e+00 3.2007e+04 0.0000e+00
2.2300e+03 2.0353e-11 8.5375e-01 2.3093e+03 4.6879e+03 4.4000e+03 6.7000e+17 6.6456e+17 6.6456e+17 1.8895e-01 0.0000e+00 3.2092e+04 0.0000e+00
2.2400e+03 2.0275e-11 8.5313e-01 2.3084e+03 4.6861e+03 4.4000e+03 6.7455e+17 6.6874e+17 6.6874e+17 1.8836e-01 0.0000e+00 3.2178e+04 0.0000e+00
2.2500e+03 2.0197e-11 8.5252e-01 2.3075e+03 4.6842e+03 4.4000e+03 6.7914e+17 6.7295e+17 6.7295e+17 1.8777e-01 0.0000e+00 3.2264e+04 0.0000e+00
2.2600e+03 2.0120e-11 8.5191e-01 2.3065e+03 4.6824e+03 4.4000e+03 6.8376e+17 6.7720e+17 6.7720e+17 1.8719e-01 0.0000e+00 3.2351e+04 0.0000e+00
2.2700e+03 2.0042e-11 8.5131e-01 2.3056e+03 4.6805e+03 4.4000e+03 6.8843e+17 6.8149e+17 6.8149e+17 1.8660e-01 0.0000e+00 3.2438e+04 0.0000e+00
2.2800e+03 1.9965e-11 8.5072e-01 2.3047e+03 4.6786e+03 4.4000e+03 6.9314e+17 6.8580e+17 6.8580e+17 1.8601e-01 0.0000e+00 3.2525e+04 0.0000e+00
2.2900e+03 1.9889e-11 8.5012e-01 2.3038e+03 4.6768e+03 4.4000e+03 6.9789e+17 6.9016e+17 6.9016e+17 1.8543e-01 0.0000e+00 3.2613e+04 0.0000e+00
2.3000e+03 1.9812e-11 8.4954e-01 2.3029e+03 4.6749e+03 4.4000e+03 7.0268e+17 6.9454e+17 6.9454e+17 1.8484e-01 0.0000e+00 3.2701e+04 0.0000e+00
2.3100e+03 1.9736e-11 8.4895e-01 2.3019e+03 4.6730e+03 4.4000e+03 7.0751e+17 6.9897e+17 6.9897e+17 1.8426e-01 0.0000e+00 3.2790e+04 0.0000e+00
2.3200e+03 1.9660e-11 8.4837e-01 2.3010e+03 4.6711e+03 4.4000e+03 7.1239e+17 7.0342e+17 7.0342e+17 1.8368e-01 0.0000e+00 3.2879e+04 0.0000e+00
2.3300e+03 1.9585e-11 8.4780e-01 2.3001e+03 4.6693e+03 4.4000e+03 7.1730e+17 7.0792e+17 7.0792e+17 1.8310e-01 0.0000e+00 3.2968e+04 0.0000e+00
2.3400e+03 1.9510e-11 8.4723e-01 2.2992e+03 4.6674e+03 4.4000e+03 7.2226e+17 7.1244e+17 7.1244e+17 1.8252e-01 0.0000e+00 3.3057e+04 0.0000e+00
2.3500e+03 1.9435e-11 8.4666e-01 2.2982e+03 4.6655e+03 4.4000e+03 7.2727e+17 7.1700e+17 7.1700e+17 1.8194e-01 0.0000e+00 3.3147e+04 0.0000e+00
2.3600e+03 1.9360e-11 8.4609e-01 2.2973e+03 4.6636e+03 4.4000e+03 7.3231e+17 7.2160e+17 7.2160e+17 1.8136e-01 0.0000e+00 3.3238e+04 0.0000e+00
2.3700e+03 1.9286e-11 8.4553e-01 2.2964e+03 4.6618e+03 4.4000e+03 7.3740e+17 7.2624e+17 7.2624e+17 1.8078e-01 0.0000e+00 3.3328e+04 0.0000e+00
2.3800e+03 1.9212e-11 8.4498e-01 2.2955e+03 4.6599e+03 4.4000e+03 7.4253e+17 7.3090e+17 7.3090e+17 1.8021e-01 0.0000e+00 3.3419e+04 0.0000e+00
2.3900e+03 1.9138e-11 8.4442e-01 2.2945e+03 4.6580e+03 4.4000e+03 7.4770e+17 7.3561e+17 7.3561e+17 1.7963e-01 0.0000e+00 3.3511e+04 0.0000e+00
2.4000e+03 1.9064e-11 8.4387e-01 2.2936e+03 4.6561e+03 4.4000e+03 7.5292e+17 7.4035e+17 7.4035e+17 1.7906e-01 0.0000e+00 3.3602e+04 0.0000e+00
2.4100e+03 1.8991e-11 8.4332e-01 2.2927e+03 4.6542e+03 4.4000e+03 7.5818e+17 7.4513e+17 7.4513e+17 1.7849e-01 0.0000e+00 3.3694e+04 0.0000e+00
2.4200e+03 1.8918e-11 8.4278e-01 2.2918e+03 4.6524e+03 4.4000e+03 7.6349e+17 7.4994e+17 7.4994e+17 1.7792e-01 0.0000e+00 3.3787e+04 0.0000e+00
2.4300e+03 1.8846e-11 8.4224e-01 2.2908e+03 4.6505e+03 4.4000e+03 7.6884e+17 7.5479e+17 7.5479e+17 1.7735e-01 0.0000e+00 3.3879e+04 0.0000e+00
2.4400e+03 1.8773e-11 8.4170e-01 2.2899e+03 4.6486e+03 4.4000e+03 7.7423e+17 7.5967e+17 7.5967e+17 1.7678e-01 0.0000e+00 3.3973e+04 0.0000e+00
2.4500e+03 1.8701e-11 8.4116e-01 2.2890e+03 4.6467e+03 4.4000e+03 7.7967e+17 7.6460e+17 7.6460e+17 1.7622e-01 0.0000e+00 3.4066e+04 0.0000e+00
2.4600e+03 1.8629e-11 8.4063e-01 2.2881e+03 4.6448e+03 4.4000e+03 7.8515e+17 7.6956e+17 7.6956e+17 1.7565e-01 0.0000e+00 3.4160e+04 0.0000e+00
2.4700e+03 1.8558e-11 8.4010e-01 2.2871e+03 4.6429e+03 4.4000e+03 7.9068e+17 7.7455e+17 7.7455e+17 1.7509e-01 0.0000e+00 3.4254e+04 0.0000e+00
2.4800e+03 1.8487e-11 8.3957e-01 2.2862e+03 4.6410e+03 4.4000e+03 7.9626e+17 7.7958e+17 7.7958e+17 1.7452e-01 0.0000e+00 3.4348e+04 0.0000e+00
2.4900e+03 1.8416e-11 8.3904e-01 2.2853e+03 4.6392e+03 4.4000e+03 8.0188e+17 7.8465e+17 7.8465e+17 1.7396e-01 0.0000e+00 3.4443e+04 0.0000e+00
2.5000e+03 1.8345e-11 8.3852e-01 2.2843e+03 4.6373e+03 4.4000e+03 8.0755e+17 7.8976e+17 7.8976e+17 1.7340e-01 0.0000e+00 3.4538e+04 0.0000e+00
2.5100e+03 1.8274e-11 8.3800e-01 2.2834e+03 4.6354e+03 4.4000e+03 8.1326e+17 7.9491e+17 7.9491e+17 1.7284e-01 0.0000e+00 3.4634e+04 0.0000e+00
2.5200e+03 1.8204e-11 8.3748e-01 2.2825e+03 4.6335e+03 4.4000e+03 8.1902e+17 8.0009e+17 8.0009e+17 1.7229e-01 0.0000e+00 3.4729e+04 0.0000e+00
2.5300e+03 1.8134e-11 8.3696e-01 2.2816e+03 4.6316e+03 4.4000e+03 8.2483e+17 8.0531e+17 8.0531e+17 1.7173e-01 0.0000e+00 3.4826e+04 0.0000e+00
2.5400e+03 1.8065e-11 8.3644e-01 2.2806e+03 4.6297e+03 4.4000e+03 8.3068e+17 8.1057e+17 8.1057e+17 1.7118e-01 0.0000e+00 3.4922e+04 0.0000e+00
2.5500e+03 1.7995e-11 8.3593e-01 2.2797e+03 4.6279e+03 4.4000e+03 8.3658e+17 8.1587e+17 8.1587e+17 1.7063e-01 0.0000e+00 3.5019e+04 0.0000e+00
2.5600e+03 1.7926e-11 8.3542e-01 2.2788e+03 4.6260e+03 4.4000e+03 8.4253e+17 8.2120e+17 8.2120e+17 1.7007e-01 0.0000e+00 3.5116e+04 0.0000e+00
2.5700e+03 1.7857e-11 8.3491e-01 2.2778e+03 4.6241e+03 4.4000e+03 8.4853e+17 8.2658e+17 8.2658e+17 1.6953e-01 0.0000e+00 3.5213e+04 0.0000e+00
2.5800e+03 1.7789e-11 8.3440e-01 2.2769e+03 4.6222e+03 4.4000e+03 8.5458e+17 8.3199e+17 8.3199e+17 1.6898e-01 0.0000e+00 3.5311e+04 0.0000e+00
2.5900e+03 1.7721e-11 8.3389e-01 2.2760e+03 4.6203e+03 4.4000e+03 8.6067e+17 8.3744e+17 8.3744e+17 1.6843e-01 0.0000e+00 3.5409e+04 0.0000e+00
2.6000e+03 1.7653e-11 8.3339e-01 2.2751e+03 4.6184e+03 4.4000e+03 8.6682e+17 8.4294e+17 8.4294e+17 1.6789e-01 0.0000e+00 3.5507e+04 0.0000e+00
2.6100e+03 1.7585e-11 8.3288e-01 2.2741e+03 4.6166e+03 4.4000e+03 8.7301e+17 8.4847e+17 8.4847e+17 1.6734e-01 0.0000e+00 3.5606e+04 0.0000e+00
2.6200e+03 1.7517e-11 8.3238e-01 2.2732e+03 4.6147e+03 4.4000e+03 8.7926e+17 8.5404e+17 8.5404e+17 1.6680e-01 0.0000e+00 3.5705e+04 0.0000e+00
2.6300e+03 1.7450e-11 8.3188e-01 2.2723e+03 4.6128e+03 4.4000e+03 8.8555e+17 8.5965e+17 8.5965e+17 1.6626e-01 0.0000e+00 3.5805e+04 0.0000e+00
2.6400e+03 1.7383e-11 8.3138e-01 2.2714e+03 4.6109e+03 4.4000e+03 8.9189e+17 8.6530e+17 8.6530e+17 1.6572e-01 0.0000e+00 3.5904e+04 0.0000e+00
2.6500e+03 1.7316e-11 8.3089e-01 2.2704e+03 4.6090e+03 4.4000e+03 8.9829e+17 8.7099e+17 8.7099e+17 1.6518e-01 0.0000e+00 3.6004e+04 0.0000e+00
2.6600e+03 1.7250e-11 8.3039e-01 2.2695e+03 4.6071e+03 4.4000e+03 9.0473e+17 8.7672e+17 8.7672e+17 1.6465e-01 0.0000e+00 3.6105e+04 0.0000e+00
2.6700e+03 1.7183e-11 8.2990e-01 2.2686e+03 4.6053e+03 4.4000e+03 9.1123e+17 8.8249e+17 8.8249e+17 1.6411e-01 0.0000e+00 3.6205e+04 0.0000e+00
2.6800e+03 1.7117e-11 8.2940e-01 2.2676e+03 4.6034e+03 4.4000e+03 9.1778e+17 8.8830e+17 8.8830e+17 1.6358e-01 0.0000e+00 3.6306e+04 0.0000e+00
2.6900e+03 1.7052e-11 8.2891e-01 2.2667e+03 4.6015e+03 4.4000e+03 9.2438e+17 8.9416e+17 8.9416e+17 1.6305e-01 0.0000e+00 3.6408e+04 0.0000e+00
2.7000e+03 1.6986e-11 8.2842e-01 2.2658e+03 4.5996e+03 4.4000e+03 9.3103e+17 9.0005e+17 9.0005e+17 1.6252e-01 0.0000e+00 3.6509e+04 0.0000e+00
2.7100e+03 1.6921e-11 8.2793e-01 2.2649e+03 4.5978e+03 4.4000e+03 9.3774e+17 9.0599e+17 9.0599e+17 1.6199e-01 0.0000e+00 3.6611e+04 0.0000e+00
2.7200e+03 1.6856e-11 8.2744e-01 2.2639e+03 4.5959e+03 4.4000e+03 9.4450e+17 9.1196e+17 9.1196e+17 1.6146e-01 0.0000e+00 3.6713e+04 0.0000e+00
2.7300e+03 1.6791e-11 8.2695e-01 2.2630e+03 4.5940e+03 4.4000e+03 9.5131e+17 9.1798e+17 9.1798e+17 1.6094e-01 0.0000e+00 3.6816e+04 0.0000e+00
2.7400e+03 1.6727e-11 8.2646e-01 2.2621e+03 4.5921e+03 4.4000e+03 9.5818e+17 9.2404e+17 9.2404e+17 1.6041e-01 0.0000e+00 3.6919e+04 0.0000e+00
2.7500e+03 1.6663e-11 8.2598e-01 2.2612e+03 4.5903e+03 4.4000e+03 9.6510e+17 9.3015e+17 9.3015e+17 1.5989e-01 0.0000e+00 3.7022e+04 0.0000e+00
2.7600e+03 1.6599e-11 8.2549e-01 2.2603e+03 4.5884e+03 4.4000e+03 9.7207e+17 9.3629e+17 9.3629e+17 1.5937e-01 0.0000e+00 3.7125e+04 0.0000e+00
2.7700e+03 1.6535e-11 8.2501e-01 2.2593e+03 4.5865e+03 4.4000e+03 9.7910e+17 9.4248e+17 9.4248e+17 1.5885e-01 0.0000e+00 3.7229e+04 0.0000e+00
2.7800e+03 1.6471e-11 8.2452e-01 2.2584e+03 4.5846e+03 4.4000e+03 9.8619e+17 9.4871e+17 9.4871e+17 1.5834e-01 0.0000e+00 3.7333e+04 0.0000e+00
2.7900e+03 1.6408e-11 8.2404e-01 2.2575e+03 4.5828e+03 4.4000e+03 9.9333e+17 9.5499e+17 9.5499e+17 1.5782e-01 0.0000e+00 3.7438e+04 0.0000e+00
2.8000e+03 1.6345e-11 8.2356e-01 2.2566e+03 4.5809e+03 4.4000e+03 1.0005e+18 9.6131e+17 9.6131e+17 1.5731e-01 0.0000e+00 3.7543e+04 0.0000e+00
2.8100e+03 1.6282e-11 8.2307e-01 2.2556e+03 4.5790e+03 4.4000e+03 1.0078e+18 9.6767e+17 9.6767e+17 1.5679e-01 0.0000e+00 3.7648e+04 0.0000e+00
2.8200e+03 1.6220e-11 8.2259e-01 2.2547e+03 4.5772e+03 4.4000e+03 1.0151e+18 9.7408e+17 9.7408e+17 1.5628e-01 0.0000e+00 3.7753e+04 0.0000e+00
2.8300e+03 1.6158e-11 8.2211e-01 2.2538e+03 4.5753e+03 4.4000e+03 1.0225e+18 9.8053e+17 9.8053e+17 1.5577e-01 0.0000e+00 3.7859e+04 0.0000e+00
2.8400e+03 1.6096e-11 8.2163e-01 2.2529e+03 4.5734e+03 4.4000e+03 1.0299e+18 9.8702e+17 9.8702e+17 1.5527e-01 0.0000e+00 3.7965e+04 0.0000e+00
2.8500e+03 1.6034e-11 8.2115e-01 2.2520e+03 4.5716e+03 4.4000e+03 1.0374e+18 9.9356e+17 9.9356e+17 1.5476e-01 0.0000e+00 3.8071e+04 0.0000e+00
2.8600e+03 1.5972e-11 8.2068e-01 2.2511e+03 4.5697e+03 4.4000e+03 1.0449e+18 1.0001e+18 1.0001e+18 1.5426e-01 0.0000e+00 3.8178e+04 0.0000e+00
2.8700e+03 1.5911e-11 8.2020e-01 2.2501e+03 4.5678e+03 4.4000e+03 1.0525e+18 1.0068e+18 1.0068e+18 1.5375e-01 0.0000e+00 3.8285e+04 0.0000e+00
2.8800e+03 1.5850e-11 8.1972e-01 2.2492e+03 4.5660e+03 4.4000e+03 1.0602e+18 1.0134e+18 1.0134e+18 1.5325e-01 0.0000e+00 3.8392e+04 0.0000e+00
2.8900e+03 1.5789e-11 8.1924e-01 2.2483e+03 4.5641e+03 4.4000e+03 1.0679e+18 1.0202e+18 1.0202e+18 1.5275e-01 0.0000e+00 3.8499e+04 0.0000e+00
2.9000e+03 1.5728e-11 8.1877e-01 2.2474e+03 4.5623e+03 4.4000e+03 1.0757e+18 1.0269e+18 1.0269e+18 1.5226e-01 0.0000e+00 3.8607e+04 0.0000e+00
2.9100e+03 1.5668e-11 8.1829e-01 2.2465e+03 4.5604e+03 4.4000e+03 1.0835e+18 1.0337e+18 1.0337e+18 1.5176e-01 0.0000e+00 3.8715e+04 0.0000e+00
2.9200e+03 1.5608e-11 8.1781e-01 2.2456e+03 4.5586e+03 4.4000e+03 1.0914e+18 1.0406e+18 1.0406e+18 1.5126e-01 0.0000e+00 3.8824e+04 0.0000e+00
2.9300e+03 1.5548e-11 8.1734e-01 2.2446e+03 4.5567e+03 4.4000e+03 1.0994e+18 1.0475e+18 1.0475e+18 1.5077e-01 0.0000e+00 3.8933e+04 0.0000e+00
2.9400e+03 1.5488e-11 8.1686e-01 2.2437e+03 4.5548e+03 4.4000e+03 1.1074e+18 1.0545e+18 1.0545e+18 1.5028e-01 0.0000e+00 3.9042e+04 0.0000e+00
2.9500e+03 1.5429e-11 8.1639e-01 2.2428e+03 4.5530e+03 4.4000e+03 1.1155e+18 1.0615e+18 1.0615e+18 1.4979e-01 0.0000e+00 3.9151e+04 0.0000e+00
2.9600e+03 1.5369e-11 8.1591e-01 2.2419e+03 4.5511e+03 4.4000e+03 1.1236e+18 1.0685e+18 1.0685e+18 1.4930e-01 0.0000e+00 3.9261e+04 0.0000e+00
2.9700e+03 1.5310e-11 8.1544e-01 2.2410e+03 4.5493e+03 4.4000e+03 1.1318e+18 1.0756e+18 1.0756e+18 1.4881e-01 0.0000e+00 3.9371e+04 0.0000e+00
2.9800e+03 1.5252e-11 8.1496e-01 2.2401e+03 4.5474e+03 4.4000e+03 1.1401e+18 1.0827e+18 1.0827e+18 1.4833e-01 0.0000e+00 3.9482e+04 0.0000e+00
2.9900e+03 1.5193e-11 8.1449e-01 2.2392e+03 4.5456e+03 4.4000e+03 1.1484e+18 1.0899e+18 1.0899e+18 1.4785e-01 0.0000e+00 3.9592e+04 0.0000e+00
3.0000e+03 1.5135e-11 8.1402e-01 2.2383e+03 4.5437e+03 4.4000e+03 1.1568e+18 1.0972e+18 1.0972e+18 1.4736e-01 0.0000e+00 3.9703e+04 0.0000e+00
3.0100e+03 1.5076e-11 8.1354e-01 2.2374e+03 4.5419e+03 4.4000e+03 1.1653e+18 1.1045e+18 1.1045e+18 1.4688e-01 0.0000e+00 3.9814e+04 0.0000e+00
3.0200e+03 1.5019e-11 8.1307e-01 2.2365e+03 4.5401e+03 4.4000e+03 1.1738e+18 1.1118e+18 1.1118e+18 1.4640e-01 0.0000e+00 3.9926e+04 0.0000e+00
3.0300e+03 1.4961e-11 8.1260e-01 2.2355e+03 4.5382e+03 4.4000e+03 1.1824e+18 1.1192e+18 1.1192e+18 1.4593e-01 0.0000e+00 4.0038e+04 0.0000e+00
3.0400e+03 1.4903e-11 8.1212e-01 2.2346e+03 4.5364e+03 4.4000e+03 1.1911e+18 1.1266e+18 1.1266e+18 1.4545e-01 0.0000e+00 4.0150e+04 0.0000e+00
3.0500e+03 1.4846e-11 8.1165e-01 2.2337e+03 4.5345e+03 4.4000e+03 1.1998e+18 1.1341e+18 1.1341e+18 1.4498e-01 0.0000e+00 4.0263e+04 0.0000e+00
3.0600e+03 1.4789e-11 8.1118e-01 2.2328e+03 4.5327e+03 4.4000e+03 1.2087e+18 1.1416e+18 1.1416e+18 1.4450e-01 0.0000e+00 4.0376e+04 0.0000e+00
3.0700e+03 1.4732e-11 8.1070e-01 2.2319e+03 4.5309e+03 4.4000e+03 1.2175e+18 1.1492e+18 1.1492e+18 1.4403e-01 0.0000e+00 4.0489e+04 0.0000e+00
3.0800e+03 1.4676e-11 8.1023e-01 2.2310e+03 4.5290e+03 4.4000e+03 1.2265e+18 1.1569e+18 1.1569e+18 1.4356e-01 0.0000e+00 4.0602e+04 0.0000e+00
3.0900e+03 1.4620e-11 8.0976e-01 2.2301e+03 4.5272e+03 4.4000e+03 1.2355e+18 1.1646e+18 1.1646e+18 1.4310e-01 0.0000e+00 4.0716e+04 0.0000e+00
3.1000e+03 1.4563e-11 8.0929e-01 2.2292e+03 4.5254e+03 4.4000e+03 1.2445e+18 1.1723e+18 1.1723e+18 1.4263e-01 0.0000e+00 4.0830e+04 0.0000e+00
3.1100e+03 1.4507e-11 8.0881e-01 2.2283e+03 4.5235e+03 4.4000e+03 1.2537e+18 1.1801e+18 1.1801e+18 1.4217e-01 0.0000e+00 4.0945e+04 0.0000e+00
3.1200e+03 1.4452e-11 8.0834e-01 2.2274e+03 4.5217e+03 4.4000e+03 1.2629e+18 1.1879e+18 1.1879e+18 1.4170e-01 0.0000e+00 4.1059e+04 0.0000e+00
3.1300e+03 1.4396e-11 8.0787e-01 2.2265e+03 4.5199e+03 4.4000e+03 1.2722e+18 1.1958e+18 1.1958e+18 1.4124e-01 0.0000e+00 4.1174e+04 0.0000e+00
3.1400e+03 1.4341e-11 8.0739e-01 2.2256e+03 4.5180e+03 4.4000e+03 1.2815e+18 1.2038e+18 1.2038e+18 1.4078e-01 0.0000e+00 4.1290e+04 0.0000e+00
3.1500e+03 1.4286e-11 8.0692e-01 2.2247e+03 4.5162e+03 4.4000e+03 1.2910e+18 1.2118e+18 1.2118e+18 1.4032e-01 0.0000e+00 4.1405e+04 0.0000e+00
3.1600e+03 1.4231e-11 8.0645e-01 2.2238e+03 4.5144e+03 4.4000e+03 1.3005e+18 1.2198e+18 1.2198e+18 1.3987e-01 0.0000e+00 4.1521e+04 0.0000e+00
3.1700e+03 1.4176e-11 8.0597e-01 2.2229e+03 4.5126e+03 4.4000e+03 1.3101e+18 1.2279e+18 1.2279e+18 1.3941e-01 0.0000e+00 4.1638e+04 0.0000e+00
3.1800e+03 1.4122e-11 8.0550e-01 2.2220e+03 4.5108e+03 4.4000e+03 1.3197e+18 1.2361e+18 1.2361e+18 1.3896e-01 0.0000e+00 4.1754e+04 0.0000e+00
3.1900e+03 1.4068e-11 8.0503e-01 2.2211e+03 4.5089e+03 4.4000e+03 1.3294e+18 1.2443e+18 1.2443e+18 1.3851e-01 0.0000e+00 4.1871e+04 0.0000e+00
3.2000e+03 1.4014e-11 8.0455e-01 2.2202e+03 4.5071e+03 4.4000e+03 1.3392e+18 1.2526e+18 1.2526e+18 1.3805e-01 0.0000e+00 4.1988e+04 0.0000e+00
3.2100e+03 1.3960e-11 8.0408e-01 2.2193e+03 4.5053e+03 4.4000e+03 1.3491e+18 1.2609e+18 1.2609e+18 1.3761e-01 0.0000e+00 4.2106e+04 0.0000e+00
3.2200e+03 1.3906e-11 8.0361e-01 2.2184e+03 4.5035e+03 4.4000e+03 1.3590e+18 1.2693e+18 1.2693e+18 1.3716e-01 0.0000e+00 4.2224e+04 0.0000e+00
3.2300e+03 1.3853e-11 8.0313e-01 2.2175e+03 4.5017e+03 4.4000e+03 1.3691e+18 1.2777e+18 1.2777e+18 1.3671e-01 0.0000e+00 4.2342e+04 0.0000e+00
3.2400e+03 1.3800e-11 8.0266e-01 2.2167e+03 4.4999e+03 4.4000e+03 1.3792e+18 1.2862e+18 1.2862e+18 1.3627e-01 0.0000e+00 4.2460e+04 0.0000e+00
3.2500e+03 1.3747e-11 8.0218e-01 2.2158e+03 4.4981e+03 4.4000e+03 1.3894e+18 1.2948e+18 1.2948e+18 1.3582e-01 0.0000e+00 4.2579e+04 0.0000e+00
3.2600e+03 1.3694e-11 8.0171e-01 2.2149e+03 4.4962e+03 4.4000e+03 1.3996e+18 1.3034e+18 1.3034e+18 1.3538e-01 0.0000e+00 4.2698e+04 0.0000e+00
3.2700e+03 1.3641e-11 8.0124e-01 2.2140e+03 4.4944e+03 4.4000e+03 1.4099e+18 1.3120e+18 1.3120e+18 1.3494e-01 0.0000e+00 4.2818e+04 0.0000e+00
3.2800e+03 1.3589e-11 8.0076e-01 2.2131e+03 4.4926e+03 4.4000e+03 1.4204e+18 1.3207e+18 1.3207e+18 1.3450e-01 0.0000e+00 4.2937e+04 0.0000e+00
3.2900e+03 1.3537e-11 8.0028e-01 2.2122e+03 4.4908e+03 4.4000e+03 1.4309e+18 1.3295e+18 1.3295e+18 1.3407e-01 0.0000e+00 4.3057e+04 0.0000e+00
3.3000e+03 1.3485e-11 7.9981e-01 2.2113e+03 4.4890e+03 4.4000e+03 1.4414e+18 1.3384e+18 1.3384e+18 1.3363e-01 0.0000e+00 4.3178e+04 0.0000e+00
3.3100e+03 1.3433e-11 7.9933e-01 2.2104e+03 4.4872e+03 4.4000e+03 1.4521e+18 1.3472e+18 1.3472e+18 1.3320e-01 0.0000e+00 4.3299e+04 0.0000e+00
3.3200e+03 1.3381e-11 7.9886e-01 2.2095e+03 4.4854e+03 4.4000e+03 1.4628e+18 1.3562e+18 1.3562e+18 1.3277e-01 0.0000e+00 4.3420e+04 0.0000e+00
3.3300e+03 1.3330e-11 7.9838e-01 2.2087e+03 4.4836e+03 4.4000e+03 1.4736e+18 1.3652e+18 1.3652e+18 1.3233e-01 0.0000e+00 4.3541e+04 0.0000e+00
3.3400e+03 1.3279e-11 7.9790e-01 2.2078e+03 4.4818e+03 4.4000e+03 1.4846e+18 1.3743e+18 1.3743e+18 1.3191e-01 0.0000e+00 4.3662e+04 0.0000e+00
3.3500e+03 1.3228e-11 7.9743e-01 2.2069e+03 4.4800e+03 4.4000e+03 1.4955e+18 1.3834e+18 1.3834e+18 1.3148e-01 0.0000e+00 4.3784e+04 0.0000e+00
3.3600e+03 1.3177e-11 7.9695e-01 2.2060e+03 4.4782e+03 4.4000e+03 1.5066e+18 1.3926e+18 1.3926e+18 1.3105e-01 0.0000e+00 4.3907e+04 0.0000e+00
3.3700e+03 1.3126e-11 7.9647e-01 2.2051e+03 4.4765e+03 4.4000e+03 1.5178e+18 1.4018e+18 1.4018e+18 1.3063e-01 0.0000e+00 4.4029e+04 0.0000e+00
3.3800e+03 1.3076e-11 7.9600e-01 2.2042e+03 4.4747e+03 4.4000e+03 1.5290e+18 1.4111e+18 1.4111e+18 1.3020e-01 0.0000e+00 4.4152e+04 0.0000e+00
3.3900e+03 1.3026e-11 7.9552e-01 2.2034e+03 4.4729e+03 4.4000e+03 1.5403e+18 1.4205e+18 1.4205e+18 1.2978e-01 0.0000e+00 4.4275e+04 0.0000e+00
3.4000e+03 1.2976e-11 7.9504e-01 2.2025e+03 4.4711e+03 4.4000e+03 1.5517e+18 1.4299e+18 1.4299e+18 1.2936e-01 0.0000e+00 4.4399e+04 0.0000e+00
3.4100e+03 1.2926e-11 7.9456e-01 2.2016e+03 4.4693e+03 4.4000e+03 1.5633e+18 1.4394e+18 1.4394e+18 1.2894e-01 0.0000e+00 4.4523e+04 0.0000e+00
3.4200e+03 1.2876e-11 7.9408e-01 2.2007e+03 4.4675e+03 4.4000e+03 1.5748e+18 1.4490e+18 1.4490e+18 1.2852e-01 0.0000e+00 4.4647e+04 0.0000e+00
3.4300e+03 1.2827e-11 7.9360e-01 2.1998e+03 4.4657e+03 4.4000e+03 1.5865e+18 1.4586e+18 1.4586e+18 1.2811e-01 0.0000e+00 4.4771e+04 0.0000e+00
3.4400e+03 1.2778e-11 7.9312e-01 2.1990e+03 4.4640e+03 4.4000e+03 1.5983e+18 1.4682e+18 1.4682e+18 1.2769e-01 0.0000e+00 4.4896e+04 0.0000e+00
3.4500e+03 1.2729e-11 7.9264e-01 2.1981e+03 4.4622e+03 4.4000e+03 1.6101e+18 1.4780e+18 1.4780e+18 1.2728e-01 0.0000e+00 4.5021e+04 0.0000e+00
3.4600e+03 1.2680e-11 7.9216e-01 2.1972e+03 4.4604e+03 4.4000e+03 1.6221e+18 1.4878e+18 1.4878e+18 1.2687e-01 0.0000e+00 4.5147e+04 0.0000e+00
3.4700e+03 1.2631e-11 7.9168e-01 2.1963e+03 4.4586e+03 4.4000e+03 1.6341e+18 1.4977e+18 1.4977e+18 1.2646e-01 0.0000e+00 4.5273e+04 0.0000e+00
3.4800e+03 1.2583e-11 7.9120e-01 2.1955e+03 4.4569e+03 4.4000e+03 1.6463e+18 1.5076e+18 1.5076e+18 1.2605e-01 0.0000e+00 4.5399e+04 0.0000e+00
3.4900e+03 1.2534e-11 7.9072e-01 2.1946e+03 4.4551e+03 4.4000e+03 1.6585e+18 1.5176e+18 1.5176e+18 1.2564e-01 0.0000e+00 4.5525e+04 0.0000e+00
3.5000e+03 1.2486e-11 7.9024e-01 2.1937e+03 4.4533e+03 4.4000e+03 1.6708e+18 1.5276e+18 1.5276e+18 1.2523e-01 0.0000e+00 4.5652e+04 0.0000e+00
3.5100e+03 1.2438e-11 7.8975e-01 2.1929e+03 4.4516e+03 4.4000e+03 1.6832e+18 1.5378e+18 1.5378e+18 1.2483e-01 0.0000e+00 4.5779e+04 0.0000e+00
3.5200e+03 1.2390e-11 7.8927e-01 2.1920e+03 4.4498e+03 4.4000e+03 1.6957e+18 1.5480e+18 1.5480e+18 1.2443e-01 0.0000e+00 4.5906e+04 0.0000e+00
3.5300e+03 1.2343e-11 7.8879e-01 2.1911e+03 4.4480e+03 4.4000e+03 1.7083e+18 1.5582e+18 1.5582e+18 1.2402e-01 0.0000e+00 4.6034e+04 0.0000e+00
3.5400e+03 1.2295e-11 7.8830e-01 2.1902e+03 4.4463e+03 4.4000e+03 1.7210e+18 1.5685e+18 1.5685e+18 1.2362e-01 0.0000e+00 4.6162e+04 0.0000e+00
3.5500e+03 1.2248e-11 7.8782e-01 2.1894e+03 4.4445e+03 4.4000e+03 1.7338e+18 1.5789e+18 1.5789e+18 1.2322e-01 0.0000e+00 4.6291e+04 0.0000e+00
3.5600e+03 1.2201e-11 7.8734e-01 2.1885e+03 4.4427e+03 4.4000e+03 1.7467e+18 1.5894e+18 1.5894e+18 1.2283e-01 0.0000e+00 4.6419e+04 0.0000e+00
3.5700e+03 1.2154e-11 7.8685e-01 2.1876e+03 4.4410e+03 4.4000e+03 1.7597e+18 1.5999e+18 1.5999e+18 1.2243e-01 0.0000e+00 4.6548e+04 0.0000e+00
3.5800e+03 1.2108e-11 7.8637e-01 2.1868e+03 4.4392e+03 4.4000e+03 1.7728e+18 1.6105e+18 1.6105e+18 1.2204e-01 0.0000e+00 4.6678e+04 0.0000e+00
3.5900e+03 1.2061e-11 7.8588e-01 2.1859e+03 4.4375e+03 4.4000e+03 1.7860e+18 1.6212e+18 1.6212e+18 1.2164e-01 0.0000e+00 4.6807e+04 0.0000e+00
3.6000e+03 1.2015e-11 7.8539e-01 2.1850e+03 4.4357e+03 4.4000e+03 1.7993e+18 1.6319e+18 1.6319e+18 1.2125e-01 0.0000e+00 4.6937e+04 0.0000e+00
3.6100e+03 1.1969e-11 7.8491e-01 2.1842e+03 4.4340e+03 4.4000e+03 1.8127e+18 1.6427e+18 1.6427e+18 1.2086e-01 0.0000e+00 4.7068e+04 0.0000e+00
3.6200e+03 1.1923e-11 7.8442e-01 2.1833e+03 4.4322e+03 4.4000e+03 1.8262e+18 1.6536e+18 1.6536e+18 1.2047e-01 0.0000e+00 4.7198e+04 0.0000e+00
3.6300e+03 1.1877e-11 7.8393e-01 2.1825e+03 4.4305e+03 4.4000e+03 1.8398e+18 1.6645e+18 1.6645e+18 1.2008e-01 0.0000e+00 4.7329e+04 0.0000e+00
3.6400e+03 1.1831e-11 7.8344e-01 2.1816e+03 4.4287e+03 4.4000e+03 1.8535e+18 1.6755e+18 1.6755e+18 1.1970e-01 0.0000e+00 4.7460e+04 0.0000e+00
3.6500e+03 1.1786e-11 7.8295e-01 2.1807e+03 4.4270e+03 4.4000e+03 1.8673e+18 1.6866e+18 1.6866e+18 1.1931e-01 0.0000e+00 4.7592e+04 0.0000e+00
3.6600e+03 1.1741e-11 7.8247e-01 2.1799e+03 4.4252e+03 4.4000e+03 1.8812e+18 1.6977e+18 1.6977e+18 1.1893e-01 0.0000e+00 4.7724e+04 0.0000e+00
3.6700e+03 1.1696e-11 7.8198e-01 2.1790e+03 4.4235e+03 4.4000e+03 1.8952e+18 1.7090e+18 1.7090e+18 1.1854e-01 0.0000e+00 4.7856e+04 0.0000e+00
3.6800e+03 1.1651e-11 7.8149e-01 2.1782e+03 4.4217e+03 4.4000e+03 1.9093e+18 1.7203e+18 1.7203e+18 1.1816e-01 0.0000e+00 4.7989e+04 0.0000e+00
3.6900e+03 1.1606e-11 7.8100e-01 2.1773e+03 4.4200e+03 4.4000e+03 1.9236e+18 1.7316e+18 1.7316e+18 1.1778e-01 0.0000e+00 4.8122e+04 0.0000e+00
3.7000e+03 1.1561e-11 7.8050e-01 2.1765e+03 4.4183e+03 4.4000e+03 1.9379e+18 1.7431e+18 1.7431e+18 1.1740e-01 0.0000e+00 4.8255e+04 0.0000e+00
3.7100e+03 1.1517e-11 7.8001e-01 2.1756e+03 4.4165e+03 4.4000e+03 1.9524e+18 1.7546e+18 1.7546e+18 1.1703e-01 0.0000e+00 4.8389e+04 0.0000e+00
3.7200e+03 1.1473e-11 7.7952e-01 2.1748e+03 4.4148e+03 4.4000e+03 1.9669e+18 1.7662e+18 1.7662e+18 1.1665e-01 0.0000e+00 4.8523e+04 0.0000e+00
3.7300e+03 1.1429e-11 7.7903e-01 2.1739e+03 4.4131e+03 4.4000e+03 1.9816e+18 1.7778e+18 1.7778e+18 1.1628e-01 0.0000e+00 4.8657e+04 0.0000e+00
3.7400e+03 1.1385e-11 7.7854e-01 2.1730e+03 4.4113e+03 4.4000e+03 1.9964e+18 1.7896e+18 1.7896e+18 1.1590e-01 0.0000e+00 4.8792e+04 0.0000e+00
3.7500e+03 1.1341e-11 7.7804e-01 2.1722e+03 4.4096e+03 4.4000e+03 2.0113e+18 1.8014e+18 1.8014e+18 1.1553e-01 0.0000e+00 4.8926e+04 0.0000e+00
3.7600e+03 1.1298e-11 7.7755e-01 2.1713e+03 4.4079e+03 4.4000e+03 2.0263e+18 1.8133e+18 1.8133e+18 1.1516e-01 0.0000e+00 4.9062e+04 0.0000e+00
3.7700e+03 1.1254e-11 7.7705e-01 2.1705e+03 4.4062e+03 4.4000e+03 2.0414e+18 1.8252e+18 1.8252e+18 1.1479e-01 0.0000e+00 4.9197e+04 0.0000e+00
3.7800e+03 1.1211e-11 7.7656e-01 2.1696e+03 4.4044e+03 4.4000e+03 2.0567e+18 1.8373e+18 1.8373e+18 1.1442e-01 0.0000e+00 4.9333e+04 0.0000e+00
3.7900e+03 1.1168e-11 7.7606e-01 2.1688e+03 4.4027e+03 4.4000e+03 2.0720e+18 1.8494e+18 1.8494e+18 1.1406e-01 0.0000e+00 4.9470e+04 0.0000e+00
3.8000e+03 1.1125e-11 7.7557e-01 2.1680e+03 4.4010e+03 4.4000e+03 2.0875e+18 1.8616e+18 1.8616e+18 1.1369e-01 0.0000e+00 4.9606e+04 0.0000e+00
3.8100e+03 1.1082e-11 7.7507e-01 2.1671e+03 4.3993e+03 4.4000e+03 2.1031e+18 1.8738e+18 1.8738e+18 1.1333e-01 0.0000e+00 4.9743e+04 0.0000e+00
3.8200e+03 1.1040e-11 7.7457e-01 2.1663e+03 4.3976e+03 4.4000e+03 2.1188e+18 1.8862e+18 1.8862e+18 1.1297e-01 0.0000e+00 4.9880e+04 0.0000e+00
3.8300e+03 1.0997e-11 7.7407e-01 2.1654e+03 4.3959e+03 4.4000e+03 2.1347e+18 1.8986e+18 1.8986e+18 1.1260e-01 0.0000e+00 5.0018e+04 0.0000e+00
3.8400e+03 1.0955e-11 7.7358e-01 2.1646e+03 4.3941e+03 4.4000e+03 2.1506e+18 1.9111e+18 1.9111e+18 1.1224e-01 0.0000e+00 5.0156e+04 0.0000e+00
3.8500e+03 1.0913e-11 7.7308e-01 2.1637e+03 4.3924e+03 4.4000e+03 2.1667e+18 1.9237e+18 1.9237e+18 1.1189e-01 0.0000e+00 5.0294e+04 0.0000e+00
3.8600e+03 1.0871e-11 7.7258e-01 2.1629e+03 4.3907e+03 4.4000e+03 2.1829e+18 1.9364e+18 1.9364e+18 1.1153e-01 0.0000e+00 5.0433e+04 0.0000e+00
3.8700e+03 1.0829e-11 7.7208e-01 2.1620e+03 4.3890e+03 4.4000e+03 2.1992e+18 1.9491e+18 1.9491e+18 1.1117e-01 0.0000e+00 5.0572e+04 0.0000e+00
3.8800e+03 1.0788e-11 7.7158e-01 2.1612e+03 4.3873e+03 4.4000e+03 2.2157e+18 1.9619e+18 1.9619e+18 1.1082e-01 0.0000e+00 5.0711e+04 0.0000e+00
3.8900e+03 1.0746e-11 7.7108e-01 2.1604e+03 4.3856e+03 4.4000e+03 2.2322e+18 1.9749e+18 1.9749e+18 1.1046e-01 0.0000e+00 5.0851e+04 0.0000e+00
3.9000e+03 1.0705e-11 7.7057e-01 2.1595e+03 4.3839e+03 4.4000e+03 2.2489e+18 1.9878e+18 1.9878e+18 1.1011e-01 0.0000e+00 5.0991e+04 0.0000e+00
3.9100e+03 1.0664e-11 7.7007e-01 2.1587e+03 4.3822e+03 4.4000e+03 2.2658e+18 2.0009e+18 2.0009e+18 1.0976e-01 0.0000e+00 5.1131e+04 0.0000e+00
3.9200e+03 1.0623e-11 7.6957e-01 2.1579e+03 4.3805e+03 4.4000e+03 2.2827e+18 2.0141e+18 2.0141e+18 1.0941e-01 0.0000e+00 5.1272e+04 0.0000e+00
3.9300e+03 1.0582e-11 7.6907e-01 2.1570e+03 4.3788e+03 4.4000e+03 2.2998e+18 2.0273e+18 2.0273e+18 1.0906e-01 0.0000e+00 5.1413e+04 0.0000e+00
3.9400e+03 1.0542e-11 7.6856e-01 2.1562e+03 4.3771e+03 4.4000e+03 2.3170e+18 2.0406e+18 2.0406e+18 1.0871e-01 0.0000e+00 5.1554e+04 0.0000e+00
3.9500e+03 1.0501e-11 7.6806e-01 2.1554e+03 4.3754e+03 4.4000e+03 2.3344e+18 2.0540e+18 2.0540e+18 1.0837e-01 0.0000e+00 5.1696e+04 0.0000e+00
3.9600e+03 1.0461e-11 7.6755e-01 2.1545e+03 4.3737e+03 4.4000e+03 2.3519e+18 2.0675e+18 2.0675e+18 1.0802e-01 0.0000e+00 5.1838e+04 0.0000e+00
3.9700e+03 1.0421e-11 7.6705e-01 2.1537e+03 4.3720e+03 4.4000e+03 2.3695e+18 2.0811e+18 2.0811e+18 1.0768e-01 0.0000e+00 5.1980e+04 0.0000e+00
3.9800e+03 1.0381e-11 7.6654e-01 2.1529e+03 4.3704e+03 4.4000e+03 2.3872e+18 2.0948e+18 2.0948e+18 1.0733e-01 0.0000e+00 5.2123e+04 0.0000e+00
3.9900e+03 1.0341e-11 7.6604e-01 2.1520e+03 4.3687e+03 4.4000e+03 2.4051e+18 2.1085e+18 2.1085e+18 1.0699e-01 0.0000e+00 5.2266e+04 0.0000e+00
4.0000e+03 1.0301e-11 7.6553e-01 2.1512e+03 4.3670e+03 4.4000e+03 2.4231e+18 2.1224e+18 2.1224e+18 1.0665e-01 0.0000e+00 5.2409e+04 0.0000e+00
4.0100e+03 1.0261e-11 7.6502e-01 2.1504e+03 4.3653e+03 4.4000e+03 2.4413e+18 2.1363e+18 2.1363e+18 1.0631e-01 0.0000e+00 5.2553e+04 0.0000e+00
4.0200e+03 1.0222e-11 7.6451e-01 2.1495e+03 4.3636e+03 4.4000e+03 2.4596e+18 2.1503e+18 2.1503e+18 1.0598e-01 0.0000e+00 5.2697e+04 0.0000e+00
4.0300e+03 1.0183e-11 7.6400e-01 2.1487e+03 4.3619e+03 4.4000e+03 2.4780e+18 2.1644e+18 2.1644e+18 1.0564e-01 0.0000e+00 5.2841e+04 0.0000e+00
4.0400e+03 1.0144e-11 7.6349e-01 2.1479e+03 4.3603e+03 4.4000e+03 2.4966e+18 2.1786e+18 2.1786e+18 1.0530e-01 0.0000e+00 5.2986e+04 0.0000e+00
4.0500e+03 1.0105e-11 7.6298e-01 2.1471e+03 4.3586e+03 4.4000e+03 2.5153e+18 2.1929e+18 2.1929e+18 1.0497e-01 0.0000e+00 5.3131e+04 0.0000e+00
4.0600e+03 1.0066e-11 7.6247e-01 2.1462e+03 4.3569e+03 4.4000e+03 2.5342e+18 2.2072e+18 2.2072e+18 1.0464e-01 0.0000e+00 5.3277e+04 0.0000e+00
4.0700e+03 1.0027e-11 7.6196e-01 2.1454e+03 4.3552e+03 4.4000e+03 2.5532e+18 2.2217e+18 2.2217e+18 1.0430e-01 0.0000e+00 5.3422e+04 0.0000e+00
4.0800e+03 9.9888e-12 7.6145e-01 2.1446e+03 4.3536e+03 4.4000e+03 2.5724e+18 2.2363e+18 2.2363e+18 1.0397e-01 0.0000e+00 5.3569e+04 0.0000e+00
4.0900e+03 9.9504e-12 7.6094e-01 2.1438e+03 4.3519e+03 4.4000e+03 2.5917e+18 2.2509e+18 2.2509e+18 1.0364e-01 0.0000e+00 5.3715e+04 0.0000e+00
4.1000e+03 9.9122e-12 7.6042e-01 2.1429e+03 4.3502e+03 4.4000e+03 2.6111e+18 2.2656e+18 2.2656e+18 1.0332e-01 0.0000e+00 5.3862e+04 0.0000e+00
4.1100e+03 9.8742e-12 7.5991e-01 2.1421e+03 4.3486e+03 4.4000e+03 2.6307e+18 2.2805e+18 2.2805e+18 1.0299e-01 0.0000e+00 5.4009e+04 0.0000e+00
4.1200e+03 9.8363e-12 7.5940e-01 2.1413e+03 4.3469e+03 4.4000e+03 2.6505e+18 2.2954e+18 2.2954e+18 1.0266e-01 0.0000e+00 5.4157e+04 0.0000e+00
4.1300e+03 9.7985e-12 7.5888e-01 2.1405e+03 4.3452e+03 4.4000e+03 2.6704e+18 2.3104e+18 2.3104e+18 1.0234e-01 0.0000e+00 5.4305e+04 0.0000e+00
4.1400e+03 9.7609e-12 7.5837e-01 2.1397e+03 4.3436e+03 4.4000e+03 2.6904e+18 2.3255e+18 2.3255e+18 1.0201e-01 0.0000e+00 5.4453e+04 0.0000e+00
4.1500e+03 9.7234e-12 7.5785e-01 2.1388e+03 4.3419e+03 4.4000e+03 2.7106e+18 2.3407e+18 2.3407e+18 1.0169e-01 0.0000e+00 5.4601e+04 0.0000e+00
4.1600e+03 9.6860e-12 7.5733e-01 2.1380e+03 4.3403e+03 4.4000e+03 2.7310e+18 2.3560e+18 2.3560e+18 1.0137e-01 0.0000e+00 5.4750e+04 0.0000e+00
4.1700e+03 9.6488e-12 7.5682e-01 2.1372e+03 4.3386e+03 4.4000e+03 2.7515e+18 2.3714e+18 2.3714e+18 1.0105e-01 0.0000e+00 5.4900e+04 0.0000e+00
4.1800e+03 9.6118e-12 7.5630e-01 2.1364e+03 4.3369e+03 4.4000e+03 2.7722e+18 2.3869e+18 2.3869e+18 1.0073e-01 0.0000e+00 5.5049e+04 0.0000e+00
4.1900e+03 9.5749e-12 7.5578e-01 2.1356e+03 4.3353e+03 4.4000e+03 2.7930e+18 2.4025e+18 2.4025e+18 1.0041e-01 0.0000e+00 5.5199e+04 0.0000e+00
4.2000e+03 9.5381e-12 7.5526e-01 2.1348e+03 4.3336e+03 4.4000e+03 2.8140e+18 2.4181e+18 2.4181e+18 1.0010e-01 0.0000e+00 5.5350e+04 0.0000e+00
4.2100e+03 9.5015e-12 7.5474e-01 2.1340e+03 4.3320e+03 4.4000e+03 2.8352e+18 2.4339e+18 2.4339e+18 9.9781e-02 0.0000e+00 5.5501e+04 0.0000e+00
4.2200e+03 9.4650e-12 7.5422e-01 2.1331e+03 4.3303e+03 4.4000e+03 2.8565e+18 2.4498e+18 2.4498e+18 9.9466e-02 0.0000e+00 5.5652e+04 0.0000e+00
4.2300e+03 9.4287e-12 7.5370e-01 2.1323e+03 4.3287e+03 4.4000e+03 2.8780e+18 2.4658e+18 2.4658e+18 9.9152e-02 0.0000e+00 5.5803e+04 0.0000e+00
4.2400e+03 9.3925e-12 7.5318e-01 2.1315e+03 4.3271e+03 4.4000e+03 2.8996e+18 2.4819e+18 2.4819e+18 9.8840e-02 0.0000e+00 5.5955e+04 0.0000e+00
4.2500e+03 9.3564e-12 7.5266e-01 2.1307e+03 4.3254e+03 4.4000e+03 2.9214e+18 2.4980e+18 2.4980e+18 9.8529e-02 0.0000e+00 5.6107e+04 0.0000e+00
4.2600e+03 9.3205e-12 7.5214e-01 2.1299e+03 4.3238e+03 4.4000e+03 2.9434e+18 2.5143e+18 2.5143e+18 9.8219e-02 0.0000e+00 5.6259e+04 0.0000e+00
4.2700e+03 9.2847e-12 7.5161e-01 2.1291e+03 4.3221e+03 4.4000e+03 2.9655e+18 2.5307e+18 2.5307e+18 9.7910e-02 0.0000e+00 5.6412e+04 0.0000e+00
4.2800e+03 9.2490e-12 7.5109e-01 2.1283e+03 4.3205e+03 4.4000e+03 2.9878e+18 2.5472e+18 2.5472e+18 9.7602e-02 0.0000e+00 5.6566e+04 0.0000e+00
4.2900e+03 9.2135e-12 7.5056e-01 2.1275e+03 4.3189e+03 4.4000e+03 3.0103e+18 2.5638e+18 2.5638e+18 9.7295e-02 0.0000e+00 5.6719e+04 0.0000e+00
4.3000e+03 9.1781e-12 7.5004e-01 2.1267e+03 4.3172e+03 4.4000e+03 3.0330e+18 2.5805e+18 2.5805e+18 9.6989e-02 0.0000e+00 5.6873e+04 0.0000e+00
4.3100e+03 9.1429e-12 7.4951e-01 2.1259e+03 4.3156e+03 4.4000e+03 3.0558e+18 2.5973e+18 2.5973e+18 9.6684e-02 0.0000e+00 5.7027e+04 0.0000e+00
4.3200e+03 9.1078e-12 7.4899e-01 2.1251e+03 4.3140e+03 4.4000e+03 3.0788e+18 2.6142e+18 2.6142e+18 9.6381e-02 0.0000e+00 5.7182e+04 0.0000e+00
4.3300e+03 9.0728e-12 7.4846e-01 2.1243e+03 4.3123e+03 4.4000e+03 3.1020e+18 2.6312e+18 2.6312e+18 9.6078e-02 0.0000e+00 5.7337e+04 0.0000e+00
4.3400e+03 9.0380e-12 7.4793e-01 2.1235e+03 4.3107e+03 4.4000e+03 3.1254e+18 2.6483e+18 2.6483e+18 9.5777e-02 0.0000e+00 5.7492e+04 0.0000e+00
4.3500e+03 9.0032e-12 7.4741e-01 2.1227e+03 4.3091e+03 4.4000e+03 3.1489e+18 2.6655e+18 2.6655e+18 9.5476e-02 0.0000e+00 5.7648e+04 0.0000e+00
4.3600e+03 8.9687e-12 7.4688e-01 2.1219e+03 4.3075e+03 4.4000e+03 3.1726e+18 2.6828e+18 2.6828e+18 9.5177e-02 0.0000e+00 5.7804e+04 0.0000e+00
4.3700e+03 8.9342e-12 7.4635e-01 2.1211e+03 4.3058e+03 4.4000e+03 3.1965e+18 2.7002e+18 2.7002e+18 9.4879e-02 0.0000e+00 5.7961e+04 0.0000e+00
4.3800e+03 8.8999e-12 7.4582e-01 2.1203e+03 4.3042e+03 4.4000e+03 3.2206e+18 2.7178e+18 2.7178e+18 9.4581e-02 0.0000e+00 5.8117e+04 0.0000e+00
4.3900e+03 8.8658e-12 7.4529e-01 2.1195e+03 4.3026e+03 4.4000e+03 3.2449e+18 2.7354e+18 2.7354e+18 9.4285e-02 0.0000e+00 5.8275e+04 0.0000e+00
4.4000e+03 8.8317e-12 7.4476e-01 2.1187e+03 4.3010e+03 4.4000e+03 3.2693e+18 2.7532e+18 2.7532e+18 9.3990e-02 0.0000e+00 5.8432e+04 0.0000e+00
4.4100e+03 8.7978e-12 7.4423e-01 2.1179e+03 4.2994e+03 4.4000e+03 3.2940e+18 2.7710e+18 2.7710e+18 9.3696e-02 0.0000e+00 5.8590e+04 0.0000e+00
4.4200e+03 8.7640e-12 7.4369e-01 2.1171e+03 4.2978e+03 4.4000e+03 3.3188e+18 2.7890e+18 2.7890e+18 9.3403e-02 0.0000e+00 5.8748e+04 0.0000e+00
4.4300e+03 8.7304e-12 7.4316e-01 2.1163e+03 4.2962e+03 4.4000e+03 3.3438e+18 2.8071e+18 2.8071e+18 9.3111e-02 0.0000e+00 5.8907e+04 0.0000e+00
4.4400e+03 8.6968e-12 7.4263e-01 2.1155e+03 4.2945e+03 4.4000e+03 3.3691e+18 2.8253e+18 2.8253e+18 9.2820e-02 0.0000e+00 5.9066e+04 0.0000e+00
4.4500e+03 8.6634e-12 7.4209e-01 2.1147e+03 4.2929e+03 4.4000e+03 3.3945e+18 2.8436e+18 2.8436e+18 9.2530e-02 0.0000e+00 5.9225e+04 0.0000e+00
4.4600e+03 8.6302e-12 7.4156e-01 2.1139e+03 4.2913e+03 4.4000e+03 3.4201e+18 2.8620e+18 2.8620e+18 9.2241e-02 0.0000e+00 5.9385e+04 0.0000e+00
4.4700e+03 8.5970e-12 7.4102e-01 2.1131e+03 4.2897e+03 4.4000e+03 3.4459e+18 2.8806e+18 2.8806e+18 9.1954e-02 0.0000e+00 5.9545e+04 0.0000e+00
4.4800e+03 8.5640e-12 7.4049e-01 2.1123e+03 4.2881e+03 4.4000e+03 3.4719e+18 2.8992e+18 2.8992e+18 9.1667e-02 0.0000e+00 5.9706e+04 0.0000e+00
4.4900e+03 8.5311e-12 7.3995e-01 2.1116e+03 4.2865e+03 4.4000e+03 3.4981e+18 2.9180e+18 2.9180e+18 9.1381e-02 0.0000e+00 5.9867e+04 0.0000e+00
4.5000e+03 8.4984e-12 7.3942e-01 2.1108e+03 4.2849e+03 4.4000e+03 3.5245e+18 2.9369e+18 2.9369e+18 9.1096e-02 0.0000e+00 6.0028e+04 0.0000e+00
4.5100e+03 8.4657e-12 7.3888e-01 2.1100e+03 4.2833e+03 4.4000e+03 3.5511e+18 2.9559e+18 2.9559e+18 9.0812e-02 0.0000e+00 6.0189e+04 0.0000e+00
4.5200e+03 8.4332e-12 7.3834e-01 2.1092e+03 4.2817e+03 4.4000e+03 3.5779e+18 2.9750e+18 2.9750e+18 9.0530e-02 0.0000e+00 6.0351e+04 0.0000e+00
4.5300e+03 8.4008e-12 7.3780e-01 2.1084e+03 4.2801e+03 4.4000e+03 3.6049e+18 2.9942e+18 2.9942e+18 9.0248e-02 0.0000e+00 6.0514e+04 0.0000e+00
4.5400e+03 8.3686e-12 7.3726e-01 2.1076e+03 4.2785e+03 4.4000e+03 3.6321e+18 3.0135e+18 3.0135e+18 8.9967e-02 0.0000e+00 6.0676e+04 0.0000e+00
4.5500e+03 0.0000e+00 0.0000e+00 2.1068e+03 0.0000e+00 4.4000e+03 0.0000e+00 0.0000e+00 0.0000e+00 0.0000e+00 0.0000e+00 0.0000e+00 0.0000e+00
