0.0000e+00 4.8000e-11 3.3538e+01 1.7000e+03 5.6343e+03 5.7000e+03 2.7481e+20 2.0738e+19 2.0738e+19 1.5535e-02 0.0000e+00 2.7268e+05 0.0000e+00
1.0000e+01 4.7816e-11 3.1160e+01 1.7122e+03 5.6749e+03 5.7000e+03 3.3182e+21 1.8074e+19 1.8074e+19 1.6656e-02 0.0000e+00 2.5653e+05 0.0000e+00
2.0000e+01 4.7632e-11 2.8987e+01 1.7244e+03 5.7152e+03 5.7000e+03 2.3100e+21 1.5795e+19 1.5795e+19 1.7836e-02 0.0000e+00 2.4161e+05 0.0000e+00
3.0000e+01 4.7449e-11 2.7000e+01 1.7365e+03 5.7553e+03 5.7000e+03 1.6416e+21 1.3842e+19 1.3842e+19 1.9075e-02 0.0000e+00 2.2781e+05 0.0000e+00
4.0000e+01 4.7267e-11 2.5180e+01 1.7485e+03 5.7951e+03 5.7000e+03 1.1888e+21 1.2163e+19 1.2163e+19 2.0375e-02 0.0000e+00 2.1504e+05 0.0000e+00
5.0000e+01 4.7085e-11 2.3511e+01 1.7604e+03 5.8346e+03 5.7000e+03 8.7591e+20 1.0715e+19 1.0715e+19 2.1738e-02 0.0000e+00 2.0321e+05 0.0000e+00
6.0000e+01 4.6905e-11 2.1978e+01 1.7723e+03 5.8739e+03 5.7000e+03 6.5570e+20 9.4632e+18 9.4632e+18 2.3164e-02 0.0000e+00 1.9223e+05 0.0000e+00
7.0000e+01 4.6725e-11 2.0570e+01 1.7840e+03 5.9128e+03 5.7000e+03 4.9809e+20 8.3788e+18 8.3788e+18 2.4656e-02 0.0000e+00 1.8203e+05 0.0000e+00
8.0000e+01 4.6545e-11 1.9273e+01 1.7957e+03 5.9516e+03 5.7000e+03 3.8351e+20 7.4368e+18 7.4368e+18 2.6213e-02 0.0000e+00 1.7255e+05 0.0000e+00
9.0000e+01 4.6366e-11 1.8078e+01 1.8073e+03 5.9900e+03 5.7000e+03 2.9899e+20 6.6165e+18 6.6165e+18 2.7838e-02 0.0000e+00 1.6373e+05 0.0000e+00
1.0000e+02 4.6188e-11 1.6976e+01 1.8188e+03 6.0282e+03 5.7000e+03 2.3581e+20 5.9005e+18 5.9005e+18 2.9532e-02 0.0000e+00 1.5551e+05 0.0000e+00
1.1000e+02 4.6011e-11 1.5959e+01 1.8303e+03 6.0660e+03 5.7000e+03 1.8799e+20 5.2740e+18 5.2740e+18 3.1294e-02 0.0000e+00 1.4785e+05 0.0000e+00
1.2000e+02 4.5834e-11 1.5018e+01 1.8416e+03 6.1036e+03 5.7000e+03 1.5137e+20 4.7248e+18 4.7248e+18 3.3127e-02 0.0000e+00 1.4069e+05 0.0000e+00
1.3000e+02 4.5658e-11 1.4147e+01 1.8528e+03 6.1408e+03 5.7000e+03 1.2302e+20 4.2420e+18 4.2420e+18 3.5030e-02 0.0000e+00 1.3401e+05 0.0000e+00
1.4000e+02 4.5483e-11 1.3341e+01 1.8640e+03 6.1778e+03 5.7000e+03 1.0085e+20 3.8169e+18 3.8169e+18 3.7004e-02 0.0000e+00 1.2777e+05 0.0000e+00
1.5000e+02 4.5308e-11 1.2594e+01 1.8750e+03 6.2144e+03 5.7000e+03 8.3350e+19 3.4417e+18 3.4417e+18 3.9051e-02 0.0000e+00 1.2192e+05 0.0000e+00
1.6000e+02 4.5134e-11 1.1900e+01 1.8860e+03 6.2508e+03 5.7000e+03 6.9412e+19 3.1099e+18 3.1099e+18 4.1169e-02 0.0000e+00 1.1645e+05 0.0000e+00
1.7000e+02 4.4961e-11 1.1255e+01 1.8969e+03 6.2868e+03 5.7000e+03 5.8218e+19 2.8158e+18 2.8158e+18 4.3360e-02 0.0000e+00 1.1132e+05 0.0000e+00
1.8000e+02 4.4788e-11 1.0656e+01 1.9076e+03 6.3225e+03 5.7000e+03 4.9158e+19 2.5547e+18 2.5547e+18 4.5623e-02 0.0000e+00 1.0650e+05 0.0000e+00
1.9000e+02 4.4616e-11 1.0098e+01 1.9183e+03 6.3578e+03 5.7000e+03 4.1771e+19 2.3225e+18 2.3225e+18 4.7958e-02 0.0000e+00 1.0198e+05 0.0000e+00
2.0000e+02 4.4445e-11 9.5782e+00 1.9289e+03 6.3928e+03 5.7000e+03 3.5705e+19 2.1154e+18 2.1154e+18 5.0366e-02 0.0000e+00 9.7737e+04 0.0000e+00
2.1000e+02 4.4274e-11 9.0938e+00 1.9393e+03 6.4275e+03 5.7000e+03 3.0693e+19 1.9305e+18 1.9305e+18 5.2845e-02 0.0000e+00 9.3745e+04 0.0000e+00
2.2000e+02 4.4104e-11 8.6417e+00 1.9497e+03 6.4618e+03 5.7000e+03 2.6525e+19 1.7651e+18 1.7651e+18 5.5396e-02 0.0000e+00 8.9988e+04 0.0000e+00
2.3000e+02 4.3935e-11 8.2195e+00 1.9599e+03 6.4958e+03 5.7000e+03 2.3039e+19 1.6168e+18 1.6168e+18 5.8018e-02 0.0000e+00 8.6452e+04 0.0000e+00
2.4000e+02 4.3766e-11 7.8249e+00 1.9701e+03 6.5294e+03 5.7000e+03 2.0107e+19 1.4837e+18 1.4837e+18 6.0710e-02 0.0000e+00 8.3120e+04 0.0000e+00
2.5000e+02 4.3598e-11 7.4558e+00 1.9801e+03 6.5627e+03 5.7000e+03 1.7628e+19 1.3641e+18 1.3641e+18 6.3471e-02 0.0000e+00 7.9978e+04 0.0000e+00
2.6000e+02 4.3431e-11 7.1102e+00 1.9900e+03 6.5955e+03 5.7000e+03 1.5522e+19 1.2562e+18 1.2562e+18 6.6300e-02 0.0000e+00 7.7014e+04 0.0000e+00
2.7000e+02 4.3264e-11 6.7865e+00 1.9998e+03 6.6280e+03 5.7000e+03 1.3724e+19 1.1589e+18 1.1589e+18 6.9196e-02 0.0000e+00 7.4216e+04 0.0000e+00
2.8000e+02 4.3098e-11 6.4829e+00 2.0095e+03 6.6602e+03 5.7000e+03 1.2182e+19 1.0710e+18 1.0710e+18 7.2158e-02 0.0000e+00 7.1573e+04 0.0000e+00
2.9000e+02 4.2932e-11 6.1981e+00 2.0191e+03 6.6919e+03 5.7000e+03 1.0855e+19 9.9143e+17 9.9143e+17 7.5183e-02 0.0000e+00 6.9075e+04 0.0000e+00
3.0000e+02 4.2768e-11 5.9307e+00 2.0286e+03 6.7233e+03 5.7000e+03 9.7065e+18 9.1927e+17 9.1927e+17 7.8271e-02 0.0000e+00 6.6712e+04 0.0000e+00
3.1000e+02 4.2603e-11 5.6795e+00 2.0379e+03 6.7542e+03 5.7000e+03 8.7100e+18 8.5377e+17 8.5377e+17 8.1420e-02 0.0000e+00 6.4477e+04 0.0000e+00
3.2000e+02 4.2440e-11 5.4432e+00 2.0471e+03 6.7848e+03 5.7000e+03 7.8417e+18 7.9420e+17 7.9420e+17 8.4628e-02 0.0000e+00 6.2360e+04 0.0000e+00
3.3000e+02 4.2277e-11 5.2209e+00 2.0562e+03 6.8150e+03 5.7000e+03 7.0825e+18 7.3996e+17 7.3996e+17 8.7892e-02 0.0000e+00 6.0355e+04 0.0000e+00
3.4000e+02 4.2114e-11 5.0117e+00 2.0652e+03 6.8448e+03 5.7000e+03 6.4164e+18 6.9050e+17 6.9050e+17 9.1211e-02 0.0000e+00 5.8454e+04 0.0000e+00
3.5000e+02 4.1953e-11 4.8145e+00 2.0741e+03 6.8741e+03 5.7000e+03 5.8301e+18 6.4534e+17 6.4534e+17 9.4582e-02 0.0000e+00 5.6652e+04 0.0000e+00
3.6000e+02 4.1792e-11 4.6286e+00 2.0828e+03 6.9031e+03 5.7000e+03 5.3125e+18 6.0404e+17 6.0404e+17 9.8002e-02 0.0000e+00 5.4942e+04 0.0000e+00
3.7000e+02 4.1631e-11 4.4532e+00 2.0914e+03 6.9316e+03 5.7000e+03 4.8541e+18 5.6622e+17 5.6622e+17 1.0147e-01 0.0000e+00 5.3319e+04 0.0000e+00
3.8000e+02 4.1471e-11 4.2877e+00 2.0999e+03 6.9597e+03 5.7000e+03 4.4470e+18 5.3155e+17 5.3155e+17 1.0498e-01 0.0000e+00 5.1777e+04 0.0000e+00
3.9000e+02 4.1312e-11 4.1314e+00 2.1083e+03 6.9874e+03 5.7000e+03 4.0844e+18 4.9973e+17 4.9973e+17 1.0854e-01 0.0000e+00 5.0313e+04 0.0000e+00
4.0000e+02 4.1153e-11 3.9837e+00 2.1165e+03 7.0147e+03 5.7000e+03 3.7607e+18 4.7048e+17 4.7048e+17 1.1213e-01 0.0000e+00 4.8921e+04 0.0000e+00
4.1000e+02 4.0995e-11 3.8439e+00 2.1246e+03 7.0416e+03 5.7000e+03 3.4710e+18 4.4356e+17 4.4356e+17 1.1576e-01 0.0000e+00 4.7597e+04 0.0000e+00
4.2000e+02 4.0838e-11 3.7118e+00 2.1326e+03 7.0680e+03 5.7000e+03 3.2110e+18 4.1876e+17 4.1876e+17 1.1942e-01 0.0000e+00 4.6338e+04 0.0000e+00
4.3000e+02 4.0681e-11 3.5866e+00 2.1404e+03 7.0940e+03 5.7000e+03 2.9771e+18 3.9588e+17 3.9588e+17 1.2311e-01 0.0000e+00 4.5139e+04 0.0000e+00
4.4000e+02 4.0525e-11 3.4681e+00 2.1481e+03 7.1195e+03 5.7000e+03 2.7663e+18 3.7475e+17 3.7475e+17 1.2683e-01 0.0000e+00 4.3998e+04 0.0000e+00
4.5000e+02 4.0369e-11 3.3558e+00 2.1557e+03 7.1446e+03 5.7000e+03 2.5758e+18 3.5522e+17 3.5522e+17 1.3057e-01 0.0000e+00 4.2911e+04 0.0000e+00
4.6000e+02 4.0214e-11 3.2493e+00 2.1631e+03 7.1693e+03 5.7000e+03 2.4034e+18 3.3714e+17 3.3714e+17 1.3434e-01 0.0000e+00 4.1876e+04 0.0000e+00
4.7000e+02 4.0060e-11 3.1482e+00 2.1705e+03 7.1936e+03 5.7000e+03 2.2470e+18 3.2039e+17 3.2039e+17 1.3811e-01 0.0000e+00 4.0889e+04 0.0000e+00
4.8000e+02 3.9906e-11 3.0523e+00 2.1776e+03 7.2174e+03 5.7000e+03 2.1048e+18 3.0485e+17 3.0485e+17 1.4191e-01 0.0000e+00 3.9948e+04 0.0000e+00
4.9000e+02 3.9753e-11 2.9612e+00 2.1847e+03 7.2407e+03 5.7000e+03 1.9754e+18 2.9043e+17 2.9043e+17 1.4571e-01 0.0000e+00 3.9050e+04 0.0000e+00
5.0000e+02 3.9600e-11 2.8747e+00 2.1916e+03 7.2637e+03 5.7000e+03 1.8573e+18 2.7702e+17 2.7702e+17 1.4952e-01 0.0000e+00 3.8194e+04 0.0000e+00
5.1000e+02 3.9448e-11 2.7924e+00 2.1984e+03 7.2862e+03 5.7000e+03 1.7493e+18 2.6454e+17 2.6454e+17 1.5334e-01 0.0000e+00 3.7377e+04 0.0000e+00
5.2000e+02 3.9297e-11 2.7142e+00 2.2051e+03 7.3082e+03 5.7000e+03 1.6505e+18 2.5293e+17 2.5293e+17 1.5715e-01 0.0000e+00 3.6597e+04 0.0000e+00
5.3000e+02 3.9146e-11 2.6397e+00 2.2116e+03 7.3298e+03 5.7000e+03 1.5599e+18 2.4210e+17 2.4210e+17 1.6096e-01 0.0000e+00 3.5852e+04 0.0000e+00
5.4000e+02 3.8995e-11 2.5689e+00 2.2180e+03 7.3510e+03 5.7000e+03 1.4767e+18 2.3201e+17 2.3201e+17 1.6477e-01 0.0000e+00 3.5140e+04 0.0000e+00
5.5000e+02 3.8846e-11 2.5014e+00 2.2242e+03 7.3718e+03 5.7000e+03 1.4002e+18 2.2258e+17 2.2258e+17 1.6856e-01 0.0000e+00 3.4460e+04 0.0000e+00
5.6000e+02 3.8696e-11 2.4371e+00 2.2303e+03 7.3921e+03 5.7000e+03 1.3297e+18 2.1376e+17 2.1376e+17 1.7234e-01 0.0000e+00 3.3811e+04 0.0000e+00
5.7000e+02 3.8548e-11 2.3758e+00 2.2363e+03 7.4119e+03 5.7000e+03 1.2647e+18 2.0552e+17 2.0552e+17 1.7611e-01 0.0000e+00 3.3190e+04 0.0000e+00
5.8000e+02 3.8400e-11 2.3174e+00 2.2422e+03 7.4314e+03 5.7000e+03 1.2046e+18 1.9780e+17 1.9780e+17 1.7986e-01 0.0000e+00 3.2596e+04 0.0000e+00
5.9000e+02 3.8252e-11 2.2616e+00 2.2479e+03 7.4504e+03 5.7000e+03 1.1491e+18 1.9058e+17 1.9058e+17 1.8358e-01 0.0000e+00 3.2028e+04 0.0000e+00
6.0000e+02 3.8105e-11 2.2084e+00 2.2536e+03 7.4690e+03 5.7000e+03 1.0976e+18 1.8380e+17 1.8380e+17 1.8728e-01 0.0000e+00 3.1485e+04 0.0000e+00
6.1000e+02 3.7959e-11 2.1576e+00 2.2590e+03 7.4871e+03 5.7000e+03 1.0499e+18 1.7744e+17 1.7744e+17 1.9096e-01 0.0000e+00 3.0966e+04 0.0000e+00
6.2000e+02 3.7813e-11 2.1091e+00 2.2644e+03 7.5049e+03 5.7000e+03 1.0056e+18 1.7147e+17 1.7147e+17 1.9460e-01 0.0000e+00 3.0469e+04 0.0000e+00
6.3000e+02 3.7668e-11 2.0628e+00 2.2696e+03 7.5222e+03 5.7000e+03 9.6447e+17 1.6586e+17 1.6586e+17 1.9821e-01 0.0000e+00 2.9993e+04 0.0000e+00
6.4000e+02 3.7524e-11 2.0185e+00 2.2747e+03 7.5391e+03 5.7000e+03 9.2618e+17 1.6059e+17 1.6059e+17 2.0178e-01 0.0000e+00 2.9538e+04 0.0000e+00
6.5000e+02 3.7379e-11 1.9761e+00 2.2797e+03 7.5556e+03 5.7000e+03 8.9051e+17 1.5563e+17 1.5563e+17 2.0532e-01 0.0000e+00 2.9102e+04 0.0000e+00
6.6000e+02 3.7236e-11 1.9356e+00 2.2845e+03 7.5717e+03 5.7000e+03 8.5725e+17 1.5096e+17 1.5096e+17 2.0881e-01 0.0000e+00 2.8685e+04 0.0000e+00
6.7000e+02 3.7093e-11 1.8968e+00 2.2893e+03 7.5874e+03 5.7000e+03 8.2622e+17 1.4656e+17 1.4656e+17 2.1226e-01 0.0000e+00 2.8285e+04 0.0000e+00
6.8000e+02 3.6950e-11 1.8597e+00 2.2939e+03 7.6026e+03 5.7000e+03 7.9722e+17 1.4241e+17 1.4241e+17 2.1567e-01 0.0000e+00 2.7902e+04 0.0000e+00
6.9000e+02 3.6809e-11 1.8241e+00 2.2984e+03 7.6175e+03 5.7000e+03 7.7011e+17 1.3850e+17 1.3850e+17 2.1903e-01 0.0000e+00 2.7536e+04 0.0000e+00
7.0000e+02 3.6667e-11 1.7901e+00 2.3027e+03 7.6320e+03 5.7000e+03 7.4474e+17 1.3481e+17 1.3481e+17 2.2234e-01 0.0000e+00 2.7185e+04 0.0000e+00
7.1000e+02 3.6526e-11 1.7574e+00 2.3070e+03 7.6461e+03 5.7000e+03 7.2097e+17 1.3133e+17 1.3133e+17 2.2559e-01 0.0000e+00 2.6849e+04 0.0000e+00
7.2000e+02 3.6386e-11 1.7261e+00 2.3111e+03 7.6598e+03 5.7000e+03 6.9869e+17 1.2803e+17 1.2803e+17 2.2880e-01 0.0000e+00 2.6527e+04 0.0000e+00
7.3000e+02 3.6246e-11 1.6962e+00 2.3152e+03 7.6731e+03 5.7000e+03 6.7779e+17 1.2492e+17 1.2492e+17 2.3195e-01 0.0000e+00 2.6219e+04 0.0000e+00
7.4000e+02 3.6107e-11 1.6674e+00 2.3191e+03 7.6861e+03 5.7000e+03 6.5817e+17 1.2198e+17 1.2198e+17 2.3505e-01 0.0000e+00 2.5923e+04 0.0000e+00
7.5000e+02 3.5969e-11 1.6398e+00 2.3229e+03 7.6987e+03 5.7000e+03 6.3974e+17 1.1920e+17 1.1920e+17 2.3809e-01 0.0000e+00 2.5640e+04 0.0000e+00
7.6000e+02 3.5830e-11 1.6133e+00 2.3265e+03 7.7109e+03 5.7000e+03 6.2241e+17 1.1657e+17 1.1657e+17 2.4107e-01 0.0000e+00 2.5369e+04 0.0000e+00
7.7000e+02 3.5693e-11 1.5879e+00 2.3301e+03 7.7228e+03 5.7000e+03 6.0611e+17 1.1408e+17 1.1408e+17 2.4399e-01 0.0000e+00 2.5110e+04 0.0000e+00
7.8000e+02 3.5556e-11 1.5634e+00 2.3336e+03 7.7343e+03 5.7000e+03 5.9077e+17 1.1172e+17 1.1172e+17 2.4685e-01 0.0000e+00 2.4861e+04 0.0000e+00
7.9000e+02 3.5419e-11 1.5400e+00 2.3370e+03 7.7454e+03 5.7000e+03 5.7632e+17 1.0949e+17 1.0949e+17 2.4964e-01 0.0000e+00 2.4623e+04 0.0000e+00
8.0000e+02 3.5283e-11 1.5174e+00 2.3402e+03 7.7563e+03 5.7000e+03 5.6271e+17 1.0737e+17 1.0737e+17 2.5238e-01 0.0000e+00 2.4395e+04 0.0000e+00
8.1000e+02 3.5148e-11 1.4958e+00 2.3434e+03 7.7667e+03 5.7000e+03 5.4987e+17 1.0537e+17 1.0537e+17 2.5505e-01 0.0000e+00 2.4176e+04 0.0000e+00
8.2000e+02 3.5013e-11 1.4749e+00 2.3465e+03 7.7769e+03 5.7000e+03 5.3777e+17 1.0347e+17 1.0347e+17 2.5766e-01 0.0000e+00 2.3967e+04 0.0000e+00
8.3000e+02 3.4878e-11 1.4549e+00 2.3494e+03 7.7867e+03 5.7000e+03 5.2635e+17 1.0166e+17 1.0166e+17 2.6021e-01 0.0000e+00 2.3767e+04 0.0000e+00
8.4000e+02 3.4744e-11 1.4356e+00 2.3523e+03 7.7962e+03 5.7000e+03 5.1556e+17 9.9954e+16 9.9954e+16 2.6269e-01 0.0000e+00 2.3575e+04 0.0000e+00
8.5000e+02 3.4611e-11 1.4171e+00 2.3551e+03 7.8054e+03 5.7000e+03 5.0538e+17 9.8332e+16 9.8332e+16 2.6510e-01 0.0000e+00 2.3392e+04 0.0000e+00
8.6000e+02 3.4478e-11 1.3992e+00 2.3577e+03 7.8143e+03 5.7000e+03 4.9577e+17 9.6794e+16 9.6794e+16 2.6745e-01 0.0000e+00 2.3216e+04 0.0000e+00
8.7000e+02 3.4346e-11 1.3821e+00 2.3603e+03 7.8228e+03 5.7000e+03 4.8668e+17 9.5334e+16 9.5334e+16 2.6974e-01 0.0000e+00 2.3048e+04 0.0000e+00
8.8000e+02 3.4214e-11 1.3655e+00 2.3628e+03 7.8311e+03 5.7000e+03 4.7809e+17 9.3949e+16 9.3949e+16 2.7196e-01 0.0000e+00 2.2887e+04 0.0000e+00
8.9000e+02 3.4082e-11 1.3496e+00 2.3652e+03 7.8391e+03 5.7000e+03 4.6998e+17 9.2635e+16 9.2635e+16 2.7412e-01 0.0000e+00 2.2734e+04 0.0000e+00
9.0000e+02 3.3952e-11 1.3342e+00 2.3675e+03 7.8468e+03 5.7000e+03 4.6230e+17 9.1388e+16 9.1388e+16 2.7621e-01 0.0000e+00 2.2587e+04 0.0000e+00
9.1000e+02 3.3821e-11 1.3194e+00 2.3698e+03 7.8542e+03 5.7000e+03 4.5505e+17 9.0205e+16 9.0205e+16 2.7823e-01 0.0000e+00 2.2446e+04 0.0000e+00
9.2000e+02 3.3691e-11 1.3051e+00 2.3719e+03 7.8613e+03 5.7000e+03 4.4819e+17 8.9083e+16 8.9083e+16 2.8019e-01 0.0000e+00 2.2312e+04 0.0000e+00
9.3000e+02 3.3562e-11 1.2914e+00 2.3740e+03 7.8682e+03 5.7000e+03 4.4170e+17 8.8018e+16 8.8018e+16 2.8209e-01 0.0000e+00 2.2184e+04 0.0000e+00
9.4000e+02 3.3433e-11 1.2781e+00 2.3760e+03 7.8748e+03 5.7000e+03 4.3556e+17 8.7008e+16 8.7008e+16 2.8392e-01 0.0000e+00 2.2062e+04 0.0000e+00
9.5000e+02 3.3305e-11 1.2653e+00 2.3779e+03 7.8811e+03 5.7000e+03 4.2976e+17 8.6051e+16 8.6051e+16 2.8569e-01 0.0000e+00 2.1946e+04 0.0000e+00
9.6000e+02 3.3177e-11 1.2530e+00 2.3797e+03 7.8872e+03 5.7000e+03 4.2428e+17 8.5143e+16 8.5143e+16 2.8740e-01 0.0000e+00 2.1834e+04 0.0000e+00
9.7000e+02 3.3049e-11 1.2411e+00 2.3815e+03 7.8930e+03 5.7000e+03 4.1909e+17 8.4282e+16 8.4282e+16 2.8905e-01 0.0000e+00 2.1728e+04 0.0000e+00
9.8000e+02 3.2923e-11 1.2296e+00 2.3832e+03 7.8986e+03 5.7000e+03 4.1419e+17 8.3467e+16 8.3467e+16 2.9063e-01 0.0000e+00 2.1627e+04 0.0000e+00
9.9000e+02 3.2796e-11 1.2185e+00 2.3848e+03 7.9040e+03 5.7000e+03 4.0956e+17 8.2695e+16 8.2695e+16 2.9215e-01 0.0000e+00 2.1531e+04 0.0000e+00
1.0000e+03 3.2670e-11 1.2077e+00 2.3863e+03 7.9091e+03 5.7000e+03 4.0518e+17 8.1963e+16 8.1963e+16 2.9361e-01 0.0000e+00 2.1440e+04 0.0000e+00
1.0100e+03 3.2545e-11 1.1974e+00 2.3878e+03 7.9140e+03 5.7000e+03 4.0106e+17 8.1272e+16 8.1272e+16 2.9502e-01 0.0000e+00 2.1353e+04 0.0000e+00
1.0200e+03 3.2420e-11 1.1874e+00 2.3892e+03 7.9186e+03 5.7000e+03 3.9716e+17 8.0617e+16 8.0617e+16 2.9636e-01 0.0000e+00 2.1270e+04 0.0000e+00
1.0300e+03 3.2295e-11 1.1777e+00 2.3906e+03 7.9231e+03 5.7000e+03 3.9348e+17 7.9999e+16 7.9999e+16 2.9765e-01 0.0000e+00 2.1192e+04 0.0000e+00
1.0400e+03 3.2171e-11 1.1683e+00 2.3919e+03 7.9273e+03 5.7000e+03 3.9002e+17 7.9415e+16 7.9415e+16 2.9888e-01 0.0000e+00 2.1118e+04 0.0000e+00
1.0500e+03 3.2048e-11 1.1593e+00 2.3931e+03 7.9314e+03 5.7000e+03 3.8675e+17 7.8864e+16 7.8864e+16 3.0005e-01 0.0000e+00 2.1047e+04 0.0000e+00
1.0600e+03 3.1925e-11 1.1506e+00 2.3942e+03 7.9352e+03 5.7000e+03 3.8368e+17 7.8345e+16 7.8345e+16 3.0117e-01 0.0000e+00 2.0981e+04 0.0000e+00
1.0700e+03 3.1802e-11 1.1421e+00 2.3953e+03 7.9389e+03 5.7000e+03 3.8079e+17 7.7856e+16 7.7856e+16 3.0223e-01 0.0000e+00 2.0918e+04 0.0000e+00
1.0800e+03 3.1680e-11 1.1339e+00 2.3964e+03 7.9423e+03 5.7000e+03 3.7808e+17 7.7396e+16 7.7396e+16 3.0324e-01 0.0000e+00 2.0858e+04 0.0000e+00
1.0900e+03 3.1558e-11 1.1260e+00 2.3974e+03 7.9456e+03 5.7000e+03 3.7554e+17 7.6964e+16 7.6964e+16 3.0420e-01 0.0000e+00 2.0802e+04 0.0000e+00
1.1000e+03 3.1437e-11 1.1184e+00 2.3983e+03 7.9486e+03 5.7000e+03 3.7315e+17 7.6559e+16 7.6559e+16 3.0511e-01 0.0000e+00 2.0750e+04 0.0000e+00
1.1100e+03 3.1316e-11 1.1110e+00 2.3992e+03 7.9515e+03 5.7000e+03 3.7092e+17 7.6179e+16 7.6179e+16 3.0596e-01 0.0000e+00 2.0700e+04 0.0000e+00
1.1200e+03 3.1196e-11 1.1038e+00 2.4000e+03 7.9543e+03 5.7000e+03 3.6884e+17 7.5824e+16 7.5824e+16 3.0677e-01 0.0000e+00 2.0654e+04 0.0000e+00
1.1300e+03 3.1076e-11 1.0968e+00 2.4007e+03 7.9568e+03 5.7000e+03 3.6690e+17 7.5493e+16 7.5493e+16 3.0752e-01 0.0000e+00 2.0610e+04 0.0000e+00
1.1400e+03 3.0957e-11 1.0901e+00 2.4015e+03 7.9592e+03 5.7000e+03 3.6509e+17 7.5185e+16 7.5185e+16 3.0823e-01 0.0000e+00 2.0570e+04 0.0000e+00
1.1500e+03 3.0838e-11 1.0836e+00 2.4021e+03 7.9614e+03 5.7000e+03 3.6342e+17 7.4899e+16 7.4899e+16 3.0890e-01 0.0000e+00 2.0532e+04 0.0000e+00
1.1600e+03 3.0720e-11 1.0773e+00 2.4028e+03 7.9635e+03 5.7000e+03 3.6187e+17 7.4634e+16 7.4634e+16 3.0952e-01 0.0000e+00 2.0498e+04 0.0000e+00
1.1700e+03 3.0602e-11 1.0712e+00 2.4033e+03 7.9654e+03 5.7000e+03 3.6044e+17 7.4389e+16 7.4389e+16 3.1009e-01 0.0000e+00 2.0465e+04 0.0000e+00
1.1800e+03 3.0484e-11 1.0652e+00 2.4039e+03 7.9672e+03 5.7000e+03 3.5913e+17 7.4165e+16 7.4165e+16 3.1062e-01 0.0000e+00 2.0436e+04 0.0000e+00
1.1900e+03 3.0367e-11 1.0595e+00 2.4044e+03 7.9688e+03 5.7000e+03 3.5793e+17 7.3959e+16 7.3959e+16 3.1110e-01 0.0000e+00 2.0408e+04 0.0000e+00
1.2000e+03 3.0251e-11 1.0539e+00 2.4048e+03 7.9703e+03 5.7000e+03 3.5683e+17 7.3772e+16 7.3772e+16 3.1155e-01 0.0000e+00 2.0384e+04 0.0000e+00
1.2100e+03 3.0134e-11 1.0485e+00 2.4052e+03 7.9717e+03 5.7000e+03 3.5584e+17 7.3602e+16 7.3602e+16 3.1195e-01 0.0000e+00 2.0361e+04 0.0000e+00
1.2200e+03 3.0019e-11 1.0433e+00 2.4056e+03 7.9729e+03 5.7000e+03 3.5495e+17 7.3450e+16 7.3450e+16 3.1232e-01 0.0000e+00 2.0341e+04 0.0000e+00
1.2300e+03 2.9903e-11 1.0382e+00 2.4059e+03 7.9740e+03 5.7000e+03 3.5416e+17 7.3314e+16 7.3314e+16 3.1264e-01 0.0000e+00 2.0323e+04 0.0000e+00
1.2400e+03 2.9789e-11 1.0332e+00 2.4062e+03 7.9749e+03 5.7000e+03 3.5346e+17 7.3195e+16 7.3195e+16 3.1293e-01 0.0000e+00 2.0307e+04 0.0000e+00
1.2500e+03 2.9674e-11 1.0284e+00 2.4065e+03 7.9757e+03 5.7000e+03 3.5286e+17 7.3091e+16 7.3091e+16 3.1318e-01 0.0000e+00 2.0293e+04 0.0000e+00
1.2600e+03 2.9560e-11 1.0238e+00 2.4067e+03 7.9765e+03 5.7000e+03 3.5233e+17 7.3002e+16 7.3002e+16 3.1340e-01 0.0000e+00 2.0281e+04 0.0000e+00
1.2700e+03 2.9447e-11 1.0193e+00 2.4069e+03 7.9771e+03 5.7000e+03 3.5190e+17 7.2927e+16 7.2927e+16 3.1358e-01 0.0000e+00 2.0271e+04 0.0000e+00
1.2800e+03 2.9334e-11 1.0149e+00 2.4070e+03 7.9775e+03 5.7000e+03 3.5155e+17 7.2867e+16 7.2867e+16 3.1372e-01 0.0000e+00 2.0263e+04 0.0000e+00
1.2900e+03 2.9221e-11 1.0106e+00 2.4071e+03 7.9779e+03 5.7000e+03 3.5127e+17 7.2821e+16 7.2821e+16 3.1384e-01 0.0000e+00 2.0257e+04 0.0000e+00
1.3000e+03 2.9109e-11 1.0065e+00 2.4072e+03 7.9782e+03 5.7000e+03 3.5107e+17 7.2788e+16 7.2788e+16 3.1392e-01 0.0000e+00 2.0252e+04 0.0000e+00
1.3100e+03 2.8997e-11 1.0025e+00 2.4072e+03 7.9784e+03 5.7000e+03 3.5095e+17 7.2767e+16 7.2767e+16 3.1397e-01 0.0000e+00 2.0250e+04 0.0000e+00
1.3200e+03 2.8886e-11 9.9855e-01 2.4073e+03 7.9784e+03 5.7000e+03 3.5090e+17 7.2760e+16 7.2760e+16 3.1399e-01 0.0000e+00 2.0249e+04 0.0000e+00
1.3300e+03 2.8775e-11 9.9475e-01 2.4073e+03 7.9784e+03 5.7000e+03 3.5092e+17 7.2764e+16 7.2764e+16 3.1397e-01 0.0000e+00 2.0249e+04 0.0000e+00
1.3400e+03 2.8664e-11 9.9106e-01 2.4072e+03 7.9782e+03 5.7000e+03 3.5101e+17 7.2781e+16 7.2781e+16 3.1393e-01 0.0000e+00 2.0251e+04 0.0000e+00
1.3500e+03 2.8554e-11 9.8747e-01 2.4071e+03 7.9780e+03 5.7000e+03 3.5117e+17 7.2809e+16 7.2809e+16 3.1387e-01 0.0000e+00 2.0255e+04 0.0000e+00
1.3600e+03 2.8445e-11 9.8397e-01 2.4070e+03 7.9777e+03 5.7000e+03 3.5139e+17 7.2848e+16 7.2848e+16 3.1377e-01 0.0000e+00 2.0260e+04 0.0000e+00
1.3700e+03 2.8335e-11 9.8057e-01 2.4069e+03 7.9773e+03 5.7000e+03 3.5168e+17 7.2898e+16 7.2898e+16 3.1365e-01 0.0000e+00 2.0267e+04 0.0000e+00
1.3800e+03 2.8226e-11 9.7727e-01 2.4068e+03 7.9768e+03 5.7000e+03 3.5202e+17 7.2959e+16 7.2959e+16 3.1350e-01 0.0000e+00 2.0275e+04 0.0000e+00
1.3900e+03 2.8118e-11 9.7405e-01 2.4066e+03 7.9762e+03 5.7000e+03 3.5243e+17 7.3030e+16 7.3030e+16 3.1333e-01 0.0000e+00 2.0285e+04 0.0000e+00
1.4000e+03 2.8010e-11 9.7092e-01 2.4064e+03 7.9756e+03 5.7000e+03 3.5290e+17 7.3111e+16 7.3111e+16 3.1313e-01 0.0000e+00 2.0296e+04 0.0000e+00
1.4100e+03 2.7903e-11 9.6787e-01 2.4062e+03 7.9749e+03 5.7000e+03 3.5342e+17 7.3202e+16 7.3202e+16 3.1291e-01 0.0000e+00 2.0308e+04 0.0000e+00
1.4200e+03 2.7795e-11 9.6490e-01 2.4059e+03 7.9740e+03 5.7000e+03 3.5400e+17 7.3303e+16 7.3303e+16 3.1267e-01 0.0000e+00 2.0321e+04 0.0000e+00
1.4300e+03 2.7689e-11 9.6201e-01 2.4057e+03 7.9732e+03 5.7000e+03 3.5463e+17 7.3413e+16 7.3413e+16 3.1241e-01 0.0000e+00 2.0336e+04 0.0000e+00
1.4400e+03 2.7582e-11 9.5919e-01 2.4054e+03 7.9722e+03 5.7000e+03 3.5532e+17 7.3532e+16 7.3532e+16 3.1212e-01 0.0000e+00 2.0352e+04 0.0000e+00
1.4500e+03 2.7476e-11 9.5645e-01 2.4051e+03 7.9712e+03 5.7000e+03 3.5606e+17 7.3661e+16 7.3661e+16 3.1181e-01 0.0000e+00 2.0369e+04 0.0000e+00
1.4600e+03 2.7371e-11 9.5378e-01 2.4048e+03 7.9701e+03 5.7000e+03 3.5685e+17 7.3798e+16 7.3798e+16 3.1149e-01 0.0000e+00 2.0387e+04 0.0000e+00
1.4700e+03 2.7266e-11 9.5117e-01 2.4044e+03 7.9689e+03 5.7000e+03 3.5769e+17 7.3943e+16 7.3943e+16 3.1114e-01 0.0000e+00 2.0406e+04 0.0000e+00
1.4800e+03 2.7161e-11 9.4863e-01 2.4040e+03 7.9677e+03 5.7000e+03 3.5858e+17 7.4097e+16 7.4097e+16 3.1078e-01 0.0000e+00 2.0427e+04 0.0000e+00
1.4900e+03 2.7057e-11 9.4615e-01 2.4037e+03 7.9664e+03 5.7000e+03 3.5952e+17 7.4260e+16 7.4260e+16 3.1039e-01 0.0000e+00 2.0448e+04 0.0000e+00
1.5000e+03 2.6953e-11 9.4374e-01 2.4032e+03 7.9651e+03 5.7000e+03 3.6051e+17 7.4430e+16 7.4430e+16 3.0999e-01 0.0000e+00 2.0471e+04 0.0000e+00
1.5100e+03 2.6849e-11 9.4138e-01 2.4028e+03 7.9637e+03 5.7000e+03 3.6154e+17 7.4608e+16 7.4608e+16 3.0957e-01 0.0000e+00 2.0494e+04 0.0000e+00
1.5200e+03 2.6746e-11 9.3909e-01 2.4024e+03 7.9623e+03 5.7000e+03 3.6262e+17 7.4794e+16 7.4794e+16 3.0914e-01 0.0000e+00 2.0519e+04 0.0000e+00
1.5300e+03 2.6644e-11 9.3684e-01 2.4019e+03 7.9607e+03 5.7000e+03 3.6374e+17 7.4988e+16 7.4988e+16 3.0869e-01 0.0000e+00 2.0544e+04 0.0000e+00
1.5400e+03 2.6541e-11 9.3465e-01 2.4015e+03 7.9592e+03 5.7000e+03 3.6491e+17 7.5189e+16 7.5189e+16 3.0823e-01 0.0000e+00 2.0571e+04 0.0000e+00
1.5500e+03 2.6439e-11 9.3252e-01 2.4010e+03 7.9576e+03 5.7000e+03 3.6612e+17 7.5397e+16 7.5397e+16 3.0775e-01 0.0000e+00 2.0598e+04 0.0000e+00
1.5600e+03 2.6338e-11 9.3043e-01 2.4005e+03 7.9559e+03 5.7000e+03 3.6737e+17 7.5612e+16 7.5612e+16 3.0725e-01 0.0000e+00 2.0626e+04 0.0000e+00
1.5700e+03 2.6237e-11 9.2839e-01 2.4000e+03 7.9542e+03 5.7000e+03 3.6867e+17 7.5835e+16 7.5835e+16 3.0674e-01 0.0000e+00 2.0655e+04 0.0000e+00
1.5800e+03 2.6136e-11 9.2640e-01 2.3994e+03 7.9524e+03 5.7000e+03 3.7000e+17 7.6064e+16 7.6064e+16 3.0622e-01 0.0000e+00 2.0685e+04 0.0000e+00
1.5900e+03 2.6036e-11 9.2446e-01 2.3989e+03 7.9506e+03 5.7000e+03 3.7138e+17 7.6300e+16 7.6300e+16 3.0569e-01 0.0000e+00 2.0716e+04 0.0000e+00
1.6000e+03 2.5936e-11 9.2256e-01 2.3983e+03 7.9488e+03 5.7000e+03 3.7280e+17 7.6543e+16 7.6543e+16 3.0514e-01 0.0000e+00 2.0748e+04 0.0000e+00
1.6100e+03 2.5836e-11 9.2070e-01 2.3977e+03 7.9469e+03 5.7000e+03 3.7425e+17 7.6793e+16 7.6793e+16 3.0458e-01 0.0000e+00 2.0780e+04 0.0000e+00
1.6200e+03 2.5737e-11 9.1889e-01 2.3972e+03 7.9449e+03 5.7000e+03 3.7575e+17 7.7049e+16 7.7049e+16 3.0401e-01 0.0000e+00 2.0813e+04 0.0000e+00
1.6300e+03 2.5638e-11 9.1711e-01 2.3966e+03 7.9429e+03 5.7000e+03 3.7728e+17 7.7311e+16 7.7311e+16 3.0343e-01 0.0000e+00 2.0847e+04 0.0000e+00
1.6400e+03 2.5540e-11 9.1538e-01 2.3960e+03 7.9409e+03 5.7000e+03 3.7886e+17 7.7580e+16 7.7580e+16 3.0284e-01 0.0000e+00 2.0882e+04 0.0000e+00
1.6500e+03 2.5441e-11 9.1368e-01 2.3953e+03 7.9389e+03 5.7000e+03 3.8047e+17 7.7855e+16 7.7855e+16 3.0224e-01 0.0000e+00 2.0917e+04 0.0000e+00
1.6600e+03 2.5344e-11 9.1202e-01 2.3947e+03 7.9368e+03 5.7000e+03 3.8211e+17 7.8135e+16 7.8135e+16 3.0162e-01 0.0000e+00 2.0954e+04 0.0000e+00
1.6700e+03 2.5246e-11 9.1039e-01 2.3941e+03 7.9346e+03 5.7000e+03 3.8380e+17 7.8422e+16 7.8422e+16 3.0100e-01 0.0000e+00 2.0990e+04 0.0000e+00
1.6800e+03 2.5150e-11 9.0880e-01 2.3934e+03 7.9325e+03 5.7000e+03 3.8552e+17 7.8715e+16 7.8715e+16 3.0037e-01 0.0000e+00 2.1028e+04 0.0000e+00
1.6900e+03 2.5053e-11 9.0725e-01 2.3927e+03 7.9303e+03 5.7000e+03 3.8728e+17 7.9014e+16 7.9014e+16 2.9973e-01 0.0000e+00 2.1066e+04 0.0000e+00
1.7000e+03 2.4957e-11 9.0572e-01 2.3921e+03 7.9281e+03 5.7000e+03 3.8907e+17 7.9318e+16 7.9318e+16 2.9908e-01 0.0000e+00 2.1105e+04 0.0000e+00
1.7100e+03 2.4861e-11 9.0423e-01 2.3914e+03 7.9258e+03 5.7000e+03 3.9090e+17 7.9629e+16 7.9629e+16 2.9843e-01 0.0000e+00 2.1145e+04 0.0000e+00
1.7200e+03 2.4765e-11 9.0276e-01 2.3907e+03 7.9235e+03 5.7000e+03 3.9276e+17 7.9945e+16 7.9945e+16 2.9776e-01 0.0000e+00 2.1185e+04 0.0000e+00
1.7300e+03 2.4670e-11 9.0133e-01 2.3900e+03 7.9212e+03 5.7000e+03 3.9466e+17 8.0266e+16 8.0266e+16 2.9709e-01 0.0000e+00 2.1226e+04 0.0000e+00
1.7400e+03 2.4576e-11 8.9992e-01 2.3893e+03 7.9188e+03 5.7000e+03 3.9659e+17 8.0593e+16 8.0593e+16 2.9641e-01 0.0000e+00 2.1267e+04 0.0000e+00
1.7500e+03 2.4481e-11 8.9855e-01 2.3886e+03 7.9164e+03 5.7000e+03 3.9856e+17 8.0925e+16 8.0925e+16 2.9573e-01 0.0000e+00 2.1309e+04 0.0000e+00
1.7600e+03 2.4387e-11 8.9719e-01 2.3878e+03 7.9140e+03 5.7000e+03 4.0056e+17 8.1263e+16 8.1263e+16 2.9503e-01 0.0000e+00 2.1352e+04 0.0000e+00
1.7700e+03 2.4294e-11 8.9587e-01 2.3871e+03 7.9116e+03 5.7000e+03 4.0260e+17 8.1606e+16 8.1606e+16 2.9434e-01 0.0000e+00 2.1395e+04 0.0000e+00
1.7800e+03 2.4200e-11 8.9457e-01 2.3864e+03 7.9091e+03 5.7000e+03 4.0467e+17 8.1955e+16 8.1955e+16 2.9363e-01 0.0000e+00 2.1439e+04 0.0000e+00
1.7900e+03 2.4107e-11 8.9330e-01 2.3856e+03 7.9067e+03 5.7000e+03 4.0677e+17 8.2308e+16 8.2308e+16 2.9292e-01 0.0000e+00 2.1483e+04 0.0000e+00
1.8000e+03 2.4015e-11 8.9204e-01 2.3849e+03 7.9041e+03 5.7000e+03 4.0890e+17 8.2667e+16 8.2667e+16 2.9221e-01 0.0000e+00 2.1528e+04 0.0000e+00
1.8100e+03 2.3923e-11 8.9082e-01 2.3841e+03 7.9016e+03 5.7000e+03 4.1107e+17 8.3031e+16 8.3031e+16 2.9149e-01 0.0000e+00 2.1573e+04 0.0000e+00
1.8200e+03 2.3831e-11 8.8961e-01 2.3833e+03 7.8991e+03 5.7000e+03 4.1327e+17 8.3400e+16 8.3400e+16 2.9076e-01 0.0000e+00 2.1619e+04 0.0000e+00
1.8300e+03 2.3739e-11 8.8843e-01 2.3825e+03 7.8965e+03 5.7000e+03 4.1551e+17 8.3775e+16 8.3775e+16 2.9003e-01 0.0000e+00 2.1666e+04 0.0000e+00
1.8400e+03 2.3648e-11 8.8726e-01 2.3818e+03 7.8939e+03 5.7000e+03 4.1777e+17 8.4154e+16 8.4154e+16 2.8929e-01 0.0000e+00 2.1712e+04 0.0000e+00
1.8500e+03 2.3557e-11 8.8612e-01 2.3810e+03 7.8913e+03 5.7000e+03 4.2007e+17 8.4538e+16 8.4538e+16 2.8855e-01 0.0000e+00 2.1760e+04 0.0000e+00
1.8600e+03 2.3467e-11 8.8500e-01 2.3802e+03 7.8886e+03 5.7000e+03 4.2240e+17 8.4927e+16 8.4927e+16 2.8781e-01 0.0000e+00 2.1808e+04 0.0000e+00
1.8700e+03 2.3377e-11 8.8390e-01 2.3794e+03 7.8860e+03 5.7000e+03 4.2477e+17 8.5321e+16 8.5321e+16 2.8706e-01 0.0000e+00 2.1856e+04 0.0000e+00
1.8800e+03 2.3287e-11 8.8281e-01 2.3786e+03 7.8833e+03 5.7000e+03 4.2716e+17 8.5720e+16 8.5720e+16 2.8631e-01 0.0000e+00 2.1905e+04 0.0000e+00
1.8900e+03 2.3197e-11 8.8174e-01 2.3778e+03 7.8806e+03 5.7000e+03 4.2959e+17 8.6123e+16 8.6123e+16 2.8556e-01 0.0000e+00 2.1954e+04 0.0000e+00
1.9000e+03 2.3108e-11 8.8070e-01 2.3769e+03 7.8779e+03 5.7000e+03 4.3205e+17 8.6532e+16 8.6532e+16 2.8480e-01 0.0000e+00 2.2004e+04 0.0000e+00
1.9100e+03 2.3020e-11 8.7966e-01 2.3761e+03 7.8752e+03 5.7000e+03 4.3454e+17 8.6945e+16 8.6945e+16 2.8404e-01 0.0000e+00 2.2054e+04 0.0000e+00
1.9200e+03 2.2931e-11 8.7865e-01 2.3753e+03 7.8724e+03 5.7000e+03 4.3706e+17 8.7363e+16 8.7363e+16 2.8328e-01 0.0000e+00 2.2105e+04 0.0000e+00
1.9300e+03 2.2843e-11 8.7765e-01 2.3745e+03 7.8697e+03 5.7000e+03 4.3961e+17 8.7786e+16 8.7786e+16 2.8251e-01 0.0000e+00 2.2156e+04 0.0000e+00
1.9400e+03 2.2756e-11 8.7667e-01 2.3736e+03 7.8669e+03 5.7000e+03 4.4220e+17 8.8213e+16 8.8213e+16 2.8174e-01 0.0000e+00 2.2208e+04 0.0000e+00
1.9500e+03 2.2668e-11 8.7570e-01 2.3728e+03 7.8641e+03 5.7000e+03 4.4481e+17 8.8645e+16 8.8645e+16 2.8097e-01 0.0000e+00 2.2260e+04 0.0000e+00
1.9600e+03 2.2581e-11 8.7474e-01 2.3719e+03 7.8613e+03 5.7000e+03 4.4746e+17 8.9082e+16 8.9082e+16 2.8020e-01 0.0000e+00 2.2312e+04 0.0000e+00
1.9700e+03 2.2494e-11 8.7380e-01 2.3711e+03 7.8585e+03 5.7000e+03 4.5014e+17 8.9523e+16 8.9523e+16 2.7942e-01 0.0000e+00 2.2365e+04 0.0000e+00
1.9800e+03 2.2408e-11 8.7288e-01 2.3702e+03 7.8557e+03 5.7000e+03 4.5285e+17 8.9969e+16 8.9969e+16 2.7864e-01 0.0000e+00 2.2418e+04 0.0000e+00
1.9900e+03 2.2322e-11 8.7197e-01 2.3694e+03 7.8528e+03 5.7000e+03 4.5559e+17 9.0420e+16 9.0420e+16 2.7786e-01 0.0000e+00 2.2472e+04 0.0000e+00
2.0000e+03 2.2236e-11 8.7107e-01 2.3685e+03 7.8500e+03 5.7000e+03 4.5837e+17 9.0875e+16 9.0875e+16 2.7708e-01 0.0000e+00 2.2526e+04 0.0000e+00
2.0100e+03 2.2151e-11 8.7018e-01 2.3676e+03 7.8471e+03 5.7000e+03 4.6117e+17 9.1334e+16 9.1334e+16 2.7630e-01 0.0000e+00 2.2580e+04 0.0000e+00
2.0200e+03 2.2066e-11 8.6931e-01 2.3668e+03 7.8442e+03 5.7000e+03 4.6401e+17 9.1798e+16 9.1798e+16 2.7551e-01 0.0000e+00 2.2635e+04 0.0000e+00
2.0300e+03 2.1981e-11 8.6844e-01 2.3659e+03 7.8413e+03 5.7000e+03 4.6688e+17 9.2267e+16 9.2267e+16 2.7473e-01 0.0000e+00 2.2690e+04 0.0000e+00
2.0400e+03 2.1897e-11 8.6759e-01 2.3650e+03 7.8384e+03 5.7000e+03 4.6977e+17 9.2740e+16 9.2740e+16 2.7394e-01 0.0000e+00 2.2746e+04 0.0000e+00
2.0500e+03 2.1813e-11 8.6675e-01 2.3641e+03 7.8355e+03 5.7000e+03 4.7270e+17 9.3218e+16 9.3218e+16 2.7315e-01 0.0000e+00 2.2802e+04 0.0000e+00
2.0600e+03 2.1729e-11 8.6593e-01 2.3633e+03 7.8326e+03 5.7000e+03 4.7567e+17 9.3700e+16 9.3700e+16 2.7237e-01 0.0000e+00 2.2858e+04 0.0000e+00
2.0700e+03 2.1645e-11 8.6511e-01 2.3624e+03 7.8297e+03 5.7000e+03 4.7866e+17 9.4186e+16 9.4186e+16 2.7158e-01 0.0000e+00 2.2915e+04 0.0000e+00
2.0800e+03 2.1562e-11 8.6430e-01 2.3615e+03 7.8267e+03 5.7000e+03 4.8168e+17 9.4678e+16 9.4678e+16 2.7079e-01 0.0000e+00 2.2972e+04 0.0000e+00
2.0900e+03 2.1479e-11 8.6350e-01 2.3606e+03 7.8238e+03 5.7000e+03 4.8474e+17 9.5173e+16 9.5173e+16 2.7000e-01 0.0000e+00 2.3029e+04 0.0000e+00
2.1000e+03 2.1397e-11 8.6272e-01 2.3597e+03 7.8208e+03 5.7000e+03 4.8783e+17 9.5673e+16 9.5673e+16 2.6920e-01 0.0000e+00 2.3087e+04 0.0000e+00
2.1100e+03 2.1315e-11 8.6194e-01 2.3588e+03 7.8179e+03 5.7000e+03 4.9095e+17 9.6177e+16 9.6177e+16 2.6841e-01 0.0000e+00 2.3145e+04 0.0000e+00
2.1200e+03 2.1233e-11 8.6117e-01 2.3579e+03 7.8149e+03 5.7000e+03 4.9410e+17 9.6686e+16 9.6686e+16 2.6762e-01 0.0000e+00 2.3204e+04 0.0000e+00
2.1300e+03 2.1151e-11 8.6041e-01 2.3570e+03 7.8119e+03 5.7000e+03 4.9728e+17 9.7199e+16 9.7199e+16 2.6683e-01 0.0000e+00 2.3262e+04 0.0000e+00
2.1400e+03 2.1070e-11 8.5966e-01 2.3561e+03 7.8089e+03 5.7000e+03 5.0050e+17 9.7717e+16 9.7717e+16 2.6604e-01 0.0000e+00 2.3321e+04 0.0000e+00
2.1500e+03 2.0989e-11 8.5891e-01 2.3552e+03 7.8059e+03 5.7000e+03 5.0374e+17 9.8239e+16 9.8239e+16 2.6524e-01 0.0000e+00 2.3381e+04 0.0000e+00
2.1600e+03 2.0909e-11 8.5818e-01 2.3543e+03 7.8029e+03 5.7000e+03 5.0702e+17 9.8765e+16 9.8765e+16 2.6445e-01 0.0000e+00 2.3441e+04 0.0000e+00
2.1700e+03 2.0828e-11 8.5745e-01 2.3534e+03 7.7999e+03 5.7000e+03 5.1033e+17 9.9296e+16 9.9296e+16 2.6366e-01 0.0000e+00 2.3501e+04 0.0000e+00
2.1800e+03 2.0748e-11 8.5673e-01 2.3525e+03 7.7969e+03 5.7000e+03 5.1367e+17 9.9832e+16 9.9832e+16 2.6287e-01 0.0000e+00 2.3561e+04 0.0000e+00
2.1900e+03 2.0669e-11 8.5602e-01 2.3516e+03 7.7939e+03 5.7000e+03 5.1705e+17 1.0037e+17 1.0037e+17 2.6208e-01 0.0000e+00 2.3622e+04 0.0000e+00
2.2000e+03 2.0589e-11 8.5532e-01 2.3507e+03 7.7908e+03 5.7000e+03 5.2046e+17 1.0092e+17 1.0092e+17 2.6128e-01 0.0000e+00 2.3683e+04 0.0000e+00
2.2100e+03 2.0510e-11 8.5462e-01 2.3498e+03 7.7878e+03 5.7000e+03 5.2390e+17 1.0146e+17 1.0146e+17 2.6049e-01 0.0000e+00 2.3744e+04 0.0000e+00
2.2200e+03 2.0432e-11 8.5393e-01 2.3488e+03 7.7848e+03 5.7000e+03 5.2737e+17 1.0202e+17 1.0202e+17 2.5970e-01 0.0000e+00 2.3806e+04 0.0000e+00
2.2300e+03 2.0353e-11 8.5324e-01 2.3479e+03 7.7817e+03 5.7000e+03 5.3087e+17 1.0257e+17 1.0257e+17 2.5891e-01 0.0000e+00 2.3868e+04 0.0000e+00
2.2400e+03 2.0275e-11 8.5257e-01 2.3470e+03 7.7787e+03 5.7000e+03 5.3441e+17 1.0314e+17 1.0314e+17 2.5812e-01 0.0000e+00 2.3930e+04 0.0000e+00
2.2500e+03 2.0197e-11 8.5189e-01 2.3461e+03 7.7756e+03 5.7000e+03 5.3798e+17 1.0370e+17 1.0370e+17 2.5734e-01 0.0000e+00 2.3993e+04 0.0000e+00
2.2600e+03 2.0120e-11 8.5123e-01 2.3452e+03 7.7726e+03 5.7000e+03 5.4159e+17 1.0427e+17 1.0427e+17 2.5655e-01 0.0000e+00 2.4056e+04 0.0000e+00
2.2700e+03 2.0042e-11 8.5057e-01 2.3442e+03 7.7695e+03 5.7000e+03 5.4522e+17 1.0485e+17 1.0485e+17 2.5576e-01 0.0000e+00 2.4119e+04 0.0000e+00
2.2800e+03 1.9965e-11 8.4992e-01 2.3433e+03 7.7664e+03 5.7000e+03 5.4890e+17 1.0543e+17 1.0543e+17 2.5497e-01 0.0000e+00 2.4182e+04 0.0000e+00
2.2900e+03 1.9889e-11 8.4927e-01 2.3424e+03 7.7634e+03 5.7000e+03 5.5260e+17 1.0601e+17 1.0601e+17 2.5419e-01 0.0000e+00 2.4246e+04 0.0000e+00
2.3000e+03 1.9812e-11 8.4863e-01 2.3414e+03 7.7603e+03 5.7000e+03 5.5634e+17 1.0660e+17 1.0660e+17 2.5340e-01 0.0000e+00 2.4310e+04 0.0000e+00
2.3100e+03 1.9736e-11 8.4799e-01 2.3405e+03 7.7572e+03 5.7000e+03 5.6011e+17 1.0719e+17 1.0719e+17 2.5262e-01 0.0000e+00 2.4375e+04 0.0000e+00
2.3200e+03 1.9660e-11 8.4736e-01 2.3396e+03 7.7541e+03 5.7000e+03 5.6391e+17 1.0779e+17 1.0779e+17 2.5184e-01 0.0000e+00 2.4439e+04 0.0000e+00
2.3300e+03 1.9585e-11 8.4673e-01 2.3387e+03 7.7510e+03 5.7000e+03 5.6775e+17 1.0839e+17 1.0839e+17 2.5106e-01 0.0000e+00 2.4504e+04 0.0000e+00
2.3400e+03 1.9510e-11 8.4611e-01 2.3377e+03 7.7480e+03 5.7000e+03 5.7162e+17 1.0899e+17 1.0899e+17 2.5028e-01 0.0000e+00 2.4569e+04 0.0000e+00
2.3500e+03 1.9435e-11 8.4549e-01 2.3368e+03 7.7449e+03 5.7000e+03 5.7553e+17 1.0960e+17 1.0960e+17 2.4950e-01 0.0000e+00 2.4635e+04 0.0000e+00
2.3600e+03 1.9360e-11 8.4488e-01 2.3359e+03 7.7418e+03 5.7000e+03 5.7947e+17 1.1022e+17 1.1022e+17 2.4872e-01 0.0000e+00 2.4701e+04 0.0000e+00
2.3700e+03 1.9286e-11 8.4427e-01 2.3349e+03 7.7387e+03 5.7000e+03 5.8345e+17 1.1084e+17 1.1084e+17 2.4794e-01 0.0000e+00 2.4767e+04 0.0000e+00
2.3800e+03 1.9212e-11 8.4366e-01 2.3340e+03 7.7356e+03 5.7000e+03 5.8746e+17 1.1146e+17 1.1146e+17 2.4717e-01 0.0000e+00 2.4833e+04 0.0000e+00
2.3900e+03 1.9138e-11 8.4306e-01 2.3331e+03 7.7325e+03 5.7000e+03 5.9151e+17 1.1209e+17 1.1209e+17 2.4640e-01 0.0000e+00 2.4900e+04 0.0000e+00
2.4000e+03 1.9064e-11 8.4247e-01 2.3321e+03 7.7294e+03 5.7000e+03 5.9559e+17 1.1272e+17 1.1272e+17 2.4562e-01 0.0000e+00 2.4967e+04 0.0000e+00
2.4100e+03 1.8991e-11 8.4187e-01 2.3312e+03 7.7263e+03 5.7000e+03 5.9971e+17 1.1336e+17 1.1336e+17 2.4485e-01 0.0000e+00 2.5034e+04 0.0000e+00
2.4200e+03 1.8918e-11 8.4129e-01 2.3302e+03 7.7232e+03 5.7000e+03 6.0386e+17 1.1400e+17 1.1400e+17 2.4408e-01 0.0000e+00 2.5101e+04 0.0000e+00
2.4300e+03 1.8846e-11 8.4070e-01 2.3293e+03 7.7200e+03 5.7000e+03 6.0805e+17 1.1465e+17 1.1465e+17 2.4331e-01 0.0000e+00 2.5169e+04 0.0000e+00
2.4400e+03 1.8773e-11 8.4012e-01 2.3284e+03 7.7169e+03 5.7000e+03 6.1227e+17 1.1530e+17 1.1530e+17 2.4255e-01 0.0000e+00 2.5237e+04 0.0000e+00
2.4500e+03 1.8701e-11 8.3954e-01 2.3274e+03 7.7138e+03 5.7000e+03 6.1653e+17 1.1595e+17 1.1595e+17 2.4178e-01 0.0000e+00 2.5305e+04 0.0000e+00
2.4600e+03 1.8629e-11 8.3897e-01 2.3265e+03 7.7107e+03 5.7000e+03 6.2083e+17 1.1661e+17 1.1661e+17 2.4102e-01 0.0000e+00 2.5373e+04 0.0000e+00
2.4700e+03 1.8558e-11 8.3840e-01 2.3256e+03 7.7076e+03 5.7000e+03 6.2516e+17 1.1728e+17 1.1728e+17 2.4026e-01 0.0000e+00 2.5442e+04 0.0000e+00
2.4800e+03 1.8487e-11 8.3783e-01 2.3246e+03 7.7045e+03 5.7000e+03 6.2953e+17 1.1795e+17 1.1795e+17 2.3950e-01 0.0000e+00 2.5511e+04 0.0000e+00
2.4900e+03 1.8416e-11 8.3726e-01 2.3237e+03 7.7014e+03 5.7000e+03 6.3394e+17 1.1862e+17 1.1862e+17 2.3874e-01 0.0000e+00 2.5580e+04 0.0000e+00
2.5000e+03 1.8345e-11 8.3670e-01 2.3227e+03 7.6983e+03 5.7000e+03 6.3839e+17 1.1930e+17 1.1930e+17 2.3798e-01 0.0000e+00 2.5650e+04 0.0000e+00
2.5100e+03 1.8274e-11 8.3614e-01 2.3218e+03 7.6951e+03 5.7000e+03 6.4287e+17 1.1998e+17 1.1998e+17 2.3723e-01 0.0000e+00 2.5720e+04 0.0000e+00
2.5200e+03 1.8204e-11 8.3559e-01 2.3208e+03 7.6920e+03 5.7000e+03 6.4739e+17 1.2067e+17 1.2067e+17 2.3647e-01 0.0000e+00 2.5790e+04 0.0000e+00
2.5300e+03 1.8134e-11 8.3503e-01 2.3199e+03 7.6889e+03 5.7000e+03 6.5194e+17 1.2136e+17 1.2136e+17 2.3572e-01 0.0000e+00 2.5860e+04 0.0000e+00
2.5400e+03 1.8065e-11 8.3448e-01 2.3190e+03 7.6858e+03 5.7000e+03 6.5654e+17 1.2206e+17 1.2206e+17 2.3497e-01 0.0000e+00 2.5931e+04 0.0000e+00
2.5500e+03 1.7995e-11 8.3393e-01 2.3180e+03 7.6827e+03 5.7000e+03 6.6117e+17 1.2276e+17 1.2276e+17 2.3422e-01 0.0000e+00 2.6001e+04 0.0000e+00
2.5600e+03 1.7926e-11 8.3339e-01 2.3171e+03 7.6795e+03 5.7000e+03 6.6584e+17 1.2346e+17 1.2346e+17 2.3348e-01 0.0000e+00 2.6072e+04 0.0000e+00
2.5700e+03 1.7857e-11 8.3284e-01 2.3161e+03 7.6764e+03 5.7000e+03 6.7055e+17 1.2417e+17 1.2417e+17 2.3273e-01 0.0000e+00 2.6144e+04 0.0000e+00
2.5800e+03 1.7789e-11 8.3230e-01 2.3152e+03 7.6733e+03 5.7000e+03 6.7530e+17 1.2489e+17 1.2489e+17 2.3199e-01 0.0000e+00 2.6215e+04 0.0000e+00
2.5900e+03 1.7721e-11 8.3176e-01 2.3143e+03 7.6702e+03 5.7000e+03 6.8009e+17 1.2561e+17 1.2561e+17 2.3125e-01 0.0000e+00 2.6287e+04 0.0000e+00
2.6000e+03 1.7653e-11 8.3123e-01 2.3133e+03 7.6670e+03 5.7000e+03 6.8492e+17 1.2634e+17 1.2634e+17 2.3051e-01 0.0000e+00 2.6359e+04 0.0000e+00
2.6100e+03 1.7585e-11 8.3069e-01 2.3124e+03 7.6639e+03 5.7000e+03 6.8979e+17 1.2706e+17 1.2706e+17 2.2977e-01 0.0000e+00 2.6431e+04 0.0000e+00
2.6200e+03 1.7517e-11 8.3016e-01 2.3114e+03 7.6608e+03 5.7000e+03 6.9469e+17 1.2780e+17 1.2780e+17 2.2903e-01 0.0000e+00 2.6504e+04 0.0000e+00
2.6300e+03 1.7450e-11 8.2963e-01 2.3105e+03 7.6577e+03 5.7000e+03 6.9964e+17 1.2854e+17 1.2854e+17 2.2830e-01 0.0000e+00 2.6577e+04 0.0000e+00
2.6400e+03 1.7383e-11 8.2910e-01 2.3095e+03 7.6546e+03 5.7000e+03 7.0463e+17 1.2928e+17 1.2928e+17 2.2757e-01 0.0000e+00 2.6650e+04 0.0000e+00
2.6500e+03 1.7316e-11 8.2857e-01 2.3086e+03 7.6514e+03 5.7000e+03 7.0966e+17 1.3003e+17 1.3003e+17 2.2684e-01 0.0000e+00 2.6723e+04 0.0000e+00
2.6600e+03 1.7250e-11 8.2805e-01 2.3077e+03 7.6483e+03 5.7000e+03 7.1473e+17 1.3079e+17 1.3079e+17 2.2611e-01 0.0000e+00 2.6796e+04 0.0000e+00
2.6700e+03 1.7183e-11 8.2752e-01 2.3067e+03 7.6452e+03 5.7000e+03 7.1984e+17 1.3154e+17 1.3154e+17 2.2539e-01 0.0000e+00 2.6870e+04 0.0000e+00
2.6800e+03 1.7117e-11 8.2700e-01 2.3058e+03 7.6421e+03 5.7000e+03 7.2499e+17 1.3231e+17 1.3231e+17 2.2466e-01 0.0000e+00 2.6944e+04 0.0000e+00
2.6900e+03 1.7052e-11 8.2648e-01 2.3048e+03 7.6390e+03 5.7000e+03 7.3019e+17 1.3308e+17 1.3308e+17 2.2394e-01 0.0000e+00 2.7018e+04 0.0000e+00
2.7000e+03 1.6986e-11 8.2596e-01 2.3039e+03 7.6358e+03 5.7000e+03 7.3542e+17 1.3385e+17 1.3385e+17 2.2322e-01 0.0000e+00 2.7093e+04 0.0000e+00
2.7100e+03 1.6921e-11 8.2545e-01 2.3030e+03 7.6327e+03 5.7000e+03 7.4070e+17 1.3463e+17 1.3463e+17 2.2250e-01 0.0000e+00 2.7168e+04 0.0000e+00
2.7200e+03 1.6856e-11 8.2493e-01 2.3020e+03 7.6296e+03 5.7000e+03 7.4603e+17 1.3541e+17 1.3541e+17 2.2179e-01 0.0000e+00 2.7243e+04 0.0000e+00
2.7300e+03 1.6791e-11 8.2442e-01 2.3011e+03 7.6265e+03 5.7000e+03 7.5139e+17 1.3620e+17 1.3620e+17 2.2107e-01 0.0000e+00 2.7318e+04 0.0000e+00
2.7400e+03 1.6727e-11 8.2390e-01 2.3001e+03 7.6234e+03 5.7000e+03 7.5680e+17 1.3699e+17 1.3699e+17 2.2036e-01 0.0000e+00 2.7393e+04 0.0000e+00
2.7500e+03 1.6663e-11 8.2339e-01 2.2992e+03 7.6203e+03 5.7000e+03 7.6225e+17 1.3779e+17 1.3779e+17 2.1965e-01 0.0000e+00 2.7469e+04 0.0000e+00
2.7600e+03 1.6599e-11 8.2288e-01 2.2983e+03 7.6171e+03 5.7000e+03 7.6774e+17 1.3859e+17 1.3859e+17 2.1894e-01 0.0000e+00 2.7545e+04 0.0000e+00
2.7700e+03 1.6535e-11 8.2237e-01 2.2973e+03 7.6140e+03 5.7000e+03 7.7328e+17 1.3940e+17 1.3940e+17 2.1824e-01 0.0000e+00 2.7621e+04 0.0000e+00
2.7800e+03 1.6471e-11 8.2186e-01 2.2964e+03 7.6109e+03 5.7000e+03 7.7887e+17 1.4022e+17 1.4022e+17 2.1753e-01 0.0000e+00 2.7697e+04 0.0000e+00
2.7900e+03 1.6408e-11 8.2136e-01 2.2954e+03 7.6078e+03 5.7000e+03 7.8449e+17 1.4103e+17 1.4103e+17 2.1683e-01 0.0000e+00 2.7774e+04 0.0000e+00
2.8000e+03 1.6345e-11 8.2085e-01 2.2945e+03 7.6047e+03 5.7000e+03 7.9017e+17 1.4186e+17 1.4186e+17 2.1613e-01 0.0000e+00 2.7851e+04 0.0000e+00
2.8100e+03 1.6282e-11 8.2035e-01 2.2936e+03 7.6016e+03 5.7000e+03 7.9588e+17 1.4269e+17 1.4269e+17 2.1544e-01 0.0000e+00 2.7928e+04 0.0000e+00
2.8200e+03 1.6220e-11 8.1984e-01 2.2926e+03 7.5985e+03 5.7000e+03 8.0165e+17 1.4352e+17 1.4352e+17 2.1474e-01 0.0000e+00 2.8005e+04 0.0000e+00
2.8300e+03 1.6158e-11 8.1934e-01 2.2917e+03 7.5954e+03 5.7000e+03 8.0746e+17 1.4436e+17 1.4436e+17 2.1405e-01 0.0000e+00 2.8083e+04 0.0000e+00
2.8400e+03 1.6096e-11 8.1884e-01 2.2908e+03 7.5923e+03 5.7000e+03 8.1331e+17 1.4521e+17 1.4521e+17 2.1336e-01 0.0000e+00 2.8161e+04 0.0000e+00
2.8500e+03 1.6034e-11 8.1834e-01 2.2898e+03 7.5892e+03 5.7000e+03 8.1922e+17 1.4606e+17 1.4606e+17 2.1267e-01 0.0000e+00 2.8239e+04 0.0000e+00
2.8600e+03 1.5972e-11 8.1784e-01 2.2889e+03 7.5861e+03 5.7000e+03 8.2517e+17 1.4691e+17 1.4691e+17 2.1198e-01 0.0000e+00 2.8317e+04 0.0000e+00
2.8700e+03 1.5911e-11 8.1734e-01 2.2880e+03 7.5830e+03 5.7000e+03 8.3116e+17 1.4777e+17 1.4777e+17 2.1129e-01 0.0000e+00 2.8396e+04 0.0000e+00
2.8800e+03 1.5850e-11 8.1684e-01 2.2870e+03 7.5799e+03 5.7000e+03 8.3721e+17 1.4864e+17 1.4864e+17 2.1061e-01 0.0000e+00 2.8474e+04 0.0000e+00
2.8900e+03 1.5789e-11 8.1634e-01 2.2861e+03 7.5768e+03 5.7000e+03 8.4330e+17 1.4951e+17 1.4951e+17 2.0993e-01 0.0000e+00 2.8553e+04 0.0000e+00
2.9000e+03 1.5728e-11 8.1584e-01 2.2852e+03 7.5737e+03 5.7000e+03 8.4944e+17 1.5038e+17 1.5038e+17 2.0925e-01 0.0000e+00 2.8633e+04 0.0000e+00
2.9100e+03 1.5668e-11 8.1535e-01 2.2842e+03 7.5706e+03 5.7000e+03 8.5563e+17 1.5127e+17 1.5127e+17 2.0858e-01 0.0000e+00 2.8712e+04 0.0000e+00
2.9200e+03 1.5608e-11 8.1485e-01 2.2833e+03 7.5675e+03 5.7000e+03 8.6186e+17 1.5215e+17 1.5215e+17 2.0790e-01 0.0000e+00 2.8792e+04 0.0000e+00
2.9300e+03 1.5548e-11 8.1436e-01 2.2824e+03 7.5644e+03 5.7000e+03 8.6815e+17 1.5305e+17 1.5305e+17 2.0723e-01 0.0000e+00 2.8872e+04 0.0000e+00
2.9400e+03 1.5488e-11 8.1386e-01 2.2814e+03 7.5613e+03 5.7000e+03 8.7449e+17 1.5394e+17 1.5394e+17 2.0656e-01 0.0000e+00 2.8952e+04 0.0000e+00
2.9500e+03 1.5429e-11 8.1337e-01 2.2805e+03 7.5583e+03 5.7000e+03 8.8087e+17 1.5485e+17 1.5485e+17 2.0589e-01 0.0000e+00 2.9032e+04 0.0000e+00
2.9600e+03 1.5369e-11 8.1288e-01 2.2796e+03 7.5552e+03 5.7000e+03 8.8731e+17 1.5576e+17 1.5576e+17 2.0522e-01 0.0000e+00 2.9113e+04 0.0000e+00
2.9700e+03 1.5310e-11 8.1238e-01 2.2786e+03 7.5521e+03 5.7000e+03 8.9380e+17 1.5667e+17 1.5667e+17 2.0456e-01 0.0000e+00 2.9194e+04 0.0000e+00
2.9800e+03 1.5252e-11 8.1189e-01 2.2777e+03 7.5490e+03 5.7000e+03 9.0034e+17 1.5759e+17 1.5759e+17 2.0390e-01 0.0000e+00 2.9275e+04 0.0000e+00
2.9900e+03 1.5193e-11 8.1140e-01 2.2768e+03 7.5459e+03 5.7000e+03 9.0693e+17 1.5852e+17 1.5852e+17 2.0324e-01 0.0000e+00 2.9356e+04 0.0000e+00
3.0000e+03 1.5135e-11 8.1091e-01 2.2758e+03 7.5429e+03 5.7000e+03 9.1357e+17 1.5945e+17 1.5945e+17 2.0258e-01 0.0000e+00 2.9438e+04 0.0000e+00
3.0100e+03 1.5076e-11 8.1042e-01 2.2749e+03 7.5398e+03 5.7000e+03 9.2026e+17 1.6038e+17 1.6038e+17 2.0192e-01 0.0000e+00 2.9520e+04 0.0000e+00
3.0200e+03 1.5019e-11 8.0992e-01 2.2740e+03 7.5367e+03 5.7000e+03 9.2701e+17 1.6133e+17 1.6133e+17 2.0127e-01 0.0000e+00 2.9602e+04 0.0000e+00
3.0300e+03 1.4961e-11 8.0943e-01 2.2731e+03 7.5336e+03 5.7000e+03 9.3381e+17 1.6228e+17 1.6228e+17 2.0062e-01 0.0000e+00 2.9684e+04 0.0000e+00
3.0400e+03 1.4903e-11 8.0894e-01 2.2721e+03 7.5306e+03 5.7000e+03 9.4066e+17 1.6323e+17 1.6323e+17 1.9997e-01 0.0000e+00 2.9766e+04 0.0000e+00
3.0500e+03 1.4846e-11 8.0845e-01 2.2712e+03 7.5275e+03 5.7000e+03 9.4757e+17 1.6419e+17 1.6419e+17 1.9932e-01 0.0000e+00 2.9849e+04 0.0000e+00
3.0600e+03 1.4789e-11 8.0797e-01 2.2703e+03 7.5244e+03 5.7000e+03 9.5453e+17 1.6515e+17 1.6515e+17 1.9868e-01 0.0000e+00 2.9932e+04 0.0000e+00
3.0700e+03 1.4732e-11 8.0748e-01 2.2694e+03 7.5214e+03 5.7000e+03 9.6154e+17 1.6613e+17 1.6613e+17 1.9804e-01 0.0000e+00 3.0015e+04 0.0000e+00
3.0800e+03 1.4676e-11 8.0699e-01 2.2684e+03 7.5183e+03 5.7000e+03 9.6861e+17 1.6710e+17 1.6710e+17 1.9739e-01 0.0000e+00 3.0099e+04 0.0000e+00
3.0900e+03 1.4620e-11 8.0650e-01 2.2675e+03 7.5153e+03 5.7000e+03 9.7574e+17 1.6809e+17 1.6809e+17 1.9676e-01 0.0000e+00 3.0182e+04 0.0000e+00
3.1000e+03 1.4563e-11 8.0601e-01 2.2666e+03 7.5122e+03 5.7000e+03 9.8292e+17 1.6908e+17 1.6908e+17 1.9612e-01 0.0000e+00 3.0266e+04 0.0000e+00
3.1100e+03 1.4507e-11 8.0552e-01 2.2657e+03 7.5092e+03 5.7000e+03 9.9016e+17 1.7007e+17 1.7007e+17 1.9548e-01 0.0000e+00 3.0350e+04 0.0000e+00
3.1200e+03 1.4452e-11 8.0503e-01 2.2648e+03 7.5061e+03 5.7000e+03 9.9745e+17 1.7107e+17 1.7107e+17 1.9485e-01 0.0000e+00 3.0435e+04 0.0000e+00
3.1300e+03 1.4396e-11 8.0455e-01 2.2638e+03 7.5031e+03 5.7000e+03 1.0048e+18 1.7208e+17 1.7208e+17 1.9422e-01 0.0000e+00 3.0519e+04 0.0000e+00
3.1400e+03 1.4341e-11 8.0406e-01 2.2629e+03 7.5000e+03 5.7000e+03 1.0122e+18 1.7309e+17 1.7309e+17 1.9359e-01 0.0000e+00 3.0604e+04 0.0000e+00
3.1500e+03 1.4286e-11 8.0357e-01 2.2620e+03 7.4970e+03 5.7000e+03 1.0197e+18 1.7411e+17 1.7411e+17 1.9297e-01 0.0000e+00 3.0689e+04 0.0000e+00
3.1600e+03 1.4231e-11 8.0308e-01 2.2611e+03 7.4939e+03 5.7000e+03 1.0272e+18 1.7513e+17 1.7513e+17 1.9234e-01 0.0000e+00 3.0775e+04 0.0000e+00
3.1700e+03 1.4176e-11 8.0259e-01 2.2602e+03 7.4909e+03 5.7000e+03 1.0348e+18 1.7616e+17 1.7616e+17 1.9172e-01 0.0000e+00 3.0860e+04 0.0000e+00
3.1800e+03 1.4122e-11 8.0211e-01 2.2592e+03 7.4878e+03 5.7000e+03 1.0424e+18 1.7720e+17 1.7720e+17 1.9110e-01 0.0000e+00 3.0946e+04 0.0000e+00
3.1900e+03 1.4068e-11 8.0162e-01 2.2583e+03 7.4848e+03 5.7000e+03 1.0501e+18 1.7824e+17 1.7824e+17 1.9048e-01 0.0000e+00 3.1032e+04 0.0000e+00
3.2000e+03 1.4014e-11 8.0113e-01 2.2574e+03 7.4818e+03 5.7000e+03 1.0579e+18 1.7929e+17 1.7929e+17 1.8987e-01 0.0000e+00 3.1118e+04 0.0000e+00
3.2100e+03 1.3960e-11 8.0064e-01 2.2565e+03 7.4788e+03 5.7000e+03 1.0657e+18 1.8035e+17 1.8035e+17 1.8925e-01 0.0000e+00 3.1205e+04 0.0000e+00
3.2200e+03 1.3906e-11 8.0016e-01 2.2556e+03 7.4757e+03 5.7000e+03 1.0736e+18 1.8141e+17 1.8141e+17 1.8864e-01 0.0000e+00 3.1291e+04 0.0000e+00
3.2300e+03 1.3853e-11 7.9967e-01 2.2547e+03 7.4727e+03 5.7000e+03 1.0815e+18 1.8248e+17 1.8248e+17 1.8803e-01 0.0000e+00 3.1378e+04 0.0000e+00
3.2400e+03 1.3800e-11 7.9918e-01 2.2538e+03 7.4697e+03 5.7000e+03 1.0895e+18 1.8355e+17 1.8355e+17 1.8742e-01 0.0000e+00 3.1465e+04 0.0000e+00
3.2500e+03 1.3747e-11 7.9869e-01 2.2529e+03 7.4667e+03 5.7000e+03 1.0976e+18 1.8463e+17 1.8463e+17 1.8682e-01 0.0000e+00 3.1553e+04 0.0000e+00
3.2600e+03 1.3694e-11 7.9821e-01 2.2519e+03 7.4636e+03 5.7000e+03 1.1057e+18 1.8572e+17 1.8572e+17 1.8621e-01 0.0000e+00 3.1640e+04 0.0000e+00
3.2700e+03 1.3641e-11 7.9772e-01 2.2510e+03 7.4606e+03 5.7000e+03 1.1139e+18 1.8681e+17 1.8681e+17 1.8561e-01 0.0000e+00 3.1728e+04 0.0000e+00
3.2800e+03 1.3589e-11 7.9723e-01 2.2501e+03 7.4576e+03 5.7000e+03 1.1222e+18 1.8791e+17 1.8791e+17 1.8501e-01 0.0000e+00 3.1816e+04 0.0000e+00
3.2900e+03 1.3537e-11 7.9674e-01 2.2492e+03 7.4546e+03 5.7000e+03 1.1305e+18 1.8902e+17 1.8902e+17 1.8441e-01 0.0000e+00 3.1905e+04 0.0000e+00
3.3000e+03 1.3485e-11 7.9625e-01 2.2483e+03 7.4516e+03 5.7000e+03 1.1389e+18 1.9013e+17 1.9013e+17 1.8382e-01 0.0000e+00 3.1993e+04 0.0000e+00
3.3100e+03 1.3433e-11 7.9577e-01 2.2474e+03 7.4486e+03 5.7000e+03 1.1474e+18 1.9125e+17 1.9125e+17 1.8322e-01 0.0000e+00 3.2082e+04 0.0000e+00
3.3200e+03 1.3381e-11 7.9528e-01 2.2465e+03 7.4456e+03 5.7000e+03 1.1559e+18 1.9238e+17 1.9238e+17 1.8263e-01 0.0000e+00 3.2171e+04 0.0000e+00
3.3300e+03 1.3330e-11 7.9479e-01 2.2456e+03 7.4426e+03 5.7000e+03 1.1645e+18 1.9351e+17 1.9351e+17 1.8204e-01 0.0000e+00 3.2260e+04 0.0000e+00
3.3400e+03 1.3279e-11 7.9430e-01 2.2447e+03 7.4396e+03 5.7000e+03 1.1731e+18 1.9465e+17 1.9465e+17 1.8146e-01 0.0000e+00 3.2350e+04 0.0000e+00
3.3500e+03 1.3228e-11 7.9381e-01 2.2438e+03 7.4366e+03 5.7000e+03 1.1818e+18 1.9580e+17 1.9580e+17 1.8087e-01 0.0000e+00 3.2439e+04 0.0000e+00
3.3600e+03 1.3177e-11 7.9332e-01 2.2429e+03 7.4336e+03 5.7000e+03 1.1906e+18 1.9695e+17 1.9695e+17 1.8029e-01 0.0000e+00 3.2529e+04 0.0000e+00
3.3700e+03 1.3126e-11 7.9283e-01 2.2420e+03 7.4306e+03 5.7000e+03 1.1995e+18 1.9811e+17 1.9811e+17 1.7971e-01 0.0000e+00 3.2620e+04 0.0000e+00
3.3800e+03 1.3076e-11 7.9235e-01 2.2411e+03 7.4276e+03 5.7000e+03 1.2084e+18 1.9927e+17 1.9927e+17 1.7913e-01 0.0000e+00 3.2710e+04 0.0000e+00
3.3900e+03 1.3026e-11 7.9186e-01 2.2402e+03 7.4246e+03 5.7000e+03 1.2174e+18 2.0045e+17 2.0045e+17 1.7855e-01 0.0000e+00 3.2801e+04 0.0000e+00
3.4000e+03 1.2976e-11 7.9137e-01 2.2393e+03 7.4217e+03 5.7000e+03 1.2264e+18 2.0163e+17 2.0163e+17 1.7797e-01 0.0000e+00 3.2892e+04 0.0000e+00
3.4100e+03 1.2926e-11 7.9088e-01 2.2384e+03 7.4187e+03 5.7000e+03 1.2356e+18 2.0281e+17 2.0281e+17 1.7740e-01 0.0000e+00 3.2983e+04 0.0000e+00
3.4200e+03 1.2876e-11 7.9039e-01 2.2375e+03 7.4157e+03 5.7000e+03 1.2448e+18 2.0400e+17 2.0400e+17 1.7683e-01 0.0000e+00 3.3074e+04 0.0000e+00
3.4300e+03 1.2827e-11 7.8990e-01 2.2366e+03 7.4127e+03 5.7000e+03 1.2540e+18 2.0520e+17 2.0520e+17 1.7626e-01 0.0000e+00 3.3166e+04 0.0000e+00
3.4400e+03 1.2778e-11 7.8940e-01 2.2357e+03 7.4098e+03 5.7000e+03 1.2634e+18 2.0641e+17 2.0641e+17 1.7569e-01 0.0000e+00 3.3258e+04 0.0000e+00
3.4500e+03 1.2729e-11 7.8891e-01 2.2348e+03 7.4068e+03 5.7000e+03 1.2728e+18 2.0763e+17 2.0763e+17 1.7512e-01 0.0000e+00 3.3350e+04 0.0000e+00
3.4600e+03 1.2680e-11 7.8842e-01 2.2339e+03 7.4038e+03 5.7000e+03 1.2823e+18 2.0885e+17 2.0885e+17 1.7456e-01 0.0000e+00 3.3442e+04 0.0000e+00
3.4700e+03 1.2631e-11 7.8793e-01 2.2330e+03 7.4009e+03 5.7000e+03 1.2919e+18 2.1007e+17 2.1007e+17 1.7400e-01 0.0000e+00 3.3535e+04 0.0000e+00
3.4800e+03 1.2583e-11 7.8744e-01 2.2321e+03 7.3979e+03 5.7000e+03 1.3015e+18 2.1131e+17 2.1131e+17 1.7344e-01 0.0000e+00 3.3627e+04 0.0000e+00
3.4900e+03 1.2534e-11 7.8695e-01 2.2312e+03 7.3949e+03 5.7000e+03 1.3112e+18 2.1255e+17 2.1255e+17 1.7288e-01 0.0000e+00 3.3720e+04 0.0000e+00
3.5000e+03 1.2486e-11 7.8645e-01 2.2303e+03 7.3920e+03 5.7000e+03 1.3210e+18 2.1380e+17 2.1380e+17 1.7233e-01 0.0000e+00 3.3814e+04 0.0000e+00
3.5100e+03 1.2438e-11 7.8596e-01 2.2294e+03 7.3890e+03 5.7000e+03 1.3309e+18 2.1506e+17 2.1506e+17 1.7177e-01 0.0000e+00 3.3907e+04 0.0000e+00
3.5200e+03 1.2390e-11 7.8547e-01 2.2285e+03 7.3861e+03 5.7000e+03 1.3408e+18 2.1632e+17 2.1632e+17 1.7122e-01 0.0000e+00 3.4001e+04 0.0000e+00
3.5300e+03 1.2343e-11 7.8498e-01 2.2277e+03 7.3831e+03 5.7000e+03 1.3508e+18 2.1759e+17 2.1759e+17 1.7067e-01 0.0000e+00 3.4095e+04 0.0000e+00
3.5400e+03 1.2295e-11 7.8448e-01 2.2268e+03 7.3802e+03 5.7000e+03 1.3609e+18 2.1887e+17 2.1887e+17 1.7012e-01 0.0000e+00 3.4189e+04 0.0000e+00
3.5500e+03 1.2248e-11 7.8399e-01 2.2259e+03 7.3772e+03 5.7000e+03 1.3711e+18 2.2016e+17 2.2016e+17 1.6957e-01 0.0000e+00 3.4284e+04 0.0000e+00
3.5600e+03 1.2201e-11 7.8349e-01 2.2250e+03 7.3743e+03 5.7000e+03 1.3814e+18 2.2145e+17 2.2145e+17 1.6903e-01 0.0000e+00 3.4378e+04 0.0000e+00
3.5700e+03 1.2154e-11 7.8300e-01 2.2241e+03 7.3714e+03 5.7000e+03 1.3917e+18 2.2275e+17 2.2275e+17 1.6849e-01 0.0000e+00 3.4473e+04 0.0000e+00
3.5800e+03 1.2108e-11 7.8250e-01 2.2232e+03 7.3684e+03 5.7000e+03 1.4021e+18 2.2406e+17 2.2406e+17 1.6795e-01 0.0000e+00 3.4569e+04 0.0000e+00
3.5900e+03 1.2061e-11 7.8201e-01 2.2223e+03 7.3655e+03 5.7000e+03 1.4126e+18 2.2538e+17 2.2538e+17 1.6741e-01 0.0000e+00 3.4664e+04 0.0000e+00
3.6000e+03 1.2015e-11 7.8151e-01 2.2214e+03 7.3626e+03 5.7000e+03 1.4232e+18 2.2670e+17 2.2670e+17 1.6687e-01 0.0000e+00 3.4760e+04 0.0000e+00
3.6100e+03 1.1969e-11 7.8102e-01 2.2206e+03 7.3596e+03 5.7000e+03 1.4338e+18 2.2803e+17 2.2803e+17 1.6633e-01 0.0000e+00 3.4856e+04 0.0000e+00
3.6200e+03 1.1923e-11 7.8052e-01 2.2197e+03 7.3567e+03 5.7000e+03 1.4446e+18 2.2937e+17 2.2937e+17 1.6580e-01 0.0000e+00 3.4952e+04 0.0000e+00
3.6300e+03 1.1877e-11 7.8002e-01 2.2188e+03 7.3538e+03 5.7000e+03 1.4554e+18 2.3071e+17 2.3071e+17 1.6527e-01 0.0000e+00 3.5048e+04 0.0000e+00
3.6400e+03 1.1831e-11 7.7952e-01 2.2179e+03 7.3509e+03 5.7000e+03 1.4663e+18 2.3207e+17 2.3207e+17 1.6474e-01 0.0000e+00 3.5145e+04 0.0000e+00
3.6500e+03 1.1786e-11 7.7903e-01 2.2170e+03 7.3480e+03 5.7000e+03 1.4773e+18 2.3343e+17 2.3343e+17 1.6421e-01 0.0000e+00 3.5242e+04 0.0000e+00
3.6600e+03 1.1741e-11 7.7853e-01 2.2162e+03 7.3451e+03 5.7000e+03 1.4884e+18 2.3480e+17 2.3480e+17 1.6369e-01 0.0000e+00 3.5339e+04 0.0000e+00
3.6700e+03 1.1696e-11 7.7803e-01 2.2153e+03 7.3421e+03 5.7000e+03 1.4995e+18 2.3618e+17 2.3618e+17 1.6316e-01 0.0000e+00 3.5436e+04 0.0000e+00
3.6800e+03 1.1651e-11 7.7753e-01 2.2144e+03 7.3392e+03 5.7000e+03 1.5108e+18 2.3756e+17 2.3756e+17 1.6264e-01 0.0000e+00 3.5534e+04 0.0000e+00
3.6900e+03 1.1606e-11 7.7703e-01 2.2135e+03 7.3363e+03 5.7000e+03 1.5221e+18 2.3895e+17 2.3895e+17 1.6212e-01 0.0000e+00 3.5632e+04 0.0000e+00
3.7000e+03 1.1561e-11 7.7653e-01 2.2127e+03 7.3334e+03 5.7000e+03 1.5335e+18 2.4035e+17 2.4035e+17 1.6160e-01 0.0000e+00 3.5730e+04 0.0000e+00
3.7100e+03 1.1517e-11 7.7603e-01 2.2118e+03 7.3305e+03 5.7000e+03 1.5450e+18 2.4176e+17 2.4176e+17 1.6109e-01 0.0000e+00 3.5828e+04 0.0000e+00
3.7200e+03 1.1473e-11 7.7553e-01 2.2109e+03 7.3276e+03 5.7000e+03 1.5566e+18 2.4318e+17 2.4318e+17 1.6057e-01 0.0000e+00 3.5927e+04 0.0000e+00
3.7300e+03 1.1429e-11 7.7503e-01 2.2100e+03 7.3248e+03 5.7000e+03 1.5683e+18 2.4460e+17 2.4460e+17 1.6006e-01 0.0000e+00 3.6025e+04 0.0000e+00
3.7400e+03 1.1385e-11 7.7453e-01 2.2092e+03 7.3219e+03 5.7000e+03 1.5801e+18 2.4604e+17 2.4604e+17 1.5955e-01 0.0000e+00 3.6124e+04 0.0000e+00
3.7500e+03 1.1341e-11 7.7402e-01 2.2083e+03 7.3190e+03 5.7000e+03 1.5920e+18 2.4748e+17 2.4748e+17 1.5904e-01 0.0000e+00 3.6224e+04 0.0000e+00
3.7600e+03 1.1298e-11 7.7352e-01 2.2074e+03 7.3161e+03 5.7000e+03 1.6040e+18 2.4893e+17 2.4893e+17 1.5853e-01 0.0000e+00 3.6323e+04 0.0000e+00
3.7700e+03 1.1254e-11 7.7302e-01 2.2066e+03 7.3132e+03 5.7000e+03 1.6160e+18 2.5038e+17 2.5038e+17 1.5802e-01 0.0000e+00 3.6423e+04 0.0000e+00
3.7800e+03 1.1211e-11 7.7252e-01 2.2057e+03 7.3103e+03 5.7000e+03 1.6282e+18 2.5185e+17 2.5185e+17 1.5752e-01 0.0000e+00 3.6523e+04 0.0000e+00
3.7900e+03 1.1168e-11 7.7201e-01 2.2048e+03 7.3075e+03 5.7000e+03 1.6404e+18 2.5332e+17 2.5332e+17 1.5702e-01 0.0000e+00 3.6623e+04 0.0000e+00
3.8000e+03 1.1125e-11 7.7151e-01 2.2040e+03 7.3046e+03 5.7000e+03 1.6528e+18 2.5480e+17 2.5480e+17 1.5652e-01 0.0000e+00 3.6724e+04 0.0000e+00
3.8100e+03 1.1082e-11 7.7100e-01 2.2031e+03 7.3017e+03 5.7000e+03 1.6652e+18 2.5630e+17 2.5630e+17 1.5602e-01 0.0000e+00 3.6825e+04 0.0000e+00
3.8200e+03 1.1040e-11 7.7050e-01 2.2022e+03 7.2988e+03 5.7000e+03 1.6777e+18 2.5779e+17 2.5779e+17 1.5552e-01 0.0000e+00 3.6926e+04 0.0000e+00
3.8300e+03 1.0997e-11 7.6999e-01 2.2014e+03 7.2960e+03 5.7000e+03 1.6904e+18 2.5930e+17 2.5930e+17 1.5502e-01 0.0000e+00 3.7027e+04 0.0000e+00
3.8400e+03 1.0955e-11 7.6948e-01 2.2005e+03 7.2931e+03 5.7000e+03 1.7031e+18 2.6082e+17 2.6082e+17 1.5453e-01 0.0000e+00 3.7129e+04 0.0000e+00
3.8500e+03 1.0913e-11 7.6898e-01 2.1996e+03 7.2903e+03 5.7000e+03 1.7159e+18 2.6234e+17 2.6234e+17 1.5404e-01 0.0000e+00 3.7230e+04 0.0000e+00
3.8600e+03 1.0871e-11 7.6847e-01 2.1988e+03 7.2874e+03 5.7000e+03 1.7288e+18 2.6388e+17 2.6388e+17 1.5355e-01 0.0000e+00 3.7332e+04 0.0000e+00
3.8700e+03 1.0829e-11 7.6796e-01 2.1979e+03 7.2846e+03 5.7000e+03 1.7419e+18 2.6542e+17 2.6542e+17 1.5306e-01 0.0000e+00 3.7435e+04 0.0000e+00
3.8800e+03 1.0788e-11 7.6745e-01 2.1971e+03 7.2817e+03 5.7000e+03 1.7550e+18 2.6697e+17 2.6697e+17 1.5257e-01 0.0000e+00 3.7537e+04 0.0000e+00
3.8900e+03 1.0746e-11 7.6695e-01 2.1962e+03 7.2789e+03 5.7000e+03 1.7682e+18 2.6853e+17 2.6853e+17 1.5209e-01 0.0000e+00 3.7640e+04 0.0000e+00
3.9000e+03 1.0705e-11 7.6644e-01 2.1953e+03 7.2760e+03 5.7000e+03 1.7815e+18 2.7009e+17 2.7009e+17 1.5160e-01 0.0000e+00 3.7743e+04 0.0000e+00
3.9100e+03 1.0664e-11 7.6593e-01 2.1945e+03 7.2732e+03 5.7000e+03 1.7950e+18 2.7167e+17 2.7167e+17 1.5112e-01 0.0000e+00 3.7846e+04 0.0000e+00
3.9200e+03 1.0623e-11 7.6542e-01 2.1936e+03 7.2703e+03 5.7000e+03 1.8085e+18 2.7326e+17 2.7326e+17 1.5064e-01 0.0000e+00 3.7950e+04 0.0000e+00
3.9300e+03 1.0582e-11 7.6490e-01 2.1928e+03 7.2675e+03 5.7000e+03 1.8222e+18 2.7485e+17 2.7485e+17 1.5016e-01 0.0000e+00 3.8054e+04 0.0000e+00
3.9400e+03 1.0542e-11 7.6439e-01 2.1919e+03 7.2647e+03 5.7000e+03 1.8359e+18 2.7645e+17 2.7645e+17 1.4969e-01 0.0000e+00 3.8158e+04 0.0000e+00
3.9500e+03 1.0501e-11 7.6388e-01 2.1911e+03 7.2618e+03 5.7000e+03 1.8498e+18 2.7807e+17 2.7807e+17 1.4921e-01 0.0000e+00 3.8262e+04 0.0000e+00
3.9600e+03 1.0461e-11 7.6337e-01 2.1902e+03 7.2590e+03 5.7000e+03 1.8637e+18 2.7969e+17 2.7969e+17 1.4874e-01 0.0000e+00 3.8366e+04 0.0000e+00
3.9700e+03 1.0421e-11 7.6286e-01 2.1894e+03 7.2562e+03 5.7000e+03 1.8778e+18 2.8132e+17 2.8132e+17 1.4827e-01 0.0000e+00 3.8471e+04 0.0000e+00
3.9800e+03 1.0381e-11 7.6234e-01 2.1885e+03 7.2534e+03 5.7000e+03 1.8920e+18 2.8296e+17 2.8296e+17 1.4780e-01 0.0000e+00 3.8576e+04 0.0000e+00
3.9900e+03 1.0341e-11 7.6183e-01 2.1876e+03 7.2505e+03 5.7000e+03 1.9063e+18 2.8461e+17 2.8461e+17 1.4733e-01 0.0000e+00 3.8681e+04 0.0000e+00
4.0000e+03 1.0301e-11 7.6131e-01 2.1868e+03 7.2477e+03 5.7000e+03 1.9207e+18 2.8626e+17 2.8626e+17 1.4686e-01 0.0000e+00 3.8787e+04 0.0000e+00
4.0100e+03 1.0261e-11 7.6080e-01 2.1859e+03 7.2449e+03 5.7000e+03 1.9352e+18 2.8793e+17 2.8793e+17 1.4640e-01 0.0000e+00 3.8893e+04 0.0000e+00
4.0200e+03 1.0222e-11 7.6028e-01 2.1851e+03 7.2421e+03 5.7000e+03 1.9498e+18 2.8961e+17 2.8961e+17 1.4594e-01 0.0000e+00 3.8999e+04 0.0000e+00
4.0300e+03 1.0183e-11 7.5977e-01 2.1843e+03 7.2393e+03 5.7000e+03 1.9646e+18 2.9129e+17 2.9129e+17 1.4547e-01 0.0000e+00 3.9105e+04 0.0000e+00
4.0400e+03 1.0144e-11 7.5925e-01 2.1834e+03 7.2365e+03 5.7000e+03 1.9794e+18 2.9299e+17 2.9299e+17 1.4501e-01 0.0000e+00 3.9212e+04 0.0000e+00
4.0500e+03 1.0105e-11 7.5873e-01 2.1826e+03 7.2337e+03 5.7000e+03 1.9944e+18 2.9469e+17 2.9469e+17 1.4456e-01 0.0000e+00 3.9318e+04 0.0000e+00
4.0600e+03 1.0066e-11 7.5822e-01 2.1817e+03 7.2309e+03 5.7000e+03 2.0095e+18 2.9641e+17 2.9641e+17 1.4410e-01 0.0000e+00 3.9425e+04 0.0000e+00
4.0700e+03 1.0027e-11 7.5770e-01 2.1809e+03 7.2281e+03 5.7000e+03 2.0247e+18 2.9813e+17 2.9813e+17 1.4364e-01 0.0000e+00 3.9533e+04 0.0000e+00
4.0800e+03 9.9888e-12 7.5718e-01 2.1800e+03 7.2253e+03 5.7000e+03 2.0400e+18 2.9986e+17 2.9986e+17 1.4319e-01 0.0000e+00 3.9640e+04 0.0000e+00
4.0900e+03 9.9504e-12 7.5666e-01 2.1792e+03 7.2225e+03 5.7000e+03 2.0555e+18 3.0161e+17 3.0161e+17 1.4274e-01 0.0000e+00 3.9748e+04 0.0000e+00
4.1000e+03 9.9122e-12 7.5614e-01 2.1784e+03 7.2197e+03 5.7000e+03 2.0710e+18 3.0336e+17 3.0336e+17 1.4229e-01 0.0000e+00 3.9856e+04 0.0000e+00
4.1100e+03 9.8742e-12 7.5562e-01 2.1775e+03 7.2169e+03 5.7000e+03 2.0867e+18 3.0512e+17 3.0512e+17 1.4184e-01 0.0000e+00 3.9965e+04 0.0000e+00
4.1200e+03 9.8363e-12 7.5510e-01 2.1767e+03 7.2142e+03 5.7000e+03 2.1025e+18 3.0689e+17 3.0689e+17 1.4139e-01 0.0000e+00 4.0073e+04 0.0000e+00
4.1300e+03 9.7985e-12 7.5458e-01 2.1758e+03 7.2114e+03 5.7000e+03 2.1184e+18 3.0868e+17 3.0868e+17 1.4095e-01 0.0000e+00 4.0182e+04 0.0000e+00
4.1400e+03 9.7609e-12 7.5405e-01 2.1750e+03 7.2086e+03 5.7000e+03 2.1345e+18 3.1047e+17 3.1047e+17 1.4050e-01 0.0000e+00 4.0291e+04 0.0000e+00
4.1500e+03 9.7234e-12 7.5353e-01 2.1742e+03 7.2058e+03 5.7000e+03 2.1507e+18 3.1227e+17 3.1227e+17 1.4006e-01 0.0000e+00 4.0400e+04 0.0000e+00
4.1600e+03 9.6860e-12 7.5301e-01 2.1733e+03 7.2031e+03 5.7000e+03 2.1670e+18 3.1408e+17 3.1408e+17 1.3962e-01 0.0000e+00 4.0510e+04 0.0000e+00
4.1700e+03 9.6488e-12 7.5248e-01 2.1725e+03 7.2003e+03 5.7000e+03 2.1834e+18 3.1590e+17 3.1590e+17 1.3918e-01 0.0000e+00 4.0620e+04 0.0000e+00
4.1800e+03 9.6118e-12 7.5196e-01 2.1717e+03 7.1975e+03 5.7000e+03 2.1999e+18 3.1774e+17 3.1774e+17 1.3874e-01 0.0000e+00 4.0730e+04 0.0000e+00
4.1900e+03 9.5749e-12 7.5143e-01 2.1708e+03 7.1948e+03 5.7000e+03 2.2166e+18 3.1958e+17 3.1958e+17 1.3831e-01 0.0000e+00 4.0840e+04 0.0000e+00
4.2000e+03 9.5381e-12 7.5091e-01 2.1700e+03 7.1920e+03 5.7000e+03 2.2334e+18 3.2143e+17 3.2143e+17 1.3787e-01 0.0000e+00 4.0951e+04 0.0000e+00
4.2100e+03 9.5015e-12 7.5038e-01 2.1692e+03 7.1893e+03 5.7000e+03 2.2504e+18 3.2329e+17 3.2329e+17 1.3744e-01 0.0000e+00 4.1062e+04 0.0000e+00
4.2200e+03 9.4650e-12 7.4986e-01 2.1683e+03 7.1865e+03 5.7000e+03 2.2675e+18 3.2517e+17 3.2517e+17 1.3701e-01 0.0000e+00 4.1173e+04 0.0000e+00
4.2300e+03 9.4287e-12 7.4933e-01 2.1675e+03 7.1838e+03 5.7000e+03 2.2847e+18 3.2705e+17 3.2705e+17 1.3658e-01 0.0000e+00 4.1285e+04 0.0000e+00
4.2400e+03 9.3925e-12 7.4880e-01 2.1667e+03 7.1810e+03 5.7000e+03 2.3020e+18 3.2894e+17 3.2894e+17 1.3615e-01 0.0000e+00 4.1396e+04 0.0000e+00
4.2500e+03 9.3564e-12 7.4827e-01 2.1658e+03 7.1783e+03 5.7000e+03 2.3195e+18 3.3085e+17 3.3085e+17 1.3572e-01 0.0000e+00 4.1508e+04 0.0000e+00
4.2600e+03 9.3205e-12 7.4774e-01 2.1650e+03 7.1755e+03 5.7000e+03 2.3371e+18 3.3276e+17 3.3276e+17 1.3529e-01 0.0000e+00 4.1620e+04 0.0000e+00
4.2700e+03 9.2847e-12 7.4722e-01 2.1642e+03 7.1728e+03 5.7000e+03 2.3549e+18 3.3469e+17 3.3469e+17 1.3487e-01 0.0000e+00 4.1733e+04 0.0000e+00
4.2800e+03 9.2490e-12 7.4669e-01 2.1634e+03 7.1700e+03 5.7000e+03 2.3728e+18 3.3662e+17 3.3662e+17 1.3445e-01 0.0000e+00 4.1846e+04 0.0000e+00
4.2900e+03 9.2135e-12 7.4615e-01 2.1625e+03 7.1673e+03 5.7000e+03 2.3908e+18 3.3857e+17 3.3857e+17 1.3403e-01 0.0000e+00 4.1959e+04 0.0000e+00
4.3000e+03 9.1781e-12 7.4562e-01 2.1617e+03 7.1646e+03 5.7000e+03 2.4090e+18 3.4052e+17 3.4052e+17 1.3361e-01 0.0000e+00 4.2072e+04 0.0000e+00
4.3100e+03 9.1429e-12 7.4509e-01 2.1609e+03 7.1619e+03 5.7000e+03 2.4273e+18 3.4249e+17 3.4249e+17 1.3319e-01 0.0000e+00 4.2185e+04 0.0000e+00
4.3200e+03 9.1078e-12 7.4456e-01 2.1601e+03 7.1591e+03 5.7000e+03 2.4457e+18 3.4447e+17 3.4447e+17 1.3277e-01 0.0000e+00 4.2299e+04 0.0000e+00
4.3300e+03 9.0728e-12 7.4403e-01 2.1592e+03 7.1564e+03 5.7000e+03 2.4643e+18 3.4646e+17 3.4646e+17 1.3236e-01 0.0000e+00 4.2413e+04 0.0000e+00
4.3400e+03 9.0380e-12 7.4349e-01 2.1584e+03 7.1537e+03 5.7000e+03 2.4831e+18 3.4846e+17 3.4846e+17 1.3194e-01 0.0000e+00 4.2528e+04 0.0000e+00
4.3500e+03 9.0032e-12 7.4296e-01 2.1576e+03 7.1510e+03 5.7000e+03 2.5020e+18 3.5047e+17 3.5047e+17 1.3153e-01 0.0000e+00 4.2642e+04 0.0000e+00
4.3600e+03 8.9687e-12 7.4242e-01 2.1568e+03 7.1483e+03 5.7000e+03 2.5210e+18 3.5249e+17 3.5249e+17 1.3112e-01 0.0000e+00 4.2757e+04 0.0000e+00
4.3700e+03 8.9342e-12 7.4189e-01 2.1560e+03 7.1456e+03 5.7000e+03 2.5402e+18 3.5453e+17 3.5453e+17 1.3071e-01 0.0000e+00 4.2872e+04 0.0000e+00
4.3800e+03 8.8999e-12 7.4135e-01 2.1552e+03 7.1428e+03 5.7000e+03 2.5595e+18 3.5657e+17 3.5657e+17 1.3030e-01 0.0000e+00 4.2988e+04 0.0000e+00
4.3900e+03 8.8658e-12 7.4082e-01 2.1543e+03 7.1401e+03 5.7000e+03 2.5790e+18 3.5863e+17 3.5863e+17 1.2990e-01 0.0000e+00 4.3103e+04 0.0000e+00
4.4000e+03 8.8317e-12 7.4028e-01 2.1535e+03 7.1374e+03 5.7000e+03 2.5987e+18 3.6069e+17 3.6069e+17 1.2949e-01 0.0000e+00 4.3219e+04 0.0000e+00
4.4100e+03 8.7978e-12 7.3974e-01 2.1527e+03 7.1347e+03 5.7000e+03 2.6185e+18 3.6277e+17 3.6277e+17 1.2909e-01 0.0000e+00 4.3335e+04 0.0000e+00
4.4200e+03 8.7640e-12 7.3921e-01 2.1519e+03 7.1320e+03 5.7000e+03 2.6384e+18 3.6486e+17 3.6486e+17 1.2869e-01 0.0000e+00 4.3452e+04 0.0000e+00
4.4300e+03 8.7304e-12 7.3867e-01 2.1511e+03 7.1293e+03 5.7000e+03 2.6585e+18 3.6696e+17 3.6696e+17 1.2829e-01 0.0000e+00 4.3568e+04 0.0000e+00
4.4400e+03 8.6968e-12 7.3813e-01 2.1503e+03 7.1267e+03 5.7000e+03 2.6788e+18 3.6907e+17 3.6907e+17 1.2789e-01 0.0000e+00 4.3685e+04 0.0000e+00
4.4500e+03 8.6634e-12 7.3759e-01 2.1495e+03 7.1240e+03 5.7000e+03 2.6992e+18 3.7120e+17 3.7120e+17 1.2749e-01 0.0000e+00 4.3803e+04 0.0000e+00
4.4600e+03 8.6302e-12 7.3705e-01 2.1486e+03 7.1213e+03 5.7000e+03 2.7198e+18 3.7333e+17 3.7333e+17 1.2709e-01 0.0000e+00 4.3920e+04 0.0000e+00
4.4700e+03 8.5970e-12 7.3651e-01 2.1478e+03 7.1186e+03 5.7000e+03 2.7405e+18 3.7548e+17 3.7548e+17 1.2670e-01 0.0000e+00 4.4038e+04 0.0000e+00
4.4800e+03 8.5640e-12 7.3596e-01 2.1470e+03 7.1159e+03 5.7000e+03 2.7614e+18 3.7764e+17 3.7764e+17 1.2630e-01 0.0000e+00 4.4156e+04 0.0000e+00
4.4900e+03 8.5311e-12 7.3542e-01 2.1462e+03 7.1132e+03 5.7000e+03 2.7825e+18 3.7981e+17 3.7981e+17 1.2591e-01 0.0000e+00 4.4274e+04 0.0000e+00
4.5000e+03 8.4984e-12 7.3488e-01 2.1454e+03 7.1106e+03 5.7000e+03 2.8037e+18 3.8199e+17 3.8199e+17 1.2552e-01 0.0000e+00 4.4393e+04 0.0000e+00
4.5100e+03 8.4657e-12 7.3434e-01 2.1446e+03 7.1079e+03 5.7000e+03 2.8251e+18 3.8419e+17 3.8419e+17 1.2513e-01 0.0000e+00 4.4512e+04 0.0000e+00
4.5200e+03 8.4332e-12 7.3379e-01 2.1438e+03 7.1052e+03 5.7000e+03 2.8467e+18 3.8639e+17 3.8639e+17 1.2474e-01 0.0000e+00 4.4631e+04 0.0000e+00
4.5300e+03 8.4008e-12 7.3325e-01 2.1430e+03 7.1026e+03 5.7000e+03 2.8684e+18 3.8861e+17 3.8861e+17 1.2436e-01 0.0000e+00 4.4750e+04 0.0000e+00
4.5400e+03 8.3686e-12 7.3270e-01 2.1422e+03 7.0999e+03 5.7000e+03 2.8903e+18 3.9084e+17 3.9084e+17 1.2397e-01 0.0000e+00 4.4870e+04 0.0000e+00
4.5500e+03 0.0000e+00 0.0000e+00 2.1414e+03 0.0000e+00 5.7000e+03 0.0000e+00 0.0000e+00 0.0000e+00 0.0000e+00 0.0000e+00 0.0000e+00 0.0000e+00
