0.0000e+00 2.4000e-11 1.6769e+01 1.7000e+03 5.6343e+03 5.7000e+03 2.7481e+20 2.0738e+19 2.0738e+19 1.5535e-02 0.0000e+00 2.7268e+05 0.0000e+00
1.0000e+01 2.3908e-11 1.6148e+01 1.7059e+03 5.6540e+03 5.7000e+03 3.6303e+21 1.9396e+19 1.9396e+19 1.6070e-02 0.0000e+00 2.6470e+05 0.0000e+00
2.0000e+01 2.3816e-11 1.5556e+01 1.7118e+03 5.6735e+03 5.7000e+03 3.0357e+21 1.8157e+19 1.8157e+19 1.6617e-02 0.0000e+00 2.5705e+05 0.0000e+00
3.0000e+01 2.3725e-11 1.4993e+01 1.7177e+03 5.6929e+03 5.7000e+03 2.5528e+21 1.7012e+19 1.7012e+19 1.7176e-02 0.0000e+00 2.4971e+05 0.0000e+00
4.0000e+01 2.3633e-11 1.4455e+01 1.7235e+03 5.7122e+03 5.7000e+03 2.1583e+21 1.5953e+19 1.5953e+19 1.7746e-02 0.0000e+00 2.4267e+05 0.0000e+00
5.0000e+01 2.3543e-11 1.3943e+01 1.7293e+03 5.7314e+03 5.7000e+03 1.8342e+21 1.4972e+19 1.4972e+19 1.8328e-02 0.0000e+00 2.3592e+05 0.0000e+00
6.0000e+01 2.3452e-11 1.3453e+01 1.7350e+03 5.7504e+03 5.7000e+03 1.5665e+21 1.4063e+19 1.4063e+19 1.8921e-02 0.0000e+00 2.2943e+05 0.0000e+00
7.0000e+01 2.3362e-11 1.2987e+01 1.7407e+03 5.7693e+03 5.7000e+03 1.3441e+21 1.3221e+19 1.3221e+19 1.9526e-02 0.0000e+00 2.2320e+05 0.0000e+00
8.0000e+01 2.3273e-11 1.2541e+01 1.7464e+03 5.7881e+03 5.7000e+03 1.1585e+21 1.2439e+19 1.2439e+19 2.0143e-02 0.0000e+00 2.1721e+05 0.0000e+00
9.0000e+01 2.3183e-11 1.2115e+01 1.7520e+03 5.8068e+03 5.7000e+03 1.0028e+21 1.1713e+19 1.1713e+19 2.0771e-02 0.0000e+00 2.1145e+05 0.0000e+00
1.0000e+02 2.3094e-11 1.1708e+01 1.7576e+03 5.8253e+03 5.7000e+03 8.7168e+20 1.1037e+19 1.1037e+19 2.1410e-02 0.0000e+00 2.0592e+05 0.0000e+00
1.1000e+02 2.3005e-11 1.1319e+01 1.7632e+03 5.8437e+03 5.7000e+03 7.6068e+20 1.0409e+19 1.0409e+19 2.2061e-02 0.0000e+00 2.0060e+05 0.0000e+00
1.2000e+02 2.2917e-11 1.0947e+01 1.7687e+03 5.8619e+03 5.7000e+03 6.6634e+20 9.8248e+18 9.8248e+18 2.2724e-02 0.0000e+00 1.9548e+05 0.0000e+00
1.3000e+02 2.2829e-11 1.0591e+01 1.7741e+03 5.8801e+03 5.7000e+03 5.8582e+20 9.2801e+18 9.2801e+18 2.3397e-02 0.0000e+00 1.9055e+05 0.0000e+00
1.4000e+02 2.2741e-11 1.0250e+01 1.7796e+03 5.8981e+03 5.7000e+03 5.1684e+20 8.7722e+18 8.7722e+18 2.4082e-02 0.0000e+00 1.8581e+05 0.0000e+00
1.5000e+02 2.2654e-11 9.9237e+00 1.7850e+03 5.9160e+03 5.7000e+03 4.5752e+20 8.2983e+18 8.2983e+18 2.4778e-02 0.0000e+00 1.8125e+05 0.0000e+00
1.6000e+02 2.2567e-11 9.6114e+00 1.7903e+03 5.9337e+03 5.7000e+03 4.0631e+20 7.8559e+18 7.8559e+18 2.5485e-02 0.0000e+00 1.7685e+05 0.0000e+00
1.7000e+02 2.2480e-11 9.3121e+00 1.7956e+03 5.9513e+03 5.7000e+03 3.6196e+20 7.4425e+18 7.4425e+18 2.6203e-02 0.0000e+00 1.7261e+05 0.0000e+00
1.8000e+02 2.2394e-11 9.0254e+00 1.8009e+03 5.9688e+03 5.7000e+03 3.2341e+20 7.0559e+18 7.0559e+18 2.6932e-02 0.0000e+00 1.6853e+05 0.0000e+00
1.9000e+02 2.2308e-11 8.7504e+00 1.8061e+03 5.9861e+03 5.7000e+03 2.8980e+20 6.6942e+18 6.6942e+18 2.7671e-02 0.0000e+00 1.6459e+05 0.0000e+00
2.0000e+02 2.2223e-11 8.4868e+00 1.8113e+03 6.0033e+03 5.7000e+03 2.6041e+20 6.3556e+18 6.3556e+18 2.8422e-02 0.0000e+00 1.6079e+05 0.0000e+00
2.1000e+02 2.2137e-11 8.2339e+00 1.8165e+03 6.0204e+03 5.7000e+03 2.3462e+20 6.0383e+18 6.0383e+18 2.9182e-02 0.0000e+00 1.5713e+05 0.0000e+00
2.2000e+02 2.2052e-11 7.9912e+00 1.8216e+03 6.0374e+03 5.7000e+03 2.1194e+20 5.7408e+18 5.7408e+18 2.9953e-02 0.0000e+00 1.5360e+05 0.0000e+00
2.3000e+02 2.1967e-11 7.7582e+00 1.8267e+03 6.0542e+03 5.7000e+03 1.9192e+20 5.4617e+18 5.4617e+18 3.0734e-02 0.0000e+00 1.5019e+05 0.0000e+00
2.4000e+02 2.1883e-11 7.5345e+00 1.8317e+03 6.0708e+03 5.7000e+03 1.7421e+20 5.1997e+18 5.1997e+18 3.1525e-02 0.0000e+00 1.4690e+05 0.0000e+00
2.5000e+02 2.1799e-11 7.3197e+00 1.8367e+03 6.0874e+03 5.7000e+03 1.5851e+20 4.9536e+18 4.9536e+18 3.2325e-02 0.0000e+00 1.4373e+05 0.0000e+00
2.6000e+02 2.1715e-11 7.1133e+00 1.8416e+03 6.1038e+03 5.7000e+03 1.4454e+20 4.7223e+18 4.7223e+18 3.3136e-02 0.0000e+00 1.4066e+05 0.0000e+00
2.7000e+02 2.1632e-11 6.9149e+00 1.8465e+03 6.1200e+03 5.7000e+03 1.3209e+20 4.5047e+18 4.5047e+18 3.3955e-02 0.0000e+00 1.3770e+05 0.0000e+00
2.8000e+02 2.1549e-11 6.7242e+00 1.8514e+03 6.1361e+03 5.7000e+03 1.2097e+20 4.2999e+18 4.2999e+18 3.4784e-02 0.0000e+00 1.3484e+05 0.0000e+00
2.9000e+02 2.1466e-11 6.5408e+00 1.8562e+03 6.1521e+03 5.7000e+03 1.1101e+20 4.1071e+18 4.1071e+18 3.5622e-02 0.0000e+00 1.3207e+05 0.0000e+00
3.0000e+02 2.1384e-11 6.3643e+00 1.8610e+03 6.1679e+03 5.7000e+03 1.0207e+20 3.9254e+18 3.9254e+18 3.6469e-02 0.0000e+00 1.2940e+05 0.0000e+00
3.1000e+02 2.1302e-11 6.1946e+00 1.8657e+03 6.1836e+03 5.7000e+03 9.4028e+19 3.7541e+18 3.7541e+18 3.7325e-02 0.0000e+00 1.2681e+05 0.0000e+00
3.2000e+02 2.1220e-11 6.0312e+00 1.8704e+03 6.1992e+03 5.7000e+03 8.6780e+19 3.5925e+18 3.5925e+18 3.8189e-02 0.0000e+00 1.2431e+05 0.0000e+00
3.3000e+02 2.1138e-11 5.8739e+00 1.8751e+03 6.2146e+03 5.7000e+03 8.0235e+19 3.4400e+18 3.4400e+18 3.9061e-02 0.0000e+00 1.2189e+05 0.0000e+00
3.4000e+02 2.1057e-11 5.7225e+00 1.8797e+03 6.2299e+03 5.7000e+03 7.4313e+19 3.2960e+18 3.2960e+18 3.9941e-02 0.0000e+00 1.1956e+05 0.0000e+00
3.5000e+02 2.0976e-11 5.5766e+00 1.8843e+03 6.2450e+03 5.7000e+03 6.8944e+19 3.1599e+18 3.1599e+18 4.0828e-02 0.0000e+00 1.1729e+05 0.0000e+00
3.6000e+02 2.0896e-11 5.4360e+00 1.8888e+03 6.2600e+03 5.7000e+03 6.4068e+19 3.0312e+18 3.0312e+18 4.1723e-02 0.0000e+00 1.1510e+05 0.0000e+00
3.7000e+02 2.0816e-11 5.3005e+00 1.8933e+03 6.2749e+03 5.7000e+03 5.9631e+19 2.9095e+18 2.9095e+18 4.2625e-02 0.0000e+00 1.1298e+05 0.0000e+00
3.8000e+02 2.0736e-11 5.1699e+00 1.8977e+03 6.2896e+03 5.7000e+03 5.5588e+19 2.7943e+18 2.7943e+18 4.3534e-02 0.0000e+00 1.1093e+05 0.0000e+00
3.9000e+02 2.0656e-11 5.0440e+00 1.9021e+03 6.3042e+03 5.7000e+03 5.1897e+19 2.6852e+18 2.6852e+18 4.4450e-02 0.0000e+00 1.0894e+05 0.0000e+00
4.0000e+02 2.0577e-11 4.9225e+00 1.9065e+03 6.3186e+03 5.7000e+03 4.8522e+19 2.5818e+18 2.5818e+18 4.5372e-02 0.0000e+00 1.0701e+05 0.0000e+00
4.1000e+02 2.0498e-11 4.8053e+00 1.9108e+03 6.3329e+03 5.7000e+03 4.5431e+19 2.4838e+18 2.4838e+18 4.6300e-02 0.0000e+00 1.0515e+05 0.0000e+00
4.2000e+02 2.0419e-11 4.6922e+00 1.9150e+03 6.3470e+03 5.7000e+03 4.2596e+19 2.3909e+18 2.3909e+18 4.7234e-02 0.0000e+00 1.0334e+05 0.0000e+00
4.3000e+02 2.0341e-11 4.5831e+00 1.9193e+03 6.3610e+03 5.7000e+03 3.9992e+19 2.3027e+18 2.3027e+18 4.8173e-02 0.0000e+00 1.0159e+05 0.0000e+00
4.4000e+02 2.0262e-11 4.4777e+00 1.9234e+03 6.3748e+03 5.7000e+03 3.7597e+19 2.2190e+18 2.2190e+18 4.9117e-02 0.0000e+00 9.9889e+04 0.0000e+00
4.5000e+02 2.0185e-11 4.3759e+00 1.9276e+03 6.3886e+03 5.7000e+03 3.5390e+19 2.1395e+18 2.1395e+18 5.0067e-02 0.0000e+00 9.8243e+04 0.0000e+00
4.6000e+02 2.0107e-11 4.2776e+00 1.9317e+03 6.4021e+03 5.7000e+03 3.3354e+19 2.0640e+18 2.0640e+18 5.1021e-02 0.0000e+00 9.6647e+04 0.0000e+00
4.7000e+02 2.0030e-11 4.1826e+00 1.9357e+03 6.4155e+03 5.7000e+03 3.1474e+19 1.9922e+18 1.9922e+18 5.1979e-02 0.0000e+00 9.5099e+04 0.0000e+00
4.8000e+02 1.9953e-11 4.0908e+00 1.9397e+03 6.4288e+03 5.7000e+03 2.9735e+19 1.9239e+18 1.9239e+18 5.2941e-02 0.0000e+00 9.3597e+04 0.0000e+00
4.9000e+02 1.9876e-11 4.0021e+00 1.9437e+03 6.4419e+03 5.7000e+03 2.8125e+19 1.8589e+18 1.8589e+18 5.3907e-02 0.0000e+00 9.2141e+04 0.0000e+00
5.0000e+02 1.9800e-11 3.9163e+00 1.9476e+03 6.4549e+03 5.7000e+03 2.6632e+19 1.7970e+18 1.7970e+18 5.4876e-02 0.0000e+00 9.0728e+04 0.0000e+00
5.1000e+02 1.9724e-11 3.8334e+00 1.9515e+03 6.4678e+03 5.7000e+03 2.5246e+19 1.7381e+18 1.7381e+18 5.5848e-02 0.0000e+00 8.9356e+04 0.0000e+00
5.2000e+02 1.9648e-11 3.7531e+00 1.9553e+03 6.4805e+03 5.7000e+03 2.3959e+19 1.6819e+18 1.6819e+18 5.6823e-02 0.0000e+00 8.8025e+04 0.0000e+00
5.3000e+02 1.9573e-11 3.6755e+00 1.9591e+03 6.4930e+03 5.7000e+03 2.2760e+19 1.6284e+18 1.6284e+18 5.7801e-02 0.0000e+00 8.6734e+04 0.0000e+00
5.4000e+02 1.9498e-11 3.6004e+00 1.9628e+03 6.5054e+03 5.7000e+03 2.1644e+19 1.5773e+18 1.5773e+18 5.8780e-02 0.0000e+00 8.5479e+04 0.0000e+00
5.5000e+02 1.9423e-11 3.5277e+00 1.9665e+03 6.5177e+03 5.7000e+03 2.0604e+19 1.5286e+18 1.5286e+18 5.9761e-02 0.0000e+00 8.4262e+04 0.0000e+00
5.6000e+02 1.9348e-11 3.4573e+00 1.9702e+03 6.5298e+03 5.7000e+03 1.9633e+19 1.4822e+18 1.4822e+18 6.0744e-02 0.0000e+00 8.3079e+04 0.0000e+00
5.7000e+02 1.9274e-11 3.3891e+00 1.9738e+03 6.5418e+03 5.7000e+03 1.8725e+19 1.4378e+18 1.4378e+18 6.1728e-02 0.0000e+00 8.1931e+04 0.0000e+00
5.8000e+02 1.9200e-11 3.3231e+00 1.9774e+03 6.5536e+03 5.7000e+03 1.7877e+19 1.3954e+18 1.3954e+18 6.2712e-02 0.0000e+00 8.0816e+04 0.0000e+00
5.9000e+02 1.9126e-11 3.2592e+00 1.9809e+03 6.5653e+03 5.7000e+03 1.7082e+19 1.3549e+18 1.3549e+18 6.3697e-02 0.0000e+00 7.9732e+04 0.0000e+00
6.0000e+02 1.9053e-11 3.1972e+00 1.9844e+03 6.5769e+03 5.7000e+03 1.6338e+19 1.3162e+18 1.3162e+18 6.4682e-02 0.0000e+00 7.8679e+04 0.0000e+00
6.1000e+02 1.8980e-11 3.1372e+00 1.9878e+03 6.5883e+03 5.7000e+03 1.5640e+19 1.2792e+18 1.2792e+18 6.5667e-02 0.0000e+00 7.7657e+04 0.0000e+00
6.2000e+02 1.8907e-11 3.0790e+00 1.9912e+03 6.5995e+03 5.7000e+03 1.4985e+19 1.2438e+18 1.2438e+18 6.6651e-02 0.0000e+00 7.6663e+04 0.0000e+00
6.3000e+02 1.8834e-11 3.0225e+00 1.9946e+03 6.6107e+03 5.7000e+03 1.4369e+19 1.2099e+18 1.2099e+18 6.7635e-02 0.0000e+00 7.5697e+04 0.0000e+00
6.4000e+02 1.8762e-11 2.9678e+00 1.9979e+03 6.6216e+03 5.7000e+03 1.3790e+19 1.1774e+18 1.1774e+18 6.8617e-02 0.0000e+00 7.4758e+04 0.0000e+00
6.5000e+02 1.8690e-11 2.9147e+00 2.0012e+03 6.6325e+03 5.7000e+03 1.3245e+19 1.1464e+18 1.1464e+18 6.9598e-02 0.0000e+00 7.3845e+04 0.0000e+00
6.6000e+02 1.8618e-11 2.8633e+00 2.0044e+03 6.6432e+03 5.7000e+03 1.2732e+19 1.1166e+18 1.1166e+18 7.0578e-02 0.0000e+00 7.2958e+04 0.0000e+00
6.7000e+02 1.8546e-11 2.8133e+00 2.0076e+03 6.6537e+03 5.7000e+03 1.2248e+19 1.0881e+18 1.0881e+18 7.1555e-02 0.0000e+00 7.2095e+04 0.0000e+00
6.8000e+02 1.8475e-11 2.7649e+00 2.0107e+03 6.6641e+03 5.7000e+03 1.1792e+19 1.0607e+18 1.0607e+18 7.2529e-02 0.0000e+00 7.1256e+04 0.0000e+00
6.9000e+02 1.8404e-11 2.7178e+00 2.0138e+03 6.6744e+03 5.7000e+03 1.1361e+19 1.0345e+18 1.0345e+18 7.3501e-02 0.0000e+00 7.0440e+04 0.0000e+00
7.0000e+02 1.8334e-11 2.6722e+00 2.0169e+03 6.6845e+03 5.7000e+03 1.0954e+19 1.0093e+18 1.0093e+18 7.4470e-02 0.0000e+00 6.9647e+04 0.0000e+00
7.1000e+02 1.8263e-11 2.6278e+00 2.0199e+03 6.6945e+03 5.7000e+03 1.0569e+19 9.8519e+17 9.8519e+17 7.5436e-02 0.0000e+00 6.8875e+04 0.0000e+00
7.2000e+02 1.8193e-11 2.5848e+00 2.0229e+03 6.7044e+03 5.7000e+03 1.0205e+19 9.6203e+17 9.6203e+17 7.6398e-02 0.0000e+00 6.8124e+04 0.0000e+00
7.3000e+02 1.8123e-11 2.5429e+00 2.0258e+03 6.7141e+03 5.7000e+03 9.8604e+18 9.3978e+17 9.3978e+17 7.7357e-02 0.0000e+00 6.7394e+04 0.0000e+00
7.4000e+02 1.8054e-11 2.5023e+00 2.0287e+03 6.7237e+03 5.7000e+03 9.5339e+18 9.1841e+17 9.1841e+17 7.8311e-02 0.0000e+00 6.6684e+04 0.0000e+00
7.5000e+02 1.7984e-11 2.4628e+00 2.0315e+03 6.7331e+03 5.7000e+03 9.2244e+18 8.9788e+17 8.9788e+17 7.9260e-02 0.0000e+00 6.5992e+04 0.0000e+00
7.6000e+02 1.7915e-11 2.4245e+00 2.0343e+03 6.7424e+03 5.7000e+03 8.9308e+18 8.7816e+17 8.7816e+17 8.0205e-02 0.0000e+00 6.5320e+04 0.0000e+00
7.7000e+02 1.7846e-11 2.3872e+00 2.0371e+03 6.7516e+03 5.7000e+03 8.6521e+18 8.5919e+17 8.5919e+17 8.1145e-02 0.0000e+00 6.4666e+04 0.0000e+00
7.8000e+02 1.7778e-11 2.3509e+00 2.0398e+03 6.7606e+03 5.7000e+03 8.3875e+18 8.4096e+17 8.4096e+17 8.2080e-02 0.0000e+00 6.4029e+04 0.0000e+00
7.9000e+02 1.7710e-11 2.3157e+00 2.0425e+03 6.7695e+03 5.7000e+03 8.1360e+18 8.2342e+17 8.2342e+17 8.3009e-02 0.0000e+00 6.3409e+04 0.0000e+00
8.0000e+02 1.7642e-11 2.2814e+00 2.0452e+03 6.7783e+03 5.7000e+03 7.8968e+18 8.0655e+17 8.0655e+17 8.3933e-02 0.0000e+00 6.2806e+04 0.0000e+00
8.1000e+02 1.7574e-11 2.2481e+00 2.0478e+03 6.7869e+03 5.7000e+03 7.6693e+18 7.9031e+17 7.9031e+17 8.4850e-02 0.0000e+00 6.2219e+04 0.0000e+00
8.2000e+02 1.7506e-11 2.2157e+00 2.0503e+03 6.7954e+03 5.7000e+03 7.4527e+18 7.7468e+17 7.7468e+17 8.5762e-02 0.0000e+00 6.1647e+04 0.0000e+00
8.3000e+02 1.7439e-11 2.1841e+00 2.0528e+03 6.8038e+03 5.7000e+03 7.2465e+18 7.5963e+17 7.5963e+17 8.6666e-02 0.0000e+00 6.1091e+04 0.0000e+00
8.4000e+02 1.7372e-11 2.1534e+00 2.0553e+03 6.8120e+03 5.7000e+03 7.0500e+18 7.4514e+17 7.4514e+17 8.7564e-02 0.0000e+00 6.0550e+04 0.0000e+00
8.5000e+02 1.7306e-11 2.1235e+00 2.0578e+03 6.8201e+03 5.7000e+03 6.8626e+18 7.3118e+17 7.3118e+17 8.8455e-02 0.0000e+00 6.0023e+04 0.0000e+00
8.6000e+02 1.7239e-11 2.0944e+00 2.0602e+03 6.8281e+03 5.7000e+03 6.6839e+18 7.1774e+17 7.1774e+17 8.9339e-02 0.0000e+00 5.9510e+04 0.0000e+00
8.7000e+02 1.7173e-11 2.0661e+00 2.0626e+03 6.8359e+03 5.7000e+03 6.5134e+18 7.0478e+17 7.0478e+17 9.0216e-02 0.0000e+00 5.9010e+04 0.0000e+00
8.8000e+02 1.7107e-11 2.0386e+00 2.0649e+03 6.8437e+03 5.7000e+03 6.3506e+18 6.9228e+17 6.9228e+17 9.1085e-02 0.0000e+00 5.8524e+04 0.0000e+00
8.9000e+02 1.7041e-11 2.0117e+00 2.0672e+03 6.8512e+03 5.7000e+03 6.1950e+18 6.8024e+17 6.8024e+17 9.1946e-02 0.0000e+00 5.8051e+04 0.0000e+00
9.0000e+02 1.6976e-11 1.9856e+00 2.0694e+03 6.8587e+03 5.7000e+03 6.0464e+18 6.6863e+17 6.6863e+17 9.2799e-02 0.0000e+00 5.7590e+04 0.0000e+00
9.1000e+02 1.6911e-11 1.9601e+00 2.0716e+03 6.8660e+03 5.7000e+03 5.9044e+18 6.5743e+17 6.5743e+17 9.3644e-02 0.0000e+00 5.7141e+04 0.0000e+00
9.2000e+02 1.6846e-11 1.9353e+00 2.0738e+03 6.8733e+03 5.7000e+03 5.7685e+18 6.4662e+17 6.4662e+17 9.4481e-02 0.0000e+00 5.6704e+04 0.0000e+00
9.3000e+02 1.6781e-11 1.9111e+00 2.0760e+03 6.8804e+03 5.7000e+03 5.6385e+18 6.3620e+17 6.3620e+17 9.5309e-02 0.0000e+00 5.6279e+04 0.0000e+00
9.4000e+02 1.6717e-11 1.8875e+00 2.0781e+03 6.8873e+03 5.7000e+03 5.5141e+18 6.2614e+17 6.2614e+17 9.6128e-02 0.0000e+00 5.5865e+04 0.0000e+00
9.5000e+02 1.6652e-11 1.8646e+00 2.0801e+03 6.8942e+03 5.7000e+03 5.3950e+18 6.1643e+17 6.1643e+17 9.6939e-02 0.0000e+00 5.5461e+04 0.0000e+00
9.6000e+02 1.6588e-11 1.8422e+00 2.0822e+03 6.9009e+03 5.7000e+03 5.2808e+18 6.0705e+17 6.0705e+17 9.7740e-02 0.0000e+00 5.5069e+04 0.0000e+00
9.7000e+02 1.6525e-11 1.8203e+00 2.0841e+03 6.9075e+03 5.7000e+03 5.1715e+18 5.9800e+17 5.9800e+17 9.8533e-02 0.0000e+00 5.4687e+04 0.0000e+00
9.8000e+02 1.6461e-11 1.7990e+00 2.0861e+03 6.9140e+03 5.7000e+03 5.0667e+18 5.8926e+17 5.8926e+17 9.9316e-02 0.0000e+00 5.4315e+04 0.0000e+00
9.9000e+02 1.6398e-11 1.7783e+00 2.0880e+03 6.9204e+03 5.7000e+03 4.9662e+18 5.8082e+17 5.8082e+17 1.0009e-01 0.0000e+00 5.3952e+04 0.0000e+00
1.0000e+03 1.6335e-11 1.7580e+00 2.0899e+03 6.9266e+03 5.7000e+03 4.8698e+18 5.7267e+17 5.7267e+17 1.0085e-01 0.0000e+00 5.3600e+04 0.0000e+00
1.0100e+03 1.6272e-11 1.7383e+00 2.0918e+03 6.9327e+03 5.7000e+03 4.7773e+18 5.6479e+17 5.6479e+17 1.0161e-01 0.0000e+00 5.3256e+04 0.0000e+00
1.0200e+03 1.6210e-11 1.7190e+00 2.0936e+03 6.9388e+03 5.7000e+03 4.6885e+18 5.5718e+17 5.5718e+17 1.0235e-01 0.0000e+00 5.2922e+04 0.0000e+00
1.0300e+03 1.6148e-11 1.7002e+00 2.0954e+03 6.9447e+03 5.7000e+03 4.6033e+18 5.4983e+17 5.4983e+17 1.0309e-01 0.0000e+00 5.2597e+04 0.0000e+00
1.0400e+03 1.6086e-11 1.6818e+00 2.0971e+03 6.9505e+03 5.7000e+03 4.5215e+18 5.4272e+17 5.4272e+17 1.0381e-01 0.0000e+00 5.2280e+04 0.0000e+00
1.0500e+03 1.6024e-11 1.6639e+00 2.0988e+03 6.9561e+03 5.7000e+03 4.4429e+18 5.3586e+17 5.3586e+17 1.0453e-01 0.0000e+00 5.1972e+04 0.0000e+00
1.0600e+03 1.5962e-11 1.6464e+00 2.1005e+03 6.9617e+03 5.7000e+03 4.3674e+18 5.2922e+17 5.2922e+17 1.0523e-01 0.0000e+00 5.1672e+04 0.0000e+00
1.0700e+03 1.5901e-11 1.6294e+00 2.1021e+03 6.9672e+03 5.7000e+03 4.2948e+18 5.2280e+17 5.2280e+17 1.0593e-01 0.0000e+00 5.1379e+04 0.0000e+00
1.0800e+03 1.5840e-11 1.6127e+00 2.1038e+03 6.9725e+03 5.7000e+03 4.2250e+18 5.1660e+17 5.1660e+17 1.0661e-01 0.0000e+00 5.1095e+04 0.0000e+00
1.0900e+03 1.5779e-11 1.5964e+00 2.1053e+03 6.9778e+03 5.7000e+03 4.1579e+18 5.1060e+17 5.1060e+17 1.0728e-01 0.0000e+00 5.0819e+04 0.0000e+00
1.1000e+03 1.5719e-11 1.5805e+00 2.1069e+03 6.9829e+03 5.7000e+03 4.0934e+18 5.0480e+17 5.0480e+17 1.0795e-01 0.0000e+00 5.0550e+04 0.0000e+00
1.1100e+03 1.5658e-11 1.5650e+00 2.1084e+03 6.9879e+03 5.7000e+03 4.0314e+18 4.9919e+17 4.9919e+17 1.0860e-01 0.0000e+00 5.0288e+04 0.0000e+00
1.1200e+03 1.5598e-11 1.5498e+00 2.1099e+03 6.9928e+03 5.7000e+03 3.9717e+18 4.9377e+17 4.9377e+17 1.0924e-01 0.0000e+00 5.0033e+04 0.0000e+00
1.1300e+03 1.5538e-11 1.5350e+00 2.1113e+03 6.9977e+03 5.7000e+03 3.9142e+18 4.8853e+17 4.8853e+17 1.0987e-01 0.0000e+00 4.9785e+04 0.0000e+00
1.1400e+03 1.5478e-11 1.5205e+00 2.1128e+03 7.0024e+03 5.7000e+03 3.8589e+18 4.8345e+17 4.8345e+17 1.1049e-01 0.0000e+00 4.9544e+04 0.0000e+00
1.1500e+03 1.5419e-11 1.5063e+00 2.1142e+03 7.0070e+03 5.7000e+03 3.8057e+18 4.7855e+17 4.7855e+17 1.1110e-01 0.0000e+00 4.9310e+04 0.0000e+00
1.1600e+03 1.5360e-11 1.4925e+00 2.1155e+03 7.0115e+03 5.7000e+03 3.7545e+18 4.7381e+17 4.7381e+17 1.1170e-01 0.0000e+00 4.9082e+04 0.0000e+00
1.1700e+03 1.5301e-11 1.4790e+00 2.1169e+03 7.0159e+03 5.7000e+03 3.7052e+18 4.6922e+17 4.6922e+17 1.1229e-01 0.0000e+00 4.8860e+04 0.0000e+00
1.1800e+03 1.5242e-11 1.4658e+00 2.1182e+03 7.0202e+03 5.7000e+03 3.6577e+18 4.6478e+17 4.6478e+17 1.1287e-01 0.0000e+00 4.8644e+04 0.0000e+00
1.1900e+03 1.5184e-11 1.4528e+00 2.1194e+03 7.0245e+03 5.7000e+03 3.6120e+18 4.6049e+17 4.6049e+17 1.1344e-01 0.0000e+00 4.8435e+04 0.0000e+00
1.2000e+03 1.5125e-11 1.4402e+00 2.1207e+03 7.0286e+03 5.7000e+03 3.5679e+18 4.5635e+17 4.5635e+17 1.1399e-01 0.0000e+00 4.8231e+04 0.0000e+00
1.2100e+03 1.5067e-11 1.4278e+00 2.1219e+03 7.0326e+03 5.7000e+03 3.5255e+18 4.5233e+17 4.5233e+17 1.1454e-01 0.0000e+00 4.8033e+04 0.0000e+00
1.2200e+03 1.5009e-11 1.4157e+00 2.1231e+03 7.0365e+03 5.7000e+03 3.4846e+18 4.4845e+17 4.4845e+17 1.1507e-01 0.0000e+00 4.7841e+04 0.0000e+00
1.2300e+03 1.4952e-11 1.4039e+00 2.1242e+03 7.0404e+03 5.7000e+03 3.4453e+18 4.4470e+17 4.4470e+17 1.1560e-01 0.0000e+00 4.7654e+04 0.0000e+00
1.2400e+03 1.4894e-11 1.3923e+00 2.1254e+03 7.0441e+03 5.7000e+03 3.4073e+18 4.4108e+17 4.4108e+17 1.1611e-01 0.0000e+00 4.7473e+04 0.0000e+00
1.2500e+03 1.4837e-11 1.3810e+00 2.1265e+03 7.0478e+03 5.7000e+03 3.3708e+18 4.3757e+17 4.3757e+17 1.1661e-01 0.0000e+00 4.7296e+04 0.0000e+00
1.2600e+03 1.4780e-11 1.3699e+00 2.1275e+03 7.0513e+03 5.7000e+03 3.3356e+18 4.3418e+17 4.3418e+17 1.1711e-01 0.0000e+00 4.7125e+04 0.0000e+00
1.2700e+03 1.4723e-11 1.3591e+00 2.1286e+03 7.0548e+03 5.7000e+03 3.3017e+18 4.3090e+17 4.3090e+17 1.1759e-01 0.0000e+00 4.6959e+04 0.0000e+00
1.2800e+03 1.4667e-11 1.3485e+00 2.1296e+03 7.0582e+03 5.7000e+03 3.2691e+18 4.2774e+17 4.2774e+17 1.1806e-01 0.0000e+00 4.6798e+04 0.0000e+00
1.2900e+03 1.4610e-11 1.3381e+00 2.1306e+03 7.0615e+03 5.7000e+03 3.2376e+18 4.2468e+17 4.2468e+17 1.1852e-01 0.0000e+00 4.6642e+04 0.0000e+00
1.3000e+03 1.4554e-11 1.3279e+00 2.1316e+03 7.0647e+03 5.7000e+03 3.2073e+18 4.2172e+17 4.2172e+17 1.1897e-01 0.0000e+00 4.6490e+04 0.0000e+00
1.3100e+03 1.4499e-11 1.3179e+00 2.1325e+03 7.0679e+03 5.7000e+03 3.1781e+18 4.1886e+17 4.1886e+17 1.1940e-01 0.0000e+00 4.6343e+04 0.0000e+00
1.3200e+03 1.4443e-11 1.3082e+00 2.1334e+03 7.0709e+03 5.7000e+03 3.1500e+18 4.1610e+17 4.1610e+17 1.1983e-01 0.0000e+00 4.6201e+04 0.0000e+00
1.3300e+03 1.4387e-11 1.2986e+00 2.1343e+03 7.0739e+03 5.7000e+03 3.1229e+18 4.1344e+17 4.1344e+17 1.2025e-01 0.0000e+00 4.6062e+04 0.0000e+00
1.3400e+03 1.4332e-11 1.2893e+00 2.1352e+03 7.0767e+03 5.7000e+03 3.0969e+18 4.1087e+17 4.1087e+17 1.2066e-01 0.0000e+00 4.5928e+04 0.0000e+00
1.3500e+03 1.4277e-11 1.2801e+00 2.1361e+03 7.0795e+03 5.7000e+03 3.0718e+18 4.0839e+17 4.0839e+17 1.2105e-01 0.0000e+00 4.5799e+04 0.0000e+00
1.3600e+03 1.4222e-11 1.2712e+00 2.1369e+03 7.0823e+03 5.7000e+03 3.0476e+18 4.0599e+17 4.0599e+17 1.2144e-01 0.0000e+00 4.5673e+04 0.0000e+00
1.3700e+03 1.4168e-11 1.2624e+00 2.1377e+03 7.0849e+03 5.7000e+03 3.0244e+18 4.0368e+17 4.0368e+17 1.2182e-01 0.0000e+00 4.5552e+04 0.0000e+00
1.3800e+03 1.4113e-11 1.2537e+00 2.1384e+03 7.0875e+03 5.7000e+03 3.0020e+18 4.0145e+17 4.0145e+17 1.2218e-01 0.0000e+00 4.5434e+04 0.0000e+00
1.3900e+03 1.4059e-11 1.2453e+00 2.1392e+03 7.0900e+03 5.7000e+03 2.9805e+18 3.9930e+17 3.9930e+17 1.2254e-01 0.0000e+00 4.5321e+04 0.0000e+00
1.4000e+03 1.4005e-11 1.2370e+00 2.1399e+03 7.0924e+03 5.7000e+03 2.9598e+18 3.9723e+17 3.9723e+17 1.2289e-01 0.0000e+00 4.5211e+04 0.0000e+00
1.4100e+03 1.3951e-11 1.2289e+00 2.1406e+03 7.0947e+03 5.7000e+03 2.9399e+18 3.9524e+17 3.9524e+17 1.2322e-01 0.0000e+00 4.5105e+04 0.0000e+00
1.4200e+03 1.3898e-11 1.2210e+00 2.1413e+03 7.0970e+03 5.7000e+03 2.9208e+18 3.9331e+17 3.9331e+17 1.2355e-01 0.0000e+00 4.5002e+04 0.0000e+00
1.4300e+03 1.3844e-11 1.2132e+00 2.1420e+03 7.0992e+03 5.7000e+03 2.9025e+18 3.9146e+17 3.9146e+17 1.2386e-01 0.0000e+00 4.4903e+04 0.0000e+00
1.4400e+03 1.3791e-11 1.2055e+00 2.1426e+03 7.1013e+03 5.7000e+03 2.8848e+18 3.8968e+17 3.8968e+17 1.2417e-01 0.0000e+00 4.4808e+04 0.0000e+00
1.4500e+03 1.3738e-11 1.1980e+00 2.1432e+03 7.1033e+03 5.7000e+03 2.8679e+18 3.8797e+17 3.8797e+17 1.2447e-01 0.0000e+00 4.4716e+04 0.0000e+00
1.4600e+03 1.3685e-11 1.1907e+00 2.1438e+03 7.1053e+03 5.7000e+03 2.8517e+18 3.8633e+17 3.8633e+17 1.2475e-01 0.0000e+00 4.4628e+04 0.0000e+00
1.4700e+03 1.3633e-11 1.1835e+00 2.1444e+03 7.1072e+03 5.7000e+03 2.8361e+18 3.8475e+17 3.8475e+17 1.2503e-01 0.0000e+00 4.4542e+04 0.0000e+00
1.4800e+03 1.3581e-11 1.1764e+00 2.1450e+03 7.1091e+03 5.7000e+03 2.8212e+18 3.8323e+17 3.8323e+17 1.2530e-01 0.0000e+00 4.4460e+04 0.0000e+00
1.4900e+03 1.3528e-11 1.1695e+00 2.1455e+03 7.1108e+03 5.7000e+03 2.8069e+18 3.8178e+17 3.8178e+17 1.2556e-01 0.0000e+00 4.4381e+04 0.0000e+00
1.5000e+03 1.3476e-11 1.1627e+00 2.1460e+03 7.1125e+03 5.7000e+03 2.7932e+18 3.8038e+17 3.8038e+17 1.2581e-01 0.0000e+00 4.4306e+04 0.0000e+00
1.5100e+03 1.3425e-11 1.1560e+00 2.1465e+03 7.1142e+03 5.7000e+03 2.7801e+18 3.7905e+17 3.7905e+17 1.2605e-01 0.0000e+00 4.4233e+04 0.0000e+00
1.5200e+03 1.3373e-11 1.1495e+00 2.1470e+03 7.1158e+03 5.7000e+03 2.7676e+18 3.7777e+17 3.7777e+17 1.2628e-01 0.0000e+00 4.4163e+04 0.0000e+00
1.5300e+03 1.3322e-11 1.1430e+00 2.1474e+03 7.1173e+03 5.7000e+03 2.7556e+18 3.7655e+17 3.7655e+17 1.2650e-01 0.0000e+00 4.4096e+04 0.0000e+00
1.5400e+03 1.3271e-11 1.1367e+00 2.1479e+03 7.1187e+03 5.7000e+03 2.7442e+18 3.7538e+17 3.7538e+17 1.2672e-01 0.0000e+00 4.4032e+04 0.0000e+00
1.5500e+03 1.3220e-11 1.1305e+00 2.1483e+03 7.1201e+03 5.7000e+03 2.7334e+18 3.7426e+17 3.7426e+17 1.2692e-01 0.0000e+00 4.3971e+04 0.0000e+00
1.5600e+03 1.3169e-11 1.1245e+00 2.1487e+03 7.1215e+03 5.7000e+03 2.7230e+18 3.7320e+17 3.7320e+17 1.2712e-01 0.0000e+00 4.3913e+04 0.0000e+00
1.5700e+03 1.3118e-11 1.1185e+00 2.1491e+03 7.1227e+03 5.7000e+03 2.7132e+18 3.7219e+17 3.7219e+17 1.2730e-01 0.0000e+00 4.3857e+04 0.0000e+00
1.5800e+03 1.3068e-11 1.1126e+00 2.1494e+03 7.1239e+03 5.7000e+03 2.7038e+18 3.7123e+17 3.7123e+17 1.2748e-01 0.0000e+00 4.3804e+04 0.0000e+00
1.5900e+03 1.3018e-11 1.1069e+00 2.1498e+03 7.1251e+03 5.7000e+03 2.6950e+18 3.7032e+17 3.7032e+17 1.2765e-01 0.0000e+00 4.3754e+04 0.0000e+00
1.6000e+03 1.2968e-11 1.1012e+00 2.1501e+03 7.1262e+03 5.7000e+03 2.6866e+18 3.6945e+17 3.6945e+17 1.2782e-01 0.0000e+00 4.3706e+04 0.0000e+00
1.6100e+03 1.2918e-11 1.0957e+00 2.1504e+03 7.1272e+03 5.7000e+03 2.6787e+18 3.6863e+17 3.6863e+17 1.2797e-01 0.0000e+00 4.3661e+04 0.0000e+00
1.6200e+03 1.2868e-11 1.0902e+00 2.1507e+03 7.1282e+03 5.7000e+03 2.6712e+18 3.6786e+17 3.6786e+17 1.2812e-01 0.0000e+00 4.3618e+04 0.0000e+00
1.6300e+03 1.2819e-11 1.0849e+00 2.1510e+03 7.1291e+03 5.7000e+03 2.6641e+18 3.6713e+17 3.6713e+17 1.2825e-01 0.0000e+00 4.3578e+04 0.0000e+00
1.6400e+03 1.2770e-11 1.0796e+00 2.1513e+03 7.1300e+03 5.7000e+03 2.6575e+18 3.6645e+17 3.6645e+17 1.2838e-01 0.0000e+00 4.3540e+04 0.0000e+00
1.6500e+03 1.2721e-11 1.0745e+00 2.1515e+03 7.1308e+03 5.7000e+03 2.6513e+18 3.6581e+17 3.6581e+17 1.2851e-01 0.0000e+00 4.3505e+04 0.0000e+00
1.6600e+03 1.2672e-11 1.0694e+00 2.1518e+03 7.1316e+03 5.7000e+03 2.6455e+18 3.6521e+17 3.6521e+17 1.2862e-01 0.0000e+00 4.3471e+04 0.0000e+00
1.6700e+03 1.2623e-11 1.0644e+00 2.1520e+03 7.1323e+03 5.7000e+03 2.6401e+18 3.6466e+17 3.6466e+17 1.2873e-01 0.0000e+00 4.3440e+04 0.0000e+00
1.6800e+03 1.2575e-11 1.0595e+00 2.1522e+03 7.1330e+03 5.7000e+03 2.6351e+18 3.6414e+17 3.6414e+17 1.2883e-01 0.0000e+00 4.3412e+04 0.0000e+00
1.6900e+03 1.2526e-11 1.0547e+00 2.1524e+03 7.1336e+03 5.7000e+03 2.6305e+18 3.6366e+17 3.6366e+17 1.2892e-01 0.0000e+00 4.3385e+04 0.0000e+00
1.7000e+03 1.2478e-11 1.0499e+00 2.1525e+03 7.1342e+03 5.7000e+03 2.6263e+18 3.6322e+17 3.6322e+17 1.2900e-01 0.0000e+00 4.3361e+04 0.0000e+00
1.7100e+03 1.2430e-11 1.0453e+00 2.1527e+03 7.1347e+03 5.7000e+03 2.6224e+18 3.6283e+17 3.6283e+17 1.2908e-01 0.0000e+00 4.3338e+04 0.0000e+00
1.7200e+03 1.2383e-11 1.0407e+00 2.1528e+03 7.1351e+03 5.7000e+03 2.6189e+18 3.6246e+17 3.6246e+17 1.2915e-01 0.0000e+00 4.3318e+04 0.0000e+00
1.7300e+03 1.2335e-11 1.0362e+00 2.1530e+03 7.1356e+03 5.7000e+03 2.6157e+18 3.6214e+17 3.6214e+17 1.2921e-01 0.0000e+00 4.3300e+04 0.0000e+00
1.7400e+03 1.2288e-11 1.0318e+00 2.1531e+03 7.1359e+03 5.7000e+03 2.6129e+18 3.6185e+17 3.6185e+17 1.2927e-01 0.0000e+00 4.3284e+04 0.0000e+00
1.7500e+03 1.2241e-11 1.0274e+00 2.1532e+03 7.1363e+03 5.7000e+03 2.6105e+18 3.6159e+17 3.6159e+17 1.2932e-01 0.0000e+00 4.3270e+04 0.0000e+00
1.7600e+03 1.2194e-11 1.0231e+00 2.1533e+03 7.1365e+03 5.7000e+03 2.6083e+18 3.6138e+17 3.6138e+17 1.2936e-01 0.0000e+00 4.3257e+04 0.0000e+00
1.7700e+03 1.2147e-11 1.0189e+00 2.1533e+03 7.1368e+03 5.7000e+03 2.6065e+18 3.6119e+17 3.6119e+17 1.2940e-01 0.0000e+00 4.3247e+04 0.0000e+00
1.7800e+03 1.2100e-11 1.0148e+00 2.1534e+03 7.1370e+03 5.7000e+03 2.6050e+18 3.6104e+17 3.6104e+17 1.2943e-01 0.0000e+00 4.3239e+04 0.0000e+00
1.7900e+03 1.2054e-11 1.0107e+00 2.1534e+03 7.1371e+03 5.7000e+03 2.6039e+18 3.6092e+17 3.6092e+17 1.2945e-01 0.0000e+00 4.3232e+04 0.0000e+00
1.8000e+03 1.2007e-11 1.0067e+00 2.1535e+03 7.1372e+03 5.7000e+03 2.6030e+18 3.6084e+17 3.6084e+17 1.2946e-01 0.0000e+00 4.3227e+04 0.0000e+00
1.8100e+03 1.1961e-11 1.0027e+00 2.1535e+03 7.1373e+03 5.7000e+03 2.6025e+18 3.6078e+17 3.6078e+17 1.2948e-01 0.0000e+00 4.3224e+04 0.0000e+00
1.8200e+03 1.1915e-11 9.9886e-01 2.1535e+03 7.1373e+03 5.7000e+03 2.6022e+18 3.6076e+17 3.6076e+17 1.2948e-01 0.0000e+00 4.3223e+04 0.0000e+00
1.8300e+03 1.1870e-11 9.9504e-01 2.1535e+03 7.1373e+03 5.7000e+03 2.6023e+18 3.6077e+17 3.6077e+17 1.2948e-01 0.0000e+00 4.3223e+04 0.0000e+00
1.8400e+03 1.1824e-11 9.9127e-01 2.1535e+03 7.1373e+03 5.7000e+03 2.6026e+18 3.6081e+17 3.6081e+17 1.2947e-01 0.0000e+00 4.3226e+04 0.0000e+00
1.8500e+03 1.1779e-11 9.8757e-01 2.1534e+03 7.1372e+03 5.7000e+03 2.6032e+18 3.6088e+17 3.6088e+17 1.2946e-01 0.0000e+00 4.3230e+04 0.0000e+00
1.8600e+03 1.1733e-11 9.8393e-01 2.1534e+03 7.1371e+03 5.7000e+03 2.6041e+18 3.6098e+17 3.6098e+17 1.2944e-01 0.0000e+00 4.3235e+04 0.0000e+00
1.8700e+03 1.1688e-11 9.8034e-01 2.1534e+03 7.1369e+03 5.7000e+03 2.6053e+18 3.6111e+17 3.6111e+17 1.2941e-01 0.0000e+00 4.3242e+04 0.0000e+00
1.8800e+03 1.1643e-11 9.7680e-01 2.1533e+03 7.1367e+03 5.7000e+03 2.6068e+18 3.6126e+17 3.6126e+17 1.2938e-01 0.0000e+00 4.3251e+04 0.0000e+00
1.8900e+03 1.1599e-11 9.7332e-01 2.1532e+03 7.1365e+03 5.7000e+03 2.6085e+18 3.6145e+17 3.6145e+17 1.2935e-01 0.0000e+00 4.3261e+04 0.0000e+00
1.9000e+03 1.1554e-11 9.6990e-01 2.1531e+03 7.1362e+03 5.7000e+03 2.6105e+18 3.6166e+17 3.6166e+17 1.2930e-01 0.0000e+00 4.3273e+04 0.0000e+00
1.9100e+03 1.1510e-11 9.6652e-01 2.1530e+03 7.1359e+03 5.7000e+03 2.6127e+18 3.6190e+17 3.6190e+17 1.2926e-01 0.0000e+00 4.3287e+04 0.0000e+00
1.9200e+03 1.1466e-11 9.6320e-01 2.1529e+03 7.1355e+03 5.7000e+03 2.6152e+18 3.6217e+17 3.6217e+17 1.2921e-01 0.0000e+00 4.3302e+04 0.0000e+00
1.9300e+03 1.1422e-11 9.5992e-01 2.1528e+03 7.1351e+03 5.7000e+03 2.6180e+18 3.6247e+17 3.6247e+17 1.2915e-01 0.0000e+00 4.3318e+04 0.0000e+00
1.9400e+03 1.1378e-11 9.5669e-01 2.1527e+03 7.1347e+03 5.7000e+03 2.6210e+18 3.6279e+17 3.6279e+17 1.2909e-01 0.0000e+00 4.3336e+04 0.0000e+00
1.9500e+03 1.1334e-11 9.5352e-01 2.1526e+03 7.1343e+03 5.7000e+03 2.6243e+18 3.6313e+17 3.6313e+17 1.2902e-01 0.0000e+00 4.3355e+04 0.0000e+00
1.9600e+03 1.1291e-11 9.5038e-01 2.1524e+03 7.1338e+03 5.7000e+03 2.6278e+18 3.6351e+17 3.6351e+17 1.2895e-01 0.0000e+00 4.3376e+04 0.0000e+00
1.9700e+03 1.1247e-11 9.4730e-01 2.1523e+03 7.1333e+03 5.7000e+03 2.6316e+18 3.6390e+17 3.6390e+17 1.2887e-01 0.0000e+00 4.3398e+04 0.0000e+00
1.9800e+03 1.1204e-11 9.4425e-01 2.1521e+03 7.1327e+03 5.7000e+03 2.6356e+18 3.6433e+17 3.6433e+17 1.2879e-01 0.0000e+00 4.3422e+04 0.0000e+00
1.9900e+03 1.1161e-11 9.4126e-01 2.1519e+03 7.1322e+03 5.7000e+03 2.6399e+18 3.6477e+17 3.6477e+17 1.2870e-01 0.0000e+00 4.3447e+04 0.0000e+00
2.0000e+03 1.1118e-11 9.3830e-01 2.1517e+03 7.1315e+03 5.7000e+03 2.6444e+18 3.6525e+17 3.6525e+17 1.2861e-01 0.0000e+00 4.3473e+04 0.0000e+00
2.0100e+03 1.1075e-11 9.3539e-01 2.1516e+03 7.1309e+03 5.7000e+03 2.6491e+18 3.6574e+17 3.6574e+17 1.2852e-01 0.0000e+00 4.3501e+04 0.0000e+00
2.0200e+03 1.1033e-11 9.3251e-01 2.1514e+03 7.1302e+03 5.7000e+03 2.6540e+18 3.6626e+17 3.6626e+17 1.2842e-01 0.0000e+00 4.3530e+04 0.0000e+00
2.0300e+03 1.0991e-11 9.2968e-01 2.1511e+03 7.1295e+03 5.7000e+03 2.6592e+18 3.6681e+17 3.6681e+17 1.2832e-01 0.0000e+00 4.3560e+04 0.0000e+00
2.0400e+03 1.0948e-11 9.2689e-01 2.1509e+03 7.1288e+03 5.7000e+03 2.6646e+18 3.6737e+17 3.6737e+17 1.2821e-01 0.0000e+00 4.3591e+04 0.0000e+00
2.0500e+03 1.0906e-11 9.2413e-01 2.1507e+03 7.1281e+03 5.7000e+03 2.6702e+18 3.6796e+17 3.6796e+17 1.2810e-01 0.0000e+00 4.3624e+04 0.0000e+00
2.0600e+03 1.0864e-11 9.2142e-01 2.1505e+03 7.1273e+03 5.7000e+03 2.6761e+18 3.6857e+17 3.6857e+17 1.2798e-01 0.0000e+00 4.3658e+04 0.0000e+00
2.0700e+03 1.0823e-11 9.1874e-01 2.1502e+03 7.1265e+03 5.7000e+03 2.6822e+18 3.6921e+17 3.6921e+17 1.2786e-01 0.0000e+00 4.3693e+04 0.0000e+00
2.0800e+03 1.0781e-11 9.1610e-01 2.1500e+03 7.1257e+03 5.7000e+03 2.6885e+18 3.6987e+17 3.6987e+17 1.2774e-01 0.0000e+00 4.3729e+04 0.0000e+00
2.0900e+03 1.0740e-11 9.1349e-01 2.1497e+03 7.1248e+03 5.7000e+03 2.6950e+18 3.7055e+17 3.7055e+17 1.2761e-01 0.0000e+00 4.3767e+04 0.0000e+00
2.1000e+03 1.0698e-11 9.1092e-01 2.1494e+03 7.1239e+03 5.7000e+03 2.7017e+18 3.7125e+17 3.7125e+17 1.2748e-01 0.0000e+00 4.3806e+04 0.0000e+00
2.1100e+03 1.0657e-11 9.0838e-01 2.1492e+03 7.1230e+03 5.7000e+03 2.7086e+18 3.7197e+17 3.7197e+17 1.2735e-01 0.0000e+00 4.3845e+04 0.0000e+00
2.1200e+03 1.0616e-11 9.0587e-01 2.1489e+03 7.1221e+03 5.7000e+03 2.7158e+18 3.7272e+17 3.7272e+17 1.2721e-01 0.0000e+00 4.3886e+04 0.0000e+00
2.1300e+03 1.0576e-11 9.0340e-01 2.1486e+03 7.1211e+03 5.7000e+03 2.7232e+18 3.7348e+17 3.7348e+17 1.2707e-01 0.0000e+00 4.3928e+04 0.0000e+00
2.1400e+03 1.0535e-11 9.0096e-01 2.1483e+03 7.1201e+03 5.7000e+03 2.7308e+18 3.7427e+17 3.7427e+17 1.2692e-01 0.0000e+00 4.3972e+04 0.0000e+00
2.1500e+03 1.0495e-11 8.9855e-01 2.1480e+03 7.1191e+03 5.7000e+03 2.7385e+18 3.7508e+17 3.7508e+17 1.2677e-01 0.0000e+00 4.4016e+04 0.0000e+00
2.1600e+03 1.0454e-11 8.9618e-01 2.1477e+03 7.1181e+03 5.7000e+03 2.7465e+18 3.7591e+17 3.7591e+17 1.2662e-01 0.0000e+00 4.4061e+04 0.0000e+00
2.1700e+03 1.0414e-11 8.9383e-01 2.1474e+03 7.1170e+03 5.7000e+03 2.7547e+18 3.7676e+17 3.7676e+17 1.2646e-01 0.0000e+00 4.4108e+04 0.0000e+00
2.1800e+03 1.0374e-11 8.9151e-01 2.1470e+03 7.1159e+03 5.7000e+03 2.7632e+18 3.7763e+17 3.7763e+17 1.2631e-01 0.0000e+00 4.4155e+04 0.0000e+00
2.1900e+03 1.0334e-11 8.8922e-01 2.1467e+03 7.1148e+03 5.7000e+03 2.7718e+18 3.7852e+17 3.7852e+17 1.2614e-01 0.0000e+00 4.4204e+04 0.0000e+00
2.2000e+03 1.0295e-11 8.8697e-01 2.1464e+03 7.1137e+03 5.7000e+03 2.7806e+18 3.7943e+17 3.7943e+17 1.2598e-01 0.0000e+00 4.4254e+04 0.0000e+00
2.2100e+03 1.0255e-11 8.8473e-01 2.1460e+03 7.1126e+03 5.7000e+03 2.7896e+18 3.8036e+17 3.8036e+17 1.2581e-01 0.0000e+00 4.4304e+04 0.0000e+00
2.2200e+03 1.0216e-11 8.8253e-01 2.1457e+03 7.1114e+03 5.7000e+03 2.7988e+18 3.8131e+17 3.8131e+17 1.2564e-01 0.0000e+00 4.4356e+04 0.0000e+00
2.2300e+03 1.0177e-11 8.8035e-01 2.1453e+03 7.1102e+03 5.7000e+03 2.8083e+18 3.8228e+17 3.8228e+17 1.2547e-01 0.0000e+00 4.4408e+04 0.0000e+00
2.2400e+03 1.0137e-11 8.7820e-01 2.1449e+03 7.1090e+03 5.7000e+03 2.8179e+18 3.8327e+17 3.8327e+17 1.2529e-01 0.0000e+00 4.4462e+04 0.0000e+00
2.2500e+03 1.0099e-11 8.7608e-01 2.1446e+03 7.1078e+03 5.7000e+03 2.8277e+18 3.8427e+17 3.8427e+17 1.2512e-01 0.0000e+00 4.4517e+04 0.0000e+00
2.2600e+03 1.0060e-11 8.7398e-01 2.1442e+03 7.1066e+03 5.7000e+03 2.8377e+18 3.8530e+17 3.8530e+17 1.2493e-01 0.0000e+00 4.4572e+04 0.0000e+00
2.2700e+03 1.0021e-11 8.7191e-01 2.1438e+03 7.1053e+03 5.7000e+03 2.8479e+18 3.8635e+17 3.8635e+17 1.2475e-01 0.0000e+00 4.4629e+04 0.0000e+00
2.2800e+03 9.9826e-12 8.6986e-01 2.1434e+03 7.1040e+03 5.7000e+03 2.8583e+18 3.8741e+17 3.8741e+17 1.2456e-01 0.0000e+00 4.4686e+04 0.0000e+00
2.2900e+03 9.9443e-12 8.6783e-01 2.1430e+03 7.1027e+03 5.7000e+03 2.8690e+18 3.8850e+17 3.8850e+17 1.2438e-01 0.0000e+00 4.4744e+04 0.0000e+00
2.3000e+03 9.9061e-12 8.6583e-01 2.1426e+03 7.1014e+03 5.7000e+03 2.8798e+18 3.8960e+17 3.8960e+17 1.2419e-01 0.0000e+00 4.4804e+04 0.0000e+00
2.3100e+03 9.8681e-12 8.6385e-01 2.1422e+03 7.1001e+03 5.7000e+03 2.8908e+18 3.9072e+17 3.9072e+17 1.2399e-01 0.0000e+00 4.4864e+04 0.0000e+00
2.3200e+03 9.8302e-12 8.6189e-01 2.1418e+03 7.0987e+03 5.7000e+03 2.9020e+18 3.9186e+17 3.9186e+17 1.2380e-01 0.0000e+00 4.4925e+04 0.0000e+00
2.3300e+03 9.7924e-12 8.5996e-01 2.1414e+03 7.0973e+03 5.7000e+03 2.9134e+18 3.9302e+17 3.9302e+17 1.2360e-01 0.0000e+00 4.4987e+04 0.0000e+00
2.3400e+03 9.7548e-12 8.5805e-01 2.1410e+03 7.0959e+03 5.7000e+03 2.9250e+18 3.9420e+17 3.9420e+17 1.2340e-01 0.0000e+00 4.5050e+04 0.0000e+00
2.3500e+03 9.7174e-12 8.5616e-01 2.1406e+03 7.0945e+03 5.7000e+03 2.9367e+18 3.9539e+17 3.9539e+17 1.2320e-01 0.0000e+00 4.5113e+04 0.0000e+00
2.3600e+03 9.6801e-12 8.5429e-01 2.1401e+03 7.0931e+03 5.7000e+03 2.9487e+18 3.9661e+17 3.9661e+17 1.2299e-01 0.0000e+00 4.5178e+04 0.0000e+00
2.3700e+03 9.6429e-12 8.5244e-01 2.1397e+03 7.0917e+03 5.7000e+03 2.9609e+18 3.9784e+17 3.9784e+17 1.2278e-01 0.0000e+00 4.5243e+04 0.0000e+00
2.3800e+03 9.6059e-12 8.5061e-01 2.1393e+03 7.0902e+03 5.7000e+03 2.9733e+18 3.9909e+17 3.9909e+17 1.2258e-01 0.0000e+00 4.5309e+04 0.0000e+00
2.3900e+03 9.5690e-12 8.4880e-01 2.1388e+03 7.0887e+03 5.7000e+03 2.9858e+18 4.0035e+17 4.0035e+17 1.2237e-01 0.0000e+00 4.5376e+04 0.0000e+00
2.4000e+03 9.5322e-12 8.4701e-01 2.1384e+03 7.0873e+03 5.7000e+03 2.9986e+18 4.0164e+17 4.0164e+17 1.2215e-01 0.0000e+00 4.5444e+04 0.0000e+00
2.4100e+03 9.4956e-12 8.4524e-01 2.1379e+03 7.0858e+03 5.7000e+03 3.0115e+18 4.0294e+17 4.0294e+17 1.2194e-01 0.0000e+00 4.5513e+04 0.0000e+00
2.4200e+03 9.4592e-12 8.4349e-01 2.1375e+03 7.0842e+03 5.7000e+03 3.0247e+18 4.0426e+17 4.0426e+17 1.2172e-01 0.0000e+00 4.5582e+04 0.0000e+00
2.4300e+03 9.4228e-12 8.4175e-01 2.1370e+03 7.0827e+03 5.7000e+03 3.0380e+18 4.0560e+17 4.0560e+17 1.2151e-01 0.0000e+00 4.5653e+04 0.0000e+00
2.4400e+03 9.3867e-12 8.4004e-01 2.1365e+03 7.0812e+03 5.7000e+03 3.0515e+18 4.0695e+17 4.0695e+17 1.2129e-01 0.0000e+00 4.5724e+04 0.0000e+00
2.4500e+03 9.3506e-12 8.3834e-01 2.1361e+03 7.0796e+03 5.7000e+03 3.0653e+18 4.0832e+17 4.0832e+17 1.2106e-01 0.0000e+00 4.5796e+04 0.0000e+00
2.4600e+03 9.3147e-12 8.3666e-01 2.1356e+03 7.0780e+03 5.7000e+03 3.0792e+18 4.0971e+17 4.0971e+17 1.2084e-01 0.0000e+00 4.5868e+04 0.0000e+00
2.4700e+03 9.2789e-12 8.3500e-01 2.1351e+03 7.0765e+03 5.7000e+03 3.0933e+18 4.1112e+17 4.1112e+17 1.2062e-01 0.0000e+00 4.5942e+04 0.0000e+00
2.4800e+03 9.2433e-12 8.3335e-01 2.1346e+03 7.0749e+03 5.7000e+03 3.1076e+18 4.1254e+17 4.1254e+17 1.2039e-01 0.0000e+00 4.6016e+04 0.0000e+00
2.4900e+03 9.2078e-12 8.3172e-01 2.1342e+03 7.0733e+03 5.7000e+03 3.1221e+18 4.1399e+17 4.1399e+17 1.2016e-01 0.0000e+00 4.6091e+04 0.0000e+00
2.5000e+03 9.1725e-12 8.3011e-01 2.1337e+03 7.0716e+03 5.7000e+03 3.1368e+18 4.1544e+17 4.1544e+17 1.1994e-01 0.0000e+00 4.6166e+04 0.0000e+00
2.5100e+03 9.1372e-12 8.2851e-01 2.1332e+03 7.0700e+03 5.7000e+03 3.1517e+18 4.1692e+17 4.1692e+17 1.1971e-01 0.0000e+00 4.6243e+04 0.0000e+00
2.5200e+03 9.1022e-12 8.2692e-01 2.1327e+03 7.0684e+03 5.7000e+03 3.1667e+18 4.1841e+17 4.1841e+17 1.1947e-01 0.0000e+00 4.6320e+04 0.0000e+00
2.5300e+03 9.0672e-12 8.2536e-01 2.1322e+03 7.0667e+03 5.7000e+03 3.1820e+18 4.1992e+17 4.1992e+17 1.1924e-01 0.0000e+00 4.6398e+04 0.0000e+00
2.5400e+03 9.0324e-12 8.2381e-01 2.1317e+03 7.0650e+03 5.7000e+03 3.1975e+18 4.2145e+17 4.2145e+17 1.1901e-01 0.0000e+00 4.6476e+04 0.0000e+00
2.5500e+03 8.9977e-12 8.2227e-01 2.1312e+03 7.0633e+03 5.7000e+03 3.2132e+18 4.2299e+17 4.2299e+17 1.1877e-01 0.0000e+00 4.6555e+04 0.0000e+00
2.5600e+03 8.9631e-12 8.2074e-01 2.1307e+03 7.0616e+03 5.7000e+03 3.2290e+18 4.2455e+17 4.2455e+17 1.1854e-01 0.0000e+00 4.6635e+04 0.0000e+00
2.5700e+03 8.9287e-12 8.1924e-01 2.1301e+03 7.0599e+03 5.7000e+03 3.2451e+18 4.2613e+17 4.2613e+17 1.1830e-01 0.0000e+00 4.6716e+04 0.0000e+00
2.5800e+03 8.8944e-12 8.1774e-01 2.1296e+03 7.0582e+03 5.7000e+03 3.2613e+18 4.2772e+17 4.2772e+17 1.1806e-01 0.0000e+00 4.6797e+04 0.0000e+00
2.5900e+03 8.8603e-12 8.1626e-01 2.1291e+03 7.0565e+03 5.7000e+03 3.2778e+18 4.2933e+17 4.2933e+17 1.1782e-01 0.0000e+00 4.6879e+04 0.0000e+00
2.6000e+03 8.8263e-12 8.1479e-01 2.1286e+03 7.0548e+03 5.7000e+03 3.2944e+18 4.3096e+17 4.3096e+17 1.1758e-01 0.0000e+00 4.6962e+04 0.0000e+00
2.6100e+03 8.7924e-12 8.1334e-01 2.1280e+03 7.0530e+03 5.7000e+03 3.3113e+18 4.3260e+17 4.3260e+17 1.1734e-01 0.0000e+00 4.7046e+04 0.0000e+00
2.6200e+03 8.7586e-12 8.1190e-01 2.1275e+03 7.0513e+03 5.7000e+03 3.3283e+18 4.3426e+17 4.3426e+17 1.1709e-01 0.0000e+00 4.7130e+04 0.0000e+00
2.6300e+03 8.7250e-12 8.1047e-01 2.1270e+03 7.0495e+03 5.7000e+03 3.3456e+18 4.3594e+17 4.3594e+17 1.1685e-01 0.0000e+00 4.7214e+04 0.0000e+00
2.6400e+03 8.6915e-12 8.0905e-01 2.1264e+03 7.0477e+03 5.7000e+03 3.3630e+18 4.3763e+17 4.3763e+17 1.1660e-01 0.0000e+00 4.7300e+04 0.0000e+00
2.6500e+03 8.6581e-12 8.0765e-01 2.1259e+03 7.0459e+03 5.7000e+03 3.3807e+18 4.3934e+17 4.3934e+17 1.1636e-01 0.0000e+00 4.7386e+04 0.0000e+00
2.6600e+03 8.6248e-12 8.0625e-01 2.1254e+03 7.0441e+03 5.7000e+03 3.3986e+18 4.4107e+17 4.4107e+17 1.1611e-01 0.0000e+00 4.7472e+04 0.0000e+00
2.6700e+03 8.5917e-12 8.0487e-01 2.1248e+03 7.0423e+03 5.7000e+03 3.4166e+18 4.4281e+17 4.4281e+17 1.1586e-01 0.0000e+00 4.7560e+04 0.0000e+00
2.6800e+03 8.5587e-12 8.0351e-01 2.1243e+03 7.0405e+03 5.7000e+03 3.4349e+18 4.4457e+17 4.4457e+17 1.1562e-01 0.0000e+00 4.7648e+04 0.0000e+00
2.6900e+03 8.5259e-12 8.0215e-01 2.1237e+03 7.0387e+03 5.7000e+03 3.4533e+18 4.4635e+17 4.4635e+17 1.1537e-01 0.0000e+00 4.7736e+04 0.0000e+00
2.7000e+03 8.4931e-12 8.0080e-01 2.1232e+03 7.0369e+03 5.7000e+03 3.4720e+18 4.4814e+17 4.4814e+17 1.1512e-01 0.0000e+00 4.7825e+04 0.0000e+00
2.7100e+03 8.4605e-12 7.9947e-01 2.1226e+03 7.0350e+03 5.7000e+03 3.4909e+18 4.4995e+17 4.4995e+17 1.1487e-01 0.0000e+00 4.7915e+04 0.0000e+00
2.7200e+03 8.4280e-12 7.9814e-01 2.1221e+03 7.0332e+03 5.7000e+03 3.5099e+18 4.5178e+17 4.5178e+17 1.1462e-01 0.0000e+00 4.8006e+04 0.0000e+00
2.7300e+03 8.3957e-12 7.9683e-01 2.1215e+03 7.0313e+03 5.7000e+03 3.5292e+18 4.5362e+17 4.5362e+17 1.1436e-01 0.0000e+00 4.8097e+04 0.0000e+00
2.7400e+03 8.3634e-12 7.9553e-01 2.1209e+03 7.0294e+03 5.7000e+03 3.5487e+18 4.5548e+17 4.5548e+17 1.1411e-01 0.0000e+00 4.8188e+04 0.0000e+00
2.7500e+03 8.3313e-12 7.9423e-01 2.1204e+03 7.0276e+03 5.7000e+03 3.5684e+18 4.5735e+17 4.5735e+17 1.1386e-01 0.0000e+00 4.8281e+04 0.0000e+00
2.7600e+03 8.2993e-12 7.9295e-01 2.1198e+03 7.0257e+03 5.7000e+03 3.5883e+18 4.5925e+17 4.5925e+17 1.1360e-01 0.0000e+00 4.8374e+04 0.0000e+00
2.7700e+03 8.2675e-12 7.9168e-01 2.1192e+03 7.0238e+03 5.7000e+03 3.6084e+18 4.6115e+17 4.6115e+17 1.1335e-01 0.0000e+00 4.8467e+04 0.0000e+00
2.7800e+03 8.2357e-12 7.9042e-01 2.1187e+03 7.0219e+03 5.7000e+03 3.6288e+18 4.6308e+17 4.6308e+17 1.1309e-01 0.0000e+00 4.8561e+04 0.0000e+00
2.7900e+03 8.2041e-12 7.8916e-01 2.1181e+03 7.0200e+03 5.7000e+03 3.6493e+18 4.6502e+17 4.6502e+17 1.1284e-01 0.0000e+00 4.8656e+04 0.0000e+00
2.8000e+03 8.1726e-12 7.8792e-01 2.1175e+03 7.0181e+03 5.7000e+03 3.6701e+18 4.6698e+17 4.6698e+17 1.1258e-01 0.0000e+00 4.8751e+04 0.0000e+00
2.8100e+03 8.1412e-12 7.8669e-01 2.1169e+03 7.0162e+03 5.7000e+03 3.6910e+18 4.6895e+17 4.6895e+17 1.1233e-01 0.0000e+00 4.8847e+04 0.0000e+00
2.8200e+03 8.1099e-12 7.8546e-01 2.1164e+03 7.0143e+03 5.7000e+03 3.7122e+18 4.7094e+17 4.7094e+17 1.1207e-01 0.0000e+00 4.8943e+04 0.0000e+00
2.8300e+03 8.0788e-12 7.8424e-01 2.1158e+03 7.0123e+03 5.7000e+03 3.7336e+18 4.7295e+17 4.7295e+17 1.1181e-01 0.0000e+00 4.9040e+04 0.0000e+00
2.8400e+03 8.0478e-12 7.8304e-01 2.1152e+03 7.0104e+03 5.7000e+03 3.7552e+18 4.7497e+17 4.7497e+17 1.1156e-01 0.0000e+00 4.9138e+04 0.0000e+00
2.8500e+03 8.0169e-12 7.8184e-01 2.1146e+03 7.0085e+03 5.7000e+03 3.7770e+18 4.7701e+17 4.7701e+17 1.1130e-01 0.0000e+00 4.9236e+04 0.0000e+00
2.8600e+03 7.9861e-12 7.8065e-01 2.1140e+03 7.0065e+03 5.7000e+03 3.7991e+18 4.7907e+17 4.7907e+17 1.1104e-01 0.0000e+00 4.9334e+04 0.0000e+00
2.8700e+03 7.9554e-12 7.7946e-01 2.1134e+03 7.0045e+03 5.7000e+03 3.8214e+18 4.8114e+17 4.8114e+17 1.1078e-01 0.0000e+00 4.9433e+04 0.0000e+00
2.8800e+03 7.9249e-12 7.7829e-01 2.1128e+03 7.0026e+03 5.7000e+03 3.8439e+18 4.8323e+17 4.8323e+17 1.1052e-01 0.0000e+00 4.9533e+04 0.0000e+00
2.8900e+03 7.8944e-12 7.7712e-01 2.1122e+03 7.0006e+03 5.7000e+03 3.8666e+18 4.8533e+17 4.8533e+17 1.1026e-01 0.0000e+00 4.9634e+04 0.0000e+00
2.9000e+03 7.8641e-12 7.7596e-01 2.1116e+03 6.9987e+03 5.7000e+03 3.8895e+18 4.8746e+17 4.8746e+17 1.1000e-01 0.0000e+00 4.9734e+04 0.0000e+00
2.9100e+03 7.8339e-12 7.7481e-01 2.1111e+03 6.9967e+03 5.7000e+03 3.9127e+18 4.8960e+17 4.8960e+17 1.0974e-01 0.0000e+00 4.9836e+04 0.0000e+00
2.9200e+03 7.8038e-12 7.7367e-01 2.1105e+03 6.9947e+03 5.7000e+03 3.9360e+18 4.9175e+17 4.9175e+17 1.0948e-01 0.0000e+00 4.9938e+04 0.0000e+00
2.9300e+03 7.7739e-12 7.7253e-01 2.1099e+03 6.9927e+03 5.7000e+03 3.9597e+18 4.9392e+17 4.9392e+17 1.0922e-01 0.0000e+00 5.0040e+04 0.0000e+00
2.9400e+03 7.7440e-12 7.7141e-01 2.1093e+03 6.9907e+03 5.7000e+03 3.9835e+18 4.9611e+17 4.9611e+17 1.0896e-01 0.0000e+00 5.0143e+04 0.0000e+00
2.9500e+03 7.7143e-12 7.7029e-01 2.1086e+03 6.9887e+03 5.7000e+03 4.0076e+18 4.9832e+17 4.9832e+17 1.0870e-01 0.0000e+00 5.0247e+04 0.0000e+00
2.9600e+03 7.6847e-12 7.6917e-01 2.1080e+03 6.9867e+03 5.7000e+03 4.0319e+18 5.0054e+17 5.0054e+17 1.0844e-01 0.0000e+00 5.0351e+04 0.0000e+00
2.9700e+03 7.6551e-12 7.6807e-01 2.1074e+03 6.9847e+03 5.7000e+03 4.0564e+18 5.0278e+17 5.0278e+17 1.0818e-01 0.0000e+00 5.0455e+04 0.0000e+00
2.9800e+03 7.6258e-12 7.6697e-01 2.1068e+03 6.9827e+03 5.7000e+03 4.0812e+18 5.0503e+17 5.0503e+17 1.0792e-01 0.0000e+00 5.0560e+04 0.0000e+00
2.9900e+03 7.5965e-12 7.6587e-01 2.1062e+03 6.9807e+03 5.7000e+03 4.1062e+18 5.0730e+17 5.0730e+17 1.0766e-01 0.0000e+00 5.0666e+04 0.0000e+00
3.0000e+03 7.5673e-12 7.6479e-01 2.1056e+03 6.9786e+03 5.7000e+03 4.1314e+18 5.0959e+17 5.0959e+17 1.0740e-01 0.0000e+00 5.0772e+04 0.0000e+00
3.0100e+03 7.5382e-12 7.6371e-01 2.1050e+03 6.9766e+03 5.7000e+03 4.1569e+18 5.1190e+17 5.1190e+17 1.0714e-01 0.0000e+00 5.0879e+04 0.0000e+00
3.0200e+03 7.5093e-12 7.6263e-01 2.1044e+03 6.9746e+03 5.7000e+03 4.1826e+18 5.1422e+17 5.1422e+17 1.0688e-01 0.0000e+00 5.0986e+04 0.0000e+00
3.0300e+03 7.4805e-12 7.6157e-01 2.1038e+03 6.9725e+03 5.7000e+03 4.2086e+18 5.1656e+17 5.1656e+17 1.0661e-01 0.0000e+00 5.1093e+04 0.0000e+00
3.0400e+03 7.4517e-12 7.6051e-01 2.1032e+03 6.9705e+03 5.7000e+03 4.2348e+18 5.1891e+17 5.1891e+17 1.0635e-01 0.0000e+00 5.1202e+04 0.0000e+00
3.0500e+03 7.4231e-12 7.5945e-01 2.1025e+03 6.9685e+03 5.7000e+03 4.2612e+18 5.2128e+17 5.2128e+17 1.0609e-01 0.0000e+00 5.1310e+04 0.0000e+00
3.0600e+03 7.3946e-12 7.5840e-01 2.1019e+03 6.9664e+03 5.7000e+03 4.2879e+18 5.2367e+17 5.2367e+17 1.0583e-01 0.0000e+00 5.1419e+04 0.0000e+00
3.0700e+03 7.3662e-12 7.5736e-01 2.1013e+03 6.9644e+03 5.7000e+03 4.3148e+18 5.2608e+17 5.2608e+17 1.0557e-01 0.0000e+00 5.1529e+04 0.0000e+00
3.0800e+03 7.3379e-12 7.5632e-01 2.1007e+03 6.9623e+03 5.7000e+03 4.3420e+18 5.2850e+17 5.2850e+17 1.0531e-01 0.0000e+00 5.1639e+04 0.0000e+00
3.0900e+03 7.3098e-12 7.5529e-01 2.1001e+03 6.9602e+03 5.7000e+03 4.3694e+18 5.3094e+17 5.3094e+17 1.0505e-01 0.0000e+00 5.1750e+04 0.0000e+00
3.1000e+03 7.2817e-12 7.5426e-01 2.0994e+03 6.9582e+03 5.7000e+03 4.3971e+18 5.3340e+17 5.3340e+17 1.0479e-01 0.0000e+00 5.1861e+04 0.0000e+00
3.1100e+03 7.2537e-12 7.5324e-01 2.0988e+03 6.9561e+03 5.7000e+03 4.4250e+18 5.3587e+17 5.3587e+17 1.0453e-01 0.0000e+00 5.1972e+04 0.0000e+00
3.1200e+03 7.2259e-12 7.5223e-01 2.0982e+03 6.9541e+03 5.7000e+03 4.4532e+18 5.3837e+17 5.3837e+17 1.0426e-01 0.0000e+00 5.2084e+04 0.0000e+00
3.1300e+03 7.1981e-12 7.5122e-01 2.0976e+03 6.9520e+03 5.7000e+03 4.4817e+18 5.4087e+17 5.4087e+17 1.0400e-01 0.0000e+00 5.2197e+04 0.0000e+00
3.1400e+03 7.1705e-12 7.5022e-01 2.0969e+03 6.9499e+03 5.7000e+03 4.5103e+18 5.4340e+17 5.4340e+17 1.0374e-01 0.0000e+00 5.2310e+04 0.0000e+00
3.1500e+03 7.1429e-12 7.4922e-01 2.0963e+03 6.9478e+03 5.7000e+03 4.5393e+18 5.4594e+17 5.4594e+17 1.0348e-01 0.0000e+00 5.2424e+04 0.0000e+00
3.1600e+03 7.1155e-12 7.4822e-01 2.0957e+03 6.9457e+03 5.7000e+03 4.5685e+18 5.4850e+17 5.4850e+17 1.0322e-01 0.0000e+00 5.2538e+04 0.0000e+00
3.1700e+03 7.0882e-12 7.4723e-01 2.0951e+03 6.9437e+03 5.7000e+03 4.5980e+18 5.5108e+17 5.5108e+17 1.0296e-01 0.0000e+00 5.2652e+04 0.0000e+00
3.1800e+03 7.0610e-12 7.4625e-01 2.0944e+03 6.9416e+03 5.7000e+03 4.6277e+18 5.5367e+17 5.5367e+17 1.0270e-01 0.0000e+00 5.2767e+04 0.0000e+00
3.1900e+03 7.0339e-12 7.4527e-01 2.0938e+03 6.9395e+03 5.7000e+03 4.6577e+18 5.5629e+17 5.5629e+17 1.0244e-01 0.0000e+00 5.2882e+04 0.0000e+00
3.2000e+03 7.0069e-12 7.4429e-01 2.0932e+03 6.9374e+03 5.7000e+03 4.6880e+18 5.5891e+17 5.5891e+17 1.0218e-01 0.0000e+00 5.2998e+04 0.0000e+00
3.2100e+03 6.9799e-12 7.4332e-01 2.0925e+03 6.9353e+03 5.7000e+03 4.7186e+18 5.6156e+17 5.6156e+17 1.0192e-01 0.0000e+00 5.3115e+04 0.0000e+00
3.2200e+03 6.9531e-12 7.4236e-01 2.0919e+03 6.9332e+03 5.7000e+03 4.7494e+18 5.6422e+17 5.6422e+17 1.0166e-01 0.0000e+00 5.3231e+04 0.0000e+00
3.2300e+03 6.9264e-12 7.4140e-01 2.0913e+03 6.9311e+03 5.7000e+03 4.7805e+18 5.6691e+17 5.6691e+17 1.0140e-01 0.0000e+00 5.3349e+04 0.0000e+00
3.2400e+03 6.8998e-12 7.4044e-01 2.0906e+03 6.9290e+03 5.7000e+03 4.8118e+18 5.6961e+17 5.6961e+17 1.0115e-01 0.0000e+00 5.3466e+04 0.0000e+00
3.2500e+03 6.8733e-12 7.3949e-01 2.0900e+03 6.9269e+03 5.7000e+03 4.8435e+18 5.7232e+17 5.7232e+17 1.0089e-01 0.0000e+00 5.3585e+04 0.0000e+00
3.2600e+03 6.8470e-12 7.3854e-01 2.0894e+03 6.9248e+03 5.7000e+03 4.8754e+18 5.7506e+17 5.7506e+17 1.0063e-01 0.0000e+00 5.3703e+04 0.0000e+00
3.2700e+03 6.8207e-12 7.3760e-01 2.0887e+03 6.9227e+03 5.7000e+03 4.9076e+18 5.7781e+17 5.7781e+17 1.0037e-01 0.0000e+00 5.3822e+04 0.0000e+00
3.2800e+03 6.7945e-12 7.3666e-01 2.0881e+03 6.9205e+03 5.7000e+03 4.9401e+18 5.8058e+17 5.8058e+17 1.0011e-01 0.0000e+00 5.3942e+04 0.0000e+00
3.2900e+03 6.7684e-12 7.3572e-01 2.0874e+03 6.9184e+03 5.7000e+03 4.9728e+18 5.8337e+17 5.8337e+17 9.9855e-02 0.0000e+00 5.4062e+04 0.0000e+00
3.3000e+03 6.7424e-12 7.3479e-01 2.0868e+03 6.9163e+03 5.7000e+03 5.0059e+18 5.8617e+17 5.8617e+17 9.9597e-02 0.0000e+00 5.4182e+04 0.0000e+00
3.3100e+03 6.7165e-12 7.3386e-01 2.0862e+03 6.9142e+03 5.7000e+03 5.0392e+18 5.8899e+17 5.8899e+17 9.9340e-02 0.0000e+00 5.4303e+04 0.0000e+00
3.3200e+03 6.6907e-12 7.3294e-01 2.0855e+03 6.9121e+03 5.7000e+03 5.0728e+18 5.9184e+17 5.9184e+17 9.9083e-02 0.0000e+00 5.4424e+04 0.0000e+00
3.3300e+03 6.6650e-12 7.3202e-01 2.0849e+03 6.9099e+03 5.7000e+03 5.1067e+18 5.9469e+17 5.9469e+17 9.8827e-02 0.0000e+00 5.4546e+04 0.0000e+00
3.3400e+03 6.6394e-12 7.3110e-01 2.0842e+03 6.9078e+03 5.7000e+03 5.1410e+18 5.9757e+17 5.9757e+17 9.8571e-02 0.0000e+00 5.4668e+04 0.0000e+00
3.3500e+03 6.6139e-12 7.3019e-01 2.0836e+03 6.9057e+03 5.7000e+03 5.1755e+18 6.0047e+17 6.0047e+17 9.8315e-02 0.0000e+00 5.4791e+04 0.0000e+00
3.3600e+03 6.5885e-12 7.2928e-01 2.0830e+03 6.9036e+03 5.7000e+03 5.2103e+18 6.0338e+17 6.0338e+17 9.8060e-02 0.0000e+00 5.4914e+04 0.0000e+00
3.3700e+03 6.5632e-12 7.2838e-01 2.0823e+03 6.9014e+03 5.7000e+03 5.2454e+18 6.0631e+17 6.0631e+17 9.7804e-02 0.0000e+00 5.5038e+04 0.0000e+00
3.3800e+03 6.5380e-12 7.2748e-01 2.0817e+03 6.8993e+03 5.7000e+03 5.2808e+18 6.0926e+17 6.0926e+17 9.7550e-02 0.0000e+00 5.5162e+04 0.0000e+00
3.3900e+03 6.5129e-12 7.2658e-01 2.0810e+03 6.8972e+03 5.7000e+03 5.3165e+18 6.1223e+17 6.1223e+17 9.7295e-02 0.0000e+00 5.5286e+04 0.0000e+00
3.4000e+03 6.4879e-12 7.2568e-01 2.0804e+03 6.8950e+03 5.7000e+03 5.3525e+18 6.1522e+17 6.1522e+17 9.7041e-02 0.0000e+00 5.5411e+04 0.0000e+00
3.4100e+03 6.4630e-12 7.2479e-01 2.0797e+03 6.8929e+03 5.7000e+03 5.3889e+18 6.1822e+17 6.1822e+17 9.6787e-02 0.0000e+00 5.5536e+04 0.0000e+00
3.4200e+03 6.4382e-12 7.2390e-01 2.0791e+03 6.8908e+03 5.7000e+03 5.4255e+18 6.2124e+17 6.2124e+17 9.6534e-02 0.0000e+00 5.5662e+04 0.0000e+00
3.4300e+03 6.4135e-12 7.2302e-01 2.0784e+03 6.8886e+03 5.7000e+03 5.4624e+18 6.2429e+17 6.2429e+17 9.6281e-02 0.0000e+00 5.5788e+04 0.0000e+00
3.4400e+03 6.3888e-12 7.2213e-01 2.0778e+03 6.8865e+03 5.7000e+03 5.4997e+18 6.2735e+17 6.2735e+17 9.6029e-02 0.0000e+00 5.5915e+04 0.0000e+00
3.4500e+03 6.3643e-12 7.2126e-01 2.0772e+03 6.8843e+03 5.7000e+03 5.5373e+18 6.3042e+17 6.3042e+17 9.5776e-02 0.0000e+00 5.6042e+04 0.0000e+00
3.4600e+03 6.3399e-12 7.2038e-01 2.0765e+03 6.8822e+03 5.7000e+03 5.5752e+18 6.3352e+17 6.3352e+17 9.5525e-02 0.0000e+00 5.6169e+04 0.0000e+00
3.4700e+03 6.3155e-12 7.1951e-01 2.0759e+03 6.8801e+03 5.7000e+03 5.6134e+18 6.3664e+17 6.3664e+17 9.5273e-02 0.0000e+00 5.6297e+04 0.0000e+00
3.4800e+03 6.2913e-12 7.1864e-01 2.0752e+03 6.8779e+03 5.7000e+03 5.6520e+18 6.3977e+17 6.3977e+17 9.5022e-02 0.0000e+00 5.6425e+04 0.0000e+00
3.4900e+03 6.2671e-12 7.1777e-01 2.0746e+03 6.8758e+03 5.7000e+03 5.6909e+18 6.4293e+17 6.4293e+17 9.4772e-02 0.0000e+00 5.6554e+04 0.0000e+00
3.5000e+03 6.2430e-12 7.1691e-01 2.0739e+03 6.8736e+03 5.7000e+03 5.7301e+18 6.4610e+17 6.4610e+17 9.4521e-02 0.0000e+00 5.6683e+04 0.0000e+00
3.5100e+03 6.2191e-12 7.1605e-01 2.0733e+03 6.8715e+03 5.7000e+03 5.7696e+18 6.4929e+17 6.4929e+17 9.4272e-02 0.0000e+00 5.6813e+04 0.0000e+00
3.5200e+03 6.1952e-12 7.1519e-01 2.0726e+03 6.8693e+03 5.7000e+03 5.8095e+18 6.5250e+17 6.5250e+17 9.4022e-02 0.0000e+00 5.6942e+04 0.0000e+00
3.5300e+03 6.1714e-12 7.1433e-01 2.0720e+03 6.8672e+03 5.7000e+03 5.8497e+18 6.5573e+17 6.5573e+17 9.3774e-02 0.0000e+00 5.7073e+04 0.0000e+00
3.5400e+03 6.1477e-12 7.1348e-01 2.0713e+03 6.8650e+03 5.7000e+03 5.8903e+18 6.5898e+17 6.5898e+17 9.3525e-02 0.0000e+00 5.7204e+04 0.0000e+00
3.5500e+03 6.1241e-12 7.1263e-01 2.0707e+03 6.8629e+03 5.7000e+03 5.9312e+18 6.6225e+17 6.6225e+17 9.3277e-02 0.0000e+00 5.7335e+04 0.0000e+00
3.5600e+03 6.1006e-12 7.1178e-01 2.0700e+03 6.8607e+03 5.7000e+03 5.9724e+18 6.6554e+17 6.6554e+17 9.3030e-02 0.0000e+00 5.7466e+04 0.0000e+00
3.5700e+03 6.0771e-12 7.1093e-01 2.0694e+03 6.8586e+03 5.7000e+03 6.0140e+18 6.6885e+17 6.6885e+17 9.2783e-02 0.0000e+00 5.7598e+04 0.0000e+00
3.5800e+03 6.0538e-12 7.1009e-01 2.0687e+03 6.8564e+03 5.7000e+03 6.0560e+18 6.7217e+17 6.7217e+17 9.2536e-02 0.0000e+00 5.7731e+04 0.0000e+00
3.5900e+03 6.0306e-12 7.0925e-01 2.0681e+03 6.8543e+03 5.7000e+03 6.0983e+18 6.7552e+17 6.7552e+17 9.2290e-02 0.0000e+00 5.7864e+04 0.0000e+00
3.6000e+03 6.0074e-12 7.0841e-01 2.0674e+03 6.8521e+03 5.7000e+03 6.1409e+18 6.7888e+17 6.7888e+17 9.2044e-02 0.0000e+00 5.7997e+04 0.0000e+00
3.6100e+03 5.9843e-12 7.0758e-01 2.0668e+03 6.8500e+03 5.7000e+03 6.1839e+18 6.8227e+17 6.8227e+17 9.1799e-02 0.0000e+00 5.8131e+04 0.0000e+00
3.6200e+03 5.9614e-12 7.0675e-01 2.0661e+03 6.8478e+03 5.7000e+03 6.2273e+18 6.8567e+17 6.8567e+17 9.1554e-02 0.0000e+00 5.8265e+04 0.0000e+00
3.6300e+03 5.9385e-12 7.0591e-01 2.0655e+03 6.8456e+03 5.7000e+03 6.2710e+18 6.8910e+17 6.8910e+17 9.1310e-02 0.0000e+00 5.8399e+04 0.0000e+00
3.6400e+03 5.9157e-12 7.0509e-01 2.0648e+03 6.8435e+03 5.7000e+03 6.3151e+18 6.9254e+17 6.9254e+17 9.1066e-02 0.0000e+00 5.8534e+04 0.0000e+00
3.6500e+03 5.8929e-12 7.0426e-01 2.0642e+03 6.8413e+03 5.7000e+03 6.3596e+18 6.9601e+17 6.9601e+17 9.0823e-02 0.0000e+00 5.8669e+04 0.0000e+00
3.6600e+03 5.8703e-12 7.0344e-01 2.0635e+03 6.8392e+03 5.7000e+03 6.4044e+18 6.9949e+17 6.9949e+17 9.0580e-02 0.0000e+00 5.8805e+04 0.0000e+00
3.6700e+03 5.8478e-12 7.0261e-01 2.0629e+03 6.8370e+03 5.7000e+03 6.4496e+18 7.0300e+17 7.0300e+17 9.0338e-02 0.0000e+00 5.8941e+04 0.0000e+00
3.6800e+03 5.8253e-12 7.0179e-01 2.0622e+03 6.8349e+03 5.7000e+03 6.4952e+18 7.0652e+17 7.0652e+17 9.0096e-02 0.0000e+00 5.9078e+04 0.0000e+00
3.6900e+03 5.8029e-12 7.0098e-01 2.0616e+03 6.8327e+03 5.7000e+03 6.5412e+18 7.1006e+17 7.1006e+17 8.9855e-02 0.0000e+00 5.9215e+04 0.0000e+00
3.7000e+03 5.7807e-12 7.0016e-01 2.0609e+03 6.8306e+03 5.7000e+03 6.5875e+18 7.1363e+17 7.1363e+17 8.9614e-02 0.0000e+00 5.9352e+04 0.0000e+00
3.7100e+03 5.7585e-12 6.9935e-01 2.0603e+03 6.8284e+03 5.7000e+03 6.6343e+18 7.1721e+17 7.1721e+17 8.9374e-02 0.0000e+00 5.9490e+04 0.0000e+00
3.7200e+03 5.7364e-12 6.9854e-01 2.0596e+03 6.8262e+03 5.7000e+03 6.6814e+18 7.2082e+17 7.2082e+17 8.9134e-02 0.0000e+00 5.9628e+04 0.0000e+00
3.7300e+03 5.7143e-12 6.9773e-01 2.0590e+03 6.8241e+03 5.7000e+03 6.7289e+18 7.2445e+17 7.2445e+17 8.8895e-02 0.0000e+00 5.9766e+04 0.0000e+00
3.7400e+03 5.6924e-12 6.9692e-01 2.0583e+03 6.8219e+03 5.7000e+03 6.7768e+18 7.2809e+17 7.2809e+17 8.8656e-02 0.0000e+00 5.9905e+04 0.0000e+00
3.7500e+03 5.6705e-12 6.9611e-01 2.0577e+03 6.8198e+03 5.7000e+03 6.8251e+18 7.3176e+17 7.3176e+17 8.8418e-02 0.0000e+00 6.0045e+04 0.0000e+00
3.7600e+03 5.6488e-12 6.9531e-01 2.0570e+03 6.8176e+03 5.7000e+03 6.8738e+18 7.3545e+17 7.3545e+17 8.8180e-02 0.0000e+00 6.0184e+04 0.0000e+00
3.7700e+03 5.6271e-12 6.9451e-01 2.0564e+03 6.8155e+03 5.7000e+03 6.9229e+18 7.3916e+17 7.3916e+17 8.7943e-02 0.0000e+00 6.0324e+04 0.0000e+00
3.7800e+03 5.6055e-12 6.9371e-01 2.0557e+03 6.8133e+03 5.7000e+03 6.9725e+18 7.4288e+17 7.4288e+17 8.7707e-02 0.0000e+00 6.0465e+04 0.0000e+00
3.7900e+03 5.5839e-12 6.9291e-01 2.0551e+03 6.8112e+03 5.7000e+03 7.0224e+18 7.4664e+17 7.4664e+17 8.7471e-02 0.0000e+00 6.0606e+04 0.0000e+00
3.8000e+03 5.5625e-12 6.9211e-01 2.0544e+03 6.8090e+03 5.7000e+03 7.0727e+18 7.5041e+17 7.5041e+17 8.7235e-02 0.0000e+00 6.0747e+04 0.0000e+00
3.8100e+03 5.5411e-12 6.9132e-01 2.0538e+03 6.8068e+03 5.7000e+03 7.1235e+18 7.5420e+17 7.5420e+17 8.7000e-02 0.0000e+00 6.0889e+04 0.0000e+00
3.8200e+03 5.5198e-12 6.9052e-01 2.0531e+03 6.8047e+03 5.7000e+03 7.1747e+18 7.5801e+17 7.5801e+17 8.6765e-02 0.0000e+00 6.1031e+04 0.0000e+00
3.8300e+03 5.4987e-12 6.8973e-01 2.0525e+03 6.8025e+03 5.7000e+03 7.2263e+18 7.6185e+17 7.6185e+17 8.6531e-02 0.0000e+00 6.1173e+04 0.0000e+00
3.8400e+03 5.4775e-12 6.8894e-01 2.0518e+03 6.8004e+03 5.7000e+03 7.2783e+18 7.6570e+17 7.6570e+17 8.6298e-02 0.0000e+00 6.1316e+04 0.0000e+00
3.8500e+03 5.4565e-12 6.8815e-01 2.0512e+03 6.7982e+03 5.7000e+03 7.3308e+18 7.6958e+17 7.6958e+17 8.6065e-02 0.0000e+00 6.1459e+04 0.0000e+00
3.8600e+03 5.4355e-12 6.8736e-01 2.0505e+03 6.7961e+03 5.7000e+03 7.3837e+18 7.7348e+17 7.7348e+17 8.5833e-02 0.0000e+00 6.1603e+04 0.0000e+00
3.8700e+03 5.4147e-12 6.8658e-01 2.0499e+03 6.7939e+03 5.7000e+03 7.4370e+18 7.7740e+17 7.7740e+17 8.5601e-02 0.0000e+00 6.1747e+04 0.0000e+00
3.8800e+03 5.3939e-12 6.8580e-01 2.0492e+03 6.7918e+03 5.7000e+03 7.4908e+18 7.8134e+17 7.8134e+17 8.5370e-02 0.0000e+00 6.1892e+04 0.0000e+00
3.8900e+03 5.3732e-12 6.8501e-01 2.0486e+03 6.7896e+03 5.7000e+03 7.5450e+18 7.8530e+17 7.8530e+17 8.5139e-02 0.0000e+00 6.2036e+04 0.0000e+00
3.9000e+03 5.3525e-12 6.8423e-01 2.0479e+03 6.7875e+03 5.7000e+03 7.5997e+18 7.8929e+17 7.8929e+17 8.4909e-02 0.0000e+00 6.2182e+04 0.0000e+00
3.9100e+03 5.3320e-12 6.8345e-01 2.0473e+03 6.7853e+03 5.7000e+03 7.6548e+18 7.9330e+17 7.9330e+17 8.4679e-02 0.0000e+00 6.2327e+04 0.0000e+00
3.9200e+03 5.3115e-12 6.8267e-01 2.0466e+03 6.7832e+03 5.7000e+03 7.7103e+18 7.9733e+17 7.9733e+17 8.4450e-02 0.0000e+00 6.2473e+04 0.0000e+00
3.9300e+03 5.2911e-12 6.8190e-01 2.0460e+03 6.7810e+03 5.7000e+03 7.7664e+18 8.0138e+17 8.0138e+17 8.4222e-02 0.0000e+00 6.2620e+04 0.0000e+00
3.9400e+03 5.2708e-12 6.8112e-01 2.0453e+03 6.7789e+03 5.7000e+03 7.8228e+18 8.0545e+17 8.0545e+17 8.3994e-02 0.0000e+00 6.2766e+04 0.0000e+00
3.9500e+03 5.2506e-12 6.8035e-01 2.0447e+03 6.7767e+03 5.7000e+03 7.8798e+18 8.0954e+17 8.0954e+17 8.3767e-02 0.0000e+00 6.2913e+04 0.0000e+00
3.9600e+03 5.2304e-12 6.7958e-01 2.0440e+03 6.7746e+03 5.7000e+03 7.9372e+18 8.1366e+17 8.1366e+17 8.3540e-02 0.0000e+00 6.3061e+04 0.0000e+00
3.9700e+03 5.2103e-12 6.7881e-01 2.0434e+03 6.7724e+03 5.7000e+03 7.9951e+18 8.1780e+17 8.1780e+17 8.3313e-02 0.0000e+00 6.3209e+04 0.0000e+00
3.9800e+03 5.1903e-12 6.7804e-01 2.0427e+03 6.7703e+03 5.7000e+03 8.0535e+18 8.2196e+17 8.2196e+17 8.3088e-02 0.0000e+00 6.3357e+04 0.0000e+00
3.9900e+03 5.1704e-12 6.7727e-01 2.0421e+03 6.7681e+03 5.7000e+03 8.1123e+18 8.2615e+17 8.2615e+17 8.2863e-02 0.0000e+00 6.3506e+04 0.0000e+00
4.0000e+03 5.1505e-12 6.7650e-01 2.0414e+03 6.7660e+03 5.7000e+03 8.1716e+18 8.3036e+17 8.3036e+17 8.2638e-02 0.0000e+00 6.3655e+04 0.0000e+00
4.0100e+03 5.1307e-12 6.7573e-01 2.0408e+03 6.7638e+03 5.7000e+03 8.2315e+18 8.3459e+17 8.3459e+17 8.2414e-02 0.0000e+00 6.3804e+04 0.0000e+00
4.0200e+03 5.1110e-12 6.7497e-01 2.0401e+03 6.7617e+03 5.7000e+03 8.2918e+18 8.3884e+17 8.3884e+17 8.2191e-02 0.0000e+00 6.3954e+04 0.0000e+00
4.0300e+03 5.0914e-12 6.7420e-01 2.0395e+03 6.7595e+03 5.7000e+03 8.3526e+18 8.4312e+17 8.4312e+17 8.1968e-02 0.0000e+00 6.4104e+04 0.0000e+00
4.0400e+03 5.0719e-12 6.7344e-01 2.0389e+03 6.7574e+03 5.7000e+03 8.4139e+18 8.4741e+17 8.4741e+17 8.1746e-02 0.0000e+00 6.4255e+04 0.0000e+00
4.0500e+03 5.0524e-12 6.7268e-01 2.0382e+03 6.7553e+03 5.7000e+03 8.4757e+18 8.5174e+17 8.5174e+17 8.1524e-02 0.0000e+00 6.4406e+04 0.0000e+00
4.0600e+03 5.0330e-12 6.7192e-01 2.0376e+03 6.7531e+03 5.7000e+03 8.5380e+18 8.5608e+17 8.5608e+17 8.1303e-02 0.0000e+00 6.4557e+04 0.0000e+00
4.0700e+03 5.0137e-12 6.7116e-01 2.0369e+03 6.7510e+03 5.7000e+03 8.6008e+18 8.6045e+17 8.6045e+17 8.1082e-02 0.0000e+00 6.4709e+04 0.0000e+00
4.0800e+03 4.9944e-12 6.7040e-01 2.0363e+03 6.7488e+03 5.7000e+03 8.6642e+18 8.6484e+17 8.6484e+17 8.0862e-02 0.0000e+00 6.4861e+04 0.0000e+00
4.0900e+03 4.9752e-12 6.6965e-01 2.0356e+03 6.7467e+03 5.7000e+03 8.7280e+18 8.6925e+17 8.6925e+17 8.0643e-02 0.0000e+00 6.5014e+04 0.0000e+00
4.1000e+03 4.9561e-12 6.6889e-01 2.0350e+03 6.7446e+03 5.7000e+03 8.7924e+18 8.7369e+17 8.7369e+17 8.0424e-02 0.0000e+00 6.5167e+04 0.0000e+00
4.1100e+03 4.9371e-12 6.6814e-01 2.0343e+03 6.7424e+03 5.7000e+03 8.8573e+18 8.7815e+17 8.7815e+17 8.0205e-02 0.0000e+00 6.5320e+04 0.0000e+00
4.1200e+03 4.9181e-12 6.6738e-01 2.0337e+03 6.7403e+03 5.7000e+03 8.9227e+18 8.8264e+17 8.8264e+17 7.9988e-02 0.0000e+00 6.5474e+04 0.0000e+00
4.1300e+03 4.8992e-12 6.6663e-01 2.0330e+03 6.7381e+03 5.7000e+03 8.9887e+18 8.8715e+17 8.8715e+17 7.9771e-02 0.0000e+00 6.5628e+04 0.0000e+00
4.1400e+03 4.8804e-12 6.6588e-01 2.0324e+03 6.7360e+03 5.7000e+03 9.0552e+18 8.9168e+17 8.9168e+17 7.9554e-02 0.0000e+00 6.5782e+04 0.0000e+00
4.1500e+03 4.8617e-12 6.6513e-01 2.0318e+03 6.7339e+03 5.7000e+03 9.1223e+18 8.9624e+17 8.9624e+17 7.9338e-02 0.0000e+00 6.5937e+04 0.0000e+00
4.1600e+03 4.8430e-12 6.6438e-01 2.0311e+03 6.7317e+03 5.7000e+03 9.1899e+18 9.0082e+17 9.0082e+17 7.9122e-02 0.0000e+00 6.6092e+04 0.0000e+00
4.1700e+03 4.8244e-12 6.6363e-01 2.0305e+03 6.7296e+03 5.7000e+03 9.2581e+18 9.0543e+17 9.0543e+17 7.8908e-02 0.0000e+00 6.6247e+04 0.0000e+00
4.1800e+03 4.8059e-12 6.6288e-01 2.0298e+03 6.7275e+03 5.7000e+03 9.3268e+18 9.1005e+17 9.1005e+17 7.8693e-02 0.0000e+00 6.6403e+04 0.0000e+00
4.1900e+03 4.7874e-12 6.6213e-01 2.0292e+03 6.7254e+03 5.7000e+03 9.3961e+18 9.1471e+17 9.1471e+17 7.8480e-02 0.0000e+00 6.6560e+04 0.0000e+00
4.2000e+03 4.7691e-12 6.6139e-01 2.0285e+03 6.7232e+03 5.7000e+03 9.4659e+18 9.1939e+17 9.1939e+17 7.8266e-02 0.0000e+00 6.6716e+04 0.0000e+00
4.2100e+03 4.7507e-12 6.6064e-01 2.0279e+03 6.7211e+03 5.7000e+03 9.5363e+18 9.2409e+17 9.2409e+17 7.8054e-02 0.0000e+00 6.6873e+04 0.0000e+00
4.2200e+03 4.7325e-12 6.5990e-01 2.0273e+03 6.7190e+03 5.7000e+03 9.6073e+18 9.2882e+17 9.2882e+17 7.7842e-02 0.0000e+00 6.7031e+04 0.0000e+00
4.2300e+03 4.7143e-12 6.5915e-01 2.0266e+03 6.7169e+03 5.7000e+03 9.6789e+18 9.3357e+17 9.3357e+17 7.7630e-02 0.0000e+00 6.7188e+04 0.0000e+00
4.2400e+03 4.6962e-12 6.5841e-01 2.0260e+03 6.7147e+03 5.7000e+03 9.7511e+18 9.3834e+17 9.3834e+17 7.7420e-02 0.0000e+00 6.7347e+04 0.0000e+00
4.2500e+03 4.6782e-12 6.5767e-01 2.0253e+03 6.7126e+03 5.7000e+03 9.8238e+18 9.4314e+17 9.4314e+17 7.7209e-02 0.0000e+00 6.7505e+04 0.0000e+00
4.2600e+03 4.6602e-12 6.5693e-01 2.0247e+03 6.7105e+03 5.7000e+03 9.8972e+18 9.4797e+17 9.4797e+17 7.7000e-02 0.0000e+00 6.7664e+04 0.0000e+00
4.2700e+03 4.6423e-12 6.5618e-01 2.0241e+03 6.7084e+03 5.7000e+03 9.9711e+18 9.5282e+17 9.5282e+17 7.6790e-02 0.0000e+00 6.7823e+04 0.0000e+00
4.2800e+03 4.6245e-12 6.5545e-01 2.0234e+03 6.7062e+03 5.7000e+03 1.0046e+19 9.5770e+17 9.5770e+17 7.6582e-02 0.0000e+00 6.7983e+04 0.0000e+00
4.2900e+03 4.6068e-12 6.5471e-01 2.0228e+03 6.7041e+03 5.7000e+03 1.0121e+19 9.6260e+17 9.6260e+17 7.6374e-02 0.0000e+00 6.8143e+04 0.0000e+00
4.3000e+03 4.5891e-12 6.5397e-01 2.0221e+03 6.7020e+03 5.7000e+03 1.0197e+19 9.6753e+17 9.6753e+17 7.6167e-02 0.0000e+00 6.8303e+04 0.0000e+00
4.3100e+03 4.5714e-12 6.5323e-01 2.0215e+03 6.6999e+03 5.7000e+03 1.0273e+19 9.7248e+17 9.7248e+17 7.5960e-02 0.0000e+00 6.8464e+04 0.0000e+00
4.3200e+03 4.5539e-12 6.5249e-01 2.0209e+03 6.6978e+03 5.7000e+03 1.0350e+19 9.7746e+17 9.7746e+17 7.5753e-02 0.0000e+00 6.8625e+04 0.0000e+00
4.3300e+03 4.5364e-12 6.5176e-01 2.0202e+03 6.6957e+03 5.7000e+03 1.0428e+19 9.8246e+17 9.8246e+17 7.5548e-02 0.0000e+00 6.8787e+04 0.0000e+00
4.3400e+03 4.5190e-12 6.5102e-01 2.0196e+03 6.6936e+03 5.7000e+03 1.0506e+19 9.8749e+17 9.8749e+17 7.5343e-02 0.0000e+00 6.8949e+04 0.0000e+00
4.3500e+03 4.5016e-12 6.5029e-01 2.0190e+03 6.6915e+03 5.7000e+03 1.0585e+19 9.9255e+17 9.9255e+17 7.5138e-02 0.0000e+00 6.9111e+04 0.0000e+00
4.3600e+03 4.4843e-12 6.4955e-01 2.0183e+03 6.6893e+03 5.7000e+03 1.0664e+19 9.9763e+17 9.9763e+17 7.4934e-02 0.0000e+00 6.9274e+04 0.0000e+00
4.3700e+03 4.4671e-12 6.4882e-01 2.0177e+03 6.6872e+03 5.7000e+03 1.0745e+19 1.0027e+18 1.0027e+18 7.4731e-02 0.0000e+00 6.9437e+04 0.0000e+00
4.3800e+03 4.4500e-12 6.4809e-01 2.0171e+03 6.6851e+03 5.7000e+03 1.0826e+19 1.0079e+18 1.0079e+18 7.4528e-02 0.0000e+00 6.9600e+04 0.0000e+00
4.3900e+03 4.4329e-12 6.4736e-01 2.0164e+03 6.6830e+03 5.7000e+03 1.0907e+19 1.0130e+18 1.0130e+18 7.4326e-02 0.0000e+00 6.9764e+04 0.0000e+00
4.4000e+03 4.4159e-12 6.4663e-01 2.0158e+03 6.6809e+03 5.7000e+03 1.0989e+19 1.0182e+18 1.0182e+18 7.4124e-02 0.0000e+00 6.9928e+04 0.0000e+00
4.4100e+03 4.3989e-12 6.4590e-01 2.0151e+03 6.6788e+03 5.7000e+03 1.1072e+19 1.0234e+18 1.0234e+18 7.3923e-02 0.0000e+00 7.0093e+04 0.0000e+00
4.4200e+03 4.3820e-12 6.4517e-01 2.0145e+03 6.6767e+03 5.7000e+03 1.1156e+19 1.0287e+18 1.0287e+18 7.3722e-02 0.0000e+00 7.0257e+04 0.0000e+00
4.4300e+03 4.3652e-12 6.4444e-01 2.0139e+03 6.6746e+03 5.7000e+03 1.1240e+19 1.0339e+18 1.0339e+18 7.3522e-02 0.0000e+00 7.0423e+04 0.0000e+00
4.4400e+03 4.3484e-12 6.4371e-01 2.0132e+03 6.6725e+03 5.7000e+03 1.1325e+19 1.0392e+18 1.0392e+18 7.3323e-02 0.0000e+00 7.0588e+04 0.0000e+00
4.4500e+03 4.3317e-12 6.4298e-01 2.0126e+03 6.6704e+03 5.7000e+03 1.1410e+19 1.0445e+18 1.0445e+18 7.3124e-02 0.0000e+00 7.0754e+04 0.0000e+00
4.4600e+03 4.3151e-12 6.4225e-01 2.0120e+03 6.6683e+03 5.7000e+03 1.1497e+19 1.0499e+18 1.0499e+18 7.2926e-02 0.0000e+00 7.0921e+04 0.0000e+00
4.4700e+03 4.2985e-12 6.4152e-01 2.0114e+03 6.6662e+03 5.7000e+03 1.1584e+19 1.0553e+18 1.0553e+18 7.2728e-02 0.0000e+00 7.1087e+04 0.0000e+00
4.4800e+03 4.2820e-12 6.4080e-01 2.0107e+03 6.6641e+03 5.7000e+03 1.1671e+19 1.0607e+18 1.0607e+18 7.2531e-02 0.0000e+00 7.1254e+04 0.0000e+00
4.4900e+03 4.2656e-12 6.4007e-01 2.0101e+03 6.6621e+03 5.7000e+03 1.1760e+19 1.0661e+18 1.0661e+18 7.2334e-02 0.0000e+00 7.1422e+04 0.0000e+00
4.5000e+03 4.2492e-12 6.3935e-01 2.0095e+03 6.6600e+03 5.7000e+03 1.1849e+19 1.0715e+18 1.0715e+18 7.2138e-02 0.0000e+00 7.1590e+04 0.0000e+00
4.5100e+03 4.2329e-12 6.3862e-01 2.0088e+03 6.6579e+03 5.7000e+03 1.1939e+19 1.0770e+18 1.0770e+18 7.1943e-02 0.0000e+00 7.1758e+04 0.0000e+00
4.5200e+03 4.2166e-12 6.3790e-01 2.0082e+03 6.6558e+03 5.7000e+03 1.2030e+19 1.0825e+18 1.0825e+18 7.1748e-02 0.0000e+00 7.1927e+04 0.0000e+00
4.5300e+03 4.2004e-12 6.3717e-01 2.0076e+03 6.6537e+03 5.7000e+03 1.2121e+19 1.0881e+18 1.0881e+18 7.1554e-02 0.0000e+00 7.2096e+04 0.0000e+00
4.5400e+03 4.1843e-12 6.3645e-01 2.0069e+03 6.6516e+03 5.7000e+03 1.2213e+19 1.0936e+18 1.0936e+18 7.1360e-02 0.0000e+00 7.2265e+04 0.0000e+00
4.5500e+03 0.0000e+00 0.0000e+00 2.0063e+03 0.0000e+00 5.7000e+03 0.0000e+00 0.0000e+00 0.0000e+00 0.0000e+00 0.0000e+00 0.0000e+00 0.0000e+00
