0.0000e+00 1.2000e-11 8.3844e+00 1.7000e+03 5.6343e+03 5.7000e+03 2.7481e+20 2.0738e+19 2.0738e+19 1.5535e-02 0.0000e+00 2.7268e+05 0.0000e+00
1.0000e+01 1.1954e-11 8.2205e+00 1.7028e+03 5.6435e+03 5.7000e+03 3.7981e+21 2.0097e+19 2.0097e+19 1.5784e-02 0.0000e+00 2.6891e+05 0.0000e+00
2.0000e+01 1.1908e-11 8.0610e+00 1.7055e+03 5.6527e+03 5.7000e+03 3.4901e+21 1.9482e+19 1.9482e+19 1.6034e-02 0.0000e+00 2.6522e+05 0.0000e+00
3.0000e+01 1.1862e-11 7.9058e+00 1.7083e+03 5.6618e+03 5.7000e+03 3.2121e+21 1.8892e+19 1.8892e+19 1.6286e-02 0.0000e+00 2.6162e+05 0.0000e+00
4.0000e+01 1.1817e-11 7.7547e+00 1.7110e+03 5.6708e+03 5.7000e+03 2.9608e+21 1.8325e+19 1.8325e+19 1.6540e-02 0.0000e+00 2.5810e+05 0.0000e+00
5.0000e+01 1.1771e-11 7.6075e+00 1.7137e+03 5.6798e+03 5.7000e+03 2.7332e+21 1.7780e+19 1.7780e+19 1.6795e-02 0.0000e+00 2.5467e+05 0.0000e+00
6.0000e+01 1.1726e-11 7.4643e+00 1.7164e+03 5.6887e+03 5.7000e+03 2.5268e+21 1.7257e+19 1.7257e+19 1.7052e-02 0.0000e+00 2.5131e+05 0.0000e+00
7.0000e+01 1.1681e-11 7.3248e+00 1.7191e+03 5.6975e+03 5.7000e+03 2.3393e+21 1.6754e+19 1.6754e+19 1.7310e-02 0.0000e+00 2.4802e+05 0.0000e+00
8.0000e+01 1.1636e-11 7.1889e+00 1.7217e+03 5.7063e+03 5.7000e+03 2.1687e+21 1.6270e+19 1.6270e+19 1.7569e-02 0.0000e+00 2.4481e+05 0.0000e+00
9.0000e+01 1.1592e-11 7.0565e+00 1.7243e+03 5.7150e+03 5.7000e+03 2.0133e+21 1.5805e+19 1.5805e+19 1.7830e-02 0.0000e+00 2.4167e+05 0.0000e+00
1.0000e+02 1.1547e-11 6.9275e+00 1.7270e+03 5.7237e+03 5.7000e+03 1.8714e+21 1.5358e+19 1.5358e+19 1.8092e-02 0.0000e+00 2.3860e+05 0.0000e+00
1.1000e+02 1.1503e-11 6.8018e+00 1.7296e+03 5.7323e+03 5.7000e+03 1.7418e+21 1.4927e+19 1.4927e+19 1.8356e-02 0.0000e+00 2.3560e+05 0.0000e+00
1.2000e+02 1.1459e-11 6.6793e+00 1.7321e+03 5.7408e+03 5.7000e+03 1.6233e+21 1.4513e+19 1.4513e+19 1.8621e-02 0.0000e+00 2.3267e+05 0.0000e+00
1.3000e+02 1.1415e-11 6.5599e+00 1.7347e+03 5.7493e+03 5.7000e+03 1.5146e+21 1.4114e+19 1.4114e+19 1.8887e-02 0.0000e+00 2.2980e+05 0.0000e+00
1.4000e+02 1.1371e-11 6.4436e+00 1.7372e+03 5.7577e+03 5.7000e+03 1.4149e+21 1.3730e+19 1.3730e+19 1.9154e-02 0.0000e+00 2.2699e+05 0.0000e+00
1.5000e+02 1.1327e-11 6.3301e+00 1.7398e+03 5.7661e+03 5.7000e+03 1.3234e+21 1.3360e+19 1.3360e+19 1.9422e-02 0.0000e+00 2.2424e+05 0.0000e+00
1.6000e+02 1.1284e-11 6.2195e+00 1.7423e+03 5.7744e+03 5.7000e+03 1.2392e+21 1.3003e+19 1.3003e+19 1.9692e-02 0.0000e+00 2.2155e+05 0.0000e+00
1.7000e+02 1.1240e-11 6.1116e+00 1.7448e+03 5.7827e+03 5.7000e+03 1.1616e+21 1.2660e+19 1.2660e+19 1.9963e-02 0.0000e+00 2.1892e+05 0.0000e+00
1.8000e+02 1.1197e-11 6.0063e+00 1.7472e+03 5.7909e+03 5.7000e+03 1.0901e+21 1.2329e+19 1.2329e+19 2.0235e-02 0.0000e+00 2.1635e+05 0.0000e+00
1.9000e+02 1.1154e-11 5.9037e+00 1.7497e+03 5.7990e+03 5.7000e+03 1.0241e+21 1.2009e+19 1.2009e+19 2.0507e-02 0.0000e+00 2.1383e+05 0.0000e+00
2.0000e+02 1.1111e-11 5.8035e+00 1.7521e+03 5.8071e+03 5.7000e+03 9.6308e+20 1.1701e+19 1.1701e+19 2.0781e-02 0.0000e+00 2.1136e+05 0.0000e+00
2.1000e+02 1.1069e-11 5.7058e+00 1.7545e+03 5.8151e+03 5.7000e+03 9.0665e+20 1.1404e+19 1.1404e+19 2.1056e-02 0.0000e+00 2.0895e+05 0.0000e+00
2.2000e+02 1.1026e-11 5.6105e+00 1.7569e+03 5.8230e+03 5.7000e+03 8.5437e+20 1.1118e+19 1.1118e+19 2.1331e-02 0.0000e+00 2.0659e+05 0.0000e+00
2.3000e+02 1.0984e-11 5.5174e+00 1.7593e+03 5.8309e+03 5.7000e+03 8.0590e+20 1.0841e+19 1.0841e+19 2.1608e-02 0.0000e+00 2.0428e+05 0.0000e+00
2.4000e+02 1.0942e-11 5.4266e+00 1.7617e+03 5.8387e+03 5.7000e+03 7.6092e+20 1.0574e+19 1.0574e+19 2.1885e-02 0.0000e+00 2.0201e+05 0.0000e+00
2.5000e+02 1.0900e-11 5.3380e+00 1.7640e+03 5.8465e+03 5.7000e+03 7.1912e+20 1.0316e+19 1.0316e+19 2.2163e-02 0.0000e+00 1.9979e+05 0.0000e+00
2.6000e+02 1.0858e-11 5.2514e+00 1.7663e+03 5.8542e+03 5.7000e+03 6.8024e+20 1.0067e+19 1.0067e+19 2.2442e-02 0.0000e+00 1.9762e+05 0.0000e+00
2.7000e+02 1.0816e-11 5.1669e+00 1.7687e+03 5.8619e+03 5.7000e+03 6.4405e+20 9.8267e+18 9.8267e+18 2.2721e-02 0.0000e+00 1.9550e+05 0.0000e+00
2.8000e+02 1.0774e-11 5.0843e+00 1.7710e+03 5.8695e+03 5.7000e+03 6.1032e+20 9.5942e+18 9.5942e+18 2.3002e-02 0.0000e+00 1.9341e+05 0.0000e+00
2.9000e+02 1.0733e-11 5.0037e+00 1.7732e+03 5.8770e+03 5.7000e+03 5.7887e+20 9.3696e+18 9.3696e+18 2.3282e-02 0.0000e+00 1.9137e+05 0.0000e+00
3.0000e+02 1.0692e-11 4.9250e+00 1.7755e+03 5.8845e+03 5.7000e+03 5.4949e+20 9.1525e+18 9.1525e+18 2.3564e-02 0.0000e+00 1.8938e+05 0.0000e+00
3.1000e+02 1.0651e-11 4.8481e+00 1.7777e+03 5.8919e+03 5.7000e+03 5.2205e+20 8.9426e+18 8.9426e+18 2.3846e-02 0.0000e+00 1.8742e+05 0.0000e+00
3.2000e+02 1.0610e-11 4.7729e+00 1.7799e+03 5.8993e+03 5.7000e+03 4.9638e+20 8.7395e+18 8.7395e+18 2.4128e-02 0.0000e+00 1.8550e+05 0.0000e+00
3.3000e+02 1.0569e-11 4.6995e+00 1.7821e+03 5.9066e+03 5.7000e+03 4.7235e+20 8.5432e+18 8.5432e+18 2.4411e-02 0.0000e+00 1.8362e+05 0.0000e+00
3.4000e+02 1.0529e-11 4.6277e+00 1.7843e+03 5.9138e+03 5.7000e+03 4.4983e+20 8.3532e+18 8.3532e+18 2.4695e-02 0.0000e+00 1.8178e+05 0.0000e+00
3.5000e+02 1.0488e-11 4.5576e+00 1.7865e+03 5.9210e+03 5.7000e+03 4.2872e+20 8.1693e+18 8.1693e+18 2.4978e-02 0.0000e+00 1.7998e+05 0.0000e+00
3.6000e+02 1.0448e-11 4.4890e+00 1.7887e+03 5.9282e+03 5.7000e+03 4.0891e+20 7.9914e+18 7.9914e+18 2.5262e-02 0.0000e+00 1.7821e+05 0.0000e+00
3.7000e+02 1.0408e-11 4.4220e+00 1.7908e+03 5.9352e+03 5.7000e+03 3.9030e+20 7.8191e+18 7.8191e+18 2.5547e-02 0.0000e+00 1.7648e+05 0.0000e+00
3.8000e+02 1.0368e-11 4.3565e+00 1.7929e+03 5.9422e+03 5.7000e+03 3.7280e+20 7.6524e+18 7.6524e+18 2.5831e-02 0.0000e+00 1.7478e+05 0.0000e+00
3.9000e+02 1.0328e-11 4.2925e+00 1.7950e+03 5.9492e+03 5.7000e+03 3.5635e+20 7.4908e+18 7.4908e+18 2.6116e-02 0.0000e+00 1.7311e+05 0.0000e+00
4.0000e+02 1.0288e-11 4.2298e+00 1.7971e+03 5.9561e+03 5.7000e+03 3.4086e+20 7.3344e+18 7.3344e+18 2.6401e-02 0.0000e+00 1.7148e+05 0.0000e+00
4.1000e+02 1.0249e-11 4.1686e+00 1.7992e+03 5.9629e+03 5.7000e+03 3.2627e+20 7.1828e+18 7.1828e+18 2.6686e-02 0.0000e+00 1.6988e+05 0.0000e+00
4.2000e+02 1.0209e-11 4.1086e+00 1.8012e+03 5.9697e+03 5.7000e+03 3.1251e+20 7.0359e+18 7.0359e+18 2.6971e-02 0.0000e+00 1.6831e+05 0.0000e+00
4.3000e+02 1.0170e-11 4.0500e+00 1.8032e+03 5.9765e+03 5.7000e+03 2.9953e+20 6.8935e+18 6.8935e+18 2.7257e-02 0.0000e+00 1.6677e+05 0.0000e+00
4.4000e+02 1.0131e-11 3.9927e+00 1.8052e+03 5.9831e+03 5.7000e+03 2.8728e+20 6.7555e+18 6.7555e+18 2.7542e-02 0.0000e+00 1.6527e+05 0.0000e+00
4.5000e+02 1.0092e-11 3.9366e+00 1.8072e+03 5.9897e+03 5.7000e+03 2.7570e+20 6.6217e+18 6.6217e+18 2.7827e-02 0.0000e+00 1.6379e+05 0.0000e+00
4.6000e+02 1.0054e-11 3.8817e+00 1.8092e+03 5.9963e+03 5.7000e+03 2.6476e+20 6.4919e+18 6.4919e+18 2.8112e-02 0.0000e+00 1.6234e+05 0.0000e+00
4.7000e+02 1.0015e-11 3.8280e+00 1.8112e+03 6.0028e+03 5.7000e+03 2.5440e+20 6.3661e+18 6.3661e+18 2.8397e-02 0.0000e+00 1.6091e+05 0.0000e+00
4.8000e+02 9.9765e-12 3.7754e+00 1.8131e+03 6.0092e+03 5.7000e+03 2.4460e+20 6.2440e+18 6.2440e+18 2.8682e-02 0.0000e+00 1.5952e+05 0.0000e+00
4.9000e+02 9.9382e-12 3.7239e+00 1.8150e+03 6.0156e+03 5.7000e+03 2.3532e+20 6.1255e+18 6.1255e+18 2.8967e-02 0.0000e+00 1.5815e+05 0.0000e+00
5.0000e+02 9.9000e-12 3.6736e+00 1.8170e+03 6.0220e+03 5.7000e+03 2.2652e+20 6.0106e+18 6.0106e+18 2.9251e-02 0.0000e+00 1.5681e+05 0.0000e+00
5.1000e+02 9.8620e-12 3.6242e+00 1.8189e+03 6.0282e+03 5.7000e+03 2.1817e+20 5.8990e+18 5.8990e+18 2.9536e-02 0.0000e+00 1.5549e+05 0.0000e+00
5.2000e+02 9.8241e-12 3.5759e+00 1.8207e+03 6.0345e+03 5.7000e+03 2.1025e+20 5.7906e+18 5.7906e+18 2.9820e-02 0.0000e+00 1.5420e+05 0.0000e+00
5.3000e+02 9.7864e-12 3.5287e+00 1.8226e+03 6.0406e+03 5.7000e+03 2.0273e+20 5.6855e+18 5.6855e+18 3.0103e-02 0.0000e+00 1.5293e+05 0.0000e+00
5.4000e+02 9.7488e-12 3.4824e+00 1.8244e+03 6.0467e+03 5.7000e+03 1.9559e+20 5.5833e+18 5.5833e+18 3.0386e-02 0.0000e+00 1.5169e+05 0.0000e+00
5.5000e+02 9.7114e-12 3.4370e+00 1.8263e+03 6.0528e+03 5.7000e+03 1.8880e+20 5.4841e+18 5.4841e+18 3.0669e-02 0.0000e+00 1.5047e+05 0.0000e+00
5.6000e+02 9.6741e-12 3.3926e+00 1.8281e+03 6.0588e+03 5.7000e+03 1.8234e+20 5.3878e+18 5.3878e+18 3.0951e-02 0.0000e+00 1.4927e+05 0.0000e+00
5.7000e+02 9.6370e-12 3.3491e+00 1.8299e+03 6.0647e+03 5.7000e+03 1.7619e+20 5.2941e+18 5.2941e+18 3.1233e-02 0.0000e+00 1.4810e+05 0.0000e+00
5.8000e+02 9.6000e-12 3.3065e+00 1.8316e+03 6.0706e+03 5.7000e+03 1.7034e+20 5.2031e+18 5.2031e+18 3.1514e-02 0.0000e+00 1.4695e+05 0.0000e+00
5.9000e+02 9.5631e-12 3.2647e+00 1.8334e+03 6.0764e+03 5.7000e+03 1.6477e+20 5.1147e+18 5.1147e+18 3.1795e-02 0.0000e+00 1.4582e+05 0.0000e+00
6.0000e+02 9.5264e-12 3.2238e+00 1.8351e+03 6.0822e+03 5.7000e+03 1.5945e+20 5.0288e+18 5.0288e+18 3.2075e-02 0.0000e+00 1.4471e+05 0.0000e+00
6.1000e+02 9.4898e-12 3.1837e+00 1.8369e+03 6.0879e+03 5.7000e+03 1.5438e+20 4.9452e+18 4.9452e+18 3.2354e-02 0.0000e+00 1.4362e+05 0.0000e+00
6.2000e+02 9.4533e-12 3.1444e+00 1.8386e+03 6.0936e+03 5.7000e+03 1.4955e+20 4.8640e+18 4.8640e+18 3.2632e-02 0.0000e+00 1.4255e+05 0.0000e+00
6.3000e+02 9.4170e-12 3.1058e+00 1.8403e+03 6.0992e+03 5.7000e+03 1.4493e+20 4.7850e+18 4.7850e+18 3.2910e-02 0.0000e+00 1.4150e+05 0.0000e+00
6.4000e+02 9.3809e-12 3.0681e+00 1.8420e+03 6.1048e+03 5.7000e+03 1.4052e+20 4.7081e+18 4.7081e+18 3.3187e-02 0.0000e+00 1.4047e+05 0.0000e+00
6.5000e+02 9.3449e-12 3.0311e+00 1.8436e+03 6.1103e+03 5.7000e+03 1.3631e+20 4.6334e+18 4.6334e+18 3.3464e-02 0.0000e+00 1.3946e+05 0.0000e+00
6.6000e+02 9.3090e-12 2.9948e+00 1.8453e+03 6.1158e+03 5.7000e+03 1.3228e+20 4.5606e+18 4.5606e+18 3.3739e-02 0.0000e+00 1.3847e+05 0.0000e+00
6.7000e+02 9.2732e-12 2.9592e+00 1.8469e+03 6.1212e+03 5.7000e+03 1.2843e+20 4.4899e+18 4.4899e+18 3.4014e-02 0.0000e+00 1.3749e+05 0.0000e+00
6.8000e+02 9.2376e-12 2.9243e+00 1.8485e+03 6.1265e+03 5.7000e+03 1.2475e+20 4.4210e+18 4.4210e+18 3.4287e-02 0.0000e+00 1.3654e+05 0.0000e+00
6.9000e+02 9.2021e-12 2.8901e+00 1.8501e+03 6.1318e+03 5.7000e+03 1.2122e+20 4.3540e+18 4.3540e+18 3.4560e-02 0.0000e+00 1.3560e+05 0.0000e+00
7.0000e+02 9.1668e-12 2.8565e+00 1.8517e+03 6.1370e+03 5.7000e+03 1.1784e+20 4.2887e+18 4.2887e+18 3.4832e-02 0.0000e+00 1.3468e+05 0.0000e+00
7.1000e+02 9.1316e-12 2.8236e+00 1.8532e+03 6.1422e+03 5.7000e+03 1.1461e+20 4.2252e+18 4.2252e+18 3.5102e-02 0.0000e+00 1.3377e+05 0.0000e+00
7.2000e+02 9.0965e-12 2.7913e+00 1.8548e+03 6.1474e+03 5.7000e+03 1.1151e+20 4.1633e+18 4.1633e+18 3.5372e-02 0.0000e+00 1.3288e+05 0.0000e+00
7.3000e+02 9.0616e-12 2.7597e+00 1.8563e+03 6.1525e+03 5.7000e+03 1.0853e+20 4.1031e+18 4.1031e+18 3.5641e-02 0.0000e+00 1.3201e+05 0.0000e+00
7.4000e+02 9.0268e-12 2.7286e+00 1.8578e+03 6.1575e+03 5.7000e+03 1.0568e+20 4.0444e+18 4.0444e+18 3.5908e-02 0.0000e+00 1.3116e+05 0.0000e+00
7.5000e+02 8.9922e-12 2.6981e+00 1.8594e+03 6.1625e+03 5.7000e+03 1.0294e+20 3.9873e+18 3.9873e+18 3.6174e-02 0.0000e+00 1.3031e+05 0.0000e+00
7.6000e+02 8.9576e-12 2.6682e+00 1.8608e+03 6.1674e+03 5.7000e+03 1.0031e+20 3.9316e+18 3.9316e+18 3.6439e-02 0.0000e+00 1.2949e+05 0.0000e+00
7.7000e+02 8.9232e-12 2.6388e+00 1.8623e+03 6.1723e+03 5.7000e+03 9.7792e+19 3.8774e+18 3.8774e+18 3.6703e-02 0.0000e+00 1.2868e+05 0.0000e+00
7.8000e+02 8.8890e-12 2.6100e+00 1.8638e+03 6.1771e+03 5.7000e+03 9.5368e+19 3.8245e+18 3.8245e+18 3.6966e-02 0.0000e+00 1.2788e+05 0.0000e+00
7.9000e+02 8.8548e-12 2.5818e+00 1.8652e+03 6.1819e+03 5.7000e+03 9.3038e+19 3.7730e+18 3.7730e+18 3.7227e-02 0.0000e+00 1.2710e+05 0.0000e+00
8.0000e+02 8.8208e-12 2.5540e+00 1.8666e+03 6.1866e+03 5.7000e+03 9.0798e+19 3.7229e+18 3.7229e+18 3.7488e-02 0.0000e+00 1.2633e+05 0.0000e+00
8.1000e+02 8.7870e-12 2.5267e+00 1.8680e+03 6.1913e+03 5.7000e+03 8.8645e+19 3.6739e+18 3.6739e+18 3.7746e-02 0.0000e+00 1.2558e+05 0.0000e+00
8.2000e+02 8.7532e-12 2.5000e+00 1.8694e+03 6.1959e+03 5.7000e+03 8.6572e+19 3.6262e+18 3.6262e+18 3.8004e-02 0.0000e+00 1.2484e+05 0.0000e+00
8.3000e+02 8.7196e-12 2.4737e+00 1.8708e+03 6.2005e+03 5.7000e+03 8.4578e+19 3.5797e+18 3.5797e+18 3.8260e-02 0.0000e+00 1.2411e+05 0.0000e+00
8.4000e+02 8.6861e-12 2.4479e+00 1.8722e+03 6.2050e+03 5.7000e+03 8.2659e+19 3.5344e+18 3.5344e+18 3.8514e-02 0.0000e+00 1.2340e+05 0.0000e+00
8.5000e+02 8.6528e-12 2.4226e+00 1.8735e+03 6.2095e+03 5.7000e+03 8.0810e+19 3.4902e+18 3.4902e+18 3.8768e-02 0.0000e+00 1.2270e+05 0.0000e+00
8.6000e+02 8.6195e-12 2.3977e+00 1.8749e+03 6.2139e+03 5.7000e+03 7.9029e+19 3.4470e+18 3.4470e+18 3.9019e-02 0.0000e+00 1.2201e+05 0.0000e+00
8.7000e+02 8.5864e-12 2.3733e+00 1.8762e+03 6.2183e+03 5.7000e+03 7.7313e+19 3.4050e+18 3.4050e+18 3.9269e-02 0.0000e+00 1.2133e+05 0.0000e+00
8.8000e+02 8.5535e-12 2.3493e+00 1.8775e+03 6.2226e+03 5.7000e+03 7.5658e+19 3.3639e+18 3.3639e+18 3.9518e-02 0.0000e+00 1.2067e+05 0.0000e+00
8.9000e+02 8.5206e-12 2.3258e+00 1.8788e+03 6.2269e+03 5.7000e+03 7.4063e+19 3.3239e+18 3.3239e+18 3.9765e-02 0.0000e+00 1.2001e+05 0.0000e+00
9.0000e+02 8.4879e-12 2.3026e+00 1.8801e+03 6.2311e+03 5.7000e+03 7.2525e+19 3.2849e+18 3.2849e+18 4.0011e-02 0.0000e+00 1.1937e+05 0.0000e+00
9.1000e+02 8.4553e-12 2.2799e+00 1.8813e+03 6.2353e+03 5.7000e+03 7.1040e+19 3.2467e+18 3.2467e+18 4.0255e-02 0.0000e+00 1.1874e+05 0.0000e+00
9.2000e+02 8.4228e-12 2.2575e+00 1.8826e+03 6.2394e+03 5.7000e+03 6.9608e+19 3.2096e+18 3.2096e+18 4.0497e-02 0.0000e+00 1.1812e+05 0.0000e+00
9.3000e+02 8.3905e-12 2.2355e+00 1.8838e+03 6.2435e+03 5.7000e+03 6.8225e+19 3.1733e+18 3.1733e+18 4.0738e-02 0.0000e+00 1.1752e+05 0.0000e+00
9.4000e+02 8.3583e-12 2.2140e+00 1.8850e+03 6.2476e+03 5.7000e+03 6.6890e+19 3.1379e+18 3.1379e+18 4.0977e-02 0.0000e+00 1.1692e+05 0.0000e+00
9.5000e+02 8.3262e-12 2.1928e+00 1.8862e+03 6.2515e+03 5.7000e+03 6.5600e+19 3.1033e+18 3.1033e+18 4.1215e-02 0.0000e+00 1.1633e+05 0.0000e+00
9.6000e+02 8.2942e-12 2.1719e+00 1.8874e+03 6.2555e+03 5.7000e+03 6.4354e+19 3.0695e+18 3.0695e+18 4.1450e-02 0.0000e+00 1.1576e+05 0.0000e+00
9.7000e+02 8.2624e-12 2.1514e+00 1.8886e+03 6.2594e+03 5.7000e+03 6.3150e+19 3.0366e+18 3.0366e+18 4.1684e-02 0.0000e+00 1.1519e+05 0.0000e+00
9.8000e+02 8.2306e-12 2.1313e+00 1.8898e+03 6.2632e+03 5.7000e+03 6.1986e+19 3.0044e+18 3.0044e+18 4.1917e-02 0.0000e+00 1.1464e+05 0.0000e+00
9.9000e+02 8.1990e-12 2.1115e+00 1.8909e+03 6.2670e+03 5.7000e+03 6.0860e+19 2.9730e+18 2.9730e+18 4.2147e-02 0.0000e+00 1.1409e+05 0.0000e+00
1.0000e+03 8.1675e-12 2.0920e+00 1.8920e+03 6.2708e+03 5.7000e+03 5.9772e+19 2.9423e+18 2.9423e+18 4.2376e-02 0.0000e+00 1.1356e+05 0.0000e+00
1.0100e+03 8.1362e-12 2.0729e+00 1.8932e+03 6.2745e+03 5.7000e+03 5.8719e+19 2.9124e+18 2.9124e+18 4.2603e-02 0.0000e+00 1.1303e+05 0.0000e+00
1.0200e+03 8.1049e-12 2.0541e+00 1.8943e+03 6.2782e+03 5.7000e+03 5.7701e+19 2.8831e+18 2.8831e+18 4.2828e-02 0.0000e+00 1.1252e+05 0.0000e+00
1.0300e+03 8.0738e-12 2.0356e+00 1.8954e+03 6.2818e+03 5.7000e+03 5.6715e+19 2.8546e+18 2.8546e+18 4.3051e-02 0.0000e+00 1.1201e+05 0.0000e+00
1.0400e+03 8.0428e-12 2.0174e+00 1.8964e+03 6.2854e+03 5.7000e+03 5.5761e+19 2.8267e+18 2.8267e+18 4.3273e-02 0.0000e+00 1.1151e+05 0.0000e+00
1.0500e+03 8.0119e-12 1.9995e+00 1.8975e+03 6.2889e+03 5.7000e+03 5.4837e+19 2.7994e+18 2.7994e+18 4.3492e-02 0.0000e+00 1.1102e+05 0.0000e+00
1.0600e+03 7.9812e-12 1.9819e+00 1.8986e+03 6.2924e+03 5.7000e+03 5.3942e+19 2.7728e+18 2.7728e+18 4.3710e-02 0.0000e+00 1.1054e+05 0.0000e+00
1.0700e+03 7.9505e-12 1.9646e+00 1.8996e+03 6.2959e+03 5.7000e+03 5.3075e+19 2.7468e+18 2.7468e+18 4.3926e-02 0.0000e+00 1.1007e+05 0.0000e+00
1.0800e+03 7.9200e-12 1.9476e+00 1.9006e+03 6.2993e+03 5.7000e+03 5.2235e+19 2.7214e+18 2.7214e+18 4.4140e-02 0.0000e+00 1.0960e+05 0.0000e+00
1.0900e+03 7.8896e-12 1.9308e+00 1.9016e+03 6.3026e+03 5.7000e+03 5.1422e+19 2.6966e+18 2.6966e+18 4.4352e-02 0.0000e+00 1.0915e+05 0.0000e+00
1.1000e+03 7.8593e-12 1.9143e+00 1.9026e+03 6.3059e+03 5.7000e+03 5.0633e+19 2.6723e+18 2.6723e+18 4.4562e-02 0.0000e+00 1.0870e+05 0.0000e+00
1.1100e+03 7.8291e-12 1.8981e+00 1.9036e+03 6.3092e+03 5.7000e+03 4.9869e+19 2.6486e+18 2.6486e+18 4.4770e-02 0.0000e+00 1.0826e+05 0.0000e+00
1.1200e+03 7.7990e-12 1.8822e+00 1.9046e+03 6.3124e+03 5.7000e+03 4.9128e+19 2.6254e+18 2.6254e+18 4.4976e-02 0.0000e+00 1.0783e+05 0.0000e+00
1.1300e+03 7.7691e-12 1.8665e+00 1.9056e+03 6.3156e+03 5.7000e+03 4.8409e+19 2.6028e+18 2.6028e+18 4.5180e-02 0.0000e+00 1.0741e+05 0.0000e+00
1.1400e+03 7.7392e-12 1.8510e+00 1.9065e+03 6.3187e+03 5.7000e+03 4.7712e+19 2.5807e+18 2.5807e+18 4.5382e-02 0.0000e+00 1.0699e+05 0.0000e+00
1.1500e+03 7.7095e-12 1.8358e+00 1.9074e+03 6.3218e+03 5.7000e+03 4.7035e+19 2.5591e+18 2.5591e+18 4.5582e-02 0.0000e+00 1.0658e+05 0.0000e+00
1.1600e+03 7.6799e-12 1.8209e+00 1.9084e+03 6.3249e+03 5.7000e+03 4.6379e+19 2.5380e+18 2.5380e+18 4.5780e-02 0.0000e+00 1.0618e+05 0.0000e+00
1.1700e+03 7.6504e-12 1.8061e+00 1.9093e+03 6.3279e+03 5.7000e+03 4.5742e+19 2.5173e+18 2.5173e+18 4.5976e-02 0.0000e+00 1.0579e+05 0.0000e+00
1.1800e+03 7.6211e-12 1.7916e+00 1.9102e+03 6.3309e+03 5.7000e+03 4.5124e+19 2.4971e+18 2.4971e+18 4.6170e-02 0.0000e+00 1.0540e+05 0.0000e+00
1.1900e+03 7.5918e-12 1.7774e+00 1.9111e+03 6.3338e+03 5.7000e+03 4.4524e+19 2.4774e+18 2.4774e+18 4.6362e-02 0.0000e+00 1.0502e+05 0.0000e+00
1.2000e+03 7.5626e-12 1.7633e+00 1.9119e+03 6.3367e+03 5.7000e+03 4.3942e+19 2.4581e+18 2.4581e+18 4.6552e-02 0.0000e+00 1.0465e+05 0.0000e+00
1.2100e+03 7.5336e-12 1.7495e+00 1.9128e+03 6.3396e+03 5.7000e+03 4.3376e+19 2.4393e+18 2.4393e+18 4.6740e-02 0.0000e+00 1.0429e+05 0.0000e+00
1.2200e+03 7.5047e-12 1.7359e+00 1.9136e+03 6.3424e+03 5.7000e+03 4.2827e+19 2.4209e+18 2.4209e+18 4.6926e-02 0.0000e+00 1.0393e+05 0.0000e+00
1.2300e+03 7.4758e-12 1.7224e+00 1.9145e+03 6.3451e+03 5.7000e+03 4.2294e+19 2.4029e+18 2.4029e+18 4.7110e-02 0.0000e+00 1.0357e+05 0.0000e+00
1.2400e+03 7.4471e-12 1.7092e+00 1.9153e+03 6.3479e+03 5.7000e+03 4.1775e+19 2.3853e+18 2.3853e+18 4.7292e-02 0.0000e+00 1.0323e+05 0.0000e+00
1.2500e+03 7.4185e-12 1.6962e+00 1.9161e+03 6.3506e+03 5.7000e+03 4.1272e+19 2.3681e+18 2.3681e+18 4.7471e-02 0.0000e+00 1.0289e+05 0.0000e+00
1.2600e+03 7.3901e-12 1.6834e+00 1.9169e+03 6.3532e+03 5.7000e+03 4.0783e+19 2.3513e+18 2.3513e+18 4.7649e-02 0.0000e+00 1.0256e+05 0.0000e+00
1.2700e+03 7.3617e-12 1.6708e+00 1.9177e+03 6.3558e+03 5.7000e+03 4.0308e+19 2.3348e+18 2.3348e+18 4.7825e-02 0.0000e+00 1.0223e+05 0.0000e+00
1.2800e+03 7.3334e-12 1.6584e+00 1.9185e+03 6.3584e+03 5.7000e+03 3.9846e+19 2.3188e+18 2.3188e+18 4.7998e-02 0.0000e+00 1.0191e+05 0.0000e+00
1.2900e+03 7.3052e-12 1.6461e+00 1.9192e+03 6.3609e+03 5.7000e+03 3.9397e+19 2.3031e+18 2.3031e+18 4.8169e-02 0.0000e+00 1.0159e+05 0.0000e+00
1.3000e+03 7.2772e-12 1.6341e+00 1.9200e+03 6.3634e+03 5.7000e+03 3.8960e+19 2.2877e+18 2.2877e+18 4.8338e-02 0.0000e+00 1.0129e+05 0.0000e+00
1.3100e+03 7.2493e-12 1.6222e+00 1.9207e+03 6.3659e+03 5.7000e+03 3.8536e+19 2.2727e+18 2.2727e+18 4.8506e-02 0.0000e+00 1.0098e+05 0.0000e+00
1.3200e+03 7.2214e-12 1.6105e+00 1.9215e+03 6.3683e+03 5.7000e+03 3.8124e+19 2.2580e+18 2.2580e+18 4.8671e-02 0.0000e+00 1.0068e+05 0.0000e+00
1.3300e+03 7.1937e-12 1.5989e+00 1.9222e+03 6.3707e+03 5.7000e+03 3.7722e+19 2.2437e+18 2.2437e+18 4.8833e-02 0.0000e+00 1.0039e+05 0.0000e+00
1.3400e+03 7.1661e-12 1.5876e+00 1.9229e+03 6.3731e+03 5.7000e+03 3.7332e+19 2.2297e+18 2.2297e+18 4.8994e-02 0.0000e+00 1.0011e+05 0.0000e+00
1.3500e+03 7.1385e-12 1.5764e+00 1.9236e+03 6.3754e+03 5.7000e+03 3.6953e+19 2.2160e+18 2.2160e+18 4.9153e-02 0.0000e+00 9.9827e+04 0.0000e+00
1.3600e+03 7.1111e-12 1.5653e+00 1.9243e+03 6.3776e+03 5.7000e+03 3.6584e+19 2.2026e+18 2.2026e+18 4.9309e-02 0.0000e+00 9.9552e+04 0.0000e+00
1.3700e+03 7.0838e-12 1.5545e+00 1.9249e+03 6.3799e+03 5.7000e+03 3.6226e+19 2.1895e+18 2.1895e+18 4.9464e-02 0.0000e+00 9.9282e+04 0.0000e+00
1.3800e+03 7.0566e-12 1.5437e+00 1.9256e+03 6.3821e+03 5.7000e+03 3.5877e+19 2.1767e+18 2.1767e+18 4.9616e-02 0.0000e+00 9.9017e+04 0.0000e+00
1.3900e+03 7.0295e-12 1.5332e+00 1.9263e+03 6.3842e+03 5.7000e+03 3.5537e+19 2.1642e+18 2.1642e+18 4.9766e-02 0.0000e+00 9.8758e+04 0.0000e+00
1.4000e+03 7.0025e-12 1.5227e+00 1.9269e+03 6.3864e+03 5.7000e+03 3.5207e+19 2.1520e+18 2.1520e+18 4.9914e-02 0.0000e+00 9.8503e+04 0.0000e+00
1.4100e+03 6.9756e-12 1.5125e+00 1.9275e+03 6.3885e+03 5.7000e+03 3.4886e+19 2.1401e+18 2.1401e+18 5.0060e-02 0.0000e+00 9.8254e+04 0.0000e+00
1.4200e+03 6.9489e-12 1.5024e+00 1.9282e+03 6.3905e+03 5.7000e+03 3.4573e+19 2.1284e+18 2.1284e+18 5.0204e-02 0.0000e+00 9.8010e+04 0.0000e+00
1.4300e+03 6.9222e-12 1.4924e+00 1.9288e+03 6.3925e+03 5.7000e+03 3.4269e+19 2.1170e+18 2.1170e+18 5.0346e-02 0.0000e+00 9.7770e+04 0.0000e+00
1.4400e+03 6.8956e-12 1.4825e+00 1.9294e+03 6.3945e+03 5.7000e+03 3.3974e+19 2.1059e+18 2.1059e+18 5.0485e-02 0.0000e+00 9.7535e+04 0.0000e+00
1.4500e+03 6.8691e-12 1.4728e+00 1.9300e+03 6.3965e+03 5.7000e+03 3.3686e+19 2.0950e+18 2.0950e+18 5.0623e-02 0.0000e+00 9.7305e+04 0.0000e+00
1.4600e+03 6.8427e-12 1.4633e+00 1.9305e+03 6.3984e+03 5.7000e+03 3.3406e+19 2.0843e+18 2.0843e+18 5.0758e-02 0.0000e+00 9.7080e+04 0.0000e+00
1.4700e+03 6.8165e-12 1.4538e+00 1.9311e+03 6.4003e+03 5.7000e+03 3.3133e+19 2.0740e+18 2.0740e+18 5.0892e-02 0.0000e+00 9.6859e+04 0.0000e+00
1.4800e+03 6.7903e-12 1.4445e+00 1.9317e+03 6.4022e+03 5.7000e+03 3.2868e+19 2.0638e+18 2.0638e+18 5.1023e-02 0.0000e+00 9.6643e+04 0.0000e+00
1.4900e+03 6.7642e-12 1.4353e+00 1.9322e+03 6.4040e+03 5.7000e+03 3.2611e+19 2.0539e+18 2.0539e+18 5.1152e-02 0.0000e+00 9.6431e+04 0.0000e+00
1.5000e+03 6.7382e-12 1.4263e+00 1.9328e+03 6.4058e+03 5.7000e+03 3.2360e+19 2.0442e+18 2.0442e+18 5.1279e-02 0.0000e+00 9.6224e+04 0.0000e+00
1.5100e+03 6.7124e-12 1.4173e+00 1.9333e+03 6.4075e+03 5.7000e+03 3.2116e+19 2.0348e+18 2.0348e+18 5.1404e-02 0.0000e+00 9.6021e+04 0.0000e+00
1.5200e+03 6.6866e-12 1.4085e+00 1.9338e+03 6.4092e+03 5.7000e+03 3.1878e+19 2.0256e+18 2.0256e+18 5.1527e-02 0.0000e+00 9.5822e+04 0.0000e+00
1.5300e+03 6.6609e-12 1.3998e+00 1.9343e+03 6.4109e+03 5.7000e+03 3.1647e+19 2.0166e+18 2.0166e+18 5.1648e-02 0.0000e+00 9.5628e+04 0.0000e+00
1.5400e+03 6.6353e-12 1.3913e+00 1.9348e+03 6.4126e+03 5.7000e+03 3.1422e+19 2.0078e+18 2.0078e+18 5.1766e-02 0.0000e+00 9.5437e+04 0.0000e+00
1.5500e+03 6.6098e-12 1.3828e+00 1.9353e+03 6.4142e+03 5.7000e+03 3.1204e+19 1.9992e+18 1.9992e+18 5.1883e-02 0.0000e+00 9.5251e+04 0.0000e+00
1.5600e+03 6.5845e-12 1.3745e+00 1.9358e+03 6.4158e+03 5.7000e+03 3.0991e+19 1.9908e+18 1.9908e+18 5.1998e-02 0.0000e+00 9.5069e+04 0.0000e+00
1.5700e+03 6.5592e-12 1.3662e+00 1.9363e+03 6.4174e+03 5.7000e+03 3.0784e+19 1.9826e+18 1.9826e+18 5.2110e-02 0.0000e+00 9.4891e+04 0.0000e+00
1.5800e+03 6.5340e-12 1.3581e+00 1.9367e+03 6.4189e+03 5.7000e+03 3.0583e+19 1.9747e+18 1.9747e+18 5.2221e-02 0.0000e+00 9.4717e+04 0.0000e+00
1.5900e+03 6.5089e-12 1.3501e+00 1.9372e+03 6.4204e+03 5.7000e+03 3.0387e+19 1.9669e+18 1.9669e+18 5.2329e-02 0.0000e+00 9.4546e+04 0.0000e+00
1.6000e+03 6.4839e-12 1.3422e+00 1.9376e+03 6.4219e+03 5.7000e+03 3.0197e+19 1.9593e+18 1.9593e+18 5.2436e-02 0.0000e+00 9.4380e+04 0.0000e+00
1.6100e+03 6.4590e-12 1.3344e+00 1.9381e+03 6.4233e+03 5.7000e+03 3.0012e+19 1.9519e+18 1.9519e+18 5.2540e-02 0.0000e+00 9.4217e+04 0.0000e+00
1.6200e+03 6.4342e-12 1.3267e+00 1.9385e+03 6.4247e+03 5.7000e+03 2.9832e+19 1.9447e+18 1.9447e+18 5.2642e-02 0.0000e+00 9.4058e+04 0.0000e+00
1.6300e+03 6.4095e-12 1.3190e+00 1.9389e+03 6.4261e+03 5.7000e+03 2.9657e+19 1.9376e+18 1.9376e+18 5.2743e-02 0.0000e+00 9.3903e+04 0.0000e+00
1.6400e+03 6.3849e-12 1.3115e+00 1.9393e+03 6.4274e+03 5.7000e+03 2.9487e+19 1.9308e+18 1.9308e+18 5.2841e-02 0.0000e+00 9.3751e+04 0.0000e+00
1.6500e+03 6.3604e-12 1.3041e+00 1.9397e+03 6.4288e+03 5.7000e+03 2.9322e+19 1.9241e+18 1.9241e+18 5.2938e-02 0.0000e+00 9.3603e+04 0.0000e+00
1.6600e+03 6.3359e-12 1.2968e+00 1.9401e+03 6.4301e+03 5.7000e+03 2.9162e+19 1.9176e+18 1.9176e+18 5.3032e-02 0.0000e+00 9.3458e+04 0.0000e+00
1.6700e+03 6.3116e-12 1.2896e+00 1.9405e+03 6.4313e+03 5.7000e+03 2.9006e+19 1.9113e+18 1.9113e+18 5.3124e-02 0.0000e+00 9.3317e+04 0.0000e+00
1.6800e+03 6.2874e-12 1.2824e+00 1.9408e+03 6.4326e+03 5.7000e+03 2.8854e+19 1.9051e+18 1.9051e+18 5.3215e-02 0.0000e+00 9.3179e+04 0.0000e+00
1.6900e+03 6.2632e-12 1.2754e+00 1.9412e+03 6.4338e+03 5.7000e+03 2.8707e+19 1.8991e+18 1.8991e+18 5.3303e-02 0.0000e+00 9.3045e+04 0.0000e+00
1.7000e+03 6.2392e-12 1.2684e+00 1.9416e+03 6.4349e+03 5.7000e+03 2.8564e+19 1.8932e+18 1.8932e+18 5.3390e-02 0.0000e+00 9.2914e+04 0.0000e+00
1.7100e+03 6.2152e-12 1.2616e+00 1.9419e+03 6.4361e+03 5.7000e+03 2.8426e+19 1.8875e+18 1.8875e+18 5.3474e-02 0.0000e+00 9.2787e+04 0.0000e+00
1.7200e+03 6.1914e-12 1.2548e+00 1.9422e+03 6.4372e+03 5.7000e+03 2.8291e+19 1.8820e+18 1.8820e+18 5.3557e-02 0.0000e+00 9.2663e+04 0.0000e+00
1.7300e+03 6.1676e-12 1.2481e+00 1.9426e+03 6.4383e+03 5.7000e+03 2.8160e+19 1.8766e+18 1.8766e+18 5.3638e-02 0.0000e+00 9.2542e+04 0.0000e+00
1.7400e+03 6.1439e-12 1.2415e+00 1.9429e+03 6.4394e+03 5.7000e+03 2.8034e+19 1.8714e+18 1.8714e+18 5.3717e-02 0.0000e+00 9.2424e+04 0.0000e+00
1.7500e+03 6.1203e-12 1.2349e+00 1.9432e+03 6.4404e+03 5.7000e+03 2.7911e+19 1.8663e+18 1.8663e+18 5.3794e-02 0.0000e+00 9.2309e+04 0.0000e+00
1.7600e+03 6.0968e-12 1.2285e+00 1.9435e+03 6.4414e+03 5.7000e+03 2.7792e+19 1.8614e+18 1.8614e+18 5.3869e-02 0.0000e+00 9.2197e+04 0.0000e+00
1.7700e+03 6.0734e-12 1.2221e+00 1.9438e+03 6.4424e+03 5.7000e+03 2.7676e+19 1.8566e+18 1.8566e+18 5.3942e-02 0.0000e+00 9.2089e+04 0.0000e+00
1.7800e+03 6.0501e-12 1.2158e+00 1.9441e+03 6.4434e+03 5.7000e+03 2.7565e+19 1.8519e+18 1.8519e+18 5.4013e-02 0.0000e+00 9.1984e+04 0.0000e+00
1.7900e+03 6.0268e-12 1.2096e+00 1.9444e+03 6.4443e+03 5.7000e+03 2.7456e+19 1.8474e+18 1.8474e+18 5.4083e-02 0.0000e+00 9.1881e+04 0.0000e+00
1.8000e+03 6.0037e-12 1.2034e+00 1.9447e+03 6.4452e+03 5.7000e+03 2.7351e+19 1.8430e+18 1.8430e+18 5.4150e-02 0.0000e+00 9.1782e+04 0.0000e+00
1.8100e+03 5.9806e-12 1.1973e+00 1.9449e+03 6.4461e+03 5.7000e+03 2.7250e+19 1.8388e+18 1.8388e+18 5.4216e-02 0.0000e+00 9.1685e+04 0.0000e+00
1.8200e+03 5.9577e-12 1.1913e+00 1.9452e+03 6.4470e+03 5.7000e+03 2.7152e+19 1.8347e+18 1.8347e+18 5.4280e-02 0.0000e+00 9.1591e+04 0.0000e+00
1.8300e+03 5.9348e-12 1.1854e+00 1.9454e+03 6.4478e+03 5.7000e+03 2.7057e+19 1.8307e+18 1.8307e+18 5.4342e-02 0.0000e+00 9.1500e+04 0.0000e+00
1.8400e+03 5.9120e-12 1.1795e+00 1.9457e+03 6.4486e+03 5.7000e+03 2.6965e+19 1.8268e+18 1.8268e+18 5.4402e-02 0.0000e+00 9.1412e+04 0.0000e+00
1.8500e+03 5.8893e-12 1.1738e+00 1.9459e+03 6.4494e+03 5.7000e+03 2.6876e+19 1.8231e+18 1.8231e+18 5.4461e-02 0.0000e+00 9.1327e+04 0.0000e+00
1.8600e+03 5.8667e-12 1.1680e+00 1.9462e+03 6.4501e+03 5.7000e+03 2.6791e+19 1.8195e+18 1.8195e+18 5.4518e-02 0.0000e+00 9.1245e+04 0.0000e+00
1.8700e+03 5.8442e-12 1.1624e+00 1.9464e+03 6.4509e+03 5.7000e+03 2.6708e+19 1.8160e+18 1.8160e+18 5.4573e-02 0.0000e+00 9.1165e+04 0.0000e+00
1.8800e+03 5.8217e-12 1.1568e+00 1.9466e+03 6.4516e+03 5.7000e+03 2.6629e+19 1.8127e+18 1.8127e+18 5.4626e-02 0.0000e+00 9.1088e+04 0.0000e+00
1.8900e+03 5.7994e-12 1.1513e+00 1.9468e+03 6.4523e+03 5.7000e+03 2.6552e+19 1.8094e+18 1.8094e+18 5.4677e-02 0.0000e+00 9.1014e+04 0.0000e+00
1.9000e+03 5.7771e-12 1.1458e+00 1.9470e+03 6.4529e+03 5.7000e+03 2.6479e+19 1.8063e+18 1.8063e+18 5.4727e-02 0.0000e+00 9.0942e+04 0.0000e+00
1.9100e+03 5.7549e-12 1.1404e+00 1.9472e+03 6.4536e+03 5.7000e+03 2.6408e+19 1.8033e+18 1.8033e+18 5.4775e-02 0.0000e+00 9.0873e+04 0.0000e+00
1.9200e+03 5.7328e-12 1.1350e+00 1.9474e+03 6.4542e+03 5.7000e+03 2.6339e+19 1.8004e+18 1.8004e+18 5.4822e-02 0.0000e+00 9.0806e+04 0.0000e+00
1.9300e+03 5.7108e-12 1.1298e+00 1.9476e+03 6.4548e+03 5.7000e+03 2.6274e+19 1.7976e+18 1.7976e+18 5.4866e-02 0.0000e+00 9.0742e+04 0.0000e+00
1.9400e+03 5.6889e-12 1.1246e+00 1.9477e+03 6.4554e+03 5.7000e+03 2.6211e+19 1.7949e+18 1.7949e+18 5.4909e-02 0.0000e+00 9.0680e+04 0.0000e+00
1.9500e+03 5.6670e-12 1.1194e+00 1.9479e+03 6.4559e+03 5.7000e+03 2.6151e+19 1.7924e+18 1.7924e+18 5.4950e-02 0.0000e+00 9.0621e+04 0.0000e+00
1.9600e+03 5.6453e-12 1.1143e+00 1.9481e+03 6.4564e+03 5.7000e+03 2.6093e+19 1.7899e+18 1.7899e+18 5.4990e-02 0.0000e+00 9.0565e+04 0.0000e+00
1.9700e+03 5.6236e-12 1.1092e+00 1.9482e+03 6.4569e+03 5.7000e+03 2.6038e+19 1.7876e+18 1.7876e+18 5.5028e-02 0.0000e+00 9.0510e+04 0.0000e+00
1.9800e+03 5.6020e-12 1.1043e+00 1.9483e+03 6.4574e+03 5.7000e+03 2.5986e+19 1.7853e+18 1.7853e+18 5.5064e-02 0.0000e+00 9.0459e+04 0.0000e+00
1.9900e+03 5.5805e-12 1.0993e+00 1.9485e+03 6.4579e+03 5.7000e+03 2.5936e+19 1.7832e+18 1.7832e+18 5.5099e-02 0.0000e+00 9.0409e+04 0.0000e+00
2.0000e+03 5.5591e-12 1.0944e+00 1.9486e+03 6.4583e+03 5.7000e+03 2.5888e+19 1.7812e+18 1.7812e+18 5.5132e-02 0.0000e+00 9.0362e+04 0.0000e+00
2.0100e+03 5.5377e-12 1.0896e+00 1.9487e+03 6.4587e+03 5.7000e+03 2.5843e+19 1.7792e+18 1.7792e+18 5.5164e-02 0.0000e+00 9.0317e+04 0.0000e+00
2.0200e+03 5.5164e-12 1.0848e+00 1.9489e+03 6.4591e+03 5.7000e+03 2.5800e+19 1.7774e+18 1.7774e+18 5.5194e-02 0.0000e+00 9.0275e+04 0.0000e+00
2.0300e+03 5.4953e-12 1.0801e+00 1.9490e+03 6.4595e+03 5.7000e+03 2.5759e+19 1.7757e+18 1.7757e+18 5.5222e-02 0.0000e+00 9.0234e+04 0.0000e+00
2.0400e+03 5.4742e-12 1.0755e+00 1.9491e+03 6.4599e+03 5.7000e+03 2.5721e+19 1.7740e+18 1.7740e+18 5.5249e-02 0.0000e+00 9.0196e+04 0.0000e+00
2.0500e+03 5.4531e-12 1.0708e+00 1.9492e+03 6.4602e+03 5.7000e+03 2.5685e+19 1.7725e+18 1.7725e+18 5.5274e-02 0.0000e+00 9.0161e+04 0.0000e+00
2.0600e+03 5.4322e-12 1.0663e+00 1.9493e+03 6.4605e+03 5.7000e+03 2.5651e+19 1.7710e+18 1.7710e+18 5.5298e-02 0.0000e+00 9.0127e+04 0.0000e+00
2.0700e+03 5.4113e-12 1.0617e+00 1.9494e+03 6.4608e+03 5.7000e+03 2.5619e+19 1.7697e+18 1.7697e+18 5.5320e-02 0.0000e+00 9.0096e+04 0.0000e+00
2.0800e+03 5.3906e-12 1.0573e+00 1.9495e+03 6.4611e+03 5.7000e+03 2.5590e+19 1.7684e+18 1.7684e+18 5.5341e-02 0.0000e+00 9.0066e+04 0.0000e+00
2.0900e+03 5.3699e-12 1.0528e+00 1.9495e+03 6.4613e+03 5.7000e+03 2.5562e+19 1.7673e+18 1.7673e+18 5.5360e-02 0.0000e+00 9.0039e+04 0.0000e+00
2.1000e+03 5.3492e-12 1.0485e+00 1.9496e+03 6.4616e+03 5.7000e+03 2.5537e+19 1.7662e+18 1.7662e+18 5.5378e-02 0.0000e+00 9.0014e+04 0.0000e+00
2.1100e+03 5.3287e-12 1.0441e+00 1.9497e+03 6.4618e+03 5.7000e+03 2.5514e+19 1.7652e+18 1.7652e+18 5.5394e-02 0.0000e+00 8.9991e+04 0.0000e+00
2.1200e+03 5.3082e-12 1.0398e+00 1.9497e+03 6.4620e+03 5.7000e+03 2.5492e+19 1.7643e+18 1.7643e+18 5.5409e-02 0.0000e+00 8.9970e+04 0.0000e+00
2.1300e+03 5.2879e-12 1.0356e+00 1.9498e+03 6.4622e+03 5.7000e+03 2.5473e+19 1.7635e+18 1.7635e+18 5.5423e-02 0.0000e+00 8.9951e+04 0.0000e+00
2.1400e+03 5.2675e-12 1.0314e+00 1.9498e+03 6.4623e+03 5.7000e+03 2.5456e+19 1.7628e+18 1.7628e+18 5.5435e-02 0.0000e+00 8.9934e+04 0.0000e+00
2.1500e+03 5.2473e-12 1.0272e+00 1.9499e+03 6.4625e+03 5.7000e+03 2.5441e+19 1.7621e+18 1.7621e+18 5.5445e-02 0.0000e+00 8.9920e+04 0.0000e+00
2.1600e+03 5.2272e-12 1.0231e+00 1.9499e+03 6.4626e+03 5.7000e+03 2.5428e+19 1.7616e+18 1.7616e+18 5.5454e-02 0.0000e+00 8.9907e+04 0.0000e+00
2.1700e+03 5.2071e-12 1.0191e+00 1.9499e+03 6.4627e+03 5.7000e+03 2.5416e+19 1.7611e+18 1.7611e+18 5.5462e-02 0.0000e+00 8.9896e+04 0.0000e+00
2.1800e+03 5.1871e-12 1.0150e+00 1.9500e+03 6.4628e+03 5.7000e+03 2.5407e+19 1.7607e+18 1.7607e+18 5.5469e-02 0.0000e+00 8.9887e+04 0.0000e+00
2.1900e+03 5.1672e-12 1.0110e+00 1.9500e+03 6.4628e+03 5.7000e+03 2.5400e+19 1.7604e+18 1.7604e+18 5.5474e-02 0.0000e+00 8.9880e+04 0.0000e+00
2.2000e+03 5.1473e-12 1.0071e+00 1.9500e+03 6.4629e+03 5.7000e+03 2.5394e+19 1.7602e+18 1.7602e+18 5.5477e-02 0.0000e+00 8.9874e+04 0.0000e+00
2.2100e+03 5.1276e-12 1.0032e+00 1.9500e+03 6.4629e+03 5.7000e+03 2.5390e+19 1.7600e+18 1.7600e+18 5.5480e-02 0.0000e+00 8.9871e+04 0.0000e+00
2.2200e+03 5.1079e-12 9.9930e-01 1.9500e+03 6.4629e+03 5.7000e+03 2.5388e+19 1.7600e+18 1.7600e+18 5.5481e-02 0.0000e+00 8.9869e+04 0.0000e+00
2.2300e+03 5.0883e-12 9.9547e-01 1.9500e+03 6.4629e+03 5.7000e+03 2.5388e+19 1.7600e+18 1.7600e+18 5.5481e-02 0.0000e+00 8.9870e+04 0.0000e+00
2.2400e+03 5.0687e-12 9.9167e-01 1.9500e+03 6.4629e+03 5.7000e+03 2.5390e+19 1.7601e+18 1.7601e+18 5.5479e-02 0.0000e+00 8.9872e+04 0.0000e+00
2.2500e+03 5.0493e-12 9.8791e-01 1.9500e+03 6.4629e+03 5.7000e+03 2.5393e+19 1.7603e+18 1.7603e+18 5.5476e-02 0.0000e+00 8.9876e+04 0.0000e+00
2.2600e+03 5.0299e-12 9.8419e-01 1.9500e+03 6.4628e+03 5.7000e+03 2.5398e+19 1.7605e+18 1.7605e+18 5.5472e-02 0.0000e+00 8.9882e+04 0.0000e+00
2.2700e+03 5.0106e-12 9.8051e-01 1.9500e+03 6.4628e+03 5.7000e+03 2.5405e+19 1.7608e+18 1.7608e+18 5.5467e-02 0.0000e+00 8.9889e+04 0.0000e+00
2.2800e+03 4.9913e-12 9.7686e-01 1.9499e+03 6.4627e+03 5.7000e+03 2.5414e+19 1.7612e+18 1.7612e+18 5.5460e-02 0.0000e+00 8.9898e+04 0.0000e+00
2.2900e+03 4.9722e-12 9.7324e-01 1.9499e+03 6.4626e+03 5.7000e+03 2.5424e+19 1.7617e+18 1.7617e+18 5.5452e-02 0.0000e+00 8.9909e+04 0.0000e+00
2.3000e+03 4.9531e-12 9.6966e-01 1.9499e+03 6.4624e+03 5.7000e+03 2.5436e+19 1.7622e+18 1.7622e+18 5.5443e-02 0.0000e+00 8.9922e+04 0.0000e+00
2.3100e+03 4.9340e-12 9.6612e-01 1.9498e+03 6.4623e+03 5.7000e+03 2.5450e+19 1.7629e+18 1.7629e+18 5.5433e-02 0.0000e+00 8.9936e+04 0.0000e+00
2.3200e+03 4.9151e-12 9.6261e-01 1.9498e+03 6.4622e+03 5.7000e+03 2.5465e+19 1.7635e+18 1.7635e+18 5.5422e-02 0.0000e+00 8.9952e+04 0.0000e+00
2.3300e+03 4.8962e-12 9.5913e-01 1.9497e+03 6.4620e+03 5.7000e+03 2.5482e+19 1.7643e+18 1.7643e+18 5.5409e-02 0.0000e+00 8.9970e+04 0.0000e+00
2.3400e+03 4.8774e-12 9.5568e-01 1.9497e+03 6.4618e+03 5.7000e+03 2.5501e+19 1.7651e+18 1.7651e+18 5.5395e-02 0.0000e+00 8.9990e+04 0.0000e+00
2.3500e+03 4.8587e-12 9.5227e-01 1.9496e+03 6.4616e+03 5.7000e+03 2.5521e+19 1.7660e+18 1.7660e+18 5.5381e-02 0.0000e+00 9.0011e+04 0.0000e+00
2.3600e+03 4.8400e-12 9.4889e-01 1.9495e+03 6.4614e+03 5.7000e+03 2.5543e+19 1.7670e+18 1.7670e+18 5.5364e-02 0.0000e+00 9.0033e+04 0.0000e+00
2.3700e+03 4.8215e-12 9.4554e-01 1.9495e+03 6.4612e+03 5.7000e+03 2.5567e+19 1.7681e+18 1.7681e+18 5.5347e-02 0.0000e+00 9.0058e+04 0.0000e+00
2.3800e+03 4.8029e-12 9.4222e-01 1.9494e+03 6.4609e+03 5.7000e+03 2.5592e+19 1.7692e+18 1.7692e+18 5.5329e-02 0.0000e+00 9.0083e+04 0.0000e+00
2.3900e+03 4.7845e-12 9.3893e-01 1.9493e+03 6.4607e+03 5.7000e+03 2.5618e+19 1.7703e+18 1.7703e+18 5.5310e-02 0.0000e+00 9.0111e+04 0.0000e+00
2.4000e+03 4.7661e-12 9.3567e-01 1.9492e+03 6.4604e+03 5.7000e+03 2.5647e+19 1.7716e+18 1.7716e+18 5.5289e-02 0.0000e+00 9.0140e+04 0.0000e+00
2.4100e+03 4.7478e-12 9.3244e-01 1.9492e+03 6.4601e+03 5.7000e+03 2.5676e+19 1.7729e+18 1.7729e+18 5.5267e-02 0.0000e+00 9.0170e+04 0.0000e+00
2.4200e+03 4.7296e-12 9.2924e-01 1.9491e+03 6.4598e+03 5.7000e+03 2.5708e+19 1.7743e+18 1.7743e+18 5.5245e-02 0.0000e+00 9.0202e+04 0.0000e+00
2.4300e+03 4.7114e-12 9.2607e-01 1.9490e+03 6.4595e+03 5.7000e+03 2.5741e+19 1.7757e+18 1.7757e+18 5.5221e-02 0.0000e+00 9.0236e+04 0.0000e+00
2.4400e+03 4.6933e-12 9.2293e-01 1.9489e+03 6.4592e+03 5.7000e+03 2.5775e+19 1.7772e+18 1.7772e+18 5.5196e-02 0.0000e+00 9.0271e+04 0.0000e+00
2.4500e+03 4.6753e-12 9.1981e-01 1.9488e+03 6.4588e+03 5.7000e+03 2.5811e+19 1.7788e+18 1.7788e+18 5.5171e-02 0.0000e+00 9.0308e+04 0.0000e+00
2.4600e+03 4.6574e-12 9.1673e-01 1.9487e+03 6.4585e+03 5.7000e+03 2.5849e+19 1.7805e+18 1.7805e+18 5.5144e-02 0.0000e+00 9.0346e+04 0.0000e+00
2.4700e+03 4.6395e-12 9.1367e-01 1.9486e+03 6.4581e+03 5.7000e+03 2.5888e+19 1.7822e+18 1.7822e+18 5.5116e-02 0.0000e+00 9.0385e+04 0.0000e+00
2.4800e+03 4.6217e-12 9.1064e-01 1.9484e+03 6.4577e+03 5.7000e+03 2.5928e+19 1.7839e+18 1.7839e+18 5.5087e-02 0.0000e+00 9.0426e+04 0.0000e+00
2.4900e+03 4.6039e-12 9.0763e-01 1.9483e+03 6.4573e+03 5.7000e+03 2.5970e+19 1.7858e+18 1.7858e+18 5.5057e-02 0.0000e+00 9.0469e+04 0.0000e+00
2.5000e+03 4.5862e-12 9.0465e-01 1.9482e+03 6.4569e+03 5.7000e+03 2.6014e+19 1.7877e+18 1.7877e+18 5.5027e-02 0.0000e+00 9.0512e+04 0.0000e+00
2.5100e+03 4.5686e-12 9.0169e-01 1.9481e+03 6.4565e+03 5.7000e+03 2.6059e+19 1.7896e+18 1.7896e+18 5.4995e-02 0.0000e+00 9.0558e+04 0.0000e+00
2.5200e+03 4.5511e-12 8.9877e-01 1.9479e+03 6.4561e+03 5.7000e+03 2.6105e+19 1.7916e+18 1.7916e+18 5.4962e-02 0.0000e+00 9.0604e+04 0.0000e+00
2.5300e+03 4.5336e-12 8.9586e-01 1.9478e+03 6.4556e+03 5.7000e+03 2.6153e+19 1.7937e+18 1.7937e+18 5.4929e-02 0.0000e+00 9.0652e+04 0.0000e+00
2.5400e+03 4.5162e-12 8.9298e-01 1.9477e+03 6.4552e+03 5.7000e+03 2.6202e+19 1.7959e+18 1.7959e+18 5.4894e-02 0.0000e+00 9.0702e+04 0.0000e+00
2.5500e+03 4.4988e-12 8.9013e-01 1.9475e+03 6.4547e+03 5.7000e+03 2.6253e+19 1.7981e+18 1.7981e+18 5.4859e-02 0.0000e+00 9.0753e+04 0.0000e+00
2.5600e+03 4.4816e-12 8.8730e-01 1.9474e+03 6.4542e+03 5.7000e+03 2.6305e+19 1.8003e+18 1.8003e+18 5.4822e-02 0.0000e+00 9.0805e+04 0.0000e+00
2.5700e+03 4.4644e-12 8.8449e-01 1.9472e+03 6.4537e+03 5.7000e+03 2.6359e+19 1.8027e+18 1.8027e+18 5.4785e-02 0.0000e+00 9.0858e+04 0.0000e+00
2.5800e+03 4.4472e-12 8.8171e-01 1.9471e+03 6.4532e+03 5.7000e+03 2.6414e+19 1.8050e+18 1.8050e+18 5.4747e-02 0.0000e+00 9.0913e+04 0.0000e+00
2.5900e+03 4.4301e-12 8.7895e-01 1.9469e+03 6.4527e+03 5.7000e+03 2.6471e+19 1.8075e+18 1.8075e+18 5.4708e-02 0.0000e+00 9.0969e+04 0.0000e+00
2.6000e+03 4.4131e-12 8.7621e-01 1.9468e+03 6.4522e+03 5.7000e+03 2.6529e+19 1.8100e+18 1.8100e+18 5.4668e-02 0.0000e+00 9.1027e+04 0.0000e+00
2.6100e+03 4.3962e-12 8.7350e-01 1.9466e+03 6.4516e+03 5.7000e+03 2.6589e+19 1.8126e+18 1.8126e+18 5.4628e-02 0.0000e+00 9.1086e+04 0.0000e+00
2.6200e+03 4.3793e-12 8.7081e-01 1.9464e+03 6.4511e+03 5.7000e+03 2.6650e+19 1.8152e+18 1.8152e+18 5.4586e-02 0.0000e+00 9.1146e+04 0.0000e+00
2.6300e+03 4.3625e-12 8.6813e-01 1.9463e+03 6.4505e+03 5.7000e+03 2.6712e+19 1.8179e+18 1.8179e+18 5.4544e-02 0.0000e+00 9.1207e+04 0.0000e+00
2.6400e+03 4.3457e-12 8.6549e-01 1.9461e+03 6.4499e+03 5.7000e+03 2.6776e+19 1.8206e+18 1.8206e+18 5.4501e-02 0.0000e+00 9.1270e+04 0.0000e+00
2.6500e+03 4.3290e-12 8.6286e-01 1.9459e+03 6.4493e+03 5.7000e+03 2.6841e+19 1.8234e+18 1.8234e+18 5.4457e-02 0.0000e+00 9.1334e+04 0.0000e+00
2.6600e+03 4.3124e-12 8.6025e-01 1.9457e+03 6.4487e+03 5.7000e+03 2.6908e+19 1.8262e+18 1.8262e+18 5.4412e-02 0.0000e+00 9.1399e+04 0.0000e+00
2.6700e+03 4.2959e-12 8.5767e-01 1.9455e+03 6.4481e+03 5.7000e+03 2.6976e+19 1.8291e+18 1.8291e+18 5.4366e-02 0.0000e+00 9.1465e+04 0.0000e+00
2.6800e+03 4.2794e-12 8.5510e-01 1.9454e+03 6.4475e+03 5.7000e+03 2.7045e+19 1.8321e+18 1.8321e+18 5.4320e-02 0.0000e+00 9.1533e+04 0.0000e+00
2.6900e+03 4.2629e-12 8.5256e-01 1.9452e+03 6.4469e+03 5.7000e+03 2.7116e+19 1.8351e+18 1.8351e+18 5.4273e-02 0.0000e+00 9.1602e+04 0.0000e+00
2.7000e+03 4.2466e-12 8.5003e-01 1.9450e+03 6.4462e+03 5.7000e+03 2.7189e+19 1.8382e+18 1.8382e+18 5.4225e-02 0.0000e+00 9.1672e+04 0.0000e+00
2.7100e+03 4.2303e-12 8.4753e-01 1.9448e+03 6.4456e+03 5.7000e+03 2.7262e+19 1.8413e+18 1.8413e+18 5.4176e-02 0.0000e+00 9.1743e+04 0.0000e+00
2.7200e+03 4.2140e-12 8.4504e-01 1.9446e+03 6.4449e+03 5.7000e+03 2.7338e+19 1.8445e+18 1.8445e+18 5.4127e-02 0.0000e+00 9.1815e+04 0.0000e+00
2.7300e+03 4.1978e-12 8.4257e-01 1.9444e+03 6.4442e+03 5.7000e+03 2.7414e+19 1.8478e+18 1.8478e+18 5.4077e-02 0.0000e+00 9.1889e+04 0.0000e+00
2.7400e+03 4.1817e-12 8.4013e-01 1.9442e+03 6.4436e+03 5.7000e+03 2.7492e+19 1.8511e+18 1.8511e+18 5.4026e-02 0.0000e+00 9.1964e+04 0.0000e+00
2.7500e+03 4.1657e-12 8.3770e-01 1.9440e+03 6.4429e+03 5.7000e+03 2.7571e+19 1.8544e+18 1.8544e+18 5.3975e-02 0.0000e+00 9.2040e+04 0.0000e+00
2.7600e+03 4.1497e-12 8.3529e-01 1.9437e+03 6.4422e+03 5.7000e+03 2.7652e+19 1.8578e+18 1.8578e+18 5.3923e-02 0.0000e+00 9.2117e+04 0.0000e+00
2.7700e+03 4.1337e-12 8.3290e-01 1.9435e+03 6.4414e+03 5.7000e+03 2.7734e+19 1.8613e+18 1.8613e+18 5.3870e-02 0.0000e+00 9.2195e+04 0.0000e+00
2.7800e+03 4.1179e-12 8.3052e-01 1.9433e+03 6.4407e+03 5.7000e+03 2.7818e+19 1.8648e+18 1.8648e+18 5.3817e-02 0.0000e+00 9.2275e+04 0.0000e+00
2.7900e+03 4.1020e-12 8.2817e-01 1.9431e+03 6.4400e+03 5.7000e+03 2.7903e+19 1.8684e+18 1.8684e+18 5.3762e-02 0.0000e+00 9.2356e+04 0.0000e+00
2.8000e+03 4.0863e-12 8.2583e-01 1.9429e+03 6.4393e+03 5.7000e+03 2.7990e+19 1.8720e+18 1.8720e+18 5.3708e-02 0.0000e+00 9.2437e+04 0.0000e+00
2.8100e+03 4.0706e-12 8.2351e-01 1.9426e+03 6.4385e+03 5.7000e+03 2.8077e+19 1.8757e+18 1.8757e+18 5.3652e-02 0.0000e+00 9.2520e+04 0.0000e+00
2.8200e+03 4.0550e-12 8.2120e-01 1.9424e+03 6.4377e+03 5.7000e+03 2.8167e+19 1.8794e+18 1.8794e+18 5.3596e-02 0.0000e+00 9.2604e+04 0.0000e+00
2.8300e+03 4.0394e-12 8.1892e-01 1.9422e+03 6.4370e+03 5.7000e+03 2.8257e+19 1.8832e+18 1.8832e+18 5.3540e-02 0.0000e+00 9.2689e+04 0.0000e+00
2.8400e+03 4.0239e-12 8.1664e-01 1.9419e+03 6.4362e+03 5.7000e+03 2.8350e+19 1.8870e+18 1.8870e+18 5.3482e-02 0.0000e+00 9.2775e+04 0.0000e+00
2.8500e+03 4.0084e-12 8.1439e-01 1.9417e+03 6.4354e+03 5.7000e+03 2.8443e+19 1.8909e+18 1.8909e+18 5.3424e-02 0.0000e+00 9.2862e+04 0.0000e+00
2.8600e+03 3.9930e-12 8.1215e-01 1.9415e+03 6.4346e+03 5.7000e+03 2.8538e+19 1.8949e+18 1.8949e+18 5.3366e-02 0.0000e+00 9.2951e+04 0.0000e+00
2.8700e+03 3.9777e-12 8.0993e-01 1.9412e+03 6.4338e+03 5.7000e+03 2.8634e+19 1.8989e+18 1.8989e+18 5.3307e-02 0.0000e+00 9.3040e+04 0.0000e+00
2.8800e+03 3.9624e-12 8.0773e-01 1.9410e+03 6.4330e+03 5.7000e+03 2.8732e+19 1.9029e+18 1.9029e+18 5.3247e-02 0.0000e+00 9.3131e+04 0.0000e+00
2.8900e+03 3.9472e-12 8.0553e-01 1.9407e+03 6.4322e+03 5.7000e+03 2.8831e+19 1.9070e+18 1.9070e+18 5.3187e-02 0.0000e+00 9.3222e+04 0.0000e+00
2.9000e+03 3.9321e-12 8.0336e-01 1.9405e+03 6.4313e+03 5.7000e+03 2.8932e+19 1.9112e+18 1.9112e+18 5.3126e-02 0.0000e+00 9.3315e+04 0.0000e+00
2.9100e+03 3.9170e-12 8.0120e-01 1.9402e+03 6.4305e+03 5.7000e+03 2.9034e+19 1.9154e+18 1.9154e+18 5.3065e-02 0.0000e+00 9.3408e+04 0.0000e+00
2.9200e+03 3.9019e-12 7.9906e-01 1.9400e+03 6.4297e+03 5.7000e+03 2.9138e+19 1.9196e+18 1.9196e+18 5.3003e-02 0.0000e+00 9.3503e+04 0.0000e+00
2.9300e+03 3.8869e-12 7.9693e-01 1.9397e+03 6.4288e+03 5.7000e+03 2.9243e+19 1.9239e+18 1.9239e+18 5.2940e-02 0.0000e+00 9.3599e+04 0.0000e+00
2.9400e+03 3.8720e-12 7.9481e-01 1.9395e+03 6.4279e+03 5.7000e+03 2.9349e+19 1.9283e+18 1.9283e+18 5.2877e-02 0.0000e+00 9.3695e+04 0.0000e+00
2.9500e+03 3.8571e-12 7.9271e-01 1.9392e+03 6.4271e+03 5.7000e+03 2.9457e+19 1.9327e+18 1.9327e+18 5.2814e-02 0.0000e+00 9.3793e+04 0.0000e+00
2.9600e+03 3.8423e-12 7.9063e-01 1.9389e+03 6.4262e+03 5.7000e+03 2.9566e+19 1.9372e+18 1.9372e+18 5.2750e-02 0.0000e+00 9.3892e+04 0.0000e+00
2.9700e+03 3.8276e-12 7.8855e-01 1.9387e+03 6.4253e+03 5.7000e+03 2.9677e+19 1.9417e+18 1.9417e+18 5.2685e-02 0.0000e+00 9.3991e+04 0.0000e+00
2.9800e+03 3.8129e-12 7.8650e-01 1.9384e+03 6.4244e+03 5.7000e+03 2.9789e+19 1.9462e+18 1.9462e+18 5.2620e-02 0.0000e+00 9.4092e+04 0.0000e+00
2.9900e+03 3.7982e-12 7.8445e-01 1.9381e+03 6.4235e+03 5.7000e+03 2.9903e+19 1.9508e+18 1.9508e+18 5.2555e-02 0.0000e+00 9.4194e+04 0.0000e+00
3.0000e+03 3.7836e-12 7.8242e-01 1.9378e+03 6.4226e+03 5.7000e+03 3.0018e+19 1.9555e+18 1.9555e+18 5.2489e-02 0.0000e+00 9.4296e+04 0.0000e+00
3.0100e+03 3.7691e-12 7.8040e-01 1.9376e+03 6.4217e+03 5.7000e+03 3.0135e+19 1.9602e+18 1.9602e+18 5.2422e-02 0.0000e+00 9.4400e+04 0.0000e+00
3.0200e+03 3.7546e-12 7.7840e-01 1.9373e+03 6.4208e+03 5.7000e+03 3.0253e+19 1.9650e+18 1.9650e+18 5.2356e-02 0.0000e+00 9.4505e+04 0.0000e+00
3.0300e+03 3.7402e-12 7.7641e-01 1.9370e+03 6.4198e+03 5.7000e+03 3.0372e+19 1.9698e+18 1.9698e+18 5.2288e-02 0.0000e+00 9.4610e+04 0.0000e+00
3.0400e+03 3.7259e-12 7.7443e-01 1.9367e+03 6.4189e+03 5.7000e+03 3.0493e+19 1.9747e+18 1.9747e+18 5.2220e-02 0.0000e+00 9.4717e+04 0.0000e+00
3.0500e+03 3.7116e-12 7.7247e-01 1.9364e+03 6.4179e+03 5.7000e+03 3.0616e+19 1.9796e+18 1.9796e+18 5.2152e-02 0.0000e+00 9.4824e+04 0.0000e+00
3.0600e+03 3.6973e-12 7.7052e-01 1.9361e+03 6.4170e+03 5.7000e+03 3.0740e+19 1.9846e+18 1.9846e+18 5.2084e-02 0.0000e+00 9.4933e+04 0.0000e+00
3.0700e+03 3.6831e-12 7.6858e-01 1.9359e+03 6.4160e+03 5.7000e+03 3.0865e+19 1.9896e+18 1.9896e+18 5.2015e-02 0.0000e+00 9.5042e+04 0.0000e+00
3.0800e+03 3.6690e-12 7.6665e-01 1.9356e+03 6.4151e+03 5.7000e+03 3.0992e+19 1.9946e+18 1.9946e+18 5.1945e-02 0.0000e+00 9.5153e+04 0.0000e+00
3.0900e+03 3.6549e-12 7.6473e-01 1.9353e+03 6.4141e+03 5.7000e+03 3.1121e+19 1.9998e+18 1.9998e+18 5.1875e-02 0.0000e+00 9.5264e+04 0.0000e+00
3.1000e+03 3.6408e-12 7.6283e-01 1.9350e+03 6.4131e+03 5.7000e+03 3.1251e+19 2.0049e+18 2.0049e+18 5.1805e-02 0.0000e+00 9.5376e+04 0.0000e+00
3.1100e+03 3.6269e-12 7.6094e-01 1.9347e+03 6.4121e+03 5.7000e+03 3.1383e+19 2.0101e+18 2.0101e+18 5.1734e-02 0.0000e+00 9.5489e+04 0.0000e+00
3.1200e+03 3.6129e-12 7.5906e-01 1.9344e+03 6.4111e+03 5.7000e+03 3.1516e+19 2.0154e+18 2.0154e+18 5.1663e-02 0.0000e+00 9.5603e+04 0.0000e+00
3.1300e+03 3.5991e-12 7.5720e-01 1.9341e+03 6.4101e+03 5.7000e+03 3.1650e+19 2.0207e+18 2.0207e+18 5.1592e-02 0.0000e+00 9.5718e+04 0.0000e+00
3.1400e+03 3.5852e-12 7.5534e-01 1.9338e+03 6.4091e+03 5.7000e+03 3.1786e+19 2.0261e+18 2.0261e+18 5.1520e-02 0.0000e+00 9.5834e+04 0.0000e+00
3.1500e+03 3.5715e-12 7.5350e-01 1.9335e+03 6.4081e+03 5.7000e+03 3.1924e+19 2.0315e+18 2.0315e+18 5.1447e-02 0.0000e+00 9.5951e+04 0.0000e+00
3.1600e+03 3.5578e-12 7.5166e-01 1.9332e+03 6.4071e+03 5.7000e+03 3.2063e+19 2.0370e+18 2.0370e+18 5.1375e-02 0.0000e+00 9.6068e+04 0.0000e+00
3.1700e+03 3.5441e-12 7.4984e-01 1.9329e+03 6.4061e+03 5.7000e+03 3.2204e+19 2.0425e+18 2.0425e+18 5.1302e-02 0.0000e+00 9.6187e+04 0.0000e+00
3.1800e+03 3.5305e-12 7.4803e-01 1.9325e+03 6.4050e+03 5.7000e+03 3.2347e+19 2.0481e+18 2.0481e+18 5.1229e-02 0.0000e+00 9.6306e+04 0.0000e+00
3.1900e+03 3.5169e-12 7.4623e-01 1.9322e+03 6.4040e+03 5.7000e+03 3.2491e+19 2.0537e+18 2.0537e+18 5.1155e-02 0.0000e+00 9.6426e+04 0.0000e+00
3.2000e+03 3.5034e-12 7.4444e-01 1.9319e+03 6.4030e+03 5.7000e+03 3.2636e+19 2.0593e+18 2.0593e+18 5.1081e-02 0.0000e+00 9.6547e+04 0.0000e+00
3.2100e+03 3.4900e-12 7.4266e-01 1.9316e+03 6.4019e+03 5.7000e+03 3.2783e+19 2.0651e+18 2.0651e+18 5.1007e-02 0.0000e+00 9.6669e+04 0.0000e+00
3.2200e+03 3.4766e-12 7.4089e-01 1.9313e+03 6.4009e+03 5.7000e+03 3.2932e+19 2.0708e+18 2.0708e+18 5.0932e-02 0.0000e+00 9.6792e+04 0.0000e+00
3.2300e+03 3.4632e-12 7.3913e-01 1.9310e+03 6.3998e+03 5.7000e+03 3.3083e+19 2.0766e+18 2.0766e+18 5.0857e-02 0.0000e+00 9.6916e+04 0.0000e+00
3.2400e+03 3.4499e-12 7.3739e-01 1.9306e+03 6.3987e+03 5.7000e+03 3.3234e+19 2.0825e+18 2.0825e+18 5.0782e-02 0.0000e+00 9.7040e+04 0.0000e+00
3.2500e+03 3.4367e-12 7.3565e-01 1.9303e+03 6.3977e+03 5.7000e+03 3.3388e+19 2.0884e+18 2.0884e+18 5.0707e-02 0.0000e+00 9.7166e+04 0.0000e+00
3.2600e+03 3.4235e-12 7.3392e-01 1.9300e+03 6.3966e+03 5.7000e+03 3.3543e+19 2.0944e+18 2.0944e+18 5.0631e-02 0.0000e+00 9.7292e+04 0.0000e+00
3.2700e+03 3.4103e-12 7.3220e-01 1.9297e+03 6.3955e+03 5.7000e+03 3.3700e+19 2.1004e+18 2.1004e+18 5.0555e-02 0.0000e+00 9.7419e+04 0.0000e+00
3.2800e+03 3.3972e-12 7.3050e-01 1.9293e+03 6.3944e+03 5.7000e+03 3.3859e+19 2.1064e+18 2.1064e+18 5.0478e-02 0.0000e+00 9.7547e+04 0.0000e+00
3.2900e+03 3.3842e-12 7.2880e-01 1.9290e+03 6.3933e+03 5.7000e+03 3.4019e+19 2.1125e+18 2.1125e+18 5.0402e-02 0.0000e+00 9.7676e+04 0.0000e+00
3.3000e+03 3.3712e-12 7.2711e-01 1.9287e+03 6.3922e+03 5.7000e+03 3.4181e+19 2.1187e+18 2.1187e+18 5.0325e-02 0.0000e+00 9.7806e+04 0.0000e+00
3.3100e+03 3.3582e-12 7.2543e-01 1.9283e+03 6.3911e+03 5.7000e+03 3.4344e+19 2.1249e+18 2.1249e+18 5.0248e-02 0.0000e+00 9.7936e+04 0.0000e+00
3.3200e+03 3.3454e-12 7.2376e-01 1.9280e+03 6.3900e+03 5.7000e+03 3.4509e+19 2.1311e+18 2.1311e+18 5.0170e-02 0.0000e+00 9.8067e+04 0.0000e+00
3.3300e+03 3.3325e-12 7.2210e-01 1.9277e+03 6.3889e+03 5.7000e+03 3.4676e+19 2.1374e+18 2.1374e+18 5.0092e-02 0.0000e+00 9.8199e+04 0.0000e+00
3.3400e+03 3.3197e-12 7.2045e-01 1.9273e+03 6.3878e+03 5.7000e+03 3.4845e+19 2.1438e+18 2.1438e+18 5.0015e-02 0.0000e+00 9.8332e+04 0.0000e+00
3.3500e+03 3.3070e-12 7.1880e-01 1.9270e+03 6.3867e+03 5.7000e+03 3.5015e+19 2.1502e+18 2.1502e+18 4.9936e-02 0.0000e+00 9.8466e+04 0.0000e+00
3.3600e+03 3.2943e-12 7.1717e-01 1.9267e+03 6.3856e+03 5.7000e+03 3.5187e+19 2.1566e+18 2.1566e+18 4.9858e-02 0.0000e+00 9.8600e+04 0.0000e+00
3.3700e+03 3.2816e-12 7.1554e-01 1.9263e+03 6.3844e+03 5.7000e+03 3.5361e+19 2.1631e+18 2.1631e+18 4.9779e-02 0.0000e+00 9.8735e+04 0.0000e+00
3.3800e+03 3.2690e-12 7.1393e-01 1.9260e+03 6.3833e+03 5.7000e+03 3.5536e+19 2.1697e+18 2.1697e+18 4.9700e-02 0.0000e+00 9.8871e+04 0.0000e+00
3.3900e+03 3.2565e-12 7.1232e-01 1.9256e+03 6.3822e+03 5.7000e+03 3.5713e+19 2.1763e+18 2.1763e+18 4.9621e-02 0.0000e+00 9.9008e+04 0.0000e+00
3.4000e+03 3.2440e-12 7.1072e-01 1.9253e+03 6.3810e+03 5.7000e+03 3.5892e+19 2.1829e+18 2.1829e+18 4.9542e-02 0.0000e+00 9.9146e+04 0.0000e+00
3.4100e+03 3.2315e-12 7.0913e-01 1.9249e+03 6.3799e+03 5.7000e+03 3.6073e+19 2.1896e+18 2.1896e+18 4.9462e-02 0.0000e+00 9.9284e+04 0.0000e+00
3.4200e+03 3.2191e-12 7.0755e-01 1.9246e+03 6.3787e+03 5.7000e+03 3.6255e+19 2.1964e+18 2.1964e+18 4.9383e-02 0.0000e+00 9.9423e+04 0.0000e+00
3.4300e+03 3.2067e-12 7.0597e-01 1.9242e+03 6.3775e+03 5.7000e+03 3.6439e+19 2.2032e+18 2.2032e+18 4.9303e-02 0.0000e+00 9.9563e+04 0.0000e+00
3.4400e+03 3.1944e-12 7.0441e-01 1.9239e+03 6.3764e+03 5.7000e+03 3.6626e+19 2.2100e+18 2.2100e+18 4.9223e-02 0.0000e+00 9.9704e+04 0.0000e+00
3.4500e+03 3.1821e-12 7.0285e-01 1.9235e+03 6.3752e+03 5.7000e+03 3.6813e+19 2.2169e+18 2.2169e+18 4.9142e-02 0.0000e+00 9.9845e+04 0.0000e+00
3.4600e+03 3.1699e-12 7.0130e-01 1.9232e+03 6.3740e+03 5.7000e+03 3.7003e+19 2.2238e+18 2.2238e+18 4.9062e-02 0.0000e+00 9.9988e+04 0.0000e+00
3.4700e+03 3.1578e-12 6.9976e-01 1.9228e+03 6.3729e+03 5.7000e+03 3.7195e+19 2.2308e+18 2.2308e+18 4.8981e-02 0.0000e+00 1.0013e+05 0.0000e+00
3.4800e+03 3.1456e-12 6.9822e-01 1.9225e+03 6.3717e+03 5.7000e+03 3.7388e+19 2.2379e+18 2.2379e+18 4.8900e-02 0.0000e+00 1.0027e+05 0.0000e+00
3.4900e+03 3.1336e-12 6.9670e-01 1.9221e+03 6.3705e+03 5.7000e+03 3.7583e+19 2.2450e+18 2.2450e+18 4.8819e-02 0.0000e+00 1.0042e+05 0.0000e+00
3.5000e+03 3.1215e-12 6.9518e-01 1.9218e+03 6.3693e+03 5.7000e+03 3.7780e+19 2.2521e+18 2.2521e+18 4.8738e-02 0.0000e+00 1.0056e+05 0.0000e+00
3.5100e+03 3.1095e-12 6.9367e-01 1.9214e+03 6.3681e+03 5.7000e+03 3.7979e+19 2.2593e+18 2.2593e+18 4.8657e-02 0.0000e+00 1.0071e+05 0.0000e+00
3.5200e+03 3.0976e-12 6.9216e-01 1.9210e+03 6.3669e+03 5.7000e+03 3.8180e+19 2.2665e+18 2.2665e+18 4.8575e-02 0.0000e+00 1.0086e+05 0.0000e+00
3.5300e+03 3.0857e-12 6.9067e-01 1.9207e+03 6.3657e+03 5.7000e+03 3.8383e+19 2.2738e+18 2.2738e+18 4.8493e-02 0.0000e+00 1.0100e+05 0.0000e+00
3.5400e+03 3.0738e-12 6.8918e-01 1.9203e+03 6.3645e+03 5.7000e+03 3.8588e+19 2.2811e+18 2.2811e+18 4.8412e-02 0.0000e+00 1.0115e+05 0.0000e+00
3.5500e+03 3.0620e-12 6.8769e-01 1.9200e+03 6.3633e+03 5.7000e+03 3.8794e+19 2.2885e+18 2.2885e+18 4.8330e-02 0.0000e+00 1.0130e+05 0.0000e+00
3.5600e+03 3.0503e-12 6.8622e-01 1.9196e+03 6.3621e+03 5.7000e+03 3.9003e+19 2.2960e+18 2.2960e+18 4.8247e-02 0.0000e+00 1.0145e+05 0.0000e+00
3.5700e+03 3.0386e-12 6.8475e-01 1.9192e+03 6.3609e+03 5.7000e+03 3.9213e+19 2.3034e+18 2.3034e+18 4.8165e-02 0.0000e+00 1.0160e+05 0.0000e+00
3.5800e+03 3.0269e-12 6.8329e-01 1.9189e+03 6.3597e+03 5.7000e+03 3.9426e+19 2.3110e+18 2.3110e+18 4.8083e-02 0.0000e+00 1.0175e+05 0.0000e+00
3.5900e+03 3.0153e-12 6.8184e-01 1.9185e+03 6.3584e+03 5.7000e+03 3.9640e+19 2.3186e+18 2.3186e+18 4.8000e-02 0.0000e+00 1.0190e+05 0.0000e+00
3.6000e+03 3.0037e-12 6.8039e-01 1.9181e+03 6.3572e+03 5.7000e+03 3.9857e+19 2.3262e+18 2.3262e+18 4.7918e-02 0.0000e+00 1.0206e+05 0.0000e+00
3.6100e+03 2.9922e-12 6.7895e-01 1.9177e+03 6.3560e+03 5.7000e+03 4.0075e+19 2.3339e+18 2.3339e+18 4.7835e-02 0.0000e+00 1.0221e+05 0.0000e+00
3.6200e+03 2.9807e-12 6.7752e-01 1.9174e+03 6.3548e+03 5.7000e+03 4.0295e+19 2.3416e+18 2.3416e+18 4.7752e-02 0.0000e+00 1.0236e+05 0.0000e+00
3.6300e+03 2.9692e-12 6.7609e-01 1.9170e+03 6.3535e+03 5.7000e+03 4.0518e+19 2.3494e+18 2.3494e+18 4.7669e-02 0.0000e+00 1.0252e+05 0.0000e+00
3.6400e+03 2.9578e-12 6.7467e-01 1.9166e+03 6.3523e+03 5.7000e+03 4.0742e+19 2.3572e+18 2.3572e+18 4.7586e-02 0.0000e+00 1.0267e+05 0.0000e+00
3.6500e+03 2.9465e-12 6.7325e-01 1.9162e+03 6.3510e+03 5.7000e+03 4.0969e+19 2.3651e+18 2.3651e+18 4.7503e-02 0.0000e+00 1.0283e+05 0.0000e+00
3.6600e+03 2.9352e-12 6.7185e-01 1.9159e+03 6.3498e+03 5.7000e+03 4.1198e+19 2.3730e+18 2.3730e+18 4.7420e-02 0.0000e+00 1.0299e+05 0.0000e+00
3.6700e+03 2.9239e-12 6.7044e-01 1.9155e+03 6.3485e+03 5.7000e+03 4.1428e+19 2.3810e+18 2.3810e+18 4.7336e-02 0.0000e+00 1.0314e+05 0.0000e+00
3.6800e+03 2.9127e-12 6.6905e-01 1.9151e+03 6.3473e+03 5.7000e+03 4.1661e+19 2.3890e+18 2.3890e+18 4.7253e-02 0.0000e+00 1.0330e+05 0.0000e+00
3.6900e+03 2.9015e-12 6.6766e-01 1.9147e+03 6.3460e+03 5.7000e+03 4.1896e+19 2.3971e+18 2.3971e+18 4.7169e-02 0.0000e+00 1.0346e+05 0.0000e+00
3.7000e+03 2.8903e-12 6.6628e-01 1.9144e+03 6.3448e+03 5.7000e+03 4.2133e+19 2.4053e+18 2.4053e+18 4.7086e-02 0.0000e+00 1.0362e+05 0.0000e+00
3.7100e+03 2.8792e-12 6.6490e-01 1.9140e+03 6.3435e+03 5.7000e+03 4.2372e+19 2.4134e+18 2.4134e+18 4.7002e-02 0.0000e+00 1.0378e+05 0.0000e+00
3.7200e+03 2.8682e-12 6.6353e-01 1.9136e+03 6.3423e+03 5.7000e+03 4.2614e+19 2.4217e+18 2.4217e+18 4.6918e-02 0.0000e+00 1.0394e+05 0.0000e+00
3.7300e+03 2.8572e-12 6.6216e-01 1.9132e+03 6.3410e+03 5.7000e+03 4.2857e+19 2.4299e+18 2.4299e+18 4.6835e-02 0.0000e+00 1.0410e+05 0.0000e+00
3.7400e+03 2.8462e-12 6.6081e-01 1.9128e+03 6.3397e+03 5.7000e+03 4.3103e+19 2.4383e+18 2.4383e+18 4.6751e-02 0.0000e+00 1.0427e+05 0.0000e+00
3.7500e+03 2.8353e-12 6.5945e-01 1.9124e+03 6.3384e+03 5.7000e+03 4.3351e+19 2.4467e+18 2.4467e+18 4.6667e-02 0.0000e+00 1.0443e+05 0.0000e+00
3.7600e+03 2.8244e-12 6.5811e-01 1.9121e+03 6.3372e+03 5.7000e+03 4.3601e+19 2.4551e+18 2.4551e+18 4.6583e-02 0.0000e+00 1.0459e+05 0.0000e+00
3.7700e+03 2.8135e-12 6.5676e-01 1.9117e+03 6.3359e+03 5.7000e+03 4.3854e+19 2.4636e+18 2.4636e+18 4.6499e-02 0.0000e+00 1.0476e+05 0.0000e+00
3.7800e+03 2.8027e-12 6.5543e-01 1.9113e+03 6.3346e+03 5.7000e+03 4.4108e+19 2.4721e+18 2.4721e+18 4.6414e-02 0.0000e+00 1.0492e+05 0.0000e+00
3.7900e+03 2.7920e-12 6.5410e-01 1.9109e+03 6.3333e+03 5.7000e+03 4.4365e+19 2.4807e+18 2.4807e+18 4.6330e-02 0.0000e+00 1.0509e+05 0.0000e+00
3.8000e+03 2.7812e-12 6.5277e-01 1.9105e+03 6.3320e+03 5.7000e+03 4.4624e+19 2.4894e+18 2.4894e+18 4.6246e-02 0.0000e+00 1.0525e+05 0.0000e+00
3.8100e+03 2.7706e-12 6.5145e-01 1.9101e+03 6.3308e+03 5.7000e+03 4.4886e+19 2.4980e+18 2.4980e+18 4.6162e-02 0.0000e+00 1.0542e+05 0.0000e+00
3.8200e+03 2.7599e-12 6.5014e-01 1.9097e+03 6.3295e+03 5.7000e+03 4.5150e+19 2.5068e+18 2.5068e+18 4.6077e-02 0.0000e+00 1.0559e+05 0.0000e+00
3.8300e+03 2.7493e-12 6.4883e-01 1.9093e+03 6.3282e+03 5.7000e+03 4.5416e+19 2.5156e+18 2.5156e+18 4.5993e-02 0.0000e+00 1.0576e+05 0.0000e+00
3.8400e+03 2.7388e-12 6.4753e-01 1.9090e+03 6.3269e+03 5.7000e+03 4.5685e+19 2.5244e+18 2.5244e+18 4.5909e-02 0.0000e+00 1.0592e+05 0.0000e+00
3.8500e+03 2.7283e-12 6.4623e-01 1.9086e+03 6.3256e+03 5.7000e+03 4.5955e+19 2.5333e+18 2.5333e+18 4.5824e-02 0.0000e+00 1.0609e+05 0.0000e+00
3.8600e+03 2.7178e-12 6.4494e-01 1.9082e+03 6.3243e+03 5.7000e+03 4.6229e+19 2.5423e+18 2.5423e+18 4.5740e-02 0.0000e+00 1.0626e+05 0.0000e+00
3.8700e+03 2.7073e-12 6.4365e-01 1.9078e+03 6.3230e+03 5.7000e+03 4.6504e+19 2.5513e+18 2.5513e+18 4.5655e-02 0.0000e+00 1.0644e+05 0.0000e+00
3.8800e+03 2.6969e-12 6.4237e-01 1.9074e+03 6.3217e+03 5.7000e+03 4.6783e+19 2.5603e+18 2.5603e+18 4.5571e-02 0.0000e+00 1.0661e+05 0.0000e+00
3.8900e+03 2.6866e-12 6.4109e-01 1.9070e+03 6.3204e+03 5.7000e+03 4.7063e+19 2.5694e+18 2.5694e+18 4.5486e-02 0.0000e+00 1.0678e+05 0.0000e+00
3.9000e+03 2.6763e-12 6.3982e-01 1.9066e+03 6.3190e+03 5.7000e+03 4.7346e+19 2.5786e+18 2.5786e+18 4.5402e-02 0.0000e+00 1.0695e+05 0.0000e+00
3.9100e+03 2.6660e-12 6.3855e-01 1.9062e+03 6.3177e+03 5.7000e+03 4.7632e+19 2.5878e+18 2.5878e+18 4.5317e-02 0.0000e+00 1.0712e+05 0.0000e+00
3.9200e+03 2.6558e-12 6.3728e-01 1.9058e+03 6.3164e+03 5.7000e+03 4.7920e+19 2.5970e+18 2.5970e+18 4.5233e-02 0.0000e+00 1.0730e+05 0.0000e+00
3.9300e+03 2.6456e-12 6.3603e-01 1.9054e+03 6.3151e+03 5.7000e+03 4.8210e+19 2.6063e+18 2.6063e+18 4.5148e-02 0.0000e+00 1.0747e+05 0.0000e+00
3.9400e+03 2.6354e-12 6.3477e-01 1.9050e+03 6.3138e+03 5.7000e+03 4.8503e+19 2.6157e+18 2.6157e+18 4.5063e-02 0.0000e+00 1.0765e+05 0.0000e+00
3.9500e+03 2.6253e-12 6.3353e-01 1.9046e+03 6.3125e+03 5.7000e+03 4.8799e+19 2.6251e+18 2.6251e+18 4.4979e-02 0.0000e+00 1.0782e+05 0.0000e+00
3.9600e+03 2.6152e-12 6.3228e-01 1.9042e+03 6.3111e+03 5.7000e+03 4.9097e+19 2.6346e+18 2.6346e+18 4.4894e-02 0.0000e+00 1.0800e+05 0.0000e+00
3.9700e+03 2.6052e-12 6.3104e-01 1.9038e+03 6.3098e+03 5.7000e+03 4.9398e+19 2.6441e+18 2.6441e+18 4.4810e-02 0.0000e+00 1.0818e+05 0.0000e+00
3.9800e+03 2.5952e-12 6.2981e-01 1.9034e+03 6.3085e+03 5.7000e+03 4.9701e+19 2.6536e+18 2.6536e+18 4.4725e-02 0.0000e+00 1.0836e+05 0.0000e+00
3.9900e+03 2.5852e-12 6.2858e-01 1.9030e+03 6.3072e+03 5.7000e+03 5.0007e+19 2.6633e+18 2.6633e+18 4.4641e-02 0.0000e+00 1.0853e+05 0.0000e+00
4.0000e+03 2.5753e-12 6.2735e-01 1.9026e+03 6.3058e+03 5.7000e+03 5.0316e+19 2.6729e+18 2.6729e+18 4.4556e-02 0.0000e+00 1.0871e+05 0.0000e+00
4.0100e+03 2.5654e-12 6.2613e-01 1.9022e+03 6.3045e+03 5.7000e+03 5.0627e+19 2.6827e+18 2.6827e+18 4.4471e-02 0.0000e+00 1.0889e+05 0.0000e+00
4.0200e+03 2.5555e-12 6.2492e-01 1.9018e+03 6.3032e+03 5.7000e+03 5.0941e+19 2.6925e+18 2.6925e+18 4.4387e-02 0.0000e+00 1.0907e+05 0.0000e+00
4.0300e+03 2.5457e-12 6.2370e-01 1.9014e+03 6.3018e+03 5.7000e+03 5.1258e+19 2.7023e+18 2.7023e+18 4.4302e-02 0.0000e+00 1.0925e+05 0.0000e+00
4.0400e+03 2.5359e-12 6.2250e-01 1.9010e+03 6.3005e+03 5.7000e+03 5.1577e+19 2.7122e+18 2.7122e+18 4.4218e-02 0.0000e+00 1.0944e+05 0.0000e+00
4.0500e+03 2.5262e-12 6.2129e-01 1.9006e+03 6.2992e+03 5.7000e+03 5.1899e+19 2.7221e+18 2.7221e+18 4.4133e-02 0.0000e+00 1.0962e+05 0.0000e+00
4.0600e+03 2.5165e-12 6.2009e-01 1.9002e+03 6.2978e+03 5.7000e+03 5.2224e+19 2.7321e+18 2.7321e+18 4.4049e-02 0.0000e+00 1.0980e+05 0.0000e+00
4.0700e+03 2.5068e-12 6.1890e-01 1.8998e+03 6.2965e+03 5.7000e+03 5.2552e+19 2.7422e+18 2.7422e+18 4.3965e-02 0.0000e+00 1.0998e+05 0.0000e+00
4.0800e+03 2.4972e-12 6.1771e-01 1.8994e+03 6.2951e+03 5.7000e+03 5.2883e+19 2.7523e+18 2.7523e+18 4.3880e-02 0.0000e+00 1.1017e+05 0.0000e+00
4.0900e+03 2.4876e-12 6.1652e-01 1.8990e+03 6.2938e+03 5.7000e+03 5.3216e+19 2.7624e+18 2.7624e+18 4.3796e-02 0.0000e+00 1.1035e+05 0.0000e+00
4.1000e+03 2.4781e-12 6.1534e-01 1.8986e+03 6.2924e+03 5.7000e+03 5.3552e+19 2.7726e+18 2.7726e+18 4.3711e-02 0.0000e+00 1.1054e+05 0.0000e+00
4.1100e+03 2.4685e-12 6.1416e-01 1.8982e+03 6.2911e+03 5.7000e+03 5.3892e+19 2.7829e+18 2.7829e+18 4.3627e-02 0.0000e+00 1.1072e+05 0.0000e+00
4.1200e+03 2.4591e-12 6.1299e-01 1.8978e+03 6.2897e+03 5.7000e+03 5.4234e+19 2.7932e+18 2.7932e+18 4.3543e-02 0.0000e+00 1.1091e+05 0.0000e+00
4.1300e+03 2.4496e-12 6.1182e-01 1.8973e+03 6.2884e+03 5.7000e+03 5.4579e+19 2.8036e+18 2.8036e+18 4.3459e-02 0.0000e+00 1.1109e+05 0.0000e+00
4.1400e+03 2.4402e-12 6.1065e-01 1.8969e+03 6.2870e+03 5.7000e+03 5.4927e+19 2.8140e+18 2.8140e+18 4.3374e-02 0.0000e+00 1.1128e+05 0.0000e+00
4.1500e+03 2.4308e-12 6.0949e-01 1.8965e+03 6.2857e+03 5.7000e+03 5.5278e+19 2.8245e+18 2.8245e+18 4.3290e-02 0.0000e+00 1.1147e+05 0.0000e+00
4.1600e+03 2.4215e-12 6.0833e-01 1.8961e+03 6.2843e+03 5.7000e+03 5.5632e+19 2.8350e+18 2.8350e+18 4.3206e-02 0.0000e+00 1.1166e+05 0.0000e+00
4.1700e+03 2.4122e-12 6.0717e-01 1.8957e+03 6.2830e+03 5.7000e+03 5.5989e+19 2.8456e+18 2.8456e+18 4.3122e-02 0.0000e+00 1.1185e+05 0.0000e+00
4.1800e+03 2.4029e-12 6.0602e-01 1.8953e+03 6.2816e+03 5.7000e+03 5.6349e+19 2.8563e+18 2.8563e+18 4.3038e-02 0.0000e+00 1.1204e+05 0.0000e+00
4.1900e+03 2.3937e-12 6.0488e-01 1.8949e+03 6.2802e+03 5.7000e+03 5.6712e+19 2.8669e+18 2.8669e+18 4.2954e-02 0.0000e+00 1.1223e+05 0.0000e+00
4.2000e+03 2.3845e-12 6.0373e-01 1.8945e+03 6.2789e+03 5.7000e+03 5.7078e+19 2.8777e+18 2.8777e+18 4.2870e-02 0.0000e+00 1.1242e+05 0.0000e+00
4.2100e+03 2.3754e-12 6.0259e-01 1.8941e+03 6.2775e+03 5.7000e+03 5.7447e+19 2.8885e+18 2.8885e+18 4.2786e-02 0.0000e+00 1.1261e+05 0.0000e+00
4.2200e+03 2.3663e-12 6.0146e-01 1.8937e+03 6.2761e+03 5.7000e+03 5.7819e+19 2.8994e+18 2.8994e+18 4.2703e-02 0.0000e+00 1.1280e+05 0.0000e+00
4.2300e+03 2.3572e-12 6.0032e-01 1.8932e+03 6.2748e+03 5.7000e+03 5.8195e+19 2.9103e+18 2.9103e+18 4.2619e-02 0.0000e+00 1.1299e+05 0.0000e+00
4.2400e+03 2.3481e-12 5.9919e-01 1.8928e+03 6.2734e+03 5.7000e+03 5.8574e+19 2.9213e+18 2.9213e+18 4.2535e-02 0.0000e+00 1.1319e+05 0.0000e+00
4.2500e+03 2.3391e-12 5.9807e-01 1.8924e+03 6.2720e+03 5.7000e+03 5.8956e+19 2.9323e+18 2.9323e+18 4.2452e-02 0.0000e+00 1.1338e+05 0.0000e+00
4.2600e+03 2.3301e-12 5.9695e-01 1.8920e+03 6.2707e+03 5.7000e+03 5.9341e+19 2.9434e+18 2.9434e+18 4.2368e-02 0.0000e+00 1.1358e+05 0.0000e+00
4.2700e+03 2.3212e-12 5.9583e-01 1.8916e+03 6.2693e+03 5.7000e+03 5.9730e+19 2.9545e+18 2.9545e+18 4.2285e-02 0.0000e+00 1.1377e+05 0.0000e+00
4.2800e+03 2.3123e-12 5.9471e-01 1.8912e+03 6.2679e+03 5.7000e+03 6.0121e+19 2.9657e+18 2.9657e+18 4.2201e-02 0.0000e+00 1.1397e+05 0.0000e+00
4.2900e+03 2.3034e-12 5.9360e-01 1.8908e+03 6.2666e+03 5.7000e+03 6.0517e+19 2.9770e+18 2.9770e+18 4.2118e-02 0.0000e+00 1.1416e+05 0.0000e+00
4.3000e+03 2.2945e-12 5.9249e-01 1.8903e+03 6.2652e+03 5.7000e+03 6.0915e+19 2.9883e+18 2.9883e+18 4.2035e-02 0.0000e+00 1.1436e+05 0.0000e+00
4.3100e+03 2.2857e-12 5.9139e-01 1.8899e+03 6.2638e+03 5.7000e+03 6.1317e+19 2.9997e+18 2.9997e+18 4.1951e-02 0.0000e+00 1.1456e+05 0.0000e+00
4.3200e+03 2.2769e-12 5.9029e-01 1.8895e+03 6.2624e+03 5.7000e+03 6.1722e+19 3.0111e+18 3.0111e+18 4.1868e-02 0.0000e+00 1.1475e+05 0.0000e+00
4.3300e+03 2.2682e-12 5.8919e-01 1.8891e+03 6.2611e+03 5.7000e+03 6.2131e+19 3.0226e+18 3.0226e+18 4.1785e-02 0.0000e+00 1.1495e+05 0.0000e+00
4.3400e+03 2.2595e-12 5.8810e-01 1.8887e+03 6.2597e+03 5.7000e+03 6.2543e+19 3.0341e+18 3.0341e+18 4.1702e-02 0.0000e+00 1.1515e+05 0.0000e+00
4.3500e+03 2.2508e-12 5.8700e-01 1.8883e+03 6.2583e+03 5.7000e+03 6.2959e+19 3.0457e+18 3.0457e+18 4.1619e-02 0.0000e+00 1.1535e+05 0.0000e+00
4.3600e+03 2.2422e-12 5.8592e-01 1.8879e+03 6.2569e+03 5.7000e+03 6.3378e+19 3.0574e+18 3.0574e+18 4.1536e-02 0.0000e+00 1.1555e+05 0.0000e+00
4.3700e+03 2.2336e-12 5.8483e-01 1.8874e+03 6.2555e+03 5.7000e+03 6.3801e+19 3.0691e+18 3.0691e+18 4.1454e-02 0.0000e+00 1.1575e+05 0.0000e+00
4.3800e+03 2.2250e-12 5.8375e-01 1.8870e+03 6.2542e+03 5.7000e+03 6.4227e+19 3.0808e+18 3.0808e+18 4.1371e-02 0.0000e+00 1.1595e+05 0.0000e+00
4.3900e+03 2.2164e-12 5.8267e-01 1.8866e+03 6.2528e+03 5.7000e+03 6.4657e+19 3.0927e+18 3.0927e+18 4.1289e-02 0.0000e+00 1.1615e+05 0.0000e+00
4.4000e+03 2.2079e-12 5.8160e-01 1.8862e+03 6.2514e+03 5.7000e+03 6.5090e+19 3.1045e+18 3.1045e+18 4.1206e-02 0.0000e+00 1.1636e+05 0.0000e+00
4.4100e+03 2.1994e-12 5.8052e-01 1.8858e+03 6.2500e+03 5.7000e+03 6.5527e+19 3.1165e+18 3.1165e+18 4.1124e-02 0.0000e+00 1.1656e+05 0.0000e+00
4.4200e+03 2.1910e-12 5.7945e-01 1.8853e+03 6.2486e+03 5.7000e+03 6.5968e+19 3.1285e+18 3.1285e+18 4.1041e-02 0.0000e+00 1.1676e+05 0.0000e+00
4.4300e+03 2.1826e-12 5.7839e-01 1.8849e+03 6.2472e+03 5.7000e+03 6.6413e+19 3.1405e+18 3.1405e+18 4.0959e-02 0.0000e+00 1.1697e+05 0.0000e+00
4.4400e+03 2.1742e-12 5.7732e-01 1.8845e+03 6.2459e+03 5.7000e+03 6.6861e+19 3.1526e+18 3.1526e+18 4.0877e-02 0.0000e+00 1.1717e+05 0.0000e+00
4.4500e+03 2.1659e-12 5.7626e-01 1.8841e+03 6.2445e+03 5.7000e+03 6.7313e+19 3.1648e+18 3.1648e+18 4.0795e-02 0.0000e+00 1.1737e+05 0.0000e+00
4.4600e+03 2.1575e-12 5.7521e-01 1.8837e+03 6.2431e+03 5.7000e+03 6.7769e+19 3.1770e+18 3.1770e+18 4.0713e-02 0.0000e+00 1.1758e+05 0.0000e+00
4.4700e+03 2.1493e-12 5.7415e-01 1.8833e+03 6.2417e+03 5.7000e+03 6.8229e+19 3.1893e+18 3.1893e+18 4.0631e-02 0.0000e+00 1.1779e+05 0.0000e+00
4.4800e+03 2.1410e-12 5.7310e-01 1.8828e+03 6.2403e+03 5.7000e+03 6.8693e+19 3.2017e+18 3.2017e+18 4.0549e-02 0.0000e+00 1.1799e+05 0.0000e+00
4.4900e+03 2.1328e-12 5.7205e-01 1.8824e+03 6.2389e+03 5.7000e+03 6.9160e+19 3.2141e+18 3.2141e+18 4.0468e-02 0.0000e+00 1.1820e+05 0.0000e+00
4.5000e+03 2.1246e-12 5.7101e-01 1.8820e+03 6.2375e+03 5.7000e+03 6.9632e+19 3.2266e+18 3.2266e+18 4.0386e-02 0.0000e+00 1.1841e+05 0.0000e+00
4.5100e+03 2.1164e-12 5.6996e-01 1.8816e+03 6.2361e+03 5.7000e+03 7.0107e+19 3.2391e+18 3.2391e+18 4.0305e-02 0.0000e+00 1.1862e+05 0.0000e+00
4.5200e+03 2.1083e-12 5.6892e-01 1.8812e+03 6.2348e+03 5.7000e+03 7.0586e+19 3.2517e+18 3.2517e+18 4.0223e-02 0.0000e+00 1.1882e+05 0.0000e+00
4.5300e+03 2.1002e-12 5.6789e-01 1.8807e+03 6.2334e+03 5.7000e+03 7.1070e+19 3.2643e+18 3.2643e+18 4.0142e-02 0.0000e+00 1.1903e+05 0.0000e+00
4.5400e+03 2.0921e-12 5.6685e-01 1.8803e+03 6.2320e+03 5.7000e+03 7.1557e+19 3.2770e+18 3.2770e+18 4.0061e-02 0.0000e+00 1.1924e+05 0.0000e+00
4.5500e+03 0.0000e+00 0.0000e+00 1.8799e+03 0.0000e+00 5.7000e+03 0.0000e+00 0.0000e+00 0.0000e+00 0.0000e+00 0.0000e+00 0.0000e+00 0.0000e+00
