0.0000e+00 1.2000e-11 7.8845e-01 1.7000e+03 2.5854e+03 4.4000e+03 1.9348e+20 2.2409e+20 2.2409e+20 8.7333e-02 0.0000e+00 4.8504e+04 0.0000e+00
1.0000e+01 1.1954e-11 7.8691e-01 1.6992e+03 2.5841e+03 4.4000e+03 1.9412e+20 2.2652e+20 2.2652e+20 8.7168e-02 0.0000e+00 4.8567e+04 0.0000e+00
2.0000e+01 1.1908e-11 7.8742e-01 1.6983e+03 2.5828e+03 4.4000e+03 1.9628e+20 2.2898e+20 2.2898e+20 8.6777e-02 0.0000e+00 4.8756e+04 0.0000e+00
3.0000e+01 1.1862e-11 7.8808e-01 1.6975e+03 2.5815e+03 4.4000e+03 1.9857e+20 2.3146e+20 2.3146e+20 8.6372e-02 0.0000e+00 4.8955e+04 0.0000e+00
4.0000e+01 1.1817e-11 7.8872e-01 1.6966e+03 2.5802e+03 4.4000e+03 2.0089e+20 2.3395e+20 2.3395e+20 8.5970e-02 0.0000e+00 4.9155e+04 0.0000e+00
5.0000e+01 1.1771e-11 7.8934e-01 1.6958e+03 2.5790e+03 4.4000e+03 2.0323e+20 2.3645e+20 2.3645e+20 8.5573e-02 0.0000e+00 4.9354e+04 0.0000e+00
6.0000e+01 1.1726e-11 7.8994e-01 1.6950e+03 2.5777e+03 4.4000e+03 2.0557e+20 2.3896e+20 2.3896e+20 8.5179e-02 0.0000e+00 4.9553e+04 0.0000e+00
7.0000e+01 1.1681e-11 7.9052e-01 1.6941e+03 2.5765e+03 4.4000e+03 2.0793e+20 2.4148e+20 2.4148e+20 8.4790e-02 0.0000e+00 4.9751e+04 0.0000e+00
8.0000e+01 1.1636e-11 7.9107e-01 1.6933e+03 2.5752e+03 4.4000e+03 2.1030e+20 2.4401e+20 2.4401e+20 8.4405e-02 0.0000e+00 4.9949e+04 0.0000e+00
9.0000e+01 1.1592e-11 7.9161e-01 1.6925e+03 2.5740e+03 4.4000e+03 2.1268e+20 2.4655e+20 2.4655e+20 8.4024e-02 0.0000e+00 5.0147e+04 0.0000e+00
1.0000e+02 1.1547e-11 7.9212e-01 1.6917e+03 2.5728e+03 4.4000e+03 2.1508e+20 2.4910e+20 2.4910e+20 8.3647e-02 0.0000e+00 5.0344e+04 0.0000e+00
1.1000e+02 1.1503e-11 7.9262e-01 1.6909e+03 2.5716e+03 4.4000e+03 2.1749e+20 2.5166e+20 2.5166e+20 8.3274e-02 0.0000e+00 5.0541e+04 0.0000e+00
1.2000e+02 1.1459e-11 7.9309e-01 1.6901e+03 2.5704e+03 4.4000e+03 2.1991e+20 2.5424e+20 2.5424e+20 8.2905e-02 0.0000e+00 5.0738e+04 0.0000e+00
1.3000e+02 1.1415e-11 7.9355e-01 1.6893e+03 2.5692e+03 4.4000e+03 2.2235e+20 2.5682e+20 2.5682e+20 8.2539e-02 0.0000e+00 5.0934e+04 0.0000e+00
1.4000e+02 1.1371e-11 7.9399e-01 1.6886e+03 2.5680e+03 4.4000e+03 2.2480e+20 2.5942e+20 2.5942e+20 8.2176e-02 0.0000e+00 5.1130e+04 0.0000e+00
1.5000e+02 1.1327e-11 7.9441e-01 1.6878e+03 2.5668e+03 4.4000e+03 2.2727e+20 2.6202e+20 2.6202e+20 8.1818e-02 0.0000e+00 5.1326e+04 0.0000e+00
1.6000e+02 1.1284e-11 7.9481e-01 1.6870e+03 2.5656e+03 4.4000e+03 2.2975e+20 2.6464e+20 2.6464e+20 8.1462e-02 0.0000e+00 5.1522e+04 0.0000e+00
1.7000e+02 1.1240e-11 7.9519e-01 1.6863e+03 2.5645e+03 4.4000e+03 2.3225e+20 2.6727e+20 2.6727e+20 8.1110e-02 0.0000e+00 5.1717e+04 0.0000e+00
1.8000e+02 1.1197e-11 7.9556e-01 1.6855e+03 2.5633e+03 4.4000e+03 2.3476e+20 2.6991e+20 2.6991e+20 8.0762e-02 0.0000e+00 5.1912e+04 0.0000e+00
1.9000e+02 1.1154e-11 7.9591e-01 1.6847e+03 2.5622e+03 4.4000e+03 2.3728e+20 2.7257e+20 2.7257e+20 8.0416e-02 0.0000e+00 5.2107e+04 0.0000e+00
2.0000e+02 1.1111e-11 7.9625e-01 1.6840e+03 2.5610e+03 4.4000e+03 2.3982e+20 2.7523e+20 2.7523e+20 8.0073e-02 0.0000e+00 5.2301e+04 0.0000e+00
2.1000e+02 1.1069e-11 7.9656e-01 1.6832e+03 2.5599e+03 4.4000e+03 2.4238e+20 2.7791e+20 2.7791e+20 7.9734e-02 0.0000e+00 5.2496e+04 0.0000e+00
2.2000e+02 1.1026e-11 7.9687e-01 1.6825e+03 2.5588e+03 4.4000e+03 2.4495e+20 2.8061e+20 2.8061e+20 7.9398e-02 0.0000e+00 5.2690e+04 0.0000e+00
2.3000e+02 1.0984e-11 7.9716e-01 1.6818e+03 2.5576e+03 4.4000e+03 2.4754e+20 2.8331e+20 2.8331e+20 7.9064e-02 0.0000e+00 5.2885e+04 0.0000e+00
2.4000e+02 1.0942e-11 7.9743e-01 1.6810e+03 2.5565e+03 4.4000e+03 2.5014e+20 2.8603e+20 2.8603e+20 7.8734e-02 0.0000e+00 5.3079e+04 0.0000e+00
2.5000e+02 1.0900e-11 7.9769e-01 1.6803e+03 2.5554e+03 4.4000e+03 2.5276e+20 2.8876e+20 2.8876e+20 7.8406e-02 0.0000e+00 5.3273e+04 0.0000e+00
2.6000e+02 1.0858e-11 7.9793e-01 1.6796e+03 2.5543e+03 4.4000e+03 2.5540e+20 2.9151e+20 2.9151e+20 7.8081e-02 0.0000e+00 5.3467e+04 0.0000e+00
2.7000e+02 1.0816e-11 7.9817e-01 1.6788e+03 2.5532e+03 4.4000e+03 2.5805e+20 2.9427e+20 2.9427e+20 7.7758e-02 0.0000e+00 5.3660e+04 0.0000e+00
2.8000e+02 1.0774e-11 7.9838e-01 1.6781e+03 2.5521e+03 4.4000e+03 2.6072e+20 2.9704e+20 2.9704e+20 7.7439e-02 0.0000e+00 5.3854e+04 0.0000e+00
2.9000e+02 1.0733e-11 7.9859e-01 1.6774e+03 2.5510e+03 4.4000e+03 2.6341e+20 2.9982e+20 2.9982e+20 7.7121e-02 0.0000e+00 5.4048e+04 0.0000e+00
3.0000e+02 1.0692e-11 7.9878e-01 1.6767e+03 2.5499e+03 4.4000e+03 2.6611e+20 3.0262e+20 3.0262e+20 7.6807e-02 0.0000e+00 5.4241e+04 0.0000e+00
3.1000e+02 1.0651e-11 7.9896e-01 1.6760e+03 2.5489e+03 4.4000e+03 2.6883e+20 3.0544e+20 3.0544e+20 7.6495e-02 0.0000e+00 5.4435e+04 0.0000e+00
3.2000e+02 1.0610e-11 7.9913e-01 1.6753e+03 2.5478e+03 4.4000e+03 2.7157e+20 3.0827e+20 3.0827e+20 7.6185e-02 0.0000e+00 5.4628e+04 0.0000e+00
3.3000e+02 1.0569e-11 7.9928e-01 1.6746e+03 2.5467e+03 4.4000e+03 2.7433e+20 3.1111e+20 3.1111e+20 7.5878e-02 0.0000e+00 5.4822e+04 0.0000e+00
3.4000e+02 1.0529e-11 7.9942e-01 1.6739e+03 2.5457e+03 4.4000e+03 2.7711e+20 3.1397e+20 3.1397e+20 7.5573e-02 0.0000e+00 5.5015e+04 0.0000e+00
3.5000e+02 1.0488e-11 7.9956e-01 1.6732e+03 2.5446e+03 4.4000e+03 2.7990e+20 3.1684e+20 3.1684e+20 7.5270e-02 0.0000e+00 5.5209e+04 0.0000e+00
3.6000e+02 1.0448e-11 7.9968e-01 1.6725e+03 2.5436e+03 4.4000e+03 2.8271e+20 3.1973e+20 3.1973e+20 7.4970e-02 0.0000e+00 5.5402e+04 0.0000e+00
3.7000e+02 1.0408e-11 7.9979e-01 1.6718e+03 2.5425e+03 4.4000e+03 2.8555e+20 3.2263e+20 3.2263e+20 7.4672e-02 0.0000e+00 5.5596e+04 0.0000e+00
3.8000e+02 1.0368e-11 7.9988e-01 1.6711e+03 2.5415e+03 4.4000e+03 2.8840e+20 3.2555e+20 3.2555e+20 7.4376e-02 0.0000e+00 5.5789e+04 0.0000e+00
3.9000e+02 1.0328e-11 7.9997e-01 1.6704e+03 2.5404e+03 4.4000e+03 2.9127e+20 3.2849e+20 3.2849e+20 7.4082e-02 0.0000e+00 5.5983e+04 0.0000e+00
4.0000e+02 1.0288e-11 8.0005e-01 1.6698e+03 2.5394e+03 4.4000e+03 2.9415e+20 3.3144e+20 3.3144e+20 7.3790e-02 0.0000e+00 5.6177e+04 0.0000e+00
4.1000e+02 1.0249e-11 8.0012e-01 1.6691e+03 2.5384e+03 4.4000e+03 2.9706e+20 3.3441e+20 3.3441e+20 7.3501e-02 0.0000e+00 5.6371e+04 0.0000e+00
4.2000e+02 1.0209e-11 8.0018e-01 1.6684e+03 2.5374e+03 4.4000e+03 2.9999e+20 3.3739e+20 3.3739e+20 7.3213e-02 0.0000e+00 5.6564e+04 0.0000e+00
4.3000e+02 1.0170e-11 8.0023e-01 1.6678e+03 2.5363e+03 4.4000e+03 3.0294e+20 3.4039e+20 3.4039e+20 7.2928e-02 0.0000e+00 5.6758e+04 0.0000e+00
4.4000e+02 1.0131e-11 8.0026e-01 1.6671e+03 2.5353e+03 4.4000e+03 3.0591e+20 3.4340e+20 3.4340e+20 7.2644e-02 0.0000e+00 5.6952e+04 0.0000e+00
4.5000e+02 1.0092e-11 8.0029e-01 1.6664e+03 2.5343e+03 4.4000e+03 3.0890e+20 3.4644e+20 3.4644e+20 7.2362e-02 0.0000e+00 5.7146e+04 0.0000e+00
4.6000e+02 1.0054e-11 8.0031e-01 1.6658e+03 2.5333e+03 4.4000e+03 3.1191e+20 3.4949e+20 3.4949e+20 7.2083e-02 0.0000e+00 5.7341e+04 0.0000e+00
4.7000e+02 1.0015e-11 8.0033e-01 1.6651e+03 2.5323e+03 4.4000e+03 3.1494e+20 3.5255e+20 3.5255e+20 7.1805e-02 0.0000e+00 5.7535e+04 0.0000e+00
4.8000e+02 9.9765e-12 8.0033e-01 1.6644e+03 2.5313e+03 4.4000e+03 3.1800e+20 3.5563e+20 3.5563e+20 7.1529e-02 0.0000e+00 5.7730e+04 0.0000e+00
4.9000e+02 9.9382e-12 8.0032e-01 1.6638e+03 2.5303e+03 4.4000e+03 3.2107e+20 3.5874e+20 3.5874e+20 7.1255e-02 0.0000e+00 5.7924e+04 0.0000e+00
5.0000e+02 9.9000e-12 8.0031e-01 1.6631e+03 2.5293e+03 4.4000e+03 3.2417e+20 3.6185e+20 3.6185e+20 7.0982e-02 0.0000e+00 5.8119e+04 0.0000e+00
5.1000e+02 9.8620e-12 8.0029e-01 1.6625e+03 2.5283e+03 4.4000e+03 3.2728e+20 3.6499e+20 3.6499e+20 7.0712e-02 0.0000e+00 5.8314e+04 0.0000e+00
5.2000e+02 9.8241e-12 8.0026e-01 1.6618e+03 2.5273e+03 4.4000e+03 3.3042e+20 3.6814e+20 3.6814e+20 7.0443e-02 0.0000e+00 5.8509e+04 0.0000e+00
5.3000e+02 9.7864e-12 8.0022e-01 1.6612e+03 2.5264e+03 4.4000e+03 3.3359e+20 3.7132e+20 3.7132e+20 7.0175e-02 0.0000e+00 5.8704e+04 0.0000e+00
5.4000e+02 9.7488e-12 8.0018e-01 1.6606e+03 2.5254e+03 4.4000e+03 3.3677e+20 3.7451e+20 3.7451e+20 6.9910e-02 0.0000e+00 5.8900e+04 0.0000e+00
5.5000e+02 9.7114e-12 8.0013e-01 1.6599e+03 2.5244e+03 4.4000e+03 3.3998e+20 3.7771e+20 3.7771e+20 6.9646e-02 0.0000e+00 5.9095e+04 0.0000e+00
5.6000e+02 9.6741e-12 8.0007e-01 1.6593e+03 2.5234e+03 4.4000e+03 3.4321e+20 3.8094e+20 3.8094e+20 6.9384e-02 0.0000e+00 5.9291e+04 0.0000e+00
5.7000e+02 9.6370e-12 8.0000e-01 1.6586e+03 2.5225e+03 4.4000e+03 3.4647e+20 3.8419e+20 3.8419e+20 6.9123e-02 0.0000e+00 5.9487e+04 0.0000e+00
5.8000e+02 9.6000e-12 7.9993e-01 1.6580e+03 2.5215e+03 4.4000e+03 3.4975e+20 3.8745e+20 3.8745e+20 6.8864e-02 0.0000e+00 5.9683e+04 0.0000e+00
5.9000e+02 9.5631e-12 7.9985e-01 1.6574e+03 2.5206e+03 4.4000e+03 3.5305e+20 3.9073e+20 3.9073e+20 6.8606e-02 0.0000e+00 5.9880e+04 0.0000e+00
6.0000e+02 9.5264e-12 7.9976e-01 1.6567e+03 2.5196e+03 4.4000e+03 3.5637e+20 3.9404e+20 3.9404e+20 6.8350e-02 0.0000e+00 6.0077e+04 0.0000e+00
6.1000e+02 9.4898e-12 7.9967e-01 1.6561e+03 2.5186e+03 4.4000e+03 3.5973e+20 3.9736e+20 3.9736e+20 6.8096e-02 0.0000e+00 6.0273e+04 0.0000e+00
6.2000e+02 9.4533e-12 7.9957e-01 1.6555e+03 2.5177e+03 4.4000e+03 3.6310e+20 4.0070e+20 4.0070e+20 6.7843e-02 0.0000e+00 6.0471e+04 0.0000e+00
6.3000e+02 9.4170e-12 7.9946e-01 1.6549e+03 2.5168e+03 4.4000e+03 3.6650e+20 4.0406e+20 4.0406e+20 6.7591e-02 0.0000e+00 6.0668e+04 0.0000e+00
6.4000e+02 9.3809e-12 7.9935e-01 1.6543e+03 2.5158e+03 4.4000e+03 3.6993e+20 4.0745e+20 4.0745e+20 6.7341e-02 0.0000e+00 6.0866e+04 0.0000e+00
6.5000e+02 9.3449e-12 7.9923e-01 1.6536e+03 2.5149e+03 4.4000e+03 3.7338e+20 4.1085e+20 4.1085e+20 6.7093e-02 0.0000e+00 6.1063e+04 0.0000e+00
6.6000e+02 9.3090e-12 7.9910e-01 1.6530e+03 2.5139e+03 4.4000e+03 3.7685e+20 4.1427e+20 4.1427e+20 6.6845e-02 0.0000e+00 6.1262e+04 0.0000e+00
6.7000e+02 9.2732e-12 7.9897e-01 1.6524e+03 2.5130e+03 4.4000e+03 3.8036e+20 4.1771e+20 4.1771e+20 6.6599e-02 0.0000e+00 6.1460e+04 0.0000e+00
6.8000e+02 9.2376e-12 7.9884e-01 1.6518e+03 2.5121e+03 4.4000e+03 3.8388e+20 4.2117e+20 4.2117e+20 6.6355e-02 0.0000e+00 6.1659e+04 0.0000e+00
6.9000e+02 9.2021e-12 7.9870e-01 1.6512e+03 2.5111e+03 4.4000e+03 3.8744e+20 4.2466e+20 4.2466e+20 6.6112e-02 0.0000e+00 6.1858e+04 0.0000e+00
7.0000e+02 9.1668e-12 7.9855e-01 1.6506e+03 2.5102e+03 4.4000e+03 3.9102e+20 4.2816e+20 4.2816e+20 6.5870e-02 0.0000e+00 6.2057e+04 0.0000e+00
7.1000e+02 9.1316e-12 7.9840e-01 1.6500e+03 2.5093e+03 4.4000e+03 3.9463e+20 4.3169e+20 4.3169e+20 6.5630e-02 0.0000e+00 6.2257e+04 0.0000e+00
7.2000e+02 9.0965e-12 7.9824e-01 1.6494e+03 2.5084e+03 4.4000e+03 3.9826e+20 4.3524e+20 4.3524e+20 6.5391e-02 0.0000e+00 6.2456e+04 0.0000e+00
7.3000e+02 9.0616e-12 7.9808e-01 1.6488e+03 2.5074e+03 4.4000e+03 4.0193e+20 4.3881e+20 4.3881e+20 6.5153e-02 0.0000e+00 6.2657e+04 0.0000e+00
7.4000e+02 9.0268e-12 7.9791e-01 1.6481e+03 2.5065e+03 4.4000e+03 4.0562e+20 4.4240e+20 4.4240e+20 6.4916e-02 0.0000e+00 6.2857e+04 0.0000e+00
7.5000e+02 8.9922e-12 7.9774e-01 1.6475e+03 2.5056e+03 4.4000e+03 4.0934e+20 4.4601e+20 4.4601e+20 6.4681e-02 0.0000e+00 6.3058e+04 0.0000e+00
7.6000e+02 8.9576e-12 7.9756e-01 1.6469e+03 2.5047e+03 4.4000e+03 4.1308e+20 4.4964e+20 4.4964e+20 6.4447e-02 0.0000e+00 6.3259e+04 0.0000e+00
7.7000e+02 8.9232e-12 7.9738e-01 1.6464e+03 2.5038e+03 4.4000e+03 4.1686e+20 4.5330e+20 4.5330e+20 6.4214e-02 0.0000e+00 6.3460e+04 0.0000e+00
7.8000e+02 8.8890e-12 7.9719e-01 1.6458e+03 2.5029e+03 4.4000e+03 4.2066e+20 4.5698e+20 4.5698e+20 6.3983e-02 0.0000e+00 6.3662e+04 0.0000e+00
7.9000e+02 8.8548e-12 7.9700e-01 1.6452e+03 2.5020e+03 4.4000e+03 4.2449e+20 4.6068e+20 4.6068e+20 6.3752e-02 0.0000e+00 6.3864e+04 0.0000e+00
8.0000e+02 8.8208e-12 7.9680e-01 1.6446e+03 2.5011e+03 4.4000e+03 4.2836e+20 4.6440e+20 4.6440e+20 6.3523e-02 0.0000e+00 6.4067e+04 0.0000e+00
8.1000e+02 8.7870e-12 7.9660e-01 1.6440e+03 2.5002e+03 4.4000e+03 4.3225e+20 4.6815e+20 4.6815e+20 6.3295e-02 0.0000e+00 6.4269e+04 0.0000e+00
8.2000e+02 8.7532e-12 7.9640e-01 1.6434e+03 2.4993e+03 4.4000e+03 4.3617e+20 4.7192e+20 4.7192e+20 6.3068e-02 0.0000e+00 6.4472e+04 0.0000e+00
8.3000e+02 8.7196e-12 7.9619e-01 1.6428e+03 2.4984e+03 4.4000e+03 4.4012e+20 4.7571e+20 4.7571e+20 6.2842e-02 0.0000e+00 6.4676e+04 0.0000e+00
8.4000e+02 8.6861e-12 7.9598e-01 1.6422e+03 2.4975e+03 4.4000e+03 4.4410e+20 4.7953e+20 4.7953e+20 6.2618e-02 0.0000e+00 6.4880e+04 0.0000e+00
8.5000e+02 8.6528e-12 7.9576e-01 1.6416e+03 2.4966e+03 4.4000e+03 4.4812e+20 4.8337e+20 4.8337e+20 6.2394e-02 0.0000e+00 6.5084e+04 0.0000e+00
8.6000e+02 8.6195e-12 7.9554e-01 1.6410e+03 2.4957e+03 4.4000e+03 4.5216e+20 4.8724e+20 4.8724e+20 6.2172e-02 0.0000e+00 6.5289e+04 0.0000e+00
8.7000e+02 8.5864e-12 7.9531e-01 1.6405e+03 2.4948e+03 4.4000e+03 4.5623e+20 4.9112e+20 4.9112e+20 6.1951e-02 0.0000e+00 6.5494e+04 0.0000e+00
8.8000e+02 8.5535e-12 7.9508e-01 1.6399e+03 2.4939e+03 4.4000e+03 4.6034e+20 4.9504e+20 4.9504e+20 6.1731e-02 0.0000e+00 6.5699e+04 0.0000e+00
8.9000e+02 8.5206e-12 7.9485e-01 1.6393e+03 2.4931e+03 4.4000e+03 4.6448e+20 4.9897e+20 4.9897e+20 6.1512e-02 0.0000e+00 6.5905e+04 0.0000e+00
9.0000e+02 8.4879e-12 7.9461e-01 1.6387e+03 2.4922e+03 4.4000e+03 4.6865e+20 5.0293e+20 5.0293e+20 6.1294e-02 0.0000e+00 6.6111e+04 0.0000e+00
9.1000e+02 8.4553e-12 7.9437e-01 1.6381e+03 2.4913e+03 4.4000e+03 4.7285e+20 5.0692e+20 5.0692e+20 6.1077e-02 0.0000e+00 6.6317e+04 0.0000e+00
9.2000e+02 8.4228e-12 7.9413e-01 1.6376e+03 2.4904e+03 4.4000e+03 4.7709e+20 5.1093e+20 5.1093e+20 6.0861e-02 0.0000e+00 6.6524e+04 0.0000e+00
9.3000e+02 8.3905e-12 7.9388e-01 1.6370e+03 2.4896e+03 4.4000e+03 4.8136e+20 5.1497e+20 5.1497e+20 6.0646e-02 0.0000e+00 6.6731e+04 0.0000e+00
9.4000e+02 8.3583e-12 7.9363e-01 1.6364e+03 2.4887e+03 4.4000e+03 4.8566e+20 5.1903e+20 5.1903e+20 6.0432e-02 0.0000e+00 6.6939e+04 0.0000e+00
9.5000e+02 8.3262e-12 7.9338e-01 1.6359e+03 2.4878e+03 4.4000e+03 4.9000e+20 5.2311e+20 5.2311e+20 6.0219e-02 0.0000e+00 6.7147e+04 0.0000e+00
9.6000e+02 8.2942e-12 7.9312e-01 1.6353e+03 2.4870e+03 4.4000e+03 4.9437e+20 5.2722e+20 5.2722e+20 6.0008e-02 0.0000e+00 6.7356e+04 0.0000e+00
9.7000e+02 8.2624e-12 7.9286e-01 1.6347e+03 2.4861e+03 4.4000e+03 4.9877e+20 5.3136e+20 5.3136e+20 5.9797e-02 0.0000e+00 6.7564e+04 0.0000e+00
9.8000e+02 8.2306e-12 7.9260e-01 1.6341e+03 2.4852e+03 4.4000e+03 5.0321e+20 5.3552e+20 5.3552e+20 5.9587e-02 0.0000e+00 6.7774e+04 0.0000e+00
9.9000e+02 8.1990e-12 7.9233e-01 1.6336e+03 2.4844e+03 4.4000e+03 5.0768e+20 5.3971e+20 5.3971e+20 5.9378e-02 0.0000e+00 6.7984e+04 0.0000e+00
1.0000e+03 8.1675e-12 7.9206e-01 1.6330e+03 2.4835e+03 4.4000e+03 5.1219e+20 5.4393e+20 5.4393e+20 5.9170e-02 0.0000e+00 6.8194e+04 0.0000e+00
1.0100e+03 8.1362e-12 7.9179e-01 1.6325e+03 2.4827e+03 4.4000e+03 5.1673e+20 5.4817e+20 5.4817e+20 5.8963e-02 0.0000e+00 6.8404e+04 0.0000e+00
1.0200e+03 8.1049e-12 7.9151e-01 1.6319e+03 2.4818e+03 4.4000e+03 5.2131e+20 5.5244e+20 5.5244e+20 5.8758e-02 0.0000e+00 6.8615e+04 0.0000e+00
1.0300e+03 8.0738e-12 7.9123e-01 1.6313e+03 2.4809e+03 4.4000e+03 5.2593e+20 5.5674e+20 5.5674e+20 5.8552e-02 0.0000e+00 6.8827e+04 0.0000e+00
1.0400e+03 8.0428e-12 7.9095e-01 1.6308e+03 2.4801e+03 4.4000e+03 5.3058e+20 5.6106e+20 5.6106e+20 5.8348e-02 0.0000e+00 6.9039e+04 0.0000e+00
1.0500e+03 8.0119e-12 7.9067e-01 1.6302e+03 2.4792e+03 4.4000e+03 5.3527e+20 5.6541e+20 5.6541e+20 5.8145e-02 0.0000e+00 6.9251e+04 0.0000e+00
1.0600e+03 7.9812e-12 7.9038e-01 1.6297e+03 2.4784e+03 4.4000e+03 5.4000e+20 5.6979e+20 5.6979e+20 5.7943e-02 0.0000e+00 6.9464e+04 0.0000e+00
1.0700e+03 7.9505e-12 7.9009e-01 1.6291e+03 2.4776e+03 4.4000e+03 5.4476e+20 5.7419e+20 5.7419e+20 5.7742e-02 0.0000e+00 6.9677e+04 0.0000e+00
1.0800e+03 7.9200e-12 7.8980e-01 1.6285e+03 2.4767e+03 4.4000e+03 5.4956e+20 5.7862e+20 5.7862e+20 5.7541e-02 0.0000e+00 6.9891e+04 0.0000e+00
1.0900e+03 7.8896e-12 7.8950e-01 1.6280e+03 2.4759e+03 4.4000e+03 5.5440e+20 5.8308e+20 5.8308e+20 5.7342e-02 0.0000e+00 7.0105e+04 0.0000e+00
1.1000e+03 7.8593e-12 7.8921e-01 1.6274e+03 2.4750e+03 4.4000e+03 5.5928e+20 5.8757e+20 5.8757e+20 5.7143e-02 0.0000e+00 7.0320e+04 0.0000e+00
1.1100e+03 7.8291e-12 7.8891e-01 1.6269e+03 2.4742e+03 4.4000e+03 5.6420e+20 5.9209e+20 5.9209e+20 5.6945e-02 0.0000e+00 7.0535e+04 0.0000e+00
1.1200e+03 7.7990e-12 7.8860e-01 1.6263e+03 2.4733e+03 4.4000e+03 5.6915e+20 5.9663e+20 5.9663e+20 5.6748e-02 0.0000e+00 7.0751e+04 0.0000e+00
1.1300e+03 7.7691e-12 7.8830e-01 1.6258e+03 2.4725e+03 4.4000e+03 5.7415e+20 6.0121e+20 6.0121e+20 5.6552e-02 0.0000e+00 7.0967e+04 0.0000e+00
1.1400e+03 7.7392e-12 7.8799e-01 1.6252e+03 2.4717e+03 4.4000e+03 5.7918e+20 6.0581e+20 6.0581e+20 5.6357e-02 0.0000e+00 7.1184e+04 0.0000e+00
1.1500e+03 7.7095e-12 7.8768e-01 1.6247e+03 2.4708e+03 4.4000e+03 5.8426e+20 6.1044e+20 6.1044e+20 5.6163e-02 0.0000e+00 7.1401e+04 0.0000e+00
1.1600e+03 7.6799e-12 7.8737e-01 1.6241e+03 2.4700e+03 4.4000e+03 5.8937e+20 6.1510e+20 6.1510e+20 5.5969e-02 0.0000e+00 7.1618e+04 0.0000e+00
1.1700e+03 7.6504e-12 7.8705e-01 1.6236e+03 2.4692e+03 4.4000e+03 5.9453e+20 6.1979e+20 6.1979e+20 5.5777e-02 0.0000e+00 7.1836e+04 0.0000e+00
1.1800e+03 7.6211e-12 7.8674e-01 1.6231e+03 2.4684e+03 4.4000e+03 5.9973e+20 6.2451e+20 6.2451e+20 5.5585e-02 0.0000e+00 7.2055e+04 0.0000e+00
1.1900e+03 7.5918e-12 7.8642e-01 1.6225e+03 2.4675e+03 4.4000e+03 6.0497e+20 6.2926e+20 6.2926e+20 5.5394e-02 0.0000e+00 7.2274e+04 0.0000e+00
1.2000e+03 7.5626e-12 7.8610e-01 1.6220e+03 2.4667e+03 4.4000e+03 6.1025e+20 6.3404e+20 6.3404e+20 5.5204e-02 0.0000e+00 7.2493e+04 0.0000e+00
1.2100e+03 7.5336e-12 7.8577e-01 1.6214e+03 2.4659e+03 4.4000e+03 6.1557e+20 6.3885e+20 6.3885e+20 5.5015e-02 0.0000e+00 7.2713e+04 0.0000e+00
1.2200e+03 7.5047e-12 7.8545e-01 1.6209e+03 2.4651e+03 4.4000e+03 6.2094e+20 6.4369e+20 6.4369e+20 5.4826e-02 0.0000e+00 7.2934e+04 0.0000e+00
1.2300e+03 7.4758e-12 7.8512e-01 1.6204e+03 2.4642e+03 4.4000e+03 6.2635e+20 6.4857e+20 6.4857e+20 5.4638e-02 0.0000e+00 7.3155e+04 0.0000e+00
1.2400e+03 7.4471e-12 7.8479e-01 1.6198e+03 2.4634e+03 4.4000e+03 6.3180e+20 6.5347e+20 6.5347e+20 5.4451e-02 0.0000e+00 7.3376e+04 0.0000e+00
1.2500e+03 7.4185e-12 7.8446e-01 1.6193e+03 2.4626e+03 4.4000e+03 6.3729e+20 6.5840e+20 6.5840e+20 5.4265e-02 0.0000e+00 7.3598e+04 0.0000e+00
1.2600e+03 7.3901e-12 7.8412e-01 1.6187e+03 2.4618e+03 4.4000e+03 6.4283e+20 6.6336e+20 6.6336e+20 5.4080e-02 0.0000e+00 7.3821e+04 0.0000e+00
1.2700e+03 7.3617e-12 7.8379e-01 1.6182e+03 2.4610e+03 4.4000e+03 6.4842e+20 6.6836e+20 6.6836e+20 5.3895e-02 0.0000e+00 7.4044e+04 0.0000e+00
1.2800e+03 7.3334e-12 7.8345e-01 1.6177e+03 2.4602e+03 4.4000e+03 6.5405e+20 6.7339e+20 6.7339e+20 5.3711e-02 0.0000e+00 7.4268e+04 0.0000e+00
1.2900e+03 7.3052e-12 7.8311e-01 1.6171e+03 2.4594e+03 4.4000e+03 6.5972e+20 6.7844e+20 6.7844e+20 5.3528e-02 0.0000e+00 7.4492e+04 0.0000e+00
1.3000e+03 7.2772e-12 7.8277e-01 1.6166e+03 2.4586e+03 4.4000e+03 6.6544e+20 6.8353e+20 6.8353e+20 5.3346e-02 0.0000e+00 7.4716e+04 0.0000e+00
1.3100e+03 7.2493e-12 7.8243e-01 1.6161e+03 2.4577e+03 4.4000e+03 6.7121e+20 6.8866e+20 6.8866e+20 5.3165e-02 0.0000e+00 7.4941e+04 0.0000e+00
1.3200e+03 7.2214e-12 7.8208e-01 1.6155e+03 2.4569e+03 4.4000e+03 6.7702e+20 6.9381e+20 6.9381e+20 5.2984e-02 0.0000e+00 7.5167e+04 0.0000e+00
1.3300e+03 7.1937e-12 7.8173e-01 1.6150e+03 2.4561e+03 4.4000e+03 6.8288e+20 6.9900e+20 6.9900e+20 5.2804e-02 0.0000e+00 7.5393e+04 0.0000e+00
1.3400e+03 7.1661e-12 7.8139e-01 1.6145e+03 2.4553e+03 4.4000e+03 6.8879e+20 7.0422e+20 7.0422e+20 5.2624e-02 0.0000e+00 7.5620e+04 0.0000e+00
1.3500e+03 7.1385e-12 7.8104e-01 1.6140e+03 2.4545e+03 4.4000e+03 6.9474e+20 7.0947e+20 7.0947e+20 5.2446e-02 0.0000e+00 7.5848e+04 0.0000e+00
1.3600e+03 7.1111e-12 7.8068e-01 1.6134e+03 2.4537e+03 4.4000e+03 7.0075e+20 7.1476e+20 7.1476e+20 5.2268e-02 0.0000e+00 7.6075e+04 0.0000e+00
1.3700e+03 7.0838e-12 7.8033e-01 1.6129e+03 2.4529e+03 4.4000e+03 7.0680e+20 7.2008e+20 7.2008e+20 5.2091e-02 0.0000e+00 7.6304e+04 0.0000e+00
1.3800e+03 7.0566e-12 7.7997e-01 1.6124e+03 2.4521e+03 4.4000e+03 7.1290e+20 7.2543e+20 7.2543e+20 5.1914e-02 0.0000e+00 7.6533e+04 0.0000e+00
1.3900e+03 7.0295e-12 7.7962e-01 1.6119e+03 2.4513e+03 4.4000e+03 7.1905e+20 7.3082e+20 7.3082e+20 5.1739e-02 0.0000e+00 7.6762e+04 0.0000e+00
1.4000e+03 7.0025e-12 7.7926e-01 1.6113e+03 2.4505e+03 4.4000e+03 7.2525e+20 7.3624e+20 7.3624e+20 5.1564e-02 0.0000e+00 7.6992e+04 0.0000e+00
1.4100e+03 6.9756e-12 7.7890e-01 1.6108e+03 2.4498e+03 4.4000e+03 7.3150e+20 7.4169e+20 7.4169e+20 5.1390e-02 0.0000e+00 7.7223e+04 0.0000e+00
1.4200e+03 6.9489e-12 7.7854e-01 1.6103e+03 2.4490e+03 4.4000e+03 7.3780e+20 7.4718e+20 7.4718e+20 5.1216e-02 0.0000e+00 7.7454e+04 0.0000e+00
1.4300e+03 6.9222e-12 7.7817e-01 1.6098e+03 2.4482e+03 4.4000e+03 7.4415e+20 7.5270e+20 7.5270e+20 5.1043e-02 0.0000e+00 7.7686e+04 0.0000e+00
1.4400e+03 6.8956e-12 7.7781e-01 1.6093e+03 2.4474e+03 4.4000e+03 7.5055e+20 7.5826e+20 7.5826e+20 5.0871e-02 0.0000e+00 7.7918e+04 0.0000e+00
1.4500e+03 6.8691e-12 7.7744e-01 1.6087e+03 2.4466e+03 4.4000e+03 7.5700e+20 7.6385e+20 7.6385e+20 5.0700e-02 0.0000e+00 7.8151e+04 0.0000e+00
1.4600e+03 6.8427e-12 7.7708e-01 1.6082e+03 2.4458e+03 4.4000e+03 7.6351e+20 7.6948e+20 7.6948e+20 5.0529e-02 0.0000e+00 7.8385e+04 0.0000e+00
1.4700e+03 6.8165e-12 7.7671e-01 1.6077e+03 2.4450e+03 4.4000e+03 7.7007e+20 7.7515e+20 7.7515e+20 5.0359e-02 0.0000e+00 7.8619e+04 0.0000e+00
1.4800e+03 6.7903e-12 7.7634e-01 1.6072e+03 2.4442e+03 4.4000e+03 7.7668e+20 7.8085e+20 7.8085e+20 5.0189e-02 0.0000e+00 7.8854e+04 0.0000e+00
1.4900e+03 6.7642e-12 7.7596e-01 1.6067e+03 2.4435e+03 4.4000e+03 7.8335e+20 7.8658e+20 7.8658e+20 5.0020e-02 0.0000e+00 7.9089e+04 0.0000e+00
1.5000e+03 6.7382e-12 7.7559e-01 1.6062e+03 2.4427e+03 4.4000e+03 7.9007e+20 7.9235e+20 7.9235e+20 4.9852e-02 0.0000e+00 7.9325e+04 0.0000e+00
1.5100e+03 6.7124e-12 7.7522e-01 1.6057e+03 2.4419e+03 4.4000e+03 7.9684e+20 7.9816e+20 7.9816e+20 4.9685e-02 0.0000e+00 7.9561e+04 0.0000e+00
1.5200e+03 6.6866e-12 7.7484e-01 1.6051e+03 2.4411e+03 4.4000e+03 8.0367e+20 8.0400e+20 8.0400e+20 4.9518e-02 0.0000e+00 7.9798e+04 0.0000e+00
1.5300e+03 6.6609e-12 7.7446e-01 1.6046e+03 2.4403e+03 4.4000e+03 8.1055e+20 8.0988e+20 8.0988e+20 4.9352e-02 0.0000e+00 8.0035e+04 0.0000e+00
1.5400e+03 6.6353e-12 7.7409e-01 1.6041e+03 2.4396e+03 4.4000e+03 8.1749e+20 8.1580e+20 8.1580e+20 4.9187e-02 0.0000e+00 8.0274e+04 0.0000e+00
1.5500e+03 6.6098e-12 7.7371e-01 1.6036e+03 2.4388e+03 4.4000e+03 8.2449e+20 8.2175e+20 8.2175e+20 4.9022e-02 0.0000e+00 8.0512e+04 0.0000e+00
1.5600e+03 6.5845e-12 7.7332e-01 1.6031e+03 2.4380e+03 4.4000e+03 8.3155e+20 8.2774e+20 8.2774e+20 4.8858e-02 0.0000e+00 8.0752e+04 0.0000e+00
1.5700e+03 6.5592e-12 7.7294e-01 1.6026e+03 2.4373e+03 4.4000e+03 8.3866e+20 8.3377e+20 8.3377e+20 4.8694e-02 0.0000e+00 8.0992e+04 0.0000e+00
1.5800e+03 6.5340e-12 7.7256e-01 1.6021e+03 2.4365e+03 4.4000e+03 8.4583e+20 8.3983e+20 8.3983e+20 4.8531e-02 0.0000e+00 8.1232e+04 0.0000e+00
1.5900e+03 6.5089e-12 7.7217e-01 1.6016e+03 2.4357e+03 4.4000e+03 8.5305e+20 8.4594e+20 8.4594e+20 4.8369e-02 0.0000e+00 8.1473e+04 0.0000e+00
1.6000e+03 6.4839e-12 7.7179e-01 1.6011e+03 2.4349e+03 4.4000e+03 8.6034e+20 8.5208e+20 8.5208e+20 4.8207e-02 0.0000e+00 8.1715e+04 0.0000e+00
1.6100e+03 6.4590e-12 7.7140e-01 1.6006e+03 2.4342e+03 4.4000e+03 8.6768e+20 8.5826e+20 8.5826e+20 4.8046e-02 0.0000e+00 8.1958e+04 0.0000e+00
1.6200e+03 6.4342e-12 7.7101e-01 1.6001e+03 2.4334e+03 4.4000e+03 8.7509e+20 8.6447e+20 8.6447e+20 4.7886e-02 0.0000e+00 8.2201e+04 0.0000e+00
1.6300e+03 6.4095e-12 7.7062e-01 1.5996e+03 2.4327e+03 4.4000e+03 8.8255e+20 8.7073e+20 8.7073e+20 4.7726e-02 0.0000e+00 8.2444e+04 0.0000e+00
1.6400e+03 6.3849e-12 7.7023e-01 1.5991e+03 2.4319e+03 4.4000e+03 8.9008e+20 8.7703e+20 8.7703e+20 4.7567e-02 0.0000e+00 8.2688e+04 0.0000e+00
1.6500e+03 6.3604e-12 7.6984e-01 1.5986e+03 2.4311e+03 4.4000e+03 8.9767e+20 8.8336e+20 8.8336e+20 4.7408e-02 0.0000e+00 8.2933e+04 0.0000e+00
1.6600e+03 6.3359e-12 7.6945e-01 1.5981e+03 2.4304e+03 4.4000e+03 9.0532e+20 8.8974e+20 8.8974e+20 4.7250e-02 0.0000e+00 8.3179e+04 0.0000e+00
1.6700e+03 6.3116e-12 7.6905e-01 1.5976e+03 2.4296e+03 4.4000e+03 9.1303e+20 8.9615e+20 8.9615e+20 4.7093e-02 0.0000e+00 8.3425e+04 0.0000e+00
1.6800e+03 6.2874e-12 7.6866e-01 1.5971e+03 2.4289e+03 4.4000e+03 9.2080e+20 9.0260e+20 9.0260e+20 4.6936e-02 0.0000e+00 8.3672e+04 0.0000e+00
1.6900e+03 6.2632e-12 7.6826e-01 1.5966e+03 2.4281e+03 4.4000e+03 9.2864e+20 9.0909e+20 9.0909e+20 4.6780e-02 0.0000e+00 8.3919e+04 0.0000e+00
1.7000e+03 6.2392e-12 7.6786e-01 1.5961e+03 2.4273e+03 4.4000e+03 9.3654e+20 9.1563e+20 9.1563e+20 4.6625e-02 0.0000e+00 8.4167e+04 0.0000e+00
1.7100e+03 6.2152e-12 7.6747e-01 1.5956e+03 2.4266e+03 4.4000e+03 9.4451e+20 9.2220e+20 9.2220e+20 4.6470e-02 0.0000e+00 8.4415e+04 0.0000e+00
1.7200e+03 6.1914e-12 7.6707e-01 1.5951e+03 2.4258e+03 4.4000e+03 9.5254e+20 9.2882e+20 9.2882e+20 4.6315e-02 0.0000e+00 8.4665e+04 0.0000e+00
1.7300e+03 6.1676e-12 7.6667e-01 1.5946e+03 2.4251e+03 4.4000e+03 9.6064e+20 9.3547e+20 9.3547e+20 4.6162e-02 0.0000e+00 8.4915e+04 0.0000e+00
1.7400e+03 6.1439e-12 7.6627e-01 1.5941e+03 2.4243e+03 4.4000e+03 9.6880e+20 9.4217e+20 9.4217e+20 4.6008e-02 0.0000e+00 8.5165e+04 0.0000e+00
1.7500e+03 6.1203e-12 7.6586e-01 1.5936e+03 2.4236e+03 4.4000e+03 9.7703e+20 9.4890e+20 9.4890e+20 4.5856e-02 0.0000e+00 8.5416e+04 0.0000e+00
1.7600e+03 6.0968e-12 7.6546e-01 1.5931e+03 2.4228e+03 4.4000e+03 9.8532e+20 9.5568e+20 9.5568e+20 4.5704e-02 0.0000e+00 8.5668e+04 0.0000e+00
1.7700e+03 6.0734e-12 7.6506e-01 1.5926e+03 2.4221e+03 4.4000e+03 9.9369e+20 9.6250e+20 9.6250e+20 4.5552e-02 0.0000e+00 8.5921e+04 0.0000e+00
1.7800e+03 6.0501e-12 7.6465e-01 1.5921e+03 2.4213e+03 4.4000e+03 1.0021e+21 9.6936e+20 9.6936e+20 4.5401e-02 0.0000e+00 8.6174e+04 0.0000e+00
1.7900e+03 6.0268e-12 7.6424e-01 1.5917e+03 2.4206e+03 4.4000e+03 1.0106e+21 9.7627e+20 9.7627e+20 4.5251e-02 0.0000e+00 8.6428e+04 0.0000e+00
1.8000e+03 6.0037e-12 7.6384e-01 1.5912e+03 2.4199e+03 4.4000e+03 1.0192e+21 9.8322e+20 9.8322e+20 4.5101e-02 0.0000e+00 8.6682e+04 0.0000e+00
1.8100e+03 5.9806e-12 7.6343e-01 1.5907e+03 2.4191e+03 4.4000e+03 1.0278e+21 9.9021e+20 9.9021e+20 4.4952e-02 0.0000e+00 8.6937e+04 0.0000e+00
1.8200e+03 5.9577e-12 7.6302e-01 1.5902e+03 2.4184e+03 4.4000e+03 1.0365e+21 9.9724e+20 9.9724e+20 4.4804e-02 0.0000e+00 8.7193e+04 0.0000e+00
1.8300e+03 5.9348e-12 7.6261e-01 1.5897e+03 2.4176e+03 4.4000e+03 1.0453e+21 1.0043e+21 1.0043e+21 4.4656e-02 0.0000e+00 8.7449e+04 0.0000e+00
1.8400e+03 5.9120e-12 7.6220e-01 1.5892e+03 2.4169e+03 4.4000e+03 1.0542e+21 1.0114e+21 1.0114e+21 4.4508e-02 0.0000e+00 8.7707e+04 0.0000e+00
1.8500e+03 5.8893e-12 7.6179e-01 1.5887e+03 2.4162e+03 4.4000e+03 1.0631e+21 1.0186e+21 1.0186e+21 4.4361e-02 0.0000e+00 8.7964e+04 0.0000e+00
1.8600e+03 5.8667e-12 7.6138e-01 1.5882e+03 2.4154e+03 4.4000e+03 1.0721e+21 1.0258e+21 1.0258e+21 4.4215e-02 0.0000e+00 8.8223e+04 0.0000e+00
1.8700e+03 5.8442e-12 7.6096e-01 1.5878e+03 2.4147e+03 4.4000e+03 1.0812e+21 1.0330e+21 1.0330e+21 4.4069e-02 0.0000e+00 8.8482e+04 0.0000e+00
1.8800e+03 5.8217e-12 7.6055e-01 1.5873e+03 2.4140e+03 4.4000e+03 1.0903e+21 1.0403e+21 1.0403e+21 4.3923e-02 0.0000e+00 8.8742e+04 0.0000e+00
1.8900e+03 5.7994e-12 7.6013e-01 1.5868e+03 2.4132e+03 4.4000e+03 1.0995e+21 1.0477e+21 1.0477e+21 4.3779e-02 0.0000e+00 8.9002e+04 0.0000e+00
1.9000e+03 5.7771e-12 7.5972e-01 1.5863e+03 2.4125e+03 4.4000e+03 1.1088e+21 1.0551e+21 1.0551e+21 4.3634e-02 0.0000e+00 8.9263e+04 0.0000e+00
1.9100e+03 5.7549e-12 7.5930e-01 1.5858e+03 2.4118e+03 4.4000e+03 1.1182e+21 1.0625e+21 1.0625e+21 4.3491e-02 0.0000e+00 8.9525e+04 0.0000e+00
1.9200e+03 5.7328e-12 7.5889e-01 1.5854e+03 2.4110e+03 4.4000e+03 1.1277e+21 1.0700e+21 1.0700e+21 4.3348e-02 0.0000e+00 8.9788e+04 0.0000e+00
1.9300e+03 5.7108e-12 7.5847e-01 1.5849e+03 2.4103e+03 4.4000e+03 1.1372e+21 1.0775e+21 1.0775e+21 4.3205e-02 0.0000e+00 9.0051e+04 0.0000e+00
1.9400e+03 5.6889e-12 7.5805e-01 1.5844e+03 2.4096e+03 4.4000e+03 1.1468e+21 1.0850e+21 1.0850e+21 4.3063e-02 0.0000e+00 9.0315e+04 0.0000e+00
1.9500e+03 5.6670e-12 7.5763e-01 1.5839e+03 2.4089e+03 4.4000e+03 1.1565e+21 1.0927e+21 1.0927e+21 4.2921e-02 0.0000e+00 9.0580e+04 0.0000e+00
1.9600e+03 5.6453e-12 7.5721e-01 1.5834e+03 2.4081e+03 4.4000e+03 1.1662e+21 1.1003e+21 1.1003e+21 4.2780e-02 0.0000e+00 9.0845e+04 0.0000e+00
1.9700e+03 5.6236e-12 7.5679e-01 1.5830e+03 2.4074e+03 4.4000e+03 1.1761e+21 1.1080e+21 1.1080e+21 4.2640e-02 0.0000e+00 9.1111e+04 0.0000e+00
1.9800e+03 5.6020e-12 7.5637e-01 1.5825e+03 2.4067e+03 4.4000e+03 1.1860e+21 1.1158e+21 1.1158e+21 4.2499e-02 0.0000e+00 9.1378e+04 0.0000e+00
1.9900e+03 5.5805e-12 7.5594e-01 1.5820e+03 2.4060e+03 4.4000e+03 1.1960e+21 1.1236e+21 1.1236e+21 4.2360e-02 0.0000e+00 9.1645e+04 0.0000e+00
2.0000e+03 5.5591e-12 7.5552e-01 1.5816e+03 2.4052e+03 4.4000e+03 1.2061e+21 1.1314e+21 1.1314e+21 4.2221e-02 0.0000e+00 9.1913e+04 0.0000e+00
2.0100e+03 5.5377e-12 7.5510e-01 1.5811e+03 2.4045e+03 4.4000e+03 1.2163e+21 1.1393e+21 1.1393e+21 4.2082e-02 0.0000e+00 9.2182e+04 0.0000e+00
2.0200e+03 5.5164e-12 7.5467e-01 1.5806e+03 2.4038e+03 4.4000e+03 1.2265e+21 1.1472e+21 1.1472e+21 4.1944e-02 0.0000e+00 9.2451e+04 0.0000e+00
2.0300e+03 5.4953e-12 7.5425e-01 1.5801e+03 2.4031e+03 4.4000e+03 1.2369e+21 1.1552e+21 1.1552e+21 4.1807e-02 0.0000e+00 9.2722e+04 0.0000e+00
2.0400e+03 5.4742e-12 7.5382e-01 1.5797e+03 2.4024e+03 4.4000e+03 1.2473e+21 1.1632e+21 1.1632e+21 4.1670e-02 0.0000e+00 9.2993e+04 0.0000e+00
2.0500e+03 5.4531e-12 7.5339e-01 1.5792e+03 2.4017e+03 4.4000e+03 1.2578e+21 1.1713e+21 1.1713e+21 4.1533e-02 0.0000e+00 9.3264e+04 0.0000e+00
2.0600e+03 5.4322e-12 7.5296e-01 1.5787e+03 2.4009e+03 4.4000e+03 1.2684e+21 1.1794e+21 1.1794e+21 4.1397e-02 0.0000e+00 9.3537e+04 0.0000e+00
2.0700e+03 5.4113e-12 7.5254e-01 1.5783e+03 2.4002e+03 4.4000e+03 1.2791e+21 1.1876e+21 1.1876e+21 4.1262e-02 0.0000e+00 9.3810e+04 0.0000e+00
2.0800e+03 5.3906e-12 7.5211e-01 1.5778e+03 2.3995e+03 4.4000e+03 1.2898e+21 1.1958e+21 1.1958e+21 4.1127e-02 0.0000e+00 9.4084e+04 0.0000e+00
2.0900e+03 5.3699e-12 7.5168e-01 1.5773e+03 2.3988e+03 4.4000e+03 1.3007e+21 1.2041e+21 1.2041e+21 4.0992e-02 0.0000e+00 9.4358e+04 0.0000e+00
2.1000e+03 5.3492e-12 7.5125e-01 1.5769e+03 2.3981e+03 4.4000e+03 1.3116e+21 1.2124e+21 1.2124e+21 4.0858e-02 0.0000e+00 9.4634e+04 0.0000e+00
2.1100e+03 5.3287e-12 7.5082e-01 1.5764e+03 2.3974e+03 4.4000e+03 1.3227e+21 1.2208e+21 1.2208e+21 4.0725e-02 0.0000e+00 9.4910e+04 0.0000e+00
2.1200e+03 5.3082e-12 7.5039e-01 1.5759e+03 2.3967e+03 4.4000e+03 1.3338e+21 1.2292e+21 1.2292e+21 4.0592e-02 0.0000e+00 9.5186e+04 0.0000e+00
2.1300e+03 5.2879e-12 7.4995e-01 1.5755e+03 2.3960e+03 4.4000e+03 1.3450e+21 1.2377e+21 1.2377e+21 4.0459e-02 0.0000e+00 9.5464e+04 0.0000e+00
2.1400e+03 5.2675e-12 7.4952e-01 1.5750e+03 2.3953e+03 4.4000e+03 1.3563e+21 1.2462e+21 1.2462e+21 4.0327e-02 0.0000e+00 9.5742e+04 0.0000e+00
2.1500e+03 5.2473e-12 7.4909e-01 1.5745e+03 2.3946e+03 4.4000e+03 1.3677e+21 1.2548e+21 1.2548e+21 4.0195e-02 0.0000e+00 9.6021e+04 0.0000e+00
2.1600e+03 5.2272e-12 7.4865e-01 1.5741e+03 2.3939e+03 4.4000e+03 1.3792e+21 1.2634e+21 1.2634e+21 4.0064e-02 0.0000e+00 9.6301e+04 0.0000e+00
2.1700e+03 5.2071e-12 7.4822e-01 1.5736e+03 2.3932e+03 4.4000e+03 1.3908e+21 1.2721e+21 1.2721e+21 3.9934e-02 0.0000e+00 9.6581e+04 0.0000e+00
2.1800e+03 5.1871e-12 7.4778e-01 1.5732e+03 2.3925e+03 4.4000e+03 1.4025e+21 1.2808e+21 1.2808e+21 3.9803e-02 0.0000e+00 9.6862e+04 0.0000e+00
2.1900e+03 5.1672e-12 7.4735e-01 1.5727e+03 2.3918e+03 4.4000e+03 1.4142e+21 1.2896e+21 1.2896e+21 3.9674e-02 0.0000e+00 9.7144e+04 0.0000e+00
2.2000e+03 5.1473e-12 7.4691e-01 1.5722e+03 2.3911e+03 4.4000e+03 1.4261e+21 1.2984e+21 1.2984e+21 3.9544e-02 0.0000e+00 9.7427e+04 0.0000e+00
2.2100e+03 5.1276e-12 7.4648e-01 1.5718e+03 2.3904e+03 4.4000e+03 1.4381e+21 1.3073e+21 1.3073e+21 3.9416e-02 0.0000e+00 9.7711e+04 0.0000e+00
2.2200e+03 5.1079e-12 7.4604e-01 1.5713e+03 2.3897e+03 4.4000e+03 1.4502e+21 1.3163e+21 1.3163e+21 3.9287e-02 0.0000e+00 9.7995e+04 0.0000e+00
2.2300e+03 5.0883e-12 7.4560e-01 1.5709e+03 2.3890e+03 4.4000e+03 1.4623e+21 1.3252e+21 1.3252e+21 3.9159e-02 0.0000e+00 9.8280e+04 0.0000e+00
2.2400e+03 5.0687e-12 7.4516e-01 1.5704e+03 2.3883e+03 4.4000e+03 1.4746e+21 1.3343e+21 1.3343e+21 3.9032e-02 0.0000e+00 9.8566e+04 0.0000e+00
2.2500e+03 5.0493e-12 7.4472e-01 1.5699e+03 2.3876e+03 4.4000e+03 1.4870e+21 1.3434e+21 1.3434e+21 3.8905e-02 0.0000e+00 9.8852e+04 0.0000e+00
2.2600e+03 5.0299e-12 7.4428e-01 1.5695e+03 2.3869e+03 4.4000e+03 1.4994e+21 1.3525e+21 1.3525e+21 3.8778e-02 0.0000e+00 9.9140e+04 0.0000e+00
2.2700e+03 5.0106e-12 7.4384e-01 1.5690e+03 2.3862e+03 4.4000e+03 1.5120e+21 1.3617e+21 1.3617e+21 3.8652e-02 0.0000e+00 9.9428e+04 0.0000e+00
2.2800e+03 4.9913e-12 7.4340e-01 1.5686e+03 2.3855e+03 4.4000e+03 1.5247e+21 1.3710e+21 1.3710e+21 3.8527e-02 0.0000e+00 9.9716e+04 0.0000e+00
2.2900e+03 4.9722e-12 7.4296e-01 1.5681e+03 2.3848e+03 4.4000e+03 1.5375e+21 1.3803e+21 1.3803e+21 3.8402e-02 0.0000e+00 1.0001e+05 0.0000e+00
2.3000e+03 4.9531e-12 7.4252e-01 1.5677e+03 2.3841e+03 4.4000e+03 1.5503e+21 1.3896e+21 1.3896e+21 3.8277e-02 0.0000e+00 1.0030e+05 0.0000e+00
2.3100e+03 4.9340e-12 7.4208e-01 1.5672e+03 2.3835e+03 4.4000e+03 1.5633e+21 1.3990e+21 1.3990e+21 3.8153e-02 0.0000e+00 1.0059e+05 0.0000e+00
2.3200e+03 4.9151e-12 7.4164e-01 1.5668e+03 2.3828e+03 4.4000e+03 1.5764e+21 1.4085e+21 1.4085e+21 3.8029e-02 0.0000e+00 1.0088e+05 0.0000e+00
2.3300e+03 4.8962e-12 7.4119e-01 1.5663e+03 2.3821e+03 4.4000e+03 1.5896e+21 1.4180e+21 1.4180e+21 3.7905e-02 0.0000e+00 1.0117e+05 0.0000e+00
2.3400e+03 4.8774e-12 7.4075e-01 1.5659e+03 2.3814e+03 4.4000e+03 1.6029e+21 1.4276e+21 1.4276e+21 3.7783e-02 0.0000e+00 1.0147e+05 0.0000e+00
2.3500e+03 4.8587e-12 7.4031e-01 1.5654e+03 2.3807e+03 4.4000e+03 1.6164e+21 1.4373e+21 1.4373e+21 3.7660e-02 0.0000e+00 1.0176e+05 0.0000e+00
2.3600e+03 4.8400e-12 7.3986e-01 1.5650e+03 2.3800e+03 4.4000e+03 1.6299e+21 1.4469e+21 1.4469e+21 3.7538e-02 0.0000e+00 1.0206e+05 0.0000e+00
2.3700e+03 4.8215e-12 7.3942e-01 1.5645e+03 2.3794e+03 4.4000e+03 1.6435e+21 1.4567e+21 1.4567e+21 3.7416e-02 0.0000e+00 1.0235e+05 0.0000e+00
2.3800e+03 4.8029e-12 7.3897e-01 1.5641e+03 2.3787e+03 4.4000e+03 1.6573e+21 1.4665e+21 1.4665e+21 3.7295e-02 0.0000e+00 1.0265e+05 0.0000e+00
2.3900e+03 4.7845e-12 7.3852e-01 1.5636e+03 2.3780e+03 4.4000e+03 1.6712e+21 1.4764e+21 1.4764e+21 3.7174e-02 0.0000e+00 1.0295e+05 0.0000e+00
2.4000e+03 4.7661e-12 7.3808e-01 1.5632e+03 2.3773e+03 4.4000e+03 1.6852e+21 1.4863e+21 1.4863e+21 3.7054e-02 0.0000e+00 1.0324e+05 0.0000e+00
2.4100e+03 4.7478e-12 7.3763e-01 1.5628e+03 2.3767e+03 4.4000e+03 1.6993e+21 1.4962e+21 1.4962e+21 3.6934e-02 0.0000e+00 1.0354e+05 0.0000e+00
2.4200e+03 4.7296e-12 7.3718e-01 1.5623e+03 2.3760e+03 4.4000e+03 1.7135e+21 1.5063e+21 1.5063e+21 3.6815e-02 0.0000e+00 1.0384e+05 0.0000e+00
2.4300e+03 4.7114e-12 7.3674e-01 1.5619e+03 2.3753e+03 4.4000e+03 1.7278e+21 1.5164e+21 1.5164e+21 3.6695e-02 0.0000e+00 1.0414e+05 0.0000e+00
2.4400e+03 4.6933e-12 7.3629e-01 1.5614e+03 2.3746e+03 4.4000e+03 1.7422e+21 1.5265e+21 1.5265e+21 3.6577e-02 0.0000e+00 1.0445e+05 0.0000e+00
2.4500e+03 4.6753e-12 7.3584e-01 1.5610e+03 2.3740e+03 4.4000e+03 1.7568e+21 1.5367e+21 1.5367e+21 3.6459e-02 0.0000e+00 1.0475e+05 0.0000e+00
2.4600e+03 4.6574e-12 7.3539e-01 1.5605e+03 2.3733e+03 4.4000e+03 1.7715e+21 1.5470e+21 1.5470e+21 3.6341e-02 0.0000e+00 1.0505e+05 0.0000e+00
2.4700e+03 4.6395e-12 7.3494e-01 1.5601e+03 2.3726e+03 4.4000e+03 1.7863e+21 1.5573e+21 1.5573e+21 3.6223e-02 0.0000e+00 1.0535e+05 0.0000e+00
2.4800e+03 4.6217e-12 7.3449e-01 1.5597e+03 2.3720e+03 4.4000e+03 1.8012e+21 1.5677e+21 1.5677e+21 3.6106e-02 0.0000e+00 1.0566e+05 0.0000e+00
2.4900e+03 4.6039e-12 7.3404e-01 1.5592e+03 2.3713e+03 4.4000e+03 1.8163e+21 1.5781e+21 1.5781e+21 3.5990e-02 0.0000e+00 1.0597e+05 0.0000e+00
2.5000e+03 4.5862e-12 7.3359e-01 1.5588e+03 2.3706e+03 4.4000e+03 1.8315e+21 1.5886e+21 1.5886e+21 3.5874e-02 0.0000e+00 1.0627e+05 0.0000e+00
2.5100e+03 4.5686e-12 7.3314e-01 1.5583e+03 2.3700e+03 4.4000e+03 1.8468e+21 1.5992e+21 1.5992e+21 3.5758e-02 0.0000e+00 1.0658e+05 0.0000e+00
2.5200e+03 4.5511e-12 7.3269e-01 1.5579e+03 2.3693e+03 4.4000e+03 1.8622e+21 1.6098e+21 1.6098e+21 3.5642e-02 0.0000e+00 1.0689e+05 0.0000e+00
2.5300e+03 4.5336e-12 7.3224e-01 1.5575e+03 2.3686e+03 4.4000e+03 1.8777e+21 1.6204e+21 1.6204e+21 3.5527e-02 0.0000e+00 1.0720e+05 0.0000e+00
2.5400e+03 4.5162e-12 7.3178e-01 1.5570e+03 2.3680e+03 4.4000e+03 1.8934e+21 1.6312e+21 1.6312e+21 3.5413e-02 0.0000e+00 1.0751e+05 0.0000e+00
2.5500e+03 4.4988e-12 7.3133e-01 1.5566e+03 2.3673e+03 4.4000e+03 1.9092e+21 1.6420e+21 1.6420e+21 3.5299e-02 0.0000e+00 1.0782e+05 0.0000e+00
2.5600e+03 4.4816e-12 7.3088e-01 1.5562e+03 2.3666e+03 4.4000e+03 1.9252e+21 1.6528e+21 1.6528e+21 3.5185e-02 0.0000e+00 1.0813e+05 0.0000e+00
2.5700e+03 4.4644e-12 7.3043e-01 1.5557e+03 2.3660e+03 4.4000e+03 1.9412e+21 1.6637e+21 1.6637e+21 3.5072e-02 0.0000e+00 1.0844e+05 0.0000e+00
2.5800e+03 4.4472e-12 7.2997e-01 1.5553e+03 2.3653e+03 4.4000e+03 1.9574e+21 1.6747e+21 1.6747e+21 3.4959e-02 0.0000e+00 1.0875e+05 0.0000e+00
2.5900e+03 4.4301e-12 7.2952e-01 1.5549e+03 2.3647e+03 4.4000e+03 1.9738e+21 1.6858e+21 1.6858e+21 3.4846e-02 0.0000e+00 1.0907e+05 0.0000e+00
2.6000e+03 4.4131e-12 7.2906e-01 1.5544e+03 2.3640e+03 4.4000e+03 1.9902e+21 1.6969e+21 1.6969e+21 3.4734e-02 0.0000e+00 1.0938e+05 0.0000e+00
2.6100e+03 4.3962e-12 7.2861e-01 1.5540e+03 2.3634e+03 4.4000e+03 2.0069e+21 1.7080e+21 1.7080e+21 3.4622e-02 0.0000e+00 1.0970e+05 0.0000e+00
2.6200e+03 4.3793e-12 7.2815e-01 1.5536e+03 2.3627e+03 4.4000e+03 2.0236e+21 1.7193e+21 1.7193e+21 3.4511e-02 0.0000e+00 1.1002e+05 0.0000e+00
2.6300e+03 4.3625e-12 7.2770e-01 1.5531e+03 2.3620e+03 4.4000e+03 2.0405e+21 1.7305e+21 1.7305e+21 3.4400e-02 0.0000e+00 1.1033e+05 0.0000e+00
2.6400e+03 4.3457e-12 7.2724e-01 1.5527e+03 2.3614e+03 4.4000e+03 2.0575e+21 1.7419e+21 1.7419e+21 3.4289e-02 0.0000e+00 1.1065e+05 0.0000e+00
2.6500e+03 4.3290e-12 7.2679e-01 1.5523e+03 2.3607e+03 4.4000e+03 2.0747e+21 1.7533e+21 1.7533e+21 3.4179e-02 0.0000e+00 1.1097e+05 0.0000e+00
2.6600e+03 4.3124e-12 7.2633e-01 1.5519e+03 2.3601e+03 4.4000e+03 2.0920e+21 1.7648e+21 1.7648e+21 3.4069e-02 0.0000e+00 1.1129e+05 0.0000e+00
2.6700e+03 4.2959e-12 7.2587e-01 1.5514e+03 2.3594e+03 4.4000e+03 2.1094e+21 1.7763e+21 1.7763e+21 3.3960e-02 0.0000e+00 1.1161e+05 0.0000e+00
2.6800e+03 4.2794e-12 7.2542e-01 1.5510e+03 2.3588e+03 4.4000e+03 2.1270e+21 1.7879e+21 1.7879e+21 3.3850e-02 0.0000e+00 1.1193e+05 0.0000e+00
2.6900e+03 4.2629e-12 7.2496e-01 1.5506e+03 2.3581e+03 4.4000e+03 2.1447e+21 1.7996e+21 1.7996e+21 3.3742e-02 0.0000e+00 1.1226e+05 0.0000e+00
2.7000e+03 4.2466e-12 7.2450e-01 1.5502e+03 2.3575e+03 4.4000e+03 2.1626e+21 1.8113e+21 1.8113e+21 3.3633e-02 0.0000e+00 1.1258e+05 0.0000e+00
2.7100e+03 4.2303e-12 7.2404e-01 1.5497e+03 2.3569e+03 4.4000e+03 2.1806e+21 1.8231e+21 1.8231e+21 3.3525e-02 0.0000e+00 1.1291e+05 0.0000e+00
2.7200e+03 4.2140e-12 7.2359e-01 1.5493e+03 2.3562e+03 4.4000e+03 2.1988e+21 1.8350e+21 1.8350e+21 3.3418e-02 0.0000e+00 1.1323e+05 0.0000e+00
2.7300e+03 4.1978e-12 7.2313e-01 1.5489e+03 2.3556e+03 4.4000e+03 2.2171e+21 1.8469e+21 1.8469e+21 3.3311e-02 0.0000e+00 1.1356e+05 0.0000e+00
2.7400e+03 4.1817e-12 7.2267e-01 1.5485e+03 2.3549e+03 4.4000e+03 2.2356e+21 1.8589e+21 1.8589e+21 3.3204e-02 0.0000e+00 1.1388e+05 0.0000e+00
2.7500e+03 4.1657e-12 7.2221e-01 1.5480e+03 2.3543e+03 4.4000e+03 2.2542e+21 1.8710e+21 1.8710e+21 3.3097e-02 0.0000e+00 1.1421e+05 0.0000e+00
2.7600e+03 4.1497e-12 7.2175e-01 1.5476e+03 2.3536e+03 4.4000e+03 2.2730e+21 1.8831e+21 1.8831e+21 3.2991e-02 0.0000e+00 1.1454e+05 0.0000e+00
2.7700e+03 4.1337e-12 7.2129e-01 1.5472e+03 2.3530e+03 4.4000e+03 2.2919e+21 1.8953e+21 1.8953e+21 3.2885e-02 0.0000e+00 1.1487e+05 0.0000e+00
2.7800e+03 4.1179e-12 7.2083e-01 1.5468e+03 2.3524e+03 4.4000e+03 2.3110e+21 1.9076e+21 1.9076e+21 3.2780e-02 0.0000e+00 1.1520e+05 0.0000e+00
2.7900e+03 4.1020e-12 7.2037e-01 1.5464e+03 2.3517e+03 4.4000e+03 2.3303e+21 1.9199e+21 1.9199e+21 3.2675e-02 0.0000e+00 1.1553e+05 0.0000e+00
2.8000e+03 4.0863e-12 7.1991e-01 1.5459e+03 2.3511e+03 4.4000e+03 2.3497e+21 1.9323e+21 1.9323e+21 3.2570e-02 0.0000e+00 1.1587e+05 0.0000e+00
2.8100e+03 4.0706e-12 7.1945e-01 1.5455e+03 2.3505e+03 4.4000e+03 2.3692e+21 1.9447e+21 1.9447e+21 3.2466e-02 0.0000e+00 1.1620e+05 0.0000e+00
2.8200e+03 4.0550e-12 7.1899e-01 1.5451e+03 2.3498e+03 4.4000e+03 2.3890e+21 1.9572e+21 1.9572e+21 3.2362e-02 0.0000e+00 1.1653e+05 0.0000e+00
2.8300e+03 4.0394e-12 7.1853e-01 1.5447e+03 2.3492e+03 4.4000e+03 2.4089e+21 1.9698e+21 1.9698e+21 3.2259e-02 0.0000e+00 1.1687e+05 0.0000e+00
2.8400e+03 4.0239e-12 7.1807e-01 1.5443e+03 2.3486e+03 4.4000e+03 2.4289e+21 1.9825e+21 1.9825e+21 3.2155e-02 0.0000e+00 1.1721e+05 0.0000e+00
2.8500e+03 4.0084e-12 7.1760e-01 1.5439e+03 2.3479e+03 4.4000e+03 2.4491e+21 1.9952e+21 1.9952e+21 3.2053e-02 0.0000e+00 1.1754e+05 0.0000e+00
2.8600e+03 3.9930e-12 7.1714e-01 1.5434e+03 2.3473e+03 4.4000e+03 2.4695e+21 2.0080e+21 2.0080e+21 3.1950e-02 0.0000e+00 1.1788e+05 0.0000e+00
2.8700e+03 3.9777e-12 7.1668e-01 1.5430e+03 2.3467e+03 4.4000e+03 2.4901e+21 2.0209e+21 2.0209e+21 3.1848e-02 0.0000e+00 1.1822e+05 0.0000e+00
2.8800e+03 3.9624e-12 7.1622e-01 1.5426e+03 2.3460e+03 4.4000e+03 2.5108e+21 2.0338e+21 2.0338e+21 3.1746e-02 0.0000e+00 1.1856e+05 0.0000e+00
2.8900e+03 3.9472e-12 7.1575e-01 1.5422e+03 2.3454e+03 4.4000e+03 2.5317e+21 2.0468e+21 2.0468e+21 3.1645e-02 0.0000e+00 1.1890e+05 0.0000e+00
2.9000e+03 3.9321e-12 7.1529e-01 1.5418e+03 2.3448e+03 4.4000e+03 2.5528e+21 2.0599e+21 2.0599e+21 3.1543e-02 0.0000e+00 1.1924e+05 0.0000e+00
2.9100e+03 3.9170e-12 7.1483e-01 1.5414e+03 2.3442e+03 4.4000e+03 2.5740e+21 2.0731e+21 2.0731e+21 3.1443e-02 0.0000e+00 1.1959e+05 0.0000e+00
2.9200e+03 3.9019e-12 7.1437e-01 1.5410e+03 2.3435e+03 4.4000e+03 2.5954e+21 2.0863e+21 2.0863e+21 3.1342e-02 0.0000e+00 1.1993e+05 0.0000e+00
2.9300e+03 3.8869e-12 7.1390e-01 1.5406e+03 2.3429e+03 4.4000e+03 2.6170e+21 2.0996e+21 2.0996e+21 3.1242e-02 0.0000e+00 1.2028e+05 0.0000e+00
2.9400e+03 3.8720e-12 7.1344e-01 1.5402e+03 2.3423e+03 4.4000e+03 2.6388e+21 2.1129e+21 2.1129e+21 3.1142e-02 0.0000e+00 1.2062e+05 0.0000e+00
2.9500e+03 3.8571e-12 7.1297e-01 1.5397e+03 2.3417e+03 4.4000e+03 2.6607e+21 2.1263e+21 2.1263e+21 3.1043e-02 0.0000e+00 1.2097e+05 0.0000e+00
2.9600e+03 3.8423e-12 7.1251e-01 1.5393e+03 2.3410e+03 4.4000e+03 2.6829e+21 2.1398e+21 2.1398e+21 3.0944e-02 0.0000e+00 1.2132e+05 0.0000e+00
2.9700e+03 3.8276e-12 7.1205e-01 1.5389e+03 2.3404e+03 4.4000e+03 2.7052e+21 2.1534e+21 2.1534e+21 3.0845e-02 0.0000e+00 1.2167e+05 0.0000e+00
2.9800e+03 3.8129e-12 7.1158e-01 1.5385e+03 2.3398e+03 4.4000e+03 2.7277e+21 2.1670e+21 2.1670e+21 3.0747e-02 0.0000e+00 1.2201e+05 0.0000e+00
2.9900e+03 3.7982e-12 7.1112e-01 1.5381e+03 2.3392e+03 4.4000e+03 2.7504e+21 2.1808e+21 2.1808e+21 3.0649e-02 0.0000e+00 1.2237e+05 0.0000e+00
3.0000e+03 3.7836e-12 7.1065e-01 1.5377e+03 2.3386e+03 4.4000e+03 2.7733e+21 2.1945e+21 2.1945e+21 3.0551e-02 0.0000e+00 1.2272e+05 0.0000e+00
3.0100e+03 3.7691e-12 7.1019e-01 1.5373e+03 2.3380e+03 4.4000e+03 2.7963e+21 2.2084e+21 2.2084e+21 3.0454e-02 0.0000e+00 1.2307e+05 0.0000e+00
3.0200e+03 3.7546e-12 7.0972e-01 1.5369e+03 2.3373e+03 4.4000e+03 2.8196e+21 2.2223e+21 2.2223e+21 3.0357e-02 0.0000e+00 1.2342e+05 0.0000e+00
3.0300e+03 3.7402e-12 7.0926e-01 1.5365e+03 2.3367e+03 4.4000e+03 2.8430e+21 2.2363e+21 2.2363e+21 3.0260e-02 0.0000e+00 1.2378e+05 0.0000e+00
3.0400e+03 3.7259e-12 7.0879e-01 1.5361e+03 2.3361e+03 4.4000e+03 2.8667e+21 2.2504e+21 2.2504e+21 3.0163e-02 0.0000e+00 1.2413e+05 0.0000e+00
3.0500e+03 3.7116e-12 7.0833e-01 1.5357e+03 2.3355e+03 4.4000e+03 2.8905e+21 2.2646e+21 2.2646e+21 3.0067e-02 0.0000e+00 1.2449e+05 0.0000e+00
3.0600e+03 3.6973e-12 7.0786e-01 1.5353e+03 2.3349e+03 4.4000e+03 2.9146e+21 2.2788e+21 2.2788e+21 2.9972e-02 0.0000e+00 1.2485e+05 0.0000e+00
3.0700e+03 3.6831e-12 7.0739e-01 1.5349e+03 2.3343e+03 4.4000e+03 2.9388e+21 2.2931e+21 2.2931e+21 2.9876e-02 0.0000e+00 1.2521e+05 0.0000e+00
3.0800e+03 3.6690e-12 7.0693e-01 1.5345e+03 2.3337e+03 4.4000e+03 2.9632e+21 2.3075e+21 2.3075e+21 2.9781e-02 0.0000e+00 1.2557e+05 0.0000e+00
3.0900e+03 3.6549e-12 7.0646e-01 1.5341e+03 2.3331e+03 4.4000e+03 2.9879e+21 2.3219e+21 2.3219e+21 2.9686e-02 0.0000e+00 1.2593e+05 0.0000e+00
3.1000e+03 3.6408e-12 7.0599e-01 1.5337e+03 2.3325e+03 4.4000e+03 3.0127e+21 2.3364e+21 2.3364e+21 2.9592e-02 0.0000e+00 1.2629e+05 0.0000e+00
3.1100e+03 3.6269e-12 7.0553e-01 1.5333e+03 2.3318e+03 4.4000e+03 3.0377e+21 2.3510e+21 2.3510e+21 2.9498e-02 0.0000e+00 1.2665e+05 0.0000e+00
3.1200e+03 3.6129e-12 7.0506e-01 1.5329e+03 2.3312e+03 4.4000e+03 3.0630e+21 2.3657e+21 2.3657e+21 2.9404e-02 0.0000e+00 1.2701e+05 0.0000e+00
3.1300e+03 3.5991e-12 7.0459e-01 1.5325e+03 2.3306e+03 4.4000e+03 3.0885e+21 2.3804e+21 2.3804e+21 2.9310e-02 0.0000e+00 1.2738e+05 0.0000e+00
3.1400e+03 3.5852e-12 7.0413e-01 1.5321e+03 2.3300e+03 4.4000e+03 3.1141e+21 2.3952e+21 2.3952e+21 2.9217e-02 0.0000e+00 1.2774e+05 0.0000e+00
3.1500e+03 3.5715e-12 7.0366e-01 1.5317e+03 2.3294e+03 4.4000e+03 3.1400e+21 2.4101e+21 2.4101e+21 2.9124e-02 0.0000e+00 1.2811e+05 0.0000e+00
3.1600e+03 3.5578e-12 7.0319e-01 1.5313e+03 2.3288e+03 4.4000e+03 3.1661e+21 2.4251e+21 2.4251e+21 2.9032e-02 0.0000e+00 1.2848e+05 0.0000e+00
3.1700e+03 3.5441e-12 7.0273e-01 1.5309e+03 2.3282e+03 4.4000e+03 3.1925e+21 2.4402e+21 2.4402e+21 2.8940e-02 0.0000e+00 1.2885e+05 0.0000e+00
3.1800e+03 3.5305e-12 7.0226e-01 1.5305e+03 2.3276e+03 4.4000e+03 3.2190e+21 2.4553e+21 2.4553e+21 2.8848e-02 0.0000e+00 1.2922e+05 0.0000e+00
3.1900e+03 3.5169e-12 7.0179e-01 1.5301e+03 2.3270e+03 4.4000e+03 3.2457e+21 2.4705e+21 2.4705e+21 2.8756e-02 0.0000e+00 1.2959e+05 0.0000e+00
3.2000e+03 3.5034e-12 7.0132e-01 1.5297e+03 2.3264e+03 4.4000e+03 3.2727e+21 2.4858e+21 2.4858e+21 2.8665e-02 0.0000e+00 1.2996e+05 0.0000e+00
3.2100e+03 3.4900e-12 7.0086e-01 1.5293e+03 2.3258e+03 4.4000e+03 3.2999e+21 2.5011e+21 2.5011e+21 2.8574e-02 0.0000e+00 1.3033e+05 0.0000e+00
3.2200e+03 3.4766e-12 7.0039e-01 1.5290e+03 2.3252e+03 4.4000e+03 3.3274e+21 2.5166e+21 2.5166e+21 2.8483e-02 0.0000e+00 1.3070e+05 0.0000e+00
3.2300e+03 3.4632e-12 6.9992e-01 1.5286e+03 2.3247e+03 4.4000e+03 3.3550e+21 2.5321e+21 2.5321e+21 2.8392e-02 0.0000e+00 1.3108e+05 0.0000e+00
3.2400e+03 3.4499e-12 6.9945e-01 1.5282e+03 2.3241e+03 4.4000e+03 3.3829e+21 2.5477e+21 2.5477e+21 2.8302e-02 0.0000e+00 1.3146e+05 0.0000e+00
3.2500e+03 3.4367e-12 6.9899e-01 1.5278e+03 2.3235e+03 4.4000e+03 3.4110e+21 2.5634e+21 2.5634e+21 2.8213e-02 0.0000e+00 1.3183e+05 0.0000e+00
3.2600e+03 3.4235e-12 6.9852e-01 1.5274e+03 2.3229e+03 4.4000e+03 3.4394e+21 2.5791e+21 2.5791e+21 2.8123e-02 0.0000e+00 1.3221e+05 0.0000e+00
3.2700e+03 3.4103e-12 6.9805e-01 1.5270e+03 2.3223e+03 4.4000e+03 3.4680e+21 2.5949e+21 2.5949e+21 2.8034e-02 0.0000e+00 1.3259e+05 0.0000e+00
3.2800e+03 3.3972e-12 6.9758e-01 1.5266e+03 2.3217e+03 4.4000e+03 3.4968e+21 2.6109e+21 2.6109e+21 2.7945e-02 0.0000e+00 1.3297e+05 0.0000e+00
3.2900e+03 3.3842e-12 6.9711e-01 1.5262e+03 2.3211e+03 4.4000e+03 3.5259e+21 2.6268e+21 2.6268e+21 2.7856e-02 0.0000e+00 1.3335e+05 0.0000e+00
3.3000e+03 3.3712e-12 6.9664e-01 1.5258e+03 2.3205e+03 4.4000e+03 3.5552e+21 2.6429e+21 2.6429e+21 2.7768e-02 0.0000e+00 1.3373e+05 0.0000e+00
3.3100e+03 3.3582e-12 6.9618e-01 1.5255e+03 2.3199e+03 4.4000e+03 3.5847e+21 2.6591e+21 2.6591e+21 2.7680e-02 0.0000e+00 1.3412e+05 0.0000e+00
3.3200e+03 3.3454e-12 6.9571e-01 1.5251e+03 2.3193e+03 4.4000e+03 3.6145e+21 2.6753e+21 2.6753e+21 2.7592e-02 0.0000e+00 1.3450e+05 0.0000e+00
3.3300e+03 3.3325e-12 6.9524e-01 1.5247e+03 2.3188e+03 4.4000e+03 3.6446e+21 2.6916e+21 2.6916e+21 2.7505e-02 0.0000e+00 1.3489e+05 0.0000e+00
3.3400e+03 3.3197e-12 6.9477e-01 1.5243e+03 2.3182e+03 4.4000e+03 3.6749e+21 2.7080e+21 2.7080e+21 2.7418e-02 0.0000e+00 1.3527e+05 0.0000e+00
3.3500e+03 3.3070e-12 6.9430e-01 1.5239e+03 2.3176e+03 4.4000e+03 3.7054e+21 2.7245e+21 2.7245e+21 2.7331e-02 0.0000e+00 1.3566e+05 0.0000e+00
3.3600e+03 3.2943e-12 6.9383e-01 1.5235e+03 2.3170e+03 4.4000e+03 3.7362e+21 2.7410e+21 2.7410e+21 2.7244e-02 0.0000e+00 1.3605e+05 0.0000e+00
3.3700e+03 3.2816e-12 6.9337e-01 1.5232e+03 2.3164e+03 4.4000e+03 3.7673e+21 2.7576e+21 2.7576e+21 2.7158e-02 0.0000e+00 1.3644e+05 0.0000e+00
3.3800e+03 3.2690e-12 6.9290e-01 1.5228e+03 2.3159e+03 4.4000e+03 3.7986e+21 2.7744e+21 2.7744e+21 2.7072e-02 0.0000e+00 1.3683e+05 0.0000e+00
3.3900e+03 3.2565e-12 6.9243e-01 1.5224e+03 2.3153e+03 4.4000e+03 3.8302e+21 2.7912e+21 2.7912e+21 2.6986e-02 0.0000e+00 1.3722e+05 0.0000e+00
3.4000e+03 3.2440e-12 6.9196e-01 1.5220e+03 2.3147e+03 4.4000e+03 3.8620e+21 2.8080e+21 2.8080e+21 2.6901e-02 0.0000e+00 1.3762e+05 0.0000e+00
3.4100e+03 3.2315e-12 6.9149e-01 1.5216e+03 2.3141e+03 4.4000e+03 3.8941e+21 2.8250e+21 2.8250e+21 2.6816e-02 0.0000e+00 1.3801e+05 0.0000e+00
3.4200e+03 3.2191e-12 6.9102e-01 1.5213e+03 2.3135e+03 4.4000e+03 3.9265e+21 2.8420e+21 2.8420e+21 2.6731e-02 0.0000e+00 1.3841e+05 0.0000e+00
3.4300e+03 3.2067e-12 6.9055e-01 1.5209e+03 2.3130e+03 4.4000e+03 3.9592e+21 2.8592e+21 2.8592e+21 2.6646e-02 0.0000e+00 1.3880e+05 0.0000e+00
3.4400e+03 3.1944e-12 6.9009e-01 1.5205e+03 2.3124e+03 4.4000e+03 3.9921e+21 2.8764e+21 2.8764e+21 2.6562e-02 0.0000e+00 1.3920e+05 0.0000e+00
3.4500e+03 3.1821e-12 6.8962e-01 1.5201e+03 2.3118e+03 4.4000e+03 4.0253e+21 2.8937e+21 2.8937e+21 2.6478e-02 0.0000e+00 1.3960e+05 0.0000e+00
3.4600e+03 3.1699e-12 6.8915e-01 1.5197e+03 2.3112e+03 4.4000e+03 4.0587e+21 2.9111e+21 2.9111e+21 2.6394e-02 0.0000e+00 1.4000e+05 0.0000e+00
3.4700e+03 3.1578e-12 6.8868e-01 1.5194e+03 2.3107e+03 4.4000e+03 4.0925e+21 2.9285e+21 2.9285e+21 2.6311e-02 0.0000e+00 1.4040e+05 0.0000e+00
3.4800e+03 3.1456e-12 6.8821e-01 1.5190e+03 2.3101e+03 4.4000e+03 4.1265e+21 2.9461e+21 2.9461e+21 2.6228e-02 0.0000e+00 1.4081e+05 0.0000e+00
3.4900e+03 3.1336e-12 6.8774e-01 1.5186e+03 2.3095e+03 4.4000e+03 4.1608e+21 2.9637e+21 2.9637e+21 2.6145e-02 0.0000e+00 1.4121e+05 0.0000e+00
3.5000e+03 3.1215e-12 6.8728e-01 1.5182e+03 2.3090e+03 4.4000e+03 4.1955e+21 2.9814e+21 2.9814e+21 2.6062e-02 0.0000e+00 1.4161e+05 0.0000e+00
3.5100e+03 3.1095e-12 6.8681e-01 1.5179e+03 2.3084e+03 4.4000e+03 4.2304e+21 2.9992e+21 2.9992e+21 2.5980e-02 0.0000e+00 1.4202e+05 0.0000e+00
3.5200e+03 3.0976e-12 6.8634e-01 1.5175e+03 2.3078e+03 4.4000e+03 4.2655e+21 3.0171e+21 3.0171e+21 2.5897e-02 0.0000e+00 1.4243e+05 0.0000e+00
3.5300e+03 3.0857e-12 6.8587e-01 1.5171e+03 2.3073e+03 4.4000e+03 4.3010e+21 3.0351e+21 3.0351e+21 2.5816e-02 0.0000e+00 1.4284e+05 0.0000e+00
3.5400e+03 3.0738e-12 6.8540e-01 1.5168e+03 2.3067e+03 4.4000e+03 4.3368e+21 3.0531e+21 3.0531e+21 2.5734e-02 0.0000e+00 1.4324e+05 0.0000e+00
3.5500e+03 3.0620e-12 6.8493e-01 1.5164e+03 2.3061e+03 4.4000e+03 4.3729e+21 3.0713e+21 3.0713e+21 2.5653e-02 0.0000e+00 1.4366e+05 0.0000e+00
3.5600e+03 3.0503e-12 6.8447e-01 1.5160e+03 2.3056e+03 4.4000e+03 4.4093e+21 3.0895e+21 3.0895e+21 2.5572e-02 0.0000e+00 1.4407e+05 0.0000e+00
3.5700e+03 3.0386e-12 6.8400e-01 1.5156e+03 2.3050e+03 4.4000e+03 4.4460e+21 3.1078e+21 3.1078e+21 2.5491e-02 0.0000e+00 1.4448e+05 0.0000e+00
3.5800e+03 3.0269e-12 6.8353e-01 1.5153e+03 2.3045e+03 4.4000e+03 4.4829e+21 3.1262e+21 3.1262e+21 2.5411e-02 0.0000e+00 1.4489e+05 0.0000e+00
3.5900e+03 3.0153e-12 6.8306e-01 1.5149e+03 2.3039e+03 4.4000e+03 4.5203e+21 3.1447e+21 3.1447e+21 2.5330e-02 0.0000e+00 1.4531e+05 0.0000e+00
3.6000e+03 3.0037e-12 6.8259e-01 1.5145e+03 2.3033e+03 4.4000e+03 4.5579e+21 3.1633e+21 3.1633e+21 2.5250e-02 0.0000e+00 1.4573e+05 0.0000e+00
3.6100e+03 2.9922e-12 6.8213e-01 1.5142e+03 2.3028e+03 4.4000e+03 4.5958e+21 3.1820e+21 3.1820e+21 2.5171e-02 0.0000e+00 1.4614e+05 0.0000e+00
3.6200e+03 2.9807e-12 6.8166e-01 1.5138e+03 2.3022e+03 4.4000e+03 4.6341e+21 3.2007e+21 3.2007e+21 2.5091e-02 0.0000e+00 1.4656e+05 0.0000e+00
3.6300e+03 2.9692e-12 6.8119e-01 1.5134e+03 2.3017e+03 4.4000e+03 4.6726e+21 3.2195e+21 3.2195e+21 2.5012e-02 0.0000e+00 1.4698e+05 0.0000e+00
3.6400e+03 2.9578e-12 6.8072e-01 1.5131e+03 2.3011e+03 4.4000e+03 4.7115e+21 3.2385e+21 3.2385e+21 2.4933e-02 0.0000e+00 1.4740e+05 0.0000e+00
3.6500e+03 2.9465e-12 6.8026e-01 1.5127e+03 2.3006e+03 4.4000e+03 4.7508e+21 3.2575e+21 3.2575e+21 2.4854e-02 0.0000e+00 1.4783e+05 0.0000e+00
3.6600e+03 2.9352e-12 6.7979e-01 1.5123e+03 2.3000e+03 4.4000e+03 4.7903e+21 3.2766e+21 3.2766e+21 2.4776e-02 0.0000e+00 1.4825e+05 0.0000e+00
3.6700e+03 2.9239e-12 6.7932e-01 1.5120e+03 2.2994e+03 4.4000e+03 4.8302e+21 3.2958e+21 3.2958e+21 2.4698e-02 0.0000e+00 1.4868e+05 0.0000e+00
3.6800e+03 2.9127e-12 6.7885e-01 1.5116e+03 2.2989e+03 4.4000e+03 4.8704e+21 3.3151e+21 3.3151e+21 2.4620e-02 0.0000e+00 1.4910e+05 0.0000e+00
3.6900e+03 2.9015e-12 6.7839e-01 1.5113e+03 2.2983e+03 4.4000e+03 4.9110e+21 3.3344e+21 3.3344e+21 2.4542e-02 0.0000e+00 1.4953e+05 0.0000e+00
3.7000e+03 2.8903e-12 6.7792e-01 1.5109e+03 2.2978e+03 4.4000e+03 4.9519e+21 3.3539e+21 3.3539e+21 2.4465e-02 0.0000e+00 1.4996e+05 0.0000e+00
3.7100e+03 2.8792e-12 6.7745e-01 1.5105e+03 2.2972e+03 4.4000e+03 4.9931e+21 3.3734e+21 3.3734e+21 2.4388e-02 0.0000e+00 1.5039e+05 0.0000e+00
3.7200e+03 2.8682e-12 6.7699e-01 1.5102e+03 2.2967e+03 4.4000e+03 5.0347e+21 3.3931e+21 3.3931e+21 2.4311e-02 0.0000e+00 1.5082e+05 0.0000e+00
3.7300e+03 2.8572e-12 6.7652e-01 1.5098e+03 2.2961e+03 4.4000e+03 5.0767e+21 3.4128e+21 3.4128e+21 2.4234e-02 0.0000e+00 1.5125e+05 0.0000e+00
3.7400e+03 2.8462e-12 6.7605e-01 1.5095e+03 2.2956e+03 4.4000e+03 5.1190e+21 3.4326e+21 3.4326e+21 2.4158e-02 0.0000e+00 1.5169e+05 0.0000e+00
3.7500e+03 2.8353e-12 6.7559e-01 1.5091e+03 2.2951e+03 4.4000e+03 5.1617e+21 3.4525e+21 3.4525e+21 2.4081e-02 0.0000e+00 1.5212e+05 0.0000e+00
3.7600e+03 2.8244e-12 6.7512e-01 1.5087e+03 2.2945e+03 4.4000e+03 5.2047e+21 3.4725e+21 3.4725e+21 2.4006e-02 0.0000e+00 1.5256e+05 0.0000e+00
3.7700e+03 2.8135e-12 6.7466e-01 1.5084e+03 2.2940e+03 4.4000e+03 5.2481e+21 3.4926e+21 3.4926e+21 2.3930e-02 0.0000e+00 1.5300e+05 0.0000e+00
3.7800e+03 2.8027e-12 6.7419e-01 1.5080e+03 2.2934e+03 4.4000e+03 5.2918e+21 3.5128e+21 3.5128e+21 2.3854e-02 0.0000e+00 1.5343e+05 0.0000e+00
3.7900e+03 2.7920e-12 6.7373e-01 1.5077e+03 2.2929e+03 4.4000e+03 5.3359e+21 3.5331e+21 3.5331e+21 2.3779e-02 0.0000e+00 1.5387e+05 0.0000e+00
3.8000e+03 2.7812e-12 6.7326e-01 1.5073e+03 2.2923e+03 4.4000e+03 5.3804e+21 3.5534e+21 3.5534e+21 2.3704e-02 0.0000e+00 1.5432e+05 0.0000e+00
3.8100e+03 2.7706e-12 6.7280e-01 1.5070e+03 2.2918e+03 4.4000e+03 5.4253e+21 3.5739e+21 3.5739e+21 2.3630e-02 0.0000e+00 1.5476e+05 0.0000e+00
3.8200e+03 2.7599e-12 6.7233e-01 1.5066e+03 2.2913e+03 4.4000e+03 5.4705e+21 3.5944e+21 3.5944e+21 2.3555e-02 0.0000e+00 1.5520e+05 0.0000e+00
3.8300e+03 2.7493e-12 6.7187e-01 1.5063e+03 2.2907e+03 4.4000e+03 5.5162e+21 3.6151e+21 3.6151e+21 2.3481e-02 0.0000e+00 1.5565e+05 0.0000e+00
3.8400e+03 2.7388e-12 6.7140e-01 1.5059e+03 2.2902e+03 4.4000e+03 5.5622e+21 3.6358e+21 3.6358e+21 2.3407e-02 0.0000e+00 1.5609e+05 0.0000e+00
3.8500e+03 2.7283e-12 6.7094e-01 1.5056e+03 2.2897e+03 4.4000e+03 5.6086e+21 3.6566e+21 3.6566e+21 2.3333e-02 0.0000e+00 1.5654e+05 0.0000e+00
3.8600e+03 2.7178e-12 6.7047e-01 1.5052e+03 2.2891e+03 4.4000e+03 5.6554e+21 3.6775e+21 3.6775e+21 2.3260e-02 0.0000e+00 1.5699e+05 0.0000e+00
3.8700e+03 2.7073e-12 6.7001e-01 1.5048e+03 2.2886e+03 4.4000e+03 5.7026e+21 3.6985e+21 3.6985e+21 2.3186e-02 0.0000e+00 1.5744e+05 0.0000e+00
3.8800e+03 2.6969e-12 6.6954e-01 1.5045e+03 2.2881e+03 4.4000e+03 5.7502e+21 3.7196e+21 3.7196e+21 2.3113e-02 0.0000e+00 1.5789e+05 0.0000e+00
3.8900e+03 2.6866e-12 6.6908e-01 1.5041e+03 2.2875e+03 4.4000e+03 5.7982e+21 3.7408e+21 3.7408e+21 2.3041e-02 0.0000e+00 1.5835e+05 0.0000e+00
3.9000e+03 2.6763e-12 6.6862e-01 1.5038e+03 2.2870e+03 4.4000e+03 5.8466e+21 3.7621e+21 3.7621e+21 2.2968e-02 0.0000e+00 1.5880e+05 0.0000e+00
3.9100e+03 2.6660e-12 6.6815e-01 1.5034e+03 2.2865e+03 4.4000e+03 5.8955e+21 3.7835e+21 3.7835e+21 2.2896e-02 0.0000e+00 1.5926e+05 0.0000e+00
3.9200e+03 2.6558e-12 6.6769e-01 1.5031e+03 2.2859e+03 4.4000e+03 5.9447e+21 3.8050e+21 3.8050e+21 2.2824e-02 0.0000e+00 1.5972e+05 0.0000e+00
3.9300e+03 2.6456e-12 6.6723e-01 1.5028e+03 2.2854e+03 4.4000e+03 5.9944e+21 3.8265e+21 3.8265e+21 2.2752e-02 0.0000e+00 1.6018e+05 0.0000e+00
3.9400e+03 2.6354e-12 6.6677e-01 1.5024e+03 2.2849e+03 4.4000e+03 6.0444e+21 3.8482e+21 3.8482e+21 2.2680e-02 0.0000e+00 1.6064e+05 0.0000e+00
3.9500e+03 2.6253e-12 6.6630e-01 1.5021e+03 2.2844e+03 4.4000e+03 6.0949e+21 3.8699e+21 3.8699e+21 2.2609e-02 0.0000e+00 1.6110e+05 0.0000e+00
3.9600e+03 2.6152e-12 6.6584e-01 1.5017e+03 2.2838e+03 4.4000e+03 6.1459e+21 3.8918e+21 3.8918e+21 2.2537e-02 0.0000e+00 1.6156e+05 0.0000e+00
3.9700e+03 2.6052e-12 6.6538e-01 1.5014e+03 2.2833e+03 4.4000e+03 6.1973e+21 3.9137e+21 3.9137e+21 2.2467e-02 0.0000e+00 1.6202e+05 0.0000e+00
3.9800e+03 2.5952e-12 6.6492e-01 1.5010e+03 2.2828e+03 4.4000e+03 6.2491e+21 3.9358e+21 3.9358e+21 2.2396e-02 0.0000e+00 1.6249e+05 0.0000e+00
3.9900e+03 2.5852e-12 6.6446e-01 1.5007e+03 2.2823e+03 4.4000e+03 6.3013e+21 3.9579e+21 3.9579e+21 2.2325e-02 0.0000e+00 1.6296e+05 0.0000e+00
4.0000e+03 2.5753e-12 6.6400e-01 1.5003e+03 2.2817e+03 4.4000e+03 6.3540e+21 3.9801e+21 3.9801e+21 2.2255e-02 0.0000e+00 1.6343e+05 0.0000e+00
4.0100e+03 2.5654e-12 6.6354e-01 1.5000e+03 2.2812e+03 4.4000e+03 6.4072e+21 4.0024e+21 4.0024e+21 2.2185e-02 0.0000e+00 1.6389e+05 0.0000e+00
4.0200e+03 2.5555e-12 6.6308e-01 1.4997e+03 2.2807e+03 4.4000e+03 6.4608e+21 4.0249e+21 4.0249e+21 2.2115e-02 0.0000e+00 1.6437e+05 0.0000e+00
4.0300e+03 2.5457e-12 6.6262e-01 1.4993e+03 2.2802e+03 4.4000e+03 6.5149e+21 4.0474e+21 4.0474e+21 2.2045e-02 0.0000e+00 1.6484e+05 0.0000e+00
4.0400e+03 2.5359e-12 6.6216e-01 1.4990e+03 2.2797e+03 4.4000e+03 6.5694e+21 4.0700e+21 4.0700e+21 2.1976e-02 0.0000e+00 1.6531e+05 0.0000e+00
4.0500e+03 2.5262e-12 6.6170e-01 1.4986e+03 2.2791e+03 4.4000e+03 6.6244e+21 4.0927e+21 4.0927e+21 2.1907e-02 0.0000e+00 1.6579e+05 0.0000e+00
4.0600e+03 2.5165e-12 6.6124e-01 1.4983e+03 2.2786e+03 4.4000e+03 6.6798e+21 4.1155e+21 4.1155e+21 2.1838e-02 0.0000e+00 1.6627e+05 0.0000e+00
4.0700e+03 2.5068e-12 6.6078e-01 1.4980e+03 2.2781e+03 4.4000e+03 6.7358e+21 4.1384e+21 4.1384e+21 2.1769e-02 0.0000e+00 1.6674e+05 0.0000e+00
4.0800e+03 2.4972e-12 6.6032e-01 1.4976e+03 2.2776e+03 4.4000e+03 6.7922e+21 4.1614e+21 4.1614e+21 2.1701e-02 0.0000e+00 1.6722e+05 0.0000e+00
4.0900e+03 2.4876e-12 6.5986e-01 1.4973e+03 2.2771e+03 4.4000e+03 6.8491e+21 4.1845e+21 4.1845e+21 2.1632e-02 0.0000e+00 1.6771e+05 0.0000e+00
4.1000e+03 2.4781e-12 6.5940e-01 1.4969e+03 2.2766e+03 4.4000e+03 6.9065e+21 4.2077e+21 4.2077e+21 2.1564e-02 0.0000e+00 1.6819e+05 0.0000e+00
4.1100e+03 2.4685e-12 6.5895e-01 1.4966e+03 2.2761e+03 4.4000e+03 6.9644e+21 4.2309e+21 4.2309e+21 2.1496e-02 0.0000e+00 1.6867e+05 0.0000e+00
4.1200e+03 2.4591e-12 6.5849e-01 1.4963e+03 2.2755e+03 4.4000e+03 7.0228e+21 4.2543e+21 4.2543e+21 2.1429e-02 0.0000e+00 1.6916e+05 0.0000e+00
4.1300e+03 2.4496e-12 6.5803e-01 1.4959e+03 2.2750e+03 4.4000e+03 7.0817e+21 4.2778e+21 4.2778e+21 2.1361e-02 0.0000e+00 1.6965e+05 0.0000e+00
4.1400e+03 2.4402e-12 6.5758e-01 1.4956e+03 2.2745e+03 4.4000e+03 7.1411e+21 4.3014e+21 4.3014e+21 2.1294e-02 0.0000e+00 1.7013e+05 0.0000e+00
4.1500e+03 2.4308e-12 6.5712e-01 1.4953e+03 2.2740e+03 4.4000e+03 7.2010e+21 4.3250e+21 4.3250e+21 2.1227e-02 0.0000e+00 1.7062e+05 0.0000e+00
4.1600e+03 2.4215e-12 6.5666e-01 1.4949e+03 2.2735e+03 4.4000e+03 7.2614e+21 4.3488e+21 4.3488e+21 2.1160e-02 0.0000e+00 1.7112e+05 0.0000e+00
4.1700e+03 2.4122e-12 6.5621e-01 1.4946e+03 2.2730e+03 4.4000e+03 7.3224e+21 4.3727e+21 4.3727e+21 2.1093e-02 0.0000e+00 1.7161e+05 0.0000e+00
4.1800e+03 2.4029e-12 6.5575e-01 1.4943e+03 2.2725e+03 4.4000e+03 7.3838e+21 4.3966e+21 4.3966e+21 2.1027e-02 0.0000e+00 1.7210e+05 0.0000e+00
4.1900e+03 2.3937e-12 6.5530e-01 1.4939e+03 2.2720e+03 4.4000e+03 7.4458e+21 4.4207e+21 4.4207e+21 2.0961e-02 0.0000e+00 1.7260e+05 0.0000e+00
4.2000e+03 2.3845e-12 6.5485e-01 1.4936e+03 2.2715e+03 4.4000e+03 7.5084e+21 4.4449e+21 4.4449e+21 2.0895e-02 0.0000e+00 1.7310e+05 0.0000e+00
4.2100e+03 2.3754e-12 6.5439e-01 1.4933e+03 2.2710e+03 4.4000e+03 7.5715e+21 4.4691e+21 4.4691e+21 2.0829e-02 0.0000e+00 1.7360e+05 0.0000e+00
4.2200e+03 2.3663e-12 6.5394e-01 1.4929e+03 2.2705e+03 4.4000e+03 7.6351e+21 4.4935e+21 4.4935e+21 2.0763e-02 0.0000e+00 1.7410e+05 0.0000e+00
4.2300e+03 2.3572e-12 6.5349e-01 1.4926e+03 2.2700e+03 4.4000e+03 7.6993e+21 4.5179e+21 4.5179e+21 2.0698e-02 0.0000e+00 1.7460e+05 0.0000e+00
4.2400e+03 2.3481e-12 6.5303e-01 1.4923e+03 2.2695e+03 4.4000e+03 7.7640e+21 4.5425e+21 4.5425e+21 2.0633e-02 0.0000e+00 1.7510e+05 0.0000e+00
4.2500e+03 2.3391e-12 6.5258e-01 1.4920e+03 2.2690e+03 4.4000e+03 7.8293e+21 4.5671e+21 4.5671e+21 2.0568e-02 0.0000e+00 1.7561e+05 0.0000e+00
4.2600e+03 2.3301e-12 6.5213e-01 1.4916e+03 2.2685e+03 4.4000e+03 7.8952e+21 4.5919e+21 4.5919e+21 2.0503e-02 0.0000e+00 1.7612e+05 0.0000e+00
4.2700e+03 2.3212e-12 6.5168e-01 1.4913e+03 2.2680e+03 4.4000e+03 7.9616e+21 4.6167e+21 4.6167e+21 2.0438e-02 0.0000e+00 1.7662e+05 0.0000e+00
4.2800e+03 2.3123e-12 6.5123e-01 1.4910e+03 2.2675e+03 4.4000e+03 8.0286e+21 4.6417e+21 4.6417e+21 2.0374e-02 0.0000e+00 1.7713e+05 0.0000e+00
4.2900e+03 2.3034e-12 6.5078e-01 1.4907e+03 2.2670e+03 4.4000e+03 8.0962e+21 4.6667e+21 4.6667e+21 2.0310e-02 0.0000e+00 1.7765e+05 0.0000e+00
4.3000e+03 2.2945e-12 6.5033e-01 1.4903e+03 2.2665e+03 4.4000e+03 8.1644e+21 4.6919e+21 4.6919e+21 2.0246e-02 0.0000e+00 1.7816e+05 0.0000e+00
4.3100e+03 2.2857e-12 6.4988e-01 1.4900e+03 2.2660e+03 4.4000e+03 8.2332e+21 4.7171e+21 4.7171e+21 2.0182e-02 0.0000e+00 1.7868e+05 0.0000e+00
4.3200e+03 2.2769e-12 6.4943e-01 1.4897e+03 2.2655e+03 4.4000e+03 8.3025e+21 4.7425e+21 4.7425e+21 2.0118e-02 0.0000e+00 1.7919e+05 0.0000e+00
4.3300e+03 2.2682e-12 6.4898e-01 1.4894e+03 2.2650e+03 4.4000e+03 8.3725e+21 4.7679e+21 4.7679e+21 2.0055e-02 0.0000e+00 1.7971e+05 0.0000e+00
4.3400e+03 2.2595e-12 6.4853e-01 1.4890e+03 2.2645e+03 4.4000e+03 8.4431e+21 4.7935e+21 4.7935e+21 1.9992e-02 0.0000e+00 1.8023e+05 0.0000e+00
4.3500e+03 2.2508e-12 6.4808e-01 1.4887e+03 2.2641e+03 4.4000e+03 8.5143e+21 4.8191e+21 4.8191e+21 1.9929e-02 0.0000e+00 1.8075e+05 0.0000e+00
4.3600e+03 2.2422e-12 6.4764e-01 1.4884e+03 2.2636e+03 4.4000e+03 8.5862e+21 4.8448e+21 4.8448e+21 1.9866e-02 0.0000e+00 1.8127e+05 0.0000e+00
4.3700e+03 2.2336e-12 6.4719e-01 1.4881e+03 2.2631e+03 4.4000e+03 8.6586e+21 4.8707e+21 4.8707e+21 1.9803e-02 0.0000e+00 1.8180e+05 0.0000e+00
4.3800e+03 2.2250e-12 6.4674e-01 1.4878e+03 2.2626e+03 4.4000e+03 8.7317e+21 4.8966e+21 4.8966e+21 1.9741e-02 0.0000e+00 1.8233e+05 0.0000e+00
4.3900e+03 2.2164e-12 6.4630e-01 1.4874e+03 2.2621e+03 4.4000e+03 8.8055e+21 4.9227e+21 4.9227e+21 1.9679e-02 0.0000e+00 1.8285e+05 0.0000e+00
4.4000e+03 2.2079e-12 6.4585e-01 1.4871e+03 2.2616e+03 4.4000e+03 8.8799e+21 4.9488e+21 4.9488e+21 1.9617e-02 0.0000e+00 1.8338e+05 0.0000e+00
4.4100e+03 2.1994e-12 6.4541e-01 1.4868e+03 2.2611e+03 4.4000e+03 8.9549e+21 4.9751e+21 4.9751e+21 1.9555e-02 0.0000e+00 1.8391e+05 0.0000e+00
4.4200e+03 2.1910e-12 6.4496e-01 1.4865e+03 2.2607e+03 4.4000e+03 9.0306e+21 5.0014e+21 5.0014e+21 1.9493e-02 0.0000e+00 1.8445e+05 0.0000e+00
4.4300e+03 2.1826e-12 6.4452e-01 1.4862e+03 2.2602e+03 4.4000e+03 9.1070e+21 5.0278e+21 5.0278e+21 1.9432e-02 0.0000e+00 1.8498e+05 0.0000e+00
4.4400e+03 2.1742e-12 6.4408e-01 1.4858e+03 2.2597e+03 4.4000e+03 9.1840e+21 5.0544e+21 5.0544e+21 1.9370e-02 0.0000e+00 1.8552e+05 0.0000e+00
4.4500e+03 2.1659e-12 6.4364e-01 1.4855e+03 2.2592e+03 4.4000e+03 9.2617e+21 5.0810e+21 5.0810e+21 1.9309e-02 0.0000e+00 1.8606e+05 0.0000e+00
4.4600e+03 2.1575e-12 6.4319e-01 1.4852e+03 2.2587e+03 4.4000e+03 9.3401e+21 5.1078e+21 5.1078e+21 1.9248e-02 0.0000e+00 1.8660e+05 0.0000e+00
4.4700e+03 2.1493e-12 6.4275e-01 1.4849e+03 2.2583e+03 4.4000e+03 9.4192e+21 5.1346e+21 5.1346e+21 1.9187e-02 0.0000e+00 1.8714e+05 0.0000e+00
4.4800e+03 2.1410e-12 6.4231e-01 1.4846e+03 2.2578e+03 4.4000e+03 9.4990e+21 5.1616e+21 5.1616e+21 1.9127e-02 0.0000e+00 1.8768e+05 0.0000e+00
4.4900e+03 2.1328e-12 6.4187e-01 1.4843e+03 2.2573e+03 4.4000e+03 9.5795e+21 5.1886e+21 5.1886e+21 1.9067e-02 0.0000e+00 1.8823e+05 0.0000e+00
4.5000e+03 2.1246e-12 6.4143e-01 1.4840e+03 2.2568e+03 4.4000e+03 9.6607e+21 5.2158e+21 5.2158e+21 1.9006e-02 0.0000e+00 1.8877e+05 0.0000e+00
4.5100e+03 2.1164e-12 6.4099e-01 1.4836e+03 2.2564e+03 4.4000e+03 9.7426e+21 5.2430e+21 5.2430e+21 1.8946e-02 0.0000e+00 1.8932e+05 0.0000e+00
4.5200e+03 2.1083e-12 6.4055e-01 1.4833e+03 2.2559e+03 4.4000e+03 9.8253e+21 5.2703e+21 5.2703e+21 1.8886e-02 0.0000e+00 1.8987e+05 0.0000e+00
4.5300e+03 2.1002e-12 6.4012e-01 1.4830e+03 2.2554e+03 4.4000e+03 9.9087e+21 5.2978e+21 5.2978e+21 1.8827e-02 0.0000e+00 1.9042e+05 0.0000e+00
4.5400e+03 2.0921e-12 6.3968e-01 1.4827e+03 2.2549e+03 4.4000e+03 9.9928e+21 5.3253e+21 5.3253e+21 1.8767e-02 0.0000e+00 1.9098e+05 0.0000e+00
4.5500e+03 0.0000e+00 0.0000e+00 1.4824e+03 0.0000e+00 4.4000e+03 0.0000e+00 0.0000e+00 0.0000e+00 0.0000e+00 0.0000e+00 0.0000e+00 0.0000e+00
