0.0000e+00 4.8000e-11 3.1538e+00 1.7000e+03 2.5854e+03 4.4000e+03 1.9348e+20 2.2409e+20 2.2409e+20 8.7333e-02 0.0000e+00 4.8504e+04 0.0000e+00
1.0000e+01 4.7816e-11 2.9985e+00 1.7086e+03 2.5985e+03 4.4000e+03 1.7235e+20 2.0095e+20 2.0095e+20 9.1504e-02 0.0000e+00 4.6576e+04 0.0000e+00
2.0000e+01 4.7632e-11 2.8535e+00 1.7170e+03 2.6112e+03 4.4000e+03 1.5384e+20 1.8093e+20 1.8093e+20 9.5784e-02 0.0000e+00 4.4757e+04 0.0000e+00
3.0000e+01 4.7449e-11 2.7205e+00 1.7251e+03 2.6236e+03 4.4000e+03 1.3795e+20 1.6357e+20 1.6357e+20 1.0008e-01 0.0000e+00 4.3078e+04 0.0000e+00
4.0000e+01 4.7267e-11 2.5984e+00 1.7330e+03 2.6356e+03 4.4000e+03 1.2428e+20 1.4846e+20 1.4846e+20 1.0438e-01 0.0000e+00 4.1530e+04 0.0000e+00
5.0000e+01 4.7085e-11 2.4861e+00 1.7406e+03 2.6472e+03 4.4000e+03 1.1248e+20 1.3526e+20 1.3526e+20 1.0868e-01 0.0000e+00 4.0100e+04 0.0000e+00
6.0000e+01 4.6905e-11 2.3828e+00 1.7480e+03 2.6584e+03 4.4000e+03 1.0224e+20 1.2370e+20 1.2370e+20 1.1295e-01 0.0000e+00 3.8779e+04 0.0000e+00
7.0000e+01 4.6725e-11 2.2876e+00 1.7552e+03 2.6693e+03 4.4000e+03 9.3322e+19 1.1354e+20 1.1354e+20 1.1720e-01 0.0000e+00 3.7556e+04 0.0000e+00
8.0000e+01 4.6545e-11 2.1997e+00 1.7621e+03 2.6798e+03 4.4000e+03 8.5528e+19 1.0459e+20 1.0459e+20 1.2142e-01 0.0000e+00 3.6423e+04 0.0000e+00
9.0000e+01 4.6366e-11 2.1185e+00 1.7688e+03 2.6900e+03 4.4000e+03 7.8692e+19 9.6675e+19 9.6675e+19 1.2559e-01 0.0000e+00 3.5372e+04 0.0000e+00
1.0000e+02 4.6188e-11 2.0433e+00 1.7752e+03 2.6998e+03 4.4000e+03 7.2675e+19 8.9663e+19 8.9663e+19 1.2971e-01 0.0000e+00 3.4397e+04 0.0000e+00
1.1000e+02 4.6011e-11 1.9736e+00 1.7814e+03 2.7092e+03 4.4000e+03 6.7363e+19 8.3432e+19 8.3432e+19 1.3378e-01 0.0000e+00 3.3491e+04 0.0000e+00
1.2000e+02 4.5834e-11 1.9090e+00 1.7874e+03 2.7183e+03 4.4000e+03 6.2658e+19 7.7880e+19 7.7880e+19 1.3777e-01 0.0000e+00 3.2649e+04 0.0000e+00
1.3000e+02 4.5658e-11 1.8489e+00 1.7931e+03 2.7270e+03 4.4000e+03 5.8478e+19 7.2923e+19 7.2923e+19 1.4170e-01 0.0000e+00 3.1865e+04 0.0000e+00
1.4000e+02 4.5483e-11 1.7931e+00 1.7986e+03 2.7354e+03 4.4000e+03 5.4756e+19 6.8485e+19 6.8485e+19 1.4555e-01 0.0000e+00 3.1136e+04 0.0000e+00
1.5000e+02 4.5308e-11 1.7412e+00 1.8039e+03 2.7434e+03 4.4000e+03 5.1431e+19 6.4504e+19 6.4504e+19 1.4931e-01 0.0000e+00 3.0458e+04 0.0000e+00
1.6000e+02 4.5134e-11 1.6928e+00 1.8090e+03 2.7511e+03 4.4000e+03 4.8455e+19 6.0925e+19 6.0925e+19 1.5299e-01 0.0000e+00 2.9825e+04 0.0000e+00
1.7000e+02 4.4961e-11 1.6478e+00 1.8138e+03 2.7585e+03 4.4000e+03 4.5784e+19 5.7701e+19 5.7701e+19 1.5657e-01 0.0000e+00 2.9236e+04 0.0000e+00
1.8000e+02 4.4788e-11 1.6057e+00 1.8185e+03 2.7656e+03 4.4000e+03 4.3382e+19 5.4790e+19 5.4790e+19 1.6006e-01 0.0000e+00 2.8686e+04 0.0000e+00
1.9000e+02 4.4616e-11 1.5664e+00 1.8229e+03 2.7723e+03 4.4000e+03 4.1216e+19 5.2159e+19 5.2159e+19 1.6344e-01 0.0000e+00 2.8173e+04 0.0000e+00
2.0000e+02 4.4445e-11 1.5297e+00 1.8272e+03 2.7788e+03 4.4000e+03 3.9261e+19 4.9775e+19 4.9775e+19 1.6672e-01 0.0000e+00 2.7695e+04 0.0000e+00
2.1000e+02 4.4274e-11 1.4953e+00 1.8312e+03 2.7849e+03 4.4000e+03 3.7492e+19 4.7612e+19 4.7612e+19 1.6990e-01 0.0000e+00 2.7249e+04 0.0000e+00
2.2000e+02 4.4104e-11 1.4632e+00 1.8351e+03 2.7908e+03 4.4000e+03 3.5889e+19 4.5646e+19 4.5646e+19 1.7297e-01 0.0000e+00 2.6833e+04 0.0000e+00
2.3000e+02 4.3935e-11 1.4330e+00 1.8387e+03 2.7964e+03 4.4000e+03 3.4434e+19 4.3858e+19 4.3858e+19 1.7592e-01 0.0000e+00 2.6444e+04 0.0000e+00
2.4000e+02 4.3766e-11 1.4048e+00 1.8422e+03 2.8017e+03 4.4000e+03 3.3111e+19 4.2229e+19 4.2229e+19 1.7877e-01 0.0000e+00 2.6081e+04 0.0000e+00
2.5000e+02 4.3598e-11 1.3783e+00 1.8455e+03 2.8067e+03 4.4000e+03 3.1907e+19 4.0743e+19 4.0743e+19 1.8151e-01 0.0000e+00 2.5743e+04 0.0000e+00
2.6000e+02 4.3431e-11 1.3534e+00 1.8487e+03 2.8115e+03 4.4000e+03 3.0809e+19 3.9386e+19 3.9386e+19 1.8413e-01 0.0000e+00 2.5427e+04 0.0000e+00
2.7000e+02 4.3264e-11 1.3301e+00 1.8517e+03 2.8160e+03 4.4000e+03 2.9808e+19 3.8145e+19 3.8145e+19 1.8665e-01 0.0000e+00 2.5133e+04 0.0000e+00
2.8000e+02 4.3098e-11 1.3081e+00 1.8545e+03 2.8203e+03 4.4000e+03 2.8894e+19 3.7010e+19 3.7010e+19 1.8905e-01 0.0000e+00 2.4858e+04 0.0000e+00
2.9000e+02 4.2932e-11 1.2875e+00 1.8571e+03 2.8244e+03 4.4000e+03 2.8058e+19 3.5972e+19 3.5972e+19 1.9134e-01 0.0000e+00 2.4602e+04 0.0000e+00
3.0000e+02 4.2768e-11 1.2681e+00 1.8597e+03 2.8282e+03 4.4000e+03 2.7293e+19 3.5020e+19 3.5020e+19 1.9353e-01 0.0000e+00 2.4364e+04 0.0000e+00
3.1000e+02 4.2603e-11 1.2498e+00 1.8620e+03 2.8318e+03 4.4000e+03 2.6593e+19 3.4148e+19 3.4148e+19 1.9560e-01 0.0000e+00 2.4141e+04 0.0000e+00
3.2000e+02 4.2440e-11 1.2326e+00 1.8643e+03 2.8352e+03 4.4000e+03 2.5952e+19 3.3348e+19 3.3348e+19 1.9757e-01 0.0000e+00 2.3934e+04 0.0000e+00
3.3000e+02 4.2277e-11 1.2164e+00 1.8664e+03 2.8384e+03 4.4000e+03 2.5365e+19 3.2615e+19 3.2615e+19 1.9944e-01 0.0000e+00 2.3742e+04 0.0000e+00
3.4000e+02 4.2114e-11 1.2010e+00 1.8684e+03 2.8414e+03 4.4000e+03 2.4827e+19 3.1943e+19 3.1943e+19 2.0121e-01 0.0000e+00 2.3563e+04 0.0000e+00
3.5000e+02 4.1953e-11 1.1866e+00 1.8702e+03 2.8442e+03 4.4000e+03 2.4334e+19 3.1326e+19 3.1326e+19 2.0287e-01 0.0000e+00 2.3397e+04 0.0000e+00
3.6000e+02 4.1792e-11 1.1730e+00 1.8719e+03 2.8469e+03 4.4000e+03 2.3883e+19 3.0761e+19 3.0761e+19 2.0444e-01 0.0000e+00 2.3243e+04 0.0000e+00
3.7000e+02 4.1631e-11 1.1601e+00 1.8736e+03 2.8493e+03 4.4000e+03 2.3470e+19 3.0244e+19 3.0244e+19 2.0591e-01 0.0000e+00 2.3101e+04 0.0000e+00
3.8000e+02 4.1471e-11 1.1480e+00 1.8751e+03 2.8516e+03 4.4000e+03 2.3092e+19 2.9770e+19 2.9770e+19 2.0729e-01 0.0000e+00 2.2969e+04 0.0000e+00
3.9000e+02 4.1312e-11 1.1365e+00 1.8765e+03 2.8538e+03 4.4000e+03 2.2747e+19 2.9336e+19 2.9336e+19 2.0858e-01 0.0000e+00 2.2847e+04 0.0000e+00
4.0000e+02 4.1153e-11 1.1256e+00 1.8778e+03 2.8558e+03 4.4000e+03 2.2431e+19 2.8940e+19 2.8940e+19 2.0979e-01 0.0000e+00 2.2734e+04 0.0000e+00
4.1000e+02 4.0995e-11 1.1154e+00 1.8790e+03 2.8576e+03 4.4000e+03 2.2143e+19 2.8578e+19 2.8578e+19 2.1090e-01 0.0000e+00 2.2631e+04 0.0000e+00
4.2000e+02 4.0838e-11 1.1057e+00 1.8801e+03 2.8593e+03 4.4000e+03 2.1881e+19 2.8249e+19 2.8249e+19 2.1194e-01 0.0000e+00 2.2536e+04 0.0000e+00
4.3000e+02 4.0681e-11 1.0965e+00 1.8811e+03 2.8608e+03 4.4000e+03 2.1643e+19 2.7949e+19 2.7949e+19 2.1290e-01 0.0000e+00 2.2449e+04 0.0000e+00
4.4000e+02 4.0525e-11 1.0877e+00 1.8821e+03 2.8623e+03 4.4000e+03 2.1427e+19 2.7678e+19 2.7678e+19 2.1378e-01 0.0000e+00 2.2370e+04 0.0000e+00
4.5000e+02 4.0369e-11 1.0795e+00 1.8829e+03 2.8636e+03 4.4000e+03 2.1232e+19 2.7432e+19 2.7432e+19 2.1459e-01 0.0000e+00 2.2298e+04 0.0000e+00
4.6000e+02 4.0214e-11 1.0717e+00 1.8837e+03 2.8648e+03 4.4000e+03 2.1056e+19 2.7211e+19 2.7211e+19 2.1532e-01 0.0000e+00 2.2232e+04 0.0000e+00
4.7000e+02 4.0060e-11 1.0643e+00 1.8844e+03 2.8658e+03 4.4000e+03 2.0899e+19 2.7013e+19 2.7013e+19 2.1599e-01 0.0000e+00 2.2174e+04 0.0000e+00
4.8000e+02 3.9906e-11 1.0572e+00 1.8851e+03 2.8668e+03 4.4000e+03 2.0758e+19 2.6835e+19 2.6835e+19 2.1659e-01 0.0000e+00 2.2121e+04 0.0000e+00
4.9000e+02 3.9753e-11 1.0506e+00 1.8856e+03 2.8677e+03 4.4000e+03 2.0633e+19 2.6678e+19 2.6678e+19 2.1713e-01 0.0000e+00 2.2074e+04 0.0000e+00
5.0000e+02 3.9600e-11 1.0442e+00 1.8861e+03 2.8684e+03 4.4000e+03 2.0523e+19 2.6540e+19 2.6540e+19 2.1761e-01 0.0000e+00 2.2032e+04 0.0000e+00
5.1000e+02 3.9448e-11 1.0382e+00 1.8866e+03 2.8691e+03 4.4000e+03 2.0428e+19 2.6420e+19 2.6420e+19 2.1803e-01 0.0000e+00 2.1996e+04 0.0000e+00
5.2000e+02 3.9297e-11 1.0325e+00 1.8869e+03 2.8697e+03 4.4000e+03 2.0345e+19 2.6316e+19 2.6316e+19 2.1839e-01 0.0000e+00 2.1964e+04 0.0000e+00
5.3000e+02 3.9146e-11 1.0271e+00 1.8873e+03 2.8702e+03 4.4000e+03 2.0275e+19 2.6228e+19 2.6228e+19 2.1870e-01 0.0000e+00 2.1938e+04 0.0000e+00
5.4000e+02 3.8995e-11 1.0219e+00 1.8875e+03 2.8706e+03 4.4000e+03 2.0217e+19 2.6154e+19 2.6154e+19 2.1896e-01 0.0000e+00 2.1915e+04 0.0000e+00
5.5000e+02 3.8846e-11 1.0170e+00 1.8878e+03 2.8709e+03 4.4000e+03 2.0169e+19 2.6095e+19 2.6095e+19 2.1917e-01 0.0000e+00 2.1897e+04 0.0000e+00
5.6000e+02 3.8696e-11 1.0124e+00 1.8879e+03 2.8712e+03 4.4000e+03 2.0133e+19 2.6049e+19 2.6049e+19 2.1934e-01 0.0000e+00 2.1883e+04 0.0000e+00
5.7000e+02 3.8548e-11 1.0079e+00 1.8881e+03 2.8714e+03 4.4000e+03 2.0106e+19 2.6016e+19 2.6016e+19 2.1946e-01 0.0000e+00 2.1873e+04 0.0000e+00
5.8000e+02 3.8400e-11 1.0037e+00 1.8881e+03 2.8715e+03 4.4000e+03 2.0089e+19 2.5994e+19 2.5994e+19 2.1953e-01 0.0000e+00 2.1866e+04 0.0000e+00
5.9000e+02 3.8252e-11 9.9967e-01 1.8882e+03 2.8716e+03 4.4000e+03 2.0081e+19 2.5985e+19 2.5985e+19 2.1957e-01 0.0000e+00 2.1863e+04 0.0000e+00
6.0000e+02 3.8105e-11 9.9584e-01 1.8882e+03 2.8715e+03 4.4000e+03 2.0081e+19 2.5985e+19 2.5985e+19 2.1957e-01 0.0000e+00 2.1863e+04 0.0000e+00
6.1000e+02 3.7959e-11 9.9219e-01 1.8881e+03 2.8715e+03 4.4000e+03 2.0090e+19 2.5997e+19 2.5997e+19 2.1953e-01 0.0000e+00 2.1867e+04 0.0000e+00
6.2000e+02 3.7813e-11 9.8872e-01 1.8880e+03 2.8714e+03 4.4000e+03 2.0106e+19 2.6018e+19 2.6018e+19 2.1946e-01 0.0000e+00 2.1873e+04 0.0000e+00
6.3000e+02 3.7668e-11 9.8540e-01 1.8879e+03 2.8712e+03 4.4000e+03 2.0130e+19 2.6048e+19 2.6048e+19 2.1935e-01 0.0000e+00 2.1882e+04 0.0000e+00
6.4000e+02 3.7524e-11 9.8224e-01 1.8878e+03 2.8710e+03 4.4000e+03 2.0161e+19 2.6088e+19 2.6088e+19 2.1921e-01 0.0000e+00 2.1894e+04 0.0000e+00
6.5000e+02 3.7379e-11 9.7922e-01 1.8876e+03 2.8707e+03 4.4000e+03 2.0198e+19 2.6136e+19 2.6136e+19 2.1904e-01 0.0000e+00 2.1908e+04 0.0000e+00
6.6000e+02 3.7236e-11 9.7634e-01 1.8874e+03 2.8704e+03 4.4000e+03 2.0243e+19 2.6192e+19 2.6192e+19 2.1884e-01 0.0000e+00 2.1925e+04 0.0000e+00
6.7000e+02 3.7093e-11 9.7359e-01 1.8872e+03 2.8700e+03 4.4000e+03 2.0293e+19 2.6256e+19 2.6256e+19 2.1862e-01 0.0000e+00 2.1945e+04 0.0000e+00
6.8000e+02 3.6950e-11 9.7097e-01 1.8869e+03 2.8696e+03 4.4000e+03 2.0350e+19 2.6328e+19 2.6328e+19 2.1837e-01 0.0000e+00 2.1966e+04 0.0000e+00
6.9000e+02 3.6809e-11 9.6846e-01 1.8866e+03 2.8692e+03 4.4000e+03 2.0412e+19 2.6407e+19 2.6407e+19 2.1809e-01 0.0000e+00 2.1990e+04 0.0000e+00
7.0000e+02 3.6667e-11 9.6606e-01 1.8863e+03 2.8687e+03 4.4000e+03 2.0480e+19 2.6493e+19 2.6493e+19 2.1779e-01 0.0000e+00 2.2016e+04 0.0000e+00
7.1000e+02 3.6526e-11 9.6377e-01 1.8860e+03 2.8682e+03 4.4000e+03 2.0553e+19 2.6586e+19 2.6586e+19 2.1747e-01 0.0000e+00 2.2043e+04 0.0000e+00
7.2000e+02 3.6386e-11 9.6158e-01 1.8856e+03 2.8676e+03 4.4000e+03 2.0631e+19 2.6685e+19 2.6685e+19 2.1713e-01 0.0000e+00 2.2073e+04 0.0000e+00
7.3000e+02 3.6246e-11 9.5948e-01 1.8852e+03 2.8671e+03 4.4000e+03 2.0714e+19 2.6791e+19 2.6791e+19 2.1677e-01 0.0000e+00 2.2105e+04 0.0000e+00
7.4000e+02 3.6107e-11 9.5747e-01 1.8848e+03 2.8664e+03 4.4000e+03 2.0803e+19 2.6902e+19 2.6902e+19 2.1639e-01 0.0000e+00 2.2138e+04 0.0000e+00
7.5000e+02 3.5969e-11 9.5554e-01 1.8844e+03 2.8658e+03 4.4000e+03 2.0895e+19 2.7020e+19 2.7020e+19 2.1600e-01 0.0000e+00 2.2173e+04 0.0000e+00
7.6000e+02 3.5830e-11 9.5370e-01 1.8839e+03 2.8651e+03 4.4000e+03 2.0993e+19 2.7143e+19 2.7143e+19 2.1558e-01 0.0000e+00 2.2209e+04 0.0000e+00
7.7000e+02 3.5693e-11 9.5193e-01 1.8835e+03 2.8644e+03 4.4000e+03 2.1095e+19 2.7272e+19 2.7272e+19 2.1515e-01 0.0000e+00 2.2247e+04 0.0000e+00
7.8000e+02 3.5556e-11 9.5024e-01 1.8830e+03 2.8637e+03 4.4000e+03 2.1201e+19 2.7406e+19 2.7406e+19 2.1471e-01 0.0000e+00 2.2286e+04 0.0000e+00
7.9000e+02 3.5419e-11 9.4862e-01 1.8825e+03 2.8630e+03 4.4000e+03 2.1311e+19 2.7546e+19 2.7546e+19 2.1425e-01 0.0000e+00 2.2327e+04 0.0000e+00
8.0000e+02 3.5283e-11 9.4706e-01 1.8820e+03 2.8622e+03 4.4000e+03 2.1425e+19 2.7690e+19 2.7690e+19 2.1378e-01 0.0000e+00 2.2369e+04 0.0000e+00
8.1000e+02 3.5148e-11 9.4556e-01 1.8815e+03 2.8614e+03 4.4000e+03 2.1543e+19 2.7839e+19 2.7839e+19 2.1329e-01 0.0000e+00 2.2413e+04 0.0000e+00
8.2000e+02 3.5013e-11 9.4413e-01 1.8810e+03 2.8606e+03 4.4000e+03 2.1665e+19 2.7994e+19 2.7994e+19 2.1280e-01 0.0000e+00 2.2457e+04 0.0000e+00
8.3000e+02 3.4878e-11 9.4274e-01 1.8804e+03 2.8598e+03 4.4000e+03 2.1791e+19 2.8152e+19 2.8152e+19 2.1229e-01 0.0000e+00 2.2503e+04 0.0000e+00
8.4000e+02 3.4744e-11 9.4142e-01 1.8799e+03 2.8589e+03 4.4000e+03 2.1920e+19 2.8316e+19 2.8316e+19 2.1178e-01 0.0000e+00 2.2550e+04 0.0000e+00
8.5000e+02 3.4611e-11 9.4014e-01 1.8793e+03 2.8581e+03 4.4000e+03 2.2053e+19 2.8484e+19 2.8484e+19 2.1125e-01 0.0000e+00 2.2599e+04 0.0000e+00
8.6000e+02 3.4478e-11 9.3891e-01 1.8787e+03 2.8572e+03 4.4000e+03 2.2189e+19 2.8656e+19 2.8656e+19 2.1071e-01 0.0000e+00 2.2648e+04 0.0000e+00
8.7000e+02 3.4346e-11 9.3773e-01 1.8781e+03 2.8563e+03 4.4000e+03 2.2329e+19 2.8832e+19 2.8832e+19 2.1017e-01 0.0000e+00 2.2698e+04 0.0000e+00
8.8000e+02 3.4214e-11 9.3659e-01 1.8775e+03 2.8554e+03 4.4000e+03 2.2472e+19 2.9013e+19 2.9013e+19 2.0962e-01 0.0000e+00 2.2749e+04 0.0000e+00
8.9000e+02 3.4082e-11 9.3550e-01 1.8769e+03 2.8545e+03 4.4000e+03 2.2619e+19 2.9198e+19 2.9198e+19 2.0906e-01 0.0000e+00 2.2802e+04 0.0000e+00
9.0000e+02 3.3952e-11 9.3444e-01 1.8763e+03 2.8535e+03 4.4000e+03 2.2768e+19 2.9387e+19 2.9387e+19 2.0849e-01 0.0000e+00 2.2855e+04 0.0000e+00
9.1000e+02 3.3821e-11 9.3342e-01 1.8757e+03 2.8526e+03 4.4000e+03 2.2921e+19 2.9579e+19 2.9579e+19 2.0791e-01 0.0000e+00 2.2909e+04 0.0000e+00
9.2000e+02 3.3691e-11 9.3244e-01 1.8751e+03 2.8516e+03 4.4000e+03 2.3077e+19 2.9776e+19 2.9776e+19 2.0733e-01 0.0000e+00 2.2964e+04 0.0000e+00
9.3000e+02 3.3562e-11 9.3149e-01 1.8744e+03 2.8506e+03 4.4000e+03 2.3236e+19 2.9976e+19 2.9976e+19 2.0675e-01 0.0000e+00 2.3019e+04 0.0000e+00
9.4000e+02 3.3433e-11 9.3057e-01 1.8738e+03 2.8496e+03 4.4000e+03 2.3398e+19 3.0181e+19 3.0181e+19 2.0616e-01 0.0000e+00 2.3076e+04 0.0000e+00
9.5000e+02 3.3305e-11 9.2968e-01 1.8731e+03 2.8486e+03 4.4000e+03 2.3563e+19 3.0389e+19 3.0389e+19 2.0556e-01 0.0000e+00 2.3133e+04 0.0000e+00
9.6000e+02 3.3177e-11 9.2883e-01 1.8724e+03 2.8476e+03 4.4000e+03 2.3731e+19 3.0600e+19 3.0600e+19 2.0496e-01 0.0000e+00 2.3191e+04 0.0000e+00
9.7000e+02 3.3049e-11 9.2800e-01 1.8718e+03 2.8466e+03 4.4000e+03 2.3902e+19 3.0815e+19 3.0815e+19 2.0436e-01 0.0000e+00 2.3250e+04 0.0000e+00
9.8000e+02 3.2923e-11 9.2720e-01 1.8711e+03 2.8456e+03 4.4000e+03 2.4076e+19 3.1034e+19 3.1034e+19 2.0375e-01 0.0000e+00 2.3310e+04 0.0000e+00
9.9000e+02 3.2796e-11 9.2642e-01 1.8704e+03 2.8446e+03 4.4000e+03 2.4253e+19 3.1256e+19 3.1256e+19 2.0314e-01 0.0000e+00 2.3370e+04 0.0000e+00
1.0000e+03 3.2670e-11 9.2567e-01 1.8697e+03 2.8435e+03 4.4000e+03 2.4432e+19 3.1482e+19 3.1482e+19 2.0252e-01 0.0000e+00 2.3431e+04 0.0000e+00
1.0100e+03 3.2545e-11 9.2494e-01 1.8690e+03 2.8425e+03 4.4000e+03 2.4614e+19 3.1711e+19 3.1711e+19 2.0190e-01 0.0000e+00 2.3492e+04 0.0000e+00
1.0200e+03 3.2420e-11 9.2423e-01 1.8684e+03 2.8414e+03 4.4000e+03 2.4800e+19 3.1943e+19 3.1943e+19 2.0128e-01 0.0000e+00 2.3554e+04 0.0000e+00
1.0300e+03 3.2295e-11 9.2354e-01 1.8677e+03 2.8404e+03 4.4000e+03 2.4987e+19 3.2179e+19 3.2179e+19 2.0066e-01 0.0000e+00 2.3617e+04 0.0000e+00
1.0400e+03 3.2171e-11 9.2287e-01 1.8670e+03 2.8393e+03 4.4000e+03 2.5178e+19 3.2418e+19 3.2418e+19 2.0003e-01 0.0000e+00 2.3681e+04 0.0000e+00
1.0500e+03 3.2048e-11 9.2223e-01 1.8662e+03 2.8382e+03 4.4000e+03 2.5371e+19 3.2661e+19 3.2661e+19 1.9940e-01 0.0000e+00 2.3745e+04 0.0000e+00
1.0600e+03 3.1925e-11 9.2160e-01 1.8655e+03 2.8371e+03 4.4000e+03 2.5567e+19 3.2907e+19 3.2907e+19 1.9877e-01 0.0000e+00 2.3809e+04 0.0000e+00
1.0700e+03 3.1802e-11 9.2098e-01 1.8648e+03 2.8360e+03 4.4000e+03 2.5765e+19 3.3156e+19 3.3156e+19 1.9814e-01 0.0000e+00 2.3874e+04 0.0000e+00
1.0800e+03 3.1680e-11 9.2039e-01 1.8641e+03 2.8350e+03 4.4000e+03 2.5967e+19 3.3408e+19 3.3408e+19 1.9751e-01 0.0000e+00 2.3940e+04 0.0000e+00
1.0900e+03 3.1558e-11 9.1980e-01 1.8634e+03 2.8339e+03 4.4000e+03 2.6170e+19 3.3664e+19 3.3664e+19 1.9687e-01 0.0000e+00 2.4006e+04 0.0000e+00
1.1000e+03 3.1437e-11 9.1924e-01 1.8627e+03 2.8328e+03 4.4000e+03 2.6377e+19 3.3922e+19 3.3922e+19 1.9624e-01 0.0000e+00 2.4073e+04 0.0000e+00
1.1100e+03 3.1316e-11 9.1869e-01 1.8619e+03 2.8317e+03 4.4000e+03 2.6586e+19 3.4184e+19 3.4184e+19 1.9560e-01 0.0000e+00 2.4140e+04 0.0000e+00
1.1200e+03 3.1196e-11 9.1815e-01 1.8612e+03 2.8305e+03 4.4000e+03 2.6798e+19 3.4450e+19 3.4450e+19 1.9497e-01 0.0000e+00 2.4207e+04 0.0000e+00
1.1300e+03 3.1076e-11 9.1762e-01 1.8605e+03 2.8294e+03 4.4000e+03 2.7012e+19 3.4718e+19 3.4718e+19 1.9433e-01 0.0000e+00 2.4275e+04 0.0000e+00
1.1400e+03 3.0957e-11 9.1711e-01 1.8597e+03 2.8283e+03 4.4000e+03 2.7229e+19 3.4989e+19 3.4989e+19 1.9369e-01 0.0000e+00 2.4344e+04 0.0000e+00
1.1500e+03 3.0838e-11 9.1661e-01 1.8590e+03 2.8272e+03 4.4000e+03 2.7448e+19 3.5264e+19 3.5264e+19 1.9305e-01 0.0000e+00 2.4413e+04 0.0000e+00
1.1600e+03 3.0720e-11 9.1612e-01 1.8583e+03 2.8261e+03 4.4000e+03 2.7670e+19 3.5542e+19 3.5542e+19 1.9241e-01 0.0000e+00 2.4483e+04 0.0000e+00
1.1700e+03 3.0602e-11 9.1564e-01 1.8575e+03 2.8250e+03 4.4000e+03 2.7895e+19 3.5822e+19 3.5822e+19 1.9178e-01 0.0000e+00 2.4553e+04 0.0000e+00
1.1800e+03 3.0484e-11 9.1517e-01 1.8568e+03 2.8238e+03 4.4000e+03 2.8122e+19 3.6106e+19 3.6106e+19 1.9114e-01 0.0000e+00 2.4623e+04 0.0000e+00
1.1900e+03 3.0367e-11 9.1471e-01 1.8560e+03 2.8227e+03 4.4000e+03 2.8352e+19 3.6393e+19 3.6393e+19 1.9050e-01 0.0000e+00 2.4694e+04 0.0000e+00
1.2000e+03 3.0251e-11 9.1425e-01 1.8553e+03 2.8216e+03 4.4000e+03 2.8584e+19 3.6684e+19 3.6684e+19 1.8986e-01 0.0000e+00 2.4765e+04 0.0000e+00
1.2100e+03 3.0134e-11 9.1381e-01 1.8546e+03 2.8204e+03 4.4000e+03 2.8819e+19 3.6977e+19 3.6977e+19 1.8922e-01 0.0000e+00 2.4836e+04 0.0000e+00
1.2200e+03 3.0019e-11 9.1338e-01 1.8538e+03 2.8193e+03 4.4000e+03 2.9057e+19 3.7273e+19 3.7273e+19 1.8859e-01 0.0000e+00 2.4909e+04 0.0000e+00
1.2300e+03 2.9903e-11 9.1295e-01 1.8531e+03 2.8182e+03 4.4000e+03 2.9297e+19 3.7573e+19 3.7573e+19 1.8795e-01 0.0000e+00 2.4981e+04 0.0000e+00
1.2400e+03 2.9789e-11 9.1253e-01 1.8523e+03 2.8170e+03 4.4000e+03 2.9540e+19 3.7876e+19 3.7876e+19 1.8732e-01 0.0000e+00 2.5054e+04 0.0000e+00
1.2500e+03 2.9674e-11 9.1212e-01 1.8516e+03 2.8159e+03 4.4000e+03 2.9785e+19 3.8181e+19 3.8181e+19 1.8668e-01 0.0000e+00 2.5127e+04 0.0000e+00
1.2600e+03 2.9560e-11 9.1172e-01 1.8508e+03 2.8147e+03 4.4000e+03 3.0033e+19 3.8490e+19 3.8490e+19 1.8605e-01 0.0000e+00 2.5200e+04 0.0000e+00
1.2700e+03 2.9447e-11 9.1132e-01 1.8501e+03 2.8136e+03 4.4000e+03 3.0284e+19 3.8802e+19 3.8802e+19 1.8541e-01 0.0000e+00 2.5274e+04 0.0000e+00
1.2800e+03 2.9334e-11 9.1093e-01 1.8493e+03 2.8124e+03 4.4000e+03 3.0537e+19 3.9117e+19 3.9117e+19 1.8478e-01 0.0000e+00 2.5349e+04 0.0000e+00
1.2900e+03 2.9221e-11 9.1054e-01 1.8486e+03 2.8113e+03 4.4000e+03 3.0793e+19 3.9436e+19 3.9436e+19 1.8415e-01 0.0000e+00 2.5423e+04 0.0000e+00
1.3000e+03 2.9109e-11 9.1016e-01 1.8478e+03 2.8102e+03 4.4000e+03 3.1051e+19 3.9757e+19 3.9757e+19 1.8352e-01 0.0000e+00 2.5498e+04 0.0000e+00
1.3100e+03 2.8997e-11 9.0979e-01 1.8470e+03 2.8090e+03 4.4000e+03 3.1312e+19 4.0082e+19 4.0082e+19 1.8289e-01 0.0000e+00 2.5574e+04 0.0000e+00
1.3200e+03 2.8886e-11 9.0942e-01 1.8463e+03 2.8079e+03 4.4000e+03 3.1576e+19 4.0409e+19 4.0409e+19 1.8226e-01 0.0000e+00 2.5650e+04 0.0000e+00
1.3300e+03 2.8775e-11 9.0906e-01 1.8455e+03 2.8067e+03 4.4000e+03 3.1842e+19 4.0740e+19 4.0740e+19 1.8163e-01 0.0000e+00 2.5726e+04 0.0000e+00
1.3400e+03 2.8664e-11 9.0870e-01 1.8448e+03 2.8056e+03 4.4000e+03 3.2111e+19 4.1074e+19 4.1074e+19 1.8101e-01 0.0000e+00 2.5802e+04 0.0000e+00
1.3500e+03 2.8554e-11 9.0834e-01 1.8440e+03 2.8044e+03 4.4000e+03 3.2383e+19 4.1412e+19 4.1412e+19 1.8038e-01 0.0000e+00 2.5879e+04 0.0000e+00
1.3600e+03 2.8445e-11 9.0799e-01 1.8433e+03 2.8033e+03 4.4000e+03 3.2657e+19 4.1752e+19 4.1752e+19 1.7976e-01 0.0000e+00 2.5956e+04 0.0000e+00
1.3700e+03 2.8335e-11 9.0765e-01 1.8425e+03 2.8021e+03 4.4000e+03 3.2934e+19 4.2096e+19 4.2096e+19 1.7914e-01 0.0000e+00 2.6033e+04 0.0000e+00
1.3800e+03 2.8226e-11 9.0730e-01 1.8417e+03 2.8009e+03 4.4000e+03 3.3214e+19 4.2443e+19 4.2443e+19 1.7852e-01 0.0000e+00 2.6111e+04 0.0000e+00
1.3900e+03 2.8118e-11 9.0696e-01 1.8410e+03 2.7998e+03 4.4000e+03 3.3497e+19 4.2793e+19 4.2793e+19 1.7790e-01 0.0000e+00 2.6189e+04 0.0000e+00
1.4000e+03 2.8010e-11 9.0663e-01 1.8402e+03 2.7986e+03 4.4000e+03 3.3782e+19 4.3146e+19 4.3146e+19 1.7728e-01 0.0000e+00 2.6268e+04 0.0000e+00
1.4100e+03 2.7903e-11 9.0630e-01 1.8395e+03 2.7975e+03 4.4000e+03 3.4070e+19 4.3503e+19 4.3503e+19 1.7666e-01 0.0000e+00 2.6346e+04 0.0000e+00
1.4200e+03 2.7795e-11 9.0597e-01 1.8387e+03 2.7963e+03 4.4000e+03 3.4361e+19 4.3863e+19 4.3863e+19 1.7605e-01 0.0000e+00 2.6425e+04 0.0000e+00
1.4300e+03 2.7689e-11 9.0564e-01 1.8380e+03 2.7952e+03 4.4000e+03 3.4654e+19 4.4226e+19 4.4226e+19 1.7544e-01 0.0000e+00 2.6505e+04 0.0000e+00
1.4400e+03 2.7582e-11 9.0532e-01 1.8372e+03 2.7940e+03 4.4000e+03 3.4951e+19 4.4592e+19 4.4592e+19 1.7482e-01 0.0000e+00 2.6584e+04 0.0000e+00
1.4500e+03 2.7476e-11 9.0500e-01 1.8364e+03 2.7929e+03 4.4000e+03 3.5250e+19 4.4962e+19 4.4962e+19 1.7421e-01 0.0000e+00 2.6664e+04 0.0000e+00
1.4600e+03 2.7371e-11 9.0468e-01 1.8357e+03 2.7917e+03 4.4000e+03 3.5552e+19 4.5335e+19 4.5335e+19 1.7361e-01 0.0000e+00 2.6745e+04 0.0000e+00
1.4700e+03 2.7266e-11 9.0437e-01 1.8349e+03 2.7906e+03 4.4000e+03 3.5857e+19 4.5711e+19 4.5711e+19 1.7300e-01 0.0000e+00 2.6825e+04 0.0000e+00
1.4800e+03 2.7161e-11 9.0405e-01 1.8342e+03 2.7894e+03 4.4000e+03 3.6164e+19 4.6091e+19 4.6091e+19 1.7240e-01 0.0000e+00 2.6906e+04 0.0000e+00
1.4900e+03 2.7057e-11 9.0374e-01 1.8334e+03 2.7883e+03 4.4000e+03 3.6475e+19 4.6474e+19 4.6474e+19 1.7179e-01 0.0000e+00 2.6987e+04 0.0000e+00
1.5000e+03 2.6953e-11 9.0343e-01 1.8327e+03 2.7871e+03 4.4000e+03 3.6788e+19 4.6861e+19 4.6861e+19 1.7119e-01 0.0000e+00 2.7069e+04 0.0000e+00
1.5100e+03 2.6849e-11 9.0313e-01 1.8319e+03 2.7860e+03 4.4000e+03 3.7105e+19 4.7251e+19 4.7251e+19 1.7059e-01 0.0000e+00 2.7151e+04 0.0000e+00
1.5200e+03 2.6746e-11 9.0282e-01 1.8311e+03 2.7848e+03 4.4000e+03 3.7424e+19 4.7645e+19 4.7645e+19 1.6999e-01 0.0000e+00 2.7233e+04 0.0000e+00
1.5300e+03 2.6644e-11 9.0252e-01 1.8304e+03 2.7837e+03 4.4000e+03 3.7746e+19 4.8041e+19 4.8041e+19 1.6940e-01 0.0000e+00 2.7315e+04 0.0000e+00
1.5400e+03 2.6541e-11 9.0222e-01 1.8296e+03 2.7825e+03 4.4000e+03 3.8071e+19 4.8442e+19 4.8442e+19 1.6880e-01 0.0000e+00 2.7398e+04 0.0000e+00
1.5500e+03 2.6439e-11 9.0192e-01 1.8289e+03 2.7814e+03 4.4000e+03 3.8400e+19 4.8846e+19 4.8846e+19 1.6821e-01 0.0000e+00 2.7481e+04 0.0000e+00
1.5600e+03 2.6338e-11 9.0162e-01 1.8281e+03 2.7802e+03 4.4000e+03 3.8731e+19 4.9253e+19 4.9253e+19 1.6762e-01 0.0000e+00 2.7564e+04 0.0000e+00
1.5700e+03 2.6237e-11 9.0133e-01 1.8274e+03 2.7791e+03 4.4000e+03 3.9065e+19 4.9664e+19 4.9664e+19 1.6703e-01 0.0000e+00 2.7648e+04 0.0000e+00
1.5800e+03 2.6136e-11 9.0103e-01 1.8266e+03 2.7779e+03 4.4000e+03 3.9403e+19 5.0079e+19 5.0079e+19 1.6645e-01 0.0000e+00 2.7732e+04 0.0000e+00
1.5900e+03 2.6036e-11 9.0074e-01 1.8258e+03 2.7768e+03 4.4000e+03 3.9743e+19 5.0497e+19 5.0497e+19 1.6586e-01 0.0000e+00 2.7816e+04 0.0000e+00
1.6000e+03 2.5936e-11 9.0044e-01 1.8251e+03 2.7756e+03 4.4000e+03 4.0086e+19 5.0918e+19 5.0918e+19 1.6528e-01 0.0000e+00 2.7900e+04 0.0000e+00
1.6100e+03 2.5836e-11 9.0015e-01 1.8243e+03 2.7745e+03 4.4000e+03 4.0433e+19 5.1344e+19 5.1344e+19 1.6470e-01 0.0000e+00 2.7985e+04 0.0000e+00
1.6200e+03 2.5737e-11 8.9986e-01 1.8236e+03 2.7733e+03 4.4000e+03 4.0783e+19 5.1773e+19 5.1773e+19 1.6412e-01 0.0000e+00 2.8070e+04 0.0000e+00
1.6300e+03 2.5638e-11 8.9957e-01 1.8228e+03 2.7722e+03 4.4000e+03 4.1136e+19 5.2205e+19 5.2205e+19 1.6354e-01 0.0000e+00 2.8155e+04 0.0000e+00
1.6400e+03 2.5540e-11 8.9928e-01 1.8221e+03 2.7710e+03 4.4000e+03 4.1492e+19 5.2642e+19 5.2642e+19 1.6296e-01 0.0000e+00 2.8241e+04 0.0000e+00
1.6500e+03 2.5441e-11 8.9900e-01 1.8213e+03 2.7699e+03 4.4000e+03 4.1851e+19 5.3082e+19 5.3082e+19 1.6239e-01 0.0000e+00 2.8327e+04 0.0000e+00
1.6600e+03 2.5344e-11 8.9871e-01 1.8206e+03 2.7688e+03 4.4000e+03 4.2214e+19 5.3525e+19 5.3525e+19 1.6182e-01 0.0000e+00 2.8413e+04 0.0000e+00
1.6700e+03 2.5246e-11 8.9842e-01 1.8198e+03 2.7676e+03 4.4000e+03 4.2579e+19 5.3973e+19 5.3973e+19 1.6125e-01 0.0000e+00 2.8500e+04 0.0000e+00
1.6800e+03 2.5150e-11 8.9814e-01 1.8191e+03 2.7665e+03 4.4000e+03 4.2949e+19 5.4424e+19 5.4424e+19 1.6068e-01 0.0000e+00 2.8586e+04 0.0000e+00
1.6900e+03 2.5053e-11 8.9785e-01 1.8183e+03 2.7653e+03 4.4000e+03 4.3321e+19 5.4880e+19 5.4880e+19 1.6011e-01 0.0000e+00 2.8674e+04 0.0000e+00
1.7000e+03 2.4957e-11 8.9757e-01 1.8176e+03 2.7642e+03 4.4000e+03 4.3697e+19 5.5339e+19 5.5339e+19 1.5955e-01 0.0000e+00 2.8761e+04 0.0000e+00
1.7100e+03 2.4861e-11 8.9729e-01 1.8168e+03 2.7631e+03 4.4000e+03 4.4076e+19 5.5802e+19 5.5802e+19 1.5899e-01 0.0000e+00 2.8849e+04 0.0000e+00
1.7200e+03 2.4765e-11 8.9701e-01 1.8161e+03 2.7619e+03 4.4000e+03 4.4458e+19 5.6268e+19 5.6268e+19 1.5842e-01 0.0000e+00 2.8936e+04 0.0000e+00
1.7300e+03 2.4670e-11 8.9672e-01 1.8153e+03 2.7608e+03 4.4000e+03 4.4844e+19 5.6739e+19 5.6739e+19 1.5787e-01 0.0000e+00 2.9025e+04 0.0000e+00
1.7400e+03 2.4576e-11 8.9644e-01 1.8146e+03 2.7597e+03 4.4000e+03 4.5233e+19 5.7214e+19 5.7214e+19 1.5731e-01 0.0000e+00 2.9113e+04 0.0000e+00
1.7500e+03 2.4481e-11 8.9616e-01 1.8138e+03 2.7585e+03 4.4000e+03 4.5626e+19 5.7692e+19 5.7692e+19 1.5675e-01 0.0000e+00 2.9202e+04 0.0000e+00
1.7600e+03 2.4387e-11 8.9588e-01 1.8131e+03 2.7574e+03 4.4000e+03 4.6022e+19 5.8175e+19 5.8175e+19 1.5620e-01 0.0000e+00 2.9291e+04 0.0000e+00
1.7700e+03 2.4294e-11 8.9560e-01 1.8124e+03 2.7562e+03 4.4000e+03 4.6422e+19 5.8662e+19 5.8662e+19 1.5565e-01 0.0000e+00 2.9380e+04 0.0000e+00
1.7800e+03 2.4200e-11 8.9532e-01 1.8116e+03 2.7551e+03 4.4000e+03 4.6825e+19 5.9152e+19 5.9152e+19 1.5510e-01 0.0000e+00 2.9470e+04 0.0000e+00
1.7900e+03 2.4107e-11 8.9504e-01 1.8109e+03 2.7540e+03 4.4000e+03 4.7232e+19 5.9647e+19 5.9647e+19 1.5455e-01 0.0000e+00 2.9560e+04 0.0000e+00
1.8000e+03 2.4015e-11 8.9476e-01 1.8101e+03 2.7529e+03 4.4000e+03 4.7643e+19 6.0146e+19 6.0146e+19 1.5401e-01 0.0000e+00 2.9650e+04 0.0000e+00
1.8100e+03 2.3923e-11 8.9448e-01 1.8094e+03 2.7517e+03 4.4000e+03 4.8057e+19 6.0649e+19 6.0649e+19 1.5347e-01 0.0000e+00 2.9741e+04 0.0000e+00
1.8200e+03 2.3831e-11 8.9420e-01 1.8086e+03 2.7506e+03 4.4000e+03 4.8475e+19 6.1157e+19 6.1157e+19 1.5292e-01 0.0000e+00 2.9831e+04 0.0000e+00
1.8300e+03 2.3739e-11 8.9392e-01 1.8079e+03 2.7495e+03 4.4000e+03 4.8896e+19 6.1668e+19 6.1668e+19 1.5238e-01 0.0000e+00 2.9922e+04 0.0000e+00
1.8400e+03 2.3648e-11 8.9364e-01 1.8072e+03 2.7483e+03 4.4000e+03 4.9321e+19 6.2184e+19 6.2184e+19 1.5185e-01 0.0000e+00 3.0014e+04 0.0000e+00
1.8500e+03 2.3557e-11 8.9336e-01 1.8064e+03 2.7472e+03 4.4000e+03 4.9750e+19 6.2704e+19 6.2704e+19 1.5131e-01 0.0000e+00 3.0105e+04 0.0000e+00
1.8600e+03 2.3467e-11 8.9309e-01 1.8057e+03 2.7461e+03 4.4000e+03 5.0183e+19 6.3228e+19 6.3228e+19 1.5078e-01 0.0000e+00 3.0197e+04 0.0000e+00
1.8700e+03 2.3377e-11 8.9281e-01 1.8049e+03 2.7450e+03 4.4000e+03 5.0619e+19 6.3757e+19 6.3757e+19 1.5024e-01 0.0000e+00 3.0290e+04 0.0000e+00
1.8800e+03 2.3287e-11 8.9253e-01 1.8042e+03 2.7439e+03 4.4000e+03 5.1059e+19 6.4290e+19 6.4290e+19 1.4971e-01 0.0000e+00 3.0382e+04 0.0000e+00
1.8900e+03 2.3197e-11 8.9225e-01 1.8035e+03 2.7427e+03 4.4000e+03 5.1504e+19 6.4827e+19 6.4827e+19 1.4919e-01 0.0000e+00 3.0475e+04 0.0000e+00
1.9000e+03 2.3108e-11 8.9197e-01 1.8027e+03 2.7416e+03 4.4000e+03 5.1952e+19 6.5369e+19 6.5369e+19 1.4866e-01 0.0000e+00 3.0568e+04 0.0000e+00
1.9100e+03 2.3020e-11 8.9169e-01 1.8020e+03 2.7405e+03 4.4000e+03 5.2404e+19 6.5915e+19 6.5915e+19 1.4813e-01 0.0000e+00 3.0661e+04 0.0000e+00
1.9200e+03 2.2931e-11 8.9141e-01 1.8013e+03 2.7394e+03 4.4000e+03 5.2860e+19 6.6466e+19 6.6466e+19 1.4761e-01 0.0000e+00 3.0755e+04 0.0000e+00
1.9300e+03 2.2843e-11 8.9114e-01 1.8005e+03 2.7383e+03 4.4000e+03 5.3320e+19 6.7021e+19 6.7021e+19 1.4709e-01 0.0000e+00 3.0849e+04 0.0000e+00
1.9400e+03 2.2756e-11 8.9086e-01 1.7998e+03 2.7371e+03 4.4000e+03 5.3784e+19 6.7581e+19 6.7581e+19 1.4657e-01 0.0000e+00 3.0943e+04 0.0000e+00
1.9500e+03 2.2668e-11 8.9058e-01 1.7991e+03 2.7360e+03 4.4000e+03 5.4252e+19 6.8145e+19 6.8145e+19 1.4605e-01 0.0000e+00 3.1038e+04 0.0000e+00
1.9600e+03 2.2581e-11 8.9030e-01 1.7983e+03 2.7349e+03 4.4000e+03 5.4724e+19 6.8714e+19 6.8714e+19 1.4554e-01 0.0000e+00 3.1132e+04 0.0000e+00
1.9700e+03 2.2494e-11 8.9002e-01 1.7976e+03 2.7338e+03 4.4000e+03 5.5200e+19 6.9288e+19 6.9288e+19 1.4503e-01 0.0000e+00 3.1227e+04 0.0000e+00
1.9800e+03 2.2408e-11 8.8974e-01 1.7969e+03 2.7327e+03 4.4000e+03 5.5680e+19 6.9866e+19 6.9866e+19 1.4451e-01 0.0000e+00 3.1323e+04 0.0000e+00
1.9900e+03 2.2322e-11 8.8946e-01 1.7961e+03 2.7316e+03 4.4000e+03 5.6165e+19 7.0449e+19 7.0449e+19 1.4400e-01 0.0000e+00 3.1418e+04 0.0000e+00
2.0000e+03 2.2236e-11 8.8918e-01 1.7954e+03 2.7305e+03 4.4000e+03 5.6654e+19 7.1037e+19 7.1037e+19 1.4350e-01 0.0000e+00 3.1514e+04 0.0000e+00
2.0100e+03 2.2151e-11 8.8890e-01 1.7947e+03 2.7294e+03 4.4000e+03 5.7147e+19 7.1629e+19 7.1629e+19 1.4299e-01 0.0000e+00 3.1611e+04 0.0000e+00
2.0200e+03 2.2066e-11 8.8862e-01 1.7940e+03 2.7283e+03 4.4000e+03 5.7644e+19 7.2227e+19 7.2227e+19 1.4249e-01 0.0000e+00 3.1707e+04 0.0000e+00
2.0300e+03 2.1981e-11 8.8834e-01 1.7932e+03 2.7272e+03 4.4000e+03 5.8146e+19 7.2829e+19 7.2829e+19 1.4198e-01 0.0000e+00 3.1804e+04 0.0000e+00
2.0400e+03 2.1897e-11 8.8806e-01 1.7925e+03 2.7261e+03 4.4000e+03 5.8652e+19 7.3436e+19 7.3436e+19 1.4148e-01 0.0000e+00 3.1901e+04 0.0000e+00
2.0500e+03 2.1813e-11 8.8778e-01 1.7918e+03 2.7250e+03 4.4000e+03 5.9162e+19 7.4048e+19 7.4048e+19 1.4098e-01 0.0000e+00 3.1999e+04 0.0000e+00
2.0600e+03 2.1729e-11 8.8750e-01 1.7910e+03 2.7238e+03 4.4000e+03 5.9677e+19 7.4665e+19 7.4665e+19 1.4049e-01 0.0000e+00 3.2096e+04 0.0000e+00
2.0700e+03 2.1645e-11 8.8722e-01 1.7903e+03 2.7227e+03 4.4000e+03 6.0197e+19 7.5287e+19 7.5287e+19 1.3999e-01 0.0000e+00 3.2194e+04 0.0000e+00
2.0800e+03 2.1562e-11 8.8694e-01 1.7896e+03 2.7216e+03 4.4000e+03 6.0721e+19 7.5914e+19 7.5914e+19 1.3950e-01 0.0000e+00 3.2293e+04 0.0000e+00
2.0900e+03 2.1479e-11 8.8666e-01 1.7889e+03 2.7205e+03 4.4000e+03 6.1249e+19 7.6546e+19 7.6546e+19 1.3901e-01 0.0000e+00 3.2391e+04 0.0000e+00
2.1000e+03 2.1397e-11 8.8638e-01 1.7882e+03 2.7195e+03 4.4000e+03 6.1782e+19 7.7184e+19 7.7184e+19 1.3852e-01 0.0000e+00 3.2490e+04 0.0000e+00
2.1100e+03 2.1315e-11 8.8609e-01 1.7874e+03 2.7184e+03 4.4000e+03 6.2320e+19 7.7826e+19 7.7826e+19 1.3803e-01 0.0000e+00 3.2589e+04 0.0000e+00
2.1200e+03 2.1233e-11 8.8581e-01 1.7867e+03 2.7173e+03 4.4000e+03 6.2862e+19 7.8474e+19 7.8474e+19 1.3754e-01 0.0000e+00 3.2689e+04 0.0000e+00
2.1300e+03 2.1151e-11 8.8553e-01 1.7860e+03 2.7162e+03 4.4000e+03 6.3409e+19 7.9126e+19 7.9126e+19 1.3706e-01 0.0000e+00 3.2789e+04 0.0000e+00
2.1400e+03 2.1070e-11 8.8525e-01 1.7853e+03 2.7151e+03 4.4000e+03 6.3961e+19 7.9784e+19 7.9784e+19 1.3658e-01 0.0000e+00 3.2889e+04 0.0000e+00
2.1500e+03 2.0989e-11 8.8496e-01 1.7846e+03 2.7140e+03 4.4000e+03 6.4517e+19 8.0448e+19 8.0448e+19 1.3610e-01 0.0000e+00 3.2989e+04 0.0000e+00
2.1600e+03 2.0909e-11 8.8468e-01 1.7838e+03 2.7129e+03 4.4000e+03 6.5079e+19 8.1117e+19 8.1117e+19 1.3562e-01 0.0000e+00 3.3090e+04 0.0000e+00
2.1700e+03 2.0828e-11 8.8440e-01 1.7831e+03 2.7118e+03 4.4000e+03 6.5645e+19 8.1791e+19 8.1791e+19 1.3514e-01 0.0000e+00 3.3191e+04 0.0000e+00
2.1800e+03 2.0748e-11 8.8411e-01 1.7824e+03 2.7107e+03 4.4000e+03 6.6216e+19 8.2470e+19 8.2470e+19 1.3466e-01 0.0000e+00 3.3292e+04 0.0000e+00
2.1900e+03 2.0669e-11 8.8383e-01 1.7817e+03 2.7096e+03 4.4000e+03 6.6792e+19 8.3155e+19 8.3155e+19 1.3419e-01 0.0000e+00 3.3394e+04 0.0000e+00
2.2000e+03 2.0589e-11 8.8354e-01 1.7810e+03 2.7085e+03 4.4000e+03 6.7373e+19 8.3846e+19 8.3846e+19 1.3372e-01 0.0000e+00 3.3496e+04 0.0000e+00
2.2100e+03 2.0510e-11 8.8326e-01 1.7803e+03 2.7075e+03 4.4000e+03 6.7959e+19 8.4542e+19 8.4542e+19 1.3325e-01 0.0000e+00 3.3598e+04 0.0000e+00
2.2200e+03 2.0432e-11 8.8297e-01 1.7796e+03 2.7064e+03 4.4000e+03 6.8551e+19 8.5243e+19 8.5243e+19 1.3278e-01 0.0000e+00 3.3700e+04 0.0000e+00
2.2300e+03 2.0353e-11 8.8268e-01 1.7788e+03 2.7053e+03 4.4000e+03 6.9147e+19 8.5951e+19 8.5951e+19 1.3231e-01 0.0000e+00 3.3803e+04 0.0000e+00
2.2400e+03 2.0275e-11 8.8240e-01 1.7781e+03 2.7042e+03 4.4000e+03 6.9748e+19 8.6664e+19 8.6664e+19 1.3185e-01 0.0000e+00 3.3906e+04 0.0000e+00
2.2500e+03 2.0197e-11 8.8211e-01 1.7774e+03 2.7031e+03 4.4000e+03 7.0355e+19 8.7382e+19 8.7382e+19 1.3138e-01 0.0000e+00 3.4010e+04 0.0000e+00
2.2600e+03 2.0120e-11 8.8182e-01 1.7767e+03 2.7021e+03 4.4000e+03 7.0967e+19 8.8107e+19 8.8107e+19 1.3092e-01 0.0000e+00 3.4113e+04 0.0000e+00
2.2700e+03 2.0042e-11 8.8154e-01 1.7760e+03 2.7010e+03 4.4000e+03 7.1584e+19 8.8837e+19 8.8837e+19 1.3046e-01 0.0000e+00 3.4217e+04 0.0000e+00
2.2800e+03 1.9965e-11 8.8125e-01 1.7753e+03 2.6999e+03 4.4000e+03 7.2207e+19 8.9573e+19 8.9573e+19 1.3000e-01 0.0000e+00 3.4322e+04 0.0000e+00
2.2900e+03 1.9889e-11 8.8096e-01 1.7746e+03 2.6988e+03 4.4000e+03 7.2834e+19 9.0315e+19 9.0315e+19 1.2955e-01 0.0000e+00 3.4426e+04 0.0000e+00
2.3000e+03 1.9812e-11 8.8067e-01 1.7739e+03 2.6977e+03 4.4000e+03 7.3468e+19 9.1062e+19 9.1062e+19 1.2909e-01 0.0000e+00 3.4531e+04 0.0000e+00
2.3100e+03 1.9736e-11 8.8038e-01 1.7732e+03 2.6967e+03 4.4000e+03 7.4106e+19 9.1816e+19 9.1816e+19 1.2864e-01 0.0000e+00 3.4637e+04 0.0000e+00
2.3200e+03 1.9660e-11 8.8009e-01 1.7725e+03 2.6956e+03 4.4000e+03 7.4751e+19 9.2576e+19 9.2576e+19 1.2818e-01 0.0000e+00 3.4742e+04 0.0000e+00
2.3300e+03 1.9585e-11 8.7980e-01 1.7718e+03 2.6945e+03 4.4000e+03 7.5400e+19 9.3342e+19 9.3342e+19 1.2773e-01 0.0000e+00 3.4848e+04 0.0000e+00
2.3400e+03 1.9510e-11 8.7951e-01 1.7711e+03 2.6935e+03 4.4000e+03 7.6056e+19 9.4114e+19 9.4114e+19 1.2729e-01 0.0000e+00 3.4954e+04 0.0000e+00
2.3500e+03 1.9435e-11 8.7922e-01 1.7704e+03 2.6924e+03 4.4000e+03 7.6717e+19 9.4892e+19 9.4892e+19 1.2684e-01 0.0000e+00 3.5061e+04 0.0000e+00
2.3600e+03 1.9360e-11 8.7893e-01 1.7697e+03 2.6913e+03 4.4000e+03 7.7384e+19 9.5676e+19 9.5676e+19 1.2639e-01 0.0000e+00 3.5168e+04 0.0000e+00
2.3700e+03 1.9286e-11 8.7864e-01 1.7690e+03 2.6903e+03 4.4000e+03 7.8056e+19 9.6467e+19 9.6467e+19 1.2595e-01 0.0000e+00 3.5275e+04 0.0000e+00
2.3800e+03 1.9212e-11 8.7834e-01 1.7683e+03 2.6892e+03 4.4000e+03 7.8734e+19 9.7263e+19 9.7263e+19 1.2551e-01 0.0000e+00 3.5382e+04 0.0000e+00
2.3900e+03 1.9138e-11 8.7805e-01 1.7676e+03 2.6881e+03 4.4000e+03 7.9419e+19 9.8066e+19 9.8066e+19 1.2507e-01 0.0000e+00 3.5490e+04 0.0000e+00
2.4000e+03 1.9064e-11 8.7776e-01 1.7669e+03 2.6871e+03 4.4000e+03 8.0109e+19 9.8876e+19 9.8876e+19 1.2463e-01 0.0000e+00 3.5598e+04 0.0000e+00
2.4100e+03 1.8991e-11 8.7746e-01 1.7662e+03 2.6860e+03 4.4000e+03 8.0805e+19 9.9692e+19 9.9692e+19 1.2419e-01 0.0000e+00 3.5707e+04 0.0000e+00
2.4200e+03 1.8918e-11 8.7717e-01 1.7655e+03 2.6850e+03 4.4000e+03 8.1507e+19 1.0051e+20 1.0051e+20 1.2376e-01 0.0000e+00 3.5815e+04 0.0000e+00
2.4300e+03 1.8846e-11 8.7687e-01 1.7648e+03 2.6839e+03 4.4000e+03 8.2215e+19 1.0134e+20 1.0134e+20 1.2332e-01 0.0000e+00 3.5924e+04 0.0000e+00
2.4400e+03 1.8773e-11 8.7658e-01 1.7641e+03 2.6828e+03 4.4000e+03 8.2929e+19 1.0218e+20 1.0218e+20 1.2289e-01 0.0000e+00 3.6034e+04 0.0000e+00
2.4500e+03 1.8701e-11 8.7628e-01 1.7634e+03 2.6818e+03 4.4000e+03 8.3649e+19 1.0302e+20 1.0302e+20 1.2246e-01 0.0000e+00 3.6143e+04 0.0000e+00
2.4600e+03 1.8629e-11 8.7599e-01 1.7627e+03 2.6807e+03 4.4000e+03 8.4375e+19 1.0387e+20 1.0387e+20 1.2203e-01 0.0000e+00 3.6253e+04 0.0000e+00
2.4700e+03 1.8558e-11 8.7569e-01 1.7620e+03 2.6797e+03 4.4000e+03 8.5108e+19 1.0472e+20 1.0472e+20 1.2160e-01 0.0000e+00 3.6364e+04 0.0000e+00
2.4800e+03 1.8487e-11 8.7539e-01 1.7613e+03 2.6786e+03 4.4000e+03 8.5847e+19 1.0559e+20 1.0559e+20 1.2118e-01 0.0000e+00 3.6474e+04 0.0000e+00
2.4900e+03 1.8416e-11 8.7510e-01 1.7606e+03 2.6776e+03 4.4000e+03 8.6592e+19 1.0646e+20 1.0646e+20 1.2075e-01 0.0000e+00 3.6585e+04 0.0000e+00
2.5000e+03 1.8345e-11 8.7480e-01 1.7599e+03 2.6765e+03 4.4000e+03 8.7344e+19 1.0733e+20 1.0733e+20 1.2033e-01 0.0000e+00 3.6697e+04 0.0000e+00
2.5100e+03 1.8274e-11 8.7450e-01 1.7592e+03 2.6755e+03 4.4000e+03 8.8102e+19 1.0821e+20 1.0821e+20 1.1991e-01 0.0000e+00 3.6808e+04 0.0000e+00
2.5200e+03 1.8204e-11 8.7420e-01 1.7585e+03 2.6744e+03 4.4000e+03 8.8867e+19 1.0910e+20 1.0910e+20 1.1949e-01 0.0000e+00 3.6920e+04 0.0000e+00
2.5300e+03 1.8134e-11 8.7390e-01 1.7579e+03 2.6734e+03 4.4000e+03 8.9638e+19 1.1000e+20 1.1000e+20 1.1907e-01 0.0000e+00 3.7032e+04 0.0000e+00
2.5400e+03 1.8065e-11 8.7360e-01 1.7572e+03 2.6723e+03 4.4000e+03 9.0416e+19 1.1090e+20 1.1090e+20 1.1866e-01 0.0000e+00 3.7145e+04 0.0000e+00
2.5500e+03 1.7995e-11 8.7330e-01 1.7565e+03 2.6713e+03 4.4000e+03 9.1200e+19 1.1182e+20 1.1182e+20 1.1824e-01 0.0000e+00 3.7258e+04 0.0000e+00
2.5600e+03 1.7926e-11 8.7300e-01 1.7558e+03 2.6702e+03 4.4000e+03 9.1992e+19 1.1273e+20 1.1273e+20 1.1783e-01 0.0000e+00 3.7371e+04 0.0000e+00
2.5700e+03 1.7857e-11 8.7270e-01 1.7551e+03 2.6692e+03 4.4000e+03 9.2790e+19 1.1366e+20 1.1366e+20 1.1742e-01 0.0000e+00 3.7485e+04 0.0000e+00
2.5800e+03 1.7789e-11 8.7240e-01 1.7544e+03 2.6682e+03 4.4000e+03 9.3595e+19 1.1459e+20 1.1459e+20 1.1701e-01 0.0000e+00 3.7599e+04 0.0000e+00
2.5900e+03 1.7721e-11 8.7209e-01 1.7537e+03 2.6671e+03 4.4000e+03 9.4406e+19 1.1553e+20 1.1553e+20 1.1660e-01 0.0000e+00 3.7713e+04 0.0000e+00
2.6000e+03 1.7653e-11 8.7179e-01 1.7531e+03 2.6661e+03 4.4000e+03 9.5225e+19 1.1648e+20 1.1648e+20 1.1619e-01 0.0000e+00 3.7828e+04 0.0000e+00
2.6100e+03 1.7585e-11 8.7149e-01 1.7524e+03 2.6650e+03 4.4000e+03 9.6051e+19 1.1743e+20 1.1743e+20 1.1578e-01 0.0000e+00 3.7943e+04 0.0000e+00
2.6200e+03 1.7517e-11 8.7118e-01 1.7517e+03 2.6640e+03 4.4000e+03 9.6884e+19 1.1839e+20 1.1839e+20 1.1538e-01 0.0000e+00 3.8058e+04 0.0000e+00
2.6300e+03 1.7450e-11 8.7088e-01 1.7510e+03 2.6630e+03 4.4000e+03 9.7724e+19 1.1936e+20 1.1936e+20 1.1498e-01 0.0000e+00 3.8173e+04 0.0000e+00
2.6400e+03 1.7383e-11 8.7057e-01 1.7503e+03 2.6619e+03 4.4000e+03 9.8571e+19 1.2034e+20 1.2034e+20 1.1458e-01 0.0000e+00 3.8289e+04 0.0000e+00
2.6500e+03 1.7316e-11 8.7027e-01 1.7497e+03 2.6609e+03 4.4000e+03 9.9425e+19 1.2133e+20 1.2133e+20 1.1418e-01 0.0000e+00 3.8406e+04 0.0000e+00
2.6600e+03 1.7250e-11 8.6996e-01 1.7490e+03 2.6599e+03 4.4000e+03 1.0029e+20 1.2232e+20 1.2232e+20 1.1378e-01 0.0000e+00 3.8522e+04 0.0000e+00
2.6700e+03 1.7183e-11 8.6966e-01 1.7483e+03 2.6588e+03 4.4000e+03 1.0116e+20 1.2332e+20 1.2332e+20 1.1338e-01 0.0000e+00 3.8639e+04 0.0000e+00
2.6800e+03 1.7117e-11 8.6935e-01 1.7476e+03 2.6578e+03 4.4000e+03 1.0203e+20 1.2433e+20 1.2433e+20 1.1298e-01 0.0000e+00 3.8756e+04 0.0000e+00
2.6900e+03 1.7052e-11 8.6904e-01 1.7469e+03 2.6568e+03 4.4000e+03 1.0292e+20 1.2534e+20 1.2534e+20 1.1259e-01 0.0000e+00 3.8874e+04 0.0000e+00
2.7000e+03 1.6986e-11 8.6873e-01 1.7463e+03 2.6557e+03 4.4000e+03 1.0381e+20 1.2637e+20 1.2637e+20 1.1220e-01 0.0000e+00 3.8992e+04 0.0000e+00
2.7100e+03 1.6921e-11 8.6842e-01 1.7456e+03 2.6547e+03 4.4000e+03 1.0471e+20 1.2740e+20 1.2740e+20 1.1181e-01 0.0000e+00 3.9110e+04 0.0000e+00
2.7200e+03 1.6856e-11 8.6812e-01 1.7449e+03 2.6537e+03 4.4000e+03 1.0562e+20 1.2844e+20 1.2844e+20 1.1142e-01 0.0000e+00 3.9229e+04 0.0000e+00
2.7300e+03 1.6791e-11 8.6781e-01 1.7443e+03 2.6527e+03 4.4000e+03 1.0653e+20 1.2949e+20 1.2949e+20 1.1103e-01 0.0000e+00 3.9348e+04 0.0000e+00
2.7400e+03 1.6727e-11 8.6750e-01 1.7436e+03 2.6517e+03 4.4000e+03 1.0745e+20 1.3054e+20 1.3054e+20 1.1064e-01 0.0000e+00 3.9467e+04 0.0000e+00
2.7500e+03 1.6663e-11 8.6718e-01 1.7429e+03 2.6506e+03 4.4000e+03 1.0838e+20 1.3161e+20 1.3161e+20 1.1026e-01 0.0000e+00 3.9587e+04 0.0000e+00
2.7600e+03 1.6599e-11 8.6687e-01 1.7422e+03 2.6496e+03 4.4000e+03 1.0932e+20 1.3268e+20 1.3268e+20 1.0987e-01 0.0000e+00 3.9707e+04 0.0000e+00
2.7700e+03 1.6535e-11 8.6656e-01 1.7416e+03 2.6486e+03 4.4000e+03 1.1027e+20 1.3376e+20 1.3376e+20 1.0949e-01 0.0000e+00 3.9827e+04 0.0000e+00
2.7800e+03 1.6471e-11 8.6625e-01 1.7409e+03 2.6476e+03 4.4000e+03 1.1122e+20 1.3485e+20 1.3485e+20 1.0911e-01 0.0000e+00 3.9948e+04 0.0000e+00
2.7900e+03 1.6408e-11 8.6594e-01 1.7402e+03 2.6466e+03 4.4000e+03 1.1219e+20 1.3595e+20 1.3595e+20 1.0873e-01 0.0000e+00 4.0069e+04 0.0000e+00
2.8000e+03 1.6345e-11 8.6562e-01 1.7396e+03 2.6455e+03 4.4000e+03 1.1316e+20 1.3705e+20 1.3705e+20 1.0835e-01 0.0000e+00 4.0191e+04 0.0000e+00
2.8100e+03 1.6282e-11 8.6531e-01 1.7389e+03 2.6445e+03 4.4000e+03 1.1414e+20 1.3817e+20 1.3817e+20 1.0797e-01 0.0000e+00 4.0312e+04 0.0000e+00
2.8200e+03 1.6220e-11 8.6500e-01 1.7382e+03 2.6435e+03 4.4000e+03 1.1512e+20 1.3929e+20 1.3929e+20 1.0760e-01 0.0000e+00 4.0435e+04 0.0000e+00
2.8300e+03 1.6158e-11 8.6468e-01 1.7376e+03 2.6425e+03 4.4000e+03 1.1612e+20 1.4043e+20 1.4043e+20 1.0722e-01 0.0000e+00 4.0557e+04 0.0000e+00
2.8400e+03 1.6096e-11 8.6437e-01 1.7369e+03 2.6415e+03 4.4000e+03 1.1712e+20 1.4157e+20 1.4157e+20 1.0685e-01 0.0000e+00 4.0680e+04 0.0000e+00
2.8500e+03 1.6034e-11 8.6405e-01 1.7362e+03 2.6405e+03 4.4000e+03 1.1814e+20 1.4272e+20 1.4272e+20 1.0648e-01 0.0000e+00 4.0803e+04 0.0000e+00
2.8600e+03 1.5972e-11 8.6373e-01 1.7356e+03 2.6395e+03 4.4000e+03 1.1916e+20 1.4387e+20 1.4387e+20 1.0611e-01 0.0000e+00 4.0927e+04 0.0000e+00
2.8700e+03 1.5911e-11 8.6342e-01 1.7349e+03 2.6385e+03 4.4000e+03 1.2019e+20 1.4504e+20 1.4504e+20 1.0574e-01 0.0000e+00 4.1050e+04 0.0000e+00
2.8800e+03 1.5850e-11 8.6310e-01 1.7342e+03 2.6375e+03 4.4000e+03 1.2123e+20 1.4622e+20 1.4622e+20 1.0537e-01 0.0000e+00 4.1175e+04 0.0000e+00
2.8900e+03 1.5789e-11 8.6278e-01 1.7336e+03 2.6365e+03 4.4000e+03 1.2228e+20 1.4740e+20 1.4740e+20 1.0501e-01 0.0000e+00 4.1299e+04 0.0000e+00
2.9000e+03 1.5728e-11 8.6246e-01 1.7329e+03 2.6355e+03 4.4000e+03 1.2333e+20 1.4860e+20 1.4860e+20 1.0464e-01 0.0000e+00 4.1424e+04 0.0000e+00
2.9100e+03 1.5668e-11 8.6214e-01 1.7323e+03 2.6345e+03 4.4000e+03 1.2440e+20 1.4980e+20 1.4980e+20 1.0428e-01 0.0000e+00 4.1550e+04 0.0000e+00
2.9200e+03 1.5608e-11 8.6182e-01 1.7316e+03 2.6335e+03 4.4000e+03 1.2547e+20 1.5102e+20 1.5102e+20 1.0392e-01 0.0000e+00 4.1675e+04 0.0000e+00
2.9300e+03 1.5548e-11 8.6150e-01 1.7310e+03 2.6325e+03 4.4000e+03 1.2656e+20 1.5224e+20 1.5224e+20 1.0356e-01 0.0000e+00 4.1801e+04 0.0000e+00
2.9400e+03 1.5488e-11 8.6118e-01 1.7303e+03 2.6315e+03 4.4000e+03 1.2765e+20 1.5347e+20 1.5347e+20 1.0320e-01 0.0000e+00 4.1928e+04 0.0000e+00
2.9500e+03 1.5429e-11 8.6086e-01 1.7296e+03 2.6305e+03 4.4000e+03 1.2876e+20 1.5471e+20 1.5471e+20 1.0284e-01 0.0000e+00 4.2055e+04 0.0000e+00
2.9600e+03 1.5369e-11 8.6054e-01 1.7290e+03 2.6295e+03 4.4000e+03 1.2987e+20 1.5596e+20 1.5596e+20 1.0248e-01 0.0000e+00 4.2182e+04 0.0000e+00
2.9700e+03 1.5310e-11 8.6022e-01 1.7283e+03 2.6285e+03 4.4000e+03 1.3099e+20 1.5723e+20 1.5723e+20 1.0213e-01 0.0000e+00 4.2309e+04 0.0000e+00
2.9800e+03 1.5252e-11 8.5989e-01 1.7277e+03 2.6275e+03 4.4000e+03 1.3212e+20 1.5850e+20 1.5850e+20 1.0177e-01 0.0000e+00 4.2437e+04 0.0000e+00
2.9900e+03 1.5193e-11 8.5957e-01 1.7270e+03 2.6265e+03 4.4000e+03 1.3326e+20 1.5978e+20 1.5978e+20 1.0142e-01 0.0000e+00 4.2565e+04 0.0000e+00
3.0000e+03 1.5135e-11 8.5925e-01 1.7264e+03 2.6255e+03 4.4000e+03 1.3441e+20 1.6107e+20 1.6107e+20 1.0107e-01 0.0000e+00 4.2694e+04 0.0000e+00
3.0100e+03 1.5076e-11 8.5892e-01 1.7257e+03 2.6245e+03 4.4000e+03 1.3557e+20 1.6237e+20 1.6237e+20 1.0072e-01 0.0000e+00 4.2823e+04 0.0000e+00
3.0200e+03 1.5019e-11 8.5860e-01 1.7251e+03 2.6235e+03 4.4000e+03 1.3674e+20 1.6368e+20 1.6368e+20 1.0037e-01 0.0000e+00 4.2952e+04 0.0000e+00
3.0300e+03 1.4961e-11 8.5827e-01 1.7244e+03 2.6225e+03 4.4000e+03 1.3792e+20 1.6499e+20 1.6499e+20 1.0002e-01 0.0000e+00 4.3082e+04 0.0000e+00
3.0400e+03 1.4903e-11 8.5795e-01 1.7238e+03 2.6215e+03 4.4000e+03 1.3911e+20 1.6632e+20 1.6632e+20 9.9678e-02 0.0000e+00 4.3212e+04 0.0000e+00
3.0500e+03 1.4846e-11 8.5762e-01 1.7231e+03 2.6205e+03 4.4000e+03 1.4032e+20 1.6766e+20 1.6766e+20 9.9333e-02 0.0000e+00 4.3343e+04 0.0000e+00
3.0600e+03 1.4789e-11 8.5729e-01 1.7225e+03 2.6196e+03 4.4000e+03 1.4153e+20 1.6901e+20 1.6901e+20 9.8989e-02 0.0000e+00 4.3474e+04 0.0000e+00
3.0700e+03 1.4732e-11 8.5697e-01 1.7218e+03 2.6186e+03 4.4000e+03 1.4275e+20 1.7038e+20 1.7038e+20 9.8647e-02 0.0000e+00 4.3605e+04 0.0000e+00
3.0800e+03 1.4676e-11 8.5664e-01 1.7212e+03 2.6176e+03 4.4000e+03 1.4398e+20 1.7175e+20 1.7175e+20 9.8306e-02 0.0000e+00 4.3736e+04 0.0000e+00
3.0900e+03 1.4620e-11 8.5631e-01 1.7205e+03 2.6166e+03 4.4000e+03 1.4522e+20 1.7313e+20 1.7313e+20 9.7966e-02 0.0000e+00 4.3868e+04 0.0000e+00
3.1000e+03 1.4563e-11 8.5598e-01 1.7199e+03 2.6156e+03 4.4000e+03 1.4647e+20 1.7452e+20 1.7452e+20 9.7627e-02 0.0000e+00 4.4001e+04 0.0000e+00
3.1100e+03 1.4507e-11 8.5565e-01 1.7192e+03 2.6146e+03 4.4000e+03 1.4774e+20 1.7592e+20 1.7592e+20 9.7290e-02 0.0000e+00 4.4133e+04 0.0000e+00
3.1200e+03 1.4452e-11 8.5532e-01 1.7186e+03 2.6137e+03 4.4000e+03 1.4901e+20 1.7733e+20 1.7733e+20 9.6954e-02 0.0000e+00 4.4267e+04 0.0000e+00
3.1300e+03 1.4396e-11 8.5499e-01 1.7180e+03 2.6127e+03 4.4000e+03 1.5029e+20 1.7876e+20 1.7876e+20 9.6619e-02 0.0000e+00 4.4400e+04 0.0000e+00
3.1400e+03 1.4341e-11 8.5466e-01 1.7173e+03 2.6117e+03 4.4000e+03 1.5159e+20 1.8019e+20 1.8019e+20 9.6285e-02 0.0000e+00 4.4534e+04 0.0000e+00
3.1500e+03 1.4286e-11 8.5432e-01 1.7167e+03 2.6107e+03 4.4000e+03 1.5290e+20 1.8164e+20 1.8164e+20 9.5953e-02 0.0000e+00 4.4668e+04 0.0000e+00
3.1600e+03 1.4231e-11 8.5399e-01 1.7160e+03 2.6098e+03 4.4000e+03 1.5421e+20 1.8310e+20 1.8310e+20 9.5621e-02 0.0000e+00 4.4803e+04 0.0000e+00
3.1700e+03 1.4176e-11 8.5366e-01 1.7154e+03 2.6088e+03 4.4000e+03 1.5554e+20 1.8456e+20 1.8456e+20 9.5291e-02 0.0000e+00 4.4938e+04 0.0000e+00
3.1800e+03 1.4122e-11 8.5333e-01 1.7148e+03 2.6078e+03 4.4000e+03 1.5688e+20 1.8604e+20 1.8604e+20 9.4963e-02 0.0000e+00 4.5073e+04 0.0000e+00
3.1900e+03 1.4068e-11 8.5299e-01 1.7141e+03 2.6069e+03 4.4000e+03 1.5824e+20 1.8753e+20 1.8753e+20 9.4635e-02 0.0000e+00 4.5209e+04 0.0000e+00
3.2000e+03 1.4014e-11 8.5266e-01 1.7135e+03 2.6059e+03 4.4000e+03 1.5960e+20 1.8903e+20 1.8903e+20 9.4309e-02 0.0000e+00 4.5345e+04 0.0000e+00
3.2100e+03 1.3960e-11 8.5232e-01 1.7128e+03 2.6049e+03 4.4000e+03 1.6097e+20 1.9055e+20 1.9055e+20 9.3983e-02 0.0000e+00 4.5482e+04 0.0000e+00
3.2200e+03 1.3906e-11 8.5199e-01 1.7122e+03 2.6040e+03 4.4000e+03 1.6236e+20 1.9207e+20 1.9207e+20 9.3659e-02 0.0000e+00 4.5619e+04 0.0000e+00
3.2300e+03 1.3853e-11 8.5165e-01 1.7116e+03 2.6030e+03 4.4000e+03 1.6376e+20 1.9360e+20 1.9360e+20 9.3337e-02 0.0000e+00 4.5756e+04 0.0000e+00
3.2400e+03 1.3800e-11 8.5131e-01 1.7109e+03 2.6020e+03 4.4000e+03 1.6517e+20 1.9515e+20 1.9515e+20 9.3015e-02 0.0000e+00 4.5894e+04 0.0000e+00
3.2500e+03 1.3747e-11 8.5098e-01 1.7103e+03 2.6011e+03 4.4000e+03 1.6659e+20 1.9671e+20 1.9671e+20 9.2694e-02 0.0000e+00 4.6032e+04 0.0000e+00
3.2600e+03 1.3694e-11 8.5064e-01 1.7097e+03 2.6001e+03 4.4000e+03 1.6802e+20 1.9828e+20 1.9828e+20 9.2375e-02 0.0000e+00 4.6171e+04 0.0000e+00
3.2700e+03 1.3641e-11 8.5030e-01 1.7090e+03 2.5991e+03 4.4000e+03 1.6947e+20 1.9986e+20 1.9986e+20 9.2057e-02 0.0000e+00 4.6310e+04 0.0000e+00
3.2800e+03 1.3589e-11 8.4996e-01 1.7084e+03 2.5982e+03 4.4000e+03 1.7093e+20 2.0146e+20 2.0146e+20 9.1740e-02 0.0000e+00 4.6449e+04 0.0000e+00
3.2900e+03 1.3537e-11 8.4962e-01 1.7078e+03 2.5972e+03 4.4000e+03 1.7240e+20 2.0306e+20 2.0306e+20 9.1424e-02 0.0000e+00 4.6589e+04 0.0000e+00
3.3000e+03 1.3485e-11 8.4928e-01 1.7072e+03 2.5963e+03 4.4000e+03 1.7388e+20 2.0468e+20 2.0468e+20 9.1110e-02 0.0000e+00 4.6729e+04 0.0000e+00
3.3100e+03 1.3433e-11 8.4894e-01 1.7065e+03 2.5953e+03 4.4000e+03 1.7538e+20 2.0631e+20 2.0631e+20 9.0796e-02 0.0000e+00 4.6869e+04 0.0000e+00
3.3200e+03 1.3381e-11 8.4860e-01 1.7059e+03 2.5943e+03 4.4000e+03 1.7689e+20 2.0795e+20 2.0795e+20 9.0484e-02 0.0000e+00 4.7010e+04 0.0000e+00
3.3300e+03 1.3330e-11 8.4826e-01 1.7053e+03 2.5934e+03 4.4000e+03 1.7841e+20 2.0961e+20 2.0961e+20 9.0173e-02 0.0000e+00 4.7152e+04 0.0000e+00
3.3400e+03 1.3279e-11 8.4791e-01 1.7046e+03 2.5924e+03 4.4000e+03 1.7994e+20 2.1128e+20 2.1128e+20 8.9863e-02 0.0000e+00 4.7293e+04 0.0000e+00
3.3500e+03 1.3228e-11 8.4757e-01 1.7040e+03 2.5915e+03 4.4000e+03 1.8149e+20 2.1296e+20 2.1296e+20 8.9554e-02 0.0000e+00 4.7436e+04 0.0000e+00
3.3600e+03 1.3177e-11 8.4723e-01 1.7034e+03 2.5905e+03 4.4000e+03 1.8305e+20 2.1465e+20 2.1465e+20 8.9246e-02 0.0000e+00 4.7578e+04 0.0000e+00
3.3700e+03 1.3126e-11 8.4688e-01 1.7028e+03 2.5896e+03 4.4000e+03 1.8462e+20 2.1635e+20 2.1635e+20 8.8940e-02 0.0000e+00 4.7721e+04 0.0000e+00
3.3800e+03 1.3076e-11 8.4654e-01 1.7021e+03 2.5886e+03 4.4000e+03 1.8621e+20 2.1807e+20 2.1807e+20 8.8634e-02 0.0000e+00 4.7864e+04 0.0000e+00
3.3900e+03 1.3026e-11 8.4620e-01 1.7015e+03 2.5877e+03 4.4000e+03 1.8781e+20 2.1980e+20 2.1980e+20 8.8330e-02 0.0000e+00 4.8008e+04 0.0000e+00
3.4000e+03 1.2976e-11 8.4585e-01 1.7009e+03 2.5867e+03 4.4000e+03 1.8942e+20 2.2155e+20 2.2155e+20 8.8027e-02 0.0000e+00 4.8152e+04 0.0000e+00
3.4100e+03 1.2926e-11 8.4550e-01 1.7003e+03 2.5858e+03 4.4000e+03 1.9105e+20 2.2330e+20 2.2330e+20 8.7724e-02 0.0000e+00 4.8297e+04 0.0000e+00
3.4200e+03 1.2876e-11 8.4516e-01 1.6997e+03 2.5849e+03 4.4000e+03 1.9269e+20 2.2507e+20 2.2507e+20 8.7423e-02 0.0000e+00 4.8442e+04 0.0000e+00
3.4300e+03 1.2827e-11 8.4481e-01 1.6990e+03 2.5839e+03 4.4000e+03 1.9435e+20 2.2686e+20 2.2686e+20 8.7124e-02 0.0000e+00 4.8587e+04 0.0000e+00
3.4400e+03 1.2778e-11 8.4446e-01 1.6984e+03 2.5830e+03 4.4000e+03 1.9602e+20 2.2865e+20 2.2865e+20 8.6825e-02 0.0000e+00 4.8733e+04 0.0000e+00
3.4500e+03 1.2729e-11 8.4411e-01 1.6978e+03 2.5820e+03 4.4000e+03 1.9770e+20 2.3046e+20 2.3046e+20 8.6527e-02 0.0000e+00 4.8879e+04 0.0000e+00
3.4600e+03 1.2680e-11 8.4377e-01 1.6972e+03 2.5811e+03 4.4000e+03 1.9940e+20 2.3229e+20 2.3229e+20 8.6230e-02 0.0000e+00 4.9026e+04 0.0000e+00
3.4700e+03 1.2631e-11 8.4342e-01 1.6966e+03 2.5802e+03 4.4000e+03 2.0111e+20 2.3412e+20 2.3412e+20 8.5935e-02 0.0000e+00 4.9173e+04 0.0000e+00
3.4800e+03 1.2583e-11 8.4307e-01 1.6959e+03 2.5792e+03 4.4000e+03 2.0283e+20 2.3597e+20 2.3597e+20 8.5640e-02 0.0000e+00 4.9321e+04 0.0000e+00
3.4900e+03 1.2534e-11 8.4272e-01 1.6953e+03 2.5783e+03 4.4000e+03 2.0458e+20 2.3784e+20 2.3784e+20 8.5347e-02 0.0000e+00 4.9469e+04 0.0000e+00
3.5000e+03 1.2486e-11 8.4236e-01 1.6947e+03 2.5773e+03 4.4000e+03 2.0633e+20 2.3971e+20 2.3971e+20 8.5055e-02 0.0000e+00 4.9617e+04 0.0000e+00
3.5100e+03 1.2438e-11 8.4201e-01 1.6941e+03 2.5764e+03 4.4000e+03 2.0810e+20 2.4161e+20 2.4161e+20 8.4763e-02 0.0000e+00 4.9766e+04 0.0000e+00
3.5200e+03 1.2390e-11 8.4166e-01 1.6935e+03 2.5755e+03 4.4000e+03 2.0989e+20 2.4351e+20 2.4351e+20 8.4473e-02 0.0000e+00 4.9915e+04 0.0000e+00
3.5300e+03 1.2343e-11 8.4131e-01 1.6929e+03 2.5745e+03 4.4000e+03 2.1169e+20 2.4543e+20 2.4543e+20 8.4184e-02 0.0000e+00 5.0064e+04 0.0000e+00
3.5400e+03 1.2295e-11 8.4096e-01 1.6923e+03 2.5736e+03 4.4000e+03 2.1350e+20 2.4737e+20 2.4737e+20 8.3896e-02 0.0000e+00 5.0214e+04 0.0000e+00
3.5500e+03 1.2248e-11 8.4060e-01 1.6917e+03 2.5727e+03 4.4000e+03 2.1533e+20 2.4931e+20 2.4931e+20 8.3609e-02 0.0000e+00 5.0365e+04 0.0000e+00
3.5600e+03 1.2201e-11 8.4025e-01 1.6910e+03 2.5718e+03 4.4000e+03 2.1718e+20 2.5128e+20 2.5128e+20 8.3323e-02 0.0000e+00 5.0516e+04 0.0000e+00
3.5700e+03 1.2154e-11 8.3989e-01 1.6904e+03 2.5708e+03 4.4000e+03 2.1904e+20 2.5325e+20 2.5325e+20 8.3038e-02 0.0000e+00 5.0667e+04 0.0000e+00
3.5800e+03 1.2108e-11 8.3954e-01 1.6898e+03 2.5699e+03 4.4000e+03 2.2092e+20 2.5525e+20 2.5525e+20 8.2754e-02 0.0000e+00 5.0819e+04 0.0000e+00
3.5900e+03 1.2061e-11 8.3918e-01 1.6892e+03 2.5690e+03 4.4000e+03 2.2281e+20 2.5725e+20 2.5725e+20 8.2471e-02 0.0000e+00 5.0971e+04 0.0000e+00
3.6000e+03 1.2015e-11 8.3883e-01 1.6886e+03 2.5681e+03 4.4000e+03 2.2472e+20 2.5927e+20 2.5927e+20 8.2190e-02 0.0000e+00 5.1124e+04 0.0000e+00
3.6100e+03 1.1969e-11 8.3847e-01 1.6880e+03 2.5671e+03 4.4000e+03 2.2665e+20 2.6131e+20 2.6131e+20 8.1909e-02 0.0000e+00 5.1277e+04 0.0000e+00
3.6200e+03 1.1923e-11 8.3811e-01 1.6874e+03 2.5662e+03 4.4000e+03 2.2859e+20 2.6336e+20 2.6336e+20 8.1629e-02 0.0000e+00 5.1430e+04 0.0000e+00
3.6300e+03 1.1877e-11 8.3775e-01 1.6868e+03 2.5653e+03 4.4000e+03 2.3055e+20 2.6543e+20 2.6543e+20 8.1350e-02 0.0000e+00 5.1584e+04 0.0000e+00
3.6400e+03 1.1831e-11 8.3740e-01 1.6862e+03 2.5644e+03 4.4000e+03 2.3252e+20 2.6751e+20 2.6751e+20 8.1073e-02 0.0000e+00 5.1738e+04 0.0000e+00
3.6500e+03 1.1786e-11 8.3704e-01 1.6856e+03 2.5635e+03 4.4000e+03 2.3452e+20 2.6960e+20 2.6960e+20 8.0796e-02 0.0000e+00 5.1893e+04 0.0000e+00
3.6600e+03 1.1741e-11 8.3668e-01 1.6850e+03 2.5625e+03 4.4000e+03 2.3652e+20 2.7172e+20 2.7172e+20 8.0520e-02 0.0000e+00 5.2048e+04 0.0000e+00
3.6700e+03 1.1696e-11 8.3632e-01 1.6844e+03 2.5616e+03 4.4000e+03 2.3855e+20 2.7384e+20 2.7384e+20 8.0246e-02 0.0000e+00 5.2204e+04 0.0000e+00
3.6800e+03 1.1651e-11 8.3596e-01 1.6838e+03 2.5607e+03 4.4000e+03 2.4059e+20 2.7599e+20 2.7599e+20 7.9972e-02 0.0000e+00 5.2360e+04 0.0000e+00
3.6900e+03 1.1606e-11 8.3560e-01 1.6832e+03 2.5598e+03 4.4000e+03 2.4265e+20 2.7815e+20 2.7815e+20 7.9699e-02 0.0000e+00 5.2516e+04 0.0000e+00
3.7000e+03 1.1561e-11 8.3523e-01 1.6826e+03 2.5589e+03 4.4000e+03 2.4473e+20 2.8032e+20 2.8032e+20 7.9428e-02 0.0000e+00 5.2673e+04 0.0000e+00
3.7100e+03 1.1517e-11 8.3487e-01 1.6820e+03 2.5580e+03 4.4000e+03 2.4682e+20 2.8251e+20 2.8251e+20 7.9157e-02 0.0000e+00 5.2831e+04 0.0000e+00
3.7200e+03 1.1473e-11 8.3451e-01 1.6814e+03 2.5571e+03 4.4000e+03 2.4893e+20 2.8472e+20 2.8472e+20 7.8887e-02 0.0000e+00 5.2989e+04 0.0000e+00
3.7300e+03 1.1429e-11 8.3415e-01 1.6808e+03 2.5561e+03 4.4000e+03 2.5106e+20 2.8694e+20 2.8694e+20 7.8619e-02 0.0000e+00 5.3147e+04 0.0000e+00
3.7400e+03 1.1385e-11 8.3378e-01 1.6802e+03 2.5552e+03 4.4000e+03 2.5321e+20 2.8918e+20 2.8918e+20 7.8351e-02 0.0000e+00 5.3306e+04 0.0000e+00
3.7500e+03 1.1341e-11 8.3342e-01 1.6796e+03 2.5543e+03 4.4000e+03 2.5538e+20 2.9143e+20 2.9143e+20 7.8084e-02 0.0000e+00 5.3465e+04 0.0000e+00
3.7600e+03 1.1298e-11 8.3305e-01 1.6790e+03 2.5534e+03 4.4000e+03 2.5756e+20 2.9371e+20 2.9371e+20 7.7818e-02 0.0000e+00 5.3624e+04 0.0000e+00
3.7700e+03 1.1254e-11 8.3269e-01 1.6784e+03 2.5525e+03 4.4000e+03 2.5976e+20 2.9599e+20 2.9599e+20 7.7554e-02 0.0000e+00 5.3785e+04 0.0000e+00
3.7800e+03 1.1211e-11 8.3232e-01 1.6778e+03 2.5516e+03 4.4000e+03 2.6199e+20 2.9830e+20 2.9830e+20 7.7290e-02 0.0000e+00 5.3945e+04 0.0000e+00
3.7900e+03 1.1168e-11 8.3195e-01 1.6772e+03 2.5507e+03 4.4000e+03 2.6422e+20 3.0062e+20 3.0062e+20 7.7027e-02 0.0000e+00 5.4106e+04 0.0000e+00
3.8000e+03 1.1125e-11 8.3159e-01 1.6766e+03 2.5498e+03 4.4000e+03 2.6648e+20 3.0296e+20 3.0296e+20 7.6765e-02 0.0000e+00 5.4267e+04 0.0000e+00
3.8100e+03 1.1082e-11 8.3122e-01 1.6760e+03 2.5489e+03 4.4000e+03 2.6876e+20 3.0531e+20 3.0531e+20 7.6504e-02 0.0000e+00 5.4429e+04 0.0000e+00
3.8200e+03 1.1040e-11 8.3085e-01 1.6754e+03 2.5480e+03 4.4000e+03 2.7106e+20 3.0769e+20 3.0769e+20 7.6244e-02 0.0000e+00 5.4592e+04 0.0000e+00
3.8300e+03 1.0997e-11 8.3048e-01 1.6748e+03 2.5471e+03 4.4000e+03 2.7337e+20 3.1007e+20 3.1007e+20 7.5985e-02 0.0000e+00 5.4755e+04 0.0000e+00
3.8400e+03 1.0955e-11 8.3011e-01 1.6743e+03 2.5462e+03 4.4000e+03 2.7571e+20 3.1248e+20 3.1248e+20 7.5727e-02 0.0000e+00 5.4918e+04 0.0000e+00
3.8500e+03 1.0913e-11 8.2974e-01 1.6737e+03 2.5453e+03 4.4000e+03 2.7806e+20 3.1491e+20 3.1491e+20 7.5470e-02 0.0000e+00 5.5082e+04 0.0000e+00
3.8600e+03 1.0871e-11 8.2937e-01 1.6731e+03 2.5444e+03 4.4000e+03 2.8044e+20 3.1735e+20 3.1735e+20 7.5213e-02 0.0000e+00 5.5246e+04 0.0000e+00
3.8700e+03 1.0829e-11 8.2900e-01 1.6725e+03 2.5435e+03 4.4000e+03 2.8283e+20 3.1981e+20 3.1981e+20 7.4958e-02 0.0000e+00 5.5410e+04 0.0000e+00
3.8800e+03 1.0788e-11 8.2863e-01 1.6719e+03 2.5426e+03 4.4000e+03 2.8525e+20 3.2228e+20 3.2228e+20 7.4704e-02 0.0000e+00 5.5576e+04 0.0000e+00
3.8900e+03 1.0746e-11 8.2826e-01 1.6713e+03 2.5417e+03 4.4000e+03 2.8768e+20 3.2478e+20 3.2478e+20 7.4450e-02 0.0000e+00 5.5741e+04 0.0000e+00
3.9000e+03 1.0705e-11 8.2789e-01 1.6707e+03 2.5409e+03 4.4000e+03 2.9014e+20 3.2729e+20 3.2729e+20 7.4198e-02 0.0000e+00 5.5907e+04 0.0000e+00
3.9100e+03 1.0664e-11 8.2752e-01 1.6701e+03 2.5400e+03 4.4000e+03 2.9262e+20 3.2982e+20 3.2982e+20 7.3946e-02 0.0000e+00 5.6074e+04 0.0000e+00
3.9200e+03 1.0623e-11 8.2714e-01 1.6696e+03 2.5391e+03 4.4000e+03 2.9511e+20 3.3237e+20 3.3237e+20 7.3695e-02 0.0000e+00 5.6241e+04 0.0000e+00
3.9300e+03 1.0582e-11 8.2677e-01 1.6690e+03 2.5382e+03 4.4000e+03 2.9763e+20 3.3494e+20 3.3494e+20 7.3446e-02 0.0000e+00 5.6408e+04 0.0000e+00
3.9400e+03 1.0542e-11 8.2639e-01 1.6684e+03 2.5373e+03 4.4000e+03 3.0017e+20 3.3753e+20 3.3753e+20 7.3197e-02 0.0000e+00 5.6576e+04 0.0000e+00
3.9500e+03 1.0501e-11 8.2602e-01 1.6678e+03 2.5364e+03 4.4000e+03 3.0273e+20 3.4013e+20 3.4013e+20 7.2949e-02 0.0000e+00 5.6744e+04 0.0000e+00
3.9600e+03 1.0461e-11 8.2564e-01 1.6672e+03 2.5355e+03 4.4000e+03 3.0531e+20 3.4275e+20 3.4275e+20 7.2702e-02 0.0000e+00 5.6913e+04 0.0000e+00
3.9700e+03 1.0421e-11 8.2527e-01 1.6666e+03 2.5347e+03 4.4000e+03 3.0792e+20 3.4540e+20 3.4540e+20 7.2455e-02 0.0000e+00 5.7083e+04 0.0000e+00
3.9800e+03 1.0381e-11 8.2489e-01 1.6661e+03 2.5338e+03 4.4000e+03 3.1054e+20 3.4806e+20 3.4806e+20 7.2210e-02 0.0000e+00 5.7252e+04 0.0000e+00
3.9900e+03 1.0341e-11 8.2451e-01 1.6655e+03 2.5329e+03 4.4000e+03 3.1319e+20 3.5074e+20 3.5074e+20 7.1966e-02 0.0000e+00 5.7423e+04 0.0000e+00
4.0000e+03 1.0301e-11 8.2414e-01 1.6649e+03 2.5320e+03 4.4000e+03 3.1586e+20 3.5344e+20 3.5344e+20 7.1722e-02 0.0000e+00 5.7593e+04 0.0000e+00
4.0100e+03 1.0261e-11 8.2376e-01 1.6643e+03 2.5311e+03 4.4000e+03 3.1855e+20 3.5615e+20 3.5615e+20 7.1480e-02 0.0000e+00 5.7765e+04 0.0000e+00
4.0200e+03 1.0222e-11 8.2338e-01 1.6638e+03 2.5303e+03 4.4000e+03 3.2127e+20 3.5889e+20 3.5889e+20 7.1238e-02 0.0000e+00 5.7936e+04 0.0000e+00
4.0300e+03 1.0183e-11 8.2300e-01 1.6632e+03 2.5294e+03 4.4000e+03 3.2400e+20 3.6165e+20 3.6165e+20 7.0997e-02 0.0000e+00 5.8109e+04 0.0000e+00
4.0400e+03 1.0144e-11 8.2262e-01 1.6626e+03 2.5285e+03 4.4000e+03 3.2676e+20 3.6443e+20 3.6443e+20 7.0757e-02 0.0000e+00 5.8281e+04 0.0000e+00
4.0500e+03 1.0105e-11 8.2224e-01 1.6620e+03 2.5276e+03 4.4000e+03 3.2955e+20 3.6722e+20 3.6722e+20 7.0518e-02 0.0000e+00 5.8455e+04 0.0000e+00
4.0600e+03 1.0066e-11 8.2186e-01 1.6615e+03 2.5268e+03 4.4000e+03 3.3235e+20 3.7004e+20 3.7004e+20 7.0280e-02 0.0000e+00 5.8628e+04 0.0000e+00
4.0700e+03 1.0027e-11 8.2148e-01 1.6609e+03 2.5259e+03 4.4000e+03 3.3519e+20 3.7288e+20 3.7288e+20 7.0042e-02 0.0000e+00 5.8802e+04 0.0000e+00
4.0800e+03 9.9888e-12 8.2110e-01 1.6603e+03 2.5250e+03 4.4000e+03 3.3804e+20 3.7573e+20 3.7573e+20 6.9806e-02 0.0000e+00 5.8977e+04 0.0000e+00
4.0900e+03 9.9504e-12 8.2072e-01 1.6597e+03 2.5241e+03 4.4000e+03 3.4092e+20 3.7861e+20 3.7861e+20 6.9570e-02 0.0000e+00 5.9152e+04 0.0000e+00
4.1000e+03 9.9122e-12 8.2033e-01 1.6592e+03 2.5233e+03 4.4000e+03 3.4382e+20 3.8151e+20 3.8151e+20 6.9335e-02 0.0000e+00 5.9328e+04 0.0000e+00
4.1100e+03 9.8742e-12 8.1995e-01 1.6586e+03 2.5224e+03 4.4000e+03 3.4675e+20 3.8443e+20 3.8443e+20 6.9101e-02 0.0000e+00 5.9504e+04 0.0000e+00
4.1200e+03 9.8363e-12 8.1957e-01 1.6580e+03 2.5215e+03 4.4000e+03 3.4970e+20 3.8736e+20 3.8736e+20 6.8868e-02 0.0000e+00 5.9680e+04 0.0000e+00
4.1300e+03 9.7985e-12 8.1918e-01 1.6575e+03 2.5207e+03 4.4000e+03 3.5267e+20 3.9032e+20 3.9032e+20 6.8636e-02 0.0000e+00 5.9857e+04 0.0000e+00
4.1400e+03 9.7609e-12 8.1880e-01 1.6569e+03 2.5198e+03 4.4000e+03 3.5567e+20 3.9330e+20 3.9330e+20 6.8404e-02 0.0000e+00 6.0035e+04 0.0000e+00
4.1500e+03 9.7234e-12 8.1841e-01 1.6563e+03 2.5190e+03 4.4000e+03 3.5870e+20 3.9631e+20 3.9631e+20 6.8174e-02 0.0000e+00 6.0213e+04 0.0000e+00
4.1600e+03 9.6860e-12 8.1803e-01 1.6558e+03 2.5181e+03 4.4000e+03 3.6175e+20 3.9933e+20 3.9933e+20 6.7944e-02 0.0000e+00 6.0392e+04 0.0000e+00
4.1700e+03 9.6488e-12 8.1764e-01 1.6552e+03 2.5172e+03 4.4000e+03 3.6483e+20 4.0237e+20 4.0237e+20 6.7715e-02 0.0000e+00 6.0571e+04 0.0000e+00
4.1800e+03 9.6118e-12 8.1725e-01 1.6546e+03 2.5164e+03 4.4000e+03 3.6793e+20 4.0544e+20 4.0544e+20 6.7487e-02 0.0000e+00 6.0750e+04 0.0000e+00
4.1900e+03 9.5749e-12 8.1687e-01 1.6541e+03 2.5155e+03 4.4000e+03 3.7106e+20 4.0852e+20 4.0852e+20 6.7260e-02 0.0000e+00 6.0931e+04 0.0000e+00
4.2000e+03 9.5381e-12 8.1648e-01 1.6535e+03 2.5146e+03 4.4000e+03 3.7421e+20 4.1163e+20 4.1163e+20 6.7033e-02 0.0000e+00 6.1111e+04 0.0000e+00
4.2100e+03 9.5015e-12 8.1609e-01 1.6529e+03 2.5138e+03 4.4000e+03 3.7739e+20 4.1476e+20 4.1476e+20 6.6808e-02 0.0000e+00 6.1292e+04 0.0000e+00
4.2200e+03 9.4650e-12 8.1570e-01 1.6524e+03 2.5129e+03 4.4000e+03 3.8060e+20 4.1792e+20 4.1792e+20 6.6583e-02 0.0000e+00 6.1474e+04 0.0000e+00
4.2300e+03 9.4287e-12 8.1531e-01 1.6518e+03 2.5121e+03 4.4000e+03 3.8383e+20 4.2109e+20 4.2109e+20 6.6359e-02 0.0000e+00 6.1656e+04 0.0000e+00
4.2400e+03 9.3925e-12 8.1492e-01 1.6512e+03 2.5112e+03 4.4000e+03 3.8710e+20 4.2429e+20 4.2429e+20 6.6136e-02 0.0000e+00 6.1839e+04 0.0000e+00
4.2500e+03 9.3564e-12 8.1453e-01 1.6507e+03 2.5104e+03 4.4000e+03 3.9038e+20 4.2751e+20 4.2751e+20 6.5913e-02 0.0000e+00 6.2022e+04 0.0000e+00
4.2600e+03 9.3205e-12 8.1414e-01 1.6501e+03 2.5095e+03 4.4000e+03 3.9370e+20 4.3075e+20 4.3075e+20 6.5692e-02 0.0000e+00 6.2205e+04 0.0000e+00
4.2700e+03 9.2847e-12 8.1375e-01 1.6496e+03 2.5087e+03 4.4000e+03 3.9704e+20 4.3401e+20 4.3401e+20 6.5471e-02 0.0000e+00 6.2389e+04 0.0000e+00
4.2800e+03 9.2490e-12 8.1336e-01 1.6490e+03 2.5078e+03 4.4000e+03 4.0042e+20 4.3730e+20 4.3730e+20 6.5251e-02 0.0000e+00 6.2574e+04 0.0000e+00
4.2900e+03 9.2135e-12 8.1297e-01 1.6484e+03 2.5070e+03 4.4000e+03 4.0382e+20 4.4061e+20 4.4061e+20 6.5032e-02 0.0000e+00 6.2759e+04 0.0000e+00
4.3000e+03 9.1781e-12 8.1257e-01 1.6479e+03 2.5061e+03 4.4000e+03 4.0724e+20 4.4394e+20 4.4394e+20 6.4813e-02 0.0000e+00 6.2945e+04 0.0000e+00
4.3100e+03 9.1429e-12 8.1218e-01 1.6473e+03 2.5053e+03 4.4000e+03 4.1070e+20 4.4730e+20 4.4730e+20 6.4596e-02 0.0000e+00 6.3131e+04 0.0000e+00
4.3200e+03 9.1078e-12 8.1179e-01 1.6468e+03 2.5044e+03 4.4000e+03 4.1419e+20 4.5068e+20 4.5068e+20 6.4379e-02 0.0000e+00 6.3318e+04 0.0000e+00
4.3300e+03 9.0728e-12 8.1139e-01 1.6462e+03 2.5036e+03 4.4000e+03 4.1770e+20 4.5408e+20 4.5408e+20 6.4163e-02 0.0000e+00 6.3505e+04 0.0000e+00
4.3400e+03 9.0380e-12 8.1100e-01 1.6457e+03 2.5028e+03 4.4000e+03 4.2125e+20 4.5751e+20 4.5751e+20 6.3948e-02 0.0000e+00 6.3693e+04 0.0000e+00
4.3500e+03 9.0032e-12 8.1060e-01 1.6451e+03 2.5019e+03 4.4000e+03 4.2482e+20 4.6096e+20 4.6096e+20 6.3733e-02 0.0000e+00 6.3881e+04 0.0000e+00
4.3600e+03 8.9687e-12 8.1020e-01 1.6446e+03 2.5011e+03 4.4000e+03 4.2842e+20 4.6444e+20 4.6444e+20 6.3519e-02 0.0000e+00 6.4070e+04 0.0000e+00
4.3700e+03 8.9342e-12 8.0981e-01 1.6440e+03 2.5002e+03 4.4000e+03 4.3206e+20 4.6794e+20 4.6794e+20 6.3306e-02 0.0000e+00 6.4259e+04 0.0000e+00
4.3800e+03 8.8999e-12 8.0941e-01 1.6435e+03 2.4994e+03 4.4000e+03 4.3572e+20 4.7146e+20 4.7146e+20 6.3094e-02 0.0000e+00 6.4449e+04 0.0000e+00
4.3900e+03 8.8658e-12 8.0901e-01 1.6429e+03 2.4986e+03 4.4000e+03 4.3942e+20 4.7501e+20 4.7501e+20 6.2883e-02 0.0000e+00 6.4640e+04 0.0000e+00
4.4000e+03 8.8317e-12 8.0862e-01 1.6424e+03 2.4977e+03 4.4000e+03 4.4314e+20 4.7858e+20 4.7858e+20 6.2672e-02 0.0000e+00 6.4831e+04 0.0000e+00
4.4100e+03 8.7978e-12 8.0822e-01 1.6418e+03 2.4969e+03 4.4000e+03 4.4690e+20 4.8218e+20 4.8218e+20 6.2462e-02 0.0000e+00 6.5022e+04 0.0000e+00
4.4200e+03 8.7640e-12 8.0782e-01 1.6413e+03 2.4960e+03 4.4000e+03 4.5069e+20 4.8580e+20 4.8580e+20 6.2253e-02 0.0000e+00 6.5214e+04 0.0000e+00
4.4300e+03 8.7304e-12 8.0742e-01 1.6407e+03 2.4952e+03 4.4000e+03 4.5451e+20 4.8944e+20 4.8944e+20 6.2045e-02 0.0000e+00 6.5407e+04 0.0000e+00
4.4400e+03 8.6968e-12 8.0702e-01 1.6402e+03 2.4944e+03 4.4000e+03 4.5836e+20 4.9312e+20 4.9312e+20 6.1837e-02 0.0000e+00 6.5600e+04 0.0000e+00
4.4500e+03 8.6634e-12 8.0662e-01 1.6396e+03 2.4936e+03 4.4000e+03 4.6224e+20 4.9681e+20 4.9681e+20 6.1630e-02 0.0000e+00 6.5793e+04 0.0000e+00
4.4600e+03 8.6302e-12 8.0622e-01 1.6391e+03 2.4927e+03 4.4000e+03 4.6616e+20 5.0054e+20 5.0054e+20 6.1424e-02 0.0000e+00 6.5987e+04 0.0000e+00
4.4700e+03 8.5970e-12 8.0582e-01 1.6385e+03 2.4919e+03 4.4000e+03 4.7010e+20 5.0428e+20 5.0428e+20 6.1219e-02 0.0000e+00 6.6182e+04 0.0000e+00
4.4800e+03 8.5640e-12 8.0542e-01 1.6380e+03 2.4911e+03 4.4000e+03 4.7409e+20 5.0806e+20 5.0806e+20 6.1014e-02 0.0000e+00 6.6377e+04 0.0000e+00
4.4900e+03 8.5311e-12 8.0501e-01 1.6374e+03 2.4902e+03 4.4000e+03 4.7810e+20 5.1186e+20 5.1186e+20 6.0810e-02 0.0000e+00 6.6573e+04 0.0000e+00
4.5000e+03 8.4984e-12 8.0461e-01 1.6369e+03 2.4894e+03 4.4000e+03 4.8215e+20 5.1568e+20 5.1568e+20 6.0607e-02 0.0000e+00 6.6769e+04 0.0000e+00
4.5100e+03 8.4657e-12 8.0421e-01 1.6364e+03 2.4886e+03 4.4000e+03 4.8623e+20 5.1953e+20 5.1953e+20 6.0404e-02 0.0000e+00 6.6966e+04 0.0000e+00
4.5200e+03 8.4332e-12 8.0380e-01 1.6358e+03 2.4878e+03 4.4000e+03 4.9035e+20 5.2341e+20 5.2341e+20 6.0203e-02 0.0000e+00 6.7164e+04 0.0000e+00
4.5300e+03 8.4008e-12 8.0340e-01 1.6353e+03 2.4869e+03 4.4000e+03 4.9450e+20 5.2732e+20 5.2732e+20 6.0002e-02 0.0000e+00 6.7362e+04 0.0000e+00
4.5400e+03 8.3686e-12 8.0300e-01 1.6347e+03 2.4861e+03 4.4000e+03 4.9868e+20 5.3125e+20 5.3125e+20 5.9801e-02 0.0000e+00 6.7560e+04 0.0000e+00
4.5500e+03 0.0000e+00 0.0000e+00 1.6342e+03 0.0000e+00 4.4000e+03 0.0000e+00 0.0000e+00 0.0000e+00 0.0000e+00 0.0000e+00 0.0000e+00 0.0000e+00
