0.0000e+00 4.8000e-11 3.7711e+00 1.7000e+03 3.4510e+03 4.4000e+03 2.2229e+20 1.9129e+20 1.9129e+20 1.0088e-01 0.0000e+00 4.1989e+04 0.0000e+00
1.0000e+01 4.7816e-11 3.5085e+00 1.7093e+03 3.4699e+03 4.4000e+03 1.8589e+20 1.7027e+20 1.7027e+20 1.0802e-01 0.0000e+00 3.9473e+04 0.0000e+00
2.0000e+01 4.7632e-11 3.3174e+00 1.7183e+03 3.4881e+03 4.4000e+03 1.6302e+20 1.5229e+20 1.5229e+20 1.1380e-01 0.0000e+00 3.7703e+04 0.0000e+00
3.0000e+01 4.7449e-11 3.1480e+00 1.7270e+03 3.5059e+03 4.4000e+03 1.4439e+20 1.3677e+20 1.3677e+20 1.1947e-01 0.0000e+00 3.6136e+04 0.0000e+00
4.0000e+01 4.7267e-11 2.9936e+00 1.7355e+03 3.5231e+03 4.4000e+03 1.2862e+20 1.2331e+20 1.2331e+20 1.2514e-01 0.0000e+00 3.4700e+04 0.0000e+00
5.0000e+01 4.7085e-11 2.8523e+00 1.7438e+03 3.5399e+03 4.4000e+03 1.1513e+20 1.1161e+20 1.1161e+20 1.3084e-01 0.0000e+00 3.3379e+04 0.0000e+00
6.0000e+01 4.6905e-11 2.7226e+00 1.7518e+03 3.5562e+03 4.4000e+03 1.0355e+20 1.0139e+20 1.0139e+20 1.3655e-01 0.0000e+00 3.2161e+04 0.0000e+00
7.0000e+01 4.6725e-11 2.6034e+00 1.7596e+03 3.5721e+03 4.4000e+03 9.3556e+19 9.2453e+19 9.2453e+19 1.4225e-01 0.0000e+00 3.1036e+04 0.0000e+00
8.0000e+01 4.6545e-11 2.4937e+00 1.7672e+03 3.5874e+03 4.4000e+03 8.4895e+19 8.4603e+19 8.4603e+19 1.4794e-01 0.0000e+00 2.9996e+04 0.0000e+00
9.0000e+01 4.6366e-11 2.3925e+00 1.7745e+03 3.6023e+03 4.4000e+03 7.7359e+19 7.7690e+19 7.7690e+19 1.5360e-01 0.0000e+00 2.9033e+04 0.0000e+00
1.0000e+02 4.6188e-11 2.2991e+00 1.7816e+03 3.6167e+03 4.4000e+03 7.0776e+19 7.1585e+19 7.1585e+19 1.5923e-01 0.0000e+00 2.8140e+04 0.0000e+00
1.1000e+02 4.6011e-11 2.2127e+00 1.7885e+03 3.6306e+03 4.4000e+03 6.5006e+19 6.6178e+19 6.6178e+19 1.6481e-01 0.0000e+00 2.7312e+04 0.0000e+00
1.2000e+02 4.5834e-11 2.1327e+00 1.7951e+03 3.6441e+03 4.4000e+03 5.9929e+19 6.1377e+19 6.1377e+19 1.7034e-01 0.0000e+00 2.6542e+04 0.0000e+00
1.3000e+02 4.5658e-11 2.0585e+00 1.8015e+03 3.6571e+03 4.4000e+03 5.5449e+19 5.7103e+19 5.7103e+19 1.7580e-01 0.0000e+00 2.5827e+04 0.0000e+00
1.4000e+02 4.5483e-11 1.9897e+00 1.8076e+03 3.6696e+03 4.4000e+03 5.1482e+19 5.3289e+19 5.3289e+19 1.8118e-01 0.0000e+00 2.5162e+04 0.0000e+00
1.5000e+02 4.5308e-11 1.9257e+00 1.8136e+03 3.6816e+03 4.4000e+03 4.7960e+19 4.9878e+19 4.9878e+19 1.8648e-01 0.0000e+00 2.4542e+04 0.0000e+00
1.6000e+02 4.5134e-11 1.8662e+00 1.8193e+03 3.6933e+03 4.4000e+03 4.4823e+19 4.6819e+19 4.6819e+19 1.9169e-01 0.0000e+00 2.3965e+04 0.0000e+00
1.7000e+02 4.4961e-11 1.8108e+00 1.8248e+03 3.7044e+03 4.4000e+03 4.2022e+19 4.4070e+19 4.4070e+19 1.9680e-01 0.0000e+00 2.3427e+04 0.0000e+00
1.8000e+02 4.4788e-11 1.7591e+00 1.8301e+03 3.7152e+03 4.4000e+03 3.9515e+19 4.1595e+19 4.1595e+19 2.0180e-01 0.0000e+00 2.2926e+04 0.0000e+00
1.9000e+02 4.4616e-11 1.7110e+00 1.8352e+03 3.7255e+03 4.4000e+03 3.7265e+19 3.9362e+19 3.9362e+19 2.0669e-01 0.0000e+00 2.2457e+04 0.0000e+00
2.0000e+02 4.4445e-11 1.6660e+00 1.8401e+03 3.7354e+03 4.4000e+03 3.5241e+19 3.7344e+19 3.7344e+19 2.1145e-01 0.0000e+00 2.2020e+04 0.0000e+00
2.1000e+02 4.4274e-11 1.6239e+00 1.8447e+03 3.7449e+03 4.4000e+03 3.3417e+19 3.5516e+19 3.5516e+19 2.1610e-01 0.0000e+00 2.1612e+04 0.0000e+00
2.2000e+02 4.4104e-11 1.5846e+00 1.8492e+03 3.7539e+03 4.4000e+03 3.1769e+19 3.3858e+19 3.3858e+19 2.2061e-01 0.0000e+00 2.1230e+04 0.0000e+00
2.3000e+02 4.3935e-11 1.5477e+00 1.8535e+03 3.7626e+03 4.4000e+03 3.0278e+19 3.2352e+19 3.2352e+19 2.2499e-01 0.0000e+00 2.0874e+04 0.0000e+00
2.4000e+02 4.3766e-11 1.5132e+00 1.8576e+03 3.7709e+03 4.4000e+03 2.8926e+19 3.0981e+19 3.0981e+19 2.2924e-01 0.0000e+00 2.0540e+04 0.0000e+00
2.5000e+02 4.3598e-11 1.4809e+00 1.8615e+03 3.7788e+03 4.4000e+03 2.7698e+19 2.9731e+19 2.9731e+19 2.3335e-01 0.0000e+00 2.0229e+04 0.0000e+00
2.6000e+02 4.3431e-11 1.4505e+00 1.8652e+03 3.7864e+03 4.4000e+03 2.6582e+19 2.8592e+19 2.8592e+19 2.3732e-01 0.0000e+00 1.9938e+04 0.0000e+00
2.7000e+02 4.3264e-11 1.4220e+00 1.8687e+03 3.7936e+03 4.4000e+03 2.5565e+19 2.7550e+19 2.7550e+19 2.4115e-01 0.0000e+00 1.9665e+04 0.0000e+00
2.8000e+02 4.3098e-11 1.3952e+00 1.8721e+03 3.8004e+03 4.4000e+03 2.4637e+19 2.6598e+19 2.6598e+19 2.4483e-01 0.0000e+00 1.9411e+04 0.0000e+00
2.9000e+02 4.2932e-11 1.3700e+00 1.8753e+03 3.8069e+03 4.4000e+03 2.3790e+19 2.5725e+19 2.5725e+19 2.4837e-01 0.0000e+00 1.9173e+04 0.0000e+00
3.0000e+02 4.2768e-11 1.3464e+00 1.8784e+03 3.8131e+03 4.4000e+03 2.3015e+19 2.4926e+19 2.4926e+19 2.5177e-01 0.0000e+00 1.8950e+04 0.0000e+00
3.1000e+02 4.2603e-11 1.3241e+00 1.8813e+03 3.8190e+03 4.4000e+03 2.2306e+19 2.4193e+19 2.4193e+19 2.5503e-01 0.0000e+00 1.8742e+04 0.0000e+00
3.2000e+02 4.2440e-11 1.3031e+00 1.8840e+03 3.8246e+03 4.4000e+03 2.1657e+19 2.3520e+19 2.3520e+19 2.5814e-01 0.0000e+00 1.8548e+04 0.0000e+00
3.3000e+02 4.2277e-11 1.2833e+00 1.8866e+03 3.8298e+03 4.4000e+03 2.1062e+19 2.2902e+19 2.2902e+19 2.6112e-01 0.0000e+00 1.8366e+04 0.0000e+00
3.4000e+02 4.2114e-11 1.2646e+00 1.8890e+03 3.8348e+03 4.4000e+03 2.0516e+19 2.2334e+19 2.2334e+19 2.6395e-01 0.0000e+00 1.8197e+04 0.0000e+00
3.5000e+02 4.1953e-11 1.2470e+00 1.8914e+03 3.8395e+03 4.4000e+03 2.0015e+19 2.1812e+19 2.1812e+19 2.6665e-01 0.0000e+00 1.8039e+04 0.0000e+00
3.6000e+02 4.1792e-11 1.2304e+00 1.8935e+03 3.8439e+03 4.4000e+03 1.9555e+19 2.1332e+19 2.1332e+19 2.6921e-01 0.0000e+00 1.7892e+04 0.0000e+00
3.7000e+02 4.1631e-11 1.2147e+00 1.8956e+03 3.8481e+03 4.4000e+03 1.9133e+19 2.0891e+19 2.0891e+19 2.7164e-01 0.0000e+00 1.7754e+04 0.0000e+00
3.8000e+02 4.1471e-11 1.1999e+00 1.8975e+03 3.8520e+03 4.4000e+03 1.8745e+19 2.0485e+19 2.0485e+19 2.7394e-01 0.0000e+00 1.7627e+04 0.0000e+00
3.9000e+02 4.1312e-11 1.1859e+00 1.8993e+03 3.8557e+03 4.4000e+03 1.8389e+19 2.0112e+19 2.0112e+19 2.7611e-01 0.0000e+00 1.7508e+04 0.0000e+00
4.0000e+02 4.1153e-11 1.1726e+00 1.9010e+03 3.8592e+03 4.4000e+03 1.8062e+19 1.9769e+19 1.9769e+19 2.7816e-01 0.0000e+00 1.7397e+04 0.0000e+00
4.1000e+02 4.0995e-11 1.1601e+00 1.9026e+03 3.8624e+03 4.4000e+03 1.7762e+19 1.9454e+19 1.9454e+19 2.8008e-01 0.0000e+00 1.7295e+04 0.0000e+00
4.2000e+02 4.0838e-11 1.1482e+00 1.9041e+03 3.8654e+03 4.4000e+03 1.7487e+19 1.9165e+19 1.9165e+19 2.8189e-01 0.0000e+00 1.7200e+04 0.0000e+00
4.3000e+02 4.0681e-11 1.1370e+00 1.9055e+03 3.8682e+03 4.4000e+03 1.7235e+19 1.8900e+19 1.8900e+19 2.8358e-01 0.0000e+00 1.7112e+04 0.0000e+00
4.4000e+02 4.0525e-11 1.1264e+00 1.9068e+03 3.8709e+03 4.4000e+03 1.7004e+19 1.8657e+19 1.8657e+19 2.8516e-01 0.0000e+00 1.7030e+04 0.0000e+00
4.5000e+02 4.0369e-11 1.1163e+00 1.9080e+03 3.8733e+03 4.4000e+03 1.6793e+19 1.8435e+19 1.8435e+19 2.8663e-01 0.0000e+00 1.6955e+04 0.0000e+00
4.6000e+02 4.0214e-11 1.1067e+00 1.9091e+03 3.8755e+03 4.4000e+03 1.6600e+19 1.8232e+19 1.8232e+19 2.8800e-01 0.0000e+00 1.6887e+04 0.0000e+00
4.7000e+02 4.0060e-11 1.0977e+00 1.9101e+03 3.8776e+03 4.4000e+03 1.6425e+19 1.8047e+19 1.8047e+19 2.8926e-01 0.0000e+00 1.6823e+04 0.0000e+00
4.8000e+02 3.9906e-11 1.0891e+00 1.9111e+03 3.8795e+03 4.4000e+03 1.6266e+19 1.7879e+19 1.7879e+19 2.9043e-01 0.0000e+00 1.6766e+04 0.0000e+00
4.9000e+02 3.9753e-11 1.0809e+00 1.9119e+03 3.8812e+03 4.4000e+03 1.6121e+19 1.7726e+19 1.7726e+19 2.9150e-01 0.0000e+00 1.6713e+04 0.0000e+00
5.0000e+02 3.9600e-11 1.0731e+00 1.9127e+03 3.8828e+03 4.4000e+03 1.5991e+19 1.7589e+19 1.7589e+19 2.9248e-01 0.0000e+00 1.6665e+04 0.0000e+00
5.1000e+02 3.9448e-11 1.0658e+00 1.9134e+03 3.8843e+03 4.4000e+03 1.5874e+19 1.7465e+19 1.7465e+19 2.9336e-01 0.0000e+00 1.6622e+04 0.0000e+00
5.2000e+02 3.9297e-11 1.0588e+00 1.9140e+03 3.8856e+03 4.4000e+03 1.5768e+19 1.7354e+19 1.7354e+19 2.9417e-01 0.0000e+00 1.6583e+04 0.0000e+00
5.3000e+02 3.9146e-11 1.0521e+00 1.9146e+03 3.8867e+03 4.4000e+03 1.5675e+19 1.7255e+19 1.7255e+19 2.9489e-01 0.0000e+00 1.6548e+04 0.0000e+00
5.4000e+02 3.8995e-11 1.0458e+00 1.9151e+03 3.8878e+03 4.4000e+03 1.5592e+19 1.7168e+19 1.7168e+19 2.9553e-01 0.0000e+00 1.6517e+04 0.0000e+00
5.5000e+02 3.8846e-11 1.0398e+00 1.9156e+03 3.8887e+03 4.4000e+03 1.5520e+19 1.7091e+19 1.7091e+19 2.9610e-01 0.0000e+00 1.6490e+04 0.0000e+00
5.6000e+02 3.8696e-11 1.0341e+00 1.9160e+03 3.8895e+03 4.4000e+03 1.5457e+19 1.7025e+19 1.7025e+19 2.9660e-01 0.0000e+00 1.6466e+04 0.0000e+00
5.7000e+02 3.8548e-11 1.0286e+00 1.9163e+03 3.8902e+03 4.4000e+03 1.5404e+19 1.6968e+19 1.6968e+19 2.9702e-01 0.0000e+00 1.6446e+04 0.0000e+00
5.8000e+02 3.8400e-11 1.0235e+00 1.9166e+03 3.8907e+03 4.4000e+03 1.5359e+19 1.6921e+19 1.6921e+19 2.9738e-01 0.0000e+00 1.6429e+04 0.0000e+00
5.9000e+02 3.8252e-11 1.0185e+00 1.9168e+03 3.8912e+03 4.4000e+03 1.5322e+19 1.6882e+19 1.6882e+19 2.9768e-01 0.0000e+00 1.6415e+04 0.0000e+00
6.0000e+02 3.8105e-11 1.0138e+00 1.9170e+03 3.8916e+03 4.4000e+03 1.5293e+19 1.6851e+19 1.6851e+19 2.9791e-01 0.0000e+00 1.6404e+04 0.0000e+00
6.1000e+02 3.7959e-11 1.0093e+00 1.9171e+03 3.8918e+03 4.4000e+03 1.5271e+19 1.6828e+19 1.6828e+19 2.9808e-01 0.0000e+00 1.6396e+04 0.0000e+00
6.2000e+02 3.7813e-11 1.0050e+00 1.9172e+03 3.8920e+03 4.4000e+03 1.5256e+19 1.6813e+19 1.6813e+19 2.9820e-01 0.0000e+00 1.6391e+04 0.0000e+00
6.3000e+02 3.7668e-11 1.0010e+00 1.9173e+03 3.8921e+03 4.4000e+03 1.5248e+19 1.6805e+19 1.6805e+19 2.9827e-01 0.0000e+00 1.6387e+04 0.0000e+00
6.4000e+02 3.7524e-11 9.9708e-01 1.9173e+03 3.8922e+03 4.4000e+03 1.5246e+19 1.6803e+19 1.6803e+19 2.9828e-01 0.0000e+00 1.6387e+04 0.0000e+00
6.5000e+02 3.7379e-11 9.9337e-01 1.9173e+03 3.8921e+03 4.4000e+03 1.5251e+19 1.6808e+19 1.6808e+19 2.9825e-01 0.0000e+00 1.6388e+04 0.0000e+00
6.6000e+02 3.7236e-11 9.8982e-01 1.9172e+03 3.8920e+03 4.4000e+03 1.5261e+19 1.6819e+19 1.6819e+19 2.9816e-01 0.0000e+00 1.6392e+04 0.0000e+00
6.7000e+02 3.7093e-11 9.8644e-01 1.9171e+03 3.8918e+03 4.4000e+03 1.5276e+19 1.6836e+19 1.6836e+19 2.9804e-01 0.0000e+00 1.6398e+04 0.0000e+00
6.8000e+02 3.6950e-11 9.8321e-01 1.9170e+03 3.8915e+03 4.4000e+03 1.5297e+19 1.6858e+19 1.6858e+19 2.9787e-01 0.0000e+00 1.6406e+04 0.0000e+00
6.9000e+02 3.6809e-11 9.8012e-01 1.9168e+03 3.8911e+03 4.4000e+03 1.5323e+19 1.6886e+19 1.6886e+19 2.9766e-01 0.0000e+00 1.6416e+04 0.0000e+00
7.0000e+02 3.6667e-11 9.7716e-01 1.9166e+03 3.8907e+03 4.4000e+03 1.5354e+19 1.6919e+19 1.6919e+19 2.9742e-01 0.0000e+00 1.6428e+04 0.0000e+00
7.1000e+02 3.6526e-11 9.7434e-01 1.9164e+03 3.8903e+03 4.4000e+03 1.5389e+19 1.6957e+19 1.6957e+19 2.9713e-01 0.0000e+00 1.6441e+04 0.0000e+00
7.2000e+02 3.6386e-11 9.7164e-01 1.9161e+03 3.8898e+03 4.4000e+03 1.5429e+19 1.6999e+19 1.6999e+19 2.9681e-01 0.0000e+00 1.6456e+04 0.0000e+00
7.3000e+02 3.6246e-11 9.6905e-01 1.9158e+03 3.8892e+03 4.4000e+03 1.5473e+19 1.7047e+19 1.7047e+19 2.9646e-01 0.0000e+00 1.6473e+04 0.0000e+00
7.4000e+02 3.6107e-11 9.6658e-01 1.9155e+03 3.8886e+03 4.4000e+03 1.5522e+19 1.7098e+19 1.7098e+19 2.9608e-01 0.0000e+00 1.6491e+04 0.0000e+00
7.5000e+02 3.5969e-11 9.6421e-01 1.9152e+03 3.8879e+03 4.4000e+03 1.5574e+19 1.7154e+19 1.7154e+19 2.9567e-01 0.0000e+00 1.6510e+04 0.0000e+00
7.6000e+02 3.5830e-11 9.6194e-01 1.9149e+03 3.8872e+03 4.4000e+03 1.5630e+19 1.7214e+19 1.7214e+19 2.9523e-01 0.0000e+00 1.6531e+04 0.0000e+00
7.7000e+02 3.5693e-11 9.5976e-01 1.9145e+03 3.8865e+03 4.4000e+03 1.5690e+19 1.7278e+19 1.7278e+19 2.9476e-01 0.0000e+00 1.6554e+04 0.0000e+00
7.8000e+02 3.5556e-11 9.5768e-01 1.9141e+03 3.8857e+03 4.4000e+03 1.5754e+19 1.7346e+19 1.7346e+19 2.9427e-01 0.0000e+00 1.6578e+04 0.0000e+00
7.9000e+02 3.5419e-11 9.5568e-01 1.9137e+03 3.8848e+03 4.4000e+03 1.5821e+19 1.7417e+19 1.7417e+19 2.9375e-01 0.0000e+00 1.6603e+04 0.0000e+00
8.0000e+02 3.5283e-11 9.5376e-01 1.9132e+03 3.8839e+03 4.4000e+03 1.5892e+19 1.7492e+19 1.7492e+19 2.9321e-01 0.0000e+00 1.6629e+04 0.0000e+00
8.1000e+02 3.5148e-11 9.5192e-01 1.9128e+03 3.8830e+03 4.4000e+03 1.5966e+19 1.7571e+19 1.7571e+19 2.9265e-01 0.0000e+00 1.6656e+04 0.0000e+00
8.2000e+02 3.5013e-11 9.5015e-01 1.9123e+03 3.8821e+03 4.4000e+03 1.6043e+19 1.7653e+19 1.7653e+19 2.9207e-01 0.0000e+00 1.6684e+04 0.0000e+00
8.3000e+02 3.4878e-11 9.4845e-01 1.9118e+03 3.8811e+03 4.4000e+03 1.6123e+19 1.7738e+19 1.7738e+19 2.9147e-01 0.0000e+00 1.6714e+04 0.0000e+00
8.4000e+02 3.4744e-11 9.4682e-01 1.9114e+03 3.8801e+03 4.4000e+03 1.6206e+19 1.7827e+19 1.7827e+19 2.9085e-01 0.0000e+00 1.6744e+04 0.0000e+00
8.5000e+02 3.4611e-11 9.4525e-01 1.9108e+03 3.8791e+03 4.4000e+03 1.6293e+19 1.7918e+19 1.7918e+19 2.9021e-01 0.0000e+00 1.6776e+04 0.0000e+00
8.6000e+02 3.4478e-11 9.4375e-01 1.9103e+03 3.8780e+03 4.4000e+03 1.6382e+19 1.8013e+19 1.8013e+19 2.8956e-01 0.0000e+00 1.6808e+04 0.0000e+00
8.7000e+02 3.4346e-11 9.4230e-01 1.9098e+03 3.8769e+03 4.4000e+03 1.6474e+19 1.8110e+19 1.8110e+19 2.8889e-01 0.0000e+00 1.6841e+04 0.0000e+00
8.8000e+02 3.4214e-11 9.4090e-01 1.9092e+03 3.8758e+03 4.4000e+03 1.6568e+19 1.8211e+19 1.8211e+19 2.8821e-01 0.0000e+00 1.6875e+04 0.0000e+00
8.9000e+02 3.4082e-11 9.3956e-01 1.9087e+03 3.8746e+03 4.4000e+03 1.6666e+19 1.8314e+19 1.8314e+19 2.8752e-01 0.0000e+00 1.6910e+04 0.0000e+00
9.0000e+02 3.3952e-11 9.3826e-01 1.9081e+03 3.8735e+03 4.4000e+03 1.6766e+19 1.8420e+19 1.8420e+19 2.8681e-01 0.0000e+00 1.6946e+04 0.0000e+00
9.1000e+02 3.3821e-11 9.3702e-01 1.9075e+03 3.8723e+03 4.4000e+03 1.6868e+19 1.8529e+19 1.8529e+19 2.8609e-01 0.0000e+00 1.6983e+04 0.0000e+00
9.2000e+02 3.3691e-11 9.3581e-01 1.9069e+03 3.8710e+03 4.4000e+03 1.6974e+19 1.8640e+19 1.8640e+19 2.8535e-01 0.0000e+00 1.7020e+04 0.0000e+00
9.3000e+02 3.3562e-11 9.3465e-01 1.9063e+03 3.8698e+03 4.4000e+03 1.7081e+19 1.8754e+19 1.8754e+19 2.8461e-01 0.0000e+00 1.7058e+04 0.0000e+00
9.4000e+02 3.3433e-11 9.3354e-01 1.9057e+03 3.8686e+03 4.4000e+03 1.7191e+19 1.8871e+19 1.8871e+19 2.8386e-01 0.0000e+00 1.7097e+04 0.0000e+00
9.5000e+02 3.3305e-11 9.3246e-01 1.9050e+03 3.8673e+03 4.4000e+03 1.7304e+19 1.8990e+19 1.8990e+19 2.8309e-01 0.0000e+00 1.7136e+04 0.0000e+00
9.6000e+02 3.3177e-11 9.3141e-01 1.9044e+03 3.8660e+03 4.4000e+03 1.7419e+19 1.9111e+19 1.9111e+19 2.8232e-01 0.0000e+00 1.7176e+04 0.0000e+00
9.7000e+02 3.3049e-11 9.3041e-01 1.9038e+03 3.8647e+03 4.4000e+03 1.7536e+19 1.9235e+19 1.9235e+19 2.8154e-01 0.0000e+00 1.7217e+04 0.0000e+00
9.8000e+02 3.2923e-11 9.2943e-01 1.9031e+03 3.8634e+03 4.4000e+03 1.7655e+19 1.9361e+19 1.9361e+19 2.8076e-01 0.0000e+00 1.7258e+04 0.0000e+00
9.9000e+02 3.2796e-11 9.2849e-01 1.9025e+03 3.8620e+03 4.4000e+03 1.7777e+19 1.9490e+19 1.9490e+19 2.7996e-01 0.0000e+00 1.7300e+04 0.0000e+00
1.0000e+03 3.2670e-11 9.2758e-01 1.9018e+03 3.8607e+03 4.4000e+03 1.7901e+19 1.9621e+19 1.9621e+19 2.7916e-01 0.0000e+00 1.7343e+04 0.0000e+00
1.0100e+03 3.2545e-11 9.2670e-01 1.9011e+03 3.8593e+03 4.4000e+03 1.8027e+19 1.9754e+19 1.9754e+19 2.7835e-01 0.0000e+00 1.7386e+04 0.0000e+00
1.0200e+03 3.2420e-11 9.2584e-01 1.9004e+03 3.8580e+03 4.4000e+03 1.8156e+19 1.9889e+19 1.9889e+19 2.7754e-01 0.0000e+00 1.7429e+04 0.0000e+00
1.0300e+03 3.2295e-11 9.2501e-01 1.8998e+03 3.8566e+03 4.4000e+03 1.8286e+19 2.0027e+19 2.0027e+19 2.7672e-01 0.0000e+00 1.7474e+04 0.0000e+00
1.0400e+03 3.2171e-11 9.2421e-01 1.8991e+03 3.8552e+03 4.4000e+03 1.8419e+19 2.0167e+19 2.0167e+19 2.7590e-01 0.0000e+00 1.7518e+04 0.0000e+00
1.0500e+03 3.2048e-11 9.2343e-01 1.8984e+03 3.8538e+03 4.4000e+03 1.8554e+19 2.0309e+19 2.0309e+19 2.7507e-01 0.0000e+00 1.7563e+04 0.0000e+00
1.0600e+03 3.1925e-11 9.2268e-01 1.8977e+03 3.8524e+03 4.4000e+03 1.8691e+19 2.0453e+19 2.0453e+19 2.7424e-01 0.0000e+00 1.7609e+04 0.0000e+00
1.0700e+03 3.1802e-11 9.2194e-01 1.8970e+03 3.8509e+03 4.4000e+03 1.8830e+19 2.0599e+19 2.0599e+19 2.7340e-01 0.0000e+00 1.7655e+04 0.0000e+00
1.0800e+03 3.1680e-11 9.2123e-01 1.8963e+03 3.8495e+03 4.4000e+03 1.8971e+19 2.0748e+19 2.0748e+19 2.7256e-01 0.0000e+00 1.7702e+04 0.0000e+00
1.0900e+03 3.1558e-11 9.2054e-01 1.8956e+03 3.8481e+03 4.4000e+03 1.9114e+19 2.0898e+19 2.0898e+19 2.7172e-01 0.0000e+00 1.7749e+04 0.0000e+00
1.1000e+03 3.1437e-11 9.1986e-01 1.8948e+03 3.8466e+03 4.4000e+03 1.9259e+19 2.1050e+19 2.1050e+19 2.7088e-01 0.0000e+00 1.7796e+04 0.0000e+00
1.1100e+03 3.1316e-11 9.1921e-01 1.8941e+03 3.8451e+03 4.4000e+03 1.9406e+19 2.1205e+19 2.1205e+19 2.7003e-01 0.0000e+00 1.7844e+04 0.0000e+00
1.1200e+03 3.1196e-11 9.1857e-01 1.8934e+03 3.8437e+03 4.4000e+03 1.9555e+19 2.1362e+19 2.1362e+19 2.6918e-01 0.0000e+00 1.7892e+04 0.0000e+00
1.1300e+03 3.1076e-11 9.1795e-01 1.8927e+03 3.8422e+03 4.4000e+03 1.9707e+19 2.1520e+19 2.1520e+19 2.6833e-01 0.0000e+00 1.7941e+04 0.0000e+00
1.1400e+03 3.0957e-11 9.1734e-01 1.8919e+03 3.8407e+03 4.4000e+03 1.9860e+19 2.1681e+19 2.1681e+19 2.6747e-01 0.0000e+00 1.7990e+04 0.0000e+00
1.1500e+03 3.0838e-11 9.1675e-01 1.8912e+03 3.8392e+03 4.4000e+03 2.0015e+19 2.1844e+19 2.1844e+19 2.6662e-01 0.0000e+00 1.8040e+04 0.0000e+00
1.1600e+03 3.0720e-11 9.1618e-01 1.8905e+03 3.8377e+03 4.4000e+03 2.0172e+19 2.2008e+19 2.2008e+19 2.6576e-01 0.0000e+00 1.8089e+04 0.0000e+00
1.1700e+03 3.0602e-11 9.1561e-01 1.8897e+03 3.8362e+03 4.4000e+03 2.0331e+19 2.2175e+19 2.2175e+19 2.6490e-01 0.0000e+00 1.8140e+04 0.0000e+00
1.1800e+03 3.0484e-11 9.1506e-01 1.8890e+03 3.8347e+03 4.4000e+03 2.0492e+19 2.2344e+19 2.2344e+19 2.6404e-01 0.0000e+00 1.8190e+04 0.0000e+00
1.1900e+03 3.0367e-11 9.1453e-01 1.8883e+03 3.8332e+03 4.4000e+03 2.0655e+19 2.2514e+19 2.2514e+19 2.6318e-01 0.0000e+00 1.8241e+04 0.0000e+00
1.2000e+03 3.0251e-11 9.1400e-01 1.8875e+03 3.8317e+03 4.4000e+03 2.0820e+19 2.2687e+19 2.2687e+19 2.6232e-01 0.0000e+00 1.8292e+04 0.0000e+00
1.2100e+03 3.0134e-11 9.1349e-01 1.8868e+03 3.8302e+03 4.4000e+03 2.0987e+19 2.2861e+19 2.2861e+19 2.6146e-01 0.0000e+00 1.8344e+04 0.0000e+00
1.2200e+03 3.0019e-11 9.1299e-01 1.8860e+03 3.8287e+03 4.4000e+03 2.1156e+19 2.3038e+19 2.3038e+19 2.6060e-01 0.0000e+00 1.8396e+04 0.0000e+00
1.2300e+03 2.9903e-11 9.1250e-01 1.8853e+03 3.8271e+03 4.4000e+03 2.1327e+19 2.3216e+19 2.3216e+19 2.5974e-01 0.0000e+00 1.8448e+04 0.0000e+00
1.2400e+03 2.9789e-11 9.1201e-01 1.8845e+03 3.8256e+03 4.4000e+03 2.1500e+19 2.3396e+19 2.3396e+19 2.5888e-01 0.0000e+00 1.8501e+04 0.0000e+00
1.2500e+03 2.9674e-11 9.1154e-01 1.8838e+03 3.8241e+03 4.4000e+03 2.1674e+19 2.3579e+19 2.3579e+19 2.5802e-01 0.0000e+00 1.8554e+04 0.0000e+00
1.2600e+03 2.9560e-11 9.1108e-01 1.8830e+03 3.8225e+03 4.4000e+03 2.1851e+19 2.3763e+19 2.3763e+19 2.5716e-01 0.0000e+00 1.8607e+04 0.0000e+00
1.2700e+03 2.9447e-11 9.1062e-01 1.8822e+03 3.8210e+03 4.4000e+03 2.2030e+19 2.3949e+19 2.3949e+19 2.5630e-01 0.0000e+00 1.8660e+04 0.0000e+00
1.2800e+03 2.9334e-11 9.1018e-01 1.8815e+03 3.8195e+03 4.4000e+03 2.2210e+19 2.4137e+19 2.4137e+19 2.5544e-01 0.0000e+00 1.8714e+04 0.0000e+00
1.2900e+03 2.9221e-11 9.0974e-01 1.8807e+03 3.8179e+03 4.4000e+03 2.2393e+19 2.4327e+19 2.4327e+19 2.5458e-01 0.0000e+00 1.8768e+04 0.0000e+00
1.3000e+03 2.9109e-11 9.0931e-01 1.8800e+03 3.8164e+03 4.4000e+03 2.2577e+19 2.4519e+19 2.4519e+19 2.5373e-01 0.0000e+00 1.8823e+04 0.0000e+00
1.3100e+03 2.8997e-11 9.0888e-01 1.8792e+03 3.8148e+03 4.4000e+03 2.2764e+19 2.4713e+19 2.4713e+19 2.5287e-01 0.0000e+00 1.8878e+04 0.0000e+00
1.3200e+03 2.8886e-11 9.0847e-01 1.8784e+03 3.8133e+03 4.4000e+03 2.2952e+19 2.4909e+19 2.4909e+19 2.5201e-01 0.0000e+00 1.8933e+04 0.0000e+00
1.3300e+03 2.8775e-11 9.0806e-01 1.8777e+03 3.8117e+03 4.4000e+03 2.3143e+19 2.5107e+19 2.5107e+19 2.5116e-01 0.0000e+00 1.8988e+04 0.0000e+00
1.3400e+03 2.8664e-11 9.0765e-01 1.8769e+03 3.8102e+03 4.4000e+03 2.3335e+19 2.5307e+19 2.5307e+19 2.5031e-01 0.0000e+00 1.9043e+04 0.0000e+00
1.3500e+03 2.8554e-11 9.0725e-01 1.8761e+03 3.8086e+03 4.4000e+03 2.3530e+19 2.5509e+19 2.5509e+19 2.4946e-01 0.0000e+00 1.9099e+04 0.0000e+00
1.3600e+03 2.8445e-11 9.0686e-01 1.8754e+03 3.8070e+03 4.4000e+03 2.3726e+19 2.5712e+19 2.5712e+19 2.4861e-01 0.0000e+00 1.9155e+04 0.0000e+00
1.3700e+03 2.8335e-11 9.0648e-01 1.8746e+03 3.8055e+03 4.4000e+03 2.3924e+19 2.5918e+19 2.5918e+19 2.4776e-01 0.0000e+00 1.9212e+04 0.0000e+00
1.3800e+03 2.8226e-11 9.0609e-01 1.8738e+03 3.8039e+03 4.4000e+03 2.4125e+19 2.6126e+19 2.6126e+19 2.4691e-01 0.0000e+00 1.9268e+04 0.0000e+00
1.3900e+03 2.8118e-11 9.0572e-01 1.8731e+03 3.8024e+03 4.4000e+03 2.4327e+19 2.6335e+19 2.6335e+19 2.4606e-01 0.0000e+00 1.9325e+04 0.0000e+00
1.4000e+03 2.8010e-11 9.0535e-01 1.8723e+03 3.8008e+03 4.4000e+03 2.4532e+19 2.6547e+19 2.6547e+19 2.4522e-01 0.0000e+00 1.9382e+04 0.0000e+00
1.4100e+03 2.7903e-11 9.0498e-01 1.8715e+03 3.7992e+03 4.4000e+03 2.4738e+19 2.6761e+19 2.6761e+19 2.4438e-01 0.0000e+00 1.9440e+04 0.0000e+00
1.4200e+03 2.7795e-11 9.0462e-01 1.8708e+03 3.7977e+03 4.4000e+03 2.4947e+19 2.6976e+19 2.6976e+19 2.4354e-01 0.0000e+00 1.9497e+04 0.0000e+00
1.4300e+03 2.7689e-11 9.0426e-01 1.8700e+03 3.7961e+03 4.4000e+03 2.5157e+19 2.7194e+19 2.7194e+19 2.4270e-01 0.0000e+00 1.9555e+04 0.0000e+00
1.4400e+03 2.7582e-11 9.0390e-01 1.8692e+03 3.7945e+03 4.4000e+03 2.5370e+19 2.7413e+19 2.7413e+19 2.4186e-01 0.0000e+00 1.9613e+04 0.0000e+00
1.4500e+03 2.7476e-11 9.0355e-01 1.8684e+03 3.7930e+03 4.4000e+03 2.5585e+19 2.7635e+19 2.7635e+19 2.4102e-01 0.0000e+00 1.9672e+04 0.0000e+00
1.4600e+03 2.7371e-11 9.0320e-01 1.8677e+03 3.7914e+03 4.4000e+03 2.5801e+19 2.7858e+19 2.7858e+19 2.4019e-01 0.0000e+00 1.9730e+04 0.0000e+00
1.4700e+03 2.7266e-11 9.0286e-01 1.8669e+03 3.7899e+03 4.4000e+03 2.6020e+19 2.8084e+19 2.8084e+19 2.3936e-01 0.0000e+00 1.9789e+04 0.0000e+00
1.4800e+03 2.7161e-11 9.0252e-01 1.8661e+03 3.7883e+03 4.4000e+03 2.6241e+19 2.8312e+19 2.8312e+19 2.3853e-01 0.0000e+00 1.9848e+04 0.0000e+00
1.4900e+03 2.7057e-11 9.0218e-01 1.8654e+03 3.7867e+03 4.4000e+03 2.6464e+19 2.8541e+19 2.8541e+19 2.3770e-01 0.0000e+00 1.9907e+04 0.0000e+00
1.5000e+03 2.6953e-11 9.0185e-01 1.8646e+03 3.7852e+03 4.4000e+03 2.6689e+19 2.8773e+19 2.8773e+19 2.3688e-01 0.0000e+00 1.9967e+04 0.0000e+00
1.5100e+03 2.6849e-11 9.0152e-01 1.8638e+03 3.7836e+03 4.4000e+03 2.6917e+19 2.9007e+19 2.9007e+19 2.3606e-01 0.0000e+00 2.0027e+04 0.0000e+00
1.5200e+03 2.6746e-11 9.0119e-01 1.8630e+03 3.7820e+03 4.4000e+03 2.7146e+19 2.9243e+19 2.9243e+19 2.3524e-01 0.0000e+00 2.0087e+04 0.0000e+00
1.5300e+03 2.6644e-11 9.0086e-01 1.8623e+03 3.7805e+03 4.4000e+03 2.7378e+19 2.9481e+19 2.9481e+19 2.3442e-01 0.0000e+00 2.0147e+04 0.0000e+00
1.5400e+03 2.6541e-11 9.0054e-01 1.8615e+03 3.7789e+03 4.4000e+03 2.7612e+19 2.9721e+19 2.9721e+19 2.3360e-01 0.0000e+00 2.0208e+04 0.0000e+00
1.5500e+03 2.6439e-11 9.0021e-01 1.8607e+03 3.7773e+03 4.4000e+03 2.7848e+19 2.9963e+19 2.9963e+19 2.3279e-01 0.0000e+00 2.0268e+04 0.0000e+00
1.5600e+03 2.6338e-11 8.9989e-01 1.8600e+03 3.7758e+03 4.4000e+03 2.8086e+19 3.0207e+19 3.0207e+19 2.3198e-01 0.0000e+00 2.0329e+04 0.0000e+00
1.5700e+03 2.6237e-11 8.9958e-01 1.8592e+03 3.7742e+03 4.4000e+03 2.8326e+19 3.0454e+19 3.0454e+19 2.3117e-01 0.0000e+00 2.0390e+04 0.0000e+00
1.5800e+03 2.6136e-11 8.9926e-01 1.8584e+03 3.7726e+03 4.4000e+03 2.8569e+19 3.0702e+19 3.0702e+19 2.3036e-01 0.0000e+00 2.0452e+04 0.0000e+00
1.5900e+03 2.6036e-11 8.9895e-01 1.8577e+03 3.7711e+03 4.4000e+03 2.8814e+19 3.0953e+19 3.0953e+19 2.2955e-01 0.0000e+00 2.0513e+04 0.0000e+00
1.6000e+03 2.5936e-11 8.9864e-01 1.8569e+03 3.7695e+03 4.4000e+03 2.9061e+19 3.1206e+19 3.1206e+19 2.2875e-01 0.0000e+00 2.0575e+04 0.0000e+00
1.6100e+03 2.5836e-11 8.9833e-01 1.8561e+03 3.7680e+03 4.4000e+03 2.9311e+19 3.1461e+19 3.1461e+19 2.2795e-01 0.0000e+00 2.0637e+04 0.0000e+00
1.6200e+03 2.5737e-11 8.9802e-01 1.8553e+03 3.7664e+03 4.4000e+03 2.9562e+19 3.1718e+19 3.1718e+19 2.2716e-01 0.0000e+00 2.0700e+04 0.0000e+00
1.6300e+03 2.5638e-11 8.9771e-01 1.8546e+03 3.7648e+03 4.4000e+03 2.9816e+19 3.1977e+19 3.1977e+19 2.2636e-01 0.0000e+00 2.0762e+04 0.0000e+00
1.6400e+03 2.5540e-11 8.9741e-01 1.8538e+03 3.7633e+03 4.4000e+03 3.0073e+19 3.2239e+19 3.2239e+19 2.2557e-01 0.0000e+00 2.0825e+04 0.0000e+00
1.6500e+03 2.5441e-11 8.9710e-01 1.8530e+03 3.7617e+03 4.4000e+03 3.0331e+19 3.2503e+19 3.2503e+19 2.2478e-01 0.0000e+00 2.0888e+04 0.0000e+00
1.6600e+03 2.5344e-11 8.9680e-01 1.8523e+03 3.7602e+03 4.4000e+03 3.0592e+19 3.2769e+19 3.2769e+19 2.2399e-01 0.0000e+00 2.0951e+04 0.0000e+00
1.6700e+03 2.5246e-11 8.9650e-01 1.8515e+03 3.7586e+03 4.4000e+03 3.0856e+19 3.3037e+19 3.3037e+19 2.2320e-01 0.0000e+00 2.1014e+04 0.0000e+00
1.6800e+03 2.5150e-11 8.9620e-01 1.8507e+03 3.7571e+03 4.4000e+03 3.1122e+19 3.3307e+19 3.3307e+19 2.2242e-01 0.0000e+00 2.1078e+04 0.0000e+00
1.6900e+03 2.5053e-11 8.9590e-01 1.8500e+03 3.7555e+03 4.4000e+03 3.1390e+19 3.3580e+19 3.3580e+19 2.2164e-01 0.0000e+00 2.1142e+04 0.0000e+00
1.7000e+03 2.4957e-11 8.9560e-01 1.8492e+03 3.7540e+03 4.4000e+03 3.1661e+19 3.3855e+19 3.3855e+19 2.2086e-01 0.0000e+00 2.1206e+04 0.0000e+00
1.7100e+03 2.4861e-11 8.9530e-01 1.8484e+03 3.7524e+03 4.4000e+03 3.1934e+19 3.4133e+19 3.4133e+19 2.2009e-01 0.0000e+00 2.1270e+04 0.0000e+00
1.7200e+03 2.4765e-11 8.9501e-01 1.8477e+03 3.7509e+03 4.4000e+03 3.2209e+19 3.4412e+19 3.4412e+19 2.1932e-01 0.0000e+00 2.1335e+04 0.0000e+00
1.7300e+03 2.4670e-11 8.9471e-01 1.8469e+03 3.7493e+03 4.4000e+03 3.2487e+19 3.4694e+19 3.4694e+19 2.1855e-01 0.0000e+00 2.1399e+04 0.0000e+00
1.7400e+03 2.4576e-11 8.9442e-01 1.8462e+03 3.7478e+03 4.4000e+03 3.2768e+19 3.4979e+19 3.4979e+19 2.1778e-01 0.0000e+00 2.1464e+04 0.0000e+00
1.7500e+03 2.4481e-11 8.9413e-01 1.8454e+03 3.7462e+03 4.4000e+03 3.3051e+19 3.5266e+19 3.5266e+19 2.1701e-01 0.0000e+00 2.1529e+04 0.0000e+00
1.7600e+03 2.4387e-11 8.9383e-01 1.8446e+03 3.7447e+03 4.4000e+03 3.3336e+19 3.5555e+19 3.5555e+19 2.1625e-01 0.0000e+00 2.1595e+04 0.0000e+00
1.7700e+03 2.4294e-11 8.9354e-01 1.8439e+03 3.7431e+03 4.4000e+03 3.3624e+19 3.5846e+19 3.5846e+19 2.1549e-01 0.0000e+00 2.1660e+04 0.0000e+00
1.7800e+03 2.4200e-11 8.9325e-01 1.8431e+03 3.7416e+03 4.4000e+03 3.3915e+19 3.6140e+19 3.6140e+19 2.1473e-01 0.0000e+00 2.1726e+04 0.0000e+00
1.7900e+03 2.4107e-11 8.9296e-01 1.8424e+03 3.7400e+03 4.4000e+03 3.4208e+19 3.6436e+19 3.6436e+19 2.1398e-01 0.0000e+00 2.1792e+04 0.0000e+00
1.8000e+03 2.4015e-11 8.9267e-01 1.8416e+03 3.7385e+03 4.4000e+03 3.4504e+19 3.6735e+19 3.6735e+19 2.1323e-01 0.0000e+00 2.1858e+04 0.0000e+00
1.8100e+03 2.3923e-11 8.9238e-01 1.8408e+03 3.7369e+03 4.4000e+03 3.4802e+19 3.7036e+19 3.7036e+19 2.1248e-01 0.0000e+00 2.1925e+04 0.0000e+00
1.8200e+03 2.3831e-11 8.9209e-01 1.8401e+03 3.7354e+03 4.4000e+03 3.5104e+19 3.7340e+19 3.7340e+19 2.1173e-01 0.0000e+00 2.1991e+04 0.0000e+00
1.8300e+03 2.3739e-11 8.9180e-01 1.8393e+03 3.7339e+03 4.4000e+03 3.5407e+19 3.7646e+19 3.7646e+19 2.1099e-01 0.0000e+00 2.2058e+04 0.0000e+00
1.8400e+03 2.3648e-11 8.9151e-01 1.8386e+03 3.7323e+03 4.4000e+03 3.5714e+19 3.7955e+19 3.7955e+19 2.1024e-01 0.0000e+00 2.2125e+04 0.0000e+00
1.8500e+03 2.3557e-11 8.9122e-01 1.8378e+03 3.7308e+03 4.4000e+03 3.6023e+19 3.8266e+19 3.8266e+19 2.0950e-01 0.0000e+00 2.2193e+04 0.0000e+00
1.8600e+03 2.3467e-11 8.9093e-01 1.8370e+03 3.7293e+03 4.4000e+03 3.6335e+19 3.8580e+19 3.8580e+19 2.0877e-01 0.0000e+00 2.2260e+04 0.0000e+00
1.8700e+03 2.3377e-11 8.9065e-01 1.8363e+03 3.7277e+03 4.4000e+03 3.6650e+19 3.8896e+19 3.8896e+19 2.0803e-01 0.0000e+00 2.2328e+04 0.0000e+00
1.8800e+03 2.3287e-11 8.9036e-01 1.8355e+03 3.7262e+03 4.4000e+03 3.6967e+19 3.9215e+19 3.9215e+19 2.0730e-01 0.0000e+00 2.2396e+04 0.0000e+00
1.8900e+03 2.3197e-11 8.9007e-01 1.8348e+03 3.7247e+03 4.4000e+03 3.7287e+19 3.9537e+19 3.9537e+19 2.0657e-01 0.0000e+00 2.2464e+04 0.0000e+00
1.9000e+03 2.3108e-11 8.8978e-01 1.8340e+03 3.7231e+03 4.4000e+03 3.7610e+19 3.9861e+19 3.9861e+19 2.0584e-01 0.0000e+00 2.2532e+04 0.0000e+00
1.9100e+03 2.3020e-11 8.8950e-01 1.8333e+03 3.7216e+03 4.4000e+03 3.7936e+19 4.0187e+19 4.0187e+19 2.0512e-01 0.0000e+00 2.2601e+04 0.0000e+00
1.9200e+03 2.2931e-11 8.8921e-01 1.8325e+03 3.7201e+03 4.4000e+03 3.8265e+19 4.0517e+19 4.0517e+19 2.0440e-01 0.0000e+00 2.2669e+04 0.0000e+00
1.9300e+03 2.2843e-11 8.8892e-01 1.8318e+03 3.7186e+03 4.4000e+03 3.8597e+19 4.0849e+19 4.0849e+19 2.0368e-01 0.0000e+00 2.2738e+04 0.0000e+00
1.9400e+03 2.2756e-11 8.8864e-01 1.8310e+03 3.7170e+03 4.4000e+03 3.8931e+19 4.1183e+19 4.1183e+19 2.0296e-01 0.0000e+00 2.2808e+04 0.0000e+00
1.9500e+03 2.2668e-11 8.8835e-01 1.8303e+03 3.7155e+03 4.4000e+03 3.9269e+19 4.1521e+19 4.1521e+19 2.0225e-01 0.0000e+00 2.2877e+04 0.0000e+00
1.9600e+03 2.2581e-11 8.8807e-01 1.8295e+03 3.7140e+03 4.4000e+03 3.9609e+19 4.1861e+19 4.1861e+19 2.0154e-01 0.0000e+00 2.2947e+04 0.0000e+00
1.9700e+03 2.2494e-11 8.8778e-01 1.8288e+03 3.7125e+03 4.4000e+03 3.9953e+19 4.2204e+19 4.2204e+19 2.0083e-01 0.0000e+00 2.3017e+04 0.0000e+00
1.9800e+03 2.2408e-11 8.8749e-01 1.8280e+03 3.7110e+03 4.4000e+03 4.0299e+19 4.2549e+19 4.2549e+19 2.0012e-01 0.0000e+00 2.3087e+04 0.0000e+00
1.9900e+03 2.2322e-11 8.8721e-01 1.8273e+03 3.7094e+03 4.4000e+03 4.0649e+19 4.2897e+19 4.2897e+19 1.9942e-01 0.0000e+00 2.3157e+04 0.0000e+00
2.0000e+03 2.2236e-11 8.8692e-01 1.8265e+03 3.7079e+03 4.4000e+03 4.1002e+19 4.3249e+19 4.3249e+19 1.9871e-01 0.0000e+00 2.3227e+04 0.0000e+00
2.0100e+03 2.2151e-11 8.8664e-01 1.8258e+03 3.7064e+03 4.4000e+03 4.1357e+19 4.3603e+19 4.3603e+19 1.9801e-01 0.0000e+00 2.3298e+04 0.0000e+00
2.0200e+03 2.2066e-11 8.8635e-01 1.8251e+03 3.7049e+03 4.4000e+03 4.1716e+19 4.3959e+19 4.3959e+19 1.9732e-01 0.0000e+00 2.3369e+04 0.0000e+00
2.0300e+03 2.1981e-11 8.8606e-01 1.8243e+03 3.7034e+03 4.4000e+03 4.2078e+19 4.4319e+19 4.4319e+19 1.9662e-01 0.0000e+00 2.3440e+04 0.0000e+00
2.0400e+03 2.1897e-11 8.8578e-01 1.8236e+03 3.7019e+03 4.4000e+03 4.2443e+19 4.4681e+19 4.4681e+19 1.9593e-01 0.0000e+00 2.3512e+04 0.0000e+00
2.0500e+03 2.1813e-11 8.8549e-01 1.8228e+03 3.7004e+03 4.4000e+03 4.2811e+19 4.5047e+19 4.5047e+19 1.9524e-01 0.0000e+00 2.3583e+04 0.0000e+00
2.0600e+03 2.1729e-11 8.8520e-01 1.8221e+03 3.6989e+03 4.4000e+03 4.3182e+19 4.5415e+19 4.5415e+19 1.9456e-01 0.0000e+00 2.3655e+04 0.0000e+00
2.0700e+03 2.1645e-11 8.8492e-01 1.8213e+03 3.6974e+03 4.4000e+03 4.3557e+19 4.5786e+19 4.5786e+19 1.9387e-01 0.0000e+00 2.3727e+04 0.0000e+00
2.0800e+03 2.1562e-11 8.8463e-01 1.8206e+03 3.6959e+03 4.4000e+03 4.3935e+19 4.6161e+19 4.6161e+19 1.9319e-01 0.0000e+00 2.3799e+04 0.0000e+00
2.0900e+03 2.1479e-11 8.8434e-01 1.8199e+03 3.6944e+03 4.4000e+03 4.4316e+19 4.6538e+19 4.6538e+19 1.9251e-01 0.0000e+00 2.3872e+04 0.0000e+00
2.1000e+03 2.1397e-11 8.8406e-01 1.8191e+03 3.6929e+03 4.4000e+03 4.4701e+19 4.6918e+19 4.6918e+19 1.9183e-01 0.0000e+00 2.3945e+04 0.0000e+00
2.1100e+03 2.1315e-11 8.8377e-01 1.8184e+03 3.6914e+03 4.4000e+03 4.5089e+19 4.7301e+19 4.7301e+19 1.9116e-01 0.0000e+00 2.4017e+04 0.0000e+00
2.1200e+03 2.1233e-11 8.8348e-01 1.8177e+03 3.6899e+03 4.4000e+03 4.5480e+19 4.7687e+19 4.7687e+19 1.9049e-01 0.0000e+00 2.4091e+04 0.0000e+00
2.1300e+03 2.1151e-11 8.8319e-01 1.8169e+03 3.6884e+03 4.4000e+03 4.5875e+19 4.8077e+19 4.8077e+19 1.8982e-01 0.0000e+00 2.4164e+04 0.0000e+00
2.1400e+03 2.1070e-11 8.8290e-01 1.8162e+03 3.6869e+03 4.4000e+03 4.6273e+19 4.8469e+19 4.8469e+19 1.8915e-01 0.0000e+00 2.4238e+04 0.0000e+00
2.1500e+03 2.0989e-11 8.8262e-01 1.8154e+03 3.6854e+03 4.4000e+03 4.6674e+19 4.8864e+19 4.8864e+19 1.8849e-01 0.0000e+00 2.4311e+04 0.0000e+00
2.1600e+03 2.0909e-11 8.8233e-01 1.8147e+03 3.6839e+03 4.4000e+03 4.7079e+19 4.9263e+19 4.9263e+19 1.8782e-01 0.0000e+00 2.4385e+04 0.0000e+00
2.1700e+03 2.0828e-11 8.8204e-01 1.8140e+03 3.6824e+03 4.4000e+03 4.7488e+19 4.9665e+19 4.9665e+19 1.8716e-01 0.0000e+00 2.4460e+04 0.0000e+00
2.1800e+03 2.0748e-11 8.8175e-01 1.8132e+03 3.6809e+03 4.4000e+03 4.7900e+19 5.0070e+19 5.0070e+19 1.8651e-01 0.0000e+00 2.4534e+04 0.0000e+00
2.1900e+03 2.0669e-11 8.8146e-01 1.8125e+03 3.6795e+03 4.4000e+03 4.8315e+19 5.0478e+19 5.0478e+19 1.8585e-01 0.0000e+00 2.4609e+04 0.0000e+00
2.2000e+03 2.0589e-11 8.8117e-01 1.8118e+03 3.6780e+03 4.4000e+03 4.8735e+19 5.0889e+19 5.0889e+19 1.8520e-01 0.0000e+00 2.4684e+04 0.0000e+00
2.2100e+03 2.0510e-11 8.8088e-01 1.8111e+03 3.6765e+03 4.4000e+03 4.9157e+19 5.1304e+19 5.1304e+19 1.8455e-01 0.0000e+00 2.4759e+04 0.0000e+00
2.2200e+03 2.0432e-11 8.8059e-01 1.8103e+03 3.6750e+03 4.4000e+03 4.9584e+19 5.1721e+19 5.1721e+19 1.8390e-01 0.0000e+00 2.4834e+04 0.0000e+00
2.2300e+03 2.0353e-11 8.8030e-01 1.8096e+03 3.6735e+03 4.4000e+03 5.0014e+19 5.2143e+19 5.2143e+19 1.8325e-01 0.0000e+00 2.4910e+04 0.0000e+00
2.2400e+03 2.0275e-11 8.8001e-01 1.8089e+03 3.6721e+03 4.4000e+03 5.0448e+19 5.2567e+19 5.2567e+19 1.8261e-01 0.0000e+00 2.4986e+04 0.0000e+00
2.2500e+03 2.0197e-11 8.7972e-01 1.8081e+03 3.6706e+03 4.4000e+03 5.0886e+19 5.2995e+19 5.2995e+19 1.8197e-01 0.0000e+00 2.5062e+04 0.0000e+00
2.2600e+03 2.0120e-11 8.7943e-01 1.8074e+03 3.6691e+03 4.4000e+03 5.1327e+19 5.3426e+19 5.3426e+19 1.8133e-01 0.0000e+00 2.5138e+04 0.0000e+00
2.2700e+03 2.0042e-11 8.7914e-01 1.8067e+03 3.6676e+03 4.4000e+03 5.1773e+19 5.3860e+19 5.3860e+19 1.8069e-01 0.0000e+00 2.5214e+04 0.0000e+00
2.2800e+03 1.9965e-11 8.7884e-01 1.8060e+03 3.6662e+03 4.4000e+03 5.2222e+19 5.4298e+19 5.4298e+19 1.8006e-01 0.0000e+00 2.5291e+04 0.0000e+00
2.2900e+03 1.9889e-11 8.7855e-01 1.8052e+03 3.6647e+03 4.4000e+03 5.2675e+19 5.4739e+19 5.4739e+19 1.7943e-01 0.0000e+00 2.5368e+04 0.0000e+00
2.3000e+03 1.9812e-11 8.7826e-01 1.8045e+03 3.6632e+03 4.4000e+03 5.3132e+19 5.5184e+19 5.5184e+19 1.7880e-01 0.0000e+00 2.5445e+04 0.0000e+00
2.3100e+03 1.9736e-11 8.7797e-01 1.8038e+03 3.6618e+03 4.4000e+03 5.3593e+19 5.5632e+19 5.5632e+19 1.7817e-01 0.0000e+00 2.5523e+04 0.0000e+00
2.3200e+03 1.9660e-11 8.7767e-01 1.8031e+03 3.6603e+03 4.4000e+03 5.4057e+19 5.6084e+19 5.6084e+19 1.7755e-01 0.0000e+00 2.5600e+04 0.0000e+00
2.3300e+03 1.9585e-11 8.7738e-01 1.8024e+03 3.6588e+03 4.4000e+03 5.4526e+19 5.6539e+19 5.6539e+19 1.7692e-01 0.0000e+00 2.5678e+04 0.0000e+00
2.3400e+03 1.9510e-11 8.7708e-01 1.8016e+03 3.6574e+03 4.4000e+03 5.4999e+19 5.6998e+19 5.6998e+19 1.7630e-01 0.0000e+00 2.5756e+04 0.0000e+00
2.3500e+03 1.9435e-11 8.7679e-01 1.8009e+03 3.6559e+03 4.4000e+03 5.5476e+19 5.7461e+19 5.7461e+19 1.7569e-01 0.0000e+00 2.5835e+04 0.0000e+00
2.3600e+03 1.9360e-11 8.7649e-01 1.8002e+03 3.6545e+03 4.4000e+03 5.5957e+19 5.7927e+19 5.7927e+19 1.7507e-01 0.0000e+00 2.5913e+04 0.0000e+00
2.3700e+03 1.9286e-11 8.7620e-01 1.7995e+03 3.6530e+03 4.4000e+03 5.6442e+19 5.8396e+19 5.8396e+19 1.7446e-01 0.0000e+00 2.5992e+04 0.0000e+00
2.3800e+03 1.9212e-11 8.7590e-01 1.7988e+03 3.6516e+03 4.4000e+03 5.6932e+19 5.8869e+19 5.8869e+19 1.7385e-01 0.0000e+00 2.6071e+04 0.0000e+00
2.3900e+03 1.9138e-11 8.7561e-01 1.7981e+03 3.6501e+03 4.4000e+03 5.7425e+19 5.9346e+19 5.9346e+19 1.7324e-01 0.0000e+00 2.6150e+04 0.0000e+00
2.4000e+03 1.9064e-11 8.7531e-01 1.7973e+03 3.6487e+03 4.4000e+03 5.7923e+19 5.9827e+19 5.9827e+19 1.7263e-01 0.0000e+00 2.6230e+04 0.0000e+00
2.4100e+03 1.8991e-11 8.7501e-01 1.7966e+03 3.6472e+03 4.4000e+03 5.8426e+19 6.0311e+19 6.0311e+19 1.7203e-01 0.0000e+00 2.6309e+04 0.0000e+00
2.4200e+03 1.8918e-11 8.7472e-01 1.7959e+03 3.6458e+03 4.4000e+03 5.8932e+19 6.0799e+19 6.0799e+19 1.7142e-01 0.0000e+00 2.6389e+04 0.0000e+00
2.4300e+03 1.8846e-11 8.7442e-01 1.7952e+03 3.6443e+03 4.4000e+03 5.9443e+19 6.1291e+19 6.1291e+19 1.7082e-01 0.0000e+00 2.6470e+04 0.0000e+00
2.4400e+03 1.8773e-11 8.7412e-01 1.7945e+03 3.6429e+03 4.4000e+03 5.9958e+19 6.1787e+19 6.1787e+19 1.7022e-01 0.0000e+00 2.6550e+04 0.0000e+00
2.4500e+03 1.8701e-11 8.7382e-01 1.7938e+03 3.6414e+03 4.4000e+03 6.0478e+19 6.2287e+19 6.2287e+19 1.6963e-01 0.0000e+00 2.6631e+04 0.0000e+00
2.4600e+03 1.8629e-11 8.7352e-01 1.7931e+03 3.6400e+03 4.4000e+03 6.1002e+19 6.2790e+19 6.2790e+19 1.6904e-01 0.0000e+00 2.6712e+04 0.0000e+00
2.4700e+03 1.8558e-11 8.7322e-01 1.7924e+03 3.6386e+03 4.4000e+03 6.1531e+19 6.3297e+19 6.3297e+19 1.6844e-01 0.0000e+00 2.6793e+04 0.0000e+00
2.4800e+03 1.8487e-11 8.7292e-01 1.7917e+03 3.6371e+03 4.4000e+03 6.2064e+19 6.3809e+19 6.3809e+19 1.6786e-01 0.0000e+00 2.6874e+04 0.0000e+00
2.4900e+03 1.8416e-11 8.7262e-01 1.7909e+03 3.6357e+03 4.4000e+03 6.2602e+19 6.4324e+19 6.4324e+19 1.6727e-01 0.0000e+00 2.6956e+04 0.0000e+00
2.5000e+03 1.8345e-11 8.7232e-01 1.7902e+03 3.6342e+03 4.4000e+03 6.3144e+19 6.4843e+19 6.4843e+19 1.6668e-01 0.0000e+00 2.7038e+04 0.0000e+00
2.5100e+03 1.8274e-11 8.7202e-01 1.7895e+03 3.6328e+03 4.4000e+03 6.3691e+19 6.5366e+19 6.5366e+19 1.6610e-01 0.0000e+00 2.7120e+04 0.0000e+00
2.5200e+03 1.8204e-11 8.7172e-01 1.7888e+03 3.6314e+03 4.4000e+03 6.4243e+19 6.5893e+19 6.5893e+19 1.6552e-01 0.0000e+00 2.7202e+04 0.0000e+00
2.5300e+03 1.8134e-11 8.7142e-01 1.7881e+03 3.6300e+03 4.4000e+03 6.4799e+19 6.6425e+19 6.6425e+19 1.6494e-01 0.0000e+00 2.7285e+04 0.0000e+00
2.5400e+03 1.8065e-11 8.7111e-01 1.7874e+03 3.6285e+03 4.4000e+03 6.5361e+19 6.6960e+19 6.6960e+19 1.6437e-01 0.0000e+00 2.7368e+04 0.0000e+00
2.5500e+03 1.7995e-11 8.7081e-01 1.7867e+03 3.6271e+03 4.4000e+03 6.5927e+19 6.7499e+19 6.7499e+19 1.6379e-01 0.0000e+00 2.7451e+04 0.0000e+00
2.5600e+03 1.7926e-11 8.7051e-01 1.7860e+03 3.6257e+03 4.4000e+03 6.6498e+19 6.8043e+19 6.8043e+19 1.6322e-01 0.0000e+00 2.7534e+04 0.0000e+00
2.5700e+03 1.7857e-11 8.7020e-01 1.7853e+03 3.6243e+03 4.4000e+03 6.7074e+19 6.8591e+19 6.8591e+19 1.6265e-01 0.0000e+00 2.7617e+04 0.0000e+00
2.5800e+03 1.7789e-11 8.6990e-01 1.7846e+03 3.6228e+03 4.4000e+03 6.7654e+19 6.9143e+19 6.9143e+19 1.6208e-01 0.0000e+00 2.7701e+04 0.0000e+00
2.5900e+03 1.7721e-11 8.6959e-01 1.7839e+03 3.6214e+03 4.4000e+03 6.8240e+19 6.9699e+19 6.9699e+19 1.6152e-01 0.0000e+00 2.7785e+04 0.0000e+00
2.6000e+03 1.7653e-11 8.6929e-01 1.7832e+03 3.6200e+03 4.4000e+03 6.8831e+19 7.0260e+19 7.0260e+19 1.6095e-01 0.0000e+00 2.7870e+04 0.0000e+00
2.6100e+03 1.7585e-11 8.6898e-01 1.7825e+03 3.6186e+03 4.4000e+03 6.9427e+19 7.0824e+19 7.0824e+19 1.6039e-01 0.0000e+00 2.7954e+04 0.0000e+00
2.6200e+03 1.7517e-11 8.6868e-01 1.7818e+03 3.6172e+03 4.4000e+03 7.0028e+19 7.1393e+19 7.1393e+19 1.5983e-01 0.0000e+00 2.8039e+04 0.0000e+00
2.6300e+03 1.7450e-11 8.6837e-01 1.7811e+03 3.6158e+03 4.4000e+03 7.0634e+19 7.1967e+19 7.1967e+19 1.5927e-01 0.0000e+00 2.8124e+04 0.0000e+00
2.6400e+03 1.7383e-11 8.6806e-01 1.7804e+03 3.6143e+03 4.4000e+03 7.1245e+19 7.2545e+19 7.2545e+19 1.5872e-01 0.0000e+00 2.8209e+04 0.0000e+00
2.6500e+03 1.7316e-11 8.6775e-01 1.7797e+03 3.6129e+03 4.4000e+03 7.1862e+19 7.3127e+19 7.3127e+19 1.5816e-01 0.0000e+00 2.8295e+04 0.0000e+00
2.6600e+03 1.7250e-11 8.6745e-01 1.7790e+03 3.6115e+03 4.4000e+03 7.2484e+19 7.3714e+19 7.3714e+19 1.5761e-01 0.0000e+00 2.8381e+04 0.0000e+00
2.6700e+03 1.7183e-11 8.6714e-01 1.7784e+03 3.6101e+03 4.4000e+03 7.3111e+19 7.4305e+19 7.4305e+19 1.5706e-01 0.0000e+00 2.8467e+04 0.0000e+00
2.6800e+03 1.7117e-11 8.6683e-01 1.7777e+03 3.6087e+03 4.4000e+03 7.3744e+19 7.4901e+19 7.4901e+19 1.5652e-01 0.0000e+00 2.8553e+04 0.0000e+00
2.6900e+03 1.7052e-11 8.6652e-01 1.7770e+03 3.6073e+03 4.4000e+03 7.4382e+19 7.5501e+19 7.5501e+19 1.5597e-01 0.0000e+00 2.8639e+04 0.0000e+00
2.7000e+03 1.6986e-11 8.6621e-01 1.7763e+03 3.6059e+03 4.4000e+03 7.5025e+19 7.6106e+19 7.6106e+19 1.5543e-01 0.0000e+00 2.8726e+04 0.0000e+00
2.7100e+03 1.6921e-11 8.6590e-01 1.7756e+03 3.6045e+03 4.4000e+03 7.5674e+19 7.6715e+19 7.6715e+19 1.5489e-01 0.0000e+00 2.8813e+04 0.0000e+00
2.7200e+03 1.6856e-11 8.6559e-01 1.7749e+03 3.6031e+03 4.4000e+03 7.6328e+19 7.7329e+19 7.7329e+19 1.5435e-01 0.0000e+00 2.8901e+04 0.0000e+00
2.7300e+03 1.6791e-11 8.6528e-01 1.7742e+03 3.6017e+03 4.4000e+03 7.6989e+19 7.7948e+19 7.7948e+19 1.5381e-01 0.0000e+00 2.8988e+04 0.0000e+00
2.7400e+03 1.6727e-11 8.6496e-01 1.7735e+03 3.6003e+03 4.4000e+03 7.7654e+19 7.8571e+19 7.8571e+19 1.5327e-01 0.0000e+00 2.9076e+04 0.0000e+00
2.7500e+03 1.6663e-11 8.6465e-01 1.7728e+03 3.5989e+03 4.4000e+03 7.8326e+19 7.9200e+19 7.9200e+19 1.5274e-01 0.0000e+00 2.9164e+04 0.0000e+00
2.7600e+03 1.6599e-11 8.6434e-01 1.7722e+03 3.5975e+03 4.4000e+03 7.9003e+19 7.9833e+19 7.9833e+19 1.5221e-01 0.0000e+00 2.9252e+04 0.0000e+00
2.7700e+03 1.6535e-11 8.6402e-01 1.7715e+03 3.5961e+03 4.4000e+03 7.9686e+19 8.0470e+19 8.0470e+19 1.5168e-01 0.0000e+00 2.9341e+04 0.0000e+00
2.7800e+03 1.6471e-11 8.6371e-01 1.7708e+03 3.5948e+03 4.4000e+03 8.0375e+19 8.1113e+19 8.1113e+19 1.5115e-01 0.0000e+00 2.9430e+04 0.0000e+00
2.7900e+03 1.6408e-11 8.6340e-01 1.7701e+03 3.5934e+03 4.4000e+03 8.1069e+19 8.1760e+19 8.1760e+19 1.5063e-01 0.0000e+00 2.9519e+04 0.0000e+00
2.8000e+03 1.6345e-11 8.6308e-01 1.7694e+03 3.5920e+03 4.4000e+03 8.1770e+19 8.2413e+19 8.2413e+19 1.5010e-01 0.0000e+00 2.9608e+04 0.0000e+00
2.8100e+03 1.6282e-11 8.6276e-01 1.7687e+03 3.5906e+03 4.4000e+03 8.2477e+19 8.3070e+19 8.3070e+19 1.4958e-01 0.0000e+00 2.9698e+04 0.0000e+00
2.8200e+03 1.6220e-11 8.6245e-01 1.7681e+03 3.5892e+03 4.4000e+03 8.3189e+19 8.3732e+19 8.3732e+19 1.4906e-01 0.0000e+00 2.9788e+04 0.0000e+00
2.8300e+03 1.6158e-11 8.6213e-01 1.7674e+03 3.5878e+03 4.4000e+03 8.3908e+19 8.4399e+19 8.4399e+19 1.4854e-01 0.0000e+00 2.9878e+04 0.0000e+00
2.8400e+03 1.6096e-11 8.6181e-01 1.7667e+03 3.5865e+03 4.4000e+03 8.4633e+19 8.5072e+19 8.5072e+19 1.4803e-01 0.0000e+00 2.9968e+04 0.0000e+00
2.8500e+03 1.6034e-11 8.6150e-01 1.7660e+03 3.5851e+03 4.4000e+03 8.5364e+19 8.5749e+19 8.5749e+19 1.4751e-01 0.0000e+00 3.0059e+04 0.0000e+00
2.8600e+03 1.5972e-11 8.6118e-01 1.7653e+03 3.5837e+03 4.4000e+03 8.6102e+19 8.6432e+19 8.6432e+19 1.4700e-01 0.0000e+00 3.0150e+04 0.0000e+00
2.8700e+03 1.5911e-11 8.6086e-01 1.7647e+03 3.5823e+03 4.4000e+03 8.6845e+19 8.7119e+19 8.7119e+19 1.4649e-01 0.0000e+00 3.0241e+04 0.0000e+00
2.8800e+03 1.5850e-11 8.6054e-01 1.7640e+03 3.5810e+03 4.4000e+03 8.7595e+19 8.7812e+19 8.7812e+19 1.4598e-01 0.0000e+00 3.0332e+04 0.0000e+00
2.8900e+03 1.5789e-11 8.6022e-01 1.7633e+03 3.5796e+03 4.4000e+03 8.8352e+19 8.8510e+19 8.8510e+19 1.4548e-01 0.0000e+00 3.0424e+04 0.0000e+00
2.9000e+03 1.5728e-11 8.5990e-01 1.7626e+03 3.5782e+03 4.4000e+03 8.9114e+19 8.9213e+19 8.9213e+19 1.4497e-01 0.0000e+00 3.0516e+04 0.0000e+00
2.9100e+03 1.5668e-11 8.5958e-01 1.7620e+03 3.5769e+03 4.4000e+03 8.9884e+19 8.9922e+19 8.9922e+19 1.4447e-01 0.0000e+00 3.0608e+04 0.0000e+00
2.9200e+03 1.5608e-11 8.5926e-01 1.7613e+03 3.5755e+03 4.4000e+03 9.0660e+19 9.0636e+19 9.0636e+19 1.4397e-01 0.0000e+00 3.0701e+04 0.0000e+00
2.9300e+03 1.5548e-11 8.5894e-01 1.7606e+03 3.5741e+03 4.4000e+03 9.1442e+19 9.1355e+19 9.1355e+19 1.4347e-01 0.0000e+00 3.0793e+04 0.0000e+00
2.9400e+03 1.5488e-11 8.5862e-01 1.7600e+03 3.5728e+03 4.4000e+03 9.2232e+19 9.2080e+19 9.2080e+19 1.4297e-01 0.0000e+00 3.0886e+04 0.0000e+00
2.9500e+03 1.5429e-11 8.5829e-01 1.7593e+03 3.5714e+03 4.4000e+03 9.3027e+19 9.2810e+19 9.2810e+19 1.4248e-01 0.0000e+00 3.0980e+04 0.0000e+00
2.9600e+03 1.5369e-11 8.5797e-01 1.7586e+03 3.5700e+03 4.4000e+03 9.3830e+19 9.3545e+19 9.3545e+19 1.4198e-01 0.0000e+00 3.1073e+04 0.0000e+00
2.9700e+03 1.5310e-11 8.5765e-01 1.7579e+03 3.5687e+03 4.4000e+03 9.4640e+19 9.4286e+19 9.4286e+19 1.4149e-01 0.0000e+00 3.1167e+04 0.0000e+00
2.9800e+03 1.5252e-11 8.5732e-01 1.7573e+03 3.5673e+03 4.4000e+03 9.5456e+19 9.5033e+19 9.5033e+19 1.4100e-01 0.0000e+00 3.1261e+04 0.0000e+00
2.9900e+03 1.5193e-11 8.5700e-01 1.7566e+03 3.5660e+03 4.4000e+03 9.6280e+19 9.5785e+19 9.5785e+19 1.4051e-01 0.0000e+00 3.1356e+04 0.0000e+00
3.0000e+03 1.5135e-11 8.5667e-01 1.7559e+03 3.5646e+03 4.4000e+03 9.7110e+19 9.6543e+19 9.6543e+19 1.4003e-01 0.0000e+00 3.1450e+04 0.0000e+00
3.0100e+03 1.5076e-11 8.5635e-01 1.7553e+03 3.5633e+03 4.4000e+03 9.7948e+19 9.7306e+19 9.7306e+19 1.3954e-01 0.0000e+00 3.1545e+04 0.0000e+00
3.0200e+03 1.5019e-11 8.5602e-01 1.7546e+03 3.5619e+03 4.4000e+03 9.8792e+19 9.8075e+19 9.8075e+19 1.3906e-01 0.0000e+00 3.1640e+04 0.0000e+00
3.0300e+03 1.4961e-11 8.5569e-01 1.7540e+03 3.5606e+03 4.4000e+03 9.9644e+19 9.8850e+19 9.8850e+19 1.3858e-01 0.0000e+00 3.1736e+04 0.0000e+00
3.0400e+03 1.4903e-11 8.5537e-01 1.7533e+03 3.5592e+03 4.4000e+03 1.0050e+20 9.9631e+19 9.9631e+19 1.3810e-01 0.0000e+00 3.1832e+04 0.0000e+00
3.0500e+03 1.4846e-11 8.5504e-01 1.7526e+03 3.5579e+03 4.4000e+03 1.0137e+20 1.0042e+20 1.0042e+20 1.3762e-01 0.0000e+00 3.1928e+04 0.0000e+00
3.0600e+03 1.4789e-11 8.5471e-01 1.7520e+03 3.5565e+03 4.4000e+03 1.0224e+20 1.0121e+20 1.0121e+20 1.3714e-01 0.0000e+00 3.2024e+04 0.0000e+00
3.0700e+03 1.4732e-11 8.5438e-01 1.7513e+03 3.5552e+03 4.4000e+03 1.0313e+20 1.0201e+20 1.0201e+20 1.3667e-01 0.0000e+00 3.2120e+04 0.0000e+00
3.0800e+03 1.4676e-11 8.5405e-01 1.7506e+03 3.5539e+03 4.4000e+03 1.0401e+20 1.0281e+20 1.0281e+20 1.3620e-01 0.0000e+00 3.2217e+04 0.0000e+00
3.0900e+03 1.4620e-11 8.5372e-01 1.7500e+03 3.5525e+03 4.4000e+03 1.0491e+20 1.0362e+20 1.0362e+20 1.3573e-01 0.0000e+00 3.2314e+04 0.0000e+00
3.1000e+03 1.4563e-11 8.5339e-01 1.7493e+03 3.5512e+03 4.4000e+03 1.0581e+20 1.0444e+20 1.0444e+20 1.3526e-01 0.0000e+00 3.2412e+04 0.0000e+00
3.1100e+03 1.4507e-11 8.5306e-01 1.7487e+03 3.5499e+03 4.4000e+03 1.0673e+20 1.0526e+20 1.0526e+20 1.3479e-01 0.0000e+00 3.2510e+04 0.0000e+00
3.1200e+03 1.4452e-11 8.5273e-01 1.7480e+03 3.5485e+03 4.4000e+03 1.0765e+20 1.0609e+20 1.0609e+20 1.3433e-01 0.0000e+00 3.2608e+04 0.0000e+00
3.1300e+03 1.4396e-11 8.5240e-01 1.7474e+03 3.5472e+03 4.4000e+03 1.0857e+20 1.0692e+20 1.0692e+20 1.3386e-01 0.0000e+00 3.2706e+04 0.0000e+00
3.1400e+03 1.4341e-11 8.5207e-01 1.7467e+03 3.5459e+03 4.4000e+03 1.0951e+20 1.0776e+20 1.0776e+20 1.3340e-01 0.0000e+00 3.2804e+04 0.0000e+00
3.1500e+03 1.4286e-11 8.5173e-01 1.7460e+03 3.5445e+03 4.4000e+03 1.1045e+20 1.0861e+20 1.0861e+20 1.3294e-01 0.0000e+00 3.2903e+04 0.0000e+00
3.1600e+03 1.4231e-11 8.5140e-01 1.7454e+03 3.5432e+03 4.4000e+03 1.1140e+20 1.0946e+20 1.0946e+20 1.3248e-01 0.0000e+00 3.3002e+04 0.0000e+00
3.1700e+03 1.4176e-11 8.5107e-01 1.7447e+03 3.5419e+03 4.4000e+03 1.1236e+20 1.1032e+20 1.1032e+20 1.3202e-01 0.0000e+00 3.3102e+04 0.0000e+00
3.1800e+03 1.4122e-11 8.5073e-01 1.7441e+03 3.5406e+03 4.4000e+03 1.1333e+20 1.1119e+20 1.1119e+20 1.3157e-01 0.0000e+00 3.3201e+04 0.0000e+00
3.1900e+03 1.4068e-11 8.5040e-01 1.7434e+03 3.5392e+03 4.4000e+03 1.1430e+20 1.1206e+20 1.1206e+20 1.3112e-01 0.0000e+00 3.3301e+04 0.0000e+00
3.2000e+03 1.4014e-11 8.5006e-01 1.7428e+03 3.5379e+03 4.4000e+03 1.1529e+20 1.1294e+20 1.1294e+20 1.3066e-01 0.0000e+00 3.3402e+04 0.0000e+00
3.2100e+03 1.3960e-11 8.4973e-01 1.7421e+03 3.5366e+03 4.4000e+03 1.1628e+20 1.1382e+20 1.1382e+20 1.3021e-01 0.0000e+00 3.3502e+04 0.0000e+00
3.2200e+03 1.3906e-11 8.4939e-01 1.7415e+03 3.5353e+03 4.4000e+03 1.1728e+20 1.1472e+20 1.1472e+20 1.2976e-01 0.0000e+00 3.3603e+04 0.0000e+00
3.2300e+03 1.3853e-11 8.4905e-01 1.7408e+03 3.5340e+03 4.4000e+03 1.1829e+20 1.1561e+20 1.1561e+20 1.2932e-01 0.0000e+00 3.3704e+04 0.0000e+00
3.2400e+03 1.3800e-11 8.4871e-01 1.7402e+03 3.5326e+03 4.4000e+03 1.1931e+20 1.1652e+20 1.1652e+20 1.2887e-01 0.0000e+00 3.3805e+04 0.0000e+00
3.2500e+03 1.3747e-11 8.4838e-01 1.7396e+03 3.5313e+03 4.4000e+03 1.2033e+20 1.1743e+20 1.1743e+20 1.2843e-01 0.0000e+00 3.3907e+04 0.0000e+00
3.2600e+03 1.3694e-11 8.4804e-01 1.7389e+03 3.5300e+03 4.4000e+03 1.2137e+20 1.1835e+20 1.1835e+20 1.2799e-01 0.0000e+00 3.4009e+04 0.0000e+00
3.2700e+03 1.3641e-11 8.4770e-01 1.7383e+03 3.5287e+03 4.4000e+03 1.2241e+20 1.1927e+20 1.1927e+20 1.2755e-01 0.0000e+00 3.4111e+04 0.0000e+00
3.2800e+03 1.3589e-11 8.4736e-01 1.7376e+03 3.5274e+03 4.4000e+03 1.2347e+20 1.2020e+20 1.2020e+20 1.2711e-01 0.0000e+00 3.4214e+04 0.0000e+00
3.2900e+03 1.3537e-11 8.4702e-01 1.7370e+03 3.5261e+03 4.4000e+03 1.2453e+20 1.2114e+20 1.2114e+20 1.2667e-01 0.0000e+00 3.4317e+04 0.0000e+00
3.3000e+03 1.3485e-11 8.4668e-01 1.7363e+03 3.5248e+03 4.4000e+03 1.2560e+20 1.2209e+20 1.2209e+20 1.2623e-01 0.0000e+00 3.4420e+04 0.0000e+00
3.3100e+03 1.3433e-11 8.4634e-01 1.7357e+03 3.5235e+03 4.4000e+03 1.2668e+20 1.2304e+20 1.2304e+20 1.2580e-01 0.0000e+00 3.4523e+04 0.0000e+00
3.3200e+03 1.3381e-11 8.4600e-01 1.7350e+03 3.5222e+03 4.4000e+03 1.2777e+20 1.2400e+20 1.2400e+20 1.2537e-01 0.0000e+00 3.4627e+04 0.0000e+00
3.3300e+03 1.3330e-11 8.4565e-01 1.7344e+03 3.5209e+03 4.4000e+03 1.2886e+20 1.2497e+20 1.2497e+20 1.2494e-01 0.0000e+00 3.4731e+04 0.0000e+00
3.3400e+03 1.3279e-11 8.4531e-01 1.7338e+03 3.5196e+03 4.4000e+03 1.2997e+20 1.2594e+20 1.2594e+20 1.2451e-01 0.0000e+00 3.4836e+04 0.0000e+00
3.3500e+03 1.3228e-11 8.4497e-01 1.7331e+03 3.5183e+03 4.4000e+03 1.3109e+20 1.2692e+20 1.2692e+20 1.2408e-01 0.0000e+00 3.4940e+04 0.0000e+00
3.3600e+03 1.3177e-11 8.4462e-01 1.7325e+03 3.5170e+03 4.4000e+03 1.3222e+20 1.2791e+20 1.2791e+20 1.2365e-01 0.0000e+00 3.5045e+04 0.0000e+00
3.3700e+03 1.3126e-11 8.4428e-01 1.7319e+03 3.5157e+03 4.4000e+03 1.3335e+20 1.2890e+20 1.2890e+20 1.2323e-01 0.0000e+00 3.5150e+04 0.0000e+00
3.3800e+03 1.3076e-11 8.4393e-01 1.7312e+03 3.5144e+03 4.4000e+03 1.3450e+20 1.2990e+20 1.2990e+20 1.2281e-01 0.0000e+00 3.5256e+04 0.0000e+00
3.3900e+03 1.3026e-11 8.4359e-01 1.7306e+03 3.5131e+03 4.4000e+03 1.3565e+20 1.3091e+20 1.3091e+20 1.2238e-01 0.0000e+00 3.5362e+04 0.0000e+00
3.4000e+03 1.2976e-11 8.4324e-01 1.7299e+03 3.5118e+03 4.4000e+03 1.3682e+20 1.3193e+20 1.3193e+20 1.2196e-01 0.0000e+00 3.5468e+04 0.0000e+00
3.4100e+03 1.2926e-11 8.4290e-01 1.7293e+03 3.5106e+03 4.4000e+03 1.3799e+20 1.3295e+20 1.3295e+20 1.2155e-01 0.0000e+00 3.5574e+04 0.0000e+00
3.4200e+03 1.2876e-11 8.4255e-01 1.7287e+03 3.5093e+03 4.4000e+03 1.3918e+20 1.3398e+20 1.3398e+20 1.2113e-01 0.0000e+00 3.5681e+04 0.0000e+00
3.4300e+03 1.2827e-11 8.4220e-01 1.7280e+03 3.5080e+03 4.4000e+03 1.4037e+20 1.3502e+20 1.3502e+20 1.2071e-01 0.0000e+00 3.5788e+04 0.0000e+00
3.4400e+03 1.2778e-11 8.4185e-01 1.7274e+03 3.5067e+03 4.4000e+03 1.4158e+20 1.3607e+20 1.3607e+20 1.2030e-01 0.0000e+00 3.5896e+04 0.0000e+00
3.4500e+03 1.2729e-11 8.4151e-01 1.7268e+03 3.5054e+03 4.4000e+03 1.4279e+20 1.3712e+20 1.3712e+20 1.1989e-01 0.0000e+00 3.6003e+04 0.0000e+00
3.4600e+03 1.2680e-11 8.4116e-01 1.7262e+03 3.5041e+03 4.4000e+03 1.4402e+20 1.3818e+20 1.3818e+20 1.1948e-01 0.0000e+00 3.6111e+04 0.0000e+00
3.4700e+03 1.2631e-11 8.4081e-01 1.7255e+03 3.5029e+03 4.4000e+03 1.4525e+20 1.3925e+20 1.3925e+20 1.1907e-01 0.0000e+00 3.6220e+04 0.0000e+00
3.4800e+03 1.2583e-11 8.4046e-01 1.7249e+03 3.5016e+03 4.4000e+03 1.4650e+20 1.4033e+20 1.4033e+20 1.1866e-01 0.0000e+00 3.6328e+04 0.0000e+00
3.4900e+03 1.2534e-11 8.4011e-01 1.7243e+03 3.5003e+03 4.4000e+03 1.4776e+20 1.4142e+20 1.4142e+20 1.1825e-01 0.0000e+00 3.6437e+04 0.0000e+00
3.5000e+03 1.2486e-11 8.3976e-01 1.7236e+03 3.4990e+03 4.4000e+03 1.4902e+20 1.4251e+20 1.4251e+20 1.1785e-01 0.0000e+00 3.6546e+04 0.0000e+00
3.5100e+03 1.2438e-11 8.3941e-01 1.7230e+03 3.4978e+03 4.4000e+03 1.5030e+20 1.4361e+20 1.4361e+20 1.1745e-01 0.0000e+00 3.6656e+04 0.0000e+00
3.5200e+03 1.2390e-11 8.3905e-01 1.7224e+03 3.4965e+03 4.4000e+03 1.5159e+20 1.4472e+20 1.4472e+20 1.1704e-01 0.0000e+00 3.6766e+04 0.0000e+00
3.5300e+03 1.2343e-11 8.3870e-01 1.7218e+03 3.4952e+03 4.4000e+03 1.5289e+20 1.4583e+20 1.4583e+20 1.1664e-01 0.0000e+00 3.6876e+04 0.0000e+00
3.5400e+03 1.2295e-11 8.3835e-01 1.7211e+03 3.4940e+03 4.4000e+03 1.5420e+20 1.4696e+20 1.4696e+20 1.1624e-01 0.0000e+00 3.6986e+04 0.0000e+00
3.5500e+03 1.2248e-11 8.3799e-01 1.7205e+03 3.4927e+03 4.4000e+03 1.5553e+20 1.4809e+20 1.4809e+20 1.1585e-01 0.0000e+00 3.7097e+04 0.0000e+00
3.5600e+03 1.2201e-11 8.3764e-01 1.7199e+03 3.4914e+03 4.4000e+03 1.5686e+20 1.4923e+20 1.4923e+20 1.1545e-01 0.0000e+00 3.7208e+04 0.0000e+00
3.5700e+03 1.2154e-11 8.3729e-01 1.7193e+03 3.4902e+03 4.4000e+03 1.5820e+20 1.5038e+20 1.5038e+20 1.1506e-01 0.0000e+00 3.7320e+04 0.0000e+00
3.5800e+03 1.2108e-11 8.3693e-01 1.7187e+03 3.4889e+03 4.4000e+03 1.5956e+20 1.5154e+20 1.5154e+20 1.1466e-01 0.0000e+00 3.7431e+04 0.0000e+00
3.5900e+03 1.2061e-11 8.3657e-01 1.7180e+03 3.4877e+03 4.4000e+03 1.6093e+20 1.5270e+20 1.5270e+20 1.1427e-01 0.0000e+00 3.7543e+04 0.0000e+00
3.6000e+03 1.2015e-11 8.3622e-01 1.7174e+03 3.4864e+03 4.4000e+03 1.6231e+20 1.5387e+20 1.5387e+20 1.1388e-01 0.0000e+00 3.7656e+04 0.0000e+00
3.6100e+03 1.1969e-11 8.3586e-01 1.7168e+03 3.4851e+03 4.4000e+03 1.6370e+20 1.5506e+20 1.5506e+20 1.1349e-01 0.0000e+00 3.7768e+04 0.0000e+00
3.6200e+03 1.1923e-11 8.3551e-01 1.7162e+03 3.4839e+03 4.4000e+03 1.6510e+20 1.5625e+20 1.5625e+20 1.1310e-01 0.0000e+00 3.7881e+04 0.0000e+00
3.6300e+03 1.1877e-11 8.3515e-01 1.7156e+03 3.4826e+03 4.4000e+03 1.6651e+20 1.5745e+20 1.5745e+20 1.1272e-01 0.0000e+00 3.7995e+04 0.0000e+00
3.6400e+03 1.1831e-11 8.3479e-01 1.7149e+03 3.4814e+03 4.4000e+03 1.6794e+20 1.5865e+20 1.5865e+20 1.1233e-01 0.0000e+00 3.8108e+04 0.0000e+00
3.6500e+03 1.1786e-11 8.3443e-01 1.7143e+03 3.4801e+03 4.4000e+03 1.6938e+20 1.5987e+20 1.5987e+20 1.1195e-01 0.0000e+00 3.8222e+04 0.0000e+00
3.6600e+03 1.1741e-11 8.3407e-01 1.7137e+03 3.4789e+03 4.4000e+03 1.7083e+20 1.6109e+20 1.6109e+20 1.1157e-01 0.0000e+00 3.8337e+04 0.0000e+00
3.6700e+03 1.1696e-11 8.3371e-01 1.7131e+03 3.4777e+03 4.4000e+03 1.7229e+20 1.6233e+20 1.6233e+20 1.1119e-01 0.0000e+00 3.8451e+04 0.0000e+00
3.6800e+03 1.1651e-11 8.3335e-01 1.7125e+03 3.4764e+03 4.4000e+03 1.7377e+20 1.6357e+20 1.6357e+20 1.1081e-01 0.0000e+00 3.8566e+04 0.0000e+00
3.6900e+03 1.1606e-11 8.3299e-01 1.7119e+03 3.4752e+03 4.4000e+03 1.7525e+20 1.6482e+20 1.6482e+20 1.1043e-01 0.0000e+00 3.8681e+04 0.0000e+00
3.7000e+03 1.1561e-11 8.3263e-01 1.7113e+03 3.4739e+03 4.4000e+03 1.7675e+20 1.6608e+20 1.6608e+20 1.1005e-01 0.0000e+00 3.8797e+04 0.0000e+00
3.7100e+03 1.1517e-11 8.3227e-01 1.7107e+03 3.4727e+03 4.4000e+03 1.7827e+20 1.6735e+20 1.6735e+20 1.0968e-01 0.0000e+00 3.8913e+04 0.0000e+00
3.7200e+03 1.1473e-11 8.3191e-01 1.7100e+03 3.4714e+03 4.4000e+03 1.7979e+20 1.6863e+20 1.6863e+20 1.0931e-01 0.0000e+00 3.9029e+04 0.0000e+00
3.7300e+03 1.1429e-11 8.3154e-01 1.7094e+03 3.4702e+03 4.4000e+03 1.8133e+20 1.6992e+20 1.6992e+20 1.0893e-01 0.0000e+00 3.9146e+04 0.0000e+00
3.7400e+03 1.1385e-11 8.3118e-01 1.7088e+03 3.4690e+03 4.4000e+03 1.8288e+20 1.7121e+20 1.7121e+20 1.0856e-01 0.0000e+00 3.9263e+04 0.0000e+00
3.7500e+03 1.1341e-11 8.3082e-01 1.7082e+03 3.4677e+03 4.4000e+03 1.8445e+20 1.7252e+20 1.7252e+20 1.0819e-01 0.0000e+00 3.9380e+04 0.0000e+00
3.7600e+03 1.1298e-11 8.3045e-01 1.7076e+03 3.4665e+03 4.4000e+03 1.8602e+20 1.7383e+20 1.7383e+20 1.0783e-01 0.0000e+00 3.9498e+04 0.0000e+00
3.7700e+03 1.1254e-11 8.3009e-01 1.7070e+03 3.4653e+03 4.4000e+03 1.8761e+20 1.7516e+20 1.7516e+20 1.0746e-01 0.0000e+00 3.9616e+04 0.0000e+00
3.7800e+03 1.1211e-11 8.2972e-01 1.7064e+03 3.4640e+03 4.4000e+03 1.8922e+20 1.7649e+20 1.7649e+20 1.0709e-01 0.0000e+00 3.9734e+04 0.0000e+00
3.7900e+03 1.1168e-11 8.2936e-01 1.7058e+03 3.4628e+03 4.4000e+03 1.9084e+20 1.7783e+20 1.7783e+20 1.0673e-01 0.0000e+00 3.9852e+04 0.0000e+00
3.8000e+03 1.1125e-11 8.2899e-01 1.7052e+03 3.4616e+03 4.4000e+03 1.9247e+20 1.7918e+20 1.7918e+20 1.0637e-01 0.0000e+00 3.9971e+04 0.0000e+00
3.8100e+03 1.1082e-11 8.2862e-01 1.7046e+03 3.4604e+03 4.4000e+03 1.9411e+20 1.8055e+20 1.8055e+20 1.0600e-01 0.0000e+00 4.0091e+04 0.0000e+00
3.8200e+03 1.1040e-11 8.2826e-01 1.7040e+03 3.4591e+03 4.4000e+03 1.9577e+20 1.8192e+20 1.8192e+20 1.0564e-01 0.0000e+00 4.0210e+04 0.0000e+00
3.8300e+03 1.0997e-11 8.2789e-01 1.7034e+03 3.4579e+03 4.4000e+03 1.9745e+20 1.8330e+20 1.8330e+20 1.0529e-01 0.0000e+00 4.0330e+04 0.0000e+00
3.8400e+03 1.0955e-11 8.2752e-01 1.7028e+03 3.4567e+03 4.4000e+03 1.9913e+20 1.8469e+20 1.8469e+20 1.0493e-01 0.0000e+00 4.0450e+04 0.0000e+00
3.8500e+03 1.0913e-11 8.2715e-01 1.7022e+03 3.4555e+03 4.4000e+03 2.0084e+20 1.8609e+20 1.8609e+20 1.0457e-01 0.0000e+00 4.0571e+04 0.0000e+00
3.8600e+03 1.0871e-11 8.2678e-01 1.7016e+03 3.4543e+03 4.4000e+03 2.0255e+20 1.8750e+20 1.8750e+20 1.0422e-01 0.0000e+00 4.0692e+04 0.0000e+00
3.8700e+03 1.0829e-11 8.2641e-01 1.7010e+03 3.4531e+03 4.4000e+03 2.0428e+20 1.8892e+20 1.8892e+20 1.0386e-01 0.0000e+00 4.0813e+04 0.0000e+00
3.8800e+03 1.0788e-11 8.2604e-01 1.7004e+03 3.4518e+03 4.4000e+03 2.0603e+20 1.9035e+20 1.9035e+20 1.0351e-01 0.0000e+00 4.0935e+04 0.0000e+00
3.8900e+03 1.0746e-11 8.2567e-01 1.6998e+03 3.4506e+03 4.4000e+03 2.0779e+20 1.9179e+20 1.9179e+20 1.0316e-01 0.0000e+00 4.1057e+04 0.0000e+00
3.9000e+03 1.0705e-11 8.2530e-01 1.6992e+03 3.4494e+03 4.4000e+03 2.0956e+20 1.9324e+20 1.9324e+20 1.0281e-01 0.0000e+00 4.1179e+04 0.0000e+00
3.9100e+03 1.0664e-11 8.2493e-01 1.6986e+03 3.4482e+03 4.4000e+03 2.1135e+20 1.9470e+20 1.9470e+20 1.0246e-01 0.0000e+00 4.1302e+04 0.0000e+00
3.9200e+03 1.0623e-11 8.2456e-01 1.6980e+03 3.4470e+03 4.4000e+03 2.1315e+20 1.9617e+20 1.9617e+20 1.0211e-01 0.0000e+00 4.1425e+04 0.0000e+00
3.9300e+03 1.0582e-11 8.2419e-01 1.6974e+03 3.4458e+03 4.4000e+03 2.1497e+20 1.9765e+20 1.9765e+20 1.0177e-01 0.0000e+00 4.1548e+04 0.0000e+00
3.9400e+03 1.0542e-11 8.2381e-01 1.6968e+03 3.4446e+03 4.4000e+03 2.1681e+20 1.9914e+20 1.9914e+20 1.0142e-01 0.0000e+00 4.1672e+04 0.0000e+00
3.9500e+03 1.0501e-11 8.2344e-01 1.6962e+03 3.4434e+03 4.4000e+03 2.1866e+20 2.0064e+20 2.0064e+20 1.0108e-01 0.0000e+00 4.1796e+04 0.0000e+00
3.9600e+03 1.0461e-11 8.2306e-01 1.6956e+03 3.4422e+03 4.4000e+03 2.2053e+20 2.0215e+20 2.0215e+20 1.0074e-01 0.0000e+00 4.1921e+04 0.0000e+00
3.9700e+03 1.0421e-11 8.2269e-01 1.6950e+03 3.4410e+03 4.4000e+03 2.2241e+20 2.0367e+20 2.0367e+20 1.0039e-01 0.0000e+00 4.2045e+04 0.0000e+00
3.9800e+03 1.0381e-11 8.2231e-01 1.6945e+03 3.4398e+03 4.4000e+03 2.2430e+20 2.0521e+20 2.0521e+20 1.0005e-01 0.0000e+00 4.2171e+04 0.0000e+00
3.9900e+03 1.0341e-11 8.2194e-01 1.6939e+03 3.4386e+03 4.4000e+03 2.2622e+20 2.0675e+20 2.0675e+20 9.9716e-02 0.0000e+00 4.2296e+04 0.0000e+00
4.0000e+03 1.0301e-11 8.2156e-01 1.6933e+03 3.4374e+03 4.4000e+03 2.2815e+20 2.0830e+20 2.0830e+20 9.9379e-02 0.0000e+00 4.2422e+04 0.0000e+00
4.0100e+03 1.0261e-11 8.2119e-01 1.6927e+03 3.4362e+03 4.4000e+03 2.3009e+20 2.0987e+20 2.0987e+20 9.9042e-02 0.0000e+00 4.2548e+04 0.0000e+00
4.0200e+03 1.0222e-11 8.2081e-01 1.6921e+03 3.4350e+03 4.4000e+03 2.3206e+20 2.1145e+20 2.1145e+20 9.8707e-02 0.0000e+00 4.2675e+04 0.0000e+00
4.0300e+03 1.0183e-11 8.2043e-01 1.6915e+03 3.4338e+03 4.4000e+03 2.3403e+20 2.1303e+20 2.1303e+20 9.8374e-02 0.0000e+00 4.2802e+04 0.0000e+00
4.0400e+03 1.0144e-11 8.2005e-01 1.6909e+03 3.4326e+03 4.4000e+03 2.3603e+20 2.1463e+20 2.1463e+20 9.8041e-02 0.0000e+00 4.2929e+04 0.0000e+00
4.0500e+03 1.0105e-11 8.1968e-01 1.6903e+03 3.4314e+03 4.4000e+03 2.3804e+20 2.1624e+20 2.1624e+20 9.7710e-02 0.0000e+00 4.3056e+04 0.0000e+00
4.0600e+03 1.0066e-11 8.1930e-01 1.6898e+03 3.4303e+03 4.4000e+03 2.4007e+20 2.1786e+20 2.1786e+20 9.7379e-02 0.0000e+00 4.3184e+04 0.0000e+00
4.0700e+03 1.0027e-11 8.1892e-01 1.6892e+03 3.4291e+03 4.4000e+03 2.4212e+20 2.1949e+20 2.1949e+20 9.7050e-02 0.0000e+00 4.3313e+04 0.0000e+00
4.0800e+03 9.9888e-12 8.1854e-01 1.6886e+03 3.4279e+03 4.4000e+03 2.4418e+20 2.2113e+20 2.2113e+20 9.6723e-02 0.0000e+00 4.3442e+04 0.0000e+00
4.0900e+03 9.9504e-12 8.1816e-01 1.6880e+03 3.4267e+03 4.4000e+03 2.4626e+20 2.2278e+20 2.2278e+20 9.6396e-02 0.0000e+00 4.3571e+04 0.0000e+00
4.1000e+03 9.9122e-12 8.1778e-01 1.6874e+03 3.4255e+03 4.4000e+03 2.4836e+20 2.2445e+20 2.2445e+20 9.6071e-02 0.0000e+00 4.3700e+04 0.0000e+00
4.1100e+03 9.8742e-12 8.1739e-01 1.6868e+03 3.4244e+03 4.4000e+03 2.5048e+20 2.2612e+20 2.2612e+20 9.5746e-02 0.0000e+00 4.3830e+04 0.0000e+00
4.1200e+03 9.8363e-12 8.1701e-01 1.6863e+03 3.4232e+03 4.4000e+03 2.5261e+20 2.2781e+20 2.2781e+20 9.5423e-02 0.0000e+00 4.3960e+04 0.0000e+00
4.1300e+03 9.7985e-12 8.1663e-01 1.6857e+03 3.4220e+03 4.4000e+03 2.5476e+20 2.2951e+20 2.2951e+20 9.5101e-02 0.0000e+00 4.4091e+04 0.0000e+00
4.1400e+03 9.7609e-12 8.1625e-01 1.6851e+03 3.4208e+03 4.4000e+03 2.5693e+20 2.3122e+20 2.3122e+20 9.4781e-02 0.0000e+00 4.4221e+04 0.0000e+00
4.1500e+03 9.7234e-12 8.1586e-01 1.6845e+03 3.4197e+03 4.4000e+03 2.5912e+20 2.3294e+20 2.3294e+20 9.4461e-02 0.0000e+00 4.4353e+04 0.0000e+00
4.1600e+03 9.6860e-12 8.1548e-01 1.6840e+03 3.4185e+03 4.4000e+03 2.6132e+20 2.3468e+20 2.3468e+20 9.4143e-02 0.0000e+00 4.4484e+04 0.0000e+00
4.1700e+03 9.6488e-12 8.1510e-01 1.6834e+03 3.4173e+03 4.4000e+03 2.6355e+20 2.3642e+20 2.3642e+20 9.3825e-02 0.0000e+00 4.4616e+04 0.0000e+00
4.1800e+03 9.6118e-12 8.1471e-01 1.6828e+03 3.4161e+03 4.4000e+03 2.6579e+20 2.3818e+20 2.3818e+20 9.3509e-02 0.0000e+00 4.4749e+04 0.0000e+00
4.1900e+03 9.5749e-12 8.1433e-01 1.6822e+03 3.4150e+03 4.4000e+03 2.6806e+20 2.3995e+20 2.3995e+20 9.3194e-02 0.0000e+00 4.4882e+04 0.0000e+00
4.2000e+03 9.5381e-12 8.1394e-01 1.6817e+03 3.4138e+03 4.4000e+03 2.7034e+20 2.4174e+20 2.4174e+20 9.2880e-02 0.0000e+00 4.5015e+04 0.0000e+00
4.2100e+03 9.5015e-12 8.1355e-01 1.6811e+03 3.4127e+03 4.4000e+03 2.7264e+20 2.4353e+20 2.4353e+20 9.2567e-02 0.0000e+00 4.5148e+04 0.0000e+00
4.2200e+03 9.4650e-12 8.1317e-01 1.6805e+03 3.4115e+03 4.4000e+03 2.7496e+20 2.4534e+20 2.4534e+20 9.2256e-02 0.0000e+00 4.5282e+04 0.0000e+00
4.2300e+03 9.4287e-12 8.1278e-01 1.6799e+03 3.4103e+03 4.4000e+03 2.7730e+20 2.4715e+20 2.4715e+20 9.1945e-02 0.0000e+00 4.5416e+04 0.0000e+00
4.2400e+03 9.3925e-12 8.1239e-01 1.6794e+03 3.4092e+03 4.4000e+03 2.7966e+20 2.4899e+20 2.4899e+20 9.1636e-02 0.0000e+00 4.5551e+04 0.0000e+00
4.2500e+03 9.3564e-12 8.1200e-01 1.6788e+03 3.4080e+03 4.4000e+03 2.8203e+20 2.5083e+20 2.5083e+20 9.1328e-02 0.0000e+00 4.5686e+04 0.0000e+00
4.2600e+03 9.3205e-12 8.1162e-01 1.6782e+03 3.4069e+03 4.4000e+03 2.8443e+20 2.5268e+20 2.5268e+20 9.1021e-02 0.0000e+00 4.5821e+04 0.0000e+00
4.2700e+03 9.2847e-12 8.1123e-01 1.6777e+03 3.4057e+03 4.4000e+03 2.8685e+20 2.5455e+20 2.5455e+20 9.0715e-02 0.0000e+00 4.5957e+04 0.0000e+00
4.2800e+03 9.2490e-12 8.1084e-01 1.6771e+03 3.4046e+03 4.4000e+03 2.8929e+20 2.5643e+20 2.5643e+20 9.0410e-02 0.0000e+00 4.6093e+04 0.0000e+00
4.2900e+03 9.2135e-12 8.1045e-01 1.6765e+03 3.4034e+03 4.4000e+03 2.9175e+20 2.5833e+20 2.5833e+20 9.0106e-02 0.0000e+00 4.6230e+04 0.0000e+00
4.3000e+03 9.1781e-12 8.1006e-01 1.6760e+03 3.4023e+03 4.4000e+03 2.9423e+20 2.6023e+20 2.6023e+20 8.9803e-02 0.0000e+00 4.6367e+04 0.0000e+00
4.3100e+03 9.1429e-12 8.0967e-01 1.6754e+03 3.4011e+03 4.4000e+03 2.9673e+20 2.6215e+20 2.6215e+20 8.9501e-02 0.0000e+00 4.6504e+04 0.0000e+00
4.3200e+03 9.1078e-12 8.0928e-01 1.6748e+03 3.4000e+03 4.4000e+03 2.9925e+20 2.6409e+20 2.6409e+20 8.9201e-02 0.0000e+00 4.6642e+04 0.0000e+00
4.3300e+03 9.0728e-12 8.0888e-01 1.6743e+03 3.3988e+03 4.4000e+03 3.0180e+20 2.6603e+20 2.6603e+20 8.8901e-02 0.0000e+00 4.6780e+04 0.0000e+00
4.3400e+03 9.0380e-12 8.0849e-01 1.6737e+03 3.3977e+03 4.4000e+03 3.0436e+20 2.6799e+20 2.6799e+20 8.8603e-02 0.0000e+00 4.6919e+04 0.0000e+00
4.3500e+03 9.0032e-12 8.0810e-01 1.6731e+03 3.3965e+03 4.4000e+03 3.0695e+20 2.6996e+20 2.6996e+20 8.8305e-02 0.0000e+00 4.7057e+04 0.0000e+00
4.3600e+03 8.9687e-12 8.0771e-01 1.6726e+03 3.3954e+03 4.4000e+03 3.0955e+20 2.7195e+20 2.7195e+20 8.8009e-02 0.0000e+00 4.7197e+04 0.0000e+00
4.3700e+03 8.9342e-12 8.0731e-01 1.6720e+03 3.3942e+03 4.4000e+03 3.1218e+20 2.7394e+20 2.7394e+20 8.7714e-02 0.0000e+00 4.7336e+04 0.0000e+00
4.3800e+03 8.8999e-12 8.0692e-01 1.6715e+03 3.3931e+03 4.4000e+03 3.1484e+20 2.7596e+20 2.7596e+20 8.7420e-02 0.0000e+00 4.7476e+04 0.0000e+00
4.3900e+03 8.8658e-12 8.0652e-01 1.6709e+03 3.3920e+03 4.4000e+03 3.1751e+20 2.7798e+20 2.7798e+20 8.7127e-02 0.0000e+00 4.7617e+04 0.0000e+00
4.4000e+03 8.8317e-12 8.0613e-01 1.6703e+03 3.3908e+03 4.4000e+03 3.2021e+20 2.8002e+20 2.8002e+20 8.6835e-02 0.0000e+00 4.7758e+04 0.0000e+00
4.4100e+03 8.7978e-12 8.0573e-01 1.6698e+03 3.3897e+03 4.4000e+03 3.2292e+20 2.8207e+20 2.8207e+20 8.6544e-02 0.0000e+00 4.7899e+04 0.0000e+00
4.4200e+03 8.7640e-12 8.0534e-01 1.6692e+03 3.3886e+03 4.4000e+03 3.2567e+20 2.8414e+20 2.8414e+20 8.6254e-02 0.0000e+00 4.8041e+04 0.0000e+00
4.4300e+03 8.7304e-12 8.0494e-01 1.6687e+03 3.3874e+03 4.4000e+03 3.2843e+20 2.8622e+20 2.8622e+20 8.5965e-02 0.0000e+00 4.8183e+04 0.0000e+00
4.4400e+03 8.6968e-12 8.0454e-01 1.6681e+03 3.3863e+03 4.4000e+03 3.3122e+20 2.8831e+20 2.8831e+20 8.5677e-02 0.0000e+00 4.8325e+04 0.0000e+00
4.4500e+03 8.6634e-12 8.0415e-01 1.6676e+03 3.3852e+03 4.4000e+03 3.3403e+20 2.9042e+20 2.9042e+20 8.5390e-02 0.0000e+00 4.8468e+04 0.0000e+00
4.4600e+03 8.6302e-12 8.0375e-01 1.6670e+03 3.3841e+03 4.4000e+03 3.3686e+20 2.9254e+20 2.9254e+20 8.5104e-02 0.0000e+00 4.8611e+04 0.0000e+00
4.4700e+03 8.5970e-12 8.0335e-01 1.6664e+03 3.3829e+03 4.4000e+03 3.3972e+20 2.9467e+20 2.9467e+20 8.4819e-02 0.0000e+00 4.8755e+04 0.0000e+00
4.4800e+03 8.5640e-12 8.0295e-01 1.6659e+03 3.3818e+03 4.4000e+03 3.4260e+20 2.9682e+20 2.9682e+20 8.4536e-02 0.0000e+00 4.8899e+04 0.0000e+00
4.4900e+03 8.5311e-12 8.0255e-01 1.6653e+03 3.3807e+03 4.4000e+03 3.4551e+20 2.9899e+20 2.9899e+20 8.4253e-02 0.0000e+00 4.9043e+04 0.0000e+00
4.5000e+03 8.4984e-12 8.0215e-01 1.6648e+03 3.3796e+03 4.4000e+03 3.4844e+20 3.0116e+20 3.0116e+20 8.3971e-02 0.0000e+00 4.9188e+04 0.0000e+00
4.5100e+03 8.4657e-12 8.0175e-01 1.6642e+03 3.3785e+03 4.4000e+03 3.5140e+20 3.0336e+20 3.0336e+20 8.3691e-02 0.0000e+00 4.9333e+04 0.0000e+00
4.5200e+03 8.4332e-12 8.0135e-01 1.6637e+03 3.3773e+03 4.4000e+03 3.5438e+20 3.0556e+20 3.0556e+20 8.3411e-02 0.0000e+00 4.9479e+04 0.0000e+00
4.5300e+03 8.4008e-12 8.0095e-01 1.6631e+03 3.3762e+03 4.4000e+03 3.5738e+20 3.0779e+20 3.0779e+20 8.3132e-02 0.0000e+00 4.9625e+04 0.0000e+00
4.5400e+03 8.3686e-12 8.0055e-01 1.6626e+03 3.3751e+03 4.4000e+03 3.6041e+20 3.1002e+20 3.1002e+20 8.2854e-02 0.0000e+00 4.9771e+04 0.0000e+00
4.5500e+03 0.0000e+00 0.0000e+00 1.6620e+03 0.0000e+00 4.4000e+03 0.0000e+00 0.0000e+00 0.0000e+00 0.0000e+00 0.0000e+00 0.0000e+00 0.0000e+00
