0.0000e+00 2.4000e-11 2.3030e+00 1.7000e+03 5.6343e+03 5.7000e+03 2.7481e+20 2.0738e+19 2.0738e+19 1.1311e-01 0.0000e+00 3.7449e+04 0.0000e+00
1.0000e+01 2.3908e-11 2.1421e+00 1.7036e+03 5.6462e+03 5.7000e+03 2.2597e+20 1.9919e+19 1.9919e+19 1.2114e-01 0.0000e+00 3.5055e+04 0.0000e+00
2.0000e+01 2.3816e-11 2.0774e+00 1.7069e+03 5.6573e+03 5.7000e+03 2.1049e+20 1.9182e+19 1.9182e+19 1.2444e-01 0.0000e+00 3.4209e+04 0.0000e+00
3.0000e+01 2.3725e-11 2.0284e+00 1.7102e+03 5.6680e+03 5.7000e+03 2.0002e+20 1.8497e+19 1.8497e+19 1.2695e-01 0.0000e+00 3.3606e+04 0.0000e+00
4.0000e+01 2.3633e-11 1.9834e+00 1.7133e+03 5.6785e+03 5.7000e+03 1.9087e+20 1.7856e+19 1.7856e+19 1.2933e-01 0.0000e+00 3.3061e+04 0.0000e+00
5.0000e+01 2.3543e-11 1.9408e+00 1.7164e+03 5.6887e+03 5.7000e+03 1.8248e+20 1.7255e+19 1.7255e+19 1.3167e-01 0.0000e+00 3.2546e+04 0.0000e+00
6.0000e+01 2.3452e-11 1.9002e+00 1.7194e+03 5.6986e+03 5.7000e+03 1.7472e+20 1.6691e+19 1.6691e+19 1.3396e-01 0.0000e+00 3.2056e+04 0.0000e+00
7.0000e+01 2.3362e-11 1.8615e+00 1.7223e+03 5.7083e+03 5.7000e+03 1.6753e+20 1.6161e+19 1.6161e+19 1.3622e-01 0.0000e+00 3.1588e+04 0.0000e+00
8.0000e+01 2.3273e-11 1.8246e+00 1.7252e+03 5.7177e+03 5.7000e+03 1.6086e+20 1.5663e+19 1.5663e+19 1.3844e-01 0.0000e+00 3.1143e+04 0.0000e+00
9.0000e+01 2.3183e-11 1.7894e+00 1.7279e+03 5.7269e+03 5.7000e+03 1.5466e+20 1.5195e+19 1.5195e+19 1.4063e-01 0.0000e+00 3.0718e+04 0.0000e+00
1.0000e+02 2.3094e-11 1.7557e+00 1.7306e+03 5.7358e+03 5.7000e+03 1.4889e+20 1.4755e+19 1.4755e+19 1.4278e-01 0.0000e+00 3.0312e+04 0.0000e+00
1.1000e+02 2.3005e-11 1.7235e+00 1.7332e+03 5.7445e+03 5.7000e+03 1.4352e+20 1.4341e+19 1.4341e+19 1.4488e-01 0.0000e+00 2.9925e+04 0.0000e+00
1.2000e+02 2.2917e-11 1.6927e+00 1.7358e+03 5.7529e+03 5.7000e+03 1.3852e+20 1.3951e+19 1.3951e+19 1.4695e-01 0.0000e+00 2.9556e+04 0.0000e+00
1.3000e+02 2.2829e-11 1.6633e+00 1.7382e+03 5.7610e+03 5.7000e+03 1.3385e+20 1.3583e+19 1.3583e+19 1.4898e-01 0.0000e+00 2.9204e+04 0.0000e+00
1.4000e+02 2.2741e-11 1.6351e+00 1.7406e+03 5.7690e+03 5.7000e+03 1.2948e+20 1.3236e+19 1.3236e+19 1.5096e-01 0.0000e+00 2.8867e+04 0.0000e+00
1.5000e+02 2.2654e-11 1.6081e+00 1.7429e+03 5.7767e+03 5.7000e+03 1.2541e+20 1.2909e+19 1.2909e+19 1.5291e-01 0.0000e+00 2.8546e+04 0.0000e+00
1.6000e+02 2.2567e-11 1.5823e+00 1.7452e+03 5.7841e+03 5.7000e+03 1.2159e+20 1.2600e+19 1.2600e+19 1.5481e-01 0.0000e+00 2.8239e+04 0.0000e+00
1.7000e+02 2.2480e-11 1.5575e+00 1.7474e+03 5.7914e+03 5.7000e+03 1.1802e+20 1.2309e+19 1.2309e+19 1.5667e-01 0.0000e+00 2.7945e+04 0.0000e+00
1.8000e+02 2.2394e-11 1.5337e+00 1.7495e+03 5.7984e+03 5.7000e+03 1.1467e+20 1.2033e+19 1.2033e+19 1.5848e-01 0.0000e+00 2.7665e+04 0.0000e+00
1.9000e+02 2.2308e-11 1.5110e+00 1.7515e+03 5.8052e+03 5.7000e+03 1.1154e+20 1.1773e+19 1.1773e+19 1.6025e-01 0.0000e+00 2.7398e+04 0.0000e+00
2.0000e+02 2.2223e-11 1.4891e+00 1.7535e+03 5.8117e+03 5.7000e+03 1.0859e+20 1.1527e+19 1.1527e+19 1.6198e-01 0.0000e+00 2.7142e+04 0.0000e+00
2.1000e+02 2.2137e-11 1.4681e+00 1.7554e+03 5.8181e+03 5.7000e+03 1.0583e+20 1.1295e+19 1.1295e+19 1.6367e-01 0.0000e+00 2.6898e+04 0.0000e+00
2.2000e+02 2.2052e-11 1.4480e+00 1.7573e+03 5.8242e+03 5.7000e+03 1.0323e+20 1.1075e+19 1.1075e+19 1.6531e-01 0.0000e+00 2.6665e+04 0.0000e+00
2.3000e+02 2.1967e-11 1.4286e+00 1.7591e+03 5.8302e+03 5.7000e+03 1.0079e+20 1.0867e+19 1.0867e+19 1.6690e-01 0.0000e+00 2.6442e+04 0.0000e+00
2.4000e+02 2.1883e-11 1.4100e+00 1.7608e+03 5.8359e+03 5.7000e+03 9.8488e+19 1.0670e+19 1.0670e+19 1.6845e-01 0.0000e+00 2.6230e+04 0.0000e+00
2.5000e+02 2.1799e-11 1.3921e+00 1.7625e+03 5.8415e+03 5.7000e+03 9.6327e+19 1.0483e+19 1.0483e+19 1.6996e-01 0.0000e+00 2.6026e+04 0.0000e+00
2.6000e+02 2.1715e-11 1.3750e+00 1.7641e+03 5.8468e+03 5.7000e+03 9.4292e+19 1.0307e+19 1.0307e+19 1.7142e-01 0.0000e+00 2.5832e+04 0.0000e+00
2.7000e+02 2.1632e-11 1.3584e+00 1.7657e+03 5.8520e+03 5.7000e+03 9.2377e+19 1.0140e+19 1.0140e+19 1.7284e-01 0.0000e+00 2.5647e+04 0.0000e+00
2.8000e+02 2.1549e-11 1.3425e+00 1.7672e+03 5.8569e+03 5.7000e+03 9.0572e+19 9.9815e+18 9.9815e+18 1.7422e-01 0.0000e+00 2.5471e+04 0.0000e+00
2.9000e+02 2.1466e-11 1.3272e+00 1.7686e+03 5.8617e+03 5.7000e+03 8.8871e+19 9.8317e+18 9.8317e+18 1.7555e-01 0.0000e+00 2.5302e+04 0.0000e+00
3.0000e+02 2.1384e-11 1.3125e+00 1.7700e+03 5.8663e+03 5.7000e+03 8.7268e+19 9.6899e+18 9.6899e+18 1.7684e-01 0.0000e+00 2.5141e+04 0.0000e+00
3.1000e+02 2.1302e-11 1.2983e+00 1.7713e+03 5.8708e+03 5.7000e+03 8.5757e+19 9.5556e+18 9.5556e+18 1.7809e-01 0.0000e+00 2.4987e+04 0.0000e+00
3.2000e+02 2.1220e-11 1.2846e+00 1.7726e+03 5.8750e+03 5.7000e+03 8.4332e+19 9.4284e+18 9.4284e+18 1.7929e-01 0.0000e+00 2.4841e+04 0.0000e+00
3.3000e+02 2.1138e-11 1.2714e+00 1.7739e+03 5.8791e+03 5.7000e+03 8.2989e+19 9.3080e+18 9.3080e+18 1.8046e-01 0.0000e+00 2.4702e+04 0.0000e+00
3.4000e+02 2.1057e-11 1.2587e+00 1.7750e+03 5.8831e+03 5.7000e+03 8.1723e+19 9.1940e+18 9.1940e+18 1.8158e-01 0.0000e+00 2.4569e+04 0.0000e+00
3.5000e+02 2.0976e-11 1.2465e+00 1.7762e+03 5.8868e+03 5.7000e+03 8.0528e+19 9.0862e+18 9.0862e+18 1.8266e-01 0.0000e+00 2.4442e+04 0.0000e+00
3.6000e+02 2.0896e-11 1.2347e+00 1.7773e+03 5.8904e+03 5.7000e+03 7.9402e+19 8.9841e+18 8.9841e+18 1.8369e-01 0.0000e+00 2.4322e+04 0.0000e+00
3.7000e+02 2.0816e-11 1.2233e+00 1.7783e+03 5.8939e+03 5.7000e+03 7.8341e+19 8.8876e+18 8.8876e+18 1.8469e-01 0.0000e+00 2.4207e+04 0.0000e+00
3.8000e+02 2.0736e-11 1.2123e+00 1.7793e+03 5.8972e+03 5.7000e+03 7.7340e+19 8.7963e+18 8.7963e+18 1.8565e-01 0.0000e+00 2.4099e+04 0.0000e+00
3.9000e+02 2.0656e-11 1.2017e+00 1.7803e+03 5.9004e+03 5.7000e+03 7.6398e+19 8.7101e+18 8.7101e+18 1.8657e-01 0.0000e+00 2.3995e+04 0.0000e+00
4.0000e+02 2.0577e-11 1.1915e+00 1.7812e+03 5.9034e+03 5.7000e+03 7.5510e+19 8.6286e+18 8.6286e+18 1.8745e-01 0.0000e+00 2.3897e+04 0.0000e+00
4.1000e+02 2.0498e-11 1.1816e+00 1.7821e+03 5.9063e+03 5.7000e+03 7.4674e+19 8.5517e+18 8.5517e+18 1.8830e-01 0.0000e+00 2.3804e+04 0.0000e+00
4.2000e+02 2.0419e-11 1.1720e+00 1.7829e+03 5.9090e+03 5.7000e+03 7.3887e+19 8.4791e+18 8.4791e+18 1.8910e-01 0.0000e+00 2.3716e+04 0.0000e+00
4.3000e+02 2.0341e-11 1.1628e+00 1.7837e+03 5.9116e+03 5.7000e+03 7.3147e+19 8.4107e+18 8.4107e+18 1.8987e-01 0.0000e+00 2.3632e+04 0.0000e+00
4.4000e+02 2.0262e-11 1.1539e+00 1.7844e+03 5.9141e+03 5.7000e+03 7.2452e+19 8.3463e+18 8.3463e+18 1.9060e-01 0.0000e+00 2.3553e+04 0.0000e+00
4.5000e+02 2.0185e-11 1.1453e+00 1.7851e+03 5.9165e+03 5.7000e+03 7.1799e+19 8.2857e+18 8.2857e+18 1.9130e-01 0.0000e+00 2.3478e+04 0.0000e+00
4.6000e+02 2.0107e-11 1.1369e+00 1.7858e+03 5.9187e+03 5.7000e+03 7.1186e+19 8.2287e+18 8.2287e+18 1.9196e-01 0.0000e+00 2.3408e+04 0.0000e+00
4.7000e+02 2.0030e-11 1.1289e+00 1.7864e+03 5.9208e+03 5.7000e+03 7.0612e+19 8.1752e+18 8.1752e+18 1.9259e-01 0.0000e+00 2.3341e+04 0.0000e+00
4.8000e+02 1.9953e-11 1.1211e+00 1.7870e+03 5.9228e+03 5.7000e+03 7.0075e+19 8.1250e+18 8.1250e+18 1.9318e-01 0.0000e+00 2.3279e+04 0.0000e+00
4.9000e+02 1.9876e-11 1.1135e+00 1.7876e+03 5.9247e+03 5.7000e+03 6.9573e+19 8.0780e+18 8.0780e+18 1.9374e-01 0.0000e+00 2.3220e+04 0.0000e+00
5.0000e+02 1.9800e-11 1.1062e+00 1.7881e+03 5.9264e+03 5.7000e+03 6.9104e+19 8.0341e+18 8.0341e+18 1.9427e-01 0.0000e+00 2.3165e+04 0.0000e+00
5.1000e+02 1.9724e-11 1.0992e+00 1.7886e+03 5.9281e+03 5.7000e+03 6.8668e+19 7.9932e+18 7.9932e+18 1.9477e-01 0.0000e+00 2.3114e+04 0.0000e+00
5.2000e+02 1.9648e-11 1.0923e+00 1.7891e+03 5.9296e+03 5.7000e+03 6.8262e+19 7.9550e+18 7.9550e+18 1.9524e-01 0.0000e+00 2.3066e+04 0.0000e+00
5.3000e+02 1.9573e-11 1.0857e+00 1.7895e+03 5.9311e+03 5.7000e+03 6.7885e+19 7.9196e+18 7.9196e+18 1.9567e-01 0.0000e+00 2.3021e+04 0.0000e+00
5.4000e+02 1.9498e-11 1.0793e+00 1.7899e+03 5.9324e+03 5.7000e+03 6.7537e+19 7.8869e+18 7.8869e+18 1.9608e-01 0.0000e+00 2.2980e+04 0.0000e+00
5.5000e+02 1.9423e-11 1.0731e+00 1.7903e+03 5.9337e+03 5.7000e+03 6.7216e+19 7.8566e+18 7.8566e+18 1.9646e-01 0.0000e+00 2.2941e+04 0.0000e+00
5.6000e+02 1.9348e-11 1.0671e+00 1.7907e+03 5.9348e+03 5.7000e+03 6.6921e+19 7.8288e+18 7.8288e+18 1.9681e-01 0.0000e+00 2.2906e+04 0.0000e+00
5.7000e+02 1.9274e-11 1.0613e+00 1.7910e+03 5.9359e+03 5.7000e+03 6.6651e+19 7.8033e+18 7.8033e+18 1.9713e-01 0.0000e+00 2.2873e+04 0.0000e+00
5.8000e+02 1.9200e-11 1.0556e+00 1.7913e+03 5.9369e+03 5.7000e+03 6.6405e+19 7.7801e+18 7.7801e+18 1.9742e-01 0.0000e+00 2.2844e+04 0.0000e+00
5.9000e+02 1.9126e-11 1.0501e+00 1.7915e+03 5.9377e+03 5.7000e+03 6.6182e+19 7.7590e+18 7.7590e+18 1.9769e-01 0.0000e+00 2.2817e+04 0.0000e+00
6.0000e+02 1.9053e-11 1.0448e+00 1.7918e+03 5.9385e+03 5.7000e+03 6.5981e+19 7.7401e+18 7.7401e+18 1.9793e-01 0.0000e+00 2.2792e+04 0.0000e+00
6.1000e+02 1.8980e-11 1.0397e+00 1.7920e+03 5.9392e+03 5.7000e+03 6.5802e+19 7.7232e+18 7.7232e+18 1.9815e-01 0.0000e+00 2.2771e+04 0.0000e+00
6.2000e+02 1.8907e-11 1.0347e+00 1.7922e+03 5.9399e+03 5.7000e+03 6.5643e+19 7.7082e+18 7.7082e+18 1.9834e-01 0.0000e+00 2.2751e+04 0.0000e+00
6.3000e+02 1.8834e-11 1.0298e+00 1.7924e+03 5.9404e+03 5.7000e+03 6.5505e+19 7.6952e+18 7.6952e+18 1.9851e-01 0.0000e+00 2.2735e+04 0.0000e+00
6.4000e+02 1.8762e-11 1.0251e+00 1.7925e+03 5.9409e+03 5.7000e+03 6.5385e+19 7.6840e+18 7.6840e+18 1.9866e-01 0.0000e+00 2.2720e+04 0.0000e+00
6.5000e+02 1.8690e-11 1.0205e+00 1.7926e+03 5.9413e+03 5.7000e+03 6.5285e+19 7.6745e+18 7.6745e+18 1.9878e-01 0.0000e+00 2.2708e+04 0.0000e+00
6.6000e+02 1.8618e-11 1.0161e+00 1.7927e+03 5.9416e+03 5.7000e+03 6.5203e+19 7.6668e+18 7.6668e+18 1.9888e-01 0.0000e+00 2.2698e+04 0.0000e+00
6.7000e+02 1.8546e-11 1.0118e+00 1.7928e+03 5.9419e+03 5.7000e+03 6.5138e+19 7.6608e+18 7.6608e+18 1.9896e-01 0.0000e+00 2.2690e+04 0.0000e+00
6.8000e+02 1.8475e-11 1.0076e+00 1.7929e+03 5.9421e+03 5.7000e+03 6.5090e+19 7.6564e+18 7.6564e+18 1.9902e-01 0.0000e+00 2.2684e+04 0.0000e+00
6.9000e+02 1.8404e-11 1.0035e+00 1.7929e+03 5.9422e+03 5.7000e+03 6.5058e+19 7.6535e+18 7.6535e+18 1.9906e-01 0.0000e+00 2.2680e+04 0.0000e+00
7.0000e+02 1.8334e-11 9.9959e-01 1.7929e+03 5.9423e+03 5.7000e+03 6.5043e+19 7.6522e+18 7.6522e+18 1.9908e-01 0.0000e+00 2.2678e+04 0.0000e+00
7.1000e+02 1.8263e-11 9.9576e-01 1.7929e+03 5.9422e+03 5.7000e+03 6.5043e+19 7.6523e+18 7.6523e+18 1.9908e-01 0.0000e+00 2.2678e+04 0.0000e+00
7.2000e+02 1.8193e-11 9.9203e-01 1.7929e+03 5.9422e+03 5.7000e+03 6.5058e+19 7.6539e+18 7.6539e+18 1.9906e-01 0.0000e+00 2.2680e+04 0.0000e+00
7.3000e+02 1.8123e-11 9.8840e-01 1.7928e+03 5.9421e+03 5.7000e+03 6.5088e+19 7.6569e+18 7.6569e+18 1.9902e-01 0.0000e+00 2.2684e+04 0.0000e+00
7.4000e+02 1.8054e-11 9.8488e-01 1.7928e+03 5.9419e+03 5.7000e+03 6.5132e+19 7.6613e+18 7.6613e+18 1.9897e-01 0.0000e+00 2.2689e+04 0.0000e+00
7.5000e+02 1.7984e-11 9.8145e-01 1.7927e+03 5.9416e+03 5.7000e+03 6.5190e+19 7.6669e+18 7.6669e+18 1.9889e-01 0.0000e+00 2.2696e+04 0.0000e+00
7.6000e+02 1.7915e-11 9.7812e-01 1.7926e+03 5.9413e+03 5.7000e+03 6.5261e+19 7.6739e+18 7.6739e+18 1.9881e-01 0.0000e+00 2.2705e+04 0.0000e+00
7.7000e+02 1.7846e-11 9.7487e-01 1.7925e+03 5.9410e+03 5.7000e+03 6.5346e+19 7.6821e+18 7.6821e+18 1.9870e-01 0.0000e+00 2.2715e+04 0.0000e+00
7.8000e+02 1.7778e-11 9.7172e-01 1.7924e+03 5.9406e+03 5.7000e+03 6.5444e+19 7.6916e+18 7.6916e+18 1.9858e-01 0.0000e+00 2.2727e+04 0.0000e+00
7.9000e+02 1.7710e-11 9.6865e-01 1.7923e+03 5.9401e+03 5.7000e+03 6.5554e+19 7.7023e+18 7.7023e+18 1.9845e-01 0.0000e+00 2.2741e+04 0.0000e+00
8.0000e+02 1.7642e-11 9.6566e-01 1.7921e+03 5.9396e+03 5.7000e+03 6.5676e+19 7.7141e+18 7.7141e+18 1.9830e-01 0.0000e+00 2.2756e+04 0.0000e+00
8.1000e+02 1.7574e-11 9.6274e-01 1.7920e+03 5.9391e+03 5.7000e+03 6.5811e+19 7.7271e+18 7.7271e+18 1.9813e-01 0.0000e+00 2.2772e+04 0.0000e+00
8.2000e+02 1.7506e-11 9.5991e-01 1.7918e+03 5.9385e+03 5.7000e+03 6.5957e+19 7.7411e+18 7.7411e+18 1.9795e-01 0.0000e+00 2.2790e+04 0.0000e+00
8.3000e+02 1.7439e-11 9.5715e-01 1.7916e+03 5.9379e+03 5.7000e+03 6.6115e+19 7.7563e+18 7.7563e+18 1.9776e-01 0.0000e+00 2.2809e+04 0.0000e+00
8.4000e+02 1.7372e-11 9.5446e-01 1.7914e+03 5.9372e+03 5.7000e+03 6.6284e+19 7.7725e+18 7.7725e+18 1.9756e-01 0.0000e+00 2.2829e+04 0.0000e+00
8.5000e+02 1.7306e-11 9.5184e-01 1.7912e+03 5.9365e+03 5.7000e+03 6.6464e+19 7.7898e+18 7.7898e+18 1.9734e-01 0.0000e+00 2.2851e+04 0.0000e+00
8.6000e+02 1.7239e-11 9.4928e-01 1.7909e+03 5.9357e+03 5.7000e+03 6.6655e+19 7.8081e+18 7.8081e+18 1.9711e-01 0.0000e+00 2.2874e+04 0.0000e+00
8.7000e+02 1.7173e-11 9.4679e-01 1.7907e+03 5.9349e+03 5.7000e+03 6.6857e+19 7.8274e+18 7.8274e+18 1.9687e-01 0.0000e+00 2.2898e+04 0.0000e+00
8.8000e+02 1.7107e-11 9.4437e-01 1.7904e+03 5.9340e+03 5.7000e+03 6.7069e+19 7.8477e+18 7.8477e+18 1.9662e-01 0.0000e+00 2.2924e+04 0.0000e+00
8.9000e+02 1.7041e-11 9.4200e-01 1.7902e+03 5.9332e+03 5.7000e+03 6.7291e+19 7.8689e+18 7.8689e+18 1.9636e-01 0.0000e+00 2.2951e+04 0.0000e+00
9.0000e+02 1.6976e-11 9.3969e-01 1.7899e+03 5.9323e+03 5.7000e+03 6.7524e+19 7.8911e+18 7.8911e+18 1.9608e-01 0.0000e+00 2.2978e+04 0.0000e+00
9.1000e+02 1.6911e-11 9.3744e-01 1.7896e+03 5.9313e+03 5.7000e+03 6.7766e+19 7.9142e+18 7.9142e+18 1.9580e-01 0.0000e+00 2.3007e+04 0.0000e+00
9.2000e+02 1.6846e-11 9.3524e-01 1.7893e+03 5.9303e+03 5.7000e+03 6.8018e+19 7.9382e+18 7.9382e+18 1.9551e-01 0.0000e+00 2.3037e+04 0.0000e+00
9.3000e+02 1.6781e-11 9.3310e-01 1.7890e+03 5.9293e+03 5.7000e+03 6.8280e+19 7.9631e+18 7.9631e+18 1.9520e-01 0.0000e+00 2.3068e+04 0.0000e+00
9.4000e+02 1.6717e-11 9.3101e-01 1.7887e+03 5.9283e+03 5.7000e+03 6.8551e+19 7.9889e+18 7.9889e+18 1.9489e-01 0.0000e+00 2.3100e+04 0.0000e+00
9.5000e+02 1.6652e-11 9.2897e-01 1.7884e+03 5.9272e+03 5.7000e+03 6.8832e+19 8.0155e+18 8.0155e+18 1.9457e-01 0.0000e+00 2.3134e+04 0.0000e+00
9.6000e+02 1.6588e-11 9.2697e-01 1.7880e+03 5.9261e+03 5.7000e+03 6.9122e+19 8.0430e+18 8.0430e+18 1.9424e-01 0.0000e+00 2.3168e+04 0.0000e+00
9.7000e+02 1.6525e-11 9.2502e-01 1.7877e+03 5.9249e+03 5.7000e+03 6.9421e+19 8.0713e+18 8.0713e+18 1.9390e-01 0.0000e+00 2.3203e+04 0.0000e+00
9.8000e+02 1.6461e-11 9.2312e-01 1.7873e+03 5.9238e+03 5.7000e+03 6.9729e+19 8.1005e+18 8.1005e+18 1.9355e-01 0.0000e+00 2.3239e+04 0.0000e+00
9.9000e+02 1.6398e-11 9.2126e-01 1.7870e+03 5.9226e+03 5.7000e+03 7.0046e+19 8.1304e+18 8.1304e+18 1.9320e-01 0.0000e+00 2.3276e+04 0.0000e+00
1.0000e+03 1.6335e-11 9.1945e-01 1.7866e+03 5.9214e+03 5.7000e+03 7.0371e+19 8.1611e+18 8.1611e+18 1.9284e-01 0.0000e+00 2.3314e+04 0.0000e+00
1.0100e+03 1.6272e-11 9.1767e-01 1.7862e+03 5.9201e+03 5.7000e+03 7.0706e+19 8.1927e+18 8.1927e+18 1.9247e-01 0.0000e+00 2.3353e+04 0.0000e+00
1.0200e+03 1.6210e-11 9.1594e-01 1.7858e+03 5.9188e+03 5.7000e+03 7.1049e+19 8.2249e+18 8.2249e+18 1.9209e-01 0.0000e+00 2.3392e+04 0.0000e+00
1.0300e+03 1.6148e-11 9.1424e-01 1.7855e+03 5.9175e+03 5.7000e+03 7.1400e+19 8.2580e+18 8.2580e+18 1.9171e-01 0.0000e+00 2.3433e+04 0.0000e+00
1.0400e+03 1.6086e-11 9.1258e-01 1.7851e+03 5.9162e+03 5.7000e+03 7.1760e+19 8.2918e+18 8.2918e+18 1.9132e-01 0.0000e+00 2.3474e+04 0.0000e+00
1.0500e+03 1.6024e-11 9.1096e-01 1.7846e+03 5.9149e+03 5.7000e+03 7.2128e+19 8.3263e+18 8.3263e+18 1.9093e-01 0.0000e+00 2.3517e+04 0.0000e+00
1.0600e+03 1.5962e-11 9.0937e-01 1.7842e+03 5.9135e+03 5.7000e+03 7.2505e+19 8.3616e+18 8.3616e+18 1.9053e-01 0.0000e+00 2.3560e+04 0.0000e+00
1.0700e+03 1.5901e-11 9.0781e-01 1.7838e+03 5.9121e+03 5.7000e+03 7.2890e+19 8.3976e+18 8.3976e+18 1.9012e-01 0.0000e+00 2.3603e+04 0.0000e+00
1.0800e+03 1.5840e-11 9.0629e-01 1.7834e+03 5.9107e+03 5.7000e+03 7.3283e+19 8.4343e+18 8.4343e+18 1.8971e-01 0.0000e+00 2.3648e+04 0.0000e+00
1.0900e+03 1.5779e-11 9.0480e-01 1.7830e+03 5.9093e+03 5.7000e+03 7.3684e+19 8.4718e+18 8.4718e+18 1.8929e-01 0.0000e+00 2.3693e+04 0.0000e+00
1.1000e+03 1.5719e-11 9.0335e-01 1.7825e+03 5.9078e+03 5.7000e+03 7.4093e+19 8.5099e+18 8.5099e+18 1.8887e-01 0.0000e+00 2.3739e+04 0.0000e+00
1.1100e+03 1.5658e-11 9.0192e-01 1.7821e+03 5.9064e+03 5.7000e+03 7.4510e+19 8.5487e+18 8.5487e+18 1.8844e-01 0.0000e+00 2.3786e+04 0.0000e+00
1.1200e+03 1.5598e-11 9.0052e-01 1.7816e+03 5.9049e+03 5.7000e+03 7.4935e+19 8.5882e+18 8.5882e+18 1.8801e-01 0.0000e+00 2.3834e+04 0.0000e+00
1.1300e+03 1.5538e-11 8.9915e-01 1.7812e+03 5.9034e+03 5.7000e+03 7.5368e+19 8.6284e+18 8.6284e+18 1.8757e-01 0.0000e+00 2.3882e+04 0.0000e+00
1.1400e+03 1.5478e-11 8.9781e-01 1.7807e+03 5.9019e+03 5.7000e+03 7.5809e+19 8.6692e+18 8.6692e+18 1.8713e-01 0.0000e+00 2.3931e+04 0.0000e+00
1.1500e+03 1.5419e-11 8.9649e-01 1.7803e+03 5.9003e+03 5.7000e+03 7.6257e+19 8.7107e+18 8.7107e+18 1.8668e-01 0.0000e+00 2.3980e+04 0.0000e+00
1.1600e+03 1.5360e-11 8.9520e-01 1.7798e+03 5.8988e+03 5.7000e+03 7.6714e+19 8.7529e+18 8.7529e+18 1.8624e-01 0.0000e+00 2.4031e+04 0.0000e+00
1.1700e+03 1.5301e-11 8.9394e-01 1.7793e+03 5.8972e+03 5.7000e+03 7.7178e+19 8.7957e+18 8.7957e+18 1.8578e-01 0.0000e+00 2.4082e+04 0.0000e+00
1.1800e+03 1.5242e-11 8.9269e-01 1.7788e+03 5.8956e+03 5.7000e+03 7.7650e+19 8.8392e+18 8.8392e+18 1.8533e-01 0.0000e+00 2.4133e+04 0.0000e+00
1.1900e+03 1.5184e-11 8.9148e-01 1.7784e+03 5.8941e+03 5.7000e+03 7.8129e+19 8.8833e+18 8.8833e+18 1.8487e-01 0.0000e+00 2.4185e+04 0.0000e+00
1.2000e+03 1.5125e-11 8.9028e-01 1.7779e+03 5.8924e+03 5.7000e+03 7.8616e+19 8.9281e+18 8.9281e+18 1.8440e-01 0.0000e+00 2.4238e+04 0.0000e+00
1.2100e+03 1.5067e-11 8.8911e-01 1.7774e+03 5.8908e+03 5.7000e+03 7.9111e+19 8.9734e+18 8.9734e+18 1.8394e-01 0.0000e+00 2.4292e+04 0.0000e+00
1.2200e+03 1.5009e-11 8.8796e-01 1.7769e+03 5.8892e+03 5.7000e+03 7.9614e+19 9.0194e+18 9.0194e+18 1.8347e-01 0.0000e+00 2.4346e+04 0.0000e+00
1.2300e+03 1.4952e-11 8.8683e-01 1.7764e+03 5.8875e+03 5.7000e+03 8.0124e+19 9.0661e+18 9.0661e+18 1.8300e-01 0.0000e+00 2.4400e+04 0.0000e+00
1.2400e+03 1.4894e-11 8.8572e-01 1.7759e+03 5.8859e+03 5.7000e+03 8.0641e+19 9.1133e+18 9.1133e+18 1.8252e-01 0.0000e+00 2.4455e+04 0.0000e+00
1.2500e+03 1.4837e-11 8.8463e-01 1.7754e+03 5.8842e+03 5.7000e+03 8.1167e+19 9.1612e+18 9.1612e+18 1.8205e-01 0.0000e+00 2.4511e+04 0.0000e+00
1.2600e+03 1.4780e-11 8.8356e-01 1.7749e+03 5.8825e+03 5.7000e+03 8.1699e+19 9.2097e+18 9.2097e+18 1.8157e-01 0.0000e+00 2.4567e+04 0.0000e+00
1.2700e+03 1.4723e-11 8.8251e-01 1.7744e+03 5.8808e+03 5.7000e+03 8.2240e+19 9.2588e+18 9.2588e+18 1.8109e-01 0.0000e+00 2.4624e+04 0.0000e+00
1.2800e+03 1.4667e-11 8.8148e-01 1.7739e+03 5.8791e+03 5.7000e+03 8.2787e+19 9.3085e+18 9.3085e+18 1.8060e-01 0.0000e+00 2.4682e+04 0.0000e+00
1.2900e+03 1.4610e-11 8.8046e-01 1.7733e+03 5.8774e+03 5.7000e+03 8.3343e+19 9.3588e+18 9.3588e+18 1.8012e-01 0.0000e+00 2.4740e+04 0.0000e+00
1.3000e+03 1.4554e-11 8.7946e-01 1.7728e+03 5.8757e+03 5.7000e+03 8.3906e+19 9.4097e+18 9.4097e+18 1.7963e-01 0.0000e+00 2.4798e+04 0.0000e+00
1.3100e+03 1.4499e-11 8.7848e-01 1.7723e+03 5.8739e+03 5.7000e+03 8.4476e+19 9.4611e+18 9.4611e+18 1.7914e-01 0.0000e+00 2.4857e+04 0.0000e+00
1.3200e+03 1.4443e-11 8.7751e-01 1.7718e+03 5.8722e+03 5.7000e+03 8.5054e+19 9.5132e+18 9.5132e+18 1.7865e-01 0.0000e+00 2.4917e+04 0.0000e+00
1.3300e+03 1.4387e-11 8.7656e-01 1.7712e+03 5.8704e+03 5.7000e+03 8.5640e+19 9.5659e+18 9.5659e+18 1.7815e-01 0.0000e+00 2.4977e+04 0.0000e+00
1.3400e+03 1.4332e-11 8.7563e-01 1.7707e+03 5.8687e+03 5.7000e+03 8.6233e+19 9.6192e+18 9.6192e+18 1.7766e-01 0.0000e+00 2.5037e+04 0.0000e+00
1.3500e+03 1.4277e-11 8.7470e-01 1.7702e+03 5.8669e+03 5.7000e+03 8.6834e+19 9.6730e+18 9.6730e+18 1.7716e-01 0.0000e+00 2.5098e+04 0.0000e+00
1.3600e+03 1.4222e-11 8.7380e-01 1.7696e+03 5.8651e+03 5.7000e+03 8.7442e+19 9.7274e+18 9.7274e+18 1.7667e-01 0.0000e+00 2.5160e+04 0.0000e+00
1.3700e+03 1.4168e-11 8.7290e-01 1.7691e+03 5.8633e+03 5.7000e+03 8.8058e+19 9.7825e+18 9.7825e+18 1.7617e-01 0.0000e+00 2.5222e+04 0.0000e+00
1.3800e+03 1.4113e-11 8.7202e-01 1.7685e+03 5.8615e+03 5.7000e+03 8.8681e+19 9.8381e+18 9.8381e+18 1.7567e-01 0.0000e+00 2.5284e+04 0.0000e+00
1.3900e+03 1.4059e-11 8.7116e-01 1.7680e+03 5.8597e+03 5.7000e+03 8.9312e+19 9.8942e+18 9.8942e+18 1.7517e-01 0.0000e+00 2.5347e+04 0.0000e+00
1.4000e+03 1.4005e-11 8.7031e-01 1.7675e+03 5.8579e+03 5.7000e+03 8.9950e+19 9.9510e+18 9.9510e+18 1.7467e-01 0.0000e+00 2.5410e+04 0.0000e+00
1.4100e+03 1.3951e-11 8.6946e-01 1.7669e+03 5.8561e+03 5.7000e+03 9.0597e+19 1.0008e+19 1.0008e+19 1.7416e-01 0.0000e+00 2.5474e+04 0.0000e+00
1.4200e+03 1.3898e-11 8.6863e-01 1.7664e+03 5.8543e+03 5.7000e+03 9.1250e+19 1.0066e+19 1.0066e+19 1.7366e-01 0.0000e+00 2.5539e+04 0.0000e+00
1.4300e+03 1.3844e-11 8.6782e-01 1.7658e+03 5.8524e+03 5.7000e+03 9.1912e+19 1.0125e+19 1.0125e+19 1.7316e-01 0.0000e+00 2.5603e+04 0.0000e+00
1.4400e+03 1.3791e-11 8.6701e-01 1.7653e+03 5.8506e+03 5.7000e+03 9.2581e+19 1.0184e+19 1.0184e+19 1.7265e-01 0.0000e+00 2.5669e+04 0.0000e+00
1.4500e+03 1.3738e-11 8.6622e-01 1.7647e+03 5.8487e+03 5.7000e+03 9.3258e+19 1.0243e+19 1.0243e+19 1.7215e-01 0.0000e+00 2.5734e+04 0.0000e+00
1.4600e+03 1.3685e-11 8.6543e-01 1.7641e+03 5.8469e+03 5.7000e+03 9.3942e+19 1.0304e+19 1.0304e+19 1.7164e-01 0.0000e+00 2.5800e+04 0.0000e+00
1.4700e+03 1.3633e-11 8.6466e-01 1.7636e+03 5.8450e+03 5.7000e+03 9.4635e+19 1.0364e+19 1.0364e+19 1.7114e-01 0.0000e+00 2.5867e+04 0.0000e+00
1.4800e+03 1.3581e-11 8.6389e-01 1.7630e+03 5.8432e+03 5.7000e+03 9.5335e+19 1.0426e+19 1.0426e+19 1.7063e-01 0.0000e+00 2.5934e+04 0.0000e+00
1.4900e+03 1.3528e-11 8.6314e-01 1.7625e+03 5.8413e+03 5.7000e+03 9.6043e+19 1.0487e+19 1.0487e+19 1.7012e-01 0.0000e+00 2.6001e+04 0.0000e+00
1.5000e+03 1.3476e-11 8.6240e-01 1.7619e+03 5.8395e+03 5.7000e+03 9.6758e+19 1.0550e+19 1.0550e+19 1.6962e-01 0.0000e+00 2.6069e+04 0.0000e+00
1.5100e+03 1.3425e-11 8.6166e-01 1.7613e+03 5.8376e+03 5.7000e+03 9.7482e+19 1.0613e+19 1.0613e+19 1.6911e-01 0.0000e+00 2.6137e+04 0.0000e+00
1.5200e+03 1.3373e-11 8.6093e-01 1.7608e+03 5.8357e+03 5.7000e+03 9.8213e+19 1.0677e+19 1.0677e+19 1.6860e-01 0.0000e+00 2.6205e+04 0.0000e+00
1.5300e+03 1.3322e-11 8.6022e-01 1.7602e+03 5.8338e+03 5.7000e+03 9.8952e+19 1.0741e+19 1.0741e+19 1.6809e-01 0.0000e+00 2.6274e+04 0.0000e+00
1.5400e+03 1.3271e-11 8.5951e-01 1.7596e+03 5.8319e+03 5.7000e+03 9.9700e+19 1.0805e+19 1.0805e+19 1.6759e-01 0.0000e+00 2.6344e+04 0.0000e+00
1.5500e+03 1.3220e-11 8.5881e-01 1.7591e+03 5.8300e+03 5.7000e+03 1.0045e+20 1.0871e+19 1.0871e+19 1.6708e-01 0.0000e+00 2.6414e+04 0.0000e+00
1.5600e+03 1.3169e-11 8.5811e-01 1.7585e+03 5.8282e+03 5.7000e+03 1.0122e+20 1.0937e+19 1.0937e+19 1.6657e-01 0.0000e+00 2.6484e+04 0.0000e+00
1.5700e+03 1.3118e-11 8.5743e-01 1.7579e+03 5.8263e+03 5.7000e+03 1.0199e+20 1.1003e+19 1.1003e+19 1.6607e-01 0.0000e+00 2.6554e+04 0.0000e+00
1.5800e+03 1.3068e-11 8.5675e-01 1.7573e+03 5.8244e+03 5.7000e+03 1.0277e+20 1.1070e+19 1.1070e+19 1.6556e-01 0.0000e+00 2.6625e+04 0.0000e+00
1.5900e+03 1.3018e-11 8.5608e-01 1.7568e+03 5.8225e+03 5.7000e+03 1.0356e+20 1.1137e+19 1.1137e+19 1.6505e-01 0.0000e+00 2.6696e+04 0.0000e+00
1.6000e+03 1.2968e-11 8.5542e-01 1.7562e+03 5.8206e+03 5.7000e+03 1.0435e+20 1.1206e+19 1.1206e+19 1.6454e-01 0.0000e+00 2.6768e+04 0.0000e+00
1.6100e+03 1.2918e-11 8.5477e-01 1.7556e+03 5.8186e+03 5.7000e+03 1.0516e+20 1.1274e+19 1.1274e+19 1.6404e-01 0.0000e+00 2.6840e+04 0.0000e+00
1.6200e+03 1.2868e-11 8.5412e-01 1.7550e+03 5.8167e+03 5.7000e+03 1.0597e+20 1.1344e+19 1.1344e+19 1.6353e-01 0.0000e+00 2.6913e+04 0.0000e+00
1.6300e+03 1.2819e-11 8.5348e-01 1.7545e+03 5.8148e+03 5.7000e+03 1.0679e+20 1.1413e+19 1.1413e+19 1.6303e-01 0.0000e+00 2.6985e+04 0.0000e+00
1.6400e+03 1.2770e-11 8.5284e-01 1.7539e+03 5.8129e+03 5.7000e+03 1.0762e+20 1.1484e+19 1.1484e+19 1.6252e-01 0.0000e+00 2.7059e+04 0.0000e+00
1.6500e+03 1.2721e-11 8.5221e-01 1.7533e+03 5.8110e+03 5.7000e+03 1.0845e+20 1.1555e+19 1.1555e+19 1.6202e-01 0.0000e+00 2.7132e+04 0.0000e+00
1.6600e+03 1.2672e-11 8.5159e-01 1.7527e+03 5.8091e+03 5.7000e+03 1.0930e+20 1.1626e+19 1.1626e+19 1.6151e-01 0.0000e+00 2.7206e+04 0.0000e+00
1.6700e+03 1.2623e-11 8.5097e-01 1.7521e+03 5.8071e+03 5.7000e+03 1.1015e+20 1.1698e+19 1.1698e+19 1.6101e-01 0.0000e+00 2.7280e+04 0.0000e+00
1.6800e+03 1.2575e-11 8.5036e-01 1.7516e+03 5.8052e+03 5.7000e+03 1.1102e+20 1.1771e+19 1.1771e+19 1.6051e-01 0.0000e+00 2.7355e+04 0.0000e+00
1.6900e+03 1.2526e-11 8.4975e-01 1.7510e+03 5.8033e+03 5.7000e+03 1.1189e+20 1.1844e+19 1.1844e+19 1.6000e-01 0.0000e+00 2.7430e+04 0.0000e+00
1.7000e+03 1.2478e-11 8.4915e-01 1.7504e+03 5.8014e+03 5.7000e+03 1.1277e+20 1.1918e+19 1.1918e+19 1.5950e-01 0.0000e+00 2.7505e+04 0.0000e+00
1.7100e+03 1.2430e-11 8.4856e-01 1.7498e+03 5.7994e+03 5.7000e+03 1.1365e+20 1.1992e+19 1.1992e+19 1.5900e-01 0.0000e+00 2.7581e+04 0.0000e+00
1.7200e+03 1.2383e-11 8.4797e-01 1.7492e+03 5.7975e+03 5.7000e+03 1.1455e+20 1.2067e+19 1.2067e+19 1.5850e-01 0.0000e+00 2.7657e+04 0.0000e+00
1.7300e+03 1.2335e-11 8.4738e-01 1.7486e+03 5.7956e+03 5.7000e+03 1.1546e+20 1.2143e+19 1.2143e+19 1.5800e-01 0.0000e+00 2.7733e+04 0.0000e+00
1.7400e+03 1.2288e-11 8.4680e-01 1.7481e+03 5.7936e+03 5.7000e+03 1.1637e+20 1.2219e+19 1.2219e+19 1.5750e-01 0.0000e+00 2.7810e+04 0.0000e+00
1.7500e+03 1.2241e-11 8.4623e-01 1.7475e+03 5.7917e+03 5.7000e+03 1.1729e+20 1.2296e+19 1.2296e+19 1.5701e-01 0.0000e+00 2.7887e+04 0.0000e+00
1.7600e+03 1.2194e-11 8.4566e-01 1.7469e+03 5.7897e+03 5.7000e+03 1.1823e+20 1.2373e+19 1.2373e+19 1.5651e-01 0.0000e+00 2.7965e+04 0.0000e+00
1.7700e+03 1.2147e-11 8.4509e-01 1.7463e+03 5.7878e+03 5.7000e+03 1.1917e+20 1.2451e+19 1.2451e+19 1.5601e-01 0.0000e+00 2.8042e+04 0.0000e+00
1.7800e+03 1.2100e-11 8.4453e-01 1.7457e+03 5.7859e+03 5.7000e+03 1.2012e+20 1.2529e+19 1.2529e+19 1.5552e-01 0.0000e+00 2.8120e+04 0.0000e+00
1.7900e+03 1.2054e-11 8.4397e-01 1.7451e+03 5.7839e+03 5.7000e+03 1.2108e+20 1.2608e+19 1.2608e+19 1.5502e-01 0.0000e+00 2.8199e+04 0.0000e+00
1.8000e+03 1.2007e-11 8.4342e-01 1.7446e+03 5.7820e+03 5.7000e+03 1.2204e+20 1.2688e+19 1.2688e+19 1.5453e-01 0.0000e+00 2.8278e+04 0.0000e+00
1.8100e+03 1.1961e-11 8.4287e-01 1.7440e+03 5.7800e+03 5.7000e+03 1.2302e+20 1.2768e+19 1.2768e+19 1.5403e-01 0.0000e+00 2.8357e+04 0.0000e+00
1.8200e+03 1.1915e-11 8.4232e-01 1.7434e+03 5.7781e+03 5.7000e+03 1.2401e+20 1.2848e+19 1.2848e+19 1.5354e-01 0.0000e+00 2.8436e+04 0.0000e+00
1.8300e+03 1.1870e-11 8.4178e-01 1.7428e+03 5.7762e+03 5.7000e+03 1.2501e+20 1.2930e+19 1.2930e+19 1.5305e-01 0.0000e+00 2.8516e+04 0.0000e+00
1.8400e+03 1.1824e-11 8.4124e-01 1.7422e+03 5.7742e+03 5.7000e+03 1.2601e+20 1.3012e+19 1.3012e+19 1.5256e-01 0.0000e+00 2.8596e+04 0.0000e+00
1.8500e+03 1.1779e-11 8.4071e-01 1.7416e+03 5.7723e+03 5.7000e+03 1.2703e+20 1.3094e+19 1.3094e+19 1.5207e-01 0.0000e+00 2.8676e+04 0.0000e+00
1.8600e+03 1.1733e-11 8.4018e-01 1.7410e+03 5.7703e+03 5.7000e+03 1.2805e+20 1.3177e+19 1.3177e+19 1.5158e-01 0.0000e+00 2.8757e+04 0.0000e+00
1.8700e+03 1.1688e-11 8.3965e-01 1.7404e+03 5.7684e+03 5.7000e+03 1.2908e+20 1.3261e+19 1.3261e+19 1.5110e-01 0.0000e+00 2.8838e+04 0.0000e+00
1.8800e+03 1.1643e-11 8.3912e-01 1.7399e+03 5.7664e+03 5.7000e+03 1.3013e+20 1.3345e+19 1.3345e+19 1.5061e-01 0.0000e+00 2.8920e+04 0.0000e+00
1.8900e+03 1.1599e-11 8.3860e-01 1.7393e+03 5.7645e+03 5.7000e+03 1.3118e+20 1.3430e+19 1.3430e+19 1.5012e-01 0.0000e+00 2.9001e+04 0.0000e+00
1.9000e+03 1.1554e-11 8.3808e-01 1.7387e+03 5.7626e+03 5.7000e+03 1.3224e+20 1.3516e+19 1.3516e+19 1.4964e-01 0.0000e+00 2.9083e+04 0.0000e+00
1.9100e+03 1.1510e-11 8.3757e-01 1.7381e+03 5.7606e+03 5.7000e+03 1.3332e+20 1.3602e+19 1.3602e+19 1.4916e-01 0.0000e+00 2.9166e+04 0.0000e+00
1.9200e+03 1.1466e-11 8.3706e-01 1.7375e+03 5.7587e+03 5.7000e+03 1.3440e+20 1.3688e+19 1.3688e+19 1.4868e-01 0.0000e+00 2.9249e+04 0.0000e+00
1.9300e+03 1.1422e-11 8.3655e-01 1.7369e+03 5.7567e+03 5.7000e+03 1.3549e+20 1.3776e+19 1.3776e+19 1.4820e-01 0.0000e+00 2.9332e+04 0.0000e+00
1.9400e+03 1.1378e-11 8.3604e-01 1.7363e+03 5.7548e+03 5.7000e+03 1.3659e+20 1.3864e+19 1.3864e+19 1.4772e-01 0.0000e+00 2.9415e+04 0.0000e+00
1.9500e+03 1.1334e-11 8.3554e-01 1.7358e+03 5.7528e+03 5.7000e+03 1.3771e+20 1.3952e+19 1.3952e+19 1.4724e-01 0.0000e+00 2.9498e+04 0.0000e+00
1.9600e+03 1.1291e-11 8.3504e-01 1.7352e+03 5.7509e+03 5.7000e+03 1.3883e+20 1.4041e+19 1.4041e+19 1.4676e-01 0.0000e+00 2.9582e+04 0.0000e+00
1.9700e+03 1.1247e-11 8.3454e-01 1.7346e+03 5.7489e+03 5.7000e+03 1.3996e+20 1.4131e+19 1.4131e+19 1.4628e-01 0.0000e+00 2.9667e+04 0.0000e+00
1.9800e+03 1.1204e-11 8.3404e-01 1.7340e+03 5.7470e+03 5.7000e+03 1.4111e+20 1.4221e+19 1.4221e+19 1.4581e-01 0.0000e+00 2.9751e+04 0.0000e+00
1.9900e+03 1.1161e-11 8.3355e-01 1.7334e+03 5.7451e+03 5.7000e+03 1.4226e+20 1.4312e+19 1.4312e+19 1.4533e-01 0.0000e+00 2.9836e+04 0.0000e+00
2.0000e+03 1.1118e-11 8.3305e-01 1.7328e+03 5.7431e+03 5.7000e+03 1.4343e+20 1.4404e+19 1.4404e+19 1.4486e-01 0.0000e+00 2.9921e+04 0.0000e+00
2.0100e+03 1.1075e-11 8.3257e-01 1.7322e+03 5.7412e+03 5.7000e+03 1.4460e+20 1.4496e+19 1.4496e+19 1.4439e-01 0.0000e+00 3.0007e+04 0.0000e+00
2.0200e+03 1.1033e-11 8.3208e-01 1.7317e+03 5.7392e+03 5.7000e+03 1.4579e+20 1.4589e+19 1.4589e+19 1.4392e-01 0.0000e+00 3.0093e+04 0.0000e+00
2.0300e+03 1.0991e-11 8.3159e-01 1.7311e+03 5.7373e+03 5.7000e+03 1.4698e+20 1.4682e+19 1.4682e+19 1.4345e-01 0.0000e+00 3.0179e+04 0.0000e+00
2.0400e+03 1.0948e-11 8.3111e-01 1.7305e+03 5.7354e+03 5.7000e+03 1.4819e+20 1.4776e+19 1.4776e+19 1.4298e-01 0.0000e+00 3.0265e+04 0.0000e+00
2.0500e+03 1.0906e-11 8.3063e-01 1.7299e+03 5.7334e+03 5.7000e+03 1.4941e+20 1.4871e+19 1.4871e+19 1.4252e-01 0.0000e+00 3.0352e+04 0.0000e+00
2.0600e+03 1.0864e-11 8.3015e-01 1.7293e+03 5.7315e+03 5.7000e+03 1.5064e+20 1.4966e+19 1.4966e+19 1.4205e-01 0.0000e+00 3.0439e+04 0.0000e+00
2.0700e+03 1.0823e-11 8.2967e-01 1.7287e+03 5.7296e+03 5.7000e+03 1.5188e+20 1.5062e+19 1.5062e+19 1.4159e-01 0.0000e+00 3.0527e+04 0.0000e+00
2.0800e+03 1.0781e-11 8.2920e-01 1.7281e+03 5.7276e+03 5.7000e+03 1.5313e+20 1.5159e+19 1.5159e+19 1.4112e-01 0.0000e+00 3.0614e+04 0.0000e+00
2.0900e+03 1.0740e-11 8.2873e-01 1.7276e+03 5.7257e+03 5.7000e+03 1.5439e+20 1.5256e+19 1.5256e+19 1.4066e-01 0.0000e+00 3.0702e+04 0.0000e+00
2.1000e+03 1.0698e-11 8.2825e-01 1.7270e+03 5.7238e+03 5.7000e+03 1.5566e+20 1.5354e+19 1.5354e+19 1.4020e-01 0.0000e+00 3.0791e+04 0.0000e+00
2.1100e+03 1.0657e-11 8.2778e-01 1.7264e+03 5.7218e+03 5.7000e+03 1.5695e+20 1.5453e+19 1.5453e+19 1.3974e-01 0.0000e+00 3.0879e+04 0.0000e+00
2.1200e+03 1.0616e-11 8.2732e-01 1.7258e+03 5.7199e+03 5.7000e+03 1.5824e+20 1.5552e+19 1.5552e+19 1.3929e-01 0.0000e+00 3.0968e+04 0.0000e+00
2.1300e+03 1.0576e-11 8.2685e-01 1.7252e+03 5.7180e+03 5.7000e+03 1.5955e+20 1.5651e+19 1.5651e+19 1.3883e-01 0.0000e+00 3.1058e+04 0.0000e+00
2.1400e+03 1.0535e-11 8.2639e-01 1.7247e+03 5.7160e+03 5.7000e+03 1.6087e+20 1.5752e+19 1.5752e+19 1.3837e-01 0.0000e+00 3.1147e+04 0.0000e+00
2.1500e+03 1.0495e-11 8.2592e-01 1.7241e+03 5.7141e+03 5.7000e+03 1.6220e+20 1.5853e+19 1.5853e+19 1.3792e-01 0.0000e+00 3.1237e+04 0.0000e+00
2.1600e+03 1.0454e-11 8.2546e-01 1.7235e+03 5.7122e+03 5.7000e+03 1.6354e+20 1.5955e+19 1.5955e+19 1.3747e-01 0.0000e+00 3.1327e+04 0.0000e+00
2.1700e+03 1.0414e-11 8.2500e-01 1.7229e+03 5.7102e+03 5.7000e+03 1.6490e+20 1.6057e+19 1.6057e+19 1.3702e-01 0.0000e+00 3.1418e+04 0.0000e+00
2.1800e+03 1.0374e-11 8.2454e-01 1.7223e+03 5.7083e+03 5.7000e+03 1.6626e+20 1.6160e+19 1.6160e+19 1.3657e-01 0.0000e+00 3.1509e+04 0.0000e+00
2.1900e+03 1.0334e-11 8.2408e-01 1.7217e+03 5.7064e+03 5.7000e+03 1.6764e+20 1.6264e+19 1.6264e+19 1.3612e-01 0.0000e+00 3.1600e+04 0.0000e+00
2.2000e+03 1.0295e-11 8.2363e-01 1.7212e+03 5.7045e+03 5.7000e+03 1.6903e+20 1.6368e+19 1.6368e+19 1.3567e-01 0.0000e+00 3.1691e+04 0.0000e+00
2.2100e+03 1.0255e-11 8.2317e-01 1.7206e+03 5.7026e+03 5.7000e+03 1.7044e+20 1.6474e+19 1.6474e+19 1.3522e-01 0.0000e+00 3.1783e+04 0.0000e+00
2.2200e+03 1.0216e-11 8.2272e-01 1.7200e+03 5.7006e+03 5.7000e+03 1.7185e+20 1.6579e+19 1.6579e+19 1.3478e-01 0.0000e+00 3.1875e+04 0.0000e+00
2.2300e+03 1.0177e-11 8.2226e-01 1.7194e+03 5.6987e+03 5.7000e+03 1.7328e+20 1.6686e+19 1.6686e+19 1.3433e-01 0.0000e+00 3.1967e+04 0.0000e+00
2.2400e+03 1.0137e-11 8.2181e-01 1.7189e+03 5.6968e+03 5.7000e+03 1.7472e+20 1.6793e+19 1.6793e+19 1.3389e-01 0.0000e+00 3.2060e+04 0.0000e+00
2.2500e+03 1.0099e-11 8.2136e-01 1.7183e+03 5.6949e+03 5.7000e+03 1.7617e+20 1.6901e+19 1.6901e+19 1.3345e-01 0.0000e+00 3.2153e+04 0.0000e+00
2.2600e+03 1.0060e-11 8.2091e-01 1.7177e+03 5.6930e+03 5.7000e+03 1.7764e+20 1.7009e+19 1.7009e+19 1.3301e-01 0.0000e+00 3.2246e+04 0.0000e+00
2.2700e+03 1.0021e-11 8.2046e-01 1.7171e+03 5.6911e+03 5.7000e+03 1.7912e+20 1.7118e+19 1.7118e+19 1.3257e-01 0.0000e+00 3.2340e+04 0.0000e+00
2.2800e+03 9.9826e-12 8.2002e-01 1.7165e+03 5.6892e+03 5.7000e+03 1.8061e+20 1.7228e+19 1.7228e+19 1.3214e-01 0.0000e+00 3.2434e+04 0.0000e+00
2.2900e+03 9.9443e-12 8.1957e-01 1.7160e+03 5.6873e+03 5.7000e+03 1.8211e+20 1.7338e+19 1.7338e+19 1.3170e-01 0.0000e+00 3.2528e+04 0.0000e+00
2.3000e+03 9.9061e-12 8.1912e-01 1.7154e+03 5.6853e+03 5.7000e+03 1.8363e+20 1.7450e+19 1.7450e+19 1.3127e-01 0.0000e+00 3.2622e+04 0.0000e+00
2.3100e+03 9.8681e-12 8.1868e-01 1.7148e+03 5.6834e+03 5.7000e+03 1.8516e+20 1.7561e+19 1.7561e+19 1.3083e-01 0.0000e+00 3.2717e+04 0.0000e+00
2.3200e+03 9.8302e-12 8.1824e-01 1.7142e+03 5.6815e+03 5.7000e+03 1.8671e+20 1.7674e+19 1.7674e+19 1.3040e-01 0.0000e+00 3.2812e+04 0.0000e+00
2.3300e+03 9.7924e-12 8.1779e-01 1.7137e+03 5.6796e+03 5.7000e+03 1.8826e+20 1.7787e+19 1.7787e+19 1.2997e-01 0.0000e+00 3.2908e+04 0.0000e+00
2.3400e+03 9.7548e-12 8.1735e-01 1.7131e+03 5.6777e+03 5.7000e+03 1.8983e+20 1.7901e+19 1.7901e+19 1.2954e-01 0.0000e+00 3.3003e+04 0.0000e+00
2.3500e+03 9.7174e-12 8.1691e-01 1.7125e+03 5.6758e+03 5.7000e+03 1.9142e+20 1.8016e+19 1.8016e+19 1.2911e-01 0.0000e+00 3.3099e+04 0.0000e+00
2.3600e+03 9.6801e-12 8.1647e-01 1.7120e+03 5.6739e+03 5.7000e+03 1.9302e+20 1.8131e+19 1.8131e+19 1.2869e-01 0.0000e+00 3.3196e+04 0.0000e+00
2.3700e+03 9.6429e-12 8.1603e-01 1.7114e+03 5.6720e+03 5.7000e+03 1.9463e+20 1.8248e+19 1.8248e+19 1.2826e-01 0.0000e+00 3.3292e+04 0.0000e+00
2.3800e+03 9.6059e-12 8.1559e-01 1.7108e+03 5.6701e+03 5.7000e+03 1.9626e+20 1.8364e+19 1.8364e+19 1.2784e-01 0.0000e+00 3.3389e+04 0.0000e+00
2.3900e+03 9.5690e-12 8.1515e-01 1.7102e+03 5.6683e+03 5.7000e+03 1.9790e+20 1.8482e+19 1.8482e+19 1.2742e-01 0.0000e+00 3.3486e+04 0.0000e+00
2.4000e+03 9.5322e-12 8.1472e-01 1.7097e+03 5.6664e+03 5.7000e+03 1.9955e+20 1.8600e+19 1.8600e+19 1.2699e-01 0.0000e+00 3.3584e+04 0.0000e+00
2.4100e+03 9.4956e-12 8.1428e-01 1.7091e+03 5.6645e+03 5.7000e+03 2.0122e+20 1.8719e+19 1.8719e+19 1.2658e-01 0.0000e+00 3.3682e+04 0.0000e+00
2.4200e+03 9.4592e-12 8.1384e-01 1.7085e+03 5.6626e+03 5.7000e+03 2.0291e+20 1.8839e+19 1.8839e+19 1.2616e-01 0.0000e+00 3.3780e+04 0.0000e+00
2.4300e+03 9.4228e-12 8.1341e-01 1.7080e+03 5.6607e+03 5.7000e+03 2.0460e+20 1.8959e+19 1.8959e+19 1.2574e-01 0.0000e+00 3.3879e+04 0.0000e+00
2.4400e+03 9.3867e-12 8.1297e-01 1.7074e+03 5.6588e+03 5.7000e+03 2.0632e+20 1.9081e+19 1.9081e+19 1.2532e-01 0.0000e+00 3.3977e+04 0.0000e+00
2.4500e+03 9.3506e-12 8.1254e-01 1.7068e+03 5.6569e+03 5.7000e+03 2.0804e+20 1.9202e+19 1.9202e+19 1.2491e-01 0.0000e+00 3.4077e+04 0.0000e+00
2.4600e+03 9.3147e-12 8.1210e-01 1.7063e+03 5.6551e+03 5.7000e+03 2.0979e+20 1.9325e+19 1.9325e+19 1.2450e-01 0.0000e+00 3.4176e+04 0.0000e+00
2.4700e+03 9.2789e-12 8.1167e-01 1.7057e+03 5.6532e+03 5.7000e+03 2.1155e+20 1.9449e+19 1.9449e+19 1.2408e-01 0.0000e+00 3.4276e+04 0.0000e+00
2.4800e+03 9.2433e-12 8.1124e-01 1.7051e+03 5.6513e+03 5.7000e+03 2.1332e+20 1.9573e+19 1.9573e+19 1.2367e-01 0.0000e+00 3.4376e+04 0.0000e+00
2.4900e+03 9.2078e-12 8.1080e-01 1.7046e+03 5.6494e+03 5.7000e+03 2.1511e+20 1.9698e+19 1.9698e+19 1.2326e-01 0.0000e+00 3.4476e+04 0.0000e+00
2.5000e+03 9.1725e-12 8.1037e-01 1.7040e+03 5.6476e+03 5.7000e+03 2.1691e+20 1.9823e+19 1.9823e+19 1.2286e-01 0.0000e+00 3.4577e+04 0.0000e+00
2.5100e+03 9.1372e-12 8.0994e-01 1.7034e+03 5.6457e+03 5.7000e+03 2.1873e+20 1.9950e+19 1.9950e+19 1.2245e-01 0.0000e+00 3.4678e+04 0.0000e+00
2.5200e+03 9.1022e-12 8.0951e-01 1.7029e+03 5.6438e+03 5.7000e+03 2.2056e+20 2.0077e+19 2.0077e+19 1.2204e-01 0.0000e+00 3.4779e+04 0.0000e+00
2.5300e+03 9.0672e-12 8.0908e-01 1.7023e+03 5.6420e+03 5.7000e+03 2.2241e+20 2.0205e+19 2.0205e+19 1.2164e-01 0.0000e+00 3.4881e+04 0.0000e+00
2.5400e+03 9.0324e-12 8.0865e-01 1.7017e+03 5.6401e+03 5.7000e+03 2.2428e+20 2.0333e+19 2.0333e+19 1.2124e-01 0.0000e+00 3.4983e+04 0.0000e+00
2.5500e+03 8.9977e-12 8.0822e-01 1.7012e+03 5.6382e+03 5.7000e+03 2.2616e+20 2.0463e+19 2.0463e+19 1.2084e-01 0.0000e+00 3.5085e+04 0.0000e+00
2.5600e+03 8.9631e-12 8.0779e-01 1.7006e+03 5.6364e+03 5.7000e+03 2.2806e+20 2.0593e+19 2.0593e+19 1.2044e-01 0.0000e+00 3.5187e+04 0.0000e+00
2.5700e+03 8.9287e-12 8.0736e-01 1.7001e+03 5.6345e+03 5.7000e+03 2.2998e+20 2.0724e+19 2.0724e+19 1.2004e-01 0.0000e+00 3.5290e+04 0.0000e+00
2.5800e+03 8.8944e-12 8.0693e-01 1.6995e+03 5.6327e+03 5.7000e+03 2.3191e+20 2.0856e+19 2.0856e+19 1.1964e-01 0.0000e+00 3.5394e+04 0.0000e+00
2.5900e+03 8.8603e-12 8.0651e-01 1.6989e+03 5.6308e+03 5.7000e+03 2.3385e+20 2.0988e+19 2.0988e+19 1.1924e-01 0.0000e+00 3.5497e+04 0.0000e+00
2.6000e+03 8.8263e-12 8.0608e-01 1.6984e+03 5.6290e+03 5.7000e+03 2.3582e+20 2.1122e+19 2.1122e+19 1.1885e-01 0.0000e+00 3.5601e+04 0.0000e+00
2.6100e+03 8.7924e-12 8.0565e-01 1.6978e+03 5.6271e+03 5.7000e+03 2.3780e+20 2.1256e+19 2.1256e+19 1.1846e-01 0.0000e+00 3.5705e+04 0.0000e+00
2.6200e+03 8.7586e-12 8.0522e-01 1.6973e+03 5.6253e+03 5.7000e+03 2.3980e+20 2.1391e+19 2.1391e+19 1.1806e-01 0.0000e+00 3.5809e+04 0.0000e+00
2.6300e+03 8.7250e-12 8.0479e-01 1.6967e+03 5.6234e+03 5.7000e+03 2.4181e+20 2.1526e+19 2.1526e+19 1.1767e-01 0.0000e+00 3.5914e+04 0.0000e+00
2.6400e+03 8.6915e-12 8.0437e-01 1.6962e+03 5.6216e+03 5.7000e+03 2.4385e+20 2.1663e+19 2.1663e+19 1.1728e-01 0.0000e+00 3.6019e+04 0.0000e+00
2.6500e+03 8.6581e-12 8.0394e-01 1.6956e+03 5.6197e+03 5.7000e+03 2.4590e+20 2.1800e+19 2.1800e+19 1.1689e-01 0.0000e+00 3.6125e+04 0.0000e+00
2.6600e+03 8.6248e-12 8.0352e-01 1.6950e+03 5.6179e+03 5.7000e+03 2.4797e+20 2.1938e+19 2.1938e+19 1.1651e-01 0.0000e+00 3.6230e+04 0.0000e+00
2.6700e+03 8.5917e-12 8.0309e-01 1.6945e+03 5.6161e+03 5.7000e+03 2.5005e+20 2.2077e+19 2.2077e+19 1.1612e-01 0.0000e+00 3.6337e+04 0.0000e+00
2.6800e+03 8.5587e-12 8.0266e-01 1.6939e+03 5.6142e+03 5.7000e+03 2.5215e+20 2.2217e+19 2.2217e+19 1.1574e-01 0.0000e+00 3.6443e+04 0.0000e+00
2.6900e+03 8.5259e-12 8.0224e-01 1.6934e+03 5.6124e+03 5.7000e+03 2.5427e+20 2.2357e+19 2.2357e+19 1.1535e-01 0.0000e+00 3.6550e+04 0.0000e+00
2.7000e+03 8.4931e-12 8.0181e-01 1.6928e+03 5.6106e+03 5.7000e+03 2.5641e+20 2.2499e+19 2.2499e+19 1.1497e-01 0.0000e+00 3.6657e+04 0.0000e+00
2.7100e+03 8.4605e-12 8.0139e-01 1.6923e+03 5.6087e+03 5.7000e+03 2.5857e+20 2.2641e+19 2.2641e+19 1.1459e-01 0.0000e+00 3.6764e+04 0.0000e+00
2.7200e+03 8.4280e-12 8.0096e-01 1.6917e+03 5.6069e+03 5.7000e+03 2.6075e+20 2.2784e+19 2.2784e+19 1.1421e-01 0.0000e+00 3.6872e+04 0.0000e+00
2.7300e+03 8.3957e-12 8.0054e-01 1.6912e+03 5.6051e+03 5.7000e+03 2.6294e+20 2.2928e+19 2.2928e+19 1.1383e-01 0.0000e+00 3.6980e+04 0.0000e+00
2.7400e+03 8.3634e-12 8.0011e-01 1.6906e+03 5.6033e+03 5.7000e+03 2.6516e+20 2.3072e+19 2.3072e+19 1.1346e-01 0.0000e+00 3.7088e+04 0.0000e+00
2.7500e+03 8.3313e-12 7.9969e-01 1.6901e+03 5.6014e+03 5.7000e+03 2.6739e+20 2.3218e+19 2.3218e+19 1.1308e-01 0.0000e+00 3.7197e+04 0.0000e+00
2.7600e+03 8.2993e-12 7.9926e-01 1.6895e+03 5.5996e+03 5.7000e+03 2.6964e+20 2.3364e+19 2.3364e+19 1.1271e-01 0.0000e+00 3.7306e+04 0.0000e+00
2.7700e+03 8.2675e-12 7.9884e-01 1.6890e+03 5.5978e+03 5.7000e+03 2.7191e+20 2.3511e+19 2.3511e+19 1.1233e-01 0.0000e+00 3.7415e+04 0.0000e+00
2.7800e+03 8.2357e-12 7.9841e-01 1.6884e+03 5.5960e+03 5.7000e+03 2.7420e+20 2.3659e+19 2.3659e+19 1.1196e-01 0.0000e+00 3.7524e+04 0.0000e+00
2.7900e+03 8.2041e-12 7.9799e-01 1.6879e+03 5.5942e+03 5.7000e+03 2.7651e+20 2.3808e+19 2.3808e+19 1.1159e-01 0.0000e+00 3.7634e+04 0.0000e+00
2.8000e+03 8.1726e-12 7.9756e-01 1.6873e+03 5.5924e+03 5.7000e+03 2.7884e+20 2.3958e+19 2.3958e+19 1.1122e-01 0.0000e+00 3.7745e+04 0.0000e+00
2.8100e+03 8.1412e-12 7.9714e-01 1.6868e+03 5.5906e+03 5.7000e+03 2.8119e+20 2.4108e+19 2.4108e+19 1.1085e-01 0.0000e+00 3.7855e+04 0.0000e+00
2.8200e+03 8.1099e-12 7.9672e-01 1.6863e+03 5.5888e+03 5.7000e+03 2.8355e+20 2.4260e+19 2.4260e+19 1.1049e-01 0.0000e+00 3.7966e+04 0.0000e+00
2.8300e+03 8.0788e-12 7.9629e-01 1.6857e+03 5.5870e+03 5.7000e+03 2.8594e+20 2.4412e+19 2.4412e+19 1.1012e-01 0.0000e+00 3.8077e+04 0.0000e+00
2.8400e+03 8.0478e-12 7.9587e-01 1.6852e+03 5.5852e+03 5.7000e+03 2.8835e+20 2.4565e+19 2.4565e+19 1.0976e-01 0.0000e+00 3.8189e+04 0.0000e+00
2.8500e+03 8.0169e-12 7.9545e-01 1.6846e+03 5.5834e+03 5.7000e+03 2.9078e+20 2.4719e+19 2.4719e+19 1.0939e-01 0.0000e+00 3.8301e+04 0.0000e+00
2.8600e+03 7.9861e-12 7.9502e-01 1.6841e+03 5.5816e+03 5.7000e+03 2.9323e+20 2.4874e+19 2.4874e+19 1.0903e-01 0.0000e+00 3.8413e+04 0.0000e+00
2.8700e+03 7.9554e-12 7.9460e-01 1.6835e+03 5.5798e+03 5.7000e+03 2.9570e+20 2.5030e+19 2.5030e+19 1.0867e-01 0.0000e+00 3.8526e+04 0.0000e+00
2.8800e+03 7.9249e-12 7.9417e-01 1.6830e+03 5.5780e+03 5.7000e+03 2.9820e+20 2.5186e+19 2.5186e+19 1.0831e-01 0.0000e+00 3.8639e+04 0.0000e+00
2.8900e+03 7.8944e-12 7.9375e-01 1.6825e+03 5.5762e+03 5.7000e+03 3.0071e+20 2.5344e+19 2.5344e+19 1.0795e-01 0.0000e+00 3.8752e+04 0.0000e+00
2.9000e+03 7.8641e-12 7.9333e-01 1.6819e+03 5.5744e+03 5.7000e+03 3.0324e+20 2.5502e+19 2.5502e+19 1.0760e-01 0.0000e+00 3.8866e+04 0.0000e+00
2.9100e+03 7.8339e-12 7.9290e-01 1.6814e+03 5.5726e+03 5.7000e+03 3.0580e+20 2.5662e+19 2.5662e+19 1.0724e-01 0.0000e+00 3.8979e+04 0.0000e+00
2.9200e+03 7.8038e-12 7.9248e-01 1.6808e+03 5.5708e+03 5.7000e+03 3.0838e+20 2.5822e+19 2.5822e+19 1.0689e-01 0.0000e+00 3.9094e+04 0.0000e+00
2.9300e+03 7.7739e-12 7.9206e-01 1.6803e+03 5.5691e+03 5.7000e+03 3.1098e+20 2.5983e+19 2.5983e+19 1.0653e-01 0.0000e+00 3.9208e+04 0.0000e+00
2.9400e+03 7.7440e-12 7.9163e-01 1.6798e+03 5.5673e+03 5.7000e+03 3.1360e+20 2.6145e+19 2.6145e+19 1.0618e-01 0.0000e+00 3.9323e+04 0.0000e+00
2.9500e+03 7.7143e-12 7.9121e-01 1.6792e+03 5.5655e+03 5.7000e+03 3.1625e+20 2.6308e+19 2.6308e+19 1.0583e-01 0.0000e+00 3.9439e+04 0.0000e+00
2.9600e+03 7.6847e-12 7.9079e-01 1.6787e+03 5.5637e+03 5.7000e+03 3.1891e+20 2.6472e+19 2.6472e+19 1.0548e-01 0.0000e+00 3.9554e+04 0.0000e+00
2.9700e+03 7.6551e-12 7.9036e-01 1.6782e+03 5.5620e+03 5.7000e+03 3.2160e+20 2.6636e+19 2.6636e+19 1.0513e-01 0.0000e+00 3.9670e+04 0.0000e+00
2.9800e+03 7.6258e-12 7.8994e-01 1.6776e+03 5.5602e+03 5.7000e+03 3.2431e+20 2.6802e+19 2.6802e+19 1.0478e-01 0.0000e+00 3.9786e+04 0.0000e+00
2.9900e+03 7.5965e-12 7.8952e-01 1.6771e+03 5.5584e+03 5.7000e+03 3.2705e+20 2.6968e+19 2.6968e+19 1.0444e-01 0.0000e+00 3.9903e+04 0.0000e+00
3.0000e+03 7.5673e-12 7.8909e-01 1.6766e+03 5.5567e+03 5.7000e+03 3.2981e+20 2.7136e+19 2.7136e+19 1.0409e-01 0.0000e+00 4.0020e+04 0.0000e+00
3.0100e+03 7.5382e-12 7.8867e-01 1.6760e+03 5.5549e+03 5.7000e+03 3.3259e+20 2.7304e+19 2.7304e+19 1.0375e-01 0.0000e+00 4.0137e+04 0.0000e+00
3.0200e+03 7.5093e-12 7.8824e-01 1.6755e+03 5.5531e+03 5.7000e+03 3.3540e+20 2.7474e+19 2.7474e+19 1.0340e-01 0.0000e+00 4.0255e+04 0.0000e+00
3.0300e+03 7.4805e-12 7.8782e-01 1.6750e+03 5.5514e+03 5.7000e+03 3.3823e+20 2.7644e+19 2.7644e+19 1.0306e-01 0.0000e+00 4.0373e+04 0.0000e+00
3.0400e+03 7.4517e-12 7.8740e-01 1.6744e+03 5.5496e+03 5.7000e+03 3.4108e+20 2.7815e+19 2.7815e+19 1.0272e-01 0.0000e+00 4.0491e+04 0.0000e+00
3.0500e+03 7.4231e-12 7.8697e-01 1.6739e+03 5.5479e+03 5.7000e+03 3.4396e+20 2.7987e+19 2.7987e+19 1.0238e-01 0.0000e+00 4.0610e+04 0.0000e+00
3.0600e+03 7.3946e-12 7.8655e-01 1.6734e+03 5.5461e+03 5.7000e+03 3.4686e+20 2.8160e+19 2.8160e+19 1.0204e-01 0.0000e+00 4.0729e+04 0.0000e+00
3.0700e+03 7.3662e-12 7.8612e-01 1.6729e+03 5.5444e+03 5.7000e+03 3.4978e+20 2.8334e+19 2.8334e+19 1.0171e-01 0.0000e+00 4.0849e+04 0.0000e+00
3.0800e+03 7.3379e-12 7.8570e-01 1.6723e+03 5.5426e+03 5.7000e+03 3.5274e+20 2.8509e+19 2.8509e+19 1.0137e-01 0.0000e+00 4.0968e+04 0.0000e+00
3.0900e+03 7.3098e-12 7.8528e-01 1.6718e+03 5.5409e+03 5.7000e+03 3.5571e+20 2.8685e+19 2.8685e+19 1.0104e-01 0.0000e+00 4.1088e+04 0.0000e+00
3.1000e+03 7.2817e-12 7.8485e-01 1.6713e+03 5.5392e+03 5.7000e+03 3.5871e+20 2.8862e+19 2.8862e+19 1.0070e-01 0.0000e+00 4.1209e+04 0.0000e+00
3.1100e+03 7.2537e-12 7.8443e-01 1.6708e+03 5.5374e+03 5.7000e+03 3.6174e+20 2.9040e+19 2.9040e+19 1.0037e-01 0.0000e+00 4.1330e+04 0.0000e+00
3.1200e+03 7.2259e-12 7.8400e-01 1.6702e+03 5.5357e+03 5.7000e+03 3.6479e+20 2.9219e+19 2.9219e+19 1.0004e-01 0.0000e+00 4.1451e+04 0.0000e+00
3.1300e+03 7.1981e-12 7.8358e-01 1.6697e+03 5.5339e+03 5.7000e+03 3.6787e+20 2.9399e+19 2.9399e+19 9.9709e-02 0.0000e+00 4.1572e+04 0.0000e+00
3.1400e+03 7.1705e-12 7.8316e-01 1.6692e+03 5.5322e+03 5.7000e+03 3.7098e+20 2.9580e+19 2.9580e+19 9.9380e-02 0.0000e+00 4.1694e+04 0.0000e+00
3.1500e+03 7.1429e-12 7.8273e-01 1.6687e+03 5.5305e+03 5.7000e+03 3.7411e+20 2.9761e+19 2.9761e+19 9.9052e-02 0.0000e+00 4.1817e+04 0.0000e+00
3.1600e+03 7.1155e-12 7.8231e-01 1.6681e+03 5.5288e+03 5.7000e+03 3.7726e+20 2.9944e+19 2.9944e+19 9.8725e-02 0.0000e+00 4.1939e+04 0.0000e+00
3.1700e+03 7.0882e-12 7.8188e-01 1.6676e+03 5.5270e+03 5.7000e+03 3.8045e+20 3.0128e+19 3.0128e+19 9.8399e-02 0.0000e+00 4.2062e+04 0.0000e+00
3.1800e+03 7.0610e-12 7.8146e-01 1.6671e+03 5.5253e+03 5.7000e+03 3.8366e+20 3.0313e+19 3.0313e+19 9.8075e-02 0.0000e+00 4.2185e+04 0.0000e+00
3.1900e+03 7.0339e-12 7.8103e-01 1.6666e+03 5.5236e+03 5.7000e+03 3.8690e+20 3.0498e+19 3.0498e+19 9.7751e-02 0.0000e+00 4.2309e+04 0.0000e+00
3.2000e+03 7.0069e-12 7.8061e-01 1.6661e+03 5.5219e+03 5.7000e+03 3.9016e+20 3.0685e+19 3.0685e+19 9.7429e-02 0.0000e+00 4.2433e+04 0.0000e+00
3.2100e+03 6.9799e-12 7.8018e-01 1.6656e+03 5.5202e+03 5.7000e+03 3.9346e+20 3.0873e+19 3.0873e+19 9.7108e-02 0.0000e+00 4.2557e+04 0.0000e+00
3.2200e+03 6.9531e-12 7.7976e-01 1.6650e+03 5.5184e+03 5.7000e+03 3.9678e+20 3.1062e+19 3.1062e+19 9.6787e-02 0.0000e+00 4.2682e+04 0.0000e+00
3.2300e+03 6.9264e-12 7.7933e-01 1.6645e+03 5.5167e+03 5.7000e+03 4.0013e+20 3.1251e+19 3.1251e+19 9.6468e-02 0.0000e+00 4.2807e+04 0.0000e+00
3.2400e+03 6.8998e-12 7.7891e-01 1.6640e+03 5.5150e+03 5.7000e+03 4.0351e+20 3.1442e+19 3.1442e+19 9.6150e-02 0.0000e+00 4.2933e+04 0.0000e+00
3.2500e+03 6.8733e-12 7.7848e-01 1.6635e+03 5.5133e+03 5.7000e+03 4.0691e+20 3.1634e+19 3.1634e+19 9.5834e-02 0.0000e+00 4.3059e+04 0.0000e+00
3.2600e+03 6.8470e-12 7.7806e-01 1.6630e+03 5.5116e+03 5.7000e+03 4.1035e+20 3.1827e+19 3.1827e+19 9.5518e-02 0.0000e+00 4.3185e+04 0.0000e+00
3.2700e+03 6.8207e-12 7.7763e-01 1.6625e+03 5.5099e+03 5.7000e+03 4.1381e+20 3.2021e+19 3.2021e+19 9.5203e-02 0.0000e+00 4.3311e+04 0.0000e+00
3.2800e+03 6.7945e-12 7.7720e-01 1.6619e+03 5.5082e+03 5.7000e+03 4.1731e+20 3.2216e+19 3.2216e+19 9.4889e-02 0.0000e+00 4.3438e+04 0.0000e+00
3.2900e+03 6.7684e-12 7.7678e-01 1.6614e+03 5.5065e+03 5.7000e+03 4.2083e+20 3.2412e+19 3.2412e+19 9.4577e-02 0.0000e+00 4.3566e+04 0.0000e+00
3.3000e+03 6.7424e-12 7.7635e-01 1.6609e+03 5.5048e+03 5.7000e+03 4.2438e+20 3.2609e+19 3.2609e+19 9.4265e-02 0.0000e+00 4.3693e+04 0.0000e+00
3.3100e+03 6.7165e-12 7.7593e-01 1.6604e+03 5.5031e+03 5.7000e+03 4.2797e+20 3.2807e+19 3.2807e+19 9.3955e-02 0.0000e+00 4.3821e+04 0.0000e+00
3.3200e+03 6.6907e-12 7.7550e-01 1.6599e+03 5.5014e+03 5.7000e+03 4.3158e+20 3.3006e+19 3.3006e+19 9.3646e-02 0.0000e+00 4.3950e+04 0.0000e+00
3.3300e+03 6.6650e-12 7.7507e-01 1.6594e+03 5.4998e+03 5.7000e+03 4.3522e+20 3.3206e+19 3.3206e+19 9.3337e-02 0.0000e+00 4.4079e+04 0.0000e+00
3.3400e+03 6.6394e-12 7.7465e-01 1.6589e+03 5.4981e+03 5.7000e+03 4.3890e+20 3.3407e+19 3.3407e+19 9.3030e-02 0.0000e+00 4.4208e+04 0.0000e+00
3.3500e+03 6.6139e-12 7.7422e-01 1.6584e+03 5.4964e+03 5.7000e+03 4.4260e+20 3.3609e+19 3.3609e+19 9.2724e-02 0.0000e+00 4.4337e+04 0.0000e+00
3.3600e+03 6.5885e-12 7.7379e-01 1.6579e+03 5.4947e+03 5.7000e+03 4.4634e+20 3.3812e+19 3.3812e+19 9.2419e-02 0.0000e+00 4.4467e+04 0.0000e+00
3.3700e+03 6.5632e-12 7.7337e-01 1.6574e+03 5.4930e+03 5.7000e+03 4.5011e+20 3.4017e+19 3.4017e+19 9.2115e-02 0.0000e+00 4.4598e+04 0.0000e+00
3.3800e+03 6.5380e-12 7.7294e-01 1.6569e+03 5.4914e+03 5.7000e+03 4.5391e+20 3.4222e+19 3.4222e+19 9.1812e-02 0.0000e+00 4.4728e+04 0.0000e+00
3.3900e+03 6.5129e-12 7.7251e-01 1.6564e+03 5.4897e+03 5.7000e+03 4.5774e+20 3.4428e+19 3.4428e+19 9.1510e-02 0.0000e+00 4.4859e+04 0.0000e+00
3.4000e+03 6.4879e-12 7.7209e-01 1.6559e+03 5.4880e+03 5.7000e+03 4.6161e+20 3.4636e+19 3.4636e+19 9.1209e-02 0.0000e+00 4.4991e+04 0.0000e+00
3.4100e+03 6.4630e-12 7.7166e-01 1.6554e+03 5.4863e+03 5.7000e+03 4.6551e+20 3.4845e+19 3.4845e+19 9.0909e-02 0.0000e+00 4.5123e+04 0.0000e+00
3.4200e+03 6.4382e-12 7.7123e-01 1.6548e+03 5.4847e+03 5.7000e+03 4.6944e+20 3.5054e+19 3.5054e+19 9.0610e-02 0.0000e+00 4.5255e+04 0.0000e+00
3.4300e+03 6.4135e-12 7.7080e-01 1.6543e+03 5.4830e+03 5.7000e+03 4.7340e+20 3.5265e+19 3.5265e+19 9.0312e-02 0.0000e+00 4.5387e+04 0.0000e+00
3.4400e+03 6.3888e-12 7.7038e-01 1.6538e+03 5.4814e+03 5.7000e+03 4.7740e+20 3.5477e+19 3.5477e+19 9.0015e-02 0.0000e+00 4.5520e+04 0.0000e+00
3.4500e+03 6.3643e-12 7.6995e-01 1.6533e+03 5.4797e+03 5.7000e+03 4.8143e+20 3.5690e+19 3.5690e+19 8.9719e-02 0.0000e+00 4.5654e+04 0.0000e+00
3.4600e+03 6.3399e-12 7.6952e-01 1.6528e+03 5.4780e+03 5.7000e+03 4.8550e+20 3.5904e+19 3.5904e+19 8.9425e-02 0.0000e+00 4.5788e+04 0.0000e+00
3.4700e+03 6.3155e-12 7.6909e-01 1.6523e+03 5.4764e+03 5.7000e+03 4.8960e+20 3.6119e+19 3.6119e+19 8.9131e-02 0.0000e+00 4.5922e+04 0.0000e+00
3.4800e+03 6.2913e-12 7.6866e-01 1.6518e+03 5.4747e+03 5.7000e+03 4.9373e+20 3.6336e+19 3.6336e+19 8.8838e-02 0.0000e+00 4.6056e+04 0.0000e+00
3.4900e+03 6.2671e-12 7.6824e-01 1.6513e+03 5.4731e+03 5.7000e+03 4.9790e+20 3.6553e+19 3.6553e+19 8.8546e-02 0.0000e+00 4.6191e+04 0.0000e+00
3.5000e+03 6.2430e-12 7.6781e-01 1.6509e+03 5.4714e+03 5.7000e+03 5.0211e+20 3.6772e+19 3.6772e+19 8.8255e-02 0.0000e+00 4.6326e+04 0.0000e+00
3.5100e+03 6.2191e-12 7.6738e-01 1.6504e+03 5.4698e+03 5.7000e+03 5.0635e+20 3.6991e+19 3.6991e+19 8.7966e-02 0.0000e+00 4.6462e+04 0.0000e+00
3.5200e+03 6.1952e-12 7.6695e-01 1.6499e+03 5.4682e+03 5.7000e+03 5.1063e+20 3.7212e+19 3.7212e+19 8.7677e-02 0.0000e+00 4.6598e+04 0.0000e+00
3.5300e+03 6.1714e-12 7.6652e-01 1.6494e+03 5.4665e+03 5.7000e+03 5.1494e+20 3.7434e+19 3.7434e+19 8.7389e-02 0.0000e+00 4.6735e+04 0.0000e+00
3.5400e+03 6.1477e-12 7.6609e-01 1.6489e+03 5.4649e+03 5.7000e+03 5.1929e+20 3.7657e+19 3.7657e+19 8.7102e-02 0.0000e+00 4.6872e+04 0.0000e+00
3.5500e+03 6.1241e-12 7.6566e-01 1.6484e+03 5.4632e+03 5.7000e+03 5.2368e+20 3.7881e+19 3.7881e+19 8.6816e-02 0.0000e+00 4.7009e+04 0.0000e+00
3.5600e+03 6.1006e-12 7.6523e-01 1.6479e+03 5.4616e+03 5.7000e+03 5.2810e+20 3.8107e+19 3.8107e+19 8.6531e-02 0.0000e+00 4.7147e+04 0.0000e+00
3.5700e+03 6.0771e-12 7.6480e-01 1.6474e+03 5.4600e+03 5.7000e+03 5.3256e+20 3.8333e+19 3.8333e+19 8.6247e-02 0.0000e+00 4.7285e+04 0.0000e+00
3.5800e+03 6.0538e-12 7.6438e-01 1.6469e+03 5.4583e+03 5.7000e+03 5.3706e+20 3.8561e+19 3.8561e+19 8.5964e-02 0.0000e+00 4.7423e+04 0.0000e+00
3.5900e+03 6.0306e-12 7.6395e-01 1.6464e+03 5.4567e+03 5.7000e+03 5.4160e+20 3.8790e+19 3.8790e+19 8.5683e-02 0.0000e+00 4.7562e+04 0.0000e+00
3.6000e+03 6.0074e-12 7.6352e-01 1.6459e+03 5.4551e+03 5.7000e+03 5.4617e+20 3.9020e+19 3.9020e+19 8.5402e-02 0.0000e+00 4.7701e+04 0.0000e+00
3.6100e+03 5.9843e-12 7.6309e-01 1.6454e+03 5.4535e+03 5.7000e+03 5.5079e+20 3.9251e+19 3.9251e+19 8.5121e-02 0.0000e+00 4.7841e+04 0.0000e+00
3.6200e+03 5.9614e-12 7.6266e-01 1.6449e+03 5.4519e+03 5.7000e+03 5.5544e+20 3.9483e+19 3.9483e+19 8.4842e-02 0.0000e+00 4.7981e+04 0.0000e+00
3.6300e+03 5.9385e-12 7.6223e-01 1.6445e+03 5.4502e+03 5.7000e+03 5.6013e+20 3.9716e+19 3.9716e+19 8.4564e-02 0.0000e+00 4.8122e+04 0.0000e+00
3.6400e+03 5.9157e-12 7.6180e-01 1.6440e+03 5.4486e+03 5.7000e+03 5.6486e+20 3.9951e+19 3.9951e+19 8.4287e-02 0.0000e+00 4.8263e+04 0.0000e+00
3.6500e+03 5.8929e-12 7.6137e-01 1.6435e+03 5.4470e+03 5.7000e+03 5.6964e+20 4.0187e+19 4.0187e+19 8.4011e-02 0.0000e+00 4.8404e+04 0.0000e+00
3.6600e+03 5.8703e-12 7.6094e-01 1.6430e+03 5.4454e+03 5.7000e+03 5.7445e+20 4.0424e+19 4.0424e+19 8.3736e-02 0.0000e+00 4.8546e+04 0.0000e+00
3.6700e+03 5.8478e-12 7.6051e-01 1.6425e+03 5.4438e+03 5.7000e+03 5.7930e+20 4.0662e+19 4.0662e+19 8.3461e-02 0.0000e+00 4.8688e+04 0.0000e+00
3.6800e+03 5.8253e-12 7.6008e-01 1.6420e+03 5.4422e+03 5.7000e+03 5.8420e+20 4.0901e+19 4.0901e+19 8.3188e-02 0.0000e+00 4.8830e+04 0.0000e+00
3.6900e+03 5.8029e-12 7.5964e-01 1.6415e+03 5.4406e+03 5.7000e+03 5.8913e+20 4.1142e+19 4.1142e+19 8.2915e-02 0.0000e+00 4.8973e+04 0.0000e+00
3.7000e+03 5.7807e-12 7.5921e-01 1.6411e+03 5.4390e+03 5.7000e+03 5.9411e+20 4.1384e+19 4.1384e+19 8.2644e-02 0.0000e+00 4.9117e+04 0.0000e+00
3.7100e+03 5.7585e-12 7.5878e-01 1.6406e+03 5.4374e+03 5.7000e+03 5.9913e+20 4.1626e+19 4.1626e+19 8.2373e-02 0.0000e+00 4.9261e+04 0.0000e+00
3.7200e+03 5.7364e-12 7.5835e-01 1.6401e+03 5.4358e+03 5.7000e+03 6.0420e+20 4.1871e+19 4.1871e+19 8.2104e-02 0.0000e+00 4.9405e+04 0.0000e+00
3.7300e+03 5.7143e-12 7.5792e-01 1.6396e+03 5.4342e+03 5.7000e+03 6.0930e+20 4.2116e+19 4.2116e+19 8.1835e-02 0.0000e+00 4.9549e+04 0.0000e+00
3.7400e+03 5.6924e-12 7.5749e-01 1.6391e+03 5.4326e+03 5.7000e+03 6.1445e+20 4.2363e+19 4.2363e+19 8.1567e-02 0.0000e+00 4.9694e+04 0.0000e+00
3.7500e+03 5.6705e-12 7.5706e-01 1.6387e+03 5.4310e+03 5.7000e+03 6.1964e+20 4.2610e+19 4.2610e+19 8.1300e-02 0.0000e+00 4.9840e+04 0.0000e+00
3.7600e+03 5.6488e-12 7.5663e-01 1.6382e+03 5.4295e+03 5.7000e+03 6.2488e+20 4.2859e+19 4.2859e+19 8.1034e-02 0.0000e+00 4.9986e+04 0.0000e+00
3.7700e+03 5.6271e-12 7.5620e-01 1.6377e+03 5.4279e+03 5.7000e+03 6.3016e+20 4.3109e+19 4.3109e+19 8.0769e-02 0.0000e+00 5.0132e+04 0.0000e+00
3.7800e+03 5.6055e-12 7.5576e-01 1.6372e+03 5.4263e+03 5.7000e+03 6.3549e+20 4.3361e+19 4.3361e+19 8.0505e-02 0.0000e+00 5.0279e+04 0.0000e+00
3.7900e+03 5.5839e-12 7.5533e-01 1.6368e+03 5.4247e+03 5.7000e+03 6.4086e+20 4.3614e+19 4.3614e+19 8.0242e-02 0.0000e+00 5.0426e+04 0.0000e+00
3.8000e+03 5.5625e-12 7.5490e-01 1.6363e+03 5.4231e+03 5.7000e+03 6.4627e+20 4.3868e+19 4.3868e+19 7.9979e-02 0.0000e+00 5.0574e+04 0.0000e+00
3.8100e+03 5.5411e-12 7.5447e-01 1.6358e+03 5.4216e+03 5.7000e+03 6.5174e+20 4.4123e+19 4.4123e+19 7.9718e-02 0.0000e+00 5.0722e+04 0.0000e+00
3.8200e+03 5.5198e-12 7.5404e-01 1.6353e+03 5.4200e+03 5.7000e+03 6.5724e+20 4.4379e+19 4.4379e+19 7.9457e-02 0.0000e+00 5.0870e+04 0.0000e+00
3.8300e+03 5.4987e-12 7.5360e-01 1.6349e+03 5.4184e+03 5.7000e+03 6.6280e+20 4.4637e+19 4.4637e+19 7.9197e-02 0.0000e+00 5.1019e+04 0.0000e+00
3.8400e+03 5.4775e-12 7.5317e-01 1.6344e+03 5.4169e+03 5.7000e+03 6.6840e+20 4.4896e+19 4.4896e+19 7.8938e-02 0.0000e+00 5.1168e+04 0.0000e+00
3.8500e+03 5.4565e-12 7.5274e-01 1.6339e+03 5.4153e+03 5.7000e+03 6.7405e+20 4.5156e+19 4.5156e+19 7.8680e-02 0.0000e+00 5.1318e+04 0.0000e+00
3.8600e+03 5.4355e-12 7.5231e-01 1.6334e+03 5.4137e+03 5.7000e+03 6.7975e+20 4.5417e+19 4.5417e+19 7.8423e-02 0.0000e+00 5.1468e+04 0.0000e+00
3.8700e+03 5.4147e-12 7.5187e-01 1.6330e+03 5.4122e+03 5.7000e+03 6.8550e+20 4.5680e+19 4.5680e+19 7.8167e-02 0.0000e+00 5.1619e+04 0.0000e+00
3.8800e+03 5.3939e-12 7.5144e-01 1.6325e+03 5.4106e+03 5.7000e+03 6.9129e+20 4.5944e+19 4.5944e+19 7.7912e-02 0.0000e+00 5.1770e+04 0.0000e+00
3.8900e+03 5.3732e-12 7.5101e-01 1.6320e+03 5.4091e+03 5.7000e+03 6.9714e+20 4.6209e+19 4.6209e+19 7.7657e-02 0.0000e+00 5.1922e+04 0.0000e+00
3.9000e+03 5.3525e-12 7.5058e-01 1.6316e+03 5.4075e+03 5.7000e+03 7.0303e+20 4.6475e+19 4.6475e+19 7.7404e-02 0.0000e+00 5.2074e+04 0.0000e+00
3.9100e+03 5.3320e-12 7.5014e-01 1.6311e+03 5.4060e+03 5.7000e+03 7.0898e+20 4.6743e+19 4.6743e+19 7.7151e-02 0.0000e+00 5.2226e+04 0.0000e+00
3.9200e+03 5.3115e-12 7.4971e-01 1.6306e+03 5.4044e+03 5.7000e+03 7.1497e+20 4.7012e+19 4.7012e+19 7.6899e-02 0.0000e+00 5.2379e+04 0.0000e+00
3.9300e+03 5.2911e-12 7.4928e-01 1.6302e+03 5.4029e+03 5.7000e+03 7.2102e+20 4.7283e+19 4.7283e+19 7.6648e-02 0.0000e+00 5.2532e+04 0.0000e+00
3.9400e+03 5.2708e-12 7.4884e-01 1.6297e+03 5.4013e+03 5.7000e+03 7.2711e+20 4.7554e+19 4.7554e+19 7.6398e-02 0.0000e+00 5.2686e+04 0.0000e+00
3.9500e+03 5.2506e-12 7.4841e-01 1.6292e+03 5.3998e+03 5.7000e+03 7.3326e+20 4.7827e+19 4.7827e+19 7.6149e-02 0.0000e+00 5.2840e+04 0.0000e+00
3.9600e+03 5.2304e-12 7.4798e-01 1.6288e+03 5.3983e+03 5.7000e+03 7.3946e+20 4.8101e+19 4.8101e+19 7.5900e-02 0.0000e+00 5.2995e+04 0.0000e+00
3.9700e+03 5.2103e-12 7.4754e-01 1.6283e+03 5.3967e+03 5.7000e+03 7.4572e+20 4.8377e+19 4.8377e+19 7.5653e-02 0.0000e+00 5.3150e+04 0.0000e+00
3.9800e+03 5.1903e-12 7.4711e-01 1.6278e+03 5.3952e+03 5.7000e+03 7.5203e+20 4.8654e+19 4.8654e+19 7.5406e-02 0.0000e+00 5.3305e+04 0.0000e+00
3.9900e+03 5.1704e-12 7.4668e-01 1.6274e+03 5.3937e+03 5.7000e+03 7.5839e+20 4.8932e+19 4.8932e+19 7.5160e-02 0.0000e+00 5.3462e+04 0.0000e+00
4.0000e+03 5.1505e-12 7.4624e-01 1.6269e+03 5.3921e+03 5.7000e+03 7.6480e+20 4.9211e+19 4.9211e+19 7.4915e-02 0.0000e+00 5.3618e+04 0.0000e+00
4.0100e+03 5.1307e-12 7.4581e-01 1.6265e+03 5.3906e+03 5.7000e+03 7.7127e+20 4.9492e+19 4.9492e+19 7.4670e-02 0.0000e+00 5.3775e+04 0.0000e+00
4.0200e+03 5.1110e-12 7.4538e-01 1.6260e+03 5.3891e+03 5.7000e+03 7.7780e+20 4.9774e+19 4.9774e+19 7.4427e-02 0.0000e+00 5.3932e+04 0.0000e+00
4.0300e+03 5.0914e-12 7.4494e-01 1.6255e+03 5.3876e+03 5.7000e+03 7.8438e+20 5.0058e+19 5.0058e+19 7.4184e-02 0.0000e+00 5.4090e+04 0.0000e+00
4.0400e+03 5.0719e-12 7.4451e-01 1.6251e+03 5.3860e+03 5.7000e+03 7.9101e+20 5.0342e+19 5.0342e+19 7.3942e-02 0.0000e+00 5.4248e+04 0.0000e+00
4.0500e+03 5.0524e-12 7.4408e-01 1.6246e+03 5.3845e+03 5.7000e+03 7.9770e+20 5.0628e+19 5.0628e+19 7.3701e-02 0.0000e+00 5.4407e+04 0.0000e+00
4.0600e+03 5.0330e-12 7.4364e-01 1.6242e+03 5.3830e+03 5.7000e+03 8.0445e+20 5.0916e+19 5.0916e+19 7.3461e-02 0.0000e+00 5.4566e+04 0.0000e+00
4.0700e+03 5.0137e-12 7.4321e-01 1.6237e+03 5.3815e+03 5.7000e+03 8.1126e+20 5.1204e+19 5.1204e+19 7.3222e-02 0.0000e+00 5.4726e+04 0.0000e+00
4.0800e+03 4.9944e-12 7.4277e-01 1.6233e+03 5.3800e+03 5.7000e+03 8.1813e+20 5.1495e+19 5.1495e+19 7.2983e-02 0.0000e+00 5.4886e+04 0.0000e+00
4.0900e+03 4.9752e-12 7.4234e-01 1.6228e+03 5.3785e+03 5.7000e+03 8.2505e+20 5.1786e+19 5.1786e+19 7.2746e-02 0.0000e+00 5.5047e+04 0.0000e+00
4.1000e+03 4.9561e-12 7.4191e-01 1.6224e+03 5.3770e+03 5.7000e+03 8.3203e+20 5.2079e+19 5.2079e+19 7.2509e-02 0.0000e+00 5.5208e+04 0.0000e+00
4.1100e+03 4.9371e-12 7.4147e-01 1.6219e+03 5.3755e+03 5.7000e+03 8.3907e+20 5.2373e+19 5.2373e+19 7.2273e-02 0.0000e+00 5.5370e+04 0.0000e+00
4.1200e+03 4.9181e-12 7.4104e-01 1.6214e+03 5.3740e+03 5.7000e+03 8.4618e+20 5.2668e+19 5.2668e+19 7.2037e-02 0.0000e+00 5.5532e+04 0.0000e+00
4.1300e+03 4.8992e-12 7.4060e-01 1.6210e+03 5.3725e+03 5.7000e+03 8.5334e+20 5.2965e+19 5.2965e+19 7.1803e-02 0.0000e+00 5.5694e+04 0.0000e+00
4.1400e+03 4.8804e-12 7.4017e-01 1.6205e+03 5.3710e+03 5.7000e+03 8.6056e+20 5.3263e+19 5.3263e+19 7.1569e-02 0.0000e+00 5.5857e+04 0.0000e+00
4.1500e+03 4.8617e-12 7.3974e-01 1.6201e+03 5.3695e+03 5.7000e+03 8.6785e+20 5.3563e+19 5.3563e+19 7.1336e-02 0.0000e+00 5.6021e+04 0.0000e+00
4.1600e+03 4.8430e-12 7.3930e-01 1.6196e+03 5.3680e+03 5.7000e+03 8.7519e+20 5.3864e+19 5.3864e+19 7.1104e-02 0.0000e+00 5.6185e+04 0.0000e+00
4.1700e+03 4.8244e-12 7.3887e-01 1.6192e+03 5.3665e+03 5.7000e+03 8.8261e+20 5.4166e+19 5.4166e+19 7.0872e-02 0.0000e+00 5.6349e+04 0.0000e+00
4.1800e+03 4.8059e-12 7.3843e-01 1.6187e+03 5.3650e+03 5.7000e+03 8.9008e+20 5.4470e+19 5.4470e+19 7.0642e-02 0.0000e+00 5.6514e+04 0.0000e+00
4.1900e+03 4.7874e-12 7.3800e-01 1.6183e+03 5.3636e+03 5.7000e+03 8.9762e+20 5.4775e+19 5.4775e+19 7.0412e-02 0.0000e+00 5.6680e+04 0.0000e+00
4.2000e+03 4.7691e-12 7.3756e-01 1.6179e+03 5.3621e+03 5.7000e+03 9.0522e+20 5.5082e+19 5.5082e+19 7.0183e-02 0.0000e+00 5.6845e+04 0.0000e+00
4.2100e+03 4.7507e-12 7.3713e-01 1.6174e+03 5.3606e+03 5.7000e+03 9.1288e+20 5.5390e+19 5.5390e+19 6.9954e-02 0.0000e+00 5.7012e+04 0.0000e+00
4.2200e+03 4.7325e-12 7.3670e-01 1.6170e+03 5.3591e+03 5.7000e+03 9.2062e+20 5.5699e+19 5.5699e+19 6.9727e-02 0.0000e+00 5.7179e+04 0.0000e+00
4.2300e+03 4.7143e-12 7.3626e-01 1.6165e+03 5.3576e+03 5.7000e+03 9.2841e+20 5.6009e+19 5.6009e+19 6.9500e-02 0.0000e+00 5.7346e+04 0.0000e+00
4.2400e+03 4.6962e-12 7.3583e-01 1.6161e+03 5.3562e+03 5.7000e+03 9.3628e+20 5.6322e+19 5.6322e+19 6.9274e-02 0.0000e+00 5.7514e+04 0.0000e+00
4.2500e+03 4.6782e-12 7.3539e-01 1.6156e+03 5.3547e+03 5.7000e+03 9.4421e+20 5.6635e+19 5.6635e+19 6.9049e-02 0.0000e+00 5.7682e+04 0.0000e+00
4.2600e+03 4.6602e-12 7.3496e-01 1.6152e+03 5.3532e+03 5.7000e+03 9.5221e+20 5.6950e+19 5.6950e+19 6.8824e-02 0.0000e+00 5.7851e+04 0.0000e+00
4.2700e+03 4.6423e-12 7.3452e-01 1.6147e+03 5.3518e+03 5.7000e+03 9.6028e+20 5.7266e+19 5.7266e+19 6.8601e-02 0.0000e+00 5.8021e+04 0.0000e+00
4.2800e+03 4.6245e-12 7.3409e-01 1.6143e+03 5.3503e+03 5.7000e+03 9.6842e+20 5.7584e+19 5.7584e+19 6.8378e-02 0.0000e+00 5.8190e+04 0.0000e+00
4.2900e+03 4.6068e-12 7.3366e-01 1.6139e+03 5.3489e+03 5.7000e+03 9.7662e+20 5.7903e+19 5.7903e+19 6.8155e-02 0.0000e+00 5.8361e+04 0.0000e+00
4.3000e+03 4.5891e-12 7.3322e-01 1.6134e+03 5.3474e+03 5.7000e+03 9.8490e+20 5.8224e+19 5.8224e+19 6.7934e-02 0.0000e+00 5.8532e+04 0.0000e+00
4.3100e+03 4.5714e-12 7.3279e-01 1.6130e+03 5.3459e+03 5.7000e+03 9.9325e+20 5.8546e+19 5.8546e+19 6.7713e-02 0.0000e+00 5.8703e+04 0.0000e+00
4.3200e+03 4.5539e-12 7.3235e-01 1.6126e+03 5.3445e+03 5.7000e+03 1.0017e+21 5.8869e+19 5.8869e+19 6.7493e-02 0.0000e+00 5.8875e+04 0.0000e+00
4.3300e+03 4.5364e-12 7.3192e-01 1.6121e+03 5.3430e+03 5.7000e+03 1.0102e+21 5.9194e+19 5.9194e+19 6.7274e-02 0.0000e+00 5.9047e+04 0.0000e+00
4.3400e+03 4.5190e-12 7.3148e-01 1.6117e+03 5.3416e+03 5.7000e+03 1.0187e+21 5.9520e+19 5.9520e+19 6.7055e-02 0.0000e+00 5.9220e+04 0.0000e+00
4.3500e+03 4.5016e-12 7.3105e-01 1.6112e+03 5.3402e+03 5.7000e+03 1.0274e+21 5.9848e+19 5.9848e+19 6.6837e-02 0.0000e+00 5.9394e+04 0.0000e+00
4.3600e+03 4.4843e-12 7.3062e-01 1.6108e+03 5.3387e+03 5.7000e+03 1.0361e+21 6.0177e+19 6.0177e+19 6.6620e-02 0.0000e+00 5.9568e+04 0.0000e+00
4.3700e+03 4.4671e-12 7.3018e-01 1.6104e+03 5.3373e+03 5.7000e+03 1.0449e+21 6.0507e+19 6.0507e+19 6.6404e-02 0.0000e+00 5.9742e+04 0.0000e+00
4.3800e+03 4.4500e-12 7.2975e-01 1.6099e+03 5.3358e+03 5.7000e+03 1.0537e+21 6.0839e+19 6.0839e+19 6.6188e-02 0.0000e+00 5.9917e+04 0.0000e+00
4.3900e+03 4.4329e-12 7.2931e-01 1.6095e+03 5.3344e+03 5.7000e+03 1.0627e+21 6.1173e+19 6.1173e+19 6.5973e-02 0.0000e+00 6.0093e+04 0.0000e+00
4.4000e+03 4.4159e-12 7.2888e-01 1.6091e+03 5.3330e+03 5.7000e+03 1.0717e+21 6.1508e+19 6.1508e+19 6.5759e-02 0.0000e+00 6.0269e+04 0.0000e+00
4.4100e+03 4.3989e-12 7.2845e-01 1.6086e+03 5.3315e+03 5.7000e+03 1.0808e+21 6.1844e+19 6.1844e+19 6.5546e-02 0.0000e+00 6.0445e+04 0.0000e+00
4.4200e+03 4.3820e-12 7.2801e-01 1.6082e+03 5.3301e+03 5.7000e+03 1.0899e+21 6.2182e+19 6.2182e+19 6.5333e-02 0.0000e+00 6.0622e+04 0.0000e+00
4.4300e+03 4.3652e-12 7.2758e-01 1.6078e+03 5.3287e+03 5.7000e+03 1.0992e+21 6.2522e+19 6.2522e+19 6.5121e-02 0.0000e+00 6.0800e+04 0.0000e+00
4.4400e+03 4.3484e-12 7.2714e-01 1.6073e+03 5.3273e+03 5.7000e+03 1.1085e+21 6.2862e+19 6.2862e+19 6.4909e-02 0.0000e+00 6.0978e+04 0.0000e+00
4.4500e+03 4.3317e-12 7.2671e-01 1.6069e+03 5.3258e+03 5.7000e+03 1.1179e+21 6.3205e+19 6.3205e+19 6.4699e-02 0.0000e+00 6.1157e+04 0.0000e+00
4.4600e+03 4.3151e-12 7.2628e-01 1.6065e+03 5.3244e+03 5.7000e+03 1.1274e+21 6.3548e+19 6.3548e+19 6.4489e-02 0.0000e+00 6.1336e+04 0.0000e+00
4.4700e+03 4.2985e-12 7.2584e-01 1.6061e+03 5.3230e+03 5.7000e+03 1.1370e+21 6.3894e+19 6.3894e+19 6.4279e-02 0.0000e+00 6.1516e+04 0.0000e+00
4.4800e+03 4.2820e-12 7.2541e-01 1.6056e+03 5.3216e+03 5.7000e+03 1.1466e+21 6.4240e+19 6.4240e+19 6.4071e-02 0.0000e+00 6.1696e+04 0.0000e+00
4.4900e+03 4.2656e-12 7.2498e-01 1.6052e+03 5.3202e+03 5.7000e+03 1.1564e+21 6.4588e+19 6.4588e+19 6.3863e-02 0.0000e+00 6.1877e+04 0.0000e+00
4.5000e+03 4.2492e-12 7.2454e-01 1.6048e+03 5.3188e+03 5.7000e+03 1.1662e+21 6.4938e+19 6.4938e+19 6.3656e-02 0.0000e+00 6.2058e+04 0.0000e+00
4.5100e+03 4.2329e-12 7.2411e-01 1.6044e+03 5.3174e+03 5.7000e+03 1.1761e+21 6.5289e+19 6.5289e+19 6.3449e-02 0.0000e+00 6.2240e+04 0.0000e+00
4.5200e+03 4.2166e-12 7.2368e-01 1.6039e+03 5.3159e+03 5.7000e+03 1.1861e+21 6.5642e+19 6.5642e+19 6.3243e-02 0.0000e+00 6.2422e+04 0.0000e+00
4.5300e+03 4.2004e-12 7.2324e-01 1.6035e+03 5.3145e+03 5.7000e+03 1.1962e+21 6.5996e+19 6.5996e+19 6.3038e-02 0.0000e+00 6.2605e+04 0.0000e+00
4.5400e+03 4.1843e-12 7.2281e-01 1.6031e+03 5.3131e+03 5.7000e+03 1.2063e+21 6.6352e+19 6.6352e+19 6.2834e-02 0.0000e+00 6.2789e+04 0.0000e+00
4.5500e+03 0.0000e+00 0.0000e+00 1.6027e+03 0.0000e+00 5.7000e+03 0.0000e+00 0.0000e+00 0.0000e+00 0.0000e+00 0.0000e+00 0.0000e+00 0.0000e+00
