0.0000e+00 4.8000e-11 4.6060e+00 1.7000e+03 5.6343e+03 5.7000e+03 2.7481e+20 2.0738e+19 2.0738e+19 1.1311e-01 0.0000e+00 3.7449e+04 0.0000e+00
1.0000e+01 4.7816e-11 4.1471e+00 1.7099e+03 5.6671e+03 5.7000e+03 2.0865e+20 1.8557e+19 1.8557e+19 1.2515e-01 0.0000e+00 3.4085e+04 0.0000e+00
2.0000e+01 4.7632e-11 3.8827e+00 1.7194e+03 5.6987e+03 5.7000e+03 1.7791e+20 1.6689e+19 1.6689e+19 1.3316e-01 0.0000e+00 3.2250e+04 0.0000e+00
3.0000e+01 4.7449e-11 3.6639e+00 1.7287e+03 5.7295e+03 5.7000e+03 1.5520e+20 1.5067e+19 1.5067e+19 1.4057e-01 0.0000e+00 3.0748e+04 0.0000e+00
4.0000e+01 4.7267e-11 3.4677e+00 1.7378e+03 5.7595e+03 5.7000e+03 1.3649e+20 1.3651e+19 1.3651e+19 1.4795e-01 0.0000e+00 2.9398e+04 0.0000e+00
5.0000e+01 4.7085e-11 3.2893e+00 1.7466e+03 5.7888e+03 5.7000e+03 1.2073e+20 1.2410e+19 1.2410e+19 1.5538e-01 0.0000e+00 2.8163e+04 0.0000e+00
6.0000e+01 4.6905e-11 3.1263e+00 1.7552e+03 5.8174e+03 5.7000e+03 1.0737e+20 1.1321e+19 1.1321e+19 1.6285e-01 0.0000e+00 2.7029e+04 0.0000e+00
7.0000e+01 4.6725e-11 2.9771e+00 1.7636e+03 5.8451e+03 5.7000e+03 9.5955e+19 1.0361e+19 1.0361e+19 1.7035e-01 0.0000e+00 2.5986e+04 0.0000e+00
8.0000e+01 4.6545e-11 2.8403e+00 1.7718e+03 5.8722e+03 5.7000e+03 8.6168e+19 9.5135e+18 9.5135e+18 1.7787e-01 0.0000e+00 2.5025e+04 0.0000e+00
9.0000e+01 4.6366e-11 2.7145e+00 1.7797e+03 5.8984e+03 5.7000e+03 7.7733e+19 8.7627e+18 8.7627e+18 1.8540e-01 0.0000e+00 2.4137e+04 0.0000e+00
1.0000e+02 4.6188e-11 2.5987e+00 1.7874e+03 5.9239e+03 5.7000e+03 7.0432e+19 8.0960e+18 8.0960e+18 1.9292e-01 0.0000e+00 2.3317e+04 0.0000e+00
1.1000e+02 4.6011e-11 2.4920e+00 1.7949e+03 5.9487e+03 5.7000e+03 6.4085e+19 7.5026e+18 7.5026e+18 2.0041e-01 0.0000e+00 2.2557e+04 0.0000e+00
1.2000e+02 4.5834e-11 2.3934e+00 1.8021e+03 5.9727e+03 5.7000e+03 5.8545e+19 6.9730e+18 6.9730e+18 2.0786e-01 0.0000e+00 2.1852e+04 0.0000e+00
1.3000e+02 4.5658e-11 2.3022e+00 1.8091e+03 5.9959e+03 5.7000e+03 5.3693e+19 6.4993e+18 6.4993e+18 2.1527e-01 0.0000e+00 2.1198e+04 0.0000e+00
1.4000e+02 4.5483e-11 2.2177e+00 1.8159e+03 6.0184e+03 5.7000e+03 4.9426e+19 6.0746e+18 6.0746e+18 2.2261e-01 0.0000e+00 2.0591e+04 0.0000e+00
1.5000e+02 4.5308e-11 2.1394e+00 1.8225e+03 6.0402e+03 5.7000e+03 4.5663e+19 5.6931e+18 5.6931e+18 2.2988e-01 0.0000e+00 2.0025e+04 0.0000e+00
1.6000e+02 4.5134e-11 2.0666e+00 1.8288e+03 6.0612e+03 5.7000e+03 4.2332e+19 5.3496e+18 5.3496e+18 2.3705e-01 0.0000e+00 1.9499e+04 0.0000e+00
1.7000e+02 4.4961e-11 1.9990e+00 1.8349e+03 6.0815e+03 5.7000e+03 3.9375e+19 5.0398e+18 5.0398e+18 2.4413e-01 0.0000e+00 1.9009e+04 0.0000e+00
1.8000e+02 4.4788e-11 1.9361e+00 1.8408e+03 6.1010e+03 5.7000e+03 3.6743e+19 4.7597e+18 4.7597e+18 2.5110e-01 0.0000e+00 1.8552e+04 0.0000e+00
1.9000e+02 4.4616e-11 1.8774e+00 1.8465e+03 6.1199e+03 5.7000e+03 3.4393e+19 4.5061e+18 4.5061e+18 2.5795e-01 0.0000e+00 1.8126e+04 0.0000e+00
2.0000e+02 4.4445e-11 1.8227e+00 1.8520e+03 6.1381e+03 5.7000e+03 3.2290e+19 4.2760e+18 4.2760e+18 2.6467e-01 0.0000e+00 1.7728e+04 0.0000e+00
2.1000e+02 4.4274e-11 1.7717e+00 1.8573e+03 6.1555e+03 5.7000e+03 3.0402e+19 4.0669e+18 4.0669e+18 2.7125e-01 0.0000e+00 1.7356e+04 0.0000e+00
2.2000e+02 4.4104e-11 1.7240e+00 1.8623e+03 6.1723e+03 5.7000e+03 2.8705e+19 3.8766e+18 3.8766e+18 2.7769e-01 0.0000e+00 1.7008e+04 0.0000e+00
2.3000e+02 4.3935e-11 1.6793e+00 1.8672e+03 6.1885e+03 5.7000e+03 2.7174e+19 3.7031e+18 3.7031e+18 2.8397e-01 0.0000e+00 1.6683e+04 0.0000e+00
2.4000e+02 4.3766e-11 1.6376e+00 1.8719e+03 6.2040e+03 5.7000e+03 2.5792e+19 3.5448e+18 3.5448e+18 2.9010e-01 0.0000e+00 1.6379e+04 0.0000e+00
2.5000e+02 4.3598e-11 1.5984e+00 1.8763e+03 6.2188e+03 5.7000e+03 2.4540e+19 3.4000e+18 3.4000e+18 2.9606e-01 0.0000e+00 1.6095e+04 0.0000e+00
2.6000e+02 4.3431e-11 1.5617e+00 1.8806e+03 6.2330e+03 5.7000e+03 2.3406e+19 3.2675e+18 3.2675e+18 3.0185e-01 0.0000e+00 1.5829e+04 0.0000e+00
2.7000e+02 4.3264e-11 1.5273e+00 1.8847e+03 6.2466e+03 5.7000e+03 2.2375e+19 3.1460e+18 3.1460e+18 3.0747e-01 0.0000e+00 1.5580e+04 0.0000e+00
2.8000e+02 4.3098e-11 1.4950e+00 1.8887e+03 6.2596e+03 5.7000e+03 2.1437e+19 3.0346e+18 3.0346e+18 3.1291e-01 0.0000e+00 1.5346e+04 0.0000e+00
2.9000e+02 4.2932e-11 1.4646e+00 1.8924e+03 6.2721e+03 5.7000e+03 2.0582e+19 2.9322e+18 2.9322e+18 3.1818e-01 0.0000e+00 1.5127e+04 0.0000e+00
3.0000e+02 4.2768e-11 1.4360e+00 1.8960e+03 6.2839e+03 5.7000e+03 1.9801e+19 2.8381e+18 2.8381e+18 3.2326e-01 0.0000e+00 1.4923e+04 0.0000e+00
3.1000e+02 4.2603e-11 1.4091e+00 1.8994e+03 6.2952e+03 5.7000e+03 1.9088e+19 2.7515e+18 2.7515e+18 3.2817e-01 0.0000e+00 1.4731e+04 0.0000e+00
3.2000e+02 4.2440e-11 1.3838e+00 1.9027e+03 6.3060e+03 5.7000e+03 1.8436e+19 2.6717e+18 2.6717e+18 3.3289e-01 0.0000e+00 1.4551e+04 0.0000e+00
3.3000e+02 4.2277e-11 1.3600e+00 1.9058e+03 6.3163e+03 5.7000e+03 1.7838e+19 2.5982e+18 2.5982e+18 3.3742e-01 0.0000e+00 1.4383e+04 0.0000e+00
3.4000e+02 4.2114e-11 1.3375e+00 1.9087e+03 6.3260e+03 5.7000e+03 1.7290e+19 2.5304e+18 2.5304e+18 3.4178e-01 0.0000e+00 1.4226e+04 0.0000e+00
3.5000e+02 4.1953e-11 1.3163e+00 1.9115e+03 6.3353e+03 5.7000e+03 1.6787e+19 2.4678e+18 2.4678e+18 3.4595e-01 0.0000e+00 1.4079e+04 0.0000e+00
3.6000e+02 4.1792e-11 1.2963e+00 1.9141e+03 6.3440e+03 5.7000e+03 1.6325e+19 2.4101e+18 2.4101e+18 3.4994e-01 0.0000e+00 1.3941e+04 0.0000e+00
3.7000e+02 4.1631e-11 1.2774e+00 1.9166e+03 6.3524e+03 5.7000e+03 1.5901e+19 2.3568e+18 2.3568e+18 3.5376e-01 0.0000e+00 1.3812e+04 0.0000e+00
3.8000e+02 4.1471e-11 1.2595e+00 1.9190e+03 6.3602e+03 5.7000e+03 1.5510e+19 2.3075e+18 2.3075e+18 3.5739e-01 0.0000e+00 1.3691e+04 0.0000e+00
3.9000e+02 4.1312e-11 1.2426e+00 1.9213e+03 6.3677e+03 5.7000e+03 1.5151e+19 2.2620e+18 2.2620e+18 3.6086e-01 0.0000e+00 1.3578e+04 0.0000e+00
4.0000e+02 4.1153e-11 1.2267e+00 1.9234e+03 6.3747e+03 5.7000e+03 1.4821e+19 2.2199e+18 2.2199e+18 3.6415e-01 0.0000e+00 1.3473e+04 0.0000e+00
4.1000e+02 4.0995e-11 1.2116e+00 1.9254e+03 6.3813e+03 5.7000e+03 1.4517e+19 2.1811e+18 2.1811e+18 3.6727e-01 0.0000e+00 1.3375e+04 0.0000e+00
4.2000e+02 4.0838e-11 1.1973e+00 1.9273e+03 6.3876e+03 5.7000e+03 1.4237e+19 2.1452e+18 2.1452e+18 3.7023e-01 0.0000e+00 1.3283e+04 0.0000e+00
4.3000e+02 4.0681e-11 1.1837e+00 1.9290e+03 6.3934e+03 5.7000e+03 1.3979e+19 2.1121e+18 2.1121e+18 3.7302e-01 0.0000e+00 1.3198e+04 0.0000e+00
4.4000e+02 4.0525e-11 1.1709e+00 1.9307e+03 6.3989e+03 5.7000e+03 1.3742e+19 2.0816e+18 2.0816e+18 3.7566e-01 0.0000e+00 1.3118e+04 0.0000e+00
4.5000e+02 4.0369e-11 1.1587e+00 1.9322e+03 6.4041e+03 5.7000e+03 1.3524e+19 2.0534e+18 2.0534e+18 3.7814e-01 0.0000e+00 1.3045e+04 0.0000e+00
4.6000e+02 4.0214e-11 1.1472e+00 1.9337e+03 6.4089e+03 5.7000e+03 1.3324e+19 2.0274e+18 2.0274e+18 3.8048e-01 0.0000e+00 1.2976e+04 0.0000e+00
4.7000e+02 4.0060e-11 1.1363e+00 1.9351e+03 6.4134e+03 5.7000e+03 1.3140e+19 2.0035e+18 2.0035e+18 3.8266e-01 0.0000e+00 1.2913e+04 0.0000e+00
4.8000e+02 3.9906e-11 1.1259e+00 1.9363e+03 6.4176e+03 5.7000e+03 1.2972e+19 1.9816e+18 1.9816e+18 3.8471e-01 0.0000e+00 1.2854e+04 0.0000e+00
4.9000e+02 3.9753e-11 1.1161e+00 1.9375e+03 6.4215e+03 5.7000e+03 1.2817e+19 1.9614e+18 1.9614e+18 3.8661e-01 0.0000e+00 1.2800e+04 0.0000e+00
5.0000e+02 3.9600e-11 1.1067e+00 1.9386e+03 6.4251e+03 5.7000e+03 1.2676e+19 1.9429e+18 1.9429e+18 3.8839e-01 0.0000e+00 1.2750e+04 0.0000e+00
5.1000e+02 3.9448e-11 1.0978e+00 1.9396e+03 6.4284e+03 5.7000e+03 1.2547e+19 1.9261e+18 1.9261e+18 3.9003e-01 0.0000e+00 1.2704e+04 0.0000e+00
5.2000e+02 3.9297e-11 1.0894e+00 1.9405e+03 6.4314e+03 5.7000e+03 1.2430e+19 1.9107e+18 1.9107e+18 3.9154e-01 0.0000e+00 1.2662e+04 0.0000e+00
5.3000e+02 3.9146e-11 1.0813e+00 1.9414e+03 6.4342e+03 5.7000e+03 1.2323e+19 1.8967e+18 1.8967e+18 3.9294e-01 0.0000e+00 1.2623e+04 0.0000e+00
5.4000e+02 3.8995e-11 1.0737e+00 1.9421e+03 6.4368e+03 5.7000e+03 1.2227e+19 1.8840e+18 1.8840e+18 3.9421e-01 0.0000e+00 1.2588e+04 0.0000e+00
5.5000e+02 3.8846e-11 1.0664e+00 1.9428e+03 6.4391e+03 5.7000e+03 1.2140e+19 1.8725e+18 1.8725e+18 3.9538e-01 0.0000e+00 1.2556e+04 0.0000e+00
5.6000e+02 3.8696e-11 1.0595e+00 1.9435e+03 6.4412e+03 5.7000e+03 1.2062e+19 1.8622e+18 1.8622e+18 3.9643e-01 0.0000e+00 1.2528e+04 0.0000e+00
5.7000e+02 3.8548e-11 1.0529e+00 1.9440e+03 6.4431e+03 5.7000e+03 1.1992e+19 1.8531e+18 1.8531e+18 3.9738e-01 0.0000e+00 1.2502e+04 0.0000e+00
5.8000e+02 3.8400e-11 1.0466e+00 1.9445e+03 6.4448e+03 5.7000e+03 1.1930e+19 1.8449e+18 1.8449e+18 3.9823e-01 0.0000e+00 1.2479e+04 0.0000e+00
5.9000e+02 3.8252e-11 1.0407e+00 1.9450e+03 6.4463e+03 5.7000e+03 1.1876e+19 1.8378e+18 1.8378e+18 3.9898e-01 0.0000e+00 1.2459e+04 0.0000e+00
6.0000e+02 3.8105e-11 1.0350e+00 1.9454e+03 6.4476e+03 5.7000e+03 1.1829e+19 1.8315e+18 1.8315e+18 3.9963e-01 0.0000e+00 1.2442e+04 0.0000e+00
6.1000e+02 3.7959e-11 1.0295e+00 1.9457e+03 6.4487e+03 5.7000e+03 1.1788e+19 1.8262e+18 1.8262e+18 4.0020e-01 0.0000e+00 1.2427e+04 0.0000e+00
6.2000e+02 3.7813e-11 1.0243e+00 1.9460e+03 6.4497e+03 5.7000e+03 1.1754e+19 1.8217e+18 1.8217e+18 4.0068e-01 0.0000e+00 1.2414e+04 0.0000e+00
6.3000e+02 3.7668e-11 1.0194e+00 1.9462e+03 6.4505e+03 5.7000e+03 1.1726e+19 1.8180e+18 1.8180e+18 4.0108e-01 0.0000e+00 1.2404e+04 0.0000e+00
6.4000e+02 3.7524e-11 1.0147e+00 1.9464e+03 6.4511e+03 5.7000e+03 1.1703e+19 1.8150e+18 1.8150e+18 4.0139e-01 0.0000e+00 1.2395e+04 0.0000e+00
6.5000e+02 3.7379e-11 1.0102e+00 1.9466e+03 6.4516e+03 5.7000e+03 1.1686e+19 1.8128e+18 1.8128e+18 4.0163e-01 0.0000e+00 1.2389e+04 0.0000e+00
6.6000e+02 3.7236e-11 1.0059e+00 1.9467e+03 6.4519e+03 5.7000e+03 1.1675e+19 1.8112e+18 1.8112e+18 4.0180e-01 0.0000e+00 1.2384e+04 0.0000e+00
6.7000e+02 3.7093e-11 1.0018e+00 1.9467e+03 6.4521e+03 5.7000e+03 1.1668e+19 1.8103e+18 1.8103e+18 4.0190e-01 0.0000e+00 1.2382e+04 0.0000e+00
6.8000e+02 3.6950e-11 9.9785e-01 1.9468e+03 6.4521e+03 5.7000e+03 1.1665e+19 1.8101e+18 1.8101e+18 4.0193e-01 0.0000e+00 1.2381e+04 0.0000e+00
6.9000e+02 3.6809e-11 9.9410e-01 1.9467e+03 6.4521e+03 5.7000e+03 1.1668e+19 1.8104e+18 1.8104e+18 4.0190e-01 0.0000e+00 1.2382e+04 0.0000e+00
7.0000e+02 3.6667e-11 9.9051e-01 1.9467e+03 6.4519e+03 5.7000e+03 1.1674e+19 1.8113e+18 1.8113e+18 4.0181e-01 0.0000e+00 1.2384e+04 0.0000e+00
7.1000e+02 3.6526e-11 9.8708e-01 1.9466e+03 6.4516e+03 5.7000e+03 1.1685e+19 1.8127e+18 1.8127e+18 4.0165e-01 0.0000e+00 1.2388e+04 0.0000e+00
7.2000e+02 3.6386e-11 9.8380e-01 1.9465e+03 6.4512e+03 5.7000e+03 1.1699e+19 1.8147e+18 1.8147e+18 4.0145e-01 0.0000e+00 1.2394e+04 0.0000e+00
7.3000e+02 3.6246e-11 9.8066e-01 1.9463e+03 6.4506e+03 5.7000e+03 1.1718e+19 1.8172e+18 1.8172e+18 4.0119e-01 0.0000e+00 1.2400e+04 0.0000e+00
7.4000e+02 3.6107e-11 9.7765e-01 1.9461e+03 6.4500e+03 5.7000e+03 1.1740e+19 1.8201e+18 1.8201e+18 4.0087e-01 0.0000e+00 1.2409e+04 0.0000e+00
7.5000e+02 3.5969e-11 9.7477e-01 1.9459e+03 6.4493e+03 5.7000e+03 1.1765e+19 1.8235e+18 1.8235e+18 4.0052e-01 0.0000e+00 1.2418e+04 0.0000e+00
7.6000e+02 3.5830e-11 9.7201e-01 1.9457e+03 6.4485e+03 5.7000e+03 1.1794e+19 1.8274e+18 1.8274e+18 4.0011e-01 0.0000e+00 1.2429e+04 0.0000e+00
7.7000e+02 3.5693e-11 9.6937e-01 1.9454e+03 6.4476e+03 5.7000e+03 1.1826e+19 1.8317e+18 1.8317e+18 3.9966e-01 0.0000e+00 1.2441e+04 0.0000e+00
7.8000e+02 3.5556e-11 9.6683e-01 1.9451e+03 6.4466e+03 5.7000e+03 1.1861e+19 1.8364e+18 1.8364e+18 3.9917e-01 0.0000e+00 1.2454e+04 0.0000e+00
7.9000e+02 3.5419e-11 9.6440e-01 1.9448e+03 6.4455e+03 5.7000e+03 1.1899e+19 1.8415e+18 1.8415e+18 3.9864e-01 0.0000e+00 1.2468e+04 0.0000e+00
8.0000e+02 3.5283e-11 9.6207e-01 1.9444e+03 6.4444e+03 5.7000e+03 1.1941e+19 1.8470e+18 1.8470e+18 3.9807e-01 0.0000e+00 1.2483e+04 0.0000e+00
8.1000e+02 3.5148e-11 9.5983e-01 1.9441e+03 6.4432e+03 5.7000e+03 1.1985e+19 1.8528e+18 1.8528e+18 3.9747e-01 0.0000e+00 1.2500e+04 0.0000e+00
8.2000e+02 3.5013e-11 9.5768e-01 1.9437e+03 6.4419e+03 5.7000e+03 1.2031e+19 1.8590e+18 1.8590e+18 3.9683e-01 0.0000e+00 1.2517e+04 0.0000e+00
8.3000e+02 3.4878e-11 9.5562e-01 1.9433e+03 6.4406e+03 5.7000e+03 1.2081e+19 1.8656e+18 1.8656e+18 3.9616e-01 0.0000e+00 1.2535e+04 0.0000e+00
8.4000e+02 3.4744e-11 9.5364e-01 1.9428e+03 6.4392e+03 5.7000e+03 1.2132e+19 1.8725e+18 1.8725e+18 3.9546e-01 0.0000e+00 1.2554e+04 0.0000e+00
8.5000e+02 3.4611e-11 9.5173e-01 1.9424e+03 6.4377e+03 5.7000e+03 1.2187e+19 1.8797e+18 1.8797e+18 3.9473e-01 0.0000e+00 1.2574e+04 0.0000e+00
8.6000e+02 3.4478e-11 9.4990e-01 1.9419e+03 6.4362e+03 5.7000e+03 1.2244e+19 1.8872e+18 1.8872e+18 3.9397e-01 0.0000e+00 1.2594e+04 0.0000e+00
8.7000e+02 3.4346e-11 9.4814e-01 1.9415e+03 6.4346e+03 5.7000e+03 1.2303e+19 1.8951e+18 1.8951e+18 3.9318e-01 0.0000e+00 1.2616e+04 0.0000e+00
8.8000e+02 3.4214e-11 9.4645e-01 1.9410e+03 6.4329e+03 5.7000e+03 1.2364e+19 1.9032e+18 1.9032e+18 3.9237e-01 0.0000e+00 1.2638e+04 0.0000e+00
8.9000e+02 3.4082e-11 9.4482e-01 1.9404e+03 6.4312e+03 5.7000e+03 1.2428e+19 1.9116e+18 1.9116e+18 3.9154e-01 0.0000e+00 1.2661e+04 0.0000e+00
9.0000e+02 3.3952e-11 9.4325e-01 1.9399e+03 6.4295e+03 5.7000e+03 1.2494e+19 1.9203e+18 1.9203e+18 3.9069e-01 0.0000e+00 1.2685e+04 0.0000e+00
9.1000e+02 3.3821e-11 9.4174e-01 1.9394e+03 6.4277e+03 5.7000e+03 1.2562e+19 1.9293e+18 1.9293e+18 3.8981e-01 0.0000e+00 1.2709e+04 0.0000e+00
9.2000e+02 3.3691e-11 9.4029e-01 1.9388e+03 6.4259e+03 5.7000e+03 1.2632e+19 1.9386e+18 1.9386e+18 3.8892e-01 0.0000e+00 1.2734e+04 0.0000e+00
9.3000e+02 3.3562e-11 9.3888e-01 1.9383e+03 6.4241e+03 5.7000e+03 1.2704e+19 1.9481e+18 1.9481e+18 3.8800e-01 0.0000e+00 1.2760e+04 0.0000e+00
9.4000e+02 3.3433e-11 9.3753e-01 1.9377e+03 6.4221e+03 5.7000e+03 1.2779e+19 1.9578e+18 1.9578e+18 3.8707e-01 0.0000e+00 1.2786e+04 0.0000e+00
9.5000e+02 3.3305e-11 9.3623e-01 1.9371e+03 6.4202e+03 5.7000e+03 1.2855e+19 1.9678e+18 1.9678e+18 3.8612e-01 0.0000e+00 1.2813e+04 0.0000e+00
9.6000e+02 3.3177e-11 9.3497e-01 1.9365e+03 6.4182e+03 5.7000e+03 1.2933e+19 1.9781e+18 1.9781e+18 3.8516e-01 0.0000e+00 1.2840e+04 0.0000e+00
9.7000e+02 3.3049e-11 9.3375e-01 1.9359e+03 6.4162e+03 5.7000e+03 1.3013e+19 1.9886e+18 1.9886e+18 3.8418e-01 0.0000e+00 1.2868e+04 0.0000e+00
9.8000e+02 3.2923e-11 9.3258e-01 1.9353e+03 6.4142e+03 5.7000e+03 1.3095e+19 1.9993e+18 1.9993e+18 3.8318e-01 0.0000e+00 1.2897e+04 0.0000e+00
9.9000e+02 3.2796e-11 9.3144e-01 1.9347e+03 6.4121e+03 5.7000e+03 1.3179e+19 2.0103e+18 2.0103e+18 3.8218e-01 0.0000e+00 1.2926e+04 0.0000e+00
1.0000e+03 3.2670e-11 9.3035e-01 1.9340e+03 6.4100e+03 5.7000e+03 1.3264e+19 2.0215e+18 2.0215e+18 3.8116e-01 0.0000e+00 1.2956e+04 0.0000e+00
1.0100e+03 3.2545e-11 9.2929e-01 1.9334e+03 6.4079e+03 5.7000e+03 1.3351e+19 2.0328e+18 2.0328e+18 3.8013e-01 0.0000e+00 1.2986e+04 0.0000e+00
1.0200e+03 3.2420e-11 9.2826e-01 1.9327e+03 6.4057e+03 5.7000e+03 1.3440e+19 2.0445e+18 2.0445e+18 3.7908e-01 0.0000e+00 1.3016e+04 0.0000e+00
1.0300e+03 3.2295e-11 9.2727e-01 1.9321e+03 6.4035e+03 5.7000e+03 1.3531e+19 2.0563e+18 2.0563e+18 3.7803e-01 0.0000e+00 1.3047e+04 0.0000e+00
1.0400e+03 3.2171e-11 9.2631e-01 1.9314e+03 6.4013e+03 5.7000e+03 1.3624e+19 2.0683e+18 2.0683e+18 3.7697e-01 0.0000e+00 1.3079e+04 0.0000e+00
1.0500e+03 3.2048e-11 9.2538e-01 1.9307e+03 6.3991e+03 5.7000e+03 1.3718e+19 2.0806e+18 2.0806e+18 3.7590e-01 0.0000e+00 1.3110e+04 0.0000e+00
1.0600e+03 3.1925e-11 9.2447e-01 1.9301e+03 6.3968e+03 5.7000e+03 1.3814e+19 2.0930e+18 2.0930e+18 3.7483e-01 0.0000e+00 1.3143e+04 0.0000e+00
1.0700e+03 3.1802e-11 9.2360e-01 1.9294e+03 6.3946e+03 5.7000e+03 1.3911e+19 2.1056e+18 2.1056e+18 3.7374e-01 0.0000e+00 1.3175e+04 0.0000e+00
1.0800e+03 3.1680e-11 9.2275e-01 1.9287e+03 6.3923e+03 5.7000e+03 1.4010e+19 2.1185e+18 2.1185e+18 3.7265e-01 0.0000e+00 1.3208e+04 0.0000e+00
1.0900e+03 3.1558e-11 9.2192e-01 1.9280e+03 6.3900e+03 5.7000e+03 1.4111e+19 2.1315e+18 2.1315e+18 3.7155e-01 0.0000e+00 1.3242e+04 0.0000e+00
1.1000e+03 3.1437e-11 9.2112e-01 1.9273e+03 6.3876e+03 5.7000e+03 1.4213e+19 2.1447e+18 2.1447e+18 3.7044e-01 0.0000e+00 1.3276e+04 0.0000e+00
1.1100e+03 3.1316e-11 9.2035e-01 1.9266e+03 6.3853e+03 5.7000e+03 1.4317e+19 2.1581e+18 2.1581e+18 3.6933e-01 0.0000e+00 1.3310e+04 0.0000e+00
1.1200e+03 3.1196e-11 9.1959e-01 1.9259e+03 6.3829e+03 5.7000e+03 1.4422e+19 2.1717e+18 2.1717e+18 3.6822e-01 0.0000e+00 1.3344e+04 0.0000e+00
1.1300e+03 3.1076e-11 9.1886e-01 1.9252e+03 6.3806e+03 5.7000e+03 1.4530e+19 2.1855e+18 2.1855e+18 3.6709e-01 0.0000e+00 1.3379e+04 0.0000e+00
1.1400e+03 3.0957e-11 9.1814e-01 1.9244e+03 6.3782e+03 5.7000e+03 1.4638e+19 2.1994e+18 2.1994e+18 3.6597e-01 0.0000e+00 1.3415e+04 0.0000e+00
1.1500e+03 3.0838e-11 9.1745e-01 1.9237e+03 6.3758e+03 5.7000e+03 1.4748e+19 2.2136e+18 2.2136e+18 3.6484e-01 0.0000e+00 1.3450e+04 0.0000e+00
1.1600e+03 3.0720e-11 9.1677e-01 1.9230e+03 6.3734e+03 5.7000e+03 1.4860e+19 2.2279e+18 2.2279e+18 3.6371e-01 0.0000e+00 1.3486e+04 0.0000e+00
1.1700e+03 3.0602e-11 9.1611e-01 1.9222e+03 6.3709e+03 5.7000e+03 1.4973e+19 2.2424e+18 2.2424e+18 3.6257e-01 0.0000e+00 1.3522e+04 0.0000e+00
1.1800e+03 3.0484e-11 9.1547e-01 1.9215e+03 6.3685e+03 5.7000e+03 1.5088e+19 2.2571e+18 2.2571e+18 3.6143e-01 0.0000e+00 1.3559e+04 0.0000e+00
1.1900e+03 3.0367e-11 9.1484e-01 1.9208e+03 6.3660e+03 5.7000e+03 1.5204e+19 2.2719e+18 2.2719e+18 3.6029e-01 0.0000e+00 1.3595e+04 0.0000e+00
1.2000e+03 3.0251e-11 9.1423e-01 1.9200e+03 6.3636e+03 5.7000e+03 1.5322e+19 2.2869e+18 2.2869e+18 3.5915e-01 0.0000e+00 1.3632e+04 0.0000e+00
1.2100e+03 3.0134e-11 9.1363e-01 1.9193e+03 6.3611e+03 5.7000e+03 1.5441e+19 2.3021e+18 2.3021e+18 3.5801e-01 0.0000e+00 1.3670e+04 0.0000e+00
1.2200e+03 3.0019e-11 9.1305e-01 1.9185e+03 6.3586e+03 5.7000e+03 1.5562e+19 2.3175e+18 2.3175e+18 3.5686e-01 0.0000e+00 1.3707e+04 0.0000e+00
1.2300e+03 2.9903e-11 9.1248e-01 1.9178e+03 6.3561e+03 5.7000e+03 1.5684e+19 2.3330e+18 2.3330e+18 3.5571e-01 0.0000e+00 1.3745e+04 0.0000e+00
1.2400e+03 2.9789e-11 9.1192e-01 1.9170e+03 6.3536e+03 5.7000e+03 1.5808e+19 2.3487e+18 2.3487e+18 3.5456e-01 0.0000e+00 1.3783e+04 0.0000e+00
1.2500e+03 2.9674e-11 9.1137e-01 1.9163e+03 6.3511e+03 5.7000e+03 1.5933e+19 2.3646e+18 2.3646e+18 3.5341e-01 0.0000e+00 1.3822e+04 0.0000e+00
1.2600e+03 2.9560e-11 9.1084e-01 1.9155e+03 6.3486e+03 5.7000e+03 1.6060e+19 2.3806e+18 2.3806e+18 3.5226e-01 0.0000e+00 1.3861e+04 0.0000e+00
1.2700e+03 2.9447e-11 9.1032e-01 1.9148e+03 6.3461e+03 5.7000e+03 1.6188e+19 2.3968e+18 2.3968e+18 3.5111e-01 0.0000e+00 1.3900e+04 0.0000e+00
1.2800e+03 2.9334e-11 9.0980e-01 1.9140e+03 6.3436e+03 5.7000e+03 1.6317e+19 2.4132e+18 2.4132e+18 3.4996e-01 0.0000e+00 1.3939e+04 0.0000e+00
1.2900e+03 2.9221e-11 9.0930e-01 1.9132e+03 6.3410e+03 5.7000e+03 1.6449e+19 2.4297e+18 2.4297e+18 3.4881e-01 0.0000e+00 1.3978e+04 0.0000e+00
1.3000e+03 2.9109e-11 9.0881e-01 1.9125e+03 6.3385e+03 5.7000e+03 1.6581e+19 2.4464e+18 2.4464e+18 3.4765e-01 0.0000e+00 1.4018e+04 0.0000e+00
1.3100e+03 2.8997e-11 9.0833e-01 1.9117e+03 6.3359e+03 5.7000e+03 1.6715e+19 2.4632e+18 2.4632e+18 3.4650e-01 0.0000e+00 1.4058e+04 0.0000e+00
1.3200e+03 2.8886e-11 9.0785e-01 1.9109e+03 6.3334e+03 5.7000e+03 1.6851e+19 2.4803e+18 2.4803e+18 3.4535e-01 0.0000e+00 1.4098e+04 0.0000e+00
1.3300e+03 2.8775e-11 9.0739e-01 1.9102e+03 6.3308e+03 5.7000e+03 1.6988e+19 2.4974e+18 2.4974e+18 3.4420e-01 0.0000e+00 1.4138e+04 0.0000e+00
1.3400e+03 2.8664e-11 9.0693e-01 1.9094e+03 6.3283e+03 5.7000e+03 1.7127e+19 2.5148e+18 2.5148e+18 3.4305e-01 0.0000e+00 1.4179e+04 0.0000e+00
1.3500e+03 2.8554e-11 9.0648e-01 1.9086e+03 6.3257e+03 5.7000e+03 1.7267e+19 2.5323e+18 2.5323e+18 3.4191e-01 0.0000e+00 1.4220e+04 0.0000e+00
1.3600e+03 2.8445e-11 9.0604e-01 1.9078e+03 6.3232e+03 5.7000e+03 1.7409e+19 2.5500e+18 2.5500e+18 3.4076e-01 0.0000e+00 1.4261e+04 0.0000e+00
1.3700e+03 2.8335e-11 9.0560e-01 1.9071e+03 6.3206e+03 5.7000e+03 1.7552e+19 2.5678e+18 2.5678e+18 3.3961e-01 0.0000e+00 1.4302e+04 0.0000e+00
1.3800e+03 2.8226e-11 9.0518e-01 1.9063e+03 6.3180e+03 5.7000e+03 1.7696e+19 2.5858e+18 2.5858e+18 3.3847e-01 0.0000e+00 1.4344e+04 0.0000e+00
1.3900e+03 2.8118e-11 9.0476e-01 1.9055e+03 6.3154e+03 5.7000e+03 1.7842e+19 2.6040e+18 2.6040e+18 3.3733e-01 0.0000e+00 1.4385e+04 0.0000e+00
1.4000e+03 2.8010e-11 9.0434e-01 1.9047e+03 6.3129e+03 5.7000e+03 1.7990e+19 2.6223e+18 2.6223e+18 3.3619e-01 0.0000e+00 1.4427e+04 0.0000e+00
1.4100e+03 2.7903e-11 9.0393e-01 1.9040e+03 6.3103e+03 5.7000e+03 1.8139e+19 2.6407e+18 2.6407e+18 3.3505e-01 0.0000e+00 1.4469e+04 0.0000e+00
1.4200e+03 2.7795e-11 9.0353e-01 1.9032e+03 6.3077e+03 5.7000e+03 1.8290e+19 2.6594e+18 2.6594e+18 3.3391e-01 0.0000e+00 1.4511e+04 0.0000e+00
1.4300e+03 2.7689e-11 9.0313e-01 1.9024e+03 6.3051e+03 5.7000e+03 1.8442e+19 2.6782e+18 2.6782e+18 3.3277e-01 0.0000e+00 1.4554e+04 0.0000e+00
1.4400e+03 2.7582e-11 9.0274e-01 1.9016e+03 6.3025e+03 5.7000e+03 1.8596e+19 2.6972e+18 2.6972e+18 3.3164e-01 0.0000e+00 1.4597e+04 0.0000e+00
1.4500e+03 2.7476e-11 9.0235e-01 1.9008e+03 6.2999e+03 5.7000e+03 1.8751e+19 2.7163e+18 2.7163e+18 3.3051e-01 0.0000e+00 1.4640e+04 0.0000e+00
1.4600e+03 2.7371e-11 9.0197e-01 1.9000e+03 6.2973e+03 5.7000e+03 1.8908e+19 2.7356e+18 2.7356e+18 3.2938e-01 0.0000e+00 1.4683e+04 0.0000e+00
1.4700e+03 2.7266e-11 9.0159e-01 1.8993e+03 6.2948e+03 5.7000e+03 1.9067e+19 2.7550e+18 2.7550e+18 3.2825e-01 0.0000e+00 1.4726e+04 0.0000e+00
1.4800e+03 2.7161e-11 9.0121e-01 1.8985e+03 6.2922e+03 5.7000e+03 1.9227e+19 2.7746e+18 2.7746e+18 3.2713e-01 0.0000e+00 1.4769e+04 0.0000e+00
1.4900e+03 2.7057e-11 9.0084e-01 1.8977e+03 6.2896e+03 5.7000e+03 1.9388e+19 2.7944e+18 2.7944e+18 3.2601e-01 0.0000e+00 1.4813e+04 0.0000e+00
1.5000e+03 2.6953e-11 9.0048e-01 1.8969e+03 6.2870e+03 5.7000e+03 1.9551e+19 2.8144e+18 2.8144e+18 3.2489e-01 0.0000e+00 1.4857e+04 0.0000e+00
1.5100e+03 2.6849e-11 9.0012e-01 1.8961e+03 6.2844e+03 5.7000e+03 1.9716e+19 2.8345e+18 2.8345e+18 3.2377e-01 0.0000e+00 1.4901e+04 0.0000e+00
1.5200e+03 2.6746e-11 8.9976e-01 1.8954e+03 6.2818e+03 5.7000e+03 1.9882e+19 2.8547e+18 2.8547e+18 3.2265e-01 0.0000e+00 1.4945e+04 0.0000e+00
1.5300e+03 2.6644e-11 8.9940e-01 1.8946e+03 6.2792e+03 5.7000e+03 2.0050e+19 2.8752e+18 2.8752e+18 3.2154e-01 0.0000e+00 1.4989e+04 0.0000e+00
1.5400e+03 2.6541e-11 8.9905e-01 1.8938e+03 6.2766e+03 5.7000e+03 2.0220e+19 2.8958e+18 2.8958e+18 3.2043e-01 0.0000e+00 1.5034e+04 0.0000e+00
1.5500e+03 2.6439e-11 8.9870e-01 1.8930e+03 6.2740e+03 5.7000e+03 2.0391e+19 2.9165e+18 2.9165e+18 3.1932e-01 0.0000e+00 1.5079e+04 0.0000e+00
1.5600e+03 2.6338e-11 8.9836e-01 1.8922e+03 6.2714e+03 5.7000e+03 2.0564e+19 2.9375e+18 2.9375e+18 3.1822e-01 0.0000e+00 1.5124e+04 0.0000e+00
1.5700e+03 2.6237e-11 8.9802e-01 1.8914e+03 6.2688e+03 5.7000e+03 2.0738e+19 2.9586e+18 2.9586e+18 3.1712e-01 0.0000e+00 1.5169e+04 0.0000e+00
1.5800e+03 2.6136e-11 8.9768e-01 1.8907e+03 6.2662e+03 5.7000e+03 2.0914e+19 2.9798e+18 2.9798e+18 3.1602e-01 0.0000e+00 1.5214e+04 0.0000e+00
1.5900e+03 2.6036e-11 8.9734e-01 1.8899e+03 6.2636e+03 5.7000e+03 2.1092e+19 3.0013e+18 3.0013e+18 3.1493e-01 0.0000e+00 1.5260e+04 0.0000e+00
1.6000e+03 2.5936e-11 8.9701e-01 1.8891e+03 6.2610e+03 5.7000e+03 2.1271e+19 3.0229e+18 3.0229e+18 3.1383e-01 0.0000e+00 1.5305e+04 0.0000e+00
1.6100e+03 2.5836e-11 8.9667e-01 1.8883e+03 6.2584e+03 5.7000e+03 2.1452e+19 3.0446e+18 3.0446e+18 3.1274e-01 0.0000e+00 1.5351e+04 0.0000e+00
1.6200e+03 2.5737e-11 8.9634e-01 1.8875e+03 6.2558e+03 5.7000e+03 2.1635e+19 3.0666e+18 3.0666e+18 3.1166e-01 0.0000e+00 1.5397e+04 0.0000e+00
1.6300e+03 2.5638e-11 8.9602e-01 1.8867e+03 6.2532e+03 5.7000e+03 2.1819e+19 3.0887e+18 3.0887e+18 3.1057e-01 0.0000e+00 1.5443e+04 0.0000e+00
1.6400e+03 2.5540e-11 8.9569e-01 1.8860e+03 6.2507e+03 5.7000e+03 2.2006e+19 3.1110e+18 3.1110e+18 3.0949e-01 0.0000e+00 1.5489e+04 0.0000e+00
1.6500e+03 2.5441e-11 8.9537e-01 1.8852e+03 6.2481e+03 5.7000e+03 2.2193e+19 3.1334e+18 3.1334e+18 3.0842e-01 0.0000e+00 1.5536e+04 0.0000e+00
1.6600e+03 2.5344e-11 8.9505e-01 1.8844e+03 6.2455e+03 5.7000e+03 2.2383e+19 3.1560e+18 3.1560e+18 3.0734e-01 0.0000e+00 1.5583e+04 0.0000e+00
1.6700e+03 2.5246e-11 8.9473e-01 1.8836e+03 6.2429e+03 5.7000e+03 2.2574e+19 3.1788e+18 3.1788e+18 3.0627e-01 0.0000e+00 1.5629e+04 0.0000e+00
1.6800e+03 2.5150e-11 8.9441e-01 1.8828e+03 6.2403e+03 5.7000e+03 2.2768e+19 3.2018e+18 3.2018e+18 3.0520e-01 0.0000e+00 1.5676e+04 0.0000e+00
1.6900e+03 2.5053e-11 8.9409e-01 1.8821e+03 6.2377e+03 5.7000e+03 2.2962e+19 3.2249e+18 3.2249e+18 3.0414e-01 0.0000e+00 1.5724e+04 0.0000e+00
1.7000e+03 2.4957e-11 8.9378e-01 1.8813e+03 6.2351e+03 5.7000e+03 2.3159e+19 3.2482e+18 3.2482e+18 3.0308e-01 0.0000e+00 1.5771e+04 0.0000e+00
1.7100e+03 2.4861e-11 8.9346e-01 1.8805e+03 6.2325e+03 5.7000e+03 2.3358e+19 3.2717e+18 3.2717e+18 3.0202e-01 0.0000e+00 1.5818e+04 0.0000e+00
1.7200e+03 2.4765e-11 8.9315e-01 1.8797e+03 6.2300e+03 5.7000e+03 2.3558e+19 3.2954e+18 3.2954e+18 3.0097e-01 0.0000e+00 1.5866e+04 0.0000e+00
1.7300e+03 2.4670e-11 8.9284e-01 1.8789e+03 6.2274e+03 5.7000e+03 2.3760e+19 3.3193e+18 3.3193e+18 2.9992e-01 0.0000e+00 1.5914e+04 0.0000e+00
1.7400e+03 2.4576e-11 8.9253e-01 1.8782e+03 6.2248e+03 5.7000e+03 2.3964e+19 3.3433e+18 3.3433e+18 2.9887e-01 0.0000e+00 1.5962e+04 0.0000e+00
1.7500e+03 2.4481e-11 8.9222e-01 1.8774e+03 6.2222e+03 5.7000e+03 2.4170e+19 3.3675e+18 3.3675e+18 2.9782e-01 0.0000e+00 1.6010e+04 0.0000e+00
1.7600e+03 2.4387e-11 8.9192e-01 1.8766e+03 6.2197e+03 5.7000e+03 2.4377e+19 3.3919e+18 3.3919e+18 2.9678e-01 0.0000e+00 1.6058e+04 0.0000e+00
1.7700e+03 2.4294e-11 8.9161e-01 1.8758e+03 6.2171e+03 5.7000e+03 2.4587e+19 3.4164e+18 3.4164e+18 2.9574e-01 0.0000e+00 1.6107e+04 0.0000e+00
1.7800e+03 2.4200e-11 8.9131e-01 1.8751e+03 6.2145e+03 5.7000e+03 2.4798e+19 3.4412e+18 3.4412e+18 2.9471e-01 0.0000e+00 1.6156e+04 0.0000e+00
1.7900e+03 2.4107e-11 8.9100e-01 1.8743e+03 6.2119e+03 5.7000e+03 2.5011e+19 3.4661e+18 3.4661e+18 2.9368e-01 0.0000e+00 1.6204e+04 0.0000e+00
1.8000e+03 2.4015e-11 8.9070e-01 1.8735e+03 6.2094e+03 5.7000e+03 2.5226e+19 3.4912e+18 3.4912e+18 2.9265e-01 0.0000e+00 1.6253e+04 0.0000e+00
1.8100e+03 2.3923e-11 8.9040e-01 1.8727e+03 6.2068e+03 5.7000e+03 2.5444e+19 3.5165e+18 3.5165e+18 2.9162e-01 0.0000e+00 1.6302e+04 0.0000e+00
1.8200e+03 2.3831e-11 8.9010e-01 1.8720e+03 6.2042e+03 5.7000e+03 2.5663e+19 3.5420e+18 3.5420e+18 2.9060e-01 0.0000e+00 1.6352e+04 0.0000e+00
1.8300e+03 2.3739e-11 8.8979e-01 1.8712e+03 6.2017e+03 5.7000e+03 2.5884e+19 3.5677e+18 3.5677e+18 2.8958e-01 0.0000e+00 1.6401e+04 0.0000e+00
1.8400e+03 2.3648e-11 8.8949e-01 1.8704e+03 6.1991e+03 5.7000e+03 2.6107e+19 3.5935e+18 3.5935e+18 2.8857e-01 0.0000e+00 1.6451e+04 0.0000e+00
1.8500e+03 2.3557e-11 8.8920e-01 1.8696e+03 6.1966e+03 5.7000e+03 2.6332e+19 3.6196e+18 3.6196e+18 2.8756e-01 0.0000e+00 1.6501e+04 0.0000e+00
1.8600e+03 2.3467e-11 8.8890e-01 1.8689e+03 6.1940e+03 5.7000e+03 2.6559e+19 3.6458e+18 3.6458e+18 2.8655e-01 0.0000e+00 1.6551e+04 0.0000e+00
1.8700e+03 2.3377e-11 8.8860e-01 1.8681e+03 6.1914e+03 5.7000e+03 2.6788e+19 3.6722e+18 3.6722e+18 2.8554e-01 0.0000e+00 1.6601e+04 0.0000e+00
1.8800e+03 2.3287e-11 8.8830e-01 1.8673e+03 6.1889e+03 5.7000e+03 2.7019e+19 3.6988e+18 3.6988e+18 2.8454e-01 0.0000e+00 1.6651e+04 0.0000e+00
1.8900e+03 2.3197e-11 8.8800e-01 1.8666e+03 6.1863e+03 5.7000e+03 2.7252e+19 3.7256e+18 3.7256e+18 2.8355e-01 0.0000e+00 1.6702e+04 0.0000e+00
1.9000e+03 2.3108e-11 8.8771e-01 1.8658e+03 6.1838e+03 5.7000e+03 2.7487e+19 3.7526e+18 3.7526e+18 2.8255e-01 0.0000e+00 1.6752e+04 0.0000e+00
1.9100e+03 2.3020e-11 8.8741e-01 1.8650e+03 6.1812e+03 5.7000e+03 2.7724e+19 3.7798e+18 3.7798e+18 2.8156e-01 0.0000e+00 1.6803e+04 0.0000e+00
1.9200e+03 2.2931e-11 8.8712e-01 1.8642e+03 6.1787e+03 5.7000e+03 2.7963e+19 3.8072e+18 3.8072e+18 2.8057e-01 0.0000e+00 1.6854e+04 0.0000e+00
1.9300e+03 2.2843e-11 8.8682e-01 1.8635e+03 6.1762e+03 5.7000e+03 2.8205e+19 3.8348e+18 3.8348e+18 2.7959e-01 0.0000e+00 1.6905e+04 0.0000e+00
1.9400e+03 2.2756e-11 8.8653e-01 1.8627e+03 6.1736e+03 5.7000e+03 2.8448e+19 3.8626e+18 3.8626e+18 2.7861e-01 0.0000e+00 1.6956e+04 0.0000e+00
1.9500e+03 2.2668e-11 8.8623e-01 1.8620e+03 6.1711e+03 5.7000e+03 2.8694e+19 3.8906e+18 3.8906e+18 2.7763e-01 0.0000e+00 1.7008e+04 0.0000e+00
1.9600e+03 2.2581e-11 8.8594e-01 1.8612e+03 6.1685e+03 5.7000e+03 2.8942e+19 3.9188e+18 3.9188e+18 2.7666e-01 0.0000e+00 1.7059e+04 0.0000e+00
1.9700e+03 2.2494e-11 8.8564e-01 1.8604e+03 6.1660e+03 5.7000e+03 2.9192e+19 3.9471e+18 3.9471e+18 2.7568e-01 0.0000e+00 1.7111e+04 0.0000e+00
1.9800e+03 2.2408e-11 8.8535e-01 1.8597e+03 6.1635e+03 5.7000e+03 2.9444e+19 3.9757e+18 3.9757e+18 2.7472e-01 0.0000e+00 1.7163e+04 0.0000e+00
1.9900e+03 2.2322e-11 8.8505e-01 1.8589e+03 6.1610e+03 5.7000e+03 2.9699e+19 4.0045e+18 4.0045e+18 2.7375e-01 0.0000e+00 1.7215e+04 0.0000e+00
2.0000e+03 2.2236e-11 8.8476e-01 1.8581e+03 6.1584e+03 5.7000e+03 2.9955e+19 4.0335e+18 4.0335e+18 2.7279e-01 0.0000e+00 1.7267e+04 0.0000e+00
2.0100e+03 2.2151e-11 8.8447e-01 1.8574e+03 6.1559e+03 5.7000e+03 3.0214e+19 4.0627e+18 4.0627e+18 2.7184e-01 0.0000e+00 1.7320e+04 0.0000e+00
2.0200e+03 2.2066e-11 8.8417e-01 1.8566e+03 6.1534e+03 5.7000e+03 3.0476e+19 4.0921e+18 4.0921e+18 2.7088e-01 0.0000e+00 1.7372e+04 0.0000e+00
2.0300e+03 2.1981e-11 8.8388e-01 1.8559e+03 6.1509e+03 5.7000e+03 3.0739e+19 4.1217e+18 4.1217e+18 2.6993e-01 0.0000e+00 1.7425e+04 0.0000e+00
2.0400e+03 2.1897e-11 8.8359e-01 1.8551e+03 6.1484e+03 5.7000e+03 3.1005e+19 4.1515e+18 4.1515e+18 2.6898e-01 0.0000e+00 1.7478e+04 0.0000e+00
2.0500e+03 2.1813e-11 8.8329e-01 1.8543e+03 6.1458e+03 5.7000e+03 3.1273e+19 4.1816e+18 4.1816e+18 2.6804e-01 0.0000e+00 1.7531e+04 0.0000e+00
2.0600e+03 2.1729e-11 8.8300e-01 1.8536e+03 6.1433e+03 5.7000e+03 3.1543e+19 4.2118e+18 4.2118e+18 2.6710e-01 0.0000e+00 1.7584e+04 0.0000e+00
2.0700e+03 2.1645e-11 8.8271e-01 1.8528e+03 6.1408e+03 5.7000e+03 3.1816e+19 4.2423e+18 4.2423e+18 2.6616e-01 0.0000e+00 1.7638e+04 0.0000e+00
2.0800e+03 2.1562e-11 8.8241e-01 1.8521e+03 6.1383e+03 5.7000e+03 3.2092e+19 4.2730e+18 4.2730e+18 2.6523e-01 0.0000e+00 1.7691e+04 0.0000e+00
2.0900e+03 2.1479e-11 8.8212e-01 1.8513e+03 6.1358e+03 5.7000e+03 3.2369e+19 4.3038e+18 4.3038e+18 2.6430e-01 0.0000e+00 1.7745e+04 0.0000e+00
2.1000e+03 2.1397e-11 8.8183e-01 1.8506e+03 6.1333e+03 5.7000e+03 3.2649e+19 4.3350e+18 4.3350e+18 2.6337e-01 0.0000e+00 1.7799e+04 0.0000e+00
2.1100e+03 2.1315e-11 8.8154e-01 1.8498e+03 6.1308e+03 5.7000e+03 3.2932e+19 4.3663e+18 4.3663e+18 2.6245e-01 0.0000e+00 1.7853e+04 0.0000e+00
2.1200e+03 2.1233e-11 8.8124e-01 1.8491e+03 6.1283e+03 5.7000e+03 3.3217e+19 4.3978e+18 4.3978e+18 2.6152e-01 0.0000e+00 1.7907e+04 0.0000e+00
2.1300e+03 2.1151e-11 8.8095e-01 1.8483e+03 6.1258e+03 5.7000e+03 3.3504e+19 4.4296e+18 4.4296e+18 2.6061e-01 0.0000e+00 1.7962e+04 0.0000e+00
2.1400e+03 2.1070e-11 8.8066e-01 1.8475e+03 6.1233e+03 5.7000e+03 3.3794e+19 4.4616e+18 4.4616e+18 2.5969e-01 0.0000e+00 1.8016e+04 0.0000e+00
2.1500e+03 2.0989e-11 8.8036e-01 1.8468e+03 6.1209e+03 5.7000e+03 3.4087e+19 4.4938e+18 4.4938e+18 2.5878e-01 0.0000e+00 1.8071e+04 0.0000e+00
2.1600e+03 2.0909e-11 8.8007e-01 1.8460e+03 6.1184e+03 5.7000e+03 3.4382e+19 4.5262e+18 4.5262e+18 2.5787e-01 0.0000e+00 1.8126e+04 0.0000e+00
2.1700e+03 2.0828e-11 8.7977e-01 1.8453e+03 6.1159e+03 5.7000e+03 3.4679e+19 4.5589e+18 4.5589e+18 2.5697e-01 0.0000e+00 1.8181e+04 0.0000e+00
2.1800e+03 2.0748e-11 8.7948e-01 1.8446e+03 6.1134e+03 5.7000e+03 3.4979e+19 4.5917e+18 4.5917e+18 2.5607e-01 0.0000e+00 1.8236e+04 0.0000e+00
2.1900e+03 2.0669e-11 8.7919e-01 1.8438e+03 6.1109e+03 5.7000e+03 3.5282e+19 4.6249e+18 4.6249e+18 2.5517e-01 0.0000e+00 1.8291e+04 0.0000e+00
2.2000e+03 2.0589e-11 8.7889e-01 1.8431e+03 6.1085e+03 5.7000e+03 3.5587e+19 4.6582e+18 4.6582e+18 2.5428e-01 0.0000e+00 1.8347e+04 0.0000e+00
2.2100e+03 2.0510e-11 8.7860e-01 1.8423e+03 6.1060e+03 5.7000e+03 3.5895e+19 4.6918e+18 4.6918e+18 2.5338e-01 0.0000e+00 1.8403e+04 0.0000e+00
2.2200e+03 2.0432e-11 8.7830e-01 1.8416e+03 6.1035e+03 5.7000e+03 3.6206e+19 4.7256e+18 4.7256e+18 2.5250e-01 0.0000e+00 1.8459e+04 0.0000e+00
2.2300e+03 2.0353e-11 8.7801e-01 1.8408e+03 6.1011e+03 5.7000e+03 3.6520e+19 4.7596e+18 4.7596e+18 2.5161e-01 0.0000e+00 1.8515e+04 0.0000e+00
2.2400e+03 2.0275e-11 8.7771e-01 1.8401e+03 6.0986e+03 5.7000e+03 3.6836e+19 4.7939e+18 4.7939e+18 2.5073e-01 0.0000e+00 1.8571e+04 0.0000e+00
2.2500e+03 2.0197e-11 8.7742e-01 1.8393e+03 6.0961e+03 5.7000e+03 3.7155e+19 4.8284e+18 4.8284e+18 2.4985e-01 0.0000e+00 1.8627e+04 0.0000e+00
2.2600e+03 2.0120e-11 8.7712e-01 1.8386e+03 6.0937e+03 5.7000e+03 3.7476e+19 4.8632e+18 4.8632e+18 2.4897e-01 0.0000e+00 1.8684e+04 0.0000e+00
2.2700e+03 2.0042e-11 8.7683e-01 1.8379e+03 6.0912e+03 5.7000e+03 3.7801e+19 4.8982e+18 4.8982e+18 2.4810e-01 0.0000e+00 1.8741e+04 0.0000e+00
2.2800e+03 1.9965e-11 8.7653e-01 1.8371e+03 6.0888e+03 5.7000e+03 3.8128e+19 4.9334e+18 4.9334e+18 2.4723e-01 0.0000e+00 1.8797e+04 0.0000e+00
2.2900e+03 1.9889e-11 8.7623e-01 1.8364e+03 6.0863e+03 5.7000e+03 3.8458e+19 4.9689e+18 4.9689e+18 2.4637e-01 0.0000e+00 1.8855e+04 0.0000e+00
2.3000e+03 1.9812e-11 8.7594e-01 1.8356e+03 6.0839e+03 5.7000e+03 3.8791e+19 5.0046e+18 5.0046e+18 2.4550e-01 0.0000e+00 1.8912e+04 0.0000e+00
2.3100e+03 1.9736e-11 8.7564e-01 1.8349e+03 6.0814e+03 5.7000e+03 3.9127e+19 5.0406e+18 5.0406e+18 2.4464e-01 0.0000e+00 1.8969e+04 0.0000e+00
2.3200e+03 1.9660e-11 8.7534e-01 1.8342e+03 6.0790e+03 5.7000e+03 3.9465e+19 5.0768e+18 5.0768e+18 2.4379e-01 0.0000e+00 1.9027e+04 0.0000e+00
2.3300e+03 1.9585e-11 8.7505e-01 1.8334e+03 6.0765e+03 5.7000e+03 3.9807e+19 5.1132e+18 5.1132e+18 2.4293e-01 0.0000e+00 1.9085e+04 0.0000e+00
2.3400e+03 1.9510e-11 8.7475e-01 1.8327e+03 6.0741e+03 5.7000e+03 4.0151e+19 5.1499e+18 5.1499e+18 2.4208e-01 0.0000e+00 1.9143e+04 0.0000e+00
2.3500e+03 1.9435e-11 8.7445e-01 1.8320e+03 6.0717e+03 5.7000e+03 4.0499e+19 5.1869e+18 5.1869e+18 2.4124e-01 0.0000e+00 1.9201e+04 0.0000e+00
2.3600e+03 1.9360e-11 8.7415e-01 1.8312e+03 6.0692e+03 5.7000e+03 4.0849e+19 5.2241e+18 5.2241e+18 2.4039e-01 0.0000e+00 1.9259e+04 0.0000e+00
2.3700e+03 1.9286e-11 8.7385e-01 1.8305e+03 6.0668e+03 5.7000e+03 4.1203e+19 5.2616e+18 5.2616e+18 2.3955e-01 0.0000e+00 1.9317e+04 0.0000e+00
2.3800e+03 1.9212e-11 8.7355e-01 1.8298e+03 6.0644e+03 5.7000e+03 4.1560e+19 5.2993e+18 5.2993e+18 2.3871e-01 0.0000e+00 1.9376e+04 0.0000e+00
2.3900e+03 1.9138e-11 8.7326e-01 1.8290e+03 6.0620e+03 5.7000e+03 4.1919e+19 5.3373e+18 5.3373e+18 2.3788e-01 0.0000e+00 1.9435e+04 0.0000e+00
2.4000e+03 1.9064e-11 8.7296e-01 1.8283e+03 6.0596e+03 5.7000e+03 4.2282e+19 5.3756e+18 5.3756e+18 2.3704e-01 0.0000e+00 1.9494e+04 0.0000e+00
2.4100e+03 1.8991e-11 8.7266e-01 1.8276e+03 6.0571e+03 5.7000e+03 4.2648e+19 5.4141e+18 5.4141e+18 2.3622e-01 0.0000e+00 1.9553e+04 0.0000e+00
2.4200e+03 1.8918e-11 8.7236e-01 1.8268e+03 6.0547e+03 5.7000e+03 4.3017e+19 5.4528e+18 5.4528e+18 2.3539e-01 0.0000e+00 1.9612e+04 0.0000e+00
2.4300e+03 1.8846e-11 8.7205e-01 1.8261e+03 6.0523e+03 5.7000e+03 4.3389e+19 5.4919e+18 5.4919e+18 2.3457e-01 0.0000e+00 1.9672e+04 0.0000e+00
2.4400e+03 1.8773e-11 8.7175e-01 1.8254e+03 6.0499e+03 5.7000e+03 4.3765e+19 5.5311e+18 5.5311e+18 2.3375e-01 0.0000e+00 1.9731e+04 0.0000e+00
2.4500e+03 1.8701e-11 8.7145e-01 1.8247e+03 6.0475e+03 5.7000e+03 4.4144e+19 5.5707e+18 5.5707e+18 2.3293e-01 0.0000e+00 1.9791e+04 0.0000e+00
2.4600e+03 1.8629e-11 8.7115e-01 1.8239e+03 6.0451e+03 5.7000e+03 4.4525e+19 5.6105e+18 5.6105e+18 2.3212e-01 0.0000e+00 1.9851e+04 0.0000e+00
2.4700e+03 1.8558e-11 8.7085e-01 1.8232e+03 6.0427e+03 5.7000e+03 4.4911e+19 5.6506e+18 5.6506e+18 2.3130e-01 0.0000e+00 1.9912e+04 0.0000e+00
2.4800e+03 1.8487e-11 8.7055e-01 1.8225e+03 6.0403e+03 5.7000e+03 4.5299e+19 5.6910e+18 5.6910e+18 2.3050e-01 0.0000e+00 1.9972e+04 0.0000e+00
2.4900e+03 1.8416e-11 8.7024e-01 1.8218e+03 6.0379e+03 5.7000e+03 4.5691e+19 5.7317e+18 5.7317e+18 2.2969e-01 0.0000e+00 2.0033e+04 0.0000e+00
2.5000e+03 1.8345e-11 8.6994e-01 1.8210e+03 6.0355e+03 5.7000e+03 4.6086e+19 5.7726e+18 5.7726e+18 2.2889e-01 0.0000e+00 2.0093e+04 0.0000e+00
2.5100e+03 1.8274e-11 8.6964e-01 1.8203e+03 6.0331e+03 5.7000e+03 4.6485e+19 5.8138e+18 5.8138e+18 2.2809e-01 0.0000e+00 2.0154e+04 0.0000e+00
2.5200e+03 1.8204e-11 8.6933e-01 1.8196e+03 6.0307e+03 5.7000e+03 4.6887e+19 5.8553e+18 5.8553e+18 2.2729e-01 0.0000e+00 2.0215e+04 0.0000e+00
2.5300e+03 1.8134e-11 8.6903e-01 1.8189e+03 6.0284e+03 5.7000e+03 4.7293e+19 5.8970e+18 5.8970e+18 2.2650e-01 0.0000e+00 2.0277e+04 0.0000e+00
2.5400e+03 1.8065e-11 8.6872e-01 1.8182e+03 6.0260e+03 5.7000e+03 4.7702e+19 5.9391e+18 5.9391e+18 2.2571e-01 0.0000e+00 2.0338e+04 0.0000e+00
2.5500e+03 1.7995e-11 8.6842e-01 1.8175e+03 6.0236e+03 5.7000e+03 4.8114e+19 5.9814e+18 5.9814e+18 2.2492e-01 0.0000e+00 2.0400e+04 0.0000e+00
2.5600e+03 1.7926e-11 8.6811e-01 1.8167e+03 6.0212e+03 5.7000e+03 4.8531e+19 6.0240e+18 6.0240e+18 2.2414e-01 0.0000e+00 2.0462e+04 0.0000e+00
2.5700e+03 1.7857e-11 8.6780e-01 1.8160e+03 6.0188e+03 5.7000e+03 4.8950e+19 6.0669e+18 6.0669e+18 2.2335e-01 0.0000e+00 2.0524e+04 0.0000e+00
2.5800e+03 1.7789e-11 8.6750e-01 1.8153e+03 6.0165e+03 5.7000e+03 4.9374e+19 6.1101e+18 6.1101e+18 2.2258e-01 0.0000e+00 2.0586e+04 0.0000e+00
2.5900e+03 1.7721e-11 8.6719e-01 1.8146e+03 6.0141e+03 5.7000e+03 4.9800e+19 6.1535e+18 6.1535e+18 2.2180e-01 0.0000e+00 2.0648e+04 0.0000e+00
2.6000e+03 1.7653e-11 8.6688e-01 1.8139e+03 6.0117e+03 5.7000e+03 5.0231e+19 6.1973e+18 6.1973e+18 2.2103e-01 0.0000e+00 2.0711e+04 0.0000e+00
2.6100e+03 1.7585e-11 8.6658e-01 1.8132e+03 6.0094e+03 5.7000e+03 5.0665e+19 6.2414e+18 6.2414e+18 2.2026e-01 0.0000e+00 2.0774e+04 0.0000e+00
2.6200e+03 1.7517e-11 8.6627e-01 1.8125e+03 6.0070e+03 5.7000e+03 5.1103e+19 6.2857e+18 6.2857e+18 2.1949e-01 0.0000e+00 2.0836e+04 0.0000e+00
2.6300e+03 1.7450e-11 8.6596e-01 1.8117e+03 6.0047e+03 5.7000e+03 5.1545e+19 6.3304e+18 6.3304e+18 2.1872e-01 0.0000e+00 2.0900e+04 0.0000e+00
2.6400e+03 1.7383e-11 8.6565e-01 1.8110e+03 6.0023e+03 5.7000e+03 5.1991e+19 6.3753e+18 6.3753e+18 2.1796e-01 0.0000e+00 2.0963e+04 0.0000e+00
2.6500e+03 1.7316e-11 8.6534e-01 1.8103e+03 6.0000e+03 5.7000e+03 5.2440e+19 6.4206e+18 6.4206e+18 2.1720e-01 0.0000e+00 2.1026e+04 0.0000e+00
2.6600e+03 1.7250e-11 8.6503e-01 1.8096e+03 5.9976e+03 5.7000e+03 5.2893e+19 6.4661e+18 6.4661e+18 2.1645e-01 0.0000e+00 2.1090e+04 0.0000e+00
2.6700e+03 1.7183e-11 8.6472e-01 1.8089e+03 5.9953e+03 5.7000e+03 5.3351e+19 6.5120e+18 6.5120e+18 2.1569e-01 0.0000e+00 2.1154e+04 0.0000e+00
2.6800e+03 1.7117e-11 8.6441e-01 1.8082e+03 5.9929e+03 5.7000e+03 5.3812e+19 6.5581e+18 6.5581e+18 2.1494e-01 0.0000e+00 2.1218e+04 0.0000e+00
2.6900e+03 1.7052e-11 8.6410e-01 1.8075e+03 5.9906e+03 5.7000e+03 5.4277e+19 6.6046e+18 6.6046e+18 2.1419e-01 0.0000e+00 2.1282e+04 0.0000e+00
2.7000e+03 1.6986e-11 8.6379e-01 1.8068e+03 5.9883e+03 5.7000e+03 5.4746e+19 6.6514e+18 6.6514e+18 2.1345e-01 0.0000e+00 2.1347e+04 0.0000e+00
2.7100e+03 1.6921e-11 8.6347e-01 1.8061e+03 5.9859e+03 5.7000e+03 5.5219e+19 6.6985e+18 6.6985e+18 2.1270e-01 0.0000e+00 2.1411e+04 0.0000e+00
2.7200e+03 1.6856e-11 8.6316e-01 1.8054e+03 5.9836e+03 5.7000e+03 5.5696e+19 6.7459e+18 6.7459e+18 2.1196e-01 0.0000e+00 2.1476e+04 0.0000e+00
2.7300e+03 1.6791e-11 8.6285e-01 1.8047e+03 5.9813e+03 5.7000e+03 5.6177e+19 6.7936e+18 6.7936e+18 2.1123e-01 0.0000e+00 2.1541e+04 0.0000e+00
2.7400e+03 1.6727e-11 8.6253e-01 1.8040e+03 5.9789e+03 5.7000e+03 5.6662e+19 6.8417e+18 6.8417e+18 2.1049e-01 0.0000e+00 2.1606e+04 0.0000e+00
2.7500e+03 1.6663e-11 8.6222e-01 1.8033e+03 5.9766e+03 5.7000e+03 5.7152e+19 6.8900e+18 6.8900e+18 2.0976e-01 0.0000e+00 2.1672e+04 0.0000e+00
2.7600e+03 1.6599e-11 8.6191e-01 1.8026e+03 5.9743e+03 5.7000e+03 5.7645e+19 6.9387e+18 6.9387e+18 2.0903e-01 0.0000e+00 2.1737e+04 0.0000e+00
2.7700e+03 1.6535e-11 8.6159e-01 1.8019e+03 5.9720e+03 5.7000e+03 5.8143e+19 6.9877e+18 6.9877e+18 2.0830e-01 0.0000e+00 2.1803e+04 0.0000e+00
2.7800e+03 1.6471e-11 8.6127e-01 1.8012e+03 5.9697e+03 5.7000e+03 5.8645e+19 7.0371e+18 7.0371e+18 2.0758e-01 0.0000e+00 2.1869e+04 0.0000e+00
2.7900e+03 1.6408e-11 8.6096e-01 1.8005e+03 5.9674e+03 5.7000e+03 5.9152e+19 7.0867e+18 7.0867e+18 2.0686e-01 0.0000e+00 2.1935e+04 0.0000e+00
2.8000e+03 1.6345e-11 8.6064e-01 1.7998e+03 5.9651e+03 5.7000e+03 5.9662e+19 7.1367e+18 7.1367e+18 2.0614e-01 0.0000e+00 2.2001e+04 0.0000e+00
2.8100e+03 1.6282e-11 8.6033e-01 1.7991e+03 5.9628e+03 5.7000e+03 6.0177e+19 7.1870e+18 7.1870e+18 2.0542e-01 0.0000e+00 2.2068e+04 0.0000e+00
2.8200e+03 1.6220e-11 8.6001e-01 1.7984e+03 5.9604e+03 5.7000e+03 6.0697e+19 7.2377e+18 7.2377e+18 2.0471e-01 0.0000e+00 2.2135e+04 0.0000e+00
2.8300e+03 1.6158e-11 8.5969e-01 1.7977e+03 5.9581e+03 5.7000e+03 6.1221e+19 7.2886e+18 7.2886e+18 2.0400e-01 0.0000e+00 2.2201e+04 0.0000e+00
2.8400e+03 1.6096e-11 8.5937e-01 1.7970e+03 5.9559e+03 5.7000e+03 6.1749e+19 7.3400e+18 7.3400e+18 2.0329e-01 0.0000e+00 2.2269e+04 0.0000e+00
2.8500e+03 1.6034e-11 8.5905e-01 1.7963e+03 5.9536e+03 5.7000e+03 6.2282e+19 7.3916e+18 7.3916e+18 2.0259e-01 0.0000e+00 2.2336e+04 0.0000e+00
2.8600e+03 1.5972e-11 8.5873e-01 1.7956e+03 5.9513e+03 5.7000e+03 6.2820e+19 7.4436e+18 7.4436e+18 2.0188e-01 0.0000e+00 2.2403e+04 0.0000e+00
2.8700e+03 1.5911e-11 8.5842e-01 1.7949e+03 5.9490e+03 5.7000e+03 6.3362e+19 7.4960e+18 7.4960e+18 2.0118e-01 0.0000e+00 2.2471e+04 0.0000e+00
2.8800e+03 1.5850e-11 8.5810e-01 1.7942e+03 5.9467e+03 5.7000e+03 6.3909e+19 7.5486e+18 7.5486e+18 2.0049e-01 0.0000e+00 2.2539e+04 0.0000e+00
2.8900e+03 1.5789e-11 8.5777e-01 1.7936e+03 5.9444e+03 5.7000e+03 6.4460e+19 7.6017e+18 7.6017e+18 1.9979e-01 0.0000e+00 2.2607e+04 0.0000e+00
2.9000e+03 1.5728e-11 8.5745e-01 1.7929e+03 5.9421e+03 5.7000e+03 6.5016e+19 7.6551e+18 7.6551e+18 1.9910e-01 0.0000e+00 2.2675e+04 0.0000e+00
2.9100e+03 1.5668e-11 8.5713e-01 1.7922e+03 5.9399e+03 5.7000e+03 6.5577e+19 7.7088e+18 7.7088e+18 1.9841e-01 0.0000e+00 2.2744e+04 0.0000e+00
2.9200e+03 1.5608e-11 8.5681e-01 1.7915e+03 5.9376e+03 5.7000e+03 6.6143e+19 7.7629e+18 7.7629e+18 1.9772e-01 0.0000e+00 2.2813e+04 0.0000e+00
2.9300e+03 1.5548e-11 8.5649e-01 1.7908e+03 5.9353e+03 5.7000e+03 6.6714e+19 7.8173e+18 7.8173e+18 1.9703e-01 0.0000e+00 2.2881e+04 0.0000e+00
2.9400e+03 1.5488e-11 8.5616e-01 1.7901e+03 5.9330e+03 5.7000e+03 6.7289e+19 7.8721e+18 7.8721e+18 1.9635e-01 0.0000e+00 2.2950e+04 0.0000e+00
2.9500e+03 1.5429e-11 8.5584e-01 1.7894e+03 5.9308e+03 5.7000e+03 6.7869e+19 7.9273e+18 7.9273e+18 1.9567e-01 0.0000e+00 2.3020e+04 0.0000e+00
2.9600e+03 1.5369e-11 8.5552e-01 1.7888e+03 5.9285e+03 5.7000e+03 6.8455e+19 7.9828e+18 7.9828e+18 1.9499e-01 0.0000e+00 2.3089e+04 0.0000e+00
2.9700e+03 1.5310e-11 8.5519e-01 1.7881e+03 5.9262e+03 5.7000e+03 6.9045e+19 8.0387e+18 8.0387e+18 1.9432e-01 0.0000e+00 2.3159e+04 0.0000e+00
2.9800e+03 1.5252e-11 8.5487e-01 1.7874e+03 5.9240e+03 5.7000e+03 6.9640e+19 8.0949e+18 8.0949e+18 1.9365e-01 0.0000e+00 2.3229e+04 0.0000e+00
2.9900e+03 1.5193e-11 8.5454e-01 1.7867e+03 5.9217e+03 5.7000e+03 7.0241e+19 8.1515e+18 8.1515e+18 1.9298e-01 0.0000e+00 2.3299e+04 0.0000e+00
3.0000e+03 1.5135e-11 8.5422e-01 1.7860e+03 5.9195e+03 5.7000e+03 7.0846e+19 8.2085e+18 8.2085e+18 1.9231e-01 0.0000e+00 2.3369e+04 0.0000e+00
3.0100e+03 1.5076e-11 8.5389e-01 1.7854e+03 5.9172e+03 5.7000e+03 7.1457e+19 8.2658e+18 8.2658e+18 1.9164e-01 0.0000e+00 2.3440e+04 0.0000e+00
3.0200e+03 1.5019e-11 8.5356e-01 1.7847e+03 5.9150e+03 5.7000e+03 7.2073e+19 8.3236e+18 8.3236e+18 1.9098e-01 0.0000e+00 2.3510e+04 0.0000e+00
3.0300e+03 1.4961e-11 8.5324e-01 1.7840e+03 5.9127e+03 5.7000e+03 7.2694e+19 8.3817e+18 8.3817e+18 1.9032e-01 0.0000e+00 2.3581e+04 0.0000e+00
3.0400e+03 1.4903e-11 8.5291e-01 1.7833e+03 5.9105e+03 5.7000e+03 7.3320e+19 8.4401e+18 8.4401e+18 1.8966e-01 0.0000e+00 2.3652e+04 0.0000e+00
3.0500e+03 1.4846e-11 8.5258e-01 1.7827e+03 5.9083e+03 5.7000e+03 7.3952e+19 8.4990e+18 8.4990e+18 1.8901e-01 0.0000e+00 2.3724e+04 0.0000e+00
3.0600e+03 1.4789e-11 8.5225e-01 1.7820e+03 5.9060e+03 5.7000e+03 7.4590e+19 8.5582e+18 8.5582e+18 1.8835e-01 0.0000e+00 2.3795e+04 0.0000e+00
3.0700e+03 1.4732e-11 8.5192e-01 1.7813e+03 5.9038e+03 5.7000e+03 7.5232e+19 8.6178e+18 8.6178e+18 1.8770e-01 0.0000e+00 2.3867e+04 0.0000e+00
3.0800e+03 1.4676e-11 8.5159e-01 1.7806e+03 5.9016e+03 5.7000e+03 7.5880e+19 8.6779e+18 8.6779e+18 1.8705e-01 0.0000e+00 2.3939e+04 0.0000e+00
3.0900e+03 1.4620e-11 8.5126e-01 1.7800e+03 5.8993e+03 5.7000e+03 7.6534e+19 8.7383e+18 8.7383e+18 1.8641e-01 0.0000e+00 2.4011e+04 0.0000e+00
3.1000e+03 1.4563e-11 8.5093e-01 1.7793e+03 5.8971e+03 5.7000e+03 7.7193e+19 8.7990e+18 8.7990e+18 1.8577e-01 0.0000e+00 2.4083e+04 0.0000e+00
3.1100e+03 1.4507e-11 8.5060e-01 1.7786e+03 5.8949e+03 5.7000e+03 7.7858e+19 8.8602e+18 8.8602e+18 1.8512e-01 0.0000e+00 2.4156e+04 0.0000e+00
3.1200e+03 1.4452e-11 8.5027e-01 1.7779e+03 5.8927e+03 5.7000e+03 7.8528e+19 8.9218e+18 8.9218e+18 1.8448e-01 0.0000e+00 2.4229e+04 0.0000e+00
3.1300e+03 1.4396e-11 8.4994e-01 1.7773e+03 5.8904e+03 5.7000e+03 7.9205e+19 8.9838e+18 8.9838e+18 1.8385e-01 0.0000e+00 2.4302e+04 0.0000e+00
3.1400e+03 1.4341e-11 8.4961e-01 1.7766e+03 5.8882e+03 5.7000e+03 7.9887e+19 9.0462e+18 9.0462e+18 1.8321e-01 0.0000e+00 2.4375e+04 0.0000e+00
3.1500e+03 1.4286e-11 8.4927e-01 1.7759e+03 5.8860e+03 5.7000e+03 8.0575e+19 9.1089e+18 9.1089e+18 1.8258e-01 0.0000e+00 2.4448e+04 0.0000e+00
3.1600e+03 1.4231e-11 8.4894e-01 1.7753e+03 5.8838e+03 5.7000e+03 8.1268e+19 9.1721e+18 9.1721e+18 1.8195e-01 0.0000e+00 2.4522e+04 0.0000e+00
3.1700e+03 1.4176e-11 8.4860e-01 1.7746e+03 5.8816e+03 5.7000e+03 8.1968e+19 9.2357e+18 9.2357e+18 1.8132e-01 0.0000e+00 2.4596e+04 0.0000e+00
3.1800e+03 1.4122e-11 8.4827e-01 1.7739e+03 5.8794e+03 5.7000e+03 8.2673e+19 9.2997e+18 9.2997e+18 1.8070e-01 0.0000e+00 2.4670e+04 0.0000e+00
3.1900e+03 1.4068e-11 8.4794e-01 1.7733e+03 5.8772e+03 5.7000e+03 8.3385e+19 9.3641e+18 9.3641e+18 1.8008e-01 0.0000e+00 2.4744e+04 0.0000e+00
3.2000e+03 1.4014e-11 8.4760e-01 1.7726e+03 5.8750e+03 5.7000e+03 8.4102e+19 9.4289e+18 9.4289e+18 1.7946e-01 0.0000e+00 2.4819e+04 0.0000e+00
3.2100e+03 1.3960e-11 8.4726e-01 1.7720e+03 5.8728e+03 5.7000e+03 8.4826e+19 9.4942e+18 9.4942e+18 1.7884e-01 0.0000e+00 2.4893e+04 0.0000e+00
3.2200e+03 1.3906e-11 8.4693e-01 1.7713e+03 5.8706e+03 5.7000e+03 8.5556e+19 9.5598e+18 9.5598e+18 1.7822e-01 0.0000e+00 2.4968e+04 0.0000e+00
3.2300e+03 1.3853e-11 8.4659e-01 1.7706e+03 5.8684e+03 5.7000e+03 8.6292e+19 9.6259e+18 9.6259e+18 1.7761e-01 0.0000e+00 2.5043e+04 0.0000e+00
3.2400e+03 1.3800e-11 8.4625e-01 1.7700e+03 5.8662e+03 5.7000e+03 8.7034e+19 9.6924e+18 9.6924e+18 1.7700e-01 0.0000e+00 2.5119e+04 0.0000e+00
3.2500e+03 1.3747e-11 8.4591e-01 1.7693e+03 5.8641e+03 5.7000e+03 8.7783e+19 9.7593e+18 9.7593e+18 1.7639e-01 0.0000e+00 2.5194e+04 0.0000e+00
3.2600e+03 1.3694e-11 8.4558e-01 1.7687e+03 5.8619e+03 5.7000e+03 8.8538e+19 9.8267e+18 9.8267e+18 1.7578e-01 0.0000e+00 2.5270e+04 0.0000e+00
3.2700e+03 1.3641e-11 8.4524e-01 1.7680e+03 5.8597e+03 5.7000e+03 8.9300e+19 9.8945e+18 9.8945e+18 1.7518e-01 0.0000e+00 2.5346e+04 0.0000e+00
3.2800e+03 1.3589e-11 8.4490e-01 1.7673e+03 5.8575e+03 5.7000e+03 9.0068e+19 9.9627e+18 9.9627e+18 1.7457e-01 0.0000e+00 2.5422e+04 0.0000e+00
3.2900e+03 1.3537e-11 8.4456e-01 1.7667e+03 5.8554e+03 5.7000e+03 9.0842e+19 1.0031e+19 1.0031e+19 1.7397e-01 0.0000e+00 2.5499e+04 0.0000e+00
3.3000e+03 1.3485e-11 8.4422e-01 1.7660e+03 5.8532e+03 5.7000e+03 9.1623e+19 1.0100e+19 1.0100e+19 1.7337e-01 0.0000e+00 2.5575e+04 0.0000e+00
3.3100e+03 1.3433e-11 8.4388e-01 1.7654e+03 5.8510e+03 5.7000e+03 9.2411e+19 1.0170e+19 1.0170e+19 1.7278e-01 0.0000e+00 2.5652e+04 0.0000e+00
3.3200e+03 1.3381e-11 8.4354e-01 1.7647e+03 5.8489e+03 5.7000e+03 9.3205e+19 1.0240e+19 1.0240e+19 1.7219e-01 0.0000e+00 2.5729e+04 0.0000e+00
3.3300e+03 1.3330e-11 8.4319e-01 1.7641e+03 5.8467e+03 5.7000e+03 9.4006e+19 1.0310e+19 1.0310e+19 1.7159e-01 0.0000e+00 2.5806e+04 0.0000e+00
3.3400e+03 1.3279e-11 8.4285e-01 1.7634e+03 5.8445e+03 5.7000e+03 9.4814e+19 1.0381e+19 1.0381e+19 1.7100e-01 0.0000e+00 2.5884e+04 0.0000e+00
3.3500e+03 1.3228e-11 8.4251e-01 1.7628e+03 5.8424e+03 5.7000e+03 9.5629e+19 1.0453e+19 1.0453e+19 1.7042e-01 0.0000e+00 2.5962e+04 0.0000e+00
3.3600e+03 1.3177e-11 8.4217e-01 1.7621e+03 5.8402e+03 5.7000e+03 9.6451e+19 1.0524e+19 1.0524e+19 1.6983e-01 0.0000e+00 2.6040e+04 0.0000e+00
3.3700e+03 1.3126e-11 8.4182e-01 1.7615e+03 5.8381e+03 5.7000e+03 9.7280e+19 1.0596e+19 1.0596e+19 1.6925e-01 0.0000e+00 2.6118e+04 0.0000e+00
3.3800e+03 1.3076e-11 8.4148e-01 1.7608e+03 5.8359e+03 5.7000e+03 9.8116e+19 1.0669e+19 1.0669e+19 1.6867e-01 0.0000e+00 2.6196e+04 0.0000e+00
3.3900e+03 1.3026e-11 8.4113e-01 1.7602e+03 5.8338e+03 5.7000e+03 9.8959e+19 1.0742e+19 1.0742e+19 1.6809e-01 0.0000e+00 2.6275e+04 0.0000e+00
3.4000e+03 1.2976e-11 8.4079e-01 1.7595e+03 5.8316e+03 5.7000e+03 9.9809e+19 1.0816e+19 1.0816e+19 1.6751e-01 0.0000e+00 2.6354e+04 0.0000e+00
3.4100e+03 1.2926e-11 8.4044e-01 1.7589e+03 5.8295e+03 5.7000e+03 1.0067e+20 1.0890e+19 1.0890e+19 1.6694e-01 0.0000e+00 2.6433e+04 0.0000e+00
3.4200e+03 1.2876e-11 8.4010e-01 1.7582e+03 5.8274e+03 5.7000e+03 1.0153e+20 1.0964e+19 1.0964e+19 1.6636e-01 0.0000e+00 2.6512e+04 0.0000e+00
3.4300e+03 1.2827e-11 8.3975e-01 1.7576e+03 5.8252e+03 5.7000e+03 1.0240e+20 1.1039e+19 1.1039e+19 1.6579e-01 0.0000e+00 2.6592e+04 0.0000e+00
3.4400e+03 1.2778e-11 8.3940e-01 1.7570e+03 5.8231e+03 5.7000e+03 1.0328e+20 1.1115e+19 1.1115e+19 1.6523e-01 0.0000e+00 2.6672e+04 0.0000e+00
3.4500e+03 1.2729e-11 8.3905e-01 1.7563e+03 5.8210e+03 5.7000e+03 1.0417e+20 1.1191e+19 1.1191e+19 1.6466e-01 0.0000e+00 2.6752e+04 0.0000e+00
3.4600e+03 1.2680e-11 8.3871e-01 1.7557e+03 5.8188e+03 5.7000e+03 1.0506e+20 1.1267e+19 1.1267e+19 1.6410e-01 0.0000e+00 2.6832e+04 0.0000e+00
3.4700e+03 1.2631e-11 8.3836e-01 1.7550e+03 5.8167e+03 5.7000e+03 1.0596e+20 1.1344e+19 1.1344e+19 1.6353e-01 0.0000e+00 2.6912e+04 0.0000e+00
3.4800e+03 1.2583e-11 8.3801e-01 1.7544e+03 5.8146e+03 5.7000e+03 1.0687e+20 1.1422e+19 1.1422e+19 1.6297e-01 0.0000e+00 2.6993e+04 0.0000e+00
3.4900e+03 1.2534e-11 8.3766e-01 1.7538e+03 5.8125e+03 5.7000e+03 1.0779e+20 1.1499e+19 1.1499e+19 1.6242e-01 0.0000e+00 2.7074e+04 0.0000e+00
3.5000e+03 1.2486e-11 8.3731e-01 1.7531e+03 5.8104e+03 5.7000e+03 1.0872e+20 1.1578e+19 1.1578e+19 1.6186e-01 0.0000e+00 2.7155e+04 0.0000e+00
3.5100e+03 1.2438e-11 8.3696e-01 1.7525e+03 5.8082e+03 5.7000e+03 1.0965e+20 1.1657e+19 1.1657e+19 1.6131e-01 0.0000e+00 2.7237e+04 0.0000e+00
3.5200e+03 1.2390e-11 8.3661e-01 1.7518e+03 5.8061e+03 5.7000e+03 1.1059e+20 1.1736e+19 1.1736e+19 1.6075e-01 0.0000e+00 2.7318e+04 0.0000e+00
3.5300e+03 1.2343e-11 8.3626e-01 1.7512e+03 5.8040e+03 5.7000e+03 1.1154e+20 1.1816e+19 1.1816e+19 1.6020e-01 0.0000e+00 2.7400e+04 0.0000e+00
3.5400e+03 1.2295e-11 8.3590e-01 1.7506e+03 5.8019e+03 5.7000e+03 1.1250e+20 1.1896e+19 1.1896e+19 1.5966e-01 0.0000e+00 2.7482e+04 0.0000e+00
3.5500e+03 1.2248e-11 8.3555e-01 1.7499e+03 5.7998e+03 5.7000e+03 1.1346e+20 1.1977e+19 1.1977e+19 1.5911e-01 0.0000e+00 2.7565e+04 0.0000e+00
3.5600e+03 1.2201e-11 8.3520e-01 1.7493e+03 5.7977e+03 5.7000e+03 1.1443e+20 1.2058e+19 1.2058e+19 1.5857e-01 0.0000e+00 2.7647e+04 0.0000e+00
3.5700e+03 1.2154e-11 8.3485e-01 1.7487e+03 5.7956e+03 5.7000e+03 1.1542e+20 1.2140e+19 1.2140e+19 1.5802e-01 0.0000e+00 2.7730e+04 0.0000e+00
3.5800e+03 1.2108e-11 8.3449e-01 1.7480e+03 5.7935e+03 5.7000e+03 1.1641e+20 1.2223e+19 1.2223e+19 1.5748e-01 0.0000e+00 2.7813e+04 0.0000e+00
3.5900e+03 1.2061e-11 8.3414e-01 1.7474e+03 5.7914e+03 5.7000e+03 1.1740e+20 1.2305e+19 1.2305e+19 1.5694e-01 0.0000e+00 2.7896e+04 0.0000e+00
3.6000e+03 1.2015e-11 8.3378e-01 1.7468e+03 5.7893e+03 5.7000e+03 1.1841e+20 1.2389e+19 1.2389e+19 1.5641e-01 0.0000e+00 2.7980e+04 0.0000e+00
3.6100e+03 1.1969e-11 8.3343e-01 1.7461e+03 5.7873e+03 5.7000e+03 1.1943e+20 1.2473e+19 1.2473e+19 1.5587e-01 0.0000e+00 2.8064e+04 0.0000e+00
3.6200e+03 1.1923e-11 8.3307e-01 1.7455e+03 5.7852e+03 5.7000e+03 1.2045e+20 1.2557e+19 1.2557e+19 1.5534e-01 0.0000e+00 2.8148e+04 0.0000e+00
3.6300e+03 1.1877e-11 8.3272e-01 1.7449e+03 5.7831e+03 5.7000e+03 1.2148e+20 1.2642e+19 1.2642e+19 1.5481e-01 0.0000e+00 2.8232e+04 0.0000e+00
3.6400e+03 1.1831e-11 8.3236e-01 1.7443e+03 5.7810e+03 5.7000e+03 1.2252e+20 1.2728e+19 1.2728e+19 1.5428e-01 0.0000e+00 2.8317e+04 0.0000e+00
3.6500e+03 1.1786e-11 8.3200e-01 1.7436e+03 5.7789e+03 5.7000e+03 1.2357e+20 1.2814e+19 1.2814e+19 1.5376e-01 0.0000e+00 2.8401e+04 0.0000e+00
3.6600e+03 1.1741e-11 8.3164e-01 1.7430e+03 5.7769e+03 5.7000e+03 1.2463e+20 1.2900e+19 1.2900e+19 1.5323e-01 0.0000e+00 2.8486e+04 0.0000e+00
3.6700e+03 1.1696e-11 8.3129e-01 1.7424e+03 5.7748e+03 5.7000e+03 1.2570e+20 1.2987e+19 1.2987e+19 1.5271e-01 0.0000e+00 2.8571e+04 0.0000e+00
3.6800e+03 1.1651e-11 8.3093e-01 1.7418e+03 5.7727e+03 5.7000e+03 1.2678e+20 1.3075e+19 1.3075e+19 1.5219e-01 0.0000e+00 2.8657e+04 0.0000e+00
3.6900e+03 1.1606e-11 8.3057e-01 1.7411e+03 5.7707e+03 5.7000e+03 1.2786e+20 1.3163e+19 1.3163e+19 1.5167e-01 0.0000e+00 2.8743e+04 0.0000e+00
3.7000e+03 1.1561e-11 8.3021e-01 1.7405e+03 5.7686e+03 5.7000e+03 1.2896e+20 1.3252e+19 1.3252e+19 1.5115e-01 0.0000e+00 2.8829e+04 0.0000e+00
3.7100e+03 1.1517e-11 8.2985e-01 1.7399e+03 5.7665e+03 5.7000e+03 1.3006e+20 1.3341e+19 1.3341e+19 1.5064e-01 0.0000e+00 2.8915e+04 0.0000e+00
3.7200e+03 1.1473e-11 8.2949e-01 1.7393e+03 5.7645e+03 5.7000e+03 1.3118e+20 1.3431e+19 1.3431e+19 1.5013e-01 0.0000e+00 2.9001e+04 0.0000e+00
3.7300e+03 1.1429e-11 8.2913e-01 1.7387e+03 5.7624e+03 5.7000e+03 1.3230e+20 1.3521e+19 1.3521e+19 1.4961e-01 0.0000e+00 2.9088e+04 0.0000e+00
3.7400e+03 1.1385e-11 8.2877e-01 1.7380e+03 5.7604e+03 5.7000e+03 1.3343e+20 1.3612e+19 1.3612e+19 1.4910e-01 0.0000e+00 2.9175e+04 0.0000e+00
3.7500e+03 1.1341e-11 8.2840e-01 1.7374e+03 5.7583e+03 5.7000e+03 1.3458e+20 1.3703e+19 1.3703e+19 1.4860e-01 0.0000e+00 2.9262e+04 0.0000e+00
3.7600e+03 1.1298e-11 8.2804e-01 1.7368e+03 5.7563e+03 5.7000e+03 1.3573e+20 1.3795e+19 1.3795e+19 1.4809e-01 0.0000e+00 2.9350e+04 0.0000e+00
3.7700e+03 1.1254e-11 8.2768e-01 1.7362e+03 5.7542e+03 5.7000e+03 1.3689e+20 1.3888e+19 1.3888e+19 1.4759e-01 0.0000e+00 2.9437e+04 0.0000e+00
3.7800e+03 1.1211e-11 8.2732e-01 1.7356e+03 5.7522e+03 5.7000e+03 1.3806e+20 1.3981e+19 1.3981e+19 1.4708e-01 0.0000e+00 2.9525e+04 0.0000e+00
3.7900e+03 1.1168e-11 8.2695e-01 1.7350e+03 5.7502e+03 5.7000e+03 1.3925e+20 1.4075e+19 1.4075e+19 1.4658e-01 0.0000e+00 2.9613e+04 0.0000e+00
3.8000e+03 1.1125e-11 8.2659e-01 1.7343e+03 5.7481e+03 5.7000e+03 1.4044e+20 1.4169e+19 1.4169e+19 1.4609e-01 0.0000e+00 2.9702e+04 0.0000e+00
3.8100e+03 1.1082e-11 8.2622e-01 1.7337e+03 5.7461e+03 5.7000e+03 1.4164e+20 1.4264e+19 1.4264e+19 1.4559e-01 0.0000e+00 2.9791e+04 0.0000e+00
3.8200e+03 1.1040e-11 8.2586e-01 1.7331e+03 5.7441e+03 5.7000e+03 1.4285e+20 1.4359e+19 1.4359e+19 1.4509e-01 0.0000e+00 2.9879e+04 0.0000e+00
3.8300e+03 1.0997e-11 8.2549e-01 1.7325e+03 5.7420e+03 5.7000e+03 1.4407e+20 1.4455e+19 1.4455e+19 1.4460e-01 0.0000e+00 2.9969e+04 0.0000e+00
3.8400e+03 1.0955e-11 8.2513e-01 1.7319e+03 5.7400e+03 5.7000e+03 1.4531e+20 1.4552e+19 1.4552e+19 1.4411e-01 0.0000e+00 3.0058e+04 0.0000e+00
3.8500e+03 1.0913e-11 8.2476e-01 1.7313e+03 5.7380e+03 5.7000e+03 1.4655e+20 1.4649e+19 1.4649e+19 1.4362e-01 0.0000e+00 3.0148e+04 0.0000e+00
3.8600e+03 1.0871e-11 8.2439e-01 1.7307e+03 5.7360e+03 5.7000e+03 1.4780e+20 1.4747e+19 1.4747e+19 1.4313e-01 0.0000e+00 3.0238e+04 0.0000e+00
3.8700e+03 1.0829e-11 8.2402e-01 1.7301e+03 5.7340e+03 5.7000e+03 1.4907e+20 1.4845e+19 1.4845e+19 1.4265e-01 0.0000e+00 3.0328e+04 0.0000e+00
3.8800e+03 1.0788e-11 8.2366e-01 1.7295e+03 5.7319e+03 5.7000e+03 1.5034e+20 1.4944e+19 1.4944e+19 1.4216e-01 0.0000e+00 3.0419e+04 0.0000e+00
3.8900e+03 1.0746e-11 8.2329e-01 1.7288e+03 5.7299e+03 5.7000e+03 1.5163e+20 1.5044e+19 1.5044e+19 1.4168e-01 0.0000e+00 3.0509e+04 0.0000e+00
3.9000e+03 1.0705e-11 8.2292e-01 1.7282e+03 5.7279e+03 5.7000e+03 1.5292e+20 1.5144e+19 1.5144e+19 1.4120e-01 0.0000e+00 3.0600e+04 0.0000e+00
3.9100e+03 1.0664e-11 8.2255e-01 1.7276e+03 5.7259e+03 5.7000e+03 1.5423e+20 1.5245e+19 1.5245e+19 1.4072e-01 0.0000e+00 3.0692e+04 0.0000e+00
3.9200e+03 1.0623e-11 8.2218e-01 1.7270e+03 5.7239e+03 5.7000e+03 1.5555e+20 1.5346e+19 1.5346e+19 1.4024e-01 0.0000e+00 3.0783e+04 0.0000e+00
3.9300e+03 1.0582e-11 8.2181e-01 1.7264e+03 5.7219e+03 5.7000e+03 1.5688e+20 1.5448e+19 1.5448e+19 1.3977e-01 0.0000e+00 3.0875e+04 0.0000e+00
3.9400e+03 1.0542e-11 8.2144e-01 1.7258e+03 5.7199e+03 5.7000e+03 1.5822e+20 1.5551e+19 1.5551e+19 1.3929e-01 0.0000e+00 3.0967e+04 0.0000e+00
3.9500e+03 1.0501e-11 8.2107e-01 1.7252e+03 5.7179e+03 5.7000e+03 1.5957e+20 1.5654e+19 1.5654e+19 1.3882e-01 0.0000e+00 3.1059e+04 0.0000e+00
3.9600e+03 1.0461e-11 8.2070e-01 1.7246e+03 5.7159e+03 5.7000e+03 1.6094e+20 1.5758e+19 1.5758e+19 1.3835e-01 0.0000e+00 3.1152e+04 0.0000e+00
3.9700e+03 1.0421e-11 8.2033e-01 1.7240e+03 5.7139e+03 5.7000e+03 1.6231e+20 1.5862e+19 1.5862e+19 1.3788e-01 0.0000e+00 3.1245e+04 0.0000e+00
3.9800e+03 1.0381e-11 8.1995e-01 1.7234e+03 5.7119e+03 5.7000e+03 1.6370e+20 1.5967e+19 1.5967e+19 1.3741e-01 0.0000e+00 3.1338e+04 0.0000e+00
3.9900e+03 1.0341e-11 8.1958e-01 1.7228e+03 5.7100e+03 5.7000e+03 1.6510e+20 1.6073e+19 1.6073e+19 1.3695e-01 0.0000e+00 3.1431e+04 0.0000e+00
4.0000e+03 1.0301e-11 8.1921e-01 1.7222e+03 5.7080e+03 5.7000e+03 1.6651e+20 1.6179e+19 1.6179e+19 1.3648e-01 0.0000e+00 3.1525e+04 0.0000e+00
4.0100e+03 1.0261e-11 8.1883e-01 1.7216e+03 5.7060e+03 5.7000e+03 1.6793e+20 1.6286e+19 1.6286e+19 1.3602e-01 0.0000e+00 3.1619e+04 0.0000e+00
4.0200e+03 1.0222e-11 8.1846e-01 1.7210e+03 5.7040e+03 5.7000e+03 1.6937e+20 1.6394e+19 1.6394e+19 1.3556e-01 0.0000e+00 3.1713e+04 0.0000e+00
4.0300e+03 1.0183e-11 8.1808e-01 1.7204e+03 5.7020e+03 5.7000e+03 1.7081e+20 1.6502e+19 1.6502e+19 1.3510e-01 0.0000e+00 3.1807e+04 0.0000e+00
4.0400e+03 1.0144e-11 8.1771e-01 1.7198e+03 5.7001e+03 5.7000e+03 1.7227e+20 1.6611e+19 1.6611e+19 1.3465e-01 0.0000e+00 3.1902e+04 0.0000e+00
4.0500e+03 1.0105e-11 8.1733e-01 1.7192e+03 5.6981e+03 5.7000e+03 1.7374e+20 1.6720e+19 1.6720e+19 1.3419e-01 0.0000e+00 3.1997e+04 0.0000e+00
4.0600e+03 1.0066e-11 8.1696e-01 1.7186e+03 5.6961e+03 5.7000e+03 1.7523e+20 1.6831e+19 1.6831e+19 1.3374e-01 0.0000e+00 3.2092e+04 0.0000e+00
4.0700e+03 1.0027e-11 8.1658e-01 1.7181e+03 5.6942e+03 5.7000e+03 1.7672e+20 1.6942e+19 1.6942e+19 1.3329e-01 0.0000e+00 3.2188e+04 0.0000e+00
4.0800e+03 9.9888e-12 8.1620e-01 1.7175e+03 5.6922e+03 5.7000e+03 1.7823e+20 1.7053e+19 1.7053e+19 1.3283e-01 0.0000e+00 3.2284e+04 0.0000e+00
4.0900e+03 9.9504e-12 8.1583e-01 1.7169e+03 5.6902e+03 5.7000e+03 1.7975e+20 1.7165e+19 1.7165e+19 1.3239e-01 0.0000e+00 3.2380e+04 0.0000e+00
4.1000e+03 9.9122e-12 8.1545e-01 1.7163e+03 5.6883e+03 5.7000e+03 1.8129e+20 1.7278e+19 1.7278e+19 1.3194e-01 0.0000e+00 3.2476e+04 0.0000e+00
4.1100e+03 9.8742e-12 8.1507e-01 1.7157e+03 5.6863e+03 5.7000e+03 1.8283e+20 1.7392e+19 1.7392e+19 1.3149e-01 0.0000e+00 3.2573e+04 0.0000e+00
4.1200e+03 9.8363e-12 8.1469e-01 1.7151e+03 5.6844e+03 5.7000e+03 1.8439e+20 1.7506e+19 1.7506e+19 1.3105e-01 0.0000e+00 3.2670e+04 0.0000e+00
4.1300e+03 9.7985e-12 8.1431e-01 1.7145e+03 5.6824e+03 5.7000e+03 1.8597e+20 1.7621e+19 1.7621e+19 1.3061e-01 0.0000e+00 3.2767e+04 0.0000e+00
4.1400e+03 9.7609e-12 8.1393e-01 1.7139e+03 5.6805e+03 5.7000e+03 1.8755e+20 1.7736e+19 1.7736e+19 1.3017e-01 0.0000e+00 3.2864e+04 0.0000e+00
4.1500e+03 9.7234e-12 8.1355e-01 1.7133e+03 5.6785e+03 5.7000e+03 1.8915e+20 1.7852e+19 1.7852e+19 1.2973e-01 0.0000e+00 3.2962e+04 0.0000e+00
4.1600e+03 9.6860e-12 8.1317e-01 1.7128e+03 5.6766e+03 5.7000e+03 1.9077e+20 1.7969e+19 1.7969e+19 1.2929e-01 0.0000e+00 3.3060e+04 0.0000e+00
4.1700e+03 9.6488e-12 8.1279e-01 1.7122e+03 5.6747e+03 5.7000e+03 1.9240e+20 1.8087e+19 1.8087e+19 1.2885e-01 0.0000e+00 3.3158e+04 0.0000e+00
4.1800e+03 9.6118e-12 8.1241e-01 1.7116e+03 5.6727e+03 5.7000e+03 1.9404e+20 1.8205e+19 1.8205e+19 1.2842e-01 0.0000e+00 3.3257e+04 0.0000e+00
4.1900e+03 9.5749e-12 8.1203e-01 1.7110e+03 5.6708e+03 5.7000e+03 1.9569e+20 1.8324e+19 1.8324e+19 1.2799e-01 0.0000e+00 3.3356e+04 0.0000e+00
4.2000e+03 9.5381e-12 8.1165e-01 1.7104e+03 5.6689e+03 5.7000e+03 1.9736e+20 1.8444e+19 1.8444e+19 1.2755e-01 0.0000e+00 3.3455e+04 0.0000e+00
4.2100e+03 9.5015e-12 8.1126e-01 1.7098e+03 5.6669e+03 5.7000e+03 1.9904e+20 1.8564e+19 1.8564e+19 1.2712e-01 0.0000e+00 3.3554e+04 0.0000e+00
4.2200e+03 9.4650e-12 8.1088e-01 1.7093e+03 5.6650e+03 5.7000e+03 2.0074e+20 1.8685e+19 1.8685e+19 1.2670e-01 0.0000e+00 3.3654e+04 0.0000e+00
4.2300e+03 9.4287e-12 8.1050e-01 1.7087e+03 5.6631e+03 5.7000e+03 2.0245e+20 1.8807e+19 1.8807e+19 1.2627e-01 0.0000e+00 3.3754e+04 0.0000e+00
4.2400e+03 9.3925e-12 8.1011e-01 1.7081e+03 5.6612e+03 5.7000e+03 2.0418e+20 1.8930e+19 1.8930e+19 1.2584e-01 0.0000e+00 3.3854e+04 0.0000e+00
4.2500e+03 9.3564e-12 8.0973e-01 1.7075e+03 5.6593e+03 5.7000e+03 2.0592e+20 1.9053e+19 1.9053e+19 1.2542e-01 0.0000e+00 3.3955e+04 0.0000e+00
4.2600e+03 9.3205e-12 8.0934e-01 1.7069e+03 5.6573e+03 5.7000e+03 2.0767e+20 1.9177e+19 1.9177e+19 1.2500e-01 0.0000e+00 3.4055e+04 0.0000e+00
4.2700e+03 9.2847e-12 8.0896e-01 1.7064e+03 5.6554e+03 5.7000e+03 2.0944e+20 1.9301e+19 1.9301e+19 1.2458e-01 0.0000e+00 3.4156e+04 0.0000e+00
4.2800e+03 9.2490e-12 8.0857e-01 1.7058e+03 5.6535e+03 5.7000e+03 2.1123e+20 1.9427e+19 1.9427e+19 1.2416e-01 0.0000e+00 3.4258e+04 0.0000e+00
4.2900e+03 9.2135e-12 8.0819e-01 1.7052e+03 5.6516e+03 5.7000e+03 2.1303e+20 1.9553e+19 1.9553e+19 1.2374e-01 0.0000e+00 3.4360e+04 0.0000e+00
4.3000e+03 9.1781e-12 8.0780e-01 1.7046e+03 5.6497e+03 5.7000e+03 2.1485e+20 1.9680e+19 1.9680e+19 1.2332e-01 0.0000e+00 3.4462e+04 0.0000e+00
4.3100e+03 9.1429e-12 8.0742e-01 1.7041e+03 5.6478e+03 5.7000e+03 2.1668e+20 1.9807e+19 1.9807e+19 1.2291e-01 0.0000e+00 3.4564e+04 0.0000e+00
4.3200e+03 9.1078e-12 8.0703e-01 1.7035e+03 5.6459e+03 5.7000e+03 2.1852e+20 1.9936e+19 1.9936e+19 1.2250e-01 0.0000e+00 3.4666e+04 0.0000e+00
4.3300e+03 9.0728e-12 8.0664e-01 1.7029e+03 5.6440e+03 5.7000e+03 2.2038e+20 2.0065e+19 2.0065e+19 1.2208e-01 0.0000e+00 3.4769e+04 0.0000e+00
4.3400e+03 9.0380e-12 8.0625e-01 1.7023e+03 5.6421e+03 5.7000e+03 2.2226e+20 2.0194e+19 2.0194e+19 1.2167e-01 0.0000e+00 3.4872e+04 0.0000e+00
4.3500e+03 9.0032e-12 8.0586e-01 1.7018e+03 5.6402e+03 5.7000e+03 2.2415e+20 2.0325e+19 2.0325e+19 1.2126e-01 0.0000e+00 3.4976e+04 0.0000e+00
4.3600e+03 8.9687e-12 8.0547e-01 1.7012e+03 5.6383e+03 5.7000e+03 2.2606e+20 2.0456e+19 2.0456e+19 1.2086e-01 0.0000e+00 3.5080e+04 0.0000e+00
4.3700e+03 8.9342e-12 8.0509e-01 1.7006e+03 5.6364e+03 5.7000e+03 2.2799e+20 2.0588e+19 2.0588e+19 1.2045e-01 0.0000e+00 3.5184e+04 0.0000e+00
4.3800e+03 8.8999e-12 8.0470e-01 1.7001e+03 5.6346e+03 5.7000e+03 2.2993e+20 2.0721e+19 2.0721e+19 1.2005e-01 0.0000e+00 3.5288e+04 0.0000e+00
4.3900e+03 8.8658e-12 8.0431e-01 1.6995e+03 5.6327e+03 5.7000e+03 2.3189e+20 2.0855e+19 2.0855e+19 1.1964e-01 0.0000e+00 3.5393e+04 0.0000e+00
4.4000e+03 8.8317e-12 8.0392e-01 1.6989e+03 5.6308e+03 5.7000e+03 2.3386e+20 2.0989e+19 2.0989e+19 1.1924e-01 0.0000e+00 3.5497e+04 0.0000e+00
4.4100e+03 8.7978e-12 8.0352e-01 1.6984e+03 5.6289e+03 5.7000e+03 2.3585e+20 2.1124e+19 2.1124e+19 1.1884e-01 0.0000e+00 3.5603e+04 0.0000e+00
4.4200e+03 8.7640e-12 8.0313e-01 1.6978e+03 5.6271e+03 5.7000e+03 2.3786e+20 2.1260e+19 2.1260e+19 1.1844e-01 0.0000e+00 3.5708e+04 0.0000e+00
4.4300e+03 8.7304e-12 8.0274e-01 1.6972e+03 5.6252e+03 5.7000e+03 2.3989e+20 2.1397e+19 2.1397e+19 1.1805e-01 0.0000e+00 3.5814e+04 0.0000e+00
4.4400e+03 8.6968e-12 8.0235e-01 1.6967e+03 5.6233e+03 5.7000e+03 2.4193e+20 2.1534e+19 2.1534e+19 1.1765e-01 0.0000e+00 3.5920e+04 0.0000e+00
4.4500e+03 8.6634e-12 8.0196e-01 1.6961e+03 5.6214e+03 5.7000e+03 2.4399e+20 2.1672e+19 2.1672e+19 1.1726e-01 0.0000e+00 3.6027e+04 0.0000e+00
4.4600e+03 8.6302e-12 8.0156e-01 1.6956e+03 5.6196e+03 5.7000e+03 2.4606e+20 2.1812e+19 2.1812e+19 1.1686e-01 0.0000e+00 3.6133e+04 0.0000e+00
4.4700e+03 8.5970e-12 8.0117e-01 1.6950e+03 5.6177e+03 5.7000e+03 2.4816e+20 2.1951e+19 2.1951e+19 1.1647e-01 0.0000e+00 3.6240e+04 0.0000e+00
4.4800e+03 8.5640e-12 8.0078e-01 1.6944e+03 5.6159e+03 5.7000e+03 2.5027e+20 2.2092e+19 2.2092e+19 1.1608e-01 0.0000e+00 3.6348e+04 0.0000e+00
4.4900e+03 8.5311e-12 8.0038e-01 1.6939e+03 5.6140e+03 5.7000e+03 2.5240e+20 2.2233e+19 2.2233e+19 1.1569e-01 0.0000e+00 3.6455e+04 0.0000e+00
4.5000e+03 8.4984e-12 7.9999e-01 1.6933e+03 5.6122e+03 5.7000e+03 2.5455e+20 2.2376e+19 2.2376e+19 1.1531e-01 0.0000e+00 3.6563e+04 0.0000e+00
4.5100e+03 8.4657e-12 7.9959e-01 1.6928e+03 5.6103e+03 5.7000e+03 2.5671e+20 2.2519e+19 2.2519e+19 1.1492e-01 0.0000e+00 3.6671e+04 0.0000e+00
4.5200e+03 8.4332e-12 7.9920e-01 1.6922e+03 5.6085e+03 5.7000e+03 2.5890e+20 2.2662e+19 2.2662e+19 1.1453e-01 0.0000e+00 3.6780e+04 0.0000e+00
4.5300e+03 8.4008e-12 7.9880e-01 1.6916e+03 5.6066e+03 5.7000e+03 2.6110e+20 2.2807e+19 2.2807e+19 1.1415e-01 0.0000e+00 3.6889e+04 0.0000e+00
4.5400e+03 8.3686e-12 7.9841e-01 1.6911e+03 5.6048e+03 5.7000e+03 2.6332e+20 2.2953e+19 2.2953e+19 1.1377e-01 0.0000e+00 3.6998e+04 0.0000e+00
4.5500e+03 0.0000e+00 0.0000e+00 1.6905e+03 0.0000e+00 5.7000e+03 0.0000e+00 0.0000e+00 0.0000e+00 0.0000e+00 0.0000e+00 0.0000e+00 0.0000e+00
